<?xml version="1.0" encoding="UTF-8"?>
<testsuites tests="6" failures="0" errors="0" skipped="0">
  <testsuite timestamp="2025-05-15T05:40:49" time="1000.043" tests="6" failures="0" errors="0" skipped="0">
    <properties>
      <property name="specId" value="0" />
      <property name="suiteName" value="RU Inventory Mass State Change Multiple Items US151066" />
      <property name="capabilities" value="chrome.136_0_7103_49.windows" />
      <property name="file" value="file:///D:/a/1/s/test/specs/HTR/ru-inv-list-mass-state-change.spec.js" />
    </properties>
    <testcase classname="chrome.136_0_7103_49.windows.RU_Inventory_Mass_State_Change_Multiple_Items_US151066" name="Step 1 Should do a RU inventory mass state change on chosen yard 109 with the resources available one equipment multipart one tool pool" time="266.278">
      <system-out><![CDATA[
COMMAND: POST /session/92be47b897e917a2bfe5475508088598/execute/async - {"script":"<script> [1562 bytes]","args":[{"selector":{"controlType":"sap.m.GenericTile","properties":{"header":"RU Inventory List"}},"wdio_ui5_key":"sapm.GenericTile{\"header\":\"RU Inventory List\"}"}]}
RESULT: {"script":"<script> [1562 bytes]","args":[{"selector":{"controlType":"sap.m.GenericTile","properties":{"header":"RU Inventory List"}},"wdio_ui5_key":"sapm.GenericTile{\"header\":\"RU Inventory List\"}"}]}
RESULT: undefined
COMMAND: POST /session/92be47b897e917a2bfe5475508088598/element - {"using":"xpath","value":"//*[@id=\"__tile99\"]"}
RESULT: {"using":"xpath","value":"//*[@id=\"__tile99\"]"}
COMMAND: POST /session/92be47b897e917a2bfe5475508088598/element/f.F83476283EE3547CE86D07744718997E.d.1F568D0B7B1B1D9B15960F3CD3FC27F5.e.255/click - {}
RESULT: {}
COMMAND: GET /session/92be47b897e917a2bfe5475508088598/screenshot - {}
RESULT: {}
COMMAND: POST /session/92be47b897e917a2bfe5475508088598/elements - {"using":"xpath","value":"//span[text()='Error']"}
RESULT: {"using":"xpath","value":"//span[text()='Error']"}
COMMAND: POST /session/92be47b897e917a2bfe5475508088598/element - {"using":"xpath","value":"//button[contains(@id, \"massStateBtn\")]"}
RESULT: {"using":"xpath","value":"//button[contains(@id, \"massStateBtn\")]"}
COMMAND: POST /session/92be47b897e917a2bfe5475508088598/elements - {"using":"xpath","value":"//button[contains(@id, \"massStateBtn\")]"}
RESULT: {"using":"xpath","value":"//button[contains(@id, \"massStateBtn\")]"}
COMMAND: POST /session/92be47b897e917a2bfe5475508088598/elements - {"using":"xpath","value":"//button[contains(@id, \"massStateBtn\")]"}
RESULT: {"using":"xpath","value":"//button[contains(@id, \"massStateBtn\")]"}
COMMAND: POST /session/92be47b897e917a2bfe5475508088598/elements - {"using":"xpath","value":"//button[contains(@id, \"massStateBtn\")]"}
RESULT: {"using":"xpath","value":"//button[contains(@id, \"massStateBtn\")]"}
COMMAND: POST /session/92be47b897e917a2bfe5475508088598/elements - {"using":"xpath","value":"//button[contains(@id, \"massStateBtn\")]"}
RESULT: {"using":"xpath","value":"//button[contains(@id, \"massStateBtn\")]"}
COMMAND: POST /session/92be47b897e917a2bfe5475508088598/element - {"using":"xpath","value":"//button[contains(@id, \"massStateBtn\")]"}
RESULT: {"using":"xpath","value":"//button[contains(@id, \"massStateBtn\")]"}
COMMAND: POST /session/92be47b897e917a2bfe5475508088598/execute/sync - {"script":"<script> [8489 bytes]","args":[{"element-6066-11e4-a52e-4f735466cecf":"f.F83476283EE3547CE86D07744718997E.d.1F568D0B7B1B1D9B15960F3CD3FC27F5.e.291","ELEMENT":"f.F83476283EE3547CE86D07744718997E.d.1F568D0B7B1B1D9B15960F3CD3FC27F5.e.291"}]}
RESULT: {"script":"<script> [8489 bytes]","args":[{"element-6066-11e4-a52e-4f735466cecf":"f.F83476283EE3547CE86D07744718997E.d.1F568D0B7B1B1D9B15960F3CD3FC27F5.e.291","ELEMENT":"f.F83476283EE3547CE86D07744718997E.d.1F568D0B7B1B1D9B15960F3CD3FC27F5.e.291"}]}
COMMAND: GET /session/92be47b897e917a2bfe5475508088598/element/f.F83476283EE3547CE86D07744718997E.d.1F568D0B7B1B1D9B15960F3CD3FC27F5.e.291/enabled - {}
COMMAND: GET /session/92be47b897e917a2bfe5475508088598/screenshot - {}
RESULT: {}
COMMAND: POST /session/92be47b897e917a2bfe5475508088598/execute/sync - {"script":"<script> [8489 bytes]","args":[{"element-6066-11e4-a52e-4f735466cecf":"f.F83476283EE3547CE86D07744718997E.d.1F568D0B7B1B1D9B15960F3CD3FC27F5.e.291","ELEMENT":"f.F83476283EE3547CE86D07744718997E.d.1F568D0B7B1B1D9B15960F3CD3FC27F5.e.291"}]}
COMMAND: GET /session/92be47b897e917a2bfe5475508088598/screenshot - {}
RESULT: {}
RESULT: {"script":"<script> [8489 bytes]","args":[{"element-6066-11e4-a52e-4f735466cecf":"f.F83476283EE3547CE86D07744718997E.d.1F568D0B7B1B1D9B15960F3CD3FC27F5.e.291","ELEMENT":"f.F83476283EE3547CE86D07744718997E.d.1F568D0B7B1B1D9B15960F3CD3FC27F5.e.291"}]}
COMMAND: POST /session/92be47b897e917a2bfe5475508088598/execute/sync - {"script":"<script> [5351 bytes]","args":[{"element-6066-11e4-a52e-4f735466cecf":"f.F83476283EE3547CE86D07744718997E.d.1F568D0B7B1B1D9B15960F3CD3FC27F5.e.291","ELEMENT":"f.F83476283EE3547CE86D07744718997E.d.1F568D0B7B1B1D9B15960F3CD3FC27F5.e.291"}]}
COMMAND: GET /session/92be47b897e917a2bfe5475508088598/screenshot - {}
RESULT: {}
RESULT: {}
RESULT: {"script":"<script> [5351 bytes]","args":[{"element-6066-11e4-a52e-4f735466cecf":"f.F83476283EE3547CE86D07744718997E.d.1F568D0B7B1B1D9B15960F3CD3FC27F5.e.291","ELEMENT":"f.F83476283EE3547CE86D07744718997E.d.1F568D0B7B1B1D9B15960F3CD3FC27F5.e.291"}]}
COMMAND: POST /session/92be47b897e917a2bfe5475508088598/element/f.F83476283EE3547CE86D07744718997E.d.1F568D0B7B1B1D9B15960F3CD3FC27F5.e.291/click - {}
COMMAND: GET /session/92be47b897e917a2bfe5475508088598/screenshot - {}
RESULT: {}
COMMAND: GET /session/92be47b897e917a2bfe5475508088598/screenshot - {}
RESULT: {}
RESULT: {}
COMMAND: POST /session/92be47b897e917a2bfe5475508088598/execute/async - {"script":"<script> [1562 bytes]","args":[{"selector":{"id":"application-ruinventorylist-display-component---Master--ruLocationTypeComboBox-arrow"},"wdio_ui5_key":"applicationruinventorylist-display-component---Master--ruLocationTypeComboBox-arrow"}]}
RESULT: {"script":"<script> [1562 bytes]","args":[{"selector":{"id":"application-ruinventorylist-display-component---Master--ruLocationTypeComboBox-arrow"},"wdio_ui5_key":"applicationruinventorylist-display-component---Master--ruLocationTypeComboBox-arrow"}]}
RESULT: undefined
COMMAND: POST /session/92be47b897e917a2bfe5475508088598/element - {"using":"xpath","value":"//*[@id=\"application-ruinventorylist-display-component---Master--ruLocationTypeComboBox-arrow\"]"}
RESULT: {"using":"xpath","value":"//*[@id=\"application-ruinventorylist-display-component---Master--ruLocationTypeComboBox-arrow\"]"}
COMMAND: POST /session/92be47b897e917a2bfe5475508088598/element/f.F83476283EE3547CE86D07744718997E.d.1F568D0B7B1B1D9B15960F3CD3FC27F5.e.530/click - {}
RESULT: {}
COMMAND: GET /session/92be47b897e917a2bfe5475508088598/screenshot - {}
RESULT: {}
COMMAND: POST /session/92be47b897e917a2bfe5475508088598/element - {"using":"xpath","value":"//li[.//span[text()='Yard']]"}
RESULT: {"using":"xpath","value":"//li[.//span[text()='Yard']]"}
COMMAND: POST /session/92be47b897e917a2bfe5475508088598/element/f.F83476283EE3547CE86D07744718997E.d.1F568D0B7B1B1D9B15960F3CD3FC27F5.e.531/click - {}
RESULT: {}
COMMAND: GET /session/92be47b897e917a2bfe5475508088598/screenshot - {}
RESULT: {}
COMMAND: POST /session/92be47b897e917a2bfe5475508088598/execute/async - {"script":"<script> [1562 bytes]","args":[{"selector":{"id":"application-ruinventorylist-display-component---Master--smartFilterBar-filterItemControl_BASIC-YARD-vhi"},"wdio_ui5_key":"applicationruinventorylist-display-component---Master--smartFilterBar-filterItemControl_BASIC-YARD-vhi"}]}
RESULT: {"script":"<script> [1562 bytes]","args":[{"selector":{"id":"application-ruinventorylist-display-component---Master--smartFilterBar-filterItemControl_BASIC-YARD-vhi"},"wdio_ui5_key":"applicationruinventorylist-display-component---Master--smartFilterBar-filterItemControl_BASIC-YARD-vhi"}]}
RESULT: undefined
COMMAND: POST /session/92be47b897e917a2bfe5475508088598/element - {"using":"xpath","value":"//*[@id=\"application-ruinventorylist-display-component---Master--smartFilterBar-filterItemControl_BASIC-YARD-vhi\"]"}
RESULT: {"using":"xpath","value":"//*[@id=\"application-ruinventorylist-display-component---Master--smartFilterBar-filterItemControl_BASIC-YARD-vhi\"]"}
COMMAND: POST /session/92be47b897e917a2bfe5475508088598/element/f.F83476283EE3547CE86D07744718997E.d.1F568D0B7B1B1D9B15960F3CD3FC27F5.e.571/click - {}
RESULT: {}
COMMAND: GET /session/92be47b897e917a2bfe5475508088598/screenshot - {}
RESULT: {}
COMMAND: POST /session/92be47b897e917a2bfe5475508088598/execute/async - {"script":"<script> [1562 bytes]","args":[{"selector":{"id":"application-ruinventorylist-display-component---Master--smartFilterBar-filterItemControl_BASIC-YARD-valueHelpDialog-smartFilterBar-btnBasicSearch","searchOpenDialogs":true,"interaction":{"idSuffix":"I"}},"wdio_ui5_key":"applicationruinventorylist-display-component---Master--smartFilterBar-filterItemControl_BASIC-YARD-valueHelpDialog-smartFilterBar-btnBasicSearch"}]}
RESULT: {"script":"<script> [1562 bytes]","args":[{"selector":{"id":"application-ruinventorylist-display-component---Master--smartFilterBar-filterItemControl_BASIC-YARD-valueHelpDialog-smartFilterBar-btnBasicSearch","searchOpenDialogs":true,"interaction":{"idSuffix":"I"}},"wdio_ui5_key":"applicationruinventorylist-display-component---Master--smartFilterBar-filterItemControl_BASIC-YARD-valueHelpDialog-smartFilterBar-btnBasicSearch"}]}
RESULT: undefined
COMMAND: POST /session/92be47b897e917a2bfe5475508088598/execute/async - {"script":"<script> [776 bytes]","args":[{"enterText":"109","selector":{"id":"application-ruinventorylist-display-component---Master--smartFilterBar-filterItemControl_BASIC-YARD-valueHelpDialog-smartFilterBar-btnBasicSearch","searchOpenDialogs":true,"interaction":{"idSuffix":"I"}},"clearTextFirst":true,"interactionType":"ENTER_TEXT"}]}
RESULT: {"script":"<script> [776 bytes]","args":[{"enterText":"109","selector":{"id":"application-ruinventorylist-display-component---Master--smartFilterBar-filterItemControl_BASIC-YARD-valueHelpDialog-smartFilterBar-btnBasicSearch","searchOpenDialogs":true,"interaction":{"idSuffix":"I"}},"clearTextFirst":true,"interactionType":"ENTER_TEXT"}]}
COMMAND: POST /session/92be47b897e917a2bfe5475508088598/actions - {"actions":[{"id":"action1","type":"key","parameters":{},"actions":[{"type":"keyDown","value":"î€‡"},{"type":"pause","duration":10},{"type":"keyUp","value":"î€‡"}]}]}
RESULT: {"actions":[{"id":"action1","type":"key","parameters":{},"actions":[{"type":"keyDown","value":"î€‡"},{"type":"pause","duration":10},{"type":"keyUp","value":"î€‡"}]}]}
COMMAND: GET /session/92be47b897e917a2bfe5475508088598/screenshot - {}
RESULT: {}
COMMAND: POST /session/92be47b897e917a2bfe5475508088598/elements - {"using":"xpath","value":"//table[contains(@id, \"filterItemControl_BASIC-YARD-valueHelpDialog-table-table\")]/tbody/tr"}
RESULT: {"using":"xpath","value":"//table[contains(@id, \"filterItemControl_BASIC-YARD-valueHelpDialog-table-table\")]/tbody/tr"}
COMMAND: POST /session/92be47b897e917a2bfe5475508088598/element - {"using":"xpath","value":"//table[contains(@id, \"filterItemControl_BASIC-YARD-valueHelpDialog-table-table\")]/tbody/tr[1]/td[1]/div/span"}
RESULT: {"using":"xpath","value":"//table[contains(@id, \"filterItemControl_BASIC-YARD-valueHelpDialog-table-table\")]/tbody/tr[1]/td[1]/div/span"}
COMMAND: POST /session/92be47b897e917a2bfe5475508088598/elements - {"using":"xpath","value":"//table[contains(@id, \"filterItemControl_BASIC-YARD-valueHelpDialog-table-table\")]/tbody/tr[1]/td[1]/div/span"}
RESULT: {"using":"xpath","value":"//table[contains(@id, \"filterItemControl_BASIC-YARD-valueHelpDialog-table-table\")]/tbody/tr[1]/td[1]/div/span"}
COMMAND: POST /session/92be47b897e917a2bfe5475508088598/execute/sync - {"script":"<script> [56 bytes]","args":[{"element-6066-11e4-a52e-4f735466cecf":"f.F83476283EE3547CE86D07744718997E.d.1F568D0B7B1B1D9B15960F3CD3FC27F5.e.592","ELEMENT":"f.F83476283EE3547CE86D07744718997E.d.1F568D0B7B1B1D9B15960F3CD3FC27F5.e.592"}]}
RESULT: {"script":"<script> [56 bytes]","args":[{"element-6066-11e4-a52e-4f735466cecf":"f.F83476283EE3547CE86D07744718997E.d.1F568D0B7B1B1D9B15960F3CD3FC27F5.e.592","ELEMENT":"f.F83476283EE3547CE86D07744718997E.d.1F568D0B7B1B1D9B15960F3CD3FC27F5.e.592"}]}
COMMAND: POST /session/92be47b897e917a2bfe5475508088598/element - {"using":"xpath","value":"//div[contains(@id, \"filterItemControl_BASIC-YARD-valueHelpDialog-table-rowsel0\")]"}
COMMAND: GET /session/92be47b897e917a2bfe5475508088598/screenshot - {}
RESULT: {"using":"xpath","value":"//div[contains(@id, \"filterItemControl_BASIC-YARD-valueHelpDialog-table-rowsel0\")]"}
COMMAND: POST /session/92be47b897e917a2bfe5475508088598/element/f.F83476283EE3547CE86D07744718997E.d.1F568D0B7B1B1D9B15960F3CD3FC27F5.e.593/click - {}
RESULT: {}
RESULT: {}
COMMAND: GET /session/92be47b897e917a2bfe5475508088598/screenshot - {}
RESULT: {}
COMMAND: POST /session/92be47b897e917a2bfe5475508088598/element - {"using":"xpath","value":"//div[contains(@id, \"smartFilterBar-filterItemControl_BASIC-YARD-valueHelpDialog-smartFilterBar-btnBasicSearch-reset\")]"}
RESULT: {"using":"xpath","value":"//div[contains(@id, \"smartFilterBar-filterItemControl_BASIC-YARD-valueHelpDialog-smartFilterBar-btnBasicSearch-reset\")]"}
COMMAND: POST /session/92be47b897e917a2bfe5475508088598/element/f.F83476283EE3547CE86D07744718997E.d.1F568D0B7B1B1D9B15960F3CD3FC27F5.e.595/click - {}
RESULT: {}
RESULT: undefined
COMMAND: POST /session/92be47b897e917a2bfe5475508088598/execute/async - {"script":"<script> [776 bytes]","args":[{"enterText":"OPA5_BST01_YARD1","selector":{"id":"application-ruinventorylist-display-component---Master--smartFilterBar-filterItemControl_BASIC-YARD-valueHelpDialog-smartFilterBar-btnBasicSearch","searchOpenDialogs":true,"interaction":{"idSuffix":"I"}},"clearTextFirst":true,"interactionType":"ENTER_TEXT"}]}
COMMAND: GET /session/92be47b897e917a2bfe5475508088598/screenshot - {}
RESULT: {"script":"<script> [776 bytes]","args":[{"enterText":"OPA5_BST01_YARD1","selector":{"id":"application-ruinventorylist-display-component---Master--smartFilterBar-filterItemControl_BASIC-YARD-valueHelpDialog-smartFilterBar-btnBasicSearch","searchOpenDialogs":true,"interaction":{"idSuffix":"I"}},"clearTextFirst":true,"interactionType":"ENTER_TEXT"}]}
COMMAND: POST /session/92be47b897e917a2bfe5475508088598/actions - {"actions":[{"id":"action2","type":"key","parameters":{},"actions":[{"type":"keyDown","value":"î€‡"},{"type":"pause","duration":10},{"type":"keyUp","value":"î€‡"}]}]}
RESULT: {}
RESULT: {"actions":[{"id":"action2","type":"key","parameters":{},"actions":[{"type":"keyDown","value":"î€‡"},{"type":"pause","duration":10},{"type":"keyUp","value":"î€‡"}]}]}
COMMAND: GET /session/92be47b897e917a2bfe5475508088598/screenshot - {}
RESULT: {}
COMMAND: POST /session/92be47b897e917a2bfe5475508088598/elements - {"using":"xpath","value":"//table[contains(@id, \"filterItemControl_BASIC-YARD-valueHelpDialog-table-table\")]/tbody/tr"}
RESULT: {"using":"xpath","value":"//table[contains(@id, \"filterItemControl_BASIC-YARD-valueHelpDialog-table-table\")]/tbody/tr"}
COMMAND: POST /session/92be47b897e917a2bfe5475508088598/element - {"using":"xpath","value":"//table[contains(@id, \"filterItemControl_BASIC-YARD-valueHelpDialog-table-table\")]/tbody/tr[1]/td[1]/div/span"}
RESULT: {"using":"xpath","value":"//table[contains(@id, \"filterItemControl_BASIC-YARD-valueHelpDialog-table-table\")]/tbody/tr[1]/td[1]/div/span"}
COMMAND: POST /session/92be47b897e917a2bfe5475508088598/elements - {"using":"xpath","value":"//table[contains(@id, \"filterItemControl_BASIC-YARD-valueHelpDialog-table-table\")]/tbody/tr[1]/td[1]/div/span"}
RESULT: {"using":"xpath","value":"//table[contains(@id, \"filterItemControl_BASIC-YARD-valueHelpDialog-table-table\")]/tbody/tr[1]/td[1]/div/span"}
COMMAND: POST /session/92be47b897e917a2bfe5475508088598/execute/sync - {"script":"<script> [56 bytes]","args":[{"element-6066-11e4-a52e-4f735466cecf":"f.F83476283EE3547CE86D07744718997E.d.1F568D0B7B1B1D9B15960F3CD3FC27F5.e.592","ELEMENT":"f.F83476283EE3547CE86D07744718997E.d.1F568D0B7B1B1D9B15960F3CD3FC27F5.e.592"}]}
RESULT: {"script":"<script> [56 bytes]","args":[{"element-6066-11e4-a52e-4f735466cecf":"f.F83476283EE3547CE86D07744718997E.d.1F568D0B7B1B1D9B15960F3CD3FC27F5.e.592","ELEMENT":"f.F83476283EE3547CE86D07744718997E.d.1F568D0B7B1B1D9B15960F3CD3FC27F5.e.592"}]}
COMMAND: POST /session/92be47b897e917a2bfe5475508088598/element - {"using":"xpath","value":"//div[contains(@id, \"filterItemControl_BASIC-YARD-valueHelpDialog-table-rowsel0\")]"}
COMMAND: GET /session/92be47b897e917a2bfe5475508088598/screenshot - {}
RESULT: {"using":"xpath","value":"//div[contains(@id, \"filterItemControl_BASIC-YARD-valueHelpDialog-table-rowsel0\")]"}
COMMAND: POST /session/92be47b897e917a2bfe5475508088598/element/f.F83476283EE3547CE86D07744718997E.d.1F568D0B7B1B1D9B15960F3CD3FC27F5.e.593/click - {}
RESULT: {}
RESULT: {}
COMMAND: GET /session/92be47b897e917a2bfe5475508088598/screenshot - {}
RESULT: {}
COMMAND: POST /session/92be47b897e917a2bfe5475508088598/element - {"using":"xpath","value":"(//bdi[contains(text(), \"OK\")])[1]"}
RESULT: {"using":"xpath","value":"(//bdi[contains(text(), \"OK\")])[1]"}
COMMAND: POST /session/92be47b897e917a2bfe5475508088598/element/f.F83476283EE3547CE86D07744718997E.d.1F568D0B7B1B1D9B15960F3CD3FC27F5.e.596/click - {}
RESULT: {}
COMMAND: GET /session/92be47b897e917a2bfe5475508088598/screenshot - {}
RESULT: {}
COMMAND: POST /session/92be47b897e917a2bfe5475508088598/element - {"using":"xpath","value":"//span[@id=\"application-ruinventorylist-display-component---Master--smartTableRuInventoryList-header-inner\"]"}
RESULT: {"using":"xpath","value":"//span[@id=\"application-ruinventorylist-display-component---Master--smartTableRuInventoryList-header-inner\"]"}
COMMAND: POST /session/92be47b897e917a2bfe5475508088598/elements - {"using":"xpath","value":"//span[@id=\"application-ruinventorylist-display-component---Master--smartTableRuInventoryList-header-inner\"]"}
RESULT: {"using":"xpath","value":"//span[@id=\"application-ruinventorylist-display-component---Master--smartTableRuInventoryList-header-inner\"]"}
COMMAND: POST /session/92be47b897e917a2bfe5475508088598/execute/sync - {"script":"<script> [56 bytes]","args":[{"element-6066-11e4-a52e-4f735466cecf":"f.F83476283EE3547CE86D07744718997E.d.1F568D0B7B1B1D9B15960F3CD3FC27F5.e.724","ELEMENT":"f.F83476283EE3547CE86D07744718997E.d.1F568D0B7B1B1D9B15960F3CD3FC27F5.e.724"}]}
RESULT: {"script":"<script> [56 bytes]","args":[{"element-6066-11e4-a52e-4f735466cecf":"f.F83476283EE3547CE86D07744718997E.d.1F568D0B7B1B1D9B15960F3CD3FC27F5.e.724","ELEMENT":"f.F83476283EE3547CE86D07744718997E.d.1F568D0B7B1B1D9B15960F3CD3FC27F5.e.724"}]}
COMMAND: POST /session/92be47b897e917a2bfe5475508088598/execute/async - {"script":"<script> [1562 bytes]","args":[{"selector":{"id":"application-ruinventorylist-display-component---Master--smartFilterBar-btnBasicSearch","interaction":{"idSuffix":"I"}},"wdio_ui5_key":"applicationruinventorylist-display-component---Master--smartFilterBar-btnBasicSearch"}]}
COMMAND: GET /session/92be47b897e917a2bfe5475508088598/screenshot - {}
RESULT: {"script":"<script> [1562 bytes]","args":[{"selector":{"id":"application-ruinventorylist-display-component---Master--smartFilterBar-btnBasicSearch","interaction":{"idSuffix":"I"}},"wdio_ui5_key":"applicationruinventorylist-display-component---Master--smartFilterBar-btnBasicSearch"}]}
RESULT: undefined
COMMAND: POST /session/92be47b897e917a2bfe5475508088598/execute/async - {"script":"<script> [776 bytes]","args":[{"enterText":"600002","selector":{"id":"application-ruinventorylist-display-component---Master--smartFilterBar-btnBasicSearch","interaction":{"idSuffix":"I"}},"clearTextFirst":true,"interactionType":"ENTER_TEXT"}]}
RESULT: {}
RESULT: {"script":"<script> [776 bytes]","args":[{"enterText":"600002","selector":{"id":"application-ruinventorylist-display-component---Master--smartFilterBar-btnBasicSearch","interaction":{"idSuffix":"I"}},"clearTextFirst":true,"interactionType":"ENTER_TEXT"}]}
COMMAND: POST /session/92be47b897e917a2bfe5475508088598/actions - {"actions":[{"id":"action3","type":"key","parameters":{},"actions":[{"type":"keyDown","value":"î€‡"},{"type":"pause","duration":10},{"type":"keyUp","value":"î€‡"}]}]}
RESULT: {"actions":[{"id":"action3","type":"key","parameters":{},"actions":[{"type":"keyDown","value":"î€‡"},{"type":"pause","duration":10},{"type":"keyUp","value":"î€‡"}]}]}
COMMAND: GET /session/92be47b897e917a2bfe5475508088598/screenshot - {}
RESULT: {}
COMMAND: POST /session/92be47b897e917a2bfe5475508088598/element - {"using":"xpath","value":"//span[@id=\"application-ruinventorylist-display-component---Master--smartTableRuInventoryList-header-inner\"]"}
RESULT: {"using":"xpath","value":"//span[@id=\"application-ruinventorylist-display-component---Master--smartTableRuInventoryList-header-inner\"]"}
COMMAND: POST /session/92be47b897e917a2bfe5475508088598/elements - {"using":"xpath","value":"//span[@id=\"application-ruinventorylist-display-component---Master--smartTableRuInventoryList-header-inner\"]"}
RESULT: {"using":"xpath","value":"//span[@id=\"application-ruinventorylist-display-component---Master--smartTableRuInventoryList-header-inner\"]"}
COMMAND: POST /session/92be47b897e917a2bfe5475508088598/execute/sync - {"script":"<script> [56 bytes]","args":[{"element-6066-11e4-a52e-4f735466cecf":"f.F83476283EE3547CE86D07744718997E.d.1F568D0B7B1B1D9B15960F3CD3FC27F5.e.724","ELEMENT":"f.F83476283EE3547CE86D07744718997E.d.1F568D0B7B1B1D9B15960F3CD3FC27F5.e.724"}]}
RESULT: {"script":"<script> [56 bytes]","args":[{"element-6066-11e4-a52e-4f735466cecf":"f.F83476283EE3547CE86D07744718997E.d.1F568D0B7B1B1D9B15960F3CD3FC27F5.e.724","ELEMENT":"f.F83476283EE3547CE86D07744718997E.d.1F568D0B7B1B1D9B15960F3CD3FC27F5.e.724"}]}
COMMAND: POST /session/92be47b897e917a2bfe5475508088598/element - {"using":"xpath","value":"//table[contains(@id, \"application-ruinventorylist-display-component---Master--tableRuInventoryList-listUl\")]/tbody/tr[1]/td[2]/div/div"}
COMMAND: GET /session/92be47b897e917a2bfe5475508088598/screenshot - {}
RESULT: {"using":"xpath","value":"//table[contains(@id, \"application-ruinventorylist-display-component---Master--tableRuInventoryList-listUl\")]/tbody/tr[1]/td[2]/div/div"}
COMMAND: POST /session/92be47b897e917a2bfe5475508088598/element/f.F83476283EE3547CE86D07744718997E.d.1F568D0B7B1B1D9B15960F3CD3FC27F5.e.729/click - {}
RESULT: {}
RESULT: {}
COMMAND: GET /session/92be47b897e917a2bfe5475508088598/screenshot - {}
RESULT: {}
COMMAND: POST /session/92be47b897e917a2bfe5475508088598/element - {"using":"xpath","value":"//div[contains(@id, \"smartFilterBar-btnBasicSearch-reset\")]"}
RESULT: {"using":"xpath","value":"//div[contains(@id, \"smartFilterBar-btnBasicSearch-reset\")]"}
COMMAND: POST /session/92be47b897e917a2bfe5475508088598/element/f.F83476283EE3547CE86D07744718997E.d.1F568D0B7B1B1D9B15960F3CD3FC27F5.e.739/click - {}
RESULT: {}
COMMAND: GET /session/92be47b897e917a2bfe5475508088598/screenshot - {}
RESULT: {}
RESULT: undefined
COMMAND: POST /session/92be47b897e917a2bfe5475508088598/execute/async - {"script":"<script> [776 bytes]","args":[{"enterText":"401002","selector":{"id":"application-ruinventorylist-display-component---Master--smartFilterBar-btnBasicSearch","interaction":{"idSuffix":"I"}},"clearTextFirst":true,"interactionType":"ENTER_TEXT"}]}
RESULT: {"script":"<script> [776 bytes]","args":[{"enterText":"401002","selector":{"id":"application-ruinventorylist-display-component---Master--smartFilterBar-btnBasicSearch","interaction":{"idSuffix":"I"}},"clearTextFirst":true,"interactionType":"ENTER_TEXT"}]}
COMMAND: POST /session/92be47b897e917a2bfe5475508088598/actions - {"actions":[{"id":"action4","type":"key","parameters":{},"actions":[{"type":"keyDown","value":"î€‡"},{"type":"pause","duration":10},{"type":"keyUp","value":"î€‡"}]}]}
RESULT: {"actions":[{"id":"action4","type":"key","parameters":{},"actions":[{"type":"keyDown","value":"î€‡"},{"type":"pause","duration":10},{"type":"keyUp","value":"î€‡"}]}]}
COMMAND: GET /session/92be47b897e917a2bfe5475508088598/screenshot - {}
RESULT: {}
COMMAND: POST /session/92be47b897e917a2bfe5475508088598/element - {"using":"xpath","value":"//span[@id=\"application-ruinventorylist-display-component---Master--smartTableRuInventoryList-header-inner\"]"}
RESULT: {"using":"xpath","value":"//span[@id=\"application-ruinventorylist-display-component---Master--smartTableRuInventoryList-header-inner\"]"}
COMMAND: POST /session/92be47b897e917a2bfe5475508088598/elements - {"using":"xpath","value":"//span[@id=\"application-ruinventorylist-display-component---Master--smartTableRuInventoryList-header-inner\"]"}
RESULT: {"using":"xpath","value":"//span[@id=\"application-ruinventorylist-display-component---Master--smartTableRuInventoryList-header-inner\"]"}
COMMAND: POST /session/92be47b897e917a2bfe5475508088598/execute/sync - {"script":"<script> [56 bytes]","args":[{"element-6066-11e4-a52e-4f735466cecf":"f.F83476283EE3547CE86D07744718997E.d.1F568D0B7B1B1D9B15960F3CD3FC27F5.e.724","ELEMENT":"f.F83476283EE3547CE86D07744718997E.d.1F568D0B7B1B1D9B15960F3CD3FC27F5.e.724"}]}
RESULT: {"script":"<script> [56 bytes]","args":[{"element-6066-11e4-a52e-4f735466cecf":"f.F83476283EE3547CE86D07744718997E.d.1F568D0B7B1B1D9B15960F3CD3FC27F5.e.724","ELEMENT":"f.F83476283EE3547CE86D07744718997E.d.1F568D0B7B1B1D9B15960F3CD3FC27F5.e.724"}]}
COMMAND: POST /session/92be47b897e917a2bfe5475508088598/element - {"using":"xpath","value":"//table[contains(@id, \"application-ruinventorylist-display-component---Master--tableRuInventoryList-listUl\")]/tbody/tr[1]/td[2]/div/div"}
COMMAND: GET /session/92be47b897e917a2bfe5475508088598/screenshot - {}
RESULT: {"using":"xpath","value":"//table[contains(@id, \"application-ruinventorylist-display-component---Master--tableRuInventoryList-listUl\")]/tbody/tr[1]/td[2]/div/div"}
COMMAND: POST /session/92be47b897e917a2bfe5475508088598/element/f.F83476283EE3547CE86D07744718997E.d.1F568D0B7B1B1D9B15960F3CD3FC27F5.e.866/click - {}
RESULT: {}
RESULT: {}
COMMAND: GET /session/92be47b897e917a2bfe5475508088598/screenshot - {}
RESULT: {}
COMMAND: POST /session/92be47b897e917a2bfe5475508088598/element - {"using":"xpath","value":"//div[contains(@id, \"smartFilterBar-btnBasicSearch-reset\")]"}
RESULT: {"using":"xpath","value":"//div[contains(@id, \"smartFilterBar-btnBasicSearch-reset\")]"}
COMMAND: POST /session/92be47b897e917a2bfe5475508088598/element/f.F83476283EE3547CE86D07744718997E.d.1F568D0B7B1B1D9B15960F3CD3FC27F5.e.739/click - {}
RESULT: {}
COMMAND: GET /session/92be47b897e917a2bfe5475508088598/screenshot - {}
RESULT: {}
COMMAND: POST /session/92be47b897e917a2bfe5475508088598/element/f.F83476283EE3547CE86D07744718997E.d.1F568D0B7B1B1D9B15960F3CD3FC27F5.e.291/click - {}
RESULT: {}
COMMAND: GET /session/92be47b897e917a2bfe5475508088598/screenshot - {}
RESULT: {}
COMMAND: POST /session/92be47b897e917a2bfe5475508088598/execute/async - {"script":"<script> [1562 bytes]","args":[{"selector":{"controlType":"sap.m.Title","viewName":"etm.portal.ui.ruinventorylist.view.Master","viewId":"application-ruinventorylist-display-component---Master","properties":{"text":"Mass State Change"},"searchOpenDialogs":true},"wdio_ui5_key":"etmportal.ui.ruinventorylist.view.Mastersap.m.Title{\"text\":\"Mass State Change\"}"}]}
RESULT: {"script":"<script> [1562 bytes]","args":[{"selector":{"controlType":"sap.m.Title","viewName":"etm.portal.ui.ruinventorylist.view.Master","viewId":"application-ruinventorylist-display-component---Master","properties":{"text":"Mass State Change"},"searchOpenDialogs":true},"wdio_ui5_key":"etmportal.ui.ruinventorylist.view.Mastersap.m.Title{\"text\":\"Mass State Change\"}"}]}
RESULT: undefined
COMMAND: POST /session/92be47b897e917a2bfe5475508088598/execute/async - {"script":"<script> [6424 bytes]","args":[{"element-6066-11e4-a52e-4f735466cecf":"f.F83476283EE3547CE86D07744718997E.d.1F568D0B7B1B1D9B15960F3CD3FC27F5.e.1014"},"getText",[]]}
RESULT: {"script":"<script> [6424 bytes]","args":[{"element-6066-11e4-a52e-4f735466cecf":"f.F83476283EE3547CE86D07744718997E.d.1F568D0B7B1B1D9B15960F3CD3FC27F5.e.1014"},"getText",[]]}
COMMAND: POST /session/92be47b897e917a2bfe5475508088598/element - {"using":"xpath","value":"(//bdi[contains(text(), \"OK\")])[1]"}
RESULT: {"using":"xpath","value":"(//bdi[contains(text(), \"OK\")])[1]"}
COMMAND: POST /session/92be47b897e917a2bfe5475508088598/element/f.F83476283EE3547CE86D07744718997E.d.1F568D0B7B1B1D9B15960F3CD3FC27F5.e.1015/click - {}
RESULT: {}
COMMAND: GET /session/92be47b897e917a2bfe5475508088598/screenshot - {}
RESULT: {}
COMMAND: POST /session/92be47b897e917a2bfe5475508088598/element - {"using":"css selector","value":"div.sapMMessageBoxError"}
RESULT: {"using":"css selector","value":"div.sapMMessageBoxError"}
COMMAND: POST /session/92be47b897e917a2bfe5475508088598/elements - {"using":"css selector","value":"div.sapMMessageBoxError"}
RESULT: {"using":"css selector","value":"div.sapMMessageBoxError"}
COMMAND: POST /session/92be47b897e917a2bfe5475508088598/element - {"using":"xpath","value":"(//bdi[contains(text(), \"Close\")])[1]"}
RESULT: {"using":"xpath","value":"(//bdi[contains(text(), \"Close\")])[1]"}
COMMAND: POST /session/92be47b897e917a2bfe5475508088598/element/f.F83476283EE3547CE86D07744718997E.d.1F568D0B7B1B1D9B15960F3CD3FC27F5.e.1019/click - {}
RESULT: {}
COMMAND: GET /session/92be47b897e917a2bfe5475508088598/screenshot - {}
RESULT: {}
COMMAND: POST /session/92be47b897e917a2bfe5475508088598/execute/async - {"script":"<script> [1562 bytes]","args":[{"selector":{"id":"application-ruinventorylist-display-component---Master--ruStateTypes-arrow","searchOpenDialogs":true},"wdio_ui5_key":"applicationruinventorylist-display-component---Master--ruStateTypes-arrow"}]}
RESULT: {"script":"<script> [1562 bytes]","args":[{"selector":{"id":"application-ruinventorylist-display-component---Master--ruStateTypes-arrow","searchOpenDialogs":true},"wdio_ui5_key":"applicationruinventorylist-display-component---Master--ruStateTypes-arrow"}]}
RESULT: undefined
COMMAND: POST /session/92be47b897e917a2bfe5475508088598/element - {"using":"xpath","value":"//*[@id=\"application-ruinventorylist-display-component---Master--ruStateTypes-arrow\"]"}
RESULT: {"using":"xpath","value":"//*[@id=\"application-ruinventorylist-display-component---Master--ruStateTypes-arrow\"]"}
COMMAND: POST /session/92be47b897e917a2bfe5475508088598/element/f.F83476283EE3547CE86D07744718997E.d.1F568D0B7B1B1D9B15960F3CD3FC27F5.e.1021/click - {}
RESULT: {}
COMMAND: GET /session/92be47b897e917a2bfe5475508088598/screenshot - {}
RESULT: {}
COMMAND: POST /session/92be47b897e917a2bfe5475508088598/element - {"using":"xpath","value":"//li[.//span[text()=\"defect\"]]"}
RESULT: {"using":"xpath","value":"//li[.//span[text()=\"defect\"]]"}
COMMAND: POST /session/92be47b897e917a2bfe5475508088598/element/f.F83476283EE3547CE86D07744718997E.d.1F568D0B7B1B1D9B15960F3CD3FC27F5.e.1022/click - {}
RESULT: {}
COMMAND: GET /session/92be47b897e917a2bfe5475508088598/screenshot - {}
RESULT: {}
COMMAND: POST /session/92be47b897e917a2bfe5475508088598/element - {"using":"xpath","value":"(//span[@data-kt=\"trashMassStateChangeIcon\"])[1]"}
RESULT: {"using":"xpath","value":"(//span[@data-kt=\"trashMassStateChangeIcon\"])[1]"}
COMMAND: POST /session/92be47b897e917a2bfe5475508088598/element/f.F83476283EE3547CE86D07744718997E.d.1F568D0B7B1B1D9B15960F3CD3FC27F5.e.1023/click - {}
RESULT: {}
COMMAND: GET /session/92be47b897e917a2bfe5475508088598/screenshot - {}
RESULT: {}
COMMAND: POST /session/92be47b897e917a2bfe5475508088598/element - {"using":"xpath","value":"//table[contains(@id, \"massStateChangeTable-listUl\")]/tbody/tr[1]/td[11]/div/div/div/input"}
RESULT: {"using":"xpath","value":"//table[contains(@id, \"massStateChangeTable-listUl\")]/tbody/tr[1]/td[11]/div/div/div/input"}
COMMAND: GET /session/92be47b897e917a2bfe5475508088598/element/f.F83476283EE3547CE86D07744718997E.d.1F568D0B7B1B1D9B15960F3CD3FC27F5.e.1008/property/value - {}
RESULT: {}
COMMAND: POST /session/92be47b897e917a2bfe5475508088598/element - {"using":"xpath","value":"(//span[@data-kt=\"trashMassStateChangeIcon\"])[2]"}
COMMAND: GET /session/92be47b897e917a2bfe5475508088598/screenshot - {}
RESULT: {"using":"xpath","value":"(//span[@data-kt=\"trashMassStateChangeIcon\"])[2]"}
COMMAND: POST /session/92be47b897e917a2bfe5475508088598/element/f.F83476283EE3547CE86D07744718997E.d.1F568D0B7B1B1D9B15960F3CD3FC27F5.e.1025/click - {}
RESULT: {}
RESULT: {}
COMMAND: GET /session/92be47b897e917a2bfe5475508088598/screenshot - {}
RESULT: {}
COMMAND: POST /session/92be47b897e917a2bfe5475508088598/element - {"using":"xpath","value":"//table[contains(@id, \"massStateChangeTable-listUl\")]/tbody/tr[2]/td[11]/div/div/div/input"}
RESULT: {"using":"xpath","value":"//table[contains(@id, \"massStateChangeTable-listUl\")]/tbody/tr[2]/td[11]/div/div/div/input"}
COMMAND: GET /session/92be47b897e917a2bfe5475508088598/element/f.F83476283EE3547CE86D07744718997E.d.1F568D0B7B1B1D9B15960F3CD3FC27F5.e.1012/property/value - {}
RESULT: {}
COMMAND: POST /session/92be47b897e917a2bfe5475508088598/element - {"using":"xpath","value":"//table[contains(@id, \"massStateChangeTable-listUl\")]/tbody/tr[1]/td[10]/div/span/span[1]"}
COMMAND: GET /session/92be47b897e917a2bfe5475508088598/screenshot - {}
RESULT: {"using":"xpath","value":"//table[contains(@id, \"massStateChangeTable-listUl\")]/tbody/tr[1]/td[10]/div/span/span[1]"}
COMMAND: POST /session/92be47b897e917a2bfe5475508088598/execute/sync - {"script":"<script> [56 bytes]","args":[{"element-6066-11e4-a52e-4f735466cecf":"f.F83476283EE3547CE86D07744718997E.d.1F568D0B7B1B1D9B15960F3CD3FC27F5.e.1027","ELEMENT":"f.F83476283EE3547CE86D07744718997E.d.1F568D0B7B1B1D9B15960F3CD3FC27F5.e.1027"}]}
RESULT: {}
RESULT: {"script":"<script> [56 bytes]","args":[{"element-6066-11e4-a52e-4f735466cecf":"f.F83476283EE3547CE86D07744718997E.d.1F568D0B7B1B1D9B15960F3CD3FC27F5.e.1027","ELEMENT":"f.F83476283EE3547CE86D07744718997E.d.1F568D0B7B1B1D9B15960F3CD3FC27F5.e.1027"}]}
COMMAND: POST /session/92be47b897e917a2bfe5475508088598/element - {"using":"xpath","value":"//table[contains(@id, \"massStateChangeTable-listUl\")]/tbody/tr[1]/td[11]/div/div/div/div[2]/span"}
COMMAND: GET /session/92be47b897e917a2bfe5475508088598/screenshot - {}
RESULT: {"using":"xpath","value":"//table[contains(@id, \"massStateChangeTable-listUl\")]/tbody/tr[1]/td[11]/div/div/div/div[2]/span"}
COMMAND: POST /session/92be47b897e917a2bfe5475508088598/element/f.F83476283EE3547CE86D07744718997E.d.1F568D0B7B1B1D9B15960F3CD3FC27F5.e.1028/click - {}
RESULT: {}
RESULT: {}
COMMAND: GET /session/92be47b897e917a2bfe5475508088598/screenshot - {}
RESULT: {}
COMMAND: POST /session/92be47b897e917a2bfe5475508088598/element - {"using":"xpath","value":"//table[contains(@id, \"massStateChangeTable-listUl\")]/tbody/tr[1]/td[11]/div/div/div/div[2]/span"}
RESULT: {"using":"xpath","value":"//table[contains(@id, \"massStateChangeTable-listUl\")]/tbody/tr[1]/td[11]/div/div/div/div[2]/span"}
COMMAND: POST /session/92be47b897e917a2bfe5475508088598/element/f.F83476283EE3547CE86D07744718997E.d.1F568D0B7B1B1D9B15960F3CD3FC27F5.e.1028/click - {}
RESULT: {}
COMMAND: GET /session/92be47b897e917a2bfe5475508088598/screenshot - {}
RESULT: {}
COMMAND: POST /session/92be47b897e917a2bfe5475508088598/element - {"using":"xpath","value":"//table[contains(@id, \"massStateChangeTable-listUl\")]/tbody/tr[1]/td[11]/div/div/div/div[2]/span"}
RESULT: {"using":"xpath","value":"//table[contains(@id, \"massStateChangeTable-listUl\")]/tbody/tr[1]/td[11]/div/div/div/div[2]/span"}
COMMAND: POST /session/92be47b897e917a2bfe5475508088598/element/f.F83476283EE3547CE86D07744718997E.d.1F568D0B7B1B1D9B15960F3CD3FC27F5.e.1028/click - {}
RESULT: {}
COMMAND: GET /session/92be47b897e917a2bfe5475508088598/screenshot - {}
RESULT: {}
COMMAND: POST /session/92be47b897e917a2bfe5475508088598/element - {"using":"xpath","value":"//table[contains(@id, \"massStateChangeTable-listUl\")]/tbody/tr[1]/td[11]/div/div/div/div[2]/span"}
RESULT: {"using":"xpath","value":"//table[contains(@id, \"massStateChangeTable-listUl\")]/tbody/tr[1]/td[11]/div/div/div/div[2]/span"}
COMMAND: POST /session/92be47b897e917a2bfe5475508088598/element/f.F83476283EE3547CE86D07744718997E.d.1F568D0B7B1B1D9B15960F3CD3FC27F5.e.1028/click - {}
RESULT: {}
COMMAND: GET /session/92be47b897e917a2bfe5475508088598/screenshot - {}
RESULT: {}
COMMAND: POST /session/92be47b897e917a2bfe5475508088598/element - {"using":"xpath","value":"//table[contains(@id, \"massStateChangeTable-listUl\")]/tbody/tr[1]/td[11]/div/div/div/div[2]/span"}
RESULT: {"using":"xpath","value":"//table[contains(@id, \"massStateChangeTable-listUl\")]/tbody/tr[1]/td[11]/div/div/div/div[2]/span"}
COMMAND: POST /session/92be47b897e917a2bfe5475508088598/element/f.F83476283EE3547CE86D07744718997E.d.1F568D0B7B1B1D9B15960F3CD3FC27F5.e.1028/click - {}
RESULT: {}
COMMAND: GET /session/92be47b897e917a2bfe5475508088598/screenshot - {}
RESULT: {}
COMMAND: POST /session/92be47b897e917a2bfe5475508088598/element - {"using":"xpath","value":"//table[contains(@id, \"massStateChangeTable-listUl\")]/tbody/tr[1]/td[11]/div/div/div/div[2]/span"}
RESULT: {"using":"xpath","value":"//table[contains(@id, \"massStateChangeTable-listUl\")]/tbody/tr[1]/td[11]/div/div/div/div[2]/span"}
COMMAND: POST /session/92be47b897e917a2bfe5475508088598/element/f.F83476283EE3547CE86D07744718997E.d.1F568D0B7B1B1D9B15960F3CD3FC27F5.e.1028/click - {}
RESULT: {}
COMMAND: GET /session/92be47b897e917a2bfe5475508088598/screenshot - {}
RESULT: {}
COMMAND: POST /session/92be47b897e917a2bfe5475508088598/element - {"using":"xpath","value":"//table[contains(@id, \"massStateChangeTable-listUl\")]/tbody/tr[1]/td[11]/div/div/div/div[2]/span"}
RESULT: {"using":"xpath","value":"//table[contains(@id, \"massStateChangeTable-listUl\")]/tbody/tr[1]/td[11]/div/div/div/div[2]/span"}
COMMAND: POST /session/92be47b897e917a2bfe5475508088598/element/f.F83476283EE3547CE86D07744718997E.d.1F568D0B7B1B1D9B15960F3CD3FC27F5.e.1028/click - {}
RESULT: {}
COMMAND: GET /session/92be47b897e917a2bfe5475508088598/screenshot - {}
RESULT: {}
COMMAND: POST /session/92be47b897e917a2bfe5475508088598/element - {"using":"xpath","value":"//table[contains(@id, \"massStateChangeTable-listUl\")]/tbody/tr[1]/td[11]/div/div/div/div[2]/span"}
RESULT: {"using":"xpath","value":"//table[contains(@id, \"massStateChangeTable-listUl\")]/tbody/tr[1]/td[11]/div/div/div/div[2]/span"}
COMMAND: POST /session/92be47b897e917a2bfe5475508088598/element/f.F83476283EE3547CE86D07744718997E.d.1F568D0B7B1B1D9B15960F3CD3FC27F5.e.1028/click - {}
RESULT: {}
COMMAND: GET /session/92be47b897e917a2bfe5475508088598/screenshot - {}
RESULT: {}
COMMAND: POST /session/92be47b897e917a2bfe5475508088598/element - {"using":"xpath","value":"//table[contains(@id, \"massStateChangeTable-listUl\")]/tbody/tr[1]/td[11]/div/div/div/div[2]/span"}
RESULT: {"using":"xpath","value":"//table[contains(@id, \"massStateChangeTable-listUl\")]/tbody/tr[1]/td[11]/div/div/div/div[2]/span"}
COMMAND: POST /session/92be47b897e917a2bfe5475508088598/element/f.F83476283EE3547CE86D07744718997E.d.1F568D0B7B1B1D9B15960F3CD3FC27F5.e.1028/click - {}
RESULT: {}
COMMAND: GET /session/92be47b897e917a2bfe5475508088598/screenshot - {}
RESULT: {}
COMMAND: POST /session/92be47b897e917a2bfe5475508088598/element - {"using":"xpath","value":"//table[contains(@id, \"massStateChangeTable-listUl\")]/tbody/tr[1]/td[11]/div/div/div/div[2]/span"}
RESULT: {"using":"xpath","value":"//table[contains(@id, \"massStateChangeTable-listUl\")]/tbody/tr[1]/td[11]/div/div/div/div[2]/span"}
COMMAND: POST /session/92be47b897e917a2bfe5475508088598/element/f.F83476283EE3547CE86D07744718997E.d.1F568D0B7B1B1D9B15960F3CD3FC27F5.e.1028/click - {}
RESULT: {}
COMMAND: GET /session/92be47b897e917a2bfe5475508088598/screenshot - {}
RESULT: {}
COMMAND: POST /session/92be47b897e917a2bfe5475508088598/element - {"using":"xpath","value":"//table[contains(@id, \"massStateChangeTable-listUl\")]/tbody/tr[1]/td[11]/div/div/div/div[2]/span"}
RESULT: {"using":"xpath","value":"//table[contains(@id, \"massStateChangeTable-listUl\")]/tbody/tr[1]/td[11]/div/div/div/div[2]/span"}
COMMAND: POST /session/92be47b897e917a2bfe5475508088598/element/f.F83476283EE3547CE86D07744718997E.d.1F568D0B7B1B1D9B15960F3CD3FC27F5.e.1028/click - {}
RESULT: {}
COMMAND: GET /session/92be47b897e917a2bfe5475508088598/screenshot - {}
RESULT: {}
COMMAND: POST /session/92be47b897e917a2bfe5475508088598/element - {"using":"xpath","value":"//table[contains(@id, \"massStateChangeTable-listUl\")]/tbody/tr[1]/td[11]/div/div/div/div[2]/span"}
RESULT: {"using":"xpath","value":"//table[contains(@id, \"massStateChangeTable-listUl\")]/tbody/tr[1]/td[11]/div/div/div/div[2]/span"}
COMMAND: POST /session/92be47b897e917a2bfe5475508088598/element/f.F83476283EE3547CE86D07744718997E.d.1F568D0B7B1B1D9B15960F3CD3FC27F5.e.1028/click - {}
RESULT: {}
COMMAND: GET /session/92be47b897e917a2bfe5475508088598/screenshot - {}
RESULT: {}
COMMAND: POST /session/92be47b897e917a2bfe5475508088598/element - {"using":"xpath","value":"//table[contains(@id, \"massStateChangeTable-listUl\")]/tbody/tr[1]/td[11]/div/div/div/div[2]/span"}
RESULT: {"using":"xpath","value":"//table[contains(@id, \"massStateChangeTable-listUl\")]/tbody/tr[1]/td[11]/div/div/div/div[2]/span"}
COMMAND: POST /session/92be47b897e917a2bfe5475508088598/element/f.F83476283EE3547CE86D07744718997E.d.1F568D0B7B1B1D9B15960F3CD3FC27F5.e.1028/click - {}
RESULT: {}
COMMAND: GET /session/92be47b897e917a2bfe5475508088598/screenshot - {}
RESULT: {}
COMMAND: POST /session/92be47b897e917a2bfe5475508088598/element - {"using":"xpath","value":"//table[contains(@id, \"massStateChangeTable-listUl\")]/tbody/tr[1]/td[11]/div/div/div/div[2]/span"}
RESULT: {"using":"xpath","value":"//table[contains(@id, \"massStateChangeTable-listUl\")]/tbody/tr[1]/td[11]/div/div/div/div[2]/span"}
COMMAND: POST /session/92be47b897e917a2bfe5475508088598/element/f.F83476283EE3547CE86D07744718997E.d.1F568D0B7B1B1D9B15960F3CD3FC27F5.e.1028/click - {}
RESULT: {}
COMMAND: GET /session/92be47b897e917a2bfe5475508088598/screenshot - {}
RESULT: {}
COMMAND: POST /session/92be47b897e917a2bfe5475508088598/element - {"using":"xpath","value":"//table[contains(@id, \"massStateChangeTable-listUl\")]/tbody/tr[1]/td[11]/div/div/div/div[2]/span"}
RESULT: {"using":"xpath","value":"//table[contains(@id, \"massStateChangeTable-listUl\")]/tbody/tr[1]/td[11]/div/div/div/div[2]/span"}
COMMAND: POST /session/92be47b897e917a2bfe5475508088598/element/f.F83476283EE3547CE86D07744718997E.d.1F568D0B7B1B1D9B15960F3CD3FC27F5.e.1028/click - {}
RESULT: {}
COMMAND: GET /session/92be47b897e917a2bfe5475508088598/screenshot - {}
RESULT: {}
COMMAND: POST /session/92be47b897e917a2bfe5475508088598/element - {"using":"xpath","value":"//table[contains(@id, \"massStateChangeTable-listUl\")]/tbody/tr[1]/td[11]/div/div/div/div[2]/span"}
RESULT: {"using":"xpath","value":"//table[contains(@id, \"massStateChangeTable-listUl\")]/tbody/tr[1]/td[11]/div/div/div/div[2]/span"}
COMMAND: POST /session/92be47b897e917a2bfe5475508088598/element/f.F83476283EE3547CE86D07744718997E.d.1F568D0B7B1B1D9B15960F3CD3FC27F5.e.1028/click - {}
RESULT: {}
COMMAND: GET /session/92be47b897e917a2bfe5475508088598/screenshot - {}
RESULT: {}
COMMAND: POST /session/92be47b897e917a2bfe5475508088598/element - {"using":"xpath","value":"//table[contains(@id, \"massStateChangeTable-listUl\")]/tbody/tr[1]/td[11]/div/div/div/div[2]/span"}
RESULT: {"using":"xpath","value":"//table[contains(@id, \"massStateChangeTable-listUl\")]/tbody/tr[1]/td[11]/div/div/div/div[2]/span"}
COMMAND: POST /session/92be47b897e917a2bfe5475508088598/element/f.F83476283EE3547CE86D07744718997E.d.1F568D0B7B1B1D9B15960F3CD3FC27F5.e.1028/click - {}
RESULT: {}
COMMAND: GET /session/92be47b897e917a2bfe5475508088598/screenshot - {}
RESULT: {}
COMMAND: POST /session/92be47b897e917a2bfe5475508088598/element - {"using":"xpath","value":"//table[contains(@id, \"massStateChangeTable-listUl\")]/tbody/tr[1]/td[11]/div/div/div/div[2]/span"}
RESULT: {"using":"xpath","value":"//table[contains(@id, \"massStateChangeTable-listUl\")]/tbody/tr[1]/td[11]/div/div/div/div[2]/span"}
COMMAND: POST /session/92be47b897e917a2bfe5475508088598/element/f.F83476283EE3547CE86D07744718997E.d.1F568D0B7B1B1D9B15960F3CD3FC27F5.e.1028/click - {}
RESULT: {}
COMMAND: GET /session/92be47b897e917a2bfe5475508088598/screenshot - {}
RESULT: {}
COMMAND: POST /session/92be47b897e917a2bfe5475508088598/element - {"using":"xpath","value":"//table[contains(@id, \"massStateChangeTable-listUl\")]/tbody/tr[1]/td[11]/div/div/div/div[2]/span"}
RESULT: {"using":"xpath","value":"//table[contains(@id, \"massStateChangeTable-listUl\")]/tbody/tr[1]/td[11]/div/div/div/div[2]/span"}
COMMAND: POST /session/92be47b897e917a2bfe5475508088598/element/f.F83476283EE3547CE86D07744718997E.d.1F568D0B7B1B1D9B15960F3CD3FC27F5.e.1028/click - {}
RESULT: {}
COMMAND: GET /session/92be47b897e917a2bfe5475508088598/screenshot - {}
RESULT: {}
COMMAND: POST /session/92be47b897e917a2bfe5475508088598/element - {"using":"xpath","value":"//table[contains(@id, \"massStateChangeTable-listUl\")]/tbody/tr[1]/td[11]/div/div/div/div[2]/span"}
RESULT: {"using":"xpath","value":"//table[contains(@id, \"massStateChangeTable-listUl\")]/tbody/tr[1]/td[11]/div/div/div/div[2]/span"}
COMMAND: POST /session/92be47b897e917a2bfe5475508088598/element/f.F83476283EE3547CE86D07744718997E.d.1F568D0B7B1B1D9B15960F3CD3FC27F5.e.1028/click - {}
RESULT: {}
COMMAND: GET /session/92be47b897e917a2bfe5475508088598/screenshot - {}
RESULT: {}
COMMAND: POST /session/92be47b897e917a2bfe5475508088598/element - {"using":"xpath","value":"//table[contains(@id, \"massStateChangeTable-listUl\")]/tbody/tr[1]/td[11]/div/div/div/div[2]/span"}
RESULT: {"using":"xpath","value":"//table[contains(@id, \"massStateChangeTable-listUl\")]/tbody/tr[1]/td[11]/div/div/div/div[2]/span"}
COMMAND: POST /session/92be47b897e917a2bfe5475508088598/element/f.F83476283EE3547CE86D07744718997E.d.1F568D0B7B1B1D9B15960F3CD3FC27F5.e.1028/click - {}
RESULT: {}
COMMAND: GET /session/92be47b897e917a2bfe5475508088598/screenshot - {}
RESULT: {}
COMMAND: POST /session/92be47b897e917a2bfe5475508088598/element - {"using":"xpath","value":"//table[contains(@id, \"massStateChangeTable-listUl\")]/tbody/tr[1]/td[11]/div/div/div/div[2]/span"}
RESULT: {"using":"xpath","value":"//table[contains(@id, \"massStateChangeTable-listUl\")]/tbody/tr[1]/td[11]/div/div/div/div[2]/span"}
COMMAND: POST /session/92be47b897e917a2bfe5475508088598/element/f.F83476283EE3547CE86D07744718997E.d.1F568D0B7B1B1D9B15960F3CD3FC27F5.e.1028/click - {}
RESULT: {}
COMMAND: GET /session/92be47b897e917a2bfe5475508088598/screenshot - {}
RESULT: {}
COMMAND: POST /session/92be47b897e917a2bfe5475508088598/element - {"using":"xpath","value":"//table[contains(@id, \"massStateChangeTable-listUl\")]/tbody/tr[1]/td[11]/div/div/div/div[2]/span"}
RESULT: {"using":"xpath","value":"//table[contains(@id, \"massStateChangeTable-listUl\")]/tbody/tr[1]/td[11]/div/div/div/div[2]/span"}
COMMAND: POST /session/92be47b897e917a2bfe5475508088598/element/f.F83476283EE3547CE86D07744718997E.d.1F568D0B7B1B1D9B15960F3CD3FC27F5.e.1028/click - {}
RESULT: {}
COMMAND: GET /session/92be47b897e917a2bfe5475508088598/screenshot - {}
RESULT: {}
COMMAND: POST /session/92be47b897e917a2bfe5475508088598/element - {"using":"xpath","value":"//table[contains(@id, \"massStateChangeTable-listUl\")]/tbody/tr[1]/td[11]/div/div/div/div[2]/span"}
RESULT: {"using":"xpath","value":"//table[contains(@id, \"massStateChangeTable-listUl\")]/tbody/tr[1]/td[11]/div/div/div/div[2]/span"}
COMMAND: POST /session/92be47b897e917a2bfe5475508088598/element/f.F83476283EE3547CE86D07744718997E.d.1F568D0B7B1B1D9B15960F3CD3FC27F5.e.1028/click - {}
RESULT: {}
COMMAND: GET /session/92be47b897e917a2bfe5475508088598/screenshot - {}
RESULT: {}
COMMAND: POST /session/92be47b897e917a2bfe5475508088598/element - {"using":"xpath","value":"//table[contains(@id, \"massStateChangeTable-listUl\")]/tbody/tr[1]/td[11]/div/div/div/div[2]/span"}
RESULT: {"using":"xpath","value":"//table[contains(@id, \"massStateChangeTable-listUl\")]/tbody/tr[1]/td[11]/div/div/div/div[2]/span"}
COMMAND: POST /session/92be47b897e917a2bfe5475508088598/element/f.F83476283EE3547CE86D07744718997E.d.1F568D0B7B1B1D9B15960F3CD3FC27F5.e.1028/click - {}
RESULT: {}
COMMAND: GET /session/92be47b897e917a2bfe5475508088598/screenshot - {}
RESULT: {}
COMMAND: POST /session/92be47b897e917a2bfe5475508088598/element - {"using":"xpath","value":"//table[contains(@id, \"massStateChangeTable-listUl\")]/tbody/tr[1]/td[11]/div/div/div/div[2]/span"}
RESULT: {"using":"xpath","value":"//table[contains(@id, \"massStateChangeTable-listUl\")]/tbody/tr[1]/td[11]/div/div/div/div[2]/span"}
COMMAND: POST /session/92be47b897e917a2bfe5475508088598/element/f.F83476283EE3547CE86D07744718997E.d.1F568D0B7B1B1D9B15960F3CD3FC27F5.e.1028/click - {}
RESULT: {}
COMMAND: GET /session/92be47b897e917a2bfe5475508088598/screenshot - {}
RESULT: {}
COMMAND: POST /session/92be47b897e917a2bfe5475508088598/element - {"using":"xpath","value":"//table[contains(@id, \"massStateChangeTable-listUl\")]/tbody/tr[1]/td[11]/div/div/div/div[2]/span"}
RESULT: {"using":"xpath","value":"//table[contains(@id, \"massStateChangeTable-listUl\")]/tbody/tr[1]/td[11]/div/div/div/div[2]/span"}
COMMAND: POST /session/92be47b897e917a2bfe5475508088598/element/f.F83476283EE3547CE86D07744718997E.d.1F568D0B7B1B1D9B15960F3CD3FC27F5.e.1028/click - {}
RESULT: {}
COMMAND: GET /session/92be47b897e917a2bfe5475508088598/screenshot - {}
RESULT: {}
COMMAND: POST /session/92be47b897e917a2bfe5475508088598/element - {"using":"xpath","value":"//table[contains(@id, \"massStateChangeTable-listUl\")]/tbody/tr[1]/td[11]/div/div/div/div[2]/span"}
RESULT: {"using":"xpath","value":"//table[contains(@id, \"massStateChangeTable-listUl\")]/tbody/tr[1]/td[11]/div/div/div/div[2]/span"}
COMMAND: POST /session/92be47b897e917a2bfe5475508088598/element/f.F83476283EE3547CE86D07744718997E.d.1F568D0B7B1B1D9B15960F3CD3FC27F5.e.1028/click - {}
RESULT: {}
COMMAND: GET /session/92be47b897e917a2bfe5475508088598/screenshot - {}
RESULT: {}
COMMAND: POST /session/92be47b897e917a2bfe5475508088598/element - {"using":"xpath","value":"//table[contains(@id, \"massStateChangeTable-listUl\")]/tbody/tr[1]/td[11]/div/div/div/div[2]/span"}
RESULT: {"using":"xpath","value":"//table[contains(@id, \"massStateChangeTable-listUl\")]/tbody/tr[1]/td[11]/div/div/div/div[2]/span"}
COMMAND: POST /session/92be47b897e917a2bfe5475508088598/element/f.F83476283EE3547CE86D07744718997E.d.1F568D0B7B1B1D9B15960F3CD3FC27F5.e.1028/click - {}
RESULT: {}
COMMAND: GET /session/92be47b897e917a2bfe5475508088598/screenshot - {}
RESULT: {}
COMMAND: POST /session/92be47b897e917a2bfe5475508088598/element - {"using":"xpath","value":"//table[contains(@id, \"massStateChangeTable-listUl\")]/tbody/tr[1]/td[11]/div/div/div/div[2]/span"}
RESULT: {"using":"xpath","value":"//table[contains(@id, \"massStateChangeTable-listUl\")]/tbody/tr[1]/td[11]/div/div/div/div[2]/span"}
COMMAND: POST /session/92be47b897e917a2bfe5475508088598/element/f.F83476283EE3547CE86D07744718997E.d.1F568D0B7B1B1D9B15960F3CD3FC27F5.e.1028/click - {}
RESULT: {}
COMMAND: GET /session/92be47b897e917a2bfe5475508088598/screenshot - {}
RESULT: {}
COMMAND: POST /session/92be47b897e917a2bfe5475508088598/element - {"using":"xpath","value":"//table[contains(@id, \"massStateChangeTable-listUl\")]/tbody/tr[1]/td[11]/div/div/div/div[2]/span"}
RESULT: {"using":"xpath","value":"//table[contains(@id, \"massStateChangeTable-listUl\")]/tbody/tr[1]/td[11]/div/div/div/div[2]/span"}
COMMAND: POST /session/92be47b897e917a2bfe5475508088598/element/f.F83476283EE3547CE86D07744718997E.d.1F568D0B7B1B1D9B15960F3CD3FC27F5.e.1028/click - {}
RESULT: {}
COMMAND: GET /session/92be47b897e917a2bfe5475508088598/screenshot - {}
RESULT: {}
COMMAND: POST /session/92be47b897e917a2bfe5475508088598/element - {"using":"xpath","value":"//table[contains(@id, \"massStateChangeTable-listUl\")]/tbody/tr[1]/td[11]/div/div/div/div[2]/span"}
RESULT: {"using":"xpath","value":"//table[contains(@id, \"massStateChangeTable-listUl\")]/tbody/tr[1]/td[11]/div/div/div/div[2]/span"}
COMMAND: POST /session/92be47b897e917a2bfe5475508088598/element/f.F83476283EE3547CE86D07744718997E.d.1F568D0B7B1B1D9B15960F3CD3FC27F5.e.1028/click - {}
RESULT: {}
COMMAND: GET /session/92be47b897e917a2bfe5475508088598/screenshot - {}
RESULT: {}
COMMAND: POST /session/92be47b897e917a2bfe5475508088598/element - {"using":"xpath","value":"//table[contains(@id, \"massStateChangeTable-listUl\")]/tbody/tr[1]/td[11]/div/div/div/div[2]/span"}
RESULT: {"using":"xpath","value":"//table[contains(@id, \"massStateChangeTable-listUl\")]/tbody/tr[1]/td[11]/div/div/div/div[2]/span"}
COMMAND: POST /session/92be47b897e917a2bfe5475508088598/element/f.F83476283EE3547CE86D07744718997E.d.1F568D0B7B1B1D9B15960F3CD3FC27F5.e.1028/click - {}
RESULT: {}
COMMAND: GET /session/92be47b897e917a2bfe5475508088598/screenshot - {}
RESULT: {}
COMMAND: POST /session/92be47b897e917a2bfe5475508088598/element - {"using":"xpath","value":"//table[contains(@id, \"massStateChangeTable-listUl\")]/tbody/tr[1]/td[11]/div/div/div/div[2]/span"}
RESULT: {"using":"xpath","value":"//table[contains(@id, \"massStateChangeTable-listUl\")]/tbody/tr[1]/td[11]/div/div/div/div[2]/span"}
COMMAND: POST /session/92be47b897e917a2bfe5475508088598/element/f.F83476283EE3547CE86D07744718997E.d.1F568D0B7B1B1D9B15960F3CD3FC27F5.e.1028/click - {}
RESULT: {}
COMMAND: GET /session/92be47b897e917a2bfe5475508088598/screenshot - {}
RESULT: {}
COMMAND: POST /session/92be47b897e917a2bfe5475508088598/element - {"using":"xpath","value":"//table[contains(@id, \"massStateChangeTable-listUl\")]/tbody/tr[1]/td[11]/div/div/div/div[2]/span"}
RESULT: {"using":"xpath","value":"//table[contains(@id, \"massStateChangeTable-listUl\")]/tbody/tr[1]/td[11]/div/div/div/div[2]/span"}
COMMAND: POST /session/92be47b897e917a2bfe5475508088598/element/f.F83476283EE3547CE86D07744718997E.d.1F568D0B7B1B1D9B15960F3CD3FC27F5.e.1028/click - {}
RESULT: {}
COMMAND: GET /session/92be47b897e917a2bfe5475508088598/screenshot - {}
RESULT: {}
COMMAND: POST /session/92be47b897e917a2bfe5475508088598/element - {"using":"xpath","value":"//table[contains(@id, \"massStateChangeTable-listUl\")]/tbody/tr[1]/td[11]/div/div/div/div[2]/span"}
RESULT: {"using":"xpath","value":"//table[contains(@id, \"massStateChangeTable-listUl\")]/tbody/tr[1]/td[11]/div/div/div/div[2]/span"}
COMMAND: POST /session/92be47b897e917a2bfe5475508088598/element/f.F83476283EE3547CE86D07744718997E.d.1F568D0B7B1B1D9B15960F3CD3FC27F5.e.1028/click - {}
RESULT: {}
COMMAND: GET /session/92be47b897e917a2bfe5475508088598/screenshot - {}
RESULT: {}
COMMAND: POST /session/92be47b897e917a2bfe5475508088598/element - {"using":"xpath","value":"//table[contains(@id, \"massStateChangeTable-listUl\")]/tbody/tr[1]/td[11]/div/div/div/div[2]/span"}
RESULT: {"using":"xpath","value":"//table[contains(@id, \"massStateChangeTable-listUl\")]/tbody/tr[1]/td[11]/div/div/div/div[2]/span"}
COMMAND: POST /session/92be47b897e917a2bfe5475508088598/element/f.F83476283EE3547CE86D07744718997E.d.1F568D0B7B1B1D9B15960F3CD3FC27F5.e.1028/click - {}
RESULT: {}
COMMAND: GET /session/92be47b897e917a2bfe5475508088598/screenshot - {}
RESULT: {}
COMMAND: POST /session/92be47b897e917a2bfe5475508088598/element - {"using":"xpath","value":"//table[contains(@id, \"massStateChangeTable-listUl\")]/tbody/tr[1]/td[11]/div/div/div/div[2]/span"}
RESULT: {"using":"xpath","value":"//table[contains(@id, \"massStateChangeTable-listUl\")]/tbody/tr[1]/td[11]/div/div/div/div[2]/span"}
COMMAND: POST /session/92be47b897e917a2bfe5475508088598/element/f.F83476283EE3547CE86D07744718997E.d.1F568D0B7B1B1D9B15960F3CD3FC27F5.e.1028/click - {}
RESULT: {}
COMMAND: GET /session/92be47b897e917a2bfe5475508088598/screenshot - {}
RESULT: {}
COMMAND: POST /session/92be47b897e917a2bfe5475508088598/element - {"using":"xpath","value":"//table[contains(@id, \"massStateChangeTable-listUl\")]/tbody/tr[1]/td[11]/div/div/div/div[2]/span"}
RESULT: {"using":"xpath","value":"//table[contains(@id, \"massStateChangeTable-listUl\")]/tbody/tr[1]/td[11]/div/div/div/div[2]/span"}
COMMAND: POST /session/92be47b897e917a2bfe5475508088598/element/f.F83476283EE3547CE86D07744718997E.d.1F568D0B7B1B1D9B15960F3CD3FC27F5.e.1028/click - {}
RESULT: {}
COMMAND: GET /session/92be47b897e917a2bfe5475508088598/screenshot - {}
RESULT: {}
COMMAND: POST /session/92be47b897e917a2bfe5475508088598/element - {"using":"xpath","value":"//table[contains(@id, \"massStateChangeTable-listUl\")]/tbody/tr[1]/td[11]/div/div/div/div[2]/span"}
RESULT: {"using":"xpath","value":"//table[contains(@id, \"massStateChangeTable-listUl\")]/tbody/tr[1]/td[11]/div/div/div/div[2]/span"}
COMMAND: POST /session/92be47b897e917a2bfe5475508088598/element/f.F83476283EE3547CE86D07744718997E.d.1F568D0B7B1B1D9B15960F3CD3FC27F5.e.1028/click - {}
RESULT: {}
COMMAND: GET /session/92be47b897e917a2bfe5475508088598/screenshot - {}
RESULT: {}
COMMAND: POST /session/92be47b897e917a2bfe5475508088598/element - {"using":"xpath","value":"//table[contains(@id, \"massStateChangeTable-listUl\")]/tbody/tr[1]/td[11]/div/div/div/div[2]/span"}
RESULT: {"using":"xpath","value":"//table[contains(@id, \"massStateChangeTable-listUl\")]/tbody/tr[1]/td[11]/div/div/div/div[2]/span"}
COMMAND: POST /session/92be47b897e917a2bfe5475508088598/element/f.F83476283EE3547CE86D07744718997E.d.1F568D0B7B1B1D9B15960F3CD3FC27F5.e.1028/click - {}
RESULT: {}
COMMAND: GET /session/92be47b897e917a2bfe5475508088598/screenshot - {}
RESULT: {}
COMMAND: POST /session/92be47b897e917a2bfe5475508088598/element - {"using":"xpath","value":"//table[contains(@id, \"massStateChangeTable-listUl\")]/tbody/tr[1]/td[11]/div/div/div/div[2]/span"}
RESULT: {"using":"xpath","value":"//table[contains(@id, \"massStateChangeTable-listUl\")]/tbody/tr[1]/td[11]/div/div/div/div[2]/span"}
COMMAND: POST /session/92be47b897e917a2bfe5475508088598/element/f.F83476283EE3547CE86D07744718997E.d.1F568D0B7B1B1D9B15960F3CD3FC27F5.e.1028/click - {}
RESULT: {}
COMMAND: GET /session/92be47b897e917a2bfe5475508088598/screenshot - {}
RESULT: {}
COMMAND: POST /session/92be47b897e917a2bfe5475508088598/element - {"using":"xpath","value":"//table[contains(@id, \"massStateChangeTable-listUl\")]/tbody/tr[1]/td[11]/div/div/div/div[2]/span"}
RESULT: {"using":"xpath","value":"//table[contains(@id, \"massStateChangeTable-listUl\")]/tbody/tr[1]/td[11]/div/div/div/div[2]/span"}
COMMAND: POST /session/92be47b897e917a2bfe5475508088598/element/f.F83476283EE3547CE86D07744718997E.d.1F568D0B7B1B1D9B15960F3CD3FC27F5.e.1028/click - {}
RESULT: {}
COMMAND: GET /session/92be47b897e917a2bfe5475508088598/screenshot - {}
RESULT: {}
COMMAND: POST /session/92be47b897e917a2bfe5475508088598/element - {"using":"xpath","value":"//table[contains(@id, \"massStateChangeTable-listUl\")]/tbody/tr[1]/td[11]/div/div/div/div[2]/span"}
RESULT: {"using":"xpath","value":"//table[contains(@id, \"massStateChangeTable-listUl\")]/tbody/tr[1]/td[11]/div/div/div/div[2]/span"}
COMMAND: POST /session/92be47b897e917a2bfe5475508088598/element/f.F83476283EE3547CE86D07744718997E.d.1F568D0B7B1B1D9B15960F3CD3FC27F5.e.1028/click - {}
RESULT: {}
COMMAND: GET /session/92be47b897e917a2bfe5475508088598/screenshot - {}
RESULT: {}
COMMAND: POST /session/92be47b897e917a2bfe5475508088598/element - {"using":"xpath","value":"//table[contains(@id, \"massStateChangeTable-listUl\")]/tbody/tr[1]/td[11]/div/div/div/div[2]/span"}
RESULT: {"using":"xpath","value":"//table[contains(@id, \"massStateChangeTable-listUl\")]/tbody/tr[1]/td[11]/div/div/div/div[2]/span"}
COMMAND: POST /session/92be47b897e917a2bfe5475508088598/element/f.F83476283EE3547CE86D07744718997E.d.1F568D0B7B1B1D9B15960F3CD3FC27F5.e.1028/click - {}
RESULT: {}
COMMAND: GET /session/92be47b897e917a2bfe5475508088598/screenshot - {}
RESULT: {}
COMMAND: POST /session/92be47b897e917a2bfe5475508088598/element - {"using":"xpath","value":"//table[contains(@id, \"massStateChangeTable-listUl\")]/tbody/tr[1]/td[11]/div/div/div/div[2]/span"}
RESULT: {"using":"xpath","value":"//table[contains(@id, \"massStateChangeTable-listUl\")]/tbody/tr[1]/td[11]/div/div/div/div[2]/span"}
COMMAND: POST /session/92be47b897e917a2bfe5475508088598/element/f.F83476283EE3547CE86D07744718997E.d.1F568D0B7B1B1D9B15960F3CD3FC27F5.e.1028/click - {}
RESULT: {}
COMMAND: GET /session/92be47b897e917a2bfe5475508088598/screenshot - {}
RESULT: {}
COMMAND: POST /session/92be47b897e917a2bfe5475508088598/element - {"using":"xpath","value":"//table[contains(@id, \"massStateChangeTable-listUl\")]/tbody/tr[1]/td[11]/div/div/div/div[2]/span"}
RESULT: {"using":"xpath","value":"//table[contains(@id, \"massStateChangeTable-listUl\")]/tbody/tr[1]/td[11]/div/div/div/div[2]/span"}
COMMAND: POST /session/92be47b897e917a2bfe5475508088598/element/f.F83476283EE3547CE86D07744718997E.d.1F568D0B7B1B1D9B15960F3CD3FC27F5.e.1028/click - {}
RESULT: {}
COMMAND: GET /session/92be47b897e917a2bfe5475508088598/screenshot - {}
RESULT: {}
COMMAND: POST /session/92be47b897e917a2bfe5475508088598/element - {"using":"xpath","value":"//table[contains(@id, \"massStateChangeTable-listUl\")]/tbody/tr[1]/td[11]/div/div/div/div[2]/span"}
RESULT: {"using":"xpath","value":"//table[contains(@id, \"massStateChangeTable-listUl\")]/tbody/tr[1]/td[11]/div/div/div/div[2]/span"}
COMMAND: POST /session/92be47b897e917a2bfe5475508088598/element/f.F83476283EE3547CE86D07744718997E.d.1F568D0B7B1B1D9B15960F3CD3FC27F5.e.1028/click - {}
RESULT: {}
COMMAND: GET /session/92be47b897e917a2bfe5475508088598/screenshot - {}
RESULT: {}
COMMAND: POST /session/92be47b897e917a2bfe5475508088598/element - {"using":"xpath","value":"//table[contains(@id, \"massStateChangeTable-listUl\")]/tbody/tr[1]/td[11]/div/div/div/div[2]/span"}
RESULT: {"using":"xpath","value":"//table[contains(@id, \"massStateChangeTable-listUl\")]/tbody/tr[1]/td[11]/div/div/div/div[2]/span"}
COMMAND: POST /session/92be47b897e917a2bfe5475508088598/element/f.F83476283EE3547CE86D07744718997E.d.1F568D0B7B1B1D9B15960F3CD3FC27F5.e.1028/click - {}
RESULT: {}
COMMAND: GET /session/92be47b897e917a2bfe5475508088598/screenshot - {}
RESULT: {}
COMMAND: POST /session/92be47b897e917a2bfe5475508088598/element - {"using":"xpath","value":"//table[contains(@id, \"massStateChangeTable-listUl\")]/tbody/tr[1]/td[11]/div/div/div/div[2]/span"}
RESULT: {"using":"xpath","value":"//table[contains(@id, \"massStateChangeTable-listUl\")]/tbody/tr[1]/td[11]/div/div/div/div[2]/span"}
COMMAND: POST /session/92be47b897e917a2bfe5475508088598/element/f.F83476283EE3547CE86D07744718997E.d.1F568D0B7B1B1D9B15960F3CD3FC27F5.e.1028/click - {}
RESULT: {}
COMMAND: GET /session/92be47b897e917a2bfe5475508088598/screenshot - {}
RESULT: {}
COMMAND: POST /session/92be47b897e917a2bfe5475508088598/element - {"using":"xpath","value":"//table[contains(@id, \"massStateChangeTable-listUl\")]/tbody/tr[2]/td[11]/div/div/div/div[2]/span"}
RESULT: {"using":"xpath","value":"//table[contains(@id, \"massStateChangeTable-listUl\")]/tbody/tr[2]/td[11]/div/div/div/div[2]/span"}
COMMAND: POST /session/92be47b897e917a2bfe5475508088598/element/f.F83476283EE3547CE86D07744718997E.d.1F568D0B7B1B1D9B15960F3CD3FC27F5.e.1029/click - {}
RESULT: {}
COMMAND: GET /session/92be47b897e917a2bfe5475508088598/screenshot - {}
RESULT: {}
COMMAND: POST /session/92be47b897e917a2bfe5475508088598/element - {"using":"xpath","value":"//table[contains(@id, \"massStateChangeTable-listUl\")]/tbody/tr[1]/td[11]/div/div/div/input"}
RESULT: {"using":"xpath","value":"//table[contains(@id, \"massStateChangeTable-listUl\")]/tbody/tr[1]/td[11]/div/div/div/input"}
COMMAND: GET /session/92be47b897e917a2bfe5475508088598/element/f.F83476283EE3547CE86D07744718997E.d.1F568D0B7B1B1D9B15960F3CD3FC27F5.e.1008/property/value - {}
RESULT: {}
COMMAND: POST /session/92be47b897e917a2bfe5475508088598/element - {"using":"xpath","value":"//table[contains(@id, \"massStateChangeTable-listUl\")]/tbody/tr[2]/td[11]/div/div/div/input"}
COMMAND: GET /session/92be47b897e917a2bfe5475508088598/screenshot - {}
RESULT: {"using":"xpath","value":"//table[contains(@id, \"massStateChangeTable-listUl\")]/tbody/tr[2]/td[11]/div/div/div/input"}
COMMAND: GET /session/92be47b897e917a2bfe5475508088598/element/f.F83476283EE3547CE86D07744718997E.d.1F568D0B7B1B1D9B15960F3CD3FC27F5.e.1012/property/value - {}
RESULT: {}
RESULT: {}
COMMAND: POST /session/92be47b897e917a2bfe5475508088598/element - {"using":"xpath","value":"(//bdi[contains(text(), \"OK\")])[1]"}
COMMAND: GET /session/92be47b897e917a2bfe5475508088598/screenshot - {}
RESULT: {"using":"xpath","value":"(//bdi[contains(text(), \"OK\")])[1]"}
COMMAND: POST /session/92be47b897e917a2bfe5475508088598/element/f.F83476283EE3547CE86D07744718997E.d.1F568D0B7B1B1D9B15960F3CD3FC27F5.e.1015/click - {}
RESULT: {}
RESULT: {}
COMMAND: GET /session/92be47b897e917a2bfe5475508088598/screenshot - {}
RESULT: {}
COMMAND: POST /session/92be47b897e917a2bfe5475508088598/element - {"using":"xpath","value":"(//bdi[contains(text(), \"OK\")])[2]"}
RESULT: {"using":"xpath","value":"(//bdi[contains(text(), \"OK\")])[2]"}
COMMAND: POST /session/92be47b897e917a2bfe5475508088598/element/f.F83476283EE3547CE86D07744718997E.d.1F568D0B7B1B1D9B15960F3CD3FC27F5.e.1032/click - {}
RESULT: {}
COMMAND: GET /session/92be47b897e917a2bfe5475508088598/screenshot - {}
RESULT: {}
RESULT: undefined
COMMAND: POST /session/92be47b897e917a2bfe5475508088598/execute/async - {"script":"<script> [776 bytes]","args":[{"enterText":"600002","selector":{"id":"application-ruinventorylist-display-component---Master--smartFilterBar-btnBasicSearch","interaction":{"idSuffix":"I"}},"clearTextFirst":true,"interactionType":"ENTER_TEXT"}]}
RESULT: {"script":"<script> [776 bytes]","args":[{"enterText":"600002","selector":{"id":"application-ruinventorylist-display-component---Master--smartFilterBar-btnBasicSearch","interaction":{"idSuffix":"I"}},"clearTextFirst":true,"interactionType":"ENTER_TEXT"}]}
COMMAND: POST /session/92be47b897e917a2bfe5475508088598/actions - {"actions":[{"id":"action5","type":"key","parameters":{},"actions":[{"type":"keyDown","value":"î€‡"},{"type":"pause","duration":10},{"type":"keyUp","value":"î€‡"}]}]}
RESULT: {"actions":[{"id":"action5","type":"key","parameters":{},"actions":[{"type":"keyDown","value":"î€‡"},{"type":"pause","duration":10},{"type":"keyUp","value":"î€‡"}]}]}
COMMAND: GET /session/92be47b897e917a2bfe5475508088598/screenshot - {}
RESULT: {}
COMMAND: POST /session/92be47b897e917a2bfe5475508088598/element - {"using":"xpath","value":"//span[@id=\"application-ruinventorylist-display-component---Master--smartTableRuInventoryList-header-inner\"]"}
RESULT: {"using":"xpath","value":"//span[@id=\"application-ruinventorylist-display-component---Master--smartTableRuInventoryList-header-inner\"]"}
COMMAND: POST /session/92be47b897e917a2bfe5475508088598/elements - {"using":"xpath","value":"//span[@id=\"application-ruinventorylist-display-component---Master--smartTableRuInventoryList-header-inner\"]"}
RESULT: {"using":"xpath","value":"//span[@id=\"application-ruinventorylist-display-component---Master--smartTableRuInventoryList-header-inner\"]"}
COMMAND: POST /session/92be47b897e917a2bfe5475508088598/execute/sync - {"script":"<script> [56 bytes]","args":[{"element-6066-11e4-a52e-4f735466cecf":"f.F83476283EE3547CE86D07744718997E.d.1F568D0B7B1B1D9B15960F3CD3FC27F5.e.724","ELEMENT":"f.F83476283EE3547CE86D07744718997E.d.1F568D0B7B1B1D9B15960F3CD3FC27F5.e.724"}]}
RESULT: {"script":"<script> [56 bytes]","args":[{"element-6066-11e4-a52e-4f735466cecf":"f.F83476283EE3547CE86D07744718997E.d.1F568D0B7B1B1D9B15960F3CD3FC27F5.e.724","ELEMENT":"f.F83476283EE3547CE86D07744718997E.d.1F568D0B7B1B1D9B15960F3CD3FC27F5.e.724"}]}
COMMAND: POST /session/92be47b897e917a2bfe5475508088598/element - {"using":"xpath","value":"//table[contains(@id, \"application-ruinventorylist-display-component---Master--tableRuInventoryList-listUl\")]/tbody/tr[1]/td[6]/div/span"}
COMMAND: GET /session/92be47b897e917a2bfe5475508088598/screenshot - {}
RESULT: {"using":"xpath","value":"//table[contains(@id, \"application-ruinventorylist-display-component---Master--tableRuInventoryList-listUl\")]/tbody/tr[1]/td[6]/div/span"}
COMMAND: POST /session/92be47b897e917a2bfe5475508088598/execute/sync - {"script":"<script> [56 bytes]","args":[{"element-6066-11e4-a52e-4f735466cecf":"f.F83476283EE3547CE86D07744718997E.d.1F568D0B7B1B1D9B15960F3CD3FC27F5.e.1051","ELEMENT":"f.F83476283EE3547CE86D07744718997E.d.1F568D0B7B1B1D9B15960F3CD3FC27F5.e.1051"}]}
RESULT: {}
RESULT: {"script":"<script> [56 bytes]","args":[{"element-6066-11e4-a52e-4f735466cecf":"f.F83476283EE3547CE86D07744718997E.d.1F568D0B7B1B1D9B15960F3CD3FC27F5.e.1051","ELEMENT":"f.F83476283EE3547CE86D07744718997E.d.1F568D0B7B1B1D9B15960F3CD3FC27F5.e.1051"}]}
COMMAND: POST /session/92be47b897e917a2bfe5475508088598/element - {"using":"xpath","value":"//div[contains(@id, \"smartFilterBar-btnBasicSearch-reset\")]"}
COMMAND: GET /session/92be47b897e917a2bfe5475508088598/screenshot - {}
RESULT: {"using":"xpath","value":"//div[contains(@id, \"smartFilterBar-btnBasicSearch-reset\")]"}
COMMAND: POST /session/92be47b897e917a2bfe5475508088598/element/f.F83476283EE3547CE86D07744718997E.d.1F568D0B7B1B1D9B15960F3CD3FC27F5.e.739/click - {}
RESULT: {}
RESULT: {}
COMMAND: GET /session/92be47b897e917a2bfe5475508088598/screenshot - {}
RESULT: {}
RESULT: undefined
COMMAND: POST /session/92be47b897e917a2bfe5475508088598/execute/async - {"script":"<script> [776 bytes]","args":[{"enterText":"401002","selector":{"id":"application-ruinventorylist-display-component---Master--smartFilterBar-btnBasicSearch","interaction":{"idSuffix":"I"}},"clearTextFirst":true,"interactionType":"ENTER_TEXT"}]}
RESULT: {"script":"<script> [776 bytes]","args":[{"enterText":"401002","selector":{"id":"application-ruinventorylist-display-component---Master--smartFilterBar-btnBasicSearch","interaction":{"idSuffix":"I"}},"clearTextFirst":true,"interactionType":"ENTER_TEXT"}]}
COMMAND: POST /session/92be47b897e917a2bfe5475508088598/actions - {"actions":[{"id":"action6","type":"key","parameters":{},"actions":[{"type":"keyDown","value":"î€‡"},{"type":"pause","duration":10},{"type":"keyUp","value":"î€‡"}]}]}
RESULT: {"actions":[{"id":"action6","type":"key","parameters":{},"actions":[{"type":"keyDown","value":"î€‡"},{"type":"pause","duration":10},{"type":"keyUp","value":"î€‡"}]}]}
COMMAND: GET /session/92be47b897e917a2bfe5475508088598/screenshot - {}
RESULT: {}
COMMAND: POST /session/92be47b897e917a2bfe5475508088598/element - {"using":"xpath","value":"//span[@id=\"application-ruinventorylist-display-component---Master--smartTableRuInventoryList-header-inner\"]"}
RESULT: {"using":"xpath","value":"//span[@id=\"application-ruinventorylist-display-component---Master--smartTableRuInventoryList-header-inner\"]"}
COMMAND: POST /session/92be47b897e917a2bfe5475508088598/elements - {"using":"xpath","value":"//span[@id=\"application-ruinventorylist-display-component---Master--smartTableRuInventoryList-header-inner\"]"}
RESULT: {"using":"xpath","value":"//span[@id=\"application-ruinventorylist-display-component---Master--smartTableRuInventoryList-header-inner\"]"}
COMMAND: POST /session/92be47b897e917a2bfe5475508088598/execute/sync - {"script":"<script> [56 bytes]","args":[{"element-6066-11e4-a52e-4f735466cecf":"f.F83476283EE3547CE86D07744718997E.d.1F568D0B7B1B1D9B15960F3CD3FC27F5.e.724","ELEMENT":"f.F83476283EE3547CE86D07744718997E.d.1F568D0B7B1B1D9B15960F3CD3FC27F5.e.724"}]}
RESULT: {"script":"<script> [56 bytes]","args":[{"element-6066-11e4-a52e-4f735466cecf":"f.F83476283EE3547CE86D07744718997E.d.1F568D0B7B1B1D9B15960F3CD3FC27F5.e.724","ELEMENT":"f.F83476283EE3547CE86D07744718997E.d.1F568D0B7B1B1D9B15960F3CD3FC27F5.e.724"}]}
COMMAND: POST /session/92be47b897e917a2bfe5475508088598/element - {"using":"xpath","value":"//table[contains(@id, \"application-ruinventorylist-display-component---Master--tableRuInventoryList-listUl\")]/tbody/tr[1]/td[6]/div/span"}
COMMAND: GET /session/92be47b897e917a2bfe5475508088598/screenshot - {}
RESULT: {"using":"xpath","value":"//table[contains(@id, \"application-ruinventorylist-display-component---Master--tableRuInventoryList-listUl\")]/tbody/tr[1]/td[6]/div/span"}
COMMAND: POST /session/92be47b897e917a2bfe5475508088598/execute/sync - {"script":"<script> [56 bytes]","args":[{"element-6066-11e4-a52e-4f735466cecf":"f.F83476283EE3547CE86D07744718997E.d.1F568D0B7B1B1D9B15960F3CD3FC27F5.e.1129","ELEMENT":"f.F83476283EE3547CE86D07744718997E.d.1F568D0B7B1B1D9B15960F3CD3FC27F5.e.1129"}]}
RESULT: {}
RESULT: {"script":"<script> [56 bytes]","args":[{"element-6066-11e4-a52e-4f735466cecf":"f.F83476283EE3547CE86D07744718997E.d.1F568D0B7B1B1D9B15960F3CD3FC27F5.e.1129","ELEMENT":"f.F83476283EE3547CE86D07744718997E.d.1F568D0B7B1B1D9B15960F3CD3FC27F5.e.1129"}]}
COMMAND: POST /session/92be47b897e917a2bfe5475508088598/element - {"using":"xpath","value":"//div[contains(@id, \"smartFilterBar-btnBasicSearch-reset\")]"}
COMMAND: GET /session/92be47b897e917a2bfe5475508088598/screenshot - {}
RESULT: {"using":"xpath","value":"//div[contains(@id, \"smartFilterBar-btnBasicSearch-reset\")]"}
COMMAND: POST /session/92be47b897e917a2bfe5475508088598/element/f.F83476283EE3547CE86D07744718997E.d.1F568D0B7B1B1D9B15960F3CD3FC27F5.e.739/click - {}
RESULT: {}
RESULT: {}
COMMAND: GET /session/92be47b897e917a2bfe5475508088598/screenshot - {}
RESULT: {}
COMMAND: POST /session/92be47b897e917a2bfe5475508088598/element/f.F83476283EE3547CE86D07744718997E.d.1F568D0B7B1B1D9B15960F3CD3FC27F5.e.291/click - {}
RESULT: {}
COMMAND: GET /session/92be47b897e917a2bfe5475508088598/screenshot - {}
RESULT: {}
RESULT: undefined
COMMAND: POST /session/92be47b897e917a2bfe5475508088598/execute/async - {"script":"<script> [776 bytes]","args":[{"enterText":"600002","selector":{"id":"application-ruinventorylist-display-component---Master--smartFilterBar-btnBasicSearch","interaction":{"idSuffix":"I"}},"clearTextFirst":true,"interactionType":"ENTER_TEXT"}]}
RESULT: {"script":"<script> [776 bytes]","args":[{"enterText":"600002","selector":{"id":"application-ruinventorylist-display-component---Master--smartFilterBar-btnBasicSearch","interaction":{"idSuffix":"I"}},"clearTextFirst":true,"interactionType":"ENTER_TEXT"}]}
COMMAND: POST /session/92be47b897e917a2bfe5475508088598/actions - {"actions":[{"id":"action7","type":"key","parameters":{},"actions":[{"type":"keyDown","value":"î€‡"},{"type":"pause","duration":10},{"type":"keyUp","value":"î€‡"}]}]}
RESULT: {"actions":[{"id":"action7","type":"key","parameters":{},"actions":[{"type":"keyDown","value":"î€‡"},{"type":"pause","duration":10},{"type":"keyUp","value":"î€‡"}]}]}
COMMAND: GET /session/92be47b897e917a2bfe5475508088598/screenshot - {}
RESULT: {}
COMMAND: POST /session/92be47b897e917a2bfe5475508088598/element - {"using":"xpath","value":"//span[@id=\"application-ruinventorylist-display-component---Master--smartTableRuInventoryList-header-inner\"]"}
RESULT: {"using":"xpath","value":"//span[@id=\"application-ruinventorylist-display-component---Master--smartTableRuInventoryList-header-inner\"]"}
COMMAND: POST /session/92be47b897e917a2bfe5475508088598/elements - {"using":"xpath","value":"//span[@id=\"application-ruinventorylist-display-component---Master--smartTableRuInventoryList-header-inner\"]"}
RESULT: {"using":"xpath","value":"//span[@id=\"application-ruinventorylist-display-component---Master--smartTableRuInventoryList-header-inner\"]"}
COMMAND: POST /session/92be47b897e917a2bfe5475508088598/execute/sync - {"script":"<script> [56 bytes]","args":[{"element-6066-11e4-a52e-4f735466cecf":"f.F83476283EE3547CE86D07744718997E.d.1F568D0B7B1B1D9B15960F3CD3FC27F5.e.724","ELEMENT":"f.F83476283EE3547CE86D07744718997E.d.1F568D0B7B1B1D9B15960F3CD3FC27F5.e.724"}]}
RESULT: {"script":"<script> [56 bytes]","args":[{"element-6066-11e4-a52e-4f735466cecf":"f.F83476283EE3547CE86D07744718997E.d.1F568D0B7B1B1D9B15960F3CD3FC27F5.e.724","ELEMENT":"f.F83476283EE3547CE86D07744718997E.d.1F568D0B7B1B1D9B15960F3CD3FC27F5.e.724"}]}
COMMAND: POST /session/92be47b897e917a2bfe5475508088598/element - {"using":"xpath","value":"//table[contains(@id, \"application-ruinventorylist-display-component---Master--tableRuInventoryList-listUl\")]/tbody/tr[1]/td[2]/div/div"}
COMMAND: GET /session/92be47b897e917a2bfe5475508088598/screenshot - {}
RESULT: {"using":"xpath","value":"//table[contains(@id, \"application-ruinventorylist-display-component---Master--tableRuInventoryList-listUl\")]/tbody/tr[1]/td[2]/div/div"}
COMMAND: POST /session/92be47b897e917a2bfe5475508088598/element/f.F83476283EE3547CE86D07744718997E.d.1F568D0B7B1B1D9B15960F3CD3FC27F5.e.1368/click - {}
RESULT: {}
RESULT: {}
COMMAND: GET /session/92be47b897e917a2bfe5475508088598/screenshot - {}
RESULT: {}
COMMAND: POST /session/92be47b897e917a2bfe5475508088598/element - {"using":"xpath","value":"//div[contains(@id, \"smartFilterBar-btnBasicSearch-reset\")]"}
RESULT: {"using":"xpath","value":"//div[contains(@id, \"smartFilterBar-btnBasicSearch-reset\")]"}
COMMAND: POST /session/92be47b897e917a2bfe5475508088598/element/f.F83476283EE3547CE86D07744718997E.d.1F568D0B7B1B1D9B15960F3CD3FC27F5.e.739/click - {}
RESULT: {}
COMMAND: GET /session/92be47b897e917a2bfe5475508088598/screenshot - {}
RESULT: {}
RESULT: undefined
COMMAND: POST /session/92be47b897e917a2bfe5475508088598/execute/async - {"script":"<script> [776 bytes]","args":[{"enterText":"401002","selector":{"id":"application-ruinventorylist-display-component---Master--smartFilterBar-btnBasicSearch","interaction":{"idSuffix":"I"}},"clearTextFirst":true,"interactionType":"ENTER_TEXT"}]}
RESULT: {"script":"<script> [776 bytes]","args":[{"enterText":"401002","selector":{"id":"application-ruinventorylist-display-component---Master--smartFilterBar-btnBasicSearch","interaction":{"idSuffix":"I"}},"clearTextFirst":true,"interactionType":"ENTER_TEXT"}]}
COMMAND: POST /session/92be47b897e917a2bfe5475508088598/actions - {"actions":[{"id":"action8","type":"key","parameters":{},"actions":[{"type":"keyDown","value":"î€‡"},{"type":"pause","duration":10},{"type":"keyUp","value":"î€‡"}]}]}
RESULT: {"actions":[{"id":"action8","type":"key","parameters":{},"actions":[{"type":"keyDown","value":"î€‡"},{"type":"pause","duration":10},{"type":"keyUp","value":"î€‡"}]}]}
COMMAND: GET /session/92be47b897e917a2bfe5475508088598/screenshot - {}
RESULT: {}
COMMAND: POST /session/92be47b897e917a2bfe5475508088598/element - {"using":"xpath","value":"//span[@id=\"application-ruinventorylist-display-component---Master--smartTableRuInventoryList-header-inner\"]"}
RESULT: {"using":"xpath","value":"//span[@id=\"application-ruinventorylist-display-component---Master--smartTableRuInventoryList-header-inner\"]"}
COMMAND: POST /session/92be47b897e917a2bfe5475508088598/elements - {"using":"xpath","value":"//span[@id=\"application-ruinventorylist-display-component---Master--smartTableRuInventoryList-header-inner\"]"}
RESULT: {"using":"xpath","value":"//span[@id=\"application-ruinventorylist-display-component---Master--smartTableRuInventoryList-header-inner\"]"}
COMMAND: POST /session/92be47b897e917a2bfe5475508088598/execute/sync - {"script":"<script> [56 bytes]","args":[{"element-6066-11e4-a52e-4f735466cecf":"f.F83476283EE3547CE86D07744718997E.d.1F568D0B7B1B1D9B15960F3CD3FC27F5.e.724","ELEMENT":"f.F83476283EE3547CE86D07744718997E.d.1F568D0B7B1B1D9B15960F3CD3FC27F5.e.724"}]}
RESULT: {"script":"<script> [56 bytes]","args":[{"element-6066-11e4-a52e-4f735466cecf":"f.F83476283EE3547CE86D07744718997E.d.1F568D0B7B1B1D9B15960F3CD3FC27F5.e.724","ELEMENT":"f.F83476283EE3547CE86D07744718997E.d.1F568D0B7B1B1D9B15960F3CD3FC27F5.e.724"}]}
COMMAND: POST /session/92be47b897e917a2bfe5475508088598/element - {"using":"xpath","value":"//table[contains(@id, \"application-ruinventorylist-display-component---Master--tableRuInventoryList-listUl\")]/tbody/tr[1]/td[2]/div/div"}
COMMAND: GET /session/92be47b897e917a2bfe5475508088598/screenshot - {}
RESULT: {"using":"xpath","value":"//table[contains(@id, \"application-ruinventorylist-display-component---Master--tableRuInventoryList-listUl\")]/tbody/tr[1]/td[2]/div/div"}
COMMAND: POST /session/92be47b897e917a2bfe5475508088598/element/f.F83476283EE3547CE86D07744718997E.d.1F568D0B7B1B1D9B15960F3CD3FC27F5.e.1504/click - {}
RESULT: {}
RESULT: {}
COMMAND: GET /session/92be47b897e917a2bfe5475508088598/screenshot - {}
RESULT: {}
COMMAND: POST /session/92be47b897e917a2bfe5475508088598/element - {"using":"xpath","value":"//div[contains(@id, \"smartFilterBar-btnBasicSearch-reset\")]"}
RESULT: {"using":"xpath","value":"//div[contains(@id, \"smartFilterBar-btnBasicSearch-reset\")]"}
COMMAND: POST /session/92be47b897e917a2bfe5475508088598/element/f.F83476283EE3547CE86D07744718997E.d.1F568D0B7B1B1D9B15960F3CD3FC27F5.e.739/click - {}
RESULT: {}
COMMAND: GET /session/92be47b897e917a2bfe5475508088598/screenshot - {}
RESULT: {}
COMMAND: POST /session/92be47b897e917a2bfe5475508088598/element/f.F83476283EE3547CE86D07744718997E.d.1F568D0B7B1B1D9B15960F3CD3FC27F5.e.291/click - {}
RESULT: {}
COMMAND: GET /session/92be47b897e917a2bfe5475508088598/screenshot - {}
RESULT: {}
RESULT: undefined
COMMAND: POST /session/92be47b897e917a2bfe5475508088598/element - {"using":"xpath","value":"//*[@id=\"application-ruinventorylist-display-component---Master--ruStateTypes-arrow\"]"}
RESULT: {"using":"xpath","value":"//*[@id=\"application-ruinventorylist-display-component---Master--ruStateTypes-arrow\"]"}
COMMAND: POST /session/92be47b897e917a2bfe5475508088598/element/f.F83476283EE3547CE86D07744718997E.d.1F568D0B7B1B1D9B15960F3CD3FC27F5.e.1653/click - {}
RESULT: {}
COMMAND: GET /session/92be47b897e917a2bfe5475508088598/screenshot - {}
RESULT: {}
COMMAND: POST /session/92be47b897e917a2bfe5475508088598/element - {"using":"xpath","value":"//li[.//span[text()=\"available\"]]"}
RESULT: {"using":"xpath","value":"//li[.//span[text()=\"available\"]]"}
COMMAND: POST /session/92be47b897e917a2bfe5475508088598/element/f.F83476283EE3547CE86D07744718997E.d.1F568D0B7B1B1D9B15960F3CD3FC27F5.e.1654/click - {}
RESULT: {}
COMMAND: GET /session/92be47b897e917a2bfe5475508088598/screenshot - {}
RESULT: {}
COMMAND: POST /session/92be47b897e917a2bfe5475508088598/element - {"using":"xpath","value":"(//bdi[contains(text(), \"OK\")])[1]"}
RESULT: {"using":"xpath","value":"(//bdi[contains(text(), \"OK\")])[1]"}
COMMAND: POST /session/92be47b897e917a2bfe5475508088598/element/f.F83476283EE3547CE86D07744718997E.d.1F568D0B7B1B1D9B15960F3CD3FC27F5.e.1655/click - {}
RESULT: {}
COMMAND: GET /session/92be47b897e917a2bfe5475508088598/screenshot - {}
RESULT: {}
COMMAND: POST /session/92be47b897e917a2bfe5475508088598/element - {"using":"xpath","value":"(//bdi[contains(text(), \"OK\")])[2]"}
RESULT: {"using":"xpath","value":"(//bdi[contains(text(), \"OK\")])[2]"}
COMMAND: POST /session/92be47b897e917a2bfe5475508088598/element/f.F83476283EE3547CE86D07744718997E.d.1F568D0B7B1B1D9B15960F3CD3FC27F5.e.1659/click - {}
RESULT: {}
COMMAND: GET /session/92be47b897e917a2bfe5475508088598/screenshot - {}
RESULT: {}
RESULT: undefined
COMMAND: POST /session/92be47b897e917a2bfe5475508088598/execute/async - {"script":"<script> [776 bytes]","args":[{"enterText":"600002","selector":{"id":"application-ruinventorylist-display-component---Master--smartFilterBar-btnBasicSearch","interaction":{"idSuffix":"I"}},"clearTextFirst":true,"interactionType":"ENTER_TEXT"}]}
RESULT: {"script":"<script> [776 bytes]","args":[{"enterText":"600002","selector":{"id":"application-ruinventorylist-display-component---Master--smartFilterBar-btnBasicSearch","interaction":{"idSuffix":"I"}},"clearTextFirst":true,"interactionType":"ENTER_TEXT"}]}
COMMAND: POST /session/92be47b897e917a2bfe5475508088598/actions - {"actions":[{"id":"action9","type":"key","parameters":{},"actions":[{"type":"keyDown","value":"î€‡"},{"type":"pause","duration":10},{"type":"keyUp","value":"î€‡"}]}]}
RESULT: {"actions":[{"id":"action9","type":"key","parameters":{},"actions":[{"type":"keyDown","value":"î€‡"},{"type":"pause","duration":10},{"type":"keyUp","value":"î€‡"}]}]}
COMMAND: GET /session/92be47b897e917a2bfe5475508088598/screenshot - {}
RESULT: {}
COMMAND: POST /session/92be47b897e917a2bfe5475508088598/element - {"using":"xpath","value":"//span[@id=\"application-ruinventorylist-display-component---Master--smartTableRuInventoryList-header-inner\"]"}
RESULT: {"using":"xpath","value":"//span[@id=\"application-ruinventorylist-display-component---Master--smartTableRuInventoryList-header-inner\"]"}
COMMAND: POST /session/92be47b897e917a2bfe5475508088598/elements - {"using":"xpath","value":"//span[@id=\"application-ruinventorylist-display-component---Master--smartTableRuInventoryList-header-inner\"]"}
RESULT: {"using":"xpath","value":"//span[@id=\"application-ruinventorylist-display-component---Master--smartTableRuInventoryList-header-inner\"]"}
COMMAND: POST /session/92be47b897e917a2bfe5475508088598/execute/sync - {"script":"<script> [56 bytes]","args":[{"element-6066-11e4-a52e-4f735466cecf":"f.F83476283EE3547CE86D07744718997E.d.1F568D0B7B1B1D9B15960F3CD3FC27F5.e.724","ELEMENT":"f.F83476283EE3547CE86D07744718997E.d.1F568D0B7B1B1D9B15960F3CD3FC27F5.e.724"}]}
RESULT: {"script":"<script> [56 bytes]","args":[{"element-6066-11e4-a52e-4f735466cecf":"f.F83476283EE3547CE86D07744718997E.d.1F568D0B7B1B1D9B15960F3CD3FC27F5.e.724","ELEMENT":"f.F83476283EE3547CE86D07744718997E.d.1F568D0B7B1B1D9B15960F3CD3FC27F5.e.724"}]}
COMMAND: POST /session/92be47b897e917a2bfe5475508088598/element - {"using":"xpath","value":"//table[contains(@id, \"application-ruinventorylist-display-component---Master--tableRuInventoryList-listUl\")]/tbody/tr[1]/td[6]/div/span"}
COMMAND: GET /session/92be47b897e917a2bfe5475508088598/screenshot - {}
RESULT: {"using":"xpath","value":"//table[contains(@id, \"application-ruinventorylist-display-component---Master--tableRuInventoryList-listUl\")]/tbody/tr[1]/td[6]/div/span"}
COMMAND: POST /session/92be47b897e917a2bfe5475508088598/execute/sync - {"script":"<script> [56 bytes]","args":[{"element-6066-11e4-a52e-4f735466cecf":"f.F83476283EE3547CE86D07744718997E.d.1F568D0B7B1B1D9B15960F3CD3FC27F5.e.1680","ELEMENT":"f.F83476283EE3547CE86D07744718997E.d.1F568D0B7B1B1D9B15960F3CD3FC27F5.e.1680"}]}
RESULT: {}
RESULT: {"script":"<script> [56 bytes]","args":[{"element-6066-11e4-a52e-4f735466cecf":"f.F83476283EE3547CE86D07744718997E.d.1F568D0B7B1B1D9B15960F3CD3FC27F5.e.1680","ELEMENT":"f.F83476283EE3547CE86D07744718997E.d.1F568D0B7B1B1D9B15960F3CD3FC27F5.e.1680"}]}
COMMAND: POST /session/92be47b897e917a2bfe5475508088598/element - {"using":"xpath","value":"//div[contains(@id, \"smartFilterBar-btnBasicSearch-reset\")]"}
COMMAND: GET /session/92be47b897e917a2bfe5475508088598/screenshot - {}
RESULT: {"using":"xpath","value":"//div[contains(@id, \"smartFilterBar-btnBasicSearch-reset\")]"}
COMMAND: POST /session/92be47b897e917a2bfe5475508088598/element/f.F83476283EE3547CE86D07744718997E.d.1F568D0B7B1B1D9B15960F3CD3FC27F5.e.739/click - {}
RESULT: {}
RESULT: {}
COMMAND: GET /session/92be47b897e917a2bfe5475508088598/screenshot - {}
RESULT: {}
RESULT: undefined
COMMAND: POST /session/92be47b897e917a2bfe5475508088598/execute/async - {"script":"<script> [776 bytes]","args":[{"enterText":"401002","selector":{"id":"application-ruinventorylist-display-component---Master--smartFilterBar-btnBasicSearch","interaction":{"idSuffix":"I"}},"clearTextFirst":true,"interactionType":"ENTER_TEXT"}]}
RESULT: {"script":"<script> [776 bytes]","args":[{"enterText":"401002","selector":{"id":"application-ruinventorylist-display-component---Master--smartFilterBar-btnBasicSearch","interaction":{"idSuffix":"I"}},"clearTextFirst":true,"interactionType":"ENTER_TEXT"}]}
COMMAND: POST /session/92be47b897e917a2bfe5475508088598/actions - {"actions":[{"id":"action10","type":"key","parameters":{},"actions":[{"type":"keyDown","value":"î€‡"},{"type":"pause","duration":10},{"type":"keyUp","value":"î€‡"}]}]}
RESULT: {"actions":[{"id":"action10","type":"key","parameters":{},"actions":[{"type":"keyDown","value":"î€‡"},{"type":"pause","duration":10},{"type":"keyUp","value":"î€‡"}]}]}
COMMAND: GET /session/92be47b897e917a2bfe5475508088598/screenshot - {}
RESULT: {}
COMMAND: POST /session/92be47b897e917a2bfe5475508088598/element - {"using":"xpath","value":"//span[@id=\"application-ruinventorylist-display-component---Master--smartTableRuInventoryList-header-inner\"]"}
RESULT: {"using":"xpath","value":"//span[@id=\"application-ruinventorylist-display-component---Master--smartTableRuInventoryList-header-inner\"]"}
COMMAND: POST /session/92be47b897e917a2bfe5475508088598/elements - {"using":"xpath","value":"//span[@id=\"application-ruinventorylist-display-component---Master--smartTableRuInventoryList-header-inner\"]"}
RESULT: {"using":"xpath","value":"//span[@id=\"application-ruinventorylist-display-component---Master--smartTableRuInventoryList-header-inner\"]"}
COMMAND: POST /session/92be47b897e917a2bfe5475508088598/execute/sync - {"script":"<script> [56 bytes]","args":[{"element-6066-11e4-a52e-4f735466cecf":"f.F83476283EE3547CE86D07744718997E.d.1F568D0B7B1B1D9B15960F3CD3FC27F5.e.724","ELEMENT":"f.F83476283EE3547CE86D07744718997E.d.1F568D0B7B1B1D9B15960F3CD3FC27F5.e.724"}]}
RESULT: {"script":"<script> [56 bytes]","args":[{"element-6066-11e4-a52e-4f735466cecf":"f.F83476283EE3547CE86D07744718997E.d.1F568D0B7B1B1D9B15960F3CD3FC27F5.e.724","ELEMENT":"f.F83476283EE3547CE86D07744718997E.d.1F568D0B7B1B1D9B15960F3CD3FC27F5.e.724"}]}
COMMAND: POST /session/92be47b897e917a2bfe5475508088598/element - {"using":"xpath","value":"//table[contains(@id, \"application-ruinventorylist-display-component---Master--tableRuInventoryList-listUl\")]/tbody/tr[1]/td[6]/div/span"}
COMMAND: GET /session/92be47b897e917a2bfe5475508088598/screenshot - {}
RESULT: {"using":"xpath","value":"//table[contains(@id, \"application-ruinventorylist-display-component---Master--tableRuInventoryList-listUl\")]/tbody/tr[1]/td[6]/div/span"}
COMMAND: POST /session/92be47b897e917a2bfe5475508088598/execute/sync - {"script":"<script> [56 bytes]","args":[{"element-6066-11e4-a52e-4f735466cecf":"f.F83476283EE3547CE86D07744718997E.d.1F568D0B7B1B1D9B15960F3CD3FC27F5.e.1756","ELEMENT":"f.F83476283EE3547CE86D07744718997E.d.1F568D0B7B1B1D9B15960F3CD3FC27F5.e.1756"}]}
RESULT: {}
RESULT: {"script":"<script> [56 bytes]","args":[{"element-6066-11e4-a52e-4f735466cecf":"f.F83476283EE3547CE86D07744718997E.d.1F568D0B7B1B1D9B15960F3CD3FC27F5.e.1756","ELEMENT":"f.F83476283EE3547CE86D07744718997E.d.1F568D0B7B1B1D9B15960F3CD3FC27F5.e.1756"}]}
COMMAND: POST /session/92be47b897e917a2bfe5475508088598/element - {"using":"xpath","value":"//div[contains(@id, \"smartFilterBar-btnBasicSearch-reset\")]"}
COMMAND: GET /session/92be47b897e917a2bfe5475508088598/screenshot - {}
RESULT: {"using":"xpath","value":"//div[contains(@id, \"smartFilterBar-btnBasicSearch-reset\")]"}
COMMAND: POST /session/92be47b897e917a2bfe5475508088598/element/f.F83476283EE3547CE86D07744718997E.d.1F568D0B7B1B1D9B15960F3CD3FC27F5.e.739/click - {}
RESULT: {}
RESULT: {}
COMMAND: GET /session/92be47b897e917a2bfe5475508088598/screenshot - {}
RESULT: {}
COMMAND: POST /session/92be47b897e917a2bfe5475508088598/element - {"using":"css selector","value":"#shell-header-logo"}
RESULT: {"using":"css selector","value":"#shell-header-logo"}
COMMAND: POST /session/92be47b897e917a2bfe5475508088598/element/f.F83476283EE3547CE86D07744718997E.d.1F568D0B7B1B1D9B15960F3CD3FC27F5.e.259/click - {}
RESULT: {}
COMMAND: GET /session/92be47b897e917a2bfe5475508088598/screenshot - {}
RESULT: {}
]]></system-out>
    </testcase>
    <testcase classname="chrome.136_0_7103_49.windows.RU_Inventory_Mass_State_Change_Multiple_Items_US151066" name="Prerequisite Step 2 Should create a new equipment" time="139.169">
      <system-out><![CDATA[
COMMAND: POST /session/92be47b897e917a2bfe5475508088598/execute/async - {"script":"<script> [1562 bytes]","args":[{"selector":{"controlType":"sap.m.GenericTile","properties":{"header":"Manage Resources"}},"wdio_ui5_key":"sapm.GenericTile{\"header\":\"Manage Resources\"}"}]}
RESULT: {"script":"<script> [1562 bytes]","args":[{"selector":{"controlType":"sap.m.GenericTile","properties":{"header":"Manage Resources"}},"wdio_ui5_key":"sapm.GenericTile{\"header\":\"Manage Resources\"}"}]}
RESULT: undefined
COMMAND: POST /session/92be47b897e917a2bfe5475508088598/element - {"using":"xpath","value":"//*[@id=\"__tile39\"]"}
RESULT: {"using":"xpath","value":"//*[@id=\"__tile39\"]"}
COMMAND: POST /session/92be47b897e917a2bfe5475508088598/element/f.F83476283EE3547CE86D07744718997E.d.1F568D0B7B1B1D9B15960F3CD3FC27F5.e.146/click - {}
RESULT: {}
COMMAND: GET /session/92be47b897e917a2bfe5475508088598/screenshot - {}
RESULT: {}
COMMAND: POST /session/92be47b897e917a2bfe5475508088598/elements - {"using":"xpath","value":"//span[text()='Error']"}
RESULT: {"using":"xpath","value":"//span[text()='Error']"}
COMMAND: POST /session/92be47b897e917a2bfe5475508088598/element - {"using":"xpath","value":"//button[@data-kt=\"addNewRUOverflowToolbarButton\"]"}
RESULT: {"using":"xpath","value":"//button[@data-kt=\"addNewRUOverflowToolbarButton\"]"}
COMMAND: POST /session/92be47b897e917a2bfe5475508088598/elements - {"using":"xpath","value":"//button[@data-kt=\"addNewRUOverflowToolbarButton\"]"}
RESULT: {"using":"xpath","value":"//button[@data-kt=\"addNewRUOverflowToolbarButton\"]"}
COMMAND: POST /session/92be47b897e917a2bfe5475508088598/execute/sync - {"script":"<script> [8489 bytes]","args":[{"element-6066-11e4-a52e-4f735466cecf":"f.F83476283EE3547CE86D07744718997E.d.1F568D0B7B1B1D9B15960F3CD3FC27F5.e.1856","ELEMENT":"f.F83476283EE3547CE86D07744718997E.d.1F568D0B7B1B1D9B15960F3CD3FC27F5.e.1856"}]}
RESULT: {"script":"<script> [8489 bytes]","args":[{"element-6066-11e4-a52e-4f735466cecf":"f.F83476283EE3547CE86D07744718997E.d.1F568D0B7B1B1D9B15960F3CD3FC27F5.e.1856","ELEMENT":"f.F83476283EE3547CE86D07744718997E.d.1F568D0B7B1B1D9B15960F3CD3FC27F5.e.1856"}]}
COMMAND: GET /session/92be47b897e917a2bfe5475508088598/element/f.F83476283EE3547CE86D07744718997E.d.1F568D0B7B1B1D9B15960F3CD3FC27F5.e.1856/enabled - {}
COMMAND: GET /session/92be47b897e917a2bfe5475508088598/screenshot - {}
RESULT: {}
COMMAND: POST /session/92be47b897e917a2bfe5475508088598/execute/sync - {"script":"<script> [8489 bytes]","args":[{"element-6066-11e4-a52e-4f735466cecf":"f.F83476283EE3547CE86D07744718997E.d.1F568D0B7B1B1D9B15960F3CD3FC27F5.e.1856","ELEMENT":"f.F83476283EE3547CE86D07744718997E.d.1F568D0B7B1B1D9B15960F3CD3FC27F5.e.1856"}]}
COMMAND: GET /session/92be47b897e917a2bfe5475508088598/screenshot - {}
RESULT: {}
RESULT: {"script":"<script> [8489 bytes]","args":[{"element-6066-11e4-a52e-4f735466cecf":"f.F83476283EE3547CE86D07744718997E.d.1F568D0B7B1B1D9B15960F3CD3FC27F5.e.1856","ELEMENT":"f.F83476283EE3547CE86D07744718997E.d.1F568D0B7B1B1D9B15960F3CD3FC27F5.e.1856"}]}
COMMAND: POST /session/92be47b897e917a2bfe5475508088598/execute/sync - {"script":"<script> [5351 bytes]","args":[{"element-6066-11e4-a52e-4f735466cecf":"f.F83476283EE3547CE86D07744718997E.d.1F568D0B7B1B1D9B15960F3CD3FC27F5.e.1856","ELEMENT":"f.F83476283EE3547CE86D07744718997E.d.1F568D0B7B1B1D9B15960F3CD3FC27F5.e.1856"}]}
COMMAND: GET /session/92be47b897e917a2bfe5475508088598/screenshot - {}
RESULT: {}
RESULT: {"script":"<script> [5351 bytes]","args":[{"element-6066-11e4-a52e-4f735466cecf":"f.F83476283EE3547CE86D07744718997E.d.1F568D0B7B1B1D9B15960F3CD3FC27F5.e.1856","ELEMENT":"f.F83476283EE3547CE86D07744718997E.d.1F568D0B7B1B1D9B15960F3CD3FC27F5.e.1856"}]}
COMMAND: POST /session/92be47b897e917a2bfe5475508088598/element/f.F83476283EE3547CE86D07744718997E.d.1F568D0B7B1B1D9B15960F3CD3FC27F5.e.1856/click - {}
COMMAND: GET /session/92be47b897e917a2bfe5475508088598/screenshot - {}
RESULT: {}
RESULT: {}
COMMAND: GET /session/92be47b897e917a2bfe5475508088598/screenshot - {}
RESULT: {}
RESULT: {}
COMMAND: POST /session/92be47b897e917a2bfe5475508088598/execute/async - {"script":"<script> [1562 bytes]","args":[{"selector":{"id":"application-manageresources-display-component---newResourceUnit--TYPE-arrow"},"wdio_ui5_key":"applicationmanageresources-display-component---newResourceUnit--TYPE-arrow"}]}
RESULT: {"script":"<script> [1562 bytes]","args":[{"selector":{"id":"application-manageresources-display-component---newResourceUnit--TYPE-arrow"},"wdio_ui5_key":"applicationmanageresources-display-component---newResourceUnit--TYPE-arrow"}]}
RESULT: undefined
COMMAND: POST /session/92be47b897e917a2bfe5475508088598/element - {"using":"xpath","value":"//*[@id=\"application-manageresources-display-component---newResourceUnit--TYPE-arrow\"]"}
RESULT: {"using":"xpath","value":"//*[@id=\"application-manageresources-display-component---newResourceUnit--TYPE-arrow\"]"}
COMMAND: POST /session/92be47b897e917a2bfe5475508088598/element/f.F83476283EE3547CE86D07744718997E.d.1F568D0B7B1B1D9B15960F3CD3FC27F5.e.2220/click - {}
RESULT: {}
COMMAND: POST /session/92be47b897e917a2bfe5475508088598/element - {"using":"xpath","value":"//input[@id=\"application-manageresources-display-component---newResourceUnit--TYPE-inner\"]"}
COMMAND: GET /session/92be47b897e917a2bfe5475508088598/screenshot - {}
RESULT: {"using":"xpath","value":"//input[@id=\"application-manageresources-display-component---newResourceUnit--TYPE-inner\"]"}
COMMAND: POST /session/92be47b897e917a2bfe5475508088598/element/f.F83476283EE3547CE86D07744718997E.d.1F568D0B7B1B1D9B15960F3CD3FC27F5.e.2204/clear - {}
RESULT: {}
RESULT: {}
COMMAND: POST /session/92be47b897e917a2bfe5475508088598/element/f.F83476283EE3547CE86D07744718997E.d.1F568D0B7B1B1D9B15960F3CD3FC27F5.e.2204/value - {"text":"Equipment"}
COMMAND: GET /session/92be47b897e917a2bfe5475508088598/screenshot - {}
RESULT: {"text":"Equipment"}
COMMAND: GET /session/92be47b897e917a2bfe5475508088598/screenshot - {}
RESULT: {}
RESULT: {}
COMMAND: POST /session/92be47b897e917a2bfe5475508088598/actions - {"actions":[{"id":"action11","type":"key","parameters":{},"actions":[{"type":"keyDown","value":"î€‡"},{"type":"pause","duration":10},{"type":"keyUp","value":"î€‡"}]}]}
RESULT: {"actions":[{"id":"action11","type":"key","parameters":{},"actions":[{"type":"keyDown","value":"î€‡"},{"type":"pause","duration":10},{"type":"keyUp","value":"î€‡"}]}]}
COMMAND: POST /session/92be47b897e917a2bfe5475508088598/execute/async - {"script":"<script> [1562 bytes]","args":[{"selector":{"id":"application-manageresources-display-component---newResourceUnit--resourceId","interaction":{"idSuffix":"inner"}},"wdio_ui5_key":"applicationmanageresources-display-component---newResourceUnit--resourceId"}]}
COMMAND: GET /session/92be47b897e917a2bfe5475508088598/screenshot - {}
RESULT: {"script":"<script> [1562 bytes]","args":[{"selector":{"id":"application-manageresources-display-component---newResourceUnit--resourceId","interaction":{"idSuffix":"inner"}},"wdio_ui5_key":"applicationmanageresources-display-component---newResourceUnit--resourceId"}]}
RESULT: undefined
COMMAND: POST /session/92be47b897e917a2bfe5475508088598/execute/async - {"script":"<script> [776 bytes]","args":[{"enterText":"KQnWc62kMy","selector":{"id":"application-manageresources-display-component---newResourceUnit--resourceId","interaction":{"idSuffix":"inner"}},"clearTextFirst":true,"interactionType":"ENTER_TEXT"}]}
RESULT: {}
RESULT: {"script":"<script> [776 bytes]","args":[{"enterText":"KQnWc62kMy","selector":{"id":"application-manageresources-display-component---newResourceUnit--resourceId","interaction":{"idSuffix":"inner"}},"clearTextFirst":true,"interactionType":"ENTER_TEXT"}]}
COMMAND: POST /session/92be47b897e917a2bfe5475508088598/execute/async - {"script":"<script> [1562 bytes]","args":[{"selector":{"id":"application-manageresources-display-component---newResourceUnit--SHORT_TEXT","interaction":{"idSuffix":"inner"}},"wdio_ui5_key":"applicationmanageresources-display-component---newResourceUnit--SHORT_TEXT"}]}
RESULT: {"script":"<script> [1562 bytes]","args":[{"selector":{"id":"application-manageresources-display-component---newResourceUnit--SHORT_TEXT","interaction":{"idSuffix":"inner"}},"wdio_ui5_key":"applicationmanageresources-display-component---newResourceUnit--SHORT_TEXT"}]}
RESULT: undefined
COMMAND: POST /session/92be47b897e917a2bfe5475508088598/execute/async - {"script":"<script> [776 bytes]","args":[{"enterText":"Intercompany Equipment WDIO","selector":{"id":"application-manageresources-display-component---newResourceUnit--SHORT_TEXT","interaction":{"idSuffix":"inner"}},"clearTextFirst":true,"interactionType":"ENTER_TEXT"}]}
RESULT: {"script":"<script> [776 bytes]","args":[{"enterText":"Intercompany Equipment WDIO","selector":{"id":"application-manageresources-display-component---newResourceUnit--SHORT_TEXT","interaction":{"idSuffix":"inner"}},"clearTextFirst":true,"interactionType":"ENTER_TEXT"}]}
COMMAND: POST /session/92be47b897e917a2bfe5475508088598/execute/async - {"script":"<script> [1562 bytes]","args":[{"selector":{"id":"application-manageresources-display-component---newResourceUnit--BASE_UNIT_OF_MEASURE","interaction":{"idSuffix":"inner"}},"wdio_ui5_key":"applicationmanageresources-display-component---newResourceUnit--BASE_UNIT_OF_MEASURE"}]}
RESULT: {"script":"<script> [1562 bytes]","args":[{"selector":{"id":"application-manageresources-display-component---newResourceUnit--BASE_UNIT_OF_MEASURE","interaction":{"idSuffix":"inner"}},"wdio_ui5_key":"applicationmanageresources-display-component---newResourceUnit--BASE_UNIT_OF_MEASURE"}]}
RESULT: undefined
COMMAND: POST /session/92be47b897e917a2bfe5475508088598/execute/async - {"script":"<script> [776 bytes]","args":[{"enterText":"Piece","selector":{"id":"application-manageresources-display-component---newResourceUnit--BASE_UNIT_OF_MEASURE","interaction":{"idSuffix":"inner"}},"clearTextFirst":true,"interactionType":"ENTER_TEXT"}]}
RESULT: {"script":"<script> [776 bytes]","args":[{"enterText":"Piece","selector":{"id":"application-manageresources-display-component---newResourceUnit--BASE_UNIT_OF_MEASURE","interaction":{"idSuffix":"inner"}},"clearTextFirst":true,"interactionType":"ENTER_TEXT"}]}
COMMAND: POST /session/92be47b897e917a2bfe5475508088598/execute/async - {"script":"<script> [1562 bytes]","args":[{"selector":{"id":"application-manageresources-display-component---newResourceUnit--WEIGHT_UNIT","interaction":{"idSuffix":"inner"}},"wdio_ui5_key":"applicationmanageresources-display-component---newResourceUnit--WEIGHT_UNIT"}]}
RESULT: {"script":"<script> [1562 bytes]","args":[{"selector":{"id":"application-manageresources-display-component---newResourceUnit--WEIGHT_UNIT","interaction":{"idSuffix":"inner"}},"wdio_ui5_key":"applicationmanageresources-display-component---newResourceUnit--WEIGHT_UNIT"}]}
RESULT: undefined
COMMAND: POST /session/92be47b897e917a2bfe5475508088598/execute/async - {"script":"<script> [776 bytes]","args":[{"enterText":"Gram","selector":{"id":"application-manageresources-display-component---newResourceUnit--WEIGHT_UNIT","interaction":{"idSuffix":"inner"}},"clearTextFirst":true,"interactionType":"ENTER_TEXT"}]}
RESULT: {"script":"<script> [776 bytes]","args":[{"enterText":"Gram","selector":{"id":"application-manageresources-display-component---newResourceUnit--WEIGHT_UNIT","interaction":{"idSuffix":"inner"}},"clearTextFirst":true,"interactionType":"ENTER_TEXT"}]}
COMMAND: POST /session/92be47b897e917a2bfe5475508088598/execute/async - {"script":"<script> [1562 bytes]","args":[{"selector":{"id":"application-manageresources-display-component---newResourceUnit--DIMENSION_UNIT","interaction":{"idSuffix":"inner"}},"wdio_ui5_key":"applicationmanageresources-display-component---newResourceUnit--DIMENSION_UNIT"}]}
RESULT: {"script":"<script> [1562 bytes]","args":[{"selector":{"id":"application-manageresources-display-component---newResourceUnit--DIMENSION_UNIT","interaction":{"idSuffix":"inner"}},"wdio_ui5_key":"applicationmanageresources-display-component---newResourceUnit--DIMENSION_UNIT"}]}
RESULT: undefined
COMMAND: POST /session/92be47b897e917a2bfe5475508088598/execute/async - {"script":"<script> [776 bytes]","args":[{"enterText":"Meter","selector":{"id":"application-manageresources-display-component---newResourceUnit--DIMENSION_UNIT","interaction":{"idSuffix":"inner"}},"clearTextFirst":true,"interactionType":"ENTER_TEXT"}]}
RESULT: {"script":"<script> [776 bytes]","args":[{"enterText":"Meter","selector":{"id":"application-manageresources-display-component---newResourceUnit--DIMENSION_UNIT","interaction":{"idSuffix":"inner"}},"clearTextFirst":true,"interactionType":"ENTER_TEXT"}]}
COMMAND: POST /session/92be47b897e917a2bfe5475508088598/execute/async - {"script":"<script> [1562 bytes]","args":[{"selector":{"id":"application-manageresources-display-component---newResourceUnit--newRRUPage-anchBar-application-manageresources-display-component---newResourceUnit--control-anchor","interaction":{"idSuffix":"BDI-content"}},"wdio_ui5_key":"applicationmanageresources-display-component---newResourceUnit--newRRUPage-anchBar-application-manageresources-display-component---newResourceUnit--control-anchor"}]}
RESULT: {"script":"<script> [1562 bytes]","args":[{"selector":{"id":"application-manageresources-display-component---newResourceUnit--newRRUPage-anchBar-application-manageresources-display-component---newResourceUnit--control-anchor","interaction":{"idSuffix":"BDI-content"}},"wdio_ui5_key":"applicationmanageresources-display-component---newResourceUnit--newRRUPage-anchBar-application-manageresources-display-component---newResourceUnit--control-anchor"}]}
RESULT: undefined
COMMAND: POST /session/92be47b897e917a2bfe5475508088598/element - {"using":"xpath","value":"//*[@id=\"application-manageresources-display-component---newResourceUnit--newRRUPage-anchBar-application-manageresources-display-component---newResourceUnit--control-anchor\"]"}
RESULT: {"using":"xpath","value":"//*[@id=\"application-manageresources-display-component---newResourceUnit--newRRUPage-anchBar-application-manageresources-display-component---newResourceUnit--control-anchor\"]"}
COMMAND: POST /session/92be47b897e917a2bfe5475508088598/element/f.F83476283EE3547CE86D07744718997E.d.1F568D0B7B1B1D9B15960F3CD3FC27F5.e.2353/click - {}
RESULT: {}
COMMAND: POST /session/92be47b897e917a2bfe5475508088598/execute/async - {"script":"<script> [1562 bytes]","args":[{"selector":{"id":"application-manageresources-display-component---newResourceUnit--PLANNING_GROUP","interaction":{"idSuffix":"inner"}},"wdio_ui5_key":"applicationmanageresources-display-component---newResourceUnit--PLANNING_GROUP"}]}
COMMAND: GET /session/92be47b897e917a2bfe5475508088598/screenshot - {}
RESULT: {"script":"<script> [1562 bytes]","args":[{"selector":{"id":"application-manageresources-display-component---newResourceUnit--PLANNING_GROUP","interaction":{"idSuffix":"inner"}},"wdio_ui5_key":"applicationmanageresources-display-component---newResourceUnit--PLANNING_GROUP"}]}
RESULT: undefined
COMMAND: POST /session/92be47b897e917a2bfe5475508088598/execute/async - {"script":"<script> [776 bytes]","args":[{"enterText":"Heavy Equi","selector":{"id":"application-manageresources-display-component---newResourceUnit--PLANNING_GROUP","interaction":{"idSuffix":"inner"}},"clearTextFirst":true,"interactionType":"ENTER_TEXT"}]}
RESULT: {}
RESULT: {"script":"<script> [776 bytes]","args":[{"enterText":"Heavy Equi","selector":{"id":"application-manageresources-display-component---newResourceUnit--PLANNING_GROUP","interaction":{"idSuffix":"inner"}},"clearTextFirst":true,"interactionType":"ENTER_TEXT"}]}
COMMAND: POST /session/92be47b897e917a2bfe5475508088598/execute/async - {"script":"<script> [1562 bytes]","args":[{"selector":{"id":"application-manageresources-display-component---newResourceUnit--ITEM_TYPE-arrow"},"wdio_ui5_key":"applicationmanageresources-display-component---newResourceUnit--ITEM_TYPE-arrow"}]}
RESULT: {"script":"<script> [1562 bytes]","args":[{"selector":{"id":"application-manageresources-display-component---newResourceUnit--ITEM_TYPE-arrow"},"wdio_ui5_key":"applicationmanageresources-display-component---newResourceUnit--ITEM_TYPE-arrow"}]}
RESULT: undefined
COMMAND: POST /session/92be47b897e917a2bfe5475508088598/element - {"using":"xpath","value":"//*[@id=\"application-manageresources-display-component---newResourceUnit--ITEM_TYPE-arrow\"]"}
RESULT: {"using":"xpath","value":"//*[@id=\"application-manageresources-display-component---newResourceUnit--ITEM_TYPE-arrow\"]"}
COMMAND: POST /session/92be47b897e917a2bfe5475508088598/element/f.F83476283EE3547CE86D07744718997E.d.1F568D0B7B1B1D9B15960F3CD3FC27F5.e.2362/click - {}
RESULT: {}
COMMAND: POST /session/92be47b897e917a2bfe5475508088598/element - {"using":"xpath","value":"(//span[contains(text(), \"Resource Unit\")])[2]"}
COMMAND: GET /session/92be47b897e917a2bfe5475508088598/screenshot - {}
RESULT: {"using":"xpath","value":"(//span[contains(text(), \"Resource Unit\")])[2]"}
COMMAND: POST /session/92be47b897e917a2bfe5475508088598/element/f.F83476283EE3547CE86D07744718997E.d.1F568D0B7B1B1D9B15960F3CD3FC27F5.e.2363/click - {}
RESULT: {}
RESULT: {}
COMMAND: GET /session/92be47b897e917a2bfe5475508088598/screenshot - {}
RESULT: {}
COMMAND: POST /session/92be47b897e917a2bfe5475508088598/element - {"using":"css selector","value":"#application-manageresources-display-component---newResourceUnit--btnAddTimeSegment"}
RESULT: {"using":"css selector","value":"#application-manageresources-display-component---newResourceUnit--btnAddTimeSegment"}
COMMAND: GET /session/92be47b897e917a2bfe5475508088598/element/f.F83476283EE3547CE86D07744718997E.d.1F568D0B7B1B1D9B15960F3CD3FC27F5.e.2364/rect - {}
RESULT: {}
COMMAND: GET /session/92be47b897e917a2bfe5475508088598/window/rect - {}
RESULT: {}
COMMAND: POST /session/92be47b897e917a2bfe5475508088598/execute/sync - {"script":"<script> [92 bytes]","args":[]}
RESULT: {"script":"<script> [92 bytes]","args":[]}
COMMAND: POST /session/92be47b897e917a2bfe5475508088598/actions - {"actions":[{"id":"action12","type":"wheel","parameters":{},"actions":[{"type":"scroll","x":-1888,"y":-32,"deltaX":0,"deltaY":0,"duration":0,"origin":{"element-6066-11e4-a52e-4f735466cecf":"f.F83476283EE3547CE86D07744718997E.d.1F568D0B7B1B1D9B15960F3CD3FC27F5.e.2364"}}]}]}
COMMAND: GET /session/92be47b897e917a2bfe5475508088598/screenshot - {}
RESULT: {}
COMMAND: POST /session/92be47b897e917a2bfe5475508088598/execute/sync - {"script":"<script> [79 bytes]","args":[{"element-6066-11e4-a52e-4f735466cecf":"f.F83476283EE3547CE86D07744718997E.d.1F568D0B7B1B1D9B15960F3CD3FC27F5.e.2364","ELEMENT":"f.F83476283EE3547CE86D07744718997E.d.1F568D0B7B1B1D9B15960F3CD3FC27F5.e.2364"},{"block":"start","inline":"nearest"}]}
RESULT: {"script":"<script> [79 bytes]","args":[{"element-6066-11e4-a52e-4f735466cecf":"f.F83476283EE3547CE86D07744718997E.d.1F568D0B7B1B1D9B15960F3CD3FC27F5.e.2364","ELEMENT":"f.F83476283EE3547CE86D07744718997E.d.1F568D0B7B1B1D9B15960F3CD3FC27F5.e.2364"},{"block":"start","inline":"nearest"}]}
COMMAND: POST /session/92be47b897e917a2bfe5475508088598/execute/async - {"script":"<script> [1562 bytes]","args":[{"selector":{"id":"application-manageresources-display-component---newResourceUnit--btnAddTimeSegment","interaction":{"idSuffix":"inner"}},"wdio_ui5_key":"applicationmanageresources-display-component---newResourceUnit--btnAddTimeSegment"}]}
COMMAND: GET /session/92be47b897e917a2bfe5475508088598/screenshot - {}
RESULT: {"script":"<script> [1562 bytes]","args":[{"selector":{"id":"application-manageresources-display-component---newResourceUnit--btnAddTimeSegment","interaction":{"idSuffix":"inner"}},"wdio_ui5_key":"applicationmanageresources-display-component---newResourceUnit--btnAddTimeSegment"}]}
RESULT: undefined
COMMAND: POST /session/92be47b897e917a2bfe5475508088598/element - {"using":"xpath","value":"//*[@id=\"application-manageresources-display-component---newResourceUnit--btnAddTimeSegment\"]"}
RESULT: {}
RESULT: {"using":"xpath","value":"//*[@id=\"application-manageresources-display-component---newResourceUnit--btnAddTimeSegment\"]"}
COMMAND: POST /session/92be47b897e917a2bfe5475508088598/element/f.F83476283EE3547CE86D07744718997E.d.1F568D0B7B1B1D9B15960F3CD3FC27F5.e.2364/click - {}
RESULT: {}
COMMAND: GET /session/92be47b897e917a2bfe5475508088598/screenshot - {}
RESULT: {}
COMMAND: POST /session/92be47b897e917a2bfe5475508088598/element - {"using":"xpath","value":"//input[@id=\"application-manageresources-display-component---newResourceUnit--idRuTSAdmin-application-manageresources-display-component---newResourceUnit--RUTimeSegment-0-inner\"]"}
RESULT: {"using":"xpath","value":"//input[@id=\"application-manageresources-display-component---newResourceUnit--idRuTSAdmin-application-manageresources-display-component---newResourceUnit--RUTimeSegment-0-inner\"]"}
COMMAND: POST /session/92be47b897e917a2bfe5475508088598/element/f.F83476283EE3547CE86D07744718997E.d.1F568D0B7B1B1D9B15960F3CD3FC27F5.e.2370/clear - {}
RESULT: {}
COMMAND: POST /session/92be47b897e917a2bfe5475508088598/element/f.F83476283EE3547CE86D07744718997E.d.1F568D0B7B1B1D9B15960F3CD3FC27F5.e.2370/value - {"text":"109"}
COMMAND: GET /session/92be47b897e917a2bfe5475508088598/screenshot - {}
RESULT: {"text":"109"}
COMMAND: GET /session/92be47b897e917a2bfe5475508088598/screenshot - {}
RESULT: {}
RESULT: {}
COMMAND: POST /session/92be47b897e917a2bfe5475508088598/element - {"using":"xpath","value":"//li[.//span[text()='109']]"}
RESULT: {"using":"xpath","value":"//li[.//span[text()='109']]"}
COMMAND: POST /session/92be47b897e917a2bfe5475508088598/element/f.F83476283EE3547CE86D07744718997E.d.1F568D0B7B1B1D9B15960F3CD3FC27F5.e.2382/click - {}
RESULT: {}
COMMAND: GET /session/92be47b897e917a2bfe5475508088598/screenshot - {}
RESULT: {}
COMMAND: POST /session/92be47b897e917a2bfe5475508088598/element - {"using":"xpath","value":"(//span[contains(@id, \"-application-manageresources-display-component---newResourceUnit--RUTimeSegment-0-arrow\")])[6]"}
RESULT: {"using":"xpath","value":"(//span[contains(@id, \"-application-manageresources-display-component---newResourceUnit--RUTimeSegment-0-arrow\")])[6]"}
COMMAND: POST /session/92be47b897e917a2bfe5475508088598/element/f.F83476283EE3547CE86D07744718997E.d.1F568D0B7B1B1D9B15960F3CD3FC27F5.e.2383/click - {}
RESULT: {}
COMMAND: GET /session/92be47b897e917a2bfe5475508088598/screenshot - {}
RESULT: {}
COMMAND: POST /session/92be47b897e917a2bfe5475508088598/element - {"using":"xpath","value":"//span[contains(text(), \"PM Order\")]"}
RESULT: {"using":"xpath","value":"//span[contains(text(), \"PM Order\")]"}
COMMAND: POST /session/92be47b897e917a2bfe5475508088598/element/f.F83476283EE3547CE86D07744718997E.d.1F568D0B7B1B1D9B15960F3CD3FC27F5.e.2386/click - {}
RESULT: {}
COMMAND: GET /session/92be47b897e917a2bfe5475508088598/screenshot - {}
RESULT: {}
COMMAND: POST /session/92be47b897e917a2bfe5475508088598/element - {"using":"xpath","value":"(//span[contains(@id ,\"manageresources-display-component---newResourceUnit--RUTimeSegment-0-vhi\")])[1]"}
RESULT: {"using":"xpath","value":"(//span[contains(@id ,\"manageresources-display-component---newResourceUnit--RUTimeSegment-0-vhi\")])[1]"}
COMMAND: GET /session/92be47b897e917a2bfe5475508088598/element/f.F83476283EE3547CE86D07744718997E.d.1F568D0B7B1B1D9B15960F3CD3FC27F5.e.2390/rect - {}
RESULT: {}
COMMAND: GET /session/92be47b897e917a2bfe5475508088598/window/rect - {}
RESULT: {}
COMMAND: POST /session/92be47b897e917a2bfe5475508088598/execute/sync - {"script":"<script> [92 bytes]","args":[]}
RESULT: {"script":"<script> [92 bytes]","args":[]}
COMMAND: POST /session/92be47b897e917a2bfe5475508088598/actions - {"actions":[{"id":"action13","type":"wheel","parameters":{},"actions":[{"type":"scroll","x":-869,"y":-24,"deltaX":0,"deltaY":0,"duration":0,"origin":{"element-6066-11e4-a52e-4f735466cecf":"f.F83476283EE3547CE86D07744718997E.d.1F568D0B7B1B1D9B15960F3CD3FC27F5.e.2390"}}]}]}
COMMAND: GET /session/92be47b897e917a2bfe5475508088598/screenshot - {}
RESULT: {"actions":[{"id":"action13","type":"wheel","parameters":{},"actions":[{"type":"scroll","x":-869,"y":-24,"deltaX":0,"deltaY":0,"duration":0,"origin":{"element-6066-11e4-a52e-4f735466cecf":"f.F83476283EE3547CE86D07744718997E.d.1F568D0B7B1B1D9B15960F3CD3FC27F5.e.2390"}}]}]}
COMMAND: DELETE /session/92be47b897e917a2bfe5475508088598/actions - {}
COMMAND: GET /session/92be47b897e917a2bfe5475508088598/screenshot - {}
RESULT: {}
RESULT: {}
COMMAND: GET /session/92be47b897e917a2bfe5475508088598/screenshot - {}
RESULT: {}
RESULT: {}
COMMAND: POST /session/92be47b897e917a2bfe5475508088598/element/f.F83476283EE3547CE86D07744718997E.d.1F568D0B7B1B1D9B15960F3CD3FC27F5.e.2390/click - {}
RESULT: {}
COMMAND: GET /session/92be47b897e917a2bfe5475508088598/screenshot - {}
RESULT: {}
COMMAND: POST /session/92be47b897e917a2bfe5475508088598/execute/async - {"script":"<script> [1562 bytes]","args":[{"selector":{"controlType":"sap.m.SearchField","properties":{"placeholder":"Search"},"searchOpenDialogs":true,"interaction":{"idSuffix":"I"}},"wdio_ui5_key":"sapm.SearchField{\"placeholder\":\"Search\"}"}]}
RESULT: {"script":"<script> [1562 bytes]","args":[{"selector":{"controlType":"sap.m.SearchField","properties":{"placeholder":"Search"},"searchOpenDialogs":true,"interaction":{"idSuffix":"I"}},"wdio_ui5_key":"sapm.SearchField{\"placeholder\":\"Search\"}"}]}
RESULT: undefined
COMMAND: POST /session/92be47b897e917a2bfe5475508088598/execute/async - {"script":"<script> [776 bytes]","args":[{"enterText":"4000360","selector":{"controlType":"sap.m.SearchField","properties":{"placeholder":"Search"},"searchOpenDialogs":true,"interaction":{"idSuffix":"I"}},"clearTextFirst":true,"interactionType":"ENTER_TEXT"}]}
RESULT: {"script":"<script> [776 bytes]","args":[{"enterText":"4000360","selector":{"controlType":"sap.m.SearchField","properties":{"placeholder":"Search"},"searchOpenDialogs":true,"interaction":{"idSuffix":"I"}},"clearTextFirst":true,"interactionType":"ENTER_TEXT"}]}
COMMAND: POST /session/92be47b897e917a2bfe5475508088598/actions - {"actions":[{"id":"action14","type":"key","parameters":{},"actions":[{"type":"keyDown","value":"î€‡"},{"type":"pause","duration":10},{"type":"keyUp","value":"î€‡"}]}]}
RESULT: {"actions":[{"id":"action14","type":"key","parameters":{},"actions":[{"type":"keyDown","value":"î€‡"},{"type":"pause","duration":10},{"type":"keyUp","value":"î€‡"}]}]}
COMMAND: GET /session/92be47b897e917a2bfe5475508088598/screenshot - {}
RESULT: {}
COMMAND: POST /session/92be47b897e917a2bfe5475508088598/element - {"using":"xpath","value":"//td/div/span[contains(text(), \"BGL Vehicles\")]"}
RESULT: {"using":"xpath","value":"//td/div/span[contains(text(), \"BGL Vehicles\")]"}
COMMAND: POST /session/92be47b897e917a2bfe5475508088598/element/f.F83476283EE3547CE86D07744718997E.d.1F568D0B7B1B1D9B15960F3CD3FC27F5.e.2411/click - {}
RESULT: {}
COMMAND: GET /session/92be47b897e917a2bfe5475508088598/screenshot - {}
RESULT: {}
COMMAND: POST /session/92be47b897e917a2bfe5475508088598/element - {"using":"xpath","value":"//bdi[contains(text(), \"OK\")]"}
RESULT: {"using":"xpath","value":"//bdi[contains(text(), \"OK\")]"}
COMMAND: POST /session/92be47b897e917a2bfe5475508088598/element/f.F83476283EE3547CE86D07744718997E.d.1F568D0B7B1B1D9B15960F3CD3FC27F5.e.2412/click - {}
RESULT: {}
COMMAND: GET /session/92be47b897e917a2bfe5475508088598/screenshot - {}
RESULT: {}
COMMAND: POST /session/92be47b897e917a2bfe5475508088598/execute/async - {"script":"<script> [1562 bytes]","args":[{"selector":{"id":"application-manageresources-display-component---newResourceUnit--newRRUPage-anchBar-application-manageresources-display-component---newResourceUnit--resource-anchor","interaction":{"idSuffix":"BDI-content"}},"wdio_ui5_key":"applicationmanageresources-display-component---newResourceUnit--newRRUPage-anchBar-application-manageresources-display-component---newResourceUnit--resource-anchor"}]}
RESULT: {"script":"<script> [1562 bytes]","args":[{"selector":{"id":"application-manageresources-display-component---newResourceUnit--newRRUPage-anchBar-application-manageresources-display-component---newResourceUnit--resource-anchor","interaction":{"idSuffix":"BDI-content"}},"wdio_ui5_key":"applicationmanageresources-display-component---newResourceUnit--newRRUPage-anchBar-application-manageresources-display-component---newResourceUnit--resource-anchor"}]}
RESULT: undefined
COMMAND: POST /session/92be47b897e917a2bfe5475508088598/element - {"using":"xpath","value":"//*[@id=\"application-manageresources-display-component---newResourceUnit--newRRUPage-anchBar-application-manageresources-display-component---newResourceUnit--resource-anchor\"]"}
RESULT: {"using":"xpath","value":"//*[@id=\"application-manageresources-display-component---newResourceUnit--newRRUPage-anchBar-application-manageresources-display-component---newResourceUnit--resource-anchor\"]"}
COMMAND: POST /session/92be47b897e917a2bfe5475508088598/element/f.F83476283EE3547CE86D07744718997E.d.1F568D0B7B1B1D9B15960F3CD3FC27F5.e.2416/click - {}
RESULT: {}
COMMAND: POST /session/92be47b897e917a2bfe5475508088598/execute/async - {"script":"<script> [1562 bytes]","args":[{"selector":{"id":"application-manageresources-display-component---newResourceUnit--PLANNED_DELIVERY_DATE","interaction":{"idSuffix":"inner"}},"wdio_ui5_key":"applicationmanageresources-display-component---newResourceUnit--PLANNED_DELIVERY_DATE"}]}
COMMAND: GET /session/92be47b897e917a2bfe5475508088598/screenshot - {}
RESULT: {"script":"<script> [1562 bytes]","args":[{"selector":{"id":"application-manageresources-display-component---newResourceUnit--PLANNED_DELIVERY_DATE","interaction":{"idSuffix":"inner"}},"wdio_ui5_key":"applicationmanageresources-display-component---newResourceUnit--PLANNED_DELIVERY_DATE"}]}
RESULT: undefined
COMMAND: POST /session/92be47b897e917a2bfe5475508088598/execute/async - {"script":"<script> [6424 bytes]","args":[{"element-6066-11e4-a52e-4f735466cecf":"f.F83476283EE3547CE86D07744718997E.d.1F568D0B7B1B1D9B15960F3CD3FC27F5.e.2278"},"setValue",["5/15/25"]]}
RESULT: {}
RESULT: {"script":"<script> [6424 bytes]","args":[{"element-6066-11e4-a52e-4f735466cecf":"f.F83476283EE3547CE86D07744718997E.d.1F568D0B7B1B1D9B15960F3CD3FC27F5.e.2278"},"setValue",["5/15/25"]]}
COMMAND: POST /session/92be47b897e917a2bfe5475508088598/element - {"using":"xpath","value":"//label[contains(@class, 'sapMLabelRequired') and .//bdi[contains(text(), 'Planned Retirement')]]"}
RESULT: {"using":"xpath","value":"//label[contains(@class, 'sapMLabelRequired') and .//bdi[contains(text(), 'Planned Retirement')]]"}
COMMAND: POST /session/92be47b897e917a2bfe5475508088598/elements - {"using":"xpath","value":"//label[contains(@class, 'sapMLabelRequired') and .//bdi[contains(text(), 'Planned Retirement')]]"}
RESULT: {"using":"xpath","value":"//label[contains(@class, 'sapMLabelRequired') and .//bdi[contains(text(), 'Planned Retirement')]]"}
COMMAND: POST /session/92be47b897e917a2bfe5475508088598/element - {"using":"xpath","value":"//button[@data-kt=\"resourceUnitSaveButton\"]"}
RESULT: {"using":"xpath","value":"//button[@data-kt=\"resourceUnitSaveButton\"]"}
COMMAND: POST /session/92be47b897e917a2bfe5475508088598/element/f.F83476283EE3547CE86D07744718997E.d.1F568D0B7B1B1D9B15960F3CD3FC27F5.e.2239/click - {}
RESULT: {}
COMMAND: GET /session/92be47b897e917a2bfe5475508088598/screenshot - {}
RESULT: {}
COMMAND: POST /session/92be47b897e917a2bfe5475508088598/element - {"using":"xpath","value":"//bdi[contains(text(), \"Close\")]"}
RESULT: {"using":"xpath","value":"//bdi[contains(text(), \"Close\")]"}
COMMAND: POST /session/92be47b897e917a2bfe5475508088598/element/f.F83476283EE3547CE86D07744718997E.d.1F568D0B7B1B1D9B15960F3CD3FC27F5.e.2425/click - {}
RESULT: {}
COMMAND: GET /session/92be47b897e917a2bfe5475508088598/screenshot - {}
RESULT: {}
COMMAND: POST /session/92be47b897e917a2bfe5475508088598/element - {"using":"xpath","value":"(//button[contains(@id ,\"actionsToolbar-overflowButton\")])[1]"}
RESULT: {"using":"xpath","value":"(//button[contains(@id ,\"actionsToolbar-overflowButton\")])[1]"}
COMMAND: POST /session/92be47b897e917a2bfe5475508088598/element/f.F83476283EE3547CE86D07744718997E.d.1F568D0B7B1B1D9B15960F3CD3FC27F5.e.2477/click - {}
RESULT: {}
COMMAND: GET /session/92be47b897e917a2bfe5475508088598/screenshot - {}
RESULT: {}
COMMAND: POST /session/92be47b897e917a2bfe5475508088598/element - {"using":"xpath","value":"//button[@data-kt=\"priceInfoButton\"]"}
RESULT: {"using":"xpath","value":"//button[@data-kt=\"priceInfoButton\"]"}
COMMAND: POST /session/92be47b897e917a2bfe5475508088598/element/f.F83476283EE3547CE86D07744718997E.d.1F568D0B7B1B1D9B15960F3CD3FC27F5.e.2479/click - {}
RESULT: {}
COMMAND: GET /session/92be47b897e917a2bfe5475508088598/screenshot - {}
RESULT: {}
COMMAND: POST /session/92be47b897e917a2bfe5475508088598/element - {"using":"css selector","value":"#shell-header-logo"}
RESULT: {"using":"css selector","value":"#shell-header-logo"}
COMMAND: POST /session/92be47b897e917a2bfe5475508088598/element/f.F83476283EE3547CE86D07744718997E.d.1F568D0B7B1B1D9B15960F3CD3FC27F5.e.1826/click - {}
RESULT: {}
COMMAND: GET /session/92be47b897e917a2bfe5475508088598/screenshot - {}
]]></system-out>
    </testcase>
    <testcase classname="chrome.136_0_7103_49.windows.RU_Inventory_Mass_State_Change_Multiple_Items_US151066" name="Prerequisite Step 2 Should create a new material" time="103.616">
      <system-out><![CDATA[
RESULT: undefined
COMMAND: POST /session/92be47b897e917a2bfe5475508088598/element - {"using":"xpath","value":"//*[@id=\"__tile39\"]"}
RESULT: {}
RESULT: {"using":"xpath","value":"//*[@id=\"__tile39\"]"}
COMMAND: POST /session/92be47b897e917a2bfe5475508088598/element/f.F83476283EE3547CE86D07744718997E.d.1F568D0B7B1B1D9B15960F3CD3FC27F5.e.146/click - {}
RESULT: {}
COMMAND: GET /session/92be47b897e917a2bfe5475508088598/screenshot - {}
RESULT: {}
COMMAND: POST /session/92be47b897e917a2bfe5475508088598/elements - {"using":"xpath","value":"//span[text()='Error']"}
RESULT: {"using":"xpath","value":"//span[text()='Error']"}
COMMAND: POST /session/92be47b897e917a2bfe5475508088598/element - {"using":"xpath","value":"//button[@data-kt=\"addNewRUOverflowToolbarButton\"]"}
RESULT: {"using":"xpath","value":"//button[@data-kt=\"addNewRUOverflowToolbarButton\"]"}
COMMAND: POST /session/92be47b897e917a2bfe5475508088598/elements - {"using":"xpath","value":"//button[@data-kt=\"addNewRUOverflowToolbarButton\"]"}
RESULT: {"using":"xpath","value":"//button[@data-kt=\"addNewRUOverflowToolbarButton\"]"}
COMMAND: POST /session/92be47b897e917a2bfe5475508088598/execute/sync - {"script":"<script> [8489 bytes]","args":[{"element-6066-11e4-a52e-4f735466cecf":"f.F83476283EE3547CE86D07744718997E.d.1F568D0B7B1B1D9B15960F3CD3FC27F5.e.2525","ELEMENT":"f.F83476283EE3547CE86D07744718997E.d.1F568D0B7B1B1D9B15960F3CD3FC27F5.e.2525"}]}
RESULT: {"script":"<script> [8489 bytes]","args":[{"element-6066-11e4-a52e-4f735466cecf":"f.F83476283EE3547CE86D07744718997E.d.1F568D0B7B1B1D9B15960F3CD3FC27F5.e.2525","ELEMENT":"f.F83476283EE3547CE86D07744718997E.d.1F568D0B7B1B1D9B15960F3CD3FC27F5.e.2525"}]}
COMMAND: GET /session/92be47b897e917a2bfe5475508088598/element/f.F83476283EE3547CE86D07744718997E.d.1F568D0B7B1B1D9B15960F3CD3FC27F5.e.2525/enabled - {}
COMMAND: GET /session/92be47b897e917a2bfe5475508088598/screenshot - {}
RESULT: {}
COMMAND: POST /session/92be47b897e917a2bfe5475508088598/execute/sync - {"script":"<script> [8489 bytes]","args":[{"element-6066-11e4-a52e-4f735466cecf":"f.F83476283EE3547CE86D07744718997E.d.1F568D0B7B1B1D9B15960F3CD3FC27F5.e.2525","ELEMENT":"f.F83476283EE3547CE86D07744718997E.d.1F568D0B7B1B1D9B15960F3CD3FC27F5.e.2525"}]}
COMMAND: GET /session/92be47b897e917a2bfe5475508088598/screenshot - {}
RESULT: {}
RESULT: {"script":"<script> [8489 bytes]","args":[{"element-6066-11e4-a52e-4f735466cecf":"f.F83476283EE3547CE86D07744718997E.d.1F568D0B7B1B1D9B15960F3CD3FC27F5.e.2525","ELEMENT":"f.F83476283EE3547CE86D07744718997E.d.1F568D0B7B1B1D9B15960F3CD3FC27F5.e.2525"}]}
COMMAND: POST /session/92be47b897e917a2bfe5475508088598/execute/sync - {"script":"<script> [5351 bytes]","args":[{"element-6066-11e4-a52e-4f735466cecf":"f.F83476283EE3547CE86D07744718997E.d.1F568D0B7B1B1D9B15960F3CD3FC27F5.e.2525","ELEMENT":"f.F83476283EE3547CE86D07744718997E.d.1F568D0B7B1B1D9B15960F3CD3FC27F5.e.2525"}]}
COMMAND: GET /session/92be47b897e917a2bfe5475508088598/screenshot - {}
RESULT: {}
RESULT: {"script":"<script> [5351 bytes]","args":[{"element-6066-11e4-a52e-4f735466cecf":"f.F83476283EE3547CE86D07744718997E.d.1F568D0B7B1B1D9B15960F3CD3FC27F5.e.2525","ELEMENT":"f.F83476283EE3547CE86D07744718997E.d.1F568D0B7B1B1D9B15960F3CD3FC27F5.e.2525"}]}
COMMAND: POST /session/92be47b897e917a2bfe5475508088598/element/f.F83476283EE3547CE86D07744718997E.d.1F568D0B7B1B1D9B15960F3CD3FC27F5.e.2525/click - {}
COMMAND: GET /session/92be47b897e917a2bfe5475508088598/screenshot - {}
RESULT: {}
RESULT: {}
COMMAND: GET /session/92be47b897e917a2bfe5475508088598/screenshot - {}
RESULT: {}
RESULT: {}
RESULT: undefined
COMMAND: POST /session/92be47b897e917a2bfe5475508088598/element - {"using":"xpath","value":"//*[@id=\"application-manageresources-display-component---newResourceUnit--TYPE-arrow\"]"}
RESULT: {"using":"xpath","value":"//*[@id=\"application-manageresources-display-component---newResourceUnit--TYPE-arrow\"]"}
COMMAND: POST /session/92be47b897e917a2bfe5475508088598/element/f.F83476283EE3547CE86D07744718997E.d.1F568D0B7B1B1D9B15960F3CD3FC27F5.e.2878/click - {}
RESULT: {}
COMMAND: POST /session/92be47b897e917a2bfe5475508088598/element - {"using":"xpath","value":"//input[@id=\"application-manageresources-display-component---newResourceUnit--TYPE-inner\"]"}
COMMAND: GET /session/92be47b897e917a2bfe5475508088598/screenshot - {}
RESULT: {"using":"xpath","value":"//input[@id=\"application-manageresources-display-component---newResourceUnit--TYPE-inner\"]"}
COMMAND: POST /session/92be47b897e917a2bfe5475508088598/element/f.F83476283EE3547CE86D07744718997E.d.1F568D0B7B1B1D9B15960F3CD3FC27F5.e.2864/clear - {}
RESULT: {}
RESULT: {}
COMMAND: POST /session/92be47b897e917a2bfe5475508088598/element/f.F83476283EE3547CE86D07744718997E.d.1F568D0B7B1B1D9B15960F3CD3FC27F5.e.2864/value - {"text":"Material"}
COMMAND: GET /session/92be47b897e917a2bfe5475508088598/screenshot - {}
RESULT: {"text":"Material"}
COMMAND: GET /session/92be47b897e917a2bfe5475508088598/screenshot - {}
RESULT: {}
RESULT: {}
COMMAND: POST /session/92be47b897e917a2bfe5475508088598/actions - {"actions":[{"id":"action15","type":"key","parameters":{},"actions":[{"type":"keyDown","value":"î€‡"},{"type":"pause","duration":10},{"type":"keyUp","value":"î€‡"}]}]}
RESULT: {"actions":[{"id":"action15","type":"key","parameters":{},"actions":[{"type":"keyDown","value":"î€‡"},{"type":"pause","duration":10},{"type":"keyUp","value":"î€‡"}]}]}
RESULT: undefined
COMMAND: POST /session/92be47b897e917a2bfe5475508088598/execute/async - {"script":"<script> [776 bytes]","args":[{"enterText":"Cement WDIO","selector":{"id":"application-manageresources-display-component---newResourceUnit--SHORT_TEXT","interaction":{"idSuffix":"inner"}},"clearTextFirst":true,"interactionType":"ENTER_TEXT"}]}
COMMAND: GET /session/92be47b897e917a2bfe5475508088598/screenshot - {}
RESULT: {"script":"<script> [776 bytes]","args":[{"enterText":"Cement WDIO","selector":{"id":"application-manageresources-display-component---newResourceUnit--SHORT_TEXT","interaction":{"idSuffix":"inner"}},"clearTextFirst":true,"interactionType":"ENTER_TEXT"}]}
RESULT: undefined
COMMAND: POST /session/92be47b897e917a2bfe5475508088598/execute/async - {"script":"<script> [776 bytes]","args":[{"enterText":"Piece","selector":{"id":"application-manageresources-display-component---newResourceUnit--BASE_UNIT_OF_MEASURE","interaction":{"idSuffix":"inner"}},"clearTextFirst":true,"interactionType":"ENTER_TEXT"}]}
RESULT: {}
RESULT: {"script":"<script> [776 bytes]","args":[{"enterText":"Piece","selector":{"id":"application-manageresources-display-component---newResourceUnit--BASE_UNIT_OF_MEASURE","interaction":{"idSuffix":"inner"}},"clearTextFirst":true,"interactionType":"ENTER_TEXT"}]}
RESULT: undefined
COMMAND: POST /session/92be47b897e917a2bfe5475508088598/execute/async - {"script":"<script> [776 bytes]","args":[{"enterText":"Gram","selector":{"id":"application-manageresources-display-component---newResourceUnit--WEIGHT_UNIT","interaction":{"idSuffix":"inner"}},"clearTextFirst":true,"interactionType":"ENTER_TEXT"}]}
RESULT: {"script":"<script> [776 bytes]","args":[{"enterText":"Gram","selector":{"id":"application-manageresources-display-component---newResourceUnit--WEIGHT_UNIT","interaction":{"idSuffix":"inner"}},"clearTextFirst":true,"interactionType":"ENTER_TEXT"}]}
RESULT: undefined
COMMAND: POST /session/92be47b897e917a2bfe5475508088598/execute/async - {"script":"<script> [776 bytes]","args":[{"enterText":"Meter","selector":{"id":"application-manageresources-display-component---newResourceUnit--DIMENSION_UNIT","interaction":{"idSuffix":"inner"}},"clearTextFirst":true,"interactionType":"ENTER_TEXT"}]}
RESULT: {"script":"<script> [776 bytes]","args":[{"enterText":"Meter","selector":{"id":"application-manageresources-display-component---newResourceUnit--DIMENSION_UNIT","interaction":{"idSuffix":"inner"}},"clearTextFirst":true,"interactionType":"ENTER_TEXT"}]}
RESULT: undefined
COMMAND: POST /session/92be47b897e917a2bfe5475508088598/element - {"using":"xpath","value":"//*[@id=\"application-manageresources-display-component---newResourceUnit--newRRUPage-anchBar-application-manageresources-display-component---newResourceUnit--control-anchor\"]"}
RESULT: {"using":"xpath","value":"//*[@id=\"application-manageresources-display-component---newResourceUnit--newRRUPage-anchBar-application-manageresources-display-component---newResourceUnit--control-anchor\"]"}
COMMAND: POST /session/92be47b897e917a2bfe5475508088598/element/f.F83476283EE3547CE86D07744718997E.d.1F568D0B7B1B1D9B15960F3CD3FC27F5.e.2939/click - {}
RESULT: {}
RESULT: undefined
COMMAND: POST /session/92be47b897e917a2bfe5475508088598/execute/async - {"script":"<script> [776 bytes]","args":[{"enterText":"Material","selector":{"id":"application-manageresources-display-component---newResourceUnit--PLANNING_GROUP","interaction":{"idSuffix":"inner"}},"clearTextFirst":true,"interactionType":"ENTER_TEXT"}]}
COMMAND: GET /session/92be47b897e917a2bfe5475508088598/screenshot - {}
RESULT: {"script":"<script> [776 bytes]","args":[{"enterText":"Material","selector":{"id":"application-manageresources-display-component---newResourceUnit--PLANNING_GROUP","interaction":{"idSuffix":"inner"}},"clearTextFirst":true,"interactionType":"ENTER_TEXT"}]}
RESULT: {}
COMMAND: POST /session/92be47b897e917a2bfe5475508088598/execute/async - {"script":"<script> [1562 bytes]","args":[{"selector":{"id":"application-manageresources-display-component---newResourceUnit--PLANNING_INDICATOR","interaction":{"idSuffix":"inner"}},"wdio_ui5_key":"applicationmanageresources-display-component---newResourceUnit--PLANNING_INDICATOR"}]}
RESULT: {"script":"<script> [1562 bytes]","args":[{"selector":{"id":"application-manageresources-display-component---newResourceUnit--PLANNING_INDICATOR","interaction":{"idSuffix":"inner"}},"wdio_ui5_key":"applicationmanageresources-display-component---newResourceUnit--PLANNING_INDICATOR"}]}
RESULT: undefined
COMMAND: POST /session/92be47b897e917a2bfe5475508088598/execute/async - {"script":"<script> [776 bytes]","args":[{"enterText":"10 - infinite","selector":{"id":"application-manageresources-display-component---newResourceUnit--PLANNING_INDICATOR","interaction":{"idSuffix":"inner"}},"clearTextFirst":true,"interactionType":"ENTER_TEXT"}]}
RESULT: {"script":"<script> [776 bytes]","args":[{"enterText":"10 - infinite","selector":{"id":"application-manageresources-display-component---newResourceUnit--PLANNING_INDICATOR","interaction":{"idSuffix":"inner"}},"clearTextFirst":true,"interactionType":"ENTER_TEXT"}]}
COMMAND: POST /session/92be47b897e917a2bfe5475508088598/element - {"using":"css selector","value":"#application-manageresources-display-component---newResourceUnit--btnAddTimeSegment"}
RESULT: {"using":"css selector","value":"#application-manageresources-display-component---newResourceUnit--btnAddTimeSegment"}
COMMAND: GET /session/92be47b897e917a2bfe5475508088598/element/f.F83476283EE3547CE86D07744718997E.d.1F568D0B7B1B1D9B15960F3CD3FC27F5.e.2948/rect - {}
RESULT: {}
COMMAND: GET /session/92be47b897e917a2bfe5475508088598/window/rect - {}
RESULT: {}
COMMAND: POST /session/92be47b897e917a2bfe5475508088598/execute/sync - {"script":"<script> [92 bytes]","args":[]}
RESULT: {"script":"<script> [92 bytes]","args":[]}
COMMAND: POST /session/92be47b897e917a2bfe5475508088598/actions - {"actions":[{"id":"action16","type":"wheel","parameters":{},"actions":[{"type":"scroll","x":-1888,"y":-32,"deltaX":0,"deltaY":0,"duration":0,"origin":{"element-6066-11e4-a52e-4f735466cecf":"f.F83476283EE3547CE86D07744718997E.d.1F568D0B7B1B1D9B15960F3CD3FC27F5.e.2948"}}]}]}
COMMAND: GET /session/92be47b897e917a2bfe5475508088598/screenshot - {}
RESULT: {}
COMMAND: POST /session/92be47b897e917a2bfe5475508088598/execute/sync - {"script":"<script> [79 bytes]","args":[{"element-6066-11e4-a52e-4f735466cecf":"f.F83476283EE3547CE86D07744718997E.d.1F568D0B7B1B1D9B15960F3CD3FC27F5.e.2948","ELEMENT":"f.F83476283EE3547CE86D07744718997E.d.1F568D0B7B1B1D9B15960F3CD3FC27F5.e.2948"},{"block":"start","inline":"nearest"}]}
RESULT: {"script":"<script> [79 bytes]","args":[{"element-6066-11e4-a52e-4f735466cecf":"f.F83476283EE3547CE86D07744718997E.d.1F568D0B7B1B1D9B15960F3CD3FC27F5.e.2948","ELEMENT":"f.F83476283EE3547CE86D07744718997E.d.1F568D0B7B1B1D9B15960F3CD3FC27F5.e.2948"},{"block":"start","inline":"nearest"}]}
RESULT: undefined
COMMAND: POST /session/92be47b897e917a2bfe5475508088598/element - {"using":"xpath","value":"//*[@id=\"application-manageresources-display-component---newResourceUnit--btnAddTimeSegment\"]"}
COMMAND: GET /session/92be47b897e917a2bfe5475508088598/screenshot - {}
RESULT: {"using":"xpath","value":"//*[@id=\"application-manageresources-display-component---newResourceUnit--btnAddTimeSegment\"]"}
COMMAND: POST /session/92be47b897e917a2bfe5475508088598/element/f.F83476283EE3547CE86D07744718997E.d.1F568D0B7B1B1D9B15960F3CD3FC27F5.e.2948/click - {}
RESULT: {}
RESULT: {}
COMMAND: GET /session/92be47b897e917a2bfe5475508088598/screenshot - {}
RESULT: {}
COMMAND: POST /session/92be47b897e917a2bfe5475508088598/element - {"using":"xpath","value":"//input[@id=\"application-manageresources-display-component---newResourceUnit--idRuTSAdmin-application-manageresources-display-component---newResourceUnit--RUTimeSegment-0-inner\"]"}
RESULT: {"using":"xpath","value":"//input[@id=\"application-manageresources-display-component---newResourceUnit--idRuTSAdmin-application-manageresources-display-component---newResourceUnit--RUTimeSegment-0-inner\"]"}
COMMAND: POST /session/92be47b897e917a2bfe5475508088598/element/f.F83476283EE3547CE86D07744718997E.d.1F568D0B7B1B1D9B15960F3CD3FC27F5.e.2952/clear - {}
RESULT: {}
COMMAND: POST /session/92be47b897e917a2bfe5475508088598/element/f.F83476283EE3547CE86D07744718997E.d.1F568D0B7B1B1D9B15960F3CD3FC27F5.e.2952/value - {"text":"109"}
COMMAND: GET /session/92be47b897e917a2bfe5475508088598/screenshot - {}
RESULT: {"text":"109"}
COMMAND: GET /session/92be47b897e917a2bfe5475508088598/screenshot - {}
RESULT: {}
RESULT: {}
COMMAND: POST /session/92be47b897e917a2bfe5475508088598/element - {"using":"xpath","value":"//li[.//span[text()='109']]"}
RESULT: {"using":"xpath","value":"//li[.//span[text()='109']]"}
COMMAND: POST /session/92be47b897e917a2bfe5475508088598/element/f.F83476283EE3547CE86D07744718997E.d.1F568D0B7B1B1D9B15960F3CD3FC27F5.e.2960/click - {}
RESULT: {}
COMMAND: GET /session/92be47b897e917a2bfe5475508088598/screenshot - {}
RESULT: {}
COMMAND: POST /session/92be47b897e917a2bfe5475508088598/element - {"using":"xpath","value":"(//span[contains(@id, \"-application-manageresources-display-component---newResourceUnit--RUTimeSegment-0-arrow\")])[2]"}
RESULT: {"using":"xpath","value":"(//span[contains(@id, \"-application-manageresources-display-component---newResourceUnit--RUTimeSegment-0-arrow\")])[2]"}
COMMAND: POST /session/92be47b897e917a2bfe5475508088598/element/f.F83476283EE3547CE86D07744718997E.d.1F568D0B7B1B1D9B15960F3CD3FC27F5.e.2961/click - {}
RESULT: {}
COMMAND: POST /session/92be47b897e917a2bfe5475508088598/element - {"using":"xpath","value":"//span[contains(text(), \"PM Order\")]"}
COMMAND: GET /session/92be47b897e917a2bfe5475508088598/screenshot - {}
RESULT: {"using":"xpath","value":"//span[contains(text(), \"PM Order\")]"}
COMMAND: POST /session/92be47b897e917a2bfe5475508088598/element/f.F83476283EE3547CE86D07744718997E.d.1F568D0B7B1B1D9B15960F3CD3FC27F5.e.2962/click - {}
RESULT: {}
RESULT: {}
COMMAND: GET /session/92be47b897e917a2bfe5475508088598/screenshot - {}
RESULT: {}
COMMAND: POST /session/92be47b897e917a2bfe5475508088598/element - {"using":"xpath","value":"//td/div/div/div/span[contains(@id, \"newResourceUnit--RUTimeSegment-0-vhi\")][1]"}
RESULT: {"using":"xpath","value":"//td/div/div/div/span[contains(@id, \"newResourceUnit--RUTimeSegment-0-vhi\")][1]"}
COMMAND: GET /session/92be47b897e917a2bfe5475508088598/element/f.F83476283EE3547CE86D07744718997E.d.1F568D0B7B1B1D9B15960F3CD3FC27F5.e.2966/rect - {}
RESULT: {}
COMMAND: GET /session/92be47b897e917a2bfe5475508088598/window/rect - {}
RESULT: {}
COMMAND: POST /session/92be47b897e917a2bfe5475508088598/execute/sync - {"script":"<script> [92 bytes]","args":[]}
RESULT: {"script":"<script> [92 bytes]","args":[]}
COMMAND: POST /session/92be47b897e917a2bfe5475508088598/actions - {"actions":[{"id":"action17","type":"wheel","parameters":{},"actions":[{"type":"scroll","x":-1888,"y":-24,"deltaX":0,"deltaY":0,"duration":0,"origin":{"element-6066-11e4-a52e-4f735466cecf":"f.F83476283EE3547CE86D07744718997E.d.1F568D0B7B1B1D9B15960F3CD3FC27F5.e.2966"}}]}]}
COMMAND: GET /session/92be47b897e917a2bfe5475508088598/screenshot - {}
RESULT: {}
COMMAND: POST /session/92be47b897e917a2bfe5475508088598/execute/sync - {"script":"<script> [79 bytes]","args":[{"element-6066-11e4-a52e-4f735466cecf":"f.F83476283EE3547CE86D07744718997E.d.1F568D0B7B1B1D9B15960F3CD3FC27F5.e.2966","ELEMENT":"f.F83476283EE3547CE86D07744718997E.d.1F568D0B7B1B1D9B15960F3CD3FC27F5.e.2966"},{"block":"start","inline":"nearest"}]}
RESULT: {"script":"<script> [79 bytes]","args":[{"element-6066-11e4-a52e-4f735466cecf":"f.F83476283EE3547CE86D07744718997E.d.1F568D0B7B1B1D9B15960F3CD3FC27F5.e.2966","ELEMENT":"f.F83476283EE3547CE86D07744718997E.d.1F568D0B7B1B1D9B15960F3CD3FC27F5.e.2966"},{"block":"start","inline":"nearest"}]}
COMMAND: GET /session/92be47b897e917a2bfe5475508088598/screenshot - {}
RESULT: {}
COMMAND: POST /session/92be47b897e917a2bfe5475508088598/element/f.F83476283EE3547CE86D07744718997E.d.1F568D0B7B1B1D9B15960F3CD3FC27F5.e.2966/click - {}
RESULT: {}
COMMAND: GET /session/92be47b897e917a2bfe5475508088598/screenshot - {}
RESULT: {}
RESULT: undefined
COMMAND: POST /session/92be47b897e917a2bfe5475508088598/execute/async - {"script":"<script> [776 bytes]","args":[{"enterText":"4000360","selector":{"controlType":"sap.m.SearchField","properties":{"placeholder":"Search"},"searchOpenDialogs":true,"interaction":{"idSuffix":"I"}},"clearTextFirst":true,"interactionType":"ENTER_TEXT"}]}
RESULT: {"script":"<script> [776 bytes]","args":[{"enterText":"4000360","selector":{"controlType":"sap.m.SearchField","properties":{"placeholder":"Search"},"searchOpenDialogs":true,"interaction":{"idSuffix":"I"}},"clearTextFirst":true,"interactionType":"ENTER_TEXT"}]}
COMMAND: POST /session/92be47b897e917a2bfe5475508088598/actions - {"actions":[{"id":"action18","type":"key","parameters":{},"actions":[{"type":"keyDown","value":"î€‡"},{"type":"pause","duration":10},{"type":"keyUp","value":"î€‡"}]}]}
RESULT: {"actions":[{"id":"action18","type":"key","parameters":{},"actions":[{"type":"keyDown","value":"î€‡"},{"type":"pause","duration":10},{"type":"keyUp","value":"î€‡"}]}]}
COMMAND: GET /session/92be47b897e917a2bfe5475508088598/screenshot - {}
RESULT: {}
COMMAND: POST /session/92be47b897e917a2bfe5475508088598/element - {"using":"xpath","value":"//td/div/span[contains(text(), \"BGL Vehicles\")]"}
RESULT: {"using":"xpath","value":"//td/div/span[contains(text(), \"BGL Vehicles\")]"}
COMMAND: POST /session/92be47b897e917a2bfe5475508088598/element/f.F83476283EE3547CE86D07744718997E.d.1F568D0B7B1B1D9B15960F3CD3FC27F5.e.2984/click - {}
RESULT: {}
COMMAND: GET /session/92be47b897e917a2bfe5475508088598/screenshot - {}
RESULT: {}
COMMAND: POST /session/92be47b897e917a2bfe5475508088598/element - {"using":"xpath","value":"//bdi[contains(text(), \"OK\")]"}
RESULT: {"using":"xpath","value":"//bdi[contains(text(), \"OK\")]"}
COMMAND: POST /session/92be47b897e917a2bfe5475508088598/element/f.F83476283EE3547CE86D07744718997E.d.1F568D0B7B1B1D9B15960F3CD3FC27F5.e.2985/click - {}
RESULT: {}
COMMAND: GET /session/92be47b897e917a2bfe5475508088598/screenshot - {}
RESULT: {}
COMMAND: POST /session/92be47b897e917a2bfe5475508088598/element - {"using":"xpath","value":"//label[contains(@class, 'sapMLabelRequired') and .//bdi[contains(text(), 'Planned Retirement')]]"}
RESULT: {"using":"xpath","value":"//label[contains(@class, 'sapMLabelRequired') and .//bdi[contains(text(), 'Planned Retirement')]]"}
COMMAND: POST /session/92be47b897e917a2bfe5475508088598/elements - {"using":"xpath","value":"//label[contains(@class, 'sapMLabelRequired') and .//bdi[contains(text(), 'Planned Retirement')]]"}
RESULT: {"using":"xpath","value":"//label[contains(@class, 'sapMLabelRequired') and .//bdi[contains(text(), 'Planned Retirement')]]"}
COMMAND: POST /session/92be47b897e917a2bfe5475508088598/element - {"using":"xpath","value":"//button[@data-kt=\"resourceUnitSaveButton\"]"}
RESULT: {"using":"xpath","value":"//button[@data-kt=\"resourceUnitSaveButton\"]"}
COMMAND: POST /session/92be47b897e917a2bfe5475508088598/element/f.F83476283EE3547CE86D07744718997E.d.1F568D0B7B1B1D9B15960F3CD3FC27F5.e.2897/click - {}
RESULT: {}
COMMAND: GET /session/92be47b897e917a2bfe5475508088598/screenshot - {}
RESULT: {}
COMMAND: POST /session/92be47b897e917a2bfe5475508088598/element - {"using":"xpath","value":"//bdi[contains(text(), \"Close\")]"}
RESULT: {"using":"xpath","value":"//bdi[contains(text(), \"Close\")]"}
COMMAND: POST /session/92be47b897e917a2bfe5475508088598/element/f.F83476283EE3547CE86D07744718997E.d.1F568D0B7B1B1D9B15960F3CD3FC27F5.e.2991/click - {}
RESULT: {}
COMMAND: GET /session/92be47b897e917a2bfe5475508088598/screenshot - {}
RESULT: {}
COMMAND: POST /session/92be47b897e917a2bfe5475508088598/element - {"using":"xpath","value":"//header[contains(@id, 'detailRruPage-headerTitle')]/div[1]/div[2]/div[2]/span[1]"}
RESULT: {"using":"xpath","value":"//header[contains(@id, 'detailRruPage-headerTitle')]/div[1]/div[2]/div[2]/span[1]"}
COMMAND: POST /session/92be47b897e917a2bfe5475508088598/elements - {"using":"xpath","value":"//header[contains(@id, 'detailRruPage-headerTitle')]/div[1]/div[2]/div[2]/span[1]"}
RESULT: {"using":"xpath","value":"//header[contains(@id, 'detailRruPage-headerTitle')]/div[1]/div[2]/div[2]/span[1]"}
COMMAND: POST /session/92be47b897e917a2bfe5475508088598/execute/sync - {"script":"<script> [56 bytes]","args":[{"element-6066-11e4-a52e-4f735466cecf":"f.F83476283EE3547CE86D07744718997E.d.1F568D0B7B1B1D9B15960F3CD3FC27F5.e.3018","ELEMENT":"f.F83476283EE3547CE86D07744718997E.d.1F568D0B7B1B1D9B15960F3CD3FC27F5.e.3018"}]}
RESULT: {"script":"<script> [56 bytes]","args":[{"element-6066-11e4-a52e-4f735466cecf":"f.F83476283EE3547CE86D07744718997E.d.1F568D0B7B1B1D9B15960F3CD3FC27F5.e.3018","ELEMENT":"f.F83476283EE3547CE86D07744718997E.d.1F568D0B7B1B1D9B15960F3CD3FC27F5.e.3018"}]}
COMMAND: POST /session/92be47b897e917a2bfe5475508088598/element - {"using":"css selector","value":"#shell-header-logo"}
COMMAND: GET /session/92be47b897e917a2bfe5475508088598/screenshot - {}
RESULT: {"using":"css selector","value":"#shell-header-logo"}
COMMAND: POST /session/92be47b897e917a2bfe5475508088598/element/f.F83476283EE3547CE86D07744718997E.d.1F568D0B7B1B1D9B15960F3CD3FC27F5.e.2485/click - {}
RESULT: {}
RESULT: {}
COMMAND: GET /session/92be47b897e917a2bfe5475508088598/screenshot - {}
RESULT: {}
]]></system-out>
    </testcase>
    <testcase classname="chrome.136_0_7103_49.windows.RU_Inventory_Mass_State_Change_Multiple_Items_US151066" name="Prerequisite Step 2 Should do a stock increase handover for the equipment" time="87.41">
      <system-out><![CDATA[
COMMAND: POST /session/92be47b897e917a2bfe5475508088598/execute/async - {"script":"<script> [1562 bytes]","args":[{"selector":{"controlType":"sap.m.GenericTile","properties":{"header":"Manage Handovers"}},"wdio_ui5_key":"sapm.GenericTile{\"header\":\"Manage Handovers\"}"}]}
RESULT: {"script":"<script> [1562 bytes]","args":[{"selector":{"controlType":"sap.m.GenericTile","properties":{"header":"Manage Handovers"}},"wdio_ui5_key":"sapm.GenericTile{\"header\":\"Manage Handovers\"}"}]}
RESULT: undefined
COMMAND: POST /session/92be47b897e917a2bfe5475508088598/element - {"using":"xpath","value":"//*[@id=\"__tile132\"]"}
RESULT: {"using":"xpath","value":"//*[@id=\"__tile132\"]"}
COMMAND: POST /session/92be47b897e917a2bfe5475508088598/element/f.F83476283EE3547CE86D07744718997E.d.1F568D0B7B1B1D9B15960F3CD3FC27F5.e.231/click - {}
RESULT: {}
COMMAND: GET /session/92be47b897e917a2bfe5475508088598/screenshot - {}
RESULT: {}
COMMAND: POST /session/92be47b897e917a2bfe5475508088598/elements - {"using":"xpath","value":"//span[text()='Error']"}
RESULT: {"using":"xpath","value":"//span[text()='Error']"}
COMMAND: POST /session/92be47b897e917a2bfe5475508088598/element - {"using":"xpath","value":"//button[@data-kt=\"masterHOAddButton\"]"}
RESULT: {"using":"xpath","value":"//button[@data-kt=\"masterHOAddButton\"]"}
COMMAND: POST /session/92be47b897e917a2bfe5475508088598/elements - {"using":"xpath","value":"//button[@data-kt=\"masterHOAddButton\"]"}
RESULT: {"using":"xpath","value":"//button[@data-kt=\"masterHOAddButton\"]"}
COMMAND: POST /session/92be47b897e917a2bfe5475508088598/execute/sync - {"script":"<script> [8489 bytes]","args":[{"element-6066-11e4-a52e-4f735466cecf":"f.F83476283EE3547CE86D07744718997E.d.1F568D0B7B1B1D9B15960F3CD3FC27F5.e.3057","ELEMENT":"f.F83476283EE3547CE86D07744718997E.d.1F568D0B7B1B1D9B15960F3CD3FC27F5.e.3057"}]}
RESULT: {"script":"<script> [8489 bytes]","args":[{"element-6066-11e4-a52e-4f735466cecf":"f.F83476283EE3547CE86D07744718997E.d.1F568D0B7B1B1D9B15960F3CD3FC27F5.e.3057","ELEMENT":"f.F83476283EE3547CE86D07744718997E.d.1F568D0B7B1B1D9B15960F3CD3FC27F5.e.3057"}]}
COMMAND: GET /session/92be47b897e917a2bfe5475508088598/element/f.F83476283EE3547CE86D07744718997E.d.1F568D0B7B1B1D9B15960F3CD3FC27F5.e.3057/enabled - {}
COMMAND: GET /session/92be47b897e917a2bfe5475508088598/screenshot - {}
RESULT: {}
COMMAND: POST /session/92be47b897e917a2bfe5475508088598/execute/sync - {"script":"<script> [8489 bytes]","args":[{"element-6066-11e4-a52e-4f735466cecf":"f.F83476283EE3547CE86D07744718997E.d.1F568D0B7B1B1D9B15960F3CD3FC27F5.e.3057","ELEMENT":"f.F83476283EE3547CE86D07744718997E.d.1F568D0B7B1B1D9B15960F3CD3FC27F5.e.3057"}]}
COMMAND: GET /session/92be47b897e917a2bfe5475508088598/screenshot - {}
RESULT: {}
RESULT: {"script":"<script> [8489 bytes]","args":[{"element-6066-11e4-a52e-4f735466cecf":"f.F83476283EE3547CE86D07744718997E.d.1F568D0B7B1B1D9B15960F3CD3FC27F5.e.3057","ELEMENT":"f.F83476283EE3547CE86D07744718997E.d.1F568D0B7B1B1D9B15960F3CD3FC27F5.e.3057"}]}
COMMAND: POST /session/92be47b897e917a2bfe5475508088598/execute/sync - {"script":"<script> [5351 bytes]","args":[{"element-6066-11e4-a52e-4f735466cecf":"f.F83476283EE3547CE86D07744718997E.d.1F568D0B7B1B1D9B15960F3CD3FC27F5.e.3057","ELEMENT":"f.F83476283EE3547CE86D07744718997E.d.1F568D0B7B1B1D9B15960F3CD3FC27F5.e.3057"}]}
COMMAND: GET /session/92be47b897e917a2bfe5475508088598/screenshot - {}
RESULT: {}
RESULT: {"script":"<script> [5351 bytes]","args":[{"element-6066-11e4-a52e-4f735466cecf":"f.F83476283EE3547CE86D07744718997E.d.1F568D0B7B1B1D9B15960F3CD3FC27F5.e.3057","ELEMENT":"f.F83476283EE3547CE86D07744718997E.d.1F568D0B7B1B1D9B15960F3CD3FC27F5.e.3057"}]}
COMMAND: POST /session/92be47b897e917a2bfe5475508088598/element/f.F83476283EE3547CE86D07744718997E.d.1F568D0B7B1B1D9B15960F3CD3FC27F5.e.3057/click - {}
COMMAND: GET /session/92be47b897e917a2bfe5475508088598/screenshot - {}
RESULT: {}
RESULT: {}
COMMAND: GET /session/92be47b897e917a2bfe5475508088598/screenshot - {}
RESULT: {}
RESULT: {}
COMMAND: POST /session/92be47b897e917a2bfe5475508088598/element - {"using":"xpath","value":"//span[contains(@id ,\"AddNewHO--typeSelect-arrow\")]"}
RESULT: {"using":"xpath","value":"//span[contains(@id ,\"AddNewHO--typeSelect-arrow\")]"}
COMMAND: POST /session/92be47b897e917a2bfe5475508088598/element/f.F83476283EE3547CE86D07744718997E.d.1F568D0B7B1B1D9B15960F3CD3FC27F5.e.3420/click - {}
RESULT: {}
COMMAND: GET /session/92be47b897e917a2bfe5475508088598/screenshot - {}
RESULT: {}
COMMAND: POST /session/92be47b897e917a2bfe5475508088598/element - {"using":"xpath","value":"(//li[contains(text(), \"stock increase yard\")])[1]"}
RESULT: {"using":"xpath","value":"(//li[contains(text(), \"stock increase yard\")])[1]"}
COMMAND: POST /session/92be47b897e917a2bfe5475508088598/element/f.F83476283EE3547CE86D07744718997E.d.1F568D0B7B1B1D9B15960F3CD3FC27F5.e.3421/click - {}
RESULT: {}
COMMAND: GET /session/92be47b897e917a2bfe5475508088598/screenshot - {}
RESULT: {}
COMMAND: POST /session/92be47b897e917a2bfe5475508088598/execute/async - {"script":"<script> [1562 bytes]","args":[{"selector":{"id":"application-managehandovers-display-component---AddNewHO--dueDate","interaction":{"idSuffix":"inner"}},"wdio_ui5_key":"applicationmanagehandovers-display-component---AddNewHO--dueDate"}]}
RESULT: {"script":"<script> [1562 bytes]","args":[{"selector":{"id":"application-managehandovers-display-component---AddNewHO--dueDate","interaction":{"idSuffix":"inner"}},"wdio_ui5_key":"applicationmanagehandovers-display-component---AddNewHO--dueDate"}]}
RESULT: undefined
COMMAND: POST /session/92be47b897e917a2bfe5475508088598/execute/async - {"script":"<script> [6424 bytes]","args":[{"element-6066-11e4-a52e-4f735466cecf":"f.F83476283EE3547CE86D07744718997E.d.1F568D0B7B1B1D9B15960F3CD3FC27F5.e.3423"},"setValue",["5/15/25"]]}
RESULT: {"script":"<script> [6424 bytes]","args":[{"element-6066-11e4-a52e-4f735466cecf":"f.F83476283EE3547CE86D07744718997E.d.1F568D0B7B1B1D9B15960F3CD3FC27F5.e.3423"},"setValue",["5/15/25"]]}
COMMAND: POST /session/92be47b897e917a2bfe5475508088598/element - {"using":"xpath","value":"//input[@id=\"generalSectionFrg--receiveYard-inner\"]"}
RESULT: {"using":"xpath","value":"//input[@id=\"generalSectionFrg--receiveYard-inner\"]"}
COMMAND: POST /session/92be47b897e917a2bfe5475508088598/element/f.F83476283EE3547CE86D07744718997E.d.1F568D0B7B1B1D9B15960F3CD3FC27F5.e.3427/clear - {}
RESULT: {}
COMMAND: POST /session/92be47b897e917a2bfe5475508088598/element/f.F83476283EE3547CE86D07744718997E.d.1F568D0B7B1B1D9B15960F3CD3FC27F5.e.3427/value - {"text":"109"}
COMMAND: GET /session/92be47b897e917a2bfe5475508088598/screenshot - {}
RESULT: {"text":"109"}
COMMAND: GET /session/92be47b897e917a2bfe5475508088598/screenshot - {}
RESULT: {}
RESULT: {}
COMMAND: POST /session/92be47b897e917a2bfe5475508088598/element - {"using":"xpath","value":"//li[.//span[text()='109']]"}
RESULT: {"using":"xpath","value":"//li[.//span[text()='109']]"}
COMMAND: POST /session/92be47b897e917a2bfe5475508088598/element/f.F83476283EE3547CE86D07744718997E.d.1F568D0B7B1B1D9B15960F3CD3FC27F5.e.3445/click - {}
RESULT: {}
COMMAND: GET /session/92be47b897e917a2bfe5475508088598/screenshot - {}
RESULT: {}
COMMAND: POST /session/92be47b897e917a2bfe5475508088598/execute/async - {"script":"<script> [1562 bytes]","args":[{"selector":{"id":"application-managehandovers-display-component---AddNewHO--ObjectPageLayout-anchBar-application-managehandovers-display-component---AddNewHO--section4-anchor","interaction":{"idSuffix":"BDI-content"}},"wdio_ui5_key":"applicationmanagehandovers-display-component---AddNewHO--ObjectPageLayout-anchBar-application-managehandovers-display-component---AddNewHO--section4-anchor"}]}
RESULT: {"script":"<script> [1562 bytes]","args":[{"selector":{"id":"application-managehandovers-display-component---AddNewHO--ObjectPageLayout-anchBar-application-managehandovers-display-component---AddNewHO--section4-anchor","interaction":{"idSuffix":"BDI-content"}},"wdio_ui5_key":"applicationmanagehandovers-display-component---AddNewHO--ObjectPageLayout-anchBar-application-managehandovers-display-component---AddNewHO--section4-anchor"}]}
RESULT: undefined
COMMAND: POST /session/92be47b897e917a2bfe5475508088598/element - {"using":"xpath","value":"//*[@id=\"application-managehandovers-display-component---AddNewHO--ObjectPageLayout-anchBar-application-managehandovers-display-component---AddNewHO--section4-anchor\"]"}
RESULT: {"using":"xpath","value":"//*[@id=\"application-managehandovers-display-component---AddNewHO--ObjectPageLayout-anchBar-application-managehandovers-display-component---AddNewHO--section4-anchor\"]"}
COMMAND: POST /session/92be47b897e917a2bfe5475508088598/element/f.F83476283EE3547CE86D07744718997E.d.1F568D0B7B1B1D9B15960F3CD3FC27F5.e.3447/click - {}
RESULT: {}
COMMAND: POST /session/92be47b897e917a2bfe5475508088598/element - {"using":"xpath","value":"//button[@aria-label=\"Add\"]"}
COMMAND: GET /session/92be47b897e917a2bfe5475508088598/screenshot - {}
RESULT: {"using":"xpath","value":"//button[@aria-label=\"Add\"]"}
COMMAND: POST /session/92be47b897e917a2bfe5475508088598/element/f.F83476283EE3547CE86D07744718997E.d.1F568D0B7B1B1D9B15960F3CD3FC27F5.e.3451/click - {}
RESULT: {}
RESULT: {}
COMMAND: GET /session/92be47b897e917a2bfe5475508088598/screenshot - {}
RESULT: {}
COMMAND: POST /session/92be47b897e917a2bfe5475508088598/execute/async - {"script":"<script> [1562 bytes]","args":[{"selector":{"id":"application-managehandovers-display-component---AddNewHO--smartFilterBar-btnBasicSearch","searchOpenDialogs":true,"interaction":{"idSuffix":"I"}},"wdio_ui5_key":"applicationmanagehandovers-display-component---AddNewHO--smartFilterBar-btnBasicSearch"}]}
RESULT: {"script":"<script> [1562 bytes]","args":[{"selector":{"id":"application-managehandovers-display-component---AddNewHO--smartFilterBar-btnBasicSearch","searchOpenDialogs":true,"interaction":{"idSuffix":"I"}},"wdio_ui5_key":"applicationmanagehandovers-display-component---AddNewHO--smartFilterBar-btnBasicSearch"}]}
RESULT: undefined
COMMAND: POST /session/92be47b897e917a2bfe5475508088598/execute/async - {"script":"<script> [776 bytes]","args":[{"enterText":"KQnWc62kMy","selector":{"id":"application-managehandovers-display-component---AddNewHO--smartFilterBar-btnBasicSearch","searchOpenDialogs":true,"interaction":{"idSuffix":"I"}},"clearTextFirst":true,"interactionType":"ENTER_TEXT"}]}
RESULT: {"script":"<script> [776 bytes]","args":[{"enterText":"KQnWc62kMy","selector":{"id":"application-managehandovers-display-component---AddNewHO--smartFilterBar-btnBasicSearch","searchOpenDialogs":true,"interaction":{"idSuffix":"I"}},"clearTextFirst":true,"interactionType":"ENTER_TEXT"}]}
COMMAND: POST /session/92be47b897e917a2bfe5475508088598/actions - {"actions":[{"id":"action19","type":"key","parameters":{},"actions":[{"type":"keyDown","value":"î€‡"},{"type":"pause","duration":10},{"type":"keyUp","value":"î€‡"}]}]}
RESULT: {"actions":[{"id":"action19","type":"key","parameters":{},"actions":[{"type":"keyDown","value":"î€‡"},{"type":"pause","duration":10},{"type":"keyUp","value":"î€‡"}]}]}
COMMAND: GET /session/92be47b897e917a2bfe5475508088598/screenshot - {}
RESULT: {}
COMMAND: POST /session/92be47b897e917a2bfe5475508088598/execute/async - {"script":"<script> [1562 bytes]","args":[{"selector":{"id":"application-managehandovers-display-component---AddNewHO--popup-sa","searchOpenDialogs":true,"interaction":{"idSuffix":"CbBg"}},"wdio_ui5_key":"applicationmanagehandovers-display-component---AddNewHO--popup-sa"}]}
RESULT: {"script":"<script> [1562 bytes]","args":[{"selector":{"id":"application-managehandovers-display-component---AddNewHO--popup-sa","searchOpenDialogs":true,"interaction":{"idSuffix":"CbBg"}},"wdio_ui5_key":"applicationmanagehandovers-display-component---AddNewHO--popup-sa"}]}
RESULT: undefined
COMMAND: POST /session/92be47b897e917a2bfe5475508088598/element - {"using":"xpath","value":"//*[@id=\"application-managehandovers-display-component---AddNewHO--popup-sa\"]"}
RESULT: {"using":"xpath","value":"//*[@id=\"application-managehandovers-display-component---AddNewHO--popup-sa\"]"}
COMMAND: POST /session/92be47b897e917a2bfe5475508088598/element/f.F83476283EE3547CE86D07744718997E.d.1F568D0B7B1B1D9B15960F3CD3FC27F5.e.3603/click - {}
RESULT: {}
COMMAND: GET /session/92be47b897e917a2bfe5475508088598/screenshot - {}
RESULT: {}
COMMAND: POST /session/92be47b897e917a2bfe5475508088598/element - {"using":"xpath","value":"//bdi[contains(text(), \"Select\")]"}
RESULT: {"using":"xpath","value":"//bdi[contains(text(), \"Select\")]"}
COMMAND: POST /session/92be47b897e917a2bfe5475508088598/element/f.F83476283EE3547CE86D07744718997E.d.1F568D0B7B1B1D9B15960F3CD3FC27F5.e.3604/click - {}
RESULT: {}
COMMAND: GET /session/92be47b897e917a2bfe5475508088598/screenshot - {}
RESULT: {}
COMMAND: POST /session/92be47b897e917a2bfe5475508088598/element - {"using":"xpath","value":"//button[@data-kt=\"AddNewHOSaveButton\"]"}
RESULT: {"using":"xpath","value":"//button[@data-kt=\"AddNewHOSaveButton\"]"}
COMMAND: POST /session/92be47b897e917a2bfe5475508088598/element/f.F83476283EE3547CE86D07744718997E.d.1F568D0B7B1B1D9B15960F3CD3FC27F5.e.3608/click - {}
RESULT: {}
COMMAND: GET /session/92be47b897e917a2bfe5475508088598/screenshot - {}
RESULT: {}
COMMAND: POST /session/92be47b897e917a2bfe5475508088598/execute/async - {"script":"<script> [1562 bytes]","args":[{"selector":{"id":"receiptDatePicker","viewName":"etm.portal.ui.managehandovers.view.DetailExecuteHO","interaction":{"idSuffix":"inner"}},"wdio_ui5_key":"receiptDatePickeretmportal.ui.managehandovers.view.DetailExecuteHO"}]}
RESULT: {"script":"<script> [1562 bytes]","args":[{"selector":{"id":"receiptDatePicker","viewName":"etm.portal.ui.managehandovers.view.DetailExecuteHO","interaction":{"idSuffix":"inner"}},"wdio_ui5_key":"receiptDatePickeretmportal.ui.managehandovers.view.DetailExecuteHO"}]}
RESULT: undefined
COMMAND: POST /session/92be47b897e917a2bfe5475508088598/execute/async - {"script":"<script> [6424 bytes]","args":[{"element-6066-11e4-a52e-4f735466cecf":"f.F83476283EE3547CE86D07744718997E.d.1F568D0B7B1B1D9B15960F3CD3FC27F5.e.3624"},"setValue",["5/15/25"]]}
RESULT: {"script":"<script> [6424 bytes]","args":[{"element-6066-11e4-a52e-4f735466cecf":"f.F83476283EE3547CE86D07744718997E.d.1F568D0B7B1B1D9B15960F3CD3FC27F5.e.3624"},"setValue",["5/15/25"]]}
COMMAND: POST /session/92be47b897e917a2bfe5475508088598/element - {"using":"xpath","value":"//button[@data-kt=\"PickingTableConfirmAllButton\"]"}
RESULT: {"using":"xpath","value":"//button[@data-kt=\"PickingTableConfirmAllButton\"]"}
COMMAND: POST /session/92be47b897e917a2bfe5475508088598/element/f.F83476283EE3547CE86D07744718997E.d.1F568D0B7B1B1D9B15960F3CD3FC27F5.e.3638/click - {}
RESULT: {}
COMMAND: GET /session/92be47b897e917a2bfe5475508088598/screenshot - {}
RESULT: {}
COMMAND: POST /session/92be47b897e917a2bfe5475508088598/element - {"using":"xpath","value":"//bdi[contains(text(), \"OK\")]"}
RESULT: {"using":"xpath","value":"//bdi[contains(text(), \"OK\")]"}
COMMAND: POST /session/92be47b897e917a2bfe5475508088598/element/f.F83476283EE3547CE86D07744718997E.d.1F568D0B7B1B1D9B15960F3CD3FC27F5.e.3640/click - {}
RESULT: {}
COMMAND: GET /session/92be47b897e917a2bfe5475508088598/screenshot - {}
RESULT: {}
COMMAND: POST /session/92be47b897e917a2bfe5475508088598/element - {"using":"xpath","value":"(//bdi[contains(text(), \"Receive\")])[2]"}
RESULT: {"using":"xpath","value":"(//bdi[contains(text(), \"Receive\")])[2]"}
COMMAND: POST /session/92be47b897e917a2bfe5475508088598/element/f.F83476283EE3547CE86D07744718997E.d.1F568D0B7B1B1D9B15960F3CD3FC27F5.e.3642/click - {}
RESULT: {}
COMMAND: GET /session/92be47b897e917a2bfe5475508088598/screenshot - {}
RESULT: {}
COMMAND: POST /session/92be47b897e917a2bfe5475508088598/element - {"using":"css selector","value":"#shell-header-logo"}
RESULT: {"using":"css selector","value":"#shell-header-logo"}
COMMAND: POST /session/92be47b897e917a2bfe5475508088598/element/f.F83476283EE3547CE86D07744718997E.d.1F568D0B7B1B1D9B15960F3CD3FC27F5.e.3024/click - {}
RESULT: {}
COMMAND: GET /session/92be47b897e917a2bfe5475508088598/screenshot - {}
RESULT: {}
]]></system-out>
    </testcase>
    <testcase classname="chrome.136_0_7103_49.windows.RU_Inventory_Mass_State_Change_Multiple_Items_US151066" name="Prerequisite Step 2 Should do a stock increase handover for the material" time="85.962">
      <system-out><![CDATA[
RESULT: undefined
COMMAND: POST /session/92be47b897e917a2bfe5475508088598/element - {"using":"xpath","value":"//*[@id=\"__tile132\"]"}
RESULT: {"using":"xpath","value":"//*[@id=\"__tile132\"]"}
COMMAND: POST /session/92be47b897e917a2bfe5475508088598/element/f.F83476283EE3547CE86D07744718997E.d.1F568D0B7B1B1D9B15960F3CD3FC27F5.e.231/click - {}
RESULT: {}
COMMAND: GET /session/92be47b897e917a2bfe5475508088598/screenshot - {}
RESULT: {}
COMMAND: POST /session/92be47b897e917a2bfe5475508088598/elements - {"using":"xpath","value":"//span[text()='Error']"}
RESULT: {"using":"xpath","value":"//span[text()='Error']"}
COMMAND: POST /session/92be47b897e917a2bfe5475508088598/element - {"using":"xpath","value":"//button[@data-kt=\"masterHOAddButton\"]"}
RESULT: {"using":"xpath","value":"//button[@data-kt=\"masterHOAddButton\"]"}
COMMAND: POST /session/92be47b897e917a2bfe5475508088598/elements - {"using":"xpath","value":"//button[@data-kt=\"masterHOAddButton\"]"}
RESULT: {"using":"xpath","value":"//button[@data-kt=\"masterHOAddButton\"]"}
COMMAND: POST /session/92be47b897e917a2bfe5475508088598/execute/sync - {"script":"<script> [8489 bytes]","args":[{"element-6066-11e4-a52e-4f735466cecf":"f.F83476283EE3547CE86D07744718997E.d.1F568D0B7B1B1D9B15960F3CD3FC27F5.e.3867","ELEMENT":"f.F83476283EE3547CE86D07744718997E.d.1F568D0B7B1B1D9B15960F3CD3FC27F5.e.3867"}]}
RESULT: {"script":"<script> [8489 bytes]","args":[{"element-6066-11e4-a52e-4f735466cecf":"f.F83476283EE3547CE86D07744718997E.d.1F568D0B7B1B1D9B15960F3CD3FC27F5.e.3867","ELEMENT":"f.F83476283EE3547CE86D07744718997E.d.1F568D0B7B1B1D9B15960F3CD3FC27F5.e.3867"}]}
COMMAND: GET /session/92be47b897e917a2bfe5475508088598/element/f.F83476283EE3547CE86D07744718997E.d.1F568D0B7B1B1D9B15960F3CD3FC27F5.e.3867/enabled - {}
COMMAND: GET /session/92be47b897e917a2bfe5475508088598/screenshot - {}
RESULT: {}
COMMAND: POST /session/92be47b897e917a2bfe5475508088598/execute/sync - {"script":"<script> [8489 bytes]","args":[{"element-6066-11e4-a52e-4f735466cecf":"f.F83476283EE3547CE86D07744718997E.d.1F568D0B7B1B1D9B15960F3CD3FC27F5.e.3867","ELEMENT":"f.F83476283EE3547CE86D07744718997E.d.1F568D0B7B1B1D9B15960F3CD3FC27F5.e.3867"}]}
COMMAND: GET /session/92be47b897e917a2bfe5475508088598/screenshot - {}
RESULT: {}
RESULT: {"script":"<script> [8489 bytes]","args":[{"element-6066-11e4-a52e-4f735466cecf":"f.F83476283EE3547CE86D07744718997E.d.1F568D0B7B1B1D9B15960F3CD3FC27F5.e.3867","ELEMENT":"f.F83476283EE3547CE86D07744718997E.d.1F568D0B7B1B1D9B15960F3CD3FC27F5.e.3867"}]}
COMMAND: POST /session/92be47b897e917a2bfe5475508088598/execute/sync - {"script":"<script> [5351 bytes]","args":[{"element-6066-11e4-a52e-4f735466cecf":"f.F83476283EE3547CE86D07744718997E.d.1F568D0B7B1B1D9B15960F3CD3FC27F5.e.3867","ELEMENT":"f.F83476283EE3547CE86D07744718997E.d.1F568D0B7B1B1D9B15960F3CD3FC27F5.e.3867"}]}
COMMAND: GET /session/92be47b897e917a2bfe5475508088598/screenshot - {}
RESULT: {}
RESULT: {"script":"<script> [5351 bytes]","args":[{"element-6066-11e4-a52e-4f735466cecf":"f.F83476283EE3547CE86D07744718997E.d.1F568D0B7B1B1D9B15960F3CD3FC27F5.e.3867","ELEMENT":"f.F83476283EE3547CE86D07744718997E.d.1F568D0B7B1B1D9B15960F3CD3FC27F5.e.3867"}]}
COMMAND: POST /session/92be47b897e917a2bfe5475508088598/element/f.F83476283EE3547CE86D07744718997E.d.1F568D0B7B1B1D9B15960F3CD3FC27F5.e.3867/click - {}
COMMAND: GET /session/92be47b897e917a2bfe5475508088598/screenshot - {}
RESULT: {}
RESULT: {}
COMMAND: GET /session/92be47b897e917a2bfe5475508088598/screenshot - {}
COMMAND: POST /session/92be47b897e917a2bfe5475508088598/element - {"using":"xpath","value":"//span[contains(@id ,\"AddNewHO--typeSelect-arrow\")]"}
RESULT: {}
RESULT: {}
RESULT: {"using":"xpath","value":"//span[contains(@id ,\"AddNewHO--typeSelect-arrow\")]"}
COMMAND: POST /session/92be47b897e917a2bfe5475508088598/element/f.F83476283EE3547CE86D07744718997E.d.1F568D0B7B1B1D9B15960F3CD3FC27F5.e.4276/click - {}
RESULT: {}
COMMAND: GET /session/92be47b897e917a2bfe5475508088598/screenshot - {}
RESULT: {}
COMMAND: POST /session/92be47b897e917a2bfe5475508088598/element - {"using":"xpath","value":"(//li[contains(text(), \"stock increase yard\")])[1]"}
RESULT: {"using":"xpath","value":"(//li[contains(text(), \"stock increase yard\")])[1]"}
COMMAND: POST /session/92be47b897e917a2bfe5475508088598/element/f.F83476283EE3547CE86D07744718997E.d.1F568D0B7B1B1D9B15960F3CD3FC27F5.e.4277/click - {}
RESULT: {}
COMMAND: GET /session/92be47b897e917a2bfe5475508088598/screenshot - {}
RESULT: {}
RESULT: undefined
COMMAND: POST /session/92be47b897e917a2bfe5475508088598/execute/async - {"script":"<script> [6424 bytes]","args":[{"element-6066-11e4-a52e-4f735466cecf":"f.F83476283EE3547CE86D07744718997E.d.1F568D0B7B1B1D9B15960F3CD3FC27F5.e.3423"},"setValue",["5/15/25"]]}
COMMAND: POST /session/92be47b897e917a2bfe5475508088598/execute/async - {"script":"<script> [1562 bytes]","args":[{"selector":{"id":"application-managehandovers-display-component---AddNewHO--dueDate","interaction":{"idSuffix":"inner"}},"wdio_ui5_key":"applicationmanagehandovers-display-component---AddNewHO--dueDate"}]}
RESULT: {"script":"<script> [1562 bytes]","args":[{"selector":{"id":"application-managehandovers-display-component---AddNewHO--dueDate","interaction":{"idSuffix":"inner"}},"wdio_ui5_key":"applicationmanagehandovers-display-component---AddNewHO--dueDate"}]}
COMMAND: POST /session/92be47b897e917a2bfe5475508088598/execute/async - {"script":"<script> [6424 bytes]","args":[{"element-6066-11e4-a52e-4f735466cecf":"f.F83476283EE3547CE86D07744718997E.d.1F568D0B7B1B1D9B15960F3CD3FC27F5.e.4279"},"setValue",["5/15/25"]]}
RESULT: {"script":"<script> [6424 bytes]","args":[{"element-6066-11e4-a52e-4f735466cecf":"f.F83476283EE3547CE86D07744718997E.d.1F568D0B7B1B1D9B15960F3CD3FC27F5.e.4279"},"setValue",["5/15/25"]]}
COMMAND: POST /session/92be47b897e917a2bfe5475508088598/element - {"using":"xpath","value":"//input[@id=\"generalSectionFrg--receiveYard-inner\"]"}
RESULT: {"using":"xpath","value":"//input[@id=\"generalSectionFrg--receiveYard-inner\"]"}
COMMAND: POST /session/92be47b897e917a2bfe5475508088598/element/f.F83476283EE3547CE86D07744718997E.d.1F568D0B7B1B1D9B15960F3CD3FC27F5.e.4283/clear - {}
RESULT: {}
COMMAND: POST /session/92be47b897e917a2bfe5475508088598/element/f.F83476283EE3547CE86D07744718997E.d.1F568D0B7B1B1D9B15960F3CD3FC27F5.e.4283/value - {"text":"109"}
COMMAND: GET /session/92be47b897e917a2bfe5475508088598/screenshot - {}
RESULT: {"text":"109"}
COMMAND: GET /session/92be47b897e917a2bfe5475508088598/screenshot - {}
RESULT: {}
RESULT: {}
COMMAND: POST /session/92be47b897e917a2bfe5475508088598/element - {"using":"xpath","value":"//li[.//span[text()='109']]"}
RESULT: {"using":"xpath","value":"//li[.//span[text()='109']]"}
COMMAND: POST /session/92be47b897e917a2bfe5475508088598/element/f.F83476283EE3547CE86D07744718997E.d.1F568D0B7B1B1D9B15960F3CD3FC27F5.e.4301/click - {}
RESULT: {}
COMMAND: GET /session/92be47b897e917a2bfe5475508088598/screenshot - {}
RESULT: {}
RESULT: undefined
COMMAND: POST /session/92be47b897e917a2bfe5475508088598/element - {"using":"xpath","value":"//*[@id=\"application-managehandovers-display-component---AddNewHO--ObjectPageLayout-anchBar-application-managehandovers-display-component---AddNewHO--section4-anchor\"]"}
RESULT: {"using":"xpath","value":"//*[@id=\"application-managehandovers-display-component---AddNewHO--ObjectPageLayout-anchBar-application-managehandovers-display-component---AddNewHO--section4-anchor\"]"}
COMMAND: POST /session/92be47b897e917a2bfe5475508088598/element/f.F83476283EE3547CE86D07744718997E.d.1F568D0B7B1B1D9B15960F3CD3FC27F5.e.4302/click - {}
RESULT: {}
COMMAND: POST /session/92be47b897e917a2bfe5475508088598/element - {"using":"xpath","value":"//button[@aria-label=\"Add\"]"}
COMMAND: GET /session/92be47b897e917a2bfe5475508088598/screenshot - {}
RESULT: {"using":"xpath","value":"//button[@aria-label=\"Add\"]"}
COMMAND: POST /session/92be47b897e917a2bfe5475508088598/element/f.F83476283EE3547CE86D07744718997E.d.1F568D0B7B1B1D9B15960F3CD3FC27F5.e.4304/click - {}
RESULT: {}
RESULT: {}
COMMAND: GET /session/92be47b897e917a2bfe5475508088598/screenshot - {}
RESULT: {}
RESULT: undefined
COMMAND: POST /session/92be47b897e917a2bfe5475508088598/execute/async - {"script":"<script> [776 bytes]","args":[{"enterText":"200159","selector":{"id":"application-managehandovers-display-component---AddNewHO--smartFilterBar-btnBasicSearch","searchOpenDialogs":true,"interaction":{"idSuffix":"I"}},"clearTextFirst":true,"interactionType":"ENTER_TEXT"}]}
RESULT: {"script":"<script> [776 bytes]","args":[{"enterText":"200159","selector":{"id":"application-managehandovers-display-component---AddNewHO--smartFilterBar-btnBasicSearch","searchOpenDialogs":true,"interaction":{"idSuffix":"I"}},"clearTextFirst":true,"interactionType":"ENTER_TEXT"}]}
COMMAND: POST /session/92be47b897e917a2bfe5475508088598/actions - {"actions":[{"id":"action20","type":"key","parameters":{},"actions":[{"type":"keyDown","value":"î€‡"},{"type":"pause","duration":10},{"type":"keyUp","value":"î€‡"}]}]}
RESULT: {"actions":[{"id":"action20","type":"key","parameters":{},"actions":[{"type":"keyDown","value":"î€‡"},{"type":"pause","duration":10},{"type":"keyUp","value":"î€‡"}]}]}
COMMAND: GET /session/92be47b897e917a2bfe5475508088598/screenshot - {}
RESULT: {}
RESULT: undefined
COMMAND: POST /session/92be47b897e917a2bfe5475508088598/element - {"using":"xpath","value":"//*[@id=\"application-managehandovers-display-component---AddNewHO--popup-sa\"]"}
RESULT: {"using":"xpath","value":"//*[@id=\"application-managehandovers-display-component---AddNewHO--popup-sa\"]"}
COMMAND: POST /session/92be47b897e917a2bfe5475508088598/element/f.F83476283EE3547CE86D07744718997E.d.1F568D0B7B1B1D9B15960F3CD3FC27F5.e.4454/click - {}
RESULT: {}
COMMAND: GET /session/92be47b897e917a2bfe5475508088598/screenshot - {}
RESULT: {}
COMMAND: POST /session/92be47b897e917a2bfe5475508088598/element - {"using":"xpath","value":"//bdi[contains(text(), \"Select\")]"}
RESULT: {"using":"xpath","value":"//bdi[contains(text(), \"Select\")]"}
COMMAND: POST /session/92be47b897e917a2bfe5475508088598/element/f.F83476283EE3547CE86D07744718997E.d.1F568D0B7B1B1D9B15960F3CD3FC27F5.e.4455/click - {}
RESULT: {}
COMMAND: GET /session/92be47b897e917a2bfe5475508088598/screenshot - {}
RESULT: {}
COMMAND: POST /session/92be47b897e917a2bfe5475508088598/element - {"using":"xpath","value":"//button[@data-kt=\"AddNewHOSaveButton\"]"}
RESULT: {"using":"xpath","value":"//button[@data-kt=\"AddNewHOSaveButton\"]"}
COMMAND: POST /session/92be47b897e917a2bfe5475508088598/element/f.F83476283EE3547CE86D07744718997E.d.1F568D0B7B1B1D9B15960F3CD3FC27F5.e.4459/click - {}
RESULT: {}
COMMAND: GET /session/92be47b897e917a2bfe5475508088598/screenshot - {}
RESULT: {}
RESULT: undefined
COMMAND: POST /session/92be47b897e917a2bfe5475508088598/execute/async - {"script":"<script> [6424 bytes]","args":[{"element-6066-11e4-a52e-4f735466cecf":"f.F83476283EE3547CE86D07744718997E.d.1F568D0B7B1B1D9B15960F3CD3FC27F5.e.3624"},"setValue",["5/15/25"]]}
COMMAND: POST /session/92be47b897e917a2bfe5475508088598/execute/async - {"script":"<script> [1562 bytes]","args":[{"selector":{"id":"receiptDatePicker","viewName":"etm.portal.ui.managehandovers.view.DetailExecuteHO","interaction":{"idSuffix":"inner"}},"wdio_ui5_key":"receiptDatePickeretmportal.ui.managehandovers.view.DetailExecuteHO"}]}
RESULT: {"script":"<script> [1562 bytes]","args":[{"selector":{"id":"receiptDatePicker","viewName":"etm.portal.ui.managehandovers.view.DetailExecuteHO","interaction":{"idSuffix":"inner"}},"wdio_ui5_key":"receiptDatePickeretmportal.ui.managehandovers.view.DetailExecuteHO"}]}
COMMAND: POST /session/92be47b897e917a2bfe5475508088598/execute/async - {"script":"<script> [6424 bytes]","args":[{"element-6066-11e4-a52e-4f735466cecf":"f.F83476283EE3547CE86D07744718997E.d.1F568D0B7B1B1D9B15960F3CD3FC27F5.e.4498"},"setValue",["5/15/25"]]}
RESULT: {"script":"<script> [6424 bytes]","args":[{"element-6066-11e4-a52e-4f735466cecf":"f.F83476283EE3547CE86D07744718997E.d.1F568D0B7B1B1D9B15960F3CD3FC27F5.e.4498"},"setValue",["5/15/25"]]}
COMMAND: POST /session/92be47b897e917a2bfe5475508088598/element - {"using":"xpath","value":"//button[@data-kt=\"PickingTableConfirmAllButton\"]"}
RESULT: {"using":"xpath","value":"//button[@data-kt=\"PickingTableConfirmAllButton\"]"}
COMMAND: POST /session/92be47b897e917a2bfe5475508088598/element/f.F83476283EE3547CE86D07744718997E.d.1F568D0B7B1B1D9B15960F3CD3FC27F5.e.4511/click - {}
RESULT: {}
COMMAND: GET /session/92be47b897e917a2bfe5475508088598/screenshot - {}
RESULT: {}
COMMAND: POST /session/92be47b897e917a2bfe5475508088598/element - {"using":"xpath","value":"//bdi[contains(text(), \"OK\")]"}
RESULT: {"using":"xpath","value":"//bdi[contains(text(), \"OK\")]"}
COMMAND: POST /session/92be47b897e917a2bfe5475508088598/element/f.F83476283EE3547CE86D07744718997E.d.1F568D0B7B1B1D9B15960F3CD3FC27F5.e.4513/click - {}
RESULT: {}
COMMAND: GET /session/92be47b897e917a2bfe5475508088598/screenshot - {}
RESULT: {}
COMMAND: POST /session/92be47b897e917a2bfe5475508088598/element - {"using":"xpath","value":"(//bdi[contains(text(), \"Receive\")])[2]"}
RESULT: {"using":"xpath","value":"(//bdi[contains(text(), \"Receive\")])[2]"}
COMMAND: POST /session/92be47b897e917a2bfe5475508088598/element/f.F83476283EE3547CE86D07744718997E.d.1F568D0B7B1B1D9B15960F3CD3FC27F5.e.4515/click - {}
RESULT: {}
COMMAND: GET /session/92be47b897e917a2bfe5475508088598/screenshot - {}
RESULT: {}
COMMAND: POST /session/92be47b897e917a2bfe5475508088598/element - {"using":"css selector","value":"#shell-header-logo"}
RESULT: {"using":"css selector","value":"#shell-header-logo"}
COMMAND: POST /session/92be47b897e917a2bfe5475508088598/element/f.F83476283EE3547CE86D07744718997E.d.1F568D0B7B1B1D9B15960F3CD3FC27F5.e.3829/click - {}
RESULT: {}
COMMAND: GET /session/92be47b897e917a2bfe5475508088598/screenshot - {}
RESULT: {}
]]></system-out>
    </testcase>
    <testcase classname="chrome.136_0_7103_49.windows.RU_Inventory_Mass_State_Change_Multiple_Items_US151066" name="Step 2 Should do a RU inventory mass state change on chosen yard 109 with the resources created one equipment one material the existing ones too" time="268.818">
      <system-out><![CDATA[
RESULT: undefined
COMMAND: POST /session/92be47b897e917a2bfe5475508088598/element - {"using":"xpath","value":"//*[@id=\"__tile99\"]"}
RESULT: {"using":"xpath","value":"//*[@id=\"__tile99\"]"}
COMMAND: POST /session/92be47b897e917a2bfe5475508088598/element/f.F83476283EE3547CE86D07744718997E.d.1F568D0B7B1B1D9B15960F3CD3FC27F5.e.255/click - {}
RESULT: {}
COMMAND: GET /session/92be47b897e917a2bfe5475508088598/screenshot - {}
COMMAND: POST /session/92be47b897e917a2bfe5475508088598/elements - {"using":"xpath","value":"//span[text()='Error']"}
RESULT: {}
RESULT: {"using":"xpath","value":"//span[text()='Error']"}
COMMAND: POST /session/92be47b897e917a2bfe5475508088598/element - {"using":"xpath","value":"//button[contains(@id, \"massStateBtn\")]"}
RESULT: {"using":"xpath","value":"//button[contains(@id, \"massStateBtn\")]"}
COMMAND: POST /session/92be47b897e917a2bfe5475508088598/elements - {"using":"xpath","value":"//button[contains(@id, \"massStateBtn\")]"}
RESULT: {"using":"xpath","value":"//button[contains(@id, \"massStateBtn\")]"}
COMMAND: POST /session/92be47b897e917a2bfe5475508088598/execute/sync - {"script":"<script> [8489 bytes]","args":[{"element-6066-11e4-a52e-4f735466cecf":"f.F83476283EE3547CE86D07744718997E.d.1F568D0B7B1B1D9B15960F3CD3FC27F5.e.4740","ELEMENT":"f.F83476283EE3547CE86D07744718997E.d.1F568D0B7B1B1D9B15960F3CD3FC27F5.e.4740"}]}
RESULT: {"script":"<script> [8489 bytes]","args":[{"element-6066-11e4-a52e-4f735466cecf":"f.F83476283EE3547CE86D07744718997E.d.1F568D0B7B1B1D9B15960F3CD3FC27F5.e.4740","ELEMENT":"f.F83476283EE3547CE86D07744718997E.d.1F568D0B7B1B1D9B15960F3CD3FC27F5.e.4740"}]}
COMMAND: GET /session/92be47b897e917a2bfe5475508088598/element/f.F83476283EE3547CE86D07744718997E.d.1F568D0B7B1B1D9B15960F3CD3FC27F5.e.4740/enabled - {}
COMMAND: GET /session/92be47b897e917a2bfe5475508088598/screenshot - {}
RESULT: {}
COMMAND: POST /session/92be47b897e917a2bfe5475508088598/execute/sync - {"script":"<script> [8489 bytes]","args":[{"element-6066-11e4-a52e-4f735466cecf":"f.F83476283EE3547CE86D07744718997E.d.1F568D0B7B1B1D9B15960F3CD3FC27F5.e.4740","ELEMENT":"f.F83476283EE3547CE86D07744718997E.d.1F568D0B7B1B1D9B15960F3CD3FC27F5.e.4740"}]}
COMMAND: GET /session/92be47b897e917a2bfe5475508088598/screenshot - {}
RESULT: {}
RESULT: {"script":"<script> [8489 bytes]","args":[{"element-6066-11e4-a52e-4f735466cecf":"f.F83476283EE3547CE86D07744718997E.d.1F568D0B7B1B1D9B15960F3CD3FC27F5.e.4740","ELEMENT":"f.F83476283EE3547CE86D07744718997E.d.1F568D0B7B1B1D9B15960F3CD3FC27F5.e.4740"}]}
COMMAND: POST /session/92be47b897e917a2bfe5475508088598/execute/sync - {"script":"<script> [5351 bytes]","args":[{"element-6066-11e4-a52e-4f735466cecf":"f.F83476283EE3547CE86D07744718997E.d.1F568D0B7B1B1D9B15960F3CD3FC27F5.e.4740","ELEMENT":"f.F83476283EE3547CE86D07744718997E.d.1F568D0B7B1B1D9B15960F3CD3FC27F5.e.4740"}]}
COMMAND: GET /session/92be47b897e917a2bfe5475508088598/screenshot - {}
RESULT: {}
RESULT: {"script":"<script> [5351 bytes]","args":[{"element-6066-11e4-a52e-4f735466cecf":"f.F83476283EE3547CE86D07744718997E.d.1F568D0B7B1B1D9B15960F3CD3FC27F5.e.4740","ELEMENT":"f.F83476283EE3547CE86D07744718997E.d.1F568D0B7B1B1D9B15960F3CD3FC27F5.e.4740"}]}
COMMAND: POST /session/92be47b897e917a2bfe5475508088598/element/f.F83476283EE3547CE86D07744718997E.d.1F568D0B7B1B1D9B15960F3CD3FC27F5.e.4740/click - {}
COMMAND: GET /session/92be47b897e917a2bfe5475508088598/screenshot - {}
RESULT: {}
RESULT: {}
COMMAND: GET /session/92be47b897e917a2bfe5475508088598/screenshot - {}
RESULT: {}
RESULT: {}
RESULT: undefined
COMMAND: POST /session/92be47b897e917a2bfe5475508088598/element - {"using":"xpath","value":"//*[@id=\"application-ruinventorylist-display-component---Master--ruLocationTypeComboBox-arrow\"]"}
RESULT: {"using":"xpath","value":"//*[@id=\"application-ruinventorylist-display-component---Master--ruLocationTypeComboBox-arrow\"]"}
COMMAND: POST /session/92be47b897e917a2bfe5475508088598/element/f.F83476283EE3547CE86D07744718997E.d.1F568D0B7B1B1D9B15960F3CD3FC27F5.e.5089/click - {}
RESULT: {}
COMMAND: GET /session/92be47b897e917a2bfe5475508088598/screenshot - {}
RESULT: {}
COMMAND: POST /session/92be47b897e917a2bfe5475508088598/element - {"using":"xpath","value":"//li[.//span[text()='Yard']]"}
RESULT: {"using":"xpath","value":"//li[.//span[text()='Yard']]"}
COMMAND: POST /session/92be47b897e917a2bfe5475508088598/element/f.F83476283EE3547CE86D07744718997E.d.1F568D0B7B1B1D9B15960F3CD3FC27F5.e.5090/click - {}
RESULT: {}
COMMAND: GET /session/92be47b897e917a2bfe5475508088598/screenshot - {}
RESULT: {}
RESULT: undefined
COMMAND: POST /session/92be47b897e917a2bfe5475508088598/element - {"using":"xpath","value":"//*[@id=\"application-ruinventorylist-display-component---Master--smartFilterBar-filterItemControl_BASIC-YARD-vhi\"]"}
RESULT: {"using":"xpath","value":"//*[@id=\"application-ruinventorylist-display-component---Master--smartFilterBar-filterItemControl_BASIC-YARD-vhi\"]"}
COMMAND: POST /session/92be47b897e917a2bfe5475508088598/element/f.F83476283EE3547CE86D07744718997E.d.1F568D0B7B1B1D9B15960F3CD3FC27F5.e.5127/click - {}
RESULT: {}
COMMAND: GET /session/92be47b897e917a2bfe5475508088598/screenshot - {}
RESULT: {}
RESULT: undefined
COMMAND: POST /session/92be47b897e917a2bfe5475508088598/execute/async - {"script":"<script> [776 bytes]","args":[{"enterText":"109","selector":{"id":"application-ruinventorylist-display-component---Master--smartFilterBar-filterItemControl_BASIC-YARD-valueHelpDialog-smartFilterBar-btnBasicSearch","searchOpenDialogs":true,"interaction":{"idSuffix":"I"}},"clearTextFirst":true,"interactionType":"ENTER_TEXT"}]}
RESULT: {"script":"<script> [776 bytes]","args":[{"enterText":"109","selector":{"id":"application-ruinventorylist-display-component---Master--smartFilterBar-filterItemControl_BASIC-YARD-valueHelpDialog-smartFilterBar-btnBasicSearch","searchOpenDialogs":true,"interaction":{"idSuffix":"I"}},"clearTextFirst":true,"interactionType":"ENTER_TEXT"}]}
COMMAND: POST /session/92be47b897e917a2bfe5475508088598/actions - {"actions":[{"id":"action21","type":"key","parameters":{},"actions":[{"type":"keyDown","value":"î€‡"},{"type":"pause","duration":10},{"type":"keyUp","value":"î€‡"}]}]}
RESULT: {"actions":[{"id":"action21","type":"key","parameters":{},"actions":[{"type":"keyDown","value":"î€‡"},{"type":"pause","duration":10},{"type":"keyUp","value":"î€‡"}]}]}
COMMAND: GET /session/92be47b897e917a2bfe5475508088598/screenshot - {}
RESULT: {}
COMMAND: POST /session/92be47b897e917a2bfe5475508088598/elements - {"using":"xpath","value":"//table[contains(@id, \"filterItemControl_BASIC-YARD-valueHelpDialog-table-table\")]/tbody/tr"}
RESULT: {"using":"xpath","value":"//table[contains(@id, \"filterItemControl_BASIC-YARD-valueHelpDialog-table-table\")]/tbody/tr"}
COMMAND: POST /session/92be47b897e917a2bfe5475508088598/element - {"using":"xpath","value":"//table[contains(@id, \"filterItemControl_BASIC-YARD-valueHelpDialog-table-table\")]/tbody/tr[1]/td[1]/div/span"}
RESULT: {"using":"xpath","value":"//table[contains(@id, \"filterItemControl_BASIC-YARD-valueHelpDialog-table-table\")]/tbody/tr[1]/td[1]/div/span"}
COMMAND: POST /session/92be47b897e917a2bfe5475508088598/elements - {"using":"xpath","value":"//table[contains(@id, \"filterItemControl_BASIC-YARD-valueHelpDialog-table-table\")]/tbody/tr[1]/td[1]/div/span"}
RESULT: {"using":"xpath","value":"//table[contains(@id, \"filterItemControl_BASIC-YARD-valueHelpDialog-table-table\")]/tbody/tr[1]/td[1]/div/span"}
COMMAND: POST /session/92be47b897e917a2bfe5475508088598/execute/sync - {"script":"<script> [56 bytes]","args":[{"element-6066-11e4-a52e-4f735466cecf":"f.F83476283EE3547CE86D07744718997E.d.1F568D0B7B1B1D9B15960F3CD3FC27F5.e.5146","ELEMENT":"f.F83476283EE3547CE86D07744718997E.d.1F568D0B7B1B1D9B15960F3CD3FC27F5.e.5146"}]}
RESULT: {"script":"<script> [56 bytes]","args":[{"element-6066-11e4-a52e-4f735466cecf":"f.F83476283EE3547CE86D07744718997E.d.1F568D0B7B1B1D9B15960F3CD3FC27F5.e.5146","ELEMENT":"f.F83476283EE3547CE86D07744718997E.d.1F568D0B7B1B1D9B15960F3CD3FC27F5.e.5146"}]}
COMMAND: POST /session/92be47b897e917a2bfe5475508088598/element - {"using":"xpath","value":"//div[contains(@id, \"filterItemControl_BASIC-YARD-valueHelpDialog-table-rowsel0\")]"}
COMMAND: GET /session/92be47b897e917a2bfe5475508088598/screenshot - {}
RESULT: {"using":"xpath","value":"//div[contains(@id, \"filterItemControl_BASIC-YARD-valueHelpDialog-table-rowsel0\")]"}
COMMAND: POST /session/92be47b897e917a2bfe5475508088598/element/f.F83476283EE3547CE86D07744718997E.d.1F568D0B7B1B1D9B15960F3CD3FC27F5.e.5147/click - {}
RESULT: {}
RESULT: {}
COMMAND: GET /session/92be47b897e917a2bfe5475508088598/screenshot - {}
RESULT: {}
COMMAND: POST /session/92be47b897e917a2bfe5475508088598/element - {"using":"xpath","value":"//div[contains(@id, \"smartFilterBar-filterItemControl_BASIC-YARD-valueHelpDialog-smartFilterBar-btnBasicSearch-reset\")]"}
RESULT: {"using":"xpath","value":"//div[contains(@id, \"smartFilterBar-filterItemControl_BASIC-YARD-valueHelpDialog-smartFilterBar-btnBasicSearch-reset\")]"}
COMMAND: POST /session/92be47b897e917a2bfe5475508088598/element/f.F83476283EE3547CE86D07744718997E.d.1F568D0B7B1B1D9B15960F3CD3FC27F5.e.5149/click - {}
RESULT: {}
RESULT: undefined
COMMAND: POST /session/92be47b897e917a2bfe5475508088598/execute/async - {"script":"<script> [776 bytes]","args":[{"enterText":"OPA5_BST01_YARD1","selector":{"id":"application-ruinventorylist-display-component---Master--smartFilterBar-filterItemControl_BASIC-YARD-valueHelpDialog-smartFilterBar-btnBasicSearch","searchOpenDialogs":true,"interaction":{"idSuffix":"I"}},"clearTextFirst":true,"interactionType":"ENTER_TEXT"}]}
COMMAND: GET /session/92be47b897e917a2bfe5475508088598/screenshot - {}
RESULT: {"script":"<script> [776 bytes]","args":[{"enterText":"OPA5_BST01_YARD1","selector":{"id":"application-ruinventorylist-display-component---Master--smartFilterBar-filterItemControl_BASIC-YARD-valueHelpDialog-smartFilterBar-btnBasicSearch","searchOpenDialogs":true,"interaction":{"idSuffix":"I"}},"clearTextFirst":true,"interactionType":"ENTER_TEXT"}]}
COMMAND: POST /session/92be47b897e917a2bfe5475508088598/actions - {"actions":[{"id":"action22","type":"key","parameters":{},"actions":[{"type":"keyDown","value":"î€‡"},{"type":"pause","duration":10},{"type":"keyUp","value":"î€‡"}]}]}
RESULT: {}
RESULT: {"actions":[{"id":"action22","type":"key","parameters":{},"actions":[{"type":"keyDown","value":"î€‡"},{"type":"pause","duration":10},{"type":"keyUp","value":"î€‡"}]}]}
COMMAND: GET /session/92be47b897e917a2bfe5475508088598/screenshot - {}
RESULT: {}
COMMAND: POST /session/92be47b897e917a2bfe5475508088598/elements - {"using":"xpath","value":"//table[contains(@id, \"filterItemControl_BASIC-YARD-valueHelpDialog-table-table\")]/tbody/tr"}
RESULT: {"using":"xpath","value":"//table[contains(@id, \"filterItemControl_BASIC-YARD-valueHelpDialog-table-table\")]/tbody/tr"}
COMMAND: POST /session/92be47b897e917a2bfe5475508088598/element - {"using":"xpath","value":"//table[contains(@id, \"filterItemControl_BASIC-YARD-valueHelpDialog-table-table\")]/tbody/tr[1]/td[1]/div/span"}
RESULT: {"using":"xpath","value":"//table[contains(@id, \"filterItemControl_BASIC-YARD-valueHelpDialog-table-table\")]/tbody/tr[1]/td[1]/div/span"}
COMMAND: POST /session/92be47b897e917a2bfe5475508088598/elements - {"using":"xpath","value":"//table[contains(@id, \"filterItemControl_BASIC-YARD-valueHelpDialog-table-table\")]/tbody/tr[1]/td[1]/div/span"}
RESULT: {"using":"xpath","value":"//table[contains(@id, \"filterItemControl_BASIC-YARD-valueHelpDialog-table-table\")]/tbody/tr[1]/td[1]/div/span"}
COMMAND: POST /session/92be47b897e917a2bfe5475508088598/execute/sync - {"script":"<script> [56 bytes]","args":[{"element-6066-11e4-a52e-4f735466cecf":"f.F83476283EE3547CE86D07744718997E.d.1F568D0B7B1B1D9B15960F3CD3FC27F5.e.5146","ELEMENT":"f.F83476283EE3547CE86D07744718997E.d.1F568D0B7B1B1D9B15960F3CD3FC27F5.e.5146"}]}
RESULT: {"script":"<script> [56 bytes]","args":[{"element-6066-11e4-a52e-4f735466cecf":"f.F83476283EE3547CE86D07744718997E.d.1F568D0B7B1B1D9B15960F3CD3FC27F5.e.5146","ELEMENT":"f.F83476283EE3547CE86D07744718997E.d.1F568D0B7B1B1D9B15960F3CD3FC27F5.e.5146"}]}
COMMAND: POST /session/92be47b897e917a2bfe5475508088598/element - {"using":"xpath","value":"//div[contains(@id, \"filterItemControl_BASIC-YARD-valueHelpDialog-table-rowsel0\")]"}
COMMAND: GET /session/92be47b897e917a2bfe5475508088598/screenshot - {}
RESULT: {"using":"xpath","value":"//div[contains(@id, \"filterItemControl_BASIC-YARD-valueHelpDialog-table-rowsel0\")]"}
COMMAND: POST /session/92be47b897e917a2bfe5475508088598/element/f.F83476283EE3547CE86D07744718997E.d.1F568D0B7B1B1D9B15960F3CD3FC27F5.e.5147/click - {}
RESULT: {}
RESULT: {}
COMMAND: GET /session/92be47b897e917a2bfe5475508088598/screenshot - {}
RESULT: {}
COMMAND: POST /session/92be47b897e917a2bfe5475508088598/element - {"using":"xpath","value":"(//bdi[contains(text(), \"OK\")])[1]"}
RESULT: {"using":"xpath","value":"(//bdi[contains(text(), \"OK\")])[1]"}
COMMAND: POST /session/92be47b897e917a2bfe5475508088598/element/f.F83476283EE3547CE86D07744718997E.d.1F568D0B7B1B1D9B15960F3CD3FC27F5.e.5150/click - {}
RESULT: {}
COMMAND: GET /session/92be47b897e917a2bfe5475508088598/screenshot - {}
RESULT: {}
COMMAND: POST /session/92be47b897e917a2bfe5475508088598/element - {"using":"xpath","value":"//span[@id=\"application-ruinventorylist-display-component---Master--smartTableRuInventoryList-header-inner\"]"}
RESULT: {"using":"xpath","value":"//span[@id=\"application-ruinventorylist-display-component---Master--smartTableRuInventoryList-header-inner\"]"}
COMMAND: POST /session/92be47b897e917a2bfe5475508088598/elements - {"using":"xpath","value":"//span[@id=\"application-ruinventorylist-display-component---Master--smartTableRuInventoryList-header-inner\"]"}
RESULT: {"using":"xpath","value":"//span[@id=\"application-ruinventorylist-display-component---Master--smartTableRuInventoryList-header-inner\"]"}
COMMAND: POST /session/92be47b897e917a2bfe5475508088598/execute/sync - {"script":"<script> [56 bytes]","args":[{"element-6066-11e4-a52e-4f735466cecf":"f.F83476283EE3547CE86D07744718997E.d.1F568D0B7B1B1D9B15960F3CD3FC27F5.e.5280","ELEMENT":"f.F83476283EE3547CE86D07744718997E.d.1F568D0B7B1B1D9B15960F3CD3FC27F5.e.5280"}]}
RESULT: {"script":"<script> [56 bytes]","args":[{"element-6066-11e4-a52e-4f735466cecf":"f.F83476283EE3547CE86D07744718997E.d.1F568D0B7B1B1D9B15960F3CD3FC27F5.e.5280","ELEMENT":"f.F83476283EE3547CE86D07744718997E.d.1F568D0B7B1B1D9B15960F3CD3FC27F5.e.5280"}]}
RESULT: undefined
COMMAND: POST /session/92be47b897e917a2bfe5475508088598/execute/async - {"script":"<script> [776 bytes]","args":[{"enterText":"600002","selector":{"id":"application-ruinventorylist-display-component---Master--smartFilterBar-btnBasicSearch","interaction":{"idSuffix":"I"}},"clearTextFirst":true,"interactionType":"ENTER_TEXT"}]}
COMMAND: GET /session/92be47b897e917a2bfe5475508088598/screenshot - {}
RESULT: {"script":"<script> [776 bytes]","args":[{"enterText":"600002","selector":{"id":"application-ruinventorylist-display-component---Master--smartFilterBar-btnBasicSearch","interaction":{"idSuffix":"I"}},"clearTextFirst":true,"interactionType":"ENTER_TEXT"}]}
COMMAND: POST /session/92be47b897e917a2bfe5475508088598/actions - {"actions":[{"id":"action23","type":"key","parameters":{},"actions":[{"type":"keyDown","value":"î€‡"},{"type":"pause","duration":10},{"type":"keyUp","value":"î€‡"}]}]}
RESULT: {}
RESULT: {"actions":[{"id":"action23","type":"key","parameters":{},"actions":[{"type":"keyDown","value":"î€‡"},{"type":"pause","duration":10},{"type":"keyUp","value":"î€‡"}]}]}
COMMAND: GET /session/92be47b897e917a2bfe5475508088598/screenshot - {}
RESULT: {}
COMMAND: POST /session/92be47b897e917a2bfe5475508088598/element - {"using":"xpath","value":"//span[@id=\"application-ruinventorylist-display-component---Master--smartTableRuInventoryList-header-inner\"]"}
RESULT: {"using":"xpath","value":"//span[@id=\"application-ruinventorylist-display-component---Master--smartTableRuInventoryList-header-inner\"]"}
COMMAND: POST /session/92be47b897e917a2bfe5475508088598/elements - {"using":"xpath","value":"//span[@id=\"application-ruinventorylist-display-component---Master--smartTableRuInventoryList-header-inner\"]"}
RESULT: {"using":"xpath","value":"//span[@id=\"application-ruinventorylist-display-component---Master--smartTableRuInventoryList-header-inner\"]"}
COMMAND: POST /session/92be47b897e917a2bfe5475508088598/execute/sync - {"script":"<script> [56 bytes]","args":[{"element-6066-11e4-a52e-4f735466cecf":"f.F83476283EE3547CE86D07744718997E.d.1F568D0B7B1B1D9B15960F3CD3FC27F5.e.5280","ELEMENT":"f.F83476283EE3547CE86D07744718997E.d.1F568D0B7B1B1D9B15960F3CD3FC27F5.e.5280"}]}
RESULT: {"script":"<script> [56 bytes]","args":[{"element-6066-11e4-a52e-4f735466cecf":"f.F83476283EE3547CE86D07744718997E.d.1F568D0B7B1B1D9B15960F3CD3FC27F5.e.5280","ELEMENT":"f.F83476283EE3547CE86D07744718997E.d.1F568D0B7B1B1D9B15960F3CD3FC27F5.e.5280"}]}
COMMAND: POST /session/92be47b897e917a2bfe5475508088598/element - {"using":"xpath","value":"//table[contains(@id, \"application-ruinventorylist-display-component---Master--tableRuInventoryList-listUl\")]/tbody/tr[1]/td[2]/div/div"}
COMMAND: GET /session/92be47b897e917a2bfe5475508088598/screenshot - {}
RESULT: {"using":"xpath","value":"//table[contains(@id, \"application-ruinventorylist-display-component---Master--tableRuInventoryList-listUl\")]/tbody/tr[1]/td[2]/div/div"}
COMMAND: POST /session/92be47b897e917a2bfe5475508088598/element/f.F83476283EE3547CE86D07744718997E.d.1F568D0B7B1B1D9B15960F3CD3FC27F5.e.5286/click - {}
RESULT: {}
RESULT: {}
COMMAND: GET /session/92be47b897e917a2bfe5475508088598/screenshot - {}
RESULT: {}
COMMAND: POST /session/92be47b897e917a2bfe5475508088598/element - {"using":"xpath","value":"//div[contains(@id, \"smartFilterBar-btnBasicSearch-reset\")]"}
RESULT: {"using":"xpath","value":"//div[contains(@id, \"smartFilterBar-btnBasicSearch-reset\")]"}
COMMAND: POST /session/92be47b897e917a2bfe5475508088598/element/f.F83476283EE3547CE86D07744718997E.d.1F568D0B7B1B1D9B15960F3CD3FC27F5.e.5296/click - {}
RESULT: {}
COMMAND: GET /session/92be47b897e917a2bfe5475508088598/screenshot - {}
RESULT: {}
RESULT: undefined
COMMAND: POST /session/92be47b897e917a2bfe5475508088598/execute/async - {"script":"<script> [776 bytes]","args":[{"enterText":"401002","selector":{"id":"application-ruinventorylist-display-component---Master--smartFilterBar-btnBasicSearch","interaction":{"idSuffix":"I"}},"clearTextFirst":true,"interactionType":"ENTER_TEXT"}]}
RESULT: {"script":"<script> [776 bytes]","args":[{"enterText":"401002","selector":{"id":"application-ruinventorylist-display-component---Master--smartFilterBar-btnBasicSearch","interaction":{"idSuffix":"I"}},"clearTextFirst":true,"interactionType":"ENTER_TEXT"}]}
COMMAND: POST /session/92be47b897e917a2bfe5475508088598/actions - {"actions":[{"id":"action24","type":"key","parameters":{},"actions":[{"type":"keyDown","value":"î€‡"},{"type":"pause","duration":10},{"type":"keyUp","value":"î€‡"}]}]}
RESULT: {"actions":[{"id":"action24","type":"key","parameters":{},"actions":[{"type":"keyDown","value":"î€‡"},{"type":"pause","duration":10},{"type":"keyUp","value":"î€‡"}]}]}
COMMAND: GET /session/92be47b897e917a2bfe5475508088598/screenshot - {}
RESULT: {}
COMMAND: POST /session/92be47b897e917a2bfe5475508088598/element - {"using":"xpath","value":"//span[@id=\"application-ruinventorylist-display-component---Master--smartTableRuInventoryList-header-inner\"]"}
RESULT: {"using":"xpath","value":"//span[@id=\"application-ruinventorylist-display-component---Master--smartTableRuInventoryList-header-inner\"]"}
COMMAND: POST /session/92be47b897e917a2bfe5475508088598/elements - {"using":"xpath","value":"//span[@id=\"application-ruinventorylist-display-component---Master--smartTableRuInventoryList-header-inner\"]"}
RESULT: {"using":"xpath","value":"//span[@id=\"application-ruinventorylist-display-component---Master--smartTableRuInventoryList-header-inner\"]"}
COMMAND: POST /session/92be47b897e917a2bfe5475508088598/execute/sync - {"script":"<script> [56 bytes]","args":[{"element-6066-11e4-a52e-4f735466cecf":"f.F83476283EE3547CE86D07744718997E.d.1F568D0B7B1B1D9B15960F3CD3FC27F5.e.5280","ELEMENT":"f.F83476283EE3547CE86D07744718997E.d.1F568D0B7B1B1D9B15960F3CD3FC27F5.e.5280"}]}
RESULT: {"script":"<script> [56 bytes]","args":[{"element-6066-11e4-a52e-4f735466cecf":"f.F83476283EE3547CE86D07744718997E.d.1F568D0B7B1B1D9B15960F3CD3FC27F5.e.5280","ELEMENT":"f.F83476283EE3547CE86D07744718997E.d.1F568D0B7B1B1D9B15960F3CD3FC27F5.e.5280"}]}
COMMAND: POST /session/92be47b897e917a2bfe5475508088598/element - {"using":"xpath","value":"//table[contains(@id, \"application-ruinventorylist-display-component---Master--tableRuInventoryList-listUl\")]/tbody/tr[1]/td[2]/div/div"}
COMMAND: GET /session/92be47b897e917a2bfe5475508088598/screenshot - {}
RESULT: {"using":"xpath","value":"//table[contains(@id, \"application-ruinventorylist-display-component---Master--tableRuInventoryList-listUl\")]/tbody/tr[1]/td[2]/div/div"}
COMMAND: POST /session/92be47b897e917a2bfe5475508088598/element/f.F83476283EE3547CE86D07744718997E.d.1F568D0B7B1B1D9B15960F3CD3FC27F5.e.5427/click - {}
RESULT: {}
RESULT: {}
COMMAND: GET /session/92be47b897e917a2bfe5475508088598/screenshot - {}
RESULT: {}
COMMAND: POST /session/92be47b897e917a2bfe5475508088598/element - {"using":"xpath","value":"//div[contains(@id, \"smartFilterBar-btnBasicSearch-reset\")]"}
RESULT: {"using":"xpath","value":"//div[contains(@id, \"smartFilterBar-btnBasicSearch-reset\")]"}
COMMAND: POST /session/92be47b897e917a2bfe5475508088598/element/f.F83476283EE3547CE86D07744718997E.d.1F568D0B7B1B1D9B15960F3CD3FC27F5.e.5296/click - {}
RESULT: {}
COMMAND: GET /session/92be47b897e917a2bfe5475508088598/screenshot - {}
RESULT: {}
RESULT: undefined
COMMAND: POST /session/92be47b897e917a2bfe5475508088598/execute/async - {"script":"<script> [776 bytes]","args":[{"enterText":"KQnWc62kMy","selector":{"id":"application-ruinventorylist-display-component---Master--smartFilterBar-btnBasicSearch","interaction":{"idSuffix":"I"}},"clearTextFirst":true,"interactionType":"ENTER_TEXT"}]}
RESULT: {"script":"<script> [776 bytes]","args":[{"enterText":"KQnWc62kMy","selector":{"id":"application-ruinventorylist-display-component---Master--smartFilterBar-btnBasicSearch","interaction":{"idSuffix":"I"}},"clearTextFirst":true,"interactionType":"ENTER_TEXT"}]}
COMMAND: POST /session/92be47b897e917a2bfe5475508088598/actions - {"actions":[{"id":"action25","type":"key","parameters":{},"actions":[{"type":"keyDown","value":"î€‡"},{"type":"pause","duration":10},{"type":"keyUp","value":"î€‡"}]}]}
RESULT: {"actions":[{"id":"action25","type":"key","parameters":{},"actions":[{"type":"keyDown","value":"î€‡"},{"type":"pause","duration":10},{"type":"keyUp","value":"î€‡"}]}]}
COMMAND: GET /session/92be47b897e917a2bfe5475508088598/screenshot - {}
RESULT: {}
COMMAND: POST /session/92be47b897e917a2bfe5475508088598/element - {"using":"xpath","value":"//span[@id=\"application-ruinventorylist-display-component---Master--smartTableRuInventoryList-header-inner\"]"}
RESULT: {"using":"xpath","value":"//span[@id=\"application-ruinventorylist-display-component---Master--smartTableRuInventoryList-header-inner\"]"}
COMMAND: POST /session/92be47b897e917a2bfe5475508088598/elements - {"using":"xpath","value":"//span[@id=\"application-ruinventorylist-display-component---Master--smartTableRuInventoryList-header-inner\"]"}
RESULT: {"using":"xpath","value":"//span[@id=\"application-ruinventorylist-display-component---Master--smartTableRuInventoryList-header-inner\"]"}
COMMAND: POST /session/92be47b897e917a2bfe5475508088598/execute/sync - {"script":"<script> [56 bytes]","args":[{"element-6066-11e4-a52e-4f735466cecf":"f.F83476283EE3547CE86D07744718997E.d.1F568D0B7B1B1D9B15960F3CD3FC27F5.e.5280","ELEMENT":"f.F83476283EE3547CE86D07744718997E.d.1F568D0B7B1B1D9B15960F3CD3FC27F5.e.5280"}]}
RESULT: {"script":"<script> [56 bytes]","args":[{"element-6066-11e4-a52e-4f735466cecf":"f.F83476283EE3547CE86D07744718997E.d.1F568D0B7B1B1D9B15960F3CD3FC27F5.e.5280","ELEMENT":"f.F83476283EE3547CE86D07744718997E.d.1F568D0B7B1B1D9B15960F3CD3FC27F5.e.5280"}]}
COMMAND: POST /session/92be47b897e917a2bfe5475508088598/element - {"using":"xpath","value":"//table[contains(@id, \"application-ruinventorylist-display-component---Master--tableRuInventoryList-listUl\")]/tbody/tr[1]/td[2]/div/div"}
COMMAND: GET /session/92be47b897e917a2bfe5475508088598/screenshot - {}
RESULT: {"using":"xpath","value":"//table[contains(@id, \"application-ruinventorylist-display-component---Master--tableRuInventoryList-listUl\")]/tbody/tr[1]/td[2]/div/div"}
COMMAND: POST /session/92be47b897e917a2bfe5475508088598/element/f.F83476283EE3547CE86D07744718997E.d.1F568D0B7B1B1D9B15960F3CD3FC27F5.e.5569/click - {}
RESULT: {}
RESULT: {}
COMMAND: GET /session/92be47b897e917a2bfe5475508088598/screenshot - {}
RESULT: {}
COMMAND: POST /session/92be47b897e917a2bfe5475508088598/element - {"using":"xpath","value":"//div[contains(@id, \"smartFilterBar-btnBasicSearch-reset\")]"}
RESULT: {"using":"xpath","value":"//div[contains(@id, \"smartFilterBar-btnBasicSearch-reset\")]"}
COMMAND: POST /session/92be47b897e917a2bfe5475508088598/element/f.F83476283EE3547CE86D07744718997E.d.1F568D0B7B1B1D9B15960F3CD3FC27F5.e.5296/click - {}
RESULT: {}
COMMAND: GET /session/92be47b897e917a2bfe5475508088598/screenshot - {}
RESULT: {}
RESULT: undefined
COMMAND: POST /session/92be47b897e917a2bfe5475508088598/execute/async - {"script":"<script> [776 bytes]","args":[{"enterText":"200159","selector":{"id":"application-ruinventorylist-display-component---Master--smartFilterBar-btnBasicSearch","interaction":{"idSuffix":"I"}},"clearTextFirst":true,"interactionType":"ENTER_TEXT"}]}
RESULT: {"script":"<script> [776 bytes]","args":[{"enterText":"200159","selector":{"id":"application-ruinventorylist-display-component---Master--smartFilterBar-btnBasicSearch","interaction":{"idSuffix":"I"}},"clearTextFirst":true,"interactionType":"ENTER_TEXT"}]}
COMMAND: POST /session/92be47b897e917a2bfe5475508088598/actions - {"actions":[{"id":"action26","type":"key","parameters":{},"actions":[{"type":"keyDown","value":"î€‡"},{"type":"pause","duration":10},{"type":"keyUp","value":"î€‡"}]}]}
RESULT: {"actions":[{"id":"action26","type":"key","parameters":{},"actions":[{"type":"keyDown","value":"î€‡"},{"type":"pause","duration":10},{"type":"keyUp","value":"î€‡"}]}]}
COMMAND: GET /session/92be47b897e917a2bfe5475508088598/screenshot - {}
RESULT: {}
COMMAND: POST /session/92be47b897e917a2bfe5475508088598/element - {"using":"xpath","value":"//span[@id=\"application-ruinventorylist-display-component---Master--smartTableRuInventoryList-header-inner\"]"}
RESULT: {"using":"xpath","value":"//span[@id=\"application-ruinventorylist-display-component---Master--smartTableRuInventoryList-header-inner\"]"}
COMMAND: POST /session/92be47b897e917a2bfe5475508088598/elements - {"using":"xpath","value":"//span[@id=\"application-ruinventorylist-display-component---Master--smartTableRuInventoryList-header-inner\"]"}
RESULT: {"using":"xpath","value":"//span[@id=\"application-ruinventorylist-display-component---Master--smartTableRuInventoryList-header-inner\"]"}
COMMAND: POST /session/92be47b897e917a2bfe5475508088598/execute/sync - {"script":"<script> [56 bytes]","args":[{"element-6066-11e4-a52e-4f735466cecf":"f.F83476283EE3547CE86D07744718997E.d.1F568D0B7B1B1D9B15960F3CD3FC27F5.e.5280","ELEMENT":"f.F83476283EE3547CE86D07744718997E.d.1F568D0B7B1B1D9B15960F3CD3FC27F5.e.5280"}]}
RESULT: {"script":"<script> [56 bytes]","args":[{"element-6066-11e4-a52e-4f735466cecf":"f.F83476283EE3547CE86D07744718997E.d.1F568D0B7B1B1D9B15960F3CD3FC27F5.e.5280","ELEMENT":"f.F83476283EE3547CE86D07744718997E.d.1F568D0B7B1B1D9B15960F3CD3FC27F5.e.5280"}]}
COMMAND: POST /session/92be47b897e917a2bfe5475508088598/element - {"using":"xpath","value":"//table[contains(@id, \"application-ruinventorylist-display-component---Master--tableRuInventoryList-listUl\")]/tbody/tr[1]/td[2]/div/div"}
COMMAND: GET /session/92be47b897e917a2bfe5475508088598/screenshot - {}
RESULT: {"using":"xpath","value":"//table[contains(@id, \"application-ruinventorylist-display-component---Master--tableRuInventoryList-listUl\")]/tbody/tr[1]/td[2]/div/div"}
COMMAND: POST /session/92be47b897e917a2bfe5475508088598/element/f.F83476283EE3547CE86D07744718997E.d.1F568D0B7B1B1D9B15960F3CD3FC27F5.e.5709/click - {}
RESULT: {}
RESULT: {}
COMMAND: GET /session/92be47b897e917a2bfe5475508088598/screenshot - {}
RESULT: {}
COMMAND: POST /session/92be47b897e917a2bfe5475508088598/element - {"using":"xpath","value":"//div[contains(@id, \"smartFilterBar-btnBasicSearch-reset\")]"}
RESULT: {"using":"xpath","value":"//div[contains(@id, \"smartFilterBar-btnBasicSearch-reset\")]"}
COMMAND: POST /session/92be47b897e917a2bfe5475508088598/element/f.F83476283EE3547CE86D07744718997E.d.1F568D0B7B1B1D9B15960F3CD3FC27F5.e.5296/click - {}
RESULT: {}
COMMAND: GET /session/92be47b897e917a2bfe5475508088598/screenshot - {}
RESULT: {}
COMMAND: POST /session/92be47b897e917a2bfe5475508088598/element/f.F83476283EE3547CE86D07744718997E.d.1F568D0B7B1B1D9B15960F3CD3FC27F5.e.4740/click - {}
RESULT: {}
COMMAND: GET /session/92be47b897e917a2bfe5475508088598/screenshot - {}
RESULT: {}
COMMAND: POST /session/92be47b897e917a2bfe5475508088598/execute/async - {"script":"<script> [1562 bytes]","args":[{"selector":{"id":"application-ruinventorylist-display-component---Master--effectiveDate","searchOpenDialogs":true,"interaction":{"idSuffix":"inner"}},"wdio_ui5_key":"applicationruinventorylist-display-component---Master--effectiveDate"}]}
RESULT: {"script":"<script> [1562 bytes]","args":[{"selector":{"id":"application-ruinventorylist-display-component---Master--effectiveDate","searchOpenDialogs":true,"interaction":{"idSuffix":"inner"}},"wdio_ui5_key":"applicationruinventorylist-display-component---Master--effectiveDate"}]}
RESULT: undefined
COMMAND: POST /session/92be47b897e917a2bfe5475508088598/execute/async - {"script":"<script> [776 bytes]","args":[{"enterText":"05/14/25","selector":{"id":"application-ruinventorylist-display-component---Master--effectiveDate","searchOpenDialogs":true,"interaction":{"idSuffix":"inner"}},"clearTextFirst":true,"interactionType":"ENTER_TEXT"}]}
RESULT: {"script":"<script> [776 bytes]","args":[{"enterText":"05/14/25","selector":{"id":"application-ruinventorylist-display-component---Master--effectiveDate","searchOpenDialogs":true,"interaction":{"idSuffix":"inner"}},"clearTextFirst":true,"interactionType":"ENTER_TEXT"}]}
COMMAND: POST /session/92be47b897e917a2bfe5475508088598/element - {"using":"xpath","value":"//span[contains(@data-kt,\"correctionMassStateChangeIcon\")]"}
RESULT: {"using":"xpath","value":"//span[contains(@data-kt,\"correctionMassStateChangeIcon\")]"}
COMMAND: POST /session/92be47b897e917a2bfe5475508088598/elements - {"using":"xpath","value":"//span[contains(@data-kt,\"correctionMassStateChangeIcon\")]"}
RESULT: {"using":"xpath","value":"//span[contains(@data-kt,\"correctionMassStateChangeIcon\")]"}
COMMAND: POST /session/92be47b897e917a2bfe5475508088598/elements - {"using":"xpath","value":"//span[contains(@data-kt,\"correctionMassStateChangeIcon\")]"}
RESULT: {"using":"xpath","value":"//span[contains(@data-kt,\"correctionMassStateChangeIcon\")]"}
RESULT: undefined
COMMAND: POST /session/92be47b897e917a2bfe5475508088598/element - {"using":"xpath","value":"//*[@id=\"application-ruinventorylist-display-component---Master--ruStateTypes-arrow\"]"}
RESULT: {"using":"xpath","value":"//*[@id=\"application-ruinventorylist-display-component---Master--ruStateTypes-arrow\"]"}
COMMAND: POST /session/92be47b897e917a2bfe5475508088598/element/f.F83476283EE3547CE86D07744718997E.d.1F568D0B7B1B1D9B15960F3CD3FC27F5.e.5888/click - {}
RESULT: {}
COMMAND: GET /session/92be47b897e917a2bfe5475508088598/screenshot - {}
RESULT: {}
COMMAND: POST /session/92be47b897e917a2bfe5475508088598/element - {"using":"xpath","value":"//li[.//span[text()=\"defect\"]]"}
RESULT: {"using":"xpath","value":"//li[.//span[text()=\"defect\"]]"}
COMMAND: POST /session/92be47b897e917a2bfe5475508088598/element/f.F83476283EE3547CE86D07744718997E.d.1F568D0B7B1B1D9B15960F3CD3FC27F5.e.5889/click - {}
RESULT: {}
COMMAND: GET /session/92be47b897e917a2bfe5475508088598/screenshot - {}
RESULT: {}
COMMAND: POST /session/92be47b897e917a2bfe5475508088598/element - {"using":"xpath","value":"(//bdi[contains(text(), \"OK\")])[1]"}
RESULT: {"using":"xpath","value":"(//bdi[contains(text(), \"OK\")])[1]"}
COMMAND: POST /session/92be47b897e917a2bfe5475508088598/element/f.F83476283EE3547CE86D07744718997E.d.1F568D0B7B1B1D9B15960F3CD3FC27F5.e.5890/click - {}
RESULT: {}
COMMAND: GET /session/92be47b897e917a2bfe5475508088598/screenshot - {}
RESULT: {}
COMMAND: POST /session/92be47b897e917a2bfe5475508088598/element - {"using":"css selector","value":"div.sapMMessageBoxError"}
RESULT: {"using":"css selector","value":"div.sapMMessageBoxError"}
COMMAND: POST /session/92be47b897e917a2bfe5475508088598/elements - {"using":"css selector","value":"div.sapMMessageBoxError"}
RESULT: {"using":"css selector","value":"div.sapMMessageBoxError"}
COMMAND: POST /session/92be47b897e917a2bfe5475508088598/element - {"using":"xpath","value":"//div[contains(@class, \"sapMMessageBoxError\")]/section/div/div/span"}
RESULT: {"using":"xpath","value":"//div[contains(@class, \"sapMMessageBoxError\")]/section/div/div/span"}
COMMAND: POST /session/92be47b897e917a2bfe5475508088598/execute/sync - {"script":"<script> [56 bytes]","args":[{"element-6066-11e4-a52e-4f735466cecf":"f.F83476283EE3547CE86D07744718997E.d.1F568D0B7B1B1D9B15960F3CD3FC27F5.e.5893","ELEMENT":"f.F83476283EE3547CE86D07744718997E.d.1F568D0B7B1B1D9B15960F3CD3FC27F5.e.5893"}]}
RESULT: {"script":"<script> [56 bytes]","args":[{"element-6066-11e4-a52e-4f735466cecf":"f.F83476283EE3547CE86D07744718997E.d.1F568D0B7B1B1D9B15960F3CD3FC27F5.e.5893","ELEMENT":"f.F83476283EE3547CE86D07744718997E.d.1F568D0B7B1B1D9B15960F3CD3FC27F5.e.5893"}]}
COMMAND: POST /session/92be47b897e917a2bfe5475508088598/element - {"using":"xpath","value":"(//bdi[contains(text(), \"Close\")])[1]"}
COMMAND: GET /session/92be47b897e917a2bfe5475508088598/screenshot - {}
RESULT: {"using":"xpath","value":"(//bdi[contains(text(), \"Close\")])[1]"}
COMMAND: POST /session/92be47b897e917a2bfe5475508088598/element/f.F83476283EE3547CE86D07744718997E.d.1F568D0B7B1B1D9B15960F3CD3FC27F5.e.5895/click - {}
RESULT: {}
RESULT: {}
COMMAND: GET /session/92be47b897e917a2bfe5475508088598/screenshot - {}
RESULT: {}
RESULT: undefined
COMMAND: POST /session/92be47b897e917a2bfe5475508088598/execute/async - {"script":"<script> [776 bytes]","args":[{"enterText":"05/15/25","selector":{"id":"application-ruinventorylist-display-component---Master--effectiveDate","searchOpenDialogs":true,"interaction":{"idSuffix":"inner"}},"clearTextFirst":true,"interactionType":"ENTER_TEXT"}]}
RESULT: {"script":"<script> [776 bytes]","args":[{"enterText":"05/15/25","selector":{"id":"application-ruinventorylist-display-component---Master--effectiveDate","searchOpenDialogs":true,"interaction":{"idSuffix":"inner"}},"clearTextFirst":true,"interactionType":"ENTER_TEXT"}]}
COMMAND: POST /session/92be47b897e917a2bfe5475508088598/element - {"using":"xpath","value":"(//bdi[contains(text(), \"OK\")])[1]"}
RESULT: {"using":"xpath","value":"(//bdi[contains(text(), \"OK\")])[1]"}
COMMAND: POST /session/92be47b897e917a2bfe5475508088598/element/f.F83476283EE3547CE86D07744718997E.d.1F568D0B7B1B1D9B15960F3CD3FC27F5.e.5890/click - {}
RESULT: {}
COMMAND: GET /session/92be47b897e917a2bfe5475508088598/screenshot - {}
RESULT: {}
COMMAND: POST /session/92be47b897e917a2bfe5475508088598/element - {"using":"xpath","value":"(//bdi[contains(text(), \"OK\")])[2]"}
RESULT: {"using":"xpath","value":"(//bdi[contains(text(), \"OK\")])[2]"}
COMMAND: POST /session/92be47b897e917a2bfe5475508088598/element/f.F83476283EE3547CE86D07744718997E.d.1F568D0B7B1B1D9B15960F3CD3FC27F5.e.5944/click - {}
RESULT: {}
COMMAND: GET /session/92be47b897e917a2bfe5475508088598/screenshot - {}
RESULT: {}
RESULT: undefined
COMMAND: POST /session/92be47b897e917a2bfe5475508088598/execute/async - {"script":"<script> [776 bytes]","args":[{"enterText":"600002","selector":{"id":"application-ruinventorylist-display-component---Master--smartFilterBar-btnBasicSearch","interaction":{"idSuffix":"I"}},"clearTextFirst":true,"interactionType":"ENTER_TEXT"}]}
RESULT: {"script":"<script> [776 bytes]","args":[{"enterText":"600002","selector":{"id":"application-ruinventorylist-display-component---Master--smartFilterBar-btnBasicSearch","interaction":{"idSuffix":"I"}},"clearTextFirst":true,"interactionType":"ENTER_TEXT"}]}
COMMAND: POST /session/92be47b897e917a2bfe5475508088598/actions - {"actions":[{"id":"action27","type":"key","parameters":{},"actions":[{"type":"keyDown","value":"î€‡"},{"type":"pause","duration":10},{"type":"keyUp","value":"î€‡"}]}]}
RESULT: {"actions":[{"id":"action27","type":"key","parameters":{},"actions":[{"type":"keyDown","value":"î€‡"},{"type":"pause","duration":10},{"type":"keyUp","value":"î€‡"}]}]}
COMMAND: GET /session/92be47b897e917a2bfe5475508088598/screenshot - {}
RESULT: {}
COMMAND: POST /session/92be47b897e917a2bfe5475508088598/element - {"using":"xpath","value":"//span[@id=\"application-ruinventorylist-display-component---Master--smartTableRuInventoryList-header-inner\"]"}
RESULT: {"using":"xpath","value":"//span[@id=\"application-ruinventorylist-display-component---Master--smartTableRuInventoryList-header-inner\"]"}
COMMAND: POST /session/92be47b897e917a2bfe5475508088598/elements - {"using":"xpath","value":"//span[@id=\"application-ruinventorylist-display-component---Master--smartTableRuInventoryList-header-inner\"]"}
RESULT: {"using":"xpath","value":"//span[@id=\"application-ruinventorylist-display-component---Master--smartTableRuInventoryList-header-inner\"]"}
COMMAND: POST /session/92be47b897e917a2bfe5475508088598/execute/sync - {"script":"<script> [56 bytes]","args":[{"element-6066-11e4-a52e-4f735466cecf":"f.F83476283EE3547CE86D07744718997E.d.1F568D0B7B1B1D9B15960F3CD3FC27F5.e.5280","ELEMENT":"f.F83476283EE3547CE86D07744718997E.d.1F568D0B7B1B1D9B15960F3CD3FC27F5.e.5280"}]}
RESULT: {"script":"<script> [56 bytes]","args":[{"element-6066-11e4-a52e-4f735466cecf":"f.F83476283EE3547CE86D07744718997E.d.1F568D0B7B1B1D9B15960F3CD3FC27F5.e.5280","ELEMENT":"f.F83476283EE3547CE86D07744718997E.d.1F568D0B7B1B1D9B15960F3CD3FC27F5.e.5280"}]}
COMMAND: POST /session/92be47b897e917a2bfe5475508088598/element - {"using":"xpath","value":"//table[contains(@id, \"application-ruinventorylist-display-component---Master--tableRuInventoryList-listUl\")]/tbody/tr[1]/td[6]/div/span"}
COMMAND: GET /session/92be47b897e917a2bfe5475508088598/screenshot - {}
RESULT: {"using":"xpath","value":"//table[contains(@id, \"application-ruinventorylist-display-component---Master--tableRuInventoryList-listUl\")]/tbody/tr[1]/td[6]/div/span"}
COMMAND: POST /session/92be47b897e917a2bfe5475508088598/execute/sync - {"script":"<script> [56 bytes]","args":[{"element-6066-11e4-a52e-4f735466cecf":"f.F83476283EE3547CE86D07744718997E.d.1F568D0B7B1B1D9B15960F3CD3FC27F5.e.5966","ELEMENT":"f.F83476283EE3547CE86D07744718997E.d.1F568D0B7B1B1D9B15960F3CD3FC27F5.e.5966"}]}
RESULT: {}
RESULT: {"script":"<script> [56 bytes]","args":[{"element-6066-11e4-a52e-4f735466cecf":"f.F83476283EE3547CE86D07744718997E.d.1F568D0B7B1B1D9B15960F3CD3FC27F5.e.5966","ELEMENT":"f.F83476283EE3547CE86D07744718997E.d.1F568D0B7B1B1D9B15960F3CD3FC27F5.e.5966"}]}
COMMAND: POST /session/92be47b897e917a2bfe5475508088598/element - {"using":"xpath","value":"//div[contains(@id, \"smartFilterBar-btnBasicSearch-reset\")]"}
COMMAND: GET /session/92be47b897e917a2bfe5475508088598/screenshot - {}
RESULT: {"using":"xpath","value":"//div[contains(@id, \"smartFilterBar-btnBasicSearch-reset\")]"}
COMMAND: POST /session/92be47b897e917a2bfe5475508088598/element/f.F83476283EE3547CE86D07744718997E.d.1F568D0B7B1B1D9B15960F3CD3FC27F5.e.5296/click - {}
RESULT: {}
RESULT: {}
COMMAND: GET /session/92be47b897e917a2bfe5475508088598/screenshot - {}
RESULT: {}
RESULT: undefined
COMMAND: POST /session/92be47b897e917a2bfe5475508088598/execute/async - {"script":"<script> [776 bytes]","args":[{"enterText":"401002","selector":{"id":"application-ruinventorylist-display-component---Master--smartFilterBar-btnBasicSearch","interaction":{"idSuffix":"I"}},"clearTextFirst":true,"interactionType":"ENTER_TEXT"}]}
RESULT: {"script":"<script> [776 bytes]","args":[{"enterText":"401002","selector":{"id":"application-ruinventorylist-display-component---Master--smartFilterBar-btnBasicSearch","interaction":{"idSuffix":"I"}},"clearTextFirst":true,"interactionType":"ENTER_TEXT"}]}
COMMAND: POST /session/92be47b897e917a2bfe5475508088598/actions - {"actions":[{"id":"action28","type":"key","parameters":{},"actions":[{"type":"keyDown","value":"î€‡"},{"type":"pause","duration":10},{"type":"keyUp","value":"î€‡"}]}]}
RESULT: {"actions":[{"id":"action28","type":"key","parameters":{},"actions":[{"type":"keyDown","value":"î€‡"},{"type":"pause","duration":10},{"type":"keyUp","value":"î€‡"}]}]}
COMMAND: GET /session/92be47b897e917a2bfe5475508088598/screenshot - {}
RESULT: {}
COMMAND: POST /session/92be47b897e917a2bfe5475508088598/element - {"using":"xpath","value":"//span[@id=\"application-ruinventorylist-display-component---Master--smartTableRuInventoryList-header-inner\"]"}
RESULT: {"using":"xpath","value":"//span[@id=\"application-ruinventorylist-display-component---Master--smartTableRuInventoryList-header-inner\"]"}
COMMAND: POST /session/92be47b897e917a2bfe5475508088598/elements - {"using":"xpath","value":"//span[@id=\"application-ruinventorylist-display-component---Master--smartTableRuInventoryList-header-inner\"]"}
RESULT: {"using":"xpath","value":"//span[@id=\"application-ruinventorylist-display-component---Master--smartTableRuInventoryList-header-inner\"]"}
COMMAND: POST /session/92be47b897e917a2bfe5475508088598/execute/sync - {"script":"<script> [56 bytes]","args":[{"element-6066-11e4-a52e-4f735466cecf":"f.F83476283EE3547CE86D07744718997E.d.1F568D0B7B1B1D9B15960F3CD3FC27F5.e.5280","ELEMENT":"f.F83476283EE3547CE86D07744718997E.d.1F568D0B7B1B1D9B15960F3CD3FC27F5.e.5280"}]}
RESULT: {"script":"<script> [56 bytes]","args":[{"element-6066-11e4-a52e-4f735466cecf":"f.F83476283EE3547CE86D07744718997E.d.1F568D0B7B1B1D9B15960F3CD3FC27F5.e.5280","ELEMENT":"f.F83476283EE3547CE86D07744718997E.d.1F568D0B7B1B1D9B15960F3CD3FC27F5.e.5280"}]}
COMMAND: POST /session/92be47b897e917a2bfe5475508088598/element - {"using":"xpath","value":"//table[contains(@id, \"application-ruinventorylist-display-component---Master--tableRuInventoryList-listUl\")]/tbody/tr[1]/td[6]/div/span"}
COMMAND: GET /session/92be47b897e917a2bfe5475508088598/screenshot - {}
RESULT: {"using":"xpath","value":"//table[contains(@id, \"application-ruinventorylist-display-component---Master--tableRuInventoryList-listUl\")]/tbody/tr[1]/td[6]/div/span"}
COMMAND: POST /session/92be47b897e917a2bfe5475508088598/execute/sync - {"script":"<script> [56 bytes]","args":[{"element-6066-11e4-a52e-4f735466cecf":"f.F83476283EE3547CE86D07744718997E.d.1F568D0B7B1B1D9B15960F3CD3FC27F5.e.6046","ELEMENT":"f.F83476283EE3547CE86D07744718997E.d.1F568D0B7B1B1D9B15960F3CD3FC27F5.e.6046"}]}
RESULT: {}
RESULT: {"script":"<script> [56 bytes]","args":[{"element-6066-11e4-a52e-4f735466cecf":"f.F83476283EE3547CE86D07744718997E.d.1F568D0B7B1B1D9B15960F3CD3FC27F5.e.6046","ELEMENT":"f.F83476283EE3547CE86D07744718997E.d.1F568D0B7B1B1D9B15960F3CD3FC27F5.e.6046"}]}
COMMAND: POST /session/92be47b897e917a2bfe5475508088598/element - {"using":"xpath","value":"//div[contains(@id, \"smartFilterBar-btnBasicSearch-reset\")]"}
COMMAND: GET /session/92be47b897e917a2bfe5475508088598/screenshot - {}
RESULT: {"using":"xpath","value":"//div[contains(@id, \"smartFilterBar-btnBasicSearch-reset\")]"}
COMMAND: POST /session/92be47b897e917a2bfe5475508088598/element/f.F83476283EE3547CE86D07744718997E.d.1F568D0B7B1B1D9B15960F3CD3FC27F5.e.5296/click - {}
RESULT: {}
RESULT: {}
COMMAND: GET /session/92be47b897e917a2bfe5475508088598/screenshot - {}
RESULT: {}
RESULT: undefined
COMMAND: POST /session/92be47b897e917a2bfe5475508088598/execute/async - {"script":"<script> [776 bytes]","args":[{"enterText":"KQnWc62kMy","selector":{"id":"application-ruinventorylist-display-component---Master--smartFilterBar-btnBasicSearch","interaction":{"idSuffix":"I"}},"clearTextFirst":true,"interactionType":"ENTER_TEXT"}]}
RESULT: {"script":"<script> [776 bytes]","args":[{"enterText":"KQnWc62kMy","selector":{"id":"application-ruinventorylist-display-component---Master--smartFilterBar-btnBasicSearch","interaction":{"idSuffix":"I"}},"clearTextFirst":true,"interactionType":"ENTER_TEXT"}]}
COMMAND: POST /session/92be47b897e917a2bfe5475508088598/actions - {"actions":[{"id":"action29","type":"key","parameters":{},"actions":[{"type":"keyDown","value":"î€‡"},{"type":"pause","duration":10},{"type":"keyUp","value":"î€‡"}]}]}
RESULT: {"actions":[{"id":"action29","type":"key","parameters":{},"actions":[{"type":"keyDown","value":"î€‡"},{"type":"pause","duration":10},{"type":"keyUp","value":"î€‡"}]}]}
COMMAND: GET /session/92be47b897e917a2bfe5475508088598/screenshot - {}
RESULT: {}
COMMAND: POST /session/92be47b897e917a2bfe5475508088598/element - {"using":"xpath","value":"//span[@id=\"application-ruinventorylist-display-component---Master--smartTableRuInventoryList-header-inner\"]"}
RESULT: {"using":"xpath","value":"//span[@id=\"application-ruinventorylist-display-component---Master--smartTableRuInventoryList-header-inner\"]"}
COMMAND: POST /session/92be47b897e917a2bfe5475508088598/elements - {"using":"xpath","value":"//span[@id=\"application-ruinventorylist-display-component---Master--smartTableRuInventoryList-header-inner\"]"}
RESULT: {"using":"xpath","value":"//span[@id=\"application-ruinventorylist-display-component---Master--smartTableRuInventoryList-header-inner\"]"}
COMMAND: POST /session/92be47b897e917a2bfe5475508088598/execute/sync - {"script":"<script> [56 bytes]","args":[{"element-6066-11e4-a52e-4f735466cecf":"f.F83476283EE3547CE86D07744718997E.d.1F568D0B7B1B1D9B15960F3CD3FC27F5.e.5280","ELEMENT":"f.F83476283EE3547CE86D07744718997E.d.1F568D0B7B1B1D9B15960F3CD3FC27F5.e.5280"}]}
RESULT: {"script":"<script> [56 bytes]","args":[{"element-6066-11e4-a52e-4f735466cecf":"f.F83476283EE3547CE86D07744718997E.d.1F568D0B7B1B1D9B15960F3CD3FC27F5.e.5280","ELEMENT":"f.F83476283EE3547CE86D07744718997E.d.1F568D0B7B1B1D9B15960F3CD3FC27F5.e.5280"}]}
COMMAND: POST /session/92be47b897e917a2bfe5475508088598/element - {"using":"xpath","value":"//table[contains(@id, \"application-ruinventorylist-display-component---Master--tableRuInventoryList-listUl\")]/tbody/tr[1]/td[6]/div/span"}
COMMAND: GET /session/92be47b897e917a2bfe5475508088598/screenshot - {}
RESULT: {"using":"xpath","value":"//table[contains(@id, \"application-ruinventorylist-display-component---Master--tableRuInventoryList-listUl\")]/tbody/tr[1]/td[6]/div/span"}
COMMAND: POST /session/92be47b897e917a2bfe5475508088598/execute/sync - {"script":"<script> [56 bytes]","args":[{"element-6066-11e4-a52e-4f735466cecf":"f.F83476283EE3547CE86D07744718997E.d.1F568D0B7B1B1D9B15960F3CD3FC27F5.e.6126","ELEMENT":"f.F83476283EE3547CE86D07744718997E.d.1F568D0B7B1B1D9B15960F3CD3FC27F5.e.6126"}]}
RESULT: {}
RESULT: {"script":"<script> [56 bytes]","args":[{"element-6066-11e4-a52e-4f735466cecf":"f.F83476283EE3547CE86D07744718997E.d.1F568D0B7B1B1D9B15960F3CD3FC27F5.e.6126","ELEMENT":"f.F83476283EE3547CE86D07744718997E.d.1F568D0B7B1B1D9B15960F3CD3FC27F5.e.6126"}]}
COMMAND: POST /session/92be47b897e917a2bfe5475508088598/element - {"using":"xpath","value":"//div[contains(@id, \"smartFilterBar-btnBasicSearch-reset\")]"}
COMMAND: GET /session/92be47b897e917a2bfe5475508088598/screenshot - {}
RESULT: {"using":"xpath","value":"//div[contains(@id, \"smartFilterBar-btnBasicSearch-reset\")]"}
COMMAND: POST /session/92be47b897e917a2bfe5475508088598/element/f.F83476283EE3547CE86D07744718997E.d.1F568D0B7B1B1D9B15960F3CD3FC27F5.e.5296/click - {}
RESULT: {}
RESULT: {}
COMMAND: GET /session/92be47b897e917a2bfe5475508088598/screenshot - {}
RESULT: {}
RESULT: undefined
COMMAND: POST /session/92be47b897e917a2bfe5475508088598/execute/async - {"script":"<script> [776 bytes]","args":[{"enterText":"200159","selector":{"id":"application-ruinventorylist-display-component---Master--smartFilterBar-btnBasicSearch","interaction":{"idSuffix":"I"}},"clearTextFirst":true,"interactionType":"ENTER_TEXT"}]}
RESULT: {"script":"<script> [776 bytes]","args":[{"enterText":"200159","selector":{"id":"application-ruinventorylist-display-component---Master--smartFilterBar-btnBasicSearch","interaction":{"idSuffix":"I"}},"clearTextFirst":true,"interactionType":"ENTER_TEXT"}]}
COMMAND: POST /session/92be47b897e917a2bfe5475508088598/actions - {"actions":[{"id":"action30","type":"key","parameters":{},"actions":[{"type":"keyDown","value":"î€‡"},{"type":"pause","duration":10},{"type":"keyUp","value":"î€‡"}]}]}
RESULT: {"actions":[{"id":"action30","type":"key","parameters":{},"actions":[{"type":"keyDown","value":"î€‡"},{"type":"pause","duration":10},{"type":"keyUp","value":"î€‡"}]}]}
COMMAND: GET /session/92be47b897e917a2bfe5475508088598/screenshot - {}
RESULT: {}
COMMAND: POST /session/92be47b897e917a2bfe5475508088598/element - {"using":"xpath","value":"//span[@id=\"application-ruinventorylist-display-component---Master--smartTableRuInventoryList-header-inner\"]"}
RESULT: {"using":"xpath","value":"//span[@id=\"application-ruinventorylist-display-component---Master--smartTableRuInventoryList-header-inner\"]"}
COMMAND: POST /session/92be47b897e917a2bfe5475508088598/elements - {"using":"xpath","value":"//span[@id=\"application-ruinventorylist-display-component---Master--smartTableRuInventoryList-header-inner\"]"}
RESULT: {"using":"xpath","value":"//span[@id=\"application-ruinventorylist-display-component---Master--smartTableRuInventoryList-header-inner\"]"}
COMMAND: POST /session/92be47b897e917a2bfe5475508088598/execute/sync - {"script":"<script> [56 bytes]","args":[{"element-6066-11e4-a52e-4f735466cecf":"f.F83476283EE3547CE86D07744718997E.d.1F568D0B7B1B1D9B15960F3CD3FC27F5.e.5280","ELEMENT":"f.F83476283EE3547CE86D07744718997E.d.1F568D0B7B1B1D9B15960F3CD3FC27F5.e.5280"}]}
RESULT: {"script":"<script> [56 bytes]","args":[{"element-6066-11e4-a52e-4f735466cecf":"f.F83476283EE3547CE86D07744718997E.d.1F568D0B7B1B1D9B15960F3CD3FC27F5.e.5280","ELEMENT":"f.F83476283EE3547CE86D07744718997E.d.1F568D0B7B1B1D9B15960F3CD3FC27F5.e.5280"}]}
COMMAND: POST /session/92be47b897e917a2bfe5475508088598/element - {"using":"xpath","value":"//table[contains(@id, \"application-ruinventorylist-display-component---Master--tableRuInventoryList-listUl\")]/tbody/tr[1]/td[6]/div/span"}
COMMAND: GET /session/92be47b897e917a2bfe5475508088598/screenshot - {}
RESULT: {"using":"xpath","value":"//table[contains(@id, \"application-ruinventorylist-display-component---Master--tableRuInventoryList-listUl\")]/tbody/tr[1]/td[6]/div/span"}
COMMAND: POST /session/92be47b897e917a2bfe5475508088598/execute/sync - {"script":"<script> [56 bytes]","args":[{"element-6066-11e4-a52e-4f735466cecf":"f.F83476283EE3547CE86D07744718997E.d.1F568D0B7B1B1D9B15960F3CD3FC27F5.e.6203","ELEMENT":"f.F83476283EE3547CE86D07744718997E.d.1F568D0B7B1B1D9B15960F3CD3FC27F5.e.6203"}]}
RESULT: {}
RESULT: {"script":"<script> [56 bytes]","args":[{"element-6066-11e4-a52e-4f735466cecf":"f.F83476283EE3547CE86D07744718997E.d.1F568D0B7B1B1D9B15960F3CD3FC27F5.e.6203","ELEMENT":"f.F83476283EE3547CE86D07744718997E.d.1F568D0B7B1B1D9B15960F3CD3FC27F5.e.6203"}]}
COMMAND: POST /session/92be47b897e917a2bfe5475508088598/element - {"using":"xpath","value":"//div[contains(@id, \"smartFilterBar-btnBasicSearch-reset\")]"}
COMMAND: GET /session/92be47b897e917a2bfe5475508088598/screenshot - {}
RESULT: {"using":"xpath","value":"//div[contains(@id, \"smartFilterBar-btnBasicSearch-reset\")]"}
COMMAND: POST /session/92be47b897e917a2bfe5475508088598/element/f.F83476283EE3547CE86D07744718997E.d.1F568D0B7B1B1D9B15960F3CD3FC27F5.e.5296/click - {}
RESULT: {}
RESULT: {}
COMMAND: GET /session/92be47b897e917a2bfe5475508088598/screenshot - {}
RESULT: {}
COMMAND: POST /session/92be47b897e917a2bfe5475508088598/element/f.F83476283EE3547CE86D07744718997E.d.1F568D0B7B1B1D9B15960F3CD3FC27F5.e.4740/click - {}
RESULT: {}
COMMAND: GET /session/92be47b897e917a2bfe5475508088598/screenshot - {}
RESULT: {}
RESULT: undefined
COMMAND: POST /session/92be47b897e917a2bfe5475508088598/execute/async - {"script":"<script> [776 bytes]","args":[{"enterText":"600002","selector":{"id":"application-ruinventorylist-display-component---Master--smartFilterBar-btnBasicSearch","interaction":{"idSuffix":"I"}},"clearTextFirst":true,"interactionType":"ENTER_TEXT"}]}
RESULT: {"script":"<script> [776 bytes]","args":[{"enterText":"600002","selector":{"id":"application-ruinventorylist-display-component---Master--smartFilterBar-btnBasicSearch","interaction":{"idSuffix":"I"}},"clearTextFirst":true,"interactionType":"ENTER_TEXT"}]}
COMMAND: POST /session/92be47b897e917a2bfe5475508088598/actions - {"actions":[{"id":"action31","type":"key","parameters":{},"actions":[{"type":"keyDown","value":"î€‡"},{"type":"pause","duration":10},{"type":"keyUp","value":"î€‡"}]}]}
RESULT: {"actions":[{"id":"action31","type":"key","parameters":{},"actions":[{"type":"keyDown","value":"î€‡"},{"type":"pause","duration":10},{"type":"keyUp","value":"î€‡"}]}]}
COMMAND: GET /session/92be47b897e917a2bfe5475508088598/screenshot - {}
RESULT: {}
COMMAND: POST /session/92be47b897e917a2bfe5475508088598/element - {"using":"xpath","value":"//span[@id=\"application-ruinventorylist-display-component---Master--smartTableRuInventoryList-header-inner\"]"}
RESULT: {"using":"xpath","value":"//span[@id=\"application-ruinventorylist-display-component---Master--smartTableRuInventoryList-header-inner\"]"}
COMMAND: POST /session/92be47b897e917a2bfe5475508088598/elements - {"using":"xpath","value":"//span[@id=\"application-ruinventorylist-display-component---Master--smartTableRuInventoryList-header-inner\"]"}
RESULT: {"using":"xpath","value":"//span[@id=\"application-ruinventorylist-display-component---Master--smartTableRuInventoryList-header-inner\"]"}
COMMAND: POST /session/92be47b897e917a2bfe5475508088598/execute/sync - {"script":"<script> [56 bytes]","args":[{"element-6066-11e4-a52e-4f735466cecf":"f.F83476283EE3547CE86D07744718997E.d.1F568D0B7B1B1D9B15960F3CD3FC27F5.e.5280","ELEMENT":"f.F83476283EE3547CE86D07744718997E.d.1F568D0B7B1B1D9B15960F3CD3FC27F5.e.5280"}]}
RESULT: {"script":"<script> [56 bytes]","args":[{"element-6066-11e4-a52e-4f735466cecf":"f.F83476283EE3547CE86D07744718997E.d.1F568D0B7B1B1D9B15960F3CD3FC27F5.e.5280","ELEMENT":"f.F83476283EE3547CE86D07744718997E.d.1F568D0B7B1B1D9B15960F3CD3FC27F5.e.5280"}]}
COMMAND: POST /session/92be47b897e917a2bfe5475508088598/element - {"using":"xpath","value":"//table[contains(@id, \"application-ruinventorylist-display-component---Master--tableRuInventoryList-listUl\")]/tbody/tr[1]/td[2]/div/div"}
COMMAND: GET /session/92be47b897e917a2bfe5475508088598/screenshot - {}
RESULT: {"using":"xpath","value":"//table[contains(@id, \"application-ruinventorylist-display-component---Master--tableRuInventoryList-listUl\")]/tbody/tr[1]/td[2]/div/div"}
COMMAND: POST /session/92be47b897e917a2bfe5475508088598/element/f.F83476283EE3547CE86D07744718997E.d.1F568D0B7B1B1D9B15960F3CD3FC27F5.e.6447/click - {}
RESULT: {}
RESULT: {}
COMMAND: GET /session/92be47b897e917a2bfe5475508088598/screenshot - {}
RESULT: {}
COMMAND: POST /session/92be47b897e917a2bfe5475508088598/element - {"using":"xpath","value":"//div[contains(@id, \"smartFilterBar-btnBasicSearch-reset\")]"}
RESULT: {"using":"xpath","value":"//div[contains(@id, \"smartFilterBar-btnBasicSearch-reset\")]"}
COMMAND: POST /session/92be47b897e917a2bfe5475508088598/element/f.F83476283EE3547CE86D07744718997E.d.1F568D0B7B1B1D9B15960F3CD3FC27F5.e.5296/click - {}
RESULT: {}
COMMAND: GET /session/92be47b897e917a2bfe5475508088598/screenshot - {}
RESULT: {}
RESULT: undefined
COMMAND: POST /session/92be47b897e917a2bfe5475508088598/execute/async - {"script":"<script> [776 bytes]","args":[{"enterText":"401002","selector":{"id":"application-ruinventorylist-display-component---Master--smartFilterBar-btnBasicSearch","interaction":{"idSuffix":"I"}},"clearTextFirst":true,"interactionType":"ENTER_TEXT"}]}
RESULT: {"script":"<script> [776 bytes]","args":[{"enterText":"401002","selector":{"id":"application-ruinventorylist-display-component---Master--smartFilterBar-btnBasicSearch","interaction":{"idSuffix":"I"}},"clearTextFirst":true,"interactionType":"ENTER_TEXT"}]}
COMMAND: POST /session/92be47b897e917a2bfe5475508088598/actions - {"actions":[{"id":"action32","type":"key","parameters":{},"actions":[{"type":"keyDown","value":"î€‡"},{"type":"pause","duration":10},{"type":"keyUp","value":"î€‡"}]}]}
RESULT: {"actions":[{"id":"action32","type":"key","parameters":{},"actions":[{"type":"keyDown","value":"î€‡"},{"type":"pause","duration":10},{"type":"keyUp","value":"î€‡"}]}]}
COMMAND: GET /session/92be47b897e917a2bfe5475508088598/screenshot - {}
RESULT: {}
COMMAND: POST /session/92be47b897e917a2bfe5475508088598/element - {"using":"xpath","value":"//span[@id=\"application-ruinventorylist-display-component---Master--smartTableRuInventoryList-header-inner\"]"}
RESULT: {"using":"xpath","value":"//span[@id=\"application-ruinventorylist-display-component---Master--smartTableRuInventoryList-header-inner\"]"}
COMMAND: POST /session/92be47b897e917a2bfe5475508088598/elements - {"using":"xpath","value":"//span[@id=\"application-ruinventorylist-display-component---Master--smartTableRuInventoryList-header-inner\"]"}
RESULT: {"using":"xpath","value":"//span[@id=\"application-ruinventorylist-display-component---Master--smartTableRuInventoryList-header-inner\"]"}
COMMAND: POST /session/92be47b897e917a2bfe5475508088598/execute/sync - {"script":"<script> [56 bytes]","args":[{"element-6066-11e4-a52e-4f735466cecf":"f.F83476283EE3547CE86D07744718997E.d.1F568D0B7B1B1D9B15960F3CD3FC27F5.e.5280","ELEMENT":"f.F83476283EE3547CE86D07744718997E.d.1F568D0B7B1B1D9B15960F3CD3FC27F5.e.5280"}]}
RESULT: {"script":"<script> [56 bytes]","args":[{"element-6066-11e4-a52e-4f735466cecf":"f.F83476283EE3547CE86D07744718997E.d.1F568D0B7B1B1D9B15960F3CD3FC27F5.e.5280","ELEMENT":"f.F83476283EE3547CE86D07744718997E.d.1F568D0B7B1B1D9B15960F3CD3FC27F5.e.5280"}]}
COMMAND: POST /session/92be47b897e917a2bfe5475508088598/element - {"using":"xpath","value":"//table[contains(@id, \"application-ruinventorylist-display-component---Master--tableRuInventoryList-listUl\")]/tbody/tr[1]/td[2]/div/div"}
COMMAND: GET /session/92be47b897e917a2bfe5475508088598/screenshot - {}
RESULT: {"using":"xpath","value":"//table[contains(@id, \"application-ruinventorylist-display-component---Master--tableRuInventoryList-listUl\")]/tbody/tr[1]/td[2]/div/div"}
COMMAND: POST /session/92be47b897e917a2bfe5475508088598/element/f.F83476283EE3547CE86D07744718997E.d.1F568D0B7B1B1D9B15960F3CD3FC27F5.e.6587/click - {}
RESULT: {}
RESULT: {}
COMMAND: GET /session/92be47b897e917a2bfe5475508088598/screenshot - {}
RESULT: {}
COMMAND: POST /session/92be47b897e917a2bfe5475508088598/element - {"using":"xpath","value":"//div[contains(@id, \"smartFilterBar-btnBasicSearch-reset\")]"}
RESULT: {"using":"xpath","value":"//div[contains(@id, \"smartFilterBar-btnBasicSearch-reset\")]"}
COMMAND: POST /session/92be47b897e917a2bfe5475508088598/element/f.F83476283EE3547CE86D07744718997E.d.1F568D0B7B1B1D9B15960F3CD3FC27F5.e.5296/click - {}
RESULT: {}
COMMAND: GET /session/92be47b897e917a2bfe5475508088598/screenshot - {}
RESULT: {}
RESULT: undefined
COMMAND: POST /session/92be47b897e917a2bfe5475508088598/execute/async - {"script":"<script> [776 bytes]","args":[{"enterText":"KQnWc62kMy","selector":{"id":"application-ruinventorylist-display-component---Master--smartFilterBar-btnBasicSearch","interaction":{"idSuffix":"I"}},"clearTextFirst":true,"interactionType":"ENTER_TEXT"}]}
RESULT: {"script":"<script> [776 bytes]","args":[{"enterText":"KQnWc62kMy","selector":{"id":"application-ruinventorylist-display-component---Master--smartFilterBar-btnBasicSearch","interaction":{"idSuffix":"I"}},"clearTextFirst":true,"interactionType":"ENTER_TEXT"}]}
COMMAND: POST /session/92be47b897e917a2bfe5475508088598/actions - {"actions":[{"id":"action33","type":"key","parameters":{},"actions":[{"type":"keyDown","value":"î€‡"},{"type":"pause","duration":10},{"type":"keyUp","value":"î€‡"}]}]}
RESULT: {"actions":[{"id":"action33","type":"key","parameters":{},"actions":[{"type":"keyDown","value":"î€‡"},{"type":"pause","duration":10},{"type":"keyUp","value":"î€‡"}]}]}
COMMAND: GET /session/92be47b897e917a2bfe5475508088598/screenshot - {}
RESULT: {}
COMMAND: POST /session/92be47b897e917a2bfe5475508088598/element - {"using":"xpath","value":"//span[@id=\"application-ruinventorylist-display-component---Master--smartTableRuInventoryList-header-inner\"]"}
RESULT: {"using":"xpath","value":"//span[@id=\"application-ruinventorylist-display-component---Master--smartTableRuInventoryList-header-inner\"]"}
COMMAND: POST /session/92be47b897e917a2bfe5475508088598/elements - {"using":"xpath","value":"//span[@id=\"application-ruinventorylist-display-component---Master--smartTableRuInventoryList-header-inner\"]"}
RESULT: {"using":"xpath","value":"//span[@id=\"application-ruinventorylist-display-component---Master--smartTableRuInventoryList-header-inner\"]"}
COMMAND: POST /session/92be47b897e917a2bfe5475508088598/execute/sync - {"script":"<script> [56 bytes]","args":[{"element-6066-11e4-a52e-4f735466cecf":"f.F83476283EE3547CE86D07744718997E.d.1F568D0B7B1B1D9B15960F3CD3FC27F5.e.5280","ELEMENT":"f.F83476283EE3547CE86D07744718997E.d.1F568D0B7B1B1D9B15960F3CD3FC27F5.e.5280"}]}
RESULT: {"script":"<script> [56 bytes]","args":[{"element-6066-11e4-a52e-4f735466cecf":"f.F83476283EE3547CE86D07744718997E.d.1F568D0B7B1B1D9B15960F3CD3FC27F5.e.5280","ELEMENT":"f.F83476283EE3547CE86D07744718997E.d.1F568D0B7B1B1D9B15960F3CD3FC27F5.e.5280"}]}
COMMAND: POST /session/92be47b897e917a2bfe5475508088598/element - {"using":"xpath","value":"//table[contains(@id, \"application-ruinventorylist-display-component---Master--tableRuInventoryList-listUl\")]/tbody/tr[1]/td[2]/div/div"}
COMMAND: GET /session/92be47b897e917a2bfe5475508088598/screenshot - {}
RESULT: {"using":"xpath","value":"//table[contains(@id, \"application-ruinventorylist-display-component---Master--tableRuInventoryList-listUl\")]/tbody/tr[1]/td[2]/div/div"}
COMMAND: POST /session/92be47b897e917a2bfe5475508088598/element/f.F83476283EE3547CE86D07744718997E.d.1F568D0B7B1B1D9B15960F3CD3FC27F5.e.6729/click - {}
RESULT: {}
RESULT: {}
COMMAND: GET /session/92be47b897e917a2bfe5475508088598/screenshot - {}
RESULT: {}
COMMAND: POST /session/92be47b897e917a2bfe5475508088598/element - {"using":"xpath","value":"//div[contains(@id, \"smartFilterBar-btnBasicSearch-reset\")]"}
RESULT: {"using":"xpath","value":"//div[contains(@id, \"smartFilterBar-btnBasicSearch-reset\")]"}
COMMAND: POST /session/92be47b897e917a2bfe5475508088598/element/f.F83476283EE3547CE86D07744718997E.d.1F568D0B7B1B1D9B15960F3CD3FC27F5.e.5296/click - {}
RESULT: {}
COMMAND: GET /session/92be47b897e917a2bfe5475508088598/screenshot - {}
RESULT: {}
RESULT: undefined
COMMAND: POST /session/92be47b897e917a2bfe5475508088598/execute/async - {"script":"<script> [776 bytes]","args":[{"enterText":"200159","selector":{"id":"application-ruinventorylist-display-component---Master--smartFilterBar-btnBasicSearch","interaction":{"idSuffix":"I"}},"clearTextFirst":true,"interactionType":"ENTER_TEXT"}]}
RESULT: {"script":"<script> [776 bytes]","args":[{"enterText":"200159","selector":{"id":"application-ruinventorylist-display-component---Master--smartFilterBar-btnBasicSearch","interaction":{"idSuffix":"I"}},"clearTextFirst":true,"interactionType":"ENTER_TEXT"}]}
COMMAND: POST /session/92be47b897e917a2bfe5475508088598/actions - {"actions":[{"id":"action34","type":"key","parameters":{},"actions":[{"type":"keyDown","value":"î€‡"},{"type":"pause","duration":10},{"type":"keyUp","value":"î€‡"}]}]}
RESULT: {"actions":[{"id":"action34","type":"key","parameters":{},"actions":[{"type":"keyDown","value":"î€‡"},{"type":"pause","duration":10},{"type":"keyUp","value":"î€‡"}]}]}
COMMAND: GET /session/92be47b897e917a2bfe5475508088598/screenshot - {}
RESULT: {}
COMMAND: POST /session/92be47b897e917a2bfe5475508088598/element - {"using":"xpath","value":"//span[@id=\"application-ruinventorylist-display-component---Master--smartTableRuInventoryList-header-inner\"]"}
RESULT: {"using":"xpath","value":"//span[@id=\"application-ruinventorylist-display-component---Master--smartTableRuInventoryList-header-inner\"]"}
COMMAND: POST /session/92be47b897e917a2bfe5475508088598/elements - {"using":"xpath","value":"//span[@id=\"application-ruinventorylist-display-component---Master--smartTableRuInventoryList-header-inner\"]"}
RESULT: {"using":"xpath","value":"//span[@id=\"application-ruinventorylist-display-component---Master--smartTableRuInventoryList-header-inner\"]"}
COMMAND: POST /session/92be47b897e917a2bfe5475508088598/execute/sync - {"script":"<script> [56 bytes]","args":[{"element-6066-11e4-a52e-4f735466cecf":"f.F83476283EE3547CE86D07744718997E.d.1F568D0B7B1B1D9B15960F3CD3FC27F5.e.5280","ELEMENT":"f.F83476283EE3547CE86D07744718997E.d.1F568D0B7B1B1D9B15960F3CD3FC27F5.e.5280"}]}
RESULT: {"script":"<script> [56 bytes]","args":[{"element-6066-11e4-a52e-4f735466cecf":"f.F83476283EE3547CE86D07744718997E.d.1F568D0B7B1B1D9B15960F3CD3FC27F5.e.5280","ELEMENT":"f.F83476283EE3547CE86D07744718997E.d.1F568D0B7B1B1D9B15960F3CD3FC27F5.e.5280"}]}
COMMAND: POST /session/92be47b897e917a2bfe5475508088598/element - {"using":"xpath","value":"//table[contains(@id, \"application-ruinventorylist-display-component---Master--tableRuInventoryList-listUl\")]/tbody/tr[1]/td[2]/div/div"}
COMMAND: GET /session/92be47b897e917a2bfe5475508088598/screenshot - {}
RESULT: {"using":"xpath","value":"//table[contains(@id, \"application-ruinventorylist-display-component---Master--tableRuInventoryList-listUl\")]/tbody/tr[1]/td[2]/div/div"}
COMMAND: POST /session/92be47b897e917a2bfe5475508088598/element/f.F83476283EE3547CE86D07744718997E.d.1F568D0B7B1B1D9B15960F3CD3FC27F5.e.6869/click - {}
RESULT: {}
RESULT: {}
COMMAND: GET /session/92be47b897e917a2bfe5475508088598/screenshot - {}
RESULT: {}
COMMAND: POST /session/92be47b897e917a2bfe5475508088598/element - {"using":"xpath","value":"//div[contains(@id, \"smartFilterBar-btnBasicSearch-reset\")]"}
RESULT: {"using":"xpath","value":"//div[contains(@id, \"smartFilterBar-btnBasicSearch-reset\")]"}
COMMAND: POST /session/92be47b897e917a2bfe5475508088598/element/f.F83476283EE3547CE86D07744718997E.d.1F568D0B7B1B1D9B15960F3CD3FC27F5.e.5296/click - {}
RESULT: {}
COMMAND: GET /session/92be47b897e917a2bfe5475508088598/screenshot - {}
RESULT: {}
COMMAND: POST /session/92be47b897e917a2bfe5475508088598/element/f.F83476283EE3547CE86D07744718997E.d.1F568D0B7B1B1D9B15960F3CD3FC27F5.e.4740/click - {}
RESULT: {}
COMMAND: GET /session/92be47b897e917a2bfe5475508088598/screenshot - {}
RESULT: {}
RESULT: undefined
COMMAND: POST /session/92be47b897e917a2bfe5475508088598/element - {"using":"xpath","value":"//*[@id=\"application-ruinventorylist-display-component---Master--ruStateTypes-arrow\"]"}
RESULT: {"using":"xpath","value":"//*[@id=\"application-ruinventorylist-display-component---Master--ruStateTypes-arrow\"]"}
COMMAND: POST /session/92be47b897e917a2bfe5475508088598/element/f.F83476283EE3547CE86D07744718997E.d.1F568D0B7B1B1D9B15960F3CD3FC27F5.e.7028/click - {}
RESULT: {}
COMMAND: GET /session/92be47b897e917a2bfe5475508088598/screenshot - {}
RESULT: {}
COMMAND: POST /session/92be47b897e917a2bfe5475508088598/element - {"using":"xpath","value":"//li[.//span[text()=\"available\"]]"}
RESULT: {"using":"xpath","value":"//li[.//span[text()=\"available\"]]"}
COMMAND: POST /session/92be47b897e917a2bfe5475508088598/element/f.F83476283EE3547CE86D07744718997E.d.1F568D0B7B1B1D9B15960F3CD3FC27F5.e.7029/click - {}
RESULT: {}
COMMAND: GET /session/92be47b897e917a2bfe5475508088598/screenshot - {}
RESULT: {}
COMMAND: POST /session/92be47b897e917a2bfe5475508088598/element - {"using":"xpath","value":"(//bdi[contains(text(), \"OK\")])[1]"}
RESULT: {"using":"xpath","value":"(//bdi[contains(text(), \"OK\")])[1]"}
COMMAND: POST /session/92be47b897e917a2bfe5475508088598/element/f.F83476283EE3547CE86D07744718997E.d.1F568D0B7B1B1D9B15960F3CD3FC27F5.e.7030/click - {}
RESULT: {}
COMMAND: GET /session/92be47b897e917a2bfe5475508088598/screenshot - {}
RESULT: {}
COMMAND: POST /session/92be47b897e917a2bfe5475508088598/element - {"using":"xpath","value":"(//bdi[contains(text(), \"OK\")])[2]"}
RESULT: {"using":"xpath","value":"(//bdi[contains(text(), \"OK\")])[2]"}
COMMAND: POST /session/92be47b897e917a2bfe5475508088598/element/f.F83476283EE3547CE86D07744718997E.d.1F568D0B7B1B1D9B15960F3CD3FC27F5.e.7034/click - {}
RESULT: {}
COMMAND: GET /session/92be47b897e917a2bfe5475508088598/screenshot - {}
RESULT: {}
RESULT: undefined
COMMAND: POST /session/92be47b897e917a2bfe5475508088598/execute/async - {"script":"<script> [776 bytes]","args":[{"enterText":"600002","selector":{"id":"application-ruinventorylist-display-component---Master--smartFilterBar-btnBasicSearch","interaction":{"idSuffix":"I"}},"clearTextFirst":true,"interactionType":"ENTER_TEXT"}]}
RESULT: {"script":"<script> [776 bytes]","args":[{"enterText":"600002","selector":{"id":"application-ruinventorylist-display-component---Master--smartFilterBar-btnBasicSearch","interaction":{"idSuffix":"I"}},"clearTextFirst":true,"interactionType":"ENTER_TEXT"}]}
COMMAND: POST /session/92be47b897e917a2bfe5475508088598/actions - {"actions":[{"id":"action35","type":"key","parameters":{},"actions":[{"type":"keyDown","value":"î€‡"},{"type":"pause","duration":10},{"type":"keyUp","value":"î€‡"}]}]}
RESULT: {"actions":[{"id":"action35","type":"key","parameters":{},"actions":[{"type":"keyDown","value":"î€‡"},{"type":"pause","duration":10},{"type":"keyUp","value":"î€‡"}]}]}
COMMAND: GET /session/92be47b897e917a2bfe5475508088598/screenshot - {}
RESULT: {}
COMMAND: POST /session/92be47b897e917a2bfe5475508088598/element - {"using":"xpath","value":"//span[@id=\"application-ruinventorylist-display-component---Master--smartTableRuInventoryList-header-inner\"]"}
RESULT: {"using":"xpath","value":"//span[@id=\"application-ruinventorylist-display-component---Master--smartTableRuInventoryList-header-inner\"]"}
COMMAND: POST /session/92be47b897e917a2bfe5475508088598/elements - {"using":"xpath","value":"//span[@id=\"application-ruinventorylist-display-component---Master--smartTableRuInventoryList-header-inner\"]"}
RESULT: {"using":"xpath","value":"//span[@id=\"application-ruinventorylist-display-component---Master--smartTableRuInventoryList-header-inner\"]"}
COMMAND: POST /session/92be47b897e917a2bfe5475508088598/execute/sync - {"script":"<script> [56 bytes]","args":[{"element-6066-11e4-a52e-4f735466cecf":"f.F83476283EE3547CE86D07744718997E.d.1F568D0B7B1B1D9B15960F3CD3FC27F5.e.5280","ELEMENT":"f.F83476283EE3547CE86D07744718997E.d.1F568D0B7B1B1D9B15960F3CD3FC27F5.e.5280"}]}
RESULT: {"script":"<script> [56 bytes]","args":[{"element-6066-11e4-a52e-4f735466cecf":"f.F83476283EE3547CE86D07744718997E.d.1F568D0B7B1B1D9B15960F3CD3FC27F5.e.5280","ELEMENT":"f.F83476283EE3547CE86D07744718997E.d.1F568D0B7B1B1D9B15960F3CD3FC27F5.e.5280"}]}
COMMAND: POST /session/92be47b897e917a2bfe5475508088598/element - {"using":"xpath","value":"//table[contains(@id, \"application-ruinventorylist-display-component---Master--tableRuInventoryList-listUl\")]/tbody/tr[1]/td[6]/div/span"}
COMMAND: GET /session/92be47b897e917a2bfe5475508088598/screenshot - {}
RESULT: {"using":"xpath","value":"//table[contains(@id, \"application-ruinventorylist-display-component---Master--tableRuInventoryList-listUl\")]/tbody/tr[1]/td[6]/div/span"}
COMMAND: POST /session/92be47b897e917a2bfe5475508088598/execute/sync - {"script":"<script> [56 bytes]","args":[{"element-6066-11e4-a52e-4f735466cecf":"f.F83476283EE3547CE86D07744718997E.d.1F568D0B7B1B1D9B15960F3CD3FC27F5.e.7055","ELEMENT":"f.F83476283EE3547CE86D07744718997E.d.1F568D0B7B1B1D9B15960F3CD3FC27F5.e.7055"}]}
RESULT: {}
RESULT: {"script":"<script> [56 bytes]","args":[{"element-6066-11e4-a52e-4f735466cecf":"f.F83476283EE3547CE86D07744718997E.d.1F568D0B7B1B1D9B15960F3CD3FC27F5.e.7055","ELEMENT":"f.F83476283EE3547CE86D07744718997E.d.1F568D0B7B1B1D9B15960F3CD3FC27F5.e.7055"}]}
COMMAND: POST /session/92be47b897e917a2bfe5475508088598/element - {"using":"xpath","value":"//div[contains(@id, \"smartFilterBar-btnBasicSearch-reset\")]"}
COMMAND: GET /session/92be47b897e917a2bfe5475508088598/screenshot - {}
RESULT: {"using":"xpath","value":"//div[contains(@id, \"smartFilterBar-btnBasicSearch-reset\")]"}
COMMAND: POST /session/92be47b897e917a2bfe5475508088598/element/f.F83476283EE3547CE86D07744718997E.d.1F568D0B7B1B1D9B15960F3CD3FC27F5.e.5296/click - {}
RESULT: {}
RESULT: {}
COMMAND: GET /session/92be47b897e917a2bfe5475508088598/screenshot - {}
RESULT: {}
RESULT: undefined
COMMAND: POST /session/92be47b897e917a2bfe5475508088598/execute/async - {"script":"<script> [776 bytes]","args":[{"enterText":"401002","selector":{"id":"application-ruinventorylist-display-component---Master--smartFilterBar-btnBasicSearch","interaction":{"idSuffix":"I"}},"clearTextFirst":true,"interactionType":"ENTER_TEXT"}]}
RESULT: {"script":"<script> [776 bytes]","args":[{"enterText":"401002","selector":{"id":"application-ruinventorylist-display-component---Master--smartFilterBar-btnBasicSearch","interaction":{"idSuffix":"I"}},"clearTextFirst":true,"interactionType":"ENTER_TEXT"}]}
COMMAND: POST /session/92be47b897e917a2bfe5475508088598/actions - {"actions":[{"id":"action36","type":"key","parameters":{},"actions":[{"type":"keyDown","value":"î€‡"},{"type":"pause","duration":10},{"type":"keyUp","value":"î€‡"}]}]}
RESULT: {"actions":[{"id":"action36","type":"key","parameters":{},"actions":[{"type":"keyDown","value":"î€‡"},{"type":"pause","duration":10},{"type":"keyUp","value":"î€‡"}]}]}
COMMAND: GET /session/92be47b897e917a2bfe5475508088598/screenshot - {}
RESULT: {}
COMMAND: POST /session/92be47b897e917a2bfe5475508088598/element - {"using":"xpath","value":"//span[@id=\"application-ruinventorylist-display-component---Master--smartTableRuInventoryList-header-inner\"]"}
RESULT: {"using":"xpath","value":"//span[@id=\"application-ruinventorylist-display-component---Master--smartTableRuInventoryList-header-inner\"]"}
COMMAND: POST /session/92be47b897e917a2bfe5475508088598/elements - {"using":"xpath","value":"//span[@id=\"application-ruinventorylist-display-component---Master--smartTableRuInventoryList-header-inner\"]"}
RESULT: {"using":"xpath","value":"//span[@id=\"application-ruinventorylist-display-component---Master--smartTableRuInventoryList-header-inner\"]"}
COMMAND: POST /session/92be47b897e917a2bfe5475508088598/execute/sync - {"script":"<script> [56 bytes]","args":[{"element-6066-11e4-a52e-4f735466cecf":"f.F83476283EE3547CE86D07744718997E.d.1F568D0B7B1B1D9B15960F3CD3FC27F5.e.5280","ELEMENT":"f.F83476283EE3547CE86D07744718997E.d.1F568D0B7B1B1D9B15960F3CD3FC27F5.e.5280"}]}
RESULT: {"script":"<script> [56 bytes]","args":[{"element-6066-11e4-a52e-4f735466cecf":"f.F83476283EE3547CE86D07744718997E.d.1F568D0B7B1B1D9B15960F3CD3FC27F5.e.5280","ELEMENT":"f.F83476283EE3547CE86D07744718997E.d.1F568D0B7B1B1D9B15960F3CD3FC27F5.e.5280"}]}
COMMAND: POST /session/92be47b897e917a2bfe5475508088598/element - {"using":"xpath","value":"//table[contains(@id, \"application-ruinventorylist-display-component---Master--tableRuInventoryList-listUl\")]/tbody/tr[1]/td[6]/div/span"}
COMMAND: GET /session/92be47b897e917a2bfe5475508088598/screenshot - {}
RESULT: {"using":"xpath","value":"//table[contains(@id, \"application-ruinventorylist-display-component---Master--tableRuInventoryList-listUl\")]/tbody/tr[1]/td[6]/div/span"}
COMMAND: POST /session/92be47b897e917a2bfe5475508088598/execute/sync - {"script":"<script> [56 bytes]","args":[{"element-6066-11e4-a52e-4f735466cecf":"f.F83476283EE3547CE86D07744718997E.d.1F568D0B7B1B1D9B15960F3CD3FC27F5.e.7133","ELEMENT":"f.F83476283EE3547CE86D07744718997E.d.1F568D0B7B1B1D9B15960F3CD3FC27F5.e.7133"}]}
RESULT: {}
RESULT: {"script":"<script> [56 bytes]","args":[{"element-6066-11e4-a52e-4f735466cecf":"f.F83476283EE3547CE86D07744718997E.d.1F568D0B7B1B1D9B15960F3CD3FC27F5.e.7133","ELEMENT":"f.F83476283EE3547CE86D07744718997E.d.1F568D0B7B1B1D9B15960F3CD3FC27F5.e.7133"}]}
COMMAND: POST /session/92be47b897e917a2bfe5475508088598/element - {"using":"xpath","value":"//div[contains(@id, \"smartFilterBar-btnBasicSearch-reset\")]"}
COMMAND: GET /session/92be47b897e917a2bfe5475508088598/screenshot - {}
RESULT: {"using":"xpath","value":"//div[contains(@id, \"smartFilterBar-btnBasicSearch-reset\")]"}
COMMAND: POST /session/92be47b897e917a2bfe5475508088598/element/f.F83476283EE3547CE86D07744718997E.d.1F568D0B7B1B1D9B15960F3CD3FC27F5.e.5296/click - {}
RESULT: {}
RESULT: {}
COMMAND: GET /session/92be47b897e917a2bfe5475508088598/screenshot - {}
RESULT: {}
RESULT: undefined
COMMAND: POST /session/92be47b897e917a2bfe5475508088598/execute/async - {"script":"<script> [776 bytes]","args":[{"enterText":"KQnWc62kMy","selector":{"id":"application-ruinventorylist-display-component---Master--smartFilterBar-btnBasicSearch","interaction":{"idSuffix":"I"}},"clearTextFirst":true,"interactionType":"ENTER_TEXT"}]}
RESULT: {"script":"<script> [776 bytes]","args":[{"enterText":"KQnWc62kMy","selector":{"id":"application-ruinventorylist-display-component---Master--smartFilterBar-btnBasicSearch","interaction":{"idSuffix":"I"}},"clearTextFirst":true,"interactionType":"ENTER_TEXT"}]}
COMMAND: POST /session/92be47b897e917a2bfe5475508088598/actions - {"actions":[{"id":"action37","type":"key","parameters":{},"actions":[{"type":"keyDown","value":"î€‡"},{"type":"pause","duration":10},{"type":"keyUp","value":"î€‡"}]}]}
RESULT: {"actions":[{"id":"action37","type":"key","parameters":{},"actions":[{"type":"keyDown","value":"î€‡"},{"type":"pause","duration":10},{"type":"keyUp","value":"î€‡"}]}]}
COMMAND: GET /session/92be47b897e917a2bfe5475508088598/screenshot - {}
RESULT: {}
COMMAND: POST /session/92be47b897e917a2bfe5475508088598/element - {"using":"xpath","value":"//span[@id=\"application-ruinventorylist-display-component---Master--smartTableRuInventoryList-header-inner\"]"}
RESULT: {"using":"xpath","value":"//span[@id=\"application-ruinventorylist-display-component---Master--smartTableRuInventoryList-header-inner\"]"}
COMMAND: POST /session/92be47b897e917a2bfe5475508088598/elements - {"using":"xpath","value":"//span[@id=\"application-ruinventorylist-display-component---Master--smartTableRuInventoryList-header-inner\"]"}
RESULT: {"using":"xpath","value":"//span[@id=\"application-ruinventorylist-display-component---Master--smartTableRuInventoryList-header-inner\"]"}
COMMAND: POST /session/92be47b897e917a2bfe5475508088598/execute/sync - {"script":"<script> [56 bytes]","args":[{"element-6066-11e4-a52e-4f735466cecf":"f.F83476283EE3547CE86D07744718997E.d.1F568D0B7B1B1D9B15960F3CD3FC27F5.e.5280","ELEMENT":"f.F83476283EE3547CE86D07744718997E.d.1F568D0B7B1B1D9B15960F3CD3FC27F5.e.5280"}]}
RESULT: {"script":"<script> [56 bytes]","args":[{"element-6066-11e4-a52e-4f735466cecf":"f.F83476283EE3547CE86D07744718997E.d.1F568D0B7B1B1D9B15960F3CD3FC27F5.e.5280","ELEMENT":"f.F83476283EE3547CE86D07744718997E.d.1F568D0B7B1B1D9B15960F3CD3FC27F5.e.5280"}]}
COMMAND: POST /session/92be47b897e917a2bfe5475508088598/element - {"using":"xpath","value":"//table[contains(@id, \"application-ruinventorylist-display-component---Master--tableRuInventoryList-listUl\")]/tbody/tr[1]/td[6]/div/span"}
COMMAND: GET /session/92be47b897e917a2bfe5475508088598/screenshot - {}
RESULT: {"using":"xpath","value":"//table[contains(@id, \"application-ruinventorylist-display-component---Master--tableRuInventoryList-listUl\")]/tbody/tr[1]/td[6]/div/span"}
COMMAND: POST /session/92be47b897e917a2bfe5475508088598/execute/sync - {"script":"<script> [56 bytes]","args":[{"element-6066-11e4-a52e-4f735466cecf":"f.F83476283EE3547CE86D07744718997E.d.1F568D0B7B1B1D9B15960F3CD3FC27F5.e.7212","ELEMENT":"f.F83476283EE3547CE86D07744718997E.d.1F568D0B7B1B1D9B15960F3CD3FC27F5.e.7212"}]}
RESULT: {}
RESULT: {"script":"<script> [56 bytes]","args":[{"element-6066-11e4-a52e-4f735466cecf":"f.F83476283EE3547CE86D07744718997E.d.1F568D0B7B1B1D9B15960F3CD3FC27F5.e.7212","ELEMENT":"f.F83476283EE3547CE86D07744718997E.d.1F568D0B7B1B1D9B15960F3CD3FC27F5.e.7212"}]}
COMMAND: POST /session/92be47b897e917a2bfe5475508088598/element - {"using":"xpath","value":"//div[contains(@id, \"smartFilterBar-btnBasicSearch-reset\")]"}
COMMAND: GET /session/92be47b897e917a2bfe5475508088598/screenshot - {}
RESULT: {"using":"xpath","value":"//div[contains(@id, \"smartFilterBar-btnBasicSearch-reset\")]"}
COMMAND: POST /session/92be47b897e917a2bfe5475508088598/element/f.F83476283EE3547CE86D07744718997E.d.1F568D0B7B1B1D9B15960F3CD3FC27F5.e.5296/click - {}
RESULT: {}
RESULT: {}
COMMAND: GET /session/92be47b897e917a2bfe5475508088598/screenshot - {}
RESULT: {}
RESULT: undefined
COMMAND: POST /session/92be47b897e917a2bfe5475508088598/execute/async - {"script":"<script> [776 bytes]","args":[{"enterText":"200159","selector":{"id":"application-ruinventorylist-display-component---Master--smartFilterBar-btnBasicSearch","interaction":{"idSuffix":"I"}},"clearTextFirst":true,"interactionType":"ENTER_TEXT"}]}
RESULT: {"script":"<script> [776 bytes]","args":[{"enterText":"200159","selector":{"id":"application-ruinventorylist-display-component---Master--smartFilterBar-btnBasicSearch","interaction":{"idSuffix":"I"}},"clearTextFirst":true,"interactionType":"ENTER_TEXT"}]}
COMMAND: POST /session/92be47b897e917a2bfe5475508088598/actions - {"actions":[{"id":"action38","type":"key","parameters":{},"actions":[{"type":"keyDown","value":"î€‡"},{"type":"pause","duration":10},{"type":"keyUp","value":"î€‡"}]}]}
RESULT: {"actions":[{"id":"action38","type":"key","parameters":{},"actions":[{"type":"keyDown","value":"î€‡"},{"type":"pause","duration":10},{"type":"keyUp","value":"î€‡"}]}]}
COMMAND: GET /session/92be47b897e917a2bfe5475508088598/screenshot - {}
RESULT: {}
COMMAND: POST /session/92be47b897e917a2bfe5475508088598/element - {"using":"xpath","value":"//span[@id=\"application-ruinventorylist-display-component---Master--smartTableRuInventoryList-header-inner\"]"}
RESULT: {"using":"xpath","value":"//span[@id=\"application-ruinventorylist-display-component---Master--smartTableRuInventoryList-header-inner\"]"}
COMMAND: POST /session/92be47b897e917a2bfe5475508088598/elements - {"using":"xpath","value":"//span[@id=\"application-ruinventorylist-display-component---Master--smartTableRuInventoryList-header-inner\"]"}
RESULT: {"using":"xpath","value":"//span[@id=\"application-ruinventorylist-display-component---Master--smartTableRuInventoryList-header-inner\"]"}
COMMAND: POST /session/92be47b897e917a2bfe5475508088598/execute/sync - {"script":"<script> [56 bytes]","args":[{"element-6066-11e4-a52e-4f735466cecf":"f.F83476283EE3547CE86D07744718997E.d.1F568D0B7B1B1D9B15960F3CD3FC27F5.e.5280","ELEMENT":"f.F83476283EE3547CE86D07744718997E.d.1F568D0B7B1B1D9B15960F3CD3FC27F5.e.5280"}]}
RESULT: {"script":"<script> [56 bytes]","args":[{"element-6066-11e4-a52e-4f735466cecf":"f.F83476283EE3547CE86D07744718997E.d.1F568D0B7B1B1D9B15960F3CD3FC27F5.e.5280","ELEMENT":"f.F83476283EE3547CE86D07744718997E.d.1F568D0B7B1B1D9B15960F3CD3FC27F5.e.5280"}]}
COMMAND: POST /session/92be47b897e917a2bfe5475508088598/element - {"using":"xpath","value":"//table[contains(@id, \"application-ruinventorylist-display-component---Master--tableRuInventoryList-listUl\")]/tbody/tr[1]/td[6]/div/span"}
COMMAND: GET /session/92be47b897e917a2bfe5475508088598/screenshot - {}
RESULT: {"using":"xpath","value":"//table[contains(@id, \"application-ruinventorylist-display-component---Master--tableRuInventoryList-listUl\")]/tbody/tr[1]/td[6]/div/span"}
COMMAND: POST /session/92be47b897e917a2bfe5475508088598/execute/sync - {"script":"<script> [56 bytes]","args":[{"element-6066-11e4-a52e-4f735466cecf":"f.F83476283EE3547CE86D07744718997E.d.1F568D0B7B1B1D9B15960F3CD3FC27F5.e.7294","ELEMENT":"f.F83476283EE3547CE86D07744718997E.d.1F568D0B7B1B1D9B15960F3CD3FC27F5.e.7294"}]}
RESULT: {}
RESULT: {"script":"<script> [56 bytes]","args":[{"element-6066-11e4-a52e-4f735466cecf":"f.F83476283EE3547CE86D07744718997E.d.1F568D0B7B1B1D9B15960F3CD3FC27F5.e.7294","ELEMENT":"f.F83476283EE3547CE86D07744718997E.d.1F568D0B7B1B1D9B15960F3CD3FC27F5.e.7294"}]}
COMMAND: POST /session/92be47b897e917a2bfe5475508088598/element - {"using":"xpath","value":"//div[contains(@id, \"smartFilterBar-btnBasicSearch-reset\")]"}
COMMAND: GET /session/92be47b897e917a2bfe5475508088598/screenshot - {}
RESULT: {"using":"xpath","value":"//div[contains(@id, \"smartFilterBar-btnBasicSearch-reset\")]"}
COMMAND: POST /session/92be47b897e917a2bfe5475508088598/element/f.F83476283EE3547CE86D07744718997E.d.1F568D0B7B1B1D9B15960F3CD3FC27F5.e.5296/click - {}
RESULT: {}
RESULT: {}
COMMAND: GET /session/92be47b897e917a2bfe5475508088598/screenshot - {}
RESULT: {}
COMMAND: POST /session/92be47b897e917a2bfe5475508088598/element - {"using":"css selector","value":"#shell-header-logo"}
RESULT: {"using":"css selector","value":"#shell-header-logo"}
COMMAND: POST /session/92be47b897e917a2bfe5475508088598/element/f.F83476283EE3547CE86D07744718997E.d.1F568D0B7B1B1D9B15960F3CD3FC27F5.e.4687/click - {}
RESULT: {}
COMMAND: GET /session/92be47b897e917a2bfe5475508088598/screenshot - {}
RESULT: {}
COMMAND: DELETE /session/92be47b897e917a2bfe5475508088598 - {}
RESULT: {}
]]></system-out>
    </testcase>
  </testsuite>
</testsuites>