<?xml version="1.0" encoding="UTF-8"?>
<testsuites tests="6" failures="0" errors="0" skipped="0">
  <testsuite timestamp="2025-05-15T16:33:49" time="1028.835" tests="6" failures="0" errors="0" skipped="0">
    <properties>
      <property name="specId" value="0" />
      <property name="suiteName" value="RU Inventory Mass State Change Multiple Items US151066" />
      <property name="capabilities" value="chrome.136_0_7103_93.windows" />
      <property name="file" value="file:///D:/a/1/s/test/specs/HTR/ru-inv-list-mass-state-change.spec.js" />
    </properties>
    <testcase classname="chrome.136_0_7103_93.windows.RU_Inventory_Mass_State_Change_Multiple_Items_US151066" name="Step 1 Should do a RU inventory mass state change on chosen yard 109 with the resources available one equipment multipart one tool pool" time="264.892">
      <system-out><![CDATA[
COMMAND: POST /session/3c439525579c2e0b8ad9b556d9b6e42d/execute/async - {"script":"<script> [1562 bytes]","args":[{"selector":{"controlType":"sap.m.GenericTile","properties":{"header":"RU Inventory List"}},"wdio_ui5_key":"sapm.GenericTile{\"header\":\"RU Inventory List\"}"}]}
RESULT: {"script":"<script> [1562 bytes]","args":[{"selector":{"controlType":"sap.m.GenericTile","properties":{"header":"RU Inventory List"}},"wdio_ui5_key":"sapm.GenericTile{\"header\":\"RU Inventory List\"}"}]}
RESULT: undefined
COMMAND: POST /session/3c439525579c2e0b8ad9b556d9b6e42d/element - {"using":"xpath","value":"//*[@id=\"__tile99\"]"}
RESULT: {"using":"xpath","value":"//*[@id=\"__tile99\"]"}
COMMAND: POST /session/3c439525579c2e0b8ad9b556d9b6e42d/element/f.D9701E9044AEF593040EE735DD176420.d.803D37B0075CC47AB7B1D062962FD036.e.257/click - {}
RESULT: {}
COMMAND: GET /session/3c439525579c2e0b8ad9b556d9b6e42d/screenshot - {}
RESULT: {}
COMMAND: POST /session/3c439525579c2e0b8ad9b556d9b6e42d/elements - {"using":"xpath","value":"//span[text()='Error']"}
RESULT: {"using":"xpath","value":"//span[text()='Error']"}
COMMAND: POST /session/3c439525579c2e0b8ad9b556d9b6e42d/element - {"using":"xpath","value":"//button[contains(@id, \"massStateBtn\")]"}
RESULT: {"using":"xpath","value":"//button[contains(@id, \"massStateBtn\")]"}
COMMAND: POST /session/3c439525579c2e0b8ad9b556d9b6e42d/elements - {"using":"xpath","value":"//button[contains(@id, \"massStateBtn\")]"}
RESULT: {"using":"xpath","value":"//button[contains(@id, \"massStateBtn\")]"}
COMMAND: POST /session/3c439525579c2e0b8ad9b556d9b6e42d/elements - {"using":"xpath","value":"//button[contains(@id, \"massStateBtn\")]"}
RESULT: {"using":"xpath","value":"//button[contains(@id, \"massStateBtn\")]"}
COMMAND: POST /session/3c439525579c2e0b8ad9b556d9b6e42d/element - {"using":"xpath","value":"//button[contains(@id, \"massStateBtn\")]"}
RESULT: {"using":"xpath","value":"//button[contains(@id, \"massStateBtn\")]"}
COMMAND: POST /session/3c439525579c2e0b8ad9b556d9b6e42d/execute/sync - {"script":"<script> [8489 bytes]","args":[{"element-6066-11e4-a52e-4f735466cecf":"f.D9701E9044AEF593040EE735DD176420.d.803D37B0075CC47AB7B1D062962FD036.e.292","ELEMENT":"f.D9701E9044AEF593040EE735DD176420.d.803D37B0075CC47AB7B1D062962FD036.e.292"}]}
RESULT: {"script":"<script> [8489 bytes]","args":[{"element-6066-11e4-a52e-4f735466cecf":"f.D9701E9044AEF593040EE735DD176420.d.803D37B0075CC47AB7B1D062962FD036.e.292","ELEMENT":"f.D9701E9044AEF593040EE735DD176420.d.803D37B0075CC47AB7B1D062962FD036.e.292"}]}
COMMAND: GET /session/3c439525579c2e0b8ad9b556d9b6e42d/element/f.D9701E9044AEF593040EE735DD176420.d.803D37B0075CC47AB7B1D062962FD036.e.292/enabled - {}
COMMAND: GET /session/3c439525579c2e0b8ad9b556d9b6e42d/screenshot - {}
RESULT: {}
COMMAND: POST /session/3c439525579c2e0b8ad9b556d9b6e42d/execute/sync - {"script":"<script> [8489 bytes]","args":[{"element-6066-11e4-a52e-4f735466cecf":"f.D9701E9044AEF593040EE735DD176420.d.803D37B0075CC47AB7B1D062962FD036.e.292","ELEMENT":"f.D9701E9044AEF593040EE735DD176420.d.803D37B0075CC47AB7B1D062962FD036.e.292"}]}
COMMAND: GET /session/3c439525579c2e0b8ad9b556d9b6e42d/screenshot - {}
RESULT: {}
RESULT: {"script":"<script> [8489 bytes]","args":[{"element-6066-11e4-a52e-4f735466cecf":"f.D9701E9044AEF593040EE735DD176420.d.803D37B0075CC47AB7B1D062962FD036.e.292","ELEMENT":"f.D9701E9044AEF593040EE735DD176420.d.803D37B0075CC47AB7B1D062962FD036.e.292"}]}
COMMAND: POST /session/3c439525579c2e0b8ad9b556d9b6e42d/execute/sync - {"script":"<script> [5351 bytes]","args":[{"element-6066-11e4-a52e-4f735466cecf":"f.D9701E9044AEF593040EE735DD176420.d.803D37B0075CC47AB7B1D062962FD036.e.292","ELEMENT":"f.D9701E9044AEF593040EE735DD176420.d.803D37B0075CC47AB7B1D062962FD036.e.292"}]}
COMMAND: GET /session/3c439525579c2e0b8ad9b556d9b6e42d/screenshot - {}
RESULT: {}
RESULT: {"script":"<script> [5351 bytes]","args":[{"element-6066-11e4-a52e-4f735466cecf":"f.D9701E9044AEF593040EE735DD176420.d.803D37B0075CC47AB7B1D062962FD036.e.292","ELEMENT":"f.D9701E9044AEF593040EE735DD176420.d.803D37B0075CC47AB7B1D062962FD036.e.292"}]}
COMMAND: POST /session/3c439525579c2e0b8ad9b556d9b6e42d/element/f.D9701E9044AEF593040EE735DD176420.d.803D37B0075CC47AB7B1D062962FD036.e.292/click - {}
COMMAND: GET /session/3c439525579c2e0b8ad9b556d9b6e42d/screenshot - {}
RESULT: {}
RESULT: {}
COMMAND: GET /session/3c439525579c2e0b8ad9b556d9b6e42d/screenshot - {}
RESULT: {}
RESULT: {}
COMMAND: POST /session/3c439525579c2e0b8ad9b556d9b6e42d/execute/async - {"script":"<script> [1562 bytes]","args":[{"selector":{"id":"application-ruinventorylist-display-component---Master--ruLocationTypeComboBox-arrow"},"wdio_ui5_key":"applicationruinventorylist-display-component---Master--ruLocationTypeComboBox-arrow"}]}
RESULT: {"script":"<script> [1562 bytes]","args":[{"selector":{"id":"application-ruinventorylist-display-component---Master--ruLocationTypeComboBox-arrow"},"wdio_ui5_key":"applicationruinventorylist-display-component---Master--ruLocationTypeComboBox-arrow"}]}
RESULT: undefined
COMMAND: POST /session/3c439525579c2e0b8ad9b556d9b6e42d/element - {"using":"xpath","value":"//*[@id=\"application-ruinventorylist-display-component---Master--ruLocationTypeComboBox-arrow\"]"}
RESULT: {"using":"xpath","value":"//*[@id=\"application-ruinventorylist-display-component---Master--ruLocationTypeComboBox-arrow\"]"}
COMMAND: POST /session/3c439525579c2e0b8ad9b556d9b6e42d/element/f.D9701E9044AEF593040EE735DD176420.d.803D37B0075CC47AB7B1D062962FD036.e.647/click - {}
RESULT: {}
COMMAND: GET /session/3c439525579c2e0b8ad9b556d9b6e42d/screenshot - {}
RESULT: {}
COMMAND: POST /session/3c439525579c2e0b8ad9b556d9b6e42d/element - {"using":"xpath","value":"//li[.//span[text()='Yard']]"}
RESULT: {"using":"xpath","value":"//li[.//span[text()='Yard']]"}
COMMAND: POST /session/3c439525579c2e0b8ad9b556d9b6e42d/element/f.D9701E9044AEF593040EE735DD176420.d.803D37B0075CC47AB7B1D062962FD036.e.648/click - {}
RESULT: {}
COMMAND: GET /session/3c439525579c2e0b8ad9b556d9b6e42d/screenshot - {}
RESULT: {}
COMMAND: POST /session/3c439525579c2e0b8ad9b556d9b6e42d/execute/async - {"script":"<script> [1562 bytes]","args":[{"selector":{"id":"application-ruinventorylist-display-component---Master--smartFilterBar-filterItemControl_BASIC-YARD-vhi"},"wdio_ui5_key":"applicationruinventorylist-display-component---Master--smartFilterBar-filterItemControl_BASIC-YARD-vhi"}]}
RESULT: {"script":"<script> [1562 bytes]","args":[{"selector":{"id":"application-ruinventorylist-display-component---Master--smartFilterBar-filterItemControl_BASIC-YARD-vhi"},"wdio_ui5_key":"applicationruinventorylist-display-component---Master--smartFilterBar-filterItemControl_BASIC-YARD-vhi"}]}
RESULT: undefined
COMMAND: POST /session/3c439525579c2e0b8ad9b556d9b6e42d/element - {"using":"xpath","value":"//*[@id=\"application-ruinventorylist-display-component---Master--smartFilterBar-filterItemControl_BASIC-YARD-vhi\"]"}
RESULT: {"using":"xpath","value":"//*[@id=\"application-ruinventorylist-display-component---Master--smartFilterBar-filterItemControl_BASIC-YARD-vhi\"]"}
COMMAND: POST /session/3c439525579c2e0b8ad9b556d9b6e42d/element/f.D9701E9044AEF593040EE735DD176420.d.803D37B0075CC47AB7B1D062962FD036.e.685/click - {}
RESULT: {}
COMMAND: GET /session/3c439525579c2e0b8ad9b556d9b6e42d/screenshot - {}
RESULT: {}
COMMAND: POST /session/3c439525579c2e0b8ad9b556d9b6e42d/execute/async - {"script":"<script> [1562 bytes]","args":[{"selector":{"id":"application-ruinventorylist-display-component---Master--smartFilterBar-filterItemControl_BASIC-YARD-valueHelpDialog-smartFilterBar-btnBasicSearch","searchOpenDialogs":true,"interaction":{"idSuffix":"I"}},"wdio_ui5_key":"applicationruinventorylist-display-component---Master--smartFilterBar-filterItemControl_BASIC-YARD-valueHelpDialog-smartFilterBar-btnBasicSearch"}]}
RESULT: {"script":"<script> [1562 bytes]","args":[{"selector":{"id":"application-ruinventorylist-display-component---Master--smartFilterBar-filterItemControl_BASIC-YARD-valueHelpDialog-smartFilterBar-btnBasicSearch","searchOpenDialogs":true,"interaction":{"idSuffix":"I"}},"wdio_ui5_key":"applicationruinventorylist-display-component---Master--smartFilterBar-filterItemControl_BASIC-YARD-valueHelpDialog-smartFilterBar-btnBasicSearch"}]}
RESULT: undefined
COMMAND: POST /session/3c439525579c2e0b8ad9b556d9b6e42d/execute/async - {"script":"<script> [776 bytes]","args":[{"enterText":"109","selector":{"id":"application-ruinventorylist-display-component---Master--smartFilterBar-filterItemControl_BASIC-YARD-valueHelpDialog-smartFilterBar-btnBasicSearch","searchOpenDialogs":true,"interaction":{"idSuffix":"I"}},"clearTextFirst":true,"interactionType":"ENTER_TEXT"}]}
RESULT: {"script":"<script> [776 bytes]","args":[{"enterText":"109","selector":{"id":"application-ruinventorylist-display-component---Master--smartFilterBar-filterItemControl_BASIC-YARD-valueHelpDialog-smartFilterBar-btnBasicSearch","searchOpenDialogs":true,"interaction":{"idSuffix":"I"}},"clearTextFirst":true,"interactionType":"ENTER_TEXT"}]}
COMMAND: POST /session/3c439525579c2e0b8ad9b556d9b6e42d/actions - {"actions":[{"id":"action1","type":"key","parameters":{},"actions":[{"type":"keyDown","value":"î€‡"},{"type":"pause","duration":10},{"type":"keyUp","value":"î€‡"}]}]}
RESULT: {"actions":[{"id":"action1","type":"key","parameters":{},"actions":[{"type":"keyDown","value":"î€‡"},{"type":"pause","duration":10},{"type":"keyUp","value":"î€‡"}]}]}
COMMAND: GET /session/3c439525579c2e0b8ad9b556d9b6e42d/screenshot - {}
RESULT: {}
COMMAND: POST /session/3c439525579c2e0b8ad9b556d9b6e42d/elements - {"using":"xpath","value":"//table[contains(@id, \"filterItemControl_BASIC-YARD-valueHelpDialog-table-table\")]/tbody/tr"}
RESULT: {"using":"xpath","value":"//table[contains(@id, \"filterItemControl_BASIC-YARD-valueHelpDialog-table-table\")]/tbody/tr"}
COMMAND: POST /session/3c439525579c2e0b8ad9b556d9b6e42d/element - {"using":"xpath","value":"//table[contains(@id, \"filterItemControl_BASIC-YARD-valueHelpDialog-table-table\")]/tbody/tr[1]/td[1]/div/span"}
RESULT: {"using":"xpath","value":"//table[contains(@id, \"filterItemControl_BASIC-YARD-valueHelpDialog-table-table\")]/tbody/tr[1]/td[1]/div/span"}
COMMAND: POST /session/3c439525579c2e0b8ad9b556d9b6e42d/elements - {"using":"xpath","value":"//table[contains(@id, \"filterItemControl_BASIC-YARD-valueHelpDialog-table-table\")]/tbody/tr[1]/td[1]/div/span"}
RESULT: {"using":"xpath","value":"//table[contains(@id, \"filterItemControl_BASIC-YARD-valueHelpDialog-table-table\")]/tbody/tr[1]/td[1]/div/span"}
COMMAND: POST /session/3c439525579c2e0b8ad9b556d9b6e42d/execute/sync - {"script":"<script> [56 bytes]","args":[{"element-6066-11e4-a52e-4f735466cecf":"f.D9701E9044AEF593040EE735DD176420.d.803D37B0075CC47AB7B1D062962FD036.e.707","ELEMENT":"f.D9701E9044AEF593040EE735DD176420.d.803D37B0075CC47AB7B1D062962FD036.e.707"}]}
RESULT: {"script":"<script> [56 bytes]","args":[{"element-6066-11e4-a52e-4f735466cecf":"f.D9701E9044AEF593040EE735DD176420.d.803D37B0075CC47AB7B1D062962FD036.e.707","ELEMENT":"f.D9701E9044AEF593040EE735DD176420.d.803D37B0075CC47AB7B1D062962FD036.e.707"}]}
COMMAND: POST /session/3c439525579c2e0b8ad9b556d9b6e42d/element - {"using":"xpath","value":"//div[contains(@id, \"filterItemControl_BASIC-YARD-valueHelpDialog-table-rowsel0\")]"}
COMMAND: GET /session/3c439525579c2e0b8ad9b556d9b6e42d/screenshot - {}
RESULT: {"using":"xpath","value":"//div[contains(@id, \"filterItemControl_BASIC-YARD-valueHelpDialog-table-rowsel0\")]"}
COMMAND: POST /session/3c439525579c2e0b8ad9b556d9b6e42d/element/f.D9701E9044AEF593040EE735DD176420.d.803D37B0075CC47AB7B1D062962FD036.e.708/click - {}
RESULT: {}
RESULT: {}
COMMAND: GET /session/3c439525579c2e0b8ad9b556d9b6e42d/screenshot - {}
RESULT: {}
COMMAND: POST /session/3c439525579c2e0b8ad9b556d9b6e42d/element - {"using":"xpath","value":"//div[contains(@id, \"smartFilterBar-filterItemControl_BASIC-YARD-valueHelpDialog-smartFilterBar-btnBasicSearch-reset\")]"}
RESULT: {"using":"xpath","value":"//div[contains(@id, \"smartFilterBar-filterItemControl_BASIC-YARD-valueHelpDialog-smartFilterBar-btnBasicSearch-reset\")]"}
COMMAND: POST /session/3c439525579c2e0b8ad9b556d9b6e42d/element/f.D9701E9044AEF593040EE735DD176420.d.803D37B0075CC47AB7B1D062962FD036.e.710/click - {}
RESULT: {}
RESULT: undefined
COMMAND: POST /session/3c439525579c2e0b8ad9b556d9b6e42d/execute/async - {"script":"<script> [776 bytes]","args":[{"enterText":"OPA5_BST01_YARD1","selector":{"id":"application-ruinventorylist-display-component---Master--smartFilterBar-filterItemControl_BASIC-YARD-valueHelpDialog-smartFilterBar-btnBasicSearch","searchOpenDialogs":true,"interaction":{"idSuffix":"I"}},"clearTextFirst":true,"interactionType":"ENTER_TEXT"}]}
COMMAND: GET /session/3c439525579c2e0b8ad9b556d9b6e42d/screenshot - {}
RESULT: {"script":"<script> [776 bytes]","args":[{"enterText":"OPA5_BST01_YARD1","selector":{"id":"application-ruinventorylist-display-component---Master--smartFilterBar-filterItemControl_BASIC-YARD-valueHelpDialog-smartFilterBar-btnBasicSearch","searchOpenDialogs":true,"interaction":{"idSuffix":"I"}},"clearTextFirst":true,"interactionType":"ENTER_TEXT"}]}
COMMAND: POST /session/3c439525579c2e0b8ad9b556d9b6e42d/actions - {"actions":[{"id":"action2","type":"key","parameters":{},"actions":[{"type":"keyDown","value":"î€‡"},{"type":"pause","duration":10},{"type":"keyUp","value":"î€‡"}]}]}
RESULT: {}
RESULT: {"actions":[{"id":"action2","type":"key","parameters":{},"actions":[{"type":"keyDown","value":"î€‡"},{"type":"pause","duration":10},{"type":"keyUp","value":"î€‡"}]}]}
COMMAND: GET /session/3c439525579c2e0b8ad9b556d9b6e42d/screenshot - {}
RESULT: {}
COMMAND: POST /session/3c439525579c2e0b8ad9b556d9b6e42d/elements - {"using":"xpath","value":"//table[contains(@id, \"filterItemControl_BASIC-YARD-valueHelpDialog-table-table\")]/tbody/tr"}
RESULT: {"using":"xpath","value":"//table[contains(@id, \"filterItemControl_BASIC-YARD-valueHelpDialog-table-table\")]/tbody/tr"}
COMMAND: POST /session/3c439525579c2e0b8ad9b556d9b6e42d/element - {"using":"xpath","value":"//table[contains(@id, \"filterItemControl_BASIC-YARD-valueHelpDialog-table-table\")]/tbody/tr[1]/td[1]/div/span"}
RESULT: {"using":"xpath","value":"//table[contains(@id, \"filterItemControl_BASIC-YARD-valueHelpDialog-table-table\")]/tbody/tr[1]/td[1]/div/span"}
COMMAND: POST /session/3c439525579c2e0b8ad9b556d9b6e42d/elements - {"using":"xpath","value":"//table[contains(@id, \"filterItemControl_BASIC-YARD-valueHelpDialog-table-table\")]/tbody/tr[1]/td[1]/div/span"}
RESULT: {"using":"xpath","value":"//table[contains(@id, \"filterItemControl_BASIC-YARD-valueHelpDialog-table-table\")]/tbody/tr[1]/td[1]/div/span"}
COMMAND: POST /session/3c439525579c2e0b8ad9b556d9b6e42d/execute/sync - {"script":"<script> [56 bytes]","args":[{"element-6066-11e4-a52e-4f735466cecf":"f.D9701E9044AEF593040EE735DD176420.d.803D37B0075CC47AB7B1D062962FD036.e.707","ELEMENT":"f.D9701E9044AEF593040EE735DD176420.d.803D37B0075CC47AB7B1D062962FD036.e.707"}]}
RESULT: {"script":"<script> [56 bytes]","args":[{"element-6066-11e4-a52e-4f735466cecf":"f.D9701E9044AEF593040EE735DD176420.d.803D37B0075CC47AB7B1D062962FD036.e.707","ELEMENT":"f.D9701E9044AEF593040EE735DD176420.d.803D37B0075CC47AB7B1D062962FD036.e.707"}]}
COMMAND: POST /session/3c439525579c2e0b8ad9b556d9b6e42d/element - {"using":"xpath","value":"//div[contains(@id, \"filterItemControl_BASIC-YARD-valueHelpDialog-table-rowsel0\")]"}
COMMAND: GET /session/3c439525579c2e0b8ad9b556d9b6e42d/screenshot - {}
RESULT: {"using":"xpath","value":"//div[contains(@id, \"filterItemControl_BASIC-YARD-valueHelpDialog-table-rowsel0\")]"}
COMMAND: POST /session/3c439525579c2e0b8ad9b556d9b6e42d/element/f.D9701E9044AEF593040EE735DD176420.d.803D37B0075CC47AB7B1D062962FD036.e.708/click - {}
RESULT: {}
RESULT: {}
COMMAND: GET /session/3c439525579c2e0b8ad9b556d9b6e42d/screenshot - {}
RESULT: {}
COMMAND: POST /session/3c439525579c2e0b8ad9b556d9b6e42d/element - {"using":"xpath","value":"(//bdi[contains(text(), \"OK\")])[1]"}
RESULT: {"using":"xpath","value":"(//bdi[contains(text(), \"OK\")])[1]"}
COMMAND: POST /session/3c439525579c2e0b8ad9b556d9b6e42d/element/f.D9701E9044AEF593040EE735DD176420.d.803D37B0075CC47AB7B1D062962FD036.e.711/click - {}
RESULT: {}
COMMAND: GET /session/3c439525579c2e0b8ad9b556d9b6e42d/screenshot - {}
RESULT: {}
COMMAND: POST /session/3c439525579c2e0b8ad9b556d9b6e42d/element - {"using":"xpath","value":"//span[@id=\"application-ruinventorylist-display-component---Master--smartTableRuInventoryList-header-inner\"]"}
RESULT: {"using":"xpath","value":"//span[@id=\"application-ruinventorylist-display-component---Master--smartTableRuInventoryList-header-inner\"]"}
COMMAND: POST /session/3c439525579c2e0b8ad9b556d9b6e42d/elements - {"using":"xpath","value":"//span[@id=\"application-ruinventorylist-display-component---Master--smartTableRuInventoryList-header-inner\"]"}
RESULT: {"using":"xpath","value":"//span[@id=\"application-ruinventorylist-display-component---Master--smartTableRuInventoryList-header-inner\"]"}
COMMAND: POST /session/3c439525579c2e0b8ad9b556d9b6e42d/execute/sync - {"script":"<script> [56 bytes]","args":[{"element-6066-11e4-a52e-4f735466cecf":"f.D9701E9044AEF593040EE735DD176420.d.803D37B0075CC47AB7B1D062962FD036.e.841","ELEMENT":"f.D9701E9044AEF593040EE735DD176420.d.803D37B0075CC47AB7B1D062962FD036.e.841"}]}
RESULT: {"script":"<script> [56 bytes]","args":[{"element-6066-11e4-a52e-4f735466cecf":"f.D9701E9044AEF593040EE735DD176420.d.803D37B0075CC47AB7B1D062962FD036.e.841","ELEMENT":"f.D9701E9044AEF593040EE735DD176420.d.803D37B0075CC47AB7B1D062962FD036.e.841"}]}
COMMAND: POST /session/3c439525579c2e0b8ad9b556d9b6e42d/execute/async - {"script":"<script> [1562 bytes]","args":[{"selector":{"id":"application-ruinventorylist-display-component---Master--smartFilterBar-btnBasicSearch","interaction":{"idSuffix":"I"}},"wdio_ui5_key":"applicationruinventorylist-display-component---Master--smartFilterBar-btnBasicSearch"}]}
COMMAND: GET /session/3c439525579c2e0b8ad9b556d9b6e42d/screenshot - {}
RESULT: {"script":"<script> [1562 bytes]","args":[{"selector":{"id":"application-ruinventorylist-display-component---Master--smartFilterBar-btnBasicSearch","interaction":{"idSuffix":"I"}},"wdio_ui5_key":"applicationruinventorylist-display-component---Master--smartFilterBar-btnBasicSearch"}]}
RESULT: undefined
COMMAND: POST /session/3c439525579c2e0b8ad9b556d9b6e42d/execute/async - {"script":"<script> [776 bytes]","args":[{"enterText":"600002","selector":{"id":"application-ruinventorylist-display-component---Master--smartFilterBar-btnBasicSearch","interaction":{"idSuffix":"I"}},"clearTextFirst":true,"interactionType":"ENTER_TEXT"}]}
RESULT: {}
RESULT: {"script":"<script> [776 bytes]","args":[{"enterText":"600002","selector":{"id":"application-ruinventorylist-display-component---Master--smartFilterBar-btnBasicSearch","interaction":{"idSuffix":"I"}},"clearTextFirst":true,"interactionType":"ENTER_TEXT"}]}
COMMAND: POST /session/3c439525579c2e0b8ad9b556d9b6e42d/actions - {"actions":[{"id":"action3","type":"key","parameters":{},"actions":[{"type":"keyDown","value":"î€‡"},{"type":"pause","duration":10},{"type":"keyUp","value":"î€‡"}]}]}
RESULT: {"actions":[{"id":"action3","type":"key","parameters":{},"actions":[{"type":"keyDown","value":"î€‡"},{"type":"pause","duration":10},{"type":"keyUp","value":"î€‡"}]}]}
COMMAND: GET /session/3c439525579c2e0b8ad9b556d9b6e42d/screenshot - {}
RESULT: {}
COMMAND: POST /session/3c439525579c2e0b8ad9b556d9b6e42d/element - {"using":"xpath","value":"//span[@id=\"application-ruinventorylist-display-component---Master--smartTableRuInventoryList-header-inner\"]"}
RESULT: {"using":"xpath","value":"//span[@id=\"application-ruinventorylist-display-component---Master--smartTableRuInventoryList-header-inner\"]"}
COMMAND: POST /session/3c439525579c2e0b8ad9b556d9b6e42d/elements - {"using":"xpath","value":"//span[@id=\"application-ruinventorylist-display-component---Master--smartTableRuInventoryList-header-inner\"]"}
RESULT: {"using":"xpath","value":"//span[@id=\"application-ruinventorylist-display-component---Master--smartTableRuInventoryList-header-inner\"]"}
COMMAND: POST /session/3c439525579c2e0b8ad9b556d9b6e42d/execute/sync - {"script":"<script> [56 bytes]","args":[{"element-6066-11e4-a52e-4f735466cecf":"f.D9701E9044AEF593040EE735DD176420.d.803D37B0075CC47AB7B1D062962FD036.e.841","ELEMENT":"f.D9701E9044AEF593040EE735DD176420.d.803D37B0075CC47AB7B1D062962FD036.e.841"}]}
RESULT: {"script":"<script> [56 bytes]","args":[{"element-6066-11e4-a52e-4f735466cecf":"f.D9701E9044AEF593040EE735DD176420.d.803D37B0075CC47AB7B1D062962FD036.e.841","ELEMENT":"f.D9701E9044AEF593040EE735DD176420.d.803D37B0075CC47AB7B1D062962FD036.e.841"}]}
COMMAND: POST /session/3c439525579c2e0b8ad9b556d9b6e42d/element - {"using":"xpath","value":"//table[contains(@id, \"application-ruinventorylist-display-component---Master--tableRuInventoryList-listUl\")]/tbody/tr[1]/td[2]/div/div"}
COMMAND: GET /session/3c439525579c2e0b8ad9b556d9b6e42d/screenshot - {}
RESULT: {"using":"xpath","value":"//table[contains(@id, \"application-ruinventorylist-display-component---Master--tableRuInventoryList-listUl\")]/tbody/tr[1]/td[2]/div/div"}
COMMAND: POST /session/3c439525579c2e0b8ad9b556d9b6e42d/element/f.D9701E9044AEF593040EE735DD176420.d.803D37B0075CC47AB7B1D062962FD036.e.849/click - {}
RESULT: {}
RESULT: {}
COMMAND: GET /session/3c439525579c2e0b8ad9b556d9b6e42d/screenshot - {}
RESULT: {}
COMMAND: POST /session/3c439525579c2e0b8ad9b556d9b6e42d/element - {"using":"xpath","value":"//div[contains(@id, \"smartFilterBar-btnBasicSearch-reset\")]"}
RESULT: {"using":"xpath","value":"//div[contains(@id, \"smartFilterBar-btnBasicSearch-reset\")]"}
COMMAND: POST /session/3c439525579c2e0b8ad9b556d9b6e42d/element/f.D9701E9044AEF593040EE735DD176420.d.803D37B0075CC47AB7B1D062962FD036.e.859/click - {}
RESULT: {}
COMMAND: GET /session/3c439525579c2e0b8ad9b556d9b6e42d/screenshot - {}
RESULT: {}
RESULT: undefined
COMMAND: POST /session/3c439525579c2e0b8ad9b556d9b6e42d/execute/async - {"script":"<script> [776 bytes]","args":[{"enterText":"401002","selector":{"id":"application-ruinventorylist-display-component---Master--smartFilterBar-btnBasicSearch","interaction":{"idSuffix":"I"}},"clearTextFirst":true,"interactionType":"ENTER_TEXT"}]}
RESULT: {"script":"<script> [776 bytes]","args":[{"enterText":"401002","selector":{"id":"application-ruinventorylist-display-component---Master--smartFilterBar-btnBasicSearch","interaction":{"idSuffix":"I"}},"clearTextFirst":true,"interactionType":"ENTER_TEXT"}]}
COMMAND: POST /session/3c439525579c2e0b8ad9b556d9b6e42d/actions - {"actions":[{"id":"action4","type":"key","parameters":{},"actions":[{"type":"keyDown","value":"î€‡"},{"type":"pause","duration":10},{"type":"keyUp","value":"î€‡"}]}]}
RESULT: {"actions":[{"id":"action4","type":"key","parameters":{},"actions":[{"type":"keyDown","value":"î€‡"},{"type":"pause","duration":10},{"type":"keyUp","value":"î€‡"}]}]}
COMMAND: GET /session/3c439525579c2e0b8ad9b556d9b6e42d/screenshot - {}
RESULT: {}
COMMAND: POST /session/3c439525579c2e0b8ad9b556d9b6e42d/element - {"using":"xpath","value":"//span[@id=\"application-ruinventorylist-display-component---Master--smartTableRuInventoryList-header-inner\"]"}
RESULT: {"using":"xpath","value":"//span[@id=\"application-ruinventorylist-display-component---Master--smartTableRuInventoryList-header-inner\"]"}
COMMAND: POST /session/3c439525579c2e0b8ad9b556d9b6e42d/elements - {"using":"xpath","value":"//span[@id=\"application-ruinventorylist-display-component---Master--smartTableRuInventoryList-header-inner\"]"}
RESULT: {"using":"xpath","value":"//span[@id=\"application-ruinventorylist-display-component---Master--smartTableRuInventoryList-header-inner\"]"}
COMMAND: POST /session/3c439525579c2e0b8ad9b556d9b6e42d/execute/sync - {"script":"<script> [56 bytes]","args":[{"element-6066-11e4-a52e-4f735466cecf":"f.D9701E9044AEF593040EE735DD176420.d.803D37B0075CC47AB7B1D062962FD036.e.841","ELEMENT":"f.D9701E9044AEF593040EE735DD176420.d.803D37B0075CC47AB7B1D062962FD036.e.841"}]}
RESULT: {"script":"<script> [56 bytes]","args":[{"element-6066-11e4-a52e-4f735466cecf":"f.D9701E9044AEF593040EE735DD176420.d.803D37B0075CC47AB7B1D062962FD036.e.841","ELEMENT":"f.D9701E9044AEF593040EE735DD176420.d.803D37B0075CC47AB7B1D062962FD036.e.841"}]}
COMMAND: POST /session/3c439525579c2e0b8ad9b556d9b6e42d/element - {"using":"xpath","value":"//table[contains(@id, \"application-ruinventorylist-display-component---Master--tableRuInventoryList-listUl\")]/tbody/tr[1]/td[2]/div/div"}
COMMAND: GET /session/3c439525579c2e0b8ad9b556d9b6e42d/screenshot - {}
RESULT: {"using":"xpath","value":"//table[contains(@id, \"application-ruinventorylist-display-component---Master--tableRuInventoryList-listUl\")]/tbody/tr[1]/td[2]/div/div"}
COMMAND: POST /session/3c439525579c2e0b8ad9b556d9b6e42d/element/f.D9701E9044AEF593040EE735DD176420.d.803D37B0075CC47AB7B1D062962FD036.e.990/click - {}
RESULT: {}
RESULT: {}
COMMAND: GET /session/3c439525579c2e0b8ad9b556d9b6e42d/screenshot - {}
RESULT: {}
COMMAND: POST /session/3c439525579c2e0b8ad9b556d9b6e42d/element - {"using":"xpath","value":"//div[contains(@id, \"smartFilterBar-btnBasicSearch-reset\")]"}
RESULT: {"using":"xpath","value":"//div[contains(@id, \"smartFilterBar-btnBasicSearch-reset\")]"}
COMMAND: POST /session/3c439525579c2e0b8ad9b556d9b6e42d/element/f.D9701E9044AEF593040EE735DD176420.d.803D37B0075CC47AB7B1D062962FD036.e.859/click - {}
RESULT: {}
COMMAND: GET /session/3c439525579c2e0b8ad9b556d9b6e42d/screenshot - {}
RESULT: {}
COMMAND: POST /session/3c439525579c2e0b8ad9b556d9b6e42d/element/f.D9701E9044AEF593040EE735DD176420.d.803D37B0075CC47AB7B1D062962FD036.e.292/click - {}
RESULT: {}
COMMAND: GET /session/3c439525579c2e0b8ad9b556d9b6e42d/screenshot - {}
RESULT: {}
COMMAND: POST /session/3c439525579c2e0b8ad9b556d9b6e42d/execute/async - {"script":"<script> [1562 bytes]","args":[{"selector":{"controlType":"sap.m.Title","viewName":"etm.portal.ui.ruinventorylist.view.Master","viewId":"application-ruinventorylist-display-component---Master","properties":{"text":"Mass State Change"},"searchOpenDialogs":true},"wdio_ui5_key":"etmportal.ui.ruinventorylist.view.Mastersap.m.Title{\"text\":\"Mass State Change\"}"}]}
RESULT: {"script":"<script> [1562 bytes]","args":[{"selector":{"controlType":"sap.m.Title","viewName":"etm.portal.ui.ruinventorylist.view.Master","viewId":"application-ruinventorylist-display-component---Master","properties":{"text":"Mass State Change"},"searchOpenDialogs":true},"wdio_ui5_key":"etmportal.ui.ruinventorylist.view.Mastersap.m.Title{\"text\":\"Mass State Change\"}"}]}
RESULT: undefined
COMMAND: POST /session/3c439525579c2e0b8ad9b556d9b6e42d/execute/async - {"script":"<script> [6424 bytes]","args":[{"element-6066-11e4-a52e-4f735466cecf":"f.D9701E9044AEF593040EE735DD176420.d.803D37B0075CC47AB7B1D062962FD036.e.1144"},"getText",[]]}
RESULT: {"script":"<script> [6424 bytes]","args":[{"element-6066-11e4-a52e-4f735466cecf":"f.D9701E9044AEF593040EE735DD176420.d.803D37B0075CC47AB7B1D062962FD036.e.1144"},"getText",[]]}
COMMAND: POST /session/3c439525579c2e0b8ad9b556d9b6e42d/element - {"using":"xpath","value":"(//bdi[contains(text(), \"OK\")])[1]"}
RESULT: {"using":"xpath","value":"(//bdi[contains(text(), \"OK\")])[1]"}
COMMAND: POST /session/3c439525579c2e0b8ad9b556d9b6e42d/element/f.D9701E9044AEF593040EE735DD176420.d.803D37B0075CC47AB7B1D062962FD036.e.1145/click - {}
RESULT: {}
COMMAND: GET /session/3c439525579c2e0b8ad9b556d9b6e42d/screenshot - {}
RESULT: {}
COMMAND: POST /session/3c439525579c2e0b8ad9b556d9b6e42d/element - {"using":"css selector","value":"div.sapMMessageBoxError"}
RESULT: {"using":"css selector","value":"div.sapMMessageBoxError"}
COMMAND: POST /session/3c439525579c2e0b8ad9b556d9b6e42d/elements - {"using":"css selector","value":"div.sapMMessageBoxError"}
RESULT: {"using":"css selector","value":"div.sapMMessageBoxError"}
COMMAND: POST /session/3c439525579c2e0b8ad9b556d9b6e42d/element - {"using":"xpath","value":"(//bdi[contains(text(), \"Close\")])[1]"}
RESULT: {"using":"xpath","value":"(//bdi[contains(text(), \"Close\")])[1]"}
COMMAND: POST /session/3c439525579c2e0b8ad9b556d9b6e42d/element/f.D9701E9044AEF593040EE735DD176420.d.803D37B0075CC47AB7B1D062962FD036.e.1150/click - {}
RESULT: {}
COMMAND: GET /session/3c439525579c2e0b8ad9b556d9b6e42d/screenshot - {}
RESULT: {}
COMMAND: POST /session/3c439525579c2e0b8ad9b556d9b6e42d/execute/async - {"script":"<script> [1562 bytes]","args":[{"selector":{"id":"application-ruinventorylist-display-component---Master--ruStateTypes-arrow","searchOpenDialogs":true},"wdio_ui5_key":"applicationruinventorylist-display-component---Master--ruStateTypes-arrow"}]}
RESULT: {"script":"<script> [1562 bytes]","args":[{"selector":{"id":"application-ruinventorylist-display-component---Master--ruStateTypes-arrow","searchOpenDialogs":true},"wdio_ui5_key":"applicationruinventorylist-display-component---Master--ruStateTypes-arrow"}]}
RESULT: undefined
COMMAND: POST /session/3c439525579c2e0b8ad9b556d9b6e42d/element - {"using":"xpath","value":"//*[@id=\"application-ruinventorylist-display-component---Master--ruStateTypes-arrow\"]"}
RESULT: {"using":"xpath","value":"//*[@id=\"application-ruinventorylist-display-component---Master--ruStateTypes-arrow\"]"}
COMMAND: POST /session/3c439525579c2e0b8ad9b556d9b6e42d/element/f.D9701E9044AEF593040EE735DD176420.d.803D37B0075CC47AB7B1D062962FD036.e.1151/click - {}
RESULT: {}
COMMAND: GET /session/3c439525579c2e0b8ad9b556d9b6e42d/screenshot - {}
RESULT: {}
COMMAND: POST /session/3c439525579c2e0b8ad9b556d9b6e42d/element - {"using":"xpath","value":"//li[.//span[text()=\"defect\"]]"}
RESULT: {"using":"xpath","value":"//li[.//span[text()=\"defect\"]]"}
COMMAND: POST /session/3c439525579c2e0b8ad9b556d9b6e42d/element/f.D9701E9044AEF593040EE735DD176420.d.803D37B0075CC47AB7B1D062962FD036.e.1152/click - {}
RESULT: {}
COMMAND: GET /session/3c439525579c2e0b8ad9b556d9b6e42d/screenshot - {}
RESULT: {}
COMMAND: POST /session/3c439525579c2e0b8ad9b556d9b6e42d/element - {"using":"xpath","value":"(//span[@data-kt=\"trashMassStateChangeIcon\"])[1]"}
RESULT: {"using":"xpath","value":"(//span[@data-kt=\"trashMassStateChangeIcon\"])[1]"}
COMMAND: POST /session/3c439525579c2e0b8ad9b556d9b6e42d/element/f.D9701E9044AEF593040EE735DD176420.d.803D37B0075CC47AB7B1D062962FD036.e.1153/click - {}
RESULT: {}
COMMAND: GET /session/3c439525579c2e0b8ad9b556d9b6e42d/screenshot - {}
RESULT: {}
COMMAND: POST /session/3c439525579c2e0b8ad9b556d9b6e42d/element - {"using":"xpath","value":"//table[contains(@id, \"massStateChangeTable-listUl\")]/tbody/tr[1]/td[11]/div/div/div/input"}
RESULT: {"using":"xpath","value":"//table[contains(@id, \"massStateChangeTable-listUl\")]/tbody/tr[1]/td[11]/div/div/div/input"}
COMMAND: GET /session/3c439525579c2e0b8ad9b556d9b6e42d/element/f.D9701E9044AEF593040EE735DD176420.d.803D37B0075CC47AB7B1D062962FD036.e.1137/property/value - {}
RESULT: {}
COMMAND: POST /session/3c439525579c2e0b8ad9b556d9b6e42d/element - {"using":"xpath","value":"(//span[@data-kt=\"trashMassStateChangeIcon\"])[2]"}
COMMAND: GET /session/3c439525579c2e0b8ad9b556d9b6e42d/screenshot - {}
RESULT: {"using":"xpath","value":"(//span[@data-kt=\"trashMassStateChangeIcon\"])[2]"}
COMMAND: POST /session/3c439525579c2e0b8ad9b556d9b6e42d/element/f.D9701E9044AEF593040EE735DD176420.d.803D37B0075CC47AB7B1D062962FD036.e.1155/click - {}
RESULT: {}
RESULT: {}
COMMAND: GET /session/3c439525579c2e0b8ad9b556d9b6e42d/screenshot - {}
RESULT: {}
COMMAND: POST /session/3c439525579c2e0b8ad9b556d9b6e42d/element - {"using":"xpath","value":"//table[contains(@id, \"massStateChangeTable-listUl\")]/tbody/tr[2]/td[11]/div/div/div/input"}
RESULT: {"using":"xpath","value":"//table[contains(@id, \"massStateChangeTable-listUl\")]/tbody/tr[2]/td[11]/div/div/div/input"}
COMMAND: GET /session/3c439525579c2e0b8ad9b556d9b6e42d/element/f.D9701E9044AEF593040EE735DD176420.d.803D37B0075CC47AB7B1D062962FD036.e.1141/property/value - {}
RESULT: {}
COMMAND: POST /session/3c439525579c2e0b8ad9b556d9b6e42d/element - {"using":"xpath","value":"//table[contains(@id, \"massStateChangeTable-listUl\")]/tbody/tr[1]/td[10]/div/span/span[1]"}
COMMAND: GET /session/3c439525579c2e0b8ad9b556d9b6e42d/screenshot - {}
RESULT: {"using":"xpath","value":"//table[contains(@id, \"massStateChangeTable-listUl\")]/tbody/tr[1]/td[10]/div/span/span[1]"}
COMMAND: POST /session/3c439525579c2e0b8ad9b556d9b6e42d/execute/sync - {"script":"<script> [56 bytes]","args":[{"element-6066-11e4-a52e-4f735466cecf":"f.D9701E9044AEF593040EE735DD176420.d.803D37B0075CC47AB7B1D062962FD036.e.1157","ELEMENT":"f.D9701E9044AEF593040EE735DD176420.d.803D37B0075CC47AB7B1D062962FD036.e.1157"}]}
RESULT: {}
RESULT: {"script":"<script> [56 bytes]","args":[{"element-6066-11e4-a52e-4f735466cecf":"f.D9701E9044AEF593040EE735DD176420.d.803D37B0075CC47AB7B1D062962FD036.e.1157","ELEMENT":"f.D9701E9044AEF593040EE735DD176420.d.803D37B0075CC47AB7B1D062962FD036.e.1157"}]}
COMMAND: POST /session/3c439525579c2e0b8ad9b556d9b6e42d/element - {"using":"xpath","value":"//table[contains(@id, \"massStateChangeTable-listUl\")]/tbody/tr[1]/td[11]/div/div/div/div[2]/span"}
COMMAND: GET /session/3c439525579c2e0b8ad9b556d9b6e42d/screenshot - {}
RESULT: {"using":"xpath","value":"//table[contains(@id, \"massStateChangeTable-listUl\")]/tbody/tr[1]/td[11]/div/div/div/div[2]/span"}
COMMAND: POST /session/3c439525579c2e0b8ad9b556d9b6e42d/element/f.D9701E9044AEF593040EE735DD176420.d.803D37B0075CC47AB7B1D062962FD036.e.1158/click - {}
RESULT: {}
RESULT: {}
COMMAND: GET /session/3c439525579c2e0b8ad9b556d9b6e42d/screenshot - {}
RESULT: {}
COMMAND: POST /session/3c439525579c2e0b8ad9b556d9b6e42d/element - {"using":"xpath","value":"//table[contains(@id, \"massStateChangeTable-listUl\")]/tbody/tr[1]/td[11]/div/div/div/div[2]/span"}
RESULT: {"using":"xpath","value":"//table[contains(@id, \"massStateChangeTable-listUl\")]/tbody/tr[1]/td[11]/div/div/div/div[2]/span"}
COMMAND: POST /session/3c439525579c2e0b8ad9b556d9b6e42d/element/f.D9701E9044AEF593040EE735DD176420.d.803D37B0075CC47AB7B1D062962FD036.e.1158/click - {}
RESULT: {}
COMMAND: GET /session/3c439525579c2e0b8ad9b556d9b6e42d/screenshot - {}
RESULT: {}
COMMAND: POST /session/3c439525579c2e0b8ad9b556d9b6e42d/element - {"using":"xpath","value":"//table[contains(@id, \"massStateChangeTable-listUl\")]/tbody/tr[1]/td[11]/div/div/div/div[2]/span"}
RESULT: {"using":"xpath","value":"//table[contains(@id, \"massStateChangeTable-listUl\")]/tbody/tr[1]/td[11]/div/div/div/div[2]/span"}
COMMAND: POST /session/3c439525579c2e0b8ad9b556d9b6e42d/element/f.D9701E9044AEF593040EE735DD176420.d.803D37B0075CC47AB7B1D062962FD036.e.1158/click - {}
RESULT: {}
COMMAND: GET /session/3c439525579c2e0b8ad9b556d9b6e42d/screenshot - {}
RESULT: {}
COMMAND: POST /session/3c439525579c2e0b8ad9b556d9b6e42d/element - {"using":"xpath","value":"//table[contains(@id, \"massStateChangeTable-listUl\")]/tbody/tr[1]/td[11]/div/div/div/div[2]/span"}
RESULT: {"using":"xpath","value":"//table[contains(@id, \"massStateChangeTable-listUl\")]/tbody/tr[1]/td[11]/div/div/div/div[2]/span"}
COMMAND: POST /session/3c439525579c2e0b8ad9b556d9b6e42d/element/f.D9701E9044AEF593040EE735DD176420.d.803D37B0075CC47AB7B1D062962FD036.e.1158/click - {}
RESULT: {}
COMMAND: GET /session/3c439525579c2e0b8ad9b556d9b6e42d/screenshot - {}
RESULT: {}
COMMAND: POST /session/3c439525579c2e0b8ad9b556d9b6e42d/element - {"using":"xpath","value":"//table[contains(@id, \"massStateChangeTable-listUl\")]/tbody/tr[1]/td[11]/div/div/div/div[2]/span"}
RESULT: {"using":"xpath","value":"//table[contains(@id, \"massStateChangeTable-listUl\")]/tbody/tr[1]/td[11]/div/div/div/div[2]/span"}
COMMAND: POST /session/3c439525579c2e0b8ad9b556d9b6e42d/element/f.D9701E9044AEF593040EE735DD176420.d.803D37B0075CC47AB7B1D062962FD036.e.1158/click - {}
RESULT: {}
COMMAND: GET /session/3c439525579c2e0b8ad9b556d9b6e42d/screenshot - {}
RESULT: {}
COMMAND: POST /session/3c439525579c2e0b8ad9b556d9b6e42d/element - {"using":"xpath","value":"//table[contains(@id, \"massStateChangeTable-listUl\")]/tbody/tr[1]/td[11]/div/div/div/div[2]/span"}
RESULT: {"using":"xpath","value":"//table[contains(@id, \"massStateChangeTable-listUl\")]/tbody/tr[1]/td[11]/div/div/div/div[2]/span"}
COMMAND: POST /session/3c439525579c2e0b8ad9b556d9b6e42d/element/f.D9701E9044AEF593040EE735DD176420.d.803D37B0075CC47AB7B1D062962FD036.e.1158/click - {}
RESULT: {}
COMMAND: GET /session/3c439525579c2e0b8ad9b556d9b6e42d/screenshot - {}
RESULT: {}
COMMAND: POST /session/3c439525579c2e0b8ad9b556d9b6e42d/element - {"using":"xpath","value":"//table[contains(@id, \"massStateChangeTable-listUl\")]/tbody/tr[1]/td[11]/div/div/div/div[2]/span"}
RESULT: {"using":"xpath","value":"//table[contains(@id, \"massStateChangeTable-listUl\")]/tbody/tr[1]/td[11]/div/div/div/div[2]/span"}
COMMAND: POST /session/3c439525579c2e0b8ad9b556d9b6e42d/element/f.D9701E9044AEF593040EE735DD176420.d.803D37B0075CC47AB7B1D062962FD036.e.1158/click - {}
RESULT: {}
COMMAND: GET /session/3c439525579c2e0b8ad9b556d9b6e42d/screenshot - {}
RESULT: {}
COMMAND: POST /session/3c439525579c2e0b8ad9b556d9b6e42d/element - {"using":"xpath","value":"//table[contains(@id, \"massStateChangeTable-listUl\")]/tbody/tr[1]/td[11]/div/div/div/div[2]/span"}
RESULT: {"using":"xpath","value":"//table[contains(@id, \"massStateChangeTable-listUl\")]/tbody/tr[1]/td[11]/div/div/div/div[2]/span"}
COMMAND: POST /session/3c439525579c2e0b8ad9b556d9b6e42d/element/f.D9701E9044AEF593040EE735DD176420.d.803D37B0075CC47AB7B1D062962FD036.e.1158/click - {}
RESULT: {}
COMMAND: GET /session/3c439525579c2e0b8ad9b556d9b6e42d/screenshot - {}
RESULT: {}
COMMAND: POST /session/3c439525579c2e0b8ad9b556d9b6e42d/element - {"using":"xpath","value":"//table[contains(@id, \"massStateChangeTable-listUl\")]/tbody/tr[1]/td[11]/div/div/div/div[2]/span"}
RESULT: {"using":"xpath","value":"//table[contains(@id, \"massStateChangeTable-listUl\")]/tbody/tr[1]/td[11]/div/div/div/div[2]/span"}
COMMAND: POST /session/3c439525579c2e0b8ad9b556d9b6e42d/element/f.D9701E9044AEF593040EE735DD176420.d.803D37B0075CC47AB7B1D062962FD036.e.1158/click - {}
RESULT: {}
COMMAND: GET /session/3c439525579c2e0b8ad9b556d9b6e42d/screenshot - {}
RESULT: {}
COMMAND: POST /session/3c439525579c2e0b8ad9b556d9b6e42d/element - {"using":"xpath","value":"//table[contains(@id, \"massStateChangeTable-listUl\")]/tbody/tr[1]/td[11]/div/div/div/div[2]/span"}
RESULT: {"using":"xpath","value":"//table[contains(@id, \"massStateChangeTable-listUl\")]/tbody/tr[1]/td[11]/div/div/div/div[2]/span"}
COMMAND: POST /session/3c439525579c2e0b8ad9b556d9b6e42d/element/f.D9701E9044AEF593040EE735DD176420.d.803D37B0075CC47AB7B1D062962FD036.e.1158/click - {}
RESULT: {}
COMMAND: GET /session/3c439525579c2e0b8ad9b556d9b6e42d/screenshot - {}
RESULT: {}
COMMAND: POST /session/3c439525579c2e0b8ad9b556d9b6e42d/element - {"using":"xpath","value":"//table[contains(@id, \"massStateChangeTable-listUl\")]/tbody/tr[1]/td[11]/div/div/div/div[2]/span"}
RESULT: {"using":"xpath","value":"//table[contains(@id, \"massStateChangeTable-listUl\")]/tbody/tr[1]/td[11]/div/div/div/div[2]/span"}
COMMAND: POST /session/3c439525579c2e0b8ad9b556d9b6e42d/element/f.D9701E9044AEF593040EE735DD176420.d.803D37B0075CC47AB7B1D062962FD036.e.1158/click - {}
RESULT: {}
COMMAND: GET /session/3c439525579c2e0b8ad9b556d9b6e42d/screenshot - {}
RESULT: {}
COMMAND: POST /session/3c439525579c2e0b8ad9b556d9b6e42d/element - {"using":"xpath","value":"//table[contains(@id, \"massStateChangeTable-listUl\")]/tbody/tr[1]/td[11]/div/div/div/div[2]/span"}
RESULT: {"using":"xpath","value":"//table[contains(@id, \"massStateChangeTable-listUl\")]/tbody/tr[1]/td[11]/div/div/div/div[2]/span"}
COMMAND: POST /session/3c439525579c2e0b8ad9b556d9b6e42d/element/f.D9701E9044AEF593040EE735DD176420.d.803D37B0075CC47AB7B1D062962FD036.e.1158/click - {}
RESULT: {}
COMMAND: GET /session/3c439525579c2e0b8ad9b556d9b6e42d/screenshot - {}
RESULT: {}
COMMAND: POST /session/3c439525579c2e0b8ad9b556d9b6e42d/element - {"using":"xpath","value":"//table[contains(@id, \"massStateChangeTable-listUl\")]/tbody/tr[1]/td[11]/div/div/div/div[2]/span"}
RESULT: {"using":"xpath","value":"//table[contains(@id, \"massStateChangeTable-listUl\")]/tbody/tr[1]/td[11]/div/div/div/div[2]/span"}
COMMAND: POST /session/3c439525579c2e0b8ad9b556d9b6e42d/element/f.D9701E9044AEF593040EE735DD176420.d.803D37B0075CC47AB7B1D062962FD036.e.1158/click - {}
RESULT: {}
COMMAND: GET /session/3c439525579c2e0b8ad9b556d9b6e42d/screenshot - {}
RESULT: {}
COMMAND: POST /session/3c439525579c2e0b8ad9b556d9b6e42d/element - {"using":"xpath","value":"//table[contains(@id, \"massStateChangeTable-listUl\")]/tbody/tr[1]/td[11]/div/div/div/div[2]/span"}
RESULT: {"using":"xpath","value":"//table[contains(@id, \"massStateChangeTable-listUl\")]/tbody/tr[1]/td[11]/div/div/div/div[2]/span"}
COMMAND: POST /session/3c439525579c2e0b8ad9b556d9b6e42d/element/f.D9701E9044AEF593040EE735DD176420.d.803D37B0075CC47AB7B1D062962FD036.e.1158/click - {}
RESULT: {}
COMMAND: GET /session/3c439525579c2e0b8ad9b556d9b6e42d/screenshot - {}
RESULT: {}
COMMAND: POST /session/3c439525579c2e0b8ad9b556d9b6e42d/element - {"using":"xpath","value":"//table[contains(@id, \"massStateChangeTable-listUl\")]/tbody/tr[1]/td[11]/div/div/div/div[2]/span"}
RESULT: {"using":"xpath","value":"//table[contains(@id, \"massStateChangeTable-listUl\")]/tbody/tr[1]/td[11]/div/div/div/div[2]/span"}
COMMAND: POST /session/3c439525579c2e0b8ad9b556d9b6e42d/element/f.D9701E9044AEF593040EE735DD176420.d.803D37B0075CC47AB7B1D062962FD036.e.1158/click - {}
RESULT: {}
COMMAND: GET /session/3c439525579c2e0b8ad9b556d9b6e42d/screenshot - {}
RESULT: {}
COMMAND: POST /session/3c439525579c2e0b8ad9b556d9b6e42d/element - {"using":"xpath","value":"//table[contains(@id, \"massStateChangeTable-listUl\")]/tbody/tr[1]/td[11]/div/div/div/div[2]/span"}
RESULT: {"using":"xpath","value":"//table[contains(@id, \"massStateChangeTable-listUl\")]/tbody/tr[1]/td[11]/div/div/div/div[2]/span"}
COMMAND: POST /session/3c439525579c2e0b8ad9b556d9b6e42d/element/f.D9701E9044AEF593040EE735DD176420.d.803D37B0075CC47AB7B1D062962FD036.e.1158/click - {}
RESULT: {}
COMMAND: GET /session/3c439525579c2e0b8ad9b556d9b6e42d/screenshot - {}
RESULT: {}
COMMAND: POST /session/3c439525579c2e0b8ad9b556d9b6e42d/element - {"using":"xpath","value":"//table[contains(@id, \"massStateChangeTable-listUl\")]/tbody/tr[1]/td[11]/div/div/div/div[2]/span"}
RESULT: {"using":"xpath","value":"//table[contains(@id, \"massStateChangeTable-listUl\")]/tbody/tr[1]/td[11]/div/div/div/div[2]/span"}
COMMAND: POST /session/3c439525579c2e0b8ad9b556d9b6e42d/element/f.D9701E9044AEF593040EE735DD176420.d.803D37B0075CC47AB7B1D062962FD036.e.1158/click - {}
RESULT: {}
COMMAND: GET /session/3c439525579c2e0b8ad9b556d9b6e42d/screenshot - {}
RESULT: {}
COMMAND: POST /session/3c439525579c2e0b8ad9b556d9b6e42d/element - {"using":"xpath","value":"//table[contains(@id, \"massStateChangeTable-listUl\")]/tbody/tr[1]/td[11]/div/div/div/div[2]/span"}
RESULT: {"using":"xpath","value":"//table[contains(@id, \"massStateChangeTable-listUl\")]/tbody/tr[1]/td[11]/div/div/div/div[2]/span"}
COMMAND: POST /session/3c439525579c2e0b8ad9b556d9b6e42d/element/f.D9701E9044AEF593040EE735DD176420.d.803D37B0075CC47AB7B1D062962FD036.e.1158/click - {}
RESULT: {}
COMMAND: GET /session/3c439525579c2e0b8ad9b556d9b6e42d/screenshot - {}
RESULT: {}
COMMAND: POST /session/3c439525579c2e0b8ad9b556d9b6e42d/element - {"using":"xpath","value":"//table[contains(@id, \"massStateChangeTable-listUl\")]/tbody/tr[1]/td[11]/div/div/div/div[2]/span"}
RESULT: {"using":"xpath","value":"//table[contains(@id, \"massStateChangeTable-listUl\")]/tbody/tr[1]/td[11]/div/div/div/div[2]/span"}
COMMAND: POST /session/3c439525579c2e0b8ad9b556d9b6e42d/element/f.D9701E9044AEF593040EE735DD176420.d.803D37B0075CC47AB7B1D062962FD036.e.1158/click - {}
RESULT: {}
COMMAND: GET /session/3c439525579c2e0b8ad9b556d9b6e42d/screenshot - {}
RESULT: {}
COMMAND: POST /session/3c439525579c2e0b8ad9b556d9b6e42d/element - {"using":"xpath","value":"//table[contains(@id, \"massStateChangeTable-listUl\")]/tbody/tr[1]/td[11]/div/div/div/div[2]/span"}
RESULT: {"using":"xpath","value":"//table[contains(@id, \"massStateChangeTable-listUl\")]/tbody/tr[1]/td[11]/div/div/div/div[2]/span"}
COMMAND: POST /session/3c439525579c2e0b8ad9b556d9b6e42d/element/f.D9701E9044AEF593040EE735DD176420.d.803D37B0075CC47AB7B1D062962FD036.e.1158/click - {}
RESULT: {}
COMMAND: GET /session/3c439525579c2e0b8ad9b556d9b6e42d/screenshot - {}
RESULT: {}
COMMAND: POST /session/3c439525579c2e0b8ad9b556d9b6e42d/element - {"using":"xpath","value":"//table[contains(@id, \"massStateChangeTable-listUl\")]/tbody/tr[1]/td[11]/div/div/div/div[2]/span"}
RESULT: {"using":"xpath","value":"//table[contains(@id, \"massStateChangeTable-listUl\")]/tbody/tr[1]/td[11]/div/div/div/div[2]/span"}
COMMAND: POST /session/3c439525579c2e0b8ad9b556d9b6e42d/element/f.D9701E9044AEF593040EE735DD176420.d.803D37B0075CC47AB7B1D062962FD036.e.1158/click - {}
RESULT: {}
COMMAND: GET /session/3c439525579c2e0b8ad9b556d9b6e42d/screenshot - {}
RESULT: {}
COMMAND: POST /session/3c439525579c2e0b8ad9b556d9b6e42d/element - {"using":"xpath","value":"//table[contains(@id, \"massStateChangeTable-listUl\")]/tbody/tr[1]/td[11]/div/div/div/div[2]/span"}
RESULT: {"using":"xpath","value":"//table[contains(@id, \"massStateChangeTable-listUl\")]/tbody/tr[1]/td[11]/div/div/div/div[2]/span"}
COMMAND: POST /session/3c439525579c2e0b8ad9b556d9b6e42d/element/f.D9701E9044AEF593040EE735DD176420.d.803D37B0075CC47AB7B1D062962FD036.e.1158/click - {}
RESULT: {}
COMMAND: GET /session/3c439525579c2e0b8ad9b556d9b6e42d/screenshot - {}
RESULT: {}
COMMAND: POST /session/3c439525579c2e0b8ad9b556d9b6e42d/element - {"using":"xpath","value":"//table[contains(@id, \"massStateChangeTable-listUl\")]/tbody/tr[1]/td[11]/div/div/div/div[2]/span"}
RESULT: {"using":"xpath","value":"//table[contains(@id, \"massStateChangeTable-listUl\")]/tbody/tr[1]/td[11]/div/div/div/div[2]/span"}
COMMAND: POST /session/3c439525579c2e0b8ad9b556d9b6e42d/element/f.D9701E9044AEF593040EE735DD176420.d.803D37B0075CC47AB7B1D062962FD036.e.1158/click - {}
RESULT: {}
COMMAND: GET /session/3c439525579c2e0b8ad9b556d9b6e42d/screenshot - {}
RESULT: {}
COMMAND: POST /session/3c439525579c2e0b8ad9b556d9b6e42d/element - {"using":"xpath","value":"//table[contains(@id, \"massStateChangeTable-listUl\")]/tbody/tr[1]/td[11]/div/div/div/div[2]/span"}
RESULT: {"using":"xpath","value":"//table[contains(@id, \"massStateChangeTable-listUl\")]/tbody/tr[1]/td[11]/div/div/div/div[2]/span"}
COMMAND: POST /session/3c439525579c2e0b8ad9b556d9b6e42d/element/f.D9701E9044AEF593040EE735DD176420.d.803D37B0075CC47AB7B1D062962FD036.e.1158/click - {}
RESULT: {}
COMMAND: GET /session/3c439525579c2e0b8ad9b556d9b6e42d/screenshot - {}
RESULT: {}
COMMAND: POST /session/3c439525579c2e0b8ad9b556d9b6e42d/element - {"using":"xpath","value":"//table[contains(@id, \"massStateChangeTable-listUl\")]/tbody/tr[1]/td[11]/div/div/div/div[2]/span"}
RESULT: {"using":"xpath","value":"//table[contains(@id, \"massStateChangeTable-listUl\")]/tbody/tr[1]/td[11]/div/div/div/div[2]/span"}
COMMAND: POST /session/3c439525579c2e0b8ad9b556d9b6e42d/element/f.D9701E9044AEF593040EE735DD176420.d.803D37B0075CC47AB7B1D062962FD036.e.1158/click - {}
RESULT: {}
COMMAND: GET /session/3c439525579c2e0b8ad9b556d9b6e42d/screenshot - {}
RESULT: {}
COMMAND: POST /session/3c439525579c2e0b8ad9b556d9b6e42d/element - {"using":"xpath","value":"//table[contains(@id, \"massStateChangeTable-listUl\")]/tbody/tr[1]/td[11]/div/div/div/div[2]/span"}
RESULT: {"using":"xpath","value":"//table[contains(@id, \"massStateChangeTable-listUl\")]/tbody/tr[1]/td[11]/div/div/div/div[2]/span"}
COMMAND: POST /session/3c439525579c2e0b8ad9b556d9b6e42d/element/f.D9701E9044AEF593040EE735DD176420.d.803D37B0075CC47AB7B1D062962FD036.e.1158/click - {}
RESULT: {}
COMMAND: GET /session/3c439525579c2e0b8ad9b556d9b6e42d/screenshot - {}
RESULT: {}
COMMAND: POST /session/3c439525579c2e0b8ad9b556d9b6e42d/element - {"using":"xpath","value":"//table[contains(@id, \"massStateChangeTable-listUl\")]/tbody/tr[1]/td[11]/div/div/div/div[2]/span"}
RESULT: {"using":"xpath","value":"//table[contains(@id, \"massStateChangeTable-listUl\")]/tbody/tr[1]/td[11]/div/div/div/div[2]/span"}
COMMAND: POST /session/3c439525579c2e0b8ad9b556d9b6e42d/element/f.D9701E9044AEF593040EE735DD176420.d.803D37B0075CC47AB7B1D062962FD036.e.1158/click - {}
RESULT: {}
COMMAND: GET /session/3c439525579c2e0b8ad9b556d9b6e42d/screenshot - {}
RESULT: {}
COMMAND: POST /session/3c439525579c2e0b8ad9b556d9b6e42d/element - {"using":"xpath","value":"//table[contains(@id, \"massStateChangeTable-listUl\")]/tbody/tr[1]/td[11]/div/div/div/div[2]/span"}
RESULT: {"using":"xpath","value":"//table[contains(@id, \"massStateChangeTable-listUl\")]/tbody/tr[1]/td[11]/div/div/div/div[2]/span"}
COMMAND: POST /session/3c439525579c2e0b8ad9b556d9b6e42d/element/f.D9701E9044AEF593040EE735DD176420.d.803D37B0075CC47AB7B1D062962FD036.e.1158/click - {}
RESULT: {}
COMMAND: GET /session/3c439525579c2e0b8ad9b556d9b6e42d/screenshot - {}
RESULT: {}
COMMAND: POST /session/3c439525579c2e0b8ad9b556d9b6e42d/element - {"using":"xpath","value":"//table[contains(@id, \"massStateChangeTable-listUl\")]/tbody/tr[1]/td[11]/div/div/div/div[2]/span"}
RESULT: {"using":"xpath","value":"//table[contains(@id, \"massStateChangeTable-listUl\")]/tbody/tr[1]/td[11]/div/div/div/div[2]/span"}
COMMAND: POST /session/3c439525579c2e0b8ad9b556d9b6e42d/element/f.D9701E9044AEF593040EE735DD176420.d.803D37B0075CC47AB7B1D062962FD036.e.1158/click - {}
RESULT: {}
COMMAND: GET /session/3c439525579c2e0b8ad9b556d9b6e42d/screenshot - {}
RESULT: {}
COMMAND: POST /session/3c439525579c2e0b8ad9b556d9b6e42d/element - {"using":"xpath","value":"//table[contains(@id, \"massStateChangeTable-listUl\")]/tbody/tr[1]/td[11]/div/div/div/div[2]/span"}
RESULT: {"using":"xpath","value":"//table[contains(@id, \"massStateChangeTable-listUl\")]/tbody/tr[1]/td[11]/div/div/div/div[2]/span"}
COMMAND: POST /session/3c439525579c2e0b8ad9b556d9b6e42d/element/f.D9701E9044AEF593040EE735DD176420.d.803D37B0075CC47AB7B1D062962FD036.e.1158/click - {}
RESULT: {}
COMMAND: GET /session/3c439525579c2e0b8ad9b556d9b6e42d/screenshot - {}
RESULT: {}
COMMAND: POST /session/3c439525579c2e0b8ad9b556d9b6e42d/element - {"using":"xpath","value":"//table[contains(@id, \"massStateChangeTable-listUl\")]/tbody/tr[1]/td[11]/div/div/div/div[2]/span"}
RESULT: {"using":"xpath","value":"//table[contains(@id, \"massStateChangeTable-listUl\")]/tbody/tr[1]/td[11]/div/div/div/div[2]/span"}
COMMAND: POST /session/3c439525579c2e0b8ad9b556d9b6e42d/element/f.D9701E9044AEF593040EE735DD176420.d.803D37B0075CC47AB7B1D062962FD036.e.1158/click - {}
RESULT: {}
COMMAND: GET /session/3c439525579c2e0b8ad9b556d9b6e42d/screenshot - {}
RESULT: {}
COMMAND: POST /session/3c439525579c2e0b8ad9b556d9b6e42d/element - {"using":"xpath","value":"//table[contains(@id, \"massStateChangeTable-listUl\")]/tbody/tr[1]/td[11]/div/div/div/div[2]/span"}
RESULT: {"using":"xpath","value":"//table[contains(@id, \"massStateChangeTable-listUl\")]/tbody/tr[1]/td[11]/div/div/div/div[2]/span"}
COMMAND: POST /session/3c439525579c2e0b8ad9b556d9b6e42d/element/f.D9701E9044AEF593040EE735DD176420.d.803D37B0075CC47AB7B1D062962FD036.e.1158/click - {}
RESULT: {}
COMMAND: GET /session/3c439525579c2e0b8ad9b556d9b6e42d/screenshot - {}
RESULT: {}
COMMAND: POST /session/3c439525579c2e0b8ad9b556d9b6e42d/element - {"using":"xpath","value":"//table[contains(@id, \"massStateChangeTable-listUl\")]/tbody/tr[1]/td[11]/div/div/div/div[2]/span"}
RESULT: {"using":"xpath","value":"//table[contains(@id, \"massStateChangeTable-listUl\")]/tbody/tr[1]/td[11]/div/div/div/div[2]/span"}
COMMAND: POST /session/3c439525579c2e0b8ad9b556d9b6e42d/element/f.D9701E9044AEF593040EE735DD176420.d.803D37B0075CC47AB7B1D062962FD036.e.1158/click - {}
RESULT: {}
COMMAND: GET /session/3c439525579c2e0b8ad9b556d9b6e42d/screenshot - {}
RESULT: {}
COMMAND: POST /session/3c439525579c2e0b8ad9b556d9b6e42d/element - {"using":"xpath","value":"//table[contains(@id, \"massStateChangeTable-listUl\")]/tbody/tr[1]/td[11]/div/div/div/div[2]/span"}
RESULT: {"using":"xpath","value":"//table[contains(@id, \"massStateChangeTable-listUl\")]/tbody/tr[1]/td[11]/div/div/div/div[2]/span"}
COMMAND: POST /session/3c439525579c2e0b8ad9b556d9b6e42d/element/f.D9701E9044AEF593040EE735DD176420.d.803D37B0075CC47AB7B1D062962FD036.e.1158/click - {}
RESULT: {}
COMMAND: GET /session/3c439525579c2e0b8ad9b556d9b6e42d/screenshot - {}
RESULT: {}
COMMAND: POST /session/3c439525579c2e0b8ad9b556d9b6e42d/element - {"using":"xpath","value":"//table[contains(@id, \"massStateChangeTable-listUl\")]/tbody/tr[1]/td[11]/div/div/div/div[2]/span"}
RESULT: {"using":"xpath","value":"//table[contains(@id, \"massStateChangeTable-listUl\")]/tbody/tr[1]/td[11]/div/div/div/div[2]/span"}
COMMAND: POST /session/3c439525579c2e0b8ad9b556d9b6e42d/element/f.D9701E9044AEF593040EE735DD176420.d.803D37B0075CC47AB7B1D062962FD036.e.1158/click - {}
RESULT: {}
COMMAND: GET /session/3c439525579c2e0b8ad9b556d9b6e42d/screenshot - {}
RESULT: {}
COMMAND: POST /session/3c439525579c2e0b8ad9b556d9b6e42d/element - {"using":"xpath","value":"//table[contains(@id, \"massStateChangeTable-listUl\")]/tbody/tr[1]/td[11]/div/div/div/div[2]/span"}
RESULT: {"using":"xpath","value":"//table[contains(@id, \"massStateChangeTable-listUl\")]/tbody/tr[1]/td[11]/div/div/div/div[2]/span"}
COMMAND: POST /session/3c439525579c2e0b8ad9b556d9b6e42d/element/f.D9701E9044AEF593040EE735DD176420.d.803D37B0075CC47AB7B1D062962FD036.e.1158/click - {}
RESULT: {}
COMMAND: GET /session/3c439525579c2e0b8ad9b556d9b6e42d/screenshot - {}
RESULT: {}
COMMAND: POST /session/3c439525579c2e0b8ad9b556d9b6e42d/element - {"using":"xpath","value":"//table[contains(@id, \"massStateChangeTable-listUl\")]/tbody/tr[1]/td[11]/div/div/div/div[2]/span"}
RESULT: {"using":"xpath","value":"//table[contains(@id, \"massStateChangeTable-listUl\")]/tbody/tr[1]/td[11]/div/div/div/div[2]/span"}
COMMAND: POST /session/3c439525579c2e0b8ad9b556d9b6e42d/element/f.D9701E9044AEF593040EE735DD176420.d.803D37B0075CC47AB7B1D062962FD036.e.1158/click - {}
RESULT: {}
COMMAND: GET /session/3c439525579c2e0b8ad9b556d9b6e42d/screenshot - {}
RESULT: {}
COMMAND: POST /session/3c439525579c2e0b8ad9b556d9b6e42d/element - {"using":"xpath","value":"//table[contains(@id, \"massStateChangeTable-listUl\")]/tbody/tr[1]/td[11]/div/div/div/div[2]/span"}
RESULT: {"using":"xpath","value":"//table[contains(@id, \"massStateChangeTable-listUl\")]/tbody/tr[1]/td[11]/div/div/div/div[2]/span"}
COMMAND: POST /session/3c439525579c2e0b8ad9b556d9b6e42d/element/f.D9701E9044AEF593040EE735DD176420.d.803D37B0075CC47AB7B1D062962FD036.e.1158/click - {}
RESULT: {}
COMMAND: GET /session/3c439525579c2e0b8ad9b556d9b6e42d/screenshot - {}
RESULT: {}
COMMAND: POST /session/3c439525579c2e0b8ad9b556d9b6e42d/element - {"using":"xpath","value":"//table[contains(@id, \"massStateChangeTable-listUl\")]/tbody/tr[1]/td[11]/div/div/div/div[2]/span"}
RESULT: {"using":"xpath","value":"//table[contains(@id, \"massStateChangeTable-listUl\")]/tbody/tr[1]/td[11]/div/div/div/div[2]/span"}
COMMAND: POST /session/3c439525579c2e0b8ad9b556d9b6e42d/element/f.D9701E9044AEF593040EE735DD176420.d.803D37B0075CC47AB7B1D062962FD036.e.1158/click - {}
RESULT: {}
COMMAND: GET /session/3c439525579c2e0b8ad9b556d9b6e42d/screenshot - {}
RESULT: {}
COMMAND: POST /session/3c439525579c2e0b8ad9b556d9b6e42d/element - {"using":"xpath","value":"//table[contains(@id, \"massStateChangeTable-listUl\")]/tbody/tr[1]/td[11]/div/div/div/div[2]/span"}
RESULT: {"using":"xpath","value":"//table[contains(@id, \"massStateChangeTable-listUl\")]/tbody/tr[1]/td[11]/div/div/div/div[2]/span"}
COMMAND: POST /session/3c439525579c2e0b8ad9b556d9b6e42d/element/f.D9701E9044AEF593040EE735DD176420.d.803D37B0075CC47AB7B1D062962FD036.e.1158/click - {}
RESULT: {}
COMMAND: GET /session/3c439525579c2e0b8ad9b556d9b6e42d/screenshot - {}
RESULT: {}
COMMAND: POST /session/3c439525579c2e0b8ad9b556d9b6e42d/element - {"using":"xpath","value":"//table[contains(@id, \"massStateChangeTable-listUl\")]/tbody/tr[1]/td[11]/div/div/div/div[2]/span"}
RESULT: {"using":"xpath","value":"//table[contains(@id, \"massStateChangeTable-listUl\")]/tbody/tr[1]/td[11]/div/div/div/div[2]/span"}
COMMAND: POST /session/3c439525579c2e0b8ad9b556d9b6e42d/element/f.D9701E9044AEF593040EE735DD176420.d.803D37B0075CC47AB7B1D062962FD036.e.1158/click - {}
RESULT: {}
COMMAND: GET /session/3c439525579c2e0b8ad9b556d9b6e42d/screenshot - {}
RESULT: {}
COMMAND: POST /session/3c439525579c2e0b8ad9b556d9b6e42d/element - {"using":"xpath","value":"//table[contains(@id, \"massStateChangeTable-listUl\")]/tbody/tr[1]/td[11]/div/div/div/div[2]/span"}
RESULT: {"using":"xpath","value":"//table[contains(@id, \"massStateChangeTable-listUl\")]/tbody/tr[1]/td[11]/div/div/div/div[2]/span"}
COMMAND: POST /session/3c439525579c2e0b8ad9b556d9b6e42d/element/f.D9701E9044AEF593040EE735DD176420.d.803D37B0075CC47AB7B1D062962FD036.e.1158/click - {}
RESULT: {}
COMMAND: GET /session/3c439525579c2e0b8ad9b556d9b6e42d/screenshot - {}
RESULT: {}
COMMAND: POST /session/3c439525579c2e0b8ad9b556d9b6e42d/element - {"using":"xpath","value":"//table[contains(@id, \"massStateChangeTable-listUl\")]/tbody/tr[1]/td[11]/div/div/div/div[2]/span"}
RESULT: {"using":"xpath","value":"//table[contains(@id, \"massStateChangeTable-listUl\")]/tbody/tr[1]/td[11]/div/div/div/div[2]/span"}
COMMAND: POST /session/3c439525579c2e0b8ad9b556d9b6e42d/element/f.D9701E9044AEF593040EE735DD176420.d.803D37B0075CC47AB7B1D062962FD036.e.1158/click - {}
RESULT: {}
COMMAND: GET /session/3c439525579c2e0b8ad9b556d9b6e42d/screenshot - {}
RESULT: {}
COMMAND: POST /session/3c439525579c2e0b8ad9b556d9b6e42d/element - {"using":"xpath","value":"//table[contains(@id, \"massStateChangeTable-listUl\")]/tbody/tr[1]/td[11]/div/div/div/div[2]/span"}
RESULT: {"using":"xpath","value":"//table[contains(@id, \"massStateChangeTable-listUl\")]/tbody/tr[1]/td[11]/div/div/div/div[2]/span"}
COMMAND: POST /session/3c439525579c2e0b8ad9b556d9b6e42d/element/f.D9701E9044AEF593040EE735DD176420.d.803D37B0075CC47AB7B1D062962FD036.e.1158/click - {}
RESULT: {}
COMMAND: GET /session/3c439525579c2e0b8ad9b556d9b6e42d/screenshot - {}
RESULT: {}
COMMAND: POST /session/3c439525579c2e0b8ad9b556d9b6e42d/element - {"using":"xpath","value":"//table[contains(@id, \"massStateChangeTable-listUl\")]/tbody/tr[1]/td[11]/div/div/div/div[2]/span"}
RESULT: {"using":"xpath","value":"//table[contains(@id, \"massStateChangeTable-listUl\")]/tbody/tr[1]/td[11]/div/div/div/div[2]/span"}
COMMAND: POST /session/3c439525579c2e0b8ad9b556d9b6e42d/element/f.D9701E9044AEF593040EE735DD176420.d.803D37B0075CC47AB7B1D062962FD036.e.1158/click - {}
RESULT: {}
COMMAND: GET /session/3c439525579c2e0b8ad9b556d9b6e42d/screenshot - {}
RESULT: {}
COMMAND: POST /session/3c439525579c2e0b8ad9b556d9b6e42d/element - {"using":"xpath","value":"//table[contains(@id, \"massStateChangeTable-listUl\")]/tbody/tr[1]/td[11]/div/div/div/div[2]/span"}
RESULT: {"using":"xpath","value":"//table[contains(@id, \"massStateChangeTable-listUl\")]/tbody/tr[1]/td[11]/div/div/div/div[2]/span"}
COMMAND: POST /session/3c439525579c2e0b8ad9b556d9b6e42d/element/f.D9701E9044AEF593040EE735DD176420.d.803D37B0075CC47AB7B1D062962FD036.e.1158/click - {}
RESULT: {}
COMMAND: GET /session/3c439525579c2e0b8ad9b556d9b6e42d/screenshot - {}
RESULT: {}
COMMAND: POST /session/3c439525579c2e0b8ad9b556d9b6e42d/element - {"using":"xpath","value":"//table[contains(@id, \"massStateChangeTable-listUl\")]/tbody/tr[1]/td[11]/div/div/div/div[2]/span"}
RESULT: {"using":"xpath","value":"//table[contains(@id, \"massStateChangeTable-listUl\")]/tbody/tr[1]/td[11]/div/div/div/div[2]/span"}
COMMAND: POST /session/3c439525579c2e0b8ad9b556d9b6e42d/element/f.D9701E9044AEF593040EE735DD176420.d.803D37B0075CC47AB7B1D062962FD036.e.1158/click - {}
RESULT: {}
COMMAND: GET /session/3c439525579c2e0b8ad9b556d9b6e42d/screenshot - {}
RESULT: {}
COMMAND: POST /session/3c439525579c2e0b8ad9b556d9b6e42d/element - {"using":"xpath","value":"//table[contains(@id, \"massStateChangeTable-listUl\")]/tbody/tr[1]/td[11]/div/div/div/div[2]/span"}
RESULT: {"using":"xpath","value":"//table[contains(@id, \"massStateChangeTable-listUl\")]/tbody/tr[1]/td[11]/div/div/div/div[2]/span"}
COMMAND: POST /session/3c439525579c2e0b8ad9b556d9b6e42d/element/f.D9701E9044AEF593040EE735DD176420.d.803D37B0075CC47AB7B1D062962FD036.e.1158/click - {}
RESULT: {}
COMMAND: GET /session/3c439525579c2e0b8ad9b556d9b6e42d/screenshot - {}
RESULT: {}
COMMAND: POST /session/3c439525579c2e0b8ad9b556d9b6e42d/element - {"using":"xpath","value":"//table[contains(@id, \"massStateChangeTable-listUl\")]/tbody/tr[1]/td[11]/div/div/div/div[2]/span"}
RESULT: {"using":"xpath","value":"//table[contains(@id, \"massStateChangeTable-listUl\")]/tbody/tr[1]/td[11]/div/div/div/div[2]/span"}
COMMAND: POST /session/3c439525579c2e0b8ad9b556d9b6e42d/element/f.D9701E9044AEF593040EE735DD176420.d.803D37B0075CC47AB7B1D062962FD036.e.1158/click - {}
RESULT: {}
COMMAND: GET /session/3c439525579c2e0b8ad9b556d9b6e42d/screenshot - {}
RESULT: {}
COMMAND: POST /session/3c439525579c2e0b8ad9b556d9b6e42d/element - {"using":"xpath","value":"//table[contains(@id, \"massStateChangeTable-listUl\")]/tbody/tr[1]/td[11]/div/div/div/div[2]/span"}
RESULT: {"using":"xpath","value":"//table[contains(@id, \"massStateChangeTable-listUl\")]/tbody/tr[1]/td[11]/div/div/div/div[2]/span"}
COMMAND: POST /session/3c439525579c2e0b8ad9b556d9b6e42d/element/f.D9701E9044AEF593040EE735DD176420.d.803D37B0075CC47AB7B1D062962FD036.e.1158/click - {}
RESULT: {}
COMMAND: GET /session/3c439525579c2e0b8ad9b556d9b6e42d/screenshot - {}
RESULT: {}
COMMAND: POST /session/3c439525579c2e0b8ad9b556d9b6e42d/element - {"using":"xpath","value":"//table[contains(@id, \"massStateChangeTable-listUl\")]/tbody/tr[2]/td[11]/div/div/div/div[2]/span"}
RESULT: {"using":"xpath","value":"//table[contains(@id, \"massStateChangeTable-listUl\")]/tbody/tr[2]/td[11]/div/div/div/div[2]/span"}
COMMAND: POST /session/3c439525579c2e0b8ad9b556d9b6e42d/element/f.D9701E9044AEF593040EE735DD176420.d.803D37B0075CC47AB7B1D062962FD036.e.1159/click - {}
RESULT: {}
COMMAND: GET /session/3c439525579c2e0b8ad9b556d9b6e42d/screenshot - {}
RESULT: {}
COMMAND: POST /session/3c439525579c2e0b8ad9b556d9b6e42d/element - {"using":"xpath","value":"//table[contains(@id, \"massStateChangeTable-listUl\")]/tbody/tr[1]/td[11]/div/div/div/input"}
RESULT: {"using":"xpath","value":"//table[contains(@id, \"massStateChangeTable-listUl\")]/tbody/tr[1]/td[11]/div/div/div/input"}
COMMAND: GET /session/3c439525579c2e0b8ad9b556d9b6e42d/element/f.D9701E9044AEF593040EE735DD176420.d.803D37B0075CC47AB7B1D062962FD036.e.1137/property/value - {}
RESULT: {}
COMMAND: POST /session/3c439525579c2e0b8ad9b556d9b6e42d/element - {"using":"xpath","value":"//table[contains(@id, \"massStateChangeTable-listUl\")]/tbody/tr[2]/td[11]/div/div/div/input"}
COMMAND: GET /session/3c439525579c2e0b8ad9b556d9b6e42d/screenshot - {}
RESULT: {"using":"xpath","value":"//table[contains(@id, \"massStateChangeTable-listUl\")]/tbody/tr[2]/td[11]/div/div/div/input"}
COMMAND: GET /session/3c439525579c2e0b8ad9b556d9b6e42d/element/f.D9701E9044AEF593040EE735DD176420.d.803D37B0075CC47AB7B1D062962FD036.e.1141/property/value - {}
RESULT: {}
RESULT: {}
COMMAND: POST /session/3c439525579c2e0b8ad9b556d9b6e42d/element - {"using":"xpath","value":"(//bdi[contains(text(), \"OK\")])[1]"}
COMMAND: GET /session/3c439525579c2e0b8ad9b556d9b6e42d/screenshot - {}
RESULT: {"using":"xpath","value":"(//bdi[contains(text(), \"OK\")])[1]"}
COMMAND: POST /session/3c439525579c2e0b8ad9b556d9b6e42d/element/f.D9701E9044AEF593040EE735DD176420.d.803D37B0075CC47AB7B1D062962FD036.e.1145/click - {}
RESULT: {}
RESULT: {}
COMMAND: GET /session/3c439525579c2e0b8ad9b556d9b6e42d/screenshot - {}
RESULT: {}
COMMAND: POST /session/3c439525579c2e0b8ad9b556d9b6e42d/element - {"using":"xpath","value":"(//bdi[contains(text(), \"OK\")])[2]"}
RESULT: {"using":"xpath","value":"(//bdi[contains(text(), \"OK\")])[2]"}
COMMAND: POST /session/3c439525579c2e0b8ad9b556d9b6e42d/element/f.D9701E9044AEF593040EE735DD176420.d.803D37B0075CC47AB7B1D062962FD036.e.1162/click - {}
RESULT: {}
COMMAND: GET /session/3c439525579c2e0b8ad9b556d9b6e42d/screenshot - {}
RESULT: {}
RESULT: undefined
COMMAND: POST /session/3c439525579c2e0b8ad9b556d9b6e42d/execute/async - {"script":"<script> [776 bytes]","args":[{"enterText":"600002","selector":{"id":"application-ruinventorylist-display-component---Master--smartFilterBar-btnBasicSearch","interaction":{"idSuffix":"I"}},"clearTextFirst":true,"interactionType":"ENTER_TEXT"}]}
RESULT: {"script":"<script> [776 bytes]","args":[{"enterText":"600002","selector":{"id":"application-ruinventorylist-display-component---Master--smartFilterBar-btnBasicSearch","interaction":{"idSuffix":"I"}},"clearTextFirst":true,"interactionType":"ENTER_TEXT"}]}
COMMAND: POST /session/3c439525579c2e0b8ad9b556d9b6e42d/actions - {"actions":[{"id":"action5","type":"key","parameters":{},"actions":[{"type":"keyDown","value":"î€‡"},{"type":"pause","duration":10},{"type":"keyUp","value":"î€‡"}]}]}
RESULT: {"actions":[{"id":"action5","type":"key","parameters":{},"actions":[{"type":"keyDown","value":"î€‡"},{"type":"pause","duration":10},{"type":"keyUp","value":"î€‡"}]}]}
COMMAND: GET /session/3c439525579c2e0b8ad9b556d9b6e42d/screenshot - {}
RESULT: {}
COMMAND: POST /session/3c439525579c2e0b8ad9b556d9b6e42d/element - {"using":"xpath","value":"//span[@id=\"application-ruinventorylist-display-component---Master--smartTableRuInventoryList-header-inner\"]"}
RESULT: {"using":"xpath","value":"//span[@id=\"application-ruinventorylist-display-component---Master--smartTableRuInventoryList-header-inner\"]"}
COMMAND: POST /session/3c439525579c2e0b8ad9b556d9b6e42d/elements - {"using":"xpath","value":"//span[@id=\"application-ruinventorylist-display-component---Master--smartTableRuInventoryList-header-inner\"]"}
RESULT: {"using":"xpath","value":"//span[@id=\"application-ruinventorylist-display-component---Master--smartTableRuInventoryList-header-inner\"]"}
COMMAND: POST /session/3c439525579c2e0b8ad9b556d9b6e42d/execute/sync - {"script":"<script> [56 bytes]","args":[{"element-6066-11e4-a52e-4f735466cecf":"f.D9701E9044AEF593040EE735DD176420.d.803D37B0075CC47AB7B1D062962FD036.e.841","ELEMENT":"f.D9701E9044AEF593040EE735DD176420.d.803D37B0075CC47AB7B1D062962FD036.e.841"}]}
RESULT: {"script":"<script> [56 bytes]","args":[{"element-6066-11e4-a52e-4f735466cecf":"f.D9701E9044AEF593040EE735DD176420.d.803D37B0075CC47AB7B1D062962FD036.e.841","ELEMENT":"f.D9701E9044AEF593040EE735DD176420.d.803D37B0075CC47AB7B1D062962FD036.e.841"}]}
COMMAND: POST /session/3c439525579c2e0b8ad9b556d9b6e42d/element - {"using":"xpath","value":"//table[contains(@id, \"application-ruinventorylist-display-component---Master--tableRuInventoryList-listUl\")]/tbody/tr[1]/td[6]/div/span"}
COMMAND: GET /session/3c439525579c2e0b8ad9b556d9b6e42d/screenshot - {}
RESULT: {"using":"xpath","value":"//table[contains(@id, \"application-ruinventorylist-display-component---Master--tableRuInventoryList-listUl\")]/tbody/tr[1]/td[6]/div/span"}
COMMAND: POST /session/3c439525579c2e0b8ad9b556d9b6e42d/execute/sync - {"script":"<script> [56 bytes]","args":[{"element-6066-11e4-a52e-4f735466cecf":"f.D9701E9044AEF593040EE735DD176420.d.803D37B0075CC47AB7B1D062962FD036.e.1181","ELEMENT":"f.D9701E9044AEF593040EE735DD176420.d.803D37B0075CC47AB7B1D062962FD036.e.1181"}]}
RESULT: {}
RESULT: {"script":"<script> [56 bytes]","args":[{"element-6066-11e4-a52e-4f735466cecf":"f.D9701E9044AEF593040EE735DD176420.d.803D37B0075CC47AB7B1D062962FD036.e.1181","ELEMENT":"f.D9701E9044AEF593040EE735DD176420.d.803D37B0075CC47AB7B1D062962FD036.e.1181"}]}
COMMAND: POST /session/3c439525579c2e0b8ad9b556d9b6e42d/element - {"using":"xpath","value":"//div[contains(@id, \"smartFilterBar-btnBasicSearch-reset\")]"}
COMMAND: GET /session/3c439525579c2e0b8ad9b556d9b6e42d/screenshot - {}
RESULT: {"using":"xpath","value":"//div[contains(@id, \"smartFilterBar-btnBasicSearch-reset\")]"}
COMMAND: POST /session/3c439525579c2e0b8ad9b556d9b6e42d/element/f.D9701E9044AEF593040EE735DD176420.d.803D37B0075CC47AB7B1D062962FD036.e.859/click - {}
RESULT: {}
RESULT: {}
COMMAND: GET /session/3c439525579c2e0b8ad9b556d9b6e42d/screenshot - {}
RESULT: {}
RESULT: undefined
COMMAND: POST /session/3c439525579c2e0b8ad9b556d9b6e42d/execute/async - {"script":"<script> [776 bytes]","args":[{"enterText":"401002","selector":{"id":"application-ruinventorylist-display-component---Master--smartFilterBar-btnBasicSearch","interaction":{"idSuffix":"I"}},"clearTextFirst":true,"interactionType":"ENTER_TEXT"}]}
RESULT: {"script":"<script> [776 bytes]","args":[{"enterText":"401002","selector":{"id":"application-ruinventorylist-display-component---Master--smartFilterBar-btnBasicSearch","interaction":{"idSuffix":"I"}},"clearTextFirst":true,"interactionType":"ENTER_TEXT"}]}
COMMAND: POST /session/3c439525579c2e0b8ad9b556d9b6e42d/actions - {"actions":[{"id":"action6","type":"key","parameters":{},"actions":[{"type":"keyDown","value":"î€‡"},{"type":"pause","duration":10},{"type":"keyUp","value":"î€‡"}]}]}
RESULT: {"actions":[{"id":"action6","type":"key","parameters":{},"actions":[{"type":"keyDown","value":"î€‡"},{"type":"pause","duration":10},{"type":"keyUp","value":"î€‡"}]}]}
COMMAND: GET /session/3c439525579c2e0b8ad9b556d9b6e42d/screenshot - {}
RESULT: {}
COMMAND: POST /session/3c439525579c2e0b8ad9b556d9b6e42d/element - {"using":"xpath","value":"//span[@id=\"application-ruinventorylist-display-component---Master--smartTableRuInventoryList-header-inner\"]"}
RESULT: {"using":"xpath","value":"//span[@id=\"application-ruinventorylist-display-component---Master--smartTableRuInventoryList-header-inner\"]"}
COMMAND: POST /session/3c439525579c2e0b8ad9b556d9b6e42d/elements - {"using":"xpath","value":"//span[@id=\"application-ruinventorylist-display-component---Master--smartTableRuInventoryList-header-inner\"]"}
RESULT: {"using":"xpath","value":"//span[@id=\"application-ruinventorylist-display-component---Master--smartTableRuInventoryList-header-inner\"]"}
COMMAND: POST /session/3c439525579c2e0b8ad9b556d9b6e42d/execute/sync - {"script":"<script> [56 bytes]","args":[{"element-6066-11e4-a52e-4f735466cecf":"f.D9701E9044AEF593040EE735DD176420.d.803D37B0075CC47AB7B1D062962FD036.e.841","ELEMENT":"f.D9701E9044AEF593040EE735DD176420.d.803D37B0075CC47AB7B1D062962FD036.e.841"}]}
RESULT: {"script":"<script> [56 bytes]","args":[{"element-6066-11e4-a52e-4f735466cecf":"f.D9701E9044AEF593040EE735DD176420.d.803D37B0075CC47AB7B1D062962FD036.e.841","ELEMENT":"f.D9701E9044AEF593040EE735DD176420.d.803D37B0075CC47AB7B1D062962FD036.e.841"}]}
COMMAND: POST /session/3c439525579c2e0b8ad9b556d9b6e42d/element - {"using":"xpath","value":"//table[contains(@id, \"application-ruinventorylist-display-component---Master--tableRuInventoryList-listUl\")]/tbody/tr[1]/td[6]/div/span"}
COMMAND: GET /session/3c439525579c2e0b8ad9b556d9b6e42d/screenshot - {}
RESULT: {"using":"xpath","value":"//table[contains(@id, \"application-ruinventorylist-display-component---Master--tableRuInventoryList-listUl\")]/tbody/tr[1]/td[6]/div/span"}
COMMAND: POST /session/3c439525579c2e0b8ad9b556d9b6e42d/execute/sync - {"script":"<script> [56 bytes]","args":[{"element-6066-11e4-a52e-4f735466cecf":"f.D9701E9044AEF593040EE735DD176420.d.803D37B0075CC47AB7B1D062962FD036.e.1261","ELEMENT":"f.D9701E9044AEF593040EE735DD176420.d.803D37B0075CC47AB7B1D062962FD036.e.1261"}]}
RESULT: {}
RESULT: {"script":"<script> [56 bytes]","args":[{"element-6066-11e4-a52e-4f735466cecf":"f.D9701E9044AEF593040EE735DD176420.d.803D37B0075CC47AB7B1D062962FD036.e.1261","ELEMENT":"f.D9701E9044AEF593040EE735DD176420.d.803D37B0075CC47AB7B1D062962FD036.e.1261"}]}
COMMAND: POST /session/3c439525579c2e0b8ad9b556d9b6e42d/element - {"using":"xpath","value":"//div[contains(@id, \"smartFilterBar-btnBasicSearch-reset\")]"}
COMMAND: GET /session/3c439525579c2e0b8ad9b556d9b6e42d/screenshot - {}
RESULT: {"using":"xpath","value":"//div[contains(@id, \"smartFilterBar-btnBasicSearch-reset\")]"}
COMMAND: POST /session/3c439525579c2e0b8ad9b556d9b6e42d/element/f.D9701E9044AEF593040EE735DD176420.d.803D37B0075CC47AB7B1D062962FD036.e.859/click - {}
RESULT: {}
RESULT: {}
COMMAND: GET /session/3c439525579c2e0b8ad9b556d9b6e42d/screenshot - {}
RESULT: {}
COMMAND: POST /session/3c439525579c2e0b8ad9b556d9b6e42d/element/f.D9701E9044AEF593040EE735DD176420.d.803D37B0075CC47AB7B1D062962FD036.e.292/click - {}
RESULT: {}
COMMAND: GET /session/3c439525579c2e0b8ad9b556d9b6e42d/screenshot - {}
RESULT: {}
RESULT: undefined
COMMAND: POST /session/3c439525579c2e0b8ad9b556d9b6e42d/execute/async - {"script":"<script> [776 bytes]","args":[{"enterText":"600002","selector":{"id":"application-ruinventorylist-display-component---Master--smartFilterBar-btnBasicSearch","interaction":{"idSuffix":"I"}},"clearTextFirst":true,"interactionType":"ENTER_TEXT"}]}
RESULT: {"script":"<script> [776 bytes]","args":[{"enterText":"600002","selector":{"id":"application-ruinventorylist-display-component---Master--smartFilterBar-btnBasicSearch","interaction":{"idSuffix":"I"}},"clearTextFirst":true,"interactionType":"ENTER_TEXT"}]}
COMMAND: POST /session/3c439525579c2e0b8ad9b556d9b6e42d/actions - {"actions":[{"id":"action7","type":"key","parameters":{},"actions":[{"type":"keyDown","value":"î€‡"},{"type":"pause","duration":10},{"type":"keyUp","value":"î€‡"}]}]}
RESULT: {"actions":[{"id":"action7","type":"key","parameters":{},"actions":[{"type":"keyDown","value":"î€‡"},{"type":"pause","duration":10},{"type":"keyUp","value":"î€‡"}]}]}
COMMAND: GET /session/3c439525579c2e0b8ad9b556d9b6e42d/screenshot - {}
RESULT: {}
COMMAND: POST /session/3c439525579c2e0b8ad9b556d9b6e42d/element - {"using":"xpath","value":"//span[@id=\"application-ruinventorylist-display-component---Master--smartTableRuInventoryList-header-inner\"]"}
RESULT: {"using":"xpath","value":"//span[@id=\"application-ruinventorylist-display-component---Master--smartTableRuInventoryList-header-inner\"]"}
COMMAND: POST /session/3c439525579c2e0b8ad9b556d9b6e42d/elements - {"using":"xpath","value":"//span[@id=\"application-ruinventorylist-display-component---Master--smartTableRuInventoryList-header-inner\"]"}
RESULT: {"using":"xpath","value":"//span[@id=\"application-ruinventorylist-display-component---Master--smartTableRuInventoryList-header-inner\"]"}
COMMAND: POST /session/3c439525579c2e0b8ad9b556d9b6e42d/execute/sync - {"script":"<script> [56 bytes]","args":[{"element-6066-11e4-a52e-4f735466cecf":"f.D9701E9044AEF593040EE735DD176420.d.803D37B0075CC47AB7B1D062962FD036.e.841","ELEMENT":"f.D9701E9044AEF593040EE735DD176420.d.803D37B0075CC47AB7B1D062962FD036.e.841"}]}
RESULT: {"script":"<script> [56 bytes]","args":[{"element-6066-11e4-a52e-4f735466cecf":"f.D9701E9044AEF593040EE735DD176420.d.803D37B0075CC47AB7B1D062962FD036.e.841","ELEMENT":"f.D9701E9044AEF593040EE735DD176420.d.803D37B0075CC47AB7B1D062962FD036.e.841"}]}
COMMAND: POST /session/3c439525579c2e0b8ad9b556d9b6e42d/element - {"using":"xpath","value":"//table[contains(@id, \"application-ruinventorylist-display-component---Master--tableRuInventoryList-listUl\")]/tbody/tr[1]/td[2]/div/div"}
COMMAND: GET /session/3c439525579c2e0b8ad9b556d9b6e42d/screenshot - {}
RESULT: {"using":"xpath","value":"//table[contains(@id, \"application-ruinventorylist-display-component---Master--tableRuInventoryList-listUl\")]/tbody/tr[1]/td[2]/div/div"}
COMMAND: POST /session/3c439525579c2e0b8ad9b556d9b6e42d/element/f.D9701E9044AEF593040EE735DD176420.d.803D37B0075CC47AB7B1D062962FD036.e.1505/click - {}
RESULT: {}
RESULT: {}
COMMAND: GET /session/3c439525579c2e0b8ad9b556d9b6e42d/screenshot - {}
RESULT: {}
COMMAND: POST /session/3c439525579c2e0b8ad9b556d9b6e42d/element - {"using":"xpath","value":"//div[contains(@id, \"smartFilterBar-btnBasicSearch-reset\")]"}
RESULT: {"using":"xpath","value":"//div[contains(@id, \"smartFilterBar-btnBasicSearch-reset\")]"}
COMMAND: POST /session/3c439525579c2e0b8ad9b556d9b6e42d/element/f.D9701E9044AEF593040EE735DD176420.d.803D37B0075CC47AB7B1D062962FD036.e.859/click - {}
RESULT: {}
COMMAND: GET /session/3c439525579c2e0b8ad9b556d9b6e42d/screenshot - {}
RESULT: {}
RESULT: undefined
COMMAND: POST /session/3c439525579c2e0b8ad9b556d9b6e42d/execute/async - {"script":"<script> [776 bytes]","args":[{"enterText":"401002","selector":{"id":"application-ruinventorylist-display-component---Master--smartFilterBar-btnBasicSearch","interaction":{"idSuffix":"I"}},"clearTextFirst":true,"interactionType":"ENTER_TEXT"}]}
RESULT: {"script":"<script> [776 bytes]","args":[{"enterText":"401002","selector":{"id":"application-ruinventorylist-display-component---Master--smartFilterBar-btnBasicSearch","interaction":{"idSuffix":"I"}},"clearTextFirst":true,"interactionType":"ENTER_TEXT"}]}
COMMAND: POST /session/3c439525579c2e0b8ad9b556d9b6e42d/actions - {"actions":[{"id":"action8","type":"key","parameters":{},"actions":[{"type":"keyDown","value":"î€‡"},{"type":"pause","duration":10},{"type":"keyUp","value":"î€‡"}]}]}
RESULT: {"actions":[{"id":"action8","type":"key","parameters":{},"actions":[{"type":"keyDown","value":"î€‡"},{"type":"pause","duration":10},{"type":"keyUp","value":"î€‡"}]}]}
COMMAND: GET /session/3c439525579c2e0b8ad9b556d9b6e42d/screenshot - {}
RESULT: {}
COMMAND: POST /session/3c439525579c2e0b8ad9b556d9b6e42d/element - {"using":"xpath","value":"//span[@id=\"application-ruinventorylist-display-component---Master--smartTableRuInventoryList-header-inner\"]"}
RESULT: {"using":"xpath","value":"//span[@id=\"application-ruinventorylist-display-component---Master--smartTableRuInventoryList-header-inner\"]"}
COMMAND: POST /session/3c439525579c2e0b8ad9b556d9b6e42d/elements - {"using":"xpath","value":"//span[@id=\"application-ruinventorylist-display-component---Master--smartTableRuInventoryList-header-inner\"]"}
RESULT: {"using":"xpath","value":"//span[@id=\"application-ruinventorylist-display-component---Master--smartTableRuInventoryList-header-inner\"]"}
COMMAND: POST /session/3c439525579c2e0b8ad9b556d9b6e42d/execute/sync - {"script":"<script> [56 bytes]","args":[{"element-6066-11e4-a52e-4f735466cecf":"f.D9701E9044AEF593040EE735DD176420.d.803D37B0075CC47AB7B1D062962FD036.e.841","ELEMENT":"f.D9701E9044AEF593040EE735DD176420.d.803D37B0075CC47AB7B1D062962FD036.e.841"}]}
RESULT: {"script":"<script> [56 bytes]","args":[{"element-6066-11e4-a52e-4f735466cecf":"f.D9701E9044AEF593040EE735DD176420.d.803D37B0075CC47AB7B1D062962FD036.e.841","ELEMENT":"f.D9701E9044AEF593040EE735DD176420.d.803D37B0075CC47AB7B1D062962FD036.e.841"}]}
COMMAND: POST /session/3c439525579c2e0b8ad9b556d9b6e42d/element - {"using":"xpath","value":"//table[contains(@id, \"application-ruinventorylist-display-component---Master--tableRuInventoryList-listUl\")]/tbody/tr[1]/td[2]/div/div"}
COMMAND: GET /session/3c439525579c2e0b8ad9b556d9b6e42d/screenshot - {}
RESULT: {"using":"xpath","value":"//table[contains(@id, \"application-ruinventorylist-display-component---Master--tableRuInventoryList-listUl\")]/tbody/tr[1]/td[2]/div/div"}
COMMAND: POST /session/3c439525579c2e0b8ad9b556d9b6e42d/element/f.D9701E9044AEF593040EE735DD176420.d.803D37B0075CC47AB7B1D062962FD036.e.1644/click - {}
RESULT: {}
RESULT: {}
COMMAND: GET /session/3c439525579c2e0b8ad9b556d9b6e42d/screenshot - {}
RESULT: {}
COMMAND: POST /session/3c439525579c2e0b8ad9b556d9b6e42d/element - {"using":"xpath","value":"//div[contains(@id, \"smartFilterBar-btnBasicSearch-reset\")]"}
RESULT: {"using":"xpath","value":"//div[contains(@id, \"smartFilterBar-btnBasicSearch-reset\")]"}
COMMAND: POST /session/3c439525579c2e0b8ad9b556d9b6e42d/element/f.D9701E9044AEF593040EE735DD176420.d.803D37B0075CC47AB7B1D062962FD036.e.859/click - {}
RESULT: {}
COMMAND: GET /session/3c439525579c2e0b8ad9b556d9b6e42d/screenshot - {}
RESULT: {}
COMMAND: POST /session/3c439525579c2e0b8ad9b556d9b6e42d/element/f.D9701E9044AEF593040EE735DD176420.d.803D37B0075CC47AB7B1D062962FD036.e.292/click - {}
RESULT: {}
COMMAND: GET /session/3c439525579c2e0b8ad9b556d9b6e42d/screenshot - {}
RESULT: {}
RESULT: undefined
COMMAND: POST /session/3c439525579c2e0b8ad9b556d9b6e42d/element - {"using":"xpath","value":"//*[@id=\"application-ruinventorylist-display-component---Master--ruStateTypes-arrow\"]"}
RESULT: {"using":"xpath","value":"//*[@id=\"application-ruinventorylist-display-component---Master--ruStateTypes-arrow\"]"}
COMMAND: POST /session/3c439525579c2e0b8ad9b556d9b6e42d/element/f.D9701E9044AEF593040EE735DD176420.d.803D37B0075CC47AB7B1D062962FD036.e.1795/click - {}
RESULT: {}
COMMAND: GET /session/3c439525579c2e0b8ad9b556d9b6e42d/screenshot - {}
RESULT: {}
COMMAND: POST /session/3c439525579c2e0b8ad9b556d9b6e42d/element - {"using":"xpath","value":"//li[.//span[text()=\"available\"]]"}
RESULT: {"using":"xpath","value":"//li[.//span[text()=\"available\"]]"}
COMMAND: POST /session/3c439525579c2e0b8ad9b556d9b6e42d/element/f.D9701E9044AEF593040EE735DD176420.d.803D37B0075CC47AB7B1D062962FD036.e.1796/click - {}
RESULT: {}
COMMAND: GET /session/3c439525579c2e0b8ad9b556d9b6e42d/screenshot - {}
RESULT: {}
COMMAND: POST /session/3c439525579c2e0b8ad9b556d9b6e42d/element - {"using":"xpath","value":"(//bdi[contains(text(), \"OK\")])[1]"}
RESULT: {"using":"xpath","value":"(//bdi[contains(text(), \"OK\")])[1]"}
COMMAND: POST /session/3c439525579c2e0b8ad9b556d9b6e42d/element/f.D9701E9044AEF593040EE735DD176420.d.803D37B0075CC47AB7B1D062962FD036.e.1797/click - {}
RESULT: {}
COMMAND: GET /session/3c439525579c2e0b8ad9b556d9b6e42d/screenshot - {}
RESULT: {}
COMMAND: POST /session/3c439525579c2e0b8ad9b556d9b6e42d/element - {"using":"xpath","value":"(//bdi[contains(text(), \"OK\")])[2]"}
RESULT: {"using":"xpath","value":"(//bdi[contains(text(), \"OK\")])[2]"}
COMMAND: POST /session/3c439525579c2e0b8ad9b556d9b6e42d/element/f.D9701E9044AEF593040EE735DD176420.d.803D37B0075CC47AB7B1D062962FD036.e.1802/click - {}
RESULT: {}
COMMAND: GET /session/3c439525579c2e0b8ad9b556d9b6e42d/screenshot - {}
RESULT: {}
RESULT: undefined
COMMAND: POST /session/3c439525579c2e0b8ad9b556d9b6e42d/execute/async - {"script":"<script> [776 bytes]","args":[{"enterText":"600002","selector":{"id":"application-ruinventorylist-display-component---Master--smartFilterBar-btnBasicSearch","interaction":{"idSuffix":"I"}},"clearTextFirst":true,"interactionType":"ENTER_TEXT"}]}
RESULT: {"script":"<script> [776 bytes]","args":[{"enterText":"600002","selector":{"id":"application-ruinventorylist-display-component---Master--smartFilterBar-btnBasicSearch","interaction":{"idSuffix":"I"}},"clearTextFirst":true,"interactionType":"ENTER_TEXT"}]}
COMMAND: POST /session/3c439525579c2e0b8ad9b556d9b6e42d/actions - {"actions":[{"id":"action9","type":"key","parameters":{},"actions":[{"type":"keyDown","value":"î€‡"},{"type":"pause","duration":10},{"type":"keyUp","value":"î€‡"}]}]}
RESULT: {"actions":[{"id":"action9","type":"key","parameters":{},"actions":[{"type":"keyDown","value":"î€‡"},{"type":"pause","duration":10},{"type":"keyUp","value":"î€‡"}]}]}
COMMAND: GET /session/3c439525579c2e0b8ad9b556d9b6e42d/screenshot - {}
RESULT: {}
COMMAND: POST /session/3c439525579c2e0b8ad9b556d9b6e42d/element - {"using":"xpath","value":"//span[@id=\"application-ruinventorylist-display-component---Master--smartTableRuInventoryList-header-inner\"]"}
RESULT: {"using":"xpath","value":"//span[@id=\"application-ruinventorylist-display-component---Master--smartTableRuInventoryList-header-inner\"]"}
COMMAND: POST /session/3c439525579c2e0b8ad9b556d9b6e42d/elements - {"using":"xpath","value":"//span[@id=\"application-ruinventorylist-display-component---Master--smartTableRuInventoryList-header-inner\"]"}
RESULT: {"using":"xpath","value":"//span[@id=\"application-ruinventorylist-display-component---Master--smartTableRuInventoryList-header-inner\"]"}
COMMAND: POST /session/3c439525579c2e0b8ad9b556d9b6e42d/execute/sync - {"script":"<script> [56 bytes]","args":[{"element-6066-11e4-a52e-4f735466cecf":"f.D9701E9044AEF593040EE735DD176420.d.803D37B0075CC47AB7B1D062962FD036.e.841","ELEMENT":"f.D9701E9044AEF593040EE735DD176420.d.803D37B0075CC47AB7B1D062962FD036.e.841"}]}
RESULT: {"script":"<script> [56 bytes]","args":[{"element-6066-11e4-a52e-4f735466cecf":"f.D9701E9044AEF593040EE735DD176420.d.803D37B0075CC47AB7B1D062962FD036.e.841","ELEMENT":"f.D9701E9044AEF593040EE735DD176420.d.803D37B0075CC47AB7B1D062962FD036.e.841"}]}
COMMAND: POST /session/3c439525579c2e0b8ad9b556d9b6e42d/element - {"using":"xpath","value":"//table[contains(@id, \"application-ruinventorylist-display-component---Master--tableRuInventoryList-listUl\")]/tbody/tr[1]/td[6]/div/span"}
COMMAND: GET /session/3c439525579c2e0b8ad9b556d9b6e42d/screenshot - {}
RESULT: {"using":"xpath","value":"//table[contains(@id, \"application-ruinventorylist-display-component---Master--tableRuInventoryList-listUl\")]/tbody/tr[1]/td[6]/div/span"}
COMMAND: POST /session/3c439525579c2e0b8ad9b556d9b6e42d/execute/sync - {"script":"<script> [56 bytes]","args":[{"element-6066-11e4-a52e-4f735466cecf":"f.D9701E9044AEF593040EE735DD176420.d.803D37B0075CC47AB7B1D062962FD036.e.1822","ELEMENT":"f.D9701E9044AEF593040EE735DD176420.d.803D37B0075CC47AB7B1D062962FD036.e.1822"}]}
RESULT: {}
RESULT: {"script":"<script> [56 bytes]","args":[{"element-6066-11e4-a52e-4f735466cecf":"f.D9701E9044AEF593040EE735DD176420.d.803D37B0075CC47AB7B1D062962FD036.e.1822","ELEMENT":"f.D9701E9044AEF593040EE735DD176420.d.803D37B0075CC47AB7B1D062962FD036.e.1822"}]}
COMMAND: POST /session/3c439525579c2e0b8ad9b556d9b6e42d/element - {"using":"xpath","value":"//div[contains(@id, \"smartFilterBar-btnBasicSearch-reset\")]"}
COMMAND: GET /session/3c439525579c2e0b8ad9b556d9b6e42d/screenshot - {}
RESULT: {"using":"xpath","value":"//div[contains(@id, \"smartFilterBar-btnBasicSearch-reset\")]"}
COMMAND: POST /session/3c439525579c2e0b8ad9b556d9b6e42d/element/f.D9701E9044AEF593040EE735DD176420.d.803D37B0075CC47AB7B1D062962FD036.e.859/click - {}
RESULT: {}
RESULT: {}
COMMAND: GET /session/3c439525579c2e0b8ad9b556d9b6e42d/screenshot - {}
RESULT: {}
RESULT: undefined
COMMAND: POST /session/3c439525579c2e0b8ad9b556d9b6e42d/execute/async - {"script":"<script> [776 bytes]","args":[{"enterText":"401002","selector":{"id":"application-ruinventorylist-display-component---Master--smartFilterBar-btnBasicSearch","interaction":{"idSuffix":"I"}},"clearTextFirst":true,"interactionType":"ENTER_TEXT"}]}
RESULT: {"script":"<script> [776 bytes]","args":[{"enterText":"401002","selector":{"id":"application-ruinventorylist-display-component---Master--smartFilterBar-btnBasicSearch","interaction":{"idSuffix":"I"}},"clearTextFirst":true,"interactionType":"ENTER_TEXT"}]}
COMMAND: POST /session/3c439525579c2e0b8ad9b556d9b6e42d/actions - {"actions":[{"id":"action10","type":"key","parameters":{},"actions":[{"type":"keyDown","value":"î€‡"},{"type":"pause","duration":10},{"type":"keyUp","value":"î€‡"}]}]}
RESULT: {"actions":[{"id":"action10","type":"key","parameters":{},"actions":[{"type":"keyDown","value":"î€‡"},{"type":"pause","duration":10},{"type":"keyUp","value":"î€‡"}]}]}
COMMAND: GET /session/3c439525579c2e0b8ad9b556d9b6e42d/screenshot - {}
RESULT: {}
COMMAND: POST /session/3c439525579c2e0b8ad9b556d9b6e42d/element - {"using":"xpath","value":"//span[@id=\"application-ruinventorylist-display-component---Master--smartTableRuInventoryList-header-inner\"]"}
RESULT: {"using":"xpath","value":"//span[@id=\"application-ruinventorylist-display-component---Master--smartTableRuInventoryList-header-inner\"]"}
COMMAND: POST /session/3c439525579c2e0b8ad9b556d9b6e42d/elements - {"using":"xpath","value":"//span[@id=\"application-ruinventorylist-display-component---Master--smartTableRuInventoryList-header-inner\"]"}
RESULT: {"using":"xpath","value":"//span[@id=\"application-ruinventorylist-display-component---Master--smartTableRuInventoryList-header-inner\"]"}
COMMAND: POST /session/3c439525579c2e0b8ad9b556d9b6e42d/execute/sync - {"script":"<script> [56 bytes]","args":[{"element-6066-11e4-a52e-4f735466cecf":"f.D9701E9044AEF593040EE735DD176420.d.803D37B0075CC47AB7B1D062962FD036.e.841","ELEMENT":"f.D9701E9044AEF593040EE735DD176420.d.803D37B0075CC47AB7B1D062962FD036.e.841"}]}
RESULT: {"script":"<script> [56 bytes]","args":[{"element-6066-11e4-a52e-4f735466cecf":"f.D9701E9044AEF593040EE735DD176420.d.803D37B0075CC47AB7B1D062962FD036.e.841","ELEMENT":"f.D9701E9044AEF593040EE735DD176420.d.803D37B0075CC47AB7B1D062962FD036.e.841"}]}
COMMAND: POST /session/3c439525579c2e0b8ad9b556d9b6e42d/element - {"using":"xpath","value":"//table[contains(@id, \"application-ruinventorylist-display-component---Master--tableRuInventoryList-listUl\")]/tbody/tr[1]/td[6]/div/span"}
COMMAND: GET /session/3c439525579c2e0b8ad9b556d9b6e42d/screenshot - {}
RESULT: {"using":"xpath","value":"//table[contains(@id, \"application-ruinventorylist-display-component---Master--tableRuInventoryList-listUl\")]/tbody/tr[1]/td[6]/div/span"}
COMMAND: POST /session/3c439525579c2e0b8ad9b556d9b6e42d/execute/sync - {"script":"<script> [56 bytes]","args":[{"element-6066-11e4-a52e-4f735466cecf":"f.D9701E9044AEF593040EE735DD176420.d.803D37B0075CC47AB7B1D062962FD036.e.1899","ELEMENT":"f.D9701E9044AEF593040EE735DD176420.d.803D37B0075CC47AB7B1D062962FD036.e.1899"}]}
RESULT: {}
RESULT: {"script":"<script> [56 bytes]","args":[{"element-6066-11e4-a52e-4f735466cecf":"f.D9701E9044AEF593040EE735DD176420.d.803D37B0075CC47AB7B1D062962FD036.e.1899","ELEMENT":"f.D9701E9044AEF593040EE735DD176420.d.803D37B0075CC47AB7B1D062962FD036.e.1899"}]}
COMMAND: POST /session/3c439525579c2e0b8ad9b556d9b6e42d/element - {"using":"xpath","value":"//div[contains(@id, \"smartFilterBar-btnBasicSearch-reset\")]"}
COMMAND: GET /session/3c439525579c2e0b8ad9b556d9b6e42d/screenshot - {}
RESULT: {"using":"xpath","value":"//div[contains(@id, \"smartFilterBar-btnBasicSearch-reset\")]"}
COMMAND: POST /session/3c439525579c2e0b8ad9b556d9b6e42d/element/f.D9701E9044AEF593040EE735DD176420.d.803D37B0075CC47AB7B1D062962FD036.e.859/click - {}
RESULT: {}
RESULT: {}
COMMAND: GET /session/3c439525579c2e0b8ad9b556d9b6e42d/screenshot - {}
RESULT: {}
COMMAND: POST /session/3c439525579c2e0b8ad9b556d9b6e42d/element - {"using":"css selector","value":"#shell-header-logo"}
RESULT: {"using":"css selector","value":"#shell-header-logo"}
COMMAND: POST /session/3c439525579c2e0b8ad9b556d9b6e42d/element/f.D9701E9044AEF593040EE735DD176420.d.803D37B0075CC47AB7B1D062962FD036.e.261/click - {}
RESULT: {}
COMMAND: GET /session/3c439525579c2e0b8ad9b556d9b6e42d/screenshot - {}
RESULT: {}
]]></system-out>
    </testcase>
    <testcase classname="chrome.136_0_7103_93.windows.RU_Inventory_Mass_State_Change_Multiple_Items_US151066" name="Prerequisite Step 2 Should create a new equipment" time="136.954">
      <system-out><![CDATA[
COMMAND: POST /session/3c439525579c2e0b8ad9b556d9b6e42d/execute/async - {"script":"<script> [1562 bytes]","args":[{"selector":{"controlType":"sap.m.GenericTile","properties":{"header":"Manage Resources"}},"wdio_ui5_key":"sapm.GenericTile{\"header\":\"Manage Resources\"}"}]}
RESULT: {"script":"<script> [1562 bytes]","args":[{"selector":{"controlType":"sap.m.GenericTile","properties":{"header":"Manage Resources"}},"wdio_ui5_key":"sapm.GenericTile{\"header\":\"Manage Resources\"}"}]}
RESULT: undefined
COMMAND: POST /session/3c439525579c2e0b8ad9b556d9b6e42d/element - {"using":"xpath","value":"//*[@id=\"__tile39\"]"}
RESULT: {"using":"xpath","value":"//*[@id=\"__tile39\"]"}
COMMAND: POST /session/3c439525579c2e0b8ad9b556d9b6e42d/element/f.D9701E9044AEF593040EE735DD176420.d.803D37B0075CC47AB7B1D062962FD036.e.154/click - {}
RESULT: {}
COMMAND: GET /session/3c439525579c2e0b8ad9b556d9b6e42d/screenshot - {}
RESULT: {}
COMMAND: POST /session/3c439525579c2e0b8ad9b556d9b6e42d/elements - {"using":"xpath","value":"//span[text()='Error']"}
RESULT: {"using":"xpath","value":"//span[text()='Error']"}
COMMAND: POST /session/3c439525579c2e0b8ad9b556d9b6e42d/element - {"using":"xpath","value":"//button[@data-kt=\"addNewRUOverflowToolbarButton\"]"}
RESULT: {"using":"xpath","value":"//button[@data-kt=\"addNewRUOverflowToolbarButton\"]"}
COMMAND: POST /session/3c439525579c2e0b8ad9b556d9b6e42d/elements - {"using":"xpath","value":"//button[@data-kt=\"addNewRUOverflowToolbarButton\"]"}
RESULT: {"using":"xpath","value":"//button[@data-kt=\"addNewRUOverflowToolbarButton\"]"}
COMMAND: POST /session/3c439525579c2e0b8ad9b556d9b6e42d/execute/sync - {"script":"<script> [8489 bytes]","args":[{"element-6066-11e4-a52e-4f735466cecf":"f.D9701E9044AEF593040EE735DD176420.d.803D37B0075CC47AB7B1D062962FD036.e.2009","ELEMENT":"f.D9701E9044AEF593040EE735DD176420.d.803D37B0075CC47AB7B1D062962FD036.e.2009"}]}
RESULT: {"script":"<script> [8489 bytes]","args":[{"element-6066-11e4-a52e-4f735466cecf":"f.D9701E9044AEF593040EE735DD176420.d.803D37B0075CC47AB7B1D062962FD036.e.2009","ELEMENT":"f.D9701E9044AEF593040EE735DD176420.d.803D37B0075CC47AB7B1D062962FD036.e.2009"}]}
COMMAND: GET /session/3c439525579c2e0b8ad9b556d9b6e42d/element/f.D9701E9044AEF593040EE735DD176420.d.803D37B0075CC47AB7B1D062962FD036.e.2009/enabled - {}
COMMAND: GET /session/3c439525579c2e0b8ad9b556d9b6e42d/screenshot - {}
RESULT: {}
COMMAND: POST /session/3c439525579c2e0b8ad9b556d9b6e42d/execute/sync - {"script":"<script> [8489 bytes]","args":[{"element-6066-11e4-a52e-4f735466cecf":"f.D9701E9044AEF593040EE735DD176420.d.803D37B0075CC47AB7B1D062962FD036.e.2009","ELEMENT":"f.D9701E9044AEF593040EE735DD176420.d.803D37B0075CC47AB7B1D062962FD036.e.2009"}]}
COMMAND: GET /session/3c439525579c2e0b8ad9b556d9b6e42d/screenshot - {}
RESULT: {}
RESULT: {"script":"<script> [8489 bytes]","args":[{"element-6066-11e4-a52e-4f735466cecf":"f.D9701E9044AEF593040EE735DD176420.d.803D37B0075CC47AB7B1D062962FD036.e.2009","ELEMENT":"f.D9701E9044AEF593040EE735DD176420.d.803D37B0075CC47AB7B1D062962FD036.e.2009"}]}
COMMAND: POST /session/3c439525579c2e0b8ad9b556d9b6e42d/execute/sync - {"script":"<script> [5351 bytes]","args":[{"element-6066-11e4-a52e-4f735466cecf":"f.D9701E9044AEF593040EE735DD176420.d.803D37B0075CC47AB7B1D062962FD036.e.2009","ELEMENT":"f.D9701E9044AEF593040EE735DD176420.d.803D37B0075CC47AB7B1D062962FD036.e.2009"}]}
COMMAND: GET /session/3c439525579c2e0b8ad9b556d9b6e42d/screenshot - {}
RESULT: {}
RESULT: {"script":"<script> [5351 bytes]","args":[{"element-6066-11e4-a52e-4f735466cecf":"f.D9701E9044AEF593040EE735DD176420.d.803D37B0075CC47AB7B1D062962FD036.e.2009","ELEMENT":"f.D9701E9044AEF593040EE735DD176420.d.803D37B0075CC47AB7B1D062962FD036.e.2009"}]}
COMMAND: POST /session/3c439525579c2e0b8ad9b556d9b6e42d/element/f.D9701E9044AEF593040EE735DD176420.d.803D37B0075CC47AB7B1D062962FD036.e.2009/click - {}
COMMAND: GET /session/3c439525579c2e0b8ad9b556d9b6e42d/screenshot - {}
RESULT: {}
RESULT: {}
COMMAND: GET /session/3c439525579c2e0b8ad9b556d9b6e42d/screenshot - {}
RESULT: {}
RESULT: {}
COMMAND: POST /session/3c439525579c2e0b8ad9b556d9b6e42d/execute/async - {"script":"<script> [1562 bytes]","args":[{"selector":{"id":"application-manageresources-display-component---newResourceUnit--TYPE-arrow"},"wdio_ui5_key":"applicationmanageresources-display-component---newResourceUnit--TYPE-arrow"}]}
RESULT: {"script":"<script> [1562 bytes]","args":[{"selector":{"id":"application-manageresources-display-component---newResourceUnit--TYPE-arrow"},"wdio_ui5_key":"applicationmanageresources-display-component---newResourceUnit--TYPE-arrow"}]}
RESULT: undefined
COMMAND: POST /session/3c439525579c2e0b8ad9b556d9b6e42d/element - {"using":"xpath","value":"//*[@id=\"application-manageresources-display-component---newResourceUnit--TYPE-arrow\"]"}
RESULT: {"using":"xpath","value":"//*[@id=\"application-manageresources-display-component---newResourceUnit--TYPE-arrow\"]"}
COMMAND: POST /session/3c439525579c2e0b8ad9b556d9b6e42d/element/f.D9701E9044AEF593040EE735DD176420.d.803D37B0075CC47AB7B1D062962FD036.e.2361/click - {}
RESULT: {}
COMMAND: POST /session/3c439525579c2e0b8ad9b556d9b6e42d/element - {"using":"xpath","value":"//input[@id=\"application-manageresources-display-component---newResourceUnit--TYPE-inner\"]"}
COMMAND: GET /session/3c439525579c2e0b8ad9b556d9b6e42d/screenshot - {}
RESULT: {"using":"xpath","value":"//input[@id=\"application-manageresources-display-component---newResourceUnit--TYPE-inner\"]"}
COMMAND: POST /session/3c439525579c2e0b8ad9b556d9b6e42d/element/f.D9701E9044AEF593040EE735DD176420.d.803D37B0075CC47AB7B1D062962FD036.e.2346/clear - {}
RESULT: {}
RESULT: {}
COMMAND: POST /session/3c439525579c2e0b8ad9b556d9b6e42d/element/f.D9701E9044AEF593040EE735DD176420.d.803D37B0075CC47AB7B1D062962FD036.e.2346/value - {"text":"Equipment"}
COMMAND: GET /session/3c439525579c2e0b8ad9b556d9b6e42d/screenshot - {}
RESULT: {"text":"Equipment"}
COMMAND: GET /session/3c439525579c2e0b8ad9b556d9b6e42d/screenshot - {}
RESULT: {}
RESULT: {}
COMMAND: POST /session/3c439525579c2e0b8ad9b556d9b6e42d/actions - {"actions":[{"id":"action11","type":"key","parameters":{},"actions":[{"type":"keyDown","value":"î€‡"},{"type":"pause","duration":10},{"type":"keyUp","value":"î€‡"}]}]}
RESULT: {"actions":[{"id":"action11","type":"key","parameters":{},"actions":[{"type":"keyDown","value":"î€‡"},{"type":"pause","duration":10},{"type":"keyUp","value":"î€‡"}]}]}
COMMAND: POST /session/3c439525579c2e0b8ad9b556d9b6e42d/execute/async - {"script":"<script> [1562 bytes]","args":[{"selector":{"id":"application-manageresources-display-component---newResourceUnit--resourceId","interaction":{"idSuffix":"inner"}},"wdio_ui5_key":"applicationmanageresources-display-component---newResourceUnit--resourceId"}]}
COMMAND: GET /session/3c439525579c2e0b8ad9b556d9b6e42d/screenshot - {}
RESULT: {"script":"<script> [1562 bytes]","args":[{"selector":{"id":"application-manageresources-display-component---newResourceUnit--resourceId","interaction":{"idSuffix":"inner"}},"wdio_ui5_key":"applicationmanageresources-display-component---newResourceUnit--resourceId"}]}
RESULT: undefined
COMMAND: POST /session/3c439525579c2e0b8ad9b556d9b6e42d/execute/async - {"script":"<script> [776 bytes]","args":[{"enterText":"foR11gjBkW","selector":{"id":"application-manageresources-display-component---newResourceUnit--resourceId","interaction":{"idSuffix":"inner"}},"clearTextFirst":true,"interactionType":"ENTER_TEXT"}]}
RESULT: {}
RESULT: {"script":"<script> [776 bytes]","args":[{"enterText":"foR11gjBkW","selector":{"id":"application-manageresources-display-component---newResourceUnit--resourceId","interaction":{"idSuffix":"inner"}},"clearTextFirst":true,"interactionType":"ENTER_TEXT"}]}
COMMAND: POST /session/3c439525579c2e0b8ad9b556d9b6e42d/execute/async - {"script":"<script> [1562 bytes]","args":[{"selector":{"id":"application-manageresources-display-component---newResourceUnit--SHORT_TEXT","interaction":{"idSuffix":"inner"}},"wdio_ui5_key":"applicationmanageresources-display-component---newResourceUnit--SHORT_TEXT"}]}
RESULT: {"script":"<script> [1562 bytes]","args":[{"selector":{"id":"application-manageresources-display-component---newResourceUnit--SHORT_TEXT","interaction":{"idSuffix":"inner"}},"wdio_ui5_key":"applicationmanageresources-display-component---newResourceUnit--SHORT_TEXT"}]}
RESULT: undefined
COMMAND: POST /session/3c439525579c2e0b8ad9b556d9b6e42d/execute/async - {"script":"<script> [776 bytes]","args":[{"enterText":"Intercompany Equipment WDIO","selector":{"id":"application-manageresources-display-component---newResourceUnit--SHORT_TEXT","interaction":{"idSuffix":"inner"}},"clearTextFirst":true,"interactionType":"ENTER_TEXT"}]}
RESULT: {"script":"<script> [776 bytes]","args":[{"enterText":"Intercompany Equipment WDIO","selector":{"id":"application-manageresources-display-component---newResourceUnit--SHORT_TEXT","interaction":{"idSuffix":"inner"}},"clearTextFirst":true,"interactionType":"ENTER_TEXT"}]}
COMMAND: POST /session/3c439525579c2e0b8ad9b556d9b6e42d/execute/async - {"script":"<script> [1562 bytes]","args":[{"selector":{"id":"application-manageresources-display-component---newResourceUnit--BASE_UNIT_OF_MEASURE","interaction":{"idSuffix":"inner"}},"wdio_ui5_key":"applicationmanageresources-display-component---newResourceUnit--BASE_UNIT_OF_MEASURE"}]}
RESULT: {"script":"<script> [1562 bytes]","args":[{"selector":{"id":"application-manageresources-display-component---newResourceUnit--BASE_UNIT_OF_MEASURE","interaction":{"idSuffix":"inner"}},"wdio_ui5_key":"applicationmanageresources-display-component---newResourceUnit--BASE_UNIT_OF_MEASURE"}]}
RESULT: undefined
COMMAND: POST /session/3c439525579c2e0b8ad9b556d9b6e42d/execute/async - {"script":"<script> [776 bytes]","args":[{"enterText":"Piece","selector":{"id":"application-manageresources-display-component---newResourceUnit--BASE_UNIT_OF_MEASURE","interaction":{"idSuffix":"inner"}},"clearTextFirst":true,"interactionType":"ENTER_TEXT"}]}
RESULT: {"script":"<script> [776 bytes]","args":[{"enterText":"Piece","selector":{"id":"application-manageresources-display-component---newResourceUnit--BASE_UNIT_OF_MEASURE","interaction":{"idSuffix":"inner"}},"clearTextFirst":true,"interactionType":"ENTER_TEXT"}]}
COMMAND: POST /session/3c439525579c2e0b8ad9b556d9b6e42d/execute/async - {"script":"<script> [1562 bytes]","args":[{"selector":{"id":"application-manageresources-display-component---newResourceUnit--WEIGHT_UNIT","interaction":{"idSuffix":"inner"}},"wdio_ui5_key":"applicationmanageresources-display-component---newResourceUnit--WEIGHT_UNIT"}]}
RESULT: {"script":"<script> [1562 bytes]","args":[{"selector":{"id":"application-manageresources-display-component---newResourceUnit--WEIGHT_UNIT","interaction":{"idSuffix":"inner"}},"wdio_ui5_key":"applicationmanageresources-display-component---newResourceUnit--WEIGHT_UNIT"}]}
RESULT: undefined
COMMAND: POST /session/3c439525579c2e0b8ad9b556d9b6e42d/execute/async - {"script":"<script> [776 bytes]","args":[{"enterText":"Gram","selector":{"id":"application-manageresources-display-component---newResourceUnit--WEIGHT_UNIT","interaction":{"idSuffix":"inner"}},"clearTextFirst":true,"interactionType":"ENTER_TEXT"}]}
RESULT: {"script":"<script> [776 bytes]","args":[{"enterText":"Gram","selector":{"id":"application-manageresources-display-component---newResourceUnit--WEIGHT_UNIT","interaction":{"idSuffix":"inner"}},"clearTextFirst":true,"interactionType":"ENTER_TEXT"}]}
COMMAND: POST /session/3c439525579c2e0b8ad9b556d9b6e42d/execute/async - {"script":"<script> [1562 bytes]","args":[{"selector":{"id":"application-manageresources-display-component---newResourceUnit--DIMENSION_UNIT","interaction":{"idSuffix":"inner"}},"wdio_ui5_key":"applicationmanageresources-display-component---newResourceUnit--DIMENSION_UNIT"}]}
RESULT: {"script":"<script> [1562 bytes]","args":[{"selector":{"id":"application-manageresources-display-component---newResourceUnit--DIMENSION_UNIT","interaction":{"idSuffix":"inner"}},"wdio_ui5_key":"applicationmanageresources-display-component---newResourceUnit--DIMENSION_UNIT"}]}
RESULT: undefined
COMMAND: POST /session/3c439525579c2e0b8ad9b556d9b6e42d/execute/async - {"script":"<script> [776 bytes]","args":[{"enterText":"Meter","selector":{"id":"application-manageresources-display-component---newResourceUnit--DIMENSION_UNIT","interaction":{"idSuffix":"inner"}},"clearTextFirst":true,"interactionType":"ENTER_TEXT"}]}
RESULT: {"script":"<script> [776 bytes]","args":[{"enterText":"Meter","selector":{"id":"application-manageresources-display-component---newResourceUnit--DIMENSION_UNIT","interaction":{"idSuffix":"inner"}},"clearTextFirst":true,"interactionType":"ENTER_TEXT"}]}
COMMAND: POST /session/3c439525579c2e0b8ad9b556d9b6e42d/execute/async - {"script":"<script> [1562 bytes]","args":[{"selector":{"id":"application-manageresources-display-component---newResourceUnit--newRRUPage-anchBar-application-manageresources-display-component---newResourceUnit--control-anchor","interaction":{"idSuffix":"BDI-content"}},"wdio_ui5_key":"applicationmanageresources-display-component---newResourceUnit--newRRUPage-anchBar-application-manageresources-display-component---newResourceUnit--control-anchor"}]}
RESULT: {"script":"<script> [1562 bytes]","args":[{"selector":{"id":"application-manageresources-display-component---newResourceUnit--newRRUPage-anchBar-application-manageresources-display-component---newResourceUnit--control-anchor","interaction":{"idSuffix":"BDI-content"}},"wdio_ui5_key":"applicationmanageresources-display-component---newResourceUnit--newRRUPage-anchBar-application-manageresources-display-component---newResourceUnit--control-anchor"}]}
RESULT: undefined
COMMAND: POST /session/3c439525579c2e0b8ad9b556d9b6e42d/element - {"using":"xpath","value":"//*[@id=\"application-manageresources-display-component---newResourceUnit--newRRUPage-anchBar-application-manageresources-display-component---newResourceUnit--control-anchor\"]"}
RESULT: {"using":"xpath","value":"//*[@id=\"application-manageresources-display-component---newResourceUnit--newRRUPage-anchBar-application-manageresources-display-component---newResourceUnit--control-anchor\"]"}
COMMAND: POST /session/3c439525579c2e0b8ad9b556d9b6e42d/element/f.D9701E9044AEF593040EE735DD176420.d.803D37B0075CC47AB7B1D062962FD036.e.2494/click - {}
RESULT: {}
COMMAND: POST /session/3c439525579c2e0b8ad9b556d9b6e42d/execute/async - {"script":"<script> [1562 bytes]","args":[{"selector":{"id":"application-manageresources-display-component---newResourceUnit--PLANNING_GROUP","interaction":{"idSuffix":"inner"}},"wdio_ui5_key":"applicationmanageresources-display-component---newResourceUnit--PLANNING_GROUP"}]}
COMMAND: GET /session/3c439525579c2e0b8ad9b556d9b6e42d/screenshot - {}
RESULT: {"script":"<script> [1562 bytes]","args":[{"selector":{"id":"application-manageresources-display-component---newResourceUnit--PLANNING_GROUP","interaction":{"idSuffix":"inner"}},"wdio_ui5_key":"applicationmanageresources-display-component---newResourceUnit--PLANNING_GROUP"}]}
RESULT: undefined
COMMAND: POST /session/3c439525579c2e0b8ad9b556d9b6e42d/execute/async - {"script":"<script> [776 bytes]","args":[{"enterText":"Heavy Equi","selector":{"id":"application-manageresources-display-component---newResourceUnit--PLANNING_GROUP","interaction":{"idSuffix":"inner"}},"clearTextFirst":true,"interactionType":"ENTER_TEXT"}]}
RESULT: {}
RESULT: {"script":"<script> [776 bytes]","args":[{"enterText":"Heavy Equi","selector":{"id":"application-manageresources-display-component---newResourceUnit--PLANNING_GROUP","interaction":{"idSuffix":"inner"}},"clearTextFirst":true,"interactionType":"ENTER_TEXT"}]}
COMMAND: POST /session/3c439525579c2e0b8ad9b556d9b6e42d/execute/async - {"script":"<script> [1562 bytes]","args":[{"selector":{"id":"application-manageresources-display-component---newResourceUnit--ITEM_TYPE-arrow"},"wdio_ui5_key":"applicationmanageresources-display-component---newResourceUnit--ITEM_TYPE-arrow"}]}
RESULT: {"script":"<script> [1562 bytes]","args":[{"selector":{"id":"application-manageresources-display-component---newResourceUnit--ITEM_TYPE-arrow"},"wdio_ui5_key":"applicationmanageresources-display-component---newResourceUnit--ITEM_TYPE-arrow"}]}
RESULT: undefined
COMMAND: POST /session/3c439525579c2e0b8ad9b556d9b6e42d/element - {"using":"xpath","value":"//*[@id=\"application-manageresources-display-component---newResourceUnit--ITEM_TYPE-arrow\"]"}
RESULT: {"using":"xpath","value":"//*[@id=\"application-manageresources-display-component---newResourceUnit--ITEM_TYPE-arrow\"]"}
COMMAND: POST /session/3c439525579c2e0b8ad9b556d9b6e42d/element/f.D9701E9044AEF593040EE735DD176420.d.803D37B0075CC47AB7B1D062962FD036.e.2501/click - {}
RESULT: {}
COMMAND: POST /session/3c439525579c2e0b8ad9b556d9b6e42d/element - {"using":"xpath","value":"(//span[contains(text(), \"Resource Unit\")])[2]"}
COMMAND: GET /session/3c439525579c2e0b8ad9b556d9b6e42d/screenshot - {}
RESULT: {"using":"xpath","value":"(//span[contains(text(), \"Resource Unit\")])[2]"}
COMMAND: POST /session/3c439525579c2e0b8ad9b556d9b6e42d/element/f.D9701E9044AEF593040EE735DD176420.d.803D37B0075CC47AB7B1D062962FD036.e.2502/click - {}
RESULT: {}
RESULT: {}
COMMAND: GET /session/3c439525579c2e0b8ad9b556d9b6e42d/screenshot - {}
RESULT: {}
COMMAND: POST /session/3c439525579c2e0b8ad9b556d9b6e42d/element - {"using":"css selector","value":"#application-manageresources-display-component---newResourceUnit--btnAddTimeSegment"}
RESULT: {"using":"css selector","value":"#application-manageresources-display-component---newResourceUnit--btnAddTimeSegment"}
COMMAND: GET /session/3c439525579c2e0b8ad9b556d9b6e42d/element/f.D9701E9044AEF593040EE735DD176420.d.803D37B0075CC47AB7B1D062962FD036.e.2503/rect - {}
RESULT: {}
COMMAND: GET /session/3c439525579c2e0b8ad9b556d9b6e42d/window/rect - {}
RESULT: {}
COMMAND: POST /session/3c439525579c2e0b8ad9b556d9b6e42d/execute/sync - {"script":"<script> [92 bytes]","args":[]}
RESULT: {"script":"<script> [92 bytes]","args":[]}
COMMAND: POST /session/3c439525579c2e0b8ad9b556d9b6e42d/actions - {"actions":[{"id":"action12","type":"wheel","parameters":{},"actions":[{"type":"scroll","x":-1888,"y":-32,"deltaX":0,"deltaY":0,"duration":0,"origin":{"element-6066-11e4-a52e-4f735466cecf":"f.D9701E9044AEF593040EE735DD176420.d.803D37B0075CC47AB7B1D062962FD036.e.2503"}}]}]}
COMMAND: GET /session/3c439525579c2e0b8ad9b556d9b6e42d/screenshot - {}
RESULT: {}
COMMAND: POST /session/3c439525579c2e0b8ad9b556d9b6e42d/execute/sync - {"script":"<script> [79 bytes]","args":[{"element-6066-11e4-a52e-4f735466cecf":"f.D9701E9044AEF593040EE735DD176420.d.803D37B0075CC47AB7B1D062962FD036.e.2503","ELEMENT":"f.D9701E9044AEF593040EE735DD176420.d.803D37B0075CC47AB7B1D062962FD036.e.2503"},{"block":"start","inline":"nearest"}]}
RESULT: {"script":"<script> [79 bytes]","args":[{"element-6066-11e4-a52e-4f735466cecf":"f.D9701E9044AEF593040EE735DD176420.d.803D37B0075CC47AB7B1D062962FD036.e.2503","ELEMENT":"f.D9701E9044AEF593040EE735DD176420.d.803D37B0075CC47AB7B1D062962FD036.e.2503"},{"block":"start","inline":"nearest"}]}
COMMAND: POST /session/3c439525579c2e0b8ad9b556d9b6e42d/execute/async - {"script":"<script> [1562 bytes]","args":[{"selector":{"id":"application-manageresources-display-component---newResourceUnit--btnAddTimeSegment","interaction":{"idSuffix":"inner"}},"wdio_ui5_key":"applicationmanageresources-display-component---newResourceUnit--btnAddTimeSegment"}]}
COMMAND: GET /session/3c439525579c2e0b8ad9b556d9b6e42d/screenshot - {}
RESULT: {"script":"<script> [1562 bytes]","args":[{"selector":{"id":"application-manageresources-display-component---newResourceUnit--btnAddTimeSegment","interaction":{"idSuffix":"inner"}},"wdio_ui5_key":"applicationmanageresources-display-component---newResourceUnit--btnAddTimeSegment"}]}
RESULT: undefined
COMMAND: POST /session/3c439525579c2e0b8ad9b556d9b6e42d/element - {"using":"xpath","value":"//*[@id=\"application-manageresources-display-component---newResourceUnit--btnAddTimeSegment\"]"}
RESULT: {}
RESULT: {"using":"xpath","value":"//*[@id=\"application-manageresources-display-component---newResourceUnit--btnAddTimeSegment\"]"}
COMMAND: POST /session/3c439525579c2e0b8ad9b556d9b6e42d/element/f.D9701E9044AEF593040EE735DD176420.d.803D37B0075CC47AB7B1D062962FD036.e.2503/click - {}
RESULT: {}
COMMAND: GET /session/3c439525579c2e0b8ad9b556d9b6e42d/screenshot - {}
RESULT: {}
COMMAND: POST /session/3c439525579c2e0b8ad9b556d9b6e42d/element - {"using":"xpath","value":"//input[@id=\"application-manageresources-display-component---newResourceUnit--idRuTSAdmin-application-manageresources-display-component---newResourceUnit--RUTimeSegment-0-inner\"]"}
RESULT: {"using":"xpath","value":"//input[@id=\"application-manageresources-display-component---newResourceUnit--idRuTSAdmin-application-manageresources-display-component---newResourceUnit--RUTimeSegment-0-inner\"]"}
COMMAND: POST /session/3c439525579c2e0b8ad9b556d9b6e42d/element/f.D9701E9044AEF593040EE735DD176420.d.803D37B0075CC47AB7B1D062962FD036.e.2509/clear - {}
RESULT: {}
COMMAND: POST /session/3c439525579c2e0b8ad9b556d9b6e42d/element/f.D9701E9044AEF593040EE735DD176420.d.803D37B0075CC47AB7B1D062962FD036.e.2509/value - {"text":"109"}
COMMAND: GET /session/3c439525579c2e0b8ad9b556d9b6e42d/screenshot - {}
RESULT: {"text":"109"}
COMMAND: GET /session/3c439525579c2e0b8ad9b556d9b6e42d/screenshot - {}
RESULT: {}
RESULT: {}
COMMAND: POST /session/3c439525579c2e0b8ad9b556d9b6e42d/element - {"using":"xpath","value":"//li[.//span[text()='109']]"}
RESULT: {"using":"xpath","value":"//li[.//span[text()='109']]"}
COMMAND: POST /session/3c439525579c2e0b8ad9b556d9b6e42d/element/f.D9701E9044AEF593040EE735DD176420.d.803D37B0075CC47AB7B1D062962FD036.e.2521/click - {}
RESULT: {}
COMMAND: GET /session/3c439525579c2e0b8ad9b556d9b6e42d/screenshot - {}
RESULT: {}
COMMAND: POST /session/3c439525579c2e0b8ad9b556d9b6e42d/element - {"using":"xpath","value":"(//span[contains(@id, \"-application-manageresources-display-component---newResourceUnit--RUTimeSegment-0-arrow\")])[6]"}
RESULT: {"using":"xpath","value":"(//span[contains(@id, \"-application-manageresources-display-component---newResourceUnit--RUTimeSegment-0-arrow\")])[6]"}
COMMAND: POST /session/3c439525579c2e0b8ad9b556d9b6e42d/element/f.D9701E9044AEF593040EE735DD176420.d.803D37B0075CC47AB7B1D062962FD036.e.2522/click - {}
RESULT: {}
COMMAND: GET /session/3c439525579c2e0b8ad9b556d9b6e42d/screenshot - {}
RESULT: {}
COMMAND: POST /session/3c439525579c2e0b8ad9b556d9b6e42d/element - {"using":"xpath","value":"//span[contains(text(), \"PM Order\")]"}
RESULT: {"using":"xpath","value":"//span[contains(text(), \"PM Order\")]"}
COMMAND: POST /session/3c439525579c2e0b8ad9b556d9b6e42d/element/f.D9701E9044AEF593040EE735DD176420.d.803D37B0075CC47AB7B1D062962FD036.e.2525/click - {}
RESULT: {}
COMMAND: GET /session/3c439525579c2e0b8ad9b556d9b6e42d/screenshot - {}
RESULT: {}
COMMAND: POST /session/3c439525579c2e0b8ad9b556d9b6e42d/element - {"using":"xpath","value":"(//span[contains(@id ,\"manageresources-display-component---newResourceUnit--RUTimeSegment-0-vhi\")])[1]"}
RESULT: {"using":"xpath","value":"(//span[contains(@id ,\"manageresources-display-component---newResourceUnit--RUTimeSegment-0-vhi\")])[1]"}
COMMAND: GET /session/3c439525579c2e0b8ad9b556d9b6e42d/element/f.D9701E9044AEF593040EE735DD176420.d.803D37B0075CC47AB7B1D062962FD036.e.2529/rect - {}
RESULT: {}
COMMAND: GET /session/3c439525579c2e0b8ad9b556d9b6e42d/window/rect - {}
RESULT: {}
COMMAND: POST /session/3c439525579c2e0b8ad9b556d9b6e42d/execute/sync - {"script":"<script> [92 bytes]","args":[]}
RESULT: {"script":"<script> [92 bytes]","args":[]}
COMMAND: POST /session/3c439525579c2e0b8ad9b556d9b6e42d/actions - {"actions":[{"id":"action13","type":"wheel","parameters":{},"actions":[{"type":"scroll","x":-869,"y":-24,"deltaX":0,"deltaY":0,"duration":0,"origin":{"element-6066-11e4-a52e-4f735466cecf":"f.D9701E9044AEF593040EE735DD176420.d.803D37B0075CC47AB7B1D062962FD036.e.2529"}}]}]}
COMMAND: GET /session/3c439525579c2e0b8ad9b556d9b6e42d/screenshot - {}
RESULT: {"actions":[{"id":"action13","type":"wheel","parameters":{},"actions":[{"type":"scroll","x":-869,"y":-24,"deltaX":0,"deltaY":0,"duration":0,"origin":{"element-6066-11e4-a52e-4f735466cecf":"f.D9701E9044AEF593040EE735DD176420.d.803D37B0075CC47AB7B1D062962FD036.e.2529"}}]}]}
COMMAND: DELETE /session/3c439525579c2e0b8ad9b556d9b6e42d/actions - {}
COMMAND: GET /session/3c439525579c2e0b8ad9b556d9b6e42d/screenshot - {}
RESULT: {}
RESULT: {}
COMMAND: GET /session/3c439525579c2e0b8ad9b556d9b6e42d/screenshot - {}
RESULT: {}
RESULT: {}
COMMAND: POST /session/3c439525579c2e0b8ad9b556d9b6e42d/element/f.D9701E9044AEF593040EE735DD176420.d.803D37B0075CC47AB7B1D062962FD036.e.2529/click - {}
RESULT: {}
COMMAND: GET /session/3c439525579c2e0b8ad9b556d9b6e42d/screenshot - {}
RESULT: {}
COMMAND: POST /session/3c439525579c2e0b8ad9b556d9b6e42d/execute/async - {"script":"<script> [1562 bytes]","args":[{"selector":{"controlType":"sap.m.SearchField","properties":{"placeholder":"Search"},"searchOpenDialogs":true,"interaction":{"idSuffix":"I"}},"wdio_ui5_key":"sapm.SearchField{\"placeholder\":\"Search\"}"}]}
RESULT: {"script":"<script> [1562 bytes]","args":[{"selector":{"controlType":"sap.m.SearchField","properties":{"placeholder":"Search"},"searchOpenDialogs":true,"interaction":{"idSuffix":"I"}},"wdio_ui5_key":"sapm.SearchField{\"placeholder\":\"Search\"}"}]}
RESULT: undefined
COMMAND: POST /session/3c439525579c2e0b8ad9b556d9b6e42d/execute/async - {"script":"<script> [776 bytes]","args":[{"enterText":"4000360","selector":{"controlType":"sap.m.SearchField","properties":{"placeholder":"Search"},"searchOpenDialogs":true,"interaction":{"idSuffix":"I"}},"clearTextFirst":true,"interactionType":"ENTER_TEXT"}]}
RESULT: {"script":"<script> [776 bytes]","args":[{"enterText":"4000360","selector":{"controlType":"sap.m.SearchField","properties":{"placeholder":"Search"},"searchOpenDialogs":true,"interaction":{"idSuffix":"I"}},"clearTextFirst":true,"interactionType":"ENTER_TEXT"}]}
COMMAND: POST /session/3c439525579c2e0b8ad9b556d9b6e42d/actions - {"actions":[{"id":"action14","type":"key","parameters":{},"actions":[{"type":"keyDown","value":"î€‡"},{"type":"pause","duration":10},{"type":"keyUp","value":"î€‡"}]}]}
RESULT: {"actions":[{"id":"action14","type":"key","parameters":{},"actions":[{"type":"keyDown","value":"î€‡"},{"type":"pause","duration":10},{"type":"keyUp","value":"î€‡"}]}]}
COMMAND: GET /session/3c439525579c2e0b8ad9b556d9b6e42d/screenshot - {}
RESULT: {}
COMMAND: POST /session/3c439525579c2e0b8ad9b556d9b6e42d/element - {"using":"xpath","value":"//td/div/span[contains(text(), \"BGL Vehicles\")]"}
RESULT: {"using":"xpath","value":"//td/div/span[contains(text(), \"BGL Vehicles\")]"}
COMMAND: POST /session/3c439525579c2e0b8ad9b556d9b6e42d/element/f.D9701E9044AEF593040EE735DD176420.d.803D37B0075CC47AB7B1D062962FD036.e.2549/click - {}
RESULT: {}
COMMAND: GET /session/3c439525579c2e0b8ad9b556d9b6e42d/screenshot - {}
RESULT: {}
COMMAND: POST /session/3c439525579c2e0b8ad9b556d9b6e42d/element - {"using":"xpath","value":"//bdi[contains(text(), \"OK\")]"}
RESULT: {"using":"xpath","value":"//bdi[contains(text(), \"OK\")]"}
COMMAND: POST /session/3c439525579c2e0b8ad9b556d9b6e42d/element/f.D9701E9044AEF593040EE735DD176420.d.803D37B0075CC47AB7B1D062962FD036.e.2550/click - {}
RESULT: {}
COMMAND: GET /session/3c439525579c2e0b8ad9b556d9b6e42d/screenshot - {}
RESULT: {}
COMMAND: POST /session/3c439525579c2e0b8ad9b556d9b6e42d/execute/async - {"script":"<script> [1562 bytes]","args":[{"selector":{"id":"application-manageresources-display-component---newResourceUnit--newRRUPage-anchBar-application-manageresources-display-component---newResourceUnit--resource-anchor","interaction":{"idSuffix":"BDI-content"}},"wdio_ui5_key":"applicationmanageresources-display-component---newResourceUnit--newRRUPage-anchBar-application-manageresources-display-component---newResourceUnit--resource-anchor"}]}
RESULT: {"script":"<script> [1562 bytes]","args":[{"selector":{"id":"application-manageresources-display-component---newResourceUnit--newRRUPage-anchBar-application-manageresources-display-component---newResourceUnit--resource-anchor","interaction":{"idSuffix":"BDI-content"}},"wdio_ui5_key":"applicationmanageresources-display-component---newResourceUnit--newRRUPage-anchBar-application-manageresources-display-component---newResourceUnit--resource-anchor"}]}
RESULT: undefined
COMMAND: POST /session/3c439525579c2e0b8ad9b556d9b6e42d/element - {"using":"xpath","value":"//*[@id=\"application-manageresources-display-component---newResourceUnit--newRRUPage-anchBar-application-manageresources-display-component---newResourceUnit--resource-anchor\"]"}
RESULT: {"using":"xpath","value":"//*[@id=\"application-manageresources-display-component---newResourceUnit--newRRUPage-anchBar-application-manageresources-display-component---newResourceUnit--resource-anchor\"]"}
COMMAND: POST /session/3c439525579c2e0b8ad9b556d9b6e42d/element/f.D9701E9044AEF593040EE735DD176420.d.803D37B0075CC47AB7B1D062962FD036.e.2554/click - {}
RESULT: {}
COMMAND: POST /session/3c439525579c2e0b8ad9b556d9b6e42d/execute/async - {"script":"<script> [1562 bytes]","args":[{"selector":{"id":"application-manageresources-display-component---newResourceUnit--PLANNED_DELIVERY_DATE","interaction":{"idSuffix":"inner"}},"wdio_ui5_key":"applicationmanageresources-display-component---newResourceUnit--PLANNED_DELIVERY_DATE"}]}
COMMAND: GET /session/3c439525579c2e0b8ad9b556d9b6e42d/screenshot - {}
RESULT: {"script":"<script> [1562 bytes]","args":[{"selector":{"id":"application-manageresources-display-component---newResourceUnit--PLANNED_DELIVERY_DATE","interaction":{"idSuffix":"inner"}},"wdio_ui5_key":"applicationmanageresources-display-component---newResourceUnit--PLANNED_DELIVERY_DATE"}]}
RESULT: undefined
COMMAND: POST /session/3c439525579c2e0b8ad9b556d9b6e42d/execute/async - {"script":"<script> [6424 bytes]","args":[{"element-6066-11e4-a52e-4f735466cecf":"f.D9701E9044AEF593040EE735DD176420.d.803D37B0075CC47AB7B1D062962FD036.e.2419"},"setValue",["5/15/25"]]}
RESULT: {}
RESULT: {"script":"<script> [6424 bytes]","args":[{"element-6066-11e4-a52e-4f735466cecf":"f.D9701E9044AEF593040EE735DD176420.d.803D37B0075CC47AB7B1D062962FD036.e.2419"},"setValue",["5/15/25"]]}
COMMAND: POST /session/3c439525579c2e0b8ad9b556d9b6e42d/element - {"using":"xpath","value":"//label[contains(@class, 'sapMLabelRequired') and .//bdi[contains(text(), 'Planned Retirement')]]"}
RESULT: {"using":"xpath","value":"//label[contains(@class, 'sapMLabelRequired') and .//bdi[contains(text(), 'Planned Retirement')]]"}
COMMAND: POST /session/3c439525579c2e0b8ad9b556d9b6e42d/elements - {"using":"xpath","value":"//label[contains(@class, 'sapMLabelRequired') and .//bdi[contains(text(), 'Planned Retirement')]]"}
RESULT: {"using":"xpath","value":"//label[contains(@class, 'sapMLabelRequired') and .//bdi[contains(text(), 'Planned Retirement')]]"}
COMMAND: POST /session/3c439525579c2e0b8ad9b556d9b6e42d/element - {"using":"xpath","value":"//button[@data-kt=\"resourceUnitSaveButton\"]"}
RESULT: {"using":"xpath","value":"//button[@data-kt=\"resourceUnitSaveButton\"]"}
COMMAND: POST /session/3c439525579c2e0b8ad9b556d9b6e42d/element/f.D9701E9044AEF593040EE735DD176420.d.803D37B0075CC47AB7B1D062962FD036.e.2380/click - {}
RESULT: {}
COMMAND: GET /session/3c439525579c2e0b8ad9b556d9b6e42d/screenshot - {}
RESULT: {}
COMMAND: POST /session/3c439525579c2e0b8ad9b556d9b6e42d/element - {"using":"xpath","value":"//bdi[contains(text(), \"Close\")]"}
RESULT: {"using":"xpath","value":"//bdi[contains(text(), \"Close\")]"}
COMMAND: POST /session/3c439525579c2e0b8ad9b556d9b6e42d/element/f.D9701E9044AEF593040EE735DD176420.d.803D37B0075CC47AB7B1D062962FD036.e.2564/click - {}
RESULT: {}
COMMAND: GET /session/3c439525579c2e0b8ad9b556d9b6e42d/screenshot - {}
RESULT: {}
COMMAND: POST /session/3c439525579c2e0b8ad9b556d9b6e42d/element - {"using":"xpath","value":"(//button[contains(@id ,\"actionsToolbar-overflowButton\")])[1]"}
RESULT: {"using":"xpath","value":"(//button[contains(@id ,\"actionsToolbar-overflowButton\")])[1]"}
COMMAND: POST /session/3c439525579c2e0b8ad9b556d9b6e42d/element/f.D9701E9044AEF593040EE735DD176420.d.803D37B0075CC47AB7B1D062962FD036.e.2617/click - {}
RESULT: {}
COMMAND: GET /session/3c439525579c2e0b8ad9b556d9b6e42d/screenshot - {}
RESULT: {}
COMMAND: POST /session/3c439525579c2e0b8ad9b556d9b6e42d/element - {"using":"xpath","value":"//button[@data-kt=\"priceInfoButton\"]"}
RESULT: {"using":"xpath","value":"//button[@data-kt=\"priceInfoButton\"]"}
COMMAND: POST /session/3c439525579c2e0b8ad9b556d9b6e42d/element/f.D9701E9044AEF593040EE735DD176420.d.803D37B0075CC47AB7B1D062962FD036.e.2619/click - {}
RESULT: {}
COMMAND: GET /session/3c439525579c2e0b8ad9b556d9b6e42d/screenshot - {}
RESULT: {}
COMMAND: POST /session/3c439525579c2e0b8ad9b556d9b6e42d/element - {"using":"css selector","value":"#shell-header-logo"}
RESULT: {"using":"css selector","value":"#shell-header-logo"}
COMMAND: POST /session/3c439525579c2e0b8ad9b556d9b6e42d/element/f.D9701E9044AEF593040EE735DD176420.d.803D37B0075CC47AB7B1D062962FD036.e.1971/click - {}
RESULT: {}
COMMAND: GET /session/3c439525579c2e0b8ad9b556d9b6e42d/screenshot - {}
RESULT: {}
]]></system-out>
    </testcase>
    <testcase classname="chrome.136_0_7103_93.windows.RU_Inventory_Mass_State_Change_Multiple_Items_US151066" name="Prerequisite Step 2 Should create a new material" time="110.167">
      <system-out><![CDATA[
RESULT: undefined
COMMAND: POST /session/3c439525579c2e0b8ad9b556d9b6e42d/element - {"using":"xpath","value":"//*[@id=\"__tile39\"]"}
RESULT: {"using":"xpath","value":"//*[@id=\"__tile39\"]"}
COMMAND: POST /session/3c439525579c2e0b8ad9b556d9b6e42d/element/f.D9701E9044AEF593040EE735DD176420.d.803D37B0075CC47AB7B1D062962FD036.e.154/click - {}
RESULT: {}
COMMAND: GET /session/3c439525579c2e0b8ad9b556d9b6e42d/screenshot - {}
COMMAND: POST /session/3c439525579c2e0b8ad9b556d9b6e42d/elements - {"using":"xpath","value":"//span[text()='Error']"}
RESULT: {}
RESULT: {"using":"xpath","value":"//span[text()='Error']"}
COMMAND: POST /session/3c439525579c2e0b8ad9b556d9b6e42d/element - {"using":"xpath","value":"//button[@data-kt=\"addNewRUOverflowToolbarButton\"]"}
RESULT: {"using":"xpath","value":"//button[@data-kt=\"addNewRUOverflowToolbarButton\"]"}
COMMAND: POST /session/3c439525579c2e0b8ad9b556d9b6e42d/elements - {"using":"xpath","value":"//button[@data-kt=\"addNewRUOverflowToolbarButton\"]"}
RESULT: {"using":"xpath","value":"//button[@data-kt=\"addNewRUOverflowToolbarButton\"]"}
COMMAND: POST /session/3c439525579c2e0b8ad9b556d9b6e42d/elements - {"using":"xpath","value":"//button[@data-kt=\"addNewRUOverflowToolbarButton\"]"}
RESULT: {"using":"xpath","value":"//button[@data-kt=\"addNewRUOverflowToolbarButton\"]"}
COMMAND: POST /session/3c439525579c2e0b8ad9b556d9b6e42d/elements - {"using":"xpath","value":"//button[@data-kt=\"addNewRUOverflowToolbarButton\"]"}
RESULT: {"using":"xpath","value":"//button[@data-kt=\"addNewRUOverflowToolbarButton\"]"}
COMMAND: POST /session/3c439525579c2e0b8ad9b556d9b6e42d/elements - {"using":"xpath","value":"//button[@data-kt=\"addNewRUOverflowToolbarButton\"]"}
RESULT: {"using":"xpath","value":"//button[@data-kt=\"addNewRUOverflowToolbarButton\"]"}
COMMAND: POST /session/3c439525579c2e0b8ad9b556d9b6e42d/element - {"using":"xpath","value":"//button[@data-kt=\"addNewRUOverflowToolbarButton\"]"}
RESULT: {"using":"xpath","value":"//button[@data-kt=\"addNewRUOverflowToolbarButton\"]"}
COMMAND: POST /session/3c439525579c2e0b8ad9b556d9b6e42d/execute/sync - {"script":"<script> [8489 bytes]","args":[{"element-6066-11e4-a52e-4f735466cecf":"f.D9701E9044AEF593040EE735DD176420.d.803D37B0075CC47AB7B1D062962FD036.e.2662","ELEMENT":"f.D9701E9044AEF593040EE735DD176420.d.803D37B0075CC47AB7B1D062962FD036.e.2662"}]}
RESULT: {"script":"<script> [8489 bytes]","args":[{"element-6066-11e4-a52e-4f735466cecf":"f.D9701E9044AEF593040EE735DD176420.d.803D37B0075CC47AB7B1D062962FD036.e.2662","ELEMENT":"f.D9701E9044AEF593040EE735DD176420.d.803D37B0075CC47AB7B1D062962FD036.e.2662"}]}
COMMAND: GET /session/3c439525579c2e0b8ad9b556d9b6e42d/element/f.D9701E9044AEF593040EE735DD176420.d.803D37B0075CC47AB7B1D062962FD036.e.2662/enabled - {}
COMMAND: GET /session/3c439525579c2e0b8ad9b556d9b6e42d/screenshot - {}
RESULT: {}
COMMAND: POST /session/3c439525579c2e0b8ad9b556d9b6e42d/execute/sync - {"script":"<script> [8489 bytes]","args":[{"element-6066-11e4-a52e-4f735466cecf":"f.D9701E9044AEF593040EE735DD176420.d.803D37B0075CC47AB7B1D062962FD036.e.2662","ELEMENT":"f.D9701E9044AEF593040EE735DD176420.d.803D37B0075CC47AB7B1D062962FD036.e.2662"}]}
COMMAND: GET /session/3c439525579c2e0b8ad9b556d9b6e42d/screenshot - {}
RESULT: {}
RESULT: {"script":"<script> [8489 bytes]","args":[{"element-6066-11e4-a52e-4f735466cecf":"f.D9701E9044AEF593040EE735DD176420.d.803D37B0075CC47AB7B1D062962FD036.e.2662","ELEMENT":"f.D9701E9044AEF593040EE735DD176420.d.803D37B0075CC47AB7B1D062962FD036.e.2662"}]}
COMMAND: POST /session/3c439525579c2e0b8ad9b556d9b6e42d/execute/sync - {"script":"<script> [5351 bytes]","args":[{"element-6066-11e4-a52e-4f735466cecf":"f.D9701E9044AEF593040EE735DD176420.d.803D37B0075CC47AB7B1D062962FD036.e.2662","ELEMENT":"f.D9701E9044AEF593040EE735DD176420.d.803D37B0075CC47AB7B1D062962FD036.e.2662"}]}
COMMAND: GET /session/3c439525579c2e0b8ad9b556d9b6e42d/screenshot - {}
RESULT: {}
RESULT: {"script":"<script> [5351 bytes]","args":[{"element-6066-11e4-a52e-4f735466cecf":"f.D9701E9044AEF593040EE735DD176420.d.803D37B0075CC47AB7B1D062962FD036.e.2662","ELEMENT":"f.D9701E9044AEF593040EE735DD176420.d.803D37B0075CC47AB7B1D062962FD036.e.2662"}]}
COMMAND: POST /session/3c439525579c2e0b8ad9b556d9b6e42d/element/f.D9701E9044AEF593040EE735DD176420.d.803D37B0075CC47AB7B1D062962FD036.e.2662/click - {}
COMMAND: GET /session/3c439525579c2e0b8ad9b556d9b6e42d/screenshot - {}
RESULT: {}
RESULT: {}
COMMAND: GET /session/3c439525579c2e0b8ad9b556d9b6e42d/screenshot - {}
RESULT: {}
RESULT: {}
RESULT: undefined
COMMAND: POST /session/3c439525579c2e0b8ad9b556d9b6e42d/element - {"using":"xpath","value":"//*[@id=\"application-manageresources-display-component---newResourceUnit--TYPE-arrow\"]"}
RESULT: {"using":"xpath","value":"//*[@id=\"application-manageresources-display-component---newResourceUnit--TYPE-arrow\"]"}
COMMAND: POST /session/3c439525579c2e0b8ad9b556d9b6e42d/element/f.D9701E9044AEF593040EE735DD176420.d.803D37B0075CC47AB7B1D062962FD036.e.3015/click - {}
RESULT: {}
COMMAND: POST /session/3c439525579c2e0b8ad9b556d9b6e42d/element - {"using":"xpath","value":"//input[@id=\"application-manageresources-display-component---newResourceUnit--TYPE-inner\"]"}
COMMAND: GET /session/3c439525579c2e0b8ad9b556d9b6e42d/screenshot - {}
RESULT: {"using":"xpath","value":"//input[@id=\"application-manageresources-display-component---newResourceUnit--TYPE-inner\"]"}
COMMAND: POST /session/3c439525579c2e0b8ad9b556d9b6e42d/element/f.D9701E9044AEF593040EE735DD176420.d.803D37B0075CC47AB7B1D062962FD036.e.2999/clear - {}
RESULT: {}
RESULT: {}
COMMAND: POST /session/3c439525579c2e0b8ad9b556d9b6e42d/element/f.D9701E9044AEF593040EE735DD176420.d.803D37B0075CC47AB7B1D062962FD036.e.2999/value - {"text":"Material"}
COMMAND: GET /session/3c439525579c2e0b8ad9b556d9b6e42d/screenshot - {}
RESULT: {"text":"Material"}
COMMAND: GET /session/3c439525579c2e0b8ad9b556d9b6e42d/screenshot - {}
RESULT: {}
RESULT: {}
COMMAND: POST /session/3c439525579c2e0b8ad9b556d9b6e42d/actions - {"actions":[{"id":"action15","type":"key","parameters":{},"actions":[{"type":"keyDown","value":"î€‡"},{"type":"pause","duration":10},{"type":"keyUp","value":"î€‡"}]}]}
RESULT: {"actions":[{"id":"action15","type":"key","parameters":{},"actions":[{"type":"keyDown","value":"î€‡"},{"type":"pause","duration":10},{"type":"keyUp","value":"î€‡"}]}]}
RESULT: undefined
COMMAND: POST /session/3c439525579c2e0b8ad9b556d9b6e42d/execute/async - {"script":"<script> [776 bytes]","args":[{"enterText":"Cement WDIO","selector":{"id":"application-manageresources-display-component---newResourceUnit--SHORT_TEXT","interaction":{"idSuffix":"inner"}},"clearTextFirst":true,"interactionType":"ENTER_TEXT"}]}
COMMAND: GET /session/3c439525579c2e0b8ad9b556d9b6e42d/screenshot - {}
RESULT: {"script":"<script> [776 bytes]","args":[{"enterText":"Cement WDIO","selector":{"id":"application-manageresources-display-component---newResourceUnit--SHORT_TEXT","interaction":{"idSuffix":"inner"}},"clearTextFirst":true,"interactionType":"ENTER_TEXT"}]}
RESULT: undefined
COMMAND: POST /session/3c439525579c2e0b8ad9b556d9b6e42d/execute/async - {"script":"<script> [776 bytes]","args":[{"enterText":"Piece","selector":{"id":"application-manageresources-display-component---newResourceUnit--BASE_UNIT_OF_MEASURE","interaction":{"idSuffix":"inner"}},"clearTextFirst":true,"interactionType":"ENTER_TEXT"}]}
RESULT: {}
RESULT: {"script":"<script> [776 bytes]","args":[{"enterText":"Piece","selector":{"id":"application-manageresources-display-component---newResourceUnit--BASE_UNIT_OF_MEASURE","interaction":{"idSuffix":"inner"}},"clearTextFirst":true,"interactionType":"ENTER_TEXT"}]}
RESULT: undefined
COMMAND: POST /session/3c439525579c2e0b8ad9b556d9b6e42d/execute/async - {"script":"<script> [776 bytes]","args":[{"enterText":"Gram","selector":{"id":"application-manageresources-display-component---newResourceUnit--WEIGHT_UNIT","interaction":{"idSuffix":"inner"}},"clearTextFirst":true,"interactionType":"ENTER_TEXT"}]}
RESULT: {"script":"<script> [776 bytes]","args":[{"enterText":"Gram","selector":{"id":"application-manageresources-display-component---newResourceUnit--WEIGHT_UNIT","interaction":{"idSuffix":"inner"}},"clearTextFirst":true,"interactionType":"ENTER_TEXT"}]}
RESULT: undefined
COMMAND: POST /session/3c439525579c2e0b8ad9b556d9b6e42d/execute/async - {"script":"<script> [776 bytes]","args":[{"enterText":"Meter","selector":{"id":"application-manageresources-display-component---newResourceUnit--DIMENSION_UNIT","interaction":{"idSuffix":"inner"}},"clearTextFirst":true,"interactionType":"ENTER_TEXT"}]}
RESULT: {"script":"<script> [776 bytes]","args":[{"enterText":"Meter","selector":{"id":"application-manageresources-display-component---newResourceUnit--DIMENSION_UNIT","interaction":{"idSuffix":"inner"}},"clearTextFirst":true,"interactionType":"ENTER_TEXT"}]}
RESULT: undefined
COMMAND: POST /session/3c439525579c2e0b8ad9b556d9b6e42d/element - {"using":"xpath","value":"//*[@id=\"application-manageresources-display-component---newResourceUnit--newRRUPage-anchBar-application-manageresources-display-component---newResourceUnit--control-anchor\"]"}
RESULT: {"using":"xpath","value":"//*[@id=\"application-manageresources-display-component---newResourceUnit--newRRUPage-anchBar-application-manageresources-display-component---newResourceUnit--control-anchor\"]"}
COMMAND: POST /session/3c439525579c2e0b8ad9b556d9b6e42d/element/f.D9701E9044AEF593040EE735DD176420.d.803D37B0075CC47AB7B1D062962FD036.e.3076/click - {}
RESULT: {}
RESULT: undefined
COMMAND: POST /session/3c439525579c2e0b8ad9b556d9b6e42d/execute/async - {"script":"<script> [776 bytes]","args":[{"enterText":"Material","selector":{"id":"application-manageresources-display-component---newResourceUnit--PLANNING_GROUP","interaction":{"idSuffix":"inner"}},"clearTextFirst":true,"interactionType":"ENTER_TEXT"}]}
COMMAND: GET /session/3c439525579c2e0b8ad9b556d9b6e42d/screenshot - {}
RESULT: {"script":"<script> [776 bytes]","args":[{"enterText":"Material","selector":{"id":"application-manageresources-display-component---newResourceUnit--PLANNING_GROUP","interaction":{"idSuffix":"inner"}},"clearTextFirst":true,"interactionType":"ENTER_TEXT"}]}
RESULT: {}
COMMAND: POST /session/3c439525579c2e0b8ad9b556d9b6e42d/execute/async - {"script":"<script> [1562 bytes]","args":[{"selector":{"id":"application-manageresources-display-component---newResourceUnit--PLANNING_INDICATOR","interaction":{"idSuffix":"inner"}},"wdio_ui5_key":"applicationmanageresources-display-component---newResourceUnit--PLANNING_INDICATOR"}]}
RESULT: {"script":"<script> [1562 bytes]","args":[{"selector":{"id":"application-manageresources-display-component---newResourceUnit--PLANNING_INDICATOR","interaction":{"idSuffix":"inner"}},"wdio_ui5_key":"applicationmanageresources-display-component---newResourceUnit--PLANNING_INDICATOR"}]}
RESULT: undefined
COMMAND: POST /session/3c439525579c2e0b8ad9b556d9b6e42d/execute/async - {"script":"<script> [776 bytes]","args":[{"enterText":"10 - infinite","selector":{"id":"application-manageresources-display-component---newResourceUnit--PLANNING_INDICATOR","interaction":{"idSuffix":"inner"}},"clearTextFirst":true,"interactionType":"ENTER_TEXT"}]}
RESULT: {"script":"<script> [776 bytes]","args":[{"enterText":"10 - infinite","selector":{"id":"application-manageresources-display-component---newResourceUnit--PLANNING_INDICATOR","interaction":{"idSuffix":"inner"}},"clearTextFirst":true,"interactionType":"ENTER_TEXT"}]}
COMMAND: POST /session/3c439525579c2e0b8ad9b556d9b6e42d/element - {"using":"css selector","value":"#application-manageresources-display-component---newResourceUnit--btnAddTimeSegment"}
RESULT: {"using":"css selector","value":"#application-manageresources-display-component---newResourceUnit--btnAddTimeSegment"}
COMMAND: GET /session/3c439525579c2e0b8ad9b556d9b6e42d/element/f.D9701E9044AEF593040EE735DD176420.d.803D37B0075CC47AB7B1D062962FD036.e.3085/rect - {}
RESULT: {}
COMMAND: GET /session/3c439525579c2e0b8ad9b556d9b6e42d/window/rect - {}
RESULT: {}
COMMAND: POST /session/3c439525579c2e0b8ad9b556d9b6e42d/execute/sync - {"script":"<script> [92 bytes]","args":[]}
RESULT: {"script":"<script> [92 bytes]","args":[]}
COMMAND: POST /session/3c439525579c2e0b8ad9b556d9b6e42d/actions - {"actions":[{"id":"action16","type":"wheel","parameters":{},"actions":[{"type":"scroll","x":-1888,"y":-32,"deltaX":0,"deltaY":0,"duration":0,"origin":{"element-6066-11e4-a52e-4f735466cecf":"f.D9701E9044AEF593040EE735DD176420.d.803D37B0075CC47AB7B1D062962FD036.e.3085"}}]}]}
COMMAND: GET /session/3c439525579c2e0b8ad9b556d9b6e42d/screenshot - {}
RESULT: {}
COMMAND: POST /session/3c439525579c2e0b8ad9b556d9b6e42d/execute/sync - {"script":"<script> [79 bytes]","args":[{"element-6066-11e4-a52e-4f735466cecf":"f.D9701E9044AEF593040EE735DD176420.d.803D37B0075CC47AB7B1D062962FD036.e.3085","ELEMENT":"f.D9701E9044AEF593040EE735DD176420.d.803D37B0075CC47AB7B1D062962FD036.e.3085"},{"block":"start","inline":"nearest"}]}
RESULT: {"script":"<script> [79 bytes]","args":[{"element-6066-11e4-a52e-4f735466cecf":"f.D9701E9044AEF593040EE735DD176420.d.803D37B0075CC47AB7B1D062962FD036.e.3085","ELEMENT":"f.D9701E9044AEF593040EE735DD176420.d.803D37B0075CC47AB7B1D062962FD036.e.3085"},{"block":"start","inline":"nearest"}]}
RESULT: undefined
COMMAND: POST /session/3c439525579c2e0b8ad9b556d9b6e42d/element - {"using":"xpath","value":"//*[@id=\"application-manageresources-display-component---newResourceUnit--btnAddTimeSegment\"]"}
COMMAND: GET /session/3c439525579c2e0b8ad9b556d9b6e42d/screenshot - {}
RESULT: {"using":"xpath","value":"//*[@id=\"application-manageresources-display-component---newResourceUnit--btnAddTimeSegment\"]"}
COMMAND: POST /session/3c439525579c2e0b8ad9b556d9b6e42d/element/f.D9701E9044AEF593040EE735DD176420.d.803D37B0075CC47AB7B1D062962FD036.e.3085/click - {}
RESULT: {}
RESULT: {}
COMMAND: GET /session/3c439525579c2e0b8ad9b556d9b6e42d/screenshot - {}
RESULT: {}
COMMAND: POST /session/3c439525579c2e0b8ad9b556d9b6e42d/element - {"using":"xpath","value":"//input[@id=\"application-manageresources-display-component---newResourceUnit--idRuTSAdmin-application-manageresources-display-component---newResourceUnit--RUTimeSegment-0-inner\"]"}
RESULT: {"using":"xpath","value":"//input[@id=\"application-manageresources-display-component---newResourceUnit--idRuTSAdmin-application-manageresources-display-component---newResourceUnit--RUTimeSegment-0-inner\"]"}
COMMAND: POST /session/3c439525579c2e0b8ad9b556d9b6e42d/element/f.D9701E9044AEF593040EE735DD176420.d.803D37B0075CC47AB7B1D062962FD036.e.3089/clear - {}
RESULT: {}
COMMAND: POST /session/3c439525579c2e0b8ad9b556d9b6e42d/element/f.D9701E9044AEF593040EE735DD176420.d.803D37B0075CC47AB7B1D062962FD036.e.3089/value - {"text":"109"}
COMMAND: GET /session/3c439525579c2e0b8ad9b556d9b6e42d/screenshot - {}
RESULT: {"text":"109"}
COMMAND: GET /session/3c439525579c2e0b8ad9b556d9b6e42d/screenshot - {}
RESULT: {}
RESULT: {}
COMMAND: POST /session/3c439525579c2e0b8ad9b556d9b6e42d/element - {"using":"xpath","value":"//li[.//span[text()='109']]"}
RESULT: {"using":"xpath","value":"//li[.//span[text()='109']]"}
COMMAND: POST /session/3c439525579c2e0b8ad9b556d9b6e42d/element/f.D9701E9044AEF593040EE735DD176420.d.803D37B0075CC47AB7B1D062962FD036.e.3098/click - {}
RESULT: {}
COMMAND: GET /session/3c439525579c2e0b8ad9b556d9b6e42d/screenshot - {}
RESULT: {}
COMMAND: POST /session/3c439525579c2e0b8ad9b556d9b6e42d/element - {"using":"xpath","value":"(//span[contains(@id, \"-application-manageresources-display-component---newResourceUnit--RUTimeSegment-0-arrow\")])[2]"}
RESULT: {"using":"xpath","value":"(//span[contains(@id, \"-application-manageresources-display-component---newResourceUnit--RUTimeSegment-0-arrow\")])[2]"}
COMMAND: POST /session/3c439525579c2e0b8ad9b556d9b6e42d/element/f.D9701E9044AEF593040EE735DD176420.d.803D37B0075CC47AB7B1D062962FD036.e.3099/click - {}
RESULT: {}
COMMAND: POST /session/3c439525579c2e0b8ad9b556d9b6e42d/element - {"using":"xpath","value":"//span[contains(text(), \"PM Order\")]"}
COMMAND: GET /session/3c439525579c2e0b8ad9b556d9b6e42d/screenshot - {}
RESULT: {"using":"xpath","value":"//span[contains(text(), \"PM Order\")]"}
COMMAND: POST /session/3c439525579c2e0b8ad9b556d9b6e42d/element/f.D9701E9044AEF593040EE735DD176420.d.803D37B0075CC47AB7B1D062962FD036.e.3100/click - {}
RESULT: {}
RESULT: {}
COMMAND: GET /session/3c439525579c2e0b8ad9b556d9b6e42d/screenshot - {}
RESULT: {}
COMMAND: POST /session/3c439525579c2e0b8ad9b556d9b6e42d/element - {"using":"xpath","value":"//td/div/div/div/span[contains(@id, \"newResourceUnit--RUTimeSegment-0-vhi\")][1]"}
RESULT: {"using":"xpath","value":"//td/div/div/div/span[contains(@id, \"newResourceUnit--RUTimeSegment-0-vhi\")][1]"}
COMMAND: GET /session/3c439525579c2e0b8ad9b556d9b6e42d/element/f.D9701E9044AEF593040EE735DD176420.d.803D37B0075CC47AB7B1D062962FD036.e.3104/rect - {}
RESULT: {}
COMMAND: GET /session/3c439525579c2e0b8ad9b556d9b6e42d/window/rect - {}
RESULT: {}
COMMAND: POST /session/3c439525579c2e0b8ad9b556d9b6e42d/execute/sync - {"script":"<script> [92 bytes]","args":[]}
RESULT: {"script":"<script> [92 bytes]","args":[]}
COMMAND: POST /session/3c439525579c2e0b8ad9b556d9b6e42d/actions - {"actions":[{"id":"action17","type":"wheel","parameters":{},"actions":[{"type":"scroll","x":-1888,"y":-24,"deltaX":0,"deltaY":0,"duration":0,"origin":{"element-6066-11e4-a52e-4f735466cecf":"f.D9701E9044AEF593040EE735DD176420.d.803D37B0075CC47AB7B1D062962FD036.e.3104"}}]}]}
COMMAND: GET /session/3c439525579c2e0b8ad9b556d9b6e42d/screenshot - {}
RESULT: {}
COMMAND: POST /session/3c439525579c2e0b8ad9b556d9b6e42d/execute/sync - {"script":"<script> [79 bytes]","args":[{"element-6066-11e4-a52e-4f735466cecf":"f.D9701E9044AEF593040EE735DD176420.d.803D37B0075CC47AB7B1D062962FD036.e.3104","ELEMENT":"f.D9701E9044AEF593040EE735DD176420.d.803D37B0075CC47AB7B1D062962FD036.e.3104"},{"block":"start","inline":"nearest"}]}
RESULT: {"script":"<script> [79 bytes]","args":[{"element-6066-11e4-a52e-4f735466cecf":"f.D9701E9044AEF593040EE735DD176420.d.803D37B0075CC47AB7B1D062962FD036.e.3104","ELEMENT":"f.D9701E9044AEF593040EE735DD176420.d.803D37B0075CC47AB7B1D062962FD036.e.3104"},{"block":"start","inline":"nearest"}]}
COMMAND: GET /session/3c439525579c2e0b8ad9b556d9b6e42d/screenshot - {}
RESULT: {}
COMMAND: POST /session/3c439525579c2e0b8ad9b556d9b6e42d/element/f.D9701E9044AEF593040EE735DD176420.d.803D37B0075CC47AB7B1D062962FD036.e.3104/click - {}
RESULT: {}
COMMAND: GET /session/3c439525579c2e0b8ad9b556d9b6e42d/screenshot - {}
RESULT: {}
RESULT: undefined
COMMAND: POST /session/3c439525579c2e0b8ad9b556d9b6e42d/execute/async - {"script":"<script> [776 bytes]","args":[{"enterText":"4000360","selector":{"controlType":"sap.m.SearchField","properties":{"placeholder":"Search"},"searchOpenDialogs":true,"interaction":{"idSuffix":"I"}},"clearTextFirst":true,"interactionType":"ENTER_TEXT"}]}
RESULT: {"script":"<script> [776 bytes]","args":[{"enterText":"4000360","selector":{"controlType":"sap.m.SearchField","properties":{"placeholder":"Search"},"searchOpenDialogs":true,"interaction":{"idSuffix":"I"}},"clearTextFirst":true,"interactionType":"ENTER_TEXT"}]}
COMMAND: POST /session/3c439525579c2e0b8ad9b556d9b6e42d/actions - {"actions":[{"id":"action18","type":"key","parameters":{},"actions":[{"type":"keyDown","value":"î€‡"},{"type":"pause","duration":10},{"type":"keyUp","value":"î€‡"}]}]}
RESULT: {"actions":[{"id":"action18","type":"key","parameters":{},"actions":[{"type":"keyDown","value":"î€‡"},{"type":"pause","duration":10},{"type":"keyUp","value":"î€‡"}]}]}
COMMAND: GET /session/3c439525579c2e0b8ad9b556d9b6e42d/screenshot - {}
RESULT: {}
COMMAND: POST /session/3c439525579c2e0b8ad9b556d9b6e42d/element - {"using":"xpath","value":"//td/div/span[contains(text(), \"BGL Vehicles\")]"}
RESULT: {"using":"xpath","value":"//td/div/span[contains(text(), \"BGL Vehicles\")]"}
COMMAND: POST /session/3c439525579c2e0b8ad9b556d9b6e42d/element/f.D9701E9044AEF593040EE735DD176420.d.803D37B0075CC47AB7B1D062962FD036.e.3122/click - {}
RESULT: {}
COMMAND: GET /session/3c439525579c2e0b8ad9b556d9b6e42d/screenshot - {}
RESULT: {}
COMMAND: POST /session/3c439525579c2e0b8ad9b556d9b6e42d/element - {"using":"xpath","value":"//bdi[contains(text(), \"OK\")]"}
RESULT: {"using":"xpath","value":"//bdi[contains(text(), \"OK\")]"}
COMMAND: POST /session/3c439525579c2e0b8ad9b556d9b6e42d/element/f.D9701E9044AEF593040EE735DD176420.d.803D37B0075CC47AB7B1D062962FD036.e.3123/click - {}
RESULT: {}
COMMAND: GET /session/3c439525579c2e0b8ad9b556d9b6e42d/screenshot - {}
RESULT: {}
COMMAND: POST /session/3c439525579c2e0b8ad9b556d9b6e42d/element - {"using":"xpath","value":"//label[contains(@class, 'sapMLabelRequired') and .//bdi[contains(text(), 'Planned Retirement')]]"}
RESULT: {"using":"xpath","value":"//label[contains(@class, 'sapMLabelRequired') and .//bdi[contains(text(), 'Planned Retirement')]]"}
COMMAND: POST /session/3c439525579c2e0b8ad9b556d9b6e42d/elements - {"using":"xpath","value":"//label[contains(@class, 'sapMLabelRequired') and .//bdi[contains(text(), 'Planned Retirement')]]"}
RESULT: {"using":"xpath","value":"//label[contains(@class, 'sapMLabelRequired') and .//bdi[contains(text(), 'Planned Retirement')]]"}
COMMAND: POST /session/3c439525579c2e0b8ad9b556d9b6e42d/element - {"using":"xpath","value":"//button[@data-kt=\"resourceUnitSaveButton\"]"}
RESULT: {"using":"xpath","value":"//button[@data-kt=\"resourceUnitSaveButton\"]"}
COMMAND: POST /session/3c439525579c2e0b8ad9b556d9b6e42d/element/f.D9701E9044AEF593040EE735DD176420.d.803D37B0075CC47AB7B1D062962FD036.e.3034/click - {}
RESULT: {}
COMMAND: GET /session/3c439525579c2e0b8ad9b556d9b6e42d/screenshot - {}
RESULT: {}
COMMAND: POST /session/3c439525579c2e0b8ad9b556d9b6e42d/element - {"using":"xpath","value":"//bdi[contains(text(), \"Close\")]"}
RESULT: {"using":"xpath","value":"//bdi[contains(text(), \"Close\")]"}
COMMAND: POST /session/3c439525579c2e0b8ad9b556d9b6e42d/element/f.D9701E9044AEF593040EE735DD176420.d.803D37B0075CC47AB7B1D062962FD036.e.3129/click - {}
RESULT: {}
COMMAND: GET /session/3c439525579c2e0b8ad9b556d9b6e42d/screenshot - {}
RESULT: {}
COMMAND: POST /session/3c439525579c2e0b8ad9b556d9b6e42d/element - {"using":"xpath","value":"//header[contains(@id, 'detailRruPage-headerTitle')]/div[1]/div[2]/div[2]/span[1]"}
RESULT: {"using":"xpath","value":"//header[contains(@id, 'detailRruPage-headerTitle')]/div[1]/div[2]/div[2]/span[1]"}
COMMAND: POST /session/3c439525579c2e0b8ad9b556d9b6e42d/elements - {"using":"xpath","value":"//header[contains(@id, 'detailRruPage-headerTitle')]/div[1]/div[2]/div[2]/span[1]"}
RESULT: {"using":"xpath","value":"//header[contains(@id, 'detailRruPage-headerTitle')]/div[1]/div[2]/div[2]/span[1]"}
COMMAND: POST /session/3c439525579c2e0b8ad9b556d9b6e42d/execute/sync - {"script":"<script> [56 bytes]","args":[{"element-6066-11e4-a52e-4f735466cecf":"f.D9701E9044AEF593040EE735DD176420.d.803D37B0075CC47AB7B1D062962FD036.e.3158","ELEMENT":"f.D9701E9044AEF593040EE735DD176420.d.803D37B0075CC47AB7B1D062962FD036.e.3158"}]}
RESULT: {"script":"<script> [56 bytes]","args":[{"element-6066-11e4-a52e-4f735466cecf":"f.D9701E9044AEF593040EE735DD176420.d.803D37B0075CC47AB7B1D062962FD036.e.3158","ELEMENT":"f.D9701E9044AEF593040EE735DD176420.d.803D37B0075CC47AB7B1D062962FD036.e.3158"}]}
COMMAND: POST /session/3c439525579c2e0b8ad9b556d9b6e42d/element - {"using":"css selector","value":"#shell-header-logo"}
COMMAND: GET /session/3c439525579c2e0b8ad9b556d9b6e42d/screenshot - {}
RESULT: {"using":"css selector","value":"#shell-header-logo"}
COMMAND: POST /session/3c439525579c2e0b8ad9b556d9b6e42d/element/f.D9701E9044AEF593040EE735DD176420.d.803D37B0075CC47AB7B1D062962FD036.e.2624/click - {}
RESULT: {}
RESULT: {}
COMMAND: GET /session/3c439525579c2e0b8ad9b556d9b6e42d/screenshot - {}
RESULT: {}
]]></system-out>
    </testcase>
    <testcase classname="chrome.136_0_7103_93.windows.RU_Inventory_Mass_State_Change_Multiple_Items_US151066" name="Prerequisite Step 2 Should do a stock increase handover for the equipment" time="91.658">
      <system-out><![CDATA[
COMMAND: POST /session/3c439525579c2e0b8ad9b556d9b6e42d/execute/async - {"script":"<script> [1562 bytes]","args":[{"selector":{"controlType":"sap.m.GenericTile","properties":{"header":"Manage Handovers"}},"wdio_ui5_key":"sapm.GenericTile{\"header\":\"Manage Handovers\"}"}]}
RESULT: {"script":"<script> [1562 bytes]","args":[{"selector":{"controlType":"sap.m.GenericTile","properties":{"header":"Manage Handovers"}},"wdio_ui5_key":"sapm.GenericTile{\"header\":\"Manage Handovers\"}"}]}
RESULT: undefined
COMMAND: POST /session/3c439525579c2e0b8ad9b556d9b6e42d/element - {"using":"xpath","value":"//*[@id=\"__tile133\"]"}
RESULT: {"using":"xpath","value":"//*[@id=\"__tile133\"]"}
COMMAND: POST /session/3c439525579c2e0b8ad9b556d9b6e42d/element/f.D9701E9044AEF593040EE735DD176420.d.803D37B0075CC47AB7B1D062962FD036.e.233/click - {}
RESULT: {}
COMMAND: GET /session/3c439525579c2e0b8ad9b556d9b6e42d/screenshot - {}
RESULT: {}
COMMAND: POST /session/3c439525579c2e0b8ad9b556d9b6e42d/elements - {"using":"xpath","value":"//span[text()='Error']"}
RESULT: {"using":"xpath","value":"//span[text()='Error']"}
COMMAND: POST /session/3c439525579c2e0b8ad9b556d9b6e42d/element - {"using":"xpath","value":"//button[@data-kt=\"masterHOAddButton\"]"}
RESULT: {"using":"xpath","value":"//button[@data-kt=\"masterHOAddButton\"]"}
COMMAND: POST /session/3c439525579c2e0b8ad9b556d9b6e42d/elements - {"using":"xpath","value":"//button[@data-kt=\"masterHOAddButton\"]"}
RESULT: {"using":"xpath","value":"//button[@data-kt=\"masterHOAddButton\"]"}
COMMAND: POST /session/3c439525579c2e0b8ad9b556d9b6e42d/execute/sync - {"script":"<script> [8489 bytes]","args":[{"element-6066-11e4-a52e-4f735466cecf":"f.D9701E9044AEF593040EE735DD176420.d.803D37B0075CC47AB7B1D062962FD036.e.3195","ELEMENT":"f.D9701E9044AEF593040EE735DD176420.d.803D37B0075CC47AB7B1D062962FD036.e.3195"}]}
RESULT: {"script":"<script> [8489 bytes]","args":[{"element-6066-11e4-a52e-4f735466cecf":"f.D9701E9044AEF593040EE735DD176420.d.803D37B0075CC47AB7B1D062962FD036.e.3195","ELEMENT":"f.D9701E9044AEF593040EE735DD176420.d.803D37B0075CC47AB7B1D062962FD036.e.3195"}]}
COMMAND: GET /session/3c439525579c2e0b8ad9b556d9b6e42d/element/f.D9701E9044AEF593040EE735DD176420.d.803D37B0075CC47AB7B1D062962FD036.e.3195/enabled - {}
COMMAND: GET /session/3c439525579c2e0b8ad9b556d9b6e42d/screenshot - {}
RESULT: {}
COMMAND: POST /session/3c439525579c2e0b8ad9b556d9b6e42d/execute/sync - {"script":"<script> [8489 bytes]","args":[{"element-6066-11e4-a52e-4f735466cecf":"f.D9701E9044AEF593040EE735DD176420.d.803D37B0075CC47AB7B1D062962FD036.e.3195","ELEMENT":"f.D9701E9044AEF593040EE735DD176420.d.803D37B0075CC47AB7B1D062962FD036.e.3195"}]}
COMMAND: GET /session/3c439525579c2e0b8ad9b556d9b6e42d/screenshot - {}
RESULT: {}
RESULT: {"script":"<script> [8489 bytes]","args":[{"element-6066-11e4-a52e-4f735466cecf":"f.D9701E9044AEF593040EE735DD176420.d.803D37B0075CC47AB7B1D062962FD036.e.3195","ELEMENT":"f.D9701E9044AEF593040EE735DD176420.d.803D37B0075CC47AB7B1D062962FD036.e.3195"}]}
COMMAND: POST /session/3c439525579c2e0b8ad9b556d9b6e42d/execute/sync - {"script":"<script> [5351 bytes]","args":[{"element-6066-11e4-a52e-4f735466cecf":"f.D9701E9044AEF593040EE735DD176420.d.803D37B0075CC47AB7B1D062962FD036.e.3195","ELEMENT":"f.D9701E9044AEF593040EE735DD176420.d.803D37B0075CC47AB7B1D062962FD036.e.3195"}]}
COMMAND: GET /session/3c439525579c2e0b8ad9b556d9b6e42d/screenshot - {}
RESULT: {}
RESULT: {"script":"<script> [5351 bytes]","args":[{"element-6066-11e4-a52e-4f735466cecf":"f.D9701E9044AEF593040EE735DD176420.d.803D37B0075CC47AB7B1D062962FD036.e.3195","ELEMENT":"f.D9701E9044AEF593040EE735DD176420.d.803D37B0075CC47AB7B1D062962FD036.e.3195"}]}
COMMAND: POST /session/3c439525579c2e0b8ad9b556d9b6e42d/element/f.D9701E9044AEF593040EE735DD176420.d.803D37B0075CC47AB7B1D062962FD036.e.3195/click - {}
COMMAND: GET /session/3c439525579c2e0b8ad9b556d9b6e42d/screenshot - {}
RESULT: {}
RESULT: {}
COMMAND: GET /session/3c439525579c2e0b8ad9b556d9b6e42d/screenshot - {}
RESULT: {}
RESULT: {}
COMMAND: POST /session/3c439525579c2e0b8ad9b556d9b6e42d/element - {"using":"xpath","value":"//span[contains(@id ,\"AddNewHO--typeSelect-arrow\")]"}
RESULT: {"using":"xpath","value":"//span[contains(@id ,\"AddNewHO--typeSelect-arrow\")]"}
COMMAND: POST /session/3c439525579c2e0b8ad9b556d9b6e42d/element/f.D9701E9044AEF593040EE735DD176420.d.803D37B0075CC47AB7B1D062962FD036.e.3552/click - {}
RESULT: {}
COMMAND: GET /session/3c439525579c2e0b8ad9b556d9b6e42d/screenshot - {}
RESULT: {}
COMMAND: POST /session/3c439525579c2e0b8ad9b556d9b6e42d/element - {"using":"xpath","value":"(//li[contains(text(), \"stock increase yard\")])[1]"}
RESULT: {"using":"xpath","value":"(//li[contains(text(), \"stock increase yard\")])[1]"}
COMMAND: POST /session/3c439525579c2e0b8ad9b556d9b6e42d/element/f.D9701E9044AEF593040EE735DD176420.d.803D37B0075CC47AB7B1D062962FD036.e.3553/click - {}
RESULT: {}
COMMAND: GET /session/3c439525579c2e0b8ad9b556d9b6e42d/screenshot - {}
RESULT: {}
COMMAND: POST /session/3c439525579c2e0b8ad9b556d9b6e42d/execute/async - {"script":"<script> [1562 bytes]","args":[{"selector":{"id":"application-managehandovers-display-component---AddNewHO--dueDate","interaction":{"idSuffix":"inner"}},"wdio_ui5_key":"applicationmanagehandovers-display-component---AddNewHO--dueDate"}]}
RESULT: {"script":"<script> [1562 bytes]","args":[{"selector":{"id":"application-managehandovers-display-component---AddNewHO--dueDate","interaction":{"idSuffix":"inner"}},"wdio_ui5_key":"applicationmanagehandovers-display-component---AddNewHO--dueDate"}]}
RESULT: undefined
COMMAND: POST /session/3c439525579c2e0b8ad9b556d9b6e42d/execute/async - {"script":"<script> [6424 bytes]","args":[{"element-6066-11e4-a52e-4f735466cecf":"f.D9701E9044AEF593040EE735DD176420.d.803D37B0075CC47AB7B1D062962FD036.e.3555"},"setValue",["5/15/25"]]}
RESULT: {"script":"<script> [6424 bytes]","args":[{"element-6066-11e4-a52e-4f735466cecf":"f.D9701E9044AEF593040EE735DD176420.d.803D37B0075CC47AB7B1D062962FD036.e.3555"},"setValue",["5/15/25"]]}
COMMAND: POST /session/3c439525579c2e0b8ad9b556d9b6e42d/element - {"using":"xpath","value":"//input[@id=\"generalSectionFrg--receiveYard-inner\"]"}
RESULT: {"using":"xpath","value":"//input[@id=\"generalSectionFrg--receiveYard-inner\"]"}
COMMAND: POST /session/3c439525579c2e0b8ad9b556d9b6e42d/element/f.D9701E9044AEF593040EE735DD176420.d.803D37B0075CC47AB7B1D062962FD036.e.3559/clear - {}
RESULT: {}
COMMAND: POST /session/3c439525579c2e0b8ad9b556d9b6e42d/element/f.D9701E9044AEF593040EE735DD176420.d.803D37B0075CC47AB7B1D062962FD036.e.3559/value - {"text":"109"}
COMMAND: GET /session/3c439525579c2e0b8ad9b556d9b6e42d/screenshot - {}
RESULT: {"text":"109"}
COMMAND: GET /session/3c439525579c2e0b8ad9b556d9b6e42d/screenshot - {}
RESULT: {}
RESULT: {}
COMMAND: POST /session/3c439525579c2e0b8ad9b556d9b6e42d/element - {"using":"xpath","value":"//li[.//span[text()='109']]"}
RESULT: {"using":"xpath","value":"//li[.//span[text()='109']]"}
COMMAND: POST /session/3c439525579c2e0b8ad9b556d9b6e42d/element/f.D9701E9044AEF593040EE735DD176420.d.803D37B0075CC47AB7B1D062962FD036.e.3577/click - {}
RESULT: {}
COMMAND: GET /session/3c439525579c2e0b8ad9b556d9b6e42d/screenshot - {}
RESULT: {}
COMMAND: POST /session/3c439525579c2e0b8ad9b556d9b6e42d/execute/async - {"script":"<script> [1562 bytes]","args":[{"selector":{"id":"application-managehandovers-display-component---AddNewHO--ObjectPageLayout-anchBar-application-managehandovers-display-component---AddNewHO--section4-anchor","interaction":{"idSuffix":"BDI-content"}},"wdio_ui5_key":"applicationmanagehandovers-display-component---AddNewHO--ObjectPageLayout-anchBar-application-managehandovers-display-component---AddNewHO--section4-anchor"}]}
RESULT: {"script":"<script> [1562 bytes]","args":[{"selector":{"id":"application-managehandovers-display-component---AddNewHO--ObjectPageLayout-anchBar-application-managehandovers-display-component---AddNewHO--section4-anchor","interaction":{"idSuffix":"BDI-content"}},"wdio_ui5_key":"applicationmanagehandovers-display-component---AddNewHO--ObjectPageLayout-anchBar-application-managehandovers-display-component---AddNewHO--section4-anchor"}]}
RESULT: undefined
COMMAND: POST /session/3c439525579c2e0b8ad9b556d9b6e42d/element - {"using":"xpath","value":"//*[@id=\"application-managehandovers-display-component---AddNewHO--ObjectPageLayout-anchBar-application-managehandovers-display-component---AddNewHO--section4-anchor\"]"}
RESULT: {"using":"xpath","value":"//*[@id=\"application-managehandovers-display-component---AddNewHO--ObjectPageLayout-anchBar-application-managehandovers-display-component---AddNewHO--section4-anchor\"]"}
COMMAND: POST /session/3c439525579c2e0b8ad9b556d9b6e42d/element/f.D9701E9044AEF593040EE735DD176420.d.803D37B0075CC47AB7B1D062962FD036.e.3579/click - {}
RESULT: {}
COMMAND: POST /session/3c439525579c2e0b8ad9b556d9b6e42d/element - {"using":"xpath","value":"//button[@aria-label=\"Add\"]"}
COMMAND: GET /session/3c439525579c2e0b8ad9b556d9b6e42d/screenshot - {}
RESULT: {"using":"xpath","value":"//button[@aria-label=\"Add\"]"}
COMMAND: POST /session/3c439525579c2e0b8ad9b556d9b6e42d/element/f.D9701E9044AEF593040EE735DD176420.d.803D37B0075CC47AB7B1D062962FD036.e.3581/click - {}
RESULT: {}
RESULT: {}
COMMAND: GET /session/3c439525579c2e0b8ad9b556d9b6e42d/screenshot - {}
RESULT: {}
COMMAND: POST /session/3c439525579c2e0b8ad9b556d9b6e42d/execute/async - {"script":"<script> [1562 bytes]","args":[{"selector":{"id":"application-managehandovers-display-component---AddNewHO--smartFilterBar-btnBasicSearch","searchOpenDialogs":true,"interaction":{"idSuffix":"I"}},"wdio_ui5_key":"applicationmanagehandovers-display-component---AddNewHO--smartFilterBar-btnBasicSearch"}]}
RESULT: {"script":"<script> [1562 bytes]","args":[{"selector":{"id":"application-managehandovers-display-component---AddNewHO--smartFilterBar-btnBasicSearch","searchOpenDialogs":true,"interaction":{"idSuffix":"I"}},"wdio_ui5_key":"applicationmanagehandovers-display-component---AddNewHO--smartFilterBar-btnBasicSearch"}]}
RESULT: undefined
COMMAND: POST /session/3c439525579c2e0b8ad9b556d9b6e42d/execute/async - {"script":"<script> [776 bytes]","args":[{"enterText":"foR11gjBkW","selector":{"id":"application-managehandovers-display-component---AddNewHO--smartFilterBar-btnBasicSearch","searchOpenDialogs":true,"interaction":{"idSuffix":"I"}},"clearTextFirst":true,"interactionType":"ENTER_TEXT"}]}
RESULT: {"script":"<script> [776 bytes]","args":[{"enterText":"foR11gjBkW","selector":{"id":"application-managehandovers-display-component---AddNewHO--smartFilterBar-btnBasicSearch","searchOpenDialogs":true,"interaction":{"idSuffix":"I"}},"clearTextFirst":true,"interactionType":"ENTER_TEXT"}]}
COMMAND: POST /session/3c439525579c2e0b8ad9b556d9b6e42d/actions - {"actions":[{"id":"action19","type":"key","parameters":{},"actions":[{"type":"keyDown","value":"î€‡"},{"type":"pause","duration":10},{"type":"keyUp","value":"î€‡"}]}]}
RESULT: {"actions":[{"id":"action19","type":"key","parameters":{},"actions":[{"type":"keyDown","value":"î€‡"},{"type":"pause","duration":10},{"type":"keyUp","value":"î€‡"}]}]}
COMMAND: GET /session/3c439525579c2e0b8ad9b556d9b6e42d/screenshot - {}
RESULT: {}
COMMAND: POST /session/3c439525579c2e0b8ad9b556d9b6e42d/execute/async - {"script":"<script> [1562 bytes]","args":[{"selector":{"id":"application-managehandovers-display-component---AddNewHO--popup-sa","searchOpenDialogs":true,"interaction":{"idSuffix":"CbBg"}},"wdio_ui5_key":"applicationmanagehandovers-display-component---AddNewHO--popup-sa"}]}
RESULT: {"script":"<script> [1562 bytes]","args":[{"selector":{"id":"application-managehandovers-display-component---AddNewHO--popup-sa","searchOpenDialogs":true,"interaction":{"idSuffix":"CbBg"}},"wdio_ui5_key":"applicationmanagehandovers-display-component---AddNewHO--popup-sa"}]}
RESULT: undefined
COMMAND: POST /session/3c439525579c2e0b8ad9b556d9b6e42d/element - {"using":"xpath","value":"//*[@id=\"application-managehandovers-display-component---AddNewHO--popup-sa\"]"}
RESULT: {"using":"xpath","value":"//*[@id=\"application-managehandovers-display-component---AddNewHO--popup-sa\"]"}
COMMAND: POST /session/3c439525579c2e0b8ad9b556d9b6e42d/element/f.D9701E9044AEF593040EE735DD176420.d.803D37B0075CC47AB7B1D062962FD036.e.3736/click - {}
RESULT: {}
COMMAND: GET /session/3c439525579c2e0b8ad9b556d9b6e42d/screenshot - {}
RESULT: {}
COMMAND: POST /session/3c439525579c2e0b8ad9b556d9b6e42d/element - {"using":"xpath","value":"//bdi[contains(text(), \"Select\")]"}
RESULT: {"using":"xpath","value":"//bdi[contains(text(), \"Select\")]"}
COMMAND: POST /session/3c439525579c2e0b8ad9b556d9b6e42d/element/f.D9701E9044AEF593040EE735DD176420.d.803D37B0075CC47AB7B1D062962FD036.e.3737/click - {}
RESULT: {}
COMMAND: GET /session/3c439525579c2e0b8ad9b556d9b6e42d/screenshot - {}
RESULT: {}
COMMAND: POST /session/3c439525579c2e0b8ad9b556d9b6e42d/element - {"using":"xpath","value":"//button[@data-kt=\"AddNewHOSaveButton\"]"}
RESULT: {"using":"xpath","value":"//button[@data-kt=\"AddNewHOSaveButton\"]"}
COMMAND: POST /session/3c439525579c2e0b8ad9b556d9b6e42d/element/f.D9701E9044AEF593040EE735DD176420.d.803D37B0075CC47AB7B1D062962FD036.e.3741/click - {}
RESULT: {}
COMMAND: GET /session/3c439525579c2e0b8ad9b556d9b6e42d/screenshot - {}
COMMAND: POST /session/3c439525579c2e0b8ad9b556d9b6e42d/execute/async - {"script":"<script> [1562 bytes]","args":[{"selector":{"id":"receiptDatePicker","viewName":"etm.portal.ui.managehandovers.view.DetailExecuteHO","interaction":{"idSuffix":"inner"}},"wdio_ui5_key":"receiptDatePickeretmportal.ui.managehandovers.view.DetailExecuteHO"}]}
RESULT: {}
RESULT: {"script":"<script> [1562 bytes]","args":[{"selector":{"id":"receiptDatePicker","viewName":"etm.portal.ui.managehandovers.view.DetailExecuteHO","interaction":{"idSuffix":"inner"}},"wdio_ui5_key":"receiptDatePickeretmportal.ui.managehandovers.view.DetailExecuteHO"}]}
RESULT: undefined
COMMAND: POST /session/3c439525579c2e0b8ad9b556d9b6e42d/execute/async - {"script":"<script> [6424 bytes]","args":[{"element-6066-11e4-a52e-4f735466cecf":"f.D9701E9044AEF593040EE735DD176420.d.803D37B0075CC47AB7B1D062962FD036.e.3750"},"setValue",["5/15/25"]]}
RESULT: {"script":"<script> [6424 bytes]","args":[{"element-6066-11e4-a52e-4f735466cecf":"f.D9701E9044AEF593040EE735DD176420.d.803D37B0075CC47AB7B1D062962FD036.e.3750"},"setValue",["5/15/25"]]}
COMMAND: POST /session/3c439525579c2e0b8ad9b556d9b6e42d/element - {"using":"xpath","value":"//button[@data-kt=\"PickingTableConfirmAllButton\"]"}
RESULT: {"using":"xpath","value":"//button[@data-kt=\"PickingTableConfirmAllButton\"]"}
COMMAND: POST /session/3c439525579c2e0b8ad9b556d9b6e42d/element/f.D9701E9044AEF593040EE735DD176420.d.803D37B0075CC47AB7B1D062962FD036.e.3769/click - {}
RESULT: {}
COMMAND: GET /session/3c439525579c2e0b8ad9b556d9b6e42d/screenshot - {}
RESULT: {}
COMMAND: POST /session/3c439525579c2e0b8ad9b556d9b6e42d/element - {"using":"xpath","value":"//bdi[contains(text(), \"OK\")]"}
RESULT: {"using":"xpath","value":"//bdi[contains(text(), \"OK\")]"}
COMMAND: POST /session/3c439525579c2e0b8ad9b556d9b6e42d/element/f.D9701E9044AEF593040EE735DD176420.d.803D37B0075CC47AB7B1D062962FD036.e.3771/click - {}
RESULT: {}
COMMAND: GET /session/3c439525579c2e0b8ad9b556d9b6e42d/screenshot - {}
RESULT: {}
COMMAND: POST /session/3c439525579c2e0b8ad9b556d9b6e42d/element - {"using":"xpath","value":"(//bdi[contains(text(), \"Receive\")])[2]"}
RESULT: {"using":"xpath","value":"(//bdi[contains(text(), \"Receive\")])[2]"}
COMMAND: POST /session/3c439525579c2e0b8ad9b556d9b6e42d/element/f.D9701E9044AEF593040EE735DD176420.d.803D37B0075CC47AB7B1D062962FD036.e.3773/click - {}
RESULT: {}
COMMAND: GET /session/3c439525579c2e0b8ad9b556d9b6e42d/screenshot - {}
RESULT: {}
COMMAND: POST /session/3c439525579c2e0b8ad9b556d9b6e42d/element - {"using":"css selector","value":"#shell-header-logo"}
RESULT: {"using":"css selector","value":"#shell-header-logo"}
COMMAND: POST /session/3c439525579c2e0b8ad9b556d9b6e42d/element/f.D9701E9044AEF593040EE735DD176420.d.803D37B0075CC47AB7B1D062962FD036.e.3162/click - {}
RESULT: {}
COMMAND: GET /session/3c439525579c2e0b8ad9b556d9b6e42d/screenshot - {}
RESULT: {}
]]></system-out>
    </testcase>
    <testcase classname="chrome.136_0_7103_93.windows.RU_Inventory_Mass_State_Change_Multiple_Items_US151066" name="Prerequisite Step 2 Should do a stock increase handover for the material" time="89.815">
      <system-out><![CDATA[
RESULT: undefined
COMMAND: POST /session/3c439525579c2e0b8ad9b556d9b6e42d/element - {"using":"xpath","value":"//*[@id=\"__tile133\"]"}
RESULT: {"using":"xpath","value":"//*[@id=\"__tile133\"]"}
COMMAND: POST /session/3c439525579c2e0b8ad9b556d9b6e42d/element/f.D9701E9044AEF593040EE735DD176420.d.803D37B0075CC47AB7B1D062962FD036.e.233/click - {}
RESULT: {}
COMMAND: GET /session/3c439525579c2e0b8ad9b556d9b6e42d/screenshot - {}
RESULT: {}
COMMAND: POST /session/3c439525579c2e0b8ad9b556d9b6e42d/elements - {"using":"xpath","value":"//span[text()='Error']"}
RESULT: {"using":"xpath","value":"//span[text()='Error']"}
COMMAND: POST /session/3c439525579c2e0b8ad9b556d9b6e42d/element - {"using":"xpath","value":"//button[@data-kt=\"masterHOAddButton\"]"}
RESULT: {"using":"xpath","value":"//button[@data-kt=\"masterHOAddButton\"]"}
COMMAND: POST /session/3c439525579c2e0b8ad9b556d9b6e42d/elements - {"using":"xpath","value":"//button[@data-kt=\"masterHOAddButton\"]"}
RESULT: {"using":"xpath","value":"//button[@data-kt=\"masterHOAddButton\"]"}
COMMAND: POST /session/3c439525579c2e0b8ad9b556d9b6e42d/execute/sync - {"script":"<script> [8489 bytes]","args":[{"element-6066-11e4-a52e-4f735466cecf":"f.D9701E9044AEF593040EE735DD176420.d.803D37B0075CC47AB7B1D062962FD036.e.4149","ELEMENT":"f.D9701E9044AEF593040EE735DD176420.d.803D37B0075CC47AB7B1D062962FD036.e.4149"}]}
RESULT: {"script":"<script> [8489 bytes]","args":[{"element-6066-11e4-a52e-4f735466cecf":"f.D9701E9044AEF593040EE735DD176420.d.803D37B0075CC47AB7B1D062962FD036.e.4149","ELEMENT":"f.D9701E9044AEF593040EE735DD176420.d.803D37B0075CC47AB7B1D062962FD036.e.4149"}]}
COMMAND: GET /session/3c439525579c2e0b8ad9b556d9b6e42d/element/f.D9701E9044AEF593040EE735DD176420.d.803D37B0075CC47AB7B1D062962FD036.e.4149/enabled - {}
COMMAND: GET /session/3c439525579c2e0b8ad9b556d9b6e42d/screenshot - {}
RESULT: {}
COMMAND: POST /session/3c439525579c2e0b8ad9b556d9b6e42d/execute/sync - {"script":"<script> [8489 bytes]","args":[{"element-6066-11e4-a52e-4f735466cecf":"f.D9701E9044AEF593040EE735DD176420.d.803D37B0075CC47AB7B1D062962FD036.e.4149","ELEMENT":"f.D9701E9044AEF593040EE735DD176420.d.803D37B0075CC47AB7B1D062962FD036.e.4149"}]}
COMMAND: GET /session/3c439525579c2e0b8ad9b556d9b6e42d/screenshot - {}
RESULT: {}
RESULT: {"script":"<script> [8489 bytes]","args":[{"element-6066-11e4-a52e-4f735466cecf":"f.D9701E9044AEF593040EE735DD176420.d.803D37B0075CC47AB7B1D062962FD036.e.4149","ELEMENT":"f.D9701E9044AEF593040EE735DD176420.d.803D37B0075CC47AB7B1D062962FD036.e.4149"}]}
COMMAND: POST /session/3c439525579c2e0b8ad9b556d9b6e42d/execute/sync - {"script":"<script> [5351 bytes]","args":[{"element-6066-11e4-a52e-4f735466cecf":"f.D9701E9044AEF593040EE735DD176420.d.803D37B0075CC47AB7B1D062962FD036.e.4149","ELEMENT":"f.D9701E9044AEF593040EE735DD176420.d.803D37B0075CC47AB7B1D062962FD036.e.4149"}]}
COMMAND: GET /session/3c439525579c2e0b8ad9b556d9b6e42d/screenshot - {}
RESULT: {}
RESULT: {"script":"<script> [5351 bytes]","args":[{"element-6066-11e4-a52e-4f735466cecf":"f.D9701E9044AEF593040EE735DD176420.d.803D37B0075CC47AB7B1D062962FD036.e.4149","ELEMENT":"f.D9701E9044AEF593040EE735DD176420.d.803D37B0075CC47AB7B1D062962FD036.e.4149"}]}
COMMAND: POST /session/3c439525579c2e0b8ad9b556d9b6e42d/element/f.D9701E9044AEF593040EE735DD176420.d.803D37B0075CC47AB7B1D062962FD036.e.4149/click - {}
COMMAND: GET /session/3c439525579c2e0b8ad9b556d9b6e42d/screenshot - {}
RESULT: {}
RESULT: {}
COMMAND: GET /session/3c439525579c2e0b8ad9b556d9b6e42d/screenshot - {}
RESULT: {}
RESULT: {}
COMMAND: POST /session/3c439525579c2e0b8ad9b556d9b6e42d/element - {"using":"xpath","value":"//span[contains(@id ,\"AddNewHO--typeSelect-arrow\")]"}
RESULT: {"using":"xpath","value":"//span[contains(@id ,\"AddNewHO--typeSelect-arrow\")]"}
COMMAND: POST /session/3c439525579c2e0b8ad9b556d9b6e42d/element/f.D9701E9044AEF593040EE735DD176420.d.803D37B0075CC47AB7B1D062962FD036.e.4557/click - {}
RESULT: {}
COMMAND: GET /session/3c439525579c2e0b8ad9b556d9b6e42d/screenshot - {}
RESULT: {}
COMMAND: POST /session/3c439525579c2e0b8ad9b556d9b6e42d/element - {"using":"xpath","value":"(//li[contains(text(), \"stock increase yard\")])[1]"}
RESULT: {"using":"xpath","value":"(//li[contains(text(), \"stock increase yard\")])[1]"}
COMMAND: POST /session/3c439525579c2e0b8ad9b556d9b6e42d/element/f.D9701E9044AEF593040EE735DD176420.d.803D37B0075CC47AB7B1D062962FD036.e.4558/click - {}
RESULT: {}
COMMAND: GET /session/3c439525579c2e0b8ad9b556d9b6e42d/screenshot - {}
RESULT: {}
RESULT: undefined
COMMAND: POST /session/3c439525579c2e0b8ad9b556d9b6e42d/execute/async - {"script":"<script> [6424 bytes]","args":[{"element-6066-11e4-a52e-4f735466cecf":"f.D9701E9044AEF593040EE735DD176420.d.803D37B0075CC47AB7B1D062962FD036.e.3555"},"setValue",["5/15/25"]]}
COMMAND: POST /session/3c439525579c2e0b8ad9b556d9b6e42d/execute/async - {"script":"<script> [1562 bytes]","args":[{"selector":{"id":"application-managehandovers-display-component---AddNewHO--dueDate","interaction":{"idSuffix":"inner"}},"wdio_ui5_key":"applicationmanagehandovers-display-component---AddNewHO--dueDate"}]}
RESULT: {"script":"<script> [1562 bytes]","args":[{"selector":{"id":"application-managehandovers-display-component---AddNewHO--dueDate","interaction":{"idSuffix":"inner"}},"wdio_ui5_key":"applicationmanagehandovers-display-component---AddNewHO--dueDate"}]}
COMMAND: POST /session/3c439525579c2e0b8ad9b556d9b6e42d/execute/async - {"script":"<script> [6424 bytes]","args":[{"element-6066-11e4-a52e-4f735466cecf":"f.D9701E9044AEF593040EE735DD176420.d.803D37B0075CC47AB7B1D062962FD036.e.4560"},"setValue",["5/15/25"]]}
RESULT: {"script":"<script> [6424 bytes]","args":[{"element-6066-11e4-a52e-4f735466cecf":"f.D9701E9044AEF593040EE735DD176420.d.803D37B0075CC47AB7B1D062962FD036.e.4560"},"setValue",["5/15/25"]]}
COMMAND: POST /session/3c439525579c2e0b8ad9b556d9b6e42d/element - {"using":"xpath","value":"//input[@id=\"generalSectionFrg--receiveYard-inner\"]"}
RESULT: {"using":"xpath","value":"//input[@id=\"generalSectionFrg--receiveYard-inner\"]"}
COMMAND: POST /session/3c439525579c2e0b8ad9b556d9b6e42d/element/f.D9701E9044AEF593040EE735DD176420.d.803D37B0075CC47AB7B1D062962FD036.e.4564/clear - {}
RESULT: {}
COMMAND: POST /session/3c439525579c2e0b8ad9b556d9b6e42d/element/f.D9701E9044AEF593040EE735DD176420.d.803D37B0075CC47AB7B1D062962FD036.e.4564/value - {"text":"109"}
COMMAND: GET /session/3c439525579c2e0b8ad9b556d9b6e42d/screenshot - {}
RESULT: {"text":"109"}
COMMAND: GET /session/3c439525579c2e0b8ad9b556d9b6e42d/screenshot - {}
RESULT: {}
RESULT: {}
COMMAND: POST /session/3c439525579c2e0b8ad9b556d9b6e42d/element - {"using":"xpath","value":"//li[.//span[text()='109']]"}
RESULT: {"using":"xpath","value":"//li[.//span[text()='109']]"}
COMMAND: POST /session/3c439525579c2e0b8ad9b556d9b6e42d/element/f.D9701E9044AEF593040EE735DD176420.d.803D37B0075CC47AB7B1D062962FD036.e.4580/click - {}
RESULT: {}
COMMAND: GET /session/3c439525579c2e0b8ad9b556d9b6e42d/screenshot - {}
RESULT: {}
RESULT: undefined
COMMAND: POST /session/3c439525579c2e0b8ad9b556d9b6e42d/element - {"using":"xpath","value":"//*[@id=\"application-managehandovers-display-component---AddNewHO--ObjectPageLayout-anchBar-application-managehandovers-display-component---AddNewHO--section4-anchor\"]"}
RESULT: {"using":"xpath","value":"//*[@id=\"application-managehandovers-display-component---AddNewHO--ObjectPageLayout-anchBar-application-managehandovers-display-component---AddNewHO--section4-anchor\"]"}
COMMAND: POST /session/3c439525579c2e0b8ad9b556d9b6e42d/element/f.D9701E9044AEF593040EE735DD176420.d.803D37B0075CC47AB7B1D062962FD036.e.4581/click - {}
RESULT: {}
COMMAND: POST /session/3c439525579c2e0b8ad9b556d9b6e42d/element - {"using":"xpath","value":"//button[@aria-label=\"Add\"]"}
COMMAND: GET /session/3c439525579c2e0b8ad9b556d9b6e42d/screenshot - {}
RESULT: {"using":"xpath","value":"//button[@aria-label=\"Add\"]"}
COMMAND: POST /session/3c439525579c2e0b8ad9b556d9b6e42d/element/f.D9701E9044AEF593040EE735DD176420.d.803D37B0075CC47AB7B1D062962FD036.e.4583/click - {}
RESULT: {}
RESULT: {}
COMMAND: GET /session/3c439525579c2e0b8ad9b556d9b6e42d/screenshot - {}
RESULT: {}
RESULT: undefined
COMMAND: POST /session/3c439525579c2e0b8ad9b556d9b6e42d/execute/async - {"script":"<script> [776 bytes]","args":[{"enterText":"200188","selector":{"id":"application-managehandovers-display-component---AddNewHO--smartFilterBar-btnBasicSearch","searchOpenDialogs":true,"interaction":{"idSuffix":"I"}},"clearTextFirst":true,"interactionType":"ENTER_TEXT"}]}
RESULT: {"script":"<script> [776 bytes]","args":[{"enterText":"200188","selector":{"id":"application-managehandovers-display-component---AddNewHO--smartFilterBar-btnBasicSearch","searchOpenDialogs":true,"interaction":{"idSuffix":"I"}},"clearTextFirst":true,"interactionType":"ENTER_TEXT"}]}
COMMAND: POST /session/3c439525579c2e0b8ad9b556d9b6e42d/actions - {"actions":[{"id":"action20","type":"key","parameters":{},"actions":[{"type":"keyDown","value":"î€‡"},{"type":"pause","duration":10},{"type":"keyUp","value":"î€‡"}]}]}
RESULT: {"actions":[{"id":"action20","type":"key","parameters":{},"actions":[{"type":"keyDown","value":"î€‡"},{"type":"pause","duration":10},{"type":"keyUp","value":"î€‡"}]}]}
COMMAND: GET /session/3c439525579c2e0b8ad9b556d9b6e42d/screenshot - {}
RESULT: {}
RESULT: undefined
COMMAND: POST /session/3c439525579c2e0b8ad9b556d9b6e42d/element - {"using":"xpath","value":"//*[@id=\"application-managehandovers-display-component---AddNewHO--popup-sa\"]"}
RESULT: {"using":"xpath","value":"//*[@id=\"application-managehandovers-display-component---AddNewHO--popup-sa\"]"}
COMMAND: POST /session/3c439525579c2e0b8ad9b556d9b6e42d/element/f.D9701E9044AEF593040EE735DD176420.d.803D37B0075CC47AB7B1D062962FD036.e.4734/click - {}
RESULT: {}
COMMAND: GET /session/3c439525579c2e0b8ad9b556d9b6e42d/screenshot - {}
RESULT: {}
COMMAND: POST /session/3c439525579c2e0b8ad9b556d9b6e42d/element - {"using":"xpath","value":"//bdi[contains(text(), \"Select\")]"}
RESULT: {"using":"xpath","value":"//bdi[contains(text(), \"Select\")]"}
COMMAND: POST /session/3c439525579c2e0b8ad9b556d9b6e42d/element/f.D9701E9044AEF593040EE735DD176420.d.803D37B0075CC47AB7B1D062962FD036.e.4735/click - {}
RESULT: {}
COMMAND: GET /session/3c439525579c2e0b8ad9b556d9b6e42d/screenshot - {}
RESULT: {}
COMMAND: POST /session/3c439525579c2e0b8ad9b556d9b6e42d/element - {"using":"xpath","value":"//button[@data-kt=\"AddNewHOSaveButton\"]"}
RESULT: {"using":"xpath","value":"//button[@data-kt=\"AddNewHOSaveButton\"]"}
COMMAND: POST /session/3c439525579c2e0b8ad9b556d9b6e42d/element/f.D9701E9044AEF593040EE735DD176420.d.803D37B0075CC47AB7B1D062962FD036.e.4739/click - {}
RESULT: {}
COMMAND: GET /session/3c439525579c2e0b8ad9b556d9b6e42d/screenshot - {}
RESULT: {}
RESULT: undefined
COMMAND: POST /session/3c439525579c2e0b8ad9b556d9b6e42d/execute/async - {"script":"<script> [6424 bytes]","args":[{"element-6066-11e4-a52e-4f735466cecf":"f.D9701E9044AEF593040EE735DD176420.d.803D37B0075CC47AB7B1D062962FD036.e.3750"},"setValue",["5/15/25"]]}
COMMAND: POST /session/3c439525579c2e0b8ad9b556d9b6e42d/execute/async - {"script":"<script> [1562 bytes]","args":[{"selector":{"id":"receiptDatePicker","viewName":"etm.portal.ui.managehandovers.view.DetailExecuteHO","interaction":{"idSuffix":"inner"}},"wdio_ui5_key":"receiptDatePickeretmportal.ui.managehandovers.view.DetailExecuteHO"}]}
RESULT: {"script":"<script> [1562 bytes]","args":[{"selector":{"id":"receiptDatePicker","viewName":"etm.portal.ui.managehandovers.view.DetailExecuteHO","interaction":{"idSuffix":"inner"}},"wdio_ui5_key":"receiptDatePickeretmportal.ui.managehandovers.view.DetailExecuteHO"}]}
COMMAND: POST /session/3c439525579c2e0b8ad9b556d9b6e42d/execute/async - {"script":"<script> [6424 bytes]","args":[{"element-6066-11e4-a52e-4f735466cecf":"f.D9701E9044AEF593040EE735DD176420.d.803D37B0075CC47AB7B1D062962FD036.e.4757"},"setValue",["5/15/25"]]}
RESULT: {"script":"<script> [6424 bytes]","args":[{"element-6066-11e4-a52e-4f735466cecf":"f.D9701E9044AEF593040EE735DD176420.d.803D37B0075CC47AB7B1D062962FD036.e.4757"},"setValue",["5/15/25"]]}
COMMAND: POST /session/3c439525579c2e0b8ad9b556d9b6e42d/element - {"using":"xpath","value":"//button[@data-kt=\"PickingTableConfirmAllButton\"]"}
RESULT: {"using":"xpath","value":"//button[@data-kt=\"PickingTableConfirmAllButton\"]"}
COMMAND: POST /session/3c439525579c2e0b8ad9b556d9b6e42d/element/f.D9701E9044AEF593040EE735DD176420.d.803D37B0075CC47AB7B1D062962FD036.e.4771/click - {}
RESULT: {}
COMMAND: GET /session/3c439525579c2e0b8ad9b556d9b6e42d/screenshot - {}
RESULT: {}
COMMAND: POST /session/3c439525579c2e0b8ad9b556d9b6e42d/element - {"using":"xpath","value":"//bdi[contains(text(), \"OK\")]"}
RESULT: {"using":"xpath","value":"//bdi[contains(text(), \"OK\")]"}
COMMAND: POST /session/3c439525579c2e0b8ad9b556d9b6e42d/element/f.D9701E9044AEF593040EE735DD176420.d.803D37B0075CC47AB7B1D062962FD036.e.4773/click - {}
RESULT: {}
COMMAND: GET /session/3c439525579c2e0b8ad9b556d9b6e42d/screenshot - {}
RESULT: {}
COMMAND: POST /session/3c439525579c2e0b8ad9b556d9b6e42d/element - {"using":"xpath","value":"(//bdi[contains(text(), \"Receive\")])[2]"}
RESULT: {"using":"xpath","value":"(//bdi[contains(text(), \"Receive\")])[2]"}
COMMAND: POST /session/3c439525579c2e0b8ad9b556d9b6e42d/element/f.D9701E9044AEF593040EE735DD176420.d.803D37B0075CC47AB7B1D062962FD036.e.4775/click - {}
RESULT: {}
COMMAND: GET /session/3c439525579c2e0b8ad9b556d9b6e42d/screenshot - {}
RESULT: {}
COMMAND: POST /session/3c439525579c2e0b8ad9b556d9b6e42d/element - {"using":"css selector","value":"#shell-header-logo"}
RESULT: {"using":"css selector","value":"#shell-header-logo"}
COMMAND: POST /session/3c439525579c2e0b8ad9b556d9b6e42d/element/f.D9701E9044AEF593040EE735DD176420.d.803D37B0075CC47AB7B1D062962FD036.e.4099/click - {}
RESULT: {}
COMMAND: GET /session/3c439525579c2e0b8ad9b556d9b6e42d/screenshot - {}
RESULT: {}
]]></system-out>
    </testcase>
    <testcase classname="chrome.136_0_7103_93.windows.RU_Inventory_Mass_State_Change_Multiple_Items_US151066" name="Step 2 Should do a RU inventory mass state change on chosen yard 109 with the resources created one equipment one material the existing ones too" time="279.627">
      <system-out><![CDATA[
RESULT: undefined
COMMAND: POST /session/3c439525579c2e0b8ad9b556d9b6e42d/element - {"using":"xpath","value":"//*[@id=\"__tile99\"]"}
RESULT: {"using":"xpath","value":"//*[@id=\"__tile99\"]"}
COMMAND: POST /session/3c439525579c2e0b8ad9b556d9b6e42d/element/f.D9701E9044AEF593040EE735DD176420.d.803D37B0075CC47AB7B1D062962FD036.e.257/click - {}
RESULT: {}
COMMAND: GET /session/3c439525579c2e0b8ad9b556d9b6e42d/screenshot - {}
RESULT: {}
COMMAND: POST /session/3c439525579c2e0b8ad9b556d9b6e42d/elements - {"using":"xpath","value":"//span[text()='Error']"}
RESULT: {"using":"xpath","value":"//span[text()='Error']"}
COMMAND: POST /session/3c439525579c2e0b8ad9b556d9b6e42d/element - {"using":"xpath","value":"//button[contains(@id, \"massStateBtn\")]"}
RESULT: {"using":"xpath","value":"//button[contains(@id, \"massStateBtn\")]"}
COMMAND: POST /session/3c439525579c2e0b8ad9b556d9b6e42d/elements - {"using":"xpath","value":"//button[contains(@id, \"massStateBtn\")]"}
RESULT: {"using":"xpath","value":"//button[contains(@id, \"massStateBtn\")]"}
COMMAND: POST /session/3c439525579c2e0b8ad9b556d9b6e42d/execute/sync - {"script":"<script> [8489 bytes]","args":[{"element-6066-11e4-a52e-4f735466cecf":"f.D9701E9044AEF593040EE735DD176420.d.803D37B0075CC47AB7B1D062962FD036.e.5083","ELEMENT":"f.D9701E9044AEF593040EE735DD176420.d.803D37B0075CC47AB7B1D062962FD036.e.5083"}]}
RESULT: {"script":"<script> [8489 bytes]","args":[{"element-6066-11e4-a52e-4f735466cecf":"f.D9701E9044AEF593040EE735DD176420.d.803D37B0075CC47AB7B1D062962FD036.e.5083","ELEMENT":"f.D9701E9044AEF593040EE735DD176420.d.803D37B0075CC47AB7B1D062962FD036.e.5083"}]}
COMMAND: GET /session/3c439525579c2e0b8ad9b556d9b6e42d/element/f.D9701E9044AEF593040EE735DD176420.d.803D37B0075CC47AB7B1D062962FD036.e.5083/enabled - {}
COMMAND: GET /session/3c439525579c2e0b8ad9b556d9b6e42d/screenshot - {}
RESULT: {}
COMMAND: POST /session/3c439525579c2e0b8ad9b556d9b6e42d/execute/sync - {"script":"<script> [8489 bytes]","args":[{"element-6066-11e4-a52e-4f735466cecf":"f.D9701E9044AEF593040EE735DD176420.d.803D37B0075CC47AB7B1D062962FD036.e.5083","ELEMENT":"f.D9701E9044AEF593040EE735DD176420.d.803D37B0075CC47AB7B1D062962FD036.e.5083"}]}
COMMAND: GET /session/3c439525579c2e0b8ad9b556d9b6e42d/screenshot - {}
RESULT: {}
RESULT: {"script":"<script> [8489 bytes]","args":[{"element-6066-11e4-a52e-4f735466cecf":"f.D9701E9044AEF593040EE735DD176420.d.803D37B0075CC47AB7B1D062962FD036.e.5083","ELEMENT":"f.D9701E9044AEF593040EE735DD176420.d.803D37B0075CC47AB7B1D062962FD036.e.5083"}]}
COMMAND: POST /session/3c439525579c2e0b8ad9b556d9b6e42d/execute/sync - {"script":"<script> [5351 bytes]","args":[{"element-6066-11e4-a52e-4f735466cecf":"f.D9701E9044AEF593040EE735DD176420.d.803D37B0075CC47AB7B1D062962FD036.e.5083","ELEMENT":"f.D9701E9044AEF593040EE735DD176420.d.803D37B0075CC47AB7B1D062962FD036.e.5083"}]}
COMMAND: GET /session/3c439525579c2e0b8ad9b556d9b6e42d/screenshot - {}
RESULT: {}
RESULT: {"script":"<script> [5351 bytes]","args":[{"element-6066-11e4-a52e-4f735466cecf":"f.D9701E9044AEF593040EE735DD176420.d.803D37B0075CC47AB7B1D062962FD036.e.5083","ELEMENT":"f.D9701E9044AEF593040EE735DD176420.d.803D37B0075CC47AB7B1D062962FD036.e.5083"}]}
COMMAND: POST /session/3c439525579c2e0b8ad9b556d9b6e42d/element/f.D9701E9044AEF593040EE735DD176420.d.803D37B0075CC47AB7B1D062962FD036.e.5083/click - {}
COMMAND: GET /session/3c439525579c2e0b8ad9b556d9b6e42d/screenshot - {}
RESULT: {}
RESULT: {}
COMMAND: GET /session/3c439525579c2e0b8ad9b556d9b6e42d/screenshot - {}
RESULT: {}
RESULT: {}
RESULT: undefined
COMMAND: POST /session/3c439525579c2e0b8ad9b556d9b6e42d/element - {"using":"xpath","value":"//*[@id=\"application-ruinventorylist-display-component---Master--ruLocationTypeComboBox-arrow\"]"}
RESULT: {"using":"xpath","value":"//*[@id=\"application-ruinventorylist-display-component---Master--ruLocationTypeComboBox-arrow\"]"}
COMMAND: POST /session/3c439525579c2e0b8ad9b556d9b6e42d/element/f.D9701E9044AEF593040EE735DD176420.d.803D37B0075CC47AB7B1D062962FD036.e.5445/click - {}
RESULT: {}
COMMAND: GET /session/3c439525579c2e0b8ad9b556d9b6e42d/screenshot - {}
RESULT: {}
COMMAND: POST /session/3c439525579c2e0b8ad9b556d9b6e42d/element - {"using":"xpath","value":"//li[.//span[text()='Yard']]"}
RESULT: {"using":"xpath","value":"//li[.//span[text()='Yard']]"}
COMMAND: POST /session/3c439525579c2e0b8ad9b556d9b6e42d/element/f.D9701E9044AEF593040EE735DD176420.d.803D37B0075CC47AB7B1D062962FD036.e.5446/click - {}
RESULT: {}
COMMAND: GET /session/3c439525579c2e0b8ad9b556d9b6e42d/screenshot - {}
RESULT: {}
RESULT: undefined
COMMAND: POST /session/3c439525579c2e0b8ad9b556d9b6e42d/element - {"using":"xpath","value":"//*[@id=\"application-ruinventorylist-display-component---Master--smartFilterBar-filterItemControl_BASIC-YARD-vhi\"]"}
RESULT: {"using":"xpath","value":"//*[@id=\"application-ruinventorylist-display-component---Master--smartFilterBar-filterItemControl_BASIC-YARD-vhi\"]"}
COMMAND: POST /session/3c439525579c2e0b8ad9b556d9b6e42d/element/f.D9701E9044AEF593040EE735DD176420.d.803D37B0075CC47AB7B1D062962FD036.e.5483/click - {}
RESULT: {}
COMMAND: GET /session/3c439525579c2e0b8ad9b556d9b6e42d/screenshot - {}
RESULT: {}
RESULT: undefined
COMMAND: POST /session/3c439525579c2e0b8ad9b556d9b6e42d/execute/async - {"script":"<script> [776 bytes]","args":[{"enterText":"109","selector":{"id":"application-ruinventorylist-display-component---Master--smartFilterBar-filterItemControl_BASIC-YARD-valueHelpDialog-smartFilterBar-btnBasicSearch","searchOpenDialogs":true,"interaction":{"idSuffix":"I"}},"clearTextFirst":true,"interactionType":"ENTER_TEXT"}]}
RESULT: {"script":"<script> [776 bytes]","args":[{"enterText":"109","selector":{"id":"application-ruinventorylist-display-component---Master--smartFilterBar-filterItemControl_BASIC-YARD-valueHelpDialog-smartFilterBar-btnBasicSearch","searchOpenDialogs":true,"interaction":{"idSuffix":"I"}},"clearTextFirst":true,"interactionType":"ENTER_TEXT"}]}
COMMAND: POST /session/3c439525579c2e0b8ad9b556d9b6e42d/actions - {"actions":[{"id":"action21","type":"key","parameters":{},"actions":[{"type":"keyDown","value":"î€‡"},{"type":"pause","duration":10},{"type":"keyUp","value":"î€‡"}]}]}
RESULT: {"actions":[{"id":"action21","type":"key","parameters":{},"actions":[{"type":"keyDown","value":"î€‡"},{"type":"pause","duration":10},{"type":"keyUp","value":"î€‡"}]}]}
COMMAND: GET /session/3c439525579c2e0b8ad9b556d9b6e42d/screenshot - {}
RESULT: {}
COMMAND: POST /session/3c439525579c2e0b8ad9b556d9b6e42d/elements - {"using":"xpath","value":"//table[contains(@id, \"filterItemControl_BASIC-YARD-valueHelpDialog-table-table\")]/tbody/tr"}
RESULT: {"using":"xpath","value":"//table[contains(@id, \"filterItemControl_BASIC-YARD-valueHelpDialog-table-table\")]/tbody/tr"}
COMMAND: POST /session/3c439525579c2e0b8ad9b556d9b6e42d/element - {"using":"xpath","value":"//table[contains(@id, \"filterItemControl_BASIC-YARD-valueHelpDialog-table-table\")]/tbody/tr[1]/td[1]/div/span"}
RESULT: {"using":"xpath","value":"//table[contains(@id, \"filterItemControl_BASIC-YARD-valueHelpDialog-table-table\")]/tbody/tr[1]/td[1]/div/span"}
COMMAND: POST /session/3c439525579c2e0b8ad9b556d9b6e42d/elements - {"using":"xpath","value":"//table[contains(@id, \"filterItemControl_BASIC-YARD-valueHelpDialog-table-table\")]/tbody/tr[1]/td[1]/div/span"}
RESULT: {"using":"xpath","value":"//table[contains(@id, \"filterItemControl_BASIC-YARD-valueHelpDialog-table-table\")]/tbody/tr[1]/td[1]/div/span"}
COMMAND: POST /session/3c439525579c2e0b8ad9b556d9b6e42d/execute/sync - {"script":"<script> [56 bytes]","args":[{"element-6066-11e4-a52e-4f735466cecf":"f.D9701E9044AEF593040EE735DD176420.d.803D37B0075CC47AB7B1D062962FD036.e.5502","ELEMENT":"f.D9701E9044AEF593040EE735DD176420.d.803D37B0075CC47AB7B1D062962FD036.e.5502"}]}
RESULT: {"script":"<script> [56 bytes]","args":[{"element-6066-11e4-a52e-4f735466cecf":"f.D9701E9044AEF593040EE735DD176420.d.803D37B0075CC47AB7B1D062962FD036.e.5502","ELEMENT":"f.D9701E9044AEF593040EE735DD176420.d.803D37B0075CC47AB7B1D062962FD036.e.5502"}]}
COMMAND: POST /session/3c439525579c2e0b8ad9b556d9b6e42d/element - {"using":"xpath","value":"//div[contains(@id, \"filterItemControl_BASIC-YARD-valueHelpDialog-table-rowsel0\")]"}
COMMAND: GET /session/3c439525579c2e0b8ad9b556d9b6e42d/screenshot - {}
RESULT: {"using":"xpath","value":"//div[contains(@id, \"filterItemControl_BASIC-YARD-valueHelpDialog-table-rowsel0\")]"}
COMMAND: POST /session/3c439525579c2e0b8ad9b556d9b6e42d/element/f.D9701E9044AEF593040EE735DD176420.d.803D37B0075CC47AB7B1D062962FD036.e.5503/click - {}
RESULT: {}
RESULT: {}
COMMAND: GET /session/3c439525579c2e0b8ad9b556d9b6e42d/screenshot - {}
RESULT: {}
COMMAND: POST /session/3c439525579c2e0b8ad9b556d9b6e42d/element - {"using":"xpath","value":"//div[contains(@id, \"smartFilterBar-filterItemControl_BASIC-YARD-valueHelpDialog-smartFilterBar-btnBasicSearch-reset\")]"}
RESULT: {"using":"xpath","value":"//div[contains(@id, \"smartFilterBar-filterItemControl_BASIC-YARD-valueHelpDialog-smartFilterBar-btnBasicSearch-reset\")]"}
COMMAND: POST /session/3c439525579c2e0b8ad9b556d9b6e42d/element/f.D9701E9044AEF593040EE735DD176420.d.803D37B0075CC47AB7B1D062962FD036.e.5505/click - {}
RESULT: {}
RESULT: undefined
COMMAND: POST /session/3c439525579c2e0b8ad9b556d9b6e42d/execute/async - {"script":"<script> [776 bytes]","args":[{"enterText":"OPA5_BST01_YARD1","selector":{"id":"application-ruinventorylist-display-component---Master--smartFilterBar-filterItemControl_BASIC-YARD-valueHelpDialog-smartFilterBar-btnBasicSearch","searchOpenDialogs":true,"interaction":{"idSuffix":"I"}},"clearTextFirst":true,"interactionType":"ENTER_TEXT"}]}
COMMAND: GET /session/3c439525579c2e0b8ad9b556d9b6e42d/screenshot - {}
RESULT: {"script":"<script> [776 bytes]","args":[{"enterText":"OPA5_BST01_YARD1","selector":{"id":"application-ruinventorylist-display-component---Master--smartFilterBar-filterItemControl_BASIC-YARD-valueHelpDialog-smartFilterBar-btnBasicSearch","searchOpenDialogs":true,"interaction":{"idSuffix":"I"}},"clearTextFirst":true,"interactionType":"ENTER_TEXT"}]}
COMMAND: POST /session/3c439525579c2e0b8ad9b556d9b6e42d/actions - {"actions":[{"id":"action22","type":"key","parameters":{},"actions":[{"type":"keyDown","value":"î€‡"},{"type":"pause","duration":10},{"type":"keyUp","value":"î€‡"}]}]}
RESULT: {}
RESULT: {"actions":[{"id":"action22","type":"key","parameters":{},"actions":[{"type":"keyDown","value":"î€‡"},{"type":"pause","duration":10},{"type":"keyUp","value":"î€‡"}]}]}
COMMAND: GET /session/3c439525579c2e0b8ad9b556d9b6e42d/screenshot - {}
RESULT: {}
COMMAND: POST /session/3c439525579c2e0b8ad9b556d9b6e42d/elements - {"using":"xpath","value":"//table[contains(@id, \"filterItemControl_BASIC-YARD-valueHelpDialog-table-table\")]/tbody/tr"}
RESULT: {"using":"xpath","value":"//table[contains(@id, \"filterItemControl_BASIC-YARD-valueHelpDialog-table-table\")]/tbody/tr"}
COMMAND: POST /session/3c439525579c2e0b8ad9b556d9b6e42d/element - {"using":"xpath","value":"//table[contains(@id, \"filterItemControl_BASIC-YARD-valueHelpDialog-table-table\")]/tbody/tr[1]/td[1]/div/span"}
RESULT: {"using":"xpath","value":"//table[contains(@id, \"filterItemControl_BASIC-YARD-valueHelpDialog-table-table\")]/tbody/tr[1]/td[1]/div/span"}
COMMAND: POST /session/3c439525579c2e0b8ad9b556d9b6e42d/elements - {"using":"xpath","value":"//table[contains(@id, \"filterItemControl_BASIC-YARD-valueHelpDialog-table-table\")]/tbody/tr[1]/td[1]/div/span"}
RESULT: {"using":"xpath","value":"//table[contains(@id, \"filterItemControl_BASIC-YARD-valueHelpDialog-table-table\")]/tbody/tr[1]/td[1]/div/span"}
COMMAND: POST /session/3c439525579c2e0b8ad9b556d9b6e42d/execute/sync - {"script":"<script> [56 bytes]","args":[{"element-6066-11e4-a52e-4f735466cecf":"f.D9701E9044AEF593040EE735DD176420.d.803D37B0075CC47AB7B1D062962FD036.e.5502","ELEMENT":"f.D9701E9044AEF593040EE735DD176420.d.803D37B0075CC47AB7B1D062962FD036.e.5502"}]}
RESULT: {"script":"<script> [56 bytes]","args":[{"element-6066-11e4-a52e-4f735466cecf":"f.D9701E9044AEF593040EE735DD176420.d.803D37B0075CC47AB7B1D062962FD036.e.5502","ELEMENT":"f.D9701E9044AEF593040EE735DD176420.d.803D37B0075CC47AB7B1D062962FD036.e.5502"}]}
COMMAND: POST /session/3c439525579c2e0b8ad9b556d9b6e42d/element - {"using":"xpath","value":"//div[contains(@id, \"filterItemControl_BASIC-YARD-valueHelpDialog-table-rowsel0\")]"}
COMMAND: GET /session/3c439525579c2e0b8ad9b556d9b6e42d/screenshot - {}
RESULT: {"using":"xpath","value":"//div[contains(@id, \"filterItemControl_BASIC-YARD-valueHelpDialog-table-rowsel0\")]"}
COMMAND: POST /session/3c439525579c2e0b8ad9b556d9b6e42d/element/f.D9701E9044AEF593040EE735DD176420.d.803D37B0075CC47AB7B1D062962FD036.e.5503/click - {}
RESULT: {}
RESULT: {}
COMMAND: GET /session/3c439525579c2e0b8ad9b556d9b6e42d/screenshot - {}
RESULT: {}
COMMAND: POST /session/3c439525579c2e0b8ad9b556d9b6e42d/element - {"using":"xpath","value":"(//bdi[contains(text(), \"OK\")])[1]"}
RESULT: {"using":"xpath","value":"(//bdi[contains(text(), \"OK\")])[1]"}
COMMAND: POST /session/3c439525579c2e0b8ad9b556d9b6e42d/element/f.D9701E9044AEF593040EE735DD176420.d.803D37B0075CC47AB7B1D062962FD036.e.5506/click - {}
RESULT: {}
COMMAND: GET /session/3c439525579c2e0b8ad9b556d9b6e42d/screenshot - {}
RESULT: {}
COMMAND: POST /session/3c439525579c2e0b8ad9b556d9b6e42d/element - {"using":"xpath","value":"//span[@id=\"application-ruinventorylist-display-component---Master--smartTableRuInventoryList-header-inner\"]"}
RESULT: {"using":"xpath","value":"//span[@id=\"application-ruinventorylist-display-component---Master--smartTableRuInventoryList-header-inner\"]"}
COMMAND: POST /session/3c439525579c2e0b8ad9b556d9b6e42d/elements - {"using":"xpath","value":"//span[@id=\"application-ruinventorylist-display-component---Master--smartTableRuInventoryList-header-inner\"]"}
RESULT: {"using":"xpath","value":"//span[@id=\"application-ruinventorylist-display-component---Master--smartTableRuInventoryList-header-inner\"]"}
COMMAND: POST /session/3c439525579c2e0b8ad9b556d9b6e42d/execute/sync - {"script":"<script> [56 bytes]","args":[{"element-6066-11e4-a52e-4f735466cecf":"f.D9701E9044AEF593040EE735DD176420.d.803D37B0075CC47AB7B1D062962FD036.e.5640","ELEMENT":"f.D9701E9044AEF593040EE735DD176420.d.803D37B0075CC47AB7B1D062962FD036.e.5640"}]}
RESULT: {"script":"<script> [56 bytes]","args":[{"element-6066-11e4-a52e-4f735466cecf":"f.D9701E9044AEF593040EE735DD176420.d.803D37B0075CC47AB7B1D062962FD036.e.5640","ELEMENT":"f.D9701E9044AEF593040EE735DD176420.d.803D37B0075CC47AB7B1D062962FD036.e.5640"}]}
RESULT: undefined
COMMAND: POST /session/3c439525579c2e0b8ad9b556d9b6e42d/execute/async - {"script":"<script> [776 bytes]","args":[{"enterText":"600002","selector":{"id":"application-ruinventorylist-display-component---Master--smartFilterBar-btnBasicSearch","interaction":{"idSuffix":"I"}},"clearTextFirst":true,"interactionType":"ENTER_TEXT"}]}
COMMAND: GET /session/3c439525579c2e0b8ad9b556d9b6e42d/screenshot - {}
RESULT: {"script":"<script> [776 bytes]","args":[{"enterText":"600002","selector":{"id":"application-ruinventorylist-display-component---Master--smartFilterBar-btnBasicSearch","interaction":{"idSuffix":"I"}},"clearTextFirst":true,"interactionType":"ENTER_TEXT"}]}
COMMAND: POST /session/3c439525579c2e0b8ad9b556d9b6e42d/actions - {"actions":[{"id":"action23","type":"key","parameters":{},"actions":[{"type":"keyDown","value":"î€‡"},{"type":"pause","duration":10},{"type":"keyUp","value":"î€‡"}]}]}
RESULT: {}
RESULT: {"actions":[{"id":"action23","type":"key","parameters":{},"actions":[{"type":"keyDown","value":"î€‡"},{"type":"pause","duration":10},{"type":"keyUp","value":"î€‡"}]}]}
COMMAND: GET /session/3c439525579c2e0b8ad9b556d9b6e42d/screenshot - {}
RESULT: {}
COMMAND: POST /session/3c439525579c2e0b8ad9b556d9b6e42d/element - {"using":"xpath","value":"//span[@id=\"application-ruinventorylist-display-component---Master--smartTableRuInventoryList-header-inner\"]"}
RESULT: {"using":"xpath","value":"//span[@id=\"application-ruinventorylist-display-component---Master--smartTableRuInventoryList-header-inner\"]"}
COMMAND: POST /session/3c439525579c2e0b8ad9b556d9b6e42d/elements - {"using":"xpath","value":"//span[@id=\"application-ruinventorylist-display-component---Master--smartTableRuInventoryList-header-inner\"]"}
RESULT: {"using":"xpath","value":"//span[@id=\"application-ruinventorylist-display-component---Master--smartTableRuInventoryList-header-inner\"]"}
COMMAND: POST /session/3c439525579c2e0b8ad9b556d9b6e42d/execute/sync - {"script":"<script> [56 bytes]","args":[{"element-6066-11e4-a52e-4f735466cecf":"f.D9701E9044AEF593040EE735DD176420.d.803D37B0075CC47AB7B1D062962FD036.e.5640","ELEMENT":"f.D9701E9044AEF593040EE735DD176420.d.803D37B0075CC47AB7B1D062962FD036.e.5640"}]}
RESULT: {"script":"<script> [56 bytes]","args":[{"element-6066-11e4-a52e-4f735466cecf":"f.D9701E9044AEF593040EE735DD176420.d.803D37B0075CC47AB7B1D062962FD036.e.5640","ELEMENT":"f.D9701E9044AEF593040EE735DD176420.d.803D37B0075CC47AB7B1D062962FD036.e.5640"}]}
COMMAND: POST /session/3c439525579c2e0b8ad9b556d9b6e42d/element - {"using":"xpath","value":"//table[contains(@id, \"application-ruinventorylist-display-component---Master--tableRuInventoryList-listUl\")]/tbody/tr[1]/td[2]/div/div"}
COMMAND: GET /session/3c439525579c2e0b8ad9b556d9b6e42d/screenshot - {}
RESULT: {"using":"xpath","value":"//table[contains(@id, \"application-ruinventorylist-display-component---Master--tableRuInventoryList-listUl\")]/tbody/tr[1]/td[2]/div/div"}
COMMAND: POST /session/3c439525579c2e0b8ad9b556d9b6e42d/element/f.D9701E9044AEF593040EE735DD176420.d.803D37B0075CC47AB7B1D062962FD036.e.5646/click - {}
RESULT: {}
RESULT: {}
COMMAND: GET /session/3c439525579c2e0b8ad9b556d9b6e42d/screenshot - {}
RESULT: {}
COMMAND: POST /session/3c439525579c2e0b8ad9b556d9b6e42d/element - {"using":"xpath","value":"//div[contains(@id, \"smartFilterBar-btnBasicSearch-reset\")]"}
RESULT: {"using":"xpath","value":"//div[contains(@id, \"smartFilterBar-btnBasicSearch-reset\")]"}
COMMAND: POST /session/3c439525579c2e0b8ad9b556d9b6e42d/element/f.D9701E9044AEF593040EE735DD176420.d.803D37B0075CC47AB7B1D062962FD036.e.5656/click - {}
RESULT: {}
COMMAND: GET /session/3c439525579c2e0b8ad9b556d9b6e42d/screenshot - {}
RESULT: {}
RESULT: undefined
COMMAND: POST /session/3c439525579c2e0b8ad9b556d9b6e42d/execute/async - {"script":"<script> [776 bytes]","args":[{"enterText":"401002","selector":{"id":"application-ruinventorylist-display-component---Master--smartFilterBar-btnBasicSearch","interaction":{"idSuffix":"I"}},"clearTextFirst":true,"interactionType":"ENTER_TEXT"}]}
RESULT: {"script":"<script> [776 bytes]","args":[{"enterText":"401002","selector":{"id":"application-ruinventorylist-display-component---Master--smartFilterBar-btnBasicSearch","interaction":{"idSuffix":"I"}},"clearTextFirst":true,"interactionType":"ENTER_TEXT"}]}
COMMAND: POST /session/3c439525579c2e0b8ad9b556d9b6e42d/actions - {"actions":[{"id":"action24","type":"key","parameters":{},"actions":[{"type":"keyDown","value":"î€‡"},{"type":"pause","duration":10},{"type":"keyUp","value":"î€‡"}]}]}
RESULT: {"actions":[{"id":"action24","type":"key","parameters":{},"actions":[{"type":"keyDown","value":"î€‡"},{"type":"pause","duration":10},{"type":"keyUp","value":"î€‡"}]}]}
COMMAND: GET /session/3c439525579c2e0b8ad9b556d9b6e42d/screenshot - {}
RESULT: {}
COMMAND: POST /session/3c439525579c2e0b8ad9b556d9b6e42d/element - {"using":"xpath","value":"//span[@id=\"application-ruinventorylist-display-component---Master--smartTableRuInventoryList-header-inner\"]"}
RESULT: {"using":"xpath","value":"//span[@id=\"application-ruinventorylist-display-component---Master--smartTableRuInventoryList-header-inner\"]"}
COMMAND: POST /session/3c439525579c2e0b8ad9b556d9b6e42d/elements - {"using":"xpath","value":"//span[@id=\"application-ruinventorylist-display-component---Master--smartTableRuInventoryList-header-inner\"]"}
RESULT: {"using":"xpath","value":"//span[@id=\"application-ruinventorylist-display-component---Master--smartTableRuInventoryList-header-inner\"]"}
COMMAND: POST /session/3c439525579c2e0b8ad9b556d9b6e42d/execute/sync - {"script":"<script> [56 bytes]","args":[{"element-6066-11e4-a52e-4f735466cecf":"f.D9701E9044AEF593040EE735DD176420.d.803D37B0075CC47AB7B1D062962FD036.e.5640","ELEMENT":"f.D9701E9044AEF593040EE735DD176420.d.803D37B0075CC47AB7B1D062962FD036.e.5640"}]}
RESULT: {"script":"<script> [56 bytes]","args":[{"element-6066-11e4-a52e-4f735466cecf":"f.D9701E9044AEF593040EE735DD176420.d.803D37B0075CC47AB7B1D062962FD036.e.5640","ELEMENT":"f.D9701E9044AEF593040EE735DD176420.d.803D37B0075CC47AB7B1D062962FD036.e.5640"}]}
COMMAND: POST /session/3c439525579c2e0b8ad9b556d9b6e42d/element - {"using":"xpath","value":"//table[contains(@id, \"application-ruinventorylist-display-component---Master--tableRuInventoryList-listUl\")]/tbody/tr[1]/td[2]/div/div"}
COMMAND: GET /session/3c439525579c2e0b8ad9b556d9b6e42d/screenshot - {}
RESULT: {"using":"xpath","value":"//table[contains(@id, \"application-ruinventorylist-display-component---Master--tableRuInventoryList-listUl\")]/tbody/tr[1]/td[2]/div/div"}
COMMAND: POST /session/3c439525579c2e0b8ad9b556d9b6e42d/element/f.D9701E9044AEF593040EE735DD176420.d.803D37B0075CC47AB7B1D062962FD036.e.5791/click - {}
RESULT: {}
RESULT: {}
COMMAND: GET /session/3c439525579c2e0b8ad9b556d9b6e42d/screenshot - {}
RESULT: {}
COMMAND: POST /session/3c439525579c2e0b8ad9b556d9b6e42d/element - {"using":"xpath","value":"//div[contains(@id, \"smartFilterBar-btnBasicSearch-reset\")]"}
RESULT: {"using":"xpath","value":"//div[contains(@id, \"smartFilterBar-btnBasicSearch-reset\")]"}
COMMAND: POST /session/3c439525579c2e0b8ad9b556d9b6e42d/element/f.D9701E9044AEF593040EE735DD176420.d.803D37B0075CC47AB7B1D062962FD036.e.5656/click - {}
RESULT: {}
COMMAND: GET /session/3c439525579c2e0b8ad9b556d9b6e42d/screenshot - {}
RESULT: {}
RESULT: undefined
COMMAND: POST /session/3c439525579c2e0b8ad9b556d9b6e42d/execute/async - {"script":"<script> [776 bytes]","args":[{"enterText":"foR11gjBkW","selector":{"id":"application-ruinventorylist-display-component---Master--smartFilterBar-btnBasicSearch","interaction":{"idSuffix":"I"}},"clearTextFirst":true,"interactionType":"ENTER_TEXT"}]}
RESULT: {"script":"<script> [776 bytes]","args":[{"enterText":"foR11gjBkW","selector":{"id":"application-ruinventorylist-display-component---Master--smartFilterBar-btnBasicSearch","interaction":{"idSuffix":"I"}},"clearTextFirst":true,"interactionType":"ENTER_TEXT"}]}
COMMAND: POST /session/3c439525579c2e0b8ad9b556d9b6e42d/actions - {"actions":[{"id":"action25","type":"key","parameters":{},"actions":[{"type":"keyDown","value":"î€‡"},{"type":"pause","duration":10},{"type":"keyUp","value":"î€‡"}]}]}
RESULT: {"actions":[{"id":"action25","type":"key","parameters":{},"actions":[{"type":"keyDown","value":"î€‡"},{"type":"pause","duration":10},{"type":"keyUp","value":"î€‡"}]}]}
COMMAND: GET /session/3c439525579c2e0b8ad9b556d9b6e42d/screenshot - {}
RESULT: {}
COMMAND: POST /session/3c439525579c2e0b8ad9b556d9b6e42d/element - {"using":"xpath","value":"//span[@id=\"application-ruinventorylist-display-component---Master--smartTableRuInventoryList-header-inner\"]"}
RESULT: {"using":"xpath","value":"//span[@id=\"application-ruinventorylist-display-component---Master--smartTableRuInventoryList-header-inner\"]"}
COMMAND: POST /session/3c439525579c2e0b8ad9b556d9b6e42d/elements - {"using":"xpath","value":"//span[@id=\"application-ruinventorylist-display-component---Master--smartTableRuInventoryList-header-inner\"]"}
RESULT: {"using":"xpath","value":"//span[@id=\"application-ruinventorylist-display-component---Master--smartTableRuInventoryList-header-inner\"]"}
COMMAND: POST /session/3c439525579c2e0b8ad9b556d9b6e42d/execute/sync - {"script":"<script> [56 bytes]","args":[{"element-6066-11e4-a52e-4f735466cecf":"f.D9701E9044AEF593040EE735DD176420.d.803D37B0075CC47AB7B1D062962FD036.e.5640","ELEMENT":"f.D9701E9044AEF593040EE735DD176420.d.803D37B0075CC47AB7B1D062962FD036.e.5640"}]}
RESULT: {"script":"<script> [56 bytes]","args":[{"element-6066-11e4-a52e-4f735466cecf":"f.D9701E9044AEF593040EE735DD176420.d.803D37B0075CC47AB7B1D062962FD036.e.5640","ELEMENT":"f.D9701E9044AEF593040EE735DD176420.d.803D37B0075CC47AB7B1D062962FD036.e.5640"}]}
COMMAND: POST /session/3c439525579c2e0b8ad9b556d9b6e42d/element - {"using":"xpath","value":"//table[contains(@id, \"application-ruinventorylist-display-component---Master--tableRuInventoryList-listUl\")]/tbody/tr[1]/td[2]/div/div"}
COMMAND: GET /session/3c439525579c2e0b8ad9b556d9b6e42d/screenshot - {}
RESULT: {"using":"xpath","value":"//table[contains(@id, \"application-ruinventorylist-display-component---Master--tableRuInventoryList-listUl\")]/tbody/tr[1]/td[2]/div/div"}
COMMAND: POST /session/3c439525579c2e0b8ad9b556d9b6e42d/element/f.D9701E9044AEF593040EE735DD176420.d.803D37B0075CC47AB7B1D062962FD036.e.5935/click - {}
RESULT: {}
RESULT: {}
COMMAND: GET /session/3c439525579c2e0b8ad9b556d9b6e42d/screenshot - {}
RESULT: {}
COMMAND: POST /session/3c439525579c2e0b8ad9b556d9b6e42d/element - {"using":"xpath","value":"//div[contains(@id, \"smartFilterBar-btnBasicSearch-reset\")]"}
RESULT: {"using":"xpath","value":"//div[contains(@id, \"smartFilterBar-btnBasicSearch-reset\")]"}
COMMAND: POST /session/3c439525579c2e0b8ad9b556d9b6e42d/element/f.D9701E9044AEF593040EE735DD176420.d.803D37B0075CC47AB7B1D062962FD036.e.5656/click - {}
RESULT: {}
COMMAND: GET /session/3c439525579c2e0b8ad9b556d9b6e42d/screenshot - {}
RESULT: {}
RESULT: undefined
COMMAND: POST /session/3c439525579c2e0b8ad9b556d9b6e42d/execute/async - {"script":"<script> [776 bytes]","args":[{"enterText":"200188","selector":{"id":"application-ruinventorylist-display-component---Master--smartFilterBar-btnBasicSearch","interaction":{"idSuffix":"I"}},"clearTextFirst":true,"interactionType":"ENTER_TEXT"}]}
RESULT: {"script":"<script> [776 bytes]","args":[{"enterText":"200188","selector":{"id":"application-ruinventorylist-display-component---Master--smartFilterBar-btnBasicSearch","interaction":{"idSuffix":"I"}},"clearTextFirst":true,"interactionType":"ENTER_TEXT"}]}
COMMAND: POST /session/3c439525579c2e0b8ad9b556d9b6e42d/actions - {"actions":[{"id":"action26","type":"key","parameters":{},"actions":[{"type":"keyDown","value":"î€‡"},{"type":"pause","duration":10},{"type":"keyUp","value":"î€‡"}]}]}
RESULT: {"actions":[{"id":"action26","type":"key","parameters":{},"actions":[{"type":"keyDown","value":"î€‡"},{"type":"pause","duration":10},{"type":"keyUp","value":"î€‡"}]}]}
COMMAND: GET /session/3c439525579c2e0b8ad9b556d9b6e42d/screenshot - {}
RESULT: {}
COMMAND: POST /session/3c439525579c2e0b8ad9b556d9b6e42d/element - {"using":"xpath","value":"//span[@id=\"application-ruinventorylist-display-component---Master--smartTableRuInventoryList-header-inner\"]"}
RESULT: {"using":"xpath","value":"//span[@id=\"application-ruinventorylist-display-component---Master--smartTableRuInventoryList-header-inner\"]"}
COMMAND: POST /session/3c439525579c2e0b8ad9b556d9b6e42d/elements - {"using":"xpath","value":"//span[@id=\"application-ruinventorylist-display-component---Master--smartTableRuInventoryList-header-inner\"]"}
RESULT: {"using":"xpath","value":"//span[@id=\"application-ruinventorylist-display-component---Master--smartTableRuInventoryList-header-inner\"]"}
COMMAND: POST /session/3c439525579c2e0b8ad9b556d9b6e42d/execute/sync - {"script":"<script> [56 bytes]","args":[{"element-6066-11e4-a52e-4f735466cecf":"f.D9701E9044AEF593040EE735DD176420.d.803D37B0075CC47AB7B1D062962FD036.e.5640","ELEMENT":"f.D9701E9044AEF593040EE735DD176420.d.803D37B0075CC47AB7B1D062962FD036.e.5640"}]}
RESULT: {"script":"<script> [56 bytes]","args":[{"element-6066-11e4-a52e-4f735466cecf":"f.D9701E9044AEF593040EE735DD176420.d.803D37B0075CC47AB7B1D062962FD036.e.5640","ELEMENT":"f.D9701E9044AEF593040EE735DD176420.d.803D37B0075CC47AB7B1D062962FD036.e.5640"}]}
COMMAND: POST /session/3c439525579c2e0b8ad9b556d9b6e42d/element - {"using":"xpath","value":"//table[contains(@id, \"application-ruinventorylist-display-component---Master--tableRuInventoryList-listUl\")]/tbody/tr[1]/td[2]/div/div"}
COMMAND: GET /session/3c439525579c2e0b8ad9b556d9b6e42d/screenshot - {}
RESULT: {"using":"xpath","value":"//table[contains(@id, \"application-ruinventorylist-display-component---Master--tableRuInventoryList-listUl\")]/tbody/tr[1]/td[2]/div/div"}
COMMAND: POST /session/3c439525579c2e0b8ad9b556d9b6e42d/element/f.D9701E9044AEF593040EE735DD176420.d.803D37B0075CC47AB7B1D062962FD036.e.6079/click - {}
RESULT: {}
RESULT: {}
COMMAND: GET /session/3c439525579c2e0b8ad9b556d9b6e42d/screenshot - {}
RESULT: {}
COMMAND: POST /session/3c439525579c2e0b8ad9b556d9b6e42d/element - {"using":"xpath","value":"//div[contains(@id, \"smartFilterBar-btnBasicSearch-reset\")]"}
RESULT: {"using":"xpath","value":"//div[contains(@id, \"smartFilterBar-btnBasicSearch-reset\")]"}
COMMAND: POST /session/3c439525579c2e0b8ad9b556d9b6e42d/element/f.D9701E9044AEF593040EE735DD176420.d.803D37B0075CC47AB7B1D062962FD036.e.5656/click - {}
RESULT: {}
COMMAND: GET /session/3c439525579c2e0b8ad9b556d9b6e42d/screenshot - {}
RESULT: {}
COMMAND: POST /session/3c439525579c2e0b8ad9b556d9b6e42d/element/f.D9701E9044AEF593040EE735DD176420.d.803D37B0075CC47AB7B1D062962FD036.e.5083/click - {}
RESULT: {}
COMMAND: GET /session/3c439525579c2e0b8ad9b556d9b6e42d/screenshot - {}
RESULT: {}
COMMAND: POST /session/3c439525579c2e0b8ad9b556d9b6e42d/execute/async - {"script":"<script> [1562 bytes]","args":[{"selector":{"id":"application-ruinventorylist-display-component---Master--effectiveDate","searchOpenDialogs":true,"interaction":{"idSuffix":"inner"}},"wdio_ui5_key":"applicationruinventorylist-display-component---Master--effectiveDate"}]}
RESULT: {"script":"<script> [1562 bytes]","args":[{"selector":{"id":"application-ruinventorylist-display-component---Master--effectiveDate","searchOpenDialogs":true,"interaction":{"idSuffix":"inner"}},"wdio_ui5_key":"applicationruinventorylist-display-component---Master--effectiveDate"}]}
RESULT: undefined
COMMAND: POST /session/3c439525579c2e0b8ad9b556d9b6e42d/execute/async - {"script":"<script> [776 bytes]","args":[{"enterText":"05/14/25","selector":{"id":"application-ruinventorylist-display-component---Master--effectiveDate","searchOpenDialogs":true,"interaction":{"idSuffix":"inner"}},"clearTextFirst":true,"interactionType":"ENTER_TEXT"}]}
RESULT: {"script":"<script> [776 bytes]","args":[{"enterText":"05/14/25","selector":{"id":"application-ruinventorylist-display-component---Master--effectiveDate","searchOpenDialogs":true,"interaction":{"idSuffix":"inner"}},"clearTextFirst":true,"interactionType":"ENTER_TEXT"}]}
COMMAND: POST /session/3c439525579c2e0b8ad9b556d9b6e42d/element - {"using":"xpath","value":"//span[contains(@data-kt,\"correctionMassStateChangeIcon\")]"}
RESULT: {"using":"xpath","value":"//span[contains(@data-kt,\"correctionMassStateChangeIcon\")]"}
COMMAND: POST /session/3c439525579c2e0b8ad9b556d9b6e42d/elements - {"using":"xpath","value":"//span[contains(@data-kt,\"correctionMassStateChangeIcon\")]"}
RESULT: {"using":"xpath","value":"//span[contains(@data-kt,\"correctionMassStateChangeIcon\")]"}
COMMAND: POST /session/3c439525579c2e0b8ad9b556d9b6e42d/elements - {"using":"xpath","value":"//span[contains(@data-kt,\"correctionMassStateChangeIcon\")]"}
RESULT: {"using":"xpath","value":"//span[contains(@data-kt,\"correctionMassStateChangeIcon\")]"}
RESULT: undefined
COMMAND: POST /session/3c439525579c2e0b8ad9b556d9b6e42d/element - {"using":"xpath","value":"//*[@id=\"application-ruinventorylist-display-component---Master--ruStateTypes-arrow\"]"}
RESULT: {"using":"xpath","value":"//*[@id=\"application-ruinventorylist-display-component---Master--ruStateTypes-arrow\"]"}
COMMAND: POST /session/3c439525579c2e0b8ad9b556d9b6e42d/element/f.D9701E9044AEF593040EE735DD176420.d.803D37B0075CC47AB7B1D062962FD036.e.6264/click - {}
RESULT: {}
COMMAND: GET /session/3c439525579c2e0b8ad9b556d9b6e42d/screenshot - {}
RESULT: {}
COMMAND: POST /session/3c439525579c2e0b8ad9b556d9b6e42d/element - {"using":"xpath","value":"//li[.//span[text()=\"defect\"]]"}
RESULT: {"using":"xpath","value":"//li[.//span[text()=\"defect\"]]"}
COMMAND: POST /session/3c439525579c2e0b8ad9b556d9b6e42d/element/f.D9701E9044AEF593040EE735DD176420.d.803D37B0075CC47AB7B1D062962FD036.e.6265/click - {}
RESULT: {}
COMMAND: GET /session/3c439525579c2e0b8ad9b556d9b6e42d/screenshot - {}
RESULT: {}
COMMAND: POST /session/3c439525579c2e0b8ad9b556d9b6e42d/element - {"using":"xpath","value":"(//bdi[contains(text(), \"OK\")])[1]"}
RESULT: {"using":"xpath","value":"(//bdi[contains(text(), \"OK\")])[1]"}
COMMAND: POST /session/3c439525579c2e0b8ad9b556d9b6e42d/element/f.D9701E9044AEF593040EE735DD176420.d.803D37B0075CC47AB7B1D062962FD036.e.6266/click - {}
RESULT: {}
COMMAND: GET /session/3c439525579c2e0b8ad9b556d9b6e42d/screenshot - {}
RESULT: {}
COMMAND: POST /session/3c439525579c2e0b8ad9b556d9b6e42d/element - {"using":"css selector","value":"div.sapMMessageBoxError"}
RESULT: {"using":"css selector","value":"div.sapMMessageBoxError"}
COMMAND: POST /session/3c439525579c2e0b8ad9b556d9b6e42d/elements - {"using":"css selector","value":"div.sapMMessageBoxError"}
RESULT: {"using":"css selector","value":"div.sapMMessageBoxError"}
COMMAND: POST /session/3c439525579c2e0b8ad9b556d9b6e42d/element - {"using":"xpath","value":"//div[contains(@class, \"sapMMessageBoxError\")]/section/div/div/span"}
RESULT: {"using":"xpath","value":"//div[contains(@class, \"sapMMessageBoxError\")]/section/div/div/span"}
COMMAND: POST /session/3c439525579c2e0b8ad9b556d9b6e42d/execute/sync - {"script":"<script> [56 bytes]","args":[{"element-6066-11e4-a52e-4f735466cecf":"f.D9701E9044AEF593040EE735DD176420.d.803D37B0075CC47AB7B1D062962FD036.e.6270","ELEMENT":"f.D9701E9044AEF593040EE735DD176420.d.803D37B0075CC47AB7B1D062962FD036.e.6270"}]}
RESULT: {"script":"<script> [56 bytes]","args":[{"element-6066-11e4-a52e-4f735466cecf":"f.D9701E9044AEF593040EE735DD176420.d.803D37B0075CC47AB7B1D062962FD036.e.6270","ELEMENT":"f.D9701E9044AEF593040EE735DD176420.d.803D37B0075CC47AB7B1D062962FD036.e.6270"}]}
COMMAND: POST /session/3c439525579c2e0b8ad9b556d9b6e42d/element - {"using":"xpath","value":"(//bdi[contains(text(), \"Close\")])[1]"}
COMMAND: GET /session/3c439525579c2e0b8ad9b556d9b6e42d/screenshot - {}
RESULT: {"using":"xpath","value":"(//bdi[contains(text(), \"Close\")])[1]"}
COMMAND: POST /session/3c439525579c2e0b8ad9b556d9b6e42d/element/f.D9701E9044AEF593040EE735DD176420.d.803D37B0075CC47AB7B1D062962FD036.e.6271/click - {}
RESULT: {}
RESULT: {}
COMMAND: GET /session/3c439525579c2e0b8ad9b556d9b6e42d/screenshot - {}
RESULT: {}
RESULT: undefined
COMMAND: POST /session/3c439525579c2e0b8ad9b556d9b6e42d/execute/async - {"script":"<script> [776 bytes]","args":[{"enterText":"05/15/25","selector":{"id":"application-ruinventorylist-display-component---Master--effectiveDate","searchOpenDialogs":true,"interaction":{"idSuffix":"inner"}},"clearTextFirst":true,"interactionType":"ENTER_TEXT"}]}
RESULT: {"script":"<script> [776 bytes]","args":[{"enterText":"05/15/25","selector":{"id":"application-ruinventorylist-display-component---Master--effectiveDate","searchOpenDialogs":true,"interaction":{"idSuffix":"inner"}},"clearTextFirst":true,"interactionType":"ENTER_TEXT"}]}
COMMAND: POST /session/3c439525579c2e0b8ad9b556d9b6e42d/element - {"using":"xpath","value":"(//bdi[contains(text(), \"OK\")])[1]"}
RESULT: {"using":"xpath","value":"(//bdi[contains(text(), \"OK\")])[1]"}
COMMAND: POST /session/3c439525579c2e0b8ad9b556d9b6e42d/element/f.D9701E9044AEF593040EE735DD176420.d.803D37B0075CC47AB7B1D062962FD036.e.6266/click - {}
RESULT: {}
COMMAND: GET /session/3c439525579c2e0b8ad9b556d9b6e42d/screenshot - {}
RESULT: {}
COMMAND: POST /session/3c439525579c2e0b8ad9b556d9b6e42d/element - {"using":"xpath","value":"(//bdi[contains(text(), \"OK\")])[2]"}
RESULT: {"using":"xpath","value":"(//bdi[contains(text(), \"OK\")])[2]"}
COMMAND: POST /session/3c439525579c2e0b8ad9b556d9b6e42d/element/f.D9701E9044AEF593040EE735DD176420.d.803D37B0075CC47AB7B1D062962FD036.e.6313/click - {}
RESULT: {}
COMMAND: GET /session/3c439525579c2e0b8ad9b556d9b6e42d/screenshot - {}
RESULT: {}
RESULT: undefined
COMMAND: POST /session/3c439525579c2e0b8ad9b556d9b6e42d/execute/async - {"script":"<script> [776 bytes]","args":[{"enterText":"600002","selector":{"id":"application-ruinventorylist-display-component---Master--smartFilterBar-btnBasicSearch","interaction":{"idSuffix":"I"}},"clearTextFirst":true,"interactionType":"ENTER_TEXT"}]}
RESULT: {"script":"<script> [776 bytes]","args":[{"enterText":"600002","selector":{"id":"application-ruinventorylist-display-component---Master--smartFilterBar-btnBasicSearch","interaction":{"idSuffix":"I"}},"clearTextFirst":true,"interactionType":"ENTER_TEXT"}]}
COMMAND: POST /session/3c439525579c2e0b8ad9b556d9b6e42d/actions - {"actions":[{"id":"action27","type":"key","parameters":{},"actions":[{"type":"keyDown","value":"î€‡"},{"type":"pause","duration":10},{"type":"keyUp","value":"î€‡"}]}]}
RESULT: {"actions":[{"id":"action27","type":"key","parameters":{},"actions":[{"type":"keyDown","value":"î€‡"},{"type":"pause","duration":10},{"type":"keyUp","value":"î€‡"}]}]}
COMMAND: GET /session/3c439525579c2e0b8ad9b556d9b6e42d/screenshot - {}
RESULT: {}
COMMAND: POST /session/3c439525579c2e0b8ad9b556d9b6e42d/element - {"using":"xpath","value":"//span[@id=\"application-ruinventorylist-display-component---Master--smartTableRuInventoryList-header-inner\"]"}
RESULT: {"using":"xpath","value":"//span[@id=\"application-ruinventorylist-display-component---Master--smartTableRuInventoryList-header-inner\"]"}
COMMAND: POST /session/3c439525579c2e0b8ad9b556d9b6e42d/elements - {"using":"xpath","value":"//span[@id=\"application-ruinventorylist-display-component---Master--smartTableRuInventoryList-header-inner\"]"}
RESULT: {"using":"xpath","value":"//span[@id=\"application-ruinventorylist-display-component---Master--smartTableRuInventoryList-header-inner\"]"}
COMMAND: POST /session/3c439525579c2e0b8ad9b556d9b6e42d/execute/sync - {"script":"<script> [56 bytes]","args":[{"element-6066-11e4-a52e-4f735466cecf":"f.D9701E9044AEF593040EE735DD176420.d.803D37B0075CC47AB7B1D062962FD036.e.5640","ELEMENT":"f.D9701E9044AEF593040EE735DD176420.d.803D37B0075CC47AB7B1D062962FD036.e.5640"}]}
RESULT: {"script":"<script> [56 bytes]","args":[{"element-6066-11e4-a52e-4f735466cecf":"f.D9701E9044AEF593040EE735DD176420.d.803D37B0075CC47AB7B1D062962FD036.e.5640","ELEMENT":"f.D9701E9044AEF593040EE735DD176420.d.803D37B0075CC47AB7B1D062962FD036.e.5640"}]}
COMMAND: POST /session/3c439525579c2e0b8ad9b556d9b6e42d/element - {"using":"xpath","value":"//table[contains(@id, \"application-ruinventorylist-display-component---Master--tableRuInventoryList-listUl\")]/tbody/tr[1]/td[6]/div/span"}
COMMAND: GET /session/3c439525579c2e0b8ad9b556d9b6e42d/screenshot - {}
RESULT: {"using":"xpath","value":"//table[contains(@id, \"application-ruinventorylist-display-component---Master--tableRuInventoryList-listUl\")]/tbody/tr[1]/td[6]/div/span"}
COMMAND: POST /session/3c439525579c2e0b8ad9b556d9b6e42d/execute/sync - {"script":"<script> [56 bytes]","args":[{"element-6066-11e4-a52e-4f735466cecf":"f.D9701E9044AEF593040EE735DD176420.d.803D37B0075CC47AB7B1D062962FD036.e.6332","ELEMENT":"f.D9701E9044AEF593040EE735DD176420.d.803D37B0075CC47AB7B1D062962FD036.e.6332"}]}
RESULT: {}
RESULT: {"script":"<script> [56 bytes]","args":[{"element-6066-11e4-a52e-4f735466cecf":"f.D9701E9044AEF593040EE735DD176420.d.803D37B0075CC47AB7B1D062962FD036.e.6332","ELEMENT":"f.D9701E9044AEF593040EE735DD176420.d.803D37B0075CC47AB7B1D062962FD036.e.6332"}]}
COMMAND: POST /session/3c439525579c2e0b8ad9b556d9b6e42d/element - {"using":"xpath","value":"//div[contains(@id, \"smartFilterBar-btnBasicSearch-reset\")]"}
COMMAND: GET /session/3c439525579c2e0b8ad9b556d9b6e42d/screenshot - {}
RESULT: {"using":"xpath","value":"//div[contains(@id, \"smartFilterBar-btnBasicSearch-reset\")]"}
COMMAND: POST /session/3c439525579c2e0b8ad9b556d9b6e42d/element/f.D9701E9044AEF593040EE735DD176420.d.803D37B0075CC47AB7B1D062962FD036.e.5656/click - {}
RESULT: {}
RESULT: {}
COMMAND: GET /session/3c439525579c2e0b8ad9b556d9b6e42d/screenshot - {}
RESULT: {}
RESULT: undefined
COMMAND: POST /session/3c439525579c2e0b8ad9b556d9b6e42d/execute/async - {"script":"<script> [776 bytes]","args":[{"enterText":"401002","selector":{"id":"application-ruinventorylist-display-component---Master--smartFilterBar-btnBasicSearch","interaction":{"idSuffix":"I"}},"clearTextFirst":true,"interactionType":"ENTER_TEXT"}]}
RESULT: {"script":"<script> [776 bytes]","args":[{"enterText":"401002","selector":{"id":"application-ruinventorylist-display-component---Master--smartFilterBar-btnBasicSearch","interaction":{"idSuffix":"I"}},"clearTextFirst":true,"interactionType":"ENTER_TEXT"}]}
COMMAND: POST /session/3c439525579c2e0b8ad9b556d9b6e42d/actions - {"actions":[{"id":"action28","type":"key","parameters":{},"actions":[{"type":"keyDown","value":"î€‡"},{"type":"pause","duration":10},{"type":"keyUp","value":"î€‡"}]}]}
RESULT: {"actions":[{"id":"action28","type":"key","parameters":{},"actions":[{"type":"keyDown","value":"î€‡"},{"type":"pause","duration":10},{"type":"keyUp","value":"î€‡"}]}]}
COMMAND: GET /session/3c439525579c2e0b8ad9b556d9b6e42d/screenshot - {}
RESULT: {}
COMMAND: POST /session/3c439525579c2e0b8ad9b556d9b6e42d/element - {"using":"xpath","value":"//span[@id=\"application-ruinventorylist-display-component---Master--smartTableRuInventoryList-header-inner\"]"}
RESULT: {"using":"xpath","value":"//span[@id=\"application-ruinventorylist-display-component---Master--smartTableRuInventoryList-header-inner\"]"}
COMMAND: POST /session/3c439525579c2e0b8ad9b556d9b6e42d/elements - {"using":"xpath","value":"//span[@id=\"application-ruinventorylist-display-component---Master--smartTableRuInventoryList-header-inner\"]"}
RESULT: {"using":"xpath","value":"//span[@id=\"application-ruinventorylist-display-component---Master--smartTableRuInventoryList-header-inner\"]"}
COMMAND: POST /session/3c439525579c2e0b8ad9b556d9b6e42d/execute/sync - {"script":"<script> [56 bytes]","args":[{"element-6066-11e4-a52e-4f735466cecf":"f.D9701E9044AEF593040EE735DD176420.d.803D37B0075CC47AB7B1D062962FD036.e.5640","ELEMENT":"f.D9701E9044AEF593040EE735DD176420.d.803D37B0075CC47AB7B1D062962FD036.e.5640"}]}
RESULT: {"script":"<script> [56 bytes]","args":[{"element-6066-11e4-a52e-4f735466cecf":"f.D9701E9044AEF593040EE735DD176420.d.803D37B0075CC47AB7B1D062962FD036.e.5640","ELEMENT":"f.D9701E9044AEF593040EE735DD176420.d.803D37B0075CC47AB7B1D062962FD036.e.5640"}]}
COMMAND: POST /session/3c439525579c2e0b8ad9b556d9b6e42d/element - {"using":"xpath","value":"//table[contains(@id, \"application-ruinventorylist-display-component---Master--tableRuInventoryList-listUl\")]/tbody/tr[1]/td[6]/div/span"}
COMMAND: GET /session/3c439525579c2e0b8ad9b556d9b6e42d/screenshot - {}
RESULT: {"using":"xpath","value":"//table[contains(@id, \"application-ruinventorylist-display-component---Master--tableRuInventoryList-listUl\")]/tbody/tr[1]/td[6]/div/span"}
COMMAND: POST /session/3c439525579c2e0b8ad9b556d9b6e42d/execute/sync - {"script":"<script> [56 bytes]","args":[{"element-6066-11e4-a52e-4f735466cecf":"f.D9701E9044AEF593040EE735DD176420.d.803D37B0075CC47AB7B1D062962FD036.e.6415","ELEMENT":"f.D9701E9044AEF593040EE735DD176420.d.803D37B0075CC47AB7B1D062962FD036.e.6415"}]}
RESULT: {}
RESULT: {"script":"<script> [56 bytes]","args":[{"element-6066-11e4-a52e-4f735466cecf":"f.D9701E9044AEF593040EE735DD176420.d.803D37B0075CC47AB7B1D062962FD036.e.6415","ELEMENT":"f.D9701E9044AEF593040EE735DD176420.d.803D37B0075CC47AB7B1D062962FD036.e.6415"}]}
COMMAND: POST /session/3c439525579c2e0b8ad9b556d9b6e42d/element - {"using":"xpath","value":"//div[contains(@id, \"smartFilterBar-btnBasicSearch-reset\")]"}
COMMAND: GET /session/3c439525579c2e0b8ad9b556d9b6e42d/screenshot - {}
RESULT: {"using":"xpath","value":"//div[contains(@id, \"smartFilterBar-btnBasicSearch-reset\")]"}
COMMAND: POST /session/3c439525579c2e0b8ad9b556d9b6e42d/element/f.D9701E9044AEF593040EE735DD176420.d.803D37B0075CC47AB7B1D062962FD036.e.5656/click - {}
RESULT: {}
RESULT: {}
COMMAND: GET /session/3c439525579c2e0b8ad9b556d9b6e42d/screenshot - {}
RESULT: {}
RESULT: undefined
COMMAND: POST /session/3c439525579c2e0b8ad9b556d9b6e42d/execute/async - {"script":"<script> [776 bytes]","args":[{"enterText":"foR11gjBkW","selector":{"id":"application-ruinventorylist-display-component---Master--smartFilterBar-btnBasicSearch","interaction":{"idSuffix":"I"}},"clearTextFirst":true,"interactionType":"ENTER_TEXT"}]}
RESULT: {"script":"<script> [776 bytes]","args":[{"enterText":"foR11gjBkW","selector":{"id":"application-ruinventorylist-display-component---Master--smartFilterBar-btnBasicSearch","interaction":{"idSuffix":"I"}},"clearTextFirst":true,"interactionType":"ENTER_TEXT"}]}
COMMAND: POST /session/3c439525579c2e0b8ad9b556d9b6e42d/actions - {"actions":[{"id":"action29","type":"key","parameters":{},"actions":[{"type":"keyDown","value":"î€‡"},{"type":"pause","duration":10},{"type":"keyUp","value":"î€‡"}]}]}
RESULT: {"actions":[{"id":"action29","type":"key","parameters":{},"actions":[{"type":"keyDown","value":"î€‡"},{"type":"pause","duration":10},{"type":"keyUp","value":"î€‡"}]}]}
COMMAND: GET /session/3c439525579c2e0b8ad9b556d9b6e42d/screenshot - {}
RESULT: {}
COMMAND: POST /session/3c439525579c2e0b8ad9b556d9b6e42d/element - {"using":"xpath","value":"//span[@id=\"application-ruinventorylist-display-component---Master--smartTableRuInventoryList-header-inner\"]"}
RESULT: {"using":"xpath","value":"//span[@id=\"application-ruinventorylist-display-component---Master--smartTableRuInventoryList-header-inner\"]"}
COMMAND: POST /session/3c439525579c2e0b8ad9b556d9b6e42d/elements - {"using":"xpath","value":"//span[@id=\"application-ruinventorylist-display-component---Master--smartTableRuInventoryList-header-inner\"]"}
RESULT: {"using":"xpath","value":"//span[@id=\"application-ruinventorylist-display-component---Master--smartTableRuInventoryList-header-inner\"]"}
COMMAND: POST /session/3c439525579c2e0b8ad9b556d9b6e42d/execute/sync - {"script":"<script> [56 bytes]","args":[{"element-6066-11e4-a52e-4f735466cecf":"f.D9701E9044AEF593040EE735DD176420.d.803D37B0075CC47AB7B1D062962FD036.e.5640","ELEMENT":"f.D9701E9044AEF593040EE735DD176420.d.803D37B0075CC47AB7B1D062962FD036.e.5640"}]}
RESULT: {"script":"<script> [56 bytes]","args":[{"element-6066-11e4-a52e-4f735466cecf":"f.D9701E9044AEF593040EE735DD176420.d.803D37B0075CC47AB7B1D062962FD036.e.5640","ELEMENT":"f.D9701E9044AEF593040EE735DD176420.d.803D37B0075CC47AB7B1D062962FD036.e.5640"}]}
COMMAND: POST /session/3c439525579c2e0b8ad9b556d9b6e42d/element - {"using":"xpath","value":"//table[contains(@id, \"application-ruinventorylist-display-component---Master--tableRuInventoryList-listUl\")]/tbody/tr[1]/td[6]/div/span"}
COMMAND: GET /session/3c439525579c2e0b8ad9b556d9b6e42d/screenshot - {}
RESULT: {"using":"xpath","value":"//table[contains(@id, \"application-ruinventorylist-display-component---Master--tableRuInventoryList-listUl\")]/tbody/tr[1]/td[6]/div/span"}
COMMAND: POST /session/3c439525579c2e0b8ad9b556d9b6e42d/execute/sync - {"script":"<script> [56 bytes]","args":[{"element-6066-11e4-a52e-4f735466cecf":"f.D9701E9044AEF593040EE735DD176420.d.803D37B0075CC47AB7B1D062962FD036.e.6495","ELEMENT":"f.D9701E9044AEF593040EE735DD176420.d.803D37B0075CC47AB7B1D062962FD036.e.6495"}]}
RESULT: {}
RESULT: {"script":"<script> [56 bytes]","args":[{"element-6066-11e4-a52e-4f735466cecf":"f.D9701E9044AEF593040EE735DD176420.d.803D37B0075CC47AB7B1D062962FD036.e.6495","ELEMENT":"f.D9701E9044AEF593040EE735DD176420.d.803D37B0075CC47AB7B1D062962FD036.e.6495"}]}
COMMAND: POST /session/3c439525579c2e0b8ad9b556d9b6e42d/element - {"using":"xpath","value":"//div[contains(@id, \"smartFilterBar-btnBasicSearch-reset\")]"}
COMMAND: GET /session/3c439525579c2e0b8ad9b556d9b6e42d/screenshot - {}
RESULT: {"using":"xpath","value":"//div[contains(@id, \"smartFilterBar-btnBasicSearch-reset\")]"}
COMMAND: POST /session/3c439525579c2e0b8ad9b556d9b6e42d/element/f.D9701E9044AEF593040EE735DD176420.d.803D37B0075CC47AB7B1D062962FD036.e.5656/click - {}
RESULT: {}
RESULT: {}
COMMAND: GET /session/3c439525579c2e0b8ad9b556d9b6e42d/screenshot - {}
RESULT: {}
RESULT: undefined
COMMAND: POST /session/3c439525579c2e0b8ad9b556d9b6e42d/execute/async - {"script":"<script> [776 bytes]","args":[{"enterText":"200188","selector":{"id":"application-ruinventorylist-display-component---Master--smartFilterBar-btnBasicSearch","interaction":{"idSuffix":"I"}},"clearTextFirst":true,"interactionType":"ENTER_TEXT"}]}
RESULT: {"script":"<script> [776 bytes]","args":[{"enterText":"200188","selector":{"id":"application-ruinventorylist-display-component---Master--smartFilterBar-btnBasicSearch","interaction":{"idSuffix":"I"}},"clearTextFirst":true,"interactionType":"ENTER_TEXT"}]}
COMMAND: POST /session/3c439525579c2e0b8ad9b556d9b6e42d/actions - {"actions":[{"id":"action30","type":"key","parameters":{},"actions":[{"type":"keyDown","value":"î€‡"},{"type":"pause","duration":10},{"type":"keyUp","value":"î€‡"}]}]}
RESULT: {"actions":[{"id":"action30","type":"key","parameters":{},"actions":[{"type":"keyDown","value":"î€‡"},{"type":"pause","duration":10},{"type":"keyUp","value":"î€‡"}]}]}
COMMAND: GET /session/3c439525579c2e0b8ad9b556d9b6e42d/screenshot - {}
RESULT: {}
COMMAND: POST /session/3c439525579c2e0b8ad9b556d9b6e42d/element - {"using":"xpath","value":"//span[@id=\"application-ruinventorylist-display-component---Master--smartTableRuInventoryList-header-inner\"]"}
RESULT: {"using":"xpath","value":"//span[@id=\"application-ruinventorylist-display-component---Master--smartTableRuInventoryList-header-inner\"]"}
COMMAND: POST /session/3c439525579c2e0b8ad9b556d9b6e42d/elements - {"using":"xpath","value":"//span[@id=\"application-ruinventorylist-display-component---Master--smartTableRuInventoryList-header-inner\"]"}
RESULT: {"using":"xpath","value":"//span[@id=\"application-ruinventorylist-display-component---Master--smartTableRuInventoryList-header-inner\"]"}
COMMAND: POST /session/3c439525579c2e0b8ad9b556d9b6e42d/execute/sync - {"script":"<script> [56 bytes]","args":[{"element-6066-11e4-a52e-4f735466cecf":"f.D9701E9044AEF593040EE735DD176420.d.803D37B0075CC47AB7B1D062962FD036.e.5640","ELEMENT":"f.D9701E9044AEF593040EE735DD176420.d.803D37B0075CC47AB7B1D062962FD036.e.5640"}]}
RESULT: {"script":"<script> [56 bytes]","args":[{"element-6066-11e4-a52e-4f735466cecf":"f.D9701E9044AEF593040EE735DD176420.d.803D37B0075CC47AB7B1D062962FD036.e.5640","ELEMENT":"f.D9701E9044AEF593040EE735DD176420.d.803D37B0075CC47AB7B1D062962FD036.e.5640"}]}
COMMAND: POST /session/3c439525579c2e0b8ad9b556d9b6e42d/element - {"using":"xpath","value":"//table[contains(@id, \"application-ruinventorylist-display-component---Master--tableRuInventoryList-listUl\")]/tbody/tr[1]/td[6]/div/span"}
COMMAND: GET /session/3c439525579c2e0b8ad9b556d9b6e42d/screenshot - {}
RESULT: {"using":"xpath","value":"//table[contains(@id, \"application-ruinventorylist-display-component---Master--tableRuInventoryList-listUl\")]/tbody/tr[1]/td[6]/div/span"}
COMMAND: POST /session/3c439525579c2e0b8ad9b556d9b6e42d/execute/sync - {"script":"<script> [56 bytes]","args":[{"element-6066-11e4-a52e-4f735466cecf":"f.D9701E9044AEF593040EE735DD176420.d.803D37B0075CC47AB7B1D062962FD036.e.6577","ELEMENT":"f.D9701E9044AEF593040EE735DD176420.d.803D37B0075CC47AB7B1D062962FD036.e.6577"}]}
RESULT: {}
RESULT: {"script":"<script> [56 bytes]","args":[{"element-6066-11e4-a52e-4f735466cecf":"f.D9701E9044AEF593040EE735DD176420.d.803D37B0075CC47AB7B1D062962FD036.e.6577","ELEMENT":"f.D9701E9044AEF593040EE735DD176420.d.803D37B0075CC47AB7B1D062962FD036.e.6577"}]}
COMMAND: POST /session/3c439525579c2e0b8ad9b556d9b6e42d/element - {"using":"xpath","value":"//div[contains(@id, \"smartFilterBar-btnBasicSearch-reset\")]"}
COMMAND: GET /session/3c439525579c2e0b8ad9b556d9b6e42d/screenshot - {}
RESULT: {"using":"xpath","value":"//div[contains(@id, \"smartFilterBar-btnBasicSearch-reset\")]"}
COMMAND: POST /session/3c439525579c2e0b8ad9b556d9b6e42d/element/f.D9701E9044AEF593040EE735DD176420.d.803D37B0075CC47AB7B1D062962FD036.e.5656/click - {}
RESULT: {}
RESULT: {}
COMMAND: GET /session/3c439525579c2e0b8ad9b556d9b6e42d/screenshot - {}
RESULT: {}
COMMAND: POST /session/3c439525579c2e0b8ad9b556d9b6e42d/element/f.D9701E9044AEF593040EE735DD176420.d.803D37B0075CC47AB7B1D062962FD036.e.5083/click - {}
RESULT: {}
COMMAND: GET /session/3c439525579c2e0b8ad9b556d9b6e42d/screenshot - {}
RESULT: {}
RESULT: undefined
COMMAND: POST /session/3c439525579c2e0b8ad9b556d9b6e42d/execute/async - {"script":"<script> [776 bytes]","args":[{"enterText":"600002","selector":{"id":"application-ruinventorylist-display-component---Master--smartFilterBar-btnBasicSearch","interaction":{"idSuffix":"I"}},"clearTextFirst":true,"interactionType":"ENTER_TEXT"}]}
RESULT: {"script":"<script> [776 bytes]","args":[{"enterText":"600002","selector":{"id":"application-ruinventorylist-display-component---Master--smartFilterBar-btnBasicSearch","interaction":{"idSuffix":"I"}},"clearTextFirst":true,"interactionType":"ENTER_TEXT"}]}
COMMAND: POST /session/3c439525579c2e0b8ad9b556d9b6e42d/actions - {"actions":[{"id":"action31","type":"key","parameters":{},"actions":[{"type":"keyDown","value":"î€‡"},{"type":"pause","duration":10},{"type":"keyUp","value":"î€‡"}]}]}
RESULT: {"actions":[{"id":"action31","type":"key","parameters":{},"actions":[{"type":"keyDown","value":"î€‡"},{"type":"pause","duration":10},{"type":"keyUp","value":"î€‡"}]}]}
COMMAND: GET /session/3c439525579c2e0b8ad9b556d9b6e42d/screenshot - {}
RESULT: {}
COMMAND: POST /session/3c439525579c2e0b8ad9b556d9b6e42d/element - {"using":"xpath","value":"//span[@id=\"application-ruinventorylist-display-component---Master--smartTableRuInventoryList-header-inner\"]"}
RESULT: {"using":"xpath","value":"//span[@id=\"application-ruinventorylist-display-component---Master--smartTableRuInventoryList-header-inner\"]"}
COMMAND: POST /session/3c439525579c2e0b8ad9b556d9b6e42d/elements - {"using":"xpath","value":"//span[@id=\"application-ruinventorylist-display-component---Master--smartTableRuInventoryList-header-inner\"]"}
RESULT: {"using":"xpath","value":"//span[@id=\"application-ruinventorylist-display-component---Master--smartTableRuInventoryList-header-inner\"]"}
COMMAND: POST /session/3c439525579c2e0b8ad9b556d9b6e42d/execute/sync - {"script":"<script> [56 bytes]","args":[{"element-6066-11e4-a52e-4f735466cecf":"f.D9701E9044AEF593040EE735DD176420.d.803D37B0075CC47AB7B1D062962FD036.e.5640","ELEMENT":"f.D9701E9044AEF593040EE735DD176420.d.803D37B0075CC47AB7B1D062962FD036.e.5640"}]}
RESULT: {"script":"<script> [56 bytes]","args":[{"element-6066-11e4-a52e-4f735466cecf":"f.D9701E9044AEF593040EE735DD176420.d.803D37B0075CC47AB7B1D062962FD036.e.5640","ELEMENT":"f.D9701E9044AEF593040EE735DD176420.d.803D37B0075CC47AB7B1D062962FD036.e.5640"}]}
COMMAND: POST /session/3c439525579c2e0b8ad9b556d9b6e42d/element - {"using":"xpath","value":"//table[contains(@id, \"application-ruinventorylist-display-component---Master--tableRuInventoryList-listUl\")]/tbody/tr[1]/td[2]/div/div"}
COMMAND: GET /session/3c439525579c2e0b8ad9b556d9b6e42d/screenshot - {}
RESULT: {"using":"xpath","value":"//table[contains(@id, \"application-ruinventorylist-display-component---Master--tableRuInventoryList-listUl\")]/tbody/tr[1]/td[2]/div/div"}
COMMAND: POST /session/3c439525579c2e0b8ad9b556d9b6e42d/element/f.D9701E9044AEF593040EE735DD176420.d.803D37B0075CC47AB7B1D062962FD036.e.6829/click - {}
RESULT: {}
RESULT: {}
COMMAND: GET /session/3c439525579c2e0b8ad9b556d9b6e42d/screenshot - {}
RESULT: {}
COMMAND: POST /session/3c439525579c2e0b8ad9b556d9b6e42d/element - {"using":"xpath","value":"//div[contains(@id, \"smartFilterBar-btnBasicSearch-reset\")]"}
RESULT: {"using":"xpath","value":"//div[contains(@id, \"smartFilterBar-btnBasicSearch-reset\")]"}
COMMAND: POST /session/3c439525579c2e0b8ad9b556d9b6e42d/element/f.D9701E9044AEF593040EE735DD176420.d.803D37B0075CC47AB7B1D062962FD036.e.5656/click - {}
RESULT: {}
COMMAND: GET /session/3c439525579c2e0b8ad9b556d9b6e42d/screenshot - {}
RESULT: {}
RESULT: undefined
COMMAND: POST /session/3c439525579c2e0b8ad9b556d9b6e42d/execute/async - {"script":"<script> [776 bytes]","args":[{"enterText":"401002","selector":{"id":"application-ruinventorylist-display-component---Master--smartFilterBar-btnBasicSearch","interaction":{"idSuffix":"I"}},"clearTextFirst":true,"interactionType":"ENTER_TEXT"}]}
RESULT: {"script":"<script> [776 bytes]","args":[{"enterText":"401002","selector":{"id":"application-ruinventorylist-display-component---Master--smartFilterBar-btnBasicSearch","interaction":{"idSuffix":"I"}},"clearTextFirst":true,"interactionType":"ENTER_TEXT"}]}
COMMAND: POST /session/3c439525579c2e0b8ad9b556d9b6e42d/actions - {"actions":[{"id":"action32","type":"key","parameters":{},"actions":[{"type":"keyDown","value":"î€‡"},{"type":"pause","duration":10},{"type":"keyUp","value":"î€‡"}]}]}
RESULT: {"actions":[{"id":"action32","type":"key","parameters":{},"actions":[{"type":"keyDown","value":"î€‡"},{"type":"pause","duration":10},{"type":"keyUp","value":"î€‡"}]}]}
COMMAND: GET /session/3c439525579c2e0b8ad9b556d9b6e42d/screenshot - {}
RESULT: {}
COMMAND: POST /session/3c439525579c2e0b8ad9b556d9b6e42d/element - {"using":"xpath","value":"//span[@id=\"application-ruinventorylist-display-component---Master--smartTableRuInventoryList-header-inner\"]"}
RESULT: {"using":"xpath","value":"//span[@id=\"application-ruinventorylist-display-component---Master--smartTableRuInventoryList-header-inner\"]"}
COMMAND: POST /session/3c439525579c2e0b8ad9b556d9b6e42d/elements - {"using":"xpath","value":"//span[@id=\"application-ruinventorylist-display-component---Master--smartTableRuInventoryList-header-inner\"]"}
RESULT: {"using":"xpath","value":"//span[@id=\"application-ruinventorylist-display-component---Master--smartTableRuInventoryList-header-inner\"]"}
COMMAND: POST /session/3c439525579c2e0b8ad9b556d9b6e42d/execute/sync - {"script":"<script> [56 bytes]","args":[{"element-6066-11e4-a52e-4f735466cecf":"f.D9701E9044AEF593040EE735DD176420.d.803D37B0075CC47AB7B1D062962FD036.e.5640","ELEMENT":"f.D9701E9044AEF593040EE735DD176420.d.803D37B0075CC47AB7B1D062962FD036.e.5640"}]}
RESULT: {"script":"<script> [56 bytes]","args":[{"element-6066-11e4-a52e-4f735466cecf":"f.D9701E9044AEF593040EE735DD176420.d.803D37B0075CC47AB7B1D062962FD036.e.5640","ELEMENT":"f.D9701E9044AEF593040EE735DD176420.d.803D37B0075CC47AB7B1D062962FD036.e.5640"}]}
COMMAND: POST /session/3c439525579c2e0b8ad9b556d9b6e42d/element - {"using":"xpath","value":"//table[contains(@id, \"application-ruinventorylist-display-component---Master--tableRuInventoryList-listUl\")]/tbody/tr[1]/td[2]/div/div"}
COMMAND: GET /session/3c439525579c2e0b8ad9b556d9b6e42d/screenshot - {}
RESULT: {"using":"xpath","value":"//table[contains(@id, \"application-ruinventorylist-display-component---Master--tableRuInventoryList-listUl\")]/tbody/tr[1]/td[2]/div/div"}
COMMAND: POST /session/3c439525579c2e0b8ad9b556d9b6e42d/element/f.D9701E9044AEF593040EE735DD176420.d.803D37B0075CC47AB7B1D062962FD036.e.6973/click - {}
RESULT: {}
RESULT: {}
COMMAND: GET /session/3c439525579c2e0b8ad9b556d9b6e42d/screenshot - {}
RESULT: {}
COMMAND: POST /session/3c439525579c2e0b8ad9b556d9b6e42d/element - {"using":"xpath","value":"//div[contains(@id, \"smartFilterBar-btnBasicSearch-reset\")]"}
RESULT: {"using":"xpath","value":"//div[contains(@id, \"smartFilterBar-btnBasicSearch-reset\")]"}
COMMAND: POST /session/3c439525579c2e0b8ad9b556d9b6e42d/element/f.D9701E9044AEF593040EE735DD176420.d.803D37B0075CC47AB7B1D062962FD036.e.5656/click - {}
RESULT: {}
COMMAND: GET /session/3c439525579c2e0b8ad9b556d9b6e42d/screenshot - {}
RESULT: {}
RESULT: undefined
COMMAND: POST /session/3c439525579c2e0b8ad9b556d9b6e42d/execute/async - {"script":"<script> [776 bytes]","args":[{"enterText":"foR11gjBkW","selector":{"id":"application-ruinventorylist-display-component---Master--smartFilterBar-btnBasicSearch","interaction":{"idSuffix":"I"}},"clearTextFirst":true,"interactionType":"ENTER_TEXT"}]}
RESULT: {"script":"<script> [776 bytes]","args":[{"enterText":"foR11gjBkW","selector":{"id":"application-ruinventorylist-display-component---Master--smartFilterBar-btnBasicSearch","interaction":{"idSuffix":"I"}},"clearTextFirst":true,"interactionType":"ENTER_TEXT"}]}
COMMAND: POST /session/3c439525579c2e0b8ad9b556d9b6e42d/actions - {"actions":[{"id":"action33","type":"key","parameters":{},"actions":[{"type":"keyDown","value":"î€‡"},{"type":"pause","duration":10},{"type":"keyUp","value":"î€‡"}]}]}
RESULT: {"actions":[{"id":"action33","type":"key","parameters":{},"actions":[{"type":"keyDown","value":"î€‡"},{"type":"pause","duration":10},{"type":"keyUp","value":"î€‡"}]}]}
COMMAND: GET /session/3c439525579c2e0b8ad9b556d9b6e42d/screenshot - {}
RESULT: {}
COMMAND: POST /session/3c439525579c2e0b8ad9b556d9b6e42d/element - {"using":"xpath","value":"//span[@id=\"application-ruinventorylist-display-component---Master--smartTableRuInventoryList-header-inner\"]"}
RESULT: {"using":"xpath","value":"//span[@id=\"application-ruinventorylist-display-component---Master--smartTableRuInventoryList-header-inner\"]"}
COMMAND: POST /session/3c439525579c2e0b8ad9b556d9b6e42d/elements - {"using":"xpath","value":"//span[@id=\"application-ruinventorylist-display-component---Master--smartTableRuInventoryList-header-inner\"]"}
RESULT: {"using":"xpath","value":"//span[@id=\"application-ruinventorylist-display-component---Master--smartTableRuInventoryList-header-inner\"]"}
COMMAND: POST /session/3c439525579c2e0b8ad9b556d9b6e42d/execute/sync - {"script":"<script> [56 bytes]","args":[{"element-6066-11e4-a52e-4f735466cecf":"f.D9701E9044AEF593040EE735DD176420.d.803D37B0075CC47AB7B1D062962FD036.e.5640","ELEMENT":"f.D9701E9044AEF593040EE735DD176420.d.803D37B0075CC47AB7B1D062962FD036.e.5640"}]}
RESULT: {"script":"<script> [56 bytes]","args":[{"element-6066-11e4-a52e-4f735466cecf":"f.D9701E9044AEF593040EE735DD176420.d.803D37B0075CC47AB7B1D062962FD036.e.5640","ELEMENT":"f.D9701E9044AEF593040EE735DD176420.d.803D37B0075CC47AB7B1D062962FD036.e.5640"}]}
COMMAND: POST /session/3c439525579c2e0b8ad9b556d9b6e42d/element - {"using":"xpath","value":"//table[contains(@id, \"application-ruinventorylist-display-component---Master--tableRuInventoryList-listUl\")]/tbody/tr[1]/td[2]/div/div"}
COMMAND: GET /session/3c439525579c2e0b8ad9b556d9b6e42d/screenshot - {}
RESULT: {"using":"xpath","value":"//table[contains(@id, \"application-ruinventorylist-display-component---Master--tableRuInventoryList-listUl\")]/tbody/tr[1]/td[2]/div/div"}
COMMAND: POST /session/3c439525579c2e0b8ad9b556d9b6e42d/element/f.D9701E9044AEF593040EE735DD176420.d.803D37B0075CC47AB7B1D062962FD036.e.7118/click - {}
RESULT: {}
RESULT: {}
COMMAND: GET /session/3c439525579c2e0b8ad9b556d9b6e42d/screenshot - {}
RESULT: {}
COMMAND: POST /session/3c439525579c2e0b8ad9b556d9b6e42d/element - {"using":"xpath","value":"//div[contains(@id, \"smartFilterBar-btnBasicSearch-reset\")]"}
RESULT: {"using":"xpath","value":"//div[contains(@id, \"smartFilterBar-btnBasicSearch-reset\")]"}
COMMAND: POST /session/3c439525579c2e0b8ad9b556d9b6e42d/element/f.D9701E9044AEF593040EE735DD176420.d.803D37B0075CC47AB7B1D062962FD036.e.5656/click - {}
RESULT: {}
COMMAND: GET /session/3c439525579c2e0b8ad9b556d9b6e42d/screenshot - {}
RESULT: {}
RESULT: undefined
COMMAND: POST /session/3c439525579c2e0b8ad9b556d9b6e42d/execute/async - {"script":"<script> [776 bytes]","args":[{"enterText":"200188","selector":{"id":"application-ruinventorylist-display-component---Master--smartFilterBar-btnBasicSearch","interaction":{"idSuffix":"I"}},"clearTextFirst":true,"interactionType":"ENTER_TEXT"}]}
RESULT: {"script":"<script> [776 bytes]","args":[{"enterText":"200188","selector":{"id":"application-ruinventorylist-display-component---Master--smartFilterBar-btnBasicSearch","interaction":{"idSuffix":"I"}},"clearTextFirst":true,"interactionType":"ENTER_TEXT"}]}
COMMAND: POST /session/3c439525579c2e0b8ad9b556d9b6e42d/actions - {"actions":[{"id":"action34","type":"key","parameters":{},"actions":[{"type":"keyDown","value":"î€‡"},{"type":"pause","duration":10},{"type":"keyUp","value":"î€‡"}]}]}
RESULT: {"actions":[{"id":"action34","type":"key","parameters":{},"actions":[{"type":"keyDown","value":"î€‡"},{"type":"pause","duration":10},{"type":"keyUp","value":"î€‡"}]}]}
COMMAND: GET /session/3c439525579c2e0b8ad9b556d9b6e42d/screenshot - {}
RESULT: {}
COMMAND: POST /session/3c439525579c2e0b8ad9b556d9b6e42d/element - {"using":"xpath","value":"//span[@id=\"application-ruinventorylist-display-component---Master--smartTableRuInventoryList-header-inner\"]"}
RESULT: {"using":"xpath","value":"//span[@id=\"application-ruinventorylist-display-component---Master--smartTableRuInventoryList-header-inner\"]"}
COMMAND: POST /session/3c439525579c2e0b8ad9b556d9b6e42d/elements - {"using":"xpath","value":"//span[@id=\"application-ruinventorylist-display-component---Master--smartTableRuInventoryList-header-inner\"]"}
RESULT: {"using":"xpath","value":"//span[@id=\"application-ruinventorylist-display-component---Master--smartTableRuInventoryList-header-inner\"]"}
COMMAND: POST /session/3c439525579c2e0b8ad9b556d9b6e42d/execute/sync - {"script":"<script> [56 bytes]","args":[{"element-6066-11e4-a52e-4f735466cecf":"f.D9701E9044AEF593040EE735DD176420.d.803D37B0075CC47AB7B1D062962FD036.e.5640","ELEMENT":"f.D9701E9044AEF593040EE735DD176420.d.803D37B0075CC47AB7B1D062962FD036.e.5640"}]}
RESULT: {"script":"<script> [56 bytes]","args":[{"element-6066-11e4-a52e-4f735466cecf":"f.D9701E9044AEF593040EE735DD176420.d.803D37B0075CC47AB7B1D062962FD036.e.5640","ELEMENT":"f.D9701E9044AEF593040EE735DD176420.d.803D37B0075CC47AB7B1D062962FD036.e.5640"}]}
COMMAND: POST /session/3c439525579c2e0b8ad9b556d9b6e42d/element - {"using":"xpath","value":"//table[contains(@id, \"application-ruinventorylist-display-component---Master--tableRuInventoryList-listUl\")]/tbody/tr[1]/td[2]/div/div"}
COMMAND: GET /session/3c439525579c2e0b8ad9b556d9b6e42d/screenshot - {}
RESULT: {"using":"xpath","value":"//table[contains(@id, \"application-ruinventorylist-display-component---Master--tableRuInventoryList-listUl\")]/tbody/tr[1]/td[2]/div/div"}
COMMAND: POST /session/3c439525579c2e0b8ad9b556d9b6e42d/element/f.D9701E9044AEF593040EE735DD176420.d.803D37B0075CC47AB7B1D062962FD036.e.7261/click - {}
RESULT: {}
RESULT: {}
COMMAND: GET /session/3c439525579c2e0b8ad9b556d9b6e42d/screenshot - {}
RESULT: {}
COMMAND: POST /session/3c439525579c2e0b8ad9b556d9b6e42d/element - {"using":"xpath","value":"//div[contains(@id, \"smartFilterBar-btnBasicSearch-reset\")]"}
RESULT: {"using":"xpath","value":"//div[contains(@id, \"smartFilterBar-btnBasicSearch-reset\")]"}
COMMAND: POST /session/3c439525579c2e0b8ad9b556d9b6e42d/element/f.D9701E9044AEF593040EE735DD176420.d.803D37B0075CC47AB7B1D062962FD036.e.5656/click - {}
RESULT: {}
COMMAND: GET /session/3c439525579c2e0b8ad9b556d9b6e42d/screenshot - {}
RESULT: {}
COMMAND: POST /session/3c439525579c2e0b8ad9b556d9b6e42d/element/f.D9701E9044AEF593040EE735DD176420.d.803D37B0075CC47AB7B1D062962FD036.e.5083/click - {}
RESULT: {}
COMMAND: GET /session/3c439525579c2e0b8ad9b556d9b6e42d/screenshot - {}
RESULT: {}
RESULT: undefined
COMMAND: POST /session/3c439525579c2e0b8ad9b556d9b6e42d/element - {"using":"xpath","value":"//*[@id=\"application-ruinventorylist-display-component---Master--ruStateTypes-arrow\"]"}
RESULT: {"using":"xpath","value":"//*[@id=\"application-ruinventorylist-display-component---Master--ruStateTypes-arrow\"]"}
COMMAND: POST /session/3c439525579c2e0b8ad9b556d9b6e42d/element/f.D9701E9044AEF593040EE735DD176420.d.803D37B0075CC47AB7B1D062962FD036.e.7425/click - {}
RESULT: {}
COMMAND: GET /session/3c439525579c2e0b8ad9b556d9b6e42d/screenshot - {}
RESULT: {}
COMMAND: POST /session/3c439525579c2e0b8ad9b556d9b6e42d/element - {"using":"xpath","value":"//li[.//span[text()=\"available\"]]"}
RESULT: {"using":"xpath","value":"//li[.//span[text()=\"available\"]]"}
COMMAND: POST /session/3c439525579c2e0b8ad9b556d9b6e42d/element/f.D9701E9044AEF593040EE735DD176420.d.803D37B0075CC47AB7B1D062962FD036.e.7426/click - {}
RESULT: {}
COMMAND: GET /session/3c439525579c2e0b8ad9b556d9b6e42d/screenshot - {}
RESULT: {}
COMMAND: POST /session/3c439525579c2e0b8ad9b556d9b6e42d/element - {"using":"xpath","value":"(//bdi[contains(text(), \"OK\")])[1]"}
RESULT: {"using":"xpath","value":"(//bdi[contains(text(), \"OK\")])[1]"}
COMMAND: POST /session/3c439525579c2e0b8ad9b556d9b6e42d/element/f.D9701E9044AEF593040EE735DD176420.d.803D37B0075CC47AB7B1D062962FD036.e.7427/click - {}
RESULT: {}
COMMAND: GET /session/3c439525579c2e0b8ad9b556d9b6e42d/screenshot - {}
RESULT: {}
COMMAND: POST /session/3c439525579c2e0b8ad9b556d9b6e42d/element - {"using":"xpath","value":"(//bdi[contains(text(), \"OK\")])[2]"}
RESULT: {"using":"xpath","value":"(//bdi[contains(text(), \"OK\")])[2]"}
COMMAND: POST /session/3c439525579c2e0b8ad9b556d9b6e42d/element/f.D9701E9044AEF593040EE735DD176420.d.803D37B0075CC47AB7B1D062962FD036.e.7431/click - {}
RESULT: {}
COMMAND: GET /session/3c439525579c2e0b8ad9b556d9b6e42d/screenshot - {}
RESULT: {}
RESULT: undefined
COMMAND: POST /session/3c439525579c2e0b8ad9b556d9b6e42d/execute/async - {"script":"<script> [776 bytes]","args":[{"enterText":"600002","selector":{"id":"application-ruinventorylist-display-component---Master--smartFilterBar-btnBasicSearch","interaction":{"idSuffix":"I"}},"clearTextFirst":true,"interactionType":"ENTER_TEXT"}]}
RESULT: {"script":"<script> [776 bytes]","args":[{"enterText":"600002","selector":{"id":"application-ruinventorylist-display-component---Master--smartFilterBar-btnBasicSearch","interaction":{"idSuffix":"I"}},"clearTextFirst":true,"interactionType":"ENTER_TEXT"}]}
COMMAND: POST /session/3c439525579c2e0b8ad9b556d9b6e42d/actions - {"actions":[{"id":"action35","type":"key","parameters":{},"actions":[{"type":"keyDown","value":"î€‡"},{"type":"pause","duration":10},{"type":"keyUp","value":"î€‡"}]}]}
RESULT: {"actions":[{"id":"action35","type":"key","parameters":{},"actions":[{"type":"keyDown","value":"î€‡"},{"type":"pause","duration":10},{"type":"keyUp","value":"î€‡"}]}]}
COMMAND: GET /session/3c439525579c2e0b8ad9b556d9b6e42d/screenshot - {}
RESULT: {}
COMMAND: POST /session/3c439525579c2e0b8ad9b556d9b6e42d/element - {"using":"xpath","value":"//span[@id=\"application-ruinventorylist-display-component---Master--smartTableRuInventoryList-header-inner\"]"}
RESULT: {"using":"xpath","value":"//span[@id=\"application-ruinventorylist-display-component---Master--smartTableRuInventoryList-header-inner\"]"}
COMMAND: POST /session/3c439525579c2e0b8ad9b556d9b6e42d/elements - {"using":"xpath","value":"//span[@id=\"application-ruinventorylist-display-component---Master--smartTableRuInventoryList-header-inner\"]"}
RESULT: {"using":"xpath","value":"//span[@id=\"application-ruinventorylist-display-component---Master--smartTableRuInventoryList-header-inner\"]"}
COMMAND: POST /session/3c439525579c2e0b8ad9b556d9b6e42d/execute/sync - {"script":"<script> [56 bytes]","args":[{"element-6066-11e4-a52e-4f735466cecf":"f.D9701E9044AEF593040EE735DD176420.d.803D37B0075CC47AB7B1D062962FD036.e.5640","ELEMENT":"f.D9701E9044AEF593040EE735DD176420.d.803D37B0075CC47AB7B1D062962FD036.e.5640"}]}
RESULT: {"script":"<script> [56 bytes]","args":[{"element-6066-11e4-a52e-4f735466cecf":"f.D9701E9044AEF593040EE735DD176420.d.803D37B0075CC47AB7B1D062962FD036.e.5640","ELEMENT":"f.D9701E9044AEF593040EE735DD176420.d.803D37B0075CC47AB7B1D062962FD036.e.5640"}]}
COMMAND: POST /session/3c439525579c2e0b8ad9b556d9b6e42d/element - {"using":"xpath","value":"//table[contains(@id, \"application-ruinventorylist-display-component---Master--tableRuInventoryList-listUl\")]/tbody/tr[1]/td[6]/div/span"}
COMMAND: GET /session/3c439525579c2e0b8ad9b556d9b6e42d/screenshot - {}
RESULT: {"using":"xpath","value":"//table[contains(@id, \"application-ruinventorylist-display-component---Master--tableRuInventoryList-listUl\")]/tbody/tr[1]/td[6]/div/span"}
COMMAND: POST /session/3c439525579c2e0b8ad9b556d9b6e42d/execute/sync - {"script":"<script> [56 bytes]","args":[{"element-6066-11e4-a52e-4f735466cecf":"f.D9701E9044AEF593040EE735DD176420.d.803D37B0075CC47AB7B1D062962FD036.e.7451","ELEMENT":"f.D9701E9044AEF593040EE735DD176420.d.803D37B0075CC47AB7B1D062962FD036.e.7451"}]}
RESULT: {}
RESULT: {"script":"<script> [56 bytes]","args":[{"element-6066-11e4-a52e-4f735466cecf":"f.D9701E9044AEF593040EE735DD176420.d.803D37B0075CC47AB7B1D062962FD036.e.7451","ELEMENT":"f.D9701E9044AEF593040EE735DD176420.d.803D37B0075CC47AB7B1D062962FD036.e.7451"}]}
COMMAND: POST /session/3c439525579c2e0b8ad9b556d9b6e42d/element - {"using":"xpath","value":"//div[contains(@id, \"smartFilterBar-btnBasicSearch-reset\")]"}
COMMAND: GET /session/3c439525579c2e0b8ad9b556d9b6e42d/screenshot - {}
RESULT: {"using":"xpath","value":"//div[contains(@id, \"smartFilterBar-btnBasicSearch-reset\")]"}
COMMAND: POST /session/3c439525579c2e0b8ad9b556d9b6e42d/element/f.D9701E9044AEF593040EE735DD176420.d.803D37B0075CC47AB7B1D062962FD036.e.5656/click - {}
RESULT: {}
RESULT: {}
COMMAND: GET /session/3c439525579c2e0b8ad9b556d9b6e42d/screenshot - {}
RESULT: {}
RESULT: undefined
COMMAND: POST /session/3c439525579c2e0b8ad9b556d9b6e42d/execute/async - {"script":"<script> [776 bytes]","args":[{"enterText":"401002","selector":{"id":"application-ruinventorylist-display-component---Master--smartFilterBar-btnBasicSearch","interaction":{"idSuffix":"I"}},"clearTextFirst":true,"interactionType":"ENTER_TEXT"}]}
RESULT: {"script":"<script> [776 bytes]","args":[{"enterText":"401002","selector":{"id":"application-ruinventorylist-display-component---Master--smartFilterBar-btnBasicSearch","interaction":{"idSuffix":"I"}},"clearTextFirst":true,"interactionType":"ENTER_TEXT"}]}
COMMAND: POST /session/3c439525579c2e0b8ad9b556d9b6e42d/actions - {"actions":[{"id":"action36","type":"key","parameters":{},"actions":[{"type":"keyDown","value":"î€‡"},{"type":"pause","duration":10},{"type":"keyUp","value":"î€‡"}]}]}
RESULT: {"actions":[{"id":"action36","type":"key","parameters":{},"actions":[{"type":"keyDown","value":"î€‡"},{"type":"pause","duration":10},{"type":"keyUp","value":"î€‡"}]}]}
COMMAND: GET /session/3c439525579c2e0b8ad9b556d9b6e42d/screenshot - {}
RESULT: {}
COMMAND: POST /session/3c439525579c2e0b8ad9b556d9b6e42d/element - {"using":"xpath","value":"//span[@id=\"application-ruinventorylist-display-component---Master--smartTableRuInventoryList-header-inner\"]"}
RESULT: {"using":"xpath","value":"//span[@id=\"application-ruinventorylist-display-component---Master--smartTableRuInventoryList-header-inner\"]"}
COMMAND: POST /session/3c439525579c2e0b8ad9b556d9b6e42d/elements - {"using":"xpath","value":"//span[@id=\"application-ruinventorylist-display-component---Master--smartTableRuInventoryList-header-inner\"]"}
RESULT: {"using":"xpath","value":"//span[@id=\"application-ruinventorylist-display-component---Master--smartTableRuInventoryList-header-inner\"]"}
COMMAND: POST /session/3c439525579c2e0b8ad9b556d9b6e42d/execute/sync - {"script":"<script> [56 bytes]","args":[{"element-6066-11e4-a52e-4f735466cecf":"f.D9701E9044AEF593040EE735DD176420.d.803D37B0075CC47AB7B1D062962FD036.e.5640","ELEMENT":"f.D9701E9044AEF593040EE735DD176420.d.803D37B0075CC47AB7B1D062962FD036.e.5640"}]}
RESULT: {"script":"<script> [56 bytes]","args":[{"element-6066-11e4-a52e-4f735466cecf":"f.D9701E9044AEF593040EE735DD176420.d.803D37B0075CC47AB7B1D062962FD036.e.5640","ELEMENT":"f.D9701E9044AEF593040EE735DD176420.d.803D37B0075CC47AB7B1D062962FD036.e.5640"}]}
COMMAND: POST /session/3c439525579c2e0b8ad9b556d9b6e42d/element - {"using":"xpath","value":"//table[contains(@id, \"application-ruinventorylist-display-component---Master--tableRuInventoryList-listUl\")]/tbody/tr[1]/td[6]/div/span"}
COMMAND: GET /session/3c439525579c2e0b8ad9b556d9b6e42d/screenshot - {}
RESULT: {"using":"xpath","value":"//table[contains(@id, \"application-ruinventorylist-display-component---Master--tableRuInventoryList-listUl\")]/tbody/tr[1]/td[6]/div/span"}
COMMAND: POST /session/3c439525579c2e0b8ad9b556d9b6e42d/execute/sync - {"script":"<script> [56 bytes]","args":[{"element-6066-11e4-a52e-4f735466cecf":"f.D9701E9044AEF593040EE735DD176420.d.803D37B0075CC47AB7B1D062962FD036.e.7532","ELEMENT":"f.D9701E9044AEF593040EE735DD176420.d.803D37B0075CC47AB7B1D062962FD036.e.7532"}]}
RESULT: {}
RESULT: {"script":"<script> [56 bytes]","args":[{"element-6066-11e4-a52e-4f735466cecf":"f.D9701E9044AEF593040EE735DD176420.d.803D37B0075CC47AB7B1D062962FD036.e.7532","ELEMENT":"f.D9701E9044AEF593040EE735DD176420.d.803D37B0075CC47AB7B1D062962FD036.e.7532"}]}
COMMAND: POST /session/3c439525579c2e0b8ad9b556d9b6e42d/element - {"using":"xpath","value":"//div[contains(@id, \"smartFilterBar-btnBasicSearch-reset\")]"}
COMMAND: GET /session/3c439525579c2e0b8ad9b556d9b6e42d/screenshot - {}
RESULT: {"using":"xpath","value":"//div[contains(@id, \"smartFilterBar-btnBasicSearch-reset\")]"}
COMMAND: POST /session/3c439525579c2e0b8ad9b556d9b6e42d/element/f.D9701E9044AEF593040EE735DD176420.d.803D37B0075CC47AB7B1D062962FD036.e.5656/click - {}
RESULT: {}
RESULT: {}
COMMAND: GET /session/3c439525579c2e0b8ad9b556d9b6e42d/screenshot - {}
RESULT: {}
RESULT: undefined
COMMAND: POST /session/3c439525579c2e0b8ad9b556d9b6e42d/execute/async - {"script":"<script> [776 bytes]","args":[{"enterText":"foR11gjBkW","selector":{"id":"application-ruinventorylist-display-component---Master--smartFilterBar-btnBasicSearch","interaction":{"idSuffix":"I"}},"clearTextFirst":true,"interactionType":"ENTER_TEXT"}]}
RESULT: {"script":"<script> [776 bytes]","args":[{"enterText":"foR11gjBkW","selector":{"id":"application-ruinventorylist-display-component---Master--smartFilterBar-btnBasicSearch","interaction":{"idSuffix":"I"}},"clearTextFirst":true,"interactionType":"ENTER_TEXT"}]}
COMMAND: POST /session/3c439525579c2e0b8ad9b556d9b6e42d/actions - {"actions":[{"id":"action37","type":"key","parameters":{},"actions":[{"type":"keyDown","value":"î€‡"},{"type":"pause","duration":10},{"type":"keyUp","value":"î€‡"}]}]}
RESULT: {"actions":[{"id":"action37","type":"key","parameters":{},"actions":[{"type":"keyDown","value":"î€‡"},{"type":"pause","duration":10},{"type":"keyUp","value":"î€‡"}]}]}
COMMAND: GET /session/3c439525579c2e0b8ad9b556d9b6e42d/screenshot - {}
RESULT: {}
COMMAND: POST /session/3c439525579c2e0b8ad9b556d9b6e42d/element - {"using":"xpath","value":"//span[@id=\"application-ruinventorylist-display-component---Master--smartTableRuInventoryList-header-inner\"]"}
RESULT: {"using":"xpath","value":"//span[@id=\"application-ruinventorylist-display-component---Master--smartTableRuInventoryList-header-inner\"]"}
COMMAND: POST /session/3c439525579c2e0b8ad9b556d9b6e42d/elements - {"using":"xpath","value":"//span[@id=\"application-ruinventorylist-display-component---Master--smartTableRuInventoryList-header-inner\"]"}
RESULT: {"using":"xpath","value":"//span[@id=\"application-ruinventorylist-display-component---Master--smartTableRuInventoryList-header-inner\"]"}
COMMAND: POST /session/3c439525579c2e0b8ad9b556d9b6e42d/execute/sync - {"script":"<script> [56 bytes]","args":[{"element-6066-11e4-a52e-4f735466cecf":"f.D9701E9044AEF593040EE735DD176420.d.803D37B0075CC47AB7B1D062962FD036.e.5640","ELEMENT":"f.D9701E9044AEF593040EE735DD176420.d.803D37B0075CC47AB7B1D062962FD036.e.5640"}]}
RESULT: {"script":"<script> [56 bytes]","args":[{"element-6066-11e4-a52e-4f735466cecf":"f.D9701E9044AEF593040EE735DD176420.d.803D37B0075CC47AB7B1D062962FD036.e.5640","ELEMENT":"f.D9701E9044AEF593040EE735DD176420.d.803D37B0075CC47AB7B1D062962FD036.e.5640"}]}
COMMAND: POST /session/3c439525579c2e0b8ad9b556d9b6e42d/element - {"using":"xpath","value":"//table[contains(@id, \"application-ruinventorylist-display-component---Master--tableRuInventoryList-listUl\")]/tbody/tr[1]/td[6]/div/span"}
COMMAND: GET /session/3c439525579c2e0b8ad9b556d9b6e42d/screenshot - {}
RESULT: {"using":"xpath","value":"//table[contains(@id, \"application-ruinventorylist-display-component---Master--tableRuInventoryList-listUl\")]/tbody/tr[1]/td[6]/div/span"}
COMMAND: POST /session/3c439525579c2e0b8ad9b556d9b6e42d/execute/sync - {"script":"<script> [56 bytes]","args":[{"element-6066-11e4-a52e-4f735466cecf":"f.D9701E9044AEF593040EE735DD176420.d.803D37B0075CC47AB7B1D062962FD036.e.7613","ELEMENT":"f.D9701E9044AEF593040EE735DD176420.d.803D37B0075CC47AB7B1D062962FD036.e.7613"}]}
RESULT: {}
RESULT: {"script":"<script> [56 bytes]","args":[{"element-6066-11e4-a52e-4f735466cecf":"f.D9701E9044AEF593040EE735DD176420.d.803D37B0075CC47AB7B1D062962FD036.e.7613","ELEMENT":"f.D9701E9044AEF593040EE735DD176420.d.803D37B0075CC47AB7B1D062962FD036.e.7613"}]}
COMMAND: POST /session/3c439525579c2e0b8ad9b556d9b6e42d/element - {"using":"xpath","value":"//div[contains(@id, \"smartFilterBar-btnBasicSearch-reset\")]"}
COMMAND: GET /session/3c439525579c2e0b8ad9b556d9b6e42d/screenshot - {}
RESULT: {"using":"xpath","value":"//div[contains(@id, \"smartFilterBar-btnBasicSearch-reset\")]"}
COMMAND: POST /session/3c439525579c2e0b8ad9b556d9b6e42d/element/f.D9701E9044AEF593040EE735DD176420.d.803D37B0075CC47AB7B1D062962FD036.e.5656/click - {}
RESULT: {}
RESULT: {}
COMMAND: GET /session/3c439525579c2e0b8ad9b556d9b6e42d/screenshot - {}
RESULT: {}
RESULT: undefined
COMMAND: POST /session/3c439525579c2e0b8ad9b556d9b6e42d/execute/async - {"script":"<script> [776 bytes]","args":[{"enterText":"200188","selector":{"id":"application-ruinventorylist-display-component---Master--smartFilterBar-btnBasicSearch","interaction":{"idSuffix":"I"}},"clearTextFirst":true,"interactionType":"ENTER_TEXT"}]}
RESULT: {"script":"<script> [776 bytes]","args":[{"enterText":"200188","selector":{"id":"application-ruinventorylist-display-component---Master--smartFilterBar-btnBasicSearch","interaction":{"idSuffix":"I"}},"clearTextFirst":true,"interactionType":"ENTER_TEXT"}]}
COMMAND: POST /session/3c439525579c2e0b8ad9b556d9b6e42d/actions - {"actions":[{"id":"action38","type":"key","parameters":{},"actions":[{"type":"keyDown","value":"î€‡"},{"type":"pause","duration":10},{"type":"keyUp","value":"î€‡"}]}]}
RESULT: {"actions":[{"id":"action38","type":"key","parameters":{},"actions":[{"type":"keyDown","value":"î€‡"},{"type":"pause","duration":10},{"type":"keyUp","value":"î€‡"}]}]}
COMMAND: GET /session/3c439525579c2e0b8ad9b556d9b6e42d/screenshot - {}
RESULT: {}
COMMAND: POST /session/3c439525579c2e0b8ad9b556d9b6e42d/element - {"using":"xpath","value":"//span[@id=\"application-ruinventorylist-display-component---Master--smartTableRuInventoryList-header-inner\"]"}
RESULT: {"using":"xpath","value":"//span[@id=\"application-ruinventorylist-display-component---Master--smartTableRuInventoryList-header-inner\"]"}
COMMAND: POST /session/3c439525579c2e0b8ad9b556d9b6e42d/elements - {"using":"xpath","value":"//span[@id=\"application-ruinventorylist-display-component---Master--smartTableRuInventoryList-header-inner\"]"}
RESULT: {"using":"xpath","value":"//span[@id=\"application-ruinventorylist-display-component---Master--smartTableRuInventoryList-header-inner\"]"}
COMMAND: POST /session/3c439525579c2e0b8ad9b556d9b6e42d/execute/sync - {"script":"<script> [56 bytes]","args":[{"element-6066-11e4-a52e-4f735466cecf":"f.D9701E9044AEF593040EE735DD176420.d.803D37B0075CC47AB7B1D062962FD036.e.5640","ELEMENT":"f.D9701E9044AEF593040EE735DD176420.d.803D37B0075CC47AB7B1D062962FD036.e.5640"}]}
RESULT: {"script":"<script> [56 bytes]","args":[{"element-6066-11e4-a52e-4f735466cecf":"f.D9701E9044AEF593040EE735DD176420.d.803D37B0075CC47AB7B1D062962FD036.e.5640","ELEMENT":"f.D9701E9044AEF593040EE735DD176420.d.803D37B0075CC47AB7B1D062962FD036.e.5640"}]}
COMMAND: POST /session/3c439525579c2e0b8ad9b556d9b6e42d/element - {"using":"xpath","value":"//table[contains(@id, \"application-ruinventorylist-display-component---Master--tableRuInventoryList-listUl\")]/tbody/tr[1]/td[6]/div/span"}
COMMAND: GET /session/3c439525579c2e0b8ad9b556d9b6e42d/screenshot - {}
RESULT: {"using":"xpath","value":"//table[contains(@id, \"application-ruinventorylist-display-component---Master--tableRuInventoryList-listUl\")]/tbody/tr[1]/td[6]/div/span"}
COMMAND: POST /session/3c439525579c2e0b8ad9b556d9b6e42d/execute/sync - {"script":"<script> [56 bytes]","args":[{"element-6066-11e4-a52e-4f735466cecf":"f.D9701E9044AEF593040EE735DD176420.d.803D37B0075CC47AB7B1D062962FD036.e.7695","ELEMENT":"f.D9701E9044AEF593040EE735DD176420.d.803D37B0075CC47AB7B1D062962FD036.e.7695"}]}
RESULT: {}
RESULT: {"script":"<script> [56 bytes]","args":[{"element-6066-11e4-a52e-4f735466cecf":"f.D9701E9044AEF593040EE735DD176420.d.803D37B0075CC47AB7B1D062962FD036.e.7695","ELEMENT":"f.D9701E9044AEF593040EE735DD176420.d.803D37B0075CC47AB7B1D062962FD036.e.7695"}]}
COMMAND: POST /session/3c439525579c2e0b8ad9b556d9b6e42d/element - {"using":"xpath","value":"//div[contains(@id, \"smartFilterBar-btnBasicSearch-reset\")]"}
COMMAND: GET /session/3c439525579c2e0b8ad9b556d9b6e42d/screenshot - {}
RESULT: {"using":"xpath","value":"//div[contains(@id, \"smartFilterBar-btnBasicSearch-reset\")]"}
COMMAND: POST /session/3c439525579c2e0b8ad9b556d9b6e42d/element/f.D9701E9044AEF593040EE735DD176420.d.803D37B0075CC47AB7B1D062962FD036.e.5656/click - {}
RESULT: {}
RESULT: {}
COMMAND: GET /session/3c439525579c2e0b8ad9b556d9b6e42d/screenshot - {}
RESULT: {}
COMMAND: POST /session/3c439525579c2e0b8ad9b556d9b6e42d/element - {"using":"css selector","value":"#shell-header-logo"}
RESULT: {"using":"css selector","value":"#shell-header-logo"}
COMMAND: POST /session/3c439525579c2e0b8ad9b556d9b6e42d/element/f.D9701E9044AEF593040EE735DD176420.d.803D37B0075CC47AB7B1D062962FD036.e.5048/click - {}
RESULT: {}
COMMAND: GET /session/3c439525579c2e0b8ad9b556d9b6e42d/screenshot - {}
RESULT: {}
COMMAND: DELETE /session/3c439525579c2e0b8ad9b556d9b6e42d - {}
RESULT: {}
]]></system-out>
    </testcase>
  </testsuite>
</testsuites>