<?xml version="1.0" encoding="UTF-8"?>
<testsuites tests="21" failures="0" errors="0" skipped="0">
  <testsuite timestamp="2025-05-13T06:58:06" time="393.791" tests="3" failures="0" errors="0" skipped="0">
    <properties>
      <property name="specId" value="0" />
      <property name="suiteName" value="Create condition pricing US117289 US134625" />
      <property name="capabilities" value="chrome.136_0_7103_49.windows" />
      <property name="file" value="file:///D:/a/1/s/test/specs/BTS/create-condition-pricing.spec.js" />
    </properties>
    <testcase classname="chrome.136_0_7103_49.windows.Create_condition_pricing_US117289_US134625" name="Should create a new yard used for all following tests" time="118.825">
      <system-out><![CDATA[
COMMAND: POST /session/f85737454a4a087f20f4e06a50aa0ff9/window/fullscreen - {}
RESULT: {}
COMMAND: POST /session/f85737454a4a087f20f4e06a50aa0ff9/execute/async - {"script":"<script> [1562 bytes]","args":[{"selector":{"controlType":"sap.m.GenericTile","properties":{"header":"Manage Yards"}},"wdio_ui5_key":"sapm.GenericTile{\"header\":\"Manage Yards\"}"}]}
RESULT: {"script":"<script> [1562 bytes]","args":[{"selector":{"controlType":"sap.m.GenericTile","properties":{"header":"Manage Yards"}},"wdio_ui5_key":"sapm.GenericTile{\"header\":\"Manage Yards\"}"}]}
RESULT: undefined
COMMAND: POST /session/f85737454a4a087f20f4e06a50aa0ff9/element - {"using":"xpath","value":"//*[@id=\"__tile41\"]"}
RESULT: {"using":"xpath","value":"//*[@id=\"__tile41\"]"}
COMMAND: POST /session/f85737454a4a087f20f4e06a50aa0ff9/element/f.A10590C3E91A9D0BB6CAA0C0A9556112.d.B953EA1560FC40CC00C1BE41D72CCCD4.e.164/click - {}
RESULT: {}
COMMAND: POST /session/f85737454a4a087f20f4e06a50aa0ff9/element - {"using":"xpath","value":"//button[@data-kt=\"addNewYardOverflowToolbarButton\"]"}
COMMAND: GET /session/f85737454a4a087f20f4e06a50aa0ff9/screenshot - {}
RESULT: {"using":"xpath","value":"//button[@data-kt=\"addNewYardOverflowToolbarButton\"]"}
COMMAND: POST /session/f85737454a4a087f20f4e06a50aa0ff9/elements - {"using":"xpath","value":"//button[@data-kt=\"addNewYardOverflowToolbarButton\"]"}
RESULT: {}
RESULT: {"using":"xpath","value":"//button[@data-kt=\"addNewYardOverflowToolbarButton\"]"}
COMMAND: POST /session/f85737454a4a087f20f4e06a50aa0ff9/elements - {"using":"xpath","value":"//button[@data-kt=\"addNewYardOverflowToolbarButton\"]"}
RESULT: {"using":"xpath","value":"//button[@data-kt=\"addNewYardOverflowToolbarButton\"]"}
COMMAND: POST /session/f85737454a4a087f20f4e06a50aa0ff9/elements - {"using":"xpath","value":"//button[@data-kt=\"addNewYardOverflowToolbarButton\"]"}
RESULT: {"using":"xpath","value":"//button[@data-kt=\"addNewYardOverflowToolbarButton\"]"}
COMMAND: POST /session/f85737454a4a087f20f4e06a50aa0ff9/elements - {"using":"xpath","value":"//button[@data-kt=\"addNewYardOverflowToolbarButton\"]"}
RESULT: {"using":"xpath","value":"//button[@data-kt=\"addNewYardOverflowToolbarButton\"]"}
COMMAND: POST /session/f85737454a4a087f20f4e06a50aa0ff9/elements - {"using":"xpath","value":"//button[@data-kt=\"addNewYardOverflowToolbarButton\"]"}
RESULT: {"using":"xpath","value":"//button[@data-kt=\"addNewYardOverflowToolbarButton\"]"}
COMMAND: POST /session/f85737454a4a087f20f4e06a50aa0ff9/elements - {"using":"xpath","value":"//button[@data-kt=\"addNewYardOverflowToolbarButton\"]"}
RESULT: {"using":"xpath","value":"//button[@data-kt=\"addNewYardOverflowToolbarButton\"]"}
COMMAND: POST /session/f85737454a4a087f20f4e06a50aa0ff9/elements - {"using":"xpath","value":"//button[@data-kt=\"addNewYardOverflowToolbarButton\"]"}
RESULT: {"using":"xpath","value":"//button[@data-kt=\"addNewYardOverflowToolbarButton\"]"}
COMMAND: POST /session/f85737454a4a087f20f4e06a50aa0ff9/elements - {"using":"xpath","value":"//button[@data-kt=\"addNewYardOverflowToolbarButton\"]"}
RESULT: {"using":"xpath","value":"//button[@data-kt=\"addNewYardOverflowToolbarButton\"]"}
COMMAND: POST /session/f85737454a4a087f20f4e06a50aa0ff9/elements - {"using":"xpath","value":"//button[@data-kt=\"addNewYardOverflowToolbarButton\"]"}
RESULT: {"using":"xpath","value":"//button[@data-kt=\"addNewYardOverflowToolbarButton\"]"}
COMMAND: POST /session/f85737454a4a087f20f4e06a50aa0ff9/elements - {"using":"xpath","value":"//button[@data-kt=\"addNewYardOverflowToolbarButton\"]"}
RESULT: {"using":"xpath","value":"//button[@data-kt=\"addNewYardOverflowToolbarButton\"]"}
COMMAND: POST /session/f85737454a4a087f20f4e06a50aa0ff9/elements - {"using":"xpath","value":"//button[@data-kt=\"addNewYardOverflowToolbarButton\"]"}
RESULT: {"using":"xpath","value":"//button[@data-kt=\"addNewYardOverflowToolbarButton\"]"}
COMMAND: POST /session/f85737454a4a087f20f4e06a50aa0ff9/elements - {"using":"xpath","value":"//button[@data-kt=\"addNewYardOverflowToolbarButton\"]"}
RESULT: {"using":"xpath","value":"//button[@data-kt=\"addNewYardOverflowToolbarButton\"]"}
COMMAND: POST /session/f85737454a4a087f20f4e06a50aa0ff9/elements - {"using":"xpath","value":"//button[@data-kt=\"addNewYardOverflowToolbarButton\"]"}
RESULT: {"using":"xpath","value":"//button[@data-kt=\"addNewYardOverflowToolbarButton\"]"}
COMMAND: POST /session/f85737454a4a087f20f4e06a50aa0ff9/elements - {"using":"xpath","value":"//button[@data-kt=\"addNewYardOverflowToolbarButton\"]"}
RESULT: {"using":"xpath","value":"//button[@data-kt=\"addNewYardOverflowToolbarButton\"]"}
COMMAND: POST /session/f85737454a4a087f20f4e06a50aa0ff9/elements - {"using":"xpath","value":"//button[@data-kt=\"addNewYardOverflowToolbarButton\"]"}
RESULT: {"using":"xpath","value":"//button[@data-kt=\"addNewYardOverflowToolbarButton\"]"}
COMMAND: POST /session/f85737454a4a087f20f4e06a50aa0ff9/elements - {"using":"xpath","value":"//button[@data-kt=\"addNewYardOverflowToolbarButton\"]"}
RESULT: {"using":"xpath","value":"//button[@data-kt=\"addNewYardOverflowToolbarButton\"]"}
COMMAND: POST /session/f85737454a4a087f20f4e06a50aa0ff9/elements - {"using":"xpath","value":"//button[@data-kt=\"addNewYardOverflowToolbarButton\"]"}
RESULT: {"using":"xpath","value":"//button[@data-kt=\"addNewYardOverflowToolbarButton\"]"}
COMMAND: POST /session/f85737454a4a087f20f4e06a50aa0ff9/elements - {"using":"xpath","value":"//button[@data-kt=\"addNewYardOverflowToolbarButton\"]"}
RESULT: {"using":"xpath","value":"//button[@data-kt=\"addNewYardOverflowToolbarButton\"]"}
COMMAND: POST /session/f85737454a4a087f20f4e06a50aa0ff9/elements - {"using":"xpath","value":"//button[@data-kt=\"addNewYardOverflowToolbarButton\"]"}
RESULT: {"using":"xpath","value":"//button[@data-kt=\"addNewYardOverflowToolbarButton\"]"}
COMMAND: POST /session/f85737454a4a087f20f4e06a50aa0ff9/elements - {"using":"xpath","value":"//button[@data-kt=\"addNewYardOverflowToolbarButton\"]"}
RESULT: {"using":"xpath","value":"//button[@data-kt=\"addNewYardOverflowToolbarButton\"]"}
COMMAND: POST /session/f85737454a4a087f20f4e06a50aa0ff9/elements - {"using":"xpath","value":"//button[@data-kt=\"addNewYardOverflowToolbarButton\"]"}
RESULT: {"using":"xpath","value":"//button[@data-kt=\"addNewYardOverflowToolbarButton\"]"}
COMMAND: POST /session/f85737454a4a087f20f4e06a50aa0ff9/elements - {"using":"xpath","value":"//button[@data-kt=\"addNewYardOverflowToolbarButton\"]"}
RESULT: {"using":"xpath","value":"//button[@data-kt=\"addNewYardOverflowToolbarButton\"]"}
COMMAND: POST /session/f85737454a4a087f20f4e06a50aa0ff9/elements - {"using":"xpath","value":"//button[@data-kt=\"addNewYardOverflowToolbarButton\"]"}
RESULT: {"using":"xpath","value":"//button[@data-kt=\"addNewYardOverflowToolbarButton\"]"}
COMMAND: POST /session/f85737454a4a087f20f4e06a50aa0ff9/elements - {"using":"xpath","value":"//button[@data-kt=\"addNewYardOverflowToolbarButton\"]"}
RESULT: {"using":"xpath","value":"//button[@data-kt=\"addNewYardOverflowToolbarButton\"]"}
COMMAND: POST /session/f85737454a4a087f20f4e06a50aa0ff9/elements - {"using":"xpath","value":"//button[@data-kt=\"addNewYardOverflowToolbarButton\"]"}
RESULT: {"using":"xpath","value":"//button[@data-kt=\"addNewYardOverflowToolbarButton\"]"}
COMMAND: POST /session/f85737454a4a087f20f4e06a50aa0ff9/elements - {"using":"xpath","value":"//button[@data-kt=\"addNewYardOverflowToolbarButton\"]"}
RESULT: {"using":"xpath","value":"//button[@data-kt=\"addNewYardOverflowToolbarButton\"]"}
COMMAND: POST /session/f85737454a4a087f20f4e06a50aa0ff9/elements - {"using":"xpath","value":"//button[@data-kt=\"addNewYardOverflowToolbarButton\"]"}
RESULT: {"using":"xpath","value":"//button[@data-kt=\"addNewYardOverflowToolbarButton\"]"}
COMMAND: POST /session/f85737454a4a087f20f4e06a50aa0ff9/elements - {"using":"xpath","value":"//button[@data-kt=\"addNewYardOverflowToolbarButton\"]"}
RESULT: {"using":"xpath","value":"//button[@data-kt=\"addNewYardOverflowToolbarButton\"]"}
COMMAND: POST /session/f85737454a4a087f20f4e06a50aa0ff9/elements - {"using":"xpath","value":"//button[@data-kt=\"addNewYardOverflowToolbarButton\"]"}
RESULT: {"using":"xpath","value":"//button[@data-kt=\"addNewYardOverflowToolbarButton\"]"}
COMMAND: POST /session/f85737454a4a087f20f4e06a50aa0ff9/element - {"using":"xpath","value":"//button[@data-kt=\"addNewYardOverflowToolbarButton\"]"}
RESULT: {"using":"xpath","value":"//button[@data-kt=\"addNewYardOverflowToolbarButton\"]"}
COMMAND: POST /session/f85737454a4a087f20f4e06a50aa0ff9/execute/sync - {"script":"<script> [8489 bytes]","args":[{"element-6066-11e4-a52e-4f735466cecf":"f.A10590C3E91A9D0BB6CAA0C0A9556112.d.B953EA1560FC40CC00C1BE41D72CCCD4.e.300","ELEMENT":"f.A10590C3E91A9D0BB6CAA0C0A9556112.d.B953EA1560FC40CC00C1BE41D72CCCD4.e.300"}]}
RESULT: {"script":"<script> [8489 bytes]","args":[{"element-6066-11e4-a52e-4f735466cecf":"f.A10590C3E91A9D0BB6CAA0C0A9556112.d.B953EA1560FC40CC00C1BE41D72CCCD4.e.300","ELEMENT":"f.A10590C3E91A9D0BB6CAA0C0A9556112.d.B953EA1560FC40CC00C1BE41D72CCCD4.e.300"}]}
COMMAND: GET /session/f85737454a4a087f20f4e06a50aa0ff9/element/f.A10590C3E91A9D0BB6CAA0C0A9556112.d.B953EA1560FC40CC00C1BE41D72CCCD4.e.300/enabled - {}
COMMAND: GET /session/f85737454a4a087f20f4e06a50aa0ff9/screenshot - {}
RESULT: {}
COMMAND: POST /session/f85737454a4a087f20f4e06a50aa0ff9/execute/sync - {"script":"<script> [8489 bytes]","args":[{"element-6066-11e4-a52e-4f735466cecf":"f.A10590C3E91A9D0BB6CAA0C0A9556112.d.B953EA1560FC40CC00C1BE41D72CCCD4.e.300","ELEMENT":"f.A10590C3E91A9D0BB6CAA0C0A9556112.d.B953EA1560FC40CC00C1BE41D72CCCD4.e.300"}]}
COMMAND: GET /session/f85737454a4a087f20f4e06a50aa0ff9/screenshot - {}
RESULT: {}
RESULT: {"script":"<script> [8489 bytes]","args":[{"element-6066-11e4-a52e-4f735466cecf":"f.A10590C3E91A9D0BB6CAA0C0A9556112.d.B953EA1560FC40CC00C1BE41D72CCCD4.e.300","ELEMENT":"f.A10590C3E91A9D0BB6CAA0C0A9556112.d.B953EA1560FC40CC00C1BE41D72CCCD4.e.300"}]}
COMMAND: POST /session/f85737454a4a087f20f4e06a50aa0ff9/execute/sync - {"script":"<script> [5351 bytes]","args":[{"element-6066-11e4-a52e-4f735466cecf":"f.A10590C3E91A9D0BB6CAA0C0A9556112.d.B953EA1560FC40CC00C1BE41D72CCCD4.e.300","ELEMENT":"f.A10590C3E91A9D0BB6CAA0C0A9556112.d.B953EA1560FC40CC00C1BE41D72CCCD4.e.300"}]}
COMMAND: GET /session/f85737454a4a087f20f4e06a50aa0ff9/screenshot - {}
RESULT: {}
RESULT: {"script":"<script> [5351 bytes]","args":[{"element-6066-11e4-a52e-4f735466cecf":"f.A10590C3E91A9D0BB6CAA0C0A9556112.d.B953EA1560FC40CC00C1BE41D72CCCD4.e.300","ELEMENT":"f.A10590C3E91A9D0BB6CAA0C0A9556112.d.B953EA1560FC40CC00C1BE41D72CCCD4.e.300"}]}
COMMAND: POST /session/f85737454a4a087f20f4e06a50aa0ff9/element/f.A10590C3E91A9D0BB6CAA0C0A9556112.d.B953EA1560FC40CC00C1BE41D72CCCD4.e.300/click - {}
COMMAND: GET /session/f85737454a4a087f20f4e06a50aa0ff9/screenshot - {}
RESULT: {}
RESULT: {}
COMMAND: GET /session/f85737454a4a087f20f4e06a50aa0ff9/screenshot - {}
COMMAND: POST /session/f85737454a4a087f20f4e06a50aa0ff9/element - {"using":"xpath","value":"//input[@id=\"application-manageyards-display-component---NewYard--yardId-inner\"]"}
RESULT: {}
RESULT: {}
RESULT: {"using":"xpath","value":"//input[@id=\"application-manageyards-display-component---NewYard--yardId-inner\"]"}
COMMAND: POST /session/f85737454a4a087f20f4e06a50aa0ff9/element - {"using":"xpath","value":"//input[@id=\"application-manageyards-display-component---NewYard--yardId-inner\"]"}
RESULT: {"using":"xpath","value":"//input[@id=\"application-manageyards-display-component---NewYard--yardId-inner\"]"}
COMMAND: POST /session/f85737454a4a087f20f4e06a50aa0ff9/execute/async - {"script":"<script> [1562 bytes]","args":[{"selector":{"id":"application-manageyards-display-component---NewYard--addressDetailDetailsName1","interaction":{"idSuffix":"inner"}},"wdio_ui5_key":"applicationmanageyards-display-component---NewYard--addressDetailDetailsName1"}]}
RESULT: {"script":"<script> [1562 bytes]","args":[{"selector":{"id":"application-manageyards-display-component---NewYard--addressDetailDetailsName1","interaction":{"idSuffix":"inner"}},"wdio_ui5_key":"applicationmanageyards-display-component---NewYard--addressDetailDetailsName1"}]}
RESULT: undefined
COMMAND: POST /session/f85737454a4a087f20f4e06a50aa0ff9/execute/async - {"script":"<script> [776 bytes]","args":[{"enterText":"DailyPrice WDIO","selector":{"id":"application-manageyards-display-component---NewYard--addressDetailDetailsName1","interaction":{"idSuffix":"inner"}},"clearTextFirst":true,"interactionType":"ENTER_TEXT"}]}
RESULT: {"script":"<script> [776 bytes]","args":[{"enterText":"DailyPrice WDIO","selector":{"id":"application-manageyards-display-component---NewYard--addressDetailDetailsName1","interaction":{"idSuffix":"inner"}},"clearTextFirst":true,"interactionType":"ENTER_TEXT"}]}
COMMAND: POST /session/f85737454a4a087f20f4e06a50aa0ff9/execute/async - {"script":"<script> [1562 bytes]","args":[{"selector":{"id":"application-manageyards-display-component---NewYard--addressDetailDetailsLanguage-arrow"},"wdio_ui5_key":"applicationmanageyards-display-component---NewYard--addressDetailDetailsLanguage-arrow"}]}
RESULT: {"script":"<script> [1562 bytes]","args":[{"selector":{"id":"application-manageyards-display-component---NewYard--addressDetailDetailsLanguage-arrow"},"wdio_ui5_key":"applicationmanageyards-display-component---NewYard--addressDetailDetailsLanguage-arrow"}]}
RESULT: undefined
COMMAND: POST /session/f85737454a4a087f20f4e06a50aa0ff9/element - {"using":"xpath","value":"//*[@id=\"application-manageyards-display-component---NewYard--addressDetailDetailsLanguage-arrow\"]"}
RESULT: {"using":"xpath","value":"//*[@id=\"application-manageyards-display-component---NewYard--addressDetailDetailsLanguage-arrow\"]"}
COMMAND: POST /session/f85737454a4a087f20f4e06a50aa0ff9/element/f.A10590C3E91A9D0BB6CAA0C0A9556112.d.B953EA1560FC40CC00C1BE41D72CCCD4.e.695/click - {}
RESULT: {}
COMMAND: POST /session/f85737454a4a087f20f4e06a50aa0ff9/element - {"using":"xpath","value":"//span[contains(text(), \"English\")]"}
COMMAND: GET /session/f85737454a4a087f20f4e06a50aa0ff9/screenshot - {}
RESULT: {"using":"xpath","value":"//span[contains(text(), \"English\")]"}
COMMAND: POST /session/f85737454a4a087f20f4e06a50aa0ff9/element/f.A10590C3E91A9D0BB6CAA0C0A9556112.d.B953EA1560FC40CC00C1BE41D72CCCD4.e.696/click - {}
RESULT: {}
RESULT: {}
COMMAND: POST /session/f85737454a4a087f20f4e06a50aa0ff9/execute/async - {"script":"<script> [1562 bytes]","args":[{"selector":{"id":"application-manageyards-display-component---NewYard--addressDetailDetailsCity1","interaction":{"idSuffix":"inner"}},"wdio_ui5_key":"applicationmanageyards-display-component---NewYard--addressDetailDetailsCity1"}]}
COMMAND: GET /session/f85737454a4a087f20f4e06a50aa0ff9/screenshot - {}
RESULT: {"script":"<script> [1562 bytes]","args":[{"selector":{"id":"application-manageyards-display-component---NewYard--addressDetailDetailsCity1","interaction":{"idSuffix":"inner"}},"wdio_ui5_key":"applicationmanageyards-display-component---NewYard--addressDetailDetailsCity1"}]}
RESULT: undefined
COMMAND: POST /session/f85737454a4a087f20f4e06a50aa0ff9/execute/async - {"script":"<script> [776 bytes]","args":[{"enterText":"Rosario","selector":{"id":"application-manageyards-display-component---NewYard--addressDetailDetailsCity1","interaction":{"idSuffix":"inner"}},"clearTextFirst":true,"interactionType":"ENTER_TEXT"}]}
RESULT: {}
RESULT: {"script":"<script> [776 bytes]","args":[{"enterText":"Rosario","selector":{"id":"application-manageyards-display-component---NewYard--addressDetailDetailsCity1","interaction":{"idSuffix":"inner"}},"clearTextFirst":true,"interactionType":"ENTER_TEXT"}]}
COMMAND: POST /session/f85737454a4a087f20f4e06a50aa0ff9/execute/async - {"script":"<script> [1562 bytes]","args":[{"selector":{"id":"application-manageyards-display-component---NewYard--addressDetailDetailsCountry-arrow"},"wdio_ui5_key":"applicationmanageyards-display-component---NewYard--addressDetailDetailsCountry-arrow"}]}
RESULT: {"script":"<script> [1562 bytes]","args":[{"selector":{"id":"application-manageyards-display-component---NewYard--addressDetailDetailsCountry-arrow"},"wdio_ui5_key":"applicationmanageyards-display-component---NewYard--addressDetailDetailsCountry-arrow"}]}
RESULT: undefined
COMMAND: POST /session/f85737454a4a087f20f4e06a50aa0ff9/element - {"using":"xpath","value":"//*[@id=\"application-manageyards-display-component---NewYard--addressDetailDetailsCountry-arrow\"]"}
RESULT: {"using":"xpath","value":"//*[@id=\"application-manageyards-display-component---NewYard--addressDetailDetailsCountry-arrow\"]"}
COMMAND: POST /session/f85737454a4a087f20f4e06a50aa0ff9/element/f.A10590C3E91A9D0BB6CAA0C0A9556112.d.B953EA1560FC40CC00C1BE41D72CCCD4.e.698/click - {}
RESULT: {}
COMMAND: POST /session/f85737454a4a087f20f4e06a50aa0ff9/element - {"using":"xpath","value":"//span[contains(text(), \"Argentina\")]"}
COMMAND: GET /session/f85737454a4a087f20f4e06a50aa0ff9/screenshot - {}
RESULT: {"using":"xpath","value":"//span[contains(text(), \"Argentina\")]"}
COMMAND: POST /session/f85737454a4a087f20f4e06a50aa0ff9/element/f.A10590C3E91A9D0BB6CAA0C0A9556112.d.B953EA1560FC40CC00C1BE41D72CCCD4.e.699/click - {}
RESULT: {}
RESULT: {}
COMMAND: POST /session/f85737454a4a087f20f4e06a50aa0ff9/execute/async - {"script":"<script> [1562 bytes]","args":[{"selector":{"id":"application-manageyards-display-component---NewYard--addressEditDetailsCostObjectCstType-arrow"},"wdio_ui5_key":"applicationmanageyards-display-component---NewYard--addressEditDetailsCostObjectCstType-arrow"}]}
COMMAND: GET /session/f85737454a4a087f20f4e06a50aa0ff9/screenshot - {}
RESULT: {"script":"<script> [1562 bytes]","args":[{"selector":{"id":"application-manageyards-display-component---NewYard--addressEditDetailsCostObjectCstType-arrow"},"wdio_ui5_key":"applicationmanageyards-display-component---NewYard--addressEditDetailsCostObjectCstType-arrow"}]}
RESULT: undefined
COMMAND: POST /session/f85737454a4a087f20f4e06a50aa0ff9/element - {"using":"xpath","value":"//*[@id=\"application-manageyards-display-component---NewYard--addressEditDetailsCostObjectCstType-arrow\"]"}
RESULT: {}
RESULT: {"using":"xpath","value":"//*[@id=\"application-manageyards-display-component---NewYard--addressEditDetailsCostObjectCstType-arrow\"]"}
COMMAND: POST /session/f85737454a4a087f20f4e06a50aa0ff9/element/f.A10590C3E91A9D0BB6CAA0C0A9556112.d.B953EA1560FC40CC00C1BE41D72CCCD4.e.701/click - {}
RESULT: {}
COMMAND: POST /session/f85737454a4a087f20f4e06a50aa0ff9/element - {"using":"xpath","value":"//span[contains(text(), \"Cost Center\")]"}
COMMAND: GET /session/f85737454a4a087f20f4e06a50aa0ff9/screenshot - {}
RESULT: {"using":"xpath","value":"//span[contains(text(), \"Cost Center\")]"}
COMMAND: POST /session/f85737454a4a087f20f4e06a50aa0ff9/element/f.A10590C3E91A9D0BB6CAA0C0A9556112.d.B953EA1560FC40CC00C1BE41D72CCCD4.e.702/click - {}
RESULT: {}
RESULT: {}
COMMAND: GET /session/f85737454a4a087f20f4e06a50aa0ff9/screenshot - {}
RESULT: {}
COMMAND: POST /session/f85737454a4a087f20f4e06a50aa0ff9/element - {"using":"xpath","value":"//span[@id=\"application-manageyards-display-component---NewYard--addressNewCostObjectCstID-vhi\"]"}
RESULT: {"using":"xpath","value":"//span[@id=\"application-manageyards-display-component---NewYard--addressNewCostObjectCstID-vhi\"]"}
COMMAND: POST /session/f85737454a4a087f20f4e06a50aa0ff9/execute/sync - {"script":"<script> [8489 bytes]","args":[{"element-6066-11e4-a52e-4f735466cecf":"f.A10590C3E91A9D0BB6CAA0C0A9556112.d.B953EA1560FC40CC00C1BE41D72CCCD4.e.706","ELEMENT":"f.A10590C3E91A9D0BB6CAA0C0A9556112.d.B953EA1560FC40CC00C1BE41D72CCCD4.e.706"}]}
RESULT: {"script":"<script> [8489 bytes]","args":[{"element-6066-11e4-a52e-4f735466cecf":"f.A10590C3E91A9D0BB6CAA0C0A9556112.d.B953EA1560FC40CC00C1BE41D72CCCD4.e.706","ELEMENT":"f.A10590C3E91A9D0BB6CAA0C0A9556112.d.B953EA1560FC40CC00C1BE41D72CCCD4.e.706"}]}
COMMAND: POST /session/f85737454a4a087f20f4e06a50aa0ff9/execute/async - {"script":"<script> [1562 bytes]","args":[{"selector":{"id":"application-manageyards-display-component---NewYard--addressNewCostObjectCstID-vhi"},"wdio_ui5_key":"applicationmanageyards-display-component---NewYard--addressNewCostObjectCstID-vhi"}]}
COMMAND: GET /session/f85737454a4a087f20f4e06a50aa0ff9/screenshot - {}
RESULT: {"script":"<script> [1562 bytes]","args":[{"selector":{"id":"application-manageyards-display-component---NewYard--addressNewCostObjectCstID-vhi"},"wdio_ui5_key":"applicationmanageyards-display-component---NewYard--addressNewCostObjectCstID-vhi"}]}
RESULT: undefined
COMMAND: POST /session/f85737454a4a087f20f4e06a50aa0ff9/element - {"using":"xpath","value":"//*[@id=\"application-manageyards-display-component---NewYard--addressNewCostObjectCstID-vhi\"]"}
RESULT: {}
RESULT: {"using":"xpath","value":"//*[@id=\"application-manageyards-display-component---NewYard--addressNewCostObjectCstID-vhi\"]"}
COMMAND: POST /session/f85737454a4a087f20f4e06a50aa0ff9/element/f.A10590C3E91A9D0BB6CAA0C0A9556112.d.B953EA1560FC40CC00C1BE41D72CCCD4.e.706/click - {}
RESULT: {}
COMMAND: GET /session/f85737454a4a087f20f4e06a50aa0ff9/screenshot - {}
RESULT: {}
COMMAND: POST /session/f85737454a4a087f20f4e06a50aa0ff9/execute/async - {"script":"<script> [1562 bytes]","args":[{"selector":{"controlType":"sap.m.SearchField","properties":{"placeholder":"Search"},"searchOpenDialogs":true,"interaction":{"idSuffix":"I"}},"wdio_ui5_key":"sapm.SearchField{\"placeholder\":\"Search\"}"}]}
RESULT: {"script":"<script> [1562 bytes]","args":[{"selector":{"controlType":"sap.m.SearchField","properties":{"placeholder":"Search"},"searchOpenDialogs":true,"interaction":{"idSuffix":"I"}},"wdio_ui5_key":"sapm.SearchField{\"placeholder\":\"Search\"}"}]}
RESULT: undefined
COMMAND: POST /session/f85737454a4a087f20f4e06a50aa0ff9/execute/async - {"script":"<script> [776 bytes]","args":[{"enterText":"10001013","selector":{"controlType":"sap.m.SearchField","properties":{"placeholder":"Search"},"searchOpenDialogs":true,"interaction":{"idSuffix":"I"}},"clearTextFirst":true,"interactionType":"ENTER_TEXT"}]}
RESULT: {"script":"<script> [776 bytes]","args":[{"enterText":"10001013","selector":{"controlType":"sap.m.SearchField","properties":{"placeholder":"Search"},"searchOpenDialogs":true,"interaction":{"idSuffix":"I"}},"clearTextFirst":true,"interactionType":"ENTER_TEXT"}]}
COMMAND: POST /session/f85737454a4a087f20f4e06a50aa0ff9/actions - {"actions":[{"id":"action1","type":"key","parameters":{},"actions":[{"type":"keyDown","value":"î€‡"},{"type":"pause","duration":10},{"type":"keyUp","value":"î€‡"}]}]}
RESULT: {"actions":[{"id":"action1","type":"key","parameters":{},"actions":[{"type":"keyDown","value":"î€‡"},{"type":"pause","duration":10},{"type":"keyUp","value":"î€‡"}]}]}
COMMAND: GET /session/f85737454a4a087f20f4e06a50aa0ff9/screenshot - {}
RESULT: {}
COMMAND: POST /session/f85737454a4a087f20f4e06a50aa0ff9/element - {"using":"xpath","value":"//span[contains(text(), \"General Management\")]"}
RESULT: {"using":"xpath","value":"//span[contains(text(), \"General Management\")]"}
COMMAND: POST /session/f85737454a4a087f20f4e06a50aa0ff9/element/f.A10590C3E91A9D0BB6CAA0C0A9556112.d.B953EA1560FC40CC00C1BE41D72CCCD4.e.746/click - {}
RESULT: {}
COMMAND: GET /session/f85737454a4a087f20f4e06a50aa0ff9/screenshot - {}
RESULT: {}
COMMAND: POST /session/f85737454a4a087f20f4e06a50aa0ff9/element - {"using":"xpath","value":"//bdi[contains(text(), \"OK\")]"}
RESULT: {"using":"xpath","value":"//bdi[contains(text(), \"OK\")]"}
COMMAND: POST /session/f85737454a4a087f20f4e06a50aa0ff9/element/f.A10590C3E91A9D0BB6CAA0C0A9556112.d.B953EA1560FC40CC00C1BE41D72CCCD4.e.747/click - {}
RESULT: {}
COMMAND: GET /session/f85737454a4a087f20f4e06a50aa0ff9/screenshot - {}
RESULT: {}
COMMAND: POST /session/f85737454a4a087f20f4e06a50aa0ff9/execute/async - {"script":"<script> [1562 bytes]","args":[{"selector":{"id":"application-manageyards-display-component---NewYard--addressEditDetailsCurrency-arrow"},"wdio_ui5_key":"applicationmanageyards-display-component---NewYard--addressEditDetailsCurrency-arrow"}]}
RESULT: {"script":"<script> [1562 bytes]","args":[{"selector":{"id":"application-manageyards-display-component---NewYard--addressEditDetailsCurrency-arrow"},"wdio_ui5_key":"applicationmanageyards-display-component---NewYard--addressEditDetailsCurrency-arrow"}]}
RESULT: undefined
COMMAND: POST /session/f85737454a4a087f20f4e06a50aa0ff9/element - {"using":"xpath","value":"//*[@id=\"application-manageyards-display-component---NewYard--addressEditDetailsCurrency-arrow\"]"}
RESULT: {"using":"xpath","value":"//*[@id=\"application-manageyards-display-component---NewYard--addressEditDetailsCurrency-arrow\"]"}
COMMAND: POST /session/f85737454a4a087f20f4e06a50aa0ff9/element/f.A10590C3E91A9D0BB6CAA0C0A9556112.d.B953EA1560FC40CC00C1BE41D72CCCD4.e.750/click - {}
RESULT: {}
COMMAND: POST /session/f85737454a4a087f20f4e06a50aa0ff9/element - {"using":"xpath","value":"//span[contains(text(), \"Euro\")]"}
COMMAND: GET /session/f85737454a4a087f20f4e06a50aa0ff9/screenshot - {}
RESULT: {"using":"xpath","value":"//span[contains(text(), \"Euro\")]"}
COMMAND: POST /session/f85737454a4a087f20f4e06a50aa0ff9/element/f.A10590C3E91A9D0BB6CAA0C0A9556112.d.B953EA1560FC40CC00C1BE41D72CCCD4.e.751/click - {}
RESULT: {}
RESULT: {}
COMMAND: POST /session/f85737454a4a087f20f4e06a50aa0ff9/execute/async - {"script":"<script> [1562 bytes]","args":[{"selector":{"controlType":"sap.m.Input","viewName":"etm.portal.ui.manageyards.view.New","viewId":"application-manageyards-display-component---NewYard","bindingPath":{"path":"","propertyPath":"/CONTROLLING_AREA","modelName":"NewYardModel"},"interaction":{"idSuffix":"inner"}},"wdio_ui5_key":"etmportal.ui.manageyards.view.Newsap.m.Input{\"path\":\"\",\"propertyPath\":\"/CONTROLLING_AREA\",\"modelName\":\"NewYardModel\"}"}]}
COMMAND: GET /session/f85737454a4a087f20f4e06a50aa0ff9/screenshot - {}
RESULT: {"script":"<script> [1562 bytes]","args":[{"selector":{"controlType":"sap.m.Input","viewName":"etm.portal.ui.manageyards.view.New","viewId":"application-manageyards-display-component---NewYard","bindingPath":{"path":"","propertyPath":"/CONTROLLING_AREA","modelName":"NewYardModel"},"interaction":{"idSuffix":"inner"}},"wdio_ui5_key":"etmportal.ui.manageyards.view.Newsap.m.Input{\"path\":\"\",\"propertyPath\":\"/CONTROLLING_AREA\",\"modelName\":\"NewYardModel\"}"}]}
RESULT: undefined
COMMAND: POST /session/f85737454a4a087f20f4e06a50aa0ff9/execute/async - {"script":"<script> [776 bytes]","args":[{"enterText":"Z001","selector":{"controlType":"sap.m.Input","viewName":"etm.portal.ui.manageyards.view.New","viewId":"application-manageyards-display-component---NewYard","bindingPath":{"path":"","propertyPath":"/CONTROLLING_AREA","modelName":"NewYardModel"},"interaction":{"idSuffix":"inner"}},"clearTextFirst":true,"interactionType":"ENTER_TEXT"}]}
RESULT: {}
RESULT: {"script":"<script> [776 bytes]","args":[{"enterText":"Z001","selector":{"controlType":"sap.m.Input","viewName":"etm.portal.ui.manageyards.view.New","viewId":"application-manageyards-display-component---NewYard","bindingPath":{"path":"","propertyPath":"/CONTROLLING_AREA","modelName":"NewYardModel"},"interaction":{"idSuffix":"inner"}},"clearTextFirst":true,"interactionType":"ENTER_TEXT"}]}
COMMAND: POST /session/f85737454a4a087f20f4e06a50aa0ff9/execute/async - {"script":"<script> [1562 bytes]","args":[{"selector":{"id":"application-manageyards-display-component---NewYard--companyCodeComboBox","interaction":{"idSuffix":"inner"}},"wdio_ui5_key":"applicationmanageyards-display-component---NewYard--companyCodeComboBox"}]}
RESULT: {"script":"<script> [1562 bytes]","args":[{"selector":{"id":"application-manageyards-display-component---NewYard--companyCodeComboBox","interaction":{"idSuffix":"inner"}},"wdio_ui5_key":"applicationmanageyards-display-component---NewYard--companyCodeComboBox"}]}
RESULT: undefined
COMMAND: POST /session/f85737454a4a087f20f4e06a50aa0ff9/execute/async - {"script":"<script> [776 bytes]","args":[{"enterText":"1000","selector":{"id":"application-manageyards-display-component---NewYard--companyCodeComboBox","interaction":{"idSuffix":"inner"}},"clearTextFirst":true,"interactionType":"ENTER_TEXT"}]}
RESULT: {"script":"<script> [776 bytes]","args":[{"enterText":"1000","selector":{"id":"application-manageyards-display-component---NewYard--companyCodeComboBox","interaction":{"idSuffix":"inner"}},"clearTextFirst":true,"interactionType":"ENTER_TEXT"}]}
COMMAND: POST /session/f85737454a4a087f20f4e06a50aa0ff9/execute/async - {"script":"<script> [1562 bytes]","args":[{"selector":{"controlType":"sap.m.Input","viewName":"etm.portal.ui.manageyards.view.New","viewId":"application-manageyards-display-component---NewYard","bindingPath":{"path":"","propertyPath":"/PLANT","modelName":"NewYardModel"},"interaction":{"idSuffix":"inner"}},"wdio_ui5_key":"etmportal.ui.manageyards.view.Newsap.m.Input{\"path\":\"\",\"propertyPath\":\"/PLANT\",\"modelName\":\"NewYardModel\"}"}]}
RESULT: {"script":"<script> [1562 bytes]","args":[{"selector":{"controlType":"sap.m.Input","viewName":"etm.portal.ui.manageyards.view.New","viewId":"application-manageyards-display-component---NewYard","bindingPath":{"path":"","propertyPath":"/PLANT","modelName":"NewYardModel"},"interaction":{"idSuffix":"inner"}},"wdio_ui5_key":"etmportal.ui.manageyards.view.Newsap.m.Input{\"path\":\"\",\"propertyPath\":\"/PLANT\",\"modelName\":\"NewYardModel\"}"}]}
RESULT: undefined
COMMAND: POST /session/f85737454a4a087f20f4e06a50aa0ff9/execute/async - {"script":"<script> [776 bytes]","args":[{"enterText":"1001","selector":{"controlType":"sap.m.Input","viewName":"etm.portal.ui.manageyards.view.New","viewId":"application-manageyards-display-component---NewYard","bindingPath":{"path":"","propertyPath":"/PLANT","modelName":"NewYardModel"},"interaction":{"idSuffix":"inner"}},"clearTextFirst":true,"interactionType":"ENTER_TEXT"}]}
RESULT: {"script":"<script> [776 bytes]","args":[{"enterText":"1001","selector":{"controlType":"sap.m.Input","viewName":"etm.portal.ui.manageyards.view.New","viewId":"application-manageyards-display-component---NewYard","bindingPath":{"path":"","propertyPath":"/PLANT","modelName":"NewYardModel"},"interaction":{"idSuffix":"inner"}},"clearTextFirst":true,"interactionType":"ENTER_TEXT"}]}
COMMAND: POST /session/f85737454a4a087f20f4e06a50aa0ff9/execute/async - {"script":"<script> [1562 bytes]","args":[{"selector":{"controlType":"sap.m.Input","viewName":"etm.portal.ui.manageyards.view.New","viewId":"application-manageyards-display-component---NewYard","bindingPath":{"path":"","propertyPath":"/SALES_AREA_VKORG","modelName":"NewYardModel"},"interaction":{"idSuffix":"inner"}},"wdio_ui5_key":"etmportal.ui.manageyards.view.Newsap.m.Input{\"path\":\"\",\"propertyPath\":\"/SALES_AREA_VKORG\",\"modelName\":\"NewYardModel\"}"}]}
RESULT: {"script":"<script> [1562 bytes]","args":[{"selector":{"controlType":"sap.m.Input","viewName":"etm.portal.ui.manageyards.view.New","viewId":"application-manageyards-display-component---NewYard","bindingPath":{"path":"","propertyPath":"/SALES_AREA_VKORG","modelName":"NewYardModel"},"interaction":{"idSuffix":"inner"}},"wdio_ui5_key":"etmportal.ui.manageyards.view.Newsap.m.Input{\"path\":\"\",\"propertyPath\":\"/SALES_AREA_VKORG\",\"modelName\":\"NewYardModel\"}"}]}
RESULT: undefined
COMMAND: POST /session/f85737454a4a087f20f4e06a50aa0ff9/execute/async - {"script":"<script> [776 bytes]","args":[{"enterText":"C002","selector":{"controlType":"sap.m.Input","viewName":"etm.portal.ui.manageyards.view.New","viewId":"application-manageyards-display-component---NewYard","bindingPath":{"path":"","propertyPath":"/SALES_AREA_VKORG","modelName":"NewYardModel"},"interaction":{"idSuffix":"inner"}},"clearTextFirst":true,"interactionType":"ENTER_TEXT"}]}
RESULT: {"script":"<script> [776 bytes]","args":[{"enterText":"C002","selector":{"controlType":"sap.m.Input","viewName":"etm.portal.ui.manageyards.view.New","viewId":"application-manageyards-display-component---NewYard","bindingPath":{"path":"","propertyPath":"/SALES_AREA_VKORG","modelName":"NewYardModel"},"interaction":{"idSuffix":"inner"}},"clearTextFirst":true,"interactionType":"ENTER_TEXT"}]}
COMMAND: POST /session/f85737454a4a087f20f4e06a50aa0ff9/execute/async - {"script":"<script> [1562 bytes]","args":[{"selector":{"controlType":"sap.m.Input","viewName":"etm.portal.ui.manageyards.view.New","viewId":"application-manageyards-display-component---NewYard","bindingPath":{"path":"","propertyPath":"/SALES_AREA_VTWEG","modelName":"NewYardModel"},"interaction":{"idSuffix":"inner"}},"wdio_ui5_key":"etmportal.ui.manageyards.view.Newsap.m.Input{\"path\":\"\",\"propertyPath\":\"/SALES_AREA_VTWEG\",\"modelName\":\"NewYardModel\"}"}]}
RESULT: {"script":"<script> [1562 bytes]","args":[{"selector":{"controlType":"sap.m.Input","viewName":"etm.portal.ui.manageyards.view.New","viewId":"application-manageyards-display-component---NewYard","bindingPath":{"path":"","propertyPath":"/SALES_AREA_VTWEG","modelName":"NewYardModel"},"interaction":{"idSuffix":"inner"}},"wdio_ui5_key":"etmportal.ui.manageyards.view.Newsap.m.Input{\"path\":\"\",\"propertyPath\":\"/SALES_AREA_VTWEG\",\"modelName\":\"NewYardModel\"}"}]}
RESULT: undefined
COMMAND: POST /session/f85737454a4a087f20f4e06a50aa0ff9/execute/async - {"script":"<script> [776 bytes]","args":[{"enterText":"C2","selector":{"controlType":"sap.m.Input","viewName":"etm.portal.ui.manageyards.view.New","viewId":"application-manageyards-display-component---NewYard","bindingPath":{"path":"","propertyPath":"/SALES_AREA_VTWEG","modelName":"NewYardModel"},"interaction":{"idSuffix":"inner"}},"clearTextFirst":true,"interactionType":"ENTER_TEXT"}]}
RESULT: {"script":"<script> [776 bytes]","args":[{"enterText":"C2","selector":{"controlType":"sap.m.Input","viewName":"etm.portal.ui.manageyards.view.New","viewId":"application-manageyards-display-component---NewYard","bindingPath":{"path":"","propertyPath":"/SALES_AREA_VTWEG","modelName":"NewYardModel"},"interaction":{"idSuffix":"inner"}},"clearTextFirst":true,"interactionType":"ENTER_TEXT"}]}
COMMAND: POST /session/f85737454a4a087f20f4e06a50aa0ff9/execute/async - {"script":"<script> [1562 bytes]","args":[{"selector":{"controlType":"sap.m.Input","viewName":"etm.portal.ui.manageyards.view.New","viewId":"application-manageyards-display-component---NewYard","bindingPath":{"path":"","propertyPath":"/SALES_AREA_SPART","modelName":"NewYardModel"},"interaction":{"idSuffix":"inner"}},"wdio_ui5_key":"etmportal.ui.manageyards.view.Newsap.m.Input{\"path\":\"\",\"propertyPath\":\"/SALES_AREA_SPART\",\"modelName\":\"NewYardModel\"}"}]}
RESULT: {"script":"<script> [1562 bytes]","args":[{"selector":{"controlType":"sap.m.Input","viewName":"etm.portal.ui.manageyards.view.New","viewId":"application-manageyards-display-component---NewYard","bindingPath":{"path":"","propertyPath":"/SALES_AREA_SPART","modelName":"NewYardModel"},"interaction":{"idSuffix":"inner"}},"wdio_ui5_key":"etmportal.ui.manageyards.view.Newsap.m.Input{\"path\":\"\",\"propertyPath\":\"/SALES_AREA_SPART\",\"modelName\":\"NewYardModel\"}"}]}
RESULT: undefined
COMMAND: POST /session/f85737454a4a087f20f4e06a50aa0ff9/execute/async - {"script":"<script> [776 bytes]","args":[{"enterText":"C2","selector":{"controlType":"sap.m.Input","viewName":"etm.portal.ui.manageyards.view.New","viewId":"application-manageyards-display-component---NewYard","bindingPath":{"path":"","propertyPath":"/SALES_AREA_SPART","modelName":"NewYardModel"},"interaction":{"idSuffix":"inner"}},"clearTextFirst":true,"interactionType":"ENTER_TEXT"}]}
RESULT: {"script":"<script> [776 bytes]","args":[{"enterText":"C2","selector":{"controlType":"sap.m.Input","viewName":"etm.portal.ui.manageyards.view.New","viewId":"application-manageyards-display-component---NewYard","bindingPath":{"path":"","propertyPath":"/SALES_AREA_SPART","modelName":"NewYardModel"},"interaction":{"idSuffix":"inner"}},"clearTextFirst":true,"interactionType":"ENTER_TEXT"}]}
COMMAND: POST /session/f85737454a4a087f20f4e06a50aa0ff9/execute/async - {"script":"<script> [1562 bytes]","args":[{"selector":{"controlType":"sap.m.Input","viewName":"etm.portal.ui.manageyards.view.New","viewId":"application-manageyards-display-component---NewYard","bindingPath":{"path":"","propertyPath":"/SHIP_POINT","modelName":"NewYardModel"},"interaction":{"idSuffix":"inner"}},"wdio_ui5_key":"etmportal.ui.manageyards.view.Newsap.m.Input{\"path\":\"\",\"propertyPath\":\"/SHIP_POINT\",\"modelName\":\"NewYardModel\"}"}]}
RESULT: {"script":"<script> [1562 bytes]","args":[{"selector":{"controlType":"sap.m.Input","viewName":"etm.portal.ui.manageyards.view.New","viewId":"application-manageyards-display-component---NewYard","bindingPath":{"path":"","propertyPath":"/SHIP_POINT","modelName":"NewYardModel"},"interaction":{"idSuffix":"inner"}},"wdio_ui5_key":"etmportal.ui.manageyards.view.Newsap.m.Input{\"path\":\"\",\"propertyPath\":\"/SHIP_POINT\",\"modelName\":\"NewYardModel\"}"}]}
RESULT: undefined
COMMAND: POST /session/f85737454a4a087f20f4e06a50aa0ff9/execute/async - {"script":"<script> [776 bytes]","args":[{"enterText":"1710","selector":{"controlType":"sap.m.Input","viewName":"etm.portal.ui.manageyards.view.New","viewId":"application-manageyards-display-component---NewYard","bindingPath":{"path":"","propertyPath":"/SHIP_POINT","modelName":"NewYardModel"},"interaction":{"idSuffix":"inner"}},"clearTextFirst":true,"interactionType":"ENTER_TEXT"}]}
RESULT: {"script":"<script> [776 bytes]","args":[{"enterText":"1710","selector":{"controlType":"sap.m.Input","viewName":"etm.portal.ui.manageyards.view.New","viewId":"application-manageyards-display-component---NewYard","bindingPath":{"path":"","propertyPath":"/SHIP_POINT","modelName":"NewYardModel"},"interaction":{"idSuffix":"inner"}},"clearTextFirst":true,"interactionType":"ENTER_TEXT"}]}
COMMAND: POST /session/f85737454a4a087f20f4e06a50aa0ff9/execute/async - {"script":"<script> [1562 bytes]","args":[{"selector":{"controlType":"sap.m.Input","viewName":"etm.portal.ui.manageyards.view.New","viewId":"application-manageyards-display-component---NewYard","bindingPath":{"path":"","propertyPath":"/DELIVERY_TYPE","modelName":"NewYardModel"},"interaction":{"idSuffix":"inner"}},"wdio_ui5_key":"etmportal.ui.manageyards.view.Newsap.m.Input{\"path\":\"\",\"propertyPath\":\"/DELIVERY_TYPE\",\"modelName\":\"NewYardModel\"}"}]}
RESULT: {"script":"<script> [1562 bytes]","args":[{"selector":{"controlType":"sap.m.Input","viewName":"etm.portal.ui.manageyards.view.New","viewId":"application-manageyards-display-component---NewYard","bindingPath":{"path":"","propertyPath":"/DELIVERY_TYPE","modelName":"NewYardModel"},"interaction":{"idSuffix":"inner"}},"wdio_ui5_key":"etmportal.ui.manageyards.view.Newsap.m.Input{\"path\":\"\",\"propertyPath\":\"/DELIVERY_TYPE\",\"modelName\":\"NewYardModel\"}"}]}
RESULT: undefined
COMMAND: POST /session/f85737454a4a087f20f4e06a50aa0ff9/execute/async - {"script":"<script> [776 bytes]","args":[{"enterText":"ZL01","selector":{"controlType":"sap.m.Input","viewName":"etm.portal.ui.manageyards.view.New","viewId":"application-manageyards-display-component---NewYard","bindingPath":{"path":"","propertyPath":"/DELIVERY_TYPE","modelName":"NewYardModel"},"interaction":{"idSuffix":"inner"}},"clearTextFirst":true,"interactionType":"ENTER_TEXT"}]}
RESULT: {"script":"<script> [776 bytes]","args":[{"enterText":"ZL01","selector":{"controlType":"sap.m.Input","viewName":"etm.portal.ui.manageyards.view.New","viewId":"application-manageyards-display-component---NewYard","bindingPath":{"path":"","propertyPath":"/DELIVERY_TYPE","modelName":"NewYardModel"},"interaction":{"idSuffix":"inner"}},"clearTextFirst":true,"interactionType":"ENTER_TEXT"}]}
COMMAND: POST /session/f85737454a4a087f20f4e06a50aa0ff9/execute/async - {"script":"<script> [1562 bytes]","args":[{"selector":{"controlType":"sap.m.Input","viewName":"etm.portal.ui.manageyards.view.New","viewId":"application-manageyards-display-component---NewYard","bindingPath":{"path":"","propertyPath":"/AUART","modelName":"NewYardModel"},"interaction":{"idSuffix":"inner"}},"wdio_ui5_key":"etmportal.ui.manageyards.view.Newsap.m.Input{\"path\":\"\",\"propertyPath\":\"/AUART\",\"modelName\":\"NewYardModel\"}"}]}
RESULT: {"script":"<script> [1562 bytes]","args":[{"selector":{"controlType":"sap.m.Input","viewName":"etm.portal.ui.manageyards.view.New","viewId":"application-manageyards-display-component---NewYard","bindingPath":{"path":"","propertyPath":"/AUART","modelName":"NewYardModel"},"interaction":{"idSuffix":"inner"}},"wdio_ui5_key":"etmportal.ui.manageyards.view.Newsap.m.Input{\"path\":\"\",\"propertyPath\":\"/AUART\",\"modelName\":\"NewYardModel\"}"}]}
RESULT: undefined
COMMAND: POST /session/f85737454a4a087f20f4e06a50aa0ff9/execute/async - {"script":"<script> [776 bytes]","args":[{"enterText":"TA","selector":{"controlType":"sap.m.Input","viewName":"etm.portal.ui.manageyards.view.New","viewId":"application-manageyards-display-component---NewYard","bindingPath":{"path":"","propertyPath":"/AUART","modelName":"NewYardModel"},"interaction":{"idSuffix":"inner"}},"clearTextFirst":true,"interactionType":"ENTER_TEXT"}]}
RESULT: {"script":"<script> [776 bytes]","args":[{"enterText":"TA","selector":{"controlType":"sap.m.Input","viewName":"etm.portal.ui.manageyards.view.New","viewId":"application-manageyards-display-component---NewYard","bindingPath":{"path":"","propertyPath":"/AUART","modelName":"NewYardModel"},"interaction":{"idSuffix":"inner"}},"clearTextFirst":true,"interactionType":"ENTER_TEXT"}]}
COMMAND: POST /session/f85737454a4a087f20f4e06a50aa0ff9/element - {"using":"xpath","value":"//button[@data-kt=\"newYardSaveButton\"]"}
RESULT: {"using":"xpath","value":"//button[@data-kt=\"newYardSaveButton\"]"}
COMMAND: POST /session/f85737454a4a087f20f4e06a50aa0ff9/element/f.A10590C3E91A9D0BB6CAA0C0A9556112.d.B953EA1560FC40CC00C1BE41D72CCCD4.e.658/click - {}
RESULT: {}
COMMAND: GET /session/f85737454a4a087f20f4e06a50aa0ff9/screenshot - {}
RESULT: {}
COMMAND: POST /session/f85737454a4a087f20f4e06a50aa0ff9/element - {"using":"xpath","value":"//header[contains(@id, 'ObjectPageLayout-headerTitle')]/div[1]/div[2]/div[1]/span[1]"}
RESULT: {"using":"xpath","value":"//header[contains(@id, 'ObjectPageLayout-headerTitle')]/div[1]/div[2]/div[1]/span[1]"}
COMMAND: POST /session/f85737454a4a087f20f4e06a50aa0ff9/elements - {"using":"xpath","value":"//header[contains(@id, 'ObjectPageLayout-headerTitle')]/div[1]/div[2]/div[1]/span[1]"}
RESULT: {"using":"xpath","value":"//header[contains(@id, 'ObjectPageLayout-headerTitle')]/div[1]/div[2]/div[1]/span[1]"}
COMMAND: POST /session/f85737454a4a087f20f4e06a50aa0ff9/execute/sync - {"script":"<script> [56 bytes]","args":[{"element-6066-11e4-a52e-4f735466cecf":"f.A10590C3E91A9D0BB6CAA0C0A9556112.d.B953EA1560FC40CC00C1BE41D72CCCD4.e.959","ELEMENT":"f.A10590C3E91A9D0BB6CAA0C0A9556112.d.B953EA1560FC40CC00C1BE41D72CCCD4.e.959"}]}
RESULT: {"script":"<script> [56 bytes]","args":[{"element-6066-11e4-a52e-4f735466cecf":"f.A10590C3E91A9D0BB6CAA0C0A9556112.d.B953EA1560FC40CC00C1BE41D72CCCD4.e.959","ELEMENT":"f.A10590C3E91A9D0BB6CAA0C0A9556112.d.B953EA1560FC40CC00C1BE41D72CCCD4.e.959"}]}
COMMAND: GET /session/f85737454a4a087f20f4e06a50aa0ff9/screenshot - {}
RESULT: {}
COMMAND: POST /session/f85737454a4a087f20f4e06a50aa0ff9/element - {"using":"css selector","value":"#shell-header-logo"}
RESULT: {"using":"css selector","value":"#shell-header-logo"}
COMMAND: POST /session/f85737454a4a087f20f4e06a50aa0ff9/element/f.A10590C3E91A9D0BB6CAA0C0A9556112.d.B953EA1560FC40CC00C1BE41D72CCCD4.e.268/click - {}
RESULT: {}
COMMAND: GET /session/f85737454a4a087f20f4e06a50aa0ff9/screenshot - {}
RESULT: {}
COMMAND: POST /session/f85737454a4a087f20f4e06a50aa0ff9/execute/sync - {"script":"<script> [299 bytes]","args":[["getModel","getResource"]]}
RESULT: {"script":"<script> [299 bytes]","args":[["getModel","getResource"]]}
]]></system-out>
    </testcase>
    <testcase classname="chrome.136_0_7103_49.windows.Create_condition_pricing_US117289_US134625" name="Should create a new equipment used for all following tests" time="148.112">
      <system-out><![CDATA[
COMMAND: POST /session/f85737454a4a087f20f4e06a50aa0ff9/execute/async - {"script":"<script> [1562 bytes]","args":[{"selector":{"controlType":"sap.m.GenericTile","properties":{"header":"Manage Resources"}},"wdio_ui5_key":"sapm.GenericTile{\"header\":\"Manage Resources\"}"}]}
COMMAND: GET /session/f85737454a4a087f20f4e06a50aa0ff9/screenshot - {}
RESULT: {"script":"<script> [1562 bytes]","args":[{"selector":{"controlType":"sap.m.GenericTile","properties":{"header":"Manage Resources"}},"wdio_ui5_key":"sapm.GenericTile{\"header\":\"Manage Resources\"}"}]}
RESULT: undefined
COMMAND: POST /session/f85737454a4a087f20f4e06a50aa0ff9/element - {"using":"xpath","value":"//*[@id=\"__tile39\"]"}
RESULT: {}
RESULT: {"using":"xpath","value":"//*[@id=\"__tile39\"]"}
COMMAND: POST /session/f85737454a4a087f20f4e06a50aa0ff9/element/f.A10590C3E91A9D0BB6CAA0C0A9556112.d.B953EA1560FC40CC00C1BE41D72CCCD4.e.158/click - {}
RESULT: {}
COMMAND: POST /session/f85737454a4a087f20f4e06a50aa0ff9/element - {"using":"xpath","value":"//button[@data-kt=\"addNewRUOverflowToolbarButton\"]"}
COMMAND: GET /session/f85737454a4a087f20f4e06a50aa0ff9/screenshot - {}
RESULT: {"using":"xpath","value":"//button[@data-kt=\"addNewRUOverflowToolbarButton\"]"}
COMMAND: POST /session/f85737454a4a087f20f4e06a50aa0ff9/elements - {"using":"xpath","value":"//button[@data-kt=\"addNewRUOverflowToolbarButton\"]"}
RESULT: {}
RESULT: {"using":"xpath","value":"//button[@data-kt=\"addNewRUOverflowToolbarButton\"]"}
COMMAND: POST /session/f85737454a4a087f20f4e06a50aa0ff9/elements - {"using":"xpath","value":"//button[@data-kt=\"addNewRUOverflowToolbarButton\"]"}
RESULT: {"using":"xpath","value":"//button[@data-kt=\"addNewRUOverflowToolbarButton\"]"}
COMMAND: POST /session/f85737454a4a087f20f4e06a50aa0ff9/elements - {"using":"xpath","value":"//button[@data-kt=\"addNewRUOverflowToolbarButton\"]"}
RESULT: {"using":"xpath","value":"//button[@data-kt=\"addNewRUOverflowToolbarButton\"]"}
COMMAND: POST /session/f85737454a4a087f20f4e06a50aa0ff9/elements - {"using":"xpath","value":"//button[@data-kt=\"addNewRUOverflowToolbarButton\"]"}
RESULT: {"using":"xpath","value":"//button[@data-kt=\"addNewRUOverflowToolbarButton\"]"}
COMMAND: POST /session/f85737454a4a087f20f4e06a50aa0ff9/elements - {"using":"xpath","value":"//button[@data-kt=\"addNewRUOverflowToolbarButton\"]"}
RESULT: {"using":"xpath","value":"//button[@data-kt=\"addNewRUOverflowToolbarButton\"]"}
COMMAND: POST /session/f85737454a4a087f20f4e06a50aa0ff9/elements - {"using":"xpath","value":"//button[@data-kt=\"addNewRUOverflowToolbarButton\"]"}
RESULT: {"using":"xpath","value":"//button[@data-kt=\"addNewRUOverflowToolbarButton\"]"}
COMMAND: POST /session/f85737454a4a087f20f4e06a50aa0ff9/elements - {"using":"xpath","value":"//button[@data-kt=\"addNewRUOverflowToolbarButton\"]"}
RESULT: {"using":"xpath","value":"//button[@data-kt=\"addNewRUOverflowToolbarButton\"]"}
COMMAND: POST /session/f85737454a4a087f20f4e06a50aa0ff9/elements - {"using":"xpath","value":"//button[@data-kt=\"addNewRUOverflowToolbarButton\"]"}
RESULT: {"using":"xpath","value":"//button[@data-kt=\"addNewRUOverflowToolbarButton\"]"}
COMMAND: POST /session/f85737454a4a087f20f4e06a50aa0ff9/elements - {"using":"xpath","value":"//button[@data-kt=\"addNewRUOverflowToolbarButton\"]"}
RESULT: {"using":"xpath","value":"//button[@data-kt=\"addNewRUOverflowToolbarButton\"]"}
COMMAND: POST /session/f85737454a4a087f20f4e06a50aa0ff9/elements - {"using":"xpath","value":"//button[@data-kt=\"addNewRUOverflowToolbarButton\"]"}
RESULT: {"using":"xpath","value":"//button[@data-kt=\"addNewRUOverflowToolbarButton\"]"}
COMMAND: POST /session/f85737454a4a087f20f4e06a50aa0ff9/elements - {"using":"xpath","value":"//button[@data-kt=\"addNewRUOverflowToolbarButton\"]"}
RESULT: {"using":"xpath","value":"//button[@data-kt=\"addNewRUOverflowToolbarButton\"]"}
COMMAND: POST /session/f85737454a4a087f20f4e06a50aa0ff9/elements - {"using":"xpath","value":"//button[@data-kt=\"addNewRUOverflowToolbarButton\"]"}
RESULT: {"using":"xpath","value":"//button[@data-kt=\"addNewRUOverflowToolbarButton\"]"}
COMMAND: POST /session/f85737454a4a087f20f4e06a50aa0ff9/elements - {"using":"xpath","value":"//button[@data-kt=\"addNewRUOverflowToolbarButton\"]"}
RESULT: {"using":"xpath","value":"//button[@data-kt=\"addNewRUOverflowToolbarButton\"]"}
COMMAND: POST /session/f85737454a4a087f20f4e06a50aa0ff9/elements - {"using":"xpath","value":"//button[@data-kt=\"addNewRUOverflowToolbarButton\"]"}
RESULT: {"using":"xpath","value":"//button[@data-kt=\"addNewRUOverflowToolbarButton\"]"}
COMMAND: POST /session/f85737454a4a087f20f4e06a50aa0ff9/elements - {"using":"xpath","value":"//button[@data-kt=\"addNewRUOverflowToolbarButton\"]"}
RESULT: {"using":"xpath","value":"//button[@data-kt=\"addNewRUOverflowToolbarButton\"]"}
COMMAND: POST /session/f85737454a4a087f20f4e06a50aa0ff9/elements - {"using":"xpath","value":"//button[@data-kt=\"addNewRUOverflowToolbarButton\"]"}
RESULT: {"using":"xpath","value":"//button[@data-kt=\"addNewRUOverflowToolbarButton\"]"}
COMMAND: POST /session/f85737454a4a087f20f4e06a50aa0ff9/elements - {"using":"xpath","value":"//button[@data-kt=\"addNewRUOverflowToolbarButton\"]"}
RESULT: {"using":"xpath","value":"//button[@data-kt=\"addNewRUOverflowToolbarButton\"]"}
COMMAND: POST /session/f85737454a4a087f20f4e06a50aa0ff9/elements - {"using":"xpath","value":"//button[@data-kt=\"addNewRUOverflowToolbarButton\"]"}
RESULT: {"using":"xpath","value":"//button[@data-kt=\"addNewRUOverflowToolbarButton\"]"}
COMMAND: POST /session/f85737454a4a087f20f4e06a50aa0ff9/elements - {"using":"xpath","value":"//button[@data-kt=\"addNewRUOverflowToolbarButton\"]"}
RESULT: {"using":"xpath","value":"//button[@data-kt=\"addNewRUOverflowToolbarButton\"]"}
COMMAND: POST /session/f85737454a4a087f20f4e06a50aa0ff9/elements - {"using":"xpath","value":"//button[@data-kt=\"addNewRUOverflowToolbarButton\"]"}
RESULT: {"using":"xpath","value":"//button[@data-kt=\"addNewRUOverflowToolbarButton\"]"}
COMMAND: POST /session/f85737454a4a087f20f4e06a50aa0ff9/elements - {"using":"xpath","value":"//button[@data-kt=\"addNewRUOverflowToolbarButton\"]"}
RESULT: {"using":"xpath","value":"//button[@data-kt=\"addNewRUOverflowToolbarButton\"]"}
COMMAND: POST /session/f85737454a4a087f20f4e06a50aa0ff9/elements - {"using":"xpath","value":"//button[@data-kt=\"addNewRUOverflowToolbarButton\"]"}
RESULT: {"using":"xpath","value":"//button[@data-kt=\"addNewRUOverflowToolbarButton\"]"}
COMMAND: POST /session/f85737454a4a087f20f4e06a50aa0ff9/elements - {"using":"xpath","value":"//button[@data-kt=\"addNewRUOverflowToolbarButton\"]"}
RESULT: {"using":"xpath","value":"//button[@data-kt=\"addNewRUOverflowToolbarButton\"]"}
COMMAND: POST /session/f85737454a4a087f20f4e06a50aa0ff9/elements - {"using":"xpath","value":"//button[@data-kt=\"addNewRUOverflowToolbarButton\"]"}
RESULT: {"using":"xpath","value":"//button[@data-kt=\"addNewRUOverflowToolbarButton\"]"}
COMMAND: POST /session/f85737454a4a087f20f4e06a50aa0ff9/elements - {"using":"xpath","value":"//button[@data-kt=\"addNewRUOverflowToolbarButton\"]"}
RESULT: {"using":"xpath","value":"//button[@data-kt=\"addNewRUOverflowToolbarButton\"]"}
COMMAND: POST /session/f85737454a4a087f20f4e06a50aa0ff9/elements - {"using":"xpath","value":"//button[@data-kt=\"addNewRUOverflowToolbarButton\"]"}
RESULT: {"using":"xpath","value":"//button[@data-kt=\"addNewRUOverflowToolbarButton\"]"}
COMMAND: POST /session/f85737454a4a087f20f4e06a50aa0ff9/element - {"using":"xpath","value":"//button[@data-kt=\"addNewRUOverflowToolbarButton\"]"}
RESULT: {"using":"xpath","value":"//button[@data-kt=\"addNewRUOverflowToolbarButton\"]"}
COMMAND: POST /session/f85737454a4a087f20f4e06a50aa0ff9/execute/sync - {"script":"<script> [8489 bytes]","args":[{"element-6066-11e4-a52e-4f735466cecf":"f.A10590C3E91A9D0BB6CAA0C0A9556112.d.B953EA1560FC40CC00C1BE41D72CCCD4.e.991","ELEMENT":"f.A10590C3E91A9D0BB6CAA0C0A9556112.d.B953EA1560FC40CC00C1BE41D72CCCD4.e.991"}]}
RESULT: {"script":"<script> [8489 bytes]","args":[{"element-6066-11e4-a52e-4f735466cecf":"f.A10590C3E91A9D0BB6CAA0C0A9556112.d.B953EA1560FC40CC00C1BE41D72CCCD4.e.991","ELEMENT":"f.A10590C3E91A9D0BB6CAA0C0A9556112.d.B953EA1560FC40CC00C1BE41D72CCCD4.e.991"}]}
COMMAND: GET /session/f85737454a4a087f20f4e06a50aa0ff9/element/f.A10590C3E91A9D0BB6CAA0C0A9556112.d.B953EA1560FC40CC00C1BE41D72CCCD4.e.991/enabled - {}
COMMAND: GET /session/f85737454a4a087f20f4e06a50aa0ff9/screenshot - {}
RESULT: {}
COMMAND: POST /session/f85737454a4a087f20f4e06a50aa0ff9/execute/sync - {"script":"<script> [8489 bytes]","args":[{"element-6066-11e4-a52e-4f735466cecf":"f.A10590C3E91A9D0BB6CAA0C0A9556112.d.B953EA1560FC40CC00C1BE41D72CCCD4.e.991","ELEMENT":"f.A10590C3E91A9D0BB6CAA0C0A9556112.d.B953EA1560FC40CC00C1BE41D72CCCD4.e.991"}]}
COMMAND: GET /session/f85737454a4a087f20f4e06a50aa0ff9/screenshot - {}
RESULT: {}
RESULT: {"script":"<script> [8489 bytes]","args":[{"element-6066-11e4-a52e-4f735466cecf":"f.A10590C3E91A9D0BB6CAA0C0A9556112.d.B953EA1560FC40CC00C1BE41D72CCCD4.e.991","ELEMENT":"f.A10590C3E91A9D0BB6CAA0C0A9556112.d.B953EA1560FC40CC00C1BE41D72CCCD4.e.991"}]}
COMMAND: POST /session/f85737454a4a087f20f4e06a50aa0ff9/execute/sync - {"script":"<script> [5351 bytes]","args":[{"element-6066-11e4-a52e-4f735466cecf":"f.A10590C3E91A9D0BB6CAA0C0A9556112.d.B953EA1560FC40CC00C1BE41D72CCCD4.e.991","ELEMENT":"f.A10590C3E91A9D0BB6CAA0C0A9556112.d.B953EA1560FC40CC00C1BE41D72CCCD4.e.991"}]}
COMMAND: GET /session/f85737454a4a087f20f4e06a50aa0ff9/screenshot - {}
RESULT: {}
RESULT: {"script":"<script> [5351 bytes]","args":[{"element-6066-11e4-a52e-4f735466cecf":"f.A10590C3E91A9D0BB6CAA0C0A9556112.d.B953EA1560FC40CC00C1BE41D72CCCD4.e.991","ELEMENT":"f.A10590C3E91A9D0BB6CAA0C0A9556112.d.B953EA1560FC40CC00C1BE41D72CCCD4.e.991"}]}
COMMAND: POST /session/f85737454a4a087f20f4e06a50aa0ff9/element/f.A10590C3E91A9D0BB6CAA0C0A9556112.d.B953EA1560FC40CC00C1BE41D72CCCD4.e.991/click - {}
COMMAND: GET /session/f85737454a4a087f20f4e06a50aa0ff9/screenshot - {}
RESULT: {}
RESULT: {}
COMMAND: GET /session/f85737454a4a087f20f4e06a50aa0ff9/screenshot - {}
RESULT: {}
RESULT: {}
COMMAND: POST /session/f85737454a4a087f20f4e06a50aa0ff9/execute/async - {"script":"<script> [1562 bytes]","args":[{"selector":{"id":"application-manageresources-display-component---newResourceUnit--TYPE-arrow"},"wdio_ui5_key":"applicationmanageresources-display-component---newResourceUnit--TYPE-arrow"}]}
RESULT: {"script":"<script> [1562 bytes]","args":[{"selector":{"id":"application-manageresources-display-component---newResourceUnit--TYPE-arrow"},"wdio_ui5_key":"applicationmanageresources-display-component---newResourceUnit--TYPE-arrow"}]}
RESULT: undefined
COMMAND: POST /session/f85737454a4a087f20f4e06a50aa0ff9/element - {"using":"xpath","value":"//*[@id=\"application-manageresources-display-component---newResourceUnit--TYPE-arrow\"]"}
RESULT: {"using":"xpath","value":"//*[@id=\"application-manageresources-display-component---newResourceUnit--TYPE-arrow\"]"}
COMMAND: POST /session/f85737454a4a087f20f4e06a50aa0ff9/element/f.A10590C3E91A9D0BB6CAA0C0A9556112.d.B953EA1560FC40CC00C1BE41D72CCCD4.e.1346/click - {}
RESULT: {}
COMMAND: POST /session/f85737454a4a087f20f4e06a50aa0ff9/element - {"using":"xpath","value":"//input[@id=\"application-manageresources-display-component---newResourceUnit--TYPE-inner\"]"}
COMMAND: GET /session/f85737454a4a087f20f4e06a50aa0ff9/screenshot - {}
RESULT: {"using":"xpath","value":"//input[@id=\"application-manageresources-display-component---newResourceUnit--TYPE-inner\"]"}
COMMAND: POST /session/f85737454a4a087f20f4e06a50aa0ff9/element/f.A10590C3E91A9D0BB6CAA0C0A9556112.d.B953EA1560FC40CC00C1BE41D72CCCD4.e.1342/clear - {}
RESULT: {}
RESULT: {}
COMMAND: POST /session/f85737454a4a087f20f4e06a50aa0ff9/element/f.A10590C3E91A9D0BB6CAA0C0A9556112.d.B953EA1560FC40CC00C1BE41D72CCCD4.e.1342/value - {"text":"Equipment"}
COMMAND: GET /session/f85737454a4a087f20f4e06a50aa0ff9/screenshot - {}
RESULT: {"text":"Equipment"}
COMMAND: GET /session/f85737454a4a087f20f4e06a50aa0ff9/screenshot - {}
RESULT: {}
RESULT: {}
COMMAND: POST /session/f85737454a4a087f20f4e06a50aa0ff9/actions - {"actions":[{"id":"action2","type":"key","parameters":{},"actions":[{"type":"keyDown","value":"î€‡"},{"type":"pause","duration":10},{"type":"keyUp","value":"î€‡"}]}]}
RESULT: {"actions":[{"id":"action2","type":"key","parameters":{},"actions":[{"type":"keyDown","value":"î€‡"},{"type":"pause","duration":10},{"type":"keyUp","value":"î€‡"}]}]}
COMMAND: POST /session/f85737454a4a087f20f4e06a50aa0ff9/execute/async - {"script":"<script> [1562 bytes]","args":[{"selector":{"id":"application-manageresources-display-component---newResourceUnit--resourceId","interaction":{"idSuffix":"inner"}},"wdio_ui5_key":"applicationmanageresources-display-component---newResourceUnit--resourceId"}]}
COMMAND: GET /session/f85737454a4a087f20f4e06a50aa0ff9/screenshot - {}
RESULT: {"script":"<script> [1562 bytes]","args":[{"selector":{"id":"application-manageresources-display-component---newResourceUnit--resourceId","interaction":{"idSuffix":"inner"}},"wdio_ui5_key":"applicationmanageresources-display-component---newResourceUnit--resourceId"}]}
RESULT: undefined
COMMAND: POST /session/f85737454a4a087f20f4e06a50aa0ff9/execute/async - {"script":"<script> [776 bytes]","args":[{"enterText":"mmXnyCHZLc","selector":{"id":"application-manageresources-display-component---newResourceUnit--resourceId","interaction":{"idSuffix":"inner"}},"clearTextFirst":true,"interactionType":"ENTER_TEXT"}]}
RESULT: {}
RESULT: {"script":"<script> [776 bytes]","args":[{"enterText":"mmXnyCHZLc","selector":{"id":"application-manageresources-display-component---newResourceUnit--resourceId","interaction":{"idSuffix":"inner"}},"clearTextFirst":true,"interactionType":"ENTER_TEXT"}]}
COMMAND: POST /session/f85737454a4a087f20f4e06a50aa0ff9/execute/async - {"script":"<script> [1562 bytes]","args":[{"selector":{"id":"application-manageresources-display-component---newResourceUnit--SHORT_TEXT","interaction":{"idSuffix":"inner"}},"wdio_ui5_key":"applicationmanageresources-display-component---newResourceUnit--SHORT_TEXT"}]}
RESULT: {"script":"<script> [1562 bytes]","args":[{"selector":{"id":"application-manageresources-display-component---newResourceUnit--SHORT_TEXT","interaction":{"idSuffix":"inner"}},"wdio_ui5_key":"applicationmanageresources-display-component---newResourceUnit--SHORT_TEXT"}]}
RESULT: undefined
COMMAND: POST /session/f85737454a4a087f20f4e06a50aa0ff9/execute/async - {"script":"<script> [776 bytes]","args":[{"enterText":"Intercompany Equipment WDIO","selector":{"id":"application-manageresources-display-component---newResourceUnit--SHORT_TEXT","interaction":{"idSuffix":"inner"}},"clearTextFirst":true,"interactionType":"ENTER_TEXT"}]}
RESULT: {"script":"<script> [776 bytes]","args":[{"enterText":"Intercompany Equipment WDIO","selector":{"id":"application-manageresources-display-component---newResourceUnit--SHORT_TEXT","interaction":{"idSuffix":"inner"}},"clearTextFirst":true,"interactionType":"ENTER_TEXT"}]}
COMMAND: POST /session/f85737454a4a087f20f4e06a50aa0ff9/execute/async - {"script":"<script> [1562 bytes]","args":[{"selector":{"id":"application-manageresources-display-component---newResourceUnit--BASE_UNIT_OF_MEASURE","interaction":{"idSuffix":"inner"}},"wdio_ui5_key":"applicationmanageresources-display-component---newResourceUnit--BASE_UNIT_OF_MEASURE"}]}
RESULT: {"script":"<script> [1562 bytes]","args":[{"selector":{"id":"application-manageresources-display-component---newResourceUnit--BASE_UNIT_OF_MEASURE","interaction":{"idSuffix":"inner"}},"wdio_ui5_key":"applicationmanageresources-display-component---newResourceUnit--BASE_UNIT_OF_MEASURE"}]}
RESULT: undefined
COMMAND: POST /session/f85737454a4a087f20f4e06a50aa0ff9/execute/async - {"script":"<script> [776 bytes]","args":[{"enterText":"Piece","selector":{"id":"application-manageresources-display-component---newResourceUnit--BASE_UNIT_OF_MEASURE","interaction":{"idSuffix":"inner"}},"clearTextFirst":true,"interactionType":"ENTER_TEXT"}]}
RESULT: {"script":"<script> [776 bytes]","args":[{"enterText":"Piece","selector":{"id":"application-manageresources-display-component---newResourceUnit--BASE_UNIT_OF_MEASURE","interaction":{"idSuffix":"inner"}},"clearTextFirst":true,"interactionType":"ENTER_TEXT"}]}
COMMAND: POST /session/f85737454a4a087f20f4e06a50aa0ff9/execute/async - {"script":"<script> [1562 bytes]","args":[{"selector":{"id":"application-manageresources-display-component---newResourceUnit--WEIGHT_UNIT","interaction":{"idSuffix":"inner"}},"wdio_ui5_key":"applicationmanageresources-display-component---newResourceUnit--WEIGHT_UNIT"}]}
RESULT: {"script":"<script> [1562 bytes]","args":[{"selector":{"id":"application-manageresources-display-component---newResourceUnit--WEIGHT_UNIT","interaction":{"idSuffix":"inner"}},"wdio_ui5_key":"applicationmanageresources-display-component---newResourceUnit--WEIGHT_UNIT"}]}
RESULT: undefined
COMMAND: POST /session/f85737454a4a087f20f4e06a50aa0ff9/execute/async - {"script":"<script> [776 bytes]","args":[{"enterText":"Gram","selector":{"id":"application-manageresources-display-component---newResourceUnit--WEIGHT_UNIT","interaction":{"idSuffix":"inner"}},"clearTextFirst":true,"interactionType":"ENTER_TEXT"}]}
RESULT: {"script":"<script> [776 bytes]","args":[{"enterText":"Gram","selector":{"id":"application-manageresources-display-component---newResourceUnit--WEIGHT_UNIT","interaction":{"idSuffix":"inner"}},"clearTextFirst":true,"interactionType":"ENTER_TEXT"}]}
COMMAND: POST /session/f85737454a4a087f20f4e06a50aa0ff9/execute/async - {"script":"<script> [1562 bytes]","args":[{"selector":{"id":"application-manageresources-display-component---newResourceUnit--DIMENSION_UNIT","interaction":{"idSuffix":"inner"}},"wdio_ui5_key":"applicationmanageresources-display-component---newResourceUnit--DIMENSION_UNIT"}]}
RESULT: {"script":"<script> [1562 bytes]","args":[{"selector":{"id":"application-manageresources-display-component---newResourceUnit--DIMENSION_UNIT","interaction":{"idSuffix":"inner"}},"wdio_ui5_key":"applicationmanageresources-display-component---newResourceUnit--DIMENSION_UNIT"}]}
RESULT: undefined
COMMAND: POST /session/f85737454a4a087f20f4e06a50aa0ff9/execute/async - {"script":"<script> [776 bytes]","args":[{"enterText":"Meter","selector":{"id":"application-manageresources-display-component---newResourceUnit--DIMENSION_UNIT","interaction":{"idSuffix":"inner"}},"clearTextFirst":true,"interactionType":"ENTER_TEXT"}]}
RESULT: {"script":"<script> [776 bytes]","args":[{"enterText":"Meter","selector":{"id":"application-manageresources-display-component---newResourceUnit--DIMENSION_UNIT","interaction":{"idSuffix":"inner"}},"clearTextFirst":true,"interactionType":"ENTER_TEXT"}]}
COMMAND: POST /session/f85737454a4a087f20f4e06a50aa0ff9/execute/async - {"script":"<script> [1562 bytes]","args":[{"selector":{"id":"application-manageresources-display-component---newResourceUnit--newRRUPage-anchBar-application-manageresources-display-component---newResourceUnit--control-anchor","interaction":{"idSuffix":"BDI-content"}},"wdio_ui5_key":"applicationmanageresources-display-component---newResourceUnit--newRRUPage-anchBar-application-manageresources-display-component---newResourceUnit--control-anchor"}]}
RESULT: {"script":"<script> [1562 bytes]","args":[{"selector":{"id":"application-manageresources-display-component---newResourceUnit--newRRUPage-anchBar-application-manageresources-display-component---newResourceUnit--control-anchor","interaction":{"idSuffix":"BDI-content"}},"wdio_ui5_key":"applicationmanageresources-display-component---newResourceUnit--newRRUPage-anchBar-application-manageresources-display-component---newResourceUnit--control-anchor"}]}
RESULT: undefined
COMMAND: POST /session/f85737454a4a087f20f4e06a50aa0ff9/element - {"using":"xpath","value":"//*[@id=\"application-manageresources-display-component---newResourceUnit--newRRUPage-anchBar-application-manageresources-display-component---newResourceUnit--control-anchor\"]"}
RESULT: {"using":"xpath","value":"//*[@id=\"application-manageresources-display-component---newResourceUnit--newRRUPage-anchBar-application-manageresources-display-component---newResourceUnit--control-anchor\"]"}
COMMAND: POST /session/f85737454a4a087f20f4e06a50aa0ff9/element/f.A10590C3E91A9D0BB6CAA0C0A9556112.d.B953EA1560FC40CC00C1BE41D72CCCD4.e.1478/click - {}
RESULT: {}
COMMAND: POST /session/f85737454a4a087f20f4e06a50aa0ff9/execute/async - {"script":"<script> [1562 bytes]","args":[{"selector":{"id":"application-manageresources-display-component---newResourceUnit--PLANNING_GROUP","interaction":{"idSuffix":"inner"}},"wdio_ui5_key":"applicationmanageresources-display-component---newResourceUnit--PLANNING_GROUP"}]}
COMMAND: GET /session/f85737454a4a087f20f4e06a50aa0ff9/screenshot - {}
RESULT: {"script":"<script> [1562 bytes]","args":[{"selector":{"id":"application-manageresources-display-component---newResourceUnit--PLANNING_GROUP","interaction":{"idSuffix":"inner"}},"wdio_ui5_key":"applicationmanageresources-display-component---newResourceUnit--PLANNING_GROUP"}]}
RESULT: undefined
COMMAND: POST /session/f85737454a4a087f20f4e06a50aa0ff9/execute/async - {"script":"<script> [776 bytes]","args":[{"enterText":"Heavy Equi","selector":{"id":"application-manageresources-display-component---newResourceUnit--PLANNING_GROUP","interaction":{"idSuffix":"inner"}},"clearTextFirst":true,"interactionType":"ENTER_TEXT"}]}
RESULT: {}
RESULT: {"script":"<script> [776 bytes]","args":[{"enterText":"Heavy Equi","selector":{"id":"application-manageresources-display-component---newResourceUnit--PLANNING_GROUP","interaction":{"idSuffix":"inner"}},"clearTextFirst":true,"interactionType":"ENTER_TEXT"}]}
COMMAND: POST /session/f85737454a4a087f20f4e06a50aa0ff9/execute/async - {"script":"<script> [1562 bytes]","args":[{"selector":{"id":"application-manageresources-display-component---newResourceUnit--ITEM_TYPE-arrow"},"wdio_ui5_key":"applicationmanageresources-display-component---newResourceUnit--ITEM_TYPE-arrow"}]}
RESULT: {"script":"<script> [1562 bytes]","args":[{"selector":{"id":"application-manageresources-display-component---newResourceUnit--ITEM_TYPE-arrow"},"wdio_ui5_key":"applicationmanageresources-display-component---newResourceUnit--ITEM_TYPE-arrow"}]}
RESULT: undefined
COMMAND: POST /session/f85737454a4a087f20f4e06a50aa0ff9/element - {"using":"xpath","value":"//*[@id=\"application-manageresources-display-component---newResourceUnit--ITEM_TYPE-arrow\"]"}
RESULT: {"using":"xpath","value":"//*[@id=\"application-manageresources-display-component---newResourceUnit--ITEM_TYPE-arrow\"]"}
COMMAND: POST /session/f85737454a4a087f20f4e06a50aa0ff9/element/f.A10590C3E91A9D0BB6CAA0C0A9556112.d.B953EA1560FC40CC00C1BE41D72CCCD4.e.1487/click - {}
RESULT: {}
COMMAND: POST /session/f85737454a4a087f20f4e06a50aa0ff9/element - {"using":"xpath","value":"(//span[contains(text(), \"Resource Unit\")])[2]"}
COMMAND: GET /session/f85737454a4a087f20f4e06a50aa0ff9/screenshot - {}
RESULT: {"using":"xpath","value":"(//span[contains(text(), \"Resource Unit\")])[2]"}
COMMAND: POST /session/f85737454a4a087f20f4e06a50aa0ff9/element/f.A10590C3E91A9D0BB6CAA0C0A9556112.d.B953EA1560FC40CC00C1BE41D72CCCD4.e.1488/click - {}
RESULT: {}
RESULT: {}
COMMAND: GET /session/f85737454a4a087f20f4e06a50aa0ff9/screenshot - {}
RESULT: {}
COMMAND: POST /session/f85737454a4a087f20f4e06a50aa0ff9/element - {"using":"css selector","value":"#application-manageresources-display-component---newResourceUnit--btnAddTimeSegment"}
RESULT: {"using":"css selector","value":"#application-manageresources-display-component---newResourceUnit--btnAddTimeSegment"}
COMMAND: GET /session/f85737454a4a087f20f4e06a50aa0ff9/element/f.A10590C3E91A9D0BB6CAA0C0A9556112.d.B953EA1560FC40CC00C1BE41D72CCCD4.e.1489/rect - {}
RESULT: {}
COMMAND: GET /session/f85737454a4a087f20f4e06a50aa0ff9/window/rect - {}
RESULT: {}
COMMAND: POST /session/f85737454a4a087f20f4e06a50aa0ff9/execute/sync - {"script":"<script> [92 bytes]","args":[]}
RESULT: {"script":"<script> [92 bytes]","args":[]}
COMMAND: POST /session/f85737454a4a087f20f4e06a50aa0ff9/actions - {"actions":[{"id":"action3","type":"wheel","parameters":{},"actions":[{"type":"scroll","x":-1888,"y":-32,"deltaX":0,"deltaY":0,"duration":0,"origin":{"element-6066-11e4-a52e-4f735466cecf":"f.A10590C3E91A9D0BB6CAA0C0A9556112.d.B953EA1560FC40CC00C1BE41D72CCCD4.e.1489"}}]}]}
COMMAND: GET /session/f85737454a4a087f20f4e06a50aa0ff9/screenshot - {}
RESULT: {}
COMMAND: POST /session/f85737454a4a087f20f4e06a50aa0ff9/execute/sync - {"script":"<script> [79 bytes]","args":[{"element-6066-11e4-a52e-4f735466cecf":"f.A10590C3E91A9D0BB6CAA0C0A9556112.d.B953EA1560FC40CC00C1BE41D72CCCD4.e.1489","ELEMENT":"f.A10590C3E91A9D0BB6CAA0C0A9556112.d.B953EA1560FC40CC00C1BE41D72CCCD4.e.1489"},{"block":"start","inline":"nearest"}]}
RESULT: {"script":"<script> [79 bytes]","args":[{"element-6066-11e4-a52e-4f735466cecf":"f.A10590C3E91A9D0BB6CAA0C0A9556112.d.B953EA1560FC40CC00C1BE41D72CCCD4.e.1489","ELEMENT":"f.A10590C3E91A9D0BB6CAA0C0A9556112.d.B953EA1560FC40CC00C1BE41D72CCCD4.e.1489"},{"block":"start","inline":"nearest"}]}
COMMAND: POST /session/f85737454a4a087f20f4e06a50aa0ff9/execute/async - {"script":"<script> [1562 bytes]","args":[{"selector":{"id":"application-manageresources-display-component---newResourceUnit--btnAddTimeSegment","interaction":{"idSuffix":"inner"}},"wdio_ui5_key":"applicationmanageresources-display-component---newResourceUnit--btnAddTimeSegment"}]}
COMMAND: GET /session/f85737454a4a087f20f4e06a50aa0ff9/screenshot - {}
RESULT: {"script":"<script> [1562 bytes]","args":[{"selector":{"id":"application-manageresources-display-component---newResourceUnit--btnAddTimeSegment","interaction":{"idSuffix":"inner"}},"wdio_ui5_key":"applicationmanageresources-display-component---newResourceUnit--btnAddTimeSegment"}]}
RESULT: undefined
COMMAND: POST /session/f85737454a4a087f20f4e06a50aa0ff9/element - {"using":"xpath","value":"//*[@id=\"application-manageresources-display-component---newResourceUnit--btnAddTimeSegment\"]"}
RESULT: {}
RESULT: {"using":"xpath","value":"//*[@id=\"application-manageresources-display-component---newResourceUnit--btnAddTimeSegment\"]"}
COMMAND: POST /session/f85737454a4a087f20f4e06a50aa0ff9/element/f.A10590C3E91A9D0BB6CAA0C0A9556112.d.B953EA1560FC40CC00C1BE41D72CCCD4.e.1489/click - {}
RESULT: {}
COMMAND: GET /session/f85737454a4a087f20f4e06a50aa0ff9/screenshot - {}
RESULT: {}
COMMAND: POST /session/f85737454a4a087f20f4e06a50aa0ff9/element - {"using":"xpath","value":"//input[@id=\"application-manageresources-display-component---newResourceUnit--idRuTSAdmin-application-manageresources-display-component---newResourceUnit--RUTimeSegment-0-inner\"]"}
RESULT: {"using":"xpath","value":"//input[@id=\"application-manageresources-display-component---newResourceUnit--idRuTSAdmin-application-manageresources-display-component---newResourceUnit--RUTimeSegment-0-inner\"]"}
COMMAND: POST /session/f85737454a4a087f20f4e06a50aa0ff9/element/f.A10590C3E91A9D0BB6CAA0C0A9556112.d.B953EA1560FC40CC00C1BE41D72CCCD4.e.1495/clear - {}
RESULT: {}
COMMAND: POST /session/f85737454a4a087f20f4e06a50aa0ff9/element/f.A10590C3E91A9D0BB6CAA0C0A9556112.d.B953EA1560FC40CC00C1BE41D72CCCD4.e.1495/value - {"text":"183"}
COMMAND: GET /session/f85737454a4a087f20f4e06a50aa0ff9/screenshot - {}
RESULT: {"text":"183"}
COMMAND: GET /session/f85737454a4a087f20f4e06a50aa0ff9/screenshot - {}
RESULT: {}
RESULT: {}
COMMAND: POST /session/f85737454a4a087f20f4e06a50aa0ff9/element - {"using":"xpath","value":"//li[.//span[text()='183']]"}
RESULT: {"using":"xpath","value":"//li[.//span[text()='183']]"}
COMMAND: POST /session/f85737454a4a087f20f4e06a50aa0ff9/element/f.A10590C3E91A9D0BB6CAA0C0A9556112.d.B953EA1560FC40CC00C1BE41D72CCCD4.e.1507/click - {}
RESULT: {}
COMMAND: GET /session/f85737454a4a087f20f4e06a50aa0ff9/screenshot - {}
RESULT: {}
COMMAND: POST /session/f85737454a4a087f20f4e06a50aa0ff9/element - {"using":"xpath","value":"(//span[contains(@id, \"-application-manageresources-display-component---newResourceUnit--RUTimeSegment-0-arrow\")])[6]"}
RESULT: {"using":"xpath","value":"(//span[contains(@id, \"-application-manageresources-display-component---newResourceUnit--RUTimeSegment-0-arrow\")])[6]"}
COMMAND: POST /session/f85737454a4a087f20f4e06a50aa0ff9/element/f.A10590C3E91A9D0BB6CAA0C0A9556112.d.B953EA1560FC40CC00C1BE41D72CCCD4.e.1508/click - {}
RESULT: {}
COMMAND: GET /session/f85737454a4a087f20f4e06a50aa0ff9/screenshot - {}
RESULT: {}
COMMAND: POST /session/f85737454a4a087f20f4e06a50aa0ff9/element - {"using":"xpath","value":"//span[contains(text(), \"PM Order\")]"}
RESULT: {"using":"xpath","value":"//span[contains(text(), \"PM Order\")]"}
COMMAND: POST /session/f85737454a4a087f20f4e06a50aa0ff9/element/f.A10590C3E91A9D0BB6CAA0C0A9556112.d.B953EA1560FC40CC00C1BE41D72CCCD4.e.1511/click - {}
RESULT: {}
COMMAND: GET /session/f85737454a4a087f20f4e06a50aa0ff9/screenshot - {}
RESULT: {}
COMMAND: POST /session/f85737454a4a087f20f4e06a50aa0ff9/element - {"using":"xpath","value":"(//span[contains(@id ,\"manageresources-display-component---newResourceUnit--RUTimeSegment-0-vhi\")])[1]"}
RESULT: {"using":"xpath","value":"(//span[contains(@id ,\"manageresources-display-component---newResourceUnit--RUTimeSegment-0-vhi\")])[1]"}
COMMAND: GET /session/f85737454a4a087f20f4e06a50aa0ff9/element/f.A10590C3E91A9D0BB6CAA0C0A9556112.d.B953EA1560FC40CC00C1BE41D72CCCD4.e.1515/rect - {}
RESULT: {}
COMMAND: GET /session/f85737454a4a087f20f4e06a50aa0ff9/window/rect - {}
RESULT: {}
COMMAND: POST /session/f85737454a4a087f20f4e06a50aa0ff9/execute/sync - {"script":"<script> [92 bytes]","args":[]}
RESULT: {"script":"<script> [92 bytes]","args":[]}
COMMAND: POST /session/f85737454a4a087f20f4e06a50aa0ff9/actions - {"actions":[{"id":"action4","type":"wheel","parameters":{},"actions":[{"type":"scroll","x":-869,"y":-24,"deltaX":0,"deltaY":0,"duration":0,"origin":{"element-6066-11e4-a52e-4f735466cecf":"f.A10590C3E91A9D0BB6CAA0C0A9556112.d.B953EA1560FC40CC00C1BE41D72CCCD4.e.1515"}}]}]}
COMMAND: GET /session/f85737454a4a087f20f4e06a50aa0ff9/screenshot - {}
RESULT: {"actions":[{"id":"action4","type":"wheel","parameters":{},"actions":[{"type":"scroll","x":-869,"y":-24,"deltaX":0,"deltaY":0,"duration":0,"origin":{"element-6066-11e4-a52e-4f735466cecf":"f.A10590C3E91A9D0BB6CAA0C0A9556112.d.B953EA1560FC40CC00C1BE41D72CCCD4.e.1515"}}]}]}
COMMAND: DELETE /session/f85737454a4a087f20f4e06a50aa0ff9/actions - {}
COMMAND: GET /session/f85737454a4a087f20f4e06a50aa0ff9/screenshot - {}
RESULT: {}
RESULT: {}
COMMAND: GET /session/f85737454a4a087f20f4e06a50aa0ff9/screenshot - {}
RESULT: {}
RESULT: {}
COMMAND: POST /session/f85737454a4a087f20f4e06a50aa0ff9/element/f.A10590C3E91A9D0BB6CAA0C0A9556112.d.B953EA1560FC40CC00C1BE41D72CCCD4.e.1515/click - {}
RESULT: {}
COMMAND: GET /session/f85737454a4a087f20f4e06a50aa0ff9/screenshot - {}
RESULT: {}
RESULT: undefined
COMMAND: POST /session/f85737454a4a087f20f4e06a50aa0ff9/execute/async - {"script":"<script> [776 bytes]","args":[{"enterText":"4000360","selector":{"controlType":"sap.m.SearchField","properties":{"placeholder":"Search"},"searchOpenDialogs":true,"interaction":{"idSuffix":"I"}},"clearTextFirst":true,"interactionType":"ENTER_TEXT"}]}
RESULT: {"script":"<script> [776 bytes]","args":[{"enterText":"4000360","selector":{"controlType":"sap.m.SearchField","properties":{"placeholder":"Search"},"searchOpenDialogs":true,"interaction":{"idSuffix":"I"}},"clearTextFirst":true,"interactionType":"ENTER_TEXT"}]}
COMMAND: POST /session/f85737454a4a087f20f4e06a50aa0ff9/actions - {"actions":[{"id":"action5","type":"key","parameters":{},"actions":[{"type":"keyDown","value":"î€‡"},{"type":"pause","duration":10},{"type":"keyUp","value":"î€‡"}]}]}
RESULT: {"actions":[{"id":"action5","type":"key","parameters":{},"actions":[{"type":"keyDown","value":"î€‡"},{"type":"pause","duration":10},{"type":"keyUp","value":"î€‡"}]}]}
COMMAND: GET /session/f85737454a4a087f20f4e06a50aa0ff9/screenshot - {}
RESULT: {}
COMMAND: POST /session/f85737454a4a087f20f4e06a50aa0ff9/element - {"using":"xpath","value":"//td/div/span[contains(text(), \"BGL Vehicles\")]"}
RESULT: {"using":"xpath","value":"//td/div/span[contains(text(), \"BGL Vehicles\")]"}
COMMAND: POST /session/f85737454a4a087f20f4e06a50aa0ff9/element/f.A10590C3E91A9D0BB6CAA0C0A9556112.d.B953EA1560FC40CC00C1BE41D72CCCD4.e.1536/click - {}
RESULT: {}
COMMAND: GET /session/f85737454a4a087f20f4e06a50aa0ff9/screenshot - {}
RESULT: {}
COMMAND: POST /session/f85737454a4a087f20f4e06a50aa0ff9/element - {"using":"xpath","value":"//bdi[contains(text(), \"OK\")]"}
RESULT: {"using":"xpath","value":"//bdi[contains(text(), \"OK\")]"}
COMMAND: POST /session/f85737454a4a087f20f4e06a50aa0ff9/element/f.A10590C3E91A9D0BB6CAA0C0A9556112.d.B953EA1560FC40CC00C1BE41D72CCCD4.e.1537/click - {}
RESULT: {}
COMMAND: GET /session/f85737454a4a087f20f4e06a50aa0ff9/screenshot - {}
RESULT: {}
COMMAND: POST /session/f85737454a4a087f20f4e06a50aa0ff9/execute/async - {"script":"<script> [1562 bytes]","args":[{"selector":{"id":"application-manageresources-display-component---newResourceUnit--newRRUPage-anchBar-application-manageresources-display-component---newResourceUnit--resource-anchor","interaction":{"idSuffix":"BDI-content"}},"wdio_ui5_key":"applicationmanageresources-display-component---newResourceUnit--newRRUPage-anchBar-application-manageresources-display-component---newResourceUnit--resource-anchor"}]}
RESULT: {"script":"<script> [1562 bytes]","args":[{"selector":{"id":"application-manageresources-display-component---newResourceUnit--newRRUPage-anchBar-application-manageresources-display-component---newResourceUnit--resource-anchor","interaction":{"idSuffix":"BDI-content"}},"wdio_ui5_key":"applicationmanageresources-display-component---newResourceUnit--newRRUPage-anchBar-application-manageresources-display-component---newResourceUnit--resource-anchor"}]}
RESULT: undefined
COMMAND: POST /session/f85737454a4a087f20f4e06a50aa0ff9/element - {"using":"xpath","value":"//*[@id=\"application-manageresources-display-component---newResourceUnit--newRRUPage-anchBar-application-manageresources-display-component---newResourceUnit--resource-anchor\"]"}
RESULT: {"using":"xpath","value":"//*[@id=\"application-manageresources-display-component---newResourceUnit--newRRUPage-anchBar-application-manageresources-display-component---newResourceUnit--resource-anchor\"]"}
COMMAND: POST /session/f85737454a4a087f20f4e06a50aa0ff9/element/f.A10590C3E91A9D0BB6CAA0C0A9556112.d.B953EA1560FC40CC00C1BE41D72CCCD4.e.1541/click - {}
RESULT: {}
COMMAND: POST /session/f85737454a4a087f20f4e06a50aa0ff9/execute/async - {"script":"<script> [1562 bytes]","args":[{"selector":{"id":"application-manageresources-display-component---newResourceUnit--PLANNED_DELIVERY_DATE","interaction":{"idSuffix":"inner"}},"wdio_ui5_key":"applicationmanageresources-display-component---newResourceUnit--PLANNED_DELIVERY_DATE"}]}
COMMAND: GET /session/f85737454a4a087f20f4e06a50aa0ff9/screenshot - {}
RESULT: {"script":"<script> [1562 bytes]","args":[{"selector":{"id":"application-manageresources-display-component---newResourceUnit--PLANNED_DELIVERY_DATE","interaction":{"idSuffix":"inner"}},"wdio_ui5_key":"applicationmanageresources-display-component---newResourceUnit--PLANNED_DELIVERY_DATE"}]}
RESULT: undefined
COMMAND: POST /session/f85737454a4a087f20f4e06a50aa0ff9/execute/async - {"script":"<script> [6424 bytes]","args":[{"element-6066-11e4-a52e-4f735466cecf":"f.A10590C3E91A9D0BB6CAA0C0A9556112.d.B953EA1560FC40CC00C1BE41D72CCCD4.e.1402"},"setValue",["5/13/25"]]}
RESULT: {}
RESULT: {"script":"<script> [6424 bytes]","args":[{"element-6066-11e4-a52e-4f735466cecf":"f.A10590C3E91A9D0BB6CAA0C0A9556112.d.B953EA1560FC40CC00C1BE41D72CCCD4.e.1402"},"setValue",["5/13/25"]]}
COMMAND: POST /session/f85737454a4a087f20f4e06a50aa0ff9/element - {"using":"xpath","value":"//label[contains(@class, 'sapMLabelRequired') and .//bdi[contains(text(), 'Planned Retirement')]]"}
RESULT: {"using":"xpath","value":"//label[contains(@class, 'sapMLabelRequired') and .//bdi[contains(text(), 'Planned Retirement')]]"}
COMMAND: POST /session/f85737454a4a087f20f4e06a50aa0ff9/elements - {"using":"xpath","value":"//label[contains(@class, 'sapMLabelRequired') and .//bdi[contains(text(), 'Planned Retirement')]]"}
RESULT: {"using":"xpath","value":"//label[contains(@class, 'sapMLabelRequired') and .//bdi[contains(text(), 'Planned Retirement')]]"}
COMMAND: POST /session/f85737454a4a087f20f4e06a50aa0ff9/element - {"using":"xpath","value":"//button[@data-kt=\"resourceUnitSaveButton\"]"}
RESULT: {"using":"xpath","value":"//button[@data-kt=\"resourceUnitSaveButton\"]"}
COMMAND: POST /session/f85737454a4a087f20f4e06a50aa0ff9/element/f.A10590C3E91A9D0BB6CAA0C0A9556112.d.B953EA1560FC40CC00C1BE41D72CCCD4.e.1363/click - {}
RESULT: {}
COMMAND: GET /session/f85737454a4a087f20f4e06a50aa0ff9/screenshot - {}
RESULT: {}
COMMAND: POST /session/f85737454a4a087f20f4e06a50aa0ff9/element - {"using":"xpath","value":"//bdi[contains(text(), \"Close\")]"}
RESULT: {"using":"xpath","value":"//bdi[contains(text(), \"Close\")]"}
COMMAND: POST /session/f85737454a4a087f20f4e06a50aa0ff9/element/f.A10590C3E91A9D0BB6CAA0C0A9556112.d.B953EA1560FC40CC00C1BE41D72CCCD4.e.1550/click - {}
RESULT: {}
COMMAND: GET /session/f85737454a4a087f20f4e06a50aa0ff9/screenshot - {}
RESULT: {}
COMMAND: POST /session/f85737454a4a087f20f4e06a50aa0ff9/element - {"using":"xpath","value":"(//button[contains(@id ,\"actionsToolbar-overflowButton\")])[1]"}
RESULT: {"using":"xpath","value":"(//button[contains(@id ,\"actionsToolbar-overflowButton\")])[1]"}
COMMAND: POST /session/f85737454a4a087f20f4e06a50aa0ff9/element/f.A10590C3E91A9D0BB6CAA0C0A9556112.d.B953EA1560FC40CC00C1BE41D72CCCD4.e.1603/click - {}
RESULT: {}
COMMAND: GET /session/f85737454a4a087f20f4e06a50aa0ff9/screenshot - {}
RESULT: {}
COMMAND: POST /session/f85737454a4a087f20f4e06a50aa0ff9/element - {"using":"xpath","value":"//button[@data-kt=\"priceInfoButton\"]"}
RESULT: {"using":"xpath","value":"//button[@data-kt=\"priceInfoButton\"]"}
COMMAND: POST /session/f85737454a4a087f20f4e06a50aa0ff9/element/f.A10590C3E91A9D0BB6CAA0C0A9556112.d.B953EA1560FC40CC00C1BE41D72CCCD4.e.1605/click - {}
RESULT: {}
COMMAND: GET /session/f85737454a4a087f20f4e06a50aa0ff9/screenshot - {}
RESULT: {}
COMMAND: POST /session/f85737454a4a087f20f4e06a50aa0ff9/element - {"using":"css selector","value":"#shell-header-logo"}
RESULT: {"using":"css selector","value":"#shell-header-logo"}
COMMAND: POST /session/f85737454a4a087f20f4e06a50aa0ff9/element/f.A10590C3E91A9D0BB6CAA0C0A9556112.d.B953EA1560FC40CC00C1BE41D72CCCD4.e.963/click - {}
RESULT: {}
]]></system-out>
    </testcase>
    <testcase classname="chrome.136_0_7103_49.windows.Create_condition_pricing_US117289_US134625" name="Should create new condition" time="69.345">
      <system-out><![CDATA[
COMMAND: POST /session/f85737454a4a087f20f4e06a50aa0ff9/execute/async - {"script":"<script> [1562 bytes]","args":[{"selector":{"controlType":"sap.m.Text","properties":{"text":"Manage Conditions & Prices"},"interaction":{"idSuffix":"inner"}},"wdio_ui5_key":"sapm.Text{\"text\":\"Manage Conditions & Prices\"}"}]}
COMMAND: GET /session/f85737454a4a087f20f4e06a50aa0ff9/screenshot - {}
RESULT: {"script":"<script> [1562 bytes]","args":[{"selector":{"controlType":"sap.m.Text","properties":{"text":"Manage Conditions & Prices"},"interaction":{"idSuffix":"inner"}},"wdio_ui5_key":"sapm.Text{\"text\":\"Manage Conditions & Prices\"}"}]}
RESULT: undefined
COMMAND: POST /session/f85737454a4a087f20f4e06a50aa0ff9/element - {"using":"xpath","value":"//*[@id=\"__tile53-title\"]"}
RESULT: {}
RESULT: {"using":"xpath","value":"//*[@id=\"__tile53-title\"]"}
COMMAND: POST /session/f85737454a4a087f20f4e06a50aa0ff9/element/f.A10590C3E91A9D0BB6CAA0C0A9556112.d.B953EA1560FC40CC00C1BE41D72CCCD4.e.1610/click - {}
RESULT: {}
COMMAND: POST /session/f85737454a4a087f20f4e06a50aa0ff9/element - {"using":"xpath","value":"//button[@aria-label=\"Create\"]"}
COMMAND: GET /session/f85737454a4a087f20f4e06a50aa0ff9/screenshot - {}
RESULT: {"using":"xpath","value":"//button[@aria-label=\"Create\"]"}
COMMAND: POST /session/f85737454a4a087f20f4e06a50aa0ff9/elements - {"using":"xpath","value":"//button[@aria-label=\"Create\"]"}
RESULT: {}
RESULT: {"using":"xpath","value":"//button[@aria-label=\"Create\"]"}
COMMAND: POST /session/f85737454a4a087f20f4e06a50aa0ff9/elements - {"using":"xpath","value":"//button[@aria-label=\"Create\"]"}
RESULT: {"using":"xpath","value":"//button[@aria-label=\"Create\"]"}
COMMAND: POST /session/f85737454a4a087f20f4e06a50aa0ff9/elements - {"using":"xpath","value":"//button[@aria-label=\"Create\"]"}
RESULT: {"using":"xpath","value":"//button[@aria-label=\"Create\"]"}
COMMAND: POST /session/f85737454a4a087f20f4e06a50aa0ff9/elements - {"using":"xpath","value":"//button[@aria-label=\"Create\"]"}
RESULT: {"using":"xpath","value":"//button[@aria-label=\"Create\"]"}
COMMAND: POST /session/f85737454a4a087f20f4e06a50aa0ff9/elements - {"using":"xpath","value":"//button[@aria-label=\"Create\"]"}
RESULT: {"using":"xpath","value":"//button[@aria-label=\"Create\"]"}
COMMAND: POST /session/f85737454a4a087f20f4e06a50aa0ff9/element - {"using":"xpath","value":"//button[@aria-label=\"Create\"]"}
RESULT: {"using":"xpath","value":"//button[@aria-label=\"Create\"]"}
COMMAND: POST /session/f85737454a4a087f20f4e06a50aa0ff9/execute/sync - {"script":"<script> [8489 bytes]","args":[{"element-6066-11e4-a52e-4f735466cecf":"f.A10590C3E91A9D0BB6CAA0C0A9556112.d.B953EA1560FC40CC00C1BE41D72CCCD4.e.1650","ELEMENT":"f.A10590C3E91A9D0BB6CAA0C0A9556112.d.B953EA1560FC40CC00C1BE41D72CCCD4.e.1650"}]}
RESULT: {"script":"<script> [8489 bytes]","args":[{"element-6066-11e4-a52e-4f735466cecf":"f.A10590C3E91A9D0BB6CAA0C0A9556112.d.B953EA1560FC40CC00C1BE41D72CCCD4.e.1650","ELEMENT":"f.A10590C3E91A9D0BB6CAA0C0A9556112.d.B953EA1560FC40CC00C1BE41D72CCCD4.e.1650"}]}
COMMAND: GET /session/f85737454a4a087f20f4e06a50aa0ff9/element/f.A10590C3E91A9D0BB6CAA0C0A9556112.d.B953EA1560FC40CC00C1BE41D72CCCD4.e.1650/enabled - {}
COMMAND: GET /session/f85737454a4a087f20f4e06a50aa0ff9/screenshot - {}
RESULT: {}
COMMAND: POST /session/f85737454a4a087f20f4e06a50aa0ff9/execute/sync - {"script":"<script> [8489 bytes]","args":[{"element-6066-11e4-a52e-4f735466cecf":"f.A10590C3E91A9D0BB6CAA0C0A9556112.d.B953EA1560FC40CC00C1BE41D72CCCD4.e.1650","ELEMENT":"f.A10590C3E91A9D0BB6CAA0C0A9556112.d.B953EA1560FC40CC00C1BE41D72CCCD4.e.1650"}]}
COMMAND: GET /session/f85737454a4a087f20f4e06a50aa0ff9/screenshot - {}
RESULT: {}
RESULT: {"script":"<script> [8489 bytes]","args":[{"element-6066-11e4-a52e-4f735466cecf":"f.A10590C3E91A9D0BB6CAA0C0A9556112.d.B953EA1560FC40CC00C1BE41D72CCCD4.e.1650","ELEMENT":"f.A10590C3E91A9D0BB6CAA0C0A9556112.d.B953EA1560FC40CC00C1BE41D72CCCD4.e.1650"}]}
COMMAND: POST /session/f85737454a4a087f20f4e06a50aa0ff9/execute/sync - {"script":"<script> [5351 bytes]","args":[{"element-6066-11e4-a52e-4f735466cecf":"f.A10590C3E91A9D0BB6CAA0C0A9556112.d.B953EA1560FC40CC00C1BE41D72CCCD4.e.1650","ELEMENT":"f.A10590C3E91A9D0BB6CAA0C0A9556112.d.B953EA1560FC40CC00C1BE41D72CCCD4.e.1650"}]}
COMMAND: GET /session/f85737454a4a087f20f4e06a50aa0ff9/screenshot - {}
RESULT: {}
RESULT: {"script":"<script> [5351 bytes]","args":[{"element-6066-11e4-a52e-4f735466cecf":"f.A10590C3E91A9D0BB6CAA0C0A9556112.d.B953EA1560FC40CC00C1BE41D72CCCD4.e.1650","ELEMENT":"f.A10590C3E91A9D0BB6CAA0C0A9556112.d.B953EA1560FC40CC00C1BE41D72CCCD4.e.1650"}]}
COMMAND: POST /session/f85737454a4a087f20f4e06a50aa0ff9/element/f.A10590C3E91A9D0BB6CAA0C0A9556112.d.B953EA1560FC40CC00C1BE41D72CCCD4.e.1650/click - {}
COMMAND: GET /session/f85737454a4a087f20f4e06a50aa0ff9/screenshot - {}
RESULT: {}
RESULT: {}
COMMAND: GET /session/f85737454a4a087f20f4e06a50aa0ff9/screenshot - {}
RESULT: {}
RESULT: {}
COMMAND: POST /session/f85737454a4a087f20f4e06a50aa0ff9/actions - {"actions":[{"id":"action6","type":"key","parameters":{},"actions":[{"type":"keyDown","value":"î€‡"},{"type":"pause","duration":10},{"type":"keyUp","value":"î€‡"}]}]}
RESULT: {"actions":[{"id":"action6","type":"key","parameters":{},"actions":[{"type":"keyDown","value":"î€‡"},{"type":"pause","duration":10},{"type":"keyUp","value":"î€‡"}]}]}
COMMAND: GET /session/f85737454a4a087f20f4e06a50aa0ff9/screenshot - {}
RESULT: {}
COMMAND: POST /session/f85737454a4a087f20f4e06a50aa0ff9/execute/async - {"script":"<script> [1562 bytes]","args":[{"selector":{"id":"application-manageconditionprice-display-component---newCondition--condBillCond-arrow"},"wdio_ui5_key":"applicationmanageconditionprice-display-component---newCondition--condBillCond-arrow"}]}
RESULT: {"script":"<script> [1562 bytes]","args":[{"selector":{"id":"application-manageconditionprice-display-component---newCondition--condBillCond-arrow"},"wdio_ui5_key":"applicationmanageconditionprice-display-component---newCondition--condBillCond-arrow"}]}
RESULT: undefined
COMMAND: POST /session/f85737454a4a087f20f4e06a50aa0ff9/element - {"using":"xpath","value":"//*[@id=\"application-manageconditionprice-display-component---newCondition--condBillCond-arrow\"]"}
RESULT: {"using":"xpath","value":"//*[@id=\"application-manageconditionprice-display-component---newCondition--condBillCond-arrow\"]"}
COMMAND: POST /session/f85737454a4a087f20f4e06a50aa0ff9/element/f.A10590C3E91A9D0BB6CAA0C0A9556112.d.B953EA1560FC40CC00C1BE41D72CCCD4.e.1860/click - {}
RESULT: {}
COMMAND: GET /session/f85737454a4a087f20f4e06a50aa0ff9/screenshot - {}
RESULT: {}
COMMAND: POST /session/f85737454a4a087f20f4e06a50aa0ff9/element - {"using":"xpath","value":"//li[.//span[contains(text(), \"SAPR - Sales price\")]]"}
RESULT: {"using":"xpath","value":"//li[.//span[contains(text(), \"SAPR - Sales price\")]]"}
COMMAND: POST /session/f85737454a4a087f20f4e06a50aa0ff9/element/f.A10590C3E91A9D0BB6CAA0C0A9556112.d.B953EA1560FC40CC00C1BE41D72CCCD4.e.1863/click - {}
RESULT: {}
COMMAND: GET /session/f85737454a4a087f20f4e06a50aa0ff9/screenshot - {}
RESULT: {}
COMMAND: POST /session/f85737454a4a087f20f4e06a50aa0ff9/execute/async - {"script":"<script> [1562 bytes]","args":[{"selector":{"id":"application-manageconditionprice-display-component---newCondition--condValidTo","interaction":{"idSuffix":"inner"}},"wdio_ui5_key":"applicationmanageconditionprice-display-component---newCondition--condValidTo"}]}
RESULT: {"script":"<script> [1562 bytes]","args":[{"selector":{"id":"application-manageconditionprice-display-component---newCondition--condValidTo","interaction":{"idSuffix":"inner"}},"wdio_ui5_key":"applicationmanageconditionprice-display-component---newCondition--condValidTo"}]}
RESULT: undefined
COMMAND: POST /session/f85737454a4a087f20f4e06a50aa0ff9/execute/async - {"script":"<script> [776 bytes]","args":[{"enterText":"01/13/26","selector":{"id":"application-manageconditionprice-display-component---newCondition--condValidTo","interaction":{"idSuffix":"inner"}},"clearTextFirst":true,"interactionType":"ENTER_TEXT"}]}
RESULT: {"script":"<script> [776 bytes]","args":[{"enterText":"01/13/26","selector":{"id":"application-manageconditionprice-display-component---newCondition--condValidTo","interaction":{"idSuffix":"inner"}},"clearTextFirst":true,"interactionType":"ENTER_TEXT"}]}
COMMAND: POST /session/f85737454a4a087f20f4e06a50aa0ff9/element - {"using":"xpath","value":"//input[@id=\"application-manageconditionprice-display-component---newCondition--condRU-inner\"]"}
RESULT: {"using":"xpath","value":"//input[@id=\"application-manageconditionprice-display-component---newCondition--condRU-inner\"]"}
COMMAND: POST /session/f85737454a4a087f20f4e06a50aa0ff9/element/f.A10590C3E91A9D0BB6CAA0C0A9556112.d.B953EA1560FC40CC00C1BE41D72CCCD4.e.1725/clear - {}
RESULT: {}
COMMAND: POST /session/f85737454a4a087f20f4e06a50aa0ff9/element/f.A10590C3E91A9D0BB6CAA0C0A9556112.d.B953EA1560FC40CC00C1BE41D72CCCD4.e.1725/value - {"text":"mmXnyCHZLc"}
COMMAND: GET /session/f85737454a4a087f20f4e06a50aa0ff9/screenshot - {}
RESULT: {}
RESULT: {"text":"mmXnyCHZLc"}
COMMAND: GET /session/f85737454a4a087f20f4e06a50aa0ff9/screenshot - {}
RESULT: {}
COMMAND: POST /session/f85737454a4a087f20f4e06a50aa0ff9/actions - {"actions":[{"id":"action7","type":"key","parameters":{},"actions":[{"type":"keyDown","value":"î€‡"},{"type":"pause","duration":10},{"type":"keyUp","value":"î€‡"}]}]}
RESULT: {"actions":[{"id":"action7","type":"key","parameters":{},"actions":[{"type":"keyDown","value":"î€‡"},{"type":"pause","duration":10},{"type":"keyUp","value":"î€‡"}]}]}
COMMAND: POST /session/f85737454a4a087f20f4e06a50aa0ff9/execute/async - {"script":"<script> [1562 bytes]","args":[{"selector":{"id":"application-manageconditionprice-display-component---newCondition--condBaseQty","interaction":{"idSuffix":"inner"}},"wdio_ui5_key":"applicationmanageconditionprice-display-component---newCondition--condBaseQty"}]}
COMMAND: GET /session/f85737454a4a087f20f4e06a50aa0ff9/screenshot - {}
RESULT: {"script":"<script> [1562 bytes]","args":[{"selector":{"id":"application-manageconditionprice-display-component---newCondition--condBaseQty","interaction":{"idSuffix":"inner"}},"wdio_ui5_key":"applicationmanageconditionprice-display-component---newCondition--condBaseQty"}]}
RESULT: undefined
COMMAND: POST /session/f85737454a4a087f20f4e06a50aa0ff9/execute/async - {"script":"<script> [776 bytes]","args":[{"enterText":"1","selector":{"id":"application-manageconditionprice-display-component---newCondition--condBaseQty","interaction":{"idSuffix":"inner"}},"clearTextFirst":true,"interactionType":"ENTER_TEXT"}]}
RESULT: {}
RESULT: {"script":"<script> [776 bytes]","args":[{"enterText":"1","selector":{"id":"application-manageconditionprice-display-component---newCondition--condBaseQty","interaction":{"idSuffix":"inner"}},"clearTextFirst":true,"interactionType":"ENTER_TEXT"}]}
COMMAND: POST /session/f85737454a4a087f20f4e06a50aa0ff9/execute/async - {"script":"<script> [1562 bytes]","args":[{"selector":{"id":"application-manageconditionprice-display-component---newCondition--condValue","interaction":{"idSuffix":"inner"}},"wdio_ui5_key":"applicationmanageconditionprice-display-component---newCondition--condValue"}]}
RESULT: {"script":"<script> [1562 bytes]","args":[{"selector":{"id":"application-manageconditionprice-display-component---newCondition--condValue","interaction":{"idSuffix":"inner"}},"wdio_ui5_key":"applicationmanageconditionprice-display-component---newCondition--condValue"}]}
RESULT: undefined
COMMAND: POST /session/f85737454a4a087f20f4e06a50aa0ff9/execute/async - {"script":"<script> [776 bytes]","args":[{"enterText":"200","selector":{"id":"application-manageconditionprice-display-component---newCondition--condValue","interaction":{"idSuffix":"inner"}},"clearTextFirst":true,"interactionType":"ENTER_TEXT"}]}
RESULT: {"script":"<script> [776 bytes]","args":[{"enterText":"200","selector":{"id":"application-manageconditionprice-display-component---newCondition--condValue","interaction":{"idSuffix":"inner"}},"clearTextFirst":true,"interactionType":"ENTER_TEXT"}]}
COMMAND: POST /session/f85737454a4a087f20f4e06a50aa0ff9/execute/async - {"script":"<script> [1562 bytes]","args":[{"selector":{"id":"application-manageconditionprice-display-component---newCondition--condCurr-arrow"},"wdio_ui5_key":"applicationmanageconditionprice-display-component---newCondition--condCurr-arrow"}]}
RESULT: {"script":"<script> [1562 bytes]","args":[{"selector":{"id":"application-manageconditionprice-display-component---newCondition--condCurr-arrow"},"wdio_ui5_key":"applicationmanageconditionprice-display-component---newCondition--condCurr-arrow"}]}
RESULT: undefined
COMMAND: POST /session/f85737454a4a087f20f4e06a50aa0ff9/element - {"using":"xpath","value":"//*[@id=\"application-manageconditionprice-display-component---newCondition--condCurr-arrow\"]"}
RESULT: {"using":"xpath","value":"//*[@id=\"application-manageconditionprice-display-component---newCondition--condCurr-arrow\"]"}
COMMAND: POST /session/f85737454a4a087f20f4e06a50aa0ff9/element/f.A10590C3E91A9D0BB6CAA0C0A9556112.d.B953EA1560FC40CC00C1BE41D72CCCD4.e.1820/click - {}
RESULT: {}
COMMAND: POST /session/f85737454a4a087f20f4e06a50aa0ff9/element - {"using":"xpath","value":"//span[contains(text(), \"Euro\")]"}
COMMAND: GET /session/f85737454a4a087f20f4e06a50aa0ff9/screenshot - {}
RESULT: {"using":"xpath","value":"//span[contains(text(), \"Euro\")]"}
COMMAND: POST /session/f85737454a4a087f20f4e06a50aa0ff9/element/f.A10590C3E91A9D0BB6CAA0C0A9556112.d.B953EA1560FC40CC00C1BE41D72CCCD4.e.1901/click - {}
RESULT: {}
RESULT: {}
COMMAND: POST /session/f85737454a4a087f20f4e06a50aa0ff9/element - {"using":"xpath","value":"//button[@data-kt=\"saveButton\"]"}
COMMAND: GET /session/f85737454a4a087f20f4e06a50aa0ff9/screenshot - {}
RESULT: {"using":"xpath","value":"//button[@data-kt=\"saveButton\"]"}
COMMAND: POST /session/f85737454a4a087f20f4e06a50aa0ff9/element/f.A10590C3E91A9D0BB6CAA0C0A9556112.d.B953EA1560FC40CC00C1BE41D72CCCD4.e.1821/click - {}
RESULT: {}
RESULT: {}
COMMAND: GET /session/f85737454a4a087f20f4e06a50aa0ff9/screenshot - {}
RESULT: {}
COMMAND: POST /session/f85737454a4a087f20f4e06a50aa0ff9/execute/async - {"script":"<script> [1562 bytes]","args":[{"selector":{"id":"application-manageconditionprice-display-component---conditions--smartFilterBar-btnBasicSearch","interaction":{"idSuffix":"I"}},"wdio_ui5_key":"applicationmanageconditionprice-display-component---conditions--smartFilterBar-btnBasicSearch"}]}
RESULT: {"script":"<script> [1562 bytes]","args":[{"selector":{"id":"application-manageconditionprice-display-component---conditions--smartFilterBar-btnBasicSearch","interaction":{"idSuffix":"I"}},"wdio_ui5_key":"applicationmanageconditionprice-display-component---conditions--smartFilterBar-btnBasicSearch"}]}
RESULT: undefined
COMMAND: POST /session/f85737454a4a087f20f4e06a50aa0ff9/execute/async - {"script":"<script> [776 bytes]","args":[{"enterText":"mmXnyCHZLc","selector":{"id":"application-manageconditionprice-display-component---conditions--smartFilterBar-btnBasicSearch","interaction":{"idSuffix":"I"}},"clearTextFirst":true,"interactionType":"ENTER_TEXT"}]}
RESULT: {"script":"<script> [776 bytes]","args":[{"enterText":"mmXnyCHZLc","selector":{"id":"application-manageconditionprice-display-component---conditions--smartFilterBar-btnBasicSearch","interaction":{"idSuffix":"I"}},"clearTextFirst":true,"interactionType":"ENTER_TEXT"}]}
COMMAND: POST /session/f85737454a4a087f20f4e06a50aa0ff9/actions - {"actions":[{"id":"action8","type":"key","parameters":{},"actions":[{"type":"keyDown","value":"î€‡"},{"type":"pause","duration":10},{"type":"keyUp","value":"î€‡"}]}]}
RESULT: {"actions":[{"id":"action8","type":"key","parameters":{},"actions":[{"type":"keyDown","value":"î€‡"},{"type":"pause","duration":10},{"type":"keyUp","value":"î€‡"}]}]}
COMMAND: GET /session/f85737454a4a087f20f4e06a50aa0ff9/screenshot - {}
RESULT: {}
COMMAND: POST /session/f85737454a4a087f20f4e06a50aa0ff9/execute/async - {"script":"<script> [1562 bytes]","args":[{"selector":{"id":"application-manageconditionprice-display-component---conditions--smartFilterBar-filterItemControl_BASIC-BILL_TYPES-vhi"},"wdio_ui5_key":"applicationmanageconditionprice-display-component---conditions--smartFilterBar-filterItemControl_BASIC-BILL_TYPES-vhi"}]}
RESULT: {"script":"<script> [1562 bytes]","args":[{"selector":{"id":"application-manageconditionprice-display-component---conditions--smartFilterBar-filterItemControl_BASIC-BILL_TYPES-vhi"},"wdio_ui5_key":"applicationmanageconditionprice-display-component---conditions--smartFilterBar-filterItemControl_BASIC-BILL_TYPES-vhi"}]}
RESULT: undefined
COMMAND: POST /session/f85737454a4a087f20f4e06a50aa0ff9/element - {"using":"xpath","value":"//*[@id=\"application-manageconditionprice-display-component---conditions--smartFilterBar-filterItemControl_BASIC-BILL_TYPES-vhi\"]"}
RESULT: {"using":"xpath","value":"//*[@id=\"application-manageconditionprice-display-component---conditions--smartFilterBar-filterItemControl_BASIC-BILL_TYPES-vhi\"]"}
COMMAND: POST /session/f85737454a4a087f20f4e06a50aa0ff9/element/f.A10590C3E91A9D0BB6CAA0C0A9556112.d.B953EA1560FC40CC00C1BE41D72CCCD4.e.2009/click - {}
RESULT: {}
COMMAND: POST /session/f85737454a4a087f20f4e06a50aa0ff9/execute/async - {"script":"<script> [1562 bytes]","args":[{"selector":{"id":"application-manageconditionprice-display-component---conditions--smartFilterBar-filterItemControl_BASIC-BILL_TYPES-valueHelpDialog-smartFilterBar-btnBasicSearch","searchOpenDialogs":true,"interaction":{"idSuffix":"I"}},"wdio_ui5_key":"applicationmanageconditionprice-display-component---conditions--smartFilterBar-filterItemControl_BASIC-BILL_TYPES-valueHelpDialog-smartFilterBar-btnBasicSearch"}]}
COMMAND: GET /session/f85737454a4a087f20f4e06a50aa0ff9/screenshot - {}
RESULT: {"script":"<script> [1562 bytes]","args":[{"selector":{"id":"application-manageconditionprice-display-component---conditions--smartFilterBar-filterItemControl_BASIC-BILL_TYPES-valueHelpDialog-smartFilterBar-btnBasicSearch","searchOpenDialogs":true,"interaction":{"idSuffix":"I"}},"wdio_ui5_key":"applicationmanageconditionprice-display-component---conditions--smartFilterBar-filterItemControl_BASIC-BILL_TYPES-valueHelpDialog-smartFilterBar-btnBasicSearch"}]}
RESULT: undefined
COMMAND: POST /session/f85737454a4a087f20f4e06a50aa0ff9/execute/async - {"script":"<script> [776 bytes]","args":[{"enterText":"one","selector":{"id":"application-manageconditionprice-display-component---conditions--smartFilterBar-filterItemControl_BASIC-BILL_TYPES-valueHelpDialog-smartFilterBar-btnBasicSearch","searchOpenDialogs":true,"interaction":{"idSuffix":"I"}},"clearTextFirst":true,"interactionType":"ENTER_TEXT"}]}
RESULT: {}
RESULT: {"script":"<script> [776 bytes]","args":[{"enterText":"one","selector":{"id":"application-manageconditionprice-display-component---conditions--smartFilterBar-filterItemControl_BASIC-BILL_TYPES-valueHelpDialog-smartFilterBar-btnBasicSearch","searchOpenDialogs":true,"interaction":{"idSuffix":"I"}},"clearTextFirst":true,"interactionType":"ENTER_TEXT"}]}
COMMAND: POST /session/f85737454a4a087f20f4e06a50aa0ff9/actions - {"actions":[{"id":"action9","type":"key","parameters":{},"actions":[{"type":"keyDown","value":"î€‡"},{"type":"pause","duration":10},{"type":"keyUp","value":"î€‡"}]}]}
RESULT: {"actions":[{"id":"action9","type":"key","parameters":{},"actions":[{"type":"keyDown","value":"î€‡"},{"type":"pause","duration":10},{"type":"keyUp","value":"î€‡"}]}]}
COMMAND: GET /session/f85737454a4a087f20f4e06a50aa0ff9/screenshot - {}
RESULT: {}
COMMAND: POST /session/f85737454a4a087f20f4e06a50aa0ff9/element - {"using":"xpath","value":"//div[contains(@id, 'application-manageconditionprice-display-component---conditions--smartFilterBar-filterItemControl_BASIC-BILL_TYPES-valueHelpDialog-table-rowsel0')]"}
RESULT: {"using":"xpath","value":"//div[contains(@id, 'application-manageconditionprice-display-component---conditions--smartFilterBar-filterItemControl_BASIC-BILL_TYPES-valueHelpDialog-table-rowsel0')]"}
COMMAND: POST /session/f85737454a4a087f20f4e06a50aa0ff9/element/f.A10590C3E91A9D0BB6CAA0C0A9556112.d.B953EA1560FC40CC00C1BE41D72CCCD4.e.2019/click - {}
RESULT: {}
COMMAND: GET /session/f85737454a4a087f20f4e06a50aa0ff9/screenshot - {}
RESULT: {}
COMMAND: POST /session/f85737454a4a087f20f4e06a50aa0ff9/element - {"using":"xpath","value":"//bdi[contains(text(), \"OK\")]"}
RESULT: {"using":"xpath","value":"//bdi[contains(text(), \"OK\")]"}
COMMAND: POST /session/f85737454a4a087f20f4e06a50aa0ff9/element/f.A10590C3E91A9D0BB6CAA0C0A9556112.d.B953EA1560FC40CC00C1BE41D72CCCD4.e.2021/click - {}
RESULT: {}
COMMAND: GET /session/f85737454a4a087f20f4e06a50aa0ff9/screenshot - {}
RESULT: {}
COMMAND: POST /session/f85737454a4a087f20f4e06a50aa0ff9/element - {"using":"xpath","value":"//span[@id=\"application-manageconditionprice-display-component---conditions--smartTable-header-inner\"]"}
RESULT: {"using":"xpath","value":"//span[@id=\"application-manageconditionprice-display-component---conditions--smartTable-header-inner\"]"}
COMMAND: POST /session/f85737454a4a087f20f4e06a50aa0ff9/elements - {"using":"xpath","value":"//span[@id=\"application-manageconditionprice-display-component---conditions--smartTable-header-inner\"]"}
RESULT: {"using":"xpath","value":"//span[@id=\"application-manageconditionprice-display-component---conditions--smartTable-header-inner\"]"}
COMMAND: POST /session/f85737454a4a087f20f4e06a50aa0ff9/execute/sync - {"script":"<script> [56 bytes]","args":[{"element-6066-11e4-a52e-4f735466cecf":"f.A10590C3E91A9D0BB6CAA0C0A9556112.d.B953EA1560FC40CC00C1BE41D72CCCD4.e.2024","ELEMENT":"f.A10590C3E91A9D0BB6CAA0C0A9556112.d.B953EA1560FC40CC00C1BE41D72CCCD4.e.2024"}]}
RESULT: {"script":"<script> [56 bytes]","args":[{"element-6066-11e4-a52e-4f735466cecf":"f.A10590C3E91A9D0BB6CAA0C0A9556112.d.B953EA1560FC40CC00C1BE41D72CCCD4.e.2024","ELEMENT":"f.A10590C3E91A9D0BB6CAA0C0A9556112.d.B953EA1560FC40CC00C1BE41D72CCCD4.e.2024"}]}
COMMAND: POST /session/f85737454a4a087f20f4e06a50aa0ff9/element - {"using":"css selector","value":"#shell-header-logo"}
COMMAND: GET /session/f85737454a4a087f20f4e06a50aa0ff9/screenshot - {}
RESULT: {"using":"css selector","value":"#shell-header-logo"}
COMMAND: POST /session/f85737454a4a087f20f4e06a50aa0ff9/element/f.A10590C3E91A9D0BB6CAA0C0A9556112.d.B953EA1560FC40CC00C1BE41D72CCCD4.e.1613/click - {}
RESULT: {}
RESULT: {}
COMMAND: GET /session/f85737454a4a087f20f4e06a50aa0ff9/screenshot - {}
RESULT: {}
COMMAND: POST /session/f85737454a4a087f20f4e06a50aa0ff9/element - {"using":"css selector","value":"#j_username"}
COMMAND: POST /session/f85737454a4a087f20f4e06a50aa0ff9/url - {"url":"https://qa-testing-00-live-etm-ui.cfapps.eu10-004.hana.ondemand.com/"}
RESULT: {"using":"css selector","value":"#j_username"}
COMMAND: POST /session/f85737454a4a087f20f4e06a50aa0ff9/element - {"using":"css selector","value":"#j_username"}
RESULT: {"url":"https://qa-testing-00-live-etm-ui.cfapps.eu10-004.hana.ondemand.com/"}
RESULT: undefined
COMMAND: GET /session/f85737454a4a087f20f4e06a50aa0ff9/screenshot - {}
RESULT: {"using":"css selector","value":"#j_username"}
COMMAND: POST /session/f85737454a4a087f20f4e06a50aa0ff9/element - {"using":"css selector","value":"#shell-header-logo"}
RESULT: {}
RESULT: {"using":"css selector","value":"#shell-header-logo"}
COMMAND: POST /session/f85737454a4a087f20f4e06a50aa0ff9/execute/sync - {"script":"<script> [8489 bytes]","args":[{"element-6066-11e4-a52e-4f735466cecf":"f.A10590C3E91A9D0BB6CAA0C0A9556112.d.46468872F6C9694AB46D404B3FD41653.e.2091","ELEMENT":"f.A10590C3E91A9D0BB6CAA0C0A9556112.d.46468872F6C9694AB46D404B3FD41653.e.2091"}]}
RESULT: {"script":"<script> [8489 bytes]","args":[{"element-6066-11e4-a52e-4f735466cecf":"f.A10590C3E91A9D0BB6CAA0C0A9556112.d.46468872F6C9694AB46D404B3FD41653.e.2091","ELEMENT":"f.A10590C3E91A9D0BB6CAA0C0A9556112.d.46468872F6C9694AB46D404B3FD41653.e.2091"}]}
COMMAND: POST /session/f85737454a4a087f20f4e06a50aa0ff9/element - {"using":"css selector","value":"#shell-header-logo"}
COMMAND: GET /session/f85737454a4a087f20f4e06a50aa0ff9/screenshot - {}
RESULT: {"using":"css selector","value":"#shell-header-logo"}
COMMAND: POST /session/f85737454a4a087f20f4e06a50aa0ff9/execute/sync - {"script":"<script> [8489 bytes]","args":[{"element-6066-11e4-a52e-4f735466cecf":"f.A10590C3E91A9D0BB6CAA0C0A9556112.d.46468872F6C9694AB46D404B3FD41653.e.2091","ELEMENT":"f.A10590C3E91A9D0BB6CAA0C0A9556112.d.46468872F6C9694AB46D404B3FD41653.e.2091"}]}
RESULT: {}
RESULT: {"script":"<script> [8489 bytes]","args":[{"element-6066-11e4-a52e-4f735466cecf":"f.A10590C3E91A9D0BB6CAA0C0A9556112.d.46468872F6C9694AB46D404B3FD41653.e.2091","ELEMENT":"f.A10590C3E91A9D0BB6CAA0C0A9556112.d.46468872F6C9694AB46D404B3FD41653.e.2091"}]}
COMMAND: POST /session/f85737454a4a087f20f4e06a50aa0ff9/execute/sync - {"script":"<script> [5351 bytes]","args":[{"element-6066-11e4-a52e-4f735466cecf":"f.A10590C3E91A9D0BB6CAA0C0A9556112.d.46468872F6C9694AB46D404B3FD41653.e.2091","ELEMENT":"f.A10590C3E91A9D0BB6CAA0C0A9556112.d.46468872F6C9694AB46D404B3FD41653.e.2091"}]}
COMMAND: GET /session/f85737454a4a087f20f4e06a50aa0ff9/screenshot - {}
RESULT: {"script":"<script> [5351 bytes]","args":[{"element-6066-11e4-a52e-4f735466cecf":"f.A10590C3E91A9D0BB6CAA0C0A9556112.d.46468872F6C9694AB46D404B3FD41653.e.2091","ELEMENT":"f.A10590C3E91A9D0BB6CAA0C0A9556112.d.46468872F6C9694AB46D404B3FD41653.e.2091"}]}
COMMAND: POST /session/f85737454a4a087f20f4e06a50aa0ff9/element - {"using":"css selector","value":"#shell-header-logo"}
COMMAND: GET /session/f85737454a4a087f20f4e06a50aa0ff9/screenshot - {}
RESULT: {}
RESULT: {"using":"css selector","value":"#shell-header-logo"}
COMMAND: POST /session/f85737454a4a087f20f4e06a50aa0ff9/element/f.A10590C3E91A9D0BB6CAA0C0A9556112.d.46468872F6C9694AB46D404B3FD41653.e.2091/click - {}
RESULT: {}
RESULT: {}
COMMAND: GET /session/f85737454a4a087f20f4e06a50aa0ff9/screenshot - {}
RESULT: {}
COMMAND: POST /session/f85737454a4a087f20f4e06a50aa0ff9/execute/async - {"script":"<script> [189 bytes]","args":[]}
RESULT: {"script":"<script> [189 bytes]","args":[]}
COMMAND: POST /session/f85737454a4a087f20f4e06a50aa0ff9/execute/async - {"script":"<script> [123 bytes]","args":[]}
RESULT: {"script":"<script> [123 bytes]","args":[]}
COMMAND: POST /session/f85737454a4a087f20f4e06a50aa0ff9/timeouts - {"script":"<number>"}
RESULT: {"script":"<number>"}
COMMAND: GET /session/f85737454a4a087f20f4e06a50aa0ff9/timeouts - {}
RESULT: {}
RESULT: undefined
COMMAND: POST /session/f85737454a4a087f20f4e06a50aa0ff9/execute/async - {"script":"<script> [2676 bytes]","args":[]}
RESULT: {"script":"<script> [2676 bytes]","args":[]}
COMMAND: POST /session/f85737454a4a087f20f4e06a50aa0ff9/execute/async - {"script":"<script> [2342 bytes]","args":[{"protocol":"http","hostname":"0.0.0.0","path":"/","capabilities":{"browserName":"chrome","goog:chromeOptions":{"binary":"C:\\Program Files\\Google\\Chrome\\Application\\chrome.exe","args":["--start-maximized"]}},"logLevel":"warn","connectionRetryTimeout":120000,"connectionRetryCount":3,"logLevels":{},"enableDirectConnect":true,"strictSSL":true,"_":"65 more keys: [\"cacheDir\",\"port\",\"requestedCapabilities\",\"automationProtocol\",\"baseUrl\",\"waitforInterval\",\"waitforTimeout\",\"onReload\",\"beforeCommand\",\"afterCommand\",\"rootDir\",\"specs\",\"suites\",\"exclude\",\"groupLogsByTestSpec\",\"excludeDriverLogs\",\"bail\",\"framework\",\"reporters\",\"services\",\"maxInstances\",\"maxInstancesPerCapability\",\"injectGlobals\",\"filesToWatch\",\"execArgv\",\"runnerEnv\",\"runner\",\"shard\",\"specFileRetries\",\"specFileRetriesDelay\",\"specFileRetriesDeferred\",\"reporterSyncInterval\",\"reporterSyncTimeout\",\"cucumberFeaturesWithLineNumbers\",\"autoCompileOpts\",\"mochaOpts\",\"jasmineOpts\",\"cucumberOpts\",\"onPrepare\",\"onWorkerStart\",\"onWorkerEnd\",\"before\",\"beforeSession\",\"beforeSuite\",\"beforeHook\",\"beforeTest\",\"afterTest\",\"afterHook\",\"afterSuite\",\"afterSession\",\"after\",\"onComplete\",\"beforeAssertion\",\"afterAssertion\",\"beforeFeature\",\"beforeScenario\",\"beforeStep\",\"afterStep\",\"afterScenario\",\"afterFeature\",\"_\",\"suite\",\"$0\",\"ignoredWorkerServices\",\"wdi5\"]"}]}
RESULT: {"script":"<script> [2342 bytes]","args":[{"protocol":"http","hostname":"0.0.0.0","path":"/","capabilities":{"browserName":"chrome","goog:chromeOptions":{"binary":"C:\\Program Files\\Google\\Chrome\\Application\\chrome.exe","args":["--start-maximized"]}},"logLevel":"warn","connectionRetryTimeout":120000,"connectionRetryCount":3,"logLevels":{},"enableDirectConnect":true,"strictSSL":true,"_":"65 more keys: [\"cacheDir\",\"port\",\"requestedCapabilities\",\"automationProtocol\",\"baseUrl\",\"waitforInterval\",\"waitforTimeout\",\"onReload\",\"beforeCommand\",\"afterCommand\",\"rootDir\",\"specs\",\"suites\",\"exclude\",\"groupLogsByTestSpec\",\"excludeDriverLogs\",\"bail\",\"framework\",\"reporters\",\"services\",\"maxInstances\",\"maxInstancesPerCapability\",\"injectGlobals\",\"filesToWatch\",\"execArgv\",\"runnerEnv\",\"runner\",\"shard\",\"specFileRetries\",\"specFileRetriesDelay\",\"specFileRetriesDeferred\",\"reporterSyncInterval\",\"reporterSyncTimeout\",\"cucumberFeaturesWithLineNumbers\",\"autoCompileOpts\",\"mochaOpts\",\"jasmineOpts\",\"cucumberOpts\",\"onPrepare\",\"onWorkerStart\",\"onWorkerEnd\",\"before\",\"beforeSession\",\"beforeSuite\",\"beforeHook\",\"beforeTest\",\"afterTest\",\"afterHook\",\"afterSuite\",\"afterSession\",\"after\",\"onComplete\",\"beforeAssertion\",\"afterAssertion\",\"beforeFeature\",\"beforeScenario\",\"beforeStep\",\"afterStep\",\"afterScenario\",\"afterFeature\",\"_\",\"suite\",\"$0\",\"ignoredWorkerServices\",\"wdi5\"]"}]}
COMMAND: POST /session/f85737454a4a087f20f4e06a50aa0ff9/execute/async - {"script":"<script> [21126 bytes]","args":[35000]}
RESULT: {"script":"<script> [21126 bytes]","args":[35000]}
COMMAND: POST /session/f85737454a4a087f20f4e06a50aa0ff9/window/maximize - {}
RESULT: {}
COMMAND: POST /session/f85737454a4a087f20f4e06a50aa0ff9/execute/async - {"script":"<script> [1562 bytes]","args":[{"selector":{"id":"shell-header","interaction":{"idSuffix":"icon"}},"wdio_ui5_key":"shellheader"}]}
COMMAND: GET /session/f85737454a4a087f20f4e06a50aa0ff9/screenshot - {}
RESULT: {"script":"<script> [1562 bytes]","args":[{"selector":{"id":"shell-header","interaction":{"idSuffix":"icon"}},"wdio_ui5_key":"shellheader"}]}
RESULT: undefined
COMMAND: POST /session/f85737454a4a087f20f4e06a50aa0ff9/refresh - {}
RESULT: {}
RESULT: {}
COMMAND: GET /session/f85737454a4a087f20f4e06a50aa0ff9/screenshot - {}
RESULT: {}
COMMAND: POST /session/f85737454a4a087f20f4e06a50aa0ff9/refresh - {}
RESULT: {}
COMMAND: GET /session/f85737454a4a087f20f4e06a50aa0ff9/screenshot - {}
RESULT: {}
COMMAND: POST /session/f85737454a4a087f20f4e06a50aa0ff9/window/fullscreen - {}
RESULT: {}
COMMAND: POST /session/f85737454a4a087f20f4e06a50aa0ff9/execute/async - {"script":"<script> [189 bytes]","args":[]}
RESULT: {"script":"<script> [189 bytes]","args":[]}
COMMAND: POST /session/f85737454a4a087f20f4e06a50aa0ff9/execute/async - {"script":"<script> [123 bytes]","args":[]}
RESULT: {"script":"<script> [123 bytes]","args":[]}
COMMAND: POST /session/f85737454a4a087f20f4e06a50aa0ff9/timeouts - {"script":"<number>"}
RESULT: {"script":"<number>"}
COMMAND: GET /session/f85737454a4a087f20f4e06a50aa0ff9/timeouts - {}
RESULT: {}
RESULT: undefined
COMMAND: POST /session/f85737454a4a087f20f4e06a50aa0ff9/execute/async - {"script":"<script> [2676 bytes]","args":[]}
RESULT: {"script":"<script> [2676 bytes]","args":[]}
COMMAND: POST /session/f85737454a4a087f20f4e06a50aa0ff9/execute/async - {"script":"<script> [2342 bytes]","args":[{"protocol":"http","hostname":"0.0.0.0","path":"/","capabilities":{"browserName":"chrome","goog:chromeOptions":{"binary":"C:\\Program Files\\Google\\Chrome\\Application\\chrome.exe","args":["--start-maximized"]}},"logLevel":"warn","connectionRetryTimeout":120000,"connectionRetryCount":3,"logLevels":{},"enableDirectConnect":true,"strictSSL":true,"_":"65 more keys: [\"cacheDir\",\"port\",\"requestedCapabilities\",\"automationProtocol\",\"baseUrl\",\"waitforInterval\",\"waitforTimeout\",\"onReload\",\"beforeCommand\",\"afterCommand\",\"rootDir\",\"specs\",\"suites\",\"exclude\",\"groupLogsByTestSpec\",\"excludeDriverLogs\",\"bail\",\"framework\",\"reporters\",\"services\",\"maxInstances\",\"maxInstancesPerCapability\",\"injectGlobals\",\"filesToWatch\",\"execArgv\",\"runnerEnv\",\"runner\",\"shard\",\"specFileRetries\",\"specFileRetriesDelay\",\"specFileRetriesDeferred\",\"reporterSyncInterval\",\"reporterSyncTimeout\",\"cucumberFeaturesWithLineNumbers\",\"autoCompileOpts\",\"mochaOpts\",\"jasmineOpts\",\"cucumberOpts\",\"onPrepare\",\"onWorkerStart\",\"onWorkerEnd\",\"before\",\"beforeSession\",\"beforeSuite\",\"beforeHook\",\"beforeTest\",\"afterTest\",\"afterHook\",\"afterSuite\",\"afterSession\",\"after\",\"onComplete\",\"beforeAssertion\",\"afterAssertion\",\"beforeFeature\",\"beforeScenario\",\"beforeStep\",\"afterStep\",\"afterScenario\",\"afterFeature\",\"_\",\"suite\",\"$0\",\"ignoredWorkerServices\",\"wdi5\"]"}]}
RESULT: {"script":"<script> [2342 bytes]","args":[{"protocol":"http","hostname":"0.0.0.0","path":"/","capabilities":{"browserName":"chrome","goog:chromeOptions":{"binary":"C:\\Program Files\\Google\\Chrome\\Application\\chrome.exe","args":["--start-maximized"]}},"logLevel":"warn","connectionRetryTimeout":120000,"connectionRetryCount":3,"logLevels":{},"enableDirectConnect":true,"strictSSL":true,"_":"65 more keys: [\"cacheDir\",\"port\",\"requestedCapabilities\",\"automationProtocol\",\"baseUrl\",\"waitforInterval\",\"waitforTimeout\",\"onReload\",\"beforeCommand\",\"afterCommand\",\"rootDir\",\"specs\",\"suites\",\"exclude\",\"groupLogsByTestSpec\",\"excludeDriverLogs\",\"bail\",\"framework\",\"reporters\",\"services\",\"maxInstances\",\"maxInstancesPerCapability\",\"injectGlobals\",\"filesToWatch\",\"execArgv\",\"runnerEnv\",\"runner\",\"shard\",\"specFileRetries\",\"specFileRetriesDelay\",\"specFileRetriesDeferred\",\"reporterSyncInterval\",\"reporterSyncTimeout\",\"cucumberFeaturesWithLineNumbers\",\"autoCompileOpts\",\"mochaOpts\",\"jasmineOpts\",\"cucumberOpts\",\"onPrepare\",\"onWorkerStart\",\"onWorkerEnd\",\"before\",\"beforeSession\",\"beforeSuite\",\"beforeHook\",\"beforeTest\",\"afterTest\",\"afterHook\",\"afterSuite\",\"afterSession\",\"after\",\"onComplete\",\"beforeAssertion\",\"afterAssertion\",\"beforeFeature\",\"beforeScenario\",\"beforeStep\",\"afterStep\",\"afterScenario\",\"afterFeature\",\"_\",\"suite\",\"$0\",\"ignoredWorkerServices\",\"wdi5\"]"}]}
COMMAND: POST /session/f85737454a4a087f20f4e06a50aa0ff9/execute/async - {"script":"<script> [21126 bytes]","args":[35000]}
RESULT: {"script":"<script> [21126 bytes]","args":[35000]}
]]></system-out>
    </testcase>
  </testsuite>
  <testsuite timestamp="2025-05-13T07:04:40" time="142.697" tests="3" failures="0" errors="0" skipped="0">
    <properties>
      <property name="specId" value="0" />
      <property name="suiteName" value="Set up pricing rule(OT) 104624" />
      <property name="capabilities" value="chrome.136_0_7103_49.windows" />
      <property name="file" value="file:///D:/a/1/s/test/specs/BTS/create-pricing-rule.spec.js" />
    </properties>
    <testcase classname="chrome.136_0_7103_49.windows.Set_up_pricing_rule(OT)_104624" name="Should create a new yard used for all following tests" time="0.037">
      <system-out><![CDATA[
COMMAND: POST /session/f85737454a4a087f20f4e06a50aa0ff9/window/fullscreen - {}
RESULT: {}
]]></system-out>
    </testcase>
    <testcase classname="chrome.136_0_7103_49.windows.Set_up_pricing_rule(OT)_104624" name="Should create a new equipment used for all following tests" time="0.004" />
    <testcase classname="chrome.136_0_7103_49.windows.Set_up_pricing_rule(OT)_104624" name="Should create new pricing rule on the created resource from earlier module or above" time="84.45">
      <system-out><![CDATA[
COMMAND: POST /session/f85737454a4a087f20f4e06a50aa0ff9/execute/async - {"script":"<script> [1562 bytes]","args":[{"selector":{"controlType":"sap.m.Text","properties":{"text":"Manage Pricing Rules"},"interaction":{"idSuffix":"inner"}},"wdio_ui5_key":"sapm.Text{\"text\":\"Manage Pricing Rules\"}"}]}
RESULT: {"script":"<script> [1562 bytes]","args":[{"selector":{"controlType":"sap.m.Text","properties":{"text":"Manage Pricing Rules"},"interaction":{"idSuffix":"inner"}},"wdio_ui5_key":"sapm.Text{\"text\":\"Manage Pricing Rules\"}"}]}
RESULT: undefined
COMMAND: POST /session/f85737454a4a087f20f4e06a50aa0ff9/element - {"using":"xpath","value":"//*[@id=\"__tile55-title\"]"}
RESULT: {"using":"xpath","value":"//*[@id=\"__tile55-title\"]"}
COMMAND: POST /session/f85737454a4a087f20f4e06a50aa0ff9/element/f.A10590C3E91A9D0BB6CAA0C0A9556112.d.444EFEC440663A4790F6988A3A65D331.e.2325/click - {}
RESULT: {}
COMMAND: POST /session/f85737454a4a087f20f4e06a50aa0ff9/execute/async - {"script":"<script> [1562 bytes]","args":[{"selector":{"controlType":"sap.ui.core.Icon","viewName":"etm.portal.ui.managepricingrules.view.MasterHeader","viewId":"application-managepricingrules-display-component---priceInfoHeader","properties":{"src":{"regex":{"source":"activity\\-items"}}}},"wdio_ui5_key":"etmportal.ui.managepricingrules.view.MasterHeadersap.ui.core.Icon{\"src\":{\"regex\":{\"source\":\"activity\\\\-items\"}}}"}]}
COMMAND: GET /session/f85737454a4a087f20f4e06a50aa0ff9/screenshot - {}
RESULT: {"script":"<script> [1562 bytes]","args":[{"selector":{"controlType":"sap.ui.core.Icon","viewName":"etm.portal.ui.managepricingrules.view.MasterHeader","viewId":"application-managepricingrules-display-component---priceInfoHeader","properties":{"src":{"regex":{"source":"activity\\-items"}}}},"wdio_ui5_key":"etmportal.ui.managepricingrules.view.MasterHeadersap.ui.core.Icon{\"src\":{\"regex\":{\"source\":\"activity\\\\-items\"}}}"}]}
RESULT: undefined
COMMAND: POST /session/f85737454a4a087f20f4e06a50aa0ff9/element - {"using":"xpath","value":"//*[@id=\"__filter1-icon\"]"}
RESULT: {}
RESULT: {"using":"xpath","value":"//*[@id=\"__filter1-icon\"]"}
COMMAND: POST /session/f85737454a4a087f20f4e06a50aa0ff9/element/f.A10590C3E91A9D0BB6CAA0C0A9556112.d.444EFEC440663A4790F6988A3A65D331.e.2373/click - {}
RESULT: {}
COMMAND: GET /session/f85737454a4a087f20f4e06a50aa0ff9/screenshot - {}
RESULT: {}
COMMAND: POST /session/f85737454a4a087f20f4e06a50aa0ff9/element - {"using":"xpath","value":"//button[@data-kt=\"addButton\"]"}
RESULT: {"using":"xpath","value":"//button[@data-kt=\"addButton\"]"}
COMMAND: POST /session/f85737454a4a087f20f4e06a50aa0ff9/elements - {"using":"xpath","value":"//button[@data-kt=\"addButton\"]"}
RESULT: {"using":"xpath","value":"//button[@data-kt=\"addButton\"]"}
COMMAND: POST /session/f85737454a4a087f20f4e06a50aa0ff9/execute/sync - {"script":"<script> [8489 bytes]","args":[{"element-6066-11e4-a52e-4f735466cecf":"f.A10590C3E91A9D0BB6CAA0C0A9556112.d.444EFEC440663A4790F6988A3A65D331.e.2417","ELEMENT":"f.A10590C3E91A9D0BB6CAA0C0A9556112.d.444EFEC440663A4790F6988A3A65D331.e.2417"}]}
RESULT: {"script":"<script> [8489 bytes]","args":[{"element-6066-11e4-a52e-4f735466cecf":"f.A10590C3E91A9D0BB6CAA0C0A9556112.d.444EFEC440663A4790F6988A3A65D331.e.2417","ELEMENT":"f.A10590C3E91A9D0BB6CAA0C0A9556112.d.444EFEC440663A4790F6988A3A65D331.e.2417"}]}
COMMAND: GET /session/f85737454a4a087f20f4e06a50aa0ff9/element/f.A10590C3E91A9D0BB6CAA0C0A9556112.d.444EFEC440663A4790F6988A3A65D331.e.2417/enabled - {}
COMMAND: GET /session/f85737454a4a087f20f4e06a50aa0ff9/screenshot - {}
RESULT: {}
COMMAND: POST /session/f85737454a4a087f20f4e06a50aa0ff9/execute/sync - {"script":"<script> [8489 bytes]","args":[{"element-6066-11e4-a52e-4f735466cecf":"f.A10590C3E91A9D0BB6CAA0C0A9556112.d.444EFEC440663A4790F6988A3A65D331.e.2417","ELEMENT":"f.A10590C3E91A9D0BB6CAA0C0A9556112.d.444EFEC440663A4790F6988A3A65D331.e.2417"}]}
COMMAND: GET /session/f85737454a4a087f20f4e06a50aa0ff9/screenshot - {}
RESULT: {}
RESULT: {"script":"<script> [8489 bytes]","args":[{"element-6066-11e4-a52e-4f735466cecf":"f.A10590C3E91A9D0BB6CAA0C0A9556112.d.444EFEC440663A4790F6988A3A65D331.e.2417","ELEMENT":"f.A10590C3E91A9D0BB6CAA0C0A9556112.d.444EFEC440663A4790F6988A3A65D331.e.2417"}]}
COMMAND: POST /session/f85737454a4a087f20f4e06a50aa0ff9/execute/sync - {"script":"<script> [5351 bytes]","args":[{"element-6066-11e4-a52e-4f735466cecf":"f.A10590C3E91A9D0BB6CAA0C0A9556112.d.444EFEC440663A4790F6988A3A65D331.e.2417","ELEMENT":"f.A10590C3E91A9D0BB6CAA0C0A9556112.d.444EFEC440663A4790F6988A3A65D331.e.2417"}]}
COMMAND: GET /session/f85737454a4a087f20f4e06a50aa0ff9/screenshot - {}
RESULT: {}
RESULT: {"script":"<script> [5351 bytes]","args":[{"element-6066-11e4-a52e-4f735466cecf":"f.A10590C3E91A9D0BB6CAA0C0A9556112.d.444EFEC440663A4790F6988A3A65D331.e.2417","ELEMENT":"f.A10590C3E91A9D0BB6CAA0C0A9556112.d.444EFEC440663A4790F6988A3A65D331.e.2417"}]}
COMMAND: POST /session/f85737454a4a087f20f4e06a50aa0ff9/element/f.A10590C3E91A9D0BB6CAA0C0A9556112.d.444EFEC440663A4790F6988A3A65D331.e.2417/click - {}
COMMAND: GET /session/f85737454a4a087f20f4e06a50aa0ff9/screenshot - {}
RESULT: {}
RESULT: {}
COMMAND: GET /session/f85737454a4a087f20f4e06a50aa0ff9/screenshot - {}
RESULT: {}
RESULT: {}
COMMAND: POST /session/f85737454a4a087f20f4e06a50aa0ff9/execute/async - {"script":"<script> [1562 bytes]","args":[{"selector":{"controlType":"sap.m.Title","viewName":"etm.portal.ui.managepricingrules.view.NewItem","viewId":"application-managepricingrules-display-component---newInfoPriceItem","properties":{"text":"New Pricing Rules - Item Level"}},"wdio_ui5_key":"etmportal.ui.managepricingrules.view.NewItemsap.m.Title{\"text\":\"New Pricing Rules - Item Level\"}"}]}
RESULT: {"script":"<script> [1562 bytes]","args":[{"selector":{"controlType":"sap.m.Title","viewName":"etm.portal.ui.managepricingrules.view.NewItem","viewId":"application-managepricingrules-display-component---newInfoPriceItem","properties":{"text":"New Pricing Rules - Item Level"}},"wdio_ui5_key":"etmportal.ui.managepricingrules.view.NewItemsap.m.Title{\"text\":\"New Pricing Rules - Item Level\"}"}]}
RESULT: undefined
COMMAND: POST /session/f85737454a4a087f20f4e06a50aa0ff9/execute/async - {"script":"<script> [6424 bytes]","args":[{"element-6066-11e4-a52e-4f735466cecf":"f.A10590C3E91A9D0BB6CAA0C0A9556112.d.444EFEC440663A4790F6988A3A65D331.e.2698"},"getText",[]]}
RESULT: {"script":"<script> [6424 bytes]","args":[{"element-6066-11e4-a52e-4f735466cecf":"f.A10590C3E91A9D0BB6CAA0C0A9556112.d.444EFEC440663A4790F6988A3A65D331.e.2698"},"getText",[]]}
COMMAND: POST /session/f85737454a4a087f20f4e06a50aa0ff9/execute/async - {"script":"<script> [1562 bytes]","args":[{"selector":{"id":"application-managepricingrules-display-component---newInfoPriceItem--condValidTo","interaction":{"idSuffix":"inner"}},"wdio_ui5_key":"applicationmanagepricingrules-display-component---newInfoPriceItem--condValidTo"}]}
RESULT: {"script":"<script> [1562 bytes]","args":[{"selector":{"id":"application-managepricingrules-display-component---newInfoPriceItem--condValidTo","interaction":{"idSuffix":"inner"}},"wdio_ui5_key":"applicationmanagepricingrules-display-component---newInfoPriceItem--condValidTo"}]}
RESULT: undefined
COMMAND: POST /session/f85737454a4a087f20f4e06a50aa0ff9/execute/async - {"script":"<script> [776 bytes]","args":[{"enterText":"01/13/26","selector":{"id":"application-managepricingrules-display-component---newInfoPriceItem--condValidTo","interaction":{"idSuffix":"inner"}},"clearTextFirst":true,"interactionType":"ENTER_TEXT"}]}
RESULT: {"script":"<script> [776 bytes]","args":[{"enterText":"01/13/26","selector":{"id":"application-managepricingrules-display-component---newInfoPriceItem--condValidTo","interaction":{"idSuffix":"inner"}},"clearTextFirst":true,"interactionType":"ENTER_TEXT"}]}
COMMAND: POST /session/f85737454a4a087f20f4e06a50aa0ff9/element - {"using":"xpath","value":"//input[@id=\"application-managepricingrules-display-component---newInfoPriceItem--condRU-inner\"]"}
RESULT: {"using":"xpath","value":"//input[@id=\"application-managepricingrules-display-component---newInfoPriceItem--condRU-inner\"]"}
COMMAND: POST /session/f85737454a4a087f20f4e06a50aa0ff9/element/f.A10590C3E91A9D0BB6CAA0C0A9556112.d.444EFEC440663A4790F6988A3A65D331.e.2668/clear - {}
RESULT: {}
COMMAND: POST /session/f85737454a4a087f20f4e06a50aa0ff9/element/f.A10590C3E91A9D0BB6CAA0C0A9556112.d.444EFEC440663A4790F6988A3A65D331.e.2668/value - {"text":"mmXnyCHZLc"}
COMMAND: GET /session/f85737454a4a087f20f4e06a50aa0ff9/screenshot - {}
RESULT: {"text":"mmXnyCHZLc"}
COMMAND: GET /session/f85737454a4a087f20f4e06a50aa0ff9/screenshot - {}
RESULT: {}
RESULT: {}
COMMAND: POST /session/f85737454a4a087f20f4e06a50aa0ff9/execute/async - {"script":"<script> [1562 bytes]","args":[{"selector":{"id":"application-managepricingrules-display-component---newInfoPriceItem--billType-arrow"},"wdio_ui5_key":"applicationmanagepricingrules-display-component---newInfoPriceItem--billType-arrow"}]}
RESULT: {"script":"<script> [1562 bytes]","args":[{"selector":{"id":"application-managepricingrules-display-component---newInfoPriceItem--billType-arrow"},"wdio_ui5_key":"applicationmanagepricingrules-display-component---newInfoPriceItem--billType-arrow"}]}
RESULT: undefined
COMMAND: POST /session/f85737454a4a087f20f4e06a50aa0ff9/element - {"using":"xpath","value":"//*[@id=\"application-managepricingrules-display-component---newInfoPriceItem--billType-arrow\"]"}
RESULT: {"using":"xpath","value":"//*[@id=\"application-managepricingrules-display-component---newInfoPriceItem--billType-arrow\"]"}
COMMAND: POST /session/f85737454a4a087f20f4e06a50aa0ff9/element/f.A10590C3E91A9D0BB6CAA0C0A9556112.d.444EFEC440663A4790F6988A3A65D331.e.2760/click - {}
RESULT: {}
COMMAND: POST /session/f85737454a4a087f20f4e06a50aa0ff9/element - {"using":"xpath","value":"//span[contains(text(), \"OT - Sales (one-time)\")]"}
COMMAND: GET /session/f85737454a4a087f20f4e06a50aa0ff9/screenshot - {}
RESULT: {"using":"xpath","value":"//span[contains(text(), \"OT - Sales (one-time)\")]"}
COMMAND: POST /session/f85737454a4a087f20f4e06a50aa0ff9/element/f.A10590C3E91A9D0BB6CAA0C0A9556112.d.444EFEC440663A4790F6988A3A65D331.e.2810/click - {}
RESULT: {}
RESULT: {}
COMMAND: POST /session/f85737454a4a087f20f4e06a50aa0ff9/execute/async - {"script":"<script> [1562 bytes]","args":[{"selector":{"id":"application-managepricingrules-display-component---newInfoPriceItem--priceProc-arrow"},"wdio_ui5_key":"applicationmanagepricingrules-display-component---newInfoPriceItem--priceProc-arrow"}]}
COMMAND: GET /session/f85737454a4a087f20f4e06a50aa0ff9/screenshot - {}
RESULT: {"script":"<script> [1562 bytes]","args":[{"selector":{"id":"application-managepricingrules-display-component---newInfoPriceItem--priceProc-arrow"},"wdio_ui5_key":"applicationmanagepricingrules-display-component---newInfoPriceItem--priceProc-arrow"}]}
RESULT: undefined
COMMAND: POST /session/f85737454a4a087f20f4e06a50aa0ff9/element - {"using":"xpath","value":"//*[@id=\"application-managepricingrules-display-component---newInfoPriceItem--priceProc-arrow\"]"}
RESULT: {}
RESULT: {"using":"xpath","value":"//*[@id=\"application-managepricingrules-display-component---newInfoPriceItem--priceProc-arrow\"]"}
COMMAND: POST /session/f85737454a4a087f20f4e06a50aa0ff9/element/f.A10590C3E91A9D0BB6CAA0C0A9556112.d.444EFEC440663A4790F6988A3A65D331.e.2767/click - {}
RESULT: {}
COMMAND: POST /session/f85737454a4a087f20f4e06a50aa0ff9/element - {"using":"xpath","value":"//span[contains(text(), \"MAT - Material\")]"}
COMMAND: GET /session/f85737454a4a087f20f4e06a50aa0ff9/screenshot - {}
RESULT: {"using":"xpath","value":"//span[contains(text(), \"MAT - Material\")]"}
COMMAND: POST /session/f85737454a4a087f20f4e06a50aa0ff9/element/f.A10590C3E91A9D0BB6CAA0C0A9556112.d.444EFEC440663A4790F6988A3A65D331.e.2811/click - {}
RESULT: {}
RESULT: {}
COMMAND: POST /session/f85737454a4a087f20f4e06a50aa0ff9/execute/async - {"script":"<script> [1562 bytes]","args":[{"selector":{"id":"application-managepricingrules-display-component---newInfoPriceItem--calcBase-arrow"},"wdio_ui5_key":"applicationmanagepricingrules-display-component---newInfoPriceItem--calcBase-arrow"}]}
COMMAND: GET /session/f85737454a4a087f20f4e06a50aa0ff9/screenshot - {}
RESULT: {"script":"<script> [1562 bytes]","args":[{"selector":{"id":"application-managepricingrules-display-component---newInfoPriceItem--calcBase-arrow"},"wdio_ui5_key":"applicationmanagepricingrules-display-component---newInfoPriceItem--calcBase-arrow"}]}
RESULT: undefined
COMMAND: POST /session/f85737454a4a087f20f4e06a50aa0ff9/element - {"using":"xpath","value":"//*[@id=\"application-managepricingrules-display-component---newInfoPriceItem--calcBase-arrow\"]"}
RESULT: {}
RESULT: {"using":"xpath","value":"//*[@id=\"application-managepricingrules-display-component---newInfoPriceItem--calcBase-arrow\"]"}
COMMAND: POST /session/f85737454a4a087f20f4e06a50aa0ff9/element/f.A10590C3E91A9D0BB6CAA0C0A9556112.d.444EFEC440663A4790F6988A3A65D331.e.2774/click - {}
RESULT: {}
COMMAND: GET /session/f85737454a4a087f20f4e06a50aa0ff9/screenshot - {}
RESULT: {}
COMMAND: POST /session/f85737454a4a087f20f4e06a50aa0ff9/element - {"using":"xpath","value":"//span[contains(text(), \"0001 - TB(exact month + cal_days)\")]"}
RESULT: {"using":"xpath","value":"//span[contains(text(), \"0001 - TB(exact month + cal_days)\")]"}
COMMAND: POST /session/f85737454a4a087f20f4e06a50aa0ff9/element/f.A10590C3E91A9D0BB6CAA0C0A9556112.d.444EFEC440663A4790F6988A3A65D331.e.2812/click - {}
RESULT: {}
COMMAND: GET /session/f85737454a4a087f20f4e06a50aa0ff9/screenshot - {}
RESULT: {}
COMMAND: POST /session/f85737454a4a087f20f4e06a50aa0ff9/element - {"using":"xpath","value":"//button[@data-kt=\"saveNewRuleButton\"]"}
RESULT: {"using":"xpath","value":"//button[@data-kt=\"saveNewRuleButton\"]"}
COMMAND: POST /session/f85737454a4a087f20f4e06a50aa0ff9/element/f.A10590C3E91A9D0BB6CAA0C0A9556112.d.444EFEC440663A4790F6988A3A65D331.e.2794/click - {}
RESULT: {}
COMMAND: GET /session/f85737454a4a087f20f4e06a50aa0ff9/screenshot - {}
RESULT: {}
COMMAND: POST /session/f85737454a4a087f20f4e06a50aa0ff9/execute/async - {"script":"<script> [1562 bytes]","args":[{"selector":{"id":"application-managepricingrules-display-component---priceInfoItem--smartFilterBar-btnBasicSearch","interaction":{"idSuffix":"I"}},"wdio_ui5_key":"applicationmanagepricingrules-display-component---priceInfoItem--smartFilterBar-btnBasicSearch"}]}
RESULT: {"script":"<script> [1562 bytes]","args":[{"selector":{"id":"application-managepricingrules-display-component---priceInfoItem--smartFilterBar-btnBasicSearch","interaction":{"idSuffix":"I"}},"wdio_ui5_key":"applicationmanagepricingrules-display-component---priceInfoItem--smartFilterBar-btnBasicSearch"}]}
RESULT: undefined
COMMAND: POST /session/f85737454a4a087f20f4e06a50aa0ff9/execute/async - {"script":"<script> [776 bytes]","args":[{"enterText":"mmXnyCHZLc","selector":{"id":"application-managepricingrules-display-component---priceInfoItem--smartFilterBar-btnBasicSearch","interaction":{"idSuffix":"I"}},"clearTextFirst":true,"interactionType":"ENTER_TEXT"}]}
RESULT: {"script":"<script> [776 bytes]","args":[{"enterText":"mmXnyCHZLc","selector":{"id":"application-managepricingrules-display-component---priceInfoItem--smartFilterBar-btnBasicSearch","interaction":{"idSuffix":"I"}},"clearTextFirst":true,"interactionType":"ENTER_TEXT"}]}
COMMAND: POST /session/f85737454a4a087f20f4e06a50aa0ff9/actions - {"actions":[{"id":"action10","type":"key","parameters":{},"actions":[{"type":"keyDown","value":"î€‡"},{"type":"pause","duration":10},{"type":"keyUp","value":"î€‡"}]}]}
RESULT: {"actions":[{"id":"action10","type":"key","parameters":{},"actions":[{"type":"keyDown","value":"î€‡"},{"type":"pause","duration":10},{"type":"keyUp","value":"î€‡"}]}]}
COMMAND: GET /session/f85737454a4a087f20f4e06a50aa0ff9/screenshot - {}
RESULT: {}
COMMAND: POST /session/f85737454a4a087f20f4e06a50aa0ff9/element - {"using":"xpath","value":"//span[@id=\"application-managepricingrules-display-component---priceInfoItem--smartTable-header-inner\"]"}
RESULT: {"using":"xpath","value":"//span[@id=\"application-managepricingrules-display-component---priceInfoItem--smartTable-header-inner\"]"}
COMMAND: POST /session/f85737454a4a087f20f4e06a50aa0ff9/elements - {"using":"xpath","value":"//span[@id=\"application-managepricingrules-display-component---priceInfoItem--smartTable-header-inner\"]"}
RESULT: {"using":"xpath","value":"//span[@id=\"application-managepricingrules-display-component---priceInfoItem--smartTable-header-inner\"]"}
COMMAND: POST /session/f85737454a4a087f20f4e06a50aa0ff9/execute/sync - {"script":"<script> [56 bytes]","args":[{"element-6066-11e4-a52e-4f735466cecf":"f.A10590C3E91A9D0BB6CAA0C0A9556112.d.444EFEC440663A4790F6988A3A65D331.e.2839","ELEMENT":"f.A10590C3E91A9D0BB6CAA0C0A9556112.d.444EFEC440663A4790F6988A3A65D331.e.2839"}]}
RESULT: {"script":"<script> [56 bytes]","args":[{"element-6066-11e4-a52e-4f735466cecf":"f.A10590C3E91A9D0BB6CAA0C0A9556112.d.444EFEC440663A4790F6988A3A65D331.e.2839","ELEMENT":"f.A10590C3E91A9D0BB6CAA0C0A9556112.d.444EFEC440663A4790F6988A3A65D331.e.2839"}]}
COMMAND: POST /session/f85737454a4a087f20f4e06a50aa0ff9/element - {"using":"css selector","value":"#shell-header-logo"}
COMMAND: GET /session/f85737454a4a087f20f4e06a50aa0ff9/screenshot - {}
RESULT: {"using":"css selector","value":"#shell-header-logo"}
COMMAND: POST /session/f85737454a4a087f20f4e06a50aa0ff9/element/f.A10590C3E91A9D0BB6CAA0C0A9556112.d.444EFEC440663A4790F6988A3A65D331.e.2326/click - {}
RESULT: {}
RESULT: {}
COMMAND: GET /session/f85737454a4a087f20f4e06a50aa0ff9/screenshot - {}
RESULT: {}
COMMAND: POST /session/f85737454a4a087f20f4e06a50aa0ff9/element - {"using":"css selector","value":"#j_username"}
COMMAND: POST /session/f85737454a4a087f20f4e06a50aa0ff9/url - {"url":"https://qa-testing-00-live-etm-ui.cfapps.eu10-004.hana.ondemand.com/"}
RESULT: {"using":"css selector","value":"#j_username"}
COMMAND: POST /session/f85737454a4a087f20f4e06a50aa0ff9/element - {"using":"css selector","value":"#j_username"}
RESULT: {"url":"https://qa-testing-00-live-etm-ui.cfapps.eu10-004.hana.ondemand.com/"}
RESULT: undefined
COMMAND: GET /session/f85737454a4a087f20f4e06a50aa0ff9/screenshot - {}
RESULT: {"using":"css selector","value":"#j_username"}
COMMAND: POST /session/f85737454a4a087f20f4e06a50aa0ff9/element - {"using":"css selector","value":"#shell-header-logo"}
RESULT: {}
RESULT: {"using":"css selector","value":"#shell-header-logo"}
COMMAND: POST /session/f85737454a4a087f20f4e06a50aa0ff9/execute/sync - {"script":"<script> [8489 bytes]","args":[{"element-6066-11e4-a52e-4f735466cecf":"f.A10590C3E91A9D0BB6CAA0C0A9556112.d.2F73A03403E2173251E994F3F547301F.e.2853","ELEMENT":"f.A10590C3E91A9D0BB6CAA0C0A9556112.d.2F73A03403E2173251E994F3F547301F.e.2853"}]}
RESULT: {"script":"<script> [8489 bytes]","args":[{"element-6066-11e4-a52e-4f735466cecf":"f.A10590C3E91A9D0BB6CAA0C0A9556112.d.2F73A03403E2173251E994F3F547301F.e.2853","ELEMENT":"f.A10590C3E91A9D0BB6CAA0C0A9556112.d.2F73A03403E2173251E994F3F547301F.e.2853"}]}
COMMAND: POST /session/f85737454a4a087f20f4e06a50aa0ff9/element - {"using":"css selector","value":"#shell-header-logo"}
COMMAND: GET /session/f85737454a4a087f20f4e06a50aa0ff9/screenshot - {}
RESULT: {"using":"css selector","value":"#shell-header-logo"}
COMMAND: POST /session/f85737454a4a087f20f4e06a50aa0ff9/execute/sync - {"script":"<script> [8489 bytes]","args":[{"element-6066-11e4-a52e-4f735466cecf":"f.A10590C3E91A9D0BB6CAA0C0A9556112.d.2F73A03403E2173251E994F3F547301F.e.2853","ELEMENT":"f.A10590C3E91A9D0BB6CAA0C0A9556112.d.2F73A03403E2173251E994F3F547301F.e.2853"}]}
RESULT: {}
RESULT: {"script":"<script> [8489 bytes]","args":[{"element-6066-11e4-a52e-4f735466cecf":"f.A10590C3E91A9D0BB6CAA0C0A9556112.d.2F73A03403E2173251E994F3F547301F.e.2853","ELEMENT":"f.A10590C3E91A9D0BB6CAA0C0A9556112.d.2F73A03403E2173251E994F3F547301F.e.2853"}]}
COMMAND: POST /session/f85737454a4a087f20f4e06a50aa0ff9/execute/sync - {"script":"<script> [5351 bytes]","args":[{"element-6066-11e4-a52e-4f735466cecf":"f.A10590C3E91A9D0BB6CAA0C0A9556112.d.2F73A03403E2173251E994F3F547301F.e.2853","ELEMENT":"f.A10590C3E91A9D0BB6CAA0C0A9556112.d.2F73A03403E2173251E994F3F547301F.e.2853"}]}
COMMAND: GET /session/f85737454a4a087f20f4e06a50aa0ff9/screenshot - {}
RESULT: {"script":"<script> [5351 bytes]","args":[{"element-6066-11e4-a52e-4f735466cecf":"f.A10590C3E91A9D0BB6CAA0C0A9556112.d.2F73A03403E2173251E994F3F547301F.e.2853","ELEMENT":"f.A10590C3E91A9D0BB6CAA0C0A9556112.d.2F73A03403E2173251E994F3F547301F.e.2853"}]}
COMMAND: POST /session/f85737454a4a087f20f4e06a50aa0ff9/element - {"using":"css selector","value":"#shell-header-logo"}
COMMAND: GET /session/f85737454a4a087f20f4e06a50aa0ff9/screenshot - {}
RESULT: {}
RESULT: {"using":"css selector","value":"#shell-header-logo"}
COMMAND: POST /session/f85737454a4a087f20f4e06a50aa0ff9/element/f.A10590C3E91A9D0BB6CAA0C0A9556112.d.2F73A03403E2173251E994F3F547301F.e.2853/click - {}
RESULT: {}
RESULT: {}
COMMAND: GET /session/f85737454a4a087f20f4e06a50aa0ff9/screenshot - {}
RESULT: {}
COMMAND: POST /session/f85737454a4a087f20f4e06a50aa0ff9/execute/async - {"script":"<script> [189 bytes]","args":[]}
RESULT: {"script":"<script> [189 bytes]","args":[]}
COMMAND: POST /session/f85737454a4a087f20f4e06a50aa0ff9/execute/async - {"script":"<script> [123 bytes]","args":[]}
RESULT: {"script":"<script> [123 bytes]","args":[]}
COMMAND: POST /session/f85737454a4a087f20f4e06a50aa0ff9/timeouts - {"script":"<number>"}
RESULT: {"script":"<number>"}
COMMAND: GET /session/f85737454a4a087f20f4e06a50aa0ff9/timeouts - {}
RESULT: {}
RESULT: undefined
COMMAND: POST /session/f85737454a4a087f20f4e06a50aa0ff9/execute/async - {"script":"<script> [2676 bytes]","args":[]}
RESULT: {"script":"<script> [2676 bytes]","args":[]}
COMMAND: POST /session/f85737454a4a087f20f4e06a50aa0ff9/execute/async - {"script":"<script> [2342 bytes]","args":[{"protocol":"http","hostname":"0.0.0.0","path":"/","capabilities":{"browserName":"chrome","goog:chromeOptions":{"binary":"C:\\Program Files\\Google\\Chrome\\Application\\chrome.exe","args":["--start-maximized"]}},"logLevel":"warn","connectionRetryTimeout":120000,"connectionRetryCount":3,"logLevels":{},"enableDirectConnect":true,"strictSSL":true,"_":"65 more keys: [\"cacheDir\",\"port\",\"requestedCapabilities\",\"automationProtocol\",\"baseUrl\",\"waitforInterval\",\"waitforTimeout\",\"onReload\",\"beforeCommand\",\"afterCommand\",\"rootDir\",\"specs\",\"suites\",\"exclude\",\"groupLogsByTestSpec\",\"excludeDriverLogs\",\"bail\",\"framework\",\"reporters\",\"services\",\"maxInstances\",\"maxInstancesPerCapability\",\"injectGlobals\",\"filesToWatch\",\"execArgv\",\"runnerEnv\",\"runner\",\"shard\",\"specFileRetries\",\"specFileRetriesDelay\",\"specFileRetriesDeferred\",\"reporterSyncInterval\",\"reporterSyncTimeout\",\"cucumberFeaturesWithLineNumbers\",\"autoCompileOpts\",\"mochaOpts\",\"jasmineOpts\",\"cucumberOpts\",\"onPrepare\",\"onWorkerStart\",\"onWorkerEnd\",\"before\",\"beforeSession\",\"beforeSuite\",\"beforeHook\",\"beforeTest\",\"afterTest\",\"afterHook\",\"afterSuite\",\"afterSession\",\"after\",\"onComplete\",\"beforeAssertion\",\"afterAssertion\",\"beforeFeature\",\"beforeScenario\",\"beforeStep\",\"afterStep\",\"afterScenario\",\"afterFeature\",\"_\",\"suite\",\"$0\",\"ignoredWorkerServices\",\"wdi5\"]"}]}
RESULT: {"script":"<script> [2342 bytes]","args":[{"protocol":"http","hostname":"0.0.0.0","path":"/","capabilities":{"browserName":"chrome","goog:chromeOptions":{"binary":"C:\\Program Files\\Google\\Chrome\\Application\\chrome.exe","args":["--start-maximized"]}},"logLevel":"warn","connectionRetryTimeout":120000,"connectionRetryCount":3,"logLevels":{},"enableDirectConnect":true,"strictSSL":true,"_":"65 more keys: [\"cacheDir\",\"port\",\"requestedCapabilities\",\"automationProtocol\",\"baseUrl\",\"waitforInterval\",\"waitforTimeout\",\"onReload\",\"beforeCommand\",\"afterCommand\",\"rootDir\",\"specs\",\"suites\",\"exclude\",\"groupLogsByTestSpec\",\"excludeDriverLogs\",\"bail\",\"framework\",\"reporters\",\"services\",\"maxInstances\",\"maxInstancesPerCapability\",\"injectGlobals\",\"filesToWatch\",\"execArgv\",\"runnerEnv\",\"runner\",\"shard\",\"specFileRetries\",\"specFileRetriesDelay\",\"specFileRetriesDeferred\",\"reporterSyncInterval\",\"reporterSyncTimeout\",\"cucumberFeaturesWithLineNumbers\",\"autoCompileOpts\",\"mochaOpts\",\"jasmineOpts\",\"cucumberOpts\",\"onPrepare\",\"onWorkerStart\",\"onWorkerEnd\",\"before\",\"beforeSession\",\"beforeSuite\",\"beforeHook\",\"beforeTest\",\"afterTest\",\"afterHook\",\"afterSuite\",\"afterSession\",\"after\",\"onComplete\",\"beforeAssertion\",\"afterAssertion\",\"beforeFeature\",\"beforeScenario\",\"beforeStep\",\"afterStep\",\"afterScenario\",\"afterFeature\",\"_\",\"suite\",\"$0\",\"ignoredWorkerServices\",\"wdi5\"]"}]}
COMMAND: POST /session/f85737454a4a087f20f4e06a50aa0ff9/execute/async - {"script":"<script> [21126 bytes]","args":[35000]}
RESULT: {"script":"<script> [21126 bytes]","args":[35000]}
COMMAND: POST /session/f85737454a4a087f20f4e06a50aa0ff9/window/maximize - {}
RESULT: {}
COMMAND: POST /session/f85737454a4a087f20f4e06a50aa0ff9/execute/async - {"script":"<script> [1562 bytes]","args":[{"selector":{"id":"shell-header","interaction":{"idSuffix":"icon"}},"wdio_ui5_key":"shellheader"}]}
COMMAND: GET /session/f85737454a4a087f20f4e06a50aa0ff9/screenshot - {}
RESULT: {"script":"<script> [1562 bytes]","args":[{"selector":{"id":"shell-header","interaction":{"idSuffix":"icon"}},"wdio_ui5_key":"shellheader"}]}
RESULT: undefined
COMMAND: POST /session/f85737454a4a087f20f4e06a50aa0ff9/refresh - {}
RESULT: {}
RESULT: {}
COMMAND: GET /session/f85737454a4a087f20f4e06a50aa0ff9/screenshot - {}
RESULT: {}
COMMAND: POST /session/f85737454a4a087f20f4e06a50aa0ff9/refresh - {}
RESULT: {}
COMMAND: GET /session/f85737454a4a087f20f4e06a50aa0ff9/screenshot - {}
RESULT: {}
COMMAND: POST /session/f85737454a4a087f20f4e06a50aa0ff9/window/fullscreen - {}
RESULT: {}
COMMAND: POST /session/f85737454a4a087f20f4e06a50aa0ff9/execute/async - {"script":"<script> [189 bytes]","args":[]}
RESULT: {"script":"<script> [189 bytes]","args":[]}
COMMAND: POST /session/f85737454a4a087f20f4e06a50aa0ff9/execute/async - {"script":"<script> [123 bytes]","args":[]}
RESULT: {"script":"<script> [123 bytes]","args":[]}
COMMAND: POST /session/f85737454a4a087f20f4e06a50aa0ff9/timeouts - {"script":"<number>"}
RESULT: {"script":"<number>"}
COMMAND: GET /session/f85737454a4a087f20f4e06a50aa0ff9/timeouts - {}
RESULT: {}
RESULT: undefined
COMMAND: POST /session/f85737454a4a087f20f4e06a50aa0ff9/execute/async - {"script":"<script> [2676 bytes]","args":[]}
RESULT: {"script":"<script> [2676 bytes]","args":[]}
COMMAND: POST /session/f85737454a4a087f20f4e06a50aa0ff9/execute/async - {"script":"<script> [2342 bytes]","args":[{"protocol":"http","hostname":"0.0.0.0","path":"/","capabilities":{"browserName":"chrome","goog:chromeOptions":{"binary":"C:\\Program Files\\Google\\Chrome\\Application\\chrome.exe","args":["--start-maximized"]}},"logLevel":"warn","connectionRetryTimeout":120000,"connectionRetryCount":3,"logLevels":{},"enableDirectConnect":true,"strictSSL":true,"_":"65 more keys: [\"cacheDir\",\"port\",\"requestedCapabilities\",\"automationProtocol\",\"baseUrl\",\"waitforInterval\",\"waitforTimeout\",\"onReload\",\"beforeCommand\",\"afterCommand\",\"rootDir\",\"specs\",\"suites\",\"exclude\",\"groupLogsByTestSpec\",\"excludeDriverLogs\",\"bail\",\"framework\",\"reporters\",\"services\",\"maxInstances\",\"maxInstancesPerCapability\",\"injectGlobals\",\"filesToWatch\",\"execArgv\",\"runnerEnv\",\"runner\",\"shard\",\"specFileRetries\",\"specFileRetriesDelay\",\"specFileRetriesDeferred\",\"reporterSyncInterval\",\"reporterSyncTimeout\",\"cucumberFeaturesWithLineNumbers\",\"autoCompileOpts\",\"mochaOpts\",\"jasmineOpts\",\"cucumberOpts\",\"onPrepare\",\"onWorkerStart\",\"onWorkerEnd\",\"before\",\"beforeSession\",\"beforeSuite\",\"beforeHook\",\"beforeTest\",\"afterTest\",\"afterHook\",\"afterSuite\",\"afterSession\",\"after\",\"onComplete\",\"beforeAssertion\",\"afterAssertion\",\"beforeFeature\",\"beforeScenario\",\"beforeStep\",\"afterStep\",\"afterScenario\",\"afterFeature\",\"_\",\"suite\",\"$0\",\"ignoredWorkerServices\",\"wdi5\"]"}]}
RESULT: {"script":"<script> [2342 bytes]","args":[{"protocol":"http","hostname":"0.0.0.0","path":"/","capabilities":{"browserName":"chrome","goog:chromeOptions":{"binary":"C:\\Program Files\\Google\\Chrome\\Application\\chrome.exe","args":["--start-maximized"]}},"logLevel":"warn","connectionRetryTimeout":120000,"connectionRetryCount":3,"logLevels":{},"enableDirectConnect":true,"strictSSL":true,"_":"65 more keys: [\"cacheDir\",\"port\",\"requestedCapabilities\",\"automationProtocol\",\"baseUrl\",\"waitforInterval\",\"waitforTimeout\",\"onReload\",\"beforeCommand\",\"afterCommand\",\"rootDir\",\"specs\",\"suites\",\"exclude\",\"groupLogsByTestSpec\",\"excludeDriverLogs\",\"bail\",\"framework\",\"reporters\",\"services\",\"maxInstances\",\"maxInstancesPerCapability\",\"injectGlobals\",\"filesToWatch\",\"execArgv\",\"runnerEnv\",\"runner\",\"shard\",\"specFileRetries\",\"specFileRetriesDelay\",\"specFileRetriesDeferred\",\"reporterSyncInterval\",\"reporterSyncTimeout\",\"cucumberFeaturesWithLineNumbers\",\"autoCompileOpts\",\"mochaOpts\",\"jasmineOpts\",\"cucumberOpts\",\"onPrepare\",\"onWorkerStart\",\"onWorkerEnd\",\"before\",\"beforeSession\",\"beforeSuite\",\"beforeHook\",\"beforeTest\",\"afterTest\",\"afterHook\",\"afterSuite\",\"afterSession\",\"after\",\"onComplete\",\"beforeAssertion\",\"afterAssertion\",\"beforeFeature\",\"beforeScenario\",\"beforeStep\",\"afterStep\",\"afterScenario\",\"afterFeature\",\"_\",\"suite\",\"$0\",\"ignoredWorkerServices\",\"wdi5\"]"}]}
COMMAND: POST /session/f85737454a4a087f20f4e06a50aa0ff9/execute/async - {"script":"<script> [21126 bytes]","args":[35000]}
RESULT: {"script":"<script> [21126 bytes]","args":[35000]}
]]></system-out>
    </testcase>
  </testsuite>
  <testsuite timestamp="2025-05-13T07:07:03" time="391.239" tests="6" failures="0" errors="0" skipped="0">
    <properties>
      <property name="specId" value="0" />
      <property name="suiteName" value="Edit and delete daily price US134629 US134627" />
      <property name="capabilities" value="chrome.136_0_7103_49.windows" />
      <property name="file" value="file:///D:/a/1/s/test/specs/BTS/conditions-prices-daily-price.spec.js" />
    </properties>
    <testcase classname="chrome.136_0_7103_49.windows.Edit_and_delete_daily_price_US134629_US134627" name="Should create a new yard used for all following tests" time="0.021">
      <system-out><![CDATA[
COMMAND: POST /session/f85737454a4a087f20f4e06a50aa0ff9/window/fullscreen - {}
RESULT: {}
]]></system-out>
    </testcase>
    <testcase classname="chrome.136_0_7103_49.windows.Edit_and_delete_daily_price_US134629_US134627" name="Should create a new partner" time="138.782">
      <system-out><![CDATA[
COMMAND: POST /session/f85737454a4a087f20f4e06a50aa0ff9/window/fullscreen - {}
RESULT: {}
COMMAND: POST /session/f85737454a4a087f20f4e06a50aa0ff9/execute/async - {"script":"<script> [1562 bytes]","args":[{"selector":{"controlType":"sap.m.GenericTile","properties":{"header":"Manage Partners"}},"wdio_ui5_key":"sapm.GenericTile{\"header\":\"Manage Partners\"}"}]}
RESULT: {"script":"<script> [1562 bytes]","args":[{"selector":{"controlType":"sap.m.GenericTile","properties":{"header":"Manage Partners"}},"wdio_ui5_key":"sapm.GenericTile{\"header\":\"Manage Partners\"}"}]}
RESULT: undefined
COMMAND: POST /session/f85737454a4a087f20f4e06a50aa0ff9/element - {"using":"xpath","value":"//*[@id=\"__tile38\"]"}
RESULT: {"using":"xpath","value":"//*[@id=\"__tile38\"]"}
COMMAND: POST /session/f85737454a4a087f20f4e06a50aa0ff9/element/f.A10590C3E91A9D0BB6CAA0C0A9556112.d.A2F6E41ED100ECD8CC12F58B432EA7AF.e.3004/click - {}
RESULT: {}
COMMAND: POST /session/f85737454a4a087f20f4e06a50aa0ff9/element - {"using":"xpath","value":"//button[@data-kt=\"addButton\"]"}
COMMAND: GET /session/f85737454a4a087f20f4e06a50aa0ff9/screenshot - {}
RESULT: {"using":"xpath","value":"//button[@data-kt=\"addButton\"]"}
COMMAND: POST /session/f85737454a4a087f20f4e06a50aa0ff9/elements - {"using":"xpath","value":"//button[@data-kt=\"addButton\"]"}
RESULT: {}
RESULT: {"using":"xpath","value":"//button[@data-kt=\"addButton\"]"}
COMMAND: POST /session/f85737454a4a087f20f4e06a50aa0ff9/elements - {"using":"xpath","value":"//button[@data-kt=\"addButton\"]"}
RESULT: {"using":"xpath","value":"//button[@data-kt=\"addButton\"]"}
COMMAND: POST /session/f85737454a4a087f20f4e06a50aa0ff9/elements - {"using":"xpath","value":"//button[@data-kt=\"addButton\"]"}
RESULT: {"using":"xpath","value":"//button[@data-kt=\"addButton\"]"}
COMMAND: POST /session/f85737454a4a087f20f4e06a50aa0ff9/elements - {"using":"xpath","value":"//button[@data-kt=\"addButton\"]"}
RESULT: {"using":"xpath","value":"//button[@data-kt=\"addButton\"]"}
COMMAND: POST /session/f85737454a4a087f20f4e06a50aa0ff9/elements - {"using":"xpath","value":"//button[@data-kt=\"addButton\"]"}
RESULT: {"using":"xpath","value":"//button[@data-kt=\"addButton\"]"}
COMMAND: POST /session/f85737454a4a087f20f4e06a50aa0ff9/elements - {"using":"xpath","value":"//button[@data-kt=\"addButton\"]"}
RESULT: {"using":"xpath","value":"//button[@data-kt=\"addButton\"]"}
COMMAND: POST /session/f85737454a4a087f20f4e06a50aa0ff9/elements - {"using":"xpath","value":"//button[@data-kt=\"addButton\"]"}
RESULT: {"using":"xpath","value":"//button[@data-kt=\"addButton\"]"}
COMMAND: POST /session/f85737454a4a087f20f4e06a50aa0ff9/elements - {"using":"xpath","value":"//button[@data-kt=\"addButton\"]"}
RESULT: {"using":"xpath","value":"//button[@data-kt=\"addButton\"]"}
COMMAND: POST /session/f85737454a4a087f20f4e06a50aa0ff9/elements - {"using":"xpath","value":"//button[@data-kt=\"addButton\"]"}
RESULT: {"using":"xpath","value":"//button[@data-kt=\"addButton\"]"}
COMMAND: POST /session/f85737454a4a087f20f4e06a50aa0ff9/elements - {"using":"xpath","value":"//button[@data-kt=\"addButton\"]"}
RESULT: {"using":"xpath","value":"//button[@data-kt=\"addButton\"]"}
COMMAND: POST /session/f85737454a4a087f20f4e06a50aa0ff9/elements - {"using":"xpath","value":"//button[@data-kt=\"addButton\"]"}
RESULT: {"using":"xpath","value":"//button[@data-kt=\"addButton\"]"}
COMMAND: POST /session/f85737454a4a087f20f4e06a50aa0ff9/elements - {"using":"xpath","value":"//button[@data-kt=\"addButton\"]"}
RESULT: {"using":"xpath","value":"//button[@data-kt=\"addButton\"]"}
COMMAND: POST /session/f85737454a4a087f20f4e06a50aa0ff9/elements - {"using":"xpath","value":"//button[@data-kt=\"addButton\"]"}
RESULT: {"using":"xpath","value":"//button[@data-kt=\"addButton\"]"}
COMMAND: POST /session/f85737454a4a087f20f4e06a50aa0ff9/elements - {"using":"xpath","value":"//button[@data-kt=\"addButton\"]"}
RESULT: {"using":"xpath","value":"//button[@data-kt=\"addButton\"]"}
COMMAND: POST /session/f85737454a4a087f20f4e06a50aa0ff9/elements - {"using":"xpath","value":"//button[@data-kt=\"addButton\"]"}
RESULT: {"using":"xpath","value":"//button[@data-kt=\"addButton\"]"}
COMMAND: POST /session/f85737454a4a087f20f4e06a50aa0ff9/elements - {"using":"xpath","value":"//button[@data-kt=\"addButton\"]"}
RESULT: {"using":"xpath","value":"//button[@data-kt=\"addButton\"]"}
COMMAND: POST /session/f85737454a4a087f20f4e06a50aa0ff9/elements - {"using":"xpath","value":"//button[@data-kt=\"addButton\"]"}
RESULT: {"using":"xpath","value":"//button[@data-kt=\"addButton\"]"}
COMMAND: POST /session/f85737454a4a087f20f4e06a50aa0ff9/elements - {"using":"xpath","value":"//button[@data-kt=\"addButton\"]"}
RESULT: {"using":"xpath","value":"//button[@data-kt=\"addButton\"]"}
COMMAND: POST /session/f85737454a4a087f20f4e06a50aa0ff9/elements - {"using":"xpath","value":"//button[@data-kt=\"addButton\"]"}
RESULT: {"using":"xpath","value":"//button[@data-kt=\"addButton\"]"}
COMMAND: POST /session/f85737454a4a087f20f4e06a50aa0ff9/elements - {"using":"xpath","value":"//button[@data-kt=\"addButton\"]"}
RESULT: {"using":"xpath","value":"//button[@data-kt=\"addButton\"]"}
COMMAND: POST /session/f85737454a4a087f20f4e06a50aa0ff9/elements - {"using":"xpath","value":"//button[@data-kt=\"addButton\"]"}
RESULT: {"using":"xpath","value":"//button[@data-kt=\"addButton\"]"}
COMMAND: POST /session/f85737454a4a087f20f4e06a50aa0ff9/elements - {"using":"xpath","value":"//button[@data-kt=\"addButton\"]"}
RESULT: {"using":"xpath","value":"//button[@data-kt=\"addButton\"]"}
COMMAND: POST /session/f85737454a4a087f20f4e06a50aa0ff9/elements - {"using":"xpath","value":"//button[@data-kt=\"addButton\"]"}
RESULT: {"using":"xpath","value":"//button[@data-kt=\"addButton\"]"}
COMMAND: POST /session/f85737454a4a087f20f4e06a50aa0ff9/elements - {"using":"xpath","value":"//button[@data-kt=\"addButton\"]"}
RESULT: {"using":"xpath","value":"//button[@data-kt=\"addButton\"]"}
COMMAND: POST /session/f85737454a4a087f20f4e06a50aa0ff9/elements - {"using":"xpath","value":"//button[@data-kt=\"addButton\"]"}
RESULT: {"using":"xpath","value":"//button[@data-kt=\"addButton\"]"}
COMMAND: POST /session/f85737454a4a087f20f4e06a50aa0ff9/element - {"using":"xpath","value":"//button[@data-kt=\"addButton\"]"}
RESULT: {"using":"xpath","value":"//button[@data-kt=\"addButton\"]"}
COMMAND: POST /session/f85737454a4a087f20f4e06a50aa0ff9/execute/sync - {"script":"<script> [8489 bytes]","args":[{"element-6066-11e4-a52e-4f735466cecf":"f.A10590C3E91A9D0BB6CAA0C0A9556112.d.A2F6E41ED100ECD8CC12F58B432EA7AF.e.3159","ELEMENT":"f.A10590C3E91A9D0BB6CAA0C0A9556112.d.A2F6E41ED100ECD8CC12F58B432EA7AF.e.3159"}]}
RESULT: {"script":"<script> [8489 bytes]","args":[{"element-6066-11e4-a52e-4f735466cecf":"f.A10590C3E91A9D0BB6CAA0C0A9556112.d.A2F6E41ED100ECD8CC12F58B432EA7AF.e.3159","ELEMENT":"f.A10590C3E91A9D0BB6CAA0C0A9556112.d.A2F6E41ED100ECD8CC12F58B432EA7AF.e.3159"}]}
COMMAND: GET /session/f85737454a4a087f20f4e06a50aa0ff9/element/f.A10590C3E91A9D0BB6CAA0C0A9556112.d.A2F6E41ED100ECD8CC12F58B432EA7AF.e.3159/enabled - {}
COMMAND: GET /session/f85737454a4a087f20f4e06a50aa0ff9/screenshot - {}
RESULT: {}
COMMAND: POST /session/f85737454a4a087f20f4e06a50aa0ff9/execute/sync - {"script":"<script> [8489 bytes]","args":[{"element-6066-11e4-a52e-4f735466cecf":"f.A10590C3E91A9D0BB6CAA0C0A9556112.d.A2F6E41ED100ECD8CC12F58B432EA7AF.e.3159","ELEMENT":"f.A10590C3E91A9D0BB6CAA0C0A9556112.d.A2F6E41ED100ECD8CC12F58B432EA7AF.e.3159"}]}
COMMAND: GET /session/f85737454a4a087f20f4e06a50aa0ff9/screenshot - {}
RESULT: {}
RESULT: {"script":"<script> [8489 bytes]","args":[{"element-6066-11e4-a52e-4f735466cecf":"f.A10590C3E91A9D0BB6CAA0C0A9556112.d.A2F6E41ED100ECD8CC12F58B432EA7AF.e.3159","ELEMENT":"f.A10590C3E91A9D0BB6CAA0C0A9556112.d.A2F6E41ED100ECD8CC12F58B432EA7AF.e.3159"}]}
COMMAND: POST /session/f85737454a4a087f20f4e06a50aa0ff9/execute/sync - {"script":"<script> [5351 bytes]","args":[{"element-6066-11e4-a52e-4f735466cecf":"f.A10590C3E91A9D0BB6CAA0C0A9556112.d.A2F6E41ED100ECD8CC12F58B432EA7AF.e.3159","ELEMENT":"f.A10590C3E91A9D0BB6CAA0C0A9556112.d.A2F6E41ED100ECD8CC12F58B432EA7AF.e.3159"}]}
COMMAND: GET /session/f85737454a4a087f20f4e06a50aa0ff9/screenshot - {}
RESULT: {}
RESULT: {"script":"<script> [5351 bytes]","args":[{"element-6066-11e4-a52e-4f735466cecf":"f.A10590C3E91A9D0BB6CAA0C0A9556112.d.A2F6E41ED100ECD8CC12F58B432EA7AF.e.3159","ELEMENT":"f.A10590C3E91A9D0BB6CAA0C0A9556112.d.A2F6E41ED100ECD8CC12F58B432EA7AF.e.3159"}]}
COMMAND: POST /session/f85737454a4a087f20f4e06a50aa0ff9/element/f.A10590C3E91A9D0BB6CAA0C0A9556112.d.A2F6E41ED100ECD8CC12F58B432EA7AF.e.3159/click - {}
COMMAND: GET /session/f85737454a4a087f20f4e06a50aa0ff9/screenshot - {}
RESULT: {}
RESULT: {}
COMMAND: GET /session/f85737454a4a087f20f4e06a50aa0ff9/screenshot - {}
RESULT: {}
RESULT: {}
COMMAND: POST /session/f85737454a4a087f20f4e06a50aa0ff9/execute/async - {"script":"<script> [1562 bytes]","args":[{"selector":{"id":"application-managepartners-display-component---NewPartner--addressDetailDetailsName1","interaction":{"idSuffix":"inner"}},"wdio_ui5_key":"applicationmanagepartners-display-component---NewPartner--addressDetailDetailsName1"}]}
RESULT: {"script":"<script> [1562 bytes]","args":[{"selector":{"id":"application-managepartners-display-component---NewPartner--addressDetailDetailsName1","interaction":{"idSuffix":"inner"}},"wdio_ui5_key":"applicationmanagepartners-display-component---NewPartner--addressDetailDetailsName1"}]}
RESULT: undefined
COMMAND: POST /session/f85737454a4a087f20f4e06a50aa0ff9/execute/async - {"script":"<script> [776 bytes]","args":[{"enterText":"DailyPrice Partner WDIO","selector":{"id":"application-managepartners-display-component---NewPartner--addressDetailDetailsName1","interaction":{"idSuffix":"inner"}},"clearTextFirst":true,"interactionType":"ENTER_TEXT"}]}
RESULT: {"script":"<script> [776 bytes]","args":[{"enterText":"DailyPrice Partner WDIO","selector":{"id":"application-managepartners-display-component---NewPartner--addressDetailDetailsName1","interaction":{"idSuffix":"inner"}},"clearTextFirst":true,"interactionType":"ENTER_TEXT"}]}
COMMAND: POST /session/f85737454a4a087f20f4e06a50aa0ff9/execute/async - {"script":"<script> [1562 bytes]","args":[{"selector":{"id":"application-managepartners-display-component---NewPartner--addressDetailDetailsLanguage-arrow"},"wdio_ui5_key":"applicationmanagepartners-display-component---NewPartner--addressDetailDetailsLanguage-arrow"}]}
RESULT: {"script":"<script> [1562 bytes]","args":[{"selector":{"id":"application-managepartners-display-component---NewPartner--addressDetailDetailsLanguage-arrow"},"wdio_ui5_key":"applicationmanagepartners-display-component---NewPartner--addressDetailDetailsLanguage-arrow"}]}
RESULT: undefined
COMMAND: POST /session/f85737454a4a087f20f4e06a50aa0ff9/element - {"using":"xpath","value":"//*[@id=\"application-managepartners-display-component---NewPartner--addressDetailDetailsLanguage-arrow\"]"}
RESULT: {"using":"xpath","value":"//*[@id=\"application-managepartners-display-component---NewPartner--addressDetailDetailsLanguage-arrow\"]"}
COMMAND: POST /session/f85737454a4a087f20f4e06a50aa0ff9/element/f.A10590C3E91A9D0BB6CAA0C0A9556112.d.A2F6E41ED100ECD8CC12F58B432EA7AF.e.3491/click - {}
RESULT: {}
COMMAND: POST /session/f85737454a4a087f20f4e06a50aa0ff9/element - {"using":"xpath","value":"//span[contains(text(), \"English\")]"}
COMMAND: GET /session/f85737454a4a087f20f4e06a50aa0ff9/screenshot - {}
RESULT: {"using":"xpath","value":"//span[contains(text(), \"English\")]"}
COMMAND: POST /session/f85737454a4a087f20f4e06a50aa0ff9/element/f.A10590C3E91A9D0BB6CAA0C0A9556112.d.A2F6E41ED100ECD8CC12F58B432EA7AF.e.3492/click - {}
RESULT: {}
RESULT: {}
COMMAND: GET /session/f85737454a4a087f20f4e06a50aa0ff9/screenshot - {}
RESULT: {}
COMMAND: POST /session/f85737454a4a087f20f4e06a50aa0ff9/execute/async - {"script":"<script> [1562 bytes]","args":[{"selector":{"id":"application-managepartners-display-component---NewPartner--addressDetailDetailsCity1","interaction":{"idSuffix":"inner"}},"wdio_ui5_key":"applicationmanagepartners-display-component---NewPartner--addressDetailDetailsCity1"}]}
RESULT: {"script":"<script> [1562 bytes]","args":[{"selector":{"id":"application-managepartners-display-component---NewPartner--addressDetailDetailsCity1","interaction":{"idSuffix":"inner"}},"wdio_ui5_key":"applicationmanagepartners-display-component---NewPartner--addressDetailDetailsCity1"}]}
RESULT: undefined
COMMAND: POST /session/f85737454a4a087f20f4e06a50aa0ff9/execute/async - {"script":"<script> [776 bytes]","args":[{"enterText":"Rosario","selector":{"id":"application-managepartners-display-component---NewPartner--addressDetailDetailsCity1","interaction":{"idSuffix":"inner"}},"clearTextFirst":true,"interactionType":"ENTER_TEXT"}]}
RESULT: {"script":"<script> [776 bytes]","args":[{"enterText":"Rosario","selector":{"id":"application-managepartners-display-component---NewPartner--addressDetailDetailsCity1","interaction":{"idSuffix":"inner"}},"clearTextFirst":true,"interactionType":"ENTER_TEXT"}]}
COMMAND: POST /session/f85737454a4a087f20f4e06a50aa0ff9/execute/async - {"script":"<script> [1562 bytes]","args":[{"selector":{"id":"application-managepartners-display-component---NewPartner--addressDetailDetailsCountry-arrow"},"wdio_ui5_key":"applicationmanagepartners-display-component---NewPartner--addressDetailDetailsCountry-arrow"}]}
RESULT: {"script":"<script> [1562 bytes]","args":[{"selector":{"id":"application-managepartners-display-component---NewPartner--addressDetailDetailsCountry-arrow"},"wdio_ui5_key":"applicationmanagepartners-display-component---NewPartner--addressDetailDetailsCountry-arrow"}]}
RESULT: undefined
COMMAND: POST /session/f85737454a4a087f20f4e06a50aa0ff9/element - {"using":"xpath","value":"//*[@id=\"application-managepartners-display-component---NewPartner--addressDetailDetailsCountry-arrow\"]"}
RESULT: {"using":"xpath","value":"//*[@id=\"application-managepartners-display-component---NewPartner--addressDetailDetailsCountry-arrow\"]"}
COMMAND: POST /session/f85737454a4a087f20f4e06a50aa0ff9/element/f.A10590C3E91A9D0BB6CAA0C0A9556112.d.A2F6E41ED100ECD8CC12F58B432EA7AF.e.3478/click - {}
RESULT: {}
COMMAND: POST /session/f85737454a4a087f20f4e06a50aa0ff9/element - {"using":"xpath","value":"//span[contains(text(), \"Argentina\")]"}
COMMAND: GET /session/f85737454a4a087f20f4e06a50aa0ff9/screenshot - {}
RESULT: {"using":"xpath","value":"//span[contains(text(), \"Argentina\")]"}
COMMAND: POST /session/f85737454a4a087f20f4e06a50aa0ff9/element/f.A10590C3E91A9D0BB6CAA0C0A9556112.d.A2F6E41ED100ECD8CC12F58B432EA7AF.e.3494/click - {}
RESULT: {}
RESULT: {}
COMMAND: GET /session/f85737454a4a087f20f4e06a50aa0ff9/screenshot - {}
RESULT: {}
COMMAND: POST /session/f85737454a4a087f20f4e06a50aa0ff9/element - {"using":"xpath","value":"//bdi[contains(text(), \"Commercial\")]"}
RESULT: {"using":"xpath","value":"//bdi[contains(text(), \"Commercial\")]"}
COMMAND: POST /session/f85737454a4a087f20f4e06a50aa0ff9/element/f.A10590C3E91A9D0BB6CAA0C0A9556112.d.A2F6E41ED100ECD8CC12F58B432EA7AF.e.3495/click - {}
RESULT: {}
COMMAND: GET /session/f85737454a4a087f20f4e06a50aa0ff9/screenshot - {}
RESULT: {}
COMMAND: POST /session/f85737454a4a087f20f4e06a50aa0ff9/execute/async - {"script":"<script> [1562 bytes]","args":[{"selector":{"id":"application-managepartners-display-component---NewPartner--partnerDetailInternal-arrow"},"wdio_ui5_key":"applicationmanagepartners-display-component---NewPartner--partnerDetailInternal-arrow"}]}
RESULT: {"script":"<script> [1562 bytes]","args":[{"selector":{"id":"application-managepartners-display-component---NewPartner--partnerDetailInternal-arrow"},"wdio_ui5_key":"applicationmanagepartners-display-component---NewPartner--partnerDetailInternal-arrow"}]}
RESULT: undefined
COMMAND: POST /session/f85737454a4a087f20f4e06a50aa0ff9/element - {"using":"xpath","value":"//*[@id=\"application-managepartners-display-component---NewPartner--partnerDetailInternal-arrow\"]"}
RESULT: {"using":"xpath","value":"//*[@id=\"application-managepartners-display-component---NewPartner--partnerDetailInternal-arrow\"]"}
COMMAND: POST /session/f85737454a4a087f20f4e06a50aa0ff9/element/f.A10590C3E91A9D0BB6CAA0C0A9556112.d.A2F6E41ED100ECD8CC12F58B432EA7AF.e.3503/click - {}
RESULT: {}
COMMAND: POST /session/f85737454a4a087f20f4e06a50aa0ff9/element - {"using":"xpath","value":"//span[contains(text(), \"Affiliated company\")]"}
COMMAND: GET /session/f85737454a4a087f20f4e06a50aa0ff9/screenshot - {}
RESULT: {"using":"xpath","value":"//span[contains(text(), \"Affiliated company\")]"}
COMMAND: POST /session/f85737454a4a087f20f4e06a50aa0ff9/element/f.A10590C3E91A9D0BB6CAA0C0A9556112.d.A2F6E41ED100ECD8CC12F58B432EA7AF.e.3504/click - {}
RESULT: {}
RESULT: {}
COMMAND: POST /session/f85737454a4a087f20f4e06a50aa0ff9/execute/async - {"script":"<script> [1562 bytes]","args":[{"selector":{"id":"application-managepartners-display-component---NewPartner--partnerDetailsCurrency-arrow"},"wdio_ui5_key":"applicationmanagepartners-display-component---NewPartner--partnerDetailsCurrency-arrow"}]}
COMMAND: GET /session/f85737454a4a087f20f4e06a50aa0ff9/screenshot - {}
RESULT: {"script":"<script> [1562 bytes]","args":[{"selector":{"id":"application-managepartners-display-component---NewPartner--partnerDetailsCurrency-arrow"},"wdio_ui5_key":"applicationmanagepartners-display-component---NewPartner--partnerDetailsCurrency-arrow"}]}
RESULT: undefined
COMMAND: POST /session/f85737454a4a087f20f4e06a50aa0ff9/element - {"using":"xpath","value":"//*[@id=\"application-managepartners-display-component---NewPartner--partnerDetailsCurrency-arrow\"]"}
RESULT: {}
RESULT: {"using":"xpath","value":"//*[@id=\"application-managepartners-display-component---NewPartner--partnerDetailsCurrency-arrow\"]"}
COMMAND: POST /session/f85737454a4a087f20f4e06a50aa0ff9/element/f.A10590C3E91A9D0BB6CAA0C0A9556112.d.A2F6E41ED100ECD8CC12F58B432EA7AF.e.3511/click - {}
RESULT: {}
COMMAND: POST /session/f85737454a4a087f20f4e06a50aa0ff9/element - {"using":"xpath","value":"//span[contains(text(), \"Euro\")]"}
COMMAND: GET /session/f85737454a4a087f20f4e06a50aa0ff9/screenshot - {}
RESULT: {"using":"xpath","value":"//span[contains(text(), \"Euro\")]"}
COMMAND: POST /session/f85737454a4a087f20f4e06a50aa0ff9/element/f.A10590C3E91A9D0BB6CAA0C0A9556112.d.A2F6E41ED100ECD8CC12F58B432EA7AF.e.3512/click - {}
RESULT: {}
RESULT: {}
COMMAND: POST /session/f85737454a4a087f20f4e06a50aa0ff9/execute/async - {"script":"<script> [1562 bytes]","args":[{"selector":{"id":"application-managepartners-display-component---NewPartner--addressEditDetailsCostObjectCstType-arrow"},"wdio_ui5_key":"applicationmanagepartners-display-component---NewPartner--addressEditDetailsCostObjectCstType-arrow"}]}
COMMAND: GET /session/f85737454a4a087f20f4e06a50aa0ff9/screenshot - {}
RESULT: {"script":"<script> [1562 bytes]","args":[{"selector":{"id":"application-managepartners-display-component---NewPartner--addressEditDetailsCostObjectCstType-arrow"},"wdio_ui5_key":"applicationmanagepartners-display-component---NewPartner--addressEditDetailsCostObjectCstType-arrow"}]}
RESULT: undefined
COMMAND: POST /session/f85737454a4a087f20f4e06a50aa0ff9/element - {"using":"xpath","value":"//*[@id=\"application-managepartners-display-component---NewPartner--addressEditDetailsCostObjectCstType-arrow\"]"}
RESULT: {}
RESULT: {"using":"xpath","value":"//*[@id=\"application-managepartners-display-component---NewPartner--addressEditDetailsCostObjectCstType-arrow\"]"}
COMMAND: POST /session/f85737454a4a087f20f4e06a50aa0ff9/element/f.A10590C3E91A9D0BB6CAA0C0A9556112.d.A2F6E41ED100ECD8CC12F58B432EA7AF.e.3513/click - {}
RESULT: {}
COMMAND: POST /session/f85737454a4a087f20f4e06a50aa0ff9/element - {"using":"xpath","value":"//span[contains(text(), \"Cost Center\")]"}
COMMAND: GET /session/f85737454a4a087f20f4e06a50aa0ff9/screenshot - {}
RESULT: {"using":"xpath","value":"//span[contains(text(), \"Cost Center\")]"}
COMMAND: POST /session/f85737454a4a087f20f4e06a50aa0ff9/element/f.A10590C3E91A9D0BB6CAA0C0A9556112.d.A2F6E41ED100ECD8CC12F58B432EA7AF.e.3514/click - {}
RESULT: {}
RESULT: {}
COMMAND: GET /session/f85737454a4a087f20f4e06a50aa0ff9/screenshot - {}
RESULT: {}
COMMAND: POST /session/f85737454a4a087f20f4e06a50aa0ff9/element - {"using":"xpath","value":"//span[@id=\"application-managepartners-display-component---NewPartner--addressNewCostObjectCstID-vhi\"]"}
RESULT: {"using":"xpath","value":"//span[@id=\"application-managepartners-display-component---NewPartner--addressNewCostObjectCstID-vhi\"]"}
COMMAND: POST /session/f85737454a4a087f20f4e06a50aa0ff9/execute/sync - {"script":"<script> [8489 bytes]","args":[{"element-6066-11e4-a52e-4f735466cecf":"f.A10590C3E91A9D0BB6CAA0C0A9556112.d.A2F6E41ED100ECD8CC12F58B432EA7AF.e.3518","ELEMENT":"f.A10590C3E91A9D0BB6CAA0C0A9556112.d.A2F6E41ED100ECD8CC12F58B432EA7AF.e.3518"}]}
RESULT: {"script":"<script> [8489 bytes]","args":[{"element-6066-11e4-a52e-4f735466cecf":"f.A10590C3E91A9D0BB6CAA0C0A9556112.d.A2F6E41ED100ECD8CC12F58B432EA7AF.e.3518","ELEMENT":"f.A10590C3E91A9D0BB6CAA0C0A9556112.d.A2F6E41ED100ECD8CC12F58B432EA7AF.e.3518"}]}
COMMAND: POST /session/f85737454a4a087f20f4e06a50aa0ff9/execute/async - {"script":"<script> [1562 bytes]","args":[{"selector":{"id":"application-managepartners-display-component---NewPartner--addressNewCostObjectCstID-vhi"},"wdio_ui5_key":"applicationmanagepartners-display-component---NewPartner--addressNewCostObjectCstID-vhi"}]}
COMMAND: GET /session/f85737454a4a087f20f4e06a50aa0ff9/screenshot - {}
RESULT: {"script":"<script> [1562 bytes]","args":[{"selector":{"id":"application-managepartners-display-component---NewPartner--addressNewCostObjectCstID-vhi"},"wdio_ui5_key":"applicationmanagepartners-display-component---NewPartner--addressNewCostObjectCstID-vhi"}]}
RESULT: undefined
COMMAND: POST /session/f85737454a4a087f20f4e06a50aa0ff9/element - {"using":"xpath","value":"//*[@id=\"application-managepartners-display-component---NewPartner--addressNewCostObjectCstID-vhi\"]"}
RESULT: {}
RESULT: {"using":"xpath","value":"//*[@id=\"application-managepartners-display-component---NewPartner--addressNewCostObjectCstID-vhi\"]"}
COMMAND: POST /session/f85737454a4a087f20f4e06a50aa0ff9/element/f.A10590C3E91A9D0BB6CAA0C0A9556112.d.A2F6E41ED100ECD8CC12F58B432EA7AF.e.3518/click - {}
RESULT: {}
COMMAND: GET /session/f85737454a4a087f20f4e06a50aa0ff9/screenshot - {}
RESULT: {}
COMMAND: POST /session/f85737454a4a087f20f4e06a50aa0ff9/execute/async - {"script":"<script> [1562 bytes]","args":[{"selector":{"controlType":"sap.m.SearchField","properties":{"placeholder":"Search"},"searchOpenDialogs":true,"interaction":{"idSuffix":"I"}},"wdio_ui5_key":"sapm.SearchField{\"placeholder\":\"Search\"}"}]}
RESULT: {"script":"<script> [1562 bytes]","args":[{"selector":{"controlType":"sap.m.SearchField","properties":{"placeholder":"Search"},"searchOpenDialogs":true,"interaction":{"idSuffix":"I"}},"wdio_ui5_key":"sapm.SearchField{\"placeholder\":\"Search\"}"}]}
RESULT: undefined
COMMAND: POST /session/f85737454a4a087f20f4e06a50aa0ff9/execute/async - {"script":"<script> [776 bytes]","args":[{"enterText":"10001013","selector":{"controlType":"sap.m.SearchField","properties":{"placeholder":"Search"},"searchOpenDialogs":true,"interaction":{"idSuffix":"I"}},"clearTextFirst":true,"interactionType":"ENTER_TEXT"}]}
RESULT: {"script":"<script> [776 bytes]","args":[{"enterText":"10001013","selector":{"controlType":"sap.m.SearchField","properties":{"placeholder":"Search"},"searchOpenDialogs":true,"interaction":{"idSuffix":"I"}},"clearTextFirst":true,"interactionType":"ENTER_TEXT"}]}
COMMAND: POST /session/f85737454a4a087f20f4e06a50aa0ff9/actions - {"actions":[{"id":"action11","type":"key","parameters":{},"actions":[{"type":"keyDown","value":"î€‡"},{"type":"pause","duration":10},{"type":"keyUp","value":"î€‡"}]}]}
RESULT: {"actions":[{"id":"action11","type":"key","parameters":{},"actions":[{"type":"keyDown","value":"î€‡"},{"type":"pause","duration":10},{"type":"keyUp","value":"î€‡"}]}]}
COMMAND: GET /session/f85737454a4a087f20f4e06a50aa0ff9/screenshot - {}
RESULT: {}
COMMAND: POST /session/f85737454a4a087f20f4e06a50aa0ff9/element - {"using":"xpath","value":"//span[contains(text(), \"General Management\")]"}
RESULT: {"using":"xpath","value":"//span[contains(text(), \"General Management\")]"}
COMMAND: POST /session/f85737454a4a087f20f4e06a50aa0ff9/element/f.A10590C3E91A9D0BB6CAA0C0A9556112.d.A2F6E41ED100ECD8CC12F58B432EA7AF.e.3559/click - {}
RESULT: {}
COMMAND: GET /session/f85737454a4a087f20f4e06a50aa0ff9/screenshot - {}
RESULT: {}
COMMAND: POST /session/f85737454a4a087f20f4e06a50aa0ff9/element - {"using":"xpath","value":"//bdi[contains(text(), \"OK\")]"}
RESULT: {"using":"xpath","value":"//bdi[contains(text(), \"OK\")]"}
COMMAND: POST /session/f85737454a4a087f20f4e06a50aa0ff9/element/f.A10590C3E91A9D0BB6CAA0C0A9556112.d.A2F6E41ED100ECD8CC12F58B432EA7AF.e.3560/click - {}
RESULT: {}
COMMAND: GET /session/f85737454a4a087f20f4e06a50aa0ff9/screenshot - {}
RESULT: {}
COMMAND: POST /session/f85737454a4a087f20f4e06a50aa0ff9/element - {"using":"xpath","value":"//input[@id=\"application-managepartners-display-component---NewPartner--companyCodeComboBox-inner\"]"}
RESULT: {"using":"xpath","value":"//input[@id=\"application-managepartners-display-component---NewPartner--companyCodeComboBox-inner\"]"}
COMMAND: POST /session/f85737454a4a087f20f4e06a50aa0ff9/element/f.A10590C3E91A9D0BB6CAA0C0A9556112.d.A2F6E41ED100ECD8CC12F58B432EA7AF.e.3357/clear - {}
RESULT: {}
COMMAND: POST /session/f85737454a4a087f20f4e06a50aa0ff9/element/f.A10590C3E91A9D0BB6CAA0C0A9556112.d.A2F6E41ED100ECD8CC12F58B432EA7AF.e.3357/value - {"text":"C002"}
COMMAND: GET /session/f85737454a4a087f20f4e06a50aa0ff9/screenshot - {}
RESULT: {"text":"C002"}
COMMAND: GET /session/f85737454a4a087f20f4e06a50aa0ff9/screenshot - {}
RESULT: {}
RESULT: {}
COMMAND: POST /session/f85737454a4a087f20f4e06a50aa0ff9/element - {"using":"xpath","value":"//li[.//span[text()= \"C002\"]]"}
RESULT: {"using":"xpath","value":"//li[.//span[text()= \"C002\"]]"}
COMMAND: POST /session/f85737454a4a087f20f4e06a50aa0ff9/element/f.A10590C3E91A9D0BB6CAA0C0A9556112.d.A2F6E41ED100ECD8CC12F58B432EA7AF.e.3566/click - {}
RESULT: {}
COMMAND: GET /session/f85737454a4a087f20f4e06a50aa0ff9/screenshot - {}
RESULT: {}
COMMAND: POST /session/f85737454a4a087f20f4e06a50aa0ff9/execute/async - {"script":"<script> [1562 bytes]","args":[{"selector":{"id":"application-managepartners-display-component---NewPartner--btnAddTableRow-img"},"wdio_ui5_key":"applicationmanagepartners-display-component---NewPartner--btnAddTableRow-img"}]}
RESULT: {"script":"<script> [1562 bytes]","args":[{"selector":{"id":"application-managepartners-display-component---NewPartner--btnAddTableRow-img"},"wdio_ui5_key":"applicationmanagepartners-display-component---NewPartner--btnAddTableRow-img"}]}
RESULT: undefined
COMMAND: POST /session/f85737454a4a087f20f4e06a50aa0ff9/element - {"using":"xpath","value":"//*[@id=\"application-managepartners-display-component---NewPartner--btnAddTableRow-img\"]"}
RESULT: {"using":"xpath","value":"//*[@id=\"application-managepartners-display-component---NewPartner--btnAddTableRow-img\"]"}
COMMAND: POST /session/f85737454a4a087f20f4e06a50aa0ff9/element/f.A10590C3E91A9D0BB6CAA0C0A9556112.d.A2F6E41ED100ECD8CC12F58B432EA7AF.e.3567/click - {}
RESULT: {}
COMMAND: GET /session/f85737454a4a087f20f4e06a50aa0ff9/screenshot - {}
RESULT: undefined
RESULT: undefined
RESULT: {}
COMMAND: POST /session/f85737454a4a087f20f4e06a50aa0ff9/element - {"using":"xpath","value":"//input[@id=\"application-managepartners-display-component---NewPartner--assignmentYard-application-managepartners-display-component---NewPartner--assignmentsTable-0-inner\"]"}
RESULT: {"using":"xpath","value":"//input[@id=\"application-managepartners-display-component---NewPartner--assignmentYard-application-managepartners-display-component---NewPartner--assignmentsTable-0-inner\"]"}
COMMAND: POST /session/f85737454a4a087f20f4e06a50aa0ff9/element/f.A10590C3E91A9D0BB6CAA0C0A9556112.d.A2F6E41ED100ECD8CC12F58B432EA7AF.e.3570/clear - {}
RESULT: {}
COMMAND: POST /session/f85737454a4a087f20f4e06a50aa0ff9/element/f.A10590C3E91A9D0BB6CAA0C0A9556112.d.A2F6E41ED100ECD8CC12F58B432EA7AF.e.3570/value - {"text":"183"}
COMMAND: GET /session/f85737454a4a087f20f4e06a50aa0ff9/screenshot - {}
RESULT: {"text":"183"}
COMMAND: GET /session/f85737454a4a087f20f4e06a50aa0ff9/screenshot - {}
RESULT: {}
RESULT: {}
COMMAND: POST /session/f85737454a4a087f20f4e06a50aa0ff9/element - {"using":"xpath","value":"//li[.//span[text()='183']]"}
RESULT: {"using":"xpath","value":"//li[.//span[text()='183']]"}
COMMAND: POST /session/f85737454a4a087f20f4e06a50aa0ff9/element/f.A10590C3E91A9D0BB6CAA0C0A9556112.d.A2F6E41ED100ECD8CC12F58B432EA7AF.e.3579/click - {}
RESULT: {}
COMMAND: GET /session/f85737454a4a087f20f4e06a50aa0ff9/screenshot - {}
RESULT: {}
COMMAND: POST /session/f85737454a4a087f20f4e06a50aa0ff9/actions - {"actions":[{"id":"action12","type":"key","parameters":{},"actions":[{"type":"keyDown","value":"î€‡"},{"type":"pause","duration":10},{"type":"keyUp","value":"î€‡"}]}]}
RESULT: {"actions":[{"id":"action12","type":"key","parameters":{},"actions":[{"type":"keyDown","value":"î€‡"},{"type":"pause","duration":10},{"type":"keyUp","value":"î€‡"}]}]}
COMMAND: POST /session/f85737454a4a087f20f4e06a50aa0ff9/execute/async - {"script":"<script> [1562 bytes]","args":[{"selector":{"id":"application-managepartners-display-component---NewPartner--externalCustomerComboBox-application-managepartners-display-component---NewPartner--assignmentsTable-0-vhi"},"wdio_ui5_key":"applicationmanagepartners-display-component---NewPartner--externalCustomerComboBox-application-managepartners-display-component---NewPartner--assignmentsTable-0-vhi"}]}
COMMAND: GET /session/f85737454a4a087f20f4e06a50aa0ff9/screenshot - {}
RESULT: {"script":"<script> [1562 bytes]","args":[{"selector":{"id":"application-managepartners-display-component---NewPartner--externalCustomerComboBox-application-managepartners-display-component---NewPartner--assignmentsTable-0-vhi"},"wdio_ui5_key":"applicationmanagepartners-display-component---NewPartner--externalCustomerComboBox-application-managepartners-display-component---NewPartner--assignmentsTable-0-vhi"}]}
RESULT: undefined
COMMAND: POST /session/f85737454a4a087f20f4e06a50aa0ff9/element - {"using":"xpath","value":"//*[@id=\"application-managepartners-display-component---NewPartner--externalCustomerComboBox-application-managepartners-display-component---NewPartner--assignmentsTable-0-vhi\"]"}
RESULT: {}
RESULT: {"using":"xpath","value":"//*[@id=\"application-managepartners-display-component---NewPartner--externalCustomerComboBox-application-managepartners-display-component---NewPartner--assignmentsTable-0-vhi\"]"}
COMMAND: POST /session/f85737454a4a087f20f4e06a50aa0ff9/element/f.A10590C3E91A9D0BB6CAA0C0A9556112.d.A2F6E41ED100ECD8CC12F58B432EA7AF.e.3583/click - {}
RESULT: {}
RESULT: undefined
COMMAND: POST /session/f85737454a4a087f20f4e06a50aa0ff9/execute/async - {"script":"<script> [776 bytes]","args":[{"enterText":"300003","selector":{"controlType":"sap.m.SearchField","properties":{"placeholder":"Search"},"searchOpenDialogs":true,"interaction":{"idSuffix":"I"}},"clearTextFirst":true,"interactionType":"ENTER_TEXT"}]}
COMMAND: GET /session/f85737454a4a087f20f4e06a50aa0ff9/screenshot - {}
RESULT: {"script":"<script> [776 bytes]","args":[{"enterText":"300003","selector":{"controlType":"sap.m.SearchField","properties":{"placeholder":"Search"},"searchOpenDialogs":true,"interaction":{"idSuffix":"I"}},"clearTextFirst":true,"interactionType":"ENTER_TEXT"}]}
COMMAND: POST /session/f85737454a4a087f20f4e06a50aa0ff9/actions - {"actions":[{"id":"action13","type":"key","parameters":{},"actions":[{"type":"keyDown","value":"î€‡"},{"type":"pause","duration":10},{"type":"keyUp","value":"î€‡"}]}]}
RESULT: {}
RESULT: {"actions":[{"id":"action13","type":"key","parameters":{},"actions":[{"type":"keyDown","value":"î€‡"},{"type":"pause","duration":10},{"type":"keyUp","value":"î€‡"}]}]}
COMMAND: GET /session/f85737454a4a087f20f4e06a50aa0ff9/screenshot - {}
RESULT: {}
COMMAND: POST /session/f85737454a4a087f20f4e06a50aa0ff9/element - {"using":"xpath","value":"//span[contains(text(), \"300003\")]"}
RESULT: {"using":"xpath","value":"//span[contains(text(), \"300003\")]"}
COMMAND: POST /session/f85737454a4a087f20f4e06a50aa0ff9/element/f.A10590C3E91A9D0BB6CAA0C0A9556112.d.A2F6E41ED100ECD8CC12F58B432EA7AF.e.3600/click - {}
RESULT: {}
COMMAND: GET /session/f85737454a4a087f20f4e06a50aa0ff9/screenshot - {}
RESULT: {}
COMMAND: POST /session/f85737454a4a087f20f4e06a50aa0ff9/element - {"using":"xpath","value":"//bdi[contains(text(), \"OK\")]"}
RESULT: {"using":"xpath","value":"//bdi[contains(text(), \"OK\")]"}
COMMAND: POST /session/f85737454a4a087f20f4e06a50aa0ff9/element/f.A10590C3E91A9D0BB6CAA0C0A9556112.d.A2F6E41ED100ECD8CC12F58B432EA7AF.e.3602/click - {}
RESULT: {}
COMMAND: GET /session/f85737454a4a087f20f4e06a50aa0ff9/screenshot - {}
RESULT: {}
COMMAND: POST /session/f85737454a4a087f20f4e06a50aa0ff9/execute/async - {"script":"<script> [1562 bytes]","args":[{"selector":{"id":"application-managepartners-display-component---NewPartner--intercompVendorComboBox-application-managepartners-display-component---NewPartner--assignmentsTable-0-vhi"},"wdio_ui5_key":"applicationmanagepartners-display-component---NewPartner--intercompVendorComboBox-application-managepartners-display-component---NewPartner--assignmentsTable-0-vhi"}]}
RESULT: {"script":"<script> [1562 bytes]","args":[{"selector":{"id":"application-managepartners-display-component---NewPartner--intercompVendorComboBox-application-managepartners-display-component---NewPartner--assignmentsTable-0-vhi"},"wdio_ui5_key":"applicationmanagepartners-display-component---NewPartner--intercompVendorComboBox-application-managepartners-display-component---NewPartner--assignmentsTable-0-vhi"}]}
RESULT: undefined
COMMAND: POST /session/f85737454a4a087f20f4e06a50aa0ff9/element - {"using":"xpath","value":"//*[@id=\"application-managepartners-display-component---NewPartner--intercompVendorComboBox-application-managepartners-display-component---NewPartner--assignmentsTable-0-vhi\"]"}
RESULT: {"using":"xpath","value":"//*[@id=\"application-managepartners-display-component---NewPartner--intercompVendorComboBox-application-managepartners-display-component---NewPartner--assignmentsTable-0-vhi\"]"}
COMMAND: POST /session/f85737454a4a087f20f4e06a50aa0ff9/element/f.A10590C3E91A9D0BB6CAA0C0A9556112.d.A2F6E41ED100ECD8CC12F58B432EA7AF.e.3605/click - {}
RESULT: {}
RESULT: undefined
COMMAND: POST /session/f85737454a4a087f20f4e06a50aa0ff9/execute/async - {"script":"<script> [776 bytes]","args":[{"enterText":"100005","selector":{"controlType":"sap.m.SearchField","properties":{"placeholder":"Search"},"searchOpenDialogs":true,"interaction":{"idSuffix":"I"}},"clearTextFirst":true,"interactionType":"ENTER_TEXT"}]}
COMMAND: GET /session/f85737454a4a087f20f4e06a50aa0ff9/screenshot - {}
RESULT: {"script":"<script> [776 bytes]","args":[{"enterText":"100005","selector":{"controlType":"sap.m.SearchField","properties":{"placeholder":"Search"},"searchOpenDialogs":true,"interaction":{"idSuffix":"I"}},"clearTextFirst":true,"interactionType":"ENTER_TEXT"}]}
COMMAND: POST /session/f85737454a4a087f20f4e06a50aa0ff9/actions - {"actions":[{"id":"action14","type":"key","parameters":{},"actions":[{"type":"keyDown","value":"î€‡"},{"type":"pause","duration":10},{"type":"keyUp","value":"î€‡"}]}]}
RESULT: {}
RESULT: {"actions":[{"id":"action14","type":"key","parameters":{},"actions":[{"type":"keyDown","value":"î€‡"},{"type":"pause","duration":10},{"type":"keyUp","value":"î€‡"}]}]}
COMMAND: GET /session/f85737454a4a087f20f4e06a50aa0ff9/screenshot - {}
RESULT: {}
COMMAND: POST /session/f85737454a4a087f20f4e06a50aa0ff9/element - {"using":"xpath","value":"//span[contains(text(), \"Penguins - Field/12345 Berlin\")]"}
RESULT: {"using":"xpath","value":"//span[contains(text(), \"Penguins - Field/12345 Berlin\")]"}
COMMAND: POST /session/f85737454a4a087f20f4e06a50aa0ff9/element/f.A10590C3E91A9D0BB6CAA0C0A9556112.d.A2F6E41ED100ECD8CC12F58B432EA7AF.e.3624/click - {}
RESULT: {}
COMMAND: GET /session/f85737454a4a087f20f4e06a50aa0ff9/screenshot - {}
RESULT: {}
COMMAND: POST /session/f85737454a4a087f20f4e06a50aa0ff9/element - {"using":"xpath","value":"//bdi[contains(text(), \"OK\")]"}
RESULT: {"using":"xpath","value":"//bdi[contains(text(), \"OK\")]"}
COMMAND: POST /session/f85737454a4a087f20f4e06a50aa0ff9/element/f.A10590C3E91A9D0BB6CAA0C0A9556112.d.A2F6E41ED100ECD8CC12F58B432EA7AF.e.3625/click - {}
RESULT: {}
COMMAND: GET /session/f85737454a4a087f20f4e06a50aa0ff9/screenshot - {}
RESULT: {}
COMMAND: POST /session/f85737454a4a087f20f4e06a50aa0ff9/element - {"using":"xpath","value":"//button[@data-kt=\"saveButton\"]"}
RESULT: {"using":"xpath","value":"//button[@data-kt=\"saveButton\"]"}
COMMAND: POST /session/f85737454a4a087f20f4e06a50aa0ff9/element/f.A10590C3E91A9D0BB6CAA0C0A9556112.d.A2F6E41ED100ECD8CC12F58B432EA7AF.e.3368/click - {}
RESULT: {}
COMMAND: GET /session/f85737454a4a087f20f4e06a50aa0ff9/screenshot - {}
RESULT: {}
RESULT: undefined
RESULT: undefined
RESULT: undefined
RESULT: undefined
COMMAND: POST /session/f85737454a4a087f20f4e06a50aa0ff9/element - {"using":"xpath","value":"//header[contains(@id, 'ObjectPageLayout-headerTitle')]/div[1]/div[2]/div[2]/span[1]"}
RESULT: {"using":"xpath","value":"//header[contains(@id, 'ObjectPageLayout-headerTitle')]/div[1]/div[2]/div[2]/span[1]"}
COMMAND: POST /session/f85737454a4a087f20f4e06a50aa0ff9/elements - {"using":"xpath","value":"//header[contains(@id, 'ObjectPageLayout-headerTitle')]/div[1]/div[2]/div[2]/span[1]"}
RESULT: {"using":"xpath","value":"//header[contains(@id, 'ObjectPageLayout-headerTitle')]/div[1]/div[2]/div[2]/span[1]"}
COMMAND: POST /session/f85737454a4a087f20f4e06a50aa0ff9/execute/sync - {"script":"<script> [56 bytes]","args":[{"element-6066-11e4-a52e-4f735466cecf":"f.A10590C3E91A9D0BB6CAA0C0A9556112.d.A2F6E41ED100ECD8CC12F58B432EA7AF.e.3728","ELEMENT":"f.A10590C3E91A9D0BB6CAA0C0A9556112.d.A2F6E41ED100ECD8CC12F58B432EA7AF.e.3728"}]}
RESULT: {"script":"<script> [56 bytes]","args":[{"element-6066-11e4-a52e-4f735466cecf":"f.A10590C3E91A9D0BB6CAA0C0A9556112.d.A2F6E41ED100ECD8CC12F58B432EA7AF.e.3728","ELEMENT":"f.A10590C3E91A9D0BB6CAA0C0A9556112.d.A2F6E41ED100ECD8CC12F58B432EA7AF.e.3728"}]}
COMMAND: POST /session/f85737454a4a087f20f4e06a50aa0ff9/element - {"using":"css selector","value":"#shell-header-logo"}
COMMAND: GET /session/f85737454a4a087f20f4e06a50aa0ff9/screenshot - {}
RESULT: {"using":"css selector","value":"#shell-header-logo"}
COMMAND: POST /session/f85737454a4a087f20f4e06a50aa0ff9/element/f.A10590C3E91A9D0BB6CAA0C0A9556112.d.A2F6E41ED100ECD8CC12F58B432EA7AF.e.3123/click - {}
RESULT: {}
RESULT: {}
COMMAND: GET /session/f85737454a4a087f20f4e06a50aa0ff9/screenshot - {}
RESULT: {}
COMMAND: POST /session/f85737454a4a087f20f4e06a50aa0ff9/execute/sync - {"script":"<script> [299 bytes]","args":[["getModel","getResource"]]}
RESULT: {"script":"<script> [299 bytes]","args":[["getModel","getResource"]]}
]]></system-out>
    </testcase>
    <testcase classname="chrome.136_0_7103_49.windows.Edit_and_delete_daily_price_US134629_US134627" name="Should create a new site used for following tests" time="106.658">
      <system-out><![CDATA[
COMMAND: POST /session/f85737454a4a087f20f4e06a50aa0ff9/execute/async - {"script":"<script> [1562 bytes]","args":[{"selector":{"controlType":"sap.m.TileContent","bindingPath":{"path":"","propertyPath":"/properties/info"},"ancestor":{"controlType":"sap.m.GenericTile","properties":{"header":"Manage Sites"}}},"wdio_ui5_key":"sapm.TileContent{\"path\":\"\",\"propertyPath\":\"/properties/info\"}{\"controlType\":\"sap.m.GenericTile\",\"properties\":{\"header\":\"Manage Sites\"}}"}]}
COMMAND: GET /session/f85737454a4a087f20f4e06a50aa0ff9/screenshot - {}
RESULT: {"script":"<script> [1562 bytes]","args":[{"selector":{"controlType":"sap.m.TileContent","bindingPath":{"path":"","propertyPath":"/properties/info"},"ancestor":{"controlType":"sap.m.GenericTile","properties":{"header":"Manage Sites"}}},"wdio_ui5_key":"sapm.TileContent{\"path\":\"\",\"propertyPath\":\"/properties/info\"}{\"controlType\":\"sap.m.GenericTile\",\"properties\":{\"header\":\"Manage Sites\"}}"}]}
RESULT: undefined
COMMAND: POST /session/f85737454a4a087f20f4e06a50aa0ff9/element - {"using":"xpath","value":"//*[@id=\"__xmlview7--numericTileContent\"]"}
RESULT: {}
RESULT: {"using":"xpath","value":"//*[@id=\"__xmlview7--numericTileContent\"]"}
COMMAND: POST /session/f85737454a4a087f20f4e06a50aa0ff9/element/f.A10590C3E91A9D0BB6CAA0C0A9556112.d.A2F6E41ED100ECD8CC12F58B432EA7AF.e.3730/click - {}
RESULT: {}
COMMAND: POST /session/f85737454a4a087f20f4e06a50aa0ff9/element - {"using":"xpath","value":"//button[@data-kt=\"addOverflowToolbarButton\"]"}
COMMAND: GET /session/f85737454a4a087f20f4e06a50aa0ff9/screenshot - {}
RESULT: {"using":"xpath","value":"//button[@data-kt=\"addOverflowToolbarButton\"]"}
COMMAND: POST /session/f85737454a4a087f20f4e06a50aa0ff9/elements - {"using":"xpath","value":"//button[@data-kt=\"addOverflowToolbarButton\"]"}
RESULT: {}
RESULT: {"using":"xpath","value":"//button[@data-kt=\"addOverflowToolbarButton\"]"}
COMMAND: POST /session/f85737454a4a087f20f4e06a50aa0ff9/elements - {"using":"xpath","value":"//button[@data-kt=\"addOverflowToolbarButton\"]"}
RESULT: {"using":"xpath","value":"//button[@data-kt=\"addOverflowToolbarButton\"]"}
COMMAND: POST /session/f85737454a4a087f20f4e06a50aa0ff9/elements - {"using":"xpath","value":"//button[@data-kt=\"addOverflowToolbarButton\"]"}
RESULT: {"using":"xpath","value":"//button[@data-kt=\"addOverflowToolbarButton\"]"}
COMMAND: POST /session/f85737454a4a087f20f4e06a50aa0ff9/element - {"using":"xpath","value":"//button[@data-kt=\"addOverflowToolbarButton\"]"}
RESULT: {"using":"xpath","value":"//button[@data-kt=\"addOverflowToolbarButton\"]"}
COMMAND: POST /session/f85737454a4a087f20f4e06a50aa0ff9/execute/sync - {"script":"<script> [8489 bytes]","args":[{"element-6066-11e4-a52e-4f735466cecf":"f.A10590C3E91A9D0BB6CAA0C0A9556112.d.A2F6E41ED100ECD8CC12F58B432EA7AF.e.3776","ELEMENT":"f.A10590C3E91A9D0BB6CAA0C0A9556112.d.A2F6E41ED100ECD8CC12F58B432EA7AF.e.3776"}]}
RESULT: {"script":"<script> [8489 bytes]","args":[{"element-6066-11e4-a52e-4f735466cecf":"f.A10590C3E91A9D0BB6CAA0C0A9556112.d.A2F6E41ED100ECD8CC12F58B432EA7AF.e.3776","ELEMENT":"f.A10590C3E91A9D0BB6CAA0C0A9556112.d.A2F6E41ED100ECD8CC12F58B432EA7AF.e.3776"}]}
COMMAND: GET /session/f85737454a4a087f20f4e06a50aa0ff9/element/f.A10590C3E91A9D0BB6CAA0C0A9556112.d.A2F6E41ED100ECD8CC12F58B432EA7AF.e.3776/enabled - {}
COMMAND: GET /session/f85737454a4a087f20f4e06a50aa0ff9/screenshot - {}
RESULT: {}
COMMAND: POST /session/f85737454a4a087f20f4e06a50aa0ff9/execute/sync - {"script":"<script> [8489 bytes]","args":[{"element-6066-11e4-a52e-4f735466cecf":"f.A10590C3E91A9D0BB6CAA0C0A9556112.d.A2F6E41ED100ECD8CC12F58B432EA7AF.e.3776","ELEMENT":"f.A10590C3E91A9D0BB6CAA0C0A9556112.d.A2F6E41ED100ECD8CC12F58B432EA7AF.e.3776"}]}
COMMAND: GET /session/f85737454a4a087f20f4e06a50aa0ff9/screenshot - {}
RESULT: {}
RESULT: {"script":"<script> [8489 bytes]","args":[{"element-6066-11e4-a52e-4f735466cecf":"f.A10590C3E91A9D0BB6CAA0C0A9556112.d.A2F6E41ED100ECD8CC12F58B432EA7AF.e.3776","ELEMENT":"f.A10590C3E91A9D0BB6CAA0C0A9556112.d.A2F6E41ED100ECD8CC12F58B432EA7AF.e.3776"}]}
COMMAND: POST /session/f85737454a4a087f20f4e06a50aa0ff9/execute/sync - {"script":"<script> [5351 bytes]","args":[{"element-6066-11e4-a52e-4f735466cecf":"f.A10590C3E91A9D0BB6CAA0C0A9556112.d.A2F6E41ED100ECD8CC12F58B432EA7AF.e.3776","ELEMENT":"f.A10590C3E91A9D0BB6CAA0C0A9556112.d.A2F6E41ED100ECD8CC12F58B432EA7AF.e.3776"}]}
COMMAND: GET /session/f85737454a4a087f20f4e06a50aa0ff9/screenshot - {}
RESULT: {}
RESULT: {"script":"<script> [5351 bytes]","args":[{"element-6066-11e4-a52e-4f735466cecf":"f.A10590C3E91A9D0BB6CAA0C0A9556112.d.A2F6E41ED100ECD8CC12F58B432EA7AF.e.3776","ELEMENT":"f.A10590C3E91A9D0BB6CAA0C0A9556112.d.A2F6E41ED100ECD8CC12F58B432EA7AF.e.3776"}]}
COMMAND: POST /session/f85737454a4a087f20f4e06a50aa0ff9/element/f.A10590C3E91A9D0BB6CAA0C0A9556112.d.A2F6E41ED100ECD8CC12F58B432EA7AF.e.3776/click - {}
COMMAND: GET /session/f85737454a4a087f20f4e06a50aa0ff9/screenshot - {}
RESULT: {}
RESULT: {}
COMMAND: GET /session/f85737454a4a087f20f4e06a50aa0ff9/screenshot - {}
RESULT: {}
RESULT: {}
COMMAND: POST /session/f85737454a4a087f20f4e06a50aa0ff9/element - {"using":"xpath","value":"//input[@id=\"application-managesites-display-component---NewSite--siteId-inner\"]"}
RESULT: {"using":"xpath","value":"//input[@id=\"application-managesites-display-component---NewSite--siteId-inner\"]"}
COMMAND: POST /session/f85737454a4a087f20f4e06a50aa0ff9/element - {"using":"xpath","value":"//input[@id=\"application-managesites-display-component---NewSite--siteId-inner\"]"}
RESULT: {"using":"xpath","value":"//input[@id=\"application-managesites-display-component---NewSite--siteId-inner\"]"}
COMMAND: POST /session/f85737454a4a087f20f4e06a50aa0ff9/execute/async - {"script":"<script> [1562 bytes]","args":[{"selector":{"id":"application-managesites-display-component---NewSite--addressDetailDetailsName1","interaction":{"idSuffix":"inner"}},"wdio_ui5_key":"applicationmanagesites-display-component---NewSite--addressDetailDetailsName1"}]}
RESULT: {"script":"<script> [1562 bytes]","args":[{"selector":{"id":"application-managesites-display-component---NewSite--addressDetailDetailsName1","interaction":{"idSuffix":"inner"}},"wdio_ui5_key":"applicationmanagesites-display-component---NewSite--addressDetailDetailsName1"}]}
RESULT: undefined
COMMAND: POST /session/f85737454a4a087f20f4e06a50aa0ff9/execute/async - {"script":"<script> [776 bytes]","args":[{"enterText":"DailyPrice WDIO","selector":{"id":"application-managesites-display-component---NewSite--addressDetailDetailsName1","interaction":{"idSuffix":"inner"}},"clearTextFirst":true,"interactionType":"ENTER_TEXT"}]}
RESULT: {"script":"<script> [776 bytes]","args":[{"enterText":"DailyPrice WDIO","selector":{"id":"application-managesites-display-component---NewSite--addressDetailDetailsName1","interaction":{"idSuffix":"inner"}},"clearTextFirst":true,"interactionType":"ENTER_TEXT"}]}
COMMAND: POST /session/f85737454a4a087f20f4e06a50aa0ff9/execute/async - {"script":"<script> [1562 bytes]","args":[{"selector":{"id":"application-managesites-display-component---NewSite--addressDetailDetailsLanguage-arrow"},"wdio_ui5_key":"applicationmanagesites-display-component---NewSite--addressDetailDetailsLanguage-arrow"}]}
RESULT: {"script":"<script> [1562 bytes]","args":[{"selector":{"id":"application-managesites-display-component---NewSite--addressDetailDetailsLanguage-arrow"},"wdio_ui5_key":"applicationmanagesites-display-component---NewSite--addressDetailDetailsLanguage-arrow"}]}
RESULT: undefined
COMMAND: POST /session/f85737454a4a087f20f4e06a50aa0ff9/element - {"using":"xpath","value":"//*[@id=\"application-managesites-display-component---NewSite--addressDetailDetailsLanguage-arrow\"]"}
RESULT: {"using":"xpath","value":"//*[@id=\"application-managesites-display-component---NewSite--addressDetailDetailsLanguage-arrow\"]"}
COMMAND: POST /session/f85737454a4a087f20f4e06a50aa0ff9/element/f.A10590C3E91A9D0BB6CAA0C0A9556112.d.A2F6E41ED100ECD8CC12F58B432EA7AF.e.4068/click - {}
RESULT: {}
COMMAND: POST /session/f85737454a4a087f20f4e06a50aa0ff9/element - {"using":"xpath","value":"//span[contains(text(), \"English\")]"}
COMMAND: GET /session/f85737454a4a087f20f4e06a50aa0ff9/screenshot - {}
RESULT: {"using":"xpath","value":"//span[contains(text(), \"English\")]"}
COMMAND: POST /session/f85737454a4a087f20f4e06a50aa0ff9/element/f.A10590C3E91A9D0BB6CAA0C0A9556112.d.A2F6E41ED100ECD8CC12F58B432EA7AF.e.4069/click - {}
RESULT: {}
RESULT: {}
COMMAND: POST /session/f85737454a4a087f20f4e06a50aa0ff9/execute/async - {"script":"<script> [1562 bytes]","args":[{"selector":{"id":"application-managesites-display-component---NewSite--addressDetailDetailsCity1","interaction":{"idSuffix":"inner"}},"wdio_ui5_key":"applicationmanagesites-display-component---NewSite--addressDetailDetailsCity1"}]}
COMMAND: GET /session/f85737454a4a087f20f4e06a50aa0ff9/screenshot - {}
RESULT: {"script":"<script> [1562 bytes]","args":[{"selector":{"id":"application-managesites-display-component---NewSite--addressDetailDetailsCity1","interaction":{"idSuffix":"inner"}},"wdio_ui5_key":"applicationmanagesites-display-component---NewSite--addressDetailDetailsCity1"}]}
RESULT: undefined
COMMAND: POST /session/f85737454a4a087f20f4e06a50aa0ff9/execute/async - {"script":"<script> [776 bytes]","args":[{"enterText":"Rosario","selector":{"id":"application-managesites-display-component---NewSite--addressDetailDetailsCity1","interaction":{"idSuffix":"inner"}},"clearTextFirst":true,"interactionType":"ENTER_TEXT"}]}
RESULT: {}
RESULT: {"script":"<script> [776 bytes]","args":[{"enterText":"Rosario","selector":{"id":"application-managesites-display-component---NewSite--addressDetailDetailsCity1","interaction":{"idSuffix":"inner"}},"clearTextFirst":true,"interactionType":"ENTER_TEXT"}]}
COMMAND: POST /session/f85737454a4a087f20f4e06a50aa0ff9/execute/async - {"script":"<script> [1562 bytes]","args":[{"selector":{"id":"application-managesites-display-component---NewSite--addressDetailDetailsCountry-arrow"},"wdio_ui5_key":"applicationmanagesites-display-component---NewSite--addressDetailDetailsCountry-arrow"}]}
RESULT: {"script":"<script> [1562 bytes]","args":[{"selector":{"id":"application-managesites-display-component---NewSite--addressDetailDetailsCountry-arrow"},"wdio_ui5_key":"applicationmanagesites-display-component---NewSite--addressDetailDetailsCountry-arrow"}]}
RESULT: undefined
COMMAND: POST /session/f85737454a4a087f20f4e06a50aa0ff9/element - {"using":"xpath","value":"//*[@id=\"application-managesites-display-component---NewSite--addressDetailDetailsCountry-arrow\"]"}
RESULT: {"using":"xpath","value":"//*[@id=\"application-managesites-display-component---NewSite--addressDetailDetailsCountry-arrow\"]"}
COMMAND: POST /session/f85737454a4a087f20f4e06a50aa0ff9/element/f.A10590C3E91A9D0BB6CAA0C0A9556112.d.A2F6E41ED100ECD8CC12F58B432EA7AF.e.4071/click - {}
RESULT: {}
COMMAND: POST /session/f85737454a4a087f20f4e06a50aa0ff9/element - {"using":"xpath","value":"//span[contains(text(), \"Argentina\")]"}
COMMAND: GET /session/f85737454a4a087f20f4e06a50aa0ff9/screenshot - {}
RESULT: {"using":"xpath","value":"//span[contains(text(), \"Argentina\")]"}
COMMAND: POST /session/f85737454a4a087f20f4e06a50aa0ff9/element/f.A10590C3E91A9D0BB6CAA0C0A9556112.d.A2F6E41ED100ECD8CC12F58B432EA7AF.e.4072/click - {}
RESULT: {}
RESULT: {}
COMMAND: GET /session/f85737454a4a087f20f4e06a50aa0ff9/screenshot - {}
RESULT: {}
COMMAND: POST /session/f85737454a4a087f20f4e06a50aa0ff9/execute/async - {"script":"<script> [1562 bytes]","args":[{"selector":{"id":"application-managesites-display-component---NewSite--addressEditDetailsCostObjectCstType-arrow"},"wdio_ui5_key":"applicationmanagesites-display-component---NewSite--addressEditDetailsCostObjectCstType-arrow"}]}
RESULT: {"script":"<script> [1562 bytes]","args":[{"selector":{"id":"application-managesites-display-component---NewSite--addressEditDetailsCostObjectCstType-arrow"},"wdio_ui5_key":"applicationmanagesites-display-component---NewSite--addressEditDetailsCostObjectCstType-arrow"}]}
RESULT: undefined
COMMAND: POST /session/f85737454a4a087f20f4e06a50aa0ff9/element - {"using":"xpath","value":"//*[@id=\"application-managesites-display-component---NewSite--addressEditDetailsCostObjectCstType-arrow\"]"}
RESULT: {"using":"xpath","value":"//*[@id=\"application-managesites-display-component---NewSite--addressEditDetailsCostObjectCstType-arrow\"]"}
COMMAND: POST /session/f85737454a4a087f20f4e06a50aa0ff9/element/f.A10590C3E91A9D0BB6CAA0C0A9556112.d.A2F6E41ED100ECD8CC12F58B432EA7AF.e.4074/click - {}
RESULT: {}
COMMAND: POST /session/f85737454a4a087f20f4e06a50aa0ff9/element - {"using":"xpath","value":"//span[contains(text(), \"Cost Center\")]"}
COMMAND: GET /session/f85737454a4a087f20f4e06a50aa0ff9/screenshot - {}
RESULT: {"using":"xpath","value":"//span[contains(text(), \"Cost Center\")]"}
COMMAND: POST /session/f85737454a4a087f20f4e06a50aa0ff9/element/f.A10590C3E91A9D0BB6CAA0C0A9556112.d.A2F6E41ED100ECD8CC12F58B432EA7AF.e.4075/click - {}
RESULT: {}
RESULT: {}
COMMAND: GET /session/f85737454a4a087f20f4e06a50aa0ff9/screenshot - {}
RESULT: {}
COMMAND: POST /session/f85737454a4a087f20f4e06a50aa0ff9/element - {"using":"xpath","value":"//span[@id=\"application-managesites-display-component---NewSite--addressNewCostObjectCstID-vhi\"]"}
RESULT: {"using":"xpath","value":"//span[@id=\"application-managesites-display-component---NewSite--addressNewCostObjectCstID-vhi\"]"}
COMMAND: POST /session/f85737454a4a087f20f4e06a50aa0ff9/execute/sync - {"script":"<script> [8489 bytes]","args":[{"element-6066-11e4-a52e-4f735466cecf":"f.A10590C3E91A9D0BB6CAA0C0A9556112.d.A2F6E41ED100ECD8CC12F58B432EA7AF.e.4080","ELEMENT":"f.A10590C3E91A9D0BB6CAA0C0A9556112.d.A2F6E41ED100ECD8CC12F58B432EA7AF.e.4080"}]}
RESULT: {"script":"<script> [8489 bytes]","args":[{"element-6066-11e4-a52e-4f735466cecf":"f.A10590C3E91A9D0BB6CAA0C0A9556112.d.A2F6E41ED100ECD8CC12F58B432EA7AF.e.4080","ELEMENT":"f.A10590C3E91A9D0BB6CAA0C0A9556112.d.A2F6E41ED100ECD8CC12F58B432EA7AF.e.4080"}]}
COMMAND: POST /session/f85737454a4a087f20f4e06a50aa0ff9/execute/async - {"script":"<script> [1562 bytes]","args":[{"selector":{"id":"application-managesites-display-component---NewSite--addressNewCostObjectCstID-vhi"},"wdio_ui5_key":"applicationmanagesites-display-component---NewSite--addressNewCostObjectCstID-vhi"}]}
COMMAND: GET /session/f85737454a4a087f20f4e06a50aa0ff9/screenshot - {}
RESULT: {"script":"<script> [1562 bytes]","args":[{"selector":{"id":"application-managesites-display-component---NewSite--addressNewCostObjectCstID-vhi"},"wdio_ui5_key":"applicationmanagesites-display-component---NewSite--addressNewCostObjectCstID-vhi"}]}
RESULT: undefined
COMMAND: POST /session/f85737454a4a087f20f4e06a50aa0ff9/element - {"using":"xpath","value":"//*[@id=\"application-managesites-display-component---NewSite--addressNewCostObjectCstID-vhi\"]"}
RESULT: {}
RESULT: {"using":"xpath","value":"//*[@id=\"application-managesites-display-component---NewSite--addressNewCostObjectCstID-vhi\"]"}
COMMAND: POST /session/f85737454a4a087f20f4e06a50aa0ff9/element/f.A10590C3E91A9D0BB6CAA0C0A9556112.d.A2F6E41ED100ECD8CC12F58B432EA7AF.e.4080/click - {}
RESULT: {}
COMMAND: GET /session/f85737454a4a087f20f4e06a50aa0ff9/screenshot - {}
RESULT: {}
RESULT: undefined
COMMAND: POST /session/f85737454a4a087f20f4e06a50aa0ff9/execute/async - {"script":"<script> [776 bytes]","args":[{"enterText":"10001013","selector":{"controlType":"sap.m.SearchField","properties":{"placeholder":"Search"},"searchOpenDialogs":true,"interaction":{"idSuffix":"I"}},"clearTextFirst":true,"interactionType":"ENTER_TEXT"}]}
RESULT: {"script":"<script> [776 bytes]","args":[{"enterText":"10001013","selector":{"controlType":"sap.m.SearchField","properties":{"placeholder":"Search"},"searchOpenDialogs":true,"interaction":{"idSuffix":"I"}},"clearTextFirst":true,"interactionType":"ENTER_TEXT"}]}
COMMAND: POST /session/f85737454a4a087f20f4e06a50aa0ff9/actions - {"actions":[{"id":"action15","type":"key","parameters":{},"actions":[{"type":"keyDown","value":"î€‡"},{"type":"pause","duration":10},{"type":"keyUp","value":"î€‡"}]}]}
RESULT: {"actions":[{"id":"action15","type":"key","parameters":{},"actions":[{"type":"keyDown","value":"î€‡"},{"type":"pause","duration":10},{"type":"keyUp","value":"î€‡"}]}]}
COMMAND: GET /session/f85737454a4a087f20f4e06a50aa0ff9/screenshot - {}
RESULT: {}
COMMAND: POST /session/f85737454a4a087f20f4e06a50aa0ff9/element - {"using":"xpath","value":"//span[contains(text(), \"General Management\")]"}
RESULT: {"using":"xpath","value":"//span[contains(text(), \"General Management\")]"}
COMMAND: POST /session/f85737454a4a087f20f4e06a50aa0ff9/element/f.A10590C3E91A9D0BB6CAA0C0A9556112.d.A2F6E41ED100ECD8CC12F58B432EA7AF.e.4120/click - {}
RESULT: {}
COMMAND: GET /session/f85737454a4a087f20f4e06a50aa0ff9/screenshot - {}
RESULT: {}
COMMAND: POST /session/f85737454a4a087f20f4e06a50aa0ff9/element - {"using":"xpath","value":"//bdi[contains(text(), \"OK\")]"}
RESULT: {"using":"xpath","value":"//bdi[contains(text(), \"OK\")]"}
COMMAND: POST /session/f85737454a4a087f20f4e06a50aa0ff9/element/f.A10590C3E91A9D0BB6CAA0C0A9556112.d.A2F6E41ED100ECD8CC12F58B432EA7AF.e.4121/click - {}
RESULT: {}
COMMAND: GET /session/f85737454a4a087f20f4e06a50aa0ff9/screenshot - {}
RESULT: {}
COMMAND: POST /session/f85737454a4a087f20f4e06a50aa0ff9/element - {"using":"xpath","value":"//input[@id=\"application-managesites-display-component---NewSite--addressDetailDetailsCalendar-inner\"]"}
RESULT: {"using":"xpath","value":"//input[@id=\"application-managesites-display-component---NewSite--addressDetailDetailsCalendar-inner\"]"}
COMMAND: POST /session/f85737454a4a087f20f4e06a50aa0ff9/element/f.A10590C3E91A9D0BB6CAA0C0A9556112.d.A2F6E41ED100ECD8CC12F58B432EA7AF.e.3913/clear - {}
RESULT: {}
COMMAND: POST /session/f85737454a4a087f20f4e06a50aa0ff9/element/f.A10590C3E91A9D0BB6CAA0C0A9556112.d.A2F6E41ED100ECD8CC12F58B432EA7AF.e.3913/value - {"text":"Unit"}
COMMAND: GET /session/f85737454a4a087f20f4e06a50aa0ff9/screenshot - {}
RESULT: {"text":"Unit"}
COMMAND: GET /session/f85737454a4a087f20f4e06a50aa0ff9/screenshot - {}
RESULT: {}
RESULT: {}
COMMAND: POST /session/f85737454a4a087f20f4e06a50aa0ff9/actions - {"actions":[{"id":"action16","type":"key","parameters":{},"actions":[{"type":"keyDown","value":"î€‡"},{"type":"pause","duration":10},{"type":"keyUp","value":"î€‡"}]}]}
RESULT: {"actions":[{"id":"action16","type":"key","parameters":{},"actions":[{"type":"keyDown","value":"î€‡"},{"type":"pause","duration":10},{"type":"keyUp","value":"î€‡"}]}]}
COMMAND: POST /session/f85737454a4a087f20f4e06a50aa0ff9/element - {"using":"xpath","value":"//input[@id=\"application-managesites-display-component---NewSite--addressDetailDetailsYard-inner\"]"}
COMMAND: GET /session/f85737454a4a087f20f4e06a50aa0ff9/screenshot - {}
RESULT: {"using":"xpath","value":"//input[@id=\"application-managesites-display-component---NewSite--addressDetailDetailsYard-inner\"]"}
COMMAND: POST /session/f85737454a4a087f20f4e06a50aa0ff9/element/f.A10590C3E91A9D0BB6CAA0C0A9556112.d.A2F6E41ED100ECD8CC12F58B432EA7AF.e.3914/clear - {}
RESULT: {}
RESULT: {}
COMMAND: POST /session/f85737454a4a087f20f4e06a50aa0ff9/element/f.A10590C3E91A9D0BB6CAA0C0A9556112.d.A2F6E41ED100ECD8CC12F58B432EA7AF.e.3914/value - {"text":"183"}
COMMAND: GET /session/f85737454a4a087f20f4e06a50aa0ff9/screenshot - {}
RESULT: {"text":"183"}
COMMAND: GET /session/f85737454a4a087f20f4e06a50aa0ff9/screenshot - {}
RESULT: {}
RESULT: {}
COMMAND: POST /session/f85737454a4a087f20f4e06a50aa0ff9/element - {"using":"xpath","value":"//li[.//span[text()='183']]"}
RESULT: {"using":"xpath","value":"//li[.//span[text()='183']]"}
COMMAND: POST /session/f85737454a4a087f20f4e06a50aa0ff9/element/f.A10590C3E91A9D0BB6CAA0C0A9556112.d.A2F6E41ED100ECD8CC12F58B432EA7AF.e.4129/click - {}
RESULT: {}
COMMAND: GET /session/f85737454a4a087f20f4e06a50aa0ff9/screenshot - {}
RESULT: {}
COMMAND: POST /session/f85737454a4a087f20f4e06a50aa0ff9/element - {"using":"xpath","value":"//input[@id=\"application-managesites-display-component---NewSite--addressDetailDetailsPartner-inner\"]"}
RESULT: {"using":"xpath","value":"//input[@id=\"application-managesites-display-component---NewSite--addressDetailDetailsPartner-inner\"]"}
COMMAND: POST /session/f85737454a4a087f20f4e06a50aa0ff9/element - {"using":"xpath","value":"//input[@id=\"application-managesites-display-component---NewSite--addressDetailDetailsPartner-inner\"]"}
RESULT: {"using":"xpath","value":"//input[@id=\"application-managesites-display-component---NewSite--addressDetailDetailsPartner-inner\"]"}
COMMAND: POST /session/f85737454a4a087f20f4e06a50aa0ff9/element - {"using":"xpath","value":"//button[@data-kt=\"saveButton\"]"}
RESULT: {"using":"xpath","value":"//button[@data-kt=\"saveButton\"]"}
COMMAND: POST /session/f85737454a4a087f20f4e06a50aa0ff9/element/f.A10590C3E91A9D0BB6CAA0C0A9556112.d.A2F6E41ED100ECD8CC12F58B432EA7AF.e.3986/click - {}
RESULT: {}
COMMAND: GET /session/f85737454a4a087f20f4e06a50aa0ff9/screenshot - {}
RESULT: {}
COMMAND: POST /session/f85737454a4a087f20f4e06a50aa0ff9/element - {"using":"xpath","value":"//header[contains(@id, 'ObjectPageLayout-headerTitle')]/div[1]/div[2]/div[2]/span[1]"}
RESULT: {"using":"xpath","value":"//header[contains(@id, 'ObjectPageLayout-headerTitle')]/div[1]/div[2]/div[2]/span[1]"}
COMMAND: POST /session/f85737454a4a087f20f4e06a50aa0ff9/elements - {"using":"xpath","value":"//header[contains(@id, 'ObjectPageLayout-headerTitle')]/div[1]/div[2]/div[2]/span[1]"}
RESULT: {"using":"xpath","value":"//header[contains(@id, 'ObjectPageLayout-headerTitle')]/div[1]/div[2]/div[2]/span[1]"}
COMMAND: POST /session/f85737454a4a087f20f4e06a50aa0ff9/execute/sync - {"script":"<script> [56 bytes]","args":[{"element-6066-11e4-a52e-4f735466cecf":"f.A10590C3E91A9D0BB6CAA0C0A9556112.d.A2F6E41ED100ECD8CC12F58B432EA7AF.e.4271","ELEMENT":"f.A10590C3E91A9D0BB6CAA0C0A9556112.d.A2F6E41ED100ECD8CC12F58B432EA7AF.e.4271"}]}
RESULT: {"script":"<script> [56 bytes]","args":[{"element-6066-11e4-a52e-4f735466cecf":"f.A10590C3E91A9D0BB6CAA0C0A9556112.d.A2F6E41ED100ECD8CC12F58B432EA7AF.e.4271","ELEMENT":"f.A10590C3E91A9D0BB6CAA0C0A9556112.d.A2F6E41ED100ECD8CC12F58B432EA7AF.e.4271"}]}
COMMAND: POST /session/f85737454a4a087f20f4e06a50aa0ff9/element - {"using":"css selector","value":"#shell-header-logo"}
COMMAND: GET /session/f85737454a4a087f20f4e06a50aa0ff9/screenshot - {}
RESULT: {"using":"css selector","value":"#shell-header-logo"}
COMMAND: POST /session/f85737454a4a087f20f4e06a50aa0ff9/element/f.A10590C3E91A9D0BB6CAA0C0A9556112.d.A2F6E41ED100ECD8CC12F58B432EA7AF.e.3734/click - {}
RESULT: {}
RESULT: {}
COMMAND: GET /session/f85737454a4a087f20f4e06a50aa0ff9/screenshot - {}
RESULT: {}
COMMAND: POST /session/f85737454a4a087f20f4e06a50aa0ff9/execute/sync - {"script":"<script> [299 bytes]","args":[["getModel","getResource"]]}
RESULT: {"script":"<script> [299 bytes]","args":[["getModel","getResource"]]}
]]></system-out>
    </testcase>
    <testcase classname="chrome.136_0_7103_49.windows.Edit_and_delete_daily_price_US134629_US134627" name="Should go to Manage Conditions Daily Price and add the 2 rows one with yard site and one with yard" time="63.371">
      <system-out><![CDATA[
COMMAND: POST /session/f85737454a4a087f20f4e06a50aa0ff9/window/fullscreen - {}
COMMAND: GET /session/f85737454a4a087f20f4e06a50aa0ff9/screenshot - {}
RESULT: {}
COMMAND: POST /session/f85737454a4a087f20f4e06a50aa0ff9/execute/async - {"script":"<script> [1562 bytes]","args":[{"selector":{"controlType":"sap.m.GenericTile","properties":{"header":"Manage Conditions & Prices"}},"wdio_ui5_key":"sapm.GenericTile{\"header\":\"Manage Conditions & Prices\"}"}]}
RESULT: {}
RESULT: {"script":"<script> [1562 bytes]","args":[{"selector":{"controlType":"sap.m.GenericTile","properties":{"header":"Manage Conditions & Prices"}},"wdio_ui5_key":"sapm.GenericTile{\"header\":\"Manage Conditions & Prices\"}"}]}
RESULT: undefined
COMMAND: POST /session/f85737454a4a087f20f4e06a50aa0ff9/element - {"using":"xpath","value":"//*[@id=\"__tile53\"]"}
RESULT: {"using":"xpath","value":"//*[@id=\"__tile53\"]"}
COMMAND: POST /session/f85737454a4a087f20f4e06a50aa0ff9/element/f.A10590C3E91A9D0BB6CAA0C0A9556112.d.A2F6E41ED100ECD8CC12F58B432EA7AF.e.3054/click - {}
RESULT: {}
COMMAND: GET /session/f85737454a4a087f20f4e06a50aa0ff9/screenshot - {}
COMMAND: POST /session/f85737454a4a087f20f4e06a50aa0ff9/elements - {"using":"xpath","value":"//span[text()='Error']"}
RESULT: {}
RESULT: {"using":"xpath","value":"//span[text()='Error']"}
COMMAND: POST /session/f85737454a4a087f20f4e06a50aa0ff9/element - {"using":"xpath","value":"//button[@aria-label=\"Create\"]"}
RESULT: {"using":"xpath","value":"//button[@aria-label=\"Create\"]"}
COMMAND: POST /session/f85737454a4a087f20f4e06a50aa0ff9/element/f.A10590C3E91A9D0BB6CAA0C0A9556112.d.A2F6E41ED100ECD8CC12F58B432EA7AF.e.4324/click - {}
RESULT: {}
COMMAND: GET /session/f85737454a4a087f20f4e06a50aa0ff9/screenshot - {}
RESULT: {}
COMMAND: POST /session/f85737454a4a087f20f4e06a50aa0ff9/actions - {"actions":[{"id":"action17","type":"key","parameters":{},"actions":[{"type":"keyDown","value":"î€•"},{"type":"pause","duration":10},{"type":"keyUp","value":"î€•"}]}]}
RESULT: {"actions":[{"id":"action17","type":"key","parameters":{},"actions":[{"type":"keyDown","value":"î€•"},{"type":"pause","duration":10},{"type":"keyUp","value":"î€•"}]}]}
COMMAND: POST /session/f85737454a4a087f20f4e06a50aa0ff9/actions - {"actions":[{"id":"action18","type":"key","parameters":{},"actions":[{"type":"keyDown","value":"î€‡"},{"type":"pause","duration":10},{"type":"keyUp","value":"î€‡"}]}]}
COMMAND: GET /session/f85737454a4a087f20f4e06a50aa0ff9/screenshot - {}
RESULT: {"actions":[{"id":"action18","type":"key","parameters":{},"actions":[{"type":"keyDown","value":"î€‡"},{"type":"pause","duration":10},{"type":"keyUp","value":"î€‡"}]}]}
COMMAND: POST /session/f85737454a4a087f20f4e06a50aa0ff9/execute/async - {"script":"<script> [1562 bytes]","args":[{"selector":{"controlType":"sap.m.Title","viewName":"etm.portal.ui.manageconditionprice.view.DailyPrices","viewId":"application-manageconditionprice-display-component---dailyPrices","i18NText":{"propertyName":"text","key":"dailyPrices"}},"wdio_ui5_key":"etmportal.ui.manageconditionprice.view.DailyPricessap.m.Title{\"propertyName\":\"text\",\"key\":\"dailyPrices\"}"}]}
COMMAND: GET /session/f85737454a4a087f20f4e06a50aa0ff9/screenshot - {}
RESULT: {}
RESULT: {"script":"<script> [1562 bytes]","args":[{"selector":{"controlType":"sap.m.Title","viewName":"etm.portal.ui.manageconditionprice.view.DailyPrices","viewId":"application-manageconditionprice-display-component---dailyPrices","i18NText":{"propertyName":"text","key":"dailyPrices"}},"wdio_ui5_key":"etmportal.ui.manageconditionprice.view.DailyPricessap.m.Title{\"propertyName\":\"text\",\"key\":\"dailyPrices\"}"}]}
RESULT: undefined
COMMAND: POST /session/f85737454a4a087f20f4e06a50aa0ff9/execute/async - {"script":"<script> [6424 bytes]","args":[{"element-6066-11e4-a52e-4f735466cecf":"f.A10590C3E91A9D0BB6CAA0C0A9556112.d.A2F6E41ED100ECD8CC12F58B432EA7AF.e.4477"},"getText",[]]}
RESULT: {}
RESULT: {"script":"<script> [6424 bytes]","args":[{"element-6066-11e4-a52e-4f735466cecf":"f.A10590C3E91A9D0BB6CAA0C0A9556112.d.A2F6E41ED100ECD8CC12F58B432EA7AF.e.4477"},"getText",[]]}
COMMAND: POST /session/f85737454a4a087f20f4e06a50aa0ff9/execute/async - {"script":"<script> [1562 bytes]","args":[{"selector":{"id":"application-manageconditionprice-display-component---dailyPrices--condBillCond","interaction":{"idSuffix":"inner"}},"wdio_ui5_key":"applicationmanageconditionprice-display-component---dailyPrices--condBillCond"}]}
RESULT: {"script":"<script> [1562 bytes]","args":[{"selector":{"id":"application-manageconditionprice-display-component---dailyPrices--condBillCond","interaction":{"idSuffix":"inner"}},"wdio_ui5_key":"applicationmanageconditionprice-display-component---dailyPrices--condBillCond"}]}
RESULT: undefined
COMMAND: POST /session/f85737454a4a087f20f4e06a50aa0ff9/execute/async - {"script":"<script> [776 bytes]","args":[{"enterText":"Residual Value %","selector":{"id":"application-manageconditionprice-display-component---dailyPrices--condBillCond","interaction":{"idSuffix":"inner"}},"clearTextFirst":true,"interactionType":"ENTER_TEXT"}]}
RESULT: {"script":"<script> [776 bytes]","args":[{"enterText":"Residual Value %","selector":{"id":"application-manageconditionprice-display-component---dailyPrices--condBillCond","interaction":{"idSuffix":"inner"}},"clearTextFirst":true,"interactionType":"ENTER_TEXT"}]}
COMMAND: POST /session/f85737454a4a087f20f4e06a50aa0ff9/execute/async - {"script":"<script> [1562 bytes]","args":[{"selector":{"controlType":"sap.m.StandardListItem","viewName":"etm.portal.ui.manageconditionprice.view.DailyPrices","viewId":"application-manageconditionprice-display-component---dailyPrices","properties":{"type":"Active"},"searchOpenDialogs":true,"interaction":{"idSuffix":"titleText"}},"wdio_ui5_key":"etmportal.ui.manageconditionprice.view.DailyPricessap.m.StandardListItem{\"type\":\"Active\"}"}]}
RESULT: {"script":"<script> [1562 bytes]","args":[{"selector":{"controlType":"sap.m.StandardListItem","viewName":"etm.portal.ui.manageconditionprice.view.DailyPrices","viewId":"application-manageconditionprice-display-component---dailyPrices","properties":{"type":"Active"},"searchOpenDialogs":true,"interaction":{"idSuffix":"titleText"}},"wdio_ui5_key":"etmportal.ui.manageconditionprice.view.DailyPricessap.m.StandardListItem{\"type\":\"Active\"}"}]}
RESULT: undefined
COMMAND: POST /session/f85737454a4a087f20f4e06a50aa0ff9/element - {"using":"xpath","value":"//*[@id=\"__item841\"]"}
RESULT: {"using":"xpath","value":"//*[@id=\"__item841\"]"}
COMMAND: POST /session/f85737454a4a087f20f4e06a50aa0ff9/element/f.A10590C3E91A9D0BB6CAA0C0A9556112.d.A2F6E41ED100ECD8CC12F58B432EA7AF.e.4481/click - {}
RESULT: {}
COMMAND: POST /session/f85737454a4a087f20f4e06a50aa0ff9/execute/async - {"script":"<script> [1562 bytes]","args":[{"selector":{"id":"application-manageconditionprice-display-component---dailyPrices--editBtn","interaction":{"idSuffix":"BDI-content"}},"wdio_ui5_key":"applicationmanageconditionprice-display-component---dailyPrices--editBtn"}]}
COMMAND: GET /session/f85737454a4a087f20f4e06a50aa0ff9/screenshot - {}
RESULT: {"script":"<script> [1562 bytes]","args":[{"selector":{"id":"application-manageconditionprice-display-component---dailyPrices--editBtn","interaction":{"idSuffix":"BDI-content"}},"wdio_ui5_key":"applicationmanageconditionprice-display-component---dailyPrices--editBtn"}]}
RESULT: undefined
COMMAND: POST /session/f85737454a4a087f20f4e06a50aa0ff9/element - {"using":"xpath","value":"//*[@id=\"application-manageconditionprice-display-component---dailyPrices--editBtn\"]"}
RESULT: {}
RESULT: {"using":"xpath","value":"//*[@id=\"application-manageconditionprice-display-component---dailyPrices--editBtn\"]"}
COMMAND: POST /session/f85737454a4a087f20f4e06a50aa0ff9/element/f.A10590C3E91A9D0BB6CAA0C0A9556112.d.A2F6E41ED100ECD8CC12F58B432EA7AF.e.4479/click - {}
RESULT: {}
COMMAND: POST /session/f85737454a4a087f20f4e06a50aa0ff9/execute/async - {"script":"<script> [1562 bytes]","args":[{"selector":{"controlType":"sap.m.Button","viewName":"etm.portal.ui.manageconditionprice.view.DailyPrices","viewId":"application-manageconditionprice-display-component---dailyPrices","i18NText":{"propertyName":"text","key":"add"},"interaction":{"idSuffix":"BDI-content"}},"wdio_ui5_key":"etmportal.ui.manageconditionprice.view.DailyPricessap.m.Button{\"propertyName\":\"text\",\"key\":\"add\"}"}]}
COMMAND: GET /session/f85737454a4a087f20f4e06a50aa0ff9/screenshot - {}
RESULT: {"script":"<script> [1562 bytes]","args":[{"selector":{"controlType":"sap.m.Button","viewName":"etm.portal.ui.manageconditionprice.view.DailyPrices","viewId":"application-manageconditionprice-display-component---dailyPrices","i18NText":{"propertyName":"text","key":"add"},"interaction":{"idSuffix":"BDI-content"}},"wdio_ui5_key":"etmportal.ui.manageconditionprice.view.DailyPricessap.m.Button{\"propertyName\":\"text\",\"key\":\"add\"}"}]}
RESULT: undefined
COMMAND: POST /session/f85737454a4a087f20f4e06a50aa0ff9/element - {"using":"xpath","value":"//*[@id=\"__button105\"]"}
RESULT: {}
RESULT: {"using":"xpath","value":"//*[@id=\"__button105\"]"}
COMMAND: POST /session/f85737454a4a087f20f4e06a50aa0ff9/element/f.A10590C3E91A9D0BB6CAA0C0A9556112.d.A2F6E41ED100ECD8CC12F58B432EA7AF.e.4489/click - {}
RESULT: {}
COMMAND: POST /session/f85737454a4a087f20f4e06a50aa0ff9/elements - {"using":"css selector","value":"table tr"}
COMMAND: GET /session/f85737454a4a087f20f4e06a50aa0ff9/screenshot - {}
RESULT: {"using":"css selector","value":"table tr"}
COMMAND: POST /session/f85737454a4a087f20f4e06a50aa0ff9/element/f.A10590C3E91A9D0BB6CAA0C0A9556112.d.A2F6E41ED100ECD8CC12F58B432EA7AF.e.4507/elements - {"using":"css selector","value":"input"}
RESULT: {}
RESULT: {"using":"css selector","value":"input"}
COMMAND: POST /session/f85737454a4a087f20f4e06a50aa0ff9/element/f.A10590C3E91A9D0BB6CAA0C0A9556112.d.A2F6E41ED100ECD8CC12F58B432EA7AF.e.4510/clear - {}
COMMAND: POST /session/f85737454a4a087f20f4e06a50aa0ff9/element/f.A10590C3E91A9D0BB6CAA0C0A9556112.d.A2F6E41ED100ECD8CC12F58B432EA7AF.e.4508/clear - {}
COMMAND: POST /session/f85737454a4a087f20f4e06a50aa0ff9/element/f.A10590C3E91A9D0BB6CAA0C0A9556112.d.A2F6E41ED100ECD8CC12F58B432EA7AF.e.4511/clear - {}
COMMAND: POST /session/f85737454a4a087f20f4e06a50aa0ff9/element/f.A10590C3E91A9D0BB6CAA0C0A9556112.d.A2F6E41ED100ECD8CC12F58B432EA7AF.e.4509/clear - {}
COMMAND: POST /session/f85737454a4a087f20f4e06a50aa0ff9/element/f.A10590C3E91A9D0BB6CAA0C0A9556112.d.A2F6E41ED100ECD8CC12F58B432EA7AF.e.4507/elements - {"using":"css selector","value":"td"}
RESULT: {}
COMMAND: POST /session/f85737454a4a087f20f4e06a50aa0ff9/element/f.A10590C3E91A9D0BB6CAA0C0A9556112.d.A2F6E41ED100ECD8CC12F58B432EA7AF.e.4510/value - {"text":"705.60"}
COMMAND: GET /session/f85737454a4a087f20f4e06a50aa0ff9/screenshot - {}
RESULT: {}
COMMAND: POST /session/f85737454a4a087f20f4e06a50aa0ff9/element/f.A10590C3E91A9D0BB6CAA0C0A9556112.d.A2F6E41ED100ECD8CC12F58B432EA7AF.e.4508/value - {"text":"05/13/25"}
COMMAND: GET /session/f85737454a4a087f20f4e06a50aa0ff9/screenshot - {}
RESULT: {}
COMMAND: POST /session/f85737454a4a087f20f4e06a50aa0ff9/element/f.A10590C3E91A9D0BB6CAA0C0A9556112.d.A2F6E41ED100ECD8CC12F58B432EA7AF.e.4511/value - {"text":"Euro"}
COMMAND: GET /session/f85737454a4a087f20f4e06a50aa0ff9/screenshot - {}
RESULT: {}
COMMAND: POST /session/f85737454a4a087f20f4e06a50aa0ff9/element/f.A10590C3E91A9D0BB6CAA0C0A9556112.d.A2F6E41ED100ECD8CC12F58B432EA7AF.e.4509/value - {"text":"10/13/25"}
COMMAND: GET /session/f85737454a4a087f20f4e06a50aa0ff9/screenshot - {}
RESULT: {"using":"css selector","value":"td"}
COMMAND: POST /session/f85737454a4a087f20f4e06a50aa0ff9/element - {"using":"xpath","value":".//li[contains(., \"2044\") and not(.//li)]"}
COMMAND: POST /session/f85737454a4a087f20f4e06a50aa0ff9/element/f.A10590C3E91A9D0BB6CAA0C0A9556112.d.A2F6E41ED100ECD8CC12F58B432EA7AF.e.4529/element - {"using":"css selector","value":"input"}
COMMAND: POST /session/f85737454a4a087f20f4e06a50aa0ff9/element/f.A10590C3E91A9D0BB6CAA0C0A9556112.d.A2F6E41ED100ECD8CC12F58B432EA7AF.e.4529/element - {"using":"css selector","value":"input"}
RESULT: {"text":"705.60"}
COMMAND: GET /session/f85737454a4a087f20f4e06a50aa0ff9/screenshot - {}
RESULT: {}
RESULT: {"text":"05/13/25"}
COMMAND: GET /session/f85737454a4a087f20f4e06a50aa0ff9/screenshot - {}
RESULT: {}
RESULT: {"text":"Euro"}
COMMAND: GET /session/f85737454a4a087f20f4e06a50aa0ff9/screenshot - {}
RESULT: {}
RESULT: {"text":"10/13/25"}
COMMAND: GET /session/f85737454a4a087f20f4e06a50aa0ff9/screenshot - {}
RESULT: {}
RESULT: {"using":"xpath","value":".//li[contains(., \"2044\") and not(.//li)]"}
RESULT: {"using":"css selector","value":"input"}
COMMAND: POST /session/f85737454a4a087f20f4e06a50aa0ff9/element/f.A10590C3E91A9D0BB6CAA0C0A9556112.d.A2F6E41ED100ECD8CC12F58B432EA7AF.e.4512/click - {}
RESULT: {"using":"css selector","value":"input"}
COMMAND: POST /session/f85737454a4a087f20f4e06a50aa0ff9/element/f.A10590C3E91A9D0BB6CAA0C0A9556112.d.A2F6E41ED100ECD8CC12F58B432EA7AF.e.4512/clear - {}
RESULT: {}
RESULT: {}
RESULT: {}
COMMAND: POST /session/f85737454a4a087f20f4e06a50aa0ff9/elements - {"using":"xpath","value":".//li[contains(., \"2044\") and not(.//li)]"}
RESULT: {}
RESULT: {}
COMMAND: GET /session/f85737454a4a087f20f4e06a50aa0ff9/screenshot - {}
RESULT: {}
COMMAND: POST /session/f85737454a4a087f20f4e06a50aa0ff9/element/f.A10590C3E91A9D0BB6CAA0C0A9556112.d.A2F6E41ED100ECD8CC12F58B432EA7AF.e.4512/value - {"text":"2044"}
COMMAND: GET /session/f85737454a4a087f20f4e06a50aa0ff9/screenshot - {}
RESULT: {"using":"xpath","value":".//li[contains(., \"2044\") and not(.//li)]"}
COMMAND: POST /session/f85737454a4a087f20f4e06a50aa0ff9/elements - {"using":"xpath","value":".//li[contains(., \"2044\") and not(.//li)]"}
RESULT: {}
RESULT: {"text":"2044"}
COMMAND: GET /session/f85737454a4a087f20f4e06a50aa0ff9/screenshot - {}
RESULT: {}
RESULT: {"using":"xpath","value":".//li[contains(., \"2044\") and not(.//li)]"}
COMMAND: POST /session/f85737454a4a087f20f4e06a50aa0ff9/element - {"using":"xpath","value":".//li[contains(., \"2044\") and not(.//li)]"}
RESULT: {}
RESULT: {"using":"xpath","value":".//li[contains(., \"2044\") and not(.//li)]"}
COMMAND: POST /session/f85737454a4a087f20f4e06a50aa0ff9/element/f.A10590C3E91A9D0BB6CAA0C0A9556112.d.A2F6E41ED100ECD8CC12F58B432EA7AF.e.4538/click - {}
RESULT: {}
COMMAND: POST /session/f85737454a4a087f20f4e06a50aa0ff9/element - {"using":"xpath","value":".//li[contains(., \"183\") and not(.//li)]"}
COMMAND: POST /session/f85737454a4a087f20f4e06a50aa0ff9/element/f.A10590C3E91A9D0BB6CAA0C0A9556112.d.A2F6E41ED100ECD8CC12F58B432EA7AF.e.4530/element - {"using":"css selector","value":"input"}
COMMAND: POST /session/f85737454a4a087f20f4e06a50aa0ff9/element/f.A10590C3E91A9D0BB6CAA0C0A9556112.d.A2F6E41ED100ECD8CC12F58B432EA7AF.e.4530/element - {"using":"css selector","value":"input"}
COMMAND: GET /session/f85737454a4a087f20f4e06a50aa0ff9/screenshot - {}
RESULT: {"using":"xpath","value":".//li[contains(., \"183\") and not(.//li)]"}
RESULT: {"using":"css selector","value":"input"}
COMMAND: POST /session/f85737454a4a087f20f4e06a50aa0ff9/element/f.A10590C3E91A9D0BB6CAA0C0A9556112.d.A2F6E41ED100ECD8CC12F58B432EA7AF.e.4513/clear - {}
RESULT: {"using":"css selector","value":"input"}
COMMAND: POST /session/f85737454a4a087f20f4e06a50aa0ff9/element/f.A10590C3E91A9D0BB6CAA0C0A9556112.d.A2F6E41ED100ECD8CC12F58B432EA7AF.e.4513/click - {}
RESULT: {}
RESULT: {}
COMMAND: POST /session/f85737454a4a087f20f4e06a50aa0ff9/element/f.A10590C3E91A9D0BB6CAA0C0A9556112.d.A2F6E41ED100ECD8CC12F58B432EA7AF.e.4513/value - {"text":"183"}
COMMAND: GET /session/f85737454a4a087f20f4e06a50aa0ff9/screenshot - {}
RESULT: {}
COMMAND: GET /session/f85737454a4a087f20f4e06a50aa0ff9/screenshot - {}
COMMAND: POST /session/f85737454a4a087f20f4e06a50aa0ff9/elements - {"using":"xpath","value":".//li[contains(., \"183\") and not(.//li)]"}
RESULT: {"text":"183"}
COMMAND: GET /session/f85737454a4a087f20f4e06a50aa0ff9/screenshot - {}
RESULT: {}
RESULT: {}
RESULT: {"using":"xpath","value":".//li[contains(., \"183\") and not(.//li)]"}
COMMAND: POST /session/f85737454a4a087f20f4e06a50aa0ff9/element - {"using":"xpath","value":".//li[contains(., \"183\") and not(.//li)]"}
RESULT: {}
RESULT: {"using":"xpath","value":".//li[contains(., \"183\") and not(.//li)]"}
COMMAND: POST /session/f85737454a4a087f20f4e06a50aa0ff9/element/f.A10590C3E91A9D0BB6CAA0C0A9556112.d.A2F6E41ED100ECD8CC12F58B432EA7AF.e.4539/click - {}
RESULT: {}
RESULT: undefined
COMMAND: POST /session/f85737454a4a087f20f4e06a50aa0ff9/element - {"using":"xpath","value":"//*[@id=\"__button105\"]"}
COMMAND: GET /session/f85737454a4a087f20f4e06a50aa0ff9/screenshot - {}
RESULT: {"using":"xpath","value":"//*[@id=\"__button105\"]"}
COMMAND: POST /session/f85737454a4a087f20f4e06a50aa0ff9/element/f.A10590C3E91A9D0BB6CAA0C0A9556112.d.A2F6E41ED100ECD8CC12F58B432EA7AF.e.4489/click - {}
RESULT: {}
RESULT: {}
COMMAND: POST /session/f85737454a4a087f20f4e06a50aa0ff9/elements - {"using":"css selector","value":"table tr"}
COMMAND: GET /session/f85737454a4a087f20f4e06a50aa0ff9/screenshot - {}
RESULT: {"using":"css selector","value":"table tr"}
COMMAND: POST /session/f85737454a4a087f20f4e06a50aa0ff9/element/f.A10590C3E91A9D0BB6CAA0C0A9556112.d.A2F6E41ED100ECD8CC12F58B432EA7AF.e.4548/elements - {"using":"css selector","value":"input"}
RESULT: {}
RESULT: {"using":"css selector","value":"input"}
COMMAND: POST /session/f85737454a4a087f20f4e06a50aa0ff9/element/f.A10590C3E91A9D0BB6CAA0C0A9556112.d.A2F6E41ED100ECD8CC12F58B432EA7AF.e.4543/clear - {}
COMMAND: POST /session/f85737454a4a087f20f4e06a50aa0ff9/element/f.A10590C3E91A9D0BB6CAA0C0A9556112.d.A2F6E41ED100ECD8CC12F58B432EA7AF.e.4541/clear - {}
COMMAND: POST /session/f85737454a4a087f20f4e06a50aa0ff9/element/f.A10590C3E91A9D0BB6CAA0C0A9556112.d.A2F6E41ED100ECD8CC12F58B432EA7AF.e.4544/clear - {}
COMMAND: POST /session/f85737454a4a087f20f4e06a50aa0ff9/element/f.A10590C3E91A9D0BB6CAA0C0A9556112.d.A2F6E41ED100ECD8CC12F58B432EA7AF.e.4542/clear - {}
COMMAND: POST /session/f85737454a4a087f20f4e06a50aa0ff9/element/f.A10590C3E91A9D0BB6CAA0C0A9556112.d.A2F6E41ED100ECD8CC12F58B432EA7AF.e.4548/elements - {"using":"css selector","value":"td"}
RESULT: {}
COMMAND: POST /session/f85737454a4a087f20f4e06a50aa0ff9/element/f.A10590C3E91A9D0BB6CAA0C0A9556112.d.A2F6E41ED100ECD8CC12F58B432EA7AF.e.4543/value - {"text":"99.5"}
COMMAND: GET /session/f85737454a4a087f20f4e06a50aa0ff9/screenshot - {}
RESULT: {}
COMMAND: POST /session/f85737454a4a087f20f4e06a50aa0ff9/element/f.A10590C3E91A9D0BB6CAA0C0A9556112.d.A2F6E41ED100ECD8CC12F58B432EA7AF.e.4541/value - {"text":"05/13/25"}
COMMAND: GET /session/f85737454a4a087f20f4e06a50aa0ff9/screenshot - {}
RESULT: {}
COMMAND: POST /session/f85737454a4a087f20f4e06a50aa0ff9/element/f.A10590C3E91A9D0BB6CAA0C0A9556112.d.A2F6E41ED100ECD8CC12F58B432EA7AF.e.4544/value - {"text":"US Dollar"}
COMMAND: GET /session/f85737454a4a087f20f4e06a50aa0ff9/screenshot - {}
RESULT: {}
COMMAND: POST /session/f85737454a4a087f20f4e06a50aa0ff9/element/f.A10590C3E91A9D0BB6CAA0C0A9556112.d.A2F6E41ED100ECD8CC12F58B432EA7AF.e.4542/value - {"text":"10/13/25"}
COMMAND: GET /session/f85737454a4a087f20f4e06a50aa0ff9/screenshot - {}
RESULT: {"using":"css selector","value":"td"}
COMMAND: POST /session/f85737454a4a087f20f4e06a50aa0ff9/element - {"using":"xpath","value":"(//li[div//span[contains(text(), '2044')]])[2]"}
COMMAND: POST /session/f85737454a4a087f20f4e06a50aa0ff9/element/f.A10590C3E91A9D0BB6CAA0C0A9556112.d.A2F6E41ED100ECD8CC12F58B432EA7AF.e.4563/element - {"using":"css selector","value":"input"}
COMMAND: POST /session/f85737454a4a087f20f4e06a50aa0ff9/element/f.A10590C3E91A9D0BB6CAA0C0A9556112.d.A2F6E41ED100ECD8CC12F58B432EA7AF.e.4563/element - {"using":"css selector","value":"input"}
RESULT: {"text":"99.5"}
COMMAND: GET /session/f85737454a4a087f20f4e06a50aa0ff9/screenshot - {}
RESULT: {}
RESULT: {"text":"05/13/25"}
COMMAND: GET /session/f85737454a4a087f20f4e06a50aa0ff9/screenshot - {}
RESULT: {}
RESULT: {"text":"US Dollar"}
COMMAND: GET /session/f85737454a4a087f20f4e06a50aa0ff9/screenshot - {}
RESULT: {}
RESULT: {"text":"10/13/25"}
COMMAND: GET /session/f85737454a4a087f20f4e06a50aa0ff9/screenshot - {}
RESULT: {}
RESULT: {"using":"css selector","value":"input"}
COMMAND: POST /session/f85737454a4a087f20f4e06a50aa0ff9/element/f.A10590C3E91A9D0BB6CAA0C0A9556112.d.A2F6E41ED100ECD8CC12F58B432EA7AF.e.4545/clear - {}
RESULT: {"using":"css selector","value":"input"}
COMMAND: POST /session/f85737454a4a087f20f4e06a50aa0ff9/element/f.A10590C3E91A9D0BB6CAA0C0A9556112.d.A2F6E41ED100ECD8CC12F58B432EA7AF.e.4545/click - {}
RESULT: {"using":"xpath","value":"(//li[div//span[contains(text(), '2044')]])[2]"}
RESULT: {}
RESULT: {}
RESULT: {}
RESULT: {}
RESULT: {}
COMMAND: POST /session/f85737454a4a087f20f4e06a50aa0ff9/element/f.A10590C3E91A9D0BB6CAA0C0A9556112.d.A2F6E41ED100ECD8CC12F58B432EA7AF.e.4545/value - {"text":"2044"}
COMMAND: GET /session/f85737454a4a087f20f4e06a50aa0ff9/screenshot - {}
RESULT: {}
COMMAND: GET /session/f85737454a4a087f20f4e06a50aa0ff9/screenshot - {}
COMMAND: POST /session/f85737454a4a087f20f4e06a50aa0ff9/elements - {"using":"xpath","value":"(//li[div//span[contains(text(), '2044')]])[2]"}
RESULT: {"text":"2044"}
COMMAND: GET /session/f85737454a4a087f20f4e06a50aa0ff9/screenshot - {}
RESULT: {}
RESULT: {}
RESULT: {"using":"xpath","value":"(//li[div//span[contains(text(), '2044')]])[2]"}
COMMAND: POST /session/f85737454a4a087f20f4e06a50aa0ff9/element - {"using":"xpath","value":"(//li[div//span[contains(text(), '2044')]])[2]"}
RESULT: {}
RESULT: {"using":"xpath","value":"(//li[div//span[contains(text(), '2044')]])[2]"}
COMMAND: POST /session/f85737454a4a087f20f4e06a50aa0ff9/element/f.A10590C3E91A9D0BB6CAA0C0A9556112.d.A2F6E41ED100ECD8CC12F58B432EA7AF.e.4570/click - {}
RESULT: {}
COMMAND: POST /session/f85737454a4a087f20f4e06a50aa0ff9/execute/async - {"script":"<script> [1562 bytes]","args":[{"selector":{"controlType":"sap.m.Button","viewName":"etm.portal.ui.manageconditionprice.view.DailyPrices","viewId":"application-manageconditionprice-display-component---dailyPrices","i18NText":{"propertyName":"tooltip","key":"save"},"interaction":{"idSuffix":"BDI-content"}},"wdio_ui5_key":"etmportal.ui.manageconditionprice.view.DailyPricessap.m.Button{\"propertyName\":\"tooltip\",\"key\":\"save\"}"}]}
COMMAND: GET /session/f85737454a4a087f20f4e06a50aa0ff9/screenshot - {}
RESULT: {"script":"<script> [1562 bytes]","args":[{"selector":{"controlType":"sap.m.Button","viewName":"etm.portal.ui.manageconditionprice.view.DailyPrices","viewId":"application-manageconditionprice-display-component---dailyPrices","i18NText":{"propertyName":"tooltip","key":"save"},"interaction":{"idSuffix":"BDI-content"}},"wdio_ui5_key":"etmportal.ui.manageconditionprice.view.DailyPricessap.m.Button{\"propertyName\":\"tooltip\",\"key\":\"save\"}"}]}
RESULT: undefined
COMMAND: POST /session/f85737454a4a087f20f4e06a50aa0ff9/element - {"using":"xpath","value":"//*[@id=\"__button107\"]"}
RESULT: {}
RESULT: {"using":"xpath","value":"//*[@id=\"__button107\"]"}
COMMAND: POST /session/f85737454a4a087f20f4e06a50aa0ff9/element/f.A10590C3E91A9D0BB6CAA0C0A9556112.d.A2F6E41ED100ECD8CC12F58B432EA7AF.e.4483/click - {}
RESULT: {}
COMMAND: GET /session/f85737454a4a087f20f4e06a50aa0ff9/screenshot - {}
RESULT: {}
]]></system-out>
    </testcase>
    <testcase classname="chrome.136_0_7103_49.windows.Edit_and_delete_daily_price_US134629_US134627" name="Should check whether the 2 rows have been added then edit one of the rows s currency and value and save and check the edited values" time="11.778">
      <system-out><![CDATA[
COMMAND: POST /session/f85737454a4a087f20f4e06a50aa0ff9/elements - {"using":"css selector","value":"table tr"}
RESULT: {"using":"css selector","value":"table tr"}
COMMAND: POST /session/f85737454a4a087f20f4e06a50aa0ff9/element/f.A10590C3E91A9D0BB6CAA0C0A9556112.d.A2F6E41ED100ECD8CC12F58B432EA7AF.e.4548/elements - {"using":"css selector","value":"td"}
RESULT: {"using":"css selector","value":"td"}
COMMAND: POST /session/f85737454a4a087f20f4e06a50aa0ff9/element/f.A10590C3E91A9D0BB6CAA0C0A9556112.d.A2F6E41ED100ECD8CC12F58B432EA7AF.e.4507/elements - {"using":"css selector","value":"td"}
RESULT: {"using":"css selector","value":"td"}
COMMAND: POST /session/f85737454a4a087f20f4e06a50aa0ff9/element/f.A10590C3E91A9D0BB6CAA0C0A9556112.d.A2F6E41ED100ECD8CC12F58B432EA7AF.e.4573/element - {"using":"css selector","value":".sapMObjectNumberText"}
RESULT: {"using":"css selector","value":".sapMObjectNumberText"}
COMMAND: GET /session/f85737454a4a087f20f4e06a50aa0ff9/element/f.A10590C3E91A9D0BB6CAA0C0A9556112.d.A2F6E41ED100ECD8CC12F58B432EA7AF.e.4575/text - {}
RESULT: {}
COMMAND: POST /session/f85737454a4a087f20f4e06a50aa0ff9/element/f.A10590C3E91A9D0BB6CAA0C0A9556112.d.A2F6E41ED100ECD8CC12F58B432EA7AF.e.4574/element - {"using":"css selector","value":".sapMObjectNumberText"}
RESULT: {"using":"css selector","value":".sapMObjectNumberText"}
COMMAND: GET /session/f85737454a4a087f20f4e06a50aa0ff9/element/f.A10590C3E91A9D0BB6CAA0C0A9556112.d.A2F6E41ED100ECD8CC12F58B432EA7AF.e.4576/text - {}
RESULT: {}
RESULT: undefined
COMMAND: POST /session/f85737454a4a087f20f4e06a50aa0ff9/element - {"using":"xpath","value":"//*[@id=\"application-manageconditionprice-display-component---dailyPrices--editBtn\"]"}
RESULT: {"using":"xpath","value":"//*[@id=\"application-manageconditionprice-display-component---dailyPrices--editBtn\"]"}
COMMAND: POST /session/f85737454a4a087f20f4e06a50aa0ff9/element/f.A10590C3E91A9D0BB6CAA0C0A9556112.d.A2F6E41ED100ECD8CC12F58B432EA7AF.e.4572/click - {}
RESULT: {}
COMMAND: POST /session/f85737454a4a087f20f4e06a50aa0ff9/elements - {"using":"css selector","value":"table tr"}
COMMAND: GET /session/f85737454a4a087f20f4e06a50aa0ff9/screenshot - {}
RESULT: {"using":"css selector","value":"table tr"}
COMMAND: POST /session/f85737454a4a087f20f4e06a50aa0ff9/element/f.A10590C3E91A9D0BB6CAA0C0A9556112.d.A2F6E41ED100ECD8CC12F58B432EA7AF.e.4548/elements - {"using":"css selector","value":"input"}
RESULT: {}
RESULT: {"using":"css selector","value":"input"}
COMMAND: POST /session/f85737454a4a087f20f4e06a50aa0ff9/element/f.A10590C3E91A9D0BB6CAA0C0A9556112.d.A2F6E41ED100ECD8CC12F58B432EA7AF.e.4591/clear - {}
COMMAND: POST /session/f85737454a4a087f20f4e06a50aa0ff9/element/f.A10590C3E91A9D0BB6CAA0C0A9556112.d.A2F6E41ED100ECD8CC12F58B432EA7AF.e.4592/clear - {}
RESULT: {}
COMMAND: POST /session/f85737454a4a087f20f4e06a50aa0ff9/element/f.A10590C3E91A9D0BB6CAA0C0A9556112.d.A2F6E41ED100ECD8CC12F58B432EA7AF.e.4592/value - {"text":"US Dollar"}
COMMAND: GET /session/f85737454a4a087f20f4e06a50aa0ff9/screenshot - {}
RESULT: {}
COMMAND: POST /session/f85737454a4a087f20f4e06a50aa0ff9/element/f.A10590C3E91A9D0BB6CAA0C0A9556112.d.A2F6E41ED100ECD8CC12F58B432EA7AF.e.4591/value - {"text":"566.1"}
COMMAND: GET /session/f85737454a4a087f20f4e06a50aa0ff9/screenshot - {}
RESULT: {"text":"US Dollar"}
COMMAND: GET /session/f85737454a4a087f20f4e06a50aa0ff9/screenshot - {}
RESULT: {}
RESULT: undefined
COMMAND: POST /session/f85737454a4a087f20f4e06a50aa0ff9/element - {"using":"xpath","value":"//*[@id=\"__button107\"]"}
RESULT: {"text":"566.1"}
COMMAND: GET /session/f85737454a4a087f20f4e06a50aa0ff9/screenshot - {}
RESULT: {}
RESULT: {}
RESULT: {"using":"xpath","value":"//*[@id=\"__button107\"]"}
COMMAND: POST /session/f85737454a4a087f20f4e06a50aa0ff9/element/f.A10590C3E91A9D0BB6CAA0C0A9556112.d.A2F6E41ED100ECD8CC12F58B432EA7AF.e.4577/click - {}
RESULT: {}
RESULT: {}
COMMAND: GET /session/f85737454a4a087f20f4e06a50aa0ff9/screenshot - {}
RESULT: {}
COMMAND: POST /session/f85737454a4a087f20f4e06a50aa0ff9/elements - {"using":"css selector","value":"table tr"}
RESULT: {"using":"css selector","value":"table tr"}
COMMAND: POST /session/f85737454a4a087f20f4e06a50aa0ff9/element/f.A10590C3E91A9D0BB6CAA0C0A9556112.d.A2F6E41ED100ECD8CC12F58B432EA7AF.e.4548/elements - {"using":"css selector","value":"td"}
RESULT: {"using":"css selector","value":"td"}
COMMAND: POST /session/f85737454a4a087f20f4e06a50aa0ff9/element/f.A10590C3E91A9D0BB6CAA0C0A9556112.d.A2F6E41ED100ECD8CC12F58B432EA7AF.e.4596/element - {"using":"css selector","value":".sapMObjectNumberText"}
RESULT: {"using":"css selector","value":".sapMObjectNumberText"}
COMMAND: GET /session/f85737454a4a087f20f4e06a50aa0ff9/element/f.A10590C3E91A9D0BB6CAA0C0A9556112.d.A2F6E41ED100ECD8CC12F58B432EA7AF.e.4598/text - {}
RESULT: {}
]]></system-out>
    </testcase>
    <testcase classname="chrome.136_0_7103_49.windows.Edit_and_delete_daily_price_US134629_US134627" name="Should go into edit and delete all the rows that match the yard we have created for this scenario check if all rows deleted" time="17.332">
      <system-out><![CDATA[
RESULT: undefined
COMMAND: POST /session/f85737454a4a087f20f4e06a50aa0ff9/element - {"using":"xpath","value":"//*[@id=\"application-manageconditionprice-display-component---dailyPrices--editBtn\"]"}
RESULT: {"using":"xpath","value":"//*[@id=\"application-manageconditionprice-display-component---dailyPrices--editBtn\"]"}
COMMAND: POST /session/f85737454a4a087f20f4e06a50aa0ff9/element/f.A10590C3E91A9D0BB6CAA0C0A9556112.d.A2F6E41ED100ECD8CC12F58B432EA7AF.e.4595/click - {}
RESULT: {}
COMMAND: GET /session/f85737454a4a087f20f4e06a50aa0ff9/screenshot - {}
RESULT: {}
COMMAND: POST /session/f85737454a4a087f20f4e06a50aa0ff9/elements - {"using":"css selector","value":"table tr"}
RESULT: {"using":"css selector","value":"table tr"}
COMMAND: POST /session/f85737454a4a087f20f4e06a50aa0ff9/element/f.A10590C3E91A9D0BB6CAA0C0A9556112.d.A2F6E41ED100ECD8CC12F58B432EA7AF.e.4491/elements - {"using":"css selector","value":"td"}
RESULT: {"using":"css selector","value":"td"}
COMMAND: POST /session/f85737454a4a087f20f4e06a50aa0ff9/element/f.A10590C3E91A9D0BB6CAA0C0A9556112.d.A2F6E41ED100ECD8CC12F58B432EA7AF.e.4492/elements - {"using":"css selector","value":"td"}
RESULT: {"using":"css selector","value":"td"}
COMMAND: POST /session/f85737454a4a087f20f4e06a50aa0ff9/element/f.A10590C3E91A9D0BB6CAA0C0A9556112.d.A2F6E41ED100ECD8CC12F58B432EA7AF.e.4493/elements - {"using":"css selector","value":"td"}
RESULT: {"using":"css selector","value":"td"}
COMMAND: POST /session/f85737454a4a087f20f4e06a50aa0ff9/element/f.A10590C3E91A9D0BB6CAA0C0A9556112.d.A2F6E41ED100ECD8CC12F58B432EA7AF.e.4417/elements - {"using":"css selector","value":"td"}
RESULT: {"using":"css selector","value":"td"}
COMMAND: POST /session/f85737454a4a087f20f4e06a50aa0ff9/element/f.A10590C3E91A9D0BB6CAA0C0A9556112.d.A2F6E41ED100ECD8CC12F58B432EA7AF.e.4418/elements - {"using":"css selector","value":"td"}
RESULT: {"using":"css selector","value":"td"}
COMMAND: POST /session/f85737454a4a087f20f4e06a50aa0ff9/element/f.A10590C3E91A9D0BB6CAA0C0A9556112.d.A2F6E41ED100ECD8CC12F58B432EA7AF.e.4424/elements - {"using":"css selector","value":"td"}
RESULT: {"using":"css selector","value":"td"}
COMMAND: POST /session/f85737454a4a087f20f4e06a50aa0ff9/element/f.A10590C3E91A9D0BB6CAA0C0A9556112.d.A2F6E41ED100ECD8CC12F58B432EA7AF.e.4425/elements - {"using":"css selector","value":"td"}
RESULT: {"using":"css selector","value":"td"}
COMMAND: POST /session/f85737454a4a087f20f4e06a50aa0ff9/element/f.A10590C3E91A9D0BB6CAA0C0A9556112.d.A2F6E41ED100ECD8CC12F58B432EA7AF.e.4431/elements - {"using":"css selector","value":"td"}
RESULT: {"using":"css selector","value":"td"}
COMMAND: POST /session/f85737454a4a087f20f4e06a50aa0ff9/element/f.A10590C3E91A9D0BB6CAA0C0A9556112.d.A2F6E41ED100ECD8CC12F58B432EA7AF.e.4432/elements - {"using":"css selector","value":"td"}
RESULT: {"using":"css selector","value":"td"}
COMMAND: POST /session/f85737454a4a087f20f4e06a50aa0ff9/element/f.A10590C3E91A9D0BB6CAA0C0A9556112.d.A2F6E41ED100ECD8CC12F58B432EA7AF.e.4435/elements - {"using":"css selector","value":"td"}
RESULT: {"using":"css selector","value":"td"}
COMMAND: POST /session/f85737454a4a087f20f4e06a50aa0ff9/element/f.A10590C3E91A9D0BB6CAA0C0A9556112.d.A2F6E41ED100ECD8CC12F58B432EA7AF.e.4494/elements - {"using":"css selector","value":"td"}
RESULT: {"using":"css selector","value":"td"}
COMMAND: POST /session/f85737454a4a087f20f4e06a50aa0ff9/element/f.A10590C3E91A9D0BB6CAA0C0A9556112.d.A2F6E41ED100ECD8CC12F58B432EA7AF.e.4495/elements - {"using":"css selector","value":"td"}
RESULT: {"using":"css selector","value":"td"}
COMMAND: POST /session/f85737454a4a087f20f4e06a50aa0ff9/element/f.A10590C3E91A9D0BB6CAA0C0A9556112.d.A2F6E41ED100ECD8CC12F58B432EA7AF.e.4496/elements - {"using":"css selector","value":"td"}
RESULT: {"using":"css selector","value":"td"}
COMMAND: POST /session/f85737454a4a087f20f4e06a50aa0ff9/element/f.A10590C3E91A9D0BB6CAA0C0A9556112.d.A2F6E41ED100ECD8CC12F58B432EA7AF.e.4497/elements - {"using":"css selector","value":"td"}
RESULT: {"using":"css selector","value":"td"}
COMMAND: POST /session/f85737454a4a087f20f4e06a50aa0ff9/element/f.A10590C3E91A9D0BB6CAA0C0A9556112.d.A2F6E41ED100ECD8CC12F58B432EA7AF.e.4498/elements - {"using":"css selector","value":"td"}
RESULT: {"using":"css selector","value":"td"}
COMMAND: POST /session/f85737454a4a087f20f4e06a50aa0ff9/element/f.A10590C3E91A9D0BB6CAA0C0A9556112.d.A2F6E41ED100ECD8CC12F58B432EA7AF.e.4499/elements - {"using":"css selector","value":"td"}
RESULT: {"using":"css selector","value":"td"}
COMMAND: POST /session/f85737454a4a087f20f4e06a50aa0ff9/element/f.A10590C3E91A9D0BB6CAA0C0A9556112.d.A2F6E41ED100ECD8CC12F58B432EA7AF.e.4500/elements - {"using":"css selector","value":"td"}
RESULT: {"using":"css selector","value":"td"}
COMMAND: POST /session/f85737454a4a087f20f4e06a50aa0ff9/element/f.A10590C3E91A9D0BB6CAA0C0A9556112.d.A2F6E41ED100ECD8CC12F58B432EA7AF.e.4501/elements - {"using":"css selector","value":"td"}
RESULT: {"using":"css selector","value":"td"}
COMMAND: POST /session/f85737454a4a087f20f4e06a50aa0ff9/element/f.A10590C3E91A9D0BB6CAA0C0A9556112.d.A2F6E41ED100ECD8CC12F58B432EA7AF.e.4502/elements - {"using":"css selector","value":"td"}
RESULT: {"using":"css selector","value":"td"}
COMMAND: POST /session/f85737454a4a087f20f4e06a50aa0ff9/element/f.A10590C3E91A9D0BB6CAA0C0A9556112.d.A2F6E41ED100ECD8CC12F58B432EA7AF.e.4503/elements - {"using":"css selector","value":"td"}
RESULT: {"using":"css selector","value":"td"}
COMMAND: POST /session/f85737454a4a087f20f4e06a50aa0ff9/element/f.A10590C3E91A9D0BB6CAA0C0A9556112.d.A2F6E41ED100ECD8CC12F58B432EA7AF.e.4504/elements - {"using":"css selector","value":"td"}
RESULT: {"using":"css selector","value":"td"}
COMMAND: POST /session/f85737454a4a087f20f4e06a50aa0ff9/element/f.A10590C3E91A9D0BB6CAA0C0A9556112.d.A2F6E41ED100ECD8CC12F58B432EA7AF.e.4505/elements - {"using":"css selector","value":"td"}
RESULT: {"using":"css selector","value":"td"}
COMMAND: POST /session/f85737454a4a087f20f4e06a50aa0ff9/element/f.A10590C3E91A9D0BB6CAA0C0A9556112.d.A2F6E41ED100ECD8CC12F58B432EA7AF.e.4506/elements - {"using":"css selector","value":"td"}
RESULT: {"using":"css selector","value":"td"}
COMMAND: POST /session/f85737454a4a087f20f4e06a50aa0ff9/element/f.A10590C3E91A9D0BB6CAA0C0A9556112.d.A2F6E41ED100ECD8CC12F58B432EA7AF.e.4507/elements - {"using":"css selector","value":"td"}
RESULT: {"using":"css selector","value":"td"}
COMMAND: POST /session/f85737454a4a087f20f4e06a50aa0ff9/element/f.A10590C3E91A9D0BB6CAA0C0A9556112.d.A2F6E41ED100ECD8CC12F58B432EA7AF.e.4529/element - {"using":"css selector","value":"input"}
RESULT: {"using":"css selector","value":"input"}
COMMAND: GET /session/f85737454a4a087f20f4e06a50aa0ff9/element/f.A10590C3E91A9D0BB6CAA0C0A9556112.d.A2F6E41ED100ECD8CC12F58B432EA7AF.e.4512/property/value - {}
RESULT: {}
COMMAND: POST /session/f85737454a4a087f20f4e06a50aa0ff9/element/f.A10590C3E91A9D0BB6CAA0C0A9556112.d.A2F6E41ED100ECD8CC12F58B432EA7AF.e.4507/element - {"using":"css selector","value":".sapMCbBg"}
COMMAND: GET /session/f85737454a4a087f20f4e06a50aa0ff9/screenshot - {}
RESULT: {"using":"css selector","value":".sapMCbBg"}
COMMAND: GET /session/f85737454a4a087f20f4e06a50aa0ff9/element/f.A10590C3E91A9D0BB6CAA0C0A9556112.d.A2F6E41ED100ECD8CC12F58B432EA7AF.e.4684/selected - {}
RESULT: {}
RESULT: {}
COMMAND: POST /session/f85737454a4a087f20f4e06a50aa0ff9/element/f.A10590C3E91A9D0BB6CAA0C0A9556112.d.A2F6E41ED100ECD8CC12F58B432EA7AF.e.4684/click - {}
COMMAND: GET /session/f85737454a4a087f20f4e06a50aa0ff9/screenshot - {}
RESULT: {}
COMMAND: POST /session/f85737454a4a087f20f4e06a50aa0ff9/element/f.A10590C3E91A9D0BB6CAA0C0A9556112.d.A2F6E41ED100ECD8CC12F58B432EA7AF.e.4548/elements - {"using":"css selector","value":"td"}
COMMAND: GET /session/f85737454a4a087f20f4e06a50aa0ff9/screenshot - {}
RESULT: {}
RESULT: {"using":"css selector","value":"td"}
COMMAND: POST /session/f85737454a4a087f20f4e06a50aa0ff9/element/f.A10590C3E91A9D0BB6CAA0C0A9556112.d.A2F6E41ED100ECD8CC12F58B432EA7AF.e.4563/element - {"using":"css selector","value":"input"}
RESULT: {}
RESULT: {"using":"css selector","value":"input"}
COMMAND: GET /session/f85737454a4a087f20f4e06a50aa0ff9/element/f.A10590C3E91A9D0BB6CAA0C0A9556112.d.A2F6E41ED100ECD8CC12F58B432EA7AF.e.4545/property/value - {}
RESULT: {}
COMMAND: POST /session/f85737454a4a087f20f4e06a50aa0ff9/element/f.A10590C3E91A9D0BB6CAA0C0A9556112.d.A2F6E41ED100ECD8CC12F58B432EA7AF.e.4548/element - {"using":"css selector","value":".sapMCbBg"}
COMMAND: GET /session/f85737454a4a087f20f4e06a50aa0ff9/screenshot - {}
RESULT: {"using":"css selector","value":".sapMCbBg"}
COMMAND: GET /session/f85737454a4a087f20f4e06a50aa0ff9/element/f.A10590C3E91A9D0BB6CAA0C0A9556112.d.A2F6E41ED100ECD8CC12F58B432EA7AF.e.4688/selected - {}
RESULT: {}
RESULT: {}
COMMAND: POST /session/f85737454a4a087f20f4e06a50aa0ff9/element/f.A10590C3E91A9D0BB6CAA0C0A9556112.d.A2F6E41ED100ECD8CC12F58B432EA7AF.e.4688/click - {}
COMMAND: GET /session/f85737454a4a087f20f4e06a50aa0ff9/screenshot - {}
RESULT: {}
COMMAND: GET /session/f85737454a4a087f20f4e06a50aa0ff9/screenshot - {}
RESULT: {}
RESULT: {}
COMMAND: POST /session/f85737454a4a087f20f4e06a50aa0ff9/execute/async - {"script":"<script> [1562 bytes]","args":[{"selector":{"id":"application-manageconditionprice-display-component---dailyPrices--deleteBtn","interaction":{"idSuffix":"content"}},"wdio_ui5_key":"applicationmanageconditionprice-display-component---dailyPrices--deleteBtn"}]}
RESULT: {"script":"<script> [1562 bytes]","args":[{"selector":{"id":"application-manageconditionprice-display-component---dailyPrices--deleteBtn","interaction":{"idSuffix":"content"}},"wdio_ui5_key":"applicationmanageconditionprice-display-component---dailyPrices--deleteBtn"}]}
RESULT: undefined
COMMAND: POST /session/f85737454a4a087f20f4e06a50aa0ff9/element - {"using":"xpath","value":"//*[@id=\"application-manageconditionprice-display-component---dailyPrices--deleteBtn\"]"}
RESULT: {"using":"xpath","value":"//*[@id=\"application-manageconditionprice-display-component---dailyPrices--deleteBtn\"]"}
COMMAND: POST /session/f85737454a4a087f20f4e06a50aa0ff9/element/f.A10590C3E91A9D0BB6CAA0C0A9556112.d.A2F6E41ED100ECD8CC12F58B432EA7AF.e.4690/click - {}
RESULT: {}
COMMAND: POST /session/f85737454a4a087f20f4e06a50aa0ff9/execute/async - {"script":"<script> [1562 bytes]","args":[{"selector":{"controlType":"sap.m.Button","properties":{"text":"OK"},"searchOpenDialogs":true,"interaction":{"idSuffix":"BDI-content"}},"wdio_ui5_key":"sapm.Button{\"text\":\"OK\"}"}]}
COMMAND: GET /session/f85737454a4a087f20f4e06a50aa0ff9/screenshot - {}
RESULT: {"script":"<script> [1562 bytes]","args":[{"selector":{"controlType":"sap.m.Button","properties":{"text":"OK"},"searchOpenDialogs":true,"interaction":{"idSuffix":"BDI-content"}},"wdio_ui5_key":"sapm.Button{\"text\":\"OK\"}"}]}
RESULT: undefined
COMMAND: POST /session/f85737454a4a087f20f4e06a50aa0ff9/element - {"using":"xpath","value":"//*[@id=\"__mbox-btn-0\"]"}
RESULT: {}
RESULT: {"using":"xpath","value":"//*[@id=\"__mbox-btn-0\"]"}
COMMAND: POST /session/f85737454a4a087f20f4e06a50aa0ff9/element/f.A10590C3E91A9D0BB6CAA0C0A9556112.d.A2F6E41ED100ECD8CC12F58B432EA7AF.e.4691/click - {}
RESULT: {}
COMMAND: GET /session/f85737454a4a087f20f4e06a50aa0ff9/screenshot - {}
RESULT: {}
RESULT: undefined
COMMAND: POST /session/f85737454a4a087f20f4e06a50aa0ff9/element - {"using":"xpath","value":"//*[@id=\"__button107\"]"}
RESULT: {"using":"xpath","value":"//*[@id=\"__button107\"]"}
COMMAND: POST /session/f85737454a4a087f20f4e06a50aa0ff9/element/f.A10590C3E91A9D0BB6CAA0C0A9556112.d.A2F6E41ED100ECD8CC12F58B432EA7AF.e.4599/click - {}
RESULT: {}
COMMAND: GET /session/f85737454a4a087f20f4e06a50aa0ff9/screenshot - {}
RESULT: {}
COMMAND: POST /session/f85737454a4a087f20f4e06a50aa0ff9/elements - {"using":"css selector","value":"table tr"}
RESULT: {"using":"css selector","value":"table tr"}
COMMAND: POST /session/f85737454a4a087f20f4e06a50aa0ff9/element/f.A10590C3E91A9D0BB6CAA0C0A9556112.d.A2F6E41ED100ECD8CC12F58B432EA7AF.e.4491/elements - {"using":"css selector","value":"td"}
RESULT: {"using":"css selector","value":"td"}
COMMAND: POST /session/f85737454a4a087f20f4e06a50aa0ff9/element/f.A10590C3E91A9D0BB6CAA0C0A9556112.d.A2F6E41ED100ECD8CC12F58B432EA7AF.e.4492/elements - {"using":"css selector","value":"td"}
RESULT: {"using":"css selector","value":"td"}
COMMAND: POST /session/f85737454a4a087f20f4e06a50aa0ff9/element/f.A10590C3E91A9D0BB6CAA0C0A9556112.d.A2F6E41ED100ECD8CC12F58B432EA7AF.e.4493/elements - {"using":"css selector","value":"td"}
RESULT: {"using":"css selector","value":"td"}
COMMAND: POST /session/f85737454a4a087f20f4e06a50aa0ff9/element/f.A10590C3E91A9D0BB6CAA0C0A9556112.d.A2F6E41ED100ECD8CC12F58B432EA7AF.e.4417/elements - {"using":"css selector","value":"td"}
RESULT: {"using":"css selector","value":"td"}
COMMAND: POST /session/f85737454a4a087f20f4e06a50aa0ff9/element/f.A10590C3E91A9D0BB6CAA0C0A9556112.d.A2F6E41ED100ECD8CC12F58B432EA7AF.e.4418/elements - {"using":"css selector","value":"td"}
RESULT: {"using":"css selector","value":"td"}
COMMAND: POST /session/f85737454a4a087f20f4e06a50aa0ff9/element/f.A10590C3E91A9D0BB6CAA0C0A9556112.d.A2F6E41ED100ECD8CC12F58B432EA7AF.e.4424/elements - {"using":"css selector","value":"td"}
RESULT: {"using":"css selector","value":"td"}
COMMAND: POST /session/f85737454a4a087f20f4e06a50aa0ff9/element/f.A10590C3E91A9D0BB6CAA0C0A9556112.d.A2F6E41ED100ECD8CC12F58B432EA7AF.e.4425/elements - {"using":"css selector","value":"td"}
RESULT: {"using":"css selector","value":"td"}
COMMAND: POST /session/f85737454a4a087f20f4e06a50aa0ff9/element/f.A10590C3E91A9D0BB6CAA0C0A9556112.d.A2F6E41ED100ECD8CC12F58B432EA7AF.e.4431/elements - {"using":"css selector","value":"td"}
RESULT: {"using":"css selector","value":"td"}
COMMAND: POST /session/f85737454a4a087f20f4e06a50aa0ff9/element/f.A10590C3E91A9D0BB6CAA0C0A9556112.d.A2F6E41ED100ECD8CC12F58B432EA7AF.e.4432/elements - {"using":"css selector","value":"td"}
RESULT: {"using":"css selector","value":"td"}
COMMAND: POST /session/f85737454a4a087f20f4e06a50aa0ff9/element/f.A10590C3E91A9D0BB6CAA0C0A9556112.d.A2F6E41ED100ECD8CC12F58B432EA7AF.e.4435/elements - {"using":"css selector","value":"td"}
RESULT: {"using":"css selector","value":"td"}
COMMAND: POST /session/f85737454a4a087f20f4e06a50aa0ff9/element/f.A10590C3E91A9D0BB6CAA0C0A9556112.d.A2F6E41ED100ECD8CC12F58B432EA7AF.e.4494/elements - {"using":"css selector","value":"td"}
RESULT: {"using":"css selector","value":"td"}
COMMAND: POST /session/f85737454a4a087f20f4e06a50aa0ff9/element/f.A10590C3E91A9D0BB6CAA0C0A9556112.d.A2F6E41ED100ECD8CC12F58B432EA7AF.e.4495/elements - {"using":"css selector","value":"td"}
RESULT: {"using":"css selector","value":"td"}
COMMAND: POST /session/f85737454a4a087f20f4e06a50aa0ff9/element/f.A10590C3E91A9D0BB6CAA0C0A9556112.d.A2F6E41ED100ECD8CC12F58B432EA7AF.e.4496/elements - {"using":"css selector","value":"td"}
RESULT: {"using":"css selector","value":"td"}
COMMAND: POST /session/f85737454a4a087f20f4e06a50aa0ff9/element/f.A10590C3E91A9D0BB6CAA0C0A9556112.d.A2F6E41ED100ECD8CC12F58B432EA7AF.e.4497/elements - {"using":"css selector","value":"td"}
RESULT: {"using":"css selector","value":"td"}
COMMAND: POST /session/f85737454a4a087f20f4e06a50aa0ff9/element/f.A10590C3E91A9D0BB6CAA0C0A9556112.d.A2F6E41ED100ECD8CC12F58B432EA7AF.e.4498/elements - {"using":"css selector","value":"td"}
RESULT: {"using":"css selector","value":"td"}
COMMAND: POST /session/f85737454a4a087f20f4e06a50aa0ff9/element/f.A10590C3E91A9D0BB6CAA0C0A9556112.d.A2F6E41ED100ECD8CC12F58B432EA7AF.e.4499/elements - {"using":"css selector","value":"td"}
RESULT: {"using":"css selector","value":"td"}
COMMAND: POST /session/f85737454a4a087f20f4e06a50aa0ff9/element/f.A10590C3E91A9D0BB6CAA0C0A9556112.d.A2F6E41ED100ECD8CC12F58B432EA7AF.e.4500/elements - {"using":"css selector","value":"td"}
RESULT: {"using":"css selector","value":"td"}
COMMAND: POST /session/f85737454a4a087f20f4e06a50aa0ff9/element/f.A10590C3E91A9D0BB6CAA0C0A9556112.d.A2F6E41ED100ECD8CC12F58B432EA7AF.e.4501/elements - {"using":"css selector","value":"td"}
RESULT: {"using":"css selector","value":"td"}
COMMAND: POST /session/f85737454a4a087f20f4e06a50aa0ff9/element/f.A10590C3E91A9D0BB6CAA0C0A9556112.d.A2F6E41ED100ECD8CC12F58B432EA7AF.e.4502/elements - {"using":"css selector","value":"td"}
RESULT: {"using":"css selector","value":"td"}
COMMAND: POST /session/f85737454a4a087f20f4e06a50aa0ff9/element/f.A10590C3E91A9D0BB6CAA0C0A9556112.d.A2F6E41ED100ECD8CC12F58B432EA7AF.e.4503/elements - {"using":"css selector","value":"td"}
RESULT: {"using":"css selector","value":"td"}
COMMAND: POST /session/f85737454a4a087f20f4e06a50aa0ff9/element/f.A10590C3E91A9D0BB6CAA0C0A9556112.d.A2F6E41ED100ECD8CC12F58B432EA7AF.e.4504/elements - {"using":"css selector","value":"td"}
RESULT: {"using":"css selector","value":"td"}
COMMAND: POST /session/f85737454a4a087f20f4e06a50aa0ff9/element/f.A10590C3E91A9D0BB6CAA0C0A9556112.d.A2F6E41ED100ECD8CC12F58B432EA7AF.e.4505/elements - {"using":"css selector","value":"td"}
RESULT: {"using":"css selector","value":"td"}
COMMAND: POST /session/f85737454a4a087f20f4e06a50aa0ff9/element/f.A10590C3E91A9D0BB6CAA0C0A9556112.d.A2F6E41ED100ECD8CC12F58B432EA7AF.e.4506/elements - {"using":"css selector","value":"td"}
RESULT: {"using":"css selector","value":"td"}
COMMAND: POST /session/f85737454a4a087f20f4e06a50aa0ff9/element/f.A10590C3E91A9D0BB6CAA0C0A9556112.d.A2F6E41ED100ECD8CC12F58B432EA7AF.e.4696/elements - {"using":"css selector","value":"td"}
RESULT: {"using":"css selector","value":"td"}
COMMAND: POST /session/f85737454a4a087f20f4e06a50aa0ff9/element - {"using":"css selector","value":"#j_username"}
COMMAND: POST /session/f85737454a4a087f20f4e06a50aa0ff9/url - {"url":"https://qa-testing-00-live-etm-ui.cfapps.eu10-004.hana.ondemand.com/"}
RESULT: {"using":"css selector","value":"#j_username"}
COMMAND: POST /session/f85737454a4a087f20f4e06a50aa0ff9/element - {"using":"css selector","value":"#j_username"}
RESULT: {"url":"https://qa-testing-00-live-etm-ui.cfapps.eu10-004.hana.ondemand.com/"}
RESULT: undefined
COMMAND: GET /session/f85737454a4a087f20f4e06a50aa0ff9/screenshot - {}
RESULT: {"using":"css selector","value":"#j_username"}
COMMAND: POST /session/f85737454a4a087f20f4e06a50aa0ff9/element - {"using":"css selector","value":"#shell-header-logo"}
RESULT: {}
RESULT: {"using":"css selector","value":"#shell-header-logo"}
COMMAND: POST /session/f85737454a4a087f20f4e06a50aa0ff9/execute/sync - {"script":"<script> [8489 bytes]","args":[{"element-6066-11e4-a52e-4f735466cecf":"f.A10590C3E91A9D0BB6CAA0C0A9556112.d.36FB76F4FF8ABACE6D55A71960C3C032.e.4730","ELEMENT":"f.A10590C3E91A9D0BB6CAA0C0A9556112.d.36FB76F4FF8ABACE6D55A71960C3C032.e.4730"}]}
RESULT: {"script":"<script> [8489 bytes]","args":[{"element-6066-11e4-a52e-4f735466cecf":"f.A10590C3E91A9D0BB6CAA0C0A9556112.d.36FB76F4FF8ABACE6D55A71960C3C032.e.4730","ELEMENT":"f.A10590C3E91A9D0BB6CAA0C0A9556112.d.36FB76F4FF8ABACE6D55A71960C3C032.e.4730"}]}
COMMAND: POST /session/f85737454a4a087f20f4e06a50aa0ff9/element - {"using":"css selector","value":"#shell-header-logo"}
COMMAND: GET /session/f85737454a4a087f20f4e06a50aa0ff9/screenshot - {}
RESULT: {"using":"css selector","value":"#shell-header-logo"}
COMMAND: POST /session/f85737454a4a087f20f4e06a50aa0ff9/execute/sync - {"script":"<script> [8489 bytes]","args":[{"element-6066-11e4-a52e-4f735466cecf":"f.A10590C3E91A9D0BB6CAA0C0A9556112.d.36FB76F4FF8ABACE6D55A71960C3C032.e.4730","ELEMENT":"f.A10590C3E91A9D0BB6CAA0C0A9556112.d.36FB76F4FF8ABACE6D55A71960C3C032.e.4730"}]}
RESULT: {}
RESULT: {"script":"<script> [8489 bytes]","args":[{"element-6066-11e4-a52e-4f735466cecf":"f.A10590C3E91A9D0BB6CAA0C0A9556112.d.36FB76F4FF8ABACE6D55A71960C3C032.e.4730","ELEMENT":"f.A10590C3E91A9D0BB6CAA0C0A9556112.d.36FB76F4FF8ABACE6D55A71960C3C032.e.4730"}]}
COMMAND: POST /session/f85737454a4a087f20f4e06a50aa0ff9/execute/sync - {"script":"<script> [5351 bytes]","args":[{"element-6066-11e4-a52e-4f735466cecf":"f.A10590C3E91A9D0BB6CAA0C0A9556112.d.36FB76F4FF8ABACE6D55A71960C3C032.e.4730","ELEMENT":"f.A10590C3E91A9D0BB6CAA0C0A9556112.d.36FB76F4FF8ABACE6D55A71960C3C032.e.4730"}]}
COMMAND: GET /session/f85737454a4a087f20f4e06a50aa0ff9/screenshot - {}
RESULT: {"script":"<script> [5351 bytes]","args":[{"element-6066-11e4-a52e-4f735466cecf":"f.A10590C3E91A9D0BB6CAA0C0A9556112.d.36FB76F4FF8ABACE6D55A71960C3C032.e.4730","ELEMENT":"f.A10590C3E91A9D0BB6CAA0C0A9556112.d.36FB76F4FF8ABACE6D55A71960C3C032.e.4730"}]}
COMMAND: POST /session/f85737454a4a087f20f4e06a50aa0ff9/element - {"using":"css selector","value":"#shell-header-logo"}
COMMAND: GET /session/f85737454a4a087f20f4e06a50aa0ff9/screenshot - {}
RESULT: {}
RESULT: {"using":"css selector","value":"#shell-header-logo"}
COMMAND: POST /session/f85737454a4a087f20f4e06a50aa0ff9/element/f.A10590C3E91A9D0BB6CAA0C0A9556112.d.36FB76F4FF8ABACE6D55A71960C3C032.e.4730/click - {}
RESULT: {}
RESULT: {}
COMMAND: GET /session/f85737454a4a087f20f4e06a50aa0ff9/screenshot - {}
RESULT: {}
COMMAND: POST /session/f85737454a4a087f20f4e06a50aa0ff9/execute/async - {"script":"<script> [189 bytes]","args":[]}
RESULT: {"script":"<script> [189 bytes]","args":[]}
COMMAND: POST /session/f85737454a4a087f20f4e06a50aa0ff9/execute/async - {"script":"<script> [123 bytes]","args":[]}
RESULT: {"script":"<script> [123 bytes]","args":[]}
COMMAND: POST /session/f85737454a4a087f20f4e06a50aa0ff9/timeouts - {"script":"<number>"}
RESULT: {"script":"<number>"}
COMMAND: GET /session/f85737454a4a087f20f4e06a50aa0ff9/timeouts - {}
RESULT: {}
RESULT: undefined
COMMAND: POST /session/f85737454a4a087f20f4e06a50aa0ff9/execute/async - {"script":"<script> [2676 bytes]","args":[]}
RESULT: {"script":"<script> [2676 bytes]","args":[]}
COMMAND: POST /session/f85737454a4a087f20f4e06a50aa0ff9/execute/async - {"script":"<script> [2342 bytes]","args":[{"protocol":"http","hostname":"0.0.0.0","path":"/","capabilities":{"browserName":"chrome","goog:chromeOptions":{"binary":"C:\\Program Files\\Google\\Chrome\\Application\\chrome.exe","args":["--start-maximized"]}},"logLevel":"warn","connectionRetryTimeout":120000,"connectionRetryCount":3,"logLevels":{},"enableDirectConnect":true,"strictSSL":true,"_":"65 more keys: [\"cacheDir\",\"port\",\"requestedCapabilities\",\"automationProtocol\",\"baseUrl\",\"waitforInterval\",\"waitforTimeout\",\"onReload\",\"beforeCommand\",\"afterCommand\",\"rootDir\",\"specs\",\"suites\",\"exclude\",\"groupLogsByTestSpec\",\"excludeDriverLogs\",\"bail\",\"framework\",\"reporters\",\"services\",\"maxInstances\",\"maxInstancesPerCapability\",\"injectGlobals\",\"filesToWatch\",\"execArgv\",\"runnerEnv\",\"runner\",\"shard\",\"specFileRetries\",\"specFileRetriesDelay\",\"specFileRetriesDeferred\",\"reporterSyncInterval\",\"reporterSyncTimeout\",\"cucumberFeaturesWithLineNumbers\",\"autoCompileOpts\",\"mochaOpts\",\"jasmineOpts\",\"cucumberOpts\",\"onPrepare\",\"onWorkerStart\",\"onWorkerEnd\",\"before\",\"beforeSession\",\"beforeSuite\",\"beforeHook\",\"beforeTest\",\"afterTest\",\"afterHook\",\"afterSuite\",\"afterSession\",\"after\",\"onComplete\",\"beforeAssertion\",\"afterAssertion\",\"beforeFeature\",\"beforeScenario\",\"beforeStep\",\"afterStep\",\"afterScenario\",\"afterFeature\",\"_\",\"suite\",\"$0\",\"ignoredWorkerServices\",\"wdi5\"]"}]}
RESULT: {"script":"<script> [2342 bytes]","args":[{"protocol":"http","hostname":"0.0.0.0","path":"/","capabilities":{"browserName":"chrome","goog:chromeOptions":{"binary":"C:\\Program Files\\Google\\Chrome\\Application\\chrome.exe","args":["--start-maximized"]}},"logLevel":"warn","connectionRetryTimeout":120000,"connectionRetryCount":3,"logLevels":{},"enableDirectConnect":true,"strictSSL":true,"_":"65 more keys: [\"cacheDir\",\"port\",\"requestedCapabilities\",\"automationProtocol\",\"baseUrl\",\"waitforInterval\",\"waitforTimeout\",\"onReload\",\"beforeCommand\",\"afterCommand\",\"rootDir\",\"specs\",\"suites\",\"exclude\",\"groupLogsByTestSpec\",\"excludeDriverLogs\",\"bail\",\"framework\",\"reporters\",\"services\",\"maxInstances\",\"maxInstancesPerCapability\",\"injectGlobals\",\"filesToWatch\",\"execArgv\",\"runnerEnv\",\"runner\",\"shard\",\"specFileRetries\",\"specFileRetriesDelay\",\"specFileRetriesDeferred\",\"reporterSyncInterval\",\"reporterSyncTimeout\",\"cucumberFeaturesWithLineNumbers\",\"autoCompileOpts\",\"mochaOpts\",\"jasmineOpts\",\"cucumberOpts\",\"onPrepare\",\"onWorkerStart\",\"onWorkerEnd\",\"before\",\"beforeSession\",\"beforeSuite\",\"beforeHook\",\"beforeTest\",\"afterTest\",\"afterHook\",\"afterSuite\",\"afterSession\",\"after\",\"onComplete\",\"beforeAssertion\",\"afterAssertion\",\"beforeFeature\",\"beforeScenario\",\"beforeStep\",\"afterStep\",\"afterScenario\",\"afterFeature\",\"_\",\"suite\",\"$0\",\"ignoredWorkerServices\",\"wdi5\"]"}]}
COMMAND: POST /session/f85737454a4a087f20f4e06a50aa0ff9/execute/async - {"script":"<script> [21126 bytes]","args":[35000]}
RESULT: {"script":"<script> [21126 bytes]","args":[35000]}
COMMAND: POST /session/f85737454a4a087f20f4e06a50aa0ff9/window/maximize - {}
RESULT: {}
COMMAND: POST /session/f85737454a4a087f20f4e06a50aa0ff9/execute/async - {"script":"<script> [1562 bytes]","args":[{"selector":{"id":"shell-header","interaction":{"idSuffix":"icon"}},"wdio_ui5_key":"shellheader"}]}
COMMAND: GET /session/f85737454a4a087f20f4e06a50aa0ff9/screenshot - {}
RESULT: {"script":"<script> [1562 bytes]","args":[{"selector":{"id":"shell-header","interaction":{"idSuffix":"icon"}},"wdio_ui5_key":"shellheader"}]}
RESULT: undefined
COMMAND: POST /session/f85737454a4a087f20f4e06a50aa0ff9/refresh - {}
RESULT: {}
RESULT: {}
COMMAND: GET /session/f85737454a4a087f20f4e06a50aa0ff9/screenshot - {}
RESULT: {}
COMMAND: POST /session/f85737454a4a087f20f4e06a50aa0ff9/refresh - {}
RESULT: {}
COMMAND: GET /session/f85737454a4a087f20f4e06a50aa0ff9/screenshot - {}
RESULT: {}
COMMAND: POST /session/f85737454a4a087f20f4e06a50aa0ff9/window/fullscreen - {}
RESULT: {}
COMMAND: POST /session/f85737454a4a087f20f4e06a50aa0ff9/execute/async - {"script":"<script> [189 bytes]","args":[]}
RESULT: {"script":"<script> [189 bytes]","args":[]}
COMMAND: POST /session/f85737454a4a087f20f4e06a50aa0ff9/execute/async - {"script":"<script> [123 bytes]","args":[]}
RESULT: {"script":"<script> [123 bytes]","args":[]}
COMMAND: POST /session/f85737454a4a087f20f4e06a50aa0ff9/timeouts - {"script":"<number>"}
RESULT: {"script":"<number>"}
COMMAND: GET /session/f85737454a4a087f20f4e06a50aa0ff9/timeouts - {}
RESULT: {}
RESULT: undefined
COMMAND: POST /session/f85737454a4a087f20f4e06a50aa0ff9/execute/async - {"script":"<script> [2676 bytes]","args":[]}
RESULT: {"script":"<script> [2676 bytes]","args":[]}
COMMAND: POST /session/f85737454a4a087f20f4e06a50aa0ff9/execute/async - {"script":"<script> [2342 bytes]","args":[{"protocol":"http","hostname":"0.0.0.0","path":"/","capabilities":{"browserName":"chrome","goog:chromeOptions":{"binary":"C:\\Program Files\\Google\\Chrome\\Application\\chrome.exe","args":["--start-maximized"]}},"logLevel":"warn","connectionRetryTimeout":120000,"connectionRetryCount":3,"logLevels":{},"enableDirectConnect":true,"strictSSL":true,"_":"65 more keys: [\"cacheDir\",\"port\",\"requestedCapabilities\",\"automationProtocol\",\"baseUrl\",\"waitforInterval\",\"waitforTimeout\",\"onReload\",\"beforeCommand\",\"afterCommand\",\"rootDir\",\"specs\",\"suites\",\"exclude\",\"groupLogsByTestSpec\",\"excludeDriverLogs\",\"bail\",\"framework\",\"reporters\",\"services\",\"maxInstances\",\"maxInstancesPerCapability\",\"injectGlobals\",\"filesToWatch\",\"execArgv\",\"runnerEnv\",\"runner\",\"shard\",\"specFileRetries\",\"specFileRetriesDelay\",\"specFileRetriesDeferred\",\"reporterSyncInterval\",\"reporterSyncTimeout\",\"cucumberFeaturesWithLineNumbers\",\"autoCompileOpts\",\"mochaOpts\",\"jasmineOpts\",\"cucumberOpts\",\"onPrepare\",\"onWorkerStart\",\"onWorkerEnd\",\"before\",\"beforeSession\",\"beforeSuite\",\"beforeHook\",\"beforeTest\",\"afterTest\",\"afterHook\",\"afterSuite\",\"afterSession\",\"after\",\"onComplete\",\"beforeAssertion\",\"afterAssertion\",\"beforeFeature\",\"beforeScenario\",\"beforeStep\",\"afterStep\",\"afterScenario\",\"afterFeature\",\"_\",\"suite\",\"$0\",\"ignoredWorkerServices\",\"wdi5\"]"}]}
RESULT: {"script":"<script> [2342 bytes]","args":[{"protocol":"http","hostname":"0.0.0.0","path":"/","capabilities":{"browserName":"chrome","goog:chromeOptions":{"binary":"C:\\Program Files\\Google\\Chrome\\Application\\chrome.exe","args":["--start-maximized"]}},"logLevel":"warn","connectionRetryTimeout":120000,"connectionRetryCount":3,"logLevels":{},"enableDirectConnect":true,"strictSSL":true,"_":"65 more keys: [\"cacheDir\",\"port\",\"requestedCapabilities\",\"automationProtocol\",\"baseUrl\",\"waitforInterval\",\"waitforTimeout\",\"onReload\",\"beforeCommand\",\"afterCommand\",\"rootDir\",\"specs\",\"suites\",\"exclude\",\"groupLogsByTestSpec\",\"excludeDriverLogs\",\"bail\",\"framework\",\"reporters\",\"services\",\"maxInstances\",\"maxInstancesPerCapability\",\"injectGlobals\",\"filesToWatch\",\"execArgv\",\"runnerEnv\",\"runner\",\"shard\",\"specFileRetries\",\"specFileRetriesDelay\",\"specFileRetriesDeferred\",\"reporterSyncInterval\",\"reporterSyncTimeout\",\"cucumberFeaturesWithLineNumbers\",\"autoCompileOpts\",\"mochaOpts\",\"jasmineOpts\",\"cucumberOpts\",\"onPrepare\",\"onWorkerStart\",\"onWorkerEnd\",\"before\",\"beforeSession\",\"beforeSuite\",\"beforeHook\",\"beforeTest\",\"afterTest\",\"afterHook\",\"afterSuite\",\"afterSession\",\"after\",\"onComplete\",\"beforeAssertion\",\"afterAssertion\",\"beforeFeature\",\"beforeScenario\",\"beforeStep\",\"afterStep\",\"afterScenario\",\"afterFeature\",\"_\",\"suite\",\"$0\",\"ignoredWorkerServices\",\"wdi5\"]"}]}
COMMAND: POST /session/f85737454a4a087f20f4e06a50aa0ff9/execute/async - {"script":"<script> [21126 bytes]","args":[35000]}
RESULT: {"script":"<script> [21126 bytes]","args":[35000]}
]]></system-out>
    </testcase>
  </testsuite>
  <testsuite timestamp="2025-05-13T07:13:34" time="428.759" tests="9" failures="0" errors="0" skipped="0">
    <properties>
      <property name="specId" value="0" />
      <property name="suiteName" value="US134625 Set up price condition - one time" />
      <property name="capabilities" value="chrome.136_0_7103_49.windows" />
      <property name="file" value="file:///D:/a/1/s/test/specs/BTS/set-up-price-condition-one-time.spec.js" />
    </properties>
    <testcase classname="chrome.136_0_7103_49.windows.US134625_Set_up_price_condition_-_one_time" name="Should create a new yard used for all following tests" time="0.017">
      <system-out><![CDATA[
COMMAND: POST /session/f85737454a4a087f20f4e06a50aa0ff9/window/fullscreen - {}
RESULT: {}
]]></system-out>
    </testcase>
    <testcase classname="chrome.136_0_7103_49.windows.US134625_Set_up_price_condition_-_one_time" name="Should create a new partner" time="0.004" />
    <testcase classname="chrome.136_0_7103_49.windows.US134625_Set_up_price_condition_-_one_time" name="Should create a new site used for following tests" time="0.004" />
    <testcase classname="chrome.136_0_7103_49.windows.US134625_Set_up_price_condition_-_one_time" name="Should create a new material for billing type one time" time="115.285">
      <system-out><![CDATA[
COMMAND: POST /session/f85737454a4a087f20f4e06a50aa0ff9/execute/async - {"script":"<script> [1562 bytes]","args":[{"selector":{"controlType":"sap.m.GenericTile","properties":{"header":"Manage Resources"}},"wdio_ui5_key":"sapm.GenericTile{\"header\":\"Manage Resources\"}"}]}
RESULT: {"script":"<script> [1562 bytes]","args":[{"selector":{"controlType":"sap.m.GenericTile","properties":{"header":"Manage Resources"}},"wdio_ui5_key":"sapm.GenericTile{\"header\":\"Manage Resources\"}"}]}
RESULT: undefined
COMMAND: POST /session/f85737454a4a087f20f4e06a50aa0ff9/element - {"using":"xpath","value":"//*[@id=\"__tile39\"]"}
RESULT: {"using":"xpath","value":"//*[@id=\"__tile39\"]"}
COMMAND: POST /session/f85737454a4a087f20f4e06a50aa0ff9/element/f.A10590C3E91A9D0BB6CAA0C0A9556112.d.EC2CD9ABF504E2D64AC94E3E0210B23C.e.4868/click - {}
RESULT: {}
COMMAND: POST /session/f85737454a4a087f20f4e06a50aa0ff9/element - {"using":"xpath","value":"//button[@data-kt=\"addNewRUOverflowToolbarButton\"]"}
COMMAND: GET /session/f85737454a4a087f20f4e06a50aa0ff9/screenshot - {}
RESULT: {"using":"xpath","value":"//button[@data-kt=\"addNewRUOverflowToolbarButton\"]"}
COMMAND: POST /session/f85737454a4a087f20f4e06a50aa0ff9/elements - {"using":"xpath","value":"//button[@data-kt=\"addNewRUOverflowToolbarButton\"]"}
RESULT: {}
RESULT: {"using":"xpath","value":"//button[@data-kt=\"addNewRUOverflowToolbarButton\"]"}
COMMAND: POST /session/f85737454a4a087f20f4e06a50aa0ff9/elements - {"using":"xpath","value":"//button[@data-kt=\"addNewRUOverflowToolbarButton\"]"}
RESULT: {"using":"xpath","value":"//button[@data-kt=\"addNewRUOverflowToolbarButton\"]"}
COMMAND: POST /session/f85737454a4a087f20f4e06a50aa0ff9/elements - {"using":"xpath","value":"//button[@data-kt=\"addNewRUOverflowToolbarButton\"]"}
RESULT: {"using":"xpath","value":"//button[@data-kt=\"addNewRUOverflowToolbarButton\"]"}
COMMAND: POST /session/f85737454a4a087f20f4e06a50aa0ff9/elements - {"using":"xpath","value":"//button[@data-kt=\"addNewRUOverflowToolbarButton\"]"}
RESULT: {"using":"xpath","value":"//button[@data-kt=\"addNewRUOverflowToolbarButton\"]"}
COMMAND: POST /session/f85737454a4a087f20f4e06a50aa0ff9/elements - {"using":"xpath","value":"//button[@data-kt=\"addNewRUOverflowToolbarButton\"]"}
RESULT: {"using":"xpath","value":"//button[@data-kt=\"addNewRUOverflowToolbarButton\"]"}
COMMAND: POST /session/f85737454a4a087f20f4e06a50aa0ff9/elements - {"using":"xpath","value":"//button[@data-kt=\"addNewRUOverflowToolbarButton\"]"}
RESULT: {"using":"xpath","value":"//button[@data-kt=\"addNewRUOverflowToolbarButton\"]"}
COMMAND: POST /session/f85737454a4a087f20f4e06a50aa0ff9/elements - {"using":"xpath","value":"//button[@data-kt=\"addNewRUOverflowToolbarButton\"]"}
RESULT: {"using":"xpath","value":"//button[@data-kt=\"addNewRUOverflowToolbarButton\"]"}
COMMAND: POST /session/f85737454a4a087f20f4e06a50aa0ff9/element - {"using":"xpath","value":"//button[@data-kt=\"addNewRUOverflowToolbarButton\"]"}
RESULT: {"using":"xpath","value":"//button[@data-kt=\"addNewRUOverflowToolbarButton\"]"}
COMMAND: POST /session/f85737454a4a087f20f4e06a50aa0ff9/execute/sync - {"script":"<script> [8489 bytes]","args":[{"element-6066-11e4-a52e-4f735466cecf":"f.A10590C3E91A9D0BB6CAA0C0A9556112.d.EC2CD9ABF504E2D64AC94E3E0210B23C.e.5008","ELEMENT":"f.A10590C3E91A9D0BB6CAA0C0A9556112.d.EC2CD9ABF504E2D64AC94E3E0210B23C.e.5008"}]}
RESULT: {"script":"<script> [8489 bytes]","args":[{"element-6066-11e4-a52e-4f735466cecf":"f.A10590C3E91A9D0BB6CAA0C0A9556112.d.EC2CD9ABF504E2D64AC94E3E0210B23C.e.5008","ELEMENT":"f.A10590C3E91A9D0BB6CAA0C0A9556112.d.EC2CD9ABF504E2D64AC94E3E0210B23C.e.5008"}]}
COMMAND: GET /session/f85737454a4a087f20f4e06a50aa0ff9/element/f.A10590C3E91A9D0BB6CAA0C0A9556112.d.EC2CD9ABF504E2D64AC94E3E0210B23C.e.5008/enabled - {}
COMMAND: GET /session/f85737454a4a087f20f4e06a50aa0ff9/screenshot - {}
RESULT: {}
COMMAND: POST /session/f85737454a4a087f20f4e06a50aa0ff9/execute/sync - {"script":"<script> [8489 bytes]","args":[{"element-6066-11e4-a52e-4f735466cecf":"f.A10590C3E91A9D0BB6CAA0C0A9556112.d.EC2CD9ABF504E2D64AC94E3E0210B23C.e.5008","ELEMENT":"f.A10590C3E91A9D0BB6CAA0C0A9556112.d.EC2CD9ABF504E2D64AC94E3E0210B23C.e.5008"}]}
COMMAND: GET /session/f85737454a4a087f20f4e06a50aa0ff9/screenshot - {}
RESULT: {}
RESULT: {"script":"<script> [8489 bytes]","args":[{"element-6066-11e4-a52e-4f735466cecf":"f.A10590C3E91A9D0BB6CAA0C0A9556112.d.EC2CD9ABF504E2D64AC94E3E0210B23C.e.5008","ELEMENT":"f.A10590C3E91A9D0BB6CAA0C0A9556112.d.EC2CD9ABF504E2D64AC94E3E0210B23C.e.5008"}]}
COMMAND: POST /session/f85737454a4a087f20f4e06a50aa0ff9/execute/sync - {"script":"<script> [5351 bytes]","args":[{"element-6066-11e4-a52e-4f735466cecf":"f.A10590C3E91A9D0BB6CAA0C0A9556112.d.EC2CD9ABF504E2D64AC94E3E0210B23C.e.5008","ELEMENT":"f.A10590C3E91A9D0BB6CAA0C0A9556112.d.EC2CD9ABF504E2D64AC94E3E0210B23C.e.5008"}]}
COMMAND: GET /session/f85737454a4a087f20f4e06a50aa0ff9/screenshot - {}
RESULT: {}
RESULT: {"script":"<script> [5351 bytes]","args":[{"element-6066-11e4-a52e-4f735466cecf":"f.A10590C3E91A9D0BB6CAA0C0A9556112.d.EC2CD9ABF504E2D64AC94E3E0210B23C.e.5008","ELEMENT":"f.A10590C3E91A9D0BB6CAA0C0A9556112.d.EC2CD9ABF504E2D64AC94E3E0210B23C.e.5008"}]}
COMMAND: POST /session/f85737454a4a087f20f4e06a50aa0ff9/element/f.A10590C3E91A9D0BB6CAA0C0A9556112.d.EC2CD9ABF504E2D64AC94E3E0210B23C.e.5008/click - {}
COMMAND: GET /session/f85737454a4a087f20f4e06a50aa0ff9/screenshot - {}
RESULT: {}
RESULT: {}
COMMAND: GET /session/f85737454a4a087f20f4e06a50aa0ff9/screenshot - {}
RESULT: {}
COMMAND: POST /session/f85737454a4a087f20f4e06a50aa0ff9/execute/async - {"script":"<script> [1562 bytes]","args":[{"selector":{"id":"application-manageresources-display-component---newResourceUnit--TYPE-arrow"},"wdio_ui5_key":"applicationmanageresources-display-component---newResourceUnit--TYPE-arrow"}]}
RESULT: {}
RESULT: {"script":"<script> [1562 bytes]","args":[{"selector":{"id":"application-manageresources-display-component---newResourceUnit--TYPE-arrow"},"wdio_ui5_key":"applicationmanageresources-display-component---newResourceUnit--TYPE-arrow"}]}
RESULT: undefined
COMMAND: POST /session/f85737454a4a087f20f4e06a50aa0ff9/element - {"using":"xpath","value":"//*[@id=\"application-manageresources-display-component---newResourceUnit--TYPE-arrow\"]"}
RESULT: {"using":"xpath","value":"//*[@id=\"application-manageresources-display-component---newResourceUnit--TYPE-arrow\"]"}
COMMAND: POST /session/f85737454a4a087f20f4e06a50aa0ff9/element/f.A10590C3E91A9D0BB6CAA0C0A9556112.d.EC2CD9ABF504E2D64AC94E3E0210B23C.e.5365/click - {}
RESULT: {}
COMMAND: POST /session/f85737454a4a087f20f4e06a50aa0ff9/element - {"using":"xpath","value":"//input[@id=\"application-manageresources-display-component---newResourceUnit--TYPE-inner\"]"}
COMMAND: GET /session/f85737454a4a087f20f4e06a50aa0ff9/screenshot - {}
RESULT: {"using":"xpath","value":"//input[@id=\"application-manageresources-display-component---newResourceUnit--TYPE-inner\"]"}
COMMAND: POST /session/f85737454a4a087f20f4e06a50aa0ff9/element/f.A10590C3E91A9D0BB6CAA0C0A9556112.d.EC2CD9ABF504E2D64AC94E3E0210B23C.e.5359/clear - {}
RESULT: {}
RESULT: {}
COMMAND: POST /session/f85737454a4a087f20f4e06a50aa0ff9/element/f.A10590C3E91A9D0BB6CAA0C0A9556112.d.EC2CD9ABF504E2D64AC94E3E0210B23C.e.5359/value - {"text":"Material"}
COMMAND: GET /session/f85737454a4a087f20f4e06a50aa0ff9/screenshot - {}
RESULT: {"text":"Material"}
COMMAND: GET /session/f85737454a4a087f20f4e06a50aa0ff9/screenshot - {}
RESULT: {}
RESULT: {}
COMMAND: POST /session/f85737454a4a087f20f4e06a50aa0ff9/actions - {"actions":[{"id":"action19","type":"key","parameters":{},"actions":[{"type":"keyDown","value":"î€‡"},{"type":"pause","duration":10},{"type":"keyUp","value":"î€‡"}]}]}
RESULT: {"actions":[{"id":"action19","type":"key","parameters":{},"actions":[{"type":"keyDown","value":"î€‡"},{"type":"pause","duration":10},{"type":"keyUp","value":"î€‡"}]}]}
COMMAND: POST /session/f85737454a4a087f20f4e06a50aa0ff9/execute/async - {"script":"<script> [1562 bytes]","args":[{"selector":{"id":"application-manageresources-display-component---newResourceUnit--SHORT_TEXT","interaction":{"idSuffix":"inner"}},"wdio_ui5_key":"applicationmanageresources-display-component---newResourceUnit--SHORT_TEXT"}]}
COMMAND: GET /session/f85737454a4a087f20f4e06a50aa0ff9/screenshot - {}
RESULT: {"script":"<script> [1562 bytes]","args":[{"selector":{"id":"application-manageresources-display-component---newResourceUnit--SHORT_TEXT","interaction":{"idSuffix":"inner"}},"wdio_ui5_key":"applicationmanageresources-display-component---newResourceUnit--SHORT_TEXT"}]}
RESULT: undefined
COMMAND: POST /session/f85737454a4a087f20f4e06a50aa0ff9/execute/async - {"script":"<script> [776 bytes]","args":[{"enterText":"Cement WDIO","selector":{"id":"application-manageresources-display-component---newResourceUnit--SHORT_TEXT","interaction":{"idSuffix":"inner"}},"clearTextFirst":true,"interactionType":"ENTER_TEXT"}]}
RESULT: {}
RESULT: {"script":"<script> [776 bytes]","args":[{"enterText":"Cement WDIO","selector":{"id":"application-manageresources-display-component---newResourceUnit--SHORT_TEXT","interaction":{"idSuffix":"inner"}},"clearTextFirst":true,"interactionType":"ENTER_TEXT"}]}
COMMAND: POST /session/f85737454a4a087f20f4e06a50aa0ff9/execute/async - {"script":"<script> [1562 bytes]","args":[{"selector":{"id":"application-manageresources-display-component---newResourceUnit--BASE_UNIT_OF_MEASURE","interaction":{"idSuffix":"inner"}},"wdio_ui5_key":"applicationmanageresources-display-component---newResourceUnit--BASE_UNIT_OF_MEASURE"}]}
RESULT: {"script":"<script> [1562 bytes]","args":[{"selector":{"id":"application-manageresources-display-component---newResourceUnit--BASE_UNIT_OF_MEASURE","interaction":{"idSuffix":"inner"}},"wdio_ui5_key":"applicationmanageresources-display-component---newResourceUnit--BASE_UNIT_OF_MEASURE"}]}
RESULT: undefined
COMMAND: POST /session/f85737454a4a087f20f4e06a50aa0ff9/execute/async - {"script":"<script> [776 bytes]","args":[{"enterText":"Piece","selector":{"id":"application-manageresources-display-component---newResourceUnit--BASE_UNIT_OF_MEASURE","interaction":{"idSuffix":"inner"}},"clearTextFirst":true,"interactionType":"ENTER_TEXT"}]}
RESULT: {"script":"<script> [776 bytes]","args":[{"enterText":"Piece","selector":{"id":"application-manageresources-display-component---newResourceUnit--BASE_UNIT_OF_MEASURE","interaction":{"idSuffix":"inner"}},"clearTextFirst":true,"interactionType":"ENTER_TEXT"}]}
COMMAND: POST /session/f85737454a4a087f20f4e06a50aa0ff9/execute/async - {"script":"<script> [1562 bytes]","args":[{"selector":{"id":"application-manageresources-display-component---newResourceUnit--WEIGHT_UNIT","interaction":{"idSuffix":"inner"}},"wdio_ui5_key":"applicationmanageresources-display-component---newResourceUnit--WEIGHT_UNIT"}]}
RESULT: {"script":"<script> [1562 bytes]","args":[{"selector":{"id":"application-manageresources-display-component---newResourceUnit--WEIGHT_UNIT","interaction":{"idSuffix":"inner"}},"wdio_ui5_key":"applicationmanageresources-display-component---newResourceUnit--WEIGHT_UNIT"}]}
RESULT: undefined
COMMAND: POST /session/f85737454a4a087f20f4e06a50aa0ff9/execute/async - {"script":"<script> [776 bytes]","args":[{"enterText":"Gram","selector":{"id":"application-manageresources-display-component---newResourceUnit--WEIGHT_UNIT","interaction":{"idSuffix":"inner"}},"clearTextFirst":true,"interactionType":"ENTER_TEXT"}]}
RESULT: {"script":"<script> [776 bytes]","args":[{"enterText":"Gram","selector":{"id":"application-manageresources-display-component---newResourceUnit--WEIGHT_UNIT","interaction":{"idSuffix":"inner"}},"clearTextFirst":true,"interactionType":"ENTER_TEXT"}]}
COMMAND: POST /session/f85737454a4a087f20f4e06a50aa0ff9/execute/async - {"script":"<script> [1562 bytes]","args":[{"selector":{"id":"application-manageresources-display-component---newResourceUnit--DIMENSION_UNIT","interaction":{"idSuffix":"inner"}},"wdio_ui5_key":"applicationmanageresources-display-component---newResourceUnit--DIMENSION_UNIT"}]}
RESULT: {"script":"<script> [1562 bytes]","args":[{"selector":{"id":"application-manageresources-display-component---newResourceUnit--DIMENSION_UNIT","interaction":{"idSuffix":"inner"}},"wdio_ui5_key":"applicationmanageresources-display-component---newResourceUnit--DIMENSION_UNIT"}]}
RESULT: undefined
COMMAND: POST /session/f85737454a4a087f20f4e06a50aa0ff9/execute/async - {"script":"<script> [776 bytes]","args":[{"enterText":"Meter","selector":{"id":"application-manageresources-display-component---newResourceUnit--DIMENSION_UNIT","interaction":{"idSuffix":"inner"}},"clearTextFirst":true,"interactionType":"ENTER_TEXT"}]}
RESULT: {"script":"<script> [776 bytes]","args":[{"enterText":"Meter","selector":{"id":"application-manageresources-display-component---newResourceUnit--DIMENSION_UNIT","interaction":{"idSuffix":"inner"}},"clearTextFirst":true,"interactionType":"ENTER_TEXT"}]}
COMMAND: POST /session/f85737454a4a087f20f4e06a50aa0ff9/execute/async - {"script":"<script> [1562 bytes]","args":[{"selector":{"id":"application-manageresources-display-component---newResourceUnit--newRRUPage-anchBar-application-manageresources-display-component---newResourceUnit--control-anchor","interaction":{"idSuffix":"BDI-content"}},"wdio_ui5_key":"applicationmanageresources-display-component---newResourceUnit--newRRUPage-anchBar-application-manageresources-display-component---newResourceUnit--control-anchor"}]}
RESULT: {"script":"<script> [1562 bytes]","args":[{"selector":{"id":"application-manageresources-display-component---newResourceUnit--newRRUPage-anchBar-application-manageresources-display-component---newResourceUnit--control-anchor","interaction":{"idSuffix":"BDI-content"}},"wdio_ui5_key":"applicationmanageresources-display-component---newResourceUnit--newRRUPage-anchBar-application-manageresources-display-component---newResourceUnit--control-anchor"}]}
RESULT: undefined
COMMAND: POST /session/f85737454a4a087f20f4e06a50aa0ff9/element - {"using":"xpath","value":"//*[@id=\"application-manageresources-display-component---newResourceUnit--newRRUPage-anchBar-application-manageresources-display-component---newResourceUnit--control-anchor\"]"}
RESULT: {"using":"xpath","value":"//*[@id=\"application-manageresources-display-component---newResourceUnit--newRRUPage-anchBar-application-manageresources-display-component---newResourceUnit--control-anchor\"]"}
COMMAND: POST /session/f85737454a4a087f20f4e06a50aa0ff9/element/f.A10590C3E91A9D0BB6CAA0C0A9556112.d.EC2CD9ABF504E2D64AC94E3E0210B23C.e.5430/click - {}
RESULT: {}
COMMAND: POST /session/f85737454a4a087f20f4e06a50aa0ff9/execute/async - {"script":"<script> [1562 bytes]","args":[{"selector":{"id":"application-manageresources-display-component---newResourceUnit--PLANNING_GROUP","interaction":{"idSuffix":"inner"}},"wdio_ui5_key":"applicationmanageresources-display-component---newResourceUnit--PLANNING_GROUP"}]}
COMMAND: GET /session/f85737454a4a087f20f4e06a50aa0ff9/screenshot - {}
RESULT: {"script":"<script> [1562 bytes]","args":[{"selector":{"id":"application-manageresources-display-component---newResourceUnit--PLANNING_GROUP","interaction":{"idSuffix":"inner"}},"wdio_ui5_key":"applicationmanageresources-display-component---newResourceUnit--PLANNING_GROUP"}]}
RESULT: undefined
COMMAND: POST /session/f85737454a4a087f20f4e06a50aa0ff9/execute/async - {"script":"<script> [776 bytes]","args":[{"enterText":"Material","selector":{"id":"application-manageresources-display-component---newResourceUnit--PLANNING_GROUP","interaction":{"idSuffix":"inner"}},"clearTextFirst":true,"interactionType":"ENTER_TEXT"}]}
RESULT: {}
RESULT: {"script":"<script> [776 bytes]","args":[{"enterText":"Material","selector":{"id":"application-manageresources-display-component---newResourceUnit--PLANNING_GROUP","interaction":{"idSuffix":"inner"}},"clearTextFirst":true,"interactionType":"ENTER_TEXT"}]}
COMMAND: POST /session/f85737454a4a087f20f4e06a50aa0ff9/execute/async - {"script":"<script> [1562 bytes]","args":[{"selector":{"id":"application-manageresources-display-component---newResourceUnit--PLANNING_INDICATOR","interaction":{"idSuffix":"inner"}},"wdio_ui5_key":"applicationmanageresources-display-component---newResourceUnit--PLANNING_INDICATOR"}]}
RESULT: {"script":"<script> [1562 bytes]","args":[{"selector":{"id":"application-manageresources-display-component---newResourceUnit--PLANNING_INDICATOR","interaction":{"idSuffix":"inner"}},"wdio_ui5_key":"applicationmanageresources-display-component---newResourceUnit--PLANNING_INDICATOR"}]}
RESULT: undefined
COMMAND: POST /session/f85737454a4a087f20f4e06a50aa0ff9/execute/async - {"script":"<script> [776 bytes]","args":[{"enterText":"10 - infinite","selector":{"id":"application-manageresources-display-component---newResourceUnit--PLANNING_INDICATOR","interaction":{"idSuffix":"inner"}},"clearTextFirst":true,"interactionType":"ENTER_TEXT"}]}
RESULT: {"script":"<script> [776 bytes]","args":[{"enterText":"10 - infinite","selector":{"id":"application-manageresources-display-component---newResourceUnit--PLANNING_INDICATOR","interaction":{"idSuffix":"inner"}},"clearTextFirst":true,"interactionType":"ENTER_TEXT"}]}
COMMAND: POST /session/f85737454a4a087f20f4e06a50aa0ff9/element - {"using":"css selector","value":"#application-manageresources-display-component---newResourceUnit--btnAddTimeSegment"}
RESULT: {"using":"css selector","value":"#application-manageresources-display-component---newResourceUnit--btnAddTimeSegment"}
COMMAND: GET /session/f85737454a4a087f20f4e06a50aa0ff9/element/f.A10590C3E91A9D0BB6CAA0C0A9556112.d.EC2CD9ABF504E2D64AC94E3E0210B23C.e.5440/rect - {}
RESULT: {}
COMMAND: GET /session/f85737454a4a087f20f4e06a50aa0ff9/window/rect - {}
RESULT: {}
COMMAND: POST /session/f85737454a4a087f20f4e06a50aa0ff9/execute/sync - {"script":"<script> [92 bytes]","args":[]}
RESULT: {"script":"<script> [92 bytes]","args":[]}
COMMAND: POST /session/f85737454a4a087f20f4e06a50aa0ff9/actions - {"actions":[{"id":"action20","type":"wheel","parameters":{},"actions":[{"type":"scroll","x":-1888,"y":-32,"deltaX":0,"deltaY":0,"duration":0,"origin":{"element-6066-11e4-a52e-4f735466cecf":"f.A10590C3E91A9D0BB6CAA0C0A9556112.d.EC2CD9ABF504E2D64AC94E3E0210B23C.e.5440"}}]}]}
COMMAND: GET /session/f85737454a4a087f20f4e06a50aa0ff9/screenshot - {}
RESULT: {}
COMMAND: POST /session/f85737454a4a087f20f4e06a50aa0ff9/execute/sync - {"script":"<script> [79 bytes]","args":[{"element-6066-11e4-a52e-4f735466cecf":"f.A10590C3E91A9D0BB6CAA0C0A9556112.d.EC2CD9ABF504E2D64AC94E3E0210B23C.e.5440","ELEMENT":"f.A10590C3E91A9D0BB6CAA0C0A9556112.d.EC2CD9ABF504E2D64AC94E3E0210B23C.e.5440"},{"block":"start","inline":"nearest"}]}
RESULT: {"script":"<script> [79 bytes]","args":[{"element-6066-11e4-a52e-4f735466cecf":"f.A10590C3E91A9D0BB6CAA0C0A9556112.d.EC2CD9ABF504E2D64AC94E3E0210B23C.e.5440","ELEMENT":"f.A10590C3E91A9D0BB6CAA0C0A9556112.d.EC2CD9ABF504E2D64AC94E3E0210B23C.e.5440"},{"block":"start","inline":"nearest"}]}
COMMAND: POST /session/f85737454a4a087f20f4e06a50aa0ff9/execute/async - {"script":"<script> [1562 bytes]","args":[{"selector":{"id":"application-manageresources-display-component---newResourceUnit--btnAddTimeSegment","interaction":{"idSuffix":"inner"}},"wdio_ui5_key":"applicationmanageresources-display-component---newResourceUnit--btnAddTimeSegment"}]}
COMMAND: GET /session/f85737454a4a087f20f4e06a50aa0ff9/screenshot - {}
RESULT: {"script":"<script> [1562 bytes]","args":[{"selector":{"id":"application-manageresources-display-component---newResourceUnit--btnAddTimeSegment","interaction":{"idSuffix":"inner"}},"wdio_ui5_key":"applicationmanageresources-display-component---newResourceUnit--btnAddTimeSegment"}]}
RESULT: undefined
COMMAND: POST /session/f85737454a4a087f20f4e06a50aa0ff9/element - {"using":"xpath","value":"//*[@id=\"application-manageresources-display-component---newResourceUnit--btnAddTimeSegment\"]"}
RESULT: {}
RESULT: {"using":"xpath","value":"//*[@id=\"application-manageresources-display-component---newResourceUnit--btnAddTimeSegment\"]"}
COMMAND: POST /session/f85737454a4a087f20f4e06a50aa0ff9/element/f.A10590C3E91A9D0BB6CAA0C0A9556112.d.EC2CD9ABF504E2D64AC94E3E0210B23C.e.5440/click - {}
RESULT: {}
COMMAND: GET /session/f85737454a4a087f20f4e06a50aa0ff9/screenshot - {}
RESULT: {}
COMMAND: POST /session/f85737454a4a087f20f4e06a50aa0ff9/element - {"using":"xpath","value":"//input[@id=\"application-manageresources-display-component---newResourceUnit--idRuTSAdmin-application-manageresources-display-component---newResourceUnit--RUTimeSegment-0-inner\"]"}
RESULT: {"using":"xpath","value":"//input[@id=\"application-manageresources-display-component---newResourceUnit--idRuTSAdmin-application-manageresources-display-component---newResourceUnit--RUTimeSegment-0-inner\"]"}
COMMAND: POST /session/f85737454a4a087f20f4e06a50aa0ff9/element/f.A10590C3E91A9D0BB6CAA0C0A9556112.d.EC2CD9ABF504E2D64AC94E3E0210B23C.e.5445/clear - {}
RESULT: {}
COMMAND: POST /session/f85737454a4a087f20f4e06a50aa0ff9/element/f.A10590C3E91A9D0BB6CAA0C0A9556112.d.EC2CD9ABF504E2D64AC94E3E0210B23C.e.5445/value - {"text":"183"}
COMMAND: GET /session/f85737454a4a087f20f4e06a50aa0ff9/screenshot - {}
RESULT: {"text":"183"}
COMMAND: GET /session/f85737454a4a087f20f4e06a50aa0ff9/screenshot - {}
RESULT: {}
RESULT: {}
COMMAND: POST /session/f85737454a4a087f20f4e06a50aa0ff9/element - {"using":"xpath","value":"//li[.//span[text()='183']]"}
RESULT: {"using":"xpath","value":"//li[.//span[text()='183']]"}
COMMAND: POST /session/f85737454a4a087f20f4e06a50aa0ff9/element/f.A10590C3E91A9D0BB6CAA0C0A9556112.d.EC2CD9ABF504E2D64AC94E3E0210B23C.e.5452/click - {}
RESULT: {}
COMMAND: GET /session/f85737454a4a087f20f4e06a50aa0ff9/screenshot - {}
RESULT: {}
COMMAND: POST /session/f85737454a4a087f20f4e06a50aa0ff9/element - {"using":"xpath","value":"(//span[contains(@id, \"-application-manageresources-display-component---newResourceUnit--RUTimeSegment-0-arrow\")])[2]"}
RESULT: {"using":"xpath","value":"(//span[contains(@id, \"-application-manageresources-display-component---newResourceUnit--RUTimeSegment-0-arrow\")])[2]"}
COMMAND: POST /session/f85737454a4a087f20f4e06a50aa0ff9/element/f.A10590C3E91A9D0BB6CAA0C0A9556112.d.EC2CD9ABF504E2D64AC94E3E0210B23C.e.5453/click - {}
RESULT: {}
COMMAND: POST /session/f85737454a4a087f20f4e06a50aa0ff9/element - {"using":"xpath","value":"//span[contains(text(), \"PM Order\")]"}
COMMAND: GET /session/f85737454a4a087f20f4e06a50aa0ff9/screenshot - {}
RESULT: {"using":"xpath","value":"//span[contains(text(), \"PM Order\")]"}
COMMAND: POST /session/f85737454a4a087f20f4e06a50aa0ff9/element/f.A10590C3E91A9D0BB6CAA0C0A9556112.d.EC2CD9ABF504E2D64AC94E3E0210B23C.e.5454/click - {}
RESULT: {}
RESULT: {}
COMMAND: GET /session/f85737454a4a087f20f4e06a50aa0ff9/screenshot - {}
RESULT: {}
COMMAND: POST /session/f85737454a4a087f20f4e06a50aa0ff9/element - {"using":"xpath","value":"//td/div/div/div/span[contains(@id, \"newResourceUnit--RUTimeSegment-0-vhi\")][1]"}
RESULT: {"using":"xpath","value":"//td/div/div/div/span[contains(@id, \"newResourceUnit--RUTimeSegment-0-vhi\")][1]"}
COMMAND: GET /session/f85737454a4a087f20f4e06a50aa0ff9/element/f.A10590C3E91A9D0BB6CAA0C0A9556112.d.EC2CD9ABF504E2D64AC94E3E0210B23C.e.5458/rect - {}
RESULT: {}
COMMAND: GET /session/f85737454a4a087f20f4e06a50aa0ff9/window/rect - {}
RESULT: {}
COMMAND: POST /session/f85737454a4a087f20f4e06a50aa0ff9/execute/sync - {"script":"<script> [92 bytes]","args":[]}
RESULT: {"script":"<script> [92 bytes]","args":[]}
COMMAND: POST /session/f85737454a4a087f20f4e06a50aa0ff9/actions - {"actions":[{"id":"action21","type":"wheel","parameters":{},"actions":[{"type":"scroll","x":-1888,"y":-24,"deltaX":0,"deltaY":0,"duration":0,"origin":{"element-6066-11e4-a52e-4f735466cecf":"f.A10590C3E91A9D0BB6CAA0C0A9556112.d.EC2CD9ABF504E2D64AC94E3E0210B23C.e.5458"}}]}]}
COMMAND: GET /session/f85737454a4a087f20f4e06a50aa0ff9/screenshot - {}
RESULT: {}
COMMAND: POST /session/f85737454a4a087f20f4e06a50aa0ff9/execute/sync - {"script":"<script> [79 bytes]","args":[{"element-6066-11e4-a52e-4f735466cecf":"f.A10590C3E91A9D0BB6CAA0C0A9556112.d.EC2CD9ABF504E2D64AC94E3E0210B23C.e.5458","ELEMENT":"f.A10590C3E91A9D0BB6CAA0C0A9556112.d.EC2CD9ABF504E2D64AC94E3E0210B23C.e.5458"},{"block":"start","inline":"nearest"}]}
RESULT: {"script":"<script> [79 bytes]","args":[{"element-6066-11e4-a52e-4f735466cecf":"f.A10590C3E91A9D0BB6CAA0C0A9556112.d.EC2CD9ABF504E2D64AC94E3E0210B23C.e.5458","ELEMENT":"f.A10590C3E91A9D0BB6CAA0C0A9556112.d.EC2CD9ABF504E2D64AC94E3E0210B23C.e.5458"},{"block":"start","inline":"nearest"}]}
COMMAND: GET /session/f85737454a4a087f20f4e06a50aa0ff9/screenshot - {}
RESULT: {}
COMMAND: POST /session/f85737454a4a087f20f4e06a50aa0ff9/element/f.A10590C3E91A9D0BB6CAA0C0A9556112.d.EC2CD9ABF504E2D64AC94E3E0210B23C.e.5458/click - {}
RESULT: {}
COMMAND: GET /session/f85737454a4a087f20f4e06a50aa0ff9/screenshot - {}
RESULT: {}
COMMAND: POST /session/f85737454a4a087f20f4e06a50aa0ff9/execute/async - {"script":"<script> [1562 bytes]","args":[{"selector":{"controlType":"sap.m.SearchField","properties":{"placeholder":"Search"},"searchOpenDialogs":true,"interaction":{"idSuffix":"I"}},"wdio_ui5_key":"sapm.SearchField{\"placeholder\":\"Search\"}"}]}
RESULT: {"script":"<script> [1562 bytes]","args":[{"selector":{"controlType":"sap.m.SearchField","properties":{"placeholder":"Search"},"searchOpenDialogs":true,"interaction":{"idSuffix":"I"}},"wdio_ui5_key":"sapm.SearchField{\"placeholder\":\"Search\"}"}]}
RESULT: undefined
COMMAND: POST /session/f85737454a4a087f20f4e06a50aa0ff9/execute/async - {"script":"<script> [776 bytes]","args":[{"enterText":"4000360","selector":{"controlType":"sap.m.SearchField","properties":{"placeholder":"Search"},"searchOpenDialogs":true,"interaction":{"idSuffix":"I"}},"clearTextFirst":true,"interactionType":"ENTER_TEXT"}]}
RESULT: {"script":"<script> [776 bytes]","args":[{"enterText":"4000360","selector":{"controlType":"sap.m.SearchField","properties":{"placeholder":"Search"},"searchOpenDialogs":true,"interaction":{"idSuffix":"I"}},"clearTextFirst":true,"interactionType":"ENTER_TEXT"}]}
COMMAND: POST /session/f85737454a4a087f20f4e06a50aa0ff9/actions - {"actions":[{"id":"action22","type":"key","parameters":{},"actions":[{"type":"keyDown","value":"î€‡"},{"type":"pause","duration":10},{"type":"keyUp","value":"î€‡"}]}]}
RESULT: {"actions":[{"id":"action22","type":"key","parameters":{},"actions":[{"type":"keyDown","value":"î€‡"},{"type":"pause","duration":10},{"type":"keyUp","value":"î€‡"}]}]}
COMMAND: GET /session/f85737454a4a087f20f4e06a50aa0ff9/screenshot - {}
RESULT: {}
COMMAND: POST /session/f85737454a4a087f20f4e06a50aa0ff9/element - {"using":"xpath","value":"//td/div/span[contains(text(), \"BGL Vehicles\")]"}
RESULT: {"using":"xpath","value":"//td/div/span[contains(text(), \"BGL Vehicles\")]"}
COMMAND: POST /session/f85737454a4a087f20f4e06a50aa0ff9/element/f.A10590C3E91A9D0BB6CAA0C0A9556112.d.EC2CD9ABF504E2D64AC94E3E0210B23C.e.5479/click - {}
RESULT: {}
COMMAND: GET /session/f85737454a4a087f20f4e06a50aa0ff9/screenshot - {}
RESULT: {}
COMMAND: POST /session/f85737454a4a087f20f4e06a50aa0ff9/element - {"using":"xpath","value":"//bdi[contains(text(), \"OK\")]"}
RESULT: {"using":"xpath","value":"//bdi[contains(text(), \"OK\")]"}
COMMAND: POST /session/f85737454a4a087f20f4e06a50aa0ff9/element/f.A10590C3E91A9D0BB6CAA0C0A9556112.d.EC2CD9ABF504E2D64AC94E3E0210B23C.e.5480/click - {}
RESULT: {}
COMMAND: GET /session/f85737454a4a087f20f4e06a50aa0ff9/screenshot - {}
RESULT: {}
COMMAND: POST /session/f85737454a4a087f20f4e06a50aa0ff9/element - {"using":"xpath","value":"//label[contains(@class, 'sapMLabelRequired') and .//bdi[contains(text(), 'Planned Retirement')]]"}
RESULT: {"using":"xpath","value":"//label[contains(@class, 'sapMLabelRequired') and .//bdi[contains(text(), 'Planned Retirement')]]"}
COMMAND: POST /session/f85737454a4a087f20f4e06a50aa0ff9/elements - {"using":"xpath","value":"//label[contains(@class, 'sapMLabelRequired') and .//bdi[contains(text(), 'Planned Retirement')]]"}
RESULT: {"using":"xpath","value":"//label[contains(@class, 'sapMLabelRequired') and .//bdi[contains(text(), 'Planned Retirement')]]"}
COMMAND: POST /session/f85737454a4a087f20f4e06a50aa0ff9/element - {"using":"xpath","value":"//button[@data-kt=\"resourceUnitSaveButton\"]"}
RESULT: {"using":"xpath","value":"//button[@data-kt=\"resourceUnitSaveButton\"]"}
COMMAND: POST /session/f85737454a4a087f20f4e06a50aa0ff9/element/f.A10590C3E91A9D0BB6CAA0C0A9556112.d.EC2CD9ABF504E2D64AC94E3E0210B23C.e.5382/click - {}
RESULT: {}
COMMAND: GET /session/f85737454a4a087f20f4e06a50aa0ff9/screenshot - {}
RESULT: {}
COMMAND: POST /session/f85737454a4a087f20f4e06a50aa0ff9/element - {"using":"xpath","value":"//bdi[contains(text(), \"Close\")]"}
RESULT: {"using":"xpath","value":"//bdi[contains(text(), \"Close\")]"}
COMMAND: POST /session/f85737454a4a087f20f4e06a50aa0ff9/element/f.A10590C3E91A9D0BB6CAA0C0A9556112.d.EC2CD9ABF504E2D64AC94E3E0210B23C.e.5487/click - {}
RESULT: {}
COMMAND: GET /session/f85737454a4a087f20f4e06a50aa0ff9/screenshot - {}
RESULT: {}
COMMAND: POST /session/f85737454a4a087f20f4e06a50aa0ff9/element - {"using":"xpath","value":"//header[contains(@id, 'detailRruPage-headerTitle')]/div[1]/div[2]/div[2]/span[1]"}
RESULT: {"using":"xpath","value":"//header[contains(@id, 'detailRruPage-headerTitle')]/div[1]/div[2]/div[2]/span[1]"}
COMMAND: POST /session/f85737454a4a087f20f4e06a50aa0ff9/elements - {"using":"xpath","value":"//header[contains(@id, 'detailRruPage-headerTitle')]/div[1]/div[2]/div[2]/span[1]"}
RESULT: {"using":"xpath","value":"//header[contains(@id, 'detailRruPage-headerTitle')]/div[1]/div[2]/div[2]/span[1]"}
COMMAND: POST /session/f85737454a4a087f20f4e06a50aa0ff9/execute/sync - {"script":"<script> [56 bytes]","args":[{"element-6066-11e4-a52e-4f735466cecf":"f.A10590C3E91A9D0BB6CAA0C0A9556112.d.EC2CD9ABF504E2D64AC94E3E0210B23C.e.5514","ELEMENT":"f.A10590C3E91A9D0BB6CAA0C0A9556112.d.EC2CD9ABF504E2D64AC94E3E0210B23C.e.5514"}]}
RESULT: {"script":"<script> [56 bytes]","args":[{"element-6066-11e4-a52e-4f735466cecf":"f.A10590C3E91A9D0BB6CAA0C0A9556112.d.EC2CD9ABF504E2D64AC94E3E0210B23C.e.5514","ELEMENT":"f.A10590C3E91A9D0BB6CAA0C0A9556112.d.EC2CD9ABF504E2D64AC94E3E0210B23C.e.5514"}]}
]]></system-out>
    </testcase>
    <testcase classname="chrome.136_0_7103_49.windows.US134625_Set_up_price_condition_-_one_time" name="Should create new pricing rule one time" time="66.09">
      <system-out><![CDATA[
COMMAND: GET /session/f85737454a4a087f20f4e06a50aa0ff9/screenshot - {}
COMMAND: POST /session/f85737454a4a087f20f4e06a50aa0ff9/element - {"using":"xpath","value":"(//button[contains(@id ,\"actionsToolbar-overflowButton\")])[1]"}
RESULT: {}
RESULT: {"using":"xpath","value":"(//button[contains(@id ,\"actionsToolbar-overflowButton\")])[1]"}
COMMAND: POST /session/f85737454a4a087f20f4e06a50aa0ff9/element/f.A10590C3E91A9D0BB6CAA0C0A9556112.d.EC2CD9ABF504E2D64AC94E3E0210B23C.e.5515/click - {}
RESULT: {}
COMMAND: GET /session/f85737454a4a087f20f4e06a50aa0ff9/screenshot - {}
RESULT: {}
COMMAND: POST /session/f85737454a4a087f20f4e06a50aa0ff9/element - {"using":"xpath","value":"//button[@data-kt=\"priceInfoButton\"]"}
RESULT: {"using":"xpath","value":"//button[@data-kt=\"priceInfoButton\"]"}
COMMAND: POST /session/f85737454a4a087f20f4e06a50aa0ff9/element/f.A10590C3E91A9D0BB6CAA0C0A9556112.d.EC2CD9ABF504E2D64AC94E3E0210B23C.e.5517/click - {}
RESULT: {}
COMMAND: GET /session/f85737454a4a087f20f4e06a50aa0ff9/screenshot - {}
COMMAND: POST /session/f85737454a4a087f20f4e06a50aa0ff9/element - {"using":"xpath","value":"//button[@data-kt=\"addButton\"]"}
RESULT: {}
RESULT: {"using":"xpath","value":"//button[@data-kt=\"addButton\"]"}
COMMAND: POST /session/f85737454a4a087f20f4e06a50aa0ff9/elements - {"using":"xpath","value":"//button[@data-kt=\"addButton\"]"}
RESULT: {"using":"xpath","value":"//button[@data-kt=\"addButton\"]"}
COMMAND: POST /session/f85737454a4a087f20f4e06a50aa0ff9/execute/sync - {"script":"<script> [8489 bytes]","args":[{"element-6066-11e4-a52e-4f735466cecf":"f.A10590C3E91A9D0BB6CAA0C0A9556112.d.EC2CD9ABF504E2D64AC94E3E0210B23C.e.5553","ELEMENT":"f.A10590C3E91A9D0BB6CAA0C0A9556112.d.EC2CD9ABF504E2D64AC94E3E0210B23C.e.5553"}]}
RESULT: {"script":"<script> [8489 bytes]","args":[{"element-6066-11e4-a52e-4f735466cecf":"f.A10590C3E91A9D0BB6CAA0C0A9556112.d.EC2CD9ABF504E2D64AC94E3E0210B23C.e.5553","ELEMENT":"f.A10590C3E91A9D0BB6CAA0C0A9556112.d.EC2CD9ABF504E2D64AC94E3E0210B23C.e.5553"}]}
COMMAND: GET /session/f85737454a4a087f20f4e06a50aa0ff9/element/f.A10590C3E91A9D0BB6CAA0C0A9556112.d.EC2CD9ABF504E2D64AC94E3E0210B23C.e.5553/enabled - {}
COMMAND: GET /session/f85737454a4a087f20f4e06a50aa0ff9/screenshot - {}
RESULT: {}
COMMAND: POST /session/f85737454a4a087f20f4e06a50aa0ff9/execute/sync - {"script":"<script> [8489 bytes]","args":[{"element-6066-11e4-a52e-4f735466cecf":"f.A10590C3E91A9D0BB6CAA0C0A9556112.d.EC2CD9ABF504E2D64AC94E3E0210B23C.e.5553","ELEMENT":"f.A10590C3E91A9D0BB6CAA0C0A9556112.d.EC2CD9ABF504E2D64AC94E3E0210B23C.e.5553"}]}
COMMAND: GET /session/f85737454a4a087f20f4e06a50aa0ff9/screenshot - {}
RESULT: {}
RESULT: {"script":"<script> [8489 bytes]","args":[{"element-6066-11e4-a52e-4f735466cecf":"f.A10590C3E91A9D0BB6CAA0C0A9556112.d.EC2CD9ABF504E2D64AC94E3E0210B23C.e.5553","ELEMENT":"f.A10590C3E91A9D0BB6CAA0C0A9556112.d.EC2CD9ABF504E2D64AC94E3E0210B23C.e.5553"}]}
COMMAND: POST /session/f85737454a4a087f20f4e06a50aa0ff9/execute/sync - {"script":"<script> [5351 bytes]","args":[{"element-6066-11e4-a52e-4f735466cecf":"f.A10590C3E91A9D0BB6CAA0C0A9556112.d.EC2CD9ABF504E2D64AC94E3E0210B23C.e.5553","ELEMENT":"f.A10590C3E91A9D0BB6CAA0C0A9556112.d.EC2CD9ABF504E2D64AC94E3E0210B23C.e.5553"}]}
COMMAND: GET /session/f85737454a4a087f20f4e06a50aa0ff9/screenshot - {}
RESULT: {}
RESULT: {"script":"<script> [5351 bytes]","args":[{"element-6066-11e4-a52e-4f735466cecf":"f.A10590C3E91A9D0BB6CAA0C0A9556112.d.EC2CD9ABF504E2D64AC94E3E0210B23C.e.5553","ELEMENT":"f.A10590C3E91A9D0BB6CAA0C0A9556112.d.EC2CD9ABF504E2D64AC94E3E0210B23C.e.5553"}]}
COMMAND: POST /session/f85737454a4a087f20f4e06a50aa0ff9/element/f.A10590C3E91A9D0BB6CAA0C0A9556112.d.EC2CD9ABF504E2D64AC94E3E0210B23C.e.5553/click - {}
COMMAND: GET /session/f85737454a4a087f20f4e06a50aa0ff9/screenshot - {}
RESULT: {}
RESULT: {}
COMMAND: GET /session/f85737454a4a087f20f4e06a50aa0ff9/screenshot - {}
RESULT: {}
RESULT: {}
COMMAND: POST /session/f85737454a4a087f20f4e06a50aa0ff9/execute/async - {"script":"<script> [1562 bytes]","args":[{"selector":{"controlType":"sap.m.Title","viewName":"etm.portal.ui.managepricingrules.view.NewItem","viewId":"application-managepricingrules-display-component---newInfoPriceItem","properties":{"text":"New Pricing Rules - Item Level"}},"wdio_ui5_key":"etmportal.ui.managepricingrules.view.NewItemsap.m.Title{\"text\":\"New Pricing Rules - Item Level\"}"}]}
RESULT: {"script":"<script> [1562 bytes]","args":[{"selector":{"controlType":"sap.m.Title","viewName":"etm.portal.ui.managepricingrules.view.NewItem","viewId":"application-managepricingrules-display-component---newInfoPriceItem","properties":{"text":"New Pricing Rules - Item Level"}},"wdio_ui5_key":"etmportal.ui.managepricingrules.view.NewItemsap.m.Title{\"text\":\"New Pricing Rules - Item Level\"}"}]}
RESULT: undefined
COMMAND: POST /session/f85737454a4a087f20f4e06a50aa0ff9/execute/async - {"script":"<script> [6424 bytes]","args":[{"element-6066-11e4-a52e-4f735466cecf":"f.A10590C3E91A9D0BB6CAA0C0A9556112.d.EC2CD9ABF504E2D64AC94E3E0210B23C.e.5627"},"getText",[]]}
RESULT: {"script":"<script> [6424 bytes]","args":[{"element-6066-11e4-a52e-4f735466cecf":"f.A10590C3E91A9D0BB6CAA0C0A9556112.d.EC2CD9ABF504E2D64AC94E3E0210B23C.e.5627"},"getText",[]]}
COMMAND: POST /session/f85737454a4a087f20f4e06a50aa0ff9/execute/async - {"script":"<script> [1562 bytes]","args":[{"selector":{"id":"application-managepricingrules-display-component---newInfoPriceItem--condValidTo","interaction":{"idSuffix":"inner"}},"wdio_ui5_key":"applicationmanagepricingrules-display-component---newInfoPriceItem--condValidTo"}]}
RESULT: {"script":"<script> [1562 bytes]","args":[{"selector":{"id":"application-managepricingrules-display-component---newInfoPriceItem--condValidTo","interaction":{"idSuffix":"inner"}},"wdio_ui5_key":"applicationmanagepricingrules-display-component---newInfoPriceItem--condValidTo"}]}
RESULT: undefined
COMMAND: POST /session/f85737454a4a087f20f4e06a50aa0ff9/execute/async - {"script":"<script> [776 bytes]","args":[{"enterText":"01/13/26","selector":{"id":"application-managepricingrules-display-component---newInfoPriceItem--condValidTo","interaction":{"idSuffix":"inner"}},"clearTextFirst":true,"interactionType":"ENTER_TEXT"}]}
RESULT: {"script":"<script> [776 bytes]","args":[{"enterText":"01/13/26","selector":{"id":"application-managepricingrules-display-component---newInfoPriceItem--condValidTo","interaction":{"idSuffix":"inner"}},"clearTextFirst":true,"interactionType":"ENTER_TEXT"}]}
COMMAND: POST /session/f85737454a4a087f20f4e06a50aa0ff9/execute/async - {"script":"<script> [1562 bytes]","args":[{"selector":{"id":"application-managepricingrules-display-component---newInfoPriceItem--billType-arrow"},"wdio_ui5_key":"applicationmanagepricingrules-display-component---newInfoPriceItem--billType-arrow"}]}
RESULT: {"script":"<script> [1562 bytes]","args":[{"selector":{"id":"application-managepricingrules-display-component---newInfoPriceItem--billType-arrow"},"wdio_ui5_key":"applicationmanagepricingrules-display-component---newInfoPriceItem--billType-arrow"}]}
RESULT: undefined
COMMAND: POST /session/f85737454a4a087f20f4e06a50aa0ff9/element - {"using":"xpath","value":"//*[@id=\"application-managepricingrules-display-component---newInfoPriceItem--billType-arrow\"]"}
RESULT: {"using":"xpath","value":"//*[@id=\"application-managepricingrules-display-component---newInfoPriceItem--billType-arrow\"]"}
COMMAND: POST /session/f85737454a4a087f20f4e06a50aa0ff9/element/f.A10590C3E91A9D0BB6CAA0C0A9556112.d.EC2CD9ABF504E2D64AC94E3E0210B23C.e.5684/click - {}
RESULT: {}
COMMAND: POST /session/f85737454a4a087f20f4e06a50aa0ff9/element - {"using":"xpath","value":"//span[contains(text(), \"OT - Sales (one-time)\")]"}
COMMAND: GET /session/f85737454a4a087f20f4e06a50aa0ff9/screenshot - {}
RESULT: {"using":"xpath","value":"//span[contains(text(), \"OT - Sales (one-time)\")]"}
COMMAND: POST /session/f85737454a4a087f20f4e06a50aa0ff9/element/f.A10590C3E91A9D0BB6CAA0C0A9556112.d.EC2CD9ABF504E2D64AC94E3E0210B23C.e.5726/click - {}
RESULT: {}
RESULT: {}
COMMAND: POST /session/f85737454a4a087f20f4e06a50aa0ff9/execute/async - {"script":"<script> [1562 bytes]","args":[{"selector":{"id":"application-managepricingrules-display-component---newInfoPriceItem--priceProc-arrow"},"wdio_ui5_key":"applicationmanagepricingrules-display-component---newInfoPriceItem--priceProc-arrow"}]}
COMMAND: GET /session/f85737454a4a087f20f4e06a50aa0ff9/screenshot - {}
RESULT: {"script":"<script> [1562 bytes]","args":[{"selector":{"id":"application-managepricingrules-display-component---newInfoPriceItem--priceProc-arrow"},"wdio_ui5_key":"applicationmanagepricingrules-display-component---newInfoPriceItem--priceProc-arrow"}]}
RESULT: undefined
COMMAND: POST /session/f85737454a4a087f20f4e06a50aa0ff9/element - {"using":"xpath","value":"//*[@id=\"application-managepricingrules-display-component---newInfoPriceItem--priceProc-arrow\"]"}
RESULT: {}
RESULT: {"using":"xpath","value":"//*[@id=\"application-managepricingrules-display-component---newInfoPriceItem--priceProc-arrow\"]"}
COMMAND: POST /session/f85737454a4a087f20f4e06a50aa0ff9/element/f.A10590C3E91A9D0BB6CAA0C0A9556112.d.EC2CD9ABF504E2D64AC94E3E0210B23C.e.5691/click - {}
RESULT: {}
COMMAND: POST /session/f85737454a4a087f20f4e06a50aa0ff9/element - {"using":"xpath","value":"//span[contains(text(), \"MAT - Material\")]"}
COMMAND: GET /session/f85737454a4a087f20f4e06a50aa0ff9/screenshot - {}
RESULT: {"using":"xpath","value":"//span[contains(text(), \"MAT - Material\")]"}
COMMAND: POST /session/f85737454a4a087f20f4e06a50aa0ff9/element/f.A10590C3E91A9D0BB6CAA0C0A9556112.d.EC2CD9ABF504E2D64AC94E3E0210B23C.e.5727/click - {}
RESULT: {}
RESULT: {}
COMMAND: POST /session/f85737454a4a087f20f4e06a50aa0ff9/execute/async - {"script":"<script> [1562 bytes]","args":[{"selector":{"id":"application-managepricingrules-display-component---newInfoPriceItem--calcBase-arrow"},"wdio_ui5_key":"applicationmanagepricingrules-display-component---newInfoPriceItem--calcBase-arrow"}]}
COMMAND: GET /session/f85737454a4a087f20f4e06a50aa0ff9/screenshot - {}
RESULT: {"script":"<script> [1562 bytes]","args":[{"selector":{"id":"application-managepricingrules-display-component---newInfoPriceItem--calcBase-arrow"},"wdio_ui5_key":"applicationmanagepricingrules-display-component---newInfoPriceItem--calcBase-arrow"}]}
RESULT: undefined
COMMAND: POST /session/f85737454a4a087f20f4e06a50aa0ff9/element - {"using":"xpath","value":"//*[@id=\"application-managepricingrules-display-component---newInfoPriceItem--calcBase-arrow\"]"}
RESULT: {}
RESULT: {"using":"xpath","value":"//*[@id=\"application-managepricingrules-display-component---newInfoPriceItem--calcBase-arrow\"]"}
COMMAND: POST /session/f85737454a4a087f20f4e06a50aa0ff9/element/f.A10590C3E91A9D0BB6CAA0C0A9556112.d.EC2CD9ABF504E2D64AC94E3E0210B23C.e.5698/click - {}
RESULT: {}
COMMAND: GET /session/f85737454a4a087f20f4e06a50aa0ff9/screenshot - {}
RESULT: {}
COMMAND: POST /session/f85737454a4a087f20f4e06a50aa0ff9/element - {"using":"xpath","value":"//span[contains(text(), \"0001 - TB(exact month + cal_days)\")]"}
RESULT: {"using":"xpath","value":"//span[contains(text(), \"0001 - TB(exact month + cal_days)\")]"}
COMMAND: POST /session/f85737454a4a087f20f4e06a50aa0ff9/element/f.A10590C3E91A9D0BB6CAA0C0A9556112.d.EC2CD9ABF504E2D64AC94E3E0210B23C.e.5728/click - {}
RESULT: {}
COMMAND: GET /session/f85737454a4a087f20f4e06a50aa0ff9/screenshot - {}
RESULT: {}
COMMAND: POST /session/f85737454a4a087f20f4e06a50aa0ff9/element - {"using":"xpath","value":"//button[@data-kt=\"saveNewRuleButton\"]"}
RESULT: {"using":"xpath","value":"//button[@data-kt=\"saveNewRuleButton\"]"}
COMMAND: POST /session/f85737454a4a087f20f4e06a50aa0ff9/element/f.A10590C3E91A9D0BB6CAA0C0A9556112.d.EC2CD9ABF504E2D64AC94E3E0210B23C.e.5719/click - {}
RESULT: {}
COMMAND: GET /session/f85737454a4a087f20f4e06a50aa0ff9/screenshot - {}
RESULT: {}
COMMAND: POST /session/f85737454a4a087f20f4e06a50aa0ff9/execute/async - {"script":"<script> [1562 bytes]","args":[{"selector":{"id":"application-managepricingrules-display-component---priceInfoItem--smartFilterBar-btnBasicSearch","interaction":{"idSuffix":"I"}},"wdio_ui5_key":"applicationmanagepricingrules-display-component---priceInfoItem--smartFilterBar-btnBasicSearch"}]}
RESULT: {"script":"<script> [1562 bytes]","args":[{"selector":{"id":"application-managepricingrules-display-component---priceInfoItem--smartFilterBar-btnBasicSearch","interaction":{"idSuffix":"I"}},"wdio_ui5_key":"applicationmanagepricingrules-display-component---priceInfoItem--smartFilterBar-btnBasicSearch"}]}
RESULT: undefined
COMMAND: POST /session/f85737454a4a087f20f4e06a50aa0ff9/execute/async - {"script":"<script> [776 bytes]","args":[{"enterText":"200064","selector":{"id":"application-managepricingrules-display-component---priceInfoItem--smartFilterBar-btnBasicSearch","interaction":{"idSuffix":"I"}},"clearTextFirst":true,"interactionType":"ENTER_TEXT"}]}
RESULT: {"script":"<script> [776 bytes]","args":[{"enterText":"200064","selector":{"id":"application-managepricingrules-display-component---priceInfoItem--smartFilterBar-btnBasicSearch","interaction":{"idSuffix":"I"}},"clearTextFirst":true,"interactionType":"ENTER_TEXT"}]}
COMMAND: POST /session/f85737454a4a087f20f4e06a50aa0ff9/actions - {"actions":[{"id":"action23","type":"key","parameters":{},"actions":[{"type":"keyDown","value":"î€‡"},{"type":"pause","duration":10},{"type":"keyUp","value":"î€‡"}]}]}
RESULT: {"actions":[{"id":"action23","type":"key","parameters":{},"actions":[{"type":"keyDown","value":"î€‡"},{"type":"pause","duration":10},{"type":"keyUp","value":"î€‡"}]}]}
COMMAND: GET /session/f85737454a4a087f20f4e06a50aa0ff9/screenshot - {}
RESULT: {}
COMMAND: POST /session/f85737454a4a087f20f4e06a50aa0ff9/element - {"using":"xpath","value":"//span[@id=\"application-managepricingrules-display-component---priceInfoItem--smartTable-header-inner\"]"}
RESULT: {"using":"xpath","value":"//span[@id=\"application-managepricingrules-display-component---priceInfoItem--smartTable-header-inner\"]"}
COMMAND: POST /session/f85737454a4a087f20f4e06a50aa0ff9/elements - {"using":"xpath","value":"//span[@id=\"application-managepricingrules-display-component---priceInfoItem--smartTable-header-inner\"]"}
RESULT: {"using":"xpath","value":"//span[@id=\"application-managepricingrules-display-component---priceInfoItem--smartTable-header-inner\"]"}
COMMAND: POST /session/f85737454a4a087f20f4e06a50aa0ff9/execute/sync - {"script":"<script> [56 bytes]","args":[{"element-6066-11e4-a52e-4f735466cecf":"f.A10590C3E91A9D0BB6CAA0C0A9556112.d.EC2CD9ABF504E2D64AC94E3E0210B23C.e.5752","ELEMENT":"f.A10590C3E91A9D0BB6CAA0C0A9556112.d.EC2CD9ABF504E2D64AC94E3E0210B23C.e.5752"}]}
RESULT: {"script":"<script> [56 bytes]","args":[{"element-6066-11e4-a52e-4f735466cecf":"f.A10590C3E91A9D0BB6CAA0C0A9556112.d.EC2CD9ABF504E2D64AC94E3E0210B23C.e.5752","ELEMENT":"f.A10590C3E91A9D0BB6CAA0C0A9556112.d.EC2CD9ABF504E2D64AC94E3E0210B23C.e.5752"}]}
COMMAND: POST /session/f85737454a4a087f20f4e06a50aa0ff9/element - {"using":"css selector","value":"#shell-header-logo"}
COMMAND: GET /session/f85737454a4a087f20f4e06a50aa0ff9/screenshot - {}
RESULT: {"using":"css selector","value":"#shell-header-logo"}
COMMAND: POST /session/f85737454a4a087f20f4e06a50aa0ff9/element/f.A10590C3E91A9D0BB6CAA0C0A9556112.d.EC2CD9ABF504E2D64AC94E3E0210B23C.e.4976/click - {}
RESULT: {}
RESULT: {}
COMMAND: GET /session/f85737454a4a087f20f4e06a50aa0ff9/screenshot - {}
RESULT: {}
]]></system-out>
    </testcase>
    <testcase classname="chrome.136_0_7103_49.windows.US134625_Set_up_price_condition_-_one_time" name="Should create new condition one time" time="65.289">
      <system-out><![CDATA[
COMMAND: POST /session/f85737454a4a087f20f4e06a50aa0ff9/execute/async - {"script":"<script> [1562 bytes]","args":[{"selector":{"controlType":"sap.m.Text","properties":{"text":"Manage Conditions & Prices"},"interaction":{"idSuffix":"inner"}},"wdio_ui5_key":"sapm.Text{\"text\":\"Manage Conditions & Prices\"}"}]}
RESULT: {"script":"<script> [1562 bytes]","args":[{"selector":{"controlType":"sap.m.Text","properties":{"text":"Manage Conditions & Prices"},"interaction":{"idSuffix":"inner"}},"wdio_ui5_key":"sapm.Text{\"text\":\"Manage Conditions & Prices\"}"}]}
RESULT: undefined
COMMAND: POST /session/f85737454a4a087f20f4e06a50aa0ff9/element - {"using":"xpath","value":"//*[@id=\"__tile53-title\"]"}
RESULT: {"using":"xpath","value":"//*[@id=\"__tile53-title\"]"}
COMMAND: POST /session/f85737454a4a087f20f4e06a50aa0ff9/element/f.A10590C3E91A9D0BB6CAA0C0A9556112.d.EC2CD9ABF504E2D64AC94E3E0210B23C.e.5755/click - {}
RESULT: {}
COMMAND: POST /session/f85737454a4a087f20f4e06a50aa0ff9/element - {"using":"xpath","value":"//button[@aria-label=\"Create\"]"}
COMMAND: GET /session/f85737454a4a087f20f4e06a50aa0ff9/screenshot - {}
RESULT: {"using":"xpath","value":"//button[@aria-label=\"Create\"]"}
COMMAND: POST /session/f85737454a4a087f20f4e06a50aa0ff9/elements - {"using":"xpath","value":"//button[@aria-label=\"Create\"]"}
RESULT: {}
RESULT: {"using":"xpath","value":"//button[@aria-label=\"Create\"]"}
COMMAND: POST /session/f85737454a4a087f20f4e06a50aa0ff9/elements - {"using":"xpath","value":"//button[@aria-label=\"Create\"]"}
RESULT: {"using":"xpath","value":"//button[@aria-label=\"Create\"]"}
COMMAND: POST /session/f85737454a4a087f20f4e06a50aa0ff9/element - {"using":"xpath","value":"//button[@aria-label=\"Create\"]"}
RESULT: {"using":"xpath","value":"//button[@aria-label=\"Create\"]"}
COMMAND: POST /session/f85737454a4a087f20f4e06a50aa0ff9/execute/sync - {"script":"<script> [8489 bytes]","args":[{"element-6066-11e4-a52e-4f735466cecf":"f.A10590C3E91A9D0BB6CAA0C0A9556112.d.EC2CD9ABF504E2D64AC94E3E0210B23C.e.5789","ELEMENT":"f.A10590C3E91A9D0BB6CAA0C0A9556112.d.EC2CD9ABF504E2D64AC94E3E0210B23C.e.5789"}]}
RESULT: {"script":"<script> [8489 bytes]","args":[{"element-6066-11e4-a52e-4f735466cecf":"f.A10590C3E91A9D0BB6CAA0C0A9556112.d.EC2CD9ABF504E2D64AC94E3E0210B23C.e.5789","ELEMENT":"f.A10590C3E91A9D0BB6CAA0C0A9556112.d.EC2CD9ABF504E2D64AC94E3E0210B23C.e.5789"}]}
COMMAND: GET /session/f85737454a4a087f20f4e06a50aa0ff9/element/f.A10590C3E91A9D0BB6CAA0C0A9556112.d.EC2CD9ABF504E2D64AC94E3E0210B23C.e.5789/enabled - {}
COMMAND: GET /session/f85737454a4a087f20f4e06a50aa0ff9/screenshot - {}
RESULT: {}
COMMAND: POST /session/f85737454a4a087f20f4e06a50aa0ff9/execute/sync - {"script":"<script> [8489 bytes]","args":[{"element-6066-11e4-a52e-4f735466cecf":"f.A10590C3E91A9D0BB6CAA0C0A9556112.d.EC2CD9ABF504E2D64AC94E3E0210B23C.e.5789","ELEMENT":"f.A10590C3E91A9D0BB6CAA0C0A9556112.d.EC2CD9ABF504E2D64AC94E3E0210B23C.e.5789"}]}
COMMAND: GET /session/f85737454a4a087f20f4e06a50aa0ff9/screenshot - {}
RESULT: {}
RESULT: {"script":"<script> [8489 bytes]","args":[{"element-6066-11e4-a52e-4f735466cecf":"f.A10590C3E91A9D0BB6CAA0C0A9556112.d.EC2CD9ABF504E2D64AC94E3E0210B23C.e.5789","ELEMENT":"f.A10590C3E91A9D0BB6CAA0C0A9556112.d.EC2CD9ABF504E2D64AC94E3E0210B23C.e.5789"}]}
COMMAND: POST /session/f85737454a4a087f20f4e06a50aa0ff9/execute/sync - {"script":"<script> [5351 bytes]","args":[{"element-6066-11e4-a52e-4f735466cecf":"f.A10590C3E91A9D0BB6CAA0C0A9556112.d.EC2CD9ABF504E2D64AC94E3E0210B23C.e.5789","ELEMENT":"f.A10590C3E91A9D0BB6CAA0C0A9556112.d.EC2CD9ABF504E2D64AC94E3E0210B23C.e.5789"}]}
COMMAND: GET /session/f85737454a4a087f20f4e06a50aa0ff9/screenshot - {}
RESULT: {}
RESULT: {"script":"<script> [5351 bytes]","args":[{"element-6066-11e4-a52e-4f735466cecf":"f.A10590C3E91A9D0BB6CAA0C0A9556112.d.EC2CD9ABF504E2D64AC94E3E0210B23C.e.5789","ELEMENT":"f.A10590C3E91A9D0BB6CAA0C0A9556112.d.EC2CD9ABF504E2D64AC94E3E0210B23C.e.5789"}]}
COMMAND: POST /session/f85737454a4a087f20f4e06a50aa0ff9/element/f.A10590C3E91A9D0BB6CAA0C0A9556112.d.EC2CD9ABF504E2D64AC94E3E0210B23C.e.5789/click - {}
COMMAND: GET /session/f85737454a4a087f20f4e06a50aa0ff9/screenshot - {}
RESULT: {}
RESULT: {}
COMMAND: GET /session/f85737454a4a087f20f4e06a50aa0ff9/screenshot - {}
RESULT: {}
RESULT: {}
COMMAND: POST /session/f85737454a4a087f20f4e06a50aa0ff9/actions - {"actions":[{"id":"action24","type":"key","parameters":{},"actions":[{"type":"keyDown","value":"î€‡"},{"type":"pause","duration":10},{"type":"keyUp","value":"î€‡"}]}]}
RESULT: {"actions":[{"id":"action24","type":"key","parameters":{},"actions":[{"type":"keyDown","value":"î€‡"},{"type":"pause","duration":10},{"type":"keyUp","value":"î€‡"}]}]}
COMMAND: GET /session/f85737454a4a087f20f4e06a50aa0ff9/screenshot - {}
RESULT: {}
COMMAND: POST /session/f85737454a4a087f20f4e06a50aa0ff9/execute/async - {"script":"<script> [1562 bytes]","args":[{"selector":{"id":"application-manageconditionprice-display-component---newCondition--condBillCond-arrow"},"wdio_ui5_key":"applicationmanageconditionprice-display-component---newCondition--condBillCond-arrow"}]}
RESULT: {"script":"<script> [1562 bytes]","args":[{"selector":{"id":"application-manageconditionprice-display-component---newCondition--condBillCond-arrow"},"wdio_ui5_key":"applicationmanageconditionprice-display-component---newCondition--condBillCond-arrow"}]}
RESULT: undefined
COMMAND: POST /session/f85737454a4a087f20f4e06a50aa0ff9/element - {"using":"xpath","value":"//*[@id=\"application-manageconditionprice-display-component---newCondition--condBillCond-arrow\"]"}
RESULT: {"using":"xpath","value":"//*[@id=\"application-manageconditionprice-display-component---newCondition--condBillCond-arrow\"]"}
COMMAND: POST /session/f85737454a4a087f20f4e06a50aa0ff9/element/f.A10590C3E91A9D0BB6CAA0C0A9556112.d.EC2CD9ABF504E2D64AC94E3E0210B23C.e.5961/click - {}
RESULT: {}
COMMAND: GET /session/f85737454a4a087f20f4e06a50aa0ff9/screenshot - {}
RESULT: {}
COMMAND: POST /session/f85737454a4a087f20f4e06a50aa0ff9/element - {"using":"xpath","value":"//li[.//span[contains(text(), \"SAPR - Sales price\")]]"}
RESULT: {"using":"xpath","value":"//li[.//span[contains(text(), \"SAPR - Sales price\")]]"}
COMMAND: POST /session/f85737454a4a087f20f4e06a50aa0ff9/element/f.A10590C3E91A9D0BB6CAA0C0A9556112.d.EC2CD9ABF504E2D64AC94E3E0210B23C.e.5965/click - {}
RESULT: {}
COMMAND: GET /session/f85737454a4a087f20f4e06a50aa0ff9/screenshot - {}
RESULT: {}
COMMAND: POST /session/f85737454a4a087f20f4e06a50aa0ff9/execute/async - {"script":"<script> [1562 bytes]","args":[{"selector":{"id":"application-manageconditionprice-display-component---newCondition--condValidTo","interaction":{"idSuffix":"inner"}},"wdio_ui5_key":"applicationmanageconditionprice-display-component---newCondition--condValidTo"}]}
RESULT: {"script":"<script> [1562 bytes]","args":[{"selector":{"id":"application-manageconditionprice-display-component---newCondition--condValidTo","interaction":{"idSuffix":"inner"}},"wdio_ui5_key":"applicationmanageconditionprice-display-component---newCondition--condValidTo"}]}
RESULT: undefined
COMMAND: POST /session/f85737454a4a087f20f4e06a50aa0ff9/execute/async - {"script":"<script> [776 bytes]","args":[{"enterText":"01/13/26","selector":{"id":"application-manageconditionprice-display-component---newCondition--condValidTo","interaction":{"idSuffix":"inner"}},"clearTextFirst":true,"interactionType":"ENTER_TEXT"}]}
RESULT: {"script":"<script> [776 bytes]","args":[{"enterText":"01/13/26","selector":{"id":"application-manageconditionprice-display-component---newCondition--condValidTo","interaction":{"idSuffix":"inner"}},"clearTextFirst":true,"interactionType":"ENTER_TEXT"}]}
COMMAND: POST /session/f85737454a4a087f20f4e06a50aa0ff9/element - {"using":"xpath","value":"//input[@id=\"application-manageconditionprice-display-component---newCondition--condRU-inner\"]"}
RESULT: {"using":"xpath","value":"//input[@id=\"application-manageconditionprice-display-component---newCondition--condRU-inner\"]"}
COMMAND: POST /session/f85737454a4a087f20f4e06a50aa0ff9/element/f.A10590C3E91A9D0BB6CAA0C0A9556112.d.EC2CD9ABF504E2D64AC94E3E0210B23C.e.5832/clear - {}
RESULT: {}
COMMAND: POST /session/f85737454a4a087f20f4e06a50aa0ff9/element/f.A10590C3E91A9D0BB6CAA0C0A9556112.d.EC2CD9ABF504E2D64AC94E3E0210B23C.e.5832/value - {"text":"200064"}
COMMAND: GET /session/f85737454a4a087f20f4e06a50aa0ff9/screenshot - {}
RESULT: {"text":"200064"}
COMMAND: GET /session/f85737454a4a087f20f4e06a50aa0ff9/screenshot - {}
RESULT: {}
RESULT: {}
COMMAND: POST /session/f85737454a4a087f20f4e06a50aa0ff9/actions - {"actions":[{"id":"action25","type":"key","parameters":{},"actions":[{"type":"keyDown","value":"î€‡"},{"type":"pause","duration":10},{"type":"keyUp","value":"î€‡"}]}]}
RESULT: {"actions":[{"id":"action25","type":"key","parameters":{},"actions":[{"type":"keyDown","value":"î€‡"},{"type":"pause","duration":10},{"type":"keyUp","value":"î€‡"}]}]}
COMMAND: POST /session/f85737454a4a087f20f4e06a50aa0ff9/execute/async - {"script":"<script> [1562 bytes]","args":[{"selector":{"id":"application-manageconditionprice-display-component---newCondition--condBaseQty","interaction":{"idSuffix":"inner"}},"wdio_ui5_key":"applicationmanageconditionprice-display-component---newCondition--condBaseQty"}]}
COMMAND: GET /session/f85737454a4a087f20f4e06a50aa0ff9/screenshot - {}
RESULT: {"script":"<script> [1562 bytes]","args":[{"selector":{"id":"application-manageconditionprice-display-component---newCondition--condBaseQty","interaction":{"idSuffix":"inner"}},"wdio_ui5_key":"applicationmanageconditionprice-display-component---newCondition--condBaseQty"}]}
RESULT: undefined
COMMAND: POST /session/f85737454a4a087f20f4e06a50aa0ff9/execute/async - {"script":"<script> [776 bytes]","args":[{"enterText":"1","selector":{"id":"application-manageconditionprice-display-component---newCondition--condBaseQty","interaction":{"idSuffix":"inner"}},"clearTextFirst":true,"interactionType":"ENTER_TEXT"}]}
RESULT: {}
RESULT: {"script":"<script> [776 bytes]","args":[{"enterText":"1","selector":{"id":"application-manageconditionprice-display-component---newCondition--condBaseQty","interaction":{"idSuffix":"inner"}},"clearTextFirst":true,"interactionType":"ENTER_TEXT"}]}
COMMAND: POST /session/f85737454a4a087f20f4e06a50aa0ff9/execute/async - {"script":"<script> [1562 bytes]","args":[{"selector":{"id":"application-manageconditionprice-display-component---newCondition--condValue","interaction":{"idSuffix":"inner"}},"wdio_ui5_key":"applicationmanageconditionprice-display-component---newCondition--condValue"}]}
RESULT: {"script":"<script> [1562 bytes]","args":[{"selector":{"id":"application-manageconditionprice-display-component---newCondition--condValue","interaction":{"idSuffix":"inner"}},"wdio_ui5_key":"applicationmanageconditionprice-display-component---newCondition--condValue"}]}
RESULT: undefined
COMMAND: POST /session/f85737454a4a087f20f4e06a50aa0ff9/execute/async - {"script":"<script> [776 bytes]","args":[{"enterText":"100.00","selector":{"id":"application-manageconditionprice-display-component---newCondition--condValue","interaction":{"idSuffix":"inner"}},"clearTextFirst":true,"interactionType":"ENTER_TEXT"}]}
RESULT: {"script":"<script> [776 bytes]","args":[{"enterText":"100.00","selector":{"id":"application-manageconditionprice-display-component---newCondition--condValue","interaction":{"idSuffix":"inner"}},"clearTextFirst":true,"interactionType":"ENTER_TEXT"}]}
COMMAND: POST /session/f85737454a4a087f20f4e06a50aa0ff9/execute/async - {"script":"<script> [1562 bytes]","args":[{"selector":{"id":"application-manageconditionprice-display-component---newCondition--condCurr-arrow"},"wdio_ui5_key":"applicationmanageconditionprice-display-component---newCondition--condCurr-arrow"}]}
RESULT: {"script":"<script> [1562 bytes]","args":[{"selector":{"id":"application-manageconditionprice-display-component---newCondition--condCurr-arrow"},"wdio_ui5_key":"applicationmanageconditionprice-display-component---newCondition--condCurr-arrow"}]}
RESULT: undefined
COMMAND: POST /session/f85737454a4a087f20f4e06a50aa0ff9/element - {"using":"xpath","value":"//*[@id=\"application-manageconditionprice-display-component---newCondition--condCurr-arrow\"]"}
RESULT: {"using":"xpath","value":"//*[@id=\"application-manageconditionprice-display-component---newCondition--condCurr-arrow\"]"}
COMMAND: POST /session/f85737454a4a087f20f4e06a50aa0ff9/element/f.A10590C3E91A9D0BB6CAA0C0A9556112.d.EC2CD9ABF504E2D64AC94E3E0210B23C.e.5930/click - {}
RESULT: {}
COMMAND: POST /session/f85737454a4a087f20f4e06a50aa0ff9/element - {"using":"xpath","value":"//span[contains(text(), \"Euro\")]"}
COMMAND: GET /session/f85737454a4a087f20f4e06a50aa0ff9/screenshot - {}
RESULT: {"using":"xpath","value":"//span[contains(text(), \"Euro\")]"}
COMMAND: POST /session/f85737454a4a087f20f4e06a50aa0ff9/element/f.A10590C3E91A9D0BB6CAA0C0A9556112.d.EC2CD9ABF504E2D64AC94E3E0210B23C.e.6001/click - {}
RESULT: {}
RESULT: {}
COMMAND: POST /session/f85737454a4a087f20f4e06a50aa0ff9/element - {"using":"xpath","value":"//button[@data-kt=\"saveButton\"]"}
RESULT: {"using":"xpath","value":"//button[@data-kt=\"saveButton\"]"}
COMMAND: POST /session/f85737454a4a087f20f4e06a50aa0ff9/element/f.A10590C3E91A9D0BB6CAA0C0A9556112.d.EC2CD9ABF504E2D64AC94E3E0210B23C.e.5931/click - {}
COMMAND: GET /session/f85737454a4a087f20f4e06a50aa0ff9/screenshot - {}
RESULT: {}
COMMAND: GET /session/f85737454a4a087f20f4e06a50aa0ff9/screenshot - {}
RESULT: {}
RESULT: {}
COMMAND: POST /session/f85737454a4a087f20f4e06a50aa0ff9/execute/async - {"script":"<script> [1562 bytes]","args":[{"selector":{"id":"application-manageconditionprice-display-component---conditions--smartFilterBar-btnBasicSearch","interaction":{"idSuffix":"I"}},"wdio_ui5_key":"applicationmanageconditionprice-display-component---conditions--smartFilterBar-btnBasicSearch"}]}
RESULT: {"script":"<script> [1562 bytes]","args":[{"selector":{"id":"application-manageconditionprice-display-component---conditions--smartFilterBar-btnBasicSearch","interaction":{"idSuffix":"I"}},"wdio_ui5_key":"applicationmanageconditionprice-display-component---conditions--smartFilterBar-btnBasicSearch"}]}
RESULT: undefined
COMMAND: POST /session/f85737454a4a087f20f4e06a50aa0ff9/execute/async - {"script":"<script> [776 bytes]","args":[{"enterText":"200064","selector":{"id":"application-manageconditionprice-display-component---conditions--smartFilterBar-btnBasicSearch","interaction":{"idSuffix":"I"}},"clearTextFirst":true,"interactionType":"ENTER_TEXT"}]}
RESULT: {"script":"<script> [776 bytes]","args":[{"enterText":"200064","selector":{"id":"application-manageconditionprice-display-component---conditions--smartFilterBar-btnBasicSearch","interaction":{"idSuffix":"I"}},"clearTextFirst":true,"interactionType":"ENTER_TEXT"}]}
COMMAND: POST /session/f85737454a4a087f20f4e06a50aa0ff9/actions - {"actions":[{"id":"action26","type":"key","parameters":{},"actions":[{"type":"keyDown","value":"î€‡"},{"type":"pause","duration":10},{"type":"keyUp","value":"î€‡"}]}]}
RESULT: {"actions":[{"id":"action26","type":"key","parameters":{},"actions":[{"type":"keyDown","value":"î€‡"},{"type":"pause","duration":10},{"type":"keyUp","value":"î€‡"}]}]}
COMMAND: GET /session/f85737454a4a087f20f4e06a50aa0ff9/screenshot - {}
RESULT: {}
COMMAND: POST /session/f85737454a4a087f20f4e06a50aa0ff9/execute/async - {"script":"<script> [1562 bytes]","args":[{"selector":{"id":"application-manageconditionprice-display-component---conditions--smartFilterBar-filterItemControl_BASIC-BILL_TYPES-vhi"},"wdio_ui5_key":"applicationmanageconditionprice-display-component---conditions--smartFilterBar-filterItemControl_BASIC-BILL_TYPES-vhi"}]}
RESULT: {"script":"<script> [1562 bytes]","args":[{"selector":{"id":"application-manageconditionprice-display-component---conditions--smartFilterBar-filterItemControl_BASIC-BILL_TYPES-vhi"},"wdio_ui5_key":"applicationmanageconditionprice-display-component---conditions--smartFilterBar-filterItemControl_BASIC-BILL_TYPES-vhi"}]}
RESULT: undefined
COMMAND: POST /session/f85737454a4a087f20f4e06a50aa0ff9/element - {"using":"xpath","value":"//*[@id=\"application-manageconditionprice-display-component---conditions--smartFilterBar-filterItemControl_BASIC-BILL_TYPES-vhi\"]"}
RESULT: {"using":"xpath","value":"//*[@id=\"application-manageconditionprice-display-component---conditions--smartFilterBar-filterItemControl_BASIC-BILL_TYPES-vhi\"]"}
COMMAND: POST /session/f85737454a4a087f20f4e06a50aa0ff9/element/f.A10590C3E91A9D0BB6CAA0C0A9556112.d.EC2CD9ABF504E2D64AC94E3E0210B23C.e.6107/click - {}
RESULT: {}
COMMAND: POST /session/f85737454a4a087f20f4e06a50aa0ff9/execute/async - {"script":"<script> [1562 bytes]","args":[{"selector":{"id":"application-manageconditionprice-display-component---conditions--smartFilterBar-filterItemControl_BASIC-BILL_TYPES-valueHelpDialog-smartFilterBar-btnBasicSearch","searchOpenDialogs":true,"interaction":{"idSuffix":"I"}},"wdio_ui5_key":"applicationmanageconditionprice-display-component---conditions--smartFilterBar-filterItemControl_BASIC-BILL_TYPES-valueHelpDialog-smartFilterBar-btnBasicSearch"}]}
COMMAND: GET /session/f85737454a4a087f20f4e06a50aa0ff9/screenshot - {}
RESULT: {"script":"<script> [1562 bytes]","args":[{"selector":{"id":"application-manageconditionprice-display-component---conditions--smartFilterBar-filterItemControl_BASIC-BILL_TYPES-valueHelpDialog-smartFilterBar-btnBasicSearch","searchOpenDialogs":true,"interaction":{"idSuffix":"I"}},"wdio_ui5_key":"applicationmanageconditionprice-display-component---conditions--smartFilterBar-filterItemControl_BASIC-BILL_TYPES-valueHelpDialog-smartFilterBar-btnBasicSearch"}]}
RESULT: undefined
COMMAND: POST /session/f85737454a4a087f20f4e06a50aa0ff9/execute/async - {"script":"<script> [776 bytes]","args":[{"enterText":"one","selector":{"id":"application-manageconditionprice-display-component---conditions--smartFilterBar-filterItemControl_BASIC-BILL_TYPES-valueHelpDialog-smartFilterBar-btnBasicSearch","searchOpenDialogs":true,"interaction":{"idSuffix":"I"}},"clearTextFirst":true,"interactionType":"ENTER_TEXT"}]}
RESULT: {}
RESULT: {"script":"<script> [776 bytes]","args":[{"enterText":"one","selector":{"id":"application-manageconditionprice-display-component---conditions--smartFilterBar-filterItemControl_BASIC-BILL_TYPES-valueHelpDialog-smartFilterBar-btnBasicSearch","searchOpenDialogs":true,"interaction":{"idSuffix":"I"}},"clearTextFirst":true,"interactionType":"ENTER_TEXT"}]}
COMMAND: POST /session/f85737454a4a087f20f4e06a50aa0ff9/actions - {"actions":[{"id":"action27","type":"key","parameters":{},"actions":[{"type":"keyDown","value":"î€‡"},{"type":"pause","duration":10},{"type":"keyUp","value":"î€‡"}]}]}
RESULT: {"actions":[{"id":"action27","type":"key","parameters":{},"actions":[{"type":"keyDown","value":"î€‡"},{"type":"pause","duration":10},{"type":"keyUp","value":"î€‡"}]}]}
COMMAND: GET /session/f85737454a4a087f20f4e06a50aa0ff9/screenshot - {}
RESULT: {}
COMMAND: POST /session/f85737454a4a087f20f4e06a50aa0ff9/element - {"using":"xpath","value":"//div[contains(@id, 'application-manageconditionprice-display-component---conditions--smartFilterBar-filterItemControl_BASIC-BILL_TYPES-valueHelpDialog-table-rowsel0')]"}
RESULT: {"using":"xpath","value":"//div[contains(@id, 'application-manageconditionprice-display-component---conditions--smartFilterBar-filterItemControl_BASIC-BILL_TYPES-valueHelpDialog-table-rowsel0')]"}
COMMAND: POST /session/f85737454a4a087f20f4e06a50aa0ff9/element/f.A10590C3E91A9D0BB6CAA0C0A9556112.d.EC2CD9ABF504E2D64AC94E3E0210B23C.e.6117/click - {}
RESULT: {}
COMMAND: GET /session/f85737454a4a087f20f4e06a50aa0ff9/screenshot - {}
RESULT: {}
COMMAND: POST /session/f85737454a4a087f20f4e06a50aa0ff9/element - {"using":"xpath","value":"//bdi[contains(text(), \"OK\")]"}
RESULT: {"using":"xpath","value":"//bdi[contains(text(), \"OK\")]"}
COMMAND: POST /session/f85737454a4a087f20f4e06a50aa0ff9/element/f.A10590C3E91A9D0BB6CAA0C0A9556112.d.EC2CD9ABF504E2D64AC94E3E0210B23C.e.6119/click - {}
RESULT: {}
COMMAND: GET /session/f85737454a4a087f20f4e06a50aa0ff9/screenshot - {}
RESULT: {}
COMMAND: POST /session/f85737454a4a087f20f4e06a50aa0ff9/element - {"using":"xpath","value":"//span[@id=\"application-manageconditionprice-display-component---conditions--smartTable-header-inner\"]"}
RESULT: {"using":"xpath","value":"//span[@id=\"application-manageconditionprice-display-component---conditions--smartTable-header-inner\"]"}
COMMAND: POST /session/f85737454a4a087f20f4e06a50aa0ff9/elements - {"using":"xpath","value":"//span[@id=\"application-manageconditionprice-display-component---conditions--smartTable-header-inner\"]"}
RESULT: {"using":"xpath","value":"//span[@id=\"application-manageconditionprice-display-component---conditions--smartTable-header-inner\"]"}
COMMAND: POST /session/f85737454a4a087f20f4e06a50aa0ff9/execute/sync - {"script":"<script> [56 bytes]","args":[{"element-6066-11e4-a52e-4f735466cecf":"f.A10590C3E91A9D0BB6CAA0C0A9556112.d.EC2CD9ABF504E2D64AC94E3E0210B23C.e.6122","ELEMENT":"f.A10590C3E91A9D0BB6CAA0C0A9556112.d.EC2CD9ABF504E2D64AC94E3E0210B23C.e.6122"}]}
RESULT: {"script":"<script> [56 bytes]","args":[{"element-6066-11e4-a52e-4f735466cecf":"f.A10590C3E91A9D0BB6CAA0C0A9556112.d.EC2CD9ABF504E2D64AC94E3E0210B23C.e.6122","ELEMENT":"f.A10590C3E91A9D0BB6CAA0C0A9556112.d.EC2CD9ABF504E2D64AC94E3E0210B23C.e.6122"}]}
COMMAND: POST /session/f85737454a4a087f20f4e06a50aa0ff9/element - {"using":"css selector","value":"#shell-header-logo"}
COMMAND: GET /session/f85737454a4a087f20f4e06a50aa0ff9/screenshot - {}
RESULT: {"using":"css selector","value":"#shell-header-logo"}
COMMAND: POST /session/f85737454a4a087f20f4e06a50aa0ff9/element/f.A10590C3E91A9D0BB6CAA0C0A9556112.d.EC2CD9ABF504E2D64AC94E3E0210B23C.e.5757/click - {}
RESULT: {}
RESULT: {}
COMMAND: GET /session/f85737454a4a087f20f4e06a50aa0ff9/screenshot - {}
RESULT: {}
]]></system-out>
    </testcase>
    <testcase classname="chrome.136_0_7103_49.windows.US134625_Set_up_price_condition_-_one_time" name="Should create a new contract" time="57.644">
      <system-out><![CDATA[
COMMAND: POST /session/f85737454a4a087f20f4e06a50aa0ff9/execute/async - {"script":"<script> [1562 bytes]","args":[{"selector":{"controlType":"sap.m.Text","viewName":"etm.portal.ui.managecontractstile.view.Master","properties":{"text":"Manage Contracts"},"interaction":{"idSuffix":"inner"}},"wdio_ui5_key":"etmportal.ui.managecontractstile.view.Mastersap.m.Text{\"text\":\"Manage Contracts\"}"}]}
RESULT: {"script":"<script> [1562 bytes]","args":[{"selector":{"controlType":"sap.m.Text","viewName":"etm.portal.ui.managecontractstile.view.Master","properties":{"text":"Manage Contracts"},"interaction":{"idSuffix":"inner"}},"wdio_ui5_key":"etmportal.ui.managecontractstile.view.Mastersap.m.Text{\"text\":\"Manage Contracts\"}"}]}
RESULT: undefined
COMMAND: POST /session/f85737454a4a087f20f4e06a50aa0ff9/element - {"using":"xpath","value":"//*[@id=\"__tile130-title\"]"}
RESULT: {"using":"xpath","value":"//*[@id=\"__tile130-title\"]"}
COMMAND: POST /session/f85737454a4a087f20f4e06a50aa0ff9/element/f.A10590C3E91A9D0BB6CAA0C0A9556112.d.EC2CD9ABF504E2D64AC94E3E0210B23C.e.6127/click - {}
RESULT: {}
COMMAND: GET /session/f85737454a4a087f20f4e06a50aa0ff9/screenshot - {}
RESULT: {}
COMMAND: POST /session/f85737454a4a087f20f4e06a50aa0ff9/element - {"using":"xpath","value":"//button[@data-kt=\"addButton\"]"}
RESULT: {"using":"xpath","value":"//button[@data-kt=\"addButton\"]"}
COMMAND: POST /session/f85737454a4a087f20f4e06a50aa0ff9/elements - {"using":"xpath","value":"//button[@data-kt=\"addButton\"]"}
RESULT: {"using":"xpath","value":"//button[@data-kt=\"addButton\"]"}
COMMAND: POST /session/f85737454a4a087f20f4e06a50aa0ff9/elements - {"using":"xpath","value":"//button[@data-kt=\"addButton\"]"}
RESULT: {"using":"xpath","value":"//button[@data-kt=\"addButton\"]"}
COMMAND: POST /session/f85737454a4a087f20f4e06a50aa0ff9/element - {"using":"xpath","value":"//button[@data-kt=\"addButton\"]"}
RESULT: {"using":"xpath","value":"//button[@data-kt=\"addButton\"]"}
COMMAND: POST /session/f85737454a4a087f20f4e06a50aa0ff9/execute/sync - {"script":"<script> [8489 bytes]","args":[{"element-6066-11e4-a52e-4f735466cecf":"f.A10590C3E91A9D0BB6CAA0C0A9556112.d.EC2CD9ABF504E2D64AC94E3E0210B23C.e.6168","ELEMENT":"f.A10590C3E91A9D0BB6CAA0C0A9556112.d.EC2CD9ABF504E2D64AC94E3E0210B23C.e.6168"}]}
RESULT: {"script":"<script> [8489 bytes]","args":[{"element-6066-11e4-a52e-4f735466cecf":"f.A10590C3E91A9D0BB6CAA0C0A9556112.d.EC2CD9ABF504E2D64AC94E3E0210B23C.e.6168","ELEMENT":"f.A10590C3E91A9D0BB6CAA0C0A9556112.d.EC2CD9ABF504E2D64AC94E3E0210B23C.e.6168"}]}
COMMAND: GET /session/f85737454a4a087f20f4e06a50aa0ff9/element/f.A10590C3E91A9D0BB6CAA0C0A9556112.d.EC2CD9ABF504E2D64AC94E3E0210B23C.e.6168/enabled - {}
COMMAND: GET /session/f85737454a4a087f20f4e06a50aa0ff9/screenshot - {}
RESULT: {}
COMMAND: POST /session/f85737454a4a087f20f4e06a50aa0ff9/execute/sync - {"script":"<script> [8489 bytes]","args":[{"element-6066-11e4-a52e-4f735466cecf":"f.A10590C3E91A9D0BB6CAA0C0A9556112.d.EC2CD9ABF504E2D64AC94E3E0210B23C.e.6168","ELEMENT":"f.A10590C3E91A9D0BB6CAA0C0A9556112.d.EC2CD9ABF504E2D64AC94E3E0210B23C.e.6168"}]}
COMMAND: GET /session/f85737454a4a087f20f4e06a50aa0ff9/screenshot - {}
RESULT: {}
RESULT: {"script":"<script> [8489 bytes]","args":[{"element-6066-11e4-a52e-4f735466cecf":"f.A10590C3E91A9D0BB6CAA0C0A9556112.d.EC2CD9ABF504E2D64AC94E3E0210B23C.e.6168","ELEMENT":"f.A10590C3E91A9D0BB6CAA0C0A9556112.d.EC2CD9ABF504E2D64AC94E3E0210B23C.e.6168"}]}
COMMAND: POST /session/f85737454a4a087f20f4e06a50aa0ff9/execute/sync - {"script":"<script> [5351 bytes]","args":[{"element-6066-11e4-a52e-4f735466cecf":"f.A10590C3E91A9D0BB6CAA0C0A9556112.d.EC2CD9ABF504E2D64AC94E3E0210B23C.e.6168","ELEMENT":"f.A10590C3E91A9D0BB6CAA0C0A9556112.d.EC2CD9ABF504E2D64AC94E3E0210B23C.e.6168"}]}
COMMAND: GET /session/f85737454a4a087f20f4e06a50aa0ff9/screenshot - {}
RESULT: {}
RESULT: {"script":"<script> [5351 bytes]","args":[{"element-6066-11e4-a52e-4f735466cecf":"f.A10590C3E91A9D0BB6CAA0C0A9556112.d.EC2CD9ABF504E2D64AC94E3E0210B23C.e.6168","ELEMENT":"f.A10590C3E91A9D0BB6CAA0C0A9556112.d.EC2CD9ABF504E2D64AC94E3E0210B23C.e.6168"}]}
COMMAND: GET /session/f85737454a4a087f20f4e06a50aa0ff9/screenshot - {}
RESULT: {}
RESULT: {}
COMMAND: POST /session/f85737454a4a087f20f4e06a50aa0ff9/element/f.A10590C3E91A9D0BB6CAA0C0A9556112.d.EC2CD9ABF504E2D64AC94E3E0210B23C.e.6168/click - {}
RESULT: {}
COMMAND: GET /session/f85737454a4a087f20f4e06a50aa0ff9/screenshot - {}
COMMAND: POST /session/f85737454a4a087f20f4e06a50aa0ff9/execute/async - {"script":"<script> [1562 bytes]","args":[{"selector":{"id":"application-managecontracts-display-component---AddNewContract--projectDescription","interaction":{"idSuffix":"inner"}},"wdio_ui5_key":"applicationmanagecontracts-display-component---AddNewContract--projectDescription"}]}
RESULT: {}
RESULT: {"script":"<script> [1562 bytes]","args":[{"selector":{"id":"application-managecontracts-display-component---AddNewContract--projectDescription","interaction":{"idSuffix":"inner"}},"wdio_ui5_key":"applicationmanagecontracts-display-component---AddNewContract--projectDescription"}]}
RESULT: undefined
COMMAND: POST /session/f85737454a4a087f20f4e06a50aa0ff9/execute/async - {"script":"<script> [776 bytes]","args":[{"enterText":"Intercompany Contract WDIO","selector":{"id":"application-managecontracts-display-component---AddNewContract--projectDescription","interaction":{"idSuffix":"inner"}},"clearTextFirst":true,"interactionType":"ENTER_TEXT"}]}
RESULT: {"script":"<script> [776 bytes]","args":[{"enterText":"Intercompany Contract WDIO","selector":{"id":"application-managecontracts-display-component---AddNewContract--projectDescription","interaction":{"idSuffix":"inner"}},"clearTextFirst":true,"interactionType":"ENTER_TEXT"}]}
COMMAND: POST /session/f85737454a4a087f20f4e06a50aa0ff9/element - {"using":"xpath","value":"//input[@id=\"application-managecontracts-display-component---AddNewContract--site-inner\"]"}
RESULT: {"using":"xpath","value":"//input[@id=\"application-managecontracts-display-component---AddNewContract--site-inner\"]"}
COMMAND: POST /session/f85737454a4a087f20f4e06a50aa0ff9/element/f.A10590C3E91A9D0BB6CAA0C0A9556112.d.EC2CD9ABF504E2D64AC94E3E0210B23C.e.6535/clear - {}
RESULT: {}
COMMAND: POST /session/f85737454a4a087f20f4e06a50aa0ff9/element/f.A10590C3E91A9D0BB6CAA0C0A9556112.d.EC2CD9ABF504E2D64AC94E3E0210B23C.e.6535/value - {"text":"2044"}
COMMAND: GET /session/f85737454a4a087f20f4e06a50aa0ff9/screenshot - {}
RESULT: {"text":"2044"}
COMMAND: GET /session/f85737454a4a087f20f4e06a50aa0ff9/screenshot - {}
RESULT: {}
RESULT: {}
COMMAND: POST /session/f85737454a4a087f20f4e06a50aa0ff9/element - {"using":"xpath","value":"//li[.//span[text()='2044']]"}
RESULT: {"using":"xpath","value":"//li[.//span[text()='2044']]"}
COMMAND: POST /session/f85737454a4a087f20f4e06a50aa0ff9/element/f.A10590C3E91A9D0BB6CAA0C0A9556112.d.EC2CD9ABF504E2D64AC94E3E0210B23C.e.6568/click - {}
RESULT: {}
COMMAND: GET /session/f85737454a4a087f20f4e06a50aa0ff9/screenshot - {}
RESULT: {}
COMMAND: POST /session/f85737454a4a087f20f4e06a50aa0ff9/element - {"using":"xpath","value":"//input[@id=\"application-managecontracts-display-component---AddNewContract--yardId-inner\"]"}
RESULT: {"using":"xpath","value":"//input[@id=\"application-managecontracts-display-component---AddNewContract--yardId-inner\"]"}
COMMAND: GET /session/f85737454a4a087f20f4e06a50aa0ff9/element/f.A10590C3E91A9D0BB6CAA0C0A9556112.d.EC2CD9ABF504E2D64AC94E3E0210B23C.e.6536/property/value - {}
RESULT: {}
COMMAND: POST /session/f85737454a4a087f20f4e06a50aa0ff9/element - {"using":"xpath","value":"//input[@id=\"application-managecontracts-display-component---AddNewContract--customerSelect-inner\"]"}
COMMAND: GET /session/f85737454a4a087f20f4e06a50aa0ff9/screenshot - {}
RESULT: {"using":"xpath","value":"//input[@id=\"application-managecontracts-display-component---AddNewContract--customerSelect-inner\"]"}
COMMAND: POST /session/f85737454a4a087f20f4e06a50aa0ff9/element/f.A10590C3E91A9D0BB6CAA0C0A9556112.d.EC2CD9ABF504E2D64AC94E3E0210B23C.e.6534/clear - {}
RESULT: {}
RESULT: {}
COMMAND: POST /session/f85737454a4a087f20f4e06a50aa0ff9/element/f.A10590C3E91A9D0BB6CAA0C0A9556112.d.EC2CD9ABF504E2D64AC94E3E0210B23C.e.6534/value - {"text":"1047"}
COMMAND: GET /session/f85737454a4a087f20f4e06a50aa0ff9/screenshot - {}
RESULT: {"text":"1047"}
COMMAND: GET /session/f85737454a4a087f20f4e06a50aa0ff9/screenshot - {}
RESULT: {}
RESULT: {}
COMMAND: POST /session/f85737454a4a087f20f4e06a50aa0ff9/element - {"using":"xpath","value":"//li[.//span[text()='1047']]"}
RESULT: {"using":"xpath","value":"//li[.//span[text()='1047']]"}
COMMAND: POST /session/f85737454a4a087f20f4e06a50aa0ff9/element/f.A10590C3E91A9D0BB6CAA0C0A9556112.d.EC2CD9ABF504E2D64AC94E3E0210B23C.e.6571/click - {}
RESULT: {}
COMMAND: GET /session/f85737454a4a087f20f4e06a50aa0ff9/screenshot - {}
RESULT: {}
COMMAND: POST /session/f85737454a4a087f20f4e06a50aa0ff9/element - {"using":"xpath","value":"//button[@data-kt=\"saveButton\"]"}
RESULT: {"using":"xpath","value":"//button[@data-kt=\"saveButton\"]"}
COMMAND: POST /session/f85737454a4a087f20f4e06a50aa0ff9/element/f.A10590C3E91A9D0BB6CAA0C0A9556112.d.EC2CD9ABF504E2D64AC94E3E0210B23C.e.6572/click - {}
RESULT: {}
COMMAND: GET /session/f85737454a4a087f20f4e06a50aa0ff9/screenshot - {}
RESULT: {}
COMMAND: POST /session/f85737454a4a087f20f4e06a50aa0ff9/element - {"using":"xpath","value":"//span[contains(@id ,\"contractDetailTitleNoExpanded\")]"}
RESULT: {"using":"xpath","value":"//span[contains(@id ,\"contractDetailTitleNoExpanded\")]"}
COMMAND: POST /session/f85737454a4a087f20f4e06a50aa0ff9/elements - {"using":"xpath","value":"//span[contains(@id ,\"contractDetailTitleNoExpanded\")]"}
RESULT: {"using":"xpath","value":"//span[contains(@id ,\"contractDetailTitleNoExpanded\")]"}
COMMAND: POST /session/f85737454a4a087f20f4e06a50aa0ff9/execute/sync - {"script":"<script> [56 bytes]","args":[{"element-6066-11e4-a52e-4f735466cecf":"f.A10590C3E91A9D0BB6CAA0C0A9556112.d.EC2CD9ABF504E2D64AC94E3E0210B23C.e.6644","ELEMENT":"f.A10590C3E91A9D0BB6CAA0C0A9556112.d.EC2CD9ABF504E2D64AC94E3E0210B23C.e.6644"}]}
RESULT: {"script":"<script> [56 bytes]","args":[{"element-6066-11e4-a52e-4f735466cecf":"f.A10590C3E91A9D0BB6CAA0C0A9556112.d.EC2CD9ABF504E2D64AC94E3E0210B23C.e.6644","ELEMENT":"f.A10590C3E91A9D0BB6CAA0C0A9556112.d.EC2CD9ABF504E2D64AC94E3E0210B23C.e.6644"}]}
COMMAND: GET /session/f85737454a4a087f20f4e06a50aa0ff9/screenshot - {}
RESULT: {}
]]></system-out>
    </testcase>
    <testcase classname="chrome.136_0_7103_49.windows.US134625_Set_up_price_condition_-_one_time" name="Should add the material to the contract" time="54.199">
      <system-out><![CDATA[
COMMAND: POST /session/f85737454a4a087f20f4e06a50aa0ff9/element - {"using":"xpath","value":"//button[@data-kt=\"contractDetailEditBtnButton\"]"}
RESULT: {"using":"xpath","value":"//button[@data-kt=\"contractDetailEditBtnButton\"]"}
COMMAND: POST /session/f85737454a4a087f20f4e06a50aa0ff9/element/f.A10590C3E91A9D0BB6CAA0C0A9556112.d.EC2CD9ABF504E2D64AC94E3E0210B23C.e.6645/click - {}
RESULT: {}
COMMAND: GET /session/f85737454a4a087f20f4e06a50aa0ff9/screenshot - {}
RESULT: {}
COMMAND: POST /session/f85737454a4a087f20f4e06a50aa0ff9/element - {"using":"xpath","value":"(//span[contains(text(), \"Additional Addresses\")])[2]"}
RESULT: {"using":"xpath","value":"(//span[contains(text(), \"Additional Addresses\")])[2]"}
COMMAND: POST /session/f85737454a4a087f20f4e06a50aa0ff9/element/f.A10590C3E91A9D0BB6CAA0C0A9556112.d.EC2CD9ABF504E2D64AC94E3E0210B23C.e.6701/click - {}
RESULT: {}
COMMAND: GET /session/f85737454a4a087f20f4e06a50aa0ff9/screenshot - {}
RESULT: {}
COMMAND: POST /session/f85737454a4a087f20f4e06a50aa0ff9/element - {"using":"xpath","value":"//button[@data-kt=\"btnAddTableRowOverflowToolbarButton\"]"}
RESULT: {"using":"xpath","value":"//button[@data-kt=\"btnAddTableRowOverflowToolbarButton\"]"}
COMMAND: POST /session/f85737454a4a087f20f4e06a50aa0ff9/element/f.A10590C3E91A9D0BB6CAA0C0A9556112.d.EC2CD9ABF504E2D64AC94E3E0210B23C.e.6703/click - {}
RESULT: {}
COMMAND: GET /session/f85737454a4a087f20f4e06a50aa0ff9/screenshot - {}
RESULT: {}
COMMAND: POST /session/f85737454a4a087f20f4e06a50aa0ff9/element - {"using":"xpath","value":"//div[(text() = 'Standard Entry' or . = 'Standard Entry')]"}
RESULT: {"using":"xpath","value":"//div[(text() = 'Standard Entry' or . = 'Standard Entry')]"}
COMMAND: POST /session/f85737454a4a087f20f4e06a50aa0ff9/element/f.A10590C3E91A9D0BB6CAA0C0A9556112.d.EC2CD9ABF504E2D64AC94E3E0210B23C.e.6705/click - {}
RESULT: {}
COMMAND: GET /session/f85737454a4a087f20f4e06a50aa0ff9/screenshot - {}
RESULT: {}
COMMAND: POST /session/f85737454a4a087f20f4e06a50aa0ff9/element - {"using":"xpath","value":"//td[6]/div/div/div/span"}
RESULT: {"using":"xpath","value":"//td[6]/div/div/div/span"}
COMMAND: POST /session/f85737454a4a087f20f4e06a50aa0ff9/element/f.A10590C3E91A9D0BB6CAA0C0A9556112.d.EC2CD9ABF504E2D64AC94E3E0210B23C.e.6717/click - {}
RESULT: {}
COMMAND: GET /session/f85737454a4a087f20f4e06a50aa0ff9/screenshot - {}
RESULT: {}
COMMAND: POST /session/f85737454a4a087f20f4e06a50aa0ff9/element - {"using":"xpath","value":"(//span[contains(text(), \"Material\")])"}
RESULT: {"using":"xpath","value":"(//span[contains(text(), \"Material\")])"}
COMMAND: POST /session/f85737454a4a087f20f4e06a50aa0ff9/element/f.A10590C3E91A9D0BB6CAA0C0A9556112.d.EC2CD9ABF504E2D64AC94E3E0210B23C.e.6718/click - {}
RESULT: {}
COMMAND: GET /session/f85737454a4a087f20f4e06a50aa0ff9/screenshot - {}
RESULT: {}
COMMAND: POST /session/f85737454a4a087f20f4e06a50aa0ff9/element - {"using":"xpath","value":"//td[7]/div/div/input"}
RESULT: {"using":"xpath","value":"//td[7]/div/div/input"}
COMMAND: POST /session/f85737454a4a087f20f4e06a50aa0ff9/element/f.A10590C3E91A9D0BB6CAA0C0A9556112.d.EC2CD9ABF504E2D64AC94E3E0210B23C.e.6722/clear - {}
RESULT: {}
COMMAND: POST /session/f85737454a4a087f20f4e06a50aa0ff9/element/f.A10590C3E91A9D0BB6CAA0C0A9556112.d.EC2CD9ABF504E2D64AC94E3E0210B23C.e.6722/value - {"text":"200064"}
COMMAND: GET /session/f85737454a4a087f20f4e06a50aa0ff9/screenshot - {}
RESULT: {"text":"200064"}
COMMAND: GET /session/f85737454a4a087f20f4e06a50aa0ff9/screenshot - {}
RESULT: {}
RESULT: {}
COMMAND: POST /session/f85737454a4a087f20f4e06a50aa0ff9/actions - {"actions":[{"id":"action28","type":"key","parameters":{},"actions":[{"type":"keyDown","value":"î€‡"},{"type":"pause","duration":10},{"type":"keyUp","value":"î€‡"}]}]}
RESULT: {"actions":[{"id":"action28","type":"key","parameters":{},"actions":[{"type":"keyDown","value":"î€‡"},{"type":"pause","duration":10},{"type":"keyUp","value":"î€‡"}]}]}
COMMAND: GET /session/f85737454a4a087f20f4e06a50aa0ff9/screenshot - {}
RESULT: {}
COMMAND: POST /session/f85737454a4a087f20f4e06a50aa0ff9/execute/sync - {"script":"<script> [276 bytes]","args":["No pricing information was found"]}
RESULT: {"script":"<script> [276 bytes]","args":["No pricing information was found"]}
COMMAND: POST /session/f85737454a4a087f20f4e06a50aa0ff9/element - {"using":"xpath","value":"(//button[@data-kt=\"saveButton\"])[2]"}
COMMAND: GET /session/f85737454a4a087f20f4e06a50aa0ff9/screenshot - {}
RESULT: {"using":"xpath","value":"(//button[@data-kt=\"saveButton\"])[2]"}
COMMAND: POST /session/f85737454a4a087f20f4e06a50aa0ff9/element/f.A10590C3E91A9D0BB6CAA0C0A9556112.d.EC2CD9ABF504E2D64AC94E3E0210B23C.e.6745/click - {}
RESULT: {}
RESULT: {}
COMMAND: GET /session/f85737454a4a087f20f4e06a50aa0ff9/screenshot - {}
RESULT: {}
COMMAND: POST /session/f85737454a4a087f20f4e06a50aa0ff9/execute/sync - {"script":"<script> [276 bytes]","args":["Some contract items are having rental validity exceeding header rental validity"]}
RESULT: {"script":"<script> [276 bytes]","args":["Some contract items are having rental validity exceeding header rental validity"]}
COMMAND: GET /session/f85737454a4a087f20f4e06a50aa0ff9/screenshot - {}
RESULT: {}
COMMAND: POST /session/f85737454a4a087f20f4e06a50aa0ff9/element - {"using":"xpath","value":"//span[contains(@id ,\"contractItemsSmartTable-header-inner\")]"}
RESULT: {"using":"xpath","value":"//span[contains(@id ,\"contractItemsSmartTable-header-inner\")]"}
COMMAND: POST /session/f85737454a4a087f20f4e06a50aa0ff9/elements - {"using":"xpath","value":"//span[contains(@id ,\"contractItemsSmartTable-header-inner\")]"}
RESULT: {"using":"xpath","value":"//span[contains(@id ,\"contractItemsSmartTable-header-inner\")]"}
COMMAND: POST /session/f85737454a4a087f20f4e06a50aa0ff9/execute/sync - {"script":"<script> [56 bytes]","args":[{"element-6066-11e4-a52e-4f735466cecf":"f.A10590C3E91A9D0BB6CAA0C0A9556112.d.EC2CD9ABF504E2D64AC94E3E0210B23C.e.6751","ELEMENT":"f.A10590C3E91A9D0BB6CAA0C0A9556112.d.EC2CD9ABF504E2D64AC94E3E0210B23C.e.6751"}]}
RESULT: {"script":"<script> [56 bytes]","args":[{"element-6066-11e4-a52e-4f735466cecf":"f.A10590C3E91A9D0BB6CAA0C0A9556112.d.EC2CD9ABF504E2D64AC94E3E0210B23C.e.6751","ELEMENT":"f.A10590C3E91A9D0BB6CAA0C0A9556112.d.EC2CD9ABF504E2D64AC94E3E0210B23C.e.6751"}]}
]]></system-out>
    </testcase>
    <testcase classname="chrome.136_0_7103_49.windows.US134625_Set_up_price_condition_-_one_time" name="Should verify the bill item creation and pricing condition" time="13.916">
      <system-out><![CDATA[
COMMAND: GET /session/f85737454a4a087f20f4e06a50aa0ff9/screenshot - {}
COMMAND: POST /session/f85737454a4a087f20f4e06a50aa0ff9/execute/async - {"script":"<script> [1562 bytes]","args":[{"selector":{"controlType":"sap.ui.core.Icon","viewName":"etm.portal.ui.managecontracts.view.Detail","properties":{"src":{"regex":{"source":"slim\\-arrow\\-right"}}}},"wdio_ui5_key":"etmportal.ui.managecontracts.view.Detailsap.ui.core.Icon{\"src\":{\"regex\":{\"source\":\"slim\\\\-arrow\\\\-right\"}}}"}]}
RESULT: {}
RESULT: {"script":"<script> [1562 bytes]","args":[{"selector":{"controlType":"sap.ui.core.Icon","viewName":"etm.portal.ui.managecontracts.view.Detail","properties":{"src":{"regex":{"source":"slim\\-arrow\\-right"}}}},"wdio_ui5_key":"etmportal.ui.managecontracts.view.Detailsap.ui.core.Icon{\"src\":{\"regex\":{\"source\":\"slim\\\\-arrow\\\\-right\"}}}"}]}
RESULT: undefined
COMMAND: POST /session/f85737454a4a087f20f4e06a50aa0ff9/element - {"using":"xpath","value":"//*[@id=\"__item790-__clone1803-imgNav\"]"}
RESULT: {"using":"xpath","value":"//*[@id=\"__item790-__clone1803-imgNav\"]"}
COMMAND: POST /session/f85737454a4a087f20f4e06a50aa0ff9/element/f.A10590C3E91A9D0BB6CAA0C0A9556112.d.EC2CD9ABF504E2D64AC94E3E0210B23C.e.6753/click - {}
RESULT: {}
COMMAND: GET /session/f85737454a4a087f20f4e06a50aa0ff9/screenshot - {}
RESULT: {}
COMMAND: POST /session/f85737454a4a087f20f4e06a50aa0ff9/execute/async - {"script":"<script> [1562 bytes]","args":[{"selector":{"controlType":"sap.m.Text","viewName":"etm.portal.ui.managecontracts.view.BillingItem","viewId":"application-managecontracts-display-component---BillingItem","bindingPath":{"propertyPath":"LINK_TO_C_BILL_TYPES/DESCRIPTION"}},"wdio_ui5_key":"etmportal.ui.managecontracts.view.BillingItemsap.m.Text{\"propertyPath\":\"LINK_TO_C_BILL_TYPES/DESCRIPTION\"}"}]}
RESULT: {"script":"<script> [1562 bytes]","args":[{"selector":{"controlType":"sap.m.Text","viewName":"etm.portal.ui.managecontracts.view.BillingItem","viewId":"application-managecontracts-display-component---BillingItem","bindingPath":{"propertyPath":"LINK_TO_C_BILL_TYPES/DESCRIPTION"}},"wdio_ui5_key":"etmportal.ui.managecontracts.view.BillingItemsap.m.Text{\"propertyPath\":\"LINK_TO_C_BILL_TYPES/DESCRIPTION\"}"}]}
RESULT: undefined
COMMAND: POST /session/f85737454a4a087f20f4e06a50aa0ff9/execute/async - {"script":"<script> [6424 bytes]","args":[{"element-6066-11e4-a52e-4f735466cecf":"f.A10590C3E91A9D0BB6CAA0C0A9556112.d.EC2CD9ABF504E2D64AC94E3E0210B23C.e.6768"},"getText",[]]}
RESULT: {"script":"<script> [6424 bytes]","args":[{"element-6066-11e4-a52e-4f735466cecf":"f.A10590C3E91A9D0BB6CAA0C0A9556112.d.EC2CD9ABF504E2D64AC94E3E0210B23C.e.6768"},"getText",[]]}
COMMAND: POST /session/f85737454a4a087f20f4e06a50aa0ff9/execute/async - {"script":"<script> [1562 bytes]","args":[{"selector":{"controlType":"sap.m.ObjectNumber","viewName":"etm.portal.ui.managecontracts.view.BillingItem","viewId":"application-managecontracts-display-component---BillingItem","bindingPath":{"propertyPath":"BASE_PRICE"}},"wdio_ui5_key":"etmportal.ui.managecontracts.view.BillingItemsap.m.ObjectNumber{\"propertyPath\":\"BASE_PRICE\"}"}]}
RESULT: {"script":"<script> [1562 bytes]","args":[{"selector":{"controlType":"sap.m.ObjectNumber","viewName":"etm.portal.ui.managecontracts.view.BillingItem","viewId":"application-managecontracts-display-component---BillingItem","bindingPath":{"propertyPath":"BASE_PRICE"}},"wdio_ui5_key":"etmportal.ui.managecontracts.view.BillingItemsap.m.ObjectNumber{\"propertyPath\":\"BASE_PRICE\"}"}]}
RESULT: undefined
COMMAND: POST /session/f85737454a4a087f20f4e06a50aa0ff9/execute/async - {"script":"<script> [6424 bytes]","args":[{"element-6066-11e4-a52e-4f735466cecf":"f.A10590C3E91A9D0BB6CAA0C0A9556112.d.EC2CD9ABF504E2D64AC94E3E0210B23C.e.6769"},"getNumber",[]]}
RESULT: {"script":"<script> [6424 bytes]","args":[{"element-6066-11e4-a52e-4f735466cecf":"f.A10590C3E91A9D0BB6CAA0C0A9556112.d.EC2CD9ABF504E2D64AC94E3E0210B23C.e.6769"},"getNumber",[]]}
COMMAND: POST /session/f85737454a4a087f20f4e06a50aa0ff9/execute/async - {"script":"<script> [1562 bytes]","args":[{"selector":{"controlType":"sap.m.ObjectNumber","viewName":"etm.portal.ui.managecontracts.view.BillingItem","viewId":"application-managecontracts-display-component---BillingItem","bindingPath":{"propertyPath":"BASE_QUANTITY"}},"wdio_ui5_key":"etmportal.ui.managecontracts.view.BillingItemsap.m.ObjectNumber{\"propertyPath\":\"BASE_QUANTITY\"}"}]}
RESULT: {"script":"<script> [1562 bytes]","args":[{"selector":{"controlType":"sap.m.ObjectNumber","viewName":"etm.portal.ui.managecontracts.view.BillingItem","viewId":"application-managecontracts-display-component---BillingItem","bindingPath":{"propertyPath":"BASE_QUANTITY"}},"wdio_ui5_key":"etmportal.ui.managecontracts.view.BillingItemsap.m.ObjectNumber{\"propertyPath\":\"BASE_QUANTITY\"}"}]}
RESULT: undefined
COMMAND: POST /session/f85737454a4a087f20f4e06a50aa0ff9/execute/async - {"script":"<script> [6424 bytes]","args":[{"element-6066-11e4-a52e-4f735466cecf":"f.A10590C3E91A9D0BB6CAA0C0A9556112.d.EC2CD9ABF504E2D64AC94E3E0210B23C.e.6770"},"getNumber",[]]}
RESULT: {"script":"<script> [6424 bytes]","args":[{"element-6066-11e4-a52e-4f735466cecf":"f.A10590C3E91A9D0BB6CAA0C0A9556112.d.EC2CD9ABF504E2D64AC94E3E0210B23C.e.6770"},"getNumber",[]]}
COMMAND: DELETE /session/f85737454a4a087f20f4e06a50aa0ff9 - {}
RESULT: {}
]]></system-out>
    </testcase>
  </testsuite>
</testsuites>