<?xml version="1.0" encoding="UTF-8"?>
<testsuites tests="15" failures="3" errors="3" skipped="0">
  <testsuite timestamp="2025-05-08T05:35:10" time="807.119" tests="9" failures="0" errors="0" skipped="0">
    <properties>
      <property name="specId" value="0" />
      <property name="suiteName" value="Prerequisites &amp; test for yard mass return on Yard Overview US131057" />
      <property name="capabilities" value="chrome.136_0_7103_49.windows" />
      <property name="file" value="file:///D:/a/1/s/test/specs/HTR/yard-mass-return.spec.js" />
    </properties>
    <testcase classname="chrome.136_0_7103_49.windows.Prerequisites_&amp;_test_for_yard_mass_return_on_Yard_Overview_US131057" name="Prereq Should create a new yard used for all following tests" time="105.926">
      <system-out><![CDATA[
COMMAND: POST /session/9771be729de2b5cad7e8c50aeccc09f8/window/fullscreen - {}
RESULT: {}
COMMAND: POST /session/9771be729de2b5cad7e8c50aeccc09f8/execute/async - {"script":"<script> [1562 bytes]","args":[{"selector":{"controlType":"sap.m.GenericTile","properties":{"header":"Manage Yards"}},"wdio_ui5_key":"sapm.GenericTile{\"header\":\"Manage Yards\"}"}]}
RESULT: {"script":"<script> [1562 bytes]","args":[{"selector":{"controlType":"sap.m.GenericTile","properties":{"header":"Manage Yards"}},"wdio_ui5_key":"sapm.GenericTile{\"header\":\"Manage Yards\"}"}]}
RESULT: undefined
COMMAND: POST /session/9771be729de2b5cad7e8c50aeccc09f8/element - {"using":"xpath","value":"//*[@id=\"__tile41\"]"}
RESULT: {"using":"xpath","value":"//*[@id=\"__tile41\"]"}
COMMAND: POST /session/9771be729de2b5cad7e8c50aeccc09f8/element/f.FA016163B118C5F4EE8F7E46F9653AA6.d.C315B38F863F8DE3417E5D2EE12E39CB.e.158/click - {}
RESULT: {}
COMMAND: POST /session/9771be729de2b5cad7e8c50aeccc09f8/element - {"using":"xpath","value":"//button[@data-kt=\"addNewYardOverflowToolbarButton\"]"}
COMMAND: GET /session/9771be729de2b5cad7e8c50aeccc09f8/screenshot - {}
RESULT: {"using":"xpath","value":"//button[@data-kt=\"addNewYardOverflowToolbarButton\"]"}
COMMAND: POST /session/9771be729de2b5cad7e8c50aeccc09f8/elements - {"using":"xpath","value":"//button[@data-kt=\"addNewYardOverflowToolbarButton\"]"}
RESULT: {}
RESULT: {"using":"xpath","value":"//button[@data-kt=\"addNewYardOverflowToolbarButton\"]"}
COMMAND: POST /session/9771be729de2b5cad7e8c50aeccc09f8/elements - {"using":"xpath","value":"//button[@data-kt=\"addNewYardOverflowToolbarButton\"]"}
RESULT: {"using":"xpath","value":"//button[@data-kt=\"addNewYardOverflowToolbarButton\"]"}
COMMAND: POST /session/9771be729de2b5cad7e8c50aeccc09f8/elements - {"using":"xpath","value":"//button[@data-kt=\"addNewYardOverflowToolbarButton\"]"}
RESULT: {"using":"xpath","value":"//button[@data-kt=\"addNewYardOverflowToolbarButton\"]"}
COMMAND: POST /session/9771be729de2b5cad7e8c50aeccc09f8/elements - {"using":"xpath","value":"//button[@data-kt=\"addNewYardOverflowToolbarButton\"]"}
RESULT: {"using":"xpath","value":"//button[@data-kt=\"addNewYardOverflowToolbarButton\"]"}
COMMAND: POST /session/9771be729de2b5cad7e8c50aeccc09f8/elements - {"using":"xpath","value":"//button[@data-kt=\"addNewYardOverflowToolbarButton\"]"}
RESULT: {"using":"xpath","value":"//button[@data-kt=\"addNewYardOverflowToolbarButton\"]"}
COMMAND: POST /session/9771be729de2b5cad7e8c50aeccc09f8/elements - {"using":"xpath","value":"//button[@data-kt=\"addNewYardOverflowToolbarButton\"]"}
RESULT: {"using":"xpath","value":"//button[@data-kt=\"addNewYardOverflowToolbarButton\"]"}
COMMAND: POST /session/9771be729de2b5cad7e8c50aeccc09f8/elements - {"using":"xpath","value":"//button[@data-kt=\"addNewYardOverflowToolbarButton\"]"}
RESULT: {"using":"xpath","value":"//button[@data-kt=\"addNewYardOverflowToolbarButton\"]"}
COMMAND: POST /session/9771be729de2b5cad7e8c50aeccc09f8/elements - {"using":"xpath","value":"//button[@data-kt=\"addNewYardOverflowToolbarButton\"]"}
RESULT: {"using":"xpath","value":"//button[@data-kt=\"addNewYardOverflowToolbarButton\"]"}
COMMAND: POST /session/9771be729de2b5cad7e8c50aeccc09f8/elements - {"using":"xpath","value":"//button[@data-kt=\"addNewYardOverflowToolbarButton\"]"}
RESULT: {"using":"xpath","value":"//button[@data-kt=\"addNewYardOverflowToolbarButton\"]"}
COMMAND: POST /session/9771be729de2b5cad7e8c50aeccc09f8/elements - {"using":"xpath","value":"//button[@data-kt=\"addNewYardOverflowToolbarButton\"]"}
RESULT: {"using":"xpath","value":"//button[@data-kt=\"addNewYardOverflowToolbarButton\"]"}
COMMAND: POST /session/9771be729de2b5cad7e8c50aeccc09f8/elements - {"using":"xpath","value":"//button[@data-kt=\"addNewYardOverflowToolbarButton\"]"}
RESULT: {"using":"xpath","value":"//button[@data-kt=\"addNewYardOverflowToolbarButton\"]"}
COMMAND: POST /session/9771be729de2b5cad7e8c50aeccc09f8/elements - {"using":"xpath","value":"//button[@data-kt=\"addNewYardOverflowToolbarButton\"]"}
RESULT: {"using":"xpath","value":"//button[@data-kt=\"addNewYardOverflowToolbarButton\"]"}
COMMAND: POST /session/9771be729de2b5cad7e8c50aeccc09f8/elements - {"using":"xpath","value":"//button[@data-kt=\"addNewYardOverflowToolbarButton\"]"}
RESULT: {"using":"xpath","value":"//button[@data-kt=\"addNewYardOverflowToolbarButton\"]"}
COMMAND: POST /session/9771be729de2b5cad7e8c50aeccc09f8/elements - {"using":"xpath","value":"//button[@data-kt=\"addNewYardOverflowToolbarButton\"]"}
RESULT: {"using":"xpath","value":"//button[@data-kt=\"addNewYardOverflowToolbarButton\"]"}
COMMAND: POST /session/9771be729de2b5cad7e8c50aeccc09f8/elements - {"using":"xpath","value":"//button[@data-kt=\"addNewYardOverflowToolbarButton\"]"}
RESULT: {"using":"xpath","value":"//button[@data-kt=\"addNewYardOverflowToolbarButton\"]"}
COMMAND: POST /session/9771be729de2b5cad7e8c50aeccc09f8/elements - {"using":"xpath","value":"//button[@data-kt=\"addNewYardOverflowToolbarButton\"]"}
RESULT: {"using":"xpath","value":"//button[@data-kt=\"addNewYardOverflowToolbarButton\"]"}
COMMAND: POST /session/9771be729de2b5cad7e8c50aeccc09f8/elements - {"using":"xpath","value":"//button[@data-kt=\"addNewYardOverflowToolbarButton\"]"}
RESULT: {"using":"xpath","value":"//button[@data-kt=\"addNewYardOverflowToolbarButton\"]"}
COMMAND: POST /session/9771be729de2b5cad7e8c50aeccc09f8/elements - {"using":"xpath","value":"//button[@data-kt=\"addNewYardOverflowToolbarButton\"]"}
RESULT: {"using":"xpath","value":"//button[@data-kt=\"addNewYardOverflowToolbarButton\"]"}
COMMAND: POST /session/9771be729de2b5cad7e8c50aeccc09f8/elements - {"using":"xpath","value":"//button[@data-kt=\"addNewYardOverflowToolbarButton\"]"}
RESULT: {"using":"xpath","value":"//button[@data-kt=\"addNewYardOverflowToolbarButton\"]"}
COMMAND: POST /session/9771be729de2b5cad7e8c50aeccc09f8/elements - {"using":"xpath","value":"//button[@data-kt=\"addNewYardOverflowToolbarButton\"]"}
RESULT: {"using":"xpath","value":"//button[@data-kt=\"addNewYardOverflowToolbarButton\"]"}
COMMAND: POST /session/9771be729de2b5cad7e8c50aeccc09f8/element - {"using":"xpath","value":"//button[@data-kt=\"addNewYardOverflowToolbarButton\"]"}
RESULT: {"using":"xpath","value":"//button[@data-kt=\"addNewYardOverflowToolbarButton\"]"}
COMMAND: POST /session/9771be729de2b5cad7e8c50aeccc09f8/execute/sync - {"script":"<script> [8489 bytes]","args":[{"element-6066-11e4-a52e-4f735466cecf":"f.FA016163B118C5F4EE8F7E46F9653AA6.d.C315B38F863F8DE3417E5D2EE12E39CB.e.286","ELEMENT":"f.FA016163B118C5F4EE8F7E46F9653AA6.d.C315B38F863F8DE3417E5D2EE12E39CB.e.286"}]}
RESULT: {"script":"<script> [8489 bytes]","args":[{"element-6066-11e4-a52e-4f735466cecf":"f.FA016163B118C5F4EE8F7E46F9653AA6.d.C315B38F863F8DE3417E5D2EE12E39CB.e.286","ELEMENT":"f.FA016163B118C5F4EE8F7E46F9653AA6.d.C315B38F863F8DE3417E5D2EE12E39CB.e.286"}]}
COMMAND: GET /session/9771be729de2b5cad7e8c50aeccc09f8/element/f.FA016163B118C5F4EE8F7E46F9653AA6.d.C315B38F863F8DE3417E5D2EE12E39CB.e.286/enabled - {}
COMMAND: GET /session/9771be729de2b5cad7e8c50aeccc09f8/screenshot - {}
RESULT: {}
COMMAND: POST /session/9771be729de2b5cad7e8c50aeccc09f8/execute/sync - {"script":"<script> [8489 bytes]","args":[{"element-6066-11e4-a52e-4f735466cecf":"f.FA016163B118C5F4EE8F7E46F9653AA6.d.C315B38F863F8DE3417E5D2EE12E39CB.e.286","ELEMENT":"f.FA016163B118C5F4EE8F7E46F9653AA6.d.C315B38F863F8DE3417E5D2EE12E39CB.e.286"}]}
COMMAND: GET /session/9771be729de2b5cad7e8c50aeccc09f8/screenshot - {}
RESULT: {}
RESULT: {"script":"<script> [8489 bytes]","args":[{"element-6066-11e4-a52e-4f735466cecf":"f.FA016163B118C5F4EE8F7E46F9653AA6.d.C315B38F863F8DE3417E5D2EE12E39CB.e.286","ELEMENT":"f.FA016163B118C5F4EE8F7E46F9653AA6.d.C315B38F863F8DE3417E5D2EE12E39CB.e.286"}]}
COMMAND: POST /session/9771be729de2b5cad7e8c50aeccc09f8/execute/sync - {"script":"<script> [5351 bytes]","args":[{"element-6066-11e4-a52e-4f735466cecf":"f.FA016163B118C5F4EE8F7E46F9653AA6.d.C315B38F863F8DE3417E5D2EE12E39CB.e.286","ELEMENT":"f.FA016163B118C5F4EE8F7E46F9653AA6.d.C315B38F863F8DE3417E5D2EE12E39CB.e.286"}]}
COMMAND: GET /session/9771be729de2b5cad7e8c50aeccc09f8/screenshot - {}
RESULT: {}
RESULT: {"script":"<script> [5351 bytes]","args":[{"element-6066-11e4-a52e-4f735466cecf":"f.FA016163B118C5F4EE8F7E46F9653AA6.d.C315B38F863F8DE3417E5D2EE12E39CB.e.286","ELEMENT":"f.FA016163B118C5F4EE8F7E46F9653AA6.d.C315B38F863F8DE3417E5D2EE12E39CB.e.286"}]}
COMMAND: POST /session/9771be729de2b5cad7e8c50aeccc09f8/element/f.FA016163B118C5F4EE8F7E46F9653AA6.d.C315B38F863F8DE3417E5D2EE12E39CB.e.286/click - {}
COMMAND: GET /session/9771be729de2b5cad7e8c50aeccc09f8/screenshot - {}
RESULT: {}
RESULT: {}
COMMAND: GET /session/9771be729de2b5cad7e8c50aeccc09f8/screenshot - {}
COMMAND: POST /session/9771be729de2b5cad7e8c50aeccc09f8/element - {"using":"xpath","value":"//input[@id=\"application-manageyards-display-component---NewYard--yardId-inner\"]"}
RESULT: {}
RESULT: {}
RESULT: {"using":"xpath","value":"//input[@id=\"application-manageyards-display-component---NewYard--yardId-inner\"]"}
COMMAND: POST /session/9771be729de2b5cad7e8c50aeccc09f8/element - {"using":"xpath","value":"//input[@id=\"application-manageyards-display-component---NewYard--yardId-inner\"]"}
RESULT: {"using":"xpath","value":"//input[@id=\"application-manageyards-display-component---NewYard--yardId-inner\"]"}
COMMAND: POST /session/9771be729de2b5cad7e8c50aeccc09f8/execute/async - {"script":"<script> [1562 bytes]","args":[{"selector":{"id":"application-manageyards-display-component---NewYard--addressDetailDetailsName1","interaction":{"idSuffix":"inner"}},"wdio_ui5_key":"applicationmanageyards-display-component---NewYard--addressDetailDetailsName1"}]}
RESULT: {"script":"<script> [1562 bytes]","args":[{"selector":{"id":"application-manageyards-display-component---NewYard--addressDetailDetailsName1","interaction":{"idSuffix":"inner"}},"wdio_ui5_key":"applicationmanageyards-display-component---NewYard--addressDetailDetailsName1"}]}
RESULT: undefined
COMMAND: POST /session/9771be729de2b5cad7e8c50aeccc09f8/execute/async - {"script":"<script> [776 bytes]","args":[{"enterText":"Other Yard WDIO","selector":{"id":"application-manageyards-display-component---NewYard--addressDetailDetailsName1","interaction":{"idSuffix":"inner"}},"clearTextFirst":true,"interactionType":"ENTER_TEXT"}]}
RESULT: {"script":"<script> [776 bytes]","args":[{"enterText":"Other Yard WDIO","selector":{"id":"application-manageyards-display-component---NewYard--addressDetailDetailsName1","interaction":{"idSuffix":"inner"}},"clearTextFirst":true,"interactionType":"ENTER_TEXT"}]}
COMMAND: POST /session/9771be729de2b5cad7e8c50aeccc09f8/execute/async - {"script":"<script> [1562 bytes]","args":[{"selector":{"id":"application-manageyards-display-component---NewYard--addressDetailDetailsLanguage-arrow"},"wdio_ui5_key":"applicationmanageyards-display-component---NewYard--addressDetailDetailsLanguage-arrow"}]}
RESULT: {"script":"<script> [1562 bytes]","args":[{"selector":{"id":"application-manageyards-display-component---NewYard--addressDetailDetailsLanguage-arrow"},"wdio_ui5_key":"applicationmanageyards-display-component---NewYard--addressDetailDetailsLanguage-arrow"}]}
RESULT: undefined
COMMAND: POST /session/9771be729de2b5cad7e8c50aeccc09f8/element - {"using":"xpath","value":"//*[@id=\"application-manageyards-display-component---NewYard--addressDetailDetailsLanguage-arrow\"]"}
RESULT: {"using":"xpath","value":"//*[@id=\"application-manageyards-display-component---NewYard--addressDetailDetailsLanguage-arrow\"]"}
COMMAND: POST /session/9771be729de2b5cad7e8c50aeccc09f8/element/f.FA016163B118C5F4EE8F7E46F9653AA6.d.C315B38F863F8DE3417E5D2EE12E39CB.e.724/click - {}
RESULT: {}
COMMAND: POST /session/9771be729de2b5cad7e8c50aeccc09f8/element - {"using":"xpath","value":"//span[contains(text(), \"English\")]"}
COMMAND: GET /session/9771be729de2b5cad7e8c50aeccc09f8/screenshot - {}
RESULT: {"using":"xpath","value":"//span[contains(text(), \"English\")]"}
COMMAND: POST /session/9771be729de2b5cad7e8c50aeccc09f8/element/f.FA016163B118C5F4EE8F7E46F9653AA6.d.C315B38F863F8DE3417E5D2EE12E39CB.e.725/click - {}
RESULT: {}
RESULT: {}
COMMAND: POST /session/9771be729de2b5cad7e8c50aeccc09f8/execute/async - {"script":"<script> [1562 bytes]","args":[{"selector":{"id":"application-manageyards-display-component---NewYard--addressDetailDetailsCity1","interaction":{"idSuffix":"inner"}},"wdio_ui5_key":"applicationmanageyards-display-component---NewYard--addressDetailDetailsCity1"}]}
COMMAND: GET /session/9771be729de2b5cad7e8c50aeccc09f8/screenshot - {}
RESULT: {"script":"<script> [1562 bytes]","args":[{"selector":{"id":"application-manageyards-display-component---NewYard--addressDetailDetailsCity1","interaction":{"idSuffix":"inner"}},"wdio_ui5_key":"applicationmanageyards-display-component---NewYard--addressDetailDetailsCity1"}]}
RESULT: undefined
COMMAND: POST /session/9771be729de2b5cad7e8c50aeccc09f8/execute/async - {"script":"<script> [776 bytes]","args":[{"enterText":"Rosario","selector":{"id":"application-manageyards-display-component---NewYard--addressDetailDetailsCity1","interaction":{"idSuffix":"inner"}},"clearTextFirst":true,"interactionType":"ENTER_TEXT"}]}
RESULT: {}
RESULT: {"script":"<script> [776 bytes]","args":[{"enterText":"Rosario","selector":{"id":"application-manageyards-display-component---NewYard--addressDetailDetailsCity1","interaction":{"idSuffix":"inner"}},"clearTextFirst":true,"interactionType":"ENTER_TEXT"}]}
COMMAND: POST /session/9771be729de2b5cad7e8c50aeccc09f8/execute/async - {"script":"<script> [1562 bytes]","args":[{"selector":{"id":"application-manageyards-display-component---NewYard--addressDetailDetailsCountry-arrow"},"wdio_ui5_key":"applicationmanageyards-display-component---NewYard--addressDetailDetailsCountry-arrow"}]}
RESULT: {"script":"<script> [1562 bytes]","args":[{"selector":{"id":"application-manageyards-display-component---NewYard--addressDetailDetailsCountry-arrow"},"wdio_ui5_key":"applicationmanageyards-display-component---NewYard--addressDetailDetailsCountry-arrow"}]}
RESULT: undefined
COMMAND: POST /session/9771be729de2b5cad7e8c50aeccc09f8/element - {"using":"xpath","value":"//*[@id=\"application-manageyards-display-component---NewYard--addressDetailDetailsCountry-arrow\"]"}
RESULT: {"using":"xpath","value":"//*[@id=\"application-manageyards-display-component---NewYard--addressDetailDetailsCountry-arrow\"]"}
COMMAND: POST /session/9771be729de2b5cad7e8c50aeccc09f8/element/f.FA016163B118C5F4EE8F7E46F9653AA6.d.C315B38F863F8DE3417E5D2EE12E39CB.e.727/click - {}
RESULT: {}
COMMAND: POST /session/9771be729de2b5cad7e8c50aeccc09f8/element - {"using":"xpath","value":"//span[contains(text(), \"Argentina\")]"}
COMMAND: GET /session/9771be729de2b5cad7e8c50aeccc09f8/screenshot - {}
RESULT: {"using":"xpath","value":"//span[contains(text(), \"Argentina\")]"}
COMMAND: POST /session/9771be729de2b5cad7e8c50aeccc09f8/element/f.FA016163B118C5F4EE8F7E46F9653AA6.d.C315B38F863F8DE3417E5D2EE12E39CB.e.728/click - {}
RESULT: {}
RESULT: {}
COMMAND: POST /session/9771be729de2b5cad7e8c50aeccc09f8/execute/async - {"script":"<script> [1562 bytes]","args":[{"selector":{"id":"application-manageyards-display-component---NewYard--addressEditDetailsCostObjectCstType-arrow"},"wdio_ui5_key":"applicationmanageyards-display-component---NewYard--addressEditDetailsCostObjectCstType-arrow"}]}
COMMAND: GET /session/9771be729de2b5cad7e8c50aeccc09f8/screenshot - {}
RESULT: {"script":"<script> [1562 bytes]","args":[{"selector":{"id":"application-manageyards-display-component---NewYard--addressEditDetailsCostObjectCstType-arrow"},"wdio_ui5_key":"applicationmanageyards-display-component---NewYard--addressEditDetailsCostObjectCstType-arrow"}]}
RESULT: undefined
COMMAND: POST /session/9771be729de2b5cad7e8c50aeccc09f8/element - {"using":"xpath","value":"//*[@id=\"application-manageyards-display-component---NewYard--addressEditDetailsCostObjectCstType-arrow\"]"}
RESULT: {}
RESULT: {"using":"xpath","value":"//*[@id=\"application-manageyards-display-component---NewYard--addressEditDetailsCostObjectCstType-arrow\"]"}
COMMAND: POST /session/9771be729de2b5cad7e8c50aeccc09f8/element/f.FA016163B118C5F4EE8F7E46F9653AA6.d.C315B38F863F8DE3417E5D2EE12E39CB.e.729/click - {}
RESULT: {}
COMMAND: POST /session/9771be729de2b5cad7e8c50aeccc09f8/element - {"using":"xpath","value":"//span[contains(text(), \"Cost Center\")]"}
COMMAND: GET /session/9771be729de2b5cad7e8c50aeccc09f8/screenshot - {}
RESULT: {"using":"xpath","value":"//span[contains(text(), \"Cost Center\")]"}
COMMAND: POST /session/9771be729de2b5cad7e8c50aeccc09f8/element/f.FA016163B118C5F4EE8F7E46F9653AA6.d.C315B38F863F8DE3417E5D2EE12E39CB.e.730/click - {}
RESULT: {}
RESULT: {}
COMMAND: GET /session/9771be729de2b5cad7e8c50aeccc09f8/screenshot - {}
RESULT: {}
COMMAND: POST /session/9771be729de2b5cad7e8c50aeccc09f8/element - {"using":"xpath","value":"//span[@id=\"application-manageyards-display-component---NewYard--addressNewCostObjectCstID-vhi\"]"}
RESULT: {"using":"xpath","value":"//span[@id=\"application-manageyards-display-component---NewYard--addressNewCostObjectCstID-vhi\"]"}
COMMAND: POST /session/9771be729de2b5cad7e8c50aeccc09f8/execute/sync - {"script":"<script> [8489 bytes]","args":[{"element-6066-11e4-a52e-4f735466cecf":"f.FA016163B118C5F4EE8F7E46F9653AA6.d.C315B38F863F8DE3417E5D2EE12E39CB.e.734","ELEMENT":"f.FA016163B118C5F4EE8F7E46F9653AA6.d.C315B38F863F8DE3417E5D2EE12E39CB.e.734"}]}
RESULT: {"script":"<script> [8489 bytes]","args":[{"element-6066-11e4-a52e-4f735466cecf":"f.FA016163B118C5F4EE8F7E46F9653AA6.d.C315B38F863F8DE3417E5D2EE12E39CB.e.734","ELEMENT":"f.FA016163B118C5F4EE8F7E46F9653AA6.d.C315B38F863F8DE3417E5D2EE12E39CB.e.734"}]}
COMMAND: POST /session/9771be729de2b5cad7e8c50aeccc09f8/execute/async - {"script":"<script> [1562 bytes]","args":[{"selector":{"id":"application-manageyards-display-component---NewYard--addressNewCostObjectCstID-vhi"},"wdio_ui5_key":"applicationmanageyards-display-component---NewYard--addressNewCostObjectCstID-vhi"}]}
COMMAND: GET /session/9771be729de2b5cad7e8c50aeccc09f8/screenshot - {}
RESULT: {"script":"<script> [1562 bytes]","args":[{"selector":{"id":"application-manageyards-display-component---NewYard--addressNewCostObjectCstID-vhi"},"wdio_ui5_key":"applicationmanageyards-display-component---NewYard--addressNewCostObjectCstID-vhi"}]}
RESULT: undefined
COMMAND: POST /session/9771be729de2b5cad7e8c50aeccc09f8/element - {"using":"xpath","value":"//*[@id=\"application-manageyards-display-component---NewYard--addressNewCostObjectCstID-vhi\"]"}
RESULT: {}
RESULT: {"using":"xpath","value":"//*[@id=\"application-manageyards-display-component---NewYard--addressNewCostObjectCstID-vhi\"]"}
COMMAND: POST /session/9771be729de2b5cad7e8c50aeccc09f8/element/f.FA016163B118C5F4EE8F7E46F9653AA6.d.C315B38F863F8DE3417E5D2EE12E39CB.e.734/click - {}
RESULT: {}
COMMAND: GET /session/9771be729de2b5cad7e8c50aeccc09f8/screenshot - {}
RESULT: {}
COMMAND: POST /session/9771be729de2b5cad7e8c50aeccc09f8/execute/async - {"script":"<script> [1562 bytes]","args":[{"selector":{"controlType":"sap.m.SearchField","properties":{"placeholder":"Search"},"searchOpenDialogs":true,"interaction":{"idSuffix":"I"}},"wdio_ui5_key":"sapm.SearchField{\"placeholder\":\"Search\"}"}]}
RESULT: {"script":"<script> [1562 bytes]","args":[{"selector":{"controlType":"sap.m.SearchField","properties":{"placeholder":"Search"},"searchOpenDialogs":true,"interaction":{"idSuffix":"I"}},"wdio_ui5_key":"sapm.SearchField{\"placeholder\":\"Search\"}"}]}
RESULT: undefined
COMMAND: POST /session/9771be729de2b5cad7e8c50aeccc09f8/execute/async - {"script":"<script> [776 bytes]","args":[{"enterText":"10001013","selector":{"controlType":"sap.m.SearchField","properties":{"placeholder":"Search"},"searchOpenDialogs":true,"interaction":{"idSuffix":"I"}},"clearTextFirst":true,"interactionType":"ENTER_TEXT"}]}
RESULT: {"script":"<script> [776 bytes]","args":[{"enterText":"10001013","selector":{"controlType":"sap.m.SearchField","properties":{"placeholder":"Search"},"searchOpenDialogs":true,"interaction":{"idSuffix":"I"}},"clearTextFirst":true,"interactionType":"ENTER_TEXT"}]}
COMMAND: POST /session/9771be729de2b5cad7e8c50aeccc09f8/actions - {"actions":[{"id":"action1","type":"key","parameters":{},"actions":[{"type":"keyDown","value":"î€‡"},{"type":"pause","duration":10},{"type":"keyUp","value":"î€‡"}]}]}
RESULT: {"actions":[{"id":"action1","type":"key","parameters":{},"actions":[{"type":"keyDown","value":"î€‡"},{"type":"pause","duration":10},{"type":"keyUp","value":"î€‡"}]}]}
COMMAND: GET /session/9771be729de2b5cad7e8c50aeccc09f8/screenshot - {}
RESULT: {}
COMMAND: POST /session/9771be729de2b5cad7e8c50aeccc09f8/element - {"using":"xpath","value":"//span[contains(text(), \"General Management\")]"}
RESULT: {"using":"xpath","value":"//span[contains(text(), \"General Management\")]"}
COMMAND: POST /session/9771be729de2b5cad7e8c50aeccc09f8/element/f.FA016163B118C5F4EE8F7E46F9653AA6.d.C315B38F863F8DE3417E5D2EE12E39CB.e.774/click - {}
RESULT: {}
COMMAND: GET /session/9771be729de2b5cad7e8c50aeccc09f8/screenshot - {}
RESULT: {}
COMMAND: POST /session/9771be729de2b5cad7e8c50aeccc09f8/element - {"using":"xpath","value":"//bdi[contains(text(), \"OK\")]"}
RESULT: {"using":"xpath","value":"//bdi[contains(text(), \"OK\")]"}
COMMAND: POST /session/9771be729de2b5cad7e8c50aeccc09f8/element/f.FA016163B118C5F4EE8F7E46F9653AA6.d.C315B38F863F8DE3417E5D2EE12E39CB.e.775/click - {}
RESULT: {}
COMMAND: GET /session/9771be729de2b5cad7e8c50aeccc09f8/screenshot - {}
RESULT: {}
COMMAND: POST /session/9771be729de2b5cad7e8c50aeccc09f8/execute/async - {"script":"<script> [1562 bytes]","args":[{"selector":{"id":"application-manageyards-display-component---NewYard--addressEditDetailsCurrency-arrow"},"wdio_ui5_key":"applicationmanageyards-display-component---NewYard--addressEditDetailsCurrency-arrow"}]}
RESULT: {"script":"<script> [1562 bytes]","args":[{"selector":{"id":"application-manageyards-display-component---NewYard--addressEditDetailsCurrency-arrow"},"wdio_ui5_key":"applicationmanageyards-display-component---NewYard--addressEditDetailsCurrency-arrow"}]}
RESULT: undefined
COMMAND: POST /session/9771be729de2b5cad7e8c50aeccc09f8/element - {"using":"xpath","value":"//*[@id=\"application-manageyards-display-component---NewYard--addressEditDetailsCurrency-arrow\"]"}
RESULT: {"using":"xpath","value":"//*[@id=\"application-manageyards-display-component---NewYard--addressEditDetailsCurrency-arrow\"]"}
COMMAND: POST /session/9771be729de2b5cad7e8c50aeccc09f8/element/f.FA016163B118C5F4EE8F7E46F9653AA6.d.C315B38F863F8DE3417E5D2EE12E39CB.e.778/click - {}
RESULT: {}
COMMAND: POST /session/9771be729de2b5cad7e8c50aeccc09f8/element - {"using":"xpath","value":"//span[contains(text(), \"Euro\")]"}
COMMAND: GET /session/9771be729de2b5cad7e8c50aeccc09f8/screenshot - {}
RESULT: {"using":"xpath","value":"//span[contains(text(), \"Euro\")]"}
COMMAND: POST /session/9771be729de2b5cad7e8c50aeccc09f8/element/f.FA016163B118C5F4EE8F7E46F9653AA6.d.C315B38F863F8DE3417E5D2EE12E39CB.e.779/click - {}
RESULT: {}
RESULT: {}
COMMAND: POST /session/9771be729de2b5cad7e8c50aeccc09f8/execute/async - {"script":"<script> [1562 bytes]","args":[{"selector":{"controlType":"sap.m.Input","viewName":"etm.portal.ui.manageyards.view.New","viewId":"application-manageyards-display-component---NewYard","bindingPath":{"path":"","propertyPath":"/CONTROLLING_AREA","modelName":"NewYardModel"},"interaction":{"idSuffix":"inner"}},"wdio_ui5_key":"etmportal.ui.manageyards.view.Newsap.m.Input{\"path\":\"\",\"propertyPath\":\"/CONTROLLING_AREA\",\"modelName\":\"NewYardModel\"}"}]}
COMMAND: GET /session/9771be729de2b5cad7e8c50aeccc09f8/screenshot - {}
RESULT: {"script":"<script> [1562 bytes]","args":[{"selector":{"controlType":"sap.m.Input","viewName":"etm.portal.ui.manageyards.view.New","viewId":"application-manageyards-display-component---NewYard","bindingPath":{"path":"","propertyPath":"/CONTROLLING_AREA","modelName":"NewYardModel"},"interaction":{"idSuffix":"inner"}},"wdio_ui5_key":"etmportal.ui.manageyards.view.Newsap.m.Input{\"path\":\"\",\"propertyPath\":\"/CONTROLLING_AREA\",\"modelName\":\"NewYardModel\"}"}]}
RESULT: undefined
COMMAND: POST /session/9771be729de2b5cad7e8c50aeccc09f8/execute/async - {"script":"<script> [776 bytes]","args":[{"enterText":"Z001","selector":{"controlType":"sap.m.Input","viewName":"etm.portal.ui.manageyards.view.New","viewId":"application-manageyards-display-component---NewYard","bindingPath":{"path":"","propertyPath":"/CONTROLLING_AREA","modelName":"NewYardModel"},"interaction":{"idSuffix":"inner"}},"clearTextFirst":true,"interactionType":"ENTER_TEXT"}]}
RESULT: {}
RESULT: {"script":"<script> [776 bytes]","args":[{"enterText":"Z001","selector":{"controlType":"sap.m.Input","viewName":"etm.portal.ui.manageyards.view.New","viewId":"application-manageyards-display-component---NewYard","bindingPath":{"path":"","propertyPath":"/CONTROLLING_AREA","modelName":"NewYardModel"},"interaction":{"idSuffix":"inner"}},"clearTextFirst":true,"interactionType":"ENTER_TEXT"}]}
COMMAND: POST /session/9771be729de2b5cad7e8c50aeccc09f8/execute/async - {"script":"<script> [1562 bytes]","args":[{"selector":{"id":"application-manageyards-display-component---NewYard--companyCodeComboBox","interaction":{"idSuffix":"inner"}},"wdio_ui5_key":"applicationmanageyards-display-component---NewYard--companyCodeComboBox"}]}
RESULT: {"script":"<script> [1562 bytes]","args":[{"selector":{"id":"application-manageyards-display-component---NewYard--companyCodeComboBox","interaction":{"idSuffix":"inner"}},"wdio_ui5_key":"applicationmanageyards-display-component---NewYard--companyCodeComboBox"}]}
RESULT: undefined
COMMAND: POST /session/9771be729de2b5cad7e8c50aeccc09f8/execute/async - {"script":"<script> [776 bytes]","args":[{"enterText":"1000","selector":{"id":"application-manageyards-display-component---NewYard--companyCodeComboBox","interaction":{"idSuffix":"inner"}},"clearTextFirst":true,"interactionType":"ENTER_TEXT"}]}
RESULT: {"script":"<script> [776 bytes]","args":[{"enterText":"1000","selector":{"id":"application-manageyards-display-component---NewYard--companyCodeComboBox","interaction":{"idSuffix":"inner"}},"clearTextFirst":true,"interactionType":"ENTER_TEXT"}]}
COMMAND: POST /session/9771be729de2b5cad7e8c50aeccc09f8/execute/async - {"script":"<script> [1562 bytes]","args":[{"selector":{"controlType":"sap.m.Input","viewName":"etm.portal.ui.manageyards.view.New","viewId":"application-manageyards-display-component---NewYard","bindingPath":{"path":"","propertyPath":"/PLANT","modelName":"NewYardModel"},"interaction":{"idSuffix":"inner"}},"wdio_ui5_key":"etmportal.ui.manageyards.view.Newsap.m.Input{\"path\":\"\",\"propertyPath\":\"/PLANT\",\"modelName\":\"NewYardModel\"}"}]}
RESULT: {"script":"<script> [1562 bytes]","args":[{"selector":{"controlType":"sap.m.Input","viewName":"etm.portal.ui.manageyards.view.New","viewId":"application-manageyards-display-component---NewYard","bindingPath":{"path":"","propertyPath":"/PLANT","modelName":"NewYardModel"},"interaction":{"idSuffix":"inner"}},"wdio_ui5_key":"etmportal.ui.manageyards.view.Newsap.m.Input{\"path\":\"\",\"propertyPath\":\"/PLANT\",\"modelName\":\"NewYardModel\"}"}]}
RESULT: undefined
COMMAND: POST /session/9771be729de2b5cad7e8c50aeccc09f8/execute/async - {"script":"<script> [776 bytes]","args":[{"enterText":"1001","selector":{"controlType":"sap.m.Input","viewName":"etm.portal.ui.manageyards.view.New","viewId":"application-manageyards-display-component---NewYard","bindingPath":{"path":"","propertyPath":"/PLANT","modelName":"NewYardModel"},"interaction":{"idSuffix":"inner"}},"clearTextFirst":true,"interactionType":"ENTER_TEXT"}]}
RESULT: {"script":"<script> [776 bytes]","args":[{"enterText":"1001","selector":{"controlType":"sap.m.Input","viewName":"etm.portal.ui.manageyards.view.New","viewId":"application-manageyards-display-component---NewYard","bindingPath":{"path":"","propertyPath":"/PLANT","modelName":"NewYardModel"},"interaction":{"idSuffix":"inner"}},"clearTextFirst":true,"interactionType":"ENTER_TEXT"}]}
COMMAND: POST /session/9771be729de2b5cad7e8c50aeccc09f8/execute/async - {"script":"<script> [1562 bytes]","args":[{"selector":{"controlType":"sap.m.Input","viewName":"etm.portal.ui.manageyards.view.New","viewId":"application-manageyards-display-component---NewYard","bindingPath":{"path":"","propertyPath":"/SALES_AREA_VKORG","modelName":"NewYardModel"},"interaction":{"idSuffix":"inner"}},"wdio_ui5_key":"etmportal.ui.manageyards.view.Newsap.m.Input{\"path\":\"\",\"propertyPath\":\"/SALES_AREA_VKORG\",\"modelName\":\"NewYardModel\"}"}]}
RESULT: {"script":"<script> [1562 bytes]","args":[{"selector":{"controlType":"sap.m.Input","viewName":"etm.portal.ui.manageyards.view.New","viewId":"application-manageyards-display-component---NewYard","bindingPath":{"path":"","propertyPath":"/SALES_AREA_VKORG","modelName":"NewYardModel"},"interaction":{"idSuffix":"inner"}},"wdio_ui5_key":"etmportal.ui.manageyards.view.Newsap.m.Input{\"path\":\"\",\"propertyPath\":\"/SALES_AREA_VKORG\",\"modelName\":\"NewYardModel\"}"}]}
RESULT: undefined
COMMAND: POST /session/9771be729de2b5cad7e8c50aeccc09f8/execute/async - {"script":"<script> [776 bytes]","args":[{"enterText":"C002","selector":{"controlType":"sap.m.Input","viewName":"etm.portal.ui.manageyards.view.New","viewId":"application-manageyards-display-component---NewYard","bindingPath":{"path":"","propertyPath":"/SALES_AREA_VKORG","modelName":"NewYardModel"},"interaction":{"idSuffix":"inner"}},"clearTextFirst":true,"interactionType":"ENTER_TEXT"}]}
RESULT: {"script":"<script> [776 bytes]","args":[{"enterText":"C002","selector":{"controlType":"sap.m.Input","viewName":"etm.portal.ui.manageyards.view.New","viewId":"application-manageyards-display-component---NewYard","bindingPath":{"path":"","propertyPath":"/SALES_AREA_VKORG","modelName":"NewYardModel"},"interaction":{"idSuffix":"inner"}},"clearTextFirst":true,"interactionType":"ENTER_TEXT"}]}
COMMAND: POST /session/9771be729de2b5cad7e8c50aeccc09f8/execute/async - {"script":"<script> [1562 bytes]","args":[{"selector":{"controlType":"sap.m.Input","viewName":"etm.portal.ui.manageyards.view.New","viewId":"application-manageyards-display-component---NewYard","bindingPath":{"path":"","propertyPath":"/SALES_AREA_VTWEG","modelName":"NewYardModel"},"interaction":{"idSuffix":"inner"}},"wdio_ui5_key":"etmportal.ui.manageyards.view.Newsap.m.Input{\"path\":\"\",\"propertyPath\":\"/SALES_AREA_VTWEG\",\"modelName\":\"NewYardModel\"}"}]}
RESULT: {"script":"<script> [1562 bytes]","args":[{"selector":{"controlType":"sap.m.Input","viewName":"etm.portal.ui.manageyards.view.New","viewId":"application-manageyards-display-component---NewYard","bindingPath":{"path":"","propertyPath":"/SALES_AREA_VTWEG","modelName":"NewYardModel"},"interaction":{"idSuffix":"inner"}},"wdio_ui5_key":"etmportal.ui.manageyards.view.Newsap.m.Input{\"path\":\"\",\"propertyPath\":\"/SALES_AREA_VTWEG\",\"modelName\":\"NewYardModel\"}"}]}
RESULT: undefined
COMMAND: POST /session/9771be729de2b5cad7e8c50aeccc09f8/execute/async - {"script":"<script> [776 bytes]","args":[{"enterText":"C2","selector":{"controlType":"sap.m.Input","viewName":"etm.portal.ui.manageyards.view.New","viewId":"application-manageyards-display-component---NewYard","bindingPath":{"path":"","propertyPath":"/SALES_AREA_VTWEG","modelName":"NewYardModel"},"interaction":{"idSuffix":"inner"}},"clearTextFirst":true,"interactionType":"ENTER_TEXT"}]}
RESULT: {"script":"<script> [776 bytes]","args":[{"enterText":"C2","selector":{"controlType":"sap.m.Input","viewName":"etm.portal.ui.manageyards.view.New","viewId":"application-manageyards-display-component---NewYard","bindingPath":{"path":"","propertyPath":"/SALES_AREA_VTWEG","modelName":"NewYardModel"},"interaction":{"idSuffix":"inner"}},"clearTextFirst":true,"interactionType":"ENTER_TEXT"}]}
COMMAND: POST /session/9771be729de2b5cad7e8c50aeccc09f8/execute/async - {"script":"<script> [1562 bytes]","args":[{"selector":{"controlType":"sap.m.Input","viewName":"etm.portal.ui.manageyards.view.New","viewId":"application-manageyards-display-component---NewYard","bindingPath":{"path":"","propertyPath":"/SALES_AREA_SPART","modelName":"NewYardModel"},"interaction":{"idSuffix":"inner"}},"wdio_ui5_key":"etmportal.ui.manageyards.view.Newsap.m.Input{\"path\":\"\",\"propertyPath\":\"/SALES_AREA_SPART\",\"modelName\":\"NewYardModel\"}"}]}
RESULT: {"script":"<script> [1562 bytes]","args":[{"selector":{"controlType":"sap.m.Input","viewName":"etm.portal.ui.manageyards.view.New","viewId":"application-manageyards-display-component---NewYard","bindingPath":{"path":"","propertyPath":"/SALES_AREA_SPART","modelName":"NewYardModel"},"interaction":{"idSuffix":"inner"}},"wdio_ui5_key":"etmportal.ui.manageyards.view.Newsap.m.Input{\"path\":\"\",\"propertyPath\":\"/SALES_AREA_SPART\",\"modelName\":\"NewYardModel\"}"}]}
RESULT: undefined
COMMAND: POST /session/9771be729de2b5cad7e8c50aeccc09f8/execute/async - {"script":"<script> [776 bytes]","args":[{"enterText":"C2","selector":{"controlType":"sap.m.Input","viewName":"etm.portal.ui.manageyards.view.New","viewId":"application-manageyards-display-component---NewYard","bindingPath":{"path":"","propertyPath":"/SALES_AREA_SPART","modelName":"NewYardModel"},"interaction":{"idSuffix":"inner"}},"clearTextFirst":true,"interactionType":"ENTER_TEXT"}]}
RESULT: {"script":"<script> [776 bytes]","args":[{"enterText":"C2","selector":{"controlType":"sap.m.Input","viewName":"etm.portal.ui.manageyards.view.New","viewId":"application-manageyards-display-component---NewYard","bindingPath":{"path":"","propertyPath":"/SALES_AREA_SPART","modelName":"NewYardModel"},"interaction":{"idSuffix":"inner"}},"clearTextFirst":true,"interactionType":"ENTER_TEXT"}]}
COMMAND: POST /session/9771be729de2b5cad7e8c50aeccc09f8/execute/async - {"script":"<script> [1562 bytes]","args":[{"selector":{"controlType":"sap.m.Input","viewName":"etm.portal.ui.manageyards.view.New","viewId":"application-manageyards-display-component---NewYard","bindingPath":{"path":"","propertyPath":"/SHIP_POINT","modelName":"NewYardModel"},"interaction":{"idSuffix":"inner"}},"wdio_ui5_key":"etmportal.ui.manageyards.view.Newsap.m.Input{\"path\":\"\",\"propertyPath\":\"/SHIP_POINT\",\"modelName\":\"NewYardModel\"}"}]}
RESULT: {"script":"<script> [1562 bytes]","args":[{"selector":{"controlType":"sap.m.Input","viewName":"etm.portal.ui.manageyards.view.New","viewId":"application-manageyards-display-component---NewYard","bindingPath":{"path":"","propertyPath":"/SHIP_POINT","modelName":"NewYardModel"},"interaction":{"idSuffix":"inner"}},"wdio_ui5_key":"etmportal.ui.manageyards.view.Newsap.m.Input{\"path\":\"\",\"propertyPath\":\"/SHIP_POINT\",\"modelName\":\"NewYardModel\"}"}]}
RESULT: undefined
COMMAND: POST /session/9771be729de2b5cad7e8c50aeccc09f8/execute/async - {"script":"<script> [776 bytes]","args":[{"enterText":"1710","selector":{"controlType":"sap.m.Input","viewName":"etm.portal.ui.manageyards.view.New","viewId":"application-manageyards-display-component---NewYard","bindingPath":{"path":"","propertyPath":"/SHIP_POINT","modelName":"NewYardModel"},"interaction":{"idSuffix":"inner"}},"clearTextFirst":true,"interactionType":"ENTER_TEXT"}]}
RESULT: {"script":"<script> [776 bytes]","args":[{"enterText":"1710","selector":{"controlType":"sap.m.Input","viewName":"etm.portal.ui.manageyards.view.New","viewId":"application-manageyards-display-component---NewYard","bindingPath":{"path":"","propertyPath":"/SHIP_POINT","modelName":"NewYardModel"},"interaction":{"idSuffix":"inner"}},"clearTextFirst":true,"interactionType":"ENTER_TEXT"}]}
COMMAND: POST /session/9771be729de2b5cad7e8c50aeccc09f8/execute/async - {"script":"<script> [1562 bytes]","args":[{"selector":{"controlType":"sap.m.Input","viewName":"etm.portal.ui.manageyards.view.New","viewId":"application-manageyards-display-component---NewYard","bindingPath":{"path":"","propertyPath":"/DELIVERY_TYPE","modelName":"NewYardModel"},"interaction":{"idSuffix":"inner"}},"wdio_ui5_key":"etmportal.ui.manageyards.view.Newsap.m.Input{\"path\":\"\",\"propertyPath\":\"/DELIVERY_TYPE\",\"modelName\":\"NewYardModel\"}"}]}
RESULT: {"script":"<script> [1562 bytes]","args":[{"selector":{"controlType":"sap.m.Input","viewName":"etm.portal.ui.manageyards.view.New","viewId":"application-manageyards-display-component---NewYard","bindingPath":{"path":"","propertyPath":"/DELIVERY_TYPE","modelName":"NewYardModel"},"interaction":{"idSuffix":"inner"}},"wdio_ui5_key":"etmportal.ui.manageyards.view.Newsap.m.Input{\"path\":\"\",\"propertyPath\":\"/DELIVERY_TYPE\",\"modelName\":\"NewYardModel\"}"}]}
RESULT: undefined
COMMAND: POST /session/9771be729de2b5cad7e8c50aeccc09f8/execute/async - {"script":"<script> [776 bytes]","args":[{"enterText":"ZL01","selector":{"controlType":"sap.m.Input","viewName":"etm.portal.ui.manageyards.view.New","viewId":"application-manageyards-display-component---NewYard","bindingPath":{"path":"","propertyPath":"/DELIVERY_TYPE","modelName":"NewYardModel"},"interaction":{"idSuffix":"inner"}},"clearTextFirst":true,"interactionType":"ENTER_TEXT"}]}
RESULT: {"script":"<script> [776 bytes]","args":[{"enterText":"ZL01","selector":{"controlType":"sap.m.Input","viewName":"etm.portal.ui.manageyards.view.New","viewId":"application-manageyards-display-component---NewYard","bindingPath":{"path":"","propertyPath":"/DELIVERY_TYPE","modelName":"NewYardModel"},"interaction":{"idSuffix":"inner"}},"clearTextFirst":true,"interactionType":"ENTER_TEXT"}]}
COMMAND: POST /session/9771be729de2b5cad7e8c50aeccc09f8/execute/async - {"script":"<script> [1562 bytes]","args":[{"selector":{"controlType":"sap.m.Input","viewName":"etm.portal.ui.manageyards.view.New","viewId":"application-manageyards-display-component---NewYard","bindingPath":{"path":"","propertyPath":"/AUART","modelName":"NewYardModel"},"interaction":{"idSuffix":"inner"}},"wdio_ui5_key":"etmportal.ui.manageyards.view.Newsap.m.Input{\"path\":\"\",\"propertyPath\":\"/AUART\",\"modelName\":\"NewYardModel\"}"}]}
RESULT: {"script":"<script> [1562 bytes]","args":[{"selector":{"controlType":"sap.m.Input","viewName":"etm.portal.ui.manageyards.view.New","viewId":"application-manageyards-display-component---NewYard","bindingPath":{"path":"","propertyPath":"/AUART","modelName":"NewYardModel"},"interaction":{"idSuffix":"inner"}},"wdio_ui5_key":"etmportal.ui.manageyards.view.Newsap.m.Input{\"path\":\"\",\"propertyPath\":\"/AUART\",\"modelName\":\"NewYardModel\"}"}]}
RESULT: undefined
COMMAND: POST /session/9771be729de2b5cad7e8c50aeccc09f8/execute/async - {"script":"<script> [776 bytes]","args":[{"enterText":"TA","selector":{"controlType":"sap.m.Input","viewName":"etm.portal.ui.manageyards.view.New","viewId":"application-manageyards-display-component---NewYard","bindingPath":{"path":"","propertyPath":"/AUART","modelName":"NewYardModel"},"interaction":{"idSuffix":"inner"}},"clearTextFirst":true,"interactionType":"ENTER_TEXT"}]}
RESULT: {"script":"<script> [776 bytes]","args":[{"enterText":"TA","selector":{"controlType":"sap.m.Input","viewName":"etm.portal.ui.manageyards.view.New","viewId":"application-manageyards-display-component---NewYard","bindingPath":{"path":"","propertyPath":"/AUART","modelName":"NewYardModel"},"interaction":{"idSuffix":"inner"}},"clearTextFirst":true,"interactionType":"ENTER_TEXT"}]}
COMMAND: POST /session/9771be729de2b5cad7e8c50aeccc09f8/element - {"using":"xpath","value":"//button[@data-kt=\"newYardSaveButton\"]"}
RESULT: {"using":"xpath","value":"//button[@data-kt=\"newYardSaveButton\"]"}
COMMAND: POST /session/9771be729de2b5cad7e8c50aeccc09f8/element/f.FA016163B118C5F4EE8F7E46F9653AA6.d.C315B38F863F8DE3417E5D2EE12E39CB.e.710/click - {}
RESULT: {}
COMMAND: GET /session/9771be729de2b5cad7e8c50aeccc09f8/screenshot - {}
RESULT: {}
COMMAND: POST /session/9771be729de2b5cad7e8c50aeccc09f8/element - {"using":"xpath","value":"//header[contains(@id, 'ObjectPageLayout-headerTitle')]/div[1]/div[2]/div[1]/span[1]"}
RESULT: {"using":"xpath","value":"//header[contains(@id, 'ObjectPageLayout-headerTitle')]/div[1]/div[2]/div[1]/span[1]"}
COMMAND: POST /session/9771be729de2b5cad7e8c50aeccc09f8/elements - {"using":"xpath","value":"//header[contains(@id, 'ObjectPageLayout-headerTitle')]/div[1]/div[2]/div[1]/span[1]"}
RESULT: {"using":"xpath","value":"//header[contains(@id, 'ObjectPageLayout-headerTitle')]/div[1]/div[2]/div[1]/span[1]"}
COMMAND: POST /session/9771be729de2b5cad7e8c50aeccc09f8/execute/sync - {"script":"<script> [56 bytes]","args":[{"element-6066-11e4-a52e-4f735466cecf":"f.FA016163B118C5F4EE8F7E46F9653AA6.d.C315B38F863F8DE3417E5D2EE12E39CB.e.1014","ELEMENT":"f.FA016163B118C5F4EE8F7E46F9653AA6.d.C315B38F863F8DE3417E5D2EE12E39CB.e.1014"}]}
RESULT: {"script":"<script> [56 bytes]","args":[{"element-6066-11e4-a52e-4f735466cecf":"f.FA016163B118C5F4EE8F7E46F9653AA6.d.C315B38F863F8DE3417E5D2EE12E39CB.e.1014","ELEMENT":"f.FA016163B118C5F4EE8F7E46F9653AA6.d.C315B38F863F8DE3417E5D2EE12E39CB.e.1014"}]}
COMMAND: GET /session/9771be729de2b5cad7e8c50aeccc09f8/screenshot - {}
RESULT: {}
COMMAND: POST /session/9771be729de2b5cad7e8c50aeccc09f8/element - {"using":"css selector","value":"#shell-header-logo"}
RESULT: {"using":"css selector","value":"#shell-header-logo"}
COMMAND: POST /session/9771be729de2b5cad7e8c50aeccc09f8/element/f.FA016163B118C5F4EE8F7E46F9653AA6.d.C315B38F863F8DE3417E5D2EE12E39CB.e.255/click - {}
RESULT: {}
COMMAND: GET /session/9771be729de2b5cad7e8c50aeccc09f8/screenshot - {}
RESULT: {}
COMMAND: POST /session/9771be729de2b5cad7e8c50aeccc09f8/execute/sync - {"script":"<script> [299 bytes]","args":[["getModel","getResource"]]}
RESULT: {"script":"<script> [299 bytes]","args":[["getModel","getResource"]]}
COMMAND: GET /session/9771be729de2b5cad7e8c50aeccc09f8/screenshot - {}
]]></system-out>
    </testcase>
    <testcase classname="chrome.136_0_7103_49.windows.Prerequisites_&amp;_test_for_yard_mass_return_on_Yard_Overview_US131057" name="Prereq Should create a new partner" time="114.296">
      <system-out><![CDATA[
COMMAND: POST /session/9771be729de2b5cad7e8c50aeccc09f8/window/fullscreen - {}
RESULT: {}
RESULT: {}
COMMAND: POST /session/9771be729de2b5cad7e8c50aeccc09f8/execute/async - {"script":"<script> [1562 bytes]","args":[{"selector":{"controlType":"sap.m.GenericTile","properties":{"header":"Manage Partners"}},"wdio_ui5_key":"sapm.GenericTile{\"header\":\"Manage Partners\"}"}]}
RESULT: {"script":"<script> [1562 bytes]","args":[{"selector":{"controlType":"sap.m.GenericTile","properties":{"header":"Manage Partners"}},"wdio_ui5_key":"sapm.GenericTile{\"header\":\"Manage Partners\"}"}]}
RESULT: undefined
COMMAND: POST /session/9771be729de2b5cad7e8c50aeccc09f8/element - {"using":"xpath","value":"//*[@id=\"__tile38\"]"}
RESULT: {"using":"xpath","value":"//*[@id=\"__tile38\"]"}
COMMAND: POST /session/9771be729de2b5cad7e8c50aeccc09f8/element/f.FA016163B118C5F4EE8F7E46F9653AA6.d.C315B38F863F8DE3417E5D2EE12E39CB.e.149/click - {}
RESULT: {}
COMMAND: POST /session/9771be729de2b5cad7e8c50aeccc09f8/element - {"using":"xpath","value":"//button[@data-kt=\"addButton\"]"}
COMMAND: GET /session/9771be729de2b5cad7e8c50aeccc09f8/screenshot - {}
RESULT: {"using":"xpath","value":"//button[@data-kt=\"addButton\"]"}
COMMAND: POST /session/9771be729de2b5cad7e8c50aeccc09f8/elements - {"using":"xpath","value":"//button[@data-kt=\"addButton\"]"}
RESULT: {}
RESULT: {"using":"xpath","value":"//button[@data-kt=\"addButton\"]"}
COMMAND: POST /session/9771be729de2b5cad7e8c50aeccc09f8/elements - {"using":"xpath","value":"//button[@data-kt=\"addButton\"]"}
RESULT: {"using":"xpath","value":"//button[@data-kt=\"addButton\"]"}
COMMAND: POST /session/9771be729de2b5cad7e8c50aeccc09f8/elements - {"using":"xpath","value":"//button[@data-kt=\"addButton\"]"}
RESULT: {"using":"xpath","value":"//button[@data-kt=\"addButton\"]"}
COMMAND: POST /session/9771be729de2b5cad7e8c50aeccc09f8/elements - {"using":"xpath","value":"//button[@data-kt=\"addButton\"]"}
RESULT: {"using":"xpath","value":"//button[@data-kt=\"addButton\"]"}
COMMAND: POST /session/9771be729de2b5cad7e8c50aeccc09f8/elements - {"using":"xpath","value":"//button[@data-kt=\"addButton\"]"}
RESULT: {"using":"xpath","value":"//button[@data-kt=\"addButton\"]"}
COMMAND: POST /session/9771be729de2b5cad7e8c50aeccc09f8/elements - {"using":"xpath","value":"//button[@data-kt=\"addButton\"]"}
RESULT: {"using":"xpath","value":"//button[@data-kt=\"addButton\"]"}
COMMAND: POST /session/9771be729de2b5cad7e8c50aeccc09f8/elements - {"using":"xpath","value":"//button[@data-kt=\"addButton\"]"}
RESULT: {"using":"xpath","value":"//button[@data-kt=\"addButton\"]"}
COMMAND: POST /session/9771be729de2b5cad7e8c50aeccc09f8/elements - {"using":"xpath","value":"//button[@data-kt=\"addButton\"]"}
RESULT: {"using":"xpath","value":"//button[@data-kt=\"addButton\"]"}
COMMAND: POST /session/9771be729de2b5cad7e8c50aeccc09f8/elements - {"using":"xpath","value":"//button[@data-kt=\"addButton\"]"}
RESULT: {"using":"xpath","value":"//button[@data-kt=\"addButton\"]"}
COMMAND: POST /session/9771be729de2b5cad7e8c50aeccc09f8/elements - {"using":"xpath","value":"//button[@data-kt=\"addButton\"]"}
RESULT: {"using":"xpath","value":"//button[@data-kt=\"addButton\"]"}
COMMAND: POST /session/9771be729de2b5cad7e8c50aeccc09f8/elements - {"using":"xpath","value":"//button[@data-kt=\"addButton\"]"}
RESULT: {"using":"xpath","value":"//button[@data-kt=\"addButton\"]"}
COMMAND: POST /session/9771be729de2b5cad7e8c50aeccc09f8/elements - {"using":"xpath","value":"//button[@data-kt=\"addButton\"]"}
RESULT: {"using":"xpath","value":"//button[@data-kt=\"addButton\"]"}
COMMAND: POST /session/9771be729de2b5cad7e8c50aeccc09f8/elements - {"using":"xpath","value":"//button[@data-kt=\"addButton\"]"}
RESULT: {"using":"xpath","value":"//button[@data-kt=\"addButton\"]"}
COMMAND: POST /session/9771be729de2b5cad7e8c50aeccc09f8/elements - {"using":"xpath","value":"//button[@data-kt=\"addButton\"]"}
RESULT: {"using":"xpath","value":"//button[@data-kt=\"addButton\"]"}
COMMAND: POST /session/9771be729de2b5cad7e8c50aeccc09f8/elements - {"using":"xpath","value":"//button[@data-kt=\"addButton\"]"}
RESULT: {"using":"xpath","value":"//button[@data-kt=\"addButton\"]"}
COMMAND: POST /session/9771be729de2b5cad7e8c50aeccc09f8/elements - {"using":"xpath","value":"//button[@data-kt=\"addButton\"]"}
RESULT: {"using":"xpath","value":"//button[@data-kt=\"addButton\"]"}
COMMAND: POST /session/9771be729de2b5cad7e8c50aeccc09f8/element - {"using":"xpath","value":"//button[@data-kt=\"addButton\"]"}
RESULT: {"using":"xpath","value":"//button[@data-kt=\"addButton\"]"}
COMMAND: POST /session/9771be729de2b5cad7e8c50aeccc09f8/execute/sync - {"script":"<script> [8489 bytes]","args":[{"element-6066-11e4-a52e-4f735466cecf":"f.FA016163B118C5F4EE8F7E46F9653AA6.d.C315B38F863F8DE3417E5D2EE12E39CB.e.1062","ELEMENT":"f.FA016163B118C5F4EE8F7E46F9653AA6.d.C315B38F863F8DE3417E5D2EE12E39CB.e.1062"}]}
RESULT: {"script":"<script> [8489 bytes]","args":[{"element-6066-11e4-a52e-4f735466cecf":"f.FA016163B118C5F4EE8F7E46F9653AA6.d.C315B38F863F8DE3417E5D2EE12E39CB.e.1062","ELEMENT":"f.FA016163B118C5F4EE8F7E46F9653AA6.d.C315B38F863F8DE3417E5D2EE12E39CB.e.1062"}]}
COMMAND: GET /session/9771be729de2b5cad7e8c50aeccc09f8/element/f.FA016163B118C5F4EE8F7E46F9653AA6.d.C315B38F863F8DE3417E5D2EE12E39CB.e.1062/enabled - {}
COMMAND: GET /session/9771be729de2b5cad7e8c50aeccc09f8/screenshot - {}
RESULT: {}
COMMAND: POST /session/9771be729de2b5cad7e8c50aeccc09f8/execute/sync - {"script":"<script> [8489 bytes]","args":[{"element-6066-11e4-a52e-4f735466cecf":"f.FA016163B118C5F4EE8F7E46F9653AA6.d.C315B38F863F8DE3417E5D2EE12E39CB.e.1062","ELEMENT":"f.FA016163B118C5F4EE8F7E46F9653AA6.d.C315B38F863F8DE3417E5D2EE12E39CB.e.1062"}]}
COMMAND: GET /session/9771be729de2b5cad7e8c50aeccc09f8/screenshot - {}
RESULT: {}
RESULT: {"script":"<script> [8489 bytes]","args":[{"element-6066-11e4-a52e-4f735466cecf":"f.FA016163B118C5F4EE8F7E46F9653AA6.d.C315B38F863F8DE3417E5D2EE12E39CB.e.1062","ELEMENT":"f.FA016163B118C5F4EE8F7E46F9653AA6.d.C315B38F863F8DE3417E5D2EE12E39CB.e.1062"}]}
COMMAND: POST /session/9771be729de2b5cad7e8c50aeccc09f8/execute/sync - {"script":"<script> [5351 bytes]","args":[{"element-6066-11e4-a52e-4f735466cecf":"f.FA016163B118C5F4EE8F7E46F9653AA6.d.C315B38F863F8DE3417E5D2EE12E39CB.e.1062","ELEMENT":"f.FA016163B118C5F4EE8F7E46F9653AA6.d.C315B38F863F8DE3417E5D2EE12E39CB.e.1062"}]}
COMMAND: GET /session/9771be729de2b5cad7e8c50aeccc09f8/screenshot - {}
RESULT: {}
RESULT: {"script":"<script> [5351 bytes]","args":[{"element-6066-11e4-a52e-4f735466cecf":"f.FA016163B118C5F4EE8F7E46F9653AA6.d.C315B38F863F8DE3417E5D2EE12E39CB.e.1062","ELEMENT":"f.FA016163B118C5F4EE8F7E46F9653AA6.d.C315B38F863F8DE3417E5D2EE12E39CB.e.1062"}]}
COMMAND: POST /session/9771be729de2b5cad7e8c50aeccc09f8/element/f.FA016163B118C5F4EE8F7E46F9653AA6.d.C315B38F863F8DE3417E5D2EE12E39CB.e.1062/click - {}
COMMAND: GET /session/9771be729de2b5cad7e8c50aeccc09f8/screenshot - {}
RESULT: {}
RESULT: {}
COMMAND: GET /session/9771be729de2b5cad7e8c50aeccc09f8/screenshot - {}
RESULT: {}
COMMAND: POST /session/9771be729de2b5cad7e8c50aeccc09f8/execute/async - {"script":"<script> [1562 bytes]","args":[{"selector":{"id":"application-managepartners-display-component---NewPartner--addressDetailDetailsName1","interaction":{"idSuffix":"inner"}},"wdio_ui5_key":"applicationmanagepartners-display-component---NewPartner--addressDetailDetailsName1"}]}
RESULT: {}
RESULT: {"script":"<script> [1562 bytes]","args":[{"selector":{"id":"application-managepartners-display-component---NewPartner--addressDetailDetailsName1","interaction":{"idSuffix":"inner"}},"wdio_ui5_key":"applicationmanagepartners-display-component---NewPartner--addressDetailDetailsName1"}]}
RESULT: undefined
COMMAND: POST /session/9771be729de2b5cad7e8c50aeccc09f8/execute/async - {"script":"<script> [776 bytes]","args":[{"enterText":"Intracompany Partner WDIO","selector":{"id":"application-managepartners-display-component---NewPartner--addressDetailDetailsName1","interaction":{"idSuffix":"inner"}},"clearTextFirst":true,"interactionType":"ENTER_TEXT"}]}
RESULT: {"script":"<script> [776 bytes]","args":[{"enterText":"Intracompany Partner WDIO","selector":{"id":"application-managepartners-display-component---NewPartner--addressDetailDetailsName1","interaction":{"idSuffix":"inner"}},"clearTextFirst":true,"interactionType":"ENTER_TEXT"}]}
COMMAND: POST /session/9771be729de2b5cad7e8c50aeccc09f8/execute/async - {"script":"<script> [1562 bytes]","args":[{"selector":{"id":"application-managepartners-display-component---NewPartner--addressDetailDetailsLanguage-arrow"},"wdio_ui5_key":"applicationmanagepartners-display-component---NewPartner--addressDetailDetailsLanguage-arrow"}]}
RESULT: {"script":"<script> [1562 bytes]","args":[{"selector":{"id":"application-managepartners-display-component---NewPartner--addressDetailDetailsLanguage-arrow"},"wdio_ui5_key":"applicationmanagepartners-display-component---NewPartner--addressDetailDetailsLanguage-arrow"}]}
RESULT: undefined
COMMAND: POST /session/9771be729de2b5cad7e8c50aeccc09f8/element - {"using":"xpath","value":"//*[@id=\"application-managepartners-display-component---NewPartner--addressDetailDetailsLanguage-arrow\"]"}
RESULT: {"using":"xpath","value":"//*[@id=\"application-managepartners-display-component---NewPartner--addressDetailDetailsLanguage-arrow\"]"}
COMMAND: POST /session/9771be729de2b5cad7e8c50aeccc09f8/element/f.FA016163B118C5F4EE8F7E46F9653AA6.d.C315B38F863F8DE3417E5D2EE12E39CB.e.1506/click - {}
RESULT: {}
COMMAND: POST /session/9771be729de2b5cad7e8c50aeccc09f8/element - {"using":"xpath","value":"//span[contains(text(), \"English\")]"}
COMMAND: GET /session/9771be729de2b5cad7e8c50aeccc09f8/screenshot - {}
RESULT: {"using":"xpath","value":"//span[contains(text(), \"English\")]"}
COMMAND: POST /session/9771be729de2b5cad7e8c50aeccc09f8/element/f.FA016163B118C5F4EE8F7E46F9653AA6.d.C315B38F863F8DE3417E5D2EE12E39CB.e.1507/click - {}
RESULT: {}
RESULT: {}
COMMAND: GET /session/9771be729de2b5cad7e8c50aeccc09f8/screenshot - {}
RESULT: {}
COMMAND: POST /session/9771be729de2b5cad7e8c50aeccc09f8/execute/async - {"script":"<script> [1562 bytes]","args":[{"selector":{"id":"application-managepartners-display-component---NewPartner--addressDetailDetailsCity1","interaction":{"idSuffix":"inner"}},"wdio_ui5_key":"applicationmanagepartners-display-component---NewPartner--addressDetailDetailsCity1"}]}
RESULT: {"script":"<script> [1562 bytes]","args":[{"selector":{"id":"application-managepartners-display-component---NewPartner--addressDetailDetailsCity1","interaction":{"idSuffix":"inner"}},"wdio_ui5_key":"applicationmanagepartners-display-component---NewPartner--addressDetailDetailsCity1"}]}
RESULT: undefined
COMMAND: POST /session/9771be729de2b5cad7e8c50aeccc09f8/execute/async - {"script":"<script> [776 bytes]","args":[{"enterText":"Rosario","selector":{"id":"application-managepartners-display-component---NewPartner--addressDetailDetailsCity1","interaction":{"idSuffix":"inner"}},"clearTextFirst":true,"interactionType":"ENTER_TEXT"}]}
RESULT: {"script":"<script> [776 bytes]","args":[{"enterText":"Rosario","selector":{"id":"application-managepartners-display-component---NewPartner--addressDetailDetailsCity1","interaction":{"idSuffix":"inner"}},"clearTextFirst":true,"interactionType":"ENTER_TEXT"}]}
COMMAND: POST /session/9771be729de2b5cad7e8c50aeccc09f8/execute/async - {"script":"<script> [1562 bytes]","args":[{"selector":{"id":"application-managepartners-display-component---NewPartner--addressDetailDetailsCountry-arrow"},"wdio_ui5_key":"applicationmanagepartners-display-component---NewPartner--addressDetailDetailsCountry-arrow"}]}
RESULT: {"script":"<script> [1562 bytes]","args":[{"selector":{"id":"application-managepartners-display-component---NewPartner--addressDetailDetailsCountry-arrow"},"wdio_ui5_key":"applicationmanagepartners-display-component---NewPartner--addressDetailDetailsCountry-arrow"}]}
RESULT: undefined
COMMAND: POST /session/9771be729de2b5cad7e8c50aeccc09f8/element - {"using":"xpath","value":"//*[@id=\"application-managepartners-display-component---NewPartner--addressDetailDetailsCountry-arrow\"]"}
RESULT: {"using":"xpath","value":"//*[@id=\"application-managepartners-display-component---NewPartner--addressDetailDetailsCountry-arrow\"]"}
COMMAND: POST /session/9771be729de2b5cad7e8c50aeccc09f8/element/f.FA016163B118C5F4EE8F7E46F9653AA6.d.C315B38F863F8DE3417E5D2EE12E39CB.e.1493/click - {}
RESULT: {}
COMMAND: POST /session/9771be729de2b5cad7e8c50aeccc09f8/element - {"using":"xpath","value":"//span[contains(text(), \"Argentina\")]"}
COMMAND: GET /session/9771be729de2b5cad7e8c50aeccc09f8/screenshot - {}
RESULT: {"using":"xpath","value":"//span[contains(text(), \"Argentina\")]"}
COMMAND: POST /session/9771be729de2b5cad7e8c50aeccc09f8/element/f.FA016163B118C5F4EE8F7E46F9653AA6.d.C315B38F863F8DE3417E5D2EE12E39CB.e.1509/click - {}
RESULT: {}
RESULT: {}
COMMAND: GET /session/9771be729de2b5cad7e8c50aeccc09f8/screenshot - {}
RESULT: {}
COMMAND: POST /session/9771be729de2b5cad7e8c50aeccc09f8/element - {"using":"xpath","value":"//bdi[contains(text(), \"Commercial\")]"}
RESULT: {"using":"xpath","value":"//bdi[contains(text(), \"Commercial\")]"}
COMMAND: POST /session/9771be729de2b5cad7e8c50aeccc09f8/element/f.FA016163B118C5F4EE8F7E46F9653AA6.d.C315B38F863F8DE3417E5D2EE12E39CB.e.1510/click - {}
RESULT: {}
COMMAND: GET /session/9771be729de2b5cad7e8c50aeccc09f8/screenshot - {}
RESULT: {}
COMMAND: POST /session/9771be729de2b5cad7e8c50aeccc09f8/execute/async - {"script":"<script> [1562 bytes]","args":[{"selector":{"id":"application-managepartners-display-component---NewPartner--partnerDetailInternal-arrow"},"wdio_ui5_key":"applicationmanagepartners-display-component---NewPartner--partnerDetailInternal-arrow"}]}
RESULT: {"script":"<script> [1562 bytes]","args":[{"selector":{"id":"application-managepartners-display-component---NewPartner--partnerDetailInternal-arrow"},"wdio_ui5_key":"applicationmanagepartners-display-component---NewPartner--partnerDetailInternal-arrow"}]}
RESULT: undefined
COMMAND: POST /session/9771be729de2b5cad7e8c50aeccc09f8/element - {"using":"xpath","value":"//*[@id=\"application-managepartners-display-component---NewPartner--partnerDetailInternal-arrow\"]"}
RESULT: {"using":"xpath","value":"//*[@id=\"application-managepartners-display-component---NewPartner--partnerDetailInternal-arrow\"]"}
COMMAND: POST /session/9771be729de2b5cad7e8c50aeccc09f8/element/f.FA016163B118C5F4EE8F7E46F9653AA6.d.C315B38F863F8DE3417E5D2EE12E39CB.e.1516/click - {}
RESULT: {}
COMMAND: POST /session/9771be729de2b5cad7e8c50aeccc09f8/element - {"using":"xpath","value":"//span[contains(text(), \"Affiliated company\")]"}
COMMAND: GET /session/9771be729de2b5cad7e8c50aeccc09f8/screenshot - {}
RESULT: {"using":"xpath","value":"//span[contains(text(), \"Affiliated company\")]"}
COMMAND: POST /session/9771be729de2b5cad7e8c50aeccc09f8/element/f.FA016163B118C5F4EE8F7E46F9653AA6.d.C315B38F863F8DE3417E5D2EE12E39CB.e.1517/click - {}
RESULT: {}
RESULT: {}
COMMAND: POST /session/9771be729de2b5cad7e8c50aeccc09f8/execute/async - {"script":"<script> [1562 bytes]","args":[{"selector":{"id":"application-managepartners-display-component---NewPartner--partnerDetailsCurrency-arrow"},"wdio_ui5_key":"applicationmanagepartners-display-component---NewPartner--partnerDetailsCurrency-arrow"}]}
COMMAND: GET /session/9771be729de2b5cad7e8c50aeccc09f8/screenshot - {}
RESULT: {"script":"<script> [1562 bytes]","args":[{"selector":{"id":"application-managepartners-display-component---NewPartner--partnerDetailsCurrency-arrow"},"wdio_ui5_key":"applicationmanagepartners-display-component---NewPartner--partnerDetailsCurrency-arrow"}]}
RESULT: undefined
COMMAND: POST /session/9771be729de2b5cad7e8c50aeccc09f8/element - {"using":"xpath","value":"//*[@id=\"application-managepartners-display-component---NewPartner--partnerDetailsCurrency-arrow\"]"}
RESULT: {}
RESULT: {"using":"xpath","value":"//*[@id=\"application-managepartners-display-component---NewPartner--partnerDetailsCurrency-arrow\"]"}
COMMAND: POST /session/9771be729de2b5cad7e8c50aeccc09f8/element/f.FA016163B118C5F4EE8F7E46F9653AA6.d.C315B38F863F8DE3417E5D2EE12E39CB.e.1524/click - {}
RESULT: {}
COMMAND: POST /session/9771be729de2b5cad7e8c50aeccc09f8/element - {"using":"xpath","value":"//span[contains(text(), \"Euro\")]"}
COMMAND: GET /session/9771be729de2b5cad7e8c50aeccc09f8/screenshot - {}
RESULT: {"using":"xpath","value":"//span[contains(text(), \"Euro\")]"}
COMMAND: POST /session/9771be729de2b5cad7e8c50aeccc09f8/element/f.FA016163B118C5F4EE8F7E46F9653AA6.d.C315B38F863F8DE3417E5D2EE12E39CB.e.1525/click - {}
RESULT: {}
RESULT: {}
COMMAND: POST /session/9771be729de2b5cad7e8c50aeccc09f8/execute/async - {"script":"<script> [1562 bytes]","args":[{"selector":{"id":"application-managepartners-display-component---NewPartner--addressEditDetailsCostObjectCstType-arrow"},"wdio_ui5_key":"applicationmanagepartners-display-component---NewPartner--addressEditDetailsCostObjectCstType-arrow"}]}
COMMAND: GET /session/9771be729de2b5cad7e8c50aeccc09f8/screenshot - {}
RESULT: {"script":"<script> [1562 bytes]","args":[{"selector":{"id":"application-managepartners-display-component---NewPartner--addressEditDetailsCostObjectCstType-arrow"},"wdio_ui5_key":"applicationmanagepartners-display-component---NewPartner--addressEditDetailsCostObjectCstType-arrow"}]}
RESULT: undefined
COMMAND: POST /session/9771be729de2b5cad7e8c50aeccc09f8/element - {"using":"xpath","value":"//*[@id=\"application-managepartners-display-component---NewPartner--addressEditDetailsCostObjectCstType-arrow\"]"}
RESULT: {}
RESULT: {"using":"xpath","value":"//*[@id=\"application-managepartners-display-component---NewPartner--addressEditDetailsCostObjectCstType-arrow\"]"}
COMMAND: POST /session/9771be729de2b5cad7e8c50aeccc09f8/element/f.FA016163B118C5F4EE8F7E46F9653AA6.d.C315B38F863F8DE3417E5D2EE12E39CB.e.1526/click - {}
RESULT: {}
COMMAND: POST /session/9771be729de2b5cad7e8c50aeccc09f8/element - {"using":"xpath","value":"//span[contains(text(), \"Cost Center\")]"}
COMMAND: GET /session/9771be729de2b5cad7e8c50aeccc09f8/screenshot - {}
RESULT: {"using":"xpath","value":"//span[contains(text(), \"Cost Center\")]"}
COMMAND: POST /session/9771be729de2b5cad7e8c50aeccc09f8/element/f.FA016163B118C5F4EE8F7E46F9653AA6.d.C315B38F863F8DE3417E5D2EE12E39CB.e.1527/click - {}
RESULT: {}
RESULT: {}
COMMAND: GET /session/9771be729de2b5cad7e8c50aeccc09f8/screenshot - {}
RESULT: {}
COMMAND: POST /session/9771be729de2b5cad7e8c50aeccc09f8/element - {"using":"xpath","value":"//span[@id=\"application-managepartners-display-component---NewPartner--addressNewCostObjectCstID-vhi\"]"}
RESULT: {"using":"xpath","value":"//span[@id=\"application-managepartners-display-component---NewPartner--addressNewCostObjectCstID-vhi\"]"}
COMMAND: POST /session/9771be729de2b5cad7e8c50aeccc09f8/execute/sync - {"script":"<script> [8489 bytes]","args":[{"element-6066-11e4-a52e-4f735466cecf":"f.FA016163B118C5F4EE8F7E46F9653AA6.d.C315B38F863F8DE3417E5D2EE12E39CB.e.1531","ELEMENT":"f.FA016163B118C5F4EE8F7E46F9653AA6.d.C315B38F863F8DE3417E5D2EE12E39CB.e.1531"}]}
RESULT: {"script":"<script> [8489 bytes]","args":[{"element-6066-11e4-a52e-4f735466cecf":"f.FA016163B118C5F4EE8F7E46F9653AA6.d.C315B38F863F8DE3417E5D2EE12E39CB.e.1531","ELEMENT":"f.FA016163B118C5F4EE8F7E46F9653AA6.d.C315B38F863F8DE3417E5D2EE12E39CB.e.1531"}]}
COMMAND: POST /session/9771be729de2b5cad7e8c50aeccc09f8/execute/async - {"script":"<script> [1562 bytes]","args":[{"selector":{"id":"application-managepartners-display-component---NewPartner--addressNewCostObjectCstID-vhi"},"wdio_ui5_key":"applicationmanagepartners-display-component---NewPartner--addressNewCostObjectCstID-vhi"}]}
COMMAND: GET /session/9771be729de2b5cad7e8c50aeccc09f8/screenshot - {}
RESULT: {"script":"<script> [1562 bytes]","args":[{"selector":{"id":"application-managepartners-display-component---NewPartner--addressNewCostObjectCstID-vhi"},"wdio_ui5_key":"applicationmanagepartners-display-component---NewPartner--addressNewCostObjectCstID-vhi"}]}
RESULT: undefined
COMMAND: POST /session/9771be729de2b5cad7e8c50aeccc09f8/element - {"using":"xpath","value":"//*[@id=\"application-managepartners-display-component---NewPartner--addressNewCostObjectCstID-vhi\"]"}
RESULT: {}
RESULT: {"using":"xpath","value":"//*[@id=\"application-managepartners-display-component---NewPartner--addressNewCostObjectCstID-vhi\"]"}
COMMAND: POST /session/9771be729de2b5cad7e8c50aeccc09f8/element/f.FA016163B118C5F4EE8F7E46F9653AA6.d.C315B38F863F8DE3417E5D2EE12E39CB.e.1531/click - {}
RESULT: {}
COMMAND: GET /session/9771be729de2b5cad7e8c50aeccc09f8/screenshot - {}
RESULT: {}
RESULT: undefined
COMMAND: POST /session/9771be729de2b5cad7e8c50aeccc09f8/execute/async - {"script":"<script> [776 bytes]","args":[{"enterText":"10001013","selector":{"controlType":"sap.m.SearchField","properties":{"placeholder":"Search"},"searchOpenDialogs":true,"interaction":{"idSuffix":"I"}},"clearTextFirst":true,"interactionType":"ENTER_TEXT"}]}
RESULT: {"script":"<script> [776 bytes]","args":[{"enterText":"10001013","selector":{"controlType":"sap.m.SearchField","properties":{"placeholder":"Search"},"searchOpenDialogs":true,"interaction":{"idSuffix":"I"}},"clearTextFirst":true,"interactionType":"ENTER_TEXT"}]}
COMMAND: POST /session/9771be729de2b5cad7e8c50aeccc09f8/actions - {"actions":[{"id":"action2","type":"key","parameters":{},"actions":[{"type":"keyDown","value":"î€‡"},{"type":"pause","duration":10},{"type":"keyUp","value":"î€‡"}]}]}
RESULT: {"actions":[{"id":"action2","type":"key","parameters":{},"actions":[{"type":"keyDown","value":"î€‡"},{"type":"pause","duration":10},{"type":"keyUp","value":"î€‡"}]}]}
COMMAND: GET /session/9771be729de2b5cad7e8c50aeccc09f8/screenshot - {}
RESULT: {}
COMMAND: POST /session/9771be729de2b5cad7e8c50aeccc09f8/element - {"using":"xpath","value":"//span[contains(text(), \"General Management\")]"}
RESULT: {"using":"xpath","value":"//span[contains(text(), \"General Management\")]"}
COMMAND: POST /session/9771be729de2b5cad7e8c50aeccc09f8/element/f.FA016163B118C5F4EE8F7E46F9653AA6.d.C315B38F863F8DE3417E5D2EE12E39CB.e.1538/click - {}
RESULT: {}
COMMAND: GET /session/9771be729de2b5cad7e8c50aeccc09f8/screenshot - {}
RESULT: {}
COMMAND: POST /session/9771be729de2b5cad7e8c50aeccc09f8/element - {"using":"xpath","value":"//bdi[contains(text(), \"OK\")]"}
RESULT: {"using":"xpath","value":"//bdi[contains(text(), \"OK\")]"}
COMMAND: POST /session/9771be729de2b5cad7e8c50aeccc09f8/element/f.FA016163B118C5F4EE8F7E46F9653AA6.d.C315B38F863F8DE3417E5D2EE12E39CB.e.1540/click - {}
RESULT: {}
COMMAND: GET /session/9771be729de2b5cad7e8c50aeccc09f8/screenshot - {}
RESULT: {}
COMMAND: POST /session/9771be729de2b5cad7e8c50aeccc09f8/element - {"using":"xpath","value":"//input[@id=\"application-managepartners-display-component---NewPartner--companyCodeComboBox-inner\"]"}
RESULT: {"using":"xpath","value":"//input[@id=\"application-managepartners-display-component---NewPartner--companyCodeComboBox-inner\"]"}
COMMAND: POST /session/9771be729de2b5cad7e8c50aeccc09f8/element/f.FA016163B118C5F4EE8F7E46F9653AA6.d.C315B38F863F8DE3417E5D2EE12E39CB.e.1363/clear - {}
RESULT: {}
COMMAND: POST /session/9771be729de2b5cad7e8c50aeccc09f8/element/f.FA016163B118C5F4EE8F7E46F9653AA6.d.C315B38F863F8DE3417E5D2EE12E39CB.e.1363/value - {"text":"1000"}
COMMAND: GET /session/9771be729de2b5cad7e8c50aeccc09f8/screenshot - {}
RESULT: {"text":"1000"}
COMMAND: GET /session/9771be729de2b5cad7e8c50aeccc09f8/screenshot - {}
RESULT: {}
RESULT: {}
COMMAND: POST /session/9771be729de2b5cad7e8c50aeccc09f8/element - {"using":"xpath","value":"//li[.//span[text()= \"1000\"]]"}
RESULT: {"using":"xpath","value":"//li[.//span[text()= \"1000\"]]"}
COMMAND: POST /session/9771be729de2b5cad7e8c50aeccc09f8/element/f.FA016163B118C5F4EE8F7E46F9653AA6.d.C315B38F863F8DE3417E5D2EE12E39CB.e.1546/click - {}
RESULT: {}
COMMAND: GET /session/9771be729de2b5cad7e8c50aeccc09f8/screenshot - {}
RESULT: {}
COMMAND: POST /session/9771be729de2b5cad7e8c50aeccc09f8/execute/async - {"script":"<script> [1562 bytes]","args":[{"selector":{"id":"application-managepartners-display-component---NewPartner--btnAddTableRow-img"},"wdio_ui5_key":"applicationmanagepartners-display-component---NewPartner--btnAddTableRow-img"}]}
RESULT: {"script":"<script> [1562 bytes]","args":[{"selector":{"id":"application-managepartners-display-component---NewPartner--btnAddTableRow-img"},"wdio_ui5_key":"applicationmanagepartners-display-component---NewPartner--btnAddTableRow-img"}]}
RESULT: undefined
COMMAND: POST /session/9771be729de2b5cad7e8c50aeccc09f8/element - {"using":"xpath","value":"//*[@id=\"application-managepartners-display-component---NewPartner--btnAddTableRow-img\"]"}
RESULT: {"using":"xpath","value":"//*[@id=\"application-managepartners-display-component---NewPartner--btnAddTableRow-img\"]"}
COMMAND: POST /session/9771be729de2b5cad7e8c50aeccc09f8/element/f.FA016163B118C5F4EE8F7E46F9653AA6.d.C315B38F863F8DE3417E5D2EE12E39CB.e.1547/click - {}
RESULT: {}
COMMAND: GET /session/9771be729de2b5cad7e8c50aeccc09f8/screenshot - {}
RESULT: {}
COMMAND: POST /session/9771be729de2b5cad7e8c50aeccc09f8/element - {"using":"xpath","value":"//input[@id=\"application-managepartners-display-component---NewPartner--assignmentYard-application-managepartners-display-component---NewPartner--assignmentsTable-0-inner\"]"}
RESULT: {"using":"xpath","value":"//input[@id=\"application-managepartners-display-component---NewPartner--assignmentYard-application-managepartners-display-component---NewPartner--assignmentsTable-0-inner\"]"}
COMMAND: POST /session/9771be729de2b5cad7e8c50aeccc09f8/element/f.FA016163B118C5F4EE8F7E46F9653AA6.d.C315B38F863F8DE3417E5D2EE12E39CB.e.1550/clear - {}
RESULT: {}
COMMAND: POST /session/9771be729de2b5cad7e8c50aeccc09f8/element/f.FA016163B118C5F4EE8F7E46F9653AA6.d.C315B38F863F8DE3417E5D2EE12E39CB.e.1550/value - {"text":"688"}
COMMAND: GET /session/9771be729de2b5cad7e8c50aeccc09f8/screenshot - {}
RESULT: {}
RESULT: {"text":"688"}
COMMAND: GET /session/9771be729de2b5cad7e8c50aeccc09f8/screenshot - {}
RESULT: {}
COMMAND: POST /session/9771be729de2b5cad7e8c50aeccc09f8/element - {"using":"xpath","value":"//li[.//span[text()='688']]"}
RESULT: {"using":"xpath","value":"//li[.//span[text()='688']]"}
COMMAND: POST /session/9771be729de2b5cad7e8c50aeccc09f8/element/f.FA016163B118C5F4EE8F7E46F9653AA6.d.C315B38F863F8DE3417E5D2EE12E39CB.e.1559/click - {}
RESULT: {}
COMMAND: GET /session/9771be729de2b5cad7e8c50aeccc09f8/screenshot - {}
RESULT: {}
COMMAND: POST /session/9771be729de2b5cad7e8c50aeccc09f8/actions - {"actions":[{"id":"action3","type":"key","parameters":{},"actions":[{"type":"keyDown","value":"î€‡"},{"type":"pause","duration":10},{"type":"keyUp","value":"î€‡"}]}]}
RESULT: {"actions":[{"id":"action3","type":"key","parameters":{},"actions":[{"type":"keyDown","value":"î€‡"},{"type":"pause","duration":10},{"type":"keyUp","value":"î€‡"}]}]}
COMMAND: POST /session/9771be729de2b5cad7e8c50aeccc09f8/execute/async - {"script":"<script> [1562 bytes]","args":[{"selector":{"id":"application-managepartners-display-component---NewPartner--externalCustomerComboBox-application-managepartners-display-component---NewPartner--assignmentsTable-0-vhi"},"wdio_ui5_key":"applicationmanagepartners-display-component---NewPartner--externalCustomerComboBox-application-managepartners-display-component---NewPartner--assignmentsTable-0-vhi"}]}
COMMAND: GET /session/9771be729de2b5cad7e8c50aeccc09f8/screenshot - {}
RESULT: {"script":"<script> [1562 bytes]","args":[{"selector":{"id":"application-managepartners-display-component---NewPartner--externalCustomerComboBox-application-managepartners-display-component---NewPartner--assignmentsTable-0-vhi"},"wdio_ui5_key":"applicationmanagepartners-display-component---NewPartner--externalCustomerComboBox-application-managepartners-display-component---NewPartner--assignmentsTable-0-vhi"}]}
RESULT: undefined
COMMAND: POST /session/9771be729de2b5cad7e8c50aeccc09f8/element - {"using":"xpath","value":"//*[@id=\"application-managepartners-display-component---NewPartner--externalCustomerComboBox-application-managepartners-display-component---NewPartner--assignmentsTable-0-vhi\"]"}
RESULT: {}
RESULT: {"using":"xpath","value":"//*[@id=\"application-managepartners-display-component---NewPartner--externalCustomerComboBox-application-managepartners-display-component---NewPartner--assignmentsTable-0-vhi\"]"}
COMMAND: POST /session/9771be729de2b5cad7e8c50aeccc09f8/element/f.FA016163B118C5F4EE8F7E46F9653AA6.d.C315B38F863F8DE3417E5D2EE12E39CB.e.1563/click - {}
RESULT: {}
RESULT: undefined
COMMAND: POST /session/9771be729de2b5cad7e8c50aeccc09f8/execute/async - {"script":"<script> [776 bytes]","args":[{"enterText":"300003","selector":{"controlType":"sap.m.SearchField","properties":{"placeholder":"Search"},"searchOpenDialogs":true,"interaction":{"idSuffix":"I"}},"clearTextFirst":true,"interactionType":"ENTER_TEXT"}]}
COMMAND: GET /session/9771be729de2b5cad7e8c50aeccc09f8/screenshot - {}
RESULT: {"script":"<script> [776 bytes]","args":[{"enterText":"300003","selector":{"controlType":"sap.m.SearchField","properties":{"placeholder":"Search"},"searchOpenDialogs":true,"interaction":{"idSuffix":"I"}},"clearTextFirst":true,"interactionType":"ENTER_TEXT"}]}
COMMAND: POST /session/9771be729de2b5cad7e8c50aeccc09f8/actions - {"actions":[{"id":"action4","type":"key","parameters":{},"actions":[{"type":"keyDown","value":"î€‡"},{"type":"pause","duration":10},{"type":"keyUp","value":"î€‡"}]}]}
RESULT: {}
RESULT: {"actions":[{"id":"action4","type":"key","parameters":{},"actions":[{"type":"keyDown","value":"î€‡"},{"type":"pause","duration":10},{"type":"keyUp","value":"î€‡"}]}]}
COMMAND: GET /session/9771be729de2b5cad7e8c50aeccc09f8/screenshot - {}
RESULT: {}
COMMAND: POST /session/9771be729de2b5cad7e8c50aeccc09f8/element - {"using":"xpath","value":"//span[contains(text(), \"300003\")]"}
RESULT: {"using":"xpath","value":"//span[contains(text(), \"300003\")]"}
COMMAND: POST /session/9771be729de2b5cad7e8c50aeccc09f8/element/f.FA016163B118C5F4EE8F7E46F9653AA6.d.C315B38F863F8DE3417E5D2EE12E39CB.e.1581/click - {}
RESULT: {}
COMMAND: GET /session/9771be729de2b5cad7e8c50aeccc09f8/screenshot - {}
RESULT: {}
COMMAND: POST /session/9771be729de2b5cad7e8c50aeccc09f8/element - {"using":"xpath","value":"//bdi[contains(text(), \"OK\")]"}
RESULT: {"using":"xpath","value":"//bdi[contains(text(), \"OK\")]"}
COMMAND: POST /session/9771be729de2b5cad7e8c50aeccc09f8/element/f.FA016163B118C5F4EE8F7E46F9653AA6.d.C315B38F863F8DE3417E5D2EE12E39CB.e.1583/click - {}
RESULT: {}
COMMAND: GET /session/9771be729de2b5cad7e8c50aeccc09f8/screenshot - {}
RESULT: {}
COMMAND: POST /session/9771be729de2b5cad7e8c50aeccc09f8/execute/async - {"script":"<script> [1562 bytes]","args":[{"selector":{"id":"application-managepartners-display-component---NewPartner--intercompVendorComboBox-application-managepartners-display-component---NewPartner--assignmentsTable-0-vhi"},"wdio_ui5_key":"applicationmanagepartners-display-component---NewPartner--intercompVendorComboBox-application-managepartners-display-component---NewPartner--assignmentsTable-0-vhi"}]}
RESULT: {"script":"<script> [1562 bytes]","args":[{"selector":{"id":"application-managepartners-display-component---NewPartner--intercompVendorComboBox-application-managepartners-display-component---NewPartner--assignmentsTable-0-vhi"},"wdio_ui5_key":"applicationmanagepartners-display-component---NewPartner--intercompVendorComboBox-application-managepartners-display-component---NewPartner--assignmentsTable-0-vhi"}]}
RESULT: undefined
COMMAND: POST /session/9771be729de2b5cad7e8c50aeccc09f8/element - {"using":"xpath","value":"//*[@id=\"application-managepartners-display-component---NewPartner--intercompVendorComboBox-application-managepartners-display-component---NewPartner--assignmentsTable-0-vhi\"]"}
RESULT: {"using":"xpath","value":"//*[@id=\"application-managepartners-display-component---NewPartner--intercompVendorComboBox-application-managepartners-display-component---NewPartner--assignmentsTable-0-vhi\"]"}
COMMAND: POST /session/9771be729de2b5cad7e8c50aeccc09f8/element/f.FA016163B118C5F4EE8F7E46F9653AA6.d.C315B38F863F8DE3417E5D2EE12E39CB.e.1586/click - {}
RESULT: {}
RESULT: undefined
COMMAND: POST /session/9771be729de2b5cad7e8c50aeccc09f8/execute/async - {"script":"<script> [776 bytes]","args":[{"enterText":"100005","selector":{"controlType":"sap.m.SearchField","properties":{"placeholder":"Search"},"searchOpenDialogs":true,"interaction":{"idSuffix":"I"}},"clearTextFirst":true,"interactionType":"ENTER_TEXT"}]}
COMMAND: GET /session/9771be729de2b5cad7e8c50aeccc09f8/screenshot - {}
RESULT: {"script":"<script> [776 bytes]","args":[{"enterText":"100005","selector":{"controlType":"sap.m.SearchField","properties":{"placeholder":"Search"},"searchOpenDialogs":true,"interaction":{"idSuffix":"I"}},"clearTextFirst":true,"interactionType":"ENTER_TEXT"}]}
COMMAND: POST /session/9771be729de2b5cad7e8c50aeccc09f8/actions - {"actions":[{"id":"action5","type":"key","parameters":{},"actions":[{"type":"keyDown","value":"î€‡"},{"type":"pause","duration":10},{"type":"keyUp","value":"î€‡"}]}]}
RESULT: {}
RESULT: {"actions":[{"id":"action5","type":"key","parameters":{},"actions":[{"type":"keyDown","value":"î€‡"},{"type":"pause","duration":10},{"type":"keyUp","value":"î€‡"}]}]}
COMMAND: GET /session/9771be729de2b5cad7e8c50aeccc09f8/screenshot - {}
RESULT: {}
COMMAND: POST /session/9771be729de2b5cad7e8c50aeccc09f8/element - {"using":"xpath","value":"//span[contains(text(), \"Penguins - Field/12345 Berlin\")]"}
RESULT: {"using":"xpath","value":"//span[contains(text(), \"Penguins - Field/12345 Berlin\")]"}
COMMAND: POST /session/9771be729de2b5cad7e8c50aeccc09f8/element/f.FA016163B118C5F4EE8F7E46F9653AA6.d.C315B38F863F8DE3417E5D2EE12E39CB.e.1605/click - {}
RESULT: {}
COMMAND: GET /session/9771be729de2b5cad7e8c50aeccc09f8/screenshot - {}
RESULT: {}
COMMAND: POST /session/9771be729de2b5cad7e8c50aeccc09f8/element - {"using":"xpath","value":"//bdi[contains(text(), \"OK\")]"}
RESULT: {"using":"xpath","value":"//bdi[contains(text(), \"OK\")]"}
COMMAND: POST /session/9771be729de2b5cad7e8c50aeccc09f8/element/f.FA016163B118C5F4EE8F7E46F9653AA6.d.C315B38F863F8DE3417E5D2EE12E39CB.e.1606/click - {}
RESULT: {}
COMMAND: GET /session/9771be729de2b5cad7e8c50aeccc09f8/screenshot - {}
RESULT: {}
COMMAND: POST /session/9771be729de2b5cad7e8c50aeccc09f8/element - {"using":"xpath","value":"//button[@data-kt=\"saveButton\"]"}
RESULT: {"using":"xpath","value":"//button[@data-kt=\"saveButton\"]"}
COMMAND: POST /session/9771be729de2b5cad7e8c50aeccc09f8/element/f.FA016163B118C5F4EE8F7E46F9653AA6.d.C315B38F863F8DE3417E5D2EE12E39CB.e.1443/click - {}
RESULT: {}
COMMAND: GET /session/9771be729de2b5cad7e8c50aeccc09f8/screenshot - {}
RESULT: {}
COMMAND: POST /session/9771be729de2b5cad7e8c50aeccc09f8/element - {"using":"xpath","value":"//header[contains(@id, 'ObjectPageLayout-headerTitle')]/div[1]/div[2]/div[2]/span[1]"}
RESULT: {"using":"xpath","value":"//header[contains(@id, 'ObjectPageLayout-headerTitle')]/div[1]/div[2]/div[2]/span[1]"}
COMMAND: POST /session/9771be729de2b5cad7e8c50aeccc09f8/elements - {"using":"xpath","value":"//header[contains(@id, 'ObjectPageLayout-headerTitle')]/div[1]/div[2]/div[2]/span[1]"}
RESULT: {"using":"xpath","value":"//header[contains(@id, 'ObjectPageLayout-headerTitle')]/div[1]/div[2]/div[2]/span[1]"}
COMMAND: POST /session/9771be729de2b5cad7e8c50aeccc09f8/execute/sync - {"script":"<script> [56 bytes]","args":[{"element-6066-11e4-a52e-4f735466cecf":"f.FA016163B118C5F4EE8F7E46F9653AA6.d.C315B38F863F8DE3417E5D2EE12E39CB.e.1773","ELEMENT":"f.FA016163B118C5F4EE8F7E46F9653AA6.d.C315B38F863F8DE3417E5D2EE12E39CB.e.1773"}]}
RESULT: {"script":"<script> [56 bytes]","args":[{"element-6066-11e4-a52e-4f735466cecf":"f.FA016163B118C5F4EE8F7E46F9653AA6.d.C315B38F863F8DE3417E5D2EE12E39CB.e.1773","ELEMENT":"f.FA016163B118C5F4EE8F7E46F9653AA6.d.C315B38F863F8DE3417E5D2EE12E39CB.e.1773"}]}
COMMAND: POST /session/9771be729de2b5cad7e8c50aeccc09f8/element - {"using":"css selector","value":"#shell-header-logo"}
COMMAND: GET /session/9771be729de2b5cad7e8c50aeccc09f8/screenshot - {}
RESULT: {"using":"css selector","value":"#shell-header-logo"}
COMMAND: POST /session/9771be729de2b5cad7e8c50aeccc09f8/element/f.FA016163B118C5F4EE8F7E46F9653AA6.d.C315B38F863F8DE3417E5D2EE12E39CB.e.1018/click - {}
RESULT: {}
RESULT: {}
COMMAND: GET /session/9771be729de2b5cad7e8c50aeccc09f8/screenshot - {}
RESULT: {}
COMMAND: POST /session/9771be729de2b5cad7e8c50aeccc09f8/execute/sync - {"script":"<script> [299 bytes]","args":[["getModel","getResource"]]}
RESULT: {"script":"<script> [299 bytes]","args":[["getModel","getResource"]]}
COMMAND: GET /session/9771be729de2b5cad7e8c50aeccc09f8/screenshot - {}
]]></system-out>
    </testcase>
    <testcase classname="chrome.136_0_7103_49.windows.Prerequisites_&amp;_test_for_yard_mass_return_on_Yard_Overview_US131057" name="Prereq Should create a new site" time="97.112">
      <system-out><![CDATA[
COMMAND: POST /session/9771be729de2b5cad7e8c50aeccc09f8/execute/async - {"script":"<script> [1562 bytes]","args":[{"selector":{"controlType":"sap.m.TileContent","bindingPath":{"path":"","propertyPath":"/properties/info"},"ancestor":{"controlType":"sap.m.GenericTile","properties":{"header":"Manage Sites"}}},"wdio_ui5_key":"sapm.TileContent{\"path\":\"\",\"propertyPath\":\"/properties/info\"}{\"controlType\":\"sap.m.GenericTile\",\"properties\":{\"header\":\"Manage Sites\"}}"}]}
RESULT: {}
RESULT: {"script":"<script> [1562 bytes]","args":[{"selector":{"controlType":"sap.m.TileContent","bindingPath":{"path":"","propertyPath":"/properties/info"},"ancestor":{"controlType":"sap.m.GenericTile","properties":{"header":"Manage Sites"}}},"wdio_ui5_key":"sapm.TileContent{\"path\":\"\",\"propertyPath\":\"/properties/info\"}{\"controlType\":\"sap.m.GenericTile\",\"properties\":{\"header\":\"Manage Sites\"}}"}]}
RESULT: undefined
COMMAND: POST /session/9771be729de2b5cad7e8c50aeccc09f8/element - {"using":"xpath","value":"//*[@id=\"__xmlview7--numericTileContent\"]"}
RESULT: {"using":"xpath","value":"//*[@id=\"__xmlview7--numericTileContent\"]"}
COMMAND: POST /session/9771be729de2b5cad7e8c50aeccc09f8/element/f.FA016163B118C5F4EE8F7E46F9653AA6.d.C315B38F863F8DE3417E5D2EE12E39CB.e.1775/click - {}
RESULT: {}
COMMAND: POST /session/9771be729de2b5cad7e8c50aeccc09f8/element - {"using":"xpath","value":"//button[@data-kt=\"addOverflowToolbarButton\"]"}
COMMAND: GET /session/9771be729de2b5cad7e8c50aeccc09f8/screenshot - {}
RESULT: {"using":"xpath","value":"//button[@data-kt=\"addOverflowToolbarButton\"]"}
COMMAND: POST /session/9771be729de2b5cad7e8c50aeccc09f8/elements - {"using":"xpath","value":"//button[@data-kt=\"addOverflowToolbarButton\"]"}
RESULT: {}
RESULT: {"using":"xpath","value":"//button[@data-kt=\"addOverflowToolbarButton\"]"}
COMMAND: POST /session/9771be729de2b5cad7e8c50aeccc09f8/elements - {"using":"xpath","value":"//button[@data-kt=\"addOverflowToolbarButton\"]"}
RESULT: {"using":"xpath","value":"//button[@data-kt=\"addOverflowToolbarButton\"]"}
COMMAND: POST /session/9771be729de2b5cad7e8c50aeccc09f8/elements - {"using":"xpath","value":"//button[@data-kt=\"addOverflowToolbarButton\"]"}
RESULT: {"using":"xpath","value":"//button[@data-kt=\"addOverflowToolbarButton\"]"}
COMMAND: POST /session/9771be729de2b5cad7e8c50aeccc09f8/element - {"using":"xpath","value":"//button[@data-kt=\"addOverflowToolbarButton\"]"}
RESULT: {"using":"xpath","value":"//button[@data-kt=\"addOverflowToolbarButton\"]"}
COMMAND: POST /session/9771be729de2b5cad7e8c50aeccc09f8/execute/sync - {"script":"<script> [8489 bytes]","args":[{"element-6066-11e4-a52e-4f735466cecf":"f.FA016163B118C5F4EE8F7E46F9653AA6.d.C315B38F863F8DE3417E5D2EE12E39CB.e.1821","ELEMENT":"f.FA016163B118C5F4EE8F7E46F9653AA6.d.C315B38F863F8DE3417E5D2EE12E39CB.e.1821"}]}
RESULT: {"script":"<script> [8489 bytes]","args":[{"element-6066-11e4-a52e-4f735466cecf":"f.FA016163B118C5F4EE8F7E46F9653AA6.d.C315B38F863F8DE3417E5D2EE12E39CB.e.1821","ELEMENT":"f.FA016163B118C5F4EE8F7E46F9653AA6.d.C315B38F863F8DE3417E5D2EE12E39CB.e.1821"}]}
COMMAND: GET /session/9771be729de2b5cad7e8c50aeccc09f8/element/f.FA016163B118C5F4EE8F7E46F9653AA6.d.C315B38F863F8DE3417E5D2EE12E39CB.e.1821/enabled - {}
COMMAND: GET /session/9771be729de2b5cad7e8c50aeccc09f8/screenshot - {}
RESULT: {}
COMMAND: POST /session/9771be729de2b5cad7e8c50aeccc09f8/execute/sync - {"script":"<script> [8489 bytes]","args":[{"element-6066-11e4-a52e-4f735466cecf":"f.FA016163B118C5F4EE8F7E46F9653AA6.d.C315B38F863F8DE3417E5D2EE12E39CB.e.1821","ELEMENT":"f.FA016163B118C5F4EE8F7E46F9653AA6.d.C315B38F863F8DE3417E5D2EE12E39CB.e.1821"}]}
COMMAND: GET /session/9771be729de2b5cad7e8c50aeccc09f8/screenshot - {}
RESULT: {}
RESULT: {"script":"<script> [8489 bytes]","args":[{"element-6066-11e4-a52e-4f735466cecf":"f.FA016163B118C5F4EE8F7E46F9653AA6.d.C315B38F863F8DE3417E5D2EE12E39CB.e.1821","ELEMENT":"f.FA016163B118C5F4EE8F7E46F9653AA6.d.C315B38F863F8DE3417E5D2EE12E39CB.e.1821"}]}
COMMAND: POST /session/9771be729de2b5cad7e8c50aeccc09f8/execute/sync - {"script":"<script> [5351 bytes]","args":[{"element-6066-11e4-a52e-4f735466cecf":"f.FA016163B118C5F4EE8F7E46F9653AA6.d.C315B38F863F8DE3417E5D2EE12E39CB.e.1821","ELEMENT":"f.FA016163B118C5F4EE8F7E46F9653AA6.d.C315B38F863F8DE3417E5D2EE12E39CB.e.1821"}]}
COMMAND: GET /session/9771be729de2b5cad7e8c50aeccc09f8/screenshot - {}
RESULT: {}
RESULT: {"script":"<script> [5351 bytes]","args":[{"element-6066-11e4-a52e-4f735466cecf":"f.FA016163B118C5F4EE8F7E46F9653AA6.d.C315B38F863F8DE3417E5D2EE12E39CB.e.1821","ELEMENT":"f.FA016163B118C5F4EE8F7E46F9653AA6.d.C315B38F863F8DE3417E5D2EE12E39CB.e.1821"}]}
COMMAND: POST /session/9771be729de2b5cad7e8c50aeccc09f8/element/f.FA016163B118C5F4EE8F7E46F9653AA6.d.C315B38F863F8DE3417E5D2EE12E39CB.e.1821/click - {}
COMMAND: GET /session/9771be729de2b5cad7e8c50aeccc09f8/screenshot - {}
RESULT: {}
RESULT: {}
COMMAND: GET /session/9771be729de2b5cad7e8c50aeccc09f8/screenshot - {}
COMMAND: POST /session/9771be729de2b5cad7e8c50aeccc09f8/element - {"using":"xpath","value":"//input[@id=\"application-managesites-display-component---NewSite--siteId-inner\"]"}
RESULT: {}
RESULT: {}
RESULT: {"using":"xpath","value":"//input[@id=\"application-managesites-display-component---NewSite--siteId-inner\"]"}
COMMAND: POST /session/9771be729de2b5cad7e8c50aeccc09f8/element - {"using":"xpath","value":"//input[@id=\"application-managesites-display-component---NewSite--siteId-inner\"]"}
RESULT: {"using":"xpath","value":"//input[@id=\"application-managesites-display-component---NewSite--siteId-inner\"]"}
COMMAND: POST /session/9771be729de2b5cad7e8c50aeccc09f8/execute/async - {"script":"<script> [1562 bytes]","args":[{"selector":{"id":"application-managesites-display-component---NewSite--addressDetailDetailsName1","interaction":{"idSuffix":"inner"}},"wdio_ui5_key":"applicationmanagesites-display-component---NewSite--addressDetailDetailsName1"}]}
RESULT: {"script":"<script> [1562 bytes]","args":[{"selector":{"id":"application-managesites-display-component---NewSite--addressDetailDetailsName1","interaction":{"idSuffix":"inner"}},"wdio_ui5_key":"applicationmanagesites-display-component---NewSite--addressDetailDetailsName1"}]}
RESULT: undefined
COMMAND: POST /session/9771be729de2b5cad7e8c50aeccc09f8/execute/async - {"script":"<script> [776 bytes]","args":[{"enterText":"Intracompany Site wdIO","selector":{"id":"application-managesites-display-component---NewSite--addressDetailDetailsName1","interaction":{"idSuffix":"inner"}},"clearTextFirst":true,"interactionType":"ENTER_TEXT"}]}
RESULT: {"script":"<script> [776 bytes]","args":[{"enterText":"Intracompany Site wdIO","selector":{"id":"application-managesites-display-component---NewSite--addressDetailDetailsName1","interaction":{"idSuffix":"inner"}},"clearTextFirst":true,"interactionType":"ENTER_TEXT"}]}
COMMAND: POST /session/9771be729de2b5cad7e8c50aeccc09f8/execute/async - {"script":"<script> [1562 bytes]","args":[{"selector":{"id":"application-managesites-display-component---NewSite--addressDetailDetailsLanguage-arrow"},"wdio_ui5_key":"applicationmanagesites-display-component---NewSite--addressDetailDetailsLanguage-arrow"}]}
RESULT: {"script":"<script> [1562 bytes]","args":[{"selector":{"id":"application-managesites-display-component---NewSite--addressDetailDetailsLanguage-arrow"},"wdio_ui5_key":"applicationmanagesites-display-component---NewSite--addressDetailDetailsLanguage-arrow"}]}
RESULT: undefined
COMMAND: POST /session/9771be729de2b5cad7e8c50aeccc09f8/element - {"using":"xpath","value":"//*[@id=\"application-managesites-display-component---NewSite--addressDetailDetailsLanguage-arrow\"]"}
RESULT: {"using":"xpath","value":"//*[@id=\"application-managesites-display-component---NewSite--addressDetailDetailsLanguage-arrow\"]"}
COMMAND: POST /session/9771be729de2b5cad7e8c50aeccc09f8/element/f.FA016163B118C5F4EE8F7E46F9653AA6.d.C315B38F863F8DE3417E5D2EE12E39CB.e.2459/click - {}
RESULT: {}
COMMAND: POST /session/9771be729de2b5cad7e8c50aeccc09f8/element - {"using":"xpath","value":"//span[contains(text(), \"English\")]"}
COMMAND: GET /session/9771be729de2b5cad7e8c50aeccc09f8/screenshot - {}
RESULT: {"using":"xpath","value":"//span[contains(text(), \"English\")]"}
COMMAND: POST /session/9771be729de2b5cad7e8c50aeccc09f8/element/f.FA016163B118C5F4EE8F7E46F9653AA6.d.C315B38F863F8DE3417E5D2EE12E39CB.e.2460/click - {}
RESULT: {}
RESULT: {}
COMMAND: POST /session/9771be729de2b5cad7e8c50aeccc09f8/execute/async - {"script":"<script> [1562 bytes]","args":[{"selector":{"id":"application-managesites-display-component---NewSite--addressDetailDetailsCity1","interaction":{"idSuffix":"inner"}},"wdio_ui5_key":"applicationmanagesites-display-component---NewSite--addressDetailDetailsCity1"}]}
COMMAND: GET /session/9771be729de2b5cad7e8c50aeccc09f8/screenshot - {}
RESULT: {"script":"<script> [1562 bytes]","args":[{"selector":{"id":"application-managesites-display-component---NewSite--addressDetailDetailsCity1","interaction":{"idSuffix":"inner"}},"wdio_ui5_key":"applicationmanagesites-display-component---NewSite--addressDetailDetailsCity1"}]}
RESULT: undefined
COMMAND: POST /session/9771be729de2b5cad7e8c50aeccc09f8/execute/async - {"script":"<script> [776 bytes]","args":[{"enterText":"Rosario","selector":{"id":"application-managesites-display-component---NewSite--addressDetailDetailsCity1","interaction":{"idSuffix":"inner"}},"clearTextFirst":true,"interactionType":"ENTER_TEXT"}]}
RESULT: {}
RESULT: {"script":"<script> [776 bytes]","args":[{"enterText":"Rosario","selector":{"id":"application-managesites-display-component---NewSite--addressDetailDetailsCity1","interaction":{"idSuffix":"inner"}},"clearTextFirst":true,"interactionType":"ENTER_TEXT"}]}
COMMAND: POST /session/9771be729de2b5cad7e8c50aeccc09f8/execute/async - {"script":"<script> [1562 bytes]","args":[{"selector":{"id":"application-managesites-display-component---NewSite--addressDetailDetailsCountry-arrow"},"wdio_ui5_key":"applicationmanagesites-display-component---NewSite--addressDetailDetailsCountry-arrow"}]}
RESULT: {"script":"<script> [1562 bytes]","args":[{"selector":{"id":"application-managesites-display-component---NewSite--addressDetailDetailsCountry-arrow"},"wdio_ui5_key":"applicationmanagesites-display-component---NewSite--addressDetailDetailsCountry-arrow"}]}
RESULT: undefined
COMMAND: POST /session/9771be729de2b5cad7e8c50aeccc09f8/element - {"using":"xpath","value":"//*[@id=\"application-managesites-display-component---NewSite--addressDetailDetailsCountry-arrow\"]"}
RESULT: {"using":"xpath","value":"//*[@id=\"application-managesites-display-component---NewSite--addressDetailDetailsCountry-arrow\"]"}
COMMAND: POST /session/9771be729de2b5cad7e8c50aeccc09f8/element/f.FA016163B118C5F4EE8F7E46F9653AA6.d.C315B38F863F8DE3417E5D2EE12E39CB.e.2462/click - {}
RESULT: {}
COMMAND: POST /session/9771be729de2b5cad7e8c50aeccc09f8/element - {"using":"xpath","value":"//span[contains(text(), \"Argentina\")]"}
COMMAND: GET /session/9771be729de2b5cad7e8c50aeccc09f8/screenshot - {}
RESULT: {"using":"xpath","value":"//span[contains(text(), \"Argentina\")]"}
COMMAND: POST /session/9771be729de2b5cad7e8c50aeccc09f8/element/f.FA016163B118C5F4EE8F7E46F9653AA6.d.C315B38F863F8DE3417E5D2EE12E39CB.e.2463/click - {}
RESULT: {}
RESULT: {}
COMMAND: GET /session/9771be729de2b5cad7e8c50aeccc09f8/screenshot - {}
RESULT: {}
COMMAND: POST /session/9771be729de2b5cad7e8c50aeccc09f8/execute/async - {"script":"<script> [1562 bytes]","args":[{"selector":{"id":"application-managesites-display-component---NewSite--addressEditDetailsCostObjectCstType-arrow"},"wdio_ui5_key":"applicationmanagesites-display-component---NewSite--addressEditDetailsCostObjectCstType-arrow"}]}
RESULT: {"script":"<script> [1562 bytes]","args":[{"selector":{"id":"application-managesites-display-component---NewSite--addressEditDetailsCostObjectCstType-arrow"},"wdio_ui5_key":"applicationmanagesites-display-component---NewSite--addressEditDetailsCostObjectCstType-arrow"}]}
RESULT: undefined
COMMAND: POST /session/9771be729de2b5cad7e8c50aeccc09f8/element - {"using":"xpath","value":"//*[@id=\"application-managesites-display-component---NewSite--addressEditDetailsCostObjectCstType-arrow\"]"}
RESULT: {"using":"xpath","value":"//*[@id=\"application-managesites-display-component---NewSite--addressEditDetailsCostObjectCstType-arrow\"]"}
COMMAND: POST /session/9771be729de2b5cad7e8c50aeccc09f8/element/f.FA016163B118C5F4EE8F7E46F9653AA6.d.C315B38F863F8DE3417E5D2EE12E39CB.e.2465/click - {}
RESULT: {}
COMMAND: POST /session/9771be729de2b5cad7e8c50aeccc09f8/element - {"using":"xpath","value":"//span[contains(text(), \"Cost Center\")]"}
COMMAND: GET /session/9771be729de2b5cad7e8c50aeccc09f8/screenshot - {}
RESULT: {}
RESULT: {"using":"xpath","value":"//span[contains(text(), \"Cost Center\")]"}
COMMAND: POST /session/9771be729de2b5cad7e8c50aeccc09f8/element/f.FA016163B118C5F4EE8F7E46F9653AA6.d.C315B38F863F8DE3417E5D2EE12E39CB.e.2467/click - {}
RESULT: {}
COMMAND: GET /session/9771be729de2b5cad7e8c50aeccc09f8/screenshot - {}
RESULT: {}
COMMAND: POST /session/9771be729de2b5cad7e8c50aeccc09f8/element - {"using":"xpath","value":"//span[@id=\"application-managesites-display-component---NewSite--addressNewCostObjectCstID-vhi\"]"}
RESULT: {"using":"xpath","value":"//span[@id=\"application-managesites-display-component---NewSite--addressNewCostObjectCstID-vhi\"]"}
COMMAND: POST /session/9771be729de2b5cad7e8c50aeccc09f8/execute/sync - {"script":"<script> [8489 bytes]","args":[{"element-6066-11e4-a52e-4f735466cecf":"f.FA016163B118C5F4EE8F7E46F9653AA6.d.C315B38F863F8DE3417E5D2EE12E39CB.e.2471","ELEMENT":"f.FA016163B118C5F4EE8F7E46F9653AA6.d.C315B38F863F8DE3417E5D2EE12E39CB.e.2471"}]}
RESULT: {"script":"<script> [8489 bytes]","args":[{"element-6066-11e4-a52e-4f735466cecf":"f.FA016163B118C5F4EE8F7E46F9653AA6.d.C315B38F863F8DE3417E5D2EE12E39CB.e.2471","ELEMENT":"f.FA016163B118C5F4EE8F7E46F9653AA6.d.C315B38F863F8DE3417E5D2EE12E39CB.e.2471"}]}
COMMAND: POST /session/9771be729de2b5cad7e8c50aeccc09f8/execute/async - {"script":"<script> [1562 bytes]","args":[{"selector":{"id":"application-managesites-display-component---NewSite--addressNewCostObjectCstID-vhi"},"wdio_ui5_key":"applicationmanagesites-display-component---NewSite--addressNewCostObjectCstID-vhi"}]}
COMMAND: GET /session/9771be729de2b5cad7e8c50aeccc09f8/screenshot - {}
RESULT: {"script":"<script> [1562 bytes]","args":[{"selector":{"id":"application-managesites-display-component---NewSite--addressNewCostObjectCstID-vhi"},"wdio_ui5_key":"applicationmanagesites-display-component---NewSite--addressNewCostObjectCstID-vhi"}]}
RESULT: undefined
COMMAND: POST /session/9771be729de2b5cad7e8c50aeccc09f8/element - {"using":"xpath","value":"//*[@id=\"application-managesites-display-component---NewSite--addressNewCostObjectCstID-vhi\"]"}
RESULT: {}
RESULT: {"using":"xpath","value":"//*[@id=\"application-managesites-display-component---NewSite--addressNewCostObjectCstID-vhi\"]"}
COMMAND: POST /session/9771be729de2b5cad7e8c50aeccc09f8/element/f.FA016163B118C5F4EE8F7E46F9653AA6.d.C315B38F863F8DE3417E5D2EE12E39CB.e.2471/click - {}
RESULT: {}
COMMAND: GET /session/9771be729de2b5cad7e8c50aeccc09f8/screenshot - {}
RESULT: {}
RESULT: undefined
COMMAND: POST /session/9771be729de2b5cad7e8c50aeccc09f8/execute/async - {"script":"<script> [776 bytes]","args":[{"enterText":"10001013","selector":{"controlType":"sap.m.SearchField","properties":{"placeholder":"Search"},"searchOpenDialogs":true,"interaction":{"idSuffix":"I"}},"clearTextFirst":true,"interactionType":"ENTER_TEXT"}]}
RESULT: {"script":"<script> [776 bytes]","args":[{"enterText":"10001013","selector":{"controlType":"sap.m.SearchField","properties":{"placeholder":"Search"},"searchOpenDialogs":true,"interaction":{"idSuffix":"I"}},"clearTextFirst":true,"interactionType":"ENTER_TEXT"}]}
COMMAND: POST /session/9771be729de2b5cad7e8c50aeccc09f8/actions - {"actions":[{"id":"action6","type":"key","parameters":{},"actions":[{"type":"keyDown","value":"î€‡"},{"type":"pause","duration":10},{"type":"keyUp","value":"î€‡"}]}]}
RESULT: {"actions":[{"id":"action6","type":"key","parameters":{},"actions":[{"type":"keyDown","value":"î€‡"},{"type":"pause","duration":10},{"type":"keyUp","value":"î€‡"}]}]}
COMMAND: GET /session/9771be729de2b5cad7e8c50aeccc09f8/screenshot - {}
RESULT: {}
COMMAND: POST /session/9771be729de2b5cad7e8c50aeccc09f8/element - {"using":"xpath","value":"//span[contains(text(), \"General Management\")]"}
RESULT: {"using":"xpath","value":"//span[contains(text(), \"General Management\")]"}
COMMAND: POST /session/9771be729de2b5cad7e8c50aeccc09f8/element/f.FA016163B118C5F4EE8F7E46F9653AA6.d.C315B38F863F8DE3417E5D2EE12E39CB.e.2510/click - {}
RESULT: {}
COMMAND: GET /session/9771be729de2b5cad7e8c50aeccc09f8/screenshot - {}
RESULT: {}
COMMAND: POST /session/9771be729de2b5cad7e8c50aeccc09f8/element - {"using":"xpath","value":"//bdi[contains(text(), \"OK\")]"}
RESULT: {"using":"xpath","value":"//bdi[contains(text(), \"OK\")]"}
COMMAND: POST /session/9771be729de2b5cad7e8c50aeccc09f8/element/f.FA016163B118C5F4EE8F7E46F9653AA6.d.C315B38F863F8DE3417E5D2EE12E39CB.e.2511/click - {}
RESULT: {}
COMMAND: GET /session/9771be729de2b5cad7e8c50aeccc09f8/screenshot - {}
RESULT: {}
COMMAND: POST /session/9771be729de2b5cad7e8c50aeccc09f8/element - {"using":"xpath","value":"//input[@id=\"application-managesites-display-component---NewSite--addressDetailDetailsCalendar-inner\"]"}
RESULT: {"using":"xpath","value":"//input[@id=\"application-managesites-display-component---NewSite--addressDetailDetailsCalendar-inner\"]"}
COMMAND: POST /session/9771be729de2b5cad7e8c50aeccc09f8/element/f.FA016163B118C5F4EE8F7E46F9653AA6.d.C315B38F863F8DE3417E5D2EE12E39CB.e.2250/clear - {}
RESULT: {}
COMMAND: POST /session/9771be729de2b5cad7e8c50aeccc09f8/element/f.FA016163B118C5F4EE8F7E46F9653AA6.d.C315B38F863F8DE3417E5D2EE12E39CB.e.2250/value - {"text":"Unit"}
COMMAND: GET /session/9771be729de2b5cad7e8c50aeccc09f8/screenshot - {}
RESULT: {"text":"Unit"}
COMMAND: GET /session/9771be729de2b5cad7e8c50aeccc09f8/screenshot - {}
RESULT: {}
RESULT: {}
COMMAND: POST /session/9771be729de2b5cad7e8c50aeccc09f8/actions - {"actions":[{"id":"action7","type":"key","parameters":{},"actions":[{"type":"keyDown","value":"î€‡"},{"type":"pause","duration":10},{"type":"keyUp","value":"î€‡"}]}]}
RESULT: {"actions":[{"id":"action7","type":"key","parameters":{},"actions":[{"type":"keyDown","value":"î€‡"},{"type":"pause","duration":10},{"type":"keyUp","value":"î€‡"}]}]}
COMMAND: POST /session/9771be729de2b5cad7e8c50aeccc09f8/element - {"using":"xpath","value":"//input[@id=\"application-managesites-display-component---NewSite--addressDetailDetailsYard-inner\"]"}
COMMAND: GET /session/9771be729de2b5cad7e8c50aeccc09f8/screenshot - {}
RESULT: {"using":"xpath","value":"//input[@id=\"application-managesites-display-component---NewSite--addressDetailDetailsYard-inner\"]"}
COMMAND: POST /session/9771be729de2b5cad7e8c50aeccc09f8/element/f.FA016163B118C5F4EE8F7E46F9653AA6.d.C315B38F863F8DE3417E5D2EE12E39CB.e.2251/clear - {}
RESULT: {}
RESULT: {}
COMMAND: POST /session/9771be729de2b5cad7e8c50aeccc09f8/element/f.FA016163B118C5F4EE8F7E46F9653AA6.d.C315B38F863F8DE3417E5D2EE12E39CB.e.2251/value - {"text":"688"}
COMMAND: GET /session/9771be729de2b5cad7e8c50aeccc09f8/screenshot - {}
RESULT: {"text":"688"}
COMMAND: GET /session/9771be729de2b5cad7e8c50aeccc09f8/screenshot - {}
RESULT: {}
RESULT: {}
COMMAND: POST /session/9771be729de2b5cad7e8c50aeccc09f8/element - {"using":"xpath","value":"//li[.//span[text()='688']]"}
RESULT: {"using":"xpath","value":"//li[.//span[text()='688']]"}
COMMAND: POST /session/9771be729de2b5cad7e8c50aeccc09f8/element/f.FA016163B118C5F4EE8F7E46F9653AA6.d.C315B38F863F8DE3417E5D2EE12E39CB.e.2519/click - {}
RESULT: {}
COMMAND: GET /session/9771be729de2b5cad7e8c50aeccc09f8/screenshot - {}
RESULT: {}
COMMAND: POST /session/9771be729de2b5cad7e8c50aeccc09f8/element - {"using":"xpath","value":"//input[@id=\"application-managesites-display-component---NewSite--addressDetailDetailsPartner-inner\"]"}
RESULT: {"using":"xpath","value":"//input[@id=\"application-managesites-display-component---NewSite--addressDetailDetailsPartner-inner\"]"}
COMMAND: POST /session/9771be729de2b5cad7e8c50aeccc09f8/element - {"using":"xpath","value":"//input[@id=\"application-managesites-display-component---NewSite--addressDetailDetailsPartner-inner\"]"}
RESULT: {"using":"xpath","value":"//input[@id=\"application-managesites-display-component---NewSite--addressDetailDetailsPartner-inner\"]"}
COMMAND: POST /session/9771be729de2b5cad7e8c50aeccc09f8/element - {"using":"xpath","value":"//button[@data-kt=\"saveButton\"]"}
RESULT: {"using":"xpath","value":"//button[@data-kt=\"saveButton\"]"}
COMMAND: POST /session/9771be729de2b5cad7e8c50aeccc09f8/element/f.FA016163B118C5F4EE8F7E46F9653AA6.d.C315B38F863F8DE3417E5D2EE12E39CB.e.2444/click - {}
RESULT: {}
COMMAND: GET /session/9771be729de2b5cad7e8c50aeccc09f8/screenshot - {}
RESULT: {}
COMMAND: POST /session/9771be729de2b5cad7e8c50aeccc09f8/element - {"using":"xpath","value":"//header[contains(@id, 'ObjectPageLayout-headerTitle')]/div[1]/div[2]/div[2]/span[1]"}
RESULT: {"using":"xpath","value":"//header[contains(@id, 'ObjectPageLayout-headerTitle')]/div[1]/div[2]/div[2]/span[1]"}
COMMAND: POST /session/9771be729de2b5cad7e8c50aeccc09f8/elements - {"using":"xpath","value":"//header[contains(@id, 'ObjectPageLayout-headerTitle')]/div[1]/div[2]/div[2]/span[1]"}
RESULT: {"using":"xpath","value":"//header[contains(@id, 'ObjectPageLayout-headerTitle')]/div[1]/div[2]/div[2]/span[1]"}
COMMAND: POST /session/9771be729de2b5cad7e8c50aeccc09f8/execute/sync - {"script":"<script> [56 bytes]","args":[{"element-6066-11e4-a52e-4f735466cecf":"f.FA016163B118C5F4EE8F7E46F9653AA6.d.C315B38F863F8DE3417E5D2EE12E39CB.e.2719","ELEMENT":"f.FA016163B118C5F4EE8F7E46F9653AA6.d.C315B38F863F8DE3417E5D2EE12E39CB.e.2719"}]}
RESULT: {"script":"<script> [56 bytes]","args":[{"element-6066-11e4-a52e-4f735466cecf":"f.FA016163B118C5F4EE8F7E46F9653AA6.d.C315B38F863F8DE3417E5D2EE12E39CB.e.2719","ELEMENT":"f.FA016163B118C5F4EE8F7E46F9653AA6.d.C315B38F863F8DE3417E5D2EE12E39CB.e.2719"}]}
COMMAND: POST /session/9771be729de2b5cad7e8c50aeccc09f8/element - {"using":"css selector","value":"#shell-header-logo"}
COMMAND: GET /session/9771be729de2b5cad7e8c50aeccc09f8/screenshot - {}
RESULT: {"using":"css selector","value":"#shell-header-logo"}
COMMAND: POST /session/9771be729de2b5cad7e8c50aeccc09f8/element/f.FA016163B118C5F4EE8F7E46F9653AA6.d.C315B38F863F8DE3417E5D2EE12E39CB.e.1787/click - {}
RESULT: {}
RESULT: {}
COMMAND: GET /session/9771be729de2b5cad7e8c50aeccc09f8/screenshot - {}
RESULT: {}
COMMAND: POST /session/9771be729de2b5cad7e8c50aeccc09f8/execute/sync - {"script":"<script> [299 bytes]","args":[["getModel","getResource"]]}
RESULT: {"script":"<script> [299 bytes]","args":[["getModel","getResource"]]}
]]></system-out>
    </testcase>
    <testcase classname="chrome.136_0_7103_49.windows.Prerequisites_&amp;_test_for_yard_mass_return_on_Yard_Overview_US131057" name="Prereq Should create a new material" time="108.672">
      <system-out><![CDATA[
COMMAND: POST /session/9771be729de2b5cad7e8c50aeccc09f8/execute/async - {"script":"<script> [1562 bytes]","args":[{"selector":{"controlType":"sap.m.GenericTile","properties":{"header":"Manage Resources"}},"wdio_ui5_key":"sapm.GenericTile{\"header\":\"Manage Resources\"}"}]}
COMMAND: GET /session/9771be729de2b5cad7e8c50aeccc09f8/screenshot - {}
RESULT: {"script":"<script> [1562 bytes]","args":[{"selector":{"controlType":"sap.m.GenericTile","properties":{"header":"Manage Resources"}},"wdio_ui5_key":"sapm.GenericTile{\"header\":\"Manage Resources\"}"}]}
RESULT: undefined
COMMAND: POST /session/9771be729de2b5cad7e8c50aeccc09f8/element - {"using":"xpath","value":"//*[@id=\"__tile39\"]"}
RESULT: {}
RESULT: {"using":"xpath","value":"//*[@id=\"__tile39\"]"}
COMMAND: POST /session/9771be729de2b5cad7e8c50aeccc09f8/element/f.FA016163B118C5F4EE8F7E46F9653AA6.d.C315B38F863F8DE3417E5D2EE12E39CB.e.152/click - {}
RESULT: {}
COMMAND: POST /session/9771be729de2b5cad7e8c50aeccc09f8/element - {"using":"xpath","value":"//button[@data-kt=\"addNewRUOverflowToolbarButton\"]"}
COMMAND: GET /session/9771be729de2b5cad7e8c50aeccc09f8/screenshot - {}
RESULT: {"using":"xpath","value":"//button[@data-kt=\"addNewRUOverflowToolbarButton\"]"}
COMMAND: POST /session/9771be729de2b5cad7e8c50aeccc09f8/elements - {"using":"xpath","value":"//button[@data-kt=\"addNewRUOverflowToolbarButton\"]"}
RESULT: {}
RESULT: {"using":"xpath","value":"//button[@data-kt=\"addNewRUOverflowToolbarButton\"]"}
COMMAND: POST /session/9771be729de2b5cad7e8c50aeccc09f8/elements - {"using":"xpath","value":"//button[@data-kt=\"addNewRUOverflowToolbarButton\"]"}
RESULT: {"using":"xpath","value":"//button[@data-kt=\"addNewRUOverflowToolbarButton\"]"}
COMMAND: POST /session/9771be729de2b5cad7e8c50aeccc09f8/elements - {"using":"xpath","value":"//button[@data-kt=\"addNewRUOverflowToolbarButton\"]"}
RESULT: {"using":"xpath","value":"//button[@data-kt=\"addNewRUOverflowToolbarButton\"]"}
COMMAND: POST /session/9771be729de2b5cad7e8c50aeccc09f8/element - {"using":"xpath","value":"//button[@data-kt=\"addNewRUOverflowToolbarButton\"]"}
RESULT: {"using":"xpath","value":"//button[@data-kt=\"addNewRUOverflowToolbarButton\"]"}
COMMAND: POST /session/9771be729de2b5cad7e8c50aeccc09f8/execute/sync - {"script":"<script> [8489 bytes]","args":[{"element-6066-11e4-a52e-4f735466cecf":"f.FA016163B118C5F4EE8F7E46F9653AA6.d.C315B38F863F8DE3417E5D2EE12E39CB.e.2749","ELEMENT":"f.FA016163B118C5F4EE8F7E46F9653AA6.d.C315B38F863F8DE3417E5D2EE12E39CB.e.2749"}]}
RESULT: {"script":"<script> [8489 bytes]","args":[{"element-6066-11e4-a52e-4f735466cecf":"f.FA016163B118C5F4EE8F7E46F9653AA6.d.C315B38F863F8DE3417E5D2EE12E39CB.e.2749","ELEMENT":"f.FA016163B118C5F4EE8F7E46F9653AA6.d.C315B38F863F8DE3417E5D2EE12E39CB.e.2749"}]}
COMMAND: GET /session/9771be729de2b5cad7e8c50aeccc09f8/element/f.FA016163B118C5F4EE8F7E46F9653AA6.d.C315B38F863F8DE3417E5D2EE12E39CB.e.2749/enabled - {}
COMMAND: GET /session/9771be729de2b5cad7e8c50aeccc09f8/screenshot - {}
RESULT: {}
COMMAND: POST /session/9771be729de2b5cad7e8c50aeccc09f8/execute/sync - {"script":"<script> [8489 bytes]","args":[{"element-6066-11e4-a52e-4f735466cecf":"f.FA016163B118C5F4EE8F7E46F9653AA6.d.C315B38F863F8DE3417E5D2EE12E39CB.e.2749","ELEMENT":"f.FA016163B118C5F4EE8F7E46F9653AA6.d.C315B38F863F8DE3417E5D2EE12E39CB.e.2749"}]}
COMMAND: GET /session/9771be729de2b5cad7e8c50aeccc09f8/screenshot - {}
RESULT: {}
RESULT: {"script":"<script> [8489 bytes]","args":[{"element-6066-11e4-a52e-4f735466cecf":"f.FA016163B118C5F4EE8F7E46F9653AA6.d.C315B38F863F8DE3417E5D2EE12E39CB.e.2749","ELEMENT":"f.FA016163B118C5F4EE8F7E46F9653AA6.d.C315B38F863F8DE3417E5D2EE12E39CB.e.2749"}]}
COMMAND: POST /session/9771be729de2b5cad7e8c50aeccc09f8/execute/sync - {"script":"<script> [5351 bytes]","args":[{"element-6066-11e4-a52e-4f735466cecf":"f.FA016163B118C5F4EE8F7E46F9653AA6.d.C315B38F863F8DE3417E5D2EE12E39CB.e.2749","ELEMENT":"f.FA016163B118C5F4EE8F7E46F9653AA6.d.C315B38F863F8DE3417E5D2EE12E39CB.e.2749"}]}
COMMAND: GET /session/9771be729de2b5cad7e8c50aeccc09f8/screenshot - {}
RESULT: {}
RESULT: {"script":"<script> [5351 bytes]","args":[{"element-6066-11e4-a52e-4f735466cecf":"f.FA016163B118C5F4EE8F7E46F9653AA6.d.C315B38F863F8DE3417E5D2EE12E39CB.e.2749","ELEMENT":"f.FA016163B118C5F4EE8F7E46F9653AA6.d.C315B38F863F8DE3417E5D2EE12E39CB.e.2749"}]}
COMMAND: POST /session/9771be729de2b5cad7e8c50aeccc09f8/element/f.FA016163B118C5F4EE8F7E46F9653AA6.d.C315B38F863F8DE3417E5D2EE12E39CB.e.2749/click - {}
COMMAND: GET /session/9771be729de2b5cad7e8c50aeccc09f8/screenshot - {}
RESULT: {}
RESULT: {}
COMMAND: GET /session/9771be729de2b5cad7e8c50aeccc09f8/screenshot - {}
COMMAND: POST /session/9771be729de2b5cad7e8c50aeccc09f8/execute/async - {"script":"<script> [1562 bytes]","args":[{"selector":{"id":"application-manageresources-display-component---newResourceUnit--TYPE-arrow"},"wdio_ui5_key":"applicationmanageresources-display-component---newResourceUnit--TYPE-arrow"}]}
RESULT: {}
RESULT: {}
RESULT: {"script":"<script> [1562 bytes]","args":[{"selector":{"id":"application-manageresources-display-component---newResourceUnit--TYPE-arrow"},"wdio_ui5_key":"applicationmanageresources-display-component---newResourceUnit--TYPE-arrow"}]}
RESULT: undefined
COMMAND: POST /session/9771be729de2b5cad7e8c50aeccc09f8/element - {"using":"xpath","value":"//*[@id=\"application-manageresources-display-component---newResourceUnit--TYPE-arrow\"]"}
RESULT: {"using":"xpath","value":"//*[@id=\"application-manageresources-display-component---newResourceUnit--TYPE-arrow\"]"}
COMMAND: POST /session/9771be729de2b5cad7e8c50aeccc09f8/element/f.FA016163B118C5F4EE8F7E46F9653AA6.d.C315B38F863F8DE3417E5D2EE12E39CB.e.3120/click - {}
RESULT: {}
COMMAND: POST /session/9771be729de2b5cad7e8c50aeccc09f8/element - {"using":"xpath","value":"//input[@id=\"application-manageresources-display-component---newResourceUnit--TYPE-inner\"]"}
COMMAND: GET /session/9771be729de2b5cad7e8c50aeccc09f8/screenshot - {}
RESULT: {"using":"xpath","value":"//input[@id=\"application-manageresources-display-component---newResourceUnit--TYPE-inner\"]"}
COMMAND: POST /session/9771be729de2b5cad7e8c50aeccc09f8/element/f.FA016163B118C5F4EE8F7E46F9653AA6.d.C315B38F863F8DE3417E5D2EE12E39CB.e.3101/clear - {}
RESULT: {}
RESULT: {}
COMMAND: POST /session/9771be729de2b5cad7e8c50aeccc09f8/element/f.FA016163B118C5F4EE8F7E46F9653AA6.d.C315B38F863F8DE3417E5D2EE12E39CB.e.3101/value - {"text":"Material"}
COMMAND: GET /session/9771be729de2b5cad7e8c50aeccc09f8/screenshot - {}
RESULT: {"text":"Material"}
COMMAND: GET /session/9771be729de2b5cad7e8c50aeccc09f8/screenshot - {}
RESULT: {}
RESULT: {}
COMMAND: POST /session/9771be729de2b5cad7e8c50aeccc09f8/actions - {"actions":[{"id":"action8","type":"key","parameters":{},"actions":[{"type":"keyDown","value":"î€‡"},{"type":"pause","duration":10},{"type":"keyUp","value":"î€‡"}]}]}
RESULT: {"actions":[{"id":"action8","type":"key","parameters":{},"actions":[{"type":"keyDown","value":"î€‡"},{"type":"pause","duration":10},{"type":"keyUp","value":"î€‡"}]}]}
COMMAND: POST /session/9771be729de2b5cad7e8c50aeccc09f8/execute/async - {"script":"<script> [1562 bytes]","args":[{"selector":{"id":"application-manageresources-display-component---newResourceUnit--SHORT_TEXT","interaction":{"idSuffix":"inner"}},"wdio_ui5_key":"applicationmanageresources-display-component---newResourceUnit--SHORT_TEXT"}]}
COMMAND: GET /session/9771be729de2b5cad7e8c50aeccc09f8/screenshot - {}
RESULT: {"script":"<script> [1562 bytes]","args":[{"selector":{"id":"application-manageresources-display-component---newResourceUnit--SHORT_TEXT","interaction":{"idSuffix":"inner"}},"wdio_ui5_key":"applicationmanageresources-display-component---newResourceUnit--SHORT_TEXT"}]}
RESULT: undefined
COMMAND: POST /session/9771be729de2b5cad7e8c50aeccc09f8/execute/async - {"script":"<script> [776 bytes]","args":[{"enterText":"Cement WDIO","selector":{"id":"application-manageresources-display-component---newResourceUnit--SHORT_TEXT","interaction":{"idSuffix":"inner"}},"clearTextFirst":true,"interactionType":"ENTER_TEXT"}]}
RESULT: {}
RESULT: {"script":"<script> [776 bytes]","args":[{"enterText":"Cement WDIO","selector":{"id":"application-manageresources-display-component---newResourceUnit--SHORT_TEXT","interaction":{"idSuffix":"inner"}},"clearTextFirst":true,"interactionType":"ENTER_TEXT"}]}
COMMAND: POST /session/9771be729de2b5cad7e8c50aeccc09f8/execute/async - {"script":"<script> [1562 bytes]","args":[{"selector":{"id":"application-manageresources-display-component---newResourceUnit--BASE_UNIT_OF_MEASURE","interaction":{"idSuffix":"inner"}},"wdio_ui5_key":"applicationmanageresources-display-component---newResourceUnit--BASE_UNIT_OF_MEASURE"}]}
RESULT: {"script":"<script> [1562 bytes]","args":[{"selector":{"id":"application-manageresources-display-component---newResourceUnit--BASE_UNIT_OF_MEASURE","interaction":{"idSuffix":"inner"}},"wdio_ui5_key":"applicationmanageresources-display-component---newResourceUnit--BASE_UNIT_OF_MEASURE"}]}
RESULT: undefined
COMMAND: POST /session/9771be729de2b5cad7e8c50aeccc09f8/execute/async - {"script":"<script> [776 bytes]","args":[{"enterText":"Piece","selector":{"id":"application-manageresources-display-component---newResourceUnit--BASE_UNIT_OF_MEASURE","interaction":{"idSuffix":"inner"}},"clearTextFirst":true,"interactionType":"ENTER_TEXT"}]}
RESULT: {"script":"<script> [776 bytes]","args":[{"enterText":"Piece","selector":{"id":"application-manageresources-display-component---newResourceUnit--BASE_UNIT_OF_MEASURE","interaction":{"idSuffix":"inner"}},"clearTextFirst":true,"interactionType":"ENTER_TEXT"}]}
COMMAND: POST /session/9771be729de2b5cad7e8c50aeccc09f8/execute/async - {"script":"<script> [1562 bytes]","args":[{"selector":{"id":"application-manageresources-display-component---newResourceUnit--WEIGHT_UNIT","interaction":{"idSuffix":"inner"}},"wdio_ui5_key":"applicationmanageresources-display-component---newResourceUnit--WEIGHT_UNIT"}]}
RESULT: {"script":"<script> [1562 bytes]","args":[{"selector":{"id":"application-manageresources-display-component---newResourceUnit--WEIGHT_UNIT","interaction":{"idSuffix":"inner"}},"wdio_ui5_key":"applicationmanageresources-display-component---newResourceUnit--WEIGHT_UNIT"}]}
RESULT: undefined
COMMAND: POST /session/9771be729de2b5cad7e8c50aeccc09f8/execute/async - {"script":"<script> [776 bytes]","args":[{"enterText":"Gram","selector":{"id":"application-manageresources-display-component---newResourceUnit--WEIGHT_UNIT","interaction":{"idSuffix":"inner"}},"clearTextFirst":true,"interactionType":"ENTER_TEXT"}]}
RESULT: {"script":"<script> [776 bytes]","args":[{"enterText":"Gram","selector":{"id":"application-manageresources-display-component---newResourceUnit--WEIGHT_UNIT","interaction":{"idSuffix":"inner"}},"clearTextFirst":true,"interactionType":"ENTER_TEXT"}]}
COMMAND: POST /session/9771be729de2b5cad7e8c50aeccc09f8/execute/async - {"script":"<script> [1562 bytes]","args":[{"selector":{"id":"application-manageresources-display-component---newResourceUnit--DIMENSION_UNIT","interaction":{"idSuffix":"inner"}},"wdio_ui5_key":"applicationmanageresources-display-component---newResourceUnit--DIMENSION_UNIT"}]}
RESULT: {"script":"<script> [1562 bytes]","args":[{"selector":{"id":"application-manageresources-display-component---newResourceUnit--DIMENSION_UNIT","interaction":{"idSuffix":"inner"}},"wdio_ui5_key":"applicationmanageresources-display-component---newResourceUnit--DIMENSION_UNIT"}]}
RESULT: undefined
COMMAND: POST /session/9771be729de2b5cad7e8c50aeccc09f8/execute/async - {"script":"<script> [776 bytes]","args":[{"enterText":"Meter","selector":{"id":"application-manageresources-display-component---newResourceUnit--DIMENSION_UNIT","interaction":{"idSuffix":"inner"}},"clearTextFirst":true,"interactionType":"ENTER_TEXT"}]}
RESULT: {"script":"<script> [776 bytes]","args":[{"enterText":"Meter","selector":{"id":"application-manageresources-display-component---newResourceUnit--DIMENSION_UNIT","interaction":{"idSuffix":"inner"}},"clearTextFirst":true,"interactionType":"ENTER_TEXT"}]}
COMMAND: POST /session/9771be729de2b5cad7e8c50aeccc09f8/execute/async - {"script":"<script> [1562 bytes]","args":[{"selector":{"id":"application-manageresources-display-component---newResourceUnit--newRRUPage-anchBar-application-manageresources-display-component---newResourceUnit--control-anchor","interaction":{"idSuffix":"BDI-content"}},"wdio_ui5_key":"applicationmanageresources-display-component---newResourceUnit--newRRUPage-anchBar-application-manageresources-display-component---newResourceUnit--control-anchor"}]}
RESULT: {"script":"<script> [1562 bytes]","args":[{"selector":{"id":"application-manageresources-display-component---newResourceUnit--newRRUPage-anchBar-application-manageresources-display-component---newResourceUnit--control-anchor","interaction":{"idSuffix":"BDI-content"}},"wdio_ui5_key":"applicationmanageresources-display-component---newResourceUnit--newRRUPage-anchBar-application-manageresources-display-component---newResourceUnit--control-anchor"}]}
RESULT: undefined
COMMAND: POST /session/9771be729de2b5cad7e8c50aeccc09f8/element - {"using":"xpath","value":"//*[@id=\"application-manageresources-display-component---newResourceUnit--newRRUPage-anchBar-application-manageresources-display-component---newResourceUnit--control-anchor\"]"}
RESULT: {"using":"xpath","value":"//*[@id=\"application-manageresources-display-component---newResourceUnit--newRRUPage-anchBar-application-manageresources-display-component---newResourceUnit--control-anchor\"]"}
COMMAND: POST /session/9771be729de2b5cad7e8c50aeccc09f8/element/f.FA016163B118C5F4EE8F7E46F9653AA6.d.C315B38F863F8DE3417E5D2EE12E39CB.e.3186/click - {}
RESULT: {}
COMMAND: POST /session/9771be729de2b5cad7e8c50aeccc09f8/execute/async - {"script":"<script> [1562 bytes]","args":[{"selector":{"id":"application-manageresources-display-component---newResourceUnit--PLANNING_GROUP","interaction":{"idSuffix":"inner"}},"wdio_ui5_key":"applicationmanageresources-display-component---newResourceUnit--PLANNING_GROUP"}]}
COMMAND: GET /session/9771be729de2b5cad7e8c50aeccc09f8/screenshot - {}
RESULT: {"script":"<script> [1562 bytes]","args":[{"selector":{"id":"application-manageresources-display-component---newResourceUnit--PLANNING_GROUP","interaction":{"idSuffix":"inner"}},"wdio_ui5_key":"applicationmanageresources-display-component---newResourceUnit--PLANNING_GROUP"}]}
RESULT: undefined
COMMAND: POST /session/9771be729de2b5cad7e8c50aeccc09f8/execute/async - {"script":"<script> [776 bytes]","args":[{"enterText":"Material","selector":{"id":"application-manageresources-display-component---newResourceUnit--PLANNING_GROUP","interaction":{"idSuffix":"inner"}},"clearTextFirst":true,"interactionType":"ENTER_TEXT"}]}
RESULT: {}
RESULT: {"script":"<script> [776 bytes]","args":[{"enterText":"Material","selector":{"id":"application-manageresources-display-component---newResourceUnit--PLANNING_GROUP","interaction":{"idSuffix":"inner"}},"clearTextFirst":true,"interactionType":"ENTER_TEXT"}]}
COMMAND: POST /session/9771be729de2b5cad7e8c50aeccc09f8/execute/async - {"script":"<script> [1562 bytes]","args":[{"selector":{"id":"application-manageresources-display-component---newResourceUnit--PLANNING_INDICATOR","interaction":{"idSuffix":"inner"}},"wdio_ui5_key":"applicationmanageresources-display-component---newResourceUnit--PLANNING_INDICATOR"}]}
RESULT: {"script":"<script> [1562 bytes]","args":[{"selector":{"id":"application-manageresources-display-component---newResourceUnit--PLANNING_INDICATOR","interaction":{"idSuffix":"inner"}},"wdio_ui5_key":"applicationmanageresources-display-component---newResourceUnit--PLANNING_INDICATOR"}]}
RESULT: undefined
COMMAND: POST /session/9771be729de2b5cad7e8c50aeccc09f8/execute/async - {"script":"<script> [776 bytes]","args":[{"enterText":"10 - infinite","selector":{"id":"application-manageresources-display-component---newResourceUnit--PLANNING_INDICATOR","interaction":{"idSuffix":"inner"}},"clearTextFirst":true,"interactionType":"ENTER_TEXT"}]}
RESULT: {"script":"<script> [776 bytes]","args":[{"enterText":"10 - infinite","selector":{"id":"application-manageresources-display-component---newResourceUnit--PLANNING_INDICATOR","interaction":{"idSuffix":"inner"}},"clearTextFirst":true,"interactionType":"ENTER_TEXT"}]}
COMMAND: POST /session/9771be729de2b5cad7e8c50aeccc09f8/element - {"using":"css selector","value":"#application-manageresources-display-component---newResourceUnit--btnAddTimeSegment"}
RESULT: {"using":"css selector","value":"#application-manageresources-display-component---newResourceUnit--btnAddTimeSegment"}
COMMAND: GET /session/9771be729de2b5cad7e8c50aeccc09f8/element/f.FA016163B118C5F4EE8F7E46F9653AA6.d.C315B38F863F8DE3417E5D2EE12E39CB.e.3196/rect - {}
RESULT: {}
COMMAND: GET /session/9771be729de2b5cad7e8c50aeccc09f8/window/rect - {}
RESULT: {}
COMMAND: POST /session/9771be729de2b5cad7e8c50aeccc09f8/execute/sync - {"script":"<script> [92 bytes]","args":[]}
RESULT: {"script":"<script> [92 bytes]","args":[]}
COMMAND: POST /session/9771be729de2b5cad7e8c50aeccc09f8/actions - {"actions":[{"id":"action9","type":"wheel","parameters":{},"actions":[{"type":"scroll","x":-1888,"y":-32,"deltaX":0,"deltaY":0,"duration":0,"origin":{"element-6066-11e4-a52e-4f735466cecf":"f.FA016163B118C5F4EE8F7E46F9653AA6.d.C315B38F863F8DE3417E5D2EE12E39CB.e.3196"}}]}]}
COMMAND: GET /session/9771be729de2b5cad7e8c50aeccc09f8/screenshot - {}
RESULT: {}
COMMAND: POST /session/9771be729de2b5cad7e8c50aeccc09f8/execute/sync - {"script":"<script> [79 bytes]","args":[{"element-6066-11e4-a52e-4f735466cecf":"f.FA016163B118C5F4EE8F7E46F9653AA6.d.C315B38F863F8DE3417E5D2EE12E39CB.e.3196","ELEMENT":"f.FA016163B118C5F4EE8F7E46F9653AA6.d.C315B38F863F8DE3417E5D2EE12E39CB.e.3196"},{"block":"start","inline":"nearest"}]}
RESULT: {"script":"<script> [79 bytes]","args":[{"element-6066-11e4-a52e-4f735466cecf":"f.FA016163B118C5F4EE8F7E46F9653AA6.d.C315B38F863F8DE3417E5D2EE12E39CB.e.3196","ELEMENT":"f.FA016163B118C5F4EE8F7E46F9653AA6.d.C315B38F863F8DE3417E5D2EE12E39CB.e.3196"},{"block":"start","inline":"nearest"}]}
COMMAND: POST /session/9771be729de2b5cad7e8c50aeccc09f8/execute/async - {"script":"<script> [1562 bytes]","args":[{"selector":{"id":"application-manageresources-display-component---newResourceUnit--btnAddTimeSegment","interaction":{"idSuffix":"inner"}},"wdio_ui5_key":"applicationmanageresources-display-component---newResourceUnit--btnAddTimeSegment"}]}
COMMAND: GET /session/9771be729de2b5cad7e8c50aeccc09f8/screenshot - {}
RESULT: {"script":"<script> [1562 bytes]","args":[{"selector":{"id":"application-manageresources-display-component---newResourceUnit--btnAddTimeSegment","interaction":{"idSuffix":"inner"}},"wdio_ui5_key":"applicationmanageresources-display-component---newResourceUnit--btnAddTimeSegment"}]}
RESULT: undefined
COMMAND: POST /session/9771be729de2b5cad7e8c50aeccc09f8/element - {"using":"xpath","value":"//*[@id=\"application-manageresources-display-component---newResourceUnit--btnAddTimeSegment\"]"}
RESULT: {}
RESULT: {"using":"xpath","value":"//*[@id=\"application-manageresources-display-component---newResourceUnit--btnAddTimeSegment\"]"}
COMMAND: POST /session/9771be729de2b5cad7e8c50aeccc09f8/element/f.FA016163B118C5F4EE8F7E46F9653AA6.d.C315B38F863F8DE3417E5D2EE12E39CB.e.3196/click - {}
RESULT: {}
COMMAND: GET /session/9771be729de2b5cad7e8c50aeccc09f8/screenshot - {}
RESULT: {}
COMMAND: POST /session/9771be729de2b5cad7e8c50aeccc09f8/element - {"using":"xpath","value":"//input[@id=\"application-manageresources-display-component---newResourceUnit--idRuTSAdmin-application-manageresources-display-component---newResourceUnit--RUTimeSegment-0-inner\"]"}
RESULT: {"using":"xpath","value":"//input[@id=\"application-manageresources-display-component---newResourceUnit--idRuTSAdmin-application-manageresources-display-component---newResourceUnit--RUTimeSegment-0-inner\"]"}
COMMAND: POST /session/9771be729de2b5cad7e8c50aeccc09f8/element/f.FA016163B118C5F4EE8F7E46F9653AA6.d.C315B38F863F8DE3417E5D2EE12E39CB.e.3201/clear - {}
RESULT: {}
COMMAND: POST /session/9771be729de2b5cad7e8c50aeccc09f8/element/f.FA016163B118C5F4EE8F7E46F9653AA6.d.C315B38F863F8DE3417E5D2EE12E39CB.e.3201/value - {"text":"688"}
COMMAND: GET /session/9771be729de2b5cad7e8c50aeccc09f8/screenshot - {}
RESULT: {"text":"688"}
COMMAND: GET /session/9771be729de2b5cad7e8c50aeccc09f8/screenshot - {}
RESULT: {}
RESULT: {}
COMMAND: POST /session/9771be729de2b5cad7e8c50aeccc09f8/element - {"using":"xpath","value":"//li[.//span[text()='688']]"}
RESULT: {"using":"xpath","value":"//li[.//span[text()='688']]"}
COMMAND: POST /session/9771be729de2b5cad7e8c50aeccc09f8/element/f.FA016163B118C5F4EE8F7E46F9653AA6.d.C315B38F863F8DE3417E5D2EE12E39CB.e.3212/click - {}
RESULT: {}
COMMAND: GET /session/9771be729de2b5cad7e8c50aeccc09f8/screenshot - {}
RESULT: {}
COMMAND: POST /session/9771be729de2b5cad7e8c50aeccc09f8/element - {"using":"xpath","value":"(//span[contains(@id, \"-application-manageresources-display-component---newResourceUnit--RUTimeSegment-0-arrow\")])[2]"}
RESULT: {"using":"xpath","value":"(//span[contains(@id, \"-application-manageresources-display-component---newResourceUnit--RUTimeSegment-0-arrow\")])[2]"}
COMMAND: POST /session/9771be729de2b5cad7e8c50aeccc09f8/element/f.FA016163B118C5F4EE8F7E46F9653AA6.d.C315B38F863F8DE3417E5D2EE12E39CB.e.3213/click - {}
RESULT: {}
COMMAND: POST /session/9771be729de2b5cad7e8c50aeccc09f8/element - {"using":"xpath","value":"//span[contains(text(), \"PM Order\")]"}
COMMAND: GET /session/9771be729de2b5cad7e8c50aeccc09f8/screenshot - {}
RESULT: {"using":"xpath","value":"//span[contains(text(), \"PM Order\")]"}
COMMAND: POST /session/9771be729de2b5cad7e8c50aeccc09f8/element/f.FA016163B118C5F4EE8F7E46F9653AA6.d.C315B38F863F8DE3417E5D2EE12E39CB.e.3214/click - {}
RESULT: {}
RESULT: {}
COMMAND: GET /session/9771be729de2b5cad7e8c50aeccc09f8/screenshot - {}
RESULT: {}
COMMAND: POST /session/9771be729de2b5cad7e8c50aeccc09f8/element - {"using":"xpath","value":"//td/div/div/div/span[contains(@id, \"newResourceUnit--RUTimeSegment-0-vhi\")][1]"}
RESULT: {"using":"xpath","value":"//td/div/div/div/span[contains(@id, \"newResourceUnit--RUTimeSegment-0-vhi\")][1]"}
COMMAND: GET /session/9771be729de2b5cad7e8c50aeccc09f8/element/f.FA016163B118C5F4EE8F7E46F9653AA6.d.C315B38F863F8DE3417E5D2EE12E39CB.e.3218/rect - {}
RESULT: {}
COMMAND: GET /session/9771be729de2b5cad7e8c50aeccc09f8/window/rect - {}
RESULT: {}
COMMAND: POST /session/9771be729de2b5cad7e8c50aeccc09f8/execute/sync - {"script":"<script> [92 bytes]","args":[]}
RESULT: {"script":"<script> [92 bytes]","args":[]}
COMMAND: POST /session/9771be729de2b5cad7e8c50aeccc09f8/actions - {"actions":[{"id":"action10","type":"wheel","parameters":{},"actions":[{"type":"scroll","x":-1888,"y":-24,"deltaX":0,"deltaY":0,"duration":0,"origin":{"element-6066-11e4-a52e-4f735466cecf":"f.FA016163B118C5F4EE8F7E46F9653AA6.d.C315B38F863F8DE3417E5D2EE12E39CB.e.3218"}}]}]}
COMMAND: GET /session/9771be729de2b5cad7e8c50aeccc09f8/screenshot - {}
RESULT: {}
COMMAND: POST /session/9771be729de2b5cad7e8c50aeccc09f8/execute/sync - {"script":"<script> [79 bytes]","args":[{"element-6066-11e4-a52e-4f735466cecf":"f.FA016163B118C5F4EE8F7E46F9653AA6.d.C315B38F863F8DE3417E5D2EE12E39CB.e.3218","ELEMENT":"f.FA016163B118C5F4EE8F7E46F9653AA6.d.C315B38F863F8DE3417E5D2EE12E39CB.e.3218"},{"block":"start","inline":"nearest"}]}
RESULT: {"script":"<script> [79 bytes]","args":[{"element-6066-11e4-a52e-4f735466cecf":"f.FA016163B118C5F4EE8F7E46F9653AA6.d.C315B38F863F8DE3417E5D2EE12E39CB.e.3218","ELEMENT":"f.FA016163B118C5F4EE8F7E46F9653AA6.d.C315B38F863F8DE3417E5D2EE12E39CB.e.3218"},{"block":"start","inline":"nearest"}]}
COMMAND: GET /session/9771be729de2b5cad7e8c50aeccc09f8/screenshot - {}
RESULT: {}
COMMAND: POST /session/9771be729de2b5cad7e8c50aeccc09f8/element/f.FA016163B118C5F4EE8F7E46F9653AA6.d.C315B38F863F8DE3417E5D2EE12E39CB.e.3218/click - {}
RESULT: {}
COMMAND: GET /session/9771be729de2b5cad7e8c50aeccc09f8/screenshot - {}
RESULT: {}
RESULT: undefined
COMMAND: POST /session/9771be729de2b5cad7e8c50aeccc09f8/execute/async - {"script":"<script> [776 bytes]","args":[{"enterText":"4000360","selector":{"controlType":"sap.m.SearchField","properties":{"placeholder":"Search"},"searchOpenDialogs":true,"interaction":{"idSuffix":"I"}},"clearTextFirst":true,"interactionType":"ENTER_TEXT"}]}
RESULT: {"script":"<script> [776 bytes]","args":[{"enterText":"4000360","selector":{"controlType":"sap.m.SearchField","properties":{"placeholder":"Search"},"searchOpenDialogs":true,"interaction":{"idSuffix":"I"}},"clearTextFirst":true,"interactionType":"ENTER_TEXT"}]}
COMMAND: POST /session/9771be729de2b5cad7e8c50aeccc09f8/actions - {"actions":[{"id":"action11","type":"key","parameters":{},"actions":[{"type":"keyDown","value":"î€‡"},{"type":"pause","duration":10},{"type":"keyUp","value":"î€‡"}]}]}
RESULT: {"actions":[{"id":"action11","type":"key","parameters":{},"actions":[{"type":"keyDown","value":"î€‡"},{"type":"pause","duration":10},{"type":"keyUp","value":"î€‡"}]}]}
COMMAND: GET /session/9771be729de2b5cad7e8c50aeccc09f8/screenshot - {}
RESULT: {}
COMMAND: POST /session/9771be729de2b5cad7e8c50aeccc09f8/element - {"using":"xpath","value":"//td/div/span[contains(text(), \"BGL Vehicles\")]"}
RESULT: {"using":"xpath","value":"//td/div/span[contains(text(), \"BGL Vehicles\")]"}
COMMAND: POST /session/9771be729de2b5cad7e8c50aeccc09f8/element/f.FA016163B118C5F4EE8F7E46F9653AA6.d.C315B38F863F8DE3417E5D2EE12E39CB.e.3236/click - {}
RESULT: {}
COMMAND: GET /session/9771be729de2b5cad7e8c50aeccc09f8/screenshot - {}
RESULT: {}
COMMAND: POST /session/9771be729de2b5cad7e8c50aeccc09f8/element - {"using":"xpath","value":"//bdi[contains(text(), \"OK\")]"}
RESULT: {"using":"xpath","value":"//bdi[contains(text(), \"OK\")]"}
COMMAND: POST /session/9771be729de2b5cad7e8c50aeccc09f8/element/f.FA016163B118C5F4EE8F7E46F9653AA6.d.C315B38F863F8DE3417E5D2EE12E39CB.e.3237/click - {}
RESULT: {}
COMMAND: GET /session/9771be729de2b5cad7e8c50aeccc09f8/screenshot - {}
RESULT: {}
COMMAND: POST /session/9771be729de2b5cad7e8c50aeccc09f8/element - {"using":"xpath","value":"//label[contains(@class, 'sapMLabelRequired') and .//bdi[contains(text(), 'Planned Retirement')]]"}
RESULT: {"using":"xpath","value":"//label[contains(@class, 'sapMLabelRequired') and .//bdi[contains(text(), 'Planned Retirement')]]"}
COMMAND: POST /session/9771be729de2b5cad7e8c50aeccc09f8/elements - {"using":"xpath","value":"//label[contains(@class, 'sapMLabelRequired') and .//bdi[contains(text(), 'Planned Retirement')]]"}
RESULT: {"using":"xpath","value":"//label[contains(@class, 'sapMLabelRequired') and .//bdi[contains(text(), 'Planned Retirement')]]"}
COMMAND: POST /session/9771be729de2b5cad7e8c50aeccc09f8/element - {"using":"xpath","value":"//button[@data-kt=\"resourceUnitSaveButton\"]"}
RESULT: {"using":"xpath","value":"//button[@data-kt=\"resourceUnitSaveButton\"]"}
COMMAND: POST /session/9771be729de2b5cad7e8c50aeccc09f8/element/f.FA016163B118C5F4EE8F7E46F9653AA6.d.C315B38F863F8DE3417E5D2EE12E39CB.e.3137/click - {}
RESULT: {}
COMMAND: GET /session/9771be729de2b5cad7e8c50aeccc09f8/screenshot - {}
RESULT: {}
COMMAND: POST /session/9771be729de2b5cad7e8c50aeccc09f8/element - {"using":"xpath","value":"//bdi[contains(text(), \"Close\")]"}
RESULT: {"using":"xpath","value":"//bdi[contains(text(), \"Close\")]"}
COMMAND: POST /session/9771be729de2b5cad7e8c50aeccc09f8/element/f.FA016163B118C5F4EE8F7E46F9653AA6.d.C315B38F863F8DE3417E5D2EE12E39CB.e.3243/click - {}
RESULT: {}
COMMAND: GET /session/9771be729de2b5cad7e8c50aeccc09f8/screenshot - {}
RESULT: {}
COMMAND: POST /session/9771be729de2b5cad7e8c50aeccc09f8/element - {"using":"xpath","value":"//header[contains(@id, 'detailRruPage-headerTitle')]/div[1]/div[2]/div[2]/span[1]"}
RESULT: {"using":"xpath","value":"//header[contains(@id, 'detailRruPage-headerTitle')]/div[1]/div[2]/div[2]/span[1]"}
COMMAND: POST /session/9771be729de2b5cad7e8c50aeccc09f8/elements - {"using":"xpath","value":"//header[contains(@id, 'detailRruPage-headerTitle')]/div[1]/div[2]/div[2]/span[1]"}
RESULT: {"using":"xpath","value":"//header[contains(@id, 'detailRruPage-headerTitle')]/div[1]/div[2]/div[2]/span[1]"}
COMMAND: POST /session/9771be729de2b5cad7e8c50aeccc09f8/execute/sync - {"script":"<script> [56 bytes]","args":[{"element-6066-11e4-a52e-4f735466cecf":"f.FA016163B118C5F4EE8F7E46F9653AA6.d.C315B38F863F8DE3417E5D2EE12E39CB.e.3276","ELEMENT":"f.FA016163B118C5F4EE8F7E46F9653AA6.d.C315B38F863F8DE3417E5D2EE12E39CB.e.3276"}]}
RESULT: {"script":"<script> [56 bytes]","args":[{"element-6066-11e4-a52e-4f735466cecf":"f.FA016163B118C5F4EE8F7E46F9653AA6.d.C315B38F863F8DE3417E5D2EE12E39CB.e.3276","ELEMENT":"f.FA016163B118C5F4EE8F7E46F9653AA6.d.C315B38F863F8DE3417E5D2EE12E39CB.e.3276"}]}
COMMAND: POST /session/9771be729de2b5cad7e8c50aeccc09f8/element - {"using":"css selector","value":"#shell-header-logo"}
COMMAND: GET /session/9771be729de2b5cad7e8c50aeccc09f8/screenshot - {}
RESULT: {"using":"css selector","value":"#shell-header-logo"}
COMMAND: POST /session/9771be729de2b5cad7e8c50aeccc09f8/element/f.FA016163B118C5F4EE8F7E46F9653AA6.d.C315B38F863F8DE3417E5D2EE12E39CB.e.2722/click - {}
RESULT: {}
RESULT: {}
COMMAND: GET /session/9771be729de2b5cad7e8c50aeccc09f8/screenshot - {}
RESULT: {}
]]></system-out>
    </testcase>
    <testcase classname="chrome.136_0_7103_49.windows.Prerequisites_&amp;_test_for_yard_mass_return_on_Yard_Overview_US131057" name="Prereq Should do stock increase" time="89.555">
      <system-out><![CDATA[
COMMAND: POST /session/9771be729de2b5cad7e8c50aeccc09f8/execute/async - {"script":"<script> [1562 bytes]","args":[{"selector":{"controlType":"sap.m.Text","viewName":"etm.portal.ui.managehandoverstile.view.Master","properties":{"text":"Manage Handovers"},"interaction":{"idSuffix":"inner"}},"wdio_ui5_key":"etmportal.ui.managehandoverstile.view.Mastersap.m.Text{\"text\":\"Manage Handovers\"}"}]}
RESULT: {"script":"<script> [1562 bytes]","args":[{"selector":{"controlType":"sap.m.Text","viewName":"etm.portal.ui.managehandoverstile.view.Master","properties":{"text":"Manage Handovers"},"interaction":{"idSuffix":"inner"}},"wdio_ui5_key":"etmportal.ui.managehandoverstile.view.Mastersap.m.Text{\"text\":\"Manage Handovers\"}"}]}
RESULT: undefined
COMMAND: POST /session/9771be729de2b5cad7e8c50aeccc09f8/element - {"using":"xpath","value":"//*[@id=\"__tile133-title\"]"}
RESULT: {"using":"xpath","value":"//*[@id=\"__tile133-title\"]"}
COMMAND: POST /session/9771be729de2b5cad7e8c50aeccc09f8/element/f.FA016163B118C5F4EE8F7E46F9653AA6.d.C315B38F863F8DE3417E5D2EE12E39CB.e.3281/click - {}
RESULT: {}
COMMAND: POST /session/9771be729de2b5cad7e8c50aeccc09f8/element - {"using":"xpath","value":"//button[@data-kt=\"masterHOAddButton\"]"}
COMMAND: GET /session/9771be729de2b5cad7e8c50aeccc09f8/screenshot - {}
RESULT: {"using":"xpath","value":"//button[@data-kt=\"masterHOAddButton\"]"}
COMMAND: POST /session/9771be729de2b5cad7e8c50aeccc09f8/elements - {"using":"xpath","value":"//button[@data-kt=\"masterHOAddButton\"]"}
RESULT: {}
RESULT: {"using":"xpath","value":"//button[@data-kt=\"masterHOAddButton\"]"}
COMMAND: POST /session/9771be729de2b5cad7e8c50aeccc09f8/elements - {"using":"xpath","value":"//button[@data-kt=\"masterHOAddButton\"]"}
RESULT: {"using":"xpath","value":"//button[@data-kt=\"masterHOAddButton\"]"}
COMMAND: POST /session/9771be729de2b5cad7e8c50aeccc09f8/elements - {"using":"xpath","value":"//button[@data-kt=\"masterHOAddButton\"]"}
RESULT: {"using":"xpath","value":"//button[@data-kt=\"masterHOAddButton\"]"}
COMMAND: POST /session/9771be729de2b5cad7e8c50aeccc09f8/elements - {"using":"xpath","value":"//button[@data-kt=\"masterHOAddButton\"]"}
RESULT: {"using":"xpath","value":"//button[@data-kt=\"masterHOAddButton\"]"}
COMMAND: POST /session/9771be729de2b5cad7e8c50aeccc09f8/elements - {"using":"xpath","value":"//button[@data-kt=\"masterHOAddButton\"]"}
RESULT: {"using":"xpath","value":"//button[@data-kt=\"masterHOAddButton\"]"}
COMMAND: POST /session/9771be729de2b5cad7e8c50aeccc09f8/element - {"using":"xpath","value":"//button[@data-kt=\"masterHOAddButton\"]"}
RESULT: {"using":"xpath","value":"//button[@data-kt=\"masterHOAddButton\"]"}
COMMAND: POST /session/9771be729de2b5cad7e8c50aeccc09f8/execute/sync - {"script":"<script> [8489 bytes]","args":[{"element-6066-11e4-a52e-4f735466cecf":"f.FA016163B118C5F4EE8F7E46F9653AA6.d.C315B38F863F8DE3417E5D2EE12E39CB.e.3321","ELEMENT":"f.FA016163B118C5F4EE8F7E46F9653AA6.d.C315B38F863F8DE3417E5D2EE12E39CB.e.3321"}]}
RESULT: {"script":"<script> [8489 bytes]","args":[{"element-6066-11e4-a52e-4f735466cecf":"f.FA016163B118C5F4EE8F7E46F9653AA6.d.C315B38F863F8DE3417E5D2EE12E39CB.e.3321","ELEMENT":"f.FA016163B118C5F4EE8F7E46F9653AA6.d.C315B38F863F8DE3417E5D2EE12E39CB.e.3321"}]}
COMMAND: GET /session/9771be729de2b5cad7e8c50aeccc09f8/element/f.FA016163B118C5F4EE8F7E46F9653AA6.d.C315B38F863F8DE3417E5D2EE12E39CB.e.3321/enabled - {}
COMMAND: GET /session/9771be729de2b5cad7e8c50aeccc09f8/screenshot - {}
RESULT: {}
COMMAND: POST /session/9771be729de2b5cad7e8c50aeccc09f8/execute/sync - {"script":"<script> [8489 bytes]","args":[{"element-6066-11e4-a52e-4f735466cecf":"f.FA016163B118C5F4EE8F7E46F9653AA6.d.C315B38F863F8DE3417E5D2EE12E39CB.e.3321","ELEMENT":"f.FA016163B118C5F4EE8F7E46F9653AA6.d.C315B38F863F8DE3417E5D2EE12E39CB.e.3321"}]}
COMMAND: GET /session/9771be729de2b5cad7e8c50aeccc09f8/screenshot - {}
RESULT: {}
RESULT: {"script":"<script> [8489 bytes]","args":[{"element-6066-11e4-a52e-4f735466cecf":"f.FA016163B118C5F4EE8F7E46F9653AA6.d.C315B38F863F8DE3417E5D2EE12E39CB.e.3321","ELEMENT":"f.FA016163B118C5F4EE8F7E46F9653AA6.d.C315B38F863F8DE3417E5D2EE12E39CB.e.3321"}]}
COMMAND: POST /session/9771be729de2b5cad7e8c50aeccc09f8/execute/sync - {"script":"<script> [5351 bytes]","args":[{"element-6066-11e4-a52e-4f735466cecf":"f.FA016163B118C5F4EE8F7E46F9653AA6.d.C315B38F863F8DE3417E5D2EE12E39CB.e.3321","ELEMENT":"f.FA016163B118C5F4EE8F7E46F9653AA6.d.C315B38F863F8DE3417E5D2EE12E39CB.e.3321"}]}
COMMAND: GET /session/9771be729de2b5cad7e8c50aeccc09f8/screenshot - {}
RESULT: {}
RESULT: {"script":"<script> [5351 bytes]","args":[{"element-6066-11e4-a52e-4f735466cecf":"f.FA016163B118C5F4EE8F7E46F9653AA6.d.C315B38F863F8DE3417E5D2EE12E39CB.e.3321","ELEMENT":"f.FA016163B118C5F4EE8F7E46F9653AA6.d.C315B38F863F8DE3417E5D2EE12E39CB.e.3321"}]}
COMMAND: POST /session/9771be729de2b5cad7e8c50aeccc09f8/element/f.FA016163B118C5F4EE8F7E46F9653AA6.d.C315B38F863F8DE3417E5D2EE12E39CB.e.3321/click - {}
COMMAND: GET /session/9771be729de2b5cad7e8c50aeccc09f8/screenshot - {}
RESULT: {}
RESULT: {}
COMMAND: GET /session/9771be729de2b5cad7e8c50aeccc09f8/screenshot - {}
COMMAND: POST /session/9771be729de2b5cad7e8c50aeccc09f8/element - {"using":"xpath","value":"//span[contains(@id ,\"AddNewHO--typeSelect-arrow\")]"}
RESULT: {}
RESULT: {}
RESULT: {"using":"xpath","value":"//span[contains(@id ,\"AddNewHO--typeSelect-arrow\")]"}
COMMAND: POST /session/9771be729de2b5cad7e8c50aeccc09f8/element/f.FA016163B118C5F4EE8F7E46F9653AA6.d.C315B38F863F8DE3417E5D2EE12E39CB.e.3662/click - {}
RESULT: {}
COMMAND: GET /session/9771be729de2b5cad7e8c50aeccc09f8/screenshot - {}
RESULT: {}
COMMAND: POST /session/9771be729de2b5cad7e8c50aeccc09f8/element - {"using":"xpath","value":"(//li[contains(text(), \"stock increase yard\")])[1]"}
RESULT: {"using":"xpath","value":"(//li[contains(text(), \"stock increase yard\")])[1]"}
COMMAND: POST /session/9771be729de2b5cad7e8c50aeccc09f8/element/f.FA016163B118C5F4EE8F7E46F9653AA6.d.C315B38F863F8DE3417E5D2EE12E39CB.e.3663/click - {}
RESULT: {}
COMMAND: GET /session/9771be729de2b5cad7e8c50aeccc09f8/screenshot - {}
RESULT: {}
COMMAND: POST /session/9771be729de2b5cad7e8c50aeccc09f8/execute/async - {"script":"<script> [1562 bytes]","args":[{"selector":{"id":"application-managehandovers-display-component---AddNewHO--dueDate","interaction":{"idSuffix":"inner"}},"wdio_ui5_key":"applicationmanagehandovers-display-component---AddNewHO--dueDate"}]}
RESULT: {"script":"<script> [1562 bytes]","args":[{"selector":{"id":"application-managehandovers-display-component---AddNewHO--dueDate","interaction":{"idSuffix":"inner"}},"wdio_ui5_key":"applicationmanagehandovers-display-component---AddNewHO--dueDate"}]}
RESULT: undefined
COMMAND: POST /session/9771be729de2b5cad7e8c50aeccc09f8/execute/async - {"script":"<script> [6424 bytes]","args":[{"element-6066-11e4-a52e-4f735466cecf":"f.FA016163B118C5F4EE8F7E46F9653AA6.d.C315B38F863F8DE3417E5D2EE12E39CB.e.3665"},"setValue",["05/08/2025"]]}
RESULT: {"script":"<script> [6424 bytes]","args":[{"element-6066-11e4-a52e-4f735466cecf":"f.FA016163B118C5F4EE8F7E46F9653AA6.d.C315B38F863F8DE3417E5D2EE12E39CB.e.3665"},"setValue",["05/08/2025"]]}
COMMAND: POST /session/9771be729de2b5cad7e8c50aeccc09f8/element - {"using":"xpath","value":"//input[@id=\"generalSectionFrg--receiveYard-inner\"]"}
RESULT: {"using":"xpath","value":"//input[@id=\"generalSectionFrg--receiveYard-inner\"]"}
COMMAND: POST /session/9771be729de2b5cad7e8c50aeccc09f8/element/f.FA016163B118C5F4EE8F7E46F9653AA6.d.C315B38F863F8DE3417E5D2EE12E39CB.e.3671/clear - {}
RESULT: {}
COMMAND: POST /session/9771be729de2b5cad7e8c50aeccc09f8/element/f.FA016163B118C5F4EE8F7E46F9653AA6.d.C315B38F863F8DE3417E5D2EE12E39CB.e.3671/value - {"text":"688"}
COMMAND: GET /session/9771be729de2b5cad7e8c50aeccc09f8/screenshot - {}
RESULT: {"text":"688"}
COMMAND: GET /session/9771be729de2b5cad7e8c50aeccc09f8/screenshot - {}
RESULT: {}
RESULT: {}
COMMAND: POST /session/9771be729de2b5cad7e8c50aeccc09f8/element - {"using":"xpath","value":"//li[.//span[text()='688']]"}
RESULT: {"using":"xpath","value":"//li[.//span[text()='688']]"}
COMMAND: POST /session/9771be729de2b5cad7e8c50aeccc09f8/element/f.FA016163B118C5F4EE8F7E46F9653AA6.d.C315B38F863F8DE3417E5D2EE12E39CB.e.3689/click - {}
RESULT: {}
COMMAND: GET /session/9771be729de2b5cad7e8c50aeccc09f8/screenshot - {}
RESULT: {}
COMMAND: POST /session/9771be729de2b5cad7e8c50aeccc09f8/execute/async - {"script":"<script> [1562 bytes]","args":[{"selector":{"id":"application-managehandovers-display-component---AddNewHO--ObjectPageLayout-anchBar-application-managehandovers-display-component---AddNewHO--section4-anchor","interaction":{"idSuffix":"BDI-content"}},"wdio_ui5_key":"applicationmanagehandovers-display-component---AddNewHO--ObjectPageLayout-anchBar-application-managehandovers-display-component---AddNewHO--section4-anchor"}]}
RESULT: {"script":"<script> [1562 bytes]","args":[{"selector":{"id":"application-managehandovers-display-component---AddNewHO--ObjectPageLayout-anchBar-application-managehandovers-display-component---AddNewHO--section4-anchor","interaction":{"idSuffix":"BDI-content"}},"wdio_ui5_key":"applicationmanagehandovers-display-component---AddNewHO--ObjectPageLayout-anchBar-application-managehandovers-display-component---AddNewHO--section4-anchor"}]}
RESULT: undefined
COMMAND: POST /session/9771be729de2b5cad7e8c50aeccc09f8/element - {"using":"xpath","value":"//*[@id=\"application-managehandovers-display-component---AddNewHO--ObjectPageLayout-anchBar-application-managehandovers-display-component---AddNewHO--section4-anchor\"]"}
RESULT: {"using":"xpath","value":"//*[@id=\"application-managehandovers-display-component---AddNewHO--ObjectPageLayout-anchBar-application-managehandovers-display-component---AddNewHO--section4-anchor\"]"}
COMMAND: POST /session/9771be729de2b5cad7e8c50aeccc09f8/element/f.FA016163B118C5F4EE8F7E46F9653AA6.d.C315B38F863F8DE3417E5D2EE12E39CB.e.3691/click - {}
RESULT: {}
COMMAND: POST /session/9771be729de2b5cad7e8c50aeccc09f8/element - {"using":"xpath","value":"//button[@aria-label=\"Add\"]"}
COMMAND: GET /session/9771be729de2b5cad7e8c50aeccc09f8/screenshot - {}
RESULT: {"using":"xpath","value":"//button[@aria-label=\"Add\"]"}
COMMAND: POST /session/9771be729de2b5cad7e8c50aeccc09f8/element/f.FA016163B118C5F4EE8F7E46F9653AA6.d.C315B38F863F8DE3417E5D2EE12E39CB.e.3693/click - {}
RESULT: {}
RESULT: {}
COMMAND: GET /session/9771be729de2b5cad7e8c50aeccc09f8/screenshot - {}
RESULT: {}
COMMAND: POST /session/9771be729de2b5cad7e8c50aeccc09f8/execute/async - {"script":"<script> [1562 bytes]","args":[{"selector":{"id":"application-managehandovers-display-component---AddNewHO--smartFilterBar-btnBasicSearch","searchOpenDialogs":true,"interaction":{"idSuffix":"I"}},"wdio_ui5_key":"applicationmanagehandovers-display-component---AddNewHO--smartFilterBar-btnBasicSearch"}]}
RESULT: {"script":"<script> [1562 bytes]","args":[{"selector":{"id":"application-managehandovers-display-component---AddNewHO--smartFilterBar-btnBasicSearch","searchOpenDialogs":true,"interaction":{"idSuffix":"I"}},"wdio_ui5_key":"applicationmanagehandovers-display-component---AddNewHO--smartFilterBar-btnBasicSearch"}]}
RESULT: undefined
COMMAND: POST /session/9771be729de2b5cad7e8c50aeccc09f8/execute/async - {"script":"<script> [776 bytes]","args":[{"enterText":"200388","selector":{"id":"application-managehandovers-display-component---AddNewHO--smartFilterBar-btnBasicSearch","searchOpenDialogs":true,"interaction":{"idSuffix":"I"}},"clearTextFirst":true,"interactionType":"ENTER_TEXT"}]}
RESULT: {"script":"<script> [776 bytes]","args":[{"enterText":"200388","selector":{"id":"application-managehandovers-display-component---AddNewHO--smartFilterBar-btnBasicSearch","searchOpenDialogs":true,"interaction":{"idSuffix":"I"}},"clearTextFirst":true,"interactionType":"ENTER_TEXT"}]}
COMMAND: POST /session/9771be729de2b5cad7e8c50aeccc09f8/actions - {"actions":[{"id":"action12","type":"key","parameters":{},"actions":[{"type":"keyDown","value":"î€‡"},{"type":"pause","duration":10},{"type":"keyUp","value":"î€‡"}]}]}
RESULT: {"actions":[{"id":"action12","type":"key","parameters":{},"actions":[{"type":"keyDown","value":"î€‡"},{"type":"pause","duration":10},{"type":"keyUp","value":"î€‡"}]}]}
COMMAND: GET /session/9771be729de2b5cad7e8c50aeccc09f8/screenshot - {}
RESULT: {}
COMMAND: POST /session/9771be729de2b5cad7e8c50aeccc09f8/execute/async - {"script":"<script> [1562 bytes]","args":[{"selector":{"id":"application-managehandovers-display-component---AddNewHO--popup-sa","searchOpenDialogs":true,"interaction":{"idSuffix":"CbBg"}},"wdio_ui5_key":"applicationmanagehandovers-display-component---AddNewHO--popup-sa"}]}
RESULT: {"script":"<script> [1562 bytes]","args":[{"selector":{"id":"application-managehandovers-display-component---AddNewHO--popup-sa","searchOpenDialogs":true,"interaction":{"idSuffix":"CbBg"}},"wdio_ui5_key":"applicationmanagehandovers-display-component---AddNewHO--popup-sa"}]}
RESULT: undefined
COMMAND: POST /session/9771be729de2b5cad7e8c50aeccc09f8/element - {"using":"xpath","value":"//*[@id=\"application-managehandovers-display-component---AddNewHO--popup-sa\"]"}
RESULT: {"using":"xpath","value":"//*[@id=\"application-managehandovers-display-component---AddNewHO--popup-sa\"]"}
COMMAND: POST /session/9771be729de2b5cad7e8c50aeccc09f8/element/f.FA016163B118C5F4EE8F7E46F9653AA6.d.C315B38F863F8DE3417E5D2EE12E39CB.e.3847/click - {}
RESULT: {}
COMMAND: GET /session/9771be729de2b5cad7e8c50aeccc09f8/screenshot - {}
RESULT: {}
COMMAND: POST /session/9771be729de2b5cad7e8c50aeccc09f8/element - {"using":"xpath","value":"//bdi[contains(text(), \"Select\")]"}
RESULT: {"using":"xpath","value":"//bdi[contains(text(), \"Select\")]"}
COMMAND: POST /session/9771be729de2b5cad7e8c50aeccc09f8/element/f.FA016163B118C5F4EE8F7E46F9653AA6.d.C315B38F863F8DE3417E5D2EE12E39CB.e.3848/click - {}
RESULT: {}
COMMAND: GET /session/9771be729de2b5cad7e8c50aeccc09f8/screenshot - {}
RESULT: {}
COMMAND: POST /session/9771be729de2b5cad7e8c50aeccc09f8/element - {"using":"xpath","value":"//button[@data-kt=\"AddNewHOSaveButton\"]"}
RESULT: {"using":"xpath","value":"//button[@data-kt=\"AddNewHOSaveButton\"]"}
COMMAND: POST /session/9771be729de2b5cad7e8c50aeccc09f8/element/f.FA016163B118C5F4EE8F7E46F9653AA6.d.C315B38F863F8DE3417E5D2EE12E39CB.e.3852/click - {}
RESULT: {}
COMMAND: GET /session/9771be729de2b5cad7e8c50aeccc09f8/screenshot - {}
RESULT: {}
COMMAND: POST /session/9771be729de2b5cad7e8c50aeccc09f8/execute/async - {"script":"<script> [1562 bytes]","args":[{"selector":{"id":"receiptDatePicker","viewName":"etm.portal.ui.managehandovers.view.DetailExecuteHO","interaction":{"idSuffix":"inner"}},"wdio_ui5_key":"receiptDatePickeretmportal.ui.managehandovers.view.DetailExecuteHO"}]}
RESULT: {"script":"<script> [1562 bytes]","args":[{"selector":{"id":"receiptDatePicker","viewName":"etm.portal.ui.managehandovers.view.DetailExecuteHO","interaction":{"idSuffix":"inner"}},"wdio_ui5_key":"receiptDatePickeretmportal.ui.managehandovers.view.DetailExecuteHO"}]}
RESULT: undefined
COMMAND: POST /session/9771be729de2b5cad7e8c50aeccc09f8/execute/async - {"script":"<script> [6424 bytes]","args":[{"element-6066-11e4-a52e-4f735466cecf":"f.FA016163B118C5F4EE8F7E46F9653AA6.d.C315B38F863F8DE3417E5D2EE12E39CB.e.3882"},"setValue",["05/08/2025"]]}
RESULT: {"script":"<script> [6424 bytes]","args":[{"element-6066-11e4-a52e-4f735466cecf":"f.FA016163B118C5F4EE8F7E46F9653AA6.d.C315B38F863F8DE3417E5D2EE12E39CB.e.3882"},"setValue",["05/08/2025"]]}
COMMAND: POST /session/9771be729de2b5cad7e8c50aeccc09f8/element - {"using":"xpath","value":"//button[@data-kt=\"PickingTableConfirmAllButton\"]"}
RESULT: {"using":"xpath","value":"//button[@data-kt=\"PickingTableConfirmAllButton\"]"}
COMMAND: POST /session/9771be729de2b5cad7e8c50aeccc09f8/element/f.FA016163B118C5F4EE8F7E46F9653AA6.d.C315B38F863F8DE3417E5D2EE12E39CB.e.3896/click - {}
RESULT: {}
COMMAND: GET /session/9771be729de2b5cad7e8c50aeccc09f8/screenshot - {}
RESULT: {}
COMMAND: POST /session/9771be729de2b5cad7e8c50aeccc09f8/element - {"using":"xpath","value":"//bdi[contains(text(), \"OK\")]"}
RESULT: {"using":"xpath","value":"//bdi[contains(text(), \"OK\")]"}
COMMAND: POST /session/9771be729de2b5cad7e8c50aeccc09f8/element/f.FA016163B118C5F4EE8F7E46F9653AA6.d.C315B38F863F8DE3417E5D2EE12E39CB.e.3898/click - {}
RESULT: {}
COMMAND: GET /session/9771be729de2b5cad7e8c50aeccc09f8/screenshot - {}
RESULT: {}
COMMAND: POST /session/9771be729de2b5cad7e8c50aeccc09f8/element - {"using":"xpath","value":"(//bdi[contains(text(), \"Receive\")])[2]"}
RESULT: {"using":"xpath","value":"(//bdi[contains(text(), \"Receive\")])[2]"}
COMMAND: POST /session/9771be729de2b5cad7e8c50aeccc09f8/element/f.FA016163B118C5F4EE8F7E46F9653AA6.d.C315B38F863F8DE3417E5D2EE12E39CB.e.3900/click - {}
RESULT: {}
COMMAND: GET /session/9771be729de2b5cad7e8c50aeccc09f8/screenshot - {}
RESULT: {}
COMMAND: POST /session/9771be729de2b5cad7e8c50aeccc09f8/element - {"using":"css selector","value":"#shell-header-logo"}
RESULT: {"using":"css selector","value":"#shell-header-logo"}
COMMAND: POST /session/9771be729de2b5cad7e8c50aeccc09f8/element/f.FA016163B118C5F4EE8F7E46F9653AA6.d.C315B38F863F8DE3417E5D2EE12E39CB.e.3284/click - {}
RESULT: {}
COMMAND: GET /session/9771be729de2b5cad7e8c50aeccc09f8/screenshot - {}
RESULT: {}
]]></system-out>
    </testcase>
    <testcase classname="chrome.136_0_7103_49.windows.Prerequisites_&amp;_test_for_yard_mass_return_on_Yard_Overview_US131057" name="Prereq Should create a new contract" time="69.367">
      <system-out><![CDATA[
COMMAND: POST /session/9771be729de2b5cad7e8c50aeccc09f8/execute/async - {"script":"<script> [1562 bytes]","args":[{"selector":{"controlType":"sap.m.Text","viewName":"etm.portal.ui.managecontractstile.view.Master","properties":{"text":"Manage Contracts"},"interaction":{"idSuffix":"inner"}},"wdio_ui5_key":"etmportal.ui.managecontractstile.view.Mastersap.m.Text{\"text\":\"Manage Contracts\"}"}]}
RESULT: {"script":"<script> [1562 bytes]","args":[{"selector":{"controlType":"sap.m.Text","viewName":"etm.portal.ui.managecontractstile.view.Master","properties":{"text":"Manage Contracts"},"interaction":{"idSuffix":"inner"}},"wdio_ui5_key":"etmportal.ui.managecontractstile.view.Mastersap.m.Text{\"text\":\"Manage Contracts\"}"}]}
RESULT: undefined
COMMAND: POST /session/9771be729de2b5cad7e8c50aeccc09f8/element - {"using":"xpath","value":"//*[@id=\"__tile130-title\"]"}
RESULT: {"using":"xpath","value":"//*[@id=\"__tile130-title\"]"}
COMMAND: POST /session/9771be729de2b5cad7e8c50aeccc09f8/element/f.FA016163B118C5F4EE8F7E46F9653AA6.d.C315B38F863F8DE3417E5D2EE12E39CB.e.4076/click - {}
RESULT: {}
COMMAND: GET /session/9771be729de2b5cad7e8c50aeccc09f8/screenshot - {}
RESULT: {}
COMMAND: POST /session/9771be729de2b5cad7e8c50aeccc09f8/element - {"using":"xpath","value":"//button[@data-kt=\"addButton\"]"}
RESULT: {"using":"xpath","value":"//button[@data-kt=\"addButton\"]"}
COMMAND: POST /session/9771be729de2b5cad7e8c50aeccc09f8/elements - {"using":"xpath","value":"//button[@data-kt=\"addButton\"]"}
RESULT: {"using":"xpath","value":"//button[@data-kt=\"addButton\"]"}
COMMAND: POST /session/9771be729de2b5cad7e8c50aeccc09f8/element - {"using":"xpath","value":"//button[@data-kt=\"addButton\"]"}
RESULT: {"using":"xpath","value":"//button[@data-kt=\"addButton\"]"}
COMMAND: POST /session/9771be729de2b5cad7e8c50aeccc09f8/execute/sync - {"script":"<script> [8489 bytes]","args":[{"element-6066-11e4-a52e-4f735466cecf":"f.FA016163B118C5F4EE8F7E46F9653AA6.d.C315B38F863F8DE3417E5D2EE12E39CB.e.4146","ELEMENT":"f.FA016163B118C5F4EE8F7E46F9653AA6.d.C315B38F863F8DE3417E5D2EE12E39CB.e.4146"}]}
RESULT: {"script":"<script> [8489 bytes]","args":[{"element-6066-11e4-a52e-4f735466cecf":"f.FA016163B118C5F4EE8F7E46F9653AA6.d.C315B38F863F8DE3417E5D2EE12E39CB.e.4146","ELEMENT":"f.FA016163B118C5F4EE8F7E46F9653AA6.d.C315B38F863F8DE3417E5D2EE12E39CB.e.4146"}]}
COMMAND: GET /session/9771be729de2b5cad7e8c50aeccc09f8/element/f.FA016163B118C5F4EE8F7E46F9653AA6.d.C315B38F863F8DE3417E5D2EE12E39CB.e.4146/enabled - {}
COMMAND: GET /session/9771be729de2b5cad7e8c50aeccc09f8/screenshot - {}
RESULT: {}
COMMAND: POST /session/9771be729de2b5cad7e8c50aeccc09f8/execute/sync - {"script":"<script> [8489 bytes]","args":[{"element-6066-11e4-a52e-4f735466cecf":"f.FA016163B118C5F4EE8F7E46F9653AA6.d.C315B38F863F8DE3417E5D2EE12E39CB.e.4146","ELEMENT":"f.FA016163B118C5F4EE8F7E46F9653AA6.d.C315B38F863F8DE3417E5D2EE12E39CB.e.4146"}]}
COMMAND: GET /session/9771be729de2b5cad7e8c50aeccc09f8/screenshot - {}
RESULT: {}
RESULT: {"script":"<script> [8489 bytes]","args":[{"element-6066-11e4-a52e-4f735466cecf":"f.FA016163B118C5F4EE8F7E46F9653AA6.d.C315B38F863F8DE3417E5D2EE12E39CB.e.4146","ELEMENT":"f.FA016163B118C5F4EE8F7E46F9653AA6.d.C315B38F863F8DE3417E5D2EE12E39CB.e.4146"}]}
COMMAND: POST /session/9771be729de2b5cad7e8c50aeccc09f8/execute/sync - {"script":"<script> [5351 bytes]","args":[{"element-6066-11e4-a52e-4f735466cecf":"f.FA016163B118C5F4EE8F7E46F9653AA6.d.C315B38F863F8DE3417E5D2EE12E39CB.e.4146","ELEMENT":"f.FA016163B118C5F4EE8F7E46F9653AA6.d.C315B38F863F8DE3417E5D2EE12E39CB.e.4146"}]}
COMMAND: GET /session/9771be729de2b5cad7e8c50aeccc09f8/screenshot - {}
RESULT: {}
RESULT: {"script":"<script> [5351 bytes]","args":[{"element-6066-11e4-a52e-4f735466cecf":"f.FA016163B118C5F4EE8F7E46F9653AA6.d.C315B38F863F8DE3417E5D2EE12E39CB.e.4146","ELEMENT":"f.FA016163B118C5F4EE8F7E46F9653AA6.d.C315B38F863F8DE3417E5D2EE12E39CB.e.4146"}]}
COMMAND: GET /session/9771be729de2b5cad7e8c50aeccc09f8/screenshot - {}
RESULT: {}
RESULT: {}
COMMAND: POST /session/9771be729de2b5cad7e8c50aeccc09f8/element/f.FA016163B118C5F4EE8F7E46F9653AA6.d.C315B38F863F8DE3417E5D2EE12E39CB.e.4146/click - {}
RESULT: {}
COMMAND: GET /session/9771be729de2b5cad7e8c50aeccc09f8/screenshot - {}
COMMAND: POST /session/9771be729de2b5cad7e8c50aeccc09f8/execute/async - {"script":"<script> [1562 bytes]","args":[{"selector":{"id":"application-managecontracts-display-component---AddNewContract--projectDescription","interaction":{"idSuffix":"inner"}},"wdio_ui5_key":"applicationmanagecontracts-display-component---AddNewContract--projectDescription"}]}
RESULT: {}
RESULT: {"script":"<script> [1562 bytes]","args":[{"selector":{"id":"application-managecontracts-display-component---AddNewContract--projectDescription","interaction":{"idSuffix":"inner"}},"wdio_ui5_key":"applicationmanagecontracts-display-component---AddNewContract--projectDescription"}]}
RESULT: undefined
COMMAND: POST /session/9771be729de2b5cad7e8c50aeccc09f8/execute/async - {"script":"<script> [776 bytes]","args":[{"enterText":"Contract WDIO","selector":{"id":"application-managecontracts-display-component---AddNewContract--projectDescription","interaction":{"idSuffix":"inner"}},"clearTextFirst":true,"interactionType":"ENTER_TEXT"}]}
RESULT: {"script":"<script> [776 bytes]","args":[{"enterText":"Contract WDIO","selector":{"id":"application-managecontracts-display-component---AddNewContract--projectDescription","interaction":{"idSuffix":"inner"}},"clearTextFirst":true,"interactionType":"ENTER_TEXT"}]}
COMMAND: POST /session/9771be729de2b5cad7e8c50aeccc09f8/element - {"using":"xpath","value":"//input[@id=\"application-managecontracts-display-component---AddNewContract--site-inner\"]"}
RESULT: {"using":"xpath","value":"//input[@id=\"application-managecontracts-display-component---AddNewContract--site-inner\"]"}
COMMAND: POST /session/9771be729de2b5cad7e8c50aeccc09f8/element/f.FA016163B118C5F4EE8F7E46F9653AA6.d.C315B38F863F8DE3417E5D2EE12E39CB.e.4447/clear - {}
RESULT: {}
COMMAND: POST /session/9771be729de2b5cad7e8c50aeccc09f8/element/f.FA016163B118C5F4EE8F7E46F9653AA6.d.C315B38F863F8DE3417E5D2EE12E39CB.e.4447/value - {"text":"2513"}
COMMAND: GET /session/9771be729de2b5cad7e8c50aeccc09f8/screenshot - {}
RESULT: {"text":"2513"}
COMMAND: GET /session/9771be729de2b5cad7e8c50aeccc09f8/screenshot - {}
COMMAND: POST /session/9771be729de2b5cad7e8c50aeccc09f8/element - {"using":"xpath","value":"//li[.//span[text()='2513']]"}
RESULT: {}
RESULT: {}
RESULT: {"using":"xpath","value":"//li[.//span[text()='2513']]"}
COMMAND: POST /session/9771be729de2b5cad7e8c50aeccc09f8/element/f.FA016163B118C5F4EE8F7E46F9653AA6.d.C315B38F863F8DE3417E5D2EE12E39CB.e.4472/click - {}
RESULT: {}
COMMAND: GET /session/9771be729de2b5cad7e8c50aeccc09f8/screenshot - {}
RESULT: {}
COMMAND: POST /session/9771be729de2b5cad7e8c50aeccc09f8/element - {"using":"xpath","value":"//input[@id=\"application-managecontracts-display-component---AddNewContract--yardId-inner\"]"}
RESULT: {"using":"xpath","value":"//input[@id=\"application-managecontracts-display-component---AddNewContract--yardId-inner\"]"}
COMMAND: GET /session/9771be729de2b5cad7e8c50aeccc09f8/element/f.FA016163B118C5F4EE8F7E46F9653AA6.d.C315B38F863F8DE3417E5D2EE12E39CB.e.4448/property/value - {}
RESULT: {}
COMMAND: POST /session/9771be729de2b5cad7e8c50aeccc09f8/element - {"using":"xpath","value":"//input[@id=\"application-managecontracts-display-component---AddNewContract--customerSelect-inner\"]"}
COMMAND: GET /session/9771be729de2b5cad7e8c50aeccc09f8/screenshot - {}
RESULT: {"using":"xpath","value":"//input[@id=\"application-managecontracts-display-component---AddNewContract--customerSelect-inner\"]"}
COMMAND: POST /session/9771be729de2b5cad7e8c50aeccc09f8/element/f.FA016163B118C5F4EE8F7E46F9653AA6.d.C315B38F863F8DE3417E5D2EE12E39CB.e.4446/clear - {}
RESULT: {}
RESULT: {}
COMMAND: POST /session/9771be729de2b5cad7e8c50aeccc09f8/element/f.FA016163B118C5F4EE8F7E46F9653AA6.d.C315B38F863F8DE3417E5D2EE12E39CB.e.4446/value - {"text":"1563"}
COMMAND: GET /session/9771be729de2b5cad7e8c50aeccc09f8/screenshot - {}
RESULT: {"text":"1563"}
COMMAND: GET /session/9771be729de2b5cad7e8c50aeccc09f8/screenshot - {}
RESULT: {}
RESULT: {}
COMMAND: POST /session/9771be729de2b5cad7e8c50aeccc09f8/element - {"using":"xpath","value":"//li[.//span[text()='1563']]"}
RESULT: {"using":"xpath","value":"//li[.//span[text()='1563']]"}
COMMAND: POST /session/9771be729de2b5cad7e8c50aeccc09f8/element/f.FA016163B118C5F4EE8F7E46F9653AA6.d.C315B38F863F8DE3417E5D2EE12E39CB.e.4475/click - {}
RESULT: {}
COMMAND: GET /session/9771be729de2b5cad7e8c50aeccc09f8/screenshot - {}
RESULT: {}
COMMAND: POST /session/9771be729de2b5cad7e8c50aeccc09f8/element - {"using":"xpath","value":"//button[@data-kt=\"saveButton\"]"}
RESULT: {"using":"xpath","value":"//button[@data-kt=\"saveButton\"]"}
COMMAND: POST /session/9771be729de2b5cad7e8c50aeccc09f8/element/f.FA016163B118C5F4EE8F7E46F9653AA6.d.C315B38F863F8DE3417E5D2EE12E39CB.e.4465/click - {}
RESULT: {}
COMMAND: GET /session/9771be729de2b5cad7e8c50aeccc09f8/screenshot - {}
RESULT: {}
COMMAND: POST /session/9771be729de2b5cad7e8c50aeccc09f8/element - {"using":"xpath","value":"//span[contains(@id ,\"contractDetailTitleNoExpanded\")]"}
RESULT: {"using":"xpath","value":"//span[contains(@id ,\"contractDetailTitleNoExpanded\")]"}
COMMAND: POST /session/9771be729de2b5cad7e8c50aeccc09f8/elements - {"using":"xpath","value":"//span[contains(@id ,\"contractDetailTitleNoExpanded\")]"}
RESULT: {"using":"xpath","value":"//span[contains(@id ,\"contractDetailTitleNoExpanded\")]"}
COMMAND: POST /session/9771be729de2b5cad7e8c50aeccc09f8/execute/sync - {"script":"<script> [56 bytes]","args":[{"element-6066-11e4-a52e-4f735466cecf":"f.FA016163B118C5F4EE8F7E46F9653AA6.d.C315B38F863F8DE3417E5D2EE12E39CB.e.4548","ELEMENT":"f.FA016163B118C5F4EE8F7E46F9653AA6.d.C315B38F863F8DE3417E5D2EE12E39CB.e.4548"}]}
RESULT: {"script":"<script> [56 bytes]","args":[{"element-6066-11e4-a52e-4f735466cecf":"f.FA016163B118C5F4EE8F7E46F9653AA6.d.C315B38F863F8DE3417E5D2EE12E39CB.e.4548","ELEMENT":"f.FA016163B118C5F4EE8F7E46F9653AA6.d.C315B38F863F8DE3417E5D2EE12E39CB.e.4548"}]}
COMMAND: GET /session/9771be729de2b5cad7e8c50aeccc09f8/screenshot - {}
RESULT: {}
]]></system-out>
    </testcase>
    <testcase classname="chrome.136_0_7103_49.windows.Prerequisites_&amp;_test_for_yard_mass_return_on_Yard_Overview_US131057" name="Prereq Should add created material to contract" time="58.835">
      <system-out><![CDATA[
COMMAND: POST /session/9771be729de2b5cad7e8c50aeccc09f8/element - {"using":"xpath","value":"//button[@data-kt=\"contractDetailEditBtnButton\"]"}
RESULT: {"using":"xpath","value":"//button[@data-kt=\"contractDetailEditBtnButton\"]"}
COMMAND: POST /session/9771be729de2b5cad7e8c50aeccc09f8/element/f.FA016163B118C5F4EE8F7E46F9653AA6.d.C315B38F863F8DE3417E5D2EE12E39CB.e.4550/click - {}
RESULT: {}
COMMAND: GET /session/9771be729de2b5cad7e8c50aeccc09f8/screenshot - {}
RESULT: {}
COMMAND: POST /session/9771be729de2b5cad7e8c50aeccc09f8/element - {"using":"xpath","value":"(//span[contains(text(), \"Additional Addresses\")])[2]"}
RESULT: {"using":"xpath","value":"(//span[contains(text(), \"Additional Addresses\")])[2]"}
COMMAND: POST /session/9771be729de2b5cad7e8c50aeccc09f8/element/f.FA016163B118C5F4EE8F7E46F9653AA6.d.C315B38F863F8DE3417E5D2EE12E39CB.e.4605/click - {}
RESULT: {}
COMMAND: GET /session/9771be729de2b5cad7e8c50aeccc09f8/screenshot - {}
RESULT: {}
COMMAND: POST /session/9771be729de2b5cad7e8c50aeccc09f8/element - {"using":"xpath","value":"//button[@data-kt=\"btnAddTableRowOverflowToolbarButton\"]"}
RESULT: {"using":"xpath","value":"//button[@data-kt=\"btnAddTableRowOverflowToolbarButton\"]"}
COMMAND: POST /session/9771be729de2b5cad7e8c50aeccc09f8/element/f.FA016163B118C5F4EE8F7E46F9653AA6.d.C315B38F863F8DE3417E5D2EE12E39CB.e.4609/click - {}
RESULT: {}
COMMAND: GET /session/9771be729de2b5cad7e8c50aeccc09f8/screenshot - {}
RESULT: {}
COMMAND: POST /session/9771be729de2b5cad7e8c50aeccc09f8/element - {"using":"xpath","value":"//div[(text() = 'Standard Entry' or . = 'Standard Entry')]"}
RESULT: {"using":"xpath","value":"//div[(text() = 'Standard Entry' or . = 'Standard Entry')]"}
COMMAND: POST /session/9771be729de2b5cad7e8c50aeccc09f8/element/f.FA016163B118C5F4EE8F7E46F9653AA6.d.C315B38F863F8DE3417E5D2EE12E39CB.e.4611/click - {}
RESULT: {}
COMMAND: GET /session/9771be729de2b5cad7e8c50aeccc09f8/screenshot - {}
RESULT: {}
COMMAND: POST /session/9771be729de2b5cad7e8c50aeccc09f8/element - {"using":"xpath","value":"//td[6]/div/div/div/span"}
RESULT: {"using":"xpath","value":"//td[6]/div/div/div/span"}
COMMAND: POST /session/9771be729de2b5cad7e8c50aeccc09f8/element/f.FA016163B118C5F4EE8F7E46F9653AA6.d.C315B38F863F8DE3417E5D2EE12E39CB.e.4623/click - {}
RESULT: {}
COMMAND: GET /session/9771be729de2b5cad7e8c50aeccc09f8/screenshot - {}
RESULT: {}
COMMAND: POST /session/9771be729de2b5cad7e8c50aeccc09f8/element - {"using":"xpath","value":"(//span[contains(text(), \"Material\")])"}
RESULT: {"using":"xpath","value":"(//span[contains(text(), \"Material\")])"}
COMMAND: POST /session/9771be729de2b5cad7e8c50aeccc09f8/element/f.FA016163B118C5F4EE8F7E46F9653AA6.d.C315B38F863F8DE3417E5D2EE12E39CB.e.4624/click - {}
RESULT: {}
COMMAND: GET /session/9771be729de2b5cad7e8c50aeccc09f8/screenshot - {}
RESULT: {}
COMMAND: POST /session/9771be729de2b5cad7e8c50aeccc09f8/element - {"using":"xpath","value":"//td[7]/div/div/input"}
RESULT: {"using":"xpath","value":"//td[7]/div/div/input"}
COMMAND: POST /session/9771be729de2b5cad7e8c50aeccc09f8/element/f.FA016163B118C5F4EE8F7E46F9653AA6.d.C315B38F863F8DE3417E5D2EE12E39CB.e.4628/clear - {}
RESULT: {}
COMMAND: POST /session/9771be729de2b5cad7e8c50aeccc09f8/element/f.FA016163B118C5F4EE8F7E46F9653AA6.d.C315B38F863F8DE3417E5D2EE12E39CB.e.4628/value - {"text":"200388"}
COMMAND: GET /session/9771be729de2b5cad7e8c50aeccc09f8/screenshot - {}
RESULT: {"text":"200388"}
COMMAND: GET /session/9771be729de2b5cad7e8c50aeccc09f8/screenshot - {}
RESULT: {}
RESULT: {}
COMMAND: POST /session/9771be729de2b5cad7e8c50aeccc09f8/actions - {"actions":[{"id":"action13","type":"key","parameters":{},"actions":[{"type":"keyDown","value":"î€‡"},{"type":"pause","duration":10},{"type":"keyUp","value":"î€‡"}]}]}
RESULT: {"actions":[{"id":"action13","type":"key","parameters":{},"actions":[{"type":"keyDown","value":"î€‡"},{"type":"pause","duration":10},{"type":"keyUp","value":"î€‡"}]}]}
COMMAND: GET /session/9771be729de2b5cad7e8c50aeccc09f8/screenshot - {}
RESULT: {}
COMMAND: POST /session/9771be729de2b5cad7e8c50aeccc09f8/execute/sync - {"script":"<script> [276 bytes]","args":["No pricing information was found"]}
RESULT: {"script":"<script> [276 bytes]","args":["No pricing information was found"]}
COMMAND: POST /session/9771be729de2b5cad7e8c50aeccc09f8/element - {"using":"xpath","value":"//bdi[contains(text(), \"OK\")]"}
COMMAND: GET /session/9771be729de2b5cad7e8c50aeccc09f8/screenshot - {}
RESULT: {"using":"xpath","value":"//bdi[contains(text(), \"OK\")]"}
COMMAND: POST /session/9771be729de2b5cad7e8c50aeccc09f8/element/f.FA016163B118C5F4EE8F7E46F9653AA6.d.C315B38F863F8DE3417E5D2EE12E39CB.e.4654/click - {}
RESULT: {}
RESULT: {}
COMMAND: GET /session/9771be729de2b5cad7e8c50aeccc09f8/screenshot - {}
RESULT: {}
COMMAND: POST /session/9771be729de2b5cad7e8c50aeccc09f8/element - {"using":"xpath","value":"(//button[@data-kt=\"saveButton\"])[2]"}
RESULT: {"using":"xpath","value":"(//button[@data-kt=\"saveButton\"])[2]"}
COMMAND: POST /session/9771be729de2b5cad7e8c50aeccc09f8/element/f.FA016163B118C5F4EE8F7E46F9653AA6.d.C315B38F863F8DE3417E5D2EE12E39CB.e.4655/click - {}
RESULT: {}
COMMAND: GET /session/9771be729de2b5cad7e8c50aeccc09f8/screenshot - {}
RESULT: {}
COMMAND: POST /session/9771be729de2b5cad7e8c50aeccc09f8/execute/sync - {"script":"<script> [276 bytes]","args":["Some contract items are having rental validity exceeding header rental validity"]}
RESULT: {"script":"<script> [276 bytes]","args":["Some contract items are having rental validity exceeding header rental validity"]}
COMMAND: GET /session/9771be729de2b5cad7e8c50aeccc09f8/screenshot - {}
RESULT: {}
COMMAND: POST /session/9771be729de2b5cad7e8c50aeccc09f8/element - {"using":"xpath","value":"//span[contains(@id ,\"contractItemsSmartTable-header-inner\")]"}
RESULT: {"using":"xpath","value":"//span[contains(@id ,\"contractItemsSmartTable-header-inner\")]"}
COMMAND: POST /session/9771be729de2b5cad7e8c50aeccc09f8/elements - {"using":"xpath","value":"//span[contains(@id ,\"contractItemsSmartTable-header-inner\")]"}
RESULT: {"using":"xpath","value":"//span[contains(@id ,\"contractItemsSmartTable-header-inner\")]"}
COMMAND: POST /session/9771be729de2b5cad7e8c50aeccc09f8/execute/sync - {"script":"<script> [56 bytes]","args":[{"element-6066-11e4-a52e-4f735466cecf":"f.FA016163B118C5F4EE8F7E46F9653AA6.d.C315B38F863F8DE3417E5D2EE12E39CB.e.4660","ELEMENT":"f.FA016163B118C5F4EE8F7E46F9653AA6.d.C315B38F863F8DE3417E5D2EE12E39CB.e.4660"}]}
RESULT: {"script":"<script> [56 bytes]","args":[{"element-6066-11e4-a52e-4f735466cecf":"f.FA016163B118C5F4EE8F7E46F9653AA6.d.C315B38F863F8DE3417E5D2EE12E39CB.e.4660","ELEMENT":"f.FA016163B118C5F4EE8F7E46F9653AA6.d.C315B38F863F8DE3417E5D2EE12E39CB.e.4660"}]}
COMMAND: GET /session/9771be729de2b5cad7e8c50aeccc09f8/screenshot - {}
]]></system-out>
    </testcase>
    <testcase classname="chrome.136_0_7103_49.windows.Prerequisites_&amp;_test_for_yard_mass_return_on_Yard_Overview_US131057" name="Prerq Should do a provide to site handover" time="56.347">
      <system-out><![CDATA[
COMMAND: POST /session/9771be729de2b5cad7e8c50aeccc09f8/element - {"using":"xpath","value":"//button[@data-kt=\"provideButton\"]"}
RESULT: {"using":"xpath","value":"//button[@data-kt=\"provideButton\"]"}
COMMAND: POST /session/9771be729de2b5cad7e8c50aeccc09f8/element/f.FA016163B118C5F4EE8F7E46F9653AA6.d.C315B38F863F8DE3417E5D2EE12E39CB.e.4661/click - {}
RESULT: {}
RESULT: {}
COMMAND: GET /session/9771be729de2b5cad7e8c50aeccc09f8/screenshot - {}
RESULT: undefined
COMMAND: POST /session/9771be729de2b5cad7e8c50aeccc09f8/execute/async - {"script":"<script> [6424 bytes]","args":[{"element-6066-11e4-a52e-4f735466cecf":"f.FA016163B118C5F4EE8F7E46F9653AA6.d.C315B38F863F8DE3417E5D2EE12E39CB.e.3665"},"setValue",["05/08/2025"]]}
RESULT: {}
COMMAND: POST /session/9771be729de2b5cad7e8c50aeccc09f8/execute/async - {"script":"<script> [1562 bytes]","args":[{"selector":{"id":"application-managehandovers-display-component---AddNewHO--dueDate","interaction":{"idSuffix":"inner"}},"wdio_ui5_key":"applicationmanagehandovers-display-component---AddNewHO--dueDate"}]}
RESULT: {"script":"<script> [1562 bytes]","args":[{"selector":{"id":"application-managehandovers-display-component---AddNewHO--dueDate","interaction":{"idSuffix":"inner"}},"wdio_ui5_key":"applicationmanagehandovers-display-component---AddNewHO--dueDate"}]}
COMMAND: POST /session/9771be729de2b5cad7e8c50aeccc09f8/execute/async - {"script":"<script> [6424 bytes]","args":[{"element-6066-11e4-a52e-4f735466cecf":"f.FA016163B118C5F4EE8F7E46F9653AA6.d.C315B38F863F8DE3417E5D2EE12E39CB.e.4718"},"setValue",["05/08/2025"]]}
RESULT: {"script":"<script> [6424 bytes]","args":[{"element-6066-11e4-a52e-4f735466cecf":"f.FA016163B118C5F4EE8F7E46F9653AA6.d.C315B38F863F8DE3417E5D2EE12E39CB.e.4718"},"setValue",["05/08/2025"]]}
COMMAND: POST /session/9771be729de2b5cad7e8c50aeccc09f8/element - {"using":"xpath","value":"//bdi[contains(text(), \"Instructions\")]"}
RESULT: {"using":"xpath","value":"//bdi[contains(text(), \"Instructions\")]"}
COMMAND: POST /session/9771be729de2b5cad7e8c50aeccc09f8/element/f.FA016163B118C5F4EE8F7E46F9653AA6.d.C315B38F863F8DE3417E5D2EE12E39CB.e.4976/click - {}
RESULT: {}
COMMAND: GET /session/9771be729de2b5cad7e8c50aeccc09f8/screenshot - {}
RESULT: {}
COMMAND: POST /session/9771be729de2b5cad7e8c50aeccc09f8/element - {"using":"xpath","value":"//button[@data-kt=\"AddNewHOProvideAddItemsButton\"]"}
RESULT: {"using":"xpath","value":"//button[@data-kt=\"AddNewHOProvideAddItemsButton\"]"}
COMMAND: POST /session/9771be729de2b5cad7e8c50aeccc09f8/element/f.FA016163B118C5F4EE8F7E46F9653AA6.d.C315B38F863F8DE3417E5D2EE12E39CB.e.4980/click - {}
RESULT: {}
COMMAND: GET /session/9771be729de2b5cad7e8c50aeccc09f8/screenshot - {}
RESULT: {}
RESULT: undefined
COMMAND: POST /session/9771be729de2b5cad7e8c50aeccc09f8/element - {"using":"xpath","value":"//*[@id=\"application-managehandovers-display-component---AddNewHO--popup-sa\"]"}
RESULT: {"using":"xpath","value":"//*[@id=\"application-managehandovers-display-component---AddNewHO--popup-sa\"]"}
COMMAND: POST /session/9771be729de2b5cad7e8c50aeccc09f8/element/f.FA016163B118C5F4EE8F7E46F9653AA6.d.C315B38F863F8DE3417E5D2EE12E39CB.e.4990/click - {}
RESULT: {}
COMMAND: GET /session/9771be729de2b5cad7e8c50aeccc09f8/screenshot - {}
RESULT: {}
COMMAND: POST /session/9771be729de2b5cad7e8c50aeccc09f8/element - {"using":"xpath","value":"//*[contains(@id ,\"BDI-content\")][contains(text(), \"Select\")]"}
RESULT: {"using":"xpath","value":"//*[contains(@id ,\"BDI-content\")][contains(text(), \"Select\")]"}
COMMAND: POST /session/9771be729de2b5cad7e8c50aeccc09f8/element/f.FA016163B118C5F4EE8F7E46F9653AA6.d.C315B38F863F8DE3417E5D2EE12E39CB.e.4991/click - {}
RESULT: {}
COMMAND: GET /session/9771be729de2b5cad7e8c50aeccc09f8/screenshot - {}
RESULT: {}
COMMAND: POST /session/9771be729de2b5cad7e8c50aeccc09f8/execute/async - {"script":"<script> [1562 bytes]","args":[{"selector":{"id":"application-managehandovers-display-component---AddNewHO--confirmCreationButton","interaction":{"idSuffix":"BDI-content"}},"wdio_ui5_key":"applicationmanagehandovers-display-component---AddNewHO--confirmCreationButton"}]}
RESULT: {"script":"<script> [1562 bytes]","args":[{"selector":{"id":"application-managehandovers-display-component---AddNewHO--confirmCreationButton","interaction":{"idSuffix":"BDI-content"}},"wdio_ui5_key":"applicationmanagehandovers-display-component---AddNewHO--confirmCreationButton"}]}
RESULT: undefined
COMMAND: POST /session/9771be729de2b5cad7e8c50aeccc09f8/element - {"using":"xpath","value":"//*[@id=\"application-managehandovers-display-component---AddNewHO--confirmCreationButton\"]"}
RESULT: {"using":"xpath","value":"//*[@id=\"application-managehandovers-display-component---AddNewHO--confirmCreationButton\"]"}
COMMAND: POST /session/9771be729de2b5cad7e8c50aeccc09f8/element/f.FA016163B118C5F4EE8F7E46F9653AA6.d.C315B38F863F8DE3417E5D2EE12E39CB.e.4785/click - {}
RESULT: {}
COMMAND: GET /session/9771be729de2b5cad7e8c50aeccc09f8/screenshot - {}
RESULT: {}
COMMAND: POST /session/9771be729de2b5cad7e8c50aeccc09f8/element - {"using":"xpath","value":"//button[@data-kt=\"PickingTableConfirmAllButton\"]"}
RESULT: {"using":"xpath","value":"//button[@data-kt=\"PickingTableConfirmAllButton\"]"}
COMMAND: POST /session/9771be729de2b5cad7e8c50aeccc09f8/elements - {"using":"xpath","value":"//button[@data-kt=\"PickingTableConfirmAllButton\"]"}
RESULT: {"using":"xpath","value":"//button[@data-kt=\"PickingTableConfirmAllButton\"]"}
COMMAND: POST /session/9771be729de2b5cad7e8c50aeccc09f8/elements - {"using":"xpath","value":"//button[@data-kt=\"PickingTableConfirmAllButton\"]"}
RESULT: {"using":"xpath","value":"//button[@data-kt=\"PickingTableConfirmAllButton\"]"}
COMMAND: POST /session/9771be729de2b5cad7e8c50aeccc09f8/elements - {"using":"xpath","value":"//button[@data-kt=\"PickingTableConfirmAllButton\"]"}
RESULT: {"using":"xpath","value":"//button[@data-kt=\"PickingTableConfirmAllButton\"]"}
COMMAND: POST /session/9771be729de2b5cad7e8c50aeccc09f8/element - {"using":"xpath","value":"//button[@data-kt=\"PickingTableConfirmAllButton\"]"}
RESULT: {"using":"xpath","value":"//button[@data-kt=\"PickingTableConfirmAllButton\"]"}
COMMAND: POST /session/9771be729de2b5cad7e8c50aeccc09f8/element/f.FA016163B118C5F4EE8F7E46F9653AA6.d.C315B38F863F8DE3417E5D2EE12E39CB.e.5038/click - {}
RESULT: {}
COMMAND: GET /session/9771be729de2b5cad7e8c50aeccc09f8/screenshot - {}
RESULT: {}
COMMAND: POST /session/9771be729de2b5cad7e8c50aeccc09f8/element - {"using":"xpath","value":"//bdi[contains(text(), \"OK\")]"}
RESULT: {"using":"xpath","value":"//bdi[contains(text(), \"OK\")]"}
COMMAND: POST /session/9771be729de2b5cad7e8c50aeccc09f8/element/f.FA016163B118C5F4EE8F7E46F9653AA6.d.C315B38F863F8DE3417E5D2EE12E39CB.e.5047/click - {}
RESULT: {}
COMMAND: GET /session/9771be729de2b5cad7e8c50aeccc09f8/screenshot - {}
RESULT: {}
COMMAND: POST /session/9771be729de2b5cad7e8c50aeccc09f8/element - {"using":"xpath","value":"//bdi[contains(text(), \"Issue\")]"}
RESULT: {"using":"xpath","value":"//bdi[contains(text(), \"Issue\")]"}
COMMAND: POST /session/9771be729de2b5cad7e8c50aeccc09f8/element/f.FA016163B118C5F4EE8F7E46F9653AA6.d.C315B38F863F8DE3417E5D2EE12E39CB.e.5049/click - {}
RESULT: {}
COMMAND: GET /session/9771be729de2b5cad7e8c50aeccc09f8/screenshot - {}
RESULT: {}
COMMAND: POST /session/9771be729de2b5cad7e8c50aeccc09f8/element - {"using":"css selector","value":"#shell-header-logo"}
RESULT: {"using":"css selector","value":"#shell-header-logo"}
COMMAND: POST /session/9771be729de2b5cad7e8c50aeccc09f8/element/f.FA016163B118C5F4EE8F7E46F9653AA6.d.C315B38F863F8DE3417E5D2EE12E39CB.e.4080/click - {}
RESULT: {}
COMMAND: GET /session/9771be729de2b5cad7e8c50aeccc09f8/screenshot - {}
RESULT: {}
]]></system-out>
    </testcase>
    <testcase classname="chrome.136_0_7103_49.windows.Prerequisites_&amp;_test_for_yard_mass_return_on_Yard_Overview_US131057" name="Should do mass return on Yard Overview US131057" time="55.535">
      <system-out><![CDATA[
COMMAND: POST /session/9771be729de2b5cad7e8c50aeccc09f8/execute/async - {"script":"<script> [1562 bytes]","args":[{"selector":{"controlType":"sap.m.GenericTile","properties":{"header":"Yard Overview"}},"wdio_ui5_key":"sapm.GenericTile{\"header\":\"Yard Overview\"}"}]}
RESULT: {"script":"<script> [1562 bytes]","args":[{"selector":{"controlType":"sap.m.GenericTile","properties":{"header":"Yard Overview"}},"wdio_ui5_key":"sapm.GenericTile{\"header\":\"Yard Overview\"}"}]}
RESULT: undefined
COMMAND: POST /session/9771be729de2b5cad7e8c50aeccc09f8/element - {"using":"xpath","value":"//*[@id=\"__tile102\"]"}
RESULT: {"using":"xpath","value":"//*[@id=\"__tile102\"]"}
COMMAND: POST /session/9771be729de2b5cad7e8c50aeccc09f8/element/f.FA016163B118C5F4EE8F7E46F9653AA6.d.C315B38F863F8DE3417E5D2EE12E39CB.e.5338/click - {}
RESULT: {}
COMMAND: GET /session/9771be729de2b5cad7e8c50aeccc09f8/screenshot - {}
RESULT: {}
COMMAND: POST /session/9771be729de2b5cad7e8c50aeccc09f8/element - {"using":"xpath","value":"//input[contains(@id,\"application-yardoverview-display-component---masterYardInventory--smartFilterBar-btnBasicSearch-I\")]"}
RESULT: {"using":"xpath","value":"//input[contains(@id,\"application-yardoverview-display-component---masterYardInventory--smartFilterBar-btnBasicSearch-I\")]"}
COMMAND: POST /session/9771be729de2b5cad7e8c50aeccc09f8/elements - {"using":"xpath","value":"//input[contains(@id,\"application-yardoverview-display-component---masterYardInventory--smartFilterBar-btnBasicSearch-I\")]"}
RESULT: {"using":"xpath","value":"//input[contains(@id,\"application-yardoverview-display-component---masterYardInventory--smartFilterBar-btnBasicSearch-I\")]"}
COMMAND: POST /session/9771be729de2b5cad7e8c50aeccc09f8/execute/sync - {"script":"<script> [8489 bytes]","args":[{"element-6066-11e4-a52e-4f735466cecf":"f.FA016163B118C5F4EE8F7E46F9653AA6.d.C315B38F863F8DE3417E5D2EE12E39CB.e.5360","ELEMENT":"f.FA016163B118C5F4EE8F7E46F9653AA6.d.C315B38F863F8DE3417E5D2EE12E39CB.e.5360"}]}
RESULT: {"script":"<script> [8489 bytes]","args":[{"element-6066-11e4-a52e-4f735466cecf":"f.FA016163B118C5F4EE8F7E46F9653AA6.d.C315B38F863F8DE3417E5D2EE12E39CB.e.5360","ELEMENT":"f.FA016163B118C5F4EE8F7E46F9653AA6.d.C315B38F863F8DE3417E5D2EE12E39CB.e.5360"}]}
COMMAND: GET /session/9771be729de2b5cad7e8c50aeccc09f8/element/f.FA016163B118C5F4EE8F7E46F9653AA6.d.C315B38F863F8DE3417E5D2EE12E39CB.e.5360/enabled - {}
COMMAND: GET /session/9771be729de2b5cad7e8c50aeccc09f8/screenshot - {}
RESULT: {}
COMMAND: POST /session/9771be729de2b5cad7e8c50aeccc09f8/execute/sync - {"script":"<script> [8489 bytes]","args":[{"element-6066-11e4-a52e-4f735466cecf":"f.FA016163B118C5F4EE8F7E46F9653AA6.d.C315B38F863F8DE3417E5D2EE12E39CB.e.5360","ELEMENT":"f.FA016163B118C5F4EE8F7E46F9653AA6.d.C315B38F863F8DE3417E5D2EE12E39CB.e.5360"}]}
COMMAND: GET /session/9771be729de2b5cad7e8c50aeccc09f8/screenshot - {}
RESULT: {}
RESULT: {}
RESULT: {"script":"<script> [8489 bytes]","args":[{"element-6066-11e4-a52e-4f735466cecf":"f.FA016163B118C5F4EE8F7E46F9653AA6.d.C315B38F863F8DE3417E5D2EE12E39CB.e.5360","ELEMENT":"f.FA016163B118C5F4EE8F7E46F9653AA6.d.C315B38F863F8DE3417E5D2EE12E39CB.e.5360"}]}
COMMAND: POST /session/9771be729de2b5cad7e8c50aeccc09f8/execute/sync - {"script":"<script> [5351 bytes]","args":[{"element-6066-11e4-a52e-4f735466cecf":"f.FA016163B118C5F4EE8F7E46F9653AA6.d.C315B38F863F8DE3417E5D2EE12E39CB.e.5360","ELEMENT":"f.FA016163B118C5F4EE8F7E46F9653AA6.d.C315B38F863F8DE3417E5D2EE12E39CB.e.5360"}]}
COMMAND: GET /session/9771be729de2b5cad7e8c50aeccc09f8/screenshot - {}
RESULT: {"script":"<script> [5351 bytes]","args":[{"element-6066-11e4-a52e-4f735466cecf":"f.FA016163B118C5F4EE8F7E46F9653AA6.d.C315B38F863F8DE3417E5D2EE12E39CB.e.5360","ELEMENT":"f.FA016163B118C5F4EE8F7E46F9653AA6.d.C315B38F863F8DE3417E5D2EE12E39CB.e.5360"}]}
COMMAND: GET /session/9771be729de2b5cad7e8c50aeccc09f8/screenshot - {}
RESULT: {}
RESULT: {}
COMMAND: POST /session/9771be729de2b5cad7e8c50aeccc09f8/execute/async - {"script":"<script> [1562 bytes]","args":[{"selector":{"id":"application-yardoverview-display-component---masterYardInventory--smartFilterBar-btnBasicSearch","interaction":{"idSuffix":"I"}},"wdio_ui5_key":"applicationyardoverview-display-component---masterYardInventory--smartFilterBar-btnBasicSearch"}]}
RESULT: {"script":"<script> [1562 bytes]","args":[{"selector":{"id":"application-yardoverview-display-component---masterYardInventory--smartFilterBar-btnBasicSearch","interaction":{"idSuffix":"I"}},"wdio_ui5_key":"applicationyardoverview-display-component---masterYardInventory--smartFilterBar-btnBasicSearch"}]}
RESULT: undefined
COMMAND: POST /session/9771be729de2b5cad7e8c50aeccc09f8/execute/async - {"script":"<script> [776 bytes]","args":[{"enterText":"688","selector":{"id":"application-yardoverview-display-component---masterYardInventory--smartFilterBar-btnBasicSearch","interaction":{"idSuffix":"I"}},"clearTextFirst":true,"interactionType":"ENTER_TEXT"}]}
RESULT: {"script":"<script> [776 bytes]","args":[{"enterText":"688","selector":{"id":"application-yardoverview-display-component---masterYardInventory--smartFilterBar-btnBasicSearch","interaction":{"idSuffix":"I"}},"clearTextFirst":true,"interactionType":"ENTER_TEXT"}]}
COMMAND: POST /session/9771be729de2b5cad7e8c50aeccc09f8/actions - {"actions":[{"id":"action14","type":"key","parameters":{},"actions":[{"type":"keyDown","value":"î€‡"},{"type":"pause","duration":10},{"type":"keyUp","value":"î€‡"}]}]}
RESULT: {"actions":[{"id":"action14","type":"key","parameters":{},"actions":[{"type":"keyDown","value":"î€‡"},{"type":"pause","duration":10},{"type":"keyUp","value":"î€‡"}]}]}
COMMAND: GET /session/9771be729de2b5cad7e8c50aeccc09f8/screenshot - {}
RESULT: {}
COMMAND: POST /session/9771be729de2b5cad7e8c50aeccc09f8/element - {"using":"xpath","value":"(//span[contains(@id, \"imgNav\")])[1]"}
RESULT: {"using":"xpath","value":"(//span[contains(@id, \"imgNav\")])[1]"}
COMMAND: POST /session/9771be729de2b5cad7e8c50aeccc09f8/element/f.FA016163B118C5F4EE8F7E46F9653AA6.d.C315B38F863F8DE3417E5D2EE12E39CB.e.5413/click - {}
RESULT: {}
COMMAND: GET /session/9771be729de2b5cad7e8c50aeccc09f8/screenshot - {}
RESULT: {}
COMMAND: POST /session/9771be729de2b5cad7e8c50aeccc09f8/execute/async - {"script":"<script> [1562 bytes]","args":[{"selector":{"id":"application-yardoverview-display-component---detailYardInventory--ObjectPageLayout-anchBar-application-yardoverview-display-component---detailYardInventory--openReturnsSection-anchor","interaction":{"idSuffix":"BDI-content"}},"wdio_ui5_key":"applicationyardoverview-display-component---detailYardInventory--ObjectPageLayout-anchBar-application-yardoverview-display-component---detailYardInventory--openReturnsSection-anchor"}]}
RESULT: {"script":"<script> [1562 bytes]","args":[{"selector":{"id":"application-yardoverview-display-component---detailYardInventory--ObjectPageLayout-anchBar-application-yardoverview-display-component---detailYardInventory--openReturnsSection-anchor","interaction":{"idSuffix":"BDI-content"}},"wdio_ui5_key":"applicationyardoverview-display-component---detailYardInventory--ObjectPageLayout-anchBar-application-yardoverview-display-component---detailYardInventory--openReturnsSection-anchor"}]}
RESULT: undefined
COMMAND: POST /session/9771be729de2b5cad7e8c50aeccc09f8/element - {"using":"xpath","value":"//*[@id=\"application-yardoverview-display-component---detailYardInventory--ObjectPageLayout-anchBar-application-yardoverview-display-component---detailYardInventory--openReturnsSection-anchor\"]"}
RESULT: {"using":"xpath","value":"//*[@id=\"application-yardoverview-display-component---detailYardInventory--ObjectPageLayout-anchBar-application-yardoverview-display-component---detailYardInventory--openReturnsSection-anchor\"]"}
COMMAND: POST /session/9771be729de2b5cad7e8c50aeccc09f8/element/f.FA016163B118C5F4EE8F7E46F9653AA6.d.C315B38F863F8DE3417E5D2EE12E39CB.e.5489/click - {}
RESULT: {}
COMMAND: GET /session/9771be729de2b5cad7e8c50aeccc09f8/screenshot - {}
RESULT: {}
COMMAND: POST /session/9771be729de2b5cad7e8c50aeccc09f8/execute/async - {"script":"<script> [1562 bytes]","args":[{"selector":{"id":"application-yardoverview-display-component---detailYardInventory--openReturns-triggerAction-returnBtn","interaction":{"idSuffix":"BDI-content"}},"wdio_ui5_key":"applicationyardoverview-display-component---detailYardInventory--openReturns-triggerAction-returnBtn"}]}
RESULT: {"script":"<script> [1562 bytes]","args":[{"selector":{"id":"application-yardoverview-display-component---detailYardInventory--openReturns-triggerAction-returnBtn","interaction":{"idSuffix":"BDI-content"}},"wdio_ui5_key":"applicationyardoverview-display-component---detailYardInventory--openReturns-triggerAction-returnBtn"}]}
RESULT: undefined
COMMAND: POST /session/9771be729de2b5cad7e8c50aeccc09f8/element - {"using":"xpath","value":"//*[@id=\"application-yardoverview-display-component---detailYardInventory--openReturns-triggerAction-returnBtn\"]"}
RESULT: {"using":"xpath","value":"//*[@id=\"application-yardoverview-display-component---detailYardInventory--openReturns-triggerAction-returnBtn\"]"}
COMMAND: POST /session/9771be729de2b5cad7e8c50aeccc09f8/element/f.FA016163B118C5F4EE8F7E46F9653AA6.d.C315B38F863F8DE3417E5D2EE12E39CB.e.5512/click - {}
RESULT: {}
COMMAND: GET /session/9771be729de2b5cad7e8c50aeccc09f8/screenshot - {}
RESULT: {}
COMMAND: POST /session/9771be729de2b5cad7e8c50aeccc09f8/element - {"using":"xpath","value":"//div[@id=\"application-yardoverview-display-component---detailYardInventory--customReturnsTable-sa-CbBg\"]"}
RESULT: {"using":"xpath","value":"//div[@id=\"application-yardoverview-display-component---detailYardInventory--customReturnsTable-sa-CbBg\"]"}
COMMAND: POST /session/9771be729de2b5cad7e8c50aeccc09f8/execute/sync - {"script":"<script> [8489 bytes]","args":[{"element-6066-11e4-a52e-4f735466cecf":"f.FA016163B118C5F4EE8F7E46F9653AA6.d.C315B38F863F8DE3417E5D2EE12E39CB.e.5530","ELEMENT":"f.FA016163B118C5F4EE8F7E46F9653AA6.d.C315B38F863F8DE3417E5D2EE12E39CB.e.5530"}]}
RESULT: {"script":"<script> [8489 bytes]","args":[{"element-6066-11e4-a52e-4f735466cecf":"f.FA016163B118C5F4EE8F7E46F9653AA6.d.C315B38F863F8DE3417E5D2EE12E39CB.e.5530","ELEMENT":"f.FA016163B118C5F4EE8F7E46F9653AA6.d.C315B38F863F8DE3417E5D2EE12E39CB.e.5530"}]}
COMMAND: POST /session/9771be729de2b5cad7e8c50aeccc09f8/execute/sync - {"script":"<script> [5351 bytes]","args":[{"element-6066-11e4-a52e-4f735466cecf":"f.FA016163B118C5F4EE8F7E46F9653AA6.d.C315B38F863F8DE3417E5D2EE12E39CB.e.5530","ELEMENT":"f.FA016163B118C5F4EE8F7E46F9653AA6.d.C315B38F863F8DE3417E5D2EE12E39CB.e.5530"}]}
COMMAND: GET /session/9771be729de2b5cad7e8c50aeccc09f8/screenshot - {}
RESULT: {"script":"<script> [5351 bytes]","args":[{"element-6066-11e4-a52e-4f735466cecf":"f.FA016163B118C5F4EE8F7E46F9653AA6.d.C315B38F863F8DE3417E5D2EE12E39CB.e.5530","ELEMENT":"f.FA016163B118C5F4EE8F7E46F9653AA6.d.C315B38F863F8DE3417E5D2EE12E39CB.e.5530"}]}
COMMAND: POST /session/9771be729de2b5cad7e8c50aeccc09f8/element/f.FA016163B118C5F4EE8F7E46F9653AA6.d.C315B38F863F8DE3417E5D2EE12E39CB.e.5530/click - {}
COMMAND: GET /session/9771be729de2b5cad7e8c50aeccc09f8/screenshot - {}
RESULT: {}
RESULT: {}
COMMAND: GET /session/9771be729de2b5cad7e8c50aeccc09f8/screenshot - {}
RESULT: {}
RESULT: {}
COMMAND: POST /session/9771be729de2b5cad7e8c50aeccc09f8/actions - {"actions":[{"id":"action15","type":"key","parameters":{},"actions":[{"type":"keyDown","value":"î€‡"},{"type":"pause","duration":10},{"type":"keyUp","value":"î€‡"}]}]}
RESULT: {"actions":[{"id":"action15","type":"key","parameters":{},"actions":[{"type":"keyDown","value":"î€‡"},{"type":"pause","duration":10},{"type":"keyUp","value":"î€‡"}]}]}
COMMAND: POST /session/9771be729de2b5cad7e8c50aeccc09f8/element - {"using":"xpath","value":"//bdi[text()=\"Return\"]"}
COMMAND: GET /session/9771be729de2b5cad7e8c50aeccc09f8/screenshot - {}
RESULT: {"using":"xpath","value":"//bdi[text()=\"Return\"]"}
COMMAND: POST /session/9771be729de2b5cad7e8c50aeccc09f8/execute/sync - {"script":"<script> [8489 bytes]","args":[{"element-6066-11e4-a52e-4f735466cecf":"f.FA016163B118C5F4EE8F7E46F9653AA6.d.C315B38F863F8DE3417E5D2EE12E39CB.e.5511","ELEMENT":"f.FA016163B118C5F4EE8F7E46F9653AA6.d.C315B38F863F8DE3417E5D2EE12E39CB.e.5511"}]}
RESULT: {}
RESULT: {"script":"<script> [8489 bytes]","args":[{"element-6066-11e4-a52e-4f735466cecf":"f.FA016163B118C5F4EE8F7E46F9653AA6.d.C315B38F863F8DE3417E5D2EE12E39CB.e.5511","ELEMENT":"f.FA016163B118C5F4EE8F7E46F9653AA6.d.C315B38F863F8DE3417E5D2EE12E39CB.e.5511"}]}
COMMAND: POST /session/9771be729de2b5cad7e8c50aeccc09f8/execute/sync - {"script":"<script> [5351 bytes]","args":[{"element-6066-11e4-a52e-4f735466cecf":"f.FA016163B118C5F4EE8F7E46F9653AA6.d.C315B38F863F8DE3417E5D2EE12E39CB.e.5511","ELEMENT":"f.FA016163B118C5F4EE8F7E46F9653AA6.d.C315B38F863F8DE3417E5D2EE12E39CB.e.5511"}]}
COMMAND: GET /session/9771be729de2b5cad7e8c50aeccc09f8/screenshot - {}
RESULT: {"script":"<script> [5351 bytes]","args":[{"element-6066-11e4-a52e-4f735466cecf":"f.FA016163B118C5F4EE8F7E46F9653AA6.d.C315B38F863F8DE3417E5D2EE12E39CB.e.5511","ELEMENT":"f.FA016163B118C5F4EE8F7E46F9653AA6.d.C315B38F863F8DE3417E5D2EE12E39CB.e.5511"}]}
COMMAND: POST /session/9771be729de2b5cad7e8c50aeccc09f8/element/f.FA016163B118C5F4EE8F7E46F9653AA6.d.C315B38F863F8DE3417E5D2EE12E39CB.e.5511/click - {}
COMMAND: GET /session/9771be729de2b5cad7e8c50aeccc09f8/screenshot - {}
RESULT: {}
RESULT: {}
COMMAND: POST /session/9771be729de2b5cad7e8c50aeccc09f8/execute/async - {"script":"<script> [1562 bytes]","args":[{"selector":{"controlType":"sap.m.Text","properties":{"text":"Mass Create Handovers process was executed with success!"},"searchOpenDialogs":true},"wdio_ui5_key":"sapm.Text{\"text\":\"Mass Create Handovers process was executed with success!\"}"}]}
COMMAND: GET /session/9771be729de2b5cad7e8c50aeccc09f8/screenshot - {}
RESULT: {}
RESULT: {"script":"<script> [1562 bytes]","args":[{"selector":{"controlType":"sap.m.Text","properties":{"text":"Mass Create Handovers process was executed with success!"},"searchOpenDialogs":true},"wdio_ui5_key":"sapm.Text{\"text\":\"Mass Create Handovers process was executed with success!\"}"}]}
RESULT: undefined
COMMAND: POST /session/9771be729de2b5cad7e8c50aeccc09f8/execute/async - {"script":"<script> [6424 bytes]","args":[{"element-6066-11e4-a52e-4f735466cecf":"f.FA016163B118C5F4EE8F7E46F9653AA6.d.C315B38F863F8DE3417E5D2EE12E39CB.e.5533"},"getText",[]]}
RESULT: {}
RESULT: {"script":"<script> [6424 bytes]","args":[{"element-6066-11e4-a52e-4f735466cecf":"f.FA016163B118C5F4EE8F7E46F9653AA6.d.C315B38F863F8DE3417E5D2EE12E39CB.e.5533"},"getText",[]]}
COMMAND: POST /session/9771be729de2b5cad7e8c50aeccc09f8/execute/async - {"script":"<script> [1562 bytes]","args":[{"selector":{"controlType":"sap.m.Button","properties":{"text":"OK"},"searchOpenDialogs":true,"interaction":{"idSuffix":"BDI-content"}},"wdio_ui5_key":"sapm.Button{\"text\":\"OK\"}"}]}
RESULT: {"script":"<script> [1562 bytes]","args":[{"selector":{"controlType":"sap.m.Button","properties":{"text":"OK"},"searchOpenDialogs":true,"interaction":{"idSuffix":"BDI-content"}},"wdio_ui5_key":"sapm.Button{\"text\":\"OK\"}"}]}
RESULT: undefined
COMMAND: POST /session/9771be729de2b5cad7e8c50aeccc09f8/element - {"using":"xpath","value":"//*[@id=\"__mbox-btn-6\"]"}
RESULT: {"using":"xpath","value":"//*[@id=\"__mbox-btn-6\"]"}
COMMAND: POST /session/9771be729de2b5cad7e8c50aeccc09f8/element/f.FA016163B118C5F4EE8F7E46F9653AA6.d.C315B38F863F8DE3417E5D2EE12E39CB.e.5532/click - {}
RESULT: {}
COMMAND: GET /session/9771be729de2b5cad7e8c50aeccc09f8/screenshot - {}
RESULT: {}
COMMAND: POST /session/9771be729de2b5cad7e8c50aeccc09f8/execute/async - {"script":"<script> [1562 bytes]","args":[{"selector":{"controlType":"sap.m.Text","viewName":"etm.portal.ui.yardoverview.view.Detail","viewId":"application-yardoverview-display-component---detailYardInventory","bindingPath":{"path":"","propertyPath":"STATUS_DESC"}},"wdio_ui5_key":"etmportal.ui.yardoverview.view.Detailsap.m.Text{\"path\":\"\",\"propertyPath\":\"STATUS_DESC\"}"}]}
RESULT: {"script":"<script> [1562 bytes]","args":[{"selector":{"controlType":"sap.m.Text","viewName":"etm.portal.ui.yardoverview.view.Detail","viewId":"application-yardoverview-display-component---detailYardInventory","bindingPath":{"path":"","propertyPath":"STATUS_DESC"}},"wdio_ui5_key":"etmportal.ui.yardoverview.view.Detailsap.m.Text{\"path\":\"\",\"propertyPath\":\"STATUS_DESC\"}"}]}
RESULT: undefined
COMMAND: POST /session/9771be729de2b5cad7e8c50aeccc09f8/execute/async - {"script":"<script> [6424 bytes]","args":[{"element-6066-11e4-a52e-4f735466cecf":"f.FA016163B118C5F4EE8F7E46F9653AA6.d.C315B38F863F8DE3417E5D2EE12E39CB.e.5535"},"getText",[]]}
RESULT: {"script":"<script> [6424 bytes]","args":[{"element-6066-11e4-a52e-4f735466cecf":"f.FA016163B118C5F4EE8F7E46F9653AA6.d.C315B38F863F8DE3417E5D2EE12E39CB.e.5535"},"getText",[]]}
COMMAND: POST /session/9771be729de2b5cad7e8c50aeccc09f8/element - {"using":"css selector","value":"#shell-header-logo"}
RESULT: {"using":"css selector","value":"#shell-header-logo"}
COMMAND: POST /session/9771be729de2b5cad7e8c50aeccc09f8/element/f.FA016163B118C5F4EE8F7E46F9653AA6.d.C315B38F863F8DE3417E5D2EE12E39CB.e.5341/click - {}
RESULT: {}
COMMAND: GET /session/9771be729de2b5cad7e8c50aeccc09f8/screenshot - {}
RESULT: {}
COMMAND: POST /session/9771be729de2b5cad7e8c50aeccc09f8/element - {"using":"css selector","value":"#j_username"}
COMMAND: POST /session/9771be729de2b5cad7e8c50aeccc09f8/url - {"url":"https://qa-testing-00-live-etm-ui.cfapps.eu10-004.hana.ondemand.com/"}
RESULT: {"using":"css selector","value":"#j_username"}
COMMAND: POST /session/9771be729de2b5cad7e8c50aeccc09f8/element - {"using":"css selector","value":"#j_username"}
RESULT: {"url":"https://qa-testing-00-live-etm-ui.cfapps.eu10-004.hana.ondemand.com/"}
RESULT: undefined
COMMAND: GET /session/9771be729de2b5cad7e8c50aeccc09f8/screenshot - {}
RESULT: {"using":"css selector","value":"#j_username"}
COMMAND: POST /session/9771be729de2b5cad7e8c50aeccc09f8/element - {"using":"css selector","value":"#shell-header-logo"}
RESULT: {}
RESULT: {"using":"css selector","value":"#shell-header-logo"}
COMMAND: POST /session/9771be729de2b5cad7e8c50aeccc09f8/execute/sync - {"script":"<script> [8489 bytes]","args":[{"element-6066-11e4-a52e-4f735466cecf":"f.FA016163B118C5F4EE8F7E46F9653AA6.d.D99F882350F49E0E06990B95626FFEF7.e.5615","ELEMENT":"f.FA016163B118C5F4EE8F7E46F9653AA6.d.D99F882350F49E0E06990B95626FFEF7.e.5615"}]}
RESULT: {"script":"<script> [8489 bytes]","args":[{"element-6066-11e4-a52e-4f735466cecf":"f.FA016163B118C5F4EE8F7E46F9653AA6.d.D99F882350F49E0E06990B95626FFEF7.e.5615","ELEMENT":"f.FA016163B118C5F4EE8F7E46F9653AA6.d.D99F882350F49E0E06990B95626FFEF7.e.5615"}]}
COMMAND: POST /session/9771be729de2b5cad7e8c50aeccc09f8/element - {"using":"css selector","value":"#shell-header-logo"}
COMMAND: GET /session/9771be729de2b5cad7e8c50aeccc09f8/screenshot - {}
RESULT: {"using":"css selector","value":"#shell-header-logo"}
COMMAND: POST /session/9771be729de2b5cad7e8c50aeccc09f8/execute/sync - {"script":"<script> [8489 bytes]","args":[{"element-6066-11e4-a52e-4f735466cecf":"f.FA016163B118C5F4EE8F7E46F9653AA6.d.D99F882350F49E0E06990B95626FFEF7.e.5615","ELEMENT":"f.FA016163B118C5F4EE8F7E46F9653AA6.d.D99F882350F49E0E06990B95626FFEF7.e.5615"}]}
RESULT: {}
RESULT: {"script":"<script> [8489 bytes]","args":[{"element-6066-11e4-a52e-4f735466cecf":"f.FA016163B118C5F4EE8F7E46F9653AA6.d.D99F882350F49E0E06990B95626FFEF7.e.5615","ELEMENT":"f.FA016163B118C5F4EE8F7E46F9653AA6.d.D99F882350F49E0E06990B95626FFEF7.e.5615"}]}
COMMAND: POST /session/9771be729de2b5cad7e8c50aeccc09f8/execute/sync - {"script":"<script> [5351 bytes]","args":[{"element-6066-11e4-a52e-4f735466cecf":"f.FA016163B118C5F4EE8F7E46F9653AA6.d.D99F882350F49E0E06990B95626FFEF7.e.5615","ELEMENT":"f.FA016163B118C5F4EE8F7E46F9653AA6.d.D99F882350F49E0E06990B95626FFEF7.e.5615"}]}
COMMAND: GET /session/9771be729de2b5cad7e8c50aeccc09f8/screenshot - {}
RESULT: {"script":"<script> [5351 bytes]","args":[{"element-6066-11e4-a52e-4f735466cecf":"f.FA016163B118C5F4EE8F7E46F9653AA6.d.D99F882350F49E0E06990B95626FFEF7.e.5615","ELEMENT":"f.FA016163B118C5F4EE8F7E46F9653AA6.d.D99F882350F49E0E06990B95626FFEF7.e.5615"}]}
COMMAND: POST /session/9771be729de2b5cad7e8c50aeccc09f8/element - {"using":"css selector","value":"#shell-header-logo"}
COMMAND: GET /session/9771be729de2b5cad7e8c50aeccc09f8/screenshot - {}
RESULT: {}
RESULT: {"using":"css selector","value":"#shell-header-logo"}
COMMAND: POST /session/9771be729de2b5cad7e8c50aeccc09f8/element/f.FA016163B118C5F4EE8F7E46F9653AA6.d.D99F882350F49E0E06990B95626FFEF7.e.5615/click - {}
RESULT: {}
RESULT: {}
COMMAND: GET /session/9771be729de2b5cad7e8c50aeccc09f8/screenshot - {}
RESULT: {}
COMMAND: POST /session/9771be729de2b5cad7e8c50aeccc09f8/execute/async - {"script":"<script> [189 bytes]","args":[]}
RESULT: {"script":"<script> [189 bytes]","args":[]}
COMMAND: POST /session/9771be729de2b5cad7e8c50aeccc09f8/execute/async - {"script":"<script> [123 bytes]","args":[]}
RESULT: {"script":"<script> [123 bytes]","args":[]}
COMMAND: POST /session/9771be729de2b5cad7e8c50aeccc09f8/timeouts - {"script":"<number>"}
RESULT: {"script":"<number>"}
COMMAND: GET /session/9771be729de2b5cad7e8c50aeccc09f8/timeouts - {}
RESULT: {}
RESULT: undefined
COMMAND: POST /session/9771be729de2b5cad7e8c50aeccc09f8/execute/async - {"script":"<script> [2676 bytes]","args":[]}
RESULT: {"script":"<script> [2676 bytes]","args":[]}
COMMAND: POST /session/9771be729de2b5cad7e8c50aeccc09f8/execute/async - {"script":"<script> [2342 bytes]","args":[{"protocol":"http","hostname":"0.0.0.0","path":"/","capabilities":{"browserName":"chrome","goog:chromeOptions":{"binary":"C:\\Program Files\\Google\\Chrome\\Application\\chrome.exe","args":["--start-maximized"]}},"logLevel":"warn","connectionRetryTimeout":120000,"connectionRetryCount":3,"logLevels":{},"enableDirectConnect":true,"strictSSL":true,"_":"65 more keys: [\"cacheDir\",\"port\",\"requestedCapabilities\",\"automationProtocol\",\"baseUrl\",\"waitforInterval\",\"waitforTimeout\",\"onReload\",\"beforeCommand\",\"afterCommand\",\"rootDir\",\"specs\",\"suites\",\"exclude\",\"groupLogsByTestSpec\",\"excludeDriverLogs\",\"bail\",\"framework\",\"reporters\",\"services\",\"maxInstances\",\"maxInstancesPerCapability\",\"injectGlobals\",\"filesToWatch\",\"execArgv\",\"runnerEnv\",\"runner\",\"shard\",\"specFileRetries\",\"specFileRetriesDelay\",\"specFileRetriesDeferred\",\"reporterSyncInterval\",\"reporterSyncTimeout\",\"cucumberFeaturesWithLineNumbers\",\"autoCompileOpts\",\"mochaOpts\",\"jasmineOpts\",\"cucumberOpts\",\"onPrepare\",\"onWorkerStart\",\"onWorkerEnd\",\"before\",\"beforeSession\",\"beforeSuite\",\"beforeHook\",\"beforeTest\",\"afterTest\",\"afterHook\",\"afterSuite\",\"afterSession\",\"after\",\"onComplete\",\"beforeAssertion\",\"afterAssertion\",\"beforeFeature\",\"beforeScenario\",\"beforeStep\",\"afterStep\",\"afterScenario\",\"afterFeature\",\"_\",\"suite\",\"$0\",\"ignoredWorkerServices\",\"wdi5\"]"}]}
RESULT: {"script":"<script> [2342 bytes]","args":[{"protocol":"http","hostname":"0.0.0.0","path":"/","capabilities":{"browserName":"chrome","goog:chromeOptions":{"binary":"C:\\Program Files\\Google\\Chrome\\Application\\chrome.exe","args":["--start-maximized"]}},"logLevel":"warn","connectionRetryTimeout":120000,"connectionRetryCount":3,"logLevels":{},"enableDirectConnect":true,"strictSSL":true,"_":"65 more keys: [\"cacheDir\",\"port\",\"requestedCapabilities\",\"automationProtocol\",\"baseUrl\",\"waitforInterval\",\"waitforTimeout\",\"onReload\",\"beforeCommand\",\"afterCommand\",\"rootDir\",\"specs\",\"suites\",\"exclude\",\"groupLogsByTestSpec\",\"excludeDriverLogs\",\"bail\",\"framework\",\"reporters\",\"services\",\"maxInstances\",\"maxInstancesPerCapability\",\"injectGlobals\",\"filesToWatch\",\"execArgv\",\"runnerEnv\",\"runner\",\"shard\",\"specFileRetries\",\"specFileRetriesDelay\",\"specFileRetriesDeferred\",\"reporterSyncInterval\",\"reporterSyncTimeout\",\"cucumberFeaturesWithLineNumbers\",\"autoCompileOpts\",\"mochaOpts\",\"jasmineOpts\",\"cucumberOpts\",\"onPrepare\",\"onWorkerStart\",\"onWorkerEnd\",\"before\",\"beforeSession\",\"beforeSuite\",\"beforeHook\",\"beforeTest\",\"afterTest\",\"afterHook\",\"afterSuite\",\"afterSession\",\"after\",\"onComplete\",\"beforeAssertion\",\"afterAssertion\",\"beforeFeature\",\"beforeScenario\",\"beforeStep\",\"afterStep\",\"afterScenario\",\"afterFeature\",\"_\",\"suite\",\"$0\",\"ignoredWorkerServices\",\"wdi5\"]"}]}
COMMAND: POST /session/9771be729de2b5cad7e8c50aeccc09f8/execute/async - {"script":"<script> [21126 bytes]","args":[35000]}
RESULT: {"script":"<script> [21126 bytes]","args":[35000]}
COMMAND: POST /session/9771be729de2b5cad7e8c50aeccc09f8/window/maximize - {}
RESULT: {}
COMMAND: POST /session/9771be729de2b5cad7e8c50aeccc09f8/execute/async - {"script":"<script> [1562 bytes]","args":[{"selector":{"id":"shell-header","interaction":{"idSuffix":"icon"}},"wdio_ui5_key":"shellheader"}]}
COMMAND: GET /session/9771be729de2b5cad7e8c50aeccc09f8/screenshot - {}
RESULT: {"script":"<script> [1562 bytes]","args":[{"selector":{"id":"shell-header","interaction":{"idSuffix":"icon"}},"wdio_ui5_key":"shellheader"}]}
RESULT: undefined
COMMAND: POST /session/9771be729de2b5cad7e8c50aeccc09f8/refresh - {}
RESULT: {}
RESULT: {}
COMMAND: GET /session/9771be729de2b5cad7e8c50aeccc09f8/screenshot - {}
RESULT: {}
COMMAND: POST /session/9771be729de2b5cad7e8c50aeccc09f8/refresh - {}
RESULT: {}
COMMAND: GET /session/9771be729de2b5cad7e8c50aeccc09f8/screenshot - {}
RESULT: {}
COMMAND: POST /session/9771be729de2b5cad7e8c50aeccc09f8/window/fullscreen - {}
RESULT: {}
COMMAND: POST /session/9771be729de2b5cad7e8c50aeccc09f8/execute/async - {"script":"<script> [189 bytes]","args":[]}
RESULT: {"script":"<script> [189 bytes]","args":[]}
COMMAND: POST /session/9771be729de2b5cad7e8c50aeccc09f8/execute/async - {"script":"<script> [123 bytes]","args":[]}
RESULT: {"script":"<script> [123 bytes]","args":[]}
COMMAND: POST /session/9771be729de2b5cad7e8c50aeccc09f8/timeouts - {"script":"<number>"}
RESULT: {"script":"<number>"}
COMMAND: GET /session/9771be729de2b5cad7e8c50aeccc09f8/timeouts - {}
RESULT: {}
RESULT: undefined
COMMAND: POST /session/9771be729de2b5cad7e8c50aeccc09f8/execute/async - {"script":"<script> [2676 bytes]","args":[]}
RESULT: {"script":"<script> [2676 bytes]","args":[]}
COMMAND: POST /session/9771be729de2b5cad7e8c50aeccc09f8/execute/async - {"script":"<script> [2342 bytes]","args":[{"protocol":"http","hostname":"0.0.0.0","path":"/","capabilities":{"browserName":"chrome","goog:chromeOptions":{"binary":"C:\\Program Files\\Google\\Chrome\\Application\\chrome.exe","args":["--start-maximized"]}},"logLevel":"warn","connectionRetryTimeout":120000,"connectionRetryCount":3,"logLevels":{},"enableDirectConnect":true,"strictSSL":true,"_":"65 more keys: [\"cacheDir\",\"port\",\"requestedCapabilities\",\"automationProtocol\",\"baseUrl\",\"waitforInterval\",\"waitforTimeout\",\"onReload\",\"beforeCommand\",\"afterCommand\",\"rootDir\",\"specs\",\"suites\",\"exclude\",\"groupLogsByTestSpec\",\"excludeDriverLogs\",\"bail\",\"framework\",\"reporters\",\"services\",\"maxInstances\",\"maxInstancesPerCapability\",\"injectGlobals\",\"filesToWatch\",\"execArgv\",\"runnerEnv\",\"runner\",\"shard\",\"specFileRetries\",\"specFileRetriesDelay\",\"specFileRetriesDeferred\",\"reporterSyncInterval\",\"reporterSyncTimeout\",\"cucumberFeaturesWithLineNumbers\",\"autoCompileOpts\",\"mochaOpts\",\"jasmineOpts\",\"cucumberOpts\",\"onPrepare\",\"onWorkerStart\",\"onWorkerEnd\",\"before\",\"beforeSession\",\"beforeSuite\",\"beforeHook\",\"beforeTest\",\"afterTest\",\"afterHook\",\"afterSuite\",\"afterSession\",\"after\",\"onComplete\",\"beforeAssertion\",\"afterAssertion\",\"beforeFeature\",\"beforeScenario\",\"beforeStep\",\"afterStep\",\"afterScenario\",\"afterFeature\",\"_\",\"suite\",\"$0\",\"ignoredWorkerServices\",\"wdi5\"]"}]}
RESULT: {"script":"<script> [2342 bytes]","args":[{"protocol":"http","hostname":"0.0.0.0","path":"/","capabilities":{"browserName":"chrome","goog:chromeOptions":{"binary":"C:\\Program Files\\Google\\Chrome\\Application\\chrome.exe","args":["--start-maximized"]}},"logLevel":"warn","connectionRetryTimeout":120000,"connectionRetryCount":3,"logLevels":{},"enableDirectConnect":true,"strictSSL":true,"_":"65 more keys: [\"cacheDir\",\"port\",\"requestedCapabilities\",\"automationProtocol\",\"baseUrl\",\"waitforInterval\",\"waitforTimeout\",\"onReload\",\"beforeCommand\",\"afterCommand\",\"rootDir\",\"specs\",\"suites\",\"exclude\",\"groupLogsByTestSpec\",\"excludeDriverLogs\",\"bail\",\"framework\",\"reporters\",\"services\",\"maxInstances\",\"maxInstancesPerCapability\",\"injectGlobals\",\"filesToWatch\",\"execArgv\",\"runnerEnv\",\"runner\",\"shard\",\"specFileRetries\",\"specFileRetriesDelay\",\"specFileRetriesDeferred\",\"reporterSyncInterval\",\"reporterSyncTimeout\",\"cucumberFeaturesWithLineNumbers\",\"autoCompileOpts\",\"mochaOpts\",\"jasmineOpts\",\"cucumberOpts\",\"onPrepare\",\"onWorkerStart\",\"onWorkerEnd\",\"before\",\"beforeSession\",\"beforeSuite\",\"beforeHook\",\"beforeTest\",\"afterTest\",\"afterHook\",\"afterSuite\",\"afterSession\",\"after\",\"onComplete\",\"beforeAssertion\",\"afterAssertion\",\"beforeFeature\",\"beforeScenario\",\"beforeStep\",\"afterStep\",\"afterScenario\",\"afterFeature\",\"_\",\"suite\",\"$0\",\"ignoredWorkerServices\",\"wdi5\"]"}]}
COMMAND: POST /session/9771be729de2b5cad7e8c50aeccc09f8/execute/async - {"script":"<script> [21126 bytes]","args":[35000]}
RESULT: {"script":"<script> [21126 bytes]","args":[35000]}
COMMAND: POST /session/9771be729de2b5cad7e8c50aeccc09f8/window/fullscreen - {}
RESULT: {}
]]></system-out>
    </testcase>
  </testsuite>
  <testsuite timestamp="2025-05-08T05:48:37" time="375.93" tests="6" failures="3" errors="3" skipped="0">
    <properties>
      <property name="specId" value="0" />
      <property name="suiteName" value="Yard Overview Autoplanning US130989" />
      <property name="capabilities" value="chrome.136_0_7103_49.windows" />
      <property name="file" value="file:///D:/a/1/s/test/specs/HTR/yard-overview-autoplanning.spec.js" />
    </properties>
    <testcase classname="chrome.136_0_7103_49.windows.Yard_Overview_Autoplanning_US130989" name="Prereq Should create a new yard used for all following tests" time="0.027">
      <system-out><![CDATA[
COMMAND: POST /session/9771be729de2b5cad7e8c50aeccc09f8/window/fullscreen - {}
RESULT: {}
]]></system-out>
    </testcase>
    <testcase classname="chrome.136_0_7103_49.windows.Yard_Overview_Autoplanning_US130989" name="Prereq Should create a new partner" time="0.004" />
    <testcase classname="chrome.136_0_7103_49.windows.Yard_Overview_Autoplanning_US130989" name="Prereq Should create a new site" time="0.004" />
  </testsuite>
</testsuites>