<?xml version="1.0" encoding="UTF-8"?>
<testsuites tests="23" failures="14" errors="14" skipped="0">
  <testsuite timestamp="2025-04-26T17:53:10" time="853.297" tests="6" failures="5" errors="5" skipped="0">
    <properties>
      <property name="specId" value="0" />
      <property name="suiteName" value="Standard contract - add contract items by Insert Request US118222" />
      <property name="capabilities" value="chrome.135_0_7049_96.windows" />
      <property name="file" value="file:///D:/a/1/s/test/specs/R2C/standard-contract-add-contract-items-by-insert-request.spec.js" />
    </properties>
    <testcase classname="chrome.135_0_7049_96.windows.Standard_contract_-_add_contract_items_by_Insert_Request_US118222" name="Should create prerequisites yard partner site material and equipment" time="319.275">
      <system-out><![CDATA[
COMMAND: POST /session/b95feca9d6fe84e2832d9bd264215df5/execute/async - {"script":"<script> [1562 bytes]","args":[{"selector":{"controlType":"sap.m.GenericTile","properties":{"header":"Manage Yards"}},"wdio_ui5_key":"sapm.GenericTile{\"header\":\"Manage Yards\"}"}]}
RESULT: {"script":"<script> [1562 bytes]","args":[{"selector":{"controlType":"sap.m.GenericTile","properties":{"header":"Manage Yards"}},"wdio_ui5_key":"sapm.GenericTile{\"header\":\"Manage Yards\"}"}]}
RESULT: undefined
COMMAND: POST /session/b95feca9d6fe84e2832d9bd264215df5/element - {"using":"xpath","value":"//*[@id=\"__tile41\"]"}
RESULT: {"using":"xpath","value":"//*[@id=\"__tile41\"]"}
COMMAND: POST /session/b95feca9d6fe84e2832d9bd264215df5/element/f.91545E0F3748EE6609C5B89379E64318.d.AED652EAD47F873D25440284B10B2CDD.e.117/click - {}
RESULT: {}
COMMAND: GET /session/b95feca9d6fe84e2832d9bd264215df5/screenshot - {}
RESULT: {}
COMMAND: POST /session/b95feca9d6fe84e2832d9bd264215df5/execute/async - {"script":"<script> [1562 bytes]","args":[{"selector":{"controlType":"sap.ui.core.Icon","viewName":"etm.portal.ui.manageyards.view.Master","viewId":"application-manageyards-display-component---masterYard","properties":{"src":{"regex":{"source":"add"}}}},"wdio_ui5_key":"etmportal.ui.manageyards.view.Mastersap.ui.core.Icon{\"src\":{\"regex\":{\"source\":\"add\"}}}"}]}
RESULT: {"script":"<script> [1562 bytes]","args":[{"selector":{"controlType":"sap.ui.core.Icon","viewName":"etm.portal.ui.manageyards.view.Master","viewId":"application-manageyards-display-component---masterYard","properties":{"src":{"regex":{"source":"add"}}}},"wdio_ui5_key":"etmportal.ui.manageyards.view.Mastersap.ui.core.Icon{\"src\":{\"regex\":{\"source\":\"add\"}}}"}]}
RESULT: undefined
COMMAND: POST /session/b95feca9d6fe84e2832d9bd264215df5/element - {"using":"xpath","value":"//*[@id=\"__button4-img\"]"}
RESULT: {"using":"xpath","value":"//*[@id=\"__button4-img\"]"}
COMMAND: POST /session/b95feca9d6fe84e2832d9bd264215df5/element/f.91545E0F3748EE6609C5B89379E64318.d.AED652EAD47F873D25440284B10B2CDD.e.165/click - {}
RESULT: {}
COMMAND: GET /session/b95feca9d6fe84e2832d9bd264215df5/screenshot - {}
RESULT: {}
COMMAND: POST /session/b95feca9d6fe84e2832d9bd264215df5/execute/async - {"script":"<script> [1562 bytes]","args":[{"selector":{"id":"application-manageyards-display-component---NewYard--yardId","interaction":{"idSuffix":"inner"}},"wdio_ui5_key":"applicationmanageyards-display-component---NewYard--yardId"}]}
RESULT: {"script":"<script> [1562 bytes]","args":[{"selector":{"id":"application-manageyards-display-component---NewYard--yardId","interaction":{"idSuffix":"inner"}},"wdio_ui5_key":"applicationmanageyards-display-component---NewYard--yardId"}]}
RESULT: undefined
COMMAND: POST /session/b95feca9d6fe84e2832d9bd264215df5/element - {"using":"xpath","value":"//*[@id=\"application-manageyards-display-component---NewYard--addressDetailDetailsName1-inner\"]"}
RESULT: {"using":"xpath","value":"//*[@id=\"application-manageyards-display-component---NewYard--addressDetailDetailsName1-inner\"]"}
COMMAND: POST /session/b95feca9d6fe84e2832d9bd264215df5/element/f.91545E0F3748EE6609C5B89379E64318.d.AED652EAD47F873D25440284B10B2CDD.e.380/clear - {}
RESULT: {}
COMMAND: POST /session/b95feca9d6fe84e2832d9bd264215df5/element/f.91545E0F3748EE6609C5B89379E64318.d.AED652EAD47F873D25440284B10B2CDD.e.380/value - {"text":"WebdriverYardskc6l"}
COMMAND: GET /session/b95feca9d6fe84e2832d9bd264215df5/screenshot - {}
RESULT: {"text":"WebdriverYardskc6l"}
COMMAND: POST /session/b95feca9d6fe84e2832d9bd264215df5/element - {"using":"xpath","value":"//*[@id=\"application-manageyards-display-component---NewYard--addressDetailDetailsLanguage-inner\"]"}
COMMAND: GET /session/b95feca9d6fe84e2832d9bd264215df5/screenshot - {}
RESULT: {}
RESULT: {"using":"xpath","value":"//*[@id=\"application-manageyards-display-component---NewYard--addressDetailDetailsLanguage-inner\"]"}
COMMAND: POST /session/b95feca9d6fe84e2832d9bd264215df5/element/f.91545E0F3748EE6609C5B89379E64318.d.AED652EAD47F873D25440284B10B2CDD.e.381/clear - {}
RESULT: {}
RESULT: {}
COMMAND: POST /session/b95feca9d6fe84e2832d9bd264215df5/element/f.91545E0F3748EE6609C5B89379E64318.d.AED652EAD47F873D25440284B10B2CDD.e.381/value - {"text":"Romanian"}
COMMAND: GET /session/b95feca9d6fe84e2832d9bd264215df5/screenshot - {}
RESULT: {"text":"Romanian"}
COMMAND: POST /session/b95feca9d6fe84e2832d9bd264215df5/element - {"using":"xpath","value":"//input[contains(@id ,\"application-manageyards-display-component---NewYard--addressDetailDetailsName1-inner\")]"}
COMMAND: GET /session/b95feca9d6fe84e2832d9bd264215df5/screenshot - {}
RESULT: {}
RESULT: {"using":"xpath","value":"//input[contains(@id ,\"application-manageyards-display-component---NewYard--addressDetailDetailsName1-inner\")]"}
COMMAND: GET /session/b95feca9d6fe84e2832d9bd264215df5/element/f.91545E0F3748EE6609C5B89379E64318.d.AED652EAD47F873D25440284B10B2CDD.e.380/property/value - {}
RESULT: {}
RESULT: {}
COMMAND: GET /session/b95feca9d6fe84e2832d9bd264215df5/screenshot - {}
RESULT: {}
COMMAND: POST /session/b95feca9d6fe84e2832d9bd264215df5/element - {"using":"xpath","value":"//*[@id=\"application-manageyards-display-component---NewYard--addressDetailDetailsCity1-inner\"]"}
RESULT: {"using":"xpath","value":"//*[@id=\"application-manageyards-display-component---NewYard--addressDetailDetailsCity1-inner\"]"}
COMMAND: POST /session/b95feca9d6fe84e2832d9bd264215df5/element/f.91545E0F3748EE6609C5B89379E64318.d.AED652EAD47F873D25440284B10B2CDD.e.383/clear - {}
RESULT: {}
COMMAND: POST /session/b95feca9d6fe84e2832d9bd264215df5/element/f.91545E0F3748EE6609C5B89379E64318.d.AED652EAD47F873D25440284B10B2CDD.e.383/value - {"text":"Bucuresti"}
COMMAND: GET /session/b95feca9d6fe84e2832d9bd264215df5/screenshot - {}
RESULT: {}
RESULT: {"text":"Bucuresti"}
COMMAND: GET /session/b95feca9d6fe84e2832d9bd264215df5/screenshot - {}
RESULT: {}
COMMAND: POST /session/b95feca9d6fe84e2832d9bd264215df5/element - {"using":"xpath","value":"//*[@id=\"application-manageyards-display-component---NewYard--addressDetailDetailsCountry-inner\"]"}
RESULT: {"using":"xpath","value":"//*[@id=\"application-manageyards-display-component---NewYard--addressDetailDetailsCountry-inner\"]"}
COMMAND: POST /session/b95feca9d6fe84e2832d9bd264215df5/element/f.91545E0F3748EE6609C5B89379E64318.d.AED652EAD47F873D25440284B10B2CDD.e.387/clear - {}
RESULT: {}
COMMAND: POST /session/b95feca9d6fe84e2832d9bd264215df5/element/f.91545E0F3748EE6609C5B89379E64318.d.AED652EAD47F873D25440284B10B2CDD.e.387/value - {"text":"Romania"}
COMMAND: GET /session/b95feca9d6fe84e2832d9bd264215df5/screenshot - {}
RESULT: {"text":"Romania"}
COMMAND: GET /session/b95feca9d6fe84e2832d9bd264215df5/screenshot - {}
RESULT: {}
RESULT: {}
COMMAND: POST /session/b95feca9d6fe84e2832d9bd264215df5/element - {"using":"xpath","value":"//div[contains(text(), \"Commercial\")]"}
RESULT: {"using":"xpath","value":"//div[contains(text(), \"Commercial\")]"}
COMMAND: GET /session/b95feca9d6fe84e2832d9bd264215df5/element/f.91545E0F3748EE6609C5B89379E64318.d.AED652EAD47F873D25440284B10B2CDD.e.567/rect - {}
RESULT: {}
COMMAND: GET /session/b95feca9d6fe84e2832d9bd264215df5/window/rect - {}
RESULT: {}
COMMAND: POST /session/b95feca9d6fe84e2832d9bd264215df5/execute/sync - {"script":"<script> [92 bytes]","args":[]}
RESULT: {"script":"<script> [92 bytes]","args":[]}
COMMAND: POST /session/b95feca9d6fe84e2832d9bd264215df5/actions - {"actions":[{"id":"action1","type":"wheel","parameters":{},"actions":[{"type":"scroll","x":-1841,"y":-44,"deltaX":0,"deltaY":0,"duration":0,"origin":{"element-6066-11e4-a52e-4f735466cecf":"f.91545E0F3748EE6609C5B89379E64318.d.AED652EAD47F873D25440284B10B2CDD.e.567"}}]}]}
COMMAND: GET /session/b95feca9d6fe84e2832d9bd264215df5/screenshot - {}
RESULT: {}
COMMAND: POST /session/b95feca9d6fe84e2832d9bd264215df5/execute/sync - {"script":"<script> [79 bytes]","args":[{"element-6066-11e4-a52e-4f735466cecf":"f.91545E0F3748EE6609C5B89379E64318.d.AED652EAD47F873D25440284B10B2CDD.e.567","ELEMENT":"f.91545E0F3748EE6609C5B89379E64318.d.AED652EAD47F873D25440284B10B2CDD.e.567"},{"block":"start","inline":"nearest"}]}
RESULT: {"script":"<script> [79 bytes]","args":[{"element-6066-11e4-a52e-4f735466cecf":"f.91545E0F3748EE6609C5B89379E64318.d.AED652EAD47F873D25440284B10B2CDD.e.567","ELEMENT":"f.91545E0F3748EE6609C5B89379E64318.d.AED652EAD47F873D25440284B10B2CDD.e.567"},{"block":"start","inline":"nearest"}]}
COMMAND: GET /session/b95feca9d6fe84e2832d9bd264215df5/screenshot - {}
RESULT: {}
COMMAND: POST /session/b95feca9d6fe84e2832d9bd264215df5/execute/async - {"script":"<script> [1562 bytes]","args":[{"selector":{"id":"application-manageyards-display-component---NewYard--addressEditDetailsCostObjectCstType-arrow"},"wdio_ui5_key":"applicationmanageyards-display-component---NewYard--addressEditDetailsCostObjectCstType-arrow"}]}
RESULT: {"script":"<script> [1562 bytes]","args":[{"selector":{"id":"application-manageyards-display-component---NewYard--addressEditDetailsCostObjectCstType-arrow"},"wdio_ui5_key":"applicationmanageyards-display-component---NewYard--addressEditDetailsCostObjectCstType-arrow"}]}
RESULT: undefined
COMMAND: POST /session/b95feca9d6fe84e2832d9bd264215df5/element - {"using":"xpath","value":"//*[@id=\"application-manageyards-display-component---NewYard--addressEditDetailsCostObjectCstType-arrow\"]"}
RESULT: {"using":"xpath","value":"//*[@id=\"application-manageyards-display-component---NewYard--addressEditDetailsCostObjectCstType-arrow\"]"}
COMMAND: POST /session/b95feca9d6fe84e2832d9bd264215df5/element/f.91545E0F3748EE6609C5B89379E64318.d.AED652EAD47F873D25440284B10B2CDD.e.575/click - {}
RESULT: {}
COMMAND: POST /session/b95feca9d6fe84e2832d9bd264215df5/element - {"using":"xpath","value":"//span[contains(text(), \"Cost Center\")]"}
COMMAND: GET /session/b95feca9d6fe84e2832d9bd264215df5/screenshot - {}
RESULT: {"using":"xpath","value":"//span[contains(text(), \"Cost Center\")]"}
COMMAND: POST /session/b95feca9d6fe84e2832d9bd264215df5/element/f.91545E0F3748EE6609C5B89379E64318.d.AED652EAD47F873D25440284B10B2CDD.e.576/click - {}
RESULT: {}
RESULT: {}
COMMAND: GET /session/b95feca9d6fe84e2832d9bd264215df5/screenshot - {}
RESULT: {}
COMMAND: POST /session/b95feca9d6fe84e2832d9bd264215df5/execute/async - {"script":"<script> [1562 bytes]","args":[{"selector":{"id":"application-manageyards-display-component---NewYard--addressNewCostObjectCstID-vhi"},"wdio_ui5_key":"applicationmanageyards-display-component---NewYard--addressNewCostObjectCstID-vhi"}]}
RESULT: {"script":"<script> [1562 bytes]","args":[{"selector":{"id":"application-manageyards-display-component---NewYard--addressNewCostObjectCstID-vhi"},"wdio_ui5_key":"applicationmanageyards-display-component---NewYard--addressNewCostObjectCstID-vhi"}]}
RESULT: undefined
COMMAND: POST /session/b95feca9d6fe84e2832d9bd264215df5/element - {"using":"xpath","value":"//*[@id=\"application-manageyards-display-component---NewYard--addressNewCostObjectCstID-vhi\"]"}
RESULT: {"using":"xpath","value":"//*[@id=\"application-manageyards-display-component---NewYard--addressNewCostObjectCstID-vhi\"]"}
COMMAND: POST /session/b95feca9d6fe84e2832d9bd264215df5/element/f.91545E0F3748EE6609C5B89379E64318.d.AED652EAD47F873D25440284B10B2CDD.e.580/click - {}
RESULT: {}
COMMAND: GET /session/b95feca9d6fe84e2832d9bd264215df5/screenshot - {}
RESULT: {}
COMMAND: POST /session/b95feca9d6fe84e2832d9bd264215df5/execute/async - {"script":"<script> [1562 bytes]","args":[{"selector":{"controlType":"sap.m.SearchField","properties":{"placeholder":"Search"},"searchOpenDialogs":true,"interaction":{"idSuffix":"I"}},"wdio_ui5_key":"sapm.SearchField{\"placeholder\":\"Search\"}"}]}
RESULT: {"script":"<script> [1562 bytes]","args":[{"selector":{"controlType":"sap.m.SearchField","properties":{"placeholder":"Search"},"searchOpenDialogs":true,"interaction":{"idSuffix":"I"}},"wdio_ui5_key":"sapm.SearchField{\"placeholder\":\"Search\"}"}]}
RESULT: undefined
COMMAND: POST /session/b95feca9d6fe84e2832d9bd264215df5/execute/async - {"script":"<script> [776 bytes]","args":[{"enterText":"10001013","selector":{"controlType":"sap.m.SearchField","properties":{"placeholder":"Search"},"searchOpenDialogs":true,"interaction":{"idSuffix":"I"}},"clearTextFirst":true,"interactionType":"ENTER_TEXT"}]}
RESULT: {"script":"<script> [776 bytes]","args":[{"enterText":"10001013","selector":{"controlType":"sap.m.SearchField","properties":{"placeholder":"Search"},"searchOpenDialogs":true,"interaction":{"idSuffix":"I"}},"clearTextFirst":true,"interactionType":"ENTER_TEXT"}]}
COMMAND: POST /session/b95feca9d6fe84e2832d9bd264215df5/actions - {"actions":[{"id":"action2","type":"key","parameters":{},"actions":[{"type":"keyDown","value":"î€‡"},{"type":"pause","duration":10},{"type":"keyUp","value":"î€‡"}]}]}
RESULT: {"actions":[{"id":"action2","type":"key","parameters":{},"actions":[{"type":"keyDown","value":"î€‡"},{"type":"pause","duration":10},{"type":"keyUp","value":"î€‡"}]}]}
COMMAND: GET /session/b95feca9d6fe84e2832d9bd264215df5/screenshot - {}
RESULT: {}
COMMAND: POST /session/b95feca9d6fe84e2832d9bd264215df5/element - {"using":"xpath","value":"//span[contains(text(), \"General Management\")]"}
RESULT: {"using":"xpath","value":"//span[contains(text(), \"General Management\")]"}
COMMAND: POST /session/b95feca9d6fe84e2832d9bd264215df5/element/f.91545E0F3748EE6609C5B89379E64318.d.AED652EAD47F873D25440284B10B2CDD.e.621/click - {}
RESULT: {}
COMMAND: GET /session/b95feca9d6fe84e2832d9bd264215df5/screenshot - {}
RESULT: {}
COMMAND: POST /session/b95feca9d6fe84e2832d9bd264215df5/element - {"using":"xpath","value":"//bdi[contains(text(), \"OK\")]"}
RESULT: {"using":"xpath","value":"//bdi[contains(text(), \"OK\")]"}
COMMAND: POST /session/b95feca9d6fe84e2832d9bd264215df5/element/f.91545E0F3748EE6609C5B89379E64318.d.AED652EAD47F873D25440284B10B2CDD.e.622/click - {}
RESULT: {}
COMMAND: GET /session/b95feca9d6fe84e2832d9bd264215df5/screenshot - {}
RESULT: {}
COMMAND: POST /session/b95feca9d6fe84e2832d9bd264215df5/execute/async - {"script":"<script> [1562 bytes]","args":[{"selector":{"controlType":"sap.m.Button","viewName":"etm.portal.ui.manageyards.view.New","viewId":"application-manageyards-display-component---NewYard","i18NText":{"propertyName":"text","key":"save"},"interaction":{"idSuffix":"inner"}},"wdio_ui5_key":"etmportal.ui.manageyards.view.Newsap.m.Button{\"propertyName\":\"text\",\"key\":\"save\"}"}]}
RESULT: {"script":"<script> [1562 bytes]","args":[{"selector":{"controlType":"sap.m.Button","viewName":"etm.portal.ui.manageyards.view.New","viewId":"application-manageyards-display-component---NewYard","i18NText":{"propertyName":"text","key":"save"},"interaction":{"idSuffix":"inner"}},"wdio_ui5_key":"etmportal.ui.manageyards.view.Newsap.m.Button{\"propertyName\":\"text\",\"key\":\"save\"}"}]}
RESULT: undefined
COMMAND: POST /session/b95feca9d6fe84e2832d9bd264215df5/element - {"using":"xpath","value":"//*[@id=\"__button18\"]"}
RESULT: {"using":"xpath","value":"//*[@id=\"__button18\"]"}
COMMAND: POST /session/b95feca9d6fe84e2832d9bd264215df5/element/f.91545E0F3748EE6609C5B89379E64318.d.AED652EAD47F873D25440284B10B2CDD.e.545/click - {}
RESULT: {}
COMMAND: GET /session/b95feca9d6fe84e2832d9bd264215df5/screenshot - {}
RESULT: {}
COMMAND: POST /session/b95feca9d6fe84e2832d9bd264215df5/element - {"using":"xpath","value":"//header/div/div[2]/div[2]/span"}
RESULT: {"using":"xpath","value":"//header/div/div[2]/div[2]/span"}
COMMAND: GET /session/b95feca9d6fe84e2832d9bd264215df5/element/f.91545E0F3748EE6609C5B89379E64318.d.AED652EAD47F873D25440284B10B2CDD.e.821/text - {}
RESULT: {}
COMMAND: POST /session/b95feca9d6fe84e2832d9bd264215df5/execute/async - {"script":"<script> [1562 bytes]","args":[{"selector":{"controlType":"sap.m.OverflowToolbarButton","viewName":"etm.portal.ui.manageyards.view.Detail","viewId":"application-manageyards-display-component---detailYard","i18NText":{"propertyName":"tooltip","key":"closeColumn"},"interaction":{"idSuffix":"inner"}},"wdio_ui5_key":"etmportal.ui.manageyards.view.Detailsap.m.OverflowToolbarButton{\"propertyName\":\"tooltip\",\"key\":\"closeColumn\"}"}]}
RESULT: {"script":"<script> [1562 bytes]","args":[{"selector":{"controlType":"sap.m.OverflowToolbarButton","viewName":"etm.portal.ui.manageyards.view.Detail","viewId":"application-manageyards-display-component---detailYard","i18NText":{"propertyName":"tooltip","key":"closeColumn"},"interaction":{"idSuffix":"inner"}},"wdio_ui5_key":"etmportal.ui.manageyards.view.Detailsap.m.OverflowToolbarButton{\"propertyName\":\"tooltip\",\"key\":\"closeColumn\"}"}]}
RESULT: undefined
COMMAND: POST /session/b95feca9d6fe84e2832d9bd264215df5/element - {"using":"xpath","value":"//*[@id=\"__button42\"]"}
RESULT: {"using":"xpath","value":"//*[@id=\"__button42\"]"}
COMMAND: POST /session/b95feca9d6fe84e2832d9bd264215df5/element/f.91545E0F3748EE6609C5B89379E64318.d.AED652EAD47F873D25440284B10B2CDD.e.823/click - {}
RESULT: {}
COMMAND: GET /session/b95feca9d6fe84e2832d9bd264215df5/screenshot - {}
RESULT: {}
COMMAND: POST /session/b95feca9d6fe84e2832d9bd264215df5/element - {"using":"css selector","value":"#shell-header-logo"}
RESULT: {"using":"css selector","value":"#shell-header-logo"}
COMMAND: POST /session/b95feca9d6fe84e2832d9bd264215df5/element/f.91545E0F3748EE6609C5B89379E64318.d.AED652EAD47F873D25440284B10B2CDD.e.120/click - {}
RESULT: {}
COMMAND: GET /session/b95feca9d6fe84e2832d9bd264215df5/screenshot - {}
RESULT: {}
COMMAND: POST /session/b95feca9d6fe84e2832d9bd264215df5/refresh - {}
RESULT: {}
COMMAND: GET /session/b95feca9d6fe84e2832d9bd264215df5/screenshot - {}
RESULT: {}
COMMAND: POST /session/b95feca9d6fe84e2832d9bd264215df5/execute/async - {"script":"<script> [189 bytes]","args":[]}
RESULT: {"script":"<script> [189 bytes]","args":[]}
COMMAND: POST /session/b95feca9d6fe84e2832d9bd264215df5/execute/async - {"script":"<script> [123 bytes]","args":[]}
RESULT: {"script":"<script> [123 bytes]","args":[]}
COMMAND: POST /session/b95feca9d6fe84e2832d9bd264215df5/timeouts - {"script":"<number>"}
RESULT: {"script":"<number>"}
COMMAND: GET /session/b95feca9d6fe84e2832d9bd264215df5/timeouts - {}
RESULT: {}
RESULT: undefined
COMMAND: POST /session/b95feca9d6fe84e2832d9bd264215df5/execute/async - {"script":"<script> [2676 bytes]","args":[]}
RESULT: {"script":"<script> [2676 bytes]","args":[]}
COMMAND: POST /session/b95feca9d6fe84e2832d9bd264215df5/execute/async - {"script":"<script> [2342 bytes]","args":[{"protocol":"http","hostname":"0.0.0.0","path":"/","capabilities":{"browserName":"chrome","goog:chromeOptions":{"binary":"C:\\Program Files\\Google\\Chrome\\Application\\chrome.exe","args":["--start-maximized"]}},"logLevel":"warn","connectionRetryTimeout":120000,"connectionRetryCount":3,"logLevels":{},"enableDirectConnect":true,"strictSSL":true,"_":"65 more keys: [\"cacheDir\",\"port\",\"requestedCapabilities\",\"automationProtocol\",\"baseUrl\",\"waitforInterval\",\"waitforTimeout\",\"onReload\",\"beforeCommand\",\"afterCommand\",\"rootDir\",\"specs\",\"suites\",\"exclude\",\"groupLogsByTestSpec\",\"excludeDriverLogs\",\"bail\",\"framework\",\"reporters\",\"services\",\"maxInstances\",\"maxInstancesPerCapability\",\"injectGlobals\",\"filesToWatch\",\"execArgv\",\"runnerEnv\",\"runner\",\"shard\",\"specFileRetries\",\"specFileRetriesDelay\",\"specFileRetriesDeferred\",\"reporterSyncInterval\",\"reporterSyncTimeout\",\"cucumberFeaturesWithLineNumbers\",\"autoCompileOpts\",\"mochaOpts\",\"jasmineOpts\",\"cucumberOpts\",\"onPrepare\",\"onWorkerStart\",\"onWorkerEnd\",\"before\",\"beforeSession\",\"beforeSuite\",\"beforeHook\",\"beforeTest\",\"afterTest\",\"afterHook\",\"afterSuite\",\"afterSession\",\"after\",\"onComplete\",\"beforeAssertion\",\"afterAssertion\",\"beforeFeature\",\"beforeScenario\",\"beforeStep\",\"afterStep\",\"afterScenario\",\"afterFeature\",\"_\",\"suite\",\"$0\",\"ignoredWorkerServices\",\"wdi5\"]"}]}
RESULT: {"script":"<script> [2342 bytes]","args":[{"protocol":"http","hostname":"0.0.0.0","path":"/","capabilities":{"browserName":"chrome","goog:chromeOptions":{"binary":"C:\\Program Files\\Google\\Chrome\\Application\\chrome.exe","args":["--start-maximized"]}},"logLevel":"warn","connectionRetryTimeout":120000,"connectionRetryCount":3,"logLevels":{},"enableDirectConnect":true,"strictSSL":true,"_":"65 more keys: [\"cacheDir\",\"port\",\"requestedCapabilities\",\"automationProtocol\",\"baseUrl\",\"waitforInterval\",\"waitforTimeout\",\"onReload\",\"beforeCommand\",\"afterCommand\",\"rootDir\",\"specs\",\"suites\",\"exclude\",\"groupLogsByTestSpec\",\"excludeDriverLogs\",\"bail\",\"framework\",\"reporters\",\"services\",\"maxInstances\",\"maxInstancesPerCapability\",\"injectGlobals\",\"filesToWatch\",\"execArgv\",\"runnerEnv\",\"runner\",\"shard\",\"specFileRetries\",\"specFileRetriesDelay\",\"specFileRetriesDeferred\",\"reporterSyncInterval\",\"reporterSyncTimeout\",\"cucumberFeaturesWithLineNumbers\",\"autoCompileOpts\",\"mochaOpts\",\"jasmineOpts\",\"cucumberOpts\",\"onPrepare\",\"onWorkerStart\",\"onWorkerEnd\",\"before\",\"beforeSession\",\"beforeSuite\",\"beforeHook\",\"beforeTest\",\"afterTest\",\"afterHook\",\"afterSuite\",\"afterSession\",\"after\",\"onComplete\",\"beforeAssertion\",\"afterAssertion\",\"beforeFeature\",\"beforeScenario\",\"beforeStep\",\"afterStep\",\"afterScenario\",\"afterFeature\",\"_\",\"suite\",\"$0\",\"ignoredWorkerServices\",\"wdi5\"]"}]}
COMMAND: POST /session/b95feca9d6fe84e2832d9bd264215df5/execute/async - {"script":"<script> [21126 bytes]","args":[35000]}
RESULT: {"script":"<script> [21126 bytes]","args":[35000]}
COMMAND: POST /session/b95feca9d6fe84e2832d9bd264215df5/execute/async - {"script":"<script> [1562 bytes]","args":[{"selector":{"controlType":"sap.m.GenericTile","properties":{"header":"Manage Partners"}},"wdio_ui5_key":"sapm.GenericTile{\"header\":\"Manage Partners\"}"}]}
RESULT: {"script":"<script> [1562 bytes]","args":[{"selector":{"controlType":"sap.m.GenericTile","properties":{"header":"Manage Partners"}},"wdio_ui5_key":"sapm.GenericTile{\"header\":\"Manage Partners\"}"}]}
RESULT: undefined
COMMAND: POST /session/b95feca9d6fe84e2832d9bd264215df5/element - {"using":"xpath","value":"//*[@id=\"__tile38\"]"}
RESULT: {"using":"xpath","value":"//*[@id=\"__tile38\"]"}
COMMAND: POST /session/b95feca9d6fe84e2832d9bd264215df5/element/f.91545E0F3748EE6609C5B89379E64318.d.5F223C709A40CBDFE6B394C4A73C10FB.e.1176/click - {}
RESULT: {}
COMMAND: GET /session/b95feca9d6fe84e2832d9bd264215df5/screenshot - {}
RESULT: {}
COMMAND: POST /session/b95feca9d6fe84e2832d9bd264215df5/execute/async - {"script":"<script> [1562 bytes]","args":[{"selector":{"controlType":"sap.ui.core.Icon","viewName":"etm.portal.ui.managepartners.view.Master","viewId":"application-managepartners-display-component---masterPtm","properties":{"src":{"regex":{"source":"add"}}}},"wdio_ui5_key":"etmportal.ui.managepartners.view.Mastersap.ui.core.Icon{\"src\":{\"regex\":{\"source\":\"add\"}}}"}]}
RESULT: {"script":"<script> [1562 bytes]","args":[{"selector":{"controlType":"sap.ui.core.Icon","viewName":"etm.portal.ui.managepartners.view.Master","viewId":"application-managepartners-display-component---masterPtm","properties":{"src":{"regex":{"source":"add"}}}},"wdio_ui5_key":"etmportal.ui.managepartners.view.Mastersap.ui.core.Icon{\"src\":{\"regex\":{\"source\":\"add\"}}}"}]}
RESULT: undefined
COMMAND: POST /session/b95feca9d6fe84e2832d9bd264215df5/element - {"using":"xpath","value":"//*[@id=\"__button4-img\"]"}
RESULT: {"using":"xpath","value":"//*[@id=\"__button4-img\"]"}
COMMAND: POST /session/b95feca9d6fe84e2832d9bd264215df5/element/f.91545E0F3748EE6609C5B89379E64318.d.5F223C709A40CBDFE6B394C4A73C10FB.e.1228/click - {}
RESULT: {}
COMMAND: GET /session/b95feca9d6fe84e2832d9bd264215df5/screenshot - {}
RESULT: {}
COMMAND: POST /session/b95feca9d6fe84e2832d9bd264215df5/execute/async - {"script":"<script> [1562 bytes]","args":[{"selector":{"id":"application-managepartners-display-component---NewPartner--partnerId","interaction":{"idSuffix":"inner"}},"wdio_ui5_key":"applicationmanagepartners-display-component---NewPartner--partnerId"}]}
RESULT: {"script":"<script> [1562 bytes]","args":[{"selector":{"id":"application-managepartners-display-component---NewPartner--partnerId","interaction":{"idSuffix":"inner"}},"wdio_ui5_key":"applicationmanagepartners-display-component---NewPartner--partnerId"}]}
RESULT: undefined
COMMAND: POST /session/b95feca9d6fe84e2832d9bd264215df5/execute/async - {"script":"<script> [1562 bytes]","args":[{"selector":{"id":"application-managepartners-display-component---NewPartner--addressDetailDetailsName1","interaction":{"idSuffix":"inner"}},"wdio_ui5_key":"applicationmanagepartners-display-component---NewPartner--addressDetailDetailsName1"}]}
RESULT: {"script":"<script> [1562 bytes]","args":[{"selector":{"id":"application-managepartners-display-component---NewPartner--addressDetailDetailsName1","interaction":{"idSuffix":"inner"}},"wdio_ui5_key":"applicationmanagepartners-display-component---NewPartner--addressDetailDetailsName1"}]}
RESULT: undefined
COMMAND: POST /session/b95feca9d6fe84e2832d9bd264215df5/execute/async - {"script":"<script> [776 bytes]","args":[{"enterText":"WebdriverPartnerp3e38","selector":{"id":"application-managepartners-display-component---NewPartner--addressDetailDetailsName1","interaction":{"idSuffix":"inner"}},"clearTextFirst":true,"interactionType":"ENTER_TEXT"}]}
RESULT: {"script":"<script> [776 bytes]","args":[{"enterText":"WebdriverPartnerp3e38","selector":{"id":"application-managepartners-display-component---NewPartner--addressDetailDetailsName1","interaction":{"idSuffix":"inner"}},"clearTextFirst":true,"interactionType":"ENTER_TEXT"}]}
COMMAND: POST /session/b95feca9d6fe84e2832d9bd264215df5/execute/async - {"script":"<script> [1562 bytes]","args":[{"selector":{"id":"application-managepartners-display-component---NewPartner--addressDetailDetailsLanguage","interaction":{"idSuffix":"inner"}},"wdio_ui5_key":"applicationmanagepartners-display-component---NewPartner--addressDetailDetailsLanguage"}]}
RESULT: {"script":"<script> [1562 bytes]","args":[{"selector":{"id":"application-managepartners-display-component---NewPartner--addressDetailDetailsLanguage","interaction":{"idSuffix":"inner"}},"wdio_ui5_key":"applicationmanagepartners-display-component---NewPartner--addressDetailDetailsLanguage"}]}
RESULT: undefined
COMMAND: POST /session/b95feca9d6fe84e2832d9bd264215df5/execute/async - {"script":"<script> [776 bytes]","args":[{"enterText":"Romanian","selector":{"id":"application-managepartners-display-component---NewPartner--addressDetailDetailsLanguage","interaction":{"idSuffix":"inner"}},"clearTextFirst":true,"interactionType":"ENTER_TEXT"}]}
RESULT: {"script":"<script> [776 bytes]","args":[{"enterText":"Romanian","selector":{"id":"application-managepartners-display-component---NewPartner--addressDetailDetailsLanguage","interaction":{"idSuffix":"inner"}},"clearTextFirst":true,"interactionType":"ENTER_TEXT"}]}
COMMAND: POST /session/b95feca9d6fe84e2832d9bd264215df5/element - {"using":"xpath","value":"//input[contains(@id ,\"application-managepartners-display-component---NewPartner--addressDetailDetailsName1-inner\")]"}
RESULT: {"using":"xpath","value":"//input[contains(@id ,\"application-managepartners-display-component---NewPartner--addressDetailDetailsName1-inner\")]"}
COMMAND: GET /session/b95feca9d6fe84e2832d9bd264215df5/element/f.91545E0F3748EE6609C5B89379E64318.d.5F223C709A40CBDFE6B394C4A73C10FB.e.1402/property/value - {}
RESULT: {}
COMMAND: POST /session/b95feca9d6fe84e2832d9bd264215df5/execute/async - {"script":"<script> [1562 bytes]","args":[{"selector":{"id":"application-managepartners-display-component---NewPartner--addressDetailDetailsCity1","interaction":{"idSuffix":"inner"}},"wdio_ui5_key":"applicationmanagepartners-display-component---NewPartner--addressDetailDetailsCity1"}]}
COMMAND: GET /session/b95feca9d6fe84e2832d9bd264215df5/screenshot - {}
RESULT: {"script":"<script> [1562 bytes]","args":[{"selector":{"id":"application-managepartners-display-component---NewPartner--addressDetailDetailsCity1","interaction":{"idSuffix":"inner"}},"wdio_ui5_key":"applicationmanagepartners-display-component---NewPartner--addressDetailDetailsCity1"}]}
RESULT: undefined
COMMAND: POST /session/b95feca9d6fe84e2832d9bd264215df5/execute/async - {"script":"<script> [776 bytes]","args":[{"enterText":"Bucharest","selector":{"id":"application-managepartners-display-component---NewPartner--addressDetailDetailsCity1","interaction":{"idSuffix":"inner"}},"clearTextFirst":true,"interactionType":"ENTER_TEXT"}]}
RESULT: {}
RESULT: {"script":"<script> [776 bytes]","args":[{"enterText":"Bucharest","selector":{"id":"application-managepartners-display-component---NewPartner--addressDetailDetailsCity1","interaction":{"idSuffix":"inner"}},"clearTextFirst":true,"interactionType":"ENTER_TEXT"}]}
COMMAND: POST /session/b95feca9d6fe84e2832d9bd264215df5/execute/async - {"script":"<script> [1562 bytes]","args":[{"selector":{"id":"application-managepartners-display-component---NewPartner--addressDetailDetailsCountry","interaction":{"idSuffix":"inner"}},"wdio_ui5_key":"applicationmanagepartners-display-component---NewPartner--addressDetailDetailsCountry"}]}
RESULT: {"script":"<script> [1562 bytes]","args":[{"selector":{"id":"application-managepartners-display-component---NewPartner--addressDetailDetailsCountry","interaction":{"idSuffix":"inner"}},"wdio_ui5_key":"applicationmanagepartners-display-component---NewPartner--addressDetailDetailsCountry"}]}
RESULT: undefined
COMMAND: POST /session/b95feca9d6fe84e2832d9bd264215df5/execute/async - {"script":"<script> [6424 bytes]","args":[{"element-6066-11e4-a52e-4f735466cecf":"f.91545E0F3748EE6609C5B89379E64318.d.5F223C709A40CBDFE6B394C4A73C10FB.e.1409"},"setValue",["Romania"]]}
RESULT: {"script":"<script> [6424 bytes]","args":[{"element-6066-11e4-a52e-4f735466cecf":"f.91545E0F3748EE6609C5B89379E64318.d.5F223C709A40CBDFE6B394C4A73C10FB.e.1409"},"setValue",["Romania"]]}
COMMAND: POST /session/b95feca9d6fe84e2832d9bd264215df5/execute/async - {"script":"<script> [1562 bytes]","args":[{"selector":{"id":"application-managepartners-display-component---NewPartner--partnerDetailInternal","interaction":{"idSuffix":"inner"}},"wdio_ui5_key":"applicationmanagepartners-display-component---NewPartner--partnerDetailInternal"}]}
RESULT: {"script":"<script> [1562 bytes]","args":[{"selector":{"id":"application-managepartners-display-component---NewPartner--partnerDetailInternal","interaction":{"idSuffix":"inner"}},"wdio_ui5_key":"applicationmanagepartners-display-component---NewPartner--partnerDetailInternal"}]}
RESULT: undefined
COMMAND: POST /session/b95feca9d6fe84e2832d9bd264215df5/execute/async - {"script":"<script> [776 bytes]","args":[{"enterText":"External partner","selector":{"id":"application-managepartners-display-component---NewPartner--partnerDetailInternal","interaction":{"idSuffix":"inner"}},"clearTextFirst":true,"interactionType":"ENTER_TEXT"}]}
RESULT: {"script":"<script> [776 bytes]","args":[{"enterText":"External partner","selector":{"id":"application-managepartners-display-component---NewPartner--partnerDetailInternal","interaction":{"idSuffix":"inner"}},"clearTextFirst":true,"interactionType":"ENTER_TEXT"}]}
COMMAND: POST /session/b95feca9d6fe84e2832d9bd264215df5/execute/async - {"script":"<script> [1562 bytes]","args":[{"selector":{"id":"application-managepartners-display-component---NewPartner--partnerDetailsCurrency","interaction":{"idSuffix":"inner"}},"wdio_ui5_key":"applicationmanagepartners-display-component---NewPartner--partnerDetailsCurrency"}]}
RESULT: {"script":"<script> [1562 bytes]","args":[{"selector":{"id":"application-managepartners-display-component---NewPartner--partnerDetailsCurrency","interaction":{"idSuffix":"inner"}},"wdio_ui5_key":"applicationmanagepartners-display-component---NewPartner--partnerDetailsCurrency"}]}
RESULT: undefined
COMMAND: POST /session/b95feca9d6fe84e2832d9bd264215df5/execute/async - {"script":"<script> [776 bytes]","args":[{"enterText":"Euro","selector":{"id":"application-managepartners-display-component---NewPartner--partnerDetailsCurrency","interaction":{"idSuffix":"inner"}},"clearTextFirst":true,"interactionType":"ENTER_TEXT"}]}
RESULT: {"script":"<script> [776 bytes]","args":[{"enterText":"Euro","selector":{"id":"application-managepartners-display-component---NewPartner--partnerDetailsCurrency","interaction":{"idSuffix":"inner"}},"clearTextFirst":true,"interactionType":"ENTER_TEXT"}]}
COMMAND: POST /session/b95feca9d6fe84e2832d9bd264215df5/execute/async - {"script":"<script> [1562 bytes]","args":[{"selector":{"controlType":"sap.m.Button","viewName":"etm.portal.ui.managepartners.view.NewPartner","viewId":"application-managepartners-display-component---NewPartner","properties":{"text":"Commercial"},"interaction":{"idSuffix":"BDI-content"}},"wdio_ui5_key":"etmportal.ui.managepartners.view.NewPartnersap.m.Button{\"text\":\"Commercial\"}"}]}
RESULT: {"script":"<script> [1562 bytes]","args":[{"selector":{"controlType":"sap.m.Button","viewName":"etm.portal.ui.managepartners.view.NewPartner","viewId":"application-managepartners-display-component---NewPartner","properties":{"text":"Commercial"},"interaction":{"idSuffix":"BDI-content"}},"wdio_ui5_key":"etmportal.ui.managepartners.view.NewPartnersap.m.Button{\"text\":\"Commercial\"}"}]}
RESULT: undefined
COMMAND: POST /session/b95feca9d6fe84e2832d9bd264215df5/element - {"using":"xpath","value":"//*[@id=\"application-managepartners-display-component---NewPartner--ObjectPageLayout-anchBar-__section5-anchor\"]"}
RESULT: {"using":"xpath","value":"//*[@id=\"application-managepartners-display-component---NewPartner--ObjectPageLayout-anchBar-__section5-anchor\"]"}
COMMAND: POST /session/b95feca9d6fe84e2832d9bd264215df5/element/f.91545E0F3748EE6609C5B89379E64318.d.5F223C709A40CBDFE6B394C4A73C10FB.e.1647/click - {}
RESULT: {}
COMMAND: GET /session/b95feca9d6fe84e2832d9bd264215df5/screenshot - {}
RESULT: {}
COMMAND: POST /session/b95feca9d6fe84e2832d9bd264215df5/execute/async - {"script":"<script> [1562 bytes]","args":[{"selector":{"id":"application-managepartners-display-component---NewPartner--btnAddTableRow-img"},"wdio_ui5_key":"applicationmanagepartners-display-component---NewPartner--btnAddTableRow-img"}]}
RESULT: {"script":"<script> [1562 bytes]","args":[{"selector":{"id":"application-managepartners-display-component---NewPartner--btnAddTableRow-img"},"wdio_ui5_key":"applicationmanagepartners-display-component---NewPartner--btnAddTableRow-img"}]}
RESULT: undefined
COMMAND: POST /session/b95feca9d6fe84e2832d9bd264215df5/element - {"using":"xpath","value":"//*[@id=\"application-managepartners-display-component---NewPartner--btnAddTableRow-img\"]"}
RESULT: {"using":"xpath","value":"//*[@id=\"application-managepartners-display-component---NewPartner--btnAddTableRow-img\"]"}
COMMAND: POST /session/b95feca9d6fe84e2832d9bd264215df5/element/f.91545E0F3748EE6609C5B89379E64318.d.5F223C709A40CBDFE6B394C4A73C10FB.e.1653/click - {}
RESULT: {}
COMMAND: POST /session/b95feca9d6fe84e2832d9bd264215df5/element - {"using":"xpath","value":"//input[contains(@id ,\"application-managepartners-display-component---NewPartner--assignmentYard-application-managepartners-display-component---NewPartner\")]"}
COMMAND: GET /session/b95feca9d6fe84e2832d9bd264215df5/screenshot - {}
RESULT: {"using":"xpath","value":"//input[contains(@id ,\"application-managepartners-display-component---NewPartner--assignmentYard-application-managepartners-display-component---NewPartner\")]"}
COMMAND: POST /session/b95feca9d6fe84e2832d9bd264215df5/element/f.91545E0F3748EE6609C5B89379E64318.d.5F223C709A40CBDFE6B394C4A73C10FB.e.1657/clear - {}
RESULT: {}
RESULT: {}
COMMAND: POST /session/b95feca9d6fe84e2832d9bd264215df5/element/f.91545E0F3748EE6609C5B89379E64318.d.5F223C709A40CBDFE6B394C4A73C10FB.e.1657/value - {"text":"270"}
COMMAND: GET /session/b95feca9d6fe84e2832d9bd264215df5/screenshot - {}
RESULT: {"text":"270"}
COMMAND: GET /session/b95feca9d6fe84e2832d9bd264215df5/screenshot - {}
RESULT: {}
RESULT: {}
COMMAND: POST /session/b95feca9d6fe84e2832d9bd264215df5/execute/async - {"script":"<script> [1562 bytes]","args":[{"selector":{"controlType":"sap.m.Button","viewName":"etm.portal.ui.managepartners.view.NewPartner","viewId":"application-managepartners-display-component---NewPartner","i18NText":{"propertyName":"text","key":"save"},"interaction":{"idSuffix":"BDI-content"}},"wdio_ui5_key":"etmportal.ui.managepartners.view.NewPartnersap.m.Button{\"propertyName\":\"text\",\"key\":\"save\"}"}]}
RESULT: {"script":"<script> [1562 bytes]","args":[{"selector":{"controlType":"sap.m.Button","viewName":"etm.portal.ui.managepartners.view.NewPartner","viewId":"application-managepartners-display-component---NewPartner","i18NText":{"propertyName":"text","key":"save"},"interaction":{"idSuffix":"BDI-content"}},"wdio_ui5_key":"etmportal.ui.managepartners.view.NewPartnersap.m.Button{\"propertyName\":\"text\",\"key\":\"save\"}"}]}
RESULT: undefined
COMMAND: POST /session/b95feca9d6fe84e2832d9bd264215df5/element - {"using":"xpath","value":"//*[@id=\"__button12\"]"}
RESULT: {"using":"xpath","value":"//*[@id=\"__button12\"]"}
COMMAND: POST /session/b95feca9d6fe84e2832d9bd264215df5/element/f.91545E0F3748EE6609C5B89379E64318.d.5F223C709A40CBDFE6B394C4A73C10FB.e.1626/click - {}
RESULT: {}
COMMAND: GET /session/b95feca9d6fe84e2832d9bd264215df5/screenshot - {}
RESULT: {}
COMMAND: POST /session/b95feca9d6fe84e2832d9bd264215df5/element - {"using":"xpath","value":"//header/div/div[2]/div[2]/span"}
RESULT: {"using":"xpath","value":"//header/div/div[2]/div[2]/span"}
COMMAND: GET /session/b95feca9d6fe84e2832d9bd264215df5/element/f.91545E0F3748EE6609C5B89379E64318.d.5F223C709A40CBDFE6B394C4A73C10FB.e.1827/text - {}
RESULT: {}
COMMAND: POST /session/b95feca9d6fe84e2832d9bd264215df5/element - {"using":"xpath","value":"//header/div/div/div/div/div/div[2]/div/span"}
RESULT: {"using":"xpath","value":"//header/div/div/div/div/div/div[2]/div/span"}
COMMAND: GET /session/b95feca9d6fe84e2832d9bd264215df5/element/f.91545E0F3748EE6609C5B89379E64318.d.5F223C709A40CBDFE6B394C4A73C10FB.e.1828/text - {}
RESULT: {}
COMMAND: POST /session/b95feca9d6fe84e2832d9bd264215df5/execute/async - {"script":"<script> [1562 bytes]","args":[{"selector":{"id":"application-managepartners-display-component---detailPtm--partnerType"},"wdio_ui5_key":"applicationmanagepartners-display-component---detailPtm--partnerType"}]}
RESULT: {"script":"<script> [1562 bytes]","args":[{"selector":{"id":"application-managepartners-display-component---detailPtm--partnerType"},"wdio_ui5_key":"applicationmanagepartners-display-component---detailPtm--partnerType"}]}
RESULT: undefined
COMMAND: POST /session/b95feca9d6fe84e2832d9bd264215df5/execute/async - {"script":"<script> [6424 bytes]","args":[{"element-6066-11e4-a52e-4f735466cecf":"f.91545E0F3748EE6609C5B89379E64318.d.5F223C709A40CBDFE6B394C4A73C10FB.e.1829"},"getText",[]]}
RESULT: {"script":"<script> [6424 bytes]","args":[{"element-6066-11e4-a52e-4f735466cecf":"f.91545E0F3748EE6609C5B89379E64318.d.5F223C709A40CBDFE6B394C4A73C10FB.e.1829"},"getText",[]]}
COMMAND: POST /session/b95feca9d6fe84e2832d9bd264215df5/element - {"using":"css selector","value":"#shell-header-logo"}
RESULT: {"using":"css selector","value":"#shell-header-logo"}
COMMAND: POST /session/b95feca9d6fe84e2832d9bd264215df5/element/f.91545E0F3748EE6609C5B89379E64318.d.5F223C709A40CBDFE6B394C4A73C10FB.e.1179/click - {}
RESULT: {}
COMMAND: GET /session/b95feca9d6fe84e2832d9bd264215df5/screenshot - {}
RESULT: {}
COMMAND: POST /session/b95feca9d6fe84e2832d9bd264215df5/execute/async - {"script":"<script> [1562 bytes]","args":[{"selector":{"controlType":"sap.m.GenericTile","properties":{"header":"Manage Sites"}},"wdio_ui5_key":"sapm.GenericTile{\"header\":\"Manage Sites\"}"}]}
RESULT: {"script":"<script> [1562 bytes]","args":[{"selector":{"controlType":"sap.m.GenericTile","properties":{"header":"Manage Sites"}},"wdio_ui5_key":"sapm.GenericTile{\"header\":\"Manage Sites\"}"}]}
RESULT: undefined
COMMAND: POST /session/b95feca9d6fe84e2832d9bd264215df5/element - {"using":"xpath","value":"//*[@id=\"__tile40\"]"}
RESULT: {"using":"xpath","value":"//*[@id=\"__tile40\"]"}
COMMAND: POST /session/b95feca9d6fe84e2832d9bd264215df5/element/f.91545E0F3748EE6609C5B89379E64318.d.5F223C709A40CBDFE6B394C4A73C10FB.e.1831/click - {}
RESULT: {}
COMMAND: GET /session/b95feca9d6fe84e2832d9bd264215df5/screenshot - {}
RESULT: {}
COMMAND: POST /session/b95feca9d6fe84e2832d9bd264215df5/execute/async - {"script":"<script> [1562 bytes]","args":[{"selector":{"controlType":"sap.ui.core.Icon","viewName":"etm.portal.ui.managesites.view.Master","viewId":"application-managesites-display-component---masterSite","properties":{"src":{"regex":{"source":"add"}}}},"wdio_ui5_key":"etmportal.ui.managesites.view.Mastersap.ui.core.Icon{\"src\":{\"regex\":{\"source\":\"add\"}}}"}]}
RESULT: {"script":"<script> [1562 bytes]","args":[{"selector":{"controlType":"sap.ui.core.Icon","viewName":"etm.portal.ui.managesites.view.Master","viewId":"application-managesites-display-component---masterSite","properties":{"src":{"regex":{"source":"add"}}}},"wdio_ui5_key":"etmportal.ui.managesites.view.Mastersap.ui.core.Icon{\"src\":{\"regex\":{\"source\":\"add\"}}}"}]}
RESULT: undefined
COMMAND: POST /session/b95feca9d6fe84e2832d9bd264215df5/element - {"using":"xpath","value":"//*[@id=\"__button52-img\"]"}
RESULT: {"using":"xpath","value":"//*[@id=\"__button52-img\"]"}
COMMAND: POST /session/b95feca9d6fe84e2832d9bd264215df5/element/f.91545E0F3748EE6609C5B89379E64318.d.5F223C709A40CBDFE6B394C4A73C10FB.e.1880/click - {}
RESULT: {}
COMMAND: POST /session/b95feca9d6fe84e2832d9bd264215df5/execute/async - {"script":"<script> [1562 bytes]","args":[{"selector":{"id":"application-managesites-display-component---NewSite--siteId","interaction":{"idSuffix":"inner"}},"wdio_ui5_key":"applicationmanagesites-display-component---NewSite--siteId"}]}
COMMAND: GET /session/b95feca9d6fe84e2832d9bd264215df5/screenshot - {}
RESULT: {"script":"<script> [1562 bytes]","args":[{"selector":{"id":"application-managesites-display-component---NewSite--siteId","interaction":{"idSuffix":"inner"}},"wdio_ui5_key":"applicationmanagesites-display-component---NewSite--siteId"}]}
RESULT: undefined
COMMAND: POST /session/b95feca9d6fe84e2832d9bd264215df5/execute/async - {"script":"<script> [1562 bytes]","args":[{"selector":{"id":"application-managesites-display-component---NewSite--addressDetailDetailsName1","interaction":{"idSuffix":"inner"}},"wdio_ui5_key":"applicationmanagesites-display-component---NewSite--addressDetailDetailsName1"}]}
RESULT: {}
RESULT: {"script":"<script> [1562 bytes]","args":[{"selector":{"id":"application-managesites-display-component---NewSite--addressDetailDetailsName1","interaction":{"idSuffix":"inner"}},"wdio_ui5_key":"applicationmanagesites-display-component---NewSite--addressDetailDetailsName1"}]}
RESULT: undefined
COMMAND: POST /session/b95feca9d6fe84e2832d9bd264215df5/execute/async - {"script":"<script> [776 bytes]","args":[{"enterText":"WebdriverSitebe8hv","selector":{"id":"application-managesites-display-component---NewSite--addressDetailDetailsName1","interaction":{"idSuffix":"inner"}},"clearTextFirst":true,"interactionType":"ENTER_TEXT"}]}
RESULT: {"script":"<script> [776 bytes]","args":[{"enterText":"WebdriverSitebe8hv","selector":{"id":"application-managesites-display-component---NewSite--addressDetailDetailsName1","interaction":{"idSuffix":"inner"}},"clearTextFirst":true,"interactionType":"ENTER_TEXT"}]}
COMMAND: POST /session/b95feca9d6fe84e2832d9bd264215df5/execute/async - {"script":"<script> [1562 bytes]","args":[{"selector":{"id":"application-managesites-display-component---NewSite--addressDetailDetailsLanguage","interaction":{"idSuffix":"inner"}},"wdio_ui5_key":"applicationmanagesites-display-component---NewSite--addressDetailDetailsLanguage"}]}
RESULT: {"script":"<script> [1562 bytes]","args":[{"selector":{"id":"application-managesites-display-component---NewSite--addressDetailDetailsLanguage","interaction":{"idSuffix":"inner"}},"wdio_ui5_key":"applicationmanagesites-display-component---NewSite--addressDetailDetailsLanguage"}]}
RESULT: undefined
COMMAND: POST /session/b95feca9d6fe84e2832d9bd264215df5/execute/async - {"script":"<script> [776 bytes]","args":[{"enterText":"Romanian","selector":{"id":"application-managesites-display-component---NewSite--addressDetailDetailsLanguage","interaction":{"idSuffix":"inner"}},"clearTextFirst":true,"interactionType":"ENTER_TEXT"}]}
RESULT: {"script":"<script> [776 bytes]","args":[{"enterText":"Romanian","selector":{"id":"application-managesites-display-component---NewSite--addressDetailDetailsLanguage","interaction":{"idSuffix":"inner"}},"clearTextFirst":true,"interactionType":"ENTER_TEXT"}]}
COMMAND: POST /session/b95feca9d6fe84e2832d9bd264215df5/execute/async - {"script":"<script> [1562 bytes]","args":[{"selector":{"id":"application-managesites-display-component---NewSite--addressDetailDetailsCity1","interaction":{"idSuffix":"inner"}},"wdio_ui5_key":"applicationmanagesites-display-component---NewSite--addressDetailDetailsCity1"}]}
RESULT: {"script":"<script> [1562 bytes]","args":[{"selector":{"id":"application-managesites-display-component---NewSite--addressDetailDetailsCity1","interaction":{"idSuffix":"inner"}},"wdio_ui5_key":"applicationmanagesites-display-component---NewSite--addressDetailDetailsCity1"}]}
RESULT: undefined
COMMAND: POST /session/b95feca9d6fe84e2832d9bd264215df5/execute/async - {"script":"<script> [776 bytes]","args":[{"enterText":"Bucharest","selector":{"id":"application-managesites-display-component---NewSite--addressDetailDetailsCity1","interaction":{"idSuffix":"inner"}},"clearTextFirst":true,"interactionType":"ENTER_TEXT"}]}
RESULT: {"script":"<script> [776 bytes]","args":[{"enterText":"Bucharest","selector":{"id":"application-managesites-display-component---NewSite--addressDetailDetailsCity1","interaction":{"idSuffix":"inner"}},"clearTextFirst":true,"interactionType":"ENTER_TEXT"}]}
COMMAND: POST /session/b95feca9d6fe84e2832d9bd264215df5/execute/async - {"script":"<script> [1562 bytes]","args":[{"selector":{"id":"application-managesites-display-component---NewSite--addressDetailDetailsCountry","interaction":{"idSuffix":"inner"}},"wdio_ui5_key":"applicationmanagesites-display-component---NewSite--addressDetailDetailsCountry"}]}
RESULT: {"script":"<script> [1562 bytes]","args":[{"selector":{"id":"application-managesites-display-component---NewSite--addressDetailDetailsCountry","interaction":{"idSuffix":"inner"}},"wdio_ui5_key":"applicationmanagesites-display-component---NewSite--addressDetailDetailsCountry"}]}
RESULT: undefined
COMMAND: POST /session/b95feca9d6fe84e2832d9bd264215df5/execute/async - {"script":"<script> [776 bytes]","args":[{"enterText":"Romania","selector":{"id":"application-managesites-display-component---NewSite--addressDetailDetailsCountry","interaction":{"idSuffix":"inner"}},"clearTextFirst":true,"interactionType":"ENTER_TEXT"}]}
RESULT: {"script":"<script> [776 bytes]","args":[{"enterText":"Romania","selector":{"id":"application-managesites-display-component---NewSite--addressDetailDetailsCountry","interaction":{"idSuffix":"inner"}},"clearTextFirst":true,"interactionType":"ENTER_TEXT"}]}
COMMAND: POST /session/b95feca9d6fe84e2832d9bd264215df5/element - {"using":"css selector","value":"#application-managesites-display-component---NewSite--addressDetailDetailsCalendar-inner"}
RESULT: {"using":"css selector","value":"#application-managesites-display-component---NewSite--addressDetailDetailsCalendar-inner"}
COMMAND: POST /session/b95feca9d6fe84e2832d9bd264215df5/element/f.91545E0F3748EE6609C5B89379E64318.d.5F223C709A40CBDFE6B394C4A73C10FB.e.2118/clear - {}
RESULT: {}
COMMAND: POST /session/b95feca9d6fe84e2832d9bd264215df5/element/f.91545E0F3748EE6609C5B89379E64318.d.5F223C709A40CBDFE6B394C4A73C10FB.e.2118/value - {"text":"Germany"}
COMMAND: GET /session/b95feca9d6fe84e2832d9bd264215df5/screenshot - {}
RESULT: {"text":"Germany"}
COMMAND: POST /session/b95feca9d6fe84e2832d9bd264215df5/execute/async - {"script":"<script> [1562 bytes]","args":[{"selector":{"id":"application-managesites-display-component---NewSite--addressEditDetailsCostObjectCstType-arrow"},"wdio_ui5_key":"applicationmanagesites-display-component---NewSite--addressEditDetailsCostObjectCstType-arrow"}]}
COMMAND: GET /session/b95feca9d6fe84e2832d9bd264215df5/screenshot - {}
RESULT: {}
RESULT: {"script":"<script> [1562 bytes]","args":[{"selector":{"id":"application-managesites-display-component---NewSite--addressEditDetailsCostObjectCstType-arrow"},"wdio_ui5_key":"applicationmanagesites-display-component---NewSite--addressEditDetailsCostObjectCstType-arrow"}]}
RESULT: undefined
COMMAND: POST /session/b95feca9d6fe84e2832d9bd264215df5/element - {"using":"xpath","value":"//*[@id=\"application-managesites-display-component---NewSite--addressEditDetailsCostObjectCstType-arrow\"]"}
RESULT: {}
RESULT: {"using":"xpath","value":"//*[@id=\"application-managesites-display-component---NewSite--addressEditDetailsCostObjectCstType-arrow\"]"}
COMMAND: POST /session/b95feca9d6fe84e2832d9bd264215df5/element/f.91545E0F3748EE6609C5B89379E64318.d.5F223C709A40CBDFE6B394C4A73C10FB.e.2268/click - {}
RESULT: {}
COMMAND: POST /session/b95feca9d6fe84e2832d9bd264215df5/element - {"using":"xpath","value":"//span[contains(text(), \"Work Breakdown Structure\")]"}
COMMAND: GET /session/b95feca9d6fe84e2832d9bd264215df5/screenshot - {}
RESULT: {"using":"xpath","value":"//span[contains(text(), \"Work Breakdown Structure\")]"}
COMMAND: POST /session/b95feca9d6fe84e2832d9bd264215df5/element/f.91545E0F3748EE6609C5B89379E64318.d.5F223C709A40CBDFE6B394C4A73C10FB.e.2269/click - {}
RESULT: {}
RESULT: {}
COMMAND: GET /session/b95feca9d6fe84e2832d9bd264215df5/screenshot - {}
RESULT: {}
COMMAND: POST /session/b95feca9d6fe84e2832d9bd264215df5/execute/async - {"script":"<script> [1562 bytes]","args":[{"selector":{"id":"application-managesites-display-component---NewSite--addressNewCostObjectCstID-vhi"},"wdio_ui5_key":"applicationmanagesites-display-component---NewSite--addressNewCostObjectCstID-vhi"}]}
RESULT: {"script":"<script> [1562 bytes]","args":[{"selector":{"id":"application-managesites-display-component---NewSite--addressNewCostObjectCstID-vhi"},"wdio_ui5_key":"applicationmanagesites-display-component---NewSite--addressNewCostObjectCstID-vhi"}]}
RESULT: undefined
COMMAND: POST /session/b95feca9d6fe84e2832d9bd264215df5/element - {"using":"xpath","value":"//*[@id=\"application-managesites-display-component---NewSite--addressNewCostObjectCstID-vhi\"]"}
RESULT: {"using":"xpath","value":"//*[@id=\"application-managesites-display-component---NewSite--addressNewCostObjectCstID-vhi\"]"}
COMMAND: POST /session/b95feca9d6fe84e2832d9bd264215df5/element/f.91545E0F3748EE6609C5B89379E64318.d.5F223C709A40CBDFE6B394C4A73C10FB.e.2274/click - {}
RESULT: {}
COMMAND: GET /session/b95feca9d6fe84e2832d9bd264215df5/screenshot - {}
RESULT: {}
COMMAND: POST /session/b95feca9d6fe84e2832d9bd264215df5/execute/async - {"script":"<script> [1562 bytes]","args":[{"selector":{"controlType":"sap.m.SearchField","properties":{"placeholder":"Search"},"searchOpenDialogs":true,"interaction":{"idSuffix":"I"}},"wdio_ui5_key":"sapm.SearchField{\"placeholder\":\"Search\"}"}]}
RESULT: {"script":"<script> [1562 bytes]","args":[{"selector":{"controlType":"sap.m.SearchField","properties":{"placeholder":"Search"},"searchOpenDialogs":true,"interaction":{"idSuffix":"I"}},"wdio_ui5_key":"sapm.SearchField{\"placeholder\":\"Search\"}"}]}
RESULT: undefined
COMMAND: POST /session/b95feca9d6fe84e2832d9bd264215df5/execute/async - {"script":"<script> [776 bytes]","args":[{"enterText":"A1-000100-01","selector":{"controlType":"sap.m.SearchField","properties":{"placeholder":"Search"},"searchOpenDialogs":true,"interaction":{"idSuffix":"I"}},"clearTextFirst":true,"interactionType":"ENTER_TEXT"}]}
RESULT: {"script":"<script> [776 bytes]","args":[{"enterText":"A1-000100-01","selector":{"controlType":"sap.m.SearchField","properties":{"placeholder":"Search"},"searchOpenDialogs":true,"interaction":{"idSuffix":"I"}},"clearTextFirst":true,"interactionType":"ENTER_TEXT"}]}
COMMAND: POST /session/b95feca9d6fe84e2832d9bd264215df5/actions - {"actions":[{"id":"action3","type":"key","parameters":{},"actions":[{"type":"keyDown","value":"î€‡"},{"type":"pause","duration":10},{"type":"keyUp","value":"î€‡"}]}]}
RESULT: {"actions":[{"id":"action3","type":"key","parameters":{},"actions":[{"type":"keyDown","value":"î€‡"},{"type":"pause","duration":10},{"type":"keyUp","value":"î€‡"}]}]}
COMMAND: GET /session/b95feca9d6fe84e2832d9bd264215df5/screenshot - {}
RESULT: {}
COMMAND: POST /session/b95feca9d6fe84e2832d9bd264215df5/element - {"using":"xpath","value":"//span[contains(text(), \"Template for ETO-Process\")]"}
RESULT: {"using":"xpath","value":"//span[contains(text(), \"Template for ETO-Process\")]"}
COMMAND: POST /session/b95feca9d6fe84e2832d9bd264215df5/element/f.91545E0F3748EE6609C5B89379E64318.d.5F223C709A40CBDFE6B394C4A73C10FB.e.2295/click - {}
RESULT: {}
COMMAND: GET /session/b95feca9d6fe84e2832d9bd264215df5/screenshot - {}
RESULT: {}
COMMAND: POST /session/b95feca9d6fe84e2832d9bd264215df5/element - {"using":"xpath","value":"//bdi[contains(text(), \"OK\")]"}
RESULT: {"using":"xpath","value":"//bdi[contains(text(), \"OK\")]"}
COMMAND: POST /session/b95feca9d6fe84e2832d9bd264215df5/element/f.91545E0F3748EE6609C5B89379E64318.d.5F223C709A40CBDFE6B394C4A73C10FB.e.2296/click - {}
RESULT: {}
COMMAND: GET /session/b95feca9d6fe84e2832d9bd264215df5/screenshot - {}
RESULT: {}
COMMAND: POST /session/b95feca9d6fe84e2832d9bd264215df5/element - {"using":"xpath","value":"//input[@id=\"application-managesites-display-component---NewSite--addressDetailDetailsYard-inner\"]"}
RESULT: {"using":"xpath","value":"//input[@id=\"application-managesites-display-component---NewSite--addressDetailDetailsYard-inner\"]"}
COMMAND: POST /session/b95feca9d6fe84e2832d9bd264215df5/element/f.91545E0F3748EE6609C5B89379E64318.d.5F223C709A40CBDFE6B394C4A73C10FB.e.2119/value - {"text":"270"}
RESULT: {"text":"270"}
COMMAND: GET /session/b95feca9d6fe84e2832d9bd264215df5/screenshot - {}
RESULT: {}
COMMAND: POST /session/b95feca9d6fe84e2832d9bd264215df5/actions - {"actions":[{"id":"action4","type":"key","parameters":{},"actions":[{"type":"keyDown","value":"î€‡"},{"type":"pause","duration":10},{"type":"keyUp","value":"î€‡"}]}]}
RESULT: {"actions":[{"id":"action4","type":"key","parameters":{},"actions":[{"type":"keyDown","value":"î€‡"},{"type":"pause","duration":10},{"type":"keyUp","value":"î€‡"}]}]}
COMMAND: GET /session/b95feca9d6fe84e2832d9bd264215df5/screenshot - {}
RESULT: {}
COMMAND: POST /session/b95feca9d6fe84e2832d9bd264215df5/element - {"using":"xpath","value":"//input[@id=\"application-managesites-display-component---NewSite--addressDetailDetailsPartner-inner\"]"}
RESULT: {"using":"xpath","value":"//input[@id=\"application-managesites-display-component---NewSite--addressDetailDetailsPartner-inner\"]"}
COMMAND: POST /session/b95feca9d6fe84e2832d9bd264215df5/elements - {"using":"xpath","value":"//input[@id=\"application-managesites-display-component---NewSite--addressDetailDetailsPartner-inner\"]"}
RESULT: {"using":"xpath","value":"//input[@id=\"application-managesites-display-component---NewSite--addressDetailDetailsPartner-inner\"]"}
COMMAND: POST /session/b95feca9d6fe84e2832d9bd264215df5/execute/async - {"script":"<script> [1562 bytes]","args":[{"selector":{"controlType":"sap.m.Button","viewName":"etm.portal.ui.managesites.view.NewSmartSite","viewId":"application-managesites-display-component---NewSite","properties":{"text":"Commercial"},"interaction":{"idSuffix":"BDI-content"}},"wdio_ui5_key":"etmportal.ui.managesites.view.NewSmartSitesap.m.Button{\"text\":\"Commercial\"}"}]}
RESULT: {"script":"<script> [1562 bytes]","args":[{"selector":{"controlType":"sap.m.Button","viewName":"etm.portal.ui.managesites.view.NewSmartSite","viewId":"application-managesites-display-component---NewSite","properties":{"text":"Commercial"},"interaction":{"idSuffix":"BDI-content"}},"wdio_ui5_key":"etmportal.ui.managesites.view.NewSmartSitesap.m.Button{\"text\":\"Commercial\"}"}]}
RESULT: undefined
COMMAND: POST /session/b95feca9d6fe84e2832d9bd264215df5/element - {"using":"xpath","value":"//*[@id=\"application-managesites-display-component---NewSite--ObjectPageLayout-anchBar-__section31-anchor\"]"}
RESULT: {"using":"xpath","value":"//*[@id=\"application-managesites-display-component---NewSite--ObjectPageLayout-anchBar-__section31-anchor\"]"}
COMMAND: POST /session/b95feca9d6fe84e2832d9bd264215df5/element/f.91545E0F3748EE6609C5B89379E64318.d.5F223C709A40CBDFE6B394C4A73C10FB.e.2303/click - {}
RESULT: {}
COMMAND: POST /session/b95feca9d6fe84e2832d9bd264215df5/execute/async - {"script":"<script> [1562 bytes]","args":[{"selector":{"controlType":"sap.m.Button","viewName":"etm.portal.ui.managesites.view.NewSmartSite","viewId":"application-managesites-display-component---NewSite","i18NText":{"propertyName":"text","key":"save"},"interaction":{"idSuffix":"BDI-content"}},"wdio_ui5_key":"etmportal.ui.managesites.view.NewSmartSitesap.m.Button{\"propertyName\":\"text\",\"key\":\"save\"}"}]}
COMMAND: GET /session/b95feca9d6fe84e2832d9bd264215df5/screenshot - {}
RESULT: {"script":"<script> [1562 bytes]","args":[{"selector":{"controlType":"sap.m.Button","viewName":"etm.portal.ui.managesites.view.NewSmartSite","viewId":"application-managesites-display-component---NewSite","i18NText":{"propertyName":"text","key":"save"},"interaction":{"idSuffix":"BDI-content"}},"wdio_ui5_key":"etmportal.ui.managesites.view.NewSmartSitesap.m.Button{\"propertyName\":\"text\",\"key\":\"save\"}"}]}
RESULT: undefined
COMMAND: POST /session/b95feca9d6fe84e2832d9bd264215df5/element - {"using":"xpath","value":"//*[@id=\"__button64\"]"}
RESULT: {}
RESULT: {"using":"xpath","value":"//*[@id=\"__button64\"]"}
COMMAND: POST /session/b95feca9d6fe84e2832d9bd264215df5/element/f.91545E0F3748EE6609C5B89379E64318.d.5F223C709A40CBDFE6B394C4A73C10FB.e.2247/click - {}
RESULT: {}
COMMAND: GET /session/b95feca9d6fe84e2832d9bd264215df5/screenshot - {}
RESULT: {}
COMMAND: POST /session/b95feca9d6fe84e2832d9bd264215df5/execute/async - {"script":"<script> [1562 bytes]","args":[{"selector":{"id":"application-managesites-display-component---detailSite--addressDetailDetailsYardText"},"wdio_ui5_key":"applicationmanagesites-display-component---detailSite--addressDetailDetailsYardText"}]}
RESULT: {"script":"<script> [1562 bytes]","args":[{"selector":{"id":"application-managesites-display-component---detailSite--addressDetailDetailsYardText"},"wdio_ui5_key":"applicationmanagesites-display-component---detailSite--addressDetailDetailsYardText"}]}
RESULT: undefined
COMMAND: POST /session/b95feca9d6fe84e2832d9bd264215df5/element - {"using":"xpath","value":"//header/div/div[2]/div[2]/span"}
RESULT: {"using":"xpath","value":"//header/div/div[2]/div[2]/span"}
COMMAND: GET /session/b95feca9d6fe84e2832d9bd264215df5/element/f.91545E0F3748EE6609C5B89379E64318.d.5F223C709A40CBDFE6B394C4A73C10FB.e.2522/text - {}
RESULT: {}
COMMAND: POST /session/b95feca9d6fe84e2832d9bd264215df5/element - {"using":"xpath","value":"//header/div/div/div/div/div/div[2]/div/span"}
RESULT: {"using":"xpath","value":"//header/div/div/div/div/div/div[2]/div/span"}
COMMAND: GET /session/b95feca9d6fe84e2832d9bd264215df5/element/f.91545E0F3748EE6609C5B89379E64318.d.5F223C709A40CBDFE6B394C4A73C10FB.e.2523/text - {}
RESULT: {}
COMMAND: POST /session/b95feca9d6fe84e2832d9bd264215df5/element - {"using":"css selector","value":"#shell-header-logo"}
RESULT: {"using":"css selector","value":"#shell-header-logo"}
COMMAND: POST /session/b95feca9d6fe84e2832d9bd264215df5/element/f.91545E0F3748EE6609C5B89379E64318.d.5F223C709A40CBDFE6B394C4A73C10FB.e.1836/click - {}
RESULT: {}
COMMAND: GET /session/b95feca9d6fe84e2832d9bd264215df5/screenshot - {}
RESULT: {}
]]></system-out>
    </testcase>
  </testsuite>
  <testsuite timestamp="2025-04-26T18:07:23" time="61.694" tests="1" failures="1" errors="1" skipped="0">
    <properties>
      <property name="specId" value="0" />
      <property name="suiteName" value="Manage contracts - revert request US152962" />
      <property name="capabilities" value="chrome.135_0_7049_96.windows" />
      <property name="file" value="file:///D:/a/1/s/test/specs/R2C/manage-contracts-revert-request.spec.js" />
    </properties>
  </testsuite>
  <testsuite timestamp="2025-04-26T18:08:25" time="204.859" tests="4" failures="4" errors="4" skipped="0">
    <properties>
      <property name="specId" value="0" />
      <property name="suiteName" value="Standard contract close-reopen US111278" />
      <property name="capabilities" value="chrome.135_0_7049_96.windows" />
      <property name="file" value="file:///D:/a/1/s/test/specs/R2C/standard-contract-close-reopen.spec.js" />
    </properties>
  </testsuite>
  <testsuite timestamp="2025-04-26T18:11:50" time="76.145" tests="1" failures="1" errors="1" skipped="0">
    <properties>
      <property name="specId" value="0" />
      <property name="suiteName" value="Standard contract decline US151279" />
      <property name="capabilities" value="chrome.135_0_7049_96.windows" />
      <property name="file" value="file:///D:/a/1/s/test/specs/R2C/standard-contract-decline.spec.js" />
    </properties>
  </testsuite>
  <testsuite timestamp="2025-04-26T18:13:06" time="74.243" tests="2" failures="1" errors="1" skipped="0">
    <properties>
      <property name="specId" value="0" />
      <property name="suiteName" value="Insert service into a contract US152956" />
      <property name="capabilities" value="chrome.135_0_7049_96.windows" />
      <property name="file" value="file:///D:/a/1/s/test/specs/R2C/insert-service-into-a-contract.spec.js" />
    </properties>
    <testcase classname="chrome.135_0_7049_96.windows.Insert_service_into_a_contract_US152956" name="Should create a new contract" time="0.008">
      <system-out><![CDATA[
RESULT: undefined
]]></system-out>
    </testcase>
  </testsuite>
  <testsuite timestamp="2025-04-26T18:14:20" time="136.784" tests="2" failures="2" errors="2" skipped="0">
    <properties>
      <property name="specId" value="0" />
      <property name="suiteName" value="Reduced contract US151275" />
      <property name="capabilities" value="chrome.135_0_7049_96.windows" />
      <property name="file" value="file:///D:/a/1/s/test/specs/R2C/reduced-contract-creation.spec.js" />
    </properties>
  </testsuite>
  <testsuite timestamp="2025-04-26T18:16:37" time="1403.392" tests="7" failures="0" errors="0" skipped="0">
    <properties>
      <property name="specId" value="0" />
      <property name="suiteName" value="E2E - Logistical and commercial statuses" />
      <property name="capabilities" value="chrome.135_0_7049_96.windows" />
      <property name="file" value="file:///D:/a/1/s/test/specs/R2C/E2E-Logistical-and-commercial-status.spec.js" />
    </properties>
    <testcase classname="chrome.135_0_7049_96.windows.E2E_-_Logistical_and_commercial_statuses" name="Should create prerequisites yard partner and site" time="291.503">
      <system-out><![CDATA[
COMMAND: POST /session/b95feca9d6fe84e2832d9bd264215df5/execute/async - {"script":"<script> [1562 bytes]","args":[{"selector":{"controlType":"sap.m.GenericTile","properties":{"header":"Manage Yards"}},"wdio_ui5_key":"sapm.GenericTile{\"header\":\"Manage Yards\"}"}]}
RESULT: {"script":"<script> [1562 bytes]","args":[{"selector":{"controlType":"sap.m.GenericTile","properties":{"header":"Manage Yards"}},"wdio_ui5_key":"sapm.GenericTile{\"header\":\"Manage Yards\"}"}]}
RESULT: undefined
COMMAND: POST /session/b95feca9d6fe84e2832d9bd264215df5/element - {"using":"xpath","value":"//*[@id=\"__tile41\"]"}
RESULT: {"using":"xpath","value":"//*[@id=\"__tile41\"]"}
COMMAND: POST /session/b95feca9d6fe84e2832d9bd264215df5/element/f.91545E0F3748EE6609C5B89379E64318.d.BBF86DE3684A012DF6DCC0BBDF3E0B45.e.4285/click - {}
RESULT: {}
COMMAND: GET /session/b95feca9d6fe84e2832d9bd264215df5/screenshot - {}
RESULT: {}
COMMAND: POST /session/b95feca9d6fe84e2832d9bd264215df5/execute/async - {"script":"<script> [1562 bytes]","args":[{"selector":{"controlType":"sap.ui.core.Icon","viewName":"etm.portal.ui.manageyards.view.Master","viewId":"application-manageyards-display-component---masterYard","properties":{"src":{"regex":{"source":"add"}}}},"wdio_ui5_key":"etmportal.ui.manageyards.view.Mastersap.ui.core.Icon{\"src\":{\"regex\":{\"source\":\"add\"}}}"}]}
RESULT: {"script":"<script> [1562 bytes]","args":[{"selector":{"controlType":"sap.ui.core.Icon","viewName":"etm.portal.ui.manageyards.view.Master","viewId":"application-manageyards-display-component---masterYard","properties":{"src":{"regex":{"source":"add"}}}},"wdio_ui5_key":"etmportal.ui.manageyards.view.Mastersap.ui.core.Icon{\"src\":{\"regex\":{\"source\":\"add\"}}}"}]}
RESULT: undefined
COMMAND: POST /session/b95feca9d6fe84e2832d9bd264215df5/element - {"using":"xpath","value":"//*[@id=\"__button65-img\"]"}
RESULT: {"using":"xpath","value":"//*[@id=\"__button65-img\"]"}
COMMAND: POST /session/b95feca9d6fe84e2832d9bd264215df5/element/f.91545E0F3748EE6609C5B89379E64318.d.BBF86DE3684A012DF6DCC0BBDF3E0B45.e.4329/click - {}
RESULT: {}
COMMAND: GET /session/b95feca9d6fe84e2832d9bd264215df5/screenshot - {}
RESULT: {}
COMMAND: POST /session/b95feca9d6fe84e2832d9bd264215df5/execute/async - {"script":"<script> [1562 bytes]","args":[{"selector":{"id":"application-manageyards-display-component---NewYard--yardId","interaction":{"idSuffix":"inner"}},"wdio_ui5_key":"applicationmanageyards-display-component---NewYard--yardId"}]}
RESULT: {"script":"<script> [1562 bytes]","args":[{"selector":{"id":"application-manageyards-display-component---NewYard--yardId","interaction":{"idSuffix":"inner"}},"wdio_ui5_key":"applicationmanageyards-display-component---NewYard--yardId"}]}
RESULT: undefined
COMMAND: POST /session/b95feca9d6fe84e2832d9bd264215df5/element - {"using":"xpath","value":"//*[@id=\"application-manageyards-display-component---NewYard--addressDetailDetailsName1-inner\"]"}
RESULT: {"using":"xpath","value":"//*[@id=\"application-manageyards-display-component---NewYard--addressDetailDetailsName1-inner\"]"}
COMMAND: POST /session/b95feca9d6fe84e2832d9bd264215df5/element/f.91545E0F3748EE6609C5B89379E64318.d.BBF86DE3684A012DF6DCC0BBDF3E0B45.e.4561/clear - {}
RESULT: {}
COMMAND: POST /session/b95feca9d6fe84e2832d9bd264215df5/element/f.91545E0F3748EE6609C5B89379E64318.d.BBF86DE3684A012DF6DCC0BBDF3E0B45.e.4561/value - {"text":"WebdriverYarda9nm2l"}
COMMAND: GET /session/b95feca9d6fe84e2832d9bd264215df5/screenshot - {}
RESULT: {"text":"WebdriverYarda9nm2l"}
COMMAND: POST /session/b95feca9d6fe84e2832d9bd264215df5/element - {"using":"xpath","value":"//*[@id=\"application-manageyards-display-component---NewYard--addressDetailDetailsLanguage-inner\"]"}
COMMAND: GET /session/b95feca9d6fe84e2832d9bd264215df5/screenshot - {}
RESULT: {}
RESULT: {"using":"xpath","value":"//*[@id=\"application-manageyards-display-component---NewYard--addressDetailDetailsLanguage-inner\"]"}
COMMAND: POST /session/b95feca9d6fe84e2832d9bd264215df5/element/f.91545E0F3748EE6609C5B89379E64318.d.BBF86DE3684A012DF6DCC0BBDF3E0B45.e.4562/clear - {}
RESULT: {}
RESULT: {}
COMMAND: POST /session/b95feca9d6fe84e2832d9bd264215df5/element/f.91545E0F3748EE6609C5B89379E64318.d.BBF86DE3684A012DF6DCC0BBDF3E0B45.e.4562/value - {"text":"Romanian"}
COMMAND: GET /session/b95feca9d6fe84e2832d9bd264215df5/screenshot - {}
RESULT: {"text":"Romanian"}
COMMAND: POST /session/b95feca9d6fe84e2832d9bd264215df5/element - {"using":"xpath","value":"//input[contains(@id ,\"application-manageyards-display-component---NewYard--addressDetailDetailsName1-inner\")]"}
COMMAND: GET /session/b95feca9d6fe84e2832d9bd264215df5/screenshot - {}
RESULT: {}
RESULT: {"using":"xpath","value":"//input[contains(@id ,\"application-manageyards-display-component---NewYard--addressDetailDetailsName1-inner\")]"}
COMMAND: GET /session/b95feca9d6fe84e2832d9bd264215df5/element/f.91545E0F3748EE6609C5B89379E64318.d.BBF86DE3684A012DF6DCC0BBDF3E0B45.e.4561/property/value - {}
RESULT: {}
RESULT: {}
COMMAND: GET /session/b95feca9d6fe84e2832d9bd264215df5/screenshot - {}
RESULT: {}
COMMAND: POST /session/b95feca9d6fe84e2832d9bd264215df5/element - {"using":"xpath","value":"//*[@id=\"application-manageyards-display-component---NewYard--addressDetailDetailsCity1-inner\"]"}
RESULT: {"using":"xpath","value":"//*[@id=\"application-manageyards-display-component---NewYard--addressDetailDetailsCity1-inner\"]"}
COMMAND: POST /session/b95feca9d6fe84e2832d9bd264215df5/element/f.91545E0F3748EE6609C5B89379E64318.d.BBF86DE3684A012DF6DCC0BBDF3E0B45.e.4564/clear - {}
RESULT: {}
COMMAND: POST /session/b95feca9d6fe84e2832d9bd264215df5/element/f.91545E0F3748EE6609C5B89379E64318.d.BBF86DE3684A012DF6DCC0BBDF3E0B45.e.4564/value - {"text":"Bucuresti"}
COMMAND: GET /session/b95feca9d6fe84e2832d9bd264215df5/screenshot - {}
RESULT: {"text":"Bucuresti"}
COMMAND: GET /session/b95feca9d6fe84e2832d9bd264215df5/screenshot - {}
RESULT: {}
RESULT: {}
COMMAND: POST /session/b95feca9d6fe84e2832d9bd264215df5/element - {"using":"xpath","value":"//*[@id=\"application-manageyards-display-component---NewYard--addressDetailDetailsCountry-inner\"]"}
RESULT: {"using":"xpath","value":"//*[@id=\"application-manageyards-display-component---NewYard--addressDetailDetailsCountry-inner\"]"}
COMMAND: POST /session/b95feca9d6fe84e2832d9bd264215df5/element/f.91545E0F3748EE6609C5B89379E64318.d.BBF86DE3684A012DF6DCC0BBDF3E0B45.e.4568/clear - {}
RESULT: {}
COMMAND: POST /session/b95feca9d6fe84e2832d9bd264215df5/element/f.91545E0F3748EE6609C5B89379E64318.d.BBF86DE3684A012DF6DCC0BBDF3E0B45.e.4568/value - {"text":"Romania"}
COMMAND: GET /session/b95feca9d6fe84e2832d9bd264215df5/screenshot - {}
RESULT: {"text":"Romania"}
COMMAND: GET /session/b95feca9d6fe84e2832d9bd264215df5/screenshot - {}
RESULT: {}
RESULT: {}
COMMAND: POST /session/b95feca9d6fe84e2832d9bd264215df5/element - {"using":"xpath","value":"//div[contains(text(), \"Commercial\")]"}
RESULT: {"using":"xpath","value":"//div[contains(text(), \"Commercial\")]"}
COMMAND: GET /session/b95feca9d6fe84e2832d9bd264215df5/element/f.91545E0F3748EE6609C5B89379E64318.d.BBF86DE3684A012DF6DCC0BBDF3E0B45.e.4757/rect - {}
RESULT: {}
COMMAND: GET /session/b95feca9d6fe84e2832d9bd264215df5/window/rect - {}
RESULT: {}
COMMAND: POST /session/b95feca9d6fe84e2832d9bd264215df5/execute/sync - {"script":"<script> [92 bytes]","args":[]}
RESULT: {"script":"<script> [92 bytes]","args":[]}
COMMAND: POST /session/b95feca9d6fe84e2832d9bd264215df5/actions - {"actions":[{"id":"action10","type":"wheel","parameters":{},"actions":[{"type":"scroll","x":-1841,"y":-44,"deltaX":0,"deltaY":0,"duration":0,"origin":{"element-6066-11e4-a52e-4f735466cecf":"f.91545E0F3748EE6609C5B89379E64318.d.BBF86DE3684A012DF6DCC0BBDF3E0B45.e.4757"}}]}]}
COMMAND: GET /session/b95feca9d6fe84e2832d9bd264215df5/screenshot - {}
RESULT: {}
COMMAND: POST /session/b95feca9d6fe84e2832d9bd264215df5/execute/sync - {"script":"<script> [79 bytes]","args":[{"element-6066-11e4-a52e-4f735466cecf":"f.91545E0F3748EE6609C5B89379E64318.d.BBF86DE3684A012DF6DCC0BBDF3E0B45.e.4757","ELEMENT":"f.91545E0F3748EE6609C5B89379E64318.d.BBF86DE3684A012DF6DCC0BBDF3E0B45.e.4757"},{"block":"start","inline":"nearest"}]}
RESULT: {"script":"<script> [79 bytes]","args":[{"element-6066-11e4-a52e-4f735466cecf":"f.91545E0F3748EE6609C5B89379E64318.d.BBF86DE3684A012DF6DCC0BBDF3E0B45.e.4757","ELEMENT":"f.91545E0F3748EE6609C5B89379E64318.d.BBF86DE3684A012DF6DCC0BBDF3E0B45.e.4757"},{"block":"start","inline":"nearest"}]}
COMMAND: GET /session/b95feca9d6fe84e2832d9bd264215df5/screenshot - {}
RESULT: {}
COMMAND: POST /session/b95feca9d6fe84e2832d9bd264215df5/execute/async - {"script":"<script> [1562 bytes]","args":[{"selector":{"id":"application-manageyards-display-component---NewYard--addressEditDetailsCostObjectCstType-arrow"},"wdio_ui5_key":"applicationmanageyards-display-component---NewYard--addressEditDetailsCostObjectCstType-arrow"}]}
RESULT: {"script":"<script> [1562 bytes]","args":[{"selector":{"id":"application-manageyards-display-component---NewYard--addressEditDetailsCostObjectCstType-arrow"},"wdio_ui5_key":"applicationmanageyards-display-component---NewYard--addressEditDetailsCostObjectCstType-arrow"}]}
RESULT: undefined
COMMAND: POST /session/b95feca9d6fe84e2832d9bd264215df5/element - {"using":"xpath","value":"//*[@id=\"application-manageyards-display-component---NewYard--addressEditDetailsCostObjectCstType-arrow\"]"}
RESULT: {"using":"xpath","value":"//*[@id=\"application-manageyards-display-component---NewYard--addressEditDetailsCostObjectCstType-arrow\"]"}
COMMAND: POST /session/b95feca9d6fe84e2832d9bd264215df5/element/f.91545E0F3748EE6609C5B89379E64318.d.BBF86DE3684A012DF6DCC0BBDF3E0B45.e.4765/click - {}
RESULT: {}
COMMAND: POST /session/b95feca9d6fe84e2832d9bd264215df5/element - {"using":"xpath","value":"//span[contains(text(), \"Cost Center\")]"}
COMMAND: GET /session/b95feca9d6fe84e2832d9bd264215df5/screenshot - {}
RESULT: {"using":"xpath","value":"//span[contains(text(), \"Cost Center\")]"}
COMMAND: POST /session/b95feca9d6fe84e2832d9bd264215df5/element/f.91545E0F3748EE6609C5B89379E64318.d.BBF86DE3684A012DF6DCC0BBDF3E0B45.e.4766/click - {}
RESULT: {}
RESULT: {}
COMMAND: GET /session/b95feca9d6fe84e2832d9bd264215df5/screenshot - {}
RESULT: {}
COMMAND: POST /session/b95feca9d6fe84e2832d9bd264215df5/execute/async - {"script":"<script> [1562 bytes]","args":[{"selector":{"id":"application-manageyards-display-component---NewYard--addressNewCostObjectCstID-vhi"},"wdio_ui5_key":"applicationmanageyards-display-component---NewYard--addressNewCostObjectCstID-vhi"}]}
RESULT: {"script":"<script> [1562 bytes]","args":[{"selector":{"id":"application-manageyards-display-component---NewYard--addressNewCostObjectCstID-vhi"},"wdio_ui5_key":"applicationmanageyards-display-component---NewYard--addressNewCostObjectCstID-vhi"}]}
RESULT: undefined
COMMAND: POST /session/b95feca9d6fe84e2832d9bd264215df5/element - {"using":"xpath","value":"//*[@id=\"application-manageyards-display-component---NewYard--addressNewCostObjectCstID-vhi\"]"}
RESULT: {"using":"xpath","value":"//*[@id=\"application-manageyards-display-component---NewYard--addressNewCostObjectCstID-vhi\"]"}
COMMAND: POST /session/b95feca9d6fe84e2832d9bd264215df5/element/f.91545E0F3748EE6609C5B89379E64318.d.BBF86DE3684A012DF6DCC0BBDF3E0B45.e.4770/click - {}
RESULT: {}
COMMAND: GET /session/b95feca9d6fe84e2832d9bd264215df5/screenshot - {}
RESULT: {}
COMMAND: POST /session/b95feca9d6fe84e2832d9bd264215df5/execute/async - {"script":"<script> [1562 bytes]","args":[{"selector":{"controlType":"sap.m.SearchField","properties":{"placeholder":"Search"},"searchOpenDialogs":true,"interaction":{"idSuffix":"I"}},"wdio_ui5_key":"sapm.SearchField{\"placeholder\":\"Search\"}"}]}
RESULT: {"script":"<script> [1562 bytes]","args":[{"selector":{"controlType":"sap.m.SearchField","properties":{"placeholder":"Search"},"searchOpenDialogs":true,"interaction":{"idSuffix":"I"}},"wdio_ui5_key":"sapm.SearchField{\"placeholder\":\"Search\"}"}]}
RESULT: undefined
COMMAND: POST /session/b95feca9d6fe84e2832d9bd264215df5/execute/async - {"script":"<script> [776 bytes]","args":[{"enterText":"10001013","selector":{"controlType":"sap.m.SearchField","properties":{"placeholder":"Search"},"searchOpenDialogs":true,"interaction":{"idSuffix":"I"}},"clearTextFirst":true,"interactionType":"ENTER_TEXT"}]}
RESULT: {"script":"<script> [776 bytes]","args":[{"enterText":"10001013","selector":{"controlType":"sap.m.SearchField","properties":{"placeholder":"Search"},"searchOpenDialogs":true,"interaction":{"idSuffix":"I"}},"clearTextFirst":true,"interactionType":"ENTER_TEXT"}]}
COMMAND: POST /session/b95feca9d6fe84e2832d9bd264215df5/actions - {"actions":[{"id":"action11","type":"key","parameters":{},"actions":[{"type":"keyDown","value":"î€‡"},{"type":"pause","duration":10},{"type":"keyUp","value":"î€‡"}]}]}
RESULT: {"actions":[{"id":"action11","type":"key","parameters":{},"actions":[{"type":"keyDown","value":"î€‡"},{"type":"pause","duration":10},{"type":"keyUp","value":"î€‡"}]}]}
COMMAND: GET /session/b95feca9d6fe84e2832d9bd264215df5/screenshot - {}
RESULT: {}
COMMAND: POST /session/b95feca9d6fe84e2832d9bd264215df5/element - {"using":"xpath","value":"//span[contains(text(), \"General Management\")]"}
RESULT: {"using":"xpath","value":"//span[contains(text(), \"General Management\")]"}
COMMAND: POST /session/b95feca9d6fe84e2832d9bd264215df5/element/f.91545E0F3748EE6609C5B89379E64318.d.BBF86DE3684A012DF6DCC0BBDF3E0B45.e.4811/click - {}
RESULT: {}
COMMAND: GET /session/b95feca9d6fe84e2832d9bd264215df5/screenshot - {}
RESULT: {}
COMMAND: POST /session/b95feca9d6fe84e2832d9bd264215df5/element - {"using":"xpath","value":"//bdi[contains(text(), \"OK\")]"}
RESULT: {"using":"xpath","value":"//bdi[contains(text(), \"OK\")]"}
COMMAND: POST /session/b95feca9d6fe84e2832d9bd264215df5/element/f.91545E0F3748EE6609C5B89379E64318.d.BBF86DE3684A012DF6DCC0BBDF3E0B45.e.4812/click - {}
RESULT: {}
COMMAND: GET /session/b95feca9d6fe84e2832d9bd264215df5/screenshot - {}
RESULT: {}
COMMAND: POST /session/b95feca9d6fe84e2832d9bd264215df5/execute/async - {"script":"<script> [1562 bytes]","args":[{"selector":{"controlType":"sap.m.Button","viewName":"etm.portal.ui.manageyards.view.New","viewId":"application-manageyards-display-component---NewYard","i18NText":{"propertyName":"text","key":"save"},"interaction":{"idSuffix":"inner"}},"wdio_ui5_key":"etmportal.ui.manageyards.view.Newsap.m.Button{\"propertyName\":\"text\",\"key\":\"save\"}"}]}
RESULT: {"script":"<script> [1562 bytes]","args":[{"selector":{"controlType":"sap.m.Button","viewName":"etm.portal.ui.manageyards.view.New","viewId":"application-manageyards-display-component---NewYard","i18NText":{"propertyName":"text","key":"save"},"interaction":{"idSuffix":"inner"}},"wdio_ui5_key":"etmportal.ui.manageyards.view.Newsap.m.Button{\"propertyName\":\"text\",\"key\":\"save\"}"}]}
RESULT: undefined
COMMAND: POST /session/b95feca9d6fe84e2832d9bd264215df5/element - {"using":"xpath","value":"//*[@id=\"__button79\"]"}
RESULT: {"using":"xpath","value":"//*[@id=\"__button79\"]"}
COMMAND: POST /session/b95feca9d6fe84e2832d9bd264215df5/element/f.91545E0F3748EE6609C5B89379E64318.d.BBF86DE3684A012DF6DCC0BBDF3E0B45.e.4737/click - {}
RESULT: {}
COMMAND: GET /session/b95feca9d6fe84e2832d9bd264215df5/screenshot - {}
RESULT: {}
COMMAND: POST /session/b95feca9d6fe84e2832d9bd264215df5/element - {"using":"xpath","value":"//header/div/div[2]/div[2]/span"}
RESULT: {"using":"xpath","value":"//header/div/div[2]/div[2]/span"}
COMMAND: GET /session/b95feca9d6fe84e2832d9bd264215df5/element/f.91545E0F3748EE6609C5B89379E64318.d.BBF86DE3684A012DF6DCC0BBDF3E0B45.e.5008/text - {}
RESULT: {}
COMMAND: POST /session/b95feca9d6fe84e2832d9bd264215df5/execute/async - {"script":"<script> [1562 bytes]","args":[{"selector":{"controlType":"sap.m.OverflowToolbarButton","viewName":"etm.portal.ui.manageyards.view.Detail","viewId":"application-manageyards-display-component---detailYard","i18NText":{"propertyName":"tooltip","key":"closeColumn"},"interaction":{"idSuffix":"inner"}},"wdio_ui5_key":"etmportal.ui.manageyards.view.Detailsap.m.OverflowToolbarButton{\"propertyName\":\"tooltip\",\"key\":\"closeColumn\"}"}]}
RESULT: {"script":"<script> [1562 bytes]","args":[{"selector":{"controlType":"sap.m.OverflowToolbarButton","viewName":"etm.portal.ui.manageyards.view.Detail","viewId":"application-manageyards-display-component---detailYard","i18NText":{"propertyName":"tooltip","key":"closeColumn"},"interaction":{"idSuffix":"inner"}},"wdio_ui5_key":"etmportal.ui.manageyards.view.Detailsap.m.OverflowToolbarButton{\"propertyName\":\"tooltip\",\"key\":\"closeColumn\"}"}]}
RESULT: undefined
COMMAND: POST /session/b95feca9d6fe84e2832d9bd264215df5/element - {"using":"xpath","value":"//*[@id=\"__button103\"]"}
RESULT: {"using":"xpath","value":"//*[@id=\"__button103\"]"}
COMMAND: POST /session/b95feca9d6fe84e2832d9bd264215df5/element/f.91545E0F3748EE6609C5B89379E64318.d.BBF86DE3684A012DF6DCC0BBDF3E0B45.e.5010/click - {}
RESULT: {}
COMMAND: GET /session/b95feca9d6fe84e2832d9bd264215df5/screenshot - {}
RESULT: {}
COMMAND: POST /session/b95feca9d6fe84e2832d9bd264215df5/element - {"using":"css selector","value":"#shell-header-logo"}
RESULT: {"using":"css selector","value":"#shell-header-logo"}
COMMAND: POST /session/b95feca9d6fe84e2832d9bd264215df5/element/f.91545E0F3748EE6609C5B89379E64318.d.BBF86DE3684A012DF6DCC0BBDF3E0B45.e.4284/click - {}
RESULT: {}
COMMAND: GET /session/b95feca9d6fe84e2832d9bd264215df5/screenshot - {}
RESULT: {}
COMMAND: POST /session/b95feca9d6fe84e2832d9bd264215df5/refresh - {}
RESULT: {}
COMMAND: GET /session/b95feca9d6fe84e2832d9bd264215df5/screenshot - {}
RESULT: {}
COMMAND: POST /session/b95feca9d6fe84e2832d9bd264215df5/execute/async - {"script":"<script> [189 bytes]","args":[]}
RESULT: {"script":"<script> [189 bytes]","args":[]}
COMMAND: POST /session/b95feca9d6fe84e2832d9bd264215df5/execute/async - {"script":"<script> [123 bytes]","args":[]}
RESULT: {"script":"<script> [123 bytes]","args":[]}
COMMAND: POST /session/b95feca9d6fe84e2832d9bd264215df5/timeouts - {"script":"<number>"}
RESULT: {"script":"<number>"}
COMMAND: GET /session/b95feca9d6fe84e2832d9bd264215df5/timeouts - {}
RESULT: {}
RESULT: undefined
COMMAND: POST /session/b95feca9d6fe84e2832d9bd264215df5/execute/async - {"script":"<script> [2676 bytes]","args":[]}
RESULT: {"script":"<script> [2676 bytes]","args":[]}
COMMAND: POST /session/b95feca9d6fe84e2832d9bd264215df5/execute/async - {"script":"<script> [2342 bytes]","args":[{"protocol":"http","hostname":"0.0.0.0","path":"/","capabilities":{"browserName":"chrome","goog:chromeOptions":{"binary":"C:\\Program Files\\Google\\Chrome\\Application\\chrome.exe","args":["--start-maximized"]}},"logLevel":"warn","connectionRetryTimeout":120000,"connectionRetryCount":3,"logLevels":{},"enableDirectConnect":true,"strictSSL":true,"_":"65 more keys: [\"cacheDir\",\"port\",\"requestedCapabilities\",\"automationProtocol\",\"baseUrl\",\"waitforInterval\",\"waitforTimeout\",\"onReload\",\"beforeCommand\",\"afterCommand\",\"rootDir\",\"specs\",\"suites\",\"exclude\",\"groupLogsByTestSpec\",\"excludeDriverLogs\",\"bail\",\"framework\",\"reporters\",\"services\",\"maxInstances\",\"maxInstancesPerCapability\",\"injectGlobals\",\"filesToWatch\",\"execArgv\",\"runnerEnv\",\"runner\",\"shard\",\"specFileRetries\",\"specFileRetriesDelay\",\"specFileRetriesDeferred\",\"reporterSyncInterval\",\"reporterSyncTimeout\",\"cucumberFeaturesWithLineNumbers\",\"autoCompileOpts\",\"mochaOpts\",\"jasmineOpts\",\"cucumberOpts\",\"onPrepare\",\"onWorkerStart\",\"onWorkerEnd\",\"before\",\"beforeSession\",\"beforeSuite\",\"beforeHook\",\"beforeTest\",\"afterTest\",\"afterHook\",\"afterSuite\",\"afterSession\",\"after\",\"onComplete\",\"beforeAssertion\",\"afterAssertion\",\"beforeFeature\",\"beforeScenario\",\"beforeStep\",\"afterStep\",\"afterScenario\",\"afterFeature\",\"_\",\"suite\",\"$0\",\"ignoredWorkerServices\",\"wdi5\"]"}]}
RESULT: {"script":"<script> [2342 bytes]","args":[{"protocol":"http","hostname":"0.0.0.0","path":"/","capabilities":{"browserName":"chrome","goog:chromeOptions":{"binary":"C:\\Program Files\\Google\\Chrome\\Application\\chrome.exe","args":["--start-maximized"]}},"logLevel":"warn","connectionRetryTimeout":120000,"connectionRetryCount":3,"logLevels":{},"enableDirectConnect":true,"strictSSL":true,"_":"65 more keys: [\"cacheDir\",\"port\",\"requestedCapabilities\",\"automationProtocol\",\"baseUrl\",\"waitforInterval\",\"waitforTimeout\",\"onReload\",\"beforeCommand\",\"afterCommand\",\"rootDir\",\"specs\",\"suites\",\"exclude\",\"groupLogsByTestSpec\",\"excludeDriverLogs\",\"bail\",\"framework\",\"reporters\",\"services\",\"maxInstances\",\"maxInstancesPerCapability\",\"injectGlobals\",\"filesToWatch\",\"execArgv\",\"runnerEnv\",\"runner\",\"shard\",\"specFileRetries\",\"specFileRetriesDelay\",\"specFileRetriesDeferred\",\"reporterSyncInterval\",\"reporterSyncTimeout\",\"cucumberFeaturesWithLineNumbers\",\"autoCompileOpts\",\"mochaOpts\",\"jasmineOpts\",\"cucumberOpts\",\"onPrepare\",\"onWorkerStart\",\"onWorkerEnd\",\"before\",\"beforeSession\",\"beforeSuite\",\"beforeHook\",\"beforeTest\",\"afterTest\",\"afterHook\",\"afterSuite\",\"afterSession\",\"after\",\"onComplete\",\"beforeAssertion\",\"afterAssertion\",\"beforeFeature\",\"beforeScenario\",\"beforeStep\",\"afterStep\",\"afterScenario\",\"afterFeature\",\"_\",\"suite\",\"$0\",\"ignoredWorkerServices\",\"wdi5\"]"}]}
COMMAND: POST /session/b95feca9d6fe84e2832d9bd264215df5/execute/async - {"script":"<script> [21126 bytes]","args":[35000]}
RESULT: {"script":"<script> [21126 bytes]","args":[35000]}
COMMAND: POST /session/b95feca9d6fe84e2832d9bd264215df5/execute/async - {"script":"<script> [1562 bytes]","args":[{"selector":{"controlType":"sap.m.GenericTile","properties":{"header":"Manage Partners"}},"wdio_ui5_key":"sapm.GenericTile{\"header\":\"Manage Partners\"}"}]}
RESULT: {"script":"<script> [1562 bytes]","args":[{"selector":{"controlType":"sap.m.GenericTile","properties":{"header":"Manage Partners"}},"wdio_ui5_key":"sapm.GenericTile{\"header\":\"Manage Partners\"}"}]}
RESULT: undefined
COMMAND: POST /session/b95feca9d6fe84e2832d9bd264215df5/element - {"using":"xpath","value":"//*[@id=\"__tile38\"]"}
RESULT: {"using":"xpath","value":"//*[@id=\"__tile38\"]"}
COMMAND: POST /session/b95feca9d6fe84e2832d9bd264215df5/element/f.91545E0F3748EE6609C5B89379E64318.d.242ADE7658D74A515DBAE9CEA88F0F6A.e.5365/click - {}
RESULT: {}
COMMAND: GET /session/b95feca9d6fe84e2832d9bd264215df5/screenshot - {}
RESULT: {}
COMMAND: POST /session/b95feca9d6fe84e2832d9bd264215df5/execute/async - {"script":"<script> [1562 bytes]","args":[{"selector":{"controlType":"sap.ui.core.Icon","viewName":"etm.portal.ui.managepartners.view.Master","viewId":"application-managepartners-display-component---masterPtm","properties":{"src":{"regex":{"source":"add"}}}},"wdio_ui5_key":"etmportal.ui.managepartners.view.Mastersap.ui.core.Icon{\"src\":{\"regex\":{\"source\":\"add\"}}}"}]}
RESULT: {"script":"<script> [1562 bytes]","args":[{"selector":{"controlType":"sap.ui.core.Icon","viewName":"etm.portal.ui.managepartners.view.Master","viewId":"application-managepartners-display-component---masterPtm","properties":{"src":{"regex":{"source":"add"}}}},"wdio_ui5_key":"etmportal.ui.managepartners.view.Mastersap.ui.core.Icon{\"src\":{\"regex\":{\"source\":\"add\"}}}"}]}
RESULT: undefined
COMMAND: POST /session/b95feca9d6fe84e2832d9bd264215df5/element - {"using":"xpath","value":"//*[@id=\"__button4-img\"]"}
RESULT: {"using":"xpath","value":"//*[@id=\"__button4-img\"]"}
COMMAND: POST /session/b95feca9d6fe84e2832d9bd264215df5/element/f.91545E0F3748EE6609C5B89379E64318.d.242ADE7658D74A515DBAE9CEA88F0F6A.e.5416/click - {}
RESULT: {}
COMMAND: GET /session/b95feca9d6fe84e2832d9bd264215df5/screenshot - {}
COMMAND: POST /session/b95feca9d6fe84e2832d9bd264215df5/execute/async - {"script":"<script> [1562 bytes]","args":[{"selector":{"id":"application-managepartners-display-component---NewPartner--partnerId","interaction":{"idSuffix":"inner"}},"wdio_ui5_key":"applicationmanagepartners-display-component---NewPartner--partnerId"}]}
RESULT: {}
RESULT: {"script":"<script> [1562 bytes]","args":[{"selector":{"id":"application-managepartners-display-component---NewPartner--partnerId","interaction":{"idSuffix":"inner"}},"wdio_ui5_key":"applicationmanagepartners-display-component---NewPartner--partnerId"}]}
RESULT: undefined
COMMAND: POST /session/b95feca9d6fe84e2832d9bd264215df5/execute/async - {"script":"<script> [1562 bytes]","args":[{"selector":{"id":"application-managepartners-display-component---NewPartner--addressDetailDetailsName1","interaction":{"idSuffix":"inner"}},"wdio_ui5_key":"applicationmanagepartners-display-component---NewPartner--addressDetailDetailsName1"}]}
RESULT: {"script":"<script> [1562 bytes]","args":[{"selector":{"id":"application-managepartners-display-component---NewPartner--addressDetailDetailsName1","interaction":{"idSuffix":"inner"}},"wdio_ui5_key":"applicationmanagepartners-display-component---NewPartner--addressDetailDetailsName1"}]}
RESULT: undefined
COMMAND: POST /session/b95feca9d6fe84e2832d9bd264215df5/execute/async - {"script":"<script> [776 bytes]","args":[{"enterText":"WebdriverPartnerbaqt1","selector":{"id":"application-managepartners-display-component---NewPartner--addressDetailDetailsName1","interaction":{"idSuffix":"inner"}},"clearTextFirst":true,"interactionType":"ENTER_TEXT"}]}
RESULT: {"script":"<script> [776 bytes]","args":[{"enterText":"WebdriverPartnerbaqt1","selector":{"id":"application-managepartners-display-component---NewPartner--addressDetailDetailsName1","interaction":{"idSuffix":"inner"}},"clearTextFirst":true,"interactionType":"ENTER_TEXT"}]}
COMMAND: POST /session/b95feca9d6fe84e2832d9bd264215df5/execute/async - {"script":"<script> [1562 bytes]","args":[{"selector":{"id":"application-managepartners-display-component---NewPartner--addressDetailDetailsLanguage","interaction":{"idSuffix":"inner"}},"wdio_ui5_key":"applicationmanagepartners-display-component---NewPartner--addressDetailDetailsLanguage"}]}
RESULT: {"script":"<script> [1562 bytes]","args":[{"selector":{"id":"application-managepartners-display-component---NewPartner--addressDetailDetailsLanguage","interaction":{"idSuffix":"inner"}},"wdio_ui5_key":"applicationmanagepartners-display-component---NewPartner--addressDetailDetailsLanguage"}]}
RESULT: undefined
COMMAND: POST /session/b95feca9d6fe84e2832d9bd264215df5/execute/async - {"script":"<script> [776 bytes]","args":[{"enterText":"Romanian","selector":{"id":"application-managepartners-display-component---NewPartner--addressDetailDetailsLanguage","interaction":{"idSuffix":"inner"}},"clearTextFirst":true,"interactionType":"ENTER_TEXT"}]}
RESULT: {"script":"<script> [776 bytes]","args":[{"enterText":"Romanian","selector":{"id":"application-managepartners-display-component---NewPartner--addressDetailDetailsLanguage","interaction":{"idSuffix":"inner"}},"clearTextFirst":true,"interactionType":"ENTER_TEXT"}]}
COMMAND: POST /session/b95feca9d6fe84e2832d9bd264215df5/element - {"using":"xpath","value":"//input[contains(@id ,\"application-managepartners-display-component---NewPartner--addressDetailDetailsName1-inner\")]"}
RESULT: {"using":"xpath","value":"//input[contains(@id ,\"application-managepartners-display-component---NewPartner--addressDetailDetailsName1-inner\")]"}
COMMAND: GET /session/b95feca9d6fe84e2832d9bd264215df5/element/f.91545E0F3748EE6609C5B89379E64318.d.242ADE7658D74A515DBAE9CEA88F0F6A.e.5634/property/value - {}
RESULT: {}
COMMAND: POST /session/b95feca9d6fe84e2832d9bd264215df5/execute/async - {"script":"<script> [1562 bytes]","args":[{"selector":{"id":"application-managepartners-display-component---NewPartner--addressDetailDetailsCity1","interaction":{"idSuffix":"inner"}},"wdio_ui5_key":"applicationmanagepartners-display-component---NewPartner--addressDetailDetailsCity1"}]}
COMMAND: GET /session/b95feca9d6fe84e2832d9bd264215df5/screenshot - {}
RESULT: {"script":"<script> [1562 bytes]","args":[{"selector":{"id":"application-managepartners-display-component---NewPartner--addressDetailDetailsCity1","interaction":{"idSuffix":"inner"}},"wdio_ui5_key":"applicationmanagepartners-display-component---NewPartner--addressDetailDetailsCity1"}]}
RESULT: undefined
COMMAND: POST /session/b95feca9d6fe84e2832d9bd264215df5/execute/async - {"script":"<script> [776 bytes]","args":[{"enterText":"Bucharest","selector":{"id":"application-managepartners-display-component---NewPartner--addressDetailDetailsCity1","interaction":{"idSuffix":"inner"}},"clearTextFirst":true,"interactionType":"ENTER_TEXT"}]}
RESULT: {}
RESULT: {"script":"<script> [776 bytes]","args":[{"enterText":"Bucharest","selector":{"id":"application-managepartners-display-component---NewPartner--addressDetailDetailsCity1","interaction":{"idSuffix":"inner"}},"clearTextFirst":true,"interactionType":"ENTER_TEXT"}]}
COMMAND: POST /session/b95feca9d6fe84e2832d9bd264215df5/execute/async - {"script":"<script> [1562 bytes]","args":[{"selector":{"id":"application-managepartners-display-component---NewPartner--addressDetailDetailsCountry","interaction":{"idSuffix":"inner"}},"wdio_ui5_key":"applicationmanagepartners-display-component---NewPartner--addressDetailDetailsCountry"}]}
RESULT: {"script":"<script> [1562 bytes]","args":[{"selector":{"id":"application-managepartners-display-component---NewPartner--addressDetailDetailsCountry","interaction":{"idSuffix":"inner"}},"wdio_ui5_key":"applicationmanagepartners-display-component---NewPartner--addressDetailDetailsCountry"}]}
RESULT: undefined
COMMAND: POST /session/b95feca9d6fe84e2832d9bd264215df5/execute/async - {"script":"<script> [6424 bytes]","args":[{"element-6066-11e4-a52e-4f735466cecf":"f.91545E0F3748EE6609C5B89379E64318.d.242ADE7658D74A515DBAE9CEA88F0F6A.e.5641"},"setValue",["Romania"]]}
RESULT: {"script":"<script> [6424 bytes]","args":[{"element-6066-11e4-a52e-4f735466cecf":"f.91545E0F3748EE6609C5B89379E64318.d.242ADE7658D74A515DBAE9CEA88F0F6A.e.5641"},"setValue",["Romania"]]}
COMMAND: POST /session/b95feca9d6fe84e2832d9bd264215df5/execute/async - {"script":"<script> [1562 bytes]","args":[{"selector":{"id":"application-managepartners-display-component---NewPartner--partnerDetailInternal","interaction":{"idSuffix":"inner"}},"wdio_ui5_key":"applicationmanagepartners-display-component---NewPartner--partnerDetailInternal"}]}
RESULT: {"script":"<script> [1562 bytes]","args":[{"selector":{"id":"application-managepartners-display-component---NewPartner--partnerDetailInternal","interaction":{"idSuffix":"inner"}},"wdio_ui5_key":"applicationmanagepartners-display-component---NewPartner--partnerDetailInternal"}]}
RESULT: undefined
COMMAND: POST /session/b95feca9d6fe84e2832d9bd264215df5/execute/async - {"script":"<script> [776 bytes]","args":[{"enterText":"External partner","selector":{"id":"application-managepartners-display-component---NewPartner--partnerDetailInternal","interaction":{"idSuffix":"inner"}},"clearTextFirst":true,"interactionType":"ENTER_TEXT"}]}
RESULT: {"script":"<script> [776 bytes]","args":[{"enterText":"External partner","selector":{"id":"application-managepartners-display-component---NewPartner--partnerDetailInternal","interaction":{"idSuffix":"inner"}},"clearTextFirst":true,"interactionType":"ENTER_TEXT"}]}
COMMAND: POST /session/b95feca9d6fe84e2832d9bd264215df5/execute/async - {"script":"<script> [1562 bytes]","args":[{"selector":{"id":"application-managepartners-display-component---NewPartner--partnerDetailsCurrency","interaction":{"idSuffix":"inner"}},"wdio_ui5_key":"applicationmanagepartners-display-component---NewPartner--partnerDetailsCurrency"}]}
RESULT: {"script":"<script> [1562 bytes]","args":[{"selector":{"id":"application-managepartners-display-component---NewPartner--partnerDetailsCurrency","interaction":{"idSuffix":"inner"}},"wdio_ui5_key":"applicationmanagepartners-display-component---NewPartner--partnerDetailsCurrency"}]}
RESULT: undefined
COMMAND: POST /session/b95feca9d6fe84e2832d9bd264215df5/execute/async - {"script":"<script> [776 bytes]","args":[{"enterText":"Euro","selector":{"id":"application-managepartners-display-component---NewPartner--partnerDetailsCurrency","interaction":{"idSuffix":"inner"}},"clearTextFirst":true,"interactionType":"ENTER_TEXT"}]}
RESULT: {"script":"<script> [776 bytes]","args":[{"enterText":"Euro","selector":{"id":"application-managepartners-display-component---NewPartner--partnerDetailsCurrency","interaction":{"idSuffix":"inner"}},"clearTextFirst":true,"interactionType":"ENTER_TEXT"}]}
COMMAND: POST /session/b95feca9d6fe84e2832d9bd264215df5/execute/async - {"script":"<script> [1562 bytes]","args":[{"selector":{"controlType":"sap.m.Button","viewName":"etm.portal.ui.managepartners.view.NewPartner","viewId":"application-managepartners-display-component---NewPartner","properties":{"text":"Commercial"},"interaction":{"idSuffix":"BDI-content"}},"wdio_ui5_key":"etmportal.ui.managepartners.view.NewPartnersap.m.Button{\"text\":\"Commercial\"}"}]}
RESULT: {"script":"<script> [1562 bytes]","args":[{"selector":{"controlType":"sap.m.Button","viewName":"etm.portal.ui.managepartners.view.NewPartner","viewId":"application-managepartners-display-component---NewPartner","properties":{"text":"Commercial"},"interaction":{"idSuffix":"BDI-content"}},"wdio_ui5_key":"etmportal.ui.managepartners.view.NewPartnersap.m.Button{\"text\":\"Commercial\"}"}]}
RESULT: undefined
COMMAND: POST /session/b95feca9d6fe84e2832d9bd264215df5/element - {"using":"xpath","value":"//*[@id=\"application-managepartners-display-component---NewPartner--ObjectPageLayout-anchBar-__section5-anchor\"]"}
RESULT: {"using":"xpath","value":"//*[@id=\"application-managepartners-display-component---NewPartner--ObjectPageLayout-anchBar-__section5-anchor\"]"}
COMMAND: POST /session/b95feca9d6fe84e2832d9bd264215df5/element/f.91545E0F3748EE6609C5B89379E64318.d.242ADE7658D74A515DBAE9CEA88F0F6A.e.5838/click - {}
RESULT: {}
COMMAND: GET /session/b95feca9d6fe84e2832d9bd264215df5/screenshot - {}
RESULT: {}
COMMAND: POST /session/b95feca9d6fe84e2832d9bd264215df5/execute/async - {"script":"<script> [1562 bytes]","args":[{"selector":{"id":"application-managepartners-display-component---NewPartner--btnAddTableRow-img"},"wdio_ui5_key":"applicationmanagepartners-display-component---NewPartner--btnAddTableRow-img"}]}
RESULT: {"script":"<script> [1562 bytes]","args":[{"selector":{"id":"application-managepartners-display-component---NewPartner--btnAddTableRow-img"},"wdio_ui5_key":"applicationmanagepartners-display-component---NewPartner--btnAddTableRow-img"}]}
RESULT: undefined
COMMAND: POST /session/b95feca9d6fe84e2832d9bd264215df5/element - {"using":"xpath","value":"//*[@id=\"application-managepartners-display-component---NewPartner--btnAddTableRow-img\"]"}
RESULT: {"using":"xpath","value":"//*[@id=\"application-managepartners-display-component---NewPartner--btnAddTableRow-img\"]"}
COMMAND: POST /session/b95feca9d6fe84e2832d9bd264215df5/element/f.91545E0F3748EE6609C5B89379E64318.d.242ADE7658D74A515DBAE9CEA88F0F6A.e.5844/click - {}
RESULT: {}
COMMAND: POST /session/b95feca9d6fe84e2832d9bd264215df5/element - {"using":"xpath","value":"//input[contains(@id ,\"application-managepartners-display-component---NewPartner--assignmentYard-application-managepartners-display-component---NewPartner\")]"}
COMMAND: GET /session/b95feca9d6fe84e2832d9bd264215df5/screenshot - {}
RESULT: {"using":"xpath","value":"//input[contains(@id ,\"application-managepartners-display-component---NewPartner--assignmentYard-application-managepartners-display-component---NewPartner\")]"}
COMMAND: POST /session/b95feca9d6fe84e2832d9bd264215df5/element/f.91545E0F3748EE6609C5B89379E64318.d.242ADE7658D74A515DBAE9CEA88F0F6A.e.5847/clear - {}
RESULT: {}
RESULT: {}
COMMAND: POST /session/b95feca9d6fe84e2832d9bd264215df5/element/f.91545E0F3748EE6609C5B89379E64318.d.242ADE7658D74A515DBAE9CEA88F0F6A.e.5847/value - {"text":"272"}
COMMAND: GET /session/b95feca9d6fe84e2832d9bd264215df5/screenshot - {}
RESULT: {"text":"272"}
COMMAND: GET /session/b95feca9d6fe84e2832d9bd264215df5/screenshot - {}
RESULT: {}
RESULT: {}
COMMAND: POST /session/b95feca9d6fe84e2832d9bd264215df5/execute/async - {"script":"<script> [1562 bytes]","args":[{"selector":{"controlType":"sap.m.Button","viewName":"etm.portal.ui.managepartners.view.NewPartner","viewId":"application-managepartners-display-component---NewPartner","i18NText":{"propertyName":"text","key":"save"},"interaction":{"idSuffix":"BDI-content"}},"wdio_ui5_key":"etmportal.ui.managepartners.view.NewPartnersap.m.Button{\"propertyName\":\"text\",\"key\":\"save\"}"}]}
RESULT: {"script":"<script> [1562 bytes]","args":[{"selector":{"controlType":"sap.m.Button","viewName":"etm.portal.ui.managepartners.view.NewPartner","viewId":"application-managepartners-display-component---NewPartner","i18NText":{"propertyName":"text","key":"save"},"interaction":{"idSuffix":"BDI-content"}},"wdio_ui5_key":"etmportal.ui.managepartners.view.NewPartnersap.m.Button{\"propertyName\":\"text\",\"key\":\"save\"}"}]}
RESULT: undefined
COMMAND: POST /session/b95feca9d6fe84e2832d9bd264215df5/element - {"using":"xpath","value":"//*[@id=\"__button12\"]"}
RESULT: {"using":"xpath","value":"//*[@id=\"__button12\"]"}
COMMAND: POST /session/b95feca9d6fe84e2832d9bd264215df5/element/f.91545E0F3748EE6609C5B89379E64318.d.242ADE7658D74A515DBAE9CEA88F0F6A.e.5811/click - {}
RESULT: {}
COMMAND: GET /session/b95feca9d6fe84e2832d9bd264215df5/screenshot - {}
RESULT: {}
COMMAND: POST /session/b95feca9d6fe84e2832d9bd264215df5/element - {"using":"xpath","value":"//header/div/div[2]/div[2]/span"}
RESULT: {"using":"xpath","value":"//header/div/div[2]/div[2]/span"}
COMMAND: GET /session/b95feca9d6fe84e2832d9bd264215df5/element/f.91545E0F3748EE6609C5B89379E64318.d.242ADE7658D74A515DBAE9CEA88F0F6A.e.6019/text - {}
RESULT: {}
COMMAND: POST /session/b95feca9d6fe84e2832d9bd264215df5/element - {"using":"xpath","value":"//header/div/div/div/div/div/div[2]/div/span"}
RESULT: {"using":"xpath","value":"//header/div/div/div/div/div/div[2]/div/span"}
COMMAND: GET /session/b95feca9d6fe84e2832d9bd264215df5/element/f.91545E0F3748EE6609C5B89379E64318.d.242ADE7658D74A515DBAE9CEA88F0F6A.e.6020/text - {}
RESULT: {}
COMMAND: POST /session/b95feca9d6fe84e2832d9bd264215df5/execute/async - {"script":"<script> [1562 bytes]","args":[{"selector":{"id":"application-managepartners-display-component---detailPtm--partnerType"},"wdio_ui5_key":"applicationmanagepartners-display-component---detailPtm--partnerType"}]}
RESULT: {"script":"<script> [1562 bytes]","args":[{"selector":{"id":"application-managepartners-display-component---detailPtm--partnerType"},"wdio_ui5_key":"applicationmanagepartners-display-component---detailPtm--partnerType"}]}
RESULT: undefined
COMMAND: POST /session/b95feca9d6fe84e2832d9bd264215df5/execute/async - {"script":"<script> [6424 bytes]","args":[{"element-6066-11e4-a52e-4f735466cecf":"f.91545E0F3748EE6609C5B89379E64318.d.242ADE7658D74A515DBAE9CEA88F0F6A.e.6021"},"getText",[]]}
RESULT: {"script":"<script> [6424 bytes]","args":[{"element-6066-11e4-a52e-4f735466cecf":"f.91545E0F3748EE6609C5B89379E64318.d.242ADE7658D74A515DBAE9CEA88F0F6A.e.6021"},"getText",[]]}
COMMAND: POST /session/b95feca9d6fe84e2832d9bd264215df5/element - {"using":"css selector","value":"#shell-header-logo"}
RESULT: {"using":"css selector","value":"#shell-header-logo"}
COMMAND: POST /session/b95feca9d6fe84e2832d9bd264215df5/element/f.91545E0F3748EE6609C5B89379E64318.d.242ADE7658D74A515DBAE9CEA88F0F6A.e.5367/click - {}
RESULT: {}
COMMAND: GET /session/b95feca9d6fe84e2832d9bd264215df5/screenshot - {}
RESULT: {}
COMMAND: POST /session/b95feca9d6fe84e2832d9bd264215df5/execute/async - {"script":"<script> [1562 bytes]","args":[{"selector":{"controlType":"sap.m.GenericTile","properties":{"header":"Manage Sites"}},"wdio_ui5_key":"sapm.GenericTile{\"header\":\"Manage Sites\"}"}]}
RESULT: {"script":"<script> [1562 bytes]","args":[{"selector":{"controlType":"sap.m.GenericTile","properties":{"header":"Manage Sites"}},"wdio_ui5_key":"sapm.GenericTile{\"header\":\"Manage Sites\"}"}]}
RESULT: undefined
COMMAND: POST /session/b95feca9d6fe84e2832d9bd264215df5/element - {"using":"xpath","value":"//*[@id=\"__tile40\"]"}
RESULT: {"using":"xpath","value":"//*[@id=\"__tile40\"]"}
COMMAND: POST /session/b95feca9d6fe84e2832d9bd264215df5/element/f.91545E0F3748EE6609C5B89379E64318.d.242ADE7658D74A515DBAE9CEA88F0F6A.e.6023/click - {}
RESULT: {}
COMMAND: GET /session/b95feca9d6fe84e2832d9bd264215df5/screenshot - {}
RESULT: {}
COMMAND: POST /session/b95feca9d6fe84e2832d9bd264215df5/execute/async - {"script":"<script> [1562 bytes]","args":[{"selector":{"controlType":"sap.ui.core.Icon","viewName":"etm.portal.ui.managesites.view.Master","viewId":"application-managesites-display-component---masterSite","properties":{"src":{"regex":{"source":"add"}}}},"wdio_ui5_key":"etmportal.ui.managesites.view.Mastersap.ui.core.Icon{\"src\":{\"regex\":{\"source\":\"add\"}}}"}]}
RESULT: {"script":"<script> [1562 bytes]","args":[{"selector":{"controlType":"sap.ui.core.Icon","viewName":"etm.portal.ui.managesites.view.Master","viewId":"application-managesites-display-component---masterSite","properties":{"src":{"regex":{"source":"add"}}}},"wdio_ui5_key":"etmportal.ui.managesites.view.Mastersap.ui.core.Icon{\"src\":{\"regex\":{\"source\":\"add\"}}}"}]}
RESULT: undefined
COMMAND: POST /session/b95feca9d6fe84e2832d9bd264215df5/element - {"using":"xpath","value":"//*[@id=\"__button52-img\"]"}
RESULT: {"using":"xpath","value":"//*[@id=\"__button52-img\"]"}
COMMAND: POST /session/b95feca9d6fe84e2832d9bd264215df5/element/f.91545E0F3748EE6609C5B89379E64318.d.242ADE7658D74A515DBAE9CEA88F0F6A.e.6072/click - {}
RESULT: {}
COMMAND: POST /session/b95feca9d6fe84e2832d9bd264215df5/execute/async - {"script":"<script> [1562 bytes]","args":[{"selector":{"id":"application-managesites-display-component---NewSite--siteId","interaction":{"idSuffix":"inner"}},"wdio_ui5_key":"applicationmanagesites-display-component---NewSite--siteId"}]}
COMMAND: GET /session/b95feca9d6fe84e2832d9bd264215df5/screenshot - {}
RESULT: {"script":"<script> [1562 bytes]","args":[{"selector":{"id":"application-managesites-display-component---NewSite--siteId","interaction":{"idSuffix":"inner"}},"wdio_ui5_key":"applicationmanagesites-display-component---NewSite--siteId"}]}
RESULT: undefined
COMMAND: POST /session/b95feca9d6fe84e2832d9bd264215df5/execute/async - {"script":"<script> [1562 bytes]","args":[{"selector":{"id":"application-managesites-display-component---NewSite--addressDetailDetailsName1","interaction":{"idSuffix":"inner"}},"wdio_ui5_key":"applicationmanagesites-display-component---NewSite--addressDetailDetailsName1"}]}
RESULT: {}
RESULT: {"script":"<script> [1562 bytes]","args":[{"selector":{"id":"application-managesites-display-component---NewSite--addressDetailDetailsName1","interaction":{"idSuffix":"inner"}},"wdio_ui5_key":"applicationmanagesites-display-component---NewSite--addressDetailDetailsName1"}]}
RESULT: undefined
COMMAND: POST /session/b95feca9d6fe84e2832d9bd264215df5/execute/async - {"script":"<script> [776 bytes]","args":[{"enterText":"WebdriverSitewua2n","selector":{"id":"application-managesites-display-component---NewSite--addressDetailDetailsName1","interaction":{"idSuffix":"inner"}},"clearTextFirst":true,"interactionType":"ENTER_TEXT"}]}
RESULT: {"script":"<script> [776 bytes]","args":[{"enterText":"WebdriverSitewua2n","selector":{"id":"application-managesites-display-component---NewSite--addressDetailDetailsName1","interaction":{"idSuffix":"inner"}},"clearTextFirst":true,"interactionType":"ENTER_TEXT"}]}
COMMAND: POST /session/b95feca9d6fe84e2832d9bd264215df5/execute/async - {"script":"<script> [1562 bytes]","args":[{"selector":{"id":"application-managesites-display-component---NewSite--addressDetailDetailsLanguage","interaction":{"idSuffix":"inner"}},"wdio_ui5_key":"applicationmanagesites-display-component---NewSite--addressDetailDetailsLanguage"}]}
RESULT: {"script":"<script> [1562 bytes]","args":[{"selector":{"id":"application-managesites-display-component---NewSite--addressDetailDetailsLanguage","interaction":{"idSuffix":"inner"}},"wdio_ui5_key":"applicationmanagesites-display-component---NewSite--addressDetailDetailsLanguage"}]}
RESULT: undefined
COMMAND: POST /session/b95feca9d6fe84e2832d9bd264215df5/execute/async - {"script":"<script> [776 bytes]","args":[{"enterText":"Romanian","selector":{"id":"application-managesites-display-component---NewSite--addressDetailDetailsLanguage","interaction":{"idSuffix":"inner"}},"clearTextFirst":true,"interactionType":"ENTER_TEXT"}]}
RESULT: {"script":"<script> [776 bytes]","args":[{"enterText":"Romanian","selector":{"id":"application-managesites-display-component---NewSite--addressDetailDetailsLanguage","interaction":{"idSuffix":"inner"}},"clearTextFirst":true,"interactionType":"ENTER_TEXT"}]}
COMMAND: POST /session/b95feca9d6fe84e2832d9bd264215df5/execute/async - {"script":"<script> [1562 bytes]","args":[{"selector":{"id":"application-managesites-display-component---NewSite--addressDetailDetailsCity1","interaction":{"idSuffix":"inner"}},"wdio_ui5_key":"applicationmanagesites-display-component---NewSite--addressDetailDetailsCity1"}]}
RESULT: {"script":"<script> [1562 bytes]","args":[{"selector":{"id":"application-managesites-display-component---NewSite--addressDetailDetailsCity1","interaction":{"idSuffix":"inner"}},"wdio_ui5_key":"applicationmanagesites-display-component---NewSite--addressDetailDetailsCity1"}]}
RESULT: undefined
COMMAND: POST /session/b95feca9d6fe84e2832d9bd264215df5/execute/async - {"script":"<script> [776 bytes]","args":[{"enterText":"Bucharest","selector":{"id":"application-managesites-display-component---NewSite--addressDetailDetailsCity1","interaction":{"idSuffix":"inner"}},"clearTextFirst":true,"interactionType":"ENTER_TEXT"}]}
RESULT: {"script":"<script> [776 bytes]","args":[{"enterText":"Bucharest","selector":{"id":"application-managesites-display-component---NewSite--addressDetailDetailsCity1","interaction":{"idSuffix":"inner"}},"clearTextFirst":true,"interactionType":"ENTER_TEXT"}]}
COMMAND: POST /session/b95feca9d6fe84e2832d9bd264215df5/execute/async - {"script":"<script> [1562 bytes]","args":[{"selector":{"id":"application-managesites-display-component---NewSite--addressDetailDetailsCountry","interaction":{"idSuffix":"inner"}},"wdio_ui5_key":"applicationmanagesites-display-component---NewSite--addressDetailDetailsCountry"}]}
RESULT: {"script":"<script> [1562 bytes]","args":[{"selector":{"id":"application-managesites-display-component---NewSite--addressDetailDetailsCountry","interaction":{"idSuffix":"inner"}},"wdio_ui5_key":"applicationmanagesites-display-component---NewSite--addressDetailDetailsCountry"}]}
RESULT: undefined
COMMAND: POST /session/b95feca9d6fe84e2832d9bd264215df5/execute/async - {"script":"<script> [776 bytes]","args":[{"enterText":"Romania","selector":{"id":"application-managesites-display-component---NewSite--addressDetailDetailsCountry","interaction":{"idSuffix":"inner"}},"clearTextFirst":true,"interactionType":"ENTER_TEXT"}]}
RESULT: {"script":"<script> [776 bytes]","args":[{"enterText":"Romania","selector":{"id":"application-managesites-display-component---NewSite--addressDetailDetailsCountry","interaction":{"idSuffix":"inner"}},"clearTextFirst":true,"interactionType":"ENTER_TEXT"}]}
COMMAND: POST /session/b95feca9d6fe84e2832d9bd264215df5/element - {"using":"css selector","value":"#application-managesites-display-component---NewSite--addressDetailDetailsCalendar-inner"}
RESULT: {"using":"css selector","value":"#application-managesites-display-component---NewSite--addressDetailDetailsCalendar-inner"}
COMMAND: POST /session/b95feca9d6fe84e2832d9bd264215df5/element/f.91545E0F3748EE6609C5B89379E64318.d.242ADE7658D74A515DBAE9CEA88F0F6A.e.6292/clear - {}
RESULT: {}
COMMAND: POST /session/b95feca9d6fe84e2832d9bd264215df5/element/f.91545E0F3748EE6609C5B89379E64318.d.242ADE7658D74A515DBAE9CEA88F0F6A.e.6292/value - {"text":"Germany"}
COMMAND: GET /session/b95feca9d6fe84e2832d9bd264215df5/screenshot - {}
RESULT: {"text":"Germany"}
COMMAND: POST /session/b95feca9d6fe84e2832d9bd264215df5/execute/async - {"script":"<script> [1562 bytes]","args":[{"selector":{"id":"application-managesites-display-component---NewSite--addressEditDetailsCostObjectCstType-arrow"},"wdio_ui5_key":"applicationmanagesites-display-component---NewSite--addressEditDetailsCostObjectCstType-arrow"}]}
COMMAND: GET /session/b95feca9d6fe84e2832d9bd264215df5/screenshot - {}
RESULT: {}
RESULT: {"script":"<script> [1562 bytes]","args":[{"selector":{"id":"application-managesites-display-component---NewSite--addressEditDetailsCostObjectCstType-arrow"},"wdio_ui5_key":"applicationmanagesites-display-component---NewSite--addressEditDetailsCostObjectCstType-arrow"}]}
RESULT: undefined
COMMAND: POST /session/b95feca9d6fe84e2832d9bd264215df5/element - {"using":"xpath","value":"//*[@id=\"application-managesites-display-component---NewSite--addressEditDetailsCostObjectCstType-arrow\"]"}
RESULT: {}
RESULT: {"using":"xpath","value":"//*[@id=\"application-managesites-display-component---NewSite--addressEditDetailsCostObjectCstType-arrow\"]"}
COMMAND: POST /session/b95feca9d6fe84e2832d9bd264215df5/element/f.91545E0F3748EE6609C5B89379E64318.d.242ADE7658D74A515DBAE9CEA88F0F6A.e.6451/click - {}
RESULT: {}
COMMAND: POST /session/b95feca9d6fe84e2832d9bd264215df5/element - {"using":"xpath","value":"//span[contains(text(), \"Work Breakdown Structure\")]"}
COMMAND: GET /session/b95feca9d6fe84e2832d9bd264215df5/screenshot - {}
RESULT: {"using":"xpath","value":"//span[contains(text(), \"Work Breakdown Structure\")]"}
COMMAND: POST /session/b95feca9d6fe84e2832d9bd264215df5/element/f.91545E0F3748EE6609C5B89379E64318.d.242ADE7658D74A515DBAE9CEA88F0F6A.e.6452/click - {}
RESULT: {}
RESULT: {}
COMMAND: GET /session/b95feca9d6fe84e2832d9bd264215df5/screenshot - {}
RESULT: {}
COMMAND: POST /session/b95feca9d6fe84e2832d9bd264215df5/execute/async - {"script":"<script> [1562 bytes]","args":[{"selector":{"id":"application-managesites-display-component---NewSite--addressNewCostObjectCstID-vhi"},"wdio_ui5_key":"applicationmanagesites-display-component---NewSite--addressNewCostObjectCstID-vhi"}]}
RESULT: {"script":"<script> [1562 bytes]","args":[{"selector":{"id":"application-managesites-display-component---NewSite--addressNewCostObjectCstID-vhi"},"wdio_ui5_key":"applicationmanagesites-display-component---NewSite--addressNewCostObjectCstID-vhi"}]}
RESULT: undefined
COMMAND: POST /session/b95feca9d6fe84e2832d9bd264215df5/element - {"using":"xpath","value":"//*[@id=\"application-managesites-display-component---NewSite--addressNewCostObjectCstID-vhi\"]"}
RESULT: {"using":"xpath","value":"//*[@id=\"application-managesites-display-component---NewSite--addressNewCostObjectCstID-vhi\"]"}
COMMAND: POST /session/b95feca9d6fe84e2832d9bd264215df5/element/f.91545E0F3748EE6609C5B89379E64318.d.242ADE7658D74A515DBAE9CEA88F0F6A.e.6457/click - {}
RESULT: {}
COMMAND: GET /session/b95feca9d6fe84e2832d9bd264215df5/screenshot - {}
COMMAND: POST /session/b95feca9d6fe84e2832d9bd264215df5/execute/async - {"script":"<script> [1562 bytes]","args":[{"selector":{"controlType":"sap.m.SearchField","properties":{"placeholder":"Search"},"searchOpenDialogs":true,"interaction":{"idSuffix":"I"}},"wdio_ui5_key":"sapm.SearchField{\"placeholder\":\"Search\"}"}]}
RESULT: {}
RESULT: {"script":"<script> [1562 bytes]","args":[{"selector":{"controlType":"sap.m.SearchField","properties":{"placeholder":"Search"},"searchOpenDialogs":true,"interaction":{"idSuffix":"I"}},"wdio_ui5_key":"sapm.SearchField{\"placeholder\":\"Search\"}"}]}
RESULT: undefined
COMMAND: POST /session/b95feca9d6fe84e2832d9bd264215df5/execute/async - {"script":"<script> [776 bytes]","args":[{"enterText":"A1-000100-01","selector":{"controlType":"sap.m.SearchField","properties":{"placeholder":"Search"},"searchOpenDialogs":true,"interaction":{"idSuffix":"I"}},"clearTextFirst":true,"interactionType":"ENTER_TEXT"}]}
RESULT: {"script":"<script> [776 bytes]","args":[{"enterText":"A1-000100-01","selector":{"controlType":"sap.m.SearchField","properties":{"placeholder":"Search"},"searchOpenDialogs":true,"interaction":{"idSuffix":"I"}},"clearTextFirst":true,"interactionType":"ENTER_TEXT"}]}
COMMAND: POST /session/b95feca9d6fe84e2832d9bd264215df5/actions - {"actions":[{"id":"action12","type":"key","parameters":{},"actions":[{"type":"keyDown","value":"î€‡"},{"type":"pause","duration":10},{"type":"keyUp","value":"î€‡"}]}]}
RESULT: {"actions":[{"id":"action12","type":"key","parameters":{},"actions":[{"type":"keyDown","value":"î€‡"},{"type":"pause","duration":10},{"type":"keyUp","value":"î€‡"}]}]}
COMMAND: GET /session/b95feca9d6fe84e2832d9bd264215df5/screenshot - {}
RESULT: {}
COMMAND: POST /session/b95feca9d6fe84e2832d9bd264215df5/element - {"using":"xpath","value":"//span[contains(text(), \"Template for ETO-Process\")]"}
RESULT: {"using":"xpath","value":"//span[contains(text(), \"Template for ETO-Process\")]"}
COMMAND: POST /session/b95feca9d6fe84e2832d9bd264215df5/element/f.91545E0F3748EE6609C5B89379E64318.d.242ADE7658D74A515DBAE9CEA88F0F6A.e.6478/click - {}
RESULT: {}
COMMAND: GET /session/b95feca9d6fe84e2832d9bd264215df5/screenshot - {}
RESULT: {}
COMMAND: POST /session/b95feca9d6fe84e2832d9bd264215df5/element - {"using":"xpath","value":"//bdi[contains(text(), \"OK\")]"}
RESULT: {"using":"xpath","value":"//bdi[contains(text(), \"OK\")]"}
COMMAND: POST /session/b95feca9d6fe84e2832d9bd264215df5/element/f.91545E0F3748EE6609C5B89379E64318.d.242ADE7658D74A515DBAE9CEA88F0F6A.e.6479/click - {}
RESULT: {}
COMMAND: GET /session/b95feca9d6fe84e2832d9bd264215df5/screenshot - {}
RESULT: {}
COMMAND: POST /session/b95feca9d6fe84e2832d9bd264215df5/element - {"using":"xpath","value":"//input[@id=\"application-managesites-display-component---NewSite--addressDetailDetailsYard-inner\"]"}
RESULT: {"using":"xpath","value":"//input[@id=\"application-managesites-display-component---NewSite--addressDetailDetailsYard-inner\"]"}
COMMAND: POST /session/b95feca9d6fe84e2832d9bd264215df5/element/f.91545E0F3748EE6609C5B89379E64318.d.242ADE7658D74A515DBAE9CEA88F0F6A.e.6293/value - {"text":"272"}
RESULT: {"text":"272"}
COMMAND: GET /session/b95feca9d6fe84e2832d9bd264215df5/screenshot - {}
RESULT: {}
COMMAND: POST /session/b95feca9d6fe84e2832d9bd264215df5/actions - {"actions":[{"id":"action13","type":"key","parameters":{},"actions":[{"type":"keyDown","value":"î€‡"},{"type":"pause","duration":10},{"type":"keyUp","value":"î€‡"}]}]}
RESULT: {"actions":[{"id":"action13","type":"key","parameters":{},"actions":[{"type":"keyDown","value":"î€‡"},{"type":"pause","duration":10},{"type":"keyUp","value":"î€‡"}]}]}
COMMAND: GET /session/b95feca9d6fe84e2832d9bd264215df5/screenshot - {}
RESULT: {}
COMMAND: POST /session/b95feca9d6fe84e2832d9bd264215df5/element - {"using":"xpath","value":"//input[@id=\"application-managesites-display-component---NewSite--addressDetailDetailsPartner-inner\"]"}
RESULT: {"using":"xpath","value":"//input[@id=\"application-managesites-display-component---NewSite--addressDetailDetailsPartner-inner\"]"}
COMMAND: POST /session/b95feca9d6fe84e2832d9bd264215df5/elements - {"using":"xpath","value":"//input[@id=\"application-managesites-display-component---NewSite--addressDetailDetailsPartner-inner\"]"}
RESULT: {"using":"xpath","value":"//input[@id=\"application-managesites-display-component---NewSite--addressDetailDetailsPartner-inner\"]"}
COMMAND: POST /session/b95feca9d6fe84e2832d9bd264215df5/execute/async - {"script":"<script> [1562 bytes]","args":[{"selector":{"controlType":"sap.m.Button","viewName":"etm.portal.ui.managesites.view.NewSmartSite","viewId":"application-managesites-display-component---NewSite","properties":{"text":"Commercial"},"interaction":{"idSuffix":"BDI-content"}},"wdio_ui5_key":"etmportal.ui.managesites.view.NewSmartSitesap.m.Button{\"text\":\"Commercial\"}"}]}
RESULT: {"script":"<script> [1562 bytes]","args":[{"selector":{"controlType":"sap.m.Button","viewName":"etm.portal.ui.managesites.view.NewSmartSite","viewId":"application-managesites-display-component---NewSite","properties":{"text":"Commercial"},"interaction":{"idSuffix":"BDI-content"}},"wdio_ui5_key":"etmportal.ui.managesites.view.NewSmartSitesap.m.Button{\"text\":\"Commercial\"}"}]}
RESULT: undefined
COMMAND: POST /session/b95feca9d6fe84e2832d9bd264215df5/element - {"using":"xpath","value":"//*[@id=\"application-managesites-display-component---NewSite--ObjectPageLayout-anchBar-__section31-anchor\"]"}
RESULT: {"using":"xpath","value":"//*[@id=\"application-managesites-display-component---NewSite--ObjectPageLayout-anchBar-__section31-anchor\"]"}
COMMAND: POST /session/b95feca9d6fe84e2832d9bd264215df5/element/f.91545E0F3748EE6609C5B89379E64318.d.242ADE7658D74A515DBAE9CEA88F0F6A.e.6486/click - {}
RESULT: {}
COMMAND: POST /session/b95feca9d6fe84e2832d9bd264215df5/execute/async - {"script":"<script> [1562 bytes]","args":[{"selector":{"controlType":"sap.m.Button","viewName":"etm.portal.ui.managesites.view.NewSmartSite","viewId":"application-managesites-display-component---NewSite","i18NText":{"propertyName":"text","key":"save"},"interaction":{"idSuffix":"BDI-content"}},"wdio_ui5_key":"etmportal.ui.managesites.view.NewSmartSitesap.m.Button{\"propertyName\":\"text\",\"key\":\"save\"}"}]}
COMMAND: GET /session/b95feca9d6fe84e2832d9bd264215df5/screenshot - {}
RESULT: {"script":"<script> [1562 bytes]","args":[{"selector":{"controlType":"sap.m.Button","viewName":"etm.portal.ui.managesites.view.NewSmartSite","viewId":"application-managesites-display-component---NewSite","i18NText":{"propertyName":"text","key":"save"},"interaction":{"idSuffix":"BDI-content"}},"wdio_ui5_key":"etmportal.ui.managesites.view.NewSmartSitesap.m.Button{\"propertyName\":\"text\",\"key\":\"save\"}"}]}
RESULT: undefined
COMMAND: POST /session/b95feca9d6fe84e2832d9bd264215df5/element - {"using":"xpath","value":"//*[@id=\"__button64\"]"}
RESULT: {}
RESULT: {"using":"xpath","value":"//*[@id=\"__button64\"]"}
COMMAND: POST /session/b95feca9d6fe84e2832d9bd264215df5/element/f.91545E0F3748EE6609C5B89379E64318.d.242ADE7658D74A515DBAE9CEA88F0F6A.e.6427/click - {}
RESULT: {}
COMMAND: GET /session/b95feca9d6fe84e2832d9bd264215df5/screenshot - {}
RESULT: {}
COMMAND: POST /session/b95feca9d6fe84e2832d9bd264215df5/execute/async - {"script":"<script> [1562 bytes]","args":[{"selector":{"id":"application-managesites-display-component---detailSite--addressDetailDetailsYardText"},"wdio_ui5_key":"applicationmanagesites-display-component---detailSite--addressDetailDetailsYardText"}]}
RESULT: {"script":"<script> [1562 bytes]","args":[{"selector":{"id":"application-managesites-display-component---detailSite--addressDetailDetailsYardText"},"wdio_ui5_key":"applicationmanagesites-display-component---detailSite--addressDetailDetailsYardText"}]}
RESULT: undefined
COMMAND: POST /session/b95feca9d6fe84e2832d9bd264215df5/element - {"using":"xpath","value":"//header/div/div[2]/div[2]/span"}
RESULT: {"using":"xpath","value":"//header/div/div[2]/div[2]/span"}
COMMAND: GET /session/b95feca9d6fe84e2832d9bd264215df5/element/f.91545E0F3748EE6609C5B89379E64318.d.242ADE7658D74A515DBAE9CEA88F0F6A.e.6687/text - {}
RESULT: {}
COMMAND: POST /session/b95feca9d6fe84e2832d9bd264215df5/element - {"using":"xpath","value":"//header/div/div/div/div/div/div[2]/div/span"}
RESULT: {"using":"xpath","value":"//header/div/div/div/div/div/div[2]/div/span"}
COMMAND: GET /session/b95feca9d6fe84e2832d9bd264215df5/element/f.91545E0F3748EE6609C5B89379E64318.d.242ADE7658D74A515DBAE9CEA88F0F6A.e.6688/text - {}
RESULT: {}
COMMAND: POST /session/b95feca9d6fe84e2832d9bd264215df5/element - {"using":"css selector","value":"#shell-header-logo"}
RESULT: {"using":"css selector","value":"#shell-header-logo"}
COMMAND: POST /session/b95feca9d6fe84e2832d9bd264215df5/element/f.91545E0F3748EE6609C5B89379E64318.d.242ADE7658D74A515DBAE9CEA88F0F6A.e.6028/click - {}
RESULT: {}
COMMAND: GET /session/b95feca9d6fe84e2832d9bd264215df5/screenshot - {}
RESULT: {}
]]></system-out>
    </testcase>
    <testcase classname="chrome.135_0_7049_96.windows.E2E_-_Logistical_and_commercial_statuses" name="It should stock increase the resource" time="213.188">
      <system-out><![CDATA[
COMMAND: POST /session/b95feca9d6fe84e2832d9bd264215df5/execute/async - {"script":"<script> [1562 bytes]","args":[{"selector":{"controlType":"sap.m.GenericTile","properties":{"header":"Manage Resources"}},"wdio_ui5_key":"sapm.GenericTile{\"header\":\"Manage Resources\"}"}]}
RESULT: {"script":"<script> [1562 bytes]","args":[{"selector":{"controlType":"sap.m.GenericTile","properties":{"header":"Manage Resources"}},"wdio_ui5_key":"sapm.GenericTile{\"header\":\"Manage Resources\"}"}]}
RESULT: undefined
COMMAND: POST /session/b95feca9d6fe84e2832d9bd264215df5/element - {"using":"xpath","value":"//*[@id=\"__tile39\"]"}
RESULT: {"using":"xpath","value":"//*[@id=\"__tile39\"]"}
COMMAND: POST /session/b95feca9d6fe84e2832d9bd264215df5/element/f.91545E0F3748EE6609C5B89379E64318.d.242ADE7658D74A515DBAE9CEA88F0F6A.e.6690/click - {}
RESULT: {}
COMMAND: GET /session/b95feca9d6fe84e2832d9bd264215df5/screenshot - {}
RESULT: {}
COMMAND: POST /session/b95feca9d6fe84e2832d9bd264215df5/element - {"using":"xpath","value":"//button[@data-kt=\"addNewRUOverflowToolbarButton\"]"}
RESULT: {"using":"xpath","value":"//button[@data-kt=\"addNewRUOverflowToolbarButton\"]"}
COMMAND: POST /session/b95feca9d6fe84e2832d9bd264215df5/execute/sync - {"script":"<script> [8489 bytes]","args":[{"element-6066-11e4-a52e-4f735466cecf":"f.91545E0F3748EE6609C5B89379E64318.d.242ADE7658D74A515DBAE9CEA88F0F6A.e.6730","ELEMENT":"f.91545E0F3748EE6609C5B89379E64318.d.242ADE7658D74A515DBAE9CEA88F0F6A.e.6730"}]}
RESULT: {"script":"<script> [8489 bytes]","args":[{"element-6066-11e4-a52e-4f735466cecf":"f.91545E0F3748EE6609C5B89379E64318.d.242ADE7658D74A515DBAE9CEA88F0F6A.e.6730","ELEMENT":"f.91545E0F3748EE6609C5B89379E64318.d.242ADE7658D74A515DBAE9CEA88F0F6A.e.6730"}]}
COMMAND: POST /session/b95feca9d6fe84e2832d9bd264215df5/element/f.91545E0F3748EE6609C5B89379E64318.d.242ADE7658D74A515DBAE9CEA88F0F6A.e.6730/click - {}
COMMAND: GET /session/b95feca9d6fe84e2832d9bd264215df5/screenshot - {}
RESULT: {}
COMMAND: POST /session/b95feca9d6fe84e2832d9bd264215df5/execute/async - {"script":"<script> [1562 bytes]","args":[{"selector":{"id":"application-manageresources-display-component---newResourceUnit--TYPE-arrow"},"wdio_ui5_key":"applicationmanageresources-display-component---newResourceUnit--TYPE-arrow"}]}
COMMAND: GET /session/b95feca9d6fe84e2832d9bd264215df5/screenshot - {}
RESULT: {}
RESULT: {"script":"<script> [1562 bytes]","args":[{"selector":{"id":"application-manageresources-display-component---newResourceUnit--TYPE-arrow"},"wdio_ui5_key":"applicationmanageresources-display-component---newResourceUnit--TYPE-arrow"}]}
RESULT: undefined
COMMAND: POST /session/b95feca9d6fe84e2832d9bd264215df5/element - {"using":"xpath","value":"//*[@id=\"application-manageresources-display-component---newResourceUnit--TYPE-arrow\"]"}
RESULT: {}
RESULT: {"using":"xpath","value":"//*[@id=\"application-manageresources-display-component---newResourceUnit--TYPE-arrow\"]"}
COMMAND: POST /session/b95feca9d6fe84e2832d9bd264215df5/element/f.91545E0F3748EE6609C5B89379E64318.d.242ADE7658D74A515DBAE9CEA88F0F6A.e.7051/click - {}
RESULT: {}
COMMAND: POST /session/b95feca9d6fe84e2832d9bd264215df5/execute/async - {"script":"<script> [1562 bytes]","args":[{"selector":{"controlType":"sap.m.StandardListItem","viewName":"reusables.view.manageresources.NewResourceUnit","viewId":"application-manageresources-display-component---newResourceUnit","properties":{"title":"Material"},"searchOpenDialogs":true,"interaction":{"idSuffix":"titleText"}},"wdio_ui5_key":"reusablesview.manageresources.NewResourceUnitsap.m.StandardListItem{\"title\":\"Material\"}"}]}
COMMAND: GET /session/b95feca9d6fe84e2832d9bd264215df5/screenshot - {}
RESULT: {"script":"<script> [1562 bytes]","args":[{"selector":{"controlType":"sap.m.StandardListItem","viewName":"reusables.view.manageresources.NewResourceUnit","viewId":"application-manageresources-display-component---newResourceUnit","properties":{"title":"Material"},"searchOpenDialogs":true,"interaction":{"idSuffix":"titleText"}},"wdio_ui5_key":"reusablesview.manageresources.NewResourceUnitsap.m.StandardListItem{\"title\":\"Material\"}"}]}
RESULT: undefined
COMMAND: POST /session/b95feca9d6fe84e2832d9bd264215df5/element - {"using":"xpath","value":"//*[@id=\"__item856\"]"}
RESULT: {}
RESULT: {"using":"xpath","value":"//*[@id=\"__item856\"]"}
COMMAND: POST /session/b95feca9d6fe84e2832d9bd264215df5/element/f.91545E0F3748EE6609C5B89379E64318.d.242ADE7658D74A515DBAE9CEA88F0F6A.e.7054/click - {}
RESULT: {}
COMMAND: POST /session/b95feca9d6fe84e2832d9bd264215df5/execute/async - {"script":"<script> [1562 bytes]","args":[{"selector":{"id":"application-manageresources-display-component---newResourceUnit--SHORT_TEXT","interaction":{"idSuffix":"inner"}},"wdio_ui5_key":"applicationmanageresources-display-component---newResourceUnit--SHORT_TEXT"}]}
COMMAND: GET /session/b95feca9d6fe84e2832d9bd264215df5/screenshot - {}
RESULT: {"script":"<script> [1562 bytes]","args":[{"selector":{"id":"application-manageresources-display-component---newResourceUnit--SHORT_TEXT","interaction":{"idSuffix":"inner"}},"wdio_ui5_key":"applicationmanageresources-display-component---newResourceUnit--SHORT_TEXT"}]}
RESULT: undefined
COMMAND: POST /session/b95feca9d6fe84e2832d9bd264215df5/execute/async - {"script":"<script> [776 bytes]","args":[{"enterText":"WebdriverRUR2Cfc03i","selector":{"id":"application-manageresources-display-component---newResourceUnit--SHORT_TEXT","interaction":{"idSuffix":"inner"}},"clearTextFirst":true,"interactionType":"ENTER_TEXT"}]}
RESULT: {}
RESULT: {"script":"<script> [776 bytes]","args":[{"enterText":"WebdriverRUR2Cfc03i","selector":{"id":"application-manageresources-display-component---newResourceUnit--SHORT_TEXT","interaction":{"idSuffix":"inner"}},"clearTextFirst":true,"interactionType":"ENTER_TEXT"}]}
COMMAND: POST /session/b95feca9d6fe84e2832d9bd264215df5/execute/async - {"script":"<script> [1562 bytes]","args":[{"selector":{"id":"application-manageresources-display-component---newResourceUnit--BASE_UNIT_OF_MEASURE-arrow"},"wdio_ui5_key":"applicationmanageresources-display-component---newResourceUnit--BASE_UNIT_OF_MEASURE-arrow"}]}
RESULT: {"script":"<script> [1562 bytes]","args":[{"selector":{"id":"application-manageresources-display-component---newResourceUnit--BASE_UNIT_OF_MEASURE-arrow"},"wdio_ui5_key":"applicationmanageresources-display-component---newResourceUnit--BASE_UNIT_OF_MEASURE-arrow"}]}
RESULT: undefined
COMMAND: POST /session/b95feca9d6fe84e2832d9bd264215df5/element - {"using":"xpath","value":"//*[@id=\"application-manageresources-display-component---newResourceUnit--BASE_UNIT_OF_MEASURE-arrow\"]"}
RESULT: {"using":"xpath","value":"//*[@id=\"application-manageresources-display-component---newResourceUnit--BASE_UNIT_OF_MEASURE-arrow\"]"}
COMMAND: POST /session/b95feca9d6fe84e2832d9bd264215df5/element/f.91545E0F3748EE6609C5B89379E64318.d.242ADE7658D74A515DBAE9CEA88F0F6A.e.7110/click - {}
RESULT: {}
COMMAND: POST /session/b95feca9d6fe84e2832d9bd264215df5/execute/async - {"script":"<script> [1562 bytes]","args":[{"selector":{"controlType":"sap.m.StandardListItem","viewName":"reusables.view.manageresources.NewResourceUnit","viewId":"application-manageresources-display-component---newResourceUnit","properties":{"title":"Piece"},"searchOpenDialogs":true,"interaction":{"idSuffix":"titleText"}},"wdio_ui5_key":"reusablesview.manageresources.NewResourceUnitsap.m.StandardListItem{\"title\":\"Piece\"}"}]}
COMMAND: GET /session/b95feca9d6fe84e2832d9bd264215df5/screenshot - {}
RESULT: {"script":"<script> [1562 bytes]","args":[{"selector":{"controlType":"sap.m.StandardListItem","viewName":"reusables.view.manageresources.NewResourceUnit","viewId":"application-manageresources-display-component---newResourceUnit","properties":{"title":"Piece"},"searchOpenDialogs":true,"interaction":{"idSuffix":"titleText"}},"wdio_ui5_key":"reusablesview.manageresources.NewResourceUnitsap.m.StandardListItem{\"title\":\"Piece\"}"}]}
RESULT: undefined
COMMAND: POST /session/b95feca9d6fe84e2832d9bd264215df5/element - {"using":"xpath","value":"//*[@id=\"__item900\"]"}
RESULT: {}
RESULT: {"using":"xpath","value":"//*[@id=\"__item900\"]"}
COMMAND: POST /session/b95feca9d6fe84e2832d9bd264215df5/element/f.91545E0F3748EE6609C5B89379E64318.d.242ADE7658D74A515DBAE9CEA88F0F6A.e.7112/click - {}
RESULT: {}
COMMAND: POST /session/b95feca9d6fe84e2832d9bd264215df5/element - {"using":"xpath","value":"//input[contains(@id ,\"application-manageresources-display-component---newResourceUnit--SHORT_TEXT-inner\")]"}
COMMAND: GET /session/b95feca9d6fe84e2832d9bd264215df5/screenshot - {}
RESULT: {"using":"xpath","value":"//input[contains(@id ,\"application-manageresources-display-component---newResourceUnit--SHORT_TEXT-inner\")]"}
COMMAND: GET /session/b95feca9d6fe84e2832d9bd264215df5/element/f.91545E0F3748EE6609C5B89379E64318.d.242ADE7658D74A515DBAE9CEA88F0F6A.e.7071/property/value - {}
RESULT: {}
RESULT: {}
COMMAND: POST /session/b95feca9d6fe84e2832d9bd264215df5/execute/async - {"script":"<script> [1562 bytes]","args":[{"selector":{"id":"application-manageresources-display-component---newResourceUnit--WEIGHT_UNIT-arrow"},"wdio_ui5_key":"applicationmanageresources-display-component---newResourceUnit--WEIGHT_UNIT-arrow"}]}
COMMAND: GET /session/b95feca9d6fe84e2832d9bd264215df5/screenshot - {}
RESULT: {"script":"<script> [1562 bytes]","args":[{"selector":{"id":"application-manageresources-display-component---newResourceUnit--WEIGHT_UNIT-arrow"},"wdio_ui5_key":"applicationmanageresources-display-component---newResourceUnit--WEIGHT_UNIT-arrow"}]}
RESULT: undefined
COMMAND: POST /session/b95feca9d6fe84e2832d9bd264215df5/element - {"using":"xpath","value":"//*[@id=\"application-manageresources-display-component---newResourceUnit--WEIGHT_UNIT-arrow\"]"}
RESULT: {}
RESULT: {"using":"xpath","value":"//*[@id=\"application-manageresources-display-component---newResourceUnit--WEIGHT_UNIT-arrow\"]"}
COMMAND: POST /session/b95feca9d6fe84e2832d9bd264215df5/element/f.91545E0F3748EE6609C5B89379E64318.d.242ADE7658D74A515DBAE9CEA88F0F6A.e.7113/click - {}
RESULT: {}
COMMAND: POST /session/b95feca9d6fe84e2832d9bd264215df5/execute/async - {"script":"<script> [1562 bytes]","args":[{"selector":{"controlType":"sap.m.StandardListItem","viewName":"reusables.view.manageresources.NewResourceUnit","viewId":"application-manageresources-display-component---newResourceUnit","properties":{"title":"Gram"},"searchOpenDialogs":true,"interaction":{"idSuffix":"content"}},"wdio_ui5_key":"reusablesview.manageresources.NewResourceUnitsap.m.StandardListItem{\"title\":\"Gram\"}"}]}
COMMAND: GET /session/b95feca9d6fe84e2832d9bd264215df5/screenshot - {}
RESULT: {"script":"<script> [1562 bytes]","args":[{"selector":{"controlType":"sap.m.StandardListItem","viewName":"reusables.view.manageresources.NewResourceUnit","viewId":"application-manageresources-display-component---newResourceUnit","properties":{"title":"Gram"},"searchOpenDialogs":true,"interaction":{"idSuffix":"content"}},"wdio_ui5_key":"reusablesview.manageresources.NewResourceUnitsap.m.StandardListItem{\"title\":\"Gram\"}"}]}
RESULT: undefined
COMMAND: POST /session/b95feca9d6fe84e2832d9bd264215df5/element - {"using":"xpath","value":"//*[@id=\"__item965\"]"}
RESULT: {}
RESULT: {"using":"xpath","value":"//*[@id=\"__item965\"]"}
COMMAND: POST /session/b95feca9d6fe84e2832d9bd264215df5/element/f.91545E0F3748EE6609C5B89379E64318.d.242ADE7658D74A515DBAE9CEA88F0F6A.e.7115/click - {}
RESULT: {}
COMMAND: POST /session/b95feca9d6fe84e2832d9bd264215df5/execute/async - {"script":"<script> [1562 bytes]","args":[{"selector":{"id":"application-manageresources-display-component---newResourceUnit--newRRUPage-OPHeaderContent-collapseBtn-img"},"wdio_ui5_key":"applicationmanageresources-display-component---newResourceUnit--newRRUPage-OPHeaderContent-collapseBtn-img"}]}
COMMAND: GET /session/b95feca9d6fe84e2832d9bd264215df5/screenshot - {}
RESULT: {"script":"<script> [1562 bytes]","args":[{"selector":{"id":"application-manageresources-display-component---newResourceUnit--newRRUPage-OPHeaderContent-collapseBtn-img"},"wdio_ui5_key":"applicationmanageresources-display-component---newResourceUnit--newRRUPage-OPHeaderContent-collapseBtn-img"}]}
RESULT: undefined
COMMAND: POST /session/b95feca9d6fe84e2832d9bd264215df5/element - {"using":"xpath","value":"//*[@id=\"application-manageresources-display-component---newResourceUnit--newRRUPage-OPHeaderContent-collapseBtn-img\"]"}
RESULT: {}
RESULT: {"using":"xpath","value":"//*[@id=\"application-manageresources-display-component---newResourceUnit--newRRUPage-OPHeaderContent-collapseBtn-img\"]"}
COMMAND: POST /session/b95feca9d6fe84e2832d9bd264215df5/element/f.91545E0F3748EE6609C5B89379E64318.d.242ADE7658D74A515DBAE9CEA88F0F6A.e.7061/click - {}
RESULT: {}
COMMAND: GET /session/b95feca9d6fe84e2832d9bd264215df5/screenshot - {}
RESULT: {}
COMMAND: POST /session/b95feca9d6fe84e2832d9bd264215df5/element - {"using":"xpath","value":"(//span[contains(@id ,\"application-manageresources-display-component---newResourceUnit--DIMENSION_UNIT-arrow\")])[1]"}
RESULT: {"using":"xpath","value":"(//span[contains(@id ,\"application-manageresources-display-component---newResourceUnit--DIMENSION_UNIT-arrow\")])[1]"}
COMMAND: POST /session/b95feca9d6fe84e2832d9bd264215df5/element/f.91545E0F3748EE6609C5B89379E64318.d.242ADE7658D74A515DBAE9CEA88F0F6A.e.7119/click - {}
RESULT: {}
COMMAND: GET /session/b95feca9d6fe84e2832d9bd264215df5/screenshot - {}
RESULT: {}
COMMAND: POST /session/b95feca9d6fe84e2832d9bd264215df5/execute/async - {"script":"<script> [1562 bytes]","args":[{"selector":{"controlType":"sap.m.StandardListItem","viewName":"reusables.view.manageresources.NewResourceUnit","viewId":"application-manageresources-display-component---newResourceUnit","properties":{"title":"Centimeter"},"searchOpenDialogs":true,"interaction":{"idSuffix":"titleText"}},"wdio_ui5_key":"reusablesview.manageresources.NewResourceUnitsap.m.StandardListItem{\"title\":\"Centimeter\"}"}]}
RESULT: {"script":"<script> [1562 bytes]","args":[{"selector":{"controlType":"sap.m.StandardListItem","viewName":"reusables.view.manageresources.NewResourceUnit","viewId":"application-manageresources-display-component---newResourceUnit","properties":{"title":"Centimeter"},"searchOpenDialogs":true,"interaction":{"idSuffix":"titleText"}},"wdio_ui5_key":"reusablesview.manageresources.NewResourceUnitsap.m.StandardListItem{\"title\":\"Centimeter\"}"}]}
RESULT: undefined
COMMAND: POST /session/b95feca9d6fe84e2832d9bd264215df5/element - {"using":"xpath","value":"//*[@id=\"__item968\"]"}
RESULT: {"using":"xpath","value":"//*[@id=\"__item968\"]"}
COMMAND: POST /session/b95feca9d6fe84e2832d9bd264215df5/element/f.91545E0F3748EE6609C5B89379E64318.d.242ADE7658D74A515DBAE9CEA88F0F6A.e.7123/click - {}
RESULT: {}
COMMAND: POST /session/b95feca9d6fe84e2832d9bd264215df5/execute/async - {"script":"<script> [1562 bytes]","args":[{"selector":{"id":"application-manageresources-display-component---newResourceUnit--newRRUPage-anchBar-application-manageresources-display-component---newResourceUnit--reference-anchor","interaction":{"idSuffix":"BDI-content"}},"wdio_ui5_key":"applicationmanageresources-display-component---newResourceUnit--newRRUPage-anchBar-application-manageresources-display-component---newResourceUnit--reference-anchor"}]}
COMMAND: GET /session/b95feca9d6fe84e2832d9bd264215df5/screenshot - {}
RESULT: {"script":"<script> [1562 bytes]","args":[{"selector":{"id":"application-manageresources-display-component---newResourceUnit--newRRUPage-anchBar-application-manageresources-display-component---newResourceUnit--reference-anchor","interaction":{"idSuffix":"BDI-content"}},"wdio_ui5_key":"applicationmanageresources-display-component---newResourceUnit--newRRUPage-anchBar-application-manageresources-display-component---newResourceUnit--reference-anchor"}]}
RESULT: undefined
COMMAND: POST /session/b95feca9d6fe84e2832d9bd264215df5/element - {"using":"xpath","value":"//*[@id=\"application-manageresources-display-component---newResourceUnit--newRRUPage-anchBar-application-manageresources-display-component---newResourceUnit--reference-anchor\"]"}
RESULT: {}
RESULT: {"using":"xpath","value":"//*[@id=\"application-manageresources-display-component---newResourceUnit--newRRUPage-anchBar-application-manageresources-display-component---newResourceUnit--reference-anchor\"]"}
COMMAND: POST /session/b95feca9d6fe84e2832d9bd264215df5/element/f.91545E0F3748EE6609C5B89379E64318.d.242ADE7658D74A515DBAE9CEA88F0F6A.e.7125/click - {}
RESULT: {}
COMMAND: POST /session/b95feca9d6fe84e2832d9bd264215df5/execute/async - {"script":"<script> [1562 bytes]","args":[{"selector":{"id":"application-manageresources-display-component---newResourceUnit--PLANNING_GROUP-arrow"},"wdio_ui5_key":"applicationmanageresources-display-component---newResourceUnit--PLANNING_GROUP-arrow"}]}
COMMAND: GET /session/b95feca9d6fe84e2832d9bd264215df5/screenshot - {}
RESULT: {"script":"<script> [1562 bytes]","args":[{"selector":{"id":"application-manageresources-display-component---newResourceUnit--PLANNING_GROUP-arrow"},"wdio_ui5_key":"applicationmanageresources-display-component---newResourceUnit--PLANNING_GROUP-arrow"}]}
RESULT: undefined
COMMAND: POST /session/b95feca9d6fe84e2832d9bd264215df5/element - {"using":"xpath","value":"//*[@id=\"application-manageresources-display-component---newResourceUnit--PLANNING_GROUP-arrow\"]"}
RESULT: {}
RESULT: {"using":"xpath","value":"//*[@id=\"application-manageresources-display-component---newResourceUnit--PLANNING_GROUP-arrow\"]"}
COMMAND: POST /session/b95feca9d6fe84e2832d9bd264215df5/element/f.91545E0F3748EE6609C5B89379E64318.d.242ADE7658D74A515DBAE9CEA88F0F6A.e.7129/click - {}
RESULT: {}
COMMAND: POST /session/b95feca9d6fe84e2832d9bd264215df5/execute/async - {"script":"<script> [1562 bytes]","args":[{"selector":{"controlType":"sap.m.StandardListItem","viewName":"reusables.view.manageresources.NewResourceUnit","viewId":"application-manageresources-display-component---newResourceUnit","properties":{"title":"Heavy Equi"},"searchOpenDialogs":true,"interaction":{"idSuffix":"content"}},"wdio_ui5_key":"reusablesview.manageresources.NewResourceUnitsap.m.StandardListItem{\"title\":\"Heavy Equi\"}"}]}
COMMAND: GET /session/b95feca9d6fe84e2832d9bd264215df5/screenshot - {}
RESULT: {"script":"<script> [1562 bytes]","args":[{"selector":{"controlType":"sap.m.StandardListItem","viewName":"reusables.view.manageresources.NewResourceUnit","viewId":"application-manageresources-display-component---newResourceUnit","properties":{"title":"Heavy Equi"},"searchOpenDialogs":true,"interaction":{"idSuffix":"content"}},"wdio_ui5_key":"reusablesview.manageresources.NewResourceUnitsap.m.StandardListItem{\"title\":\"Heavy Equi\"}"}]}
RESULT: undefined
COMMAND: POST /session/b95feca9d6fe84e2832d9bd264215df5/element - {"using":"xpath","value":"//*[@id=\"__item976\"]"}
RESULT: {}
RESULT: {"using":"xpath","value":"//*[@id=\"__item976\"]"}
COMMAND: POST /session/b95feca9d6fe84e2832d9bd264215df5/element/f.91545E0F3748EE6609C5B89379E64318.d.242ADE7658D74A515DBAE9CEA88F0F6A.e.7132/click - {}
RESULT: {}
COMMAND: GET /session/b95feca9d6fe84e2832d9bd264215df5/screenshot - {}
RESULT: {}
COMMAND: POST /session/b95feca9d6fe84e2832d9bd264215df5/execute/async - {"script":"<script> [1562 bytes]","args":[{"selector":{"id":"application-manageresources-display-component---newResourceUnit--PLANNING_INDICATOR-arrow"},"wdio_ui5_key":"applicationmanageresources-display-component---newResourceUnit--PLANNING_INDICATOR-arrow"}]}
RESULT: {"script":"<script> [1562 bytes]","args":[{"selector":{"id":"application-manageresources-display-component---newResourceUnit--PLANNING_INDICATOR-arrow"},"wdio_ui5_key":"applicationmanageresources-display-component---newResourceUnit--PLANNING_INDICATOR-arrow"}]}
RESULT: undefined
COMMAND: POST /session/b95feca9d6fe84e2832d9bd264215df5/element - {"using":"xpath","value":"//*[@id=\"application-manageresources-display-component---newResourceUnit--PLANNING_INDICATOR-arrow\"]"}
RESULT: {"using":"xpath","value":"//*[@id=\"application-manageresources-display-component---newResourceUnit--PLANNING_INDICATOR-arrow\"]"}
COMMAND: POST /session/b95feca9d6fe84e2832d9bd264215df5/element/f.91545E0F3748EE6609C5B89379E64318.d.242ADE7658D74A515DBAE9CEA88F0F6A.e.7133/click - {}
RESULT: {}
COMMAND: POST /session/b95feca9d6fe84e2832d9bd264215df5/execute/async - {"script":"<script> [1562 bytes]","args":[{"selector":{"controlType":"sap.m.StandardListItem","viewName":"reusables.view.manageresources.NewResourceUnit","viewId":"application-manageresources-display-component---newResourceUnit","properties":{"title":"10 - infinite"},"searchOpenDialogs":true,"interaction":{"idSuffix":"content"}},"wdio_ui5_key":"reusablesview.manageresources.NewResourceUnitsap.m.StandardListItem{\"title\":\"10 - infinite\"}"}]}
COMMAND: GET /session/b95feca9d6fe84e2832d9bd264215df5/screenshot - {}
RESULT: {"script":"<script> [1562 bytes]","args":[{"selector":{"controlType":"sap.m.StandardListItem","viewName":"reusables.view.manageresources.NewResourceUnit","viewId":"application-manageresources-display-component---newResourceUnit","properties":{"title":"10 - infinite"},"searchOpenDialogs":true,"interaction":{"idSuffix":"content"}},"wdio_ui5_key":"reusablesview.manageresources.NewResourceUnitsap.m.StandardListItem{\"title\":\"10 - infinite\"}"}]}
RESULT: undefined
COMMAND: POST /session/b95feca9d6fe84e2832d9bd264215df5/element - {"using":"xpath","value":"//*[@id=\"__item986\"]"}
RESULT: {}
RESULT: {"using":"xpath","value":"//*[@id=\"__item986\"]"}
COMMAND: POST /session/b95feca9d6fe84e2832d9bd264215df5/element/f.91545E0F3748EE6609C5B89379E64318.d.242ADE7658D74A515DBAE9CEA88F0F6A.e.7135/click - {}
RESULT: {}
COMMAND: GET /session/b95feca9d6fe84e2832d9bd264215df5/screenshot - {}
RESULT: {}
COMMAND: POST /session/b95feca9d6fe84e2832d9bd264215df5/element - {"using":"xpath","value":"//bdi[contains(text(), \"Time Segment\")]"}
RESULT: {"using":"xpath","value":"//bdi[contains(text(), \"Time Segment\")]"}
COMMAND: GET /session/b95feca9d6fe84e2832d9bd264215df5/element/f.91545E0F3748EE6609C5B89379E64318.d.242ADE7658D74A515DBAE9CEA88F0F6A.e.7136/rect - {}
RESULT: {}
COMMAND: GET /session/b95feca9d6fe84e2832d9bd264215df5/window/rect - {}
RESULT: {}
COMMAND: POST /session/b95feca9d6fe84e2832d9bd264215df5/execute/sync - {"script":"<script> [92 bytes]","args":[]}
RESULT: {"script":"<script> [92 bytes]","args":[]}
COMMAND: POST /session/b95feca9d6fe84e2832d9bd264215df5/actions - {"actions":[{"id":"action14","type":"wheel","parameters":{},"actions":[{"type":"scroll","x":-1820,"y":-21,"deltaX":0,"deltaY":0,"duration":0,"origin":{"element-6066-11e4-a52e-4f735466cecf":"f.91545E0F3748EE6609C5B89379E64318.d.242ADE7658D74A515DBAE9CEA88F0F6A.e.7136"}}]}]}
COMMAND: GET /session/b95feca9d6fe84e2832d9bd264215df5/screenshot - {}
RESULT: {}
COMMAND: POST /session/b95feca9d6fe84e2832d9bd264215df5/execute/sync - {"script":"<script> [79 bytes]","args":[{"element-6066-11e4-a52e-4f735466cecf":"f.91545E0F3748EE6609C5B89379E64318.d.242ADE7658D74A515DBAE9CEA88F0F6A.e.7136","ELEMENT":"f.91545E0F3748EE6609C5B89379E64318.d.242ADE7658D74A515DBAE9CEA88F0F6A.e.7136"},{"block":"start","inline":"nearest"}]}
RESULT: {"script":"<script> [79 bytes]","args":[{"element-6066-11e4-a52e-4f735466cecf":"f.91545E0F3748EE6609C5B89379E64318.d.242ADE7658D74A515DBAE9CEA88F0F6A.e.7136","ELEMENT":"f.91545E0F3748EE6609C5B89379E64318.d.242ADE7658D74A515DBAE9CEA88F0F6A.e.7136"},{"block":"start","inline":"nearest"}]}
COMMAND: GET /session/b95feca9d6fe84e2832d9bd264215df5/screenshot - {}
RESULT: {}
COMMAND: POST /session/b95feca9d6fe84e2832d9bd264215df5/element - {"using":"xpath","value":"//span[@id=\"application-manageresources-display-component---newResourceUnit--btnAddTimeSegment-img\"]"}
RESULT: {"using":"xpath","value":"//span[@id=\"application-manageresources-display-component---newResourceUnit--btnAddTimeSegment-img\"]"}
COMMAND: POST /session/b95feca9d6fe84e2832d9bd264215df5/execute/sync - {"script":"<script> [8489 bytes]","args":[{"element-6066-11e4-a52e-4f735466cecf":"f.91545E0F3748EE6609C5B89379E64318.d.242ADE7658D74A515DBAE9CEA88F0F6A.e.7139","ELEMENT":"f.91545E0F3748EE6609C5B89379E64318.d.242ADE7658D74A515DBAE9CEA88F0F6A.e.7139"}]}
RESULT: {"script":"<script> [8489 bytes]","args":[{"element-6066-11e4-a52e-4f735466cecf":"f.91545E0F3748EE6609C5B89379E64318.d.242ADE7658D74A515DBAE9CEA88F0F6A.e.7139","ELEMENT":"f.91545E0F3748EE6609C5B89379E64318.d.242ADE7658D74A515DBAE9CEA88F0F6A.e.7139"}]}
COMMAND: POST /session/b95feca9d6fe84e2832d9bd264215df5/element/f.91545E0F3748EE6609C5B89379E64318.d.242ADE7658D74A515DBAE9CEA88F0F6A.e.7139/click - {}
COMMAND: GET /session/b95feca9d6fe84e2832d9bd264215df5/screenshot - {}
RESULT: {}
COMMAND: GET /session/b95feca9d6fe84e2832d9bd264215df5/screenshot - {}
COMMAND: POST /session/b95feca9d6fe84e2832d9bd264215df5/element - {"using":"xpath","value":"//input[@id=\"application-manageresources-display-component---newResourceUnit--idRuTSAdmin-application-manageresources-display-component---newResourceUnit--RUTimeSegment-0-inner\"]"}
RESULT: {}
RESULT: {}
RESULT: {"using":"xpath","value":"//input[@id=\"application-manageresources-display-component---newResourceUnit--idRuTSAdmin-application-manageresources-display-component---newResourceUnit--RUTimeSegment-0-inner\"]"}
COMMAND: POST /session/b95feca9d6fe84e2832d9bd264215df5/element/f.91545E0F3748EE6609C5B89379E64318.d.242ADE7658D74A515DBAE9CEA88F0F6A.e.7142/clear - {}
RESULT: {}
COMMAND: POST /session/b95feca9d6fe84e2832d9bd264215df5/element/f.91545E0F3748EE6609C5B89379E64318.d.242ADE7658D74A515DBAE9CEA88F0F6A.e.7142/value - {"text":"WebdriverYarda9nm2l"}
COMMAND: GET /session/b95feca9d6fe84e2832d9bd264215df5/screenshot - {}
RESULT: {"text":"WebdriverYarda9nm2l"}
COMMAND: GET /session/b95feca9d6fe84e2832d9bd264215df5/screenshot - {}
RESULT: {}
RESULT: {}
COMMAND: POST /session/b95feca9d6fe84e2832d9bd264215df5/actions - {"actions":[{"id":"action15","type":"key","parameters":{},"actions":[{"type":"keyDown","value":"î€‡"},{"type":"pause","duration":10},{"type":"keyUp","value":"î€‡"}]}]}
RESULT: {"actions":[{"id":"action15","type":"key","parameters":{},"actions":[{"type":"keyDown","value":"î€‡"},{"type":"pause","duration":10},{"type":"keyUp","value":"î€‡"}]}]}
COMMAND: GET /session/b95feca9d6fe84e2832d9bd264215df5/screenshot - {}
RESULT: {}
COMMAND: POST /session/b95feca9d6fe84e2832d9bd264215df5/execute/async - {"script":"<script> [1562 bytes]","args":[{"selector":{"controlType":"sap.m.Button","viewName":"reusables.view.manageresources.NewResourceUnit","viewId":"application-manageresources-display-component---newResourceUnit","i18NText":{"propertyName":"tooltip","key":"save"},"interaction":{"idSuffix":"BDI-content"}},"wdio_ui5_key":"reusablesview.manageresources.NewResourceUnitsap.m.Button{\"propertyName\":\"tooltip\",\"key\":\"save\"}"}]}
RESULT: {"script":"<script> [1562 bytes]","args":[{"selector":{"controlType":"sap.m.Button","viewName":"reusables.view.manageresources.NewResourceUnit","viewId":"application-manageresources-display-component---newResourceUnit","i18NText":{"propertyName":"tooltip","key":"save"},"interaction":{"idSuffix":"BDI-content"}},"wdio_ui5_key":"reusablesview.manageresources.NewResourceUnitsap.m.Button{\"propertyName\":\"tooltip\",\"key\":\"save\"}"}]}
RESULT: undefined
COMMAND: POST /session/b95feca9d6fe84e2832d9bd264215df5/element - {"using":"xpath","value":"//*[@id=\"application-manageresources-display-component---newResourceUnit--createRuButton\"]"}
RESULT: {"using":"xpath","value":"//*[@id=\"application-manageresources-display-component---newResourceUnit--createRuButton\"]"}
COMMAND: POST /session/b95feca9d6fe84e2832d9bd264215df5/element/f.91545E0F3748EE6609C5B89379E64318.d.242ADE7658D74A515DBAE9CEA88F0F6A.e.7067/click - {}
RESULT: {}
COMMAND: GET /session/b95feca9d6fe84e2832d9bd264215df5/screenshot - {}
RESULT: {}
COMMAND: POST /session/b95feca9d6fe84e2832d9bd264215df5/execute/async - {"script":"<script> [1562 bytes]","args":[{"selector":{"controlType":"sap.m.Title","properties":{"text":"Success"},"searchOpenDialogs":true},"wdio_ui5_key":"sapm.Title{\"text\":\"Success\"}"}]}
RESULT: {"script":"<script> [1562 bytes]","args":[{"selector":{"controlType":"sap.m.Title","properties":{"text":"Success"},"searchOpenDialogs":true},"wdio_ui5_key":"sapm.Title{\"text\":\"Success\"}"}]}
RESULT: undefined
COMMAND: POST /session/b95feca9d6fe84e2832d9bd264215df5/execute/async - {"script":"<script> [6424 bytes]","args":[{"element-6066-11e4-a52e-4f735466cecf":"f.91545E0F3748EE6609C5B89379E64318.d.242ADE7658D74A515DBAE9CEA88F0F6A.e.7156"},"getText",[]]}
RESULT: {"script":"<script> [6424 bytes]","args":[{"element-6066-11e4-a52e-4f735466cecf":"f.91545E0F3748EE6609C5B89379E64318.d.242ADE7658D74A515DBAE9CEA88F0F6A.e.7156"},"getText",[]]}
COMMAND: POST /session/b95feca9d6fe84e2832d9bd264215df5/element - {"using":"xpath","value":"//*[contains(@id, '__text') and (contains(text(), 'successfully created') or contains(., 'successfully created'))]"}
RESULT: {"using":"xpath","value":"//*[contains(@id, '__text') and (contains(text(), 'successfully created') or contains(., 'successfully created'))]"}
COMMAND: GET /session/b95feca9d6fe84e2832d9bd264215df5/element/f.91545E0F3748EE6609C5B89379E64318.d.242ADE7658D74A515DBAE9CEA88F0F6A.e.7154/text - {}
RESULT: {}
COMMAND: POST /session/b95feca9d6fe84e2832d9bd264215df5/execute/async - {"script":"<script> [1562 bytes]","args":[{"selector":{"controlType":"sap.m.Button","properties":{"text":"Close"},"searchOpenDialogs":true,"interaction":{"idSuffix":"BDI-content"}},"wdio_ui5_key":"sapm.Button{\"text\":\"Close\"}"}]}
RESULT: {"script":"<script> [1562 bytes]","args":[{"selector":{"controlType":"sap.m.Button","properties":{"text":"Close"},"searchOpenDialogs":true,"interaction":{"idSuffix":"BDI-content"}},"wdio_ui5_key":"sapm.Button{\"text\":\"Close\"}"}]}
RESULT: undefined
COMMAND: POST /session/b95feca9d6fe84e2832d9bd264215df5/element - {"using":"xpath","value":"//*[@id=\"__mbox-btn-0\"]"}
RESULT: {"using":"xpath","value":"//*[@id=\"__mbox-btn-0\"]"}
COMMAND: POST /session/b95feca9d6fe84e2832d9bd264215df5/element/f.91545E0F3748EE6609C5B89379E64318.d.242ADE7658D74A515DBAE9CEA88F0F6A.e.7153/click - {}
RESULT: {}
COMMAND: GET /session/b95feca9d6fe84e2832d9bd264215df5/screenshot - {}
RESULT: {}
COMMAND: POST /session/b95feca9d6fe84e2832d9bd264215df5/execute/async - {"script":"<script> [1562 bytes]","args":[{"selector":{"controlType":"sap.ui.core.Icon","viewName":"etm.portal.ui.manageresources.view.Detail","viewId":"application-manageresources-display-component---detailRU","properties":{"src":{"regex":{"source":"overflow"}}}},"wdio_ui5_key":"etmportal.ui.manageresources.view.Detailsap.ui.core.Icon{\"src\":{\"regex\":{\"source\":\"overflow\"}}}"}]}
RESULT: {"script":"<script> [1562 bytes]","args":[{"selector":{"controlType":"sap.ui.core.Icon","viewName":"etm.portal.ui.manageresources.view.Detail","viewId":"application-manageresources-display-component---detailRU","properties":{"src":{"regex":{"source":"overflow"}}}},"wdio_ui5_key":"etmportal.ui.manageresources.view.Detailsap.ui.core.Icon{\"src\":{\"regex\":{\"source\":\"overflow\"}}}"}]}
RESULT: undefined
COMMAND: POST /session/b95feca9d6fe84e2832d9bd264215df5/element - {"using":"xpath","value":"//*[@id=\"__title36-_actionsToolbar-overflowButton-img\"]"}
RESULT: {"using":"xpath","value":"//*[@id=\"__title36-_actionsToolbar-overflowButton-img\"]"}
COMMAND: POST /session/b95feca9d6fe84e2832d9bd264215df5/element/f.91545E0F3748EE6609C5B89379E64318.d.242ADE7658D74A515DBAE9CEA88F0F6A.e.7189/click - {}
RESULT: {}
COMMAND: POST /session/b95feca9d6fe84e2832d9bd264215df5/execute/async - {"script":"<script> [1562 bytes]","args":[{"selector":{"controlType":"sap.m.Button","viewName":"etm.portal.ui.manageresources.view.Detail","viewId":"application-manageresources-display-component---detailRU","i18NText":{"propertyName":"tooltip","key":"closeColumn"},"searchOpenDialogs":true,"interaction":{"idSuffix":"inner"}},"wdio_ui5_key":"etmportal.ui.manageresources.view.Detailsap.m.Button{\"propertyName\":\"tooltip\",\"key\":\"closeColumn\"}"}]}
COMMAND: GET /session/b95feca9d6fe84e2832d9bd264215df5/screenshot - {}
RESULT: {"script":"<script> [1562 bytes]","args":[{"selector":{"controlType":"sap.m.Button","viewName":"etm.portal.ui.manageresources.view.Detail","viewId":"application-manageresources-display-component---detailRU","i18NText":{"propertyName":"tooltip","key":"closeColumn"},"searchOpenDialogs":true,"interaction":{"idSuffix":"inner"}},"wdio_ui5_key":"etmportal.ui.manageresources.view.Detailsap.m.Button{\"propertyName\":\"tooltip\",\"key\":\"closeColumn\"}"}]}
RESULT: undefined
COMMAND: POST /session/b95feca9d6fe84e2832d9bd264215df5/element - {"using":"xpath","value":"//*[@id=\"__button147\"]"}
RESULT: {}
RESULT: {"using":"xpath","value":"//*[@id=\"__button147\"]"}
COMMAND: POST /session/b95feca9d6fe84e2832d9bd264215df5/element/f.91545E0F3748EE6609C5B89379E64318.d.242ADE7658D74A515DBAE9CEA88F0F6A.e.7191/click - {}
RESULT: {}
COMMAND: GET /session/b95feca9d6fe84e2832d9bd264215df5/screenshot - {}
RESULT: {}
COMMAND: POST /session/b95feca9d6fe84e2832d9bd264215df5/refresh - {}
RESULT: {}
COMMAND: GET /session/b95feca9d6fe84e2832d9bd264215df5/screenshot - {}
RESULT: {}
COMMAND: POST /session/b95feca9d6fe84e2832d9bd264215df5/execute/async - {"script":"<script> [189 bytes]","args":[]}
RESULT: {"script":"<script> [189 bytes]","args":[]}
COMMAND: POST /session/b95feca9d6fe84e2832d9bd264215df5/execute/async - {"script":"<script> [123 bytes]","args":[]}
RESULT: {"script":"<script> [123 bytes]","args":[]}
COMMAND: POST /session/b95feca9d6fe84e2832d9bd264215df5/timeouts - {"script":"<number>"}
RESULT: {"script":"<number>"}
COMMAND: GET /session/b95feca9d6fe84e2832d9bd264215df5/timeouts - {}
RESULT: {}
RESULT: undefined
COMMAND: POST /session/b95feca9d6fe84e2832d9bd264215df5/execute/async - {"script":"<script> [2676 bytes]","args":[]}
RESULT: {"script":"<script> [2676 bytes]","args":[]}
COMMAND: POST /session/b95feca9d6fe84e2832d9bd264215df5/execute/async - {"script":"<script> [2342 bytes]","args":[{"protocol":"http","hostname":"0.0.0.0","path":"/","capabilities":{"browserName":"chrome","goog:chromeOptions":{"binary":"C:\\Program Files\\Google\\Chrome\\Application\\chrome.exe","args":["--start-maximized"]}},"logLevel":"warn","connectionRetryTimeout":120000,"connectionRetryCount":3,"logLevels":{},"enableDirectConnect":true,"strictSSL":true,"_":"65 more keys: [\"cacheDir\",\"port\",\"requestedCapabilities\",\"automationProtocol\",\"baseUrl\",\"waitforInterval\",\"waitforTimeout\",\"onReload\",\"beforeCommand\",\"afterCommand\",\"rootDir\",\"specs\",\"suites\",\"exclude\",\"groupLogsByTestSpec\",\"excludeDriverLogs\",\"bail\",\"framework\",\"reporters\",\"services\",\"maxInstances\",\"maxInstancesPerCapability\",\"injectGlobals\",\"filesToWatch\",\"execArgv\",\"runnerEnv\",\"runner\",\"shard\",\"specFileRetries\",\"specFileRetriesDelay\",\"specFileRetriesDeferred\",\"reporterSyncInterval\",\"reporterSyncTimeout\",\"cucumberFeaturesWithLineNumbers\",\"autoCompileOpts\",\"mochaOpts\",\"jasmineOpts\",\"cucumberOpts\",\"onPrepare\",\"onWorkerStart\",\"onWorkerEnd\",\"before\",\"beforeSession\",\"beforeSuite\",\"beforeHook\",\"beforeTest\",\"afterTest\",\"afterHook\",\"afterSuite\",\"afterSession\",\"after\",\"onComplete\",\"beforeAssertion\",\"afterAssertion\",\"beforeFeature\",\"beforeScenario\",\"beforeStep\",\"afterStep\",\"afterScenario\",\"afterFeature\",\"_\",\"suite\",\"$0\",\"ignoredWorkerServices\",\"wdi5\"]"}]}
RESULT: {"script":"<script> [2342 bytes]","args":[{"protocol":"http","hostname":"0.0.0.0","path":"/","capabilities":{"browserName":"chrome","goog:chromeOptions":{"binary":"C:\\Program Files\\Google\\Chrome\\Application\\chrome.exe","args":["--start-maximized"]}},"logLevel":"warn","connectionRetryTimeout":120000,"connectionRetryCount":3,"logLevels":{},"enableDirectConnect":true,"strictSSL":true,"_":"65 more keys: [\"cacheDir\",\"port\",\"requestedCapabilities\",\"automationProtocol\",\"baseUrl\",\"waitforInterval\",\"waitforTimeout\",\"onReload\",\"beforeCommand\",\"afterCommand\",\"rootDir\",\"specs\",\"suites\",\"exclude\",\"groupLogsByTestSpec\",\"excludeDriverLogs\",\"bail\",\"framework\",\"reporters\",\"services\",\"maxInstances\",\"maxInstancesPerCapability\",\"injectGlobals\",\"filesToWatch\",\"execArgv\",\"runnerEnv\",\"runner\",\"shard\",\"specFileRetries\",\"specFileRetriesDelay\",\"specFileRetriesDeferred\",\"reporterSyncInterval\",\"reporterSyncTimeout\",\"cucumberFeaturesWithLineNumbers\",\"autoCompileOpts\",\"mochaOpts\",\"jasmineOpts\",\"cucumberOpts\",\"onPrepare\",\"onWorkerStart\",\"onWorkerEnd\",\"before\",\"beforeSession\",\"beforeSuite\",\"beforeHook\",\"beforeTest\",\"afterTest\",\"afterHook\",\"afterSuite\",\"afterSession\",\"after\",\"onComplete\",\"beforeAssertion\",\"afterAssertion\",\"beforeFeature\",\"beforeScenario\",\"beforeStep\",\"afterStep\",\"afterScenario\",\"afterFeature\",\"_\",\"suite\",\"$0\",\"ignoredWorkerServices\",\"wdi5\"]"}]}
COMMAND: POST /session/b95feca9d6fe84e2832d9bd264215df5/execute/async - {"script":"<script> [21126 bytes]","args":[35000]}
RESULT: {"script":"<script> [21126 bytes]","args":[35000]}
COMMAND: POST /session/b95feca9d6fe84e2832d9bd264215df5/element - {"using":"css selector","value":"#shell-header-logo"}
RESULT: {"using":"css selector","value":"#shell-header-logo"}
COMMAND: POST /session/b95feca9d6fe84e2832d9bd264215df5/element/f.91545E0F3748EE6609C5B89379E64318.d.74BF2D8DE23377E5F1EE8E13D2156F55.e.7287/click - {}
RESULT: {}
COMMAND: GET /session/b95feca9d6fe84e2832d9bd264215df5/screenshot - {}
RESULT: {}
COMMAND: POST /session/b95feca9d6fe84e2832d9bd264215df5/execute/async - {"script":"<script> [1562 bytes]","args":[{"selector":{"controlType":"sap.m.Text","viewName":"etm.portal.ui.managehandoverstile.view.Master","properties":{"text":"Manage Handovers"},"interaction":{"idSuffix":"inner"}},"wdio_ui5_key":"etmportal.ui.managehandoverstile.view.Mastersap.m.Text{\"text\":\"Manage Handovers\"}"}]}
RESULT: {"script":"<script> [1562 bytes]","args":[{"selector":{"controlType":"sap.m.Text","viewName":"etm.portal.ui.managehandoverstile.view.Master","properties":{"text":"Manage Handovers"},"interaction":{"idSuffix":"inner"}},"wdio_ui5_key":"etmportal.ui.managehandoverstile.view.Mastersap.m.Text{\"text\":\"Manage Handovers\"}"}]}
RESULT: undefined
COMMAND: POST /session/b95feca9d6fe84e2832d9bd264215df5/element - {"using":"xpath","value":"//*[@id=\"__tile132-title\"]"}
RESULT: {"using":"xpath","value":"//*[@id=\"__tile132-title\"]"}
COMMAND: POST /session/b95feca9d6fe84e2832d9bd264215df5/element/f.91545E0F3748EE6609C5B89379E64318.d.74BF2D8DE23377E5F1EE8E13D2156F55.e.7477/click - {}
RESULT: {}
COMMAND: GET /session/b95feca9d6fe84e2832d9bd264215df5/screenshot - {}
RESULT: {}
COMMAND: POST /session/b95feca9d6fe84e2832d9bd264215df5/element - {"using":"xpath","value":"//button[@data-kt=\"masterHOAddButton\"]"}
RESULT: {"using":"xpath","value":"//button[@data-kt=\"masterHOAddButton\"]"}
COMMAND: POST /session/b95feca9d6fe84e2832d9bd264215df5/element - {"using":"xpath","value":"//button[@data-kt=\"masterHOAddButton\"]"}
RESULT: {"using":"xpath","value":"//button[@data-kt=\"masterHOAddButton\"]"}
COMMAND: POST /session/b95feca9d6fe84e2832d9bd264215df5/element - {"using":"xpath","value":"//button[@data-kt=\"masterHOAddButton\"]"}
RESULT: {"using":"xpath","value":"//button[@data-kt=\"masterHOAddButton\"]"}
COMMAND: POST /session/b95feca9d6fe84e2832d9bd264215df5/execute/sync - {"script":"<script> [8489 bytes]","args":[{"element-6066-11e4-a52e-4f735466cecf":"f.91545E0F3748EE6609C5B89379E64318.d.74BF2D8DE23377E5F1EE8E13D2156F55.e.7519","ELEMENT":"f.91545E0F3748EE6609C5B89379E64318.d.74BF2D8DE23377E5F1EE8E13D2156F55.e.7519"}]}
RESULT: {"script":"<script> [8489 bytes]","args":[{"element-6066-11e4-a52e-4f735466cecf":"f.91545E0F3748EE6609C5B89379E64318.d.74BF2D8DE23377E5F1EE8E13D2156F55.e.7519","ELEMENT":"f.91545E0F3748EE6609C5B89379E64318.d.74BF2D8DE23377E5F1EE8E13D2156F55.e.7519"}]}
COMMAND: POST /session/b95feca9d6fe84e2832d9bd264215df5/element/f.91545E0F3748EE6609C5B89379E64318.d.74BF2D8DE23377E5F1EE8E13D2156F55.e.7519/click - {}
COMMAND: GET /session/b95feca9d6fe84e2832d9bd264215df5/screenshot - {}
RESULT: {}
COMMAND: GET /session/b95feca9d6fe84e2832d9bd264215df5/screenshot - {}
RESULT: {}
RESULT: {}
COMMAND: POST /session/b95feca9d6fe84e2832d9bd264215df5/element - {"using":"xpath","value":"//span[contains(@id ,\"AddNewHO--typeSelect-arrow\")]"}
RESULT: {"using":"xpath","value":"//span[contains(@id ,\"AddNewHO--typeSelect-arrow\")]"}
COMMAND: POST /session/b95feca9d6fe84e2832d9bd264215df5/element/f.91545E0F3748EE6609C5B89379E64318.d.74BF2D8DE23377E5F1EE8E13D2156F55.e.7817/click - {}
RESULT: {}
COMMAND: GET /session/b95feca9d6fe84e2832d9bd264215df5/screenshot - {}
RESULT: {}
COMMAND: POST /session/b95feca9d6fe84e2832d9bd264215df5/element - {"using":"xpath","value":"(//li[contains(text(), \"stock increase yard\")])[1]"}
RESULT: {"using":"xpath","value":"(//li[contains(text(), \"stock increase yard\")])[1]"}
COMMAND: POST /session/b95feca9d6fe84e2832d9bd264215df5/element/f.91545E0F3748EE6609C5B89379E64318.d.74BF2D8DE23377E5F1EE8E13D2156F55.e.7818/click - {}
RESULT: {}
COMMAND: GET /session/b95feca9d6fe84e2832d9bd264215df5/screenshot - {}
RESULT: {}
COMMAND: POST /session/b95feca9d6fe84e2832d9bd264215df5/execute/async - {"script":"<script> [1562 bytes]","args":[{"selector":{"id":"application-managehandovers-display-component---AddNewHO--dueDate","interaction":{"idSuffix":"inner"}},"wdio_ui5_key":"applicationmanagehandovers-display-component---AddNewHO--dueDate"}]}
RESULT: {"script":"<script> [1562 bytes]","args":[{"selector":{"id":"application-managehandovers-display-component---AddNewHO--dueDate","interaction":{"idSuffix":"inner"}},"wdio_ui5_key":"applicationmanagehandovers-display-component---AddNewHO--dueDate"}]}
RESULT: undefined
COMMAND: POST /session/b95feca9d6fe84e2832d9bd264215df5/execute/async - {"script":"<script> [6424 bytes]","args":[{"element-6066-11e4-a52e-4f735466cecf":"f.91545E0F3748EE6609C5B89379E64318.d.74BF2D8DE23377E5F1EE8E13D2156F55.e.7822"},"setValue",["04/26/2025"]]}
RESULT: {"script":"<script> [6424 bytes]","args":[{"element-6066-11e4-a52e-4f735466cecf":"f.91545E0F3748EE6609C5B89379E64318.d.74BF2D8DE23377E5F1EE8E13D2156F55.e.7822"},"setValue",["04/26/2025"]]}
COMMAND: POST /session/b95feca9d6fe84e2832d9bd264215df5/element - {"using":"xpath","value":"//input[@id=\"generalSectionFrg--receiveYard-inner\"]"}
RESULT: {"using":"xpath","value":"//input[@id=\"generalSectionFrg--receiveYard-inner\"]"}
COMMAND: POST /session/b95feca9d6fe84e2832d9bd264215df5/element/f.91545E0F3748EE6609C5B89379E64318.d.74BF2D8DE23377E5F1EE8E13D2156F55.e.7828/clear - {}
RESULT: {}
COMMAND: POST /session/b95feca9d6fe84e2832d9bd264215df5/element/f.91545E0F3748EE6609C5B89379E64318.d.74BF2D8DE23377E5F1EE8E13D2156F55.e.7828/value - {"text":"WebdriverYarda9nm2l"}
COMMAND: GET /session/b95feca9d6fe84e2832d9bd264215df5/screenshot - {}
RESULT: {"text":"WebdriverYarda9nm2l"}
COMMAND: GET /session/b95feca9d6fe84e2832d9bd264215df5/screenshot - {}
RESULT: {}
RESULT: {}
COMMAND: POST /session/b95feca9d6fe84e2832d9bd264215df5/execute/async - {"script":"<script> [1562 bytes]","args":[{"selector":{"id":"application-managehandovers-display-component---AddNewHO--ObjectPageLayout-anchBar-application-managehandovers-display-component---AddNewHO--section4-anchor","interaction":{"idSuffix":"BDI-content"}},"wdio_ui5_key":"applicationmanagehandovers-display-component---AddNewHO--ObjectPageLayout-anchBar-application-managehandovers-display-component---AddNewHO--section4-anchor"}]}
RESULT: {"script":"<script> [1562 bytes]","args":[{"selector":{"id":"application-managehandovers-display-component---AddNewHO--ObjectPageLayout-anchBar-application-managehandovers-display-component---AddNewHO--section4-anchor","interaction":{"idSuffix":"BDI-content"}},"wdio_ui5_key":"applicationmanagehandovers-display-component---AddNewHO--ObjectPageLayout-anchBar-application-managehandovers-display-component---AddNewHO--section4-anchor"}]}
RESULT: undefined
COMMAND: POST /session/b95feca9d6fe84e2832d9bd264215df5/element - {"using":"xpath","value":"//*[@id=\"application-managehandovers-display-component---AddNewHO--ObjectPageLayout-anchBar-application-managehandovers-display-component---AddNewHO--section4-anchor\"]"}
RESULT: {"using":"xpath","value":"//*[@id=\"application-managehandovers-display-component---AddNewHO--ObjectPageLayout-anchBar-application-managehandovers-display-component---AddNewHO--section4-anchor\"]"}
COMMAND: POST /session/b95feca9d6fe84e2832d9bd264215df5/element/f.91545E0F3748EE6609C5B89379E64318.d.74BF2D8DE23377E5F1EE8E13D2156F55.e.7845/click - {}
RESULT: {}
COMMAND: GET /session/b95feca9d6fe84e2832d9bd264215df5/screenshot - {}
RESULT: {}
COMMAND: POST /session/b95feca9d6fe84e2832d9bd264215df5/element - {"using":"xpath","value":"//button[@aria-label=\"Add\"]"}
RESULT: {"using":"xpath","value":"//button[@aria-label=\"Add\"]"}
COMMAND: POST /session/b95feca9d6fe84e2832d9bd264215df5/element/f.91545E0F3748EE6609C5B89379E64318.d.74BF2D8DE23377E5F1EE8E13D2156F55.e.7849/click - {}
RESULT: {}
COMMAND: GET /session/b95feca9d6fe84e2832d9bd264215df5/screenshot - {}
RESULT: {}
COMMAND: POST /session/b95feca9d6fe84e2832d9bd264215df5/execute/async - {"script":"<script> [1562 bytes]","args":[{"selector":{"id":"application-managehandovers-display-component---AddNewHO--smartFilterBar-btnBasicSearch","searchOpenDialogs":true,"interaction":{"idSuffix":"I"}},"wdio_ui5_key":"applicationmanagehandovers-display-component---AddNewHO--smartFilterBar-btnBasicSearch"}]}
RESULT: {"script":"<script> [1562 bytes]","args":[{"selector":{"id":"application-managehandovers-display-component---AddNewHO--smartFilterBar-btnBasicSearch","searchOpenDialogs":true,"interaction":{"idSuffix":"I"}},"wdio_ui5_key":"applicationmanagehandovers-display-component---AddNewHO--smartFilterBar-btnBasicSearch"}]}
RESULT: undefined
COMMAND: POST /session/b95feca9d6fe84e2832d9bd264215df5/execute/async - {"script":"<script> [776 bytes]","args":[{"enterText":"WebdriverRUR2Cfc03i","selector":{"id":"application-managehandovers-display-component---AddNewHO--smartFilterBar-btnBasicSearch","searchOpenDialogs":true,"interaction":{"idSuffix":"I"}},"clearTextFirst":true,"interactionType":"ENTER_TEXT"}]}
RESULT: {"script":"<script> [776 bytes]","args":[{"enterText":"WebdriverRUR2Cfc03i","selector":{"id":"application-managehandovers-display-component---AddNewHO--smartFilterBar-btnBasicSearch","searchOpenDialogs":true,"interaction":{"idSuffix":"I"}},"clearTextFirst":true,"interactionType":"ENTER_TEXT"}]}
COMMAND: POST /session/b95feca9d6fe84e2832d9bd264215df5/actions - {"actions":[{"id":"action16","type":"key","parameters":{},"actions":[{"type":"keyDown","value":"î€‡"},{"type":"pause","duration":10},{"type":"keyUp","value":"î€‡"}]}]}
RESULT: {"actions":[{"id":"action16","type":"key","parameters":{},"actions":[{"type":"keyDown","value":"î€‡"},{"type":"pause","duration":10},{"type":"keyUp","value":"î€‡"}]}]}
COMMAND: POST /session/b95feca9d6fe84e2832d9bd264215df5/execute/async - {"script":"<script> [1562 bytes]","args":[{"selector":{"id":"application-managehandovers-display-component---AddNewHO--popup-sa","searchOpenDialogs":true,"interaction":{"idSuffix":"CbBg"}},"wdio_ui5_key":"applicationmanagehandovers-display-component---AddNewHO--popup-sa"}]}
COMMAND: GET /session/b95feca9d6fe84e2832d9bd264215df5/screenshot - {}
RESULT: {"script":"<script> [1562 bytes]","args":[{"selector":{"id":"application-managehandovers-display-component---AddNewHO--popup-sa","searchOpenDialogs":true,"interaction":{"idSuffix":"CbBg"}},"wdio_ui5_key":"applicationmanagehandovers-display-component---AddNewHO--popup-sa"}]}
RESULT: undefined
COMMAND: POST /session/b95feca9d6fe84e2832d9bd264215df5/element - {"using":"xpath","value":"//*[@id=\"application-managehandovers-display-component---AddNewHO--popup-sa\"]"}
RESULT: {}
RESULT: {"using":"xpath","value":"//*[@id=\"application-managehandovers-display-component---AddNewHO--popup-sa\"]"}
COMMAND: POST /session/b95feca9d6fe84e2832d9bd264215df5/element/f.91545E0F3748EE6609C5B89379E64318.d.74BF2D8DE23377E5F1EE8E13D2156F55.e.7953/click - {}
RESULT: {}
COMMAND: GET /session/b95feca9d6fe84e2832d9bd264215df5/screenshot - {}
RESULT: {}
COMMAND: POST /session/b95feca9d6fe84e2832d9bd264215df5/element - {"using":"xpath","value":"//bdi[contains(text(), \"Select\")]"}
RESULT: {"using":"xpath","value":"//bdi[contains(text(), \"Select\")]"}
COMMAND: POST /session/b95feca9d6fe84e2832d9bd264215df5/element/f.91545E0F3748EE6609C5B89379E64318.d.74BF2D8DE23377E5F1EE8E13D2156F55.e.7954/click - {}
RESULT: {}
COMMAND: GET /session/b95feca9d6fe84e2832d9bd264215df5/screenshot - {}
RESULT: {}
COMMAND: POST /session/b95feca9d6fe84e2832d9bd264215df5/execute/async - {"script":"<script> [1562 bytes]","args":[{"selector":{"controlType":"sap.m.Input","viewName":"etm.portal.ui.managehandovers.view.AddNewHO","viewId":"application-managehandovers-display-component---AddNewHO","bindingPath":{"path":"/items/0","propertyPath":"TYPE","modelName":"hoItemsModel"},"interaction":{"idSuffix":"inner"}},"wdio_ui5_key":"etmportal.ui.managehandovers.view.AddNewHOsap.m.Input{\"path\":\"/items/0\",\"propertyPath\":\"TYPE\",\"modelName\":\"hoItemsModel\"}"}]}
RESULT: {"script":"<script> [1562 bytes]","args":[{"selector":{"controlType":"sap.m.Input","viewName":"etm.portal.ui.managehandovers.view.AddNewHO","viewId":"application-managehandovers-display-component---AddNewHO","bindingPath":{"path":"/items/0","propertyPath":"TYPE","modelName":"hoItemsModel"},"interaction":{"idSuffix":"inner"}},"wdio_ui5_key":"etmportal.ui.managehandovers.view.AddNewHOsap.m.Input{\"path\":\"/items/0\",\"propertyPath\":\"TYPE\",\"modelName\":\"hoItemsModel\"}"}]}
RESULT: undefined
COMMAND: POST /session/b95feca9d6fe84e2832d9bd264215df5/execute/async - {"script":"<script> [776 bytes]","args":[{"enterText":"100","selector":{"controlType":"sap.m.Input","viewName":"etm.portal.ui.managehandovers.view.AddNewHO","viewId":"application-managehandovers-display-component---AddNewHO","bindingPath":{"path":"/items/0","propertyPath":"TYPE","modelName":"hoItemsModel"},"interaction":{"idSuffix":"inner"}},"clearTextFirst":true,"interactionType":"ENTER_TEXT"}]}
RESULT: {"script":"<script> [776 bytes]","args":[{"enterText":"100","selector":{"controlType":"sap.m.Input","viewName":"etm.portal.ui.managehandovers.view.AddNewHO","viewId":"application-managehandovers-display-component---AddNewHO","bindingPath":{"path":"/items/0","propertyPath":"TYPE","modelName":"hoItemsModel"},"interaction":{"idSuffix":"inner"}},"clearTextFirst":true,"interactionType":"ENTER_TEXT"}]}
COMMAND: POST /session/b95feca9d6fe84e2832d9bd264215df5/element - {"using":"xpath","value":"//button[@data-kt=\"AddNewHOSaveButton\"]"}
RESULT: {"using":"xpath","value":"//button[@data-kt=\"AddNewHOSaveButton\"]"}
COMMAND: POST /session/b95feca9d6fe84e2832d9bd264215df5/element/f.91545E0F3748EE6609C5B89379E64318.d.74BF2D8DE23377E5F1EE8E13D2156F55.e.7959/click - {}
RESULT: {}
COMMAND: GET /session/b95feca9d6fe84e2832d9bd264215df5/screenshot - {}
COMMAND: POST /session/b95feca9d6fe84e2832d9bd264215df5/execute/async - {"script":"<script> [1562 bytes]","args":[{"selector":{"id":"receiptDatePicker","viewName":"etm.portal.ui.managehandovers.view.DetailExecuteHO","interaction":{"idSuffix":"inner"}},"wdio_ui5_key":"receiptDatePickeretmportal.ui.managehandovers.view.DetailExecuteHO"}]}
RESULT: {}
RESULT: {"script":"<script> [1562 bytes]","args":[{"selector":{"id":"receiptDatePicker","viewName":"etm.portal.ui.managehandovers.view.DetailExecuteHO","interaction":{"idSuffix":"inner"}},"wdio_ui5_key":"receiptDatePickeretmportal.ui.managehandovers.view.DetailExecuteHO"}]}
RESULT: undefined
COMMAND: POST /session/b95feca9d6fe84e2832d9bd264215df5/execute/async - {"script":"<script> [6424 bytes]","args":[{"element-6066-11e4-a52e-4f735466cecf":"f.91545E0F3748EE6609C5B89379E64318.d.74BF2D8DE23377E5F1EE8E13D2156F55.e.7986"},"setValue",["04/26/2025"]]}
RESULT: {"script":"<script> [6424 bytes]","args":[{"element-6066-11e4-a52e-4f735466cecf":"f.91545E0F3748EE6609C5B89379E64318.d.74BF2D8DE23377E5F1EE8E13D2156F55.e.7986"},"setValue",["04/26/2025"]]}
COMMAND: POST /session/b95feca9d6fe84e2832d9bd264215df5/element - {"using":"xpath","value":"//button[@data-kt=\"PickingTableConfirmAllButton\"]"}
RESULT: {"using":"xpath","value":"//button[@data-kt=\"PickingTableConfirmAllButton\"]"}
COMMAND: POST /session/b95feca9d6fe84e2832d9bd264215df5/element/f.91545E0F3748EE6609C5B89379E64318.d.74BF2D8DE23377E5F1EE8E13D2156F55.e.8001/click - {}
RESULT: {}
COMMAND: GET /session/b95feca9d6fe84e2832d9bd264215df5/screenshot - {}
RESULT: {}
COMMAND: POST /session/b95feca9d6fe84e2832d9bd264215df5/element - {"using":"xpath","value":"//bdi[contains(text(), \"OK\")]"}
RESULT: {"using":"xpath","value":"//bdi[contains(text(), \"OK\")]"}
COMMAND: POST /session/b95feca9d6fe84e2832d9bd264215df5/element/f.91545E0F3748EE6609C5B89379E64318.d.74BF2D8DE23377E5F1EE8E13D2156F55.e.8003/click - {}
RESULT: {}
COMMAND: GET /session/b95feca9d6fe84e2832d9bd264215df5/screenshot - {}
RESULT: {}
COMMAND: POST /session/b95feca9d6fe84e2832d9bd264215df5/element - {"using":"xpath","value":"(//bdi[contains(text(), \"Receive\")])[2]"}
RESULT: {"using":"xpath","value":"(//bdi[contains(text(), \"Receive\")])[2]"}
COMMAND: POST /session/b95feca9d6fe84e2832d9bd264215df5/element/f.91545E0F3748EE6609C5B89379E64318.d.74BF2D8DE23377E5F1EE8E13D2156F55.e.8005/click - {}
RESULT: {}
COMMAND: GET /session/b95feca9d6fe84e2832d9bd264215df5/screenshot - {}
RESULT: {}
COMMAND: POST /session/b95feca9d6fe84e2832d9bd264215df5/element - {"using":"css selector","value":"#shell-header-logo"}
RESULT: {"using":"css selector","value":"#shell-header-logo"}
COMMAND: POST /session/b95feca9d6fe84e2832d9bd264215df5/element/f.91545E0F3748EE6609C5B89379E64318.d.74BF2D8DE23377E5F1EE8E13D2156F55.e.7481/click - {}
RESULT: {}
COMMAND: GET /session/b95feca9d6fe84e2832d9bd264215df5/screenshot - {}
]]></system-out>
    </testcase>
    <testcase classname="chrome.135_0_7049_96.windows.E2E_-_Logistical_and_commercial_statuses" name="Should add a pricing rule and a condition to the RU" time="108.394">
      <system-out><![CDATA[
COMMAND: POST /session/b95feca9d6fe84e2832d9bd264215df5/execute/async - {"script":"<script> [1562 bytes]","args":[{"selector":{"controlType":"sap.m.GenericTile","properties":{"header":"Manage Pricing Rules"}},"wdio_ui5_key":"sapm.GenericTile{\"header\":\"Manage Pricing Rules\"}"}]}
RESULT: {}
RESULT: {"script":"<script> [1562 bytes]","args":[{"selector":{"controlType":"sap.m.GenericTile","properties":{"header":"Manage Pricing Rules"}},"wdio_ui5_key":"sapm.GenericTile{\"header\":\"Manage Pricing Rules\"}"}]}
RESULT: undefined
COMMAND: POST /session/b95feca9d6fe84e2832d9bd264215df5/element - {"using":"xpath","value":"//*[@id=\"__tile55\"]"}
RESULT: {"using":"xpath","value":"//*[@id=\"__tile55\"]"}
COMMAND: POST /session/b95feca9d6fe84e2832d9bd264215df5/element/f.91545E0F3748EE6609C5B89379E64318.d.74BF2D8DE23377E5F1EE8E13D2156F55.e.8238/click - {}
RESULT: {}
COMMAND: GET /session/b95feca9d6fe84e2832d9bd264215df5/screenshot - {}
RESULT: {}
COMMAND: POST /session/b95feca9d6fe84e2832d9bd264215df5/execute/async - {"script":"<script> [1562 bytes]","args":[{"selector":{"controlType":"sap.ui.core.Icon","viewName":"etm.portal.ui.managepricingrules.view.MasterHeader","viewId":"application-managepricingrules-display-component---priceInfoHeader","properties":{"src":{"regex":{"source":"activity\\-items"}}}},"wdio_ui5_key":"etmportal.ui.managepricingrules.view.MasterHeadersap.ui.core.Icon{\"src\":{\"regex\":{\"source\":\"activity\\\\-items\"}}}"}]}
RESULT: {"script":"<script> [1562 bytes]","args":[{"selector":{"controlType":"sap.ui.core.Icon","viewName":"etm.portal.ui.managepricingrules.view.MasterHeader","viewId":"application-managepricingrules-display-component---priceInfoHeader","properties":{"src":{"regex":{"source":"activity\\-items"}}}},"wdio_ui5_key":"etmportal.ui.managepricingrules.view.MasterHeadersap.ui.core.Icon{\"src\":{\"regex\":{\"source\":\"activity\\\\-items\"}}}"}]}
RESULT: undefined
COMMAND: POST /session/b95feca9d6fe84e2832d9bd264215df5/element - {"using":"xpath","value":"//*[@id=\"__filter22-icon\"]"}
RESULT: {"using":"xpath","value":"//*[@id=\"__filter22-icon\"]"}
COMMAND: POST /session/b95feca9d6fe84e2832d9bd264215df5/element/f.91545E0F3748EE6609C5B89379E64318.d.74BF2D8DE23377E5F1EE8E13D2156F55.e.8287/click - {}
RESULT: {}
COMMAND: GET /session/b95feca9d6fe84e2832d9bd264215df5/screenshot - {}
RESULT: {}
COMMAND: POST /session/b95feca9d6fe84e2832d9bd264215df5/execute/async - {"script":"<script> [1562 bytes]","args":[{"selector":{"controlType":"sap.ui.core.Icon","viewName":"etm.portal.ui.managepricingrules.view.MasterItem","viewId":"application-managepricingrules-display-component---priceInfoItem","properties":{"src":{"regex":{"source":"add"}}}},"wdio_ui5_key":"etmportal.ui.managepricingrules.view.MasterItemsap.ui.core.Icon{\"src\":{\"regex\":{\"source\":\"add\"}}}"}]}
RESULT: {"script":"<script> [1562 bytes]","args":[{"selector":{"controlType":"sap.ui.core.Icon","viewName":"etm.portal.ui.managepricingrules.view.MasterItem","viewId":"application-managepricingrules-display-component---priceInfoItem","properties":{"src":{"regex":{"source":"add"}}}},"wdio_ui5_key":"etmportal.ui.managepricingrules.view.MasterItemsap.ui.core.Icon{\"src\":{\"regex\":{\"source\":\"add\"}}}"}]}
RESULT: undefined
COMMAND: POST /session/b95feca9d6fe84e2832d9bd264215df5/element - {"using":"xpath","value":"//*[@id=\"__button76-img\"]"}
RESULT: {"using":"xpath","value":"//*[@id=\"__button76-img\"]"}
COMMAND: POST /session/b95feca9d6fe84e2832d9bd264215df5/element/f.91545E0F3748EE6609C5B89379E64318.d.74BF2D8DE23377E5F1EE8E13D2156F55.e.8325/click - {}
RESULT: {}
COMMAND: GET /session/b95feca9d6fe84e2832d9bd264215df5/screenshot - {}
RESULT: {}
COMMAND: POST /session/b95feca9d6fe84e2832d9bd264215df5/element - {"using":"xpath","value":"//input[@id=\"application-managepricingrules-display-component---newInfoPriceItem--condRU-inner\"]"}
RESULT: {"using":"xpath","value":"//input[@id=\"application-managepricingrules-display-component---newInfoPriceItem--condRU-inner\"]"}
COMMAND: POST /session/b95feca9d6fe84e2832d9bd264215df5/element/f.91545E0F3748EE6609C5B89379E64318.d.74BF2D8DE23377E5F1EE8E13D2156F55.e.8419/clear - {}
RESULT: {}
COMMAND: POST /session/b95feca9d6fe84e2832d9bd264215df5/element/f.91545E0F3748EE6609C5B89379E64318.d.74BF2D8DE23377E5F1EE8E13D2156F55.e.8419/value - {"text":"WebdriverRUR2Cfc03i"}
COMMAND: GET /session/b95feca9d6fe84e2832d9bd264215df5/screenshot - {}
RESULT: {"text":"WebdriverRUR2Cfc03i"}
COMMAND: POST /session/b95feca9d6fe84e2832d9bd264215df5/execute/async - {"script":"<script> [1562 bytes]","args":[{"selector":{"id":"application-managepricingrules-display-component---newInfoPriceItem--condValidTo","interaction":{"idSuffix":"inner"}},"wdio_ui5_key":"applicationmanagepricingrules-display-component---newInfoPriceItem--condValidTo"}]}
COMMAND: GET /session/b95feca9d6fe84e2832d9bd264215df5/screenshot - {}
RESULT: {}
RESULT: {"script":"<script> [1562 bytes]","args":[{"selector":{"id":"application-managepricingrules-display-component---newInfoPriceItem--condValidTo","interaction":{"idSuffix":"inner"}},"wdio_ui5_key":"applicationmanagepricingrules-display-component---newInfoPriceItem--condValidTo"}]}
RESULT: undefined
COMMAND: POST /session/b95feca9d6fe84e2832d9bd264215df5/execute/async - {"script":"<script> [776 bytes]","args":[{"enterText":"5/18/33","selector":{"id":"application-managepricingrules-display-component---newInfoPriceItem--condValidTo","interaction":{"idSuffix":"inner"}},"clearTextFirst":true,"interactionType":"ENTER_TEXT"}]}
RESULT: {}
RESULT: {"script":"<script> [776 bytes]","args":[{"enterText":"5/18/33","selector":{"id":"application-managepricingrules-display-component---newInfoPriceItem--condValidTo","interaction":{"idSuffix":"inner"}},"clearTextFirst":true,"interactionType":"ENTER_TEXT"}]}
COMMAND: POST /session/b95feca9d6fe84e2832d9bd264215df5/execute/async - {"script":"<script> [1562 bytes]","args":[{"selector":{"id":"application-managepricingrules-display-component---newInfoPriceItem--billType-arrow"},"wdio_ui5_key":"applicationmanagepricingrules-display-component---newInfoPriceItem--billType-arrow"}]}
RESULT: {"script":"<script> [1562 bytes]","args":[{"selector":{"id":"application-managepricingrules-display-component---newInfoPriceItem--billType-arrow"},"wdio_ui5_key":"applicationmanagepricingrules-display-component---newInfoPriceItem--billType-arrow"}]}
RESULT: undefined
COMMAND: POST /session/b95feca9d6fe84e2832d9bd264215df5/element - {"using":"xpath","value":"//*[@id=\"application-managepricingrules-display-component---newInfoPriceItem--billType-arrow\"]"}
RESULT: {"using":"xpath","value":"//*[@id=\"application-managepricingrules-display-component---newInfoPriceItem--billType-arrow\"]"}
COMMAND: POST /session/b95feca9d6fe84e2832d9bd264215df5/element/f.91545E0F3748EE6609C5B89379E64318.d.74BF2D8DE23377E5F1EE8E13D2156F55.e.8505/click - {}
RESULT: {}
COMMAND: POST /session/b95feca9d6fe84e2832d9bd264215df5/element - {"using":"xpath","value":"//span[contains(text(), \"TB - Time based\")]"}
COMMAND: GET /session/b95feca9d6fe84e2832d9bd264215df5/screenshot - {}
RESULT: {"using":"xpath","value":"//span[contains(text(), \"TB - Time based\")]"}
COMMAND: POST /session/b95feca9d6fe84e2832d9bd264215df5/element/f.91545E0F3748EE6609C5B89379E64318.d.74BF2D8DE23377E5F1EE8E13D2156F55.e.8506/click - {}
RESULT: {}
RESULT: {}
COMMAND: POST /session/b95feca9d6fe84e2832d9bd264215df5/execute/async - {"script":"<script> [1562 bytes]","args":[{"selector":{"id":"application-managepricingrules-display-component---newInfoPriceItem--priceProc-arrow"},"wdio_ui5_key":"applicationmanagepricingrules-display-component---newInfoPriceItem--priceProc-arrow"}]}
COMMAND: GET /session/b95feca9d6fe84e2832d9bd264215df5/screenshot - {}
RESULT: {"script":"<script> [1562 bytes]","args":[{"selector":{"id":"application-managepricingrules-display-component---newInfoPriceItem--priceProc-arrow"},"wdio_ui5_key":"applicationmanagepricingrules-display-component---newInfoPriceItem--priceProc-arrow"}]}
RESULT: undefined
COMMAND: POST /session/b95feca9d6fe84e2832d9bd264215df5/element - {"using":"xpath","value":"//*[@id=\"application-managepricingrules-display-component---newInfoPriceItem--priceProc-arrow\"]"}
RESULT: {}
RESULT: {"using":"xpath","value":"//*[@id=\"application-managepricingrules-display-component---newInfoPriceItem--priceProc-arrow\"]"}
COMMAND: POST /session/b95feca9d6fe84e2832d9bd264215df5/element/f.91545E0F3748EE6609C5B89379E64318.d.74BF2D8DE23377E5F1EE8E13D2156F55.e.8507/click - {}
RESULT: {}
COMMAND: POST /session/b95feca9d6fe84e2832d9bd264215df5/element - {"using":"xpath","value":"//span[contains(text(), \"TBS - Time based standard\")]"}
COMMAND: GET /session/b95feca9d6fe84e2832d9bd264215df5/screenshot - {}
RESULT: {"using":"xpath","value":"//span[contains(text(), \"TBS - Time based standard\")]"}
COMMAND: POST /session/b95feca9d6fe84e2832d9bd264215df5/element/f.91545E0F3748EE6609C5B89379E64318.d.74BF2D8DE23377E5F1EE8E13D2156F55.e.8508/click - {}
RESULT: {}
RESULT: {}
COMMAND: POST /session/b95feca9d6fe84e2832d9bd264215df5/execute/async - {"script":"<script> [1562 bytes]","args":[{"selector":{"id":"application-managepricingrules-display-component---newInfoPriceItem--calcBase-arrow"},"wdio_ui5_key":"applicationmanagepricingrules-display-component---newInfoPriceItem--calcBase-arrow"}]}
COMMAND: GET /session/b95feca9d6fe84e2832d9bd264215df5/screenshot - {}
RESULT: {"script":"<script> [1562 bytes]","args":[{"selector":{"id":"application-managepricingrules-display-component---newInfoPriceItem--calcBase-arrow"},"wdio_ui5_key":"applicationmanagepricingrules-display-component---newInfoPriceItem--calcBase-arrow"}]}
RESULT: undefined
COMMAND: POST /session/b95feca9d6fe84e2832d9bd264215df5/element - {"using":"xpath","value":"//*[@id=\"application-managepricingrules-display-component---newInfoPriceItem--calcBase-arrow\"]"}
RESULT: {}
RESULT: {"using":"xpath","value":"//*[@id=\"application-managepricingrules-display-component---newInfoPriceItem--calcBase-arrow\"]"}
COMMAND: POST /session/b95feca9d6fe84e2832d9bd264215df5/element/f.91545E0F3748EE6609C5B89379E64318.d.74BF2D8DE23377E5F1EE8E13D2156F55.e.8509/click - {}
RESULT: {}
COMMAND: GET /session/b95feca9d6fe84e2832d9bd264215df5/screenshot - {}
RESULT: {}
COMMAND: POST /session/b95feca9d6fe84e2832d9bd264215df5/element - {"using":"xpath","value":"//span[contains(text(), \"0006 - TB(calendar days)\")]"}
RESULT: {"using":"xpath","value":"//span[contains(text(), \"0006 - TB(calendar days)\")]"}
COMMAND: POST /session/b95feca9d6fe84e2832d9bd264215df5/element/f.91545E0F3748EE6609C5B89379E64318.d.74BF2D8DE23377E5F1EE8E13D2156F55.e.8510/click - {}
RESULT: {}
COMMAND: POST /session/b95feca9d6fe84e2832d9bd264215df5/execute/async - {"script":"<script> [1562 bytes]","args":[{"selector":{"id":"application-managepricingrules-display-component---newInfoPriceItem--daysMonth","interaction":{"idSuffix":"inner"}},"wdio_ui5_key":"applicationmanagepricingrules-display-component---newInfoPriceItem--daysMonth"}]}
COMMAND: GET /session/b95feca9d6fe84e2832d9bd264215df5/screenshot - {}
RESULT: {"script":"<script> [1562 bytes]","args":[{"selector":{"id":"application-managepricingrules-display-component---newInfoPriceItem--daysMonth","interaction":{"idSuffix":"inner"}},"wdio_ui5_key":"applicationmanagepricingrules-display-component---newInfoPriceItem--daysMonth"}]}
RESULT: undefined
COMMAND: POST /session/b95feca9d6fe84e2832d9bd264215df5/execute/async - {"script":"<script> [776 bytes]","args":[{"enterText":"30","selector":{"id":"application-managepricingrules-display-component---newInfoPriceItem--daysMonth","interaction":{"idSuffix":"inner"}},"clearTextFirst":true,"interactionType":"ENTER_TEXT"}]}
RESULT: {}
RESULT: {"script":"<script> [776 bytes]","args":[{"enterText":"30","selector":{"id":"application-managepricingrules-display-component---newInfoPriceItem--daysMonth","interaction":{"idSuffix":"inner"}},"clearTextFirst":true,"interactionType":"ENTER_TEXT"}]}
COMMAND: POST /session/b95feca9d6fe84e2832d9bd264215df5/element - {"using":"xpath","value":"//button[@data-kt=\"saveNewRuleButton\"]"}
RESULT: {"using":"xpath","value":"//button[@data-kt=\"saveNewRuleButton\"]"}
COMMAND: POST /session/b95feca9d6fe84e2832d9bd264215df5/element/f.91545E0F3748EE6609C5B89379E64318.d.74BF2D8DE23377E5F1EE8E13D2156F55.e.8512/click - {}
RESULT: {}
COMMAND: GET /session/b95feca9d6fe84e2832d9bd264215df5/screenshot - {}
RESULT: {}
COMMAND: POST /session/b95feca9d6fe84e2832d9bd264215df5/element - {"using":"css selector","value":"#shell-header-logo"}
RESULT: {"using":"css selector","value":"#shell-header-logo"}
COMMAND: POST /session/b95feca9d6fe84e2832d9bd264215df5/element/f.91545E0F3748EE6609C5B89379E64318.d.74BF2D8DE23377E5F1EE8E13D2156F55.e.8241/click - {}
RESULT: {}
COMMAND: GET /session/b95feca9d6fe84e2832d9bd264215df5/screenshot - {}
RESULT: {}
COMMAND: POST /session/b95feca9d6fe84e2832d9bd264215df5/execute/async - {"script":"<script> [1562 bytes]","args":[{"selector":{"controlType":"sap.m.Text","properties":{"text":"Manage Conditions & Prices"},"interaction":{"idSuffix":"inner"}},"wdio_ui5_key":"sapm.Text{\"text\":\"Manage Conditions & Prices\"}"}]}
RESULT: {"script":"<script> [1562 bytes]","args":[{"selector":{"controlType":"sap.m.Text","properties":{"text":"Manage Conditions & Prices"},"interaction":{"idSuffix":"inner"}},"wdio_ui5_key":"sapm.Text{\"text\":\"Manage Conditions & Prices\"}"}]}
RESULT: undefined
COMMAND: POST /session/b95feca9d6fe84e2832d9bd264215df5/element - {"using":"xpath","value":"//*[@id=\"__tile53-title\"]"}
RESULT: {"using":"xpath","value":"//*[@id=\"__tile53-title\"]"}
COMMAND: POST /session/b95feca9d6fe84e2832d9bd264215df5/element/f.91545E0F3748EE6609C5B89379E64318.d.74BF2D8DE23377E5F1EE8E13D2156F55.e.8518/click - {}
RESULT: {}
COMMAND: GET /session/b95feca9d6fe84e2832d9bd264215df5/screenshot - {}
RESULT: {}
COMMAND: POST /session/b95feca9d6fe84e2832d9bd264215df5/element - {"using":"xpath","value":"//button[@aria-label=\"Create\"]"}
RESULT: {"using":"xpath","value":"//button[@aria-label=\"Create\"]"}
COMMAND: POST /session/b95feca9d6fe84e2832d9bd264215df5/elements - {"using":"xpath","value":"//button[@aria-label=\"Create\"]"}
RESULT: {"using":"xpath","value":"//button[@aria-label=\"Create\"]"}
COMMAND: POST /session/b95feca9d6fe84e2832d9bd264215df5/elements - {"using":"xpath","value":"//button[@aria-label=\"Create\"]"}
RESULT: {"using":"xpath","value":"//button[@aria-label=\"Create\"]"}
COMMAND: POST /session/b95feca9d6fe84e2832d9bd264215df5/element - {"using":"xpath","value":"//button[@aria-label=\"Create\"]"}
RESULT: {"using":"xpath","value":"//button[@aria-label=\"Create\"]"}
COMMAND: POST /session/b95feca9d6fe84e2832d9bd264215df5/element/f.91545E0F3748EE6609C5B89379E64318.d.74BF2D8DE23377E5F1EE8E13D2156F55.e.8555/click - {}
RESULT: {}
COMMAND: POST /session/b95feca9d6fe84e2832d9bd264215df5/actions - {"actions":[{"id":"action17","type":"key","parameters":{},"actions":[{"type":"keyDown","value":"î€‡"},{"type":"pause","duration":10},{"type":"keyUp","value":"î€‡"}]}]}
COMMAND: GET /session/b95feca9d6fe84e2832d9bd264215df5/screenshot - {}
RESULT: {"actions":[{"id":"action17","type":"key","parameters":{},"actions":[{"type":"keyDown","value":"î€‡"},{"type":"pause","duration":10},{"type":"keyUp","value":"î€‡"}]}]}
COMMAND: GET /session/b95feca9d6fe84e2832d9bd264215df5/screenshot - {}
COMMAND: POST /session/b95feca9d6fe84e2832d9bd264215df5/execute/async - {"script":"<script> [1562 bytes]","args":[{"selector":{"id":"application-manageconditionprice-display-component---newCondition--condBillCond-arrow"},"wdio_ui5_key":"applicationmanageconditionprice-display-component---newCondition--condBillCond-arrow"}]}
RESULT: {}
RESULT: {}
RESULT: {"script":"<script> [1562 bytes]","args":[{"selector":{"id":"application-manageconditionprice-display-component---newCondition--condBillCond-arrow"},"wdio_ui5_key":"applicationmanageconditionprice-display-component---newCondition--condBillCond-arrow"}]}
RESULT: undefined
COMMAND: POST /session/b95feca9d6fe84e2832d9bd264215df5/element - {"using":"xpath","value":"//*[@id=\"application-manageconditionprice-display-component---newCondition--condBillCond-arrow\"]"}
RESULT: {"using":"xpath","value":"//*[@id=\"application-manageconditionprice-display-component---newCondition--condBillCond-arrow\"]"}
COMMAND: POST /session/b95feca9d6fe84e2832d9bd264215df5/element/f.91545E0F3748EE6609C5B89379E64318.d.74BF2D8DE23377E5F1EE8E13D2156F55.e.8914/click - {}
RESULT: {}
COMMAND: POST /session/b95feca9d6fe84e2832d9bd264215df5/element - {"using":"xpath","value":"//span[contains(text(), \"DISP - D&I special price\")]"}
COMMAND: GET /session/b95feca9d6fe84e2832d9bd264215df5/screenshot - {}
RESULT: {"using":"xpath","value":"//span[contains(text(), \"DISP - D&I special price\")]"}
COMMAND: POST /session/b95feca9d6fe84e2832d9bd264215df5/element/f.91545E0F3748EE6609C5B89379E64318.d.74BF2D8DE23377E5F1EE8E13D2156F55.e.8915/click - {}
RESULT: {}
RESULT: {}
COMMAND: POST /session/b95feca9d6fe84e2832d9bd264215df5/execute/async - {"script":"<script> [1562 bytes]","args":[{"selector":{"id":"application-manageconditionprice-display-component---newCondition--condValidTo","interaction":{"idSuffix":"inner"}},"wdio_ui5_key":"applicationmanageconditionprice-display-component---newCondition--condValidTo"}]}
COMMAND: GET /session/b95feca9d6fe84e2832d9bd264215df5/screenshot - {}
RESULT: {"script":"<script> [1562 bytes]","args":[{"selector":{"id":"application-manageconditionprice-display-component---newCondition--condValidTo","interaction":{"idSuffix":"inner"}},"wdio_ui5_key":"applicationmanageconditionprice-display-component---newCondition--condValidTo"}]}
RESULT: undefined
COMMAND: POST /session/b95feca9d6fe84e2832d9bd264215df5/execute/async - {"script":"<script> [776 bytes]","args":[{"enterText":"5/11/33","selector":{"id":"application-manageconditionprice-display-component---newCondition--condValidTo","interaction":{"idSuffix":"inner"}},"clearTextFirst":true,"interactionType":"ENTER_TEXT"}]}
RESULT: {}
RESULT: {"script":"<script> [776 bytes]","args":[{"enterText":"5/11/33","selector":{"id":"application-manageconditionprice-display-component---newCondition--condValidTo","interaction":{"idSuffix":"inner"}},"clearTextFirst":true,"interactionType":"ENTER_TEXT"}]}
COMMAND: POST /session/b95feca9d6fe84e2832d9bd264215df5/element - {"using":"xpath","value":"//input[@id=\"application-manageconditionprice-display-component---newCondition--condRU-inner\"]"}
RESULT: {"using":"xpath","value":"//input[@id=\"application-manageconditionprice-display-component---newCondition--condRU-inner\"]"}
COMMAND: POST /session/b95feca9d6fe84e2832d9bd264215df5/element/f.91545E0F3748EE6609C5B89379E64318.d.74BF2D8DE23377E5F1EE8E13D2156F55.e.8655/clear - {}
RESULT: {}
COMMAND: POST /session/b95feca9d6fe84e2832d9bd264215df5/element/f.91545E0F3748EE6609C5B89379E64318.d.74BF2D8DE23377E5F1EE8E13D2156F55.e.8655/value - {"text":"WebdriverRUR2Cfc03i"}
COMMAND: GET /session/b95feca9d6fe84e2832d9bd264215df5/screenshot - {}
RESULT: {}
RESULT: {"text":"WebdriverRUR2Cfc03i"}
COMMAND: GET /session/b95feca9d6fe84e2832d9bd264215df5/screenshot - {}
RESULT: {}
COMMAND: POST /session/b95feca9d6fe84e2832d9bd264215df5/actions - {"actions":[{"id":"action18","type":"key","parameters":{},"actions":[{"type":"keyDown","value":"î€‡"},{"type":"pause","duration":10},{"type":"keyUp","value":"î€‡"}]}]}
RESULT: {"actions":[{"id":"action18","type":"key","parameters":{},"actions":[{"type":"keyDown","value":"î€‡"},{"type":"pause","duration":10},{"type":"keyUp","value":"î€‡"}]}]}
COMMAND: POST /session/b95feca9d6fe84e2832d9bd264215df5/execute/async - {"script":"<script> [1562 bytes]","args":[{"selector":{"id":"application-manageconditionprice-display-component---newCondition--condBaseQty","interaction":{"idSuffix":"inner"}},"wdio_ui5_key":"applicationmanageconditionprice-display-component---newCondition--condBaseQty"}]}
COMMAND: GET /session/b95feca9d6fe84e2832d9bd264215df5/screenshot - {}
RESULT: {"script":"<script> [1562 bytes]","args":[{"selector":{"id":"application-manageconditionprice-display-component---newCondition--condBaseQty","interaction":{"idSuffix":"inner"}},"wdio_ui5_key":"applicationmanageconditionprice-display-component---newCondition--condBaseQty"}]}
RESULT: undefined
COMMAND: POST /session/b95feca9d6fe84e2832d9bd264215df5/execute/async - {"script":"<script> [776 bytes]","args":[{"enterText":"1","selector":{"id":"application-manageconditionprice-display-component---newCondition--condBaseQty","interaction":{"idSuffix":"inner"}},"clearTextFirst":true,"interactionType":"ENTER_TEXT"}]}
RESULT: {}
RESULT: {"script":"<script> [776 bytes]","args":[{"enterText":"1","selector":{"id":"application-manageconditionprice-display-component---newCondition--condBaseQty","interaction":{"idSuffix":"inner"}},"clearTextFirst":true,"interactionType":"ENTER_TEXT"}]}
COMMAND: POST /session/b95feca9d6fe84e2832d9bd264215df5/execute/async - {"script":"<script> [1562 bytes]","args":[{"selector":{"id":"application-manageconditionprice-display-component---newCondition--condValue","interaction":{"idSuffix":"inner"}},"wdio_ui5_key":"applicationmanageconditionprice-display-component---newCondition--condValue"}]}
RESULT: {"script":"<script> [1562 bytes]","args":[{"selector":{"id":"application-manageconditionprice-display-component---newCondition--condValue","interaction":{"idSuffix":"inner"}},"wdio_ui5_key":"applicationmanageconditionprice-display-component---newCondition--condValue"}]}
RESULT: undefined
COMMAND: POST /session/b95feca9d6fe84e2832d9bd264215df5/execute/async - {"script":"<script> [776 bytes]","args":[{"enterText":"100","selector":{"id":"application-manageconditionprice-display-component---newCondition--condValue","interaction":{"idSuffix":"inner"}},"clearTextFirst":true,"interactionType":"ENTER_TEXT"}]}
RESULT: {"script":"<script> [776 bytes]","args":[{"enterText":"100","selector":{"id":"application-manageconditionprice-display-component---newCondition--condValue","interaction":{"idSuffix":"inner"}},"clearTextFirst":true,"interactionType":"ENTER_TEXT"}]}
COMMAND: POST /session/b95feca9d6fe84e2832d9bd264215df5/execute/async - {"script":"<script> [1562 bytes]","args":[{"selector":{"id":"application-manageconditionprice-display-component---newCondition--condCurr-arrow"},"wdio_ui5_key":"applicationmanageconditionprice-display-component---newCondition--condCurr-arrow"}]}
RESULT: {"script":"<script> [1562 bytes]","args":[{"selector":{"id":"application-manageconditionprice-display-component---newCondition--condCurr-arrow"},"wdio_ui5_key":"applicationmanageconditionprice-display-component---newCondition--condCurr-arrow"}]}
RESULT: undefined
COMMAND: POST /session/b95feca9d6fe84e2832d9bd264215df5/element - {"using":"xpath","value":"//*[@id=\"application-manageconditionprice-display-component---newCondition--condCurr-arrow\"]"}
RESULT: {"using":"xpath","value":"//*[@id=\"application-manageconditionprice-display-component---newCondition--condCurr-arrow\"]"}
COMMAND: POST /session/b95feca9d6fe84e2832d9bd264215df5/element/f.91545E0F3748EE6609C5B89379E64318.d.74BF2D8DE23377E5F1EE8E13D2156F55.e.8856/click - {}
RESULT: {}
COMMAND: POST /session/b95feca9d6fe84e2832d9bd264215df5/element - {"using":"xpath","value":"//span[contains(text(), \"Euro\")]"}
COMMAND: GET /session/b95feca9d6fe84e2832d9bd264215df5/screenshot - {}
RESULT: {"using":"xpath","value":"//span[contains(text(), \"Euro\")]"}
COMMAND: POST /session/b95feca9d6fe84e2832d9bd264215df5/element/f.91545E0F3748EE6609C5B89379E64318.d.74BF2D8DE23377E5F1EE8E13D2156F55.e.8947/click - {}
RESULT: {}
RESULT: {}
COMMAND: POST /session/b95feca9d6fe84e2832d9bd264215df5/element - {"using":"xpath","value":"//button[@data-kt=\"saveButton\"]"}
COMMAND: GET /session/b95feca9d6fe84e2832d9bd264215df5/screenshot - {}
RESULT: {"using":"xpath","value":"//button[@data-kt=\"saveButton\"]"}
COMMAND: POST /session/b95feca9d6fe84e2832d9bd264215df5/element/f.91545E0F3748EE6609C5B89379E64318.d.74BF2D8DE23377E5F1EE8E13D2156F55.e.8858/click - {}
RESULT: {}
RESULT: {}
COMMAND: GET /session/b95feca9d6fe84e2832d9bd264215df5/screenshot - {}
RESULT: {}
COMMAND: POST /session/b95feca9d6fe84e2832d9bd264215df5/element - {"using":"css selector","value":"#shell-header-logo"}
RESULT: {"using":"css selector","value":"#shell-header-logo"}
COMMAND: POST /session/b95feca9d6fe84e2832d9bd264215df5/element/f.91545E0F3748EE6609C5B89379E64318.d.74BF2D8DE23377E5F1EE8E13D2156F55.e.8520/click - {}
RESULT: {}
COMMAND: GET /session/b95feca9d6fe84e2832d9bd264215df5/screenshot - {}
RESULT: {}
]]></system-out>
    </testcase>
    <testcase classname="chrome.135_0_7049_96.windows.E2E_-_Logistical_and_commercial_statuses" name="Should create a new contract" time="59.407">
      <system-out><![CDATA[
COMMAND: POST /session/b95feca9d6fe84e2832d9bd264215df5/execute/async - {"script":"<script> [1562 bytes]","args":[{"selector":{"controlType":"sap.m.GenericTile","viewName":"etm.portal.ui.managecontractstile.view.Master","i18NText":{"propertyName":"header","key":"manageContractsTileTitle"}},"wdio_ui5_key":"etmportal.ui.managecontractstile.view.Mastersap.m.GenericTile{\"propertyName\":\"header\",\"key\":\"manageContractsTileTitle\"}"}]}
RESULT: {"script":"<script> [1562 bytes]","args":[{"selector":{"controlType":"sap.m.GenericTile","viewName":"etm.portal.ui.managecontractstile.view.Master","i18NText":{"propertyName":"header","key":"manageContractsTileTitle"}},"wdio_ui5_key":"etmportal.ui.managecontractstile.view.Mastersap.m.GenericTile{\"propertyName\":\"header\",\"key\":\"manageContractsTileTitle\"}"}]}
RESULT: undefined
COMMAND: POST /session/b95feca9d6fe84e2832d9bd264215df5/element - {"using":"xpath","value":"//*[@id=\"__tile130\"]"}
RESULT: {"using":"xpath","value":"//*[@id=\"__tile130\"]"}
COMMAND: POST /session/b95feca9d6fe84e2832d9bd264215df5/element/f.91545E0F3748EE6609C5B89379E64318.d.74BF2D8DE23377E5F1EE8E13D2156F55.e.9044/click - {}
RESULT: {}
COMMAND: GET /session/b95feca9d6fe84e2832d9bd264215df5/screenshot - {}
RESULT: {}
COMMAND: POST /session/b95feca9d6fe84e2832d9bd264215df5/element - {"using":"xpath","value":"//button[@data-kt=\"addButton\"]"}
RESULT: {"using":"xpath","value":"//button[@data-kt=\"addButton\"]"}
COMMAND: POST /session/b95feca9d6fe84e2832d9bd264215df5/element/f.91545E0F3748EE6609C5B89379E64318.d.74BF2D8DE23377E5F1EE8E13D2156F55.e.9118/click - {}
RESULT: {}
COMMAND: GET /session/b95feca9d6fe84e2832d9bd264215df5/screenshot - {}
RESULT: {}
COMMAND: POST /session/b95feca9d6fe84e2832d9bd264215df5/execute/async - {"script":"<script> [1562 bytes]","args":[{"selector":{"id":"application-managecontracts-display-component---AddNewContract--projectDescription","interaction":{"idSuffix":"inner"}},"wdio_ui5_key":"applicationmanagecontracts-display-component---AddNewContract--projectDescription"}]}
RESULT: {"script":"<script> [1562 bytes]","args":[{"selector":{"id":"application-managecontracts-display-component---AddNewContract--projectDescription","interaction":{"idSuffix":"inner"}},"wdio_ui5_key":"applicationmanagecontracts-display-component---AddNewContract--projectDescription"}]}
RESULT: undefined
COMMAND: POST /session/b95feca9d6fe84e2832d9bd264215df5/execute/async - {"script":"<script> [776 bytes]","args":[{"enterText":"WdIOR2c3azam","selector":{"id":"application-managecontracts-display-component---AddNewContract--projectDescription","interaction":{"idSuffix":"inner"}},"clearTextFirst":true,"interactionType":"ENTER_TEXT"}]}
RESULT: {"script":"<script> [776 bytes]","args":[{"enterText":"WdIOR2c3azam","selector":{"id":"application-managecontracts-display-component---AddNewContract--projectDescription","interaction":{"idSuffix":"inner"}},"clearTextFirst":true,"interactionType":"ENTER_TEXT"}]}
COMMAND: POST /session/b95feca9d6fe84e2832d9bd264215df5/element - {"using":"xpath","value":"//input[@id=\"application-managecontracts-display-component---AddNewContract--yardId-inner\"]"}
RESULT: {"using":"xpath","value":"//input[@id=\"application-managecontracts-display-component---AddNewContract--yardId-inner\"]"}
COMMAND: POST /session/b95feca9d6fe84e2832d9bd264215df5/element/f.91545E0F3748EE6609C5B89379E64318.d.74BF2D8DE23377E5F1EE8E13D2156F55.e.9370/clear - {}
RESULT: {}
COMMAND: POST /session/b95feca9d6fe84e2832d9bd264215df5/element/f.91545E0F3748EE6609C5B89379E64318.d.74BF2D8DE23377E5F1EE8E13D2156F55.e.9370/value - {"text":"WebdriverYarda9nm2l"}
COMMAND: GET /session/b95feca9d6fe84e2832d9bd264215df5/screenshot - {}
RESULT: {"text":"WebdriverYarda9nm2l"}
COMMAND: GET /session/b95feca9d6fe84e2832d9bd264215df5/screenshot - {}
RESULT: {}
RESULT: {}
COMMAND: POST /session/b95feca9d6fe84e2832d9bd264215df5/actions - {"actions":[{"id":"action19","type":"key","parameters":{},"actions":[{"type":"keyDown","value":"î€‡"},{"type":"pause","duration":10},{"type":"keyUp","value":"î€‡"}]}]}
RESULT: {"actions":[{"id":"action19","type":"key","parameters":{},"actions":[{"type":"keyDown","value":"î€‡"},{"type":"pause","duration":10},{"type":"keyUp","value":"î€‡"}]}]}
COMMAND: GET /session/b95feca9d6fe84e2832d9bd264215df5/screenshot - {}
RESULT: {}
COMMAND: POST /session/b95feca9d6fe84e2832d9bd264215df5/element - {"using":"xpath","value":"//input[@id=\"application-managecontracts-display-component---AddNewContract--customerSelect-inner\"]"}
RESULT: {"using":"xpath","value":"//input[@id=\"application-managecontracts-display-component---AddNewContract--customerSelect-inner\"]"}
COMMAND: POST /session/b95feca9d6fe84e2832d9bd264215df5/element/f.91545E0F3748EE6609C5B89379E64318.d.74BF2D8DE23377E5F1EE8E13D2156F55.e.9368/clear - {}
RESULT: {}
COMMAND: POST /session/b95feca9d6fe84e2832d9bd264215df5/element/f.91545E0F3748EE6609C5B89379E64318.d.74BF2D8DE23377E5F1EE8E13D2156F55.e.9368/value - {"text":"WebdriverPartnerbaqt1"}
COMMAND: GET /session/b95feca9d6fe84e2832d9bd264215df5/screenshot - {}
RESULT: {}
RESULT: {"text":"WebdriverPartnerbaqt1"}
COMMAND: GET /session/b95feca9d6fe84e2832d9bd264215df5/screenshot - {}
RESULT: {}
COMMAND: POST /session/b95feca9d6fe84e2832d9bd264215df5/actions - {"actions":[{"id":"action20","type":"key","parameters":{},"actions":[{"type":"keyDown","value":"î€‡"},{"type":"pause","duration":10},{"type":"keyUp","value":"î€‡"}]}]}
RESULT: {"actions":[{"id":"action20","type":"key","parameters":{},"actions":[{"type":"keyDown","value":"î€‡"},{"type":"pause","duration":10},{"type":"keyUp","value":"î€‡"}]}]}
COMMAND: GET /session/b95feca9d6fe84e2832d9bd264215df5/screenshot - {}
RESULT: {}
COMMAND: POST /session/b95feca9d6fe84e2832d9bd264215df5/element - {"using":"xpath","value":"//input[@id=\"application-managecontracts-display-component---AddNewContract--site-inner\"]"}
RESULT: {"using":"xpath","value":"//input[@id=\"application-managecontracts-display-component---AddNewContract--site-inner\"]"}
COMMAND: POST /session/b95feca9d6fe84e2832d9bd264215df5/element/f.91545E0F3748EE6609C5B89379E64318.d.74BF2D8DE23377E5F1EE8E13D2156F55.e.9369/clear - {}
RESULT: {}
COMMAND: POST /session/b95feca9d6fe84e2832d9bd264215df5/element/f.91545E0F3748EE6609C5B89379E64318.d.74BF2D8DE23377E5F1EE8E13D2156F55.e.9369/value - {"text":"WebdriverSitewua2n"}
COMMAND: GET /session/b95feca9d6fe84e2832d9bd264215df5/screenshot - {}
RESULT: {"text":"WebdriverSitewua2n"}
COMMAND: GET /session/b95feca9d6fe84e2832d9bd264215df5/screenshot - {}
RESULT: {}
RESULT: {}
COMMAND: POST /session/b95feca9d6fe84e2832d9bd264215df5/actions - {"actions":[{"id":"action21","type":"key","parameters":{},"actions":[{"type":"keyDown","value":"î€‡"},{"type":"pause","duration":10},{"type":"keyUp","value":"î€‡"}]}]}
RESULT: {"actions":[{"id":"action21","type":"key","parameters":{},"actions":[{"type":"keyDown","value":"î€‡"},{"type":"pause","duration":10},{"type":"keyUp","value":"î€‡"}]}]}
COMMAND: POST /session/b95feca9d6fe84e2832d9bd264215df5/element - {"using":"xpath","value":"//button[@data-kt=\"saveButton\"]"}
COMMAND: GET /session/b95feca9d6fe84e2832d9bd264215df5/screenshot - {}
RESULT: {"using":"xpath","value":"//button[@data-kt=\"saveButton\"]"}
COMMAND: POST /session/b95feca9d6fe84e2832d9bd264215df5/element/f.91545E0F3748EE6609C5B89379E64318.d.74BF2D8DE23377E5F1EE8E13D2156F55.e.9383/click - {}
RESULT: {}
RESULT: {}
COMMAND: GET /session/b95feca9d6fe84e2832d9bd264215df5/screenshot - {}
RESULT: {}
COMMAND: POST /session/b95feca9d6fe84e2832d9bd264215df5/execute/async - {"script":"<script> [1562 bytes]","args":[{"selector":{"id":"contractDetailTitleNoExpanded","viewName":"etm.portal.ui.managecontracts.view.Detail"},"wdio_ui5_key":"contractDetailTitleNoExpandedetmportal.ui.managecontracts.view.Detail"}]}
RESULT: {"script":"<script> [1562 bytes]","args":[{"selector":{"id":"contractDetailTitleNoExpanded","viewName":"etm.portal.ui.managecontracts.view.Detail"},"wdio_ui5_key":"contractDetailTitleNoExpandedetmportal.ui.managecontracts.view.Detail"}]}
RESULT: undefined
COMMAND: POST /session/b95feca9d6fe84e2832d9bd264215df5/execute/async - {"script":"<script> [6424 bytes]","args":[{"element-6066-11e4-a52e-4f735466cecf":"f.91545E0F3748EE6609C5B89379E64318.d.74BF2D8DE23377E5F1EE8E13D2156F55.e.9465"},"getText",[]]}
RESULT: {"script":"<script> [6424 bytes]","args":[{"element-6066-11e4-a52e-4f735466cecf":"f.91545E0F3748EE6609C5B89379E64318.d.74BF2D8DE23377E5F1EE8E13D2156F55.e.9465"},"getText",[]]}
]]></system-out>
    </testcase>
    <testcase classname="chrome.135_0_7049_96.windows.E2E_-_Logistical_and_commercial_statuses" name="Should add materialID to the contract" time="46.403">
      <system-out><![CDATA[
COMMAND: POST /session/b95feca9d6fe84e2832d9bd264215df5/element - {"using":"xpath","value":"//button[@data-kt=\"contractDetailEditBtnButton\"]"}
RESULT: {"using":"xpath","value":"//button[@data-kt=\"contractDetailEditBtnButton\"]"}
COMMAND: POST /session/b95feca9d6fe84e2832d9bd264215df5/element/f.91545E0F3748EE6609C5B89379E64318.d.74BF2D8DE23377E5F1EE8E13D2156F55.e.9466/click - {}
RESULT: {}
COMMAND: GET /session/b95feca9d6fe84e2832d9bd264215df5/screenshot - {}
RESULT: {}
COMMAND: POST /session/b95feca9d6fe84e2832d9bd264215df5/element - {"using":"xpath","value":"(//span[contains(text(), \"Additional Addresses\")])[2]"}
RESULT: {"using":"xpath","value":"(//span[contains(text(), \"Additional Addresses\")])[2]"}
COMMAND: POST /session/b95feca9d6fe84e2832d9bd264215df5/element/f.91545E0F3748EE6609C5B89379E64318.d.74BF2D8DE23377E5F1EE8E13D2156F55.e.9522/click - {}
RESULT: {}
COMMAND: GET /session/b95feca9d6fe84e2832d9bd264215df5/screenshot - {}
RESULT: {}
COMMAND: POST /session/b95feca9d6fe84e2832d9bd264215df5/element - {"using":"xpath","value":"//button[@data-kt=\"btnAddTableRowOverflowToolbarButton\"]"}
RESULT: {"using":"xpath","value":"//button[@data-kt=\"btnAddTableRowOverflowToolbarButton\"]"}
COMMAND: POST /session/b95feca9d6fe84e2832d9bd264215df5/element/f.91545E0F3748EE6609C5B89379E64318.d.74BF2D8DE23377E5F1EE8E13D2156F55.e.9526/click - {}
RESULT: {}
COMMAND: GET /session/b95feca9d6fe84e2832d9bd264215df5/screenshot - {}
RESULT: {}
COMMAND: POST /session/b95feca9d6fe84e2832d9bd264215df5/element - {"using":"xpath","value":"//div[(text() = 'Standard Entry' or . = 'Standard Entry')]"}
RESULT: {"using":"xpath","value":"//div[(text() = 'Standard Entry' or . = 'Standard Entry')]"}
COMMAND: POST /session/b95feca9d6fe84e2832d9bd264215df5/element/f.91545E0F3748EE6609C5B89379E64318.d.74BF2D8DE23377E5F1EE8E13D2156F55.e.9528/click - {}
RESULT: {}
COMMAND: POST /session/b95feca9d6fe84e2832d9bd264215df5/element - {"using":"xpath","value":"//td[6]/div/div/input[1]"}
COMMAND: GET /session/b95feca9d6fe84e2832d9bd264215df5/screenshot - {}
RESULT: {"using":"xpath","value":"//td[6]/div/div/input[1]"}
COMMAND: POST /session/b95feca9d6fe84e2832d9bd264215df5/element/f.91545E0F3748EE6609C5B89379E64318.d.74BF2D8DE23377E5F1EE8E13D2156F55.e.9530/click - {}
RESULT: {}
RESULT: {}
COMMAND: POST /session/b95feca9d6fe84e2832d9bd264215df5/actions - {"actions":[{"id":"action22","type":"key","parameters":{},"actions":[{"type":"keyDown","value":"î€ƒ"},{"type":"pause","duration":10},{"type":"keyUp","value":"î€ƒ"}]}]}
COMMAND: GET /session/b95feca9d6fe84e2832d9bd264215df5/screenshot - {}
RESULT: {"actions":[{"id":"action22","type":"key","parameters":{},"actions":[{"type":"keyDown","value":"î€ƒ"},{"type":"pause","duration":10},{"type":"keyUp","value":"î€ƒ"}]}]}
COMMAND: POST /session/b95feca9d6fe84e2832d9bd264215df5/element - {"using":"xpath","value":"//td[6]/div/div/input[1]"}
COMMAND: GET /session/b95feca9d6fe84e2832d9bd264215df5/screenshot - {}
RESULT: {}
RESULT: {"using":"xpath","value":"//td[6]/div/div/input[1]"}
COMMAND: POST /session/b95feca9d6fe84e2832d9bd264215df5/element/f.91545E0F3748EE6609C5B89379E64318.d.74BF2D8DE23377E5F1EE8E13D2156F55.e.9530/clear - {}
RESULT: {}
RESULT: {}
COMMAND: POST /session/b95feca9d6fe84e2832d9bd264215df5/element/f.91545E0F3748EE6609C5B89379E64318.d.74BF2D8DE23377E5F1EE8E13D2156F55.e.9530/value - {"text":"Material"}
COMMAND: GET /session/b95feca9d6fe84e2832d9bd264215df5/screenshot - {}
RESULT: {"text":"Material"}
COMMAND: GET /session/b95feca9d6fe84e2832d9bd264215df5/screenshot - {}
RESULT: {}
RESULT: {}
COMMAND: POST /session/b95feca9d6fe84e2832d9bd264215df5/actions - {"actions":[{"id":"action23","type":"key","parameters":{},"actions":[{"type":"keyDown","value":"î€‡"},{"type":"pause","duration":10},{"type":"keyUp","value":"î€‡"}]}]}
RESULT: {"actions":[{"id":"action23","type":"key","parameters":{},"actions":[{"type":"keyDown","value":"î€‡"},{"type":"pause","duration":10},{"type":"keyUp","value":"î€‡"}]}]}
COMMAND: GET /session/b95feca9d6fe84e2832d9bd264215df5/screenshot - {}
RESULT: {}
COMMAND: POST /session/b95feca9d6fe84e2832d9bd264215df5/actions - {"actions":[{"id":"action24","type":"key","parameters":{},"actions":[{"type":"keyDown","value":"î€‡"},{"type":"pause","duration":10},{"type":"keyUp","value":"î€‡"}]}]}
RESULT: {"actions":[{"id":"action24","type":"key","parameters":{},"actions":[{"type":"keyDown","value":"î€‡"},{"type":"pause","duration":10},{"type":"keyUp","value":"î€‡"}]}]}
COMMAND: POST /session/b95feca9d6fe84e2832d9bd264215df5/element - {"using":"xpath","value":"//td[7]/div/div/input"}
COMMAND: GET /session/b95feca9d6fe84e2832d9bd264215df5/screenshot - {}
RESULT: {"using":"xpath","value":"//td[7]/div/div/input"}
COMMAND: POST /session/b95feca9d6fe84e2832d9bd264215df5/element/f.91545E0F3748EE6609C5B89379E64318.d.74BF2D8DE23377E5F1EE8E13D2156F55.e.9543/clear - {}
RESULT: {}
RESULT: {}
COMMAND: POST /session/b95feca9d6fe84e2832d9bd264215df5/element/f.91545E0F3748EE6609C5B89379E64318.d.74BF2D8DE23377E5F1EE8E13D2156F55.e.9543/value - {"text":"WebdriverRUR2Cfc03i"}
COMMAND: GET /session/b95feca9d6fe84e2832d9bd264215df5/screenshot - {}
RESULT: {"text":"WebdriverRUR2Cfc03i"}
COMMAND: GET /session/b95feca9d6fe84e2832d9bd264215df5/screenshot - {}
RESULT: {}
RESULT: {}
COMMAND: POST /session/b95feca9d6fe84e2832d9bd264215df5/actions - {"actions":[{"id":"action25","type":"key","parameters":{},"actions":[{"type":"keyDown","value":"î€‡"},{"type":"pause","duration":10},{"type":"keyUp","value":"î€‡"}]}]}
RESULT: {"actions":[{"id":"action25","type":"key","parameters":{},"actions":[{"type":"keyDown","value":"î€‡"},{"type":"pause","duration":10},{"type":"keyUp","value":"î€‡"}]}]}
COMMAND: GET /session/b95feca9d6fe84e2832d9bd264215df5/screenshot - {}
RESULT: {}
COMMAND: POST /session/b95feca9d6fe84e2832d9bd264215df5/actions - {"actions":[{"id":"action26","type":"key","parameters":{},"actions":[{"type":"keyDown","value":"î€‡"},{"type":"pause","duration":10},{"type":"keyUp","value":"î€‡"}]}]}
RESULT: {"actions":[{"id":"action26","type":"key","parameters":{},"actions":[{"type":"keyDown","value":"î€‡"},{"type":"pause","duration":10},{"type":"keyUp","value":"î€‡"}]}]}
COMMAND: GET /session/b95feca9d6fe84e2832d9bd264215df5/screenshot - {}
RESULT: {}
COMMAND: POST /session/b95feca9d6fe84e2832d9bd264215df5/element - {"using":"xpath","value":"(//button[@data-kt=\"saveButton\"])[2]"}
RESULT: {"using":"xpath","value":"(//button[@data-kt=\"saveButton\"])[2]"}
COMMAND: POST /session/b95feca9d6fe84e2832d9bd264215df5/element/f.91545E0F3748EE6609C5B89379E64318.d.74BF2D8DE23377E5F1EE8E13D2156F55.e.9566/click - {}
RESULT: {}
COMMAND: GET /session/b95feca9d6fe84e2832d9bd264215df5/screenshot - {}
RESULT: {}
]]></system-out>
    </testcase>
    <testcase classname="chrome.135_0_7049_96.windows.E2E_-_Logistical_and_commercial_statuses" name="It should follow the handover steps to the status fully provided" time="433.744">
      <system-out><![CDATA[
COMMAND: POST /session/b95feca9d6fe84e2832d9bd264215df5/execute/async - {"script":"<script> [1562 bytes]","args":[{"selector":{"id":"contractDetailProvideButton","viewName":"etm.portal.ui.managecontracts.view.Detail","interaction":{"idSuffix":"BDI-content"}},"wdio_ui5_key":"contractDetailProvideButtonetmportal.ui.managecontracts.view.Detail"}]}
RESULT: {"script":"<script> [1562 bytes]","args":[{"selector":{"id":"contractDetailProvideButton","viewName":"etm.portal.ui.managecontracts.view.Detail","interaction":{"idSuffix":"BDI-content"}},"wdio_ui5_key":"contractDetailProvideButtonetmportal.ui.managecontracts.view.Detail"}]}
RESULT: undefined
COMMAND: POST /session/b95feca9d6fe84e2832d9bd264215df5/element - {"using":"xpath","value":"//*[@id=\"__xmlview61--contractDetailProvideButton\"]"}
RESULT: {"using":"xpath","value":"//*[@id=\"__xmlview61--contractDetailProvideButton\"]"}
COMMAND: POST /session/b95feca9d6fe84e2832d9bd264215df5/element/f.91545E0F3748EE6609C5B89379E64318.d.74BF2D8DE23377E5F1EE8E13D2156F55.e.9570/click - {}
RESULT: {}
COMMAND: GET /session/b95feca9d6fe84e2832d9bd264215df5/screenshot - {}
RESULT: {}
COMMAND: POST /session/b95feca9d6fe84e2832d9bd264215df5/execute/async - {"script":"<script> [1562 bytes]","args":[{"selector":{"id":"application-managehandovers-display-component---AddNewHO--oneStep","interaction":{"idSuffix":"CbBg"}},"wdio_ui5_key":"applicationmanagehandovers-display-component---AddNewHO--oneStep"}]}
RESULT: {"script":"<script> [1562 bytes]","args":[{"selector":{"id":"application-managehandovers-display-component---AddNewHO--oneStep","interaction":{"idSuffix":"CbBg"}},"wdio_ui5_key":"applicationmanagehandovers-display-component---AddNewHO--oneStep"}]}
RESULT: undefined
COMMAND: POST /session/b95feca9d6fe84e2832d9bd264215df5/element - {"using":"xpath","value":"//*[@id=\"application-managehandovers-display-component---AddNewHO--oneStep\"]"}
RESULT: {"using":"xpath","value":"//*[@id=\"application-managehandovers-display-component---AddNewHO--oneStep\"]"}
COMMAND: POST /session/b95feca9d6fe84e2832d9bd264215df5/element/f.91545E0F3748EE6609C5B89379E64318.d.74BF2D8DE23377E5F1EE8E13D2156F55.e.9727/click - {}
RESULT: {}
RESULT: undefined
COMMAND: POST /session/b95feca9d6fe84e2832d9bd264215df5/execute/async - {"script":"<script> [776 bytes]","args":[{"enterText":"04/26/25","selector":{"id":"application-managehandovers-display-component---AddNewHO--dueDate","interaction":{"idSuffix":"inner"}},"clearTextFirst":true,"interactionType":"ENTER_TEXT"}]}
COMMAND: GET /session/b95feca9d6fe84e2832d9bd264215df5/screenshot - {}
RESULT: {"script":"<script> [776 bytes]","args":[{"enterText":"04/26/25","selector":{"id":"application-managehandovers-display-component---AddNewHO--dueDate","interaction":{"idSuffix":"inner"}},"clearTextFirst":true,"interactionType":"ENTER_TEXT"}]}
RESULT: undefined
COMMAND: POST /session/b95feca9d6fe84e2832d9bd264215df5/element - {"using":"xpath","value":"//*[@id=\"application-managehandovers-display-component---AddNewHO--ObjectPageLayout-anchBar-application-managehandovers-display-component---AddNewHO--section4-anchor\"]"}
RESULT: {}
RESULT: {"using":"xpath","value":"//*[@id=\"application-managehandovers-display-component---AddNewHO--ObjectPageLayout-anchBar-application-managehandovers-display-component---AddNewHO--section4-anchor\"]"}
COMMAND: POST /session/b95feca9d6fe84e2832d9bd264215df5/element/f.91545E0F3748EE6609C5B89379E64318.d.74BF2D8DE23377E5F1EE8E13D2156F55.e.9728/click - {}
RESULT: {}
COMMAND: POST /session/b95feca9d6fe84e2832d9bd264215df5/execute/async - {"script":"<script> [1562 bytes]","args":[{"selector":{"controlType":"sap.ui.core.Icon","viewName":"etm.portal.ui.managehandovers.view.AddNewHO","viewId":"application-managehandovers-display-component---AddNewHO","properties":{"src":{"regex":{"source":"add"}}}},"wdio_ui5_key":"etmportal.ui.managehandovers.view.AddNewHOsap.ui.core.Icon{\"src\":{\"regex\":{\"source\":\"add\"}}}"}]}
COMMAND: GET /session/b95feca9d6fe84e2832d9bd264215df5/screenshot - {}
RESULT: {"script":"<script> [1562 bytes]","args":[{"selector":{"controlType":"sap.ui.core.Icon","viewName":"etm.portal.ui.managehandovers.view.AddNewHO","viewId":"application-managehandovers-display-component---AddNewHO","properties":{"src":{"regex":{"source":"add"}}}},"wdio_ui5_key":"etmportal.ui.managehandovers.view.AddNewHOsap.ui.core.Icon{\"src\":{\"regex\":{\"source\":\"add\"}}}"}]}
RESULT: undefined
COMMAND: POST /session/b95feca9d6fe84e2832d9bd264215df5/element - {"using":"xpath","value":"//*[@id=\"__button163-img\"]"}
RESULT: {}
RESULT: {"using":"xpath","value":"//*[@id=\"__button163-img\"]"}
COMMAND: POST /session/b95feca9d6fe84e2832d9bd264215df5/element/f.91545E0F3748EE6609C5B89379E64318.d.74BF2D8DE23377E5F1EE8E13D2156F55.e.9732/click - {}
RESULT: {}
COMMAND: GET /session/b95feca9d6fe84e2832d9bd264215df5/screenshot - {}
RESULT: {}
RESULT: undefined
COMMAND: POST /session/b95feca9d6fe84e2832d9bd264215df5/element - {"using":"xpath","value":"//*[@id=\"application-managehandovers-display-component---AddNewHO--popup-sa\"]"}
RESULT: {"using":"xpath","value":"//*[@id=\"application-managehandovers-display-component---AddNewHO--popup-sa\"]"}
COMMAND: POST /session/b95feca9d6fe84e2832d9bd264215df5/element/f.91545E0F3748EE6609C5B89379E64318.d.74BF2D8DE23377E5F1EE8E13D2156F55.e.9744/click - {}
RESULT: {}
COMMAND: POST /session/b95feca9d6fe84e2832d9bd264215df5/execute/async - {"script":"<script> [1562 bytes]","args":[{"selector":{"controlType":"sap.m.Button","viewName":"etm.portal.ui.managehandovers.view.AddNewHO","viewId":"application-managehandovers-display-component---AddNewHO","i18NText":{"propertyName":"text","key":"select"},"searchOpenDialogs":true,"interaction":{"idSuffix":"inner"}},"wdio_ui5_key":"etmportal.ui.managehandovers.view.AddNewHOsap.m.Button{\"propertyName\":\"text\",\"key\":\"select\"}"}]}
COMMAND: GET /session/b95feca9d6fe84e2832d9bd264215df5/screenshot - {}
RESULT: {"script":"<script> [1562 bytes]","args":[{"selector":{"controlType":"sap.m.Button","viewName":"etm.portal.ui.managehandovers.view.AddNewHO","viewId":"application-managehandovers-display-component---AddNewHO","i18NText":{"propertyName":"text","key":"select"},"searchOpenDialogs":true,"interaction":{"idSuffix":"inner"}},"wdio_ui5_key":"etmportal.ui.managehandovers.view.AddNewHOsap.m.Button{\"propertyName\":\"text\",\"key\":\"select\"}"}]}
RESULT: undefined
COMMAND: POST /session/b95feca9d6fe84e2832d9bd264215df5/element - {"using":"xpath","value":"//*[@id=\"__button167\"]"}
RESULT: {}
RESULT: {"using":"xpath","value":"//*[@id=\"__button167\"]"}
COMMAND: POST /session/b95feca9d6fe84e2832d9bd264215df5/element/f.91545E0F3748EE6609C5B89379E64318.d.74BF2D8DE23377E5F1EE8E13D2156F55.e.9746/click - {}
RESULT: {}
COMMAND: POST /session/b95feca9d6fe84e2832d9bd264215df5/execute/async - {"script":"<script> [1562 bytes]","args":[{"selector":{"id":"application-managehandovers-display-component---AddNewHO--confirmCreationButton","interaction":{"idSuffix":"BDI-content"}},"wdio_ui5_key":"applicationmanagehandovers-display-component---AddNewHO--confirmCreationButton"}]}
COMMAND: GET /session/b95feca9d6fe84e2832d9bd264215df5/screenshot - {}
RESULT: {"script":"<script> [1562 bytes]","args":[{"selector":{"id":"application-managehandovers-display-component---AddNewHO--confirmCreationButton","interaction":{"idSuffix":"BDI-content"}},"wdio_ui5_key":"applicationmanagehandovers-display-component---AddNewHO--confirmCreationButton"}]}
RESULT: undefined
COMMAND: POST /session/b95feca9d6fe84e2832d9bd264215df5/element - {"using":"xpath","value":"//*[@id=\"application-managehandovers-display-component---AddNewHO--confirmCreationButton\"]"}
RESULT: {}
RESULT: {"using":"xpath","value":"//*[@id=\"application-managehandovers-display-component---AddNewHO--confirmCreationButton\"]"}
COMMAND: POST /session/b95feca9d6fe84e2832d9bd264215df5/element/f.91545E0F3748EE6609C5B89379E64318.d.74BF2D8DE23377E5F1EE8E13D2156F55.e.9694/click - {}
RESULT: {}
COMMAND: GET /session/b95feca9d6fe84e2832d9bd264215df5/screenshot - {}
RESULT: {}
COMMAND: POST /session/b95feca9d6fe84e2832d9bd264215df5/element - {"using":"xpath","value":"//a[contains(@data-kt ,\"GeneralSectionReceiveContracttLink\")]"}
RESULT: {"using":"xpath","value":"//a[contains(@data-kt ,\"GeneralSectionReceiveContracttLink\")]"}
COMMAND: POST /session/b95feca9d6fe84e2832d9bd264215df5/element/f.91545E0F3748EE6609C5B89379E64318.d.74BF2D8DE23377E5F1EE8E13D2156F55.e.9782/click - {}
RESULT: {}
COMMAND: GET /session/b95feca9d6fe84e2832d9bd264215df5/screenshot - {}
RESULT: {}
COMMAND: POST /session/b95feca9d6fe84e2832d9bd264215df5/element - {"using":"xpath","value":"//a[contains(@data-kt ,\"ContextMenuId2Link\")]"}
RESULT: {"using":"xpath","value":"//a[contains(@data-kt ,\"ContextMenuId2Link\")]"}
COMMAND: POST /session/b95feca9d6fe84e2832d9bd264215df5/element/f.91545E0F3748EE6609C5B89379E64318.d.74BF2D8DE23377E5F1EE8E13D2156F55.e.9803/click - {}
RESULT: {}
COMMAND: GET /session/b95feca9d6fe84e2832d9bd264215df5/screenshot - {}
RESULT: {}
COMMAND: POST /session/b95feca9d6fe84e2832d9bd264215df5/execute/async - {"script":"<script> [1562 bytes]","args":[{"selector":{"controlType":"sap.m.ObjectStatus","viewName":"etm.portal.ui.managecontracts.view.Detail","bindingPath":{"propertyPath":"LINK_TO_LOGISTICAL_STATUS/DESCRIPTION","modelName":"catalogModel"}},"wdio_ui5_key":"etmportal.ui.managecontracts.view.Detailsap.m.ObjectStatus{\"propertyPath\":\"LINK_TO_LOGISTICAL_STATUS/DESCRIPTION\",\"modelName\":\"catalogModel\"}"}]}
RESULT: {"script":"<script> [1562 bytes]","args":[{"selector":{"controlType":"sap.m.ObjectStatus","viewName":"etm.portal.ui.managecontracts.view.Detail","bindingPath":{"propertyPath":"LINK_TO_LOGISTICAL_STATUS/DESCRIPTION","modelName":"catalogModel"}},"wdio_ui5_key":"etmportal.ui.managecontracts.view.Detailsap.m.ObjectStatus{\"propertyPath\":\"LINK_TO_LOGISTICAL_STATUS/DESCRIPTION\",\"modelName\":\"catalogModel\"}"}]}
RESULT: undefined
COMMAND: POST /session/b95feca9d6fe84e2832d9bd264215df5/execute/async - {"script":"<script> [6424 bytes]","args":[{"element-6066-11e4-a52e-4f735466cecf":"f.91545E0F3748EE6609C5B89379E64318.d.74BF2D8DE23377E5F1EE8E13D2156F55.e.10021"},"getText",[]]}
RESULT: {"script":"<script> [6424 bytes]","args":[{"element-6066-11e4-a52e-4f735466cecf":"f.91545E0F3748EE6609C5B89379E64318.d.74BF2D8DE23377E5F1EE8E13D2156F55.e.10021"},"getText",[]]}
COMMAND: POST /session/b95feca9d6fe84e2832d9bd264215df5/execute/async - {"script":"<script> [1562 bytes]","args":[{"selector":{"controlType":"sap.m.ObjectStatus","viewName":"etm.portal.ui.managecontracts.view.Detail","bindingPath":{"propertyPath":"LINK_TO_COMMERCIAL_STATUS/DESCRIPTION","modelName":"catalogModel"}},"wdio_ui5_key":"etmportal.ui.managecontracts.view.Detailsap.m.ObjectStatus{\"propertyPath\":\"LINK_TO_COMMERCIAL_STATUS/DESCRIPTION\",\"modelName\":\"catalogModel\"}"}]}
RESULT: {"script":"<script> [1562 bytes]","args":[{"selector":{"controlType":"sap.m.ObjectStatus","viewName":"etm.portal.ui.managecontracts.view.Detail","bindingPath":{"propertyPath":"LINK_TO_COMMERCIAL_STATUS/DESCRIPTION","modelName":"catalogModel"}},"wdio_ui5_key":"etmportal.ui.managecontracts.view.Detailsap.m.ObjectStatus{\"propertyPath\":\"LINK_TO_COMMERCIAL_STATUS/DESCRIPTION\",\"modelName\":\"catalogModel\"}"}]}
RESULT: undefined
COMMAND: POST /session/b95feca9d6fe84e2832d9bd264215df5/execute/async - {"script":"<script> [6424 bytes]","args":[{"element-6066-11e4-a52e-4f735466cecf":"f.91545E0F3748EE6609C5B89379E64318.d.74BF2D8DE23377E5F1EE8E13D2156F55.e.10022"},"getText",[]]}
RESULT: {"script":"<script> [6424 bytes]","args":[{"element-6066-11e4-a52e-4f735466cecf":"f.91545E0F3748EE6609C5B89379E64318.d.74BF2D8DE23377E5F1EE8E13D2156F55.e.10022"},"getText",[]]}
COMMAND: POST /session/b95feca9d6fe84e2832d9bd264215df5/execute/async - {"script":"<script> [1562 bytes]","args":[{"selector":{"id":"backBtn"},"wdio_ui5_key":"backBtn"}]}
RESULT: {"script":"<script> [1562 bytes]","args":[{"selector":{"id":"backBtn"},"wdio_ui5_key":"backBtn"}]}
RESULT: undefined
COMMAND: POST /session/b95feca9d6fe84e2832d9bd264215df5/element - {"using":"xpath","value":"//*[@id=\"backBtn\"]"}
RESULT: {"using":"xpath","value":"//*[@id=\"backBtn\"]"}
COMMAND: POST /session/b95feca9d6fe84e2832d9bd264215df5/element/f.91545E0F3748EE6609C5B89379E64318.d.74BF2D8DE23377E5F1EE8E13D2156F55.e.10023/click - {}
RESULT: {}
COMMAND: GET /session/b95feca9d6fe84e2832d9bd264215df5/screenshot - {}
COMMAND: POST /session/b95feca9d6fe84e2832d9bd264215df5/execute/async - {"script":"<script> [1562 bytes]","args":[{"selector":{"controlType":"sap.m.Text","viewName":"etm.portal.ui.managehandovers.view.DetailExecuteHO","bindingPath":{"propertyPath":"NO","modelName":"catalogModel"}},"wdio_ui5_key":"etmportal.ui.managehandovers.view.DetailExecuteHOsap.m.Text{\"propertyPath\":\"NO\",\"modelName\":\"catalogModel\"}"}]}
RESULT: {}
RESULT: {"script":"<script> [1562 bytes]","args":[{"selector":{"controlType":"sap.m.Text","viewName":"etm.portal.ui.managehandovers.view.DetailExecuteHO","bindingPath":{"propertyPath":"NO","modelName":"catalogModel"}},"wdio_ui5_key":"etmportal.ui.managehandovers.view.DetailExecuteHOsap.m.Text{\"propertyPath\":\"NO\",\"modelName\":\"catalogModel\"}"}]}
RESULT: undefined
COMMAND: POST /session/b95feca9d6fe84e2832d9bd264215df5/execute/async - {"script":"<script> [6424 bytes]","args":[{"element-6066-11e4-a52e-4f735466cecf":"f.91545E0F3748EE6609C5B89379E64318.d.74BF2D8DE23377E5F1EE8E13D2156F55.e.10179"},"getText",[]]}
RESULT: {"script":"<script> [6424 bytes]","args":[{"element-6066-11e4-a52e-4f735466cecf":"f.91545E0F3748EE6609C5B89379E64318.d.74BF2D8DE23377E5F1EE8E13D2156F55.e.10179"},"getText",[]]}
COMMAND: POST /session/b95feca9d6fe84e2832d9bd264215df5/execute/async - {"script":"<script> [1562 bytes]","args":[{"selector":{"controlType":"sap.m.Button","viewName":"etm.portal.ui.managehandovers.view.DetailExecuteHO","i18NText":{"propertyName":"text","key":"confirmAll"},"interaction":{"idSuffix":"inner"}},"wdio_ui5_key":"etmportal.ui.managehandovers.view.DetailExecuteHOsap.m.Button{\"propertyName\":\"text\",\"key\":\"confirmAll\"}"}]}
RESULT: {"script":"<script> [1562 bytes]","args":[{"selector":{"controlType":"sap.m.Button","viewName":"etm.portal.ui.managehandovers.view.DetailExecuteHO","i18NText":{"propertyName":"text","key":"confirmAll"},"interaction":{"idSuffix":"inner"}},"wdio_ui5_key":"etmportal.ui.managehandovers.view.DetailExecuteHOsap.m.Button{\"propertyName\":\"text\",\"key\":\"confirmAll\"}"}]}
RESULT: undefined
COMMAND: POST /session/b95feca9d6fe84e2832d9bd264215df5/element - {"using":"xpath","value":"//*[@id=\"__button250\"]"}
RESULT: {"using":"xpath","value":"//*[@id=\"__button250\"]"}
COMMAND: POST /session/b95feca9d6fe84e2832d9bd264215df5/element/f.91545E0F3748EE6609C5B89379E64318.d.74BF2D8DE23377E5F1EE8E13D2156F55.e.10181/click - {}
RESULT: {}
COMMAND: GET /session/b95feca9d6fe84e2832d9bd264215df5/screenshot - {}
RESULT: {}
COMMAND: POST /session/b95feca9d6fe84e2832d9bd264215df5/execute/async - {"script":"<script> [1562 bytes]","args":[{"selector":{"controlType":"sap.m.Button","properties":{"text":"OK"},"searchOpenDialogs":true,"interaction":{"idSuffix":"content"}},"wdio_ui5_key":"sapm.Button{\"text\":\"OK\"}"}]}
RESULT: {"script":"<script> [1562 bytes]","args":[{"selector":{"controlType":"sap.m.Button","properties":{"text":"OK"},"searchOpenDialogs":true,"interaction":{"idSuffix":"content"}},"wdio_ui5_key":"sapm.Button{\"text\":\"OK\"}"}]}
RESULT: undefined
COMMAND: POST /session/b95feca9d6fe84e2832d9bd264215df5/element - {"using":"xpath","value":"//*[@id=\"__mbox-btn-2\"]"}
RESULT: {"using":"xpath","value":"//*[@id=\"__mbox-btn-2\"]"}
COMMAND: POST /session/b95feca9d6fe84e2832d9bd264215df5/element/f.91545E0F3748EE6609C5B89379E64318.d.74BF2D8DE23377E5F1EE8E13D2156F55.e.10184/click - {}
RESULT: {}
COMMAND: GET /session/b95feca9d6fe84e2832d9bd264215df5/screenshot - {}
RESULT: {}
COMMAND: POST /session/b95feca9d6fe84e2832d9bd264215df5/element - {"using":"xpath","value":"//button[contains(@data-kt ,\"execHoPickFooterButton\")]"}
RESULT: {"using":"xpath","value":"//button[contains(@data-kt ,\"execHoPickFooterButton\")]"}
COMMAND: POST /session/b95feca9d6fe84e2832d9bd264215df5/element/f.91545E0F3748EE6609C5B89379E64318.d.74BF2D8DE23377E5F1EE8E13D2156F55.e.10187/click - {}
RESULT: {}
COMMAND: GET /session/b95feca9d6fe84e2832d9bd264215df5/screenshot - {}
RESULT: {}
COMMAND: POST /session/b95feca9d6fe84e2832d9bd264215df5/refresh - {}
RESULT: {}
COMMAND: GET /session/b95feca9d6fe84e2832d9bd264215df5/screenshot - {}
RESULT: {}
COMMAND: POST /session/b95feca9d6fe84e2832d9bd264215df5/refresh - {}
RESULT: {}
COMMAND: GET /session/b95feca9d6fe84e2832d9bd264215df5/screenshot - {}
RESULT: {}
COMMAND: POST /session/b95feca9d6fe84e2832d9bd264215df5/window/fullscreen - {}
RESULT: {}
COMMAND: POST /session/b95feca9d6fe84e2832d9bd264215df5/execute/async - {"script":"<script> [189 bytes]","args":[]}
RESULT: {"script":"<script> [189 bytes]","args":[]}
COMMAND: POST /session/b95feca9d6fe84e2832d9bd264215df5/execute/async - {"script":"<script> [123 bytes]","args":[]}
RESULT: {"script":"<script> [123 bytes]","args":[]}
COMMAND: POST /session/b95feca9d6fe84e2832d9bd264215df5/timeouts - {"script":"<number>"}
RESULT: {"script":"<number>"}
COMMAND: GET /session/b95feca9d6fe84e2832d9bd264215df5/timeouts - {}
RESULT: {}
RESULT: undefined
COMMAND: POST /session/b95feca9d6fe84e2832d9bd264215df5/execute/async - {"script":"<script> [2676 bytes]","args":[]}
RESULT: {"script":"<script> [2676 bytes]","args":[]}
COMMAND: POST /session/b95feca9d6fe84e2832d9bd264215df5/execute/async - {"script":"<script> [2342 bytes]","args":[{"protocol":"http","hostname":"0.0.0.0","path":"/","capabilities":{"browserName":"chrome","goog:chromeOptions":{"binary":"C:\\Program Files\\Google\\Chrome\\Application\\chrome.exe","args":["--start-maximized"]}},"logLevel":"warn","connectionRetryTimeout":120000,"connectionRetryCount":3,"logLevels":{},"enableDirectConnect":true,"strictSSL":true,"_":"65 more keys: [\"cacheDir\",\"port\",\"requestedCapabilities\",\"automationProtocol\",\"baseUrl\",\"waitforInterval\",\"waitforTimeout\",\"onReload\",\"beforeCommand\",\"afterCommand\",\"rootDir\",\"specs\",\"suites\",\"exclude\",\"groupLogsByTestSpec\",\"excludeDriverLogs\",\"bail\",\"framework\",\"reporters\",\"services\",\"maxInstances\",\"maxInstancesPerCapability\",\"injectGlobals\",\"filesToWatch\",\"execArgv\",\"runnerEnv\",\"runner\",\"shard\",\"specFileRetries\",\"specFileRetriesDelay\",\"specFileRetriesDeferred\",\"reporterSyncInterval\",\"reporterSyncTimeout\",\"cucumberFeaturesWithLineNumbers\",\"autoCompileOpts\",\"mochaOpts\",\"jasmineOpts\",\"cucumberOpts\",\"onPrepare\",\"onWorkerStart\",\"onWorkerEnd\",\"before\",\"beforeSession\",\"beforeSuite\",\"beforeHook\",\"beforeTest\",\"afterTest\",\"afterHook\",\"afterSuite\",\"afterSession\",\"after\",\"onComplete\",\"beforeAssertion\",\"afterAssertion\",\"beforeFeature\",\"beforeScenario\",\"beforeStep\",\"afterStep\",\"afterScenario\",\"afterFeature\",\"_\",\"suite\",\"$0\",\"ignoredWorkerServices\",\"wdi5\"]"}]}
RESULT: {"script":"<script> [2342 bytes]","args":[{"protocol":"http","hostname":"0.0.0.0","path":"/","capabilities":{"browserName":"chrome","goog:chromeOptions":{"binary":"C:\\Program Files\\Google\\Chrome\\Application\\chrome.exe","args":["--start-maximized"]}},"logLevel":"warn","connectionRetryTimeout":120000,"connectionRetryCount":3,"logLevels":{},"enableDirectConnect":true,"strictSSL":true,"_":"65 more keys: [\"cacheDir\",\"port\",\"requestedCapabilities\",\"automationProtocol\",\"baseUrl\",\"waitforInterval\",\"waitforTimeout\",\"onReload\",\"beforeCommand\",\"afterCommand\",\"rootDir\",\"specs\",\"suites\",\"exclude\",\"groupLogsByTestSpec\",\"excludeDriverLogs\",\"bail\",\"framework\",\"reporters\",\"services\",\"maxInstances\",\"maxInstancesPerCapability\",\"injectGlobals\",\"filesToWatch\",\"execArgv\",\"runnerEnv\",\"runner\",\"shard\",\"specFileRetries\",\"specFileRetriesDelay\",\"specFileRetriesDeferred\",\"reporterSyncInterval\",\"reporterSyncTimeout\",\"cucumberFeaturesWithLineNumbers\",\"autoCompileOpts\",\"mochaOpts\",\"jasmineOpts\",\"cucumberOpts\",\"onPrepare\",\"onWorkerStart\",\"onWorkerEnd\",\"before\",\"beforeSession\",\"beforeSuite\",\"beforeHook\",\"beforeTest\",\"afterTest\",\"afterHook\",\"afterSuite\",\"afterSession\",\"after\",\"onComplete\",\"beforeAssertion\",\"afterAssertion\",\"beforeFeature\",\"beforeScenario\",\"beforeStep\",\"afterStep\",\"afterScenario\",\"afterFeature\",\"_\",\"suite\",\"$0\",\"ignoredWorkerServices\",\"wdi5\"]"}]}
COMMAND: POST /session/b95feca9d6fe84e2832d9bd264215df5/execute/async - {"script":"<script> [21126 bytes]","args":[35000]}
RESULT: {"script":"<script> [21126 bytes]","args":[35000]}
COMMAND: POST /session/b95feca9d6fe84e2832d9bd264215df5/execute/async - {"script":"<script> [1562 bytes]","args":[{"selector":{"controlType":"sap.m.SearchField","viewName":"etm.portal.ui.managehandovers.view.MasterHO","bindingPath":{"path":"","propertyPath":"/_BASIC_SEARCH_FIELD","modelName":"fi1t3rM0d31"},"interaction":{"idSuffix":"I"}},"wdio_ui5_key":"etmportal.ui.managehandovers.view.MasterHOsap.m.SearchField{\"path\":\"\",\"propertyPath\":\"/_BASIC_SEARCH_FIELD\",\"modelName\":\"fi1t3rM0d31\"}"}]}
RESULT: {"script":"<script> [1562 bytes]","args":[{"selector":{"controlType":"sap.m.SearchField","viewName":"etm.portal.ui.managehandovers.view.MasterHO","bindingPath":{"path":"","propertyPath":"/_BASIC_SEARCH_FIELD","modelName":"fi1t3rM0d31"},"interaction":{"idSuffix":"I"}},"wdio_ui5_key":"etmportal.ui.managehandovers.view.MasterHOsap.m.SearchField{\"path\":\"\",\"propertyPath\":\"/_BASIC_SEARCH_FIELD\",\"modelName\":\"fi1t3rM0d31\"}"}]}
RESULT: undefined
COMMAND: POST /session/b95feca9d6fe84e2832d9bd264215df5/execute/async - {"script":"<script> [776 bytes]","args":[{"enterText":"30316","selector":{"controlType":"sap.m.SearchField","viewName":"etm.portal.ui.managehandovers.view.MasterHO","bindingPath":{"path":"","propertyPath":"/_BASIC_SEARCH_FIELD","modelName":"fi1t3rM0d31"},"interaction":{"idSuffix":"I"}},"clearTextFirst":true,"interactionType":"ENTER_TEXT"}]}
RESULT: {"script":"<script> [776 bytes]","args":[{"enterText":"30316","selector":{"controlType":"sap.m.SearchField","viewName":"etm.portal.ui.managehandovers.view.MasterHO","bindingPath":{"path":"","propertyPath":"/_BASIC_SEARCH_FIELD","modelName":"fi1t3rM0d31"},"interaction":{"idSuffix":"I"}},"clearTextFirst":true,"interactionType":"ENTER_TEXT"}]}
COMMAND: POST /session/b95feca9d6fe84e2832d9bd264215df5/actions - {"actions":[{"id":"action27","type":"key","parameters":{},"actions":[{"type":"keyDown","value":"î€‡"},{"type":"pause","duration":10},{"type":"keyUp","value":"î€‡"}]}]}
RESULT: {"actions":[{"id":"action27","type":"key","parameters":{},"actions":[{"type":"keyDown","value":"î€‡"},{"type":"pause","duration":10},{"type":"keyUp","value":"î€‡"}]}]}
COMMAND: GET /session/b95feca9d6fe84e2832d9bd264215df5/screenshot - {}
RESULT: {}
COMMAND: POST /session/b95feca9d6fe84e2832d9bd264215df5/execute/async - {"script":"<script> [1562 bytes]","args":[{"selector":{"controlType":"sap.m.Title","viewName":"etm.portal.ui.managehandovers.view.MasterHO","properties":{"text":"Records (1)"}},"wdio_ui5_key":"etmportal.ui.managehandovers.view.MasterHOsap.m.Title{\"text\":\"Records (1)\"}"}]}
RESULT: {"script":"<script> [1562 bytes]","args":[{"selector":{"controlType":"sap.m.Title","viewName":"etm.portal.ui.managehandovers.view.MasterHO","properties":{"text":"Records (1)"}},"wdio_ui5_key":"etmportal.ui.managehandovers.view.MasterHOsap.m.Title{\"text\":\"Records (1)\"}"}]}
RESULT: undefined
COMMAND: POST /session/b95feca9d6fe84e2832d9bd264215df5/execute/async - {"script":"<script> [6424 bytes]","args":[{"element-6066-11e4-a52e-4f735466cecf":"f.91545E0F3748EE6609C5B89379E64318.d.EA845A32F711EFCA8E821B35CD3ADD6F.e.10470"},"getText",[]]}
RESULT: {"script":"<script> [6424 bytes]","args":[{"element-6066-11e4-a52e-4f735466cecf":"f.91545E0F3748EE6609C5B89379E64318.d.EA845A32F711EFCA8E821B35CD3ADD6F.e.10470"},"getText",[]]}
COMMAND: POST /session/b95feca9d6fe84e2832d9bd264215df5/execute/async - {"script":"<script> [1562 bytes]","args":[{"selector":{"controlType":"sap.ui.core.Icon","viewName":"etm.portal.ui.managehandovers.view.MasterHO","properties":{"src":{"regex":{"source":"slim\\-arrow\\-right"}}}},"wdio_ui5_key":"etmportal.ui.managehandovers.view.MasterHOsap.ui.core.Icon{\"src\":{\"regex\":{\"source\":\"slim\\\\-arrow\\\\-right\"}}}"}]}
RESULT: {"script":"<script> [1562 bytes]","args":[{"selector":{"controlType":"sap.ui.core.Icon","viewName":"etm.portal.ui.managehandovers.view.MasterHO","properties":{"src":{"regex":{"source":"slim\\-arrow\\-right"}}}},"wdio_ui5_key":"etmportal.ui.managehandovers.view.MasterHOsap.ui.core.Icon{\"src\":{\"regex\":{\"source\":\"slim\\\\-arrow\\\\-right\"}}}"}]}
RESULT: undefined
COMMAND: POST /session/b95feca9d6fe84e2832d9bd264215df5/element - {"using":"xpath","value":"//*[@id=\"__item18-__clone16-imgNav\"]"}
RESULT: {"using":"xpath","value":"//*[@id=\"__item18-__clone16-imgNav\"]"}
COMMAND: POST /session/b95feca9d6fe84e2832d9bd264215df5/element/f.91545E0F3748EE6609C5B89379E64318.d.EA845A32F711EFCA8E821B35CD3ADD6F.e.10469/click - {}
RESULT: {}
COMMAND: GET /session/b95feca9d6fe84e2832d9bd264215df5/screenshot - {}
RESULT: {}
COMMAND: POST /session/b95feca9d6fe84e2832d9bd264215df5/element - {"using":"xpath","value":"//a[contains(@data-kt ,\"GeneralSectionReceiveContracttLink\")]"}
RESULT: {"using":"xpath","value":"//a[contains(@data-kt ,\"GeneralSectionReceiveContracttLink\")]"}
COMMAND: POST /session/b95feca9d6fe84e2832d9bd264215df5/element/f.91545E0F3748EE6609C5B89379E64318.d.EA845A32F711EFCA8E821B35CD3ADD6F.e.10572/click - {}
RESULT: {}
COMMAND: GET /session/b95feca9d6fe84e2832d9bd264215df5/screenshot - {}
RESULT: {}
COMMAND: POST /session/b95feca9d6fe84e2832d9bd264215df5/element - {"using":"xpath","value":"//a[contains(@data-kt ,\"ContextMenuId2Link\")]"}
RESULT: {"using":"xpath","value":"//a[contains(@data-kt ,\"ContextMenuId2Link\")]"}
COMMAND: POST /session/b95feca9d6fe84e2832d9bd264215df5/element/f.91545E0F3748EE6609C5B89379E64318.d.EA845A32F711EFCA8E821B35CD3ADD6F.e.10577/click - {}
RESULT: {}
COMMAND: GET /session/b95feca9d6fe84e2832d9bd264215df5/screenshot - {}
RESULT: {}
COMMAND: POST /session/b95feca9d6fe84e2832d9bd264215df5/execute/async - {"script":"<script> [1562 bytes]","args":[{"selector":{"controlType":"sap.m.ObjectStatus","viewName":"etm.portal.ui.managecontracts.view.Detail","bindingPath":{"propertyPath":"LINK_TO_LOGISTICAL_STATUS/DESCRIPTION","modelName":"catalogModel"}},"wdio_ui5_key":"etmportal.ui.managecontracts.view.Detailsap.m.ObjectStatus{\"propertyPath\":\"LINK_TO_LOGISTICAL_STATUS/DESCRIPTION\",\"modelName\":\"catalogModel\"}"}]}
RESULT: {"script":"<script> [1562 bytes]","args":[{"selector":{"controlType":"sap.m.ObjectStatus","viewName":"etm.portal.ui.managecontracts.view.Detail","bindingPath":{"propertyPath":"LINK_TO_LOGISTICAL_STATUS/DESCRIPTION","modelName":"catalogModel"}},"wdio_ui5_key":"etmportal.ui.managecontracts.view.Detailsap.m.ObjectStatus{\"propertyPath\":\"LINK_TO_LOGISTICAL_STATUS/DESCRIPTION\",\"modelName\":\"catalogModel\"}"}]}
RESULT: undefined
COMMAND: POST /session/b95feca9d6fe84e2832d9bd264215df5/execute/async - {"script":"<script> [6424 bytes]","args":[{"element-6066-11e4-a52e-4f735466cecf":"f.91545E0F3748EE6609C5B89379E64318.d.EA845A32F711EFCA8E821B35CD3ADD6F.e.10813"},"getText",[]]}
RESULT: {"script":"<script> [6424 bytes]","args":[{"element-6066-11e4-a52e-4f735466cecf":"f.91545E0F3748EE6609C5B89379E64318.d.EA845A32F711EFCA8E821B35CD3ADD6F.e.10813"},"getText",[]]}
COMMAND: POST /session/b95feca9d6fe84e2832d9bd264215df5/execute/async - {"script":"<script> [1562 bytes]","args":[{"selector":{"controlType":"sap.m.ObjectStatus","viewName":"etm.portal.ui.managecontracts.view.Detail","bindingPath":{"propertyPath":"LINK_TO_COMMERCIAL_STATUS/DESCRIPTION","modelName":"catalogModel"}},"wdio_ui5_key":"etmportal.ui.managecontracts.view.Detailsap.m.ObjectStatus{\"propertyPath\":\"LINK_TO_COMMERCIAL_STATUS/DESCRIPTION\",\"modelName\":\"catalogModel\"}"}]}
RESULT: {"script":"<script> [1562 bytes]","args":[{"selector":{"controlType":"sap.m.ObjectStatus","viewName":"etm.portal.ui.managecontracts.view.Detail","bindingPath":{"propertyPath":"LINK_TO_COMMERCIAL_STATUS/DESCRIPTION","modelName":"catalogModel"}},"wdio_ui5_key":"etmportal.ui.managecontracts.view.Detailsap.m.ObjectStatus{\"propertyPath\":\"LINK_TO_COMMERCIAL_STATUS/DESCRIPTION\",\"modelName\":\"catalogModel\"}"}]}
RESULT: undefined
COMMAND: POST /session/b95feca9d6fe84e2832d9bd264215df5/execute/async - {"script":"<script> [6424 bytes]","args":[{"element-6066-11e4-a52e-4f735466cecf":"f.91545E0F3748EE6609C5B89379E64318.d.EA845A32F711EFCA8E821B35CD3ADD6F.e.10814"},"getText",[]]}
RESULT: {"script":"<script> [6424 bytes]","args":[{"element-6066-11e4-a52e-4f735466cecf":"f.91545E0F3748EE6609C5B89379E64318.d.EA845A32F711EFCA8E821B35CD3ADD6F.e.10814"},"getText",[]]}
COMMAND: POST /session/b95feca9d6fe84e2832d9bd264215df5/execute/async - {"script":"<script> [1562 bytes]","args":[{"selector":{"id":"backBtn"},"wdio_ui5_key":"backBtn"}]}
RESULT: {"script":"<script> [1562 bytes]","args":[{"selector":{"id":"backBtn"},"wdio_ui5_key":"backBtn"}]}
RESULT: undefined
COMMAND: POST /session/b95feca9d6fe84e2832d9bd264215df5/element - {"using":"xpath","value":"//*[@id=\"backBtn\"]"}
RESULT: {"using":"xpath","value":"//*[@id=\"backBtn\"]"}
COMMAND: POST /session/b95feca9d6fe84e2832d9bd264215df5/element/f.91545E0F3748EE6609C5B89379E64318.d.EA845A32F711EFCA8E821B35CD3ADD6F.e.10817/click - {}
RESULT: {}
COMMAND: GET /session/b95feca9d6fe84e2832d9bd264215df5/screenshot - {}
COMMAND: POST /session/b95feca9d6fe84e2832d9bd264215df5/execute/async - {"script":"<script> [1562 bytes]","args":[{"selector":{"controlType":"sap.m.Button","viewName":"etm.portal.ui.managehandovers.view.DetailExecuteHO","i18NText":{"propertyName":"text","key":"confirmAll"},"interaction":{"idSuffix":"BDI-content"}},"wdio_ui5_key":"etmportal.ui.managehandovers.view.DetailExecuteHOsap.m.Button{\"propertyName\":\"text\",\"key\":\"confirmAll\"}"}]}
RESULT: {}
RESULT: {"script":"<script> [1562 bytes]","args":[{"selector":{"controlType":"sap.m.Button","viewName":"etm.portal.ui.managehandovers.view.DetailExecuteHO","i18NText":{"propertyName":"text","key":"confirmAll"},"interaction":{"idSuffix":"BDI-content"}},"wdio_ui5_key":"etmportal.ui.managehandovers.view.DetailExecuteHOsap.m.Button{\"propertyName\":\"text\",\"key\":\"confirmAll\"}"}]}
RESULT: undefined
COMMAND: POST /session/b95feca9d6fe84e2832d9bd264215df5/element - {"using":"xpath","value":"//*[@id=\"__button84\"]"}
RESULT: {"using":"xpath","value":"//*[@id=\"__button84\"]"}
COMMAND: POST /session/b95feca9d6fe84e2832d9bd264215df5/element/f.91545E0F3748EE6609C5B89379E64318.d.EA845A32F711EFCA8E821B35CD3ADD6F.e.11109/click - {}
RESULT: {}
COMMAND: GET /session/b95feca9d6fe84e2832d9bd264215df5/screenshot - {}
RESULT: {}
COMMAND: POST /session/b95feca9d6fe84e2832d9bd264215df5/execute/async - {"script":"<script> [1562 bytes]","args":[{"selector":{"controlType":"sap.m.Button","properties":{"text":"OK"},"searchOpenDialogs":true,"interaction":{"idSuffix":"inner"}},"wdio_ui5_key":"sapm.Button{\"text\":\"OK\"}"}]}
RESULT: {"script":"<script> [1562 bytes]","args":[{"selector":{"controlType":"sap.m.Button","properties":{"text":"OK"},"searchOpenDialogs":true,"interaction":{"idSuffix":"inner"}},"wdio_ui5_key":"sapm.Button{\"text\":\"OK\"}"}]}
RESULT: undefined
COMMAND: POST /session/b95feca9d6fe84e2832d9bd264215df5/element - {"using":"xpath","value":"//*[@id=\"__mbox-btn-0\"]"}
RESULT: {"using":"xpath","value":"//*[@id=\"__mbox-btn-0\"]"}
COMMAND: POST /session/b95feca9d6fe84e2832d9bd264215df5/element/f.91545E0F3748EE6609C5B89379E64318.d.EA845A32F711EFCA8E821B35CD3ADD6F.e.11115/click - {}
RESULT: {}
COMMAND: GET /session/b95feca9d6fe84e2832d9bd264215df5/screenshot - {}
RESULT: {}
COMMAND: POST /session/b95feca9d6fe84e2832d9bd264215df5/element - {"using":"xpath","value":"//button[contains(@data-kt ,\"execHoIssueFooterButton\")]"}
RESULT: {"using":"xpath","value":"//button[contains(@data-kt ,\"execHoIssueFooterButton\")]"}
COMMAND: POST /session/b95feca9d6fe84e2832d9bd264215df5/element/f.91545E0F3748EE6609C5B89379E64318.d.EA845A32F711EFCA8E821B35CD3ADD6F.e.11118/click - {}
RESULT: {}
COMMAND: GET /session/b95feca9d6fe84e2832d9bd264215df5/screenshot - {}
RESULT: {}
COMMAND: POST /session/b95feca9d6fe84e2832d9bd264215df5/refresh - {}
RESULT: {}
COMMAND: GET /session/b95feca9d6fe84e2832d9bd264215df5/screenshot - {}
RESULT: {}
COMMAND: POST /session/b95feca9d6fe84e2832d9bd264215df5/refresh - {}
RESULT: {}
COMMAND: GET /session/b95feca9d6fe84e2832d9bd264215df5/screenshot - {}
RESULT: {}
COMMAND: POST /session/b95feca9d6fe84e2832d9bd264215df5/window/fullscreen - {}
RESULT: {}
COMMAND: POST /session/b95feca9d6fe84e2832d9bd264215df5/execute/async - {"script":"<script> [189 bytes]","args":[]}
RESULT: {"script":"<script> [189 bytes]","args":[]}
COMMAND: POST /session/b95feca9d6fe84e2832d9bd264215df5/execute/async - {"script":"<script> [123 bytes]","args":[]}
RESULT: {"script":"<script> [123 bytes]","args":[]}
COMMAND: POST /session/b95feca9d6fe84e2832d9bd264215df5/timeouts - {"script":"<number>"}
RESULT: {"script":"<number>"}
COMMAND: GET /session/b95feca9d6fe84e2832d9bd264215df5/timeouts - {}
RESULT: {}
RESULT: undefined
COMMAND: POST /session/b95feca9d6fe84e2832d9bd264215df5/execute/async - {"script":"<script> [2676 bytes]","args":[]}
RESULT: {"script":"<script> [2676 bytes]","args":[]}
COMMAND: POST /session/b95feca9d6fe84e2832d9bd264215df5/execute/async - {"script":"<script> [2342 bytes]","args":[{"protocol":"http","hostname":"0.0.0.0","path":"/","capabilities":{"browserName":"chrome","goog:chromeOptions":{"binary":"C:\\Program Files\\Google\\Chrome\\Application\\chrome.exe","args":["--start-maximized"]}},"logLevel":"warn","connectionRetryTimeout":120000,"connectionRetryCount":3,"logLevels":{},"enableDirectConnect":true,"strictSSL":true,"_":"65 more keys: [\"cacheDir\",\"port\",\"requestedCapabilities\",\"automationProtocol\",\"baseUrl\",\"waitforInterval\",\"waitforTimeout\",\"onReload\",\"beforeCommand\",\"afterCommand\",\"rootDir\",\"specs\",\"suites\",\"exclude\",\"groupLogsByTestSpec\",\"excludeDriverLogs\",\"bail\",\"framework\",\"reporters\",\"services\",\"maxInstances\",\"maxInstancesPerCapability\",\"injectGlobals\",\"filesToWatch\",\"execArgv\",\"runnerEnv\",\"runner\",\"shard\",\"specFileRetries\",\"specFileRetriesDelay\",\"specFileRetriesDeferred\",\"reporterSyncInterval\",\"reporterSyncTimeout\",\"cucumberFeaturesWithLineNumbers\",\"autoCompileOpts\",\"mochaOpts\",\"jasmineOpts\",\"cucumberOpts\",\"onPrepare\",\"onWorkerStart\",\"onWorkerEnd\",\"before\",\"beforeSession\",\"beforeSuite\",\"beforeHook\",\"beforeTest\",\"afterTest\",\"afterHook\",\"afterSuite\",\"afterSession\",\"after\",\"onComplete\",\"beforeAssertion\",\"afterAssertion\",\"beforeFeature\",\"beforeScenario\",\"beforeStep\",\"afterStep\",\"afterScenario\",\"afterFeature\",\"_\",\"suite\",\"$0\",\"ignoredWorkerServices\",\"wdi5\"]"}]}
RESULT: {"script":"<script> [2342 bytes]","args":[{"protocol":"http","hostname":"0.0.0.0","path":"/","capabilities":{"browserName":"chrome","goog:chromeOptions":{"binary":"C:\\Program Files\\Google\\Chrome\\Application\\chrome.exe","args":["--start-maximized"]}},"logLevel":"warn","connectionRetryTimeout":120000,"connectionRetryCount":3,"logLevels":{},"enableDirectConnect":true,"strictSSL":true,"_":"65 more keys: [\"cacheDir\",\"port\",\"requestedCapabilities\",\"automationProtocol\",\"baseUrl\",\"waitforInterval\",\"waitforTimeout\",\"onReload\",\"beforeCommand\",\"afterCommand\",\"rootDir\",\"specs\",\"suites\",\"exclude\",\"groupLogsByTestSpec\",\"excludeDriverLogs\",\"bail\",\"framework\",\"reporters\",\"services\",\"maxInstances\",\"maxInstancesPerCapability\",\"injectGlobals\",\"filesToWatch\",\"execArgv\",\"runnerEnv\",\"runner\",\"shard\",\"specFileRetries\",\"specFileRetriesDelay\",\"specFileRetriesDeferred\",\"reporterSyncInterval\",\"reporterSyncTimeout\",\"cucumberFeaturesWithLineNumbers\",\"autoCompileOpts\",\"mochaOpts\",\"jasmineOpts\",\"cucumberOpts\",\"onPrepare\",\"onWorkerStart\",\"onWorkerEnd\",\"before\",\"beforeSession\",\"beforeSuite\",\"beforeHook\",\"beforeTest\",\"afterTest\",\"afterHook\",\"afterSuite\",\"afterSession\",\"after\",\"onComplete\",\"beforeAssertion\",\"afterAssertion\",\"beforeFeature\",\"beforeScenario\",\"beforeStep\",\"afterStep\",\"afterScenario\",\"afterFeature\",\"_\",\"suite\",\"$0\",\"ignoredWorkerServices\",\"wdi5\"]"}]}
COMMAND: POST /session/b95feca9d6fe84e2832d9bd264215df5/execute/async - {"script":"<script> [21126 bytes]","args":[35000]}
RESULT: {"script":"<script> [21126 bytes]","args":[35000]}
COMMAND: POST /session/b95feca9d6fe84e2832d9bd264215df5/execute/async - {"script":"<script> [1562 bytes]","args":[{"selector":{"controlType":"sap.m.SearchField","viewName":"etm.portal.ui.managehandovers.view.MasterHO","bindingPath":{"path":"","propertyPath":"/_BASIC_SEARCH_FIELD","modelName":"fi1t3rM0d31"},"interaction":{"idSuffix":"I"}},"wdio_ui5_key":"etmportal.ui.managehandovers.view.MasterHOsap.m.SearchField{\"path\":\"\",\"propertyPath\":\"/_BASIC_SEARCH_FIELD\",\"modelName\":\"fi1t3rM0d31\"}"}]}
RESULT: {"script":"<script> [1562 bytes]","args":[{"selector":{"controlType":"sap.m.SearchField","viewName":"etm.portal.ui.managehandovers.view.MasterHO","bindingPath":{"path":"","propertyPath":"/_BASIC_SEARCH_FIELD","modelName":"fi1t3rM0d31"},"interaction":{"idSuffix":"I"}},"wdio_ui5_key":"etmportal.ui.managehandovers.view.MasterHOsap.m.SearchField{\"path\":\"\",\"propertyPath\":\"/_BASIC_SEARCH_FIELD\",\"modelName\":\"fi1t3rM0d31\"}"}]}
RESULT: undefined
COMMAND: POST /session/b95feca9d6fe84e2832d9bd264215df5/execute/async - {"script":"<script> [776 bytes]","args":[{"enterText":"30316","selector":{"controlType":"sap.m.SearchField","viewName":"etm.portal.ui.managehandovers.view.MasterHO","bindingPath":{"path":"","propertyPath":"/_BASIC_SEARCH_FIELD","modelName":"fi1t3rM0d31"},"interaction":{"idSuffix":"I"}},"clearTextFirst":true,"interactionType":"ENTER_TEXT"}]}
RESULT: {"script":"<script> [776 bytes]","args":[{"enterText":"30316","selector":{"controlType":"sap.m.SearchField","viewName":"etm.portal.ui.managehandovers.view.MasterHO","bindingPath":{"path":"","propertyPath":"/_BASIC_SEARCH_FIELD","modelName":"fi1t3rM0d31"},"interaction":{"idSuffix":"I"}},"clearTextFirst":true,"interactionType":"ENTER_TEXT"}]}
COMMAND: POST /session/b95feca9d6fe84e2832d9bd264215df5/actions - {"actions":[{"id":"action28","type":"key","parameters":{},"actions":[{"type":"keyDown","value":"î€‡"},{"type":"pause","duration":10},{"type":"keyUp","value":"î€‡"}]}]}
RESULT: {"actions":[{"id":"action28","type":"key","parameters":{},"actions":[{"type":"keyDown","value":"î€‡"},{"type":"pause","duration":10},{"type":"keyUp","value":"î€‡"}]}]}
COMMAND: GET /session/b95feca9d6fe84e2832d9bd264215df5/screenshot - {}
RESULT: {}
COMMAND: POST /session/b95feca9d6fe84e2832d9bd264215df5/execute/async - {"script":"<script> [1562 bytes]","args":[{"selector":{"controlType":"sap.m.Title","viewName":"etm.portal.ui.managehandovers.view.MasterHO","properties":{"text":"Records (1)"}},"wdio_ui5_key":"etmportal.ui.managehandovers.view.MasterHOsap.m.Title{\"text\":\"Records (1)\"}"}]}
RESULT: {"script":"<script> [1562 bytes]","args":[{"selector":{"controlType":"sap.m.Title","viewName":"etm.portal.ui.managehandovers.view.MasterHO","properties":{"text":"Records (1)"}},"wdio_ui5_key":"etmportal.ui.managehandovers.view.MasterHOsap.m.Title{\"text\":\"Records (1)\"}"}]}
RESULT: undefined
COMMAND: POST /session/b95feca9d6fe84e2832d9bd264215df5/execute/async - {"script":"<script> [6424 bytes]","args":[{"element-6066-11e4-a52e-4f735466cecf":"f.91545E0F3748EE6609C5B89379E64318.d.6F4B63A339BA95EF92B21CBC27A1BB88.e.11291"},"getText",[]]}
RESULT: {"script":"<script> [6424 bytes]","args":[{"element-6066-11e4-a52e-4f735466cecf":"f.91545E0F3748EE6609C5B89379E64318.d.6F4B63A339BA95EF92B21CBC27A1BB88.e.11291"},"getText",[]]}
COMMAND: POST /session/b95feca9d6fe84e2832d9bd264215df5/execute/async - {"script":"<script> [1562 bytes]","args":[{"selector":{"controlType":"sap.ui.core.Icon","viewName":"etm.portal.ui.managehandovers.view.MasterHO","properties":{"src":{"regex":{"source":"slim\\-arrow\\-right"}}}},"wdio_ui5_key":"etmportal.ui.managehandovers.view.MasterHOsap.ui.core.Icon{\"src\":{\"regex\":{\"source\":\"slim\\\\-arrow\\\\-right\"}}}"}]}
RESULT: {"script":"<script> [1562 bytes]","args":[{"selector":{"controlType":"sap.ui.core.Icon","viewName":"etm.portal.ui.managehandovers.view.MasterHO","properties":{"src":{"regex":{"source":"slim\\-arrow\\-right"}}}},"wdio_ui5_key":"etmportal.ui.managehandovers.view.MasterHOsap.ui.core.Icon{\"src\":{\"regex\":{\"source\":\"slim\\\\-arrow\\\\-right\"}}}"}]}
RESULT: undefined
COMMAND: POST /session/b95feca9d6fe84e2832d9bd264215df5/element - {"using":"xpath","value":"//*[@id=\"__item28-__clone16-imgNav\"]"}
RESULT: {"using":"xpath","value":"//*[@id=\"__item28-__clone16-imgNav\"]"}
COMMAND: POST /session/b95feca9d6fe84e2832d9bd264215df5/element/f.91545E0F3748EE6609C5B89379E64318.d.6F4B63A339BA95EF92B21CBC27A1BB88.e.11290/click - {}
RESULT: {}
COMMAND: GET /session/b95feca9d6fe84e2832d9bd264215df5/screenshot - {}
RESULT: {}
COMMAND: POST /session/b95feca9d6fe84e2832d9bd264215df5/execute/async - {"script":"<script> [1562 bytes]","args":[{"selector":{"controlType":"sap.m.ObjectStatus","viewName":"etm.portal.ui.managehandovers.view.DetailExecuteHO","labelFor":{"text":"Status"}},"wdio_ui5_key":"etmportal.ui.managehandovers.view.DetailExecuteHOsap.m.ObjectStatus{\"text\":\"Status\"}"}]}
RESULT: {"script":"<script> [1562 bytes]","args":[{"selector":{"controlType":"sap.m.ObjectStatus","viewName":"etm.portal.ui.managehandovers.view.DetailExecuteHO","labelFor":{"text":"Status"}},"wdio_ui5_key":"etmportal.ui.managehandovers.view.DetailExecuteHOsap.m.ObjectStatus{\"text\":\"Status\"}"}]}
RESULT: undefined
COMMAND: POST /session/b95feca9d6fe84e2832d9bd264215df5/execute/async - {"script":"<script> [6424 bytes]","args":[{"element-6066-11e4-a52e-4f735466cecf":"f.91545E0F3748EE6609C5B89379E64318.d.6F4B63A339BA95EF92B21CBC27A1BB88.e.11391"},"getText",[]]}
RESULT: {"script":"<script> [6424 bytes]","args":[{"element-6066-11e4-a52e-4f735466cecf":"f.91545E0F3748EE6609C5B89379E64318.d.6F4B63A339BA95EF92B21CBC27A1BB88.e.11391"},"getText",[]]}
COMMAND: POST /session/b95feca9d6fe84e2832d9bd264215df5/execute/async - {"script":"<script> [1562 bytes]","args":[{"selector":{"controlType":"sap.m.Button","viewName":"etm.portal.ui.managehandovers.view.DetailExecuteHO","i18NText":{"propertyName":"text","key":"confirmAll"},"interaction":{"idSuffix":"BDI-content"}},"wdio_ui5_key":"etmportal.ui.managehandovers.view.DetailExecuteHOsap.m.Button{\"propertyName\":\"text\",\"key\":\"confirmAll\"}"}]}
RESULT: {"script":"<script> [1562 bytes]","args":[{"selector":{"controlType":"sap.m.Button","viewName":"etm.portal.ui.managehandovers.view.DetailExecuteHO","i18NText":{"propertyName":"text","key":"confirmAll"},"interaction":{"idSuffix":"BDI-content"}},"wdio_ui5_key":"etmportal.ui.managehandovers.view.DetailExecuteHOsap.m.Button{\"propertyName\":\"text\",\"key\":\"confirmAll\"}"}]}
RESULT: undefined
COMMAND: POST /session/b95feca9d6fe84e2832d9bd264215df5/element - {"using":"xpath","value":"//*[@id=\"__button30\"]"}
RESULT: {"using":"xpath","value":"//*[@id=\"__button30\"]"}
COMMAND: POST /session/b95feca9d6fe84e2832d9bd264215df5/element/f.91545E0F3748EE6609C5B89379E64318.d.6F4B63A339BA95EF92B21CBC27A1BB88.e.11393/click - {}
RESULT: {}
COMMAND: GET /session/b95feca9d6fe84e2832d9bd264215df5/screenshot - {}
RESULT: {}
COMMAND: POST /session/b95feca9d6fe84e2832d9bd264215df5/execute/async - {"script":"<script> [1562 bytes]","args":[{"selector":{"controlType":"sap.m.Button","properties":{"text":"OK"},"searchOpenDialogs":true,"interaction":{"idSuffix":"BDI-content"}},"wdio_ui5_key":"sapm.Button{\"text\":\"OK\"}"}]}
RESULT: {"script":"<script> [1562 bytes]","args":[{"selector":{"controlType":"sap.m.Button","properties":{"text":"OK"},"searchOpenDialogs":true,"interaction":{"idSuffix":"BDI-content"}},"wdio_ui5_key":"sapm.Button{\"text\":\"OK\"}"}]}
RESULT: undefined
COMMAND: POST /session/b95feca9d6fe84e2832d9bd264215df5/element - {"using":"xpath","value":"//*[@id=\"__mbox-btn-0\"]"}
RESULT: {"using":"xpath","value":"//*[@id=\"__mbox-btn-0\"]"}
COMMAND: POST /session/b95feca9d6fe84e2832d9bd264215df5/element/f.91545E0F3748EE6609C5B89379E64318.d.6F4B63A339BA95EF92B21CBC27A1BB88.e.11394/click - {}
RESULT: {}
COMMAND: GET /session/b95feca9d6fe84e2832d9bd264215df5/screenshot - {}
RESULT: {}
COMMAND: POST /session/b95feca9d6fe84e2832d9bd264215df5/element - {"using":"xpath","value":"//button[contains(@data-kt ,\"execHoReceiveFooterButton\")]"}
RESULT: {"using":"xpath","value":"//button[contains(@data-kt ,\"execHoReceiveFooterButton\")]"}
COMMAND: POST /session/b95feca9d6fe84e2832d9bd264215df5/element/f.91545E0F3748EE6609C5B89379E64318.d.6F4B63A339BA95EF92B21CBC27A1BB88.e.11350/click - {}
RESULT: {}
COMMAND: GET /session/b95feca9d6fe84e2832d9bd264215df5/screenshot - {}
RESULT: {}
COMMAND: POST /session/b95feca9d6fe84e2832d9bd264215df5/refresh - {}
RESULT: {}
COMMAND: GET /session/b95feca9d6fe84e2832d9bd264215df5/screenshot - {}
RESULT: {}
COMMAND: POST /session/b95feca9d6fe84e2832d9bd264215df5/refresh - {}
RESULT: {}
COMMAND: GET /session/b95feca9d6fe84e2832d9bd264215df5/screenshot - {}
RESULT: {}
COMMAND: POST /session/b95feca9d6fe84e2832d9bd264215df5/window/fullscreen - {}
RESULT: {}
COMMAND: POST /session/b95feca9d6fe84e2832d9bd264215df5/execute/async - {"script":"<script> [189 bytes]","args":[]}
RESULT: {"script":"<script> [189 bytes]","args":[]}
COMMAND: POST /session/b95feca9d6fe84e2832d9bd264215df5/execute/async - {"script":"<script> [123 bytes]","args":[]}
RESULT: {"script":"<script> [123 bytes]","args":[]}
COMMAND: POST /session/b95feca9d6fe84e2832d9bd264215df5/timeouts - {"script":"<number>"}
RESULT: {"script":"<number>"}
COMMAND: GET /session/b95feca9d6fe84e2832d9bd264215df5/timeouts - {}
RESULT: {}
RESULT: undefined
COMMAND: POST /session/b95feca9d6fe84e2832d9bd264215df5/execute/async - {"script":"<script> [2676 bytes]","args":[]}
RESULT: {"script":"<script> [2676 bytes]","args":[]}
COMMAND: POST /session/b95feca9d6fe84e2832d9bd264215df5/execute/async - {"script":"<script> [2342 bytes]","args":[{"protocol":"http","hostname":"0.0.0.0","path":"/","capabilities":{"browserName":"chrome","goog:chromeOptions":{"binary":"C:\\Program Files\\Google\\Chrome\\Application\\chrome.exe","args":["--start-maximized"]}},"logLevel":"warn","connectionRetryTimeout":120000,"connectionRetryCount":3,"logLevels":{},"enableDirectConnect":true,"strictSSL":true,"_":"65 more keys: [\"cacheDir\",\"port\",\"requestedCapabilities\",\"automationProtocol\",\"baseUrl\",\"waitforInterval\",\"waitforTimeout\",\"onReload\",\"beforeCommand\",\"afterCommand\",\"rootDir\",\"specs\",\"suites\",\"exclude\",\"groupLogsByTestSpec\",\"excludeDriverLogs\",\"bail\",\"framework\",\"reporters\",\"services\",\"maxInstances\",\"maxInstancesPerCapability\",\"injectGlobals\",\"filesToWatch\",\"execArgv\",\"runnerEnv\",\"runner\",\"shard\",\"specFileRetries\",\"specFileRetriesDelay\",\"specFileRetriesDeferred\",\"reporterSyncInterval\",\"reporterSyncTimeout\",\"cucumberFeaturesWithLineNumbers\",\"autoCompileOpts\",\"mochaOpts\",\"jasmineOpts\",\"cucumberOpts\",\"onPrepare\",\"onWorkerStart\",\"onWorkerEnd\",\"before\",\"beforeSession\",\"beforeSuite\",\"beforeHook\",\"beforeTest\",\"afterTest\",\"afterHook\",\"afterSuite\",\"afterSession\",\"after\",\"onComplete\",\"beforeAssertion\",\"afterAssertion\",\"beforeFeature\",\"beforeScenario\",\"beforeStep\",\"afterStep\",\"afterScenario\",\"afterFeature\",\"_\",\"suite\",\"$0\",\"ignoredWorkerServices\",\"wdi5\"]"}]}
RESULT: {"script":"<script> [2342 bytes]","args":[{"protocol":"http","hostname":"0.0.0.0","path":"/","capabilities":{"browserName":"chrome","goog:chromeOptions":{"binary":"C:\\Program Files\\Google\\Chrome\\Application\\chrome.exe","args":["--start-maximized"]}},"logLevel":"warn","connectionRetryTimeout":120000,"connectionRetryCount":3,"logLevels":{},"enableDirectConnect":true,"strictSSL":true,"_":"65 more keys: [\"cacheDir\",\"port\",\"requestedCapabilities\",\"automationProtocol\",\"baseUrl\",\"waitforInterval\",\"waitforTimeout\",\"onReload\",\"beforeCommand\",\"afterCommand\",\"rootDir\",\"specs\",\"suites\",\"exclude\",\"groupLogsByTestSpec\",\"excludeDriverLogs\",\"bail\",\"framework\",\"reporters\",\"services\",\"maxInstances\",\"maxInstancesPerCapability\",\"injectGlobals\",\"filesToWatch\",\"execArgv\",\"runnerEnv\",\"runner\",\"shard\",\"specFileRetries\",\"specFileRetriesDelay\",\"specFileRetriesDeferred\",\"reporterSyncInterval\",\"reporterSyncTimeout\",\"cucumberFeaturesWithLineNumbers\",\"autoCompileOpts\",\"mochaOpts\",\"jasmineOpts\",\"cucumberOpts\",\"onPrepare\",\"onWorkerStart\",\"onWorkerEnd\",\"before\",\"beforeSession\",\"beforeSuite\",\"beforeHook\",\"beforeTest\",\"afterTest\",\"afterHook\",\"afterSuite\",\"afterSession\",\"after\",\"onComplete\",\"beforeAssertion\",\"afterAssertion\",\"beforeFeature\",\"beforeScenario\",\"beforeStep\",\"afterStep\",\"afterScenario\",\"afterFeature\",\"_\",\"suite\",\"$0\",\"ignoredWorkerServices\",\"wdi5\"]"}]}
COMMAND: POST /session/b95feca9d6fe84e2832d9bd264215df5/execute/async - {"script":"<script> [21126 bytes]","args":[35000]}
RESULT: {"script":"<script> [21126 bytes]","args":[35000]}
COMMAND: POST /session/b95feca9d6fe84e2832d9bd264215df5/execute/async - {"script":"<script> [1562 bytes]","args":[{"selector":{"controlType":"sap.m.SearchField","viewName":"etm.portal.ui.managehandovers.view.MasterHO","bindingPath":{"path":"","propertyPath":"/_BASIC_SEARCH_FIELD","modelName":"fi1t3rM0d31"},"interaction":{"idSuffix":"I"}},"wdio_ui5_key":"etmportal.ui.managehandovers.view.MasterHOsap.m.SearchField{\"path\":\"\",\"propertyPath\":\"/_BASIC_SEARCH_FIELD\",\"modelName\":\"fi1t3rM0d31\"}"}]}
RESULT: {"script":"<script> [1562 bytes]","args":[{"selector":{"controlType":"sap.m.SearchField","viewName":"etm.portal.ui.managehandovers.view.MasterHO","bindingPath":{"path":"","propertyPath":"/_BASIC_SEARCH_FIELD","modelName":"fi1t3rM0d31"},"interaction":{"idSuffix":"I"}},"wdio_ui5_key":"etmportal.ui.managehandovers.view.MasterHOsap.m.SearchField{\"path\":\"\",\"propertyPath\":\"/_BASIC_SEARCH_FIELD\",\"modelName\":\"fi1t3rM0d31\"}"}]}
RESULT: undefined
COMMAND: POST /session/b95feca9d6fe84e2832d9bd264215df5/execute/async - {"script":"<script> [776 bytes]","args":[{"enterText":"30316","selector":{"controlType":"sap.m.SearchField","viewName":"etm.portal.ui.managehandovers.view.MasterHO","bindingPath":{"path":"","propertyPath":"/_BASIC_SEARCH_FIELD","modelName":"fi1t3rM0d31"},"interaction":{"idSuffix":"I"}},"clearTextFirst":true,"interactionType":"ENTER_TEXT"}]}
RESULT: {"script":"<script> [776 bytes]","args":[{"enterText":"30316","selector":{"controlType":"sap.m.SearchField","viewName":"etm.portal.ui.managehandovers.view.MasterHO","bindingPath":{"path":"","propertyPath":"/_BASIC_SEARCH_FIELD","modelName":"fi1t3rM0d31"},"interaction":{"idSuffix":"I"}},"clearTextFirst":true,"interactionType":"ENTER_TEXT"}]}
COMMAND: POST /session/b95feca9d6fe84e2832d9bd264215df5/actions - {"actions":[{"id":"action29","type":"key","parameters":{},"actions":[{"type":"keyDown","value":"î€‡"},{"type":"pause","duration":10},{"type":"keyUp","value":"î€‡"}]}]}
RESULT: {"actions":[{"id":"action29","type":"key","parameters":{},"actions":[{"type":"keyDown","value":"î€‡"},{"type":"pause","duration":10},{"type":"keyUp","value":"î€‡"}]}]}
COMMAND: GET /session/b95feca9d6fe84e2832d9bd264215df5/screenshot - {}
RESULT: {}
COMMAND: POST /session/b95feca9d6fe84e2832d9bd264215df5/execute/async - {"script":"<script> [1562 bytes]","args":[{"selector":{"controlType":"sap.m.Title","viewName":"etm.portal.ui.managehandovers.view.MasterHO","properties":{"text":"Records (1)"}},"wdio_ui5_key":"etmportal.ui.managehandovers.view.MasterHOsap.m.Title{\"text\":\"Records (1)\"}"}]}
RESULT: {"script":"<script> [1562 bytes]","args":[{"selector":{"controlType":"sap.m.Title","viewName":"etm.portal.ui.managehandovers.view.MasterHO","properties":{"text":"Records (1)"}},"wdio_ui5_key":"etmportal.ui.managehandovers.view.MasterHOsap.m.Title{\"text\":\"Records (1)\"}"}]}
RESULT: undefined
COMMAND: POST /session/b95feca9d6fe84e2832d9bd264215df5/execute/async - {"script":"<script> [6424 bytes]","args":[{"element-6066-11e4-a52e-4f735466cecf":"f.91545E0F3748EE6609C5B89379E64318.d.1A37B8CBC0564AD1E5E6D49E30B920FD.e.11568"},"getText",[]]}
RESULT: {"script":"<script> [6424 bytes]","args":[{"element-6066-11e4-a52e-4f735466cecf":"f.91545E0F3748EE6609C5B89379E64318.d.1A37B8CBC0564AD1E5E6D49E30B920FD.e.11568"},"getText",[]]}
COMMAND: POST /session/b95feca9d6fe84e2832d9bd264215df5/execute/async - {"script":"<script> [1562 bytes]","args":[{"selector":{"controlType":"sap.ui.core.Icon","viewName":"etm.portal.ui.managehandovers.view.MasterHO","properties":{"src":{"regex":{"source":"slim\\-arrow\\-right"}}}},"wdio_ui5_key":"etmportal.ui.managehandovers.view.MasterHOsap.ui.core.Icon{\"src\":{\"regex\":{\"source\":\"slim\\\\-arrow\\\\-right\"}}}"}]}
RESULT: {"script":"<script> [1562 bytes]","args":[{"selector":{"controlType":"sap.ui.core.Icon","viewName":"etm.portal.ui.managehandovers.view.MasterHO","properties":{"src":{"regex":{"source":"slim\\-arrow\\-right"}}}},"wdio_ui5_key":"etmportal.ui.managehandovers.view.MasterHOsap.ui.core.Icon{\"src\":{\"regex\":{\"source\":\"slim\\\\-arrow\\\\-right\"}}}"}]}
RESULT: undefined
COMMAND: POST /session/b95feca9d6fe84e2832d9bd264215df5/element - {"using":"xpath","value":"//*[@id=\"__item30-__clone16-imgNav\"]"}
RESULT: {"using":"xpath","value":"//*[@id=\"__item30-__clone16-imgNav\"]"}
COMMAND: POST /session/b95feca9d6fe84e2832d9bd264215df5/element/f.91545E0F3748EE6609C5B89379E64318.d.1A37B8CBC0564AD1E5E6D49E30B920FD.e.11567/click - {}
RESULT: {}
COMMAND: GET /session/b95feca9d6fe84e2832d9bd264215df5/screenshot - {}
RESULT: {}
COMMAND: POST /session/b95feca9d6fe84e2832d9bd264215df5/execute/async - {"script":"<script> [1562 bytes]","args":[{"selector":{"controlType":"sap.m.ObjectStatus","viewName":"etm.portal.ui.managehandovers.view.DetailManageHO","viewId":"application-managehandovers-display-component---detailManageHO","labelFor":{"text":"Status"}},"wdio_ui5_key":"etmportal.ui.managehandovers.view.DetailManageHOsap.m.ObjectStatus{\"text\":\"Status\"}"}]}
RESULT: {"script":"<script> [1562 bytes]","args":[{"selector":{"controlType":"sap.m.ObjectStatus","viewName":"etm.portal.ui.managehandovers.view.DetailManageHO","viewId":"application-managehandovers-display-component---detailManageHO","labelFor":{"text":"Status"}},"wdio_ui5_key":"etmportal.ui.managehandovers.view.DetailManageHOsap.m.ObjectStatus{\"text\":\"Status\"}"}]}
RESULT: undefined
COMMAND: POST /session/b95feca9d6fe84e2832d9bd264215df5/execute/async - {"script":"<script> [6424 bytes]","args":[{"element-6066-11e4-a52e-4f735466cecf":"f.91545E0F3748EE6609C5B89379E64318.d.1A37B8CBC0564AD1E5E6D49E30B920FD.e.11655"},"getText",[]]}
RESULT: {"script":"<script> [6424 bytes]","args":[{"element-6066-11e4-a52e-4f735466cecf":"f.91545E0F3748EE6609C5B89379E64318.d.1A37B8CBC0564AD1E5E6D49E30B920FD.e.11655"},"getText",[]]}
COMMAND: POST /session/b95feca9d6fe84e2832d9bd264215df5/element - {"using":"xpath","value":"//a[contains(@data-kt ,\"GeneralSectionReceiveContracttLink\")]"}
RESULT: {"using":"xpath","value":"//a[contains(@data-kt ,\"GeneralSectionReceiveContracttLink\")]"}
COMMAND: POST /session/b95feca9d6fe84e2832d9bd264215df5/element/f.91545E0F3748EE6609C5B89379E64318.d.1A37B8CBC0564AD1E5E6D49E30B920FD.e.11658/click - {}
RESULT: {}
COMMAND: GET /session/b95feca9d6fe84e2832d9bd264215df5/screenshot - {}
RESULT: {}
COMMAND: POST /session/b95feca9d6fe84e2832d9bd264215df5/element - {"using":"xpath","value":"//a[contains(@data-kt ,\"ContextMenuId2Link\")]"}
RESULT: {"using":"xpath","value":"//a[contains(@data-kt ,\"ContextMenuId2Link\")]"}
COMMAND: POST /session/b95feca9d6fe84e2832d9bd264215df5/element/f.91545E0F3748EE6609C5B89379E64318.d.1A37B8CBC0564AD1E5E6D49E30B920FD.e.11661/click - {}
RESULT: {}
COMMAND: GET /session/b95feca9d6fe84e2832d9bd264215df5/screenshot - {}
COMMAND: POST /session/b95feca9d6fe84e2832d9bd264215df5/execute/async - {"script":"<script> [1562 bytes]","args":[{"selector":{"controlType":"sap.m.ObjectStatus","viewName":"etm.portal.ui.managecontracts.view.Detail","bindingPath":{"propertyPath":"LINK_TO_LOGISTICAL_STATUS/DESCRIPTION","modelName":"catalogModel"}},"wdio_ui5_key":"etmportal.ui.managecontracts.view.Detailsap.m.ObjectStatus{\"propertyPath\":\"LINK_TO_LOGISTICAL_STATUS/DESCRIPTION\",\"modelName\":\"catalogModel\"}"}]}
RESULT: {}
RESULT: {"script":"<script> [1562 bytes]","args":[{"selector":{"controlType":"sap.m.ObjectStatus","viewName":"etm.portal.ui.managecontracts.view.Detail","bindingPath":{"propertyPath":"LINK_TO_LOGISTICAL_STATUS/DESCRIPTION","modelName":"catalogModel"}},"wdio_ui5_key":"etmportal.ui.managecontracts.view.Detailsap.m.ObjectStatus{\"propertyPath\":\"LINK_TO_LOGISTICAL_STATUS/DESCRIPTION\",\"modelName\":\"catalogModel\"}"}]}
RESULT: undefined
COMMAND: POST /session/b95feca9d6fe84e2832d9bd264215df5/execute/async - {"script":"<script> [6424 bytes]","args":[{"element-6066-11e4-a52e-4f735466cecf":"f.91545E0F3748EE6609C5B89379E64318.d.1A37B8CBC0564AD1E5E6D49E30B920FD.e.11891"},"getText",[]]}
RESULT: {"script":"<script> [6424 bytes]","args":[{"element-6066-11e4-a52e-4f735466cecf":"f.91545E0F3748EE6609C5B89379E64318.d.1A37B8CBC0564AD1E5E6D49E30B920FD.e.11891"},"getText",[]]}
COMMAND: POST /session/b95feca9d6fe84e2832d9bd264215df5/execute/async - {"script":"<script> [1562 bytes]","args":[{"selector":{"controlType":"sap.m.ObjectStatus","viewName":"etm.portal.ui.managecontracts.view.Detail","bindingPath":{"propertyPath":"LINK_TO_COMMERCIAL_STATUS/DESCRIPTION","modelName":"catalogModel"}},"wdio_ui5_key":"etmportal.ui.managecontracts.view.Detailsap.m.ObjectStatus{\"propertyPath\":\"LINK_TO_COMMERCIAL_STATUS/DESCRIPTION\",\"modelName\":\"catalogModel\"}"}]}
RESULT: {"script":"<script> [1562 bytes]","args":[{"selector":{"controlType":"sap.m.ObjectStatus","viewName":"etm.portal.ui.managecontracts.view.Detail","bindingPath":{"propertyPath":"LINK_TO_COMMERCIAL_STATUS/DESCRIPTION","modelName":"catalogModel"}},"wdio_ui5_key":"etmportal.ui.managecontracts.view.Detailsap.m.ObjectStatus{\"propertyPath\":\"LINK_TO_COMMERCIAL_STATUS/DESCRIPTION\",\"modelName\":\"catalogModel\"}"}]}
RESULT: undefined
COMMAND: POST /session/b95feca9d6fe84e2832d9bd264215df5/execute/async - {"script":"<script> [6424 bytes]","args":[{"element-6066-11e4-a52e-4f735466cecf":"f.91545E0F3748EE6609C5B89379E64318.d.1A37B8CBC0564AD1E5E6D49E30B920FD.e.11892"},"getText",[]]}
RESULT: {"script":"<script> [6424 bytes]","args":[{"element-6066-11e4-a52e-4f735466cecf":"f.91545E0F3748EE6609C5B89379E64318.d.1A37B8CBC0564AD1E5E6D49E30B920FD.e.11892"},"getText",[]]}
]]></system-out>
    </testcase>
    <testcase classname="chrome.135_0_7049_96.windows.E2E_-_Logistical_and_commercial_statuses" name="It should follow the handover steps to the status fully returned" time="247.094">
      <system-out><![CDATA[
COMMAND: POST /session/b95feca9d6fe84e2832d9bd264215df5/execute/async - {"script":"<script> [1562 bytes]","args":[{"selector":{"id":"contractDetailReturnButton","viewName":"etm.portal.ui.managecontracts.view.Detail","interaction":{"idSuffix":"BDI-content"}},"wdio_ui5_key":"contractDetailReturnButtonetmportal.ui.managecontracts.view.Detail"}]}
RESULT: {"script":"<script> [1562 bytes]","args":[{"selector":{"id":"contractDetailReturnButton","viewName":"etm.portal.ui.managecontracts.view.Detail","interaction":{"idSuffix":"BDI-content"}},"wdio_ui5_key":"contractDetailReturnButtonetmportal.ui.managecontracts.view.Detail"}]}
RESULT: undefined
COMMAND: POST /session/b95feca9d6fe84e2832d9bd264215df5/element - {"using":"xpath","value":"//*[@id=\"__xmlview2--contractDetailReturnButton\"]"}
RESULT: {"using":"xpath","value":"//*[@id=\"__xmlview2--contractDetailReturnButton\"]"}
COMMAND: POST /session/b95feca9d6fe84e2832d9bd264215df5/element/f.91545E0F3748EE6609C5B89379E64318.d.1A37B8CBC0564AD1E5E6D49E30B920FD.e.11796/click - {}
RESULT: {}
COMMAND: POST /session/b95feca9d6fe84e2832d9bd264215df5/execute/async - {"script":"<script> [1562 bytes]","args":[{"selector":{"id":"application-managehandovers-display-component---AddNewHO--dueDate","interaction":{"idSuffix":"inner"}},"wdio_ui5_key":"applicationmanagehandovers-display-component---AddNewHO--dueDate"}]}
COMMAND: GET /session/b95feca9d6fe84e2832d9bd264215df5/screenshot - {}
RESULT: {"script":"<script> [1562 bytes]","args":[{"selector":{"id":"application-managehandovers-display-component---AddNewHO--dueDate","interaction":{"idSuffix":"inner"}},"wdio_ui5_key":"applicationmanagehandovers-display-component---AddNewHO--dueDate"}]}
RESULT: undefined
COMMAND: POST /session/b95feca9d6fe84e2832d9bd264215df5/execute/async - {"script":"<script> [776 bytes]","args":[{"enterText":"04/26/25","selector":{"id":"application-managehandovers-display-component---AddNewHO--dueDate","interaction":{"idSuffix":"inner"}},"clearTextFirst":true,"interactionType":"ENTER_TEXT"}]}
RESULT: {}
RESULT: {"script":"<script> [776 bytes]","args":[{"enterText":"04/26/25","selector":{"id":"application-managehandovers-display-component---AddNewHO--dueDate","interaction":{"idSuffix":"inner"}},"clearTextFirst":true,"interactionType":"ENTER_TEXT"}]}
COMMAND: POST /session/b95feca9d6fe84e2832d9bd264215df5/element - {"using":"xpath","value":"//bdi[contains(@id ,\"application-managehandovers-display-component---AddNewHO--ObjectPageLayout-anchBar-application-managehandovers-display-component---AddNewHO--section4-anchor-BDI-content\")]"}
RESULT: {"using":"xpath","value":"//bdi[contains(@id ,\"application-managehandovers-display-component---AddNewHO--ObjectPageLayout-anchBar-application-managehandovers-display-component---AddNewHO--section4-anchor-BDI-content\")]"}
COMMAND: POST /session/b95feca9d6fe84e2832d9bd264215df5/element/f.91545E0F3748EE6609C5B89379E64318.d.1A37B8CBC0564AD1E5E6D49E30B920FD.e.12211/click - {}
RESULT: {}
COMMAND: GET /session/b95feca9d6fe84e2832d9bd264215df5/screenshot - {}
RESULT: {}
COMMAND: POST /session/b95feca9d6fe84e2832d9bd264215df5/element - {"using":"xpath","value":"//button[contains(@data-kt ,\"AddNewHOProvideAddItemsButton\")]"}
RESULT: {"using":"xpath","value":"//button[contains(@data-kt ,\"AddNewHOProvideAddItemsButton\")]"}
COMMAND: POST /session/b95feca9d6fe84e2832d9bd264215df5/element/f.91545E0F3748EE6609C5B89379E64318.d.1A37B8CBC0564AD1E5E6D49E30B920FD.e.12215/click - {}
RESULT: {}
COMMAND: GET /session/b95feca9d6fe84e2832d9bd264215df5/screenshot - {}
RESULT: {}
COMMAND: POST /session/b95feca9d6fe84e2832d9bd264215df5/execute/async - {"script":"<script> [1562 bytes]","args":[{"selector":{"id":"application-managehandovers-display-component---AddNewHO--popup-sa","searchOpenDialogs":true,"interaction":{"idSuffix":"CbBg"}},"wdio_ui5_key":"applicationmanagehandovers-display-component---AddNewHO--popup-sa"}]}
RESULT: {"script":"<script> [1562 bytes]","args":[{"selector":{"id":"application-managehandovers-display-component---AddNewHO--popup-sa","searchOpenDialogs":true,"interaction":{"idSuffix":"CbBg"}},"wdio_ui5_key":"applicationmanagehandovers-display-component---AddNewHO--popup-sa"}]}
RESULT: undefined
COMMAND: POST /session/b95feca9d6fe84e2832d9bd264215df5/element - {"using":"xpath","value":"//*[@id=\"application-managehandovers-display-component---AddNewHO--popup-sa\"]"}
RESULT: {"using":"xpath","value":"//*[@id=\"application-managehandovers-display-component---AddNewHO--popup-sa\"]"}
COMMAND: POST /session/b95feca9d6fe84e2832d9bd264215df5/element/f.91545E0F3748EE6609C5B89379E64318.d.1A37B8CBC0564AD1E5E6D49E30B920FD.e.12231/click - {}
RESULT: {}
COMMAND: POST /session/b95feca9d6fe84e2832d9bd264215df5/execute/async - {"script":"<script> [1562 bytes]","args":[{"selector":{"controlType":"sap.m.Button","viewName":"etm.portal.ui.managehandovers.view.AddNewHO","viewId":"application-managehandovers-display-component---AddNewHO","i18NText":{"propertyName":"text","key":"select"},"searchOpenDialogs":true,"interaction":{"idSuffix":"BDI-content"}},"wdio_ui5_key":"etmportal.ui.managehandovers.view.AddNewHOsap.m.Button{\"propertyName\":\"text\",\"key\":\"select\"}"}]}
COMMAND: GET /session/b95feca9d6fe84e2832d9bd264215df5/screenshot - {}
RESULT: {"script":"<script> [1562 bytes]","args":[{"selector":{"controlType":"sap.m.Button","viewName":"etm.portal.ui.managehandovers.view.AddNewHO","viewId":"application-managehandovers-display-component---AddNewHO","i18NText":{"propertyName":"text","key":"select"},"searchOpenDialogs":true,"interaction":{"idSuffix":"BDI-content"}},"wdio_ui5_key":"etmportal.ui.managehandovers.view.AddNewHOsap.m.Button{\"propertyName\":\"text\",\"key\":\"select\"}"}]}
RESULT: undefined
COMMAND: POST /session/b95feca9d6fe84e2832d9bd264215df5/element - {"using":"xpath","value":"//*[@id=\"__button60\"]"}
RESULT: {}
RESULT: {"using":"xpath","value":"//*[@id=\"__button60\"]"}
COMMAND: POST /session/b95feca9d6fe84e2832d9bd264215df5/element/f.91545E0F3748EE6609C5B89379E64318.d.1A37B8CBC0564AD1E5E6D49E30B920FD.e.12234/click - {}
RESULT: {}
COMMAND: GET /session/b95feca9d6fe84e2832d9bd264215df5/screenshot - {}
RESULT: {}
COMMAND: POST /session/b95feca9d6fe84e2832d9bd264215df5/execute/async - {"script":"<script> [1562 bytes]","args":[{"selector":{"id":"application-managehandovers-display-component---AddNewHO--confirmCreationButton","interaction":{"idSuffix":"BDI-content"}},"wdio_ui5_key":"applicationmanagehandovers-display-component---AddNewHO--confirmCreationButton"}]}
RESULT: {"script":"<script> [1562 bytes]","args":[{"selector":{"id":"application-managehandovers-display-component---AddNewHO--confirmCreationButton","interaction":{"idSuffix":"BDI-content"}},"wdio_ui5_key":"applicationmanagehandovers-display-component---AddNewHO--confirmCreationButton"}]}
RESULT: undefined
COMMAND: POST /session/b95feca9d6fe84e2832d9bd264215df5/element - {"using":"xpath","value":"//*[@id=\"application-managehandovers-display-component---AddNewHO--confirmCreationButton\"]"}
RESULT: {"using":"xpath","value":"//*[@id=\"application-managehandovers-display-component---AddNewHO--confirmCreationButton\"]"}
COMMAND: POST /session/b95feca9d6fe84e2832d9bd264215df5/element/f.91545E0F3748EE6609C5B89379E64318.d.1A37B8CBC0564AD1E5E6D49E30B920FD.e.12016/click - {}
RESULT: {}
COMMAND: GET /session/b95feca9d6fe84e2832d9bd264215df5/screenshot - {}
RESULT: {}
COMMAND: POST /session/b95feca9d6fe84e2832d9bd264215df5/execute/async - {"script":"<script> [1562 bytes]","args":[{"selector":{"controlType":"sap.m.Text","viewName":"etm.portal.ui.managehandovers.view.DetailExecuteHO","bindingPath":{"propertyPath":"NO","modelName":"catalogModel"}},"wdio_ui5_key":"etmportal.ui.managehandovers.view.DetailExecuteHOsap.m.Text{\"propertyPath\":\"NO\",\"modelName\":\"catalogModel\"}"}]}
RESULT: {"script":"<script> [1562 bytes]","args":[{"selector":{"controlType":"sap.m.Text","viewName":"etm.portal.ui.managehandovers.view.DetailExecuteHO","bindingPath":{"propertyPath":"NO","modelName":"catalogModel"}},"wdio_ui5_key":"etmportal.ui.managehandovers.view.DetailExecuteHOsap.m.Text{\"propertyPath\":\"NO\",\"modelName\":\"catalogModel\"}"}]}
RESULT: undefined
COMMAND: POST /session/b95feca9d6fe84e2832d9bd264215df5/execute/async - {"script":"<script> [6424 bytes]","args":[{"element-6066-11e4-a52e-4f735466cecf":"f.91545E0F3748EE6609C5B89379E64318.d.1A37B8CBC0564AD1E5E6D49E30B920FD.e.12293"},"getText",[]]}
RESULT: {"script":"<script> [6424 bytes]","args":[{"element-6066-11e4-a52e-4f735466cecf":"f.91545E0F3748EE6609C5B89379E64318.d.1A37B8CBC0564AD1E5E6D49E30B920FD.e.12293"},"getText",[]]}
COMMAND: POST /session/b95feca9d6fe84e2832d9bd264215df5/element - {"using":"xpath","value":"//a[contains(@data-kt ,\"GeneralSectionSendContractLink\")]"}
RESULT: {"using":"xpath","value":"//a[contains(@data-kt ,\"GeneralSectionSendContractLink\")]"}
COMMAND: POST /session/b95feca9d6fe84e2832d9bd264215df5/element/f.91545E0F3748EE6609C5B89379E64318.d.1A37B8CBC0564AD1E5E6D49E30B920FD.e.12294/click - {}
RESULT: {}
COMMAND: GET /session/b95feca9d6fe84e2832d9bd264215df5/screenshot - {}
RESULT: {}
COMMAND: POST /session/b95feca9d6fe84e2832d9bd264215df5/element - {"using":"xpath","value":"//a[contains(@data-kt ,\"ContextMenuId2Link\")]"}
RESULT: {"using":"xpath","value":"//a[contains(@data-kt ,\"ContextMenuId2Link\")]"}
COMMAND: POST /session/b95feca9d6fe84e2832d9bd264215df5/elements - {"using":"xpath","value":"//a[contains(@data-kt ,\"ContextMenuId2Link\")]"}
RESULT: {"using":"xpath","value":"//a[contains(@data-kt ,\"ContextMenuId2Link\")]"}
COMMAND: POST /session/b95feca9d6fe84e2832d9bd264215df5/element/f.91545E0F3748EE6609C5B89379E64318.d.1A37B8CBC0564AD1E5E6D49E30B920FD.e.12298/click - {}
RESULT: {}
COMMAND: GET /session/b95feca9d6fe84e2832d9bd264215df5/screenshot - {}
RESULT: {}
COMMAND: POST /session/b95feca9d6fe84e2832d9bd264215df5/execute/async - {"script":"<script> [1562 bytes]","args":[{"selector":{"controlType":"sap.m.Link","viewName":"etm.portal.ui.managehandovers.view.DetailExecuteHO","properties":{"text":"Contract Overview"},"searchOpenDialogs":true},"wdio_ui5_key":"etmportal.ui.managehandovers.view.DetailExecuteHOsap.m.Link{\"text\":\"Contract Overview\"}"}]}
RESULT: {"script":"<script> [1562 bytes]","args":[{"selector":{"controlType":"sap.m.Link","viewName":"etm.portal.ui.managehandovers.view.DetailExecuteHO","properties":{"text":"Contract Overview"},"searchOpenDialogs":true},"wdio_ui5_key":"etmportal.ui.managehandovers.view.DetailExecuteHOsap.m.Link{\"text\":\"Contract Overview\"}"}]}
RESULT: undefined
RESULT: undefined
COMMAND: POST /session/b95feca9d6fe84e2832d9bd264215df5/execute/async - {"script":"<script> [6424 bytes]","args":[{"element-6066-11e4-a52e-4f735466cecf":"f.91545E0F3748EE6609C5B89379E64318.d.1A37B8CBC0564AD1E5E6D49E30B920FD.e.11891"},"getText",[]]}
COMMAND: POST /session/b95feca9d6fe84e2832d9bd264215df5/execute/async - {"script":"<script> [1562 bytes]","args":[{"selector":{"controlType":"sap.m.ObjectStatus","viewName":"etm.portal.ui.managecontracts.view.Detail","bindingPath":{"propertyPath":"LINK_TO_LOGISTICAL_STATUS/DESCRIPTION","modelName":"catalogModel"}},"wdio_ui5_key":"etmportal.ui.managecontracts.view.Detailsap.m.ObjectStatus{\"propertyPath\":\"LINK_TO_LOGISTICAL_STATUS/DESCRIPTION\",\"modelName\":\"catalogModel\"}"}]}
RESULT: {"script":"<script> [1562 bytes]","args":[{"selector":{"controlType":"sap.m.ObjectStatus","viewName":"etm.portal.ui.managecontracts.view.Detail","bindingPath":{"propertyPath":"LINK_TO_LOGISTICAL_STATUS/DESCRIPTION","modelName":"catalogModel"}},"wdio_ui5_key":"etmportal.ui.managecontracts.view.Detailsap.m.ObjectStatus{\"propertyPath\":\"LINK_TO_LOGISTICAL_STATUS/DESCRIPTION\",\"modelName\":\"catalogModel\"}"}]}
COMMAND: POST /session/b95feca9d6fe84e2832d9bd264215df5/execute/async - {"script":"<script> [6424 bytes]","args":[{"element-6066-11e4-a52e-4f735466cecf":"f.91545E0F3748EE6609C5B89379E64318.d.1A37B8CBC0564AD1E5E6D49E30B920FD.e.12520"},"getText",[]]}
RESULT: {"script":"<script> [6424 bytes]","args":[{"element-6066-11e4-a52e-4f735466cecf":"f.91545E0F3748EE6609C5B89379E64318.d.1A37B8CBC0564AD1E5E6D49E30B920FD.e.12520"},"getText",[]]}
RESULT: undefined
COMMAND: POST /session/b95feca9d6fe84e2832d9bd264215df5/execute/async - {"script":"<script> [6424 bytes]","args":[{"element-6066-11e4-a52e-4f735466cecf":"f.91545E0F3748EE6609C5B89379E64318.d.1A37B8CBC0564AD1E5E6D49E30B920FD.e.11892"},"getText",[]]}
COMMAND: POST /session/b95feca9d6fe84e2832d9bd264215df5/execute/async - {"script":"<script> [1562 bytes]","args":[{"selector":{"controlType":"sap.m.ObjectStatus","viewName":"etm.portal.ui.managecontracts.view.Detail","bindingPath":{"propertyPath":"LINK_TO_COMMERCIAL_STATUS/DESCRIPTION","modelName":"catalogModel"}},"wdio_ui5_key":"etmportal.ui.managecontracts.view.Detailsap.m.ObjectStatus{\"propertyPath\":\"LINK_TO_COMMERCIAL_STATUS/DESCRIPTION\",\"modelName\":\"catalogModel\"}"}]}
RESULT: {"script":"<script> [1562 bytes]","args":[{"selector":{"controlType":"sap.m.ObjectStatus","viewName":"etm.portal.ui.managecontracts.view.Detail","bindingPath":{"propertyPath":"LINK_TO_COMMERCIAL_STATUS/DESCRIPTION","modelName":"catalogModel"}},"wdio_ui5_key":"etmportal.ui.managecontracts.view.Detailsap.m.ObjectStatus{\"propertyPath\":\"LINK_TO_COMMERCIAL_STATUS/DESCRIPTION\",\"modelName\":\"catalogModel\"}"}]}
COMMAND: POST /session/b95feca9d6fe84e2832d9bd264215df5/execute/async - {"script":"<script> [6424 bytes]","args":[{"element-6066-11e4-a52e-4f735466cecf":"f.91545E0F3748EE6609C5B89379E64318.d.1A37B8CBC0564AD1E5E6D49E30B920FD.e.12521"},"getText",[]]}
RESULT: {"script":"<script> [6424 bytes]","args":[{"element-6066-11e4-a52e-4f735466cecf":"f.91545E0F3748EE6609C5B89379E64318.d.1A37B8CBC0564AD1E5E6D49E30B920FD.e.12521"},"getText",[]]}
COMMAND: POST /session/b95feca9d6fe84e2832d9bd264215df5/execute/async - {"script":"<script> [1562 bytes]","args":[{"selector":{"id":"backBtn"},"wdio_ui5_key":"backBtn"}]}
RESULT: {"script":"<script> [1562 bytes]","args":[{"selector":{"id":"backBtn"},"wdio_ui5_key":"backBtn"}]}
RESULT: undefined
COMMAND: POST /session/b95feca9d6fe84e2832d9bd264215df5/element - {"using":"xpath","value":"//*[@id=\"backBtn\"]"}
RESULT: {"using":"xpath","value":"//*[@id=\"backBtn\"]"}
COMMAND: POST /session/b95feca9d6fe84e2832d9bd264215df5/element/f.91545E0F3748EE6609C5B89379E64318.d.1A37B8CBC0564AD1E5E6D49E30B920FD.e.12522/click - {}
RESULT: {}
COMMAND: GET /session/b95feca9d6fe84e2832d9bd264215df5/screenshot - {}
RESULT: {}
COMMAND: POST /session/b95feca9d6fe84e2832d9bd264215df5/execute/async - {"script":"<script> [1562 bytes]","args":[{"selector":{"controlType":"sap.m.Button","viewName":"etm.portal.ui.managehandovers.view.DetailExecuteHO","i18NText":{"propertyName":"text","key":"confirmAll"},"interaction":{"idSuffix":"BDI-content"}},"wdio_ui5_key":"etmportal.ui.managehandovers.view.DetailExecuteHOsap.m.Button{\"propertyName\":\"text\",\"key\":\"confirmAll\"}"}]}
RESULT: {"script":"<script> [1562 bytes]","args":[{"selector":{"controlType":"sap.m.Button","viewName":"etm.portal.ui.managehandovers.view.DetailExecuteHO","i18NText":{"propertyName":"text","key":"confirmAll"},"interaction":{"idSuffix":"BDI-content"}},"wdio_ui5_key":"etmportal.ui.managehandovers.view.DetailExecuteHOsap.m.Button{\"propertyName\":\"text\",\"key\":\"confirmAll\"}"}]}
RESULT: undefined
COMMAND: POST /session/b95feca9d6fe84e2832d9bd264215df5/element - {"using":"xpath","value":"//*[@id=\"__button143\"]"}
RESULT: {"using":"xpath","value":"//*[@id=\"__button143\"]"}
COMMAND: POST /session/b95feca9d6fe84e2832d9bd264215df5/element/f.91545E0F3748EE6609C5B89379E64318.d.1A37B8CBC0564AD1E5E6D49E30B920FD.e.12839/click - {}
RESULT: {}
COMMAND: POST /session/b95feca9d6fe84e2832d9bd264215df5/execute/async - {"script":"<script> [1562 bytes]","args":[{"selector":{"controlType":"sap.m.Button","properties":{"text":"OK"},"searchOpenDialogs":true,"interaction":{"idSuffix":"BDI-content"}},"wdio_ui5_key":"sapm.Button{\"text\":\"OK\"}"}]}
COMMAND: GET /session/b95feca9d6fe84e2832d9bd264215df5/screenshot - {}
RESULT: {"script":"<script> [1562 bytes]","args":[{"selector":{"controlType":"sap.m.Button","properties":{"text":"OK"},"searchOpenDialogs":true,"interaction":{"idSuffix":"BDI-content"}},"wdio_ui5_key":"sapm.Button{\"text\":\"OK\"}"}]}
RESULT: undefined
COMMAND: POST /session/b95feca9d6fe84e2832d9bd264215df5/element - {"using":"xpath","value":"//*[@id=\"__mbox-btn-0\"]"}
RESULT: {}
RESULT: {"using":"xpath","value":"//*[@id=\"__mbox-btn-0\"]"}
COMMAND: POST /session/b95feca9d6fe84e2832d9bd264215df5/element/f.91545E0F3748EE6609C5B89379E64318.d.1A37B8CBC0564AD1E5E6D49E30B920FD.e.12841/click - {}
RESULT: {}
COMMAND: GET /session/b95feca9d6fe84e2832d9bd264215df5/screenshot - {}
RESULT: {}
COMMAND: POST /session/b95feca9d6fe84e2832d9bd264215df5/element - {"using":"xpath","value":"//button[contains(@data-kt ,\"execHoIssueFooterButton\")]"}
RESULT: {"using":"xpath","value":"//button[contains(@data-kt ,\"execHoIssueFooterButton\")]"}
COMMAND: POST /session/b95feca9d6fe84e2832d9bd264215df5/element/f.91545E0F3748EE6609C5B89379E64318.d.1A37B8CBC0564AD1E5E6D49E30B920FD.e.12845/click - {}
RESULT: {}
COMMAND: GET /session/b95feca9d6fe84e2832d9bd264215df5/screenshot - {}
RESULT: {}
COMMAND: POST /session/b95feca9d6fe84e2832d9bd264215df5/refresh - {}
RESULT: {}
COMMAND: GET /session/b95feca9d6fe84e2832d9bd264215df5/screenshot - {}
RESULT: {}
COMMAND: POST /session/b95feca9d6fe84e2832d9bd264215df5/refresh - {}
RESULT: {}
COMMAND: GET /session/b95feca9d6fe84e2832d9bd264215df5/screenshot - {}
RESULT: {}
COMMAND: POST /session/b95feca9d6fe84e2832d9bd264215df5/window/fullscreen - {}
RESULT: {}
COMMAND: POST /session/b95feca9d6fe84e2832d9bd264215df5/execute/async - {"script":"<script> [189 bytes]","args":[]}
RESULT: {"script":"<script> [189 bytes]","args":[]}
COMMAND: POST /session/b95feca9d6fe84e2832d9bd264215df5/execute/async - {"script":"<script> [123 bytes]","args":[]}
RESULT: {"script":"<script> [123 bytes]","args":[]}
COMMAND: POST /session/b95feca9d6fe84e2832d9bd264215df5/timeouts - {"script":"<number>"}
RESULT: {"script":"<number>"}
COMMAND: GET /session/b95feca9d6fe84e2832d9bd264215df5/timeouts - {}
RESULT: {}
RESULT: undefined
COMMAND: POST /session/b95feca9d6fe84e2832d9bd264215df5/execute/async - {"script":"<script> [2676 bytes]","args":[]}
RESULT: {"script":"<script> [2676 bytes]","args":[]}
COMMAND: POST /session/b95feca9d6fe84e2832d9bd264215df5/execute/async - {"script":"<script> [2342 bytes]","args":[{"protocol":"http","hostname":"0.0.0.0","path":"/","capabilities":{"browserName":"chrome","goog:chromeOptions":{"binary":"C:\\Program Files\\Google\\Chrome\\Application\\chrome.exe","args":["--start-maximized"]}},"logLevel":"warn","connectionRetryTimeout":120000,"connectionRetryCount":3,"logLevels":{},"enableDirectConnect":true,"strictSSL":true,"_":"65 more keys: [\"cacheDir\",\"port\",\"requestedCapabilities\",\"automationProtocol\",\"baseUrl\",\"waitforInterval\",\"waitforTimeout\",\"onReload\",\"beforeCommand\",\"afterCommand\",\"rootDir\",\"specs\",\"suites\",\"exclude\",\"groupLogsByTestSpec\",\"excludeDriverLogs\",\"bail\",\"framework\",\"reporters\",\"services\",\"maxInstances\",\"maxInstancesPerCapability\",\"injectGlobals\",\"filesToWatch\",\"execArgv\",\"runnerEnv\",\"runner\",\"shard\",\"specFileRetries\",\"specFileRetriesDelay\",\"specFileRetriesDeferred\",\"reporterSyncInterval\",\"reporterSyncTimeout\",\"cucumberFeaturesWithLineNumbers\",\"autoCompileOpts\",\"mochaOpts\",\"jasmineOpts\",\"cucumberOpts\",\"onPrepare\",\"onWorkerStart\",\"onWorkerEnd\",\"before\",\"beforeSession\",\"beforeSuite\",\"beforeHook\",\"beforeTest\",\"afterTest\",\"afterHook\",\"afterSuite\",\"afterSession\",\"after\",\"onComplete\",\"beforeAssertion\",\"afterAssertion\",\"beforeFeature\",\"beforeScenario\",\"beforeStep\",\"afterStep\",\"afterScenario\",\"afterFeature\",\"_\",\"suite\",\"$0\",\"ignoredWorkerServices\",\"wdi5\"]"}]}
RESULT: {"script":"<script> [2342 bytes]","args":[{"protocol":"http","hostname":"0.0.0.0","path":"/","capabilities":{"browserName":"chrome","goog:chromeOptions":{"binary":"C:\\Program Files\\Google\\Chrome\\Application\\chrome.exe","args":["--start-maximized"]}},"logLevel":"warn","connectionRetryTimeout":120000,"connectionRetryCount":3,"logLevels":{},"enableDirectConnect":true,"strictSSL":true,"_":"65 more keys: [\"cacheDir\",\"port\",\"requestedCapabilities\",\"automationProtocol\",\"baseUrl\",\"waitforInterval\",\"waitforTimeout\",\"onReload\",\"beforeCommand\",\"afterCommand\",\"rootDir\",\"specs\",\"suites\",\"exclude\",\"groupLogsByTestSpec\",\"excludeDriverLogs\",\"bail\",\"framework\",\"reporters\",\"services\",\"maxInstances\",\"maxInstancesPerCapability\",\"injectGlobals\",\"filesToWatch\",\"execArgv\",\"runnerEnv\",\"runner\",\"shard\",\"specFileRetries\",\"specFileRetriesDelay\",\"specFileRetriesDeferred\",\"reporterSyncInterval\",\"reporterSyncTimeout\",\"cucumberFeaturesWithLineNumbers\",\"autoCompileOpts\",\"mochaOpts\",\"jasmineOpts\",\"cucumberOpts\",\"onPrepare\",\"onWorkerStart\",\"onWorkerEnd\",\"before\",\"beforeSession\",\"beforeSuite\",\"beforeHook\",\"beforeTest\",\"afterTest\",\"afterHook\",\"afterSuite\",\"afterSession\",\"after\",\"onComplete\",\"beforeAssertion\",\"afterAssertion\",\"beforeFeature\",\"beforeScenario\",\"beforeStep\",\"afterStep\",\"afterScenario\",\"afterFeature\",\"_\",\"suite\",\"$0\",\"ignoredWorkerServices\",\"wdi5\"]"}]}
COMMAND: POST /session/b95feca9d6fe84e2832d9bd264215df5/execute/async - {"script":"<script> [21126 bytes]","args":[35000]}
RESULT: {"script":"<script> [21126 bytes]","args":[35000]}
COMMAND: POST /session/b95feca9d6fe84e2832d9bd264215df5/execute/async - {"script":"<script> [1562 bytes]","args":[{"selector":{"controlType":"sap.m.SearchField","viewName":"etm.portal.ui.managehandovers.view.MasterHO","bindingPath":{"path":"","propertyPath":"/_BASIC_SEARCH_FIELD","modelName":"fi1t3rM0d31"},"interaction":{"idSuffix":"I"}},"wdio_ui5_key":"etmportal.ui.managehandovers.view.MasterHOsap.m.SearchField{\"path\":\"\",\"propertyPath\":\"/_BASIC_SEARCH_FIELD\",\"modelName\":\"fi1t3rM0d31\"}"}]}
RESULT: {"script":"<script> [1562 bytes]","args":[{"selector":{"controlType":"sap.m.SearchField","viewName":"etm.portal.ui.managehandovers.view.MasterHO","bindingPath":{"path":"","propertyPath":"/_BASIC_SEARCH_FIELD","modelName":"fi1t3rM0d31"},"interaction":{"idSuffix":"I"}},"wdio_ui5_key":"etmportal.ui.managehandovers.view.MasterHOsap.m.SearchField{\"path\":\"\",\"propertyPath\":\"/_BASIC_SEARCH_FIELD\",\"modelName\":\"fi1t3rM0d31\"}"}]}
RESULT: undefined
COMMAND: POST /session/b95feca9d6fe84e2832d9bd264215df5/execute/async - {"script":"<script> [776 bytes]","args":[{"enterText":"30317","selector":{"controlType":"sap.m.SearchField","viewName":"etm.portal.ui.managehandovers.view.MasterHO","bindingPath":{"path":"","propertyPath":"/_BASIC_SEARCH_FIELD","modelName":"fi1t3rM0d31"},"interaction":{"idSuffix":"I"}},"clearTextFirst":true,"interactionType":"ENTER_TEXT"}]}
RESULT: {"script":"<script> [776 bytes]","args":[{"enterText":"30317","selector":{"controlType":"sap.m.SearchField","viewName":"etm.portal.ui.managehandovers.view.MasterHO","bindingPath":{"path":"","propertyPath":"/_BASIC_SEARCH_FIELD","modelName":"fi1t3rM0d31"},"interaction":{"idSuffix":"I"}},"clearTextFirst":true,"interactionType":"ENTER_TEXT"}]}
COMMAND: POST /session/b95feca9d6fe84e2832d9bd264215df5/actions - {"actions":[{"id":"action30","type":"key","parameters":{},"actions":[{"type":"keyDown","value":"î€‡"},{"type":"pause","duration":10},{"type":"keyUp","value":"î€‡"}]}]}
RESULT: {"actions":[{"id":"action30","type":"key","parameters":{},"actions":[{"type":"keyDown","value":"î€‡"},{"type":"pause","duration":10},{"type":"keyUp","value":"î€‡"}]}]}
COMMAND: GET /session/b95feca9d6fe84e2832d9bd264215df5/screenshot - {}
RESULT: {}
COMMAND: POST /session/b95feca9d6fe84e2832d9bd264215df5/execute/async - {"script":"<script> [1562 bytes]","args":[{"selector":{"controlType":"sap.m.Title","viewName":"etm.portal.ui.managehandovers.view.MasterHO","properties":{"text":"Records (1)"}},"wdio_ui5_key":"etmportal.ui.managehandovers.view.MasterHOsap.m.Title{\"text\":\"Records (1)\"}"}]}
RESULT: {"script":"<script> [1562 bytes]","args":[{"selector":{"controlType":"sap.m.Title","viewName":"etm.portal.ui.managehandovers.view.MasterHO","properties":{"text":"Records (1)"}},"wdio_ui5_key":"etmportal.ui.managehandovers.view.MasterHOsap.m.Title{\"text\":\"Records (1)\"}"}]}
RESULT: undefined
COMMAND: POST /session/b95feca9d6fe84e2832d9bd264215df5/execute/async - {"script":"<script> [6424 bytes]","args":[{"element-6066-11e4-a52e-4f735466cecf":"f.91545E0F3748EE6609C5B89379E64318.d.02F423DA4F6E147018E3043DC7E16991.e.13030"},"getText",[]]}
RESULT: {"script":"<script> [6424 bytes]","args":[{"element-6066-11e4-a52e-4f735466cecf":"f.91545E0F3748EE6609C5B89379E64318.d.02F423DA4F6E147018E3043DC7E16991.e.13030"},"getText",[]]}
COMMAND: POST /session/b95feca9d6fe84e2832d9bd264215df5/execute/async - {"script":"<script> [1562 bytes]","args":[{"selector":{"controlType":"sap.ui.core.Icon","viewName":"etm.portal.ui.managehandovers.view.MasterHO","properties":{"src":{"regex":{"source":"slim\\-arrow\\-right"}}}},"wdio_ui5_key":"etmportal.ui.managehandovers.view.MasterHOsap.ui.core.Icon{\"src\":{\"regex\":{\"source\":\"slim\\\\-arrow\\\\-right\"}}}"}]}
RESULT: {"script":"<script> [1562 bytes]","args":[{"selector":{"controlType":"sap.ui.core.Icon","viewName":"etm.portal.ui.managehandovers.view.MasterHO","properties":{"src":{"regex":{"source":"slim\\-arrow\\-right"}}}},"wdio_ui5_key":"etmportal.ui.managehandovers.view.MasterHOsap.ui.core.Icon{\"src\":{\"regex\":{\"source\":\"slim\\\\-arrow\\\\-right\"}}}"}]}
RESULT: undefined
COMMAND: POST /session/b95feca9d6fe84e2832d9bd264215df5/element - {"using":"xpath","value":"//*[@id=\"__item18-__clone16-imgNav\"]"}
RESULT: {"using":"xpath","value":"//*[@id=\"__item18-__clone16-imgNav\"]"}
COMMAND: POST /session/b95feca9d6fe84e2832d9bd264215df5/element/f.91545E0F3748EE6609C5B89379E64318.d.02F423DA4F6E147018E3043DC7E16991.e.13028/click - {}
RESULT: {}
COMMAND: GET /session/b95feca9d6fe84e2832d9bd264215df5/screenshot - {}
RESULT: {}
COMMAND: POST /session/b95feca9d6fe84e2832d9bd264215df5/execute/async - {"script":"<script> [1562 bytes]","args":[{"selector":{"controlType":"sap.m.ObjectStatus","viewName":"etm.portal.ui.managehandovers.view.DetailManageHO","viewId":"application-managehandovers-display-component---detailManageHO","labelFor":{"text":"Status"}},"wdio_ui5_key":"etmportal.ui.managehandovers.view.DetailManageHOsap.m.ObjectStatus{\"text\":\"Status\"}"}]}
RESULT: {"script":"<script> [1562 bytes]","args":[{"selector":{"controlType":"sap.m.ObjectStatus","viewName":"etm.portal.ui.managehandovers.view.DetailManageHO","viewId":"application-managehandovers-display-component---detailManageHO","labelFor":{"text":"Status"}},"wdio_ui5_key":"etmportal.ui.managehandovers.view.DetailManageHOsap.m.ObjectStatus{\"text\":\"Status\"}"}]}
RESULT: undefined
COMMAND: POST /session/b95feca9d6fe84e2832d9bd264215df5/execute/async - {"script":"<script> [6424 bytes]","args":[{"element-6066-11e4-a52e-4f735466cecf":"f.91545E0F3748EE6609C5B89379E64318.d.02F423DA4F6E147018E3043DC7E16991.e.13118"},"getText",[]]}
RESULT: {"script":"<script> [6424 bytes]","args":[{"element-6066-11e4-a52e-4f735466cecf":"f.91545E0F3748EE6609C5B89379E64318.d.02F423DA4F6E147018E3043DC7E16991.e.13118"},"getText",[]]}
COMMAND: POST /session/b95feca9d6fe84e2832d9bd264215df5/element - {"using":"xpath","value":"//a[contains(@data-kt ,\"GeneralSectionSendContractLink\")]"}
RESULT: {"using":"xpath","value":"//a[contains(@data-kt ,\"GeneralSectionSendContractLink\")]"}
COMMAND: POST /session/b95feca9d6fe84e2832d9bd264215df5/element/f.91545E0F3748EE6609C5B89379E64318.d.02F423DA4F6E147018E3043DC7E16991.e.13120/click - {}
RESULT: {}
COMMAND: GET /session/b95feca9d6fe84e2832d9bd264215df5/screenshot - {}
RESULT: {}
COMMAND: POST /session/b95feca9d6fe84e2832d9bd264215df5/elements - {"using":"xpath","value":"//a[contains(@data-kt ,\"ContextMenuId2Link\")]"}
RESULT: {"using":"xpath","value":"//a[contains(@data-kt ,\"ContextMenuId2Link\")]"}
COMMAND: POST /session/b95feca9d6fe84e2832d9bd264215df5/element/f.91545E0F3748EE6609C5B89379E64318.d.1A37B8CBC0564AD1E5E6D49E30B920FD.e.12298/click - {}
COMMAND: POST /session/b95feca9d6fe84e2832d9bd264215df5/element - {"using":"xpath","value":"//a[contains(@data-kt ,\"ContextMenuId2Link\")]"}
RESULT: {"using":"xpath","value":"//a[contains(@data-kt ,\"ContextMenuId2Link\")]"}
COMMAND: POST /session/b95feca9d6fe84e2832d9bd264215df5/element/f.91545E0F3748EE6609C5B89379E64318.d.1A37B8CBC0564AD1E5E6D49E30B920FD.e.12298/click - {}
COMMAND: POST /session/b95feca9d6fe84e2832d9bd264215df5/element - {"using":"xpath","value":"//a[contains(@data-kt ,\"ContextMenuId2Link\")]"}
RESULT: {"using":"xpath","value":"//a[contains(@data-kt ,\"ContextMenuId2Link\")]"}
COMMAND: POST /session/b95feca9d6fe84e2832d9bd264215df5/element/f.91545E0F3748EE6609C5B89379E64318.d.02F423DA4F6E147018E3043DC7E16991.e.13123/click - {}
RESULT: {}
COMMAND: GET /session/b95feca9d6fe84e2832d9bd264215df5/screenshot - {}
RESULT: {}
COMMAND: POST /session/b95feca9d6fe84e2832d9bd264215df5/execute/async - {"script":"<script> [1562 bytes]","args":[{"selector":{"controlType":"sap.m.ObjectStatus","viewName":"etm.portal.ui.managecontracts.view.Detail","bindingPath":{"propertyPath":"LINK_TO_COMMERCIAL_STATUS/DESCRIPTION","modelName":"catalogModel"}},"wdio_ui5_key":"etmportal.ui.managecontracts.view.Detailsap.m.ObjectStatus{\"propertyPath\":\"LINK_TO_COMMERCIAL_STATUS/DESCRIPTION\",\"modelName\":\"catalogModel\"}"}]}
RESULT: {"script":"<script> [1562 bytes]","args":[{"selector":{"controlType":"sap.m.ObjectStatus","viewName":"etm.portal.ui.managecontracts.view.Detail","bindingPath":{"propertyPath":"LINK_TO_COMMERCIAL_STATUS/DESCRIPTION","modelName":"catalogModel"}},"wdio_ui5_key":"etmportal.ui.managecontracts.view.Detailsap.m.ObjectStatus{\"propertyPath\":\"LINK_TO_COMMERCIAL_STATUS/DESCRIPTION\",\"modelName\":\"catalogModel\"}"}]}
RESULT: undefined
COMMAND: POST /session/b95feca9d6fe84e2832d9bd264215df5/execute/async - {"script":"<script> [6424 bytes]","args":[{"element-6066-11e4-a52e-4f735466cecf":"f.91545E0F3748EE6609C5B89379E64318.d.02F423DA4F6E147018E3043DC7E16991.e.13363"},"getText",[]]}
RESULT: {"script":"<script> [6424 bytes]","args":[{"element-6066-11e4-a52e-4f735466cecf":"f.91545E0F3748EE6609C5B89379E64318.d.02F423DA4F6E147018E3043DC7E16991.e.13363"},"getText",[]]}
COMMAND: POST /session/b95feca9d6fe84e2832d9bd264215df5/execute/async - {"script":"<script> [1562 bytes]","args":[{"selector":{"controlType":"sap.m.ObjectStatus","viewName":"etm.portal.ui.managecontracts.view.Detail","bindingPath":{"propertyPath":"LINK_TO_LOGISTICAL_STATUS/DESCRIPTION","modelName":"catalogModel"}},"wdio_ui5_key":"etmportal.ui.managecontracts.view.Detailsap.m.ObjectStatus{\"propertyPath\":\"LINK_TO_LOGISTICAL_STATUS/DESCRIPTION\",\"modelName\":\"catalogModel\"}"}]}
RESULT: {"script":"<script> [1562 bytes]","args":[{"selector":{"controlType":"sap.m.ObjectStatus","viewName":"etm.portal.ui.managecontracts.view.Detail","bindingPath":{"propertyPath":"LINK_TO_LOGISTICAL_STATUS/DESCRIPTION","modelName":"catalogModel"}},"wdio_ui5_key":"etmportal.ui.managecontracts.view.Detailsap.m.ObjectStatus{\"propertyPath\":\"LINK_TO_LOGISTICAL_STATUS/DESCRIPTION\",\"modelName\":\"catalogModel\"}"}]}
RESULT: undefined
COMMAND: POST /session/b95feca9d6fe84e2832d9bd264215df5/execute/async - {"script":"<script> [6424 bytes]","args":[{"element-6066-11e4-a52e-4f735466cecf":"f.91545E0F3748EE6609C5B89379E64318.d.02F423DA4F6E147018E3043DC7E16991.e.13364"},"getText",[]]}
RESULT: {"script":"<script> [6424 bytes]","args":[{"element-6066-11e4-a52e-4f735466cecf":"f.91545E0F3748EE6609C5B89379E64318.d.02F423DA4F6E147018E3043DC7E16991.e.13364"},"getText",[]]}
COMMAND: POST /session/b95feca9d6fe84e2832d9bd264215df5/element - {"using":"xpath","value":"//button[@data-kt=\"contractDetailEditBtnButton\"]"}
RESULT: {"using":"xpath","value":"//button[@data-kt=\"contractDetailEditBtnButton\"]"}
COMMAND: POST /session/b95feca9d6fe84e2832d9bd264215df5/element/f.91545E0F3748EE6609C5B89379E64318.d.02F423DA4F6E147018E3043DC7E16991.e.13186/click - {}
RESULT: {}
COMMAND: GET /session/b95feca9d6fe84e2832d9bd264215df5/screenshot - {}
RESULT: {}
COMMAND: POST /session/b95feca9d6fe84e2832d9bd264215df5/element - {"using":"xpath","value":"(//span[contains(text(), \"Additional Addresses\")])[2]"}
RESULT: {"using":"xpath","value":"(//span[contains(text(), \"Additional Addresses\")])[2]"}
COMMAND: POST /session/b95feca9d6fe84e2832d9bd264215df5/element/f.91545E0F3748EE6609C5B89379E64318.d.02F423DA4F6E147018E3043DC7E16991.e.13426/click - {}
RESULT: {}
COMMAND: GET /session/b95feca9d6fe84e2832d9bd264215df5/screenshot - {}
RESULT: {}
COMMAND: POST /session/b95feca9d6fe84e2832d9bd264215df5/element - {"using":"xpath","value":"//button[@data-kt=\"btnAddTableRowOverflowToolbarButton\"]"}
RESULT: {"using":"xpath","value":"//button[@data-kt=\"btnAddTableRowOverflowToolbarButton\"]"}
COMMAND: POST /session/b95feca9d6fe84e2832d9bd264215df5/element/f.91545E0F3748EE6609C5B89379E64318.d.02F423DA4F6E147018E3043DC7E16991.e.13428/click - {}
RESULT: {}
COMMAND: GET /session/b95feca9d6fe84e2832d9bd264215df5/screenshot - {}
RESULT: {}
COMMAND: POST /session/b95feca9d6fe84e2832d9bd264215df5/element - {"using":"xpath","value":"//div[(text() = 'Standard Entry' or . = 'Standard Entry')]"}
RESULT: {"using":"xpath","value":"//div[(text() = 'Standard Entry' or . = 'Standard Entry')]"}
COMMAND: POST /session/b95feca9d6fe84e2832d9bd264215df5/element/f.91545E0F3748EE6609C5B89379E64318.d.02F423DA4F6E147018E3043DC7E16991.e.13430/click - {}
RESULT: {}
COMMAND: POST /session/b95feca9d6fe84e2832d9bd264215df5/execute/async - {"script":"<script> [1562 bytes]","args":[{"selector":{"controlType":"sap.ui.core.Icon","viewName":"etm.portal.ui.managecontracts.view.EditContract","properties":{"src":{"regex":{"source":"slim\\-arrow\\-down"}}},"ancestor":{"controlType":"sap.m.ComboBox","viewName":"etm.portal.ui.managecontracts.view.EditContract","bindingPath":{"propertyPath":"RU_TYPE","modelName":"catalogModel"}}},"wdio_ui5_key":"etmportal.ui.managecontracts.view.EditContractsap.ui.core.Icon{\"src\":{\"regex\":{\"source\":\"slim\\\\-arrow\\\\-down\"}}}{\"controlType\":\"sap.m.ComboBox\",\"viewName\":\"etm.portal.ui.managecontracts.view.EditContract\",\"bindingPath\":{\"propertyPath\":\"RU_TYPE\",\"modelName\":\"catalogModel\"}}"}]}
COMMAND: GET /session/b95feca9d6fe84e2832d9bd264215df5/screenshot - {}
RESULT: {"script":"<script> [1562 bytes]","args":[{"selector":{"controlType":"sap.ui.core.Icon","viewName":"etm.portal.ui.managecontracts.view.EditContract","properties":{"src":{"regex":{"source":"slim\\-arrow\\-down"}}},"ancestor":{"controlType":"sap.m.ComboBox","viewName":"etm.portal.ui.managecontracts.view.EditContract","bindingPath":{"propertyPath":"RU_TYPE","modelName":"catalogModel"}}},"wdio_ui5_key":"etmportal.ui.managecontracts.view.EditContractsap.ui.core.Icon{\"src\":{\"regex\":{\"source\":\"slim\\\\-arrow\\\\-down\"}}}{\"controlType\":\"sap.m.ComboBox\",\"viewName\":\"etm.portal.ui.managecontracts.view.EditContract\",\"bindingPath\":{\"propertyPath\":\"RU_TYPE\",\"modelName\":\"catalogModel\"}}"}]}
RESULT: undefined
COMMAND: POST /session/b95feca9d6fe84e2832d9bd264215df5/element - {"using":"xpath","value":"//*[@id=\"__box20-arrow\"]"}
RESULT: {}
RESULT: {"using":"xpath","value":"//*[@id=\"__box20-arrow\"]"}
COMMAND: POST /session/b95feca9d6fe84e2832d9bd264215df5/element/f.91545E0F3748EE6609C5B89379E64318.d.02F423DA4F6E147018E3043DC7E16991.e.13445/click - {}
RESULT: {}
COMMAND: POST /session/b95feca9d6fe84e2832d9bd264215df5/execute/async - {"script":"<script> [1562 bytes]","args":[{"selector":{"controlType":"sap.m.StandardListItem","viewName":"etm.portal.ui.managecontracts.view.EditContract","properties":{"title":"Material"},"searchOpenDialogs":true,"interaction":{"idSuffix":"content"}},"wdio_ui5_key":"etmportal.ui.managecontracts.view.EditContractsap.m.StandardListItem{\"title\":\"Material\"}"}]}
COMMAND: GET /session/b95feca9d6fe84e2832d9bd264215df5/screenshot - {}
RESULT: {"script":"<script> [1562 bytes]","args":[{"selector":{"controlType":"sap.m.StandardListItem","viewName":"etm.portal.ui.managecontracts.view.EditContract","properties":{"title":"Material"},"searchOpenDialogs":true,"interaction":{"idSuffix":"content"}},"wdio_ui5_key":"etmportal.ui.managecontracts.view.EditContractsap.m.StandardListItem{\"title\":\"Material\"}"}]}
RESULT: undefined
COMMAND: POST /session/b95feca9d6fe84e2832d9bd264215df5/element - {"using":"xpath","value":"//*[@id=\"__item96\"]"}
RESULT: {}
RESULT: {"using":"xpath","value":"//*[@id=\"__item96\"]"}
COMMAND: POST /session/b95feca9d6fe84e2832d9bd264215df5/element/f.91545E0F3748EE6609C5B89379E64318.d.02F423DA4F6E147018E3043DC7E16991.e.13448/click - {}
RESULT: {}
COMMAND: POST /session/b95feca9d6fe84e2832d9bd264215df5/element - {"using":"xpath","value":"//td[7]/div/div/input"}
COMMAND: GET /session/b95feca9d6fe84e2832d9bd264215df5/screenshot - {}
RESULT: {"using":"xpath","value":"//td[7]/div/div/input"}
COMMAND: POST /session/b95feca9d6fe84e2832d9bd264215df5/element/f.91545E0F3748EE6609C5B89379E64318.d.02F423DA4F6E147018E3043DC7E16991.e.13451/clear - {}
RESULT: {}
RESULT: {}
COMMAND: POST /session/b95feca9d6fe84e2832d9bd264215df5/element/f.91545E0F3748EE6609C5B89379E64318.d.02F423DA4F6E147018E3043DC7E16991.e.13451/value - {"text":"WebdriverRUR2Cfc03i"}
COMMAND: GET /session/b95feca9d6fe84e2832d9bd264215df5/screenshot - {}
RESULT: {"text":"WebdriverRUR2Cfc03i"}
COMMAND: GET /session/b95feca9d6fe84e2832d9bd264215df5/screenshot - {}
RESULT: {}
RESULT: {}
COMMAND: POST /session/b95feca9d6fe84e2832d9bd264215df5/actions - {"actions":[{"id":"action31","type":"key","parameters":{},"actions":[{"type":"keyDown","value":"î€‡"},{"type":"pause","duration":10},{"type":"keyUp","value":"î€‡"}]}]}
RESULT: {"actions":[{"id":"action31","type":"key","parameters":{},"actions":[{"type":"keyDown","value":"î€‡"},{"type":"pause","duration":10},{"type":"keyUp","value":"î€‡"}]}]}
COMMAND: GET /session/b95feca9d6fe84e2832d9bd264215df5/screenshot - {}
RESULT: {}
COMMAND: POST /session/b95feca9d6fe84e2832d9bd264215df5/element - {"using":"xpath","value":"//button[@data-kt=\"saveButton\"]"}
RESULT: {"using":"xpath","value":"//button[@data-kt=\"saveButton\"]"}
COMMAND: POST /session/b95feca9d6fe84e2832d9bd264215df5/element/f.91545E0F3748EE6609C5B89379E64318.d.02F423DA4F6E147018E3043DC7E16991.e.13474/click - {}
RESULT: {}
COMMAND: GET /session/b95feca9d6fe84e2832d9bd264215df5/screenshot - {}
RESULT: {}
RESULT: undefined
COMMAND: POST /session/b95feca9d6fe84e2832d9bd264215df5/execute/async - {"script":"<script> [6424 bytes]","args":[{"element-6066-11e4-a52e-4f735466cecf":"f.91545E0F3748EE6609C5B89379E64318.d.02F423DA4F6E147018E3043DC7E16991.e.13364"},"getText",[]]}
RESULT: {"script":"<script> [6424 bytes]","args":[{"element-6066-11e4-a52e-4f735466cecf":"f.91545E0F3748EE6609C5B89379E64318.d.02F423DA4F6E147018E3043DC7E16991.e.13364"},"getText",[]]}
COMMAND: DELETE /session/b95feca9d6fe84e2832d9bd264215df5 - {}
RESULT: {}
]]></system-out>
    </testcase>
  </testsuite>
</testsuites>