<?xml version="1.0" encoding="UTF-8"?>
<testsuites tests="2" failures="0" errors="0" skipped="0">
  <testsuite timestamp="2025-05-15T15:25:46" time="20.239" tests="2" failures="0" errors="0" skipped="0">
    <properties>
      <property name="specId" value="0" />
      <property name="suiteName" value="Check QaLive System is up, or stop pipeline" />
      <property name="capabilities" value="chrome.136_0_7103_93.windows" />
      <property name="file" value="file:///D:/a/1/s/test/specs/TECH/check-QaLive-up.spec.js" />
    </properties>
    <testcase classname="chrome.136_0_7103_93.windows.Check_QaLive_System_is_up,_or_stop_pipeline" name="should check for errors on the home page and stop pipeline if found" time="0.052">
      <system-out><![CDATA[
COMMAND: GET /session/40f2a895018e60cba52aefb8b4726393/source - {}
RESULT: {}
]]></system-out>
    </testcase>
    <testcase classname="chrome.136_0_7103_93.windows.Check_QaLive_System_is_up,_or_stop_pipeline" name="should check if the number in the specified element is greater than 0" time="0.048">
      <system-out><![CDATA[
COMMAND: POST /session/40f2a895018e60cba52aefb8b4726393/element - {"using":"css selector","value":"div.sapSuiteStackedMCBarLabel"}
RESULT: {"using":"css selector","value":"div.sapSuiteStackedMCBarLabel"}
COMMAND: GET /session/40f2a895018e60cba52aefb8b4726393/element/f.0D09C1EA82CC47049D7014396539C529.d.B30909858229CD53CAD41BD835BC4C8F.e.112/text - {}
RESULT: {}
COMMAND: DELETE /session/40f2a895018e60cba52aefb8b4726393 - {}
RESULT: {}
]]></system-out>
    </testcase>
  </testsuite>
</testsuites>