<?xml version="1.0" encoding="UTF-8"?>
<testsuites tests="11" failures="0" errors="0" skipped="0">
  <testsuite timestamp="2025-04-21T17:27:33" time="1261.764" tests="11" failures="0" errors="0" skipped="0">
    <properties>
      <property name="specId" value="0"/>
      <property name="suiteName" value="Partner specific tests US150819 US151080 US151654 US151176 US103444 US151078 US151079 US151109 US151174 US151175 US151189"/>
      <property name="capabilities" value="chrome.135_0_7049_42.windows"/>
      <property name="file" value="file:///D:/a/1/s/test/specs/BTS/manage-partners.spec.js"/>
    </properties>
    <testcase classname="chrome.135_0_7049_42.windows.Partner_specific_tests_US150819_US151080_US151654_US151176_US103444_US151078_US151079_US151109_US151174_US151175_US151189" name="Should create a new yard prerequisite" time="110.05">
      <system-out><![CDATA[
COMMAND: POST /session/e92654ce08529da6aa8a1ad9d55850b5/window/fullscreen - {}
RESULT: {}
COMMAND: POST /session/e92654ce08529da6aa8a1ad9d55850b5/element - {"using":"xpath","value":"//li[.//span[text()=\"Manage Partners\"]]"}
RESULT: {"using":"xpath","value":"//li[.//span[text()=\"Manage Partners\"]]"}
COMMAND: POST /session/e92654ce08529da6aa8a1ad9d55850b5/element - {"using":"xpath","value":"//li[.//span[text()=\"Manage Partners\"]]"}
RESULT: {"using":"xpath","value":"//li[.//span[text()=\"Manage Partners\"]]"}
COMMAND: POST /session/e92654ce08529da6aa8a1ad9d55850b5/element - {"using":"css selector","value":"#shell-header-logo"}
RESULT: {"using":"css selector","value":"#shell-header-logo"}
COMMAND: POST /session/e92654ce08529da6aa8a1ad9d55850b5/element/f.2D1B8265A78BA1487979886821B0C8C8.d.60F5512EA67EA882C536AB6A097C926D.e.251/click - {}
COMMAND: POST /session/e92654ce08529da6aa8a1ad9d55850b5/execute/sync - {"script":"<script> [8489 bytes]","args":[{"element-6066-11e4-a52e-4f735466cecf":"f.2D1B8265A78BA1487979886821B0C8C8.d.60F5512EA67EA882C536AB6A097C926D.e.251","ELEMENT":"f.2D1B8265A78BA1487979886821B0C8C8.d.60F5512EA67EA882C536AB6A097C926D.e.251"}]}
RESULT: {"script":"<script> [8489 bytes]","args":[{"element-6066-11e4-a52e-4f735466cecf":"f.2D1B8265A78BA1487979886821B0C8C8.d.60F5512EA67EA882C536AB6A097C926D.e.251","ELEMENT":"f.2D1B8265A78BA1487979886821B0C8C8.d.60F5512EA67EA882C536AB6A097C926D.e.251"}]}
COMMAND: POST /session/e92654ce08529da6aa8a1ad9d55850b5/execute/sync - {"script":"<script> [5351 bytes]","args":[{"element-6066-11e4-a52e-4f735466cecf":"f.2D1B8265A78BA1487979886821B0C8C8.d.60F5512EA67EA882C536AB6A097C926D.e.251","ELEMENT":"f.2D1B8265A78BA1487979886821B0C8C8.d.60F5512EA67EA882C536AB6A097C926D.e.251"}]}
COMMAND: GET /session/e92654ce08529da6aa8a1ad9d55850b5/screenshot - {}
RESULT: {}
COMMAND: GET /session/e92654ce08529da6aa8a1ad9d55850b5/screenshot - {}
RESULT: {"script":"<script> [5351 bytes]","args":[{"element-6066-11e4-a52e-4f735466cecf":"f.2D1B8265A78BA1487979886821B0C8C8.d.60F5512EA67EA882C536AB6A097C926D.e.251","ELEMENT":"f.2D1B8265A78BA1487979886821B0C8C8.d.60F5512EA67EA882C536AB6A097C926D.e.251"}]}
COMMAND: GET /session/e92654ce08529da6aa8a1ad9d55850b5/screenshot - {}
RESULT: {}
RESULT: {}
RESULT: {}
COMMAND: POST /session/e92654ce08529da6aa8a1ad9d55850b5/execute/async - {"script":"<script> [1562 bytes]","args":[{"selector":{"controlType":"sap.m.GenericTile","properties":{"header":"Manage Yards"}},"wdio_ui5_key":"sapm.GenericTile{\"header\":\"Manage Yards\"}"}]}
RESULT: {"script":"<script> [1562 bytes]","args":[{"selector":{"controlType":"sap.m.GenericTile","properties":{"header":"Manage Yards"}},"wdio_ui5_key":"sapm.GenericTile{\"header\":\"Manage Yards\"}"}]}
RESULT: undefined
COMMAND: POST /session/e92654ce08529da6aa8a1ad9d55850b5/element - {"using":"xpath","value":"//*[@id=\"__tile41\"]"}
RESULT: {"using":"xpath","value":"//*[@id=\"__tile41\"]"}
COMMAND: POST /session/e92654ce08529da6aa8a1ad9d55850b5/element/f.2D1B8265A78BA1487979886821B0C8C8.d.60F5512EA67EA882C536AB6A097C926D.e.156/click - {}
RESULT: {}
COMMAND: POST /session/e92654ce08529da6aa8a1ad9d55850b5/element - {"using":"xpath","value":"//button[@data-kt=\"addNewYardOverflowToolbarButton\"]"}
COMMAND: GET /session/e92654ce08529da6aa8a1ad9d55850b5/screenshot - {}
RESULT: {"using":"xpath","value":"//button[@data-kt=\"addNewYardOverflowToolbarButton\"]"}
COMMAND: POST /session/e92654ce08529da6aa8a1ad9d55850b5/elements - {"using":"xpath","value":"//button[@data-kt=\"addNewYardOverflowToolbarButton\"]"}
RESULT: {}
RESULT: {"using":"xpath","value":"//button[@data-kt=\"addNewYardOverflowToolbarButton\"]"}
COMMAND: POST /session/e92654ce08529da6aa8a1ad9d55850b5/elements - {"using":"xpath","value":"//button[@data-kt=\"addNewYardOverflowToolbarButton\"]"}
RESULT: {"using":"xpath","value":"//button[@data-kt=\"addNewYardOverflowToolbarButton\"]"}
COMMAND: POST /session/e92654ce08529da6aa8a1ad9d55850b5/elements - {"using":"xpath","value":"//button[@data-kt=\"addNewYardOverflowToolbarButton\"]"}
RESULT: {"using":"xpath","value":"//button[@data-kt=\"addNewYardOverflowToolbarButton\"]"}
COMMAND: POST /session/e92654ce08529da6aa8a1ad9d55850b5/elements - {"using":"xpath","value":"//button[@data-kt=\"addNewYardOverflowToolbarButton\"]"}
RESULT: {"using":"xpath","value":"//button[@data-kt=\"addNewYardOverflowToolbarButton\"]"}
COMMAND: POST /session/e92654ce08529da6aa8a1ad9d55850b5/elements - {"using":"xpath","value":"//button[@data-kt=\"addNewYardOverflowToolbarButton\"]"}
RESULT: {"using":"xpath","value":"//button[@data-kt=\"addNewYardOverflowToolbarButton\"]"}
COMMAND: POST /session/e92654ce08529da6aa8a1ad9d55850b5/elements - {"using":"xpath","value":"//button[@data-kt=\"addNewYardOverflowToolbarButton\"]"}
RESULT: {"using":"xpath","value":"//button[@data-kt=\"addNewYardOverflowToolbarButton\"]"}
COMMAND: POST /session/e92654ce08529da6aa8a1ad9d55850b5/elements - {"using":"xpath","value":"//button[@data-kt=\"addNewYardOverflowToolbarButton\"]"}
RESULT: {"using":"xpath","value":"//button[@data-kt=\"addNewYardOverflowToolbarButton\"]"}
COMMAND: POST /session/e92654ce08529da6aa8a1ad9d55850b5/elements - {"using":"xpath","value":"//button[@data-kt=\"addNewYardOverflowToolbarButton\"]"}
RESULT: {"using":"xpath","value":"//button[@data-kt=\"addNewYardOverflowToolbarButton\"]"}
COMMAND: POST /session/e92654ce08529da6aa8a1ad9d55850b5/elements - {"using":"xpath","value":"//button[@data-kt=\"addNewYardOverflowToolbarButton\"]"}
RESULT: {"using":"xpath","value":"//button[@data-kt=\"addNewYardOverflowToolbarButton\"]"}
COMMAND: POST /session/e92654ce08529da6aa8a1ad9d55850b5/elements - {"using":"xpath","value":"//button[@data-kt=\"addNewYardOverflowToolbarButton\"]"}
RESULT: {"using":"xpath","value":"//button[@data-kt=\"addNewYardOverflowToolbarButton\"]"}
COMMAND: POST /session/e92654ce08529da6aa8a1ad9d55850b5/elements - {"using":"xpath","value":"//button[@data-kt=\"addNewYardOverflowToolbarButton\"]"}
RESULT: {"using":"xpath","value":"//button[@data-kt=\"addNewYardOverflowToolbarButton\"]"}
COMMAND: POST /session/e92654ce08529da6aa8a1ad9d55850b5/elements - {"using":"xpath","value":"//button[@data-kt=\"addNewYardOverflowToolbarButton\"]"}
RESULT: {"using":"xpath","value":"//button[@data-kt=\"addNewYardOverflowToolbarButton\"]"}
COMMAND: POST /session/e92654ce08529da6aa8a1ad9d55850b5/elements - {"using":"xpath","value":"//button[@data-kt=\"addNewYardOverflowToolbarButton\"]"}
RESULT: {"using":"xpath","value":"//button[@data-kt=\"addNewYardOverflowToolbarButton\"]"}
COMMAND: POST /session/e92654ce08529da6aa8a1ad9d55850b5/elements - {"using":"xpath","value":"//button[@data-kt=\"addNewYardOverflowToolbarButton\"]"}
RESULT: {"using":"xpath","value":"//button[@data-kt=\"addNewYardOverflowToolbarButton\"]"}
COMMAND: POST /session/e92654ce08529da6aa8a1ad9d55850b5/elements - {"using":"xpath","value":"//button[@data-kt=\"addNewYardOverflowToolbarButton\"]"}
RESULT: {"using":"xpath","value":"//button[@data-kt=\"addNewYardOverflowToolbarButton\"]"}
COMMAND: POST /session/e92654ce08529da6aa8a1ad9d55850b5/elements - {"using":"xpath","value":"//button[@data-kt=\"addNewYardOverflowToolbarButton\"]"}
RESULT: {"using":"xpath","value":"//button[@data-kt=\"addNewYardOverflowToolbarButton\"]"}
COMMAND: POST /session/e92654ce08529da6aa8a1ad9d55850b5/elements - {"using":"xpath","value":"//button[@data-kt=\"addNewYardOverflowToolbarButton\"]"}
RESULT: {"using":"xpath","value":"//button[@data-kt=\"addNewYardOverflowToolbarButton\"]"}
COMMAND: POST /session/e92654ce08529da6aa8a1ad9d55850b5/elements - {"using":"xpath","value":"//button[@data-kt=\"addNewYardOverflowToolbarButton\"]"}
RESULT: {"using":"xpath","value":"//button[@data-kt=\"addNewYardOverflowToolbarButton\"]"}
COMMAND: POST /session/e92654ce08529da6aa8a1ad9d55850b5/elements - {"using":"xpath","value":"//button[@data-kt=\"addNewYardOverflowToolbarButton\"]"}
RESULT: {"using":"xpath","value":"//button[@data-kt=\"addNewYardOverflowToolbarButton\"]"}
COMMAND: POST /session/e92654ce08529da6aa8a1ad9d55850b5/elements - {"using":"xpath","value":"//button[@data-kt=\"addNewYardOverflowToolbarButton\"]"}
RESULT: {"using":"xpath","value":"//button[@data-kt=\"addNewYardOverflowToolbarButton\"]"}
COMMAND: POST /session/e92654ce08529da6aa8a1ad9d55850b5/elements - {"using":"xpath","value":"//button[@data-kt=\"addNewYardOverflowToolbarButton\"]"}
RESULT: {"using":"xpath","value":"//button[@data-kt=\"addNewYardOverflowToolbarButton\"]"}
COMMAND: POST /session/e92654ce08529da6aa8a1ad9d55850b5/elements - {"using":"xpath","value":"//button[@data-kt=\"addNewYardOverflowToolbarButton\"]"}
RESULT: {"using":"xpath","value":"//button[@data-kt=\"addNewYardOverflowToolbarButton\"]"}
COMMAND: POST /session/e92654ce08529da6aa8a1ad9d55850b5/elements - {"using":"xpath","value":"//button[@data-kt=\"addNewYardOverflowToolbarButton\"]"}
RESULT: {"using":"xpath","value":"//button[@data-kt=\"addNewYardOverflowToolbarButton\"]"}
COMMAND: POST /session/e92654ce08529da6aa8a1ad9d55850b5/elements - {"using":"xpath","value":"//button[@data-kt=\"addNewYardOverflowToolbarButton\"]"}
RESULT: {"using":"xpath","value":"//button[@data-kt=\"addNewYardOverflowToolbarButton\"]"}
COMMAND: POST /session/e92654ce08529da6aa8a1ad9d55850b5/elements - {"using":"xpath","value":"//button[@data-kt=\"addNewYardOverflowToolbarButton\"]"}
RESULT: {"using":"xpath","value":"//button[@data-kt=\"addNewYardOverflowToolbarButton\"]"}
COMMAND: POST /session/e92654ce08529da6aa8a1ad9d55850b5/elements - {"using":"xpath","value":"//button[@data-kt=\"addNewYardOverflowToolbarButton\"]"}
RESULT: {"using":"xpath","value":"//button[@data-kt=\"addNewYardOverflowToolbarButton\"]"}
COMMAND: POST /session/e92654ce08529da6aa8a1ad9d55850b5/elements - {"using":"xpath","value":"//button[@data-kt=\"addNewYardOverflowToolbarButton\"]"}
RESULT: {"using":"xpath","value":"//button[@data-kt=\"addNewYardOverflowToolbarButton\"]"}
COMMAND: POST /session/e92654ce08529da6aa8a1ad9d55850b5/elements - {"using":"xpath","value":"//button[@data-kt=\"addNewYardOverflowToolbarButton\"]"}
RESULT: {"using":"xpath","value":"//button[@data-kt=\"addNewYardOverflowToolbarButton\"]"}
COMMAND: POST /session/e92654ce08529da6aa8a1ad9d55850b5/elements - {"using":"xpath","value":"//button[@data-kt=\"addNewYardOverflowToolbarButton\"]"}
RESULT: {"using":"xpath","value":"//button[@data-kt=\"addNewYardOverflowToolbarButton\"]"}
COMMAND: POST /session/e92654ce08529da6aa8a1ad9d55850b5/elements - {"using":"xpath","value":"//button[@data-kt=\"addNewYardOverflowToolbarButton\"]"}
RESULT: {"using":"xpath","value":"//button[@data-kt=\"addNewYardOverflowToolbarButton\"]"}
COMMAND: POST /session/e92654ce08529da6aa8a1ad9d55850b5/element - {"using":"xpath","value":"//button[@data-kt=\"addNewYardOverflowToolbarButton\"]"}
RESULT: {"using":"xpath","value":"//button[@data-kt=\"addNewYardOverflowToolbarButton\"]"}
COMMAND: POST /session/e92654ce08529da6aa8a1ad9d55850b5/execute/sync - {"script":"<script> [8489 bytes]","args":[{"element-6066-11e4-a52e-4f735466cecf":"f.2D1B8265A78BA1487979886821B0C8C8.d.60F5512EA67EA882C536AB6A097C926D.e.284","ELEMENT":"f.2D1B8265A78BA1487979886821B0C8C8.d.60F5512EA67EA882C536AB6A097C926D.e.284"}]}
RESULT: {"script":"<script> [8489 bytes]","args":[{"element-6066-11e4-a52e-4f735466cecf":"f.2D1B8265A78BA1487979886821B0C8C8.d.60F5512EA67EA882C536AB6A097C926D.e.284","ELEMENT":"f.2D1B8265A78BA1487979886821B0C8C8.d.60F5512EA67EA882C536AB6A097C926D.e.284"}]}
COMMAND: GET /session/e92654ce08529da6aa8a1ad9d55850b5/element/f.2D1B8265A78BA1487979886821B0C8C8.d.60F5512EA67EA882C536AB6A097C926D.e.284/enabled - {}
COMMAND: GET /session/e92654ce08529da6aa8a1ad9d55850b5/screenshot - {}
RESULT: {}
COMMAND: POST /session/e92654ce08529da6aa8a1ad9d55850b5/execute/sync - {"script":"<script> [8489 bytes]","args":[{"element-6066-11e4-a52e-4f735466cecf":"f.2D1B8265A78BA1487979886821B0C8C8.d.60F5512EA67EA882C536AB6A097C926D.e.284","ELEMENT":"f.2D1B8265A78BA1487979886821B0C8C8.d.60F5512EA67EA882C536AB6A097C926D.e.284"}]}
COMMAND: GET /session/e92654ce08529da6aa8a1ad9d55850b5/screenshot - {}
RESULT: {}
RESULT: {"script":"<script> [8489 bytes]","args":[{"element-6066-11e4-a52e-4f735466cecf":"f.2D1B8265A78BA1487979886821B0C8C8.d.60F5512EA67EA882C536AB6A097C926D.e.284","ELEMENT":"f.2D1B8265A78BA1487979886821B0C8C8.d.60F5512EA67EA882C536AB6A097C926D.e.284"}]}
COMMAND: POST /session/e92654ce08529da6aa8a1ad9d55850b5/execute/sync - {"script":"<script> [5351 bytes]","args":[{"element-6066-11e4-a52e-4f735466cecf":"f.2D1B8265A78BA1487979886821B0C8C8.d.60F5512EA67EA882C536AB6A097C926D.e.284","ELEMENT":"f.2D1B8265A78BA1487979886821B0C8C8.d.60F5512EA67EA882C536AB6A097C926D.e.284"}]}
COMMAND: GET /session/e92654ce08529da6aa8a1ad9d55850b5/screenshot - {}
RESULT: {}
RESULT: {"script":"<script> [5351 bytes]","args":[{"element-6066-11e4-a52e-4f735466cecf":"f.2D1B8265A78BA1487979886821B0C8C8.d.60F5512EA67EA882C536AB6A097C926D.e.284","ELEMENT":"f.2D1B8265A78BA1487979886821B0C8C8.d.60F5512EA67EA882C536AB6A097C926D.e.284"}]}
COMMAND: POST /session/e92654ce08529da6aa8a1ad9d55850b5/element/f.2D1B8265A78BA1487979886821B0C8C8.d.60F5512EA67EA882C536AB6A097C926D.e.284/click - {}
COMMAND: GET /session/e92654ce08529da6aa8a1ad9d55850b5/screenshot - {}
RESULT: {}
RESULT: {}
COMMAND: GET /session/e92654ce08529da6aa8a1ad9d55850b5/screenshot - {}
RESULT: {}
COMMAND: POST /session/e92654ce08529da6aa8a1ad9d55850b5/element - {"using":"xpath","value":"//input[@id=\"application-manageyards-display-component---NewYard--yardId-inner\"]"}
RESULT: {}
RESULT: {"using":"xpath","value":"//input[@id=\"application-manageyards-display-component---NewYard--yardId-inner\"]"}
COMMAND: POST /session/e92654ce08529da6aa8a1ad9d55850b5/element - {"using":"xpath","value":"//input[@id=\"application-manageyards-display-component---NewYard--yardId-inner\"]"}
RESULT: {"using":"xpath","value":"//input[@id=\"application-manageyards-display-component---NewYard--yardId-inner\"]"}
COMMAND: POST /session/e92654ce08529da6aa8a1ad9d55850b5/execute/async - {"script":"<script> [1562 bytes]","args":[{"selector":{"id":"application-manageyards-display-component---NewYard--addressDetailDetailsName1","interaction":{"idSuffix":"inner"}},"wdio_ui5_key":"applicationmanageyards-display-component---NewYard--addressDetailDetailsName1"}]}
RESULT: {"script":"<script> [1562 bytes]","args":[{"selector":{"id":"application-manageyards-display-component---NewYard--addressDetailDetailsName1","interaction":{"idSuffix":"inner"}},"wdio_ui5_key":"applicationmanageyards-display-component---NewYard--addressDetailDetailsName1"}]}
RESULT: undefined
COMMAND: POST /session/e92654ce08529da6aa8a1ad9d55850b5/execute/async - {"script":"<script> [776 bytes]","args":[{"enterText":"Intracompany Yard wdIO","selector":{"id":"application-manageyards-display-component---NewYard--addressDetailDetailsName1","interaction":{"idSuffix":"inner"}},"clearTextFirst":true,"interactionType":"ENTER_TEXT"}]}
RESULT: {"script":"<script> [776 bytes]","args":[{"enterText":"Intracompany Yard wdIO","selector":{"id":"application-manageyards-display-component---NewYard--addressDetailDetailsName1","interaction":{"idSuffix":"inner"}},"clearTextFirst":true,"interactionType":"ENTER_TEXT"}]}
COMMAND: POST /session/e92654ce08529da6aa8a1ad9d55850b5/execute/async - {"script":"<script> [1562 bytes]","args":[{"selector":{"id":"application-manageyards-display-component---NewYard--addressDetailDetailsLanguage-arrow"},"wdio_ui5_key":"applicationmanageyards-display-component---NewYard--addressDetailDetailsLanguage-arrow"}]}
RESULT: {"script":"<script> [1562 bytes]","args":[{"selector":{"id":"application-manageyards-display-component---NewYard--addressDetailDetailsLanguage-arrow"},"wdio_ui5_key":"applicationmanageyards-display-component---NewYard--addressDetailDetailsLanguage-arrow"}]}
RESULT: undefined
COMMAND: POST /session/e92654ce08529da6aa8a1ad9d55850b5/element - {"using":"xpath","value":"//*[@id=\"application-manageyards-display-component---NewYard--addressDetailDetailsLanguage-arrow\"]"}
RESULT: {"using":"xpath","value":"//*[@id=\"application-manageyards-display-component---NewYard--addressDetailDetailsLanguage-arrow\"]"}
COMMAND: POST /session/e92654ce08529da6aa8a1ad9d55850b5/element/f.2D1B8265A78BA1487979886821B0C8C8.d.60F5512EA67EA882C536AB6A097C926D.e.714/click - {}
RESULT: {}
COMMAND: POST /session/e92654ce08529da6aa8a1ad9d55850b5/element - {"using":"xpath","value":"//span[contains(text(), \"English\")]"}
COMMAND: GET /session/e92654ce08529da6aa8a1ad9d55850b5/screenshot - {}
RESULT: {"using":"xpath","value":"//span[contains(text(), \"English\")]"}
COMMAND: POST /session/e92654ce08529da6aa8a1ad9d55850b5/element/f.2D1B8265A78BA1487979886821B0C8C8.d.60F5512EA67EA882C536AB6A097C926D.e.715/click - {}
RESULT: {}
RESULT: {}
COMMAND: POST /session/e92654ce08529da6aa8a1ad9d55850b5/execute/async - {"script":"<script> [1562 bytes]","args":[{"selector":{"id":"application-manageyards-display-component---NewYard--addressDetailDetailsCity1","interaction":{"idSuffix":"inner"}},"wdio_ui5_key":"applicationmanageyards-display-component---NewYard--addressDetailDetailsCity1"}]}
COMMAND: GET /session/e92654ce08529da6aa8a1ad9d55850b5/screenshot - {}
RESULT: {"script":"<script> [1562 bytes]","args":[{"selector":{"id":"application-manageyards-display-component---NewYard--addressDetailDetailsCity1","interaction":{"idSuffix":"inner"}},"wdio_ui5_key":"applicationmanageyards-display-component---NewYard--addressDetailDetailsCity1"}]}
RESULT: undefined
COMMAND: POST /session/e92654ce08529da6aa8a1ad9d55850b5/execute/async - {"script":"<script> [776 bytes]","args":[{"enterText":"Rosario","selector":{"id":"application-manageyards-display-component---NewYard--addressDetailDetailsCity1","interaction":{"idSuffix":"inner"}},"clearTextFirst":true,"interactionType":"ENTER_TEXT"}]}
RESULT: {}
RESULT: {"script":"<script> [776 bytes]","args":[{"enterText":"Rosario","selector":{"id":"application-manageyards-display-component---NewYard--addressDetailDetailsCity1","interaction":{"idSuffix":"inner"}},"clearTextFirst":true,"interactionType":"ENTER_TEXT"}]}
COMMAND: POST /session/e92654ce08529da6aa8a1ad9d55850b5/execute/async - {"script":"<script> [1562 bytes]","args":[{"selector":{"id":"application-manageyards-display-component---NewYard--addressDetailDetailsCountry-arrow"},"wdio_ui5_key":"applicationmanageyards-display-component---NewYard--addressDetailDetailsCountry-arrow"}]}
RESULT: {"script":"<script> [1562 bytes]","args":[{"selector":{"id":"application-manageyards-display-component---NewYard--addressDetailDetailsCountry-arrow"},"wdio_ui5_key":"applicationmanageyards-display-component---NewYard--addressDetailDetailsCountry-arrow"}]}
RESULT: undefined
COMMAND: POST /session/e92654ce08529da6aa8a1ad9d55850b5/element - {"using":"xpath","value":"//*[@id=\"application-manageyards-display-component---NewYard--addressDetailDetailsCountry-arrow\"]"}
RESULT: {"using":"xpath","value":"//*[@id=\"application-manageyards-display-component---NewYard--addressDetailDetailsCountry-arrow\"]"}
COMMAND: POST /session/e92654ce08529da6aa8a1ad9d55850b5/element/f.2D1B8265A78BA1487979886821B0C8C8.d.60F5512EA67EA882C536AB6A097C926D.e.717/click - {}
RESULT: {}
COMMAND: POST /session/e92654ce08529da6aa8a1ad9d55850b5/element - {"using":"xpath","value":"//span[contains(text(), \"Argentina\")]"}
COMMAND: GET /session/e92654ce08529da6aa8a1ad9d55850b5/screenshot - {}
RESULT: {"using":"xpath","value":"//span[contains(text(), \"Argentina\")]"}
COMMAND: POST /session/e92654ce08529da6aa8a1ad9d55850b5/element/f.2D1B8265A78BA1487979886821B0C8C8.d.60F5512EA67EA882C536AB6A097C926D.e.718/click - {}
RESULT: {}
RESULT: {}
COMMAND: POST /session/e92654ce08529da6aa8a1ad9d55850b5/execute/async - {"script":"<script> [1562 bytes]","args":[{"selector":{"id":"application-manageyards-display-component---NewYard--addressEditDetailsCostObjectCstType-arrow"},"wdio_ui5_key":"applicationmanageyards-display-component---NewYard--addressEditDetailsCostObjectCstType-arrow"}]}
COMMAND: GET /session/e92654ce08529da6aa8a1ad9d55850b5/screenshot - {}
RESULT: {"script":"<script> [1562 bytes]","args":[{"selector":{"id":"application-manageyards-display-component---NewYard--addressEditDetailsCostObjectCstType-arrow"},"wdio_ui5_key":"applicationmanageyards-display-component---NewYard--addressEditDetailsCostObjectCstType-arrow"}]}
RESULT: undefined
COMMAND: POST /session/e92654ce08529da6aa8a1ad9d55850b5/element - {"using":"xpath","value":"//*[@id=\"application-manageyards-display-component---NewYard--addressEditDetailsCostObjectCstType-arrow\"]"}
RESULT: {}
RESULT: {"using":"xpath","value":"//*[@id=\"application-manageyards-display-component---NewYard--addressEditDetailsCostObjectCstType-arrow\"]"}
COMMAND: POST /session/e92654ce08529da6aa8a1ad9d55850b5/element/f.2D1B8265A78BA1487979886821B0C8C8.d.60F5512EA67EA882C536AB6A097C926D.e.720/click - {}
RESULT: {}
COMMAND: POST /session/e92654ce08529da6aa8a1ad9d55850b5/element - {"using":"xpath","value":"//span[contains(text(), \"Cost Center\")]"}
COMMAND: GET /session/e92654ce08529da6aa8a1ad9d55850b5/screenshot - {}
RESULT: {"using":"xpath","value":"//span[contains(text(), \"Cost Center\")]"}
COMMAND: POST /session/e92654ce08529da6aa8a1ad9d55850b5/element/f.2D1B8265A78BA1487979886821B0C8C8.d.60F5512EA67EA882C536AB6A097C926D.e.721/click - {}
RESULT: {}
RESULT: {}
COMMAND: GET /session/e92654ce08529da6aa8a1ad9d55850b5/screenshot - {}
RESULT: {}
COMMAND: POST /session/e92654ce08529da6aa8a1ad9d55850b5/element - {"using":"xpath","value":"//span[@id=\"application-manageyards-display-component---NewYard--addressNewCostObjectCstID-vhi\"]"}
RESULT: {"using":"xpath","value":"//span[@id=\"application-manageyards-display-component---NewYard--addressNewCostObjectCstID-vhi\"]"}
COMMAND: POST /session/e92654ce08529da6aa8a1ad9d55850b5/execute/sync - {"script":"<script> [8489 bytes]","args":[{"element-6066-11e4-a52e-4f735466cecf":"f.2D1B8265A78BA1487979886821B0C8C8.d.60F5512EA67EA882C536AB6A097C926D.e.724","ELEMENT":"f.2D1B8265A78BA1487979886821B0C8C8.d.60F5512EA67EA882C536AB6A097C926D.e.724"}]}
RESULT: {"script":"<script> [8489 bytes]","args":[{"element-6066-11e4-a52e-4f735466cecf":"f.2D1B8265A78BA1487979886821B0C8C8.d.60F5512EA67EA882C536AB6A097C926D.e.724","ELEMENT":"f.2D1B8265A78BA1487979886821B0C8C8.d.60F5512EA67EA882C536AB6A097C926D.e.724"}]}
COMMAND: POST /session/e92654ce08529da6aa8a1ad9d55850b5/execute/async - {"script":"<script> [1562 bytes]","args":[{"selector":{"id":"application-manageyards-display-component---NewYard--addressNewCostObjectCstID-vhi"},"wdio_ui5_key":"applicationmanageyards-display-component---NewYard--addressNewCostObjectCstID-vhi"}]}
COMMAND: GET /session/e92654ce08529da6aa8a1ad9d55850b5/screenshot - {}
RESULT: {"script":"<script> [1562 bytes]","args":[{"selector":{"id":"application-manageyards-display-component---NewYard--addressNewCostObjectCstID-vhi"},"wdio_ui5_key":"applicationmanageyards-display-component---NewYard--addressNewCostObjectCstID-vhi"}]}
RESULT: undefined
COMMAND: POST /session/e92654ce08529da6aa8a1ad9d55850b5/element - {"using":"xpath","value":"//*[@id=\"application-manageyards-display-component---NewYard--addressNewCostObjectCstID-vhi\"]"}
RESULT: {}
RESULT: {"using":"xpath","value":"//*[@id=\"application-manageyards-display-component---NewYard--addressNewCostObjectCstID-vhi\"]"}
COMMAND: POST /session/e92654ce08529da6aa8a1ad9d55850b5/element/f.2D1B8265A78BA1487979886821B0C8C8.d.60F5512EA67EA882C536AB6A097C926D.e.724/click - {}
RESULT: {}
COMMAND: GET /session/e92654ce08529da6aa8a1ad9d55850b5/screenshot - {}
RESULT: {}
COMMAND: POST /session/e92654ce08529da6aa8a1ad9d55850b5/execute/async - {"script":"<script> [1562 bytes]","args":[{"selector":{"controlType":"sap.m.SearchField","properties":{"placeholder":"Search"},"searchOpenDialogs":true,"interaction":{"idSuffix":"I"}},"wdio_ui5_key":"sapm.SearchField{\"placeholder\":\"Search\"}"}]}
RESULT: {"script":"<script> [1562 bytes]","args":[{"selector":{"controlType":"sap.m.SearchField","properties":{"placeholder":"Search"},"searchOpenDialogs":true,"interaction":{"idSuffix":"I"}},"wdio_ui5_key":"sapm.SearchField{\"placeholder\":\"Search\"}"}]}
RESULT: undefined
COMMAND: POST /session/e92654ce08529da6aa8a1ad9d55850b5/execute/async - {"script":"<script> [776 bytes]","args":[{"enterText":"10001013","selector":{"controlType":"sap.m.SearchField","properties":{"placeholder":"Search"},"searchOpenDialogs":true,"interaction":{"idSuffix":"I"}},"clearTextFirst":true,"interactionType":"ENTER_TEXT"}]}
RESULT: {"script":"<script> [776 bytes]","args":[{"enterText":"10001013","selector":{"controlType":"sap.m.SearchField","properties":{"placeholder":"Search"},"searchOpenDialogs":true,"interaction":{"idSuffix":"I"}},"clearTextFirst":true,"interactionType":"ENTER_TEXT"}]}
COMMAND: POST /session/e92654ce08529da6aa8a1ad9d55850b5/actions - {"actions":[{"id":"action1","type":"key","parameters":{},"actions":[{"type":"keyDown","value":""},{"type":"pause","duration":10},{"type":"keyUp","value":""}]}]}
RESULT: {"actions":[{"id":"action1","type":"key","parameters":{},"actions":[{"type":"keyDown","value":""},{"type":"pause","duration":10},{"type":"keyUp","value":""}]}]}
COMMAND: GET /session/e92654ce08529da6aa8a1ad9d55850b5/screenshot - {}
RESULT: {}
COMMAND: POST /session/e92654ce08529da6aa8a1ad9d55850b5/element - {"using":"xpath","value":"//span[contains(text(), \"General Management\")]"}
RESULT: {"using":"xpath","value":"//span[contains(text(), \"General Management\")]"}
COMMAND: POST /session/e92654ce08529da6aa8a1ad9d55850b5/element/f.2D1B8265A78BA1487979886821B0C8C8.d.60F5512EA67EA882C536AB6A097C926D.e.766/click - {}
RESULT: {}
COMMAND: GET /session/e92654ce08529da6aa8a1ad9d55850b5/screenshot - {}
RESULT: {}
COMMAND: POST /session/e92654ce08529da6aa8a1ad9d55850b5/element - {"using":"xpath","value":"//bdi[contains(text(), \"OK\")]"}
RESULT: {"using":"xpath","value":"//bdi[contains(text(), \"OK\")]"}
COMMAND: POST /session/e92654ce08529da6aa8a1ad9d55850b5/element/f.2D1B8265A78BA1487979886821B0C8C8.d.60F5512EA67EA882C536AB6A097C926D.e.767/click - {}
RESULT: {}
COMMAND: GET /session/e92654ce08529da6aa8a1ad9d55850b5/screenshot - {}
RESULT: {}
COMMAND: POST /session/e92654ce08529da6aa8a1ad9d55850b5/execute/async - {"script":"<script> [1562 bytes]","args":[{"selector":{"id":"application-manageyards-display-component---NewYard--addressEditDetailsCurrency-arrow"},"wdio_ui5_key":"applicationmanageyards-display-component---NewYard--addressEditDetailsCurrency-arrow"}]}
RESULT: {"script":"<script> [1562 bytes]","args":[{"selector":{"id":"application-manageyards-display-component---NewYard--addressEditDetailsCurrency-arrow"},"wdio_ui5_key":"applicationmanageyards-display-component---NewYard--addressEditDetailsCurrency-arrow"}]}
RESULT: undefined
COMMAND: POST /session/e92654ce08529da6aa8a1ad9d55850b5/element - {"using":"xpath","value":"//*[@id=\"application-manageyards-display-component---NewYard--addressEditDetailsCurrency-arrow\"]"}
RESULT: {"using":"xpath","value":"//*[@id=\"application-manageyards-display-component---NewYard--addressEditDetailsCurrency-arrow\"]"}
COMMAND: POST /session/e92654ce08529da6aa8a1ad9d55850b5/element/f.2D1B8265A78BA1487979886821B0C8C8.d.60F5512EA67EA882C536AB6A097C926D.e.770/click - {}
RESULT: {}
COMMAND: POST /session/e92654ce08529da6aa8a1ad9d55850b5/element - {"using":"xpath","value":"//span[contains(text(), \"Euro\")]"}
COMMAND: GET /session/e92654ce08529da6aa8a1ad9d55850b5/screenshot - {}
RESULT: {"using":"xpath","value":"//span[contains(text(), \"Euro\")]"}
COMMAND: POST /session/e92654ce08529da6aa8a1ad9d55850b5/element/f.2D1B8265A78BA1487979886821B0C8C8.d.60F5512EA67EA882C536AB6A097C926D.e.771/click - {}
RESULT: {}
RESULT: {}
COMMAND: POST /session/e92654ce08529da6aa8a1ad9d55850b5/execute/async - {"script":"<script> [1562 bytes]","args":[{"selector":{"controlType":"sap.m.Input","viewName":"etm.portal.ui.manageyards.view.New","viewId":"application-manageyards-display-component---NewYard","bindingPath":{"path":"","propertyPath":"/CONTROLLING_AREA","modelName":"NewYardModel"},"interaction":{"idSuffix":"inner"}},"wdio_ui5_key":"etmportal.ui.manageyards.view.Newsap.m.Input{\"path\":\"\",\"propertyPath\":\"/CONTROLLING_AREA\",\"modelName\":\"NewYardModel\"}"}]}
COMMAND: GET /session/e92654ce08529da6aa8a1ad9d55850b5/screenshot - {}
RESULT: {"script":"<script> [1562 bytes]","args":[{"selector":{"controlType":"sap.m.Input","viewName":"etm.portal.ui.manageyards.view.New","viewId":"application-manageyards-display-component---NewYard","bindingPath":{"path":"","propertyPath":"/CONTROLLING_AREA","modelName":"NewYardModel"},"interaction":{"idSuffix":"inner"}},"wdio_ui5_key":"etmportal.ui.manageyards.view.Newsap.m.Input{\"path\":\"\",\"propertyPath\":\"/CONTROLLING_AREA\",\"modelName\":\"NewYardModel\"}"}]}
RESULT: undefined
COMMAND: POST /session/e92654ce08529da6aa8a1ad9d55850b5/execute/async - {"script":"<script> [776 bytes]","args":[{"enterText":"Z001","selector":{"controlType":"sap.m.Input","viewName":"etm.portal.ui.manageyards.view.New","viewId":"application-manageyards-display-component---NewYard","bindingPath":{"path":"","propertyPath":"/CONTROLLING_AREA","modelName":"NewYardModel"},"interaction":{"idSuffix":"inner"}},"clearTextFirst":true,"interactionType":"ENTER_TEXT"}]}
RESULT: {}
RESULT: {"script":"<script> [776 bytes]","args":[{"enterText":"Z001","selector":{"controlType":"sap.m.Input","viewName":"etm.portal.ui.manageyards.view.New","viewId":"application-manageyards-display-component---NewYard","bindingPath":{"path":"","propertyPath":"/CONTROLLING_AREA","modelName":"NewYardModel"},"interaction":{"idSuffix":"inner"}},"clearTextFirst":true,"interactionType":"ENTER_TEXT"}]}
COMMAND: POST /session/e92654ce08529da6aa8a1ad9d55850b5/execute/async - {"script":"<script> [1562 bytes]","args":[{"selector":{"id":"application-manageyards-display-component---NewYard--companyCodeComboBox","interaction":{"idSuffix":"inner"}},"wdio_ui5_key":"applicationmanageyards-display-component---NewYard--companyCodeComboBox"}]}
RESULT: {"script":"<script> [1562 bytes]","args":[{"selector":{"id":"application-manageyards-display-component---NewYard--companyCodeComboBox","interaction":{"idSuffix":"inner"}},"wdio_ui5_key":"applicationmanageyards-display-component---NewYard--companyCodeComboBox"}]}
RESULT: undefined
COMMAND: POST /session/e92654ce08529da6aa8a1ad9d55850b5/execute/async - {"script":"<script> [776 bytes]","args":[{"enterText":"1000","selector":{"id":"application-manageyards-display-component---NewYard--companyCodeComboBox","interaction":{"idSuffix":"inner"}},"clearTextFirst":true,"interactionType":"ENTER_TEXT"}]}
RESULT: {"script":"<script> [776 bytes]","args":[{"enterText":"1000","selector":{"id":"application-manageyards-display-component---NewYard--companyCodeComboBox","interaction":{"idSuffix":"inner"}},"clearTextFirst":true,"interactionType":"ENTER_TEXT"}]}
COMMAND: POST /session/e92654ce08529da6aa8a1ad9d55850b5/execute/async - {"script":"<script> [1562 bytes]","args":[{"selector":{"controlType":"sap.m.Input","viewName":"etm.portal.ui.manageyards.view.New","viewId":"application-manageyards-display-component---NewYard","bindingPath":{"path":"","propertyPath":"/PLANT","modelName":"NewYardModel"},"interaction":{"idSuffix":"inner"}},"wdio_ui5_key":"etmportal.ui.manageyards.view.Newsap.m.Input{\"path\":\"\",\"propertyPath\":\"/PLANT\",\"modelName\":\"NewYardModel\"}"}]}
RESULT: {"script":"<script> [1562 bytes]","args":[{"selector":{"controlType":"sap.m.Input","viewName":"etm.portal.ui.manageyards.view.New","viewId":"application-manageyards-display-component---NewYard","bindingPath":{"path":"","propertyPath":"/PLANT","modelName":"NewYardModel"},"interaction":{"idSuffix":"inner"}},"wdio_ui5_key":"etmportal.ui.manageyards.view.Newsap.m.Input{\"path\":\"\",\"propertyPath\":\"/PLANT\",\"modelName\":\"NewYardModel\"}"}]}
RESULT: undefined
COMMAND: POST /session/e92654ce08529da6aa8a1ad9d55850b5/execute/async - {"script":"<script> [776 bytes]","args":[{"enterText":"1001","selector":{"controlType":"sap.m.Input","viewName":"etm.portal.ui.manageyards.view.New","viewId":"application-manageyards-display-component---NewYard","bindingPath":{"path":"","propertyPath":"/PLANT","modelName":"NewYardModel"},"interaction":{"idSuffix":"inner"}},"clearTextFirst":true,"interactionType":"ENTER_TEXT"}]}
RESULT: {"script":"<script> [776 bytes]","args":[{"enterText":"1001","selector":{"controlType":"sap.m.Input","viewName":"etm.portal.ui.manageyards.view.New","viewId":"application-manageyards-display-component---NewYard","bindingPath":{"path":"","propertyPath":"/PLANT","modelName":"NewYardModel"},"interaction":{"idSuffix":"inner"}},"clearTextFirst":true,"interactionType":"ENTER_TEXT"}]}
COMMAND: POST /session/e92654ce08529da6aa8a1ad9d55850b5/execute/async - {"script":"<script> [1562 bytes]","args":[{"selector":{"controlType":"sap.m.Input","viewName":"etm.portal.ui.manageyards.view.New","viewId":"application-manageyards-display-component---NewYard","bindingPath":{"path":"","propertyPath":"/SALES_AREA_VKORG","modelName":"NewYardModel"},"interaction":{"idSuffix":"inner"}},"wdio_ui5_key":"etmportal.ui.manageyards.view.Newsap.m.Input{\"path\":\"\",\"propertyPath\":\"/SALES_AREA_VKORG\",\"modelName\":\"NewYardModel\"}"}]}
RESULT: {"script":"<script> [1562 bytes]","args":[{"selector":{"controlType":"sap.m.Input","viewName":"etm.portal.ui.manageyards.view.New","viewId":"application-manageyards-display-component---NewYard","bindingPath":{"path":"","propertyPath":"/SALES_AREA_VKORG","modelName":"NewYardModel"},"interaction":{"idSuffix":"inner"}},"wdio_ui5_key":"etmportal.ui.manageyards.view.Newsap.m.Input{\"path\":\"\",\"propertyPath\":\"/SALES_AREA_VKORG\",\"modelName\":\"NewYardModel\"}"}]}
RESULT: undefined
COMMAND: POST /session/e92654ce08529da6aa8a1ad9d55850b5/execute/async - {"script":"<script> [776 bytes]","args":[{"enterText":"C002","selector":{"controlType":"sap.m.Input","viewName":"etm.portal.ui.manageyards.view.New","viewId":"application-manageyards-display-component---NewYard","bindingPath":{"path":"","propertyPath":"/SALES_AREA_VKORG","modelName":"NewYardModel"},"interaction":{"idSuffix":"inner"}},"clearTextFirst":true,"interactionType":"ENTER_TEXT"}]}
RESULT: {"script":"<script> [776 bytes]","args":[{"enterText":"C002","selector":{"controlType":"sap.m.Input","viewName":"etm.portal.ui.manageyards.view.New","viewId":"application-manageyards-display-component---NewYard","bindingPath":{"path":"","propertyPath":"/SALES_AREA_VKORG","modelName":"NewYardModel"},"interaction":{"idSuffix":"inner"}},"clearTextFirst":true,"interactionType":"ENTER_TEXT"}]}
COMMAND: POST /session/e92654ce08529da6aa8a1ad9d55850b5/execute/async - {"script":"<script> [1562 bytes]","args":[{"selector":{"controlType":"sap.m.Input","viewName":"etm.portal.ui.manageyards.view.New","viewId":"application-manageyards-display-component---NewYard","bindingPath":{"path":"","propertyPath":"/SALES_AREA_VTWEG","modelName":"NewYardModel"},"interaction":{"idSuffix":"inner"}},"wdio_ui5_key":"etmportal.ui.manageyards.view.Newsap.m.Input{\"path\":\"\",\"propertyPath\":\"/SALES_AREA_VTWEG\",\"modelName\":\"NewYardModel\"}"}]}
RESULT: {"script":"<script> [1562 bytes]","args":[{"selector":{"controlType":"sap.m.Input","viewName":"etm.portal.ui.manageyards.view.New","viewId":"application-manageyards-display-component---NewYard","bindingPath":{"path":"","propertyPath":"/SALES_AREA_VTWEG","modelName":"NewYardModel"},"interaction":{"idSuffix":"inner"}},"wdio_ui5_key":"etmportal.ui.manageyards.view.Newsap.m.Input{\"path\":\"\",\"propertyPath\":\"/SALES_AREA_VTWEG\",\"modelName\":\"NewYardModel\"}"}]}
RESULT: undefined
COMMAND: POST /session/e92654ce08529da6aa8a1ad9d55850b5/execute/async - {"script":"<script> [776 bytes]","args":[{"enterText":"C2","selector":{"controlType":"sap.m.Input","viewName":"etm.portal.ui.manageyards.view.New","viewId":"application-manageyards-display-component---NewYard","bindingPath":{"path":"","propertyPath":"/SALES_AREA_VTWEG","modelName":"NewYardModel"},"interaction":{"idSuffix":"inner"}},"clearTextFirst":true,"interactionType":"ENTER_TEXT"}]}
RESULT: {"script":"<script> [776 bytes]","args":[{"enterText":"C2","selector":{"controlType":"sap.m.Input","viewName":"etm.portal.ui.manageyards.view.New","viewId":"application-manageyards-display-component---NewYard","bindingPath":{"path":"","propertyPath":"/SALES_AREA_VTWEG","modelName":"NewYardModel"},"interaction":{"idSuffix":"inner"}},"clearTextFirst":true,"interactionType":"ENTER_TEXT"}]}
COMMAND: POST /session/e92654ce08529da6aa8a1ad9d55850b5/execute/async - {"script":"<script> [1562 bytes]","args":[{"selector":{"controlType":"sap.m.Input","viewName":"etm.portal.ui.manageyards.view.New","viewId":"application-manageyards-display-component---NewYard","bindingPath":{"path":"","propertyPath":"/SALES_AREA_SPART","modelName":"NewYardModel"},"interaction":{"idSuffix":"inner"}},"wdio_ui5_key":"etmportal.ui.manageyards.view.Newsap.m.Input{\"path\":\"\",\"propertyPath\":\"/SALES_AREA_SPART\",\"modelName\":\"NewYardModel\"}"}]}
RESULT: {"script":"<script> [1562 bytes]","args":[{"selector":{"controlType":"sap.m.Input","viewName":"etm.portal.ui.manageyards.view.New","viewId":"application-manageyards-display-component---NewYard","bindingPath":{"path":"","propertyPath":"/SALES_AREA_SPART","modelName":"NewYardModel"},"interaction":{"idSuffix":"inner"}},"wdio_ui5_key":"etmportal.ui.manageyards.view.Newsap.m.Input{\"path\":\"\",\"propertyPath\":\"/SALES_AREA_SPART\",\"modelName\":\"NewYardModel\"}"}]}
RESULT: undefined
COMMAND: POST /session/e92654ce08529da6aa8a1ad9d55850b5/execute/async - {"script":"<script> [776 bytes]","args":[{"enterText":"C2","selector":{"controlType":"sap.m.Input","viewName":"etm.portal.ui.manageyards.view.New","viewId":"application-manageyards-display-component---NewYard","bindingPath":{"path":"","propertyPath":"/SALES_AREA_SPART","modelName":"NewYardModel"},"interaction":{"idSuffix":"inner"}},"clearTextFirst":true,"interactionType":"ENTER_TEXT"}]}
RESULT: {"script":"<script> [776 bytes]","args":[{"enterText":"C2","selector":{"controlType":"sap.m.Input","viewName":"etm.portal.ui.manageyards.view.New","viewId":"application-manageyards-display-component---NewYard","bindingPath":{"path":"","propertyPath":"/SALES_AREA_SPART","modelName":"NewYardModel"},"interaction":{"idSuffix":"inner"}},"clearTextFirst":true,"interactionType":"ENTER_TEXT"}]}
COMMAND: POST /session/e92654ce08529da6aa8a1ad9d55850b5/execute/async - {"script":"<script> [1562 bytes]","args":[{"selector":{"controlType":"sap.m.Input","viewName":"etm.portal.ui.manageyards.view.New","viewId":"application-manageyards-display-component---NewYard","bindingPath":{"path":"","propertyPath":"/SHIP_POINT","modelName":"NewYardModel"},"interaction":{"idSuffix":"inner"}},"wdio_ui5_key":"etmportal.ui.manageyards.view.Newsap.m.Input{\"path\":\"\",\"propertyPath\":\"/SHIP_POINT\",\"modelName\":\"NewYardModel\"}"}]}
RESULT: {"script":"<script> [1562 bytes]","args":[{"selector":{"controlType":"sap.m.Input","viewName":"etm.portal.ui.manageyards.view.New","viewId":"application-manageyards-display-component---NewYard","bindingPath":{"path":"","propertyPath":"/SHIP_POINT","modelName":"NewYardModel"},"interaction":{"idSuffix":"inner"}},"wdio_ui5_key":"etmportal.ui.manageyards.view.Newsap.m.Input{\"path\":\"\",\"propertyPath\":\"/SHIP_POINT\",\"modelName\":\"NewYardModel\"}"}]}
RESULT: undefined
COMMAND: POST /session/e92654ce08529da6aa8a1ad9d55850b5/execute/async - {"script":"<script> [776 bytes]","args":[{"enterText":"1710","selector":{"controlType":"sap.m.Input","viewName":"etm.portal.ui.manageyards.view.New","viewId":"application-manageyards-display-component---NewYard","bindingPath":{"path":"","propertyPath":"/SHIP_POINT","modelName":"NewYardModel"},"interaction":{"idSuffix":"inner"}},"clearTextFirst":true,"interactionType":"ENTER_TEXT"}]}
RESULT: {"script":"<script> [776 bytes]","args":[{"enterText":"1710","selector":{"controlType":"sap.m.Input","viewName":"etm.portal.ui.manageyards.view.New","viewId":"application-manageyards-display-component---NewYard","bindingPath":{"path":"","propertyPath":"/SHIP_POINT","modelName":"NewYardModel"},"interaction":{"idSuffix":"inner"}},"clearTextFirst":true,"interactionType":"ENTER_TEXT"}]}
COMMAND: POST /session/e92654ce08529da6aa8a1ad9d55850b5/execute/async - {"script":"<script> [1562 bytes]","args":[{"selector":{"controlType":"sap.m.Input","viewName":"etm.portal.ui.manageyards.view.New","viewId":"application-manageyards-display-component---NewYard","bindingPath":{"path":"","propertyPath":"/DELIVERY_TYPE","modelName":"NewYardModel"},"interaction":{"idSuffix":"inner"}},"wdio_ui5_key":"etmportal.ui.manageyards.view.Newsap.m.Input{\"path\":\"\",\"propertyPath\":\"/DELIVERY_TYPE\",\"modelName\":\"NewYardModel\"}"}]}
RESULT: {"script":"<script> [1562 bytes]","args":[{"selector":{"controlType":"sap.m.Input","viewName":"etm.portal.ui.manageyards.view.New","viewId":"application-manageyards-display-component---NewYard","bindingPath":{"path":"","propertyPath":"/DELIVERY_TYPE","modelName":"NewYardModel"},"interaction":{"idSuffix":"inner"}},"wdio_ui5_key":"etmportal.ui.manageyards.view.Newsap.m.Input{\"path\":\"\",\"propertyPath\":\"/DELIVERY_TYPE\",\"modelName\":\"NewYardModel\"}"}]}
RESULT: undefined
COMMAND: POST /session/e92654ce08529da6aa8a1ad9d55850b5/execute/async - {"script":"<script> [776 bytes]","args":[{"enterText":"ZL01","selector":{"controlType":"sap.m.Input","viewName":"etm.portal.ui.manageyards.view.New","viewId":"application-manageyards-display-component---NewYard","bindingPath":{"path":"","propertyPath":"/DELIVERY_TYPE","modelName":"NewYardModel"},"interaction":{"idSuffix":"inner"}},"clearTextFirst":true,"interactionType":"ENTER_TEXT"}]}
RESULT: {"script":"<script> [776 bytes]","args":[{"enterText":"ZL01","selector":{"controlType":"sap.m.Input","viewName":"etm.portal.ui.manageyards.view.New","viewId":"application-manageyards-display-component---NewYard","bindingPath":{"path":"","propertyPath":"/DELIVERY_TYPE","modelName":"NewYardModel"},"interaction":{"idSuffix":"inner"}},"clearTextFirst":true,"interactionType":"ENTER_TEXT"}]}
COMMAND: POST /session/e92654ce08529da6aa8a1ad9d55850b5/execute/async - {"script":"<script> [1562 bytes]","args":[{"selector":{"controlType":"sap.m.Input","viewName":"etm.portal.ui.manageyards.view.New","viewId":"application-manageyards-display-component---NewYard","bindingPath":{"path":"","propertyPath":"/AUART","modelName":"NewYardModel"},"interaction":{"idSuffix":"inner"}},"wdio_ui5_key":"etmportal.ui.manageyards.view.Newsap.m.Input{\"path\":\"\",\"propertyPath\":\"/AUART\",\"modelName\":\"NewYardModel\"}"}]}
RESULT: {"script":"<script> [1562 bytes]","args":[{"selector":{"controlType":"sap.m.Input","viewName":"etm.portal.ui.manageyards.view.New","viewId":"application-manageyards-display-component---NewYard","bindingPath":{"path":"","propertyPath":"/AUART","modelName":"NewYardModel"},"interaction":{"idSuffix":"inner"}},"wdio_ui5_key":"etmportal.ui.manageyards.view.Newsap.m.Input{\"path\":\"\",\"propertyPath\":\"/AUART\",\"modelName\":\"NewYardModel\"}"}]}
RESULT: undefined
COMMAND: POST /session/e92654ce08529da6aa8a1ad9d55850b5/execute/async - {"script":"<script> [776 bytes]","args":[{"enterText":"TA","selector":{"controlType":"sap.m.Input","viewName":"etm.portal.ui.manageyards.view.New","viewId":"application-manageyards-display-component---NewYard","bindingPath":{"path":"","propertyPath":"/AUART","modelName":"NewYardModel"},"interaction":{"idSuffix":"inner"}},"clearTextFirst":true,"interactionType":"ENTER_TEXT"}]}
RESULT: {"script":"<script> [776 bytes]","args":[{"enterText":"TA","selector":{"controlType":"sap.m.Input","viewName":"etm.portal.ui.manageyards.view.New","viewId":"application-manageyards-display-component---NewYard","bindingPath":{"path":"","propertyPath":"/AUART","modelName":"NewYardModel"},"interaction":{"idSuffix":"inner"}},"clearTextFirst":true,"interactionType":"ENTER_TEXT"}]}
COMMAND: POST /session/e92654ce08529da6aa8a1ad9d55850b5/element - {"using":"xpath","value":"//button[@data-kt=\"newYardSaveButton\"]"}
RESULT: {"using":"xpath","value":"//button[@data-kt=\"newYardSaveButton\"]"}
COMMAND: POST /session/e92654ce08529da6aa8a1ad9d55850b5/element/f.2D1B8265A78BA1487979886821B0C8C8.d.60F5512EA67EA882C536AB6A097C926D.e.697/click - {}
RESULT: {}
COMMAND: GET /session/e92654ce08529da6aa8a1ad9d55850b5/screenshot - {}
RESULT: {}
COMMAND: POST /session/e92654ce08529da6aa8a1ad9d55850b5/element - {"using":"xpath","value":"//header[contains(@id, 'ObjectPageLayout-headerTitle')]/div[1]/div[2]/div[1]/span[1]"}
RESULT: {"using":"xpath","value":"//header[contains(@id, 'ObjectPageLayout-headerTitle')]/div[1]/div[2]/div[1]/span[1]"}
COMMAND: POST /session/e92654ce08529da6aa8a1ad9d55850b5/elements - {"using":"xpath","value":"//header[contains(@id, 'ObjectPageLayout-headerTitle')]/div[1]/div[2]/div[1]/span[1]"}
RESULT: {"using":"xpath","value":"//header[contains(@id, 'ObjectPageLayout-headerTitle')]/div[1]/div[2]/div[1]/span[1]"}
COMMAND: POST /session/e92654ce08529da6aa8a1ad9d55850b5/execute/sync - {"script":"<script> [56 bytes]","args":[{"element-6066-11e4-a52e-4f735466cecf":"f.2D1B8265A78BA1487979886821B0C8C8.d.60F5512EA67EA882C536AB6A097C926D.e.995","ELEMENT":"f.2D1B8265A78BA1487979886821B0C8C8.d.60F5512EA67EA882C536AB6A097C926D.e.995"}]}
RESULT: {"script":"<script> [56 bytes]","args":[{"element-6066-11e4-a52e-4f735466cecf":"f.2D1B8265A78BA1487979886821B0C8C8.d.60F5512EA67EA882C536AB6A097C926D.e.995","ELEMENT":"f.2D1B8265A78BA1487979886821B0C8C8.d.60F5512EA67EA882C536AB6A097C926D.e.995"}]}
COMMAND: GET /session/e92654ce08529da6aa8a1ad9d55850b5/screenshot - {}
RESULT: {}
COMMAND: POST /session/e92654ce08529da6aa8a1ad9d55850b5/element - {"using":"css selector","value":"#shell-header-logo"}
RESULT: {"using":"css selector","value":"#shell-header-logo"}
COMMAND: POST /session/e92654ce08529da6aa8a1ad9d55850b5/element/f.2D1B8265A78BA1487979886821B0C8C8.d.60F5512EA67EA882C536AB6A097C926D.e.251/click - {}
RESULT: {}
COMMAND: GET /session/e92654ce08529da6aa8a1ad9d55850b5/screenshot - {}
RESULT: {}
COMMAND: POST /session/e92654ce08529da6aa8a1ad9d55850b5/execute/sync - {"script":"<script> [299 bytes]","args":[["getModel","getResource"]]}
RESULT: {"script":"<script> [299 bytes]","args":[["getModel","getResource"]]}
COMMAND: GET /session/e92654ce08529da6aa8a1ad9d55850b5/screenshot - {}
]]></system-out>
    </testcase>
    <testcase classname="chrome.135_0_7049_42.windows.Partner_specific_tests_US150819_US151080_US151654_US151176_US103444_US151078_US151079_US151109_US151174_US151175_US151189" name="Should create new external partner US150819" time="90.141">
      <system-out><![CDATA[
COMMAND: POST /session/e92654ce08529da6aa8a1ad9d55850b5/element - {"using":"xpath","value":"//li[.//span[text()=\"Manage Partners\"]]"}
RESULT: {}
RESULT: {"using":"xpath","value":"//li[.//span[text()=\"Manage Partners\"]]"}
COMMAND: POST /session/e92654ce08529da6aa8a1ad9d55850b5/element - {"using":"xpath","value":"//li[.//span[text()=\"Manage Partners\"]]"}
RESULT: {"using":"xpath","value":"//li[.//span[text()=\"Manage Partners\"]]"}
COMMAND: POST /session/e92654ce08529da6aa8a1ad9d55850b5/element - {"using":"css selector","value":"#shell-header-logo"}
RESULT: {"using":"css selector","value":"#shell-header-logo"}
COMMAND: POST /session/e92654ce08529da6aa8a1ad9d55850b5/element/f.2D1B8265A78BA1487979886821B0C8C8.d.60F5512EA67EA882C536AB6A097C926D.e.998/click - {}
COMMAND: POST /session/e92654ce08529da6aa8a1ad9d55850b5/execute/sync - {"script":"<script> [8489 bytes]","args":[{"element-6066-11e4-a52e-4f735466cecf":"f.2D1B8265A78BA1487979886821B0C8C8.d.60F5512EA67EA882C536AB6A097C926D.e.998","ELEMENT":"f.2D1B8265A78BA1487979886821B0C8C8.d.60F5512EA67EA882C536AB6A097C926D.e.998"}]}
RESULT: {}
COMMAND: GET /session/e92654ce08529da6aa8a1ad9d55850b5/screenshot - {}
RESULT: {"script":"<script> [8489 bytes]","args":[{"element-6066-11e4-a52e-4f735466cecf":"f.2D1B8265A78BA1487979886821B0C8C8.d.60F5512EA67EA882C536AB6A097C926D.e.998","ELEMENT":"f.2D1B8265A78BA1487979886821B0C8C8.d.60F5512EA67EA882C536AB6A097C926D.e.998"}]}
COMMAND: POST /session/e92654ce08529da6aa8a1ad9d55850b5/execute/sync - {"script":"<script> [5351 bytes]","args":[{"element-6066-11e4-a52e-4f735466cecf":"f.2D1B8265A78BA1487979886821B0C8C8.d.60F5512EA67EA882C536AB6A097C926D.e.998","ELEMENT":"f.2D1B8265A78BA1487979886821B0C8C8.d.60F5512EA67EA882C536AB6A097C926D.e.998"}]}
COMMAND: GET /session/e92654ce08529da6aa8a1ad9d55850b5/screenshot - {}
RESULT: {}
RESULT: {"script":"<script> [5351 bytes]","args":[{"element-6066-11e4-a52e-4f735466cecf":"f.2D1B8265A78BA1487979886821B0C8C8.d.60F5512EA67EA882C536AB6A097C926D.e.998","ELEMENT":"f.2D1B8265A78BA1487979886821B0C8C8.d.60F5512EA67EA882C536AB6A097C926D.e.998"}]}
COMMAND: GET /session/e92654ce08529da6aa8a1ad9d55850b5/screenshot - {}
RESULT: {}
RESULT: {}
COMMAND: POST /session/e92654ce08529da6aa8a1ad9d55850b5/window/fullscreen - {}
RESULT: {}
COMMAND: POST /session/e92654ce08529da6aa8a1ad9d55850b5/execute/async - {"script":"<script> [1562 bytes]","args":[{"selector":{"controlType":"sap.m.GenericTile","properties":{"header":"Manage Partners"}},"wdio_ui5_key":"sapm.GenericTile{\"header\":\"Manage Partners\"}"}]}
RESULT: {"script":"<script> [1562 bytes]","args":[{"selector":{"controlType":"sap.m.GenericTile","properties":{"header":"Manage Partners"}},"wdio_ui5_key":"sapm.GenericTile{\"header\":\"Manage Partners\"}"}]}
RESULT: undefined
COMMAND: POST /session/e92654ce08529da6aa8a1ad9d55850b5/element - {"using":"xpath","value":"//*[@id=\"__tile38\"]"}
RESULT: {"using":"xpath","value":"//*[@id=\"__tile38\"]"}
COMMAND: POST /session/e92654ce08529da6aa8a1ad9d55850b5/element/f.2D1B8265A78BA1487979886821B0C8C8.d.60F5512EA67EA882C536AB6A097C926D.e.147/click - {}
RESULT: {}
COMMAND: POST /session/e92654ce08529da6aa8a1ad9d55850b5/element - {"using":"xpath","value":"//button[@data-kt=\"addButton\"]"}
COMMAND: GET /session/e92654ce08529da6aa8a1ad9d55850b5/screenshot - {}
RESULT: {"using":"xpath","value":"//button[@data-kt=\"addButton\"]"}
COMMAND: POST /session/e92654ce08529da6aa8a1ad9d55850b5/elements - {"using":"xpath","value":"//button[@data-kt=\"addButton\"]"}
RESULT: {}
RESULT: {"using":"xpath","value":"//button[@data-kt=\"addButton\"]"}
COMMAND: POST /session/e92654ce08529da6aa8a1ad9d55850b5/elements - {"using":"xpath","value":"//button[@data-kt=\"addButton\"]"}
RESULT: {"using":"xpath","value":"//button[@data-kt=\"addButton\"]"}
COMMAND: POST /session/e92654ce08529da6aa8a1ad9d55850b5/elements - {"using":"xpath","value":"//button[@data-kt=\"addButton\"]"}
RESULT: {"using":"xpath","value":"//button[@data-kt=\"addButton\"]"}
COMMAND: POST /session/e92654ce08529da6aa8a1ad9d55850b5/elements - {"using":"xpath","value":"//button[@data-kt=\"addButton\"]"}
RESULT: {"using":"xpath","value":"//button[@data-kt=\"addButton\"]"}
COMMAND: POST /session/e92654ce08529da6aa8a1ad9d55850b5/elements - {"using":"xpath","value":"//button[@data-kt=\"addButton\"]"}
RESULT: {"using":"xpath","value":"//button[@data-kt=\"addButton\"]"}
COMMAND: POST /session/e92654ce08529da6aa8a1ad9d55850b5/elements - {"using":"xpath","value":"//button[@data-kt=\"addButton\"]"}
RESULT: {"using":"xpath","value":"//button[@data-kt=\"addButton\"]"}
COMMAND: POST /session/e92654ce08529da6aa8a1ad9d55850b5/elements - {"using":"xpath","value":"//button[@data-kt=\"addButton\"]"}
RESULT: {"using":"xpath","value":"//button[@data-kt=\"addButton\"]"}
COMMAND: POST /session/e92654ce08529da6aa8a1ad9d55850b5/elements - {"using":"xpath","value":"//button[@data-kt=\"addButton\"]"}
RESULT: {"using":"xpath","value":"//button[@data-kt=\"addButton\"]"}
COMMAND: POST /session/e92654ce08529da6aa8a1ad9d55850b5/elements - {"using":"xpath","value":"//button[@data-kt=\"addButton\"]"}
RESULT: {"using":"xpath","value":"//button[@data-kt=\"addButton\"]"}
COMMAND: POST /session/e92654ce08529da6aa8a1ad9d55850b5/elements - {"using":"xpath","value":"//button[@data-kt=\"addButton\"]"}
RESULT: {"using":"xpath","value":"//button[@data-kt=\"addButton\"]"}
COMMAND: POST /session/e92654ce08529da6aa8a1ad9d55850b5/elements - {"using":"xpath","value":"//button[@data-kt=\"addButton\"]"}
RESULT: {"using":"xpath","value":"//button[@data-kt=\"addButton\"]"}
COMMAND: POST /session/e92654ce08529da6aa8a1ad9d55850b5/elements - {"using":"xpath","value":"//button[@data-kt=\"addButton\"]"}
RESULT: {"using":"xpath","value":"//button[@data-kt=\"addButton\"]"}
COMMAND: POST /session/e92654ce08529da6aa8a1ad9d55850b5/elements - {"using":"xpath","value":"//button[@data-kt=\"addButton\"]"}
RESULT: {"using":"xpath","value":"//button[@data-kt=\"addButton\"]"}
COMMAND: POST /session/e92654ce08529da6aa8a1ad9d55850b5/elements - {"using":"xpath","value":"//button[@data-kt=\"addButton\"]"}
RESULT: {"using":"xpath","value":"//button[@data-kt=\"addButton\"]"}
COMMAND: POST /session/e92654ce08529da6aa8a1ad9d55850b5/elements - {"using":"xpath","value":"//button[@data-kt=\"addButton\"]"}
RESULT: {"using":"xpath","value":"//button[@data-kt=\"addButton\"]"}
COMMAND: POST /session/e92654ce08529da6aa8a1ad9d55850b5/elements - {"using":"xpath","value":"//button[@data-kt=\"addButton\"]"}
RESULT: {"using":"xpath","value":"//button[@data-kt=\"addButton\"]"}
COMMAND: POST /session/e92654ce08529da6aa8a1ad9d55850b5/elements - {"using":"xpath","value":"//button[@data-kt=\"addButton\"]"}
RESULT: {"using":"xpath","value":"//button[@data-kt=\"addButton\"]"}
COMMAND: POST /session/e92654ce08529da6aa8a1ad9d55850b5/elements - {"using":"xpath","value":"//button[@data-kt=\"addButton\"]"}
RESULT: {"using":"xpath","value":"//button[@data-kt=\"addButton\"]"}
COMMAND: POST /session/e92654ce08529da6aa8a1ad9d55850b5/elements - {"using":"xpath","value":"//button[@data-kt=\"addButton\"]"}
RESULT: {"using":"xpath","value":"//button[@data-kt=\"addButton\"]"}
COMMAND: POST /session/e92654ce08529da6aa8a1ad9d55850b5/elements - {"using":"xpath","value":"//button[@data-kt=\"addButton\"]"}
RESULT: {"using":"xpath","value":"//button[@data-kt=\"addButton\"]"}
COMMAND: POST /session/e92654ce08529da6aa8a1ad9d55850b5/elements - {"using":"xpath","value":"//button[@data-kt=\"addButton\"]"}
RESULT: {"using":"xpath","value":"//button[@data-kt=\"addButton\"]"}
COMMAND: POST /session/e92654ce08529da6aa8a1ad9d55850b5/element - {"using":"xpath","value":"//button[@data-kt=\"addButton\"]"}
RESULT: {"using":"xpath","value":"//button[@data-kt=\"addButton\"]"}
COMMAND: POST /session/e92654ce08529da6aa8a1ad9d55850b5/execute/sync - {"script":"<script> [8489 bytes]","args":[{"element-6066-11e4-a52e-4f735466cecf":"f.2D1B8265A78BA1487979886821B0C8C8.d.60F5512EA67EA882C536AB6A097C926D.e.1033","ELEMENT":"f.2D1B8265A78BA1487979886821B0C8C8.d.60F5512EA67EA882C536AB6A097C926D.e.1033"}]}
RESULT: {"script":"<script> [8489 bytes]","args":[{"element-6066-11e4-a52e-4f735466cecf":"f.2D1B8265A78BA1487979886821B0C8C8.d.60F5512EA67EA882C536AB6A097C926D.e.1033","ELEMENT":"f.2D1B8265A78BA1487979886821B0C8C8.d.60F5512EA67EA882C536AB6A097C926D.e.1033"}]}
COMMAND: GET /session/e92654ce08529da6aa8a1ad9d55850b5/element/f.2D1B8265A78BA1487979886821B0C8C8.d.60F5512EA67EA882C536AB6A097C926D.e.1033/enabled - {}
COMMAND: GET /session/e92654ce08529da6aa8a1ad9d55850b5/screenshot - {}
RESULT: {}
COMMAND: POST /session/e92654ce08529da6aa8a1ad9d55850b5/execute/sync - {"script":"<script> [8489 bytes]","args":[{"element-6066-11e4-a52e-4f735466cecf":"f.2D1B8265A78BA1487979886821B0C8C8.d.60F5512EA67EA882C536AB6A097C926D.e.1033","ELEMENT":"f.2D1B8265A78BA1487979886821B0C8C8.d.60F5512EA67EA882C536AB6A097C926D.e.1033"}]}
COMMAND: GET /session/e92654ce08529da6aa8a1ad9d55850b5/screenshot - {}
RESULT: {}
RESULT: {"script":"<script> [8489 bytes]","args":[{"element-6066-11e4-a52e-4f735466cecf":"f.2D1B8265A78BA1487979886821B0C8C8.d.60F5512EA67EA882C536AB6A097C926D.e.1033","ELEMENT":"f.2D1B8265A78BA1487979886821B0C8C8.d.60F5512EA67EA882C536AB6A097C926D.e.1033"}]}
COMMAND: POST /session/e92654ce08529da6aa8a1ad9d55850b5/execute/sync - {"script":"<script> [5351 bytes]","args":[{"element-6066-11e4-a52e-4f735466cecf":"f.2D1B8265A78BA1487979886821B0C8C8.d.60F5512EA67EA882C536AB6A097C926D.e.1033","ELEMENT":"f.2D1B8265A78BA1487979886821B0C8C8.d.60F5512EA67EA882C536AB6A097C926D.e.1033"}]}
COMMAND: GET /session/e92654ce08529da6aa8a1ad9d55850b5/screenshot - {}
RESULT: {}
RESULT: {"script":"<script> [5351 bytes]","args":[{"element-6066-11e4-a52e-4f735466cecf":"f.2D1B8265A78BA1487979886821B0C8C8.d.60F5512EA67EA882C536AB6A097C926D.e.1033","ELEMENT":"f.2D1B8265A78BA1487979886821B0C8C8.d.60F5512EA67EA882C536AB6A097C926D.e.1033"}]}
COMMAND: POST /session/e92654ce08529da6aa8a1ad9d55850b5/element/f.2D1B8265A78BA1487979886821B0C8C8.d.60F5512EA67EA882C536AB6A097C926D.e.1033/click - {}
COMMAND: GET /session/e92654ce08529da6aa8a1ad9d55850b5/screenshot - {}
RESULT: {}
RESULT: {}
COMMAND: GET /session/e92654ce08529da6aa8a1ad9d55850b5/screenshot - {}
COMMAND: POST /session/e92654ce08529da6aa8a1ad9d55850b5/execute/async - {"script":"<script> [1562 bytes]","args":[{"selector":{"id":"application-managepartners-display-component---NewPartner--addressDetailDetailsName1","interaction":{"idSuffix":"inner"}},"wdio_ui5_key":"applicationmanagepartners-display-component---NewPartner--addressDetailDetailsName1"}]}
RESULT: {}
RESULT: {}
RESULT: {"script":"<script> [1562 bytes]","args":[{"selector":{"id":"application-managepartners-display-component---NewPartner--addressDetailDetailsName1","interaction":{"idSuffix":"inner"}},"wdio_ui5_key":"applicationmanagepartners-display-component---NewPartner--addressDetailDetailsName1"}]}
RESULT: undefined
COMMAND: POST /session/e92654ce08529da6aa8a1ad9d55850b5/execute/async - {"script":"<script> [776 bytes]","args":[{"enterText":"External Partner WDIO","selector":{"id":"application-managepartners-display-component---NewPartner--addressDetailDetailsName1","interaction":{"idSuffix":"inner"}},"clearTextFirst":true,"interactionType":"ENTER_TEXT"}]}
RESULT: {"script":"<script> [776 bytes]","args":[{"enterText":"External Partner WDIO","selector":{"id":"application-managepartners-display-component---NewPartner--addressDetailDetailsName1","interaction":{"idSuffix":"inner"}},"clearTextFirst":true,"interactionType":"ENTER_TEXT"}]}
COMMAND: POST /session/e92654ce08529da6aa8a1ad9d55850b5/execute/async - {"script":"<script> [1562 bytes]","args":[{"selector":{"id":"application-managepartners-display-component---NewPartner--addressDetailDetailsLanguage-arrow"},"wdio_ui5_key":"applicationmanagepartners-display-component---NewPartner--addressDetailDetailsLanguage-arrow"}]}
RESULT: {"script":"<script> [1562 bytes]","args":[{"selector":{"id":"application-managepartners-display-component---NewPartner--addressDetailDetailsLanguage-arrow"},"wdio_ui5_key":"applicationmanagepartners-display-component---NewPartner--addressDetailDetailsLanguage-arrow"}]}
RESULT: undefined
COMMAND: POST /session/e92654ce08529da6aa8a1ad9d55850b5/element - {"using":"xpath","value":"//*[@id=\"application-managepartners-display-component---NewPartner--addressDetailDetailsLanguage-arrow\"]"}
RESULT: {"using":"xpath","value":"//*[@id=\"application-managepartners-display-component---NewPartner--addressDetailDetailsLanguage-arrow\"]"}
COMMAND: POST /session/e92654ce08529da6aa8a1ad9d55850b5/element/f.2D1B8265A78BA1487979886821B0C8C8.d.60F5512EA67EA882C536AB6A097C926D.e.1487/click - {}
RESULT: {}
COMMAND: POST /session/e92654ce08529da6aa8a1ad9d55850b5/element - {"using":"xpath","value":"//span[contains(text(), \"English\")]"}
COMMAND: GET /session/e92654ce08529da6aa8a1ad9d55850b5/screenshot - {}
RESULT: {"using":"xpath","value":"//span[contains(text(), \"English\")]"}
COMMAND: POST /session/e92654ce08529da6aa8a1ad9d55850b5/element/f.2D1B8265A78BA1487979886821B0C8C8.d.60F5512EA67EA882C536AB6A097C926D.e.1488/click - {}
RESULT: {}
RESULT: {}
COMMAND: GET /session/e92654ce08529da6aa8a1ad9d55850b5/screenshot - {}
RESULT: {}
COMMAND: POST /session/e92654ce08529da6aa8a1ad9d55850b5/execute/async - {"script":"<script> [1562 bytes]","args":[{"selector":{"id":"application-managepartners-display-component---NewPartner--addressDetailDetailsCity1","interaction":{"idSuffix":"inner"}},"wdio_ui5_key":"applicationmanagepartners-display-component---NewPartner--addressDetailDetailsCity1"}]}
RESULT: {"script":"<script> [1562 bytes]","args":[{"selector":{"id":"application-managepartners-display-component---NewPartner--addressDetailDetailsCity1","interaction":{"idSuffix":"inner"}},"wdio_ui5_key":"applicationmanagepartners-display-component---NewPartner--addressDetailDetailsCity1"}]}
RESULT: undefined
COMMAND: POST /session/e92654ce08529da6aa8a1ad9d55850b5/execute/async - {"script":"<script> [776 bytes]","args":[{"enterText":"Rosario","selector":{"id":"application-managepartners-display-component---NewPartner--addressDetailDetailsCity1","interaction":{"idSuffix":"inner"}},"clearTextFirst":true,"interactionType":"ENTER_TEXT"}]}
RESULT: {"script":"<script> [776 bytes]","args":[{"enterText":"Rosario","selector":{"id":"application-managepartners-display-component---NewPartner--addressDetailDetailsCity1","interaction":{"idSuffix":"inner"}},"clearTextFirst":true,"interactionType":"ENTER_TEXT"}]}
COMMAND: POST /session/e92654ce08529da6aa8a1ad9d55850b5/execute/async - {"script":"<script> [1562 bytes]","args":[{"selector":{"id":"application-managepartners-display-component---NewPartner--addressDetailDetailsCountry-arrow"},"wdio_ui5_key":"applicationmanagepartners-display-component---NewPartner--addressDetailDetailsCountry-arrow"}]}
RESULT: {"script":"<script> [1562 bytes]","args":[{"selector":{"id":"application-managepartners-display-component---NewPartner--addressDetailDetailsCountry-arrow"},"wdio_ui5_key":"applicationmanagepartners-display-component---NewPartner--addressDetailDetailsCountry-arrow"}]}
RESULT: undefined
COMMAND: POST /session/e92654ce08529da6aa8a1ad9d55850b5/element - {"using":"xpath","value":"//*[@id=\"application-managepartners-display-component---NewPartner--addressDetailDetailsCountry-arrow\"]"}
RESULT: {"using":"xpath","value":"//*[@id=\"application-managepartners-display-component---NewPartner--addressDetailDetailsCountry-arrow\"]"}
COMMAND: POST /session/e92654ce08529da6aa8a1ad9d55850b5/element/f.2D1B8265A78BA1487979886821B0C8C8.d.60F5512EA67EA882C536AB6A097C926D.e.1473/click - {}
RESULT: {}
COMMAND: POST /session/e92654ce08529da6aa8a1ad9d55850b5/element - {"using":"xpath","value":"//span[contains(text(), \"Argentina\")]"}
COMMAND: GET /session/e92654ce08529da6aa8a1ad9d55850b5/screenshot - {}
RESULT: {"using":"xpath","value":"//span[contains(text(), \"Argentina\")]"}
COMMAND: POST /session/e92654ce08529da6aa8a1ad9d55850b5/element/f.2D1B8265A78BA1487979886821B0C8C8.d.60F5512EA67EA882C536AB6A097C926D.e.1490/click - {}
RESULT: {}
RESULT: {}
COMMAND: GET /session/e92654ce08529da6aa8a1ad9d55850b5/screenshot - {}
RESULT: {}
COMMAND: POST /session/e92654ce08529da6aa8a1ad9d55850b5/element - {"using":"xpath","value":"//bdi[contains(text(), \"Commercial\")]"}
RESULT: {"using":"xpath","value":"//bdi[contains(text(), \"Commercial\")]"}
COMMAND: POST /session/e92654ce08529da6aa8a1ad9d55850b5/element/f.2D1B8265A78BA1487979886821B0C8C8.d.60F5512EA67EA882C536AB6A097C926D.e.1491/click - {}
RESULT: {}
COMMAND: GET /session/e92654ce08529da6aa8a1ad9d55850b5/screenshot - {}
RESULT: {}
COMMAND: POST /session/e92654ce08529da6aa8a1ad9d55850b5/execute/async - {"script":"<script> [1562 bytes]","args":[{"selector":{"id":"application-managepartners-display-component---NewPartner--partnerDetailInternal-arrow"},"wdio_ui5_key":"applicationmanagepartners-display-component---NewPartner--partnerDetailInternal-arrow"}]}
RESULT: {"script":"<script> [1562 bytes]","args":[{"selector":{"id":"application-managepartners-display-component---NewPartner--partnerDetailInternal-arrow"},"wdio_ui5_key":"applicationmanagepartners-display-component---NewPartner--partnerDetailInternal-arrow"}]}
RESULT: undefined
COMMAND: POST /session/e92654ce08529da6aa8a1ad9d55850b5/element - {"using":"xpath","value":"//*[@id=\"application-managepartners-display-component---NewPartner--partnerDetailInternal-arrow\"]"}
RESULT: {"using":"xpath","value":"//*[@id=\"application-managepartners-display-component---NewPartner--partnerDetailInternal-arrow\"]"}
COMMAND: POST /session/e92654ce08529da6aa8a1ad9d55850b5/element/f.2D1B8265A78BA1487979886821B0C8C8.d.60F5512EA67EA882C536AB6A097C926D.e.1497/click - {}
RESULT: {}
COMMAND: POST /session/e92654ce08529da6aa8a1ad9d55850b5/element - {"using":"xpath","value":"//span[contains(text(), \"External partner\")]"}
COMMAND: GET /session/e92654ce08529da6aa8a1ad9d55850b5/screenshot - {}
RESULT: {"using":"xpath","value":"//span[contains(text(), \"External partner\")]"}
COMMAND: POST /session/e92654ce08529da6aa8a1ad9d55850b5/element/f.2D1B8265A78BA1487979886821B0C8C8.d.60F5512EA67EA882C536AB6A097C926D.e.1498/click - {}
RESULT: {}
RESULT: {}
COMMAND: POST /session/e92654ce08529da6aa8a1ad9d55850b5/execute/async - {"script":"<script> [1562 bytes]","args":[{"selector":{"id":"application-managepartners-display-component---NewPartner--partnerDetailsCurrency-arrow"},"wdio_ui5_key":"applicationmanagepartners-display-component---NewPartner--partnerDetailsCurrency-arrow"}]}
COMMAND: GET /session/e92654ce08529da6aa8a1ad9d55850b5/screenshot - {}
RESULT: {"script":"<script> [1562 bytes]","args":[{"selector":{"id":"application-managepartners-display-component---NewPartner--partnerDetailsCurrency-arrow"},"wdio_ui5_key":"applicationmanagepartners-display-component---NewPartner--partnerDetailsCurrency-arrow"}]}
RESULT: undefined
COMMAND: POST /session/e92654ce08529da6aa8a1ad9d55850b5/element - {"using":"xpath","value":"//*[@id=\"application-managepartners-display-component---NewPartner--partnerDetailsCurrency-arrow\"]"}
RESULT: {}
RESULT: {"using":"xpath","value":"//*[@id=\"application-managepartners-display-component---NewPartner--partnerDetailsCurrency-arrow\"]"}
COMMAND: POST /session/e92654ce08529da6aa8a1ad9d55850b5/element/f.2D1B8265A78BA1487979886821B0C8C8.d.60F5512EA67EA882C536AB6A097C926D.e.1503/click - {}
RESULT: {}
COMMAND: POST /session/e92654ce08529da6aa8a1ad9d55850b5/element - {"using":"xpath","value":"//span[contains(text(), \"US Dollar\")]"}
COMMAND: GET /session/e92654ce08529da6aa8a1ad9d55850b5/screenshot - {}
RESULT: {"using":"xpath","value":"//span[contains(text(), \"US Dollar\")]"}
COMMAND: POST /session/e92654ce08529da6aa8a1ad9d55850b5/element/f.2D1B8265A78BA1487979886821B0C8C8.d.60F5512EA67EA882C536AB6A097C926D.e.1504/click - {}
RESULT: {}
RESULT: {}
COMMAND: GET /session/e92654ce08529da6aa8a1ad9d55850b5/screenshot - {}
RESULT: {}
COMMAND: POST /session/e92654ce08529da6aa8a1ad9d55850b5/element - {"using":"xpath","value":"//input[@id=\"application-managepartners-display-component---NewPartner--companyCodeComboBox-inner\"]"}
RESULT: {"using":"xpath","value":"//input[@id=\"application-managepartners-display-component---NewPartner--companyCodeComboBox-inner\"]"}
COMMAND: POST /session/e92654ce08529da6aa8a1ad9d55850b5/element/f.2D1B8265A78BA1487979886821B0C8C8.d.60F5512EA67EA882C536AB6A097C926D.e.1346/clear - {}
RESULT: {}
COMMAND: POST /session/e92654ce08529da6aa8a1ad9d55850b5/element/f.2D1B8265A78BA1487979886821B0C8C8.d.60F5512EA67EA882C536AB6A097C926D.e.1346/value - {"text":"C002"}
COMMAND: GET /session/e92654ce08529da6aa8a1ad9d55850b5/screenshot - {}
RESULT: {"text":"C002"}
COMMAND: GET /session/e92654ce08529da6aa8a1ad9d55850b5/screenshot - {}
RESULT: {}
RESULT: {}
COMMAND: POST /session/e92654ce08529da6aa8a1ad9d55850b5/element - {"using":"xpath","value":"//span[contains(text(), \"C002\")]"}
RESULT: {"using":"xpath","value":"//span[contains(text(), \"C002\")]"}
COMMAND: POST /session/e92654ce08529da6aa8a1ad9d55850b5/element/f.2D1B8265A78BA1487979886821B0C8C8.d.60F5512EA67EA882C536AB6A097C926D.e.1508/click - {}
RESULT: {}
COMMAND: GET /session/e92654ce08529da6aa8a1ad9d55850b5/screenshot - {}
RESULT: {}
COMMAND: POST /session/e92654ce08529da6aa8a1ad9d55850b5/execute/async - {"script":"<script> [1562 bytes]","args":[{"selector":{"id":"application-managepartners-display-component---NewPartner--btnAddTableRow-img"},"wdio_ui5_key":"applicationmanagepartners-display-component---NewPartner--btnAddTableRow-img"}]}
RESULT: {"script":"<script> [1562 bytes]","args":[{"selector":{"id":"application-managepartners-display-component---NewPartner--btnAddTableRow-img"},"wdio_ui5_key":"applicationmanagepartners-display-component---NewPartner--btnAddTableRow-img"}]}
RESULT: undefined
COMMAND: POST /session/e92654ce08529da6aa8a1ad9d55850b5/element - {"using":"xpath","value":"//*[@id=\"application-managepartners-display-component---NewPartner--btnAddTableRow-img\"]"}
RESULT: {"using":"xpath","value":"//*[@id=\"application-managepartners-display-component---NewPartner--btnAddTableRow-img\"]"}
COMMAND: POST /session/e92654ce08529da6aa8a1ad9d55850b5/element/f.2D1B8265A78BA1487979886821B0C8C8.d.60F5512EA67EA882C536AB6A097C926D.e.1509/click - {}
RESULT: {}
COMMAND: GET /session/e92654ce08529da6aa8a1ad9d55850b5/screenshot - {}
RESULT: {}
COMMAND: POST /session/e92654ce08529da6aa8a1ad9d55850b5/element - {"using":"xpath","value":"//input[@id=\"application-managepartners-display-component---NewPartner--assignmentYard-application-managepartners-display-component---NewPartner--assignmentsTable-0-inner\"]"}
RESULT: {"using":"xpath","value":"//input[@id=\"application-managepartners-display-component---NewPartner--assignmentYard-application-managepartners-display-component---NewPartner--assignmentsTable-0-inner\"]"}
COMMAND: POST /session/e92654ce08529da6aa8a1ad9d55850b5/element/f.2D1B8265A78BA1487979886821B0C8C8.d.60F5512EA67EA882C536AB6A097C926D.e.1512/clear - {}
RESULT: {}
COMMAND: POST /session/e92654ce08529da6aa8a1ad9d55850b5/element/f.2D1B8265A78BA1487979886821B0C8C8.d.60F5512EA67EA882C536AB6A097C926D.e.1512/value - {"text":"650"}
COMMAND: GET /session/e92654ce08529da6aa8a1ad9d55850b5/screenshot - {}
RESULT: {"text":"650"}
COMMAND: GET /session/e92654ce08529da6aa8a1ad9d55850b5/screenshot - {}
RESULT: {}
RESULT: {}
COMMAND: POST /session/e92654ce08529da6aa8a1ad9d55850b5/element - {"using":"xpath","value":"//li[.//span[text()='650']]"}
RESULT: {"using":"xpath","value":"//li[.//span[text()='650']]"}
COMMAND: POST /session/e92654ce08529da6aa8a1ad9d55850b5/element/f.2D1B8265A78BA1487979886821B0C8C8.d.60F5512EA67EA882C536AB6A097C926D.e.1520/click - {}
RESULT: {}
COMMAND: GET /session/e92654ce08529da6aa8a1ad9d55850b5/screenshot - {}
RESULT: {}
COMMAND: POST /session/e92654ce08529da6aa8a1ad9d55850b5/actions - {"actions":[{"id":"action2","type":"key","parameters":{},"actions":[{"type":"keyDown","value":""},{"type":"pause","duration":10},{"type":"keyUp","value":""}]}]}
RESULT: {"actions":[{"id":"action2","type":"key","parameters":{},"actions":[{"type":"keyDown","value":""},{"type":"pause","duration":10},{"type":"keyUp","value":""}]}]}
COMMAND: POST /session/e92654ce08529da6aa8a1ad9d55850b5/element - {"using":"xpath","value":"//td[contains(@id, \"assignmentsTable-0-cell2\")]/div/div"}
COMMAND: GET /session/e92654ce08529da6aa8a1ad9d55850b5/screenshot - {}
RESULT: {"using":"xpath","value":"//td[contains(@id, \"assignmentsTable-0-cell2\")]/div/div"}
COMMAND: POST /session/e92654ce08529da6aa8a1ad9d55850b5/element/f.2D1B8265A78BA1487979886821B0C8C8.d.60F5512EA67EA882C536AB6A097C926D.e.1523/click - {}
RESULT: {}
RESULT: {}
COMMAND: GET /session/e92654ce08529da6aa8a1ad9d55850b5/screenshot - {}
RESULT: {}
COMMAND: POST /session/e92654ce08529da6aa8a1ad9d55850b5/element - {"using":"xpath","value":"//button[@data-kt=\"saveButton\"]"}
RESULT: {"using":"xpath","value":"//button[@data-kt=\"saveButton\"]"}
COMMAND: POST /session/e92654ce08529da6aa8a1ad9d55850b5/element/f.2D1B8265A78BA1487979886821B0C8C8.d.60F5512EA67EA882C536AB6A097C926D.e.1413/click - {}
RESULT: {}
COMMAND: GET /session/e92654ce08529da6aa8a1ad9d55850b5/screenshot - {}
RESULT: {}
COMMAND: POST /session/e92654ce08529da6aa8a1ad9d55850b5/element - {"using":"xpath","value":"//header[contains(@id, 'ObjectPageLayout-headerTitle')]/div[1]/div[2]/div[2]/span[1]"}
RESULT: {"using":"xpath","value":"//header[contains(@id, 'ObjectPageLayout-headerTitle')]/div[1]/div[2]/div[2]/span[1]"}
COMMAND: POST /session/e92654ce08529da6aa8a1ad9d55850b5/elements - {"using":"xpath","value":"//header[contains(@id, 'ObjectPageLayout-headerTitle')]/div[1]/div[2]/div[2]/span[1]"}
RESULT: {"using":"xpath","value":"//header[contains(@id, 'ObjectPageLayout-headerTitle')]/div[1]/div[2]/div[2]/span[1]"}
COMMAND: POST /session/e92654ce08529da6aa8a1ad9d55850b5/execute/sync - {"script":"<script> [56 bytes]","args":[{"element-6066-11e4-a52e-4f735466cecf":"f.2D1B8265A78BA1487979886821B0C8C8.d.60F5512EA67EA882C536AB6A097C926D.e.1686","ELEMENT":"f.2D1B8265A78BA1487979886821B0C8C8.d.60F5512EA67EA882C536AB6A097C926D.e.1686"}]}
RESULT: {"script":"<script> [56 bytes]","args":[{"element-6066-11e4-a52e-4f735466cecf":"f.2D1B8265A78BA1487979886821B0C8C8.d.60F5512EA67EA882C536AB6A097C926D.e.1686","ELEMENT":"f.2D1B8265A78BA1487979886821B0C8C8.d.60F5512EA67EA882C536AB6A097C926D.e.1686"}]}
COMMAND: POST /session/e92654ce08529da6aa8a1ad9d55850b5/element - {"using":"css selector","value":"#shell-header-logo"}
COMMAND: GET /session/e92654ce08529da6aa8a1ad9d55850b5/screenshot - {}
RESULT: {"using":"css selector","value":"#shell-header-logo"}
COMMAND: POST /session/e92654ce08529da6aa8a1ad9d55850b5/element/f.2D1B8265A78BA1487979886821B0C8C8.d.60F5512EA67EA882C536AB6A097C926D.e.998/click - {}
RESULT: {}
RESULT: {}
COMMAND: GET /session/e92654ce08529da6aa8a1ad9d55850b5/screenshot - {}
RESULT: {}
COMMAND: POST /session/e92654ce08529da6aa8a1ad9d55850b5/execute/sync - {"script":"<script> [299 bytes]","args":[["getModel","getResource"]]}
RESULT: {"script":"<script> [299 bytes]","args":[["getModel","getResource"]]}
]]></system-out>
    </testcase>
    <testcase classname="chrome.135_0_7049_42.windows.Partner_specific_tests_US150819_US151080_US151654_US151176_US103444_US151078_US151079_US151109_US151174_US151175_US151189" name="Should filter and search partners US151080" time="91.033">
      <system-out><![CDATA[
COMMAND: GET /session/e92654ce08529da6aa8a1ad9d55850b5/screenshot - {}
COMMAND: POST /session/e92654ce08529da6aa8a1ad9d55850b5/element - {"using":"xpath","value":"//li[.//span[text()=\"Manage Partners\"]]"}
RESULT: {}
RESULT: {"using":"xpath","value":"//li[.//span[text()=\"Manage Partners\"]]"}
COMMAND: POST /session/e92654ce08529da6aa8a1ad9d55850b5/element - {"using":"xpath","value":"//li[.//span[text()=\"Manage Partners\"]]"}
RESULT: {"using":"xpath","value":"//li[.//span[text()=\"Manage Partners\"]]"}
COMMAND: POST /session/e92654ce08529da6aa8a1ad9d55850b5/element - {"using":"css selector","value":"#shell-header-logo"}
RESULT: {"using":"css selector","value":"#shell-header-logo"}
COMMAND: POST /session/e92654ce08529da6aa8a1ad9d55850b5/element/f.2D1B8265A78BA1487979886821B0C8C8.d.60F5512EA67EA882C536AB6A097C926D.e.1688/click - {}
COMMAND: POST /session/e92654ce08529da6aa8a1ad9d55850b5/execute/sync - {"script":"<script> [8489 bytes]","args":[{"element-6066-11e4-a52e-4f735466cecf":"f.2D1B8265A78BA1487979886821B0C8C8.d.60F5512EA67EA882C536AB6A097C926D.e.1688","ELEMENT":"f.2D1B8265A78BA1487979886821B0C8C8.d.60F5512EA67EA882C536AB6A097C926D.e.1688"}]}
RESULT: {}
COMMAND: GET /session/e92654ce08529da6aa8a1ad9d55850b5/screenshot - {}
RESULT: {"script":"<script> [8489 bytes]","args":[{"element-6066-11e4-a52e-4f735466cecf":"f.2D1B8265A78BA1487979886821B0C8C8.d.60F5512EA67EA882C536AB6A097C926D.e.1688","ELEMENT":"f.2D1B8265A78BA1487979886821B0C8C8.d.60F5512EA67EA882C536AB6A097C926D.e.1688"}]}
COMMAND: POST /session/e92654ce08529da6aa8a1ad9d55850b5/execute/sync - {"script":"<script> [5351 bytes]","args":[{"element-6066-11e4-a52e-4f735466cecf":"f.2D1B8265A78BA1487979886821B0C8C8.d.60F5512EA67EA882C536AB6A097C926D.e.1688","ELEMENT":"f.2D1B8265A78BA1487979886821B0C8C8.d.60F5512EA67EA882C536AB6A097C926D.e.1688"}]}
COMMAND: GET /session/e92654ce08529da6aa8a1ad9d55850b5/screenshot - {}
RESULT: {}
RESULT: {"script":"<script> [5351 bytes]","args":[{"element-6066-11e4-a52e-4f735466cecf":"f.2D1B8265A78BA1487979886821B0C8C8.d.60F5512EA67EA882C536AB6A097C926D.e.1688","ELEMENT":"f.2D1B8265A78BA1487979886821B0C8C8.d.60F5512EA67EA882C536AB6A097C926D.e.1688"}]}
COMMAND: GET /session/e92654ce08529da6aa8a1ad9d55850b5/screenshot - {}
RESULT: {}
RESULT: {}
RESULT: undefined
COMMAND: POST /session/e92654ce08529da6aa8a1ad9d55850b5/element - {"using":"xpath","value":"//*[@id=\"__tile38\"]"}
RESULT: {"using":"xpath","value":"//*[@id=\"__tile38\"]"}
COMMAND: POST /session/e92654ce08529da6aa8a1ad9d55850b5/element/f.2D1B8265A78BA1487979886821B0C8C8.d.60F5512EA67EA882C536AB6A097C926D.e.147/click - {}
RESULT: {}
COMMAND: POST /session/e92654ce08529da6aa8a1ad9d55850b5/element - {"using":"xpath","value":"//button[@data-kt=\"addButton\"]"}
COMMAND: GET /session/e92654ce08529da6aa8a1ad9d55850b5/screenshot - {}
RESULT: {"using":"xpath","value":"//button[@data-kt=\"addButton\"]"}
COMMAND: POST /session/e92654ce08529da6aa8a1ad9d55850b5/elements - {"using":"xpath","value":"//button[@data-kt=\"addButton\"]"}
RESULT: {}
RESULT: {"using":"xpath","value":"//button[@data-kt=\"addButton\"]"}
COMMAND: POST /session/e92654ce08529da6aa8a1ad9d55850b5/elements - {"using":"xpath","value":"//button[@data-kt=\"addButton\"]"}
RESULT: {"using":"xpath","value":"//button[@data-kt=\"addButton\"]"}
COMMAND: POST /session/e92654ce08529da6aa8a1ad9d55850b5/elements - {"using":"xpath","value":"//button[@data-kt=\"addButton\"]"}
RESULT: {"using":"xpath","value":"//button[@data-kt=\"addButton\"]"}
COMMAND: POST /session/e92654ce08529da6aa8a1ad9d55850b5/elements - {"using":"xpath","value":"//button[@data-kt=\"addButton\"]"}
RESULT: {"using":"xpath","value":"//button[@data-kt=\"addButton\"]"}
COMMAND: POST /session/e92654ce08529da6aa8a1ad9d55850b5/element - {"using":"xpath","value":"//button[@data-kt=\"addButton\"]"}
RESULT: {"using":"xpath","value":"//button[@data-kt=\"addButton\"]"}
COMMAND: POST /session/e92654ce08529da6aa8a1ad9d55850b5/execute/sync - {"script":"<script> [8489 bytes]","args":[{"element-6066-11e4-a52e-4f735466cecf":"f.2D1B8265A78BA1487979886821B0C8C8.d.60F5512EA67EA882C536AB6A097C926D.e.1723","ELEMENT":"f.2D1B8265A78BA1487979886821B0C8C8.d.60F5512EA67EA882C536AB6A097C926D.e.1723"}]}
RESULT: {"script":"<script> [8489 bytes]","args":[{"element-6066-11e4-a52e-4f735466cecf":"f.2D1B8265A78BA1487979886821B0C8C8.d.60F5512EA67EA882C536AB6A097C926D.e.1723","ELEMENT":"f.2D1B8265A78BA1487979886821B0C8C8.d.60F5512EA67EA882C536AB6A097C926D.e.1723"}]}
COMMAND: GET /session/e92654ce08529da6aa8a1ad9d55850b5/element/f.2D1B8265A78BA1487979886821B0C8C8.d.60F5512EA67EA882C536AB6A097C926D.e.1723/enabled - {}
COMMAND: GET /session/e92654ce08529da6aa8a1ad9d55850b5/screenshot - {}
RESULT: {}
COMMAND: POST /session/e92654ce08529da6aa8a1ad9d55850b5/execute/sync - {"script":"<script> [8489 bytes]","args":[{"element-6066-11e4-a52e-4f735466cecf":"f.2D1B8265A78BA1487979886821B0C8C8.d.60F5512EA67EA882C536AB6A097C926D.e.1723","ELEMENT":"f.2D1B8265A78BA1487979886821B0C8C8.d.60F5512EA67EA882C536AB6A097C926D.e.1723"}]}
COMMAND: GET /session/e92654ce08529da6aa8a1ad9d55850b5/screenshot - {}
RESULT: {}
RESULT: {"script":"<script> [8489 bytes]","args":[{"element-6066-11e4-a52e-4f735466cecf":"f.2D1B8265A78BA1487979886821B0C8C8.d.60F5512EA67EA882C536AB6A097C926D.e.1723","ELEMENT":"f.2D1B8265A78BA1487979886821B0C8C8.d.60F5512EA67EA882C536AB6A097C926D.e.1723"}]}
COMMAND: POST /session/e92654ce08529da6aa8a1ad9d55850b5/execute/sync - {"script":"<script> [5351 bytes]","args":[{"element-6066-11e4-a52e-4f735466cecf":"f.2D1B8265A78BA1487979886821B0C8C8.d.60F5512EA67EA882C536AB6A097C926D.e.1723","ELEMENT":"f.2D1B8265A78BA1487979886821B0C8C8.d.60F5512EA67EA882C536AB6A097C926D.e.1723"}]}
COMMAND: GET /session/e92654ce08529da6aa8a1ad9d55850b5/screenshot - {}
RESULT: {}
RESULT: {"script":"<script> [5351 bytes]","args":[{"element-6066-11e4-a52e-4f735466cecf":"f.2D1B8265A78BA1487979886821B0C8C8.d.60F5512EA67EA882C536AB6A097C926D.e.1723","ELEMENT":"f.2D1B8265A78BA1487979886821B0C8C8.d.60F5512EA67EA882C536AB6A097C926D.e.1723"}]}
COMMAND: GET /session/e92654ce08529da6aa8a1ad9d55850b5/screenshot - {}
RESULT: {}
RESULT: {}
COMMAND: POST /session/e92654ce08529da6aa8a1ad9d55850b5/execute/async - {"script":"<script> [1562 bytes]","args":[{"selector":{"id":"application-managepartners-display-component---masterPtm--smartTable-btnPersonalisation-img"},"wdio_ui5_key":"applicationmanagepartners-display-component---masterPtm--smartTable-btnPersonalisation-img"}]}
RESULT: {"script":"<script> [1562 bytes]","args":[{"selector":{"id":"application-managepartners-display-component---masterPtm--smartTable-btnPersonalisation-img"},"wdio_ui5_key":"applicationmanagepartners-display-component---masterPtm--smartTable-btnPersonalisation-img"}]}
RESULT: undefined
COMMAND: POST /session/e92654ce08529da6aa8a1ad9d55850b5/element - {"using":"xpath","value":"//*[@id=\"application-managepartners-display-component---masterPtm--smartTable-btnPersonalisation-img\"]"}
RESULT: {"using":"xpath","value":"//*[@id=\"application-managepartners-display-component---masterPtm--smartTable-btnPersonalisation-img\"]"}
COMMAND: POST /session/e92654ce08529da6aa8a1ad9d55850b5/element/f.2D1B8265A78BA1487979886821B0C8C8.d.60F5512EA67EA882C536AB6A097C926D.e.1739/click - {}
RESULT: {}
COMMAND: GET /session/e92654ce08529da6aa8a1ad9d55850b5/screenshot - {}
RESULT: {}
COMMAND: POST /session/e92654ce08529da6aa8a1ad9d55850b5/execute/async - {"script":"<script> [1562 bytes]","args":[{"selector":{"controlType":"sap.m.IconTabFilter","viewName":"etm.portal.ui.managepartners.view.Master","viewId":"application-managepartners-display-component---masterPtm","properties":{"text":"Sort"},"searchOpenDialogs":true,"interaction":{"idSuffix":"text"}},"wdio_ui5_key":"etmportal.ui.managepartners.view.Mastersap.m.IconTabFilter{\"text\":\"Sort\"}"}]}
RESULT: {"script":"<script> [1562 bytes]","args":[{"selector":{"controlType":"sap.m.IconTabFilter","viewName":"etm.portal.ui.managepartners.view.Master","viewId":"application-managepartners-display-component---masterPtm","properties":{"text":"Sort"},"searchOpenDialogs":true,"interaction":{"idSuffix":"text"}},"wdio_ui5_key":"etmportal.ui.managepartners.view.Mastersap.m.IconTabFilter{\"text\":\"Sort\"}"}]}
RESULT: undefined
COMMAND: POST /session/e92654ce08529da6aa8a1ad9d55850b5/element - {"using":"xpath","value":"//*[@id=\"__filter1\"]"}
RESULT: {"using":"xpath","value":"//*[@id=\"__filter1\"]"}
COMMAND: POST /session/e92654ce08529da6aa8a1ad9d55850b5/element/f.2D1B8265A78BA1487979886821B0C8C8.d.60F5512EA67EA882C536AB6A097C926D.e.1879/click - {}
RESULT: {}
COMMAND: GET /session/e92654ce08529da6aa8a1ad9d55850b5/screenshot - {}
RESULT: {}
COMMAND: POST /session/e92654ce08529da6aa8a1ad9d55850b5/element - {"using":"xpath","value":"//input[@placeholder=\"Sort by\"]/following-sibling::div//span"}
RESULT: {"using":"xpath","value":"//input[@placeholder=\"Sort by\"]/following-sibling::div//span"}
COMMAND: POST /session/e92654ce08529da6aa8a1ad9d55850b5/element/f.2D1B8265A78BA1487979886821B0C8C8.d.60F5512EA67EA882C536AB6A097C926D.e.1881/click - {}
RESULT: {}
COMMAND: GET /session/e92654ce08529da6aa8a1ad9d55850b5/screenshot - {}
RESULT: {}
COMMAND: POST /session/e92654ce08529da6aa8a1ad9d55850b5/element - {"using":"xpath","value":"//li[.//span[text()=\"Language\"]]"}
RESULT: {"using":"xpath","value":"//li[.//span[text()=\"Language\"]]"}
COMMAND: POST /session/e92654ce08529da6aa8a1ad9d55850b5/element/f.2D1B8265A78BA1487979886821B0C8C8.d.60F5512EA67EA882C536AB6A097C926D.e.1882/click - {}
RESULT: {}
COMMAND: GET /session/e92654ce08529da6aa8a1ad9d55850b5/screenshot - {}
RESULT: {}
COMMAND: POST /session/e92654ce08529da6aa8a1ad9d55850b5/element - {"using":"xpath","value":"//bdi[contains(text(), \"OK\")]"}
RESULT: {"using":"xpath","value":"//bdi[contains(text(), \"OK\")]"}
COMMAND: POST /session/e92654ce08529da6aa8a1ad9d55850b5/element/f.2D1B8265A78BA1487979886821B0C8C8.d.60F5512EA67EA882C536AB6A097C926D.e.1886/click - {}
RESULT: {}
COMMAND: GET /session/e92654ce08529da6aa8a1ad9d55850b5/screenshot - {}
RESULT: {}
COMMAND: POST /session/e92654ce08529da6aa8a1ad9d55850b5/element - {"using":"xpath","value":"//table[contains(@id, \"customPartnersTable\")]//tbody/tr[1]/td[3]/span"}
RESULT: {"using":"xpath","value":"//table[contains(@id, \"customPartnersTable\")]//tbody/tr[1]/td[3]/span"}
COMMAND: POST /session/e92654ce08529da6aa8a1ad9d55850b5/execute/sync - {"script":"<script> [56 bytes]","args":[{"element-6066-11e4-a52e-4f735466cecf":"f.2D1B8265A78BA1487979886821B0C8C8.d.60F5512EA67EA882C536AB6A097C926D.e.2018","ELEMENT":"f.2D1B8265A78BA1487979886821B0C8C8.d.60F5512EA67EA882C536AB6A097C926D.e.2018"}]}
RESULT: {"script":"<script> [56 bytes]","args":[{"element-6066-11e4-a52e-4f735466cecf":"f.2D1B8265A78BA1487979886821B0C8C8.d.60F5512EA67EA882C536AB6A097C926D.e.2018","ELEMENT":"f.2D1B8265A78BA1487979886821B0C8C8.d.60F5512EA67EA882C536AB6A097C926D.e.2018"}]}
RESULT: undefined
COMMAND: POST /session/e92654ce08529da6aa8a1ad9d55850b5/element - {"using":"xpath","value":"//*[@id=\"application-managepartners-display-component---masterPtm--smartTable-btnPersonalisation-img\"]"}
COMMAND: GET /session/e92654ce08529da6aa8a1ad9d55850b5/screenshot - {}
RESULT: {"using":"xpath","value":"//*[@id=\"application-managepartners-display-component---masterPtm--smartTable-btnPersonalisation-img\"]"}
COMMAND: POST /session/e92654ce08529da6aa8a1ad9d55850b5/element/f.2D1B8265A78BA1487979886821B0C8C8.d.60F5512EA67EA882C536AB6A097C926D.e.1739/click - {}
RESULT: {}
RESULT: {}
COMMAND: GET /session/e92654ce08529da6aa8a1ad9d55850b5/screenshot - {}
RESULT: {}
COMMAND: POST /session/e92654ce08529da6aa8a1ad9d55850b5/element - {"using":"xpath","value":"//bdi[contains(text(), \"Reset\")]"}
RESULT: {"using":"xpath","value":"//bdi[contains(text(), \"Reset\")]"}
COMMAND: POST /session/e92654ce08529da6aa8a1ad9d55850b5/element/f.2D1B8265A78BA1487979886821B0C8C8.d.60F5512EA67EA882C536AB6A097C926D.e.2022/click - {}
RESULT: {}
COMMAND: GET /session/e92654ce08529da6aa8a1ad9d55850b5/screenshot - {}
RESULT: {}
COMMAND: POST /session/e92654ce08529da6aa8a1ad9d55850b5/element - {"using":"xpath","value":"(//bdi[contains(text(), \"OK\")])[2]"}
RESULT: {"using":"xpath","value":"(//bdi[contains(text(), \"OK\")])[2]"}
COMMAND: POST /session/e92654ce08529da6aa8a1ad9d55850b5/element/f.2D1B8265A78BA1487979886821B0C8C8.d.60F5512EA67EA882C536AB6A097C926D.e.2025/click - {}
RESULT: {}
COMMAND: GET /session/e92654ce08529da6aa8a1ad9d55850b5/screenshot - {}
RESULT: {}
COMMAND: POST /session/e92654ce08529da6aa8a1ad9d55850b5/element - {"using":"xpath","value":"//bdi[contains(text(), \"OK\")]"}
RESULT: {"using":"xpath","value":"//bdi[contains(text(), \"OK\")]"}
COMMAND: POST /session/e92654ce08529da6aa8a1ad9d55850b5/element/f.2D1B8265A78BA1487979886821B0C8C8.d.60F5512EA67EA882C536AB6A097C926D.e.2084/click - {}
RESULT: {}
COMMAND: GET /session/e92654ce08529da6aa8a1ad9d55850b5/screenshot - {}
RESULT: {}
COMMAND: POST /session/e92654ce08529da6aa8a1ad9d55850b5/element - {"using":"xpath","value":"//table[contains(@id, \"customPartnersTable\")]//tbody/tr[1]/td[3]/span"}
RESULT: {"using":"xpath","value":"//table[contains(@id, \"customPartnersTable\")]//tbody/tr[1]/td[3]/span"}
COMMAND: POST /session/e92654ce08529da6aa8a1ad9d55850b5/execute/sync - {"script":"<script> [56 bytes]","args":[{"element-6066-11e4-a52e-4f735466cecf":"f.2D1B8265A78BA1487979886821B0C8C8.d.60F5512EA67EA882C536AB6A097C926D.e.2086","ELEMENT":"f.2D1B8265A78BA1487979886821B0C8C8.d.60F5512EA67EA882C536AB6A097C926D.e.2086"}]}
RESULT: {"script":"<script> [56 bytes]","args":[{"element-6066-11e4-a52e-4f735466cecf":"f.2D1B8265A78BA1487979886821B0C8C8.d.60F5512EA67EA882C536AB6A097C926D.e.2086","ELEMENT":"f.2D1B8265A78BA1487979886821B0C8C8.d.60F5512EA67EA882C536AB6A097C926D.e.2086"}]}
RESULT: undefined
COMMAND: POST /session/e92654ce08529da6aa8a1ad9d55850b5/element - {"using":"xpath","value":"//*[@id=\"application-managepartners-display-component---masterPtm--smartTable-btnPersonalisation-img\"]"}
COMMAND: GET /session/e92654ce08529da6aa8a1ad9d55850b5/screenshot - {}
RESULT: {"using":"xpath","value":"//*[@id=\"application-managepartners-display-component---masterPtm--smartTable-btnPersonalisation-img\"]"}
COMMAND: POST /session/e92654ce08529da6aa8a1ad9d55850b5/element/f.2D1B8265A78BA1487979886821B0C8C8.d.60F5512EA67EA882C536AB6A097C926D.e.1739/click - {}
RESULT: {}
RESULT: {}
COMMAND: GET /session/e92654ce08529da6aa8a1ad9d55850b5/screenshot - {}
RESULT: {}
COMMAND: POST /session/e92654ce08529da6aa8a1ad9d55850b5/execute/async - {"script":"<script> [1562 bytes]","args":[{"selector":{"controlType":"sap.m.IconTabFilter","viewName":"etm.portal.ui.managepartners.view.Master","viewId":"application-managepartners-display-component---masterPtm","properties":{"text":"Filter"},"searchOpenDialogs":true,"interaction":{"idSuffix":"text"}},"wdio_ui5_key":"etmportal.ui.managepartners.view.Mastersap.m.IconTabFilter{\"text\":\"Filter\"}"}]}
RESULT: {"script":"<script> [1562 bytes]","args":[{"selector":{"controlType":"sap.m.IconTabFilter","viewName":"etm.portal.ui.managepartners.view.Master","viewId":"application-managepartners-display-component---masterPtm","properties":{"text":"Filter"},"searchOpenDialogs":true,"interaction":{"idSuffix":"text"}},"wdio_ui5_key":"etmportal.ui.managepartners.view.Mastersap.m.IconTabFilter{\"text\":\"Filter\"}"}]}
RESULT: undefined
COMMAND: POST /session/e92654ce08529da6aa8a1ad9d55850b5/element - {"using":"xpath","value":"//*[@id=\"__filter10\"]"}
RESULT: {"using":"xpath","value":"//*[@id=\"__filter10\"]"}
COMMAND: POST /session/e92654ce08529da6aa8a1ad9d55850b5/element/f.2D1B8265A78BA1487979886821B0C8C8.d.60F5512EA67EA882C536AB6A097C926D.e.2091/click - {}
RESULT: {}
COMMAND: GET /session/e92654ce08529da6aa8a1ad9d55850b5/screenshot - {}
RESULT: {}
COMMAND: POST /session/e92654ce08529da6aa8a1ad9d55850b5/element - {"using":"xpath","value":"//input[@placeholder=\"Filter by\"]/following-sibling::div//span"}
RESULT: {"using":"xpath","value":"//input[@placeholder=\"Filter by\"]/following-sibling::div//span"}
COMMAND: POST /session/e92654ce08529da6aa8a1ad9d55850b5/element/f.2D1B8265A78BA1487979886821B0C8C8.d.60F5512EA67EA882C536AB6A097C926D.e.2093/click - {}
RESULT: {}
COMMAND: GET /session/e92654ce08529da6aa8a1ad9d55850b5/screenshot - {}
RESULT: {}
COMMAND: POST /session/e92654ce08529da6aa8a1ad9d55850b5/element - {"using":"xpath","value":"//li[.//span[text()=\"Preferred Yard\"]]"}
RESULT: {"using":"xpath","value":"//li[.//span[text()=\"Preferred Yard\"]]"}
COMMAND: POST /session/e92654ce08529da6aa8a1ad9d55850b5/element/f.2D1B8265A78BA1487979886821B0C8C8.d.60F5512EA67EA882C536AB6A097C926D.e.2094/click - {}
RESULT: {}
COMMAND: GET /session/e92654ce08529da6aa8a1ad9d55850b5/screenshot - {}
RESULT: {}
COMMAND: POST /session/e92654ce08529da6aa8a1ad9d55850b5/execute/async - {"script":"<script> [1562 bytes]","args":[{"selector":{"id":"FilterPanel-filterItemControl_BASIC-application-managepartners-display-component---masterPtm--smartTable-YARDYARD-vhi","searchOpenDialogs":true},"wdio_ui5_key":"FilterPanelfilterItemControl_BASIC-application-managepartners-display-component---masterPtm--smartTable-YARDYARD-vhi"}]}
RESULT: {"script":"<script> [1562 bytes]","args":[{"selector":{"id":"FilterPanel-filterItemControl_BASIC-application-managepartners-display-component---masterPtm--smartTable-YARDYARD-vhi","searchOpenDialogs":true},"wdio_ui5_key":"FilterPanelfilterItemControl_BASIC-application-managepartners-display-component---masterPtm--smartTable-YARDYARD-vhi"}]}
RESULT: undefined
COMMAND: POST /session/e92654ce08529da6aa8a1ad9d55850b5/element - {"using":"xpath","value":"//*[@id=\"FilterPanel-filterItemControl_BASIC-application-managepartners-display-component---masterPtm--smartTable-YARDYARD-vhi\"]"}
RESULT: {"using":"xpath","value":"//*[@id=\"FilterPanel-filterItemControl_BASIC-application-managepartners-display-component---masterPtm--smartTable-YARDYARD-vhi\"]"}
COMMAND: POST /session/e92654ce08529da6aa8a1ad9d55850b5/element/f.2D1B8265A78BA1487979886821B0C8C8.d.60F5512EA67EA882C536AB6A097C926D.e.2097/click - {}
RESULT: {}
COMMAND: GET /session/e92654ce08529da6aa8a1ad9d55850b5/screenshot - {}
RESULT: {}
COMMAND: POST /session/e92654ce08529da6aa8a1ad9d55850b5/execute/async - {"script":"<script> [1562 bytes]","args":[{"selector":{"id":"FilterPanel-filterItemControl_BASIC-application-managepartners-display-component---masterPtm--smartTable-YARDYARD-valueHelpDialog-smartFilterBar-btnBasicSearch","searchOpenDialogs":true,"interaction":{"idSuffix":"I"}},"wdio_ui5_key":"FilterPanelfilterItemControl_BASIC-application-managepartners-display-component---masterPtm--smartTable-YARDYARD-valueHelpDialog-smartFilterBar-btnBasicSearch"}]}
RESULT: {"script":"<script> [1562 bytes]","args":[{"selector":{"id":"FilterPanel-filterItemControl_BASIC-application-managepartners-display-component---masterPtm--smartTable-YARDYARD-valueHelpDialog-smartFilterBar-btnBasicSearch","searchOpenDialogs":true,"interaction":{"idSuffix":"I"}},"wdio_ui5_key":"FilterPanelfilterItemControl_BASIC-application-managepartners-display-component---masterPtm--smartTable-YARDYARD-valueHelpDialog-smartFilterBar-btnBasicSearch"}]}
RESULT: undefined
COMMAND: POST /session/e92654ce08529da6aa8a1ad9d55850b5/execute/async - {"script":"<script> [776 bytes]","args":[{"enterText":"650","selector":{"id":"FilterPanel-filterItemControl_BASIC-application-managepartners-display-component---masterPtm--smartTable-YARDYARD-valueHelpDialog-smartFilterBar-btnBasicSearch","searchOpenDialogs":true,"interaction":{"idSuffix":"I"}},"clearTextFirst":true,"interactionType":"ENTER_TEXT"}]}
RESULT: {"script":"<script> [776 bytes]","args":[{"enterText":"650","selector":{"id":"FilterPanel-filterItemControl_BASIC-application-managepartners-display-component---masterPtm--smartTable-YARDYARD-valueHelpDialog-smartFilterBar-btnBasicSearch","searchOpenDialogs":true,"interaction":{"idSuffix":"I"}},"clearTextFirst":true,"interactionType":"ENTER_TEXT"}]}
COMMAND: POST /session/e92654ce08529da6aa8a1ad9d55850b5/actions - {"actions":[{"id":"action3","type":"key","parameters":{},"actions":[{"type":"keyDown","value":""},{"type":"pause","duration":10},{"type":"keyUp","value":""}]}]}
RESULT: {"actions":[{"id":"action3","type":"key","parameters":{},"actions":[{"type":"keyDown","value":""},{"type":"pause","duration":10},{"type":"keyUp","value":""}]}]}
COMMAND: GET /session/e92654ce08529da6aa8a1ad9d55850b5/screenshot - {}
RESULT: {}
COMMAND: POST /session/e92654ce08529da6aa8a1ad9d55850b5/elements - {"using":"xpath","value":"//table[contains(@id, \"smartTable-YARDYARD-valueHelpDialog-table-table\")]/tbody/tr"}
RESULT: {"using":"xpath","value":"//table[contains(@id, \"smartTable-YARDYARD-valueHelpDialog-table-table\")]/tbody/tr"}
COMMAND: POST /session/e92654ce08529da6aa8a1ad9d55850b5/element - {"using":"xpath","value":"//table[contains(@id, \"smartTable-YARDYARD-valueHelpDialog-table-table\")]/tbody/tr[1]/td[1]/div/span"}
RESULT: {"using":"xpath","value":"//table[contains(@id, \"smartTable-YARDYARD-valueHelpDialog-table-table\")]/tbody/tr[1]/td[1]/div/span"}
COMMAND: POST /session/e92654ce08529da6aa8a1ad9d55850b5/elements - {"using":"xpath","value":"//table[contains(@id, \"smartTable-YARDYARD-valueHelpDialog-table-table\")]/tbody/tr[1]/td[1]/div/span"}
RESULT: {"using":"xpath","value":"//table[contains(@id, \"smartTable-YARDYARD-valueHelpDialog-table-table\")]/tbody/tr[1]/td[1]/div/span"}
COMMAND: POST /session/e92654ce08529da6aa8a1ad9d55850b5/execute/sync - {"script":"<script> [56 bytes]","args":[{"element-6066-11e4-a52e-4f735466cecf":"f.2D1B8265A78BA1487979886821B0C8C8.d.60F5512EA67EA882C536AB6A097C926D.e.2116","ELEMENT":"f.2D1B8265A78BA1487979886821B0C8C8.d.60F5512EA67EA882C536AB6A097C926D.e.2116"}]}
RESULT: {"script":"<script> [56 bytes]","args":[{"element-6066-11e4-a52e-4f735466cecf":"f.2D1B8265A78BA1487979886821B0C8C8.d.60F5512EA67EA882C536AB6A097C926D.e.2116","ELEMENT":"f.2D1B8265A78BA1487979886821B0C8C8.d.60F5512EA67EA882C536AB6A097C926D.e.2116"}]}
COMMAND: POST /session/e92654ce08529da6aa8a1ad9d55850b5/element - {"using":"xpath","value":"//div[contains(@id, \"YARDYARD-valueHelpDialog-table-rowsel0\")]"}
COMMAND: GET /session/e92654ce08529da6aa8a1ad9d55850b5/screenshot - {}
RESULT: {"using":"xpath","value":"//div[contains(@id, \"YARDYARD-valueHelpDialog-table-rowsel0\")]"}
COMMAND: POST /session/e92654ce08529da6aa8a1ad9d55850b5/element/f.2D1B8265A78BA1487979886821B0C8C8.d.60F5512EA67EA882C536AB6A097C926D.e.2117/click - {}
RESULT: {}
RESULT: {}
COMMAND: GET /session/e92654ce08529da6aa8a1ad9d55850b5/screenshot - {}
RESULT: {}
COMMAND: POST /session/e92654ce08529da6aa8a1ad9d55850b5/element - {"using":"xpath","value":"(//bdi[contains(text(), \"OK\")])[2]"}
RESULT: {"using":"xpath","value":"(//bdi[contains(text(), \"OK\")])[2]"}
COMMAND: POST /session/e92654ce08529da6aa8a1ad9d55850b5/element/f.2D1B8265A78BA1487979886821B0C8C8.d.60F5512EA67EA882C536AB6A097C926D.e.2119/click - {}
RESULT: {}
COMMAND: GET /session/e92654ce08529da6aa8a1ad9d55850b5/screenshot - {}
RESULT: {}
COMMAND: POST /session/e92654ce08529da6aa8a1ad9d55850b5/element - {"using":"xpath","value":"//bdi[contains(text(), \"OK\")]"}
RESULT: {"using":"xpath","value":"//bdi[contains(text(), \"OK\")]"}
COMMAND: POST /session/e92654ce08529da6aa8a1ad9d55850b5/element/f.2D1B8265A78BA1487979886821B0C8C8.d.60F5512EA67EA882C536AB6A097C926D.e.2122/click - {}
RESULT: {}
COMMAND: GET /session/e92654ce08529da6aa8a1ad9d55850b5/screenshot - {}
RESULT: {}
COMMAND: POST /session/e92654ce08529da6aa8a1ad9d55850b5/element - {"using":"xpath","value":"//table[contains(@id, \"customPartnersTable\")]//tbody/tr[1]/td[3]/span"}
RESULT: {"using":"xpath","value":"//table[contains(@id, \"customPartnersTable\")]//tbody/tr[1]/td[3]/span"}
COMMAND: POST /session/e92654ce08529da6aa8a1ad9d55850b5/execute/sync - {"script":"<script> [56 bytes]","args":[{"element-6066-11e4-a52e-4f735466cecf":"f.2D1B8265A78BA1487979886821B0C8C8.d.60F5512EA67EA882C536AB6A097C926D.e.2086","ELEMENT":"f.2D1B8265A78BA1487979886821B0C8C8.d.60F5512EA67EA882C536AB6A097C926D.e.2086"}]}
RESULT: {"script":"<script> [56 bytes]","args":[{"element-6066-11e4-a52e-4f735466cecf":"f.2D1B8265A78BA1487979886821B0C8C8.d.60F5512EA67EA882C536AB6A097C926D.e.2086","ELEMENT":"f.2D1B8265A78BA1487979886821B0C8C8.d.60F5512EA67EA882C536AB6A097C926D.e.2086"}]}
COMMAND: POST /session/e92654ce08529da6aa8a1ad9d55850b5/element - {"using":"css selector","value":"#shell-header-logo"}
COMMAND: GET /session/e92654ce08529da6aa8a1ad9d55850b5/screenshot - {}
RESULT: {"using":"css selector","value":"#shell-header-logo"}
COMMAND: POST /session/e92654ce08529da6aa8a1ad9d55850b5/element/f.2D1B8265A78BA1487979886821B0C8C8.d.60F5512EA67EA882C536AB6A097C926D.e.1688/click - {}
RESULT: {}
RESULT: {}
COMMAND: GET /session/e92654ce08529da6aa8a1ad9d55850b5/screenshot - {}
RESULT: {}
]]></system-out>
    </testcase>
    <testcase classname="chrome.135_0_7049_42.windows.Partner_specific_tests_US150819_US151080_US151654_US151176_US103444_US151078_US151079_US151109_US151174_US151175_US151189" name="Should deactivate the created partner in earlier step US151654" time="51.313">
      <system-out><![CDATA[
COMMAND: POST /session/e92654ce08529da6aa8a1ad9d55850b5/element - {"using":"xpath","value":"//li[.//span[text()=\"Manage Partners\"]]"}
RESULT: {"using":"xpath","value":"//li[.//span[text()=\"Manage Partners\"]]"}
COMMAND: POST /session/e92654ce08529da6aa8a1ad9d55850b5/element - {"using":"xpath","value":"//li[.//span[text()=\"Manage Partners\"]]"}
RESULT: {"using":"xpath","value":"//li[.//span[text()=\"Manage Partners\"]]"}
COMMAND: POST /session/e92654ce08529da6aa8a1ad9d55850b5/element - {"using":"css selector","value":"#shell-header-logo"}
RESULT: {"using":"css selector","value":"#shell-header-logo"}
COMMAND: POST /session/e92654ce08529da6aa8a1ad9d55850b5/element/f.2D1B8265A78BA1487979886821B0C8C8.d.60F5512EA67EA882C536AB6A097C926D.e.2172/click - {}
COMMAND: POST /session/e92654ce08529da6aa8a1ad9d55850b5/execute/sync - {"script":"<script> [8489 bytes]","args":[{"element-6066-11e4-a52e-4f735466cecf":"f.2D1B8265A78BA1487979886821B0C8C8.d.60F5512EA67EA882C536AB6A097C926D.e.2172","ELEMENT":"f.2D1B8265A78BA1487979886821B0C8C8.d.60F5512EA67EA882C536AB6A097C926D.e.2172"}]}
RESULT: {"script":"<script> [8489 bytes]","args":[{"element-6066-11e4-a52e-4f735466cecf":"f.2D1B8265A78BA1487979886821B0C8C8.d.60F5512EA67EA882C536AB6A097C926D.e.2172","ELEMENT":"f.2D1B8265A78BA1487979886821B0C8C8.d.60F5512EA67EA882C536AB6A097C926D.e.2172"}]}
COMMAND: POST /session/e92654ce08529da6aa8a1ad9d55850b5/execute/sync - {"script":"<script> [5351 bytes]","args":[{"element-6066-11e4-a52e-4f735466cecf":"f.2D1B8265A78BA1487979886821B0C8C8.d.60F5512EA67EA882C536AB6A097C926D.e.2172","ELEMENT":"f.2D1B8265A78BA1487979886821B0C8C8.d.60F5512EA67EA882C536AB6A097C926D.e.2172"}]}
COMMAND: GET /session/e92654ce08529da6aa8a1ad9d55850b5/screenshot - {}
RESULT: {}
COMMAND: GET /session/e92654ce08529da6aa8a1ad9d55850b5/screenshot - {}
RESULT: {"script":"<script> [5351 bytes]","args":[{"element-6066-11e4-a52e-4f735466cecf":"f.2D1B8265A78BA1487979886821B0C8C8.d.60F5512EA67EA882C536AB6A097C926D.e.2172","ELEMENT":"f.2D1B8265A78BA1487979886821B0C8C8.d.60F5512EA67EA882C536AB6A097C926D.e.2172"}]}
COMMAND: GET /session/e92654ce08529da6aa8a1ad9d55850b5/screenshot - {}
RESULT: {}
RESULT: {}
RESULT: {}
RESULT: undefined
COMMAND: POST /session/e92654ce08529da6aa8a1ad9d55850b5/element - {"using":"xpath","value":"//*[@id=\"__tile38\"]"}
RESULT: {"using":"xpath","value":"//*[@id=\"__tile38\"]"}
COMMAND: POST /session/e92654ce08529da6aa8a1ad9d55850b5/element/f.2D1B8265A78BA1487979886821B0C8C8.d.60F5512EA67EA882C536AB6A097C926D.e.147/click - {}
RESULT: {}
COMMAND: POST /session/e92654ce08529da6aa8a1ad9d55850b5/element - {"using":"xpath","value":"//button[@data-kt=\"addButton\"]"}
COMMAND: GET /session/e92654ce08529da6aa8a1ad9d55850b5/screenshot - {}
RESULT: {"using":"xpath","value":"//button[@data-kt=\"addButton\"]"}
COMMAND: POST /session/e92654ce08529da6aa8a1ad9d55850b5/elements - {"using":"xpath","value":"//button[@data-kt=\"addButton\"]"}
RESULT: {}
RESULT: {"using":"xpath","value":"//button[@data-kt=\"addButton\"]"}
COMMAND: POST /session/e92654ce08529da6aa8a1ad9d55850b5/elements - {"using":"xpath","value":"//button[@data-kt=\"addButton\"]"}
RESULT: {"using":"xpath","value":"//button[@data-kt=\"addButton\"]"}
COMMAND: POST /session/e92654ce08529da6aa8a1ad9d55850b5/element - {"using":"xpath","value":"//button[@data-kt=\"addButton\"]"}
RESULT: {"using":"xpath","value":"//button[@data-kt=\"addButton\"]"}
COMMAND: POST /session/e92654ce08529da6aa8a1ad9d55850b5/execute/sync - {"script":"<script> [8489 bytes]","args":[{"element-6066-11e4-a52e-4f735466cecf":"f.2D1B8265A78BA1487979886821B0C8C8.d.60F5512EA67EA882C536AB6A097C926D.e.2217","ELEMENT":"f.2D1B8265A78BA1487979886821B0C8C8.d.60F5512EA67EA882C536AB6A097C926D.e.2217"}]}
RESULT: {"script":"<script> [8489 bytes]","args":[{"element-6066-11e4-a52e-4f735466cecf":"f.2D1B8265A78BA1487979886821B0C8C8.d.60F5512EA67EA882C536AB6A097C926D.e.2217","ELEMENT":"f.2D1B8265A78BA1487979886821B0C8C8.d.60F5512EA67EA882C536AB6A097C926D.e.2217"}]}
COMMAND: GET /session/e92654ce08529da6aa8a1ad9d55850b5/element/f.2D1B8265A78BA1487979886821B0C8C8.d.60F5512EA67EA882C536AB6A097C926D.e.2217/enabled - {}
COMMAND: GET /session/e92654ce08529da6aa8a1ad9d55850b5/screenshot - {}
RESULT: {}
COMMAND: POST /session/e92654ce08529da6aa8a1ad9d55850b5/execute/sync - {"script":"<script> [8489 bytes]","args":[{"element-6066-11e4-a52e-4f735466cecf":"f.2D1B8265A78BA1487979886821B0C8C8.d.60F5512EA67EA882C536AB6A097C926D.e.2217","ELEMENT":"f.2D1B8265A78BA1487979886821B0C8C8.d.60F5512EA67EA882C536AB6A097C926D.e.2217"}]}
COMMAND: GET /session/e92654ce08529da6aa8a1ad9d55850b5/screenshot - {}
RESULT: {}
RESULT: {"script":"<script> [8489 bytes]","args":[{"element-6066-11e4-a52e-4f735466cecf":"f.2D1B8265A78BA1487979886821B0C8C8.d.60F5512EA67EA882C536AB6A097C926D.e.2217","ELEMENT":"f.2D1B8265A78BA1487979886821B0C8C8.d.60F5512EA67EA882C536AB6A097C926D.e.2217"}]}
COMMAND: POST /session/e92654ce08529da6aa8a1ad9d55850b5/execute/sync - {"script":"<script> [5351 bytes]","args":[{"element-6066-11e4-a52e-4f735466cecf":"f.2D1B8265A78BA1487979886821B0C8C8.d.60F5512EA67EA882C536AB6A097C926D.e.2217","ELEMENT":"f.2D1B8265A78BA1487979886821B0C8C8.d.60F5512EA67EA882C536AB6A097C926D.e.2217"}]}
COMMAND: GET /session/e92654ce08529da6aa8a1ad9d55850b5/screenshot - {}
RESULT: {}
RESULT: {"script":"<script> [5351 bytes]","args":[{"element-6066-11e4-a52e-4f735466cecf":"f.2D1B8265A78BA1487979886821B0C8C8.d.60F5512EA67EA882C536AB6A097C926D.e.2217","ELEMENT":"f.2D1B8265A78BA1487979886821B0C8C8.d.60F5512EA67EA882C536AB6A097C926D.e.2217"}]}
COMMAND: GET /session/e92654ce08529da6aa8a1ad9d55850b5/screenshot - {}
RESULT: {}
RESULT: {}
COMMAND: POST /session/e92654ce08529da6aa8a1ad9d55850b5/execute/async - {"script":"<script> [1562 bytes]","args":[{"selector":{"id":"application-managepartners-display-component---masterPtm--smartFilterBar-btnBasicSearch","interaction":{"idSuffix":"I"}},"wdio_ui5_key":"applicationmanagepartners-display-component---masterPtm--smartFilterBar-btnBasicSearch"}]}
RESULT: {"script":"<script> [1562 bytes]","args":[{"selector":{"id":"application-managepartners-display-component---masterPtm--smartFilterBar-btnBasicSearch","interaction":{"idSuffix":"I"}},"wdio_ui5_key":"applicationmanagepartners-display-component---masterPtm--smartFilterBar-btnBasicSearch"}]}
RESULT: undefined
COMMAND: POST /session/e92654ce08529da6aa8a1ad9d55850b5/execute/async - {"script":"<script> [776 bytes]","args":[{"enterText":"1506","selector":{"id":"application-managepartners-display-component---masterPtm--smartFilterBar-btnBasicSearch","interaction":{"idSuffix":"I"}},"clearTextFirst":true,"interactionType":"ENTER_TEXT"}]}
RESULT: {"script":"<script> [776 bytes]","args":[{"enterText":"1506","selector":{"id":"application-managepartners-display-component---masterPtm--smartFilterBar-btnBasicSearch","interaction":{"idSuffix":"I"}},"clearTextFirst":true,"interactionType":"ENTER_TEXT"}]}
COMMAND: POST /session/e92654ce08529da6aa8a1ad9d55850b5/actions - {"actions":[{"id":"action4","type":"key","parameters":{},"actions":[{"type":"keyDown","value":""},{"type":"pause","duration":10},{"type":"keyUp","value":""}]}]}
RESULT: {"actions":[{"id":"action4","type":"key","parameters":{},"actions":[{"type":"keyDown","value":""},{"type":"pause","duration":10},{"type":"keyUp","value":""}]}]}
COMMAND: GET /session/e92654ce08529da6aa8a1ad9d55850b5/screenshot - {}
RESULT: {}
COMMAND: POST /session/e92654ce08529da6aa8a1ad9d55850b5/elements - {"using":"xpath","value":"//table[contains(@id, \"customPartnersTable-listUl\")]/tbody/tr"}
RESULT: {"using":"xpath","value":"//table[contains(@id, \"customPartnersTable-listUl\")]/tbody/tr"}
COMMAND: POST /session/e92654ce08529da6aa8a1ad9d55850b5/element - {"using":"xpath","value":"//table[contains(@id, \"customPartnersTable-listUl\")]/tbody/tr[1]/td[3]/span"}
RESULT: {"using":"xpath","value":"//table[contains(@id, \"customPartnersTable-listUl\")]/tbody/tr[1]/td[3]/span"}
COMMAND: POST /session/e92654ce08529da6aa8a1ad9d55850b5/elements - {"using":"xpath","value":"//table[contains(@id, \"customPartnersTable-listUl\")]/tbody/tr[1]/td[3]/span"}
RESULT: {"using":"xpath","value":"//table[contains(@id, \"customPartnersTable-listUl\")]/tbody/tr[1]/td[3]/span"}
COMMAND: POST /session/e92654ce08529da6aa8a1ad9d55850b5/execute/sync - {"script":"<script> [56 bytes]","args":[{"element-6066-11e4-a52e-4f735466cecf":"f.2D1B8265A78BA1487979886821B0C8C8.d.60F5512EA67EA882C536AB6A097C926D.e.2353","ELEMENT":"f.2D1B8265A78BA1487979886821B0C8C8.d.60F5512EA67EA882C536AB6A097C926D.e.2353"}]}
RESULT: {"script":"<script> [56 bytes]","args":[{"element-6066-11e4-a52e-4f735466cecf":"f.2D1B8265A78BA1487979886821B0C8C8.d.60F5512EA67EA882C536AB6A097C926D.e.2353","ELEMENT":"f.2D1B8265A78BA1487979886821B0C8C8.d.60F5512EA67EA882C536AB6A097C926D.e.2353"}]}
COMMAND: POST /session/e92654ce08529da6aa8a1ad9d55850b5/element - {"using":"xpath","value":"//table[contains(@id, \"customPartnersTable-listUl\")]/tbody/tr[1]/td[7]/div/span"}
COMMAND: GET /session/e92654ce08529da6aa8a1ad9d55850b5/screenshot - {}
RESULT: {"using":"xpath","value":"//table[contains(@id, \"customPartnersTable-listUl\")]/tbody/tr[1]/td[7]/div/span"}
COMMAND: POST /session/e92654ce08529da6aa8a1ad9d55850b5/execute/sync - {"script":"<script> [56 bytes]","args":[{"element-6066-11e4-a52e-4f735466cecf":"f.2D1B8265A78BA1487979886821B0C8C8.d.60F5512EA67EA882C536AB6A097C926D.e.2354","ELEMENT":"f.2D1B8265A78BA1487979886821B0C8C8.d.60F5512EA67EA882C536AB6A097C926D.e.2354"}]}
RESULT: {}
RESULT: {"script":"<script> [56 bytes]","args":[{"element-6066-11e4-a52e-4f735466cecf":"f.2D1B8265A78BA1487979886821B0C8C8.d.60F5512EA67EA882C536AB6A097C926D.e.2354","ELEMENT":"f.2D1B8265A78BA1487979886821B0C8C8.d.60F5512EA67EA882C536AB6A097C926D.e.2354"}]}
COMMAND: POST /session/e92654ce08529da6aa8a1ad9d55850b5/element - {"using":"xpath","value":"//table[contains(@id, \"customPartnersTable-listUl\")]/tbody/tr[1]/td[2]/div/div"}
COMMAND: GET /session/e92654ce08529da6aa8a1ad9d55850b5/screenshot - {}
RESULT: {"using":"xpath","value":"//table[contains(@id, \"customPartnersTable-listUl\")]/tbody/tr[1]/td[2]/div/div"}
COMMAND: POST /session/e92654ce08529da6aa8a1ad9d55850b5/element/f.2D1B8265A78BA1487979886821B0C8C8.d.60F5512EA67EA882C536AB6A097C926D.e.2355/click - {}
RESULT: {}
RESULT: {}
COMMAND: GET /session/e92654ce08529da6aa8a1ad9d55850b5/screenshot - {}
RESULT: {}
COMMAND: POST /session/e92654ce08529da6aa8a1ad9d55850b5/element - {"using":"xpath","value":"//bdi[contains(text(), \"Deactivate\")]"}
RESULT: {"using":"xpath","value":"//bdi[contains(text(), \"Deactivate\")]"}
COMMAND: POST /session/e92654ce08529da6aa8a1ad9d55850b5/element/f.2D1B8265A78BA1487979886821B0C8C8.d.60F5512EA67EA882C536AB6A097C926D.e.2356/click - {}
RESULT: {}
COMMAND: GET /session/e92654ce08529da6aa8a1ad9d55850b5/screenshot - {}
RESULT: {}
COMMAND: POST /session/e92654ce08529da6aa8a1ad9d55850b5/element - {"using":"xpath","value":"//bdi[contains(text(), \"Yes\")]"}
RESULT: {"using":"xpath","value":"//bdi[contains(text(), \"Yes\")]"}
COMMAND: POST /session/e92654ce08529da6aa8a1ad9d55850b5/element/f.2D1B8265A78BA1487979886821B0C8C8.d.60F5512EA67EA882C536AB6A097C926D.e.2358/click - {}
RESULT: {}
COMMAND: GET /session/e92654ce08529da6aa8a1ad9d55850b5/screenshot - {}
RESULT: {}
COMMAND: POST /session/e92654ce08529da6aa8a1ad9d55850b5/element - {"using":"xpath","value":"//table[contains(@id, \"customPartnersTable-listUl\")]/tbody/tr[1]/td[7]/div/span"}
RESULT: {"using":"xpath","value":"//table[contains(@id, \"customPartnersTable-listUl\")]/tbody/tr[1]/td[7]/div/span"}
COMMAND: POST /session/e92654ce08529da6aa8a1ad9d55850b5/execute/sync - {"script":"<script> [56 bytes]","args":[{"element-6066-11e4-a52e-4f735466cecf":"f.2D1B8265A78BA1487979886821B0C8C8.d.60F5512EA67EA882C536AB6A097C926D.e.2354","ELEMENT":"f.2D1B8265A78BA1487979886821B0C8C8.d.60F5512EA67EA882C536AB6A097C926D.e.2354"}]}
RESULT: {"script":"<script> [56 bytes]","args":[{"element-6066-11e4-a52e-4f735466cecf":"f.2D1B8265A78BA1487979886821B0C8C8.d.60F5512EA67EA882C536AB6A097C926D.e.2354","ELEMENT":"f.2D1B8265A78BA1487979886821B0C8C8.d.60F5512EA67EA882C536AB6A097C926D.e.2354"}]}
COMMAND: GET /session/e92654ce08529da6aa8a1ad9d55850b5/screenshot - {}
RESULT: {}
COMMAND: POST /session/e92654ce08529da6aa8a1ad9d55850b5/element - {"using":"css selector","value":"#shell-header-logo"}
RESULT: {"using":"css selector","value":"#shell-header-logo"}
COMMAND: POST /session/e92654ce08529da6aa8a1ad9d55850b5/element/f.2D1B8265A78BA1487979886821B0C8C8.d.60F5512EA67EA882C536AB6A097C926D.e.2172/click - {}
RESULT: {}
COMMAND: GET /session/e92654ce08529da6aa8a1ad9d55850b5/screenshot - {}
RESULT: {}
]]></system-out>
    </testcase>
    <testcase classname="chrome.135_0_7049_42.windows.Partner_specific_tests_US150819_US151080_US151654_US151176_US103444_US151078_US151079_US151109_US151174_US151175_US151189" name="Should activate the created partner again US151176" time="52.571">
      <system-out><![CDATA[
COMMAND: POST /session/e92654ce08529da6aa8a1ad9d55850b5/element - {"using":"xpath","value":"//li[.//span[text()=\"Manage Partners\"]]"}
RESULT: {"using":"xpath","value":"//li[.//span[text()=\"Manage Partners\"]]"}
COMMAND: POST /session/e92654ce08529da6aa8a1ad9d55850b5/element - {"using":"xpath","value":"//li[.//span[text()=\"Manage Partners\"]]"}
RESULT: {"using":"xpath","value":"//li[.//span[text()=\"Manage Partners\"]]"}
COMMAND: POST /session/e92654ce08529da6aa8a1ad9d55850b5/element - {"using":"css selector","value":"#shell-header-logo"}
RESULT: {"using":"css selector","value":"#shell-header-logo"}
COMMAND: POST /session/e92654ce08529da6aa8a1ad9d55850b5/element/f.2D1B8265A78BA1487979886821B0C8C8.d.60F5512EA67EA882C536AB6A097C926D.e.2362/click - {}
COMMAND: POST /session/e92654ce08529da6aa8a1ad9d55850b5/execute/sync - {"script":"<script> [8489 bytes]","args":[{"element-6066-11e4-a52e-4f735466cecf":"f.2D1B8265A78BA1487979886821B0C8C8.d.60F5512EA67EA882C536AB6A097C926D.e.2362","ELEMENT":"f.2D1B8265A78BA1487979886821B0C8C8.d.60F5512EA67EA882C536AB6A097C926D.e.2362"}]}
RESULT: {}
COMMAND: GET /session/e92654ce08529da6aa8a1ad9d55850b5/screenshot - {}
RESULT: {"script":"<script> [8489 bytes]","args":[{"element-6066-11e4-a52e-4f735466cecf":"f.2D1B8265A78BA1487979886821B0C8C8.d.60F5512EA67EA882C536AB6A097C926D.e.2362","ELEMENT":"f.2D1B8265A78BA1487979886821B0C8C8.d.60F5512EA67EA882C536AB6A097C926D.e.2362"}]}
COMMAND: POST /session/e92654ce08529da6aa8a1ad9d55850b5/execute/sync - {"script":"<script> [5351 bytes]","args":[{"element-6066-11e4-a52e-4f735466cecf":"f.2D1B8265A78BA1487979886821B0C8C8.d.60F5512EA67EA882C536AB6A097C926D.e.2362","ELEMENT":"f.2D1B8265A78BA1487979886821B0C8C8.d.60F5512EA67EA882C536AB6A097C926D.e.2362"}]}
COMMAND: GET /session/e92654ce08529da6aa8a1ad9d55850b5/screenshot - {}
RESULT: {}
RESULT: {"script":"<script> [5351 bytes]","args":[{"element-6066-11e4-a52e-4f735466cecf":"f.2D1B8265A78BA1487979886821B0C8C8.d.60F5512EA67EA882C536AB6A097C926D.e.2362","ELEMENT":"f.2D1B8265A78BA1487979886821B0C8C8.d.60F5512EA67EA882C536AB6A097C926D.e.2362"}]}
COMMAND: GET /session/e92654ce08529da6aa8a1ad9d55850b5/screenshot - {}
RESULT: {}
RESULT: {}
RESULT: undefined
COMMAND: POST /session/e92654ce08529da6aa8a1ad9d55850b5/element - {"using":"xpath","value":"//*[@id=\"__tile38\"]"}
RESULT: {"using":"xpath","value":"//*[@id=\"__tile38\"]"}
COMMAND: POST /session/e92654ce08529da6aa8a1ad9d55850b5/element/f.2D1B8265A78BA1487979886821B0C8C8.d.60F5512EA67EA882C536AB6A097C926D.e.147/click - {}
RESULT: {}
COMMAND: POST /session/e92654ce08529da6aa8a1ad9d55850b5/element - {"using":"xpath","value":"//button[@data-kt=\"addButton\"]"}
COMMAND: GET /session/e92654ce08529da6aa8a1ad9d55850b5/screenshot - {}
RESULT: {"using":"xpath","value":"//button[@data-kt=\"addButton\"]"}
COMMAND: POST /session/e92654ce08529da6aa8a1ad9d55850b5/elements - {"using":"xpath","value":"//button[@data-kt=\"addButton\"]"}
RESULT: {}
RESULT: {"using":"xpath","value":"//button[@data-kt=\"addButton\"]"}
COMMAND: POST /session/e92654ce08529da6aa8a1ad9d55850b5/elements - {"using":"xpath","value":"//button[@data-kt=\"addButton\"]"}
RESULT: {"using":"xpath","value":"//button[@data-kt=\"addButton\"]"}
COMMAND: POST /session/e92654ce08529da6aa8a1ad9d55850b5/elements - {"using":"xpath","value":"//button[@data-kt=\"addButton\"]"}
RESULT: {"using":"xpath","value":"//button[@data-kt=\"addButton\"]"}
COMMAND: POST /session/e92654ce08529da6aa8a1ad9d55850b5/element - {"using":"xpath","value":"//button[@data-kt=\"addButton\"]"}
RESULT: {"using":"xpath","value":"//button[@data-kt=\"addButton\"]"}
COMMAND: POST /session/e92654ce08529da6aa8a1ad9d55850b5/execute/sync - {"script":"<script> [8489 bytes]","args":[{"element-6066-11e4-a52e-4f735466cecf":"f.2D1B8265A78BA1487979886821B0C8C8.d.60F5512EA67EA882C536AB6A097C926D.e.2397","ELEMENT":"f.2D1B8265A78BA1487979886821B0C8C8.d.60F5512EA67EA882C536AB6A097C926D.e.2397"}]}
RESULT: {"script":"<script> [8489 bytes]","args":[{"element-6066-11e4-a52e-4f735466cecf":"f.2D1B8265A78BA1487979886821B0C8C8.d.60F5512EA67EA882C536AB6A097C926D.e.2397","ELEMENT":"f.2D1B8265A78BA1487979886821B0C8C8.d.60F5512EA67EA882C536AB6A097C926D.e.2397"}]}
COMMAND: GET /session/e92654ce08529da6aa8a1ad9d55850b5/element/f.2D1B8265A78BA1487979886821B0C8C8.d.60F5512EA67EA882C536AB6A097C926D.e.2397/enabled - {}
COMMAND: GET /session/e92654ce08529da6aa8a1ad9d55850b5/screenshot - {}
RESULT: {}
COMMAND: POST /session/e92654ce08529da6aa8a1ad9d55850b5/execute/sync - {"script":"<script> [8489 bytes]","args":[{"element-6066-11e4-a52e-4f735466cecf":"f.2D1B8265A78BA1487979886821B0C8C8.d.60F5512EA67EA882C536AB6A097C926D.e.2397","ELEMENT":"f.2D1B8265A78BA1487979886821B0C8C8.d.60F5512EA67EA882C536AB6A097C926D.e.2397"}]}
COMMAND: GET /session/e92654ce08529da6aa8a1ad9d55850b5/screenshot - {}
RESULT: {}
RESULT: {"script":"<script> [8489 bytes]","args":[{"element-6066-11e4-a52e-4f735466cecf":"f.2D1B8265A78BA1487979886821B0C8C8.d.60F5512EA67EA882C536AB6A097C926D.e.2397","ELEMENT":"f.2D1B8265A78BA1487979886821B0C8C8.d.60F5512EA67EA882C536AB6A097C926D.e.2397"}]}
COMMAND: POST /session/e92654ce08529da6aa8a1ad9d55850b5/execute/sync - {"script":"<script> [5351 bytes]","args":[{"element-6066-11e4-a52e-4f735466cecf":"f.2D1B8265A78BA1487979886821B0C8C8.d.60F5512EA67EA882C536AB6A097C926D.e.2397","ELEMENT":"f.2D1B8265A78BA1487979886821B0C8C8.d.60F5512EA67EA882C536AB6A097C926D.e.2397"}]}
COMMAND: GET /session/e92654ce08529da6aa8a1ad9d55850b5/screenshot - {}
RESULT: {}
RESULT: {"script":"<script> [5351 bytes]","args":[{"element-6066-11e4-a52e-4f735466cecf":"f.2D1B8265A78BA1487979886821B0C8C8.d.60F5512EA67EA882C536AB6A097C926D.e.2397","ELEMENT":"f.2D1B8265A78BA1487979886821B0C8C8.d.60F5512EA67EA882C536AB6A097C926D.e.2397"}]}
COMMAND: GET /session/e92654ce08529da6aa8a1ad9d55850b5/screenshot - {}
RESULT: {}
RESULT: {}
RESULT: undefined
COMMAND: POST /session/e92654ce08529da6aa8a1ad9d55850b5/execute/async - {"script":"<script> [776 bytes]","args":[{"enterText":"1506","selector":{"id":"application-managepartners-display-component---masterPtm--smartFilterBar-btnBasicSearch","interaction":{"idSuffix":"I"}},"clearTextFirst":true,"interactionType":"ENTER_TEXT"}]}
RESULT: {"script":"<script> [776 bytes]","args":[{"enterText":"1506","selector":{"id":"application-managepartners-display-component---masterPtm--smartFilterBar-btnBasicSearch","interaction":{"idSuffix":"I"}},"clearTextFirst":true,"interactionType":"ENTER_TEXT"}]}
COMMAND: POST /session/e92654ce08529da6aa8a1ad9d55850b5/actions - {"actions":[{"id":"action5","type":"key","parameters":{},"actions":[{"type":"keyDown","value":""},{"type":"pause","duration":10},{"type":"keyUp","value":""}]}]}
RESULT: {"actions":[{"id":"action5","type":"key","parameters":{},"actions":[{"type":"keyDown","value":""},{"type":"pause","duration":10},{"type":"keyUp","value":""}]}]}
COMMAND: GET /session/e92654ce08529da6aa8a1ad9d55850b5/screenshot - {}
RESULT: {}
COMMAND: POST /session/e92654ce08529da6aa8a1ad9d55850b5/elements - {"using":"xpath","value":"//table[contains(@id, \"customPartnersTable-listUl\")]/tbody/tr"}
RESULT: {"using":"xpath","value":"//table[contains(@id, \"customPartnersTable-listUl\")]/tbody/tr"}
COMMAND: POST /session/e92654ce08529da6aa8a1ad9d55850b5/element - {"using":"xpath","value":"//table[contains(@id, \"customPartnersTable-listUl\")]/tbody/tr[1]/td[3]/span"}
RESULT: {"using":"xpath","value":"//table[contains(@id, \"customPartnersTable-listUl\")]/tbody/tr[1]/td[3]/span"}
COMMAND: POST /session/e92654ce08529da6aa8a1ad9d55850b5/elements - {"using":"xpath","value":"//table[contains(@id, \"customPartnersTable-listUl\")]/tbody/tr[1]/td[3]/span"}
RESULT: {"using":"xpath","value":"//table[contains(@id, \"customPartnersTable-listUl\")]/tbody/tr[1]/td[3]/span"}
COMMAND: POST /session/e92654ce08529da6aa8a1ad9d55850b5/execute/sync - {"script":"<script> [56 bytes]","args":[{"element-6066-11e4-a52e-4f735466cecf":"f.2D1B8265A78BA1487979886821B0C8C8.d.60F5512EA67EA882C536AB6A097C926D.e.2545","ELEMENT":"f.2D1B8265A78BA1487979886821B0C8C8.d.60F5512EA67EA882C536AB6A097C926D.e.2545"}]}
RESULT: {"script":"<script> [56 bytes]","args":[{"element-6066-11e4-a52e-4f735466cecf":"f.2D1B8265A78BA1487979886821B0C8C8.d.60F5512EA67EA882C536AB6A097C926D.e.2545","ELEMENT":"f.2D1B8265A78BA1487979886821B0C8C8.d.60F5512EA67EA882C536AB6A097C926D.e.2545"}]}
COMMAND: POST /session/e92654ce08529da6aa8a1ad9d55850b5/element - {"using":"xpath","value":"//table[contains(@id, \"customPartnersTable-listUl\")]/tbody/tr[1]/td[7]/div/span"}
COMMAND: GET /session/e92654ce08529da6aa8a1ad9d55850b5/screenshot - {}
RESULT: {"using":"xpath","value":"//table[contains(@id, \"customPartnersTable-listUl\")]/tbody/tr[1]/td[7]/div/span"}
COMMAND: POST /session/e92654ce08529da6aa8a1ad9d55850b5/execute/sync - {"script":"<script> [56 bytes]","args":[{"element-6066-11e4-a52e-4f735466cecf":"f.2D1B8265A78BA1487979886821B0C8C8.d.60F5512EA67EA882C536AB6A097C926D.e.2546","ELEMENT":"f.2D1B8265A78BA1487979886821B0C8C8.d.60F5512EA67EA882C536AB6A097C926D.e.2546"}]}
RESULT: {}
RESULT: {"script":"<script> [56 bytes]","args":[{"element-6066-11e4-a52e-4f735466cecf":"f.2D1B8265A78BA1487979886821B0C8C8.d.60F5512EA67EA882C536AB6A097C926D.e.2546","ELEMENT":"f.2D1B8265A78BA1487979886821B0C8C8.d.60F5512EA67EA882C536AB6A097C926D.e.2546"}]}
COMMAND: POST /session/e92654ce08529da6aa8a1ad9d55850b5/element - {"using":"xpath","value":"//table[contains(@id, \"customPartnersTable-listUl\")]/tbody/tr[1]/td[2]/div/div"}
COMMAND: GET /session/e92654ce08529da6aa8a1ad9d55850b5/screenshot - {}
RESULT: {"using":"xpath","value":"//table[contains(@id, \"customPartnersTable-listUl\")]/tbody/tr[1]/td[2]/div/div"}
COMMAND: POST /session/e92654ce08529da6aa8a1ad9d55850b5/element/f.2D1B8265A78BA1487979886821B0C8C8.d.60F5512EA67EA882C536AB6A097C926D.e.2547/click - {}
RESULT: {}
RESULT: {}
COMMAND: GET /session/e92654ce08529da6aa8a1ad9d55850b5/screenshot - {}
RESULT: {}
COMMAND: POST /session/e92654ce08529da6aa8a1ad9d55850b5/element - {"using":"xpath","value":"//bdi[contains(text(), \"Activate\")]"}
RESULT: {"using":"xpath","value":"//bdi[contains(text(), \"Activate\")]"}
COMMAND: POST /session/e92654ce08529da6aa8a1ad9d55850b5/element/f.2D1B8265A78BA1487979886821B0C8C8.d.60F5512EA67EA882C536AB6A097C926D.e.2548/click - {}
RESULT: {}
COMMAND: GET /session/e92654ce08529da6aa8a1ad9d55850b5/screenshot - {}
RESULT: {}
COMMAND: POST /session/e92654ce08529da6aa8a1ad9d55850b5/element - {"using":"xpath","value":"//bdi[contains(text(), \"Yes\")]"}
RESULT: {"using":"xpath","value":"//bdi[contains(text(), \"Yes\")]"}
COMMAND: POST /session/e92654ce08529da6aa8a1ad9d55850b5/element/f.2D1B8265A78BA1487979886821B0C8C8.d.60F5512EA67EA882C536AB6A097C926D.e.2550/click - {}
RESULT: {}
COMMAND: GET /session/e92654ce08529da6aa8a1ad9d55850b5/screenshot - {}
RESULT: {}
COMMAND: POST /session/e92654ce08529da6aa8a1ad9d55850b5/element - {"using":"xpath","value":"//table[contains(@id, \"customPartnersTable-listUl\")]/tbody/tr[1]/td[7]/div/span"}
RESULT: {"using":"xpath","value":"//table[contains(@id, \"customPartnersTable-listUl\")]/tbody/tr[1]/td[7]/div/span"}
COMMAND: POST /session/e92654ce08529da6aa8a1ad9d55850b5/execute/sync - {"script":"<script> [56 bytes]","args":[{"element-6066-11e4-a52e-4f735466cecf":"f.2D1B8265A78BA1487979886821B0C8C8.d.60F5512EA67EA882C536AB6A097C926D.e.2546","ELEMENT":"f.2D1B8265A78BA1487979886821B0C8C8.d.60F5512EA67EA882C536AB6A097C926D.e.2546"}]}
RESULT: {"script":"<script> [56 bytes]","args":[{"element-6066-11e4-a52e-4f735466cecf":"f.2D1B8265A78BA1487979886821B0C8C8.d.60F5512EA67EA882C536AB6A097C926D.e.2546","ELEMENT":"f.2D1B8265A78BA1487979886821B0C8C8.d.60F5512EA67EA882C536AB6A097C926D.e.2546"}]}
COMMAND: GET /session/e92654ce08529da6aa8a1ad9d55850b5/screenshot - {}
RESULT: {}
COMMAND: POST /session/e92654ce08529da6aa8a1ad9d55850b5/element - {"using":"css selector","value":"#shell-header-logo"}
RESULT: {"using":"css selector","value":"#shell-header-logo"}
COMMAND: POST /session/e92654ce08529da6aa8a1ad9d55850b5/element/f.2D1B8265A78BA1487979886821B0C8C8.d.60F5512EA67EA882C536AB6A097C926D.e.2362/click - {}
RESULT: {}
COMMAND: GET /session/e92654ce08529da6aa8a1ad9d55850b5/screenshot - {}
RESULT: {}
]]></system-out>
    </testcase>
    <testcase classname="chrome.135_0_7049_42.windows.Partner_specific_tests_US150819_US151080_US151654_US151176_US103444_US151078_US151079_US151109_US151174_US151175_US151189" name="Should edit the created external partner and save it and check its content US103444" time="58.441">
      <system-out><![CDATA[
COMMAND: POST /session/e92654ce08529da6aa8a1ad9d55850b5/element - {"using":"xpath","value":"//li[.//span[text()=\"Manage Partners\"]]"}
RESULT: {"using":"xpath","value":"//li[.//span[text()=\"Manage Partners\"]]"}
COMMAND: POST /session/e92654ce08529da6aa8a1ad9d55850b5/element - {"using":"xpath","value":"//li[.//span[text()=\"Manage Partners\"]]"}
RESULT: {"using":"xpath","value":"//li[.//span[text()=\"Manage Partners\"]]"}
COMMAND: POST /session/e92654ce08529da6aa8a1ad9d55850b5/element - {"using":"css selector","value":"#shell-header-logo"}
RESULT: {"using":"css selector","value":"#shell-header-logo"}
COMMAND: POST /session/e92654ce08529da6aa8a1ad9d55850b5/element/f.2D1B8265A78BA1487979886821B0C8C8.d.60F5512EA67EA882C536AB6A097C926D.e.2554/click - {}
COMMAND: POST /session/e92654ce08529da6aa8a1ad9d55850b5/execute/sync - {"script":"<script> [8489 bytes]","args":[{"element-6066-11e4-a52e-4f735466cecf":"f.2D1B8265A78BA1487979886821B0C8C8.d.60F5512EA67EA882C536AB6A097C926D.e.2554","ELEMENT":"f.2D1B8265A78BA1487979886821B0C8C8.d.60F5512EA67EA882C536AB6A097C926D.e.2554"}]}
RESULT: {}
COMMAND: GET /session/e92654ce08529da6aa8a1ad9d55850b5/screenshot - {}
RESULT: {"script":"<script> [8489 bytes]","args":[{"element-6066-11e4-a52e-4f735466cecf":"f.2D1B8265A78BA1487979886821B0C8C8.d.60F5512EA67EA882C536AB6A097C926D.e.2554","ELEMENT":"f.2D1B8265A78BA1487979886821B0C8C8.d.60F5512EA67EA882C536AB6A097C926D.e.2554"}]}
COMMAND: POST /session/e92654ce08529da6aa8a1ad9d55850b5/execute/sync - {"script":"<script> [5351 bytes]","args":[{"element-6066-11e4-a52e-4f735466cecf":"f.2D1B8265A78BA1487979886821B0C8C8.d.60F5512EA67EA882C536AB6A097C926D.e.2554","ELEMENT":"f.2D1B8265A78BA1487979886821B0C8C8.d.60F5512EA67EA882C536AB6A097C926D.e.2554"}]}
COMMAND: GET /session/e92654ce08529da6aa8a1ad9d55850b5/screenshot - {}
RESULT: {}
RESULT: {"script":"<script> [5351 bytes]","args":[{"element-6066-11e4-a52e-4f735466cecf":"f.2D1B8265A78BA1487979886821B0C8C8.d.60F5512EA67EA882C536AB6A097C926D.e.2554","ELEMENT":"f.2D1B8265A78BA1487979886821B0C8C8.d.60F5512EA67EA882C536AB6A097C926D.e.2554"}]}
COMMAND: GET /session/e92654ce08529da6aa8a1ad9d55850b5/screenshot - {}
RESULT: {}
RESULT: {}
RESULT: undefined
COMMAND: POST /session/e92654ce08529da6aa8a1ad9d55850b5/element - {"using":"xpath","value":"//*[@id=\"__tile38\"]"}
RESULT: {"using":"xpath","value":"//*[@id=\"__tile38\"]"}
COMMAND: POST /session/e92654ce08529da6aa8a1ad9d55850b5/element/f.2D1B8265A78BA1487979886821B0C8C8.d.60F5512EA67EA882C536AB6A097C926D.e.147/click - {}
RESULT: {}
COMMAND: POST /session/e92654ce08529da6aa8a1ad9d55850b5/element - {"using":"xpath","value":"//button[@data-kt=\"addButton\"]"}
COMMAND: GET /session/e92654ce08529da6aa8a1ad9d55850b5/screenshot - {}
RESULT: {"using":"xpath","value":"//button[@data-kt=\"addButton\"]"}
COMMAND: POST /session/e92654ce08529da6aa8a1ad9d55850b5/elements - {"using":"xpath","value":"//button[@data-kt=\"addButton\"]"}
RESULT: {}
RESULT: {"using":"xpath","value":"//button[@data-kt=\"addButton\"]"}
COMMAND: POST /session/e92654ce08529da6aa8a1ad9d55850b5/elements - {"using":"xpath","value":"//button[@data-kt=\"addButton\"]"}
RESULT: {"using":"xpath","value":"//button[@data-kt=\"addButton\"]"}
COMMAND: POST /session/e92654ce08529da6aa8a1ad9d55850b5/elements - {"using":"xpath","value":"//button[@data-kt=\"addButton\"]"}
RESULT: {"using":"xpath","value":"//button[@data-kt=\"addButton\"]"}
COMMAND: POST /session/e92654ce08529da6aa8a1ad9d55850b5/elements - {"using":"xpath","value":"//button[@data-kt=\"addButton\"]"}
RESULT: {"using":"xpath","value":"//button[@data-kt=\"addButton\"]"}
COMMAND: POST /session/e92654ce08529da6aa8a1ad9d55850b5/elements - {"using":"xpath","value":"//button[@data-kt=\"addButton\"]"}
RESULT: {"using":"xpath","value":"//button[@data-kt=\"addButton\"]"}
COMMAND: POST /session/e92654ce08529da6aa8a1ad9d55850b5/elements - {"using":"xpath","value":"//button[@data-kt=\"addButton\"]"}
RESULT: {"using":"xpath","value":"//button[@data-kt=\"addButton\"]"}
COMMAND: POST /session/e92654ce08529da6aa8a1ad9d55850b5/elements - {"using":"xpath","value":"//button[@data-kt=\"addButton\"]"}
RESULT: {"using":"xpath","value":"//button[@data-kt=\"addButton\"]"}
COMMAND: POST /session/e92654ce08529da6aa8a1ad9d55850b5/elements - {"using":"xpath","value":"//button[@data-kt=\"addButton\"]"}
RESULT: {"using":"xpath","value":"//button[@data-kt=\"addButton\"]"}
COMMAND: POST /session/e92654ce08529da6aa8a1ad9d55850b5/elements - {"using":"xpath","value":"//button[@data-kt=\"addButton\"]"}
RESULT: {"using":"xpath","value":"//button[@data-kt=\"addButton\"]"}
COMMAND: POST /session/e92654ce08529da6aa8a1ad9d55850b5/elements - {"using":"xpath","value":"//button[@data-kt=\"addButton\"]"}
RESULT: {"using":"xpath","value":"//button[@data-kt=\"addButton\"]"}
COMMAND: POST /session/e92654ce08529da6aa8a1ad9d55850b5/elements - {"using":"xpath","value":"//button[@data-kt=\"addButton\"]"}
RESULT: {"using":"xpath","value":"//button[@data-kt=\"addButton\"]"}
COMMAND: POST /session/e92654ce08529da6aa8a1ad9d55850b5/elements - {"using":"xpath","value":"//button[@data-kt=\"addButton\"]"}
RESULT: {"using":"xpath","value":"//button[@data-kt=\"addButton\"]"}
COMMAND: POST /session/e92654ce08529da6aa8a1ad9d55850b5/elements - {"using":"xpath","value":"//button[@data-kt=\"addButton\"]"}
RESULT: {"using":"xpath","value":"//button[@data-kt=\"addButton\"]"}
COMMAND: POST /session/e92654ce08529da6aa8a1ad9d55850b5/elements - {"using":"xpath","value":"//button[@data-kt=\"addButton\"]"}
RESULT: {"using":"xpath","value":"//button[@data-kt=\"addButton\"]"}
COMMAND: POST /session/e92654ce08529da6aa8a1ad9d55850b5/elements - {"using":"xpath","value":"//button[@data-kt=\"addButton\"]"}
RESULT: {"using":"xpath","value":"//button[@data-kt=\"addButton\"]"}
COMMAND: POST /session/e92654ce08529da6aa8a1ad9d55850b5/elements - {"using":"xpath","value":"//button[@data-kt=\"addButton\"]"}
RESULT: {"using":"xpath","value":"//button[@data-kt=\"addButton\"]"}
COMMAND: POST /session/e92654ce08529da6aa8a1ad9d55850b5/elements - {"using":"xpath","value":"//button[@data-kt=\"addButton\"]"}
RESULT: {"using":"xpath","value":"//button[@data-kt=\"addButton\"]"}
COMMAND: POST /session/e92654ce08529da6aa8a1ad9d55850b5/elements - {"using":"xpath","value":"//button[@data-kt=\"addButton\"]"}
RESULT: {"using":"xpath","value":"//button[@data-kt=\"addButton\"]"}
COMMAND: POST /session/e92654ce08529da6aa8a1ad9d55850b5/element - {"using":"xpath","value":"//button[@data-kt=\"addButton\"]"}
RESULT: {"using":"xpath","value":"//button[@data-kt=\"addButton\"]"}
COMMAND: POST /session/e92654ce08529da6aa8a1ad9d55850b5/execute/sync - {"script":"<script> [8489 bytes]","args":[{"element-6066-11e4-a52e-4f735466cecf":"f.2D1B8265A78BA1487979886821B0C8C8.d.60F5512EA67EA882C536AB6A097C926D.e.2601","ELEMENT":"f.2D1B8265A78BA1487979886821B0C8C8.d.60F5512EA67EA882C536AB6A097C926D.e.2601"}]}
RESULT: {"script":"<script> [8489 bytes]","args":[{"element-6066-11e4-a52e-4f735466cecf":"f.2D1B8265A78BA1487979886821B0C8C8.d.60F5512EA67EA882C536AB6A097C926D.e.2601","ELEMENT":"f.2D1B8265A78BA1487979886821B0C8C8.d.60F5512EA67EA882C536AB6A097C926D.e.2601"}]}
COMMAND: GET /session/e92654ce08529da6aa8a1ad9d55850b5/element/f.2D1B8265A78BA1487979886821B0C8C8.d.60F5512EA67EA882C536AB6A097C926D.e.2601/enabled - {}
COMMAND: GET /session/e92654ce08529da6aa8a1ad9d55850b5/screenshot - {}
RESULT: {}
COMMAND: POST /session/e92654ce08529da6aa8a1ad9d55850b5/execute/sync - {"script":"<script> [8489 bytes]","args":[{"element-6066-11e4-a52e-4f735466cecf":"f.2D1B8265A78BA1487979886821B0C8C8.d.60F5512EA67EA882C536AB6A097C926D.e.2601","ELEMENT":"f.2D1B8265A78BA1487979886821B0C8C8.d.60F5512EA67EA882C536AB6A097C926D.e.2601"}]}
COMMAND: GET /session/e92654ce08529da6aa8a1ad9d55850b5/screenshot - {}
RESULT: {}
RESULT: {"script":"<script> [8489 bytes]","args":[{"element-6066-11e4-a52e-4f735466cecf":"f.2D1B8265A78BA1487979886821B0C8C8.d.60F5512EA67EA882C536AB6A097C926D.e.2601","ELEMENT":"f.2D1B8265A78BA1487979886821B0C8C8.d.60F5512EA67EA882C536AB6A097C926D.e.2601"}]}
COMMAND: POST /session/e92654ce08529da6aa8a1ad9d55850b5/execute/sync - {"script":"<script> [5351 bytes]","args":[{"element-6066-11e4-a52e-4f735466cecf":"f.2D1B8265A78BA1487979886821B0C8C8.d.60F5512EA67EA882C536AB6A097C926D.e.2601","ELEMENT":"f.2D1B8265A78BA1487979886821B0C8C8.d.60F5512EA67EA882C536AB6A097C926D.e.2601"}]}
COMMAND: GET /session/e92654ce08529da6aa8a1ad9d55850b5/screenshot - {}
RESULT: {}
RESULT: {"script":"<script> [5351 bytes]","args":[{"element-6066-11e4-a52e-4f735466cecf":"f.2D1B8265A78BA1487979886821B0C8C8.d.60F5512EA67EA882C536AB6A097C926D.e.2601","ELEMENT":"f.2D1B8265A78BA1487979886821B0C8C8.d.60F5512EA67EA882C536AB6A097C926D.e.2601"}]}
COMMAND: GET /session/e92654ce08529da6aa8a1ad9d55850b5/screenshot - {}
RESULT: {}
RESULT: {}
RESULT: undefined
COMMAND: POST /session/e92654ce08529da6aa8a1ad9d55850b5/execute/async - {"script":"<script> [776 bytes]","args":[{"enterText":"1506","selector":{"id":"application-managepartners-display-component---masterPtm--smartFilterBar-btnBasicSearch","interaction":{"idSuffix":"I"}},"clearTextFirst":true,"interactionType":"ENTER_TEXT"}]}
RESULT: {"script":"<script> [776 bytes]","args":[{"enterText":"1506","selector":{"id":"application-managepartners-display-component---masterPtm--smartFilterBar-btnBasicSearch","interaction":{"idSuffix":"I"}},"clearTextFirst":true,"interactionType":"ENTER_TEXT"}]}
COMMAND: POST /session/e92654ce08529da6aa8a1ad9d55850b5/actions - {"actions":[{"id":"action6","type":"key","parameters":{},"actions":[{"type":"keyDown","value":""},{"type":"pause","duration":10},{"type":"keyUp","value":""}]}]}
RESULT: {"actions":[{"id":"action6","type":"key","parameters":{},"actions":[{"type":"keyDown","value":""},{"type":"pause","duration":10},{"type":"keyUp","value":""}]}]}
COMMAND: GET /session/e92654ce08529da6aa8a1ad9d55850b5/screenshot - {}
RESULT: {}
COMMAND: POST /session/e92654ce08529da6aa8a1ad9d55850b5/elements - {"using":"xpath","value":"//table[contains(@id, \"customPartnersTable-listUl\")]/tbody/tr"}
RESULT: {"using":"xpath","value":"//table[contains(@id, \"customPartnersTable-listUl\")]/tbody/tr"}
COMMAND: POST /session/e92654ce08529da6aa8a1ad9d55850b5/element - {"using":"xpath","value":"//table[contains(@id, \"customPartnersTable-listUl\")]/tbody/tr[1]/td[3]/span"}
RESULT: {"using":"xpath","value":"//table[contains(@id, \"customPartnersTable-listUl\")]/tbody/tr[1]/td[3]/span"}
COMMAND: POST /session/e92654ce08529da6aa8a1ad9d55850b5/elements - {"using":"xpath","value":"//table[contains(@id, \"customPartnersTable-listUl\")]/tbody/tr[1]/td[3]/span"}
RESULT: {"using":"xpath","value":"//table[contains(@id, \"customPartnersTable-listUl\")]/tbody/tr[1]/td[3]/span"}
COMMAND: POST /session/e92654ce08529da6aa8a1ad9d55850b5/execute/sync - {"script":"<script> [56 bytes]","args":[{"element-6066-11e4-a52e-4f735466cecf":"f.2D1B8265A78BA1487979886821B0C8C8.d.60F5512EA67EA882C536AB6A097C926D.e.2738","ELEMENT":"f.2D1B8265A78BA1487979886821B0C8C8.d.60F5512EA67EA882C536AB6A097C926D.e.2738"}]}
RESULT: {"script":"<script> [56 bytes]","args":[{"element-6066-11e4-a52e-4f735466cecf":"f.2D1B8265A78BA1487979886821B0C8C8.d.60F5512EA67EA882C536AB6A097C926D.e.2738","ELEMENT":"f.2D1B8265A78BA1487979886821B0C8C8.d.60F5512EA67EA882C536AB6A097C926D.e.2738"}]}
COMMAND: POST /session/e92654ce08529da6aa8a1ad9d55850b5/element - {"using":"xpath","value":"(//span[contains(@id, \"imgNav\")])[1]"}
COMMAND: GET /session/e92654ce08529da6aa8a1ad9d55850b5/screenshot - {}
RESULT: {"using":"xpath","value":"(//span[contains(@id, \"imgNav\")])[1]"}
COMMAND: POST /session/e92654ce08529da6aa8a1ad9d55850b5/element/f.2D1B8265A78BA1487979886821B0C8C8.d.60F5512EA67EA882C536AB6A097C926D.e.2736/click - {}
RESULT: {}
RESULT: {}
COMMAND: GET /session/e92654ce08529da6aa8a1ad9d55850b5/screenshot - {}
RESULT: {}
COMMAND: POST /session/e92654ce08529da6aa8a1ad9d55850b5/element - {"using":"xpath","value":"//bdi[contains(text(), \"Edit\")]"}
RESULT: {"using":"xpath","value":"//bdi[contains(text(), \"Edit\")]"}
COMMAND: POST /session/e92654ce08529da6aa8a1ad9d55850b5/element/f.2D1B8265A78BA1487979886821B0C8C8.d.60F5512EA67EA882C536AB6A097C926D.e.2876/click - {}
RESULT: {}
COMMAND: GET /session/e92654ce08529da6aa8a1ad9d55850b5/screenshot - {}
RESULT: {}
COMMAND: POST /session/e92654ce08529da6aa8a1ad9d55850b5/execute/async - {"script":"<script> [1562 bytes]","args":[{"selector":{"controlType":"sap.m.Input","viewName":"etm.portal.ui.managepartners.view.EditDetail","labelFor":{"text":"Name"},"interaction":{"idSuffix":"inner"}},"wdio_ui5_key":"etmportal.ui.managepartners.view.EditDetailsap.m.Input{\"text\":\"Name\"}"}]}
RESULT: {"script":"<script> [1562 bytes]","args":[{"selector":{"controlType":"sap.m.Input","viewName":"etm.portal.ui.managepartners.view.EditDetail","labelFor":{"text":"Name"},"interaction":{"idSuffix":"inner"}},"wdio_ui5_key":"etmportal.ui.managepartners.view.EditDetailsap.m.Input{\"text\":\"Name\"}"}]}
RESULT: undefined
COMMAND: POST /session/e92654ce08529da6aa8a1ad9d55850b5/execute/async - {"script":"<script> [776 bytes]","args":[{"enterText":"External EDIT","selector":{"controlType":"sap.m.Input","viewName":"etm.portal.ui.managepartners.view.EditDetail","labelFor":{"text":"Name"},"interaction":{"idSuffix":"inner"}},"clearTextFirst":true,"interactionType":"ENTER_TEXT"}]}
RESULT: {"script":"<script> [776 bytes]","args":[{"enterText":"External EDIT","selector":{"controlType":"sap.m.Input","viewName":"etm.portal.ui.managepartners.view.EditDetail","labelFor":{"text":"Name"},"interaction":{"idSuffix":"inner"}},"clearTextFirst":true,"interactionType":"ENTER_TEXT"}]}
COMMAND: POST /session/e92654ce08529da6aa8a1ad9d55850b5/element - {"using":"xpath","value":"(//span[contains(@id,\"addressDetailDetailsLanguage-arrow\")])[1]"}
RESULT: {"using":"xpath","value":"(//span[contains(@id,\"addressDetailDetailsLanguage-arrow\")])[1]"}
COMMAND: POST /session/e92654ce08529da6aa8a1ad9d55850b5/element/f.2D1B8265A78BA1487979886821B0C8C8.d.60F5512EA67EA882C536AB6A097C926D.e.2955/click - {}
RESULT: {}
COMMAND: POST /session/e92654ce08529da6aa8a1ad9d55850b5/element - {"using":"xpath","value":"//span[contains(text(), \"Chinese\")]"}
COMMAND: GET /session/e92654ce08529da6aa8a1ad9d55850b5/screenshot - {}
RESULT: {"using":"xpath","value":"//span[contains(text(), \"Chinese\")]"}
COMMAND: POST /session/e92654ce08529da6aa8a1ad9d55850b5/element/f.2D1B8265A78BA1487979886821B0C8C8.d.60F5512EA67EA882C536AB6A097C926D.e.2956/click - {}
RESULT: {}
RESULT: {}
COMMAND: GET /session/e92654ce08529da6aa8a1ad9d55850b5/screenshot - {}
RESULT: {}
COMMAND: POST /session/e92654ce08529da6aa8a1ad9d55850b5/execute/async - {"script":"<script> [1562 bytes]","args":[{"selector":{"controlType":"sap.m.Input","viewName":"etm.portal.ui.managepartners.view.EditDetail","labelFor":{"text":"City"},"interaction":{"idSuffix":"inner"}},"wdio_ui5_key":"etmportal.ui.managepartners.view.EditDetailsap.m.Input{\"text\":\"City\"}"}]}
RESULT: {"script":"<script> [1562 bytes]","args":[{"selector":{"controlType":"sap.m.Input","viewName":"etm.portal.ui.managepartners.view.EditDetail","labelFor":{"text":"City"},"interaction":{"idSuffix":"inner"}},"wdio_ui5_key":"etmportal.ui.managepartners.view.EditDetailsap.m.Input{\"text\":\"City\"}"}]}
RESULT: undefined
COMMAND: POST /session/e92654ce08529da6aa8a1ad9d55850b5/execute/async - {"script":"<script> [776 bytes]","args":[{"enterText":"Clooj-Napoca","selector":{"controlType":"sap.m.Input","viewName":"etm.portal.ui.managepartners.view.EditDetail","labelFor":{"text":"City"},"interaction":{"idSuffix":"inner"}},"clearTextFirst":true,"interactionType":"ENTER_TEXT"}]}
RESULT: {"script":"<script> [776 bytes]","args":[{"enterText":"Clooj-Napoca","selector":{"controlType":"sap.m.Input","viewName":"etm.portal.ui.managepartners.view.EditDetail","labelFor":{"text":"City"},"interaction":{"idSuffix":"inner"}},"clearTextFirst":true,"interactionType":"ENTER_TEXT"}]}
COMMAND: POST /session/e92654ce08529da6aa8a1ad9d55850b5/element - {"using":"xpath","value":"//button[@data-kt=\"saveButton\"]"}
RESULT: {"using":"xpath","value":"//button[@data-kt=\"saveButton\"]"}
COMMAND: POST /session/e92654ce08529da6aa8a1ad9d55850b5/element/f.2D1B8265A78BA1487979886821B0C8C8.d.60F5512EA67EA882C536AB6A097C926D.e.2939/click - {}
RESULT: {}
COMMAND: GET /session/e92654ce08529da6aa8a1ad9d55850b5/screenshot - {}
RESULT: {}
COMMAND: POST /session/e92654ce08529da6aa8a1ad9d55850b5/execute/async - {"script":"<script> [1562 bytes]","args":[{"selector":{"id":"application-managepartners-display-component---detailPtm--addressDetailDetailsName1"},"wdio_ui5_key":"applicationmanagepartners-display-component---detailPtm--addressDetailDetailsName1"}]}
RESULT: {"script":"<script> [1562 bytes]","args":[{"selector":{"id":"application-managepartners-display-component---detailPtm--addressDetailDetailsName1"},"wdio_ui5_key":"applicationmanagepartners-display-component---detailPtm--addressDetailDetailsName1"}]}
RESULT: undefined
COMMAND: POST /session/e92654ce08529da6aa8a1ad9d55850b5/execute/async - {"script":"<script> [6424 bytes]","args":[{"element-6066-11e4-a52e-4f735466cecf":"f.2D1B8265A78BA1487979886821B0C8C8.d.60F5512EA67EA882C536AB6A097C926D.e.2987"},"getValue",[]]}
RESULT: {"script":"<script> [6424 bytes]","args":[{"element-6066-11e4-a52e-4f735466cecf":"f.2D1B8265A78BA1487979886821B0C8C8.d.60F5512EA67EA882C536AB6A097C926D.e.2987"},"getValue",[]]}
COMMAND: POST /session/e92654ce08529da6aa8a1ad9d55850b5/element - {"using":"xpath","value":"//input[@id = \"application-managepartners-display-component---detailPtm--addressDetailDetailsLanguage-inner\"]"}
RESULT: {"using":"xpath","value":"//input[@id = \"application-managepartners-display-component---detailPtm--addressDetailDetailsLanguage-inner\"]"}
COMMAND: GET /session/e92654ce08529da6aa8a1ad9d55850b5/element/f.2D1B8265A78BA1487979886821B0C8C8.d.60F5512EA67EA882C536AB6A097C926D.e.2988/property/value - {}
RESULT: {}
COMMAND: POST /session/e92654ce08529da6aa8a1ad9d55850b5/execute/async - {"script":"<script> [1562 bytes]","args":[{"selector":{"id":"application-managepartners-display-component---detailPtm--addressDetailDetailsCity1"},"wdio_ui5_key":"applicationmanagepartners-display-component---detailPtm--addressDetailDetailsCity1"}]}
COMMAND: GET /session/e92654ce08529da6aa8a1ad9d55850b5/screenshot - {}
RESULT: {"script":"<script> [1562 bytes]","args":[{"selector":{"id":"application-managepartners-display-component---detailPtm--addressDetailDetailsCity1"},"wdio_ui5_key":"applicationmanagepartners-display-component---detailPtm--addressDetailDetailsCity1"}]}
RESULT: undefined
COMMAND: POST /session/e92654ce08529da6aa8a1ad9d55850b5/execute/async - {"script":"<script> [6424 bytes]","args":[{"element-6066-11e4-a52e-4f735466cecf":"f.2D1B8265A78BA1487979886821B0C8C8.d.60F5512EA67EA882C536AB6A097C926D.e.2989"},"getValue",[]]}
RESULT: {}
RESULT: {"script":"<script> [6424 bytes]","args":[{"element-6066-11e4-a52e-4f735466cecf":"f.2D1B8265A78BA1487979886821B0C8C8.d.60F5512EA67EA882C536AB6A097C926D.e.2989"},"getValue",[]]}
COMMAND: POST /session/e92654ce08529da6aa8a1ad9d55850b5/element - {"using":"css selector","value":"#shell-header-logo"}
RESULT: {"using":"css selector","value":"#shell-header-logo"}
COMMAND: POST /session/e92654ce08529da6aa8a1ad9d55850b5/element/f.2D1B8265A78BA1487979886821B0C8C8.d.60F5512EA67EA882C536AB6A097C926D.e.2554/click - {}
RESULT: {}
COMMAND: GET /session/e92654ce08529da6aa8a1ad9d55850b5/screenshot - {}
RESULT: {}
]]></system-out>
    </testcase>
    <testcase classname="chrome.135_0_7049_42.windows.Partner_specific_tests_US150819_US151080_US151654_US151176_US103444_US151078_US151079_US151109_US151174_US151175_US151189" name="Should create a new intercompany partner edit some of its fields US151078" time="214.519">
      <system-out><![CDATA[
COMMAND: POST /session/e92654ce08529da6aa8a1ad9d55850b5/element - {"using":"xpath","value":"//li[.//span[text()=\"Manage Partners\"]]"}
RESULT: {"using":"xpath","value":"//li[.//span[text()=\"Manage Partners\"]]"}
COMMAND: POST /session/e92654ce08529da6aa8a1ad9d55850b5/element - {"using":"xpath","value":"//li[.//span[text()=\"Manage Partners\"]]"}
RESULT: {"using":"xpath","value":"//li[.//span[text()=\"Manage Partners\"]]"}
COMMAND: POST /session/e92654ce08529da6aa8a1ad9d55850b5/element - {"using":"css selector","value":"#shell-header-logo"}
RESULT: {"using":"css selector","value":"#shell-header-logo"}
COMMAND: POST /session/e92654ce08529da6aa8a1ad9d55850b5/element/f.2D1B8265A78BA1487979886821B0C8C8.d.60F5512EA67EA882C536AB6A097C926D.e.3019/click - {}
COMMAND: POST /session/e92654ce08529da6aa8a1ad9d55850b5/execute/sync - {"script":"<script> [8489 bytes]","args":[{"element-6066-11e4-a52e-4f735466cecf":"f.2D1B8265A78BA1487979886821B0C8C8.d.60F5512EA67EA882C536AB6A097C926D.e.3019","ELEMENT":"f.2D1B8265A78BA1487979886821B0C8C8.d.60F5512EA67EA882C536AB6A097C926D.e.3019"}]}
RESULT: {}
COMMAND: GET /session/e92654ce08529da6aa8a1ad9d55850b5/screenshot - {}
RESULT: {"script":"<script> [8489 bytes]","args":[{"element-6066-11e4-a52e-4f735466cecf":"f.2D1B8265A78BA1487979886821B0C8C8.d.60F5512EA67EA882C536AB6A097C926D.e.3019","ELEMENT":"f.2D1B8265A78BA1487979886821B0C8C8.d.60F5512EA67EA882C536AB6A097C926D.e.3019"}]}
COMMAND: POST /session/e92654ce08529da6aa8a1ad9d55850b5/execute/sync - {"script":"<script> [5351 bytes]","args":[{"element-6066-11e4-a52e-4f735466cecf":"f.2D1B8265A78BA1487979886821B0C8C8.d.60F5512EA67EA882C536AB6A097C926D.e.3019","ELEMENT":"f.2D1B8265A78BA1487979886821B0C8C8.d.60F5512EA67EA882C536AB6A097C926D.e.3019"}]}
COMMAND: GET /session/e92654ce08529da6aa8a1ad9d55850b5/screenshot - {}
RESULT: {}
RESULT: {"script":"<script> [5351 bytes]","args":[{"element-6066-11e4-a52e-4f735466cecf":"f.2D1B8265A78BA1487979886821B0C8C8.d.60F5512EA67EA882C536AB6A097C926D.e.3019","ELEMENT":"f.2D1B8265A78BA1487979886821B0C8C8.d.60F5512EA67EA882C536AB6A097C926D.e.3019"}]}
COMMAND: GET /session/e92654ce08529da6aa8a1ad9d55850b5/screenshot - {}
RESULT: {}
RESULT: {}
COMMAND: POST /session/e92654ce08529da6aa8a1ad9d55850b5/refresh - {}
RESULT: {}
COMMAND: GET /session/e92654ce08529da6aa8a1ad9d55850b5/screenshot - {}
RESULT: {}
COMMAND: POST /session/e92654ce08529da6aa8a1ad9d55850b5/refresh - {}
RESULT: {}
COMMAND: GET /session/e92654ce08529da6aa8a1ad9d55850b5/screenshot - {}
RESULT: {}
COMMAND: POST /session/e92654ce08529da6aa8a1ad9d55850b5/window/fullscreen - {}
RESULT: {}
COMMAND: POST /session/e92654ce08529da6aa8a1ad9d55850b5/execute/async - {"script":"<script> [189 bytes]","args":[]}
RESULT: {"script":"<script> [189 bytes]","args":[]}
COMMAND: POST /session/e92654ce08529da6aa8a1ad9d55850b5/execute/async - {"script":"<script> [123 bytes]","args":[]}
RESULT: {"script":"<script> [123 bytes]","args":[]}
COMMAND: POST /session/e92654ce08529da6aa8a1ad9d55850b5/timeouts - {"script":"<number>"}
RESULT: {"script":"<number>"}
COMMAND: GET /session/e92654ce08529da6aa8a1ad9d55850b5/timeouts - {}
RESULT: {}
RESULT: undefined
COMMAND: POST /session/e92654ce08529da6aa8a1ad9d55850b5/execute/async - {"script":"<script> [2676 bytes]","args":[]}
RESULT: {"script":"<script> [2676 bytes]","args":[]}
COMMAND: POST /session/e92654ce08529da6aa8a1ad9d55850b5/execute/async - {"script":"<script> [2342 bytes]","args":[{"protocol":"http","hostname":"0.0.0.0","path":"/","capabilities":{"browserName":"chrome","goog:chromeOptions":{"binary":"C:\\Program Files\\Google\\Chrome\\Application\\chrome.exe","args":["--start-maximized"]}},"logLevel":"warn","connectionRetryTimeout":120000,"connectionRetryCount":3,"logLevels":{},"enableDirectConnect":true,"strictSSL":true,"_":"65 more keys: [\"cacheDir\",\"port\",\"requestedCapabilities\",\"automationProtocol\",\"baseUrl\",\"waitforInterval\",\"waitforTimeout\",\"onReload\",\"beforeCommand\",\"afterCommand\",\"rootDir\",\"specs\",\"suites\",\"exclude\",\"groupLogsByTestSpec\",\"excludeDriverLogs\",\"bail\",\"framework\",\"reporters\",\"services\",\"maxInstances\",\"maxInstancesPerCapability\",\"injectGlobals\",\"filesToWatch\",\"execArgv\",\"runnerEnv\",\"runner\",\"shard\",\"specFileRetries\",\"specFileRetriesDelay\",\"specFileRetriesDeferred\",\"reporterSyncInterval\",\"reporterSyncTimeout\",\"cucumberFeaturesWithLineNumbers\",\"autoCompileOpts\",\"mochaOpts\",\"jasmineOpts\",\"cucumberOpts\",\"onPrepare\",\"onWorkerStart\",\"onWorkerEnd\",\"before\",\"beforeSession\",\"beforeSuite\",\"beforeHook\",\"beforeTest\",\"afterTest\",\"afterHook\",\"afterSuite\",\"afterSession\",\"after\",\"onComplete\",\"beforeAssertion\",\"afterAssertion\",\"beforeFeature\",\"beforeScenario\",\"beforeStep\",\"afterStep\",\"afterScenario\",\"afterFeature\",\"_\",\"suite\",\"$0\",\"ignoredWorkerServices\",\"wdi5\"]"}]}
RESULT: {"script":"<script> [2342 bytes]","args":[{"protocol":"http","hostname":"0.0.0.0","path":"/","capabilities":{"browserName":"chrome","goog:chromeOptions":{"binary":"C:\\Program Files\\Google\\Chrome\\Application\\chrome.exe","args":["--start-maximized"]}},"logLevel":"warn","connectionRetryTimeout":120000,"connectionRetryCount":3,"logLevels":{},"enableDirectConnect":true,"strictSSL":true,"_":"65 more keys: [\"cacheDir\",\"port\",\"requestedCapabilities\",\"automationProtocol\",\"baseUrl\",\"waitforInterval\",\"waitforTimeout\",\"onReload\",\"beforeCommand\",\"afterCommand\",\"rootDir\",\"specs\",\"suites\",\"exclude\",\"groupLogsByTestSpec\",\"excludeDriverLogs\",\"bail\",\"framework\",\"reporters\",\"services\",\"maxInstances\",\"maxInstancesPerCapability\",\"injectGlobals\",\"filesToWatch\",\"execArgv\",\"runnerEnv\",\"runner\",\"shard\",\"specFileRetries\",\"specFileRetriesDelay\",\"specFileRetriesDeferred\",\"reporterSyncInterval\",\"reporterSyncTimeout\",\"cucumberFeaturesWithLineNumbers\",\"autoCompileOpts\",\"mochaOpts\",\"jasmineOpts\",\"cucumberOpts\",\"onPrepare\",\"onWorkerStart\",\"onWorkerEnd\",\"before\",\"beforeSession\",\"beforeSuite\",\"beforeHook\",\"beforeTest\",\"afterTest\",\"afterHook\",\"afterSuite\",\"afterSession\",\"after\",\"onComplete\",\"beforeAssertion\",\"afterAssertion\",\"beforeFeature\",\"beforeScenario\",\"beforeStep\",\"afterStep\",\"afterScenario\",\"afterFeature\",\"_\",\"suite\",\"$0\",\"ignoredWorkerServices\",\"wdi5\"]"}]}
COMMAND: POST /session/e92654ce08529da6aa8a1ad9d55850b5/execute/async - {"script":"<script> [21126 bytes]","args":[35000]}
RESULT: {"script":"<script> [21126 bytes]","args":[35000]}
COMMAND: POST /session/e92654ce08529da6aa8a1ad9d55850b5/window/fullscreen - {}
RESULT: {}
COMMAND: POST /session/e92654ce08529da6aa8a1ad9d55850b5/window/fullscreen - {}
RESULT: {}
COMMAND: POST /session/e92654ce08529da6aa8a1ad9d55850b5/execute/async - {"script":"<script> [1562 bytes]","args":[{"selector":{"controlType":"sap.m.GenericTile","properties":{"header":"Manage Partners"}},"wdio_ui5_key":"sapm.GenericTile{\"header\":\"Manage Partners\"}"}]}
RESULT: {"script":"<script> [1562 bytes]","args":[{"selector":{"controlType":"sap.m.GenericTile","properties":{"header":"Manage Partners"}},"wdio_ui5_key":"sapm.GenericTile{\"header\":\"Manage Partners\"}"}]}
RESULT: undefined
COMMAND: POST /session/e92654ce08529da6aa8a1ad9d55850b5/element - {"using":"xpath","value":"//*[@id=\"__tile30\"]"}
RESULT: {"using":"xpath","value":"//*[@id=\"__tile30\"]"}
COMMAND: POST /session/e92654ce08529da6aa8a1ad9d55850b5/element/f.2D1B8265A78BA1487979886821B0C8C8.d.69013DC644F6267CD421EAC822E96A2E.e.3089/click - {}
RESULT: {}
COMMAND: POST /session/e92654ce08529da6aa8a1ad9d55850b5/element - {"using":"xpath","value":"//button[@data-kt=\"addButton\"]"}
COMMAND: GET /session/e92654ce08529da6aa8a1ad9d55850b5/screenshot - {}
RESULT: {"using":"xpath","value":"//button[@data-kt=\"addButton\"]"}
COMMAND: POST /session/e92654ce08529da6aa8a1ad9d55850b5/elements - {"using":"xpath","value":"//button[@data-kt=\"addButton\"]"}
RESULT: {}
RESULT: {"using":"xpath","value":"//button[@data-kt=\"addButton\"]"}
COMMAND: POST /session/e92654ce08529da6aa8a1ad9d55850b5/elements - {"using":"xpath","value":"//button[@data-kt=\"addButton\"]"}
RESULT: {"using":"xpath","value":"//button[@data-kt=\"addButton\"]"}
COMMAND: POST /session/e92654ce08529da6aa8a1ad9d55850b5/elements - {"using":"xpath","value":"//button[@data-kt=\"addButton\"]"}
RESULT: {"using":"xpath","value":"//button[@data-kt=\"addButton\"]"}
COMMAND: POST /session/e92654ce08529da6aa8a1ad9d55850b5/elements - {"using":"xpath","value":"//button[@data-kt=\"addButton\"]"}
RESULT: {"using":"xpath","value":"//button[@data-kt=\"addButton\"]"}
COMMAND: POST /session/e92654ce08529da6aa8a1ad9d55850b5/elements - {"using":"xpath","value":"//button[@data-kt=\"addButton\"]"}
RESULT: {"using":"xpath","value":"//button[@data-kt=\"addButton\"]"}
COMMAND: POST /session/e92654ce08529da6aa8a1ad9d55850b5/elements - {"using":"xpath","value":"//button[@data-kt=\"addButton\"]"}
RESULT: {"using":"xpath","value":"//button[@data-kt=\"addButton\"]"}
COMMAND: POST /session/e92654ce08529da6aa8a1ad9d55850b5/elements - {"using":"xpath","value":"//button[@data-kt=\"addButton\"]"}
RESULT: {"using":"xpath","value":"//button[@data-kt=\"addButton\"]"}
COMMAND: POST /session/e92654ce08529da6aa8a1ad9d55850b5/elements - {"using":"xpath","value":"//button[@data-kt=\"addButton\"]"}
RESULT: {"using":"xpath","value":"//button[@data-kt=\"addButton\"]"}
COMMAND: POST /session/e92654ce08529da6aa8a1ad9d55850b5/elements - {"using":"xpath","value":"//button[@data-kt=\"addButton\"]"}
RESULT: {"using":"xpath","value":"//button[@data-kt=\"addButton\"]"}
COMMAND: POST /session/e92654ce08529da6aa8a1ad9d55850b5/elements - {"using":"xpath","value":"//button[@data-kt=\"addButton\"]"}
RESULT: {"using":"xpath","value":"//button[@data-kt=\"addButton\"]"}
COMMAND: POST /session/e92654ce08529da6aa8a1ad9d55850b5/elements - {"using":"xpath","value":"//button[@data-kt=\"addButton\"]"}
RESULT: {"using":"xpath","value":"//button[@data-kt=\"addButton\"]"}
COMMAND: POST /session/e92654ce08529da6aa8a1ad9d55850b5/elements - {"using":"xpath","value":"//button[@data-kt=\"addButton\"]"}
RESULT: {"using":"xpath","value":"//button[@data-kt=\"addButton\"]"}
COMMAND: POST /session/e92654ce08529da6aa8a1ad9d55850b5/elements - {"using":"xpath","value":"//button[@data-kt=\"addButton\"]"}
RESULT: {"using":"xpath","value":"//button[@data-kt=\"addButton\"]"}
COMMAND: POST /session/e92654ce08529da6aa8a1ad9d55850b5/elements - {"using":"xpath","value":"//button[@data-kt=\"addButton\"]"}
RESULT: {"using":"xpath","value":"//button[@data-kt=\"addButton\"]"}
COMMAND: POST /session/e92654ce08529da6aa8a1ad9d55850b5/elements - {"using":"xpath","value":"//button[@data-kt=\"addButton\"]"}
RESULT: {"using":"xpath","value":"//button[@data-kt=\"addButton\"]"}
COMMAND: POST /session/e92654ce08529da6aa8a1ad9d55850b5/elements - {"using":"xpath","value":"//button[@data-kt=\"addButton\"]"}
RESULT: {"using":"xpath","value":"//button[@data-kt=\"addButton\"]"}
COMMAND: POST /session/e92654ce08529da6aa8a1ad9d55850b5/elements - {"using":"xpath","value":"//button[@data-kt=\"addButton\"]"}
RESULT: {"using":"xpath","value":"//button[@data-kt=\"addButton\"]"}
COMMAND: POST /session/e92654ce08529da6aa8a1ad9d55850b5/elements - {"using":"xpath","value":"//button[@data-kt=\"addButton\"]"}
RESULT: {"using":"xpath","value":"//button[@data-kt=\"addButton\"]"}
COMMAND: POST /session/e92654ce08529da6aa8a1ad9d55850b5/elements - {"using":"xpath","value":"//button[@data-kt=\"addButton\"]"}
RESULT: {"using":"xpath","value":"//button[@data-kt=\"addButton\"]"}
COMMAND: POST /session/e92654ce08529da6aa8a1ad9d55850b5/elements - {"using":"xpath","value":"//button[@data-kt=\"addButton\"]"}
RESULT: {"using":"xpath","value":"//button[@data-kt=\"addButton\"]"}
COMMAND: POST /session/e92654ce08529da6aa8a1ad9d55850b5/elements - {"using":"xpath","value":"//button[@data-kt=\"addButton\"]"}
RESULT: {"using":"xpath","value":"//button[@data-kt=\"addButton\"]"}
COMMAND: POST /session/e92654ce08529da6aa8a1ad9d55850b5/elements - {"using":"xpath","value":"//button[@data-kt=\"addButton\"]"}
RESULT: {"using":"xpath","value":"//button[@data-kt=\"addButton\"]"}
COMMAND: POST /session/e92654ce08529da6aa8a1ad9d55850b5/elements - {"using":"xpath","value":"//button[@data-kt=\"addButton\"]"}
RESULT: {"using":"xpath","value":"//button[@data-kt=\"addButton\"]"}
COMMAND: POST /session/e92654ce08529da6aa8a1ad9d55850b5/elements - {"using":"xpath","value":"//button[@data-kt=\"addButton\"]"}
RESULT: {"using":"xpath","value":"//button[@data-kt=\"addButton\"]"}
COMMAND: POST /session/e92654ce08529da6aa8a1ad9d55850b5/element - {"using":"xpath","value":"//button[@data-kt=\"addButton\"]"}
RESULT: {"using":"xpath","value":"//button[@data-kt=\"addButton\"]"}
COMMAND: POST /session/e92654ce08529da6aa8a1ad9d55850b5/execute/sync - {"script":"<script> [8489 bytes]","args":[{"element-6066-11e4-a52e-4f735466cecf":"f.2D1B8265A78BA1487979886821B0C8C8.d.69013DC644F6267CD421EAC822E96A2E.e.3204","ELEMENT":"f.2D1B8265A78BA1487979886821B0C8C8.d.69013DC644F6267CD421EAC822E96A2E.e.3204"}]}
RESULT: {"script":"<script> [8489 bytes]","args":[{"element-6066-11e4-a52e-4f735466cecf":"f.2D1B8265A78BA1487979886821B0C8C8.d.69013DC644F6267CD421EAC822E96A2E.e.3204","ELEMENT":"f.2D1B8265A78BA1487979886821B0C8C8.d.69013DC644F6267CD421EAC822E96A2E.e.3204"}]}
COMMAND: GET /session/e92654ce08529da6aa8a1ad9d55850b5/element/f.2D1B8265A78BA1487979886821B0C8C8.d.69013DC644F6267CD421EAC822E96A2E.e.3204/enabled - {}
COMMAND: GET /session/e92654ce08529da6aa8a1ad9d55850b5/screenshot - {}
RESULT: {}
COMMAND: POST /session/e92654ce08529da6aa8a1ad9d55850b5/execute/sync - {"script":"<script> [8489 bytes]","args":[{"element-6066-11e4-a52e-4f735466cecf":"f.2D1B8265A78BA1487979886821B0C8C8.d.69013DC644F6267CD421EAC822E96A2E.e.3204","ELEMENT":"f.2D1B8265A78BA1487979886821B0C8C8.d.69013DC644F6267CD421EAC822E96A2E.e.3204"}]}
COMMAND: GET /session/e92654ce08529da6aa8a1ad9d55850b5/screenshot - {}
RESULT: {}
RESULT: {"script":"<script> [8489 bytes]","args":[{"element-6066-11e4-a52e-4f735466cecf":"f.2D1B8265A78BA1487979886821B0C8C8.d.69013DC644F6267CD421EAC822E96A2E.e.3204","ELEMENT":"f.2D1B8265A78BA1487979886821B0C8C8.d.69013DC644F6267CD421EAC822E96A2E.e.3204"}]}
COMMAND: POST /session/e92654ce08529da6aa8a1ad9d55850b5/execute/sync - {"script":"<script> [5351 bytes]","args":[{"element-6066-11e4-a52e-4f735466cecf":"f.2D1B8265A78BA1487979886821B0C8C8.d.69013DC644F6267CD421EAC822E96A2E.e.3204","ELEMENT":"f.2D1B8265A78BA1487979886821B0C8C8.d.69013DC644F6267CD421EAC822E96A2E.e.3204"}]}
COMMAND: GET /session/e92654ce08529da6aa8a1ad9d55850b5/screenshot - {}
RESULT: {}
RESULT: {"script":"<script> [5351 bytes]","args":[{"element-6066-11e4-a52e-4f735466cecf":"f.2D1B8265A78BA1487979886821B0C8C8.d.69013DC644F6267CD421EAC822E96A2E.e.3204","ELEMENT":"f.2D1B8265A78BA1487979886821B0C8C8.d.69013DC644F6267CD421EAC822E96A2E.e.3204"}]}
COMMAND: POST /session/e92654ce08529da6aa8a1ad9d55850b5/element/f.2D1B8265A78BA1487979886821B0C8C8.d.69013DC644F6267CD421EAC822E96A2E.e.3204/click - {}
COMMAND: GET /session/e92654ce08529da6aa8a1ad9d55850b5/screenshot - {}
RESULT: {}
RESULT: {}
COMMAND: GET /session/e92654ce08529da6aa8a1ad9d55850b5/screenshot - {}
COMMAND: POST /session/e92654ce08529da6aa8a1ad9d55850b5/execute/async - {"script":"<script> [1562 bytes]","args":[{"selector":{"id":"application-managepartners-display-component---NewPartner--addressDetailDetailsName1","interaction":{"idSuffix":"inner"}},"wdio_ui5_key":"applicationmanagepartners-display-component---NewPartner--addressDetailDetailsName1"}]}
RESULT: {}
RESULT: {}
RESULT: {"script":"<script> [1562 bytes]","args":[{"selector":{"id":"application-managepartners-display-component---NewPartner--addressDetailDetailsName1","interaction":{"idSuffix":"inner"}},"wdio_ui5_key":"applicationmanagepartners-display-component---NewPartner--addressDetailDetailsName1"}]}
RESULT: undefined
COMMAND: POST /session/e92654ce08529da6aa8a1ad9d55850b5/execute/async - {"script":"<script> [776 bytes]","args":[{"enterText":"Intercompany Partner WDIO","selector":{"id":"application-managepartners-display-component---NewPartner--addressDetailDetailsName1","interaction":{"idSuffix":"inner"}},"clearTextFirst":true,"interactionType":"ENTER_TEXT"}]}
RESULT: {"script":"<script> [776 bytes]","args":[{"enterText":"Intercompany Partner WDIO","selector":{"id":"application-managepartners-display-component---NewPartner--addressDetailDetailsName1","interaction":{"idSuffix":"inner"}},"clearTextFirst":true,"interactionType":"ENTER_TEXT"}]}
COMMAND: POST /session/e92654ce08529da6aa8a1ad9d55850b5/execute/async - {"script":"<script> [1562 bytes]","args":[{"selector":{"id":"application-managepartners-display-component---NewPartner--addressDetailDetailsLanguage-arrow"},"wdio_ui5_key":"applicationmanagepartners-display-component---NewPartner--addressDetailDetailsLanguage-arrow"}]}
RESULT: {"script":"<script> [1562 bytes]","args":[{"selector":{"id":"application-managepartners-display-component---NewPartner--addressDetailDetailsLanguage-arrow"},"wdio_ui5_key":"applicationmanagepartners-display-component---NewPartner--addressDetailDetailsLanguage-arrow"}]}
RESULT: undefined
COMMAND: POST /session/e92654ce08529da6aa8a1ad9d55850b5/element - {"using":"xpath","value":"//*[@id=\"application-managepartners-display-component---NewPartner--addressDetailDetailsLanguage-arrow\"]"}
RESULT: {"using":"xpath","value":"//*[@id=\"application-managepartners-display-component---NewPartner--addressDetailDetailsLanguage-arrow\"]"}
COMMAND: POST /session/e92654ce08529da6aa8a1ad9d55850b5/element/f.2D1B8265A78BA1487979886821B0C8C8.d.69013DC644F6267CD421EAC822E96A2E.e.3658/click - {}
RESULT: {}
COMMAND: POST /session/e92654ce08529da6aa8a1ad9d55850b5/element - {"using":"xpath","value":"//span[contains(text(), \"English\")]"}
COMMAND: GET /session/e92654ce08529da6aa8a1ad9d55850b5/screenshot - {}
RESULT: {"using":"xpath","value":"//span[contains(text(), \"English\")]"}
COMMAND: POST /session/e92654ce08529da6aa8a1ad9d55850b5/element/f.2D1B8265A78BA1487979886821B0C8C8.d.69013DC644F6267CD421EAC822E96A2E.e.3659/click - {}
RESULT: {}
RESULT: {}
COMMAND: GET /session/e92654ce08529da6aa8a1ad9d55850b5/screenshot - {}
RESULT: {}
COMMAND: POST /session/e92654ce08529da6aa8a1ad9d55850b5/execute/async - {"script":"<script> [1562 bytes]","args":[{"selector":{"id":"application-managepartners-display-component---NewPartner--addressDetailDetailsCity1","interaction":{"idSuffix":"inner"}},"wdio_ui5_key":"applicationmanagepartners-display-component---NewPartner--addressDetailDetailsCity1"}]}
RESULT: {"script":"<script> [1562 bytes]","args":[{"selector":{"id":"application-managepartners-display-component---NewPartner--addressDetailDetailsCity1","interaction":{"idSuffix":"inner"}},"wdio_ui5_key":"applicationmanagepartners-display-component---NewPartner--addressDetailDetailsCity1"}]}
RESULT: undefined
COMMAND: POST /session/e92654ce08529da6aa8a1ad9d55850b5/execute/async - {"script":"<script> [776 bytes]","args":[{"enterText":"Rosario","selector":{"id":"application-managepartners-display-component---NewPartner--addressDetailDetailsCity1","interaction":{"idSuffix":"inner"}},"clearTextFirst":true,"interactionType":"ENTER_TEXT"}]}
RESULT: {"script":"<script> [776 bytes]","args":[{"enterText":"Rosario","selector":{"id":"application-managepartners-display-component---NewPartner--addressDetailDetailsCity1","interaction":{"idSuffix":"inner"}},"clearTextFirst":true,"interactionType":"ENTER_TEXT"}]}
COMMAND: POST /session/e92654ce08529da6aa8a1ad9d55850b5/execute/async - {"script":"<script> [1562 bytes]","args":[{"selector":{"id":"application-managepartners-display-component---NewPartner--addressDetailDetailsCountry-arrow"},"wdio_ui5_key":"applicationmanagepartners-display-component---NewPartner--addressDetailDetailsCountry-arrow"}]}
RESULT: {"script":"<script> [1562 bytes]","args":[{"selector":{"id":"application-managepartners-display-component---NewPartner--addressDetailDetailsCountry-arrow"},"wdio_ui5_key":"applicationmanagepartners-display-component---NewPartner--addressDetailDetailsCountry-arrow"}]}
RESULT: undefined
COMMAND: POST /session/e92654ce08529da6aa8a1ad9d55850b5/element - {"using":"xpath","value":"//*[@id=\"application-managepartners-display-component---NewPartner--addressDetailDetailsCountry-arrow\"]"}
RESULT: {"using":"xpath","value":"//*[@id=\"application-managepartners-display-component---NewPartner--addressDetailDetailsCountry-arrow\"]"}
COMMAND: POST /session/e92654ce08529da6aa8a1ad9d55850b5/element/f.2D1B8265A78BA1487979886821B0C8C8.d.69013DC644F6267CD421EAC822E96A2E.e.3645/click - {}
RESULT: {}
COMMAND: POST /session/e92654ce08529da6aa8a1ad9d55850b5/element - {"using":"xpath","value":"//span[contains(text(), \"Argentina\")]"}
COMMAND: GET /session/e92654ce08529da6aa8a1ad9d55850b5/screenshot - {}
RESULT: {"using":"xpath","value":"//span[contains(text(), \"Argentina\")]"}
COMMAND: POST /session/e92654ce08529da6aa8a1ad9d55850b5/element/f.2D1B8265A78BA1487979886821B0C8C8.d.69013DC644F6267CD421EAC822E96A2E.e.3661/click - {}
RESULT: {}
RESULT: {}
COMMAND: GET /session/e92654ce08529da6aa8a1ad9d55850b5/screenshot - {}
RESULT: {}
COMMAND: POST /session/e92654ce08529da6aa8a1ad9d55850b5/element - {"using":"xpath","value":"//bdi[contains(text(), \"Commercial\")]"}
RESULT: {"using":"xpath","value":"//bdi[contains(text(), \"Commercial\")]"}
COMMAND: POST /session/e92654ce08529da6aa8a1ad9d55850b5/element/f.2D1B8265A78BA1487979886821B0C8C8.d.69013DC644F6267CD421EAC822E96A2E.e.3662/click - {}
RESULT: {}
COMMAND: GET /session/e92654ce08529da6aa8a1ad9d55850b5/screenshot - {}
RESULT: {}
COMMAND: POST /session/e92654ce08529da6aa8a1ad9d55850b5/execute/async - {"script":"<script> [1562 bytes]","args":[{"selector":{"id":"application-managepartners-display-component---NewPartner--partnerDetailInternal-arrow"},"wdio_ui5_key":"applicationmanagepartners-display-component---NewPartner--partnerDetailInternal-arrow"}]}
RESULT: {"script":"<script> [1562 bytes]","args":[{"selector":{"id":"application-managepartners-display-component---NewPartner--partnerDetailInternal-arrow"},"wdio_ui5_key":"applicationmanagepartners-display-component---NewPartner--partnerDetailInternal-arrow"}]}
RESULT: undefined
COMMAND: POST /session/e92654ce08529da6aa8a1ad9d55850b5/element - {"using":"xpath","value":"//*[@id=\"application-managepartners-display-component---NewPartner--partnerDetailInternal-arrow\"]"}
RESULT: {"using":"xpath","value":"//*[@id=\"application-managepartners-display-component---NewPartner--partnerDetailInternal-arrow\"]"}
COMMAND: POST /session/e92654ce08529da6aa8a1ad9d55850b5/element/f.2D1B8265A78BA1487979886821B0C8C8.d.69013DC644F6267CD421EAC822E96A2E.e.3668/click - {}
RESULT: {}
COMMAND: POST /session/e92654ce08529da6aa8a1ad9d55850b5/element - {"using":"xpath","value":"//span[contains(text(), \"Affiliated company\")]"}
COMMAND: GET /session/e92654ce08529da6aa8a1ad9d55850b5/screenshot - {}
RESULT: {"using":"xpath","value":"//span[contains(text(), \"Affiliated company\")]"}
COMMAND: POST /session/e92654ce08529da6aa8a1ad9d55850b5/element/f.2D1B8265A78BA1487979886821B0C8C8.d.69013DC644F6267CD421EAC822E96A2E.e.3671/click - {}
RESULT: {}
RESULT: {}
COMMAND: POST /session/e92654ce08529da6aa8a1ad9d55850b5/execute/async - {"script":"<script> [1562 bytes]","args":[{"selector":{"id":"application-managepartners-display-component---NewPartner--partnerDetailsCurrency-arrow"},"wdio_ui5_key":"applicationmanagepartners-display-component---NewPartner--partnerDetailsCurrency-arrow"}]}
COMMAND: GET /session/e92654ce08529da6aa8a1ad9d55850b5/screenshot - {}
RESULT: {"script":"<script> [1562 bytes]","args":[{"selector":{"id":"application-managepartners-display-component---NewPartner--partnerDetailsCurrency-arrow"},"wdio_ui5_key":"applicationmanagepartners-display-component---NewPartner--partnerDetailsCurrency-arrow"}]}
RESULT: undefined
COMMAND: POST /session/e92654ce08529da6aa8a1ad9d55850b5/element - {"using":"xpath","value":"//*[@id=\"application-managepartners-display-component---NewPartner--partnerDetailsCurrency-arrow\"]"}
RESULT: {}
RESULT: {"using":"xpath","value":"//*[@id=\"application-managepartners-display-component---NewPartner--partnerDetailsCurrency-arrow\"]"}
COMMAND: POST /session/e92654ce08529da6aa8a1ad9d55850b5/element/f.2D1B8265A78BA1487979886821B0C8C8.d.69013DC644F6267CD421EAC822E96A2E.e.3678/click - {}
RESULT: {}
COMMAND: POST /session/e92654ce08529da6aa8a1ad9d55850b5/element - {"using":"xpath","value":"//span[contains(text(), \"Euro\")]"}
COMMAND: GET /session/e92654ce08529da6aa8a1ad9d55850b5/screenshot - {}
RESULT: {"using":"xpath","value":"//span[contains(text(), \"Euro\")]"}
COMMAND: POST /session/e92654ce08529da6aa8a1ad9d55850b5/element/f.2D1B8265A78BA1487979886821B0C8C8.d.69013DC644F6267CD421EAC822E96A2E.e.3679/click - {}
RESULT: {}
RESULT: {}
COMMAND: POST /session/e92654ce08529da6aa8a1ad9d55850b5/execute/async - {"script":"<script> [1562 bytes]","args":[{"selector":{"id":"application-managepartners-display-component---NewPartner--addressEditDetailsCostObjectCstType-arrow"},"wdio_ui5_key":"applicationmanagepartners-display-component---NewPartner--addressEditDetailsCostObjectCstType-arrow"}]}
COMMAND: GET /session/e92654ce08529da6aa8a1ad9d55850b5/screenshot - {}
RESULT: {"script":"<script> [1562 bytes]","args":[{"selector":{"id":"application-managepartners-display-component---NewPartner--addressEditDetailsCostObjectCstType-arrow"},"wdio_ui5_key":"applicationmanagepartners-display-component---NewPartner--addressEditDetailsCostObjectCstType-arrow"}]}
RESULT: undefined
COMMAND: POST /session/e92654ce08529da6aa8a1ad9d55850b5/element - {"using":"xpath","value":"//*[@id=\"application-managepartners-display-component---NewPartner--addressEditDetailsCostObjectCstType-arrow\"]"}
RESULT: {}
RESULT: {"using":"xpath","value":"//*[@id=\"application-managepartners-display-component---NewPartner--addressEditDetailsCostObjectCstType-arrow\"]"}
COMMAND: POST /session/e92654ce08529da6aa8a1ad9d55850b5/element/f.2D1B8265A78BA1487979886821B0C8C8.d.69013DC644F6267CD421EAC822E96A2E.e.3680/click - {}
RESULT: {}
COMMAND: POST /session/e92654ce08529da6aa8a1ad9d55850b5/element - {"using":"xpath","value":"//span[contains(text(), \"Cost Center\")]"}
COMMAND: GET /session/e92654ce08529da6aa8a1ad9d55850b5/screenshot - {}
RESULT: {"using":"xpath","value":"//span[contains(text(), \"Cost Center\")]"}
COMMAND: POST /session/e92654ce08529da6aa8a1ad9d55850b5/element/f.2D1B8265A78BA1487979886821B0C8C8.d.69013DC644F6267CD421EAC822E96A2E.e.3681/click - {}
RESULT: {}
RESULT: {}
COMMAND: GET /session/e92654ce08529da6aa8a1ad9d55850b5/screenshot - {}
RESULT: {}
COMMAND: POST /session/e92654ce08529da6aa8a1ad9d55850b5/element - {"using":"xpath","value":"//span[@id=\"application-managepartners-display-component---NewPartner--addressNewCostObjectCstID-vhi\"]"}
RESULT: {"using":"xpath","value":"//span[@id=\"application-managepartners-display-component---NewPartner--addressNewCostObjectCstID-vhi\"]"}
COMMAND: POST /session/e92654ce08529da6aa8a1ad9d55850b5/execute/sync - {"script":"<script> [8489 bytes]","args":[{"element-6066-11e4-a52e-4f735466cecf":"f.2D1B8265A78BA1487979886821B0C8C8.d.69013DC644F6267CD421EAC822E96A2E.e.3684","ELEMENT":"f.2D1B8265A78BA1487979886821B0C8C8.d.69013DC644F6267CD421EAC822E96A2E.e.3684"}]}
RESULT: {"script":"<script> [8489 bytes]","args":[{"element-6066-11e4-a52e-4f735466cecf":"f.2D1B8265A78BA1487979886821B0C8C8.d.69013DC644F6267CD421EAC822E96A2E.e.3684","ELEMENT":"f.2D1B8265A78BA1487979886821B0C8C8.d.69013DC644F6267CD421EAC822E96A2E.e.3684"}]}
COMMAND: POST /session/e92654ce08529da6aa8a1ad9d55850b5/execute/async - {"script":"<script> [1562 bytes]","args":[{"selector":{"id":"application-managepartners-display-component---NewPartner--addressNewCostObjectCstID-vhi"},"wdio_ui5_key":"applicationmanagepartners-display-component---NewPartner--addressNewCostObjectCstID-vhi"}]}
COMMAND: GET /session/e92654ce08529da6aa8a1ad9d55850b5/screenshot - {}
RESULT: {"script":"<script> [1562 bytes]","args":[{"selector":{"id":"application-managepartners-display-component---NewPartner--addressNewCostObjectCstID-vhi"},"wdio_ui5_key":"applicationmanagepartners-display-component---NewPartner--addressNewCostObjectCstID-vhi"}]}
RESULT: undefined
COMMAND: POST /session/e92654ce08529da6aa8a1ad9d55850b5/element - {"using":"xpath","value":"//*[@id=\"application-managepartners-display-component---NewPartner--addressNewCostObjectCstID-vhi\"]"}
RESULT: {}
RESULT: {"using":"xpath","value":"//*[@id=\"application-managepartners-display-component---NewPartner--addressNewCostObjectCstID-vhi\"]"}
COMMAND: POST /session/e92654ce08529da6aa8a1ad9d55850b5/element/f.2D1B8265A78BA1487979886821B0C8C8.d.69013DC644F6267CD421EAC822E96A2E.e.3684/click - {}
RESULT: {}
COMMAND: GET /session/e92654ce08529da6aa8a1ad9d55850b5/screenshot - {}
RESULT: {}
COMMAND: POST /session/e92654ce08529da6aa8a1ad9d55850b5/execute/async - {"script":"<script> [1562 bytes]","args":[{"selector":{"controlType":"sap.m.SearchField","properties":{"placeholder":"Search"},"searchOpenDialogs":true,"interaction":{"idSuffix":"I"}},"wdio_ui5_key":"sapm.SearchField{\"placeholder\":\"Search\"}"}]}
RESULT: {"script":"<script> [1562 bytes]","args":[{"selector":{"controlType":"sap.m.SearchField","properties":{"placeholder":"Search"},"searchOpenDialogs":true,"interaction":{"idSuffix":"I"}},"wdio_ui5_key":"sapm.SearchField{\"placeholder\":\"Search\"}"}]}
RESULT: undefined
COMMAND: POST /session/e92654ce08529da6aa8a1ad9d55850b5/execute/async - {"script":"<script> [776 bytes]","args":[{"enterText":"10001013","selector":{"controlType":"sap.m.SearchField","properties":{"placeholder":"Search"},"searchOpenDialogs":true,"interaction":{"idSuffix":"I"}},"clearTextFirst":true,"interactionType":"ENTER_TEXT"}]}
RESULT: {"script":"<script> [776 bytes]","args":[{"enterText":"10001013","selector":{"controlType":"sap.m.SearchField","properties":{"placeholder":"Search"},"searchOpenDialogs":true,"interaction":{"idSuffix":"I"}},"clearTextFirst":true,"interactionType":"ENTER_TEXT"}]}
COMMAND: POST /session/e92654ce08529da6aa8a1ad9d55850b5/actions - {"actions":[{"id":"action7","type":"key","parameters":{},"actions":[{"type":"keyDown","value":""},{"type":"pause","duration":10},{"type":"keyUp","value":""}]}]}
RESULT: {"actions":[{"id":"action7","type":"key","parameters":{},"actions":[{"type":"keyDown","value":""},{"type":"pause","duration":10},{"type":"keyUp","value":""}]}]}
COMMAND: GET /session/e92654ce08529da6aa8a1ad9d55850b5/screenshot - {}
RESULT: {}
COMMAND: POST /session/e92654ce08529da6aa8a1ad9d55850b5/element - {"using":"xpath","value":"//span[contains(text(), \"General Management\")]"}
RESULT: {"using":"xpath","value":"//span[contains(text(), \"General Management\")]"}
COMMAND: POST /session/e92654ce08529da6aa8a1ad9d55850b5/element/f.2D1B8265A78BA1487979886821B0C8C8.d.69013DC644F6267CD421EAC822E96A2E.e.3727/click - {}
RESULT: {}
COMMAND: GET /session/e92654ce08529da6aa8a1ad9d55850b5/screenshot - {}
RESULT: {}
COMMAND: POST /session/e92654ce08529da6aa8a1ad9d55850b5/element - {"using":"xpath","value":"//bdi[contains(text(), \"OK\")]"}
RESULT: {"using":"xpath","value":"//bdi[contains(text(), \"OK\")]"}
COMMAND: POST /session/e92654ce08529da6aa8a1ad9d55850b5/element/f.2D1B8265A78BA1487979886821B0C8C8.d.69013DC644F6267CD421EAC822E96A2E.e.3728/click - {}
RESULT: {}
COMMAND: GET /session/e92654ce08529da6aa8a1ad9d55850b5/screenshot - {}
RESULT: {}
COMMAND: POST /session/e92654ce08529da6aa8a1ad9d55850b5/element - {"using":"xpath","value":"//input[@id=\"application-managepartners-display-component---NewPartner--companyCodeComboBox-inner\"]"}
RESULT: {"using":"xpath","value":"//input[@id=\"application-managepartners-display-component---NewPartner--companyCodeComboBox-inner\"]"}
COMMAND: POST /session/e92654ce08529da6aa8a1ad9d55850b5/element/f.2D1B8265A78BA1487979886821B0C8C8.d.69013DC644F6267CD421EAC822E96A2E.e.3516/clear - {}
RESULT: {}
COMMAND: POST /session/e92654ce08529da6aa8a1ad9d55850b5/element/f.2D1B8265A78BA1487979886821B0C8C8.d.69013DC644F6267CD421EAC822E96A2E.e.3516/value - {"text":"C002"}
COMMAND: GET /session/e92654ce08529da6aa8a1ad9d55850b5/screenshot - {}
RESULT: {"text":"C002"}
COMMAND: GET /session/e92654ce08529da6aa8a1ad9d55850b5/screenshot - {}
RESULT: {}
RESULT: {}
COMMAND: POST /session/e92654ce08529da6aa8a1ad9d55850b5/element - {"using":"xpath","value":"//span[contains(text(), \"C002\")]"}
RESULT: {"using":"xpath","value":"//span[contains(text(), \"C002\")]"}
COMMAND: POST /session/e92654ce08529da6aa8a1ad9d55850b5/element/f.2D1B8265A78BA1487979886821B0C8C8.d.69013DC644F6267CD421EAC822E96A2E.e.3734/click - {}
RESULT: {}
COMMAND: GET /session/e92654ce08529da6aa8a1ad9d55850b5/screenshot - {}
RESULT: {}
COMMAND: POST /session/e92654ce08529da6aa8a1ad9d55850b5/execute/async - {"script":"<script> [1562 bytes]","args":[{"selector":{"id":"application-managepartners-display-component---NewPartner--btnAddTableRow-img"},"wdio_ui5_key":"applicationmanagepartners-display-component---NewPartner--btnAddTableRow-img"}]}
RESULT: {"script":"<script> [1562 bytes]","args":[{"selector":{"id":"application-managepartners-display-component---NewPartner--btnAddTableRow-img"},"wdio_ui5_key":"applicationmanagepartners-display-component---NewPartner--btnAddTableRow-img"}]}
RESULT: undefined
COMMAND: POST /session/e92654ce08529da6aa8a1ad9d55850b5/element - {"using":"xpath","value":"//*[@id=\"application-managepartners-display-component---NewPartner--btnAddTableRow-img\"]"}
RESULT: {"using":"xpath","value":"//*[@id=\"application-managepartners-display-component---NewPartner--btnAddTableRow-img\"]"}
COMMAND: POST /session/e92654ce08529da6aa8a1ad9d55850b5/element/f.2D1B8265A78BA1487979886821B0C8C8.d.69013DC644F6267CD421EAC822E96A2E.e.3735/click - {}
RESULT: {}
COMMAND: GET /session/e92654ce08529da6aa8a1ad9d55850b5/screenshot - {}
RESULT: {}
COMMAND: POST /session/e92654ce08529da6aa8a1ad9d55850b5/element - {"using":"xpath","value":"//input[@id=\"application-managepartners-display-component---NewPartner--assignmentYard-application-managepartners-display-component---NewPartner--assignmentsTable-0-inner\"]"}
RESULT: {"using":"xpath","value":"//input[@id=\"application-managepartners-display-component---NewPartner--assignmentYard-application-managepartners-display-component---NewPartner--assignmentsTable-0-inner\"]"}
COMMAND: POST /session/e92654ce08529da6aa8a1ad9d55850b5/element/f.2D1B8265A78BA1487979886821B0C8C8.d.69013DC644F6267CD421EAC822E96A2E.e.3738/clear - {}
RESULT: {}
COMMAND: POST /session/e92654ce08529da6aa8a1ad9d55850b5/element/f.2D1B8265A78BA1487979886821B0C8C8.d.69013DC644F6267CD421EAC822E96A2E.e.3738/value - {"text":"650"}
COMMAND: GET /session/e92654ce08529da6aa8a1ad9d55850b5/screenshot - {}
RESULT: {"text":"650"}
COMMAND: GET /session/e92654ce08529da6aa8a1ad9d55850b5/screenshot - {}
RESULT: {}
RESULT: {}
COMMAND: POST /session/e92654ce08529da6aa8a1ad9d55850b5/element - {"using":"xpath","value":"//li[.//span[text()='650']]"}
RESULT: {"using":"xpath","value":"//li[.//span[text()='650']]"}
COMMAND: POST /session/e92654ce08529da6aa8a1ad9d55850b5/element/f.2D1B8265A78BA1487979886821B0C8C8.d.69013DC644F6267CD421EAC822E96A2E.e.3747/click - {}
RESULT: {}
COMMAND: GET /session/e92654ce08529da6aa8a1ad9d55850b5/screenshot - {}
RESULT: {}
COMMAND: POST /session/e92654ce08529da6aa8a1ad9d55850b5/actions - {"actions":[{"id":"action8","type":"key","parameters":{},"actions":[{"type":"keyDown","value":""},{"type":"pause","duration":10},{"type":"keyUp","value":""}]}]}
RESULT: {"actions":[{"id":"action8","type":"key","parameters":{},"actions":[{"type":"keyDown","value":""},{"type":"pause","duration":10},{"type":"keyUp","value":""}]}]}
COMMAND: POST /session/e92654ce08529da6aa8a1ad9d55850b5/execute/async - {"script":"<script> [1562 bytes]","args":[{"selector":{"id":"application-managepartners-display-component---NewPartner--externalCustomerComboBox-application-managepartners-display-component---NewPartner--assignmentsTable-0-vhi"},"wdio_ui5_key":"applicationmanagepartners-display-component---NewPartner--externalCustomerComboBox-application-managepartners-display-component---NewPartner--assignmentsTable-0-vhi"}]}
COMMAND: GET /session/e92654ce08529da6aa8a1ad9d55850b5/screenshot - {}
RESULT: {"script":"<script> [1562 bytes]","args":[{"selector":{"id":"application-managepartners-display-component---NewPartner--externalCustomerComboBox-application-managepartners-display-component---NewPartner--assignmentsTable-0-vhi"},"wdio_ui5_key":"applicationmanagepartners-display-component---NewPartner--externalCustomerComboBox-application-managepartners-display-component---NewPartner--assignmentsTable-0-vhi"}]}
RESULT: undefined
COMMAND: POST /session/e92654ce08529da6aa8a1ad9d55850b5/element - {"using":"xpath","value":"//*[@id=\"application-managepartners-display-component---NewPartner--externalCustomerComboBox-application-managepartners-display-component---NewPartner--assignmentsTable-0-vhi\"]"}
RESULT: {}
RESULT: {"using":"xpath","value":"//*[@id=\"application-managepartners-display-component---NewPartner--externalCustomerComboBox-application-managepartners-display-component---NewPartner--assignmentsTable-0-vhi\"]"}
COMMAND: POST /session/e92654ce08529da6aa8a1ad9d55850b5/element/f.2D1B8265A78BA1487979886821B0C8C8.d.69013DC644F6267CD421EAC822E96A2E.e.3751/click - {}
RESULT: {}
RESULT: undefined
COMMAND: POST /session/e92654ce08529da6aa8a1ad9d55850b5/execute/async - {"script":"<script> [776 bytes]","args":[{"enterText":"300003","selector":{"controlType":"sap.m.SearchField","properties":{"placeholder":"Search"},"searchOpenDialogs":true,"interaction":{"idSuffix":"I"}},"clearTextFirst":true,"interactionType":"ENTER_TEXT"}]}
COMMAND: GET /session/e92654ce08529da6aa8a1ad9d55850b5/screenshot - {}
RESULT: {"script":"<script> [776 bytes]","args":[{"enterText":"300003","selector":{"controlType":"sap.m.SearchField","properties":{"placeholder":"Search"},"searchOpenDialogs":true,"interaction":{"idSuffix":"I"}},"clearTextFirst":true,"interactionType":"ENTER_TEXT"}]}
COMMAND: POST /session/e92654ce08529da6aa8a1ad9d55850b5/actions - {"actions":[{"id":"action9","type":"key","parameters":{},"actions":[{"type":"keyDown","value":""},{"type":"pause","duration":10},{"type":"keyUp","value":""}]}]}
RESULT: {}
RESULT: {"actions":[{"id":"action9","type":"key","parameters":{},"actions":[{"type":"keyDown","value":""},{"type":"pause","duration":10},{"type":"keyUp","value":""}]}]}
COMMAND: GET /session/e92654ce08529da6aa8a1ad9d55850b5/screenshot - {}
RESULT: {}
COMMAND: POST /session/e92654ce08529da6aa8a1ad9d55850b5/element - {"using":"xpath","value":"//span[contains(text(), \"300003\")]"}
RESULT: {"using":"xpath","value":"//span[contains(text(), \"300003\")]"}
COMMAND: POST /session/e92654ce08529da6aa8a1ad9d55850b5/element/f.2D1B8265A78BA1487979886821B0C8C8.d.69013DC644F6267CD421EAC822E96A2E.e.3768/click - {}
RESULT: {}
COMMAND: GET /session/e92654ce08529da6aa8a1ad9d55850b5/screenshot - {}
RESULT: {}
COMMAND: POST /session/e92654ce08529da6aa8a1ad9d55850b5/element - {"using":"xpath","value":"//bdi[contains(text(), \"OK\")]"}
RESULT: {"using":"xpath","value":"//bdi[contains(text(), \"OK\")]"}
COMMAND: POST /session/e92654ce08529da6aa8a1ad9d55850b5/element/f.2D1B8265A78BA1487979886821B0C8C8.d.69013DC644F6267CD421EAC822E96A2E.e.3770/click - {}
RESULT: {}
COMMAND: GET /session/e92654ce08529da6aa8a1ad9d55850b5/screenshot - {}
RESULT: {}
COMMAND: POST /session/e92654ce08529da6aa8a1ad9d55850b5/execute/async - {"script":"<script> [1562 bytes]","args":[{"selector":{"id":"application-managepartners-display-component---NewPartner--intercompVendorComboBox-application-managepartners-display-component---NewPartner--assignmentsTable-0-vhi"},"wdio_ui5_key":"applicationmanagepartners-display-component---NewPartner--intercompVendorComboBox-application-managepartners-display-component---NewPartner--assignmentsTable-0-vhi"}]}
RESULT: {"script":"<script> [1562 bytes]","args":[{"selector":{"id":"application-managepartners-display-component---NewPartner--intercompVendorComboBox-application-managepartners-display-component---NewPartner--assignmentsTable-0-vhi"},"wdio_ui5_key":"applicationmanagepartners-display-component---NewPartner--intercompVendorComboBox-application-managepartners-display-component---NewPartner--assignmentsTable-0-vhi"}]}
RESULT: undefined
COMMAND: POST /session/e92654ce08529da6aa8a1ad9d55850b5/element - {"using":"xpath","value":"//*[@id=\"application-managepartners-display-component---NewPartner--intercompVendorComboBox-application-managepartners-display-component---NewPartner--assignmentsTable-0-vhi\"]"}
RESULT: {"using":"xpath","value":"//*[@id=\"application-managepartners-display-component---NewPartner--intercompVendorComboBox-application-managepartners-display-component---NewPartner--assignmentsTable-0-vhi\"]"}
COMMAND: POST /session/e92654ce08529da6aa8a1ad9d55850b5/element/f.2D1B8265A78BA1487979886821B0C8C8.d.69013DC644F6267CD421EAC822E96A2E.e.3773/click - {}
RESULT: {}
RESULT: undefined
COMMAND: POST /session/e92654ce08529da6aa8a1ad9d55850b5/execute/async - {"script":"<script> [776 bytes]","args":[{"enterText":"100005","selector":{"controlType":"sap.m.SearchField","properties":{"placeholder":"Search"},"searchOpenDialogs":true,"interaction":{"idSuffix":"I"}},"clearTextFirst":true,"interactionType":"ENTER_TEXT"}]}
COMMAND: GET /session/e92654ce08529da6aa8a1ad9d55850b5/screenshot - {}
RESULT: {"script":"<script> [776 bytes]","args":[{"enterText":"100005","selector":{"controlType":"sap.m.SearchField","properties":{"placeholder":"Search"},"searchOpenDialogs":true,"interaction":{"idSuffix":"I"}},"clearTextFirst":true,"interactionType":"ENTER_TEXT"}]}
COMMAND: POST /session/e92654ce08529da6aa8a1ad9d55850b5/actions - {"actions":[{"id":"action10","type":"key","parameters":{},"actions":[{"type":"keyDown","value":""},{"type":"pause","duration":10},{"type":"keyUp","value":""}]}]}
RESULT: {}
RESULT: {"actions":[{"id":"action10","type":"key","parameters":{},"actions":[{"type":"keyDown","value":""},{"type":"pause","duration":10},{"type":"keyUp","value":""}]}]}
COMMAND: GET /session/e92654ce08529da6aa8a1ad9d55850b5/screenshot - {}
RESULT: {}
COMMAND: POST /session/e92654ce08529da6aa8a1ad9d55850b5/element - {"using":"xpath","value":"//span[contains(text(), \"Penguins - Field/12345 Berlin\")]"}
RESULT: {"using":"xpath","value":"//span[contains(text(), \"Penguins - Field/12345 Berlin\")]"}
COMMAND: POST /session/e92654ce08529da6aa8a1ad9d55850b5/element/f.2D1B8265A78BA1487979886821B0C8C8.d.69013DC644F6267CD421EAC822E96A2E.e.3792/click - {}
RESULT: {}
COMMAND: GET /session/e92654ce08529da6aa8a1ad9d55850b5/screenshot - {}
RESULT: {}
COMMAND: POST /session/e92654ce08529da6aa8a1ad9d55850b5/element - {"using":"xpath","value":"//bdi[contains(text(), \"OK\")]"}
RESULT: {"using":"xpath","value":"//bdi[contains(text(), \"OK\")]"}
COMMAND: POST /session/e92654ce08529da6aa8a1ad9d55850b5/element/f.2D1B8265A78BA1487979886821B0C8C8.d.69013DC644F6267CD421EAC822E96A2E.e.3793/click - {}
RESULT: {}
COMMAND: GET /session/e92654ce08529da6aa8a1ad9d55850b5/screenshot - {}
RESULT: {}
COMMAND: POST /session/e92654ce08529da6aa8a1ad9d55850b5/element - {"using":"xpath","value":"//button[@data-kt=\"saveButton\"]"}
RESULT: {"using":"xpath","value":"//button[@data-kt=\"saveButton\"]"}
COMMAND: POST /session/e92654ce08529da6aa8a1ad9d55850b5/element/f.2D1B8265A78BA1487979886821B0C8C8.d.69013DC644F6267CD421EAC822E96A2E.e.3571/click - {}
RESULT: {}
COMMAND: GET /session/e92654ce08529da6aa8a1ad9d55850b5/screenshot - {}
RESULT: {}
COMMAND: POST /session/e92654ce08529da6aa8a1ad9d55850b5/element - {"using":"xpath","value":"//header[contains(@id, 'ObjectPageLayout-headerTitle')]/div[1]/div[2]/div[2]/span[1]"}
RESULT: {"using":"xpath","value":"//header[contains(@id, 'ObjectPageLayout-headerTitle')]/div[1]/div[2]/div[2]/span[1]"}
COMMAND: POST /session/e92654ce08529da6aa8a1ad9d55850b5/elements - {"using":"xpath","value":"//header[contains(@id, 'ObjectPageLayout-headerTitle')]/div[1]/div[2]/div[2]/span[1]"}
RESULT: {"using":"xpath","value":"//header[contains(@id, 'ObjectPageLayout-headerTitle')]/div[1]/div[2]/div[2]/span[1]"}
COMMAND: POST /session/e92654ce08529da6aa8a1ad9d55850b5/execute/sync - {"script":"<script> [56 bytes]","args":[{"element-6066-11e4-a52e-4f735466cecf":"f.2D1B8265A78BA1487979886821B0C8C8.d.69013DC644F6267CD421EAC822E96A2E.e.3957","ELEMENT":"f.2D1B8265A78BA1487979886821B0C8C8.d.69013DC644F6267CD421EAC822E96A2E.e.3957"}]}
RESULT: {"script":"<script> [56 bytes]","args":[{"element-6066-11e4-a52e-4f735466cecf":"f.2D1B8265A78BA1487979886821B0C8C8.d.69013DC644F6267CD421EAC822E96A2E.e.3957","ELEMENT":"f.2D1B8265A78BA1487979886821B0C8C8.d.69013DC644F6267CD421EAC822E96A2E.e.3957"}]}
COMMAND: POST /session/e92654ce08529da6aa8a1ad9d55850b5/element - {"using":"css selector","value":"#shell-header-logo"}
COMMAND: GET /session/e92654ce08529da6aa8a1ad9d55850b5/screenshot - {}
RESULT: {"using":"css selector","value":"#shell-header-logo"}
COMMAND: POST /session/e92654ce08529da6aa8a1ad9d55850b5/element/f.2D1B8265A78BA1487979886821B0C8C8.d.69013DC644F6267CD421EAC822E96A2E.e.3169/click - {}
RESULT: {}
RESULT: {}
COMMAND: GET /session/e92654ce08529da6aa8a1ad9d55850b5/screenshot - {}
RESULT: {}
COMMAND: POST /session/e92654ce08529da6aa8a1ad9d55850b5/execute/sync - {"script":"<script> [299 bytes]","args":[["getModel","getResource"]]}
RESULT: {"script":"<script> [299 bytes]","args":[["getModel","getResource"]]}
RESULT: undefined
COMMAND: POST /session/e92654ce08529da6aa8a1ad9d55850b5/element - {"using":"xpath","value":"//*[@id=\"__tile30\"]"}
COMMAND: GET /session/e92654ce08529da6aa8a1ad9d55850b5/screenshot - {}
RESULT: {"using":"xpath","value":"//*[@id=\"__tile30\"]"}
COMMAND: POST /session/e92654ce08529da6aa8a1ad9d55850b5/element/f.2D1B8265A78BA1487979886821B0C8C8.d.69013DC644F6267CD421EAC822E96A2E.e.3089/click - {}
RESULT: {}
RESULT: {}
COMMAND: POST /session/e92654ce08529da6aa8a1ad9d55850b5/element - {"using":"xpath","value":"//button[@data-kt=\"addButton\"]"}
COMMAND: GET /session/e92654ce08529da6aa8a1ad9d55850b5/screenshot - {}
RESULT: {"using":"xpath","value":"//button[@data-kt=\"addButton\"]"}
COMMAND: POST /session/e92654ce08529da6aa8a1ad9d55850b5/elements - {"using":"xpath","value":"//button[@data-kt=\"addButton\"]"}
RESULT: {}
RESULT: {"using":"xpath","value":"//button[@data-kt=\"addButton\"]"}
COMMAND: POST /session/e92654ce08529da6aa8a1ad9d55850b5/elements - {"using":"xpath","value":"//button[@data-kt=\"addButton\"]"}
RESULT: {"using":"xpath","value":"//button[@data-kt=\"addButton\"]"}
COMMAND: POST /session/e92654ce08529da6aa8a1ad9d55850b5/elements - {"using":"xpath","value":"//button[@data-kt=\"addButton\"]"}
RESULT: {"using":"xpath","value":"//button[@data-kt=\"addButton\"]"}
COMMAND: POST /session/e92654ce08529da6aa8a1ad9d55850b5/elements - {"using":"xpath","value":"//button[@data-kt=\"addButton\"]"}
RESULT: {"using":"xpath","value":"//button[@data-kt=\"addButton\"]"}
COMMAND: POST /session/e92654ce08529da6aa8a1ad9d55850b5/elements - {"using":"xpath","value":"//button[@data-kt=\"addButton\"]"}
RESULT: {"using":"xpath","value":"//button[@data-kt=\"addButton\"]"}
COMMAND: POST /session/e92654ce08529da6aa8a1ad9d55850b5/elements - {"using":"xpath","value":"//button[@data-kt=\"addButton\"]"}
RESULT: {"using":"xpath","value":"//button[@data-kt=\"addButton\"]"}
COMMAND: POST /session/e92654ce08529da6aa8a1ad9d55850b5/elements - {"using":"xpath","value":"//button[@data-kt=\"addButton\"]"}
RESULT: {"using":"xpath","value":"//button[@data-kt=\"addButton\"]"}
COMMAND: POST /session/e92654ce08529da6aa8a1ad9d55850b5/elements - {"using":"xpath","value":"//button[@data-kt=\"addButton\"]"}
RESULT: {"using":"xpath","value":"//button[@data-kt=\"addButton\"]"}
COMMAND: POST /session/e92654ce08529da6aa8a1ad9d55850b5/elements - {"using":"xpath","value":"//button[@data-kt=\"addButton\"]"}
RESULT: {"using":"xpath","value":"//button[@data-kt=\"addButton\"]"}
COMMAND: POST /session/e92654ce08529da6aa8a1ad9d55850b5/elements - {"using":"xpath","value":"//button[@data-kt=\"addButton\"]"}
RESULT: {"using":"xpath","value":"//button[@data-kt=\"addButton\"]"}
COMMAND: POST /session/e92654ce08529da6aa8a1ad9d55850b5/elements - {"using":"xpath","value":"//button[@data-kt=\"addButton\"]"}
RESULT: {"using":"xpath","value":"//button[@data-kt=\"addButton\"]"}
COMMAND: POST /session/e92654ce08529da6aa8a1ad9d55850b5/elements - {"using":"xpath","value":"//button[@data-kt=\"addButton\"]"}
RESULT: {"using":"xpath","value":"//button[@data-kt=\"addButton\"]"}
COMMAND: POST /session/e92654ce08529da6aa8a1ad9d55850b5/elements - {"using":"xpath","value":"//button[@data-kt=\"addButton\"]"}
RESULT: {"using":"xpath","value":"//button[@data-kt=\"addButton\"]"}
COMMAND: POST /session/e92654ce08529da6aa8a1ad9d55850b5/elements - {"using":"xpath","value":"//button[@data-kt=\"addButton\"]"}
RESULT: {"using":"xpath","value":"//button[@data-kt=\"addButton\"]"}
COMMAND: POST /session/e92654ce08529da6aa8a1ad9d55850b5/elements - {"using":"xpath","value":"//button[@data-kt=\"addButton\"]"}
RESULT: {"using":"xpath","value":"//button[@data-kt=\"addButton\"]"}
COMMAND: POST /session/e92654ce08529da6aa8a1ad9d55850b5/elements - {"using":"xpath","value":"//button[@data-kt=\"addButton\"]"}
RESULT: {"using":"xpath","value":"//button[@data-kt=\"addButton\"]"}
COMMAND: POST /session/e92654ce08529da6aa8a1ad9d55850b5/elements - {"using":"xpath","value":"//button[@data-kt=\"addButton\"]"}
RESULT: {"using":"xpath","value":"//button[@data-kt=\"addButton\"]"}
COMMAND: POST /session/e92654ce08529da6aa8a1ad9d55850b5/elements - {"using":"xpath","value":"//button[@data-kt=\"addButton\"]"}
RESULT: {"using":"xpath","value":"//button[@data-kt=\"addButton\"]"}
COMMAND: POST /session/e92654ce08529da6aa8a1ad9d55850b5/elements - {"using":"xpath","value":"//button[@data-kt=\"addButton\"]"}
RESULT: {"using":"xpath","value":"//button[@data-kt=\"addButton\"]"}
COMMAND: POST /session/e92654ce08529da6aa8a1ad9d55850b5/element - {"using":"xpath","value":"//button[@data-kt=\"addButton\"]"}
RESULT: {"using":"xpath","value":"//button[@data-kt=\"addButton\"]"}
COMMAND: POST /session/e92654ce08529da6aa8a1ad9d55850b5/execute/sync - {"script":"<script> [8489 bytes]","args":[{"element-6066-11e4-a52e-4f735466cecf":"f.2D1B8265A78BA1487979886821B0C8C8.d.69013DC644F6267CD421EAC822E96A2E.e.3993","ELEMENT":"f.2D1B8265A78BA1487979886821B0C8C8.d.69013DC644F6267CD421EAC822E96A2E.e.3993"}]}
RESULT: {"script":"<script> [8489 bytes]","args":[{"element-6066-11e4-a52e-4f735466cecf":"f.2D1B8265A78BA1487979886821B0C8C8.d.69013DC644F6267CD421EAC822E96A2E.e.3993","ELEMENT":"f.2D1B8265A78BA1487979886821B0C8C8.d.69013DC644F6267CD421EAC822E96A2E.e.3993"}]}
COMMAND: GET /session/e92654ce08529da6aa8a1ad9d55850b5/element/f.2D1B8265A78BA1487979886821B0C8C8.d.69013DC644F6267CD421EAC822E96A2E.e.3993/enabled - {}
COMMAND: GET /session/e92654ce08529da6aa8a1ad9d55850b5/screenshot - {}
RESULT: {}
COMMAND: POST /session/e92654ce08529da6aa8a1ad9d55850b5/execute/sync - {"script":"<script> [8489 bytes]","args":[{"element-6066-11e4-a52e-4f735466cecf":"f.2D1B8265A78BA1487979886821B0C8C8.d.69013DC644F6267CD421EAC822E96A2E.e.3993","ELEMENT":"f.2D1B8265A78BA1487979886821B0C8C8.d.69013DC644F6267CD421EAC822E96A2E.e.3993"}]}
COMMAND: GET /session/e92654ce08529da6aa8a1ad9d55850b5/screenshot - {}
RESULT: {}
RESULT: {"script":"<script> [8489 bytes]","args":[{"element-6066-11e4-a52e-4f735466cecf":"f.2D1B8265A78BA1487979886821B0C8C8.d.69013DC644F6267CD421EAC822E96A2E.e.3993","ELEMENT":"f.2D1B8265A78BA1487979886821B0C8C8.d.69013DC644F6267CD421EAC822E96A2E.e.3993"}]}
COMMAND: POST /session/e92654ce08529da6aa8a1ad9d55850b5/execute/sync - {"script":"<script> [5351 bytes]","args":[{"element-6066-11e4-a52e-4f735466cecf":"f.2D1B8265A78BA1487979886821B0C8C8.d.69013DC644F6267CD421EAC822E96A2E.e.3993","ELEMENT":"f.2D1B8265A78BA1487979886821B0C8C8.d.69013DC644F6267CD421EAC822E96A2E.e.3993"}]}
COMMAND: GET /session/e92654ce08529da6aa8a1ad9d55850b5/screenshot - {}
RESULT: {}
RESULT: {"script":"<script> [5351 bytes]","args":[{"element-6066-11e4-a52e-4f735466cecf":"f.2D1B8265A78BA1487979886821B0C8C8.d.69013DC644F6267CD421EAC822E96A2E.e.3993","ELEMENT":"f.2D1B8265A78BA1487979886821B0C8C8.d.69013DC644F6267CD421EAC822E96A2E.e.3993"}]}
COMMAND: GET /session/e92654ce08529da6aa8a1ad9d55850b5/screenshot - {}
RESULT: {}
RESULT: {}
COMMAND: POST /session/e92654ce08529da6aa8a1ad9d55850b5/execute/async - {"script":"<script> [1562 bytes]","args":[{"selector":{"id":"application-managepartners-display-component---masterPtm--smartFilterBar-btnBasicSearch","interaction":{"idSuffix":"I"}},"wdio_ui5_key":"applicationmanagepartners-display-component---masterPtm--smartFilterBar-btnBasicSearch"}]}
RESULT: {"script":"<script> [1562 bytes]","args":[{"selector":{"id":"application-managepartners-display-component---masterPtm--smartFilterBar-btnBasicSearch","interaction":{"idSuffix":"I"}},"wdio_ui5_key":"applicationmanagepartners-display-component---masterPtm--smartFilterBar-btnBasicSearch"}]}
RESULT: undefined
COMMAND: POST /session/e92654ce08529da6aa8a1ad9d55850b5/execute/async - {"script":"<script> [776 bytes]","args":[{"enterText":"1508","selector":{"id":"application-managepartners-display-component---masterPtm--smartFilterBar-btnBasicSearch","interaction":{"idSuffix":"I"}},"clearTextFirst":true,"interactionType":"ENTER_TEXT"}]}
RESULT: {"script":"<script> [776 bytes]","args":[{"enterText":"1508","selector":{"id":"application-managepartners-display-component---masterPtm--smartFilterBar-btnBasicSearch","interaction":{"idSuffix":"I"}},"clearTextFirst":true,"interactionType":"ENTER_TEXT"}]}
COMMAND: POST /session/e92654ce08529da6aa8a1ad9d55850b5/actions - {"actions":[{"id":"action11","type":"key","parameters":{},"actions":[{"type":"keyDown","value":""},{"type":"pause","duration":10},{"type":"keyUp","value":""}]}]}
RESULT: {"actions":[{"id":"action11","type":"key","parameters":{},"actions":[{"type":"keyDown","value":""},{"type":"pause","duration":10},{"type":"keyUp","value":""}]}]}
COMMAND: GET /session/e92654ce08529da6aa8a1ad9d55850b5/screenshot - {}
RESULT: {}
COMMAND: POST /session/e92654ce08529da6aa8a1ad9d55850b5/elements - {"using":"xpath","value":"//table[contains(@id, \"customPartnersTable-listUl\")]/tbody/tr"}
RESULT: {"using":"xpath","value":"//table[contains(@id, \"customPartnersTable-listUl\")]/tbody/tr"}
COMMAND: POST /session/e92654ce08529da6aa8a1ad9d55850b5/element - {"using":"xpath","value":"//table[contains(@id, \"customPartnersTable-listUl\")]/tbody/tr[1]/td[3]/span"}
RESULT: {"using":"xpath","value":"//table[contains(@id, \"customPartnersTable-listUl\")]/tbody/tr[1]/td[3]/span"}
COMMAND: POST /session/e92654ce08529da6aa8a1ad9d55850b5/elements - {"using":"xpath","value":"//table[contains(@id, \"customPartnersTable-listUl\")]/tbody/tr[1]/td[3]/span"}
RESULT: {"using":"xpath","value":"//table[contains(@id, \"customPartnersTable-listUl\")]/tbody/tr[1]/td[3]/span"}
COMMAND: POST /session/e92654ce08529da6aa8a1ad9d55850b5/execute/sync - {"script":"<script> [56 bytes]","args":[{"element-6066-11e4-a52e-4f735466cecf":"f.2D1B8265A78BA1487979886821B0C8C8.d.69013DC644F6267CD421EAC822E96A2E.e.4140","ELEMENT":"f.2D1B8265A78BA1487979886821B0C8C8.d.69013DC644F6267CD421EAC822E96A2E.e.4140"}]}
RESULT: {"script":"<script> [56 bytes]","args":[{"element-6066-11e4-a52e-4f735466cecf":"f.2D1B8265A78BA1487979886821B0C8C8.d.69013DC644F6267CD421EAC822E96A2E.e.4140","ELEMENT":"f.2D1B8265A78BA1487979886821B0C8C8.d.69013DC644F6267CD421EAC822E96A2E.e.4140"}]}
COMMAND: POST /session/e92654ce08529da6aa8a1ad9d55850b5/element - {"using":"xpath","value":"(//span[contains(@id, \"imgNav\")])[1]"}
COMMAND: GET /session/e92654ce08529da6aa8a1ad9d55850b5/screenshot - {}
RESULT: {"using":"xpath","value":"(//span[contains(@id, \"imgNav\")])[1]"}
COMMAND: POST /session/e92654ce08529da6aa8a1ad9d55850b5/element/f.2D1B8265A78BA1487979886821B0C8C8.d.69013DC644F6267CD421EAC822E96A2E.e.4137/click - {}
RESULT: {}
RESULT: {}
COMMAND: GET /session/e92654ce08529da6aa8a1ad9d55850b5/screenshot - {}
RESULT: {}
COMMAND: POST /session/e92654ce08529da6aa8a1ad9d55850b5/element - {"using":"xpath","value":"//bdi[contains(text(), \"Edit\")]"}
RESULT: {"using":"xpath","value":"//bdi[contains(text(), \"Edit\")]"}
COMMAND: POST /session/e92654ce08529da6aa8a1ad9d55850b5/element/f.2D1B8265A78BA1487979886821B0C8C8.d.69013DC644F6267CD421EAC822E96A2E.e.4284/click - {}
RESULT: {}
COMMAND: GET /session/e92654ce08529da6aa8a1ad9d55850b5/screenshot - {}
RESULT: {}
COMMAND: POST /session/e92654ce08529da6aa8a1ad9d55850b5/execute/async - {"script":"<script> [1562 bytes]","args":[{"selector":{"controlType":"sap.m.Input","viewName":"etm.portal.ui.managepartners.view.EditDetail","labelFor":{"text":"Name"},"interaction":{"idSuffix":"inner"}},"wdio_ui5_key":"etmportal.ui.managepartners.view.EditDetailsap.m.Input{\"text\":\"Name\"}"}]}
RESULT: {"script":"<script> [1562 bytes]","args":[{"selector":{"controlType":"sap.m.Input","viewName":"etm.portal.ui.managepartners.view.EditDetail","labelFor":{"text":"Name"},"interaction":{"idSuffix":"inner"}},"wdio_ui5_key":"etmportal.ui.managepartners.view.EditDetailsap.m.Input{\"text\":\"Name\"}"}]}
RESULT: undefined
COMMAND: POST /session/e92654ce08529da6aa8a1ad9d55850b5/execute/async - {"script":"<script> [776 bytes]","args":[{"enterText":"Intercompany EDIT","selector":{"controlType":"sap.m.Input","viewName":"etm.portal.ui.managepartners.view.EditDetail","labelFor":{"text":"Name"},"interaction":{"idSuffix":"inner"}},"clearTextFirst":true,"interactionType":"ENTER_TEXT"}]}
RESULT: {"script":"<script> [776 bytes]","args":[{"enterText":"Intercompany EDIT","selector":{"controlType":"sap.m.Input","viewName":"etm.portal.ui.managepartners.view.EditDetail","labelFor":{"text":"Name"},"interaction":{"idSuffix":"inner"}},"clearTextFirst":true,"interactionType":"ENTER_TEXT"}]}
COMMAND: POST /session/e92654ce08529da6aa8a1ad9d55850b5/element - {"using":"xpath","value":"(//span[contains(@id,\"addressDetailDetailsLanguage-arrow\")])[1]"}
RESULT: {"using":"xpath","value":"(//span[contains(@id,\"addressDetailDetailsLanguage-arrow\")])[1]"}
COMMAND: POST /session/e92654ce08529da6aa8a1ad9d55850b5/element/f.2D1B8265A78BA1487979886821B0C8C8.d.69013DC644F6267CD421EAC822E96A2E.e.4368/click - {}
RESULT: {}
COMMAND: POST /session/e92654ce08529da6aa8a1ad9d55850b5/element - {"using":"xpath","value":"//span[contains(text(), \"Chinese\")]"}
COMMAND: GET /session/e92654ce08529da6aa8a1ad9d55850b5/screenshot - {}
RESULT: {"using":"xpath","value":"//span[contains(text(), \"Chinese\")]"}
COMMAND: POST /session/e92654ce08529da6aa8a1ad9d55850b5/element/f.2D1B8265A78BA1487979886821B0C8C8.d.69013DC644F6267CD421EAC822E96A2E.e.4369/click - {}
RESULT: {}
RESULT: {}
COMMAND: GET /session/e92654ce08529da6aa8a1ad9d55850b5/screenshot - {}
RESULT: {}
COMMAND: POST /session/e92654ce08529da6aa8a1ad9d55850b5/execute/async - {"script":"<script> [1562 bytes]","args":[{"selector":{"controlType":"sap.m.Input","viewName":"etm.portal.ui.managepartners.view.EditDetail","labelFor":{"text":"City"},"interaction":{"idSuffix":"inner"}},"wdio_ui5_key":"etmportal.ui.managepartners.view.EditDetailsap.m.Input{\"text\":\"City\"}"}]}
RESULT: {"script":"<script> [1562 bytes]","args":[{"selector":{"controlType":"sap.m.Input","viewName":"etm.portal.ui.managepartners.view.EditDetail","labelFor":{"text":"City"},"interaction":{"idSuffix":"inner"}},"wdio_ui5_key":"etmportal.ui.managepartners.view.EditDetailsap.m.Input{\"text\":\"City\"}"}]}
RESULT: undefined
COMMAND: POST /session/e92654ce08529da6aa8a1ad9d55850b5/execute/async - {"script":"<script> [776 bytes]","args":[{"enterText":"Clooj-Napoca","selector":{"controlType":"sap.m.Input","viewName":"etm.portal.ui.managepartners.view.EditDetail","labelFor":{"text":"City"},"interaction":{"idSuffix":"inner"}},"clearTextFirst":true,"interactionType":"ENTER_TEXT"}]}
RESULT: {"script":"<script> [776 bytes]","args":[{"enterText":"Clooj-Napoca","selector":{"controlType":"sap.m.Input","viewName":"etm.portal.ui.managepartners.view.EditDetail","labelFor":{"text":"City"},"interaction":{"idSuffix":"inner"}},"clearTextFirst":true,"interactionType":"ENTER_TEXT"}]}
COMMAND: POST /session/e92654ce08529da6aa8a1ad9d55850b5/element - {"using":"xpath","value":"//button[@data-kt=\"saveButton\"]"}
RESULT: {"using":"xpath","value":"//button[@data-kt=\"saveButton\"]"}
COMMAND: POST /session/e92654ce08529da6aa8a1ad9d55850b5/element/f.2D1B8265A78BA1487979886821B0C8C8.d.69013DC644F6267CD421EAC822E96A2E.e.4347/click - {}
RESULT: {}
COMMAND: GET /session/e92654ce08529da6aa8a1ad9d55850b5/screenshot - {}
RESULT: {}
COMMAND: POST /session/e92654ce08529da6aa8a1ad9d55850b5/execute/async - {"script":"<script> [1562 bytes]","args":[{"selector":{"id":"application-managepartners-display-component---detailPtm--addressDetailDetailsName1"},"wdio_ui5_key":"applicationmanagepartners-display-component---detailPtm--addressDetailDetailsName1"}]}
RESULT: {"script":"<script> [1562 bytes]","args":[{"selector":{"id":"application-managepartners-display-component---detailPtm--addressDetailDetailsName1"},"wdio_ui5_key":"applicationmanagepartners-display-component---detailPtm--addressDetailDetailsName1"}]}
RESULT: undefined
COMMAND: POST /session/e92654ce08529da6aa8a1ad9d55850b5/execute/async - {"script":"<script> [6424 bytes]","args":[{"element-6066-11e4-a52e-4f735466cecf":"f.2D1B8265A78BA1487979886821B0C8C8.d.69013DC644F6267CD421EAC822E96A2E.e.4400"},"getValue",[]]}
RESULT: {"script":"<script> [6424 bytes]","args":[{"element-6066-11e4-a52e-4f735466cecf":"f.2D1B8265A78BA1487979886821B0C8C8.d.69013DC644F6267CD421EAC822E96A2E.e.4400"},"getValue",[]]}
COMMAND: POST /session/e92654ce08529da6aa8a1ad9d55850b5/element - {"using":"xpath","value":"//input[@id = \"application-managepartners-display-component---detailPtm--addressDetailDetailsLanguage-inner\"]"}
RESULT: {"using":"xpath","value":"//input[@id = \"application-managepartners-display-component---detailPtm--addressDetailDetailsLanguage-inner\"]"}
COMMAND: GET /session/e92654ce08529da6aa8a1ad9d55850b5/element/f.2D1B8265A78BA1487979886821B0C8C8.d.69013DC644F6267CD421EAC822E96A2E.e.4401/property/value - {}
RESULT: {}
COMMAND: POST /session/e92654ce08529da6aa8a1ad9d55850b5/execute/async - {"script":"<script> [1562 bytes]","args":[{"selector":{"id":"application-managepartners-display-component---detailPtm--addressDetailDetailsCity1"},"wdio_ui5_key":"applicationmanagepartners-display-component---detailPtm--addressDetailDetailsCity1"}]}
COMMAND: GET /session/e92654ce08529da6aa8a1ad9d55850b5/screenshot - {}
RESULT: {"script":"<script> [1562 bytes]","args":[{"selector":{"id":"application-managepartners-display-component---detailPtm--addressDetailDetailsCity1"},"wdio_ui5_key":"applicationmanagepartners-display-component---detailPtm--addressDetailDetailsCity1"}]}
RESULT: undefined
COMMAND: POST /session/e92654ce08529da6aa8a1ad9d55850b5/execute/async - {"script":"<script> [6424 bytes]","args":[{"element-6066-11e4-a52e-4f735466cecf":"f.2D1B8265A78BA1487979886821B0C8C8.d.69013DC644F6267CD421EAC822E96A2E.e.4402"},"getValue",[]]}
RESULT: {}
RESULT: {"script":"<script> [6424 bytes]","args":[{"element-6066-11e4-a52e-4f735466cecf":"f.2D1B8265A78BA1487979886821B0C8C8.d.69013DC644F6267CD421EAC822E96A2E.e.4402"},"getValue",[]]}
COMMAND: POST /session/e92654ce08529da6aa8a1ad9d55850b5/element - {"using":"css selector","value":"#shell-header-logo"}
RESULT: {"using":"css selector","value":"#shell-header-logo"}
COMMAND: POST /session/e92654ce08529da6aa8a1ad9d55850b5/element/f.2D1B8265A78BA1487979886821B0C8C8.d.69013DC644F6267CD421EAC822E96A2E.e.3960/click - {}
RESULT: {}
COMMAND: GET /session/e92654ce08529da6aa8a1ad9d55850b5/screenshot - {}
RESULT: {}
]]></system-out>
    </testcase>
    <testcase classname="chrome.135_0_7049_42.windows.Partner_specific_tests_US150819_US151080_US151654_US151176_US103444_US151078_US151079_US151109_US151174_US151175_US151189" name="Should create a new intracompany partner edit some of its fields US151079" time="214.008">
      <system-out><![CDATA[
COMMAND: POST /session/e92654ce08529da6aa8a1ad9d55850b5/element - {"using":"xpath","value":"//li[.//span[text()=\"Manage Partners\"]]"}
RESULT: {"using":"xpath","value":"//li[.//span[text()=\"Manage Partners\"]]"}
COMMAND: POST /session/e92654ce08529da6aa8a1ad9d55850b5/element - {"using":"xpath","value":"//li[.//span[text()=\"Manage Partners\"]]"}
RESULT: {"using":"xpath","value":"//li[.//span[text()=\"Manage Partners\"]]"}
COMMAND: POST /session/e92654ce08529da6aa8a1ad9d55850b5/element - {"using":"css selector","value":"#shell-header-logo"}
RESULT: {"using":"css selector","value":"#shell-header-logo"}
COMMAND: POST /session/e92654ce08529da6aa8a1ad9d55850b5/element/f.2D1B8265A78BA1487979886821B0C8C8.d.69013DC644F6267CD421EAC822E96A2E.e.4432/click - {}
COMMAND: POST /session/e92654ce08529da6aa8a1ad9d55850b5/execute/sync - {"script":"<script> [8489 bytes]","args":[{"element-6066-11e4-a52e-4f735466cecf":"f.2D1B8265A78BA1487979886821B0C8C8.d.69013DC644F6267CD421EAC822E96A2E.e.4432","ELEMENT":"f.2D1B8265A78BA1487979886821B0C8C8.d.69013DC644F6267CD421EAC822E96A2E.e.4432"}]}
RESULT: {}
COMMAND: GET /session/e92654ce08529da6aa8a1ad9d55850b5/screenshot - {}
RESULT: {"script":"<script> [8489 bytes]","args":[{"element-6066-11e4-a52e-4f735466cecf":"f.2D1B8265A78BA1487979886821B0C8C8.d.69013DC644F6267CD421EAC822E96A2E.e.4432","ELEMENT":"f.2D1B8265A78BA1487979886821B0C8C8.d.69013DC644F6267CD421EAC822E96A2E.e.4432"}]}
COMMAND: POST /session/e92654ce08529da6aa8a1ad9d55850b5/execute/sync - {"script":"<script> [5351 bytes]","args":[{"element-6066-11e4-a52e-4f735466cecf":"f.2D1B8265A78BA1487979886821B0C8C8.d.69013DC644F6267CD421EAC822E96A2E.e.4432","ELEMENT":"f.2D1B8265A78BA1487979886821B0C8C8.d.69013DC644F6267CD421EAC822E96A2E.e.4432"}]}
COMMAND: GET /session/e92654ce08529da6aa8a1ad9d55850b5/screenshot - {}
RESULT: {}
RESULT: {"script":"<script> [5351 bytes]","args":[{"element-6066-11e4-a52e-4f735466cecf":"f.2D1B8265A78BA1487979886821B0C8C8.d.69013DC644F6267CD421EAC822E96A2E.e.4432","ELEMENT":"f.2D1B8265A78BA1487979886821B0C8C8.d.69013DC644F6267CD421EAC822E96A2E.e.4432"}]}
COMMAND: GET /session/e92654ce08529da6aa8a1ad9d55850b5/screenshot - {}
RESULT: {}
RESULT: {}
COMMAND: POST /session/e92654ce08529da6aa8a1ad9d55850b5/refresh - {}
RESULT: {}
COMMAND: GET /session/e92654ce08529da6aa8a1ad9d55850b5/screenshot - {}
RESULT: {}
COMMAND: POST /session/e92654ce08529da6aa8a1ad9d55850b5/refresh - {}
RESULT: {}
COMMAND: GET /session/e92654ce08529da6aa8a1ad9d55850b5/screenshot - {}
RESULT: {}
COMMAND: POST /session/e92654ce08529da6aa8a1ad9d55850b5/window/fullscreen - {}
RESULT: {}
COMMAND: POST /session/e92654ce08529da6aa8a1ad9d55850b5/execute/async - {"script":"<script> [189 bytes]","args":[]}
RESULT: {"script":"<script> [189 bytes]","args":[]}
COMMAND: POST /session/e92654ce08529da6aa8a1ad9d55850b5/execute/async - {"script":"<script> [123 bytes]","args":[]}
RESULT: {"script":"<script> [123 bytes]","args":[]}
COMMAND: POST /session/e92654ce08529da6aa8a1ad9d55850b5/timeouts - {"script":"<number>"}
RESULT: {"script":"<number>"}
COMMAND: GET /session/e92654ce08529da6aa8a1ad9d55850b5/timeouts - {}
RESULT: {}
RESULT: undefined
COMMAND: POST /session/e92654ce08529da6aa8a1ad9d55850b5/execute/async - {"script":"<script> [2676 bytes]","args":[]}
RESULT: {"script":"<script> [2676 bytes]","args":[]}
COMMAND: POST /session/e92654ce08529da6aa8a1ad9d55850b5/execute/async - {"script":"<script> [2342 bytes]","args":[{"protocol":"http","hostname":"0.0.0.0","path":"/","capabilities":{"browserName":"chrome","goog:chromeOptions":{"binary":"C:\\Program Files\\Google\\Chrome\\Application\\chrome.exe","args":["--start-maximized"]}},"logLevel":"warn","connectionRetryTimeout":120000,"connectionRetryCount":3,"logLevels":{},"enableDirectConnect":true,"strictSSL":true,"_":"65 more keys: [\"cacheDir\",\"port\",\"requestedCapabilities\",\"automationProtocol\",\"baseUrl\",\"waitforInterval\",\"waitforTimeout\",\"onReload\",\"beforeCommand\",\"afterCommand\",\"rootDir\",\"specs\",\"suites\",\"exclude\",\"groupLogsByTestSpec\",\"excludeDriverLogs\",\"bail\",\"framework\",\"reporters\",\"services\",\"maxInstances\",\"maxInstancesPerCapability\",\"injectGlobals\",\"filesToWatch\",\"execArgv\",\"runnerEnv\",\"runner\",\"shard\",\"specFileRetries\",\"specFileRetriesDelay\",\"specFileRetriesDeferred\",\"reporterSyncInterval\",\"reporterSyncTimeout\",\"cucumberFeaturesWithLineNumbers\",\"autoCompileOpts\",\"mochaOpts\",\"jasmineOpts\",\"cucumberOpts\",\"onPrepare\",\"onWorkerStart\",\"onWorkerEnd\",\"before\",\"beforeSession\",\"beforeSuite\",\"beforeHook\",\"beforeTest\",\"afterTest\",\"afterHook\",\"afterSuite\",\"afterSession\",\"after\",\"onComplete\",\"beforeAssertion\",\"afterAssertion\",\"beforeFeature\",\"beforeScenario\",\"beforeStep\",\"afterStep\",\"afterScenario\",\"afterFeature\",\"_\",\"suite\",\"$0\",\"ignoredWorkerServices\",\"wdi5\"]"}]}
RESULT: {"script":"<script> [2342 bytes]","args":[{"protocol":"http","hostname":"0.0.0.0","path":"/","capabilities":{"browserName":"chrome","goog:chromeOptions":{"binary":"C:\\Program Files\\Google\\Chrome\\Application\\chrome.exe","args":["--start-maximized"]}},"logLevel":"warn","connectionRetryTimeout":120000,"connectionRetryCount":3,"logLevels":{},"enableDirectConnect":true,"strictSSL":true,"_":"65 more keys: [\"cacheDir\",\"port\",\"requestedCapabilities\",\"automationProtocol\",\"baseUrl\",\"waitforInterval\",\"waitforTimeout\",\"onReload\",\"beforeCommand\",\"afterCommand\",\"rootDir\",\"specs\",\"suites\",\"exclude\",\"groupLogsByTestSpec\",\"excludeDriverLogs\",\"bail\",\"framework\",\"reporters\",\"services\",\"maxInstances\",\"maxInstancesPerCapability\",\"injectGlobals\",\"filesToWatch\",\"execArgv\",\"runnerEnv\",\"runner\",\"shard\",\"specFileRetries\",\"specFileRetriesDelay\",\"specFileRetriesDeferred\",\"reporterSyncInterval\",\"reporterSyncTimeout\",\"cucumberFeaturesWithLineNumbers\",\"autoCompileOpts\",\"mochaOpts\",\"jasmineOpts\",\"cucumberOpts\",\"onPrepare\",\"onWorkerStart\",\"onWorkerEnd\",\"before\",\"beforeSession\",\"beforeSuite\",\"beforeHook\",\"beforeTest\",\"afterTest\",\"afterHook\",\"afterSuite\",\"afterSession\",\"after\",\"onComplete\",\"beforeAssertion\",\"afterAssertion\",\"beforeFeature\",\"beforeScenario\",\"beforeStep\",\"afterStep\",\"afterScenario\",\"afterFeature\",\"_\",\"suite\",\"$0\",\"ignoredWorkerServices\",\"wdi5\"]"}]}
COMMAND: POST /session/e92654ce08529da6aa8a1ad9d55850b5/execute/async - {"script":"<script> [21126 bytes]","args":[35000]}
RESULT: {"script":"<script> [21126 bytes]","args":[35000]}
COMMAND: POST /session/e92654ce08529da6aa8a1ad9d55850b5/window/fullscreen - {}
RESULT: {}
COMMAND: POST /session/e92654ce08529da6aa8a1ad9d55850b5/window/fullscreen - {}
RESULT: {}
COMMAND: POST /session/e92654ce08529da6aa8a1ad9d55850b5/execute/async - {"script":"<script> [1562 bytes]","args":[{"selector":{"controlType":"sap.m.GenericTile","properties":{"header":"Manage Partners"}},"wdio_ui5_key":"sapm.GenericTile{\"header\":\"Manage Partners\"}"}]}
RESULT: {"script":"<script> [1562 bytes]","args":[{"selector":{"controlType":"sap.m.GenericTile","properties":{"header":"Manage Partners"}},"wdio_ui5_key":"sapm.GenericTile{\"header\":\"Manage Partners\"}"}]}
RESULT: undefined
COMMAND: POST /session/e92654ce08529da6aa8a1ad9d55850b5/element - {"using":"xpath","value":"//*[@id=\"__tile30\"]"}
RESULT: {"using":"xpath","value":"//*[@id=\"__tile30\"]"}
COMMAND: POST /session/e92654ce08529da6aa8a1ad9d55850b5/element/f.2D1B8265A78BA1487979886821B0C8C8.d.C3B380B59B37C0C1967029A62D3146BB.e.4500/click - {}
RESULT: {}
COMMAND: POST /session/e92654ce08529da6aa8a1ad9d55850b5/element - {"using":"xpath","value":"//button[@data-kt=\"addButton\"]"}
COMMAND: GET /session/e92654ce08529da6aa8a1ad9d55850b5/screenshot - {}
RESULT: {"using":"xpath","value":"//button[@data-kt=\"addButton\"]"}
COMMAND: POST /session/e92654ce08529da6aa8a1ad9d55850b5/elements - {"using":"xpath","value":"//button[@data-kt=\"addButton\"]"}
RESULT: {}
RESULT: {"using":"xpath","value":"//button[@data-kt=\"addButton\"]"}
COMMAND: POST /session/e92654ce08529da6aa8a1ad9d55850b5/elements - {"using":"xpath","value":"//button[@data-kt=\"addButton\"]"}
RESULT: {"using":"xpath","value":"//button[@data-kt=\"addButton\"]"}
COMMAND: POST /session/e92654ce08529da6aa8a1ad9d55850b5/elements - {"using":"xpath","value":"//button[@data-kt=\"addButton\"]"}
RESULT: {"using":"xpath","value":"//button[@data-kt=\"addButton\"]"}
COMMAND: POST /session/e92654ce08529da6aa8a1ad9d55850b5/elements - {"using":"xpath","value":"//button[@data-kt=\"addButton\"]"}
RESULT: {"using":"xpath","value":"//button[@data-kt=\"addButton\"]"}
COMMAND: POST /session/e92654ce08529da6aa8a1ad9d55850b5/elements - {"using":"xpath","value":"//button[@data-kt=\"addButton\"]"}
RESULT: {"using":"xpath","value":"//button[@data-kt=\"addButton\"]"}
COMMAND: POST /session/e92654ce08529da6aa8a1ad9d55850b5/elements - {"using":"xpath","value":"//button[@data-kt=\"addButton\"]"}
RESULT: {"using":"xpath","value":"//button[@data-kt=\"addButton\"]"}
COMMAND: POST /session/e92654ce08529da6aa8a1ad9d55850b5/elements - {"using":"xpath","value":"//button[@data-kt=\"addButton\"]"}
RESULT: {"using":"xpath","value":"//button[@data-kt=\"addButton\"]"}
COMMAND: POST /session/e92654ce08529da6aa8a1ad9d55850b5/elements - {"using":"xpath","value":"//button[@data-kt=\"addButton\"]"}
RESULT: {"using":"xpath","value":"//button[@data-kt=\"addButton\"]"}
COMMAND: POST /session/e92654ce08529da6aa8a1ad9d55850b5/elements - {"using":"xpath","value":"//button[@data-kt=\"addButton\"]"}
RESULT: {"using":"xpath","value":"//button[@data-kt=\"addButton\"]"}
COMMAND: POST /session/e92654ce08529da6aa8a1ad9d55850b5/elements - {"using":"xpath","value":"//button[@data-kt=\"addButton\"]"}
RESULT: {"using":"xpath","value":"//button[@data-kt=\"addButton\"]"}
COMMAND: POST /session/e92654ce08529da6aa8a1ad9d55850b5/elements - {"using":"xpath","value":"//button[@data-kt=\"addButton\"]"}
RESULT: {"using":"xpath","value":"//button[@data-kt=\"addButton\"]"}
COMMAND: POST /session/e92654ce08529da6aa8a1ad9d55850b5/elements - {"using":"xpath","value":"//button[@data-kt=\"addButton\"]"}
RESULT: {"using":"xpath","value":"//button[@data-kt=\"addButton\"]"}
COMMAND: POST /session/e92654ce08529da6aa8a1ad9d55850b5/elements - {"using":"xpath","value":"//button[@data-kt=\"addButton\"]"}
RESULT: {"using":"xpath","value":"//button[@data-kt=\"addButton\"]"}
COMMAND: POST /session/e92654ce08529da6aa8a1ad9d55850b5/elements - {"using":"xpath","value":"//button[@data-kt=\"addButton\"]"}
RESULT: {"using":"xpath","value":"//button[@data-kt=\"addButton\"]"}
COMMAND: POST /session/e92654ce08529da6aa8a1ad9d55850b5/elements - {"using":"xpath","value":"//button[@data-kt=\"addButton\"]"}
RESULT: {"using":"xpath","value":"//button[@data-kt=\"addButton\"]"}
COMMAND: POST /session/e92654ce08529da6aa8a1ad9d55850b5/elements - {"using":"xpath","value":"//button[@data-kt=\"addButton\"]"}
RESULT: {"using":"xpath","value":"//button[@data-kt=\"addButton\"]"}
COMMAND: POST /session/e92654ce08529da6aa8a1ad9d55850b5/element - {"using":"xpath","value":"//button[@data-kt=\"addButton\"]"}
RESULT: {"using":"xpath","value":"//button[@data-kt=\"addButton\"]"}
COMMAND: POST /session/e92654ce08529da6aa8a1ad9d55850b5/execute/sync - {"script":"<script> [8489 bytes]","args":[{"element-6066-11e4-a52e-4f735466cecf":"f.2D1B8265A78BA1487979886821B0C8C8.d.C3B380B59B37C0C1967029A62D3146BB.e.4616","ELEMENT":"f.2D1B8265A78BA1487979886821B0C8C8.d.C3B380B59B37C0C1967029A62D3146BB.e.4616"}]}
RESULT: {"script":"<script> [8489 bytes]","args":[{"element-6066-11e4-a52e-4f735466cecf":"f.2D1B8265A78BA1487979886821B0C8C8.d.C3B380B59B37C0C1967029A62D3146BB.e.4616","ELEMENT":"f.2D1B8265A78BA1487979886821B0C8C8.d.C3B380B59B37C0C1967029A62D3146BB.e.4616"}]}
COMMAND: GET /session/e92654ce08529da6aa8a1ad9d55850b5/element/f.2D1B8265A78BA1487979886821B0C8C8.d.C3B380B59B37C0C1967029A62D3146BB.e.4616/enabled - {}
COMMAND: GET /session/e92654ce08529da6aa8a1ad9d55850b5/screenshot - {}
RESULT: {}
COMMAND: POST /session/e92654ce08529da6aa8a1ad9d55850b5/execute/sync - {"script":"<script> [8489 bytes]","args":[{"element-6066-11e4-a52e-4f735466cecf":"f.2D1B8265A78BA1487979886821B0C8C8.d.C3B380B59B37C0C1967029A62D3146BB.e.4616","ELEMENT":"f.2D1B8265A78BA1487979886821B0C8C8.d.C3B380B59B37C0C1967029A62D3146BB.e.4616"}]}
COMMAND: GET /session/e92654ce08529da6aa8a1ad9d55850b5/screenshot - {}
RESULT: {}
RESULT: {"script":"<script> [8489 bytes]","args":[{"element-6066-11e4-a52e-4f735466cecf":"f.2D1B8265A78BA1487979886821B0C8C8.d.C3B380B59B37C0C1967029A62D3146BB.e.4616","ELEMENT":"f.2D1B8265A78BA1487979886821B0C8C8.d.C3B380B59B37C0C1967029A62D3146BB.e.4616"}]}
COMMAND: POST /session/e92654ce08529da6aa8a1ad9d55850b5/execute/sync - {"script":"<script> [5351 bytes]","args":[{"element-6066-11e4-a52e-4f735466cecf":"f.2D1B8265A78BA1487979886821B0C8C8.d.C3B380B59B37C0C1967029A62D3146BB.e.4616","ELEMENT":"f.2D1B8265A78BA1487979886821B0C8C8.d.C3B380B59B37C0C1967029A62D3146BB.e.4616"}]}
COMMAND: GET /session/e92654ce08529da6aa8a1ad9d55850b5/screenshot - {}
RESULT: {}
RESULT: {"script":"<script> [5351 bytes]","args":[{"element-6066-11e4-a52e-4f735466cecf":"f.2D1B8265A78BA1487979886821B0C8C8.d.C3B380B59B37C0C1967029A62D3146BB.e.4616","ELEMENT":"f.2D1B8265A78BA1487979886821B0C8C8.d.C3B380B59B37C0C1967029A62D3146BB.e.4616"}]}
COMMAND: POST /session/e92654ce08529da6aa8a1ad9d55850b5/element/f.2D1B8265A78BA1487979886821B0C8C8.d.C3B380B59B37C0C1967029A62D3146BB.e.4616/click - {}
COMMAND: GET /session/e92654ce08529da6aa8a1ad9d55850b5/screenshot - {}
RESULT: {}
RESULT: {}
COMMAND: GET /session/e92654ce08529da6aa8a1ad9d55850b5/screenshot - {}
COMMAND: POST /session/e92654ce08529da6aa8a1ad9d55850b5/execute/async - {"script":"<script> [1562 bytes]","args":[{"selector":{"id":"application-managepartners-display-component---NewPartner--addressDetailDetailsName1","interaction":{"idSuffix":"inner"}},"wdio_ui5_key":"applicationmanagepartners-display-component---NewPartner--addressDetailDetailsName1"}]}
RESULT: {}
RESULT: {}
RESULT: {"script":"<script> [1562 bytes]","args":[{"selector":{"id":"application-managepartners-display-component---NewPartner--addressDetailDetailsName1","interaction":{"idSuffix":"inner"}},"wdio_ui5_key":"applicationmanagepartners-display-component---NewPartner--addressDetailDetailsName1"}]}
RESULT: undefined
COMMAND: POST /session/e92654ce08529da6aa8a1ad9d55850b5/execute/async - {"script":"<script> [776 bytes]","args":[{"enterText":"Intracompany Partner WDIO","selector":{"id":"application-managepartners-display-component---NewPartner--addressDetailDetailsName1","interaction":{"idSuffix":"inner"}},"clearTextFirst":true,"interactionType":"ENTER_TEXT"}]}
RESULT: {"script":"<script> [776 bytes]","args":[{"enterText":"Intracompany Partner WDIO","selector":{"id":"application-managepartners-display-component---NewPartner--addressDetailDetailsName1","interaction":{"idSuffix":"inner"}},"clearTextFirst":true,"interactionType":"ENTER_TEXT"}]}
COMMAND: POST /session/e92654ce08529da6aa8a1ad9d55850b5/execute/async - {"script":"<script> [1562 bytes]","args":[{"selector":{"id":"application-managepartners-display-component---NewPartner--addressDetailDetailsLanguage-arrow"},"wdio_ui5_key":"applicationmanagepartners-display-component---NewPartner--addressDetailDetailsLanguage-arrow"}]}
RESULT: {"script":"<script> [1562 bytes]","args":[{"selector":{"id":"application-managepartners-display-component---NewPartner--addressDetailDetailsLanguage-arrow"},"wdio_ui5_key":"applicationmanagepartners-display-component---NewPartner--addressDetailDetailsLanguage-arrow"}]}
RESULT: undefined
COMMAND: POST /session/e92654ce08529da6aa8a1ad9d55850b5/element - {"using":"xpath","value":"//*[@id=\"application-managepartners-display-component---NewPartner--addressDetailDetailsLanguage-arrow\"]"}
RESULT: {"using":"xpath","value":"//*[@id=\"application-managepartners-display-component---NewPartner--addressDetailDetailsLanguage-arrow\"]"}
COMMAND: POST /session/e92654ce08529da6aa8a1ad9d55850b5/element/f.2D1B8265A78BA1487979886821B0C8C8.d.C3B380B59B37C0C1967029A62D3146BB.e.5071/click - {}
RESULT: {}
COMMAND: POST /session/e92654ce08529da6aa8a1ad9d55850b5/element - {"using":"xpath","value":"//span[contains(text(), \"English\")]"}
COMMAND: GET /session/e92654ce08529da6aa8a1ad9d55850b5/screenshot - {}
RESULT: {"using":"xpath","value":"//span[contains(text(), \"English\")]"}
COMMAND: POST /session/e92654ce08529da6aa8a1ad9d55850b5/element/f.2D1B8265A78BA1487979886821B0C8C8.d.C3B380B59B37C0C1967029A62D3146BB.e.5072/click - {}
RESULT: {}
RESULT: {}
COMMAND: GET /session/e92654ce08529da6aa8a1ad9d55850b5/screenshot - {}
RESULT: {}
COMMAND: POST /session/e92654ce08529da6aa8a1ad9d55850b5/execute/async - {"script":"<script> [1562 bytes]","args":[{"selector":{"id":"application-managepartners-display-component---NewPartner--addressDetailDetailsCity1","interaction":{"idSuffix":"inner"}},"wdio_ui5_key":"applicationmanagepartners-display-component---NewPartner--addressDetailDetailsCity1"}]}
RESULT: {"script":"<script> [1562 bytes]","args":[{"selector":{"id":"application-managepartners-display-component---NewPartner--addressDetailDetailsCity1","interaction":{"idSuffix":"inner"}},"wdio_ui5_key":"applicationmanagepartners-display-component---NewPartner--addressDetailDetailsCity1"}]}
RESULT: undefined
COMMAND: POST /session/e92654ce08529da6aa8a1ad9d55850b5/execute/async - {"script":"<script> [776 bytes]","args":[{"enterText":"Rosario","selector":{"id":"application-managepartners-display-component---NewPartner--addressDetailDetailsCity1","interaction":{"idSuffix":"inner"}},"clearTextFirst":true,"interactionType":"ENTER_TEXT"}]}
RESULT: {"script":"<script> [776 bytes]","args":[{"enterText":"Rosario","selector":{"id":"application-managepartners-display-component---NewPartner--addressDetailDetailsCity1","interaction":{"idSuffix":"inner"}},"clearTextFirst":true,"interactionType":"ENTER_TEXT"}]}
COMMAND: POST /session/e92654ce08529da6aa8a1ad9d55850b5/execute/async - {"script":"<script> [1562 bytes]","args":[{"selector":{"id":"application-managepartners-display-component---NewPartner--addressDetailDetailsCountry-arrow"},"wdio_ui5_key":"applicationmanagepartners-display-component---NewPartner--addressDetailDetailsCountry-arrow"}]}
RESULT: {"script":"<script> [1562 bytes]","args":[{"selector":{"id":"application-managepartners-display-component---NewPartner--addressDetailDetailsCountry-arrow"},"wdio_ui5_key":"applicationmanagepartners-display-component---NewPartner--addressDetailDetailsCountry-arrow"}]}
RESULT: undefined
COMMAND: POST /session/e92654ce08529da6aa8a1ad9d55850b5/element - {"using":"xpath","value":"//*[@id=\"application-managepartners-display-component---NewPartner--addressDetailDetailsCountry-arrow\"]"}
RESULT: {"using":"xpath","value":"//*[@id=\"application-managepartners-display-component---NewPartner--addressDetailDetailsCountry-arrow\"]"}
COMMAND: POST /session/e92654ce08529da6aa8a1ad9d55850b5/element/f.2D1B8265A78BA1487979886821B0C8C8.d.C3B380B59B37C0C1967029A62D3146BB.e.5053/click - {}
RESULT: {}
COMMAND: POST /session/e92654ce08529da6aa8a1ad9d55850b5/element - {"using":"xpath","value":"//span[contains(text(), \"Argentina\")]"}
COMMAND: GET /session/e92654ce08529da6aa8a1ad9d55850b5/screenshot - {}
RESULT: {"using":"xpath","value":"//span[contains(text(), \"Argentina\")]"}
COMMAND: POST /session/e92654ce08529da6aa8a1ad9d55850b5/element/f.2D1B8265A78BA1487979886821B0C8C8.d.C3B380B59B37C0C1967029A62D3146BB.e.5074/click - {}
RESULT: {}
RESULT: {}
COMMAND: GET /session/e92654ce08529da6aa8a1ad9d55850b5/screenshot - {}
RESULT: {}
COMMAND: POST /session/e92654ce08529da6aa8a1ad9d55850b5/element - {"using":"xpath","value":"//bdi[contains(text(), \"Commercial\")]"}
RESULT: {"using":"xpath","value":"//bdi[contains(text(), \"Commercial\")]"}
COMMAND: POST /session/e92654ce08529da6aa8a1ad9d55850b5/element/f.2D1B8265A78BA1487979886821B0C8C8.d.C3B380B59B37C0C1967029A62D3146BB.e.5075/click - {}
RESULT: {}
COMMAND: GET /session/e92654ce08529da6aa8a1ad9d55850b5/screenshot - {}
RESULT: {}
COMMAND: POST /session/e92654ce08529da6aa8a1ad9d55850b5/execute/async - {"script":"<script> [1562 bytes]","args":[{"selector":{"id":"application-managepartners-display-component---NewPartner--partnerDetailInternal-arrow"},"wdio_ui5_key":"applicationmanagepartners-display-component---NewPartner--partnerDetailInternal-arrow"}]}
RESULT: {"script":"<script> [1562 bytes]","args":[{"selector":{"id":"application-managepartners-display-component---NewPartner--partnerDetailInternal-arrow"},"wdio_ui5_key":"applicationmanagepartners-display-component---NewPartner--partnerDetailInternal-arrow"}]}
RESULT: undefined
COMMAND: POST /session/e92654ce08529da6aa8a1ad9d55850b5/element - {"using":"xpath","value":"//*[@id=\"application-managepartners-display-component---NewPartner--partnerDetailInternal-arrow\"]"}
RESULT: {"using":"xpath","value":"//*[@id=\"application-managepartners-display-component---NewPartner--partnerDetailInternal-arrow\"]"}
COMMAND: POST /session/e92654ce08529da6aa8a1ad9d55850b5/element/f.2D1B8265A78BA1487979886821B0C8C8.d.C3B380B59B37C0C1967029A62D3146BB.e.5081/click - {}
RESULT: {}
COMMAND: POST /session/e92654ce08529da6aa8a1ad9d55850b5/element - {"using":"xpath","value":"//span[contains(text(), \"Affiliated company\")]"}
COMMAND: GET /session/e92654ce08529da6aa8a1ad9d55850b5/screenshot - {}
RESULT: {"using":"xpath","value":"//span[contains(text(), \"Affiliated company\")]"}
COMMAND: POST /session/e92654ce08529da6aa8a1ad9d55850b5/element/f.2D1B8265A78BA1487979886821B0C8C8.d.C3B380B59B37C0C1967029A62D3146BB.e.5084/click - {}
RESULT: {}
RESULT: {}
COMMAND: POST /session/e92654ce08529da6aa8a1ad9d55850b5/execute/async - {"script":"<script> [1562 bytes]","args":[{"selector":{"id":"application-managepartners-display-component---NewPartner--partnerDetailsCurrency-arrow"},"wdio_ui5_key":"applicationmanagepartners-display-component---NewPartner--partnerDetailsCurrency-arrow"}]}
COMMAND: GET /session/e92654ce08529da6aa8a1ad9d55850b5/screenshot - {}
RESULT: {"script":"<script> [1562 bytes]","args":[{"selector":{"id":"application-managepartners-display-component---NewPartner--partnerDetailsCurrency-arrow"},"wdio_ui5_key":"applicationmanagepartners-display-component---NewPartner--partnerDetailsCurrency-arrow"}]}
RESULT: undefined
COMMAND: POST /session/e92654ce08529da6aa8a1ad9d55850b5/element - {"using":"xpath","value":"//*[@id=\"application-managepartners-display-component---NewPartner--partnerDetailsCurrency-arrow\"]"}
RESULT: {}
RESULT: {"using":"xpath","value":"//*[@id=\"application-managepartners-display-component---NewPartner--partnerDetailsCurrency-arrow\"]"}
COMMAND: POST /session/e92654ce08529da6aa8a1ad9d55850b5/element/f.2D1B8265A78BA1487979886821B0C8C8.d.C3B380B59B37C0C1967029A62D3146BB.e.5091/click - {}
RESULT: {}
COMMAND: POST /session/e92654ce08529da6aa8a1ad9d55850b5/element - {"using":"xpath","value":"//span[contains(text(), \"Euro\")]"}
COMMAND: GET /session/e92654ce08529da6aa8a1ad9d55850b5/screenshot - {}
RESULT: {"using":"xpath","value":"//span[contains(text(), \"Euro\")]"}
COMMAND: POST /session/e92654ce08529da6aa8a1ad9d55850b5/element/f.2D1B8265A78BA1487979886821B0C8C8.d.C3B380B59B37C0C1967029A62D3146BB.e.5092/click - {}
RESULT: {}
RESULT: {}
COMMAND: POST /session/e92654ce08529da6aa8a1ad9d55850b5/execute/async - {"script":"<script> [1562 bytes]","args":[{"selector":{"id":"application-managepartners-display-component---NewPartner--addressEditDetailsCostObjectCstType-arrow"},"wdio_ui5_key":"applicationmanagepartners-display-component---NewPartner--addressEditDetailsCostObjectCstType-arrow"}]}
COMMAND: GET /session/e92654ce08529da6aa8a1ad9d55850b5/screenshot - {}
RESULT: {"script":"<script> [1562 bytes]","args":[{"selector":{"id":"application-managepartners-display-component---NewPartner--addressEditDetailsCostObjectCstType-arrow"},"wdio_ui5_key":"applicationmanagepartners-display-component---NewPartner--addressEditDetailsCostObjectCstType-arrow"}]}
RESULT: undefined
COMMAND: POST /session/e92654ce08529da6aa8a1ad9d55850b5/element - {"using":"xpath","value":"//*[@id=\"application-managepartners-display-component---NewPartner--addressEditDetailsCostObjectCstType-arrow\"]"}
RESULT: {}
RESULT: {"using":"xpath","value":"//*[@id=\"application-managepartners-display-component---NewPartner--addressEditDetailsCostObjectCstType-arrow\"]"}
COMMAND: POST /session/e92654ce08529da6aa8a1ad9d55850b5/element/f.2D1B8265A78BA1487979886821B0C8C8.d.C3B380B59B37C0C1967029A62D3146BB.e.5093/click - {}
RESULT: {}
COMMAND: POST /session/e92654ce08529da6aa8a1ad9d55850b5/element - {"using":"xpath","value":"//span[contains(text(), \"Cost Center\")]"}
COMMAND: GET /session/e92654ce08529da6aa8a1ad9d55850b5/screenshot - {}
RESULT: {"using":"xpath","value":"//span[contains(text(), \"Cost Center\")]"}
COMMAND: POST /session/e92654ce08529da6aa8a1ad9d55850b5/element/f.2D1B8265A78BA1487979886821B0C8C8.d.C3B380B59B37C0C1967029A62D3146BB.e.5094/click - {}
RESULT: {}
RESULT: {}
COMMAND: GET /session/e92654ce08529da6aa8a1ad9d55850b5/screenshot - {}
RESULT: {}
COMMAND: POST /session/e92654ce08529da6aa8a1ad9d55850b5/element - {"using":"xpath","value":"//span[@id=\"application-managepartners-display-component---NewPartner--addressNewCostObjectCstID-vhi\"]"}
RESULT: {"using":"xpath","value":"//span[@id=\"application-managepartners-display-component---NewPartner--addressNewCostObjectCstID-vhi\"]"}
COMMAND: POST /session/e92654ce08529da6aa8a1ad9d55850b5/execute/sync - {"script":"<script> [8489 bytes]","args":[{"element-6066-11e4-a52e-4f735466cecf":"f.2D1B8265A78BA1487979886821B0C8C8.d.C3B380B59B37C0C1967029A62D3146BB.e.5097","ELEMENT":"f.2D1B8265A78BA1487979886821B0C8C8.d.C3B380B59B37C0C1967029A62D3146BB.e.5097"}]}
RESULT: {"script":"<script> [8489 bytes]","args":[{"element-6066-11e4-a52e-4f735466cecf":"f.2D1B8265A78BA1487979886821B0C8C8.d.C3B380B59B37C0C1967029A62D3146BB.e.5097","ELEMENT":"f.2D1B8265A78BA1487979886821B0C8C8.d.C3B380B59B37C0C1967029A62D3146BB.e.5097"}]}
COMMAND: POST /session/e92654ce08529da6aa8a1ad9d55850b5/execute/async - {"script":"<script> [1562 bytes]","args":[{"selector":{"id":"application-managepartners-display-component---NewPartner--addressNewCostObjectCstID-vhi"},"wdio_ui5_key":"applicationmanagepartners-display-component---NewPartner--addressNewCostObjectCstID-vhi"}]}
COMMAND: GET /session/e92654ce08529da6aa8a1ad9d55850b5/screenshot - {}
RESULT: {"script":"<script> [1562 bytes]","args":[{"selector":{"id":"application-managepartners-display-component---NewPartner--addressNewCostObjectCstID-vhi"},"wdio_ui5_key":"applicationmanagepartners-display-component---NewPartner--addressNewCostObjectCstID-vhi"}]}
RESULT: undefined
COMMAND: POST /session/e92654ce08529da6aa8a1ad9d55850b5/element - {"using":"xpath","value":"//*[@id=\"application-managepartners-display-component---NewPartner--addressNewCostObjectCstID-vhi\"]"}
RESULT: {}
RESULT: {"using":"xpath","value":"//*[@id=\"application-managepartners-display-component---NewPartner--addressNewCostObjectCstID-vhi\"]"}
COMMAND: POST /session/e92654ce08529da6aa8a1ad9d55850b5/element/f.2D1B8265A78BA1487979886821B0C8C8.d.C3B380B59B37C0C1967029A62D3146BB.e.5097/click - {}
RESULT: {}
COMMAND: GET /session/e92654ce08529da6aa8a1ad9d55850b5/screenshot - {}
RESULT: {}
COMMAND: POST /session/e92654ce08529da6aa8a1ad9d55850b5/execute/async - {"script":"<script> [1562 bytes]","args":[{"selector":{"controlType":"sap.m.SearchField","properties":{"placeholder":"Search"},"searchOpenDialogs":true,"interaction":{"idSuffix":"I"}},"wdio_ui5_key":"sapm.SearchField{\"placeholder\":\"Search\"}"}]}
RESULT: {"script":"<script> [1562 bytes]","args":[{"selector":{"controlType":"sap.m.SearchField","properties":{"placeholder":"Search"},"searchOpenDialogs":true,"interaction":{"idSuffix":"I"}},"wdio_ui5_key":"sapm.SearchField{\"placeholder\":\"Search\"}"}]}
RESULT: undefined
COMMAND: POST /session/e92654ce08529da6aa8a1ad9d55850b5/execute/async - {"script":"<script> [776 bytes]","args":[{"enterText":"10001013","selector":{"controlType":"sap.m.SearchField","properties":{"placeholder":"Search"},"searchOpenDialogs":true,"interaction":{"idSuffix":"I"}},"clearTextFirst":true,"interactionType":"ENTER_TEXT"}]}
RESULT: {"script":"<script> [776 bytes]","args":[{"enterText":"10001013","selector":{"controlType":"sap.m.SearchField","properties":{"placeholder":"Search"},"searchOpenDialogs":true,"interaction":{"idSuffix":"I"}},"clearTextFirst":true,"interactionType":"ENTER_TEXT"}]}
COMMAND: POST /session/e92654ce08529da6aa8a1ad9d55850b5/actions - {"actions":[{"id":"action12","type":"key","parameters":{},"actions":[{"type":"keyDown","value":""},{"type":"pause","duration":10},{"type":"keyUp","value":""}]}]}
RESULT: {"actions":[{"id":"action12","type":"key","parameters":{},"actions":[{"type":"keyDown","value":""},{"type":"pause","duration":10},{"type":"keyUp","value":""}]}]}
COMMAND: GET /session/e92654ce08529da6aa8a1ad9d55850b5/screenshot - {}
RESULT: {}
COMMAND: POST /session/e92654ce08529da6aa8a1ad9d55850b5/element - {"using":"xpath","value":"//span[contains(text(), \"General Management\")]"}
RESULT: {"using":"xpath","value":"//span[contains(text(), \"General Management\")]"}
COMMAND: POST /session/e92654ce08529da6aa8a1ad9d55850b5/element/f.2D1B8265A78BA1487979886821B0C8C8.d.C3B380B59B37C0C1967029A62D3146BB.e.5139/click - {}
RESULT: {}
COMMAND: GET /session/e92654ce08529da6aa8a1ad9d55850b5/screenshot - {}
RESULT: {}
COMMAND: POST /session/e92654ce08529da6aa8a1ad9d55850b5/element - {"using":"xpath","value":"//bdi[contains(text(), \"OK\")]"}
RESULT: {"using":"xpath","value":"//bdi[contains(text(), \"OK\")]"}
COMMAND: POST /session/e92654ce08529da6aa8a1ad9d55850b5/element/f.2D1B8265A78BA1487979886821B0C8C8.d.C3B380B59B37C0C1967029A62D3146BB.e.5140/click - {}
RESULT: {}
COMMAND: GET /session/e92654ce08529da6aa8a1ad9d55850b5/screenshot - {}
RESULT: {}
COMMAND: POST /session/e92654ce08529da6aa8a1ad9d55850b5/element - {"using":"xpath","value":"//input[@id=\"application-managepartners-display-component---NewPartner--companyCodeComboBox-inner\"]"}
RESULT: {"using":"xpath","value":"//input[@id=\"application-managepartners-display-component---NewPartner--companyCodeComboBox-inner\"]"}
COMMAND: POST /session/e92654ce08529da6aa8a1ad9d55850b5/element/f.2D1B8265A78BA1487979886821B0C8C8.d.C3B380B59B37C0C1967029A62D3146BB.e.4932/clear - {}
RESULT: {}
COMMAND: POST /session/e92654ce08529da6aa8a1ad9d55850b5/element/f.2D1B8265A78BA1487979886821B0C8C8.d.C3B380B59B37C0C1967029A62D3146BB.e.4932/value - {"text":"1000"}
COMMAND: GET /session/e92654ce08529da6aa8a1ad9d55850b5/screenshot - {}
RESULT: {"text":"1000"}
COMMAND: GET /session/e92654ce08529da6aa8a1ad9d55850b5/screenshot - {}
RESULT: {}
RESULT: {}
COMMAND: POST /session/e92654ce08529da6aa8a1ad9d55850b5/element - {"using":"xpath","value":"//span[contains(text(), \"1000\")]"}
RESULT: {"using":"xpath","value":"//span[contains(text(), \"1000\")]"}
COMMAND: POST /session/e92654ce08529da6aa8a1ad9d55850b5/element/f.2D1B8265A78BA1487979886821B0C8C8.d.C3B380B59B37C0C1967029A62D3146BB.e.5146/click - {}
RESULT: {}
COMMAND: GET /session/e92654ce08529da6aa8a1ad9d55850b5/screenshot - {}
RESULT: {}
COMMAND: POST /session/e92654ce08529da6aa8a1ad9d55850b5/execute/async - {"script":"<script> [1562 bytes]","args":[{"selector":{"id":"application-managepartners-display-component---NewPartner--btnAddTableRow-img"},"wdio_ui5_key":"applicationmanagepartners-display-component---NewPartner--btnAddTableRow-img"}]}
RESULT: {"script":"<script> [1562 bytes]","args":[{"selector":{"id":"application-managepartners-display-component---NewPartner--btnAddTableRow-img"},"wdio_ui5_key":"applicationmanagepartners-display-component---NewPartner--btnAddTableRow-img"}]}
RESULT: undefined
COMMAND: POST /session/e92654ce08529da6aa8a1ad9d55850b5/element - {"using":"xpath","value":"//*[@id=\"application-managepartners-display-component---NewPartner--btnAddTableRow-img\"]"}
RESULT: {"using":"xpath","value":"//*[@id=\"application-managepartners-display-component---NewPartner--btnAddTableRow-img\"]"}
COMMAND: POST /session/e92654ce08529da6aa8a1ad9d55850b5/element/f.2D1B8265A78BA1487979886821B0C8C8.d.C3B380B59B37C0C1967029A62D3146BB.e.5147/click - {}
RESULT: {}
COMMAND: GET /session/e92654ce08529da6aa8a1ad9d55850b5/screenshot - {}
RESULT: {}
COMMAND: POST /session/e92654ce08529da6aa8a1ad9d55850b5/element - {"using":"xpath","value":"//input[@id=\"application-managepartners-display-component---NewPartner--assignmentYard-application-managepartners-display-component---NewPartner--assignmentsTable-0-inner\"]"}
RESULT: {"using":"xpath","value":"//input[@id=\"application-managepartners-display-component---NewPartner--assignmentYard-application-managepartners-display-component---NewPartner--assignmentsTable-0-inner\"]"}
COMMAND: POST /session/e92654ce08529da6aa8a1ad9d55850b5/element/f.2D1B8265A78BA1487979886821B0C8C8.d.C3B380B59B37C0C1967029A62D3146BB.e.5150/clear - {}
RESULT: {}
COMMAND: POST /session/e92654ce08529da6aa8a1ad9d55850b5/element/f.2D1B8265A78BA1487979886821B0C8C8.d.C3B380B59B37C0C1967029A62D3146BB.e.5150/value - {"text":"650"}
COMMAND: GET /session/e92654ce08529da6aa8a1ad9d55850b5/screenshot - {}
RESULT: {"text":"650"}
COMMAND: GET /session/e92654ce08529da6aa8a1ad9d55850b5/screenshot - {}
RESULT: {}
RESULT: {}
COMMAND: POST /session/e92654ce08529da6aa8a1ad9d55850b5/element - {"using":"xpath","value":"//li[.//span[text()='650']]"}
RESULT: {"using":"xpath","value":"//li[.//span[text()='650']]"}
COMMAND: POST /session/e92654ce08529da6aa8a1ad9d55850b5/element/f.2D1B8265A78BA1487979886821B0C8C8.d.C3B380B59B37C0C1967029A62D3146BB.e.5159/click - {}
RESULT: {}
COMMAND: GET /session/e92654ce08529da6aa8a1ad9d55850b5/screenshot - {}
RESULT: {}
COMMAND: POST /session/e92654ce08529da6aa8a1ad9d55850b5/actions - {"actions":[{"id":"action13","type":"key","parameters":{},"actions":[{"type":"keyDown","value":""},{"type":"pause","duration":10},{"type":"keyUp","value":""}]}]}
RESULT: {"actions":[{"id":"action13","type":"key","parameters":{},"actions":[{"type":"keyDown","value":""},{"type":"pause","duration":10},{"type":"keyUp","value":""}]}]}
COMMAND: POST /session/e92654ce08529da6aa8a1ad9d55850b5/execute/async - {"script":"<script> [1562 bytes]","args":[{"selector":{"id":"application-managepartners-display-component---NewPartner--externalCustomerComboBox-application-managepartners-display-component---NewPartner--assignmentsTable-0-vhi"},"wdio_ui5_key":"applicationmanagepartners-display-component---NewPartner--externalCustomerComboBox-application-managepartners-display-component---NewPartner--assignmentsTable-0-vhi"}]}
COMMAND: GET /session/e92654ce08529da6aa8a1ad9d55850b5/screenshot - {}
RESULT: {"script":"<script> [1562 bytes]","args":[{"selector":{"id":"application-managepartners-display-component---NewPartner--externalCustomerComboBox-application-managepartners-display-component---NewPartner--assignmentsTable-0-vhi"},"wdio_ui5_key":"applicationmanagepartners-display-component---NewPartner--externalCustomerComboBox-application-managepartners-display-component---NewPartner--assignmentsTable-0-vhi"}]}
RESULT: undefined
COMMAND: POST /session/e92654ce08529da6aa8a1ad9d55850b5/element - {"using":"xpath","value":"//*[@id=\"application-managepartners-display-component---NewPartner--externalCustomerComboBox-application-managepartners-display-component---NewPartner--assignmentsTable-0-vhi\"]"}
RESULT: {}
RESULT: {"using":"xpath","value":"//*[@id=\"application-managepartners-display-component---NewPartner--externalCustomerComboBox-application-managepartners-display-component---NewPartner--assignmentsTable-0-vhi\"]"}
COMMAND: POST /session/e92654ce08529da6aa8a1ad9d55850b5/element/f.2D1B8265A78BA1487979886821B0C8C8.d.C3B380B59B37C0C1967029A62D3146BB.e.5163/click - {}
RESULT: {}
RESULT: undefined
COMMAND: POST /session/e92654ce08529da6aa8a1ad9d55850b5/execute/async - {"script":"<script> [776 bytes]","args":[{"enterText":"300003","selector":{"controlType":"sap.m.SearchField","properties":{"placeholder":"Search"},"searchOpenDialogs":true,"interaction":{"idSuffix":"I"}},"clearTextFirst":true,"interactionType":"ENTER_TEXT"}]}
COMMAND: GET /session/e92654ce08529da6aa8a1ad9d55850b5/screenshot - {}
RESULT: {"script":"<script> [776 bytes]","args":[{"enterText":"300003","selector":{"controlType":"sap.m.SearchField","properties":{"placeholder":"Search"},"searchOpenDialogs":true,"interaction":{"idSuffix":"I"}},"clearTextFirst":true,"interactionType":"ENTER_TEXT"}]}
COMMAND: POST /session/e92654ce08529da6aa8a1ad9d55850b5/actions - {"actions":[{"id":"action14","type":"key","parameters":{},"actions":[{"type":"keyDown","value":""},{"type":"pause","duration":10},{"type":"keyUp","value":""}]}]}
RESULT: {}
RESULT: {"actions":[{"id":"action14","type":"key","parameters":{},"actions":[{"type":"keyDown","value":""},{"type":"pause","duration":10},{"type":"keyUp","value":""}]}]}
COMMAND: GET /session/e92654ce08529da6aa8a1ad9d55850b5/screenshot - {}
RESULT: {}
COMMAND: POST /session/e92654ce08529da6aa8a1ad9d55850b5/element - {"using":"xpath","value":"//span[contains(text(), \"300003\")]"}
RESULT: {"using":"xpath","value":"//span[contains(text(), \"300003\")]"}
COMMAND: POST /session/e92654ce08529da6aa8a1ad9d55850b5/element/f.2D1B8265A78BA1487979886821B0C8C8.d.C3B380B59B37C0C1967029A62D3146BB.e.5180/click - {}
RESULT: {}
COMMAND: GET /session/e92654ce08529da6aa8a1ad9d55850b5/screenshot - {}
RESULT: {}
COMMAND: POST /session/e92654ce08529da6aa8a1ad9d55850b5/element - {"using":"xpath","value":"//bdi[contains(text(), \"OK\")]"}
RESULT: {"using":"xpath","value":"//bdi[contains(text(), \"OK\")]"}
COMMAND: POST /session/e92654ce08529da6aa8a1ad9d55850b5/element/f.2D1B8265A78BA1487979886821B0C8C8.d.C3B380B59B37C0C1967029A62D3146BB.e.5182/click - {}
RESULT: {}
COMMAND: GET /session/e92654ce08529da6aa8a1ad9d55850b5/screenshot - {}
RESULT: {}
COMMAND: POST /session/e92654ce08529da6aa8a1ad9d55850b5/execute/async - {"script":"<script> [1562 bytes]","args":[{"selector":{"id":"application-managepartners-display-component---NewPartner--intercompVendorComboBox-application-managepartners-display-component---NewPartner--assignmentsTable-0-vhi"},"wdio_ui5_key":"applicationmanagepartners-display-component---NewPartner--intercompVendorComboBox-application-managepartners-display-component---NewPartner--assignmentsTable-0-vhi"}]}
RESULT: {"script":"<script> [1562 bytes]","args":[{"selector":{"id":"application-managepartners-display-component---NewPartner--intercompVendorComboBox-application-managepartners-display-component---NewPartner--assignmentsTable-0-vhi"},"wdio_ui5_key":"applicationmanagepartners-display-component---NewPartner--intercompVendorComboBox-application-managepartners-display-component---NewPartner--assignmentsTable-0-vhi"}]}
RESULT: undefined
COMMAND: POST /session/e92654ce08529da6aa8a1ad9d55850b5/element - {"using":"xpath","value":"//*[@id=\"application-managepartners-display-component---NewPartner--intercompVendorComboBox-application-managepartners-display-component---NewPartner--assignmentsTable-0-vhi\"]"}
RESULT: {"using":"xpath","value":"//*[@id=\"application-managepartners-display-component---NewPartner--intercompVendorComboBox-application-managepartners-display-component---NewPartner--assignmentsTable-0-vhi\"]"}
COMMAND: POST /session/e92654ce08529da6aa8a1ad9d55850b5/element/f.2D1B8265A78BA1487979886821B0C8C8.d.C3B380B59B37C0C1967029A62D3146BB.e.5185/click - {}
RESULT: {}
RESULT: undefined
COMMAND: POST /session/e92654ce08529da6aa8a1ad9d55850b5/execute/async - {"script":"<script> [776 bytes]","args":[{"enterText":"100005","selector":{"controlType":"sap.m.SearchField","properties":{"placeholder":"Search"},"searchOpenDialogs":true,"interaction":{"idSuffix":"I"}},"clearTextFirst":true,"interactionType":"ENTER_TEXT"}]}
COMMAND: GET /session/e92654ce08529da6aa8a1ad9d55850b5/screenshot - {}
RESULT: {"script":"<script> [776 bytes]","args":[{"enterText":"100005","selector":{"controlType":"sap.m.SearchField","properties":{"placeholder":"Search"},"searchOpenDialogs":true,"interaction":{"idSuffix":"I"}},"clearTextFirst":true,"interactionType":"ENTER_TEXT"}]}
COMMAND: POST /session/e92654ce08529da6aa8a1ad9d55850b5/actions - {"actions":[{"id":"action15","type":"key","parameters":{},"actions":[{"type":"keyDown","value":""},{"type":"pause","duration":10},{"type":"keyUp","value":""}]}]}
RESULT: {}
RESULT: {"actions":[{"id":"action15","type":"key","parameters":{},"actions":[{"type":"keyDown","value":""},{"type":"pause","duration":10},{"type":"keyUp","value":""}]}]}
COMMAND: GET /session/e92654ce08529da6aa8a1ad9d55850b5/screenshot - {}
RESULT: {}
COMMAND: POST /session/e92654ce08529da6aa8a1ad9d55850b5/element - {"using":"xpath","value":"//span[contains(text(), \"Penguins - Field/12345 Berlin\")]"}
RESULT: {"using":"xpath","value":"//span[contains(text(), \"Penguins - Field/12345 Berlin\")]"}
COMMAND: POST /session/e92654ce08529da6aa8a1ad9d55850b5/element/f.2D1B8265A78BA1487979886821B0C8C8.d.C3B380B59B37C0C1967029A62D3146BB.e.5203/click - {}
RESULT: {}
COMMAND: GET /session/e92654ce08529da6aa8a1ad9d55850b5/screenshot - {}
RESULT: {}
COMMAND: POST /session/e92654ce08529da6aa8a1ad9d55850b5/element - {"using":"xpath","value":"//bdi[contains(text(), \"OK\")]"}
RESULT: {"using":"xpath","value":"//bdi[contains(text(), \"OK\")]"}
COMMAND: POST /session/e92654ce08529da6aa8a1ad9d55850b5/element/f.2D1B8265A78BA1487979886821B0C8C8.d.C3B380B59B37C0C1967029A62D3146BB.e.5204/click - {}
RESULT: {}
COMMAND: GET /session/e92654ce08529da6aa8a1ad9d55850b5/screenshot - {}
RESULT: {}
COMMAND: POST /session/e92654ce08529da6aa8a1ad9d55850b5/element - {"using":"xpath","value":"//button[@data-kt=\"saveButton\"]"}
RESULT: {"using":"xpath","value":"//button[@data-kt=\"saveButton\"]"}
COMMAND: POST /session/e92654ce08529da6aa8a1ad9d55850b5/element/f.2D1B8265A78BA1487979886821B0C8C8.d.C3B380B59B37C0C1967029A62D3146BB.e.5055/click - {}
RESULT: {}
COMMAND: GET /session/e92654ce08529da6aa8a1ad9d55850b5/screenshot - {}
RESULT: {}
COMMAND: POST /session/e92654ce08529da6aa8a1ad9d55850b5/element - {"using":"xpath","value":"//header[contains(@id, 'ObjectPageLayout-headerTitle')]/div[1]/div[2]/div[2]/span[1]"}
RESULT: {"using":"xpath","value":"//header[contains(@id, 'ObjectPageLayout-headerTitle')]/div[1]/div[2]/div[2]/span[1]"}
COMMAND: POST /session/e92654ce08529da6aa8a1ad9d55850b5/elements - {"using":"xpath","value":"//header[contains(@id, 'ObjectPageLayout-headerTitle')]/div[1]/div[2]/div[2]/span[1]"}
RESULT: {"using":"xpath","value":"//header[contains(@id, 'ObjectPageLayout-headerTitle')]/div[1]/div[2]/div[2]/span[1]"}
COMMAND: POST /session/e92654ce08529da6aa8a1ad9d55850b5/execute/sync - {"script":"<script> [56 bytes]","args":[{"element-6066-11e4-a52e-4f735466cecf":"f.2D1B8265A78BA1487979886821B0C8C8.d.C3B380B59B37C0C1967029A62D3146BB.e.5369","ELEMENT":"f.2D1B8265A78BA1487979886821B0C8C8.d.C3B380B59B37C0C1967029A62D3146BB.e.5369"}]}
RESULT: {"script":"<script> [56 bytes]","args":[{"element-6066-11e4-a52e-4f735466cecf":"f.2D1B8265A78BA1487979886821B0C8C8.d.C3B380B59B37C0C1967029A62D3146BB.e.5369","ELEMENT":"f.2D1B8265A78BA1487979886821B0C8C8.d.C3B380B59B37C0C1967029A62D3146BB.e.5369"}]}
COMMAND: POST /session/e92654ce08529da6aa8a1ad9d55850b5/element - {"using":"css selector","value":"#shell-header-logo"}
COMMAND: GET /session/e92654ce08529da6aa8a1ad9d55850b5/screenshot - {}
RESULT: {"using":"css selector","value":"#shell-header-logo"}
COMMAND: POST /session/e92654ce08529da6aa8a1ad9d55850b5/element/f.2D1B8265A78BA1487979886821B0C8C8.d.C3B380B59B37C0C1967029A62D3146BB.e.4580/click - {}
RESULT: {}
RESULT: {}
COMMAND: GET /session/e92654ce08529da6aa8a1ad9d55850b5/screenshot - {}
RESULT: {}
COMMAND: POST /session/e92654ce08529da6aa8a1ad9d55850b5/execute/sync - {"script":"<script> [299 bytes]","args":[["getModel","getResource"]]}
RESULT: {"script":"<script> [299 bytes]","args":[["getModel","getResource"]]}
RESULT: undefined
COMMAND: POST /session/e92654ce08529da6aa8a1ad9d55850b5/element - {"using":"xpath","value":"//*[@id=\"__tile30\"]"}
COMMAND: GET /session/e92654ce08529da6aa8a1ad9d55850b5/screenshot - {}
RESULT: {"using":"xpath","value":"//*[@id=\"__tile30\"]"}
COMMAND: POST /session/e92654ce08529da6aa8a1ad9d55850b5/element/f.2D1B8265A78BA1487979886821B0C8C8.d.C3B380B59B37C0C1967029A62D3146BB.e.4500/click - {}
RESULT: {}
RESULT: {}
COMMAND: POST /session/e92654ce08529da6aa8a1ad9d55850b5/element - {"using":"xpath","value":"//button[@data-kt=\"addButton\"]"}
COMMAND: GET /session/e92654ce08529da6aa8a1ad9d55850b5/screenshot - {}
RESULT: {"using":"xpath","value":"//button[@data-kt=\"addButton\"]"}
COMMAND: POST /session/e92654ce08529da6aa8a1ad9d55850b5/elements - {"using":"xpath","value":"//button[@data-kt=\"addButton\"]"}
RESULT: {}
RESULT: {"using":"xpath","value":"//button[@data-kt=\"addButton\"]"}
COMMAND: POST /session/e92654ce08529da6aa8a1ad9d55850b5/elements - {"using":"xpath","value":"//button[@data-kt=\"addButton\"]"}
RESULT: {"using":"xpath","value":"//button[@data-kt=\"addButton\"]"}
COMMAND: POST /session/e92654ce08529da6aa8a1ad9d55850b5/elements - {"using":"xpath","value":"//button[@data-kt=\"addButton\"]"}
RESULT: {"using":"xpath","value":"//button[@data-kt=\"addButton\"]"}
COMMAND: POST /session/e92654ce08529da6aa8a1ad9d55850b5/elements - {"using":"xpath","value":"//button[@data-kt=\"addButton\"]"}
RESULT: {"using":"xpath","value":"//button[@data-kt=\"addButton\"]"}
COMMAND: POST /session/e92654ce08529da6aa8a1ad9d55850b5/elements - {"using":"xpath","value":"//button[@data-kt=\"addButton\"]"}
RESULT: {"using":"xpath","value":"//button[@data-kt=\"addButton\"]"}
COMMAND: POST /session/e92654ce08529da6aa8a1ad9d55850b5/elements - {"using":"xpath","value":"//button[@data-kt=\"addButton\"]"}
RESULT: {"using":"xpath","value":"//button[@data-kt=\"addButton\"]"}
COMMAND: POST /session/e92654ce08529da6aa8a1ad9d55850b5/elements - {"using":"xpath","value":"//button[@data-kt=\"addButton\"]"}
RESULT: {"using":"xpath","value":"//button[@data-kt=\"addButton\"]"}
COMMAND: POST /session/e92654ce08529da6aa8a1ad9d55850b5/elements - {"using":"xpath","value":"//button[@data-kt=\"addButton\"]"}
RESULT: {"using":"xpath","value":"//button[@data-kt=\"addButton\"]"}
COMMAND: POST /session/e92654ce08529da6aa8a1ad9d55850b5/elements - {"using":"xpath","value":"//button[@data-kt=\"addButton\"]"}
RESULT: {"using":"xpath","value":"//button[@data-kt=\"addButton\"]"}
COMMAND: POST /session/e92654ce08529da6aa8a1ad9d55850b5/elements - {"using":"xpath","value":"//button[@data-kt=\"addButton\"]"}
RESULT: {"using":"xpath","value":"//button[@data-kt=\"addButton\"]"}
COMMAND: POST /session/e92654ce08529da6aa8a1ad9d55850b5/elements - {"using":"xpath","value":"//button[@data-kt=\"addButton\"]"}
RESULT: {"using":"xpath","value":"//button[@data-kt=\"addButton\"]"}
COMMAND: POST /session/e92654ce08529da6aa8a1ad9d55850b5/elements - {"using":"xpath","value":"//button[@data-kt=\"addButton\"]"}
RESULT: {"using":"xpath","value":"//button[@data-kt=\"addButton\"]"}
COMMAND: POST /session/e92654ce08529da6aa8a1ad9d55850b5/elements - {"using":"xpath","value":"//button[@data-kt=\"addButton\"]"}
RESULT: {"using":"xpath","value":"//button[@data-kt=\"addButton\"]"}
COMMAND: POST /session/e92654ce08529da6aa8a1ad9d55850b5/elements - {"using":"xpath","value":"//button[@data-kt=\"addButton\"]"}
RESULT: {"using":"xpath","value":"//button[@data-kt=\"addButton\"]"}
COMMAND: POST /session/e92654ce08529da6aa8a1ad9d55850b5/elements - {"using":"xpath","value":"//button[@data-kt=\"addButton\"]"}
RESULT: {"using":"xpath","value":"//button[@data-kt=\"addButton\"]"}
COMMAND: POST /session/e92654ce08529da6aa8a1ad9d55850b5/elements - {"using":"xpath","value":"//button[@data-kt=\"addButton\"]"}
RESULT: {"using":"xpath","value":"//button[@data-kt=\"addButton\"]"}
COMMAND: POST /session/e92654ce08529da6aa8a1ad9d55850b5/element - {"using":"xpath","value":"//button[@data-kt=\"addButton\"]"}
RESULT: {"using":"xpath","value":"//button[@data-kt=\"addButton\"]"}
COMMAND: POST /session/e92654ce08529da6aa8a1ad9d55850b5/execute/sync - {"script":"<script> [8489 bytes]","args":[{"element-6066-11e4-a52e-4f735466cecf":"f.2D1B8265A78BA1487979886821B0C8C8.d.C3B380B59B37C0C1967029A62D3146BB.e.5416","ELEMENT":"f.2D1B8265A78BA1487979886821B0C8C8.d.C3B380B59B37C0C1967029A62D3146BB.e.5416"}]}
RESULT: {"script":"<script> [8489 bytes]","args":[{"element-6066-11e4-a52e-4f735466cecf":"f.2D1B8265A78BA1487979886821B0C8C8.d.C3B380B59B37C0C1967029A62D3146BB.e.5416","ELEMENT":"f.2D1B8265A78BA1487979886821B0C8C8.d.C3B380B59B37C0C1967029A62D3146BB.e.5416"}]}
COMMAND: GET /session/e92654ce08529da6aa8a1ad9d55850b5/element/f.2D1B8265A78BA1487979886821B0C8C8.d.C3B380B59B37C0C1967029A62D3146BB.e.5416/enabled - {}
COMMAND: GET /session/e92654ce08529da6aa8a1ad9d55850b5/screenshot - {}
RESULT: {}
COMMAND: POST /session/e92654ce08529da6aa8a1ad9d55850b5/execute/sync - {"script":"<script> [8489 bytes]","args":[{"element-6066-11e4-a52e-4f735466cecf":"f.2D1B8265A78BA1487979886821B0C8C8.d.C3B380B59B37C0C1967029A62D3146BB.e.5416","ELEMENT":"f.2D1B8265A78BA1487979886821B0C8C8.d.C3B380B59B37C0C1967029A62D3146BB.e.5416"}]}
COMMAND: GET /session/e92654ce08529da6aa8a1ad9d55850b5/screenshot - {}
RESULT: {}
RESULT: {"script":"<script> [8489 bytes]","args":[{"element-6066-11e4-a52e-4f735466cecf":"f.2D1B8265A78BA1487979886821B0C8C8.d.C3B380B59B37C0C1967029A62D3146BB.e.5416","ELEMENT":"f.2D1B8265A78BA1487979886821B0C8C8.d.C3B380B59B37C0C1967029A62D3146BB.e.5416"}]}
COMMAND: POST /session/e92654ce08529da6aa8a1ad9d55850b5/execute/sync - {"script":"<script> [5351 bytes]","args":[{"element-6066-11e4-a52e-4f735466cecf":"f.2D1B8265A78BA1487979886821B0C8C8.d.C3B380B59B37C0C1967029A62D3146BB.e.5416","ELEMENT":"f.2D1B8265A78BA1487979886821B0C8C8.d.C3B380B59B37C0C1967029A62D3146BB.e.5416"}]}
COMMAND: GET /session/e92654ce08529da6aa8a1ad9d55850b5/screenshot - {}
RESULT: {}
RESULT: {"script":"<script> [5351 bytes]","args":[{"element-6066-11e4-a52e-4f735466cecf":"f.2D1B8265A78BA1487979886821B0C8C8.d.C3B380B59B37C0C1967029A62D3146BB.e.5416","ELEMENT":"f.2D1B8265A78BA1487979886821B0C8C8.d.C3B380B59B37C0C1967029A62D3146BB.e.5416"}]}
COMMAND: GET /session/e92654ce08529da6aa8a1ad9d55850b5/screenshot - {}
RESULT: {}
RESULT: {}
COMMAND: POST /session/e92654ce08529da6aa8a1ad9d55850b5/execute/async - {"script":"<script> [1562 bytes]","args":[{"selector":{"id":"application-managepartners-display-component---masterPtm--smartFilterBar-btnBasicSearch","interaction":{"idSuffix":"I"}},"wdio_ui5_key":"applicationmanagepartners-display-component---masterPtm--smartFilterBar-btnBasicSearch"}]}
RESULT: {"script":"<script> [1562 bytes]","args":[{"selector":{"id":"application-managepartners-display-component---masterPtm--smartFilterBar-btnBasicSearch","interaction":{"idSuffix":"I"}},"wdio_ui5_key":"applicationmanagepartners-display-component---masterPtm--smartFilterBar-btnBasicSearch"}]}
RESULT: undefined
COMMAND: POST /session/e92654ce08529da6aa8a1ad9d55850b5/execute/async - {"script":"<script> [776 bytes]","args":[{"enterText":"1510","selector":{"id":"application-managepartners-display-component---masterPtm--smartFilterBar-btnBasicSearch","interaction":{"idSuffix":"I"}},"clearTextFirst":true,"interactionType":"ENTER_TEXT"}]}
RESULT: {"script":"<script> [776 bytes]","args":[{"enterText":"1510","selector":{"id":"application-managepartners-display-component---masterPtm--smartFilterBar-btnBasicSearch","interaction":{"idSuffix":"I"}},"clearTextFirst":true,"interactionType":"ENTER_TEXT"}]}
COMMAND: POST /session/e92654ce08529da6aa8a1ad9d55850b5/actions - {"actions":[{"id":"action16","type":"key","parameters":{},"actions":[{"type":"keyDown","value":""},{"type":"pause","duration":10},{"type":"keyUp","value":""}]}]}
RESULT: {"actions":[{"id":"action16","type":"key","parameters":{},"actions":[{"type":"keyDown","value":""},{"type":"pause","duration":10},{"type":"keyUp","value":""}]}]}
COMMAND: GET /session/e92654ce08529da6aa8a1ad9d55850b5/screenshot - {}
RESULT: {}
COMMAND: POST /session/e92654ce08529da6aa8a1ad9d55850b5/elements - {"using":"xpath","value":"//table[contains(@id, \"customPartnersTable-listUl\")]/tbody/tr"}
RESULT: {"using":"xpath","value":"//table[contains(@id, \"customPartnersTable-listUl\")]/tbody/tr"}
COMMAND: POST /session/e92654ce08529da6aa8a1ad9d55850b5/element - {"using":"xpath","value":"//table[contains(@id, \"customPartnersTable-listUl\")]/tbody/tr[1]/td[3]/span"}
RESULT: {"using":"xpath","value":"//table[contains(@id, \"customPartnersTable-listUl\")]/tbody/tr[1]/td[3]/span"}
COMMAND: POST /session/e92654ce08529da6aa8a1ad9d55850b5/elements - {"using":"xpath","value":"//table[contains(@id, \"customPartnersTable-listUl\")]/tbody/tr[1]/td[3]/span"}
RESULT: {"using":"xpath","value":"//table[contains(@id, \"customPartnersTable-listUl\")]/tbody/tr[1]/td[3]/span"}
COMMAND: POST /session/e92654ce08529da6aa8a1ad9d55850b5/execute/sync - {"script":"<script> [56 bytes]","args":[{"element-6066-11e4-a52e-4f735466cecf":"f.2D1B8265A78BA1487979886821B0C8C8.d.C3B380B59B37C0C1967029A62D3146BB.e.5551","ELEMENT":"f.2D1B8265A78BA1487979886821B0C8C8.d.C3B380B59B37C0C1967029A62D3146BB.e.5551"}]}
RESULT: {"script":"<script> [56 bytes]","args":[{"element-6066-11e4-a52e-4f735466cecf":"f.2D1B8265A78BA1487979886821B0C8C8.d.C3B380B59B37C0C1967029A62D3146BB.e.5551","ELEMENT":"f.2D1B8265A78BA1487979886821B0C8C8.d.C3B380B59B37C0C1967029A62D3146BB.e.5551"}]}
COMMAND: POST /session/e92654ce08529da6aa8a1ad9d55850b5/element - {"using":"xpath","value":"(//span[contains(@id, \"imgNav\")])[1]"}
COMMAND: GET /session/e92654ce08529da6aa8a1ad9d55850b5/screenshot - {}
RESULT: {"using":"xpath","value":"(//span[contains(@id, \"imgNav\")])[1]"}
COMMAND: POST /session/e92654ce08529da6aa8a1ad9d55850b5/element/f.2D1B8265A78BA1487979886821B0C8C8.d.C3B380B59B37C0C1967029A62D3146BB.e.5549/click - {}
RESULT: {}
RESULT: {}
COMMAND: GET /session/e92654ce08529da6aa8a1ad9d55850b5/screenshot - {}
RESULT: {}
COMMAND: POST /session/e92654ce08529da6aa8a1ad9d55850b5/element - {"using":"xpath","value":"//bdi[contains(text(), \"Edit\")]"}
RESULT: {"using":"xpath","value":"//bdi[contains(text(), \"Edit\")]"}
COMMAND: POST /session/e92654ce08529da6aa8a1ad9d55850b5/element/f.2D1B8265A78BA1487979886821B0C8C8.d.C3B380B59B37C0C1967029A62D3146BB.e.5686/click - {}
RESULT: {}
COMMAND: GET /session/e92654ce08529da6aa8a1ad9d55850b5/screenshot - {}
RESULT: {}
COMMAND: POST /session/e92654ce08529da6aa8a1ad9d55850b5/execute/async - {"script":"<script> [1562 bytes]","args":[{"selector":{"controlType":"sap.m.Input","viewName":"etm.portal.ui.managepartners.view.EditDetail","labelFor":{"text":"Name"},"interaction":{"idSuffix":"inner"}},"wdio_ui5_key":"etmportal.ui.managepartners.view.EditDetailsap.m.Input{\"text\":\"Name\"}"}]}
RESULT: {"script":"<script> [1562 bytes]","args":[{"selector":{"controlType":"sap.m.Input","viewName":"etm.portal.ui.managepartners.view.EditDetail","labelFor":{"text":"Name"},"interaction":{"idSuffix":"inner"}},"wdio_ui5_key":"etmportal.ui.managepartners.view.EditDetailsap.m.Input{\"text\":\"Name\"}"}]}
RESULT: undefined
COMMAND: POST /session/e92654ce08529da6aa8a1ad9d55850b5/execute/async - {"script":"<script> [776 bytes]","args":[{"enterText":"Intracompany EDIT","selector":{"controlType":"sap.m.Input","viewName":"etm.portal.ui.managepartners.view.EditDetail","labelFor":{"text":"Name"},"interaction":{"idSuffix":"inner"}},"clearTextFirst":true,"interactionType":"ENTER_TEXT"}]}
RESULT: {"script":"<script> [776 bytes]","args":[{"enterText":"Intracompany EDIT","selector":{"controlType":"sap.m.Input","viewName":"etm.portal.ui.managepartners.view.EditDetail","labelFor":{"text":"Name"},"interaction":{"idSuffix":"inner"}},"clearTextFirst":true,"interactionType":"ENTER_TEXT"}]}
COMMAND: POST /session/e92654ce08529da6aa8a1ad9d55850b5/element - {"using":"xpath","value":"(//span[contains(@id,\"addressDetailDetailsLanguage-arrow\")])[1]"}
RESULT: {"using":"xpath","value":"(//span[contains(@id,\"addressDetailDetailsLanguage-arrow\")])[1]"}
COMMAND: POST /session/e92654ce08529da6aa8a1ad9d55850b5/element/f.2D1B8265A78BA1487979886821B0C8C8.d.C3B380B59B37C0C1967029A62D3146BB.e.5770/click - {}
RESULT: {}
COMMAND: POST /session/e92654ce08529da6aa8a1ad9d55850b5/element - {"using":"xpath","value":"//span[contains(text(), \"Chinese\")]"}
COMMAND: GET /session/e92654ce08529da6aa8a1ad9d55850b5/screenshot - {}
RESULT: {"using":"xpath","value":"//span[contains(text(), \"Chinese\")]"}
COMMAND: POST /session/e92654ce08529da6aa8a1ad9d55850b5/element/f.2D1B8265A78BA1487979886821B0C8C8.d.C3B380B59B37C0C1967029A62D3146BB.e.5771/click - {}
RESULT: {}
RESULT: {}
COMMAND: GET /session/e92654ce08529da6aa8a1ad9d55850b5/screenshot - {}
RESULT: {}
COMMAND: POST /session/e92654ce08529da6aa8a1ad9d55850b5/execute/async - {"script":"<script> [1562 bytes]","args":[{"selector":{"controlType":"sap.m.Input","viewName":"etm.portal.ui.managepartners.view.EditDetail","labelFor":{"text":"City"},"interaction":{"idSuffix":"inner"}},"wdio_ui5_key":"etmportal.ui.managepartners.view.EditDetailsap.m.Input{\"text\":\"City\"}"}]}
RESULT: {"script":"<script> [1562 bytes]","args":[{"selector":{"controlType":"sap.m.Input","viewName":"etm.portal.ui.managepartners.view.EditDetail","labelFor":{"text":"City"},"interaction":{"idSuffix":"inner"}},"wdio_ui5_key":"etmportal.ui.managepartners.view.EditDetailsap.m.Input{\"text\":\"City\"}"}]}
RESULT: undefined
COMMAND: POST /session/e92654ce08529da6aa8a1ad9d55850b5/execute/async - {"script":"<script> [776 bytes]","args":[{"enterText":"Clooj-Napoca","selector":{"controlType":"sap.m.Input","viewName":"etm.portal.ui.managepartners.view.EditDetail","labelFor":{"text":"City"},"interaction":{"idSuffix":"inner"}},"clearTextFirst":true,"interactionType":"ENTER_TEXT"}]}
RESULT: {"script":"<script> [776 bytes]","args":[{"enterText":"Clooj-Napoca","selector":{"controlType":"sap.m.Input","viewName":"etm.portal.ui.managepartners.view.EditDetail","labelFor":{"text":"City"},"interaction":{"idSuffix":"inner"}},"clearTextFirst":true,"interactionType":"ENTER_TEXT"}]}
COMMAND: POST /session/e92654ce08529da6aa8a1ad9d55850b5/element - {"using":"xpath","value":"//button[@data-kt=\"saveButton\"]"}
RESULT: {"using":"xpath","value":"//button[@data-kt=\"saveButton\"]"}
COMMAND: POST /session/e92654ce08529da6aa8a1ad9d55850b5/element/f.2D1B8265A78BA1487979886821B0C8C8.d.C3B380B59B37C0C1967029A62D3146BB.e.5748/click - {}
RESULT: {}
COMMAND: GET /session/e92654ce08529da6aa8a1ad9d55850b5/screenshot - {}
RESULT: {}
COMMAND: POST /session/e92654ce08529da6aa8a1ad9d55850b5/execute/async - {"script":"<script> [1562 bytes]","args":[{"selector":{"id":"application-managepartners-display-component---detailPtm--addressDetailDetailsName1"},"wdio_ui5_key":"applicationmanagepartners-display-component---detailPtm--addressDetailDetailsName1"}]}
RESULT: {"script":"<script> [1562 bytes]","args":[{"selector":{"id":"application-managepartners-display-component---detailPtm--addressDetailDetailsName1"},"wdio_ui5_key":"applicationmanagepartners-display-component---detailPtm--addressDetailDetailsName1"}]}
RESULT: undefined
COMMAND: POST /session/e92654ce08529da6aa8a1ad9d55850b5/execute/async - {"script":"<script> [6424 bytes]","args":[{"element-6066-11e4-a52e-4f735466cecf":"f.2D1B8265A78BA1487979886821B0C8C8.d.C3B380B59B37C0C1967029A62D3146BB.e.5802"},"getValue",[]]}
RESULT: {"script":"<script> [6424 bytes]","args":[{"element-6066-11e4-a52e-4f735466cecf":"f.2D1B8265A78BA1487979886821B0C8C8.d.C3B380B59B37C0C1967029A62D3146BB.e.5802"},"getValue",[]]}
COMMAND: POST /session/e92654ce08529da6aa8a1ad9d55850b5/element - {"using":"xpath","value":"//input[@id = \"application-managepartners-display-component---detailPtm--addressDetailDetailsLanguage-inner\"]"}
RESULT: {"using":"xpath","value":"//input[@id = \"application-managepartners-display-component---detailPtm--addressDetailDetailsLanguage-inner\"]"}
COMMAND: GET /session/e92654ce08529da6aa8a1ad9d55850b5/element/f.2D1B8265A78BA1487979886821B0C8C8.d.C3B380B59B37C0C1967029A62D3146BB.e.5803/property/value - {}
RESULT: {}
COMMAND: POST /session/e92654ce08529da6aa8a1ad9d55850b5/execute/async - {"script":"<script> [1562 bytes]","args":[{"selector":{"id":"application-managepartners-display-component---detailPtm--addressDetailDetailsCity1"},"wdio_ui5_key":"applicationmanagepartners-display-component---detailPtm--addressDetailDetailsCity1"}]}
COMMAND: GET /session/e92654ce08529da6aa8a1ad9d55850b5/screenshot - {}
RESULT: {"script":"<script> [1562 bytes]","args":[{"selector":{"id":"application-managepartners-display-component---detailPtm--addressDetailDetailsCity1"},"wdio_ui5_key":"applicationmanagepartners-display-component---detailPtm--addressDetailDetailsCity1"}]}
RESULT: undefined
COMMAND: POST /session/e92654ce08529da6aa8a1ad9d55850b5/execute/async - {"script":"<script> [6424 bytes]","args":[{"element-6066-11e4-a52e-4f735466cecf":"f.2D1B8265A78BA1487979886821B0C8C8.d.C3B380B59B37C0C1967029A62D3146BB.e.5804"},"getValue",[]]}
RESULT: {}
RESULT: {"script":"<script> [6424 bytes]","args":[{"element-6066-11e4-a52e-4f735466cecf":"f.2D1B8265A78BA1487979886821B0C8C8.d.C3B380B59B37C0C1967029A62D3146BB.e.5804"},"getValue",[]]}
COMMAND: POST /session/e92654ce08529da6aa8a1ad9d55850b5/element - {"using":"css selector","value":"#shell-header-logo"}
RESULT: {"using":"css selector","value":"#shell-header-logo"}
COMMAND: POST /session/e92654ce08529da6aa8a1ad9d55850b5/element/f.2D1B8265A78BA1487979886821B0C8C8.d.C3B380B59B37C0C1967029A62D3146BB.e.5372/click - {}
RESULT: {}
COMMAND: GET /session/e92654ce08529da6aa8a1ad9d55850b5/screenshot - {}
RESULT: {}
]]></system-out>
    </testcase>
    <testcase classname="chrome.135_0_7049_42.windows.Partner_specific_tests_US150819_US151080_US151654_US151176_US103444_US151078_US151079_US151109_US151174_US151175_US151189" name="Should do filtering and navigation tests US151109" time="147.817">
      <system-out><![CDATA[
COMMAND: POST /session/e92654ce08529da6aa8a1ad9d55850b5/element - {"using":"xpath","value":"//li[.//span[text()=\"Manage Partners\"]]"}
RESULT: {"using":"xpath","value":"//li[.//span[text()=\"Manage Partners\"]]"}
COMMAND: POST /session/e92654ce08529da6aa8a1ad9d55850b5/element - {"using":"xpath","value":"//li[.//span[text()=\"Manage Partners\"]]"}
RESULT: {"using":"xpath","value":"//li[.//span[text()=\"Manage Partners\"]]"}
COMMAND: POST /session/e92654ce08529da6aa8a1ad9d55850b5/element - {"using":"css selector","value":"#shell-header-logo"}
RESULT: {"using":"css selector","value":"#shell-header-logo"}
COMMAND: POST /session/e92654ce08529da6aa8a1ad9d55850b5/element/f.2D1B8265A78BA1487979886821B0C8C8.d.C3B380B59B37C0C1967029A62D3146BB.e.5834/click - {}
COMMAND: POST /session/e92654ce08529da6aa8a1ad9d55850b5/execute/sync - {"script":"<script> [8489 bytes]","args":[{"element-6066-11e4-a52e-4f735466cecf":"f.2D1B8265A78BA1487979886821B0C8C8.d.C3B380B59B37C0C1967029A62D3146BB.e.5834","ELEMENT":"f.2D1B8265A78BA1487979886821B0C8C8.d.C3B380B59B37C0C1967029A62D3146BB.e.5834"}]}
RESULT: {}
COMMAND: GET /session/e92654ce08529da6aa8a1ad9d55850b5/screenshot - {}
RESULT: {"script":"<script> [8489 bytes]","args":[{"element-6066-11e4-a52e-4f735466cecf":"f.2D1B8265A78BA1487979886821B0C8C8.d.C3B380B59B37C0C1967029A62D3146BB.e.5834","ELEMENT":"f.2D1B8265A78BA1487979886821B0C8C8.d.C3B380B59B37C0C1967029A62D3146BB.e.5834"}]}
COMMAND: POST /session/e92654ce08529da6aa8a1ad9d55850b5/execute/sync - {"script":"<script> [5351 bytes]","args":[{"element-6066-11e4-a52e-4f735466cecf":"f.2D1B8265A78BA1487979886821B0C8C8.d.C3B380B59B37C0C1967029A62D3146BB.e.5834","ELEMENT":"f.2D1B8265A78BA1487979886821B0C8C8.d.C3B380B59B37C0C1967029A62D3146BB.e.5834"}]}
COMMAND: GET /session/e92654ce08529da6aa8a1ad9d55850b5/screenshot - {}
RESULT: {}
RESULT: {"script":"<script> [5351 bytes]","args":[{"element-6066-11e4-a52e-4f735466cecf":"f.2D1B8265A78BA1487979886821B0C8C8.d.C3B380B59B37C0C1967029A62D3146BB.e.5834","ELEMENT":"f.2D1B8265A78BA1487979886821B0C8C8.d.C3B380B59B37C0C1967029A62D3146BB.e.5834"}]}
COMMAND: GET /session/e92654ce08529da6aa8a1ad9d55850b5/screenshot - {}
RESULT: {}
RESULT: {}
RESULT: undefined
COMMAND: POST /session/e92654ce08529da6aa8a1ad9d55850b5/element - {"using":"xpath","value":"//*[@id=\"__tile30\"]"}
RESULT: {"using":"xpath","value":"//*[@id=\"__tile30\"]"}
COMMAND: POST /session/e92654ce08529da6aa8a1ad9d55850b5/element/f.2D1B8265A78BA1487979886821B0C8C8.d.C3B380B59B37C0C1967029A62D3146BB.e.4500/click - {}
RESULT: {}
COMMAND: POST /session/e92654ce08529da6aa8a1ad9d55850b5/element - {"using":"xpath","value":"//button[@data-kt=\"addButton\"]"}
COMMAND: GET /session/e92654ce08529da6aa8a1ad9d55850b5/screenshot - {}
RESULT: {"using":"xpath","value":"//button[@data-kt=\"addButton\"]"}
COMMAND: POST /session/e92654ce08529da6aa8a1ad9d55850b5/elements - {"using":"xpath","value":"//button[@data-kt=\"addButton\"]"}
RESULT: {}
RESULT: {"using":"xpath","value":"//button[@data-kt=\"addButton\"]"}
COMMAND: POST /session/e92654ce08529da6aa8a1ad9d55850b5/elements - {"using":"xpath","value":"//button[@data-kt=\"addButton\"]"}
RESULT: {"using":"xpath","value":"//button[@data-kt=\"addButton\"]"}
COMMAND: POST /session/e92654ce08529da6aa8a1ad9d55850b5/elements - {"using":"xpath","value":"//button[@data-kt=\"addButton\"]"}
RESULT: {"using":"xpath","value":"//button[@data-kt=\"addButton\"]"}
COMMAND: POST /session/e92654ce08529da6aa8a1ad9d55850b5/elements - {"using":"xpath","value":"//button[@data-kt=\"addButton\"]"}
RESULT: {"using":"xpath","value":"//button[@data-kt=\"addButton\"]"}
COMMAND: POST /session/e92654ce08529da6aa8a1ad9d55850b5/element - {"using":"xpath","value":"//button[@data-kt=\"addButton\"]"}
RESULT: {"using":"xpath","value":"//button[@data-kt=\"addButton\"]"}
COMMAND: POST /session/e92654ce08529da6aa8a1ad9d55850b5/execute/sync - {"script":"<script> [8489 bytes]","args":[{"element-6066-11e4-a52e-4f735466cecf":"f.2D1B8265A78BA1487979886821B0C8C8.d.C3B380B59B37C0C1967029A62D3146BB.e.5869","ELEMENT":"f.2D1B8265A78BA1487979886821B0C8C8.d.C3B380B59B37C0C1967029A62D3146BB.e.5869"}]}
RESULT: {"script":"<script> [8489 bytes]","args":[{"element-6066-11e4-a52e-4f735466cecf":"f.2D1B8265A78BA1487979886821B0C8C8.d.C3B380B59B37C0C1967029A62D3146BB.e.5869","ELEMENT":"f.2D1B8265A78BA1487979886821B0C8C8.d.C3B380B59B37C0C1967029A62D3146BB.e.5869"}]}
COMMAND: GET /session/e92654ce08529da6aa8a1ad9d55850b5/element/f.2D1B8265A78BA1487979886821B0C8C8.d.C3B380B59B37C0C1967029A62D3146BB.e.5869/enabled - {}
COMMAND: GET /session/e92654ce08529da6aa8a1ad9d55850b5/screenshot - {}
RESULT: {}
COMMAND: POST /session/e92654ce08529da6aa8a1ad9d55850b5/execute/sync - {"script":"<script> [8489 bytes]","args":[{"element-6066-11e4-a52e-4f735466cecf":"f.2D1B8265A78BA1487979886821B0C8C8.d.C3B380B59B37C0C1967029A62D3146BB.e.5869","ELEMENT":"f.2D1B8265A78BA1487979886821B0C8C8.d.C3B380B59B37C0C1967029A62D3146BB.e.5869"}]}
COMMAND: GET /session/e92654ce08529da6aa8a1ad9d55850b5/screenshot - {}
RESULT: {}
RESULT: {"script":"<script> [8489 bytes]","args":[{"element-6066-11e4-a52e-4f735466cecf":"f.2D1B8265A78BA1487979886821B0C8C8.d.C3B380B59B37C0C1967029A62D3146BB.e.5869","ELEMENT":"f.2D1B8265A78BA1487979886821B0C8C8.d.C3B380B59B37C0C1967029A62D3146BB.e.5869"}]}
COMMAND: POST /session/e92654ce08529da6aa8a1ad9d55850b5/execute/sync - {"script":"<script> [5351 bytes]","args":[{"element-6066-11e4-a52e-4f735466cecf":"f.2D1B8265A78BA1487979886821B0C8C8.d.C3B380B59B37C0C1967029A62D3146BB.e.5869","ELEMENT":"f.2D1B8265A78BA1487979886821B0C8C8.d.C3B380B59B37C0C1967029A62D3146BB.e.5869"}]}
COMMAND: GET /session/e92654ce08529da6aa8a1ad9d55850b5/screenshot - {}
RESULT: {}
RESULT: {"script":"<script> [5351 bytes]","args":[{"element-6066-11e4-a52e-4f735466cecf":"f.2D1B8265A78BA1487979886821B0C8C8.d.C3B380B59B37C0C1967029A62D3146BB.e.5869","ELEMENT":"f.2D1B8265A78BA1487979886821B0C8C8.d.C3B380B59B37C0C1967029A62D3146BB.e.5869"}]}
COMMAND: GET /session/e92654ce08529da6aa8a1ad9d55850b5/screenshot - {}
RESULT: {}
RESULT: {}
COMMAND: POST /session/e92654ce08529da6aa8a1ad9d55850b5/element - {"using":"xpath","value":"//span[@id=\"application-managepartners-display-component---masterPtm--smartTable-header-inner\"]"}
RESULT: {"using":"xpath","value":"//span[@id=\"application-managepartners-display-component---masterPtm--smartTable-header-inner\"]"}
COMMAND: POST /session/e92654ce08529da6aa8a1ad9d55850b5/elements - {"using":"xpath","value":"//span[@id=\"application-managepartners-display-component---masterPtm--smartTable-header-inner\"]"}
RESULT: {"using":"xpath","value":"//span[@id=\"application-managepartners-display-component---masterPtm--smartTable-header-inner\"]"}
COMMAND: POST /session/e92654ce08529da6aa8a1ad9d55850b5/execute/sync - {"script":"<script> [56 bytes]","args":[{"element-6066-11e4-a52e-4f735466cecf":"f.2D1B8265A78BA1487979886821B0C8C8.d.C3B380B59B37C0C1967029A62D3146BB.e.6007","ELEMENT":"f.2D1B8265A78BA1487979886821B0C8C8.d.C3B380B59B37C0C1967029A62D3146BB.e.6007"}]}
RESULT: {"script":"<script> [56 bytes]","args":[{"element-6066-11e4-a52e-4f735466cecf":"f.2D1B8265A78BA1487979886821B0C8C8.d.C3B380B59B37C0C1967029A62D3146BB.e.6007","ELEMENT":"f.2D1B8265A78BA1487979886821B0C8C8.d.C3B380B59B37C0C1967029A62D3146BB.e.6007"}]}
RESULT: undefined
COMMAND: POST /session/e92654ce08529da6aa8a1ad9d55850b5/execute/async - {"script":"<script> [776 bytes]","args":[{"enterText":"External Partner WDIO","selector":{"id":"application-managepartners-display-component---masterPtm--smartFilterBar-btnBasicSearch","interaction":{"idSuffix":"I"}},"clearTextFirst":true,"interactionType":"ENTER_TEXT"}]}
COMMAND: GET /session/e92654ce08529da6aa8a1ad9d55850b5/screenshot - {}
RESULT: {"script":"<script> [776 bytes]","args":[{"enterText":"External Partner WDIO","selector":{"id":"application-managepartners-display-component---masterPtm--smartFilterBar-btnBasicSearch","interaction":{"idSuffix":"I"}},"clearTextFirst":true,"interactionType":"ENTER_TEXT"}]}
RESULT: {}
COMMAND: POST /session/e92654ce08529da6aa8a1ad9d55850b5/actions - {"actions":[{"id":"action17","type":"key","parameters":{},"actions":[{"type":"keyDown","value":""},{"type":"pause","duration":10},{"type":"keyUp","value":""}]}]}
RESULT: {"actions":[{"id":"action17","type":"key","parameters":{},"actions":[{"type":"keyDown","value":""},{"type":"pause","duration":10},{"type":"keyUp","value":""}]}]}
COMMAND: GET /session/e92654ce08529da6aa8a1ad9d55850b5/screenshot - {}
RESULT: {}
COMMAND: POST /session/e92654ce08529da6aa8a1ad9d55850b5/element - {"using":"xpath","value":"//span[@id=\"application-managepartners-display-component---masterPtm--smartTable-header-inner\"]"}
RESULT: {"using":"xpath","value":"//span[@id=\"application-managepartners-display-component---masterPtm--smartTable-header-inner\"]"}
COMMAND: POST /session/e92654ce08529da6aa8a1ad9d55850b5/elements - {"using":"xpath","value":"//span[@id=\"application-managepartners-display-component---masterPtm--smartTable-header-inner\"]"}
RESULT: {"using":"xpath","value":"//span[@id=\"application-managepartners-display-component---masterPtm--smartTable-header-inner\"]"}
COMMAND: POST /session/e92654ce08529da6aa8a1ad9d55850b5/execute/sync - {"script":"<script> [56 bytes]","args":[{"element-6066-11e4-a52e-4f735466cecf":"f.2D1B8265A78BA1487979886821B0C8C8.d.C3B380B59B37C0C1967029A62D3146BB.e.6007","ELEMENT":"f.2D1B8265A78BA1487979886821B0C8C8.d.C3B380B59B37C0C1967029A62D3146BB.e.6007"}]}
RESULT: {"script":"<script> [56 bytes]","args":[{"element-6066-11e4-a52e-4f735466cecf":"f.2D1B8265A78BA1487979886821B0C8C8.d.C3B380B59B37C0C1967029A62D3146BB.e.6007","ELEMENT":"f.2D1B8265A78BA1487979886821B0C8C8.d.C3B380B59B37C0C1967029A62D3146BB.e.6007"}]}
COMMAND: POST /session/e92654ce08529da6aa8a1ad9d55850b5/element - {"using":"xpath","value":"//div[contains(@id, \"managepartners-display-component---masterPtm--smartFilterBar-btnBasicSearch-reset\")]"}
COMMAND: GET /session/e92654ce08529da6aa8a1ad9d55850b5/screenshot - {}
RESULT: {"using":"xpath","value":"//div[contains(@id, \"managepartners-display-component---masterPtm--smartFilterBar-btnBasicSearch-reset\")]"}
COMMAND: POST /session/e92654ce08529da6aa8a1ad9d55850b5/element/f.2D1B8265A78BA1487979886821B0C8C8.d.C3B380B59B37C0C1967029A62D3146BB.e.6090/click - {}
RESULT: {}
RESULT: {}
COMMAND: GET /session/e92654ce08529da6aa8a1ad9d55850b5/screenshot - {}
RESULT: {}
COMMAND: POST /session/e92654ce08529da6aa8a1ad9d55850b5/execute/async - {"script":"<script> [1562 bytes]","args":[{"selector":{"id":"application-managepartners-display-component---masterPtm--smartFilterBar-filterItemControl_BASIC-MAIN_ADDRESS-vhi"},"wdio_ui5_key":"applicationmanagepartners-display-component---masterPtm--smartFilterBar-filterItemControl_BASIC-MAIN_ADDRESS-vhi"}]}
RESULT: {"script":"<script> [1562 bytes]","args":[{"selector":{"id":"application-managepartners-display-component---masterPtm--smartFilterBar-filterItemControl_BASIC-MAIN_ADDRESS-vhi"},"wdio_ui5_key":"applicationmanagepartners-display-component---masterPtm--smartFilterBar-filterItemControl_BASIC-MAIN_ADDRESS-vhi"}]}
RESULT: undefined
COMMAND: POST /session/e92654ce08529da6aa8a1ad9d55850b5/element - {"using":"xpath","value":"//*[@id=\"application-managepartners-display-component---masterPtm--smartFilterBar-filterItemControl_BASIC-MAIN_ADDRESS-vhi\"]"}
RESULT: {"using":"xpath","value":"//*[@id=\"application-managepartners-display-component---masterPtm--smartFilterBar-filterItemControl_BASIC-MAIN_ADDRESS-vhi\"]"}
COMMAND: POST /session/e92654ce08529da6aa8a1ad9d55850b5/element/f.2D1B8265A78BA1487979886821B0C8C8.d.C3B380B59B37C0C1967029A62D3146BB.e.6173/click - {}
RESULT: {}
COMMAND: GET /session/e92654ce08529da6aa8a1ad9d55850b5/screenshot - {}
RESULT: {}
COMMAND: POST /session/e92654ce08529da6aa8a1ad9d55850b5/execute/async - {"script":"<script> [1562 bytes]","args":[{"selector":{"id":"application-managepartners-display-component---masterPtm--smartFilterBar-filterItemControl_BASIC-MAIN_ADDRESS-valueHelpDialog-smartFilterBar-btnBasicSearch","searchOpenDialogs":true,"interaction":{"idSuffix":"I"}},"wdio_ui5_key":"applicationmanagepartners-display-component---masterPtm--smartFilterBar-filterItemControl_BASIC-MAIN_ADDRESS-valueHelpDialog-smartFilterBar-btnBasicSearch"}]}
RESULT: {"script":"<script> [1562 bytes]","args":[{"selector":{"id":"application-managepartners-display-component---masterPtm--smartFilterBar-filterItemControl_BASIC-MAIN_ADDRESS-valueHelpDialog-smartFilterBar-btnBasicSearch","searchOpenDialogs":true,"interaction":{"idSuffix":"I"}},"wdio_ui5_key":"applicationmanagepartners-display-component---masterPtm--smartFilterBar-filterItemControl_BASIC-MAIN_ADDRESS-valueHelpDialog-smartFilterBar-btnBasicSearch"}]}
RESULT: undefined
COMMAND: POST /session/e92654ce08529da6aa8a1ad9d55850b5/execute/async - {"script":"<script> [776 bytes]","args":[{"enterText":"Romania","selector":{"id":"application-managepartners-display-component---masterPtm--smartFilterBar-filterItemControl_BASIC-MAIN_ADDRESS-valueHelpDialog-smartFilterBar-btnBasicSearch","searchOpenDialogs":true,"interaction":{"idSuffix":"I"}},"clearTextFirst":true,"interactionType":"ENTER_TEXT"}]}
RESULT: {"script":"<script> [776 bytes]","args":[{"enterText":"Romania","selector":{"id":"application-managepartners-display-component---masterPtm--smartFilterBar-filterItemControl_BASIC-MAIN_ADDRESS-valueHelpDialog-smartFilterBar-btnBasicSearch","searchOpenDialogs":true,"interaction":{"idSuffix":"I"}},"clearTextFirst":true,"interactionType":"ENTER_TEXT"}]}
COMMAND: POST /session/e92654ce08529da6aa8a1ad9d55850b5/actions - {"actions":[{"id":"action18","type":"key","parameters":{},"actions":[{"type":"keyDown","value":""},{"type":"pause","duration":10},{"type":"keyUp","value":""}]}]}
RESULT: {"actions":[{"id":"action18","type":"key","parameters":{},"actions":[{"type":"keyDown","value":""},{"type":"pause","duration":10},{"type":"keyUp","value":""}]}]}
COMMAND: POST /session/e92654ce08529da6aa8a1ad9d55850b5/elements - {"using":"xpath","value":"//table[contains(@id, \"smartFilterBar-filterItemControl_BASIC-MAIN_ADDRESS-valueHelpDialog-table-table\")]/tbody/tr"}
COMMAND: GET /session/e92654ce08529da6aa8a1ad9d55850b5/screenshot - {}
RESULT: {"using":"xpath","value":"//table[contains(@id, \"smartFilterBar-filterItemControl_BASIC-MAIN_ADDRESS-valueHelpDialog-table-table\")]/tbody/tr"}
COMMAND: POST /session/e92654ce08529da6aa8a1ad9d55850b5/element - {"using":"xpath","value":"//table[contains(@id, \"smartFilterBar-filterItemControl_BASIC-MAIN_ADDRESS-valueHelpDialog-table-table\")]/tbody/tr[1]/td[1]/div/span"}
RESULT: {}
RESULT: {"using":"xpath","value":"//table[contains(@id, \"smartFilterBar-filterItemControl_BASIC-MAIN_ADDRESS-valueHelpDialog-table-table\")]/tbody/tr[1]/td[1]/div/span"}
COMMAND: POST /session/e92654ce08529da6aa8a1ad9d55850b5/elements - {"using":"xpath","value":"//table[contains(@id, \"smartFilterBar-filterItemControl_BASIC-MAIN_ADDRESS-valueHelpDialog-table-table\")]/tbody/tr[1]/td[1]/div/span"}
RESULT: {"using":"xpath","value":"//table[contains(@id, \"smartFilterBar-filterItemControl_BASIC-MAIN_ADDRESS-valueHelpDialog-table-table\")]/tbody/tr[1]/td[1]/div/span"}
COMMAND: POST /session/e92654ce08529da6aa8a1ad9d55850b5/execute/sync - {"script":"<script> [56 bytes]","args":[{"element-6066-11e4-a52e-4f735466cecf":"f.2D1B8265A78BA1487979886821B0C8C8.d.C3B380B59B37C0C1967029A62D3146BB.e.6194","ELEMENT":"f.2D1B8265A78BA1487979886821B0C8C8.d.C3B380B59B37C0C1967029A62D3146BB.e.6194"}]}
RESULT: {"script":"<script> [56 bytes]","args":[{"element-6066-11e4-a52e-4f735466cecf":"f.2D1B8265A78BA1487979886821B0C8C8.d.C3B380B59B37C0C1967029A62D3146BB.e.6194","ELEMENT":"f.2D1B8265A78BA1487979886821B0C8C8.d.C3B380B59B37C0C1967029A62D3146BB.e.6194"}]}
COMMAND: POST /session/e92654ce08529da6aa8a1ad9d55850b5/element - {"using":"xpath","value":"//div[contains(@id, \"filterItemControl_BASIC-MAIN_ADDRESS-valueHelpDialog-table-rowsel0\")]"}
COMMAND: GET /session/e92654ce08529da6aa8a1ad9d55850b5/screenshot - {}
RESULT: {"using":"xpath","value":"//div[contains(@id, \"filterItemControl_BASIC-MAIN_ADDRESS-valueHelpDialog-table-rowsel0\")]"}
COMMAND: POST /session/e92654ce08529da6aa8a1ad9d55850b5/element/f.2D1B8265A78BA1487979886821B0C8C8.d.C3B380B59B37C0C1967029A62D3146BB.e.6195/click - {}
RESULT: {}
RESULT: {}
COMMAND: GET /session/e92654ce08529da6aa8a1ad9d55850b5/screenshot - {}
RESULT: {}
COMMAND: POST /session/e92654ce08529da6aa8a1ad9d55850b5/element - {"using":"xpath","value":"(//bdi[contains(text(), \"OK\")])[1]"}
RESULT: {"using":"xpath","value":"(//bdi[contains(text(), \"OK\")])[1]"}
COMMAND: POST /session/e92654ce08529da6aa8a1ad9d55850b5/element/f.2D1B8265A78BA1487979886821B0C8C8.d.C3B380B59B37C0C1967029A62D3146BB.e.6197/click - {}
RESULT: {}
COMMAND: GET /session/e92654ce08529da6aa8a1ad9d55850b5/screenshot - {}
RESULT: {}
COMMAND: POST /session/e92654ce08529da6aa8a1ad9d55850b5/element - {"using":"xpath","value":"//span[@id=\"application-managepartners-display-component---masterPtm--smartTable-header-inner\"]"}
RESULT: {"using":"xpath","value":"//span[@id=\"application-managepartners-display-component---masterPtm--smartTable-header-inner\"]"}
COMMAND: POST /session/e92654ce08529da6aa8a1ad9d55850b5/elements - {"using":"xpath","value":"//span[@id=\"application-managepartners-display-component---masterPtm--smartTable-header-inner\"]"}
RESULT: {"using":"xpath","value":"//span[@id=\"application-managepartners-display-component---masterPtm--smartTable-header-inner\"]"}
COMMAND: POST /session/e92654ce08529da6aa8a1ad9d55850b5/execute/sync - {"script":"<script> [56 bytes]","args":[{"element-6066-11e4-a52e-4f735466cecf":"f.2D1B8265A78BA1487979886821B0C8C8.d.C3B380B59B37C0C1967029A62D3146BB.e.6007","ELEMENT":"f.2D1B8265A78BA1487979886821B0C8C8.d.C3B380B59B37C0C1967029A62D3146BB.e.6007"}]}
RESULT: {"script":"<script> [56 bytes]","args":[{"element-6066-11e4-a52e-4f735466cecf":"f.2D1B8265A78BA1487979886821B0C8C8.d.C3B380B59B37C0C1967029A62D3146BB.e.6007","ELEMENT":"f.2D1B8265A78BA1487979886821B0C8C8.d.C3B380B59B37C0C1967029A62D3146BB.e.6007"}]}
COMMAND: POST /session/e92654ce08529da6aa8a1ad9d55850b5/element - {"using":"xpath","value":"//span[contains(@title, \"Remove\")]"}
COMMAND: GET /session/e92654ce08529da6aa8a1ad9d55850b5/screenshot - {}
RESULT: {"using":"xpath","value":"//span[contains(@title, \"Remove\")]"}
COMMAND: POST /session/e92654ce08529da6aa8a1ad9d55850b5/element/f.2D1B8265A78BA1487979886821B0C8C8.d.C3B380B59B37C0C1967029A62D3146BB.e.6210/click - {}
RESULT: {}
RESULT: {}
COMMAND: GET /session/e92654ce08529da6aa8a1ad9d55850b5/screenshot - {}
RESULT: {}
COMMAND: POST /session/e92654ce08529da6aa8a1ad9d55850b5/element - {"using":"xpath","value":"//span[@id=\"application-managepartners-display-component---masterPtm--smartTable-header-inner\"]"}
RESULT: {"using":"xpath","value":"//span[@id=\"application-managepartners-display-component---masterPtm--smartTable-header-inner\"]"}
COMMAND: POST /session/e92654ce08529da6aa8a1ad9d55850b5/elements - {"using":"xpath","value":"//span[@id=\"application-managepartners-display-component---masterPtm--smartTable-header-inner\"]"}
RESULT: {"using":"xpath","value":"//span[@id=\"application-managepartners-display-component---masterPtm--smartTable-header-inner\"]"}
COMMAND: POST /session/e92654ce08529da6aa8a1ad9d55850b5/execute/sync - {"script":"<script> [56 bytes]","args":[{"element-6066-11e4-a52e-4f735466cecf":"f.2D1B8265A78BA1487979886821B0C8C8.d.C3B380B59B37C0C1967029A62D3146BB.e.6007","ELEMENT":"f.2D1B8265A78BA1487979886821B0C8C8.d.C3B380B59B37C0C1967029A62D3146BB.e.6007"}]}
RESULT: {"script":"<script> [56 bytes]","args":[{"element-6066-11e4-a52e-4f735466cecf":"f.2D1B8265A78BA1487979886821B0C8C8.d.C3B380B59B37C0C1967029A62D3146BB.e.6007","ELEMENT":"f.2D1B8265A78BA1487979886821B0C8C8.d.C3B380B59B37C0C1967029A62D3146BB.e.6007"}]}
COMMAND: POST /session/e92654ce08529da6aa8a1ad9d55850b5/execute/async - {"script":"<script> [1562 bytes]","args":[{"selector":{"id":"application-managepartners-display-component---masterPtm--smartFilterBar-filterItemControl_BASIC-YARD-vhi"},"wdio_ui5_key":"applicationmanagepartners-display-component---masterPtm--smartFilterBar-filterItemControl_BASIC-YARD-vhi"}]}
COMMAND: GET /session/e92654ce08529da6aa8a1ad9d55850b5/screenshot - {}
RESULT: {"script":"<script> [1562 bytes]","args":[{"selector":{"id":"application-managepartners-display-component---masterPtm--smartFilterBar-filterItemControl_BASIC-YARD-vhi"},"wdio_ui5_key":"applicationmanagepartners-display-component---masterPtm--smartFilterBar-filterItemControl_BASIC-YARD-vhi"}]}
RESULT: undefined
COMMAND: POST /session/e92654ce08529da6aa8a1ad9d55850b5/element - {"using":"xpath","value":"//*[@id=\"application-managepartners-display-component---masterPtm--smartFilterBar-filterItemControl_BASIC-YARD-vhi\"]"}
RESULT: {}
RESULT: {"using":"xpath","value":"//*[@id=\"application-managepartners-display-component---masterPtm--smartFilterBar-filterItemControl_BASIC-YARD-vhi\"]"}
COMMAND: POST /session/e92654ce08529da6aa8a1ad9d55850b5/element/f.2D1B8265A78BA1487979886821B0C8C8.d.C3B380B59B37C0C1967029A62D3146BB.e.6317/click - {}
RESULT: {}
COMMAND: GET /session/e92654ce08529da6aa8a1ad9d55850b5/screenshot - {}
RESULT: {}
COMMAND: POST /session/e92654ce08529da6aa8a1ad9d55850b5/execute/async - {"script":"<script> [1562 bytes]","args":[{"selector":{"id":"application-managepartners-display-component---masterPtm--smartFilterBar-filterItemControl_BASIC-YARD-valueHelpDialog-smartFilterBar-btnBasicSearch","searchOpenDialogs":true,"interaction":{"idSuffix":"I"}},"wdio_ui5_key":"applicationmanagepartners-display-component---masterPtm--smartFilterBar-filterItemControl_BASIC-YARD-valueHelpDialog-smartFilterBar-btnBasicSearch"}]}
RESULT: {"script":"<script> [1562 bytes]","args":[{"selector":{"id":"application-managepartners-display-component---masterPtm--smartFilterBar-filterItemControl_BASIC-YARD-valueHelpDialog-smartFilterBar-btnBasicSearch","searchOpenDialogs":true,"interaction":{"idSuffix":"I"}},"wdio_ui5_key":"applicationmanagepartners-display-component---masterPtm--smartFilterBar-filterItemControl_BASIC-YARD-valueHelpDialog-smartFilterBar-btnBasicSearch"}]}
RESULT: undefined
COMMAND: POST /session/e92654ce08529da6aa8a1ad9d55850b5/execute/async - {"script":"<script> [776 bytes]","args":[{"enterText":"Test","selector":{"id":"application-managepartners-display-component---masterPtm--smartFilterBar-filterItemControl_BASIC-YARD-valueHelpDialog-smartFilterBar-btnBasicSearch","searchOpenDialogs":true,"interaction":{"idSuffix":"I"}},"clearTextFirst":true,"interactionType":"ENTER_TEXT"}]}
RESULT: {"script":"<script> [776 bytes]","args":[{"enterText":"Test","selector":{"id":"application-managepartners-display-component---masterPtm--smartFilterBar-filterItemControl_BASIC-YARD-valueHelpDialog-smartFilterBar-btnBasicSearch","searchOpenDialogs":true,"interaction":{"idSuffix":"I"}},"clearTextFirst":true,"interactionType":"ENTER_TEXT"}]}
COMMAND: POST /session/e92654ce08529da6aa8a1ad9d55850b5/actions - {"actions":[{"id":"action19","type":"key","parameters":{},"actions":[{"type":"keyDown","value":""},{"type":"pause","duration":10},{"type":"keyUp","value":""}]}]}
RESULT: {"actions":[{"id":"action19","type":"key","parameters":{},"actions":[{"type":"keyDown","value":""},{"type":"pause","duration":10},{"type":"keyUp","value":""}]}]}
COMMAND: POST /session/e92654ce08529da6aa8a1ad9d55850b5/elements - {"using":"xpath","value":"//table[contains(@id, \"smartFilterBar-filterItemControl_BASIC-YARD-valueHelpDialog-table-table\")]/tbody/tr"}
COMMAND: GET /session/e92654ce08529da6aa8a1ad9d55850b5/screenshot - {}
RESULT: {"using":"xpath","value":"//table[contains(@id, \"smartFilterBar-filterItemControl_BASIC-YARD-valueHelpDialog-table-table\")]/tbody/tr"}
COMMAND: POST /session/e92654ce08529da6aa8a1ad9d55850b5/element - {"using":"xpath","value":"//table[contains(@id, \"smartFilterBar-filterItemControl_BASIC-YARD-valueHelpDialog-table-table\")]/tbody/tr[1]/td[1]/div/span"}
RESULT: {}
RESULT: {"using":"xpath","value":"//table[contains(@id, \"smartFilterBar-filterItemControl_BASIC-YARD-valueHelpDialog-table-table\")]/tbody/tr[1]/td[1]/div/span"}
COMMAND: POST /session/e92654ce08529da6aa8a1ad9d55850b5/elements - {"using":"xpath","value":"//table[contains(@id, \"smartFilterBar-filterItemControl_BASIC-YARD-valueHelpDialog-table-table\")]/tbody/tr[1]/td[1]/div/span"}
RESULT: {"using":"xpath","value":"//table[contains(@id, \"smartFilterBar-filterItemControl_BASIC-YARD-valueHelpDialog-table-table\")]/tbody/tr[1]/td[1]/div/span"}
COMMAND: POST /session/e92654ce08529da6aa8a1ad9d55850b5/execute/sync - {"script":"<script> [56 bytes]","args":[{"element-6066-11e4-a52e-4f735466cecf":"f.2D1B8265A78BA1487979886821B0C8C8.d.C3B380B59B37C0C1967029A62D3146BB.e.6338","ELEMENT":"f.2D1B8265A78BA1487979886821B0C8C8.d.C3B380B59B37C0C1967029A62D3146BB.e.6338"}]}
RESULT: {"script":"<script> [56 bytes]","args":[{"element-6066-11e4-a52e-4f735466cecf":"f.2D1B8265A78BA1487979886821B0C8C8.d.C3B380B59B37C0C1967029A62D3146BB.e.6338","ELEMENT":"f.2D1B8265A78BA1487979886821B0C8C8.d.C3B380B59B37C0C1967029A62D3146BB.e.6338"}]}
COMMAND: POST /session/e92654ce08529da6aa8a1ad9d55850b5/element - {"using":"xpath","value":"//table[contains(@id, \"smartFilterBar-filterItemControl_BASIC-YARD-valueHelpDialog-table-table\")]/tbody/tr[2]/td[1]/div/span"}
COMMAND: GET /session/e92654ce08529da6aa8a1ad9d55850b5/screenshot - {}
RESULT: {"using":"xpath","value":"//table[contains(@id, \"smartFilterBar-filterItemControl_BASIC-YARD-valueHelpDialog-table-table\")]/tbody/tr[2]/td[1]/div/span"}
COMMAND: POST /session/e92654ce08529da6aa8a1ad9d55850b5/elements - {"using":"xpath","value":"//table[contains(@id, \"smartFilterBar-filterItemControl_BASIC-YARD-valueHelpDialog-table-table\")]/tbody/tr[2]/td[1]/div/span"}
RESULT: {}
RESULT: {"using":"xpath","value":"//table[contains(@id, \"smartFilterBar-filterItemControl_BASIC-YARD-valueHelpDialog-table-table\")]/tbody/tr[2]/td[1]/div/span"}
COMMAND: POST /session/e92654ce08529da6aa8a1ad9d55850b5/execute/sync - {"script":"<script> [56 bytes]","args":[{"element-6066-11e4-a52e-4f735466cecf":"f.2D1B8265A78BA1487979886821B0C8C8.d.C3B380B59B37C0C1967029A62D3146BB.e.6339","ELEMENT":"f.2D1B8265A78BA1487979886821B0C8C8.d.C3B380B59B37C0C1967029A62D3146BB.e.6339"}]}
RESULT: {"script":"<script> [56 bytes]","args":[{"element-6066-11e4-a52e-4f735466cecf":"f.2D1B8265A78BA1487979886821B0C8C8.d.C3B380B59B37C0C1967029A62D3146BB.e.6339","ELEMENT":"f.2D1B8265A78BA1487979886821B0C8C8.d.C3B380B59B37C0C1967029A62D3146BB.e.6339"}]}
COMMAND: POST /session/e92654ce08529da6aa8a1ad9d55850b5/element - {"using":"xpath","value":"//table[contains(@id, \"smartFilterBar-filterItemControl_BASIC-YARD-valueHelpDialog-table-table\")]/tbody/tr[3]/td[1]/div/span"}
COMMAND: GET /session/e92654ce08529da6aa8a1ad9d55850b5/screenshot - {}
RESULT: {"using":"xpath","value":"//table[contains(@id, \"smartFilterBar-filterItemControl_BASIC-YARD-valueHelpDialog-table-table\")]/tbody/tr[3]/td[1]/div/span"}
COMMAND: POST /session/e92654ce08529da6aa8a1ad9d55850b5/elements - {"using":"xpath","value":"//table[contains(@id, \"smartFilterBar-filterItemControl_BASIC-YARD-valueHelpDialog-table-table\")]/tbody/tr[3]/td[1]/div/span"}
RESULT: {}
RESULT: {"using":"xpath","value":"//table[contains(@id, \"smartFilterBar-filterItemControl_BASIC-YARD-valueHelpDialog-table-table\")]/tbody/tr[3]/td[1]/div/span"}
COMMAND: POST /session/e92654ce08529da6aa8a1ad9d55850b5/execute/sync - {"script":"<script> [56 bytes]","args":[{"element-6066-11e4-a52e-4f735466cecf":"f.2D1B8265A78BA1487979886821B0C8C8.d.C3B380B59B37C0C1967029A62D3146BB.e.6340","ELEMENT":"f.2D1B8265A78BA1487979886821B0C8C8.d.C3B380B59B37C0C1967029A62D3146BB.e.6340"}]}
RESULT: {"script":"<script> [56 bytes]","args":[{"element-6066-11e4-a52e-4f735466cecf":"f.2D1B8265A78BA1487979886821B0C8C8.d.C3B380B59B37C0C1967029A62D3146BB.e.6340","ELEMENT":"f.2D1B8265A78BA1487979886821B0C8C8.d.C3B380B59B37C0C1967029A62D3146BB.e.6340"}]}
COMMAND: POST /session/e92654ce08529da6aa8a1ad9d55850b5/element - {"using":"xpath","value":"//div[contains(@id, \"filterItemControl_BASIC-YARD-valueHelpDialog-table-rowsel2\")]"}
COMMAND: GET /session/e92654ce08529da6aa8a1ad9d55850b5/screenshot - {}
RESULT: {"using":"xpath","value":"//div[contains(@id, \"filterItemControl_BASIC-YARD-valueHelpDialog-table-rowsel2\")]"}
COMMAND: POST /session/e92654ce08529da6aa8a1ad9d55850b5/element/f.2D1B8265A78BA1487979886821B0C8C8.d.C3B380B59B37C0C1967029A62D3146BB.e.6341/click - {}
RESULT: {}
RESULT: {}
COMMAND: GET /session/e92654ce08529da6aa8a1ad9d55850b5/screenshot - {}
RESULT: {}
COMMAND: POST /session/e92654ce08529da6aa8a1ad9d55850b5/element - {"using":"xpath","value":"(//bdi[contains(text(), \"OK\")])[1]"}
RESULT: {"using":"xpath","value":"(//bdi[contains(text(), \"OK\")])[1]"}
COMMAND: POST /session/e92654ce08529da6aa8a1ad9d55850b5/element/f.2D1B8265A78BA1487979886821B0C8C8.d.C3B380B59B37C0C1967029A62D3146BB.e.6343/click - {}
RESULT: {}
COMMAND: GET /session/e92654ce08529da6aa8a1ad9d55850b5/screenshot - {}
RESULT: {}
COMMAND: POST /session/e92654ce08529da6aa8a1ad9d55850b5/element - {"using":"xpath","value":"//span[@id=\"application-managepartners-display-component---masterPtm--smartTable-header-inner\"]"}
RESULT: {"using":"xpath","value":"//span[@id=\"application-managepartners-display-component---masterPtm--smartTable-header-inner\"]"}
COMMAND: POST /session/e92654ce08529da6aa8a1ad9d55850b5/elements - {"using":"xpath","value":"//span[@id=\"application-managepartners-display-component---masterPtm--smartTable-header-inner\"]"}
RESULT: {"using":"xpath","value":"//span[@id=\"application-managepartners-display-component---masterPtm--smartTable-header-inner\"]"}
COMMAND: POST /session/e92654ce08529da6aa8a1ad9d55850b5/execute/sync - {"script":"<script> [56 bytes]","args":[{"element-6066-11e4-a52e-4f735466cecf":"f.2D1B8265A78BA1487979886821B0C8C8.d.C3B380B59B37C0C1967029A62D3146BB.e.6007","ELEMENT":"f.2D1B8265A78BA1487979886821B0C8C8.d.C3B380B59B37C0C1967029A62D3146BB.e.6007"}]}
RESULT: {"script":"<script> [56 bytes]","args":[{"element-6066-11e4-a52e-4f735466cecf":"f.2D1B8265A78BA1487979886821B0C8C8.d.C3B380B59B37C0C1967029A62D3146BB.e.6007","ELEMENT":"f.2D1B8265A78BA1487979886821B0C8C8.d.C3B380B59B37C0C1967029A62D3146BB.e.6007"}]}
COMMAND: POST /session/e92654ce08529da6aa8a1ad9d55850b5/element - {"using":"xpath","value":"//span[contains(@title, \"Remove\")]"}
COMMAND: GET /session/e92654ce08529da6aa8a1ad9d55850b5/screenshot - {}
RESULT: {"using":"xpath","value":"//span[contains(@title, \"Remove\")]"}
COMMAND: POST /session/e92654ce08529da6aa8a1ad9d55850b5/element/f.2D1B8265A78BA1487979886821B0C8C8.d.C3B380B59B37C0C1967029A62D3146BB.e.6357/click - {}
RESULT: {}
RESULT: {}
COMMAND: GET /session/e92654ce08529da6aa8a1ad9d55850b5/screenshot - {}
RESULT: {}
COMMAND: POST /session/e92654ce08529da6aa8a1ad9d55850b5/element - {"using":"xpath","value":"//span[@id=\"application-managepartners-display-component---masterPtm--smartTable-header-inner\"]"}
RESULT: {"using":"xpath","value":"//span[@id=\"application-managepartners-display-component---masterPtm--smartTable-header-inner\"]"}
COMMAND: POST /session/e92654ce08529da6aa8a1ad9d55850b5/elements - {"using":"xpath","value":"//span[@id=\"application-managepartners-display-component---masterPtm--smartTable-header-inner\"]"}
RESULT: {"using":"xpath","value":"//span[@id=\"application-managepartners-display-component---masterPtm--smartTable-header-inner\"]"}
COMMAND: POST /session/e92654ce08529da6aa8a1ad9d55850b5/execute/sync - {"script":"<script> [56 bytes]","args":[{"element-6066-11e4-a52e-4f735466cecf":"f.2D1B8265A78BA1487979886821B0C8C8.d.C3B380B59B37C0C1967029A62D3146BB.e.6007","ELEMENT":"f.2D1B8265A78BA1487979886821B0C8C8.d.C3B380B59B37C0C1967029A62D3146BB.e.6007"}]}
RESULT: {"script":"<script> [56 bytes]","args":[{"element-6066-11e4-a52e-4f735466cecf":"f.2D1B8265A78BA1487979886821B0C8C8.d.C3B380B59B37C0C1967029A62D3146BB.e.6007","ELEMENT":"f.2D1B8265A78BA1487979886821B0C8C8.d.C3B380B59B37C0C1967029A62D3146BB.e.6007"}]}
COMMAND: POST /session/e92654ce08529da6aa8a1ad9d55850b5/execute/async - {"script":"<script> [1562 bytes]","args":[{"selector":{"id":"application-managepartners-display-component---masterPtm--smartFilterBar-filterItemControl_BASIC-ALL_TAGS-vhi"},"wdio_ui5_key":"applicationmanagepartners-display-component---masterPtm--smartFilterBar-filterItemControl_BASIC-ALL_TAGS-vhi"}]}
COMMAND: GET /session/e92654ce08529da6aa8a1ad9d55850b5/screenshot - {}
RESULT: {"script":"<script> [1562 bytes]","args":[{"selector":{"id":"application-managepartners-display-component---masterPtm--smartFilterBar-filterItemControl_BASIC-ALL_TAGS-vhi"},"wdio_ui5_key":"applicationmanagepartners-display-component---masterPtm--smartFilterBar-filterItemControl_BASIC-ALL_TAGS-vhi"}]}
RESULT: undefined
COMMAND: POST /session/e92654ce08529da6aa8a1ad9d55850b5/element - {"using":"xpath","value":"//*[@id=\"application-managepartners-display-component---masterPtm--smartFilterBar-filterItemControl_BASIC-ALL_TAGS-vhi\"]"}
RESULT: {}
RESULT: {"using":"xpath","value":"//*[@id=\"application-managepartners-display-component---masterPtm--smartFilterBar-filterItemControl_BASIC-ALL_TAGS-vhi\"]"}
COMMAND: POST /session/e92654ce08529da6aa8a1ad9d55850b5/element/f.2D1B8265A78BA1487979886821B0C8C8.d.C3B380B59B37C0C1967029A62D3146BB.e.6461/click - {}
RESULT: {}
COMMAND: GET /session/e92654ce08529da6aa8a1ad9d55850b5/screenshot - {}
RESULT: {}
COMMAND: POST /session/e92654ce08529da6aa8a1ad9d55850b5/execute/async - {"script":"<script> [1562 bytes]","args":[{"selector":{"id":"application-managepartners-display-component---masterPtm--smartFilterBar-filterItemControl_BASIC-ALL_TAGS-valueHelpDialog-smartFilterBar-btnBasicSearch","searchOpenDialogs":true,"interaction":{"idSuffix":"I"}},"wdio_ui5_key":"applicationmanagepartners-display-component---masterPtm--smartFilterBar-filterItemControl_BASIC-ALL_TAGS-valueHelpDialog-smartFilterBar-btnBasicSearch"}]}
RESULT: {"script":"<script> [1562 bytes]","args":[{"selector":{"id":"application-managepartners-display-component---masterPtm--smartFilterBar-filterItemControl_BASIC-ALL_TAGS-valueHelpDialog-smartFilterBar-btnBasicSearch","searchOpenDialogs":true,"interaction":{"idSuffix":"I"}},"wdio_ui5_key":"applicationmanagepartners-display-component---masterPtm--smartFilterBar-filterItemControl_BASIC-ALL_TAGS-valueHelpDialog-smartFilterBar-btnBasicSearch"}]}
RESULT: undefined
COMMAND: POST /session/e92654ce08529da6aa8a1ad9d55850b5/execute/async - {"script":"<script> [776 bytes]","args":[{"enterText":"test-tag-1","selector":{"id":"application-managepartners-display-component---masterPtm--smartFilterBar-filterItemControl_BASIC-ALL_TAGS-valueHelpDialog-smartFilterBar-btnBasicSearch","searchOpenDialogs":true,"interaction":{"idSuffix":"I"}},"clearTextFirst":true,"interactionType":"ENTER_TEXT"}]}
RESULT: {"script":"<script> [776 bytes]","args":[{"enterText":"test-tag-1","selector":{"id":"application-managepartners-display-component---masterPtm--smartFilterBar-filterItemControl_BASIC-ALL_TAGS-valueHelpDialog-smartFilterBar-btnBasicSearch","searchOpenDialogs":true,"interaction":{"idSuffix":"I"}},"clearTextFirst":true,"interactionType":"ENTER_TEXT"}]}
COMMAND: POST /session/e92654ce08529da6aa8a1ad9d55850b5/actions - {"actions":[{"id":"action20","type":"key","parameters":{},"actions":[{"type":"keyDown","value":""},{"type":"pause","duration":10},{"type":"keyUp","value":""}]}]}
RESULT: {"actions":[{"id":"action20","type":"key","parameters":{},"actions":[{"type":"keyDown","value":""},{"type":"pause","duration":10},{"type":"keyUp","value":""}]}]}
COMMAND: POST /session/e92654ce08529da6aa8a1ad9d55850b5/elements - {"using":"xpath","value":"//table[contains(@id, \"smartFilterBar-filterItemControl_BASIC-ALL_TAGS-valueHelpDialog-table-table\")]/tbody/tr"}
COMMAND: GET /session/e92654ce08529da6aa8a1ad9d55850b5/screenshot - {}
RESULT: {"using":"xpath","value":"//table[contains(@id, \"smartFilterBar-filterItemControl_BASIC-ALL_TAGS-valueHelpDialog-table-table\")]/tbody/tr"}
COMMAND: POST /session/e92654ce08529da6aa8a1ad9d55850b5/element - {"using":"xpath","value":"//table[contains(@id, \"smartFilterBar-filterItemControl_BASIC-ALL_TAGS-valueHelpDialog-table-table\")]/tbody/tr[1]/td[1]/div/span"}
RESULT: {}
RESULT: {"using":"xpath","value":"//table[contains(@id, \"smartFilterBar-filterItemControl_BASIC-ALL_TAGS-valueHelpDialog-table-table\")]/tbody/tr[1]/td[1]/div/span"}
COMMAND: POST /session/e92654ce08529da6aa8a1ad9d55850b5/elements - {"using":"xpath","value":"//table[contains(@id, \"smartFilterBar-filterItemControl_BASIC-ALL_TAGS-valueHelpDialog-table-table\")]/tbody/tr[1]/td[1]/div/span"}
RESULT: {"using":"xpath","value":"//table[contains(@id, \"smartFilterBar-filterItemControl_BASIC-ALL_TAGS-valueHelpDialog-table-table\")]/tbody/tr[1]/td[1]/div/span"}
COMMAND: POST /session/e92654ce08529da6aa8a1ad9d55850b5/execute/sync - {"script":"<script> [56 bytes]","args":[{"element-6066-11e4-a52e-4f735466cecf":"f.2D1B8265A78BA1487979886821B0C8C8.d.C3B380B59B37C0C1967029A62D3146BB.e.6482","ELEMENT":"f.2D1B8265A78BA1487979886821B0C8C8.d.C3B380B59B37C0C1967029A62D3146BB.e.6482"}]}
RESULT: {"script":"<script> [56 bytes]","args":[{"element-6066-11e4-a52e-4f735466cecf":"f.2D1B8265A78BA1487979886821B0C8C8.d.C3B380B59B37C0C1967029A62D3146BB.e.6482","ELEMENT":"f.2D1B8265A78BA1487979886821B0C8C8.d.C3B380B59B37C0C1967029A62D3146BB.e.6482"}]}
COMMAND: POST /session/e92654ce08529da6aa8a1ad9d55850b5/element - {"using":"xpath","value":"//div[contains(@id, \"filterItemControl_BASIC-ALL_TAGS-valueHelpDialog-table-rowsel0\")]"}
COMMAND: GET /session/e92654ce08529da6aa8a1ad9d55850b5/screenshot - {}
RESULT: {"using":"xpath","value":"//div[contains(@id, \"filterItemControl_BASIC-ALL_TAGS-valueHelpDialog-table-rowsel0\")]"}
COMMAND: POST /session/e92654ce08529da6aa8a1ad9d55850b5/element/f.2D1B8265A78BA1487979886821B0C8C8.d.C3B380B59B37C0C1967029A62D3146BB.e.6483/click - {}
RESULT: {}
RESULT: {}
COMMAND: GET /session/e92654ce08529da6aa8a1ad9d55850b5/screenshot - {}
RESULT: {}
COMMAND: POST /session/e92654ce08529da6aa8a1ad9d55850b5/element - {"using":"xpath","value":"(//bdi[contains(text(), \"OK\")])[1]"}
RESULT: {"using":"xpath","value":"(//bdi[contains(text(), \"OK\")])[1]"}
COMMAND: POST /session/e92654ce08529da6aa8a1ad9d55850b5/element/f.2D1B8265A78BA1487979886821B0C8C8.d.C3B380B59B37C0C1967029A62D3146BB.e.6485/click - {}
RESULT: {}
COMMAND: GET /session/e92654ce08529da6aa8a1ad9d55850b5/screenshot - {}
RESULT: {}
COMMAND: POST /session/e92654ce08529da6aa8a1ad9d55850b5/element - {"using":"xpath","value":"//span[@id=\"application-managepartners-display-component---masterPtm--smartTable-header-inner\"]"}
RESULT: {"using":"xpath","value":"//span[@id=\"application-managepartners-display-component---masterPtm--smartTable-header-inner\"]"}
COMMAND: POST /session/e92654ce08529da6aa8a1ad9d55850b5/elements - {"using":"xpath","value":"//span[@id=\"application-managepartners-display-component---masterPtm--smartTable-header-inner\"]"}
RESULT: {"using":"xpath","value":"//span[@id=\"application-managepartners-display-component---masterPtm--smartTable-header-inner\"]"}
COMMAND: POST /session/e92654ce08529da6aa8a1ad9d55850b5/execute/sync - {"script":"<script> [56 bytes]","args":[{"element-6066-11e4-a52e-4f735466cecf":"f.2D1B8265A78BA1487979886821B0C8C8.d.C3B380B59B37C0C1967029A62D3146BB.e.6007","ELEMENT":"f.2D1B8265A78BA1487979886821B0C8C8.d.C3B380B59B37C0C1967029A62D3146BB.e.6007"}]}
RESULT: {"script":"<script> [56 bytes]","args":[{"element-6066-11e4-a52e-4f735466cecf":"f.2D1B8265A78BA1487979886821B0C8C8.d.C3B380B59B37C0C1967029A62D3146BB.e.6007","ELEMENT":"f.2D1B8265A78BA1487979886821B0C8C8.d.C3B380B59B37C0C1967029A62D3146BB.e.6007"}]}
COMMAND: POST /session/e92654ce08529da6aa8a1ad9d55850b5/element - {"using":"xpath","value":"//span[contains(@title, \"Remove\")]"}
COMMAND: GET /session/e92654ce08529da6aa8a1ad9d55850b5/screenshot - {}
RESULT: {"using":"xpath","value":"//span[contains(@title, \"Remove\")]"}
COMMAND: POST /session/e92654ce08529da6aa8a1ad9d55850b5/element/f.2D1B8265A78BA1487979886821B0C8C8.d.C3B380B59B37C0C1967029A62D3146BB.e.6507/click - {}
RESULT: {}
RESULT: {}
COMMAND: GET /session/e92654ce08529da6aa8a1ad9d55850b5/screenshot - {}
RESULT: {}
COMMAND: POST /session/e92654ce08529da6aa8a1ad9d55850b5/execute/async - {"script":"<script> [1562 bytes]","args":[{"selector":{"id":"application-managepartners-display-component---masterPtm--partnerTypes-arrow"},"wdio_ui5_key":"applicationmanagepartners-display-component---masterPtm--partnerTypes-arrow"}]}
RESULT: {"script":"<script> [1562 bytes]","args":[{"selector":{"id":"application-managepartners-display-component---masterPtm--partnerTypes-arrow"},"wdio_ui5_key":"applicationmanagepartners-display-component---masterPtm--partnerTypes-arrow"}]}
RESULT: undefined
COMMAND: POST /session/e92654ce08529da6aa8a1ad9d55850b5/element - {"using":"xpath","value":"//*[@id=\"application-managepartners-display-component---masterPtm--partnerTypes-arrow\"]"}
RESULT: {"using":"xpath","value":"//*[@id=\"application-managepartners-display-component---masterPtm--partnerTypes-arrow\"]"}
COMMAND: POST /session/e92654ce08529da6aa8a1ad9d55850b5/element/f.2D1B8265A78BA1487979886821B0C8C8.d.C3B380B59B37C0C1967029A62D3146BB.e.6611/click - {}
RESULT: {}
COMMAND: GET /session/e92654ce08529da6aa8a1ad9d55850b5/screenshot - {}
RESULT: {}
COMMAND: POST /session/e92654ce08529da6aa8a1ad9d55850b5/element - {"using":"xpath","value":"//li[.//span[text()=\"External partner\"]]//div[contains(@class,\"sapMCbBg\")]"}
RESULT: {"using":"xpath","value":"//li[.//span[text()=\"External partner\"]]//div[contains(@class,\"sapMCbBg\")]"}
COMMAND: POST /session/e92654ce08529da6aa8a1ad9d55850b5/element/f.2D1B8265A78BA1487979886821B0C8C8.d.C3B380B59B37C0C1967029A62D3146BB.e.6616/click - {}
RESULT: {}
COMMAND: GET /session/e92654ce08529da6aa8a1ad9d55850b5/screenshot - {}
RESULT: {}
COMMAND: POST /session/e92654ce08529da6aa8a1ad9d55850b5/element - {"using":"xpath","value":"//span[@id=\"application-managepartners-display-component---masterPtm--smartTable-header-inner\"]"}
RESULT: {"using":"xpath","value":"//span[@id=\"application-managepartners-display-component---masterPtm--smartTable-header-inner\"]"}
COMMAND: POST /session/e92654ce08529da6aa8a1ad9d55850b5/elements - {"using":"xpath","value":"//span[@id=\"application-managepartners-display-component---masterPtm--smartTable-header-inner\"]"}
RESULT: {"using":"xpath","value":"//span[@id=\"application-managepartners-display-component---masterPtm--smartTable-header-inner\"]"}
COMMAND: POST /session/e92654ce08529da6aa8a1ad9d55850b5/execute/sync - {"script":"<script> [56 bytes]","args":[{"element-6066-11e4-a52e-4f735466cecf":"f.2D1B8265A78BA1487979886821B0C8C8.d.C3B380B59B37C0C1967029A62D3146BB.e.6007","ELEMENT":"f.2D1B8265A78BA1487979886821B0C8C8.d.C3B380B59B37C0C1967029A62D3146BB.e.6007"}]}
RESULT: {"script":"<script> [56 bytes]","args":[{"element-6066-11e4-a52e-4f735466cecf":"f.2D1B8265A78BA1487979886821B0C8C8.d.C3B380B59B37C0C1967029A62D3146BB.e.6007","ELEMENT":"f.2D1B8265A78BA1487979886821B0C8C8.d.C3B380B59B37C0C1967029A62D3146BB.e.6007"}]}
COMMAND: POST /session/e92654ce08529da6aa8a1ad9d55850b5/element - {"using":"xpath","value":"//span[contains(@title, \"Remove\")]"}
COMMAND: GET /session/e92654ce08529da6aa8a1ad9d55850b5/screenshot - {}
RESULT: {"using":"xpath","value":"//span[contains(@title, \"Remove\")]"}
COMMAND: POST /session/e92654ce08529da6aa8a1ad9d55850b5/element/f.2D1B8265A78BA1487979886821B0C8C8.d.C3B380B59B37C0C1967029A62D3146BB.e.6694/click - {}
RESULT: {}
RESULT: {}
COMMAND: GET /session/e92654ce08529da6aa8a1ad9d55850b5/screenshot - {}
RESULT: {}
COMMAND: POST /session/e92654ce08529da6aa8a1ad9d55850b5/execute/async - {"script":"<script> [1562 bytes]","args":[{"selector":{"id":"application-managepartners-display-component---masterPtm--smartFilterBar-btnFilters","interaction":{"idSuffix":"BDI-content"}},"wdio_ui5_key":"applicationmanagepartners-display-component---masterPtm--smartFilterBar-btnFilters"}]}
RESULT: {"script":"<script> [1562 bytes]","args":[{"selector":{"id":"application-managepartners-display-component---masterPtm--smartFilterBar-btnFilters","interaction":{"idSuffix":"BDI-content"}},"wdio_ui5_key":"applicationmanagepartners-display-component---masterPtm--smartFilterBar-btnFilters"}]}
RESULT: undefined
COMMAND: POST /session/e92654ce08529da6aa8a1ad9d55850b5/element - {"using":"xpath","value":"//*[@id=\"application-managepartners-display-component---masterPtm--smartFilterBar-btnFilters\"]"}
RESULT: {"using":"xpath","value":"//*[@id=\"application-managepartners-display-component---masterPtm--smartFilterBar-btnFilters\"]"}
COMMAND: POST /session/e92654ce08529da6aa8a1ad9d55850b5/element/f.2D1B8265A78BA1487979886821B0C8C8.d.C3B380B59B37C0C1967029A62D3146BB.e.5856/click - {}
RESULT: {}
COMMAND: GET /session/e92654ce08529da6aa8a1ad9d55850b5/screenshot - {}
RESULT: {}
COMMAND: POST /session/e92654ce08529da6aa8a1ad9d55850b5/elements - {"using":"xpath","value":"//table[contains(@id, \"listView-innerSelectionPanelTable-listUl\")]/tbody/tr"}
RESULT: {"using":"xpath","value":"//table[contains(@id, \"listView-innerSelectionPanelTable-listUl\")]/tbody/tr"}
COMMAND: POST /session/e92654ce08529da6aa8a1ad9d55850b5/element - {"using":"xpath","value":"//table[contains(@id, \"listView-innerSelectionPanelTable-listUl\")]/tbody/tr[2]/td[2]/div/div"}
RESULT: {"using":"xpath","value":"//table[contains(@id, \"listView-innerSelectionPanelTable-listUl\")]/tbody/tr[2]/td[2]/div/div"}
COMMAND: POST /session/e92654ce08529da6aa8a1ad9d55850b5/element - {"using":"xpath","value":"//table[contains(@id, \"listView-innerSelectionPanelTable-listUl\")]/tbody/tr[2]/td[2]/div"}
RESULT: {"using":"xpath","value":"//table[contains(@id, \"listView-innerSelectionPanelTable-listUl\")]/tbody/tr[2]/td[2]/div"}
COMMAND: POST /session/e92654ce08529da6aa8a1ad9d55850b5/element - {"using":"xpath","value":"//table[contains(@id, \"listView-innerSelectionPanelTable-listUl\")]/tbody/tr[2]/td[3]/div/div/span/span[1]/bdi"}
RESULT: {"using":"xpath","value":"//table[contains(@id, \"listView-innerSelectionPanelTable-listUl\")]/tbody/tr[2]/td[3]/div/div/span/span[1]/bdi"}
COMMAND: POST /session/e92654ce08529da6aa8a1ad9d55850b5/execute/sync - {"script":"<script> [56 bytes]","args":[{"element-6066-11e4-a52e-4f735466cecf":"f.2D1B8265A78BA1487979886821B0C8C8.d.C3B380B59B37C0C1967029A62D3146BB.e.6799","ELEMENT":"f.2D1B8265A78BA1487979886821B0C8C8.d.C3B380B59B37C0C1967029A62D3146BB.e.6799"}]}
RESULT: {"script":"<script> [56 bytes]","args":[{"element-6066-11e4-a52e-4f735466cecf":"f.2D1B8265A78BA1487979886821B0C8C8.d.C3B380B59B37C0C1967029A62D3146BB.e.6799","ELEMENT":"f.2D1B8265A78BA1487979886821B0C8C8.d.C3B380B59B37C0C1967029A62D3146BB.e.6799"}]}
COMMAND: GET /session/e92654ce08529da6aa8a1ad9d55850b5/element/f.2D1B8265A78BA1487979886821B0C8C8.d.C3B380B59B37C0C1967029A62D3146BB.e.6798/attribute/aria-checked - {}
COMMAND: GET /session/e92654ce08529da6aa8a1ad9d55850b5/screenshot - {}
RESULT: {}
COMMAND: POST /session/e92654ce08529da6aa8a1ad9d55850b5/element - {"using":"xpath","value":"//table[contains(@id, \"listView-innerSelectionPanelTable-listUl\")]/tbody/tr[3]/td[2]/div/div"}
RESULT: {}
RESULT: {"using":"xpath","value":"//table[contains(@id, \"listView-innerSelectionPanelTable-listUl\")]/tbody/tr[3]/td[2]/div/div"}
COMMAND: POST /session/e92654ce08529da6aa8a1ad9d55850b5/element - {"using":"xpath","value":"//table[contains(@id, \"listView-innerSelectionPanelTable-listUl\")]/tbody/tr[3]/td[2]/div"}
RESULT: {"using":"xpath","value":"//table[contains(@id, \"listView-innerSelectionPanelTable-listUl\")]/tbody/tr[3]/td[2]/div"}
COMMAND: POST /session/e92654ce08529da6aa8a1ad9d55850b5/element - {"using":"xpath","value":"//table[contains(@id, \"listView-innerSelectionPanelTable-listUl\")]/tbody/tr[3]/td[3]/div/div/span/span[1]/bdi"}
RESULT: {"using":"xpath","value":"//table[contains(@id, \"listView-innerSelectionPanelTable-listUl\")]/tbody/tr[3]/td[3]/div/div/span/span[1]/bdi"}
COMMAND: POST /session/e92654ce08529da6aa8a1ad9d55850b5/execute/sync - {"script":"<script> [56 bytes]","args":[{"element-6066-11e4-a52e-4f735466cecf":"f.2D1B8265A78BA1487979886821B0C8C8.d.C3B380B59B37C0C1967029A62D3146BB.e.6802","ELEMENT":"f.2D1B8265A78BA1487979886821B0C8C8.d.C3B380B59B37C0C1967029A62D3146BB.e.6802"}]}
RESULT: {"script":"<script> [56 bytes]","args":[{"element-6066-11e4-a52e-4f735466cecf":"f.2D1B8265A78BA1487979886821B0C8C8.d.C3B380B59B37C0C1967029A62D3146BB.e.6802","ELEMENT":"f.2D1B8265A78BA1487979886821B0C8C8.d.C3B380B59B37C0C1967029A62D3146BB.e.6802"}]}
COMMAND: GET /session/e92654ce08529da6aa8a1ad9d55850b5/element/f.2D1B8265A78BA1487979886821B0C8C8.d.C3B380B59B37C0C1967029A62D3146BB.e.6801/attribute/aria-checked - {}
COMMAND: GET /session/e92654ce08529da6aa8a1ad9d55850b5/screenshot - {}
RESULT: {}
COMMAND: POST /session/e92654ce08529da6aa8a1ad9d55850b5/element - {"using":"xpath","value":"//table[contains(@id, \"listView-innerSelectionPanelTable-listUl\")]/tbody/tr[4]/td[2]/div/div"}
RESULT: {}
RESULT: {"using":"xpath","value":"//table[contains(@id, \"listView-innerSelectionPanelTable-listUl\")]/tbody/tr[4]/td[2]/div/div"}
COMMAND: POST /session/e92654ce08529da6aa8a1ad9d55850b5/element - {"using":"xpath","value":"//table[contains(@id, \"listView-innerSelectionPanelTable-listUl\")]/tbody/tr[4]/td[2]/div"}
RESULT: {"using":"xpath","value":"//table[contains(@id, \"listView-innerSelectionPanelTable-listUl\")]/tbody/tr[4]/td[2]/div"}
COMMAND: POST /session/e92654ce08529da6aa8a1ad9d55850b5/element - {"using":"xpath","value":"//table[contains(@id, \"listView-innerSelectionPanelTable-listUl\")]/tbody/tr[4]/td[3]/div/div/span/span[1]/bdi"}
RESULT: {"using":"xpath","value":"//table[contains(@id, \"listView-innerSelectionPanelTable-listUl\")]/tbody/tr[4]/td[3]/div/div/span/span[1]/bdi"}
COMMAND: POST /session/e92654ce08529da6aa8a1ad9d55850b5/execute/sync - {"script":"<script> [56 bytes]","args":[{"element-6066-11e4-a52e-4f735466cecf":"f.2D1B8265A78BA1487979886821B0C8C8.d.C3B380B59B37C0C1967029A62D3146BB.e.6805","ELEMENT":"f.2D1B8265A78BA1487979886821B0C8C8.d.C3B380B59B37C0C1967029A62D3146BB.e.6805"}]}
RESULT: {"script":"<script> [56 bytes]","args":[{"element-6066-11e4-a52e-4f735466cecf":"f.2D1B8265A78BA1487979886821B0C8C8.d.C3B380B59B37C0C1967029A62D3146BB.e.6805","ELEMENT":"f.2D1B8265A78BA1487979886821B0C8C8.d.C3B380B59B37C0C1967029A62D3146BB.e.6805"}]}
COMMAND: GET /session/e92654ce08529da6aa8a1ad9d55850b5/element/f.2D1B8265A78BA1487979886821B0C8C8.d.C3B380B59B37C0C1967029A62D3146BB.e.6804/attribute/aria-checked - {}
COMMAND: GET /session/e92654ce08529da6aa8a1ad9d55850b5/screenshot - {}
RESULT: {}
COMMAND: POST /session/e92654ce08529da6aa8a1ad9d55850b5/element - {"using":"xpath","value":"//table[contains(@id, \"listView-innerSelectionPanelTable-listUl\")]/tbody/tr[5]/td[2]/div/div"}
RESULT: {}
RESULT: {"using":"xpath","value":"//table[contains(@id, \"listView-innerSelectionPanelTable-listUl\")]/tbody/tr[5]/td[2]/div/div"}
COMMAND: POST /session/e92654ce08529da6aa8a1ad9d55850b5/element - {"using":"xpath","value":"//table[contains(@id, \"listView-innerSelectionPanelTable-listUl\")]/tbody/tr[5]/td[2]/div"}
RESULT: {"using":"xpath","value":"//table[contains(@id, \"listView-innerSelectionPanelTable-listUl\")]/tbody/tr[5]/td[2]/div"}
COMMAND: POST /session/e92654ce08529da6aa8a1ad9d55850b5/element - {"using":"xpath","value":"//table[contains(@id, \"listView-innerSelectionPanelTable-listUl\")]/tbody/tr[5]/td[3]/div/div/span/span[1]/bdi"}
RESULT: {"using":"xpath","value":"//table[contains(@id, \"listView-innerSelectionPanelTable-listUl\")]/tbody/tr[5]/td[3]/div/div/span/span[1]/bdi"}
COMMAND: POST /session/e92654ce08529da6aa8a1ad9d55850b5/execute/sync - {"script":"<script> [56 bytes]","args":[{"element-6066-11e4-a52e-4f735466cecf":"f.2D1B8265A78BA1487979886821B0C8C8.d.C3B380B59B37C0C1967029A62D3146BB.e.6808","ELEMENT":"f.2D1B8265A78BA1487979886821B0C8C8.d.C3B380B59B37C0C1967029A62D3146BB.e.6808"}]}
RESULT: {"script":"<script> [56 bytes]","args":[{"element-6066-11e4-a52e-4f735466cecf":"f.2D1B8265A78BA1487979886821B0C8C8.d.C3B380B59B37C0C1967029A62D3146BB.e.6808","ELEMENT":"f.2D1B8265A78BA1487979886821B0C8C8.d.C3B380B59B37C0C1967029A62D3146BB.e.6808"}]}
COMMAND: GET /session/e92654ce08529da6aa8a1ad9d55850b5/element/f.2D1B8265A78BA1487979886821B0C8C8.d.C3B380B59B37C0C1967029A62D3146BB.e.6807/attribute/aria-checked - {}
COMMAND: GET /session/e92654ce08529da6aa8a1ad9d55850b5/screenshot - {}
RESULT: {}
COMMAND: POST /session/e92654ce08529da6aa8a1ad9d55850b5/element - {"using":"xpath","value":"//table[contains(@id, \"listView-innerSelectionPanelTable-listUl\")]/tbody/tr[6]/td[2]/div/div"}
RESULT: {}
RESULT: {"using":"xpath","value":"//table[contains(@id, \"listView-innerSelectionPanelTable-listUl\")]/tbody/tr[6]/td[2]/div/div"}
COMMAND: POST /session/e92654ce08529da6aa8a1ad9d55850b5/element - {"using":"xpath","value":"//table[contains(@id, \"listView-innerSelectionPanelTable-listUl\")]/tbody/tr[6]/td[2]/div"}
RESULT: {"using":"xpath","value":"//table[contains(@id, \"listView-innerSelectionPanelTable-listUl\")]/tbody/tr[6]/td[2]/div"}
COMMAND: POST /session/e92654ce08529da6aa8a1ad9d55850b5/element - {"using":"xpath","value":"//table[contains(@id, \"listView-innerSelectionPanelTable-listUl\")]/tbody/tr[6]/td[3]/div/div/span/span[1]/bdi"}
RESULT: {"using":"xpath","value":"//table[contains(@id, \"listView-innerSelectionPanelTable-listUl\")]/tbody/tr[6]/td[3]/div/div/span/span[1]/bdi"}
COMMAND: POST /session/e92654ce08529da6aa8a1ad9d55850b5/execute/sync - {"script":"<script> [56 bytes]","args":[{"element-6066-11e4-a52e-4f735466cecf":"f.2D1B8265A78BA1487979886821B0C8C8.d.C3B380B59B37C0C1967029A62D3146BB.e.6811","ELEMENT":"f.2D1B8265A78BA1487979886821B0C8C8.d.C3B380B59B37C0C1967029A62D3146BB.e.6811"}]}
RESULT: {"script":"<script> [56 bytes]","args":[{"element-6066-11e4-a52e-4f735466cecf":"f.2D1B8265A78BA1487979886821B0C8C8.d.C3B380B59B37C0C1967029A62D3146BB.e.6811","ELEMENT":"f.2D1B8265A78BA1487979886821B0C8C8.d.C3B380B59B37C0C1967029A62D3146BB.e.6811"}]}
COMMAND: GET /session/e92654ce08529da6aa8a1ad9d55850b5/element/f.2D1B8265A78BA1487979886821B0C8C8.d.C3B380B59B37C0C1967029A62D3146BB.e.6810/attribute/aria-checked - {}
COMMAND: GET /session/e92654ce08529da6aa8a1ad9d55850b5/screenshot - {}
RESULT: {}
COMMAND: POST /session/e92654ce08529da6aa8a1ad9d55850b5/element - {"using":"xpath","value":"//table[contains(@id, \"listView-innerSelectionPanelTable-listUl\")]/tbody/tr[7]/td[2]/div/div"}
RESULT: {}
RESULT: {"using":"xpath","value":"//table[contains(@id, \"listView-innerSelectionPanelTable-listUl\")]/tbody/tr[7]/td[2]/div/div"}
COMMAND: POST /session/e92654ce08529da6aa8a1ad9d55850b5/element - {"using":"xpath","value":"//table[contains(@id, \"listView-innerSelectionPanelTable-listUl\")]/tbody/tr[7]/td[2]/div"}
RESULT: {"using":"xpath","value":"//table[contains(@id, \"listView-innerSelectionPanelTable-listUl\")]/tbody/tr[7]/td[2]/div"}
COMMAND: POST /session/e92654ce08529da6aa8a1ad9d55850b5/element - {"using":"xpath","value":"//table[contains(@id, \"listView-innerSelectionPanelTable-listUl\")]/tbody/tr[7]/td[3]/div/div/span/span[1]/bdi"}
RESULT: {"using":"xpath","value":"//table[contains(@id, \"listView-innerSelectionPanelTable-listUl\")]/tbody/tr[7]/td[3]/div/div/span/span[1]/bdi"}
COMMAND: POST /session/e92654ce08529da6aa8a1ad9d55850b5/execute/sync - {"script":"<script> [56 bytes]","args":[{"element-6066-11e4-a52e-4f735466cecf":"f.2D1B8265A78BA1487979886821B0C8C8.d.C3B380B59B37C0C1967029A62D3146BB.e.6814","ELEMENT":"f.2D1B8265A78BA1487979886821B0C8C8.d.C3B380B59B37C0C1967029A62D3146BB.e.6814"}]}
RESULT: {"script":"<script> [56 bytes]","args":[{"element-6066-11e4-a52e-4f735466cecf":"f.2D1B8265A78BA1487979886821B0C8C8.d.C3B380B59B37C0C1967029A62D3146BB.e.6814","ELEMENT":"f.2D1B8265A78BA1487979886821B0C8C8.d.C3B380B59B37C0C1967029A62D3146BB.e.6814"}]}
COMMAND: GET /session/e92654ce08529da6aa8a1ad9d55850b5/element/f.2D1B8265A78BA1487979886821B0C8C8.d.C3B380B59B37C0C1967029A62D3146BB.e.6813/attribute/aria-checked - {}
COMMAND: GET /session/e92654ce08529da6aa8a1ad9d55850b5/screenshot - {}
RESULT: {}
COMMAND: POST /session/e92654ce08529da6aa8a1ad9d55850b5/element - {"using":"xpath","value":"//table[contains(@id, \"listView-innerSelectionPanelTable-listUl\")]/tbody/tr[8]/td[2]/div/div"}
RESULT: {}
RESULT: {"using":"xpath","value":"//table[contains(@id, \"listView-innerSelectionPanelTable-listUl\")]/tbody/tr[8]/td[2]/div/div"}
COMMAND: POST /session/e92654ce08529da6aa8a1ad9d55850b5/element - {"using":"xpath","value":"//table[contains(@id, \"listView-innerSelectionPanelTable-listUl\")]/tbody/tr[8]/td[2]/div"}
RESULT: {"using":"xpath","value":"//table[contains(@id, \"listView-innerSelectionPanelTable-listUl\")]/tbody/tr[8]/td[2]/div"}
COMMAND: POST /session/e92654ce08529da6aa8a1ad9d55850b5/element - {"using":"xpath","value":"//table[contains(@id, \"listView-innerSelectionPanelTable-listUl\")]/tbody/tr[8]/td[3]/div/div/span/span[1]/bdi"}
RESULT: {"using":"xpath","value":"//table[contains(@id, \"listView-innerSelectionPanelTable-listUl\")]/tbody/tr[8]/td[3]/div/div/span/span[1]/bdi"}
COMMAND: POST /session/e92654ce08529da6aa8a1ad9d55850b5/execute/sync - {"script":"<script> [56 bytes]","args":[{"element-6066-11e4-a52e-4f735466cecf":"f.2D1B8265A78BA1487979886821B0C8C8.d.C3B380B59B37C0C1967029A62D3146BB.e.6817","ELEMENT":"f.2D1B8265A78BA1487979886821B0C8C8.d.C3B380B59B37C0C1967029A62D3146BB.e.6817"}]}
RESULT: {"script":"<script> [56 bytes]","args":[{"element-6066-11e4-a52e-4f735466cecf":"f.2D1B8265A78BA1487979886821B0C8C8.d.C3B380B59B37C0C1967029A62D3146BB.e.6817","ELEMENT":"f.2D1B8265A78BA1487979886821B0C8C8.d.C3B380B59B37C0C1967029A62D3146BB.e.6817"}]}
COMMAND: GET /session/e92654ce08529da6aa8a1ad9d55850b5/element/f.2D1B8265A78BA1487979886821B0C8C8.d.C3B380B59B37C0C1967029A62D3146BB.e.6816/attribute/aria-checked - {}
COMMAND: GET /session/e92654ce08529da6aa8a1ad9d55850b5/screenshot - {}
RESULT: {}
COMMAND: POST /session/e92654ce08529da6aa8a1ad9d55850b5/element - {"using":"xpath","value":"//table[contains(@id, \"listView-innerSelectionPanelTable-listUl\")]/tbody/tr[9]/td[2]/div/div"}
RESULT: {}
RESULT: {"using":"xpath","value":"//table[contains(@id, \"listView-innerSelectionPanelTable-listUl\")]/tbody/tr[9]/td[2]/div/div"}
COMMAND: POST /session/e92654ce08529da6aa8a1ad9d55850b5/element - {"using":"xpath","value":"//table[contains(@id, \"listView-innerSelectionPanelTable-listUl\")]/tbody/tr[9]/td[2]/div"}
RESULT: {"using":"xpath","value":"//table[contains(@id, \"listView-innerSelectionPanelTable-listUl\")]/tbody/tr[9]/td[2]/div"}
COMMAND: POST /session/e92654ce08529da6aa8a1ad9d55850b5/element - {"using":"xpath","value":"//table[contains(@id, \"listView-innerSelectionPanelTable-listUl\")]/tbody/tr[9]/td[3]/div/div/span/span[1]/bdi"}
RESULT: {"using":"xpath","value":"//table[contains(@id, \"listView-innerSelectionPanelTable-listUl\")]/tbody/tr[9]/td[3]/div/div/span/span[1]/bdi"}
COMMAND: POST /session/e92654ce08529da6aa8a1ad9d55850b5/execute/sync - {"script":"<script> [56 bytes]","args":[{"element-6066-11e4-a52e-4f735466cecf":"f.2D1B8265A78BA1487979886821B0C8C8.d.C3B380B59B37C0C1967029A62D3146BB.e.6820","ELEMENT":"f.2D1B8265A78BA1487979886821B0C8C8.d.C3B380B59B37C0C1967029A62D3146BB.e.6820"}]}
RESULT: {"script":"<script> [56 bytes]","args":[{"element-6066-11e4-a52e-4f735466cecf":"f.2D1B8265A78BA1487979886821B0C8C8.d.C3B380B59B37C0C1967029A62D3146BB.e.6820","ELEMENT":"f.2D1B8265A78BA1487979886821B0C8C8.d.C3B380B59B37C0C1967029A62D3146BB.e.6820"}]}
COMMAND: GET /session/e92654ce08529da6aa8a1ad9d55850b5/element/f.2D1B8265A78BA1487979886821B0C8C8.d.C3B380B59B37C0C1967029A62D3146BB.e.6819/attribute/aria-checked - {}
COMMAND: GET /session/e92654ce08529da6aa8a1ad9d55850b5/screenshot - {}
RESULT: {}
COMMAND: POST /session/e92654ce08529da6aa8a1ad9d55850b5/element - {"using":"xpath","value":"//table[contains(@id, \"listView-innerSelectionPanelTable-listUl\")]/tbody/tr[10]/td[2]/div/div"}
RESULT: {}
RESULT: {"using":"xpath","value":"//table[contains(@id, \"listView-innerSelectionPanelTable-listUl\")]/tbody/tr[10]/td[2]/div/div"}
COMMAND: POST /session/e92654ce08529da6aa8a1ad9d55850b5/element - {"using":"xpath","value":"//table[contains(@id, \"listView-innerSelectionPanelTable-listUl\")]/tbody/tr[10]/td[2]/div"}
RESULT: {"using":"xpath","value":"//table[contains(@id, \"listView-innerSelectionPanelTable-listUl\")]/tbody/tr[10]/td[2]/div"}
COMMAND: POST /session/e92654ce08529da6aa8a1ad9d55850b5/element - {"using":"xpath","value":"//table[contains(@id, \"listView-innerSelectionPanelTable-listUl\")]/tbody/tr[10]/td[3]/div/div/span/span[1]/bdi"}
RESULT: {"using":"xpath","value":"//table[contains(@id, \"listView-innerSelectionPanelTable-listUl\")]/tbody/tr[10]/td[3]/div/div/span/span[1]/bdi"}
COMMAND: POST /session/e92654ce08529da6aa8a1ad9d55850b5/execute/sync - {"script":"<script> [56 bytes]","args":[{"element-6066-11e4-a52e-4f735466cecf":"f.2D1B8265A78BA1487979886821B0C8C8.d.C3B380B59B37C0C1967029A62D3146BB.e.6823","ELEMENT":"f.2D1B8265A78BA1487979886821B0C8C8.d.C3B380B59B37C0C1967029A62D3146BB.e.6823"}]}
RESULT: {"script":"<script> [56 bytes]","args":[{"element-6066-11e4-a52e-4f735466cecf":"f.2D1B8265A78BA1487979886821B0C8C8.d.C3B380B59B37C0C1967029A62D3146BB.e.6823","ELEMENT":"f.2D1B8265A78BA1487979886821B0C8C8.d.C3B380B59B37C0C1967029A62D3146BB.e.6823"}]}
COMMAND: GET /session/e92654ce08529da6aa8a1ad9d55850b5/element/f.2D1B8265A78BA1487979886821B0C8C8.d.C3B380B59B37C0C1967029A62D3146BB.e.6822/attribute/aria-checked - {}
COMMAND: GET /session/e92654ce08529da6aa8a1ad9d55850b5/screenshot - {}
RESULT: {}
COMMAND: POST /session/e92654ce08529da6aa8a1ad9d55850b5/element - {"using":"xpath","value":"//table[contains(@id, \"listView-innerSelectionPanelTable-listUl\")]/tbody/tr[11]/td[2]/div/div"}
RESULT: {}
RESULT: {"using":"xpath","value":"//table[contains(@id, \"listView-innerSelectionPanelTable-listUl\")]/tbody/tr[11]/td[2]/div/div"}
COMMAND: POST /session/e92654ce08529da6aa8a1ad9d55850b5/element - {"using":"xpath","value":"//table[contains(@id, \"listView-innerSelectionPanelTable-listUl\")]/tbody/tr[11]/td[2]/div"}
RESULT: {"using":"xpath","value":"//table[contains(@id, \"listView-innerSelectionPanelTable-listUl\")]/tbody/tr[11]/td[2]/div"}
COMMAND: POST /session/e92654ce08529da6aa8a1ad9d55850b5/element - {"using":"xpath","value":"//table[contains(@id, \"listView-innerSelectionPanelTable-listUl\")]/tbody/tr[11]/td[3]/div/div/span/span[1]/bdi"}
RESULT: {"using":"xpath","value":"//table[contains(@id, \"listView-innerSelectionPanelTable-listUl\")]/tbody/tr[11]/td[3]/div/div/span/span[1]/bdi"}
COMMAND: POST /session/e92654ce08529da6aa8a1ad9d55850b5/execute/sync - {"script":"<script> [56 bytes]","args":[{"element-6066-11e4-a52e-4f735466cecf":"f.2D1B8265A78BA1487979886821B0C8C8.d.C3B380B59B37C0C1967029A62D3146BB.e.6826","ELEMENT":"f.2D1B8265A78BA1487979886821B0C8C8.d.C3B380B59B37C0C1967029A62D3146BB.e.6826"}]}
RESULT: {"script":"<script> [56 bytes]","args":[{"element-6066-11e4-a52e-4f735466cecf":"f.2D1B8265A78BA1487979886821B0C8C8.d.C3B380B59B37C0C1967029A62D3146BB.e.6826","ELEMENT":"f.2D1B8265A78BA1487979886821B0C8C8.d.C3B380B59B37C0C1967029A62D3146BB.e.6826"}]}
COMMAND: GET /session/e92654ce08529da6aa8a1ad9d55850b5/element/f.2D1B8265A78BA1487979886821B0C8C8.d.C3B380B59B37C0C1967029A62D3146BB.e.6825/attribute/aria-checked - {}
COMMAND: GET /session/e92654ce08529da6aa8a1ad9d55850b5/screenshot - {}
RESULT: {}
COMMAND: POST /session/e92654ce08529da6aa8a1ad9d55850b5/element - {"using":"xpath","value":"//table[contains(@id, \"listView-innerSelectionPanelTable-listUl\")]/tbody/tr[12]/td[2]/div/div"}
RESULT: {}
RESULT: {"using":"xpath","value":"//table[contains(@id, \"listView-innerSelectionPanelTable-listUl\")]/tbody/tr[12]/td[2]/div/div"}
COMMAND: POST /session/e92654ce08529da6aa8a1ad9d55850b5/element - {"using":"xpath","value":"//table[contains(@id, \"listView-innerSelectionPanelTable-listUl\")]/tbody/tr[12]/td[2]/div"}
RESULT: {"using":"xpath","value":"//table[contains(@id, \"listView-innerSelectionPanelTable-listUl\")]/tbody/tr[12]/td[2]/div"}
COMMAND: POST /session/e92654ce08529da6aa8a1ad9d55850b5/element - {"using":"xpath","value":"//table[contains(@id, \"listView-innerSelectionPanelTable-listUl\")]/tbody/tr[12]/td[3]/div/div/span/span[1]/bdi"}
RESULT: {"using":"xpath","value":"//table[contains(@id, \"listView-innerSelectionPanelTable-listUl\")]/tbody/tr[12]/td[3]/div/div/span/span[1]/bdi"}
COMMAND: POST /session/e92654ce08529da6aa8a1ad9d55850b5/execute/sync - {"script":"<script> [56 bytes]","args":[{"element-6066-11e4-a52e-4f735466cecf":"f.2D1B8265A78BA1487979886821B0C8C8.d.C3B380B59B37C0C1967029A62D3146BB.e.6829","ELEMENT":"f.2D1B8265A78BA1487979886821B0C8C8.d.C3B380B59B37C0C1967029A62D3146BB.e.6829"}]}
RESULT: {"script":"<script> [56 bytes]","args":[{"element-6066-11e4-a52e-4f735466cecf":"f.2D1B8265A78BA1487979886821B0C8C8.d.C3B380B59B37C0C1967029A62D3146BB.e.6829","ELEMENT":"f.2D1B8265A78BA1487979886821B0C8C8.d.C3B380B59B37C0C1967029A62D3146BB.e.6829"}]}
COMMAND: GET /session/e92654ce08529da6aa8a1ad9d55850b5/element/f.2D1B8265A78BA1487979886821B0C8C8.d.C3B380B59B37C0C1967029A62D3146BB.e.6828/attribute/aria-checked - {}
COMMAND: GET /session/e92654ce08529da6aa8a1ad9d55850b5/screenshot - {}
RESULT: {}
COMMAND: POST /session/e92654ce08529da6aa8a1ad9d55850b5/element - {"using":"xpath","value":"//table[contains(@id, \"listView-innerSelectionPanelTable-listUl\")]/tbody/tr[13]/td[2]/div/div"}
RESULT: {}
RESULT: {"using":"xpath","value":"//table[contains(@id, \"listView-innerSelectionPanelTable-listUl\")]/tbody/tr[13]/td[2]/div/div"}
COMMAND: POST /session/e92654ce08529da6aa8a1ad9d55850b5/element - {"using":"xpath","value":"//table[contains(@id, \"listView-innerSelectionPanelTable-listUl\")]/tbody/tr[13]/td[2]/div"}
RESULT: {"using":"xpath","value":"//table[contains(@id, \"listView-innerSelectionPanelTable-listUl\")]/tbody/tr[13]/td[2]/div"}
COMMAND: POST /session/e92654ce08529da6aa8a1ad9d55850b5/element - {"using":"xpath","value":"//table[contains(@id, \"listView-innerSelectionPanelTable-listUl\")]/tbody/tr[13]/td[3]/div/div/span/span[1]/bdi"}
RESULT: {"using":"xpath","value":"//table[contains(@id, \"listView-innerSelectionPanelTable-listUl\")]/tbody/tr[13]/td[3]/div/div/span/span[1]/bdi"}
COMMAND: POST /session/e92654ce08529da6aa8a1ad9d55850b5/execute/sync - {"script":"<script> [56 bytes]","args":[{"element-6066-11e4-a52e-4f735466cecf":"f.2D1B8265A78BA1487979886821B0C8C8.d.C3B380B59B37C0C1967029A62D3146BB.e.6832","ELEMENT":"f.2D1B8265A78BA1487979886821B0C8C8.d.C3B380B59B37C0C1967029A62D3146BB.e.6832"}]}
RESULT: {"script":"<script> [56 bytes]","args":[{"element-6066-11e4-a52e-4f735466cecf":"f.2D1B8265A78BA1487979886821B0C8C8.d.C3B380B59B37C0C1967029A62D3146BB.e.6832","ELEMENT":"f.2D1B8265A78BA1487979886821B0C8C8.d.C3B380B59B37C0C1967029A62D3146BB.e.6832"}]}
COMMAND: GET /session/e92654ce08529da6aa8a1ad9d55850b5/element/f.2D1B8265A78BA1487979886821B0C8C8.d.C3B380B59B37C0C1967029A62D3146BB.e.6831/attribute/aria-checked - {}
COMMAND: GET /session/e92654ce08529da6aa8a1ad9d55850b5/screenshot - {}
RESULT: {}
COMMAND: POST /session/e92654ce08529da6aa8a1ad9d55850b5/element - {"using":"xpath","value":"//table[contains(@id, \"listView-innerSelectionPanelTable-listUl\")]/tbody/tr[14]/td[2]/div/div"}
COMMAND: POST /session/e92654ce08529da6aa8a1ad9d55850b5/element/f.2D1B8265A78BA1487979886821B0C8C8.d.C3B380B59B37C0C1967029A62D3146BB.e.6830/click - {}
RESULT: {}
RESULT: {"using":"xpath","value":"//table[contains(@id, \"listView-innerSelectionPanelTable-listUl\")]/tbody/tr[14]/td[2]/div/div"}
COMMAND: POST /session/e92654ce08529da6aa8a1ad9d55850b5/element - {"using":"xpath","value":"//table[contains(@id, \"listView-innerSelectionPanelTable-listUl\")]/tbody/tr[14]/td[2]/div"}
RESULT: {}
COMMAND: GET /session/e92654ce08529da6aa8a1ad9d55850b5/screenshot - {}
RESULT: {"using":"xpath","value":"//table[contains(@id, \"listView-innerSelectionPanelTable-listUl\")]/tbody/tr[14]/td[2]/div"}
COMMAND: POST /session/e92654ce08529da6aa8a1ad9d55850b5/element - {"using":"xpath","value":"//table[contains(@id, \"listView-innerSelectionPanelTable-listUl\")]/tbody/tr[14]/td[3]/div/div/span/span[1]/bdi"}
RESULT: {}
RESULT: {"using":"xpath","value":"//table[contains(@id, \"listView-innerSelectionPanelTable-listUl\")]/tbody/tr[14]/td[3]/div/div/span/span[1]/bdi"}
COMMAND: POST /session/e92654ce08529da6aa8a1ad9d55850b5/execute/sync - {"script":"<script> [56 bytes]","args":[{"element-6066-11e4-a52e-4f735466cecf":"f.2D1B8265A78BA1487979886821B0C8C8.d.C3B380B59B37C0C1967029A62D3146BB.e.6836","ELEMENT":"f.2D1B8265A78BA1487979886821B0C8C8.d.C3B380B59B37C0C1967029A62D3146BB.e.6836"}]}
RESULT: {"script":"<script> [56 bytes]","args":[{"element-6066-11e4-a52e-4f735466cecf":"f.2D1B8265A78BA1487979886821B0C8C8.d.C3B380B59B37C0C1967029A62D3146BB.e.6836","ELEMENT":"f.2D1B8265A78BA1487979886821B0C8C8.d.C3B380B59B37C0C1967029A62D3146BB.e.6836"}]}
COMMAND: GET /session/e92654ce08529da6aa8a1ad9d55850b5/element/f.2D1B8265A78BA1487979886821B0C8C8.d.C3B380B59B37C0C1967029A62D3146BB.e.6834/attribute/aria-checked - {}
COMMAND: GET /session/e92654ce08529da6aa8a1ad9d55850b5/screenshot - {}
RESULT: {}
COMMAND: POST /session/e92654ce08529da6aa8a1ad9d55850b5/element - {"using":"xpath","value":"//table[contains(@id, \"listView-innerSelectionPanelTable-listUl\")]/tbody/tr[15]/td[2]/div/div"}
RESULT: {}
RESULT: {"using":"xpath","value":"//table[contains(@id, \"listView-innerSelectionPanelTable-listUl\")]/tbody/tr[15]/td[2]/div/div"}
COMMAND: POST /session/e92654ce08529da6aa8a1ad9d55850b5/element - {"using":"xpath","value":"//table[contains(@id, \"listView-innerSelectionPanelTable-listUl\")]/tbody/tr[15]/td[2]/div"}
RESULT: {"using":"xpath","value":"//table[contains(@id, \"listView-innerSelectionPanelTable-listUl\")]/tbody/tr[15]/td[2]/div"}
COMMAND: POST /session/e92654ce08529da6aa8a1ad9d55850b5/element - {"using":"xpath","value":"//table[contains(@id, \"listView-innerSelectionPanelTable-listUl\")]/tbody/tr[15]/td[3]/div/div/span/span[1]/bdi"}
RESULT: {"using":"xpath","value":"//table[contains(@id, \"listView-innerSelectionPanelTable-listUl\")]/tbody/tr[15]/td[3]/div/div/span/span[1]/bdi"}
COMMAND: POST /session/e92654ce08529da6aa8a1ad9d55850b5/execute/sync - {"script":"<script> [56 bytes]","args":[{"element-6066-11e4-a52e-4f735466cecf":"f.2D1B8265A78BA1487979886821B0C8C8.d.C3B380B59B37C0C1967029A62D3146BB.e.6839","ELEMENT":"f.2D1B8265A78BA1487979886821B0C8C8.d.C3B380B59B37C0C1967029A62D3146BB.e.6839"}]}
RESULT: {"script":"<script> [56 bytes]","args":[{"element-6066-11e4-a52e-4f735466cecf":"f.2D1B8265A78BA1487979886821B0C8C8.d.C3B380B59B37C0C1967029A62D3146BB.e.6839","ELEMENT":"f.2D1B8265A78BA1487979886821B0C8C8.d.C3B380B59B37C0C1967029A62D3146BB.e.6839"}]}
COMMAND: GET /session/e92654ce08529da6aa8a1ad9d55850b5/element/f.2D1B8265A78BA1487979886821B0C8C8.d.C3B380B59B37C0C1967029A62D3146BB.e.6838/attribute/aria-checked - {}
COMMAND: GET /session/e92654ce08529da6aa8a1ad9d55850b5/screenshot - {}
RESULT: {}
COMMAND: POST /session/e92654ce08529da6aa8a1ad9d55850b5/element - {"using":"xpath","value":"//table[contains(@id, \"listView-innerSelectionPanelTable-listUl\")]/tbody/tr[16]/td[2]/div/div"}
RESULT: {}
RESULT: {"using":"xpath","value":"//table[contains(@id, \"listView-innerSelectionPanelTable-listUl\")]/tbody/tr[16]/td[2]/div/div"}
COMMAND: POST /session/e92654ce08529da6aa8a1ad9d55850b5/element - {"using":"xpath","value":"//table[contains(@id, \"listView-innerSelectionPanelTable-listUl\")]/tbody/tr[16]/td[2]/div"}
RESULT: {"using":"xpath","value":"//table[contains(@id, \"listView-innerSelectionPanelTable-listUl\")]/tbody/tr[16]/td[2]/div"}
COMMAND: POST /session/e92654ce08529da6aa8a1ad9d55850b5/element - {"using":"xpath","value":"//table[contains(@id, \"listView-innerSelectionPanelTable-listUl\")]/tbody/tr[16]/td[3]/div/div/span/span[1]/bdi"}
RESULT: {"using":"xpath","value":"//table[contains(@id, \"listView-innerSelectionPanelTable-listUl\")]/tbody/tr[16]/td[3]/div/div/span/span[1]/bdi"}
COMMAND: POST /session/e92654ce08529da6aa8a1ad9d55850b5/execute/sync - {"script":"<script> [56 bytes]","args":[{"element-6066-11e4-a52e-4f735466cecf":"f.2D1B8265A78BA1487979886821B0C8C8.d.C3B380B59B37C0C1967029A62D3146BB.e.6842","ELEMENT":"f.2D1B8265A78BA1487979886821B0C8C8.d.C3B380B59B37C0C1967029A62D3146BB.e.6842"}]}
RESULT: {"script":"<script> [56 bytes]","args":[{"element-6066-11e4-a52e-4f735466cecf":"f.2D1B8265A78BA1487979886821B0C8C8.d.C3B380B59B37C0C1967029A62D3146BB.e.6842","ELEMENT":"f.2D1B8265A78BA1487979886821B0C8C8.d.C3B380B59B37C0C1967029A62D3146BB.e.6842"}]}
COMMAND: GET /session/e92654ce08529da6aa8a1ad9d55850b5/element/f.2D1B8265A78BA1487979886821B0C8C8.d.C3B380B59B37C0C1967029A62D3146BB.e.6841/attribute/aria-checked - {}
COMMAND: GET /session/e92654ce08529da6aa8a1ad9d55850b5/screenshot - {}
RESULT: {}
COMMAND: POST /session/e92654ce08529da6aa8a1ad9d55850b5/element - {"using":"xpath","value":"//table[contains(@id, \"listView-innerSelectionPanelTable-listUl\")]/tbody/tr[17]/td[2]/div/div"}
RESULT: {}
RESULT: {"using":"xpath","value":"//table[contains(@id, \"listView-innerSelectionPanelTable-listUl\")]/tbody/tr[17]/td[2]/div/div"}
COMMAND: POST /session/e92654ce08529da6aa8a1ad9d55850b5/element - {"using":"xpath","value":"//table[contains(@id, \"listView-innerSelectionPanelTable-listUl\")]/tbody/tr[17]/td[2]/div"}
RESULT: {"using":"xpath","value":"//table[contains(@id, \"listView-innerSelectionPanelTable-listUl\")]/tbody/tr[17]/td[2]/div"}
COMMAND: POST /session/e92654ce08529da6aa8a1ad9d55850b5/element - {"using":"xpath","value":"//table[contains(@id, \"listView-innerSelectionPanelTable-listUl\")]/tbody/tr[17]/td[3]/div/div/span/span[1]/bdi"}
RESULT: {"using":"xpath","value":"//table[contains(@id, \"listView-innerSelectionPanelTable-listUl\")]/tbody/tr[17]/td[3]/div/div/span/span[1]/bdi"}
COMMAND: POST /session/e92654ce08529da6aa8a1ad9d55850b5/execute/sync - {"script":"<script> [56 bytes]","args":[{"element-6066-11e4-a52e-4f735466cecf":"f.2D1B8265A78BA1487979886821B0C8C8.d.C3B380B59B37C0C1967029A62D3146BB.e.6845","ELEMENT":"f.2D1B8265A78BA1487979886821B0C8C8.d.C3B380B59B37C0C1967029A62D3146BB.e.6845"}]}
RESULT: {"script":"<script> [56 bytes]","args":[{"element-6066-11e4-a52e-4f735466cecf":"f.2D1B8265A78BA1487979886821B0C8C8.d.C3B380B59B37C0C1967029A62D3146BB.e.6845","ELEMENT":"f.2D1B8265A78BA1487979886821B0C8C8.d.C3B380B59B37C0C1967029A62D3146BB.e.6845"}]}
COMMAND: GET /session/e92654ce08529da6aa8a1ad9d55850b5/element/f.2D1B8265A78BA1487979886821B0C8C8.d.C3B380B59B37C0C1967029A62D3146BB.e.6844/attribute/aria-checked - {}
COMMAND: GET /session/e92654ce08529da6aa8a1ad9d55850b5/screenshot - {}
RESULT: {}
COMMAND: POST /session/e92654ce08529da6aa8a1ad9d55850b5/element - {"using":"xpath","value":"//table[contains(@id, \"listView-innerSelectionPanelTable-listUl\")]/tbody/tr[18]/td[2]/div/div"}
RESULT: {}
RESULT: {"using":"xpath","value":"//table[contains(@id, \"listView-innerSelectionPanelTable-listUl\")]/tbody/tr[18]/td[2]/div/div"}
COMMAND: POST /session/e92654ce08529da6aa8a1ad9d55850b5/element - {"using":"xpath","value":"//table[contains(@id, \"listView-innerSelectionPanelTable-listUl\")]/tbody/tr[18]/td[2]/div"}
RESULT: {"using":"xpath","value":"//table[contains(@id, \"listView-innerSelectionPanelTable-listUl\")]/tbody/tr[18]/td[2]/div"}
COMMAND: POST /session/e92654ce08529da6aa8a1ad9d55850b5/element - {"using":"xpath","value":"//table[contains(@id, \"listView-innerSelectionPanelTable-listUl\")]/tbody/tr[18]/td[3]/div/div/span/span[1]/bdi"}
RESULT: {"using":"xpath","value":"//table[contains(@id, \"listView-innerSelectionPanelTable-listUl\")]/tbody/tr[18]/td[3]/div/div/span/span[1]/bdi"}
COMMAND: POST /session/e92654ce08529da6aa8a1ad9d55850b5/execute/sync - {"script":"<script> [56 bytes]","args":[{"element-6066-11e4-a52e-4f735466cecf":"f.2D1B8265A78BA1487979886821B0C8C8.d.C3B380B59B37C0C1967029A62D3146BB.e.6848","ELEMENT":"f.2D1B8265A78BA1487979886821B0C8C8.d.C3B380B59B37C0C1967029A62D3146BB.e.6848"}]}
RESULT: {"script":"<script> [56 bytes]","args":[{"element-6066-11e4-a52e-4f735466cecf":"f.2D1B8265A78BA1487979886821B0C8C8.d.C3B380B59B37C0C1967029A62D3146BB.e.6848","ELEMENT":"f.2D1B8265A78BA1487979886821B0C8C8.d.C3B380B59B37C0C1967029A62D3146BB.e.6848"}]}
COMMAND: GET /session/e92654ce08529da6aa8a1ad9d55850b5/element/f.2D1B8265A78BA1487979886821B0C8C8.d.C3B380B59B37C0C1967029A62D3146BB.e.6847/attribute/aria-checked - {}
COMMAND: GET /session/e92654ce08529da6aa8a1ad9d55850b5/screenshot - {}
RESULT: {}
COMMAND: POST /session/e92654ce08529da6aa8a1ad9d55850b5/element - {"using":"xpath","value":"//table[contains(@id, \"listView-innerSelectionPanelTable-listUl\")]/tbody/tr[19]/td[2]/div/div"}
RESULT: {}
RESULT: {"using":"xpath","value":"//table[contains(@id, \"listView-innerSelectionPanelTable-listUl\")]/tbody/tr[19]/td[2]/div/div"}
COMMAND: POST /session/e92654ce08529da6aa8a1ad9d55850b5/element - {"using":"xpath","value":"//table[contains(@id, \"listView-innerSelectionPanelTable-listUl\")]/tbody/tr[19]/td[2]/div"}
RESULT: {"using":"xpath","value":"//table[contains(@id, \"listView-innerSelectionPanelTable-listUl\")]/tbody/tr[19]/td[2]/div"}
COMMAND: POST /session/e92654ce08529da6aa8a1ad9d55850b5/element - {"using":"xpath","value":"//table[contains(@id, \"listView-innerSelectionPanelTable-listUl\")]/tbody/tr[19]/td[3]/div/div/span/span[1]/bdi"}
RESULT: {"using":"xpath","value":"//table[contains(@id, \"listView-innerSelectionPanelTable-listUl\")]/tbody/tr[19]/td[3]/div/div/span/span[1]/bdi"}
COMMAND: POST /session/e92654ce08529da6aa8a1ad9d55850b5/execute/sync - {"script":"<script> [56 bytes]","args":[{"element-6066-11e4-a52e-4f735466cecf":"f.2D1B8265A78BA1487979886821B0C8C8.d.C3B380B59B37C0C1967029A62D3146BB.e.6851","ELEMENT":"f.2D1B8265A78BA1487979886821B0C8C8.d.C3B380B59B37C0C1967029A62D3146BB.e.6851"}]}
RESULT: {"script":"<script> [56 bytes]","args":[{"element-6066-11e4-a52e-4f735466cecf":"f.2D1B8265A78BA1487979886821B0C8C8.d.C3B380B59B37C0C1967029A62D3146BB.e.6851","ELEMENT":"f.2D1B8265A78BA1487979886821B0C8C8.d.C3B380B59B37C0C1967029A62D3146BB.e.6851"}]}
COMMAND: GET /session/e92654ce08529da6aa8a1ad9d55850b5/element/f.2D1B8265A78BA1487979886821B0C8C8.d.C3B380B59B37C0C1967029A62D3146BB.e.6850/attribute/aria-checked - {}
COMMAND: GET /session/e92654ce08529da6aa8a1ad9d55850b5/screenshot - {}
RESULT: {}
COMMAND: POST /session/e92654ce08529da6aa8a1ad9d55850b5/element - {"using":"xpath","value":"//table[contains(@id, \"listView-innerSelectionPanelTable-listUl\")]/tbody/tr[20]/td[2]/div/div"}
RESULT: {}
RESULT: {"using":"xpath","value":"//table[contains(@id, \"listView-innerSelectionPanelTable-listUl\")]/tbody/tr[20]/td[2]/div/div"}
COMMAND: POST /session/e92654ce08529da6aa8a1ad9d55850b5/element - {"using":"xpath","value":"//table[contains(@id, \"listView-innerSelectionPanelTable-listUl\")]/tbody/tr[20]/td[2]/div"}
RESULT: {"using":"xpath","value":"//table[contains(@id, \"listView-innerSelectionPanelTable-listUl\")]/tbody/tr[20]/td[2]/div"}
COMMAND: POST /session/e92654ce08529da6aa8a1ad9d55850b5/element - {"using":"xpath","value":"//table[contains(@id, \"listView-innerSelectionPanelTable-listUl\")]/tbody/tr[20]/td[3]/div/div/span/span[1]/bdi"}
RESULT: {"using":"xpath","value":"//table[contains(@id, \"listView-innerSelectionPanelTable-listUl\")]/tbody/tr[20]/td[3]/div/div/span/span[1]/bdi"}
COMMAND: POST /session/e92654ce08529da6aa8a1ad9d55850b5/execute/sync - {"script":"<script> [56 bytes]","args":[{"element-6066-11e4-a52e-4f735466cecf":"f.2D1B8265A78BA1487979886821B0C8C8.d.C3B380B59B37C0C1967029A62D3146BB.e.6854","ELEMENT":"f.2D1B8265A78BA1487979886821B0C8C8.d.C3B380B59B37C0C1967029A62D3146BB.e.6854"}]}
RESULT: {"script":"<script> [56 bytes]","args":[{"element-6066-11e4-a52e-4f735466cecf":"f.2D1B8265A78BA1487979886821B0C8C8.d.C3B380B59B37C0C1967029A62D3146BB.e.6854","ELEMENT":"f.2D1B8265A78BA1487979886821B0C8C8.d.C3B380B59B37C0C1967029A62D3146BB.e.6854"}]}
COMMAND: GET /session/e92654ce08529da6aa8a1ad9d55850b5/element/f.2D1B8265A78BA1487979886821B0C8C8.d.C3B380B59B37C0C1967029A62D3146BB.e.6853/attribute/aria-checked - {}
COMMAND: GET /session/e92654ce08529da6aa8a1ad9d55850b5/screenshot - {}
RESULT: {}
COMMAND: POST /session/e92654ce08529da6aa8a1ad9d55850b5/element - {"using":"xpath","value":"//table[contains(@id, \"listView-innerSelectionPanelTable-listUl\")]/tbody/tr[21]/td[2]/div/div"}
RESULT: {}
RESULT: {"using":"xpath","value":"//table[contains(@id, \"listView-innerSelectionPanelTable-listUl\")]/tbody/tr[21]/td[2]/div/div"}
COMMAND: POST /session/e92654ce08529da6aa8a1ad9d55850b5/element - {"using":"xpath","value":"//table[contains(@id, \"listView-innerSelectionPanelTable-listUl\")]/tbody/tr[21]/td[2]/div"}
RESULT: {"using":"xpath","value":"//table[contains(@id, \"listView-innerSelectionPanelTable-listUl\")]/tbody/tr[21]/td[2]/div"}
COMMAND: POST /session/e92654ce08529da6aa8a1ad9d55850b5/element - {"using":"xpath","value":"//table[contains(@id, \"listView-innerSelectionPanelTable-listUl\")]/tbody/tr[21]/td[3]/div/div/span/span[1]/bdi"}
RESULT: {"using":"xpath","value":"//table[contains(@id, \"listView-innerSelectionPanelTable-listUl\")]/tbody/tr[21]/td[3]/div/div/span/span[1]/bdi"}
COMMAND: POST /session/e92654ce08529da6aa8a1ad9d55850b5/execute/sync - {"script":"<script> [56 bytes]","args":[{"element-6066-11e4-a52e-4f735466cecf":"f.2D1B8265A78BA1487979886821B0C8C8.d.C3B380B59B37C0C1967029A62D3146BB.e.6857","ELEMENT":"f.2D1B8265A78BA1487979886821B0C8C8.d.C3B380B59B37C0C1967029A62D3146BB.e.6857"}]}
RESULT: {"script":"<script> [56 bytes]","args":[{"element-6066-11e4-a52e-4f735466cecf":"f.2D1B8265A78BA1487979886821B0C8C8.d.C3B380B59B37C0C1967029A62D3146BB.e.6857","ELEMENT":"f.2D1B8265A78BA1487979886821B0C8C8.d.C3B380B59B37C0C1967029A62D3146BB.e.6857"}]}
COMMAND: GET /session/e92654ce08529da6aa8a1ad9d55850b5/element/f.2D1B8265A78BA1487979886821B0C8C8.d.C3B380B59B37C0C1967029A62D3146BB.e.6856/attribute/aria-checked - {}
COMMAND: GET /session/e92654ce08529da6aa8a1ad9d55850b5/screenshot - {}
RESULT: {}
COMMAND: POST /session/e92654ce08529da6aa8a1ad9d55850b5/element - {"using":"xpath","value":"//table[contains(@id, \"listView-innerSelectionPanelTable-listUl\")]/tbody/tr[22]/td[2]/div/div"}
RESULT: {}
RESULT: {"using":"xpath","value":"//table[contains(@id, \"listView-innerSelectionPanelTable-listUl\")]/tbody/tr[22]/td[2]/div/div"}
COMMAND: POST /session/e92654ce08529da6aa8a1ad9d55850b5/element - {"using":"xpath","value":"//table[contains(@id, \"listView-innerSelectionPanelTable-listUl\")]/tbody/tr[22]/td[2]/div"}
RESULT: {"using":"xpath","value":"//table[contains(@id, \"listView-innerSelectionPanelTable-listUl\")]/tbody/tr[22]/td[2]/div"}
COMMAND: POST /session/e92654ce08529da6aa8a1ad9d55850b5/element - {"using":"xpath","value":"//table[contains(@id, \"listView-innerSelectionPanelTable-listUl\")]/tbody/tr[22]/td[3]/div/div/span/span[1]/bdi"}
RESULT: {"using":"xpath","value":"//table[contains(@id, \"listView-innerSelectionPanelTable-listUl\")]/tbody/tr[22]/td[3]/div/div/span/span[1]/bdi"}
COMMAND: POST /session/e92654ce08529da6aa8a1ad9d55850b5/execute/sync - {"script":"<script> [56 bytes]","args":[{"element-6066-11e4-a52e-4f735466cecf":"f.2D1B8265A78BA1487979886821B0C8C8.d.C3B380B59B37C0C1967029A62D3146BB.e.6860","ELEMENT":"f.2D1B8265A78BA1487979886821B0C8C8.d.C3B380B59B37C0C1967029A62D3146BB.e.6860"}]}
RESULT: {"script":"<script> [56 bytes]","args":[{"element-6066-11e4-a52e-4f735466cecf":"f.2D1B8265A78BA1487979886821B0C8C8.d.C3B380B59B37C0C1967029A62D3146BB.e.6860","ELEMENT":"f.2D1B8265A78BA1487979886821B0C8C8.d.C3B380B59B37C0C1967029A62D3146BB.e.6860"}]}
COMMAND: GET /session/e92654ce08529da6aa8a1ad9d55850b5/element/f.2D1B8265A78BA1487979886821B0C8C8.d.C3B380B59B37C0C1967029A62D3146BB.e.6859/attribute/aria-checked - {}
COMMAND: GET /session/e92654ce08529da6aa8a1ad9d55850b5/screenshot - {}
RESULT: {}
COMMAND: POST /session/e92654ce08529da6aa8a1ad9d55850b5/element - {"using":"xpath","value":"//table[contains(@id, \"listView-innerSelectionPanelTable-listUl\")]/tbody/tr[23]/td[2]/div/div"}
RESULT: {}
RESULT: {"using":"xpath","value":"//table[contains(@id, \"listView-innerSelectionPanelTable-listUl\")]/tbody/tr[23]/td[2]/div/div"}
COMMAND: POST /session/e92654ce08529da6aa8a1ad9d55850b5/element - {"using":"xpath","value":"//table[contains(@id, \"listView-innerSelectionPanelTable-listUl\")]/tbody/tr[23]/td[2]/div"}
RESULT: {"using":"xpath","value":"//table[contains(@id, \"listView-innerSelectionPanelTable-listUl\")]/tbody/tr[23]/td[2]/div"}
COMMAND: POST /session/e92654ce08529da6aa8a1ad9d55850b5/element - {"using":"xpath","value":"//table[contains(@id, \"listView-innerSelectionPanelTable-listUl\")]/tbody/tr[23]/td[3]/div/div/span/span[1]/bdi"}
RESULT: {"using":"xpath","value":"//table[contains(@id, \"listView-innerSelectionPanelTable-listUl\")]/tbody/tr[23]/td[3]/div/div/span/span[1]/bdi"}
COMMAND: POST /session/e92654ce08529da6aa8a1ad9d55850b5/execute/sync - {"script":"<script> [56 bytes]","args":[{"element-6066-11e4-a52e-4f735466cecf":"f.2D1B8265A78BA1487979886821B0C8C8.d.C3B380B59B37C0C1967029A62D3146BB.e.6863","ELEMENT":"f.2D1B8265A78BA1487979886821B0C8C8.d.C3B380B59B37C0C1967029A62D3146BB.e.6863"}]}
RESULT: {"script":"<script> [56 bytes]","args":[{"element-6066-11e4-a52e-4f735466cecf":"f.2D1B8265A78BA1487979886821B0C8C8.d.C3B380B59B37C0C1967029A62D3146BB.e.6863","ELEMENT":"f.2D1B8265A78BA1487979886821B0C8C8.d.C3B380B59B37C0C1967029A62D3146BB.e.6863"}]}
COMMAND: GET /session/e92654ce08529da6aa8a1ad9d55850b5/element/f.2D1B8265A78BA1487979886821B0C8C8.d.C3B380B59B37C0C1967029A62D3146BB.e.6862/attribute/aria-checked - {}
COMMAND: GET /session/e92654ce08529da6aa8a1ad9d55850b5/screenshot - {}
RESULT: {}
COMMAND: POST /session/e92654ce08529da6aa8a1ad9d55850b5/element - {"using":"xpath","value":"//table[contains(@id, \"listView-innerSelectionPanelTable-listUl\")]/tbody/tr[24]/td[2]/div/div"}
RESULT: {}
RESULT: {"using":"xpath","value":"//table[contains(@id, \"listView-innerSelectionPanelTable-listUl\")]/tbody/tr[24]/td[2]/div/div"}
COMMAND: POST /session/e92654ce08529da6aa8a1ad9d55850b5/element - {"using":"xpath","value":"//table[contains(@id, \"listView-innerSelectionPanelTable-listUl\")]/tbody/tr[24]/td[2]/div"}
RESULT: {"using":"xpath","value":"//table[contains(@id, \"listView-innerSelectionPanelTable-listUl\")]/tbody/tr[24]/td[2]/div"}
COMMAND: POST /session/e92654ce08529da6aa8a1ad9d55850b5/element - {"using":"xpath","value":"//table[contains(@id, \"listView-innerSelectionPanelTable-listUl\")]/tbody/tr[24]/td[3]/div/div/span/span[1]/bdi"}
RESULT: {"using":"xpath","value":"//table[contains(@id, \"listView-innerSelectionPanelTable-listUl\")]/tbody/tr[24]/td[3]/div/div/span/span[1]/bdi"}
COMMAND: POST /session/e92654ce08529da6aa8a1ad9d55850b5/execute/sync - {"script":"<script> [56 bytes]","args":[{"element-6066-11e4-a52e-4f735466cecf":"f.2D1B8265A78BA1487979886821B0C8C8.d.C3B380B59B37C0C1967029A62D3146BB.e.6866","ELEMENT":"f.2D1B8265A78BA1487979886821B0C8C8.d.C3B380B59B37C0C1967029A62D3146BB.e.6866"}]}
RESULT: {"script":"<script> [56 bytes]","args":[{"element-6066-11e4-a52e-4f735466cecf":"f.2D1B8265A78BA1487979886821B0C8C8.d.C3B380B59B37C0C1967029A62D3146BB.e.6866","ELEMENT":"f.2D1B8265A78BA1487979886821B0C8C8.d.C3B380B59B37C0C1967029A62D3146BB.e.6866"}]}
COMMAND: GET /session/e92654ce08529da6aa8a1ad9d55850b5/element/f.2D1B8265A78BA1487979886821B0C8C8.d.C3B380B59B37C0C1967029A62D3146BB.e.6865/attribute/aria-checked - {}
COMMAND: GET /session/e92654ce08529da6aa8a1ad9d55850b5/screenshot - {}
RESULT: {}
COMMAND: POST /session/e92654ce08529da6aa8a1ad9d55850b5/element - {"using":"xpath","value":"//table[contains(@id, \"listView-innerSelectionPanelTable-listUl\")]/tbody/tr[25]/td[2]/div/div"}
RESULT: {}
RESULT: {"using":"xpath","value":"//table[contains(@id, \"listView-innerSelectionPanelTable-listUl\")]/tbody/tr[25]/td[2]/div/div"}
COMMAND: POST /session/e92654ce08529da6aa8a1ad9d55850b5/element - {"using":"xpath","value":"//table[contains(@id, \"listView-innerSelectionPanelTable-listUl\")]/tbody/tr[25]/td[2]/div"}
RESULT: {"using":"xpath","value":"//table[contains(@id, \"listView-innerSelectionPanelTable-listUl\")]/tbody/tr[25]/td[2]/div"}
COMMAND: POST /session/e92654ce08529da6aa8a1ad9d55850b5/element - {"using":"xpath","value":"//table[contains(@id, \"listView-innerSelectionPanelTable-listUl\")]/tbody/tr[25]/td[3]/div/div/span/span[1]/bdi"}
RESULT: {"using":"xpath","value":"//table[contains(@id, \"listView-innerSelectionPanelTable-listUl\")]/tbody/tr[25]/td[3]/div/div/span/span[1]/bdi"}
COMMAND: POST /session/e92654ce08529da6aa8a1ad9d55850b5/execute/sync - {"script":"<script> [56 bytes]","args":[{"element-6066-11e4-a52e-4f735466cecf":"f.2D1B8265A78BA1487979886821B0C8C8.d.C3B380B59B37C0C1967029A62D3146BB.e.6869","ELEMENT":"f.2D1B8265A78BA1487979886821B0C8C8.d.C3B380B59B37C0C1967029A62D3146BB.e.6869"}]}
RESULT: {"script":"<script> [56 bytes]","args":[{"element-6066-11e4-a52e-4f735466cecf":"f.2D1B8265A78BA1487979886821B0C8C8.d.C3B380B59B37C0C1967029A62D3146BB.e.6869","ELEMENT":"f.2D1B8265A78BA1487979886821B0C8C8.d.C3B380B59B37C0C1967029A62D3146BB.e.6869"}]}
COMMAND: GET /session/e92654ce08529da6aa8a1ad9d55850b5/element/f.2D1B8265A78BA1487979886821B0C8C8.d.C3B380B59B37C0C1967029A62D3146BB.e.6868/attribute/aria-checked - {}
COMMAND: GET /session/e92654ce08529da6aa8a1ad9d55850b5/screenshot - {}
RESULT: {}
COMMAND: POST /session/e92654ce08529da6aa8a1ad9d55850b5/element - {"using":"xpath","value":"//bdi[contains(text(), \"OK\")]"}
RESULT: {}
RESULT: {"using":"xpath","value":"//bdi[contains(text(), \"OK\")]"}
COMMAND: POST /session/e92654ce08529da6aa8a1ad9d55850b5/element/f.2D1B8265A78BA1487979886821B0C8C8.d.C3B380B59B37C0C1967029A62D3146BB.e.6870/click - {}
RESULT: {}
COMMAND: GET /session/e92654ce08529da6aa8a1ad9d55850b5/screenshot - {}
RESULT: {}
COMMAND: POST /session/e92654ce08529da6aa8a1ad9d55850b5/execute/async - {"script":"<script> [1562 bytes]","args":[{"selector":{"id":"application-managepartners-display-component---masterPtm--smartFilterBar-filterItemControlA_-LINK_TO_ADDRESSES_MAIN.CITY1-vhi"},"wdio_ui5_key":"applicationmanagepartners-display-component---masterPtm--smartFilterBar-filterItemControlA_-LINK_TO_ADDRESSES_MAIN.CITY1-vhi"}]}
RESULT: {"script":"<script> [1562 bytes]","args":[{"selector":{"id":"application-managepartners-display-component---masterPtm--smartFilterBar-filterItemControlA_-LINK_TO_ADDRESSES_MAIN.CITY1-vhi"},"wdio_ui5_key":"applicationmanagepartners-display-component---masterPtm--smartFilterBar-filterItemControlA_-LINK_TO_ADDRESSES_MAIN.CITY1-vhi"}]}
RESULT: undefined
COMMAND: POST /session/e92654ce08529da6aa8a1ad9d55850b5/element - {"using":"xpath","value":"//*[@id=\"application-managepartners-display-component---masterPtm--smartFilterBar-filterItemControlA_-LINK_TO_ADDRESSES_MAIN.CITY1-vhi\"]"}
RESULT: {"using":"xpath","value":"//*[@id=\"application-managepartners-display-component---masterPtm--smartFilterBar-filterItemControlA_-LINK_TO_ADDRESSES_MAIN.CITY1-vhi\"]"}
COMMAND: POST /session/e92654ce08529da6aa8a1ad9d55850b5/element/f.2D1B8265A78BA1487979886821B0C8C8.d.C3B380B59B37C0C1967029A62D3146BB.e.6884/click - {}
RESULT: {}
COMMAND: GET /session/e92654ce08529da6aa8a1ad9d55850b5/screenshot - {}
RESULT: {}
COMMAND: POST /session/e92654ce08529da6aa8a1ad9d55850b5/execute/async - {"script":"<script> [1562 bytes]","args":[{"selector":{"controlType":"sap.m.Input","viewName":"etm.portal.ui.managepartners.view.Master","viewId":"application-managepartners-display-component---masterPtm","properties":{"valueState":"None"},"searchOpenDialogs":true,"interaction":{"idSuffix":"inner"}},"wdio_ui5_key":"etmportal.ui.managepartners.view.Mastersap.m.Input{\"valueState\":\"None\"}"}]}
RESULT: {"script":"<script> [1562 bytes]","args":[{"selector":{"controlType":"sap.m.Input","viewName":"etm.portal.ui.managepartners.view.Master","viewId":"application-managepartners-display-component---masterPtm","properties":{"valueState":"None"},"searchOpenDialogs":true,"interaction":{"idSuffix":"inner"}},"wdio_ui5_key":"etmportal.ui.managepartners.view.Mastersap.m.Input{\"valueState\":\"None\"}"}]}
RESULT: undefined
COMMAND: POST /session/e92654ce08529da6aa8a1ad9d55850b5/execute/async - {"script":"<script> [776 bytes]","args":[{"enterText":"Bangalore","selector":{"controlType":"sap.m.Input","viewName":"etm.portal.ui.managepartners.view.Master","viewId":"application-managepartners-display-component---masterPtm","properties":{"valueState":"None"},"searchOpenDialogs":true,"interaction":{"idSuffix":"inner"}},"clearTextFirst":true,"interactionType":"ENTER_TEXT"}]}
RESULT: {"script":"<script> [776 bytes]","args":[{"enterText":"Bangalore","selector":{"controlType":"sap.m.Input","viewName":"etm.portal.ui.managepartners.view.Master","viewId":"application-managepartners-display-component---masterPtm","properties":{"valueState":"None"},"searchOpenDialogs":true,"interaction":{"idSuffix":"inner"}},"clearTextFirst":true,"interactionType":"ENTER_TEXT"}]}
COMMAND: POST /session/e92654ce08529da6aa8a1ad9d55850b5/actions - {"actions":[{"id":"action21","type":"key","parameters":{},"actions":[{"type":"keyDown","value":""},{"type":"pause","duration":10},{"type":"keyUp","value":""}]}]}
RESULT: {"actions":[{"id":"action21","type":"key","parameters":{},"actions":[{"type":"keyDown","value":""},{"type":"pause","duration":10},{"type":"keyUp","value":""}]}]}
COMMAND: GET /session/e92654ce08529da6aa8a1ad9d55850b5/screenshot - {}
RESULT: {}
COMMAND: POST /session/e92654ce08529da6aa8a1ad9d55850b5/element - {"using":"xpath","value":"(//bdi[contains(text(), \"OK\")])[1]"}
RESULT: {"using":"xpath","value":"(//bdi[contains(text(), \"OK\")])[1]"}
COMMAND: POST /session/e92654ce08529da6aa8a1ad9d55850b5/element/f.2D1B8265A78BA1487979886821B0C8C8.d.C3B380B59B37C0C1967029A62D3146BB.e.6890/click - {}
RESULT: {}
COMMAND: GET /session/e92654ce08529da6aa8a1ad9d55850b5/screenshot - {}
RESULT: {}
COMMAND: POST /session/e92654ce08529da6aa8a1ad9d55850b5/element - {"using":"xpath","value":"//span[@id=\"application-managepartners-display-component---masterPtm--smartTable-header-inner\"]"}
RESULT: {"using":"xpath","value":"//span[@id=\"application-managepartners-display-component---masterPtm--smartTable-header-inner\"]"}
COMMAND: POST /session/e92654ce08529da6aa8a1ad9d55850b5/elements - {"using":"xpath","value":"//span[@id=\"application-managepartners-display-component---masterPtm--smartTable-header-inner\"]"}
RESULT: {"using":"xpath","value":"//span[@id=\"application-managepartners-display-component---masterPtm--smartTable-header-inner\"]"}
COMMAND: POST /session/e92654ce08529da6aa8a1ad9d55850b5/execute/sync - {"script":"<script> [56 bytes]","args":[{"element-6066-11e4-a52e-4f735466cecf":"f.2D1B8265A78BA1487979886821B0C8C8.d.C3B380B59B37C0C1967029A62D3146BB.e.6007","ELEMENT":"f.2D1B8265A78BA1487979886821B0C8C8.d.C3B380B59B37C0C1967029A62D3146BB.e.6007"}]}
RESULT: {"script":"<script> [56 bytes]","args":[{"element-6066-11e4-a52e-4f735466cecf":"f.2D1B8265A78BA1487979886821B0C8C8.d.C3B380B59B37C0C1967029A62D3146BB.e.6007","ELEMENT":"f.2D1B8265A78BA1487979886821B0C8C8.d.C3B380B59B37C0C1967029A62D3146BB.e.6007"}]}
COMMAND: POST /session/e92654ce08529da6aa8a1ad9d55850b5/element - {"using":"xpath","value":"//span[contains(@title, \"Remove\")]"}
COMMAND: GET /session/e92654ce08529da6aa8a1ad9d55850b5/screenshot - {}
RESULT: {"using":"xpath","value":"//span[contains(@title, \"Remove\")]"}
COMMAND: POST /session/e92654ce08529da6aa8a1ad9d55850b5/element/f.2D1B8265A78BA1487979886821B0C8C8.d.C3B380B59B37C0C1967029A62D3146BB.e.7058/click - {}
RESULT: {}
RESULT: {}
COMMAND: GET /session/e92654ce08529da6aa8a1ad9d55850b5/screenshot - {}
RESULT: {}
COMMAND: POST /session/e92654ce08529da6aa8a1ad9d55850b5/element - {"using":"xpath","value":"//span[@id=\"application-managepartners-display-component---masterPtm--smartTable-header-inner\"]"}
RESULT: {"using":"xpath","value":"//span[@id=\"application-managepartners-display-component---masterPtm--smartTable-header-inner\"]"}
COMMAND: POST /session/e92654ce08529da6aa8a1ad9d55850b5/elements - {"using":"xpath","value":"//span[@id=\"application-managepartners-display-component---masterPtm--smartTable-header-inner\"]"}
RESULT: {"using":"xpath","value":"//span[@id=\"application-managepartners-display-component---masterPtm--smartTable-header-inner\"]"}
COMMAND: POST /session/e92654ce08529da6aa8a1ad9d55850b5/execute/sync - {"script":"<script> [56 bytes]","args":[{"element-6066-11e4-a52e-4f735466cecf":"f.2D1B8265A78BA1487979886821B0C8C8.d.C3B380B59B37C0C1967029A62D3146BB.e.6007","ELEMENT":"f.2D1B8265A78BA1487979886821B0C8C8.d.C3B380B59B37C0C1967029A62D3146BB.e.6007"}]}
RESULT: {"script":"<script> [56 bytes]","args":[{"element-6066-11e4-a52e-4f735466cecf":"f.2D1B8265A78BA1487979886821B0C8C8.d.C3B380B59B37C0C1967029A62D3146BB.e.6007","ELEMENT":"f.2D1B8265A78BA1487979886821B0C8C8.d.C3B380B59B37C0C1967029A62D3146BB.e.6007"}]}
COMMAND: POST /session/e92654ce08529da6aa8a1ad9d55850b5/element - {"using":"css selector","value":"#shell-header-logo"}
COMMAND: GET /session/e92654ce08529da6aa8a1ad9d55850b5/screenshot - {}
RESULT: {"using":"css selector","value":"#shell-header-logo"}
COMMAND: POST /session/e92654ce08529da6aa8a1ad9d55850b5/element/f.2D1B8265A78BA1487979886821B0C8C8.d.C3B380B59B37C0C1967029A62D3146BB.e.5834/click - {}
RESULT: {}
RESULT: {}
COMMAND: GET /session/e92654ce08529da6aa8a1ad9d55850b5/screenshot - {}
RESULT: {}
]]></system-out>
    </testcase>
    <testcase classname="chrome.135_0_7049_42.windows.Partner_specific_tests_US150819_US151080_US151654_US151176_US103444_US151078_US151079_US151109_US151174_US151175_US151189" name="Should try to save empty partner US151174" time="40.039">
      <system-out><![CDATA[
COMMAND: POST /session/e92654ce08529da6aa8a1ad9d55850b5/element - {"using":"xpath","value":"//li[.//span[text()=\"Manage Partners\"]]"}
RESULT: {"using":"xpath","value":"//li[.//span[text()=\"Manage Partners\"]]"}
COMMAND: POST /session/e92654ce08529da6aa8a1ad9d55850b5/element - {"using":"xpath","value":"//li[.//span[text()=\"Manage Partners\"]]"}
RESULT: {"using":"xpath","value":"//li[.//span[text()=\"Manage Partners\"]]"}
COMMAND: POST /session/e92654ce08529da6aa8a1ad9d55850b5/element - {"using":"css selector","value":"#shell-header-logo"}
RESULT: {"using":"css selector","value":"#shell-header-logo"}
COMMAND: POST /session/e92654ce08529da6aa8a1ad9d55850b5/element/f.2D1B8265A78BA1487979886821B0C8C8.d.C3B380B59B37C0C1967029A62D3146BB.e.7145/click - {}
COMMAND: POST /session/e92654ce08529da6aa8a1ad9d55850b5/execute/sync - {"script":"<script> [8489 bytes]","args":[{"element-6066-11e4-a52e-4f735466cecf":"f.2D1B8265A78BA1487979886821B0C8C8.d.C3B380B59B37C0C1967029A62D3146BB.e.7145","ELEMENT":"f.2D1B8265A78BA1487979886821B0C8C8.d.C3B380B59B37C0C1967029A62D3146BB.e.7145"}]}
RESULT: {}
COMMAND: GET /session/e92654ce08529da6aa8a1ad9d55850b5/screenshot - {}
RESULT: {"script":"<script> [8489 bytes]","args":[{"element-6066-11e4-a52e-4f735466cecf":"f.2D1B8265A78BA1487979886821B0C8C8.d.C3B380B59B37C0C1967029A62D3146BB.e.7145","ELEMENT":"f.2D1B8265A78BA1487979886821B0C8C8.d.C3B380B59B37C0C1967029A62D3146BB.e.7145"}]}
COMMAND: POST /session/e92654ce08529da6aa8a1ad9d55850b5/execute/sync - {"script":"<script> [5351 bytes]","args":[{"element-6066-11e4-a52e-4f735466cecf":"f.2D1B8265A78BA1487979886821B0C8C8.d.C3B380B59B37C0C1967029A62D3146BB.e.7145","ELEMENT":"f.2D1B8265A78BA1487979886821B0C8C8.d.C3B380B59B37C0C1967029A62D3146BB.e.7145"}]}
COMMAND: GET /session/e92654ce08529da6aa8a1ad9d55850b5/screenshot - {}
RESULT: {}
RESULT: {"script":"<script> [5351 bytes]","args":[{"element-6066-11e4-a52e-4f735466cecf":"f.2D1B8265A78BA1487979886821B0C8C8.d.C3B380B59B37C0C1967029A62D3146BB.e.7145","ELEMENT":"f.2D1B8265A78BA1487979886821B0C8C8.d.C3B380B59B37C0C1967029A62D3146BB.e.7145"}]}
COMMAND: GET /session/e92654ce08529da6aa8a1ad9d55850b5/screenshot - {}
RESULT: {}
RESULT: {}
RESULT: undefined
COMMAND: POST /session/e92654ce08529da6aa8a1ad9d55850b5/element - {"using":"xpath","value":"//*[@id=\"__tile30\"]"}
RESULT: {"using":"xpath","value":"//*[@id=\"__tile30\"]"}
COMMAND: POST /session/e92654ce08529da6aa8a1ad9d55850b5/element/f.2D1B8265A78BA1487979886821B0C8C8.d.C3B380B59B37C0C1967029A62D3146BB.e.4500/click - {}
RESULT: {}
COMMAND: POST /session/e92654ce08529da6aa8a1ad9d55850b5/element - {"using":"xpath","value":"//button[@data-kt=\"addButton\"]"}
COMMAND: GET /session/e92654ce08529da6aa8a1ad9d55850b5/screenshot - {}
RESULT: {"using":"xpath","value":"//button[@data-kt=\"addButton\"]"}
COMMAND: POST /session/e92654ce08529da6aa8a1ad9d55850b5/elements - {"using":"xpath","value":"//button[@data-kt=\"addButton\"]"}
RESULT: {}
RESULT: {"using":"xpath","value":"//button[@data-kt=\"addButton\"]"}
COMMAND: POST /session/e92654ce08529da6aa8a1ad9d55850b5/elements - {"using":"xpath","value":"//button[@data-kt=\"addButton\"]"}
RESULT: {"using":"xpath","value":"//button[@data-kt=\"addButton\"]"}
COMMAND: POST /session/e92654ce08529da6aa8a1ad9d55850b5/elements - {"using":"xpath","value":"//button[@data-kt=\"addButton\"]"}
RESULT: {"using":"xpath","value":"//button[@data-kt=\"addButton\"]"}
COMMAND: POST /session/e92654ce08529da6aa8a1ad9d55850b5/element - {"using":"xpath","value":"//button[@data-kt=\"addButton\"]"}
RESULT: {"using":"xpath","value":"//button[@data-kt=\"addButton\"]"}
COMMAND: POST /session/e92654ce08529da6aa8a1ad9d55850b5/execute/sync - {"script":"<script> [8489 bytes]","args":[{"element-6066-11e4-a52e-4f735466cecf":"f.2D1B8265A78BA1487979886821B0C8C8.d.C3B380B59B37C0C1967029A62D3146BB.e.7190","ELEMENT":"f.2D1B8265A78BA1487979886821B0C8C8.d.C3B380B59B37C0C1967029A62D3146BB.e.7190"}]}
RESULT: {"script":"<script> [8489 bytes]","args":[{"element-6066-11e4-a52e-4f735466cecf":"f.2D1B8265A78BA1487979886821B0C8C8.d.C3B380B59B37C0C1967029A62D3146BB.e.7190","ELEMENT":"f.2D1B8265A78BA1487979886821B0C8C8.d.C3B380B59B37C0C1967029A62D3146BB.e.7190"}]}
COMMAND: GET /session/e92654ce08529da6aa8a1ad9d55850b5/element/f.2D1B8265A78BA1487979886821B0C8C8.d.C3B380B59B37C0C1967029A62D3146BB.e.7190/enabled - {}
COMMAND: GET /session/e92654ce08529da6aa8a1ad9d55850b5/screenshot - {}
RESULT: {}
COMMAND: POST /session/e92654ce08529da6aa8a1ad9d55850b5/execute/sync - {"script":"<script> [8489 bytes]","args":[{"element-6066-11e4-a52e-4f735466cecf":"f.2D1B8265A78BA1487979886821B0C8C8.d.C3B380B59B37C0C1967029A62D3146BB.e.7190","ELEMENT":"f.2D1B8265A78BA1487979886821B0C8C8.d.C3B380B59B37C0C1967029A62D3146BB.e.7190"}]}
COMMAND: GET /session/e92654ce08529da6aa8a1ad9d55850b5/screenshot - {}
RESULT: {}
RESULT: {"script":"<script> [8489 bytes]","args":[{"element-6066-11e4-a52e-4f735466cecf":"f.2D1B8265A78BA1487979886821B0C8C8.d.C3B380B59B37C0C1967029A62D3146BB.e.7190","ELEMENT":"f.2D1B8265A78BA1487979886821B0C8C8.d.C3B380B59B37C0C1967029A62D3146BB.e.7190"}]}
COMMAND: POST /session/e92654ce08529da6aa8a1ad9d55850b5/execute/sync - {"script":"<script> [5351 bytes]","args":[{"element-6066-11e4-a52e-4f735466cecf":"f.2D1B8265A78BA1487979886821B0C8C8.d.C3B380B59B37C0C1967029A62D3146BB.e.7190","ELEMENT":"f.2D1B8265A78BA1487979886821B0C8C8.d.C3B380B59B37C0C1967029A62D3146BB.e.7190"}]}
COMMAND: GET /session/e92654ce08529da6aa8a1ad9d55850b5/screenshot - {}
RESULT: {}
RESULT: {"script":"<script> [5351 bytes]","args":[{"element-6066-11e4-a52e-4f735466cecf":"f.2D1B8265A78BA1487979886821B0C8C8.d.C3B380B59B37C0C1967029A62D3146BB.e.7190","ELEMENT":"f.2D1B8265A78BA1487979886821B0C8C8.d.C3B380B59B37C0C1967029A62D3146BB.e.7190"}]}
COMMAND: POST /session/e92654ce08529da6aa8a1ad9d55850b5/element/f.2D1B8265A78BA1487979886821B0C8C8.d.C3B380B59B37C0C1967029A62D3146BB.e.7190/click - {}
COMMAND: GET /session/e92654ce08529da6aa8a1ad9d55850b5/screenshot - {}
RESULT: {}
RESULT: {}
COMMAND: GET /session/e92654ce08529da6aa8a1ad9d55850b5/screenshot - {}
RESULT: {}
RESULT: {}
COMMAND: POST /session/e92654ce08529da6aa8a1ad9d55850b5/element - {"using":"xpath","value":"//button[@data-kt=\"saveButton\"]"}
RESULT: {"using":"xpath","value":"//button[@data-kt=\"saveButton\"]"}
COMMAND: POST /session/e92654ce08529da6aa8a1ad9d55850b5/element/f.2D1B8265A78BA1487979886821B0C8C8.d.C3B380B59B37C0C1967029A62D3146BB.e.7612/click - {}
RESULT: {}
COMMAND: GET /session/e92654ce08529da6aa8a1ad9d55850b5/screenshot - {}
RESULT: {}
COMMAND: POST /session/e92654ce08529da6aa8a1ad9d55850b5/element - {"using":"xpath","value":"//span[contains(@class, \"sapMMsgBoxText\")]"}
RESULT: {"using":"xpath","value":"//span[contains(@class, \"sapMMsgBoxText\")]"}
COMMAND: POST /session/e92654ce08529da6aa8a1ad9d55850b5/execute/sync - {"script":"<script> [56 bytes]","args":[{"element-6066-11e4-a52e-4f735466cecf":"f.2D1B8265A78BA1487979886821B0C8C8.d.C3B380B59B37C0C1967029A62D3146BB.e.7628","ELEMENT":"f.2D1B8265A78BA1487979886821B0C8C8.d.C3B380B59B37C0C1967029A62D3146BB.e.7628"}]}
RESULT: {"script":"<script> [56 bytes]","args":[{"element-6066-11e4-a52e-4f735466cecf":"f.2D1B8265A78BA1487979886821B0C8C8.d.C3B380B59B37C0C1967029A62D3146BB.e.7628","ELEMENT":"f.2D1B8265A78BA1487979886821B0C8C8.d.C3B380B59B37C0C1967029A62D3146BB.e.7628"}]}
COMMAND: POST /session/e92654ce08529da6aa8a1ad9d55850b5/element - {"using":"xpath","value":"(//bdi[contains(text(), \"Close\")])[1]"}
COMMAND: POST /session/e92654ce08529da6aa8a1ad9d55850b5/elements - {"using":"xpath","value":"//span[contains(@class, \"sapMMsgBoxText\")]"}
COMMAND: GET /session/e92654ce08529da6aa8a1ad9d55850b5/screenshot - {}
RESULT: {"using":"xpath","value":"(//bdi[contains(text(), \"Close\")])[1]"}
COMMAND: POST /session/e92654ce08529da6aa8a1ad9d55850b5/element/f.2D1B8265A78BA1487979886821B0C8C8.d.C3B380B59B37C0C1967029A62D3146BB.e.7629/click - {}
RESULT: {"using":"xpath","value":"//span[contains(@class, \"sapMMsgBoxText\")]"}
RESULT: {}
RESULT: {}
COMMAND: GET /session/e92654ce08529da6aa8a1ad9d55850b5/screenshot - {}
RESULT: {}
COMMAND: POST /session/e92654ce08529da6aa8a1ad9d55850b5/element - {"using":"css selector","value":"#shell-header-logo"}
RESULT: {"using":"css selector","value":"#shell-header-logo"}
COMMAND: POST /session/e92654ce08529da6aa8a1ad9d55850b5/element/f.2D1B8265A78BA1487979886821B0C8C8.d.C3B380B59B37C0C1967029A62D3146BB.e.7145/click - {}
RESULT: {}
COMMAND: GET /session/e92654ce08529da6aa8a1ad9d55850b5/screenshot - {}
RESULT: {}
]]></system-out>
    </testcase>
    <testcase classname="chrome.135_0_7049_42.windows.Partner_specific_tests_US150819_US151080_US151654_US151176_US103444_US151078_US151079_US151109_US151174_US151175_US151189" name="Should do various searches US151175" time="140.262">
      <system-out><![CDATA[
COMMAND: POST /session/e92654ce08529da6aa8a1ad9d55850b5/element - {"using":"xpath","value":"//li[.//span[text()=\"Manage Partners\"]]"}
RESULT: {"using":"xpath","value":"//li[.//span[text()=\"Manage Partners\"]]"}
COMMAND: POST /session/e92654ce08529da6aa8a1ad9d55850b5/element - {"using":"xpath","value":"//li[.//span[text()=\"Manage Partners\"]]"}
RESULT: {"using":"xpath","value":"//li[.//span[text()=\"Manage Partners\"]]"}
COMMAND: POST /session/e92654ce08529da6aa8a1ad9d55850b5/element - {"using":"css selector","value":"#shell-header-logo"}
RESULT: {"using":"css selector","value":"#shell-header-logo"}
COMMAND: POST /session/e92654ce08529da6aa8a1ad9d55850b5/element/f.2D1B8265A78BA1487979886821B0C8C8.d.C3B380B59B37C0C1967029A62D3146BB.e.7631/click - {}
COMMAND: POST /session/e92654ce08529da6aa8a1ad9d55850b5/execute/sync - {"script":"<script> [8489 bytes]","args":[{"element-6066-11e4-a52e-4f735466cecf":"f.2D1B8265A78BA1487979886821B0C8C8.d.C3B380B59B37C0C1967029A62D3146BB.e.7631","ELEMENT":"f.2D1B8265A78BA1487979886821B0C8C8.d.C3B380B59B37C0C1967029A62D3146BB.e.7631"}]}
RESULT: {}
COMMAND: GET /session/e92654ce08529da6aa8a1ad9d55850b5/screenshot - {}
RESULT: {"script":"<script> [8489 bytes]","args":[{"element-6066-11e4-a52e-4f735466cecf":"f.2D1B8265A78BA1487979886821B0C8C8.d.C3B380B59B37C0C1967029A62D3146BB.e.7631","ELEMENT":"f.2D1B8265A78BA1487979886821B0C8C8.d.C3B380B59B37C0C1967029A62D3146BB.e.7631"}]}
COMMAND: POST /session/e92654ce08529da6aa8a1ad9d55850b5/execute/sync - {"script":"<script> [5351 bytes]","args":[{"element-6066-11e4-a52e-4f735466cecf":"f.2D1B8265A78BA1487979886821B0C8C8.d.C3B380B59B37C0C1967029A62D3146BB.e.7631","ELEMENT":"f.2D1B8265A78BA1487979886821B0C8C8.d.C3B380B59B37C0C1967029A62D3146BB.e.7631"}]}
COMMAND: GET /session/e92654ce08529da6aa8a1ad9d55850b5/screenshot - {}
RESULT: {}
RESULT: {"script":"<script> [5351 bytes]","args":[{"element-6066-11e4-a52e-4f735466cecf":"f.2D1B8265A78BA1487979886821B0C8C8.d.C3B380B59B37C0C1967029A62D3146BB.e.7631","ELEMENT":"f.2D1B8265A78BA1487979886821B0C8C8.d.C3B380B59B37C0C1967029A62D3146BB.e.7631"}]}
COMMAND: GET /session/e92654ce08529da6aa8a1ad9d55850b5/screenshot - {}
RESULT: {}
RESULT: {}
RESULT: undefined
COMMAND: POST /session/e92654ce08529da6aa8a1ad9d55850b5/element - {"using":"xpath","value":"//*[@id=\"__tile30\"]"}
RESULT: {"using":"xpath","value":"//*[@id=\"__tile30\"]"}
COMMAND: POST /session/e92654ce08529da6aa8a1ad9d55850b5/element/f.2D1B8265A78BA1487979886821B0C8C8.d.C3B380B59B37C0C1967029A62D3146BB.e.4500/click - {}
RESULT: {}
COMMAND: POST /session/e92654ce08529da6aa8a1ad9d55850b5/element - {"using":"xpath","value":"//button[@data-kt=\"addButton\"]"}
COMMAND: GET /session/e92654ce08529da6aa8a1ad9d55850b5/screenshot - {}
RESULT: {"using":"xpath","value":"//button[@data-kt=\"addButton\"]"}
COMMAND: POST /session/e92654ce08529da6aa8a1ad9d55850b5/elements - {"using":"xpath","value":"//button[@data-kt=\"addButton\"]"}
RESULT: {}
RESULT: {"using":"xpath","value":"//button[@data-kt=\"addButton\"]"}
COMMAND: POST /session/e92654ce08529da6aa8a1ad9d55850b5/elements - {"using":"xpath","value":"//button[@data-kt=\"addButton\"]"}
RESULT: {"using":"xpath","value":"//button[@data-kt=\"addButton\"]"}
COMMAND: POST /session/e92654ce08529da6aa8a1ad9d55850b5/elements - {"using":"xpath","value":"//button[@data-kt=\"addButton\"]"}
RESULT: {"using":"xpath","value":"//button[@data-kt=\"addButton\"]"}
COMMAND: POST /session/e92654ce08529da6aa8a1ad9d55850b5/elements - {"using":"xpath","value":"//button[@data-kt=\"addButton\"]"}
RESULT: {"using":"xpath","value":"//button[@data-kt=\"addButton\"]"}
COMMAND: POST /session/e92654ce08529da6aa8a1ad9d55850b5/elements - {"using":"xpath","value":"//button[@data-kt=\"addButton\"]"}
RESULT: {"using":"xpath","value":"//button[@data-kt=\"addButton\"]"}
COMMAND: POST /session/e92654ce08529da6aa8a1ad9d55850b5/elements - {"using":"xpath","value":"//button[@data-kt=\"addButton\"]"}
RESULT: {"using":"xpath","value":"//button[@data-kt=\"addButton\"]"}
COMMAND: POST /session/e92654ce08529da6aa8a1ad9d55850b5/elements - {"using":"xpath","value":"//button[@data-kt=\"addButton\"]"}
RESULT: {"using":"xpath","value":"//button[@data-kt=\"addButton\"]"}
COMMAND: POST /session/e92654ce08529da6aa8a1ad9d55850b5/elements - {"using":"xpath","value":"//button[@data-kt=\"addButton\"]"}
RESULT: {"using":"xpath","value":"//button[@data-kt=\"addButton\"]"}
COMMAND: POST /session/e92654ce08529da6aa8a1ad9d55850b5/elements - {"using":"xpath","value":"//button[@data-kt=\"addButton\"]"}
RESULT: {"using":"xpath","value":"//button[@data-kt=\"addButton\"]"}
COMMAND: POST /session/e92654ce08529da6aa8a1ad9d55850b5/elements - {"using":"xpath","value":"//button[@data-kt=\"addButton\"]"}
RESULT: {"using":"xpath","value":"//button[@data-kt=\"addButton\"]"}
COMMAND: POST /session/e92654ce08529da6aa8a1ad9d55850b5/elements - {"using":"xpath","value":"//button[@data-kt=\"addButton\"]"}
RESULT: {"using":"xpath","value":"//button[@data-kt=\"addButton\"]"}
COMMAND: POST /session/e92654ce08529da6aa8a1ad9d55850b5/elements - {"using":"xpath","value":"//button[@data-kt=\"addButton\"]"}
RESULT: {"using":"xpath","value":"//button[@data-kt=\"addButton\"]"}
COMMAND: POST /session/e92654ce08529da6aa8a1ad9d55850b5/elements - {"using":"xpath","value":"//button[@data-kt=\"addButton\"]"}
RESULT: {"using":"xpath","value":"//button[@data-kt=\"addButton\"]"}
COMMAND: POST /session/e92654ce08529da6aa8a1ad9d55850b5/elements - {"using":"xpath","value":"//button[@data-kt=\"addButton\"]"}
RESULT: {"using":"xpath","value":"//button[@data-kt=\"addButton\"]"}
COMMAND: POST /session/e92654ce08529da6aa8a1ad9d55850b5/elements - {"using":"xpath","value":"//button[@data-kt=\"addButton\"]"}
RESULT: {"using":"xpath","value":"//button[@data-kt=\"addButton\"]"}
COMMAND: POST /session/e92654ce08529da6aa8a1ad9d55850b5/elements - {"using":"xpath","value":"//button[@data-kt=\"addButton\"]"}
RESULT: {"using":"xpath","value":"//button[@data-kt=\"addButton\"]"}
COMMAND: POST /session/e92654ce08529da6aa8a1ad9d55850b5/elements - {"using":"xpath","value":"//button[@data-kt=\"addButton\"]"}
RESULT: {"using":"xpath","value":"//button[@data-kt=\"addButton\"]"}
COMMAND: POST /session/e92654ce08529da6aa8a1ad9d55850b5/elements - {"using":"xpath","value":"//button[@data-kt=\"addButton\"]"}
RESULT: {"using":"xpath","value":"//button[@data-kt=\"addButton\"]"}
COMMAND: POST /session/e92654ce08529da6aa8a1ad9d55850b5/element - {"using":"xpath","value":"//button[@data-kt=\"addButton\"]"}
RESULT: {"using":"xpath","value":"//button[@data-kt=\"addButton\"]"}
COMMAND: POST /session/e92654ce08529da6aa8a1ad9d55850b5/execute/sync - {"script":"<script> [8489 bytes]","args":[{"element-6066-11e4-a52e-4f735466cecf":"f.2D1B8265A78BA1487979886821B0C8C8.d.C3B380B59B37C0C1967029A62D3146BB.e.7677","ELEMENT":"f.2D1B8265A78BA1487979886821B0C8C8.d.C3B380B59B37C0C1967029A62D3146BB.e.7677"}]}
RESULT: {"script":"<script> [8489 bytes]","args":[{"element-6066-11e4-a52e-4f735466cecf":"f.2D1B8265A78BA1487979886821B0C8C8.d.C3B380B59B37C0C1967029A62D3146BB.e.7677","ELEMENT":"f.2D1B8265A78BA1487979886821B0C8C8.d.C3B380B59B37C0C1967029A62D3146BB.e.7677"}]}
COMMAND: GET /session/e92654ce08529da6aa8a1ad9d55850b5/element/f.2D1B8265A78BA1487979886821B0C8C8.d.C3B380B59B37C0C1967029A62D3146BB.e.7677/enabled - {}
COMMAND: GET /session/e92654ce08529da6aa8a1ad9d55850b5/screenshot - {}
RESULT: {}
COMMAND: POST /session/e92654ce08529da6aa8a1ad9d55850b5/execute/sync - {"script":"<script> [8489 bytes]","args":[{"element-6066-11e4-a52e-4f735466cecf":"f.2D1B8265A78BA1487979886821B0C8C8.d.C3B380B59B37C0C1967029A62D3146BB.e.7677","ELEMENT":"f.2D1B8265A78BA1487979886821B0C8C8.d.C3B380B59B37C0C1967029A62D3146BB.e.7677"}]}
COMMAND: GET /session/e92654ce08529da6aa8a1ad9d55850b5/screenshot - {}
RESULT: {}
RESULT: {"script":"<script> [8489 bytes]","args":[{"element-6066-11e4-a52e-4f735466cecf":"f.2D1B8265A78BA1487979886821B0C8C8.d.C3B380B59B37C0C1967029A62D3146BB.e.7677","ELEMENT":"f.2D1B8265A78BA1487979886821B0C8C8.d.C3B380B59B37C0C1967029A62D3146BB.e.7677"}]}
COMMAND: POST /session/e92654ce08529da6aa8a1ad9d55850b5/execute/sync - {"script":"<script> [5351 bytes]","args":[{"element-6066-11e4-a52e-4f735466cecf":"f.2D1B8265A78BA1487979886821B0C8C8.d.C3B380B59B37C0C1967029A62D3146BB.e.7677","ELEMENT":"f.2D1B8265A78BA1487979886821B0C8C8.d.C3B380B59B37C0C1967029A62D3146BB.e.7677"}]}
COMMAND: GET /session/e92654ce08529da6aa8a1ad9d55850b5/screenshot - {}
RESULT: {}
RESULT: {"script":"<script> [5351 bytes]","args":[{"element-6066-11e4-a52e-4f735466cecf":"f.2D1B8265A78BA1487979886821B0C8C8.d.C3B380B59B37C0C1967029A62D3146BB.e.7677","ELEMENT":"f.2D1B8265A78BA1487979886821B0C8C8.d.C3B380B59B37C0C1967029A62D3146BB.e.7677"}]}
COMMAND: GET /session/e92654ce08529da6aa8a1ad9d55850b5/screenshot - {}
RESULT: {}
RESULT: {}
COMMAND: POST /session/e92654ce08529da6aa8a1ad9d55850b5/element - {"using":"xpath","value":"//span[@id=\"application-managepartners-display-component---masterPtm--smartTable-header-inner\"]"}
RESULT: {"using":"xpath","value":"//span[@id=\"application-managepartners-display-component---masterPtm--smartTable-header-inner\"]"}
COMMAND: POST /session/e92654ce08529da6aa8a1ad9d55850b5/elements - {"using":"xpath","value":"//span[@id=\"application-managepartners-display-component---masterPtm--smartTable-header-inner\"]"}
RESULT: {"using":"xpath","value":"//span[@id=\"application-managepartners-display-component---masterPtm--smartTable-header-inner\"]"}
COMMAND: POST /session/e92654ce08529da6aa8a1ad9d55850b5/execute/sync - {"script":"<script> [56 bytes]","args":[{"element-6066-11e4-a52e-4f735466cecf":"f.2D1B8265A78BA1487979886821B0C8C8.d.C3B380B59B37C0C1967029A62D3146BB.e.7800","ELEMENT":"f.2D1B8265A78BA1487979886821B0C8C8.d.C3B380B59B37C0C1967029A62D3146BB.e.7800"}]}
RESULT: {"script":"<script> [56 bytes]","args":[{"element-6066-11e4-a52e-4f735466cecf":"f.2D1B8265A78BA1487979886821B0C8C8.d.C3B380B59B37C0C1967029A62D3146BB.e.7800","ELEMENT":"f.2D1B8265A78BA1487979886821B0C8C8.d.C3B380B59B37C0C1967029A62D3146BB.e.7800"}]}
RESULT: undefined
COMMAND: POST /session/e92654ce08529da6aa8a1ad9d55850b5/element - {"using":"xpath","value":"//*[@id=\"application-managepartners-display-component---masterPtm--smartFilterBar-btnFilters\"]"}
COMMAND: GET /session/e92654ce08529da6aa8a1ad9d55850b5/screenshot - {}
RESULT: {"using":"xpath","value":"//*[@id=\"application-managepartners-display-component---masterPtm--smartFilterBar-btnFilters\"]"}
COMMAND: POST /session/e92654ce08529da6aa8a1ad9d55850b5/element/f.2D1B8265A78BA1487979886821B0C8C8.d.C3B380B59B37C0C1967029A62D3146BB.e.7653/click - {}
RESULT: {}
RESULT: {}
COMMAND: GET /session/e92654ce08529da6aa8a1ad9d55850b5/screenshot - {}
RESULT: {}
COMMAND: POST /session/e92654ce08529da6aa8a1ad9d55850b5/elements - {"using":"xpath","value":"//table[contains(@id, \"listView-innerSelectionPanelTable-listUl\")]/tbody/tr"}
RESULT: {"using":"xpath","value":"//table[contains(@id, \"listView-innerSelectionPanelTable-listUl\")]/tbody/tr"}
COMMAND: POST /session/e92654ce08529da6aa8a1ad9d55850b5/element - {"using":"xpath","value":"//table[contains(@id, \"listView-innerSelectionPanelTable-listUl\")]/tbody/tr[2]/td[2]/div/div"}
RESULT: {"using":"xpath","value":"//table[contains(@id, \"listView-innerSelectionPanelTable-listUl\")]/tbody/tr[2]/td[2]/div/div"}
COMMAND: POST /session/e92654ce08529da6aa8a1ad9d55850b5/element - {"using":"xpath","value":"//table[contains(@id, \"listView-innerSelectionPanelTable-listUl\")]/tbody/tr[2]/td[2]/div"}
RESULT: {"using":"xpath","value":"//table[contains(@id, \"listView-innerSelectionPanelTable-listUl\")]/tbody/tr[2]/td[2]/div"}
COMMAND: POST /session/e92654ce08529da6aa8a1ad9d55850b5/element - {"using":"xpath","value":"//table[contains(@id, \"listView-innerSelectionPanelTable-listUl\")]/tbody/tr[2]/td[3]/div/div/span/span[1]/bdi"}
RESULT: {"using":"xpath","value":"//table[contains(@id, \"listView-innerSelectionPanelTable-listUl\")]/tbody/tr[2]/td[3]/div/div/span/span[1]/bdi"}
COMMAND: POST /session/e92654ce08529da6aa8a1ad9d55850b5/execute/sync - {"script":"<script> [56 bytes]","args":[{"element-6066-11e4-a52e-4f735466cecf":"f.2D1B8265A78BA1487979886821B0C8C8.d.C3B380B59B37C0C1967029A62D3146BB.e.7868","ELEMENT":"f.2D1B8265A78BA1487979886821B0C8C8.d.C3B380B59B37C0C1967029A62D3146BB.e.7868"}]}
RESULT: {"script":"<script> [56 bytes]","args":[{"element-6066-11e4-a52e-4f735466cecf":"f.2D1B8265A78BA1487979886821B0C8C8.d.C3B380B59B37C0C1967029A62D3146BB.e.7868","ELEMENT":"f.2D1B8265A78BA1487979886821B0C8C8.d.C3B380B59B37C0C1967029A62D3146BB.e.7868"}]}
COMMAND: GET /session/e92654ce08529da6aa8a1ad9d55850b5/element/f.2D1B8265A78BA1487979886821B0C8C8.d.C3B380B59B37C0C1967029A62D3146BB.e.7867/attribute/aria-checked - {}
COMMAND: GET /session/e92654ce08529da6aa8a1ad9d55850b5/screenshot - {}
RESULT: {}
COMMAND: POST /session/e92654ce08529da6aa8a1ad9d55850b5/element - {"using":"xpath","value":"//table[contains(@id, \"listView-innerSelectionPanelTable-listUl\")]/tbody/tr[3]/td[2]/div/div"}
RESULT: {}
RESULT: {"using":"xpath","value":"//table[contains(@id, \"listView-innerSelectionPanelTable-listUl\")]/tbody/tr[3]/td[2]/div/div"}
COMMAND: POST /session/e92654ce08529da6aa8a1ad9d55850b5/element - {"using":"xpath","value":"//table[contains(@id, \"listView-innerSelectionPanelTable-listUl\")]/tbody/tr[3]/td[2]/div"}
RESULT: {"using":"xpath","value":"//table[contains(@id, \"listView-innerSelectionPanelTable-listUl\")]/tbody/tr[3]/td[2]/div"}
COMMAND: POST /session/e92654ce08529da6aa8a1ad9d55850b5/element - {"using":"xpath","value":"//table[contains(@id, \"listView-innerSelectionPanelTable-listUl\")]/tbody/tr[3]/td[3]/div/div/span/span[1]/bdi"}
RESULT: {"using":"xpath","value":"//table[contains(@id, \"listView-innerSelectionPanelTable-listUl\")]/tbody/tr[3]/td[3]/div/div/span/span[1]/bdi"}
COMMAND: POST /session/e92654ce08529da6aa8a1ad9d55850b5/execute/sync - {"script":"<script> [56 bytes]","args":[{"element-6066-11e4-a52e-4f735466cecf":"f.2D1B8265A78BA1487979886821B0C8C8.d.C3B380B59B37C0C1967029A62D3146BB.e.7871","ELEMENT":"f.2D1B8265A78BA1487979886821B0C8C8.d.C3B380B59B37C0C1967029A62D3146BB.e.7871"}]}
RESULT: {"script":"<script> [56 bytes]","args":[{"element-6066-11e4-a52e-4f735466cecf":"f.2D1B8265A78BA1487979886821B0C8C8.d.C3B380B59B37C0C1967029A62D3146BB.e.7871","ELEMENT":"f.2D1B8265A78BA1487979886821B0C8C8.d.C3B380B59B37C0C1967029A62D3146BB.e.7871"}]}
COMMAND: GET /session/e92654ce08529da6aa8a1ad9d55850b5/element/f.2D1B8265A78BA1487979886821B0C8C8.d.C3B380B59B37C0C1967029A62D3146BB.e.7870/attribute/aria-checked - {}
COMMAND: GET /session/e92654ce08529da6aa8a1ad9d55850b5/screenshot - {}
RESULT: {}
COMMAND: POST /session/e92654ce08529da6aa8a1ad9d55850b5/element - {"using":"xpath","value":"//table[contains(@id, \"listView-innerSelectionPanelTable-listUl\")]/tbody/tr[4]/td[2]/div/div"}
RESULT: {}
RESULT: {"using":"xpath","value":"//table[contains(@id, \"listView-innerSelectionPanelTable-listUl\")]/tbody/tr[4]/td[2]/div/div"}
COMMAND: POST /session/e92654ce08529da6aa8a1ad9d55850b5/element - {"using":"xpath","value":"//table[contains(@id, \"listView-innerSelectionPanelTable-listUl\")]/tbody/tr[4]/td[2]/div"}
RESULT: {"using":"xpath","value":"//table[contains(@id, \"listView-innerSelectionPanelTable-listUl\")]/tbody/tr[4]/td[2]/div"}
COMMAND: POST /session/e92654ce08529da6aa8a1ad9d55850b5/element - {"using":"xpath","value":"//table[contains(@id, \"listView-innerSelectionPanelTable-listUl\")]/tbody/tr[4]/td[3]/div/div/span/span[1]/bdi"}
RESULT: {"using":"xpath","value":"//table[contains(@id, \"listView-innerSelectionPanelTable-listUl\")]/tbody/tr[4]/td[3]/div/div/span/span[1]/bdi"}
COMMAND: POST /session/e92654ce08529da6aa8a1ad9d55850b5/execute/sync - {"script":"<script> [56 bytes]","args":[{"element-6066-11e4-a52e-4f735466cecf":"f.2D1B8265A78BA1487979886821B0C8C8.d.C3B380B59B37C0C1967029A62D3146BB.e.7874","ELEMENT":"f.2D1B8265A78BA1487979886821B0C8C8.d.C3B380B59B37C0C1967029A62D3146BB.e.7874"}]}
RESULT: {"script":"<script> [56 bytes]","args":[{"element-6066-11e4-a52e-4f735466cecf":"f.2D1B8265A78BA1487979886821B0C8C8.d.C3B380B59B37C0C1967029A62D3146BB.e.7874","ELEMENT":"f.2D1B8265A78BA1487979886821B0C8C8.d.C3B380B59B37C0C1967029A62D3146BB.e.7874"}]}
COMMAND: GET /session/e92654ce08529da6aa8a1ad9d55850b5/element/f.2D1B8265A78BA1487979886821B0C8C8.d.C3B380B59B37C0C1967029A62D3146BB.e.7873/attribute/aria-checked - {}
COMMAND: GET /session/e92654ce08529da6aa8a1ad9d55850b5/screenshot - {}
RESULT: {}
COMMAND: POST /session/e92654ce08529da6aa8a1ad9d55850b5/element - {"using":"xpath","value":"//table[contains(@id, \"listView-innerSelectionPanelTable-listUl\")]/tbody/tr[5]/td[2]/div/div"}
RESULT: {}
RESULT: {"using":"xpath","value":"//table[contains(@id, \"listView-innerSelectionPanelTable-listUl\")]/tbody/tr[5]/td[2]/div/div"}
COMMAND: POST /session/e92654ce08529da6aa8a1ad9d55850b5/element - {"using":"xpath","value":"//table[contains(@id, \"listView-innerSelectionPanelTable-listUl\")]/tbody/tr[5]/td[2]/div"}
RESULT: {"using":"xpath","value":"//table[contains(@id, \"listView-innerSelectionPanelTable-listUl\")]/tbody/tr[5]/td[2]/div"}
COMMAND: POST /session/e92654ce08529da6aa8a1ad9d55850b5/element - {"using":"xpath","value":"//table[contains(@id, \"listView-innerSelectionPanelTable-listUl\")]/tbody/tr[5]/td[3]/div/div/span/span[1]/bdi"}
RESULT: {"using":"xpath","value":"//table[contains(@id, \"listView-innerSelectionPanelTable-listUl\")]/tbody/tr[5]/td[3]/div/div/span/span[1]/bdi"}
COMMAND: POST /session/e92654ce08529da6aa8a1ad9d55850b5/execute/sync - {"script":"<script> [56 bytes]","args":[{"element-6066-11e4-a52e-4f735466cecf":"f.2D1B8265A78BA1487979886821B0C8C8.d.C3B380B59B37C0C1967029A62D3146BB.e.7877","ELEMENT":"f.2D1B8265A78BA1487979886821B0C8C8.d.C3B380B59B37C0C1967029A62D3146BB.e.7877"}]}
RESULT: {"script":"<script> [56 bytes]","args":[{"element-6066-11e4-a52e-4f735466cecf":"f.2D1B8265A78BA1487979886821B0C8C8.d.C3B380B59B37C0C1967029A62D3146BB.e.7877","ELEMENT":"f.2D1B8265A78BA1487979886821B0C8C8.d.C3B380B59B37C0C1967029A62D3146BB.e.7877"}]}
COMMAND: GET /session/e92654ce08529da6aa8a1ad9d55850b5/element/f.2D1B8265A78BA1487979886821B0C8C8.d.C3B380B59B37C0C1967029A62D3146BB.e.7876/attribute/aria-checked - {}
COMMAND: GET /session/e92654ce08529da6aa8a1ad9d55850b5/screenshot - {}
RESULT: {}
COMMAND: POST /session/e92654ce08529da6aa8a1ad9d55850b5/element - {"using":"xpath","value":"//table[contains(@id, \"listView-innerSelectionPanelTable-listUl\")]/tbody/tr[6]/td[2]/div/div"}
RESULT: {}
RESULT: {"using":"xpath","value":"//table[contains(@id, \"listView-innerSelectionPanelTable-listUl\")]/tbody/tr[6]/td[2]/div/div"}
COMMAND: POST /session/e92654ce08529da6aa8a1ad9d55850b5/element - {"using":"xpath","value":"//table[contains(@id, \"listView-innerSelectionPanelTable-listUl\")]/tbody/tr[6]/td[2]/div"}
RESULT: {"using":"xpath","value":"//table[contains(@id, \"listView-innerSelectionPanelTable-listUl\")]/tbody/tr[6]/td[2]/div"}
COMMAND: POST /session/e92654ce08529da6aa8a1ad9d55850b5/element - {"using":"xpath","value":"//table[contains(@id, \"listView-innerSelectionPanelTable-listUl\")]/tbody/tr[6]/td[3]/div/div/span/span[1]/bdi"}
RESULT: {"using":"xpath","value":"//table[contains(@id, \"listView-innerSelectionPanelTable-listUl\")]/tbody/tr[6]/td[3]/div/div/span/span[1]/bdi"}
COMMAND: POST /session/e92654ce08529da6aa8a1ad9d55850b5/execute/sync - {"script":"<script> [56 bytes]","args":[{"element-6066-11e4-a52e-4f735466cecf":"f.2D1B8265A78BA1487979886821B0C8C8.d.C3B380B59B37C0C1967029A62D3146BB.e.7880","ELEMENT":"f.2D1B8265A78BA1487979886821B0C8C8.d.C3B380B59B37C0C1967029A62D3146BB.e.7880"}]}
RESULT: {"script":"<script> [56 bytes]","args":[{"element-6066-11e4-a52e-4f735466cecf":"f.2D1B8265A78BA1487979886821B0C8C8.d.C3B380B59B37C0C1967029A62D3146BB.e.7880","ELEMENT":"f.2D1B8265A78BA1487979886821B0C8C8.d.C3B380B59B37C0C1967029A62D3146BB.e.7880"}]}
COMMAND: GET /session/e92654ce08529da6aa8a1ad9d55850b5/element/f.2D1B8265A78BA1487979886821B0C8C8.d.C3B380B59B37C0C1967029A62D3146BB.e.7879/attribute/aria-checked - {}
COMMAND: GET /session/e92654ce08529da6aa8a1ad9d55850b5/screenshot - {}
RESULT: {}
COMMAND: POST /session/e92654ce08529da6aa8a1ad9d55850b5/element - {"using":"xpath","value":"//table[contains(@id, \"listView-innerSelectionPanelTable-listUl\")]/tbody/tr[7]/td[2]/div/div"}
RESULT: {}
RESULT: {"using":"xpath","value":"//table[contains(@id, \"listView-innerSelectionPanelTable-listUl\")]/tbody/tr[7]/td[2]/div/div"}
COMMAND: POST /session/e92654ce08529da6aa8a1ad9d55850b5/element - {"using":"xpath","value":"//table[contains(@id, \"listView-innerSelectionPanelTable-listUl\")]/tbody/tr[7]/td[2]/div"}
RESULT: {"using":"xpath","value":"//table[contains(@id, \"listView-innerSelectionPanelTable-listUl\")]/tbody/tr[7]/td[2]/div"}
COMMAND: POST /session/e92654ce08529da6aa8a1ad9d55850b5/element - {"using":"xpath","value":"//table[contains(@id, \"listView-innerSelectionPanelTable-listUl\")]/tbody/tr[7]/td[3]/div/div/span/span[1]/bdi"}
RESULT: {"using":"xpath","value":"//table[contains(@id, \"listView-innerSelectionPanelTable-listUl\")]/tbody/tr[7]/td[3]/div/div/span/span[1]/bdi"}
COMMAND: POST /session/e92654ce08529da6aa8a1ad9d55850b5/execute/sync - {"script":"<script> [56 bytes]","args":[{"element-6066-11e4-a52e-4f735466cecf":"f.2D1B8265A78BA1487979886821B0C8C8.d.C3B380B59B37C0C1967029A62D3146BB.e.7883","ELEMENT":"f.2D1B8265A78BA1487979886821B0C8C8.d.C3B380B59B37C0C1967029A62D3146BB.e.7883"}]}
RESULT: {"script":"<script> [56 bytes]","args":[{"element-6066-11e4-a52e-4f735466cecf":"f.2D1B8265A78BA1487979886821B0C8C8.d.C3B380B59B37C0C1967029A62D3146BB.e.7883","ELEMENT":"f.2D1B8265A78BA1487979886821B0C8C8.d.C3B380B59B37C0C1967029A62D3146BB.e.7883"}]}
COMMAND: GET /session/e92654ce08529da6aa8a1ad9d55850b5/element/f.2D1B8265A78BA1487979886821B0C8C8.d.C3B380B59B37C0C1967029A62D3146BB.e.7882/attribute/aria-checked - {}
COMMAND: GET /session/e92654ce08529da6aa8a1ad9d55850b5/screenshot - {}
RESULT: {}
COMMAND: POST /session/e92654ce08529da6aa8a1ad9d55850b5/element - {"using":"xpath","value":"//table[contains(@id, \"listView-innerSelectionPanelTable-listUl\")]/tbody/tr[8]/td[2]/div/div"}
RESULT: {}
RESULT: {"using":"xpath","value":"//table[contains(@id, \"listView-innerSelectionPanelTable-listUl\")]/tbody/tr[8]/td[2]/div/div"}
COMMAND: POST /session/e92654ce08529da6aa8a1ad9d55850b5/element - {"using":"xpath","value":"//table[contains(@id, \"listView-innerSelectionPanelTable-listUl\")]/tbody/tr[8]/td[2]/div"}
RESULT: {"using":"xpath","value":"//table[contains(@id, \"listView-innerSelectionPanelTable-listUl\")]/tbody/tr[8]/td[2]/div"}
COMMAND: POST /session/e92654ce08529da6aa8a1ad9d55850b5/element - {"using":"xpath","value":"//table[contains(@id, \"listView-innerSelectionPanelTable-listUl\")]/tbody/tr[8]/td[3]/div/div/span/span[1]/bdi"}
RESULT: {"using":"xpath","value":"//table[contains(@id, \"listView-innerSelectionPanelTable-listUl\")]/tbody/tr[8]/td[3]/div/div/span/span[1]/bdi"}
COMMAND: POST /session/e92654ce08529da6aa8a1ad9d55850b5/execute/sync - {"script":"<script> [56 bytes]","args":[{"element-6066-11e4-a52e-4f735466cecf":"f.2D1B8265A78BA1487979886821B0C8C8.d.C3B380B59B37C0C1967029A62D3146BB.e.7886","ELEMENT":"f.2D1B8265A78BA1487979886821B0C8C8.d.C3B380B59B37C0C1967029A62D3146BB.e.7886"}]}
RESULT: {"script":"<script> [56 bytes]","args":[{"element-6066-11e4-a52e-4f735466cecf":"f.2D1B8265A78BA1487979886821B0C8C8.d.C3B380B59B37C0C1967029A62D3146BB.e.7886","ELEMENT":"f.2D1B8265A78BA1487979886821B0C8C8.d.C3B380B59B37C0C1967029A62D3146BB.e.7886"}]}
COMMAND: GET /session/e92654ce08529da6aa8a1ad9d55850b5/element/f.2D1B8265A78BA1487979886821B0C8C8.d.C3B380B59B37C0C1967029A62D3146BB.e.7885/attribute/aria-checked - {}
COMMAND: GET /session/e92654ce08529da6aa8a1ad9d55850b5/screenshot - {}
RESULT: {}
COMMAND: POST /session/e92654ce08529da6aa8a1ad9d55850b5/element - {"using":"xpath","value":"//table[contains(@id, \"listView-innerSelectionPanelTable-listUl\")]/tbody/tr[9]/td[2]/div/div"}
RESULT: {}
RESULT: {"using":"xpath","value":"//table[contains(@id, \"listView-innerSelectionPanelTable-listUl\")]/tbody/tr[9]/td[2]/div/div"}
COMMAND: POST /session/e92654ce08529da6aa8a1ad9d55850b5/element - {"using":"xpath","value":"//table[contains(@id, \"listView-innerSelectionPanelTable-listUl\")]/tbody/tr[9]/td[2]/div"}
RESULT: {"using":"xpath","value":"//table[contains(@id, \"listView-innerSelectionPanelTable-listUl\")]/tbody/tr[9]/td[2]/div"}
COMMAND: POST /session/e92654ce08529da6aa8a1ad9d55850b5/element - {"using":"xpath","value":"//table[contains(@id, \"listView-innerSelectionPanelTable-listUl\")]/tbody/tr[9]/td[3]/div/div/span/span[1]/bdi"}
RESULT: {"using":"xpath","value":"//table[contains(@id, \"listView-innerSelectionPanelTable-listUl\")]/tbody/tr[9]/td[3]/div/div/span/span[1]/bdi"}
COMMAND: POST /session/e92654ce08529da6aa8a1ad9d55850b5/execute/sync - {"script":"<script> [56 bytes]","args":[{"element-6066-11e4-a52e-4f735466cecf":"f.2D1B8265A78BA1487979886821B0C8C8.d.C3B380B59B37C0C1967029A62D3146BB.e.7889","ELEMENT":"f.2D1B8265A78BA1487979886821B0C8C8.d.C3B380B59B37C0C1967029A62D3146BB.e.7889"}]}
RESULT: {"script":"<script> [56 bytes]","args":[{"element-6066-11e4-a52e-4f735466cecf":"f.2D1B8265A78BA1487979886821B0C8C8.d.C3B380B59B37C0C1967029A62D3146BB.e.7889","ELEMENT":"f.2D1B8265A78BA1487979886821B0C8C8.d.C3B380B59B37C0C1967029A62D3146BB.e.7889"}]}
COMMAND: GET /session/e92654ce08529da6aa8a1ad9d55850b5/element/f.2D1B8265A78BA1487979886821B0C8C8.d.C3B380B59B37C0C1967029A62D3146BB.e.7888/attribute/aria-checked - {}
COMMAND: GET /session/e92654ce08529da6aa8a1ad9d55850b5/screenshot - {}
RESULT: {}
COMMAND: POST /session/e92654ce08529da6aa8a1ad9d55850b5/element - {"using":"xpath","value":"//table[contains(@id, \"listView-innerSelectionPanelTable-listUl\")]/tbody/tr[10]/td[2]/div/div"}
RESULT: {}
RESULT: {"using":"xpath","value":"//table[contains(@id, \"listView-innerSelectionPanelTable-listUl\")]/tbody/tr[10]/td[2]/div/div"}
COMMAND: POST /session/e92654ce08529da6aa8a1ad9d55850b5/element - {"using":"xpath","value":"//table[contains(@id, \"listView-innerSelectionPanelTable-listUl\")]/tbody/tr[10]/td[2]/div"}
RESULT: {"using":"xpath","value":"//table[contains(@id, \"listView-innerSelectionPanelTable-listUl\")]/tbody/tr[10]/td[2]/div"}
COMMAND: POST /session/e92654ce08529da6aa8a1ad9d55850b5/element - {"using":"xpath","value":"//table[contains(@id, \"listView-innerSelectionPanelTable-listUl\")]/tbody/tr[10]/td[3]/div/div/span/span[1]/bdi"}
RESULT: {"using":"xpath","value":"//table[contains(@id, \"listView-innerSelectionPanelTable-listUl\")]/tbody/tr[10]/td[3]/div/div/span/span[1]/bdi"}
COMMAND: POST /session/e92654ce08529da6aa8a1ad9d55850b5/execute/sync - {"script":"<script> [56 bytes]","args":[{"element-6066-11e4-a52e-4f735466cecf":"f.2D1B8265A78BA1487979886821B0C8C8.d.C3B380B59B37C0C1967029A62D3146BB.e.7892","ELEMENT":"f.2D1B8265A78BA1487979886821B0C8C8.d.C3B380B59B37C0C1967029A62D3146BB.e.7892"}]}
RESULT: {"script":"<script> [56 bytes]","args":[{"element-6066-11e4-a52e-4f735466cecf":"f.2D1B8265A78BA1487979886821B0C8C8.d.C3B380B59B37C0C1967029A62D3146BB.e.7892","ELEMENT":"f.2D1B8265A78BA1487979886821B0C8C8.d.C3B380B59B37C0C1967029A62D3146BB.e.7892"}]}
COMMAND: GET /session/e92654ce08529da6aa8a1ad9d55850b5/element/f.2D1B8265A78BA1487979886821B0C8C8.d.C3B380B59B37C0C1967029A62D3146BB.e.7891/attribute/aria-checked - {}
COMMAND: GET /session/e92654ce08529da6aa8a1ad9d55850b5/screenshot - {}
RESULT: {}
COMMAND: POST /session/e92654ce08529da6aa8a1ad9d55850b5/element - {"using":"xpath","value":"//table[contains(@id, \"listView-innerSelectionPanelTable-listUl\")]/tbody/tr[11]/td[2]/div/div"}
RESULT: {}
RESULT: {"using":"xpath","value":"//table[contains(@id, \"listView-innerSelectionPanelTable-listUl\")]/tbody/tr[11]/td[2]/div/div"}
COMMAND: POST /session/e92654ce08529da6aa8a1ad9d55850b5/element - {"using":"xpath","value":"//table[contains(@id, \"listView-innerSelectionPanelTable-listUl\")]/tbody/tr[11]/td[2]/div"}
RESULT: {"using":"xpath","value":"//table[contains(@id, \"listView-innerSelectionPanelTable-listUl\")]/tbody/tr[11]/td[2]/div"}
COMMAND: POST /session/e92654ce08529da6aa8a1ad9d55850b5/element - {"using":"xpath","value":"//table[contains(@id, \"listView-innerSelectionPanelTable-listUl\")]/tbody/tr[11]/td[3]/div/div/span/span[1]/bdi"}
RESULT: {"using":"xpath","value":"//table[contains(@id, \"listView-innerSelectionPanelTable-listUl\")]/tbody/tr[11]/td[3]/div/div/span/span[1]/bdi"}
COMMAND: POST /session/e92654ce08529da6aa8a1ad9d55850b5/execute/sync - {"script":"<script> [56 bytes]","args":[{"element-6066-11e4-a52e-4f735466cecf":"f.2D1B8265A78BA1487979886821B0C8C8.d.C3B380B59B37C0C1967029A62D3146BB.e.7895","ELEMENT":"f.2D1B8265A78BA1487979886821B0C8C8.d.C3B380B59B37C0C1967029A62D3146BB.e.7895"}]}
RESULT: {"script":"<script> [56 bytes]","args":[{"element-6066-11e4-a52e-4f735466cecf":"f.2D1B8265A78BA1487979886821B0C8C8.d.C3B380B59B37C0C1967029A62D3146BB.e.7895","ELEMENT":"f.2D1B8265A78BA1487979886821B0C8C8.d.C3B380B59B37C0C1967029A62D3146BB.e.7895"}]}
COMMAND: GET /session/e92654ce08529da6aa8a1ad9d55850b5/element/f.2D1B8265A78BA1487979886821B0C8C8.d.C3B380B59B37C0C1967029A62D3146BB.e.7894/attribute/aria-checked - {}
COMMAND: GET /session/e92654ce08529da6aa8a1ad9d55850b5/screenshot - {}
RESULT: {}
COMMAND: POST /session/e92654ce08529da6aa8a1ad9d55850b5/element - {"using":"xpath","value":"//table[contains(@id, \"listView-innerSelectionPanelTable-listUl\")]/tbody/tr[12]/td[2]/div/div"}
RESULT: {}
RESULT: {"using":"xpath","value":"//table[contains(@id, \"listView-innerSelectionPanelTable-listUl\")]/tbody/tr[12]/td[2]/div/div"}
COMMAND: POST /session/e92654ce08529da6aa8a1ad9d55850b5/element - {"using":"xpath","value":"//table[contains(@id, \"listView-innerSelectionPanelTable-listUl\")]/tbody/tr[12]/td[2]/div"}
RESULT: {"using":"xpath","value":"//table[contains(@id, \"listView-innerSelectionPanelTable-listUl\")]/tbody/tr[12]/td[2]/div"}
COMMAND: POST /session/e92654ce08529da6aa8a1ad9d55850b5/element - {"using":"xpath","value":"//table[contains(@id, \"listView-innerSelectionPanelTable-listUl\")]/tbody/tr[12]/td[3]/div/div/span/span[1]/bdi"}
RESULT: {"using":"xpath","value":"//table[contains(@id, \"listView-innerSelectionPanelTable-listUl\")]/tbody/tr[12]/td[3]/div/div/span/span[1]/bdi"}
COMMAND: POST /session/e92654ce08529da6aa8a1ad9d55850b5/execute/sync - {"script":"<script> [56 bytes]","args":[{"element-6066-11e4-a52e-4f735466cecf":"f.2D1B8265A78BA1487979886821B0C8C8.d.C3B380B59B37C0C1967029A62D3146BB.e.7898","ELEMENT":"f.2D1B8265A78BA1487979886821B0C8C8.d.C3B380B59B37C0C1967029A62D3146BB.e.7898"}]}
RESULT: {"script":"<script> [56 bytes]","args":[{"element-6066-11e4-a52e-4f735466cecf":"f.2D1B8265A78BA1487979886821B0C8C8.d.C3B380B59B37C0C1967029A62D3146BB.e.7898","ELEMENT":"f.2D1B8265A78BA1487979886821B0C8C8.d.C3B380B59B37C0C1967029A62D3146BB.e.7898"}]}
COMMAND: GET /session/e92654ce08529da6aa8a1ad9d55850b5/element/f.2D1B8265A78BA1487979886821B0C8C8.d.C3B380B59B37C0C1967029A62D3146BB.e.7897/attribute/aria-checked - {}
COMMAND: GET /session/e92654ce08529da6aa8a1ad9d55850b5/screenshot - {}
RESULT: {}
COMMAND: POST /session/e92654ce08529da6aa8a1ad9d55850b5/element - {"using":"xpath","value":"//table[contains(@id, \"listView-innerSelectionPanelTable-listUl\")]/tbody/tr[13]/td[2]/div/div"}
RESULT: {}
RESULT: {"using":"xpath","value":"//table[contains(@id, \"listView-innerSelectionPanelTable-listUl\")]/tbody/tr[13]/td[2]/div/div"}
COMMAND: POST /session/e92654ce08529da6aa8a1ad9d55850b5/element - {"using":"xpath","value":"//table[contains(@id, \"listView-innerSelectionPanelTable-listUl\")]/tbody/tr[13]/td[2]/div"}
RESULT: {"using":"xpath","value":"//table[contains(@id, \"listView-innerSelectionPanelTable-listUl\")]/tbody/tr[13]/td[2]/div"}
COMMAND: POST /session/e92654ce08529da6aa8a1ad9d55850b5/element - {"using":"xpath","value":"//table[contains(@id, \"listView-innerSelectionPanelTable-listUl\")]/tbody/tr[13]/td[3]/div/div/span/span[1]/bdi"}
RESULT: {"using":"xpath","value":"//table[contains(@id, \"listView-innerSelectionPanelTable-listUl\")]/tbody/tr[13]/td[3]/div/div/span/span[1]/bdi"}
COMMAND: POST /session/e92654ce08529da6aa8a1ad9d55850b5/execute/sync - {"script":"<script> [56 bytes]","args":[{"element-6066-11e4-a52e-4f735466cecf":"f.2D1B8265A78BA1487979886821B0C8C8.d.C3B380B59B37C0C1967029A62D3146BB.e.7901","ELEMENT":"f.2D1B8265A78BA1487979886821B0C8C8.d.C3B380B59B37C0C1967029A62D3146BB.e.7901"}]}
RESULT: {"script":"<script> [56 bytes]","args":[{"element-6066-11e4-a52e-4f735466cecf":"f.2D1B8265A78BA1487979886821B0C8C8.d.C3B380B59B37C0C1967029A62D3146BB.e.7901","ELEMENT":"f.2D1B8265A78BA1487979886821B0C8C8.d.C3B380B59B37C0C1967029A62D3146BB.e.7901"}]}
COMMAND: GET /session/e92654ce08529da6aa8a1ad9d55850b5/element/f.2D1B8265A78BA1487979886821B0C8C8.d.C3B380B59B37C0C1967029A62D3146BB.e.7900/attribute/aria-checked - {}
COMMAND: GET /session/e92654ce08529da6aa8a1ad9d55850b5/screenshot - {}
RESULT: {}
COMMAND: POST /session/e92654ce08529da6aa8a1ad9d55850b5/element - {"using":"xpath","value":"//table[contains(@id, \"listView-innerSelectionPanelTable-listUl\")]/tbody/tr[14]/td[2]/div/div"}
RESULT: {}
RESULT: {"using":"xpath","value":"//table[contains(@id, \"listView-innerSelectionPanelTable-listUl\")]/tbody/tr[14]/td[2]/div/div"}
COMMAND: POST /session/e92654ce08529da6aa8a1ad9d55850b5/element - {"using":"xpath","value":"//table[contains(@id, \"listView-innerSelectionPanelTable-listUl\")]/tbody/tr[14]/td[2]/div"}
RESULT: {"using":"xpath","value":"//table[contains(@id, \"listView-innerSelectionPanelTable-listUl\")]/tbody/tr[14]/td[2]/div"}
COMMAND: POST /session/e92654ce08529da6aa8a1ad9d55850b5/element - {"using":"xpath","value":"//table[contains(@id, \"listView-innerSelectionPanelTable-listUl\")]/tbody/tr[14]/td[3]/div/div/span/span[1]/bdi"}
RESULT: {"using":"xpath","value":"//table[contains(@id, \"listView-innerSelectionPanelTable-listUl\")]/tbody/tr[14]/td[3]/div/div/span/span[1]/bdi"}
COMMAND: POST /session/e92654ce08529da6aa8a1ad9d55850b5/execute/sync - {"script":"<script> [56 bytes]","args":[{"element-6066-11e4-a52e-4f735466cecf":"f.2D1B8265A78BA1487979886821B0C8C8.d.C3B380B59B37C0C1967029A62D3146BB.e.7904","ELEMENT":"f.2D1B8265A78BA1487979886821B0C8C8.d.C3B380B59B37C0C1967029A62D3146BB.e.7904"}]}
RESULT: {"script":"<script> [56 bytes]","args":[{"element-6066-11e4-a52e-4f735466cecf":"f.2D1B8265A78BA1487979886821B0C8C8.d.C3B380B59B37C0C1967029A62D3146BB.e.7904","ELEMENT":"f.2D1B8265A78BA1487979886821B0C8C8.d.C3B380B59B37C0C1967029A62D3146BB.e.7904"}]}
COMMAND: GET /session/e92654ce08529da6aa8a1ad9d55850b5/element/f.2D1B8265A78BA1487979886821B0C8C8.d.C3B380B59B37C0C1967029A62D3146BB.e.7903/attribute/aria-checked - {}
COMMAND: GET /session/e92654ce08529da6aa8a1ad9d55850b5/screenshot - {}
RESULT: {}
COMMAND: POST /session/e92654ce08529da6aa8a1ad9d55850b5/element - {"using":"xpath","value":"//table[contains(@id, \"listView-innerSelectionPanelTable-listUl\")]/tbody/tr[15]/td[2]/div/div"}
RESULT: {}
RESULT: {"using":"xpath","value":"//table[contains(@id, \"listView-innerSelectionPanelTable-listUl\")]/tbody/tr[15]/td[2]/div/div"}
COMMAND: POST /session/e92654ce08529da6aa8a1ad9d55850b5/element - {"using":"xpath","value":"//table[contains(@id, \"listView-innerSelectionPanelTable-listUl\")]/tbody/tr[15]/td[2]/div"}
RESULT: {"using":"xpath","value":"//table[contains(@id, \"listView-innerSelectionPanelTable-listUl\")]/tbody/tr[15]/td[2]/div"}
COMMAND: POST /session/e92654ce08529da6aa8a1ad9d55850b5/element - {"using":"xpath","value":"//table[contains(@id, \"listView-innerSelectionPanelTable-listUl\")]/tbody/tr[15]/td[3]/div/div/span/span[1]/bdi"}
RESULT: {"using":"xpath","value":"//table[contains(@id, \"listView-innerSelectionPanelTable-listUl\")]/tbody/tr[15]/td[3]/div/div/span/span[1]/bdi"}
COMMAND: POST /session/e92654ce08529da6aa8a1ad9d55850b5/execute/sync - {"script":"<script> [56 bytes]","args":[{"element-6066-11e4-a52e-4f735466cecf":"f.2D1B8265A78BA1487979886821B0C8C8.d.C3B380B59B37C0C1967029A62D3146BB.e.7907","ELEMENT":"f.2D1B8265A78BA1487979886821B0C8C8.d.C3B380B59B37C0C1967029A62D3146BB.e.7907"}]}
RESULT: {"script":"<script> [56 bytes]","args":[{"element-6066-11e4-a52e-4f735466cecf":"f.2D1B8265A78BA1487979886821B0C8C8.d.C3B380B59B37C0C1967029A62D3146BB.e.7907","ELEMENT":"f.2D1B8265A78BA1487979886821B0C8C8.d.C3B380B59B37C0C1967029A62D3146BB.e.7907"}]}
COMMAND: GET /session/e92654ce08529da6aa8a1ad9d55850b5/element/f.2D1B8265A78BA1487979886821B0C8C8.d.C3B380B59B37C0C1967029A62D3146BB.e.7906/attribute/aria-checked - {}
COMMAND: GET /session/e92654ce08529da6aa8a1ad9d55850b5/screenshot - {}
RESULT: {}
COMMAND: POST /session/e92654ce08529da6aa8a1ad9d55850b5/element - {"using":"xpath","value":"//table[contains(@id, \"listView-innerSelectionPanelTable-listUl\")]/tbody/tr[16]/td[2]/div/div"}
RESULT: {}
RESULT: {"using":"xpath","value":"//table[contains(@id, \"listView-innerSelectionPanelTable-listUl\")]/tbody/tr[16]/td[2]/div/div"}
COMMAND: POST /session/e92654ce08529da6aa8a1ad9d55850b5/element - {"using":"xpath","value":"//table[contains(@id, \"listView-innerSelectionPanelTable-listUl\")]/tbody/tr[16]/td[2]/div"}
RESULT: {"using":"xpath","value":"//table[contains(@id, \"listView-innerSelectionPanelTable-listUl\")]/tbody/tr[16]/td[2]/div"}
COMMAND: POST /session/e92654ce08529da6aa8a1ad9d55850b5/element - {"using":"xpath","value":"//table[contains(@id, \"listView-innerSelectionPanelTable-listUl\")]/tbody/tr[16]/td[3]/div/div/span/span[1]/bdi"}
RESULT: {"using":"xpath","value":"//table[contains(@id, \"listView-innerSelectionPanelTable-listUl\")]/tbody/tr[16]/td[3]/div/div/span/span[1]/bdi"}
COMMAND: POST /session/e92654ce08529da6aa8a1ad9d55850b5/execute/sync - {"script":"<script> [56 bytes]","args":[{"element-6066-11e4-a52e-4f735466cecf":"f.2D1B8265A78BA1487979886821B0C8C8.d.C3B380B59B37C0C1967029A62D3146BB.e.7910","ELEMENT":"f.2D1B8265A78BA1487979886821B0C8C8.d.C3B380B59B37C0C1967029A62D3146BB.e.7910"}]}
RESULT: {"script":"<script> [56 bytes]","args":[{"element-6066-11e4-a52e-4f735466cecf":"f.2D1B8265A78BA1487979886821B0C8C8.d.C3B380B59B37C0C1967029A62D3146BB.e.7910","ELEMENT":"f.2D1B8265A78BA1487979886821B0C8C8.d.C3B380B59B37C0C1967029A62D3146BB.e.7910"}]}
COMMAND: GET /session/e92654ce08529da6aa8a1ad9d55850b5/element/f.2D1B8265A78BA1487979886821B0C8C8.d.C3B380B59B37C0C1967029A62D3146BB.e.7909/attribute/aria-checked - {}
COMMAND: GET /session/e92654ce08529da6aa8a1ad9d55850b5/screenshot - {}
RESULT: {}
COMMAND: POST /session/e92654ce08529da6aa8a1ad9d55850b5/element - {"using":"xpath","value":"//table[contains(@id, \"listView-innerSelectionPanelTable-listUl\")]/tbody/tr[17]/td[2]/div/div"}
RESULT: {}
RESULT: {"using":"xpath","value":"//table[contains(@id, \"listView-innerSelectionPanelTable-listUl\")]/tbody/tr[17]/td[2]/div/div"}
COMMAND: POST /session/e92654ce08529da6aa8a1ad9d55850b5/element - {"using":"xpath","value":"//table[contains(@id, \"listView-innerSelectionPanelTable-listUl\")]/tbody/tr[17]/td[2]/div"}
RESULT: {"using":"xpath","value":"//table[contains(@id, \"listView-innerSelectionPanelTable-listUl\")]/tbody/tr[17]/td[2]/div"}
COMMAND: POST /session/e92654ce08529da6aa8a1ad9d55850b5/element - {"using":"xpath","value":"//table[contains(@id, \"listView-innerSelectionPanelTable-listUl\")]/tbody/tr[17]/td[3]/div/div/span/span[1]/bdi"}
RESULT: {"using":"xpath","value":"//table[contains(@id, \"listView-innerSelectionPanelTable-listUl\")]/tbody/tr[17]/td[3]/div/div/span/span[1]/bdi"}
COMMAND: POST /session/e92654ce08529da6aa8a1ad9d55850b5/execute/sync - {"script":"<script> [56 bytes]","args":[{"element-6066-11e4-a52e-4f735466cecf":"f.2D1B8265A78BA1487979886821B0C8C8.d.C3B380B59B37C0C1967029A62D3146BB.e.7913","ELEMENT":"f.2D1B8265A78BA1487979886821B0C8C8.d.C3B380B59B37C0C1967029A62D3146BB.e.7913"}]}
RESULT: {"script":"<script> [56 bytes]","args":[{"element-6066-11e4-a52e-4f735466cecf":"f.2D1B8265A78BA1487979886821B0C8C8.d.C3B380B59B37C0C1967029A62D3146BB.e.7913","ELEMENT":"f.2D1B8265A78BA1487979886821B0C8C8.d.C3B380B59B37C0C1967029A62D3146BB.e.7913"}]}
COMMAND: GET /session/e92654ce08529da6aa8a1ad9d55850b5/element/f.2D1B8265A78BA1487979886821B0C8C8.d.C3B380B59B37C0C1967029A62D3146BB.e.7912/attribute/aria-checked - {}
COMMAND: GET /session/e92654ce08529da6aa8a1ad9d55850b5/screenshot - {}
RESULT: {}
COMMAND: POST /session/e92654ce08529da6aa8a1ad9d55850b5/element - {"using":"xpath","value":"//table[contains(@id, \"listView-innerSelectionPanelTable-listUl\")]/tbody/tr[18]/td[2]/div/div"}
RESULT: {}
RESULT: {"using":"xpath","value":"//table[contains(@id, \"listView-innerSelectionPanelTable-listUl\")]/tbody/tr[18]/td[2]/div/div"}
COMMAND: POST /session/e92654ce08529da6aa8a1ad9d55850b5/element - {"using":"xpath","value":"//table[contains(@id, \"listView-innerSelectionPanelTable-listUl\")]/tbody/tr[18]/td[2]/div"}
RESULT: {"using":"xpath","value":"//table[contains(@id, \"listView-innerSelectionPanelTable-listUl\")]/tbody/tr[18]/td[2]/div"}
COMMAND: POST /session/e92654ce08529da6aa8a1ad9d55850b5/element - {"using":"xpath","value":"//table[contains(@id, \"listView-innerSelectionPanelTable-listUl\")]/tbody/tr[18]/td[3]/div/div/span/span[1]/bdi"}
RESULT: {"using":"xpath","value":"//table[contains(@id, \"listView-innerSelectionPanelTable-listUl\")]/tbody/tr[18]/td[3]/div/div/span/span[1]/bdi"}
COMMAND: POST /session/e92654ce08529da6aa8a1ad9d55850b5/execute/sync - {"script":"<script> [56 bytes]","args":[{"element-6066-11e4-a52e-4f735466cecf":"f.2D1B8265A78BA1487979886821B0C8C8.d.C3B380B59B37C0C1967029A62D3146BB.e.7916","ELEMENT":"f.2D1B8265A78BA1487979886821B0C8C8.d.C3B380B59B37C0C1967029A62D3146BB.e.7916"}]}
RESULT: {"script":"<script> [56 bytes]","args":[{"element-6066-11e4-a52e-4f735466cecf":"f.2D1B8265A78BA1487979886821B0C8C8.d.C3B380B59B37C0C1967029A62D3146BB.e.7916","ELEMENT":"f.2D1B8265A78BA1487979886821B0C8C8.d.C3B380B59B37C0C1967029A62D3146BB.e.7916"}]}
COMMAND: GET /session/e92654ce08529da6aa8a1ad9d55850b5/element/f.2D1B8265A78BA1487979886821B0C8C8.d.C3B380B59B37C0C1967029A62D3146BB.e.7915/attribute/aria-checked - {}
COMMAND: GET /session/e92654ce08529da6aa8a1ad9d55850b5/screenshot - {}
RESULT: {}
COMMAND: POST /session/e92654ce08529da6aa8a1ad9d55850b5/element - {"using":"xpath","value":"//table[contains(@id, \"listView-innerSelectionPanelTable-listUl\")]/tbody/tr[19]/td[2]/div/div"}
RESULT: {}
RESULT: {"using":"xpath","value":"//table[contains(@id, \"listView-innerSelectionPanelTable-listUl\")]/tbody/tr[19]/td[2]/div/div"}
COMMAND: POST /session/e92654ce08529da6aa8a1ad9d55850b5/element - {"using":"xpath","value":"//table[contains(@id, \"listView-innerSelectionPanelTable-listUl\")]/tbody/tr[19]/td[2]/div"}
RESULT: {"using":"xpath","value":"//table[contains(@id, \"listView-innerSelectionPanelTable-listUl\")]/tbody/tr[19]/td[2]/div"}
COMMAND: POST /session/e92654ce08529da6aa8a1ad9d55850b5/element - {"using":"xpath","value":"//table[contains(@id, \"listView-innerSelectionPanelTable-listUl\")]/tbody/tr[19]/td[3]/div/div/span/span[1]/bdi"}
RESULT: {"using":"xpath","value":"//table[contains(@id, \"listView-innerSelectionPanelTable-listUl\")]/tbody/tr[19]/td[3]/div/div/span/span[1]/bdi"}
COMMAND: POST /session/e92654ce08529da6aa8a1ad9d55850b5/execute/sync - {"script":"<script> [56 bytes]","args":[{"element-6066-11e4-a52e-4f735466cecf":"f.2D1B8265A78BA1487979886821B0C8C8.d.C3B380B59B37C0C1967029A62D3146BB.e.7919","ELEMENT":"f.2D1B8265A78BA1487979886821B0C8C8.d.C3B380B59B37C0C1967029A62D3146BB.e.7919"}]}
RESULT: {"script":"<script> [56 bytes]","args":[{"element-6066-11e4-a52e-4f735466cecf":"f.2D1B8265A78BA1487979886821B0C8C8.d.C3B380B59B37C0C1967029A62D3146BB.e.7919","ELEMENT":"f.2D1B8265A78BA1487979886821B0C8C8.d.C3B380B59B37C0C1967029A62D3146BB.e.7919"}]}
COMMAND: GET /session/e92654ce08529da6aa8a1ad9d55850b5/element/f.2D1B8265A78BA1487979886821B0C8C8.d.C3B380B59B37C0C1967029A62D3146BB.e.7918/attribute/aria-checked - {}
COMMAND: GET /session/e92654ce08529da6aa8a1ad9d55850b5/screenshot - {}
RESULT: {}
COMMAND: POST /session/e92654ce08529da6aa8a1ad9d55850b5/element - {"using":"xpath","value":"//table[contains(@id, \"listView-innerSelectionPanelTable-listUl\")]/tbody/tr[20]/td[2]/div/div"}
RESULT: {}
RESULT: {"using":"xpath","value":"//table[contains(@id, \"listView-innerSelectionPanelTable-listUl\")]/tbody/tr[20]/td[2]/div/div"}
COMMAND: POST /session/e92654ce08529da6aa8a1ad9d55850b5/element - {"using":"xpath","value":"//table[contains(@id, \"listView-innerSelectionPanelTable-listUl\")]/tbody/tr[20]/td[2]/div"}
RESULT: {"using":"xpath","value":"//table[contains(@id, \"listView-innerSelectionPanelTable-listUl\")]/tbody/tr[20]/td[2]/div"}
COMMAND: POST /session/e92654ce08529da6aa8a1ad9d55850b5/element - {"using":"xpath","value":"//table[contains(@id, \"listView-innerSelectionPanelTable-listUl\")]/tbody/tr[20]/td[3]/div/div/span/span[1]/bdi"}
RESULT: {"using":"xpath","value":"//table[contains(@id, \"listView-innerSelectionPanelTable-listUl\")]/tbody/tr[20]/td[3]/div/div/span/span[1]/bdi"}
COMMAND: POST /session/e92654ce08529da6aa8a1ad9d55850b5/execute/sync - {"script":"<script> [56 bytes]","args":[{"element-6066-11e4-a52e-4f735466cecf":"f.2D1B8265A78BA1487979886821B0C8C8.d.C3B380B59B37C0C1967029A62D3146BB.e.7922","ELEMENT":"f.2D1B8265A78BA1487979886821B0C8C8.d.C3B380B59B37C0C1967029A62D3146BB.e.7922"}]}
RESULT: {"script":"<script> [56 bytes]","args":[{"element-6066-11e4-a52e-4f735466cecf":"f.2D1B8265A78BA1487979886821B0C8C8.d.C3B380B59B37C0C1967029A62D3146BB.e.7922","ELEMENT":"f.2D1B8265A78BA1487979886821B0C8C8.d.C3B380B59B37C0C1967029A62D3146BB.e.7922"}]}
COMMAND: GET /session/e92654ce08529da6aa8a1ad9d55850b5/element/f.2D1B8265A78BA1487979886821B0C8C8.d.C3B380B59B37C0C1967029A62D3146BB.e.7921/attribute/aria-checked - {}
COMMAND: GET /session/e92654ce08529da6aa8a1ad9d55850b5/screenshot - {}
RESULT: {}
COMMAND: POST /session/e92654ce08529da6aa8a1ad9d55850b5/element - {"using":"xpath","value":"//table[contains(@id, \"listView-innerSelectionPanelTable-listUl\")]/tbody/tr[21]/td[2]/div/div"}
COMMAND: POST /session/e92654ce08529da6aa8a1ad9d55850b5/element/f.2D1B8265A78BA1487979886821B0C8C8.d.C3B380B59B37C0C1967029A62D3146BB.e.7920/click - {}
RESULT: {}
RESULT: {"using":"xpath","value":"//table[contains(@id, \"listView-innerSelectionPanelTable-listUl\")]/tbody/tr[21]/td[2]/div/div"}
COMMAND: POST /session/e92654ce08529da6aa8a1ad9d55850b5/element - {"using":"xpath","value":"//table[contains(@id, \"listView-innerSelectionPanelTable-listUl\")]/tbody/tr[21]/td[2]/div"}
RESULT: {}
COMMAND: GET /session/e92654ce08529da6aa8a1ad9d55850b5/screenshot - {}
RESULT: {"using":"xpath","value":"//table[contains(@id, \"listView-innerSelectionPanelTable-listUl\")]/tbody/tr[21]/td[2]/div"}
COMMAND: POST /session/e92654ce08529da6aa8a1ad9d55850b5/element - {"using":"xpath","value":"//table[contains(@id, \"listView-innerSelectionPanelTable-listUl\")]/tbody/tr[21]/td[3]/div/div/span/span[1]/bdi"}
RESULT: {}
RESULT: {"using":"xpath","value":"//table[contains(@id, \"listView-innerSelectionPanelTable-listUl\")]/tbody/tr[21]/td[3]/div/div/span/span[1]/bdi"}
COMMAND: POST /session/e92654ce08529da6aa8a1ad9d55850b5/execute/sync - {"script":"<script> [56 bytes]","args":[{"element-6066-11e4-a52e-4f735466cecf":"f.2D1B8265A78BA1487979886821B0C8C8.d.C3B380B59B37C0C1967029A62D3146BB.e.7928","ELEMENT":"f.2D1B8265A78BA1487979886821B0C8C8.d.C3B380B59B37C0C1967029A62D3146BB.e.7928"}]}
RESULT: {"script":"<script> [56 bytes]","args":[{"element-6066-11e4-a52e-4f735466cecf":"f.2D1B8265A78BA1487979886821B0C8C8.d.C3B380B59B37C0C1967029A62D3146BB.e.7928","ELEMENT":"f.2D1B8265A78BA1487979886821B0C8C8.d.C3B380B59B37C0C1967029A62D3146BB.e.7928"}]}
COMMAND: GET /session/e92654ce08529da6aa8a1ad9d55850b5/element/f.2D1B8265A78BA1487979886821B0C8C8.d.C3B380B59B37C0C1967029A62D3146BB.e.7927/attribute/aria-checked - {}
COMMAND: GET /session/e92654ce08529da6aa8a1ad9d55850b5/screenshot - {}
RESULT: {}
COMMAND: POST /session/e92654ce08529da6aa8a1ad9d55850b5/element - {"using":"xpath","value":"//table[contains(@id, \"listView-innerSelectionPanelTable-listUl\")]/tbody/tr[22]/td[2]/div/div"}
COMMAND: POST /session/e92654ce08529da6aa8a1ad9d55850b5/element/f.2D1B8265A78BA1487979886821B0C8C8.d.C3B380B59B37C0C1967029A62D3146BB.e.7923/click - {}
RESULT: {}
RESULT: {}
COMMAND: GET /session/e92654ce08529da6aa8a1ad9d55850b5/screenshot - {}
RESULT: {"using":"xpath","value":"//table[contains(@id, \"listView-innerSelectionPanelTable-listUl\")]/tbody/tr[22]/td[2]/div/div"}
COMMAND: POST /session/e92654ce08529da6aa8a1ad9d55850b5/element - {"using":"xpath","value":"//table[contains(@id, \"listView-innerSelectionPanelTable-listUl\")]/tbody/tr[22]/td[2]/div"}
RESULT: {}
RESULT: {"using":"xpath","value":"//table[contains(@id, \"listView-innerSelectionPanelTable-listUl\")]/tbody/tr[22]/td[2]/div"}
COMMAND: POST /session/e92654ce08529da6aa8a1ad9d55850b5/element - {"using":"xpath","value":"//table[contains(@id, \"listView-innerSelectionPanelTable-listUl\")]/tbody/tr[22]/td[3]/div/div/span/span[1]/bdi"}
RESULT: {"using":"xpath","value":"//table[contains(@id, \"listView-innerSelectionPanelTable-listUl\")]/tbody/tr[22]/td[3]/div/div/span/span[1]/bdi"}
COMMAND: POST /session/e92654ce08529da6aa8a1ad9d55850b5/execute/sync - {"script":"<script> [56 bytes]","args":[{"element-6066-11e4-a52e-4f735466cecf":"f.2D1B8265A78BA1487979886821B0C8C8.d.C3B380B59B37C0C1967029A62D3146BB.e.7932","ELEMENT":"f.2D1B8265A78BA1487979886821B0C8C8.d.C3B380B59B37C0C1967029A62D3146BB.e.7932"}]}
RESULT: {"script":"<script> [56 bytes]","args":[{"element-6066-11e4-a52e-4f735466cecf":"f.2D1B8265A78BA1487979886821B0C8C8.d.C3B380B59B37C0C1967029A62D3146BB.e.7932","ELEMENT":"f.2D1B8265A78BA1487979886821B0C8C8.d.C3B380B59B37C0C1967029A62D3146BB.e.7932"}]}
COMMAND: GET /session/e92654ce08529da6aa8a1ad9d55850b5/element/f.2D1B8265A78BA1487979886821B0C8C8.d.C3B380B59B37C0C1967029A62D3146BB.e.7931/attribute/aria-checked - {}
COMMAND: GET /session/e92654ce08529da6aa8a1ad9d55850b5/screenshot - {}
RESULT: {}
COMMAND: POST /session/e92654ce08529da6aa8a1ad9d55850b5/element - {"using":"xpath","value":"//table[contains(@id, \"listView-innerSelectionPanelTable-listUl\")]/tbody/tr[23]/td[2]/div/div"}
RESULT: {}
RESULT: {"using":"xpath","value":"//table[contains(@id, \"listView-innerSelectionPanelTable-listUl\")]/tbody/tr[23]/td[2]/div/div"}
COMMAND: POST /session/e92654ce08529da6aa8a1ad9d55850b5/element - {"using":"xpath","value":"//table[contains(@id, \"listView-innerSelectionPanelTable-listUl\")]/tbody/tr[23]/td[2]/div"}
RESULT: {"using":"xpath","value":"//table[contains(@id, \"listView-innerSelectionPanelTable-listUl\")]/tbody/tr[23]/td[2]/div"}
COMMAND: POST /session/e92654ce08529da6aa8a1ad9d55850b5/element - {"using":"xpath","value":"//table[contains(@id, \"listView-innerSelectionPanelTable-listUl\")]/tbody/tr[23]/td[3]/div/div/span/span[1]/bdi"}
RESULT: {"using":"xpath","value":"//table[contains(@id, \"listView-innerSelectionPanelTable-listUl\")]/tbody/tr[23]/td[3]/div/div/span/span[1]/bdi"}
COMMAND: POST /session/e92654ce08529da6aa8a1ad9d55850b5/execute/sync - {"script":"<script> [56 bytes]","args":[{"element-6066-11e4-a52e-4f735466cecf":"f.2D1B8265A78BA1487979886821B0C8C8.d.C3B380B59B37C0C1967029A62D3146BB.e.7935","ELEMENT":"f.2D1B8265A78BA1487979886821B0C8C8.d.C3B380B59B37C0C1967029A62D3146BB.e.7935"}]}
RESULT: {"script":"<script> [56 bytes]","args":[{"element-6066-11e4-a52e-4f735466cecf":"f.2D1B8265A78BA1487979886821B0C8C8.d.C3B380B59B37C0C1967029A62D3146BB.e.7935","ELEMENT":"f.2D1B8265A78BA1487979886821B0C8C8.d.C3B380B59B37C0C1967029A62D3146BB.e.7935"}]}
COMMAND: GET /session/e92654ce08529da6aa8a1ad9d55850b5/element/f.2D1B8265A78BA1487979886821B0C8C8.d.C3B380B59B37C0C1967029A62D3146BB.e.7934/attribute/aria-checked - {}
COMMAND: GET /session/e92654ce08529da6aa8a1ad9d55850b5/screenshot - {}
RESULT: {}
COMMAND: POST /session/e92654ce08529da6aa8a1ad9d55850b5/element - {"using":"xpath","value":"//table[contains(@id, \"listView-innerSelectionPanelTable-listUl\")]/tbody/tr[24]/td[2]/div/div"}
RESULT: {}
RESULT: {"using":"xpath","value":"//table[contains(@id, \"listView-innerSelectionPanelTable-listUl\")]/tbody/tr[24]/td[2]/div/div"}
COMMAND: POST /session/e92654ce08529da6aa8a1ad9d55850b5/element - {"using":"xpath","value":"//table[contains(@id, \"listView-innerSelectionPanelTable-listUl\")]/tbody/tr[24]/td[2]/div"}
RESULT: {"using":"xpath","value":"//table[contains(@id, \"listView-innerSelectionPanelTable-listUl\")]/tbody/tr[24]/td[2]/div"}
COMMAND: POST /session/e92654ce08529da6aa8a1ad9d55850b5/element - {"using":"xpath","value":"//table[contains(@id, \"listView-innerSelectionPanelTable-listUl\")]/tbody/tr[24]/td[3]/div/div/span/span[1]/bdi"}
RESULT: {"using":"xpath","value":"//table[contains(@id, \"listView-innerSelectionPanelTable-listUl\")]/tbody/tr[24]/td[3]/div/div/span/span[1]/bdi"}
COMMAND: POST /session/e92654ce08529da6aa8a1ad9d55850b5/execute/sync - {"script":"<script> [56 bytes]","args":[{"element-6066-11e4-a52e-4f735466cecf":"f.2D1B8265A78BA1487979886821B0C8C8.d.C3B380B59B37C0C1967029A62D3146BB.e.7938","ELEMENT":"f.2D1B8265A78BA1487979886821B0C8C8.d.C3B380B59B37C0C1967029A62D3146BB.e.7938"}]}
RESULT: {"script":"<script> [56 bytes]","args":[{"element-6066-11e4-a52e-4f735466cecf":"f.2D1B8265A78BA1487979886821B0C8C8.d.C3B380B59B37C0C1967029A62D3146BB.e.7938","ELEMENT":"f.2D1B8265A78BA1487979886821B0C8C8.d.C3B380B59B37C0C1967029A62D3146BB.e.7938"}]}
COMMAND: GET /session/e92654ce08529da6aa8a1ad9d55850b5/element/f.2D1B8265A78BA1487979886821B0C8C8.d.C3B380B59B37C0C1967029A62D3146BB.e.7937/attribute/aria-checked - {}
COMMAND: GET /session/e92654ce08529da6aa8a1ad9d55850b5/screenshot - {}
RESULT: {}
COMMAND: POST /session/e92654ce08529da6aa8a1ad9d55850b5/element - {"using":"xpath","value":"//table[contains(@id, \"listView-innerSelectionPanelTable-listUl\")]/tbody/tr[25]/td[2]/div/div"}
RESULT: {}
RESULT: {"using":"xpath","value":"//table[contains(@id, \"listView-innerSelectionPanelTable-listUl\")]/tbody/tr[25]/td[2]/div/div"}
COMMAND: POST /session/e92654ce08529da6aa8a1ad9d55850b5/element - {"using":"xpath","value":"//table[contains(@id, \"listView-innerSelectionPanelTable-listUl\")]/tbody/tr[25]/td[2]/div"}
RESULT: {"using":"xpath","value":"//table[contains(@id, \"listView-innerSelectionPanelTable-listUl\")]/tbody/tr[25]/td[2]/div"}
COMMAND: POST /session/e92654ce08529da6aa8a1ad9d55850b5/element - {"using":"xpath","value":"//table[contains(@id, \"listView-innerSelectionPanelTable-listUl\")]/tbody/tr[25]/td[3]/div/div/span/span[1]/bdi"}
RESULT: {"using":"xpath","value":"//table[contains(@id, \"listView-innerSelectionPanelTable-listUl\")]/tbody/tr[25]/td[3]/div/div/span/span[1]/bdi"}
COMMAND: POST /session/e92654ce08529da6aa8a1ad9d55850b5/execute/sync - {"script":"<script> [56 bytes]","args":[{"element-6066-11e4-a52e-4f735466cecf":"f.2D1B8265A78BA1487979886821B0C8C8.d.C3B380B59B37C0C1967029A62D3146BB.e.7941","ELEMENT":"f.2D1B8265A78BA1487979886821B0C8C8.d.C3B380B59B37C0C1967029A62D3146BB.e.7941"}]}
RESULT: {"script":"<script> [56 bytes]","args":[{"element-6066-11e4-a52e-4f735466cecf":"f.2D1B8265A78BA1487979886821B0C8C8.d.C3B380B59B37C0C1967029A62D3146BB.e.7941","ELEMENT":"f.2D1B8265A78BA1487979886821B0C8C8.d.C3B380B59B37C0C1967029A62D3146BB.e.7941"}]}
COMMAND: GET /session/e92654ce08529da6aa8a1ad9d55850b5/element/f.2D1B8265A78BA1487979886821B0C8C8.d.C3B380B59B37C0C1967029A62D3146BB.e.7940/attribute/aria-checked - {}
COMMAND: GET /session/e92654ce08529da6aa8a1ad9d55850b5/screenshot - {}
RESULT: {}
COMMAND: POST /session/e92654ce08529da6aa8a1ad9d55850b5/element - {"using":"xpath","value":"//bdi[contains(text(), \"OK\")]"}
RESULT: {}
RESULT: {"using":"xpath","value":"//bdi[contains(text(), \"OK\")]"}
COMMAND: POST /session/e92654ce08529da6aa8a1ad9d55850b5/element/f.2D1B8265A78BA1487979886821B0C8C8.d.C3B380B59B37C0C1967029A62D3146BB.e.7942/click - {}
RESULT: {}
COMMAND: GET /session/e92654ce08529da6aa8a1ad9d55850b5/screenshot - {}
RESULT: {}
COMMAND: POST /session/e92654ce08529da6aa8a1ad9d55850b5/execute/async - {"script":"<script> [1562 bytes]","args":[{"selector":{"id":"application-managepartners-display-component---masterPtm--smartFilterBar-filterItemControlA_-LINK_TO_ADDRESSES_MAIN.ID-vhi"},"wdio_ui5_key":"applicationmanagepartners-display-component---masterPtm--smartFilterBar-filterItemControlA_-LINK_TO_ADDRESSES_MAIN.ID-vhi"}]}
RESULT: {"script":"<script> [1562 bytes]","args":[{"selector":{"id":"application-managepartners-display-component---masterPtm--smartFilterBar-filterItemControlA_-LINK_TO_ADDRESSES_MAIN.ID-vhi"},"wdio_ui5_key":"applicationmanagepartners-display-component---masterPtm--smartFilterBar-filterItemControlA_-LINK_TO_ADDRESSES_MAIN.ID-vhi"}]}
RESULT: undefined
COMMAND: POST /session/e92654ce08529da6aa8a1ad9d55850b5/element - {"using":"xpath","value":"//*[@id=\"application-managepartners-display-component---masterPtm--smartFilterBar-filterItemControlA_-LINK_TO_ADDRESSES_MAIN.ID-vhi\"]"}
RESULT: {"using":"xpath","value":"//*[@id=\"application-managepartners-display-component---masterPtm--smartFilterBar-filterItemControlA_-LINK_TO_ADDRESSES_MAIN.ID-vhi\"]"}
COMMAND: POST /session/e92654ce08529da6aa8a1ad9d55850b5/element/f.2D1B8265A78BA1487979886821B0C8C8.d.C3B380B59B37C0C1967029A62D3146BB.e.7955/click - {}
RESULT: {}
COMMAND: GET /session/e92654ce08529da6aa8a1ad9d55850b5/screenshot - {}
RESULT: {}
COMMAND: POST /session/e92654ce08529da6aa8a1ad9d55850b5/execute/async - {"script":"<script> [1562 bytes]","args":[{"selector":{"controlType":"sap.ui.core.Icon","viewName":"etm.portal.ui.managepartners.view.Master","viewId":"application-managepartners-display-component---masterPtm","properties":{"src":{"regex":{"source":"slim\\-arrow\\-down"}}},"searchOpenDialogs":true},"wdio_ui5_key":"etmportal.ui.managepartners.view.Mastersap.ui.core.Icon{\"src\":{\"regex\":{\"source\":\"slim\\\\-arrow\\\\-down\"}}}"}]}
RESULT: {"script":"<script> [1562 bytes]","args":[{"selector":{"controlType":"sap.ui.core.Icon","viewName":"etm.portal.ui.managepartners.view.Master","viewId":"application-managepartners-display-component---masterPtm","properties":{"src":{"regex":{"source":"slim\\-arrow\\-down"}}},"searchOpenDialogs":true},"wdio_ui5_key":"etmportal.ui.managepartners.view.Mastersap.ui.core.Icon{\"src\":{\"regex\":{\"source\":\"slim\\\\-arrow\\\\-down\"}}}"}]}
RESULT: undefined
COMMAND: POST /session/e92654ce08529da6aa8a1ad9d55850b5/element - {"using":"xpath","value":"//*[@id=\"__box77-arrow\"]"}
RESULT: {"using":"xpath","value":"//*[@id=\"__box77-arrow\"]"}
COMMAND: POST /session/e92654ce08529da6aa8a1ad9d55850b5/element/f.2D1B8265A78BA1487979886821B0C8C8.d.C3B380B59B37C0C1967029A62D3146BB.e.7960/click - {}
RESULT: {}
COMMAND: GET /session/e92654ce08529da6aa8a1ad9d55850b5/screenshot - {}
RESULT: {}
COMMAND: POST /session/e92654ce08529da6aa8a1ad9d55850b5/element - {"using":"xpath","value":"//li[.//span[text()='equal to']]"}
RESULT: {"using":"xpath","value":"//li[.//span[text()='equal to']]"}
COMMAND: POST /session/e92654ce08529da6aa8a1ad9d55850b5/element/f.2D1B8265A78BA1487979886821B0C8C8.d.C3B380B59B37C0C1967029A62D3146BB.e.7961/click - {}
RESULT: {}
COMMAND: GET /session/e92654ce08529da6aa8a1ad9d55850b5/screenshot - {}
RESULT: {}
RESULT: undefined
COMMAND: POST /session/e92654ce08529da6aa8a1ad9d55850b5/execute/async - {"script":"<script> [776 bytes]","args":[{"enterText":"1006","selector":{"controlType":"sap.m.Input","viewName":"etm.portal.ui.managepartners.view.Master","viewId":"application-managepartners-display-component---masterPtm","properties":{"valueState":"None"},"searchOpenDialogs":true,"interaction":{"idSuffix":"inner"}},"clearTextFirst":true,"interactionType":"ENTER_TEXT"}]}
RESULT: {"script":"<script> [776 bytes]","args":[{"enterText":"1006","selector":{"controlType":"sap.m.Input","viewName":"etm.portal.ui.managepartners.view.Master","viewId":"application-managepartners-display-component---masterPtm","properties":{"valueState":"None"},"searchOpenDialogs":true,"interaction":{"idSuffix":"inner"}},"clearTextFirst":true,"interactionType":"ENTER_TEXT"}]}
COMMAND: POST /session/e92654ce08529da6aa8a1ad9d55850b5/actions - {"actions":[{"id":"action22","type":"key","parameters":{},"actions":[{"type":"keyDown","value":""},{"type":"pause","duration":10},{"type":"keyUp","value":""}]}]}
RESULT: {"actions":[{"id":"action22","type":"key","parameters":{},"actions":[{"type":"keyDown","value":""},{"type":"pause","duration":10},{"type":"keyUp","value":""}]}]}
COMMAND: GET /session/e92654ce08529da6aa8a1ad9d55850b5/screenshot - {}
RESULT: {}
COMMAND: POST /session/e92654ce08529da6aa8a1ad9d55850b5/element - {"using":"xpath","value":"(//bdi[contains(text(), \"OK\")])[1]"}
RESULT: {"using":"xpath","value":"(//bdi[contains(text(), \"OK\")])[1]"}
COMMAND: POST /session/e92654ce08529da6aa8a1ad9d55850b5/element/f.2D1B8265A78BA1487979886821B0C8C8.d.C3B380B59B37C0C1967029A62D3146BB.e.7962/click - {}
RESULT: {}
COMMAND: GET /session/e92654ce08529da6aa8a1ad9d55850b5/screenshot - {}
RESULT: {}
COMMAND: POST /session/e92654ce08529da6aa8a1ad9d55850b5/element - {"using":"xpath","value":"//span[@id=\"application-managepartners-display-component---masterPtm--smartTable-header-inner\"]"}
RESULT: {"using":"xpath","value":"//span[@id=\"application-managepartners-display-component---masterPtm--smartTable-header-inner\"]"}
COMMAND: POST /session/e92654ce08529da6aa8a1ad9d55850b5/elements - {"using":"xpath","value":"//span[@id=\"application-managepartners-display-component---masterPtm--smartTable-header-inner\"]"}
RESULT: {"using":"xpath","value":"//span[@id=\"application-managepartners-display-component---masterPtm--smartTable-header-inner\"]"}
COMMAND: POST /session/e92654ce08529da6aa8a1ad9d55850b5/execute/sync - {"script":"<script> [56 bytes]","args":[{"element-6066-11e4-a52e-4f735466cecf":"f.2D1B8265A78BA1487979886821B0C8C8.d.C3B380B59B37C0C1967029A62D3146BB.e.7800","ELEMENT":"f.2D1B8265A78BA1487979886821B0C8C8.d.C3B380B59B37C0C1967029A62D3146BB.e.7800"}]}
RESULT: {"script":"<script> [56 bytes]","args":[{"element-6066-11e4-a52e-4f735466cecf":"f.2D1B8265A78BA1487979886821B0C8C8.d.C3B380B59B37C0C1967029A62D3146BB.e.7800","ELEMENT":"f.2D1B8265A78BA1487979886821B0C8C8.d.C3B380B59B37C0C1967029A62D3146BB.e.7800"}]}
COMMAND: POST /session/e92654ce08529da6aa8a1ad9d55850b5/element - {"using":"xpath","value":"//span[contains(@title, \"Remove\")]"}
COMMAND: GET /session/e92654ce08529da6aa8a1ad9d55850b5/screenshot - {}
RESULT: {"using":"xpath","value":"//span[contains(@title, \"Remove\")]"}
COMMAND: POST /session/e92654ce08529da6aa8a1ad9d55850b5/element/f.2D1B8265A78BA1487979886821B0C8C8.d.C3B380B59B37C0C1967029A62D3146BB.e.7972/click - {}
RESULT: {}
RESULT: {}
COMMAND: GET /session/e92654ce08529da6aa8a1ad9d55850b5/screenshot - {}
RESULT: {}
RESULT: undefined
COMMAND: POST /session/e92654ce08529da6aa8a1ad9d55850b5/element - {"using":"xpath","value":"//*[@id=\"application-managepartners-display-component---masterPtm--smartFilterBar-filterItemControl_BASIC-YARD-vhi\"]"}
RESULT: {"using":"xpath","value":"//*[@id=\"application-managepartners-display-component---masterPtm--smartFilterBar-filterItemControl_BASIC-YARD-vhi\"]"}
COMMAND: POST /session/e92654ce08529da6aa8a1ad9d55850b5/element/f.2D1B8265A78BA1487979886821B0C8C8.d.C3B380B59B37C0C1967029A62D3146BB.e.8076/click - {}
RESULT: {}
COMMAND: GET /session/e92654ce08529da6aa8a1ad9d55850b5/screenshot - {}
RESULT: {}
RESULT: undefined
COMMAND: POST /session/e92654ce08529da6aa8a1ad9d55850b5/execute/async - {"script":"<script> [776 bytes]","args":[{"enterText":"Test","selector":{"id":"application-managepartners-display-component---masterPtm--smartFilterBar-filterItemControl_BASIC-YARD-valueHelpDialog-smartFilterBar-btnBasicSearch","searchOpenDialogs":true,"interaction":{"idSuffix":"I"}},"clearTextFirst":true,"interactionType":"ENTER_TEXT"}]}
RESULT: {"script":"<script> [776 bytes]","args":[{"enterText":"Test","selector":{"id":"application-managepartners-display-component---masterPtm--smartFilterBar-filterItemControl_BASIC-YARD-valueHelpDialog-smartFilterBar-btnBasicSearch","searchOpenDialogs":true,"interaction":{"idSuffix":"I"}},"clearTextFirst":true,"interactionType":"ENTER_TEXT"}]}
COMMAND: POST /session/e92654ce08529da6aa8a1ad9d55850b5/actions - {"actions":[{"id":"action23","type":"key","parameters":{},"actions":[{"type":"keyDown","value":""},{"type":"pause","duration":10},{"type":"keyUp","value":""}]}]}
RESULT: {"actions":[{"id":"action23","type":"key","parameters":{},"actions":[{"type":"keyDown","value":""},{"type":"pause","duration":10},{"type":"keyUp","value":""}]}]}
COMMAND: POST /session/e92654ce08529da6aa8a1ad9d55850b5/elements - {"using":"xpath","value":"//table[contains(@id, \"smartFilterBar-filterItemControl_BASIC-YARD-valueHelpDialog-table-table\")]/tbody/tr"}
COMMAND: GET /session/e92654ce08529da6aa8a1ad9d55850b5/screenshot - {}
RESULT: {"using":"xpath","value":"//table[contains(@id, \"smartFilterBar-filterItemControl_BASIC-YARD-valueHelpDialog-table-table\")]/tbody/tr"}
COMMAND: POST /session/e92654ce08529da6aa8a1ad9d55850b5/element - {"using":"xpath","value":"//table[contains(@id, \"smartFilterBar-filterItemControl_BASIC-YARD-valueHelpDialog-table-table\")]/tbody/tr[1]/td[1]/div/span"}
RESULT: {}
RESULT: {"using":"xpath","value":"//table[contains(@id, \"smartFilterBar-filterItemControl_BASIC-YARD-valueHelpDialog-table-table\")]/tbody/tr[1]/td[1]/div/span"}
COMMAND: POST /session/e92654ce08529da6aa8a1ad9d55850b5/elements - {"using":"xpath","value":"//table[contains(@id, \"smartFilterBar-filterItemControl_BASIC-YARD-valueHelpDialog-table-table\")]/tbody/tr[1]/td[1]/div/span"}
RESULT: {"using":"xpath","value":"//table[contains(@id, \"smartFilterBar-filterItemControl_BASIC-YARD-valueHelpDialog-table-table\")]/tbody/tr[1]/td[1]/div/span"}
COMMAND: POST /session/e92654ce08529da6aa8a1ad9d55850b5/execute/sync - {"script":"<script> [56 bytes]","args":[{"element-6066-11e4-a52e-4f735466cecf":"f.2D1B8265A78BA1487979886821B0C8C8.d.C3B380B59B37C0C1967029A62D3146BB.e.8097","ELEMENT":"f.2D1B8265A78BA1487979886821B0C8C8.d.C3B380B59B37C0C1967029A62D3146BB.e.8097"}]}
RESULT: {"script":"<script> [56 bytes]","args":[{"element-6066-11e4-a52e-4f735466cecf":"f.2D1B8265A78BA1487979886821B0C8C8.d.C3B380B59B37C0C1967029A62D3146BB.e.8097","ELEMENT":"f.2D1B8265A78BA1487979886821B0C8C8.d.C3B380B59B37C0C1967029A62D3146BB.e.8097"}]}
COMMAND: POST /session/e92654ce08529da6aa8a1ad9d55850b5/element - {"using":"xpath","value":"//table[contains(@id, \"smartFilterBar-filterItemControl_BASIC-YARD-valueHelpDialog-table-table\")]/tbody/tr[2]/td[1]/div/span"}
COMMAND: GET /session/e92654ce08529da6aa8a1ad9d55850b5/screenshot - {}
RESULT: {"using":"xpath","value":"//table[contains(@id, \"smartFilterBar-filterItemControl_BASIC-YARD-valueHelpDialog-table-table\")]/tbody/tr[2]/td[1]/div/span"}
COMMAND: POST /session/e92654ce08529da6aa8a1ad9d55850b5/elements - {"using":"xpath","value":"//table[contains(@id, \"smartFilterBar-filterItemControl_BASIC-YARD-valueHelpDialog-table-table\")]/tbody/tr[2]/td[1]/div/span"}
RESULT: {}
RESULT: {"using":"xpath","value":"//table[contains(@id, \"smartFilterBar-filterItemControl_BASIC-YARD-valueHelpDialog-table-table\")]/tbody/tr[2]/td[1]/div/span"}
COMMAND: POST /session/e92654ce08529da6aa8a1ad9d55850b5/execute/sync - {"script":"<script> [56 bytes]","args":[{"element-6066-11e4-a52e-4f735466cecf":"f.2D1B8265A78BA1487979886821B0C8C8.d.C3B380B59B37C0C1967029A62D3146BB.e.8098","ELEMENT":"f.2D1B8265A78BA1487979886821B0C8C8.d.C3B380B59B37C0C1967029A62D3146BB.e.8098"}]}
RESULT: {"script":"<script> [56 bytes]","args":[{"element-6066-11e4-a52e-4f735466cecf":"f.2D1B8265A78BA1487979886821B0C8C8.d.C3B380B59B37C0C1967029A62D3146BB.e.8098","ELEMENT":"f.2D1B8265A78BA1487979886821B0C8C8.d.C3B380B59B37C0C1967029A62D3146BB.e.8098"}]}
COMMAND: POST /session/e92654ce08529da6aa8a1ad9d55850b5/element - {"using":"xpath","value":"//table[contains(@id, \"smartFilterBar-filterItemControl_BASIC-YARD-valueHelpDialog-table-table\")]/tbody/tr[3]/td[1]/div/span"}
COMMAND: GET /session/e92654ce08529da6aa8a1ad9d55850b5/screenshot - {}
RESULT: {"using":"xpath","value":"//table[contains(@id, \"smartFilterBar-filterItemControl_BASIC-YARD-valueHelpDialog-table-table\")]/tbody/tr[3]/td[1]/div/span"}
COMMAND: POST /session/e92654ce08529da6aa8a1ad9d55850b5/elements - {"using":"xpath","value":"//table[contains(@id, \"smartFilterBar-filterItemControl_BASIC-YARD-valueHelpDialog-table-table\")]/tbody/tr[3]/td[1]/div/span"}
RESULT: {}
RESULT: {"using":"xpath","value":"//table[contains(@id, \"smartFilterBar-filterItemControl_BASIC-YARD-valueHelpDialog-table-table\")]/tbody/tr[3]/td[1]/div/span"}
COMMAND: POST /session/e92654ce08529da6aa8a1ad9d55850b5/execute/sync - {"script":"<script> [56 bytes]","args":[{"element-6066-11e4-a52e-4f735466cecf":"f.2D1B8265A78BA1487979886821B0C8C8.d.C3B380B59B37C0C1967029A62D3146BB.e.8099","ELEMENT":"f.2D1B8265A78BA1487979886821B0C8C8.d.C3B380B59B37C0C1967029A62D3146BB.e.8099"}]}
RESULT: {"script":"<script> [56 bytes]","args":[{"element-6066-11e4-a52e-4f735466cecf":"f.2D1B8265A78BA1487979886821B0C8C8.d.C3B380B59B37C0C1967029A62D3146BB.e.8099","ELEMENT":"f.2D1B8265A78BA1487979886821B0C8C8.d.C3B380B59B37C0C1967029A62D3146BB.e.8099"}]}
COMMAND: POST /session/e92654ce08529da6aa8a1ad9d55850b5/element - {"using":"xpath","value":"//div[contains(@id, \"filterItemControl_BASIC-YARD-valueHelpDialog-table-rowsel2\")]"}
COMMAND: GET /session/e92654ce08529da6aa8a1ad9d55850b5/screenshot - {}
RESULT: {"using":"xpath","value":"//div[contains(@id, \"filterItemControl_BASIC-YARD-valueHelpDialog-table-rowsel2\")]"}
COMMAND: POST /session/e92654ce08529da6aa8a1ad9d55850b5/element/f.2D1B8265A78BA1487979886821B0C8C8.d.C3B380B59B37C0C1967029A62D3146BB.e.8100/click - {}
RESULT: {}
RESULT: {}
COMMAND: GET /session/e92654ce08529da6aa8a1ad9d55850b5/screenshot - {}
RESULT: {}
COMMAND: POST /session/e92654ce08529da6aa8a1ad9d55850b5/element - {"using":"xpath","value":"(//bdi[contains(text(), \"OK\")])[1]"}
RESULT: {"using":"xpath","value":"(//bdi[contains(text(), \"OK\")])[1]"}
COMMAND: POST /session/e92654ce08529da6aa8a1ad9d55850b5/element/f.2D1B8265A78BA1487979886821B0C8C8.d.C3B380B59B37C0C1967029A62D3146BB.e.8102/click - {}
RESULT: {}
COMMAND: GET /session/e92654ce08529da6aa8a1ad9d55850b5/screenshot - {}
RESULT: {}
COMMAND: POST /session/e92654ce08529da6aa8a1ad9d55850b5/element - {"using":"xpath","value":"//span[@id=\"application-managepartners-display-component---masterPtm--smartTable-header-inner\"]"}
RESULT: {"using":"xpath","value":"//span[@id=\"application-managepartners-display-component---masterPtm--smartTable-header-inner\"]"}
COMMAND: POST /session/e92654ce08529da6aa8a1ad9d55850b5/elements - {"using":"xpath","value":"//span[@id=\"application-managepartners-display-component---masterPtm--smartTable-header-inner\"]"}
RESULT: {"using":"xpath","value":"//span[@id=\"application-managepartners-display-component---masterPtm--smartTable-header-inner\"]"}
COMMAND: POST /session/e92654ce08529da6aa8a1ad9d55850b5/execute/sync - {"script":"<script> [56 bytes]","args":[{"element-6066-11e4-a52e-4f735466cecf":"f.2D1B8265A78BA1487979886821B0C8C8.d.C3B380B59B37C0C1967029A62D3146BB.e.7800","ELEMENT":"f.2D1B8265A78BA1487979886821B0C8C8.d.C3B380B59B37C0C1967029A62D3146BB.e.7800"}]}
RESULT: {"script":"<script> [56 bytes]","args":[{"element-6066-11e4-a52e-4f735466cecf":"f.2D1B8265A78BA1487979886821B0C8C8.d.C3B380B59B37C0C1967029A62D3146BB.e.7800","ELEMENT":"f.2D1B8265A78BA1487979886821B0C8C8.d.C3B380B59B37C0C1967029A62D3146BB.e.7800"}]}
COMMAND: POST /session/e92654ce08529da6aa8a1ad9d55850b5/element - {"using":"xpath","value":"//span[contains(@title, \"Remove\")]"}
COMMAND: GET /session/e92654ce08529da6aa8a1ad9d55850b5/screenshot - {}
RESULT: {"using":"xpath","value":"//span[contains(@title, \"Remove\")]"}
COMMAND: POST /session/e92654ce08529da6aa8a1ad9d55850b5/element/f.2D1B8265A78BA1487979886821B0C8C8.d.C3B380B59B37C0C1967029A62D3146BB.e.8116/click - {}
RESULT: {}
RESULT: {}
COMMAND: GET /session/e92654ce08529da6aa8a1ad9d55850b5/screenshot - {}
RESULT: {}
RESULT: undefined
COMMAND: POST /session/e92654ce08529da6aa8a1ad9d55850b5/element - {"using":"xpath","value":"//*[@id=\"application-managepartners-display-component---masterPtm--smartFilterBar-filterItemControl_BASIC-MAIN_ADDRESS-vhi\"]"}
RESULT: {"using":"xpath","value":"//*[@id=\"application-managepartners-display-component---masterPtm--smartFilterBar-filterItemControl_BASIC-MAIN_ADDRESS-vhi\"]"}
COMMAND: POST /session/e92654ce08529da6aa8a1ad9d55850b5/element/f.2D1B8265A78BA1487979886821B0C8C8.d.C3B380B59B37C0C1967029A62D3146BB.e.8221/click - {}
RESULT: {}
COMMAND: GET /session/e92654ce08529da6aa8a1ad9d55850b5/screenshot - {}
RESULT: {}
RESULT: undefined
COMMAND: POST /session/e92654ce08529da6aa8a1ad9d55850b5/execute/async - {"script":"<script> [776 bytes]","args":[{"enterText":"Romania","selector":{"id":"application-managepartners-display-component---masterPtm--smartFilterBar-filterItemControl_BASIC-MAIN_ADDRESS-valueHelpDialog-smartFilterBar-btnBasicSearch","searchOpenDialogs":true,"interaction":{"idSuffix":"I"}},"clearTextFirst":true,"interactionType":"ENTER_TEXT"}]}
RESULT: {"script":"<script> [776 bytes]","args":[{"enterText":"Romania","selector":{"id":"application-managepartners-display-component---masterPtm--smartFilterBar-filterItemControl_BASIC-MAIN_ADDRESS-valueHelpDialog-smartFilterBar-btnBasicSearch","searchOpenDialogs":true,"interaction":{"idSuffix":"I"}},"clearTextFirst":true,"interactionType":"ENTER_TEXT"}]}
COMMAND: POST /session/e92654ce08529da6aa8a1ad9d55850b5/actions - {"actions":[{"id":"action24","type":"key","parameters":{},"actions":[{"type":"keyDown","value":""},{"type":"pause","duration":10},{"type":"keyUp","value":""}]}]}
RESULT: {"actions":[{"id":"action24","type":"key","parameters":{},"actions":[{"type":"keyDown","value":""},{"type":"pause","duration":10},{"type":"keyUp","value":""}]}]}
COMMAND: POST /session/e92654ce08529da6aa8a1ad9d55850b5/elements - {"using":"xpath","value":"//table[contains(@id, \"smartFilterBar-filterItemControl_BASIC-MAIN_ADDRESS-valueHelpDialog-table-table\")]/tbody/tr"}
COMMAND: GET /session/e92654ce08529da6aa8a1ad9d55850b5/screenshot - {}
RESULT: {"using":"xpath","value":"//table[contains(@id, \"smartFilterBar-filterItemControl_BASIC-MAIN_ADDRESS-valueHelpDialog-table-table\")]/tbody/tr"}
COMMAND: POST /session/e92654ce08529da6aa8a1ad9d55850b5/element - {"using":"xpath","value":"//table[contains(@id, \"smartFilterBar-filterItemControl_BASIC-MAIN_ADDRESS-valueHelpDialog-table-table\")]/tbody/tr[1]/td[1]/div/span"}
RESULT: {}
RESULT: {"using":"xpath","value":"//table[contains(@id, \"smartFilterBar-filterItemControl_BASIC-MAIN_ADDRESS-valueHelpDialog-table-table\")]/tbody/tr[1]/td[1]/div/span"}
COMMAND: POST /session/e92654ce08529da6aa8a1ad9d55850b5/elements - {"using":"xpath","value":"//table[contains(@id, \"smartFilterBar-filterItemControl_BASIC-MAIN_ADDRESS-valueHelpDialog-table-table\")]/tbody/tr[1]/td[1]/div/span"}
RESULT: {"using":"xpath","value":"//table[contains(@id, \"smartFilterBar-filterItemControl_BASIC-MAIN_ADDRESS-valueHelpDialog-table-table\")]/tbody/tr[1]/td[1]/div/span"}
COMMAND: POST /session/e92654ce08529da6aa8a1ad9d55850b5/execute/sync - {"script":"<script> [56 bytes]","args":[{"element-6066-11e4-a52e-4f735466cecf":"f.2D1B8265A78BA1487979886821B0C8C8.d.C3B380B59B37C0C1967029A62D3146BB.e.8242","ELEMENT":"f.2D1B8265A78BA1487979886821B0C8C8.d.C3B380B59B37C0C1967029A62D3146BB.e.8242"}]}
RESULT: {"script":"<script> [56 bytes]","args":[{"element-6066-11e4-a52e-4f735466cecf":"f.2D1B8265A78BA1487979886821B0C8C8.d.C3B380B59B37C0C1967029A62D3146BB.e.8242","ELEMENT":"f.2D1B8265A78BA1487979886821B0C8C8.d.C3B380B59B37C0C1967029A62D3146BB.e.8242"}]}
COMMAND: POST /session/e92654ce08529da6aa8a1ad9d55850b5/element - {"using":"xpath","value":"//div[contains(@id, \"filterItemControl_BASIC-MAIN_ADDRESS-valueHelpDialog-table-rowsel0\")]"}
COMMAND: GET /session/e92654ce08529da6aa8a1ad9d55850b5/screenshot - {}
RESULT: {"using":"xpath","value":"//div[contains(@id, \"filterItemControl_BASIC-MAIN_ADDRESS-valueHelpDialog-table-rowsel0\")]"}
COMMAND: POST /session/e92654ce08529da6aa8a1ad9d55850b5/element/f.2D1B8265A78BA1487979886821B0C8C8.d.C3B380B59B37C0C1967029A62D3146BB.e.8243/click - {}
RESULT: {}
RESULT: {}
COMMAND: GET /session/e92654ce08529da6aa8a1ad9d55850b5/screenshot - {}
RESULT: {}
COMMAND: POST /session/e92654ce08529da6aa8a1ad9d55850b5/element - {"using":"xpath","value":"(//bdi[contains(text(), \"OK\")])[1]"}
RESULT: {"using":"xpath","value":"(//bdi[contains(text(), \"OK\")])[1]"}
COMMAND: POST /session/e92654ce08529da6aa8a1ad9d55850b5/element/f.2D1B8265A78BA1487979886821B0C8C8.d.C3B380B59B37C0C1967029A62D3146BB.e.8245/click - {}
RESULT: {}
COMMAND: GET /session/e92654ce08529da6aa8a1ad9d55850b5/screenshot - {}
RESULT: {}
COMMAND: POST /session/e92654ce08529da6aa8a1ad9d55850b5/element - {"using":"xpath","value":"//span[@id=\"application-managepartners-display-component---masterPtm--smartTable-header-inner\"]"}
RESULT: {"using":"xpath","value":"//span[@id=\"application-managepartners-display-component---masterPtm--smartTable-header-inner\"]"}
COMMAND: POST /session/e92654ce08529da6aa8a1ad9d55850b5/elements - {"using":"xpath","value":"//span[@id=\"application-managepartners-display-component---masterPtm--smartTable-header-inner\"]"}
RESULT: {"using":"xpath","value":"//span[@id=\"application-managepartners-display-component---masterPtm--smartTable-header-inner\"]"}
COMMAND: POST /session/e92654ce08529da6aa8a1ad9d55850b5/execute/sync - {"script":"<script> [56 bytes]","args":[{"element-6066-11e4-a52e-4f735466cecf":"f.2D1B8265A78BA1487979886821B0C8C8.d.C3B380B59B37C0C1967029A62D3146BB.e.7800","ELEMENT":"f.2D1B8265A78BA1487979886821B0C8C8.d.C3B380B59B37C0C1967029A62D3146BB.e.7800"}]}
RESULT: {"script":"<script> [56 bytes]","args":[{"element-6066-11e4-a52e-4f735466cecf":"f.2D1B8265A78BA1487979886821B0C8C8.d.C3B380B59B37C0C1967029A62D3146BB.e.7800","ELEMENT":"f.2D1B8265A78BA1487979886821B0C8C8.d.C3B380B59B37C0C1967029A62D3146BB.e.7800"}]}
COMMAND: POST /session/e92654ce08529da6aa8a1ad9d55850b5/element - {"using":"xpath","value":"//span[contains(@title, \"Remove\")]"}
COMMAND: GET /session/e92654ce08529da6aa8a1ad9d55850b5/screenshot - {}
RESULT: {"using":"xpath","value":"//span[contains(@title, \"Remove\")]"}
COMMAND: POST /session/e92654ce08529da6aa8a1ad9d55850b5/element/f.2D1B8265A78BA1487979886821B0C8C8.d.C3B380B59B37C0C1967029A62D3146BB.e.8258/click - {}
RESULT: {}
RESULT: {}
COMMAND: GET /session/e92654ce08529da6aa8a1ad9d55850b5/screenshot - {}
RESULT: {}
COMMAND: POST /session/e92654ce08529da6aa8a1ad9d55850b5/execute/async - {"script":"<script> [1562 bytes]","args":[{"selector":{"id":"application-managepartners-display-component---masterPtm--catalogs-arrow"},"wdio_ui5_key":"applicationmanagepartners-display-component---masterPtm--catalogs-arrow"}]}
RESULT: {"script":"<script> [1562 bytes]","args":[{"selector":{"id":"application-managepartners-display-component---masterPtm--catalogs-arrow"},"wdio_ui5_key":"applicationmanagepartners-display-component---masterPtm--catalogs-arrow"}]}
RESULT: undefined
COMMAND: POST /session/e92654ce08529da6aa8a1ad9d55850b5/element - {"using":"xpath","value":"//*[@id=\"application-managepartners-display-component---masterPtm--catalogs-arrow\"]"}
RESULT: {"using":"xpath","value":"//*[@id=\"application-managepartners-display-component---masterPtm--catalogs-arrow\"]"}
COMMAND: POST /session/e92654ce08529da6aa8a1ad9d55850b5/element/f.2D1B8265A78BA1487979886821B0C8C8.d.C3B380B59B37C0C1967029A62D3146BB.e.8361/click - {}
RESULT: {}
COMMAND: GET /session/e92654ce08529da6aa8a1ad9d55850b5/screenshot - {}
RESULT: {}
COMMAND: POST /session/e92654ce08529da6aa8a1ad9d55850b5/element - {"using":"xpath","value":"//li[.//span[text()=\"Webshop Catalog\"]]//div[contains(@class,\"sapMCbBg\")]"}
RESULT: {"using":"xpath","value":"//li[.//span[text()=\"Webshop Catalog\"]]//div[contains(@class,\"sapMCbBg\")]"}
COMMAND: POST /session/e92654ce08529da6aa8a1ad9d55850b5/element/f.2D1B8265A78BA1487979886821B0C8C8.d.C3B380B59B37C0C1967029A62D3146BB.e.8375/click - {}
RESULT: {}
COMMAND: GET /session/e92654ce08529da6aa8a1ad9d55850b5/screenshot - {}
RESULT: {}
RESULT: undefined
COMMAND: POST /session/e92654ce08529da6aa8a1ad9d55850b5/element - {"using":"xpath","value":"//*[@id=\"application-managepartners-display-component---masterPtm--catalogs-arrow\"]"}
RESULT: {"using":"xpath","value":"//*[@id=\"application-managepartners-display-component---masterPtm--catalogs-arrow\"]"}
COMMAND: POST /session/e92654ce08529da6aa8a1ad9d55850b5/element/f.2D1B8265A78BA1487979886821B0C8C8.d.C3B380B59B37C0C1967029A62D3146BB.e.8361/click - {}
RESULT: {}
COMMAND: POST /session/e92654ce08529da6aa8a1ad9d55850b5/element - {"using":"xpath","value":"//span[@id=\"application-managepartners-display-component---masterPtm--smartTable-header-inner\"]"}
COMMAND: GET /session/e92654ce08529da6aa8a1ad9d55850b5/screenshot - {}
RESULT: {"using":"xpath","value":"//span[@id=\"application-managepartners-display-component---masterPtm--smartTable-header-inner\"]"}
COMMAND: POST /session/e92654ce08529da6aa8a1ad9d55850b5/elements - {"using":"xpath","value":"//span[@id=\"application-managepartners-display-component---masterPtm--smartTable-header-inner\"]"}
RESULT: {}
RESULT: {"using":"xpath","value":"//span[@id=\"application-managepartners-display-component---masterPtm--smartTable-header-inner\"]"}
COMMAND: POST /session/e92654ce08529da6aa8a1ad9d55850b5/execute/sync - {"script":"<script> [56 bytes]","args":[{"element-6066-11e4-a52e-4f735466cecf":"f.2D1B8265A78BA1487979886821B0C8C8.d.C3B380B59B37C0C1967029A62D3146BB.e.7800","ELEMENT":"f.2D1B8265A78BA1487979886821B0C8C8.d.C3B380B59B37C0C1967029A62D3146BB.e.7800"}]}
RESULT: {"script":"<script> [56 bytes]","args":[{"element-6066-11e4-a52e-4f735466cecf":"f.2D1B8265A78BA1487979886821B0C8C8.d.C3B380B59B37C0C1967029A62D3146BB.e.7800","ELEMENT":"f.2D1B8265A78BA1487979886821B0C8C8.d.C3B380B59B37C0C1967029A62D3146BB.e.7800"}]}
COMMAND: POST /session/e92654ce08529da6aa8a1ad9d55850b5/element - {"using":"xpath","value":"//span[contains(@title, \"Remove\")]"}
COMMAND: GET /session/e92654ce08529da6aa8a1ad9d55850b5/screenshot - {}
RESULT: {"using":"xpath","value":"//span[contains(@title, \"Remove\")]"}
COMMAND: POST /session/e92654ce08529da6aa8a1ad9d55850b5/element/f.2D1B8265A78BA1487979886821B0C8C8.d.C3B380B59B37C0C1967029A62D3146BB.e.8398/click - {}
RESULT: {}
RESULT: {}
COMMAND: GET /session/e92654ce08529da6aa8a1ad9d55850b5/screenshot - {}
RESULT: {}
COMMAND: POST /session/e92654ce08529da6aa8a1ad9d55850b5/execute/async - {"script":"<script> [1562 bytes]","args":[{"selector":{"id":"application-managepartners-display-component---masterPtm--currencies-arrow"},"wdio_ui5_key":"applicationmanagepartners-display-component---masterPtm--currencies-arrow"}]}
RESULT: {"script":"<script> [1562 bytes]","args":[{"selector":{"id":"application-managepartners-display-component---masterPtm--currencies-arrow"},"wdio_ui5_key":"applicationmanagepartners-display-component---masterPtm--currencies-arrow"}]}
RESULT: undefined
COMMAND: POST /session/e92654ce08529da6aa8a1ad9d55850b5/element - {"using":"xpath","value":"//*[@id=\"application-managepartners-display-component---masterPtm--currencies-arrow\"]"}
RESULT: {"using":"xpath","value":"//*[@id=\"application-managepartners-display-component---masterPtm--currencies-arrow\"]"}
COMMAND: POST /session/e92654ce08529da6aa8a1ad9d55850b5/element/f.2D1B8265A78BA1487979886821B0C8C8.d.C3B380B59B37C0C1967029A62D3146BB.e.8517/click - {}
RESULT: {}
COMMAND: GET /session/e92654ce08529da6aa8a1ad9d55850b5/screenshot - {}
RESULT: {}
COMMAND: POST /session/e92654ce08529da6aa8a1ad9d55850b5/element - {"using":"xpath","value":"//li[.//span[text()=\"US Dollar\"]]//div[contains(@class,\"sapMCbBg\")]"}
RESULT: {"using":"xpath","value":"//li[.//span[text()=\"US Dollar\"]]//div[contains(@class,\"sapMCbBg\")]"}
COMMAND: POST /session/e92654ce08529da6aa8a1ad9d55850b5/element/f.2D1B8265A78BA1487979886821B0C8C8.d.C3B380B59B37C0C1967029A62D3146BB.e.8520/click - {}
RESULT: {}
COMMAND: GET /session/e92654ce08529da6aa8a1ad9d55850b5/screenshot - {}
RESULT: {}
RESULT: undefined
COMMAND: POST /session/e92654ce08529da6aa8a1ad9d55850b5/element - {"using":"xpath","value":"//*[@id=\"application-managepartners-display-component---masterPtm--currencies-arrow\"]"}
RESULT: {"using":"xpath","value":"//*[@id=\"application-managepartners-display-component---masterPtm--currencies-arrow\"]"}
COMMAND: POST /session/e92654ce08529da6aa8a1ad9d55850b5/element/f.2D1B8265A78BA1487979886821B0C8C8.d.C3B380B59B37C0C1967029A62D3146BB.e.8517/click - {}
RESULT: {}
COMMAND: POST /session/e92654ce08529da6aa8a1ad9d55850b5/element - {"using":"xpath","value":"//span[@id=\"application-managepartners-display-component---masterPtm--smartTable-header-inner\"]"}
COMMAND: GET /session/e92654ce08529da6aa8a1ad9d55850b5/screenshot - {}
RESULT: {"using":"xpath","value":"//span[@id=\"application-managepartners-display-component---masterPtm--smartTable-header-inner\"]"}
COMMAND: POST /session/e92654ce08529da6aa8a1ad9d55850b5/elements - {"using":"xpath","value":"//span[@id=\"application-managepartners-display-component---masterPtm--smartTable-header-inner\"]"}
RESULT: {}
RESULT: {"using":"xpath","value":"//span[@id=\"application-managepartners-display-component---masterPtm--smartTable-header-inner\"]"}
COMMAND: POST /session/e92654ce08529da6aa8a1ad9d55850b5/execute/sync - {"script":"<script> [56 bytes]","args":[{"element-6066-11e4-a52e-4f735466cecf":"f.2D1B8265A78BA1487979886821B0C8C8.d.C3B380B59B37C0C1967029A62D3146BB.e.7800","ELEMENT":"f.2D1B8265A78BA1487979886821B0C8C8.d.C3B380B59B37C0C1967029A62D3146BB.e.7800"}]}
RESULT: {"script":"<script> [56 bytes]","args":[{"element-6066-11e4-a52e-4f735466cecf":"f.2D1B8265A78BA1487979886821B0C8C8.d.C3B380B59B37C0C1967029A62D3146BB.e.7800","ELEMENT":"f.2D1B8265A78BA1487979886821B0C8C8.d.C3B380B59B37C0C1967029A62D3146BB.e.7800"}]}
COMMAND: POST /session/e92654ce08529da6aa8a1ad9d55850b5/element - {"using":"xpath","value":"//span[contains(@title, \"Remove\")]"}
COMMAND: GET /session/e92654ce08529da6aa8a1ad9d55850b5/screenshot - {}
RESULT: {"using":"xpath","value":"//span[contains(@title, \"Remove\")]"}
COMMAND: POST /session/e92654ce08529da6aa8a1ad9d55850b5/element/f.2D1B8265A78BA1487979886821B0C8C8.d.C3B380B59B37C0C1967029A62D3146BB.e.8528/click - {}
RESULT: {}
RESULT: {}
COMMAND: GET /session/e92654ce08529da6aa8a1ad9d55850b5/screenshot - {}
RESULT: {}
COMMAND: POST /session/e92654ce08529da6aa8a1ad9d55850b5/execute/async - {"script":"<script> [1562 bytes]","args":[{"selector":{"id":"application-managepartners-display-component---masterPtm--languages-arrow"},"wdio_ui5_key":"applicationmanagepartners-display-component---masterPtm--languages-arrow"}]}
RESULT: {"script":"<script> [1562 bytes]","args":[{"selector":{"id":"application-managepartners-display-component---masterPtm--languages-arrow"},"wdio_ui5_key":"applicationmanagepartners-display-component---masterPtm--languages-arrow"}]}
RESULT: undefined
COMMAND: POST /session/e92654ce08529da6aa8a1ad9d55850b5/element - {"using":"xpath","value":"//*[@id=\"application-managepartners-display-component---masterPtm--languages-arrow\"]"}
RESULT: {"using":"xpath","value":"//*[@id=\"application-managepartners-display-component---masterPtm--languages-arrow\"]"}
COMMAND: POST /session/e92654ce08529da6aa8a1ad9d55850b5/element/f.2D1B8265A78BA1487979886821B0C8C8.d.C3B380B59B37C0C1967029A62D3146BB.e.8593/click - {}
RESULT: {}
COMMAND: GET /session/e92654ce08529da6aa8a1ad9d55850b5/screenshot - {}
RESULT: {}
COMMAND: POST /session/e92654ce08529da6aa8a1ad9d55850b5/element - {"using":"xpath","value":"//li[.//span[text()=\"German\"]]//div[contains(@class,\"sapMCbBg\")]"}
RESULT: {"using":"xpath","value":"//li[.//span[text()=\"German\"]]//div[contains(@class,\"sapMCbBg\")]"}
COMMAND: POST /session/e92654ce08529da6aa8a1ad9d55850b5/element/f.2D1B8265A78BA1487979886821B0C8C8.d.C3B380B59B37C0C1967029A62D3146BB.e.8637/click - {}
RESULT: {}
COMMAND: GET /session/e92654ce08529da6aa8a1ad9d55850b5/screenshot - {}
RESULT: {}
RESULT: undefined
COMMAND: POST /session/e92654ce08529da6aa8a1ad9d55850b5/element - {"using":"xpath","value":"//*[@id=\"application-managepartners-display-component---masterPtm--languages-arrow\"]"}
RESULT: {"using":"xpath","value":"//*[@id=\"application-managepartners-display-component---masterPtm--languages-arrow\"]"}
COMMAND: POST /session/e92654ce08529da6aa8a1ad9d55850b5/element/f.2D1B8265A78BA1487979886821B0C8C8.d.C3B380B59B37C0C1967029A62D3146BB.e.8593/click - {}
RESULT: {}
COMMAND: POST /session/e92654ce08529da6aa8a1ad9d55850b5/element - {"using":"xpath","value":"//span[@id=\"application-managepartners-display-component---masterPtm--smartTable-header-inner\"]"}
COMMAND: GET /session/e92654ce08529da6aa8a1ad9d55850b5/screenshot - {}
RESULT: {"using":"xpath","value":"//span[@id=\"application-managepartners-display-component---masterPtm--smartTable-header-inner\"]"}
COMMAND: POST /session/e92654ce08529da6aa8a1ad9d55850b5/elements - {"using":"xpath","value":"//span[@id=\"application-managepartners-display-component---masterPtm--smartTable-header-inner\"]"}
RESULT: {}
RESULT: {"using":"xpath","value":"//span[@id=\"application-managepartners-display-component---masterPtm--smartTable-header-inner\"]"}
COMMAND: POST /session/e92654ce08529da6aa8a1ad9d55850b5/execute/sync - {"script":"<script> [56 bytes]","args":[{"element-6066-11e4-a52e-4f735466cecf":"f.2D1B8265A78BA1487979886821B0C8C8.d.C3B380B59B37C0C1967029A62D3146BB.e.7800","ELEMENT":"f.2D1B8265A78BA1487979886821B0C8C8.d.C3B380B59B37C0C1967029A62D3146BB.e.7800"}]}
RESULT: {"script":"<script> [56 bytes]","args":[{"element-6066-11e4-a52e-4f735466cecf":"f.2D1B8265A78BA1487979886821B0C8C8.d.C3B380B59B37C0C1967029A62D3146BB.e.7800","ELEMENT":"f.2D1B8265A78BA1487979886821B0C8C8.d.C3B380B59B37C0C1967029A62D3146BB.e.7800"}]}
COMMAND: POST /session/e92654ce08529da6aa8a1ad9d55850b5/element - {"using":"css selector","value":"#shell-header-logo"}
COMMAND: GET /session/e92654ce08529da6aa8a1ad9d55850b5/screenshot - {}
RESULT: {"using":"css selector","value":"#shell-header-logo"}
COMMAND: POST /session/e92654ce08529da6aa8a1ad9d55850b5/element/f.2D1B8265A78BA1487979886821B0C8C8.d.C3B380B59B37C0C1967029A62D3146BB.e.7631/click - {}
RESULT: {}
RESULT: {}
COMMAND: GET /session/e92654ce08529da6aa8a1ad9d55850b5/screenshot - {}
RESULT: {}
COMMAND: DELETE /session/e92654ce08529da6aa8a1ad9d55850b5 - {}
RESULT: {}
]]></system-out>
    </testcase>
  </testsuite>
</testsuites>