<?xml version="1.0" encoding="UTF-8"?>
<testsuites tests="49" failures="0" errors="0" skipped="0">
  <testsuite timestamp="2025-05-10T15:07:45" time="1825.409" tests="49" failures="0" errors="0" skipped="0">
    <properties>
      <property name="specId" value="0" />
      <property name="suiteName" value="Sanity Tests US104253" />
      <property name="capabilities" value="chrome.136_0_7103_49.windows" />
      <property name="file" value="file:///D:/a/1/s/test/specs/General/sanity.spec.js" />
    </properties>
    <testcase classname="chrome.136_0_7103_49.windows.Sanity_Tests_US104253" name="Should open Manage Partners page" time="40.145">
      <system-out><![CDATA[
COMMAND: POST /session/d398fbe39e185af2426c23d9318fa1bb/execute/async - {"script":"<script> [1562 bytes]","args":[{"selector":{"controlType":"sap.m.GenericTile","properties":{"header":"Manage Partners"}},"wdio_ui5_key":"sapm.GenericTile{\"header\":\"Manage Partners\"}"}]}
RESULT: {"script":"<script> [1562 bytes]","args":[{"selector":{"controlType":"sap.m.GenericTile","properties":{"header":"Manage Partners"}},"wdio_ui5_key":"sapm.GenericTile{\"header\":\"Manage Partners\"}"}]}
RESULT: undefined
COMMAND: POST /session/d398fbe39e185af2426c23d9318fa1bb/element - {"using":"xpath","value":"//*[@id=\"__tile38\"]"}
RESULT: {"using":"xpath","value":"//*[@id=\"__tile38\"]"}
COMMAND: POST /session/d398fbe39e185af2426c23d9318fa1bb/element/f.AFE0DA022E1204D9517456F68CA09E7B.d.8A4FD8798E738D2FD0F0991C82672552.e.110/click - {}
RESULT: {}
COMMAND: GET /session/d398fbe39e185af2426c23d9318fa1bb/screenshot - {}
RESULT: {}
COMMAND: POST /session/d398fbe39e185af2426c23d9318fa1bb/elements - {"using":"xpath","value":"//span[text()='Error']"}
RESULT: {"using":"xpath","value":"//span[text()='Error']"}
COMMAND: POST /session/d398fbe39e185af2426c23d9318fa1bb/elements - {"using":"xpath","value":"//*[text()='Close']"}
RESULT: {"using":"xpath","value":"//*[text()='Close']"}
COMMAND: GET /session/d398fbe39e185af2426c23d9318fa1bb/element/f.AFE0DA022E1204D9517456F68CA09E7B.d.8A4FD8798E738D2FD0F0991C82672552.e.119/enabled - {}
RESULT: {}
COMMAND: POST /session/d398fbe39e185af2426c23d9318fa1bb/execute/sync - {"script":"<script> [8489 bytes]","args":[{"element-6066-11e4-a52e-4f735466cecf":"f.AFE0DA022E1204D9517456F68CA09E7B.d.8A4FD8798E738D2FD0F0991C82672552.e.119","ELEMENT":"f.AFE0DA022E1204D9517456F68CA09E7B.d.8A4FD8798E738D2FD0F0991C82672552.e.119"}]}
COMMAND: GET /session/d398fbe39e185af2426c23d9318fa1bb/screenshot - {}
RESULT: {"script":"<script> [8489 bytes]","args":[{"element-6066-11e4-a52e-4f735466cecf":"f.AFE0DA022E1204D9517456F68CA09E7B.d.8A4FD8798E738D2FD0F0991C82672552.e.119","ELEMENT":"f.AFE0DA022E1204D9517456F68CA09E7B.d.8A4FD8798E738D2FD0F0991C82672552.e.119"}]}
COMMAND: POST /session/d398fbe39e185af2426c23d9318fa1bb/execute/sync - {"script":"<script> [5351 bytes]","args":[{"element-6066-11e4-a52e-4f735466cecf":"f.AFE0DA022E1204D9517456F68CA09E7B.d.8A4FD8798E738D2FD0F0991C82672552.e.119","ELEMENT":"f.AFE0DA022E1204D9517456F68CA09E7B.d.8A4FD8798E738D2FD0F0991C82672552.e.119"}]}
COMMAND: GET /session/d398fbe39e185af2426c23d9318fa1bb/screenshot - {}
RESULT: {}
RESULT: {"script":"<script> [5351 bytes]","args":[{"element-6066-11e4-a52e-4f735466cecf":"f.AFE0DA022E1204D9517456F68CA09E7B.d.8A4FD8798E738D2FD0F0991C82672552.e.119","ELEMENT":"f.AFE0DA022E1204D9517456F68CA09E7B.d.8A4FD8798E738D2FD0F0991C82672552.e.119"}]}
COMMAND: POST /session/d398fbe39e185af2426c23d9318fa1bb/element/f.AFE0DA022E1204D9517456F68CA09E7B.d.8A4FD8798E738D2FD0F0991C82672552.e.119/click - {}
COMMAND: GET /session/d398fbe39e185af2426c23d9318fa1bb/screenshot - {}
RESULT: {}
RESULT: {}
COMMAND: POST /session/d398fbe39e185af2426c23d9318fa1bb/elements - {"using":"xpath","value":"//*[text()='OK']"}
COMMAND: GET /session/d398fbe39e185af2426c23d9318fa1bb/screenshot - {}
RESULT: {}
RESULT: {"using":"xpath","value":"//*[text()='OK']"}
RESULT: {}
RESULT: undefined
COMMAND: POST /session/d398fbe39e185af2426c23d9318fa1bb/element - {"using":"xpath","value":"//*[@id=\"__tile38\"]"}
RESULT: {"using":"xpath","value":"//*[@id=\"__tile38\"]"}
COMMAND: POST /session/d398fbe39e185af2426c23d9318fa1bb/element/f.AFE0DA022E1204D9517456F68CA09E7B.d.8A4FD8798E738D2FD0F0991C82672552.e.110/click - {}
RESULT: undefined
COMMAND: POST /session/d398fbe39e185af2426c23d9318fa1bb/element - {"using":"xpath","value":"//*[@id=\"__tile38\"]"}
RESULT: {"using":"xpath","value":"//*[@id=\"__tile38\"]"}
COMMAND: POST /session/d398fbe39e185af2426c23d9318fa1bb/element/f.AFE0DA022E1204D9517456F68CA09E7B.d.8A4FD8798E738D2FD0F0991C82672552.e.110/click - {}
COMMAND: POST /session/d398fbe39e185af2426c23d9318fa1bb/execute/async - {"script":"<script> [1562 bytes]","args":[{"selector":{"id":"shellAppTitle"},"wdio_ui5_key":"shellAppTitle"}]}
RESULT: {"script":"<script> [1562 bytes]","args":[{"selector":{"id":"shellAppTitle"},"wdio_ui5_key":"shellAppTitle"}]}
RESULT: undefined
COMMAND: POST /session/d398fbe39e185af2426c23d9318fa1bb/execute/async - {"script":"<script> [6424 bytes]","args":[{"element-6066-11e4-a52e-4f735466cecf":"f.AFE0DA022E1204D9517456F68CA09E7B.d.8A4FD8798E738D2FD0F0991C82672552.e.221"},"getTitle",[]]}
RESULT: {"script":"<script> [6424 bytes]","args":[{"element-6066-11e4-a52e-4f735466cecf":"f.AFE0DA022E1204D9517456F68CA09E7B.d.8A4FD8798E738D2FD0F0991C82672552.e.221"},"getTitle",[]]}
COMMAND: POST /session/d398fbe39e185af2426c23d9318fa1bb/execute/async - {"script":"<script> [1562 bytes]","args":[{"selector":{"id":"backBtn"},"wdio_ui5_key":"backBtn"}]}
RESULT: {"script":"<script> [1562 bytes]","args":[{"selector":{"id":"backBtn"},"wdio_ui5_key":"backBtn"}]}
RESULT: undefined
COMMAND: POST /session/d398fbe39e185af2426c23d9318fa1bb/element - {"using":"xpath","value":"//*[@id=\"backBtn\"]"}
RESULT: {"using":"xpath","value":"//*[@id=\"backBtn\"]"}
COMMAND: POST /session/d398fbe39e185af2426c23d9318fa1bb/element/f.AFE0DA022E1204D9517456F68CA09E7B.d.8A4FD8798E738D2FD0F0991C82672552.e.222/click - {}
RESULT: {}
COMMAND: GET /session/d398fbe39e185af2426c23d9318fa1bb/screenshot - {}
RESULT: {}
]]></system-out>
    </testcase>
    <testcase classname="chrome.136_0_7103_49.windows.Sanity_Tests_US104253" name="Should open Manage Sites page" time="35.824">
      <system-out><![CDATA[
COMMAND: POST /session/d398fbe39e185af2426c23d9318fa1bb/execute/async - {"script":"<script> [1562 bytes]","args":[{"selector":{"controlType":"sap.m.GenericTile","properties":{"header":"Manage Sites"}},"wdio_ui5_key":"sapm.GenericTile{\"header\":\"Manage Sites\"}"}]}
RESULT: {"script":"<script> [1562 bytes]","args":[{"selector":{"controlType":"sap.m.GenericTile","properties":{"header":"Manage Sites"}},"wdio_ui5_key":"sapm.GenericTile{\"header\":\"Manage Sites\"}"}]}
RESULT: undefined
COMMAND: POST /session/d398fbe39e185af2426c23d9318fa1bb/element - {"using":"xpath","value":"//*[@id=\"__tile40\"]"}
RESULT: {"using":"xpath","value":"//*[@id=\"__tile40\"]"}
COMMAND: POST /session/d398fbe39e185af2426c23d9318fa1bb/element/f.AFE0DA022E1204D9517456F68CA09E7B.d.8A4FD8798E738D2FD0F0991C82672552.e.224/click - {}
RESULT: {}
COMMAND: GET /session/d398fbe39e185af2426c23d9318fa1bb/screenshot - {}
RESULT: {}
COMMAND: POST /session/d398fbe39e185af2426c23d9318fa1bb/elements - {"using":"xpath","value":"//span[text()='Error']"}
RESULT: {"using":"xpath","value":"//span[text()='Error']"}
RESULT: undefined
COMMAND: POST /session/d398fbe39e185af2426c23d9318fa1bb/element - {"using":"xpath","value":"//*[@id=\"__tile40\"]"}
RESULT: {"using":"xpath","value":"//*[@id=\"__tile40\"]"}
COMMAND: POST /session/d398fbe39e185af2426c23d9318fa1bb/element/f.AFE0DA022E1204D9517456F68CA09E7B.d.8A4FD8798E738D2FD0F0991C82672552.e.224/click - {}
RESULT: undefined
COMMAND: POST /session/d398fbe39e185af2426c23d9318fa1bb/element - {"using":"xpath","value":"//*[@id=\"__tile40\"]"}
RESULT: {"using":"xpath","value":"//*[@id=\"__tile40\"]"}
COMMAND: POST /session/d398fbe39e185af2426c23d9318fa1bb/element/f.AFE0DA022E1204D9517456F68CA09E7B.d.8A4FD8798E738D2FD0F0991C82672552.e.224/click - {}
RESULT: undefined
COMMAND: POST /session/d398fbe39e185af2426c23d9318fa1bb/execute/async - {"script":"<script> [6424 bytes]","args":[{"element-6066-11e4-a52e-4f735466cecf":"f.AFE0DA022E1204D9517456F68CA09E7B.d.8A4FD8798E738D2FD0F0991C82672552.e.221"},"getTitle",[]]}
COMMAND: POST /session/d398fbe39e185af2426c23d9318fa1bb/execute/async - {"script":"<script> [1562 bytes]","args":[{"selector":{"id":"shellAppTitle"},"wdio_ui5_key":"shellAppTitle"}]}
RESULT: {"script":"<script> [1562 bytes]","args":[{"selector":{"id":"shellAppTitle"},"wdio_ui5_key":"shellAppTitle"}]}
COMMAND: POST /session/d398fbe39e185af2426c23d9318fa1bb/execute/async - {"script":"<script> [6424 bytes]","args":[{"element-6066-11e4-a52e-4f735466cecf":"f.AFE0DA022E1204D9517456F68CA09E7B.d.8A4FD8798E738D2FD0F0991C82672552.e.343"},"getTitle",[]]}
RESULT: {"script":"<script> [6424 bytes]","args":[{"element-6066-11e4-a52e-4f735466cecf":"f.AFE0DA022E1204D9517456F68CA09E7B.d.8A4FD8798E738D2FD0F0991C82672552.e.343"},"getTitle",[]]}
RESULT: undefined
COMMAND: POST /session/d398fbe39e185af2426c23d9318fa1bb/element/f.AFE0DA022E1204D9517456F68CA09E7B.d.8A4FD8798E738D2FD0F0991C82672552.e.222/click - {}
RESULT: {}
COMMAND: GET /session/d398fbe39e185af2426c23d9318fa1bb/screenshot - {}
RESULT: {}
]]></system-out>
    </testcase>
    <testcase classname="chrome.136_0_7103_49.windows.Sanity_Tests_US104253" name="Should open Manage Resources page" time="37.186">
      <system-out><![CDATA[
COMMAND: POST /session/d398fbe39e185af2426c23d9318fa1bb/execute/async - {"script":"<script> [1562 bytes]","args":[{"selector":{"controlType":"sap.m.GenericTile","properties":{"header":"Manage Resources"}},"wdio_ui5_key":"sapm.GenericTile{\"header\":\"Manage Resources\"}"}]}
RESULT: {"script":"<script> [1562 bytes]","args":[{"selector":{"controlType":"sap.m.GenericTile","properties":{"header":"Manage Resources"}},"wdio_ui5_key":"sapm.GenericTile{\"header\":\"Manage Resources\"}"}]}
RESULT: undefined
COMMAND: POST /session/d398fbe39e185af2426c23d9318fa1bb/element - {"using":"xpath","value":"//*[@id=\"__tile39\"]"}
RESULT: {"using":"xpath","value":"//*[@id=\"__tile39\"]"}
COMMAND: POST /session/d398fbe39e185af2426c23d9318fa1bb/element/f.AFE0DA022E1204D9517456F68CA09E7B.d.8A4FD8798E738D2FD0F0991C82672552.e.345/click - {}
RESULT: {}
COMMAND: GET /session/d398fbe39e185af2426c23d9318fa1bb/screenshot - {}
RESULT: {}
COMMAND: POST /session/d398fbe39e185af2426c23d9318fa1bb/elements - {"using":"xpath","value":"//span[text()='Error']"}
RESULT: {"using":"xpath","value":"//span[text()='Error']"}
RESULT: undefined
COMMAND: POST /session/d398fbe39e185af2426c23d9318fa1bb/element - {"using":"xpath","value":"//*[@id=\"__tile39\"]"}
RESULT: {"using":"xpath","value":"//*[@id=\"__tile39\"]"}
COMMAND: POST /session/d398fbe39e185af2426c23d9318fa1bb/element/f.AFE0DA022E1204D9517456F68CA09E7B.d.8A4FD8798E738D2FD0F0991C82672552.e.345/click - {}
RESULT: undefined
COMMAND: POST /session/d398fbe39e185af2426c23d9318fa1bb/element - {"using":"xpath","value":"//*[@id=\"__tile39\"]"}
RESULT: {"using":"xpath","value":"//*[@id=\"__tile39\"]"}
COMMAND: POST /session/d398fbe39e185af2426c23d9318fa1bb/element/f.AFE0DA022E1204D9517456F68CA09E7B.d.8A4FD8798E738D2FD0F0991C82672552.e.345/click - {}
RESULT: undefined
COMMAND: POST /session/d398fbe39e185af2426c23d9318fa1bb/execute/async - {"script":"<script> [6424 bytes]","args":[{"element-6066-11e4-a52e-4f735466cecf":"f.AFE0DA022E1204D9517456F68CA09E7B.d.8A4FD8798E738D2FD0F0991C82672552.e.221"},"getTitle",[]]}
COMMAND: POST /session/d398fbe39e185af2426c23d9318fa1bb/execute/async - {"script":"<script> [1562 bytes]","args":[{"selector":{"id":"shellAppTitle"},"wdio_ui5_key":"shellAppTitle"}]}
RESULT: {"script":"<script> [1562 bytes]","args":[{"selector":{"id":"shellAppTitle"},"wdio_ui5_key":"shellAppTitle"}]}
COMMAND: POST /session/d398fbe39e185af2426c23d9318fa1bb/execute/async - {"script":"<script> [6424 bytes]","args":[{"element-6066-11e4-a52e-4f735466cecf":"f.AFE0DA022E1204D9517456F68CA09E7B.d.8A4FD8798E738D2FD0F0991C82672552.e.518"},"getTitle",[]]}
RESULT: {"script":"<script> [6424 bytes]","args":[{"element-6066-11e4-a52e-4f735466cecf":"f.AFE0DA022E1204D9517456F68CA09E7B.d.8A4FD8798E738D2FD0F0991C82672552.e.518"},"getTitle",[]]}
RESULT: undefined
COMMAND: POST /session/d398fbe39e185af2426c23d9318fa1bb/element/f.AFE0DA022E1204D9517456F68CA09E7B.d.8A4FD8798E738D2FD0F0991C82672552.e.222/click - {}
COMMAND: POST /session/d398fbe39e185af2426c23d9318fa1bb/element - {"using":"xpath","value":"//*[@id=\"backBtn\"]"}
RESULT: {"using":"xpath","value":"//*[@id=\"backBtn\"]"}
COMMAND: POST /session/d398fbe39e185af2426c23d9318fa1bb/element/f.AFE0DA022E1204D9517456F68CA09E7B.d.8A4FD8798E738D2FD0F0991C82672552.e.222/click - {}
COMMAND: POST /session/d398fbe39e185af2426c23d9318fa1bb/element - {"using":"xpath","value":"//*[@id=\"backBtn\"]"}
RESULT: {"using":"xpath","value":"//*[@id=\"backBtn\"]"}
COMMAND: POST /session/d398fbe39e185af2426c23d9318fa1bb/element/f.AFE0DA022E1204D9517456F68CA09E7B.d.8A4FD8798E738D2FD0F0991C82672552.e.519/click - {}
RESULT: {}
COMMAND: GET /session/d398fbe39e185af2426c23d9318fa1bb/screenshot - {}
RESULT: {}
]]></system-out>
    </testcase>
    <testcase classname="chrome.136_0_7103_49.windows.Sanity_Tests_US104253" name="Should open Manage Catalogs page" time="35.975">
      <system-out><![CDATA[
COMMAND: POST /session/d398fbe39e185af2426c23d9318fa1bb/execute/async - {"script":"<script> [1562 bytes]","args":[{"selector":{"controlType":"sap.m.GenericTile","properties":{"header":"Manage Catalogs"}},"wdio_ui5_key":"sapm.GenericTile{\"header\":\"Manage Catalogs\"}"}]}
RESULT: {"script":"<script> [1562 bytes]","args":[{"selector":{"controlType":"sap.m.GenericTile","properties":{"header":"Manage Catalogs"}},"wdio_ui5_key":"sapm.GenericTile{\"header\":\"Manage Catalogs\"}"}]}
RESULT: undefined
COMMAND: POST /session/d398fbe39e185af2426c23d9318fa1bb/element - {"using":"xpath","value":"//*[@id=\"__tile37\"]"}
RESULT: {"using":"xpath","value":"//*[@id=\"__tile37\"]"}
COMMAND: POST /session/d398fbe39e185af2426c23d9318fa1bb/element/f.AFE0DA022E1204D9517456F68CA09E7B.d.8A4FD8798E738D2FD0F0991C82672552.e.521/click - {}
RESULT: {}
COMMAND: GET /session/d398fbe39e185af2426c23d9318fa1bb/screenshot - {}
RESULT: {}
COMMAND: POST /session/d398fbe39e185af2426c23d9318fa1bb/elements - {"using":"xpath","value":"//span[text()='Error']"}
RESULT: {"using":"xpath","value":"//span[text()='Error']"}
RESULT: undefined
COMMAND: POST /session/d398fbe39e185af2426c23d9318fa1bb/element - {"using":"xpath","value":"//*[@id=\"__tile37\"]"}
RESULT: {"using":"xpath","value":"//*[@id=\"__tile37\"]"}
COMMAND: POST /session/d398fbe39e185af2426c23d9318fa1bb/element/f.AFE0DA022E1204D9517456F68CA09E7B.d.8A4FD8798E738D2FD0F0991C82672552.e.521/click - {}
RESULT: undefined
COMMAND: POST /session/d398fbe39e185af2426c23d9318fa1bb/element - {"using":"xpath","value":"//*[@id=\"__tile37\"]"}
RESULT: {"using":"xpath","value":"//*[@id=\"__tile37\"]"}
COMMAND: POST /session/d398fbe39e185af2426c23d9318fa1bb/element/f.AFE0DA022E1204D9517456F68CA09E7B.d.8A4FD8798E738D2FD0F0991C82672552.e.521/click - {}
RESULT: undefined
COMMAND: POST /session/d398fbe39e185af2426c23d9318fa1bb/execute/async - {"script":"<script> [6424 bytes]","args":[{"element-6066-11e4-a52e-4f735466cecf":"f.AFE0DA022E1204D9517456F68CA09E7B.d.8A4FD8798E738D2FD0F0991C82672552.e.221"},"getTitle",[]]}
COMMAND: POST /session/d398fbe39e185af2426c23d9318fa1bb/execute/async - {"script":"<script> [1562 bytes]","args":[{"selector":{"id":"shellAppTitle"},"wdio_ui5_key":"shellAppTitle"}]}
RESULT: {"script":"<script> [1562 bytes]","args":[{"selector":{"id":"shellAppTitle"},"wdio_ui5_key":"shellAppTitle"}]}
COMMAND: POST /session/d398fbe39e185af2426c23d9318fa1bb/execute/async - {"script":"<script> [6424 bytes]","args":[{"element-6066-11e4-a52e-4f735466cecf":"f.AFE0DA022E1204D9517456F68CA09E7B.d.8A4FD8798E738D2FD0F0991C82672552.e.591"},"getTitle",[]]}
RESULT: {"script":"<script> [6424 bytes]","args":[{"element-6066-11e4-a52e-4f735466cecf":"f.AFE0DA022E1204D9517456F68CA09E7B.d.8A4FD8798E738D2FD0F0991C82672552.e.591"},"getTitle",[]]}
RESULT: undefined
COMMAND: POST /session/d398fbe39e185af2426c23d9318fa1bb/element/f.AFE0DA022E1204D9517456F68CA09E7B.d.8A4FD8798E738D2FD0F0991C82672552.e.519/click - {}
RESULT: {}
COMMAND: GET /session/d398fbe39e185af2426c23d9318fa1bb/screenshot - {}
RESULT: {}
]]></system-out>
    </testcase>
    <testcase classname="chrome.136_0_7103_49.windows.Sanity_Tests_US104253" name="Should open Manage Calendars page" time="35.82">
      <system-out><![CDATA[
COMMAND: POST /session/d398fbe39e185af2426c23d9318fa1bb/execute/async - {"script":"<script> [1562 bytes]","args":[{"selector":{"controlType":"sap.m.GenericTile","properties":{"header":"Manage Calendars"}},"wdio_ui5_key":"sapm.GenericTile{\"header\":\"Manage Calendars\"}"}]}
RESULT: {"script":"<script> [1562 bytes]","args":[{"selector":{"controlType":"sap.m.GenericTile","properties":{"header":"Manage Calendars"}},"wdio_ui5_key":"sapm.GenericTile{\"header\":\"Manage Calendars\"}"}]}
RESULT: undefined
COMMAND: POST /session/d398fbe39e185af2426c23d9318fa1bb/element - {"using":"xpath","value":"//*[@id=\"__tile36\"]"}
RESULT: {"using":"xpath","value":"//*[@id=\"__tile36\"]"}
COMMAND: POST /session/d398fbe39e185af2426c23d9318fa1bb/element/f.AFE0DA022E1204D9517456F68CA09E7B.d.8A4FD8798E738D2FD0F0991C82672552.e.593/click - {}
RESULT: {}
COMMAND: GET /session/d398fbe39e185af2426c23d9318fa1bb/screenshot - {}
RESULT: {}
COMMAND: POST /session/d398fbe39e185af2426c23d9318fa1bb/elements - {"using":"xpath","value":"//span[text()='Error']"}
RESULT: {"using":"xpath","value":"//span[text()='Error']"}
RESULT: undefined
COMMAND: POST /session/d398fbe39e185af2426c23d9318fa1bb/element - {"using":"xpath","value":"//*[@id=\"__tile36\"]"}
RESULT: {"using":"xpath","value":"//*[@id=\"__tile36\"]"}
COMMAND: POST /session/d398fbe39e185af2426c23d9318fa1bb/element/f.AFE0DA022E1204D9517456F68CA09E7B.d.8A4FD8798E738D2FD0F0991C82672552.e.593/click - {}
RESULT: undefined
COMMAND: POST /session/d398fbe39e185af2426c23d9318fa1bb/element - {"using":"xpath","value":"//*[@id=\"__tile36\"]"}
RESULT: {"using":"xpath","value":"//*[@id=\"__tile36\"]"}
COMMAND: POST /session/d398fbe39e185af2426c23d9318fa1bb/element/f.AFE0DA022E1204D9517456F68CA09E7B.d.8A4FD8798E738D2FD0F0991C82672552.e.593/click - {}
RESULT: undefined
COMMAND: POST /session/d398fbe39e185af2426c23d9318fa1bb/execute/async - {"script":"<script> [6424 bytes]","args":[{"element-6066-11e4-a52e-4f735466cecf":"f.AFE0DA022E1204D9517456F68CA09E7B.d.8A4FD8798E738D2FD0F0991C82672552.e.221"},"getTitle",[]]}
COMMAND: POST /session/d398fbe39e185af2426c23d9318fa1bb/execute/async - {"script":"<script> [1562 bytes]","args":[{"selector":{"id":"shellAppTitle"},"wdio_ui5_key":"shellAppTitle"}]}
RESULT: {"script":"<script> [1562 bytes]","args":[{"selector":{"id":"shellAppTitle"},"wdio_ui5_key":"shellAppTitle"}]}
COMMAND: POST /session/d398fbe39e185af2426c23d9318fa1bb/execute/async - {"script":"<script> [6424 bytes]","args":[{"element-6066-11e4-a52e-4f735466cecf":"f.AFE0DA022E1204D9517456F68CA09E7B.d.8A4FD8798E738D2FD0F0991C82672552.e.671"},"getTitle",[]]}
RESULT: {"script":"<script> [6424 bytes]","args":[{"element-6066-11e4-a52e-4f735466cecf":"f.AFE0DA022E1204D9517456F68CA09E7B.d.8A4FD8798E738D2FD0F0991C82672552.e.671"},"getTitle",[]]}
RESULT: undefined
COMMAND: POST /session/d398fbe39e185af2426c23d9318fa1bb/element/f.AFE0DA022E1204D9517456F68CA09E7B.d.8A4FD8798E738D2FD0F0991C82672552.e.519/click - {}
COMMAND: POST /session/d398fbe39e185af2426c23d9318fa1bb/element - {"using":"xpath","value":"//*[@id=\"backBtn\"]"}
RESULT: {"using":"xpath","value":"//*[@id=\"backBtn\"]"}
COMMAND: POST /session/d398fbe39e185af2426c23d9318fa1bb/element/f.AFE0DA022E1204D9517456F68CA09E7B.d.8A4FD8798E738D2FD0F0991C82672552.e.519/click - {}
COMMAND: POST /session/d398fbe39e185af2426c23d9318fa1bb/element - {"using":"xpath","value":"//*[@id=\"backBtn\"]"}
RESULT: {"using":"xpath","value":"//*[@id=\"backBtn\"]"}
COMMAND: POST /session/d398fbe39e185af2426c23d9318fa1bb/element/f.AFE0DA022E1204D9517456F68CA09E7B.d.8A4FD8798E738D2FD0F0991C82672552.e.672/click - {}
RESULT: {}
COMMAND: GET /session/d398fbe39e185af2426c23d9318fa1bb/screenshot - {}
RESULT: {}
]]></system-out>
    </testcase>
    <testcase classname="chrome.136_0_7103_49.windows.Sanity_Tests_US104253" name="Should open Address Management page" time="35.942">
      <system-out><![CDATA[
COMMAND: POST /session/d398fbe39e185af2426c23d9318fa1bb/execute/async - {"script":"<script> [1562 bytes]","args":[{"selector":{"controlType":"sap.m.GenericTile","properties":{"header":"Address Management"}},"wdio_ui5_key":"sapm.GenericTile{\"header\":\"Address Management\"}"}]}
RESULT: {"script":"<script> [1562 bytes]","args":[{"selector":{"controlType":"sap.m.GenericTile","properties":{"header":"Address Management"}},"wdio_ui5_key":"sapm.GenericTile{\"header\":\"Address Management\"}"}]}
RESULT: undefined
COMMAND: POST /session/d398fbe39e185af2426c23d9318fa1bb/element - {"using":"xpath","value":"//*[@id=\"__tile33\"]"}
RESULT: {"using":"xpath","value":"//*[@id=\"__tile33\"]"}
COMMAND: POST /session/d398fbe39e185af2426c23d9318fa1bb/element/f.AFE0DA022E1204D9517456F68CA09E7B.d.8A4FD8798E738D2FD0F0991C82672552.e.674/click - {}
RESULT: {}
COMMAND: GET /session/d398fbe39e185af2426c23d9318fa1bb/screenshot - {}
RESULT: {}
COMMAND: POST /session/d398fbe39e185af2426c23d9318fa1bb/elements - {"using":"xpath","value":"//span[text()='Error']"}
RESULT: {"using":"xpath","value":"//span[text()='Error']"}
RESULT: undefined
COMMAND: POST /session/d398fbe39e185af2426c23d9318fa1bb/element - {"using":"xpath","value":"//*[@id=\"__tile33\"]"}
RESULT: {"using":"xpath","value":"//*[@id=\"__tile33\"]"}
COMMAND: POST /session/d398fbe39e185af2426c23d9318fa1bb/element/f.AFE0DA022E1204D9517456F68CA09E7B.d.8A4FD8798E738D2FD0F0991C82672552.e.674/click - {}
RESULT: undefined
COMMAND: POST /session/d398fbe39e185af2426c23d9318fa1bb/element - {"using":"xpath","value":"//*[@id=\"__tile33\"]"}
RESULT: {"using":"xpath","value":"//*[@id=\"__tile33\"]"}
COMMAND: POST /session/d398fbe39e185af2426c23d9318fa1bb/element/f.AFE0DA022E1204D9517456F68CA09E7B.d.8A4FD8798E738D2FD0F0991C82672552.e.674/click - {}
RESULT: undefined
COMMAND: POST /session/d398fbe39e185af2426c23d9318fa1bb/execute/async - {"script":"<script> [6424 bytes]","args":[{"element-6066-11e4-a52e-4f735466cecf":"f.AFE0DA022E1204D9517456F68CA09E7B.d.8A4FD8798E738D2FD0F0991C82672552.e.221"},"getTitle",[]]}
COMMAND: POST /session/d398fbe39e185af2426c23d9318fa1bb/execute/async - {"script":"<script> [1562 bytes]","args":[{"selector":{"id":"shellAppTitle"},"wdio_ui5_key":"shellAppTitle"}]}
RESULT: {"script":"<script> [1562 bytes]","args":[{"selector":{"id":"shellAppTitle"},"wdio_ui5_key":"shellAppTitle"}]}
COMMAND: POST /session/d398fbe39e185af2426c23d9318fa1bb/execute/async - {"script":"<script> [6424 bytes]","args":[{"element-6066-11e4-a52e-4f735466cecf":"f.AFE0DA022E1204D9517456F68CA09E7B.d.8A4FD8798E738D2FD0F0991C82672552.e.860"},"getTitle",[]]}
RESULT: {"script":"<script> [6424 bytes]","args":[{"element-6066-11e4-a52e-4f735466cecf":"f.AFE0DA022E1204D9517456F68CA09E7B.d.8A4FD8798E738D2FD0F0991C82672552.e.860"},"getTitle",[]]}
RESULT: undefined
COMMAND: POST /session/d398fbe39e185af2426c23d9318fa1bb/element/f.AFE0DA022E1204D9517456F68CA09E7B.d.8A4FD8798E738D2FD0F0991C82672552.e.672/click - {}
RESULT: {}
COMMAND: GET /session/d398fbe39e185af2426c23d9318fa1bb/screenshot - {}
RESULT: {}
]]></system-out>
    </testcase>
    <testcase classname="chrome.136_0_7103_49.windows.Sanity_Tests_US104253" name="Should open Bill Of Resources page" time="35.849">
      <system-out><![CDATA[
COMMAND: POST /session/d398fbe39e185af2426c23d9318fa1bb/execute/async - {"script":"<script> [1562 bytes]","args":[{"selector":{"controlType":"sap.m.GenericTile","properties":{"header":"Bill Of Resources"}},"wdio_ui5_key":"sapm.GenericTile{\"header\":\"Bill Of Resources\"}"}]}
RESULT: {"script":"<script> [1562 bytes]","args":[{"selector":{"controlType":"sap.m.GenericTile","properties":{"header":"Bill Of Resources"}},"wdio_ui5_key":"sapm.GenericTile{\"header\":\"Bill Of Resources\"}"}]}
RESULT: undefined
COMMAND: POST /session/d398fbe39e185af2426c23d9318fa1bb/element - {"using":"xpath","value":"//*[@id=\"__tile34\"]"}
RESULT: {"using":"xpath","value":"//*[@id=\"__tile34\"]"}
COMMAND: POST /session/d398fbe39e185af2426c23d9318fa1bb/element/f.AFE0DA022E1204D9517456F68CA09E7B.d.8A4FD8798E738D2FD0F0991C82672552.e.862/click - {}
RESULT: {}
COMMAND: GET /session/d398fbe39e185af2426c23d9318fa1bb/screenshot - {}
RESULT: {}
COMMAND: POST /session/d398fbe39e185af2426c23d9318fa1bb/elements - {"using":"xpath","value":"//span[text()='Error']"}
RESULT: {"using":"xpath","value":"//span[text()='Error']"}
RESULT: undefined
COMMAND: POST /session/d398fbe39e185af2426c23d9318fa1bb/element - {"using":"xpath","value":"//*[@id=\"__tile34\"]"}
RESULT: {"using":"xpath","value":"//*[@id=\"__tile34\"]"}
COMMAND: POST /session/d398fbe39e185af2426c23d9318fa1bb/element/f.AFE0DA022E1204D9517456F68CA09E7B.d.8A4FD8798E738D2FD0F0991C82672552.e.862/click - {}
RESULT: undefined
COMMAND: POST /session/d398fbe39e185af2426c23d9318fa1bb/element - {"using":"xpath","value":"//*[@id=\"__tile34\"]"}
RESULT: {"using":"xpath","value":"//*[@id=\"__tile34\"]"}
COMMAND: POST /session/d398fbe39e185af2426c23d9318fa1bb/element/f.AFE0DA022E1204D9517456F68CA09E7B.d.8A4FD8798E738D2FD0F0991C82672552.e.862/click - {}
RESULT: undefined
COMMAND: POST /session/d398fbe39e185af2426c23d9318fa1bb/execute/async - {"script":"<script> [6424 bytes]","args":[{"element-6066-11e4-a52e-4f735466cecf":"f.AFE0DA022E1204D9517456F68CA09E7B.d.8A4FD8798E738D2FD0F0991C82672552.e.221"},"getTitle",[]]}
COMMAND: POST /session/d398fbe39e185af2426c23d9318fa1bb/execute/async - {"script":"<script> [1562 bytes]","args":[{"selector":{"id":"shellAppTitle"},"wdio_ui5_key":"shellAppTitle"}]}
RESULT: {"script":"<script> [1562 bytes]","args":[{"selector":{"id":"shellAppTitle"},"wdio_ui5_key":"shellAppTitle"}]}
COMMAND: POST /session/d398fbe39e185af2426c23d9318fa1bb/execute/async - {"script":"<script> [6424 bytes]","args":[{"element-6066-11e4-a52e-4f735466cecf":"f.AFE0DA022E1204D9517456F68CA09E7B.d.8A4FD8798E738D2FD0F0991C82672552.e.1001"},"getTitle",[]]}
RESULT: {"script":"<script> [6424 bytes]","args":[{"element-6066-11e4-a52e-4f735466cecf":"f.AFE0DA022E1204D9517456F68CA09E7B.d.8A4FD8798E738D2FD0F0991C82672552.e.1001"},"getTitle",[]]}
RESULT: undefined
COMMAND: POST /session/d398fbe39e185af2426c23d9318fa1bb/element/f.AFE0DA022E1204D9517456F68CA09E7B.d.8A4FD8798E738D2FD0F0991C82672552.e.672/click - {}
COMMAND: POST /session/d398fbe39e185af2426c23d9318fa1bb/element - {"using":"xpath","value":"//*[@id=\"backBtn\"]"}
RESULT: {"using":"xpath","value":"//*[@id=\"backBtn\"]"}
COMMAND: POST /session/d398fbe39e185af2426c23d9318fa1bb/element/f.AFE0DA022E1204D9517456F68CA09E7B.d.8A4FD8798E738D2FD0F0991C82672552.e.672/click - {}
COMMAND: POST /session/d398fbe39e185af2426c23d9318fa1bb/element - {"using":"xpath","value":"//*[@id=\"backBtn\"]"}
RESULT: {"using":"xpath","value":"//*[@id=\"backBtn\"]"}
COMMAND: POST /session/d398fbe39e185af2426c23d9318fa1bb/element/f.AFE0DA022E1204D9517456F68CA09E7B.d.8A4FD8798E738D2FD0F0991C82672552.e.1002/click - {}
RESULT: {}
COMMAND: GET /session/d398fbe39e185af2426c23d9318fa1bb/screenshot - {}
RESULT: {}
]]></system-out>
    </testcase>
    <testcase classname="chrome.136_0_7103_49.windows.Sanity_Tests_US104253" name="Should open Manage Yards page" time="35.794">
      <system-out><![CDATA[
COMMAND: POST /session/d398fbe39e185af2426c23d9318fa1bb/execute/async - {"script":"<script> [1562 bytes]","args":[{"selector":{"controlType":"sap.m.GenericTile","properties":{"header":"Manage Yards"}},"wdio_ui5_key":"sapm.GenericTile{\"header\":\"Manage Yards\"}"}]}
RESULT: {"script":"<script> [1562 bytes]","args":[{"selector":{"controlType":"sap.m.GenericTile","properties":{"header":"Manage Yards"}},"wdio_ui5_key":"sapm.GenericTile{\"header\":\"Manage Yards\"}"}]}
RESULT: undefined
COMMAND: POST /session/d398fbe39e185af2426c23d9318fa1bb/element - {"using":"xpath","value":"//*[@id=\"__tile41\"]"}
RESULT: {"using":"xpath","value":"//*[@id=\"__tile41\"]"}
COMMAND: POST /session/d398fbe39e185af2426c23d9318fa1bb/element/f.AFE0DA022E1204D9517456F68CA09E7B.d.8A4FD8798E738D2FD0F0991C82672552.e.1004/click - {}
RESULT: {}
COMMAND: GET /session/d398fbe39e185af2426c23d9318fa1bb/screenshot - {}
RESULT: {}
COMMAND: POST /session/d398fbe39e185af2426c23d9318fa1bb/elements - {"using":"xpath","value":"//span[text()='Error']"}
RESULT: {"using":"xpath","value":"//span[text()='Error']"}
RESULT: undefined
COMMAND: POST /session/d398fbe39e185af2426c23d9318fa1bb/element - {"using":"xpath","value":"//*[@id=\"__tile41\"]"}
RESULT: {"using":"xpath","value":"//*[@id=\"__tile41\"]"}
COMMAND: POST /session/d398fbe39e185af2426c23d9318fa1bb/element/f.AFE0DA022E1204D9517456F68CA09E7B.d.8A4FD8798E738D2FD0F0991C82672552.e.1004/click - {}
RESULT: undefined
COMMAND: POST /session/d398fbe39e185af2426c23d9318fa1bb/element - {"using":"xpath","value":"//*[@id=\"__tile41\"]"}
RESULT: {"using":"xpath","value":"//*[@id=\"__tile41\"]"}
COMMAND: POST /session/d398fbe39e185af2426c23d9318fa1bb/element/f.AFE0DA022E1204D9517456F68CA09E7B.d.8A4FD8798E738D2FD0F0991C82672552.e.1004/click - {}
RESULT: undefined
COMMAND: POST /session/d398fbe39e185af2426c23d9318fa1bb/execute/async - {"script":"<script> [6424 bytes]","args":[{"element-6066-11e4-a52e-4f735466cecf":"f.AFE0DA022E1204D9517456F68CA09E7B.d.8A4FD8798E738D2FD0F0991C82672552.e.221"},"getTitle",[]]}
COMMAND: POST /session/d398fbe39e185af2426c23d9318fa1bb/execute/async - {"script":"<script> [1562 bytes]","args":[{"selector":{"id":"shellAppTitle"},"wdio_ui5_key":"shellAppTitle"}]}
RESULT: {"script":"<script> [1562 bytes]","args":[{"selector":{"id":"shellAppTitle"},"wdio_ui5_key":"shellAppTitle"}]}
COMMAND: POST /session/d398fbe39e185af2426c23d9318fa1bb/execute/async - {"script":"<script> [6424 bytes]","args":[{"element-6066-11e4-a52e-4f735466cecf":"f.AFE0DA022E1204D9517456F68CA09E7B.d.8A4FD8798E738D2FD0F0991C82672552.e.1165"},"getTitle",[]]}
RESULT: {"script":"<script> [6424 bytes]","args":[{"element-6066-11e4-a52e-4f735466cecf":"f.AFE0DA022E1204D9517456F68CA09E7B.d.8A4FD8798E738D2FD0F0991C82672552.e.1165"},"getTitle",[]]}
RESULT: undefined
COMMAND: POST /session/d398fbe39e185af2426c23d9318fa1bb/element/f.AFE0DA022E1204D9517456F68CA09E7B.d.8A4FD8798E738D2FD0F0991C82672552.e.1002/click - {}
RESULT: {}
COMMAND: GET /session/d398fbe39e185af2426c23d9318fa1bb/screenshot - {}
RESULT: {}
]]></system-out>
    </testcase>
    <testcase classname="chrome.136_0_7103_49.windows.Sanity_Tests_US104253" name="Should open Manage Requests page" time="36.088">
      <system-out><![CDATA[
COMMAND: POST /session/d398fbe39e185af2426c23d9318fa1bb/execute/async - {"script":"<script> [1562 bytes]","args":[{"selector":{"controlType":"sap.m.GenericTile","properties":{"header":"Manage Requests"}},"wdio_ui5_key":"sapm.GenericTile{\"header\":\"Manage Requests\"}"}]}
RESULT: {"script":"<script> [1562 bytes]","args":[{"selector":{"controlType":"sap.m.GenericTile","properties":{"header":"Manage Requests"}},"wdio_ui5_key":"sapm.GenericTile{\"header\":\"Manage Requests\"}"}]}
RESULT: undefined
COMMAND: POST /session/d398fbe39e185af2426c23d9318fa1bb/element - {"using":"xpath","value":"//*[@id=\"__tile47\"]"}
RESULT: {"using":"xpath","value":"//*[@id=\"__tile47\"]"}
COMMAND: POST /session/d398fbe39e185af2426c23d9318fa1bb/element/f.AFE0DA022E1204D9517456F68CA09E7B.d.8A4FD8798E738D2FD0F0991C82672552.e.1167/click - {}
RESULT: {}
COMMAND: GET /session/d398fbe39e185af2426c23d9318fa1bb/screenshot - {}
RESULT: {}
COMMAND: POST /session/d398fbe39e185af2426c23d9318fa1bb/elements - {"using":"xpath","value":"//span[text()='Error']"}
RESULT: {"using":"xpath","value":"//span[text()='Error']"}
RESULT: undefined
COMMAND: POST /session/d398fbe39e185af2426c23d9318fa1bb/element - {"using":"xpath","value":"//*[@id=\"__tile47\"]"}
RESULT: {"using":"xpath","value":"//*[@id=\"__tile47\"]"}
COMMAND: POST /session/d398fbe39e185af2426c23d9318fa1bb/element/f.AFE0DA022E1204D9517456F68CA09E7B.d.8A4FD8798E738D2FD0F0991C82672552.e.1167/click - {}
RESULT: undefined
COMMAND: POST /session/d398fbe39e185af2426c23d9318fa1bb/element - {"using":"xpath","value":"//*[@id=\"__tile47\"]"}
RESULT: {"using":"xpath","value":"//*[@id=\"__tile47\"]"}
COMMAND: POST /session/d398fbe39e185af2426c23d9318fa1bb/element/f.AFE0DA022E1204D9517456F68CA09E7B.d.8A4FD8798E738D2FD0F0991C82672552.e.1167/click - {}
RESULT: undefined
COMMAND: POST /session/d398fbe39e185af2426c23d9318fa1bb/execute/async - {"script":"<script> [6424 bytes]","args":[{"element-6066-11e4-a52e-4f735466cecf":"f.AFE0DA022E1204D9517456F68CA09E7B.d.8A4FD8798E738D2FD0F0991C82672552.e.221"},"getTitle",[]]}
COMMAND: POST /session/d398fbe39e185af2426c23d9318fa1bb/execute/async - {"script":"<script> [1562 bytes]","args":[{"selector":{"id":"shellAppTitle"},"wdio_ui5_key":"shellAppTitle"}]}
RESULT: {"script":"<script> [1562 bytes]","args":[{"selector":{"id":"shellAppTitle"},"wdio_ui5_key":"shellAppTitle"}]}
COMMAND: POST /session/d398fbe39e185af2426c23d9318fa1bb/execute/async - {"script":"<script> [6424 bytes]","args":[{"element-6066-11e4-a52e-4f735466cecf":"f.AFE0DA022E1204D9517456F68CA09E7B.d.8A4FD8798E738D2FD0F0991C82672552.e.1270"},"getTitle",[]]}
RESULT: {"script":"<script> [6424 bytes]","args":[{"element-6066-11e4-a52e-4f735466cecf":"f.AFE0DA022E1204D9517456F68CA09E7B.d.8A4FD8798E738D2FD0F0991C82672552.e.1270"},"getTitle",[]]}
RESULT: undefined
COMMAND: POST /session/d398fbe39e185af2426c23d9318fa1bb/element/f.AFE0DA022E1204D9517456F68CA09E7B.d.8A4FD8798E738D2FD0F0991C82672552.e.1002/click - {}
COMMAND: POST /session/d398fbe39e185af2426c23d9318fa1bb/element - {"using":"xpath","value":"//*[@id=\"backBtn\"]"}
RESULT: {"using":"xpath","value":"//*[@id=\"backBtn\"]"}
COMMAND: POST /session/d398fbe39e185af2426c23d9318fa1bb/element/f.AFE0DA022E1204D9517456F68CA09E7B.d.8A4FD8798E738D2FD0F0991C82672552.e.1002/click - {}
COMMAND: POST /session/d398fbe39e185af2426c23d9318fa1bb/element - {"using":"xpath","value":"//*[@id=\"backBtn\"]"}
RESULT: {"using":"xpath","value":"//*[@id=\"backBtn\"]"}
COMMAND: POST /session/d398fbe39e185af2426c23d9318fa1bb/element/f.AFE0DA022E1204D9517456F68CA09E7B.d.8A4FD8798E738D2FD0F0991C82672552.e.1271/click - {}
RESULT: {}
COMMAND: GET /session/d398fbe39e185af2426c23d9318fa1bb/screenshot - {}
RESULT: {}
]]></system-out>
    </testcase>
    <testcase classname="chrome.136_0_7103_49.windows.Sanity_Tests_US104253" name="Should open Manage Purchasing page" time="35.841">
      <system-out><![CDATA[
COMMAND: POST /session/d398fbe39e185af2426c23d9318fa1bb/execute/async - {"script":"<script> [1562 bytes]","args":[{"selector":{"controlType":"sap.m.GenericTile","properties":{"header":"Manage Purchasing"}},"wdio_ui5_key":"sapm.GenericTile{\"header\":\"Manage Purchasing\"}"}]}
RESULT: {"script":"<script> [1562 bytes]","args":[{"selector":{"controlType":"sap.m.GenericTile","properties":{"header":"Manage Purchasing"}},"wdio_ui5_key":"sapm.GenericTile{\"header\":\"Manage Purchasing\"}"}]}
RESULT: undefined
COMMAND: POST /session/d398fbe39e185af2426c23d9318fa1bb/element - {"using":"xpath","value":"//*[@id=\"__tile46\"]"}
RESULT: {"using":"xpath","value":"//*[@id=\"__tile46\"]"}
COMMAND: POST /session/d398fbe39e185af2426c23d9318fa1bb/element/f.AFE0DA022E1204D9517456F68CA09E7B.d.8A4FD8798E738D2FD0F0991C82672552.e.1274/click - {}
RESULT: {}
COMMAND: GET /session/d398fbe39e185af2426c23d9318fa1bb/screenshot - {}
RESULT: {}
COMMAND: POST /session/d398fbe39e185af2426c23d9318fa1bb/elements - {"using":"xpath","value":"//span[text()='Error']"}
RESULT: {"using":"xpath","value":"//span[text()='Error']"}
RESULT: undefined
COMMAND: POST /session/d398fbe39e185af2426c23d9318fa1bb/element - {"using":"xpath","value":"//*[@id=\"__tile46\"]"}
RESULT: {"using":"xpath","value":"//*[@id=\"__tile46\"]"}
COMMAND: POST /session/d398fbe39e185af2426c23d9318fa1bb/element/f.AFE0DA022E1204D9517456F68CA09E7B.d.8A4FD8798E738D2FD0F0991C82672552.e.1274/click - {}
RESULT: undefined
COMMAND: POST /session/d398fbe39e185af2426c23d9318fa1bb/element - {"using":"xpath","value":"//*[@id=\"__tile46\"]"}
RESULT: {"using":"xpath","value":"//*[@id=\"__tile46\"]"}
COMMAND: POST /session/d398fbe39e185af2426c23d9318fa1bb/element/f.AFE0DA022E1204D9517456F68CA09E7B.d.8A4FD8798E738D2FD0F0991C82672552.e.1274/click - {}
RESULT: undefined
COMMAND: POST /session/d398fbe39e185af2426c23d9318fa1bb/execute/async - {"script":"<script> [6424 bytes]","args":[{"element-6066-11e4-a52e-4f735466cecf":"f.AFE0DA022E1204D9517456F68CA09E7B.d.8A4FD8798E738D2FD0F0991C82672552.e.221"},"getTitle",[]]}
COMMAND: POST /session/d398fbe39e185af2426c23d9318fa1bb/execute/async - {"script":"<script> [1562 bytes]","args":[{"selector":{"id":"shellAppTitle"},"wdio_ui5_key":"shellAppTitle"}]}
RESULT: {"script":"<script> [1562 bytes]","args":[{"selector":{"id":"shellAppTitle"},"wdio_ui5_key":"shellAppTitle"}]}
COMMAND: POST /session/d398fbe39e185af2426c23d9318fa1bb/execute/async - {"script":"<script> [6424 bytes]","args":[{"element-6066-11e4-a52e-4f735466cecf":"f.AFE0DA022E1204D9517456F68CA09E7B.d.8A4FD8798E738D2FD0F0991C82672552.e.1352"},"getTitle",[]]}
RESULT: {"script":"<script> [6424 bytes]","args":[{"element-6066-11e4-a52e-4f735466cecf":"f.AFE0DA022E1204D9517456F68CA09E7B.d.8A4FD8798E738D2FD0F0991C82672552.e.1352"},"getTitle",[]]}
RESULT: undefined
COMMAND: POST /session/d398fbe39e185af2426c23d9318fa1bb/element/f.AFE0DA022E1204D9517456F68CA09E7B.d.8A4FD8798E738D2FD0F0991C82672552.e.1271/click - {}
RESULT: {}
COMMAND: GET /session/d398fbe39e185af2426c23d9318fa1bb/screenshot - {}
RESULT: {}
]]></system-out>
    </testcase>
    <testcase classname="chrome.136_0_7103_49.windows.Sanity_Tests_US104253" name="Should open Planning Board page" time="36.149">
      <system-out><![CDATA[
COMMAND: POST /session/d398fbe39e185af2426c23d9318fa1bb/execute/async - {"script":"<script> [1562 bytes]","args":[{"selector":{"controlType":"sap.m.GenericTile","properties":{"header":"Planning Board"}},"wdio_ui5_key":"sapm.GenericTile{\"header\":\"Planning Board\"}"}]}
RESULT: {"script":"<script> [1562 bytes]","args":[{"selector":{"controlType":"sap.m.GenericTile","properties":{"header":"Planning Board"}},"wdio_ui5_key":"sapm.GenericTile{\"header\":\"Planning Board\"}"}]}
RESULT: undefined
COMMAND: POST /session/d398fbe39e185af2426c23d9318fa1bb/element - {"using":"xpath","value":"//*[@id=\"__tile132\"]"}
RESULT: {"using":"xpath","value":"//*[@id=\"__tile132\"]"}
COMMAND: POST /session/d398fbe39e185af2426c23d9318fa1bb/element/f.AFE0DA022E1204D9517456F68CA09E7B.d.8A4FD8798E738D2FD0F0991C82672552.e.1354/click - {}
RESULT: {}
COMMAND: GET /session/d398fbe39e185af2426c23d9318fa1bb/screenshot - {}
RESULT: {}
COMMAND: POST /session/d398fbe39e185af2426c23d9318fa1bb/elements - {"using":"xpath","value":"//span[text()='Error']"}
RESULT: {"using":"xpath","value":"//span[text()='Error']"}
RESULT: undefined
COMMAND: POST /session/d398fbe39e185af2426c23d9318fa1bb/element - {"using":"xpath","value":"//*[@id=\"__tile132\"]"}
RESULT: {"using":"xpath","value":"//*[@id=\"__tile132\"]"}
COMMAND: POST /session/d398fbe39e185af2426c23d9318fa1bb/element/f.AFE0DA022E1204D9517456F68CA09E7B.d.8A4FD8798E738D2FD0F0991C82672552.e.1354/click - {}
RESULT: undefined
COMMAND: POST /session/d398fbe39e185af2426c23d9318fa1bb/element - {"using":"xpath","value":"//*[@id=\"__tile132\"]"}
RESULT: {"using":"xpath","value":"//*[@id=\"__tile132\"]"}
COMMAND: POST /session/d398fbe39e185af2426c23d9318fa1bb/element/f.AFE0DA022E1204D9517456F68CA09E7B.d.8A4FD8798E738D2FD0F0991C82672552.e.1354/click - {}
RESULT: undefined
COMMAND: POST /session/d398fbe39e185af2426c23d9318fa1bb/execute/async - {"script":"<script> [6424 bytes]","args":[{"element-6066-11e4-a52e-4f735466cecf":"f.AFE0DA022E1204D9517456F68CA09E7B.d.8A4FD8798E738D2FD0F0991C82672552.e.221"},"getTitle",[]]}
COMMAND: POST /session/d398fbe39e185af2426c23d9318fa1bb/execute/async - {"script":"<script> [1562 bytes]","args":[{"selector":{"id":"shellAppTitle"},"wdio_ui5_key":"shellAppTitle"}]}
RESULT: {"script":"<script> [1562 bytes]","args":[{"selector":{"id":"shellAppTitle"},"wdio_ui5_key":"shellAppTitle"}]}
COMMAND: POST /session/d398fbe39e185af2426c23d9318fa1bb/execute/async - {"script":"<script> [6424 bytes]","args":[{"element-6066-11e4-a52e-4f735466cecf":"f.AFE0DA022E1204D9517456F68CA09E7B.d.8A4FD8798E738D2FD0F0991C82672552.e.1401"},"getTitle",[]]}
RESULT: {"script":"<script> [6424 bytes]","args":[{"element-6066-11e4-a52e-4f735466cecf":"f.AFE0DA022E1204D9517456F68CA09E7B.d.8A4FD8798E738D2FD0F0991C82672552.e.1401"},"getTitle",[]]}
RESULT: undefined
COMMAND: POST /session/d398fbe39e185af2426c23d9318fa1bb/element/f.AFE0DA022E1204D9517456F68CA09E7B.d.8A4FD8798E738D2FD0F0991C82672552.e.1271/click - {}
COMMAND: POST /session/d398fbe39e185af2426c23d9318fa1bb/element/f.AFE0DA022E1204D9517456F68CA09E7B.d.8A4FD8798E738D2FD0F0991C82672552.e.1271/click - {}
COMMAND: POST /session/d398fbe39e185af2426c23d9318fa1bb/element - {"using":"xpath","value":"//*[@id=\"backBtn\"]"}
COMMAND: POST /session/d398fbe39e185af2426c23d9318fa1bb/element - {"using":"xpath","value":"//*[@id=\"backBtn\"]"}
RESULT: {"using":"xpath","value":"//*[@id=\"backBtn\"]"}
COMMAND: POST /session/d398fbe39e185af2426c23d9318fa1bb/element/f.AFE0DA022E1204D9517456F68CA09E7B.d.8A4FD8798E738D2FD0F0991C82672552.e.1271/click - {}
RESULT: {"using":"xpath","value":"//*[@id=\"backBtn\"]"}
COMMAND: POST /session/d398fbe39e185af2426c23d9318fa1bb/element/f.AFE0DA022E1204D9517456F68CA09E7B.d.8A4FD8798E738D2FD0F0991C82672552.e.1271/click - {}
COMMAND: POST /session/d398fbe39e185af2426c23d9318fa1bb/element - {"using":"xpath","value":"//*[@id=\"backBtn\"]"}
RESULT: {"using":"xpath","value":"//*[@id=\"backBtn\"]"}
COMMAND: POST /session/d398fbe39e185af2426c23d9318fa1bb/element/f.AFE0DA022E1204D9517456F68CA09E7B.d.8A4FD8798E738D2FD0F0991C82672552.e.1402/click - {}
COMMAND: POST /session/d398fbe39e185af2426c23d9318fa1bb/element - {"using":"xpath","value":"//*[@id=\"backBtn\"]"}
RESULT: {}
COMMAND: GET /session/d398fbe39e185af2426c23d9318fa1bb/screenshot - {}
RESULT: {"using":"xpath","value":"//*[@id=\"backBtn\"]"}
COMMAND: POST /session/d398fbe39e185af2426c23d9318fa1bb/element/f.AFE0DA022E1204D9517456F68CA09E7B.d.8A4FD8798E738D2FD0F0991C82672552.e.1402/click - {}
RESULT: {}
RESULT: {}
COMMAND: GET /session/d398fbe39e185af2426c23d9318fa1bb/screenshot - {}
RESULT: {}
]]></system-out>
    </testcase>
    <testcase classname="chrome.136_0_7103_49.windows.Sanity_Tests_US104253" name="Should open Manage Contracts page" time="36.211">
      <system-out><![CDATA[
COMMAND: POST /session/d398fbe39e185af2426c23d9318fa1bb/execute/async - {"script":"<script> [1562 bytes]","args":[{"selector":{"controlType":"sap.m.GenericTile","properties":{"header":"Manage Contracts"}},"wdio_ui5_key":"sapm.GenericTile{\"header\":\"Manage Contracts\"}"}]}
RESULT: {"script":"<script> [1562 bytes]","args":[{"selector":{"controlType":"sap.m.GenericTile","properties":{"header":"Manage Contracts"}},"wdio_ui5_key":"sapm.GenericTile{\"header\":\"Manage Contracts\"}"}]}
RESULT: undefined
COMMAND: POST /session/d398fbe39e185af2426c23d9318fa1bb/element - {"using":"xpath","value":"//*[@id=\"__tile133\"]"}
RESULT: {"using":"xpath","value":"//*[@id=\"__tile133\"]"}
COMMAND: POST /session/d398fbe39e185af2426c23d9318fa1bb/element/f.AFE0DA022E1204D9517456F68CA09E7B.d.8A4FD8798E738D2FD0F0991C82672552.e.1404/click - {}
RESULT: {}
COMMAND: GET /session/d398fbe39e185af2426c23d9318fa1bb/screenshot - {}
RESULT: {}
COMMAND: POST /session/d398fbe39e185af2426c23d9318fa1bb/elements - {"using":"xpath","value":"//span[text()='Error']"}
RESULT: {"using":"xpath","value":"//span[text()='Error']"}
RESULT: undefined
COMMAND: POST /session/d398fbe39e185af2426c23d9318fa1bb/element - {"using":"xpath","value":"//*[@id=\"__tile133\"]"}
RESULT: {"using":"xpath","value":"//*[@id=\"__tile133\"]"}
COMMAND: POST /session/d398fbe39e185af2426c23d9318fa1bb/element/f.AFE0DA022E1204D9517456F68CA09E7B.d.8A4FD8798E738D2FD0F0991C82672552.e.1404/click - {}
RESULT: undefined
COMMAND: POST /session/d398fbe39e185af2426c23d9318fa1bb/element - {"using":"xpath","value":"//*[@id=\"__tile133\"]"}
RESULT: {"using":"xpath","value":"//*[@id=\"__tile133\"]"}
COMMAND: POST /session/d398fbe39e185af2426c23d9318fa1bb/element/f.AFE0DA022E1204D9517456F68CA09E7B.d.8A4FD8798E738D2FD0F0991C82672552.e.1404/click - {}
RESULT: undefined
COMMAND: POST /session/d398fbe39e185af2426c23d9318fa1bb/execute/async - {"script":"<script> [6424 bytes]","args":[{"element-6066-11e4-a52e-4f735466cecf":"f.AFE0DA022E1204D9517456F68CA09E7B.d.8A4FD8798E738D2FD0F0991C82672552.e.221"},"getTitle",[]]}
COMMAND: POST /session/d398fbe39e185af2426c23d9318fa1bb/execute/async - {"script":"<script> [1562 bytes]","args":[{"selector":{"id":"shellAppTitle"},"wdio_ui5_key":"shellAppTitle"}]}
RESULT: {"script":"<script> [1562 bytes]","args":[{"selector":{"id":"shellAppTitle"},"wdio_ui5_key":"shellAppTitle"}]}
COMMAND: POST /session/d398fbe39e185af2426c23d9318fa1bb/execute/async - {"script":"<script> [6424 bytes]","args":[{"element-6066-11e4-a52e-4f735466cecf":"f.AFE0DA022E1204D9517456F68CA09E7B.d.8A4FD8798E738D2FD0F0991C82672552.e.1467"},"getTitle",[]]}
RESULT: {"script":"<script> [6424 bytes]","args":[{"element-6066-11e4-a52e-4f735466cecf":"f.AFE0DA022E1204D9517456F68CA09E7B.d.8A4FD8798E738D2FD0F0991C82672552.e.1467"},"getTitle",[]]}
RESULT: undefined
COMMAND: POST /session/d398fbe39e185af2426c23d9318fa1bb/element/f.AFE0DA022E1204D9517456F68CA09E7B.d.8A4FD8798E738D2FD0F0991C82672552.e.1402/click - {}
RESULT: {}
COMMAND: GET /session/d398fbe39e185af2426c23d9318fa1bb/screenshot - {}
RESULT: {}
]]></system-out>
    </testcase>
    <testcase classname="chrome.136_0_7103_49.windows.Sanity_Tests_US104253" name="Should open Manage Quotations page" time="35.804">
      <system-out><![CDATA[
COMMAND: POST /session/d398fbe39e185af2426c23d9318fa1bb/execute/async - {"script":"<script> [1562 bytes]","args":[{"selector":{"controlType":"sap.m.GenericTile","properties":{"header":"Manage Quotations"}},"wdio_ui5_key":"sapm.GenericTile{\"header\":\"Manage Quotations\"}"}]}
RESULT: {"script":"<script> [1562 bytes]","args":[{"selector":{"controlType":"sap.m.GenericTile","properties":{"header":"Manage Quotations"}},"wdio_ui5_key":"sapm.GenericTile{\"header\":\"Manage Quotations\"}"}]}
RESULT: undefined
COMMAND: POST /session/d398fbe39e185af2426c23d9318fa1bb/element - {"using":"xpath","value":"//*[@id=\"__tile130\"]"}
RESULT: {"using":"xpath","value":"//*[@id=\"__tile130\"]"}
COMMAND: POST /session/d398fbe39e185af2426c23d9318fa1bb/element/f.AFE0DA022E1204D9517456F68CA09E7B.d.8A4FD8798E738D2FD0F0991C82672552.e.1469/click - {}
RESULT: {}
COMMAND: GET /session/d398fbe39e185af2426c23d9318fa1bb/screenshot - {}
RESULT: {}
COMMAND: POST /session/d398fbe39e185af2426c23d9318fa1bb/elements - {"using":"xpath","value":"//span[text()='Error']"}
RESULT: {"using":"xpath","value":"//span[text()='Error']"}
RESULT: undefined
COMMAND: POST /session/d398fbe39e185af2426c23d9318fa1bb/element - {"using":"xpath","value":"//*[@id=\"__tile130\"]"}
RESULT: {"using":"xpath","value":"//*[@id=\"__tile130\"]"}
COMMAND: POST /session/d398fbe39e185af2426c23d9318fa1bb/element/f.AFE0DA022E1204D9517456F68CA09E7B.d.8A4FD8798E738D2FD0F0991C82672552.e.1469/click - {}
RESULT: undefined
COMMAND: POST /session/d398fbe39e185af2426c23d9318fa1bb/element - {"using":"xpath","value":"//*[@id=\"__tile130\"]"}
RESULT: {"using":"xpath","value":"//*[@id=\"__tile130\"]"}
COMMAND: POST /session/d398fbe39e185af2426c23d9318fa1bb/element/f.AFE0DA022E1204D9517456F68CA09E7B.d.8A4FD8798E738D2FD0F0991C82672552.e.1469/click - {}
RESULT: undefined
COMMAND: POST /session/d398fbe39e185af2426c23d9318fa1bb/execute/async - {"script":"<script> [6424 bytes]","args":[{"element-6066-11e4-a52e-4f735466cecf":"f.AFE0DA022E1204D9517456F68CA09E7B.d.8A4FD8798E738D2FD0F0991C82672552.e.221"},"getTitle",[]]}
COMMAND: POST /session/d398fbe39e185af2426c23d9318fa1bb/execute/async - {"script":"<script> [1562 bytes]","args":[{"selector":{"id":"shellAppTitle"},"wdio_ui5_key":"shellAppTitle"}]}
RESULT: {"script":"<script> [1562 bytes]","args":[{"selector":{"id":"shellAppTitle"},"wdio_ui5_key":"shellAppTitle"}]}
COMMAND: POST /session/d398fbe39e185af2426c23d9318fa1bb/execute/async - {"script":"<script> [6424 bytes]","args":[{"element-6066-11e4-a52e-4f735466cecf":"f.AFE0DA022E1204D9517456F68CA09E7B.d.8A4FD8798E738D2FD0F0991C82672552.e.1542"},"getTitle",[]]}
RESULT: {"script":"<script> [6424 bytes]","args":[{"element-6066-11e4-a52e-4f735466cecf":"f.AFE0DA022E1204D9517456F68CA09E7B.d.8A4FD8798E738D2FD0F0991C82672552.e.1542"},"getTitle",[]]}
RESULT: undefined
COMMAND: POST /session/d398fbe39e185af2426c23d9318fa1bb/element/f.AFE0DA022E1204D9517456F68CA09E7B.d.8A4FD8798E738D2FD0F0991C82672552.e.1402/click - {}
COMMAND: POST /session/d398fbe39e185af2426c23d9318fa1bb/element - {"using":"xpath","value":"//*[@id=\"backBtn\"]"}
RESULT: {"using":"xpath","value":"//*[@id=\"backBtn\"]"}
COMMAND: POST /session/d398fbe39e185af2426c23d9318fa1bb/element/f.AFE0DA022E1204D9517456F68CA09E7B.d.8A4FD8798E738D2FD0F0991C82672552.e.1402/click - {}
COMMAND: POST /session/d398fbe39e185af2426c23d9318fa1bb/element - {"using":"xpath","value":"//*[@id=\"backBtn\"]"}
RESULT: {"using":"xpath","value":"//*[@id=\"backBtn\"]"}
COMMAND: POST /session/d398fbe39e185af2426c23d9318fa1bb/element/f.AFE0DA022E1204D9517456F68CA09E7B.d.8A4FD8798E738D2FD0F0991C82672552.e.1543/click - {}
RESULT: {}
COMMAND: GET /session/d398fbe39e185af2426c23d9318fa1bb/screenshot - {}
RESULT: {}
]]></system-out>
    </testcase>
    <testcase classname="chrome.136_0_7103_49.windows.Sanity_Tests_US104253" name="Should open Manage Handovers page" time="36.823">
      <system-out><![CDATA[
COMMAND: POST /session/d398fbe39e185af2426c23d9318fa1bb/execute/async - {"script":"<script> [1562 bytes]","args":[{"selector":{"controlType":"sap.m.GenericTile","properties":{"header":"Manage Handovers"}},"wdio_ui5_key":"sapm.GenericTile{\"header\":\"Manage Handovers\"}"}]}
RESULT: {"script":"<script> [1562 bytes]","args":[{"selector":{"controlType":"sap.m.GenericTile","properties":{"header":"Manage Handovers"}},"wdio_ui5_key":"sapm.GenericTile{\"header\":\"Manage Handovers\"}"}]}
RESULT: undefined
COMMAND: POST /session/d398fbe39e185af2426c23d9318fa1bb/element - {"using":"xpath","value":"//*[@id=\"__tile131\"]"}
RESULT: {"using":"xpath","value":"//*[@id=\"__tile131\"]"}
COMMAND: POST /session/d398fbe39e185af2426c23d9318fa1bb/element/f.AFE0DA022E1204D9517456F68CA09E7B.d.8A4FD8798E738D2FD0F0991C82672552.e.1545/click - {}
RESULT: {}
COMMAND: GET /session/d398fbe39e185af2426c23d9318fa1bb/screenshot - {}
RESULT: {}
COMMAND: POST /session/d398fbe39e185af2426c23d9318fa1bb/elements - {"using":"xpath","value":"//span[text()='Error']"}
RESULT: {"using":"xpath","value":"//span[text()='Error']"}
RESULT: undefined
COMMAND: POST /session/d398fbe39e185af2426c23d9318fa1bb/element - {"using":"xpath","value":"//*[@id=\"__tile131\"]"}
RESULT: {"using":"xpath","value":"//*[@id=\"__tile131\"]"}
COMMAND: POST /session/d398fbe39e185af2426c23d9318fa1bb/element/f.AFE0DA022E1204D9517456F68CA09E7B.d.8A4FD8798E738D2FD0F0991C82672552.e.1545/click - {}
RESULT: undefined
COMMAND: POST /session/d398fbe39e185af2426c23d9318fa1bb/element - {"using":"xpath","value":"//*[@id=\"__tile131\"]"}
RESULT: {"using":"xpath","value":"//*[@id=\"__tile131\"]"}
COMMAND: POST /session/d398fbe39e185af2426c23d9318fa1bb/element/f.AFE0DA022E1204D9517456F68CA09E7B.d.8A4FD8798E738D2FD0F0991C82672552.e.1545/click - {}
RESULT: undefined
COMMAND: POST /session/d398fbe39e185af2426c23d9318fa1bb/execute/async - {"script":"<script> [6424 bytes]","args":[{"element-6066-11e4-a52e-4f735466cecf":"f.AFE0DA022E1204D9517456F68CA09E7B.d.8A4FD8798E738D2FD0F0991C82672552.e.221"},"getTitle",[]]}
COMMAND: POST /session/d398fbe39e185af2426c23d9318fa1bb/execute/async - {"script":"<script> [1562 bytes]","args":[{"selector":{"id":"shellAppTitle"},"wdio_ui5_key":"shellAppTitle"}]}
RESULT: {"script":"<script> [1562 bytes]","args":[{"selector":{"id":"shellAppTitle"},"wdio_ui5_key":"shellAppTitle"}]}
COMMAND: POST /session/d398fbe39e185af2426c23d9318fa1bb/execute/async - {"script":"<script> [6424 bytes]","args":[{"element-6066-11e4-a52e-4f735466cecf":"f.AFE0DA022E1204D9517456F68CA09E7B.d.8A4FD8798E738D2FD0F0991C82672552.e.1769"},"getTitle",[]]}
RESULT: {"script":"<script> [6424 bytes]","args":[{"element-6066-11e4-a52e-4f735466cecf":"f.AFE0DA022E1204D9517456F68CA09E7B.d.8A4FD8798E738D2FD0F0991C82672552.e.1769"},"getTitle",[]]}
RESULT: undefined
COMMAND: POST /session/d398fbe39e185af2426c23d9318fa1bb/element/f.AFE0DA022E1204D9517456F68CA09E7B.d.8A4FD8798E738D2FD0F0991C82672552.e.1543/click - {}
RESULT: {}
COMMAND: GET /session/d398fbe39e185af2426c23d9318fa1bb/screenshot - {}
RESULT: {}
]]></system-out>
    </testcase>
    <testcase classname="chrome.136_0_7103_49.windows.Sanity_Tests_US104253" name="Should open Delivery Monitor page" time="35.917">
      <system-out><![CDATA[
COMMAND: POST /session/d398fbe39e185af2426c23d9318fa1bb/execute/async - {"script":"<script> [1562 bytes]","args":[{"selector":{"controlType":"sap.m.GenericTile","properties":{"header":"Delivery Monitor"}},"wdio_ui5_key":"sapm.GenericTile{\"header\":\"Delivery Monitor\"}"}]}
RESULT: {"script":"<script> [1562 bytes]","args":[{"selector":{"controlType":"sap.m.GenericTile","properties":{"header":"Delivery Monitor"}},"wdio_ui5_key":"sapm.GenericTile{\"header\":\"Delivery Monitor\"}"}]}
RESULT: undefined
COMMAND: POST /session/d398fbe39e185af2426c23d9318fa1bb/element - {"using":"xpath","value":"//*[@id=\"__tile43\"]"}
RESULT: {"using":"xpath","value":"//*[@id=\"__tile43\"]"}
COMMAND: POST /session/d398fbe39e185af2426c23d9318fa1bb/element/f.AFE0DA022E1204D9517456F68CA09E7B.d.8A4FD8798E738D2FD0F0991C82672552.e.1771/click - {}
RESULT: {}
COMMAND: GET /session/d398fbe39e185af2426c23d9318fa1bb/screenshot - {}
RESULT: {}
COMMAND: POST /session/d398fbe39e185af2426c23d9318fa1bb/elements - {"using":"xpath","value":"//span[text()='Error']"}
RESULT: {"using":"xpath","value":"//span[text()='Error']"}
RESULT: undefined
COMMAND: POST /session/d398fbe39e185af2426c23d9318fa1bb/element - {"using":"xpath","value":"//*[@id=\"__tile43\"]"}
RESULT: {"using":"xpath","value":"//*[@id=\"__tile43\"]"}
COMMAND: POST /session/d398fbe39e185af2426c23d9318fa1bb/element/f.AFE0DA022E1204D9517456F68CA09E7B.d.8A4FD8798E738D2FD0F0991C82672552.e.1771/click - {}
RESULT: undefined
COMMAND: POST /session/d398fbe39e185af2426c23d9318fa1bb/element - {"using":"xpath","value":"//*[@id=\"__tile43\"]"}
RESULT: {"using":"xpath","value":"//*[@id=\"__tile43\"]"}
COMMAND: POST /session/d398fbe39e185af2426c23d9318fa1bb/element/f.AFE0DA022E1204D9517456F68CA09E7B.d.8A4FD8798E738D2FD0F0991C82672552.e.1771/click - {}
RESULT: undefined
COMMAND: POST /session/d398fbe39e185af2426c23d9318fa1bb/execute/async - {"script":"<script> [6424 bytes]","args":[{"element-6066-11e4-a52e-4f735466cecf":"f.AFE0DA022E1204D9517456F68CA09E7B.d.8A4FD8798E738D2FD0F0991C82672552.e.221"},"getTitle",[]]}
COMMAND: POST /session/d398fbe39e185af2426c23d9318fa1bb/execute/async - {"script":"<script> [1562 bytes]","args":[{"selector":{"id":"shellAppTitle"},"wdio_ui5_key":"shellAppTitle"}]}
RESULT: {"script":"<script> [1562 bytes]","args":[{"selector":{"id":"shellAppTitle"},"wdio_ui5_key":"shellAppTitle"}]}
COMMAND: POST /session/d398fbe39e185af2426c23d9318fa1bb/execute/async - {"script":"<script> [6424 bytes]","args":[{"element-6066-11e4-a52e-4f735466cecf":"f.AFE0DA022E1204D9517456F68CA09E7B.d.8A4FD8798E738D2FD0F0991C82672552.e.1867"},"getTitle",[]]}
RESULT: {"script":"<script> [6424 bytes]","args":[{"element-6066-11e4-a52e-4f735466cecf":"f.AFE0DA022E1204D9517456F68CA09E7B.d.8A4FD8798E738D2FD0F0991C82672552.e.1867"},"getTitle",[]]}
RESULT: undefined
COMMAND: POST /session/d398fbe39e185af2426c23d9318fa1bb/element/f.AFE0DA022E1204D9517456F68CA09E7B.d.8A4FD8798E738D2FD0F0991C82672552.e.1543/click - {}
COMMAND: POST /session/d398fbe39e185af2426c23d9318fa1bb/element - {"using":"xpath","value":"//*[@id=\"backBtn\"]"}
RESULT: {"using":"xpath","value":"//*[@id=\"backBtn\"]"}
COMMAND: POST /session/d398fbe39e185af2426c23d9318fa1bb/element/f.AFE0DA022E1204D9517456F68CA09E7B.d.8A4FD8798E738D2FD0F0991C82672552.e.1543/click - {}
COMMAND: POST /session/d398fbe39e185af2426c23d9318fa1bb/element - {"using":"xpath","value":"//*[@id=\"backBtn\"]"}
RESULT: {"using":"xpath","value":"//*[@id=\"backBtn\"]"}
COMMAND: POST /session/d398fbe39e185af2426c23d9318fa1bb/element/f.AFE0DA022E1204D9517456F68CA09E7B.d.8A4FD8798E738D2FD0F0991C82672552.e.1868/click - {}
RESULT: {}
COMMAND: GET /session/d398fbe39e185af2426c23d9318fa1bb/screenshot - {}
RESULT: {}
]]></system-out>
    </testcase>
    <testcase classname="chrome.136_0_7103_49.windows.Sanity_Tests_US104253" name="Should open Manage Calendar Exceptions page" time="37.897">
      <system-out><![CDATA[
COMMAND: POST /session/d398fbe39e185af2426c23d9318fa1bb/execute/async - {"script":"<script> [1562 bytes]","args":[{"selector":{"controlType":"sap.m.GenericTile","properties":{"header":"Manage Calendar Exceptions"}},"wdio_ui5_key":"sapm.GenericTile{\"header\":\"Manage Calendar Exceptions\"}"}]}
RESULT: {"script":"<script> [1562 bytes]","args":[{"selector":{"controlType":"sap.m.GenericTile","properties":{"header":"Manage Calendar Exceptions"}},"wdio_ui5_key":"sapm.GenericTile{\"header\":\"Manage Calendar Exceptions\"}"}]}
RESULT: undefined
COMMAND: POST /session/d398fbe39e185af2426c23d9318fa1bb/element - {"using":"xpath","value":"//*[@id=\"__tile52\"]"}
RESULT: {"using":"xpath","value":"//*[@id=\"__tile52\"]"}
COMMAND: POST /session/d398fbe39e185af2426c23d9318fa1bb/element/f.AFE0DA022E1204D9517456F68CA09E7B.d.8A4FD8798E738D2FD0F0991C82672552.e.1870/click - {}
RESULT: {}
COMMAND: GET /session/d398fbe39e185af2426c23d9318fa1bb/screenshot - {}
RESULT: {}
COMMAND: POST /session/d398fbe39e185af2426c23d9318fa1bb/elements - {"using":"xpath","value":"//span[text()='Error']"}
RESULT: {"using":"xpath","value":"//span[text()='Error']"}
RESULT: undefined
COMMAND: POST /session/d398fbe39e185af2426c23d9318fa1bb/element - {"using":"xpath","value":"//*[@id=\"__tile52\"]"}
RESULT: {"using":"xpath","value":"//*[@id=\"__tile52\"]"}
COMMAND: POST /session/d398fbe39e185af2426c23d9318fa1bb/element/f.AFE0DA022E1204D9517456F68CA09E7B.d.8A4FD8798E738D2FD0F0991C82672552.e.1870/click - {}
RESULT: undefined
COMMAND: POST /session/d398fbe39e185af2426c23d9318fa1bb/element - {"using":"xpath","value":"//*[@id=\"__tile52\"]"}
RESULT: {"using":"xpath","value":"//*[@id=\"__tile52\"]"}
COMMAND: POST /session/d398fbe39e185af2426c23d9318fa1bb/element/f.AFE0DA022E1204D9517456F68CA09E7B.d.8A4FD8798E738D2FD0F0991C82672552.e.1870/click - {}
RESULT: undefined
COMMAND: POST /session/d398fbe39e185af2426c23d9318fa1bb/execute/async - {"script":"<script> [6424 bytes]","args":[{"element-6066-11e4-a52e-4f735466cecf":"f.AFE0DA022E1204D9517456F68CA09E7B.d.8A4FD8798E738D2FD0F0991C82672552.e.221"},"getTitle",[]]}
COMMAND: POST /session/d398fbe39e185af2426c23d9318fa1bb/execute/async - {"script":"<script> [1562 bytes]","args":[{"selector":{"id":"shellAppTitle"},"wdio_ui5_key":"shellAppTitle"}]}
RESULT: {"script":"<script> [1562 bytes]","args":[{"selector":{"id":"shellAppTitle"},"wdio_ui5_key":"shellAppTitle"}]}
COMMAND: POST /session/d398fbe39e185af2426c23d9318fa1bb/execute/async - {"script":"<script> [6424 bytes]","args":[{"element-6066-11e4-a52e-4f735466cecf":"f.AFE0DA022E1204D9517456F68CA09E7B.d.8A4FD8798E738D2FD0F0991C82672552.e.1947"},"getTitle",[]]}
RESULT: {"script":"<script> [6424 bytes]","args":[{"element-6066-11e4-a52e-4f735466cecf":"f.AFE0DA022E1204D9517456F68CA09E7B.d.8A4FD8798E738D2FD0F0991C82672552.e.1947"},"getTitle",[]]}
RESULT: undefined
COMMAND: POST /session/d398fbe39e185af2426c23d9318fa1bb/element/f.AFE0DA022E1204D9517456F68CA09E7B.d.8A4FD8798E738D2FD0F0991C82672552.e.1868/click - {}
RESULT: {}
COMMAND: GET /session/d398fbe39e185af2426c23d9318fa1bb/screenshot - {}
RESULT: {}
]]></system-out>
    </testcase>
    <testcase classname="chrome.136_0_7103_49.windows.Sanity_Tests_US104253" name="Should open Manage States Performance page" time="36.066">
      <system-out><![CDATA[
COMMAND: POST /session/d398fbe39e185af2426c23d9318fa1bb/execute/async - {"script":"<script> [1562 bytes]","args":[{"selector":{"controlType":"sap.m.GenericTile","properties":{"header":"Manage States & Performance"}},"wdio_ui5_key":"sapm.GenericTile{\"header\":\"Manage States & Performance\"}"}]}
RESULT: {"script":"<script> [1562 bytes]","args":[{"selector":{"controlType":"sap.m.GenericTile","properties":{"header":"Manage States & Performance"}},"wdio_ui5_key":"sapm.GenericTile{\"header\":\"Manage States & Performance\"}"}]}
RESULT: undefined
COMMAND: POST /session/d398fbe39e185af2426c23d9318fa1bb/element - {"using":"xpath","value":"//*[@id=\"__tile56\"]"}
RESULT: {"using":"xpath","value":"//*[@id=\"__tile56\"]"}
COMMAND: POST /session/d398fbe39e185af2426c23d9318fa1bb/element/f.AFE0DA022E1204D9517456F68CA09E7B.d.8A4FD8798E738D2FD0F0991C82672552.e.1951/click - {}
RESULT: {}
COMMAND: GET /session/d398fbe39e185af2426c23d9318fa1bb/screenshot - {}
RESULT: {}
COMMAND: POST /session/d398fbe39e185af2426c23d9318fa1bb/elements - {"using":"xpath","value":"//span[text()='Error']"}
RESULT: {"using":"xpath","value":"//span[text()='Error']"}
RESULT: undefined
COMMAND: POST /session/d398fbe39e185af2426c23d9318fa1bb/element - {"using":"xpath","value":"//*[@id=\"__tile56\"]"}
RESULT: {"using":"xpath","value":"//*[@id=\"__tile56\"]"}
COMMAND: POST /session/d398fbe39e185af2426c23d9318fa1bb/element/f.AFE0DA022E1204D9517456F68CA09E7B.d.8A4FD8798E738D2FD0F0991C82672552.e.1951/click - {}
RESULT: undefined
COMMAND: POST /session/d398fbe39e185af2426c23d9318fa1bb/element - {"using":"xpath","value":"//*[@id=\"__tile56\"]"}
RESULT: {"using":"xpath","value":"//*[@id=\"__tile56\"]"}
COMMAND: POST /session/d398fbe39e185af2426c23d9318fa1bb/element/f.AFE0DA022E1204D9517456F68CA09E7B.d.8A4FD8798E738D2FD0F0991C82672552.e.1951/click - {}
RESULT: undefined
COMMAND: POST /session/d398fbe39e185af2426c23d9318fa1bb/execute/async - {"script":"<script> [6424 bytes]","args":[{"element-6066-11e4-a52e-4f735466cecf":"f.AFE0DA022E1204D9517456F68CA09E7B.d.8A4FD8798E738D2FD0F0991C82672552.e.221"},"getTitle",[]]}
COMMAND: POST /session/d398fbe39e185af2426c23d9318fa1bb/execute/async - {"script":"<script> [1562 bytes]","args":[{"selector":{"id":"shellAppTitle"},"wdio_ui5_key":"shellAppTitle"}]}
RESULT: {"script":"<script> [1562 bytes]","args":[{"selector":{"id":"shellAppTitle"},"wdio_ui5_key":"shellAppTitle"}]}
COMMAND: POST /session/d398fbe39e185af2426c23d9318fa1bb/execute/async - {"script":"<script> [6424 bytes]","args":[{"element-6066-11e4-a52e-4f735466cecf":"f.AFE0DA022E1204D9517456F68CA09E7B.d.8A4FD8798E738D2FD0F0991C82672552.e.2022"},"getTitle",[]]}
RESULT: {"script":"<script> [6424 bytes]","args":[{"element-6066-11e4-a52e-4f735466cecf":"f.AFE0DA022E1204D9517456F68CA09E7B.d.8A4FD8798E738D2FD0F0991C82672552.e.2022"},"getTitle",[]]}
RESULT: undefined
COMMAND: POST /session/d398fbe39e185af2426c23d9318fa1bb/element/f.AFE0DA022E1204D9517456F68CA09E7B.d.8A4FD8798E738D2FD0F0991C82672552.e.1868/click - {}
COMMAND: POST /session/d398fbe39e185af2426c23d9318fa1bb/element - {"using":"xpath","value":"//*[@id=\"backBtn\"]"}
RESULT: {"using":"xpath","value":"//*[@id=\"backBtn\"]"}
COMMAND: POST /session/d398fbe39e185af2426c23d9318fa1bb/element/f.AFE0DA022E1204D9517456F68CA09E7B.d.8A4FD8798E738D2FD0F0991C82672552.e.1868/click - {}
COMMAND: POST /session/d398fbe39e185af2426c23d9318fa1bb/element - {"using":"xpath","value":"//*[@id=\"backBtn\"]"}
RESULT: {"using":"xpath","value":"//*[@id=\"backBtn\"]"}
COMMAND: POST /session/d398fbe39e185af2426c23d9318fa1bb/element/f.AFE0DA022E1204D9517456F68CA09E7B.d.8A4FD8798E738D2FD0F0991C82672552.e.2023/click - {}
RESULT: {}
COMMAND: GET /session/d398fbe39e185af2426c23d9318fa1bb/screenshot - {}
RESULT: {}
]]></system-out>
    </testcase>
    <testcase classname="chrome.136_0_7103_49.windows.Sanity_Tests_US104253" name="Should open Manage Billings page" time="36.093">
      <system-out><![CDATA[
COMMAND: POST /session/d398fbe39e185af2426c23d9318fa1bb/execute/async - {"script":"<script> [1562 bytes]","args":[{"selector":{"controlType":"sap.m.GenericTile","properties":{"header":"Manage Billings"}},"wdio_ui5_key":"sapm.GenericTile{\"header\":\"Manage Billings\"}"}]}
RESULT: {"script":"<script> [1562 bytes]","args":[{"selector":{"controlType":"sap.m.GenericTile","properties":{"header":"Manage Billings"}},"wdio_ui5_key":"sapm.GenericTile{\"header\":\"Manage Billings\"}"}]}
RESULT: undefined
COMMAND: POST /session/d398fbe39e185af2426c23d9318fa1bb/element - {"using":"xpath","value":"//*[@id=\"__tile51\"]"}
RESULT: {"using":"xpath","value":"//*[@id=\"__tile51\"]"}
COMMAND: POST /session/d398fbe39e185af2426c23d9318fa1bb/element/f.AFE0DA022E1204D9517456F68CA09E7B.d.8A4FD8798E738D2FD0F0991C82672552.e.2025/click - {}
RESULT: {}
COMMAND: GET /session/d398fbe39e185af2426c23d9318fa1bb/screenshot - {}
RESULT: {}
COMMAND: POST /session/d398fbe39e185af2426c23d9318fa1bb/elements - {"using":"xpath","value":"//span[text()='Error']"}
RESULT: {"using":"xpath","value":"//span[text()='Error']"}
RESULT: undefined
COMMAND: POST /session/d398fbe39e185af2426c23d9318fa1bb/element - {"using":"xpath","value":"//*[@id=\"__tile51\"]"}
RESULT: {"using":"xpath","value":"//*[@id=\"__tile51\"]"}
COMMAND: POST /session/d398fbe39e185af2426c23d9318fa1bb/element/f.AFE0DA022E1204D9517456F68CA09E7B.d.8A4FD8798E738D2FD0F0991C82672552.e.2025/click - {}
RESULT: undefined
COMMAND: POST /session/d398fbe39e185af2426c23d9318fa1bb/element - {"using":"xpath","value":"//*[@id=\"__tile51\"]"}
RESULT: {"using":"xpath","value":"//*[@id=\"__tile51\"]"}
COMMAND: POST /session/d398fbe39e185af2426c23d9318fa1bb/element/f.AFE0DA022E1204D9517456F68CA09E7B.d.8A4FD8798E738D2FD0F0991C82672552.e.2025/click - {}
RESULT: undefined
COMMAND: POST /session/d398fbe39e185af2426c23d9318fa1bb/execute/async - {"script":"<script> [6424 bytes]","args":[{"element-6066-11e4-a52e-4f735466cecf":"f.AFE0DA022E1204D9517456F68CA09E7B.d.8A4FD8798E738D2FD0F0991C82672552.e.221"},"getTitle",[]]}
COMMAND: POST /session/d398fbe39e185af2426c23d9318fa1bb/execute/async - {"script":"<script> [1562 bytes]","args":[{"selector":{"id":"shellAppTitle"},"wdio_ui5_key":"shellAppTitle"}]}
RESULT: {"script":"<script> [1562 bytes]","args":[{"selector":{"id":"shellAppTitle"},"wdio_ui5_key":"shellAppTitle"}]}
COMMAND: POST /session/d398fbe39e185af2426c23d9318fa1bb/execute/async - {"script":"<script> [6424 bytes]","args":[{"element-6066-11e4-a52e-4f735466cecf":"f.AFE0DA022E1204D9517456F68CA09E7B.d.8A4FD8798E738D2FD0F0991C82672552.e.2166"},"getTitle",[]]}
RESULT: {"script":"<script> [6424 bytes]","args":[{"element-6066-11e4-a52e-4f735466cecf":"f.AFE0DA022E1204D9517456F68CA09E7B.d.8A4FD8798E738D2FD0F0991C82672552.e.2166"},"getTitle",[]]}
RESULT: undefined
COMMAND: POST /session/d398fbe39e185af2426c23d9318fa1bb/element/f.AFE0DA022E1204D9517456F68CA09E7B.d.8A4FD8798E738D2FD0F0991C82672552.e.2023/click - {}
COMMAND: POST /session/d398fbe39e185af2426c23d9318fa1bb/element/f.AFE0DA022E1204D9517456F68CA09E7B.d.8A4FD8798E738D2FD0F0991C82672552.e.2023/click - {}
RESULT: {}
COMMAND: GET /session/d398fbe39e185af2426c23d9318fa1bb/screenshot - {}
COMMAND: POST /session/d398fbe39e185af2426c23d9318fa1bb/element - {"using":"xpath","value":"//*[@id=\"backBtn\"]"}
RESULT: {}
RESULT: {"using":"xpath","value":"//*[@id=\"backBtn\"]"}
COMMAND: POST /session/d398fbe39e185af2426c23d9318fa1bb/elements - {"using":"xpath","value":"//*[@id=\"backBtn\"]"}
RESULT: {"using":"xpath","value":"//*[@id=\"backBtn\"]"}
COMMAND: POST /session/d398fbe39e185af2426c23d9318fa1bb/elements - {"using":"xpath","value":"//*[@id=\"backBtn\"]"}
RESULT: {"using":"xpath","value":"//*[@id=\"backBtn\"]"}
COMMAND: POST /session/d398fbe39e185af2426c23d9318fa1bb/elements - {"using":"xpath","value":"//*[@id=\"backBtn\"]"}
RESULT: {"using":"xpath","value":"//*[@id=\"backBtn\"]"}
COMMAND: POST /session/d398fbe39e185af2426c23d9318fa1bb/elements - {"using":"xpath","value":"//*[@id=\"backBtn\"]"}
RESULT: {"using":"xpath","value":"//*[@id=\"backBtn\"]"}
COMMAND: POST /session/d398fbe39e185af2426c23d9318fa1bb/elements - {"using":"xpath","value":"//*[@id=\"backBtn\"]"}
RESULT: {"using":"xpath","value":"//*[@id=\"backBtn\"]"}
COMMAND: POST /session/d398fbe39e185af2426c23d9318fa1bb/elements - {"using":"xpath","value":"//*[@id=\"backBtn\"]"}
RESULT: {"using":"xpath","value":"//*[@id=\"backBtn\"]"}
COMMAND: POST /session/d398fbe39e185af2426c23d9318fa1bb/elements - {"using":"xpath","value":"//*[@id=\"backBtn\"]"}
RESULT: {"using":"xpath","value":"//*[@id=\"backBtn\"]"}
COMMAND: POST /session/d398fbe39e185af2426c23d9318fa1bb/elements - {"using":"xpath","value":"//*[@id=\"backBtn\"]"}
RESULT: {"using":"xpath","value":"//*[@id=\"backBtn\"]"}
COMMAND: POST /session/d398fbe39e185af2426c23d9318fa1bb/elements - {"using":"xpath","value":"//*[@id=\"backBtn\"]"}
RESULT: {"using":"xpath","value":"//*[@id=\"backBtn\"]"}
COMMAND: POST /session/d398fbe39e185af2426c23d9318fa1bb/elements - {"using":"xpath","value":"//*[@id=\"backBtn\"]"}
RESULT: {"using":"xpath","value":"//*[@id=\"backBtn\"]"}
COMMAND: POST /session/d398fbe39e185af2426c23d9318fa1bb/elements - {"using":"xpath","value":"//*[@id=\"backBtn\"]"}
RESULT: {"using":"xpath","value":"//*[@id=\"backBtn\"]"}
COMMAND: POST /session/d398fbe39e185af2426c23d9318fa1bb/elements - {"using":"xpath","value":"//*[@id=\"backBtn\"]"}
RESULT: {"using":"xpath","value":"//*[@id=\"backBtn\"]"}
COMMAND: POST /session/d398fbe39e185af2426c23d9318fa1bb/elements - {"using":"xpath","value":"//*[@id=\"backBtn\"]"}
RESULT: {"using":"xpath","value":"//*[@id=\"backBtn\"]"}
COMMAND: POST /session/d398fbe39e185af2426c23d9318fa1bb/elements - {"using":"xpath","value":"//*[@id=\"backBtn\"]"}
RESULT: {"using":"xpath","value":"//*[@id=\"backBtn\"]"}
COMMAND: POST /session/d398fbe39e185af2426c23d9318fa1bb/elements - {"using":"xpath","value":"//*[@id=\"backBtn\"]"}
RESULT: {"using":"xpath","value":"//*[@id=\"backBtn\"]"}
COMMAND: POST /session/d398fbe39e185af2426c23d9318fa1bb/elements - {"using":"xpath","value":"//*[@id=\"backBtn\"]"}
RESULT: {"using":"xpath","value":"//*[@id=\"backBtn\"]"}
COMMAND: POST /session/d398fbe39e185af2426c23d9318fa1bb/elements - {"using":"xpath","value":"//*[@id=\"backBtn\"]"}
RESULT: {"using":"xpath","value":"//*[@id=\"backBtn\"]"}
COMMAND: POST /session/d398fbe39e185af2426c23d9318fa1bb/elements - {"using":"xpath","value":"//*[@id=\"backBtn\"]"}
RESULT: {"using":"xpath","value":"//*[@id=\"backBtn\"]"}
COMMAND: POST /session/d398fbe39e185af2426c23d9318fa1bb/elements - {"using":"xpath","value":"//*[@id=\"backBtn\"]"}
RESULT: {"using":"xpath","value":"//*[@id=\"backBtn\"]"}
]]></system-out>
    </testcase>
    <testcase classname="chrome.136_0_7103_49.windows.Sanity_Tests_US104253" name="Should open Manage Conditions Prices page" time="42.842">
      <system-out><![CDATA[
COMMAND: POST /session/d398fbe39e185af2426c23d9318fa1bb/execute/async - {"script":"<script> [1562 bytes]","args":[{"selector":{"controlType":"sap.m.GenericTile","properties":{"header":"Manage Conditions & Prices"}},"wdio_ui5_key":"sapm.GenericTile{\"header\":\"Manage Conditions & Prices\"}"}]}
COMMAND: POST /session/d398fbe39e185af2426c23d9318fa1bb/elements - {"using":"xpath","value":"//*[@id=\"backBtn\"]"}
RESULT: {"script":"<script> [1562 bytes]","args":[{"selector":{"controlType":"sap.m.GenericTile","properties":{"header":"Manage Conditions & Prices"}},"wdio_ui5_key":"sapm.GenericTile{\"header\":\"Manage Conditions & Prices\"}"}]}
RESULT: undefined
COMMAND: POST /session/d398fbe39e185af2426c23d9318fa1bb/element - {"using":"xpath","value":"//*[@id=\"__tile53\"]"}
RESULT: {"using":"xpath","value":"//*[@id=\"backBtn\"]"}
RESULT: {"using":"xpath","value":"//*[@id=\"__tile53\"]"}
COMMAND: POST /session/d398fbe39e185af2426c23d9318fa1bb/element/f.AFE0DA022E1204D9517456F68CA09E7B.d.8A4FD8798E738D2FD0F0991C82672552.e.2168/click - {}
RESULT: {}
COMMAND: GET /session/d398fbe39e185af2426c23d9318fa1bb/screenshot - {}
COMMAND: POST /session/d398fbe39e185af2426c23d9318fa1bb/elements - {"using":"xpath","value":"//*[@id=\"backBtn\"]"}
RESULT: {}
RESULT: {"using":"xpath","value":"//*[@id=\"backBtn\"]"}
COMMAND: POST /session/d398fbe39e185af2426c23d9318fa1bb/elements - {"using":"xpath","value":"//*[@id=\"backBtn\"]"}
RESULT: {"using":"xpath","value":"//*[@id=\"backBtn\"]"}
COMMAND: POST /session/d398fbe39e185af2426c23d9318fa1bb/elements - {"using":"xpath","value":"//*[@id=\"backBtn\"]"}
RESULT: {"using":"xpath","value":"//*[@id=\"backBtn\"]"}
COMMAND: POST /session/d398fbe39e185af2426c23d9318fa1bb/element - {"using":"xpath","value":"//*[@id=\"backBtn\"]"}
RESULT: {"using":"xpath","value":"//*[@id=\"backBtn\"]"}
COMMAND: POST /session/d398fbe39e185af2426c23d9318fa1bb/element/f.AFE0DA022E1204D9517456F68CA09E7B.d.8A4FD8798E738D2FD0F0991C82672552.e.2023/click - {}
COMMAND: POST /session/d398fbe39e185af2426c23d9318fa1bb/element - {"using":"xpath","value":"//*[@id=\"backBtn\"]"}
RESULT: {"using":"xpath","value":"//*[@id=\"backBtn\"]"}
COMMAND: POST /session/d398fbe39e185af2426c23d9318fa1bb/element/f.AFE0DA022E1204D9517456F68CA09E7B.d.8A4FD8798E738D2FD0F0991C82672552.e.2171/click - {}
RESULT: {}
COMMAND: GET /session/d398fbe39e185af2426c23d9318fa1bb/screenshot - {}
RESULT: {}
COMMAND: POST /session/d398fbe39e185af2426c23d9318fa1bb/elements - {"using":"xpath","value":"//span[text()='Error']"}
RESULT: {"using":"xpath","value":"//span[text()='Error']"}
RESULT: undefined
COMMAND: POST /session/d398fbe39e185af2426c23d9318fa1bb/element - {"using":"xpath","value":"//*[@id=\"__tile53\"]"}
RESULT: {"using":"xpath","value":"//*[@id=\"__tile53\"]"}
COMMAND: POST /session/d398fbe39e185af2426c23d9318fa1bb/element/f.AFE0DA022E1204D9517456F68CA09E7B.d.8A4FD8798E738D2FD0F0991C82672552.e.2168/click - {}
RESULT: {}
RESULT: undefined
COMMAND: POST /session/d398fbe39e185af2426c23d9318fa1bb/element - {"using":"xpath","value":"//*[@id=\"__tile53\"]"}
COMMAND: GET /session/d398fbe39e185af2426c23d9318fa1bb/screenshot - {}
RESULT: {"using":"xpath","value":"//*[@id=\"__tile53\"]"}
COMMAND: POST /session/d398fbe39e185af2426c23d9318fa1bb/element/f.AFE0DA022E1204D9517456F68CA09E7B.d.8A4FD8798E738D2FD0F0991C82672552.e.2168/click - {}
RESULT: {}
RESULT: undefined
COMMAND: POST /session/d398fbe39e185af2426c23d9318fa1bb/execute/async - {"script":"<script> [6424 bytes]","args":[{"element-6066-11e4-a52e-4f735466cecf":"f.AFE0DA022E1204D9517456F68CA09E7B.d.8A4FD8798E738D2FD0F0991C82672552.e.221"},"getTitle",[]]}
COMMAND: POST /session/d398fbe39e185af2426c23d9318fa1bb/execute/async - {"script":"<script> [1562 bytes]","args":[{"selector":{"id":"shellAppTitle"},"wdio_ui5_key":"shellAppTitle"}]}
RESULT: {"script":"<script> [1562 bytes]","args":[{"selector":{"id":"shellAppTitle"},"wdio_ui5_key":"shellAppTitle"}]}
COMMAND: POST /session/d398fbe39e185af2426c23d9318fa1bb/execute/async - {"script":"<script> [6424 bytes]","args":[{"element-6066-11e4-a52e-4f735466cecf":"f.AFE0DA022E1204D9517456F68CA09E7B.d.8A4FD8798E738D2FD0F0991C82672552.e.2287"},"getTitle",[]]}
RESULT: {"script":"<script> [6424 bytes]","args":[{"element-6066-11e4-a52e-4f735466cecf":"f.AFE0DA022E1204D9517456F68CA09E7B.d.8A4FD8798E738D2FD0F0991C82672552.e.2287"},"getTitle",[]]}
RESULT: undefined
COMMAND: POST /session/d398fbe39e185af2426c23d9318fa1bb/element/f.AFE0DA022E1204D9517456F68CA09E7B.d.8A4FD8798E738D2FD0F0991C82672552.e.2171/click - {}
RESULT: {}
COMMAND: GET /session/d398fbe39e185af2426c23d9318fa1bb/screenshot - {}
RESULT: {}
]]></system-out>
    </testcase>
    <testcase classname="chrome.136_0_7103_49.windows.Sanity_Tests_US104253" name="Should open Billing Transfer page" time="35.941">
      <system-out><![CDATA[
COMMAND: POST /session/d398fbe39e185af2426c23d9318fa1bb/execute/async - {"script":"<script> [1562 bytes]","args":[{"selector":{"controlType":"sap.m.GenericTile","properties":{"header":"Billing Transfer"}},"wdio_ui5_key":"sapm.GenericTile{\"header\":\"Billing Transfer\"}"}]}
RESULT: {"script":"<script> [1562 bytes]","args":[{"selector":{"controlType":"sap.m.GenericTile","properties":{"header":"Billing Transfer"}},"wdio_ui5_key":"sapm.GenericTile{\"header\":\"Billing Transfer\"}"}]}
RESULT: undefined
COMMAND: POST /session/d398fbe39e185af2426c23d9318fa1bb/element - {"using":"xpath","value":"//*[@id=\"__tile50\"]"}
RESULT: {"using":"xpath","value":"//*[@id=\"__tile50\"]"}
COMMAND: POST /session/d398fbe39e185af2426c23d9318fa1bb/element/f.AFE0DA022E1204D9517456F68CA09E7B.d.8A4FD8798E738D2FD0F0991C82672552.e.2289/click - {}
RESULT: {}
COMMAND: GET /session/d398fbe39e185af2426c23d9318fa1bb/screenshot - {}
RESULT: {}
COMMAND: POST /session/d398fbe39e185af2426c23d9318fa1bb/elements - {"using":"xpath","value":"//span[text()='Error']"}
RESULT: {"using":"xpath","value":"//span[text()='Error']"}
RESULT: undefined
COMMAND: POST /session/d398fbe39e185af2426c23d9318fa1bb/element - {"using":"xpath","value":"//*[@id=\"__tile50\"]"}
RESULT: {"using":"xpath","value":"//*[@id=\"__tile50\"]"}
COMMAND: POST /session/d398fbe39e185af2426c23d9318fa1bb/element/f.AFE0DA022E1204D9517456F68CA09E7B.d.8A4FD8798E738D2FD0F0991C82672552.e.2289/click - {}
RESULT: undefined
COMMAND: POST /session/d398fbe39e185af2426c23d9318fa1bb/element - {"using":"xpath","value":"//*[@id=\"__tile50\"]"}
RESULT: {"using":"xpath","value":"//*[@id=\"__tile50\"]"}
COMMAND: POST /session/d398fbe39e185af2426c23d9318fa1bb/element/f.AFE0DA022E1204D9517456F68CA09E7B.d.8A4FD8798E738D2FD0F0991C82672552.e.2289/click - {}
RESULT: undefined
COMMAND: POST /session/d398fbe39e185af2426c23d9318fa1bb/execute/async - {"script":"<script> [6424 bytes]","args":[{"element-6066-11e4-a52e-4f735466cecf":"f.AFE0DA022E1204D9517456F68CA09E7B.d.8A4FD8798E738D2FD0F0991C82672552.e.221"},"getTitle",[]]}
COMMAND: POST /session/d398fbe39e185af2426c23d9318fa1bb/execute/async - {"script":"<script> [1562 bytes]","args":[{"selector":{"id":"shellAppTitle"},"wdio_ui5_key":"shellAppTitle"}]}
RESULT: {"script":"<script> [1562 bytes]","args":[{"selector":{"id":"shellAppTitle"},"wdio_ui5_key":"shellAppTitle"}]}
COMMAND: POST /session/d398fbe39e185af2426c23d9318fa1bb/execute/async - {"script":"<script> [6424 bytes]","args":[{"element-6066-11e4-a52e-4f735466cecf":"f.AFE0DA022E1204D9517456F68CA09E7B.d.8A4FD8798E738D2FD0F0991C82672552.e.2429"},"getTitle",[]]}
RESULT: {"script":"<script> [6424 bytes]","args":[{"element-6066-11e4-a52e-4f735466cecf":"f.AFE0DA022E1204D9517456F68CA09E7B.d.8A4FD8798E738D2FD0F0991C82672552.e.2429"},"getTitle",[]]}
RESULT: undefined
COMMAND: POST /session/d398fbe39e185af2426c23d9318fa1bb/element/f.AFE0DA022E1204D9517456F68CA09E7B.d.8A4FD8798E738D2FD0F0991C82672552.e.2171/click - {}
COMMAND: POST /session/d398fbe39e185af2426c23d9318fa1bb/element - {"using":"xpath","value":"//*[@id=\"backBtn\"]"}
RESULT: {"using":"xpath","value":"//*[@id=\"backBtn\"]"}
COMMAND: POST /session/d398fbe39e185af2426c23d9318fa1bb/element/f.AFE0DA022E1204D9517456F68CA09E7B.d.8A4FD8798E738D2FD0F0991C82672552.e.2171/click - {}
COMMAND: POST /session/d398fbe39e185af2426c23d9318fa1bb/element - {"using":"xpath","value":"//*[@id=\"backBtn\"]"}
RESULT: {"using":"xpath","value":"//*[@id=\"backBtn\"]"}
COMMAND: POST /session/d398fbe39e185af2426c23d9318fa1bb/element/f.AFE0DA022E1204D9517456F68CA09E7B.d.8A4FD8798E738D2FD0F0991C82672552.e.2430/click - {}
RESULT: {}
COMMAND: GET /session/d398fbe39e185af2426c23d9318fa1bb/screenshot - {}
RESULT: {}
]]></system-out>
    </testcase>
    <testcase classname="chrome.136_0_7103_49.windows.Sanity_Tests_US104253" name="Should open Manage Pricing Rules page" time="35.929">
      <system-out><![CDATA[
COMMAND: POST /session/d398fbe39e185af2426c23d9318fa1bb/execute/async - {"script":"<script> [1562 bytes]","args":[{"selector":{"controlType":"sap.m.GenericTile","properties":{"header":"Manage Pricing Rules"}},"wdio_ui5_key":"sapm.GenericTile{\"header\":\"Manage Pricing Rules\"}"}]}
RESULT: {"script":"<script> [1562 bytes]","args":[{"selector":{"controlType":"sap.m.GenericTile","properties":{"header":"Manage Pricing Rules"}},"wdio_ui5_key":"sapm.GenericTile{\"header\":\"Manage Pricing Rules\"}"}]}
RESULT: undefined
COMMAND: POST /session/d398fbe39e185af2426c23d9318fa1bb/element - {"using":"xpath","value":"//*[@id=\"__tile55\"]"}
RESULT: {"using":"xpath","value":"//*[@id=\"__tile55\"]"}
COMMAND: POST /session/d398fbe39e185af2426c23d9318fa1bb/element/f.AFE0DA022E1204D9517456F68CA09E7B.d.8A4FD8798E738D2FD0F0991C82672552.e.2432/click - {}
RESULT: {}
COMMAND: GET /session/d398fbe39e185af2426c23d9318fa1bb/screenshot - {}
RESULT: {}
COMMAND: POST /session/d398fbe39e185af2426c23d9318fa1bb/elements - {"using":"xpath","value":"//span[text()='Error']"}
RESULT: {"using":"xpath","value":"//span[text()='Error']"}
RESULT: undefined
COMMAND: POST /session/d398fbe39e185af2426c23d9318fa1bb/element - {"using":"xpath","value":"//*[@id=\"__tile55\"]"}
RESULT: {"using":"xpath","value":"//*[@id=\"__tile55\"]"}
COMMAND: POST /session/d398fbe39e185af2426c23d9318fa1bb/element/f.AFE0DA022E1204D9517456F68CA09E7B.d.8A4FD8798E738D2FD0F0991C82672552.e.2432/click - {}
RESULT: undefined
COMMAND: POST /session/d398fbe39e185af2426c23d9318fa1bb/element - {"using":"xpath","value":"//*[@id=\"__tile55\"]"}
RESULT: {"using":"xpath","value":"//*[@id=\"__tile55\"]"}
COMMAND: POST /session/d398fbe39e185af2426c23d9318fa1bb/element/f.AFE0DA022E1204D9517456F68CA09E7B.d.8A4FD8798E738D2FD0F0991C82672552.e.2432/click - {}
RESULT: undefined
COMMAND: POST /session/d398fbe39e185af2426c23d9318fa1bb/execute/async - {"script":"<script> [6424 bytes]","args":[{"element-6066-11e4-a52e-4f735466cecf":"f.AFE0DA022E1204D9517456F68CA09E7B.d.8A4FD8798E738D2FD0F0991C82672552.e.221"},"getTitle",[]]}
COMMAND: POST /session/d398fbe39e185af2426c23d9318fa1bb/execute/async - {"script":"<script> [1562 bytes]","args":[{"selector":{"id":"shellAppTitle"},"wdio_ui5_key":"shellAppTitle"}]}
RESULT: {"script":"<script> [1562 bytes]","args":[{"selector":{"id":"shellAppTitle"},"wdio_ui5_key":"shellAppTitle"}]}
COMMAND: POST /session/d398fbe39e185af2426c23d9318fa1bb/execute/async - {"script":"<script> [6424 bytes]","args":[{"element-6066-11e4-a52e-4f735466cecf":"f.AFE0DA022E1204D9517456F68CA09E7B.d.8A4FD8798E738D2FD0F0991C82672552.e.2514"},"getTitle",[]]}
RESULT: {"script":"<script> [6424 bytes]","args":[{"element-6066-11e4-a52e-4f735466cecf":"f.AFE0DA022E1204D9517456F68CA09E7B.d.8A4FD8798E738D2FD0F0991C82672552.e.2514"},"getTitle",[]]}
RESULT: undefined
COMMAND: POST /session/d398fbe39e185af2426c23d9318fa1bb/element/f.AFE0DA022E1204D9517456F68CA09E7B.d.8A4FD8798E738D2FD0F0991C82672552.e.2430/click - {}
RESULT: {}
COMMAND: GET /session/d398fbe39e185af2426c23d9318fa1bb/screenshot - {}
RESULT: {}
]]></system-out>
    </testcase>
    <testcase classname="chrome.136_0_7103_49.windows.Sanity_Tests_US104253" name="Should open Manage Price Determination Matrices page" time="35.883">
      <system-out><![CDATA[
COMMAND: POST /session/d398fbe39e185af2426c23d9318fa1bb/execute/async - {"script":"<script> [1562 bytes]","args":[{"selector":{"controlType":"sap.m.GenericTile","properties":{"header":"Manage Price Determination Matrices"}},"wdio_ui5_key":"sapm.GenericTile{\"header\":\"Manage Price Determination Matrices\"}"}]}
RESULT: {"script":"<script> [1562 bytes]","args":[{"selector":{"controlType":"sap.m.GenericTile","properties":{"header":"Manage Price Determination Matrices"}},"wdio_ui5_key":"sapm.GenericTile{\"header\":\"Manage Price Determination Matrices\"}"}]}
RESULT: undefined
COMMAND: POST /session/d398fbe39e185af2426c23d9318fa1bb/element - {"using":"xpath","value":"//*[@id=\"__tile54\"]"}
RESULT: {"using":"xpath","value":"//*[@id=\"__tile54\"]"}
COMMAND: POST /session/d398fbe39e185af2426c23d9318fa1bb/element/f.AFE0DA022E1204D9517456F68CA09E7B.d.8A4FD8798E738D2FD0F0991C82672552.e.2516/click - {}
RESULT: {}
COMMAND: GET /session/d398fbe39e185af2426c23d9318fa1bb/screenshot - {}
RESULT: {}
COMMAND: POST /session/d398fbe39e185af2426c23d9318fa1bb/elements - {"using":"xpath","value":"//span[text()='Error']"}
RESULT: {"using":"xpath","value":"//span[text()='Error']"}
RESULT: undefined
COMMAND: POST /session/d398fbe39e185af2426c23d9318fa1bb/element - {"using":"xpath","value":"//*[@id=\"__tile54\"]"}
RESULT: {"using":"xpath","value":"//*[@id=\"__tile54\"]"}
COMMAND: POST /session/d398fbe39e185af2426c23d9318fa1bb/element/f.AFE0DA022E1204D9517456F68CA09E7B.d.8A4FD8798E738D2FD0F0991C82672552.e.2516/click - {}
RESULT: undefined
COMMAND: POST /session/d398fbe39e185af2426c23d9318fa1bb/element - {"using":"xpath","value":"//*[@id=\"__tile54\"]"}
RESULT: {"using":"xpath","value":"//*[@id=\"__tile54\"]"}
COMMAND: POST /session/d398fbe39e185af2426c23d9318fa1bb/element/f.AFE0DA022E1204D9517456F68CA09E7B.d.8A4FD8798E738D2FD0F0991C82672552.e.2516/click - {}
RESULT: undefined
COMMAND: POST /session/d398fbe39e185af2426c23d9318fa1bb/execute/async - {"script":"<script> [6424 bytes]","args":[{"element-6066-11e4-a52e-4f735466cecf":"f.AFE0DA022E1204D9517456F68CA09E7B.d.8A4FD8798E738D2FD0F0991C82672552.e.221"},"getTitle",[]]}
COMMAND: POST /session/d398fbe39e185af2426c23d9318fa1bb/execute/async - {"script":"<script> [1562 bytes]","args":[{"selector":{"id":"shellAppTitle"},"wdio_ui5_key":"shellAppTitle"}]}
RESULT: {"script":"<script> [1562 bytes]","args":[{"selector":{"id":"shellAppTitle"},"wdio_ui5_key":"shellAppTitle"}]}
COMMAND: POST /session/d398fbe39e185af2426c23d9318fa1bb/execute/async - {"script":"<script> [6424 bytes]","args":[{"element-6066-11e4-a52e-4f735466cecf":"f.AFE0DA022E1204D9517456F68CA09E7B.d.8A4FD8798E738D2FD0F0991C82672552.e.2616"},"getTitle",[]]}
RESULT: {"script":"<script> [6424 bytes]","args":[{"element-6066-11e4-a52e-4f735466cecf":"f.AFE0DA022E1204D9517456F68CA09E7B.d.8A4FD8798E738D2FD0F0991C82672552.e.2616"},"getTitle",[]]}
RESULT: undefined
COMMAND: POST /session/d398fbe39e185af2426c23d9318fa1bb/element/f.AFE0DA022E1204D9517456F68CA09E7B.d.8A4FD8798E738D2FD0F0991C82672552.e.2430/click - {}
COMMAND: POST /session/d398fbe39e185af2426c23d9318fa1bb/element - {"using":"xpath","value":"//*[@id=\"backBtn\"]"}
RESULT: {"using":"xpath","value":"//*[@id=\"backBtn\"]"}
COMMAND: POST /session/d398fbe39e185af2426c23d9318fa1bb/element/f.AFE0DA022E1204D9517456F68CA09E7B.d.8A4FD8798E738D2FD0F0991C82672552.e.2430/click - {}
COMMAND: POST /session/d398fbe39e185af2426c23d9318fa1bb/element - {"using":"xpath","value":"//*[@id=\"backBtn\"]"}
RESULT: {"using":"xpath","value":"//*[@id=\"backBtn\"]"}
COMMAND: POST /session/d398fbe39e185af2426c23d9318fa1bb/element/f.AFE0DA022E1204D9517456F68CA09E7B.d.8A4FD8798E738D2FD0F0991C82672552.e.2617/click - {}
RESULT: {}
COMMAND: GET /session/d398fbe39e185af2426c23d9318fa1bb/screenshot - {}
RESULT: {}
]]></system-out>
    </testcase>
    <testcase classname="chrome.136_0_7103_49.windows.Sanity_Tests_US104253" name="Should open Yard Overview page" time="35.931">
      <system-out><![CDATA[
COMMAND: POST /session/d398fbe39e185af2426c23d9318fa1bb/execute/async - {"script":"<script> [1562 bytes]","args":[{"selector":{"controlType":"sap.m.GenericTile","properties":{"header":"Yard Overview"}},"wdio_ui5_key":"sapm.GenericTile{\"header\":\"Yard Overview\"}"}]}
RESULT: {"script":"<script> [1562 bytes]","args":[{"selector":{"controlType":"sap.m.GenericTile","properties":{"header":"Yard Overview"}},"wdio_ui5_key":"sapm.GenericTile{\"header\":\"Yard Overview\"}"}]}
RESULT: undefined
COMMAND: POST /session/d398fbe39e185af2426c23d9318fa1bb/element - {"using":"xpath","value":"//*[@id=\"__tile102\"]"}
RESULT: {"using":"xpath","value":"//*[@id=\"__tile102\"]"}
COMMAND: POST /session/d398fbe39e185af2426c23d9318fa1bb/element/f.AFE0DA022E1204D9517456F68CA09E7B.d.8A4FD8798E738D2FD0F0991C82672552.e.2619/click - {}
RESULT: {}
COMMAND: GET /session/d398fbe39e185af2426c23d9318fa1bb/screenshot - {}
RESULT: {}
COMMAND: POST /session/d398fbe39e185af2426c23d9318fa1bb/elements - {"using":"xpath","value":"//span[text()='Error']"}
RESULT: {"using":"xpath","value":"//span[text()='Error']"}
RESULT: undefined
COMMAND: POST /session/d398fbe39e185af2426c23d9318fa1bb/element - {"using":"xpath","value":"//*[@id=\"__tile102\"]"}
RESULT: {"using":"xpath","value":"//*[@id=\"__tile102\"]"}
COMMAND: POST /session/d398fbe39e185af2426c23d9318fa1bb/element/f.AFE0DA022E1204D9517456F68CA09E7B.d.8A4FD8798E738D2FD0F0991C82672552.e.2619/click - {}
RESULT: undefined
COMMAND: POST /session/d398fbe39e185af2426c23d9318fa1bb/element - {"using":"xpath","value":"//*[@id=\"__tile102\"]"}
RESULT: {"using":"xpath","value":"//*[@id=\"__tile102\"]"}
COMMAND: POST /session/d398fbe39e185af2426c23d9318fa1bb/element/f.AFE0DA022E1204D9517456F68CA09E7B.d.8A4FD8798E738D2FD0F0991C82672552.e.2619/click - {}
RESULT: undefined
COMMAND: POST /session/d398fbe39e185af2426c23d9318fa1bb/execute/async - {"script":"<script> [6424 bytes]","args":[{"element-6066-11e4-a52e-4f735466cecf":"f.AFE0DA022E1204D9517456F68CA09E7B.d.8A4FD8798E738D2FD0F0991C82672552.e.221"},"getTitle",[]]}
COMMAND: POST /session/d398fbe39e185af2426c23d9318fa1bb/execute/async - {"script":"<script> [1562 bytes]","args":[{"selector":{"id":"shellAppTitle"},"wdio_ui5_key":"shellAppTitle"}]}
RESULT: {"script":"<script> [1562 bytes]","args":[{"selector":{"id":"shellAppTitle"},"wdio_ui5_key":"shellAppTitle"}]}
COMMAND: POST /session/d398fbe39e185af2426c23d9318fa1bb/execute/async - {"script":"<script> [6424 bytes]","args":[{"element-6066-11e4-a52e-4f735466cecf":"f.AFE0DA022E1204D9517456F68CA09E7B.d.8A4FD8798E738D2FD0F0991C82672552.e.2685"},"getTitle",[]]}
RESULT: {"script":"<script> [6424 bytes]","args":[{"element-6066-11e4-a52e-4f735466cecf":"f.AFE0DA022E1204D9517456F68CA09E7B.d.8A4FD8798E738D2FD0F0991C82672552.e.2685"},"getTitle",[]]}
RESULT: undefined
COMMAND: POST /session/d398fbe39e185af2426c23d9318fa1bb/element/f.AFE0DA022E1204D9517456F68CA09E7B.d.8A4FD8798E738D2FD0F0991C82672552.e.2617/click - {}
RESULT: {}
COMMAND: GET /session/d398fbe39e185af2426c23d9318fa1bb/screenshot - {}
RESULT: {}
]]></system-out>
    </testcase>
    <testcase classname="chrome.136_0_7103_49.windows.Sanity_Tests_US104253" name="Should open Site Overview page" time="35.845">
      <system-out><![CDATA[
COMMAND: POST /session/d398fbe39e185af2426c23d9318fa1bb/execute/async - {"script":"<script> [1562 bytes]","args":[{"selector":{"controlType":"sap.m.GenericTile","properties":{"header":"Site Overview"}},"wdio_ui5_key":"sapm.GenericTile{\"header\":\"Site Overview\"}"}]}
RESULT: {"script":"<script> [1562 bytes]","args":[{"selector":{"controlType":"sap.m.GenericTile","properties":{"header":"Site Overview"}},"wdio_ui5_key":"sapm.GenericTile{\"header\":\"Site Overview\"}"}]}
RESULT: undefined
COMMAND: POST /session/d398fbe39e185af2426c23d9318fa1bb/element - {"using":"xpath","value":"//*[@id=\"__tile100\"]"}
RESULT: {"using":"xpath","value":"//*[@id=\"__tile100\"]"}
COMMAND: POST /session/d398fbe39e185af2426c23d9318fa1bb/element/f.AFE0DA022E1204D9517456F68CA09E7B.d.8A4FD8798E738D2FD0F0991C82672552.e.2688/click - {}
RESULT: {}
COMMAND: GET /session/d398fbe39e185af2426c23d9318fa1bb/screenshot - {}
RESULT: {}
COMMAND: POST /session/d398fbe39e185af2426c23d9318fa1bb/elements - {"using":"xpath","value":"//span[text()='Error']"}
RESULT: {"using":"xpath","value":"//span[text()='Error']"}
RESULT: undefined
COMMAND: POST /session/d398fbe39e185af2426c23d9318fa1bb/element - {"using":"xpath","value":"//*[@id=\"__tile100\"]"}
RESULT: {"using":"xpath","value":"//*[@id=\"__tile100\"]"}
COMMAND: POST /session/d398fbe39e185af2426c23d9318fa1bb/element/f.AFE0DA022E1204D9517456F68CA09E7B.d.8A4FD8798E738D2FD0F0991C82672552.e.2688/click - {}
RESULT: undefined
COMMAND: POST /session/d398fbe39e185af2426c23d9318fa1bb/element - {"using":"xpath","value":"//*[@id=\"__tile100\"]"}
RESULT: {"using":"xpath","value":"//*[@id=\"__tile100\"]"}
COMMAND: POST /session/d398fbe39e185af2426c23d9318fa1bb/element/f.AFE0DA022E1204D9517456F68CA09E7B.d.8A4FD8798E738D2FD0F0991C82672552.e.2688/click - {}
RESULT: undefined
COMMAND: POST /session/d398fbe39e185af2426c23d9318fa1bb/execute/async - {"script":"<script> [6424 bytes]","args":[{"element-6066-11e4-a52e-4f735466cecf":"f.AFE0DA022E1204D9517456F68CA09E7B.d.8A4FD8798E738D2FD0F0991C82672552.e.221"},"getTitle",[]]}
COMMAND: POST /session/d398fbe39e185af2426c23d9318fa1bb/execute/async - {"script":"<script> [1562 bytes]","args":[{"selector":{"id":"shellAppTitle"},"wdio_ui5_key":"shellAppTitle"}]}
RESULT: {"script":"<script> [1562 bytes]","args":[{"selector":{"id":"shellAppTitle"},"wdio_ui5_key":"shellAppTitle"}]}
COMMAND: POST /session/d398fbe39e185af2426c23d9318fa1bb/execute/async - {"script":"<script> [6424 bytes]","args":[{"element-6066-11e4-a52e-4f735466cecf":"f.AFE0DA022E1204D9517456F68CA09E7B.d.8A4FD8798E738D2FD0F0991C82672552.e.2816"},"getTitle",[]]}
RESULT: {"script":"<script> [6424 bytes]","args":[{"element-6066-11e4-a52e-4f735466cecf":"f.AFE0DA022E1204D9517456F68CA09E7B.d.8A4FD8798E738D2FD0F0991C82672552.e.2816"},"getTitle",[]]}
RESULT: undefined
COMMAND: POST /session/d398fbe39e185af2426c23d9318fa1bb/element/f.AFE0DA022E1204D9517456F68CA09E7B.d.8A4FD8798E738D2FD0F0991C82672552.e.2617/click - {}
COMMAND: POST /session/d398fbe39e185af2426c23d9318fa1bb/element - {"using":"xpath","value":"//*[@id=\"backBtn\"]"}
RESULT: {"using":"xpath","value":"//*[@id=\"backBtn\"]"}
COMMAND: POST /session/d398fbe39e185af2426c23d9318fa1bb/element/f.AFE0DA022E1204D9517456F68CA09E7B.d.8A4FD8798E738D2FD0F0991C82672552.e.2617/click - {}
COMMAND: POST /session/d398fbe39e185af2426c23d9318fa1bb/element - {"using":"xpath","value":"//*[@id=\"backBtn\"]"}
RESULT: {"using":"xpath","value":"//*[@id=\"backBtn\"]"}
COMMAND: POST /session/d398fbe39e185af2426c23d9318fa1bb/element/f.AFE0DA022E1204D9517456F68CA09E7B.d.8A4FD8798E738D2FD0F0991C82672552.e.2817/click - {}
RESULT: {}
COMMAND: GET /session/d398fbe39e185af2426c23d9318fa1bb/screenshot - {}
RESULT: {}
]]></system-out>
    </testcase>
    <testcase classname="chrome.136_0_7103_49.windows.Sanity_Tests_US104253" name="Should open Trace Track Resources page" time="36.317">
      <system-out><![CDATA[
COMMAND: POST /session/d398fbe39e185af2426c23d9318fa1bb/execute/async - {"script":"<script> [1562 bytes]","args":[{"selector":{"controlType":"sap.m.GenericTile","properties":{"header":"Trace & Track Resources"}},"wdio_ui5_key":"sapm.GenericTile{\"header\":\"Trace & Track Resources\"}"}]}
RESULT: {"script":"<script> [1562 bytes]","args":[{"selector":{"controlType":"sap.m.GenericTile","properties":{"header":"Trace & Track Resources"}},"wdio_ui5_key":"sapm.GenericTile{\"header\":\"Trace & Track Resources\"}"}]}
RESULT: undefined
COMMAND: POST /session/d398fbe39e185af2426c23d9318fa1bb/element - {"using":"xpath","value":"//*[@id=\"__tile101\"]"}
RESULT: {"using":"xpath","value":"//*[@id=\"__tile101\"]"}
COMMAND: POST /session/d398fbe39e185af2426c23d9318fa1bb/element/f.AFE0DA022E1204D9517456F68CA09E7B.d.8A4FD8798E738D2FD0F0991C82672552.e.2819/click - {}
RESULT: {}
COMMAND: GET /session/d398fbe39e185af2426c23d9318fa1bb/screenshot - {}
RESULT: {}
COMMAND: POST /session/d398fbe39e185af2426c23d9318fa1bb/elements - {"using":"xpath","value":"//span[text()='Error']"}
RESULT: {"using":"xpath","value":"//span[text()='Error']"}
RESULT: undefined
COMMAND: POST /session/d398fbe39e185af2426c23d9318fa1bb/element - {"using":"xpath","value":"//*[@id=\"__tile101\"]"}
RESULT: {"using":"xpath","value":"//*[@id=\"__tile101\"]"}
COMMAND: POST /session/d398fbe39e185af2426c23d9318fa1bb/element/f.AFE0DA022E1204D9517456F68CA09E7B.d.8A4FD8798E738D2FD0F0991C82672552.e.2819/click - {}
RESULT: undefined
COMMAND: POST /session/d398fbe39e185af2426c23d9318fa1bb/element - {"using":"xpath","value":"//*[@id=\"__tile101\"]"}
RESULT: {"using":"xpath","value":"//*[@id=\"__tile101\"]"}
COMMAND: POST /session/d398fbe39e185af2426c23d9318fa1bb/element/f.AFE0DA022E1204D9517456F68CA09E7B.d.8A4FD8798E738D2FD0F0991C82672552.e.2819/click - {}
RESULT: undefined
COMMAND: POST /session/d398fbe39e185af2426c23d9318fa1bb/execute/async - {"script":"<script> [6424 bytes]","args":[{"element-6066-11e4-a52e-4f735466cecf":"f.AFE0DA022E1204D9517456F68CA09E7B.d.8A4FD8798E738D2FD0F0991C82672552.e.221"},"getTitle",[]]}
COMMAND: POST /session/d398fbe39e185af2426c23d9318fa1bb/execute/async - {"script":"<script> [1562 bytes]","args":[{"selector":{"id":"shellAppTitle"},"wdio_ui5_key":"shellAppTitle"}]}
RESULT: {"script":"<script> [1562 bytes]","args":[{"selector":{"id":"shellAppTitle"},"wdio_ui5_key":"shellAppTitle"}]}
COMMAND: POST /session/d398fbe39e185af2426c23d9318fa1bb/execute/async - {"script":"<script> [6424 bytes]","args":[{"element-6066-11e4-a52e-4f735466cecf":"f.AFE0DA022E1204D9517456F68CA09E7B.d.8A4FD8798E738D2FD0F0991C82672552.e.2854"},"getTitle",[]]}
RESULT: {"script":"<script> [6424 bytes]","args":[{"element-6066-11e4-a52e-4f735466cecf":"f.AFE0DA022E1204D9517456F68CA09E7B.d.8A4FD8798E738D2FD0F0991C82672552.e.2854"},"getTitle",[]]}
RESULT: undefined
COMMAND: POST /session/d398fbe39e185af2426c23d9318fa1bb/element/f.AFE0DA022E1204D9517456F68CA09E7B.d.8A4FD8798E738D2FD0F0991C82672552.e.2817/click - {}
RESULT: {}
COMMAND: GET /session/d398fbe39e185af2426c23d9318fa1bb/screenshot - {}
RESULT: {}
]]></system-out>
    </testcase>
    <testcase classname="chrome.136_0_7103_49.windows.Sanity_Tests_US104253" name="Should open RU Inventory List page" time="37.333">
      <system-out><![CDATA[
COMMAND: POST /session/d398fbe39e185af2426c23d9318fa1bb/execute/async - {"script":"<script> [1562 bytes]","args":[{"selector":{"controlType":"sap.m.GenericTile","properties":{"header":"RU Inventory List"}},"wdio_ui5_key":"sapm.GenericTile{\"header\":\"RU Inventory List\"}"}]}
RESULT: {"script":"<script> [1562 bytes]","args":[{"selector":{"controlType":"sap.m.GenericTile","properties":{"header":"RU Inventory List"}},"wdio_ui5_key":"sapm.GenericTile{\"header\":\"RU Inventory List\"}"}]}
RESULT: undefined
COMMAND: POST /session/d398fbe39e185af2426c23d9318fa1bb/element - {"using":"xpath","value":"//*[@id=\"__tile99\"]"}
RESULT: {"using":"xpath","value":"//*[@id=\"__tile99\"]"}
COMMAND: POST /session/d398fbe39e185af2426c23d9318fa1bb/element/f.AFE0DA022E1204D9517456F68CA09E7B.d.8A4FD8798E738D2FD0F0991C82672552.e.2856/click - {}
RESULT: {}
COMMAND: GET /session/d398fbe39e185af2426c23d9318fa1bb/screenshot - {}
RESULT: {}
COMMAND: POST /session/d398fbe39e185af2426c23d9318fa1bb/elements - {"using":"xpath","value":"//span[text()='Error']"}
RESULT: {"using":"xpath","value":"//span[text()='Error']"}
RESULT: undefined
COMMAND: POST /session/d398fbe39e185af2426c23d9318fa1bb/element - {"using":"xpath","value":"//*[@id=\"__tile99\"]"}
RESULT: {"using":"xpath","value":"//*[@id=\"__tile99\"]"}
COMMAND: POST /session/d398fbe39e185af2426c23d9318fa1bb/element/f.AFE0DA022E1204D9517456F68CA09E7B.d.8A4FD8798E738D2FD0F0991C82672552.e.2856/click - {}
RESULT: undefined
COMMAND: POST /session/d398fbe39e185af2426c23d9318fa1bb/element - {"using":"xpath","value":"//*[@id=\"__tile99\"]"}
RESULT: {"using":"xpath","value":"//*[@id=\"__tile99\"]"}
COMMAND: POST /session/d398fbe39e185af2426c23d9318fa1bb/element/f.AFE0DA022E1204D9517456F68CA09E7B.d.8A4FD8798E738D2FD0F0991C82672552.e.2856/click - {}
RESULT: undefined
COMMAND: POST /session/d398fbe39e185af2426c23d9318fa1bb/execute/async - {"script":"<script> [6424 bytes]","args":[{"element-6066-11e4-a52e-4f735466cecf":"f.AFE0DA022E1204D9517456F68CA09E7B.d.8A4FD8798E738D2FD0F0991C82672552.e.221"},"getTitle",[]]}
COMMAND: POST /session/d398fbe39e185af2426c23d9318fa1bb/execute/async - {"script":"<script> [1562 bytes]","args":[{"selector":{"id":"shellAppTitle"},"wdio_ui5_key":"shellAppTitle"}]}
RESULT: {"script":"<script> [1562 bytes]","args":[{"selector":{"id":"shellAppTitle"},"wdio_ui5_key":"shellAppTitle"}]}
COMMAND: POST /session/d398fbe39e185af2426c23d9318fa1bb/execute/async - {"script":"<script> [6424 bytes]","args":[{"element-6066-11e4-a52e-4f735466cecf":"f.AFE0DA022E1204D9517456F68CA09E7B.d.8A4FD8798E738D2FD0F0991C82672552.e.3055"},"getTitle",[]]}
RESULT: {"script":"<script> [6424 bytes]","args":[{"element-6066-11e4-a52e-4f735466cecf":"f.AFE0DA022E1204D9517456F68CA09E7B.d.8A4FD8798E738D2FD0F0991C82672552.e.3055"},"getTitle",[]]}
RESULT: undefined
COMMAND: POST /session/d398fbe39e185af2426c23d9318fa1bb/element/f.AFE0DA022E1204D9517456F68CA09E7B.d.8A4FD8798E738D2FD0F0991C82672552.e.2817/click - {}
COMMAND: POST /session/d398fbe39e185af2426c23d9318fa1bb/element - {"using":"xpath","value":"//*[@id=\"backBtn\"]"}
RESULT: {"using":"xpath","value":"//*[@id=\"backBtn\"]"}
COMMAND: POST /session/d398fbe39e185af2426c23d9318fa1bb/element/f.AFE0DA022E1204D9517456F68CA09E7B.d.8A4FD8798E738D2FD0F0991C82672552.e.2817/click - {}
COMMAND: POST /session/d398fbe39e185af2426c23d9318fa1bb/element - {"using":"xpath","value":"//*[@id=\"backBtn\"]"}
RESULT: {"using":"xpath","value":"//*[@id=\"backBtn\"]"}
COMMAND: POST /session/d398fbe39e185af2426c23d9318fa1bb/element/f.AFE0DA022E1204D9517456F68CA09E7B.d.8A4FD8798E738D2FD0F0991C82672552.e.3056/click - {}
RESULT: {}
COMMAND: GET /session/d398fbe39e185af2426c23d9318fa1bb/screenshot - {}
RESULT: {}
]]></system-out>
    </testcase>
    <testcase classname="chrome.136_0_7103_49.windows.Sanity_Tests_US104253" name="Should open Contracts Dashboard page" time="38.463">
      <system-out><![CDATA[
COMMAND: POST /session/d398fbe39e185af2426c23d9318fa1bb/execute/async - {"script":"<script> [1562 bytes]","args":[{"selector":{"controlType":"sap.m.GenericTile","properties":{"header":"Contracts Dashboard"}},"wdio_ui5_key":"sapm.GenericTile{\"header\":\"Contracts Dashboard\"}"}]}
RESULT: {"script":"<script> [1562 bytes]","args":[{"selector":{"controlType":"sap.m.GenericTile","properties":{"header":"Contracts Dashboard"}},"wdio_ui5_key":"sapm.GenericTile{\"header\":\"Contracts Dashboard\"}"}]}
RESULT: undefined
COMMAND: POST /session/d398fbe39e185af2426c23d9318fa1bb/element - {"using":"xpath","value":"//*[@id=\"__tile97\"]"}
RESULT: {"using":"xpath","value":"//*[@id=\"__tile97\"]"}
COMMAND: POST /session/d398fbe39e185af2426c23d9318fa1bb/element/f.AFE0DA022E1204D9517456F68CA09E7B.d.8A4FD8798E738D2FD0F0991C82672552.e.3058/click - {}
RESULT: {}
COMMAND: GET /session/d398fbe39e185af2426c23d9318fa1bb/screenshot - {}
RESULT: {}
COMMAND: POST /session/d398fbe39e185af2426c23d9318fa1bb/elements - {"using":"xpath","value":"//span[text()='Error']"}
RESULT: {"using":"xpath","value":"//span[text()='Error']"}
RESULT: undefined
COMMAND: POST /session/d398fbe39e185af2426c23d9318fa1bb/element - {"using":"xpath","value":"//*[@id=\"__tile97\"]"}
RESULT: {"using":"xpath","value":"//*[@id=\"__tile97\"]"}
COMMAND: POST /session/d398fbe39e185af2426c23d9318fa1bb/element/f.AFE0DA022E1204D9517456F68CA09E7B.d.8A4FD8798E738D2FD0F0991C82672552.e.3058/click - {}
RESULT: undefined
COMMAND: POST /session/d398fbe39e185af2426c23d9318fa1bb/element - {"using":"xpath","value":"//*[@id=\"__tile97\"]"}
RESULT: {"using":"xpath","value":"//*[@id=\"__tile97\"]"}
COMMAND: POST /session/d398fbe39e185af2426c23d9318fa1bb/element/f.AFE0DA022E1204D9517456F68CA09E7B.d.8A4FD8798E738D2FD0F0991C82672552.e.3058/click - {}
RESULT: undefined
COMMAND: POST /session/d398fbe39e185af2426c23d9318fa1bb/execute/async - {"script":"<script> [6424 bytes]","args":[{"element-6066-11e4-a52e-4f735466cecf":"f.AFE0DA022E1204D9517456F68CA09E7B.d.8A4FD8798E738D2FD0F0991C82672552.e.221"},"getTitle",[]]}
COMMAND: POST /session/d398fbe39e185af2426c23d9318fa1bb/execute/async - {"script":"<script> [1562 bytes]","args":[{"selector":{"id":"shellAppTitle"},"wdio_ui5_key":"shellAppTitle"}]}
RESULT: {"script":"<script> [1562 bytes]","args":[{"selector":{"id":"shellAppTitle"},"wdio_ui5_key":"shellAppTitle"}]}
COMMAND: POST /session/d398fbe39e185af2426c23d9318fa1bb/execute/async - {"script":"<script> [6424 bytes]","args":[{"element-6066-11e4-a52e-4f735466cecf":"f.AFE0DA022E1204D9517456F68CA09E7B.d.8A4FD8798E738D2FD0F0991C82672552.e.3077"},"getTitle",[]]}
RESULT: {"script":"<script> [6424 bytes]","args":[{"element-6066-11e4-a52e-4f735466cecf":"f.AFE0DA022E1204D9517456F68CA09E7B.d.8A4FD8798E738D2FD0F0991C82672552.e.3077"},"getTitle",[]]}
RESULT: undefined
COMMAND: POST /session/d398fbe39e185af2426c23d9318fa1bb/element/f.AFE0DA022E1204D9517456F68CA09E7B.d.8A4FD8798E738D2FD0F0991C82672552.e.3056/click - {}
RESULT: {}
COMMAND: GET /session/d398fbe39e185af2426c23d9318fa1bb/screenshot - {}
RESULT: {}
]]></system-out>
    </testcase>
    <testcase classname="chrome.136_0_7103_49.windows.Sanity_Tests_US104253" name="Should open Bin Status Report page" time="36.956">
      <system-out><![CDATA[
COMMAND: POST /session/d398fbe39e185af2426c23d9318fa1bb/execute/async - {"script":"<script> [1562 bytes]","args":[{"selector":{"controlType":"sap.m.GenericTile","properties":{"header":"Bin Status Report"}},"wdio_ui5_key":"sapm.GenericTile{\"header\":\"Bin Status Report\"}"}]}
RESULT: {"script":"<script> [1562 bytes]","args":[{"selector":{"controlType":"sap.m.GenericTile","properties":{"header":"Bin Status Report"}},"wdio_ui5_key":"sapm.GenericTile{\"header\":\"Bin Status Report\"}"}]}
RESULT: undefined
COMMAND: POST /session/d398fbe39e185af2426c23d9318fa1bb/element - {"using":"xpath","value":"//*[@id=\"__tile104\"]"}
RESULT: {"using":"xpath","value":"//*[@id=\"__tile104\"]"}
COMMAND: POST /session/d398fbe39e185af2426c23d9318fa1bb/element/f.AFE0DA022E1204D9517456F68CA09E7B.d.8A4FD8798E738D2FD0F0991C82672552.e.3079/click - {}
RESULT: {}
COMMAND: GET /session/d398fbe39e185af2426c23d9318fa1bb/screenshot - {}
RESULT: {}
COMMAND: POST /session/d398fbe39e185af2426c23d9318fa1bb/elements - {"using":"xpath","value":"//span[text()='Error']"}
RESULT: {"using":"xpath","value":"//span[text()='Error']"}
RESULT: undefined
COMMAND: POST /session/d398fbe39e185af2426c23d9318fa1bb/element - {"using":"xpath","value":"//*[@id=\"__tile104\"]"}
RESULT: {"using":"xpath","value":"//*[@id=\"__tile104\"]"}
COMMAND: POST /session/d398fbe39e185af2426c23d9318fa1bb/element/f.AFE0DA022E1204D9517456F68CA09E7B.d.8A4FD8798E738D2FD0F0991C82672552.e.3079/click - {}
RESULT: undefined
COMMAND: POST /session/d398fbe39e185af2426c23d9318fa1bb/element - {"using":"xpath","value":"//*[@id=\"__tile104\"]"}
RESULT: {"using":"xpath","value":"//*[@id=\"__tile104\"]"}
COMMAND: POST /session/d398fbe39e185af2426c23d9318fa1bb/element/f.AFE0DA022E1204D9517456F68CA09E7B.d.8A4FD8798E738D2FD0F0991C82672552.e.3079/click - {}
RESULT: undefined
COMMAND: POST /session/d398fbe39e185af2426c23d9318fa1bb/execute/async - {"script":"<script> [6424 bytes]","args":[{"element-6066-11e4-a52e-4f735466cecf":"f.AFE0DA022E1204D9517456F68CA09E7B.d.8A4FD8798E738D2FD0F0991C82672552.e.221"},"getTitle",[]]}
COMMAND: POST /session/d398fbe39e185af2426c23d9318fa1bb/execute/async - {"script":"<script> [1562 bytes]","args":[{"selector":{"id":"shellAppTitle"},"wdio_ui5_key":"shellAppTitle"}]}
RESULT: {"script":"<script> [1562 bytes]","args":[{"selector":{"id":"shellAppTitle"},"wdio_ui5_key":"shellAppTitle"}]}
COMMAND: POST /session/d398fbe39e185af2426c23d9318fa1bb/execute/async - {"script":"<script> [6424 bytes]","args":[{"element-6066-11e4-a52e-4f735466cecf":"f.AFE0DA022E1204D9517456F68CA09E7B.d.8A4FD8798E738D2FD0F0991C82672552.e.3170"},"getTitle",[]]}
RESULT: {"script":"<script> [6424 bytes]","args":[{"element-6066-11e4-a52e-4f735466cecf":"f.AFE0DA022E1204D9517456F68CA09E7B.d.8A4FD8798E738D2FD0F0991C82672552.e.3170"},"getTitle",[]]}
RESULT: undefined
COMMAND: POST /session/d398fbe39e185af2426c23d9318fa1bb/element/f.AFE0DA022E1204D9517456F68CA09E7B.d.8A4FD8798E738D2FD0F0991C82672552.e.3056/click - {}
COMMAND: POST /session/d398fbe39e185af2426c23d9318fa1bb/element - {"using":"xpath","value":"//*[@id=\"backBtn\"]"}
RESULT: {"using":"xpath","value":"//*[@id=\"backBtn\"]"}
COMMAND: POST /session/d398fbe39e185af2426c23d9318fa1bb/element/f.AFE0DA022E1204D9517456F68CA09E7B.d.8A4FD8798E738D2FD0F0991C82672552.e.3056/click - {}
COMMAND: POST /session/d398fbe39e185af2426c23d9318fa1bb/element - {"using":"xpath","value":"//*[@id=\"backBtn\"]"}
RESULT: {"using":"xpath","value":"//*[@id=\"backBtn\"]"}
COMMAND: POST /session/d398fbe39e185af2426c23d9318fa1bb/element/f.AFE0DA022E1204D9517456F68CA09E7B.d.8A4FD8798E738D2FD0F0991C82672552.e.3171/click - {}
RESULT: {}
COMMAND: GET /session/d398fbe39e185af2426c23d9318fa1bb/screenshot - {}
RESULT: {}
]]></system-out>
    </testcase>
    <testcase classname="chrome.136_0_7103_49.windows.Sanity_Tests_US104253" name="Should open Manage Warehouse Movements page" time="36.447">
      <system-out><![CDATA[
COMMAND: POST /session/d398fbe39e185af2426c23d9318fa1bb/execute/async - {"script":"<script> [1562 bytes]","args":[{"selector":{"controlType":"sap.m.GenericTile","properties":{"header":"Manage Warehouse Movements"}},"wdio_ui5_key":"sapm.GenericTile{\"header\":\"Manage Warehouse Movements\"}"}]}
RESULT: {"script":"<script> [1562 bytes]","args":[{"selector":{"controlType":"sap.m.GenericTile","properties":{"header":"Manage Warehouse Movements"}},"wdio_ui5_key":"sapm.GenericTile{\"header\":\"Manage Warehouse Movements\"}"}]}
RESULT: undefined
COMMAND: POST /session/d398fbe39e185af2426c23d9318fa1bb/element - {"using":"xpath","value":"//*[@id=\"__tile105\"]"}
RESULT: {"using":"xpath","value":"//*[@id=\"__tile105\"]"}
COMMAND: POST /session/d398fbe39e185af2426c23d9318fa1bb/element/f.AFE0DA022E1204D9517456F68CA09E7B.d.8A4FD8798E738D2FD0F0991C82672552.e.3175/click - {}
RESULT: {}
COMMAND: GET /session/d398fbe39e185af2426c23d9318fa1bb/screenshot - {}
RESULT: {}
COMMAND: POST /session/d398fbe39e185af2426c23d9318fa1bb/elements - {"using":"xpath","value":"//span[text()='Error']"}
RESULT: {"using":"xpath","value":"//span[text()='Error']"}
RESULT: undefined
COMMAND: POST /session/d398fbe39e185af2426c23d9318fa1bb/element - {"using":"xpath","value":"//*[@id=\"__tile105\"]"}
RESULT: {"using":"xpath","value":"//*[@id=\"__tile105\"]"}
COMMAND: POST /session/d398fbe39e185af2426c23d9318fa1bb/element/f.AFE0DA022E1204D9517456F68CA09E7B.d.8A4FD8798E738D2FD0F0991C82672552.e.3175/click - {}
RESULT: undefined
COMMAND: POST /session/d398fbe39e185af2426c23d9318fa1bb/element - {"using":"xpath","value":"//*[@id=\"__tile105\"]"}
RESULT: {"using":"xpath","value":"//*[@id=\"__tile105\"]"}
COMMAND: POST /session/d398fbe39e185af2426c23d9318fa1bb/element/f.AFE0DA022E1204D9517456F68CA09E7B.d.8A4FD8798E738D2FD0F0991C82672552.e.3175/click - {}
RESULT: undefined
COMMAND: POST /session/d398fbe39e185af2426c23d9318fa1bb/execute/async - {"script":"<script> [6424 bytes]","args":[{"element-6066-11e4-a52e-4f735466cecf":"f.AFE0DA022E1204D9517456F68CA09E7B.d.8A4FD8798E738D2FD0F0991C82672552.e.221"},"getTitle",[]]}
COMMAND: POST /session/d398fbe39e185af2426c23d9318fa1bb/execute/async - {"script":"<script> [1562 bytes]","args":[{"selector":{"id":"shellAppTitle"},"wdio_ui5_key":"shellAppTitle"}]}
RESULT: {"script":"<script> [1562 bytes]","args":[{"selector":{"id":"shellAppTitle"},"wdio_ui5_key":"shellAppTitle"}]}
COMMAND: POST /session/d398fbe39e185af2426c23d9318fa1bb/execute/async - {"script":"<script> [6424 bytes]","args":[{"element-6066-11e4-a52e-4f735466cecf":"f.AFE0DA022E1204D9517456F68CA09E7B.d.8A4FD8798E738D2FD0F0991C82672552.e.3239"},"getTitle",[]]}
RESULT: {"script":"<script> [6424 bytes]","args":[{"element-6066-11e4-a52e-4f735466cecf":"f.AFE0DA022E1204D9517456F68CA09E7B.d.8A4FD8798E738D2FD0F0991C82672552.e.3239"},"getTitle",[]]}
RESULT: undefined
COMMAND: POST /session/d398fbe39e185af2426c23d9318fa1bb/element/f.AFE0DA022E1204D9517456F68CA09E7B.d.8A4FD8798E738D2FD0F0991C82672552.e.3171/click - {}
RESULT: {}
COMMAND: GET /session/d398fbe39e185af2426c23d9318fa1bb/screenshot - {}
RESULT: {}
]]></system-out>
    </testcase>
    <testcase classname="chrome.136_0_7103_49.windows.Sanity_Tests_US104253" name="Should open Bin Inventory List page" time="36.719">
      <system-out><![CDATA[
COMMAND: POST /session/d398fbe39e185af2426c23d9318fa1bb/execute/async - {"script":"<script> [1562 bytes]","args":[{"selector":{"controlType":"sap.m.GenericTile","properties":{"header":"Bin Inventory List"}},"wdio_ui5_key":"sapm.GenericTile{\"header\":\"Bin Inventory List\"}"}]}
RESULT: {"script":"<script> [1562 bytes]","args":[{"selector":{"controlType":"sap.m.GenericTile","properties":{"header":"Bin Inventory List"}},"wdio_ui5_key":"sapm.GenericTile{\"header\":\"Bin Inventory List\"}"}]}
RESULT: undefined
COMMAND: POST /session/d398fbe39e185af2426c23d9318fa1bb/element - {"using":"xpath","value":"//*[@id=\"__tile103\"]"}
RESULT: {"using":"xpath","value":"//*[@id=\"__tile103\"]"}
COMMAND: POST /session/d398fbe39e185af2426c23d9318fa1bb/element/f.AFE0DA022E1204D9517456F68CA09E7B.d.8A4FD8798E738D2FD0F0991C82672552.e.3241/click - {}
RESULT: {}
COMMAND: GET /session/d398fbe39e185af2426c23d9318fa1bb/screenshot - {}
RESULT: {}
COMMAND: POST /session/d398fbe39e185af2426c23d9318fa1bb/elements - {"using":"xpath","value":"//span[text()='Error']"}
RESULT: {"using":"xpath","value":"//span[text()='Error']"}
RESULT: undefined
COMMAND: POST /session/d398fbe39e185af2426c23d9318fa1bb/element - {"using":"xpath","value":"//*[@id=\"__tile103\"]"}
RESULT: {"using":"xpath","value":"//*[@id=\"__tile103\"]"}
COMMAND: POST /session/d398fbe39e185af2426c23d9318fa1bb/element/f.AFE0DA022E1204D9517456F68CA09E7B.d.8A4FD8798E738D2FD0F0991C82672552.e.3241/click - {}
RESULT: undefined
COMMAND: POST /session/d398fbe39e185af2426c23d9318fa1bb/element - {"using":"xpath","value":"//*[@id=\"__tile103\"]"}
RESULT: {"using":"xpath","value":"//*[@id=\"__tile103\"]"}
COMMAND: POST /session/d398fbe39e185af2426c23d9318fa1bb/element/f.AFE0DA022E1204D9517456F68CA09E7B.d.8A4FD8798E738D2FD0F0991C82672552.e.3241/click - {}
RESULT: undefined
COMMAND: POST /session/d398fbe39e185af2426c23d9318fa1bb/execute/async - {"script":"<script> [6424 bytes]","args":[{"element-6066-11e4-a52e-4f735466cecf":"f.AFE0DA022E1204D9517456F68CA09E7B.d.8A4FD8798E738D2FD0F0991C82672552.e.221"},"getTitle",[]]}
COMMAND: POST /session/d398fbe39e185af2426c23d9318fa1bb/execute/async - {"script":"<script> [1562 bytes]","args":[{"selector":{"id":"shellAppTitle"},"wdio_ui5_key":"shellAppTitle"}]}
RESULT: {"script":"<script> [1562 bytes]","args":[{"selector":{"id":"shellAppTitle"},"wdio_ui5_key":"shellAppTitle"}]}
COMMAND: POST /session/d398fbe39e185af2426c23d9318fa1bb/execute/async - {"script":"<script> [6424 bytes]","args":[{"element-6066-11e4-a52e-4f735466cecf":"f.AFE0DA022E1204D9517456F68CA09E7B.d.8A4FD8798E738D2FD0F0991C82672552.e.3334"},"getTitle",[]]}
RESULT: {"script":"<script> [6424 bytes]","args":[{"element-6066-11e4-a52e-4f735466cecf":"f.AFE0DA022E1204D9517456F68CA09E7B.d.8A4FD8798E738D2FD0F0991C82672552.e.3334"},"getTitle",[]]}
RESULT: undefined
COMMAND: POST /session/d398fbe39e185af2426c23d9318fa1bb/element/f.AFE0DA022E1204D9517456F68CA09E7B.d.8A4FD8798E738D2FD0F0991C82672552.e.3171/click - {}
COMMAND: POST /session/d398fbe39e185af2426c23d9318fa1bb/element - {"using":"xpath","value":"//*[@id=\"backBtn\"]"}
RESULT: {"using":"xpath","value":"//*[@id=\"backBtn\"]"}
COMMAND: POST /session/d398fbe39e185af2426c23d9318fa1bb/element/f.AFE0DA022E1204D9517456F68CA09E7B.d.8A4FD8798E738D2FD0F0991C82672552.e.3171/click - {}
COMMAND: POST /session/d398fbe39e185af2426c23d9318fa1bb/element - {"using":"xpath","value":"//*[@id=\"backBtn\"]"}
RESULT: {"using":"xpath","value":"//*[@id=\"backBtn\"]"}
COMMAND: POST /session/d398fbe39e185af2426c23d9318fa1bb/element/f.AFE0DA022E1204D9517456F68CA09E7B.d.8A4FD8798E738D2FD0F0991C82672552.e.3335/click - {}
RESULT: {}
COMMAND: GET /session/d398fbe39e185af2426c23d9318fa1bb/screenshot - {}
RESULT: {}
]]></system-out>
    </testcase>
    <testcase classname="chrome.136_0_7103_49.windows.Sanity_Tests_US104253" name="Should open ISC Templates page" time="36.34">
      <system-out><![CDATA[
COMMAND: POST /session/d398fbe39e185af2426c23d9318fa1bb/execute/async - {"script":"<script> [1562 bytes]","args":[{"selector":{"controlType":"sap.m.GenericTile","properties":{"header":"ISC Templates"}},"wdio_ui5_key":"sapm.GenericTile{\"header\":\"ISC Templates\"}"}]}
RESULT: {"script":"<script> [1562 bytes]","args":[{"selector":{"controlType":"sap.m.GenericTile","properties":{"header":"ISC Templates"}},"wdio_ui5_key":"sapm.GenericTile{\"header\":\"ISC Templates\"}"}]}
RESULT: undefined
COMMAND: POST /session/d398fbe39e185af2426c23d9318fa1bb/element - {"using":"xpath","value":"//*[@id=\"__tile111\"]"}
RESULT: {"using":"xpath","value":"//*[@id=\"__tile111\"]"}
COMMAND: POST /session/d398fbe39e185af2426c23d9318fa1bb/element/f.AFE0DA022E1204D9517456F68CA09E7B.d.8A4FD8798E738D2FD0F0991C82672552.e.3337/click - {}
RESULT: {}
COMMAND: GET /session/d398fbe39e185af2426c23d9318fa1bb/screenshot - {}
RESULT: {}
COMMAND: POST /session/d398fbe39e185af2426c23d9318fa1bb/elements - {"using":"xpath","value":"//span[text()='Error']"}
RESULT: {"using":"xpath","value":"//span[text()='Error']"}
RESULT: undefined
COMMAND: POST /session/d398fbe39e185af2426c23d9318fa1bb/element - {"using":"xpath","value":"//*[@id=\"__tile111\"]"}
RESULT: {"using":"xpath","value":"//*[@id=\"__tile111\"]"}
COMMAND: POST /session/d398fbe39e185af2426c23d9318fa1bb/element/f.AFE0DA022E1204D9517456F68CA09E7B.d.8A4FD8798E738D2FD0F0991C82672552.e.3337/click - {}
RESULT: undefined
COMMAND: POST /session/d398fbe39e185af2426c23d9318fa1bb/element - {"using":"xpath","value":"//*[@id=\"__tile111\"]"}
RESULT: {"using":"xpath","value":"//*[@id=\"__tile111\"]"}
COMMAND: POST /session/d398fbe39e185af2426c23d9318fa1bb/element/f.AFE0DA022E1204D9517456F68CA09E7B.d.8A4FD8798E738D2FD0F0991C82672552.e.3337/click - {}
RESULT: undefined
COMMAND: POST /session/d398fbe39e185af2426c23d9318fa1bb/execute/async - {"script":"<script> [6424 bytes]","args":[{"element-6066-11e4-a52e-4f735466cecf":"f.AFE0DA022E1204D9517456F68CA09E7B.d.8A4FD8798E738D2FD0F0991C82672552.e.221"},"getTitle",[]]}
COMMAND: POST /session/d398fbe39e185af2426c23d9318fa1bb/execute/async - {"script":"<script> [1562 bytes]","args":[{"selector":{"id":"shellAppTitle"},"wdio_ui5_key":"shellAppTitle"}]}
RESULT: {"script":"<script> [1562 bytes]","args":[{"selector":{"id":"shellAppTitle"},"wdio_ui5_key":"shellAppTitle"}]}
COMMAND: POST /session/d398fbe39e185af2426c23d9318fa1bb/execute/async - {"script":"<script> [6424 bytes]","args":[{"element-6066-11e4-a52e-4f735466cecf":"f.AFE0DA022E1204D9517456F68CA09E7B.d.8A4FD8798E738D2FD0F0991C82672552.e.3411"},"getTitle",[]]}
RESULT: {"script":"<script> [6424 bytes]","args":[{"element-6066-11e4-a52e-4f735466cecf":"f.AFE0DA022E1204D9517456F68CA09E7B.d.8A4FD8798E738D2FD0F0991C82672552.e.3411"},"getTitle",[]]}
RESULT: undefined
COMMAND: POST /session/d398fbe39e185af2426c23d9318fa1bb/element/f.AFE0DA022E1204D9517456F68CA09E7B.d.8A4FD8798E738D2FD0F0991C82672552.e.3335/click - {}
RESULT: {}
COMMAND: GET /session/d398fbe39e185af2426c23d9318fa1bb/screenshot - {}
RESULT: {}
]]></system-out>
    </testcase>
    <testcase classname="chrome.136_0_7103_49.windows.Sanity_Tests_US104253" name="Should open ISC Schedules page" time="35.853">
      <system-out><![CDATA[
COMMAND: POST /session/d398fbe39e185af2426c23d9318fa1bb/execute/async - {"script":"<script> [1562 bytes]","args":[{"selector":{"controlType":"sap.m.GenericTile","properties":{"header":"ISC Schedules"}},"wdio_ui5_key":"sapm.GenericTile{\"header\":\"ISC Schedules\"}"}]}
RESULT: {"script":"<script> [1562 bytes]","args":[{"selector":{"controlType":"sap.m.GenericTile","properties":{"header":"ISC Schedules"}},"wdio_ui5_key":"sapm.GenericTile{\"header\":\"ISC Schedules\"}"}]}
RESULT: undefined
COMMAND: POST /session/d398fbe39e185af2426c23d9318fa1bb/element - {"using":"xpath","value":"//*[@id=\"__tile109\"]"}
RESULT: {"using":"xpath","value":"//*[@id=\"__tile109\"]"}
COMMAND: POST /session/d398fbe39e185af2426c23d9318fa1bb/element/f.AFE0DA022E1204D9517456F68CA09E7B.d.8A4FD8798E738D2FD0F0991C82672552.e.3414/click - {}
RESULT: {}
COMMAND: GET /session/d398fbe39e185af2426c23d9318fa1bb/screenshot - {}
RESULT: {}
COMMAND: POST /session/d398fbe39e185af2426c23d9318fa1bb/elements - {"using":"xpath","value":"//span[text()='Error']"}
RESULT: {"using":"xpath","value":"//span[text()='Error']"}
RESULT: undefined
COMMAND: POST /session/d398fbe39e185af2426c23d9318fa1bb/element - {"using":"xpath","value":"//*[@id=\"__tile109\"]"}
RESULT: {"using":"xpath","value":"//*[@id=\"__tile109\"]"}
COMMAND: POST /session/d398fbe39e185af2426c23d9318fa1bb/element/f.AFE0DA022E1204D9517456F68CA09E7B.d.8A4FD8798E738D2FD0F0991C82672552.e.3414/click - {}
RESULT: undefined
COMMAND: POST /session/d398fbe39e185af2426c23d9318fa1bb/element - {"using":"xpath","value":"//*[@id=\"__tile109\"]"}
RESULT: {"using":"xpath","value":"//*[@id=\"__tile109\"]"}
COMMAND: POST /session/d398fbe39e185af2426c23d9318fa1bb/element/f.AFE0DA022E1204D9517456F68CA09E7B.d.8A4FD8798E738D2FD0F0991C82672552.e.3414/click - {}
RESULT: undefined
COMMAND: POST /session/d398fbe39e185af2426c23d9318fa1bb/execute/async - {"script":"<script> [6424 bytes]","args":[{"element-6066-11e4-a52e-4f735466cecf":"f.AFE0DA022E1204D9517456F68CA09E7B.d.8A4FD8798E738D2FD0F0991C82672552.e.221"},"getTitle",[]]}
COMMAND: POST /session/d398fbe39e185af2426c23d9318fa1bb/execute/async - {"script":"<script> [1562 bytes]","args":[{"selector":{"id":"shellAppTitle"},"wdio_ui5_key":"shellAppTitle"}]}
RESULT: {"script":"<script> [1562 bytes]","args":[{"selector":{"id":"shellAppTitle"},"wdio_ui5_key":"shellAppTitle"}]}
COMMAND: POST /session/d398fbe39e185af2426c23d9318fa1bb/execute/async - {"script":"<script> [6424 bytes]","args":[{"element-6066-11e4-a52e-4f735466cecf":"f.AFE0DA022E1204D9517456F68CA09E7B.d.8A4FD8798E738D2FD0F0991C82672552.e.3493"},"getTitle",[]]}
RESULT: {"script":"<script> [6424 bytes]","args":[{"element-6066-11e4-a52e-4f735466cecf":"f.AFE0DA022E1204D9517456F68CA09E7B.d.8A4FD8798E738D2FD0F0991C82672552.e.3493"},"getTitle",[]]}
RESULT: undefined
COMMAND: POST /session/d398fbe39e185af2426c23d9318fa1bb/element/f.AFE0DA022E1204D9517456F68CA09E7B.d.8A4FD8798E738D2FD0F0991C82672552.e.3335/click - {}
COMMAND: POST /session/d398fbe39e185af2426c23d9318fa1bb/element - {"using":"xpath","value":"//*[@id=\"backBtn\"]"}
RESULT: {"using":"xpath","value":"//*[@id=\"backBtn\"]"}
COMMAND: POST /session/d398fbe39e185af2426c23d9318fa1bb/element/f.AFE0DA022E1204D9517456F68CA09E7B.d.8A4FD8798E738D2FD0F0991C82672552.e.3335/click - {}
COMMAND: POST /session/d398fbe39e185af2426c23d9318fa1bb/element - {"using":"xpath","value":"//*[@id=\"backBtn\"]"}
RESULT: {"using":"xpath","value":"//*[@id=\"backBtn\"]"}
COMMAND: POST /session/d398fbe39e185af2426c23d9318fa1bb/element/f.AFE0DA022E1204D9517456F68CA09E7B.d.8A4FD8798E738D2FD0F0991C82672552.e.3494/click - {}
RESULT: {}
COMMAND: GET /session/d398fbe39e185af2426c23d9318fa1bb/screenshot - {}
RESULT: {}
]]></system-out>
    </testcase>
    <testcase classname="chrome.136_0_7103_49.windows.Sanity_Tests_US104253" name="Should open ISC Dashboard page" time="36.956">
      <system-out><![CDATA[
COMMAND: POST /session/d398fbe39e185af2426c23d9318fa1bb/execute/async - {"script":"<script> [1562 bytes]","args":[{"selector":{"controlType":"sap.m.GenericTile","properties":{"header":"ISC Dashboard"}},"wdio_ui5_key":"sapm.GenericTile{\"header\":\"ISC Dashboard\"}"}]}
RESULT: {"script":"<script> [1562 bytes]","args":[{"selector":{"controlType":"sap.m.GenericTile","properties":{"header":"ISC Dashboard"}},"wdio_ui5_key":"sapm.GenericTile{\"header\":\"ISC Dashboard\"}"}]}
RESULT: undefined
COMMAND: POST /session/d398fbe39e185af2426c23d9318fa1bb/element - {"using":"xpath","value":"//*[@id=\"__tile106\"]"}
RESULT: {"using":"xpath","value":"//*[@id=\"__tile106\"]"}
COMMAND: POST /session/d398fbe39e185af2426c23d9318fa1bb/element/f.AFE0DA022E1204D9517456F68CA09E7B.d.8A4FD8798E738D2FD0F0991C82672552.e.104/click - {}
RESULT: {}
COMMAND: GET /session/d398fbe39e185af2426c23d9318fa1bb/screenshot - {}
RESULT: {}
COMMAND: POST /session/d398fbe39e185af2426c23d9318fa1bb/elements - {"using":"xpath","value":"//span[text()='Error']"}
RESULT: {"using":"xpath","value":"//span[text()='Error']"}
RESULT: undefined
COMMAND: POST /session/d398fbe39e185af2426c23d9318fa1bb/element - {"using":"xpath","value":"//*[@id=\"__tile106\"]"}
RESULT: {"using":"xpath","value":"//*[@id=\"__tile106\"]"}
COMMAND: POST /session/d398fbe39e185af2426c23d9318fa1bb/element/f.AFE0DA022E1204D9517456F68CA09E7B.d.8A4FD8798E738D2FD0F0991C82672552.e.104/click - {}
RESULT: undefined
COMMAND: POST /session/d398fbe39e185af2426c23d9318fa1bb/element - {"using":"xpath","value":"//*[@id=\"__tile106\"]"}
RESULT: {"using":"xpath","value":"//*[@id=\"__tile106\"]"}
COMMAND: POST /session/d398fbe39e185af2426c23d9318fa1bb/element/f.AFE0DA022E1204D9517456F68CA09E7B.d.8A4FD8798E738D2FD0F0991C82672552.e.104/click - {}
RESULT: undefined
COMMAND: POST /session/d398fbe39e185af2426c23d9318fa1bb/execute/async - {"script":"<script> [6424 bytes]","args":[{"element-6066-11e4-a52e-4f735466cecf":"f.AFE0DA022E1204D9517456F68CA09E7B.d.8A4FD8798E738D2FD0F0991C82672552.e.221"},"getTitle",[]]}
COMMAND: POST /session/d398fbe39e185af2426c23d9318fa1bb/execute/async - {"script":"<script> [1562 bytes]","args":[{"selector":{"id":"shellAppTitle"},"wdio_ui5_key":"shellAppTitle"}]}
RESULT: {"script":"<script> [1562 bytes]","args":[{"selector":{"id":"shellAppTitle"},"wdio_ui5_key":"shellAppTitle"}]}
COMMAND: POST /session/d398fbe39e185af2426c23d9318fa1bb/execute/async - {"script":"<script> [6424 bytes]","args":[{"element-6066-11e4-a52e-4f735466cecf":"f.AFE0DA022E1204D9517456F68CA09E7B.d.8A4FD8798E738D2FD0F0991C82672552.e.3618"},"getTitle",[]]}
RESULT: {"script":"<script> [6424 bytes]","args":[{"element-6066-11e4-a52e-4f735466cecf":"f.AFE0DA022E1204D9517456F68CA09E7B.d.8A4FD8798E738D2FD0F0991C82672552.e.3618"},"getTitle",[]]}
RESULT: undefined
COMMAND: POST /session/d398fbe39e185af2426c23d9318fa1bb/element/f.AFE0DA022E1204D9517456F68CA09E7B.d.8A4FD8798E738D2FD0F0991C82672552.e.3494/click - {}
RESULT: {}
COMMAND: GET /session/d398fbe39e185af2426c23d9318fa1bb/screenshot - {}
RESULT: {}
]]></system-out>
    </testcase>
    <testcase classname="chrome.136_0_7103_49.windows.Sanity_Tests_US104253" name="Should open ISC Orders page" time="41.335">
      <system-out><![CDATA[
COMMAND: POST /session/d398fbe39e185af2426c23d9318fa1bb/execute/async - {"script":"<script> [1562 bytes]","args":[{"selector":{"controlType":"sap.m.GenericTile","properties":{"header":"ISC Orders"}},"wdio_ui5_key":"sapm.GenericTile{\"header\":\"ISC Orders\"}"}]}
RESULT: {"script":"<script> [1562 bytes]","args":[{"selector":{"controlType":"sap.m.GenericTile","properties":{"header":"ISC Orders"}},"wdio_ui5_key":"sapm.GenericTile{\"header\":\"ISC Orders\"}"}]}
RESULT: undefined
COMMAND: POST /session/d398fbe39e185af2426c23d9318fa1bb/element - {"using":"xpath","value":"//*[@id=\"__tile108\"]"}
RESULT: {"using":"xpath","value":"//*[@id=\"__tile108\"]"}
COMMAND: POST /session/d398fbe39e185af2426c23d9318fa1bb/element/f.AFE0DA022E1204D9517456F68CA09E7B.d.8A4FD8798E738D2FD0F0991C82672552.e.3620/click - {}
RESULT: {}
COMMAND: GET /session/d398fbe39e185af2426c23d9318fa1bb/screenshot - {}
RESULT: {}
COMMAND: POST /session/d398fbe39e185af2426c23d9318fa1bb/elements - {"using":"xpath","value":"//span[text()='Error']"}
RESULT: {"using":"xpath","value":"//span[text()='Error']"}
RESULT: undefined
COMMAND: POST /session/d398fbe39e185af2426c23d9318fa1bb/element - {"using":"xpath","value":"//*[@id=\"__tile108\"]"}
RESULT: {"using":"xpath","value":"//*[@id=\"__tile108\"]"}
COMMAND: POST /session/d398fbe39e185af2426c23d9318fa1bb/element/f.AFE0DA022E1204D9517456F68CA09E7B.d.8A4FD8798E738D2FD0F0991C82672552.e.3620/click - {}
RESULT: undefined
COMMAND: POST /session/d398fbe39e185af2426c23d9318fa1bb/element - {"using":"xpath","value":"//*[@id=\"__tile108\"]"}
RESULT: {"using":"xpath","value":"//*[@id=\"__tile108\"]"}
COMMAND: POST /session/d398fbe39e185af2426c23d9318fa1bb/element/f.AFE0DA022E1204D9517456F68CA09E7B.d.8A4FD8798E738D2FD0F0991C82672552.e.3620/click - {}
RESULT: undefined
COMMAND: POST /session/d398fbe39e185af2426c23d9318fa1bb/execute/async - {"script":"<script> [6424 bytes]","args":[{"element-6066-11e4-a52e-4f735466cecf":"f.AFE0DA022E1204D9517456F68CA09E7B.d.8A4FD8798E738D2FD0F0991C82672552.e.221"},"getTitle",[]]}
COMMAND: POST /session/d398fbe39e185af2426c23d9318fa1bb/execute/async - {"script":"<script> [1562 bytes]","args":[{"selector":{"id":"shellAppTitle"},"wdio_ui5_key":"shellAppTitle"}]}
RESULT: {"script":"<script> [1562 bytes]","args":[{"selector":{"id":"shellAppTitle"},"wdio_ui5_key":"shellAppTitle"}]}
COMMAND: POST /session/d398fbe39e185af2426c23d9318fa1bb/execute/async - {"script":"<script> [6424 bytes]","args":[{"element-6066-11e4-a52e-4f735466cecf":"f.AFE0DA022E1204D9517456F68CA09E7B.d.8A4FD8798E738D2FD0F0991C82672552.e.3734"},"getTitle",[]]}
RESULT: {"script":"<script> [6424 bytes]","args":[{"element-6066-11e4-a52e-4f735466cecf":"f.AFE0DA022E1204D9517456F68CA09E7B.d.8A4FD8798E738D2FD0F0991C82672552.e.3734"},"getTitle",[]]}
RESULT: undefined
COMMAND: POST /session/d398fbe39e185af2426c23d9318fa1bb/element/f.AFE0DA022E1204D9517456F68CA09E7B.d.8A4FD8798E738D2FD0F0991C82672552.e.3494/click - {}
COMMAND: POST /session/d398fbe39e185af2426c23d9318fa1bb/element - {"using":"xpath","value":"//*[@id=\"backBtn\"]"}
RESULT: {"using":"xpath","value":"//*[@id=\"backBtn\"]"}
COMMAND: POST /session/d398fbe39e185af2426c23d9318fa1bb/element/f.AFE0DA022E1204D9517456F68CA09E7B.d.8A4FD8798E738D2FD0F0991C82672552.e.3494/click - {}
COMMAND: POST /session/d398fbe39e185af2426c23d9318fa1bb/element - {"using":"xpath","value":"//*[@id=\"backBtn\"]"}
RESULT: {"using":"xpath","value":"//*[@id=\"backBtn\"]"}
COMMAND: POST /session/d398fbe39e185af2426c23d9318fa1bb/element/f.AFE0DA022E1204D9517456F68CA09E7B.d.8A4FD8798E738D2FD0F0991C82672552.e.3735/click - {}
RESULT: {}
COMMAND: GET /session/d398fbe39e185af2426c23d9318fa1bb/screenshot - {}
RESULT: {}
]]></system-out>
    </testcase>
    <testcase classname="chrome.136_0_7103_49.windows.Sanity_Tests_US104253" name="Should open ISC Tasks page" time="35.772">
      <system-out><![CDATA[
COMMAND: POST /session/d398fbe39e185af2426c23d9318fa1bb/execute/async - {"script":"<script> [1562 bytes]","args":[{"selector":{"controlType":"sap.m.GenericTile","properties":{"header":"ISC Tasks"}},"wdio_ui5_key":"sapm.GenericTile{\"header\":\"ISC Tasks\"}"}]}
RESULT: {"script":"<script> [1562 bytes]","args":[{"selector":{"controlType":"sap.m.GenericTile","properties":{"header":"ISC Tasks"}},"wdio_ui5_key":"sapm.GenericTile{\"header\":\"ISC Tasks\"}"}]}
RESULT: undefined
COMMAND: POST /session/d398fbe39e185af2426c23d9318fa1bb/element - {"using":"xpath","value":"//*[@id=\"__tile110\"]"}
RESULT: {"using":"xpath","value":"//*[@id=\"__tile110\"]"}
COMMAND: POST /session/d398fbe39e185af2426c23d9318fa1bb/element/f.AFE0DA022E1204D9517456F68CA09E7B.d.8A4FD8798E738D2FD0F0991C82672552.e.3737/click - {}
RESULT: {}
COMMAND: GET /session/d398fbe39e185af2426c23d9318fa1bb/screenshot - {}
RESULT: {}
COMMAND: POST /session/d398fbe39e185af2426c23d9318fa1bb/elements - {"using":"xpath","value":"//span[text()='Error']"}
RESULT: {"using":"xpath","value":"//span[text()='Error']"}
RESULT: undefined
COMMAND: POST /session/d398fbe39e185af2426c23d9318fa1bb/element - {"using":"xpath","value":"//*[@id=\"__tile110\"]"}
RESULT: {"using":"xpath","value":"//*[@id=\"__tile110\"]"}
COMMAND: POST /session/d398fbe39e185af2426c23d9318fa1bb/element/f.AFE0DA022E1204D9517456F68CA09E7B.d.8A4FD8798E738D2FD0F0991C82672552.e.3737/click - {}
RESULT: undefined
COMMAND: POST /session/d398fbe39e185af2426c23d9318fa1bb/element - {"using":"xpath","value":"//*[@id=\"__tile110\"]"}
RESULT: {"using":"xpath","value":"//*[@id=\"__tile110\"]"}
COMMAND: POST /session/d398fbe39e185af2426c23d9318fa1bb/element/f.AFE0DA022E1204D9517456F68CA09E7B.d.8A4FD8798E738D2FD0F0991C82672552.e.3737/click - {}
RESULT: undefined
COMMAND: POST /session/d398fbe39e185af2426c23d9318fa1bb/execute/async - {"script":"<script> [6424 bytes]","args":[{"element-6066-11e4-a52e-4f735466cecf":"f.AFE0DA022E1204D9517456F68CA09E7B.d.8A4FD8798E738D2FD0F0991C82672552.e.221"},"getTitle",[]]}
COMMAND: POST /session/d398fbe39e185af2426c23d9318fa1bb/execute/async - {"script":"<script> [1562 bytes]","args":[{"selector":{"id":"shellAppTitle"},"wdio_ui5_key":"shellAppTitle"}]}
RESULT: {"script":"<script> [1562 bytes]","args":[{"selector":{"id":"shellAppTitle"},"wdio_ui5_key":"shellAppTitle"}]}
COMMAND: POST /session/d398fbe39e185af2426c23d9318fa1bb/execute/async - {"script":"<script> [6424 bytes]","args":[{"element-6066-11e4-a52e-4f735466cecf":"f.AFE0DA022E1204D9517456F68CA09E7B.d.8A4FD8798E738D2FD0F0991C82672552.e.3816"},"getTitle",[]]}
RESULT: {"script":"<script> [6424 bytes]","args":[{"element-6066-11e4-a52e-4f735466cecf":"f.AFE0DA022E1204D9517456F68CA09E7B.d.8A4FD8798E738D2FD0F0991C82672552.e.3816"},"getTitle",[]]}
RESULT: undefined
COMMAND: POST /session/d398fbe39e185af2426c23d9318fa1bb/element/f.AFE0DA022E1204D9517456F68CA09E7B.d.8A4FD8798E738D2FD0F0991C82672552.e.3735/click - {}
RESULT: {}
COMMAND: GET /session/d398fbe39e185af2426c23d9318fa1bb/screenshot - {}
RESULT: {}
]]></system-out>
    </testcase>
    <testcase classname="chrome.136_0_7103_49.windows.Sanity_Tests_US104253" name="Should open Manage Resource Logbook page" time="35.821">
      <system-out><![CDATA[
COMMAND: POST /session/d398fbe39e185af2426c23d9318fa1bb/execute/async - {"script":"<script> [1562 bytes]","args":[{"selector":{"controlType":"sap.m.GenericTile","properties":{"header":"Manage Resource Logbook"}},"wdio_ui5_key":"sapm.GenericTile{\"header\":\"Manage Resource Logbook\"}"}]}
RESULT: {"script":"<script> [1562 bytes]","args":[{"selector":{"controlType":"sap.m.GenericTile","properties":{"header":"Manage Resource Logbook"}},"wdio_ui5_key":"sapm.GenericTile{\"header\":\"Manage Resource Logbook\"}"}]}
RESULT: undefined
COMMAND: POST /session/d398fbe39e185af2426c23d9318fa1bb/element - {"using":"xpath","value":"//*[@id=\"__tile113\"]"}
RESULT: {"using":"xpath","value":"//*[@id=\"__tile113\"]"}
COMMAND: POST /session/d398fbe39e185af2426c23d9318fa1bb/element/f.AFE0DA022E1204D9517456F68CA09E7B.d.8A4FD8798E738D2FD0F0991C82672552.e.3818/click - {}
RESULT: {}
COMMAND: GET /session/d398fbe39e185af2426c23d9318fa1bb/screenshot - {}
RESULT: {}
COMMAND: POST /session/d398fbe39e185af2426c23d9318fa1bb/elements - {"using":"xpath","value":"//span[text()='Error']"}
RESULT: {"using":"xpath","value":"//span[text()='Error']"}
RESULT: undefined
COMMAND: POST /session/d398fbe39e185af2426c23d9318fa1bb/element - {"using":"xpath","value":"//*[@id=\"__tile113\"]"}
RESULT: {"using":"xpath","value":"//*[@id=\"__tile113\"]"}
COMMAND: POST /session/d398fbe39e185af2426c23d9318fa1bb/element/f.AFE0DA022E1204D9517456F68CA09E7B.d.8A4FD8798E738D2FD0F0991C82672552.e.3818/click - {}
RESULT: undefined
COMMAND: POST /session/d398fbe39e185af2426c23d9318fa1bb/element - {"using":"xpath","value":"//*[@id=\"__tile113\"]"}
RESULT: {"using":"xpath","value":"//*[@id=\"__tile113\"]"}
COMMAND: POST /session/d398fbe39e185af2426c23d9318fa1bb/element/f.AFE0DA022E1204D9517456F68CA09E7B.d.8A4FD8798E738D2FD0F0991C82672552.e.3818/click - {}
RESULT: undefined
COMMAND: POST /session/d398fbe39e185af2426c23d9318fa1bb/execute/async - {"script":"<script> [6424 bytes]","args":[{"element-6066-11e4-a52e-4f735466cecf":"f.AFE0DA022E1204D9517456F68CA09E7B.d.8A4FD8798E738D2FD0F0991C82672552.e.221"},"getTitle",[]]}
COMMAND: POST /session/d398fbe39e185af2426c23d9318fa1bb/execute/async - {"script":"<script> [1562 bytes]","args":[{"selector":{"id":"shellAppTitle"},"wdio_ui5_key":"shellAppTitle"}]}
RESULT: {"script":"<script> [1562 bytes]","args":[{"selector":{"id":"shellAppTitle"},"wdio_ui5_key":"shellAppTitle"}]}
COMMAND: POST /session/d398fbe39e185af2426c23d9318fa1bb/execute/async - {"script":"<script> [6424 bytes]","args":[{"element-6066-11e4-a52e-4f735466cecf":"f.AFE0DA022E1204D9517456F68CA09E7B.d.8A4FD8798E738D2FD0F0991C82672552.e.3920"},"getTitle",[]]}
RESULT: {"script":"<script> [6424 bytes]","args":[{"element-6066-11e4-a52e-4f735466cecf":"f.AFE0DA022E1204D9517456F68CA09E7B.d.8A4FD8798E738D2FD0F0991C82672552.e.3920"},"getTitle",[]]}
RESULT: undefined
COMMAND: POST /session/d398fbe39e185af2426c23d9318fa1bb/element/f.AFE0DA022E1204D9517456F68CA09E7B.d.8A4FD8798E738D2FD0F0991C82672552.e.3735/click - {}
COMMAND: POST /session/d398fbe39e185af2426c23d9318fa1bb/element - {"using":"xpath","value":"//*[@id=\"backBtn\"]"}
RESULT: {"using":"xpath","value":"//*[@id=\"backBtn\"]"}
COMMAND: POST /session/d398fbe39e185af2426c23d9318fa1bb/element/f.AFE0DA022E1204D9517456F68CA09E7B.d.8A4FD8798E738D2FD0F0991C82672552.e.3735/click - {}
COMMAND: POST /session/d398fbe39e185af2426c23d9318fa1bb/element - {"using":"xpath","value":"//*[@id=\"backBtn\"]"}
RESULT: {"using":"xpath","value":"//*[@id=\"backBtn\"]"}
COMMAND: POST /session/d398fbe39e185af2426c23d9318fa1bb/element/f.AFE0DA022E1204D9517456F68CA09E7B.d.8A4FD8798E738D2FD0F0991C82672552.e.3921/click - {}
RESULT: {}
COMMAND: GET /session/d398fbe39e185af2426c23d9318fa1bb/screenshot - {}
RESULT: {}
]]></system-out>
    </testcase>
    <testcase classname="chrome.136_0_7103_49.windows.Sanity_Tests_US104253" name="Should open Manage Logbook page" time="35.823">
      <system-out><![CDATA[
COMMAND: POST /session/d398fbe39e185af2426c23d9318fa1bb/execute/async - {"script":"<script> [1562 bytes]","args":[{"selector":{"controlType":"sap.m.GenericTile","properties":{"header":"Manage Logbook"}},"wdio_ui5_key":"sapm.GenericTile{\"header\":\"Manage Logbook\"}"}]}
RESULT: {"script":"<script> [1562 bytes]","args":[{"selector":{"controlType":"sap.m.GenericTile","properties":{"header":"Manage Logbook"}},"wdio_ui5_key":"sapm.GenericTile{\"header\":\"Manage Logbook\"}"}]}
RESULT: undefined
COMMAND: POST /session/d398fbe39e185af2426c23d9318fa1bb/element - {"using":"xpath","value":"//*[@id=\"__tile112\"]"}
RESULT: {"using":"xpath","value":"//*[@id=\"__tile112\"]"}
COMMAND: POST /session/d398fbe39e185af2426c23d9318fa1bb/element/f.AFE0DA022E1204D9517456F68CA09E7B.d.8A4FD8798E738D2FD0F0991C82672552.e.3923/click - {}
RESULT: {}
COMMAND: GET /session/d398fbe39e185af2426c23d9318fa1bb/screenshot - {}
RESULT: {}
COMMAND: POST /session/d398fbe39e185af2426c23d9318fa1bb/elements - {"using":"xpath","value":"//span[text()='Error']"}
RESULT: {"using":"xpath","value":"//span[text()='Error']"}
RESULT: undefined
COMMAND: POST /session/d398fbe39e185af2426c23d9318fa1bb/element - {"using":"xpath","value":"//*[@id=\"__tile112\"]"}
RESULT: {"using":"xpath","value":"//*[@id=\"__tile112\"]"}
COMMAND: POST /session/d398fbe39e185af2426c23d9318fa1bb/element/f.AFE0DA022E1204D9517456F68CA09E7B.d.8A4FD8798E738D2FD0F0991C82672552.e.3923/click - {}
RESULT: undefined
COMMAND: POST /session/d398fbe39e185af2426c23d9318fa1bb/element - {"using":"xpath","value":"//*[@id=\"__tile112\"]"}
RESULT: {"using":"xpath","value":"//*[@id=\"__tile112\"]"}
COMMAND: POST /session/d398fbe39e185af2426c23d9318fa1bb/element/f.AFE0DA022E1204D9517456F68CA09E7B.d.8A4FD8798E738D2FD0F0991C82672552.e.3923/click - {}
RESULT: undefined
COMMAND: POST /session/d398fbe39e185af2426c23d9318fa1bb/execute/async - {"script":"<script> [6424 bytes]","args":[{"element-6066-11e4-a52e-4f735466cecf":"f.AFE0DA022E1204D9517456F68CA09E7B.d.8A4FD8798E738D2FD0F0991C82672552.e.221"},"getTitle",[]]}
COMMAND: POST /session/d398fbe39e185af2426c23d9318fa1bb/execute/async - {"script":"<script> [1562 bytes]","args":[{"selector":{"id":"shellAppTitle"},"wdio_ui5_key":"shellAppTitle"}]}
RESULT: {"script":"<script> [1562 bytes]","args":[{"selector":{"id":"shellAppTitle"},"wdio_ui5_key":"shellAppTitle"}]}
COMMAND: POST /session/d398fbe39e185af2426c23d9318fa1bb/execute/async - {"script":"<script> [6424 bytes]","args":[{"element-6066-11e4-a52e-4f735466cecf":"f.AFE0DA022E1204D9517456F68CA09E7B.d.8A4FD8798E738D2FD0F0991C82672552.e.4151"},"getTitle",[]]}
RESULT: {"script":"<script> [6424 bytes]","args":[{"element-6066-11e4-a52e-4f735466cecf":"f.AFE0DA022E1204D9517456F68CA09E7B.d.8A4FD8798E738D2FD0F0991C82672552.e.4151"},"getTitle",[]]}
RESULT: undefined
COMMAND: POST /session/d398fbe39e185af2426c23d9318fa1bb/element/f.AFE0DA022E1204D9517456F68CA09E7B.d.8A4FD8798E738D2FD0F0991C82672552.e.3921/click - {}
RESULT: {}
COMMAND: GET /session/d398fbe39e185af2426c23d9318fa1bb/screenshot - {}
RESULT: {}
]]></system-out>
    </testcase>
    <testcase classname="chrome.136_0_7103_49.windows.Sanity_Tests_US104253" name="Should open ISC Orders Calendar page" time="36.431">
      <system-out><![CDATA[
COMMAND: POST /session/d398fbe39e185af2426c23d9318fa1bb/execute/async - {"script":"<script> [1562 bytes]","args":[{"selector":{"controlType":"sap.m.GenericTile","properties":{"header":"ISC Orders Calendar"}},"wdio_ui5_key":"sapm.GenericTile{\"header\":\"ISC Orders Calendar\"}"}]}
RESULT: {"script":"<script> [1562 bytes]","args":[{"selector":{"controlType":"sap.m.GenericTile","properties":{"header":"ISC Orders Calendar"}},"wdio_ui5_key":"sapm.GenericTile{\"header\":\"ISC Orders Calendar\"}"}]}
RESULT: undefined
COMMAND: POST /session/d398fbe39e185af2426c23d9318fa1bb/element - {"using":"xpath","value":"//*[@id=\"__tile107\"]"}
RESULT: {"using":"xpath","value":"//*[@id=\"__tile107\"]"}
COMMAND: POST /session/d398fbe39e185af2426c23d9318fa1bb/element/f.AFE0DA022E1204D9517456F68CA09E7B.d.8A4FD8798E738D2FD0F0991C82672552.e.4153/click - {}
RESULT: {}
COMMAND: GET /session/d398fbe39e185af2426c23d9318fa1bb/screenshot - {}
RESULT: {}
COMMAND: POST /session/d398fbe39e185af2426c23d9318fa1bb/elements - {"using":"xpath","value":"//span[text()='Error']"}
RESULT: {"using":"xpath","value":"//span[text()='Error']"}
RESULT: undefined
COMMAND: POST /session/d398fbe39e185af2426c23d9318fa1bb/element - {"using":"xpath","value":"//*[@id=\"__tile107\"]"}
RESULT: {"using":"xpath","value":"//*[@id=\"__tile107\"]"}
COMMAND: POST /session/d398fbe39e185af2426c23d9318fa1bb/element/f.AFE0DA022E1204D9517456F68CA09E7B.d.8A4FD8798E738D2FD0F0991C82672552.e.4153/click - {}
RESULT: undefined
COMMAND: POST /session/d398fbe39e185af2426c23d9318fa1bb/element - {"using":"xpath","value":"//*[@id=\"__tile107\"]"}
RESULT: {"using":"xpath","value":"//*[@id=\"__tile107\"]"}
COMMAND: POST /session/d398fbe39e185af2426c23d9318fa1bb/element/f.AFE0DA022E1204D9517456F68CA09E7B.d.8A4FD8798E738D2FD0F0991C82672552.e.4153/click - {}
RESULT: undefined
COMMAND: POST /session/d398fbe39e185af2426c23d9318fa1bb/execute/async - {"script":"<script> [6424 bytes]","args":[{"element-6066-11e4-a52e-4f735466cecf":"f.AFE0DA022E1204D9517456F68CA09E7B.d.8A4FD8798E738D2FD0F0991C82672552.e.221"},"getTitle",[]]}
COMMAND: POST /session/d398fbe39e185af2426c23d9318fa1bb/execute/async - {"script":"<script> [1562 bytes]","args":[{"selector":{"id":"shellAppTitle"},"wdio_ui5_key":"shellAppTitle"}]}
RESULT: {"script":"<script> [1562 bytes]","args":[{"selector":{"id":"shellAppTitle"},"wdio_ui5_key":"shellAppTitle"}]}
COMMAND: POST /session/d398fbe39e185af2426c23d9318fa1bb/execute/async - {"script":"<script> [6424 bytes]","args":[{"element-6066-11e4-a52e-4f735466cecf":"f.AFE0DA022E1204D9517456F68CA09E7B.d.8A4FD8798E738D2FD0F0991C82672552.e.4352"},"getTitle",[]]}
RESULT: {"script":"<script> [6424 bytes]","args":[{"element-6066-11e4-a52e-4f735466cecf":"f.AFE0DA022E1204D9517456F68CA09E7B.d.8A4FD8798E738D2FD0F0991C82672552.e.4352"},"getTitle",[]]}
RESULT: undefined
COMMAND: POST /session/d398fbe39e185af2426c23d9318fa1bb/element/f.AFE0DA022E1204D9517456F68CA09E7B.d.8A4FD8798E738D2FD0F0991C82672552.e.3921/click - {}
COMMAND: POST /session/d398fbe39e185af2426c23d9318fa1bb/element - {"using":"xpath","value":"//*[@id=\"backBtn\"]"}
RESULT: {"using":"xpath","value":"//*[@id=\"backBtn\"]"}
COMMAND: POST /session/d398fbe39e185af2426c23d9318fa1bb/element/f.AFE0DA022E1204D9517456F68CA09E7B.d.8A4FD8798E738D2FD0F0991C82672552.e.3921/click - {}
COMMAND: POST /session/d398fbe39e185af2426c23d9318fa1bb/element - {"using":"xpath","value":"//*[@id=\"backBtn\"]"}
RESULT: {"using":"xpath","value":"//*[@id=\"backBtn\"]"}
COMMAND: POST /session/d398fbe39e185af2426c23d9318fa1bb/element/f.AFE0DA022E1204D9517456F68CA09E7B.d.8A4FD8798E738D2FD0F0991C82672552.e.4353/click - {}
RESULT: {}
COMMAND: GET /session/d398fbe39e185af2426c23d9318fa1bb/screenshot - {}
RESULT: {}
]]></system-out>
    </testcase>
    <testcase classname="chrome.136_0_7103_49.windows.Sanity_Tests_US104253" name="Should open Configure System page" time="36.016">
      <system-out><![CDATA[
COMMAND: POST /session/d398fbe39e185af2426c23d9318fa1bb/execute/async - {"script":"<script> [1562 bytes]","args":[{"selector":{"controlType":"sap.m.GenericTile","properties":{"header":"Configure System"}},"wdio_ui5_key":"sapm.GenericTile{\"header\":\"Configure System\"}"}]}
RESULT: {"script":"<script> [1562 bytes]","args":[{"selector":{"controlType":"sap.m.GenericTile","properties":{"header":"Configure System"}},"wdio_ui5_key":"sapm.GenericTile{\"header\":\"Configure System\"}"}]}
RESULT: undefined
COMMAND: POST /session/d398fbe39e185af2426c23d9318fa1bb/element - {"using":"xpath","value":"//*[@id=\"__tile114\"]"}
RESULT: {"using":"xpath","value":"//*[@id=\"__tile114\"]"}
COMMAND: POST /session/d398fbe39e185af2426c23d9318fa1bb/element/f.AFE0DA022E1204D9517456F68CA09E7B.d.8A4FD8798E738D2FD0F0991C82672552.e.4355/click - {}
RESULT: {}
COMMAND: GET /session/d398fbe39e185af2426c23d9318fa1bb/screenshot - {}
RESULT: {}
COMMAND: POST /session/d398fbe39e185af2426c23d9318fa1bb/elements - {"using":"xpath","value":"//span[text()='Error']"}
RESULT: {"using":"xpath","value":"//span[text()='Error']"}
RESULT: undefined
COMMAND: POST /session/d398fbe39e185af2426c23d9318fa1bb/element - {"using":"xpath","value":"//*[@id=\"__tile114\"]"}
RESULT: {"using":"xpath","value":"//*[@id=\"__tile114\"]"}
COMMAND: POST /session/d398fbe39e185af2426c23d9318fa1bb/element/f.AFE0DA022E1204D9517456F68CA09E7B.d.8A4FD8798E738D2FD0F0991C82672552.e.4355/click - {}
RESULT: undefined
COMMAND: POST /session/d398fbe39e185af2426c23d9318fa1bb/element - {"using":"xpath","value":"//*[@id=\"__tile114\"]"}
RESULT: {"using":"xpath","value":"//*[@id=\"__tile114\"]"}
COMMAND: POST /session/d398fbe39e185af2426c23d9318fa1bb/element/f.AFE0DA022E1204D9517456F68CA09E7B.d.8A4FD8798E738D2FD0F0991C82672552.e.4355/click - {}
RESULT: undefined
COMMAND: POST /session/d398fbe39e185af2426c23d9318fa1bb/execute/async - {"script":"<script> [6424 bytes]","args":[{"element-6066-11e4-a52e-4f735466cecf":"f.AFE0DA022E1204D9517456F68CA09E7B.d.8A4FD8798E738D2FD0F0991C82672552.e.221"},"getTitle",[]]}
COMMAND: POST /session/d398fbe39e185af2426c23d9318fa1bb/execute/async - {"script":"<script> [1562 bytes]","args":[{"selector":{"id":"shellAppTitle"},"wdio_ui5_key":"shellAppTitle"}]}
RESULT: {"script":"<script> [1562 bytes]","args":[{"selector":{"id":"shellAppTitle"},"wdio_ui5_key":"shellAppTitle"}]}
COMMAND: POST /session/d398fbe39e185af2426c23d9318fa1bb/execute/async - {"script":"<script> [6424 bytes]","args":[{"element-6066-11e4-a52e-4f735466cecf":"f.AFE0DA022E1204D9517456F68CA09E7B.d.8A4FD8798E738D2FD0F0991C82672552.e.4393"},"getTitle",[]]}
RESULT: {"script":"<script> [6424 bytes]","args":[{"element-6066-11e4-a52e-4f735466cecf":"f.AFE0DA022E1204D9517456F68CA09E7B.d.8A4FD8798E738D2FD0F0991C82672552.e.4393"},"getTitle",[]]}
RESULT: undefined
COMMAND: POST /session/d398fbe39e185af2426c23d9318fa1bb/element/f.AFE0DA022E1204D9517456F68CA09E7B.d.8A4FD8798E738D2FD0F0991C82672552.e.4353/click - {}
RESULT: {}
COMMAND: GET /session/d398fbe39e185af2426c23d9318fa1bb/screenshot - {}
RESULT: {}
]]></system-out>
    </testcase>
    <testcase classname="chrome.136_0_7103_49.windows.Sanity_Tests_US104253" name="Should open Manage Classifications page" time="36.463">
      <system-out><![CDATA[
COMMAND: POST /session/d398fbe39e185af2426c23d9318fa1bb/execute/async - {"script":"<script> [1562 bytes]","args":[{"selector":{"controlType":"sap.m.GenericTile","properties":{"header":"Manage Classifications"}},"wdio_ui5_key":"sapm.GenericTile{\"header\":\"Manage Classifications\"}"}]}
RESULT: {"script":"<script> [1562 bytes]","args":[{"selector":{"controlType":"sap.m.GenericTile","properties":{"header":"Manage Classifications"}},"wdio_ui5_key":"sapm.GenericTile{\"header\":\"Manage Classifications\"}"}]}
RESULT: undefined
COMMAND: POST /session/d398fbe39e185af2426c23d9318fa1bb/element - {"using":"xpath","value":"//*[@id=\"__tile115\"]"}
RESULT: {"using":"xpath","value":"//*[@id=\"__tile115\"]"}
COMMAND: POST /session/d398fbe39e185af2426c23d9318fa1bb/element/f.AFE0DA022E1204D9517456F68CA09E7B.d.8A4FD8798E738D2FD0F0991C82672552.e.4397/click - {}
RESULT: {}
COMMAND: GET /session/d398fbe39e185af2426c23d9318fa1bb/screenshot - {}
RESULT: {}
COMMAND: POST /session/d398fbe39e185af2426c23d9318fa1bb/elements - {"using":"xpath","value":"//span[text()='Error']"}
RESULT: {"using":"xpath","value":"//span[text()='Error']"}
RESULT: undefined
COMMAND: POST /session/d398fbe39e185af2426c23d9318fa1bb/element - {"using":"xpath","value":"//*[@id=\"__tile115\"]"}
RESULT: {"using":"xpath","value":"//*[@id=\"__tile115\"]"}
COMMAND: POST /session/d398fbe39e185af2426c23d9318fa1bb/element/f.AFE0DA022E1204D9517456F68CA09E7B.d.8A4FD8798E738D2FD0F0991C82672552.e.4397/click - {}
RESULT: undefined
COMMAND: POST /session/d398fbe39e185af2426c23d9318fa1bb/element - {"using":"xpath","value":"//*[@id=\"__tile115\"]"}
RESULT: {"using":"xpath","value":"//*[@id=\"__tile115\"]"}
COMMAND: POST /session/d398fbe39e185af2426c23d9318fa1bb/element/f.AFE0DA022E1204D9517456F68CA09E7B.d.8A4FD8798E738D2FD0F0991C82672552.e.4397/click - {}
RESULT: undefined
COMMAND: POST /session/d398fbe39e185af2426c23d9318fa1bb/execute/async - {"script":"<script> [6424 bytes]","args":[{"element-6066-11e4-a52e-4f735466cecf":"f.AFE0DA022E1204D9517456F68CA09E7B.d.8A4FD8798E738D2FD0F0991C82672552.e.221"},"getTitle",[]]}
COMMAND: POST /session/d398fbe39e185af2426c23d9318fa1bb/execute/async - {"script":"<script> [1562 bytes]","args":[{"selector":{"id":"shellAppTitle"},"wdio_ui5_key":"shellAppTitle"}]}
RESULT: {"script":"<script> [1562 bytes]","args":[{"selector":{"id":"shellAppTitle"},"wdio_ui5_key":"shellAppTitle"}]}
COMMAND: POST /session/d398fbe39e185af2426c23d9318fa1bb/execute/async - {"script":"<script> [6424 bytes]","args":[{"element-6066-11e4-a52e-4f735466cecf":"f.AFE0DA022E1204D9517456F68CA09E7B.d.8A4FD8798E738D2FD0F0991C82672552.e.4480"},"getTitle",[]]}
RESULT: {"script":"<script> [6424 bytes]","args":[{"element-6066-11e4-a52e-4f735466cecf":"f.AFE0DA022E1204D9517456F68CA09E7B.d.8A4FD8798E738D2FD0F0991C82672552.e.4480"},"getTitle",[]]}
RESULT: undefined
COMMAND: POST /session/d398fbe39e185af2426c23d9318fa1bb/element/f.AFE0DA022E1204D9517456F68CA09E7B.d.8A4FD8798E738D2FD0F0991C82672552.e.4353/click - {}
COMMAND: POST /session/d398fbe39e185af2426c23d9318fa1bb/element - {"using":"xpath","value":"//*[@id=\"backBtn\"]"}
RESULT: {"using":"xpath","value":"//*[@id=\"backBtn\"]"}
COMMAND: POST /session/d398fbe39e185af2426c23d9318fa1bb/element/f.AFE0DA022E1204D9517456F68CA09E7B.d.8A4FD8798E738D2FD0F0991C82672552.e.4353/click - {}
COMMAND: POST /session/d398fbe39e185af2426c23d9318fa1bb/element - {"using":"xpath","value":"//*[@id=\"backBtn\"]"}
RESULT: {"using":"xpath","value":"//*[@id=\"backBtn\"]"}
COMMAND: POST /session/d398fbe39e185af2426c23d9318fa1bb/element/f.AFE0DA022E1204D9517456F68CA09E7B.d.8A4FD8798E738D2FD0F0991C82672552.e.4481/click - {}
RESULT: {}
COMMAND: GET /session/d398fbe39e185af2426c23d9318fa1bb/screenshot - {}
RESULT: {}
]]></system-out>
    </testcase>
    <testcase classname="chrome.136_0_7103_49.windows.Sanity_Tests_US104253" name="Should open Data Explorer page" time="35.928">
      <system-out><![CDATA[
COMMAND: POST /session/d398fbe39e185af2426c23d9318fa1bb/execute/async - {"script":"<script> [1562 bytes]","args":[{"selector":{"controlType":"sap.m.GenericTile","properties":{"header":"Data Explorer"}},"wdio_ui5_key":"sapm.GenericTile{\"header\":\"Data Explorer\"}"}]}
RESULT: {"script":"<script> [1562 bytes]","args":[{"selector":{"controlType":"sap.m.GenericTile","properties":{"header":"Data Explorer"}},"wdio_ui5_key":"sapm.GenericTile{\"header\":\"Data Explorer\"}"}]}
RESULT: undefined
COMMAND: POST /session/d398fbe39e185af2426c23d9318fa1bb/element - {"using":"xpath","value":"//*[@id=\"__tile117\"]"}
RESULT: {"using":"xpath","value":"//*[@id=\"__tile117\"]"}
COMMAND: POST /session/d398fbe39e185af2426c23d9318fa1bb/element/f.AFE0DA022E1204D9517456F68CA09E7B.d.8A4FD8798E738D2FD0F0991C82672552.e.4483/click - {}
RESULT: {}
COMMAND: GET /session/d398fbe39e185af2426c23d9318fa1bb/screenshot - {}
RESULT: {}
COMMAND: POST /session/d398fbe39e185af2426c23d9318fa1bb/elements - {"using":"xpath","value":"//span[text()='Error']"}
RESULT: {"using":"xpath","value":"//span[text()='Error']"}
RESULT: undefined
COMMAND: POST /session/d398fbe39e185af2426c23d9318fa1bb/element - {"using":"xpath","value":"//*[@id=\"__tile117\"]"}
RESULT: {"using":"xpath","value":"//*[@id=\"__tile117\"]"}
COMMAND: POST /session/d398fbe39e185af2426c23d9318fa1bb/element/f.AFE0DA022E1204D9517456F68CA09E7B.d.8A4FD8798E738D2FD0F0991C82672552.e.4483/click - {}
RESULT: undefined
COMMAND: POST /session/d398fbe39e185af2426c23d9318fa1bb/element - {"using":"xpath","value":"//*[@id=\"__tile117\"]"}
RESULT: {"using":"xpath","value":"//*[@id=\"__tile117\"]"}
COMMAND: POST /session/d398fbe39e185af2426c23d9318fa1bb/element/f.AFE0DA022E1204D9517456F68CA09E7B.d.8A4FD8798E738D2FD0F0991C82672552.e.4483/click - {}
RESULT: undefined
COMMAND: POST /session/d398fbe39e185af2426c23d9318fa1bb/execute/async - {"script":"<script> [6424 bytes]","args":[{"element-6066-11e4-a52e-4f735466cecf":"f.AFE0DA022E1204D9517456F68CA09E7B.d.8A4FD8798E738D2FD0F0991C82672552.e.221"},"getTitle",[]]}
COMMAND: POST /session/d398fbe39e185af2426c23d9318fa1bb/execute/async - {"script":"<script> [1562 bytes]","args":[{"selector":{"id":"shellAppTitle"},"wdio_ui5_key":"shellAppTitle"}]}
RESULT: {"script":"<script> [1562 bytes]","args":[{"selector":{"id":"shellAppTitle"},"wdio_ui5_key":"shellAppTitle"}]}
COMMAND: POST /session/d398fbe39e185af2426c23d9318fa1bb/execute/async - {"script":"<script> [6424 bytes]","args":[{"element-6066-11e4-a52e-4f735466cecf":"f.AFE0DA022E1204D9517456F68CA09E7B.d.8A4FD8798E738D2FD0F0991C82672552.e.4808"},"getTitle",[]]}
RESULT: {"script":"<script> [6424 bytes]","args":[{"element-6066-11e4-a52e-4f735466cecf":"f.AFE0DA022E1204D9517456F68CA09E7B.d.8A4FD8798E738D2FD0F0991C82672552.e.4808"},"getTitle",[]]}
RESULT: undefined
COMMAND: POST /session/d398fbe39e185af2426c23d9318fa1bb/element/f.AFE0DA022E1204D9517456F68CA09E7B.d.8A4FD8798E738D2FD0F0991C82672552.e.4481/click - {}
RESULT: {}
COMMAND: GET /session/d398fbe39e185af2426c23d9318fa1bb/screenshot - {}
RESULT: {}
]]></system-out>
    </testcase>
    <testcase classname="chrome.136_0_7103_49.windows.Sanity_Tests_US104253" name="Should open Performance Monitor page" time="35.904">
      <system-out><![CDATA[
COMMAND: POST /session/d398fbe39e185af2426c23d9318fa1bb/execute/async - {"script":"<script> [1562 bytes]","args":[{"selector":{"controlType":"sap.m.GenericTile","properties":{"header":"Performance Monitor"}},"wdio_ui5_key":"sapm.GenericTile{\"header\":\"Performance Monitor\"}"}]}
RESULT: {"script":"<script> [1562 bytes]","args":[{"selector":{"controlType":"sap.m.GenericTile","properties":{"header":"Performance Monitor"}},"wdio_ui5_key":"sapm.GenericTile{\"header\":\"Performance Monitor\"}"}]}
RESULT: undefined
COMMAND: POST /session/d398fbe39e185af2426c23d9318fa1bb/element - {"using":"xpath","value":"//*[@id=\"__tile116\"]"}
RESULT: {"using":"xpath","value":"//*[@id=\"__tile116\"]"}
COMMAND: POST /session/d398fbe39e185af2426c23d9318fa1bb/element/f.AFE0DA022E1204D9517456F68CA09E7B.d.8A4FD8798E738D2FD0F0991C82672552.e.4811/click - {}
RESULT: {}
COMMAND: GET /session/d398fbe39e185af2426c23d9318fa1bb/screenshot - {}
RESULT: {}
COMMAND: POST /session/d398fbe39e185af2426c23d9318fa1bb/elements - {"using":"xpath","value":"//span[text()='Error']"}
RESULT: {"using":"xpath","value":"//span[text()='Error']"}
RESULT: undefined
COMMAND: POST /session/d398fbe39e185af2426c23d9318fa1bb/element - {"using":"xpath","value":"//*[@id=\"__tile116\"]"}
RESULT: {"using":"xpath","value":"//*[@id=\"__tile116\"]"}
COMMAND: POST /session/d398fbe39e185af2426c23d9318fa1bb/element/f.AFE0DA022E1204D9517456F68CA09E7B.d.8A4FD8798E738D2FD0F0991C82672552.e.4811/click - {}
RESULT: undefined
COMMAND: POST /session/d398fbe39e185af2426c23d9318fa1bb/element - {"using":"xpath","value":"//*[@id=\"__tile116\"]"}
RESULT: {"using":"xpath","value":"//*[@id=\"__tile116\"]"}
COMMAND: POST /session/d398fbe39e185af2426c23d9318fa1bb/element/f.AFE0DA022E1204D9517456F68CA09E7B.d.8A4FD8798E738D2FD0F0991C82672552.e.4811/click - {}
RESULT: undefined
COMMAND: POST /session/d398fbe39e185af2426c23d9318fa1bb/execute/async - {"script":"<script> [6424 bytes]","args":[{"element-6066-11e4-a52e-4f735466cecf":"f.AFE0DA022E1204D9517456F68CA09E7B.d.8A4FD8798E738D2FD0F0991C82672552.e.221"},"getTitle",[]]}
COMMAND: POST /session/d398fbe39e185af2426c23d9318fa1bb/execute/async - {"script":"<script> [1562 bytes]","args":[{"selector":{"id":"shellAppTitle"},"wdio_ui5_key":"shellAppTitle"}]}
RESULT: {"script":"<script> [1562 bytes]","args":[{"selector":{"id":"shellAppTitle"},"wdio_ui5_key":"shellAppTitle"}]}
COMMAND: POST /session/d398fbe39e185af2426c23d9318fa1bb/execute/async - {"script":"<script> [6424 bytes]","args":[{"element-6066-11e4-a52e-4f735466cecf":"f.AFE0DA022E1204D9517456F68CA09E7B.d.8A4FD8798E738D2FD0F0991C82672552.e.4852"},"getTitle",[]]}
RESULT: {"script":"<script> [6424 bytes]","args":[{"element-6066-11e4-a52e-4f735466cecf":"f.AFE0DA022E1204D9517456F68CA09E7B.d.8A4FD8798E738D2FD0F0991C82672552.e.4852"},"getTitle",[]]}
RESULT: undefined
COMMAND: POST /session/d398fbe39e185af2426c23d9318fa1bb/element/f.AFE0DA022E1204D9517456F68CA09E7B.d.8A4FD8798E738D2FD0F0991C82672552.e.4481/click - {}
COMMAND: POST /session/d398fbe39e185af2426c23d9318fa1bb/element - {"using":"xpath","value":"//*[@id=\"backBtn\"]"}
RESULT: {"using":"xpath","value":"//*[@id=\"backBtn\"]"}
COMMAND: POST /session/d398fbe39e185af2426c23d9318fa1bb/element/f.AFE0DA022E1204D9517456F68CA09E7B.d.8A4FD8798E738D2FD0F0991C82672552.e.4481/click - {}
COMMAND: POST /session/d398fbe39e185af2426c23d9318fa1bb/element - {"using":"xpath","value":"//*[@id=\"backBtn\"]"}
RESULT: {"using":"xpath","value":"//*[@id=\"backBtn\"]"}
COMMAND: POST /session/d398fbe39e185af2426c23d9318fa1bb/element/f.AFE0DA022E1204D9517456F68CA09E7B.d.8A4FD8798E738D2FD0F0991C82672552.e.4853/click - {}
RESULT: {}
COMMAND: GET /session/d398fbe39e185af2426c23d9318fa1bb/screenshot - {}
RESULT: {}
]]></system-out>
    </testcase>
    <testcase classname="chrome.136_0_7103_49.windows.Sanity_Tests_US104253" name="Should open Organizational Model page" time="37.303">
      <system-out><![CDATA[
COMMAND: POST /session/d398fbe39e185af2426c23d9318fa1bb/execute/async - {"script":"<script> [1562 bytes]","args":[{"selector":{"controlType":"sap.m.GenericTile","properties":{"header":"Organizational Model"}},"wdio_ui5_key":"sapm.GenericTile{\"header\":\"Organizational Model\"}"}]}
RESULT: {"script":"<script> [1562 bytes]","args":[{"selector":{"controlType":"sap.m.GenericTile","properties":{"header":"Organizational Model"}},"wdio_ui5_key":"sapm.GenericTile{\"header\":\"Organizational Model\"}"}]}
RESULT: undefined
COMMAND: POST /session/d398fbe39e185af2426c23d9318fa1bb/element - {"using":"xpath","value":"//*[@id=\"__tile120\"]"}
RESULT: {"using":"xpath","value":"//*[@id=\"__tile120\"]"}
COMMAND: POST /session/d398fbe39e185af2426c23d9318fa1bb/element/f.AFE0DA022E1204D9517456F68CA09E7B.d.8A4FD8798E738D2FD0F0991C82672552.e.4856/click - {}
RESULT: {}
COMMAND: GET /session/d398fbe39e185af2426c23d9318fa1bb/screenshot - {}
RESULT: {}
COMMAND: POST /session/d398fbe39e185af2426c23d9318fa1bb/elements - {"using":"xpath","value":"//span[text()='Error']"}
RESULT: {"using":"xpath","value":"//span[text()='Error']"}
RESULT: undefined
COMMAND: POST /session/d398fbe39e185af2426c23d9318fa1bb/element - {"using":"xpath","value":"//*[@id=\"__tile120\"]"}
RESULT: {"using":"xpath","value":"//*[@id=\"__tile120\"]"}
COMMAND: POST /session/d398fbe39e185af2426c23d9318fa1bb/element/f.AFE0DA022E1204D9517456F68CA09E7B.d.8A4FD8798E738D2FD0F0991C82672552.e.4856/click - {}
RESULT: undefined
COMMAND: POST /session/d398fbe39e185af2426c23d9318fa1bb/element - {"using":"xpath","value":"//*[@id=\"__tile120\"]"}
RESULT: {"using":"xpath","value":"//*[@id=\"__tile120\"]"}
COMMAND: POST /session/d398fbe39e185af2426c23d9318fa1bb/element/f.AFE0DA022E1204D9517456F68CA09E7B.d.8A4FD8798E738D2FD0F0991C82672552.e.4856/click - {}
RESULT: undefined
COMMAND: POST /session/d398fbe39e185af2426c23d9318fa1bb/execute/async - {"script":"<script> [6424 bytes]","args":[{"element-6066-11e4-a52e-4f735466cecf":"f.AFE0DA022E1204D9517456F68CA09E7B.d.8A4FD8798E738D2FD0F0991C82672552.e.221"},"getTitle",[]]}
COMMAND: POST /session/d398fbe39e185af2426c23d9318fa1bb/execute/async - {"script":"<script> [1562 bytes]","args":[{"selector":{"id":"shellAppTitle"},"wdio_ui5_key":"shellAppTitle"}]}
RESULT: {"script":"<script> [1562 bytes]","args":[{"selector":{"id":"shellAppTitle"},"wdio_ui5_key":"shellAppTitle"}]}
COMMAND: POST /session/d398fbe39e185af2426c23d9318fa1bb/execute/async - {"script":"<script> [6424 bytes]","args":[{"element-6066-11e4-a52e-4f735466cecf":"f.AFE0DA022E1204D9517456F68CA09E7B.d.8A4FD8798E738D2FD0F0991C82672552.e.4874"},"getTitle",[]]}
RESULT: {"script":"<script> [6424 bytes]","args":[{"element-6066-11e4-a52e-4f735466cecf":"f.AFE0DA022E1204D9517456F68CA09E7B.d.8A4FD8798E738D2FD0F0991C82672552.e.4874"},"getTitle",[]]}
RESULT: undefined
COMMAND: POST /session/d398fbe39e185af2426c23d9318fa1bb/element/f.AFE0DA022E1204D9517456F68CA09E7B.d.8A4FD8798E738D2FD0F0991C82672552.e.4853/click - {}
RESULT: {}
COMMAND: GET /session/d398fbe39e185af2426c23d9318fa1bb/screenshot - {}
RESULT: {}
]]></system-out>
    </testcase>
    <testcase classname="chrome.136_0_7103_49.windows.Sanity_Tests_US104253" name="Should open Manage Roles page" time="36.846">
      <system-out><![CDATA[
COMMAND: POST /session/d398fbe39e185af2426c23d9318fa1bb/execute/async - {"script":"<script> [1562 bytes]","args":[{"selector":{"controlType":"sap.m.GenericTile","properties":{"header":"Manage Roles"}},"wdio_ui5_key":"sapm.GenericTile{\"header\":\"Manage Roles\"}"}]}
RESULT: {"script":"<script> [1562 bytes]","args":[{"selector":{"controlType":"sap.m.GenericTile","properties":{"header":"Manage Roles"}},"wdio_ui5_key":"sapm.GenericTile{\"header\":\"Manage Roles\"}"}]}
RESULT: undefined
COMMAND: POST /session/d398fbe39e185af2426c23d9318fa1bb/element - {"using":"xpath","value":"//*[@id=\"__tile119\"]"}
RESULT: {"using":"xpath","value":"//*[@id=\"__tile119\"]"}
COMMAND: POST /session/d398fbe39e185af2426c23d9318fa1bb/element/f.AFE0DA022E1204D9517456F68CA09E7B.d.8A4FD8798E738D2FD0F0991C82672552.e.4876/click - {}
RESULT: {}
COMMAND: GET /session/d398fbe39e185af2426c23d9318fa1bb/screenshot - {}
RESULT: {}
COMMAND: POST /session/d398fbe39e185af2426c23d9318fa1bb/elements - {"using":"xpath","value":"//span[text()='Error']"}
RESULT: {"using":"xpath","value":"//span[text()='Error']"}
RESULT: undefined
COMMAND: POST /session/d398fbe39e185af2426c23d9318fa1bb/element - {"using":"xpath","value":"//*[@id=\"__tile119\"]"}
RESULT: {"using":"xpath","value":"//*[@id=\"__tile119\"]"}
COMMAND: POST /session/d398fbe39e185af2426c23d9318fa1bb/element/f.AFE0DA022E1204D9517456F68CA09E7B.d.8A4FD8798E738D2FD0F0991C82672552.e.4876/click - {}
RESULT: undefined
COMMAND: POST /session/d398fbe39e185af2426c23d9318fa1bb/element - {"using":"xpath","value":"//*[@id=\"__tile119\"]"}
RESULT: {"using":"xpath","value":"//*[@id=\"__tile119\"]"}
COMMAND: POST /session/d398fbe39e185af2426c23d9318fa1bb/element/f.AFE0DA022E1204D9517456F68CA09E7B.d.8A4FD8798E738D2FD0F0991C82672552.e.4876/click - {}
RESULT: undefined
COMMAND: POST /session/d398fbe39e185af2426c23d9318fa1bb/execute/async - {"script":"<script> [6424 bytes]","args":[{"element-6066-11e4-a52e-4f735466cecf":"f.AFE0DA022E1204D9517456F68CA09E7B.d.8A4FD8798E738D2FD0F0991C82672552.e.221"},"getTitle",[]]}
COMMAND: POST /session/d398fbe39e185af2426c23d9318fa1bb/execute/async - {"script":"<script> [1562 bytes]","args":[{"selector":{"id":"shellAppTitle"},"wdio_ui5_key":"shellAppTitle"}]}
RESULT: {"script":"<script> [1562 bytes]","args":[{"selector":{"id":"shellAppTitle"},"wdio_ui5_key":"shellAppTitle"}]}
COMMAND: POST /session/d398fbe39e185af2426c23d9318fa1bb/execute/async - {"script":"<script> [6424 bytes]","args":[{"element-6066-11e4-a52e-4f735466cecf":"f.AFE0DA022E1204D9517456F68CA09E7B.d.8A4FD8798E738D2FD0F0991C82672552.e.4922"},"getTitle",[]]}
RESULT: {"script":"<script> [6424 bytes]","args":[{"element-6066-11e4-a52e-4f735466cecf":"f.AFE0DA022E1204D9517456F68CA09E7B.d.8A4FD8798E738D2FD0F0991C82672552.e.4922"},"getTitle",[]]}
RESULT: undefined
COMMAND: POST /session/d398fbe39e185af2426c23d9318fa1bb/element/f.AFE0DA022E1204D9517456F68CA09E7B.d.8A4FD8798E738D2FD0F0991C82672552.e.4853/click - {}
COMMAND: POST /session/d398fbe39e185af2426c23d9318fa1bb/element - {"using":"xpath","value":"//*[@id=\"backBtn\"]"}
RESULT: {"using":"xpath","value":"//*[@id=\"backBtn\"]"}
COMMAND: POST /session/d398fbe39e185af2426c23d9318fa1bb/element/f.AFE0DA022E1204D9517456F68CA09E7B.d.8A4FD8798E738D2FD0F0991C82672552.e.4853/click - {}
COMMAND: POST /session/d398fbe39e185af2426c23d9318fa1bb/element - {"using":"xpath","value":"//*[@id=\"backBtn\"]"}
RESULT: {"using":"xpath","value":"//*[@id=\"backBtn\"]"}
COMMAND: POST /session/d398fbe39e185af2426c23d9318fa1bb/element/f.AFE0DA022E1204D9517456F68CA09E7B.d.8A4FD8798E738D2FD0F0991C82672552.e.4923/click - {}
RESULT: {}
COMMAND: GET /session/d398fbe39e185af2426c23d9318fa1bb/screenshot - {}
RESULT: {}
]]></system-out>
    </testcase>
    <testcase classname="chrome.136_0_7103_49.windows.Sanity_Tests_US104253" name="Should open Authorization Tables page" time="35.92">
      <system-out><![CDATA[
COMMAND: POST /session/d398fbe39e185af2426c23d9318fa1bb/execute/async - {"script":"<script> [1562 bytes]","args":[{"selector":{"controlType":"sap.m.GenericTile","properties":{"header":"Authorization Tables"}},"wdio_ui5_key":"sapm.GenericTile{\"header\":\"Authorization Tables\"}"}]}
RESULT: {"script":"<script> [1562 bytes]","args":[{"selector":{"controlType":"sap.m.GenericTile","properties":{"header":"Authorization Tables"}},"wdio_ui5_key":"sapm.GenericTile{\"header\":\"Authorization Tables\"}"}]}
RESULT: undefined
COMMAND: POST /session/d398fbe39e185af2426c23d9318fa1bb/element - {"using":"xpath","value":"//*[@id=\"__tile118\"]"}
RESULT: {"using":"xpath","value":"//*[@id=\"__tile118\"]"}
COMMAND: POST /session/d398fbe39e185af2426c23d9318fa1bb/element/f.AFE0DA022E1204D9517456F68CA09E7B.d.8A4FD8798E738D2FD0F0991C82672552.e.4925/click - {}
RESULT: {}
COMMAND: GET /session/d398fbe39e185af2426c23d9318fa1bb/screenshot - {}
RESULT: {}
COMMAND: POST /session/d398fbe39e185af2426c23d9318fa1bb/elements - {"using":"xpath","value":"//span[text()='Error']"}
RESULT: {"using":"xpath","value":"//span[text()='Error']"}
RESULT: undefined
COMMAND: POST /session/d398fbe39e185af2426c23d9318fa1bb/element - {"using":"xpath","value":"//*[@id=\"__tile118\"]"}
RESULT: {"using":"xpath","value":"//*[@id=\"__tile118\"]"}
COMMAND: POST /session/d398fbe39e185af2426c23d9318fa1bb/element/f.AFE0DA022E1204D9517456F68CA09E7B.d.8A4FD8798E738D2FD0F0991C82672552.e.4925/click - {}
RESULT: undefined
COMMAND: POST /session/d398fbe39e185af2426c23d9318fa1bb/element - {"using":"xpath","value":"//*[@id=\"__tile118\"]"}
RESULT: {"using":"xpath","value":"//*[@id=\"__tile118\"]"}
COMMAND: POST /session/d398fbe39e185af2426c23d9318fa1bb/element/f.AFE0DA022E1204D9517456F68CA09E7B.d.8A4FD8798E738D2FD0F0991C82672552.e.4925/click - {}
RESULT: undefined
COMMAND: POST /session/d398fbe39e185af2426c23d9318fa1bb/execute/async - {"script":"<script> [6424 bytes]","args":[{"element-6066-11e4-a52e-4f735466cecf":"f.AFE0DA022E1204D9517456F68CA09E7B.d.8A4FD8798E738D2FD0F0991C82672552.e.221"},"getTitle",[]]}
COMMAND: POST /session/d398fbe39e185af2426c23d9318fa1bb/execute/async - {"script":"<script> [1562 bytes]","args":[{"selector":{"id":"shellAppTitle"},"wdio_ui5_key":"shellAppTitle"}]}
RESULT: {"script":"<script> [1562 bytes]","args":[{"selector":{"id":"shellAppTitle"},"wdio_ui5_key":"shellAppTitle"}]}
COMMAND: POST /session/d398fbe39e185af2426c23d9318fa1bb/execute/async - {"script":"<script> [6424 bytes]","args":[{"element-6066-11e4-a52e-4f735466cecf":"f.AFE0DA022E1204D9517456F68CA09E7B.d.8A4FD8798E738D2FD0F0991C82672552.e.5157"},"getTitle",[]]}
RESULT: {"script":"<script> [6424 bytes]","args":[{"element-6066-11e4-a52e-4f735466cecf":"f.AFE0DA022E1204D9517456F68CA09E7B.d.8A4FD8798E738D2FD0F0991C82672552.e.5157"},"getTitle",[]]}
RESULT: undefined
COMMAND: POST /session/d398fbe39e185af2426c23d9318fa1bb/element/f.AFE0DA022E1204D9517456F68CA09E7B.d.8A4FD8798E738D2FD0F0991C82672552.e.4923/click - {}
RESULT: {}
COMMAND: GET /session/d398fbe39e185af2426c23d9318fa1bb/screenshot - {}
RESULT: {}
]]></system-out>
    </testcase>
    <testcase classname="chrome.136_0_7103_49.windows.Sanity_Tests_US104253" name="Should open User Maintenance page" time="35.847">
      <system-out><![CDATA[
COMMAND: POST /session/d398fbe39e185af2426c23d9318fa1bb/execute/async - {"script":"<script> [1562 bytes]","args":[{"selector":{"controlType":"sap.m.GenericTile","properties":{"header":"User Maintenance"}},"wdio_ui5_key":"sapm.GenericTile{\"header\":\"User Maintenance\"}"}]}
RESULT: {"script":"<script> [1562 bytes]","args":[{"selector":{"controlType":"sap.m.GenericTile","properties":{"header":"User Maintenance"}},"wdio_ui5_key":"sapm.GenericTile{\"header\":\"User Maintenance\"}"}]}
RESULT: undefined
COMMAND: POST /session/d398fbe39e185af2426c23d9318fa1bb/element - {"using":"xpath","value":"//*[@id=\"__tile121\"]"}
RESULT: {"using":"xpath","value":"//*[@id=\"__tile121\"]"}
COMMAND: POST /session/d398fbe39e185af2426c23d9318fa1bb/element/f.AFE0DA022E1204D9517456F68CA09E7B.d.8A4FD8798E738D2FD0F0991C82672552.e.5159/click - {}
RESULT: {}
COMMAND: GET /session/d398fbe39e185af2426c23d9318fa1bb/screenshot - {}
RESULT: {}
COMMAND: POST /session/d398fbe39e185af2426c23d9318fa1bb/elements - {"using":"xpath","value":"//span[text()='Error']"}
RESULT: {"using":"xpath","value":"//span[text()='Error']"}
RESULT: undefined
COMMAND: POST /session/d398fbe39e185af2426c23d9318fa1bb/element - {"using":"xpath","value":"//*[@id=\"__tile121\"]"}
RESULT: {"using":"xpath","value":"//*[@id=\"__tile121\"]"}
COMMAND: POST /session/d398fbe39e185af2426c23d9318fa1bb/element/f.AFE0DA022E1204D9517456F68CA09E7B.d.8A4FD8798E738D2FD0F0991C82672552.e.5159/click - {}
RESULT: undefined
COMMAND: POST /session/d398fbe39e185af2426c23d9318fa1bb/element - {"using":"xpath","value":"//*[@id=\"__tile121\"]"}
RESULT: {"using":"xpath","value":"//*[@id=\"__tile121\"]"}
COMMAND: POST /session/d398fbe39e185af2426c23d9318fa1bb/element/f.AFE0DA022E1204D9517456F68CA09E7B.d.8A4FD8798E738D2FD0F0991C82672552.e.5159/click - {}
RESULT: undefined
COMMAND: POST /session/d398fbe39e185af2426c23d9318fa1bb/execute/async - {"script":"<script> [6424 bytes]","args":[{"element-6066-11e4-a52e-4f735466cecf":"f.AFE0DA022E1204D9517456F68CA09E7B.d.8A4FD8798E738D2FD0F0991C82672552.e.221"},"getTitle",[]]}
COMMAND: POST /session/d398fbe39e185af2426c23d9318fa1bb/execute/async - {"script":"<script> [1562 bytes]","args":[{"selector":{"id":"shellAppTitle"},"wdio_ui5_key":"shellAppTitle"}]}
RESULT: {"script":"<script> [1562 bytes]","args":[{"selector":{"id":"shellAppTitle"},"wdio_ui5_key":"shellAppTitle"}]}
COMMAND: POST /session/d398fbe39e185af2426c23d9318fa1bb/execute/async - {"script":"<script> [6424 bytes]","args":[{"element-6066-11e4-a52e-4f735466cecf":"f.AFE0DA022E1204D9517456F68CA09E7B.d.8A4FD8798E738D2FD0F0991C82672552.e.5251"},"getTitle",[]]}
RESULT: {"script":"<script> [6424 bytes]","args":[{"element-6066-11e4-a52e-4f735466cecf":"f.AFE0DA022E1204D9517456F68CA09E7B.d.8A4FD8798E738D2FD0F0991C82672552.e.5251"},"getTitle",[]]}
RESULT: undefined
COMMAND: POST /session/d398fbe39e185af2426c23d9318fa1bb/element/f.AFE0DA022E1204D9517456F68CA09E7B.d.8A4FD8798E738D2FD0F0991C82672552.e.4923/click - {}
COMMAND: POST /session/d398fbe39e185af2426c23d9318fa1bb/element - {"using":"xpath","value":"//*[@id=\"backBtn\"]"}
RESULT: {"using":"xpath","value":"//*[@id=\"backBtn\"]"}
COMMAND: POST /session/d398fbe39e185af2426c23d9318fa1bb/element/f.AFE0DA022E1204D9517456F68CA09E7B.d.8A4FD8798E738D2FD0F0991C82672552.e.4923/click - {}
COMMAND: POST /session/d398fbe39e185af2426c23d9318fa1bb/element - {"using":"xpath","value":"//*[@id=\"backBtn\"]"}
RESULT: {"using":"xpath","value":"//*[@id=\"backBtn\"]"}
COMMAND: POST /session/d398fbe39e185af2426c23d9318fa1bb/element/f.AFE0DA022E1204D9517456F68CA09E7B.d.8A4FD8798E738D2FD0F0991C82672552.e.5252/click - {}
RESULT: {}
COMMAND: GET /session/d398fbe39e185af2426c23d9318fa1bb/screenshot - {}
RESULT: {}
]]></system-out>
    </testcase>
    <testcase classname="chrome.136_0_7103_49.windows.Sanity_Tests_US104253" name="Should open Schedule Jobs page" time="36.689">
      <system-out><![CDATA[
COMMAND: POST /session/d398fbe39e185af2426c23d9318fa1bb/execute/async - {"script":"<script> [1562 bytes]","args":[{"selector":{"controlType":"sap.m.GenericTile","properties":{"header":"Schedule Jobs"}},"wdio_ui5_key":"sapm.GenericTile{\"header\":\"Schedule Jobs\"}"}]}
RESULT: {"script":"<script> [1562 bytes]","args":[{"selector":{"controlType":"sap.m.GenericTile","properties":{"header":"Schedule Jobs"}},"wdio_ui5_key":"sapm.GenericTile{\"header\":\"Schedule Jobs\"}"}]}
RESULT: undefined
COMMAND: POST /session/d398fbe39e185af2426c23d9318fa1bb/element - {"using":"xpath","value":"//*[@id=\"__tile127\"]"}
RESULT: {"using":"xpath","value":"//*[@id=\"__tile127\"]"}
COMMAND: POST /session/d398fbe39e185af2426c23d9318fa1bb/element/f.AFE0DA022E1204D9517456F68CA09E7B.d.8A4FD8798E738D2FD0F0991C82672552.e.5255/click - {}
RESULT: {}
COMMAND: GET /session/d398fbe39e185af2426c23d9318fa1bb/screenshot - {}
RESULT: {}
COMMAND: POST /session/d398fbe39e185af2426c23d9318fa1bb/elements - {"using":"xpath","value":"//span[text()='Error']"}
RESULT: {"using":"xpath","value":"//span[text()='Error']"}
RESULT: undefined
COMMAND: POST /session/d398fbe39e185af2426c23d9318fa1bb/element - {"using":"xpath","value":"//*[@id=\"__tile127\"]"}
RESULT: {"using":"xpath","value":"//*[@id=\"__tile127\"]"}
COMMAND: POST /session/d398fbe39e185af2426c23d9318fa1bb/element/f.AFE0DA022E1204D9517456F68CA09E7B.d.8A4FD8798E738D2FD0F0991C82672552.e.5255/click - {}
RESULT: undefined
COMMAND: POST /session/d398fbe39e185af2426c23d9318fa1bb/element - {"using":"xpath","value":"//*[@id=\"__tile127\"]"}
RESULT: {"using":"xpath","value":"//*[@id=\"__tile127\"]"}
COMMAND: POST /session/d398fbe39e185af2426c23d9318fa1bb/element/f.AFE0DA022E1204D9517456F68CA09E7B.d.8A4FD8798E738D2FD0F0991C82672552.e.5255/click - {}
RESULT: undefined
COMMAND: POST /session/d398fbe39e185af2426c23d9318fa1bb/execute/async - {"script":"<script> [6424 bytes]","args":[{"element-6066-11e4-a52e-4f735466cecf":"f.AFE0DA022E1204D9517456F68CA09E7B.d.8A4FD8798E738D2FD0F0991C82672552.e.221"},"getTitle",[]]}
COMMAND: POST /session/d398fbe39e185af2426c23d9318fa1bb/execute/async - {"script":"<script> [1562 bytes]","args":[{"selector":{"id":"shellAppTitle"},"wdio_ui5_key":"shellAppTitle"}]}
RESULT: {"script":"<script> [1562 bytes]","args":[{"selector":{"id":"shellAppTitle"},"wdio_ui5_key":"shellAppTitle"}]}
COMMAND: POST /session/d398fbe39e185af2426c23d9318fa1bb/execute/async - {"script":"<script> [6424 bytes]","args":[{"element-6066-11e4-a52e-4f735466cecf":"f.AFE0DA022E1204D9517456F68CA09E7B.d.8A4FD8798E738D2FD0F0991C82672552.e.5301"},"getTitle",[]]}
RESULT: {"script":"<script> [6424 bytes]","args":[{"element-6066-11e4-a52e-4f735466cecf":"f.AFE0DA022E1204D9517456F68CA09E7B.d.8A4FD8798E738D2FD0F0991C82672552.e.5301"},"getTitle",[]]}
RESULT: undefined
COMMAND: POST /session/d398fbe39e185af2426c23d9318fa1bb/element/f.AFE0DA022E1204D9517456F68CA09E7B.d.8A4FD8798E738D2FD0F0991C82672552.e.5252/click - {}
COMMAND: POST /session/d398fbe39e185af2426c23d9318fa1bb/element/f.AFE0DA022E1204D9517456F68CA09E7B.d.8A4FD8798E738D2FD0F0991C82672552.e.5252/click - {}
RESULT: {}
COMMAND: GET /session/d398fbe39e185af2426c23d9318fa1bb/screenshot - {}
COMMAND: POST /session/d398fbe39e185af2426c23d9318fa1bb/element - {"using":"xpath","value":"//*[@id=\"backBtn\"]"}
RESULT: {}
RESULT: {"using":"xpath","value":"//*[@id=\"backBtn\"]"}
COMMAND: POST /session/d398fbe39e185af2426c23d9318fa1bb/elements - {"using":"xpath","value":"//*[@id=\"backBtn\"]"}
RESULT: {"using":"xpath","value":"//*[@id=\"backBtn\"]"}
COMMAND: POST /session/d398fbe39e185af2426c23d9318fa1bb/elements - {"using":"xpath","value":"//*[@id=\"backBtn\"]"}
RESULT: {"using":"xpath","value":"//*[@id=\"backBtn\"]"}
COMMAND: POST /session/d398fbe39e185af2426c23d9318fa1bb/elements - {"using":"xpath","value":"//*[@id=\"backBtn\"]"}
RESULT: {"using":"xpath","value":"//*[@id=\"backBtn\"]"}
COMMAND: POST /session/d398fbe39e185af2426c23d9318fa1bb/elements - {"using":"xpath","value":"//*[@id=\"backBtn\"]"}
RESULT: {"using":"xpath","value":"//*[@id=\"backBtn\"]"}
COMMAND: POST /session/d398fbe39e185af2426c23d9318fa1bb/elements - {"using":"xpath","value":"//*[@id=\"backBtn\"]"}
RESULT: {"using":"xpath","value":"//*[@id=\"backBtn\"]"}
COMMAND: POST /session/d398fbe39e185af2426c23d9318fa1bb/elements - {"using":"xpath","value":"//*[@id=\"backBtn\"]"}
RESULT: {"using":"xpath","value":"//*[@id=\"backBtn\"]"}
COMMAND: POST /session/d398fbe39e185af2426c23d9318fa1bb/elements - {"using":"xpath","value":"//*[@id=\"backBtn\"]"}
RESULT: {"using":"xpath","value":"//*[@id=\"backBtn\"]"}
COMMAND: POST /session/d398fbe39e185af2426c23d9318fa1bb/elements - {"using":"xpath","value":"//*[@id=\"backBtn\"]"}
RESULT: {"using":"xpath","value":"//*[@id=\"backBtn\"]"}
COMMAND: POST /session/d398fbe39e185af2426c23d9318fa1bb/elements - {"using":"xpath","value":"//*[@id=\"backBtn\"]"}
RESULT: {"using":"xpath","value":"//*[@id=\"backBtn\"]"}
COMMAND: POST /session/d398fbe39e185af2426c23d9318fa1bb/elements - {"using":"xpath","value":"//*[@id=\"backBtn\"]"}
RESULT: {"using":"xpath","value":"//*[@id=\"backBtn\"]"}
COMMAND: POST /session/d398fbe39e185af2426c23d9318fa1bb/elements - {"using":"xpath","value":"//*[@id=\"backBtn\"]"}
RESULT: {"using":"xpath","value":"//*[@id=\"backBtn\"]"}
COMMAND: POST /session/d398fbe39e185af2426c23d9318fa1bb/elements - {"using":"xpath","value":"//*[@id=\"backBtn\"]"}
RESULT: {"using":"xpath","value":"//*[@id=\"backBtn\"]"}
COMMAND: POST /session/d398fbe39e185af2426c23d9318fa1bb/elements - {"using":"xpath","value":"//*[@id=\"backBtn\"]"}
RESULT: {"using":"xpath","value":"//*[@id=\"backBtn\"]"}
COMMAND: POST /session/d398fbe39e185af2426c23d9318fa1bb/elements - {"using":"xpath","value":"//*[@id=\"backBtn\"]"}
RESULT: {"using":"xpath","value":"//*[@id=\"backBtn\"]"}
COMMAND: POST /session/d398fbe39e185af2426c23d9318fa1bb/elements - {"using":"xpath","value":"//*[@id=\"backBtn\"]"}
RESULT: {"using":"xpath","value":"//*[@id=\"backBtn\"]"}
COMMAND: POST /session/d398fbe39e185af2426c23d9318fa1bb/elements - {"using":"xpath","value":"//*[@id=\"backBtn\"]"}
RESULT: {"using":"xpath","value":"//*[@id=\"backBtn\"]"}
COMMAND: POST /session/d398fbe39e185af2426c23d9318fa1bb/elements - {"using":"xpath","value":"//*[@id=\"backBtn\"]"}
RESULT: {"using":"xpath","value":"//*[@id=\"backBtn\"]"}
COMMAND: POST /session/d398fbe39e185af2426c23d9318fa1bb/elements - {"using":"xpath","value":"//*[@id=\"backBtn\"]"}
RESULT: {"using":"xpath","value":"//*[@id=\"backBtn\"]"}
COMMAND: POST /session/d398fbe39e185af2426c23d9318fa1bb/elements - {"using":"xpath","value":"//*[@id=\"backBtn\"]"}
RESULT: {"using":"xpath","value":"//*[@id=\"backBtn\"]"}
]]></system-out>
    </testcase>
    <testcase classname="chrome.136_0_7103_49.windows.Sanity_Tests_US104253" name="Should open Jobs Setup page" time="37.441">
      <system-out><![CDATA[
COMMAND: POST /session/d398fbe39e185af2426c23d9318fa1bb/execute/async - {"script":"<script> [1562 bytes]","args":[{"selector":{"controlType":"sap.m.GenericTile","properties":{"header":"Jobs Setup"}},"wdio_ui5_key":"sapm.GenericTile{\"header\":\"Jobs Setup\"}"}]}
COMMAND: POST /session/d398fbe39e185af2426c23d9318fa1bb/elements - {"using":"xpath","value":"//*[@id=\"backBtn\"]"}
RESULT: {"script":"<script> [1562 bytes]","args":[{"selector":{"controlType":"sap.m.GenericTile","properties":{"header":"Jobs Setup"}},"wdio_ui5_key":"sapm.GenericTile{\"header\":\"Jobs Setup\"}"}]}
RESULT: undefined
COMMAND: POST /session/d398fbe39e185af2426c23d9318fa1bb/element - {"using":"xpath","value":"//*[@id=\"__tile128\"]"}
RESULT: {"using":"xpath","value":"//*[@id=\"backBtn\"]"}
COMMAND: POST /session/d398fbe39e185af2426c23d9318fa1bb/elements - {"using":"xpath","value":"//*[@id=\"backBtn\"]"}
RESULT: {"using":"xpath","value":"//*[@id=\"__tile128\"]"}
COMMAND: POST /session/d398fbe39e185af2426c23d9318fa1bb/element/f.AFE0DA022E1204D9517456F68CA09E7B.d.8A4FD8798E738D2FD0F0991C82672552.e.5303/click - {}
RESULT: {"using":"xpath","value":"//*[@id=\"backBtn\"]"}
COMMAND: POST /session/d398fbe39e185af2426c23d9318fa1bb/elements - {"using":"xpath","value":"//*[@id=\"backBtn\"]"}
RESULT: {}
COMMAND: GET /session/d398fbe39e185af2426c23d9318fa1bb/screenshot - {}
RESULT: {"using":"xpath","value":"//*[@id=\"backBtn\"]"}
COMMAND: POST /session/d398fbe39e185af2426c23d9318fa1bb/elements - {"using":"xpath","value":"//*[@id=\"backBtn\"]"}
RESULT: {}
RESULT: {"using":"xpath","value":"//*[@id=\"backBtn\"]"}
COMMAND: POST /session/d398fbe39e185af2426c23d9318fa1bb/element - {"using":"xpath","value":"//*[@id=\"backBtn\"]"}
RESULT: {"using":"xpath","value":"//*[@id=\"backBtn\"]"}
COMMAND: POST /session/d398fbe39e185af2426c23d9318fa1bb/element/f.AFE0DA022E1204D9517456F68CA09E7B.d.8A4FD8798E738D2FD0F0991C82672552.e.5252/click - {}
COMMAND: POST /session/d398fbe39e185af2426c23d9318fa1bb/element - {"using":"xpath","value":"//*[@id=\"backBtn\"]"}
RESULT: {"using":"xpath","value":"//*[@id=\"backBtn\"]"}
COMMAND: POST /session/d398fbe39e185af2426c23d9318fa1bb/element/f.AFE0DA022E1204D9517456F68CA09E7B.d.8A4FD8798E738D2FD0F0991C82672552.e.5494/click - {}
RESULT: {}
COMMAND: GET /session/d398fbe39e185af2426c23d9318fa1bb/screenshot - {}
RESULT: {}
COMMAND: POST /session/d398fbe39e185af2426c23d9318fa1bb/elements - {"using":"xpath","value":"//span[text()='Error']"}
RESULT: {"using":"xpath","value":"//span[text()='Error']"}
RESULT: undefined
COMMAND: POST /session/d398fbe39e185af2426c23d9318fa1bb/element - {"using":"xpath","value":"//*[@id=\"__tile128\"]"}
RESULT: {"using":"xpath","value":"//*[@id=\"__tile128\"]"}
COMMAND: POST /session/d398fbe39e185af2426c23d9318fa1bb/element/f.AFE0DA022E1204D9517456F68CA09E7B.d.8A4FD8798E738D2FD0F0991C82672552.e.5303/click - {}
RESULT: undefined
COMMAND: POST /session/d398fbe39e185af2426c23d9318fa1bb/element - {"using":"xpath","value":"//*[@id=\"__tile128\"]"}
RESULT: {"using":"xpath","value":"//*[@id=\"__tile128\"]"}
COMMAND: POST /session/d398fbe39e185af2426c23d9318fa1bb/element/f.AFE0DA022E1204D9517456F68CA09E7B.d.8A4FD8798E738D2FD0F0991C82672552.e.5303/click - {}
RESULT: undefined
COMMAND: POST /session/d398fbe39e185af2426c23d9318fa1bb/execute/async - {"script":"<script> [6424 bytes]","args":[{"element-6066-11e4-a52e-4f735466cecf":"f.AFE0DA022E1204D9517456F68CA09E7B.d.8A4FD8798E738D2FD0F0991C82672552.e.221"},"getTitle",[]]}
COMMAND: POST /session/d398fbe39e185af2426c23d9318fa1bb/execute/async - {"script":"<script> [1562 bytes]","args":[{"selector":{"id":"shellAppTitle"},"wdio_ui5_key":"shellAppTitle"}]}
RESULT: {"script":"<script> [1562 bytes]","args":[{"selector":{"id":"shellAppTitle"},"wdio_ui5_key":"shellAppTitle"}]}
COMMAND: POST /session/d398fbe39e185af2426c23d9318fa1bb/execute/async - {"script":"<script> [6424 bytes]","args":[{"element-6066-11e4-a52e-4f735466cecf":"f.AFE0DA022E1204D9517456F68CA09E7B.d.8A4FD8798E738D2FD0F0991C82672552.e.5495"},"getTitle",[]]}
RESULT: {"script":"<script> [6424 bytes]","args":[{"element-6066-11e4-a52e-4f735466cecf":"f.AFE0DA022E1204D9517456F68CA09E7B.d.8A4FD8798E738D2FD0F0991C82672552.e.5495"},"getTitle",[]]}
RESULT: undefined
COMMAND: POST /session/d398fbe39e185af2426c23d9318fa1bb/element/f.AFE0DA022E1204D9517456F68CA09E7B.d.8A4FD8798E738D2FD0F0991C82672552.e.5494/click - {}
COMMAND: POST /session/d398fbe39e185af2426c23d9318fa1bb/element/f.AFE0DA022E1204D9517456F68CA09E7B.d.8A4FD8798E738D2FD0F0991C82672552.e.5494/click - {}
RESULT: {}
COMMAND: GET /session/d398fbe39e185af2426c23d9318fa1bb/screenshot - {}
RESULT: {}
COMMAND: GET /session/d398fbe39e185af2426c23d9318fa1bb/screenshot - {}
RESULT: {}
RESULT: {}
]]></system-out>
    </testcase>
    <testcase classname="chrome.136_0_7103_49.windows.Sanity_Tests_US104253" name="Should open Target Systems Configuration page" time="36.104">
      <system-out><![CDATA[
COMMAND: POST /session/d398fbe39e185af2426c23d9318fa1bb/execute/async - {"script":"<script> [1562 bytes]","args":[{"selector":{"controlType":"sap.m.GenericTile","properties":{"header":"Target Systems Configuration"}},"wdio_ui5_key":"sapm.GenericTile{\"header\":\"Target Systems Configuration\"}"}]}
RESULT: {"script":"<script> [1562 bytes]","args":[{"selector":{"controlType":"sap.m.GenericTile","properties":{"header":"Target Systems Configuration"}},"wdio_ui5_key":"sapm.GenericTile{\"header\":\"Target Systems Configuration\"}"}]}
RESULT: undefined
COMMAND: POST /session/d398fbe39e185af2426c23d9318fa1bb/element - {"using":"xpath","value":"//*[@id=\"__tile129\"]"}
RESULT: {"using":"xpath","value":"//*[@id=\"__tile129\"]"}
COMMAND: POST /session/d398fbe39e185af2426c23d9318fa1bb/element/f.AFE0DA022E1204D9517456F68CA09E7B.d.8A4FD8798E738D2FD0F0991C82672552.e.5497/click - {}
RESULT: {}
COMMAND: GET /session/d398fbe39e185af2426c23d9318fa1bb/screenshot - {}
RESULT: {}
COMMAND: POST /session/d398fbe39e185af2426c23d9318fa1bb/elements - {"using":"xpath","value":"//span[text()='Error']"}
RESULT: {"using":"xpath","value":"//span[text()='Error']"}
RESULT: undefined
COMMAND: POST /session/d398fbe39e185af2426c23d9318fa1bb/element - {"using":"xpath","value":"//*[@id=\"__tile129\"]"}
RESULT: {"using":"xpath","value":"//*[@id=\"__tile129\"]"}
COMMAND: POST /session/d398fbe39e185af2426c23d9318fa1bb/element/f.AFE0DA022E1204D9517456F68CA09E7B.d.8A4FD8798E738D2FD0F0991C82672552.e.5497/click - {}
RESULT: undefined
COMMAND: POST /session/d398fbe39e185af2426c23d9318fa1bb/element - {"using":"xpath","value":"//*[@id=\"__tile129\"]"}
RESULT: {"using":"xpath","value":"//*[@id=\"__tile129\"]"}
COMMAND: POST /session/d398fbe39e185af2426c23d9318fa1bb/element/f.AFE0DA022E1204D9517456F68CA09E7B.d.8A4FD8798E738D2FD0F0991C82672552.e.5497/click - {}
RESULT: undefined
COMMAND: POST /session/d398fbe39e185af2426c23d9318fa1bb/execute/async - {"script":"<script> [6424 bytes]","args":[{"element-6066-11e4-a52e-4f735466cecf":"f.AFE0DA022E1204D9517456F68CA09E7B.d.8A4FD8798E738D2FD0F0991C82672552.e.221"},"getTitle",[]]}
COMMAND: POST /session/d398fbe39e185af2426c23d9318fa1bb/execute/async - {"script":"<script> [1562 bytes]","args":[{"selector":{"id":"shellAppTitle"},"wdio_ui5_key":"shellAppTitle"}]}
RESULT: {"script":"<script> [1562 bytes]","args":[{"selector":{"id":"shellAppTitle"},"wdio_ui5_key":"shellAppTitle"}]}
COMMAND: POST /session/d398fbe39e185af2426c23d9318fa1bb/execute/async - {"script":"<script> [6424 bytes]","args":[{"element-6066-11e4-a52e-4f735466cecf":"f.AFE0DA022E1204D9517456F68CA09E7B.d.8A4FD8798E738D2FD0F0991C82672552.e.5582"},"getTitle",[]]}
RESULT: {"script":"<script> [6424 bytes]","args":[{"element-6066-11e4-a52e-4f735466cecf":"f.AFE0DA022E1204D9517456F68CA09E7B.d.8A4FD8798E738D2FD0F0991C82672552.e.5582"},"getTitle",[]]}
RESULT: undefined
COMMAND: POST /session/d398fbe39e185af2426c23d9318fa1bb/element/f.AFE0DA022E1204D9517456F68CA09E7B.d.8A4FD8798E738D2FD0F0991C82672552.e.5494/click - {}
COMMAND: POST /session/d398fbe39e185af2426c23d9318fa1bb/element/f.AFE0DA022E1204D9517456F68CA09E7B.d.8A4FD8798E738D2FD0F0991C82672552.e.5494/click - {}
RESULT: {}
COMMAND: GET /session/d398fbe39e185af2426c23d9318fa1bb/screenshot - {}
COMMAND: POST /session/d398fbe39e185af2426c23d9318fa1bb/element - {"using":"xpath","value":"//*[@id=\"backBtn\"]"}
RESULT: {}
RESULT: {"using":"xpath","value":"//*[@id=\"backBtn\"]"}
COMMAND: POST /session/d398fbe39e185af2426c23d9318fa1bb/elements - {"using":"xpath","value":"//*[@id=\"backBtn\"]"}
RESULT: {"using":"xpath","value":"//*[@id=\"backBtn\"]"}
COMMAND: POST /session/d398fbe39e185af2426c23d9318fa1bb/elements - {"using":"xpath","value":"//*[@id=\"backBtn\"]"}
RESULT: {"using":"xpath","value":"//*[@id=\"backBtn\"]"}
COMMAND: POST /session/d398fbe39e185af2426c23d9318fa1bb/elements - {"using":"xpath","value":"//*[@id=\"backBtn\"]"}
RESULT: {"using":"xpath","value":"//*[@id=\"backBtn\"]"}
COMMAND: POST /session/d398fbe39e185af2426c23d9318fa1bb/elements - {"using":"xpath","value":"//*[@id=\"backBtn\"]"}
RESULT: {"using":"xpath","value":"//*[@id=\"backBtn\"]"}
COMMAND: POST /session/d398fbe39e185af2426c23d9318fa1bb/elements - {"using":"xpath","value":"//*[@id=\"backBtn\"]"}
RESULT: {"using":"xpath","value":"//*[@id=\"backBtn\"]"}
COMMAND: POST /session/d398fbe39e185af2426c23d9318fa1bb/elements - {"using":"xpath","value":"//*[@id=\"backBtn\"]"}
RESULT: {"using":"xpath","value":"//*[@id=\"backBtn\"]"}
COMMAND: POST /session/d398fbe39e185af2426c23d9318fa1bb/elements - {"using":"xpath","value":"//*[@id=\"backBtn\"]"}
RESULT: {"using":"xpath","value":"//*[@id=\"backBtn\"]"}
COMMAND: POST /session/d398fbe39e185af2426c23d9318fa1bb/elements - {"using":"xpath","value":"//*[@id=\"backBtn\"]"}
RESULT: {"using":"xpath","value":"//*[@id=\"backBtn\"]"}
COMMAND: POST /session/d398fbe39e185af2426c23d9318fa1bb/elements - {"using":"xpath","value":"//*[@id=\"backBtn\"]"}
RESULT: {"using":"xpath","value":"//*[@id=\"backBtn\"]"}
COMMAND: POST /session/d398fbe39e185af2426c23d9318fa1bb/elements - {"using":"xpath","value":"//*[@id=\"backBtn\"]"}
RESULT: {"using":"xpath","value":"//*[@id=\"backBtn\"]"}
COMMAND: POST /session/d398fbe39e185af2426c23d9318fa1bb/elements - {"using":"xpath","value":"//*[@id=\"backBtn\"]"}
RESULT: {"using":"xpath","value":"//*[@id=\"backBtn\"]"}
COMMAND: POST /session/d398fbe39e185af2426c23d9318fa1bb/elements - {"using":"xpath","value":"//*[@id=\"backBtn\"]"}
RESULT: {"using":"xpath","value":"//*[@id=\"backBtn\"]"}
COMMAND: POST /session/d398fbe39e185af2426c23d9318fa1bb/elements - {"using":"xpath","value":"//*[@id=\"backBtn\"]"}
RESULT: {"using":"xpath","value":"//*[@id=\"backBtn\"]"}
COMMAND: POST /session/d398fbe39e185af2426c23d9318fa1bb/elements - {"using":"xpath","value":"//*[@id=\"backBtn\"]"}
RESULT: {"using":"xpath","value":"//*[@id=\"backBtn\"]"}
COMMAND: POST /session/d398fbe39e185af2426c23d9318fa1bb/elements - {"using":"xpath","value":"//*[@id=\"backBtn\"]"}
RESULT: {"using":"xpath","value":"//*[@id=\"backBtn\"]"}
COMMAND: POST /session/d398fbe39e185af2426c23d9318fa1bb/elements - {"using":"xpath","value":"//*[@id=\"backBtn\"]"}
RESULT: {"using":"xpath","value":"//*[@id=\"backBtn\"]"}
COMMAND: POST /session/d398fbe39e185af2426c23d9318fa1bb/elements - {"using":"xpath","value":"//*[@id=\"backBtn\"]"}
RESULT: {"using":"xpath","value":"//*[@id=\"backBtn\"]"}
COMMAND: POST /session/d398fbe39e185af2426c23d9318fa1bb/elements - {"using":"xpath","value":"//*[@id=\"backBtn\"]"}
RESULT: {"using":"xpath","value":"//*[@id=\"backBtn\"]"}
COMMAND: POST /session/d398fbe39e185af2426c23d9318fa1bb/elements - {"using":"xpath","value":"//*[@id=\"backBtn\"]"}
RESULT: {"using":"xpath","value":"//*[@id=\"backBtn\"]"}
COMMAND: POST /session/d398fbe39e185af2426c23d9318fa1bb/elements - {"using":"xpath","value":"//*[@id=\"backBtn\"]"}
RESULT: {"using":"xpath","value":"//*[@id=\"backBtn\"]"}
COMMAND: POST /session/d398fbe39e185af2426c23d9318fa1bb/elements - {"using":"xpath","value":"//*[@id=\"backBtn\"]"}
RESULT: {"using":"xpath","value":"//*[@id=\"backBtn\"]"}
COMMAND: POST /session/d398fbe39e185af2426c23d9318fa1bb/elements - {"using":"xpath","value":"//*[@id=\"backBtn\"]"}
RESULT: {"using":"xpath","value":"//*[@id=\"backBtn\"]"}
COMMAND: POST /session/d398fbe39e185af2426c23d9318fa1bb/elements - {"using":"xpath","value":"//*[@id=\"backBtn\"]"}
RESULT: {"using":"xpath","value":"//*[@id=\"backBtn\"]"}
COMMAND: POST /session/d398fbe39e185af2426c23d9318fa1bb/elements - {"using":"xpath","value":"//*[@id=\"backBtn\"]"}
RESULT: {"using":"xpath","value":"//*[@id=\"backBtn\"]"}
COMMAND: POST /session/d398fbe39e185af2426c23d9318fa1bb/elements - {"using":"xpath","value":"//*[@id=\"backBtn\"]"}
RESULT: {"using":"xpath","value":"//*[@id=\"backBtn\"]"}
COMMAND: POST /session/d398fbe39e185af2426c23d9318fa1bb/elements - {"using":"xpath","value":"//*[@id=\"backBtn\"]"}
RESULT: {"using":"xpath","value":"//*[@id=\"backBtn\"]"}
COMMAND: POST /session/d398fbe39e185af2426c23d9318fa1bb/elements - {"using":"xpath","value":"//*[@id=\"backBtn\"]"}
RESULT: {"using":"xpath","value":"//*[@id=\"backBtn\"]"}
COMMAND: POST /session/d398fbe39e185af2426c23d9318fa1bb/elements - {"using":"xpath","value":"//*[@id=\"backBtn\"]"}
RESULT: {"using":"xpath","value":"//*[@id=\"backBtn\"]"}
COMMAND: POST /session/d398fbe39e185af2426c23d9318fa1bb/elements - {"using":"xpath","value":"//*[@id=\"backBtn\"]"}
RESULT: {"using":"xpath","value":"//*[@id=\"backBtn\"]"}
COMMAND: POST /session/d398fbe39e185af2426c23d9318fa1bb/elements - {"using":"xpath","value":"//*[@id=\"backBtn\"]"}
RESULT: {"using":"xpath","value":"//*[@id=\"backBtn\"]"}
COMMAND: POST /session/d398fbe39e185af2426c23d9318fa1bb/elements - {"using":"xpath","value":"//*[@id=\"backBtn\"]"}
RESULT: {"using":"xpath","value":"//*[@id=\"backBtn\"]"}
COMMAND: POST /session/d398fbe39e185af2426c23d9318fa1bb/elements - {"using":"xpath","value":"//*[@id=\"backBtn\"]"}
RESULT: {"using":"xpath","value":"//*[@id=\"backBtn\"]"}
COMMAND: POST /session/d398fbe39e185af2426c23d9318fa1bb/elements - {"using":"xpath","value":"//*[@id=\"backBtn\"]"}
RESULT: {"using":"xpath","value":"//*[@id=\"backBtn\"]"}
COMMAND: POST /session/d398fbe39e185af2426c23d9318fa1bb/elements - {"using":"xpath","value":"//*[@id=\"backBtn\"]"}
RESULT: {"using":"xpath","value":"//*[@id=\"backBtn\"]"}
COMMAND: POST /session/d398fbe39e185af2426c23d9318fa1bb/elements - {"using":"xpath","value":"//*[@id=\"backBtn\"]"}
RESULT: {"using":"xpath","value":"//*[@id=\"backBtn\"]"}
COMMAND: POST /session/d398fbe39e185af2426c23d9318fa1bb/elements - {"using":"xpath","value":"//*[@id=\"backBtn\"]"}
RESULT: {"using":"xpath","value":"//*[@id=\"backBtn\"]"}
COMMAND: POST /session/d398fbe39e185af2426c23d9318fa1bb/elements - {"using":"xpath","value":"//*[@id=\"backBtn\"]"}
RESULT: {"using":"xpath","value":"//*[@id=\"backBtn\"]"}
COMMAND: POST /session/d398fbe39e185af2426c23d9318fa1bb/elements - {"using":"xpath","value":"//*[@id=\"backBtn\"]"}
RESULT: {"using":"xpath","value":"//*[@id=\"backBtn\"]"}
COMMAND: POST /session/d398fbe39e185af2426c23d9318fa1bb/elements - {"using":"xpath","value":"//*[@id=\"backBtn\"]"}
RESULT: {"using":"xpath","value":"//*[@id=\"backBtn\"]"}
COMMAND: DELETE /session/d398fbe39e185af2426c23d9318fa1bb - {}
COMMAND: POST /session/d398fbe39e185af2426c23d9318fa1bb/elements - {"using":"xpath","value":"//*[@id=\"backBtn\"]"}
RESULT: {}
]]></system-out>
    </testcase>
  </testsuite>
</testsuites>