<?xml version="1.0" encoding="UTF-8"?>
<testsuites tests="21" failures="20" errors="20" skipped="0">
  <testsuite timestamp="2025-05-08T15:57:42" time="67.708" tests="16" failures="15" errors="15" skipped="0">
    <properties>
      <property name="specId" value="0" />
      <property name="suiteName" value="Configure System - Interfaces US132253" />
      <property name="capabilities" value="chrome.135_0_7049_115.windows" />
      <property name="file" value="file:///D:/a/1/s/test/specs/TECH/configure-system-endpoints.spec.js" />
    </properties>
    <testcase classname="chrome.135_0_7049_115.windows.Configure_System_-_Interfaces_US132253" name="System should have default destination system setted to S4HP" time="24.393">
      <system-out><![CDATA[
COMMAND: POST /session/d78324fc4063fbc31b245022f269a314/execute/async - {"script":"<script> [1562 bytes]","args":[{"selector":{"controlType":"sap.m.Text","viewName":"etm.portal.ui.configuresystem.view.Master","properties":{"text":"1 table filter active: Type"}},"wdio_ui5_key":"etmportal.ui.configuresystem.view.Mastersap.m.Text{\"text\":\"1 table filter active: Type\"}"}]}
RESULT: {"script":"<script> [1562 bytes]","args":[{"selector":{"controlType":"sap.m.Text","viewName":"etm.portal.ui.configuresystem.view.Master","properties":{"text":"1 table filter active: Type"}},"wdio_ui5_key":"etmportal.ui.configuresystem.view.Mastersap.m.Text{\"text\":\"1 table filter active: Type\"}"}]}
RESULT: undefined
COMMAND: POST /session/d78324fc4063fbc31b245022f269a314/execute/async - {"script":"<script> [1562 bytes]","args":[{"selector":{"controlType":"sap.m.Text","viewName":"etm.portal.ui.configuresystem.view.Master","properties":{"text":"S12_S4HC"}},"wdio_ui5_key":"etmportal.ui.configuresystem.view.Mastersap.m.Text{\"text\":\"S12_S4HC\"}"}]}
RESULT: {"script":"<script> [1562 bytes]","args":[{"selector":{"controlType":"sap.m.Text","viewName":"etm.portal.ui.configuresystem.view.Master","properties":{"text":"S12_S4HC"}},"wdio_ui5_key":"etmportal.ui.configuresystem.view.Mastersap.m.Text{\"text\":\"S12_S4HC\"}"}]}
RESULT: undefined
COMMAND: POST /session/d78324fc4063fbc31b245022f269a314/execute/async - {"script":"<script> [6424 bytes]","args":[{"element-6066-11e4-a52e-4f735466cecf":"f.956630DA3CAF1C8F1056CC53EC65897C.d.41C2EA29DA50D195B12C2E322D464D65.e.139"},"getText",[]]}
RESULT: {"script":"<script> [6424 bytes]","args":[{"element-6066-11e4-a52e-4f735466cecf":"f.956630DA3CAF1C8F1056CC53EC65897C.d.41C2EA29DA50D195B12C2E322D464D65.e.139"},"getText",[]]}
COMMAND: POST /session/d78324fc4063fbc31b245022f269a314/execute/async - {"script":"<script> [1562 bytes]","args":[{"selector":{"controlType":"sap.m.Button","viewName":"etm.portal.ui.configuresystem.view.Master","properties":{"text":"Endpoints"},"interaction":{"idSuffix":"BDI-content"}},"wdio_ui5_key":"etmportal.ui.configuresystem.view.Mastersap.m.Button{\"text\":\"Endpoints\"}"}]}
RESULT: {"script":"<script> [1562 bytes]","args":[{"selector":{"controlType":"sap.m.Button","viewName":"etm.portal.ui.configuresystem.view.Master","properties":{"text":"Endpoints"},"interaction":{"idSuffix":"BDI-content"}},"wdio_ui5_key":"etmportal.ui.configuresystem.view.Mastersap.m.Button{\"text\":\"Endpoints\"}"}]}
RESULT: undefined
COMMAND: POST /session/d78324fc4063fbc31b245022f269a314/element - {"using":"xpath","value":"//*[@id=\"__xmlview58--ObjectPageLayout-anchBar-__xmlview58--endpointsSection-anchor\"]"}
RESULT: {"using":"xpath","value":"//*[@id=\"__xmlview58--ObjectPageLayout-anchBar-__xmlview58--endpointsSection-anchor\"]"}
COMMAND: POST /session/d78324fc4063fbc31b245022f269a314/element/f.956630DA3CAF1C8F1056CC53EC65897C.d.41C2EA29DA50D195B12C2E322D464D65.e.141/click - {}
]]></system-out>
    </testcase>
  </testsuite>
  <testsuite timestamp="2025-05-08T15:58:50" time="112.994" tests="4" failures="4" errors="4" skipped="0">
    <properties>
      <property name="specId" value="0" />
      <property name="suiteName" value="Manage RU: Interfaces Data Check for UI fields US132253" />
      <property name="capabilities" value="chrome.135_0_7049_115.windows" />
      <property name="file" value="file:///D:/a/1/s/test/specs/TECH/ru-interface-data-check.spec.js" />
    </properties>
  </testsuite>
  <testsuite timestamp="2025-05-08T16:00:43" time="72.136" tests="1" failures="1" errors="1" skipped="0">
    <properties>
      <property name="specId" value="0" />
      <property name="suiteName" value="Manage Partners: Interfaces Data Check for UI fields US132253" />
      <property name="capabilities" value="chrome.135_0_7049_115.windows" />
      <property name="file" value="file:///D:/a/1/s/test/specs/TECH/partner-interface-data-check.spec.js" />
    </properties>
  </testsuite>
</testsuites>