<?xml version="1.0" encoding="UTF-8"?>
<testsuites tests="24" failures="0" errors="0" skipped="0">
  <testsuite timestamp="2025-05-05T05:37:15" time="620.586" tests="5" failures="0" errors="0" skipped="0">
    <properties>
      <property name="specId" value="0" />
      <property name="suiteName" value="Manage Requests Tags Tests US120163" />
      <property name="capabilities" value="chrome.135_0_7049_96.windows" />
      <property name="file" value="file:///D:/a/1/s/test/specs/R2C/create-request-Tags.spec.js" />
    </properties>
    <testcase classname="chrome.135_0_7049_96.windows.Manage_Requests_Tags_Tests_US120163" name="Should create a new yard" time="122.34">
      <system-out><![CDATA[
COMMAND: POST /session/cbab2cbbd32afdf19af3e6ba8111c1c3/execute/async - {"script":"<script> [1562 bytes]","args":[{"selector":{"controlType":"sap.m.GenericTile","properties":{"header":"Manage Yards"}},"wdio_ui5_key":"sapm.GenericTile{\"header\":\"Manage Yards\"}"}]}
RESULT: {"script":"<script> [1562 bytes]","args":[{"selector":{"controlType":"sap.m.GenericTile","properties":{"header":"Manage Yards"}},"wdio_ui5_key":"sapm.GenericTile{\"header\":\"Manage Yards\"}"}]}
RESULT: undefined
COMMAND: POST /session/cbab2cbbd32afdf19af3e6ba8111c1c3/element - {"using":"xpath","value":"//*[@id=\"__tile41\"]"}
RESULT: {"using":"xpath","value":"//*[@id=\"__tile41\"]"}
COMMAND: POST /session/cbab2cbbd32afdf19af3e6ba8111c1c3/element/f.4865000251A30E3BD1E5EDC5108DADF6.d.A89D365B4B05864AB7C0899E0369928E.e.112/click - {}
RESULT: {}
COMMAND: GET /session/cbab2cbbd32afdf19af3e6ba8111c1c3/screenshot - {}
RESULT: {}
COMMAND: POST /session/cbab2cbbd32afdf19af3e6ba8111c1c3/execute/async - {"script":"<script> [1562 bytes]","args":[{"selector":{"controlType":"sap.ui.core.Icon","viewName":"etm.portal.ui.manageyards.view.Master","viewId":"application-manageyards-display-component---masterYard","properties":{"src":{"regex":{"source":"add"}}}},"wdio_ui5_key":"etmportal.ui.manageyards.view.Mastersap.ui.core.Icon{\"src\":{\"regex\":{\"source\":\"add\"}}}"}]}
RESULT: {"script":"<script> [1562 bytes]","args":[{"selector":{"controlType":"sap.ui.core.Icon","viewName":"etm.portal.ui.manageyards.view.Master","viewId":"application-manageyards-display-component---masterYard","properties":{"src":{"regex":{"source":"add"}}}},"wdio_ui5_key":"etmportal.ui.manageyards.view.Mastersap.ui.core.Icon{\"src\":{\"regex\":{\"source\":\"add\"}}}"}]}
RESULT: undefined
COMMAND: POST /session/cbab2cbbd32afdf19af3e6ba8111c1c3/element - {"using":"xpath","value":"//*[@id=\"__button4-img\"]"}
RESULT: {"using":"xpath","value":"//*[@id=\"__button4-img\"]"}
COMMAND: POST /session/cbab2cbbd32afdf19af3e6ba8111c1c3/element/f.4865000251A30E3BD1E5EDC5108DADF6.d.A89D365B4B05864AB7C0899E0369928E.e.158/click - {}
RESULT: {}
COMMAND: GET /session/cbab2cbbd32afdf19af3e6ba8111c1c3/screenshot - {}
RESULT: {}
COMMAND: POST /session/cbab2cbbd32afdf19af3e6ba8111c1c3/execute/async - {"script":"<script> [1562 bytes]","args":[{"selector":{"id":"application-manageyards-display-component---NewYard--yardId","interaction":{"idSuffix":"inner"}},"wdio_ui5_key":"applicationmanageyards-display-component---NewYard--yardId"}]}
RESULT: {"script":"<script> [1562 bytes]","args":[{"selector":{"id":"application-manageyards-display-component---NewYard--yardId","interaction":{"idSuffix":"inner"}},"wdio_ui5_key":"applicationmanageyards-display-component---NewYard--yardId"}]}
RESULT: undefined
COMMAND: POST /session/cbab2cbbd32afdf19af3e6ba8111c1c3/element - {"using":"xpath","value":"//*[@id=\"application-manageyards-display-component---NewYard--addressDetailDetailsName1-inner\"]"}
RESULT: {"using":"xpath","value":"//*[@id=\"application-manageyards-display-component---NewYard--addressDetailDetailsName1-inner\"]"}
COMMAND: POST /session/cbab2cbbd32afdf19af3e6ba8111c1c3/element/f.4865000251A30E3BD1E5EDC5108DADF6.d.A89D365B4B05864AB7C0899E0369928E.e.370/clear - {}
RESULT: {}
COMMAND: POST /session/cbab2cbbd32afdf19af3e6ba8111c1c3/element/f.4865000251A30E3BD1E5EDC5108DADF6.d.A89D365B4B05864AB7C0899E0369928E.e.370/value - {"text":"WebdriverYardgw1hi"}
COMMAND: GET /session/cbab2cbbd32afdf19af3e6ba8111c1c3/screenshot - {}
RESULT: {"text":"WebdriverYardgw1hi"}
COMMAND: POST /session/cbab2cbbd32afdf19af3e6ba8111c1c3/element - {"using":"xpath","value":"//*[@id=\"application-manageyards-display-component---NewYard--addressDetailDetailsLanguage-inner\"]"}
COMMAND: GET /session/cbab2cbbd32afdf19af3e6ba8111c1c3/screenshot - {}
RESULT: {}
RESULT: {"using":"xpath","value":"//*[@id=\"application-manageyards-display-component---NewYard--addressDetailDetailsLanguage-inner\"]"}
COMMAND: POST /session/cbab2cbbd32afdf19af3e6ba8111c1c3/element/f.4865000251A30E3BD1E5EDC5108DADF6.d.A89D365B4B05864AB7C0899E0369928E.e.371/clear - {}
RESULT: {}
RESULT: {}
COMMAND: POST /session/cbab2cbbd32afdf19af3e6ba8111c1c3/element/f.4865000251A30E3BD1E5EDC5108DADF6.d.A89D365B4B05864AB7C0899E0369928E.e.371/value - {"text":"Romanian"}
COMMAND: GET /session/cbab2cbbd32afdf19af3e6ba8111c1c3/screenshot - {}
RESULT: {"text":"Romanian"}
COMMAND: POST /session/cbab2cbbd32afdf19af3e6ba8111c1c3/element - {"using":"xpath","value":"//input[contains(@id ,\"application-manageyards-display-component---NewYard--addressDetailDetailsName1-inner\")]"}
COMMAND: GET /session/cbab2cbbd32afdf19af3e6ba8111c1c3/screenshot - {}
RESULT: {}
RESULT: {"using":"xpath","value":"//input[contains(@id ,\"application-manageyards-display-component---NewYard--addressDetailDetailsName1-inner\")]"}
COMMAND: GET /session/cbab2cbbd32afdf19af3e6ba8111c1c3/element/f.4865000251A30E3BD1E5EDC5108DADF6.d.A89D365B4B05864AB7C0899E0369928E.e.370/property/value - {}
RESULT: {}
RESULT: {}
COMMAND: GET /session/cbab2cbbd32afdf19af3e6ba8111c1c3/screenshot - {}
RESULT: {}
COMMAND: POST /session/cbab2cbbd32afdf19af3e6ba8111c1c3/element - {"using":"xpath","value":"//*[@id=\"application-manageyards-display-component---NewYard--addressDetailDetailsCity1-inner\"]"}
RESULT: {"using":"xpath","value":"//*[@id=\"application-manageyards-display-component---NewYard--addressDetailDetailsCity1-inner\"]"}
COMMAND: POST /session/cbab2cbbd32afdf19af3e6ba8111c1c3/element/f.4865000251A30E3BD1E5EDC5108DADF6.d.A89D365B4B05864AB7C0899E0369928E.e.373/clear - {}
RESULT: {}
COMMAND: POST /session/cbab2cbbd32afdf19af3e6ba8111c1c3/element/f.4865000251A30E3BD1E5EDC5108DADF6.d.A89D365B4B05864AB7C0899E0369928E.e.373/value - {"text":"Bucuresti"}
COMMAND: GET /session/cbab2cbbd32afdf19af3e6ba8111c1c3/screenshot - {}
RESULT: {"text":"Bucuresti"}
COMMAND: GET /session/cbab2cbbd32afdf19af3e6ba8111c1c3/screenshot - {}
RESULT: {}
RESULT: {}
COMMAND: POST /session/cbab2cbbd32afdf19af3e6ba8111c1c3/element - {"using":"xpath","value":"//*[@id=\"application-manageyards-display-component---NewYard--addressDetailDetailsCountry-inner\"]"}
RESULT: {"using":"xpath","value":"//*[@id=\"application-manageyards-display-component---NewYard--addressDetailDetailsCountry-inner\"]"}
COMMAND: POST /session/cbab2cbbd32afdf19af3e6ba8111c1c3/element/f.4865000251A30E3BD1E5EDC5108DADF6.d.A89D365B4B05864AB7C0899E0369928E.e.377/clear - {}
RESULT: {}
COMMAND: POST /session/cbab2cbbd32afdf19af3e6ba8111c1c3/element/f.4865000251A30E3BD1E5EDC5108DADF6.d.A89D365B4B05864AB7C0899E0369928E.e.377/value - {"text":"Romania"}
COMMAND: GET /session/cbab2cbbd32afdf19af3e6ba8111c1c3/screenshot - {}
RESULT: {"text":"Romania"}
COMMAND: GET /session/cbab2cbbd32afdf19af3e6ba8111c1c3/screenshot - {}
RESULT: {}
RESULT: {}
COMMAND: POST /session/cbab2cbbd32afdf19af3e6ba8111c1c3/element - {"using":"xpath","value":"//div[contains(text(), \"Commercial\")]"}
RESULT: {"using":"xpath","value":"//div[contains(text(), \"Commercial\")]"}
COMMAND: GET /session/cbab2cbbd32afdf19af3e6ba8111c1c3/element/f.4865000251A30E3BD1E5EDC5108DADF6.d.A89D365B4B05864AB7C0899E0369928E.e.569/rect - {}
RESULT: {}
COMMAND: GET /session/cbab2cbbd32afdf19af3e6ba8111c1c3/window/rect - {}
RESULT: {}
COMMAND: POST /session/cbab2cbbd32afdf19af3e6ba8111c1c3/execute/sync - {"script":"<script> [92 bytes]","args":[]}
RESULT: {"script":"<script> [92 bytes]","args":[]}
COMMAND: POST /session/cbab2cbbd32afdf19af3e6ba8111c1c3/actions - {"actions":[{"id":"action1","type":"wheel","parameters":{},"actions":[{"type":"scroll","x":-1841,"y":-44,"deltaX":0,"deltaY":0,"duration":0,"origin":{"element-6066-11e4-a52e-4f735466cecf":"f.4865000251A30E3BD1E5EDC5108DADF6.d.A89D365B4B05864AB7C0899E0369928E.e.569"}}]}]}
COMMAND: GET /session/cbab2cbbd32afdf19af3e6ba8111c1c3/screenshot - {}
RESULT: {}
COMMAND: POST /session/cbab2cbbd32afdf19af3e6ba8111c1c3/execute/sync - {"script":"<script> [79 bytes]","args":[{"element-6066-11e4-a52e-4f735466cecf":"f.4865000251A30E3BD1E5EDC5108DADF6.d.A89D365B4B05864AB7C0899E0369928E.e.569","ELEMENT":"f.4865000251A30E3BD1E5EDC5108DADF6.d.A89D365B4B05864AB7C0899E0369928E.e.569"},{"block":"start","inline":"nearest"}]}
RESULT: {"script":"<script> [79 bytes]","args":[{"element-6066-11e4-a52e-4f735466cecf":"f.4865000251A30E3BD1E5EDC5108DADF6.d.A89D365B4B05864AB7C0899E0369928E.e.569","ELEMENT":"f.4865000251A30E3BD1E5EDC5108DADF6.d.A89D365B4B05864AB7C0899E0369928E.e.569"},{"block":"start","inline":"nearest"}]}
COMMAND: GET /session/cbab2cbbd32afdf19af3e6ba8111c1c3/screenshot - {}
RESULT: {}
COMMAND: POST /session/cbab2cbbd32afdf19af3e6ba8111c1c3/execute/async - {"script":"<script> [1562 bytes]","args":[{"selector":{"id":"application-manageyards-display-component---NewYard--addressEditDetailsCostObjectCstType-arrow"},"wdio_ui5_key":"applicationmanageyards-display-component---NewYard--addressEditDetailsCostObjectCstType-arrow"}]}
RESULT: {"script":"<script> [1562 bytes]","args":[{"selector":{"id":"application-manageyards-display-component---NewYard--addressEditDetailsCostObjectCstType-arrow"},"wdio_ui5_key":"applicationmanageyards-display-component---NewYard--addressEditDetailsCostObjectCstType-arrow"}]}
RESULT: undefined
COMMAND: POST /session/cbab2cbbd32afdf19af3e6ba8111c1c3/element - {"using":"xpath","value":"//*[@id=\"application-manageyards-display-component---NewYard--addressEditDetailsCostObjectCstType-arrow\"]"}
RESULT: {"using":"xpath","value":"//*[@id=\"application-manageyards-display-component---NewYard--addressEditDetailsCostObjectCstType-arrow\"]"}
COMMAND: POST /session/cbab2cbbd32afdf19af3e6ba8111c1c3/element/f.4865000251A30E3BD1E5EDC5108DADF6.d.A89D365B4B05864AB7C0899E0369928E.e.577/click - {}
RESULT: {}
COMMAND: POST /session/cbab2cbbd32afdf19af3e6ba8111c1c3/element - {"using":"xpath","value":"//span[contains(text(), \"Cost Center\")]"}
COMMAND: GET /session/cbab2cbbd32afdf19af3e6ba8111c1c3/screenshot - {}
RESULT: {"using":"xpath","value":"//span[contains(text(), \"Cost Center\")]"}
COMMAND: POST /session/cbab2cbbd32afdf19af3e6ba8111c1c3/element/f.4865000251A30E3BD1E5EDC5108DADF6.d.A89D365B4B05864AB7C0899E0369928E.e.578/click - {}
RESULT: {}
RESULT: {}
COMMAND: GET /session/cbab2cbbd32afdf19af3e6ba8111c1c3/screenshot - {}
RESULT: {}
COMMAND: POST /session/cbab2cbbd32afdf19af3e6ba8111c1c3/execute/async - {"script":"<script> [1562 bytes]","args":[{"selector":{"id":"application-manageyards-display-component---NewYard--addressNewCostObjectCstID-vhi"},"wdio_ui5_key":"applicationmanageyards-display-component---NewYard--addressNewCostObjectCstID-vhi"}]}
RESULT: {"script":"<script> [1562 bytes]","args":[{"selector":{"id":"application-manageyards-display-component---NewYard--addressNewCostObjectCstID-vhi"},"wdio_ui5_key":"applicationmanageyards-display-component---NewYard--addressNewCostObjectCstID-vhi"}]}
RESULT: undefined
COMMAND: POST /session/cbab2cbbd32afdf19af3e6ba8111c1c3/element - {"using":"xpath","value":"//*[@id=\"application-manageyards-display-component---NewYard--addressNewCostObjectCstID-vhi\"]"}
RESULT: {"using":"xpath","value":"//*[@id=\"application-manageyards-display-component---NewYard--addressNewCostObjectCstID-vhi\"]"}
COMMAND: POST /session/cbab2cbbd32afdf19af3e6ba8111c1c3/element/f.4865000251A30E3BD1E5EDC5108DADF6.d.A89D365B4B05864AB7C0899E0369928E.e.582/click - {}
RESULT: {}
COMMAND: GET /session/cbab2cbbd32afdf19af3e6ba8111c1c3/screenshot - {}
RESULT: {}
COMMAND: POST /session/cbab2cbbd32afdf19af3e6ba8111c1c3/execute/async - {"script":"<script> [1562 bytes]","args":[{"selector":{"controlType":"sap.m.SearchField","properties":{"placeholder":"Search"},"searchOpenDialogs":true,"interaction":{"idSuffix":"I"}},"wdio_ui5_key":"sapm.SearchField{\"placeholder\":\"Search\"}"}]}
RESULT: {"script":"<script> [1562 bytes]","args":[{"selector":{"controlType":"sap.m.SearchField","properties":{"placeholder":"Search"},"searchOpenDialogs":true,"interaction":{"idSuffix":"I"}},"wdio_ui5_key":"sapm.SearchField{\"placeholder\":\"Search\"}"}]}
RESULT: undefined
COMMAND: POST /session/cbab2cbbd32afdf19af3e6ba8111c1c3/execute/async - {"script":"<script> [776 bytes]","args":[{"enterText":"10001013","selector":{"controlType":"sap.m.SearchField","properties":{"placeholder":"Search"},"searchOpenDialogs":true,"interaction":{"idSuffix":"I"}},"clearTextFirst":true,"interactionType":"ENTER_TEXT"}]}
RESULT: {"script":"<script> [776 bytes]","args":[{"enterText":"10001013","selector":{"controlType":"sap.m.SearchField","properties":{"placeholder":"Search"},"searchOpenDialogs":true,"interaction":{"idSuffix":"I"}},"clearTextFirst":true,"interactionType":"ENTER_TEXT"}]}
COMMAND: POST /session/cbab2cbbd32afdf19af3e6ba8111c1c3/actions - {"actions":[{"id":"action2","type":"key","parameters":{},"actions":[{"type":"keyDown","value":"î€‡"},{"type":"pause","duration":10},{"type":"keyUp","value":"î€‡"}]}]}
RESULT: {"actions":[{"id":"action2","type":"key","parameters":{},"actions":[{"type":"keyDown","value":"î€‡"},{"type":"pause","duration":10},{"type":"keyUp","value":"î€‡"}]}]}
COMMAND: GET /session/cbab2cbbd32afdf19af3e6ba8111c1c3/screenshot - {}
RESULT: {}
COMMAND: POST /session/cbab2cbbd32afdf19af3e6ba8111c1c3/element - {"using":"xpath","value":"//span[contains(text(), \"General Management\")]"}
RESULT: {"using":"xpath","value":"//span[contains(text(), \"General Management\")]"}
COMMAND: POST /session/cbab2cbbd32afdf19af3e6ba8111c1c3/element/f.4865000251A30E3BD1E5EDC5108DADF6.d.A89D365B4B05864AB7C0899E0369928E.e.624/click - {}
RESULT: {}
COMMAND: GET /session/cbab2cbbd32afdf19af3e6ba8111c1c3/screenshot - {}
RESULT: {}
COMMAND: POST /session/cbab2cbbd32afdf19af3e6ba8111c1c3/element - {"using":"xpath","value":"//bdi[contains(text(), \"OK\")]"}
RESULT: {"using":"xpath","value":"//bdi[contains(text(), \"OK\")]"}
COMMAND: POST /session/cbab2cbbd32afdf19af3e6ba8111c1c3/element/f.4865000251A30E3BD1E5EDC5108DADF6.d.A89D365B4B05864AB7C0899E0369928E.e.625/click - {}
RESULT: {}
COMMAND: GET /session/cbab2cbbd32afdf19af3e6ba8111c1c3/screenshot - {}
RESULT: {}
COMMAND: POST /session/cbab2cbbd32afdf19af3e6ba8111c1c3/execute/async - {"script":"<script> [1562 bytes]","args":[{"selector":{"controlType":"sap.m.Button","viewName":"etm.portal.ui.manageyards.view.New","viewId":"application-manageyards-display-component---NewYard","i18NText":{"propertyName":"text","key":"save"},"interaction":{"idSuffix":"inner"}},"wdio_ui5_key":"etmportal.ui.manageyards.view.Newsap.m.Button{\"propertyName\":\"text\",\"key\":\"save\"}"}]}
RESULT: {"script":"<script> [1562 bytes]","args":[{"selector":{"controlType":"sap.m.Button","viewName":"etm.portal.ui.manageyards.view.New","viewId":"application-manageyards-display-component---NewYard","i18NText":{"propertyName":"text","key":"save"},"interaction":{"idSuffix":"inner"}},"wdio_ui5_key":"etmportal.ui.manageyards.view.Newsap.m.Button{\"propertyName\":\"text\",\"key\":\"save\"}"}]}
RESULT: undefined
COMMAND: POST /session/cbab2cbbd32afdf19af3e6ba8111c1c3/element - {"using":"xpath","value":"//*[@id=\"__button18\"]"}
RESULT: {"using":"xpath","value":"//*[@id=\"__button18\"]"}
COMMAND: POST /session/cbab2cbbd32afdf19af3e6ba8111c1c3/element/f.4865000251A30E3BD1E5EDC5108DADF6.d.A89D365B4B05864AB7C0899E0369928E.e.531/click - {}
RESULT: {}
COMMAND: GET /session/cbab2cbbd32afdf19af3e6ba8111c1c3/screenshot - {}
RESULT: {}
COMMAND: POST /session/cbab2cbbd32afdf19af3e6ba8111c1c3/element - {"using":"xpath","value":"//header/div/div[2]/div[2]/span"}
RESULT: {"using":"xpath","value":"//header/div/div[2]/div[2]/span"}
COMMAND: GET /session/cbab2cbbd32afdf19af3e6ba8111c1c3/element/f.4865000251A30E3BD1E5EDC5108DADF6.d.A89D365B4B05864AB7C0899E0369928E.e.822/text - {}
RESULT: {}
COMMAND: POST /session/cbab2cbbd32afdf19af3e6ba8111c1c3/execute/async - {"script":"<script> [1562 bytes]","args":[{"selector":{"controlType":"sap.m.OverflowToolbarButton","viewName":"etm.portal.ui.manageyards.view.Detail","viewId":"application-manageyards-display-component---detailYard","i18NText":{"propertyName":"tooltip","key":"closeColumn"},"interaction":{"idSuffix":"inner"}},"wdio_ui5_key":"etmportal.ui.manageyards.view.Detailsap.m.OverflowToolbarButton{\"propertyName\":\"tooltip\",\"key\":\"closeColumn\"}"}]}
RESULT: {"script":"<script> [1562 bytes]","args":[{"selector":{"controlType":"sap.m.OverflowToolbarButton","viewName":"etm.portal.ui.manageyards.view.Detail","viewId":"application-manageyards-display-component---detailYard","i18NText":{"propertyName":"tooltip","key":"closeColumn"},"interaction":{"idSuffix":"inner"}},"wdio_ui5_key":"etmportal.ui.manageyards.view.Detailsap.m.OverflowToolbarButton{\"propertyName\":\"tooltip\",\"key\":\"closeColumn\"}"}]}
RESULT: undefined
COMMAND: POST /session/cbab2cbbd32afdf19af3e6ba8111c1c3/element - {"using":"xpath","value":"//*[@id=\"__button42\"]"}
RESULT: {"using":"xpath","value":"//*[@id=\"__button42\"]"}
COMMAND: POST /session/cbab2cbbd32afdf19af3e6ba8111c1c3/element/f.4865000251A30E3BD1E5EDC5108DADF6.d.A89D365B4B05864AB7C0899E0369928E.e.824/click - {}
RESULT: {}
COMMAND: GET /session/cbab2cbbd32afdf19af3e6ba8111c1c3/screenshot - {}
RESULT: {}
COMMAND: POST /session/cbab2cbbd32afdf19af3e6ba8111c1c3/element - {"using":"css selector","value":"#shell-header-logo"}
RESULT: {"using":"css selector","value":"#shell-header-logo"}
COMMAND: POST /session/cbab2cbbd32afdf19af3e6ba8111c1c3/element/f.4865000251A30E3BD1E5EDC5108DADF6.d.A89D365B4B05864AB7C0899E0369928E.e.114/click - {}
RESULT: {}
COMMAND: GET /session/cbab2cbbd32afdf19af3e6ba8111c1c3/screenshot - {}
RESULT: {}
COMMAND: POST /session/cbab2cbbd32afdf19af3e6ba8111c1c3/refresh - {}
RESULT: {}
COMMAND: GET /session/cbab2cbbd32afdf19af3e6ba8111c1c3/screenshot - {}
RESULT: {}
COMMAND: POST /session/cbab2cbbd32afdf19af3e6ba8111c1c3/execute/async - {"script":"<script> [189 bytes]","args":[]}
RESULT: {"script":"<script> [189 bytes]","args":[]}
COMMAND: POST /session/cbab2cbbd32afdf19af3e6ba8111c1c3/execute/async - {"script":"<script> [123 bytes]","args":[]}
RESULT: {"script":"<script> [123 bytes]","args":[]}
COMMAND: POST /session/cbab2cbbd32afdf19af3e6ba8111c1c3/timeouts - {"script":"<number>"}
RESULT: {"script":"<number>"}
COMMAND: GET /session/cbab2cbbd32afdf19af3e6ba8111c1c3/timeouts - {}
RESULT: {}
RESULT: undefined
COMMAND: POST /session/cbab2cbbd32afdf19af3e6ba8111c1c3/execute/async - {"script":"<script> [2676 bytes]","args":[]}
RESULT: {"script":"<script> [2676 bytes]","args":[]}
COMMAND: POST /session/cbab2cbbd32afdf19af3e6ba8111c1c3/execute/async - {"script":"<script> [2342 bytes]","args":[{"protocol":"http","hostname":"0.0.0.0","path":"/","capabilities":{"browserName":"chrome","goog:chromeOptions":{"binary":"C:\\Program Files\\Google\\Chrome\\Application\\chrome.exe","args":["--start-maximized"]}},"logLevel":"warn","connectionRetryTimeout":120000,"connectionRetryCount":3,"logLevels":{},"enableDirectConnect":true,"strictSSL":true,"_":"65 more keys: [\"cacheDir\",\"port\",\"requestedCapabilities\",\"automationProtocol\",\"baseUrl\",\"waitforInterval\",\"waitforTimeout\",\"onReload\",\"beforeCommand\",\"afterCommand\",\"rootDir\",\"specs\",\"suites\",\"exclude\",\"groupLogsByTestSpec\",\"excludeDriverLogs\",\"bail\",\"framework\",\"reporters\",\"services\",\"maxInstances\",\"maxInstancesPerCapability\",\"injectGlobals\",\"filesToWatch\",\"execArgv\",\"runnerEnv\",\"runner\",\"shard\",\"specFileRetries\",\"specFileRetriesDelay\",\"specFileRetriesDeferred\",\"reporterSyncInterval\",\"reporterSyncTimeout\",\"cucumberFeaturesWithLineNumbers\",\"autoCompileOpts\",\"mochaOpts\",\"jasmineOpts\",\"cucumberOpts\",\"onPrepare\",\"onWorkerStart\",\"onWorkerEnd\",\"before\",\"beforeSession\",\"beforeSuite\",\"beforeHook\",\"beforeTest\",\"afterTest\",\"afterHook\",\"afterSuite\",\"afterSession\",\"after\",\"onComplete\",\"beforeAssertion\",\"afterAssertion\",\"beforeFeature\",\"beforeScenario\",\"beforeStep\",\"afterStep\",\"afterScenario\",\"afterFeature\",\"_\",\"suite\",\"$0\",\"ignoredWorkerServices\",\"wdi5\"]"}]}
RESULT: {"script":"<script> [2342 bytes]","args":[{"protocol":"http","hostname":"0.0.0.0","path":"/","capabilities":{"browserName":"chrome","goog:chromeOptions":{"binary":"C:\\Program Files\\Google\\Chrome\\Application\\chrome.exe","args":["--start-maximized"]}},"logLevel":"warn","connectionRetryTimeout":120000,"connectionRetryCount":3,"logLevels":{},"enableDirectConnect":true,"strictSSL":true,"_":"65 more keys: [\"cacheDir\",\"port\",\"requestedCapabilities\",\"automationProtocol\",\"baseUrl\",\"waitforInterval\",\"waitforTimeout\",\"onReload\",\"beforeCommand\",\"afterCommand\",\"rootDir\",\"specs\",\"suites\",\"exclude\",\"groupLogsByTestSpec\",\"excludeDriverLogs\",\"bail\",\"framework\",\"reporters\",\"services\",\"maxInstances\",\"maxInstancesPerCapability\",\"injectGlobals\",\"filesToWatch\",\"execArgv\",\"runnerEnv\",\"runner\",\"shard\",\"specFileRetries\",\"specFileRetriesDelay\",\"specFileRetriesDeferred\",\"reporterSyncInterval\",\"reporterSyncTimeout\",\"cucumberFeaturesWithLineNumbers\",\"autoCompileOpts\",\"mochaOpts\",\"jasmineOpts\",\"cucumberOpts\",\"onPrepare\",\"onWorkerStart\",\"onWorkerEnd\",\"before\",\"beforeSession\",\"beforeSuite\",\"beforeHook\",\"beforeTest\",\"afterTest\",\"afterHook\",\"afterSuite\",\"afterSession\",\"after\",\"onComplete\",\"beforeAssertion\",\"afterAssertion\",\"beforeFeature\",\"beforeScenario\",\"beforeStep\",\"afterStep\",\"afterScenario\",\"afterFeature\",\"_\",\"suite\",\"$0\",\"ignoredWorkerServices\",\"wdi5\"]"}]}
COMMAND: POST /session/cbab2cbbd32afdf19af3e6ba8111c1c3/execute/async - {"script":"<script> [21126 bytes]","args":[35000]}
RESULT: {"script":"<script> [21126 bytes]","args":[35000]}
]]></system-out>
    </testcase>
    <testcase classname="chrome.135_0_7049_96.windows.Manage_Requests_Tags_Tests_US120163" name="Should create a new partner" time="77.2">
      <system-out><![CDATA[
COMMAND: POST /session/cbab2cbbd32afdf19af3e6ba8111c1c3/execute/async - {"script":"<script> [1562 bytes]","args":[{"selector":{"controlType":"sap.m.GenericTile","properties":{"header":"Manage Partners"}},"wdio_ui5_key":"sapm.GenericTile{\"header\":\"Manage Partners\"}"}]}
RESULT: {"script":"<script> [1562 bytes]","args":[{"selector":{"controlType":"sap.m.GenericTile","properties":{"header":"Manage Partners"}},"wdio_ui5_key":"sapm.GenericTile{\"header\":\"Manage Partners\"}"}]}
RESULT: undefined
COMMAND: POST /session/cbab2cbbd32afdf19af3e6ba8111c1c3/element - {"using":"xpath","value":"//*[@id=\"__tile38\"]"}
RESULT: {"using":"xpath","value":"//*[@id=\"__tile38\"]"}
COMMAND: POST /session/cbab2cbbd32afdf19af3e6ba8111c1c3/element/f.4865000251A30E3BD1E5EDC5108DADF6.d.0042165A5D0262AC8FFFF8DE1F0BDFB7.e.1175/click - {}
RESULT: {}
COMMAND: GET /session/cbab2cbbd32afdf19af3e6ba8111c1c3/screenshot - {}
RESULT: {}
COMMAND: POST /session/cbab2cbbd32afdf19af3e6ba8111c1c3/execute/async - {"script":"<script> [1562 bytes]","args":[{"selector":{"controlType":"sap.ui.core.Icon","viewName":"etm.portal.ui.managepartners.view.Master","viewId":"application-managepartners-display-component---masterPtm","properties":{"src":{"regex":{"source":"add"}}}},"wdio_ui5_key":"etmportal.ui.managepartners.view.Mastersap.ui.core.Icon{\"src\":{\"regex\":{\"source\":\"add\"}}}"}]}
RESULT: {"script":"<script> [1562 bytes]","args":[{"selector":{"controlType":"sap.ui.core.Icon","viewName":"etm.portal.ui.managepartners.view.Master","viewId":"application-managepartners-display-component---masterPtm","properties":{"src":{"regex":{"source":"add"}}}},"wdio_ui5_key":"etmportal.ui.managepartners.view.Mastersap.ui.core.Icon{\"src\":{\"regex\":{\"source\":\"add\"}}}"}]}
RESULT: undefined
COMMAND: POST /session/cbab2cbbd32afdf19af3e6ba8111c1c3/element - {"using":"xpath","value":"//*[@id=\"__button4-img\"]"}
RESULT: {"using":"xpath","value":"//*[@id=\"__button4-img\"]"}
COMMAND: POST /session/cbab2cbbd32afdf19af3e6ba8111c1c3/element/f.4865000251A30E3BD1E5EDC5108DADF6.d.0042165A5D0262AC8FFFF8DE1F0BDFB7.e.1226/click - {}
RESULT: {}
COMMAND: GET /session/cbab2cbbd32afdf19af3e6ba8111c1c3/screenshot - {}
RESULT: {}
COMMAND: POST /session/cbab2cbbd32afdf19af3e6ba8111c1c3/execute/async - {"script":"<script> [1562 bytes]","args":[{"selector":{"id":"application-managepartners-display-component---NewPartner--partnerId","interaction":{"idSuffix":"inner"}},"wdio_ui5_key":"applicationmanagepartners-display-component---NewPartner--partnerId"}]}
RESULT: {"script":"<script> [1562 bytes]","args":[{"selector":{"id":"application-managepartners-display-component---NewPartner--partnerId","interaction":{"idSuffix":"inner"}},"wdio_ui5_key":"applicationmanagepartners-display-component---NewPartner--partnerId"}]}
RESULT: undefined
COMMAND: POST /session/cbab2cbbd32afdf19af3e6ba8111c1c3/execute/async - {"script":"<script> [1562 bytes]","args":[{"selector":{"id":"application-managepartners-display-component---NewPartner--addressDetailDetailsName1","interaction":{"idSuffix":"inner"}},"wdio_ui5_key":"applicationmanagepartners-display-component---NewPartner--addressDetailDetailsName1"}]}
RESULT: {"script":"<script> [1562 bytes]","args":[{"selector":{"id":"application-managepartners-display-component---NewPartner--addressDetailDetailsName1","interaction":{"idSuffix":"inner"}},"wdio_ui5_key":"applicationmanagepartners-display-component---NewPartner--addressDetailDetailsName1"}]}
RESULT: undefined
COMMAND: POST /session/cbab2cbbd32afdf19af3e6ba8111c1c3/execute/async - {"script":"<script> [776 bytes]","args":[{"enterText":"WebdriverPartnerlkand","selector":{"id":"application-managepartners-display-component---NewPartner--addressDetailDetailsName1","interaction":{"idSuffix":"inner"}},"clearTextFirst":true,"interactionType":"ENTER_TEXT"}]}
RESULT: {"script":"<script> [776 bytes]","args":[{"enterText":"WebdriverPartnerlkand","selector":{"id":"application-managepartners-display-component---NewPartner--addressDetailDetailsName1","interaction":{"idSuffix":"inner"}},"clearTextFirst":true,"interactionType":"ENTER_TEXT"}]}
COMMAND: POST /session/cbab2cbbd32afdf19af3e6ba8111c1c3/execute/async - {"script":"<script> [1562 bytes]","args":[{"selector":{"id":"application-managepartners-display-component---NewPartner--addressDetailDetailsLanguage","interaction":{"idSuffix":"inner"}},"wdio_ui5_key":"applicationmanagepartners-display-component---NewPartner--addressDetailDetailsLanguage"}]}
RESULT: {"script":"<script> [1562 bytes]","args":[{"selector":{"id":"application-managepartners-display-component---NewPartner--addressDetailDetailsLanguage","interaction":{"idSuffix":"inner"}},"wdio_ui5_key":"applicationmanagepartners-display-component---NewPartner--addressDetailDetailsLanguage"}]}
RESULT: undefined
COMMAND: POST /session/cbab2cbbd32afdf19af3e6ba8111c1c3/execute/async - {"script":"<script> [776 bytes]","args":[{"enterText":"Romanian","selector":{"id":"application-managepartners-display-component---NewPartner--addressDetailDetailsLanguage","interaction":{"idSuffix":"inner"}},"clearTextFirst":true,"interactionType":"ENTER_TEXT"}]}
RESULT: {"script":"<script> [776 bytes]","args":[{"enterText":"Romanian","selector":{"id":"application-managepartners-display-component---NewPartner--addressDetailDetailsLanguage","interaction":{"idSuffix":"inner"}},"clearTextFirst":true,"interactionType":"ENTER_TEXT"}]}
COMMAND: POST /session/cbab2cbbd32afdf19af3e6ba8111c1c3/element - {"using":"xpath","value":"//input[contains(@id ,\"application-managepartners-display-component---NewPartner--addressDetailDetailsName1-inner\")]"}
RESULT: {"using":"xpath","value":"//input[contains(@id ,\"application-managepartners-display-component---NewPartner--addressDetailDetailsName1-inner\")]"}
COMMAND: GET /session/cbab2cbbd32afdf19af3e6ba8111c1c3/element/f.4865000251A30E3BD1E5EDC5108DADF6.d.0042165A5D0262AC8FFFF8DE1F0BDFB7.e.1398/property/value - {}
RESULT: {}
COMMAND: POST /session/cbab2cbbd32afdf19af3e6ba8111c1c3/execute/async - {"script":"<script> [1562 bytes]","args":[{"selector":{"id":"application-managepartners-display-component---NewPartner--addressDetailDetailsCity1","interaction":{"idSuffix":"inner"}},"wdio_ui5_key":"applicationmanagepartners-display-component---NewPartner--addressDetailDetailsCity1"}]}
COMMAND: GET /session/cbab2cbbd32afdf19af3e6ba8111c1c3/screenshot - {}
RESULT: {"script":"<script> [1562 bytes]","args":[{"selector":{"id":"application-managepartners-display-component---NewPartner--addressDetailDetailsCity1","interaction":{"idSuffix":"inner"}},"wdio_ui5_key":"applicationmanagepartners-display-component---NewPartner--addressDetailDetailsCity1"}]}
RESULT: undefined
COMMAND: POST /session/cbab2cbbd32afdf19af3e6ba8111c1c3/execute/async - {"script":"<script> [776 bytes]","args":[{"enterText":"Bucharest","selector":{"id":"application-managepartners-display-component---NewPartner--addressDetailDetailsCity1","interaction":{"idSuffix":"inner"}},"clearTextFirst":true,"interactionType":"ENTER_TEXT"}]}
RESULT: {}
RESULT: {"script":"<script> [776 bytes]","args":[{"enterText":"Bucharest","selector":{"id":"application-managepartners-display-component---NewPartner--addressDetailDetailsCity1","interaction":{"idSuffix":"inner"}},"clearTextFirst":true,"interactionType":"ENTER_TEXT"}]}
COMMAND: POST /session/cbab2cbbd32afdf19af3e6ba8111c1c3/execute/async - {"script":"<script> [1562 bytes]","args":[{"selector":{"id":"application-managepartners-display-component---NewPartner--addressDetailDetailsCountry","interaction":{"idSuffix":"inner"}},"wdio_ui5_key":"applicationmanagepartners-display-component---NewPartner--addressDetailDetailsCountry"}]}
RESULT: {"script":"<script> [1562 bytes]","args":[{"selector":{"id":"application-managepartners-display-component---NewPartner--addressDetailDetailsCountry","interaction":{"idSuffix":"inner"}},"wdio_ui5_key":"applicationmanagepartners-display-component---NewPartner--addressDetailDetailsCountry"}]}
RESULT: undefined
COMMAND: POST /session/cbab2cbbd32afdf19af3e6ba8111c1c3/execute/async - {"script":"<script> [6424 bytes]","args":[{"element-6066-11e4-a52e-4f735466cecf":"f.4865000251A30E3BD1E5EDC5108DADF6.d.0042165A5D0262AC8FFFF8DE1F0BDFB7.e.1405"},"setValue",["Romania"]]}
RESULT: {"script":"<script> [6424 bytes]","args":[{"element-6066-11e4-a52e-4f735466cecf":"f.4865000251A30E3BD1E5EDC5108DADF6.d.0042165A5D0262AC8FFFF8DE1F0BDFB7.e.1405"},"setValue",["Romania"]]}
COMMAND: POST /session/cbab2cbbd32afdf19af3e6ba8111c1c3/execute/async - {"script":"<script> [1562 bytes]","args":[{"selector":{"id":"application-managepartners-display-component---NewPartner--partnerDetailInternal","interaction":{"idSuffix":"inner"}},"wdio_ui5_key":"applicationmanagepartners-display-component---NewPartner--partnerDetailInternal"}]}
RESULT: {"script":"<script> [1562 bytes]","args":[{"selector":{"id":"application-managepartners-display-component---NewPartner--partnerDetailInternal","interaction":{"idSuffix":"inner"}},"wdio_ui5_key":"applicationmanagepartners-display-component---NewPartner--partnerDetailInternal"}]}
RESULT: undefined
COMMAND: POST /session/cbab2cbbd32afdf19af3e6ba8111c1c3/execute/async - {"script":"<script> [776 bytes]","args":[{"enterText":"External partner","selector":{"id":"application-managepartners-display-component---NewPartner--partnerDetailInternal","interaction":{"idSuffix":"inner"}},"clearTextFirst":true,"interactionType":"ENTER_TEXT"}]}
RESULT: {"script":"<script> [776 bytes]","args":[{"enterText":"External partner","selector":{"id":"application-managepartners-display-component---NewPartner--partnerDetailInternal","interaction":{"idSuffix":"inner"}},"clearTextFirst":true,"interactionType":"ENTER_TEXT"}]}
COMMAND: POST /session/cbab2cbbd32afdf19af3e6ba8111c1c3/execute/async - {"script":"<script> [1562 bytes]","args":[{"selector":{"id":"application-managepartners-display-component---NewPartner--partnerDetailsCurrency","interaction":{"idSuffix":"inner"}},"wdio_ui5_key":"applicationmanagepartners-display-component---NewPartner--partnerDetailsCurrency"}]}
RESULT: {"script":"<script> [1562 bytes]","args":[{"selector":{"id":"application-managepartners-display-component---NewPartner--partnerDetailsCurrency","interaction":{"idSuffix":"inner"}},"wdio_ui5_key":"applicationmanagepartners-display-component---NewPartner--partnerDetailsCurrency"}]}
RESULT: undefined
COMMAND: POST /session/cbab2cbbd32afdf19af3e6ba8111c1c3/execute/async - {"script":"<script> [776 bytes]","args":[{"enterText":"Euro","selector":{"id":"application-managepartners-display-component---NewPartner--partnerDetailsCurrency","interaction":{"idSuffix":"inner"}},"clearTextFirst":true,"interactionType":"ENTER_TEXT"}]}
RESULT: {"script":"<script> [776 bytes]","args":[{"enterText":"Euro","selector":{"id":"application-managepartners-display-component---NewPartner--partnerDetailsCurrency","interaction":{"idSuffix":"inner"}},"clearTextFirst":true,"interactionType":"ENTER_TEXT"}]}
COMMAND: POST /session/cbab2cbbd32afdf19af3e6ba8111c1c3/execute/async - {"script":"<script> [1562 bytes]","args":[{"selector":{"controlType":"sap.m.Button","viewName":"etm.portal.ui.managepartners.view.NewPartner","viewId":"application-managepartners-display-component---NewPartner","properties":{"text":"Commercial"},"interaction":{"idSuffix":"BDI-content"}},"wdio_ui5_key":"etmportal.ui.managepartners.view.NewPartnersap.m.Button{\"text\":\"Commercial\"}"}]}
RESULT: {"script":"<script> [1562 bytes]","args":[{"selector":{"controlType":"sap.m.Button","viewName":"etm.portal.ui.managepartners.view.NewPartner","viewId":"application-managepartners-display-component---NewPartner","properties":{"text":"Commercial"},"interaction":{"idSuffix":"BDI-content"}},"wdio_ui5_key":"etmportal.ui.managepartners.view.NewPartnersap.m.Button{\"text\":\"Commercial\"}"}]}
RESULT: undefined
COMMAND: POST /session/cbab2cbbd32afdf19af3e6ba8111c1c3/element - {"using":"xpath","value":"//*[@id=\"application-managepartners-display-component---NewPartner--ObjectPageLayout-anchBar-__section5-anchor\"]"}
RESULT: {"using":"xpath","value":"//*[@id=\"application-managepartners-display-component---NewPartner--ObjectPageLayout-anchBar-__section5-anchor\"]"}
COMMAND: POST /session/cbab2cbbd32afdf19af3e6ba8111c1c3/element/f.4865000251A30E3BD1E5EDC5108DADF6.d.0042165A5D0262AC8FFFF8DE1F0BDFB7.e.1651/click - {}
RESULT: {}
COMMAND: GET /session/cbab2cbbd32afdf19af3e6ba8111c1c3/screenshot - {}
RESULT: {}
COMMAND: POST /session/cbab2cbbd32afdf19af3e6ba8111c1c3/execute/async - {"script":"<script> [1562 bytes]","args":[{"selector":{"id":"application-managepartners-display-component---NewPartner--btnAddTableRow-img"},"wdio_ui5_key":"applicationmanagepartners-display-component---NewPartner--btnAddTableRow-img"}]}
RESULT: {"script":"<script> [1562 bytes]","args":[{"selector":{"id":"application-managepartners-display-component---NewPartner--btnAddTableRow-img"},"wdio_ui5_key":"applicationmanagepartners-display-component---NewPartner--btnAddTableRow-img"}]}
RESULT: undefined
COMMAND: POST /session/cbab2cbbd32afdf19af3e6ba8111c1c3/element - {"using":"xpath","value":"//*[@id=\"application-managepartners-display-component---NewPartner--btnAddTableRow-img\"]"}
RESULT: {"using":"xpath","value":"//*[@id=\"application-managepartners-display-component---NewPartner--btnAddTableRow-img\"]"}
COMMAND: POST /session/cbab2cbbd32afdf19af3e6ba8111c1c3/element/f.4865000251A30E3BD1E5EDC5108DADF6.d.0042165A5D0262AC8FFFF8DE1F0BDFB7.e.1657/click - {}
RESULT: {}
COMMAND: POST /session/cbab2cbbd32afdf19af3e6ba8111c1c3/element - {"using":"xpath","value":"//input[contains(@id ,\"application-managepartners-display-component---NewPartner--assignmentYard-application-managepartners-display-component---NewPartner\")]"}
COMMAND: GET /session/cbab2cbbd32afdf19af3e6ba8111c1c3/screenshot - {}
RESULT: {"using":"xpath","value":"//input[contains(@id ,\"application-managepartners-display-component---NewPartner--assignmentYard-application-managepartners-display-component---NewPartner\")]"}
COMMAND: POST /session/cbab2cbbd32afdf19af3e6ba8111c1c3/element/f.4865000251A30E3BD1E5EDC5108DADF6.d.0042165A5D0262AC8FFFF8DE1F0BDFB7.e.1660/clear - {}
RESULT: {}
RESULT: {}
COMMAND: POST /session/cbab2cbbd32afdf19af3e6ba8111c1c3/element/f.4865000251A30E3BD1E5EDC5108DADF6.d.0042165A5D0262AC8FFFF8DE1F0BDFB7.e.1660/value - {"text":"556"}
COMMAND: GET /session/cbab2cbbd32afdf19af3e6ba8111c1c3/screenshot - {}
RESULT: {"text":"556"}
COMMAND: GET /session/cbab2cbbd32afdf19af3e6ba8111c1c3/screenshot - {}
RESULT: {}
RESULT: {}
COMMAND: POST /session/cbab2cbbd32afdf19af3e6ba8111c1c3/execute/async - {"script":"<script> [1562 bytes]","args":[{"selector":{"controlType":"sap.m.Button","viewName":"etm.portal.ui.managepartners.view.NewPartner","viewId":"application-managepartners-display-component---NewPartner","i18NText":{"propertyName":"text","key":"save"},"interaction":{"idSuffix":"BDI-content"}},"wdio_ui5_key":"etmportal.ui.managepartners.view.NewPartnersap.m.Button{\"propertyName\":\"text\",\"key\":\"save\"}"}]}
RESULT: {"script":"<script> [1562 bytes]","args":[{"selector":{"controlType":"sap.m.Button","viewName":"etm.portal.ui.managepartners.view.NewPartner","viewId":"application-managepartners-display-component---NewPartner","i18NText":{"propertyName":"text","key":"save"},"interaction":{"idSuffix":"BDI-content"}},"wdio_ui5_key":"etmportal.ui.managepartners.view.NewPartnersap.m.Button{\"propertyName\":\"text\",\"key\":\"save\"}"}]}
RESULT: undefined
COMMAND: POST /session/cbab2cbbd32afdf19af3e6ba8111c1c3/element - {"using":"xpath","value":"//*[@id=\"__button12\"]"}
RESULT: {"using":"xpath","value":"//*[@id=\"__button12\"]"}
COMMAND: POST /session/cbab2cbbd32afdf19af3e6ba8111c1c3/element/f.4865000251A30E3BD1E5EDC5108DADF6.d.0042165A5D0262AC8FFFF8DE1F0BDFB7.e.1593/click - {}
RESULT: {}
COMMAND: GET /session/cbab2cbbd32afdf19af3e6ba8111c1c3/screenshot - {}
RESULT: {}
COMMAND: POST /session/cbab2cbbd32afdf19af3e6ba8111c1c3/element - {"using":"xpath","value":"//header/div/div[2]/div[2]/span"}
RESULT: {"using":"xpath","value":"//header/div/div[2]/div[2]/span"}
COMMAND: GET /session/cbab2cbbd32afdf19af3e6ba8111c1c3/element/f.4865000251A30E3BD1E5EDC5108DADF6.d.0042165A5D0262AC8FFFF8DE1F0BDFB7.e.1833/text - {}
RESULT: {}
COMMAND: POST /session/cbab2cbbd32afdf19af3e6ba8111c1c3/element - {"using":"xpath","value":"//header/div/div/div/div/div/div[2]/div/span"}
RESULT: {"using":"xpath","value":"//header/div/div/div/div/div/div[2]/div/span"}
COMMAND: GET /session/cbab2cbbd32afdf19af3e6ba8111c1c3/element/f.4865000251A30E3BD1E5EDC5108DADF6.d.0042165A5D0262AC8FFFF8DE1F0BDFB7.e.1834/text - {}
RESULT: {}
COMMAND: POST /session/cbab2cbbd32afdf19af3e6ba8111c1c3/execute/async - {"script":"<script> [1562 bytes]","args":[{"selector":{"id":"application-managepartners-display-component---detailPtm--partnerType"},"wdio_ui5_key":"applicationmanagepartners-display-component---detailPtm--partnerType"}]}
RESULT: {"script":"<script> [1562 bytes]","args":[{"selector":{"id":"application-managepartners-display-component---detailPtm--partnerType"},"wdio_ui5_key":"applicationmanagepartners-display-component---detailPtm--partnerType"}]}
RESULT: undefined
COMMAND: POST /session/cbab2cbbd32afdf19af3e6ba8111c1c3/execute/async - {"script":"<script> [6424 bytes]","args":[{"element-6066-11e4-a52e-4f735466cecf":"f.4865000251A30E3BD1E5EDC5108DADF6.d.0042165A5D0262AC8FFFF8DE1F0BDFB7.e.1835"},"getText",[]]}
RESULT: {"script":"<script> [6424 bytes]","args":[{"element-6066-11e4-a52e-4f735466cecf":"f.4865000251A30E3BD1E5EDC5108DADF6.d.0042165A5D0262AC8FFFF8DE1F0BDFB7.e.1835"},"getText",[]]}
COMMAND: POST /session/cbab2cbbd32afdf19af3e6ba8111c1c3/element - {"using":"css selector","value":"#shell-header-logo"}
RESULT: {"using":"css selector","value":"#shell-header-logo"}
COMMAND: POST /session/cbab2cbbd32afdf19af3e6ba8111c1c3/element/f.4865000251A30E3BD1E5EDC5108DADF6.d.0042165A5D0262AC8FFFF8DE1F0BDFB7.e.1177/click - {}
RESULT: {}
COMMAND: GET /session/cbab2cbbd32afdf19af3e6ba8111c1c3/screenshot - {}
RESULT: {}
]]></system-out>
    </testcase>
    <testcase classname="chrome.135_0_7049_96.windows.Manage_Requests_Tags_Tests_US120163" name="Should create a new site" time="88.877">
      <system-out><![CDATA[
COMMAND: POST /session/cbab2cbbd32afdf19af3e6ba8111c1c3/execute/async - {"script":"<script> [1562 bytes]","args":[{"selector":{"controlType":"sap.m.GenericTile","properties":{"header":"Manage Sites"}},"wdio_ui5_key":"sapm.GenericTile{\"header\":\"Manage Sites\"}"}]}
RESULT: {"script":"<script> [1562 bytes]","args":[{"selector":{"controlType":"sap.m.GenericTile","properties":{"header":"Manage Sites"}},"wdio_ui5_key":"sapm.GenericTile{\"header\":\"Manage Sites\"}"}]}
RESULT: undefined
COMMAND: POST /session/cbab2cbbd32afdf19af3e6ba8111c1c3/element - {"using":"xpath","value":"//*[@id=\"__tile40\"]"}
RESULT: {"using":"xpath","value":"//*[@id=\"__tile40\"]"}
COMMAND: POST /session/cbab2cbbd32afdf19af3e6ba8111c1c3/element/f.4865000251A30E3BD1E5EDC5108DADF6.d.0042165A5D0262AC8FFFF8DE1F0BDFB7.e.1837/click - {}
RESULT: {}
COMMAND: GET /session/cbab2cbbd32afdf19af3e6ba8111c1c3/screenshot - {}
RESULT: {}
COMMAND: POST /session/cbab2cbbd32afdf19af3e6ba8111c1c3/execute/async - {"script":"<script> [1562 bytes]","args":[{"selector":{"controlType":"sap.ui.core.Icon","viewName":"etm.portal.ui.managesites.view.Master","viewId":"application-managesites-display-component---masterSite","properties":{"src":{"regex":{"source":"add"}}}},"wdio_ui5_key":"etmportal.ui.managesites.view.Mastersap.ui.core.Icon{\"src\":{\"regex\":{\"source\":\"add\"}}}"}]}
RESULT: {"script":"<script> [1562 bytes]","args":[{"selector":{"controlType":"sap.ui.core.Icon","viewName":"etm.portal.ui.managesites.view.Master","viewId":"application-managesites-display-component---masterSite","properties":{"src":{"regex":{"source":"add"}}}},"wdio_ui5_key":"etmportal.ui.managesites.view.Mastersap.ui.core.Icon{\"src\":{\"regex\":{\"source\":\"add\"}}}"}]}
RESULT: undefined
COMMAND: POST /session/cbab2cbbd32afdf19af3e6ba8111c1c3/element - {"using":"xpath","value":"//*[@id=\"__button52-img\"]"}
RESULT: {"using":"xpath","value":"//*[@id=\"__button52-img\"]"}
COMMAND: POST /session/cbab2cbbd32afdf19af3e6ba8111c1c3/element/f.4865000251A30E3BD1E5EDC5108DADF6.d.0042165A5D0262AC8FFFF8DE1F0BDFB7.e.1884/click - {}
RESULT: {}
COMMAND: POST /session/cbab2cbbd32afdf19af3e6ba8111c1c3/execute/async - {"script":"<script> [1562 bytes]","args":[{"selector":{"id":"application-managesites-display-component---NewSite--siteId","interaction":{"idSuffix":"inner"}},"wdio_ui5_key":"applicationmanagesites-display-component---NewSite--siteId"}]}
COMMAND: GET /session/cbab2cbbd32afdf19af3e6ba8111c1c3/screenshot - {}
RESULT: {"script":"<script> [1562 bytes]","args":[{"selector":{"id":"application-managesites-display-component---NewSite--siteId","interaction":{"idSuffix":"inner"}},"wdio_ui5_key":"applicationmanagesites-display-component---NewSite--siteId"}]}
RESULT: undefined
COMMAND: POST /session/cbab2cbbd32afdf19af3e6ba8111c1c3/execute/async - {"script":"<script> [1562 bytes]","args":[{"selector":{"id":"application-managesites-display-component---NewSite--addressDetailDetailsName1","interaction":{"idSuffix":"inner"}},"wdio_ui5_key":"applicationmanagesites-display-component---NewSite--addressDetailDetailsName1"}]}
RESULT: {}
RESULT: {"script":"<script> [1562 bytes]","args":[{"selector":{"id":"application-managesites-display-component---NewSite--addressDetailDetailsName1","interaction":{"idSuffix":"inner"}},"wdio_ui5_key":"applicationmanagesites-display-component---NewSite--addressDetailDetailsName1"}]}
RESULT: undefined
COMMAND: POST /session/cbab2cbbd32afdf19af3e6ba8111c1c3/execute/async - {"script":"<script> [776 bytes]","args":[{"enterText":"WebdriverSitemct53i","selector":{"id":"application-managesites-display-component---NewSite--addressDetailDetailsName1","interaction":{"idSuffix":"inner"}},"clearTextFirst":true,"interactionType":"ENTER_TEXT"}]}
RESULT: {"script":"<script> [776 bytes]","args":[{"enterText":"WebdriverSitemct53i","selector":{"id":"application-managesites-display-component---NewSite--addressDetailDetailsName1","interaction":{"idSuffix":"inner"}},"clearTextFirst":true,"interactionType":"ENTER_TEXT"}]}
COMMAND: POST /session/cbab2cbbd32afdf19af3e6ba8111c1c3/execute/async - {"script":"<script> [1562 bytes]","args":[{"selector":{"id":"application-managesites-display-component---NewSite--addressDetailDetailsLanguage","interaction":{"idSuffix":"inner"}},"wdio_ui5_key":"applicationmanagesites-display-component---NewSite--addressDetailDetailsLanguage"}]}
RESULT: {"script":"<script> [1562 bytes]","args":[{"selector":{"id":"application-managesites-display-component---NewSite--addressDetailDetailsLanguage","interaction":{"idSuffix":"inner"}},"wdio_ui5_key":"applicationmanagesites-display-component---NewSite--addressDetailDetailsLanguage"}]}
RESULT: undefined
COMMAND: POST /session/cbab2cbbd32afdf19af3e6ba8111c1c3/execute/async - {"script":"<script> [776 bytes]","args":[{"enterText":"Romanian","selector":{"id":"application-managesites-display-component---NewSite--addressDetailDetailsLanguage","interaction":{"idSuffix":"inner"}},"clearTextFirst":true,"interactionType":"ENTER_TEXT"}]}
RESULT: {"script":"<script> [776 bytes]","args":[{"enterText":"Romanian","selector":{"id":"application-managesites-display-component---NewSite--addressDetailDetailsLanguage","interaction":{"idSuffix":"inner"}},"clearTextFirst":true,"interactionType":"ENTER_TEXT"}]}
COMMAND: POST /session/cbab2cbbd32afdf19af3e6ba8111c1c3/execute/async - {"script":"<script> [1562 bytes]","args":[{"selector":{"id":"application-managesites-display-component---NewSite--addressDetailDetailsCity1","interaction":{"idSuffix":"inner"}},"wdio_ui5_key":"applicationmanagesites-display-component---NewSite--addressDetailDetailsCity1"}]}
RESULT: {"script":"<script> [1562 bytes]","args":[{"selector":{"id":"application-managesites-display-component---NewSite--addressDetailDetailsCity1","interaction":{"idSuffix":"inner"}},"wdio_ui5_key":"applicationmanagesites-display-component---NewSite--addressDetailDetailsCity1"}]}
RESULT: undefined
COMMAND: POST /session/cbab2cbbd32afdf19af3e6ba8111c1c3/execute/async - {"script":"<script> [776 bytes]","args":[{"enterText":"Bucharest","selector":{"id":"application-managesites-display-component---NewSite--addressDetailDetailsCity1","interaction":{"idSuffix":"inner"}},"clearTextFirst":true,"interactionType":"ENTER_TEXT"}]}
RESULT: {"script":"<script> [776 bytes]","args":[{"enterText":"Bucharest","selector":{"id":"application-managesites-display-component---NewSite--addressDetailDetailsCity1","interaction":{"idSuffix":"inner"}},"clearTextFirst":true,"interactionType":"ENTER_TEXT"}]}
COMMAND: POST /session/cbab2cbbd32afdf19af3e6ba8111c1c3/execute/async - {"script":"<script> [1562 bytes]","args":[{"selector":{"id":"application-managesites-display-component---NewSite--addressDetailDetailsCountry","interaction":{"idSuffix":"inner"}},"wdio_ui5_key":"applicationmanagesites-display-component---NewSite--addressDetailDetailsCountry"}]}
RESULT: {"script":"<script> [1562 bytes]","args":[{"selector":{"id":"application-managesites-display-component---NewSite--addressDetailDetailsCountry","interaction":{"idSuffix":"inner"}},"wdio_ui5_key":"applicationmanagesites-display-component---NewSite--addressDetailDetailsCountry"}]}
RESULT: undefined
COMMAND: POST /session/cbab2cbbd32afdf19af3e6ba8111c1c3/execute/async - {"script":"<script> [776 bytes]","args":[{"enterText":"Romania","selector":{"id":"application-managesites-display-component---NewSite--addressDetailDetailsCountry","interaction":{"idSuffix":"inner"}},"clearTextFirst":true,"interactionType":"ENTER_TEXT"}]}
RESULT: {"script":"<script> [776 bytes]","args":[{"enterText":"Romania","selector":{"id":"application-managesites-display-component---NewSite--addressDetailDetailsCountry","interaction":{"idSuffix":"inner"}},"clearTextFirst":true,"interactionType":"ENTER_TEXT"}]}
COMMAND: POST /session/cbab2cbbd32afdf19af3e6ba8111c1c3/element - {"using":"css selector","value":"#application-managesites-display-component---NewSite--addressDetailDetailsCalendar-inner"}
RESULT: {"using":"css selector","value":"#application-managesites-display-component---NewSite--addressDetailDetailsCalendar-inner"}
COMMAND: POST /session/cbab2cbbd32afdf19af3e6ba8111c1c3/element/f.4865000251A30E3BD1E5EDC5108DADF6.d.0042165A5D0262AC8FFFF8DE1F0BDFB7.e.2084/clear - {}
RESULT: {}
COMMAND: POST /session/cbab2cbbd32afdf19af3e6ba8111c1c3/element/f.4865000251A30E3BD1E5EDC5108DADF6.d.0042165A5D0262AC8FFFF8DE1F0BDFB7.e.2084/value - {"text":"Germany"}
COMMAND: GET /session/cbab2cbbd32afdf19af3e6ba8111c1c3/screenshot - {}
RESULT: {"text":"Germany"}
COMMAND: POST /session/cbab2cbbd32afdf19af3e6ba8111c1c3/execute/async - {"script":"<script> [1562 bytes]","args":[{"selector":{"id":"application-managesites-display-component---NewSite--addressEditDetailsCostObjectCstType-arrow"},"wdio_ui5_key":"applicationmanagesites-display-component---NewSite--addressEditDetailsCostObjectCstType-arrow"}]}
COMMAND: GET /session/cbab2cbbd32afdf19af3e6ba8111c1c3/screenshot - {}
RESULT: {}
RESULT: {"script":"<script> [1562 bytes]","args":[{"selector":{"id":"application-managesites-display-component---NewSite--addressEditDetailsCostObjectCstType-arrow"},"wdio_ui5_key":"applicationmanagesites-display-component---NewSite--addressEditDetailsCostObjectCstType-arrow"}]}
RESULT: undefined
COMMAND: POST /session/cbab2cbbd32afdf19af3e6ba8111c1c3/element - {"using":"xpath","value":"//*[@id=\"application-managesites-display-component---NewSite--addressEditDetailsCostObjectCstType-arrow\"]"}
RESULT: {}
RESULT: {"using":"xpath","value":"//*[@id=\"application-managesites-display-component---NewSite--addressEditDetailsCostObjectCstType-arrow\"]"}
COMMAND: POST /session/cbab2cbbd32afdf19af3e6ba8111c1c3/element/f.4865000251A30E3BD1E5EDC5108DADF6.d.0042165A5D0262AC8FFFF8DE1F0BDFB7.e.2282/click - {}
RESULT: {}
COMMAND: POST /session/cbab2cbbd32afdf19af3e6ba8111c1c3/element - {"using":"xpath","value":"//span[contains(text(), \"Work Breakdown Structure\")]"}
COMMAND: GET /session/cbab2cbbd32afdf19af3e6ba8111c1c3/screenshot - {}
RESULT: {"using":"xpath","value":"//span[contains(text(), \"Work Breakdown Structure\")]"}
COMMAND: POST /session/cbab2cbbd32afdf19af3e6ba8111c1c3/element/f.4865000251A30E3BD1E5EDC5108DADF6.d.0042165A5D0262AC8FFFF8DE1F0BDFB7.e.2283/click - {}
RESULT: {}
RESULT: {}
COMMAND: GET /session/cbab2cbbd32afdf19af3e6ba8111c1c3/screenshot - {}
RESULT: {}
COMMAND: POST /session/cbab2cbbd32afdf19af3e6ba8111c1c3/execute/async - {"script":"<script> [1562 bytes]","args":[{"selector":{"id":"application-managesites-display-component---NewSite--addressNewCostObjectCstID-vhi"},"wdio_ui5_key":"applicationmanagesites-display-component---NewSite--addressNewCostObjectCstID-vhi"}]}
RESULT: {"script":"<script> [1562 bytes]","args":[{"selector":{"id":"application-managesites-display-component---NewSite--addressNewCostObjectCstID-vhi"},"wdio_ui5_key":"applicationmanagesites-display-component---NewSite--addressNewCostObjectCstID-vhi"}]}
RESULT: undefined
COMMAND: POST /session/cbab2cbbd32afdf19af3e6ba8111c1c3/element - {"using":"xpath","value":"//*[@id=\"application-managesites-display-component---NewSite--addressNewCostObjectCstID-vhi\"]"}
RESULT: {"using":"xpath","value":"//*[@id=\"application-managesites-display-component---NewSite--addressNewCostObjectCstID-vhi\"]"}
COMMAND: POST /session/cbab2cbbd32afdf19af3e6ba8111c1c3/element/f.4865000251A30E3BD1E5EDC5108DADF6.d.0042165A5D0262AC8FFFF8DE1F0BDFB7.e.2287/click - {}
RESULT: {}
COMMAND: GET /session/cbab2cbbd32afdf19af3e6ba8111c1c3/screenshot - {}
RESULT: {}
COMMAND: POST /session/cbab2cbbd32afdf19af3e6ba8111c1c3/execute/async - {"script":"<script> [1562 bytes]","args":[{"selector":{"controlType":"sap.m.SearchField","properties":{"placeholder":"Search"},"searchOpenDialogs":true,"interaction":{"idSuffix":"I"}},"wdio_ui5_key":"sapm.SearchField{\"placeholder\":\"Search\"}"}]}
RESULT: {"script":"<script> [1562 bytes]","args":[{"selector":{"controlType":"sap.m.SearchField","properties":{"placeholder":"Search"},"searchOpenDialogs":true,"interaction":{"idSuffix":"I"}},"wdio_ui5_key":"sapm.SearchField{\"placeholder\":\"Search\"}"}]}
RESULT: undefined
COMMAND: POST /session/cbab2cbbd32afdf19af3e6ba8111c1c3/execute/async - {"script":"<script> [776 bytes]","args":[{"enterText":"A1-000100-01","selector":{"controlType":"sap.m.SearchField","properties":{"placeholder":"Search"},"searchOpenDialogs":true,"interaction":{"idSuffix":"I"}},"clearTextFirst":true,"interactionType":"ENTER_TEXT"}]}
RESULT: {"script":"<script> [776 bytes]","args":[{"enterText":"A1-000100-01","selector":{"controlType":"sap.m.SearchField","properties":{"placeholder":"Search"},"searchOpenDialogs":true,"interaction":{"idSuffix":"I"}},"clearTextFirst":true,"interactionType":"ENTER_TEXT"}]}
COMMAND: POST /session/cbab2cbbd32afdf19af3e6ba8111c1c3/actions - {"actions":[{"id":"action3","type":"key","parameters":{},"actions":[{"type":"keyDown","value":"î€‡"},{"type":"pause","duration":10},{"type":"keyUp","value":"î€‡"}]}]}
RESULT: {"actions":[{"id":"action3","type":"key","parameters":{},"actions":[{"type":"keyDown","value":"î€‡"},{"type":"pause","duration":10},{"type":"keyUp","value":"î€‡"}]}]}
COMMAND: GET /session/cbab2cbbd32afdf19af3e6ba8111c1c3/screenshot - {}
RESULT: {}
COMMAND: POST /session/cbab2cbbd32afdf19af3e6ba8111c1c3/element - {"using":"xpath","value":"//span[contains(text(), \"Template for ETO-Process\")]"}
RESULT: {"using":"xpath","value":"//span[contains(text(), \"Template for ETO-Process\")]"}
COMMAND: POST /session/cbab2cbbd32afdf19af3e6ba8111c1c3/element/f.4865000251A30E3BD1E5EDC5108DADF6.d.0042165A5D0262AC8FFFF8DE1F0BDFB7.e.2306/click - {}
RESULT: {}
COMMAND: GET /session/cbab2cbbd32afdf19af3e6ba8111c1c3/screenshot - {}
RESULT: {}
COMMAND: POST /session/cbab2cbbd32afdf19af3e6ba8111c1c3/element - {"using":"xpath","value":"//bdi[contains(text(), \"OK\")]"}
RESULT: {"using":"xpath","value":"//bdi[contains(text(), \"OK\")]"}
COMMAND: POST /session/cbab2cbbd32afdf19af3e6ba8111c1c3/element/f.4865000251A30E3BD1E5EDC5108DADF6.d.0042165A5D0262AC8FFFF8DE1F0BDFB7.e.2307/click - {}
RESULT: {}
COMMAND: GET /session/cbab2cbbd32afdf19af3e6ba8111c1c3/screenshot - {}
RESULT: {}
COMMAND: POST /session/cbab2cbbd32afdf19af3e6ba8111c1c3/element - {"using":"xpath","value":"//input[@id=\"application-managesites-display-component---NewSite--addressDetailDetailsYard-inner\"]"}
RESULT: {"using":"xpath","value":"//input[@id=\"application-managesites-display-component---NewSite--addressDetailDetailsYard-inner\"]"}
COMMAND: POST /session/cbab2cbbd32afdf19af3e6ba8111c1c3/element/f.4865000251A30E3BD1E5EDC5108DADF6.d.0042165A5D0262AC8FFFF8DE1F0BDFB7.e.2085/value - {"text":"556"}
RESULT: {"text":"556"}
COMMAND: GET /session/cbab2cbbd32afdf19af3e6ba8111c1c3/screenshot - {}
RESULT: {}
COMMAND: POST /session/cbab2cbbd32afdf19af3e6ba8111c1c3/actions - {"actions":[{"id":"action4","type":"key","parameters":{},"actions":[{"type":"keyDown","value":"î€‡"},{"type":"pause","duration":10},{"type":"keyUp","value":"î€‡"}]}]}
RESULT: {"actions":[{"id":"action4","type":"key","parameters":{},"actions":[{"type":"keyDown","value":"î€‡"},{"type":"pause","duration":10},{"type":"keyUp","value":"î€‡"}]}]}
COMMAND: GET /session/cbab2cbbd32afdf19af3e6ba8111c1c3/screenshot - {}
RESULT: {}
COMMAND: POST /session/cbab2cbbd32afdf19af3e6ba8111c1c3/element - {"using":"xpath","value":"//input[@id=\"application-managesites-display-component---NewSite--addressDetailDetailsPartner-inner\"]"}
RESULT: {"using":"xpath","value":"//input[@id=\"application-managesites-display-component---NewSite--addressDetailDetailsPartner-inner\"]"}
COMMAND: POST /session/cbab2cbbd32afdf19af3e6ba8111c1c3/elements - {"using":"xpath","value":"//input[@id=\"application-managesites-display-component---NewSite--addressDetailDetailsPartner-inner\"]"}
RESULT: {"using":"xpath","value":"//input[@id=\"application-managesites-display-component---NewSite--addressDetailDetailsPartner-inner\"]"}
COMMAND: POST /session/cbab2cbbd32afdf19af3e6ba8111c1c3/execute/async - {"script":"<script> [1562 bytes]","args":[{"selector":{"controlType":"sap.m.Button","viewName":"etm.portal.ui.managesites.view.NewSmartSite","viewId":"application-managesites-display-component---NewSite","properties":{"text":"Commercial"},"interaction":{"idSuffix":"BDI-content"}},"wdio_ui5_key":"etmportal.ui.managesites.view.NewSmartSitesap.m.Button{\"text\":\"Commercial\"}"}]}
RESULT: {"script":"<script> [1562 bytes]","args":[{"selector":{"controlType":"sap.m.Button","viewName":"etm.portal.ui.managesites.view.NewSmartSite","viewId":"application-managesites-display-component---NewSite","properties":{"text":"Commercial"},"interaction":{"idSuffix":"BDI-content"}},"wdio_ui5_key":"etmportal.ui.managesites.view.NewSmartSitesap.m.Button{\"text\":\"Commercial\"}"}]}
RESULT: undefined
COMMAND: POST /session/cbab2cbbd32afdf19af3e6ba8111c1c3/element - {"using":"xpath","value":"//*[@id=\"application-managesites-display-component---NewSite--ObjectPageLayout-anchBar-__section31-anchor\"]"}
RESULT: {"using":"xpath","value":"//*[@id=\"application-managesites-display-component---NewSite--ObjectPageLayout-anchBar-__section31-anchor\"]"}
COMMAND: POST /session/cbab2cbbd32afdf19af3e6ba8111c1c3/element/f.4865000251A30E3BD1E5EDC5108DADF6.d.0042165A5D0262AC8FFFF8DE1F0BDFB7.e.2314/click - {}
RESULT: {}
COMMAND: POST /session/cbab2cbbd32afdf19af3e6ba8111c1c3/execute/async - {"script":"<script> [1562 bytes]","args":[{"selector":{"controlType":"sap.m.Button","viewName":"etm.portal.ui.managesites.view.NewSmartSite","viewId":"application-managesites-display-component---NewSite","i18NText":{"propertyName":"text","key":"save"},"interaction":{"idSuffix":"BDI-content"}},"wdio_ui5_key":"etmportal.ui.managesites.view.NewSmartSitesap.m.Button{\"propertyName\":\"text\",\"key\":\"save\"}"}]}
COMMAND: GET /session/cbab2cbbd32afdf19af3e6ba8111c1c3/screenshot - {}
RESULT: {"script":"<script> [1562 bytes]","args":[{"selector":{"controlType":"sap.m.Button","viewName":"etm.portal.ui.managesites.view.NewSmartSite","viewId":"application-managesites-display-component---NewSite","i18NText":{"propertyName":"text","key":"save"},"interaction":{"idSuffix":"BDI-content"}},"wdio_ui5_key":"etmportal.ui.managesites.view.NewSmartSitesap.m.Button{\"propertyName\":\"text\",\"key\":\"save\"}"}]}
RESULT: undefined
COMMAND: POST /session/cbab2cbbd32afdf19af3e6ba8111c1c3/element - {"using":"xpath","value":"//*[@id=\"__button64\"]"}
RESULT: {}
RESULT: {"using":"xpath","value":"//*[@id=\"__button64\"]"}
COMMAND: POST /session/cbab2cbbd32afdf19af3e6ba8111c1c3/element/f.4865000251A30E3BD1E5EDC5108DADF6.d.0042165A5D0262AC8FFFF8DE1F0BDFB7.e.2231/click - {}
RESULT: {}
COMMAND: GET /session/cbab2cbbd32afdf19af3e6ba8111c1c3/screenshot - {}
RESULT: {}
COMMAND: POST /session/cbab2cbbd32afdf19af3e6ba8111c1c3/execute/async - {"script":"<script> [1562 bytes]","args":[{"selector":{"id":"application-managesites-display-component---detailSite--addressDetailDetailsYardText"},"wdio_ui5_key":"applicationmanagesites-display-component---detailSite--addressDetailDetailsYardText"}]}
RESULT: {"script":"<script> [1562 bytes]","args":[{"selector":{"id":"application-managesites-display-component---detailSite--addressDetailDetailsYardText"},"wdio_ui5_key":"applicationmanagesites-display-component---detailSite--addressDetailDetailsYardText"}]}
RESULT: undefined
COMMAND: POST /session/cbab2cbbd32afdf19af3e6ba8111c1c3/element - {"using":"xpath","value":"//header/div/div[2]/div[2]/span"}
RESULT: {"using":"xpath","value":"//header/div/div[2]/div[2]/span"}
COMMAND: GET /session/cbab2cbbd32afdf19af3e6ba8111c1c3/element/f.4865000251A30E3BD1E5EDC5108DADF6.d.0042165A5D0262AC8FFFF8DE1F0BDFB7.e.2515/text - {}
RESULT: {}
COMMAND: POST /session/cbab2cbbd32afdf19af3e6ba8111c1c3/element - {"using":"xpath","value":"//header/div/div/div/div/div/div[2]/div/span"}
RESULT: {"using":"xpath","value":"//header/div/div/div/div/div/div[2]/div/span"}
COMMAND: GET /session/cbab2cbbd32afdf19af3e6ba8111c1c3/element/f.4865000251A30E3BD1E5EDC5108DADF6.d.0042165A5D0262AC8FFFF8DE1F0BDFB7.e.2516/text - {}
RESULT: {}
COMMAND: POST /session/cbab2cbbd32afdf19af3e6ba8111c1c3/element - {"using":"css selector","value":"#shell-header-logo"}
RESULT: {"using":"css selector","value":"#shell-header-logo"}
COMMAND: POST /session/cbab2cbbd32afdf19af3e6ba8111c1c3/element/f.4865000251A30E3BD1E5EDC5108DADF6.d.0042165A5D0262AC8FFFF8DE1F0BDFB7.e.1840/click - {}
RESULT: {}
COMMAND: GET /session/cbab2cbbd32afdf19af3e6ba8111c1c3/screenshot - {}
RESULT: {}
]]></system-out>
    </testcase>
    <testcase classname="chrome.135_0_7049_96.windows.Manage_Requests_Tags_Tests_US120163" name="Should Create New Request Tags" time="207.563">
      <system-out><![CDATA[
COMMAND: POST /session/cbab2cbbd32afdf19af3e6ba8111c1c3/execute/async - {"script":"<script> [1562 bytes]","args":[{"selector":{"controlType":"sap.m.GenericTile","properties":{"header":"Manage Requests"}},"wdio_ui5_key":"sapm.GenericTile{\"header\":\"Manage Requests\"}"}]}
RESULT: {"script":"<script> [1562 bytes]","args":[{"selector":{"controlType":"sap.m.GenericTile","properties":{"header":"Manage Requests"}},"wdio_ui5_key":"sapm.GenericTile{\"header\":\"Manage Requests\"}"}]}
RESULT: undefined
COMMAND: POST /session/cbab2cbbd32afdf19af3e6ba8111c1c3/element - {"using":"xpath","value":"//*[@id=\"__tile47\"]"}
RESULT: {"using":"xpath","value":"//*[@id=\"__tile47\"]"}
COMMAND: POST /session/cbab2cbbd32afdf19af3e6ba8111c1c3/element/f.4865000251A30E3BD1E5EDC5108DADF6.d.0042165A5D0262AC8FFFF8DE1F0BDFB7.e.2519/click - {}
RESULT: {}
COMMAND: GET /session/cbab2cbbd32afdf19af3e6ba8111c1c3/screenshot - {}
RESULT: {}
COMMAND: POST /session/cbab2cbbd32afdf19af3e6ba8111c1c3/element - {"using":"xpath","value":"//button[contains(@data-kt ,\"btnCreateNewOverflowToolbarButton\")]"}
COMMAND: POST /session/cbab2cbbd32afdf19af3e6ba8111c1c3/element - {"using":"xpath","value":"(//span[contains(@class ,\"sapMObjStatusText\")])[1]"}
RESULT: {"using":"xpath","value":"//button[contains(@data-kt ,\"btnCreateNewOverflowToolbarButton\")]"}
COMMAND: POST /session/cbab2cbbd32afdf19af3e6ba8111c1c3/element/f.4865000251A30E3BD1E5EDC5108DADF6.d.0042165A5D0262AC8FFFF8DE1F0BDFB7.e.2558/click - {}
RESULT: {"using":"xpath","value":"(//span[contains(@class ,\"sapMObjStatusText\")])[1]"}
COMMAND: POST /session/cbab2cbbd32afdf19af3e6ba8111c1c3/element - {"using":"xpath","value":"(//span[contains(@class ,\"sapMObjStatusText\")])[1]"}
RESULT: {}
COMMAND: GET /session/cbab2cbbd32afdf19af3e6ba8111c1c3/screenshot - {}
RESULT: {"using":"xpath","value":"(//span[contains(@class ,\"sapMObjStatusText\")])[1]"}
COMMAND: POST /session/cbab2cbbd32afdf19af3e6ba8111c1c3/element - {"using":"xpath","value":"(//span[contains(@class ,\"sapMObjStatusText\")])[1]"}
RESULT: {}
RESULT: {"using":"xpath","value":"(//span[contains(@class ,\"sapMObjStatusText\")])[1]"}
COMMAND: POST /session/cbab2cbbd32afdf19af3e6ba8111c1c3/element - {"using":"xpath","value":"(//span[contains(@class ,\"sapMObjStatusText\")])[1]"}
RESULT: {"using":"xpath","value":"(//span[contains(@class ,\"sapMObjStatusText\")])[1]"}
COMMAND: POST /session/cbab2cbbd32afdf19af3e6ba8111c1c3/execute/sync - {"script":"<script> [8489 bytes]","args":[{"element-6066-11e4-a52e-4f735466cecf":"f.4865000251A30E3BD1E5EDC5108DADF6.d.0042165A5D0262AC8FFFF8DE1F0BDFB7.e.2615","ELEMENT":"f.4865000251A30E3BD1E5EDC5108DADF6.d.0042165A5D0262AC8FFFF8DE1F0BDFB7.e.2615"}]}
RESULT: {"script":"<script> [8489 bytes]","args":[{"element-6066-11e4-a52e-4f735466cecf":"f.4865000251A30E3BD1E5EDC5108DADF6.d.0042165A5D0262AC8FFFF8DE1F0BDFB7.e.2615","ELEMENT":"f.4865000251A30E3BD1E5EDC5108DADF6.d.0042165A5D0262AC8FFFF8DE1F0BDFB7.e.2615"}]}
COMMAND: GET /session/cbab2cbbd32afdf19af3e6ba8111c1c3/screenshot - {}
RESULT: {}
COMMAND: POST /session/cbab2cbbd32afdf19af3e6ba8111c1c3/element - {"using":"xpath","value":"//input[contains(@id ,\"yardId-inner\")]"}
RESULT: {"using":"xpath","value":"//input[contains(@id ,\"yardId-inner\")]"}
COMMAND: POST /session/cbab2cbbd32afdf19af3e6ba8111c1c3/element - {"using":"xpath","value":"//input[contains(@id ,\"yardId-inner\")]"}
RESULT: {"using":"xpath","value":"//input[contains(@id ,\"yardId-inner\")]"}
COMMAND: POST /session/cbab2cbbd32afdf19af3e6ba8111c1c3/element/f.4865000251A30E3BD1E5EDC5108DADF6.d.0042165A5D0262AC8FFFF8DE1F0BDFB7.e.2558/click - {}
RESULT: {}
COMMAND: GET /session/cbab2cbbd32afdf19af3e6ba8111c1c3/screenshot - {}
RESULT: {}
COMMAND: POST /session/cbab2cbbd32afdf19af3e6ba8111c1c3/element - {"using":"xpath","value":"//input[contains(@id ,\"yardId-inner\")]"}
RESULT: {"using":"xpath","value":"//input[contains(@id ,\"yardId-inner\")]"}
COMMAND: GET /session/cbab2cbbd32afdf19af3e6ba8111c1c3/element/f.4865000251A30E3BD1E5EDC5108DADF6.d.0042165A5D0262AC8FFFF8DE1F0BDFB7.e.2809/enabled - {}
RESULT: {}
COMMAND: POST /session/cbab2cbbd32afdf19af3e6ba8111c1c3/element/f.4865000251A30E3BD1E5EDC5108DADF6.d.0042165A5D0262AC8FFFF8DE1F0BDFB7.e.2809/clear - {}
COMMAND: GET /session/cbab2cbbd32afdf19af3e6ba8111c1c3/screenshot - {}
RESULT: {}
COMMAND: POST /session/cbab2cbbd32afdf19af3e6ba8111c1c3/element/f.4865000251A30E3BD1E5EDC5108DADF6.d.0042165A5D0262AC8FFFF8DE1F0BDFB7.e.2809/value - {"text":"WebdriverYardgw1hi"}
COMMAND: GET /session/cbab2cbbd32afdf19af3e6ba8111c1c3/screenshot - {}
RESULT: {}
RESULT: {"text":"WebdriverYardgw1hi"}
COMMAND: GET /session/cbab2cbbd32afdf19af3e6ba8111c1c3/screenshot - {}
RESULT: {}
RESULT: {}
COMMAND: POST /session/cbab2cbbd32afdf19af3e6ba8111c1c3/element - {"using":"xpath","value":"//input[contains(@id ,\"customerNumber-inner\")]"}
RESULT: {"using":"xpath","value":"//input[contains(@id ,\"customerNumber-inner\")]"}
COMMAND: POST /session/cbab2cbbd32afdf19af3e6ba8111c1c3/element/f.4865000251A30E3BD1E5EDC5108DADF6.d.0042165A5D0262AC8FFFF8DE1F0BDFB7.e.2803/value - {"text":"WebdriverPartnerlkand"}
RESULT: {"text":"WebdriverPartnerlkand"}
COMMAND: GET /session/cbab2cbbd32afdf19af3e6ba8111c1c3/screenshot - {}
COMMAND: POST /session/cbab2cbbd32afdf19af3e6ba8111c1c3/actions - {"actions":[{"id":"action5","type":"key","parameters":{},"actions":[{"type":"keyDown","value":"î€‡"},{"type":"pause","duration":10},{"type":"keyUp","value":"î€‡"}]}]}
RESULT: {}
RESULT: {"actions":[{"id":"action5","type":"key","parameters":{},"actions":[{"type":"keyDown","value":"î€‡"},{"type":"pause","duration":10},{"type":"keyUp","value":"î€‡"}]}]}
COMMAND: GET /session/cbab2cbbd32afdf19af3e6ba8111c1c3/screenshot - {}
RESULT: {}
COMMAND: POST /session/cbab2cbbd32afdf19af3e6ba8111c1c3/element/f.4865000251A30E3BD1E5EDC5108DADF6.d.0042165A5D0262AC8FFFF8DE1F0BDFB7.e.2809/clear - {}
RESULT: {}
COMMAND: POST /session/cbab2cbbd32afdf19af3e6ba8111c1c3/element/f.4865000251A30E3BD1E5EDC5108DADF6.d.0042165A5D0262AC8FFFF8DE1F0BDFB7.e.2809/clear - {}
COMMAND: GET /session/cbab2cbbd32afdf19af3e6ba8111c1c3/screenshot - {}
RESULT: {}
COMMAND: POST /session/cbab2cbbd32afdf19af3e6ba8111c1c3/element/f.4865000251A30E3BD1E5EDC5108DADF6.d.0042165A5D0262AC8FFFF8DE1F0BDFB7.e.2809/value - {"text":"WebdriverYardgw1hi"}
COMMAND: GET /session/cbab2cbbd32afdf19af3e6ba8111c1c3/screenshot - {}
RESULT: {}
RESULT: {"text":"WebdriverYardgw1hi"}
COMMAND: GET /session/cbab2cbbd32afdf19af3e6ba8111c1c3/screenshot - {}
RESULT: {}
RESULT: {}
COMMAND: POST /session/cbab2cbbd32afdf19af3e6ba8111c1c3/actions - {"actions":[{"id":"action6","type":"key","parameters":{},"actions":[{"type":"keyDown","value":"î€‡"},{"type":"pause","duration":10},{"type":"keyUp","value":"î€‡"}]}]}
RESULT: {"actions":[{"id":"action6","type":"key","parameters":{},"actions":[{"type":"keyDown","value":"î€‡"},{"type":"pause","duration":10},{"type":"keyUp","value":"î€‡"}]}]}
COMMAND: GET /session/cbab2cbbd32afdf19af3e6ba8111c1c3/screenshot - {}
RESULT: {}
COMMAND: POST /session/cbab2cbbd32afdf19af3e6ba8111c1c3/actions - {"actions":[{"id":"action7","type":"key","parameters":{},"actions":[{"type":"keyDown","value":"î€‡"},{"type":"pause","duration":10},{"type":"keyUp","value":"î€‡"}]}]}
COMMAND: GET /session/cbab2cbbd32afdf19af3e6ba8111c1c3/element/f.4865000251A30E3BD1E5EDC5108DADF6.d.0042165A5D0262AC8FFFF8DE1F0BDFB7.e.2803/property/value - {}
RESULT: {"actions":[{"id":"action7","type":"key","parameters":{},"actions":[{"type":"keyDown","value":"î€‡"},{"type":"pause","duration":10},{"type":"keyUp","value":"î€‡"}]}]}
COMMAND: GET /session/cbab2cbbd32afdf19af3e6ba8111c1c3/screenshot - {}
RESULT: {}
COMMAND: POST /session/cbab2cbbd32afdf19af3e6ba8111c1c3/element/f.4865000251A30E3BD1E5EDC5108DADF6.d.0042165A5D0262AC8FFFF8DE1F0BDFB7.e.2803/value - {"text":"WebdriverPartnerlkand"}
COMMAND: GET /session/cbab2cbbd32afdf19af3e6ba8111c1c3/screenshot - {}
RESULT: {}
RESULT: {"text":"WebdriverPartnerlkand"}
COMMAND: GET /session/cbab2cbbd32afdf19af3e6ba8111c1c3/screenshot - {}
RESULT: {}
RESULT: {}
COMMAND: POST /session/cbab2cbbd32afdf19af3e6ba8111c1c3/actions - {"actions":[{"id":"action8","type":"key","parameters":{},"actions":[{"type":"keyDown","value":"î€‡"},{"type":"pause","duration":10},{"type":"keyUp","value":"î€‡"}]}]}
RESULT: {"actions":[{"id":"action8","type":"key","parameters":{},"actions":[{"type":"keyDown","value":"î€‡"},{"type":"pause","duration":10},{"type":"keyUp","value":"î€‡"}]}]}
COMMAND: GET /session/cbab2cbbd32afdf19af3e6ba8111c1c3/screenshot - {}
RESULT: {}
COMMAND: POST /session/cbab2cbbd32afdf19af3e6ba8111c1c3/element - {"using":"xpath","value":"//input[contains(@id ,\"requestSiteId-inner\")]"}
RESULT: {"using":"xpath","value":"//input[contains(@id ,\"requestSiteId-inner\")]"}
COMMAND: POST /session/cbab2cbbd32afdf19af3e6ba8111c1c3/element/f.4865000251A30E3BD1E5EDC5108DADF6.d.0042165A5D0262AC8FFFF8DE1F0BDFB7.e.2802/value - {"text":"WebdriverSitemct53i"}
RESULT: {"text":"WebdriverSitemct53i"}
COMMAND: GET /session/cbab2cbbd32afdf19af3e6ba8111c1c3/screenshot - {}
RESULT: {}
COMMAND: POST /session/cbab2cbbd32afdf19af3e6ba8111c1c3/actions - {"actions":[{"id":"action9","type":"key","parameters":{},"actions":[{"type":"keyDown","value":"î€‡"},{"type":"pause","duration":10},{"type":"keyUp","value":"î€‡"}]}]}
RESULT: {"actions":[{"id":"action9","type":"key","parameters":{},"actions":[{"type":"keyDown","value":"î€‡"},{"type":"pause","duration":10},{"type":"keyUp","value":"î€‡"}]}]}
COMMAND: GET /session/cbab2cbbd32afdf19af3e6ba8111c1c3/screenshot - {}
RESULT: {}
COMMAND: POST /session/cbab2cbbd32afdf19af3e6ba8111c1c3/execute/async - {"script":"<script> [1562 bytes]","args":[{"selector":{"controlType":"sap.m.Input","viewName":"etm.portal.ui.managerequests.view.NewRequest","bindingPath":{"path":"","propertyPath":"/DESCRIPTION","modelName":"oNewRequestModel"},"interaction":{"idSuffix":"inner"}},"wdio_ui5_key":"etmportal.ui.managerequests.view.NewRequestsap.m.Input{\"path\":\"\",\"propertyPath\":\"/DESCRIPTION\",\"modelName\":\"oNewRequestModel\"}"}]}
RESULT: {"script":"<script> [1562 bytes]","args":[{"selector":{"controlType":"sap.m.Input","viewName":"etm.portal.ui.managerequests.view.NewRequest","bindingPath":{"path":"","propertyPath":"/DESCRIPTION","modelName":"oNewRequestModel"},"interaction":{"idSuffix":"inner"}},"wdio_ui5_key":"etmportal.ui.managerequests.view.NewRequestsap.m.Input{\"path\":\"\",\"propertyPath\":\"/DESCRIPTION\",\"modelName\":\"oNewRequestModel\"}"}]}
RESULT: undefined
COMMAND: POST /session/cbab2cbbd32afdf19af3e6ba8111c1c3/execute/async - {"script":"<script> [776 bytes]","args":[{"enterText":"Wdi5 Tags Test","selector":{"controlType":"sap.m.Input","viewName":"etm.portal.ui.managerequests.view.NewRequest","bindingPath":{"path":"","propertyPath":"/DESCRIPTION","modelName":"oNewRequestModel"},"interaction":{"idSuffix":"inner"}},"clearTextFirst":true,"interactionType":"ENTER_TEXT"}]}
RESULT: {"script":"<script> [776 bytes]","args":[{"enterText":"Wdi5 Tags Test","selector":{"controlType":"sap.m.Input","viewName":"etm.portal.ui.managerequests.view.NewRequest","bindingPath":{"path":"","propertyPath":"/DESCRIPTION","modelName":"oNewRequestModel"},"interaction":{"idSuffix":"inner"}},"clearTextFirst":true,"interactionType":"ENTER_TEXT"}]}
COMMAND: POST /session/cbab2cbbd32afdf19af3e6ba8111c1c3/execute/async - {"script":"<script> [1562 bytes]","args":[{"selector":{"id":"tagInputAdd","viewName":"etm.portal.ui.managerequests.view.NewRequest","interaction":{"idSuffix":"inner"}},"wdio_ui5_key":"tagInputAddetmportal.ui.managerequests.view.NewRequest"}]}
RESULT: {"script":"<script> [1562 bytes]","args":[{"selector":{"id":"tagInputAdd","viewName":"etm.portal.ui.managerequests.view.NewRequest","interaction":{"idSuffix":"inner"}},"wdio_ui5_key":"tagInputAddetmportal.ui.managerequests.view.NewRequest"}]}
RESULT: undefined
COMMAND: POST /session/cbab2cbbd32afdf19af3e6ba8111c1c3/execute/async - {"script":"<script> [776 bytes]","args":[{"enterText":"RefTag","selector":{"id":"tagInputAdd","viewName":"etm.portal.ui.managerequests.view.NewRequest","interaction":{"idSuffix":"inner"}},"clearTextFirst":true,"interactionType":"ENTER_TEXT"}]}
RESULT: {"script":"<script> [776 bytes]","args":[{"enterText":"RefTag","selector":{"id":"tagInputAdd","viewName":"etm.portal.ui.managerequests.view.NewRequest","interaction":{"idSuffix":"inner"}},"clearTextFirst":true,"interactionType":"ENTER_TEXT"}]}
COMMAND: POST /session/cbab2cbbd32afdf19af3e6ba8111c1c3/actions - {"actions":[{"id":"action10","type":"key","parameters":{},"actions":[{"type":"keyDown","value":"î€‡"},{"type":"pause","duration":10},{"type":"keyUp","value":"î€‡"}]}]}
RESULT: {"actions":[{"id":"action10","type":"key","parameters":{},"actions":[{"type":"keyDown","value":"î€‡"},{"type":"pause","duration":10},{"type":"keyUp","value":"î€‡"}]}]}
COMMAND: GET /session/cbab2cbbd32afdf19af3e6ba8111c1c3/screenshot - {}
RESULT: {}
RESULT: undefined
COMMAND: POST /session/cbab2cbbd32afdf19af3e6ba8111c1c3/execute/async - {"script":"<script> [776 bytes]","args":[{"enterText":"tag-header","selector":{"id":"tagInputAdd","viewName":"etm.portal.ui.managerequests.view.NewRequest","interaction":{"idSuffix":"inner"}},"clearTextFirst":true,"interactionType":"ENTER_TEXT"}]}
RESULT: {"script":"<script> [776 bytes]","args":[{"enterText":"tag-header","selector":{"id":"tagInputAdd","viewName":"etm.portal.ui.managerequests.view.NewRequest","interaction":{"idSuffix":"inner"}},"clearTextFirst":true,"interactionType":"ENTER_TEXT"}]}
COMMAND: POST /session/cbab2cbbd32afdf19af3e6ba8111c1c3/actions - {"actions":[{"id":"action11","type":"key","parameters":{},"actions":[{"type":"keyDown","value":"î€‡"},{"type":"pause","duration":10},{"type":"keyUp","value":"î€‡"}]}]}
RESULT: {"actions":[{"id":"action11","type":"key","parameters":{},"actions":[{"type":"keyDown","value":"î€‡"},{"type":"pause","duration":10},{"type":"keyUp","value":"î€‡"}]}]}
COMMAND: GET /session/cbab2cbbd32afdf19af3e6ba8111c1c3/screenshot - {}
RESULT: {}
RESULT: undefined
COMMAND: POST /session/cbab2cbbd32afdf19af3e6ba8111c1c3/execute/async - {"script":"<script> [776 bytes]","args":[{"enterText":"tag-duplicate","selector":{"id":"tagInputAdd","viewName":"etm.portal.ui.managerequests.view.NewRequest","interaction":{"idSuffix":"inner"}},"clearTextFirst":true,"interactionType":"ENTER_TEXT"}]}
RESULT: {"script":"<script> [776 bytes]","args":[{"enterText":"tag-duplicate","selector":{"id":"tagInputAdd","viewName":"etm.portal.ui.managerequests.view.NewRequest","interaction":{"idSuffix":"inner"}},"clearTextFirst":true,"interactionType":"ENTER_TEXT"}]}
COMMAND: POST /session/cbab2cbbd32afdf19af3e6ba8111c1c3/actions - {"actions":[{"id":"action12","type":"key","parameters":{},"actions":[{"type":"keyDown","value":"î€‡"},{"type":"pause","duration":10},{"type":"keyUp","value":"î€‡"}]}]}
RESULT: {"actions":[{"id":"action12","type":"key","parameters":{},"actions":[{"type":"keyDown","value":"î€‡"},{"type":"pause","duration":10},{"type":"keyUp","value":"î€‡"}]}]}
COMMAND: GET /session/cbab2cbbd32afdf19af3e6ba8111c1c3/screenshot - {}
RESULT: {}
COMMAND: POST /session/cbab2cbbd32afdf19af3e6ba8111c1c3/execute/async - {"script":"<script> [1562 bytes]","args":[{"selector":{"id":"tagsLayoutAdd","viewName":"etm.portal.ui.managerequests.view.NewRequest"},"wdio_ui5_key":"tagsLayoutAddetmportal.ui.managerequests.view.NewRequest"}]}
RESULT: {"script":"<script> [1562 bytes]","args":[{"selector":{"id":"tagsLayoutAdd","viewName":"etm.portal.ui.managerequests.view.NewRequest"},"wdio_ui5_key":"tagsLayoutAddetmportal.ui.managerequests.view.NewRequest"}]}
RESULT: undefined
COMMAND: POST /session/cbab2cbbd32afdf19af3e6ba8111c1c3/execute/async - {"script":"<script> [6424 bytes]","args":[{"element-6066-11e4-a52e-4f735466cecf":"f.4865000251A30E3BD1E5EDC5108DADF6.d.0042165A5D0262AC8FFFF8DE1F0BDFB7.e.2940"},"getTokens",[]]}
RESULT: {"script":"<script> [6424 bytes]","args":[{"element-6066-11e4-a52e-4f735466cecf":"f.4865000251A30E3BD1E5EDC5108DADF6.d.0042165A5D0262AC8FFFF8DE1F0BDFB7.e.2940"},"getTokens",[]]}
COMMAND: POST /session/cbab2cbbd32afdf19af3e6ba8111c1c3/execute/async - {"script":"<script> [1562 bytes]","args":[{"wdio_ui5_key":"__token9","selector":{"id":"__token9"}}]}
COMMAND: POST /session/cbab2cbbd32afdf19af3e6ba8111c1c3/execute/async - {"script":"<script> [1562 bytes]","args":[{"wdio_ui5_key":"__token10","selector":{"id":"__token10"}}]}
COMMAND: POST /session/cbab2cbbd32afdf19af3e6ba8111c1c3/execute/async - {"script":"<script> [1562 bytes]","args":[{"wdio_ui5_key":"__token8","selector":{"id":"__token8"}}]}
RESULT: {"script":"<script> [1562 bytes]","args":[{"wdio_ui5_key":"__token8","selector":{"id":"__token8"}}]}
RESULT: undefined
RESULT: {"script":"<script> [1562 bytes]","args":[{"wdio_ui5_key":"__token10","selector":{"id":"__token10"}}]}
RESULT: undefined
RESULT: {"script":"<script> [1562 bytes]","args":[{"wdio_ui5_key":"__token9","selector":{"id":"__token9"}}]}
RESULT: undefined
COMMAND: POST /session/cbab2cbbd32afdf19af3e6ba8111c1c3/execute/async - {"script":"<script> [1562 bytes]","args":[{"selector":{"controlType":"sap.ui.core.Icon","viewName":"etm.portal.ui.managerequests.view.NewRequest","properties":{"src":{"regex":{"source":"decline"}}},"ancestor":{"controlType":"sap.m.Token","viewName":"etm.portal.ui.managerequests.view.NewRequest","properties":{"text":"tag-duplicate"}}},"wdio_ui5_key":"etmportal.ui.managerequests.view.NewRequestsap.ui.core.Icon{\"src\":{\"regex\":{\"source\":\"decline\"}}}{\"controlType\":\"sap.m.Token\",\"viewName\":\"etm.portal.ui.managerequests.view.NewRequest\",\"properties\":{\"text\":\"tag-duplicate\"}}"}]}
RESULT: {"script":"<script> [1562 bytes]","args":[{"selector":{"controlType":"sap.ui.core.Icon","viewName":"etm.portal.ui.managerequests.view.NewRequest","properties":{"src":{"regex":{"source":"decline"}}},"ancestor":{"controlType":"sap.m.Token","viewName":"etm.portal.ui.managerequests.view.NewRequest","properties":{"text":"tag-duplicate"}}},"wdio_ui5_key":"etmportal.ui.managerequests.view.NewRequestsap.ui.core.Icon{\"src\":{\"regex\":{\"source\":\"decline\"}}}{\"controlType\":\"sap.m.Token\",\"viewName\":\"etm.portal.ui.managerequests.view.NewRequest\",\"properties\":{\"text\":\"tag-duplicate\"}}"}]}
RESULT: undefined
COMMAND: POST /session/cbab2cbbd32afdf19af3e6ba8111c1c3/element - {"using":"xpath","value":"//*[@id=\"__token10-icon\"]"}
RESULT: {"using":"xpath","value":"//*[@id=\"__token10-icon\"]"}
COMMAND: POST /session/cbab2cbbd32afdf19af3e6ba8111c1c3/element/f.4865000251A30E3BD1E5EDC5108DADF6.d.0042165A5D0262AC8FFFF8DE1F0BDFB7.e.2969/click - {}
RESULT: {}
COMMAND: POST /session/cbab2cbbd32afdf19af3e6ba8111c1c3/execute/async - {"script":"<script> [1562 bytes]","args":[{"selector":{"controlType":"sap.ui.core.Icon","viewName":"etm.portal.ui.managerequests.view.NewRequest","properties":{"src":{"regex":{"source":"decline"}}},"ancestor":{"controlType":"sap.m.Token","viewName":"etm.portal.ui.managerequests.view.NewRequest","properties":{"text":"tag1"}}},"wdio_ui5_key":"etmportal.ui.managerequests.view.NewRequestsap.ui.core.Icon{\"src\":{\"regex\":{\"source\":\"decline\"}}}{\"controlType\":\"sap.m.Token\",\"viewName\":\"etm.portal.ui.managerequests.view.NewRequest\",\"properties\":{\"text\":\"tag1\"}}"}]}
COMMAND: GET /session/cbab2cbbd32afdf19af3e6ba8111c1c3/screenshot - {}
RESULT: {"script":"<script> [1562 bytes]","args":[{"selector":{"controlType":"sap.ui.core.Icon","viewName":"etm.portal.ui.managerequests.view.NewRequest","properties":{"src":{"regex":{"source":"decline"}}},"ancestor":{"controlType":"sap.m.Token","viewName":"etm.portal.ui.managerequests.view.NewRequest","properties":{"text":"tag1"}}},"wdio_ui5_key":"etmportal.ui.managerequests.view.NewRequestsap.ui.core.Icon{\"src\":{\"regex\":{\"source\":\"decline\"}}}{\"controlType\":\"sap.m.Token\",\"viewName\":\"etm.portal.ui.managerequests.view.NewRequest\",\"properties\":{\"text\":\"tag1\"}}"}]}
RESULT: undefined
RESULT: {}
COMMAND: POST /session/cbab2cbbd32afdf19af3e6ba8111c1c3/actions - {"actions":[{"id":"action13","type":"key","parameters":{},"actions":[{"type":"keyDown","value":"î€Œ"},{"type":"pause","duration":10},{"type":"keyUp","value":"î€Œ"}]}]}
RESULT: {"actions":[{"id":"action13","type":"key","parameters":{},"actions":[{"type":"keyDown","value":"î€Œ"},{"type":"pause","duration":10},{"type":"keyUp","value":"î€Œ"}]}]}
COMMAND: GET /session/cbab2cbbd32afdf19af3e6ba8111c1c3/screenshot - {}
RESULT: {}
RESULT: undefined
COMMAND: POST /session/cbab2cbbd32afdf19af3e6ba8111c1c3/execute/async - {"script":"<script> [6424 bytes]","args":[{"element-6066-11e4-a52e-4f735466cecf":"f.4865000251A30E3BD1E5EDC5108DADF6.d.0042165A5D0262AC8FFFF8DE1F0BDFB7.e.2940"},"getTokens",[]]}
RESULT: {"script":"<script> [6424 bytes]","args":[{"element-6066-11e4-a52e-4f735466cecf":"f.4865000251A30E3BD1E5EDC5108DADF6.d.0042165A5D0262AC8FFFF8DE1F0BDFB7.e.2940"},"getTokens",[]]}
RESULT: undefined
RESULT: undefined
COMMAND: POST /session/cbab2cbbd32afdf19af3e6ba8111c1c3/execute/async - {"script":"<script> [1562 bytes]","args":[{"selector":{"controlType":"sap.m.Button","viewName":"etm.portal.ui.managerequests.view.NewRequest","properties":{"text":"Items"},"interaction":{"idSuffix":"BDI-content"}},"wdio_ui5_key":"etmportal.ui.managerequests.view.NewRequestsap.m.Button{\"text\":\"Items\"}"}]}
RESULT: {"script":"<script> [1562 bytes]","args":[{"selector":{"controlType":"sap.m.Button","viewName":"etm.portal.ui.managerequests.view.NewRequest","properties":{"text":"Items"},"interaction":{"idSuffix":"BDI-content"}},"wdio_ui5_key":"etmportal.ui.managerequests.view.NewRequestsap.m.Button{\"text\":\"Items\"}"}]}
RESULT: undefined
COMMAND: POST /session/cbab2cbbd32afdf19af3e6ba8111c1c3/element - {"using":"xpath","value":"//*[@id=\"__xmlview59--newRequestPage-anchBar-__xmlview59--requestItemsSection-anchor\"]"}
RESULT: {"using":"xpath","value":"//*[@id=\"__xmlview59--newRequestPage-anchBar-__xmlview59--requestItemsSection-anchor\"]"}
COMMAND: POST /session/cbab2cbbd32afdf19af3e6ba8111c1c3/element/f.4865000251A30E3BD1E5EDC5108DADF6.d.0042165A5D0262AC8FFFF8DE1F0BDFB7.e.2976/click - {}
RESULT: {}
COMMAND: GET /session/cbab2cbbd32afdf19af3e6ba8111c1c3/screenshot - {}
RESULT: {}
COMMAND: POST /session/cbab2cbbd32afdf19af3e6ba8111c1c3/execute/async - {"script":"<script> [1562 bytes]","args":[{"selector":{"controlType":"sap.ui.core.Icon","viewName":"etm.portal.ui.managerequests.view.NewRequest","properties":{"src":{"regex":{"source":"inspect"}}}},"wdio_ui5_key":"etmportal.ui.managerequests.view.NewRequestsap.ui.core.Icon{\"src\":{\"regex\":{\"source\":\"inspect\"}}}"}]}
RESULT: {"script":"<script> [1562 bytes]","args":[{"selector":{"controlType":"sap.ui.core.Icon","viewName":"etm.portal.ui.managerequests.view.NewRequest","properties":{"src":{"regex":{"source":"inspect"}}}},"wdio_ui5_key":"etmportal.ui.managerequests.view.NewRequestsap.ui.core.Icon{\"src\":{\"regex\":{\"source\":\"inspect\"}}}"}]}
RESULT: undefined
COMMAND: POST /session/cbab2cbbd32afdf19af3e6ba8111c1c3/element - {"using":"xpath","value":"//*[@id=\"__button114-img\"]"}
RESULT: {"using":"xpath","value":"//*[@id=\"__button114-img\"]"}
COMMAND: POST /session/cbab2cbbd32afdf19af3e6ba8111c1c3/element/f.4865000251A30E3BD1E5EDC5108DADF6.d.0042165A5D0262AC8FFFF8DE1F0BDFB7.e.2981/click - {}
RESULT: {}
COMMAND: GET /session/cbab2cbbd32afdf19af3e6ba8111c1c3/screenshot - {}
RESULT: {}
COMMAND: POST /session/cbab2cbbd32afdf19af3e6ba8111c1c3/execute/async - {"script":"<script> [1562 bytes]","args":[{"selector":{"controlType":"sap.ui.core.Icon","viewName":"etm.portal.ui.managerequests.view.NewRequest","properties":{"src":{"regex":{"source":"add"}}}},"wdio_ui5_key":"etmportal.ui.managerequests.view.NewRequestsap.ui.core.Icon{\"src\":{\"regex\":{\"source\":\"add\"}}}"}]}
RESULT: {"script":"<script> [1562 bytes]","args":[{"selector":{"controlType":"sap.ui.core.Icon","viewName":"etm.portal.ui.managerequests.view.NewRequest","properties":{"src":{"regex":{"source":"add"}}}},"wdio_ui5_key":"etmportal.ui.managerequests.view.NewRequestsap.ui.core.Icon{\"src\":{\"regex\":{\"source\":\"add\"}}}"}]}
RESULT: undefined
COMMAND: POST /session/cbab2cbbd32afdf19af3e6ba8111c1c3/element - {"using":"xpath","value":"//*[@id=\"__xmlview59--btnAddTableRow-img\"]"}
RESULT: {"using":"xpath","value":"//*[@id=\"__xmlview59--btnAddTableRow-img\"]"}
COMMAND: POST /session/cbab2cbbd32afdf19af3e6ba8111c1c3/element/f.4865000251A30E3BD1E5EDC5108DADF6.d.0042165A5D0262AC8FFFF8DE1F0BDFB7.e.2783/click - {}
RESULT: {}
COMMAND: GET /session/cbab2cbbd32afdf19af3e6ba8111c1c3/screenshot - {}
RESULT: {}
COMMAND: POST /session/cbab2cbbd32afdf19af3e6ba8111c1c3/execute/async - {"script":"<script> [1562 bytes]","args":[{"selector":{"controlType":"sap.ui.unified.MenuItem","viewName":"etm.portal.ui.managerequests.view.NewRequest","i18NText":{"propertyName":"text","key":"standardEntry"},"searchOpenDialogs":true,"interaction":{"idSuffix":"txt"}},"wdio_ui5_key":"etmportal.ui.managerequests.view.NewRequestsap.ui.unified.MenuItem{\"propertyName\":\"text\",\"key\":\"standardEntry\"}"}]}
RESULT: {"script":"<script> [1562 bytes]","args":[{"selector":{"controlType":"sap.ui.unified.MenuItem","viewName":"etm.portal.ui.managerequests.view.NewRequest","i18NText":{"propertyName":"text","key":"standardEntry"},"searchOpenDialogs":true,"interaction":{"idSuffix":"txt"}},"wdio_ui5_key":"etmportal.ui.managerequests.view.NewRequestsap.ui.unified.MenuItem{\"propertyName\":\"text\",\"key\":\"standardEntry\"}"}]}
RESULT: undefined
COMMAND: POST /session/cbab2cbbd32afdf19af3e6ba8111c1c3/element - {"using":"xpath","value":"//*[@id=\"__item1651\"]"}
RESULT: {"using":"xpath","value":"//*[@id=\"__item1651\"]"}
COMMAND: POST /session/cbab2cbbd32afdf19af3e6ba8111c1c3/element/f.4865000251A30E3BD1E5EDC5108DADF6.d.0042165A5D0262AC8FFFF8DE1F0BDFB7.e.2989/click - {}
RESULT: {}
COMMAND: GET /session/cbab2cbbd32afdf19af3e6ba8111c1c3/screenshot - {}
RESULT: {}
RESULT: undefined
COMMAND: POST /session/cbab2cbbd32afdf19af3e6ba8111c1c3/element - {"using":"xpath","value":"//*[@id=\"__xmlview59--btnAddTableRow-img\"]"}
RESULT: {"using":"xpath","value":"//*[@id=\"__xmlview59--btnAddTableRow-img\"]"}
COMMAND: POST /session/cbab2cbbd32afdf19af3e6ba8111c1c3/element/f.4865000251A30E3BD1E5EDC5108DADF6.d.0042165A5D0262AC8FFFF8DE1F0BDFB7.e.2783/click - {}
RESULT: {}
COMMAND: GET /session/cbab2cbbd32afdf19af3e6ba8111c1c3/screenshot - {}
RESULT: {}
RESULT: undefined
COMMAND: POST /session/cbab2cbbd32afdf19af3e6ba8111c1c3/element - {"using":"xpath","value":"//*[@id=\"__item1651\"]"}
RESULT: {"using":"xpath","value":"//*[@id=\"__item1651\"]"}
COMMAND: POST /session/cbab2cbbd32afdf19af3e6ba8111c1c3/element/f.4865000251A30E3BD1E5EDC5108DADF6.d.0042165A5D0262AC8FFFF8DE1F0BDFB7.e.3010/click - {}
RESULT: {}
COMMAND: GET /session/cbab2cbbd32afdf19af3e6ba8111c1c3/screenshot - {}
RESULT: {}
COMMAND: POST /session/cbab2cbbd32afdf19af3e6ba8111c1c3/element - {"using":"xpath","value":"(//input[contains(@id ,\"requestItemsTable-0-inner\")])[5]"}
RESULT: {"using":"xpath","value":"(//input[contains(@id ,\"requestItemsTable-0-inner\")])[5]"}
COMMAND: POST /session/cbab2cbbd32afdf19af3e6ba8111c1c3/element/f.4865000251A30E3BD1E5EDC5108DADF6.d.0042165A5D0262AC8FFFF8DE1F0BDFB7.e.3001/clear - {}
RESULT: {}
COMMAND: POST /session/cbab2cbbd32afdf19af3e6ba8111c1c3/element/f.4865000251A30E3BD1E5EDC5108DADF6.d.0042165A5D0262AC8FFFF8DE1F0BDFB7.e.3001/value - {"text":"1000001"}
COMMAND: GET /session/cbab2cbbd32afdf19af3e6ba8111c1c3/screenshot - {}
RESULT: {"text":"1000001"}
COMMAND: GET /session/cbab2cbbd32afdf19af3e6ba8111c1c3/screenshot - {}
RESULT: {}
RESULT: {}
COMMAND: POST /session/cbab2cbbd32afdf19af3e6ba8111c1c3/actions - {"actions":[{"id":"action14","type":"key","parameters":{},"actions":[{"type":"keyDown","value":"î€‡"},{"type":"pause","duration":10},{"type":"keyUp","value":"î€‡"}]}]}
RESULT: {"actions":[{"id":"action14","type":"key","parameters":{},"actions":[{"type":"keyDown","value":"î€‡"},{"type":"pause","duration":10},{"type":"keyUp","value":"î€‡"}]}]}
COMMAND: POST /session/cbab2cbbd32afdf19af3e6ba8111c1c3/element - {"using":"xpath","value":"(//input[contains(@id ,\"requestItemsTable-1-inner\")])[5]"}
COMMAND: GET /session/cbab2cbbd32afdf19af3e6ba8111c1c3/screenshot - {}
RESULT: {"using":"xpath","value":"(//input[contains(@id ,\"requestItemsTable-1-inner\")])[5]"}
COMMAND: POST /session/cbab2cbbd32afdf19af3e6ba8111c1c3/element/f.4865000251A30E3BD1E5EDC5108DADF6.d.0042165A5D0262AC8FFFF8DE1F0BDFB7.e.3016/clear - {}
RESULT: {}
RESULT: {}
COMMAND: POST /session/cbab2cbbd32afdf19af3e6ba8111c1c3/element/f.4865000251A30E3BD1E5EDC5108DADF6.d.0042165A5D0262AC8FFFF8DE1F0BDFB7.e.3016/value - {"text":"1000002"}
COMMAND: GET /session/cbab2cbbd32afdf19af3e6ba8111c1c3/screenshot - {}
RESULT: {"text":"1000002"}
COMMAND: GET /session/cbab2cbbd32afdf19af3e6ba8111c1c3/screenshot - {}
RESULT: {}
RESULT: {}
COMMAND: POST /session/cbab2cbbd32afdf19af3e6ba8111c1c3/actions - {"actions":[{"id":"action15","type":"key","parameters":{},"actions":[{"type":"keyDown","value":"î€‡"},{"type":"pause","duration":10},{"type":"keyUp","value":"î€‡"}]}]}
RESULT: {"actions":[{"id":"action15","type":"key","parameters":{},"actions":[{"type":"keyDown","value":"î€‡"},{"type":"pause","duration":10},{"type":"keyUp","value":"î€‡"}]}]}
COMMAND: POST /session/cbab2cbbd32afdf19af3e6ba8111c1c3/execute/async - {"script":"<script> [1562 bytes]","args":[{"selector":{"controlType":"sap.m.Input","viewName":"etm.portal.ui.managerequests.view.NewRequest","bindingPath":{"path":"","propertyPath":"/Tags","modelName":"catalogModel"},"ancestor":{"controlType":"sap.m.ColumnListItem","viewName":"etm.portal.ui.managerequests.view.NewRequest","bindingPath":{"modelName":"newRequestItems","path":"/RequestItems/0"},"ancestor":{"id":"requestItemsTable","viewName":"etm.portal.ui.managerequests.view.NewRequest"}},"interaction":{"idSuffix":"inner"}},"wdio_ui5_key":"etmportal.ui.managerequests.view.NewRequestsap.m.Input{\"path\":\"\",\"propertyPath\":\"/Tags\",\"modelName\":\"catalogModel\"}{\"controlType\":\"sap.m.ColumnListItem\",\"viewName\":\"etm.portal.ui.managerequests.view.NewRequest\",\"bindingPath\":{\"modelName\":\"newRequestItems\",\"path\":\"/RequestItems/0\"},\"ancestor\":{\"id\":\"requestItemsTable\",\"viewName\":\"etm.portal.ui.managerequests.view.NewRequest\"}}"}]}
COMMAND: GET /session/cbab2cbbd32afdf19af3e6ba8111c1c3/screenshot - {}
RESULT: {"script":"<script> [1562 bytes]","args":[{"selector":{"controlType":"sap.m.Input","viewName":"etm.portal.ui.managerequests.view.NewRequest","bindingPath":{"path":"","propertyPath":"/Tags","modelName":"catalogModel"},"ancestor":{"controlType":"sap.m.ColumnListItem","viewName":"etm.portal.ui.managerequests.view.NewRequest","bindingPath":{"modelName":"newRequestItems","path":"/RequestItems/0"},"ancestor":{"id":"requestItemsTable","viewName":"etm.portal.ui.managerequests.view.NewRequest"}},"interaction":{"idSuffix":"inner"}},"wdio_ui5_key":"etmportal.ui.managerequests.view.NewRequestsap.m.Input{\"path\":\"\",\"propertyPath\":\"/Tags\",\"modelName\":\"catalogModel\"}{\"controlType\":\"sap.m.ColumnListItem\",\"viewName\":\"etm.portal.ui.managerequests.view.NewRequest\",\"bindingPath\":{\"modelName\":\"newRequestItems\",\"path\":\"/RequestItems/0\"},\"ancestor\":{\"id\":\"requestItemsTable\",\"viewName\":\"etm.portal.ui.managerequests.view.NewRequest\"}}"}]}
RESULT: undefined
COMMAND: POST /session/cbab2cbbd32afdf19af3e6ba8111c1c3/execute/async - {"script":"<script> [776 bytes]","args":[{"enterText":"tag1","selector":{"controlType":"sap.m.Input","viewName":"etm.portal.ui.managerequests.view.NewRequest","bindingPath":{"path":"","propertyPath":"/Tags","modelName":"catalogModel"},"ancestor":{"controlType":"sap.m.ColumnListItem","viewName":"etm.portal.ui.managerequests.view.NewRequest","bindingPath":{"modelName":"newRequestItems","path":"/RequestItems/0"},"ancestor":{"id":"requestItemsTable","viewName":"etm.portal.ui.managerequests.view.NewRequest"}},"interaction":{"idSuffix":"inner"}},"clearTextFirst":true,"interactionType":"ENTER_TEXT"}]}
RESULT: {}
RESULT: {"script":"<script> [776 bytes]","args":[{"enterText":"tag1","selector":{"controlType":"sap.m.Input","viewName":"etm.portal.ui.managerequests.view.NewRequest","bindingPath":{"path":"","propertyPath":"/Tags","modelName":"catalogModel"},"ancestor":{"controlType":"sap.m.ColumnListItem","viewName":"etm.portal.ui.managerequests.view.NewRequest","bindingPath":{"modelName":"newRequestItems","path":"/RequestItems/0"},"ancestor":{"id":"requestItemsTable","viewName":"etm.portal.ui.managerequests.view.NewRequest"}},"interaction":{"idSuffix":"inner"}},"clearTextFirst":true,"interactionType":"ENTER_TEXT"}]}
COMMAND: POST /session/cbab2cbbd32afdf19af3e6ba8111c1c3/actions - {"actions":[{"id":"action16","type":"key","parameters":{},"actions":[{"type":"keyDown","value":"î€‡"},{"type":"pause","duration":10},{"type":"keyUp","value":"î€‡"}]}]}
RESULT: {"actions":[{"id":"action16","type":"key","parameters":{},"actions":[{"type":"keyDown","value":"î€‡"},{"type":"pause","duration":10},{"type":"keyUp","value":"î€‡"}]}]}
RESULT: undefined
COMMAND: POST /session/cbab2cbbd32afdf19af3e6ba8111c1c3/execute/async - {"script":"<script> [776 bytes]","args":[{"enterText":"tag-duplicate","selector":{"controlType":"sap.m.Input","viewName":"etm.portal.ui.managerequests.view.NewRequest","bindingPath":{"path":"","propertyPath":"/Tags","modelName":"catalogModel"},"ancestor":{"controlType":"sap.m.ColumnListItem","viewName":"etm.portal.ui.managerequests.view.NewRequest","bindingPath":{"modelName":"newRequestItems","path":"/RequestItems/0"},"ancestor":{"id":"requestItemsTable","viewName":"etm.portal.ui.managerequests.view.NewRequest"}},"interaction":{"idSuffix":"inner"}},"clearTextFirst":true,"interactionType":"ENTER_TEXT"}]}
COMMAND: GET /session/cbab2cbbd32afdf19af3e6ba8111c1c3/screenshot - {}
RESULT: {"script":"<script> [776 bytes]","args":[{"enterText":"tag-duplicate","selector":{"controlType":"sap.m.Input","viewName":"etm.portal.ui.managerequests.view.NewRequest","bindingPath":{"path":"","propertyPath":"/Tags","modelName":"catalogModel"},"ancestor":{"controlType":"sap.m.ColumnListItem","viewName":"etm.portal.ui.managerequests.view.NewRequest","bindingPath":{"modelName":"newRequestItems","path":"/RequestItems/0"},"ancestor":{"id":"requestItemsTable","viewName":"etm.portal.ui.managerequests.view.NewRequest"}},"interaction":{"idSuffix":"inner"}},"clearTextFirst":true,"interactionType":"ENTER_TEXT"}]}
RESULT: {}
COMMAND: POST /session/cbab2cbbd32afdf19af3e6ba8111c1c3/actions - {"actions":[{"id":"action17","type":"key","parameters":{},"actions":[{"type":"keyDown","value":"î€‡"},{"type":"pause","duration":10},{"type":"keyUp","value":"î€‡"}]}]}
RESULT: {"actions":[{"id":"action17","type":"key","parameters":{},"actions":[{"type":"keyDown","value":"î€‡"},{"type":"pause","duration":10},{"type":"keyUp","value":"î€‡"}]}]}
COMMAND: GET /session/cbab2cbbd32afdf19af3e6ba8111c1c3/screenshot - {}
RESULT: {}
COMMAND: POST /session/cbab2cbbd32afdf19af3e6ba8111c1c3/execute/async - {"script":"<script> [1562 bytes]","args":[{"selector":{"controlType":"sap.m.Input","viewName":"etm.portal.ui.managerequests.view.NewRequest","bindingPath":{"path":"","propertyPath":"/Tags","modelName":"catalogModel"},"ancestor":{"controlType":"sap.m.ColumnListItem","viewName":"etm.portal.ui.managerequests.view.NewRequest","bindingPath":{"modelName":"newRequestItems","path":"/RequestItems/1"},"ancestor":{"id":"requestItemsTable","viewName":"etm.portal.ui.managerequests.view.NewRequest"}},"interaction":{"idSuffix":"inner"}},"wdio_ui5_key":"etmportal.ui.managerequests.view.NewRequestsap.m.Input{\"path\":\"\",\"propertyPath\":\"/Tags\",\"modelName\":\"catalogModel\"}{\"controlType\":\"sap.m.ColumnListItem\",\"viewName\":\"etm.portal.ui.managerequests.view.NewRequest\",\"bindingPath\":{\"modelName\":\"newRequestItems\",\"path\":\"/RequestItems/1\"},\"ancestor\":{\"id\":\"requestItemsTable\",\"viewName\":\"etm.portal.ui.managerequests.view.NewRequest\"}}"}]}
RESULT: {"script":"<script> [1562 bytes]","args":[{"selector":{"controlType":"sap.m.Input","viewName":"etm.portal.ui.managerequests.view.NewRequest","bindingPath":{"path":"","propertyPath":"/Tags","modelName":"catalogModel"},"ancestor":{"controlType":"sap.m.ColumnListItem","viewName":"etm.portal.ui.managerequests.view.NewRequest","bindingPath":{"modelName":"newRequestItems","path":"/RequestItems/1"},"ancestor":{"id":"requestItemsTable","viewName":"etm.portal.ui.managerequests.view.NewRequest"}},"interaction":{"idSuffix":"inner"}},"wdio_ui5_key":"etmportal.ui.managerequests.view.NewRequestsap.m.Input{\"path\":\"\",\"propertyPath\":\"/Tags\",\"modelName\":\"catalogModel\"}{\"controlType\":\"sap.m.ColumnListItem\",\"viewName\":\"etm.portal.ui.managerequests.view.NewRequest\",\"bindingPath\":{\"modelName\":\"newRequestItems\",\"path\":\"/RequestItems/1\"},\"ancestor\":{\"id\":\"requestItemsTable\",\"viewName\":\"etm.portal.ui.managerequests.view.NewRequest\"}}"}]}
RESULT: undefined
COMMAND: POST /session/cbab2cbbd32afdf19af3e6ba8111c1c3/execute/async - {"script":"<script> [776 bytes]","args":[{"enterText":"tag1","selector":{"controlType":"sap.m.Input","viewName":"etm.portal.ui.managerequests.view.NewRequest","bindingPath":{"path":"","propertyPath":"/Tags","modelName":"catalogModel"},"ancestor":{"controlType":"sap.m.ColumnListItem","viewName":"etm.portal.ui.managerequests.view.NewRequest","bindingPath":{"modelName":"newRequestItems","path":"/RequestItems/1"},"ancestor":{"id":"requestItemsTable","viewName":"etm.portal.ui.managerequests.view.NewRequest"}},"interaction":{"idSuffix":"inner"}},"clearTextFirst":true,"interactionType":"ENTER_TEXT"}]}
RESULT: {"script":"<script> [776 bytes]","args":[{"enterText":"tag1","selector":{"controlType":"sap.m.Input","viewName":"etm.portal.ui.managerequests.view.NewRequest","bindingPath":{"path":"","propertyPath":"/Tags","modelName":"catalogModel"},"ancestor":{"controlType":"sap.m.ColumnListItem","viewName":"etm.portal.ui.managerequests.view.NewRequest","bindingPath":{"modelName":"newRequestItems","path":"/RequestItems/1"},"ancestor":{"id":"requestItemsTable","viewName":"etm.portal.ui.managerequests.view.NewRequest"}},"interaction":{"idSuffix":"inner"}},"clearTextFirst":true,"interactionType":"ENTER_TEXT"}]}
COMMAND: POST /session/cbab2cbbd32afdf19af3e6ba8111c1c3/actions - {"actions":[{"id":"action18","type":"key","parameters":{},"actions":[{"type":"keyDown","value":"î€‡"},{"type":"pause","duration":10},{"type":"keyUp","value":"î€‡"}]}]}
RESULT: {"actions":[{"id":"action18","type":"key","parameters":{},"actions":[{"type":"keyDown","value":"î€‡"},{"type":"pause","duration":10},{"type":"keyUp","value":"î€‡"}]}]}
RESULT: undefined
COMMAND: POST /session/cbab2cbbd32afdf19af3e6ba8111c1c3/execute/async - {"script":"<script> [776 bytes]","args":[{"enterText":"tag-duplicate","selector":{"controlType":"sap.m.Input","viewName":"etm.portal.ui.managerequests.view.NewRequest","bindingPath":{"path":"","propertyPath":"/Tags","modelName":"catalogModel"},"ancestor":{"controlType":"sap.m.ColumnListItem","viewName":"etm.portal.ui.managerequests.view.NewRequest","bindingPath":{"modelName":"newRequestItems","path":"/RequestItems/1"},"ancestor":{"id":"requestItemsTable","viewName":"etm.portal.ui.managerequests.view.NewRequest"}},"interaction":{"idSuffix":"inner"}},"clearTextFirst":true,"interactionType":"ENTER_TEXT"}]}
COMMAND: GET /session/cbab2cbbd32afdf19af3e6ba8111c1c3/screenshot - {}
RESULT: {"script":"<script> [776 bytes]","args":[{"enterText":"tag-duplicate","selector":{"controlType":"sap.m.Input","viewName":"etm.portal.ui.managerequests.view.NewRequest","bindingPath":{"path":"","propertyPath":"/Tags","modelName":"catalogModel"},"ancestor":{"controlType":"sap.m.ColumnListItem","viewName":"etm.portal.ui.managerequests.view.NewRequest","bindingPath":{"modelName":"newRequestItems","path":"/RequestItems/1"},"ancestor":{"id":"requestItemsTable","viewName":"etm.portal.ui.managerequests.view.NewRequest"}},"interaction":{"idSuffix":"inner"}},"clearTextFirst":true,"interactionType":"ENTER_TEXT"}]}
RESULT: {}
COMMAND: POST /session/cbab2cbbd32afdf19af3e6ba8111c1c3/actions - {"actions":[{"id":"action19","type":"key","parameters":{},"actions":[{"type":"keyDown","value":"î€‡"},{"type":"pause","duration":10},{"type":"keyUp","value":"î€‡"}]}]}
RESULT: {"actions":[{"id":"action19","type":"key","parameters":{},"actions":[{"type":"keyDown","value":"î€‡"},{"type":"pause","duration":10},{"type":"keyUp","value":"î€‡"}]}]}
COMMAND: GET /session/cbab2cbbd32afdf19af3e6ba8111c1c3/screenshot - {}
RESULT: {}
COMMAND: POST /session/cbab2cbbd32afdf19af3e6ba8111c1c3/execute/async - {"script":"<script> [1562 bytes]","args":[{"selector":{"controlType":"sap.ui.core.Icon","viewName":"etm.portal.ui.managerequests.view.NewRequest","properties":{"src":{"regex":{"source":"slim\\-arrow\\-down"}}},"ancestor":{"controlType":"sap.m.Button","viewName":"etm.portal.ui.managerequests.view.NewRequest","properties":{"icon":"sap-icon://slim-arrow-down"}}},"wdio_ui5_key":"etmportal.ui.managerequests.view.NewRequestsap.ui.core.Icon{\"src\":{\"regex\":{\"source\":\"slim\\\\-arrow\\\\-down\"}}}{\"controlType\":\"sap.m.Button\",\"viewName\":\"etm.portal.ui.managerequests.view.NewRequest\",\"properties\":{\"icon\":\"sap-icon://slim-arrow-down\"}}"}]}
RESULT: {"script":"<script> [1562 bytes]","args":[{"selector":{"controlType":"sap.ui.core.Icon","viewName":"etm.portal.ui.managerequests.view.NewRequest","properties":{"src":{"regex":{"source":"slim\\-arrow\\-down"}}},"ancestor":{"controlType":"sap.m.Button","viewName":"etm.portal.ui.managerequests.view.NewRequest","properties":{"icon":"sap-icon://slim-arrow-down"}}},"wdio_ui5_key":"etmportal.ui.managerequests.view.NewRequestsap.ui.core.Icon{\"src\":{\"regex\":{\"source\":\"slim\\\\-arrow\\\\-down\"}}}{\"controlType\":\"sap.m.Button\",\"viewName\":\"etm.portal.ui.managerequests.view.NewRequest\",\"properties\":{\"icon\":\"sap-icon://slim-arrow-down\"}}"}]}
RESULT: undefined
COMMAND: POST /session/cbab2cbbd32afdf19af3e6ba8111c1c3/element - {"using":"xpath","value":"//*[@id=\"__title25-expandBtn-img\"]"}
RESULT: {"using":"xpath","value":"//*[@id=\"__title25-expandBtn-img\"]"}
COMMAND: POST /session/cbab2cbbd32afdf19af3e6ba8111c1c3/element/f.4865000251A30E3BD1E5EDC5108DADF6.d.0042165A5D0262AC8FFFF8DE1F0BDFB7.e.3061/click - {}
RESULT: {}
COMMAND: GET /session/cbab2cbbd32afdf19af3e6ba8111c1c3/screenshot - {}
RESULT: {}
COMMAND: POST /session/cbab2cbbd32afdf19af3e6ba8111c1c3/element - {"using":"xpath","value":"//div[contains(@data-kt ,\"splitAllocationObjectStatus\")]"}
RESULT: {"using":"xpath","value":"//div[contains(@data-kt ,\"splitAllocationObjectStatus\")]"}
COMMAND: POST /session/cbab2cbbd32afdf19af3e6ba8111c1c3/elements - {"using":"xpath","value":"//div[contains(@data-kt ,\"splitAllocationObjectStatus\")]"}
RESULT: {"using":"xpath","value":"//div[contains(@data-kt ,\"splitAllocationObjectStatus\")]"}
COMMAND: POST /session/cbab2cbbd32afdf19af3e6ba8111c1c3/execute/async - {"script":"<script> [1562 bytes]","args":[{"selector":{"controlType":"sap.ui.core.Icon","viewName":"etm.portal.ui.managerequests.view.NewRequest","properties":{"src":{"regex":{"source":"message\\-error"}}},"ancestor":{"controlType":"sap.m.ColumnListItem","viewName":"etm.portal.ui.managerequests.view.NewRequest","bindingPath":{"modelName":"newRequestItems","path":"/RequestItems/0"},"ancestor":{"id":"requestItemsTable","viewName":"etm.portal.ui.managerequests.view.NewRequest"}}},"wdio_ui5_key":"etmportal.ui.managerequests.view.NewRequestsap.ui.core.Icon{\"src\":{\"regex\":{\"source\":\"message\\\\-error\"}}}{\"controlType\":\"sap.m.ColumnListItem\",\"viewName\":\"etm.portal.ui.managerequests.view.NewRequest\",\"bindingPath\":{\"modelName\":\"newRequestItems\",\"path\":\"/RequestItems/0\"},\"ancestor\":{\"id\":\"requestItemsTable\",\"viewName\":\"etm.portal.ui.managerequests.view.NewRequest\"}}"}]}
RESULT: {"script":"<script> [1562 bytes]","args":[{"selector":{"controlType":"sap.ui.core.Icon","viewName":"etm.portal.ui.managerequests.view.NewRequest","properties":{"src":{"regex":{"source":"message\\-error"}}},"ancestor":{"controlType":"sap.m.ColumnListItem","viewName":"etm.portal.ui.managerequests.view.NewRequest","bindingPath":{"modelName":"newRequestItems","path":"/RequestItems/0"},"ancestor":{"id":"requestItemsTable","viewName":"etm.portal.ui.managerequests.view.NewRequest"}}},"wdio_ui5_key":"etmportal.ui.managerequests.view.NewRequestsap.ui.core.Icon{\"src\":{\"regex\":{\"source\":\"message\\\\-error\"}}}{\"controlType\":\"sap.m.ColumnListItem\",\"viewName\":\"etm.portal.ui.managerequests.view.NewRequest\",\"bindingPath\":{\"modelName\":\"newRequestItems\",\"path\":\"/RequestItems/0\"},\"ancestor\":{\"id\":\"requestItemsTable\",\"viewName\":\"etm.portal.ui.managerequests.view.NewRequest\"}}"}]}
RESULT: undefined
COMMAND: POST /session/cbab2cbbd32afdf19af3e6ba8111c1c3/element - {"using":"xpath","value":"//*[@id=\"__status6-__xmlview59--requestItemsTable-0-icon\"]"}
RESULT: {"using":"xpath","value":"//*[@id=\"__status6-__xmlview59--requestItemsTable-0-icon\"]"}
COMMAND: POST /session/cbab2cbbd32afdf19af3e6ba8111c1c3/element/f.4865000251A30E3BD1E5EDC5108DADF6.d.0042165A5D0262AC8FFFF8DE1F0BDFB7.e.3042/click - {}
RESULT: {}
COMMAND: GET /session/cbab2cbbd32afdf19af3e6ba8111c1c3/screenshot - {}
RESULT: {}
COMMAND: POST /session/cbab2cbbd32afdf19af3e6ba8111c1c3/execute/async - {"script":"<script> [1562 bytes]","args":[{"selector":{"id":"costObjectAdminTypeComboBox","viewName":"etm.portal.ui.managerequests.view.NewRequest","searchOpenDialogs":true,"interaction":{"idSuffix":"inner"}},"wdio_ui5_key":"costObjectAdminTypeComboBoxetmportal.ui.managerequests.view.NewRequest"}]}
RESULT: {"script":"<script> [1562 bytes]","args":[{"selector":{"id":"costObjectAdminTypeComboBox","viewName":"etm.portal.ui.managerequests.view.NewRequest","searchOpenDialogs":true,"interaction":{"idSuffix":"inner"}},"wdio_ui5_key":"costObjectAdminTypeComboBoxetmportal.ui.managerequests.view.NewRequest"}]}
RESULT: undefined
COMMAND: POST /session/cbab2cbbd32afdf19af3e6ba8111c1c3/execute/async - {"script":"<script> [776 bytes]","args":[{"enterText":"Cost Center","selector":{"id":"costObjectAdminTypeComboBox","viewName":"etm.portal.ui.managerequests.view.NewRequest","searchOpenDialogs":true,"interaction":{"idSuffix":"inner"}},"clearTextFirst":true,"interactionType":"ENTER_TEXT"}]}
RESULT: {"script":"<script> [776 bytes]","args":[{"enterText":"Cost Center","selector":{"id":"costObjectAdminTypeComboBox","viewName":"etm.portal.ui.managerequests.view.NewRequest","searchOpenDialogs":true,"interaction":{"idSuffix":"inner"}},"clearTextFirst":true,"interactionType":"ENTER_TEXT"}]}
COMMAND: POST /session/cbab2cbbd32afdf19af3e6ba8111c1c3/actions - {"actions":[{"id":"action20","type":"key","parameters":{},"actions":[{"type":"keyDown","value":"î€‡"},{"type":"pause","duration":10},{"type":"keyUp","value":"î€‡"}]}]}
RESULT: {"actions":[{"id":"action20","type":"key","parameters":{},"actions":[{"type":"keyDown","value":"î€‡"},{"type":"pause","duration":10},{"type":"keyUp","value":"î€‡"}]}]}
COMMAND: GET /session/cbab2cbbd32afdf19af3e6ba8111c1c3/screenshot - {}
RESULT: {}
COMMAND: POST /session/cbab2cbbd32afdf19af3e6ba8111c1c3/execute/async - {"script":"<script> [1562 bytes]","args":[{"selector":{"id":"costObjectIdComboBox","viewName":"etm.portal.ui.managerequests.view.NewRequest","searchOpenDialogs":true,"interaction":{"idSuffix":"inner"}},"wdio_ui5_key":"costObjectIdComboBoxetmportal.ui.managerequests.view.NewRequest"}]}
RESULT: {"script":"<script> [1562 bytes]","args":[{"selector":{"id":"costObjectIdComboBox","viewName":"etm.portal.ui.managerequests.view.NewRequest","searchOpenDialogs":true,"interaction":{"idSuffix":"inner"}},"wdio_ui5_key":"costObjectIdComboBoxetmportal.ui.managerequests.view.NewRequest"}]}
RESULT: undefined
COMMAND: POST /session/cbab2cbbd32afdf19af3e6ba8111c1c3/execute/async - {"script":"<script> [776 bytes]","args":[{"enterText":"1001 - 1001","selector":{"id":"costObjectIdComboBox","viewName":"etm.portal.ui.managerequests.view.NewRequest","searchOpenDialogs":true,"interaction":{"idSuffix":"inner"}},"clearTextFirst":true,"interactionType":"ENTER_TEXT"}]}
RESULT: {"script":"<script> [776 bytes]","args":[{"enterText":"1001 - 1001","selector":{"id":"costObjectIdComboBox","viewName":"etm.portal.ui.managerequests.view.NewRequest","searchOpenDialogs":true,"interaction":{"idSuffix":"inner"}},"clearTextFirst":true,"interactionType":"ENTER_TEXT"}]}
COMMAND: POST /session/cbab2cbbd32afdf19af3e6ba8111c1c3/actions - {"actions":[{"id":"action21","type":"key","parameters":{},"actions":[{"type":"keyDown","value":"î€‡"},{"type":"pause","duration":10},{"type":"keyUp","value":"î€‡"}]}]}
RESULT: {"actions":[{"id":"action21","type":"key","parameters":{},"actions":[{"type":"keyDown","value":"î€‡"},{"type":"pause","duration":10},{"type":"keyUp","value":"î€‡"}]}]}
COMMAND: GET /session/cbab2cbbd32afdf19af3e6ba8111c1c3/screenshot - {}
RESULT: {}
COMMAND: POST /session/cbab2cbbd32afdf19af3e6ba8111c1c3/element - {"using":"xpath","value":"(//bdi[(text() = 'Save' or . = 'Save')])[1]"}
RESULT: {"using":"xpath","value":"(//bdi[(text() = 'Save' or . = 'Save')])[1]"}
COMMAND: POST /session/cbab2cbbd32afdf19af3e6ba8111c1c3/element/f.4865000251A30E3BD1E5EDC5108DADF6.d.0042165A5D0262AC8FFFF8DE1F0BDFB7.e.3081/click - {}
RESULT: {}
COMMAND: POST /session/cbab2cbbd32afdf19af3e6ba8111c1c3/execute/async - {"script":"<script> [1562 bytes]","args":[{"selector":{"controlType":"sap.ui.core.Icon","viewName":"etm.portal.ui.managerequests.view.NewRequest","properties":{"src":{"regex":{"source":"message\\-error"}}},"ancestor":{"controlType":"sap.m.ColumnListItem","viewName":"etm.portal.ui.managerequests.view.NewRequest","bindingPath":{"modelName":"newRequestItems","path":"/RequestItems/1"},"ancestor":{"id":"requestItemsTable","viewName":"etm.portal.ui.managerequests.view.NewRequest"}}},"wdio_ui5_key":"etmportal.ui.managerequests.view.NewRequestsap.ui.core.Icon{\"src\":{\"regex\":{\"source\":\"message\\\\-error\"}}}{\"controlType\":\"sap.m.ColumnListItem\",\"viewName\":\"etm.portal.ui.managerequests.view.NewRequest\",\"bindingPath\":{\"modelName\":\"newRequestItems\",\"path\":\"/RequestItems/1\"},\"ancestor\":{\"id\":\"requestItemsTable\",\"viewName\":\"etm.portal.ui.managerequests.view.NewRequest\"}}"}]}
COMMAND: GET /session/cbab2cbbd32afdf19af3e6ba8111c1c3/screenshot - {}
RESULT: {"script":"<script> [1562 bytes]","args":[{"selector":{"controlType":"sap.ui.core.Icon","viewName":"etm.portal.ui.managerequests.view.NewRequest","properties":{"src":{"regex":{"source":"message\\-error"}}},"ancestor":{"controlType":"sap.m.ColumnListItem","viewName":"etm.portal.ui.managerequests.view.NewRequest","bindingPath":{"modelName":"newRequestItems","path":"/RequestItems/1"},"ancestor":{"id":"requestItemsTable","viewName":"etm.portal.ui.managerequests.view.NewRequest"}}},"wdio_ui5_key":"etmportal.ui.managerequests.view.NewRequestsap.ui.core.Icon{\"src\":{\"regex\":{\"source\":\"message\\\\-error\"}}}{\"controlType\":\"sap.m.ColumnListItem\",\"viewName\":\"etm.portal.ui.managerequests.view.NewRequest\",\"bindingPath\":{\"modelName\":\"newRequestItems\",\"path\":\"/RequestItems/1\"},\"ancestor\":{\"id\":\"requestItemsTable\",\"viewName\":\"etm.portal.ui.managerequests.view.NewRequest\"}}"}]}
RESULT: undefined
COMMAND: POST /session/cbab2cbbd32afdf19af3e6ba8111c1c3/element - {"using":"xpath","value":"//*[@id=\"__status6-__xmlview59--requestItemsTable-1-icon\"]"}
RESULT: {}
RESULT: {"using":"xpath","value":"//*[@id=\"__status6-__xmlview59--requestItemsTable-1-icon\"]"}
COMMAND: POST /session/cbab2cbbd32afdf19af3e6ba8111c1c3/element/f.4865000251A30E3BD1E5EDC5108DADF6.d.0042165A5D0262AC8FFFF8DE1F0BDFB7.e.3059/click - {}
RESULT: {}
COMMAND: GET /session/cbab2cbbd32afdf19af3e6ba8111c1c3/screenshot - {}
RESULT: {}
RESULT: undefined
COMMAND: POST /session/cbab2cbbd32afdf19af3e6ba8111c1c3/execute/async - {"script":"<script> [776 bytes]","args":[{"enterText":"Cost Center","selector":{"id":"costObjectAdminTypeComboBox","viewName":"etm.portal.ui.managerequests.view.NewRequest","searchOpenDialogs":true,"interaction":{"idSuffix":"inner"}},"clearTextFirst":true,"interactionType":"ENTER_TEXT"}]}
RESULT: {"script":"<script> [776 bytes]","args":[{"enterText":"Cost Center","selector":{"id":"costObjectAdminTypeComboBox","viewName":"etm.portal.ui.managerequests.view.NewRequest","searchOpenDialogs":true,"interaction":{"idSuffix":"inner"}},"clearTextFirst":true,"interactionType":"ENTER_TEXT"}]}
COMMAND: POST /session/cbab2cbbd32afdf19af3e6ba8111c1c3/actions - {"actions":[{"id":"action22","type":"key","parameters":{},"actions":[{"type":"keyDown","value":"î€‡"},{"type":"pause","duration":10},{"type":"keyUp","value":"î€‡"}]}]}
RESULT: {"actions":[{"id":"action22","type":"key","parameters":{},"actions":[{"type":"keyDown","value":"î€‡"},{"type":"pause","duration":10},{"type":"keyUp","value":"î€‡"}]}]}
COMMAND: GET /session/cbab2cbbd32afdf19af3e6ba8111c1c3/screenshot - {}
RESULT: {}
RESULT: undefined
COMMAND: POST /session/cbab2cbbd32afdf19af3e6ba8111c1c3/execute/async - {"script":"<script> [776 bytes]","args":[{"enterText":"1001 - 1001","selector":{"id":"costObjectIdComboBox","viewName":"etm.portal.ui.managerequests.view.NewRequest","searchOpenDialogs":true,"interaction":{"idSuffix":"inner"}},"clearTextFirst":true,"interactionType":"ENTER_TEXT"}]}
RESULT: {"script":"<script> [776 bytes]","args":[{"enterText":"1001 - 1001","selector":{"id":"costObjectIdComboBox","viewName":"etm.portal.ui.managerequests.view.NewRequest","searchOpenDialogs":true,"interaction":{"idSuffix":"inner"}},"clearTextFirst":true,"interactionType":"ENTER_TEXT"}]}
COMMAND: POST /session/cbab2cbbd32afdf19af3e6ba8111c1c3/actions - {"actions":[{"id":"action23","type":"key","parameters":{},"actions":[{"type":"keyDown","value":"î€‡"},{"type":"pause","duration":10},{"type":"keyUp","value":"î€‡"}]}]}
RESULT: {"actions":[{"id":"action23","type":"key","parameters":{},"actions":[{"type":"keyDown","value":"î€‡"},{"type":"pause","duration":10},{"type":"keyUp","value":"î€‡"}]}]}
COMMAND: GET /session/cbab2cbbd32afdf19af3e6ba8111c1c3/screenshot - {}
RESULT: {}
COMMAND: POST /session/cbab2cbbd32afdf19af3e6ba8111c1c3/element - {"using":"xpath","value":"(//bdi[(text() = 'Save' or . = 'Save')])[1]"}
RESULT: {"using":"xpath","value":"(//bdi[(text() = 'Save' or . = 'Save')])[1]"}
COMMAND: POST /session/cbab2cbbd32afdf19af3e6ba8111c1c3/element/f.4865000251A30E3BD1E5EDC5108DADF6.d.0042165A5D0262AC8FFFF8DE1F0BDFB7.e.3095/click - {}
RESULT: {}
COMMAND: POST /session/cbab2cbbd32afdf19af3e6ba8111c1c3/execute/async - {"script":"<script> [1562 bytes]","args":[{"selector":{"controlType":"sap.ui.core.Icon","viewName":"etm.portal.ui.managerequests.view.NewRequest","properties":{"src":{"regex":{"source":"decline"}}},"ancestor":{"controlType":"sap.m.Token","viewName":"etm.portal.ui.managerequests.view.NewRequest","bindingPath":{"path":"/RequestItems/0/TOKENS/0","propertyPath":"TAG","modelName":"newRequestItems"}}},"wdio_ui5_key":"etmportal.ui.managerequests.view.NewRequestsap.ui.core.Icon{\"src\":{\"regex\":{\"source\":\"decline\"}}}{\"controlType\":\"sap.m.Token\",\"viewName\":\"etm.portal.ui.managerequests.view.NewRequest\",\"bindingPath\":{\"path\":\"/RequestItems/0/TOKENS/0\",\"propertyPath\":\"TAG\",\"modelName\":\"newRequestItems\"}}"}]}
COMMAND: GET /session/cbab2cbbd32afdf19af3e6ba8111c1c3/screenshot - {}
RESULT: {"script":"<script> [1562 bytes]","args":[{"selector":{"controlType":"sap.ui.core.Icon","viewName":"etm.portal.ui.managerequests.view.NewRequest","properties":{"src":{"regex":{"source":"decline"}}},"ancestor":{"controlType":"sap.m.Token","viewName":"etm.portal.ui.managerequests.view.NewRequest","bindingPath":{"path":"/RequestItems/0/TOKENS/0","propertyPath":"TAG","modelName":"newRequestItems"}}},"wdio_ui5_key":"etmportal.ui.managerequests.view.NewRequestsap.ui.core.Icon{\"src\":{\"regex\":{\"source\":\"decline\"}}}{\"controlType\":\"sap.m.Token\",\"viewName\":\"etm.portal.ui.managerequests.view.NewRequest\",\"bindingPath\":{\"path\":\"/RequestItems/0/TOKENS/0\",\"propertyPath\":\"TAG\",\"modelName\":\"newRequestItems\"}}"}]}
RESULT: undefined
COMMAND: POST /session/cbab2cbbd32afdf19af3e6ba8111c1c3/element - {"using":"xpath","value":"//*[@id=\"__token7-__tokenizer62-__xmlview59--requestItemsTable-0-0-icon\"]"}
RESULT: {}
RESULT: {"using":"xpath","value":"//*[@id=\"__token7-__tokenizer62-__xmlview59--requestItemsTable-0-0-icon\"]"}
COMMAND: POST /session/cbab2cbbd32afdf19af3e6ba8111c1c3/element/f.4865000251A30E3BD1E5EDC5108DADF6.d.0042165A5D0262AC8FFFF8DE1F0BDFB7.e.3097/click - {}
RESULT: {}
COMMAND: GET /session/cbab2cbbd32afdf19af3e6ba8111c1c3/screenshot - {}
RESULT: {}
COMMAND: POST /session/cbab2cbbd32afdf19af3e6ba8111c1c3/actions - {"actions":[{"id":"action24","type":"key","parameters":{},"actions":[{"type":"keyDown","value":"î€Œ"},{"type":"pause","duration":10},{"type":"keyUp","value":"î€Œ"}]}]}
RESULT: {"actions":[{"id":"action24","type":"key","parameters":{},"actions":[{"type":"keyDown","value":"î€Œ"},{"type":"pause","duration":10},{"type":"keyUp","value":"î€Œ"}]}]}
COMMAND: GET /session/cbab2cbbd32afdf19af3e6ba8111c1c3/screenshot - {}
RESULT: {}
COMMAND: POST /session/cbab2cbbd32afdf19af3e6ba8111c1c3/execute/async - {"script":"<script> [1562 bytes]","args":[{"selector":{"controlType":"sap.m.Tokenizer","viewName":"etm.portal.ui.managerequests.view.NewRequest","bindingPath":{"path":"/RequestItems/0","propertyPath":"TOKENS","modelName":"newRequestItems"}},"wdio_ui5_key":"etmportal.ui.managerequests.view.NewRequestsap.m.Tokenizer{\"path\":\"/RequestItems/0\",\"propertyPath\":\"TOKENS\",\"modelName\":\"newRequestItems\"}"}]}
RESULT: {"script":"<script> [1562 bytes]","args":[{"selector":{"controlType":"sap.m.Tokenizer","viewName":"etm.portal.ui.managerequests.view.NewRequest","bindingPath":{"path":"/RequestItems/0","propertyPath":"TOKENS","modelName":"newRequestItems"}},"wdio_ui5_key":"etmportal.ui.managerequests.view.NewRequestsap.m.Tokenizer{\"path\":\"/RequestItems/0\",\"propertyPath\":\"TOKENS\",\"modelName\":\"newRequestItems\"}"}]}
RESULT: undefined
COMMAND: POST /session/cbab2cbbd32afdf19af3e6ba8111c1c3/execute/async - {"script":"<script> [6424 bytes]","args":[{"element-6066-11e4-a52e-4f735466cecf":"f.4865000251A30E3BD1E5EDC5108DADF6.d.0042165A5D0262AC8FFFF8DE1F0BDFB7.e.3103"},"getTokens",[]]}
RESULT: {"script":"<script> [6424 bytes]","args":[{"element-6066-11e4-a52e-4f735466cecf":"f.4865000251A30E3BD1E5EDC5108DADF6.d.0042165A5D0262AC8FFFF8DE1F0BDFB7.e.3103"},"getTokens",[]]}
COMMAND: POST /session/cbab2cbbd32afdf19af3e6ba8111c1c3/execute/async - {"script":"<script> [1562 bytes]","args":[{"wdio_ui5_key":"__token7-__tokenizer62-__xmlview59--requestItemsTable-0-0","selector":{"id":"__token7-__tokenizer62-__xmlview59--requestItemsTable-0-0"}}]}
RESULT: {"script":"<script> [1562 bytes]","args":[{"wdio_ui5_key":"__token7-__tokenizer62-__xmlview59--requestItemsTable-0-0","selector":{"id":"__token7-__tokenizer62-__xmlview59--requestItemsTable-0-0"}}]}
RESULT: undefined
RESULT: undefined
COMMAND: POST /session/cbab2cbbd32afdf19af3e6ba8111c1c3/execute/async - {"script":"<script> [776 bytes]","args":[{"enterText":"tagRequest1","selector":{"controlType":"sap.m.Input","viewName":"etm.portal.ui.managerequests.view.NewRequest","bindingPath":{"path":"","propertyPath":"/Tags","modelName":"catalogModel"},"ancestor":{"controlType":"sap.m.ColumnListItem","viewName":"etm.portal.ui.managerequests.view.NewRequest","bindingPath":{"modelName":"newRequestItems","path":"/RequestItems/0"},"ancestor":{"id":"requestItemsTable","viewName":"etm.portal.ui.managerequests.view.NewRequest"}},"interaction":{"idSuffix":"inner"}},"clearTextFirst":true,"interactionType":"ENTER_TEXT"}]}
RESULT: {"script":"<script> [776 bytes]","args":[{"enterText":"tagRequest1","selector":{"controlType":"sap.m.Input","viewName":"etm.portal.ui.managerequests.view.NewRequest","bindingPath":{"path":"","propertyPath":"/Tags","modelName":"catalogModel"},"ancestor":{"controlType":"sap.m.ColumnListItem","viewName":"etm.portal.ui.managerequests.view.NewRequest","bindingPath":{"modelName":"newRequestItems","path":"/RequestItems/0"},"ancestor":{"id":"requestItemsTable","viewName":"etm.portal.ui.managerequests.view.NewRequest"}},"interaction":{"idSuffix":"inner"}},"clearTextFirst":true,"interactionType":"ENTER_TEXT"}]}
COMMAND: POST /session/cbab2cbbd32afdf19af3e6ba8111c1c3/actions - {"actions":[{"id":"action25","type":"key","parameters":{},"actions":[{"type":"keyDown","value":"î€‡"},{"type":"pause","duration":10},{"type":"keyUp","value":"î€‡"}]}]}
RESULT: {"actions":[{"id":"action25","type":"key","parameters":{},"actions":[{"type":"keyDown","value":"î€‡"},{"type":"pause","duration":10},{"type":"keyUp","value":"î€‡"}]}]}
COMMAND: GET /session/cbab2cbbd32afdf19af3e6ba8111c1c3/screenshot - {}
RESULT: {}
RESULT: undefined
COMMAND: POST /session/cbab2cbbd32afdf19af3e6ba8111c1c3/execute/async - {"script":"<script> [6424 bytes]","args":[{"element-6066-11e4-a52e-4f735466cecf":"f.4865000251A30E3BD1E5EDC5108DADF6.d.0042165A5D0262AC8FFFF8DE1F0BDFB7.e.3103"},"getTokens",[]]}
RESULT: {"script":"<script> [6424 bytes]","args":[{"element-6066-11e4-a52e-4f735466cecf":"f.4865000251A30E3BD1E5EDC5108DADF6.d.0042165A5D0262AC8FFFF8DE1F0BDFB7.e.3103"},"getTokens",[]]}
COMMAND: POST /session/cbab2cbbd32afdf19af3e6ba8111c1c3/execute/async - {"script":"<script> [1562 bytes]","args":[{"wdio_ui5_key":"__token7-__tokenizer62-__xmlview59--requestItemsTable-0-1","selector":{"id":"__token7-__tokenizer62-__xmlview59--requestItemsTable-0-1"}}]}
RESULT: undefined
RESULT: {"script":"<script> [1562 bytes]","args":[{"wdio_ui5_key":"__token7-__tokenizer62-__xmlview59--requestItemsTable-0-1","selector":{"id":"__token7-__tokenizer62-__xmlview59--requestItemsTable-0-1"}}]}
RESULT: undefined
COMMAND: POST /session/cbab2cbbd32afdf19af3e6ba8111c1c3/execute/async - {"script":"<script> [1562 bytes]","args":[{"selector":{"controlType":"sap.ui.core.Icon","viewName":"etm.portal.ui.managerequests.view.NewRequest","properties":{"src":{"regex":{"source":"decline"}}},"ancestor":{"controlType":"sap.m.Token","viewName":"etm.portal.ui.managerequests.view.NewRequest","bindingPath":{"path":"/RequestItems/1/TOKENS/0","propertyPath":"TAG","modelName":"newRequestItems"}}},"wdio_ui5_key":"etmportal.ui.managerequests.view.NewRequestsap.ui.core.Icon{\"src\":{\"regex\":{\"source\":\"decline\"}}}{\"controlType\":\"sap.m.Token\",\"viewName\":\"etm.portal.ui.managerequests.view.NewRequest\",\"bindingPath\":{\"path\":\"/RequestItems/1/TOKENS/0\",\"propertyPath\":\"TAG\",\"modelName\":\"newRequestItems\"}}"}]}
RESULT: {"script":"<script> [1562 bytes]","args":[{"selector":{"controlType":"sap.ui.core.Icon","viewName":"etm.portal.ui.managerequests.view.NewRequest","properties":{"src":{"regex":{"source":"decline"}}},"ancestor":{"controlType":"sap.m.Token","viewName":"etm.portal.ui.managerequests.view.NewRequest","bindingPath":{"path":"/RequestItems/1/TOKENS/0","propertyPath":"TAG","modelName":"newRequestItems"}}},"wdio_ui5_key":"etmportal.ui.managerequests.view.NewRequestsap.ui.core.Icon{\"src\":{\"regex\":{\"source\":\"decline\"}}}{\"controlType\":\"sap.m.Token\",\"viewName\":\"etm.portal.ui.managerequests.view.NewRequest\",\"bindingPath\":{\"path\":\"/RequestItems/1/TOKENS/0\",\"propertyPath\":\"TAG\",\"modelName\":\"newRequestItems\"}}"}]}
RESULT: undefined
COMMAND: POST /session/cbab2cbbd32afdf19af3e6ba8111c1c3/element - {"using":"xpath","value":"//*[@id=\"__token7-__tokenizer62-__xmlview59--requestItemsTable-1-0-icon\"]"}
RESULT: {"using":"xpath","value":"//*[@id=\"__token7-__tokenizer62-__xmlview59--requestItemsTable-1-0-icon\"]"}
COMMAND: POST /session/cbab2cbbd32afdf19af3e6ba8111c1c3/element/f.4865000251A30E3BD1E5EDC5108DADF6.d.0042165A5D0262AC8FFFF8DE1F0BDFB7.e.3105/click - {}
RESULT: {}
COMMAND: GET /session/cbab2cbbd32afdf19af3e6ba8111c1c3/screenshot - {}
RESULT: {}
COMMAND: POST /session/cbab2cbbd32afdf19af3e6ba8111c1c3/actions - {"actions":[{"id":"action26","type":"key","parameters":{},"actions":[{"type":"keyDown","value":"î€Œ"},{"type":"pause","duration":10},{"type":"keyUp","value":"î€Œ"}]}]}
RESULT: {"actions":[{"id":"action26","type":"key","parameters":{},"actions":[{"type":"keyDown","value":"î€Œ"},{"type":"pause","duration":10},{"type":"keyUp","value":"î€Œ"}]}]}
COMMAND: GET /session/cbab2cbbd32afdf19af3e6ba8111c1c3/screenshot - {}
RESULT: {}
COMMAND: POST /session/cbab2cbbd32afdf19af3e6ba8111c1c3/execute/async - {"script":"<script> [1562 bytes]","args":[{"selector":{"controlType":"sap.m.Tokenizer","viewName":"etm.portal.ui.managerequests.view.NewRequest","bindingPath":{"path":"/RequestItems/1","propertyPath":"TOKENS","modelName":"newRequestItems"}},"wdio_ui5_key":"etmportal.ui.managerequests.view.NewRequestsap.m.Tokenizer{\"path\":\"/RequestItems/1\",\"propertyPath\":\"TOKENS\",\"modelName\":\"newRequestItems\"}"}]}
RESULT: {"script":"<script> [1562 bytes]","args":[{"selector":{"controlType":"sap.m.Tokenizer","viewName":"etm.portal.ui.managerequests.view.NewRequest","bindingPath":{"path":"/RequestItems/1","propertyPath":"TOKENS","modelName":"newRequestItems"}},"wdio_ui5_key":"etmportal.ui.managerequests.view.NewRequestsap.m.Tokenizer{\"path\":\"/RequestItems/1\",\"propertyPath\":\"TOKENS\",\"modelName\":\"newRequestItems\"}"}]}
RESULT: undefined
COMMAND: POST /session/cbab2cbbd32afdf19af3e6ba8111c1c3/execute/async - {"script":"<script> [6424 bytes]","args":[{"element-6066-11e4-a52e-4f735466cecf":"f.4865000251A30E3BD1E5EDC5108DADF6.d.0042165A5D0262AC8FFFF8DE1F0BDFB7.e.3111"},"getTokens",[]]}
RESULT: {"script":"<script> [6424 bytes]","args":[{"element-6066-11e4-a52e-4f735466cecf":"f.4865000251A30E3BD1E5EDC5108DADF6.d.0042165A5D0262AC8FFFF8DE1F0BDFB7.e.3111"},"getTokens",[]]}
COMMAND: POST /session/cbab2cbbd32afdf19af3e6ba8111c1c3/execute/async - {"script":"<script> [1562 bytes]","args":[{"wdio_ui5_key":"__token7-__tokenizer62-__xmlview59--requestItemsTable-1-0","selector":{"id":"__token7-__tokenizer62-__xmlview59--requestItemsTable-1-0"}}]}
RESULT: {"script":"<script> [1562 bytes]","args":[{"wdio_ui5_key":"__token7-__tokenizer62-__xmlview59--requestItemsTable-1-0","selector":{"id":"__token7-__tokenizer62-__xmlview59--requestItemsTable-1-0"}}]}
RESULT: undefined
RESULT: undefined
COMMAND: POST /session/cbab2cbbd32afdf19af3e6ba8111c1c3/execute/async - {"script":"<script> [776 bytes]","args":[{"enterText":"tagRequest1","selector":{"controlType":"sap.m.Input","viewName":"etm.portal.ui.managerequests.view.NewRequest","bindingPath":{"path":"","propertyPath":"/Tags","modelName":"catalogModel"},"ancestor":{"controlType":"sap.m.ColumnListItem","viewName":"etm.portal.ui.managerequests.view.NewRequest","bindingPath":{"modelName":"newRequestItems","path":"/RequestItems/1"},"ancestor":{"id":"requestItemsTable","viewName":"etm.portal.ui.managerequests.view.NewRequest"}},"interaction":{"idSuffix":"inner"}},"clearTextFirst":true,"interactionType":"ENTER_TEXT"}]}
RESULT: {"script":"<script> [776 bytes]","args":[{"enterText":"tagRequest1","selector":{"controlType":"sap.m.Input","viewName":"etm.portal.ui.managerequests.view.NewRequest","bindingPath":{"path":"","propertyPath":"/Tags","modelName":"catalogModel"},"ancestor":{"controlType":"sap.m.ColumnListItem","viewName":"etm.portal.ui.managerequests.view.NewRequest","bindingPath":{"modelName":"newRequestItems","path":"/RequestItems/1"},"ancestor":{"id":"requestItemsTable","viewName":"etm.portal.ui.managerequests.view.NewRequest"}},"interaction":{"idSuffix":"inner"}},"clearTextFirst":true,"interactionType":"ENTER_TEXT"}]}
COMMAND: POST /session/cbab2cbbd32afdf19af3e6ba8111c1c3/actions - {"actions":[{"id":"action27","type":"key","parameters":{},"actions":[{"type":"keyDown","value":"î€‡"},{"type":"pause","duration":10},{"type":"keyUp","value":"î€‡"}]}]}
RESULT: {"actions":[{"id":"action27","type":"key","parameters":{},"actions":[{"type":"keyDown","value":"î€‡"},{"type":"pause","duration":10},{"type":"keyUp","value":"î€‡"}]}]}
COMMAND: GET /session/cbab2cbbd32afdf19af3e6ba8111c1c3/screenshot - {}
RESULT: {}
RESULT: undefined
COMMAND: POST /session/cbab2cbbd32afdf19af3e6ba8111c1c3/execute/async - {"script":"<script> [6424 bytes]","args":[{"element-6066-11e4-a52e-4f735466cecf":"f.4865000251A30E3BD1E5EDC5108DADF6.d.0042165A5D0262AC8FFFF8DE1F0BDFB7.e.3111"},"getTokens",[]]}
RESULT: {"script":"<script> [6424 bytes]","args":[{"element-6066-11e4-a52e-4f735466cecf":"f.4865000251A30E3BD1E5EDC5108DADF6.d.0042165A5D0262AC8FFFF8DE1F0BDFB7.e.3111"},"getTokens",[]]}
COMMAND: POST /session/cbab2cbbd32afdf19af3e6ba8111c1c3/execute/async - {"script":"<script> [1562 bytes]","args":[{"wdio_ui5_key":"__token7-__tokenizer62-__xmlview59--requestItemsTable-1-1","selector":{"id":"__token7-__tokenizer62-__xmlview59--requestItemsTable-1-1"}}]}
RESULT: undefined
RESULT: {"script":"<script> [1562 bytes]","args":[{"wdio_ui5_key":"__token7-__tokenizer62-__xmlview59--requestItemsTable-1-1","selector":{"id":"__token7-__tokenizer62-__xmlview59--requestItemsTable-1-1"}}]}
RESULT: undefined
COMMAND: POST /session/cbab2cbbd32afdf19af3e6ba8111c1c3/execute/async - {"script":"<script> [1562 bytes]","args":[{"selector":{"controlType":"sap.m.Button","viewName":"etm.portal.ui.managerequests.view.NewRequest","properties":{"text":"Save"},"i18NText":{"propertyName":"tooltip","key":"save"},"interaction":{"idSuffix":"BDI-content"}},"wdio_ui5_key":"etmportal.ui.managerequests.view.NewRequestsap.m.Button{\"propertyName\":\"tooltip\",\"key\":\"save\"}{\"text\":\"Save\"}"}]}
RESULT: {"script":"<script> [1562 bytes]","args":[{"selector":{"controlType":"sap.m.Button","viewName":"etm.portal.ui.managerequests.view.NewRequest","properties":{"text":"Save"},"i18NText":{"propertyName":"tooltip","key":"save"},"interaction":{"idSuffix":"BDI-content"}},"wdio_ui5_key":"etmportal.ui.managerequests.view.NewRequestsap.m.Button{\"propertyName\":\"tooltip\",\"key\":\"save\"}{\"text\":\"Save\"}"}]}
RESULT: undefined
COMMAND: POST /session/cbab2cbbd32afdf19af3e6ba8111c1c3/element - {"using":"xpath","value":"//*[@id=\"__button117\"]"}
RESULT: {"using":"xpath","value":"//*[@id=\"__button117\"]"}
COMMAND: POST /session/cbab2cbbd32afdf19af3e6ba8111c1c3/element/f.4865000251A30E3BD1E5EDC5108DADF6.d.0042165A5D0262AC8FFFF8DE1F0BDFB7.e.2887/click - {}
RESULT: {}
COMMAND: GET /session/cbab2cbbd32afdf19af3e6ba8111c1c3/screenshot - {}
RESULT: {}
COMMAND: POST /session/cbab2cbbd32afdf19af3e6ba8111c1c3/element - {"using":"xpath","value":"//bdi[contains(@id ,\"BDI-content\")][contains(text(), \"Close\")]"}
RESULT: {"using":"xpath","value":"//bdi[contains(@id ,\"BDI-content\")][contains(text(), \"Close\")]"}
COMMAND: POST /session/cbab2cbbd32afdf19af3e6ba8111c1c3/element/f.4865000251A30E3BD1E5EDC5108DADF6.d.0042165A5D0262AC8FFFF8DE1F0BDFB7.e.3119/click - {}
RESULT: {}
COMMAND: GET /session/cbab2cbbd32afdf19af3e6ba8111c1c3/screenshot - {}
RESULT: {}
]]></system-out>
    </testcase>
    <testcase classname="chrome.135_0_7049_96.windows.Manage_Requests_Tags_Tests_US120163" name="Should Edit Request Tags" time="93.309">
      <system-out><![CDATA[
COMMAND: POST /session/cbab2cbbd32afdf19af3e6ba8111c1c3/execute/async - {"script":"<script> [1562 bytes]","args":[{"selector":{"controlType":"sap.ui.core.Icon","viewName":"etm.portal.ui.managerequests.view.Detail","properties":{"src":{"regex":{"source":"overflow"}}}},"wdio_ui5_key":"etmportal.ui.managerequests.view.Detailsap.ui.core.Icon{\"src\":{\"regex\":{\"source\":\"overflow\"}}}"}]}
RESULT: {"script":"<script> [1562 bytes]","args":[{"selector":{"controlType":"sap.ui.core.Icon","viewName":"etm.portal.ui.managerequests.view.Detail","properties":{"src":{"regex":{"source":"overflow"}}}},"wdio_ui5_key":"etmportal.ui.managerequests.view.Detailsap.ui.core.Icon{\"src\":{\"regex\":{\"source\":\"overflow\"}}}"}]}
RESULT: undefined
COMMAND: POST /session/cbab2cbbd32afdf19af3e6ba8111c1c3/element - {"using":"xpath","value":"//*[@id=\"__xmlview60--detailHeaderTitle-_actionsToolbar-overflowButton-img\"]"}
RESULT: {"using":"xpath","value":"//*[@id=\"__xmlview60--detailHeaderTitle-_actionsToolbar-overflowButton-img\"]"}
COMMAND: POST /session/cbab2cbbd32afdf19af3e6ba8111c1c3/element/f.4865000251A30E3BD1E5EDC5108DADF6.d.0042165A5D0262AC8FFFF8DE1F0BDFB7.e.3241/click - {}
RESULT: {}
COMMAND: GET /session/cbab2cbbd32afdf19af3e6ba8111c1c3/screenshot - {}
RESULT: {}
COMMAND: POST /session/cbab2cbbd32afdf19af3e6ba8111c1c3/execute/async - {"script":"<script> [1562 bytes]","args":[{"selector":{"controlType":"sap.uxap.ObjectPageHeaderActionButton","viewName":"etm.portal.ui.managerequests.view.Detail","i18NText":{"propertyName":"text","key":"edit"},"searchOpenDialogs":true,"interaction":{"idSuffix":"inner"}},"wdio_ui5_key":"etmportal.ui.managerequests.view.Detailsap.uxap.ObjectPageHeaderActionButton{\"propertyName\":\"text\",\"key\":\"edit\"}"}]}
RESULT: {"script":"<script> [1562 bytes]","args":[{"selector":{"controlType":"sap.uxap.ObjectPageHeaderActionButton","viewName":"etm.portal.ui.managerequests.view.Detail","i18NText":{"propertyName":"text","key":"edit"},"searchOpenDialogs":true,"interaction":{"idSuffix":"inner"}},"wdio_ui5_key":"etmportal.ui.managerequests.view.Detailsap.uxap.ObjectPageHeaderActionButton{\"propertyName\":\"text\",\"key\":\"edit\"}"}]}
RESULT: undefined
COMMAND: POST /session/cbab2cbbd32afdf19af3e6ba8111c1c3/element - {"using":"xpath","value":"//*[@id=\"__button138\"]"}
RESULT: {"using":"xpath","value":"//*[@id=\"__button138\"]"}
COMMAND: POST /session/cbab2cbbd32afdf19af3e6ba8111c1c3/element/f.4865000251A30E3BD1E5EDC5108DADF6.d.0042165A5D0262AC8FFFF8DE1F0BDFB7.e.3245/click - {}
RESULT: {}
COMMAND: GET /session/cbab2cbbd32afdf19af3e6ba8111c1c3/screenshot - {}
RESULT: {}
COMMAND: POST /session/cbab2cbbd32afdf19af3e6ba8111c1c3/execute/async - {"script":"<script> [1562 bytes]","args":[{"selector":{"controlType":"sap.ui.core.Icon","viewName":"etm.portal.ui.managerequests.view.Edit","properties":{"src":{"regex":{"source":"decline"}}},"ancestor":{"controlType":"sap.m.Token","viewName":"etm.portal.ui.managerequests.view.Edit","bindingPath":{"propertyPath":"TAG","modelName":"catalogModel"},"properties":{"text":"RefTag"}}},"wdio_ui5_key":"etmportal.ui.managerequests.view.Editsap.ui.core.Icon{\"src\":{\"regex\":{\"source\":\"decline\"}}}{\"controlType\":\"sap.m.Token\",\"viewName\":\"etm.portal.ui.managerequests.view.Edit\",\"bindingPath\":{\"propertyPath\":\"TAG\",\"modelName\":\"catalogModel\"},\"properties\":{\"text\":\"RefTag\"}}"}]}
RESULT: {"script":"<script> [1562 bytes]","args":[{"selector":{"controlType":"sap.ui.core.Icon","viewName":"etm.portal.ui.managerequests.view.Edit","properties":{"src":{"regex":{"source":"decline"}}},"ancestor":{"controlType":"sap.m.Token","viewName":"etm.portal.ui.managerequests.view.Edit","bindingPath":{"propertyPath":"TAG","modelName":"catalogModel"},"properties":{"text":"RefTag"}}},"wdio_ui5_key":"etmportal.ui.managerequests.view.Editsap.ui.core.Icon{\"src\":{\"regex\":{\"source\":\"decline\"}}}{\"controlType\":\"sap.m.Token\",\"viewName\":\"etm.portal.ui.managerequests.view.Edit\",\"bindingPath\":{\"propertyPath\":\"TAG\",\"modelName\":\"catalogModel\"},\"properties\":{\"text\":\"RefTag\"}}"}]}
RESULT: undefined
COMMAND: POST /session/cbab2cbbd32afdf19af3e6ba8111c1c3/element - {"using":"xpath","value":"//*[@id=\"__token13-__tokenizer64-0-icon\"]"}
RESULT: {"using":"xpath","value":"//*[@id=\"__token13-__tokenizer64-0-icon\"]"}
COMMAND: POST /session/cbab2cbbd32afdf19af3e6ba8111c1c3/element/f.4865000251A30E3BD1E5EDC5108DADF6.d.0042165A5D0262AC8FFFF8DE1F0BDFB7.e.3362/click - {}
RESULT: {}
COMMAND: POST /session/cbab2cbbd32afdf19af3e6ba8111c1c3/execute/async - {"script":"<script> [1562 bytes]","args":[{"selector":{"id":"tagMultiInputRequests","viewName":"etm.portal.ui.managerequests.view.Edit","interaction":{"idSuffix":"inner"}},"wdio_ui5_key":"tagMultiInputRequestsetmportal.ui.managerequests.view.Edit"}]}
COMMAND: GET /session/cbab2cbbd32afdf19af3e6ba8111c1c3/screenshot - {}
RESULT: {"script":"<script> [1562 bytes]","args":[{"selector":{"id":"tagMultiInputRequests","viewName":"etm.portal.ui.managerequests.view.Edit","interaction":{"idSuffix":"inner"}},"wdio_ui5_key":"tagMultiInputRequestsetmportal.ui.managerequests.view.Edit"}]}
RESULT: undefined
COMMAND: POST /session/cbab2cbbd32afdf19af3e6ba8111c1c3/execute/async - {"script":"<script> [6424 bytes]","args":[{"element-6066-11e4-a52e-4f735466cecf":"f.4865000251A30E3BD1E5EDC5108DADF6.d.0042165A5D0262AC8FFFF8DE1F0BDFB7.e.3279"},"getTokens",[]]}
RESULT: {}
RESULT: {"script":"<script> [6424 bytes]","args":[{"element-6066-11e4-a52e-4f735466cecf":"f.4865000251A30E3BD1E5EDC5108DADF6.d.0042165A5D0262AC8FFFF8DE1F0BDFB7.e.3279"},"getTokens",[]]}
COMMAND: POST /session/cbab2cbbd32afdf19af3e6ba8111c1c3/execute/async - {"script":"<script> [1562 bytes]","args":[{"wdio_ui5_key":"__token13-__tokenizer64-1","selector":{"id":"__token13-__tokenizer64-1"}}]}
RESULT: {"script":"<script> [1562 bytes]","args":[{"wdio_ui5_key":"__token13-__tokenizer64-1","selector":{"id":"__token13-__tokenizer64-1"}}]}
RESULT: undefined
RESULT: undefined
COMMAND: POST /session/cbab2cbbd32afdf19af3e6ba8111c1c3/execute/async - {"script":"<script> [776 bytes]","args":[{"enterText":"RefTag","selector":{"id":"tagMultiInputRequests","viewName":"etm.portal.ui.managerequests.view.Edit","interaction":{"idSuffix":"inner"}},"clearTextFirst":true,"interactionType":"ENTER_TEXT"}]}
RESULT: {"script":"<script> [776 bytes]","args":[{"enterText":"RefTag","selector":{"id":"tagMultiInputRequests","viewName":"etm.portal.ui.managerequests.view.Edit","interaction":{"idSuffix":"inner"}},"clearTextFirst":true,"interactionType":"ENTER_TEXT"}]}
COMMAND: POST /session/cbab2cbbd32afdf19af3e6ba8111c1c3/actions - {"actions":[{"id":"action28","type":"key","parameters":{},"actions":[{"type":"keyDown","value":"î€‡"},{"type":"pause","duration":10},{"type":"keyUp","value":"î€‡"}]}]}
RESULT: {"actions":[{"id":"action28","type":"key","parameters":{},"actions":[{"type":"keyDown","value":"î€‡"},{"type":"pause","duration":10},{"type":"keyUp","value":"î€‡"}]}]}
COMMAND: GET /session/cbab2cbbd32afdf19af3e6ba8111c1c3/screenshot - {}
RESULT: {}
RESULT: undefined
COMMAND: POST /session/cbab2cbbd32afdf19af3e6ba8111c1c3/execute/async - {"script":"<script> [6424 bytes]","args":[{"element-6066-11e4-a52e-4f735466cecf":"f.4865000251A30E3BD1E5EDC5108DADF6.d.0042165A5D0262AC8FFFF8DE1F0BDFB7.e.3279"},"getTokens",[]]}
RESULT: {"script":"<script> [6424 bytes]","args":[{"element-6066-11e4-a52e-4f735466cecf":"f.4865000251A30E3BD1E5EDC5108DADF6.d.0042165A5D0262AC8FFFF8DE1F0BDFB7.e.3279"},"getTokens",[]]}
COMMAND: POST /session/cbab2cbbd32afdf19af3e6ba8111c1c3/execute/async - {"script":"<script> [1562 bytes]","args":[{"wdio_ui5_key":"__token16","selector":{"id":"__token16"}}]}
RESULT: undefined
RESULT: {"script":"<script> [1562 bytes]","args":[{"wdio_ui5_key":"__token16","selector":{"id":"__token16"}}]}
RESULT: undefined
COMMAND: POST /session/cbab2cbbd32afdf19af3e6ba8111c1c3/execute/async - {"script":"<script> [1562 bytes]","args":[{"selector":{"controlType":"sap.m.Button","viewName":"etm.portal.ui.managerequests.view.Edit","properties":{"text":"Items (2)"},"interaction":{"idSuffix":"BDI-content"}},"wdio_ui5_key":"etmportal.ui.managerequests.view.Editsap.m.Button{\"text\":\"Items (2)\"}"}]}
RESULT: {"script":"<script> [1562 bytes]","args":[{"selector":{"controlType":"sap.m.Button","viewName":"etm.portal.ui.managerequests.view.Edit","properties":{"text":"Items (2)"},"interaction":{"idSuffix":"BDI-content"}},"wdio_ui5_key":"etmportal.ui.managerequests.view.Editsap.m.Button{\"text\":\"Items (2)\"}"}]}
RESULT: undefined
COMMAND: POST /session/cbab2cbbd32afdf19af3e6ba8111c1c3/element - {"using":"xpath","value":"//*[@id=\"__xmlview61--editRequestPage-anchBar-__xmlview61--requestItemsSection-anchor\"]"}
RESULT: {"using":"xpath","value":"//*[@id=\"__xmlview61--editRequestPage-anchBar-__xmlview61--requestItemsSection-anchor\"]"}
COMMAND: POST /session/cbab2cbbd32afdf19af3e6ba8111c1c3/element/f.4865000251A30E3BD1E5EDC5108DADF6.d.0042165A5D0262AC8FFFF8DE1F0BDFB7.e.3367/click - {}
RESULT: {}
COMMAND: GET /session/cbab2cbbd32afdf19af3e6ba8111c1c3/screenshot - {}
RESULT: {}
COMMAND: POST /session/cbab2cbbd32afdf19af3e6ba8111c1c3/execute/async - {"script":"<script> [1562 bytes]","args":[{"selector":{"controlType":"sap.ui.core.Icon","viewName":"etm.portal.ui.managerequests.view.Edit","properties":{"src":{"regex":{"source":"inspect"}}}},"wdio_ui5_key":"etmportal.ui.managerequests.view.Editsap.ui.core.Icon{\"src\":{\"regex\":{\"source\":\"inspect\"}}}"}]}
RESULT: {"script":"<script> [1562 bytes]","args":[{"selector":{"controlType":"sap.ui.core.Icon","viewName":"etm.portal.ui.managerequests.view.Edit","properties":{"src":{"regex":{"source":"inspect"}}}},"wdio_ui5_key":"etmportal.ui.managerequests.view.Editsap.ui.core.Icon{\"src\":{\"regex\":{\"source\":\"inspect\"}}}"}]}
RESULT: undefined
COMMAND: POST /session/cbab2cbbd32afdf19af3e6ba8111c1c3/element - {"using":"xpath","value":"//*[@id=\"__button165-img\"]"}
RESULT: {"using":"xpath","value":"//*[@id=\"__button165-img\"]"}
COMMAND: POST /session/cbab2cbbd32afdf19af3e6ba8111c1c3/element/f.4865000251A30E3BD1E5EDC5108DADF6.d.0042165A5D0262AC8FFFF8DE1F0BDFB7.e.3372/click - {}
RESULT: {}
COMMAND: GET /session/cbab2cbbd32afdf19af3e6ba8111c1c3/screenshot - {}
RESULT: {}
COMMAND: POST /session/cbab2cbbd32afdf19af3e6ba8111c1c3/execute/async - {"script":"<script> [1562 bytes]","args":[{"selector":{"controlType":"sap.m.Tokenizer","viewName":"etm.portal.ui.managerequests.view.Edit","bindingPath":{"path":"/RequestItems/0","propertyPath":"LINK_TO_TAGS","modelName":"RequestItemsModel"}},"wdio_ui5_key":"etmportal.ui.managerequests.view.Editsap.m.Tokenizer{\"path\":\"/RequestItems/0\",\"propertyPath\":\"LINK_TO_TAGS\",\"modelName\":\"RequestItemsModel\"}"}]}
RESULT: {"script":"<script> [1562 bytes]","args":[{"selector":{"controlType":"sap.m.Tokenizer","viewName":"etm.portal.ui.managerequests.view.Edit","bindingPath":{"path":"/RequestItems/0","propertyPath":"LINK_TO_TAGS","modelName":"RequestItemsModel"}},"wdio_ui5_key":"etmportal.ui.managerequests.view.Editsap.m.Tokenizer{\"path\":\"/RequestItems/0\",\"propertyPath\":\"LINK_TO_TAGS\",\"modelName\":\"RequestItemsModel\"}"}]}
RESULT: undefined
COMMAND: POST /session/cbab2cbbd32afdf19af3e6ba8111c1c3/element - {"using":"xpath","value":"//*[@id=\"__tokenizer66\"]"}
RESULT: {"using":"xpath","value":"//*[@id=\"__tokenizer66\"]"}
COMMAND: POST /session/cbab2cbbd32afdf19af3e6ba8111c1c3/element/f.4865000251A30E3BD1E5EDC5108DADF6.d.0042165A5D0262AC8FFFF8DE1F0BDFB7.e.3375/click - {}
RESULT: {}
COMMAND: GET /session/cbab2cbbd32afdf19af3e6ba8111c1c3/screenshot - {}
RESULT: {}
COMMAND: POST /session/cbab2cbbd32afdf19af3e6ba8111c1c3/execute/async - {"script":"<script> [1562 bytes]","args":[{"selector":{"controlType":"sap.ui.core.Icon","viewName":"etm.portal.ui.managerequests.view.Edit","properties":{"src":{"regex":{"source":"decline"}}},"searchOpenDialogs":true,"ancestor":{"controlType":"sap.m.StandardListItem","viewName":"etm.portal.ui.managerequests.view.Edit","properties":{"title":"tag-duplicate"},"searchOpenDialogs":true}},"wdio_ui5_key":"etmportal.ui.managerequests.view.Editsap.ui.core.Icon{\"src\":{\"regex\":{\"source\":\"decline\"}}}{\"controlType\":\"sap.m.StandardListItem\",\"viewName\":\"etm.portal.ui.managerequests.view.Edit\",\"properties\":{\"title\":\"tag-duplicate\"},\"searchOpenDialogs\":true}"}]}
RESULT: {"script":"<script> [1562 bytes]","args":[{"selector":{"controlType":"sap.ui.core.Icon","viewName":"etm.portal.ui.managerequests.view.Edit","properties":{"src":{"regex":{"source":"decline"}}},"searchOpenDialogs":true,"ancestor":{"controlType":"sap.m.StandardListItem","viewName":"etm.portal.ui.managerequests.view.Edit","properties":{"title":"tag-duplicate"},"searchOpenDialogs":true}},"wdio_ui5_key":"etmportal.ui.managerequests.view.Editsap.ui.core.Icon{\"src\":{\"regex\":{\"source\":\"decline\"}}}{\"controlType\":\"sap.m.StandardListItem\",\"viewName\":\"etm.portal.ui.managerequests.view.Edit\",\"properties\":{\"title\":\"tag-duplicate\"},\"searchOpenDialogs\":true}"}]}
RESULT: undefined
COMMAND: POST /session/cbab2cbbd32afdf19af3e6ba8111c1c3/element - {"using":"xpath","value":"//*[@id=\"__item1990-imgDel-img\"]"}
RESULT: {"using":"xpath","value":"//*[@id=\"__item1990-imgDel-img\"]"}
COMMAND: POST /session/cbab2cbbd32afdf19af3e6ba8111c1c3/element/f.4865000251A30E3BD1E5EDC5108DADF6.d.0042165A5D0262AC8FFFF8DE1F0BDFB7.e.3378/click - {}
RESULT: {}
COMMAND: GET /session/cbab2cbbd32afdf19af3e6ba8111c1c3/screenshot - {}
RESULT: {}
COMMAND: POST /session/cbab2cbbd32afdf19af3e6ba8111c1c3/actions - {"actions":[{"id":"action29","type":"key","parameters":{},"actions":[{"type":"keyDown","value":"î€Œ"},{"type":"pause","duration":10},{"type":"keyUp","value":"î€Œ"}]}]}
RESULT: {"actions":[{"id":"action29","type":"key","parameters":{},"actions":[{"type":"keyDown","value":"î€Œ"},{"type":"pause","duration":10},{"type":"keyUp","value":"î€Œ"}]}]}
COMMAND: POST /session/cbab2cbbd32afdf19af3e6ba8111c1c3/execute/async - {"script":"<script> [1562 bytes]","args":[{"selector":{"controlType":"sap.m.Tokenizer","viewName":"etm.portal.ui.managerequests.view.Edit","bindingPath":{"path":"/RequestItems/1","propertyPath":"LINK_TO_TAGS","modelName":"RequestItemsModel"}},"wdio_ui5_key":"etmportal.ui.managerequests.view.Editsap.m.Tokenizer{\"path\":\"/RequestItems/1\",\"propertyPath\":\"LINK_TO_TAGS\",\"modelName\":\"RequestItemsModel\"}"}]}
COMMAND: GET /session/cbab2cbbd32afdf19af3e6ba8111c1c3/screenshot - {}
RESULT: {"script":"<script> [1562 bytes]","args":[{"selector":{"controlType":"sap.m.Tokenizer","viewName":"etm.portal.ui.managerequests.view.Edit","bindingPath":{"path":"/RequestItems/1","propertyPath":"LINK_TO_TAGS","modelName":"RequestItemsModel"}},"wdio_ui5_key":"etmportal.ui.managerequests.view.Editsap.m.Tokenizer{\"path\":\"/RequestItems/1\",\"propertyPath\":\"LINK_TO_TAGS\",\"modelName\":\"RequestItemsModel\"}"}]}
RESULT: undefined
COMMAND: POST /session/cbab2cbbd32afdf19af3e6ba8111c1c3/element - {"using":"xpath","value":"//*[@id=\"__tokenizer67\"]"}
RESULT: {}
RESULT: {"using":"xpath","value":"//*[@id=\"__tokenizer67\"]"}
COMMAND: POST /session/cbab2cbbd32afdf19af3e6ba8111c1c3/element/f.4865000251A30E3BD1E5EDC5108DADF6.d.0042165A5D0262AC8FFFF8DE1F0BDFB7.e.3381/click - {}
RESULT: {}
COMMAND: GET /session/cbab2cbbd32afdf19af3e6ba8111c1c3/screenshot - {}
RESULT: {}
COMMAND: POST /session/cbab2cbbd32afdf19af3e6ba8111c1c3/execute/async - {"script":"<script> [1562 bytes]","args":[{"selector":{"controlType":"sap.ui.core.Icon","viewName":"etm.portal.ui.managerequests.view.Edit","properties":{"src":{"regex":{"source":"decline"}}},"searchOpenDialogs":true,"ancestor":{"controlType":"sap.m.StandardListItem","viewName":"etm.portal.ui.managerequests.view.Edit","properties":{"title":"tagRequest1"},"searchOpenDialogs":true}},"wdio_ui5_key":"etmportal.ui.managerequests.view.Editsap.ui.core.Icon{\"src\":{\"regex\":{\"source\":\"decline\"}}}{\"controlType\":\"sap.m.StandardListItem\",\"viewName\":\"etm.portal.ui.managerequests.view.Edit\",\"properties\":{\"title\":\"tagRequest1\"},\"searchOpenDialogs\":true}"}]}
RESULT: {"script":"<script> [1562 bytes]","args":[{"selector":{"controlType":"sap.ui.core.Icon","viewName":"etm.portal.ui.managerequests.view.Edit","properties":{"src":{"regex":{"source":"decline"}}},"searchOpenDialogs":true,"ancestor":{"controlType":"sap.m.StandardListItem","viewName":"etm.portal.ui.managerequests.view.Edit","properties":{"title":"tagRequest1"},"searchOpenDialogs":true}},"wdio_ui5_key":"etmportal.ui.managerequests.view.Editsap.ui.core.Icon{\"src\":{\"regex\":{\"source\":\"decline\"}}}{\"controlType\":\"sap.m.StandardListItem\",\"viewName\":\"etm.portal.ui.managerequests.view.Edit\",\"properties\":{\"title\":\"tagRequest1\"},\"searchOpenDialogs\":true}"}]}
RESULT: undefined
COMMAND: POST /session/cbab2cbbd32afdf19af3e6ba8111c1c3/element - {"using":"xpath","value":"//*[@id=\"__item1998-imgDel-img\"]"}
RESULT: {"using":"xpath","value":"//*[@id=\"__item1998-imgDel-img\"]"}
COMMAND: POST /session/cbab2cbbd32afdf19af3e6ba8111c1c3/element/f.4865000251A30E3BD1E5EDC5108DADF6.d.0042165A5D0262AC8FFFF8DE1F0BDFB7.e.3384/click - {}
RESULT: {}
COMMAND: GET /session/cbab2cbbd32afdf19af3e6ba8111c1c3/screenshot - {}
RESULT: {}
COMMAND: POST /session/cbab2cbbd32afdf19af3e6ba8111c1c3/execute/async - {"script":"<script> [1562 bytes]","args":[{"selector":{"controlType":"sap.ui.core.Icon","viewName":"etm.portal.ui.managerequests.view.Edit","properties":{"src":{"regex":{"source":"decline"}}},"searchOpenDialogs":true,"ancestor":{"controlType":"sap.m.StandardListItem","viewName":"etm.portal.ui.managerequests.view.Edit","properties":{"title":"RefTag"},"searchOpenDialogs":true}},"wdio_ui5_key":"etmportal.ui.managerequests.view.Editsap.ui.core.Icon{\"src\":{\"regex\":{\"source\":\"decline\"}}}{\"controlType\":\"sap.m.StandardListItem\",\"viewName\":\"etm.portal.ui.managerequests.view.Edit\",\"properties\":{\"title\":\"RefTag\"},\"searchOpenDialogs\":true}"}]}
RESULT: {"script":"<script> [1562 bytes]","args":[{"selector":{"controlType":"sap.ui.core.Icon","viewName":"etm.portal.ui.managerequests.view.Edit","properties":{"src":{"regex":{"source":"decline"}}},"searchOpenDialogs":true,"ancestor":{"controlType":"sap.m.StandardListItem","viewName":"etm.portal.ui.managerequests.view.Edit","properties":{"title":"RefTag"},"searchOpenDialogs":true}},"wdio_ui5_key":"etmportal.ui.managerequests.view.Editsap.ui.core.Icon{\"src\":{\"regex\":{\"source\":\"decline\"}}}{\"controlType\":\"sap.m.StandardListItem\",\"viewName\":\"etm.portal.ui.managerequests.view.Edit\",\"properties\":{\"title\":\"RefTag\"},\"searchOpenDialogs\":true}"}]}
RESULT: undefined
COMMAND: POST /session/cbab2cbbd32afdf19af3e6ba8111c1c3/element - {"using":"xpath","value":"//*[@id=\"__item2002-imgDel-img\"]"}
RESULT: {"using":"xpath","value":"//*[@id=\"__item2002-imgDel-img\"]"}
COMMAND: POST /session/cbab2cbbd32afdf19af3e6ba8111c1c3/element/f.4865000251A30E3BD1E5EDC5108DADF6.d.0042165A5D0262AC8FFFF8DE1F0BDFB7.e.3387/click - {}
RESULT: {}
COMMAND: GET /session/cbab2cbbd32afdf19af3e6ba8111c1c3/screenshot - {}
RESULT: {}
COMMAND: POST /session/cbab2cbbd32afdf19af3e6ba8111c1c3/execute/async - {"script":"<script> [1562 bytes]","args":[{"selector":{"controlType":"sap.ui.core.Icon","viewName":"etm.portal.ui.managerequests.view.Edit","properties":{"src":{"regex":{"source":"decline"}}},"searchOpenDialogs":true,"ancestor":{"controlType":"sap.m.StandardListItem","viewName":"etm.portal.ui.managerequests.view.Edit","properties":{"title":"tag-header"},"searchOpenDialogs":true}},"wdio_ui5_key":"etmportal.ui.managerequests.view.Editsap.ui.core.Icon{\"src\":{\"regex\":{\"source\":\"decline\"}}}{\"controlType\":\"sap.m.StandardListItem\",\"viewName\":\"etm.portal.ui.managerequests.view.Edit\",\"properties\":{\"title\":\"tag-header\"},\"searchOpenDialogs\":true}"}]}
RESULT: {"script":"<script> [1562 bytes]","args":[{"selector":{"controlType":"sap.ui.core.Icon","viewName":"etm.portal.ui.managerequests.view.Edit","properties":{"src":{"regex":{"source":"decline"}}},"searchOpenDialogs":true,"ancestor":{"controlType":"sap.m.StandardListItem","viewName":"etm.portal.ui.managerequests.view.Edit","properties":{"title":"tag-header"},"searchOpenDialogs":true}},"wdio_ui5_key":"etmportal.ui.managerequests.view.Editsap.ui.core.Icon{\"src\":{\"regex\":{\"source\":\"decline\"}}}{\"controlType\":\"sap.m.StandardListItem\",\"viewName\":\"etm.portal.ui.managerequests.view.Edit\",\"properties\":{\"title\":\"tag-header\"},\"searchOpenDialogs\":true}"}]}
RESULT: undefined
COMMAND: POST /session/cbab2cbbd32afdf19af3e6ba8111c1c3/element - {"using":"xpath","value":"//*[@id=\"__item2005-imgDel-img\"]"}
RESULT: {"using":"xpath","value":"//*[@id=\"__item2005-imgDel-img\"]"}
COMMAND: POST /session/cbab2cbbd32afdf19af3e6ba8111c1c3/element/f.4865000251A30E3BD1E5EDC5108DADF6.d.0042165A5D0262AC8FFFF8DE1F0BDFB7.e.3390/click - {}
RESULT: {}
COMMAND: GET /session/cbab2cbbd32afdf19af3e6ba8111c1c3/screenshot - {}
RESULT: {}
COMMAND: POST /session/cbab2cbbd32afdf19af3e6ba8111c1c3/actions - {"actions":[{"id":"action30","type":"key","parameters":{},"actions":[{"type":"keyDown","value":"î€ƒ"},{"type":"pause","duration":10},{"type":"keyUp","value":"î€ƒ"}]}]}
RESULT: {"actions":[{"id":"action30","type":"key","parameters":{},"actions":[{"type":"keyDown","value":"î€ƒ"},{"type":"pause","duration":10},{"type":"keyUp","value":"î€ƒ"}]}]}
COMMAND: POST /session/cbab2cbbd32afdf19af3e6ba8111c1c3/actions - {"actions":[{"id":"action31","type":"key","parameters":{},"actions":[{"type":"keyDown","value":"î€ƒ"},{"type":"pause","duration":10},{"type":"keyUp","value":"î€ƒ"}]}]}
COMMAND: GET /session/cbab2cbbd32afdf19af3e6ba8111c1c3/screenshot - {}
RESULT: {"actions":[{"id":"action31","type":"key","parameters":{},"actions":[{"type":"keyDown","value":"î€ƒ"},{"type":"pause","duration":10},{"type":"keyUp","value":"î€ƒ"}]}]}
COMMAND: GET /session/cbab2cbbd32afdf19af3e6ba8111c1c3/screenshot - {}
RESULT: {}
RESULT: {}
COMMAND: POST /session/cbab2cbbd32afdf19af3e6ba8111c1c3/execute/async - {"script":"<script> [1562 bytes]","args":[{"selector":{"controlType":"sap.m.Button","viewName":"etm.portal.ui.managerequests.view.Edit","i18NText":{"propertyName":"tooltip","key":"save"},"interaction":{"idSuffix":"BDI-content"}},"wdio_ui5_key":"etmportal.ui.managerequests.view.Editsap.m.Button{\"propertyName\":\"tooltip\",\"key\":\"save\"}"}]}
RESULT: {"script":"<script> [1562 bytes]","args":[{"selector":{"controlType":"sap.m.Button","viewName":"etm.portal.ui.managerequests.view.Edit","i18NText":{"propertyName":"tooltip","key":"save"},"interaction":{"idSuffix":"BDI-content"}},"wdio_ui5_key":"etmportal.ui.managerequests.view.Editsap.m.Button{\"propertyName\":\"tooltip\",\"key\":\"save\"}"}]}
RESULT: undefined
COMMAND: POST /session/cbab2cbbd32afdf19af3e6ba8111c1c3/element - {"using":"xpath","value":"//*[@id=\"__xmlview61--saveButtonId\"]"}
RESULT: {"using":"xpath","value":"//*[@id=\"__xmlview61--saveButtonId\"]"}
COMMAND: POST /session/cbab2cbbd32afdf19af3e6ba8111c1c3/element/f.4865000251A30E3BD1E5EDC5108DADF6.d.0042165A5D0262AC8FFFF8DE1F0BDFB7.e.3292/click - {}
RESULT: {}
COMMAND: GET /session/cbab2cbbd32afdf19af3e6ba8111c1c3/screenshot - {}
RESULT: {}
COMMAND: POST /session/cbab2cbbd32afdf19af3e6ba8111c1c3/execute/async - {"script":"<script> [1562 bytes]","args":[{"selector":{"id":"tagsLayoutViewMode","viewName":"etm.portal.ui.managerequests.view.Detail"},"wdio_ui5_key":"tagsLayoutViewModeetmportal.ui.managerequests.view.Detail"}]}
RESULT: {"script":"<script> [1562 bytes]","args":[{"selector":{"id":"tagsLayoutViewMode","viewName":"etm.portal.ui.managerequests.view.Detail"},"wdio_ui5_key":"tagsLayoutViewModeetmportal.ui.managerequests.view.Detail"}]}
RESULT: undefined
COMMAND: POST /session/cbab2cbbd32afdf19af3e6ba8111c1c3/execute/async - {"script":"<script> [6424 bytes]","args":[{"element-6066-11e4-a52e-4f735466cecf":"f.4865000251A30E3BD1E5EDC5108DADF6.d.0042165A5D0262AC8FFFF8DE1F0BDFB7.e.3518"},"getTokens",[]]}
RESULT: {"script":"<script> [6424 bytes]","args":[{"element-6066-11e4-a52e-4f735466cecf":"f.4865000251A30E3BD1E5EDC5108DADF6.d.0042165A5D0262AC8FFFF8DE1F0BDFB7.e.3518"},"getTokens",[]]}
COMMAND: POST /session/cbab2cbbd32afdf19af3e6ba8111c1c3/execute/async - {"script":"<script> [1562 bytes]","args":[{"wdio_ui5_key":"__token11-__xmlview60--tagsLayoutViewMode-1","selector":{"id":"__token11-__xmlview60--tagsLayoutViewMode-1"}}]}
COMMAND: POST /session/cbab2cbbd32afdf19af3e6ba8111c1c3/execute/async - {"script":"<script> [1562 bytes]","args":[{"wdio_ui5_key":"__token11-__xmlview60--tagsLayoutViewMode-0","selector":{"id":"__token11-__xmlview60--tagsLayoutViewMode-0"}}]}
RESULT: {"script":"<script> [1562 bytes]","args":[{"wdio_ui5_key":"__token11-__xmlview60--tagsLayoutViewMode-0","selector":{"id":"__token11-__xmlview60--tagsLayoutViewMode-0"}}]}
RESULT: undefined
RESULT: {"script":"<script> [1562 bytes]","args":[{"wdio_ui5_key":"__token11-__xmlview60--tagsLayoutViewMode-1","selector":{"id":"__token11-__xmlview60--tagsLayoutViewMode-1"}}]}
RESULT: undefined
COMMAND: POST /session/cbab2cbbd32afdf19af3e6ba8111c1c3/execute/async - {"script":"<script> [1562 bytes]","args":[{"selector":{"controlType":"sap.m.OverflowToolbarButton","viewName":"etm.portal.ui.managerequests.view.Detail","properties":{"text":"Settings"},"interaction":{"idSuffix":"inner"}},"wdio_ui5_key":"etmportal.ui.managerequests.view.Detailsap.m.OverflowToolbarButton{\"text\":\"Settings\"}"}]}
RESULT: {"script":"<script> [1562 bytes]","args":[{"selector":{"controlType":"sap.m.OverflowToolbarButton","viewName":"etm.portal.ui.managerequests.view.Detail","properties":{"text":"Settings"},"interaction":{"idSuffix":"inner"}},"wdio_ui5_key":"etmportal.ui.managerequests.view.Detailsap.m.OverflowToolbarButton{\"text\":\"Settings\"}"}]}
RESULT: undefined
COMMAND: POST /session/cbab2cbbd32afdf19af3e6ba8111c1c3/element - {"using":"xpath","value":"//*[@id=\"__xmlview60--smartTableRequestItems-btnPersonalisation\"]"}
RESULT: {"using":"xpath","value":"//*[@id=\"__xmlview60--smartTableRequestItems-btnPersonalisation\"]"}
COMMAND: POST /session/cbab2cbbd32afdf19af3e6ba8111c1c3/element/f.4865000251A30E3BD1E5EDC5108DADF6.d.0042165A5D0262AC8FFFF8DE1F0BDFB7.e.3522/click - {}
RESULT: {}
COMMAND: POST /session/cbab2cbbd32afdf19af3e6ba8111c1c3/execute/async - {"script":"<script> [1562 bytes]","args":[{"selector":{"controlType":"sap.m.SearchField","viewName":"etm.portal.ui.managerequests.view.Detail","searchOpenDialogs":true,"interaction":{"idSuffix":"I"}},"wdio_ui5_key":"etmportal.ui.managerequests.view.Detailsap.m.SearchField"}]}
COMMAND: GET /session/cbab2cbbd32afdf19af3e6ba8111c1c3/screenshot - {}
RESULT: {"script":"<script> [1562 bytes]","args":[{"selector":{"controlType":"sap.m.SearchField","viewName":"etm.portal.ui.managerequests.view.Detail","searchOpenDialogs":true,"interaction":{"idSuffix":"I"}},"wdio_ui5_key":"etmportal.ui.managerequests.view.Detailsap.m.SearchField"}]}
RESULT: undefined
COMMAND: POST /session/cbab2cbbd32afdf19af3e6ba8111c1c3/execute/async - {"script":"<script> [776 bytes]","args":[{"enterText":"tag","selector":{"controlType":"sap.m.SearchField","viewName":"etm.portal.ui.managerequests.view.Detail","searchOpenDialogs":true,"interaction":{"idSuffix":"I"}},"clearTextFirst":true,"interactionType":"ENTER_TEXT"}]}
RESULT: {}
RESULT: {"script":"<script> [776 bytes]","args":[{"enterText":"tag","selector":{"controlType":"sap.m.SearchField","viewName":"etm.portal.ui.managerequests.view.Detail","searchOpenDialogs":true,"interaction":{"idSuffix":"I"}},"clearTextFirst":true,"interactionType":"ENTER_TEXT"}]}
COMMAND: POST /session/cbab2cbbd32afdf19af3e6ba8111c1c3/element - {"using":"xpath","value":"//div[contains(@id ,\"innerSelectionPanelTable-0-selectMulti-CbBg\")]"}
RESULT: {"using":"xpath","value":"//div[contains(@id ,\"innerSelectionPanelTable-0-selectMulti-CbBg\")]"}
COMMAND: POST /session/cbab2cbbd32afdf19af3e6ba8111c1c3/element/f.4865000251A30E3BD1E5EDC5108DADF6.d.0042165A5D0262AC8FFFF8DE1F0BDFB7.e.3559/click - {}
RESULT: {}
COMMAND: POST /session/cbab2cbbd32afdf19af3e6ba8111c1c3/execute/async - {"script":"<script> [1562 bytes]","args":[{"selector":{"controlType":"sap.m.Button","viewName":"etm.portal.ui.managerequests.view.Detail","properties":{"text":"OK"},"searchOpenDialogs":true,"interaction":{"idSuffix":"BDI-content"}},"wdio_ui5_key":"etmportal.ui.managerequests.view.Detailsap.m.Button{\"text\":\"OK\"}"}]}
COMMAND: GET /session/cbab2cbbd32afdf19af3e6ba8111c1c3/screenshot - {}
RESULT: {"script":"<script> [1562 bytes]","args":[{"selector":{"controlType":"sap.m.Button","viewName":"etm.portal.ui.managerequests.view.Detail","properties":{"text":"OK"},"searchOpenDialogs":true,"interaction":{"idSuffix":"BDI-content"}},"wdio_ui5_key":"etmportal.ui.managerequests.view.Detailsap.m.Button{\"text\":\"OK\"}"}]}
RESULT: undefined
COMMAND: POST /session/cbab2cbbd32afdf19af3e6ba8111c1c3/element - {"using":"xpath","value":"//*[@id=\"__popup377-confirmBtn\"]"}
RESULT: {}
RESULT: {"using":"xpath","value":"//*[@id=\"__popup377-confirmBtn\"]"}
COMMAND: POST /session/cbab2cbbd32afdf19af3e6ba8111c1c3/element/f.4865000251A30E3BD1E5EDC5108DADF6.d.0042165A5D0262AC8FFFF8DE1F0BDFB7.e.3564/click - {}
RESULT: {}
COMMAND: GET /session/cbab2cbbd32afdf19af3e6ba8111c1c3/screenshot - {}
RESULT: {}
COMMAND: POST /session/cbab2cbbd32afdf19af3e6ba8111c1c3/execute/async - {"script":"<script> [1562 bytes]","args":[{"selector":{"controlType":"sap.m.Text","viewName":"etm.portal.ui.managerequests.view.Detail","bindingPath":{"propertyPath":"NO","modelName":"catalogModel"}},"wdio_ui5_key":"etmportal.ui.managerequests.view.Detailsap.m.Text{\"propertyPath\":\"NO\",\"modelName\":\"catalogModel\"}"}]}
RESULT: {"script":"<script> [1562 bytes]","args":[{"selector":{"controlType":"sap.m.Text","viewName":"etm.portal.ui.managerequests.view.Detail","bindingPath":{"propertyPath":"NO","modelName":"catalogModel"}},"wdio_ui5_key":"etmportal.ui.managerequests.view.Detailsap.m.Text{\"propertyPath\":\"NO\",\"modelName\":\"catalogModel\"}"}]}
RESULT: undefined
COMMAND: POST /session/cbab2cbbd32afdf19af3e6ba8111c1c3/execute/async - {"script":"<script> [6424 bytes]","args":[{"element-6066-11e4-a52e-4f735466cecf":"f.4865000251A30E3BD1E5EDC5108DADF6.d.0042165A5D0262AC8FFFF8DE1F0BDFB7.e.3586"},"getText",[]]}
RESULT: {"script":"<script> [6424 bytes]","args":[{"element-6066-11e4-a52e-4f735466cecf":"f.4865000251A30E3BD1E5EDC5108DADF6.d.0042165A5D0262AC8FFFF8DE1F0BDFB7.e.3586"},"getText",[]]}
COMMAND: POST /session/cbab2cbbd32afdf19af3e6ba8111c1c3/execute/async - {"script":"<script> [1562 bytes]","args":[{"selector":{"controlType":"sap.m.Tokenizer","viewName":"etm.portal.ui.managerequests.view.Detail","bindingPath":{"path":"/SmartRequestItemsPlanningBoard(ITEM=10m,REQUEST='20344')","propertyPath":"LINK_TO_TAGS"}},"wdio_ui5_key":"etmportal.ui.managerequests.view.Detailsap.m.Tokenizer{\"path\":\"/SmartRequestItemsPlanningBoard(ITEM=10m,REQUEST='20344')\",\"propertyPath\":\"LINK_TO_TAGS\"}"}]}
RESULT: {"script":"<script> [1562 bytes]","args":[{"selector":{"controlType":"sap.m.Tokenizer","viewName":"etm.portal.ui.managerequests.view.Detail","bindingPath":{"path":"/SmartRequestItemsPlanningBoard(ITEM=10m,REQUEST='20344')","propertyPath":"LINK_TO_TAGS"}},"wdio_ui5_key":"etmportal.ui.managerequests.view.Detailsap.m.Tokenizer{\"path\":\"/SmartRequestItemsPlanningBoard(ITEM=10m,REQUEST='20344')\",\"propertyPath\":\"LINK_TO_TAGS\"}"}]}
RESULT: undefined
COMMAND: POST /session/cbab2cbbd32afdf19af3e6ba8111c1c3/execute/async - {"script":"<script> [6424 bytes]","args":[{"element-6066-11e4-a52e-4f735466cecf":"f.4865000251A30E3BD1E5EDC5108DADF6.d.0042165A5D0262AC8FFFF8DE1F0BDFB7.e.3587"},"getTokens",[]]}
RESULT: {"script":"<script> [6424 bytes]","args":[{"element-6066-11e4-a52e-4f735466cecf":"f.4865000251A30E3BD1E5EDC5108DADF6.d.0042165A5D0262AC8FFFF8DE1F0BDFB7.e.3587"},"getTokens",[]]}
COMMAND: POST /session/cbab2cbbd32afdf19af3e6ba8111c1c3/execute/async - {"script":"<script> [1562 bytes]","args":[{"wdio_ui5_key":"__token12-__tokenizer63-__clone4935-1","selector":{"id":"__token12-__tokenizer63-__clone4935-1"}}]}
COMMAND: POST /session/cbab2cbbd32afdf19af3e6ba8111c1c3/execute/async - {"script":"<script> [1562 bytes]","args":[{"wdio_ui5_key":"__token12-__tokenizer63-__clone4935-2","selector":{"id":"__token12-__tokenizer63-__clone4935-2"}}]}
COMMAND: POST /session/cbab2cbbd32afdf19af3e6ba8111c1c3/execute/async - {"script":"<script> [1562 bytes]","args":[{"wdio_ui5_key":"__token12-__tokenizer63-__clone4935-0","selector":{"id":"__token12-__tokenizer63-__clone4935-0"}}]}
RESULT: {"script":"<script> [1562 bytes]","args":[{"wdio_ui5_key":"__token12-__tokenizer63-__clone4935-0","selector":{"id":"__token12-__tokenizer63-__clone4935-0"}}]}
RESULT: undefined
RESULT: {"script":"<script> [1562 bytes]","args":[{"wdio_ui5_key":"__token12-__tokenizer63-__clone4935-2","selector":{"id":"__token12-__tokenizer63-__clone4935-2"}}]}
RESULT: undefined
RESULT: {"script":"<script> [1562 bytes]","args":[{"wdio_ui5_key":"__token12-__tokenizer63-__clone4935-1","selector":{"id":"__token12-__tokenizer63-__clone4935-1"}}]}
RESULT: undefined
COMMAND: POST /session/cbab2cbbd32afdf19af3e6ba8111c1c3/element - {"using":"xpath","value":"(//span[contains(text(), \"tag-header\")])[2]"}
RESULT: {"using":"xpath","value":"(//span[contains(text(), \"tag-header\")])[2]"}
COMMAND: POST /session/cbab2cbbd32afdf19af3e6ba8111c1c3/elements - {"using":"xpath","value":"(//span[contains(text(), \"tag-header\")])[2]"}
RESULT: {"using":"xpath","value":"(//span[contains(text(), \"tag-header\")])[2]"}
COMMAND: POST /session/cbab2cbbd32afdf19af3e6ba8111c1c3/execute/async - {"script":"<script> [1562 bytes]","args":[{"selector":{"controlType":"sap.m.Tokenizer","viewName":"etm.portal.ui.managerequests.view.Detail","bindingPath":{"path":"/SmartRequestItemsPlanningBoard(ITEM=20m,REQUEST='20344')","propertyPath":"LINK_TO_TAGS"}},"wdio_ui5_key":"etmportal.ui.managerequests.view.Detailsap.m.Tokenizer{\"path\":\"/SmartRequestItemsPlanningBoard(ITEM=20m,REQUEST='20344')\",\"propertyPath\":\"LINK_TO_TAGS\"}"}]}
RESULT: {"script":"<script> [1562 bytes]","args":[{"selector":{"controlType":"sap.m.Tokenizer","viewName":"etm.portal.ui.managerequests.view.Detail","bindingPath":{"path":"/SmartRequestItemsPlanningBoard(ITEM=20m,REQUEST='20344')","propertyPath":"LINK_TO_TAGS"}},"wdio_ui5_key":"etmportal.ui.managerequests.view.Detailsap.m.Tokenizer{\"path\":\"/SmartRequestItemsPlanningBoard(ITEM=20m,REQUEST='20344')\",\"propertyPath\":\"LINK_TO_TAGS\"}"}]}
RESULT: undefined
COMMAND: POST /session/cbab2cbbd32afdf19af3e6ba8111c1c3/execute/async - {"script":"<script> [6424 bytes]","args":[{"element-6066-11e4-a52e-4f735466cecf":"f.4865000251A30E3BD1E5EDC5108DADF6.d.0042165A5D0262AC8FFFF8DE1F0BDFB7.e.3592"},"getTokens",[]]}
RESULT: {"script":"<script> [6424 bytes]","args":[{"element-6066-11e4-a52e-4f735466cecf":"f.4865000251A30E3BD1E5EDC5108DADF6.d.0042165A5D0262AC8FFFF8DE1F0BDFB7.e.3592"},"getTokens",[]]}
COMMAND: POST /session/cbab2cbbd32afdf19af3e6ba8111c1c3/element - {"using":"css selector","value":"#shell-header-logo"}
RESULT: {"using":"css selector","value":"#shell-header-logo"}
COMMAND: POST /session/cbab2cbbd32afdf19af3e6ba8111c1c3/element/f.4865000251A30E3BD1E5EDC5108DADF6.d.0042165A5D0262AC8FFFF8DE1F0BDFB7.e.2522/click - {}
RESULT: {}
COMMAND: GET /session/cbab2cbbd32afdf19af3e6ba8111c1c3/screenshot - {}
RESULT: {}
]]></system-out>
    </testcase>
  </testsuite>
  <testsuite timestamp="2025-05-05T05:47:36" time="481.375" tests="4" failures="0" errors="0" skipped="0">
    <properties>
      <property name="specId" value="0" />
      <property name="suiteName" value="Manage request + Contract processing pick up option US120163 " />
      <property name="capabilities" value="chrome.135_0_7049_96.windows" />
      <property name="file" value="file:///D:/a/1/s/test/specs/R2C/create-request-Pickup.spec.js" />
    </properties>
    <testcase classname="chrome.135_0_7049_96.windows.Manage_request_+_Contract_processing_pick_up_option_US120163_" name="Should create a new contract" time="63.923">
      <system-out><![CDATA[
COMMAND: POST /session/cbab2cbbd32afdf19af3e6ba8111c1c3/execute/async - {"script":"<script> [1562 bytes]","args":[{"selector":{"controlType":"sap.m.Text","viewName":"etm.portal.ui.managecontractstile.view.Master","properties":{"text":"Manage Contracts"},"interaction":{"idSuffix":"inner"}},"wdio_ui5_key":"etmportal.ui.managecontractstile.view.Mastersap.m.Text{\"text\":\"Manage Contracts\"}"}]}
RESULT: {"script":"<script> [1562 bytes]","args":[{"selector":{"controlType":"sap.m.Text","viewName":"etm.portal.ui.managecontractstile.view.Master","properties":{"text":"Manage Contracts"},"interaction":{"idSuffix":"inner"}},"wdio_ui5_key":"etmportal.ui.managecontractstile.view.Mastersap.m.Text{\"text\":\"Manage Contracts\"}"}]}
RESULT: undefined
COMMAND: POST /session/cbab2cbbd32afdf19af3e6ba8111c1c3/element - {"using":"xpath","value":"//*[@id=\"__tile130-title\"]"}
RESULT: {"using":"xpath","value":"//*[@id=\"__tile130-title\"]"}
COMMAND: POST /session/cbab2cbbd32afdf19af3e6ba8111c1c3/element/f.4865000251A30E3BD1E5EDC5108DADF6.d.0042165A5D0262AC8FFFF8DE1F0BDFB7.e.3596/click - {}
RESULT: {}
COMMAND: GET /session/cbab2cbbd32afdf19af3e6ba8111c1c3/screenshot - {}
RESULT: {}
COMMAND: POST /session/cbab2cbbd32afdf19af3e6ba8111c1c3/execute/async - {"script":"<script> [1562 bytes]","args":[{"selector":{"controlType":"sap.ui.core.Icon","viewName":"etm.portal.ui.managecontracts.view.Master","properties":{"src":{"regex":{"source":"add"}}}},"wdio_ui5_key":"etmportal.ui.managecontracts.view.Mastersap.ui.core.Icon{\"src\":{\"regex\":{\"source\":\"add\"}}}"}]}
RESULT: {"script":"<script> [1562 bytes]","args":[{"selector":{"controlType":"sap.ui.core.Icon","viewName":"etm.portal.ui.managecontracts.view.Master","properties":{"src":{"regex":{"source":"add"}}}},"wdio_ui5_key":"etmportal.ui.managecontracts.view.Mastersap.ui.core.Icon{\"src\":{\"regex\":{\"source\":\"add\"}}}"}]}
RESULT: undefined
COMMAND: POST /session/cbab2cbbd32afdf19af3e6ba8111c1c3/element - {"using":"xpath","value":"//*[@id=\"__button187-img\"]"}
RESULT: {"using":"xpath","value":"//*[@id=\"__button187-img\"]"}
COMMAND: POST /session/cbab2cbbd32afdf19af3e6ba8111c1c3/element/f.4865000251A30E3BD1E5EDC5108DADF6.d.0042165A5D0262AC8FFFF8DE1F0BDFB7.e.3649/click - {}
RESULT: {}
COMMAND: POST /session/cbab2cbbd32afdf19af3e6ba8111c1c3/execute/async - {"script":"<script> [1562 bytes]","args":[{"selector":{"id":"application-managecontracts-display-component---AddNewContract--projectDescription","interaction":{"idSuffix":"inner"}},"wdio_ui5_key":"applicationmanagecontracts-display-component---AddNewContract--projectDescription"}]}
COMMAND: GET /session/cbab2cbbd32afdf19af3e6ba8111c1c3/screenshot - {}
RESULT: {"script":"<script> [1562 bytes]","args":[{"selector":{"id":"application-managecontracts-display-component---AddNewContract--projectDescription","interaction":{"idSuffix":"inner"}},"wdio_ui5_key":"applicationmanagecontracts-display-component---AddNewContract--projectDescription"}]}
RESULT: undefined
COMMAND: POST /session/cbab2cbbd32afdf19af3e6ba8111c1c3/execute/async - {"script":"<script> [776 bytes]","args":[{"enterText":"PickupContractu7j3l","selector":{"id":"application-managecontracts-display-component---AddNewContract--projectDescription","interaction":{"idSuffix":"inner"}},"clearTextFirst":true,"interactionType":"ENTER_TEXT"}]}
RESULT: {}
RESULT: {"script":"<script> [776 bytes]","args":[{"enterText":"PickupContractu7j3l","selector":{"id":"application-managecontracts-display-component---AddNewContract--projectDescription","interaction":{"idSuffix":"inner"}},"clearTextFirst":true,"interactionType":"ENTER_TEXT"}]}
COMMAND: POST /session/cbab2cbbd32afdf19af3e6ba8111c1c3/element - {"using":"xpath","value":"//input[contains(@id ,\"application-managecontracts-display-component---AddNewContract--yardId-inner\")]"}
RESULT: {"using":"xpath","value":"//input[contains(@id ,\"application-managecontracts-display-component---AddNewContract--yardId-inner\")]"}
COMMAND: POST /session/cbab2cbbd32afdf19af3e6ba8111c1c3/element/f.4865000251A30E3BD1E5EDC5108DADF6.d.0042165A5D0262AC8FFFF8DE1F0BDFB7.e.3926/value - {"text":"WebdriverYardgw1hi"}
RESULT: {"text":"WebdriverYardgw1hi"}
COMMAND: GET /session/cbab2cbbd32afdf19af3e6ba8111c1c3/screenshot - {}
RESULT: {}
COMMAND: POST /session/cbab2cbbd32afdf19af3e6ba8111c1c3/actions - {"actions":[{"id":"action32","type":"key","parameters":{},"actions":[{"type":"keyDown","value":"î€‡"},{"type":"pause","duration":10},{"type":"keyUp","value":"î€‡"}]}]}
RESULT: {"actions":[{"id":"action32","type":"key","parameters":{},"actions":[{"type":"keyDown","value":"î€‡"},{"type":"pause","duration":10},{"type":"keyUp","value":"î€‡"}]}]}
COMMAND: GET /session/cbab2cbbd32afdf19af3e6ba8111c1c3/screenshot - {}
RESULT: {}
COMMAND: POST /session/cbab2cbbd32afdf19af3e6ba8111c1c3/element - {"using":"xpath","value":"//input[contains(@id ,\"application-managecontracts-display-component---AddNewContract--customerSelect-inner\")]"}
RESULT: {"using":"xpath","value":"//input[contains(@id ,\"application-managecontracts-display-component---AddNewContract--customerSelect-inner\")]"}
COMMAND: POST /session/cbab2cbbd32afdf19af3e6ba8111c1c3/element/f.4865000251A30E3BD1E5EDC5108DADF6.d.0042165A5D0262AC8FFFF8DE1F0BDFB7.e.3924/value - {"text":"WebdriverPartnerlkand"}
RESULT: {"text":"WebdriverPartnerlkand"}
COMMAND: GET /session/cbab2cbbd32afdf19af3e6ba8111c1c3/screenshot - {}
RESULT: {}
COMMAND: POST /session/cbab2cbbd32afdf19af3e6ba8111c1c3/actions - {"actions":[{"id":"action33","type":"key","parameters":{},"actions":[{"type":"keyDown","value":"î€‡"},{"type":"pause","duration":10},{"type":"keyUp","value":"î€‡"}]}]}
RESULT: {"actions":[{"id":"action33","type":"key","parameters":{},"actions":[{"type":"keyDown","value":"î€‡"},{"type":"pause","duration":10},{"type":"keyUp","value":"î€‡"}]}]}
COMMAND: GET /session/cbab2cbbd32afdf19af3e6ba8111c1c3/screenshot - {}
RESULT: {}
COMMAND: POST /session/cbab2cbbd32afdf19af3e6ba8111c1c3/element - {"using":"xpath","value":"//input[contains(@id ,\"application-managecontracts-display-component---AddNewContract--site-inner\")]"}
RESULT: {"using":"xpath","value":"//input[contains(@id ,\"application-managecontracts-display-component---AddNewContract--site-inner\")]"}
COMMAND: POST /session/cbab2cbbd32afdf19af3e6ba8111c1c3/element/f.4865000251A30E3BD1E5EDC5108DADF6.d.0042165A5D0262AC8FFFF8DE1F0BDFB7.e.3925/value - {"text":"WebdriverSitemct53i"}
RESULT: {"text":"WebdriverSitemct53i"}
COMMAND: GET /session/cbab2cbbd32afdf19af3e6ba8111c1c3/screenshot - {}
RESULT: {}
COMMAND: POST /session/cbab2cbbd32afdf19af3e6ba8111c1c3/actions - {"actions":[{"id":"action34","type":"key","parameters":{},"actions":[{"type":"keyDown","value":"î€‡"},{"type":"pause","duration":10},{"type":"keyUp","value":"î€‡"}]}]}
RESULT: {"actions":[{"id":"action34","type":"key","parameters":{},"actions":[{"type":"keyDown","value":"î€‡"},{"type":"pause","duration":10},{"type":"keyUp","value":"î€‡"}]}]}
COMMAND: GET /session/cbab2cbbd32afdf19af3e6ba8111c1c3/screenshot - {}
RESULT: {}
COMMAND: POST /session/cbab2cbbd32afdf19af3e6ba8111c1c3/execute/async - {"script":"<script> [1562 bytes]","args":[{"selector":{"id":"application-managecontracts-display-component---AddNewContract--saveBtn","interaction":{"idSuffix":"BDI-content"}},"wdio_ui5_key":"applicationmanagecontracts-display-component---AddNewContract--saveBtn"}]}
RESULT: {"script":"<script> [1562 bytes]","args":[{"selector":{"id":"application-managecontracts-display-component---AddNewContract--saveBtn","interaction":{"idSuffix":"BDI-content"}},"wdio_ui5_key":"applicationmanagecontracts-display-component---AddNewContract--saveBtn"}]}
RESULT: undefined
COMMAND: POST /session/cbab2cbbd32afdf19af3e6ba8111c1c3/element - {"using":"xpath","value":"//*[@id=\"application-managecontracts-display-component---AddNewContract--saveBtn\"]"}
RESULT: {"using":"xpath","value":"//*[@id=\"application-managecontracts-display-component---AddNewContract--saveBtn\"]"}
COMMAND: POST /session/cbab2cbbd32afdf19af3e6ba8111c1c3/element/f.4865000251A30E3BD1E5EDC5108DADF6.d.0042165A5D0262AC8FFFF8DE1F0BDFB7.e.3944/click - {}
RESULT: {}
COMMAND: GET /session/cbab2cbbd32afdf19af3e6ba8111c1c3/screenshot - {}
RESULT: {}
COMMAND: POST /session/cbab2cbbd32afdf19af3e6ba8111c1c3/element - {"using":"xpath","value":"//span[contains(@id ,\"contractDetailTitleNoExpanded\")]"}
RESULT: {"using":"xpath","value":"//span[contains(@id ,\"contractDetailTitleNoExpanded\")]"}
COMMAND: GET /session/cbab2cbbd32afdf19af3e6ba8111c1c3/element/f.4865000251A30E3BD1E5EDC5108DADF6.d.0042165A5D0262AC8FFFF8DE1F0BDFB7.e.4022/text - {}
RESULT: {}
COMMAND: POST /session/cbab2cbbd32afdf19af3e6ba8111c1c3/element - {"using":"css selector","value":"#shell-header-logo"}
RESULT: {"using":"css selector","value":"#shell-header-logo"}
COMMAND: POST /session/cbab2cbbd32afdf19af3e6ba8111c1c3/element/f.4865000251A30E3BD1E5EDC5108DADF6.d.0042165A5D0262AC8FFFF8DE1F0BDFB7.e.3598/click - {}
RESULT: {}
COMMAND: GET /session/cbab2cbbd32afdf19af3e6ba8111c1c3/screenshot - {}
RESULT: {}
]]></system-out>
    </testcase>
    <testcase classname="chrome.135_0_7049_96.windows.Manage_request_+_Contract_processing_pick_up_option_US120163_" name="Should create a new material" time="113.513">
      <system-out><![CDATA[
COMMAND: POST /session/cbab2cbbd32afdf19af3e6ba8111c1c3/execute/async - {"script":"<script> [1562 bytes]","args":[{"selector":{"controlType":"sap.m.GenericTile","properties":{"header":"Manage Resources"}},"wdio_ui5_key":"sapm.GenericTile{\"header\":\"Manage Resources\"}"}]}
RESULT: {"script":"<script> [1562 bytes]","args":[{"selector":{"controlType":"sap.m.GenericTile","properties":{"header":"Manage Resources"}},"wdio_ui5_key":"sapm.GenericTile{\"header\":\"Manage Resources\"}"}]}
RESULT: undefined
COMMAND: POST /session/cbab2cbbd32afdf19af3e6ba8111c1c3/element - {"using":"xpath","value":"//*[@id=\"__tile39\"]"}
RESULT: {"using":"xpath","value":"//*[@id=\"__tile39\"]"}
COMMAND: POST /session/cbab2cbbd32afdf19af3e6ba8111c1c3/element/f.4865000251A30E3BD1E5EDC5108DADF6.d.0042165A5D0262AC8FFFF8DE1F0BDFB7.e.4026/click - {}
RESULT: {}
COMMAND: GET /session/cbab2cbbd32afdf19af3e6ba8111c1c3/screenshot - {}
RESULT: {}
COMMAND: POST /session/cbab2cbbd32afdf19af3e6ba8111c1c3/element - {"using":"xpath","value":"//button[@data-kt=\"addNewRUOverflowToolbarButton\"]"}
RESULT: {"using":"xpath","value":"//button[@data-kt=\"addNewRUOverflowToolbarButton\"]"}
COMMAND: POST /session/cbab2cbbd32afdf19af3e6ba8111c1c3/execute/sync - {"script":"<script> [8489 bytes]","args":[{"element-6066-11e4-a52e-4f735466cecf":"f.4865000251A30E3BD1E5EDC5108DADF6.d.0042165A5D0262AC8FFFF8DE1F0BDFB7.e.4067","ELEMENT":"f.4865000251A30E3BD1E5EDC5108DADF6.d.0042165A5D0262AC8FFFF8DE1F0BDFB7.e.4067"}]}
RESULT: {"script":"<script> [8489 bytes]","args":[{"element-6066-11e4-a52e-4f735466cecf":"f.4865000251A30E3BD1E5EDC5108DADF6.d.0042165A5D0262AC8FFFF8DE1F0BDFB7.e.4067","ELEMENT":"f.4865000251A30E3BD1E5EDC5108DADF6.d.0042165A5D0262AC8FFFF8DE1F0BDFB7.e.4067"}]}
COMMAND: POST /session/cbab2cbbd32afdf19af3e6ba8111c1c3/element/f.4865000251A30E3BD1E5EDC5108DADF6.d.0042165A5D0262AC8FFFF8DE1F0BDFB7.e.4067/click - {}
COMMAND: GET /session/cbab2cbbd32afdf19af3e6ba8111c1c3/screenshot - {}
RESULT: {}
COMMAND: POST /session/cbab2cbbd32afdf19af3e6ba8111c1c3/execute/async - {"script":"<script> [1562 bytes]","args":[{"selector":{"id":"application-manageresources-display-component---newResourceUnit--TYPE-arrow"},"wdio_ui5_key":"applicationmanageresources-display-component---newResourceUnit--TYPE-arrow"}]}
COMMAND: GET /session/cbab2cbbd32afdf19af3e6ba8111c1c3/screenshot - {}
RESULT: {}
RESULT: {"script":"<script> [1562 bytes]","args":[{"selector":{"id":"application-manageresources-display-component---newResourceUnit--TYPE-arrow"},"wdio_ui5_key":"applicationmanageresources-display-component---newResourceUnit--TYPE-arrow"}]}
RESULT: undefined
COMMAND: POST /session/cbab2cbbd32afdf19af3e6ba8111c1c3/element - {"using":"xpath","value":"//*[@id=\"application-manageresources-display-component---newResourceUnit--TYPE-arrow\"]"}
RESULT: {}
RESULT: {"using":"xpath","value":"//*[@id=\"application-manageresources-display-component---newResourceUnit--TYPE-arrow\"]"}
COMMAND: POST /session/cbab2cbbd32afdf19af3e6ba8111c1c3/element/f.4865000251A30E3BD1E5EDC5108DADF6.d.0042165A5D0262AC8FFFF8DE1F0BDFB7.e.4395/click - {}
RESULT: {}
COMMAND: POST /session/cbab2cbbd32afdf19af3e6ba8111c1c3/execute/async - {"script":"<script> [1562 bytes]","args":[{"selector":{"controlType":"sap.m.StandardListItem","viewName":"reusables.view.manageresources.NewResourceUnit","viewId":"application-manageresources-display-component---newResourceUnit","properties":{"title":"Material"},"searchOpenDialogs":true,"interaction":{"idSuffix":"titleText"}},"wdio_ui5_key":"reusablesview.manageresources.NewResourceUnitsap.m.StandardListItem{\"title\":\"Material\"}"}]}
COMMAND: GET /session/cbab2cbbd32afdf19af3e6ba8111c1c3/screenshot - {}
RESULT: {"script":"<script> [1562 bytes]","args":[{"selector":{"controlType":"sap.m.StandardListItem","viewName":"reusables.view.manageresources.NewResourceUnit","viewId":"application-manageresources-display-component---newResourceUnit","properties":{"title":"Material"},"searchOpenDialogs":true,"interaction":{"idSuffix":"titleText"}},"wdio_ui5_key":"reusablesview.manageresources.NewResourceUnitsap.m.StandardListItem{\"title\":\"Material\"}"}]}
RESULT: undefined
COMMAND: POST /session/cbab2cbbd32afdf19af3e6ba8111c1c3/element - {"using":"xpath","value":"//*[@id=\"__item3999\"]"}
RESULT: {}
RESULT: {"using":"xpath","value":"//*[@id=\"__item3999\"]"}
COMMAND: POST /session/cbab2cbbd32afdf19af3e6ba8111c1c3/element/f.4865000251A30E3BD1E5EDC5108DADF6.d.0042165A5D0262AC8FFFF8DE1F0BDFB7.e.4398/click - {}
RESULT: {}
COMMAND: POST /session/cbab2cbbd32afdf19af3e6ba8111c1c3/execute/async - {"script":"<script> [1562 bytes]","args":[{"selector":{"id":"application-manageresources-display-component---newResourceUnit--SHORT_TEXT","interaction":{"idSuffix":"inner"}},"wdio_ui5_key":"applicationmanageresources-display-component---newResourceUnit--SHORT_TEXT"}]}
COMMAND: GET /session/cbab2cbbd32afdf19af3e6ba8111c1c3/screenshot - {}
RESULT: {"script":"<script> [1562 bytes]","args":[{"selector":{"id":"application-manageresources-display-component---newResourceUnit--SHORT_TEXT","interaction":{"idSuffix":"inner"}},"wdio_ui5_key":"applicationmanageresources-display-component---newResourceUnit--SHORT_TEXT"}]}
RESULT: undefined
COMMAND: POST /session/cbab2cbbd32afdf19af3e6ba8111c1c3/execute/async - {"script":"<script> [776 bytes]","args":[{"enterText":"WebdriverRUR2C45yjw","selector":{"id":"application-manageresources-display-component---newResourceUnit--SHORT_TEXT","interaction":{"idSuffix":"inner"}},"clearTextFirst":true,"interactionType":"ENTER_TEXT"}]}
RESULT: {}
RESULT: {"script":"<script> [776 bytes]","args":[{"enterText":"WebdriverRUR2C45yjw","selector":{"id":"application-manageresources-display-component---newResourceUnit--SHORT_TEXT","interaction":{"idSuffix":"inner"}},"clearTextFirst":true,"interactionType":"ENTER_TEXT"}]}
COMMAND: POST /session/cbab2cbbd32afdf19af3e6ba8111c1c3/execute/async - {"script":"<script> [1562 bytes]","args":[{"selector":{"id":"application-manageresources-display-component---newResourceUnit--BASE_UNIT_OF_MEASURE-arrow"},"wdio_ui5_key":"applicationmanageresources-display-component---newResourceUnit--BASE_UNIT_OF_MEASURE-arrow"}]}
RESULT: {"script":"<script> [1562 bytes]","args":[{"selector":{"id":"application-manageresources-display-component---newResourceUnit--BASE_UNIT_OF_MEASURE-arrow"},"wdio_ui5_key":"applicationmanageresources-display-component---newResourceUnit--BASE_UNIT_OF_MEASURE-arrow"}]}
RESULT: undefined
COMMAND: POST /session/cbab2cbbd32afdf19af3e6ba8111c1c3/element - {"using":"xpath","value":"//*[@id=\"application-manageresources-display-component---newResourceUnit--BASE_UNIT_OF_MEASURE-arrow\"]"}
RESULT: {"using":"xpath","value":"//*[@id=\"application-manageresources-display-component---newResourceUnit--BASE_UNIT_OF_MEASURE-arrow\"]"}
COMMAND: POST /session/cbab2cbbd32afdf19af3e6ba8111c1c3/element/f.4865000251A30E3BD1E5EDC5108DADF6.d.0042165A5D0262AC8FFFF8DE1F0BDFB7.e.4454/click - {}
RESULT: {}
COMMAND: POST /session/cbab2cbbd32afdf19af3e6ba8111c1c3/execute/async - {"script":"<script> [1562 bytes]","args":[{"selector":{"controlType":"sap.m.StandardListItem","viewName":"reusables.view.manageresources.NewResourceUnit","viewId":"application-manageresources-display-component---newResourceUnit","properties":{"title":"Piece"},"searchOpenDialogs":true,"interaction":{"idSuffix":"titleText"}},"wdio_ui5_key":"reusablesview.manageresources.NewResourceUnitsap.m.StandardListItem{\"title\":\"Piece\"}"}]}
COMMAND: GET /session/cbab2cbbd32afdf19af3e6ba8111c1c3/screenshot - {}
RESULT: {"script":"<script> [1562 bytes]","args":[{"selector":{"controlType":"sap.m.StandardListItem","viewName":"reusables.view.manageresources.NewResourceUnit","viewId":"application-manageresources-display-component---newResourceUnit","properties":{"title":"Piece"},"searchOpenDialogs":true,"interaction":{"idSuffix":"titleText"}},"wdio_ui5_key":"reusablesview.manageresources.NewResourceUnitsap.m.StandardListItem{\"title\":\"Piece\"}"}]}
RESULT: undefined
COMMAND: POST /session/cbab2cbbd32afdf19af3e6ba8111c1c3/element - {"using":"xpath","value":"//*[@id=\"__item4043\"]"}
RESULT: {}
RESULT: {"using":"xpath","value":"//*[@id=\"__item4043\"]"}
COMMAND: POST /session/cbab2cbbd32afdf19af3e6ba8111c1c3/element/f.4865000251A30E3BD1E5EDC5108DADF6.d.0042165A5D0262AC8FFFF8DE1F0BDFB7.e.4456/click - {}
RESULT: {}
COMMAND: POST /session/cbab2cbbd32afdf19af3e6ba8111c1c3/element - {"using":"xpath","value":"//input[contains(@id ,\"application-manageresources-display-component---newResourceUnit--SHORT_TEXT-inner\")]"}
COMMAND: GET /session/cbab2cbbd32afdf19af3e6ba8111c1c3/screenshot - {}
RESULT: {"using":"xpath","value":"//input[contains(@id ,\"application-manageresources-display-component---newResourceUnit--SHORT_TEXT-inner\")]"}
COMMAND: GET /session/cbab2cbbd32afdf19af3e6ba8111c1c3/element/f.4865000251A30E3BD1E5EDC5108DADF6.d.0042165A5D0262AC8FFFF8DE1F0BDFB7.e.4415/property/value - {}
RESULT: {}
RESULT: {}
COMMAND: POST /session/cbab2cbbd32afdf19af3e6ba8111c1c3/execute/async - {"script":"<script> [1562 bytes]","args":[{"selector":{"id":"application-manageresources-display-component---newResourceUnit--WEIGHT_UNIT-arrow"},"wdio_ui5_key":"applicationmanageresources-display-component---newResourceUnit--WEIGHT_UNIT-arrow"}]}
COMMAND: GET /session/cbab2cbbd32afdf19af3e6ba8111c1c3/screenshot - {}
RESULT: {"script":"<script> [1562 bytes]","args":[{"selector":{"id":"application-manageresources-display-component---newResourceUnit--WEIGHT_UNIT-arrow"},"wdio_ui5_key":"applicationmanageresources-display-component---newResourceUnit--WEIGHT_UNIT-arrow"}]}
RESULT: undefined
COMMAND: POST /session/cbab2cbbd32afdf19af3e6ba8111c1c3/element - {"using":"xpath","value":"//*[@id=\"application-manageresources-display-component---newResourceUnit--WEIGHT_UNIT-arrow\"]"}
RESULT: {}
RESULT: {"using":"xpath","value":"//*[@id=\"application-manageresources-display-component---newResourceUnit--WEIGHT_UNIT-arrow\"]"}
COMMAND: POST /session/cbab2cbbd32afdf19af3e6ba8111c1c3/element/f.4865000251A30E3BD1E5EDC5108DADF6.d.0042165A5D0262AC8FFFF8DE1F0BDFB7.e.4457/click - {}
RESULT: {}
COMMAND: POST /session/cbab2cbbd32afdf19af3e6ba8111c1c3/execute/async - {"script":"<script> [1562 bytes]","args":[{"selector":{"controlType":"sap.m.StandardListItem","viewName":"reusables.view.manageresources.NewResourceUnit","viewId":"application-manageresources-display-component---newResourceUnit","properties":{"title":"Gram"},"searchOpenDialogs":true,"interaction":{"idSuffix":"content"}},"wdio_ui5_key":"reusablesview.manageresources.NewResourceUnitsap.m.StandardListItem{\"title\":\"Gram\"}"}]}
COMMAND: GET /session/cbab2cbbd32afdf19af3e6ba8111c1c3/screenshot - {}
RESULT: {"script":"<script> [1562 bytes]","args":[{"selector":{"controlType":"sap.m.StandardListItem","viewName":"reusables.view.manageresources.NewResourceUnit","viewId":"application-manageresources-display-component---newResourceUnit","properties":{"title":"Gram"},"searchOpenDialogs":true,"interaction":{"idSuffix":"content"}},"wdio_ui5_key":"reusablesview.manageresources.NewResourceUnitsap.m.StandardListItem{\"title\":\"Gram\"}"}]}
RESULT: undefined
COMMAND: POST /session/cbab2cbbd32afdf19af3e6ba8111c1c3/element - {"using":"xpath","value":"//*[@id=\"__item4108\"]"}
RESULT: {}
RESULT: {"using":"xpath","value":"//*[@id=\"__item4108\"]"}
COMMAND: POST /session/cbab2cbbd32afdf19af3e6ba8111c1c3/element/f.4865000251A30E3BD1E5EDC5108DADF6.d.0042165A5D0262AC8FFFF8DE1F0BDFB7.e.4459/click - {}
RESULT: {}
COMMAND: POST /session/cbab2cbbd32afdf19af3e6ba8111c1c3/execute/async - {"script":"<script> [1562 bytes]","args":[{"selector":{"id":"application-manageresources-display-component---newResourceUnit--newRRUPage-OPHeaderContent-collapseBtn-img"},"wdio_ui5_key":"applicationmanageresources-display-component---newResourceUnit--newRRUPage-OPHeaderContent-collapseBtn-img"}]}
COMMAND: GET /session/cbab2cbbd32afdf19af3e6ba8111c1c3/screenshot - {}
RESULT: {"script":"<script> [1562 bytes]","args":[{"selector":{"id":"application-manageresources-display-component---newResourceUnit--newRRUPage-OPHeaderContent-collapseBtn-img"},"wdio_ui5_key":"applicationmanageresources-display-component---newResourceUnit--newRRUPage-OPHeaderContent-collapseBtn-img"}]}
RESULT: undefined
COMMAND: POST /session/cbab2cbbd32afdf19af3e6ba8111c1c3/element - {"using":"xpath","value":"//*[@id=\"application-manageresources-display-component---newResourceUnit--newRRUPage-OPHeaderContent-collapseBtn-img\"]"}
RESULT: {}
RESULT: {"using":"xpath","value":"//*[@id=\"application-manageresources-display-component---newResourceUnit--newRRUPage-OPHeaderContent-collapseBtn-img\"]"}
COMMAND: POST /session/cbab2cbbd32afdf19af3e6ba8111c1c3/element/f.4865000251A30E3BD1E5EDC5108DADF6.d.0042165A5D0262AC8FFFF8DE1F0BDFB7.e.4405/click - {}
RESULT: {}
COMMAND: GET /session/cbab2cbbd32afdf19af3e6ba8111c1c3/screenshot - {}
RESULT: {}
COMMAND: POST /session/cbab2cbbd32afdf19af3e6ba8111c1c3/element - {"using":"xpath","value":"(//span[contains(@id ,\"application-manageresources-display-component---newResourceUnit--DIMENSION_UNIT-arrow\")])[1]"}
RESULT: {"using":"xpath","value":"(//span[contains(@id ,\"application-manageresources-display-component---newResourceUnit--DIMENSION_UNIT-arrow\")])[1]"}
COMMAND: POST /session/cbab2cbbd32afdf19af3e6ba8111c1c3/element/f.4865000251A30E3BD1E5EDC5108DADF6.d.0042165A5D0262AC8FFFF8DE1F0BDFB7.e.4465/click - {}
RESULT: {}
COMMAND: GET /session/cbab2cbbd32afdf19af3e6ba8111c1c3/screenshot - {}
RESULT: {}
COMMAND: POST /session/cbab2cbbd32afdf19af3e6ba8111c1c3/execute/async - {"script":"<script> [1562 bytes]","args":[{"selector":{"controlType":"sap.m.StandardListItem","viewName":"reusables.view.manageresources.NewResourceUnit","viewId":"application-manageresources-display-component---newResourceUnit","properties":{"title":"Centimeter"},"searchOpenDialogs":true,"interaction":{"idSuffix":"titleText"}},"wdio_ui5_key":"reusablesview.manageresources.NewResourceUnitsap.m.StandardListItem{\"title\":\"Centimeter\"}"}]}
RESULT: {"script":"<script> [1562 bytes]","args":[{"selector":{"controlType":"sap.m.StandardListItem","viewName":"reusables.view.manageresources.NewResourceUnit","viewId":"application-manageresources-display-component---newResourceUnit","properties":{"title":"Centimeter"},"searchOpenDialogs":true,"interaction":{"idSuffix":"titleText"}},"wdio_ui5_key":"reusablesview.manageresources.NewResourceUnitsap.m.StandardListItem{\"title\":\"Centimeter\"}"}]}
RESULT: undefined
COMMAND: POST /session/cbab2cbbd32afdf19af3e6ba8111c1c3/element - {"using":"xpath","value":"//*[@id=\"__item4111\"]"}
RESULT: {"using":"xpath","value":"//*[@id=\"__item4111\"]"}
COMMAND: POST /session/cbab2cbbd32afdf19af3e6ba8111c1c3/element/f.4865000251A30E3BD1E5EDC5108DADF6.d.0042165A5D0262AC8FFFF8DE1F0BDFB7.e.4467/click - {}
RESULT: {}
COMMAND: POST /session/cbab2cbbd32afdf19af3e6ba8111c1c3/execute/async - {"script":"<script> [1562 bytes]","args":[{"selector":{"id":"application-manageresources-display-component---newResourceUnit--newRRUPage-anchBar-application-manageresources-display-component---newResourceUnit--reference-anchor","interaction":{"idSuffix":"BDI-content"}},"wdio_ui5_key":"applicationmanageresources-display-component---newResourceUnit--newRRUPage-anchBar-application-manageresources-display-component---newResourceUnit--reference-anchor"}]}
COMMAND: GET /session/cbab2cbbd32afdf19af3e6ba8111c1c3/screenshot - {}
RESULT: {"script":"<script> [1562 bytes]","args":[{"selector":{"id":"application-manageresources-display-component---newResourceUnit--newRRUPage-anchBar-application-manageresources-display-component---newResourceUnit--reference-anchor","interaction":{"idSuffix":"BDI-content"}},"wdio_ui5_key":"applicationmanageresources-display-component---newResourceUnit--newRRUPage-anchBar-application-manageresources-display-component---newResourceUnit--reference-anchor"}]}
RESULT: undefined
COMMAND: POST /session/cbab2cbbd32afdf19af3e6ba8111c1c3/element - {"using":"xpath","value":"//*[@id=\"application-manageresources-display-component---newResourceUnit--newRRUPage-anchBar-application-manageresources-display-component---newResourceUnit--reference-anchor\"]"}
RESULT: {}
RESULT: {"using":"xpath","value":"//*[@id=\"application-manageresources-display-component---newResourceUnit--newRRUPage-anchBar-application-manageresources-display-component---newResourceUnit--reference-anchor\"]"}
COMMAND: POST /session/cbab2cbbd32afdf19af3e6ba8111c1c3/element/f.4865000251A30E3BD1E5EDC5108DADF6.d.0042165A5D0262AC8FFFF8DE1F0BDFB7.e.4469/click - {}
RESULT: {}
COMMAND: POST /session/cbab2cbbd32afdf19af3e6ba8111c1c3/execute/async - {"script":"<script> [1562 bytes]","args":[{"selector":{"id":"application-manageresources-display-component---newResourceUnit--PLANNING_GROUP-arrow"},"wdio_ui5_key":"applicationmanageresources-display-component---newResourceUnit--PLANNING_GROUP-arrow"}]}
COMMAND: GET /session/cbab2cbbd32afdf19af3e6ba8111c1c3/screenshot - {}
RESULT: {"script":"<script> [1562 bytes]","args":[{"selector":{"id":"application-manageresources-display-component---newResourceUnit--PLANNING_GROUP-arrow"},"wdio_ui5_key":"applicationmanageresources-display-component---newResourceUnit--PLANNING_GROUP-arrow"}]}
RESULT: undefined
COMMAND: POST /session/cbab2cbbd32afdf19af3e6ba8111c1c3/element - {"using":"xpath","value":"//*[@id=\"application-manageresources-display-component---newResourceUnit--PLANNING_GROUP-arrow\"]"}
RESULT: {}
RESULT: {"using":"xpath","value":"//*[@id=\"application-manageresources-display-component---newResourceUnit--PLANNING_GROUP-arrow\"]"}
COMMAND: POST /session/cbab2cbbd32afdf19af3e6ba8111c1c3/element/f.4865000251A30E3BD1E5EDC5108DADF6.d.0042165A5D0262AC8FFFF8DE1F0BDFB7.e.4472/click - {}
RESULT: {}
COMMAND: POST /session/cbab2cbbd32afdf19af3e6ba8111c1c3/execute/async - {"script":"<script> [1562 bytes]","args":[{"selector":{"controlType":"sap.m.StandardListItem","viewName":"reusables.view.manageresources.NewResourceUnit","viewId":"application-manageresources-display-component---newResourceUnit","properties":{"title":"Heavy Equi"},"searchOpenDialogs":true,"interaction":{"idSuffix":"content"}},"wdio_ui5_key":"reusablesview.manageresources.NewResourceUnitsap.m.StandardListItem{\"title\":\"Heavy Equi\"}"}]}
COMMAND: GET /session/cbab2cbbd32afdf19af3e6ba8111c1c3/screenshot - {}
RESULT: {"script":"<script> [1562 bytes]","args":[{"selector":{"controlType":"sap.m.StandardListItem","viewName":"reusables.view.manageresources.NewResourceUnit","viewId":"application-manageresources-display-component---newResourceUnit","properties":{"title":"Heavy Equi"},"searchOpenDialogs":true,"interaction":{"idSuffix":"content"}},"wdio_ui5_key":"reusablesview.manageresources.NewResourceUnitsap.m.StandardListItem{\"title\":\"Heavy Equi\"}"}]}
RESULT: undefined
COMMAND: POST /session/cbab2cbbd32afdf19af3e6ba8111c1c3/element - {"using":"xpath","value":"//*[@id=\"__item4119\"]"}
RESULT: {}
RESULT: {"using":"xpath","value":"//*[@id=\"__item4119\"]"}
COMMAND: POST /session/cbab2cbbd32afdf19af3e6ba8111c1c3/element/f.4865000251A30E3BD1E5EDC5108DADF6.d.0042165A5D0262AC8FFFF8DE1F0BDFB7.e.4476/click - {}
RESULT: {}
COMMAND: GET /session/cbab2cbbd32afdf19af3e6ba8111c1c3/screenshot - {}
RESULT: {}
COMMAND: POST /session/cbab2cbbd32afdf19af3e6ba8111c1c3/execute/async - {"script":"<script> [1562 bytes]","args":[{"selector":{"id":"application-manageresources-display-component---newResourceUnit--PLANNING_INDICATOR-arrow"},"wdio_ui5_key":"applicationmanageresources-display-component---newResourceUnit--PLANNING_INDICATOR-arrow"}]}
RESULT: {"script":"<script> [1562 bytes]","args":[{"selector":{"id":"application-manageresources-display-component---newResourceUnit--PLANNING_INDICATOR-arrow"},"wdio_ui5_key":"applicationmanageresources-display-component---newResourceUnit--PLANNING_INDICATOR-arrow"}]}
RESULT: undefined
COMMAND: POST /session/cbab2cbbd32afdf19af3e6ba8111c1c3/element - {"using":"xpath","value":"//*[@id=\"application-manageresources-display-component---newResourceUnit--PLANNING_INDICATOR-arrow\"]"}
RESULT: {"using":"xpath","value":"//*[@id=\"application-manageresources-display-component---newResourceUnit--PLANNING_INDICATOR-arrow\"]"}
COMMAND: POST /session/cbab2cbbd32afdf19af3e6ba8111c1c3/element/f.4865000251A30E3BD1E5EDC5108DADF6.d.0042165A5D0262AC8FFFF8DE1F0BDFB7.e.4477/click - {}
RESULT: {}
COMMAND: POST /session/cbab2cbbd32afdf19af3e6ba8111c1c3/execute/async - {"script":"<script> [1562 bytes]","args":[{"selector":{"controlType":"sap.m.StandardListItem","viewName":"reusables.view.manageresources.NewResourceUnit","viewId":"application-manageresources-display-component---newResourceUnit","properties":{"title":"10 - infinite"},"searchOpenDialogs":true,"interaction":{"idSuffix":"content"}},"wdio_ui5_key":"reusablesview.manageresources.NewResourceUnitsap.m.StandardListItem{\"title\":\"10 - infinite\"}"}]}
COMMAND: GET /session/cbab2cbbd32afdf19af3e6ba8111c1c3/screenshot - {}
RESULT: {"script":"<script> [1562 bytes]","args":[{"selector":{"controlType":"sap.m.StandardListItem","viewName":"reusables.view.manageresources.NewResourceUnit","viewId":"application-manageresources-display-component---newResourceUnit","properties":{"title":"10 - infinite"},"searchOpenDialogs":true,"interaction":{"idSuffix":"content"}},"wdio_ui5_key":"reusablesview.manageresources.NewResourceUnitsap.m.StandardListItem{\"title\":\"10 - infinite\"}"}]}
RESULT: undefined
COMMAND: POST /session/cbab2cbbd32afdf19af3e6ba8111c1c3/element - {"using":"xpath","value":"//*[@id=\"__item4129\"]"}
RESULT: {}
RESULT: {"using":"xpath","value":"//*[@id=\"__item4129\"]"}
COMMAND: POST /session/cbab2cbbd32afdf19af3e6ba8111c1c3/element/f.4865000251A30E3BD1E5EDC5108DADF6.d.0042165A5D0262AC8FFFF8DE1F0BDFB7.e.4479/click - {}
RESULT: {}
COMMAND: GET /session/cbab2cbbd32afdf19af3e6ba8111c1c3/screenshot - {}
RESULT: {}
COMMAND: POST /session/cbab2cbbd32afdf19af3e6ba8111c1c3/element - {"using":"xpath","value":"//bdi[contains(text(), \"Time Segment\")]"}
RESULT: {"using":"xpath","value":"//bdi[contains(text(), \"Time Segment\")]"}
COMMAND: GET /session/cbab2cbbd32afdf19af3e6ba8111c1c3/element/f.4865000251A30E3BD1E5EDC5108DADF6.d.0042165A5D0262AC8FFFF8DE1F0BDFB7.e.4480/rect - {}
RESULT: {}
COMMAND: GET /session/cbab2cbbd32afdf19af3e6ba8111c1c3/window/rect - {}
RESULT: {}
COMMAND: POST /session/cbab2cbbd32afdf19af3e6ba8111c1c3/execute/sync - {"script":"<script> [92 bytes]","args":[]}
RESULT: {"script":"<script> [92 bytes]","args":[]}
COMMAND: POST /session/cbab2cbbd32afdf19af3e6ba8111c1c3/actions - {"actions":[{"id":"action35","type":"wheel","parameters":{},"actions":[{"type":"scroll","x":-1820,"y":-21,"deltaX":0,"deltaY":0,"duration":0,"origin":{"element-6066-11e4-a52e-4f735466cecf":"f.4865000251A30E3BD1E5EDC5108DADF6.d.0042165A5D0262AC8FFFF8DE1F0BDFB7.e.4480"}}]}]}
COMMAND: GET /session/cbab2cbbd32afdf19af3e6ba8111c1c3/screenshot - {}
RESULT: {}
COMMAND: POST /session/cbab2cbbd32afdf19af3e6ba8111c1c3/execute/sync - {"script":"<script> [79 bytes]","args":[{"element-6066-11e4-a52e-4f735466cecf":"f.4865000251A30E3BD1E5EDC5108DADF6.d.0042165A5D0262AC8FFFF8DE1F0BDFB7.e.4480","ELEMENT":"f.4865000251A30E3BD1E5EDC5108DADF6.d.0042165A5D0262AC8FFFF8DE1F0BDFB7.e.4480"},{"block":"start","inline":"nearest"}]}
RESULT: {"script":"<script> [79 bytes]","args":[{"element-6066-11e4-a52e-4f735466cecf":"f.4865000251A30E3BD1E5EDC5108DADF6.d.0042165A5D0262AC8FFFF8DE1F0BDFB7.e.4480","ELEMENT":"f.4865000251A30E3BD1E5EDC5108DADF6.d.0042165A5D0262AC8FFFF8DE1F0BDFB7.e.4480"},{"block":"start","inline":"nearest"}]}
COMMAND: GET /session/cbab2cbbd32afdf19af3e6ba8111c1c3/screenshot - {}
RESULT: {}
COMMAND: POST /session/cbab2cbbd32afdf19af3e6ba8111c1c3/element - {"using":"xpath","value":"//span[@id=\"application-manageresources-display-component---newResourceUnit--btnAddTimeSegment-img\"]"}
RESULT: {"using":"xpath","value":"//span[@id=\"application-manageresources-display-component---newResourceUnit--btnAddTimeSegment-img\"]"}
COMMAND: POST /session/cbab2cbbd32afdf19af3e6ba8111c1c3/execute/sync - {"script":"<script> [8489 bytes]","args":[{"element-6066-11e4-a52e-4f735466cecf":"f.4865000251A30E3BD1E5EDC5108DADF6.d.0042165A5D0262AC8FFFF8DE1F0BDFB7.e.4483","ELEMENT":"f.4865000251A30E3BD1E5EDC5108DADF6.d.0042165A5D0262AC8FFFF8DE1F0BDFB7.e.4483"}]}
RESULT: {"script":"<script> [8489 bytes]","args":[{"element-6066-11e4-a52e-4f735466cecf":"f.4865000251A30E3BD1E5EDC5108DADF6.d.0042165A5D0262AC8FFFF8DE1F0BDFB7.e.4483","ELEMENT":"f.4865000251A30E3BD1E5EDC5108DADF6.d.0042165A5D0262AC8FFFF8DE1F0BDFB7.e.4483"}]}
COMMAND: POST /session/cbab2cbbd32afdf19af3e6ba8111c1c3/element/f.4865000251A30E3BD1E5EDC5108DADF6.d.0042165A5D0262AC8FFFF8DE1F0BDFB7.e.4483/click - {}
COMMAND: GET /session/cbab2cbbd32afdf19af3e6ba8111c1c3/screenshot - {}
RESULT: {}
COMMAND: GET /session/cbab2cbbd32afdf19af3e6ba8111c1c3/screenshot - {}
COMMAND: POST /session/cbab2cbbd32afdf19af3e6ba8111c1c3/element - {"using":"xpath","value":"//input[@id=\"application-manageresources-display-component---newResourceUnit--idRuTSAdmin-application-manageresources-display-component---newResourceUnit--RUTimeSegment-0-inner\"]"}
RESULT: {}
RESULT: {}
RESULT: {"using":"xpath","value":"//input[@id=\"application-manageresources-display-component---newResourceUnit--idRuTSAdmin-application-manageresources-display-component---newResourceUnit--RUTimeSegment-0-inner\"]"}
COMMAND: POST /session/cbab2cbbd32afdf19af3e6ba8111c1c3/element/f.4865000251A30E3BD1E5EDC5108DADF6.d.0042165A5D0262AC8FFFF8DE1F0BDFB7.e.4486/clear - {}
RESULT: {}
COMMAND: POST /session/cbab2cbbd32afdf19af3e6ba8111c1c3/element/f.4865000251A30E3BD1E5EDC5108DADF6.d.0042165A5D0262AC8FFFF8DE1F0BDFB7.e.4486/value - {"text":"WebdriverYardgw1hi"}
COMMAND: GET /session/cbab2cbbd32afdf19af3e6ba8111c1c3/screenshot - {}
RESULT: {"text":"WebdriverYardgw1hi"}
COMMAND: GET /session/cbab2cbbd32afdf19af3e6ba8111c1c3/screenshot - {}
RESULT: {}
RESULT: {}
COMMAND: POST /session/cbab2cbbd32afdf19af3e6ba8111c1c3/actions - {"actions":[{"id":"action36","type":"key","parameters":{},"actions":[{"type":"keyDown","value":"î€‡"},{"type":"pause","duration":10},{"type":"keyUp","value":"î€‡"}]}]}
RESULT: {"actions":[{"id":"action36","type":"key","parameters":{},"actions":[{"type":"keyDown","value":"î€‡"},{"type":"pause","duration":10},{"type":"keyUp","value":"î€‡"}]}]}
COMMAND: GET /session/cbab2cbbd32afdf19af3e6ba8111c1c3/screenshot - {}
RESULT: {}
COMMAND: POST /session/cbab2cbbd32afdf19af3e6ba8111c1c3/execute/async - {"script":"<script> [1562 bytes]","args":[{"selector":{"controlType":"sap.m.Button","viewName":"reusables.view.manageresources.NewResourceUnit","viewId":"application-manageresources-display-component---newResourceUnit","i18NText":{"propertyName":"tooltip","key":"save"},"interaction":{"idSuffix":"BDI-content"}},"wdio_ui5_key":"reusablesview.manageresources.NewResourceUnitsap.m.Button{\"propertyName\":\"tooltip\",\"key\":\"save\"}"}]}
RESULT: {"script":"<script> [1562 bytes]","args":[{"selector":{"controlType":"sap.m.Button","viewName":"reusables.view.manageresources.NewResourceUnit","viewId":"application-manageresources-display-component---newResourceUnit","i18NText":{"propertyName":"tooltip","key":"save"},"interaction":{"idSuffix":"BDI-content"}},"wdio_ui5_key":"reusablesview.manageresources.NewResourceUnitsap.m.Button{\"propertyName\":\"tooltip\",\"key\":\"save\"}"}]}
RESULT: undefined
COMMAND: POST /session/cbab2cbbd32afdf19af3e6ba8111c1c3/element - {"using":"xpath","value":"//*[@id=\"application-manageresources-display-component---newResourceUnit--createRuButton\"]"}
RESULT: {"using":"xpath","value":"//*[@id=\"application-manageresources-display-component---newResourceUnit--createRuButton\"]"}
COMMAND: POST /session/cbab2cbbd32afdf19af3e6ba8111c1c3/element/f.4865000251A30E3BD1E5EDC5108DADF6.d.0042165A5D0262AC8FFFF8DE1F0BDFB7.e.4411/click - {}
RESULT: {}
COMMAND: GET /session/cbab2cbbd32afdf19af3e6ba8111c1c3/screenshot - {}
RESULT: {}
COMMAND: POST /session/cbab2cbbd32afdf19af3e6ba8111c1c3/execute/async - {"script":"<script> [1562 bytes]","args":[{"selector":{"controlType":"sap.m.Title","properties":{"text":"Success"},"searchOpenDialogs":true},"wdio_ui5_key":"sapm.Title{\"text\":\"Success\"}"}]}
RESULT: {"script":"<script> [1562 bytes]","args":[{"selector":{"controlType":"sap.m.Title","properties":{"text":"Success"},"searchOpenDialogs":true},"wdio_ui5_key":"sapm.Title{\"text\":\"Success\"}"}]}
RESULT: undefined
COMMAND: POST /session/cbab2cbbd32afdf19af3e6ba8111c1c3/execute/async - {"script":"<script> [6424 bytes]","args":[{"element-6066-11e4-a52e-4f735466cecf":"f.4865000251A30E3BD1E5EDC5108DADF6.d.0042165A5D0262AC8FFFF8DE1F0BDFB7.e.4499"},"getText",[]]}
RESULT: {"script":"<script> [6424 bytes]","args":[{"element-6066-11e4-a52e-4f735466cecf":"f.4865000251A30E3BD1E5EDC5108DADF6.d.0042165A5D0262AC8FFFF8DE1F0BDFB7.e.4499"},"getText",[]]}
COMMAND: POST /session/cbab2cbbd32afdf19af3e6ba8111c1c3/element - {"using":"xpath","value":"//*[contains(@id, '__text') and (contains(text(), 'successfully created') or contains(., 'successfully created'))]"}
RESULT: {"using":"xpath","value":"//*[contains(@id, '__text') and (contains(text(), 'successfully created') or contains(., 'successfully created'))]"}
COMMAND: GET /session/cbab2cbbd32afdf19af3e6ba8111c1c3/element/f.4865000251A30E3BD1E5EDC5108DADF6.d.0042165A5D0262AC8FFFF8DE1F0BDFB7.e.4497/text - {}
RESULT: {}
COMMAND: POST /session/cbab2cbbd32afdf19af3e6ba8111c1c3/execute/async - {"script":"<script> [1562 bytes]","args":[{"selector":{"controlType":"sap.m.Button","properties":{"text":"Close"},"searchOpenDialogs":true,"interaction":{"idSuffix":"BDI-content"}},"wdio_ui5_key":"sapm.Button{\"text\":\"Close\"}"}]}
RESULT: {"script":"<script> [1562 bytes]","args":[{"selector":{"controlType":"sap.m.Button","properties":{"text":"Close"},"searchOpenDialogs":true,"interaction":{"idSuffix":"BDI-content"}},"wdio_ui5_key":"sapm.Button{\"text\":\"Close\"}"}]}
RESULT: undefined
COMMAND: POST /session/cbab2cbbd32afdf19af3e6ba8111c1c3/element - {"using":"xpath","value":"//*[@id=\"__mbox-btn-1\"]"}
RESULT: {"using":"xpath","value":"//*[@id=\"__mbox-btn-1\"]"}
COMMAND: POST /session/cbab2cbbd32afdf19af3e6ba8111c1c3/element/f.4865000251A30E3BD1E5EDC5108DADF6.d.0042165A5D0262AC8FFFF8DE1F0BDFB7.e.4496/click - {}
RESULT: {}
COMMAND: GET /session/cbab2cbbd32afdf19af3e6ba8111c1c3/screenshot - {}
RESULT: {}
COMMAND: POST /session/cbab2cbbd32afdf19af3e6ba8111c1c3/execute/async - {"script":"<script> [1562 bytes]","args":[{"selector":{"controlType":"sap.ui.core.Icon","viewName":"etm.portal.ui.manageresources.view.Detail","viewId":"application-manageresources-display-component---detailRU","properties":{"src":{"regex":{"source":"overflow"}}}},"wdio_ui5_key":"etmportal.ui.manageresources.view.Detailsap.ui.core.Icon{\"src\":{\"regex\":{\"source\":\"overflow\"}}}"}]}
RESULT: {"script":"<script> [1562 bytes]","args":[{"selector":{"controlType":"sap.ui.core.Icon","viewName":"etm.portal.ui.manageresources.view.Detail","viewId":"application-manageresources-display-component---detailRU","properties":{"src":{"regex":{"source":"overflow"}}}},"wdio_ui5_key":"etmportal.ui.manageresources.view.Detailsap.ui.core.Icon{\"src\":{\"regex\":{\"source\":\"overflow\"}}}"}]}
RESULT: undefined
COMMAND: POST /session/cbab2cbbd32afdf19af3e6ba8111c1c3/element - {"using":"xpath","value":"//*[@id=\"__title82-_actionsToolbar-overflowButton-img\"]"}
RESULT: {"using":"xpath","value":"//*[@id=\"__title82-_actionsToolbar-overflowButton-img\"]"}
COMMAND: POST /session/cbab2cbbd32afdf19af3e6ba8111c1c3/element/f.4865000251A30E3BD1E5EDC5108DADF6.d.0042165A5D0262AC8FFFF8DE1F0BDFB7.e.4532/click - {}
RESULT: {}
COMMAND: POST /session/cbab2cbbd32afdf19af3e6ba8111c1c3/execute/async - {"script":"<script> [1562 bytes]","args":[{"selector":{"controlType":"sap.m.Button","viewName":"etm.portal.ui.manageresources.view.Detail","viewId":"application-manageresources-display-component---detailRU","i18NText":{"propertyName":"tooltip","key":"closeColumn"},"searchOpenDialogs":true,"interaction":{"idSuffix":"inner"}},"wdio_ui5_key":"etmportal.ui.manageresources.view.Detailsap.m.Button{\"propertyName\":\"tooltip\",\"key\":\"closeColumn\"}"}]}
COMMAND: GET /session/cbab2cbbd32afdf19af3e6ba8111c1c3/screenshot - {}
RESULT: {"script":"<script> [1562 bytes]","args":[{"selector":{"controlType":"sap.m.Button","viewName":"etm.portal.ui.manageresources.view.Detail","viewId":"application-manageresources-display-component---detailRU","i18NText":{"propertyName":"tooltip","key":"closeColumn"},"searchOpenDialogs":true,"interaction":{"idSuffix":"inner"}},"wdio_ui5_key":"etmportal.ui.manageresources.view.Detailsap.m.Button{\"propertyName\":\"tooltip\",\"key\":\"closeColumn\"}"}]}
RESULT: undefined
COMMAND: POST /session/cbab2cbbd32afdf19af3e6ba8111c1c3/element - {"using":"xpath","value":"//*[@id=\"__button251\"]"}
RESULT: {}
RESULT: {"using":"xpath","value":"//*[@id=\"__button251\"]"}
COMMAND: POST /session/cbab2cbbd32afdf19af3e6ba8111c1c3/element/f.4865000251A30E3BD1E5EDC5108DADF6.d.0042165A5D0262AC8FFFF8DE1F0BDFB7.e.4534/click - {}
RESULT: {}
COMMAND: GET /session/cbab2cbbd32afdf19af3e6ba8111c1c3/screenshot - {}
RESULT: {}
COMMAND: POST /session/cbab2cbbd32afdf19af3e6ba8111c1c3/refresh - {}
RESULT: {}
COMMAND: GET /session/cbab2cbbd32afdf19af3e6ba8111c1c3/screenshot - {}
RESULT: {}
COMMAND: POST /session/cbab2cbbd32afdf19af3e6ba8111c1c3/execute/async - {"script":"<script> [189 bytes]","args":[]}
RESULT: {"script":"<script> [189 bytes]","args":[]}
COMMAND: POST /session/cbab2cbbd32afdf19af3e6ba8111c1c3/execute/async - {"script":"<script> [123 bytes]","args":[]}
RESULT: {"script":"<script> [123 bytes]","args":[]}
COMMAND: POST /session/cbab2cbbd32afdf19af3e6ba8111c1c3/timeouts - {"script":"<number>"}
RESULT: {"script":"<number>"}
COMMAND: GET /session/cbab2cbbd32afdf19af3e6ba8111c1c3/timeouts - {}
RESULT: {}
RESULT: undefined
COMMAND: POST /session/cbab2cbbd32afdf19af3e6ba8111c1c3/execute/async - {"script":"<script> [2676 bytes]","args":[]}
RESULT: {"script":"<script> [2676 bytes]","args":[]}
COMMAND: POST /session/cbab2cbbd32afdf19af3e6ba8111c1c3/execute/async - {"script":"<script> [2342 bytes]","args":[{"protocol":"http","hostname":"0.0.0.0","path":"/","capabilities":{"browserName":"chrome","goog:chromeOptions":{"binary":"C:\\Program Files\\Google\\Chrome\\Application\\chrome.exe","args":["--start-maximized"]}},"logLevel":"warn","connectionRetryTimeout":120000,"connectionRetryCount":3,"logLevels":{},"enableDirectConnect":true,"strictSSL":true,"_":"65 more keys: [\"cacheDir\",\"port\",\"requestedCapabilities\",\"automationProtocol\",\"baseUrl\",\"waitforInterval\",\"waitforTimeout\",\"onReload\",\"beforeCommand\",\"afterCommand\",\"rootDir\",\"specs\",\"suites\",\"exclude\",\"groupLogsByTestSpec\",\"excludeDriverLogs\",\"bail\",\"framework\",\"reporters\",\"services\",\"maxInstances\",\"maxInstancesPerCapability\",\"injectGlobals\",\"filesToWatch\",\"execArgv\",\"runnerEnv\",\"runner\",\"shard\",\"specFileRetries\",\"specFileRetriesDelay\",\"specFileRetriesDeferred\",\"reporterSyncInterval\",\"reporterSyncTimeout\",\"cucumberFeaturesWithLineNumbers\",\"autoCompileOpts\",\"mochaOpts\",\"jasmineOpts\",\"cucumberOpts\",\"onPrepare\",\"onWorkerStart\",\"onWorkerEnd\",\"before\",\"beforeSession\",\"beforeSuite\",\"beforeHook\",\"beforeTest\",\"afterTest\",\"afterHook\",\"afterSuite\",\"afterSession\",\"after\",\"onComplete\",\"beforeAssertion\",\"afterAssertion\",\"beforeFeature\",\"beforeScenario\",\"beforeStep\",\"afterStep\",\"afterScenario\",\"afterFeature\",\"_\",\"suite\",\"$0\",\"ignoredWorkerServices\",\"wdi5\"]"}]}
RESULT: {"script":"<script> [2342 bytes]","args":[{"protocol":"http","hostname":"0.0.0.0","path":"/","capabilities":{"browserName":"chrome","goog:chromeOptions":{"binary":"C:\\Program Files\\Google\\Chrome\\Application\\chrome.exe","args":["--start-maximized"]}},"logLevel":"warn","connectionRetryTimeout":120000,"connectionRetryCount":3,"logLevels":{},"enableDirectConnect":true,"strictSSL":true,"_":"65 more keys: [\"cacheDir\",\"port\",\"requestedCapabilities\",\"automationProtocol\",\"baseUrl\",\"waitforInterval\",\"waitforTimeout\",\"onReload\",\"beforeCommand\",\"afterCommand\",\"rootDir\",\"specs\",\"suites\",\"exclude\",\"groupLogsByTestSpec\",\"excludeDriverLogs\",\"bail\",\"framework\",\"reporters\",\"services\",\"maxInstances\",\"maxInstancesPerCapability\",\"injectGlobals\",\"filesToWatch\",\"execArgv\",\"runnerEnv\",\"runner\",\"shard\",\"specFileRetries\",\"specFileRetriesDelay\",\"specFileRetriesDeferred\",\"reporterSyncInterval\",\"reporterSyncTimeout\",\"cucumberFeaturesWithLineNumbers\",\"autoCompileOpts\",\"mochaOpts\",\"jasmineOpts\",\"cucumberOpts\",\"onPrepare\",\"onWorkerStart\",\"onWorkerEnd\",\"before\",\"beforeSession\",\"beforeSuite\",\"beforeHook\",\"beforeTest\",\"afterTest\",\"afterHook\",\"afterSuite\",\"afterSession\",\"after\",\"onComplete\",\"beforeAssertion\",\"afterAssertion\",\"beforeFeature\",\"beforeScenario\",\"beforeStep\",\"afterStep\",\"afterScenario\",\"afterFeature\",\"_\",\"suite\",\"$0\",\"ignoredWorkerServices\",\"wdi5\"]"}]}
COMMAND: POST /session/cbab2cbbd32afdf19af3e6ba8111c1c3/execute/async - {"script":"<script> [21126 bytes]","args":[35000]}
RESULT: {"script":"<script> [21126 bytes]","args":[35000]}
COMMAND: POST /session/cbab2cbbd32afdf19af3e6ba8111c1c3/element - {"using":"css selector","value":"#shell-header-logo"}
RESULT: {"using":"css selector","value":"#shell-header-logo"}
COMMAND: POST /session/cbab2cbbd32afdf19af3e6ba8111c1c3/element/f.4865000251A30E3BD1E5EDC5108DADF6.d.49272B9EE910064A2667A9B5CC0ACDDD.e.4698/click - {}
RESULT: {}
COMMAND: GET /session/cbab2cbbd32afdf19af3e6ba8111c1c3/screenshot - {}
RESULT: {}
COMMAND: POST /session/cbab2cbbd32afdf19af3e6ba8111c1c3/element - {"using":"css selector","value":"#shell-header-logo"}
RESULT: {"using":"css selector","value":"#shell-header-logo"}
COMMAND: POST /session/cbab2cbbd32afdf19af3e6ba8111c1c3/element/f.4865000251A30E3BD1E5EDC5108DADF6.d.49272B9EE910064A2667A9B5CC0ACDDD.e.4735/click - {}
RESULT: {}
COMMAND: GET /session/cbab2cbbd32afdf19af3e6ba8111c1c3/screenshot - {}
RESULT: {}
]]></system-out>
    </testcase>
    <testcase classname="chrome.135_0_7049_96.windows.Manage_request_+_Contract_processing_pick_up_option_US120163_" name="Should Create New Request pick up option" time="157.572">
      <system-out><![CDATA[
COMMAND: POST /session/cbab2cbbd32afdf19af3e6ba8111c1c3/element - {"using":"css selector","value":"#shell-header-logo"}
RESULT: {"using":"css selector","value":"#shell-header-logo"}
COMMAND: POST /session/cbab2cbbd32afdf19af3e6ba8111c1c3/element/f.4865000251A30E3BD1E5EDC5108DADF6.d.49272B9EE910064A2667A9B5CC0ACDDD.e.4735/click - {}
RESULT: {}
COMMAND: GET /session/cbab2cbbd32afdf19af3e6ba8111c1c3/screenshot - {}
RESULT: {}
COMMAND: POST /session/cbab2cbbd32afdf19af3e6ba8111c1c3/execute/async - {"script":"<script> [1562 bytes]","args":[{"selector":{"controlType":"sap.m.GenericTile","properties":{"header":"Manage Requests"}},"wdio_ui5_key":"sapm.GenericTile{\"header\":\"Manage Requests\"}"}]}
RESULT: {"script":"<script> [1562 bytes]","args":[{"selector":{"controlType":"sap.m.GenericTile","properties":{"header":"Manage Requests"}},"wdio_ui5_key":"sapm.GenericTile{\"header\":\"Manage Requests\"}"}]}
RESULT: undefined
COMMAND: POST /session/cbab2cbbd32afdf19af3e6ba8111c1c3/element - {"using":"xpath","value":"//*[@id=\"__tile47\"]"}
RESULT: {"using":"xpath","value":"//*[@id=\"__tile47\"]"}
COMMAND: POST /session/cbab2cbbd32afdf19af3e6ba8111c1c3/element/f.4865000251A30E3BD1E5EDC5108DADF6.d.49272B9EE910064A2667A9B5CC0ACDDD.e.4742/click - {}
RESULT: {}
COMMAND: GET /session/cbab2cbbd32afdf19af3e6ba8111c1c3/screenshot - {}
RESULT: {}
COMMAND: POST /session/cbab2cbbd32afdf19af3e6ba8111c1c3/refresh - {}
RESULT: {}
COMMAND: GET /session/cbab2cbbd32afdf19af3e6ba8111c1c3/screenshot - {}
RESULT: {}
COMMAND: POST /session/cbab2cbbd32afdf19af3e6ba8111c1c3/execute/async - {"script":"<script> [189 bytes]","args":[]}
RESULT: {"script":"<script> [189 bytes]","args":[]}
COMMAND: POST /session/cbab2cbbd32afdf19af3e6ba8111c1c3/execute/async - {"script":"<script> [123 bytes]","args":[]}
RESULT: {"script":"<script> [123 bytes]","args":[]}
COMMAND: POST /session/cbab2cbbd32afdf19af3e6ba8111c1c3/timeouts - {"script":"<number>"}
RESULT: {"script":"<number>"}
COMMAND: GET /session/cbab2cbbd32afdf19af3e6ba8111c1c3/timeouts - {}
RESULT: {}
RESULT: undefined
COMMAND: POST /session/cbab2cbbd32afdf19af3e6ba8111c1c3/execute/async - {"script":"<script> [2676 bytes]","args":[]}
RESULT: {"script":"<script> [2676 bytes]","args":[]}
COMMAND: POST /session/cbab2cbbd32afdf19af3e6ba8111c1c3/execute/async - {"script":"<script> [2342 bytes]","args":[{"protocol":"http","hostname":"0.0.0.0","path":"/","capabilities":{"browserName":"chrome","goog:chromeOptions":{"binary":"C:\\Program Files\\Google\\Chrome\\Application\\chrome.exe","args":["--start-maximized"]}},"logLevel":"warn","connectionRetryTimeout":120000,"connectionRetryCount":3,"logLevels":{},"enableDirectConnect":true,"strictSSL":true,"_":"65 more keys: [\"cacheDir\",\"port\",\"requestedCapabilities\",\"automationProtocol\",\"baseUrl\",\"waitforInterval\",\"waitforTimeout\",\"onReload\",\"beforeCommand\",\"afterCommand\",\"rootDir\",\"specs\",\"suites\",\"exclude\",\"groupLogsByTestSpec\",\"excludeDriverLogs\",\"bail\",\"framework\",\"reporters\",\"services\",\"maxInstances\",\"maxInstancesPerCapability\",\"injectGlobals\",\"filesToWatch\",\"execArgv\",\"runnerEnv\",\"runner\",\"shard\",\"specFileRetries\",\"specFileRetriesDelay\",\"specFileRetriesDeferred\",\"reporterSyncInterval\",\"reporterSyncTimeout\",\"cucumberFeaturesWithLineNumbers\",\"autoCompileOpts\",\"mochaOpts\",\"jasmineOpts\",\"cucumberOpts\",\"onPrepare\",\"onWorkerStart\",\"onWorkerEnd\",\"before\",\"beforeSession\",\"beforeSuite\",\"beforeHook\",\"beforeTest\",\"afterTest\",\"afterHook\",\"afterSuite\",\"afterSession\",\"after\",\"onComplete\",\"beforeAssertion\",\"afterAssertion\",\"beforeFeature\",\"beforeScenario\",\"beforeStep\",\"afterStep\",\"afterScenario\",\"afterFeature\",\"_\",\"suite\",\"$0\",\"ignoredWorkerServices\",\"wdi5\"]"}]}
RESULT: {"script":"<script> [2342 bytes]","args":[{"protocol":"http","hostname":"0.0.0.0","path":"/","capabilities":{"browserName":"chrome","goog:chromeOptions":{"binary":"C:\\Program Files\\Google\\Chrome\\Application\\chrome.exe","args":["--start-maximized"]}},"logLevel":"warn","connectionRetryTimeout":120000,"connectionRetryCount":3,"logLevels":{},"enableDirectConnect":true,"strictSSL":true,"_":"65 more keys: [\"cacheDir\",\"port\",\"requestedCapabilities\",\"automationProtocol\",\"baseUrl\",\"waitforInterval\",\"waitforTimeout\",\"onReload\",\"beforeCommand\",\"afterCommand\",\"rootDir\",\"specs\",\"suites\",\"exclude\",\"groupLogsByTestSpec\",\"excludeDriverLogs\",\"bail\",\"framework\",\"reporters\",\"services\",\"maxInstances\",\"maxInstancesPerCapability\",\"injectGlobals\",\"filesToWatch\",\"execArgv\",\"runnerEnv\",\"runner\",\"shard\",\"specFileRetries\",\"specFileRetriesDelay\",\"specFileRetriesDeferred\",\"reporterSyncInterval\",\"reporterSyncTimeout\",\"cucumberFeaturesWithLineNumbers\",\"autoCompileOpts\",\"mochaOpts\",\"jasmineOpts\",\"cucumberOpts\",\"onPrepare\",\"onWorkerStart\",\"onWorkerEnd\",\"before\",\"beforeSession\",\"beforeSuite\",\"beforeHook\",\"beforeTest\",\"afterTest\",\"afterHook\",\"afterSuite\",\"afterSession\",\"after\",\"onComplete\",\"beforeAssertion\",\"afterAssertion\",\"beforeFeature\",\"beforeScenario\",\"beforeStep\",\"afterStep\",\"afterScenario\",\"afterFeature\",\"_\",\"suite\",\"$0\",\"ignoredWorkerServices\",\"wdi5\"]"}]}
COMMAND: POST /session/cbab2cbbd32afdf19af3e6ba8111c1c3/execute/async - {"script":"<script> [21126 bytes]","args":[35000]}
RESULT: {"script":"<script> [21126 bytes]","args":[35000]}
COMMAND: POST /session/cbab2cbbd32afdf19af3e6ba8111c1c3/element - {"using":"xpath","value":"//button[contains(@data-kt ,\"btnCreateNewOverflowToolbarButton\")]"}
COMMAND: POST /session/cbab2cbbd32afdf19af3e6ba8111c1c3/element - {"using":"xpath","value":"(//span[contains(@class ,\"sapMObjStatusText\")])[1]"}
RESULT: {"using":"xpath","value":"//button[contains(@data-kt ,\"btnCreateNewOverflowToolbarButton\")]"}
COMMAND: POST /session/cbab2cbbd32afdf19af3e6ba8111c1c3/element/f.4865000251A30E3BD1E5EDC5108DADF6.d.AEE38F58F3214E90192548B44C0EF3F1.e.4895/click - {}
RESULT: {"using":"xpath","value":"(//span[contains(@class ,\"sapMObjStatusText\")])[1]"}
COMMAND: POST /session/cbab2cbbd32afdf19af3e6ba8111c1c3/execute/sync - {"script":"<script> [8489 bytes]","args":[{"element-6066-11e4-a52e-4f735466cecf":"f.4865000251A30E3BD1E5EDC5108DADF6.d.AEE38F58F3214E90192548B44C0EF3F1.e.4933","ELEMENT":"f.4865000251A30E3BD1E5EDC5108DADF6.d.AEE38F58F3214E90192548B44C0EF3F1.e.4933"}]}
RESULT: {}
COMMAND: GET /session/cbab2cbbd32afdf19af3e6ba8111c1c3/screenshot - {}
RESULT: {"script":"<script> [8489 bytes]","args":[{"element-6066-11e4-a52e-4f735466cecf":"f.4865000251A30E3BD1E5EDC5108DADF6.d.AEE38F58F3214E90192548B44C0EF3F1.e.4933","ELEMENT":"f.4865000251A30E3BD1E5EDC5108DADF6.d.AEE38F58F3214E90192548B44C0EF3F1.e.4933"}]}
COMMAND: GET /session/cbab2cbbd32afdf19af3e6ba8111c1c3/screenshot - {}
RESULT: {}
RESULT: {}
COMMAND: POST /session/cbab2cbbd32afdf19af3e6ba8111c1c3/element - {"using":"xpath","value":"//input[contains(@id ,\"yardId-inner\")]"}
RESULT: {"using":"xpath","value":"//input[contains(@id ,\"yardId-inner\")]"}
COMMAND: POST /session/cbab2cbbd32afdf19af3e6ba8111c1c3/execute/sync - {"script":"<script> [8489 bytes]","args":[{"element-6066-11e4-a52e-4f735466cecf":"f.4865000251A30E3BD1E5EDC5108DADF6.d.AEE38F58F3214E90192548B44C0EF3F1.e.5126","ELEMENT":"f.4865000251A30E3BD1E5EDC5108DADF6.d.AEE38F58F3214E90192548B44C0EF3F1.e.5126"}]}
RESULT: {"script":"<script> [8489 bytes]","args":[{"element-6066-11e4-a52e-4f735466cecf":"f.4865000251A30E3BD1E5EDC5108DADF6.d.AEE38F58F3214E90192548B44C0EF3F1.e.5126","ELEMENT":"f.4865000251A30E3BD1E5EDC5108DADF6.d.AEE38F58F3214E90192548B44C0EF3F1.e.5126"}]}
COMMAND: POST /session/cbab2cbbd32afdf19af3e6ba8111c1c3/element - {"using":"xpath","value":"//input[contains(@id ,\"requestContractNo-inner\")]"}
COMMAND: POST /session/cbab2cbbd32afdf19af3e6ba8111c1c3/element - {"using":"xpath","value":"//input[contains(@id ,\"yardId-inner\")]"}
COMMAND: GET /session/cbab2cbbd32afdf19af3e6ba8111c1c3/screenshot - {}
RESULT: {"using":"xpath","value":"//input[contains(@id ,\"requestContractNo-inner\")]"}
COMMAND: POST /session/cbab2cbbd32afdf19af3e6ba8111c1c3/element/f.4865000251A30E3BD1E5EDC5108DADF6.d.AEE38F58F3214E90192548B44C0EF3F1.e.5121/value - {"text":"10516"}
RESULT: {"using":"xpath","value":"//input[contains(@id ,\"yardId-inner\")]"}
COMMAND: GET /session/cbab2cbbd32afdf19af3e6ba8111c1c3/element/f.4865000251A30E3BD1E5EDC5108DADF6.d.AEE38F58F3214E90192548B44C0EF3F1.e.5126/enabled - {}
RESULT: {}
RESULT: {"text":"10516"}
COMMAND: GET /session/cbab2cbbd32afdf19af3e6ba8111c1c3/screenshot - {}
RESULT: {}
COMMAND: GET /session/cbab2cbbd32afdf19af3e6ba8111c1c3/screenshot - {}
RESULT: {}
RESULT: {}
COMMAND: POST /session/cbab2cbbd32afdf19af3e6ba8111c1c3/actions - {"actions":[{"id":"action37","type":"key","parameters":{},"actions":[{"type":"keyDown","value":"î€‡"},{"type":"pause","duration":10},{"type":"keyUp","value":"î€‡"}]}]}
RESULT: {"actions":[{"id":"action37","type":"key","parameters":{},"actions":[{"type":"keyDown","value":"î€‡"},{"type":"pause","duration":10},{"type":"keyUp","value":"î€‡"}]}]}
COMMAND: GET /session/cbab2cbbd32afdf19af3e6ba8111c1c3/screenshot - {}
RESULT: {}
COMMAND: POST /session/cbab2cbbd32afdf19af3e6ba8111c1c3/execute/async - {"script":"<script> [1562 bytes]","args":[{"selector":{"controlType":"sap.m.Button","viewName":"etm.portal.ui.managerequests.view.NewRequest","properties":{"text":"Items"},"interaction":{"idSuffix":"BDI-content"}},"wdio_ui5_key":"etmportal.ui.managerequests.view.NewRequestsap.m.Button{\"text\":\"Items\"}"}]}
RESULT: {"script":"<script> [1562 bytes]","args":[{"selector":{"controlType":"sap.m.Button","viewName":"etm.portal.ui.managerequests.view.NewRequest","properties":{"text":"Items"},"interaction":{"idSuffix":"BDI-content"}},"wdio_ui5_key":"etmportal.ui.managerequests.view.NewRequestsap.m.Button{\"text\":\"Items\"}"}]}
RESULT: undefined
COMMAND: POST /session/cbab2cbbd32afdf19af3e6ba8111c1c3/element - {"using":"xpath","value":"//*[@id=\"__xmlview1--newRequestPage-anchBar-__xmlview1--requestItemsSection-anchor\"]"}
RESULT: {"using":"xpath","value":"//*[@id=\"__xmlview1--newRequestPage-anchBar-__xmlview1--requestItemsSection-anchor\"]"}
COMMAND: POST /session/cbab2cbbd32afdf19af3e6ba8111c1c3/element/f.4865000251A30E3BD1E5EDC5108DADF6.d.AEE38F58F3214E90192548B44C0EF3F1.e.5289/click - {}
RESULT: {}
COMMAND: GET /session/cbab2cbbd32afdf19af3e6ba8111c1c3/screenshot - {}
RESULT: {}
COMMAND: POST /session/cbab2cbbd32afdf19af3e6ba8111c1c3/execute/async - {"script":"<script> [1562 bytes]","args":[{"selector":{"controlType":"sap.ui.core.Icon","viewName":"etm.portal.ui.managerequests.view.NewRequest","properties":{"src":{"regex":{"source":"inspect"}}}},"wdio_ui5_key":"etmportal.ui.managerequests.view.NewRequestsap.ui.core.Icon{\"src\":{\"regex\":{\"source\":\"inspect\"}}}"}]}
RESULT: {"script":"<script> [1562 bytes]","args":[{"selector":{"controlType":"sap.ui.core.Icon","viewName":"etm.portal.ui.managerequests.view.NewRequest","properties":{"src":{"regex":{"source":"inspect"}}}},"wdio_ui5_key":"etmportal.ui.managerequests.view.NewRequestsap.ui.core.Icon{\"src\":{\"regex\":{\"source\":\"inspect\"}}}"}]}
RESULT: undefined
COMMAND: POST /session/cbab2cbbd32afdf19af3e6ba8111c1c3/element - {"using":"xpath","value":"//*[@id=\"__button8-img\"]"}
RESULT: {"using":"xpath","value":"//*[@id=\"__button8-img\"]"}
COMMAND: POST /session/cbab2cbbd32afdf19af3e6ba8111c1c3/element/f.4865000251A30E3BD1E5EDC5108DADF6.d.AEE38F58F3214E90192548B44C0EF3F1.e.5294/click - {}
RESULT: {}
COMMAND: GET /session/cbab2cbbd32afdf19af3e6ba8111c1c3/screenshot - {}
RESULT: {}
COMMAND: POST /session/cbab2cbbd32afdf19af3e6ba8111c1c3/execute/async - {"script":"<script> [1562 bytes]","args":[{"selector":{"controlType":"sap.ui.core.Icon","viewName":"etm.portal.ui.managerequests.view.NewRequest","properties":{"src":{"regex":{"source":"add"}}}},"wdio_ui5_key":"etmportal.ui.managerequests.view.NewRequestsap.ui.core.Icon{\"src\":{\"regex\":{\"source\":\"add\"}}}"}]}
RESULT: {"script":"<script> [1562 bytes]","args":[{"selector":{"controlType":"sap.ui.core.Icon","viewName":"etm.portal.ui.managerequests.view.NewRequest","properties":{"src":{"regex":{"source":"add"}}}},"wdio_ui5_key":"etmportal.ui.managerequests.view.NewRequestsap.ui.core.Icon{\"src\":{\"regex\":{\"source\":\"add\"}}}"}]}
RESULT: undefined
COMMAND: POST /session/cbab2cbbd32afdf19af3e6ba8111c1c3/element - {"using":"xpath","value":"//*[@id=\"__xmlview1--btnAddTableRow-img\"]"}
RESULT: {"using":"xpath","value":"//*[@id=\"__xmlview1--btnAddTableRow-img\"]"}
COMMAND: POST /session/cbab2cbbd32afdf19af3e6ba8111c1c3/element/f.4865000251A30E3BD1E5EDC5108DADF6.d.AEE38F58F3214E90192548B44C0EF3F1.e.5100/click - {}
RESULT: {}
COMMAND: GET /session/cbab2cbbd32afdf19af3e6ba8111c1c3/screenshot - {}
RESULT: {}
COMMAND: POST /session/cbab2cbbd32afdf19af3e6ba8111c1c3/execute/async - {"script":"<script> [1562 bytes]","args":[{"selector":{"controlType":"sap.ui.unified.MenuItem","viewName":"etm.portal.ui.managerequests.view.NewRequest","i18NText":{"propertyName":"text","key":"standardEntry"},"searchOpenDialogs":true,"interaction":{"idSuffix":"txt"}},"wdio_ui5_key":"etmportal.ui.managerequests.view.NewRequestsap.ui.unified.MenuItem{\"propertyName\":\"text\",\"key\":\"standardEntry\"}"}]}
RESULT: {"script":"<script> [1562 bytes]","args":[{"selector":{"controlType":"sap.ui.unified.MenuItem","viewName":"etm.portal.ui.managerequests.view.NewRequest","i18NText":{"propertyName":"text","key":"standardEntry"},"searchOpenDialogs":true,"interaction":{"idSuffix":"txt"}},"wdio_ui5_key":"etmportal.ui.managerequests.view.NewRequestsap.ui.unified.MenuItem{\"propertyName\":\"text\",\"key\":\"standardEntry\"}"}]}
RESULT: undefined
COMMAND: POST /session/cbab2cbbd32afdf19af3e6ba8111c1c3/element - {"using":"xpath","value":"//*[@id=\"__item178\"]"}
RESULT: {"using":"xpath","value":"//*[@id=\"__item178\"]"}
COMMAND: POST /session/cbab2cbbd32afdf19af3e6ba8111c1c3/element/f.4865000251A30E3BD1E5EDC5108DADF6.d.AEE38F58F3214E90192548B44C0EF3F1.e.5303/click - {}
RESULT: {}
COMMAND: GET /session/cbab2cbbd32afdf19af3e6ba8111c1c3/screenshot - {}
RESULT: undefined
COMMAND: POST /session/cbab2cbbd32afdf19af3e6ba8111c1c3/element - {"using":"xpath","value":"//*[@id=\"__xmlview1--btnAddTableRow-img\"]"}
RESULT: {}
RESULT: {"using":"xpath","value":"//*[@id=\"__xmlview1--btnAddTableRow-img\"]"}
COMMAND: POST /session/cbab2cbbd32afdf19af3e6ba8111c1c3/element/f.4865000251A30E3BD1E5EDC5108DADF6.d.AEE38F58F3214E90192548B44C0EF3F1.e.5100/click - {}
RESULT: {}
COMMAND: GET /session/cbab2cbbd32afdf19af3e6ba8111c1c3/screenshot - {}
RESULT: {}
RESULT: undefined
COMMAND: POST /session/cbab2cbbd32afdf19af3e6ba8111c1c3/element - {"using":"xpath","value":"//*[@id=\"__item178\"]"}
RESULT: {"using":"xpath","value":"//*[@id=\"__item178\"]"}
COMMAND: POST /session/cbab2cbbd32afdf19af3e6ba8111c1c3/element/f.4865000251A30E3BD1E5EDC5108DADF6.d.AEE38F58F3214E90192548B44C0EF3F1.e.5324/click - {}
RESULT: {}
COMMAND: GET /session/cbab2cbbd32afdf19af3e6ba8111c1c3/screenshot - {}
RESULT: {}
COMMAND: POST /session/cbab2cbbd32afdf19af3e6ba8111c1c3/element - {"using":"xpath","value":"(//input[contains(@id ,\"requestItemsTable-0-inner\")])[5]"}
RESULT: {"using":"xpath","value":"(//input[contains(@id ,\"requestItemsTable-0-inner\")])[5]"}
COMMAND: POST /session/cbab2cbbd32afdf19af3e6ba8111c1c3/element/f.4865000251A30E3BD1E5EDC5108DADF6.d.AEE38F58F3214E90192548B44C0EF3F1.e.5315/clear - {}
RESULT: {}
COMMAND: POST /session/cbab2cbbd32afdf19af3e6ba8111c1c3/element/f.4865000251A30E3BD1E5EDC5108DADF6.d.AEE38F58F3214E90192548B44C0EF3F1.e.5315/value - {"text":"1000001"}
COMMAND: GET /session/cbab2cbbd32afdf19af3e6ba8111c1c3/screenshot - {}
RESULT: {"text":"1000001"}
COMMAND: GET /session/cbab2cbbd32afdf19af3e6ba8111c1c3/screenshot - {}
RESULT: {}
RESULT: {}
COMMAND: POST /session/cbab2cbbd32afdf19af3e6ba8111c1c3/actions - {"actions":[{"id":"action38","type":"key","parameters":{},"actions":[{"type":"keyDown","value":"î€‡"},{"type":"pause","duration":10},{"type":"keyUp","value":"î€‡"}]}]}
RESULT: {"actions":[{"id":"action38","type":"key","parameters":{},"actions":[{"type":"keyDown","value":"î€‡"},{"type":"pause","duration":10},{"type":"keyUp","value":"î€‡"}]}]}
COMMAND: POST /session/cbab2cbbd32afdf19af3e6ba8111c1c3/element - {"using":"xpath","value":"(//input[contains(@id ,\"requestItemsTable-1-inner\")])[5]"}
COMMAND: GET /session/cbab2cbbd32afdf19af3e6ba8111c1c3/screenshot - {}
RESULT: {"using":"xpath","value":"(//input[contains(@id ,\"requestItemsTable-1-inner\")])[5]"}
COMMAND: POST /session/cbab2cbbd32afdf19af3e6ba8111c1c3/element/f.4865000251A30E3BD1E5EDC5108DADF6.d.AEE38F58F3214E90192548B44C0EF3F1.e.5330/clear - {}
RESULT: {}
RESULT: {}
COMMAND: POST /session/cbab2cbbd32afdf19af3e6ba8111c1c3/element/f.4865000251A30E3BD1E5EDC5108DADF6.d.AEE38F58F3214E90192548B44C0EF3F1.e.5330/value - {"text":"200308"}
COMMAND: GET /session/cbab2cbbd32afdf19af3e6ba8111c1c3/screenshot - {}
RESULT: {"text":"200308"}
COMMAND: GET /session/cbab2cbbd32afdf19af3e6ba8111c1c3/screenshot - {}
RESULT: {}
RESULT: {}
COMMAND: POST /session/cbab2cbbd32afdf19af3e6ba8111c1c3/actions - {"actions":[{"id":"action39","type":"key","parameters":{},"actions":[{"type":"keyDown","value":"î€‡"},{"type":"pause","duration":10},{"type":"keyUp","value":"î€‡"}]}]}
RESULT: {"actions":[{"id":"action39","type":"key","parameters":{},"actions":[{"type":"keyDown","value":"î€‡"},{"type":"pause","duration":10},{"type":"keyUp","value":"î€‡"}]}]}
COMMAND: POST /session/cbab2cbbd32afdf19af3e6ba8111c1c3/element - {"using":"xpath","value":"//div[contains(@data-kt ,\"splitAllocationObjectStatus\")]"}
COMMAND: GET /session/cbab2cbbd32afdf19af3e6ba8111c1c3/screenshot - {}
RESULT: {"using":"xpath","value":"//div[contains(@data-kt ,\"splitAllocationObjectStatus\")]"}
COMMAND: POST /session/cbab2cbbd32afdf19af3e6ba8111c1c3/elements - {"using":"xpath","value":"//div[contains(@data-kt ,\"splitAllocationObjectStatus\")]"}
RESULT: {}
RESULT: {"using":"xpath","value":"//div[contains(@data-kt ,\"splitAllocationObjectStatus\")]"}
COMMAND: POST /session/cbab2cbbd32afdf19af3e6ba8111c1c3/execute/async - {"script":"<script> [1562 bytes]","args":[{"selector":{"controlType":"sap.ui.core.Icon","viewName":"etm.portal.ui.managerequests.view.NewRequest","properties":{"src":{"regex":{"source":"message\\-error"}}},"ancestor":{"controlType":"sap.m.ColumnListItem","viewName":"etm.portal.ui.managerequests.view.NewRequest","bindingPath":{"modelName":"newRequestItems","path":"/RequestItems/0"},"ancestor":{"id":"requestItemsTable","viewName":"etm.portal.ui.managerequests.view.NewRequest"}}},"wdio_ui5_key":"etmportal.ui.managerequests.view.NewRequestsap.ui.core.Icon{\"src\":{\"regex\":{\"source\":\"message\\\\-error\"}}}{\"controlType\":\"sap.m.ColumnListItem\",\"viewName\":\"etm.portal.ui.managerequests.view.NewRequest\",\"bindingPath\":{\"modelName\":\"newRequestItems\",\"path\":\"/RequestItems/0\"},\"ancestor\":{\"id\":\"requestItemsTable\",\"viewName\":\"etm.portal.ui.managerequests.view.NewRequest\"}}"}]}
RESULT: {"script":"<script> [1562 bytes]","args":[{"selector":{"controlType":"sap.ui.core.Icon","viewName":"etm.portal.ui.managerequests.view.NewRequest","properties":{"src":{"regex":{"source":"message\\-error"}}},"ancestor":{"controlType":"sap.m.ColumnListItem","viewName":"etm.portal.ui.managerequests.view.NewRequest","bindingPath":{"modelName":"newRequestItems","path":"/RequestItems/0"},"ancestor":{"id":"requestItemsTable","viewName":"etm.portal.ui.managerequests.view.NewRequest"}}},"wdio_ui5_key":"etmportal.ui.managerequests.view.NewRequestsap.ui.core.Icon{\"src\":{\"regex\":{\"source\":\"message\\\\-error\"}}}{\"controlType\":\"sap.m.ColumnListItem\",\"viewName\":\"etm.portal.ui.managerequests.view.NewRequest\",\"bindingPath\":{\"modelName\":\"newRequestItems\",\"path\":\"/RequestItems/0\"},\"ancestor\":{\"id\":\"requestItemsTable\",\"viewName\":\"etm.portal.ui.managerequests.view.NewRequest\"}}"}]}
RESULT: undefined
COMMAND: POST /session/cbab2cbbd32afdf19af3e6ba8111c1c3/element - {"using":"xpath","value":"//*[@id=\"__status4-__xmlview1--requestItemsTable-0-icon\"]"}
RESULT: {"using":"xpath","value":"//*[@id=\"__status4-__xmlview1--requestItemsTable-0-icon\"]"}
COMMAND: POST /session/cbab2cbbd32afdf19af3e6ba8111c1c3/element/f.4865000251A30E3BD1E5EDC5108DADF6.d.AEE38F58F3214E90192548B44C0EF3F1.e.5341/click - {}
RESULT: {}
COMMAND: GET /session/cbab2cbbd32afdf19af3e6ba8111c1c3/screenshot - {}
RESULT: {}
COMMAND: POST /session/cbab2cbbd32afdf19af3e6ba8111c1c3/execute/async - {"script":"<script> [1562 bytes]","args":[{"selector":{"id":"costObjectAdminTypeComboBox","viewName":"etm.portal.ui.managerequests.view.NewRequest","searchOpenDialogs":true,"interaction":{"idSuffix":"inner"}},"wdio_ui5_key":"costObjectAdminTypeComboBoxetmportal.ui.managerequests.view.NewRequest"}]}
RESULT: {"script":"<script> [1562 bytes]","args":[{"selector":{"id":"costObjectAdminTypeComboBox","viewName":"etm.portal.ui.managerequests.view.NewRequest","searchOpenDialogs":true,"interaction":{"idSuffix":"inner"}},"wdio_ui5_key":"costObjectAdminTypeComboBoxetmportal.ui.managerequests.view.NewRequest"}]}
RESULT: undefined
COMMAND: POST /session/cbab2cbbd32afdf19af3e6ba8111c1c3/execute/async - {"script":"<script> [776 bytes]","args":[{"enterText":"Cost Center","selector":{"id":"costObjectAdminTypeComboBox","viewName":"etm.portal.ui.managerequests.view.NewRequest","searchOpenDialogs":true,"interaction":{"idSuffix":"inner"}},"clearTextFirst":true,"interactionType":"ENTER_TEXT"}]}
RESULT: {"script":"<script> [776 bytes]","args":[{"enterText":"Cost Center","selector":{"id":"costObjectAdminTypeComboBox","viewName":"etm.portal.ui.managerequests.view.NewRequest","searchOpenDialogs":true,"interaction":{"idSuffix":"inner"}},"clearTextFirst":true,"interactionType":"ENTER_TEXT"}]}
COMMAND: POST /session/cbab2cbbd32afdf19af3e6ba8111c1c3/actions - {"actions":[{"id":"action40","type":"key","parameters":{},"actions":[{"type":"keyDown","value":"î€‡"},{"type":"pause","duration":10},{"type":"keyUp","value":"î€‡"}]}]}
RESULT: {"actions":[{"id":"action40","type":"key","parameters":{},"actions":[{"type":"keyDown","value":"î€‡"},{"type":"pause","duration":10},{"type":"keyUp","value":"î€‡"}]}]}
COMMAND: GET /session/cbab2cbbd32afdf19af3e6ba8111c1c3/screenshot - {}
RESULT: {}
COMMAND: POST /session/cbab2cbbd32afdf19af3e6ba8111c1c3/execute/async - {"script":"<script> [1562 bytes]","args":[{"selector":{"id":"costObjectIdComboBox","viewName":"etm.portal.ui.managerequests.view.NewRequest","searchOpenDialogs":true,"interaction":{"idSuffix":"inner"}},"wdio_ui5_key":"costObjectIdComboBoxetmportal.ui.managerequests.view.NewRequest"}]}
RESULT: {"script":"<script> [1562 bytes]","args":[{"selector":{"id":"costObjectIdComboBox","viewName":"etm.portal.ui.managerequests.view.NewRequest","searchOpenDialogs":true,"interaction":{"idSuffix":"inner"}},"wdio_ui5_key":"costObjectIdComboBoxetmportal.ui.managerequests.view.NewRequest"}]}
RESULT: undefined
COMMAND: POST /session/cbab2cbbd32afdf19af3e6ba8111c1c3/execute/async - {"script":"<script> [776 bytes]","args":[{"enterText":"1001 - 1001","selector":{"id":"costObjectIdComboBox","viewName":"etm.portal.ui.managerequests.view.NewRequest","searchOpenDialogs":true,"interaction":{"idSuffix":"inner"}},"clearTextFirst":true,"interactionType":"ENTER_TEXT"}]}
RESULT: {"script":"<script> [776 bytes]","args":[{"enterText":"1001 - 1001","selector":{"id":"costObjectIdComboBox","viewName":"etm.portal.ui.managerequests.view.NewRequest","searchOpenDialogs":true,"interaction":{"idSuffix":"inner"}},"clearTextFirst":true,"interactionType":"ENTER_TEXT"}]}
COMMAND: POST /session/cbab2cbbd32afdf19af3e6ba8111c1c3/actions - {"actions":[{"id":"action41","type":"key","parameters":{},"actions":[{"type":"keyDown","value":"î€‡"},{"type":"pause","duration":10},{"type":"keyUp","value":"î€‡"}]}]}
RESULT: {"actions":[{"id":"action41","type":"key","parameters":{},"actions":[{"type":"keyDown","value":"î€‡"},{"type":"pause","duration":10},{"type":"keyUp","value":"î€‡"}]}]}
COMMAND: GET /session/cbab2cbbd32afdf19af3e6ba8111c1c3/screenshot - {}
RESULT: {}
COMMAND: POST /session/cbab2cbbd32afdf19af3e6ba8111c1c3/element - {"using":"xpath","value":"(//bdi[(text() = 'Save' or . = 'Save')])[1]"}
RESULT: {"using":"xpath","value":"(//bdi[(text() = 'Save' or . = 'Save')])[1]"}
COMMAND: POST /session/cbab2cbbd32afdf19af3e6ba8111c1c3/element/f.4865000251A30E3BD1E5EDC5108DADF6.d.AEE38F58F3214E90192548B44C0EF3F1.e.5356/click - {}
RESULT: {}
COMMAND: POST /session/cbab2cbbd32afdf19af3e6ba8111c1c3/execute/async - {"script":"<script> [1562 bytes]","args":[{"selector":{"controlType":"sap.ui.core.Icon","viewName":"etm.portal.ui.managerequests.view.NewRequest","properties":{"src":{"regex":{"source":"message\\-error"}}},"ancestor":{"controlType":"sap.m.ColumnListItem","viewName":"etm.portal.ui.managerequests.view.NewRequest","bindingPath":{"modelName":"newRequestItems","path":"/RequestItems/1"},"ancestor":{"id":"requestItemsTable","viewName":"etm.portal.ui.managerequests.view.NewRequest"}}},"wdio_ui5_key":"etmportal.ui.managerequests.view.NewRequestsap.ui.core.Icon{\"src\":{\"regex\":{\"source\":\"message\\\\-error\"}}}{\"controlType\":\"sap.m.ColumnListItem\",\"viewName\":\"etm.portal.ui.managerequests.view.NewRequest\",\"bindingPath\":{\"modelName\":\"newRequestItems\",\"path\":\"/RequestItems/1\"},\"ancestor\":{\"id\":\"requestItemsTable\",\"viewName\":\"etm.portal.ui.managerequests.view.NewRequest\"}}"}]}
COMMAND: GET /session/cbab2cbbd32afdf19af3e6ba8111c1c3/screenshot - {}
RESULT: {"script":"<script> [1562 bytes]","args":[{"selector":{"controlType":"sap.ui.core.Icon","viewName":"etm.portal.ui.managerequests.view.NewRequest","properties":{"src":{"regex":{"source":"message\\-error"}}},"ancestor":{"controlType":"sap.m.ColumnListItem","viewName":"etm.portal.ui.managerequests.view.NewRequest","bindingPath":{"modelName":"newRequestItems","path":"/RequestItems/1"},"ancestor":{"id":"requestItemsTable","viewName":"etm.portal.ui.managerequests.view.NewRequest"}}},"wdio_ui5_key":"etmportal.ui.managerequests.view.NewRequestsap.ui.core.Icon{\"src\":{\"regex\":{\"source\":\"message\\\\-error\"}}}{\"controlType\":\"sap.m.ColumnListItem\",\"viewName\":\"etm.portal.ui.managerequests.view.NewRequest\",\"bindingPath\":{\"modelName\":\"newRequestItems\",\"path\":\"/RequestItems/1\"},\"ancestor\":{\"id\":\"requestItemsTable\",\"viewName\":\"etm.portal.ui.managerequests.view.NewRequest\"}}"}]}
RESULT: undefined
COMMAND: POST /session/cbab2cbbd32afdf19af3e6ba8111c1c3/element - {"using":"xpath","value":"//*[@id=\"__status4-__xmlview1--requestItemsTable-1-icon\"]"}
RESULT: {}
RESULT: {"using":"xpath","value":"//*[@id=\"__status4-__xmlview1--requestItemsTable-1-icon\"]"}
COMMAND: POST /session/cbab2cbbd32afdf19af3e6ba8111c1c3/element/f.4865000251A30E3BD1E5EDC5108DADF6.d.AEE38F58F3214E90192548B44C0EF3F1.e.5359/click - {}
RESULT: {}
COMMAND: GET /session/cbab2cbbd32afdf19af3e6ba8111c1c3/screenshot - {}
RESULT: {}
RESULT: undefined
COMMAND: POST /session/cbab2cbbd32afdf19af3e6ba8111c1c3/execute/async - {"script":"<script> [776 bytes]","args":[{"enterText":"Cost Center","selector":{"id":"costObjectAdminTypeComboBox","viewName":"etm.portal.ui.managerequests.view.NewRequest","searchOpenDialogs":true,"interaction":{"idSuffix":"inner"}},"clearTextFirst":true,"interactionType":"ENTER_TEXT"}]}
RESULT: {"script":"<script> [776 bytes]","args":[{"enterText":"Cost Center","selector":{"id":"costObjectAdminTypeComboBox","viewName":"etm.portal.ui.managerequests.view.NewRequest","searchOpenDialogs":true,"interaction":{"idSuffix":"inner"}},"clearTextFirst":true,"interactionType":"ENTER_TEXT"}]}
COMMAND: POST /session/cbab2cbbd32afdf19af3e6ba8111c1c3/actions - {"actions":[{"id":"action42","type":"key","parameters":{},"actions":[{"type":"keyDown","value":"î€‡"},{"type":"pause","duration":10},{"type":"keyUp","value":"î€‡"}]}]}
RESULT: {"actions":[{"id":"action42","type":"key","parameters":{},"actions":[{"type":"keyDown","value":"î€‡"},{"type":"pause","duration":10},{"type":"keyUp","value":"î€‡"}]}]}
COMMAND: GET /session/cbab2cbbd32afdf19af3e6ba8111c1c3/screenshot - {}
RESULT: {}
RESULT: undefined
COMMAND: POST /session/cbab2cbbd32afdf19af3e6ba8111c1c3/execute/async - {"script":"<script> [776 bytes]","args":[{"enterText":"1001 - 1001","selector":{"id":"costObjectIdComboBox","viewName":"etm.portal.ui.managerequests.view.NewRequest","searchOpenDialogs":true,"interaction":{"idSuffix":"inner"}},"clearTextFirst":true,"interactionType":"ENTER_TEXT"}]}
RESULT: {"script":"<script> [776 bytes]","args":[{"enterText":"1001 - 1001","selector":{"id":"costObjectIdComboBox","viewName":"etm.portal.ui.managerequests.view.NewRequest","searchOpenDialogs":true,"interaction":{"idSuffix":"inner"}},"clearTextFirst":true,"interactionType":"ENTER_TEXT"}]}
COMMAND: POST /session/cbab2cbbd32afdf19af3e6ba8111c1c3/actions - {"actions":[{"id":"action43","type":"key","parameters":{},"actions":[{"type":"keyDown","value":"î€‡"},{"type":"pause","duration":10},{"type":"keyUp","value":"î€‡"}]}]}
RESULT: {"actions":[{"id":"action43","type":"key","parameters":{},"actions":[{"type":"keyDown","value":"î€‡"},{"type":"pause","duration":10},{"type":"keyUp","value":"î€‡"}]}]}
COMMAND: GET /session/cbab2cbbd32afdf19af3e6ba8111c1c3/screenshot - {}
RESULT: {}
COMMAND: POST /session/cbab2cbbd32afdf19af3e6ba8111c1c3/element - {"using":"xpath","value":"(//bdi[(text() = 'Save' or . = 'Save')])[1]"}
RESULT: {"using":"xpath","value":"(//bdi[(text() = 'Save' or . = 'Save')])[1]"}
COMMAND: POST /session/cbab2cbbd32afdf19af3e6ba8111c1c3/element/f.4865000251A30E3BD1E5EDC5108DADF6.d.AEE38F58F3214E90192548B44C0EF3F1.e.5371/click - {}
RESULT: {}
COMMAND: GET /session/cbab2cbbd32afdf19af3e6ba8111c1c3/screenshot - {}
RESULT: {}
COMMAND: POST /session/cbab2cbbd32afdf19af3e6ba8111c1c3/execute/async - {"script":"<script> [1562 bytes]","args":[{"selector":{"controlType":"sap.m.Button","viewName":"etm.portal.ui.managerequests.view.NewRequest","bindingPath":{"path":"/RequestItems/0","propertyPath":"PICK_UP","modelName":"newRequestItems"},"interaction":{"idSuffix":"BDI-content"}},"wdio_ui5_key":"etmportal.ui.managerequests.view.NewRequestsap.m.Button{\"path\":\"/RequestItems/0\",\"propertyPath\":\"PICK_UP\",\"modelName\":\"newRequestItems\"}"}]}
RESULT: {"script":"<script> [1562 bytes]","args":[{"selector":{"controlType":"sap.m.Button","viewName":"etm.portal.ui.managerequests.view.NewRequest","bindingPath":{"path":"/RequestItems/0","propertyPath":"PICK_UP","modelName":"newRequestItems"},"interaction":{"idSuffix":"BDI-content"}},"wdio_ui5_key":"etmportal.ui.managerequests.view.NewRequestsap.m.Button{\"path\":\"/RequestItems/0\",\"propertyPath\":\"PICK_UP\",\"modelName\":\"newRequestItems\"}"}]}
RESULT: undefined
COMMAND: POST /session/cbab2cbbd32afdf19af3e6ba8111c1c3/element - {"using":"xpath","value":"//*[@id=\"__xmlview1--pickUpItemButton-__xmlview1--requestItemsTable-0\"]"}
RESULT: {"using":"xpath","value":"//*[@id=\"__xmlview1--pickUpItemButton-__xmlview1--requestItemsTable-0\"]"}
COMMAND: POST /session/cbab2cbbd32afdf19af3e6ba8111c1c3/element/f.4865000251A30E3BD1E5EDC5108DADF6.d.AEE38F58F3214E90192548B44C0EF3F1.e.5375/click - {}
RESULT: {}
COMMAND: GET /session/cbab2cbbd32afdf19af3e6ba8111c1c3/screenshot - {}
RESULT: {}
COMMAND: POST /session/cbab2cbbd32afdf19af3e6ba8111c1c3/execute/async - {"script":"<script> [1562 bytes]","args":[{"selector":{"controlType":"sap.m.Button","viewName":"etm.portal.ui.managerequests.view.NewRequest","properties":{"text":"Save"},"i18NText":{"propertyName":"tooltip","key":"save"},"interaction":{"idSuffix":"BDI-content"}},"wdio_ui5_key":"etmportal.ui.managerequests.view.NewRequestsap.m.Button{\"propertyName\":\"tooltip\",\"key\":\"save\"}{\"text\":\"Save\"}"}]}
RESULT: {"script":"<script> [1562 bytes]","args":[{"selector":{"controlType":"sap.m.Button","viewName":"etm.portal.ui.managerequests.view.NewRequest","properties":{"text":"Save"},"i18NText":{"propertyName":"tooltip","key":"save"},"interaction":{"idSuffix":"BDI-content"}},"wdio_ui5_key":"etmportal.ui.managerequests.view.NewRequestsap.m.Button{\"propertyName\":\"tooltip\",\"key\":\"save\"}{\"text\":\"Save\"}"}]}
RESULT: undefined
COMMAND: POST /session/cbab2cbbd32afdf19af3e6ba8111c1c3/element - {"using":"xpath","value":"//*[@id=\"__button11\"]"}
RESULT: {"using":"xpath","value":"//*[@id=\"__button11\"]"}
COMMAND: POST /session/cbab2cbbd32afdf19af3e6ba8111c1c3/element/f.4865000251A30E3BD1E5EDC5108DADF6.d.AEE38F58F3214E90192548B44C0EF3F1.e.5228/click - {}
RESULT: {}
COMMAND: GET /session/cbab2cbbd32afdf19af3e6ba8111c1c3/screenshot - {}
RESULT: {}
COMMAND: POST /session/cbab2cbbd32afdf19af3e6ba8111c1c3/execute/async - {"script":"<script> [1562 bytes]","args":[{"selector":{"controlType":"sap.m.Text","searchOpenDialogs":true},"wdio_ui5_key":"sapm.Text"}]}
RESULT: {"script":"<script> [1562 bytes]","args":[{"selector":{"controlType":"sap.m.Text","searchOpenDialogs":true},"wdio_ui5_key":"sapm.Text"}]}
RESULT: undefined
COMMAND: POST /session/cbab2cbbd32afdf19af3e6ba8111c1c3/execute/async - {"script":"<script> [6424 bytes]","args":[{"element-6066-11e4-a52e-4f735466cecf":"f.4865000251A30E3BD1E5EDC5108DADF6.d.AEE38F58F3214E90192548B44C0EF3F1.e.5378"},"getText",[]]}
RESULT: {"script":"<script> [6424 bytes]","args":[{"element-6066-11e4-a52e-4f735466cecf":"f.4865000251A30E3BD1E5EDC5108DADF6.d.AEE38F58F3214E90192548B44C0EF3F1.e.5378"},"getText",[]]}
COMMAND: POST /session/cbab2cbbd32afdf19af3e6ba8111c1c3/execute/async - {"script":"<script> [1562 bytes]","args":[{"selector":{"controlType":"sap.m.Button","properties":{"text":"Close"},"searchOpenDialogs":true,"interaction":{"idSuffix":"BDI-content"}},"wdio_ui5_key":"sapm.Button{\"text\":\"Close\"}"}]}
RESULT: {"script":"<script> [1562 bytes]","args":[{"selector":{"controlType":"sap.m.Button","properties":{"text":"Close"},"searchOpenDialogs":true,"interaction":{"idSuffix":"BDI-content"}},"wdio_ui5_key":"sapm.Button{\"text\":\"Close\"}"}]}
RESULT: undefined
COMMAND: POST /session/cbab2cbbd32afdf19af3e6ba8111c1c3/element - {"using":"xpath","value":"//*[@id=\"__mbox-btn-0\"]"}
RESULT: {"using":"xpath","value":"//*[@id=\"__mbox-btn-0\"]"}
COMMAND: POST /session/cbab2cbbd32afdf19af3e6ba8111c1c3/element/f.4865000251A30E3BD1E5EDC5108DADF6.d.AEE38F58F3214E90192548B44C0EF3F1.e.5377/click - {}
RESULT: {}
COMMAND: GET /session/cbab2cbbd32afdf19af3e6ba8111c1c3/screenshot - {}
RESULT: {}
COMMAND: POST /session/cbab2cbbd32afdf19af3e6ba8111c1c3/execute/async - {"script":"<script> [1562 bytes]","args":[{"selector":{"controlType":"sap.m.Button","viewName":"etm.portal.ui.managerequests.view.Detail","bindingPath":{"path":"/SmartRequestItemsPlanningBoard(ITEM=10m,REQUEST='20346')","propertyPath":"PICK_UP"}},"wdio_ui5_key":"etmportal.ui.managerequests.view.Detailsap.m.Button{\"path\":\"/SmartRequestItemsPlanningBoard(ITEM=10m,REQUEST='20346')\",\"propertyPath\":\"PICK_UP\"}"}]}
RESULT: {"script":"<script> [1562 bytes]","args":[{"selector":{"controlType":"sap.m.Button","viewName":"etm.portal.ui.managerequests.view.Detail","bindingPath":{"path":"/SmartRequestItemsPlanningBoard(ITEM=10m,REQUEST='20346')","propertyPath":"PICK_UP"}},"wdio_ui5_key":"etmportal.ui.managerequests.view.Detailsap.m.Button{\"path\":\"/SmartRequestItemsPlanningBoard(ITEM=10m,REQUEST='20346')\",\"propertyPath\":\"PICK_UP\"}"}]}
RESULT: undefined
COMMAND: POST /session/cbab2cbbd32afdf19af3e6ba8111c1c3/execute/async - {"script":"<script> [6424 bytes]","args":[{"element-6066-11e4-a52e-4f735466cecf":"f.4865000251A30E3BD1E5EDC5108DADF6.d.AEE38F58F3214E90192548B44C0EF3F1.e.5451"},"getType",[]]}
RESULT: {"script":"<script> [6424 bytes]","args":[{"element-6066-11e4-a52e-4f735466cecf":"f.4865000251A30E3BD1E5EDC5108DADF6.d.AEE38F58F3214E90192548B44C0EF3F1.e.5451"},"getType",[]]}
COMMAND: POST /session/cbab2cbbd32afdf19af3e6ba8111c1c3/execute/async - {"script":"<script> [1562 bytes]","args":[{"selector":{"controlType":"sap.m.Button","viewName":"etm.portal.ui.managerequests.view.Detail","bindingPath":{"path":"/SmartRequestItemsPlanningBoard(ITEM=20m,REQUEST='20346')","propertyPath":"PICK_UP"}},"wdio_ui5_key":"etmportal.ui.managerequests.view.Detailsap.m.Button{\"path\":\"/SmartRequestItemsPlanningBoard(ITEM=20m,REQUEST='20346')\",\"propertyPath\":\"PICK_UP\"}"}]}
RESULT: {"script":"<script> [1562 bytes]","args":[{"selector":{"controlType":"sap.m.Button","viewName":"etm.portal.ui.managerequests.view.Detail","bindingPath":{"path":"/SmartRequestItemsPlanningBoard(ITEM=20m,REQUEST='20346')","propertyPath":"PICK_UP"}},"wdio_ui5_key":"etmportal.ui.managerequests.view.Detailsap.m.Button{\"path\":\"/SmartRequestItemsPlanningBoard(ITEM=20m,REQUEST='20346')\",\"propertyPath\":\"PICK_UP\"}"}]}
RESULT: undefined
COMMAND: POST /session/cbab2cbbd32afdf19af3e6ba8111c1c3/execute/async - {"script":"<script> [6424 bytes]","args":[{"element-6066-11e4-a52e-4f735466cecf":"f.4865000251A30E3BD1E5EDC5108DADF6.d.AEE38F58F3214E90192548B44C0EF3F1.e.5478"},"getType",[]]}
RESULT: {"script":"<script> [6424 bytes]","args":[{"element-6066-11e4-a52e-4f735466cecf":"f.4865000251A30E3BD1E5EDC5108DADF6.d.AEE38F58F3214E90192548B44C0EF3F1.e.5478"},"getType",[]]}
COMMAND: POST /session/cbab2cbbd32afdf19af3e6ba8111c1c3/execute/async - {"script":"<script> [1562 bytes]","args":[{"selector":{"id":"pickUpSwitchHeader","viewName":"etm.portal.ui.managerequests.view.Detail","interaction":{"idSuffix":"handle"}},"wdio_ui5_key":"pickUpSwitchHeaderetmportal.ui.managerequests.view.Detail"}]}
RESULT: {"script":"<script> [1562 bytes]","args":[{"selector":{"id":"pickUpSwitchHeader","viewName":"etm.portal.ui.managerequests.view.Detail","interaction":{"idSuffix":"handle"}},"wdio_ui5_key":"pickUpSwitchHeaderetmportal.ui.managerequests.view.Detail"}]}
RESULT: undefined
COMMAND: POST /session/cbab2cbbd32afdf19af3e6ba8111c1c3/element - {"using":"xpath","value":"//*[@id=\"__xmlview2--pickUpSwitchHeader\"]"}
RESULT: {"using":"xpath","value":"//*[@id=\"__xmlview2--pickUpSwitchHeader\"]"}
COMMAND: POST /session/cbab2cbbd32afdf19af3e6ba8111c1c3/element/f.4865000251A30E3BD1E5EDC5108DADF6.d.AEE38F58F3214E90192548B44C0EF3F1.e.5420/click - {}
RESULT: {}
COMMAND: POST /session/cbab2cbbd32afdf19af3e6ba8111c1c3/execute/async - {"script":"<script> [1562 bytes]","args":[{"selector":{"controlType":"sap.ui.core.Icon","viewName":"etm.portal.ui.managerequests.view.Detail","properties":{"src":{"regex":{"source":"pushpin\\-off"}}}},"wdio_ui5_key":"etmportal.ui.managerequests.view.Detailsap.ui.core.Icon{\"src\":{\"regex\":{\"source\":\"pushpin\\\\-off\"}}}"}]}
COMMAND: GET /session/cbab2cbbd32afdf19af3e6ba8111c1c3/screenshot - {}
RESULT: {"script":"<script> [1562 bytes]","args":[{"selector":{"controlType":"sap.ui.core.Icon","viewName":"etm.portal.ui.managerequests.view.Detail","properties":{"src":{"regex":{"source":"pushpin\\-off"}}}},"wdio_ui5_key":"etmportal.ui.managerequests.view.Detailsap.ui.core.Icon{\"src\":{\"regex\":{\"source\":\"pushpin\\\\-off\"}}}"}]}
RESULT: undefined
COMMAND: POST /session/cbab2cbbd32afdf19af3e6ba8111c1c3/element - {"using":"xpath","value":"//*[@id=\"__xmlview2--detailRequestPage-OPHeaderContent-pinBtn-img\"]"}
RESULT: {}
RESULT: {"using":"xpath","value":"//*[@id=\"__xmlview2--detailRequestPage-OPHeaderContent-pinBtn-img\"]"}
COMMAND: POST /session/cbab2cbbd32afdf19af3e6ba8111c1c3/element/f.4865000251A30E3BD1E5EDC5108DADF6.d.AEE38F58F3214E90192548B44C0EF3F1.e.5428/click - {}
RESULT: {}
RESULT: undefined
COMMAND: POST /session/cbab2cbbd32afdf19af3e6ba8111c1c3/execute/async - {"script":"<script> [6424 bytes]","args":[{"element-6066-11e4-a52e-4f735466cecf":"f.4865000251A30E3BD1E5EDC5108DADF6.d.AEE38F58F3214E90192548B44C0EF3F1.e.5451"},"getType",[]]}
COMMAND: GET /session/cbab2cbbd32afdf19af3e6ba8111c1c3/screenshot - {}
RESULT: {"script":"<script> [6424 bytes]","args":[{"element-6066-11e4-a52e-4f735466cecf":"f.4865000251A30E3BD1E5EDC5108DADF6.d.AEE38F58F3214E90192548B44C0EF3F1.e.5451"},"getType",[]]}
RESULT: undefined
COMMAND: POST /session/cbab2cbbd32afdf19af3e6ba8111c1c3/execute/async - {"script":"<script> [6424 bytes]","args":[{"element-6066-11e4-a52e-4f735466cecf":"f.4865000251A30E3BD1E5EDC5108DADF6.d.AEE38F58F3214E90192548B44C0EF3F1.e.5478"},"getType",[]]}
RESULT: {}
RESULT: {"script":"<script> [6424 bytes]","args":[{"element-6066-11e4-a52e-4f735466cecf":"f.4865000251A30E3BD1E5EDC5108DADF6.d.AEE38F58F3214E90192548B44C0EF3F1.e.5478"},"getType",[]]}
COMMAND: POST /session/cbab2cbbd32afdf19af3e6ba8111c1c3/execute/async - {"script":"<script> [1562 bytes]","args":[{"selector":{"controlType":"sap.ui.core.Icon","viewName":"etm.portal.ui.managerequests.view.Detail","properties":{"src":{"regex":{"source":"date\\-time"}}},"ancestor":{"controlType":"sap.m.ColumnListItem","viewName":"etm.portal.ui.managerequests.view.Detail","bindingPath":{"path":"/SmartRequestItemsPlanningBoard(ITEM=10m,REQUEST='20346')"},"ancestor":{"id":"requestItemsTable","viewName":"etm.portal.ui.managerequests.view.Detail"}}},"wdio_ui5_key":"etmportal.ui.managerequests.view.Detailsap.ui.core.Icon{\"src\":{\"regex\":{\"source\":\"date\\\\-time\"}}}{\"controlType\":\"sap.m.ColumnListItem\",\"viewName\":\"etm.portal.ui.managerequests.view.Detail\",\"bindingPath\":{\"path\":\"/SmartRequestItemsPlanningBoard(ITEM=10m,REQUEST='20346')\"},\"ancestor\":{\"id\":\"requestItemsTable\",\"viewName\":\"etm.portal.ui.managerequests.view.Detail\"}}"}]}
RESULT: {"script":"<script> [1562 bytes]","args":[{"selector":{"controlType":"sap.ui.core.Icon","viewName":"etm.portal.ui.managerequests.view.Detail","properties":{"src":{"regex":{"source":"date\\-time"}}},"ancestor":{"controlType":"sap.m.ColumnListItem","viewName":"etm.portal.ui.managerequests.view.Detail","bindingPath":{"path":"/SmartRequestItemsPlanningBoard(ITEM=10m,REQUEST='20346')"},"ancestor":{"id":"requestItemsTable","viewName":"etm.portal.ui.managerequests.view.Detail"}}},"wdio_ui5_key":"etmportal.ui.managerequests.view.Detailsap.ui.core.Icon{\"src\":{\"regex\":{\"source\":\"date\\\\-time\"}}}{\"controlType\":\"sap.m.ColumnListItem\",\"viewName\":\"etm.portal.ui.managerequests.view.Detail\",\"bindingPath\":{\"path\":\"/SmartRequestItemsPlanningBoard(ITEM=10m,REQUEST='20346')\"},\"ancestor\":{\"id\":\"requestItemsTable\",\"viewName\":\"etm.portal.ui.managerequests.view.Detail\"}}"}]}
RESULT: undefined
COMMAND: POST /session/cbab2cbbd32afdf19af3e6ba8111c1c3/element - {"using":"xpath","value":"//*[@id=\"__button39-__clone1825-img\"]"}
RESULT: {"using":"xpath","value":"//*[@id=\"__button39-__clone1825-img\"]"}
COMMAND: POST /session/cbab2cbbd32afdf19af3e6ba8111c1c3/element/f.4865000251A30E3BD1E5EDC5108DADF6.d.AEE38F58F3214E90192548B44C0EF3F1.e.5486/click - {}
RESULT: {}
COMMAND: POST /session/cbab2cbbd32afdf19af3e6ba8111c1c3/execute/async - {"script":"<script> [1562 bytes]","args":[{"selector":{"controlType":"sap.m.Button","viewName":"etm.portal.ui.managerequests.view.Detail","properties":{"text":"Close"},"searchOpenDialogs":true,"interaction":{"idSuffix":"inner"}},"wdio_ui5_key":"etmportal.ui.managerequests.view.Detailsap.m.Button{\"text\":\"Close\"}"}]}
COMMAND: GET /session/cbab2cbbd32afdf19af3e6ba8111c1c3/screenshot - {}
RESULT: {"script":"<script> [1562 bytes]","args":[{"selector":{"controlType":"sap.m.Button","viewName":"etm.portal.ui.managerequests.view.Detail","properties":{"text":"Close"},"searchOpenDialogs":true,"interaction":{"idSuffix":"inner"}},"wdio_ui5_key":"etmportal.ui.managerequests.view.Detailsap.m.Button{\"text\":\"Close\"}"}]}
RESULT: undefined
COMMAND: POST /session/cbab2cbbd32afdf19af3e6ba8111c1c3/element - {"using":"xpath","value":"//*[@id=\"__button49\"]"}
RESULT: {}
RESULT: {"using":"xpath","value":"//*[@id=\"__button49\"]"}
COMMAND: POST /session/cbab2cbbd32afdf19af3e6ba8111c1c3/element/f.4865000251A30E3BD1E5EDC5108DADF6.d.AEE38F58F3214E90192548B44C0EF3F1.e.5488/click - {}
RESULT: {}
COMMAND: POST /session/cbab2cbbd32afdf19af3e6ba8111c1c3/execute/async - {"script":"<script> [1562 bytes]","args":[{"selector":{"controlType":"sap.ui.core.Icon","viewName":"etm.portal.ui.managerequests.view.Detail","properties":{"src":{"regex":{"source":"date\\-time"}}},"ancestor":{"controlType":"sap.m.ColumnListItem","viewName":"etm.portal.ui.managerequests.view.Detail","bindingPath":{"path":"/SmartRequestItemsPlanningBoard(ITEM=20m,REQUEST='20346')"},"ancestor":{"id":"requestItemsTable","viewName":"etm.portal.ui.managerequests.view.Detail"}}},"wdio_ui5_key":"etmportal.ui.managerequests.view.Detailsap.ui.core.Icon{\"src\":{\"regex\":{\"source\":\"date\\\\-time\"}}}{\"controlType\":\"sap.m.ColumnListItem\",\"viewName\":\"etm.portal.ui.managerequests.view.Detail\",\"bindingPath\":{\"path\":\"/SmartRequestItemsPlanningBoard(ITEM=20m,REQUEST='20346')\"},\"ancestor\":{\"id\":\"requestItemsTable\",\"viewName\":\"etm.portal.ui.managerequests.view.Detail\"}}"}]}
COMMAND: GET /session/cbab2cbbd32afdf19af3e6ba8111c1c3/screenshot - {}
RESULT: {"script":"<script> [1562 bytes]","args":[{"selector":{"controlType":"sap.ui.core.Icon","viewName":"etm.portal.ui.managerequests.view.Detail","properties":{"src":{"regex":{"source":"date\\-time"}}},"ancestor":{"controlType":"sap.m.ColumnListItem","viewName":"etm.portal.ui.managerequests.view.Detail","bindingPath":{"path":"/SmartRequestItemsPlanningBoard(ITEM=20m,REQUEST='20346')"},"ancestor":{"id":"requestItemsTable","viewName":"etm.portal.ui.managerequests.view.Detail"}}},"wdio_ui5_key":"etmportal.ui.managerequests.view.Detailsap.ui.core.Icon{\"src\":{\"regex\":{\"source\":\"date\\\\-time\"}}}{\"controlType\":\"sap.m.ColumnListItem\",\"viewName\":\"etm.portal.ui.managerequests.view.Detail\",\"bindingPath\":{\"path\":\"/SmartRequestItemsPlanningBoard(ITEM=20m,REQUEST='20346')\"},\"ancestor\":{\"id\":\"requestItemsTable\",\"viewName\":\"etm.portal.ui.managerequests.view.Detail\"}}"}]}
RESULT: undefined
COMMAND: POST /session/cbab2cbbd32afdf19af3e6ba8111c1c3/element - {"using":"xpath","value":"//*[@id=\"__button39-__clone1826-img\"]"}
RESULT: {}
RESULT: {"using":"xpath","value":"//*[@id=\"__button39-__clone1826-img\"]"}
COMMAND: POST /session/cbab2cbbd32afdf19af3e6ba8111c1c3/element/f.4865000251A30E3BD1E5EDC5108DADF6.d.AEE38F58F3214E90192548B44C0EF3F1.e.5495/click - {}
RESULT: {}
RESULT: undefined
COMMAND: POST /session/cbab2cbbd32afdf19af3e6ba8111c1c3/element - {"using":"xpath","value":"//*[@id=\"__button49\"]"}
COMMAND: GET /session/cbab2cbbd32afdf19af3e6ba8111c1c3/screenshot - {}
RESULT: {"using":"xpath","value":"//*[@id=\"__button49\"]"}
COMMAND: POST /session/cbab2cbbd32afdf19af3e6ba8111c1c3/elements - {"using":"xpath","value":"//*[@id=\"__button49\"]"}
RESULT: {}
RESULT: {"using":"xpath","value":"//*[@id=\"__button49\"]"}
COMMAND: POST /session/cbab2cbbd32afdf19af3e6ba8111c1c3/elements - {"using":"xpath","value":"//*[@id=\"__button49\"]"}
RESULT: {"using":"xpath","value":"//*[@id=\"__button49\"]"}
COMMAND: POST /session/cbab2cbbd32afdf19af3e6ba8111c1c3/element - {"using":"xpath","value":"//*[@id=\"__button49\"]"}
RESULT: {"using":"xpath","value":"//*[@id=\"__button49\"]"}
COMMAND: POST /session/cbab2cbbd32afdf19af3e6ba8111c1c3/element/f.4865000251A30E3BD1E5EDC5108DADF6.d.AEE38F58F3214E90192548B44C0EF3F1.e.5499/click - {}
RESULT: {}
COMMAND: POST /session/cbab2cbbd32afdf19af3e6ba8111c1c3/execute/async - {"script":"<script> [189 bytes]","args":[]}
COMMAND: GET /session/cbab2cbbd32afdf19af3e6ba8111c1c3/screenshot - {}
RESULT: {"script":"<script> [189 bytes]","args":[]}
COMMAND: POST /session/cbab2cbbd32afdf19af3e6ba8111c1c3/execute/async - {"script":"<script> [123 bytes]","args":[]}
RESULT: {}
RESULT: {"script":"<script> [123 bytes]","args":[]}
COMMAND: POST /session/cbab2cbbd32afdf19af3e6ba8111c1c3/timeouts - {"script":"<number>"}
RESULT: {"script":"<number>"}
COMMAND: GET /session/cbab2cbbd32afdf19af3e6ba8111c1c3/timeouts - {}
RESULT: {}
RESULT: undefined
COMMAND: POST /session/cbab2cbbd32afdf19af3e6ba8111c1c3/execute/async - {"script":"<script> [2676 bytes]","args":[]}
RESULT: {"script":"<script> [2676 bytes]","args":[]}
COMMAND: POST /session/cbab2cbbd32afdf19af3e6ba8111c1c3/execute/async - {"script":"<script> [2342 bytes]","args":[{"protocol":"http","hostname":"0.0.0.0","path":"/","capabilities":{"browserName":"chrome","goog:chromeOptions":{"binary":"C:\\Program Files\\Google\\Chrome\\Application\\chrome.exe","args":["--start-maximized"]}},"logLevel":"warn","connectionRetryTimeout":120000,"connectionRetryCount":3,"logLevels":{},"enableDirectConnect":true,"strictSSL":true,"_":"65 more keys: [\"cacheDir\",\"port\",\"requestedCapabilities\",\"automationProtocol\",\"baseUrl\",\"waitforInterval\",\"waitforTimeout\",\"onReload\",\"beforeCommand\",\"afterCommand\",\"rootDir\",\"specs\",\"suites\",\"exclude\",\"groupLogsByTestSpec\",\"excludeDriverLogs\",\"bail\",\"framework\",\"reporters\",\"services\",\"maxInstances\",\"maxInstancesPerCapability\",\"injectGlobals\",\"filesToWatch\",\"execArgv\",\"runnerEnv\",\"runner\",\"shard\",\"specFileRetries\",\"specFileRetriesDelay\",\"specFileRetriesDeferred\",\"reporterSyncInterval\",\"reporterSyncTimeout\",\"cucumberFeaturesWithLineNumbers\",\"autoCompileOpts\",\"mochaOpts\",\"jasmineOpts\",\"cucumberOpts\",\"onPrepare\",\"onWorkerStart\",\"onWorkerEnd\",\"before\",\"beforeSession\",\"beforeSuite\",\"beforeHook\",\"beforeTest\",\"afterTest\",\"afterHook\",\"afterSuite\",\"afterSession\",\"after\",\"onComplete\",\"beforeAssertion\",\"afterAssertion\",\"beforeFeature\",\"beforeScenario\",\"beforeStep\",\"afterStep\",\"afterScenario\",\"afterFeature\",\"_\",\"suite\",\"$0\",\"ignoredWorkerServices\",\"wdi5\"]"}]}
RESULT: {"script":"<script> [2342 bytes]","args":[{"protocol":"http","hostname":"0.0.0.0","path":"/","capabilities":{"browserName":"chrome","goog:chromeOptions":{"binary":"C:\\Program Files\\Google\\Chrome\\Application\\chrome.exe","args":["--start-maximized"]}},"logLevel":"warn","connectionRetryTimeout":120000,"connectionRetryCount":3,"logLevels":{},"enableDirectConnect":true,"strictSSL":true,"_":"65 more keys: [\"cacheDir\",\"port\",\"requestedCapabilities\",\"automationProtocol\",\"baseUrl\",\"waitforInterval\",\"waitforTimeout\",\"onReload\",\"beforeCommand\",\"afterCommand\",\"rootDir\",\"specs\",\"suites\",\"exclude\",\"groupLogsByTestSpec\",\"excludeDriverLogs\",\"bail\",\"framework\",\"reporters\",\"services\",\"maxInstances\",\"maxInstancesPerCapability\",\"injectGlobals\",\"filesToWatch\",\"execArgv\",\"runnerEnv\",\"runner\",\"shard\",\"specFileRetries\",\"specFileRetriesDelay\",\"specFileRetriesDeferred\",\"reporterSyncInterval\",\"reporterSyncTimeout\",\"cucumberFeaturesWithLineNumbers\",\"autoCompileOpts\",\"mochaOpts\",\"jasmineOpts\",\"cucumberOpts\",\"onPrepare\",\"onWorkerStart\",\"onWorkerEnd\",\"before\",\"beforeSession\",\"beforeSuite\",\"beforeHook\",\"beforeTest\",\"afterTest\",\"afterHook\",\"afterSuite\",\"afterSession\",\"after\",\"onComplete\",\"beforeAssertion\",\"afterAssertion\",\"beforeFeature\",\"beforeScenario\",\"beforeStep\",\"afterStep\",\"afterScenario\",\"afterFeature\",\"_\",\"suite\",\"$0\",\"ignoredWorkerServices\",\"wdi5\"]"}]}
COMMAND: POST /session/cbab2cbbd32afdf19af3e6ba8111c1c3/execute/async - {"script":"<script> [21126 bytes]","args":[35000]}
RESULT: {"script":"<script> [21126 bytes]","args":[35000]}
COMMAND: POST /session/cbab2cbbd32afdf19af3e6ba8111c1c3/execute/async - {"script":"<script> [1562 bytes]","args":[{"selector":{"controlType":"sap.m.Button","viewName":"etm.portal.ui.managerequests.view.Detail","bindingPath":{"path":"/SmartRequestItemsPlanningBoard(ITEM=10m,REQUEST='20346')","propertyPath":"PICK_UP"}},"wdio_ui5_key":"etmportal.ui.managerequests.view.Detailsap.m.Button{\"path\":\"/SmartRequestItemsPlanningBoard(ITEM=10m,REQUEST='20346')\",\"propertyPath\":\"PICK_UP\"}"}]}
RESULT: {"script":"<script> [1562 bytes]","args":[{"selector":{"controlType":"sap.m.Button","viewName":"etm.portal.ui.managerequests.view.Detail","bindingPath":{"path":"/SmartRequestItemsPlanningBoard(ITEM=10m,REQUEST='20346')","propertyPath":"PICK_UP"}},"wdio_ui5_key":"etmportal.ui.managerequests.view.Detailsap.m.Button{\"path\":\"/SmartRequestItemsPlanningBoard(ITEM=10m,REQUEST='20346')\",\"propertyPath\":\"PICK_UP\"}"}]}
RESULT: undefined
COMMAND: POST /session/cbab2cbbd32afdf19af3e6ba8111c1c3/execute/async - {"script":"<script> [6424 bytes]","args":[{"element-6066-11e4-a52e-4f735466cecf":"f.4865000251A30E3BD1E5EDC5108DADF6.d.AEE38F58F3214E90192548B44C0EF3F1.e.5451"},"getType",[]]}
RESULT: {"script":"<script> [6424 bytes]","args":[{"element-6066-11e4-a52e-4f735466cecf":"f.4865000251A30E3BD1E5EDC5108DADF6.d.AEE38F58F3214E90192548B44C0EF3F1.e.5451"},"getType",[]]}
COMMAND: POST /session/cbab2cbbd32afdf19af3e6ba8111c1c3/execute/async - {"script":"<script> [1562 bytes]","args":[{"selector":{"controlType":"sap.m.Button","viewName":"etm.portal.ui.managerequests.view.Detail","bindingPath":{"path":"/SmartRequestItemsPlanningBoard(ITEM=20m,REQUEST='20346')","propertyPath":"PICK_UP"}},"wdio_ui5_key":"etmportal.ui.managerequests.view.Detailsap.m.Button{\"path\":\"/SmartRequestItemsPlanningBoard(ITEM=20m,REQUEST='20346')\",\"propertyPath\":\"PICK_UP\"}"}]}
RESULT: {"script":"<script> [1562 bytes]","args":[{"selector":{"controlType":"sap.m.Button","viewName":"etm.portal.ui.managerequests.view.Detail","bindingPath":{"path":"/SmartRequestItemsPlanningBoard(ITEM=20m,REQUEST='20346')","propertyPath":"PICK_UP"}},"wdio_ui5_key":"etmportal.ui.managerequests.view.Detailsap.m.Button{\"path\":\"/SmartRequestItemsPlanningBoard(ITEM=20m,REQUEST='20346')\",\"propertyPath\":\"PICK_UP\"}"}]}
RESULT: undefined
COMMAND: POST /session/cbab2cbbd32afdf19af3e6ba8111c1c3/execute/async - {"script":"<script> [6424 bytes]","args":[{"element-6066-11e4-a52e-4f735466cecf":"f.4865000251A30E3BD1E5EDC5108DADF6.d.AEE38F58F3214E90192548B44C0EF3F1.e.5478"},"getType",[]]}
RESULT: {"script":"<script> [6424 bytes]","args":[{"element-6066-11e4-a52e-4f735466cecf":"f.4865000251A30E3BD1E5EDC5108DADF6.d.AEE38F58F3214E90192548B44C0EF3F1.e.5478"},"getType",[]]}
]]></system-out>
    </testcase>
    <testcase classname="chrome.135_0_7049_96.windows.Manage_request_+_Contract_processing_pick_up_option_US120163_" name="Should Contract processing pick up option" time="139.467">
      <system-out><![CDATA[
COMMAND: POST /session/cbab2cbbd32afdf19af3e6ba8111c1c3/execute/async - {"script":"<script> [1562 bytes]","args":[{"selector":{"id":"requestContractNo","viewName":"etm.portal.ui.managerequests.view.Detail"},"wdio_ui5_key":"requestContractNoetmportal.ui.managerequests.view.Detail"}]}
RESULT: {"script":"<script> [1562 bytes]","args":[{"selector":{"id":"requestContractNo","viewName":"etm.portal.ui.managerequests.view.Detail"},"wdio_ui5_key":"requestContractNoetmportal.ui.managerequests.view.Detail"}]}
RESULT: undefined
COMMAND: POST /session/cbab2cbbd32afdf19af3e6ba8111c1c3/element - {"using":"xpath","value":"//*[@id=\"__xmlview2--requestContractNo\"]"}
RESULT: {"using":"xpath","value":"//*[@id=\"__xmlview2--requestContractNo\"]"}
COMMAND: POST /session/cbab2cbbd32afdf19af3e6ba8111c1c3/element/f.4865000251A30E3BD1E5EDC5108DADF6.d.AEE38F58F3214E90192548B44C0EF3F1.e.5504/click - {}
RESULT: {}
COMMAND: POST /session/cbab2cbbd32afdf19af3e6ba8111c1c3/execute/async - {"script":"<script> [1562 bytes]","args":[{"selector":{"controlType":"sap.m.Link","viewName":"etm.portal.ui.managerequests.view.Detail","properties":{"text":"Contract Overview"},"searchOpenDialogs":true},"wdio_ui5_key":"etmportal.ui.managerequests.view.Detailsap.m.Link{\"text\":\"Contract Overview\"}"}]}
COMMAND: GET /session/cbab2cbbd32afdf19af3e6ba8111c1c3/screenshot - {}
RESULT: {"script":"<script> [1562 bytes]","args":[{"selector":{"controlType":"sap.m.Link","viewName":"etm.portal.ui.managerequests.view.Detail","properties":{"text":"Contract Overview"},"searchOpenDialogs":true},"wdio_ui5_key":"etmportal.ui.managerequests.view.Detailsap.m.Link{\"text\":\"Contract Overview\"}"}]}
RESULT: undefined
COMMAND: POST /session/cbab2cbbd32afdf19af3e6ba8111c1c3/element - {"using":"xpath","value":"//*[@id=\"__link8\"]"}
RESULT: {}
RESULT: {"using":"xpath","value":"//*[@id=\"__link8\"]"}
COMMAND: POST /session/cbab2cbbd32afdf19af3e6ba8111c1c3/element/f.4865000251A30E3BD1E5EDC5108DADF6.d.AEE38F58F3214E90192548B44C0EF3F1.e.5506/click - {}
RESULT: {}
COMMAND: GET /session/cbab2cbbd32afdf19af3e6ba8111c1c3/screenshot - {}
RESULT: {}
COMMAND: POST /session/cbab2cbbd32afdf19af3e6ba8111c1c3/element - {"using":"xpath","value":"//div[contains(@id ,\"headerBillingItemsTabFilter-text\")]"}
RESULT: {"using":"xpath","value":"//div[contains(@id ,\"headerBillingItemsTabFilter-text\")]"}
COMMAND: POST /session/cbab2cbbd32afdf19af3e6ba8111c1c3/element/f.4865000251A30E3BD1E5EDC5108DADF6.d.AEE38F58F3214E90192548B44C0EF3F1.e.5715/click - {}
RESULT: {}
COMMAND: GET /session/cbab2cbbd32afdf19af3e6ba8111c1c3/screenshot - {}
RESULT: {}
COMMAND: POST /session/cbab2cbbd32afdf19af3e6ba8111c1c3/execute/async - {"script":"<script> [1562 bytes]","args":[{"selector":{"id":"addRequestItemBtn","viewName":"etm.portal.ui.managecontracts.view.Detail","interaction":{"idSuffix":"BDI-content"}},"wdio_ui5_key":"addRequestItemBtnetmportal.ui.managecontracts.view.Detail"}]}
RESULT: {"script":"<script> [1562 bytes]","args":[{"selector":{"id":"addRequestItemBtn","viewName":"etm.portal.ui.managecontracts.view.Detail","interaction":{"idSuffix":"BDI-content"}},"wdio_ui5_key":"addRequestItemBtnetmportal.ui.managecontracts.view.Detail"}]}
RESULT: undefined
COMMAND: POST /session/cbab2cbbd32afdf19af3e6ba8111c1c3/element - {"using":"xpath","value":"//*[@id=\"__xmlview4--addRequestItemBtn\"]"}
RESULT: {"using":"xpath","value":"//*[@id=\"__xmlview4--addRequestItemBtn\"]"}
COMMAND: POST /session/cbab2cbbd32afdf19af3e6ba8111c1c3/element/f.4865000251A30E3BD1E5EDC5108DADF6.d.AEE38F58F3214E90192548B44C0EF3F1.e.5615/click - {}
RESULT: {}
COMMAND: GET /session/cbab2cbbd32afdf19af3e6ba8111c1c3/screenshot - {}
RESULT: {}
COMMAND: POST /session/cbab2cbbd32afdf19af3e6ba8111c1c3/element - {"using":"xpath","value":"//div[contains(@id ,\"popupRequestTable-sa-CbBg\")]"}
RESULT: {"using":"xpath","value":"//div[contains(@id ,\"popupRequestTable-sa-CbBg\")]"}
COMMAND: POST /session/cbab2cbbd32afdf19af3e6ba8111c1c3/element/f.4865000251A30E3BD1E5EDC5108DADF6.d.AEE38F58F3214E90192548B44C0EF3F1.e.5742/click - {}
RESULT: {}
COMMAND: GET /session/cbab2cbbd32afdf19af3e6ba8111c1c3/screenshot - {}
RESULT: {}
COMMAND: POST /session/cbab2cbbd32afdf19af3e6ba8111c1c3/execute/async - {"script":"<script> [1562 bytes]","args":[{"selector":{"controlType":"sap.m.Button","viewName":"etm.portal.ui.managecontracts.view.Detail","i18NText":{"propertyName":"text","key":"selectionDone"},"searchOpenDialogs":true,"interaction":{"idSuffix":"content"}},"wdio_ui5_key":"etmportal.ui.managecontracts.view.Detailsap.m.Button{\"propertyName\":\"text\",\"key\":\"selectionDone\"}"}]}
RESULT: {"script":"<script> [1562 bytes]","args":[{"selector":{"controlType":"sap.m.Button","viewName":"etm.portal.ui.managecontracts.view.Detail","i18NText":{"propertyName":"text","key":"selectionDone"},"searchOpenDialogs":true,"interaction":{"idSuffix":"content"}},"wdio_ui5_key":"etmportal.ui.managecontracts.view.Detailsap.m.Button{\"propertyName\":\"text\",\"key\":\"selectionDone\"}"}]}
RESULT: undefined
COMMAND: POST /session/cbab2cbbd32afdf19af3e6ba8111c1c3/element - {"using":"xpath","value":"//*[@id=\"__button65\"]"}
RESULT: {"using":"xpath","value":"//*[@id=\"__button65\"]"}
COMMAND: POST /session/cbab2cbbd32afdf19af3e6ba8111c1c3/element/f.4865000251A30E3BD1E5EDC5108DADF6.d.AEE38F58F3214E90192548B44C0EF3F1.e.5745/click - {}
RESULT: {}
COMMAND: POST /session/cbab2cbbd32afdf19af3e6ba8111c1c3/execute/async - {"script":"<script> [1562 bytes]","args":[{"selector":{"controlType":"sap.m.Button","properties":{"text":"OK"},"searchOpenDialogs":true,"interaction":{"idSuffix":"inner"}},"wdio_ui5_key":"sapm.Button{\"text\":\"OK\"}"}]}
COMMAND: GET /session/cbab2cbbd32afdf19af3e6ba8111c1c3/screenshot - {}
RESULT: {"script":"<script> [1562 bytes]","args":[{"selector":{"controlType":"sap.m.Button","properties":{"text":"OK"},"searchOpenDialogs":true,"interaction":{"idSuffix":"inner"}},"wdio_ui5_key":"sapm.Button{\"text\":\"OK\"}"}]}
RESULT: undefined
COMMAND: POST /session/cbab2cbbd32afdf19af3e6ba8111c1c3/element - {"using":"xpath","value":"//*[@id=\"__mbox-btn-1\"]"}
RESULT: {}
RESULT: {"using":"xpath","value":"//*[@id=\"__mbox-btn-1\"]"}
COMMAND: POST /session/cbab2cbbd32afdf19af3e6ba8111c1c3/element/f.4865000251A30E3BD1E5EDC5108DADF6.d.AEE38F58F3214E90192548B44C0EF3F1.e.5746/click - {}
RESULT: {}
COMMAND: GET /session/cbab2cbbd32afdf19af3e6ba8111c1c3/screenshot - {}
RESULT: {}
COMMAND: POST /session/cbab2cbbd32afdf19af3e6ba8111c1c3/element - {"using":"xpath","value":"//div[contains(@id ,\"headerBillingItemsTabFilter-text\")]"}
RESULT: {"using":"xpath","value":"//div[contains(@id ,\"headerBillingItemsTabFilter-text\")]"}
COMMAND: POST /session/cbab2cbbd32afdf19af3e6ba8111c1c3/element/f.4865000251A30E3BD1E5EDC5108DADF6.d.AEE38F58F3214E90192548B44C0EF3F1.e.5715/click - {}
RESULT: {}
COMMAND: GET /session/cbab2cbbd32afdf19af3e6ba8111c1c3/screenshot - {}
RESULT: {}
COMMAND: POST /session/cbab2cbbd32afdf19af3e6ba8111c1c3/element - {"using":"xpath","value":"//button[contains(@data-kt ,\"refreshButton\")]"}
RESULT: {"using":"xpath","value":"//button[contains(@data-kt ,\"refreshButton\")]"}
COMMAND: POST /session/cbab2cbbd32afdf19af3e6ba8111c1c3/element/f.4865000251A30E3BD1E5EDC5108DADF6.d.AEE38F58F3214E90192548B44C0EF3F1.e.5612/click - {}
RESULT: {}
COMMAND: GET /session/cbab2cbbd32afdf19af3e6ba8111c1c3/screenshot - {}
RESULT: {}
COMMAND: POST /session/cbab2cbbd32afdf19af3e6ba8111c1c3/element - {"using":"xpath","value":"//div[contains(@id ,\"headerBillingItemsTabFilter-text\")]"}
RESULT: {"using":"xpath","value":"//div[contains(@id ,\"headerBillingItemsTabFilter-text\")]"}
COMMAND: POST /session/cbab2cbbd32afdf19af3e6ba8111c1c3/element/f.4865000251A30E3BD1E5EDC5108DADF6.d.AEE38F58F3214E90192548B44C0EF3F1.e.5715/click - {}
RESULT: {}
COMMAND: GET /session/cbab2cbbd32afdf19af3e6ba8111c1c3/screenshot - {}
RESULT: {}
COMMAND: POST /session/cbab2cbbd32afdf19af3e6ba8111c1c3/execute/async - {"script":"<script> [1562 bytes]","args":[{"selector":{"id":"contractDetailProvideButton","viewName":"etm.portal.ui.managecontracts.view.Detail","interaction":{"idSuffix":"BDI-content"}},"wdio_ui5_key":"contractDetailProvideButtonetmportal.ui.managecontracts.view.Detail"}]}
RESULT: {"script":"<script> [1562 bytes]","args":[{"selector":{"id":"contractDetailProvideButton","viewName":"etm.portal.ui.managecontracts.view.Detail","interaction":{"idSuffix":"BDI-content"}},"wdio_ui5_key":"contractDetailProvideButtonetmportal.ui.managecontracts.view.Detail"}]}
RESULT: undefined
COMMAND: POST /session/cbab2cbbd32afdf19af3e6ba8111c1c3/element - {"using":"xpath","value":"//*[@id=\"__xmlview4--contractDetailProvideButton\"]"}
RESULT: {"using":"xpath","value":"//*[@id=\"__xmlview4--contractDetailProvideButton\"]"}
COMMAND: POST /session/cbab2cbbd32afdf19af3e6ba8111c1c3/element/f.4865000251A30E3BD1E5EDC5108DADF6.d.AEE38F58F3214E90192548B44C0EF3F1.e.5621/click - {}
RESULT: {}
COMMAND: GET /session/cbab2cbbd32afdf19af3e6ba8111c1c3/screenshot - {}
RESULT: {}
COMMAND: POST /session/cbab2cbbd32afdf19af3e6ba8111c1c3/execute/async - {"script":"<script> [1562 bytes]","args":[{"selector":{"id":"application-managehandovers-display-component---AddNewHO--pickUpCheckbox","interaction":{"idSuffix":"CbBg"}},"wdio_ui5_key":"applicationmanagehandovers-display-component---AddNewHO--pickUpCheckbox"}]}
RESULT: {"script":"<script> [1562 bytes]","args":[{"selector":{"id":"application-managehandovers-display-component---AddNewHO--pickUpCheckbox","interaction":{"idSuffix":"CbBg"}},"wdio_ui5_key":"applicationmanagehandovers-display-component---AddNewHO--pickUpCheckbox"}]}
RESULT: undefined
COMMAND: POST /session/cbab2cbbd32afdf19af3e6ba8111c1c3/element - {"using":"xpath","value":"//*[@id=\"application-managehandovers-display-component---AddNewHO--pickUpCheckbox\"]"}
RESULT: {"using":"xpath","value":"//*[@id=\"application-managehandovers-display-component---AddNewHO--pickUpCheckbox\"]"}
COMMAND: POST /session/cbab2cbbd32afdf19af3e6ba8111c1c3/element/f.4865000251A30E3BD1E5EDC5108DADF6.d.AEE38F58F3214E90192548B44C0EF3F1.e.5947/click - {}
RESULT: {}
COMMAND: POST /session/cbab2cbbd32afdf19af3e6ba8111c1c3/execute/async - {"script":"<script> [1562 bytes]","args":[{"selector":{"id":"application-managehandovers-display-component---AddNewHO--ObjectPageLayout-anchBar-application-managehandovers-display-component---AddNewHO--section4-anchor","interaction":{"idSuffix":"content"}},"wdio_ui5_key":"applicationmanagehandovers-display-component---AddNewHO--ObjectPageLayout-anchBar-application-managehandovers-display-component---AddNewHO--section4-anchor"}]}
COMMAND: GET /session/cbab2cbbd32afdf19af3e6ba8111c1c3/screenshot - {}
RESULT: {"script":"<script> [1562 bytes]","args":[{"selector":{"id":"application-managehandovers-display-component---AddNewHO--ObjectPageLayout-anchBar-application-managehandovers-display-component---AddNewHO--section4-anchor","interaction":{"idSuffix":"content"}},"wdio_ui5_key":"applicationmanagehandovers-display-component---AddNewHO--ObjectPageLayout-anchBar-application-managehandovers-display-component---AddNewHO--section4-anchor"}]}
RESULT: undefined
COMMAND: POST /session/cbab2cbbd32afdf19af3e6ba8111c1c3/element - {"using":"xpath","value":"//*[@id=\"application-managehandovers-display-component---AddNewHO--ObjectPageLayout-anchBar-application-managehandovers-display-component---AddNewHO--section4-anchor\"]"}
RESULT: {}
RESULT: {"using":"xpath","value":"//*[@id=\"application-managehandovers-display-component---AddNewHO--ObjectPageLayout-anchBar-application-managehandovers-display-component---AddNewHO--section4-anchor\"]"}
COMMAND: POST /session/cbab2cbbd32afdf19af3e6ba8111c1c3/element/f.4865000251A30E3BD1E5EDC5108DADF6.d.AEE38F58F3214E90192548B44C0EF3F1.e.5951/click - {}
RESULT: {}
COMMAND: POST /session/cbab2cbbd32afdf19af3e6ba8111c1c3/execute/async - {"script":"<script> [1562 bytes]","args":[{"selector":{"controlType":"sap.m.Button","viewName":"etm.portal.ui.managehandovers.view.AddNewHO","viewId":"application-managehandovers-display-component---AddNewHO","i18NText":{"propertyName":"tooltip","key":"addItems"},"interaction":{"idSuffix":"inner"}},"wdio_ui5_key":"etmportal.ui.managehandovers.view.AddNewHOsap.m.Button{\"propertyName\":\"tooltip\",\"key\":\"addItems\"}"}]}
COMMAND: GET /session/cbab2cbbd32afdf19af3e6ba8111c1c3/screenshot - {}
RESULT: {"script":"<script> [1562 bytes]","args":[{"selector":{"controlType":"sap.m.Button","viewName":"etm.portal.ui.managehandovers.view.AddNewHO","viewId":"application-managehandovers-display-component---AddNewHO","i18NText":{"propertyName":"tooltip","key":"addItems"},"interaction":{"idSuffix":"inner"}},"wdio_ui5_key":"etmportal.ui.managehandovers.view.AddNewHOsap.m.Button{\"propertyName\":\"tooltip\",\"key\":\"addItems\"}"}]}
RESULT: undefined
COMMAND: POST /session/cbab2cbbd32afdf19af3e6ba8111c1c3/element - {"using":"xpath","value":"//*[@id=\"__button82\"]"}
RESULT: {}
RESULT: {"using":"xpath","value":"//*[@id=\"__button82\"]"}
COMMAND: POST /session/cbab2cbbd32afdf19af3e6ba8111c1c3/element/f.4865000251A30E3BD1E5EDC5108DADF6.d.AEE38F58F3214E90192548B44C0EF3F1.e.5955/click - {}
RESULT: {}
COMMAND: POST /session/cbab2cbbd32afdf19af3e6ba8111c1c3/execute/async - {"script":"<script> [1562 bytes]","args":[{"selector":{"id":"application-managehandovers-display-component---AddNewHO--smartTableHOPopup-header","searchOpenDialogs":true},"wdio_ui5_key":"applicationmanagehandovers-display-component---AddNewHO--smartTableHOPopup-header"}]}
COMMAND: GET /session/cbab2cbbd32afdf19af3e6ba8111c1c3/screenshot - {}
RESULT: {"script":"<script> [1562 bytes]","args":[{"selector":{"id":"application-managehandovers-display-component---AddNewHO--smartTableHOPopup-header","searchOpenDialogs":true},"wdio_ui5_key":"applicationmanagehandovers-display-component---AddNewHO--smartTableHOPopup-header"}]}
RESULT: undefined
COMMAND: POST /session/cbab2cbbd32afdf19af3e6ba8111c1c3/execute/async - {"script":"<script> [6424 bytes]","args":[{"element-6066-11e4-a52e-4f735466cecf":"f.4865000251A30E3BD1E5EDC5108DADF6.d.AEE38F58F3214E90192548B44C0EF3F1.e.5970"},"getText",[]]}
RESULT: {}
RESULT: {"script":"<script> [6424 bytes]","args":[{"element-6066-11e4-a52e-4f735466cecf":"f.4865000251A30E3BD1E5EDC5108DADF6.d.AEE38F58F3214E90192548B44C0EF3F1.e.5970"},"getText",[]]}
COMMAND: POST /session/cbab2cbbd32afdf19af3e6ba8111c1c3/actions - {"actions":[{"id":"action44","type":"key","parameters":{},"actions":[{"type":"keyDown","value":"î€Œ"},{"type":"pause","duration":10},{"type":"keyUp","value":"î€Œ"}]}]}
RESULT: {"actions":[{"id":"action44","type":"key","parameters":{},"actions":[{"type":"keyDown","value":"î€Œ"},{"type":"pause","duration":10},{"type":"keyUp","value":"î€Œ"}]}]}
COMMAND: GET /session/cbab2cbbd32afdf19af3e6ba8111c1c3/screenshot - {}
RESULT: {}
COMMAND: POST /session/cbab2cbbd32afdf19af3e6ba8111c1c3/execute/async - {"script":"<script> [1562 bytes]","args":[{"selector":{"id":"backBtn"},"wdio_ui5_key":"backBtn"}]}
RESULT: {"script":"<script> [1562 bytes]","args":[{"selector":{"id":"backBtn"},"wdio_ui5_key":"backBtn"}]}
RESULT: undefined
COMMAND: POST /session/cbab2cbbd32afdf19af3e6ba8111c1c3/element - {"using":"xpath","value":"//*[@id=\"backBtn\"]"}
RESULT: {"using":"xpath","value":"//*[@id=\"backBtn\"]"}
COMMAND: POST /session/cbab2cbbd32afdf19af3e6ba8111c1c3/element/f.4865000251A30E3BD1E5EDC5108DADF6.d.AEE38F58F3214E90192548B44C0EF3F1.e.5971/click - {}
RESULT: {}
COMMAND: GET /session/cbab2cbbd32afdf19af3e6ba8111c1c3/screenshot - {}
COMMAND: POST /session/cbab2cbbd32afdf19af3e6ba8111c1c3/refresh - {}
RESULT: {}
RESULT: {}
COMMAND: GET /session/cbab2cbbd32afdf19af3e6ba8111c1c3/screenshot - {}
RESULT: {}
COMMAND: POST /session/cbab2cbbd32afdf19af3e6ba8111c1c3/execute/async - {"script":"<script> [189 bytes]","args":[]}
RESULT: {"script":"<script> [189 bytes]","args":[]}
COMMAND: POST /session/cbab2cbbd32afdf19af3e6ba8111c1c3/execute/async - {"script":"<script> [123 bytes]","args":[]}
RESULT: {"script":"<script> [123 bytes]","args":[]}
COMMAND: POST /session/cbab2cbbd32afdf19af3e6ba8111c1c3/timeouts - {"script":"<number>"}
RESULT: {"script":"<number>"}
COMMAND: GET /session/cbab2cbbd32afdf19af3e6ba8111c1c3/timeouts - {}
RESULT: {}
RESULT: undefined
COMMAND: POST /session/cbab2cbbd32afdf19af3e6ba8111c1c3/execute/async - {"script":"<script> [2676 bytes]","args":[]}
RESULT: {"script":"<script> [2676 bytes]","args":[]}
COMMAND: POST /session/cbab2cbbd32afdf19af3e6ba8111c1c3/execute/async - {"script":"<script> [2342 bytes]","args":[{"protocol":"http","hostname":"0.0.0.0","path":"/","capabilities":{"browserName":"chrome","goog:chromeOptions":{"binary":"C:\\Program Files\\Google\\Chrome\\Application\\chrome.exe","args":["--start-maximized"]}},"logLevel":"warn","connectionRetryTimeout":120000,"connectionRetryCount":3,"logLevels":{},"enableDirectConnect":true,"strictSSL":true,"_":"65 more keys: [\"cacheDir\",\"port\",\"requestedCapabilities\",\"automationProtocol\",\"baseUrl\",\"waitforInterval\",\"waitforTimeout\",\"onReload\",\"beforeCommand\",\"afterCommand\",\"rootDir\",\"specs\",\"suites\",\"exclude\",\"groupLogsByTestSpec\",\"excludeDriverLogs\",\"bail\",\"framework\",\"reporters\",\"services\",\"maxInstances\",\"maxInstancesPerCapability\",\"injectGlobals\",\"filesToWatch\",\"execArgv\",\"runnerEnv\",\"runner\",\"shard\",\"specFileRetries\",\"specFileRetriesDelay\",\"specFileRetriesDeferred\",\"reporterSyncInterval\",\"reporterSyncTimeout\",\"cucumberFeaturesWithLineNumbers\",\"autoCompileOpts\",\"mochaOpts\",\"jasmineOpts\",\"cucumberOpts\",\"onPrepare\",\"onWorkerStart\",\"onWorkerEnd\",\"before\",\"beforeSession\",\"beforeSuite\",\"beforeHook\",\"beforeTest\",\"afterTest\",\"afterHook\",\"afterSuite\",\"afterSession\",\"after\",\"onComplete\",\"beforeAssertion\",\"afterAssertion\",\"beforeFeature\",\"beforeScenario\",\"beforeStep\",\"afterStep\",\"afterScenario\",\"afterFeature\",\"_\",\"suite\",\"$0\",\"ignoredWorkerServices\",\"wdi5\"]"}]}
RESULT: {"script":"<script> [2342 bytes]","args":[{"protocol":"http","hostname":"0.0.0.0","path":"/","capabilities":{"browserName":"chrome","goog:chromeOptions":{"binary":"C:\\Program Files\\Google\\Chrome\\Application\\chrome.exe","args":["--start-maximized"]}},"logLevel":"warn","connectionRetryTimeout":120000,"connectionRetryCount":3,"logLevels":{},"enableDirectConnect":true,"strictSSL":true,"_":"65 more keys: [\"cacheDir\",\"port\",\"requestedCapabilities\",\"automationProtocol\",\"baseUrl\",\"waitforInterval\",\"waitforTimeout\",\"onReload\",\"beforeCommand\",\"afterCommand\",\"rootDir\",\"specs\",\"suites\",\"exclude\",\"groupLogsByTestSpec\",\"excludeDriverLogs\",\"bail\",\"framework\",\"reporters\",\"services\",\"maxInstances\",\"maxInstancesPerCapability\",\"injectGlobals\",\"filesToWatch\",\"execArgv\",\"runnerEnv\",\"runner\",\"shard\",\"specFileRetries\",\"specFileRetriesDelay\",\"specFileRetriesDeferred\",\"reporterSyncInterval\",\"reporterSyncTimeout\",\"cucumberFeaturesWithLineNumbers\",\"autoCompileOpts\",\"mochaOpts\",\"jasmineOpts\",\"cucumberOpts\",\"onPrepare\",\"onWorkerStart\",\"onWorkerEnd\",\"before\",\"beforeSession\",\"beforeSuite\",\"beforeHook\",\"beforeTest\",\"afterTest\",\"afterHook\",\"afterSuite\",\"afterSession\",\"after\",\"onComplete\",\"beforeAssertion\",\"afterAssertion\",\"beforeFeature\",\"beforeScenario\",\"beforeStep\",\"afterStep\",\"afterScenario\",\"afterFeature\",\"_\",\"suite\",\"$0\",\"ignoredWorkerServices\",\"wdi5\"]"}]}
COMMAND: POST /session/cbab2cbbd32afdf19af3e6ba8111c1c3/execute/async - {"script":"<script> [21126 bytes]","args":[35000]}
RESULT: {"script":"<script> [21126 bytes]","args":[35000]}
COMMAND: POST /session/cbab2cbbd32afdf19af3e6ba8111c1c3/element - {"using":"xpath","value":"//div[contains(@id ,\"headerBillingItemsTabFilter-text\")]"}
RESULT: {"using":"xpath","value":"//div[contains(@id ,\"headerBillingItemsTabFilter-text\")]"}
COMMAND: POST /session/cbab2cbbd32afdf19af3e6ba8111c1c3/element/f.4865000251A30E3BD1E5EDC5108DADF6.d.D7FF39425ECE33C01101C364FCC9FDCF.e.6360/click - {}
RESULT: {}
COMMAND: GET /session/cbab2cbbd32afdf19af3e6ba8111c1c3/screenshot - {}
RESULT: {}
COMMAND: POST /session/cbab2cbbd32afdf19af3e6ba8111c1c3/execute/async - {"script":"<script> [1562 bytes]","args":[{"selector":{"id":"revertPlanningBtn","viewName":"etm.portal.ui.managecontracts.view.Detail","interaction":{"idSuffix":"BDI-content"}},"wdio_ui5_key":"revertPlanningBtnetmportal.ui.managecontracts.view.Detail"}]}
RESULT: {"script":"<script> [1562 bytes]","args":[{"selector":{"id":"revertPlanningBtn","viewName":"etm.portal.ui.managecontracts.view.Detail","interaction":{"idSuffix":"BDI-content"}},"wdio_ui5_key":"revertPlanningBtnetmportal.ui.managecontracts.view.Detail"}]}
RESULT: undefined
COMMAND: POST /session/cbab2cbbd32afdf19af3e6ba8111c1c3/element - {"using":"xpath","value":"//*[@id=\"__xmlview1--revertPlanningBtn\"]"}
RESULT: {"using":"xpath","value":"//*[@id=\"__xmlview1--revertPlanningBtn\"]"}
COMMAND: POST /session/cbab2cbbd32afdf19af3e6ba8111c1c3/element/f.4865000251A30E3BD1E5EDC5108DADF6.d.D7FF39425ECE33C01101C364FCC9FDCF.e.6365/click - {}
RESULT: {}
COMMAND: GET /session/cbab2cbbd32afdf19af3e6ba8111c1c3/screenshot - {}
RESULT: {}
COMMAND: POST /session/cbab2cbbd32afdf19af3e6ba8111c1c3/actions - {"actions":[{"id":"action45","type":"key","parameters":{},"actions":[{"type":"keyDown","value":"î€‡"},{"type":"pause","duration":10},{"type":"keyUp","value":"î€‡"}]}]}
RESULT: {"actions":[{"id":"action45","type":"key","parameters":{},"actions":[{"type":"keyDown","value":"î€‡"},{"type":"pause","duration":10},{"type":"keyUp","value":"î€‡"}]}]}
COMMAND: GET /session/cbab2cbbd32afdf19af3e6ba8111c1c3/screenshot - {}
RESULT: {}
COMMAND: POST /session/cbab2cbbd32afdf19af3e6ba8111c1c3/element - {"using":"xpath","value":"//div[contains(@id ,\"ProductsTable-sa-CbBg\")]"}
RESULT: {"using":"xpath","value":"//div[contains(@id ,\"ProductsTable-sa-CbBg\")]"}
COMMAND: POST /session/cbab2cbbd32afdf19af3e6ba8111c1c3/element/f.4865000251A30E3BD1E5EDC5108DADF6.d.D7FF39425ECE33C01101C364FCC9FDCF.e.6428/click - {}
RESULT: {}
COMMAND: GET /session/cbab2cbbd32afdf19af3e6ba8111c1c3/screenshot - {}
RESULT: {}
COMMAND: POST /session/cbab2cbbd32afdf19af3e6ba8111c1c3/execute/async - {"script":"<script> [1562 bytes]","args":[{"selector":{"id":"executeRevertPlanningBtn","viewName":"etm.portal.ui.managecontracts.view.Detail","interaction":{"idSuffix":"BDI-content"}},"wdio_ui5_key":"executeRevertPlanningBtnetmportal.ui.managecontracts.view.Detail"}]}
RESULT: {"script":"<script> [1562 bytes]","args":[{"selector":{"id":"executeRevertPlanningBtn","viewName":"etm.portal.ui.managecontracts.view.Detail","interaction":{"idSuffix":"BDI-content"}},"wdio_ui5_key":"executeRevertPlanningBtnetmportal.ui.managecontracts.view.Detail"}]}
RESULT: undefined
COMMAND: POST /session/cbab2cbbd32afdf19af3e6ba8111c1c3/element - {"using":"xpath","value":"//*[@id=\"__xmlview1--executeRevertPlanningBtn\"]"}
RESULT: {"using":"xpath","value":"//*[@id=\"__xmlview1--executeRevertPlanningBtn\"]"}
COMMAND: POST /session/cbab2cbbd32afdf19af3e6ba8111c1c3/element/f.4865000251A30E3BD1E5EDC5108DADF6.d.D7FF39425ECE33C01101C364FCC9FDCF.e.6419/click - {}
RESULT: {}
COMMAND: GET /session/cbab2cbbd32afdf19af3e6ba8111c1c3/screenshot - {}
RESULT: {}
COMMAND: POST /session/cbab2cbbd32afdf19af3e6ba8111c1c3/actions - {"actions":[{"id":"action46","type":"key","parameters":{},"actions":[{"type":"keyDown","value":"î€‡"},{"type":"pause","duration":10},{"type":"keyUp","value":"î€‡"}]}]}
RESULT: {"actions":[{"id":"action46","type":"key","parameters":{},"actions":[{"type":"keyDown","value":"î€‡"},{"type":"pause","duration":10},{"type":"keyUp","value":"î€‡"}]}]}
COMMAND: POST /session/cbab2cbbd32afdf19af3e6ba8111c1c3/execute/async - {"script":"<script> [1562 bytes]","args":[{"selector":{"id":"backBtn"},"wdio_ui5_key":"backBtn"}]}
COMMAND: GET /session/cbab2cbbd32afdf19af3e6ba8111c1c3/screenshot - {}
RESULT: {"script":"<script> [1562 bytes]","args":[{"selector":{"id":"backBtn"},"wdio_ui5_key":"backBtn"}]}
RESULT: undefined
COMMAND: POST /session/cbab2cbbd32afdf19af3e6ba8111c1c3/element - {"using":"xpath","value":"//*[@id=\"backBtn\"]"}
RESULT: {}
RESULT: {"using":"xpath","value":"//*[@id=\"backBtn\"]"}
COMMAND: POST /session/cbab2cbbd32afdf19af3e6ba8111c1c3/element/f.4865000251A30E3BD1E5EDC5108DADF6.d.D7FF39425ECE33C01101C364FCC9FDCF.e.6448/click - {}
RESULT: {}
COMMAND: GET /session/cbab2cbbd32afdf19af3e6ba8111c1c3/screenshot - {}
RESULT: {}
COMMAND: POST /session/cbab2cbbd32afdf19af3e6ba8111c1c3/refresh - {}
RESULT: {}
COMMAND: GET /session/cbab2cbbd32afdf19af3e6ba8111c1c3/screenshot - {}
RESULT: {}
COMMAND: POST /session/cbab2cbbd32afdf19af3e6ba8111c1c3/execute/async - {"script":"<script> [189 bytes]","args":[]}
RESULT: {"script":"<script> [189 bytes]","args":[]}
COMMAND: POST /session/cbab2cbbd32afdf19af3e6ba8111c1c3/execute/async - {"script":"<script> [123 bytes]","args":[]}
RESULT: {"script":"<script> [123 bytes]","args":[]}
COMMAND: POST /session/cbab2cbbd32afdf19af3e6ba8111c1c3/timeouts - {"script":"<number>"}
RESULT: {"script":"<number>"}
COMMAND: GET /session/cbab2cbbd32afdf19af3e6ba8111c1c3/timeouts - {}
RESULT: {}
RESULT: undefined
COMMAND: POST /session/cbab2cbbd32afdf19af3e6ba8111c1c3/execute/async - {"script":"<script> [2676 bytes]","args":[]}
RESULT: {"script":"<script> [2676 bytes]","args":[]}
COMMAND: POST /session/cbab2cbbd32afdf19af3e6ba8111c1c3/execute/async - {"script":"<script> [2342 bytes]","args":[{"protocol":"http","hostname":"0.0.0.0","path":"/","capabilities":{"browserName":"chrome","goog:chromeOptions":{"binary":"C:\\Program Files\\Google\\Chrome\\Application\\chrome.exe","args":["--start-maximized"]}},"logLevel":"warn","connectionRetryTimeout":120000,"connectionRetryCount":3,"logLevels":{},"enableDirectConnect":true,"strictSSL":true,"_":"65 more keys: [\"cacheDir\",\"port\",\"requestedCapabilities\",\"automationProtocol\",\"baseUrl\",\"waitforInterval\",\"waitforTimeout\",\"onReload\",\"beforeCommand\",\"afterCommand\",\"rootDir\",\"specs\",\"suites\",\"exclude\",\"groupLogsByTestSpec\",\"excludeDriverLogs\",\"bail\",\"framework\",\"reporters\",\"services\",\"maxInstances\",\"maxInstancesPerCapability\",\"injectGlobals\",\"filesToWatch\",\"execArgv\",\"runnerEnv\",\"runner\",\"shard\",\"specFileRetries\",\"specFileRetriesDelay\",\"specFileRetriesDeferred\",\"reporterSyncInterval\",\"reporterSyncTimeout\",\"cucumberFeaturesWithLineNumbers\",\"autoCompileOpts\",\"mochaOpts\",\"jasmineOpts\",\"cucumberOpts\",\"onPrepare\",\"onWorkerStart\",\"onWorkerEnd\",\"before\",\"beforeSession\",\"beforeSuite\",\"beforeHook\",\"beforeTest\",\"afterTest\",\"afterHook\",\"afterSuite\",\"afterSession\",\"after\",\"onComplete\",\"beforeAssertion\",\"afterAssertion\",\"beforeFeature\",\"beforeScenario\",\"beforeStep\",\"afterStep\",\"afterScenario\",\"afterFeature\",\"_\",\"suite\",\"$0\",\"ignoredWorkerServices\",\"wdi5\"]"}]}
RESULT: {"script":"<script> [2342 bytes]","args":[{"protocol":"http","hostname":"0.0.0.0","path":"/","capabilities":{"browserName":"chrome","goog:chromeOptions":{"binary":"C:\\Program Files\\Google\\Chrome\\Application\\chrome.exe","args":["--start-maximized"]}},"logLevel":"warn","connectionRetryTimeout":120000,"connectionRetryCount":3,"logLevels":{},"enableDirectConnect":true,"strictSSL":true,"_":"65 more keys: [\"cacheDir\",\"port\",\"requestedCapabilities\",\"automationProtocol\",\"baseUrl\",\"waitforInterval\",\"waitforTimeout\",\"onReload\",\"beforeCommand\",\"afterCommand\",\"rootDir\",\"specs\",\"suites\",\"exclude\",\"groupLogsByTestSpec\",\"excludeDriverLogs\",\"bail\",\"framework\",\"reporters\",\"services\",\"maxInstances\",\"maxInstancesPerCapability\",\"injectGlobals\",\"filesToWatch\",\"execArgv\",\"runnerEnv\",\"runner\",\"shard\",\"specFileRetries\",\"specFileRetriesDelay\",\"specFileRetriesDeferred\",\"reporterSyncInterval\",\"reporterSyncTimeout\",\"cucumberFeaturesWithLineNumbers\",\"autoCompileOpts\",\"mochaOpts\",\"jasmineOpts\",\"cucumberOpts\",\"onPrepare\",\"onWorkerStart\",\"onWorkerEnd\",\"before\",\"beforeSession\",\"beforeSuite\",\"beforeHook\",\"beforeTest\",\"afterTest\",\"afterHook\",\"afterSuite\",\"afterSession\",\"after\",\"onComplete\",\"beforeAssertion\",\"afterAssertion\",\"beforeFeature\",\"beforeScenario\",\"beforeStep\",\"afterStep\",\"afterScenario\",\"afterFeature\",\"_\",\"suite\",\"$0\",\"ignoredWorkerServices\",\"wdi5\"]"}]}
COMMAND: POST /session/cbab2cbbd32afdf19af3e6ba8111c1c3/execute/async - {"script":"<script> [21126 bytes]","args":[35000]}
RESULT: {"script":"<script> [21126 bytes]","args":[35000]}
COMMAND: POST /session/cbab2cbbd32afdf19af3e6ba8111c1c3/execute/async - {"script":"<script> [1562 bytes]","args":[{"selector":{"controlType":"sap.m.ObjectStatus","viewName":"etm.portal.ui.managerequests.view.Detail","bindingPath":{"path":"/RequestHeaders('20346')","propertyPath":"LINK_TO_STATUS/DESCRIPTION","modelName":"catalogModel"}},"wdio_ui5_key":"etmportal.ui.managerequests.view.Detailsap.m.ObjectStatus{\"path\":\"/RequestHeaders('20346')\",\"propertyPath\":\"LINK_TO_STATUS/DESCRIPTION\",\"modelName\":\"catalogModel\"}"}]}
RESULT: {"script":"<script> [1562 bytes]","args":[{"selector":{"controlType":"sap.m.ObjectStatus","viewName":"etm.portal.ui.managerequests.view.Detail","bindingPath":{"path":"/RequestHeaders('20346')","propertyPath":"LINK_TO_STATUS/DESCRIPTION","modelName":"catalogModel"}},"wdio_ui5_key":"etmportal.ui.managerequests.view.Detailsap.m.ObjectStatus{\"path\":\"/RequestHeaders('20346')\",\"propertyPath\":\"LINK_TO_STATUS/DESCRIPTION\",\"modelName\":\"catalogModel\"}"}]}
RESULT: undefined
COMMAND: POST /session/cbab2cbbd32afdf19af3e6ba8111c1c3/execute/async - {"script":"<script> [6424 bytes]","args":[{"element-6066-11e4-a52e-4f735466cecf":"f.4865000251A30E3BD1E5EDC5108DADF6.d.64AED5DA9A5DE1959A342007480A4DDE.e.6829"},"getText",[]]}
RESULT: {"script":"<script> [6424 bytes]","args":[{"element-6066-11e4-a52e-4f735466cecf":"f.4865000251A30E3BD1E5EDC5108DADF6.d.64AED5DA9A5DE1959A342007480A4DDE.e.6829"},"getText",[]]}
COMMAND: POST /session/cbab2cbbd32afdf19af3e6ba8111c1c3/execute/async - {"script":"<script> [1562 bytes]","args":[{"selector":{"controlType":"sap.m.Button","viewName":"etm.portal.ui.managerequests.view.Detail","bindingPath":{"path":"/SmartRequestItemsPlanningBoard(ITEM=10m,REQUEST='20346')","propertyPath":"PICK_UP"}},"wdio_ui5_key":"etmportal.ui.managerequests.view.Detailsap.m.Button{\"path\":\"/SmartRequestItemsPlanningBoard(ITEM=10m,REQUEST='20346')\",\"propertyPath\":\"PICK_UP\"}"}]}
RESULT: {"script":"<script> [1562 bytes]","args":[{"selector":{"controlType":"sap.m.Button","viewName":"etm.portal.ui.managerequests.view.Detail","bindingPath":{"path":"/SmartRequestItemsPlanningBoard(ITEM=10m,REQUEST='20346')","propertyPath":"PICK_UP"}},"wdio_ui5_key":"etmportal.ui.managerequests.view.Detailsap.m.Button{\"path\":\"/SmartRequestItemsPlanningBoard(ITEM=10m,REQUEST='20346')\",\"propertyPath\":\"PICK_UP\"}"}]}
RESULT: undefined
COMMAND: POST /session/cbab2cbbd32afdf19af3e6ba8111c1c3/execute/async - {"script":"<script> [6424 bytes]","args":[{"element-6066-11e4-a52e-4f735466cecf":"f.4865000251A30E3BD1E5EDC5108DADF6.d.64AED5DA9A5DE1959A342007480A4DDE.e.6811"},"getType",[]]}
RESULT: {"script":"<script> [6424 bytes]","args":[{"element-6066-11e4-a52e-4f735466cecf":"f.4865000251A30E3BD1E5EDC5108DADF6.d.64AED5DA9A5DE1959A342007480A4DDE.e.6811"},"getType",[]]}
COMMAND: POST /session/cbab2cbbd32afdf19af3e6ba8111c1c3/execute/async - {"script":"<script> [1562 bytes]","args":[{"selector":{"controlType":"sap.m.Button","viewName":"etm.portal.ui.managerequests.view.Detail","bindingPath":{"path":"/SmartRequestItemsPlanningBoard(ITEM=20m,REQUEST='20346')","propertyPath":"PICK_UP"}},"wdio_ui5_key":"etmportal.ui.managerequests.view.Detailsap.m.Button{\"path\":\"/SmartRequestItemsPlanningBoard(ITEM=20m,REQUEST='20346')\",\"propertyPath\":\"PICK_UP\"}"}]}
RESULT: {"script":"<script> [1562 bytes]","args":[{"selector":{"controlType":"sap.m.Button","viewName":"etm.portal.ui.managerequests.view.Detail","bindingPath":{"path":"/SmartRequestItemsPlanningBoard(ITEM=20m,REQUEST='20346')","propertyPath":"PICK_UP"}},"wdio_ui5_key":"etmportal.ui.managerequests.view.Detailsap.m.Button{\"path\":\"/SmartRequestItemsPlanningBoard(ITEM=20m,REQUEST='20346')\",\"propertyPath\":\"PICK_UP\"}"}]}
RESULT: undefined
COMMAND: POST /session/cbab2cbbd32afdf19af3e6ba8111c1c3/execute/async - {"script":"<script> [6424 bytes]","args":[{"element-6066-11e4-a52e-4f735466cecf":"f.4865000251A30E3BD1E5EDC5108DADF6.d.64AED5DA9A5DE1959A342007480A4DDE.e.6830"},"getType",[]]}
RESULT: {"script":"<script> [6424 bytes]","args":[{"element-6066-11e4-a52e-4f735466cecf":"f.4865000251A30E3BD1E5EDC5108DADF6.d.64AED5DA9A5DE1959A342007480A4DDE.e.6830"},"getType",[]]}
COMMAND: POST /session/cbab2cbbd32afdf19af3e6ba8111c1c3/element - {"using":"css selector","value":"#shell-header-logo"}
RESULT: {"using":"css selector","value":"#shell-header-logo"}
COMMAND: POST /session/cbab2cbbd32afdf19af3e6ba8111c1c3/element/f.4865000251A30E3BD1E5EDC5108DADF6.d.64AED5DA9A5DE1959A342007480A4DDE.e.6619/click - {}
RESULT: {}
COMMAND: GET /session/cbab2cbbd32afdf19af3e6ba8111c1c3/screenshot - {}
RESULT: {}
COMMAND: POST /session/cbab2cbbd32afdf19af3e6ba8111c1c3/execute/async - {"script":"<script> [1562 bytes]","args":[{"selector":{"controlType":"sap.m.GenericTile","properties":{"header":"Manage Classifications"}},"wdio_ui5_key":"sapm.GenericTile{\"header\":\"Manage Classifications\"}"}]}
RESULT: {"script":"<script> [1562 bytes]","args":[{"selector":{"controlType":"sap.m.GenericTile","properties":{"header":"Manage Classifications"}},"wdio_ui5_key":"sapm.GenericTile{\"header\":\"Manage Classifications\"}"}]}
RESULT: undefined
COMMAND: POST /session/cbab2cbbd32afdf19af3e6ba8111c1c3/element - {"using":"xpath","value":"//*[@id=\"__tile115\"]"}
RESULT: {"using":"xpath","value":"//*[@id=\"__tile115\"]"}
COMMAND: POST /session/cbab2cbbd32afdf19af3e6ba8111c1c3/element/f.4865000251A30E3BD1E5EDC5108DADF6.d.64AED5DA9A5DE1959A342007480A4DDE.e.6849/click - {}
RESULT: {}
COMMAND: GET /session/cbab2cbbd32afdf19af3e6ba8111c1c3/screenshot - {}
RESULT: {}
]]></system-out>
    </testcase>
  </testsuite>
  <testsuite timestamp="2025-05-05T05:55:37" time="345.085" tests="4" failures="0" errors="0" skipped="0">
    <properties>
      <property name="specId" value="0" />
      <property name="suiteName" value="Manage requests - requests specifications US141095" />
      <property name="capabilities" value="chrome.135_0_7049_96.windows" />
      <property name="file" value="file:///D:/a/1/s/test/specs/R2C/manage-requests-request-specifications.spec.js" />
    </properties>
    <testcase classname="chrome.135_0_7049_96.windows.Manage_requests_-_requests_specifications_US141095" name="Should create a new classification of type request item" time="39.624">
      <system-out><![CDATA[
COMMAND: POST /session/cbab2cbbd32afdf19af3e6ba8111c1c3/execute/async - {"script":"<script> [1562 bytes]","args":[{"selector":{"controlType":"sap.ui.core.Icon","viewName":"etm.portal.ui.manageclassifications.view.Master","viewId":"application-manageclassifications-display-component---classificationMaster","properties":{"src":{"regex":{"source":"add"}}}},"wdio_ui5_key":"etmportal.ui.manageclassifications.view.Mastersap.ui.core.Icon{\"src\":{\"regex\":{\"source\":\"add\"}}}"}]}
RESULT: {"script":"<script> [1562 bytes]","args":[{"selector":{"controlType":"sap.ui.core.Icon","viewName":"etm.portal.ui.manageclassifications.view.Master","viewId":"application-manageclassifications-display-component---classificationMaster","properties":{"src":{"regex":{"source":"add"}}}},"wdio_ui5_key":"etmportal.ui.manageclassifications.view.Mastersap.ui.core.Icon{\"src\":{\"regex\":{\"source\":\"add\"}}}"}]}
RESULT: undefined
COMMAND: POST /session/cbab2cbbd32afdf19af3e6ba8111c1c3/element - {"using":"xpath","value":"//*[@id=\"__button27-img\"]"}
RESULT: {"using":"xpath","value":"//*[@id=\"__button27-img\"]"}
COMMAND: POST /session/cbab2cbbd32afdf19af3e6ba8111c1c3/element/f.4865000251A30E3BD1E5EDC5108DADF6.d.64AED5DA9A5DE1959A342007480A4DDE.e.6890/click - {}
RESULT: {}
COMMAND: POST /session/cbab2cbbd32afdf19af3e6ba8111c1c3/execute/async - {"script":"<script> [1562 bytes]","args":[{"selector":{"id":"application-manageclassifications-display-component---classificationCreate--classHeaderName","interaction":{"idSuffix":"inner"}},"wdio_ui5_key":"applicationmanageclassifications-display-component---classificationCreate--classHeaderName"}]}
COMMAND: GET /session/cbab2cbbd32afdf19af3e6ba8111c1c3/screenshot - {}
RESULT: {"script":"<script> [1562 bytes]","args":[{"selector":{"id":"application-manageclassifications-display-component---classificationCreate--classHeaderName","interaction":{"idSuffix":"inner"}},"wdio_ui5_key":"applicationmanageclassifications-display-component---classificationCreate--classHeaderName"}]}
RESULT: undefined
COMMAND: POST /session/cbab2cbbd32afdf19af3e6ba8111c1c3/execute/async - {"script":"<script> [776 bytes]","args":[{"enterText":"WebdriverItemClassokcg6","selector":{"id":"application-manageclassifications-display-component---classificationCreate--classHeaderName","interaction":{"idSuffix":"inner"}},"clearTextFirst":true,"interactionType":"ENTER_TEXT"}]}
RESULT: {}
RESULT: {"script":"<script> [776 bytes]","args":[{"enterText":"WebdriverItemClassokcg6","selector":{"id":"application-manageclassifications-display-component---classificationCreate--classHeaderName","interaction":{"idSuffix":"inner"}},"clearTextFirst":true,"interactionType":"ENTER_TEXT"}]}
COMMAND: POST /session/cbab2cbbd32afdf19af3e6ba8111c1c3/execute/async - {"script":"<script> [1562 bytes]","args":[{"selector":{"controlType":"sap.ui.core.Icon","viewName":"etm.portal.ui.manageclassifications.view.Create","viewId":"application-manageclassifications-display-component---classificationCreate","properties":{"src":{"regex":{"source":"slim\\-arrow\\-down"}}}},"wdio_ui5_key":"etmportal.ui.manageclassifications.view.Createsap.ui.core.Icon{\"src\":{\"regex\":{\"source\":\"slim\\\\-arrow\\\\-down\"}}}"}]}
RESULT: {"script":"<script> [1562 bytes]","args":[{"selector":{"controlType":"sap.ui.core.Icon","viewName":"etm.portal.ui.manageclassifications.view.Create","viewId":"application-manageclassifications-display-component---classificationCreate","properties":{"src":{"regex":{"source":"slim\\-arrow\\-down"}}}},"wdio_ui5_key":"etmportal.ui.manageclassifications.view.Createsap.ui.core.Icon{\"src\":{\"regex\":{\"source\":\"slim\\\\-arrow\\\\-down\"}}}"}]}
RESULT: undefined
COMMAND: POST /session/cbab2cbbd32afdf19af3e6ba8111c1c3/element - {"using":"xpath","value":"//*[@id=\"__box12-arrow\"]"}
RESULT: {"using":"xpath","value":"//*[@id=\"__box12-arrow\"]"}
COMMAND: POST /session/cbab2cbbd32afdf19af3e6ba8111c1c3/element/f.4865000251A30E3BD1E5EDC5108DADF6.d.64AED5DA9A5DE1959A342007480A4DDE.e.7359/click - {}
RESULT: {}
COMMAND: POST /session/cbab2cbbd32afdf19af3e6ba8111c1c3/execute/async - {"script":"<script> [1562 bytes]","args":[{"selector":{"controlType":"sap.m.StandardListItem","viewName":"etm.portal.ui.manageclassifications.view.Create","viewId":"application-manageclassifications-display-component---classificationCreate","properties":{"title":"Request Item Specifications"},"searchOpenDialogs":true,"interaction":{"idSuffix":"titleText"}},"wdio_ui5_key":"etmportal.ui.manageclassifications.view.Createsap.m.StandardListItem{\"title\":\"Request Item Specifications\"}"}]}
COMMAND: GET /session/cbab2cbbd32afdf19af3e6ba8111c1c3/screenshot - {}
RESULT: {"script":"<script> [1562 bytes]","args":[{"selector":{"controlType":"sap.m.StandardListItem","viewName":"etm.portal.ui.manageclassifications.view.Create","viewId":"application-manageclassifications-display-component---classificationCreate","properties":{"title":"Request Item Specifications"},"searchOpenDialogs":true,"interaction":{"idSuffix":"titleText"}},"wdio_ui5_key":"etmportal.ui.manageclassifications.view.Createsap.m.StandardListItem{\"title\":\"Request Item Specifications\"}"}]}
RESULT: undefined
COMMAND: POST /session/cbab2cbbd32afdf19af3e6ba8111c1c3/element - {"using":"xpath","value":"//*[@id=\"__item85\"]"}
RESULT: {}
RESULT: {"using":"xpath","value":"//*[@id=\"__item85\"]"}
COMMAND: POST /session/cbab2cbbd32afdf19af3e6ba8111c1c3/element/f.4865000251A30E3BD1E5EDC5108DADF6.d.64AED5DA9A5DE1959A342007480A4DDE.e.7401/click - {}
RESULT: {}
COMMAND: POST /session/cbab2cbbd32afdf19af3e6ba8111c1c3/execute/async - {"script":"<script> [1562 bytes]","args":[{"selector":{"controlType":"sap.ui.core.Icon","viewName":"etm.portal.ui.manageclassifications.view.Create","viewId":"application-manageclassifications-display-component---classificationCreate","properties":{"src":{"regex":{"source":"add"}}}},"wdio_ui5_key":"etmportal.ui.manageclassifications.view.Createsap.ui.core.Icon{\"src\":{\"regex\":{\"source\":\"add\"}}}"}]}
COMMAND: GET /session/cbab2cbbd32afdf19af3e6ba8111c1c3/screenshot - {}
RESULT: {"script":"<script> [1562 bytes]","args":[{"selector":{"controlType":"sap.ui.core.Icon","viewName":"etm.portal.ui.manageclassifications.view.Create","viewId":"application-manageclassifications-display-component---classificationCreate","properties":{"src":{"regex":{"source":"add"}}}},"wdio_ui5_key":"etmportal.ui.manageclassifications.view.Createsap.ui.core.Icon{\"src\":{\"regex\":{\"source\":\"add\"}}}"}]}
RESULT: undefined
COMMAND: POST /session/cbab2cbbd32afdf19af3e6ba8111c1c3/element - {"using":"xpath","value":"//*[@id=\"__button32-img\"]"}
RESULT: {}
RESULT: {"using":"xpath","value":"//*[@id=\"__button32-img\"]"}
COMMAND: POST /session/cbab2cbbd32afdf19af3e6ba8111c1c3/element/f.4865000251A30E3BD1E5EDC5108DADF6.d.64AED5DA9A5DE1959A342007480A4DDE.e.7362/click - {}
RESULT: {}
COMMAND: POST /session/cbab2cbbd32afdf19af3e6ba8111c1c3/execute/async - {"script":"<script> [1562 bytes]","args":[{"selector":{"controlType":"sap.m.Input","viewName":"etm.portal.ui.manageclassifications.view.Create","viewId":"application-manageclassifications-display-component---classificationCreate","bindingPath":{"path":"/0","propertyPath":"PROPERTY","modelName":"newConfigModel"},"interaction":{"idSuffix":"inner"}},"wdio_ui5_key":"etmportal.ui.manageclassifications.view.Createsap.m.Input{\"path\":\"/0\",\"propertyPath\":\"PROPERTY\",\"modelName\":\"newConfigModel\"}"}]}
COMMAND: GET /session/cbab2cbbd32afdf19af3e6ba8111c1c3/screenshot - {}
RESULT: {"script":"<script> [1562 bytes]","args":[{"selector":{"controlType":"sap.m.Input","viewName":"etm.portal.ui.manageclassifications.view.Create","viewId":"application-manageclassifications-display-component---classificationCreate","bindingPath":{"path":"/0","propertyPath":"PROPERTY","modelName":"newConfigModel"},"interaction":{"idSuffix":"inner"}},"wdio_ui5_key":"etmportal.ui.manageclassifications.view.Createsap.m.Input{\"path\":\"/0\",\"propertyPath\":\"PROPERTY\",\"modelName\":\"newConfigModel\"}"}]}
RESULT: undefined
COMMAND: POST /session/cbab2cbbd32afdf19af3e6ba8111c1c3/execute/async - {"script":"<script> [776 bytes]","args":[{"enterText":"Color","selector":{"controlType":"sap.m.Input","viewName":"etm.portal.ui.manageclassifications.view.Create","viewId":"application-manageclassifications-display-component---classificationCreate","bindingPath":{"path":"/0","propertyPath":"PROPERTY","modelName":"newConfigModel"},"interaction":{"idSuffix":"inner"}},"clearTextFirst":true,"interactionType":"ENTER_TEXT"}]}
RESULT: {}
RESULT: {"script":"<script> [776 bytes]","args":[{"enterText":"Color","selector":{"controlType":"sap.m.Input","viewName":"etm.portal.ui.manageclassifications.view.Create","viewId":"application-manageclassifications-display-component---classificationCreate","bindingPath":{"path":"/0","propertyPath":"PROPERTY","modelName":"newConfigModel"},"interaction":{"idSuffix":"inner"}},"clearTextFirst":true,"interactionType":"ENTER_TEXT"}]}
COMMAND: POST /session/cbab2cbbd32afdf19af3e6ba8111c1c3/execute/async - {"script":"<script> [1562 bytes]","args":[{"selector":{"controlType":"sap.m.Input","viewName":"etm.portal.ui.manageclassifications.view.Create","viewId":"application-manageclassifications-display-component---classificationCreate","bindingPath":{"path":"/0","propertyPath":"DESCRIPTION","modelName":"newConfigModel"},"interaction":{"idSuffix":"inner"}},"wdio_ui5_key":"etmportal.ui.manageclassifications.view.Createsap.m.Input{\"path\":\"/0\",\"propertyPath\":\"DESCRIPTION\",\"modelName\":\"newConfigModel\"}"}]}
RESULT: {"script":"<script> [1562 bytes]","args":[{"selector":{"controlType":"sap.m.Input","viewName":"etm.portal.ui.manageclassifications.view.Create","viewId":"application-manageclassifications-display-component---classificationCreate","bindingPath":{"path":"/0","propertyPath":"DESCRIPTION","modelName":"newConfigModel"},"interaction":{"idSuffix":"inner"}},"wdio_ui5_key":"etmportal.ui.manageclassifications.view.Createsap.m.Input{\"path\":\"/0\",\"propertyPath\":\"DESCRIPTION\",\"modelName\":\"newConfigModel\"}"}]}
RESULT: undefined
COMMAND: POST /session/cbab2cbbd32afdf19af3e6ba8111c1c3/execute/async - {"script":"<script> [776 bytes]","args":[{"enterText":"Color","selector":{"controlType":"sap.m.Input","viewName":"etm.portal.ui.manageclassifications.view.Create","viewId":"application-manageclassifications-display-component---classificationCreate","bindingPath":{"path":"/0","propertyPath":"DESCRIPTION","modelName":"newConfigModel"},"interaction":{"idSuffix":"inner"}},"clearTextFirst":true,"interactionType":"ENTER_TEXT"}]}
RESULT: {"script":"<script> [776 bytes]","args":[{"enterText":"Color","selector":{"controlType":"sap.m.Input","viewName":"etm.portal.ui.manageclassifications.view.Create","viewId":"application-manageclassifications-display-component---classificationCreate","bindingPath":{"path":"/0","propertyPath":"DESCRIPTION","modelName":"newConfigModel"},"interaction":{"idSuffix":"inner"}},"clearTextFirst":true,"interactionType":"ENTER_TEXT"}]}
COMMAND: POST /session/cbab2cbbd32afdf19af3e6ba8111c1c3/execute/async - {"script":"<script> [1562 bytes]","args":[{"selector":{"controlType":"sap.ui.core.Icon","viewName":"etm.portal.ui.manageclassifications.view.Create","viewId":"application-manageclassifications-display-component---classificationCreate","properties":{"src":{"regex":{"source":"slim\\-arrow\\-down"}}},"ancestor":{"controlType":"sap.m.ComboBox","viewName":"etm.portal.ui.manageclassifications.view.Create","viewId":"application-manageclassifications-display-component---classificationCreate","bindingPath":{"path":"/0","propertyPath":"VALUE_TYPE","modelName":"newConfigModel"}}},"wdio_ui5_key":"etmportal.ui.manageclassifications.view.Createsap.ui.core.Icon{\"src\":{\"regex\":{\"source\":\"slim\\\\-arrow\\\\-down\"}}}{\"controlType\":\"sap.m.ComboBox\",\"viewName\":\"etm.portal.ui.manageclassifications.view.Create\",\"viewId\":\"application-manageclassifications-display-component---classificationCreate\",\"bindingPath\":{\"path\":\"/0\",\"propertyPath\":\"VALUE_TYPE\",\"modelName\":\"newConfigModel\"}}"}]}
RESULT: {"script":"<script> [1562 bytes]","args":[{"selector":{"controlType":"sap.ui.core.Icon","viewName":"etm.portal.ui.manageclassifications.view.Create","viewId":"application-manageclassifications-display-component---classificationCreate","properties":{"src":{"regex":{"source":"slim\\-arrow\\-down"}}},"ancestor":{"controlType":"sap.m.ComboBox","viewName":"etm.portal.ui.manageclassifications.view.Create","viewId":"application-manageclassifications-display-component---classificationCreate","bindingPath":{"path":"/0","propertyPath":"VALUE_TYPE","modelName":"newConfigModel"}}},"wdio_ui5_key":"etmportal.ui.manageclassifications.view.Createsap.ui.core.Icon{\"src\":{\"regex\":{\"source\":\"slim\\\\-arrow\\\\-down\"}}}{\"controlType\":\"sap.m.ComboBox\",\"viewName\":\"etm.portal.ui.manageclassifications.view.Create\",\"viewId\":\"application-manageclassifications-display-component---classificationCreate\",\"bindingPath\":{\"path\":\"/0\",\"propertyPath\":\"VALUE_TYPE\",\"modelName\":\"newConfigModel\"}}"}]}
RESULT: undefined
COMMAND: POST /session/cbab2cbbd32afdf19af3e6ba8111c1c3/element - {"using":"xpath","value":"//*[@id=\"__box13-application-manageclassifications-display-component---classificationCreate--configurationList-0-arrow\"]"}
RESULT: {"using":"xpath","value":"//*[@id=\"__box13-application-manageclassifications-display-component---classificationCreate--configurationList-0-arrow\"]"}
COMMAND: POST /session/cbab2cbbd32afdf19af3e6ba8111c1c3/element/f.4865000251A30E3BD1E5EDC5108DADF6.d.64AED5DA9A5DE1959A342007480A4DDE.e.7410/click - {}
RESULT: {}
COMMAND: POST /session/cbab2cbbd32afdf19af3e6ba8111c1c3/execute/async - {"script":"<script> [1562 bytes]","args":[{"selector":{"controlType":"sap.m.StandardListItem","viewName":"etm.portal.ui.manageclassifications.view.Create","viewId":"application-manageclassifications-display-component---classificationCreate","properties":{"title":"Dropdown"},"searchOpenDialogs":true,"interaction":{"idSuffix":"titleText"}},"wdio_ui5_key":"etmportal.ui.manageclassifications.view.Createsap.m.StandardListItem{\"title\":\"Dropdown\"}"}]}
COMMAND: GET /session/cbab2cbbd32afdf19af3e6ba8111c1c3/screenshot - {}
RESULT: {"script":"<script> [1562 bytes]","args":[{"selector":{"controlType":"sap.m.StandardListItem","viewName":"etm.portal.ui.manageclassifications.view.Create","viewId":"application-manageclassifications-display-component---classificationCreate","properties":{"title":"Dropdown"},"searchOpenDialogs":true,"interaction":{"idSuffix":"titleText"}},"wdio_ui5_key":"etmportal.ui.manageclassifications.view.Createsap.m.StandardListItem{\"title\":\"Dropdown\"}"}]}
RESULT: undefined
COMMAND: POST /session/cbab2cbbd32afdf19af3e6ba8111c1c3/element - {"using":"xpath","value":"//*[@id=\"__item93\"]"}
RESULT: {}
RESULT: {"using":"xpath","value":"//*[@id=\"__item93\"]"}
COMMAND: POST /session/cbab2cbbd32afdf19af3e6ba8111c1c3/element/f.4865000251A30E3BD1E5EDC5108DADF6.d.64AED5DA9A5DE1959A342007480A4DDE.e.7412/click - {}
RESULT: {}
COMMAND: POST /session/cbab2cbbd32afdf19af3e6ba8111c1c3/execute/async - {"script":"<script> [1562 bytes]","args":[{"selector":{"controlType":"sap.ui.core.Icon","viewName":"etm.portal.ui.manageclassifications.view.Create","viewId":"application-manageclassifications-display-component---classificationCreate","properties":{"src":{"regex":{"source":"crm\\-service\\-manager"}}}},"wdio_ui5_key":"etmportal.ui.manageclassifications.view.Createsap.ui.core.Icon{\"src\":{\"regex\":{\"source\":\"crm\\\\-service\\\\-manager\"}}}"}]}
COMMAND: GET /session/cbab2cbbd32afdf19af3e6ba8111c1c3/screenshot - {}
RESULT: {"script":"<script> [1562 bytes]","args":[{"selector":{"controlType":"sap.ui.core.Icon","viewName":"etm.portal.ui.manageclassifications.view.Create","viewId":"application-manageclassifications-display-component---classificationCreate","properties":{"src":{"regex":{"source":"crm\\-service\\-manager"}}}},"wdio_ui5_key":"etmportal.ui.manageclassifications.view.Createsap.ui.core.Icon{\"src\":{\"regex\":{\"source\":\"crm\\\\-service\\\\-manager\"}}}"}]}
RESULT: undefined
COMMAND: POST /session/cbab2cbbd32afdf19af3e6ba8111c1c3/element - {"using":"xpath","value":"//*[@id=\"__button34-application-manageclassifications-display-component---classificationCreate--configurationList-0-img\"]"}
RESULT: {}
RESULT: {"using":"xpath","value":"//*[@id=\"__button34-application-manageclassifications-display-component---classificationCreate--configurationList-0-img\"]"}
COMMAND: POST /session/cbab2cbbd32afdf19af3e6ba8111c1c3/element/f.4865000251A30E3BD1E5EDC5108DADF6.d.64AED5DA9A5DE1959A342007480A4DDE.e.7414/click - {}
RESULT: {}
COMMAND: POST /session/cbab2cbbd32afdf19af3e6ba8111c1c3/element - {"using":"xpath","value":"//button[@title=\"Add additional value\"]"}
COMMAND: GET /session/cbab2cbbd32afdf19af3e6ba8111c1c3/screenshot - {}
RESULT: {"using":"xpath","value":"//button[@title=\"Add additional value\"]"}
COMMAND: POST /session/cbab2cbbd32afdf19af3e6ba8111c1c3/element/f.4865000251A30E3BD1E5EDC5108DADF6.d.64AED5DA9A5DE1959A342007480A4DDE.e.7415/click - {}
RESULT: {}
RESULT: {}
COMMAND: POST /session/cbab2cbbd32afdf19af3e6ba8111c1c3/execute/async - {"script":"<script> [1562 bytes]","args":[{"selector":{"controlType":"sap.m.Input","viewName":"etm.portal.ui.manageclassifications.view.Create","viewId":"application-manageclassifications-display-component---classificationCreate","bindingPath":{"path":"/VALUES/0","propertyPath":"VALUE","modelName":"dropdownValuesModel"},"searchOpenDialogs":true,"interaction":{"idSuffix":"inner"}},"wdio_ui5_key":"etmportal.ui.manageclassifications.view.Createsap.m.Input{\"path\":\"/VALUES/0\",\"propertyPath\":\"VALUE\",\"modelName\":\"dropdownValuesModel\"}"}]}
COMMAND: GET /session/cbab2cbbd32afdf19af3e6ba8111c1c3/screenshot - {}
RESULT: {"script":"<script> [1562 bytes]","args":[{"selector":{"controlType":"sap.m.Input","viewName":"etm.portal.ui.manageclassifications.view.Create","viewId":"application-manageclassifications-display-component---classificationCreate","bindingPath":{"path":"/VALUES/0","propertyPath":"VALUE","modelName":"dropdownValuesModel"},"searchOpenDialogs":true,"interaction":{"idSuffix":"inner"}},"wdio_ui5_key":"etmportal.ui.manageclassifications.view.Createsap.m.Input{\"path\":\"/VALUES/0\",\"propertyPath\":\"VALUE\",\"modelName\":\"dropdownValuesModel\"}"}]}
RESULT: undefined
COMMAND: POST /session/cbab2cbbd32afdf19af3e6ba8111c1c3/execute/async - {"script":"<script> [776 bytes]","args":[{"enterText":"1","selector":{"controlType":"sap.m.Input","viewName":"etm.portal.ui.manageclassifications.view.Create","viewId":"application-manageclassifications-display-component---classificationCreate","bindingPath":{"path":"/VALUES/0","propertyPath":"VALUE","modelName":"dropdownValuesModel"},"searchOpenDialogs":true,"interaction":{"idSuffix":"inner"}},"clearTextFirst":true,"interactionType":"ENTER_TEXT"}]}
RESULT: {}
RESULT: {"script":"<script> [776 bytes]","args":[{"enterText":"1","selector":{"controlType":"sap.m.Input","viewName":"etm.portal.ui.manageclassifications.view.Create","viewId":"application-manageclassifications-display-component---classificationCreate","bindingPath":{"path":"/VALUES/0","propertyPath":"VALUE","modelName":"dropdownValuesModel"},"searchOpenDialogs":true,"interaction":{"idSuffix":"inner"}},"clearTextFirst":true,"interactionType":"ENTER_TEXT"}]}
COMMAND: POST /session/cbab2cbbd32afdf19af3e6ba8111c1c3/execute/async - {"script":"<script> [1562 bytes]","args":[{"selector":{"controlType":"sap.m.Input","viewName":"etm.portal.ui.manageclassifications.view.Create","viewId":"application-manageclassifications-display-component---classificationCreate","bindingPath":{"path":"/VALUES/0","propertyPath":"TEXT","modelName":"dropdownValuesModel"},"searchOpenDialogs":true,"interaction":{"idSuffix":"inner"}},"wdio_ui5_key":"etmportal.ui.manageclassifications.view.Createsap.m.Input{\"path\":\"/VALUES/0\",\"propertyPath\":\"TEXT\",\"modelName\":\"dropdownValuesModel\"}"}]}
RESULT: {"script":"<script> [1562 bytes]","args":[{"selector":{"controlType":"sap.m.Input","viewName":"etm.portal.ui.manageclassifications.view.Create","viewId":"application-manageclassifications-display-component---classificationCreate","bindingPath":{"path":"/VALUES/0","propertyPath":"TEXT","modelName":"dropdownValuesModel"},"searchOpenDialogs":true,"interaction":{"idSuffix":"inner"}},"wdio_ui5_key":"etmportal.ui.manageclassifications.view.Createsap.m.Input{\"path\":\"/VALUES/0\",\"propertyPath\":\"TEXT\",\"modelName\":\"dropdownValuesModel\"}"}]}
RESULT: undefined
COMMAND: POST /session/cbab2cbbd32afdf19af3e6ba8111c1c3/execute/async - {"script":"<script> [776 bytes]","args":[{"enterText":"blue","selector":{"controlType":"sap.m.Input","viewName":"etm.portal.ui.manageclassifications.view.Create","viewId":"application-manageclassifications-display-component---classificationCreate","bindingPath":{"path":"/VALUES/0","propertyPath":"TEXT","modelName":"dropdownValuesModel"},"searchOpenDialogs":true,"interaction":{"idSuffix":"inner"}},"clearTextFirst":true,"interactionType":"ENTER_TEXT"}]}
RESULT: {"script":"<script> [776 bytes]","args":[{"enterText":"blue","selector":{"controlType":"sap.m.Input","viewName":"etm.portal.ui.manageclassifications.view.Create","viewId":"application-manageclassifications-display-component---classificationCreate","bindingPath":{"path":"/VALUES/0","propertyPath":"TEXT","modelName":"dropdownValuesModel"},"searchOpenDialogs":true,"interaction":{"idSuffix":"inner"}},"clearTextFirst":true,"interactionType":"ENTER_TEXT"}]}
COMMAND: POST /session/cbab2cbbd32afdf19af3e6ba8111c1c3/element - {"using":"xpath","value":"//button[@title=\"Add additional value\"]"}
RESULT: {"using":"xpath","value":"//button[@title=\"Add additional value\"]"}
COMMAND: POST /session/cbab2cbbd32afdf19af3e6ba8111c1c3/element/f.4865000251A30E3BD1E5EDC5108DADF6.d.64AED5DA9A5DE1959A342007480A4DDE.e.7415/click - {}
RESULT: {}
COMMAND: POST /session/cbab2cbbd32afdf19af3e6ba8111c1c3/execute/async - {"script":"<script> [1562 bytes]","args":[{"selector":{"controlType":"sap.m.Input","viewName":"etm.portal.ui.manageclassifications.view.Create","viewId":"application-manageclassifications-display-component---classificationCreate","bindingPath":{"path":"/VALUES/1","propertyPath":"VALUE","modelName":"dropdownValuesModel"},"searchOpenDialogs":true,"interaction":{"idSuffix":"inner"}},"wdio_ui5_key":"etmportal.ui.manageclassifications.view.Createsap.m.Input{\"path\":\"/VALUES/1\",\"propertyPath\":\"VALUE\",\"modelName\":\"dropdownValuesModel\"}"}]}
COMMAND: GET /session/cbab2cbbd32afdf19af3e6ba8111c1c3/screenshot - {}
RESULT: {"script":"<script> [1562 bytes]","args":[{"selector":{"controlType":"sap.m.Input","viewName":"etm.portal.ui.manageclassifications.view.Create","viewId":"application-manageclassifications-display-component---classificationCreate","bindingPath":{"path":"/VALUES/1","propertyPath":"VALUE","modelName":"dropdownValuesModel"},"searchOpenDialogs":true,"interaction":{"idSuffix":"inner"}},"wdio_ui5_key":"etmportal.ui.manageclassifications.view.Createsap.m.Input{\"path\":\"/VALUES/1\",\"propertyPath\":\"VALUE\",\"modelName\":\"dropdownValuesModel\"}"}]}
RESULT: undefined
COMMAND: POST /session/cbab2cbbd32afdf19af3e6ba8111c1c3/execute/async - {"script":"<script> [776 bytes]","args":[{"enterText":"2","selector":{"controlType":"sap.m.Input","viewName":"etm.portal.ui.manageclassifications.view.Create","viewId":"application-manageclassifications-display-component---classificationCreate","bindingPath":{"path":"/VALUES/1","propertyPath":"VALUE","modelName":"dropdownValuesModel"},"searchOpenDialogs":true,"interaction":{"idSuffix":"inner"}},"clearTextFirst":true,"interactionType":"ENTER_TEXT"}]}
RESULT: {}
RESULT: {"script":"<script> [776 bytes]","args":[{"enterText":"2","selector":{"controlType":"sap.m.Input","viewName":"etm.portal.ui.manageclassifications.view.Create","viewId":"application-manageclassifications-display-component---classificationCreate","bindingPath":{"path":"/VALUES/1","propertyPath":"VALUE","modelName":"dropdownValuesModel"},"searchOpenDialogs":true,"interaction":{"idSuffix":"inner"}},"clearTextFirst":true,"interactionType":"ENTER_TEXT"}]}
COMMAND: POST /session/cbab2cbbd32afdf19af3e6ba8111c1c3/execute/async - {"script":"<script> [1562 bytes]","args":[{"selector":{"controlType":"sap.m.Input","viewName":"etm.portal.ui.manageclassifications.view.Create","viewId":"application-manageclassifications-display-component---classificationCreate","bindingPath":{"path":"/VALUES/1","propertyPath":"TEXT","modelName":"dropdownValuesModel"},"searchOpenDialogs":true,"interaction":{"idSuffix":"inner"}},"wdio_ui5_key":"etmportal.ui.manageclassifications.view.Createsap.m.Input{\"path\":\"/VALUES/1\",\"propertyPath\":\"TEXT\",\"modelName\":\"dropdownValuesModel\"}"}]}
RESULT: {"script":"<script> [1562 bytes]","args":[{"selector":{"controlType":"sap.m.Input","viewName":"etm.portal.ui.manageclassifications.view.Create","viewId":"application-manageclassifications-display-component---classificationCreate","bindingPath":{"path":"/VALUES/1","propertyPath":"TEXT","modelName":"dropdownValuesModel"},"searchOpenDialogs":true,"interaction":{"idSuffix":"inner"}},"wdio_ui5_key":"etmportal.ui.manageclassifications.view.Createsap.m.Input{\"path\":\"/VALUES/1\",\"propertyPath\":\"TEXT\",\"modelName\":\"dropdownValuesModel\"}"}]}
RESULT: undefined
COMMAND: POST /session/cbab2cbbd32afdf19af3e6ba8111c1c3/execute/async - {"script":"<script> [776 bytes]","args":[{"enterText":"red","selector":{"controlType":"sap.m.Input","viewName":"etm.portal.ui.manageclassifications.view.Create","viewId":"application-manageclassifications-display-component---classificationCreate","bindingPath":{"path":"/VALUES/1","propertyPath":"TEXT","modelName":"dropdownValuesModel"},"searchOpenDialogs":true,"interaction":{"idSuffix":"inner"}},"clearTextFirst":true,"interactionType":"ENTER_TEXT"}]}
RESULT: {"script":"<script> [776 bytes]","args":[{"enterText":"red","selector":{"controlType":"sap.m.Input","viewName":"etm.portal.ui.manageclassifications.view.Create","viewId":"application-manageclassifications-display-component---classificationCreate","bindingPath":{"path":"/VALUES/1","propertyPath":"TEXT","modelName":"dropdownValuesModel"},"searchOpenDialogs":true,"interaction":{"idSuffix":"inner"}},"clearTextFirst":true,"interactionType":"ENTER_TEXT"}]}
COMMAND: POST /session/cbab2cbbd32afdf19af3e6ba8111c1c3/execute/async - {"script":"<script> [1562 bytes]","args":[{"selector":{"controlType":"sap.m.Button","viewName":"etm.portal.ui.manageclassifications.view.Create","viewId":"application-manageclassifications-display-component---classificationCreate","i18NText":{"propertyName":"text","key":"save"},"searchOpenDialogs":true,"interaction":{"idSuffix":"BDI-content"}},"wdio_ui5_key":"etmportal.ui.manageclassifications.view.Createsap.m.Button{\"propertyName\":\"text\",\"key\":\"save\"}"}]}
RESULT: {"script":"<script> [1562 bytes]","args":[{"selector":{"controlType":"sap.m.Button","viewName":"etm.portal.ui.manageclassifications.view.Create","viewId":"application-manageclassifications-display-component---classificationCreate","i18NText":{"propertyName":"text","key":"save"},"searchOpenDialogs":true,"interaction":{"idSuffix":"BDI-content"}},"wdio_ui5_key":"etmportal.ui.manageclassifications.view.Createsap.m.Button{\"propertyName\":\"text\",\"key\":\"save\"}"}]}
RESULT: undefined
COMMAND: POST /session/cbab2cbbd32afdf19af3e6ba8111c1c3/element - {"using":"xpath","value":"//*[@id=\"__button44\"]"}
RESULT: {"using":"xpath","value":"//*[@id=\"__button44\"]"}
COMMAND: POST /session/cbab2cbbd32afdf19af3e6ba8111c1c3/element/f.4865000251A30E3BD1E5EDC5108DADF6.d.64AED5DA9A5DE1959A342007480A4DDE.e.7435/click - {}
RESULT: {}
COMMAND: GET /session/cbab2cbbd32afdf19af3e6ba8111c1c3/screenshot - {}
RESULT: {}
COMMAND: POST /session/cbab2cbbd32afdf19af3e6ba8111c1c3/element - {"using":"xpath","value":"//button[@title=\"Save\"]"}
RESULT: {"using":"xpath","value":"//button[@title=\"Save\"]"}
COMMAND: POST /session/cbab2cbbd32afdf19af3e6ba8111c1c3/element/f.4865000251A30E3BD1E5EDC5108DADF6.d.64AED5DA9A5DE1959A342007480A4DDE.e.7370/click - {}
RESULT: {}
COMMAND: GET /session/cbab2cbbd32afdf19af3e6ba8111c1c3/screenshot - {}
RESULT: {}
COMMAND: POST /session/cbab2cbbd32afdf19af3e6ba8111c1c3/execute/async - {"script":"<script> [1562 bytes]","args":[{"selector":{"id":"application-manageclassifications-display-component---classificationMaster--smartFilterBar-btnBasicSearch","interaction":{"idSuffix":"I"}},"wdio_ui5_key":"applicationmanageclassifications-display-component---classificationMaster--smartFilterBar-btnBasicSearch"}]}
RESULT: {"script":"<script> [1562 bytes]","args":[{"selector":{"id":"application-manageclassifications-display-component---classificationMaster--smartFilterBar-btnBasicSearch","interaction":{"idSuffix":"I"}},"wdio_ui5_key":"applicationmanageclassifications-display-component---classificationMaster--smartFilterBar-btnBasicSearch"}]}
RESULT: undefined
COMMAND: POST /session/cbab2cbbd32afdf19af3e6ba8111c1c3/execute/async - {"script":"<script> [776 bytes]","args":[{"enterText":"WebdriverItemClassokcg6","selector":{"id":"application-manageclassifications-display-component---classificationMaster--smartFilterBar-btnBasicSearch","interaction":{"idSuffix":"I"}},"clearTextFirst":true,"interactionType":"ENTER_TEXT"}]}
RESULT: {"script":"<script> [776 bytes]","args":[{"enterText":"WebdriverItemClassokcg6","selector":{"id":"application-manageclassifications-display-component---classificationMaster--smartFilterBar-btnBasicSearch","interaction":{"idSuffix":"I"}},"clearTextFirst":true,"interactionType":"ENTER_TEXT"}]}
COMMAND: POST /session/cbab2cbbd32afdf19af3e6ba8111c1c3/actions - {"actions":[{"id":"action47","type":"key","parameters":{},"actions":[{"type":"keyDown","value":"î€‡"},{"type":"pause","duration":10},{"type":"keyUp","value":"î€‡"}]}]}
RESULT: {"actions":[{"id":"action47","type":"key","parameters":{},"actions":[{"type":"keyDown","value":"î€‡"},{"type":"pause","duration":10},{"type":"keyUp","value":"î€‡"}]}]}
COMMAND: POST /session/cbab2cbbd32afdf19af3e6ba8111c1c3/execute/async - {"script":"<script> [1562 bytes]","args":[{"selector":{"id":"application-manageclassifications-display-component---classificationMaster--smartTable-header"},"wdio_ui5_key":"applicationmanageclassifications-display-component---classificationMaster--smartTable-header"}]}
COMMAND: GET /session/cbab2cbbd32afdf19af3e6ba8111c1c3/screenshot - {}
RESULT: {"script":"<script> [1562 bytes]","args":[{"selector":{"id":"application-manageclassifications-display-component---classificationMaster--smartTable-header"},"wdio_ui5_key":"applicationmanageclassifications-display-component---classificationMaster--smartTable-header"}]}
RESULT: undefined
COMMAND: POST /session/cbab2cbbd32afdf19af3e6ba8111c1c3/execute/async - {"script":"<script> [6424 bytes]","args":[{"element-6066-11e4-a52e-4f735466cecf":"f.4865000251A30E3BD1E5EDC5108DADF6.d.64AED5DA9A5DE1959A342007480A4DDE.e.7642"},"getText",[]]}
RESULT: {}
RESULT: {"script":"<script> [6424 bytes]","args":[{"element-6066-11e4-a52e-4f735466cecf":"f.4865000251A30E3BD1E5EDC5108DADF6.d.64AED5DA9A5DE1959A342007480A4DDE.e.7642"},"getText",[]]}
COMMAND: POST /session/cbab2cbbd32afdf19af3e6ba8111c1c3/element - {"using":"css selector","value":"#shell-header-logo"}
RESULT: {"using":"css selector","value":"#shell-header-logo"}
COMMAND: POST /session/cbab2cbbd32afdf19af3e6ba8111c1c3/element/f.4865000251A30E3BD1E5EDC5108DADF6.d.64AED5DA9A5DE1959A342007480A4DDE.e.6856/click - {}
RESULT: {}
COMMAND: GET /session/cbab2cbbd32afdf19af3e6ba8111c1c3/screenshot - {}
RESULT: {}
]]></system-out>
    </testcase>
    <testcase classname="chrome.135_0_7049_96.windows.Manage_requests_-_requests_specifications_US141095" name="Should create a new section and a catalog item" time="114.466">
      <system-out><![CDATA[
COMMAND: POST /session/cbab2cbbd32afdf19af3e6ba8111c1c3/execute/async - {"script":"<script> [1562 bytes]","args":[{"selector":{"controlType":"sap.m.GenericTile","properties":{"header":"Manage Catalogs"}},"wdio_ui5_key":"sapm.GenericTile{\"header\":\"Manage Catalogs\"}"}]}
RESULT: {"script":"<script> [1562 bytes]","args":[{"selector":{"controlType":"sap.m.GenericTile","properties":{"header":"Manage Catalogs"}},"wdio_ui5_key":"sapm.GenericTile{\"header\":\"Manage Catalogs\"}"}]}
RESULT: undefined
COMMAND: POST /session/cbab2cbbd32afdf19af3e6ba8111c1c3/element - {"using":"xpath","value":"//*[@id=\"__tile37\"]"}
RESULT: {"using":"xpath","value":"//*[@id=\"__tile37\"]"}
COMMAND: POST /session/cbab2cbbd32afdf19af3e6ba8111c1c3/element/f.4865000251A30E3BD1E5EDC5108DADF6.d.64AED5DA9A5DE1959A342007480A4DDE.e.7646/click - {}
RESULT: {}
COMMAND: GET /session/cbab2cbbd32afdf19af3e6ba8111c1c3/screenshot - {}
RESULT: {}
COMMAND: POST /session/cbab2cbbd32afdf19af3e6ba8111c1c3/execute/async - {"script":"<script> [1562 bytes]","args":[{"selector":{"controlType":"sap.m.Text","viewName":"etm.portal.ui.managecatalogs.view.MasterCatalogs","viewId":"application-managecatalogs-display-component---masterCatalogs","bindingPath":{"path":"/Catalogs('0D7502D073D53A0F1700BE067B89AFF9')","propertyPath":"DESCRIPTION","modelName":"catalogModel"}},"wdio_ui5_key":"etmportal.ui.managecatalogs.view.MasterCatalogssap.m.Text{\"path\":\"/Catalogs('0D7502D073D53A0F1700BE067B89AFF9')\",\"propertyPath\":\"DESCRIPTION\",\"modelName\":\"catalogModel\"}"}]}
RESULT: {"script":"<script> [1562 bytes]","args":[{"selector":{"controlType":"sap.m.Text","viewName":"etm.portal.ui.managecatalogs.view.MasterCatalogs","viewId":"application-managecatalogs-display-component---masterCatalogs","bindingPath":{"path":"/Catalogs('0D7502D073D53A0F1700BE067B89AFF9')","propertyPath":"DESCRIPTION","modelName":"catalogModel"}},"wdio_ui5_key":"etmportal.ui.managecatalogs.view.MasterCatalogssap.m.Text{\"path\":\"/Catalogs('0D7502D073D53A0F1700BE067B89AFF9')\",\"propertyPath\":\"DESCRIPTION\",\"modelName\":\"catalogModel\"}"}]}
RESULT: undefined
COMMAND: POST /session/cbab2cbbd32afdf19af3e6ba8111c1c3/element - {"using":"xpath","value":"//*[@id=\"__text434-application-managecatalogs-display-component---masterCatalogs--CatalogsTable-11\"]"}
RESULT: {"using":"xpath","value":"//*[@id=\"__text434-application-managecatalogs-display-component---masterCatalogs--CatalogsTable-11\"]"}
COMMAND: POST /session/cbab2cbbd32afdf19af3e6ba8111c1c3/element/f.4865000251A30E3BD1E5EDC5108DADF6.d.64AED5DA9A5DE1959A342007480A4DDE.e.7717/click - {}
RESULT: {}
COMMAND: POST /session/cbab2cbbd32afdf19af3e6ba8111c1c3/execute/async - {"script":"<script> [1562 bytes]","args":[{"selector":{"controlType":"sap.ui.layout.HorizontalLayout","viewName":"etm.portal.ui.managecatalogs.view.MasterItems","viewId":"application-managecatalogs-display-component---masterCatalogItems","ancestor":{"id":"application-managecatalogs-display-component---masterCatalogItems--idCatalogItemsTree-rows-row0"}},"wdio_ui5_key":"etmportal.ui.managecatalogs.view.MasterItemssap.ui.layout.HorizontalLayout{\"id\":\"application-managecatalogs-display-component---masterCatalogItems--idCatalogItemsTree-rows-row0\"}"}]}
COMMAND: GET /session/cbab2cbbd32afdf19af3e6ba8111c1c3/screenshot - {}
RESULT: {"script":"<script> [1562 bytes]","args":[{"selector":{"controlType":"sap.ui.layout.HorizontalLayout","viewName":"etm.portal.ui.managecatalogs.view.MasterItems","viewId":"application-managecatalogs-display-component---masterCatalogItems","ancestor":{"id":"application-managecatalogs-display-component---masterCatalogItems--idCatalogItemsTree-rows-row0"}},"wdio_ui5_key":"etmportal.ui.managecatalogs.view.MasterItemssap.ui.layout.HorizontalLayout{\"id\":\"application-managecatalogs-display-component---masterCatalogItems--idCatalogItemsTree-rows-row0\"}"}]}
RESULT: undefined
COMMAND: POST /session/cbab2cbbd32afdf19af3e6ba8111c1c3/element - {"using":"xpath","value":"//*[@id=\"__layout40-__clone472\"]"}
RESULT: {}
RESULT: {"using":"xpath","value":"//*[@id=\"__layout40-__clone472\"]"}
COMMAND: POST /session/cbab2cbbd32afdf19af3e6ba8111c1c3/element/f.4865000251A30E3BD1E5EDC5108DADF6.d.64AED5DA9A5DE1959A342007480A4DDE.e.7752/click - {}
RESULT: {}
COMMAND: GET /session/cbab2cbbd32afdf19af3e6ba8111c1c3/screenshot - {}
RESULT: {}
COMMAND: POST /session/cbab2cbbd32afdf19af3e6ba8111c1c3/execute/async - {"script":"<script> [1562 bytes]","args":[{"selector":{"controlType":"sap.m.Button","viewName":"etm.portal.ui.managecatalogs.view.Detail","viewId":"application-managecatalogs-display-component---detailCatalog","i18NText":{"propertyName":"text","key":"edit"},"interaction":{"idSuffix":"BDI-content"}},"wdio_ui5_key":"etmportal.ui.managecatalogs.view.Detailsap.m.Button{\"propertyName\":\"text\",\"key\":\"edit\"}"}]}
RESULT: {"script":"<script> [1562 bytes]","args":[{"selector":{"controlType":"sap.m.Button","viewName":"etm.portal.ui.managecatalogs.view.Detail","viewId":"application-managecatalogs-display-component---detailCatalog","i18NText":{"propertyName":"text","key":"edit"},"interaction":{"idSuffix":"BDI-content"}},"wdio_ui5_key":"etmportal.ui.managecatalogs.view.Detailsap.m.Button{\"propertyName\":\"text\",\"key\":\"edit\"}"}]}
RESULT: undefined
COMMAND: POST /session/cbab2cbbd32afdf19af3e6ba8111c1c3/element - {"using":"xpath","value":"//*[@id=\"__button88\"]"}
RESULT: {"using":"xpath","value":"//*[@id=\"__button88\"]"}
COMMAND: POST /session/cbab2cbbd32afdf19af3e6ba8111c1c3/element/f.4865000251A30E3BD1E5EDC5108DADF6.d.64AED5DA9A5DE1959A342007480A4DDE.e.7868/click - {}
RESULT: {}
COMMAND: GET /session/cbab2cbbd32afdf19af3e6ba8111c1c3/screenshot - {}
RESULT: {}
COMMAND: POST /session/cbab2cbbd32afdf19af3e6ba8111c1c3/element - {"using":"xpath","value":"//bdi[contains(text(), \"Unlock\")]"}
RESULT: {"using":"xpath","value":"//bdi[contains(text(), \"Unlock\")]"}
COMMAND: POST /session/cbab2cbbd32afdf19af3e6ba8111c1c3/elements - {"using":"xpath","value":"//bdi[contains(text(), \"Unlock\")]"}
RESULT: {"using":"xpath","value":"//bdi[contains(text(), \"Unlock\")]"}
COMMAND: POST /session/cbab2cbbd32afdf19af3e6ba8111c1c3/execute/async - {"script":"<script> [1562 bytes]","args":[{"selector":{"controlType":"sap.ui.core.Icon","viewName":"etm.portal.ui.managecatalogs.view.Detail","viewId":"application-managecatalogs-display-component---detailCatalog","properties":{"src":{"regex":{"source":"add\\-folder"}}}},"wdio_ui5_key":"etmportal.ui.managecatalogs.view.Detailsap.ui.core.Icon{\"src\":{\"regex\":{\"source\":\"add\\\\-folder\"}}}"}]}
RESULT: {"script":"<script> [1562 bytes]","args":[{"selector":{"controlType":"sap.ui.core.Icon","viewName":"etm.portal.ui.managecatalogs.view.Detail","viewId":"application-managecatalogs-display-component---detailCatalog","properties":{"src":{"regex":{"source":"add\\-folder"}}}},"wdio_ui5_key":"etmportal.ui.managecatalogs.view.Detailsap.ui.core.Icon{\"src\":{\"regex\":{\"source\":\"add\\\\-folder\"}}}"}]}
RESULT: undefined
COMMAND: POST /session/cbab2cbbd32afdf19af3e6ba8111c1c3/element - {"using":"xpath","value":"//*[@id=\"__button96-img\"]"}
RESULT: {"using":"xpath","value":"//*[@id=\"__button96-img\"]"}
COMMAND: POST /session/cbab2cbbd32afdf19af3e6ba8111c1c3/element/f.4865000251A30E3BD1E5EDC5108DADF6.d.64AED5DA9A5DE1959A342007480A4DDE.e.7877/click - {}
RESULT: {}
COMMAND: GET /session/cbab2cbbd32afdf19af3e6ba8111c1c3/screenshot - {}
RESULT: {}
COMMAND: POST /session/cbab2cbbd32afdf19af3e6ba8111c1c3/execute/async - {"script":"<script> [1562 bytes]","args":[{"selector":{"id":"application-managecatalogs-display-component---detailCatalog--numberInput","searchOpenDialogs":true,"interaction":{"idSuffix":"inner"}},"wdio_ui5_key":"applicationmanagecatalogs-display-component---detailCatalog--numberInput"}]}
RESULT: {"script":"<script> [1562 bytes]","args":[{"selector":{"id":"application-managecatalogs-display-component---detailCatalog--numberInput","searchOpenDialogs":true,"interaction":{"idSuffix":"inner"}},"wdio_ui5_key":"applicationmanagecatalogs-display-component---detailCatalog--numberInput"}]}
RESULT: undefined
COMMAND: POST /session/cbab2cbbd32afdf19af3e6ba8111c1c3/execute/async - {"script":"<script> [776 bytes]","args":[{"enterText":"Sectiony3mp8f","selector":{"id":"application-managecatalogs-display-component---detailCatalog--numberInput","searchOpenDialogs":true,"interaction":{"idSuffix":"inner"}},"clearTextFirst":true,"interactionType":"ENTER_TEXT"}]}
RESULT: {"script":"<script> [776 bytes]","args":[{"enterText":"Sectiony3mp8f","selector":{"id":"application-managecatalogs-display-component---detailCatalog--numberInput","searchOpenDialogs":true,"interaction":{"idSuffix":"inner"}},"clearTextFirst":true,"interactionType":"ENTER_TEXT"}]}
COMMAND: POST /session/cbab2cbbd32afdf19af3e6ba8111c1c3/element - {"using":"css selector","value":"#application-managecatalogs-display-component---detailCatalog--nameInput-inner"}
RESULT: {"using":"css selector","value":"#application-managecatalogs-display-component---detailCatalog--nameInput-inner"}
COMMAND: POST /session/cbab2cbbd32afdf19af3e6ba8111c1c3/elements - {"using":"css selector","value":"#application-managecatalogs-display-component---detailCatalog--nameInput-inner"}
RESULT: {"using":"css selector","value":"#application-managecatalogs-display-component---detailCatalog--nameInput-inner"}
COMMAND: POST /session/cbab2cbbd32afdf19af3e6ba8111c1c3/element/f.4865000251A30E3BD1E5EDC5108DADF6.d.64AED5DA9A5DE1959A342007480A4DDE.e.7881/clear - {}
RESULT: {}
COMMAND: POST /session/cbab2cbbd32afdf19af3e6ba8111c1c3/element/f.4865000251A30E3BD1E5EDC5108DADF6.d.64AED5DA9A5DE1959A342007480A4DDE.e.7881/value - {"text":"Webdriveru21zn"}
COMMAND: GET /session/cbab2cbbd32afdf19af3e6ba8111c1c3/screenshot - {}
RESULT: {"text":"Webdriveru21zn"}
COMMAND: POST /session/cbab2cbbd32afdf19af3e6ba8111c1c3/execute/async - {"script":"<script> [1562 bytes]","args":[{"selector":{"controlType":"sap.m.Button","viewName":"etm.portal.ui.managecatalogs.view.Detail","viewId":"application-managecatalogs-display-component---detailCatalog","i18NText":{"propertyName":"text","key":"create"},"searchOpenDialogs":true,"interaction":{"idSuffix":"BDI-content"}},"wdio_ui5_key":"etmportal.ui.managecatalogs.view.Detailsap.m.Button{\"propertyName\":\"text\",\"key\":\"create\"}"}]}
COMMAND: GET /session/cbab2cbbd32afdf19af3e6ba8111c1c3/screenshot - {}
RESULT: {}
RESULT: {"script":"<script> [1562 bytes]","args":[{"selector":{"controlType":"sap.m.Button","viewName":"etm.portal.ui.managecatalogs.view.Detail","viewId":"application-managecatalogs-display-component---detailCatalog","i18NText":{"propertyName":"text","key":"create"},"searchOpenDialogs":true,"interaction":{"idSuffix":"BDI-content"}},"wdio_ui5_key":"etmportal.ui.managecatalogs.view.Detailsap.m.Button{\"propertyName\":\"text\",\"key\":\"create\"}"}]}
RESULT: undefined
COMMAND: POST /session/cbab2cbbd32afdf19af3e6ba8111c1c3/element - {"using":"xpath","value":"//*[@id=\"__button66\"]"}
RESULT: {}
RESULT: {"using":"xpath","value":"//*[@id=\"__button66\"]"}
COMMAND: POST /session/cbab2cbbd32afdf19af3e6ba8111c1c3/element/f.4865000251A30E3BD1E5EDC5108DADF6.d.64AED5DA9A5DE1959A342007480A4DDE.e.7886/click - {}
RESULT: {}
COMMAND: GET /session/cbab2cbbd32afdf19af3e6ba8111c1c3/screenshot - {}
RESULT: {}
COMMAND: POST /session/cbab2cbbd32afdf19af3e6ba8111c1c3/element - {"using":"xpath","value":"//button[@title=\"Save\"]"}
RESULT: {"using":"xpath","value":"//button[@title=\"Save\"]"}
COMMAND: POST /session/cbab2cbbd32afdf19af3e6ba8111c1c3/element/f.4865000251A30E3BD1E5EDC5108DADF6.d.64AED5DA9A5DE1959A342007480A4DDE.e.7887/click - {}
RESULT: {}
COMMAND: POST /session/cbab2cbbd32afdf19af3e6ba8111c1c3/execute/async - {"script":"<script> [1562 bytes]","args":[{"selector":{"controlType":"sap.ui.core.Icon","viewName":"etm.portal.ui.managecatalogs.view.Detail","viewId":"application-managecatalogs-display-component---detailCatalog","properties":{"src":{"regex":{"source":"decline"}}}},"wdio_ui5_key":"etmportal.ui.managecatalogs.view.Detailsap.ui.core.Icon{\"src\":{\"regex\":{\"source\":\"decline\"}}}"}]}
COMMAND: GET /session/cbab2cbbd32afdf19af3e6ba8111c1c3/screenshot - {}
RESULT: {"script":"<script> [1562 bytes]","args":[{"selector":{"controlType":"sap.ui.core.Icon","viewName":"etm.portal.ui.managecatalogs.view.Detail","viewId":"application-managecatalogs-display-component---detailCatalog","properties":{"src":{"regex":{"source":"decline"}}}},"wdio_ui5_key":"etmportal.ui.managecatalogs.view.Detailsap.ui.core.Icon{\"src\":{\"regex\":{\"source\":\"decline\"}}}"}]}
RESULT: undefined
COMMAND: POST /session/cbab2cbbd32afdf19af3e6ba8111c1c3/element - {"using":"xpath","value":"//*[@id=\"__button91-img\"]"}
RESULT: {}
RESULT: {"using":"xpath","value":"//*[@id=\"__button91-img\"]"}
COMMAND: POST /session/cbab2cbbd32afdf19af3e6ba8111c1c3/element/f.4865000251A30E3BD1E5EDC5108DADF6.d.64AED5DA9A5DE1959A342007480A4DDE.e.7892/click - {}
RESULT: {}
COMMAND: GET /session/cbab2cbbd32afdf19af3e6ba8111c1c3/screenshot - {}
RESULT: {}
COMMAND: POST /session/cbab2cbbd32afdf19af3e6ba8111c1c3/execute/async - {"script":"<script> [1562 bytes]","args":[{"selector":{"controlType":"sap.ui.core.Icon","viewName":"etm.portal.ui.managecatalogs.view.MasterItems","viewId":"application-managecatalogs-display-component---masterCatalogItems","properties":{"src":{"regex":{"source":"refresh"}}}},"wdio_ui5_key":"etmportal.ui.managecatalogs.view.MasterItemssap.ui.core.Icon{\"src\":{\"regex\":{\"source\":\"refresh\"}}}"}]}
RESULT: {"script":"<script> [1562 bytes]","args":[{"selector":{"controlType":"sap.ui.core.Icon","viewName":"etm.portal.ui.managecatalogs.view.MasterItems","viewId":"application-managecatalogs-display-component---masterCatalogItems","properties":{"src":{"regex":{"source":"refresh"}}}},"wdio_ui5_key":"etmportal.ui.managecatalogs.view.MasterItemssap.ui.core.Icon{\"src\":{\"regex\":{\"source\":\"refresh\"}}}"}]}
RESULT: undefined
COMMAND: POST /session/cbab2cbbd32afdf19af3e6ba8111c1c3/element - {"using":"xpath","value":"//*[@id=\"__button64-img\"]"}
RESULT: {"using":"xpath","value":"//*[@id=\"__button64-img\"]"}
COMMAND: POST /session/cbab2cbbd32afdf19af3e6ba8111c1c3/element/f.4865000251A30E3BD1E5EDC5108DADF6.d.64AED5DA9A5DE1959A342007480A4DDE.e.7929/click - {}
RESULT: {}
COMMAND: POST /session/cbab2cbbd32afdf19af3e6ba8111c1c3/execute/async - {"script":"<script> [1562 bytes]","args":[{"selector":{"id":"application-managecatalogs-display-component---masterCatalogItems--searchItemsField","interaction":{"idSuffix":"I"}},"wdio_ui5_key":"applicationmanagecatalogs-display-component---masterCatalogItems--searchItemsField"}]}
COMMAND: GET /session/cbab2cbbd32afdf19af3e6ba8111c1c3/screenshot - {}
RESULT: {"script":"<script> [1562 bytes]","args":[{"selector":{"id":"application-managecatalogs-display-component---masterCatalogItems--searchItemsField","interaction":{"idSuffix":"I"}},"wdio_ui5_key":"applicationmanagecatalogs-display-component---masterCatalogItems--searchItemsField"}]}
RESULT: undefined
COMMAND: POST /session/cbab2cbbd32afdf19af3e6ba8111c1c3/execute/async - {"script":"<script> [776 bytes]","args":[{"enterText":"Webdriveru21zn","selector":{"id":"application-managecatalogs-display-component---masterCatalogItems--searchItemsField","interaction":{"idSuffix":"I"}},"clearTextFirst":true,"interactionType":"ENTER_TEXT"}]}
RESULT: {}
RESULT: {"script":"<script> [776 bytes]","args":[{"enterText":"Webdriveru21zn","selector":{"id":"application-managecatalogs-display-component---masterCatalogItems--searchItemsField","interaction":{"idSuffix":"I"}},"clearTextFirst":true,"interactionType":"ENTER_TEXT"}]}
COMMAND: POST /session/cbab2cbbd32afdf19af3e6ba8111c1c3/actions - {"actions":[{"id":"action48","type":"key","parameters":{},"actions":[{"type":"keyDown","value":"î€‡"},{"type":"pause","duration":10},{"type":"keyUp","value":"î€‡"}]}]}
RESULT: {"actions":[{"id":"action48","type":"key","parameters":{},"actions":[{"type":"keyDown","value":"î€‡"},{"type":"pause","duration":10},{"type":"keyUp","value":"î€‡"}]}]}
COMMAND: POST /session/cbab2cbbd32afdf19af3e6ba8111c1c3/element - {"using":"xpath","value":"(//span[contains(text(), \"Webdriveru21zn\")])[1]"}
COMMAND: GET /session/cbab2cbbd32afdf19af3e6ba8111c1c3/screenshot - {}
RESULT: {"using":"xpath","value":"(//span[contains(text(), \"Webdriveru21zn\")])[1]"}
COMMAND: POST /session/cbab2cbbd32afdf19af3e6ba8111c1c3/element/f.4865000251A30E3BD1E5EDC5108DADF6.d.64AED5DA9A5DE1959A342007480A4DDE.e.7933/click - {}
RESULT: {}
RESULT: {}
COMMAND: GET /session/cbab2cbbd32afdf19af3e6ba8111c1c3/screenshot - {}
RESULT: {}
RESULT: undefined
COMMAND: POST /session/cbab2cbbd32afdf19af3e6ba8111c1c3/element - {"using":"xpath","value":"//*[@id=\"__button88\"]"}
RESULT: {"using":"xpath","value":"//*[@id=\"__button88\"]"}
COMMAND: POST /session/cbab2cbbd32afdf19af3e6ba8111c1c3/element/f.4865000251A30E3BD1E5EDC5108DADF6.d.64AED5DA9A5DE1959A342007480A4DDE.e.7970/click - {}
RESULT: {}
COMMAND: GET /session/cbab2cbbd32afdf19af3e6ba8111c1c3/screenshot - {}
RESULT: {}
RESULT: undefined
COMMAND: POST /session/cbab2cbbd32afdf19af3e6ba8111c1c3/element - {"using":"xpath","value":"//*[@id=\"__button96-img\"]"}
RESULT: {"using":"xpath","value":"//*[@id=\"__button96-img\"]"}
COMMAND: POST /session/cbab2cbbd32afdf19af3e6ba8111c1c3/element/f.4865000251A30E3BD1E5EDC5108DADF6.d.64AED5DA9A5DE1959A342007480A4DDE.e.8018/click - {}
RESULT: {}
COMMAND: GET /session/cbab2cbbd32afdf19af3e6ba8111c1c3/screenshot - {}
RESULT: {}
RESULT: undefined
COMMAND: POST /session/cbab2cbbd32afdf19af3e6ba8111c1c3/execute/async - {"script":"<script> [776 bytes]","args":[{"enterText":"SecondSection1tfs5","selector":{"id":"application-managecatalogs-display-component---detailCatalog--numberInput","searchOpenDialogs":true,"interaction":{"idSuffix":"inner"}},"clearTextFirst":true,"interactionType":"ENTER_TEXT"}]}
RESULT: {"script":"<script> [776 bytes]","args":[{"enterText":"SecondSection1tfs5","selector":{"id":"application-managecatalogs-display-component---detailCatalog--numberInput","searchOpenDialogs":true,"interaction":{"idSuffix":"inner"}},"clearTextFirst":true,"interactionType":"ENTER_TEXT"}]}
COMMAND: POST /session/cbab2cbbd32afdf19af3e6ba8111c1c3/element - {"using":"xpath","value":"//input[contains(@id ,\"application-managecatalogs-display-component---detailCatalog--nameInput-inner\")]"}
RESULT: {"using":"xpath","value":"//input[contains(@id ,\"application-managecatalogs-display-component---detailCatalog--nameInput-inner\")]"}
COMMAND: POST /session/cbab2cbbd32afdf19af3e6ba8111c1c3/elements - {"using":"xpath","value":"//input[contains(@id ,\"application-managecatalogs-display-component---detailCatalog--nameInput-inner\")]"}
RESULT: {"using":"xpath","value":"//input[contains(@id ,\"application-managecatalogs-display-component---detailCatalog--nameInput-inner\")]"}
COMMAND: POST /session/cbab2cbbd32afdf19af3e6ba8111c1c3/element/f.4865000251A30E3BD1E5EDC5108DADF6.d.64AED5DA9A5DE1959A342007480A4DDE.e.8022/clear - {}
RESULT: {}
COMMAND: POST /session/cbab2cbbd32afdf19af3e6ba8111c1c3/element/f.4865000251A30E3BD1E5EDC5108DADF6.d.64AED5DA9A5DE1959A342007480A4DDE.e.8022/value - {"text":"webdriversecondd276j"}
COMMAND: GET /session/cbab2cbbd32afdf19af3e6ba8111c1c3/screenshot - {}
RESULT: {"text":"webdriversecondd276j"}
RESULT: undefined
COMMAND: POST /session/cbab2cbbd32afdf19af3e6ba8111c1c3/element - {"using":"xpath","value":"//*[@id=\"__button66\"]"}
COMMAND: GET /session/cbab2cbbd32afdf19af3e6ba8111c1c3/screenshot - {}
RESULT: {}
RESULT: {"using":"xpath","value":"//*[@id=\"__button66\"]"}
COMMAND: POST /session/cbab2cbbd32afdf19af3e6ba8111c1c3/element/f.4865000251A30E3BD1E5EDC5108DADF6.d.64AED5DA9A5DE1959A342007480A4DDE.e.8026/click - {}
RESULT: {}
RESULT: {}
COMMAND: GET /session/cbab2cbbd32afdf19af3e6ba8111c1c3/screenshot - {}
RESULT: {}
COMMAND: POST /session/cbab2cbbd32afdf19af3e6ba8111c1c3/element - {"using":"xpath","value":"//button[@title=\"Save\"]"}
RESULT: {"using":"xpath","value":"//button[@title=\"Save\"]"}
COMMAND: POST /session/cbab2cbbd32afdf19af3e6ba8111c1c3/element/f.4865000251A30E3BD1E5EDC5108DADF6.d.64AED5DA9A5DE1959A342007480A4DDE.e.8004/click - {}
RESULT: {}
COMMAND: GET /session/cbab2cbbd32afdf19af3e6ba8111c1c3/screenshot - {}
RESULT: {}
RESULT: undefined
COMMAND: POST /session/cbab2cbbd32afdf19af3e6ba8111c1c3/element - {"using":"xpath","value":"//*[@id=\"__button91-img\"]"}
RESULT: {"using":"xpath","value":"//*[@id=\"__button91-img\"]"}
COMMAND: POST /session/cbab2cbbd32afdf19af3e6ba8111c1c3/element/f.4865000251A30E3BD1E5EDC5108DADF6.d.64AED5DA9A5DE1959A342007480A4DDE.e.7977/click - {}
RESULT: {}
COMMAND: GET /session/cbab2cbbd32afdf19af3e6ba8111c1c3/screenshot - {}
RESULT: {}
RESULT: undefined
COMMAND: POST /session/cbab2cbbd32afdf19af3e6ba8111c1c3/element - {"using":"xpath","value":"//*[@id=\"__button64-img\"]"}
RESULT: {"using":"xpath","value":"//*[@id=\"__button64-img\"]"}
COMMAND: POST /session/cbab2cbbd32afdf19af3e6ba8111c1c3/element/f.4865000251A30E3BD1E5EDC5108DADF6.d.64AED5DA9A5DE1959A342007480A4DDE.e.8063/click - {}
RESULT: {}
COMMAND: GET /session/cbab2cbbd32afdf19af3e6ba8111c1c3/screenshot - {}
RESULT: {}
RESULT: undefined
COMMAND: POST /session/cbab2cbbd32afdf19af3e6ba8111c1c3/execute/async - {"script":"<script> [776 bytes]","args":[{"enterText":"SecondSection1tfs5","selector":{"id":"application-managecatalogs-display-component---masterCatalogItems--searchItemsField","interaction":{"idSuffix":"I"}},"clearTextFirst":true,"interactionType":"ENTER_TEXT"}]}
RESULT: {"script":"<script> [776 bytes]","args":[{"enterText":"SecondSection1tfs5","selector":{"id":"application-managecatalogs-display-component---masterCatalogItems--searchItemsField","interaction":{"idSuffix":"I"}},"clearTextFirst":true,"interactionType":"ENTER_TEXT"}]}
COMMAND: POST /session/cbab2cbbd32afdf19af3e6ba8111c1c3/actions - {"actions":[{"id":"action49","type":"key","parameters":{},"actions":[{"type":"keyDown","value":"î€‡"},{"type":"pause","duration":10},{"type":"keyUp","value":"î€‡"}]}]}
RESULT: {"actions":[{"id":"action49","type":"key","parameters":{},"actions":[{"type":"keyDown","value":"î€‡"},{"type":"pause","duration":10},{"type":"keyUp","value":"î€‡"}]}]}
COMMAND: POST /session/cbab2cbbd32afdf19af3e6ba8111c1c3/element - {"using":"xpath","value":"(//span[contains(text(), \"SecondSection1tfs5\")])[1]"}
COMMAND: GET /session/cbab2cbbd32afdf19af3e6ba8111c1c3/screenshot - {}
RESULT: {"using":"xpath","value":"(//span[contains(text(), \"SecondSection1tfs5\")])[1]"}
COMMAND: POST /session/cbab2cbbd32afdf19af3e6ba8111c1c3/element/f.4865000251A30E3BD1E5EDC5108DADF6.d.64AED5DA9A5DE1959A342007480A4DDE.e.8066/click - {}
RESULT: {}
RESULT: {}
COMMAND: POST /session/cbab2cbbd32afdf19af3e6ba8111c1c3/element - {"using":"xpath","value":"(//span[contains(text(), \"SecondSection1tfs5\")])[1]"}
COMMAND: GET /session/cbab2cbbd32afdf19af3e6ba8111c1c3/screenshot - {}
RESULT: {"using":"xpath","value":"(//span[contains(text(), \"SecondSection1tfs5\")])[1]"}
COMMAND: GET /session/cbab2cbbd32afdf19af3e6ba8111c1c3/element/f.4865000251A30E3BD1E5EDC5108DADF6.d.64AED5DA9A5DE1959A342007480A4DDE.e.8066/text - {}
RESULT: {}
COMMAND: POST /session/cbab2cbbd32afdf19af3e6ba8111c1c3/element - {"using":"xpath","value":"(//span[contains(text(), \"SecondSection1tfs5\")])[1]"}
RESULT: {"using":"xpath","value":"(//span[contains(text(), \"SecondSection1tfs5\")])[1]"}
COMMAND: GET /session/cbab2cbbd32afdf19af3e6ba8111c1c3/element/f.4865000251A30E3BD1E5EDC5108DADF6.d.64AED5DA9A5DE1959A342007480A4DDE.e.8066/text - {}
COMMAND: POST /session/cbab2cbbd32afdf19af3e6ba8111c1c3/element - {"using":"xpath","value":"(//span[contains(text(), \"SecondSection1tfs5\")])[1]"}
RESULT: {"using":"xpath","value":"(//span[contains(text(), \"SecondSection1tfs5\")])[1]"}
COMMAND: GET /session/cbab2cbbd32afdf19af3e6ba8111c1c3/element/f.4865000251A30E3BD1E5EDC5108DADF6.d.64AED5DA9A5DE1959A342007480A4DDE.e.8118/text - {}
RESULT: {}
COMMAND: POST /session/cbab2cbbd32afdf19af3e6ba8111c1c3/refresh - {}
RESULT: {}
COMMAND: GET /session/cbab2cbbd32afdf19af3e6ba8111c1c3/screenshot - {}
RESULT: {}
COMMAND: POST /session/cbab2cbbd32afdf19af3e6ba8111c1c3/execute/async - {"script":"<script> [189 bytes]","args":[]}
RESULT: {"script":"<script> [189 bytes]","args":[]}
COMMAND: POST /session/cbab2cbbd32afdf19af3e6ba8111c1c3/execute/async - {"script":"<script> [123 bytes]","args":[]}
RESULT: {"script":"<script> [123 bytes]","args":[]}
COMMAND: POST /session/cbab2cbbd32afdf19af3e6ba8111c1c3/timeouts - {"script":"<number>"}
RESULT: {"script":"<number>"}
COMMAND: GET /session/cbab2cbbd32afdf19af3e6ba8111c1c3/timeouts - {}
RESULT: {}
RESULT: undefined
COMMAND: POST /session/cbab2cbbd32afdf19af3e6ba8111c1c3/execute/async - {"script":"<script> [2676 bytes]","args":[]}
RESULT: {"script":"<script> [2676 bytes]","args":[]}
COMMAND: POST /session/cbab2cbbd32afdf19af3e6ba8111c1c3/execute/async - {"script":"<script> [2342 bytes]","args":[{"protocol":"http","hostname":"0.0.0.0","path":"/","capabilities":{"browserName":"chrome","goog:chromeOptions":{"binary":"C:\\Program Files\\Google\\Chrome\\Application\\chrome.exe","args":["--start-maximized"]}},"logLevel":"warn","connectionRetryTimeout":120000,"connectionRetryCount":3,"logLevels":{},"enableDirectConnect":true,"strictSSL":true,"_":"65 more keys: [\"cacheDir\",\"port\",\"requestedCapabilities\",\"automationProtocol\",\"baseUrl\",\"waitforInterval\",\"waitforTimeout\",\"onReload\",\"beforeCommand\",\"afterCommand\",\"rootDir\",\"specs\",\"suites\",\"exclude\",\"groupLogsByTestSpec\",\"excludeDriverLogs\",\"bail\",\"framework\",\"reporters\",\"services\",\"maxInstances\",\"maxInstancesPerCapability\",\"injectGlobals\",\"filesToWatch\",\"execArgv\",\"runnerEnv\",\"runner\",\"shard\",\"specFileRetries\",\"specFileRetriesDelay\",\"specFileRetriesDeferred\",\"reporterSyncInterval\",\"reporterSyncTimeout\",\"cucumberFeaturesWithLineNumbers\",\"autoCompileOpts\",\"mochaOpts\",\"jasmineOpts\",\"cucumberOpts\",\"onPrepare\",\"onWorkerStart\",\"onWorkerEnd\",\"before\",\"beforeSession\",\"beforeSuite\",\"beforeHook\",\"beforeTest\",\"afterTest\",\"afterHook\",\"afterSuite\",\"afterSession\",\"after\",\"onComplete\",\"beforeAssertion\",\"afterAssertion\",\"beforeFeature\",\"beforeScenario\",\"beforeStep\",\"afterStep\",\"afterScenario\",\"afterFeature\",\"_\",\"suite\",\"$0\",\"ignoredWorkerServices\",\"wdi5\"]"}]}
RESULT: {"script":"<script> [2342 bytes]","args":[{"protocol":"http","hostname":"0.0.0.0","path":"/","capabilities":{"browserName":"chrome","goog:chromeOptions":{"binary":"C:\\Program Files\\Google\\Chrome\\Application\\chrome.exe","args":["--start-maximized"]}},"logLevel":"warn","connectionRetryTimeout":120000,"connectionRetryCount":3,"logLevels":{},"enableDirectConnect":true,"strictSSL":true,"_":"65 more keys: [\"cacheDir\",\"port\",\"requestedCapabilities\",\"automationProtocol\",\"baseUrl\",\"waitforInterval\",\"waitforTimeout\",\"onReload\",\"beforeCommand\",\"afterCommand\",\"rootDir\",\"specs\",\"suites\",\"exclude\",\"groupLogsByTestSpec\",\"excludeDriverLogs\",\"bail\",\"framework\",\"reporters\",\"services\",\"maxInstances\",\"maxInstancesPerCapability\",\"injectGlobals\",\"filesToWatch\",\"execArgv\",\"runnerEnv\",\"runner\",\"shard\",\"specFileRetries\",\"specFileRetriesDelay\",\"specFileRetriesDeferred\",\"reporterSyncInterval\",\"reporterSyncTimeout\",\"cucumberFeaturesWithLineNumbers\",\"autoCompileOpts\",\"mochaOpts\",\"jasmineOpts\",\"cucumberOpts\",\"onPrepare\",\"onWorkerStart\",\"onWorkerEnd\",\"before\",\"beforeSession\",\"beforeSuite\",\"beforeHook\",\"beforeTest\",\"afterTest\",\"afterHook\",\"afterSuite\",\"afterSession\",\"after\",\"onComplete\",\"beforeAssertion\",\"afterAssertion\",\"beforeFeature\",\"beforeScenario\",\"beforeStep\",\"afterStep\",\"afterScenario\",\"afterFeature\",\"_\",\"suite\",\"$0\",\"ignoredWorkerServices\",\"wdi5\"]"}]}
COMMAND: POST /session/cbab2cbbd32afdf19af3e6ba8111c1c3/execute/async - {"script":"<script> [21126 bytes]","args":[35000]}
RESULT: {"script":"<script> [21126 bytes]","args":[35000]}
COMMAND: POST /session/cbab2cbbd32afdf19af3e6ba8111c1c3/execute/async - {"script":"<script> [1562 bytes]","args":[{"selector":{"controlType":"sap.m.Button","viewName":"etm.portal.ui.managecatalogs.view.Detail","viewId":"application-managecatalogs-display-component---detailCatalog","i18NText":{"propertyName":"text","key":"edit"},"interaction":{"idSuffix":"BDI-content"}},"wdio_ui5_key":"etmportal.ui.managecatalogs.view.Detailsap.m.Button{\"propertyName\":\"text\",\"key\":\"edit\"}"}]}
RESULT: {"script":"<script> [1562 bytes]","args":[{"selector":{"controlType":"sap.m.Button","viewName":"etm.portal.ui.managecatalogs.view.Detail","viewId":"application-managecatalogs-display-component---detailCatalog","i18NText":{"propertyName":"text","key":"edit"},"interaction":{"idSuffix":"BDI-content"}},"wdio_ui5_key":"etmportal.ui.managecatalogs.view.Detailsap.m.Button{\"propertyName\":\"text\",\"key\":\"edit\"}"}]}
RESULT: undefined
COMMAND: POST /session/cbab2cbbd32afdf19af3e6ba8111c1c3/element - {"using":"xpath","value":"//*[@id=\"__button25\"]"}
RESULT: {"using":"xpath","value":"//*[@id=\"__button25\"]"}
COMMAND: POST /session/cbab2cbbd32afdf19af3e6ba8111c1c3/element/f.4865000251A30E3BD1E5EDC5108DADF6.d.7399B0DDD058230EE56E7004F6F03B0A.e.8175/click - {}
RESULT: {}
COMMAND: POST /session/cbab2cbbd32afdf19af3e6ba8111c1c3/execute/async - {"script":"<script> [1562 bytes]","args":[{"selector":{"controlType":"sap.ui.core.Icon","viewName":"etm.portal.ui.managecatalogs.view.Detail","viewId":"application-managecatalogs-display-component---detailCatalog","properties":{"src":{"regex":{"source":"add\\-document"}}}},"wdio_ui5_key":"etmportal.ui.managecatalogs.view.Detailsap.ui.core.Icon{\"src\":{\"regex\":{\"source\":\"add\\\\-document\"}}}"}]}
COMMAND: GET /session/cbab2cbbd32afdf19af3e6ba8111c1c3/screenshot - {}
RESULT: {"script":"<script> [1562 bytes]","args":[{"selector":{"controlType":"sap.ui.core.Icon","viewName":"etm.portal.ui.managecatalogs.view.Detail","viewId":"application-managecatalogs-display-component---detailCatalog","properties":{"src":{"regex":{"source":"add\\-document"}}}},"wdio_ui5_key":"etmportal.ui.managecatalogs.view.Detailsap.ui.core.Icon{\"src\":{\"regex\":{\"source\":\"add\\\\-document\"}}}"}]}
RESULT: undefined
COMMAND: POST /session/cbab2cbbd32afdf19af3e6ba8111c1c3/element - {"using":"xpath","value":"//*[@id=\"__button34-img\"]"}
RESULT: {}
RESULT: {"using":"xpath","value":"//*[@id=\"__button34-img\"]"}
COMMAND: POST /session/cbab2cbbd32afdf19af3e6ba8111c1c3/element/f.4865000251A30E3BD1E5EDC5108DADF6.d.7399B0DDD058230EE56E7004F6F03B0A.e.8181/click - {}
RESULT: {}
COMMAND: POST /session/cbab2cbbd32afdf19af3e6ba8111c1c3/execute/async - {"script":"<script> [1562 bytes]","args":[{"selector":{"id":"application-managecatalogs-display-component---detailCatalog--newItemNumberInput","searchOpenDialogs":true,"interaction":{"idSuffix":"inner"}},"wdio_ui5_key":"applicationmanagecatalogs-display-component---detailCatalog--newItemNumberInput"}]}
COMMAND: GET /session/cbab2cbbd32afdf19af3e6ba8111c1c3/screenshot - {}
RESULT: {"script":"<script> [1562 bytes]","args":[{"selector":{"id":"application-managecatalogs-display-component---detailCatalog--newItemNumberInput","searchOpenDialogs":true,"interaction":{"idSuffix":"inner"}},"wdio_ui5_key":"applicationmanagecatalogs-display-component---detailCatalog--newItemNumberInput"}]}
RESULT: undefined
COMMAND: POST /session/cbab2cbbd32afdf19af3e6ba8111c1c3/execute/async - {"script":"<script> [776 bytes]","args":[{"enterText":"catalogItem3qehi","selector":{"id":"application-managecatalogs-display-component---detailCatalog--newItemNumberInput","searchOpenDialogs":true,"interaction":{"idSuffix":"inner"}},"clearTextFirst":true,"interactionType":"ENTER_TEXT"}]}
RESULT: {}
RESULT: {"script":"<script> [776 bytes]","args":[{"enterText":"catalogItem3qehi","selector":{"id":"application-managecatalogs-display-component---detailCatalog--newItemNumberInput","searchOpenDialogs":true,"interaction":{"idSuffix":"inner"}},"clearTextFirst":true,"interactionType":"ENTER_TEXT"}]}
COMMAND: POST /session/cbab2cbbd32afdf19af3e6ba8111c1c3/execute/async - {"script":"<script> [1562 bytes]","args":[{"selector":{"controlType":"sap.m.Input","viewName":"etm.portal.ui.managecatalogs.view.Detail","viewId":"application-managecatalogs-display-component---detailCatalog","bindingPath":{"path":"","propertyPath":"/DESCRIPTION"},"searchOpenDialogs":true,"interaction":{"idSuffix":"inner"}},"wdio_ui5_key":"etmportal.ui.managecatalogs.view.Detailsap.m.Input{\"path\":\"\",\"propertyPath\":\"/DESCRIPTION\"}"}]}
RESULT: {"script":"<script> [1562 bytes]","args":[{"selector":{"controlType":"sap.m.Input","viewName":"etm.portal.ui.managecatalogs.view.Detail","viewId":"application-managecatalogs-display-component---detailCatalog","bindingPath":{"path":"","propertyPath":"/DESCRIPTION"},"searchOpenDialogs":true,"interaction":{"idSuffix":"inner"}},"wdio_ui5_key":"etmportal.ui.managecatalogs.view.Detailsap.m.Input{\"path\":\"\",\"propertyPath\":\"/DESCRIPTION\"}"}]}
RESULT: undefined
COMMAND: POST /session/cbab2cbbd32afdf19af3e6ba8111c1c3/execute/async - {"script":"<script> [776 bytes]","args":[{"enterText":"catalogItemNameh51ug","selector":{"controlType":"sap.m.Input","viewName":"etm.portal.ui.managecatalogs.view.Detail","viewId":"application-managecatalogs-display-component---detailCatalog","bindingPath":{"path":"","propertyPath":"/DESCRIPTION"},"searchOpenDialogs":true,"interaction":{"idSuffix":"inner"}},"clearTextFirst":true,"interactionType":"ENTER_TEXT"}]}
RESULT: {"script":"<script> [776 bytes]","args":[{"enterText":"catalogItemNameh51ug","selector":{"controlType":"sap.m.Input","viewName":"etm.portal.ui.managecatalogs.view.Detail","viewId":"application-managecatalogs-display-component---detailCatalog","bindingPath":{"path":"","propertyPath":"/DESCRIPTION"},"searchOpenDialogs":true,"interaction":{"idSuffix":"inner"}},"clearTextFirst":true,"interactionType":"ENTER_TEXT"}]}
COMMAND: POST /session/cbab2cbbd32afdf19af3e6ba8111c1c3/execute/async - {"script":"<script> [1562 bytes]","args":[{"selector":{"controlType":"sap.m.Button","viewName":"etm.portal.ui.managecatalogs.view.Detail","viewId":"application-managecatalogs-display-component---detailCatalog","i18NText":{"propertyName":"text","key":"create"},"searchOpenDialogs":true,"interaction":{"idSuffix":"BDI-content"}},"wdio_ui5_key":"etmportal.ui.managecatalogs.view.Detailsap.m.Button{\"propertyName\":\"text\",\"key\":\"create\"}"}]}
RESULT: {"script":"<script> [1562 bytes]","args":[{"selector":{"controlType":"sap.m.Button","viewName":"etm.portal.ui.managecatalogs.view.Detail","viewId":"application-managecatalogs-display-component---detailCatalog","i18NText":{"propertyName":"text","key":"create"},"searchOpenDialogs":true,"interaction":{"idSuffix":"BDI-content"}},"wdio_ui5_key":"etmportal.ui.managecatalogs.view.Detailsap.m.Button{\"propertyName\":\"text\",\"key\":\"create\"}"}]}
RESULT: undefined
COMMAND: POST /session/cbab2cbbd32afdf19af3e6ba8111c1c3/element - {"using":"xpath","value":"//*[@id=\"__button9\"]"}
RESULT: {"using":"xpath","value":"//*[@id=\"__button9\"]"}
COMMAND: POST /session/cbab2cbbd32afdf19af3e6ba8111c1c3/element/f.4865000251A30E3BD1E5EDC5108DADF6.d.7399B0DDD058230EE56E7004F6F03B0A.e.8191/click - {}
RESULT: {}
COMMAND: GET /session/cbab2cbbd32afdf19af3e6ba8111c1c3/screenshot - {}
RESULT: {}
COMMAND: POST /session/cbab2cbbd32afdf19af3e6ba8111c1c3/element - {"using":"xpath","value":"//button[@title=\"Save\"]"}
RESULT: {"using":"xpath","value":"//button[@title=\"Save\"]"}
COMMAND: POST /session/cbab2cbbd32afdf19af3e6ba8111c1c3/element/f.4865000251A30E3BD1E5EDC5108DADF6.d.7399B0DDD058230EE56E7004F6F03B0A.e.8192/click - {}
RESULT: {}
COMMAND: GET /session/cbab2cbbd32afdf19af3e6ba8111c1c3/screenshot - {}
RESULT: {}
COMMAND: POST /session/cbab2cbbd32afdf19af3e6ba8111c1c3/execute/async - {"script":"<script> [1562 bytes]","args":[{"selector":{"controlType":"sap.ui.core.Icon","viewName":"etm.portal.ui.managecatalogs.view.Detail","viewId":"application-managecatalogs-display-component---detailCatalog","properties":{"src":{"regex":{"source":"decline"}}}},"wdio_ui5_key":"etmportal.ui.managecatalogs.view.Detailsap.ui.core.Icon{\"src\":{\"regex\":{\"source\":\"decline\"}}}"}]}
RESULT: {"script":"<script> [1562 bytes]","args":[{"selector":{"controlType":"sap.ui.core.Icon","viewName":"etm.portal.ui.managecatalogs.view.Detail","viewId":"application-managecatalogs-display-component---detailCatalog","properties":{"src":{"regex":{"source":"decline"}}}},"wdio_ui5_key":"etmportal.ui.managecatalogs.view.Detailsap.ui.core.Icon{\"src\":{\"regex\":{\"source\":\"decline\"}}}"}]}
RESULT: undefined
COMMAND: POST /session/cbab2cbbd32afdf19af3e6ba8111c1c3/element - {"using":"xpath","value":"//*[@id=\"__button28-img\"]"}
RESULT: {"using":"xpath","value":"//*[@id=\"__button28-img\"]"}
COMMAND: POST /session/cbab2cbbd32afdf19af3e6ba8111c1c3/element/f.4865000251A30E3BD1E5EDC5108DADF6.d.7399B0DDD058230EE56E7004F6F03B0A.e.8198/click - {}
RESULT: {}
COMMAND: GET /session/cbab2cbbd32afdf19af3e6ba8111c1c3/screenshot - {}
RESULT: {}
COMMAND: POST /session/cbab2cbbd32afdf19af3e6ba8111c1c3/execute/async - {"script":"<script> [1562 bytes]","args":[{"selector":{"controlType":"sap.ui.core.Icon","viewName":"etm.portal.ui.managecatalogs.view.MasterItems","viewId":"application-managecatalogs-display-component---masterCatalogItems","properties":{"src":{"regex":{"source":"refresh"}}}},"wdio_ui5_key":"etmportal.ui.managecatalogs.view.MasterItemssap.ui.core.Icon{\"src\":{\"regex\":{\"source\":\"refresh\"}}}"}]}
RESULT: {"script":"<script> [1562 bytes]","args":[{"selector":{"controlType":"sap.ui.core.Icon","viewName":"etm.portal.ui.managecatalogs.view.MasterItems","viewId":"application-managecatalogs-display-component---masterCatalogItems","properties":{"src":{"regex":{"source":"refresh"}}}},"wdio_ui5_key":"etmportal.ui.managecatalogs.view.MasterItemssap.ui.core.Icon{\"src\":{\"regex\":{\"source\":\"refresh\"}}}"}]}
RESULT: undefined
COMMAND: POST /session/cbab2cbbd32afdf19af3e6ba8111c1c3/element - {"using":"xpath","value":"//*[@id=\"__button1-img\"]"}
RESULT: {"using":"xpath","value":"//*[@id=\"__button1-img\"]"}
COMMAND: POST /session/cbab2cbbd32afdf19af3e6ba8111c1c3/element/f.4865000251A30E3BD1E5EDC5108DADF6.d.7399B0DDD058230EE56E7004F6F03B0A.e.8206/click - {}
RESULT: {}
COMMAND: GET /session/cbab2cbbd32afdf19af3e6ba8111c1c3/screenshot - {}
RESULT: {}
COMMAND: POST /session/cbab2cbbd32afdf19af3e6ba8111c1c3/execute/async - {"script":"<script> [1562 bytes]","args":[{"selector":{"id":"application-managecatalogs-display-component---masterCatalogItems--searchItemsField","interaction":{"idSuffix":"I"}},"wdio_ui5_key":"applicationmanagecatalogs-display-component---masterCatalogItems--searchItemsField"}]}
RESULT: {"script":"<script> [1562 bytes]","args":[{"selector":{"id":"application-managecatalogs-display-component---masterCatalogItems--searchItemsField","interaction":{"idSuffix":"I"}},"wdio_ui5_key":"applicationmanagecatalogs-display-component---masterCatalogItems--searchItemsField"}]}
RESULT: undefined
COMMAND: POST /session/cbab2cbbd32afdf19af3e6ba8111c1c3/execute/async - {"script":"<script> [776 bytes]","args":[{"enterText":"catalogItemNameh51ug","selector":{"id":"application-managecatalogs-display-component---masterCatalogItems--searchItemsField","interaction":{"idSuffix":"I"}},"clearTextFirst":true,"interactionType":"ENTER_TEXT"}]}
RESULT: {"script":"<script> [776 bytes]","args":[{"enterText":"catalogItemNameh51ug","selector":{"id":"application-managecatalogs-display-component---masterCatalogItems--searchItemsField","interaction":{"idSuffix":"I"}},"clearTextFirst":true,"interactionType":"ENTER_TEXT"}]}
COMMAND: POST /session/cbab2cbbd32afdf19af3e6ba8111c1c3/actions - {"actions":[{"id":"action50","type":"key","parameters":{},"actions":[{"type":"keyDown","value":"î€‡"},{"type":"pause","duration":10},{"type":"keyUp","value":"î€‡"}]}]}
RESULT: {"actions":[{"id":"action50","type":"key","parameters":{},"actions":[{"type":"keyDown","value":"î€‡"},{"type":"pause","duration":10},{"type":"keyUp","value":"î€‡"}]}]}
COMMAND: POST /session/cbab2cbbd32afdf19af3e6ba8111c1c3/element - {"using":"xpath","value":"(//span[contains(text(), \"catalogItemNameh51ug\")])[1]"}
COMMAND: GET /session/cbab2cbbd32afdf19af3e6ba8111c1c3/screenshot - {}
RESULT: {"using":"xpath","value":"(//span[contains(text(), \"catalogItemNameh51ug\")])[1]"}
COMMAND: POST /session/cbab2cbbd32afdf19af3e6ba8111c1c3/element/f.4865000251A30E3BD1E5EDC5108DADF6.d.7399B0DDD058230EE56E7004F6F03B0A.e.8241/click - {}
RESULT: {}
RESULT: {}
COMMAND: GET /session/cbab2cbbd32afdf19af3e6ba8111c1c3/screenshot - {}
RESULT: {}
COMMAND: POST /session/cbab2cbbd32afdf19af3e6ba8111c1c3/element - {"using":"xpath","value":"//span[contains(text(), \"catalogItem3qehi\")]"}
RESULT: {"using":"xpath","value":"//span[contains(text(), \"catalogItem3qehi\")]"}
COMMAND: GET /session/cbab2cbbd32afdf19af3e6ba8111c1c3/element/f.4865000251A30E3BD1E5EDC5108DADF6.d.7399B0DDD058230EE56E7004F6F03B0A.e.8300/text - {}
RESULT: {}
]]></system-out>
    </testcase>
    <testcase classname="chrome.135_0_7049_96.windows.Manage_requests_-_requests_specifications_US141095" name="Should add the classification to the catalog item" time="37.339">
      <system-out><![CDATA[
RESULT: undefined
COMMAND: POST /session/cbab2cbbd32afdf19af3e6ba8111c1c3/element - {"using":"xpath","value":"//*[@id=\"__button25\"]"}
RESULT: {"using":"xpath","value":"//*[@id=\"__button25\"]"}
COMMAND: POST /session/cbab2cbbd32afdf19af3e6ba8111c1c3/element/f.4865000251A30E3BD1E5EDC5108DADF6.d.7399B0DDD058230EE56E7004F6F03B0A.e.8301/click - {}
RESULT: {}
COMMAND: GET /session/cbab2cbbd32afdf19af3e6ba8111c1c3/screenshot - {}
RESULT: {}
COMMAND: POST /session/cbab2cbbd32afdf19af3e6ba8111c1c3/execute/async - {"script":"<script> [1562 bytes]","args":[{"selector":{"id":"application-managecatalogs-display-component---detailCatalog--BASE_UNIT_OF_MEASURE-arrow"},"wdio_ui5_key":"applicationmanagecatalogs-display-component---detailCatalog--BASE_UNIT_OF_MEASURE-arrow"}]}
RESULT: {"script":"<script> [1562 bytes]","args":[{"selector":{"id":"application-managecatalogs-display-component---detailCatalog--BASE_UNIT_OF_MEASURE-arrow"},"wdio_ui5_key":"applicationmanagecatalogs-display-component---detailCatalog--BASE_UNIT_OF_MEASURE-arrow"}]}
RESULT: undefined
COMMAND: POST /session/cbab2cbbd32afdf19af3e6ba8111c1c3/element - {"using":"xpath","value":"//*[@id=\"application-managecatalogs-display-component---detailCatalog--BASE_UNIT_OF_MEASURE-arrow\"]"}
RESULT: {"using":"xpath","value":"//*[@id=\"application-managecatalogs-display-component---detailCatalog--BASE_UNIT_OF_MEASURE-arrow\"]"}
COMMAND: POST /session/cbab2cbbd32afdf19af3e6ba8111c1c3/element/f.4865000251A30E3BD1E5EDC5108DADF6.d.7399B0DDD058230EE56E7004F6F03B0A.e.8332/click - {}
RESULT: {}
COMMAND: POST /session/cbab2cbbd32afdf19af3e6ba8111c1c3/execute/async - {"script":"<script> [1562 bytes]","args":[{"selector":{"controlType":"sap.m.StandardListItem","viewName":"etm.portal.ui.managecatalogs.view.Detail","viewId":"application-managecatalogs-display-component---detailCatalog","properties":{"title":"Piece"},"searchOpenDialogs":true,"interaction":{"idSuffix":"titleText"}},"wdio_ui5_key":"etmportal.ui.managecatalogs.view.Detailsap.m.StandardListItem{\"title\":\"Piece\"}"}]}
COMMAND: GET /session/cbab2cbbd32afdf19af3e6ba8111c1c3/screenshot - {}
RESULT: {"script":"<script> [1562 bytes]","args":[{"selector":{"controlType":"sap.m.StandardListItem","viewName":"etm.portal.ui.managecatalogs.view.Detail","viewId":"application-managecatalogs-display-component---detailCatalog","properties":{"title":"Piece"},"searchOpenDialogs":true,"interaction":{"idSuffix":"titleText"}},"wdio_ui5_key":"etmportal.ui.managecatalogs.view.Detailsap.m.StandardListItem{\"title\":\"Piece\"}"}]}
RESULT: undefined
COMMAND: POST /session/cbab2cbbd32afdf19af3e6ba8111c1c3/element - {"using":"xpath","value":"//*[@id=\"__item213\"]"}
RESULT: {}
RESULT: {"using":"xpath","value":"//*[@id=\"__item213\"]"}
COMMAND: POST /session/cbab2cbbd32afdf19af3e6ba8111c1c3/element/f.4865000251A30E3BD1E5EDC5108DADF6.d.7399B0DDD058230EE56E7004F6F03B0A.e.8334/click - {}
RESULT: {}
COMMAND: POST /session/cbab2cbbd32afdf19af3e6ba8111c1c3/element - {"using":"xpath","value":"//button[contains(@data-kt ,\"ClassificationAddClassButton\")]"}
COMMAND: GET /session/cbab2cbbd32afdf19af3e6ba8111c1c3/screenshot - {}
RESULT: {"using":"xpath","value":"//button[contains(@data-kt ,\"ClassificationAddClassButton\")]"}
COMMAND: POST /session/cbab2cbbd32afdf19af3e6ba8111c1c3/element/f.4865000251A30E3BD1E5EDC5108DADF6.d.7399B0DDD058230EE56E7004F6F03B0A.e.8335/click - {}
RESULT: {}
RESULT: {}
COMMAND: GET /session/cbab2cbbd32afdf19af3e6ba8111c1c3/screenshot - {}
RESULT: {}
COMMAND: POST /session/cbab2cbbd32afdf19af3e6ba8111c1c3/element - {"using":"xpath","value":"//input[contains(@id ,\"searchField-I\")]"}
RESULT: {"using":"xpath","value":"//input[contains(@id ,\"searchField-I\")]"}
COMMAND: POST /session/cbab2cbbd32afdf19af3e6ba8111c1c3/element/f.4865000251A30E3BD1E5EDC5108DADF6.d.7399B0DDD058230EE56E7004F6F03B0A.e.8338/value - {"text":"WebdriverItemClassokcg6"}
RESULT: {"text":"WebdriverItemClassokcg6"}
COMMAND: POST /session/cbab2cbbd32afdf19af3e6ba8111c1c3/actions - {"actions":[{"id":"action51","type":"key","parameters":{},"actions":[{"type":"keyDown","value":"î€‡"},{"type":"pause","duration":10},{"type":"keyUp","value":"î€‡"}]}]}
COMMAND: GET /session/cbab2cbbd32afdf19af3e6ba8111c1c3/screenshot - {}
RESULT: {"actions":[{"id":"action51","type":"key","parameters":{},"actions":[{"type":"keyDown","value":"î€‡"},{"type":"pause","duration":10},{"type":"keyUp","value":"î€‡"}]}]}
COMMAND: GET /session/cbab2cbbd32afdf19af3e6ba8111c1c3/screenshot - {}
RESULT: {}
RESULT: {}
COMMAND: POST /session/cbab2cbbd32afdf19af3e6ba8111c1c3/element - {"using":"xpath","value":"//span[contains(text(), \"WebdriverItemClassokcg6\")]"}
RESULT: {"using":"xpath","value":"//span[contains(text(), \"WebdriverItemClassokcg6\")]"}
COMMAND: POST /session/cbab2cbbd32afdf19af3e6ba8111c1c3/element/f.4865000251A30E3BD1E5EDC5108DADF6.d.7399B0DDD058230EE56E7004F6F03B0A.e.8376/click - {}
RESULT: {}
COMMAND: GET /session/cbab2cbbd32afdf19af3e6ba8111c1c3/screenshot - {}
RESULT: {}
COMMAND: POST /session/cbab2cbbd32afdf19af3e6ba8111c1c3/execute/async - {"script":"<script> [1562 bytes]","args":[{"selector":{"controlType":"sap.m.Button","viewName":"etm.portal.ui.managecatalogs.view.Detail","viewId":"application-managecatalogs-display-component---detailCatalog","properties":{"text":"Classification"},"interaction":{"idSuffix":"BDI-content"}},"wdio_ui5_key":"etmportal.ui.managecatalogs.view.Detailsap.m.Button{\"text\":\"Classification\"}"}]}
RESULT: {"script":"<script> [1562 bytes]","args":[{"selector":{"controlType":"sap.m.Button","viewName":"etm.portal.ui.managecatalogs.view.Detail","viewId":"application-managecatalogs-display-component---detailCatalog","properties":{"text":"Classification"},"interaction":{"idSuffix":"BDI-content"}},"wdio_ui5_key":"etmportal.ui.managecatalogs.view.Detailsap.m.Button{\"text\":\"Classification\"}"}]}
RESULT: undefined
COMMAND: POST /session/cbab2cbbd32afdf19af3e6ba8111c1c3/element - {"using":"xpath","value":"//*[@id=\"application-managecatalogs-display-component---detailCatalog--ObjectPageLayout-anchBar-__section3-anchor\"]"}
RESULT: {"using":"xpath","value":"//*[@id=\"application-managecatalogs-display-component---detailCatalog--ObjectPageLayout-anchBar-__section3-anchor\"]"}
COMMAND: POST /session/cbab2cbbd32afdf19af3e6ba8111c1c3/element/f.4865000251A30E3BD1E5EDC5108DADF6.d.7399B0DDD058230EE56E7004F6F03B0A.e.8381/click - {}
RESULT: {}
COMMAND: POST /session/cbab2cbbd32afdf19af3e6ba8111c1c3/execute/async - {"script":"<script> [1562 bytes]","args":[{"selector":{"controlType":"sap.ui.core.Icon","viewName":"etm.portal.ui.managecatalogs.view.Detail","viewId":"application-managecatalogs-display-component---detailCatalog","properties":{"src":{"regex":{"source":"slim\\-arrow\\-right"}}},"ancestor":{"controlType":"sap.m.Panel","viewName":"etm.portal.ui.managecatalogs.view.Detail","viewId":"application-managecatalogs-display-component---detailCatalog"}},"wdio_ui5_key":"etmportal.ui.managecatalogs.view.Detailsap.ui.core.Icon{\"src\":{\"regex\":{\"source\":\"slim\\\\-arrow\\\\-right\"}}}{\"controlType\":\"sap.m.Panel\",\"viewName\":\"etm.portal.ui.managecatalogs.view.Detail\",\"viewId\":\"application-managecatalogs-display-component---detailCatalog\"}"}]}
COMMAND: GET /session/cbab2cbbd32afdf19af3e6ba8111c1c3/screenshot - {}
RESULT: {"script":"<script> [1562 bytes]","args":[{"selector":{"controlType":"sap.ui.core.Icon","viewName":"etm.portal.ui.managecatalogs.view.Detail","viewId":"application-managecatalogs-display-component---detailCatalog","properties":{"src":{"regex":{"source":"slim\\-arrow\\-right"}}},"ancestor":{"controlType":"sap.m.Panel","viewName":"etm.portal.ui.managecatalogs.view.Detail","viewId":"application-managecatalogs-display-component---detailCatalog"}},"wdio_ui5_key":"etmportal.ui.managecatalogs.view.Detailsap.ui.core.Icon{\"src\":{\"regex\":{\"source\":\"slim\\\\-arrow\\\\-right\"}}}{\"controlType\":\"sap.m.Panel\",\"viewName\":\"etm.portal.ui.managecatalogs.view.Detail\",\"viewId\":\"application-managecatalogs-display-component---detailCatalog\"}"}]}
RESULT: undefined
COMMAND: POST /session/cbab2cbbd32afdf19af3e6ba8111c1c3/element - {"using":"xpath","value":"//*[@id=\"__panel0-__layout17-0-expandButton-img\"]"}
RESULT: {}
RESULT: {"using":"xpath","value":"//*[@id=\"__panel0-__layout17-0-expandButton-img\"]"}
COMMAND: POST /session/cbab2cbbd32afdf19af3e6ba8111c1c3/element/f.4865000251A30E3BD1E5EDC5108DADF6.d.7399B0DDD058230EE56E7004F6F03B0A.e.8387/click - {}
RESULT: {}
COMMAND: POST /session/cbab2cbbd32afdf19af3e6ba8111c1c3/execute/async - {"script":"<script> [1562 bytes]","args":[{"selector":{"controlType":"sap.ui.core.Icon","viewName":"etm.portal.ui.managecatalogs.view.Detail","viewId":"application-managecatalogs-display-component---detailCatalog","properties":{"src":{"regex":{"source":"slim\\-arrow\\-down"}}},"ancestor":{"controlType":"sap.m.ColumnListItem","viewName":"etm.portal.ui.managecatalogs.view.Detail","viewId":"application-managecatalogs-display-component---detailCatalog","bindingPath":{"modelName":"classModel","path":"/data/0/PROPERTIES/0"},"ancestor":{"controlType":"sap.m.Table","viewName":"etm.portal.ui.managecatalogs.view.Detail","viewId":"application-managecatalogs-display-component---detailCatalog","bindingPath":{"path":"/data/0","propertyPath":"PROPERTIES","modelName":"classModel"}}}},"wdio_ui5_key":"etmportal.ui.managecatalogs.view.Detailsap.ui.core.Icon{\"src\":{\"regex\":{\"source\":\"slim\\\\-arrow\\\\-down\"}}}{\"controlType\":\"sap.m.ColumnListItem\",\"viewName\":\"etm.portal.ui.managecatalogs.view.Detail\",\"viewId\":\"application-managecatalogs-display-component---detailCatalog\",\"bindingPath\":{\"modelName\":\"classModel\",\"path\":\"/data/0/PROPERTIES/0\"},\"ancestor\":{\"controlType\":\"sap.m.Table\",\"viewName\":\"etm.portal.ui.managecatalogs.view.Detail\",\"viewId\":\"application-managecatalogs-display-component---detailCatalog\",\"bindingPath\":{\"path\":\"/data/0\",\"propertyPath\":\"PROPERTIES\",\"modelName\":\"classModel\"}}}"}]}
COMMAND: GET /session/cbab2cbbd32afdf19af3e6ba8111c1c3/screenshot - {}
RESULT: {"script":"<script> [1562 bytes]","args":[{"selector":{"controlType":"sap.ui.core.Icon","viewName":"etm.portal.ui.managecatalogs.view.Detail","viewId":"application-managecatalogs-display-component---detailCatalog","properties":{"src":{"regex":{"source":"slim\\-arrow\\-down"}}},"ancestor":{"controlType":"sap.m.ColumnListItem","viewName":"etm.portal.ui.managecatalogs.view.Detail","viewId":"application-managecatalogs-display-component---detailCatalog","bindingPath":{"modelName":"classModel","path":"/data/0/PROPERTIES/0"},"ancestor":{"controlType":"sap.m.Table","viewName":"etm.portal.ui.managecatalogs.view.Detail","viewId":"application-managecatalogs-display-component---detailCatalog","bindingPath":{"path":"/data/0","propertyPath":"PROPERTIES","modelName":"classModel"}}}},"wdio_ui5_key":"etmportal.ui.managecatalogs.view.Detailsap.ui.core.Icon{\"src\":{\"regex\":{\"source\":\"slim\\\\-arrow\\\\-down\"}}}{\"controlType\":\"sap.m.ColumnListItem\",\"viewName\":\"etm.portal.ui.managecatalogs.view.Detail\",\"viewId\":\"application-managecatalogs-display-component---detailCatalog\",\"bindingPath\":{\"modelName\":\"classModel\",\"path\":\"/data/0/PROPERTIES/0\"},\"ancestor\":{\"controlType\":\"sap.m.Table\",\"viewName\":\"etm.portal.ui.managecatalogs.view.Detail\",\"viewId\":\"application-managecatalogs-display-component---detailCatalog\",\"bindingPath\":{\"path\":\"/data/0\",\"propertyPath\":\"PROPERTIES\",\"modelName\":\"classModel\"}}}"}]}
RESULT: undefined
COMMAND: POST /session/cbab2cbbd32afdf19af3e6ba8111c1c3/element - {"using":"xpath","value":"//*[@id=\"__box31-arrow\"]"}
RESULT: {}
RESULT: {"using":"xpath","value":"//*[@id=\"__box31-arrow\"]"}
COMMAND: POST /session/cbab2cbbd32afdf19af3e6ba8111c1c3/element/f.4865000251A30E3BD1E5EDC5108DADF6.d.7399B0DDD058230EE56E7004F6F03B0A.e.8400/click - {}
RESULT: {}
COMMAND: POST /session/cbab2cbbd32afdf19af3e6ba8111c1c3/execute/async - {"script":"<script> [1562 bytes]","args":[{"selector":{"controlType":"sap.m.StandardListItem","viewName":"etm.portal.ui.managecatalogs.view.Detail","viewId":"application-managecatalogs-display-component---detailCatalog","properties":{"title":"red"},"searchOpenDialogs":true,"interaction":{"idSuffix":"content"}},"wdio_ui5_key":"etmportal.ui.managecatalogs.view.Detailsap.m.StandardListItem{\"title\":\"red\"}"}]}
COMMAND: GET /session/cbab2cbbd32afdf19af3e6ba8111c1c3/screenshot - {}
RESULT: {"script":"<script> [1562 bytes]","args":[{"selector":{"controlType":"sap.m.StandardListItem","viewName":"etm.portal.ui.managecatalogs.view.Detail","viewId":"application-managecatalogs-display-component---detailCatalog","properties":{"title":"red"},"searchOpenDialogs":true,"interaction":{"idSuffix":"content"}},"wdio_ui5_key":"etmportal.ui.managecatalogs.view.Detailsap.m.StandardListItem{\"title\":\"red\"}"}]}
RESULT: undefined
COMMAND: POST /session/cbab2cbbd32afdf19af3e6ba8111c1c3/element - {"using":"xpath","value":"//*[@id=\"__item221\"]"}
RESULT: {}
RESULT: {"using":"xpath","value":"//*[@id=\"__item221\"]"}
COMMAND: POST /session/cbab2cbbd32afdf19af3e6ba8111c1c3/element/f.4865000251A30E3BD1E5EDC5108DADF6.d.7399B0DDD058230EE56E7004F6F03B0A.e.8403/click - {}
RESULT: {}
COMMAND: GET /session/cbab2cbbd32afdf19af3e6ba8111c1c3/screenshot - {}
RESULT: {}
COMMAND: POST /session/cbab2cbbd32afdf19af3e6ba8111c1c3/execute/async - {"script":"<script> [1562 bytes]","args":[{"selector":{"controlType":"sap.m.Button","viewName":"etm.portal.ui.managecatalogs.view.Detail","viewId":"application-managecatalogs-display-component---detailCatalog","i18NText":{"propertyName":"text","key":"save"},"interaction":{"idSuffix":"BDI-content"}},"wdio_ui5_key":"etmportal.ui.managecatalogs.view.Detailsap.m.Button{\"propertyName\":\"text\",\"key\":\"save\"}"}]}
RESULT: {"script":"<script> [1562 bytes]","args":[{"selector":{"controlType":"sap.m.Button","viewName":"etm.portal.ui.managecatalogs.view.Detail","viewId":"application-managecatalogs-display-component---detailCatalog","i18NText":{"propertyName":"text","key":"save"},"interaction":{"idSuffix":"BDI-content"}},"wdio_ui5_key":"etmportal.ui.managecatalogs.view.Detailsap.m.Button{\"propertyName\":\"text\",\"key\":\"save\"}"}]}
RESULT: undefined
COMMAND: POST /session/cbab2cbbd32afdf19af3e6ba8111c1c3/element - {"using":"xpath","value":"//*[@id=\"__button43\"]"}
RESULT: {"using":"xpath","value":"//*[@id=\"__button43\"]"}
COMMAND: POST /session/cbab2cbbd32afdf19af3e6ba8111c1c3/element/f.4865000251A30E3BD1E5EDC5108DADF6.d.7399B0DDD058230EE56E7004F6F03B0A.e.8305/click - {}
RESULT: {}
COMMAND: GET /session/cbab2cbbd32afdf19af3e6ba8111c1c3/screenshot - {}
RESULT: {}
COMMAND: POST /session/cbab2cbbd32afdf19af3e6ba8111c1c3/element - {"using":"css selector","value":"#shell-header-logo"}
RESULT: {"using":"css selector","value":"#shell-header-logo"}
COMMAND: POST /session/cbab2cbbd32afdf19af3e6ba8111c1c3/element/f.4865000251A30E3BD1E5EDC5108DADF6.d.7399B0DDD058230EE56E7004F6F03B0A.e.8169/click - {}
RESULT: {}
COMMAND: GET /session/cbab2cbbd32afdf19af3e6ba8111c1c3/screenshot - {}
RESULT: {}
]]></system-out>
    </testcase>
    <testcase classname="chrome.135_0_7049_96.windows.Manage_requests_-_requests_specifications_US141095" name="Should create a new request and add the catalog item with the specifications" time="134.733">
      <system-out><![CDATA[
COMMAND: POST /session/cbab2cbbd32afdf19af3e6ba8111c1c3/element - {"using":"xpath","value":"//*[contains(@href, 'etm.portal.ui.managerequests')]"}
RESULT: {"using":"xpath","value":"//*[contains(@href, 'etm.portal.ui.managerequests')]"}
COMMAND: POST /session/cbab2cbbd32afdf19af3e6ba8111c1c3/element/f.4865000251A30E3BD1E5EDC5108DADF6.d.7399B0DDD058230EE56E7004F6F03B0A.e.8434/click - {}
RESULT: {}
COMMAND: GET /session/cbab2cbbd32afdf19af3e6ba8111c1c3/screenshot - {}
RESULT: {}
COMMAND: POST /session/cbab2cbbd32afdf19af3e6ba8111c1c3/element - {"using":"xpath","value":"//button[contains(@data-kt ,\"btnCreateNewOverflowToolbarButton\")]"}
COMMAND: POST /session/cbab2cbbd32afdf19af3e6ba8111c1c3/element - {"using":"xpath","value":"(//span[contains(@class ,\"sapMObjStatusText\")])[1]"}
RESULT: {"using":"xpath","value":"//button[contains(@data-kt ,\"btnCreateNewOverflowToolbarButton\")]"}
COMMAND: POST /session/cbab2cbbd32afdf19af3e6ba8111c1c3/element/f.4865000251A30E3BD1E5EDC5108DADF6.d.7399B0DDD058230EE56E7004F6F03B0A.e.8489/click - {}
RESULT: {"using":"xpath","value":"(//span[contains(@class ,\"sapMObjStatusText\")])[1]"}
COMMAND: POST /session/cbab2cbbd32afdf19af3e6ba8111c1c3/execute/sync - {"script":"<script> [8489 bytes]","args":[{"element-6066-11e4-a52e-4f735466cecf":"f.4865000251A30E3BD1E5EDC5108DADF6.d.7399B0DDD058230EE56E7004F6F03B0A.e.8528","ELEMENT":"f.4865000251A30E3BD1E5EDC5108DADF6.d.7399B0DDD058230EE56E7004F6F03B0A.e.8528"}]}
RESULT: {}
COMMAND: GET /session/cbab2cbbd32afdf19af3e6ba8111c1c3/screenshot - {}
RESULT: {"script":"<script> [8489 bytes]","args":[{"element-6066-11e4-a52e-4f735466cecf":"f.4865000251A30E3BD1E5EDC5108DADF6.d.7399B0DDD058230EE56E7004F6F03B0A.e.8528","ELEMENT":"f.4865000251A30E3BD1E5EDC5108DADF6.d.7399B0DDD058230EE56E7004F6F03B0A.e.8528"}]}
COMMAND: GET /session/cbab2cbbd32afdf19af3e6ba8111c1c3/screenshot - {}
RESULT: {}
RESULT: {}
COMMAND: POST /session/cbab2cbbd32afdf19af3e6ba8111c1c3/element - {"using":"xpath","value":"//input[contains(@id ,\"yardId-inner\")]"}
RESULT: {"using":"xpath","value":"//input[contains(@id ,\"yardId-inner\")]"}
COMMAND: POST /session/cbab2cbbd32afdf19af3e6ba8111c1c3/execute/sync - {"script":"<script> [8489 bytes]","args":[{"element-6066-11e4-a52e-4f735466cecf":"f.4865000251A30E3BD1E5EDC5108DADF6.d.7399B0DDD058230EE56E7004F6F03B0A.e.8721","ELEMENT":"f.4865000251A30E3BD1E5EDC5108DADF6.d.7399B0DDD058230EE56E7004F6F03B0A.e.8721"}]}
RESULT: {"script":"<script> [8489 bytes]","args":[{"element-6066-11e4-a52e-4f735466cecf":"f.4865000251A30E3BD1E5EDC5108DADF6.d.7399B0DDD058230EE56E7004F6F03B0A.e.8721","ELEMENT":"f.4865000251A30E3BD1E5EDC5108DADF6.d.7399B0DDD058230EE56E7004F6F03B0A.e.8721"}]}
COMMAND: POST /session/cbab2cbbd32afdf19af3e6ba8111c1c3/element - {"using":"xpath","value":"//input[contains(@id ,\"yardId-inner\")]"}
COMMAND: GET /session/cbab2cbbd32afdf19af3e6ba8111c1c3/screenshot - {}
RESULT: {"using":"xpath","value":"//input[contains(@id ,\"yardId-inner\")]"}
COMMAND: GET /session/cbab2cbbd32afdf19af3e6ba8111c1c3/element/f.4865000251A30E3BD1E5EDC5108DADF6.d.7399B0DDD058230EE56E7004F6F03B0A.e.8721/enabled - {}
RESULT: {}
RESULT: {}
COMMAND: POST /session/cbab2cbbd32afdf19af3e6ba8111c1c3/element/f.4865000251A30E3BD1E5EDC5108DADF6.d.7399B0DDD058230EE56E7004F6F03B0A.e.8721/clear - {}
COMMAND: GET /session/cbab2cbbd32afdf19af3e6ba8111c1c3/screenshot - {}
RESULT: {}
COMMAND: POST /session/cbab2cbbd32afdf19af3e6ba8111c1c3/element/f.4865000251A30E3BD1E5EDC5108DADF6.d.7399B0DDD058230EE56E7004F6F03B0A.e.8721/value - {"text":"WebdriverYardgw1hi"}
COMMAND: GET /session/cbab2cbbd32afdf19af3e6ba8111c1c3/screenshot - {}
RESULT: {}
RESULT: {"text":"WebdriverYardgw1hi"}
COMMAND: GET /session/cbab2cbbd32afdf19af3e6ba8111c1c3/screenshot - {}
RESULT: {}
RESULT: {}
COMMAND: POST /session/cbab2cbbd32afdf19af3e6ba8111c1c3/actions - {"actions":[{"id":"action52","type":"key","parameters":{},"actions":[{"type":"keyDown","value":"î€‡"},{"type":"pause","duration":10},{"type":"keyUp","value":"î€‡"}]}]}
COMMAND: POST /session/cbab2cbbd32afdf19af3e6ba8111c1c3/element - {"using":"xpath","value":"//input[contains(@id ,\"customerNumber-inner\")]"}
RESULT: {"actions":[{"id":"action52","type":"key","parameters":{},"actions":[{"type":"keyDown","value":"î€‡"},{"type":"pause","duration":10},{"type":"keyUp","value":"î€‡"}]}]}
COMMAND: GET /session/cbab2cbbd32afdf19af3e6ba8111c1c3/screenshot - {}
RESULT: {"using":"xpath","value":"//input[contains(@id ,\"customerNumber-inner\")]"}
COMMAND: POST /session/cbab2cbbd32afdf19af3e6ba8111c1c3/element/f.4865000251A30E3BD1E5EDC5108DADF6.d.7399B0DDD058230EE56E7004F6F03B0A.e.8715/value - {"text":"WebdriverPartnerlkand"}
RESULT: {}
RESULT: {"text":"WebdriverPartnerlkand"}
COMMAND: GET /session/cbab2cbbd32afdf19af3e6ba8111c1c3/screenshot - {}
RESULT: {}
COMMAND: POST /session/cbab2cbbd32afdf19af3e6ba8111c1c3/actions - {"actions":[{"id":"action53","type":"key","parameters":{},"actions":[{"type":"keyDown","value":"î€‡"},{"type":"pause","duration":10},{"type":"keyUp","value":"î€‡"}]}]}
RESULT: {"actions":[{"id":"action53","type":"key","parameters":{},"actions":[{"type":"keyDown","value":"î€‡"},{"type":"pause","duration":10},{"type":"keyUp","value":"î€‡"}]}]}
COMMAND: GET /session/cbab2cbbd32afdf19af3e6ba8111c1c3/screenshot - {}
RESULT: {}
COMMAND: POST /session/cbab2cbbd32afdf19af3e6ba8111c1c3/element - {"using":"xpath","value":"//input[contains(@id ,\"requestSiteId-inner\")]"}
RESULT: {"using":"xpath","value":"//input[contains(@id ,\"requestSiteId-inner\")]"}
COMMAND: POST /session/cbab2cbbd32afdf19af3e6ba8111c1c3/element/f.4865000251A30E3BD1E5EDC5108DADF6.d.7399B0DDD058230EE56E7004F6F03B0A.e.8714/value - {"text":"WebdriverSitemct53i"}
RESULT: {"text":"WebdriverSitemct53i"}
COMMAND: GET /session/cbab2cbbd32afdf19af3e6ba8111c1c3/screenshot - {}
RESULT: {}
COMMAND: POST /session/cbab2cbbd32afdf19af3e6ba8111c1c3/actions - {"actions":[{"id":"action54","type":"key","parameters":{},"actions":[{"type":"keyDown","value":"î€‡"},{"type":"pause","duration":10},{"type":"keyUp","value":"î€‡"}]}]}
RESULT: {"actions":[{"id":"action54","type":"key","parameters":{},"actions":[{"type":"keyDown","value":"î€‡"},{"type":"pause","duration":10},{"type":"keyUp","value":"î€‡"}]}]}
COMMAND: POST /session/cbab2cbbd32afdf19af3e6ba8111c1c3/execute/async - {"script":"<script> [1562 bytes]","args":[{"selector":{"controlType":"sap.ui.core.Icon","viewName":"etm.portal.ui.managerequests.view.NewRequest","properties":{"src":{"regex":{"source":"add"}}}},"wdio_ui5_key":"etmportal.ui.managerequests.view.NewRequestsap.ui.core.Icon{\"src\":{\"regex\":{\"source\":\"add\"}}}"}]}
COMMAND: GET /session/cbab2cbbd32afdf19af3e6ba8111c1c3/screenshot - {}
RESULT: {"script":"<script> [1562 bytes]","args":[{"selector":{"controlType":"sap.ui.core.Icon","viewName":"etm.portal.ui.managerequests.view.NewRequest","properties":{"src":{"regex":{"source":"add"}}}},"wdio_ui5_key":"etmportal.ui.managerequests.view.NewRequestsap.ui.core.Icon{\"src\":{\"regex\":{\"source\":\"add\"}}}"}]}
RESULT: undefined
COMMAND: POST /session/cbab2cbbd32afdf19af3e6ba8111c1c3/element - {"using":"xpath","value":"//*[@id=\"__xmlview59--btnAddTableRow-img\"]"}
RESULT: {}
RESULT: {"using":"xpath","value":"//*[@id=\"__xmlview59--btnAddTableRow-img\"]"}
COMMAND: POST /session/cbab2cbbd32afdf19af3e6ba8111c1c3/element/f.4865000251A30E3BD1E5EDC5108DADF6.d.7399B0DDD058230EE56E7004F6F03B0A.e.8695/click - {}
RESULT: {}
COMMAND: GET /session/cbab2cbbd32afdf19af3e6ba8111c1c3/screenshot - {}
RESULT: {}
COMMAND: POST /session/cbab2cbbd32afdf19af3e6ba8111c1c3/actions - {"actions":[{"id":"action55","type":"key","parameters":{},"actions":[{"type":"keyDown","value":"î€•"},{"type":"pause","duration":10},{"type":"keyUp","value":"î€•"}]}]}
RESULT: {"actions":[{"id":"action55","type":"key","parameters":{},"actions":[{"type":"keyDown","value":"î€•"},{"type":"pause","duration":10},{"type":"keyUp","value":"î€•"}]}]}
COMMAND: POST /session/cbab2cbbd32afdf19af3e6ba8111c1c3/actions - {"actions":[{"id":"action56","type":"key","parameters":{},"actions":[{"type":"keyDown","value":"î€‡"},{"type":"pause","duration":10},{"type":"keyUp","value":"î€‡"}]}]}
COMMAND: GET /session/cbab2cbbd32afdf19af3e6ba8111c1c3/screenshot - {}
RESULT: {"actions":[{"id":"action56","type":"key","parameters":{},"actions":[{"type":"keyDown","value":"î€‡"},{"type":"pause","duration":10},{"type":"keyUp","value":"î€‡"}]}]}
COMMAND: POST /session/cbab2cbbd32afdf19af3e6ba8111c1c3/element - {"using":"xpath","value":"(//input[contains(@id ,\"requestItemsTable-0-inner\")])[1]"}
COMMAND: GET /session/cbab2cbbd32afdf19af3e6ba8111c1c3/screenshot - {}
RESULT: {}
RESULT: {"using":"xpath","value":"(//input[contains(@id ,\"requestItemsTable-0-inner\")])[1]"}
COMMAND: POST /session/cbab2cbbd32afdf19af3e6ba8111c1c3/element/f.4865000251A30E3BD1E5EDC5108DADF6.d.7399B0DDD058230EE56E7004F6F03B0A.e.8884/clear - {}
RESULT: {}
RESULT: {}
COMMAND: POST /session/cbab2cbbd32afdf19af3e6ba8111c1c3/element/f.4865000251A30E3BD1E5EDC5108DADF6.d.7399B0DDD058230EE56E7004F6F03B0A.e.8884/value - {"text":"catalogItemNameh51ug"}
COMMAND: GET /session/cbab2cbbd32afdf19af3e6ba8111c1c3/screenshot - {}
RESULT: {"text":"catalogItemNameh51ug"}
COMMAND: GET /session/cbab2cbbd32afdf19af3e6ba8111c1c3/screenshot - {}
RESULT: {}
RESULT: {}
COMMAND: POST /session/cbab2cbbd32afdf19af3e6ba8111c1c3/actions - {"actions":[{"id":"action57","type":"key","parameters":{},"actions":[{"type":"keyDown","value":"î€‡"},{"type":"pause","duration":10},{"type":"keyUp","value":"î€‡"}]}]}
RESULT: {"actions":[{"id":"action57","type":"key","parameters":{},"actions":[{"type":"keyDown","value":"î€‡"},{"type":"pause","duration":10},{"type":"keyUp","value":"î€‡"}]}]}
COMMAND: GET /session/cbab2cbbd32afdf19af3e6ba8111c1c3/screenshot - {}
RESULT: {}
COMMAND: POST /session/cbab2cbbd32afdf19af3e6ba8111c1c3/execute/async - {"script":"<script> [1562 bytes]","args":[{"selector":{"controlType":"sap.m.Button","viewName":"etm.portal.ui.managerequests.view.NewRequest","i18NText":{"propertyName":"text","key":"requestSpecifications"},"interaction":{"idSuffix":"BDI-content"}},"wdio_ui5_key":"etmportal.ui.managerequests.view.NewRequestsap.m.Button{\"propertyName\":\"text\",\"key\":\"requestSpecifications\"}"}]}
RESULT: {"script":"<script> [1562 bytes]","args":[{"selector":{"controlType":"sap.m.Button","viewName":"etm.portal.ui.managerequests.view.NewRequest","i18NText":{"propertyName":"text","key":"requestSpecifications"},"interaction":{"idSuffix":"BDI-content"}},"wdio_ui5_key":"etmportal.ui.managerequests.view.NewRequestsap.m.Button{\"propertyName\":\"text\",\"key\":\"requestSpecifications\"}"}]}
RESULT: undefined
COMMAND: POST /session/cbab2cbbd32afdf19af3e6ba8111c1c3/element - {"using":"xpath","value":"//*[@id=\"__button78-__xmlview59--requestItemsTable-0\"]"}
RESULT: {"using":"xpath","value":"//*[@id=\"__button78-__xmlview59--requestItemsTable-0\"]"}
COMMAND: POST /session/cbab2cbbd32afdf19af3e6ba8111c1c3/element/f.4865000251A30E3BD1E5EDC5108DADF6.d.7399B0DDD058230EE56E7004F6F03B0A.e.8898/click - {}
RESULT: {}
COMMAND: GET /session/cbab2cbbd32afdf19af3e6ba8111c1c3/screenshot - {}
RESULT: {}
COMMAND: POST /session/cbab2cbbd32afdf19af3e6ba8111c1c3/element - {"using":"xpath","value":"//input[@value=\"red\"]"}
RESULT: {"using":"xpath","value":"//input[@value=\"red\"]"}
COMMAND: POST /session/cbab2cbbd32afdf19af3e6ba8111c1c3/elements - {"using":"xpath","value":"//input[@value=\"red\"]"}
RESULT: {"using":"xpath","value":"//input[@value=\"red\"]"}
COMMAND: POST /session/cbab2cbbd32afdf19af3e6ba8111c1c3/execute/async - {"script":"<script> [1562 bytes]","args":[{"selector":{"controlType":"sap.m.Text","viewName":"etm.portal.ui.managerequests.view.NewRequest","bindingPath":{"path":"/currentEntries/0/PROPERTIES/0","propertyPath":"DESCRIPTION","modelName":"techSpecsClassificationModel"},"searchOpenDialogs":true},"wdio_ui5_key":"etmportal.ui.managerequests.view.NewRequestsap.m.Text{\"path\":\"/currentEntries/0/PROPERTIES/0\",\"propertyPath\":\"DESCRIPTION\",\"modelName\":\"techSpecsClassificationModel\"}"}]}
RESULT: {"script":"<script> [1562 bytes]","args":[{"selector":{"controlType":"sap.m.Text","viewName":"etm.portal.ui.managerequests.view.NewRequest","bindingPath":{"path":"/currentEntries/0/PROPERTIES/0","propertyPath":"DESCRIPTION","modelName":"techSpecsClassificationModel"},"searchOpenDialogs":true},"wdio_ui5_key":"etmportal.ui.managerequests.view.NewRequestsap.m.Text{\"path\":\"/currentEntries/0/PROPERTIES/0\",\"propertyPath\":\"DESCRIPTION\",\"modelName\":\"techSpecsClassificationModel\"}"}]}
RESULT: undefined
COMMAND: POST /session/cbab2cbbd32afdf19af3e6ba8111c1c3/execute/async - {"script":"<script> [6424 bytes]","args":[{"element-6066-11e4-a52e-4f735466cecf":"f.4865000251A30E3BD1E5EDC5108DADF6.d.7399B0DDD058230EE56E7004F6F03B0A.e.8906"},"getText",[]]}
RESULT: {"script":"<script> [6424 bytes]","args":[{"element-6066-11e4-a52e-4f735466cecf":"f.4865000251A30E3BD1E5EDC5108DADF6.d.7399B0DDD058230EE56E7004F6F03B0A.e.8906"},"getText",[]]}
COMMAND: POST /session/cbab2cbbd32afdf19af3e6ba8111c1c3/execute/async - {"script":"<script> [1562 bytes]","args":[{"selector":{"controlType":"sap.ui.core.Icon","viewName":"etm.portal.ui.managerequests.view.NewRequest","properties":{"src":{"regex":{"source":"slim\\-arrow\\-down"}}},"searchOpenDialogs":true},"wdio_ui5_key":"etmportal.ui.managerequests.view.NewRequestsap.ui.core.Icon{\"src\":{\"regex\":{\"source\":\"slim\\\\-arrow\\\\-down\"}}}"}]}
RESULT: {"script":"<script> [1562 bytes]","args":[{"selector":{"controlType":"sap.ui.core.Icon","viewName":"etm.portal.ui.managerequests.view.NewRequest","properties":{"src":{"regex":{"source":"slim\\-arrow\\-down"}}},"searchOpenDialogs":true},"wdio_ui5_key":"etmportal.ui.managerequests.view.NewRequestsap.ui.core.Icon{\"src\":{\"regex\":{\"source\":\"slim\\\\-arrow\\\\-down\"}}}"}]}
RESULT: undefined
COMMAND: POST /session/cbab2cbbd32afdf19af3e6ba8111c1c3/element - {"using":"xpath","value":"//*[@id=\"__box58-arrow\"]"}
RESULT: {"using":"xpath","value":"//*[@id=\"__box58-arrow\"]"}
COMMAND: POST /session/cbab2cbbd32afdf19af3e6ba8111c1c3/element/f.4865000251A30E3BD1E5EDC5108DADF6.d.7399B0DDD058230EE56E7004F6F03B0A.e.8907/click - {}
RESULT: {}
COMMAND: POST /session/cbab2cbbd32afdf19af3e6ba8111c1c3/execute/async - {"script":"<script> [1562 bytes]","args":[{"selector":{"controlType":"sap.m.StandardListItem","viewName":"etm.portal.ui.managerequests.view.NewRequest","properties":{"title":"blue"},"searchOpenDialogs":true,"interaction":{"idSuffix":"content"}},"wdio_ui5_key":"etmportal.ui.managerequests.view.NewRequestsap.m.StandardListItem{\"title\":\"blue\"}"}]}
COMMAND: GET /session/cbab2cbbd32afdf19af3e6ba8111c1c3/screenshot - {}
RESULT: {"script":"<script> [1562 bytes]","args":[{"selector":{"controlType":"sap.m.StandardListItem","viewName":"etm.portal.ui.managerequests.view.NewRequest","properties":{"title":"blue"},"searchOpenDialogs":true,"interaction":{"idSuffix":"content"}},"wdio_ui5_key":"etmportal.ui.managerequests.view.NewRequestsap.m.StandardListItem{\"title\":\"blue\"}"}]}
RESULT: undefined
COMMAND: POST /session/cbab2cbbd32afdf19af3e6ba8111c1c3/element - {"using":"xpath","value":"//*[@id=\"__item989\"]"}
RESULT: {}
RESULT: {"using":"xpath","value":"//*[@id=\"__item989\"]"}
COMMAND: POST /session/cbab2cbbd32afdf19af3e6ba8111c1c3/element/f.4865000251A30E3BD1E5EDC5108DADF6.d.7399B0DDD058230EE56E7004F6F03B0A.e.8910/click - {}
RESULT: {}
COMMAND: GET /session/cbab2cbbd32afdf19af3e6ba8111c1c3/screenshot - {}
RESULT: {}
COMMAND: POST /session/cbab2cbbd32afdf19af3e6ba8111c1c3/execute/async - {"script":"<script> [1562 bytes]","args":[{"selector":{"id":"saveButton","viewName":"etm.portal.ui.managerequests.view.NewRequest","searchOpenDialogs":true,"interaction":{"idSuffix":"BDI-content"}},"wdio_ui5_key":"saveButtonetmportal.ui.managerequests.view.NewRequest"}]}
RESULT: {"script":"<script> [1562 bytes]","args":[{"selector":{"id":"saveButton","viewName":"etm.portal.ui.managerequests.view.NewRequest","searchOpenDialogs":true,"interaction":{"idSuffix":"BDI-content"}},"wdio_ui5_key":"saveButtonetmportal.ui.managerequests.view.NewRequest"}]}
RESULT: undefined
COMMAND: POST /session/cbab2cbbd32afdf19af3e6ba8111c1c3/element - {"using":"xpath","value":"//*[@id=\"__xmlview59--saveButton\"]"}
RESULT: {"using":"xpath","value":"//*[@id=\"__xmlview59--saveButton\"]"}
COMMAND: POST /session/cbab2cbbd32afdf19af3e6ba8111c1c3/element/f.4865000251A30E3BD1E5EDC5108DADF6.d.7399B0DDD058230EE56E7004F6F03B0A.e.8904/click - {}
RESULT: {}
COMMAND: POST /session/cbab2cbbd32afdf19af3e6ba8111c1c3/execute/async - {"script":"<script> [1562 bytes]","args":[{"selector":{"controlType":"sap.ui.core.Icon","viewName":"etm.portal.ui.managerequests.view.NewRequest","properties":{"src":{"regex":{"source":"slim\\-arrow\\-down"}}},"ancestor":{"controlType":"sap.m.Button","viewName":"etm.portal.ui.managerequests.view.NewRequest","properties":{"icon":"sap-icon://slim-arrow-down"}}},"wdio_ui5_key":"etmportal.ui.managerequests.view.NewRequestsap.ui.core.Icon{\"src\":{\"regex\":{\"source\":\"slim\\\\-arrow\\\\-down\"}}}{\"controlType\":\"sap.m.Button\",\"viewName\":\"etm.portal.ui.managerequests.view.NewRequest\",\"properties\":{\"icon\":\"sap-icon://slim-arrow-down\"}}"}]}
COMMAND: GET /session/cbab2cbbd32afdf19af3e6ba8111c1c3/screenshot - {}
RESULT: {"script":"<script> [1562 bytes]","args":[{"selector":{"controlType":"sap.ui.core.Icon","viewName":"etm.portal.ui.managerequests.view.NewRequest","properties":{"src":{"regex":{"source":"slim\\-arrow\\-down"}}},"ancestor":{"controlType":"sap.m.Button","viewName":"etm.portal.ui.managerequests.view.NewRequest","properties":{"icon":"sap-icon://slim-arrow-down"}}},"wdio_ui5_key":"etmportal.ui.managerequests.view.NewRequestsap.ui.core.Icon{\"src\":{\"regex\":{\"source\":\"slim\\\\-arrow\\\\-down\"}}}{\"controlType\":\"sap.m.Button\",\"viewName\":\"etm.portal.ui.managerequests.view.NewRequest\",\"properties\":{\"icon\":\"sap-icon://slim-arrow-down\"}}"}]}
RESULT: undefined
RESULT: {}
COMMAND: POST /session/cbab2cbbd32afdf19af3e6ba8111c1c3/element - {"using":"xpath","value":"//div[contains(@data-kt ,\"splitAllocationObjectStatus\")]"}
RESULT: {"using":"xpath","value":"//div[contains(@data-kt ,\"splitAllocationObjectStatus\")]"}
COMMAND: POST /session/cbab2cbbd32afdf19af3e6ba8111c1c3/elements - {"using":"xpath","value":"//div[contains(@data-kt ,\"splitAllocationObjectStatus\")]"}
RESULT: {"using":"xpath","value":"//div[contains(@data-kt ,\"splitAllocationObjectStatus\")]"}
COMMAND: POST /session/cbab2cbbd32afdf19af3e6ba8111c1c3/execute/async - {"script":"<script> [1562 bytes]","args":[{"selector":{"controlType":"sap.ui.core.Icon","viewName":"etm.portal.ui.managerequests.view.NewRequest","properties":{"src":{"regex":{"source":"message\\-error"}}}},"wdio_ui5_key":"etmportal.ui.managerequests.view.NewRequestsap.ui.core.Icon{\"src\":{\"regex\":{\"source\":\"message\\\\-error\"}}}"}]}
RESULT: {"script":"<script> [1562 bytes]","args":[{"selector":{"controlType":"sap.ui.core.Icon","viewName":"etm.portal.ui.managerequests.view.NewRequest","properties":{"src":{"regex":{"source":"message\\-error"}}}},"wdio_ui5_key":"etmportal.ui.managerequests.view.NewRequestsap.ui.core.Icon{\"src\":{\"regex\":{\"source\":\"message\\\\-error\"}}}"}]}
RESULT: undefined
COMMAND: POST /session/cbab2cbbd32afdf19af3e6ba8111c1c3/element - {"using":"xpath","value":"//*[@id=\"__status4-__xmlview59--requestItemsTable-0-icon\"]"}
RESULT: {"using":"xpath","value":"//*[@id=\"__status4-__xmlview59--requestItemsTable-0-icon\"]"}
COMMAND: POST /session/cbab2cbbd32afdf19af3e6ba8111c1c3/element/f.4865000251A30E3BD1E5EDC5108DADF6.d.7399B0DDD058230EE56E7004F6F03B0A.e.8913/click - {}
RESULT: {}
COMMAND: POST /session/cbab2cbbd32afdf19af3e6ba8111c1c3/execute/async - {"script":"<script> [1562 bytes]","args":[{"selector":{"controlType":"sap.ui.core.Icon","viewName":"etm.portal.ui.managerequests.view.NewRequest","properties":{"src":{"regex":{"source":"slim\\-arrow\\-down"}}},"searchOpenDialogs":true,"ancestor":{"id":"costObjectAdminTypeComboBox","viewName":"etm.portal.ui.managerequests.view.NewRequest","searchOpenDialogs":true}},"wdio_ui5_key":"etmportal.ui.managerequests.view.NewRequestsap.ui.core.Icon{\"src\":{\"regex\":{\"source\":\"slim\\\\-arrow\\\\-down\"}}}{\"id\":\"costObjectAdminTypeComboBox\",\"viewName\":\"etm.portal.ui.managerequests.view.NewRequest\",\"searchOpenDialogs\":true}"}]}
COMMAND: GET /session/cbab2cbbd32afdf19af3e6ba8111c1c3/screenshot - {}
RESULT: {"script":"<script> [1562 bytes]","args":[{"selector":{"controlType":"sap.ui.core.Icon","viewName":"etm.portal.ui.managerequests.view.NewRequest","properties":{"src":{"regex":{"source":"slim\\-arrow\\-down"}}},"searchOpenDialogs":true,"ancestor":{"id":"costObjectAdminTypeComboBox","viewName":"etm.portal.ui.managerequests.view.NewRequest","searchOpenDialogs":true}},"wdio_ui5_key":"etmportal.ui.managerequests.view.NewRequestsap.ui.core.Icon{\"src\":{\"regex\":{\"source\":\"slim\\\\-arrow\\\\-down\"}}}{\"id\":\"costObjectAdminTypeComboBox\",\"viewName\":\"etm.portal.ui.managerequests.view.NewRequest\",\"searchOpenDialogs\":true}"}]}
RESULT: undefined
COMMAND: POST /session/cbab2cbbd32afdf19af3e6ba8111c1c3/element - {"using":"xpath","value":"//*[@id=\"__xmlview59--costObjectAdminTypeComboBox-arrow\"]"}
RESULT: {}
RESULT: {"using":"xpath","value":"//*[@id=\"__xmlview59--costObjectAdminTypeComboBox-arrow\"]"}
COMMAND: POST /session/cbab2cbbd32afdf19af3e6ba8111c1c3/element/f.4865000251A30E3BD1E5EDC5108DADF6.d.7399B0DDD058230EE56E7004F6F03B0A.e.8917/click - {}
RESULT: {}
COMMAND: POST /session/cbab2cbbd32afdf19af3e6ba8111c1c3/execute/async - {"script":"<script> [1562 bytes]","args":[{"selector":{"controlType":"sap.m.StandardListItem","viewName":"etm.portal.ui.managerequests.view.NewRequest","properties":{"title":"Cost Center"},"searchOpenDialogs":true,"interaction":{"idSuffix":"titleText"}},"wdio_ui5_key":"etmportal.ui.managerequests.view.NewRequestsap.m.StandardListItem{\"title\":\"Cost Center\"}"}]}
COMMAND: GET /session/cbab2cbbd32afdf19af3e6ba8111c1c3/screenshot - {}
RESULT: {"script":"<script> [1562 bytes]","args":[{"selector":{"controlType":"sap.m.StandardListItem","viewName":"etm.portal.ui.managerequests.view.NewRequest","properties":{"title":"Cost Center"},"searchOpenDialogs":true,"interaction":{"idSuffix":"titleText"}},"wdio_ui5_key":"etmportal.ui.managerequests.view.NewRequestsap.m.StandardListItem{\"title\":\"Cost Center\"}"}]}
RESULT: undefined
COMMAND: POST /session/cbab2cbbd32afdf19af3e6ba8111c1c3/element - {"using":"xpath","value":"//*[@id=\"__item992\"]"}
RESULT: {}
RESULT: {"using":"xpath","value":"//*[@id=\"__item992\"]"}
COMMAND: POST /session/cbab2cbbd32afdf19af3e6ba8111c1c3/element/f.4865000251A30E3BD1E5EDC5108DADF6.d.7399B0DDD058230EE56E7004F6F03B0A.e.8920/click - {}
RESULT: {}
COMMAND: GET /session/cbab2cbbd32afdf19af3e6ba8111c1c3/screenshot - {}
RESULT: {}
COMMAND: POST /session/cbab2cbbd32afdf19af3e6ba8111c1c3/execute/async - {"script":"<script> [1562 bytes]","args":[{"selector":{"controlType":"sap.ui.core.Icon","viewName":"etm.portal.ui.managerequests.view.NewRequest","properties":{"src":{"regex":{"source":"value\\-help"}}},"searchOpenDialogs":true},"wdio_ui5_key":"etmportal.ui.managerequests.view.NewRequestsap.ui.core.Icon{\"src\":{\"regex\":{\"source\":\"value\\\\-help\"}}}"}]}
RESULT: {"script":"<script> [1562 bytes]","args":[{"selector":{"controlType":"sap.ui.core.Icon","viewName":"etm.portal.ui.managerequests.view.NewRequest","properties":{"src":{"regex":{"source":"value\\-help"}}},"searchOpenDialogs":true},"wdio_ui5_key":"etmportal.ui.managerequests.view.NewRequestsap.ui.core.Icon{\"src\":{\"regex\":{\"source\":\"value\\\\-help\"}}}"}]}
RESULT: undefined
COMMAND: POST /session/cbab2cbbd32afdf19af3e6ba8111c1c3/element - {"using":"xpath","value":"//*[@id=\"__xmlview59--costObjectIdComboBox-vhi\"]"}
RESULT: {"using":"xpath","value":"//*[@id=\"__xmlview59--costObjectIdComboBox-vhi\"]"}
COMMAND: POST /session/cbab2cbbd32afdf19af3e6ba8111c1c3/element/f.4865000251A30E3BD1E5EDC5108DADF6.d.7399B0DDD058230EE56E7004F6F03B0A.e.8927/click - {}
RESULT: {}
COMMAND: POST /session/cbab2cbbd32afdf19af3e6ba8111c1c3/execute/async - {"script":"<script> [1562 bytes]","args":[{"selector":{"controlType":"sap.m.SearchField","properties":{"placeholder":"Search"},"searchOpenDialogs":true,"interaction":{"idSuffix":"I"}},"wdio_ui5_key":"sapm.SearchField{\"placeholder\":\"Search\"}"}]}
COMMAND: GET /session/cbab2cbbd32afdf19af3e6ba8111c1c3/screenshot - {}
RESULT: {"script":"<script> [1562 bytes]","args":[{"selector":{"controlType":"sap.m.SearchField","properties":{"placeholder":"Search"},"searchOpenDialogs":true,"interaction":{"idSuffix":"I"}},"wdio_ui5_key":"sapm.SearchField{\"placeholder\":\"Search\"}"}]}
RESULT: undefined
COMMAND: POST /session/cbab2cbbd32afdf19af3e6ba8111c1c3/execute/async - {"script":"<script> [776 bytes]","args":[{"enterText":"10001010","selector":{"controlType":"sap.m.SearchField","properties":{"placeholder":"Search"},"searchOpenDialogs":true,"interaction":{"idSuffix":"I"}},"clearTextFirst":true,"interactionType":"ENTER_TEXT"}]}
RESULT: {}
RESULT: {"script":"<script> [776 bytes]","args":[{"enterText":"10001010","selector":{"controlType":"sap.m.SearchField","properties":{"placeholder":"Search"},"searchOpenDialogs":true,"interaction":{"idSuffix":"I"}},"clearTextFirst":true,"interactionType":"ENTER_TEXT"}]}
COMMAND: POST /session/cbab2cbbd32afdf19af3e6ba8111c1c3/actions - {"actions":[{"id":"action58","type":"key","parameters":{},"actions":[{"type":"keyDown","value":"î€‡"},{"type":"pause","duration":10},{"type":"keyUp","value":"î€‡"}]}]}
RESULT: {"actions":[{"id":"action58","type":"key","parameters":{},"actions":[{"type":"keyDown","value":"î€‡"},{"type":"pause","duration":10},{"type":"keyUp","value":"î€‡"}]}]}
COMMAND: GET /session/cbab2cbbd32afdf19af3e6ba8111c1c3/screenshot - {}
RESULT: {}
COMMAND: POST /session/cbab2cbbd32afdf19af3e6ba8111c1c3/execute/async - {"script":"<script> [1562 bytes]","args":[{"selector":{"controlType":"sap.m.Text","bindingPath":{"path":"/C_CostCtrValueHelp(CostCenter='10001010',ControllingArea='Z001')","propertyPath":"CostCenterName","modelName":"CostCenterModel"},"searchOpenDialogs":true},"wdio_ui5_key":"sapm.Text{\"path\":\"/C_CostCtrValueHelp(CostCenter='10001010',ControllingArea='Z001')\",\"propertyPath\":\"CostCenterName\",\"modelName\":\"CostCenterModel\"}"}]}
RESULT: {"script":"<script> [1562 bytes]","args":[{"selector":{"controlType":"sap.m.Text","bindingPath":{"path":"/C_CostCtrValueHelp(CostCenter='10001010',ControllingArea='Z001')","propertyPath":"CostCenterName","modelName":"CostCenterModel"},"searchOpenDialogs":true},"wdio_ui5_key":"sapm.Text{\"path\":\"/C_CostCtrValueHelp(CostCenter='10001010',ControllingArea='Z001')\",\"propertyPath\":\"CostCenterName\",\"modelName\":\"CostCenterModel\"}"}]}
RESULT: undefined
COMMAND: POST /session/cbab2cbbd32afdf19af3e6ba8111c1c3/element - {"using":"xpath","value":"//*[@id=\"__text550-__clone1209\"]"}
RESULT: {"using":"xpath","value":"//*[@id=\"__text550-__clone1209\"]"}
COMMAND: POST /session/cbab2cbbd32afdf19af3e6ba8111c1c3/element/f.4865000251A30E3BD1E5EDC5108DADF6.d.7399B0DDD058230EE56E7004F6F03B0A.e.8967/click - {}
RESULT: {}
COMMAND: POST /session/cbab2cbbd32afdf19af3e6ba8111c1c3/execute/async - {"script":"<script> [1562 bytes]","args":[{"selector":{"controlType":"sap.m.Button","properties":{"text":"OK"},"searchOpenDialogs":true,"interaction":{"idSuffix":"BDI-content"}},"wdio_ui5_key":"sapm.Button{\"text\":\"OK\"}"}]}
COMMAND: GET /session/cbab2cbbd32afdf19af3e6ba8111c1c3/screenshot - {}
RESULT: {"script":"<script> [1562 bytes]","args":[{"selector":{"controlType":"sap.m.Button","properties":{"text":"OK"},"searchOpenDialogs":true,"interaction":{"idSuffix":"BDI-content"}},"wdio_ui5_key":"sapm.Button{\"text\":\"OK\"}"}]}
RESULT: undefined
COMMAND: POST /session/cbab2cbbd32afdf19af3e6ba8111c1c3/element - {"using":"xpath","value":"//*[@id=\"__dialog2-ok\"]"}
RESULT: {}
RESULT: {"using":"xpath","value":"//*[@id=\"__dialog2-ok\"]"}
COMMAND: POST /session/cbab2cbbd32afdf19af3e6ba8111c1c3/element/f.4865000251A30E3BD1E5EDC5108DADF6.d.7399B0DDD058230EE56E7004F6F03B0A.e.8969/click - {}
RESULT: {}
COMMAND: GET /session/cbab2cbbd32afdf19af3e6ba8111c1c3/screenshot - {}
RESULT: {}
COMMAND: POST /session/cbab2cbbd32afdf19af3e6ba8111c1c3/execute/async - {"script":"<script> [1562 bytes]","args":[{"selector":{"controlType":"sap.m.Button","viewName":"etm.portal.ui.managerequests.view.NewRequest","i18NText":{"propertyName":"text","key":"save"},"searchOpenDialogs":true,"interaction":{"idSuffix":"BDI-content"}},"wdio_ui5_key":"etmportal.ui.managerequests.view.NewRequestsap.m.Button{\"propertyName\":\"text\",\"key\":\"save\"}"}]}
RESULT: {"script":"<script> [1562 bytes]","args":[{"selector":{"controlType":"sap.m.Button","viewName":"etm.portal.ui.managerequests.view.NewRequest","i18NText":{"propertyName":"text","key":"save"},"searchOpenDialogs":true,"interaction":{"idSuffix":"BDI-content"}},"wdio_ui5_key":"etmportal.ui.managerequests.view.NewRequestsap.m.Button{\"propertyName\":\"text\",\"key\":\"save\"}"}]}
RESULT: undefined
COMMAND: POST /session/cbab2cbbd32afdf19af3e6ba8111c1c3/element - {"using":"xpath","value":"//*[@id=\"__button91\"]"}
RESULT: {"using":"xpath","value":"//*[@id=\"__button91\"]"}
COMMAND: POST /session/cbab2cbbd32afdf19af3e6ba8111c1c3/element/f.4865000251A30E3BD1E5EDC5108DADF6.d.7399B0DDD058230EE56E7004F6F03B0A.e.8973/click - {}
RESULT: {}
COMMAND: GET /session/cbab2cbbd32afdf19af3e6ba8111c1c3/screenshot - {}
RESULT: {}
COMMAND: POST /session/cbab2cbbd32afdf19af3e6ba8111c1c3/execute/async - {"script":"<script> [1562 bytes]","args":[{"selector":{"controlType":"sap.m.Button","viewName":"etm.portal.ui.managerequests.view.NewRequest","i18NText":{"propertyName":"tooltip","key":"save"},"interaction":{"idSuffix":"content"}},"wdio_ui5_key":"etmportal.ui.managerequests.view.NewRequestsap.m.Button{\"propertyName\":\"tooltip\",\"key\":\"save\"}"}]}
RESULT: {"script":"<script> [1562 bytes]","args":[{"selector":{"controlType":"sap.m.Button","viewName":"etm.portal.ui.managerequests.view.NewRequest","i18NText":{"propertyName":"tooltip","key":"save"},"interaction":{"idSuffix":"content"}},"wdio_ui5_key":"etmportal.ui.managerequests.view.NewRequestsap.m.Button{\"propertyName\":\"tooltip\",\"key\":\"save\"}"}]}
RESULT: undefined
COMMAND: POST /session/cbab2cbbd32afdf19af3e6ba8111c1c3/element - {"using":"xpath","value":"//*[@id=\"__button80\"]"}
RESULT: {"using":"xpath","value":"//*[@id=\"__button80\"]"}
COMMAND: POST /session/cbab2cbbd32afdf19af3e6ba8111c1c3/element/f.4865000251A30E3BD1E5EDC5108DADF6.d.7399B0DDD058230EE56E7004F6F03B0A.e.8849/click - {}
RESULT: {}
COMMAND: GET /session/cbab2cbbd32afdf19af3e6ba8111c1c3/screenshot - {}
RESULT: {}
COMMAND: POST /session/cbab2cbbd32afdf19af3e6ba8111c1c3/execute/async - {"script":"<script> [1562 bytes]","args":[{"selector":{"controlType":"sap.m.Title","properties":{"text":"Success"},"searchOpenDialogs":true},"wdio_ui5_key":"sapm.Title{\"text\":\"Success\"}"}]}
RESULT: {"script":"<script> [1562 bytes]","args":[{"selector":{"controlType":"sap.m.Title","properties":{"text":"Success"},"searchOpenDialogs":true},"wdio_ui5_key":"sapm.Title{\"text\":\"Success\"}"}]}
RESULT: undefined
COMMAND: POST /session/cbab2cbbd32afdf19af3e6ba8111c1c3/execute/async - {"script":"<script> [6424 bytes]","args":[{"element-6066-11e4-a52e-4f735466cecf":"f.4865000251A30E3BD1E5EDC5108DADF6.d.7399B0DDD058230EE56E7004F6F03B0A.e.8978"},"getText",[]]}
RESULT: {"script":"<script> [6424 bytes]","args":[{"element-6066-11e4-a52e-4f735466cecf":"f.4865000251A30E3BD1E5EDC5108DADF6.d.7399B0DDD058230EE56E7004F6F03B0A.e.8978"},"getText",[]]}
COMMAND: POST /session/cbab2cbbd32afdf19af3e6ba8111c1c3/execute/async - {"script":"<script> [1562 bytes]","args":[{"selector":{"controlType":"sap.m.Button","properties":{"text":"Close"},"searchOpenDialogs":true,"interaction":{"idSuffix":"BDI-content"}},"wdio_ui5_key":"sapm.Button{\"text\":\"Close\"}"}]}
RESULT: {"script":"<script> [1562 bytes]","args":[{"selector":{"controlType":"sap.m.Button","properties":{"text":"Close"},"searchOpenDialogs":true,"interaction":{"idSuffix":"BDI-content"}},"wdio_ui5_key":"sapm.Button{\"text\":\"Close\"}"}]}
RESULT: undefined
COMMAND: POST /session/cbab2cbbd32afdf19af3e6ba8111c1c3/element - {"using":"xpath","value":"//*[@id=\"__mbox-btn-0\"]"}
RESULT: {"using":"xpath","value":"//*[@id=\"__mbox-btn-0\"]"}
COMMAND: POST /session/cbab2cbbd32afdf19af3e6ba8111c1c3/element/f.4865000251A30E3BD1E5EDC5108DADF6.d.7399B0DDD058230EE56E7004F6F03B0A.e.8977/click - {}
RESULT: {}
COMMAND: GET /session/cbab2cbbd32afdf19af3e6ba8111c1c3/screenshot - {}
RESULT: {}
COMMAND: POST /session/cbab2cbbd32afdf19af3e6ba8111c1c3/execute/async - {"script":"<script> [1562 bytes]","args":[{"selector":{"controlType":"sap.m.Button","viewName":"etm.portal.ui.managerequests.view.Detail","i18NText":{"propertyName":"text","key":"requestSpecifications"},"interaction":{"idSuffix":"BDI-content"}},"wdio_ui5_key":"etmportal.ui.managerequests.view.Detailsap.m.Button{\"propertyName\":\"text\",\"key\":\"requestSpecifications\"}"}]}
RESULT: {"script":"<script> [1562 bytes]","args":[{"selector":{"controlType":"sap.m.Button","viewName":"etm.portal.ui.managerequests.view.Detail","i18NText":{"propertyName":"text","key":"requestSpecifications"},"interaction":{"idSuffix":"BDI-content"}},"wdio_ui5_key":"etmportal.ui.managerequests.view.Detailsap.m.Button{\"propertyName\":\"text\",\"key\":\"requestSpecifications\"}"}]}
RESULT: undefined
COMMAND: POST /session/cbab2cbbd32afdf19af3e6ba8111c1c3/element - {"using":"xpath","value":"//*[@id=\"__button107-__clone1248\"]"}
RESULT: {"using":"xpath","value":"//*[@id=\"__button107-__clone1248\"]"}
COMMAND: POST /session/cbab2cbbd32afdf19af3e6ba8111c1c3/element/f.4865000251A30E3BD1E5EDC5108DADF6.d.7399B0DDD058230EE56E7004F6F03B0A.e.9101/click - {}
RESULT: {}
COMMAND: GET /session/cbab2cbbd32afdf19af3e6ba8111c1c3/screenshot - {}
RESULT: {}
COMMAND: POST /session/cbab2cbbd32afdf19af3e6ba8111c1c3/element - {"using":"xpath","value":"//input[@value=\"blue\"]"}
RESULT: {"using":"xpath","value":"//input[@value=\"blue\"]"}
COMMAND: POST /session/cbab2cbbd32afdf19af3e6ba8111c1c3/elements - {"using":"xpath","value":"//input[@value=\"blue\"]"}
RESULT: {"using":"xpath","value":"//input[@value=\"blue\"]"}
COMMAND: POST /session/cbab2cbbd32afdf19af3e6ba8111c1c3/execute/async - {"script":"<script> [1562 bytes]","args":[{"selector":{"id":"cancelRequestSpecificationsButton","viewName":"etm.portal.ui.managerequests.view.Detail","searchOpenDialogs":true,"interaction":{"idSuffix":"BDI-content"}},"wdio_ui5_key":"cancelRequestSpecificationsButtonetmportal.ui.managerequests.view.Detail"}]}
RESULT: {"script":"<script> [1562 bytes]","args":[{"selector":{"id":"cancelRequestSpecificationsButton","viewName":"etm.portal.ui.managerequests.view.Detail","searchOpenDialogs":true,"interaction":{"idSuffix":"BDI-content"}},"wdio_ui5_key":"cancelRequestSpecificationsButtonetmportal.ui.managerequests.view.Detail"}]}
RESULT: undefined
COMMAND: POST /session/cbab2cbbd32afdf19af3e6ba8111c1c3/element - {"using":"xpath","value":"//*[@id=\"__xmlview60--cancelRequestSpecificationsButton\"]"}
RESULT: {"using":"xpath","value":"//*[@id=\"__xmlview60--cancelRequestSpecificationsButton\"]"}
COMMAND: POST /session/cbab2cbbd32afdf19af3e6ba8111c1c3/element/f.4865000251A30E3BD1E5EDC5108DADF6.d.7399B0DDD058230EE56E7004F6F03B0A.e.9105/click - {}
RESULT: {}
COMMAND: GET /session/cbab2cbbd32afdf19af3e6ba8111c1c3/screenshot - {}
COMMAND: POST /session/cbab2cbbd32afdf19af3e6ba8111c1c3/element - {"using":"css selector","value":"#shell-header-logo"}
RESULT: {"using":"css selector","value":"#shell-header-logo"}
COMMAND: POST /session/cbab2cbbd32afdf19af3e6ba8111c1c3/element/f.4865000251A30E3BD1E5EDC5108DADF6.d.7399B0DDD058230EE56E7004F6F03B0A.e.8436/click - {}
RESULT: {}
RESULT: {}
COMMAND: GET /session/cbab2cbbd32afdf19af3e6ba8111c1c3/screenshot - {}
RESULT: {}
]]></system-out>
    </testcase>
  </testsuite>
  <testsuite timestamp="2025-05-05T06:01:22" time="313.462" tests="3" failures="0" errors="0" skipped="0">
    <properties>
      <property name="specId" value="0" />
      <property name="suiteName" value="Reserve/Unreserve request item via reserve option US139161" />
      <property name="capabilities" value="chrome.135_0_7049_96.windows" />
      <property name="file" value="file:///D:/a/1/s/test/specs/R2C/reserve-unreserve-request-item-via-reserve-option.spec.js" />
    </properties>
    <testcase classname="chrome.135_0_7049_96.windows.Reserve/Unreserve_request_item_via_reserve_option_US139161" name="Should add the material to the catalog item" time="66.848">
      <system-out><![CDATA[
COMMAND: POST /session/cbab2cbbd32afdf19af3e6ba8111c1c3/element - {"using":"xpath","value":"//*[contains(@href, 'etm.portal.ui.managecatalogs')]"}
RESULT: {"using":"xpath","value":"//*[contains(@href, 'etm.portal.ui.managecatalogs')]"}
COMMAND: POST /session/cbab2cbbd32afdf19af3e6ba8111c1c3/element/f.4865000251A30E3BD1E5EDC5108DADF6.d.7399B0DDD058230EE56E7004F6F03B0A.e.9112/click - {}
RESULT: {}
COMMAND: GET /session/cbab2cbbd32afdf19af3e6ba8111c1c3/screenshot - {}
RESULT: {}
COMMAND: POST /session/cbab2cbbd32afdf19af3e6ba8111c1c3/execute/async - {"script":"<script> [1562 bytes]","args":[{"selector":{"controlType":"sap.m.Text","viewName":"etm.portal.ui.managecatalogs.view.MasterCatalogs","viewId":"application-managecatalogs-display-component---masterCatalogs","bindingPath":{"path":"/Catalogs('0D7502D073D53A0F1700BE067B89AFF9')","propertyPath":"DESCRIPTION","modelName":"catalogModel"}},"wdio_ui5_key":"etmportal.ui.managecatalogs.view.MasterCatalogssap.m.Text{\"path\":\"/Catalogs('0D7502D073D53A0F1700BE067B89AFF9')\",\"propertyPath\":\"DESCRIPTION\",\"modelName\":\"catalogModel\"}"}]}
RESULT: {"script":"<script> [1562 bytes]","args":[{"selector":{"controlType":"sap.m.Text","viewName":"etm.portal.ui.managecatalogs.view.MasterCatalogs","viewId":"application-managecatalogs-display-component---masterCatalogs","bindingPath":{"path":"/Catalogs('0D7502D073D53A0F1700BE067B89AFF9')","propertyPath":"DESCRIPTION","modelName":"catalogModel"}},"wdio_ui5_key":"etmportal.ui.managecatalogs.view.MasterCatalogssap.m.Text{\"path\":\"/Catalogs('0D7502D073D53A0F1700BE067B89AFF9')\",\"propertyPath\":\"DESCRIPTION\",\"modelName\":\"catalogModel\"}"}]}
RESULT: undefined
COMMAND: POST /session/cbab2cbbd32afdf19af3e6ba8111c1c3/element - {"using":"xpath","value":"//*[@id=\"__text685-application-managecatalogs-display-component---masterCatalogs--CatalogsTable-11\"]"}
RESULT: {"using":"xpath","value":"//*[@id=\"__text685-application-managecatalogs-display-component---masterCatalogs--CatalogsTable-11\"]"}
COMMAND: POST /session/cbab2cbbd32afdf19af3e6ba8111c1c3/element/f.4865000251A30E3BD1E5EDC5108DADF6.d.7399B0DDD058230EE56E7004F6F03B0A.e.9182/click - {}
RESULT: {}
RESULT: undefined
COMMAND: POST /session/cbab2cbbd32afdf19af3e6ba8111c1c3/execute/async - {"script":"<script> [776 bytes]","args":[{"enterText":"catalogItem3qehi","selector":{"id":"application-managecatalogs-display-component---masterCatalogItems--searchItemsField","interaction":{"idSuffix":"I"}},"clearTextFirst":true,"interactionType":"ENTER_TEXT"}]}
COMMAND: GET /session/cbab2cbbd32afdf19af3e6ba8111c1c3/screenshot - {}
RESULT: {"script":"<script> [776 bytes]","args":[{"enterText":"catalogItem3qehi","selector":{"id":"application-managecatalogs-display-component---masterCatalogItems--searchItemsField","interaction":{"idSuffix":"I"}},"clearTextFirst":true,"interactionType":"ENTER_TEXT"}]}
COMMAND: POST /session/cbab2cbbd32afdf19af3e6ba8111c1c3/actions - {"actions":[{"id":"action59","type":"key","parameters":{},"actions":[{"type":"keyDown","value":"î€‡"},{"type":"pause","duration":10},{"type":"keyUp","value":"î€‡"}]}]}
RESULT: {}
RESULT: {"actions":[{"id":"action59","type":"key","parameters":{},"actions":[{"type":"keyDown","value":"î€‡"},{"type":"pause","duration":10},{"type":"keyUp","value":"î€‡"}]}]}
COMMAND: POST /session/cbab2cbbd32afdf19af3e6ba8111c1c3/element - {"using":"xpath","value":"(//span[contains(text(), \"catalogItem3qehi\")])[1]"}
COMMAND: GET /session/cbab2cbbd32afdf19af3e6ba8111c1c3/screenshot - {}
RESULT: {"using":"xpath","value":"(//span[contains(text(), \"catalogItem3qehi\")])[1]"}
COMMAND: POST /session/cbab2cbbd32afdf19af3e6ba8111c1c3/element/f.4865000251A30E3BD1E5EDC5108DADF6.d.7399B0DDD058230EE56E7004F6F03B0A.e.9215/click - {}
RESULT: {}
RESULT: {}
COMMAND: GET /session/cbab2cbbd32afdf19af3e6ba8111c1c3/screenshot - {}
RESULT: {}
COMMAND: POST /session/cbab2cbbd32afdf19af3e6ba8111c1c3/element - {"using":"xpath","value":"//*[contains(@id ,\"BDI-content\")][contains(text(), \"Edit\")]"}
RESULT: {"using":"xpath","value":"//*[contains(@id ,\"BDI-content\")][contains(text(), \"Edit\")]"}
COMMAND: POST /session/cbab2cbbd32afdf19af3e6ba8111c1c3/element/f.4865000251A30E3BD1E5EDC5108DADF6.d.7399B0DDD058230EE56E7004F6F03B0A.e.9294/click - {}
RESULT: {}
COMMAND: GET /session/cbab2cbbd32afdf19af3e6ba8111c1c3/screenshot - {}
RESULT: {}
COMMAND: POST /session/cbab2cbbd32afdf19af3e6ba8111c1c3/element - {"using":"xpath","value":"//bdi[contains(text(), \"Assigned Resources\")]"}
RESULT: {"using":"xpath","value":"//bdi[contains(text(), \"Assigned Resources\")]"}
COMMAND: POST /session/cbab2cbbd32afdf19af3e6ba8111c1c3/element/f.4865000251A30E3BD1E5EDC5108DADF6.d.7399B0DDD058230EE56E7004F6F03B0A.e.9319/click - {}
RESULT: {}
COMMAND: GET /session/cbab2cbbd32afdf19af3e6ba8111c1c3/screenshot - {}
RESULT: {}
COMMAND: POST /session/cbab2cbbd32afdf19af3e6ba8111c1c3/element - {"using":"xpath","value":"//button[contains(@data-kt ,\"catalogItemAssignRuButton\")]"}
RESULT: {"using":"xpath","value":"//button[contains(@data-kt ,\"catalogItemAssignRuButton\")]"}
COMMAND: POST /session/cbab2cbbd32afdf19af3e6ba8111c1c3/element/f.4865000251A30E3BD1E5EDC5108DADF6.d.7399B0DDD058230EE56E7004F6F03B0A.e.9327/click - {}
RESULT: {}
COMMAND: GET /session/cbab2cbbd32afdf19af3e6ba8111c1c3/screenshot - {}
RESULT: {}
COMMAND: POST /session/cbab2cbbd32afdf19af3e6ba8111c1c3/actions - {"actions":[{"id":"action60","type":"key","parameters":{},"actions":[{"type":"keyDown","value":"î€‡"},{"type":"pause","duration":10},{"type":"keyUp","value":"î€‡"}]}]}
RESULT: {"actions":[{"id":"action60","type":"key","parameters":{},"actions":[{"type":"keyDown","value":"î€‡"},{"type":"pause","duration":10},{"type":"keyUp","value":"î€‡"}]}]}
COMMAND: GET /session/cbab2cbbd32afdf19af3e6ba8111c1c3/screenshot - {}
RESULT: {}
COMMAND: POST /session/cbab2cbbd32afdf19af3e6ba8111c1c3/execute/async - {"script":"<script> [1562 bytes]","args":[{"selector":{"id":"application-managecatalogs-display-component---detailCatalog--assignRUSearchField-vhi","searchOpenDialogs":true},"wdio_ui5_key":"applicationmanagecatalogs-display-component---detailCatalog--assignRUSearchField-vhi"}]}
RESULT: {"script":"<script> [1562 bytes]","args":[{"selector":{"id":"application-managecatalogs-display-component---detailCatalog--assignRUSearchField-vhi","searchOpenDialogs":true},"wdio_ui5_key":"applicationmanagecatalogs-display-component---detailCatalog--assignRUSearchField-vhi"}]}
RESULT: undefined
COMMAND: POST /session/cbab2cbbd32afdf19af3e6ba8111c1c3/element - {"using":"xpath","value":"//*[@id=\"application-managecatalogs-display-component---detailCatalog--assignRUSearchField-vhi\"]"}
RESULT: {"using":"xpath","value":"//*[@id=\"application-managecatalogs-display-component---detailCatalog--assignRUSearchField-vhi\"]"}
COMMAND: POST /session/cbab2cbbd32afdf19af3e6ba8111c1c3/element/f.4865000251A30E3BD1E5EDC5108DADF6.d.7399B0DDD058230EE56E7004F6F03B0A.e.9343/click - {}
RESULT: {}
COMMAND: GET /session/cbab2cbbd32afdf19af3e6ba8111c1c3/screenshot - {}
RESULT: {}
COMMAND: POST /session/cbab2cbbd32afdf19af3e6ba8111c1c3/element - {"using":"xpath","value":"//input[contains(@id ,\"searchField-I\")]"}
RESULT: {"using":"xpath","value":"//input[contains(@id ,\"searchField-I\")]"}
COMMAND: POST /session/cbab2cbbd32afdf19af3e6ba8111c1c3/element/f.4865000251A30E3BD1E5EDC5108DADF6.d.7399B0DDD058230EE56E7004F6F03B0A.e.9347/clear - {}
RESULT: {}
COMMAND: POST /session/cbab2cbbd32afdf19af3e6ba8111c1c3/element/f.4865000251A30E3BD1E5EDC5108DADF6.d.7399B0DDD058230EE56E7004F6F03B0A.e.9347/value - {"text":"WebdriverRUR2C45yjw"}
COMMAND: GET /session/cbab2cbbd32afdf19af3e6ba8111c1c3/screenshot - {}
RESULT: {"text":"WebdriverRUR2C45yjw"}
COMMAND: GET /session/cbab2cbbd32afdf19af3e6ba8111c1c3/screenshot - {}
RESULT: {}
RESULT: {}
COMMAND: POST /session/cbab2cbbd32afdf19af3e6ba8111c1c3/actions - {"actions":[{"id":"action61","type":"key","parameters":{},"actions":[{"type":"keyDown","value":"î€‡"},{"type":"pause","duration":10},{"type":"keyUp","value":"î€‡"}]}]}
RESULT: {"actions":[{"id":"action61","type":"key","parameters":{},"actions":[{"type":"keyDown","value":"î€‡"},{"type":"pause","duration":10},{"type":"keyUp","value":"î€‡"}]}]}
COMMAND: GET /session/cbab2cbbd32afdf19af3e6ba8111c1c3/screenshot - {}
RESULT: {}
COMMAND: POST /session/cbab2cbbd32afdf19af3e6ba8111c1c3/actions - {"actions":[{"id":"action62","type":"key","parameters":{},"actions":[{"type":"keyDown","value":"î€„"},{"type":"pause","duration":10},{"type":"keyUp","value":"î€„"}]}]}
RESULT: {"actions":[{"id":"action62","type":"key","parameters":{},"actions":[{"type":"keyDown","value":"î€„"},{"type":"pause","duration":10},{"type":"keyUp","value":"î€„"}]}]}
COMMAND: GET /session/cbab2cbbd32afdf19af3e6ba8111c1c3/screenshot - {}
RESULT: {}
COMMAND: POST /session/cbab2cbbd32afdf19af3e6ba8111c1c3/actions - {"actions":[{"id":"action63","type":"key","parameters":{},"actions":[{"type":"keyDown","value":"î€‡"},{"type":"pause","duration":10},{"type":"keyUp","value":"î€‡"}]}]}
RESULT: {"actions":[{"id":"action63","type":"key","parameters":{},"actions":[{"type":"keyDown","value":"î€‡"},{"type":"pause","duration":10},{"type":"keyUp","value":"î€‡"}]}]}
COMMAND: GET /session/cbab2cbbd32afdf19af3e6ba8111c1c3/screenshot - {}
RESULT: {}
COMMAND: POST /session/cbab2cbbd32afdf19af3e6ba8111c1c3/element - {"using":"xpath","value":"//bdi[contains(@id ,\"application-managecatalogs-display-component---detailCatalog--RUAssignmentSaveButton-BDI-content\")]"}
RESULT: {"using":"xpath","value":"//bdi[contains(@id ,\"application-managecatalogs-display-component---detailCatalog--RUAssignmentSaveButton-BDI-content\")]"}
COMMAND: POST /session/cbab2cbbd32afdf19af3e6ba8111c1c3/element/f.4865000251A30E3BD1E5EDC5108DADF6.d.7399B0DDD058230EE56E7004F6F03B0A.e.9376/click - {}
RESULT: {}
COMMAND: GET /session/cbab2cbbd32afdf19af3e6ba8111c1c3/screenshot - {}
RESULT: {}
COMMAND: POST /session/cbab2cbbd32afdf19af3e6ba8111c1c3/element - {"using":"xpath","value":"//bdi[contains(text(), \"Save\")]"}
RESULT: {"using":"xpath","value":"//bdi[contains(text(), \"Save\")]"}
COMMAND: POST /session/cbab2cbbd32afdf19af3e6ba8111c1c3/element/f.4865000251A30E3BD1E5EDC5108DADF6.d.7399B0DDD058230EE56E7004F6F03B0A.e.9399/click - {}
RESULT: {}
COMMAND: GET /session/cbab2cbbd32afdf19af3e6ba8111c1c3/screenshot - {}
RESULT: {}
COMMAND: POST /session/cbab2cbbd32afdf19af3e6ba8111c1c3/element - {"using":"css selector","value":"#shell-header-logo"}
RESULT: {"using":"css selector","value":"#shell-header-logo"}
COMMAND: POST /session/cbab2cbbd32afdf19af3e6ba8111c1c3/element/f.4865000251A30E3BD1E5EDC5108DADF6.d.7399B0DDD058230EE56E7004F6F03B0A.e.9116/click - {}
RESULT: {}
COMMAND: GET /session/cbab2cbbd32afdf19af3e6ba8111c1c3/screenshot - {}
RESULT: {}
COMMAND: POST /session/cbab2cbbd32afdf19af3e6ba8111c1c3/refresh - {}
RESULT: {}
COMMAND: GET /session/cbab2cbbd32afdf19af3e6ba8111c1c3/screenshot - {}
RESULT: {}
COMMAND: POST /session/cbab2cbbd32afdf19af3e6ba8111c1c3/execute/async - {"script":"<script> [189 bytes]","args":[]}
RESULT: {"script":"<script> [189 bytes]","args":[]}
COMMAND: POST /session/cbab2cbbd32afdf19af3e6ba8111c1c3/execute/async - {"script":"<script> [123 bytes]","args":[]}
RESULT: {"script":"<script> [123 bytes]","args":[]}
COMMAND: POST /session/cbab2cbbd32afdf19af3e6ba8111c1c3/timeouts - {"script":"<number>"}
RESULT: {"script":"<number>"}
COMMAND: GET /session/cbab2cbbd32afdf19af3e6ba8111c1c3/timeouts - {}
RESULT: {}
RESULT: undefined
COMMAND: POST /session/cbab2cbbd32afdf19af3e6ba8111c1c3/execute/async - {"script":"<script> [2676 bytes]","args":[]}
RESULT: {"script":"<script> [2676 bytes]","args":[]}
COMMAND: POST /session/cbab2cbbd32afdf19af3e6ba8111c1c3/execute/async - {"script":"<script> [2342 bytes]","args":[{"protocol":"http","hostname":"0.0.0.0","path":"/","capabilities":{"browserName":"chrome","goog:chromeOptions":{"binary":"C:\\Program Files\\Google\\Chrome\\Application\\chrome.exe","args":["--start-maximized"]}},"logLevel":"warn","connectionRetryTimeout":120000,"connectionRetryCount":3,"logLevels":{},"enableDirectConnect":true,"strictSSL":true,"_":"65 more keys: [\"cacheDir\",\"port\",\"requestedCapabilities\",\"automationProtocol\",\"baseUrl\",\"waitforInterval\",\"waitforTimeout\",\"onReload\",\"beforeCommand\",\"afterCommand\",\"rootDir\",\"specs\",\"suites\",\"exclude\",\"groupLogsByTestSpec\",\"excludeDriverLogs\",\"bail\",\"framework\",\"reporters\",\"services\",\"maxInstances\",\"maxInstancesPerCapability\",\"injectGlobals\",\"filesToWatch\",\"execArgv\",\"runnerEnv\",\"runner\",\"shard\",\"specFileRetries\",\"specFileRetriesDelay\",\"specFileRetriesDeferred\",\"reporterSyncInterval\",\"reporterSyncTimeout\",\"cucumberFeaturesWithLineNumbers\",\"autoCompileOpts\",\"mochaOpts\",\"jasmineOpts\",\"cucumberOpts\",\"onPrepare\",\"onWorkerStart\",\"onWorkerEnd\",\"before\",\"beforeSession\",\"beforeSuite\",\"beforeHook\",\"beforeTest\",\"afterTest\",\"afterHook\",\"afterSuite\",\"afterSession\",\"after\",\"onComplete\",\"beforeAssertion\",\"afterAssertion\",\"beforeFeature\",\"beforeScenario\",\"beforeStep\",\"afterStep\",\"afterScenario\",\"afterFeature\",\"_\",\"suite\",\"$0\",\"ignoredWorkerServices\",\"wdi5\"]"}]}
RESULT: {"script":"<script> [2342 bytes]","args":[{"protocol":"http","hostname":"0.0.0.0","path":"/","capabilities":{"browserName":"chrome","goog:chromeOptions":{"binary":"C:\\Program Files\\Google\\Chrome\\Application\\chrome.exe","args":["--start-maximized"]}},"logLevel":"warn","connectionRetryTimeout":120000,"connectionRetryCount":3,"logLevels":{},"enableDirectConnect":true,"strictSSL":true,"_":"65 more keys: [\"cacheDir\",\"port\",\"requestedCapabilities\",\"automationProtocol\",\"baseUrl\",\"waitforInterval\",\"waitforTimeout\",\"onReload\",\"beforeCommand\",\"afterCommand\",\"rootDir\",\"specs\",\"suites\",\"exclude\",\"groupLogsByTestSpec\",\"excludeDriverLogs\",\"bail\",\"framework\",\"reporters\",\"services\",\"maxInstances\",\"maxInstancesPerCapability\",\"injectGlobals\",\"filesToWatch\",\"execArgv\",\"runnerEnv\",\"runner\",\"shard\",\"specFileRetries\",\"specFileRetriesDelay\",\"specFileRetriesDeferred\",\"reporterSyncInterval\",\"reporterSyncTimeout\",\"cucumberFeaturesWithLineNumbers\",\"autoCompileOpts\",\"mochaOpts\",\"jasmineOpts\",\"cucumberOpts\",\"onPrepare\",\"onWorkerStart\",\"onWorkerEnd\",\"before\",\"beforeSession\",\"beforeSuite\",\"beforeHook\",\"beforeTest\",\"afterTest\",\"afterHook\",\"afterSuite\",\"afterSession\",\"after\",\"onComplete\",\"beforeAssertion\",\"afterAssertion\",\"beforeFeature\",\"beforeScenario\",\"beforeStep\",\"afterStep\",\"afterScenario\",\"afterFeature\",\"_\",\"suite\",\"$0\",\"ignoredWorkerServices\",\"wdi5\"]"}]}
COMMAND: POST /session/cbab2cbbd32afdf19af3e6ba8111c1c3/execute/async - {"script":"<script> [21126 bytes]","args":[35000]}
RESULT: {"script":"<script> [21126 bytes]","args":[35000]}
]]></system-out>
    </testcase>
    <testcase classname="chrome.135_0_7049_96.windows.Reserve/Unreserve_request_item_via_reserve_option_US139161" name="Should create a new request with a catalog item that can be planned" time="148.518">
      <system-out><![CDATA[
COMMAND: POST /session/cbab2cbbd32afdf19af3e6ba8111c1c3/element - {"using":"xpath","value":"//*[contains(@href, 'etm.portal.ui.managerequests')]"}
RESULT: {"using":"xpath","value":"//*[contains(@href, 'etm.portal.ui.managerequests')]"}
COMMAND: POST /session/cbab2cbbd32afdf19af3e6ba8111c1c3/element/f.4865000251A30E3BD1E5EDC5108DADF6.d.CFD80551737A1BA9F27DE5C4517E4F15.e.9443/click - {}
RESULT: {}
COMMAND: GET /session/cbab2cbbd32afdf19af3e6ba8111c1c3/screenshot - {}
RESULT: {}
COMMAND: POST /session/cbab2cbbd32afdf19af3e6ba8111c1c3/element - {"using":"xpath","value":"//button[contains(@data-kt ,\"btnCreateNewOverflowToolbarButton\")]"}
COMMAND: POST /session/cbab2cbbd32afdf19af3e6ba8111c1c3/element - {"using":"xpath","value":"(//span[contains(@class ,\"sapMObjStatusText\")])[1]"}
RESULT: {"using":"xpath","value":"//button[contains(@data-kt ,\"btnCreateNewOverflowToolbarButton\")]"}
COMMAND: POST /session/cbab2cbbd32afdf19af3e6ba8111c1c3/element/f.4865000251A30E3BD1E5EDC5108DADF6.d.CFD80551737A1BA9F27DE5C4517E4F15.e.9501/click - {}
RESULT: {"using":"xpath","value":"(//span[contains(@class ,\"sapMObjStatusText\")])[1]"}
COMMAND: POST /session/cbab2cbbd32afdf19af3e6ba8111c1c3/execute/sync - {"script":"<script> [8489 bytes]","args":[{"element-6066-11e4-a52e-4f735466cecf":"f.4865000251A30E3BD1E5EDC5108DADF6.d.CFD80551737A1BA9F27DE5C4517E4F15.e.9541","ELEMENT":"f.4865000251A30E3BD1E5EDC5108DADF6.d.CFD80551737A1BA9F27DE5C4517E4F15.e.9541"}]}
RESULT: {}
COMMAND: GET /session/cbab2cbbd32afdf19af3e6ba8111c1c3/screenshot - {}
COMMAND: POST /session/cbab2cbbd32afdf19af3e6ba8111c1c3/element - {"using":"xpath","value":"(//span[contains(@class ,\"sapMObjStatusText\")])[1]"}
RESULT: {}
RESULT: {"using":"xpath","value":"(//span[contains(@class ,\"sapMObjStatusText\")])[1]"}
COMMAND: POST /session/cbab2cbbd32afdf19af3e6ba8111c1c3/execute/sync - {"script":"<script> [8489 bytes]","args":[{"element-6066-11e4-a52e-4f735466cecf":"f.4865000251A30E3BD1E5EDC5108DADF6.d.CFD80551737A1BA9F27DE5C4517E4F15.e.9881","ELEMENT":"f.4865000251A30E3BD1E5EDC5108DADF6.d.CFD80551737A1BA9F27DE5C4517E4F15.e.9881"}]}
RESULT: {"script":"<script> [8489 bytes]","args":[{"element-6066-11e4-a52e-4f735466cecf":"f.4865000251A30E3BD1E5EDC5108DADF6.d.CFD80551737A1BA9F27DE5C4517E4F15.e.9881","ELEMENT":"f.4865000251A30E3BD1E5EDC5108DADF6.d.CFD80551737A1BA9F27DE5C4517E4F15.e.9881"}]}
COMMAND: GET /session/cbab2cbbd32afdf19af3e6ba8111c1c3/screenshot - {}
RESULT: {}
COMMAND: POST /session/cbab2cbbd32afdf19af3e6ba8111c1c3/element - {"using":"xpath","value":"//input[contains(@id ,\"yardId-inner\")]"}
RESULT: {"using":"xpath","value":"//input[contains(@id ,\"yardId-inner\")]"}
COMMAND: POST /session/cbab2cbbd32afdf19af3e6ba8111c1c3/execute/sync - {"script":"<script> [8489 bytes]","args":[{"element-6066-11e4-a52e-4f735466cecf":"f.4865000251A30E3BD1E5EDC5108DADF6.d.CFD80551737A1BA9F27DE5C4517E4F15.e.9733","ELEMENT":"f.4865000251A30E3BD1E5EDC5108DADF6.d.CFD80551737A1BA9F27DE5C4517E4F15.e.9733"}]}
RESULT: {"script":"<script> [8489 bytes]","args":[{"element-6066-11e4-a52e-4f735466cecf":"f.4865000251A30E3BD1E5EDC5108DADF6.d.CFD80551737A1BA9F27DE5C4517E4F15.e.9733","ELEMENT":"f.4865000251A30E3BD1E5EDC5108DADF6.d.CFD80551737A1BA9F27DE5C4517E4F15.e.9733"}]}
COMMAND: POST /session/cbab2cbbd32afdf19af3e6ba8111c1c3/element - {"using":"xpath","value":"//input[contains(@id ,\"yardId-inner\")]"}
COMMAND: GET /session/cbab2cbbd32afdf19af3e6ba8111c1c3/screenshot - {}
RESULT: {"using":"xpath","value":"//input[contains(@id ,\"yardId-inner\")]"}
COMMAND: GET /session/cbab2cbbd32afdf19af3e6ba8111c1c3/element/f.4865000251A30E3BD1E5EDC5108DADF6.d.CFD80551737A1BA9F27DE5C4517E4F15.e.9733/enabled - {}
RESULT: {}
RESULT: {}
COMMAND: POST /session/cbab2cbbd32afdf19af3e6ba8111c1c3/element/f.4865000251A30E3BD1E5EDC5108DADF6.d.CFD80551737A1BA9F27DE5C4517E4F15.e.9733/clear - {}
COMMAND: GET /session/cbab2cbbd32afdf19af3e6ba8111c1c3/screenshot - {}
RESULT: {}
COMMAND: POST /session/cbab2cbbd32afdf19af3e6ba8111c1c3/element/f.4865000251A30E3BD1E5EDC5108DADF6.d.CFD80551737A1BA9F27DE5C4517E4F15.e.9733/value - {"text":"WebdriverYardgw1hi"}
COMMAND: GET /session/cbab2cbbd32afdf19af3e6ba8111c1c3/screenshot - {}
RESULT: {}
RESULT: {"text":"WebdriverYardgw1hi"}
COMMAND: GET /session/cbab2cbbd32afdf19af3e6ba8111c1c3/screenshot - {}
RESULT: {}
RESULT: {}
COMMAND: POST /session/cbab2cbbd32afdf19af3e6ba8111c1c3/actions - {"actions":[{"id":"action64","type":"key","parameters":{},"actions":[{"type":"keyDown","value":"î€‡"},{"type":"pause","duration":10},{"type":"keyUp","value":"î€‡"}]}]}
COMMAND: POST /session/cbab2cbbd32afdf19af3e6ba8111c1c3/element - {"using":"xpath","value":"//input[contains(@id ,\"customerNumber-inner\")]"}
RESULT: {"actions":[{"id":"action64","type":"key","parameters":{},"actions":[{"type":"keyDown","value":"î€‡"},{"type":"pause","duration":10},{"type":"keyUp","value":"î€‡"}]}]}
COMMAND: GET /session/cbab2cbbd32afdf19af3e6ba8111c1c3/screenshot - {}
RESULT: {"using":"xpath","value":"//input[contains(@id ,\"customerNumber-inner\")]"}
COMMAND: POST /session/cbab2cbbd32afdf19af3e6ba8111c1c3/element/f.4865000251A30E3BD1E5EDC5108DADF6.d.CFD80551737A1BA9F27DE5C4517E4F15.e.9727/value - {"text":"WebdriverPartnerlkand"}
RESULT: {}
RESULT: {"text":"WebdriverPartnerlkand"}
COMMAND: GET /session/cbab2cbbd32afdf19af3e6ba8111c1c3/screenshot - {}
RESULT: {}
COMMAND: POST /session/cbab2cbbd32afdf19af3e6ba8111c1c3/actions - {"actions":[{"id":"action65","type":"key","parameters":{},"actions":[{"type":"keyDown","value":"î€‡"},{"type":"pause","duration":10},{"type":"keyUp","value":"î€‡"}]}]}
RESULT: {"actions":[{"id":"action65","type":"key","parameters":{},"actions":[{"type":"keyDown","value":"î€‡"},{"type":"pause","duration":10},{"type":"keyUp","value":"î€‡"}]}]}
COMMAND: GET /session/cbab2cbbd32afdf19af3e6ba8111c1c3/screenshot - {}
RESULT: {}
COMMAND: GET /session/cbab2cbbd32afdf19af3e6ba8111c1c3/element/f.4865000251A30E3BD1E5EDC5108DADF6.d.CFD80551737A1BA9F27DE5C4517E4F15.e.9727/property/value - {}
RESULT: {}
COMMAND: GET /session/cbab2cbbd32afdf19af3e6ba8111c1c3/screenshot - {}
RESULT: {}
COMMAND: POST /session/cbab2cbbd32afdf19af3e6ba8111c1c3/element - {"using":"xpath","value":"//input[contains(@id ,\"requestSiteId-inner\")]"}
RESULT: {"using":"xpath","value":"//input[contains(@id ,\"requestSiteId-inner\")]"}
COMMAND: POST /session/cbab2cbbd32afdf19af3e6ba8111c1c3/element/f.4865000251A30E3BD1E5EDC5108DADF6.d.CFD80551737A1BA9F27DE5C4517E4F15.e.9726/value - {"text":"WebdriverSitemct53i"}
RESULT: {"text":"WebdriverSitemct53i"}
COMMAND: GET /session/cbab2cbbd32afdf19af3e6ba8111c1c3/screenshot - {}
RESULT: {}
COMMAND: POST /session/cbab2cbbd32afdf19af3e6ba8111c1c3/actions - {"actions":[{"id":"action66","type":"key","parameters":{},"actions":[{"type":"keyDown","value":"î€‡"},{"type":"pause","duration":10},{"type":"keyUp","value":"î€‡"}]}]}
RESULT: {"actions":[{"id":"action66","type":"key","parameters":{},"actions":[{"type":"keyDown","value":"î€‡"},{"type":"pause","duration":10},{"type":"keyUp","value":"î€‡"}]}]}
COMMAND: GET /session/cbab2cbbd32afdf19af3e6ba8111c1c3/screenshot - {}
RESULT: {}
COMMAND: POST /session/cbab2cbbd32afdf19af3e6ba8111c1c3/element - {"using":"xpath","value":"//button[contains(@data-kt ,\"requestItemAddOverflowToolbarButton\")]"}
RESULT: {"using":"xpath","value":"//button[contains(@data-kt ,\"requestItemAddOverflowToolbarButton\")]"}
COMMAND: POST /session/cbab2cbbd32afdf19af3e6ba8111c1c3/element/f.4865000251A30E3BD1E5EDC5108DADF6.d.CFD80551737A1BA9F27DE5C4517E4F15.e.9705/click - {}
RESULT: {}
COMMAND: GET /session/cbab2cbbd32afdf19af3e6ba8111c1c3/screenshot - {}
RESULT: {}
COMMAND: POST /session/cbab2cbbd32afdf19af3e6ba8111c1c3/actions - {"actions":[{"id":"action67","type":"key","parameters":{},"actions":[{"type":"keyDown","value":"î€•"},{"type":"pause","duration":10},{"type":"keyUp","value":"î€•"}]}]}
RESULT: {"actions":[{"id":"action67","type":"key","parameters":{},"actions":[{"type":"keyDown","value":"î€•"},{"type":"pause","duration":10},{"type":"keyUp","value":"î€•"}]}]}
COMMAND: POST /session/cbab2cbbd32afdf19af3e6ba8111c1c3/actions - {"actions":[{"id":"action68","type":"key","parameters":{},"actions":[{"type":"keyDown","value":"î€‡"},{"type":"pause","duration":10},{"type":"keyUp","value":"î€‡"}]}]}
COMMAND: GET /session/cbab2cbbd32afdf19af3e6ba8111c1c3/screenshot - {}
RESULT: {"actions":[{"id":"action68","type":"key","parameters":{},"actions":[{"type":"keyDown","value":"î€‡"},{"type":"pause","duration":10},{"type":"keyUp","value":"î€‡"}]}]}
COMMAND: POST /session/cbab2cbbd32afdf19af3e6ba8111c1c3/element - {"using":"xpath","value":"(//input[contains(@id ,\"requestItemsTable-0-inner\")])[1]"}
COMMAND: GET /session/cbab2cbbd32afdf19af3e6ba8111c1c3/screenshot - {}
RESULT: {}
RESULT: {"using":"xpath","value":"(//input[contains(@id ,\"requestItemsTable-0-inner\")])[1]"}
COMMAND: POST /session/cbab2cbbd32afdf19af3e6ba8111c1c3/element/f.4865000251A30E3BD1E5EDC5108DADF6.d.CFD80551737A1BA9F27DE5C4517E4F15.e.9895/clear - {}
RESULT: {}
RESULT: {}
COMMAND: POST /session/cbab2cbbd32afdf19af3e6ba8111c1c3/element/f.4865000251A30E3BD1E5EDC5108DADF6.d.CFD80551737A1BA9F27DE5C4517E4F15.e.9895/value - {"text":"catalogItem3qehi"}
COMMAND: GET /session/cbab2cbbd32afdf19af3e6ba8111c1c3/screenshot - {}
RESULT: {"text":"catalogItem3qehi"}
COMMAND: GET /session/cbab2cbbd32afdf19af3e6ba8111c1c3/screenshot - {}
RESULT: {}
RESULT: {}
COMMAND: POST /session/cbab2cbbd32afdf19af3e6ba8111c1c3/actions - {"actions":[{"id":"action69","type":"key","parameters":{},"actions":[{"type":"keyDown","value":"î€‡"},{"type":"pause","duration":10},{"type":"keyUp","value":"î€‡"}]}]}
RESULT: {"actions":[{"id":"action69","type":"key","parameters":{},"actions":[{"type":"keyDown","value":"î€‡"},{"type":"pause","duration":10},{"type":"keyUp","value":"î€‡"}]}]}
COMMAND: GET /session/cbab2cbbd32afdf19af3e6ba8111c1c3/screenshot - {}
RESULT: {}
COMMAND: POST /session/cbab2cbbd32afdf19af3e6ba8111c1c3/execute/async - {"script":"<script> [1562 bytes]","args":[{"selector":{"controlType":"sap.ui.core.Icon","viewName":"etm.portal.ui.managerequests.view.NewRequest","properties":{"src":{"regex":{"source":"slim\\-arrow\\-down"}}},"ancestor":{"controlType":"sap.m.Button","viewName":"etm.portal.ui.managerequests.view.NewRequest","properties":{"icon":"sap-icon://slim-arrow-down"}}},"wdio_ui5_key":"etmportal.ui.managerequests.view.NewRequestsap.ui.core.Icon{\"src\":{\"regex\":{\"source\":\"slim\\\\-arrow\\\\-down\"}}}{\"controlType\":\"sap.m.Button\",\"viewName\":\"etm.portal.ui.managerequests.view.NewRequest\",\"properties\":{\"icon\":\"sap-icon://slim-arrow-down\"}}"}]}
RESULT: {"script":"<script> [1562 bytes]","args":[{"selector":{"controlType":"sap.ui.core.Icon","viewName":"etm.portal.ui.managerequests.view.NewRequest","properties":{"src":{"regex":{"source":"slim\\-arrow\\-down"}}},"ancestor":{"controlType":"sap.m.Button","viewName":"etm.portal.ui.managerequests.view.NewRequest","properties":{"icon":"sap-icon://slim-arrow-down"}}},"wdio_ui5_key":"etmportal.ui.managerequests.view.NewRequestsap.ui.core.Icon{\"src\":{\"regex\":{\"source\":\"slim\\\\-arrow\\\\-down\"}}}{\"controlType\":\"sap.m.Button\",\"viewName\":\"etm.portal.ui.managerequests.view.NewRequest\",\"properties\":{\"icon\":\"sap-icon://slim-arrow-down\"}}"}]}
RESULT: undefined
COMMAND: POST /session/cbab2cbbd32afdf19af3e6ba8111c1c3/element - {"using":"xpath","value":"//div[contains(@data-kt ,\"splitAllocationObjectStatus\")]"}
RESULT: {"using":"xpath","value":"//div[contains(@data-kt ,\"splitAllocationObjectStatus\")]"}
COMMAND: POST /session/cbab2cbbd32afdf19af3e6ba8111c1c3/elements - {"using":"xpath","value":"//div[contains(@data-kt ,\"splitAllocationObjectStatus\")]"}
RESULT: {"using":"xpath","value":"//div[contains(@data-kt ,\"splitAllocationObjectStatus\")]"}
COMMAND: POST /session/cbab2cbbd32afdf19af3e6ba8111c1c3/execute/async - {"script":"<script> [1562 bytes]","args":[{"selector":{"controlType":"sap.ui.core.Icon","viewName":"etm.portal.ui.managerequests.view.NewRequest","properties":{"src":{"regex":{"source":"message\\-error"}}}},"wdio_ui5_key":"etmportal.ui.managerequests.view.NewRequestsap.ui.core.Icon{\"src\":{\"regex\":{\"source\":\"message\\\\-error\"}}}"}]}
RESULT: {"script":"<script> [1562 bytes]","args":[{"selector":{"controlType":"sap.ui.core.Icon","viewName":"etm.portal.ui.managerequests.view.NewRequest","properties":{"src":{"regex":{"source":"message\\-error"}}}},"wdio_ui5_key":"etmportal.ui.managerequests.view.NewRequestsap.ui.core.Icon{\"src\":{\"regex\":{\"source\":\"message\\\\-error\"}}}"}]}
RESULT: undefined
COMMAND: POST /session/cbab2cbbd32afdf19af3e6ba8111c1c3/element - {"using":"xpath","value":"//*[@id=\"__status4-__xmlview59--requestItemsTable-0-icon\"]"}
RESULT: {"using":"xpath","value":"//*[@id=\"__status4-__xmlview59--requestItemsTable-0-icon\"]"}
COMMAND: POST /session/cbab2cbbd32afdf19af3e6ba8111c1c3/element/f.4865000251A30E3BD1E5EDC5108DADF6.d.CFD80551737A1BA9F27DE5C4517E4F15.e.9910/click - {}
RESULT: {}
COMMAND: POST /session/cbab2cbbd32afdf19af3e6ba8111c1c3/execute/async - {"script":"<script> [1562 bytes]","args":[{"selector":{"controlType":"sap.ui.core.Icon","viewName":"etm.portal.ui.managerequests.view.NewRequest","properties":{"src":{"regex":{"source":"slim\\-arrow\\-down"}}},"searchOpenDialogs":true,"ancestor":{"id":"costObjectAdminTypeComboBox","viewName":"etm.portal.ui.managerequests.view.NewRequest","searchOpenDialogs":true}},"wdio_ui5_key":"etmportal.ui.managerequests.view.NewRequestsap.ui.core.Icon{\"src\":{\"regex\":{\"source\":\"slim\\\\-arrow\\\\-down\"}}}{\"id\":\"costObjectAdminTypeComboBox\",\"viewName\":\"etm.portal.ui.managerequests.view.NewRequest\",\"searchOpenDialogs\":true}"}]}
COMMAND: GET /session/cbab2cbbd32afdf19af3e6ba8111c1c3/screenshot - {}
RESULT: {"script":"<script> [1562 bytes]","args":[{"selector":{"controlType":"sap.ui.core.Icon","viewName":"etm.portal.ui.managerequests.view.NewRequest","properties":{"src":{"regex":{"source":"slim\\-arrow\\-down"}}},"searchOpenDialogs":true,"ancestor":{"id":"costObjectAdminTypeComboBox","viewName":"etm.portal.ui.managerequests.view.NewRequest","searchOpenDialogs":true}},"wdio_ui5_key":"etmportal.ui.managerequests.view.NewRequestsap.ui.core.Icon{\"src\":{\"regex\":{\"source\":\"slim\\\\-arrow\\\\-down\"}}}{\"id\":\"costObjectAdminTypeComboBox\",\"viewName\":\"etm.portal.ui.managerequests.view.NewRequest\",\"searchOpenDialogs\":true}"}]}
RESULT: undefined
COMMAND: POST /session/cbab2cbbd32afdf19af3e6ba8111c1c3/element - {"using":"xpath","value":"//*[@id=\"__xmlview59--costObjectAdminTypeComboBox-arrow\"]"}
RESULT: {}
RESULT: {"using":"xpath","value":"//*[@id=\"__xmlview59--costObjectAdminTypeComboBox-arrow\"]"}
COMMAND: POST /session/cbab2cbbd32afdf19af3e6ba8111c1c3/element/f.4865000251A30E3BD1E5EDC5108DADF6.d.CFD80551737A1BA9F27DE5C4517E4F15.e.9914/click - {}
RESULT: {}
COMMAND: POST /session/cbab2cbbd32afdf19af3e6ba8111c1c3/execute/async - {"script":"<script> [1562 bytes]","args":[{"selector":{"controlType":"sap.m.StandardListItem","viewName":"etm.portal.ui.managerequests.view.NewRequest","properties":{"title":"Cost Center"},"searchOpenDialogs":true,"interaction":{"idSuffix":"titleText"}},"wdio_ui5_key":"etmportal.ui.managerequests.view.NewRequestsap.m.StandardListItem{\"title\":\"Cost Center\"}"}]}
COMMAND: GET /session/cbab2cbbd32afdf19af3e6ba8111c1c3/screenshot - {}
RESULT: {"script":"<script> [1562 bytes]","args":[{"selector":{"controlType":"sap.m.StandardListItem","viewName":"etm.portal.ui.managerequests.view.NewRequest","properties":{"title":"Cost Center"},"searchOpenDialogs":true,"interaction":{"idSuffix":"titleText"}},"wdio_ui5_key":"etmportal.ui.managerequests.view.NewRequestsap.m.StandardListItem{\"title\":\"Cost Center\"}"}]}
RESULT: undefined
COMMAND: POST /session/cbab2cbbd32afdf19af3e6ba8111c1c3/element - {"using":"xpath","value":"//*[@id=\"__item743\"]"}
RESULT: {}
RESULT: {"using":"xpath","value":"//*[@id=\"__item743\"]"}
COMMAND: POST /session/cbab2cbbd32afdf19af3e6ba8111c1c3/element/f.4865000251A30E3BD1E5EDC5108DADF6.d.CFD80551737A1BA9F27DE5C4517E4F15.e.9917/click - {}
RESULT: {}
COMMAND: GET /session/cbab2cbbd32afdf19af3e6ba8111c1c3/screenshot - {}
RESULT: {}
COMMAND: POST /session/cbab2cbbd32afdf19af3e6ba8111c1c3/execute/async - {"script":"<script> [1562 bytes]","args":[{"selector":{"controlType":"sap.ui.core.Icon","viewName":"etm.portal.ui.managerequests.view.NewRequest","properties":{"src":{"regex":{"source":"value\\-help"}}},"searchOpenDialogs":true},"wdio_ui5_key":"etmportal.ui.managerequests.view.NewRequestsap.ui.core.Icon{\"src\":{\"regex\":{\"source\":\"value\\\\-help\"}}}"}]}
RESULT: {"script":"<script> [1562 bytes]","args":[{"selector":{"controlType":"sap.ui.core.Icon","viewName":"etm.portal.ui.managerequests.view.NewRequest","properties":{"src":{"regex":{"source":"value\\-help"}}},"searchOpenDialogs":true},"wdio_ui5_key":"etmportal.ui.managerequests.view.NewRequestsap.ui.core.Icon{\"src\":{\"regex\":{\"source\":\"value\\\\-help\"}}}"}]}
RESULT: undefined
COMMAND: POST /session/cbab2cbbd32afdf19af3e6ba8111c1c3/element - {"using":"xpath","value":"//*[@id=\"__xmlview59--costObjectIdComboBox-vhi\"]"}
RESULT: {"using":"xpath","value":"//*[@id=\"__xmlview59--costObjectIdComboBox-vhi\"]"}
COMMAND: POST /session/cbab2cbbd32afdf19af3e6ba8111c1c3/element/f.4865000251A30E3BD1E5EDC5108DADF6.d.CFD80551737A1BA9F27DE5C4517E4F15.e.9924/click - {}
RESULT: {}
COMMAND: POST /session/cbab2cbbd32afdf19af3e6ba8111c1c3/execute/async - {"script":"<script> [1562 bytes]","args":[{"selector":{"controlType":"sap.m.SearchField","properties":{"placeholder":"Search"},"searchOpenDialogs":true,"interaction":{"idSuffix":"I"}},"wdio_ui5_key":"sapm.SearchField{\"placeholder\":\"Search\"}"}]}
COMMAND: GET /session/cbab2cbbd32afdf19af3e6ba8111c1c3/screenshot - {}
RESULT: {"script":"<script> [1562 bytes]","args":[{"selector":{"controlType":"sap.m.SearchField","properties":{"placeholder":"Search"},"searchOpenDialogs":true,"interaction":{"idSuffix":"I"}},"wdio_ui5_key":"sapm.SearchField{\"placeholder\":\"Search\"}"}]}
RESULT: undefined
COMMAND: POST /session/cbab2cbbd32afdf19af3e6ba8111c1c3/execute/async - {"script":"<script> [776 bytes]","args":[{"enterText":"10001010","selector":{"controlType":"sap.m.SearchField","properties":{"placeholder":"Search"},"searchOpenDialogs":true,"interaction":{"idSuffix":"I"}},"clearTextFirst":true,"interactionType":"ENTER_TEXT"}]}
RESULT: {}
RESULT: {"script":"<script> [776 bytes]","args":[{"enterText":"10001010","selector":{"controlType":"sap.m.SearchField","properties":{"placeholder":"Search"},"searchOpenDialogs":true,"interaction":{"idSuffix":"I"}},"clearTextFirst":true,"interactionType":"ENTER_TEXT"}]}
COMMAND: POST /session/cbab2cbbd32afdf19af3e6ba8111c1c3/actions - {"actions":[{"id":"action70","type":"key","parameters":{},"actions":[{"type":"keyDown","value":"î€‡"},{"type":"pause","duration":10},{"type":"keyUp","value":"î€‡"}]}]}
RESULT: {"actions":[{"id":"action70","type":"key","parameters":{},"actions":[{"type":"keyDown","value":"î€‡"},{"type":"pause","duration":10},{"type":"keyUp","value":"î€‡"}]}]}
COMMAND: GET /session/cbab2cbbd32afdf19af3e6ba8111c1c3/screenshot - {}
RESULT: {}
COMMAND: POST /session/cbab2cbbd32afdf19af3e6ba8111c1c3/execute/async - {"script":"<script> [1562 bytes]","args":[{"selector":{"controlType":"sap.m.Text","bindingPath":{"path":"/C_CostCtrValueHelp(CostCenter='10001010',ControllingArea='Z001')","propertyPath":"CostCenterName","modelName":"CostCenterModel"},"searchOpenDialogs":true},"wdio_ui5_key":"sapm.Text{\"path\":\"/C_CostCtrValueHelp(CostCenter='10001010',ControllingArea='Z001')\",\"propertyPath\":\"CostCenterName\",\"modelName\":\"CostCenterModel\"}"}]}
RESULT: {"script":"<script> [1562 bytes]","args":[{"selector":{"controlType":"sap.m.Text","bindingPath":{"path":"/C_CostCtrValueHelp(CostCenter='10001010',ControllingArea='Z001')","propertyPath":"CostCenterName","modelName":"CostCenterModel"},"searchOpenDialogs":true},"wdio_ui5_key":"sapm.Text{\"path\":\"/C_CostCtrValueHelp(CostCenter='10001010',ControllingArea='Z001')\",\"propertyPath\":\"CostCenterName\",\"modelName\":\"CostCenterModel\"}"}]}
RESULT: undefined
COMMAND: POST /session/cbab2cbbd32afdf19af3e6ba8111c1c3/element - {"using":"xpath","value":"//*[@id=\"__text291-__clone881\"]"}
RESULT: {"using":"xpath","value":"//*[@id=\"__text291-__clone881\"]"}
COMMAND: POST /session/cbab2cbbd32afdf19af3e6ba8111c1c3/element/f.4865000251A30E3BD1E5EDC5108DADF6.d.CFD80551737A1BA9F27DE5C4517E4F15.e.9965/click - {}
RESULT: {}
COMMAND: POST /session/cbab2cbbd32afdf19af3e6ba8111c1c3/execute/async - {"script":"<script> [1562 bytes]","args":[{"selector":{"controlType":"sap.m.Button","properties":{"text":"OK"},"searchOpenDialogs":true,"interaction":{"idSuffix":"BDI-content"}},"wdio_ui5_key":"sapm.Button{\"text\":\"OK\"}"}]}
COMMAND: GET /session/cbab2cbbd32afdf19af3e6ba8111c1c3/screenshot - {}
RESULT: {"script":"<script> [1562 bytes]","args":[{"selector":{"controlType":"sap.m.Button","properties":{"text":"OK"},"searchOpenDialogs":true,"interaction":{"idSuffix":"BDI-content"}},"wdio_ui5_key":"sapm.Button{\"text\":\"OK\"}"}]}
RESULT: undefined
COMMAND: POST /session/cbab2cbbd32afdf19af3e6ba8111c1c3/element - {"using":"xpath","value":"//*[@id=\"__dialog1-ok\"]"}
RESULT: {}
RESULT: {"using":"xpath","value":"//*[@id=\"__dialog1-ok\"]"}
COMMAND: POST /session/cbab2cbbd32afdf19af3e6ba8111c1c3/element/f.4865000251A30E3BD1E5EDC5108DADF6.d.CFD80551737A1BA9F27DE5C4517E4F15.e.9967/click - {}
RESULT: {}
COMMAND: GET /session/cbab2cbbd32afdf19af3e6ba8111c1c3/screenshot - {}
RESULT: {}
COMMAND: POST /session/cbab2cbbd32afdf19af3e6ba8111c1c3/execute/async - {"script":"<script> [1562 bytes]","args":[{"selector":{"controlType":"sap.m.Button","viewName":"etm.portal.ui.managerequests.view.NewRequest","i18NText":{"propertyName":"text","key":"save"},"searchOpenDialogs":true,"interaction":{"idSuffix":"BDI-content"}},"wdio_ui5_key":"etmportal.ui.managerequests.view.NewRequestsap.m.Button{\"propertyName\":\"text\",\"key\":\"save\"}"}]}
RESULT: {"script":"<script> [1562 bytes]","args":[{"selector":{"controlType":"sap.m.Button","viewName":"etm.portal.ui.managerequests.view.NewRequest","i18NText":{"propertyName":"text","key":"save"},"searchOpenDialogs":true,"interaction":{"idSuffix":"BDI-content"}},"wdio_ui5_key":"etmportal.ui.managerequests.view.NewRequestsap.m.Button{\"propertyName\":\"text\",\"key\":\"save\"}"}]}
RESULT: undefined
COMMAND: POST /session/cbab2cbbd32afdf19af3e6ba8111c1c3/element - {"using":"xpath","value":"//*[@id=\"__button24\"]"}
RESULT: {"using":"xpath","value":"//*[@id=\"__button24\"]"}
COMMAND: POST /session/cbab2cbbd32afdf19af3e6ba8111c1c3/element/f.4865000251A30E3BD1E5EDC5108DADF6.d.CFD80551737A1BA9F27DE5C4517E4F15.e.9971/click - {}
RESULT: {}
COMMAND: GET /session/cbab2cbbd32afdf19af3e6ba8111c1c3/screenshot - {}
RESULT: {}
COMMAND: POST /session/cbab2cbbd32afdf19af3e6ba8111c1c3/element - {"using":"xpath","value":"(//bdi[contains(text() ,\"Save\")])[1]"}
RESULT: {"using":"xpath","value":"(//bdi[contains(text() ,\"Save\")])[1]"}
COMMAND: POST /session/cbab2cbbd32afdf19af3e6ba8111c1c3/element/f.4865000251A30E3BD1E5EDC5108DADF6.d.CFD80551737A1BA9F27DE5C4517E4F15.e.9974/click - {}
RESULT: {}
COMMAND: GET /session/cbab2cbbd32afdf19af3e6ba8111c1c3/screenshot - {}
RESULT: {}
COMMAND: POST /session/cbab2cbbd32afdf19af3e6ba8111c1c3/execute/async - {"script":"<script> [1562 bytes]","args":[{"selector":{"controlType":"sap.m.Title","properties":{"text":"Success"},"searchOpenDialogs":true},"wdio_ui5_key":"sapm.Title{\"text\":\"Success\"}"}]}
RESULT: {"script":"<script> [1562 bytes]","args":[{"selector":{"controlType":"sap.m.Title","properties":{"text":"Success"},"searchOpenDialogs":true},"wdio_ui5_key":"sapm.Title{\"text\":\"Success\"}"}]}
RESULT: undefined
COMMAND: POST /session/cbab2cbbd32afdf19af3e6ba8111c1c3/execute/async - {"script":"<script> [6424 bytes]","args":[{"element-6066-11e4-a52e-4f735466cecf":"f.4865000251A30E3BD1E5EDC5108DADF6.d.CFD80551737A1BA9F27DE5C4517E4F15.e.9977"},"getText",[]]}
RESULT: {"script":"<script> [6424 bytes]","args":[{"element-6066-11e4-a52e-4f735466cecf":"f.4865000251A30E3BD1E5EDC5108DADF6.d.CFD80551737A1BA9F27DE5C4517E4F15.e.9977"},"getText",[]]}
COMMAND: POST /session/cbab2cbbd32afdf19af3e6ba8111c1c3/execute/async - {"script":"<script> [1562 bytes]","args":[{"selector":{"controlType":"sap.m.Button","properties":{"text":"Close"},"searchOpenDialogs":true,"interaction":{"idSuffix":"BDI-content"}},"wdio_ui5_key":"sapm.Button{\"text\":\"Close\"}"}]}
RESULT: {"script":"<script> [1562 bytes]","args":[{"selector":{"controlType":"sap.m.Button","properties":{"text":"Close"},"searchOpenDialogs":true,"interaction":{"idSuffix":"BDI-content"}},"wdio_ui5_key":"sapm.Button{\"text\":\"Close\"}"}]}
RESULT: undefined
COMMAND: POST /session/cbab2cbbd32afdf19af3e6ba8111c1c3/element - {"using":"xpath","value":"//*[@id=\"__mbox-btn-0\"]"}
RESULT: {"using":"xpath","value":"//*[@id=\"__mbox-btn-0\"]"}
COMMAND: POST /session/cbab2cbbd32afdf19af3e6ba8111c1c3/element/f.4865000251A30E3BD1E5EDC5108DADF6.d.CFD80551737A1BA9F27DE5C4517E4F15.e.9975/click - {}
RESULT: {}
COMMAND: GET /session/cbab2cbbd32afdf19af3e6ba8111c1c3/screenshot - {}
RESULT: {}
]]></system-out>
    </testcase>
    <testcase classname="chrome.135_0_7049_96.windows.Reserve/Unreserve_request_item_via_reserve_option_US139161" name="Should navigate to planning board and reserve the resource" time="93.552">
      <system-out><![CDATA[
COMMAND: POST /session/cbab2cbbd32afdf19af3e6ba8111c1c3/execute/async - {"script":"<script> [1562 bytes]","args":[{"selector":{"controlType":"sap.m.Button","viewName":"etm.portal.ui.managerequests.view.Detail","i18NText":{"propertyName":"text","key":"planningSituation"},"interaction":{"idSuffix":"BDI-content"}},"wdio_ui5_key":"etmportal.ui.managerequests.view.Detailsap.m.Button{\"propertyName\":\"text\",\"key\":\"planningSituation\"}"}]}
RESULT: {"script":"<script> [1562 bytes]","args":[{"selector":{"controlType":"sap.m.Button","viewName":"etm.portal.ui.managerequests.view.Detail","i18NText":{"propertyName":"text","key":"planningSituation"},"interaction":{"idSuffix":"BDI-content"}},"wdio_ui5_key":"etmportal.ui.managerequests.view.Detailsap.m.Button{\"propertyName\":\"text\",\"key\":\"planningSituation\"}"}]}
RESULT: undefined
COMMAND: POST /session/cbab2cbbd32afdf19af3e6ba8111c1c3/element - {"using":"xpath","value":"//*[@id=\"__button27\"]"}
RESULT: {"using":"xpath","value":"//*[@id=\"__button27\"]"}
COMMAND: POST /session/cbab2cbbd32afdf19af3e6ba8111c1c3/element/f.4865000251A30E3BD1E5EDC5108DADF6.d.CFD80551737A1BA9F27DE5C4517E4F15.e.9994/click - {}
RESULT: {}
COMMAND: GET /session/cbab2cbbd32afdf19af3e6ba8111c1c3/screenshot - {}
RESULT: {}
COMMAND: POST /session/cbab2cbbd32afdf19af3e6ba8111c1c3/element - {"using":"xpath","value":"(//span[contains(@title ,\"WebdriverYardgw1hi\")])[1]"}
RESULT: {"using":"xpath","value":"(//span[contains(@title ,\"WebdriverYardgw1hi\")])[1]"}
COMMAND: POST /session/cbab2cbbd32afdf19af3e6ba8111c1c3/elements - {"using":"xpath","value":"(//span[contains(@title ,\"WebdriverYardgw1hi\")])[1]"}
RESULT: {"using":"xpath","value":"(//span[contains(@title ,\"WebdriverYardgw1hi\")])[1]"}
COMMAND: POST /session/cbab2cbbd32afdf19af3e6ba8111c1c3/elements - {"using":"xpath","value":"(//span[contains(@title ,\"WebdriverYardgw1hi\")])[1]"}
RESULT: {"using":"xpath","value":"(//span[contains(@title ,\"WebdriverYardgw1hi\")])[1]"}
COMMAND: POST /session/cbab2cbbd32afdf19af3e6ba8111c1c3/elements - {"using":"xpath","value":"(//span[contains(@title ,\"WebdriverYardgw1hi\")])[1]"}
RESULT: {"using":"xpath","value":"(//span[contains(@title ,\"WebdriverYardgw1hi\")])[1]"}
COMMAND: POST /session/cbab2cbbd32afdf19af3e6ba8111c1c3/elements - {"using":"xpath","value":"(//span[contains(@title ,\"WebdriverYardgw1hi\")])[1]"}
RESULT: {"using":"xpath","value":"(//span[contains(@title ,\"WebdriverYardgw1hi\")])[1]"}
COMMAND: POST /session/cbab2cbbd32afdf19af3e6ba8111c1c3/elements - {"using":"xpath","value":"(//span[contains(@title ,\"WebdriverYardgw1hi\")])[1]"}
RESULT: {"using":"xpath","value":"(//span[contains(@title ,\"WebdriverYardgw1hi\")])[1]"}
COMMAND: POST /session/cbab2cbbd32afdf19af3e6ba8111c1c3/elements - {"using":"xpath","value":"(//span[contains(@title ,\"WebdriverYardgw1hi\")])[1]"}
RESULT: {"using":"xpath","value":"(//span[contains(@title ,\"WebdriverYardgw1hi\")])[1]"}
COMMAND: POST /session/cbab2cbbd32afdf19af3e6ba8111c1c3/elements - {"using":"xpath","value":"(//span[contains(@title ,\"WebdriverYardgw1hi\")])[1]"}
RESULT: {"using":"xpath","value":"(//span[contains(@title ,\"WebdriverYardgw1hi\")])[1]"}
COMMAND: POST /session/cbab2cbbd32afdf19af3e6ba8111c1c3/elements - {"using":"xpath","value":"(//span[contains(@title ,\"WebdriverYardgw1hi\")])[1]"}
RESULT: {"using":"xpath","value":"(//span[contains(@title ,\"WebdriverYardgw1hi\")])[1]"}
COMMAND: POST /session/cbab2cbbd32afdf19af3e6ba8111c1c3/elements - {"using":"xpath","value":"(//span[contains(@title ,\"WebdriverYardgw1hi\")])[1]"}
RESULT: {"using":"xpath","value":"(//span[contains(@title ,\"WebdriverYardgw1hi\")])[1]"}
COMMAND: POST /session/cbab2cbbd32afdf19af3e6ba8111c1c3/elements - {"using":"xpath","value":"(//span[contains(@title ,\"WebdriverYardgw1hi\")])[1]"}
RESULT: {"using":"xpath","value":"(//span[contains(@title ,\"WebdriverYardgw1hi\")])[1]"}
COMMAND: POST /session/cbab2cbbd32afdf19af3e6ba8111c1c3/elements - {"using":"xpath","value":"(//span[contains(@title ,\"WebdriverYardgw1hi\")])[1]"}
RESULT: {"using":"xpath","value":"(//span[contains(@title ,\"WebdriverYardgw1hi\")])[1]"}
COMMAND: POST /session/cbab2cbbd32afdf19af3e6ba8111c1c3/elements - {"using":"xpath","value":"(//span[contains(@title ,\"WebdriverYardgw1hi\")])[1]"}
RESULT: {"using":"xpath","value":"(//span[contains(@title ,\"WebdriverYardgw1hi\")])[1]"}
COMMAND: POST /session/cbab2cbbd32afdf19af3e6ba8111c1c3/elements - {"using":"xpath","value":"(//span[contains(@title ,\"WebdriverYardgw1hi\")])[1]"}
RESULT: {"using":"xpath","value":"(//span[contains(@title ,\"WebdriverYardgw1hi\")])[1]"}
COMMAND: POST /session/cbab2cbbd32afdf19af3e6ba8111c1c3/elements - {"using":"xpath","value":"(//span[contains(@title ,\"WebdriverYardgw1hi\")])[1]"}
RESULT: {"using":"xpath","value":"(//span[contains(@title ,\"WebdriverYardgw1hi\")])[1]"}
COMMAND: POST /session/cbab2cbbd32afdf19af3e6ba8111c1c3/elements - {"using":"xpath","value":"(//span[contains(@title ,\"WebdriverYardgw1hi\")])[1]"}
RESULT: {"using":"xpath","value":"(//span[contains(@title ,\"WebdriverYardgw1hi\")])[1]"}
COMMAND: POST /session/cbab2cbbd32afdf19af3e6ba8111c1c3/elements - {"using":"xpath","value":"(//span[contains(@title ,\"WebdriverYardgw1hi\")])[1]"}
RESULT: {"using":"xpath","value":"(//span[contains(@title ,\"WebdriverYardgw1hi\")])[1]"}
COMMAND: POST /session/cbab2cbbd32afdf19af3e6ba8111c1c3/elements - {"using":"xpath","value":"(//span[contains(@title ,\"WebdriverYardgw1hi\")])[1]"}
RESULT: {"using":"xpath","value":"(//span[contains(@title ,\"WebdriverYardgw1hi\")])[1]"}
COMMAND: POST /session/cbab2cbbd32afdf19af3e6ba8111c1c3/elements - {"using":"xpath","value":"(//span[contains(@title ,\"WebdriverYardgw1hi\")])[1]"}
RESULT: {"using":"xpath","value":"(//span[contains(@title ,\"WebdriverYardgw1hi\")])[1]"}
COMMAND: POST /session/cbab2cbbd32afdf19af3e6ba8111c1c3/elements - {"using":"xpath","value":"(//span[contains(@title ,\"WebdriverYardgw1hi\")])[1]"}
RESULT: {"using":"xpath","value":"(//span[contains(@title ,\"WebdriverYardgw1hi\")])[1]"}
COMMAND: POST /session/cbab2cbbd32afdf19af3e6ba8111c1c3/element - {"using":"xpath","value":"(//span[contains(@title ,\"WebdriverYardgw1hi\")])[1]"}
RESULT: {"using":"xpath","value":"(//span[contains(@title ,\"WebdriverYardgw1hi\")])[1]"}
COMMAND: POST /session/cbab2cbbd32afdf19af3e6ba8111c1c3/execute/sync - {"script":"<script> [8489 bytes]","args":[{"element-6066-11e4-a52e-4f735466cecf":"f.4865000251A30E3BD1E5EDC5108DADF6.d.CFD80551737A1BA9F27DE5C4517E4F15.e.10449","ELEMENT":"f.4865000251A30E3BD1E5EDC5108DADF6.d.CFD80551737A1BA9F27DE5C4517E4F15.e.10449"}]}
RESULT: {"script":"<script> [8489 bytes]","args":[{"element-6066-11e4-a52e-4f735466cecf":"f.4865000251A30E3BD1E5EDC5108DADF6.d.CFD80551737A1BA9F27DE5C4517E4F15.e.10449","ELEMENT":"f.4865000251A30E3BD1E5EDC5108DADF6.d.CFD80551737A1BA9F27DE5C4517E4F15.e.10449"}]}
COMMAND: POST /session/cbab2cbbd32afdf19af3e6ba8111c1c3/element - {"using":"xpath","value":"(//span[contains(@title ,\"WebdriverYardgw1hi\")])[1]"}
COMMAND: GET /session/cbab2cbbd32afdf19af3e6ba8111c1c3/screenshot - {}
RESULT: {"using":"xpath","value":"(//span[contains(@title ,\"WebdriverYardgw1hi\")])[1]"}
COMMAND: POST /session/cbab2cbbd32afdf19af3e6ba8111c1c3/actions - {"actions":[{"id":"action71","type":"pointer","parameters":{"pointerType":"mouse"},"actions":[{"type":"pointerMove","button":0,"width":0,"height":0,"pressure":0,"tangentialPressure":0,"tiltX":0,"tiltY":0,"twist":0,"altitudeAngle":0,"_":"5 more keys: [\"azimuthAngle\",\"x\",\"y\",\"duration\",\"origin\"]"},{"type":"pointerDown","button":2,"width":0,"height":0,"pressure":0,"tangentialPressure":0,"tiltX":0,"tiltY":0,"twist":0,"altitudeAngle":0,"_":"1 more keys: [\"azimuthAngle\"]"},{"type":"pointerUp","button":2}]}]}
RESULT: {}
RESULT: {"actions":[{"id":"action71","type":"pointer","parameters":{"pointerType":"mouse"},"actions":[{"type":"pointerMove","button":0,"width":0,"height":0,"pressure":0,"tangentialPressure":0,"tiltX":0,"tiltY":0,"twist":0,"altitudeAngle":0,"_":"5 more keys: [\"azimuthAngle\",\"x\",\"y\",\"duration\",\"origin\"]"},{"type":"pointerDown","button":2,"width":0,"height":0,"pressure":0,"tangentialPressure":0,"tiltX":0,"tiltY":0,"twist":0,"altitudeAngle":0,"_":"1 more keys: [\"azimuthAngle\"]"},{"type":"pointerUp","button":2}]}]}
COMMAND: DELETE /session/cbab2cbbd32afdf19af3e6ba8111c1c3/actions - {}
COMMAND: GET /session/cbab2cbbd32afdf19af3e6ba8111c1c3/screenshot - {}
RESULT: {}
COMMAND: GET /session/cbab2cbbd32afdf19af3e6ba8111c1c3/screenshot - {}
RESULT: {}
RESULT: {}
COMMAND: POST /session/cbab2cbbd32afdf19af3e6ba8111c1c3/actions - {"actions":[{"id":"action72","type":"key","parameters":{},"actions":[{"type":"keyDown","value":"î€•"},{"type":"pause","duration":10},{"type":"keyUp","value":"î€•"}]}]}
RESULT: {"actions":[{"id":"action72","type":"key","parameters":{},"actions":[{"type":"keyDown","value":"î€•"},{"type":"pause","duration":10},{"type":"keyUp","value":"î€•"}]}]}
COMMAND: GET /session/cbab2cbbd32afdf19af3e6ba8111c1c3/screenshot - {}
RESULT: {}
COMMAND: POST /session/cbab2cbbd32afdf19af3e6ba8111c1c3/actions - {"actions":[{"id":"action73","type":"key","parameters":{},"actions":[{"type":"keyDown","value":"î€‡"},{"type":"pause","duration":10},{"type":"keyUp","value":"î€‡"}]}]}
RESULT: {"actions":[{"id":"action73","type":"key","parameters":{},"actions":[{"type":"keyDown","value":"î€‡"},{"type":"pause","duration":10},{"type":"keyUp","value":"î€‡"}]}]}
COMMAND: GET /session/cbab2cbbd32afdf19af3e6ba8111c1c3/screenshot - {}
RESULT: {}
COMMAND: POST /session/cbab2cbbd32afdf19af3e6ba8111c1c3/execute/async - {"script":"<script> [1562 bytes]","args":[{"selector":{"id":"application-planningboard-display-component---pB_RequestHeader--RUreservationComment","searchOpenDialogs":true,"interaction":{"idSuffix":"inner"}},"wdio_ui5_key":"applicationplanningboard-display-component---pB_RequestHeader--RUreservationComment"}]}
RESULT: {"script":"<script> [1562 bytes]","args":[{"selector":{"id":"application-planningboard-display-component---pB_RequestHeader--RUreservationComment","searchOpenDialogs":true,"interaction":{"idSuffix":"inner"}},"wdio_ui5_key":"applicationplanningboard-display-component---pB_RequestHeader--RUreservationComment"}]}
RESULT: undefined
COMMAND: POST /session/cbab2cbbd32afdf19af3e6ba8111c1c3/execute/async - {"script":"<script> [776 bytes]","args":[{"enterText":"WdIORes163xfag","selector":{"id":"application-planningboard-display-component---pB_RequestHeader--RUreservationComment","searchOpenDialogs":true,"interaction":{"idSuffix":"inner"}},"clearTextFirst":true,"interactionType":"ENTER_TEXT"}]}
RESULT: {"script":"<script> [776 bytes]","args":[{"enterText":"WdIORes163xfag","selector":{"id":"application-planningboard-display-component---pB_RequestHeader--RUreservationComment","searchOpenDialogs":true,"interaction":{"idSuffix":"inner"}},"clearTextFirst":true,"interactionType":"ENTER_TEXT"}]}
COMMAND: POST /session/cbab2cbbd32afdf19af3e6ba8111c1c3/execute/async - {"script":"<script> [1562 bytes]","args":[{"selector":{"controlType":"sap.m.Button","viewName":"etm.portal.ui.planningboard.view.detail.RequestHeader","viewId":"application-planningboard-display-component---pB_RequestHeader","properties":{"text":"Ok"},"searchOpenDialogs":true,"interaction":{"idSuffix":"BDI-content"}},"wdio_ui5_key":"etmportal.ui.planningboard.view.detail.RequestHeadersap.m.Button{\"text\":\"Ok\"}"}]}
RESULT: {"script":"<script> [1562 bytes]","args":[{"selector":{"controlType":"sap.m.Button","viewName":"etm.portal.ui.planningboard.view.detail.RequestHeader","viewId":"application-planningboard-display-component---pB_RequestHeader","properties":{"text":"Ok"},"searchOpenDialogs":true,"interaction":{"idSuffix":"BDI-content"}},"wdio_ui5_key":"etmportal.ui.planningboard.view.detail.RequestHeadersap.m.Button{\"text\":\"Ok\"}"}]}
RESULT: undefined
COMMAND: POST /session/cbab2cbbd32afdf19af3e6ba8111c1c3/element - {"using":"xpath","value":"//*[@id=\"__button192\"]"}
RESULT: {"using":"xpath","value":"//*[@id=\"__button192\"]"}
COMMAND: POST /session/cbab2cbbd32afdf19af3e6ba8111c1c3/element/f.4865000251A30E3BD1E5EDC5108DADF6.d.CFD80551737A1BA9F27DE5C4517E4F15.e.10465/click - {}
RESULT: {}
COMMAND: GET /session/cbab2cbbd32afdf19af3e6ba8111c1c3/screenshot - {}
RESULT: {}
COMMAND: POST /session/cbab2cbbd32afdf19af3e6ba8111c1c3/element - {"using":"xpath","value":"//span[contains(@title ,\"WebdriverYardgw1hi\")]"}
RESULT: {"using":"xpath","value":"//span[contains(@title ,\"WebdriverYardgw1hi\")]"}
COMMAND: POST /session/cbab2cbbd32afdf19af3e6ba8111c1c3/actions - {"actions":[{"id":"action74","type":"pointer","parameters":{"pointerType":"mouse"},"actions":[{"type":"pointerMove","button":0,"width":0,"height":0,"pressure":0,"tangentialPressure":0,"tiltX":0,"tiltY":0,"twist":0,"altitudeAngle":0,"_":"5 more keys: [\"azimuthAngle\",\"x\",\"y\",\"duration\",\"origin\"]"},{"type":"pointerDown","button":2,"width":0,"height":0,"pressure":0,"tangentialPressure":0,"tiltX":0,"tiltY":0,"twist":0,"altitudeAngle":0,"_":"1 more keys: [\"azimuthAngle\"]"},{"type":"pointerUp","button":2}]}]}
RESULT: {"actions":[{"id":"action74","type":"pointer","parameters":{"pointerType":"mouse"},"actions":[{"type":"pointerMove","button":0,"width":0,"height":0,"pressure":0,"tangentialPressure":0,"tiltX":0,"tiltY":0,"twist":0,"altitudeAngle":0,"_":"5 more keys: [\"azimuthAngle\",\"x\",\"y\",\"duration\",\"origin\"]"},{"type":"pointerDown","button":2,"width":0,"height":0,"pressure":0,"tangentialPressure":0,"tiltX":0,"tiltY":0,"twist":0,"altitudeAngle":0,"_":"1 more keys: [\"azimuthAngle\"]"},{"type":"pointerUp","button":2}]}]}
COMMAND: DELETE /session/cbab2cbbd32afdf19af3e6ba8111c1c3/actions - {}
COMMAND: GET /session/cbab2cbbd32afdf19af3e6ba8111c1c3/screenshot - {}
RESULT: {}
COMMAND: GET /session/cbab2cbbd32afdf19af3e6ba8111c1c3/screenshot - {}
RESULT: {}
RESULT: {}
COMMAND: POST /session/cbab2cbbd32afdf19af3e6ba8111c1c3/actions - {"actions":[{"id":"action75","type":"key","parameters":{},"actions":[{"type":"keyDown","value":"î€•"},{"type":"pause","duration":10},{"type":"keyUp","value":"î€•"}]}]}
RESULT: {"actions":[{"id":"action75","type":"key","parameters":{},"actions":[{"type":"keyDown","value":"î€•"},{"type":"pause","duration":10},{"type":"keyUp","value":"î€•"}]}]}
COMMAND: GET /session/cbab2cbbd32afdf19af3e6ba8111c1c3/screenshot - {}
RESULT: {}
COMMAND: POST /session/cbab2cbbd32afdf19af3e6ba8111c1c3/actions - {"actions":[{"id":"action76","type":"key","parameters":{},"actions":[{"type":"keyDown","value":"î€‡"},{"type":"pause","duration":10},{"type":"keyUp","value":"î€‡"}]}]}
RESULT: {"actions":[{"id":"action76","type":"key","parameters":{},"actions":[{"type":"keyDown","value":"î€‡"},{"type":"pause","duration":10},{"type":"keyUp","value":"î€‡"}]}]}
COMMAND: GET /session/cbab2cbbd32afdf19af3e6ba8111c1c3/screenshot - {}
RESULT: {}
RESULT: undefined
COMMAND: POST /session/cbab2cbbd32afdf19af3e6ba8111c1c3/execute/async - {"script":"<script> [776 bytes]","args":[{"enterText":"WdIORes2kh20w","selector":{"id":"application-planningboard-display-component---pB_RequestHeader--RUreservationComment","searchOpenDialogs":true,"interaction":{"idSuffix":"inner"}},"clearTextFirst":true,"interactionType":"ENTER_TEXT"}]}
RESULT: {"script":"<script> [776 bytes]","args":[{"enterText":"WdIORes2kh20w","selector":{"id":"application-planningboard-display-component---pB_RequestHeader--RUreservationComment","searchOpenDialogs":true,"interaction":{"idSuffix":"inner"}},"clearTextFirst":true,"interactionType":"ENTER_TEXT"}]}
RESULT: undefined
COMMAND: POST /session/cbab2cbbd32afdf19af3e6ba8111c1c3/element - {"using":"xpath","value":"//*[@id=\"__button192\"]"}
RESULT: {"using":"xpath","value":"//*[@id=\"__button192\"]"}
COMMAND: POST /session/cbab2cbbd32afdf19af3e6ba8111c1c3/element/f.4865000251A30E3BD1E5EDC5108DADF6.d.CFD80551737A1BA9F27DE5C4517E4F15.e.10553/click - {}
RESULT: {}
COMMAND: GET /session/cbab2cbbd32afdf19af3e6ba8111c1c3/screenshot - {}
RESULT: {}
COMMAND: POST /session/cbab2cbbd32afdf19af3e6ba8111c1c3/execute/async - {"script":"<script> [1562 bytes]","args":[{"selector":{"controlType":"sap.m.Button","viewName":"etm.portal.ui.planningboard.view.detail.RequestHeader","viewId":"application-planningboard-display-component---pB_RequestHeader","i18NText":{"propertyName":"text","key":"close"},"ancestor":{"id":"application-planningboard-display-component---pB_RequestHeader--requestItemDetails"},"interaction":{"idSuffix":"BDI-content"}},"wdio_ui5_key":"etmportal.ui.planningboard.view.detail.RequestHeadersap.m.Button{\"propertyName\":\"text\",\"key\":\"close\"}{\"id\":\"application-planningboard-display-component---pB_RequestHeader--requestItemDetails\"}"}]}
RESULT: {"script":"<script> [1562 bytes]","args":[{"selector":{"controlType":"sap.m.Button","viewName":"etm.portal.ui.planningboard.view.detail.RequestHeader","viewId":"application-planningboard-display-component---pB_RequestHeader","i18NText":{"propertyName":"text","key":"close"},"ancestor":{"id":"application-planningboard-display-component---pB_RequestHeader--requestItemDetails"},"interaction":{"idSuffix":"BDI-content"}},"wdio_ui5_key":"etmportal.ui.planningboard.view.detail.RequestHeadersap.m.Button{\"propertyName\":\"text\",\"key\":\"close\"}{\"id\":\"application-planningboard-display-component---pB_RequestHeader--requestItemDetails\"}"}]}
RESULT: undefined
COMMAND: POST /session/cbab2cbbd32afdf19af3e6ba8111c1c3/element - {"using":"xpath","value":"//*[@id=\"__button68\"]"}
RESULT: {"using":"xpath","value":"//*[@id=\"__button68\"]"}
COMMAND: POST /session/cbab2cbbd32afdf19af3e6ba8111c1c3/element/f.4865000251A30E3BD1E5EDC5108DADF6.d.CFD80551737A1BA9F27DE5C4517E4F15.e.10475/click - {}
RESULT: {}
COMMAND: GET /session/cbab2cbbd32afdf19af3e6ba8111c1c3/screenshot - {}
RESULT: {}
COMMAND: POST /session/cbab2cbbd32afdf19af3e6ba8111c1c3/execute/async - {"script":"<script> [1562 bytes]","args":[{"selector":{"id":"application-planningboard-display-component---pB_Master--selectView","interaction":{"idSuffix":"arrow"}},"wdio_ui5_key":"applicationplanningboard-display-component---pB_Master--selectView"}]}
RESULT: {"script":"<script> [1562 bytes]","args":[{"selector":{"id":"application-planningboard-display-component---pB_Master--selectView","interaction":{"idSuffix":"arrow"}},"wdio_ui5_key":"applicationplanningboard-display-component---pB_Master--selectView"}]}
RESULT: undefined
COMMAND: POST /session/cbab2cbbd32afdf19af3e6ba8111c1c3/element - {"using":"xpath","value":"//*[@id=\"application-planningboard-display-component---pB_Master--selectView\"]"}
RESULT: {"using":"xpath","value":"//*[@id=\"application-planningboard-display-component---pB_Master--selectView\"]"}
COMMAND: POST /session/cbab2cbbd32afdf19af3e6ba8111c1c3/element/f.4865000251A30E3BD1E5EDC5108DADF6.d.CFD80551737A1BA9F27DE5C4517E4F15.e.10777/click - {}
RESULT: {}
COMMAND: GET /session/cbab2cbbd32afdf19af3e6ba8111c1c3/screenshot - {}
RESULT: {}
COMMAND: POST /session/cbab2cbbd32afdf19af3e6ba8111c1c3/execute/async - {"script":"<script> [1562 bytes]","args":[{"selector":{"controlType":"sap.ui.core.Item","viewName":"etm.portal.ui.planningboard.view.Master","viewId":"application-planningboard-display-component---pB_Master","i18NText":{"propertyName":"text","key":"manageReservations"},"searchOpenDialogs":true},"wdio_ui5_key":"etmportal.ui.planningboard.view.Mastersap.ui.core.Item{\"propertyName\":\"text\",\"key\":\"manageReservations\"}"}]}
RESULT: {"script":"<script> [1562 bytes]","args":[{"selector":{"controlType":"sap.ui.core.Item","viewName":"etm.portal.ui.planningboard.view.Master","viewId":"application-planningboard-display-component---pB_Master","i18NText":{"propertyName":"text","key":"manageReservations"},"searchOpenDialogs":true},"wdio_ui5_key":"etmportal.ui.planningboard.view.Mastersap.ui.core.Item{\"propertyName\":\"text\",\"key\":\"manageReservations\"}"}]}
RESULT: undefined
COMMAND: POST /session/cbab2cbbd32afdf19af3e6ba8111c1c3/element - {"using":"xpath","value":"//*[@id=\"__item793\"]"}
RESULT: {"using":"xpath","value":"//*[@id=\"__item793\"]"}
COMMAND: POST /session/cbab2cbbd32afdf19af3e6ba8111c1c3/element/f.4865000251A30E3BD1E5EDC5108DADF6.d.CFD80551737A1BA9F27DE5C4517E4F15.e.10778/click - {}
RESULT: {}
COMMAND: GET /session/cbab2cbbd32afdf19af3e6ba8111c1c3/screenshot - {}
RESULT: {}
COMMAND: POST /session/cbab2cbbd32afdf19af3e6ba8111c1c3/element - {"using":"xpath","value":"//span[contains(@id ,\"clone\")][contains(text(), \"WdIORes163xfag\")]"}
RESULT: {"using":"xpath","value":"//span[contains(@id ,\"clone\")][contains(text(), \"WdIORes163xfag\")]"}
COMMAND: GET /session/cbab2cbbd32afdf19af3e6ba8111c1c3/element/f.4865000251A30E3BD1E5EDC5108DADF6.d.CFD80551737A1BA9F27DE5C4517E4F15.e.10794/text - {}
RESULT: {}
COMMAND: POST /session/cbab2cbbd32afdf19af3e6ba8111c1c3/element - {"using":"xpath","value":"//span[contains(@id ,\"clone\")][contains(text(), \"WdIORes2kh20w\")]"}
RESULT: {"using":"xpath","value":"//span[contains(@id ,\"clone\")][contains(text(), \"WdIORes2kh20w\")]"}
COMMAND: POST /session/cbab2cbbd32afdf19af3e6ba8111c1c3/element/f.4865000251A30E3BD1E5EDC5108DADF6.d.CFD80551737A1BA9F27DE5C4517E4F15.e.10795/click - {}
RESULT: {}
COMMAND: GET /session/cbab2cbbd32afdf19af3e6ba8111c1c3/screenshot - {}
RESULT: {}
COMMAND: POST /session/cbab2cbbd32afdf19af3e6ba8111c1c3/actions - {"actions":[{"id":"action77","type":"key","parameters":{},"actions":[{"type":"keyDown","value":"î€‡"},{"type":"pause","duration":10},{"type":"keyUp","value":"î€‡"}]}]}
RESULT: {"actions":[{"id":"action77","type":"key","parameters":{},"actions":[{"type":"keyDown","value":"î€‡"},{"type":"pause","duration":10},{"type":"keyUp","value":"î€‡"}]}]}
COMMAND: GET /session/cbab2cbbd32afdf19af3e6ba8111c1c3/screenshot - {}
RESULT: {}
COMMAND: POST /session/cbab2cbbd32afdf19af3e6ba8111c1c3/execute/async - {"script":"<script> [1562 bytes]","args":[{"selector":{"controlType":"sap.m.Button","viewName":"etm.portal.ui.planningboard.view.detail.Planning","viewId":"application-planningboard-display-component---pB_Planning","i18NText":{"propertyName":"text","key":"unplan"},"interaction":{"idSuffix":"BDI-content"}},"wdio_ui5_key":"etmportal.ui.planningboard.view.detail.Planningsap.m.Button{\"propertyName\":\"text\",\"key\":\"unplan\"}"}]}
RESULT: {"script":"<script> [1562 bytes]","args":[{"selector":{"controlType":"sap.m.Button","viewName":"etm.portal.ui.planningboard.view.detail.Planning","viewId":"application-planningboard-display-component---pB_Planning","i18NText":{"propertyName":"text","key":"unplan"},"interaction":{"idSuffix":"BDI-content"}},"wdio_ui5_key":"etmportal.ui.planningboard.view.detail.Planningsap.m.Button{\"propertyName\":\"text\",\"key\":\"unplan\"}"}]}
RESULT: undefined
COMMAND: POST /session/cbab2cbbd32afdf19af3e6ba8111c1c3/element - {"using":"xpath","value":"//*[@id=\"__button258\"]"}
RESULT: {"using":"xpath","value":"//*[@id=\"__button258\"]"}
COMMAND: POST /session/cbab2cbbd32afdf19af3e6ba8111c1c3/element/f.4865000251A30E3BD1E5EDC5108DADF6.d.CFD80551737A1BA9F27DE5C4517E4F15.e.10857/click - {}
RESULT: {}
COMMAND: GET /session/cbab2cbbd32afdf19af3e6ba8111c1c3/screenshot - {}
RESULT: {}
COMMAND: POST /session/cbab2cbbd32afdf19af3e6ba8111c1c3/element - {"using":"xpath","value":"//span[contains(@id ,\"clone\")][contains(text(), \"WdIORes2kh20w\")]"}
RESULT: {"using":"xpath","value":"//span[contains(@id ,\"clone\")][contains(text(), \"WdIORes2kh20w\")]"}
COMMAND: POST /session/cbab2cbbd32afdf19af3e6ba8111c1c3/element - {"using":"xpath","value":"//span[contains(@id ,\"clone\")][contains(text(), \"WdIORes2kh20w\")]"}
RESULT: {"using":"xpath","value":"//span[contains(@id ,\"clone\")][contains(text(), \"WdIORes2kh20w\")]"}
COMMAND: POST /session/cbab2cbbd32afdf19af3e6ba8111c1c3/element - {"using":"xpath","value":"//span[contains(@id ,\"clone\")][contains(text(), \"WdIORes163xfag\")]"}
RESULT: {"using":"xpath","value":"//span[contains(@id ,\"clone\")][contains(text(), \"WdIORes163xfag\")]"}
COMMAND: POST /session/cbab2cbbd32afdf19af3e6ba8111c1c3/element/f.4865000251A30E3BD1E5EDC5108DADF6.d.CFD80551737A1BA9F27DE5C4517E4F15.e.10921/click - {}
RESULT: {}
COMMAND: GET /session/cbab2cbbd32afdf19af3e6ba8111c1c3/screenshot - {}
RESULT: {}
COMMAND: POST /session/cbab2cbbd32afdf19af3e6ba8111c1c3/actions - {"actions":[{"id":"action78","type":"key","parameters":{},"actions":[{"type":"keyDown","value":"î€‡"},{"type":"pause","duration":10},{"type":"keyUp","value":"î€‡"}]}]}
RESULT: {"actions":[{"id":"action78","type":"key","parameters":{},"actions":[{"type":"keyDown","value":"î€‡"},{"type":"pause","duration":10},{"type":"keyUp","value":"î€‡"}]}]}
COMMAND: GET /session/cbab2cbbd32afdf19af3e6ba8111c1c3/screenshot - {}
RESULT: {}
]]></system-out>
    </testcase>
  </testsuite>
  <testsuite timestamp="2025-05-05T06:06:36" time="30.498" tests="1" failures="0" errors="0" skipped="0">
    <properties>
      <property name="specId" value="0" />
      <property name="suiteName" value="Reserve/Unreserve request item via reserve option US139161" />
      <property name="capabilities" value="chrome.135_0_7049_96.windows" />
      <property name="file" value="file:///D:/a/1/s/test/specs/R2C/manage-reservations-view-planning-board.spec.js" />
    </properties>
    <testcase classname="chrome.135_0_7049_96.windows.Reserve/Unreserve_request_item_via_reserve_option_US139161" name="Should open a reservation to verify and edit the details" time="30.496">
      <system-out><![CDATA[
COMMAND: POST /session/cbab2cbbd32afdf19af3e6ba8111c1c3/element - {"using":"xpath","value":"//button[contains(@data-kt, \"editButton\")]"}
RESULT: {"using":"xpath","value":"//button[contains(@data-kt, \"editButton\")]"}
COMMAND: POST /session/cbab2cbbd32afdf19af3e6ba8111c1c3/execute/sync - {"script":"<script> [8489 bytes]","args":[{"element-6066-11e4-a52e-4f735466cecf":"f.4865000251A30E3BD1E5EDC5108DADF6.d.CFD80551737A1BA9F27DE5C4517E4F15.e.10974","ELEMENT":"f.4865000251A30E3BD1E5EDC5108DADF6.d.CFD80551737A1BA9F27DE5C4517E4F15.e.10974"}]}
RESULT: {"script":"<script> [8489 bytes]","args":[{"element-6066-11e4-a52e-4f735466cecf":"f.4865000251A30E3BD1E5EDC5108DADF6.d.CFD80551737A1BA9F27DE5C4517E4F15.e.10974","ELEMENT":"f.4865000251A30E3BD1E5EDC5108DADF6.d.CFD80551737A1BA9F27DE5C4517E4F15.e.10974"}]}
COMMAND: POST /session/cbab2cbbd32afdf19af3e6ba8111c1c3/element - {"using":"xpath","value":"//button[contains(@data-kt, \"unplanButton\")]"}
COMMAND: GET /session/cbab2cbbd32afdf19af3e6ba8111c1c3/screenshot - {}
RESULT: {"using":"xpath","value":"//button[contains(@data-kt, \"unplanButton\")]"}
COMMAND: POST /session/cbab2cbbd32afdf19af3e6ba8111c1c3/execute/sync - {"script":"<script> [8489 bytes]","args":[{"element-6066-11e4-a52e-4f735466cecf":"f.4865000251A30E3BD1E5EDC5108DADF6.d.CFD80551737A1BA9F27DE5C4517E4F15.e.10976","ELEMENT":"f.4865000251A30E3BD1E5EDC5108DADF6.d.CFD80551737A1BA9F27DE5C4517E4F15.e.10976"}]}
RESULT: {}
RESULT: {"script":"<script> [8489 bytes]","args":[{"element-6066-11e4-a52e-4f735466cecf":"f.4865000251A30E3BD1E5EDC5108DADF6.d.CFD80551737A1BA9F27DE5C4517E4F15.e.10976","ELEMENT":"f.4865000251A30E3BD1E5EDC5108DADF6.d.CFD80551737A1BA9F27DE5C4517E4F15.e.10976"}]}
COMMAND: POST /session/cbab2cbbd32afdf19af3e6ba8111c1c3/element - {"using":"xpath","value":"//button[contains(@data-kt, \"editButton\")]"}
COMMAND: GET /session/cbab2cbbd32afdf19af3e6ba8111c1c3/screenshot - {}
RESULT: {"using":"xpath","value":"//button[contains(@data-kt, \"editButton\")]"}
COMMAND: POST /session/cbab2cbbd32afdf19af3e6ba8111c1c3/element/f.4865000251A30E3BD1E5EDC5108DADF6.d.CFD80551737A1BA9F27DE5C4517E4F15.e.10974/click - {}
RESULT: {}
RESULT: {}
COMMAND: POST /session/cbab2cbbd32afdf19af3e6ba8111c1c3/element - {"using":"xpath","value":"(//input[contains(@id ,\"picker\")][contains(@aria-roledescription ,\"Date Input\")])[4]"}
COMMAND: GET /session/cbab2cbbd32afdf19af3e6ba8111c1c3/screenshot - {}
RESULT: {"using":"xpath","value":"(//input[contains(@id ,\"picker\")][contains(@aria-roledescription ,\"Date Input\")])[4]"}
COMMAND: POST /session/cbab2cbbd32afdf19af3e6ba8111c1c3/element/f.4865000251A30E3BD1E5EDC5108DADF6.d.CFD80551737A1BA9F27DE5C4517E4F15.e.10943/clear - {}
RESULT: {}
RESULT: {}
COMMAND: POST /session/cbab2cbbd32afdf19af3e6ba8111c1c3/element/f.4865000251A30E3BD1E5EDC5108DADF6.d.CFD80551737A1BA9F27DE5C4517E4F15.e.10943/value - {"text":"5/7/25"}
COMMAND: GET /session/cbab2cbbd32afdf19af3e6ba8111c1c3/screenshot - {}
RESULT: {"text":"5/7/25"}
COMMAND: GET /session/cbab2cbbd32afdf19af3e6ba8111c1c3/screenshot - {}
RESULT: {}
RESULT: {}
COMMAND: POST /session/cbab2cbbd32afdf19af3e6ba8111c1c3/element - {"using":"xpath","value":"//bdi[contains(text(), \"Save\")]"}
RESULT: {"using":"xpath","value":"//bdi[contains(text(), \"Save\")]"}
COMMAND: POST /session/cbab2cbbd32afdf19af3e6ba8111c1c3/element/f.4865000251A30E3BD1E5EDC5108DADF6.d.CFD80551737A1BA9F27DE5C4517E4F15.e.10998/click - {}
RESULT: {}
COMMAND: GET /session/cbab2cbbd32afdf19af3e6ba8111c1c3/screenshot - {}
RESULT: {}
COMMAND: POST /session/cbab2cbbd32afdf19af3e6ba8111c1c3/element - {"using":"xpath","value":"(//input[contains(@id ,\"picker\")][contains(@aria-roledescription ,\"Date Input\")])[4]"}
RESULT: {"using":"xpath","value":"(//input[contains(@id ,\"picker\")][contains(@aria-roledescription ,\"Date Input\")])[4]"}
COMMAND: GET /session/cbab2cbbd32afdf19af3e6ba8111c1c3/element/f.4865000251A30E3BD1E5EDC5108DADF6.d.CFD80551737A1BA9F27DE5C4517E4F15.e.10943/property/value - {}
RESULT: {}
COMMAND: GET /session/cbab2cbbd32afdf19af3e6ba8111c1c3/screenshot - {}
RESULT: {}
COMMAND: POST /session/cbab2cbbd32afdf19af3e6ba8111c1c3/element - {"using":"xpath","value":"//bdi[contains(text(), \"Unplan\")]"}
RESULT: {"using":"xpath","value":"//bdi[contains(text(), \"Unplan\")]"}
COMMAND: POST /session/cbab2cbbd32afdf19af3e6ba8111c1c3/element/f.4865000251A30E3BD1E5EDC5108DADF6.d.CFD80551737A1BA9F27DE5C4517E4F15.e.11010/click - {}
RESULT: {}
COMMAND: GET /session/cbab2cbbd32afdf19af3e6ba8111c1c3/screenshot - {}
RESULT: {}
COMMAND: POST /session/cbab2cbbd32afdf19af3e6ba8111c1c3/element - {"using":"css selector","value":"#shell-header-logo"}
RESULT: {"using":"css selector","value":"#shell-header-logo"}
COMMAND: POST /session/cbab2cbbd32afdf19af3e6ba8111c1c3/element/f.4865000251A30E3BD1E5EDC5108DADF6.d.CFD80551737A1BA9F27DE5C4517E4F15.e.9445/click - {}
RESULT: {}
COMMAND: GET /session/cbab2cbbd32afdf19af3e6ba8111c1c3/screenshot - {}
RESULT: {}
COMMAND: POST /session/cbab2cbbd32afdf19af3e6ba8111c1c3/refresh - {}
RESULT: {}
COMMAND: GET /session/cbab2cbbd32afdf19af3e6ba8111c1c3/screenshot - {}
RESULT: {}
COMMAND: POST /session/cbab2cbbd32afdf19af3e6ba8111c1c3/execute/async - {"script":"<script> [189 bytes]","args":[]}
RESULT: {"script":"<script> [189 bytes]","args":[]}
COMMAND: POST /session/cbab2cbbd32afdf19af3e6ba8111c1c3/execute/async - {"script":"<script> [123 bytes]","args":[]}
RESULT: {"script":"<script> [123 bytes]","args":[]}
COMMAND: POST /session/cbab2cbbd32afdf19af3e6ba8111c1c3/timeouts - {"script":"<number>"}
RESULT: {"script":"<number>"}
COMMAND: GET /session/cbab2cbbd32afdf19af3e6ba8111c1c3/timeouts - {}
RESULT: {}
RESULT: undefined
COMMAND: POST /session/cbab2cbbd32afdf19af3e6ba8111c1c3/execute/async - {"script":"<script> [2676 bytes]","args":[]}
RESULT: {"script":"<script> [2676 bytes]","args":[]}
COMMAND: POST /session/cbab2cbbd32afdf19af3e6ba8111c1c3/execute/async - {"script":"<script> [2342 bytes]","args":[{"protocol":"http","hostname":"0.0.0.0","path":"/","capabilities":{"browserName":"chrome","goog:chromeOptions":{"binary":"C:\\Program Files\\Google\\Chrome\\Application\\chrome.exe","args":["--start-maximized"]}},"logLevel":"warn","connectionRetryTimeout":120000,"connectionRetryCount":3,"logLevels":{},"enableDirectConnect":true,"strictSSL":true,"_":"65 more keys: [\"cacheDir\",\"port\",\"requestedCapabilities\",\"automationProtocol\",\"baseUrl\",\"waitforInterval\",\"waitforTimeout\",\"onReload\",\"beforeCommand\",\"afterCommand\",\"rootDir\",\"specs\",\"suites\",\"exclude\",\"groupLogsByTestSpec\",\"excludeDriverLogs\",\"bail\",\"framework\",\"reporters\",\"services\",\"maxInstances\",\"maxInstancesPerCapability\",\"injectGlobals\",\"filesToWatch\",\"execArgv\",\"runnerEnv\",\"runner\",\"shard\",\"specFileRetries\",\"specFileRetriesDelay\",\"specFileRetriesDeferred\",\"reporterSyncInterval\",\"reporterSyncTimeout\",\"cucumberFeaturesWithLineNumbers\",\"autoCompileOpts\",\"mochaOpts\",\"jasmineOpts\",\"cucumberOpts\",\"onPrepare\",\"onWorkerStart\",\"onWorkerEnd\",\"before\",\"beforeSession\",\"beforeSuite\",\"beforeHook\",\"beforeTest\",\"afterTest\",\"afterHook\",\"afterSuite\",\"afterSession\",\"after\",\"onComplete\",\"beforeAssertion\",\"afterAssertion\",\"beforeFeature\",\"beforeScenario\",\"beforeStep\",\"afterStep\",\"afterScenario\",\"afterFeature\",\"_\",\"suite\",\"$0\",\"ignoredWorkerServices\",\"wdi5\"]"}]}
RESULT: {"script":"<script> [2342 bytes]","args":[{"protocol":"http","hostname":"0.0.0.0","path":"/","capabilities":{"browserName":"chrome","goog:chromeOptions":{"binary":"C:\\Program Files\\Google\\Chrome\\Application\\chrome.exe","args":["--start-maximized"]}},"logLevel":"warn","connectionRetryTimeout":120000,"connectionRetryCount":3,"logLevels":{},"enableDirectConnect":true,"strictSSL":true,"_":"65 more keys: [\"cacheDir\",\"port\",\"requestedCapabilities\",\"automationProtocol\",\"baseUrl\",\"waitforInterval\",\"waitforTimeout\",\"onReload\",\"beforeCommand\",\"afterCommand\",\"rootDir\",\"specs\",\"suites\",\"exclude\",\"groupLogsByTestSpec\",\"excludeDriverLogs\",\"bail\",\"framework\",\"reporters\",\"services\",\"maxInstances\",\"maxInstancesPerCapability\",\"injectGlobals\",\"filesToWatch\",\"execArgv\",\"runnerEnv\",\"runner\",\"shard\",\"specFileRetries\",\"specFileRetriesDelay\",\"specFileRetriesDeferred\",\"reporterSyncInterval\",\"reporterSyncTimeout\",\"cucumberFeaturesWithLineNumbers\",\"autoCompileOpts\",\"mochaOpts\",\"jasmineOpts\",\"cucumberOpts\",\"onPrepare\",\"onWorkerStart\",\"onWorkerEnd\",\"before\",\"beforeSession\",\"beforeSuite\",\"beforeHook\",\"beforeTest\",\"afterTest\",\"afterHook\",\"afterSuite\",\"afterSession\",\"after\",\"onComplete\",\"beforeAssertion\",\"afterAssertion\",\"beforeFeature\",\"beforeScenario\",\"beforeStep\",\"afterStep\",\"afterScenario\",\"afterFeature\",\"_\",\"suite\",\"$0\",\"ignoredWorkerServices\",\"wdi5\"]"}]}
COMMAND: POST /session/cbab2cbbd32afdf19af3e6ba8111c1c3/execute/async - {"script":"<script> [21126 bytes]","args":[35000]}
RESULT: {"script":"<script> [21126 bytes]","args":[35000]}
]]></system-out>
    </testcase>
  </testsuite>
  <testsuite timestamp="2025-05-05T06:07:06" time="269.776" tests="3" failures="0" errors="0" skipped="0">
    <properties>
      <property name="specId" value="0" />
      <property name="suiteName" value="Process request items into new quotation US120163" />
      <property name="capabilities" value="chrome.135_0_7049_96.windows" />
      <property name="file" value="file:///D:/a/1/s/test/specs/R2C/process-request-items-into-new-quotation.spec.js" />
    </properties>
    <testcase classname="chrome.135_0_7049_96.windows.Process_request_items_into_new_quotation_US120163" name="Should create a new request with catalog items and plan it" time="165.253">
      <system-out><![CDATA[
COMMAND: POST /session/cbab2cbbd32afdf19af3e6ba8111c1c3/element - {"using":"xpath","value":"//*[contains(@href, 'etm.portal.ui.managerequests')]"}
RESULT: {"using":"xpath","value":"//*[contains(@href, 'etm.portal.ui.managerequests')]"}
COMMAND: POST /session/cbab2cbbd32afdf19af3e6ba8111c1c3/element/f.4865000251A30E3BD1E5EDC5108DADF6.d.B9A6DF3BDC4BCF913042DE838A6783CE.e.11084/click - {}
RESULT: {}
COMMAND: GET /session/cbab2cbbd32afdf19af3e6ba8111c1c3/screenshot - {}
RESULT: {}
COMMAND: POST /session/cbab2cbbd32afdf19af3e6ba8111c1c3/element - {"using":"xpath","value":"//button[contains(@data-kt ,\"btnCreateNewOverflowToolbarButton\")]"}
COMMAND: POST /session/cbab2cbbd32afdf19af3e6ba8111c1c3/element - {"using":"xpath","value":"(//span[contains(@class ,\"sapMObjStatusText\")])[1]"}
RESULT: {"using":"xpath","value":"//button[contains(@data-kt ,\"btnCreateNewOverflowToolbarButton\")]"}
COMMAND: POST /session/cbab2cbbd32afdf19af3e6ba8111c1c3/element/f.4865000251A30E3BD1E5EDC5108DADF6.d.B9A6DF3BDC4BCF913042DE838A6783CE.e.11141/click - {}
RESULT: {"using":"xpath","value":"(//span[contains(@class ,\"sapMObjStatusText\")])[1]"}
COMMAND: POST /session/cbab2cbbd32afdf19af3e6ba8111c1c3/execute/sync - {"script":"<script> [8489 bytes]","args":[{"element-6066-11e4-a52e-4f735466cecf":"f.4865000251A30E3BD1E5EDC5108DADF6.d.B9A6DF3BDC4BCF913042DE838A6783CE.e.11184","ELEMENT":"f.4865000251A30E3BD1E5EDC5108DADF6.d.B9A6DF3BDC4BCF913042DE838A6783CE.e.11184"}]}
RESULT: {}
COMMAND: GET /session/cbab2cbbd32afdf19af3e6ba8111c1c3/screenshot - {}
RESULT: {"script":"<script> [8489 bytes]","args":[{"element-6066-11e4-a52e-4f735466cecf":"f.4865000251A30E3BD1E5EDC5108DADF6.d.B9A6DF3BDC4BCF913042DE838A6783CE.e.11184","ELEMENT":"f.4865000251A30E3BD1E5EDC5108DADF6.d.B9A6DF3BDC4BCF913042DE838A6783CE.e.11184"}]}
COMMAND: GET /session/cbab2cbbd32afdf19af3e6ba8111c1c3/screenshot - {}
RESULT: {}
RESULT: {}
COMMAND: POST /session/cbab2cbbd32afdf19af3e6ba8111c1c3/element - {"using":"xpath","value":"//input[contains(@id ,\"yardId-inner\")]"}
RESULT: {"using":"xpath","value":"//input[contains(@id ,\"yardId-inner\")]"}
COMMAND: POST /session/cbab2cbbd32afdf19af3e6ba8111c1c3/execute/sync - {"script":"<script> [8489 bytes]","args":[{"element-6066-11e4-a52e-4f735466cecf":"f.4865000251A30E3BD1E5EDC5108DADF6.d.B9A6DF3BDC4BCF913042DE838A6783CE.e.11377","ELEMENT":"f.4865000251A30E3BD1E5EDC5108DADF6.d.B9A6DF3BDC4BCF913042DE838A6783CE.e.11377"}]}
RESULT: {"script":"<script> [8489 bytes]","args":[{"element-6066-11e4-a52e-4f735466cecf":"f.4865000251A30E3BD1E5EDC5108DADF6.d.B9A6DF3BDC4BCF913042DE838A6783CE.e.11377","ELEMENT":"f.4865000251A30E3BD1E5EDC5108DADF6.d.B9A6DF3BDC4BCF913042DE838A6783CE.e.11377"}]}
COMMAND: POST /session/cbab2cbbd32afdf19af3e6ba8111c1c3/element - {"using":"xpath","value":"//input[contains(@id ,\"yardId-inner\")]"}
COMMAND: GET /session/cbab2cbbd32afdf19af3e6ba8111c1c3/screenshot - {}
RESULT: {"using":"xpath","value":"//input[contains(@id ,\"yardId-inner\")]"}
COMMAND: GET /session/cbab2cbbd32afdf19af3e6ba8111c1c3/element/f.4865000251A30E3BD1E5EDC5108DADF6.d.B9A6DF3BDC4BCF913042DE838A6783CE.e.11377/enabled - {}
RESULT: {}
RESULT: {}
COMMAND: POST /session/cbab2cbbd32afdf19af3e6ba8111c1c3/element/f.4865000251A30E3BD1E5EDC5108DADF6.d.B9A6DF3BDC4BCF913042DE838A6783CE.e.11377/clear - {}
COMMAND: GET /session/cbab2cbbd32afdf19af3e6ba8111c1c3/screenshot - {}
RESULT: {}
COMMAND: POST /session/cbab2cbbd32afdf19af3e6ba8111c1c3/element/f.4865000251A30E3BD1E5EDC5108DADF6.d.B9A6DF3BDC4BCF913042DE838A6783CE.e.11377/value - {"text":"WebdriverYardgw1hi"}
COMMAND: GET /session/cbab2cbbd32afdf19af3e6ba8111c1c3/screenshot - {}
RESULT: {}
RESULT: {"text":"WebdriverYardgw1hi"}
COMMAND: GET /session/cbab2cbbd32afdf19af3e6ba8111c1c3/screenshot - {}
RESULT: {}
RESULT: {}
COMMAND: POST /session/cbab2cbbd32afdf19af3e6ba8111c1c3/element - {"using":"xpath","value":"//input[contains(@id ,\"customerNumber-inner\")]"}
RESULT: {"using":"xpath","value":"//input[contains(@id ,\"customerNumber-inner\")]"}
COMMAND: POST /session/cbab2cbbd32afdf19af3e6ba8111c1c3/element/f.4865000251A30E3BD1E5EDC5108DADF6.d.B9A6DF3BDC4BCF913042DE838A6783CE.e.11371/value - {"text":"WebdriverPartnerlkand"}
COMMAND: POST /session/cbab2cbbd32afdf19af3e6ba8111c1c3/actions - {"actions":[{"id":"action79","type":"key","parameters":{},"actions":[{"type":"keyDown","value":"î€‡"},{"type":"pause","duration":10},{"type":"keyUp","value":"î€‡"}]}]}
RESULT: {"text":"WebdriverPartnerlkand"}
COMMAND: GET /session/cbab2cbbd32afdf19af3e6ba8111c1c3/screenshot - {}
RESULT: {"actions":[{"id":"action79","type":"key","parameters":{},"actions":[{"type":"keyDown","value":"î€‡"},{"type":"pause","duration":10},{"type":"keyUp","value":"î€‡"}]}]}
COMMAND: GET /session/cbab2cbbd32afdf19af3e6ba8111c1c3/screenshot - {}
RESULT: {}
RESULT: {}
COMMAND: POST /session/cbab2cbbd32afdf19af3e6ba8111c1c3/element/f.4865000251A30E3BD1E5EDC5108DADF6.d.B9A6DF3BDC4BCF913042DE838A6783CE.e.11377/clear - {}
RESULT: {}
COMMAND: POST /session/cbab2cbbd32afdf19af3e6ba8111c1c3/element/f.4865000251A30E3BD1E5EDC5108DADF6.d.B9A6DF3BDC4BCF913042DE838A6783CE.e.11377/clear - {}
COMMAND: GET /session/cbab2cbbd32afdf19af3e6ba8111c1c3/screenshot - {}
RESULT: {}
COMMAND: POST /session/cbab2cbbd32afdf19af3e6ba8111c1c3/element/f.4865000251A30E3BD1E5EDC5108DADF6.d.B9A6DF3BDC4BCF913042DE838A6783CE.e.11377/value - {"text":"WebdriverYardgw1hi"}
COMMAND: GET /session/cbab2cbbd32afdf19af3e6ba8111c1c3/screenshot - {}
RESULT: {}
RESULT: {"text":"WebdriverYardgw1hi"}
COMMAND: GET /session/cbab2cbbd32afdf19af3e6ba8111c1c3/screenshot - {}
RESULT: {}
RESULT: {}
COMMAND: POST /session/cbab2cbbd32afdf19af3e6ba8111c1c3/actions - {"actions":[{"id":"action80","type":"key","parameters":{},"actions":[{"type":"keyDown","value":"î€‡"},{"type":"pause","duration":10},{"type":"keyUp","value":"î€‡"}]}]}
RESULT: {"actions":[{"id":"action80","type":"key","parameters":{},"actions":[{"type":"keyDown","value":"î€‡"},{"type":"pause","duration":10},{"type":"keyUp","value":"î€‡"}]}]}
COMMAND: GET /session/cbab2cbbd32afdf19af3e6ba8111c1c3/screenshot - {}
RESULT: {}
COMMAND: GET /session/cbab2cbbd32afdf19af3e6ba8111c1c3/element/f.4865000251A30E3BD1E5EDC5108DADF6.d.B9A6DF3BDC4BCF913042DE838A6783CE.e.11371/property/value - {}
RESULT: {}
COMMAND: POST /session/cbab2cbbd32afdf19af3e6ba8111c1c3/element - {"using":"xpath","value":"//input[contains(@id ,\"requestSiteId-inner\")]"}
COMMAND: GET /session/cbab2cbbd32afdf19af3e6ba8111c1c3/screenshot - {}
RESULT: {"using":"xpath","value":"//input[contains(@id ,\"requestSiteId-inner\")]"}
COMMAND: POST /session/cbab2cbbd32afdf19af3e6ba8111c1c3/element/f.4865000251A30E3BD1E5EDC5108DADF6.d.B9A6DF3BDC4BCF913042DE838A6783CE.e.11370/value - {"text":"WebdriverSitemct53i"}
RESULT: {}
COMMAND: POST /session/cbab2cbbd32afdf19af3e6ba8111c1c3/actions - {"actions":[{"id":"action81","type":"key","parameters":{},"actions":[{"type":"keyDown","value":"î€‡"},{"type":"pause","duration":10},{"type":"keyUp","value":"î€‡"}]}]}
RESULT: {"text":"WebdriverSitemct53i"}
COMMAND: GET /session/cbab2cbbd32afdf19af3e6ba8111c1c3/screenshot - {}
RESULT: {"actions":[{"id":"action81","type":"key","parameters":{},"actions":[{"type":"keyDown","value":"î€‡"},{"type":"pause","duration":10},{"type":"keyUp","value":"î€‡"}]}]}
COMMAND: GET /session/cbab2cbbd32afdf19af3e6ba8111c1c3/screenshot - {}
RESULT: {}
RESULT: {}
COMMAND: POST /session/cbab2cbbd32afdf19af3e6ba8111c1c3/actions - {"actions":[{"id":"action82","type":"key","parameters":{},"actions":[{"type":"keyDown","value":"î€‡"},{"type":"pause","duration":10},{"type":"keyUp","value":"î€‡"}]}]}
RESULT: {"actions":[{"id":"action82","type":"key","parameters":{},"actions":[{"type":"keyDown","value":"î€‡"},{"type":"pause","duration":10},{"type":"keyUp","value":"î€‡"}]}]}
COMMAND: GET /session/cbab2cbbd32afdf19af3e6ba8111c1c3/screenshot - {}
RESULT: {}
COMMAND: POST /session/cbab2cbbd32afdf19af3e6ba8111c1c3/element - {"using":"xpath","value":"//button[contains(@data-kt ,\"requestItemAddOverflowToolbarButton\")]"}
RESULT: {"using":"xpath","value":"//button[contains(@data-kt ,\"requestItemAddOverflowToolbarButton\")]"}
COMMAND: POST /session/cbab2cbbd32afdf19af3e6ba8111c1c3/element/f.4865000251A30E3BD1E5EDC5108DADF6.d.B9A6DF3BDC4BCF913042DE838A6783CE.e.11349/click - {}
RESULT: {}
COMMAND: GET /session/cbab2cbbd32afdf19af3e6ba8111c1c3/screenshot - {}
RESULT: {}
COMMAND: POST /session/cbab2cbbd32afdf19af3e6ba8111c1c3/actions - {"actions":[{"id":"action83","type":"key","parameters":{},"actions":[{"type":"keyDown","value":"î€•"},{"type":"pause","duration":10},{"type":"keyUp","value":"î€•"}]}]}
RESULT: {"actions":[{"id":"action83","type":"key","parameters":{},"actions":[{"type":"keyDown","value":"î€•"},{"type":"pause","duration":10},{"type":"keyUp","value":"î€•"}]}]}
COMMAND: POST /session/cbab2cbbd32afdf19af3e6ba8111c1c3/actions - {"actions":[{"id":"action84","type":"key","parameters":{},"actions":[{"type":"keyDown","value":"î€‡"},{"type":"pause","duration":10},{"type":"keyUp","value":"î€‡"}]}]}
COMMAND: GET /session/cbab2cbbd32afdf19af3e6ba8111c1c3/screenshot - {}
RESULT: {"actions":[{"id":"action84","type":"key","parameters":{},"actions":[{"type":"keyDown","value":"î€‡"},{"type":"pause","duration":10},{"type":"keyUp","value":"î€‡"}]}]}
COMMAND: GET /session/cbab2cbbd32afdf19af3e6ba8111c1c3/screenshot - {}
RESULT: {}
RESULT: {}
COMMAND: POST /session/cbab2cbbd32afdf19af3e6ba8111c1c3/element - {"using":"xpath","value":"(//input[contains(@id ,\"requestItemsTable-0-inner\")])[1]"}
RESULT: {"using":"xpath","value":"(//input[contains(@id ,\"requestItemsTable-0-inner\")])[1]"}
COMMAND: POST /session/cbab2cbbd32afdf19af3e6ba8111c1c3/element/f.4865000251A30E3BD1E5EDC5108DADF6.d.B9A6DF3BDC4BCF913042DE838A6783CE.e.11541/clear - {}
RESULT: {}
COMMAND: POST /session/cbab2cbbd32afdf19af3e6ba8111c1c3/element/f.4865000251A30E3BD1E5EDC5108DADF6.d.B9A6DF3BDC4BCF913042DE838A6783CE.e.11541/value - {"text":"catalogItem3qehi"}
COMMAND: GET /session/cbab2cbbd32afdf19af3e6ba8111c1c3/screenshot - {}
RESULT: {"text":"catalogItem3qehi"}
COMMAND: GET /session/cbab2cbbd32afdf19af3e6ba8111c1c3/screenshot - {}
RESULT: {}
RESULT: {}
COMMAND: POST /session/cbab2cbbd32afdf19af3e6ba8111c1c3/actions - {"actions":[{"id":"action85","type":"key","parameters":{},"actions":[{"type":"keyDown","value":"î€‡"},{"type":"pause","duration":10},{"type":"keyUp","value":"î€‡"}]}]}
RESULT: {"actions":[{"id":"action85","type":"key","parameters":{},"actions":[{"type":"keyDown","value":"î€‡"},{"type":"pause","duration":10},{"type":"keyUp","value":"î€‡"}]}]}
COMMAND: GET /session/cbab2cbbd32afdf19af3e6ba8111c1c3/screenshot - {}
RESULT: {}
COMMAND: POST /session/cbab2cbbd32afdf19af3e6ba8111c1c3/execute/async - {"script":"<script> [1562 bytes]","args":[{"selector":{"controlType":"sap.ui.core.Icon","viewName":"etm.portal.ui.managerequests.view.NewRequest","properties":{"src":{"regex":{"source":"slim\\-arrow\\-down"}}},"ancestor":{"controlType":"sap.m.Button","viewName":"etm.portal.ui.managerequests.view.NewRequest","properties":{"icon":"sap-icon://slim-arrow-down"}}},"wdio_ui5_key":"etmportal.ui.managerequests.view.NewRequestsap.ui.core.Icon{\"src\":{\"regex\":{\"source\":\"slim\\\\-arrow\\\\-down\"}}}{\"controlType\":\"sap.m.Button\",\"viewName\":\"etm.portal.ui.managerequests.view.NewRequest\",\"properties\":{\"icon\":\"sap-icon://slim-arrow-down\"}}"}]}
RESULT: {"script":"<script> [1562 bytes]","args":[{"selector":{"controlType":"sap.ui.core.Icon","viewName":"etm.portal.ui.managerequests.view.NewRequest","properties":{"src":{"regex":{"source":"slim\\-arrow\\-down"}}},"ancestor":{"controlType":"sap.m.Button","viewName":"etm.portal.ui.managerequests.view.NewRequest","properties":{"icon":"sap-icon://slim-arrow-down"}}},"wdio_ui5_key":"etmportal.ui.managerequests.view.NewRequestsap.ui.core.Icon{\"src\":{\"regex\":{\"source\":\"slim\\\\-arrow\\\\-down\"}}}{\"controlType\":\"sap.m.Button\",\"viewName\":\"etm.portal.ui.managerequests.view.NewRequest\",\"properties\":{\"icon\":\"sap-icon://slim-arrow-down\"}}"}]}
RESULT: undefined
COMMAND: POST /session/cbab2cbbd32afdf19af3e6ba8111c1c3/element - {"using":"xpath","value":"//div[contains(@data-kt ,\"splitAllocationObjectStatus\")]"}
RESULT: {"using":"xpath","value":"//div[contains(@data-kt ,\"splitAllocationObjectStatus\")]"}
COMMAND: POST /session/cbab2cbbd32afdf19af3e6ba8111c1c3/elements - {"using":"xpath","value":"//div[contains(@data-kt ,\"splitAllocationObjectStatus\")]"}
RESULT: {"using":"xpath","value":"//div[contains(@data-kt ,\"splitAllocationObjectStatus\")]"}
COMMAND: POST /session/cbab2cbbd32afdf19af3e6ba8111c1c3/execute/async - {"script":"<script> [1562 bytes]","args":[{"selector":{"controlType":"sap.ui.core.Icon","viewName":"etm.portal.ui.managerequests.view.NewRequest","properties":{"src":{"regex":{"source":"message\\-error"}}}},"wdio_ui5_key":"etmportal.ui.managerequests.view.NewRequestsap.ui.core.Icon{\"src\":{\"regex\":{\"source\":\"message\\\\-error\"}}}"}]}
RESULT: {"script":"<script> [1562 bytes]","args":[{"selector":{"controlType":"sap.ui.core.Icon","viewName":"etm.portal.ui.managerequests.view.NewRequest","properties":{"src":{"regex":{"source":"message\\-error"}}}},"wdio_ui5_key":"etmportal.ui.managerequests.view.NewRequestsap.ui.core.Icon{\"src\":{\"regex\":{\"source\":\"message\\\\-error\"}}}"}]}
RESULT: undefined
COMMAND: POST /session/cbab2cbbd32afdf19af3e6ba8111c1c3/element - {"using":"xpath","value":"//*[@id=\"__status4-__xmlview59--requestItemsTable-0-icon\"]"}
RESULT: {"using":"xpath","value":"//*[@id=\"__status4-__xmlview59--requestItemsTable-0-icon\"]"}
COMMAND: POST /session/cbab2cbbd32afdf19af3e6ba8111c1c3/element/f.4865000251A30E3BD1E5EDC5108DADF6.d.B9A6DF3BDC4BCF913042DE838A6783CE.e.11555/click - {}
RESULT: {}
COMMAND: POST /session/cbab2cbbd32afdf19af3e6ba8111c1c3/execute/async - {"script":"<script> [1562 bytes]","args":[{"selector":{"controlType":"sap.ui.core.Icon","viewName":"etm.portal.ui.managerequests.view.NewRequest","properties":{"src":{"regex":{"source":"slim\\-arrow\\-down"}}},"searchOpenDialogs":true,"ancestor":{"id":"costObjectAdminTypeComboBox","viewName":"etm.portal.ui.managerequests.view.NewRequest","searchOpenDialogs":true}},"wdio_ui5_key":"etmportal.ui.managerequests.view.NewRequestsap.ui.core.Icon{\"src\":{\"regex\":{\"source\":\"slim\\\\-arrow\\\\-down\"}}}{\"id\":\"costObjectAdminTypeComboBox\",\"viewName\":\"etm.portal.ui.managerequests.view.NewRequest\",\"searchOpenDialogs\":true}"}]}
COMMAND: GET /session/cbab2cbbd32afdf19af3e6ba8111c1c3/screenshot - {}
RESULT: {"script":"<script> [1562 bytes]","args":[{"selector":{"controlType":"sap.ui.core.Icon","viewName":"etm.portal.ui.managerequests.view.NewRequest","properties":{"src":{"regex":{"source":"slim\\-arrow\\-down"}}},"searchOpenDialogs":true,"ancestor":{"id":"costObjectAdminTypeComboBox","viewName":"etm.portal.ui.managerequests.view.NewRequest","searchOpenDialogs":true}},"wdio_ui5_key":"etmportal.ui.managerequests.view.NewRequestsap.ui.core.Icon{\"src\":{\"regex\":{\"source\":\"slim\\\\-arrow\\\\-down\"}}}{\"id\":\"costObjectAdminTypeComboBox\",\"viewName\":\"etm.portal.ui.managerequests.view.NewRequest\",\"searchOpenDialogs\":true}"}]}
RESULT: undefined
COMMAND: POST /session/cbab2cbbd32afdf19af3e6ba8111c1c3/element - {"using":"xpath","value":"//*[@id=\"__xmlview59--costObjectAdminTypeComboBox-arrow\"]"}
RESULT: {}
RESULT: {"using":"xpath","value":"//*[@id=\"__xmlview59--costObjectAdminTypeComboBox-arrow\"]"}
COMMAND: POST /session/cbab2cbbd32afdf19af3e6ba8111c1c3/element/f.4865000251A30E3BD1E5EDC5108DADF6.d.B9A6DF3BDC4BCF913042DE838A6783CE.e.11559/click - {}
RESULT: {}
COMMAND: POST /session/cbab2cbbd32afdf19af3e6ba8111c1c3/execute/async - {"script":"<script> [1562 bytes]","args":[{"selector":{"controlType":"sap.m.StandardListItem","viewName":"etm.portal.ui.managerequests.view.NewRequest","properties":{"title":"Cost Center"},"searchOpenDialogs":true,"interaction":{"idSuffix":"titleText"}},"wdio_ui5_key":"etmportal.ui.managerequests.view.NewRequestsap.m.StandardListItem{\"title\":\"Cost Center\"}"}]}
COMMAND: GET /session/cbab2cbbd32afdf19af3e6ba8111c1c3/screenshot - {}
RESULT: {"script":"<script> [1562 bytes]","args":[{"selector":{"controlType":"sap.m.StandardListItem","viewName":"etm.portal.ui.managerequests.view.NewRequest","properties":{"title":"Cost Center"},"searchOpenDialogs":true,"interaction":{"idSuffix":"titleText"}},"wdio_ui5_key":"etmportal.ui.managerequests.view.NewRequestsap.m.StandardListItem{\"title\":\"Cost Center\"}"}]}
RESULT: undefined
COMMAND: POST /session/cbab2cbbd32afdf19af3e6ba8111c1c3/element - {"using":"xpath","value":"//*[@id=\"__item741\"]"}
RESULT: {}
RESULT: {"using":"xpath","value":"//*[@id=\"__item741\"]"}
COMMAND: POST /session/cbab2cbbd32afdf19af3e6ba8111c1c3/element/f.4865000251A30E3BD1E5EDC5108DADF6.d.B9A6DF3BDC4BCF913042DE838A6783CE.e.11562/click - {}
RESULT: {}
COMMAND: GET /session/cbab2cbbd32afdf19af3e6ba8111c1c3/screenshot - {}
RESULT: {}
COMMAND: POST /session/cbab2cbbd32afdf19af3e6ba8111c1c3/execute/async - {"script":"<script> [1562 bytes]","args":[{"selector":{"controlType":"sap.ui.core.Icon","viewName":"etm.portal.ui.managerequests.view.NewRequest","properties":{"src":{"regex":{"source":"value\\-help"}}},"searchOpenDialogs":true},"wdio_ui5_key":"etmportal.ui.managerequests.view.NewRequestsap.ui.core.Icon{\"src\":{\"regex\":{\"source\":\"value\\\\-help\"}}}"}]}
RESULT: {"script":"<script> [1562 bytes]","args":[{"selector":{"controlType":"sap.ui.core.Icon","viewName":"etm.portal.ui.managerequests.view.NewRequest","properties":{"src":{"regex":{"source":"value\\-help"}}},"searchOpenDialogs":true},"wdio_ui5_key":"etmportal.ui.managerequests.view.NewRequestsap.ui.core.Icon{\"src\":{\"regex\":{\"source\":\"value\\\\-help\"}}}"}]}
RESULT: undefined
COMMAND: POST /session/cbab2cbbd32afdf19af3e6ba8111c1c3/element - {"using":"xpath","value":"//*[@id=\"__xmlview59--costObjectIdComboBox-vhi\"]"}
RESULT: {"using":"xpath","value":"//*[@id=\"__xmlview59--costObjectIdComboBox-vhi\"]"}
COMMAND: POST /session/cbab2cbbd32afdf19af3e6ba8111c1c3/element/f.4865000251A30E3BD1E5EDC5108DADF6.d.B9A6DF3BDC4BCF913042DE838A6783CE.e.11569/click - {}
RESULT: {}
COMMAND: POST /session/cbab2cbbd32afdf19af3e6ba8111c1c3/execute/async - {"script":"<script> [1562 bytes]","args":[{"selector":{"controlType":"sap.m.SearchField","properties":{"placeholder":"Search"},"searchOpenDialogs":true,"interaction":{"idSuffix":"I"}},"wdio_ui5_key":"sapm.SearchField{\"placeholder\":\"Search\"}"}]}
COMMAND: GET /session/cbab2cbbd32afdf19af3e6ba8111c1c3/screenshot - {}
RESULT: {"script":"<script> [1562 bytes]","args":[{"selector":{"controlType":"sap.m.SearchField","properties":{"placeholder":"Search"},"searchOpenDialogs":true,"interaction":{"idSuffix":"I"}},"wdio_ui5_key":"sapm.SearchField{\"placeholder\":\"Search\"}"}]}
RESULT: undefined
COMMAND: POST /session/cbab2cbbd32afdf19af3e6ba8111c1c3/execute/async - {"script":"<script> [776 bytes]","args":[{"enterText":"10001010","selector":{"controlType":"sap.m.SearchField","properties":{"placeholder":"Search"},"searchOpenDialogs":true,"interaction":{"idSuffix":"I"}},"clearTextFirst":true,"interactionType":"ENTER_TEXT"}]}
RESULT: {}
RESULT: {"script":"<script> [776 bytes]","args":[{"enterText":"10001010","selector":{"controlType":"sap.m.SearchField","properties":{"placeholder":"Search"},"searchOpenDialogs":true,"interaction":{"idSuffix":"I"}},"clearTextFirst":true,"interactionType":"ENTER_TEXT"}]}
COMMAND: POST /session/cbab2cbbd32afdf19af3e6ba8111c1c3/actions - {"actions":[{"id":"action86","type":"key","parameters":{},"actions":[{"type":"keyDown","value":"î€‡"},{"type":"pause","duration":10},{"type":"keyUp","value":"î€‡"}]}]}
RESULT: {"actions":[{"id":"action86","type":"key","parameters":{},"actions":[{"type":"keyDown","value":"î€‡"},{"type":"pause","duration":10},{"type":"keyUp","value":"î€‡"}]}]}
COMMAND: GET /session/cbab2cbbd32afdf19af3e6ba8111c1c3/screenshot - {}
RESULT: {}
COMMAND: POST /session/cbab2cbbd32afdf19af3e6ba8111c1c3/execute/async - {"script":"<script> [1562 bytes]","args":[{"selector":{"controlType":"sap.m.Text","bindingPath":{"path":"/C_CostCtrValueHelp(CostCenter='10001010',ControllingArea='Z001')","propertyPath":"CostCenterName","modelName":"CostCenterModel"},"searchOpenDialogs":true},"wdio_ui5_key":"sapm.Text{\"path\":\"/C_CostCtrValueHelp(CostCenter='10001010',ControllingArea='Z001')\",\"propertyPath\":\"CostCenterName\",\"modelName\":\"CostCenterModel\"}"}]}
RESULT: {"script":"<script> [1562 bytes]","args":[{"selector":{"controlType":"sap.m.Text","bindingPath":{"path":"/C_CostCtrValueHelp(CostCenter='10001010',ControllingArea='Z001')","propertyPath":"CostCenterName","modelName":"CostCenterModel"},"searchOpenDialogs":true},"wdio_ui5_key":"sapm.Text{\"path\":\"/C_CostCtrValueHelp(CostCenter='10001010',ControllingArea='Z001')\",\"propertyPath\":\"CostCenterName\",\"modelName\":\"CostCenterModel\"}"}]}
RESULT: undefined
COMMAND: POST /session/cbab2cbbd32afdf19af3e6ba8111c1c3/element - {"using":"xpath","value":"//*[@id=\"__text291-__clone874\"]"}
RESULT: {"using":"xpath","value":"//*[@id=\"__text291-__clone874\"]"}
COMMAND: POST /session/cbab2cbbd32afdf19af3e6ba8111c1c3/element/f.4865000251A30E3BD1E5EDC5108DADF6.d.B9A6DF3BDC4BCF913042DE838A6783CE.e.11609/click - {}
RESULT: {}
COMMAND: POST /session/cbab2cbbd32afdf19af3e6ba8111c1c3/execute/async - {"script":"<script> [1562 bytes]","args":[{"selector":{"controlType":"sap.m.Button","properties":{"text":"OK"},"searchOpenDialogs":true,"interaction":{"idSuffix":"BDI-content"}},"wdio_ui5_key":"sapm.Button{\"text\":\"OK\"}"}]}
COMMAND: GET /session/cbab2cbbd32afdf19af3e6ba8111c1c3/screenshot - {}
RESULT: {"script":"<script> [1562 bytes]","args":[{"selector":{"controlType":"sap.m.Button","properties":{"text":"OK"},"searchOpenDialogs":true,"interaction":{"idSuffix":"BDI-content"}},"wdio_ui5_key":"sapm.Button{\"text\":\"OK\"}"}]}
RESULT: undefined
COMMAND: POST /session/cbab2cbbd32afdf19af3e6ba8111c1c3/element - {"using":"xpath","value":"//*[@id=\"__dialog1-ok\"]"}
RESULT: {}
RESULT: {"using":"xpath","value":"//*[@id=\"__dialog1-ok\"]"}
COMMAND: POST /session/cbab2cbbd32afdf19af3e6ba8111c1c3/element/f.4865000251A30E3BD1E5EDC5108DADF6.d.B9A6DF3BDC4BCF913042DE838A6783CE.e.11611/click - {}
RESULT: {}
COMMAND: GET /session/cbab2cbbd32afdf19af3e6ba8111c1c3/screenshot - {}
RESULT: {}
COMMAND: POST /session/cbab2cbbd32afdf19af3e6ba8111c1c3/execute/async - {"script":"<script> [1562 bytes]","args":[{"selector":{"controlType":"sap.m.Button","viewName":"etm.portal.ui.managerequests.view.NewRequest","i18NText":{"propertyName":"text","key":"save"},"searchOpenDialogs":true,"interaction":{"idSuffix":"BDI-content"}},"wdio_ui5_key":"etmportal.ui.managerequests.view.NewRequestsap.m.Button{\"propertyName\":\"text\",\"key\":\"save\"}"}]}
RESULT: {"script":"<script> [1562 bytes]","args":[{"selector":{"controlType":"sap.m.Button","viewName":"etm.portal.ui.managerequests.view.NewRequest","i18NText":{"propertyName":"text","key":"save"},"searchOpenDialogs":true,"interaction":{"idSuffix":"BDI-content"}},"wdio_ui5_key":"etmportal.ui.managerequests.view.NewRequestsap.m.Button{\"propertyName\":\"text\",\"key\":\"save\"}"}]}
RESULT: undefined
COMMAND: POST /session/cbab2cbbd32afdf19af3e6ba8111c1c3/element - {"using":"xpath","value":"//*[@id=\"__button24\"]"}
RESULT: {"using":"xpath","value":"//*[@id=\"__button24\"]"}
COMMAND: POST /session/cbab2cbbd32afdf19af3e6ba8111c1c3/element/f.4865000251A30E3BD1E5EDC5108DADF6.d.B9A6DF3BDC4BCF913042DE838A6783CE.e.11615/click - {}
RESULT: {}
COMMAND: GET /session/cbab2cbbd32afdf19af3e6ba8111c1c3/screenshot - {}
RESULT: {}
COMMAND: POST /session/cbab2cbbd32afdf19af3e6ba8111c1c3/element - {"using":"xpath","value":"(//bdi[contains(text() ,\"Save\")])[1]"}
RESULT: {"using":"xpath","value":"(//bdi[contains(text() ,\"Save\")])[1]"}
COMMAND: POST /session/cbab2cbbd32afdf19af3e6ba8111c1c3/element/f.4865000251A30E3BD1E5EDC5108DADF6.d.B9A6DF3BDC4BCF913042DE838A6783CE.e.11618/click - {}
RESULT: {}
COMMAND: GET /session/cbab2cbbd32afdf19af3e6ba8111c1c3/screenshot - {}
RESULT: {}
COMMAND: POST /session/cbab2cbbd32afdf19af3e6ba8111c1c3/execute/async - {"script":"<script> [1562 bytes]","args":[{"selector":{"controlType":"sap.m.Title","properties":{"text":"Success"},"searchOpenDialogs":true},"wdio_ui5_key":"sapm.Title{\"text\":\"Success\"}"}]}
RESULT: {"script":"<script> [1562 bytes]","args":[{"selector":{"controlType":"sap.m.Title","properties":{"text":"Success"},"searchOpenDialogs":true},"wdio_ui5_key":"sapm.Title{\"text\":\"Success\"}"}]}
RESULT: undefined
COMMAND: POST /session/cbab2cbbd32afdf19af3e6ba8111c1c3/execute/async - {"script":"<script> [6424 bytes]","args":[{"element-6066-11e4-a52e-4f735466cecf":"f.4865000251A30E3BD1E5EDC5108DADF6.d.B9A6DF3BDC4BCF913042DE838A6783CE.e.11621"},"getText",[]]}
RESULT: {"script":"<script> [6424 bytes]","args":[{"element-6066-11e4-a52e-4f735466cecf":"f.4865000251A30E3BD1E5EDC5108DADF6.d.B9A6DF3BDC4BCF913042DE838A6783CE.e.11621"},"getText",[]]}
COMMAND: POST /session/cbab2cbbd32afdf19af3e6ba8111c1c3/execute/async - {"script":"<script> [1562 bytes]","args":[{"selector":{"controlType":"sap.m.Button","properties":{"text":"Close"},"searchOpenDialogs":true,"interaction":{"idSuffix":"BDI-content"}},"wdio_ui5_key":"sapm.Button{\"text\":\"Close\"}"}]}
RESULT: {"script":"<script> [1562 bytes]","args":[{"selector":{"controlType":"sap.m.Button","properties":{"text":"Close"},"searchOpenDialogs":true,"interaction":{"idSuffix":"BDI-content"}},"wdio_ui5_key":"sapm.Button{\"text\":\"Close\"}"}]}
RESULT: undefined
COMMAND: POST /session/cbab2cbbd32afdf19af3e6ba8111c1c3/element - {"using":"xpath","value":"//*[@id=\"__mbox-btn-0\"]"}
RESULT: {"using":"xpath","value":"//*[@id=\"__mbox-btn-0\"]"}
COMMAND: POST /session/cbab2cbbd32afdf19af3e6ba8111c1c3/element/f.4865000251A30E3BD1E5EDC5108DADF6.d.B9A6DF3BDC4BCF913042DE838A6783CE.e.11620/click - {}
RESULT: {}
COMMAND: GET /session/cbab2cbbd32afdf19af3e6ba8111c1c3/screenshot - {}
RESULT: {}
COMMAND: POST /session/cbab2cbbd32afdf19af3e6ba8111c1c3/execute/async - {"script":"<script> [1562 bytes]","args":[{"selector":{"controlType":"sap.m.Text","viewName":"etm.portal.ui.managerequests.view.Detail","bindingPath":{"propertyPath":"NO","modelName":"catalogModel"}},"wdio_ui5_key":"etmportal.ui.managerequests.view.Detailsap.m.Text{\"propertyPath\":\"NO\",\"modelName\":\"catalogModel\"}"}]}
RESULT: {"script":"<script> [1562 bytes]","args":[{"selector":{"controlType":"sap.m.Text","viewName":"etm.portal.ui.managerequests.view.Detail","bindingPath":{"propertyPath":"NO","modelName":"catalogModel"}},"wdio_ui5_key":"etmportal.ui.managerequests.view.Detailsap.m.Text{\"propertyPath\":\"NO\",\"modelName\":\"catalogModel\"}"}]}
RESULT: undefined
COMMAND: POST /session/cbab2cbbd32afdf19af3e6ba8111c1c3/execute/async - {"script":"<script> [6424 bytes]","args":[{"element-6066-11e4-a52e-4f735466cecf":"f.4865000251A30E3BD1E5EDC5108DADF6.d.B9A6DF3BDC4BCF913042DE838A6783CE.e.11748"},"getText",[]]}
RESULT: {"script":"<script> [6424 bytes]","args":[{"element-6066-11e4-a52e-4f735466cecf":"f.4865000251A30E3BD1E5EDC5108DADF6.d.B9A6DF3BDC4BCF913042DE838A6783CE.e.11748"},"getText",[]]}
COMMAND: POST /session/cbab2cbbd32afdf19af3e6ba8111c1c3/execute/async - {"script":"<script> [1562 bytes]","args":[{"selector":{"controlType":"sap.ui.core.Icon","viewName":"etm.portal.ui.managerequests.view.Detail","properties":{"src":{"regex":{"source":"date\\-time"}}},"ancestor":{"controlType":"sap.m.ColumnListItem","viewName":"etm.portal.ui.managerequests.view.Detail","bindingPath":{"path":"/SmartRequestItemsPlanningBoard(ITEM=10m,REQUEST='20350')"},"ancestor":{"id":"requestItemsTable","viewName":"etm.portal.ui.managerequests.view.Detail"}}},"wdio_ui5_key":"etmportal.ui.managerequests.view.Detailsap.ui.core.Icon{\"src\":{\"regex\":{\"source\":\"date\\\\-time\"}}}{\"controlType\":\"sap.m.ColumnListItem\",\"viewName\":\"etm.portal.ui.managerequests.view.Detail\",\"bindingPath\":{\"path\":\"/SmartRequestItemsPlanningBoard(ITEM=10m,REQUEST='20350')\"},\"ancestor\":{\"id\":\"requestItemsTable\",\"viewName\":\"etm.portal.ui.managerequests.view.Detail\"}}"}]}
RESULT: {"script":"<script> [1562 bytes]","args":[{"selector":{"controlType":"sap.ui.core.Icon","viewName":"etm.portal.ui.managerequests.view.Detail","properties":{"src":{"regex":{"source":"date\\-time"}}},"ancestor":{"controlType":"sap.m.ColumnListItem","viewName":"etm.portal.ui.managerequests.view.Detail","bindingPath":{"path":"/SmartRequestItemsPlanningBoard(ITEM=10m,REQUEST='20350')"},"ancestor":{"id":"requestItemsTable","viewName":"etm.portal.ui.managerequests.view.Detail"}}},"wdio_ui5_key":"etmportal.ui.managerequests.view.Detailsap.ui.core.Icon{\"src\":{\"regex\":{\"source\":\"date\\\\-time\"}}}{\"controlType\":\"sap.m.ColumnListItem\",\"viewName\":\"etm.portal.ui.managerequests.view.Detail\",\"bindingPath\":{\"path\":\"/SmartRequestItemsPlanningBoard(ITEM=10m,REQUEST='20350')\"},\"ancestor\":{\"id\":\"requestItemsTable\",\"viewName\":\"etm.portal.ui.managerequests.view.Detail\"}}"}]}
RESULT: undefined
COMMAND: POST /session/cbab2cbbd32afdf19af3e6ba8111c1c3/element - {"using":"xpath","value":"//*[@id=\"__button39-__clone913-img\"]"}
RESULT: {"using":"xpath","value":"//*[@id=\"__button39-__clone913-img\"]"}
COMMAND: POST /session/cbab2cbbd32afdf19af3e6ba8111c1c3/element/f.4865000251A30E3BD1E5EDC5108DADF6.d.B9A6DF3BDC4BCF913042DE838A6783CE.e.11749/click - {}
RESULT: {}
COMMAND: POST /session/cbab2cbbd32afdf19af3e6ba8111c1c3/execute/async - {"script":"<script> [1562 bytes]","args":[{"selector":{"controlType":"sap.m.Button","viewName":"etm.portal.ui.managerequests.view.Detail","properties":{"text":"Close"},"searchOpenDialogs":true,"interaction":{"idSuffix":"BDI-content"}},"wdio_ui5_key":"etmportal.ui.managerequests.view.Detailsap.m.Button{\"text\":\"Close\"}"}]}
COMMAND: GET /session/cbab2cbbd32afdf19af3e6ba8111c1c3/screenshot - {}
RESULT: {"script":"<script> [1562 bytes]","args":[{"selector":{"controlType":"sap.m.Button","viewName":"etm.portal.ui.managerequests.view.Detail","properties":{"text":"Close"},"searchOpenDialogs":true,"interaction":{"idSuffix":"BDI-content"}},"wdio_ui5_key":"etmportal.ui.managerequests.view.Detailsap.m.Button{\"text\":\"Close\"}"}]}
RESULT: undefined
COMMAND: POST /session/cbab2cbbd32afdf19af3e6ba8111c1c3/element - {"using":"xpath","value":"//*[@id=\"__button49\"]"}
RESULT: {}
RESULT: {"using":"xpath","value":"//*[@id=\"__button49\"]"}
COMMAND: POST /session/cbab2cbbd32afdf19af3e6ba8111c1c3/element/f.4865000251A30E3BD1E5EDC5108DADF6.d.B9A6DF3BDC4BCF913042DE838A6783CE.e.11752/click - {}
RESULT: {}
COMMAND: POST /session/cbab2cbbd32afdf19af3e6ba8111c1c3/refresh - {}
COMMAND: GET /session/cbab2cbbd32afdf19af3e6ba8111c1c3/screenshot - {}
RESULT: {}
COMMAND: GET /session/cbab2cbbd32afdf19af3e6ba8111c1c3/screenshot - {}
RESULT: {}
RESULT: {}
COMMAND: POST /session/cbab2cbbd32afdf19af3e6ba8111c1c3/execute/async - {"script":"<script> [189 bytes]","args":[]}
RESULT: {"script":"<script> [189 bytes]","args":[]}
COMMAND: POST /session/cbab2cbbd32afdf19af3e6ba8111c1c3/execute/async - {"script":"<script> [123 bytes]","args":[]}
RESULT: {"script":"<script> [123 bytes]","args":[]}
COMMAND: POST /session/cbab2cbbd32afdf19af3e6ba8111c1c3/timeouts - {"script":"<number>"}
RESULT: {"script":"<number>"}
COMMAND: GET /session/cbab2cbbd32afdf19af3e6ba8111c1c3/timeouts - {}
RESULT: {}
RESULT: undefined
COMMAND: POST /session/cbab2cbbd32afdf19af3e6ba8111c1c3/execute/async - {"script":"<script> [2676 bytes]","args":[]}
RESULT: {"script":"<script> [2676 bytes]","args":[]}
COMMAND: POST /session/cbab2cbbd32afdf19af3e6ba8111c1c3/execute/async - {"script":"<script> [2342 bytes]","args":[{"protocol":"http","hostname":"0.0.0.0","path":"/","capabilities":{"browserName":"chrome","goog:chromeOptions":{"binary":"C:\\Program Files\\Google\\Chrome\\Application\\chrome.exe","args":["--start-maximized"]}},"logLevel":"warn","connectionRetryTimeout":120000,"connectionRetryCount":3,"logLevels":{},"enableDirectConnect":true,"strictSSL":true,"_":"65 more keys: [\"cacheDir\",\"port\",\"requestedCapabilities\",\"automationProtocol\",\"baseUrl\",\"waitforInterval\",\"waitforTimeout\",\"onReload\",\"beforeCommand\",\"afterCommand\",\"rootDir\",\"specs\",\"suites\",\"exclude\",\"groupLogsByTestSpec\",\"excludeDriverLogs\",\"bail\",\"framework\",\"reporters\",\"services\",\"maxInstances\",\"maxInstancesPerCapability\",\"injectGlobals\",\"filesToWatch\",\"execArgv\",\"runnerEnv\",\"runner\",\"shard\",\"specFileRetries\",\"specFileRetriesDelay\",\"specFileRetriesDeferred\",\"reporterSyncInterval\",\"reporterSyncTimeout\",\"cucumberFeaturesWithLineNumbers\",\"autoCompileOpts\",\"mochaOpts\",\"jasmineOpts\",\"cucumberOpts\",\"onPrepare\",\"onWorkerStart\",\"onWorkerEnd\",\"before\",\"beforeSession\",\"beforeSuite\",\"beforeHook\",\"beforeTest\",\"afterTest\",\"afterHook\",\"afterSuite\",\"afterSession\",\"after\",\"onComplete\",\"beforeAssertion\",\"afterAssertion\",\"beforeFeature\",\"beforeScenario\",\"beforeStep\",\"afterStep\",\"afterScenario\",\"afterFeature\",\"_\",\"suite\",\"$0\",\"ignoredWorkerServices\",\"wdi5\"]"}]}
RESULT: {"script":"<script> [2342 bytes]","args":[{"protocol":"http","hostname":"0.0.0.0","path":"/","capabilities":{"browserName":"chrome","goog:chromeOptions":{"binary":"C:\\Program Files\\Google\\Chrome\\Application\\chrome.exe","args":["--start-maximized"]}},"logLevel":"warn","connectionRetryTimeout":120000,"connectionRetryCount":3,"logLevels":{},"enableDirectConnect":true,"strictSSL":true,"_":"65 more keys: [\"cacheDir\",\"port\",\"requestedCapabilities\",\"automationProtocol\",\"baseUrl\",\"waitforInterval\",\"waitforTimeout\",\"onReload\",\"beforeCommand\",\"afterCommand\",\"rootDir\",\"specs\",\"suites\",\"exclude\",\"groupLogsByTestSpec\",\"excludeDriverLogs\",\"bail\",\"framework\",\"reporters\",\"services\",\"maxInstances\",\"maxInstancesPerCapability\",\"injectGlobals\",\"filesToWatch\",\"execArgv\",\"runnerEnv\",\"runner\",\"shard\",\"specFileRetries\",\"specFileRetriesDelay\",\"specFileRetriesDeferred\",\"reporterSyncInterval\",\"reporterSyncTimeout\",\"cucumberFeaturesWithLineNumbers\",\"autoCompileOpts\",\"mochaOpts\",\"jasmineOpts\",\"cucumberOpts\",\"onPrepare\",\"onWorkerStart\",\"onWorkerEnd\",\"before\",\"beforeSession\",\"beforeSuite\",\"beforeHook\",\"beforeTest\",\"afterTest\",\"afterHook\",\"afterSuite\",\"afterSession\",\"after\",\"onComplete\",\"beforeAssertion\",\"afterAssertion\",\"beforeFeature\",\"beforeScenario\",\"beforeStep\",\"afterStep\",\"afterScenario\",\"afterFeature\",\"_\",\"suite\",\"$0\",\"ignoredWorkerServices\",\"wdi5\"]"}]}
COMMAND: POST /session/cbab2cbbd32afdf19af3e6ba8111c1c3/execute/async - {"script":"<script> [21126 bytes]","args":[35000]}
RESULT: {"script":"<script> [21126 bytes]","args":[35000]}
]]></system-out>
    </testcase>
    <testcase classname="chrome.135_0_7049_96.windows.Process_request_items_into_new_quotation_US120163" name="Should process the request into a new quotation" time="52.858">
      <system-out><![CDATA[
COMMAND: GET /session/cbab2cbbd32afdf19af3e6ba8111c1c3/window - {}
RESULT: {}
COMMAND: POST /session/cbab2cbbd32afdf19af3e6ba8111c1c3/element - {"using":"xpath","value":"//span[contains(@id ,\"detailHeaderTitle-_actionsToolbar-overflowButton-img\")]"}
RESULT: {"using":"xpath","value":"//span[contains(@id ,\"detailHeaderTitle-_actionsToolbar-overflowButton-img\")]"}
COMMAND: POST /session/cbab2cbbd32afdf19af3e6ba8111c1c3/element/f.4865000251A30E3BD1E5EDC5108DADF6.d.E3B71349BBE589F28C07A8CA42A029F7.e.11972/click - {}
RESULT: {}
COMMAND: GET /session/cbab2cbbd32afdf19af3e6ba8111c1c3/screenshot - {}
RESULT: {}
COMMAND: POST /session/cbab2cbbd32afdf19af3e6ba8111c1c3/element - {"using":"xpath","value":"//span[contains(@id ,\"actionsMenuButton-internalSplitBtn-arrowButton-img\")]"}
RESULT: {"using":"xpath","value":"//span[contains(@id ,\"actionsMenuButton-internalSplitBtn-arrowButton-img\")]"}
COMMAND: POST /session/cbab2cbbd32afdf19af3e6ba8111c1c3/element/f.4865000251A30E3BD1E5EDC5108DADF6.d.E3B71349BBE589F28C07A8CA42A029F7.e.11975/click - {}
RESULT: {}
COMMAND: GET /session/cbab2cbbd32afdf19af3e6ba8111c1c3/screenshot - {}
RESULT: {}
COMMAND: POST /session/cbab2cbbd32afdf19af3e6ba8111c1c3/actions - {"actions":[{"id":"action87","type":"key","parameters":{},"actions":[{"type":"keyDown","value":"î€•"},{"type":"pause","duration":10},{"type":"keyUp","value":"î€•"}]}]}
RESULT: {"actions":[{"id":"action87","type":"key","parameters":{},"actions":[{"type":"keyDown","value":"î€•"},{"type":"pause","duration":10},{"type":"keyUp","value":"î€•"}]}]}
COMMAND: GET /session/cbab2cbbd32afdf19af3e6ba8111c1c3/screenshot - {}
RESULT: {}
COMMAND: POST /session/cbab2cbbd32afdf19af3e6ba8111c1c3/actions - {"actions":[{"id":"action88","type":"key","parameters":{},"actions":[{"type":"keyDown","value":"î€‡"},{"type":"pause","duration":10},{"type":"keyUp","value":"î€‡"}]}]}
RESULT: {"actions":[{"id":"action88","type":"key","parameters":{},"actions":[{"type":"keyDown","value":"î€‡"},{"type":"pause","duration":10},{"type":"keyUp","value":"î€‡"}]}]}
COMMAND: GET /session/cbab2cbbd32afdf19af3e6ba8111c1c3/screenshot - {}
RESULT: {}
COMMAND: POST /session/cbab2cbbd32afdf19af3e6ba8111c1c3/actions - {"actions":[{"id":"action89","type":"key","parameters":{},"actions":[{"type":"keyDown","value":"î€‡"},{"type":"pause","duration":10},{"type":"keyUp","value":"î€‡"}]}]}
RESULT: {"actions":[{"id":"action89","type":"key","parameters":{},"actions":[{"type":"keyDown","value":"î€‡"},{"type":"pause","duration":10},{"type":"keyUp","value":"î€‡"}]}]}
COMMAND: GET /session/cbab2cbbd32afdf19af3e6ba8111c1c3/screenshot - {}
RESULT: {}
COMMAND: POST /session/cbab2cbbd32afdf19af3e6ba8111c1c3/actions - {"actions":[{"id":"action90","type":"key","parameters":{},"actions":[{"type":"keyDown","value":"î€‡"},{"type":"pause","duration":10},{"type":"keyUp","value":"î€‡"}]}]}
RESULT: {"actions":[{"id":"action90","type":"key","parameters":{},"actions":[{"type":"keyDown","value":"î€‡"},{"type":"pause","duration":10},{"type":"keyUp","value":"î€‡"}]}]}
COMMAND: GET /session/cbab2cbbd32afdf19af3e6ba8111c1c3/screenshot - {}
RESULT: {}
COMMAND: POST /session/cbab2cbbd32afdf19af3e6ba8111c1c3/actions - {"actions":[{"id":"action91","type":"key","parameters":{},"actions":[{"type":"keyDown","value":"î€‡"},{"type":"pause","duration":10},{"type":"keyUp","value":"î€‡"}]}]}
RESULT: {"actions":[{"id":"action91","type":"key","parameters":{},"actions":[{"type":"keyDown","value":"î€‡"},{"type":"pause","duration":10},{"type":"keyUp","value":"î€‡"}]}]}
COMMAND: GET /session/cbab2cbbd32afdf19af3e6ba8111c1c3/screenshot - {}
RESULT: {}
COMMAND: GET /session/cbab2cbbd32afdf19af3e6ba8111c1c3/window/handles - {}
RESULT: {}
COMMAND: GET /session/cbab2cbbd32afdf19af3e6ba8111c1c3/window/handles - {}
RESULT: {}
COMMAND: POST /session/cbab2cbbd32afdf19af3e6ba8111c1c3/window - {"handle":"F5D0592489B8060CCA061900D408C0F7"}
RESULT: {"handle":"F5D0592489B8060CCA061900D408C0F7"}
COMMAND: GET /session/cbab2cbbd32afdf19af3e6ba8111c1c3/url - {}
RESULT: {}
COMMAND: GET /session/cbab2cbbd32afdf19af3e6ba8111c1c3/screenshot - {}
RESULT: {}
COMMAND: POST /session/cbab2cbbd32afdf19af3e6ba8111c1c3/element - {"using":"xpath","value":"//span[contains(text(), \"Header Billing Items\")]"}
RESULT: {"using":"xpath","value":"//span[contains(text(), \"Header Billing Items\")]"}
COMMAND: POST /session/cbab2cbbd32afdf19af3e6ba8111c1c3/element/f.F5D0592489B8060CCA061900D408C0F7.d.6DAEF48BB58FFE2AEC4646AF26E7320C.e.12215/click - {}
RESULT: {}
COMMAND: GET /session/cbab2cbbd32afdf19af3e6ba8111c1c3/screenshot - {}
RESULT: {}
COMMAND: POST /session/cbab2cbbd32afdf19af3e6ba8111c1c3/element - {"using":"xpath","value":"//span[contains(@id ,\"contractItemsSmartTable-header-inner\")]"}
RESULT: {"using":"xpath","value":"//span[contains(@id ,\"contractItemsSmartTable-header-inner\")]"}
COMMAND: GET /session/cbab2cbbd32afdf19af3e6ba8111c1c3/element/f.F5D0592489B8060CCA061900D408C0F7.d.6DAEF48BB58FFE2AEC4646AF26E7320C.e.12219/text - {}
RESULT: {}
COMMAND: POST /session/cbab2cbbd32afdf19af3e6ba8111c1c3/element - {"using":"xpath","value":"//span[@class=\"sapMObjStatusText\"][contains(text(), \"proposed\")]"}
RESULT: {"using":"xpath","value":"//span[@class=\"sapMObjStatusText\"][contains(text(), \"proposed\")]"}
COMMAND: GET /session/cbab2cbbd32afdf19af3e6ba8111c1c3/element/f.F5D0592489B8060CCA061900D408C0F7.d.6DAEF48BB58FFE2AEC4646AF26E7320C.e.12220/text - {}
RESULT: {}
COMMAND: DELETE /session/cbab2cbbd32afdf19af3e6ba8111c1c3/window - {}
RESULT: {}
COMMAND: POST /session/cbab2cbbd32afdf19af3e6ba8111c1c3/window - {"handle":"4865000251A30E3BD1E5EDC5108DADF6"}
RESULT: {"handle":"4865000251A30E3BD1E5EDC5108DADF6"}
COMMAND: GET /session/cbab2cbbd32afdf19af3e6ba8111c1c3/url - {}
RESULT: {}
COMMAND: GET /session/cbab2cbbd32afdf19af3e6ba8111c1c3/screenshot - {}
RESULT: {}
]]></system-out>
    </testcase>
    <testcase classname="chrome.135_0_7049_96.windows.Process_request_items_into_new_quotation_US120163" name="Should navigate back to the request and check the request and item statuses" time="24.514">
      <system-out><![CDATA[
COMMAND: POST /session/cbab2cbbd32afdf19af3e6ba8111c1c3/refresh - {}
RESULT: {}
COMMAND: GET /session/cbab2cbbd32afdf19af3e6ba8111c1c3/screenshot - {}
RESULT: {}
COMMAND: POST /session/cbab2cbbd32afdf19af3e6ba8111c1c3/execute/async - {"script":"<script> [189 bytes]","args":[]}
RESULT: {"script":"<script> [189 bytes]","args":[]}
COMMAND: POST /session/cbab2cbbd32afdf19af3e6ba8111c1c3/execute/async - {"script":"<script> [123 bytes]","args":[]}
RESULT: {"script":"<script> [123 bytes]","args":[]}
COMMAND: POST /session/cbab2cbbd32afdf19af3e6ba8111c1c3/timeouts - {"script":"<number>"}
RESULT: {"script":"<number>"}
COMMAND: GET /session/cbab2cbbd32afdf19af3e6ba8111c1c3/timeouts - {}
RESULT: {}
RESULT: undefined
COMMAND: POST /session/cbab2cbbd32afdf19af3e6ba8111c1c3/execute/async - {"script":"<script> [2676 bytes]","args":[]}
RESULT: {"script":"<script> [2676 bytes]","args":[]}
COMMAND: POST /session/cbab2cbbd32afdf19af3e6ba8111c1c3/execute/async - {"script":"<script> [2342 bytes]","args":[{"protocol":"http","hostname":"0.0.0.0","path":"/","capabilities":{"browserName":"chrome","goog:chromeOptions":{"binary":"C:\\Program Files\\Google\\Chrome\\Application\\chrome.exe","args":["--start-maximized"]}},"logLevel":"warn","connectionRetryTimeout":120000,"connectionRetryCount":3,"logLevels":{},"enableDirectConnect":true,"strictSSL":true,"_":"65 more keys: [\"cacheDir\",\"port\",\"requestedCapabilities\",\"automationProtocol\",\"baseUrl\",\"waitforInterval\",\"waitforTimeout\",\"onReload\",\"beforeCommand\",\"afterCommand\",\"rootDir\",\"specs\",\"suites\",\"exclude\",\"groupLogsByTestSpec\",\"excludeDriverLogs\",\"bail\",\"framework\",\"reporters\",\"services\",\"maxInstances\",\"maxInstancesPerCapability\",\"injectGlobals\",\"filesToWatch\",\"execArgv\",\"runnerEnv\",\"runner\",\"shard\",\"specFileRetries\",\"specFileRetriesDelay\",\"specFileRetriesDeferred\",\"reporterSyncInterval\",\"reporterSyncTimeout\",\"cucumberFeaturesWithLineNumbers\",\"autoCompileOpts\",\"mochaOpts\",\"jasmineOpts\",\"cucumberOpts\",\"onPrepare\",\"onWorkerStart\",\"onWorkerEnd\",\"before\",\"beforeSession\",\"beforeSuite\",\"beforeHook\",\"beforeTest\",\"afterTest\",\"afterHook\",\"afterSuite\",\"afterSession\",\"after\",\"onComplete\",\"beforeAssertion\",\"afterAssertion\",\"beforeFeature\",\"beforeScenario\",\"beforeStep\",\"afterStep\",\"afterScenario\",\"afterFeature\",\"_\",\"suite\",\"$0\",\"ignoredWorkerServices\",\"wdi5\"]"}]}
RESULT: {"script":"<script> [2342 bytes]","args":[{"protocol":"http","hostname":"0.0.0.0","path":"/","capabilities":{"browserName":"chrome","goog:chromeOptions":{"binary":"C:\\Program Files\\Google\\Chrome\\Application\\chrome.exe","args":["--start-maximized"]}},"logLevel":"warn","connectionRetryTimeout":120000,"connectionRetryCount":3,"logLevels":{},"enableDirectConnect":true,"strictSSL":true,"_":"65 more keys: [\"cacheDir\",\"port\",\"requestedCapabilities\",\"automationProtocol\",\"baseUrl\",\"waitforInterval\",\"waitforTimeout\",\"onReload\",\"beforeCommand\",\"afterCommand\",\"rootDir\",\"specs\",\"suites\",\"exclude\",\"groupLogsByTestSpec\",\"excludeDriverLogs\",\"bail\",\"framework\",\"reporters\",\"services\",\"maxInstances\",\"maxInstancesPerCapability\",\"injectGlobals\",\"filesToWatch\",\"execArgv\",\"runnerEnv\",\"runner\",\"shard\",\"specFileRetries\",\"specFileRetriesDelay\",\"specFileRetriesDeferred\",\"reporterSyncInterval\",\"reporterSyncTimeout\",\"cucumberFeaturesWithLineNumbers\",\"autoCompileOpts\",\"mochaOpts\",\"jasmineOpts\",\"cucumberOpts\",\"onPrepare\",\"onWorkerStart\",\"onWorkerEnd\",\"before\",\"beforeSession\",\"beforeSuite\",\"beforeHook\",\"beforeTest\",\"afterTest\",\"afterHook\",\"afterSuite\",\"afterSession\",\"after\",\"onComplete\",\"beforeAssertion\",\"afterAssertion\",\"beforeFeature\",\"beforeScenario\",\"beforeStep\",\"afterStep\",\"afterScenario\",\"afterFeature\",\"_\",\"suite\",\"$0\",\"ignoredWorkerServices\",\"wdi5\"]"}]}
COMMAND: POST /session/cbab2cbbd32afdf19af3e6ba8111c1c3/execute/async - {"script":"<script> [21126 bytes]","args":[35000]}
RESULT: {"script":"<script> [21126 bytes]","args":[35000]}
COMMAND: POST /session/cbab2cbbd32afdf19af3e6ba8111c1c3/execute/async - {"script":"<script> [1562 bytes]","args":[{"selector":{"controlType":"sap.m.Text","viewName":"etm.portal.ui.managerequests.view.Detail","bindingPath":{"path":"/SmartRequestItemsPlanningBoard(ITEM=10m,REQUEST='20350')","propertyPath":"STATUS_DESC"}},"wdio_ui5_key":"etmportal.ui.managerequests.view.Detailsap.m.Text{\"path\":\"/SmartRequestItemsPlanningBoard(ITEM=10m,REQUEST='20350')\",\"propertyPath\":\"STATUS_DESC\"}"}]}
RESULT: {"script":"<script> [1562 bytes]","args":[{"selector":{"controlType":"sap.m.Text","viewName":"etm.portal.ui.managerequests.view.Detail","bindingPath":{"path":"/SmartRequestItemsPlanningBoard(ITEM=10m,REQUEST='20350')","propertyPath":"STATUS_DESC"}},"wdio_ui5_key":"etmportal.ui.managerequests.view.Detailsap.m.Text{\"path\":\"/SmartRequestItemsPlanningBoard(ITEM=10m,REQUEST='20350')\",\"propertyPath\":\"STATUS_DESC\"}"}]}
RESULT: undefined
COMMAND: POST /session/cbab2cbbd32afdf19af3e6ba8111c1c3/execute/async - {"script":"<script> [6424 bytes]","args":[{"element-6066-11e4-a52e-4f735466cecf":"f.4865000251A30E3BD1E5EDC5108DADF6.d.4366352E621D6242C907C6C87116FB43.e.12437"},"getText",[]]}
RESULT: {"script":"<script> [6424 bytes]","args":[{"element-6066-11e4-a52e-4f735466cecf":"f.4865000251A30E3BD1E5EDC5108DADF6.d.4366352E621D6242C907C6C87116FB43.e.12437"},"getText",[]]}
COMMAND: POST /session/cbab2cbbd32afdf19af3e6ba8111c1c3/execute/async - {"script":"<script> [1562 bytes]","args":[{"selector":{"controlType":"sap.m.ObjectStatus","viewName":"etm.portal.ui.managerequests.view.Detail","bindingPath":{"path":"/RequestHeaders('20350')","propertyPath":"LINK_TO_STATUS/DESCRIPTION","modelName":"catalogModel"}},"wdio_ui5_key":"etmportal.ui.managerequests.view.Detailsap.m.ObjectStatus{\"path\":\"/RequestHeaders('20350')\",\"propertyPath\":\"LINK_TO_STATUS/DESCRIPTION\",\"modelName\":\"catalogModel\"}"}]}
RESULT: {"script":"<script> [1562 bytes]","args":[{"selector":{"controlType":"sap.m.ObjectStatus","viewName":"etm.portal.ui.managerequests.view.Detail","bindingPath":{"path":"/RequestHeaders('20350')","propertyPath":"LINK_TO_STATUS/DESCRIPTION","modelName":"catalogModel"}},"wdio_ui5_key":"etmportal.ui.managerequests.view.Detailsap.m.ObjectStatus{\"path\":\"/RequestHeaders('20350')\",\"propertyPath\":\"LINK_TO_STATUS/DESCRIPTION\",\"modelName\":\"catalogModel\"}"}]}
RESULT: undefined
COMMAND: POST /session/cbab2cbbd32afdf19af3e6ba8111c1c3/execute/async - {"script":"<script> [6424 bytes]","args":[{"element-6066-11e4-a52e-4f735466cecf":"f.4865000251A30E3BD1E5EDC5108DADF6.d.4366352E621D6242C907C6C87116FB43.e.12438"},"getText",[]]}
RESULT: {"script":"<script> [6424 bytes]","args":[{"element-6066-11e4-a52e-4f735466cecf":"f.4865000251A30E3BD1E5EDC5108DADF6.d.4366352E621D6242C907C6C87116FB43.e.12438"},"getText",[]]}
COMMAND: POST /session/cbab2cbbd32afdf19af3e6ba8111c1c3/element - {"using":"css selector","value":"#shell-header-logo"}
RESULT: {"using":"css selector","value":"#shell-header-logo"}
COMMAND: POST /session/cbab2cbbd32afdf19af3e6ba8111c1c3/element/f.4865000251A30E3BD1E5EDC5108DADF6.d.4366352E621D6242C907C6C87116FB43.e.12227/click - {}
RESULT: {}
COMMAND: GET /session/cbab2cbbd32afdf19af3e6ba8111c1c3/screenshot - {}
RESULT: {}
]]></system-out>
    </testcase>
  </testsuite>
  <testsuite timestamp="2025-05-05T06:11:36" time="395.611" tests="4" failures="0" errors="0" skipped="0">
    <properties>
      <property name="specId" value="0" />
      <property name="suiteName" value="Process request items into an existing quotation US120163" />
      <property name="capabilities" value="chrome.135_0_7049_96.windows" />
      <property name="file" value="file:///D:/a/1/s/test/specs/R2C/process-request-items-into-existing-quotation.spec.js" />
    </properties>
    <testcase classname="chrome.135_0_7049_96.windows.Process_request_items_into_an_existing_quotation_US120163" name="Should create a new quotation" time="80.626">
      <system-out><![CDATA[
COMMAND: POST /session/cbab2cbbd32afdf19af3e6ba8111c1c3/execute/async - {"script":"<script> [1562 bytes]","args":[{"selector":{"controlType":"sap.m.GenericTile","properties":{"header":"Manage Quotations"}},"wdio_ui5_key":"sapm.GenericTile{\"header\":\"Manage Quotations\"}"}]}
RESULT: {"script":"<script> [1562 bytes]","args":[{"selector":{"controlType":"sap.m.GenericTile","properties":{"header":"Manage Quotations"}},"wdio_ui5_key":"sapm.GenericTile{\"header\":\"Manage Quotations\"}"}]}
RESULT: undefined
COMMAND: POST /session/cbab2cbbd32afdf19af3e6ba8111c1c3/element - {"using":"xpath","value":"//*[@id=\"__tile130\"]"}
RESULT: {"using":"xpath","value":"//*[@id=\"__tile130\"]"}
COMMAND: POST /session/cbab2cbbd32afdf19af3e6ba8111c1c3/element/f.4865000251A30E3BD1E5EDC5108DADF6.d.4366352E621D6242C907C6C87116FB43.e.12453/click - {}
RESULT: {}
COMMAND: GET /session/cbab2cbbd32afdf19af3e6ba8111c1c3/screenshot - {}
RESULT: {}
COMMAND: POST /session/cbab2cbbd32afdf19af3e6ba8111c1c3/element - {"using":"xpath","value":"//button[contains(@title ,\"Add new contract\")]"}
RESULT: {"using":"xpath","value":"//button[contains(@title ,\"Add new contract\")]"}
COMMAND: POST /session/cbab2cbbd32afdf19af3e6ba8111c1c3/element/f.4865000251A30E3BD1E5EDC5108DADF6.d.4366352E621D6242C907C6C87116FB43.e.12492/click - {}
RESULT: {}
COMMAND: GET /session/cbab2cbbd32afdf19af3e6ba8111c1c3/screenshot - {}
RESULT: {}
COMMAND: POST /session/cbab2cbbd32afdf19af3e6ba8111c1c3/element - {"using":"xpath","value":"//input[contains(@id ,\"application-managequotations-display-component---AddNewContract--projectDescription-inner\")]"}
RESULT: {"using":"xpath","value":"//input[contains(@id ,\"application-managequotations-display-component---AddNewContract--projectDescription-inner\")]"}
COMMAND: POST /session/cbab2cbbd32afdf19af3e6ba8111c1c3/element/f.4865000251A30E3BD1E5EDC5108DADF6.d.4366352E621D6242C907C6C87116FB43.e.12762/value - {"text":"WdIOQuotationvngto"}
RESULT: {"text":"WdIOQuotationvngto"}
COMMAND: GET /session/cbab2cbbd32afdf19af3e6ba8111c1c3/screenshot - {}
RESULT: {}
COMMAND: POST /session/cbab2cbbd32afdf19af3e6ba8111c1c3/element - {"using":"xpath","value":"//input[contains(@id ,\"application-managequotations-display-component---AddNewContract--yardId-inner\")]"}
RESULT: {"using":"xpath","value":"//input[contains(@id ,\"application-managequotations-display-component---AddNewContract--yardId-inner\")]"}
COMMAND: POST /session/cbab2cbbd32afdf19af3e6ba8111c1c3/element/f.4865000251A30E3BD1E5EDC5108DADF6.d.4366352E621D6242C907C6C87116FB43.e.12765/value - {"text":"WebdriverYardgw1hi"}
RESULT: {"text":"WebdriverYardgw1hi"}
COMMAND: GET /session/cbab2cbbd32afdf19af3e6ba8111c1c3/screenshot - {}
RESULT: {}
COMMAND: POST /session/cbab2cbbd32afdf19af3e6ba8111c1c3/actions - {"actions":[{"id":"action92","type":"key","parameters":{},"actions":[{"type":"keyDown","value":"î€‡"},{"type":"pause","duration":10},{"type":"keyUp","value":"î€‡"}]}]}
RESULT: {"actions":[{"id":"action92","type":"key","parameters":{},"actions":[{"type":"keyDown","value":"î€‡"},{"type":"pause","duration":10},{"type":"keyUp","value":"î€‡"}]}]}
COMMAND: GET /session/cbab2cbbd32afdf19af3e6ba8111c1c3/screenshot - {}
RESULT: {}
COMMAND: POST /session/cbab2cbbd32afdf19af3e6ba8111c1c3/element - {"using":"xpath","value":"//input[contains(@id ,\"application-managequotations-display-component---AddNewContract--customerSelect-inner\")]"}
RESULT: {"using":"xpath","value":"//input[contains(@id ,\"application-managequotations-display-component---AddNewContract--customerSelect-inner\")]"}
COMMAND: POST /session/cbab2cbbd32afdf19af3e6ba8111c1c3/element/f.4865000251A30E3BD1E5EDC5108DADF6.d.4366352E621D6242C907C6C87116FB43.e.12763/value - {"text":"WebdriverPartnerlkand"}
RESULT: {"text":"WebdriverPartnerlkand"}
COMMAND: GET /session/cbab2cbbd32afdf19af3e6ba8111c1c3/screenshot - {}
RESULT: {}
COMMAND: POST /session/cbab2cbbd32afdf19af3e6ba8111c1c3/actions - {"actions":[{"id":"action93","type":"key","parameters":{},"actions":[{"type":"keyDown","value":"î€‡"},{"type":"pause","duration":10},{"type":"keyUp","value":"î€‡"}]}]}
RESULT: {"actions":[{"id":"action93","type":"key","parameters":{},"actions":[{"type":"keyDown","value":"î€‡"},{"type":"pause","duration":10},{"type":"keyUp","value":"î€‡"}]}]}
COMMAND: GET /session/cbab2cbbd32afdf19af3e6ba8111c1c3/screenshot - {}
RESULT: {}
COMMAND: POST /session/cbab2cbbd32afdf19af3e6ba8111c1c3/element - {"using":"xpath","value":"//input[contains(@id ,\"application-managequotations-display-component---AddNewContract--site-inner\")]"}
RESULT: {"using":"xpath","value":"//input[contains(@id ,\"application-managequotations-display-component---AddNewContract--site-inner\")]"}
COMMAND: POST /session/cbab2cbbd32afdf19af3e6ba8111c1c3/element/f.4865000251A30E3BD1E5EDC5108DADF6.d.4366352E621D6242C907C6C87116FB43.e.12764/value - {"text":"WebdriverSitemct53i"}
RESULT: {"text":"WebdriverSitemct53i"}
COMMAND: GET /session/cbab2cbbd32afdf19af3e6ba8111c1c3/screenshot - {}
RESULT: {}
COMMAND: POST /session/cbab2cbbd32afdf19af3e6ba8111c1c3/actions - {"actions":[{"id":"action94","type":"key","parameters":{},"actions":[{"type":"keyDown","value":"î€‡"},{"type":"pause","duration":10},{"type":"keyUp","value":"î€‡"}]}]}
RESULT: {"actions":[{"id":"action94","type":"key","parameters":{},"actions":[{"type":"keyDown","value":"î€‡"},{"type":"pause","duration":10},{"type":"keyUp","value":"î€‡"}]}]}
COMMAND: GET /session/cbab2cbbd32afdf19af3e6ba8111c1c3/screenshot - {}
RESULT: {}
COMMAND: POST /session/cbab2cbbd32afdf19af3e6ba8111c1c3/element - {"using":"xpath","value":"//bdi[contains(text(), \"Save\")]"}
RESULT: {"using":"xpath","value":"//bdi[contains(text(), \"Save\")]"}
COMMAND: POST /session/cbab2cbbd32afdf19af3e6ba8111c1c3/element/f.4865000251A30E3BD1E5EDC5108DADF6.d.4366352E621D6242C907C6C87116FB43.e.12795/click - {}
RESULT: {}
COMMAND: GET /session/cbab2cbbd32afdf19af3e6ba8111c1c3/screenshot - {}
RESULT: {}
COMMAND: POST /session/cbab2cbbd32afdf19af3e6ba8111c1c3/element - {"using":"css selector","value":"#shell-header-logo"}
RESULT: {"using":"css selector","value":"#shell-header-logo"}
COMMAND: POST /session/cbab2cbbd32afdf19af3e6ba8111c1c3/element/f.4865000251A30E3BD1E5EDC5108DADF6.d.4366352E621D6242C907C6C87116FB43.e.12455/click - {}
RESULT: {}
COMMAND: GET /session/cbab2cbbd32afdf19af3e6ba8111c1c3/screenshot - {}
RESULT: {}
COMMAND: POST /session/cbab2cbbd32afdf19af3e6ba8111c1c3/refresh - {}
RESULT: {}
COMMAND: GET /session/cbab2cbbd32afdf19af3e6ba8111c1c3/screenshot - {}
RESULT: {}
COMMAND: POST /session/cbab2cbbd32afdf19af3e6ba8111c1c3/execute/async - {"script":"<script> [189 bytes]","args":[]}
RESULT: {"script":"<script> [189 bytes]","args":[]}
COMMAND: POST /session/cbab2cbbd32afdf19af3e6ba8111c1c3/execute/async - {"script":"<script> [123 bytes]","args":[]}
RESULT: {"script":"<script> [123 bytes]","args":[]}
COMMAND: POST /session/cbab2cbbd32afdf19af3e6ba8111c1c3/timeouts - {"script":"<number>"}
RESULT: {"script":"<number>"}
COMMAND: GET /session/cbab2cbbd32afdf19af3e6ba8111c1c3/timeouts - {}
RESULT: {}
RESULT: undefined
COMMAND: POST /session/cbab2cbbd32afdf19af3e6ba8111c1c3/execute/async - {"script":"<script> [2676 bytes]","args":[]}
RESULT: {"script":"<script> [2676 bytes]","args":[]}
COMMAND: POST /session/cbab2cbbd32afdf19af3e6ba8111c1c3/execute/async - {"script":"<script> [2342 bytes]","args":[{"protocol":"http","hostname":"0.0.0.0","path":"/","capabilities":{"browserName":"chrome","goog:chromeOptions":{"binary":"C:\\Program Files\\Google\\Chrome\\Application\\chrome.exe","args":["--start-maximized"]}},"logLevel":"warn","connectionRetryTimeout":120000,"connectionRetryCount":3,"logLevels":{},"enableDirectConnect":true,"strictSSL":true,"_":"65 more keys: [\"cacheDir\",\"port\",\"requestedCapabilities\",\"automationProtocol\",\"baseUrl\",\"waitforInterval\",\"waitforTimeout\",\"onReload\",\"beforeCommand\",\"afterCommand\",\"rootDir\",\"specs\",\"suites\",\"exclude\",\"groupLogsByTestSpec\",\"excludeDriverLogs\",\"bail\",\"framework\",\"reporters\",\"services\",\"maxInstances\",\"maxInstancesPerCapability\",\"injectGlobals\",\"filesToWatch\",\"execArgv\",\"runnerEnv\",\"runner\",\"shard\",\"specFileRetries\",\"specFileRetriesDelay\",\"specFileRetriesDeferred\",\"reporterSyncInterval\",\"reporterSyncTimeout\",\"cucumberFeaturesWithLineNumbers\",\"autoCompileOpts\",\"mochaOpts\",\"jasmineOpts\",\"cucumberOpts\",\"onPrepare\",\"onWorkerStart\",\"onWorkerEnd\",\"before\",\"beforeSession\",\"beforeSuite\",\"beforeHook\",\"beforeTest\",\"afterTest\",\"afterHook\",\"afterSuite\",\"afterSession\",\"after\",\"onComplete\",\"beforeAssertion\",\"afterAssertion\",\"beforeFeature\",\"beforeScenario\",\"beforeStep\",\"afterStep\",\"afterScenario\",\"afterFeature\",\"_\",\"suite\",\"$0\",\"ignoredWorkerServices\",\"wdi5\"]"}]}
RESULT: {"script":"<script> [2342 bytes]","args":[{"protocol":"http","hostname":"0.0.0.0","path":"/","capabilities":{"browserName":"chrome","goog:chromeOptions":{"binary":"C:\\Program Files\\Google\\Chrome\\Application\\chrome.exe","args":["--start-maximized"]}},"logLevel":"warn","connectionRetryTimeout":120000,"connectionRetryCount":3,"logLevels":{},"enableDirectConnect":true,"strictSSL":true,"_":"65 more keys: [\"cacheDir\",\"port\",\"requestedCapabilities\",\"automationProtocol\",\"baseUrl\",\"waitforInterval\",\"waitforTimeout\",\"onReload\",\"beforeCommand\",\"afterCommand\",\"rootDir\",\"specs\",\"suites\",\"exclude\",\"groupLogsByTestSpec\",\"excludeDriverLogs\",\"bail\",\"framework\",\"reporters\",\"services\",\"maxInstances\",\"maxInstancesPerCapability\",\"injectGlobals\",\"filesToWatch\",\"execArgv\",\"runnerEnv\",\"runner\",\"shard\",\"specFileRetries\",\"specFileRetriesDelay\",\"specFileRetriesDeferred\",\"reporterSyncInterval\",\"reporterSyncTimeout\",\"cucumberFeaturesWithLineNumbers\",\"autoCompileOpts\",\"mochaOpts\",\"jasmineOpts\",\"cucumberOpts\",\"onPrepare\",\"onWorkerStart\",\"onWorkerEnd\",\"before\",\"beforeSession\",\"beforeSuite\",\"beforeHook\",\"beforeTest\",\"afterTest\",\"afterHook\",\"afterSuite\",\"afterSession\",\"after\",\"onComplete\",\"beforeAssertion\",\"afterAssertion\",\"beforeFeature\",\"beforeScenario\",\"beforeStep\",\"afterStep\",\"afterScenario\",\"afterFeature\",\"_\",\"suite\",\"$0\",\"ignoredWorkerServices\",\"wdi5\"]"}]}
COMMAND: POST /session/cbab2cbbd32afdf19af3e6ba8111c1c3/execute/async - {"script":"<script> [21126 bytes]","args":[35000]}
RESULT: {"script":"<script> [21126 bytes]","args":[35000]}
]]></system-out>
    </testcase>
    <testcase classname="chrome.135_0_7049_96.windows.Process_request_items_into_an_existing_quotation_US120163" name="Should create a new request with catalog items and plan it" time="216.846">
      <system-out><![CDATA[
COMMAND: POST /session/cbab2cbbd32afdf19af3e6ba8111c1c3/element - {"using":"xpath","value":"//*[contains(@href, 'etm.portal.ui.managerequests')]"}
RESULT: {"using":"xpath","value":"//*[contains(@href, 'etm.portal.ui.managerequests')]"}
COMMAND: POST /session/cbab2cbbd32afdf19af3e6ba8111c1c3/element/f.4865000251A30E3BD1E5EDC5108DADF6.d.78DD6E839BC02D219344C8B8C9524835.e.12881/click - {}
RESULT: {}
COMMAND: GET /session/cbab2cbbd32afdf19af3e6ba8111c1c3/screenshot - {}
RESULT: {}
COMMAND: POST /session/cbab2cbbd32afdf19af3e6ba8111c1c3/element - {"using":"xpath","value":"(//span[contains(@class ,\"sapMObjStatusText\")])[1]"}
RESULT: {"using":"xpath","value":"(//span[contains(@class ,\"sapMObjStatusText\")])[1]"}
COMMAND: POST /session/cbab2cbbd32afdf19af3e6ba8111c1c3/execute/sync - {"script":"<script> [8489 bytes]","args":[{"element-6066-11e4-a52e-4f735466cecf":"f.4865000251A30E3BD1E5EDC5108DADF6.d.78DD6E839BC02D219344C8B8C9524835.e.12982","ELEMENT":"f.4865000251A30E3BD1E5EDC5108DADF6.d.78DD6E839BC02D219344C8B8C9524835.e.12982"}]}
RESULT: {"script":"<script> [8489 bytes]","args":[{"element-6066-11e4-a52e-4f735466cecf":"f.4865000251A30E3BD1E5EDC5108DADF6.d.78DD6E839BC02D219344C8B8C9524835.e.12982","ELEMENT":"f.4865000251A30E3BD1E5EDC5108DADF6.d.78DD6E839BC02D219344C8B8C9524835.e.12982"}]}
COMMAND: POST /session/cbab2cbbd32afdf19af3e6ba8111c1c3/element - {"using":"xpath","value":"//button[contains(@data-kt ,\"btnCreateNewOverflowToolbarButton\")]"}
COMMAND: GET /session/cbab2cbbd32afdf19af3e6ba8111c1c3/screenshot - {}
RESULT: {"using":"xpath","value":"//button[contains(@data-kt ,\"btnCreateNewOverflowToolbarButton\")]"}
COMMAND: POST /session/cbab2cbbd32afdf19af3e6ba8111c1c3/element/f.4865000251A30E3BD1E5EDC5108DADF6.d.78DD6E839BC02D219344C8B8C9524835.e.12938/click - {}
RESULT: {}
RESULT: {}
COMMAND: GET /session/cbab2cbbd32afdf19af3e6ba8111c1c3/screenshot - {}
RESULT: {}
COMMAND: POST /session/cbab2cbbd32afdf19af3e6ba8111c1c3/element - {"using":"xpath","value":"//input[contains(@id ,\"yardId-inner\")]"}
RESULT: {"using":"xpath","value":"//input[contains(@id ,\"yardId-inner\")]"}
COMMAND: POST /session/cbab2cbbd32afdf19af3e6ba8111c1c3/execute/sync - {"script":"<script> [8489 bytes]","args":[{"element-6066-11e4-a52e-4f735466cecf":"f.4865000251A30E3BD1E5EDC5108DADF6.d.78DD6E839BC02D219344C8B8C9524835.e.13175","ELEMENT":"f.4865000251A30E3BD1E5EDC5108DADF6.d.78DD6E839BC02D219344C8B8C9524835.e.13175"}]}
RESULT: {"script":"<script> [8489 bytes]","args":[{"element-6066-11e4-a52e-4f735466cecf":"f.4865000251A30E3BD1E5EDC5108DADF6.d.78DD6E839BC02D219344C8B8C9524835.e.13175","ELEMENT":"f.4865000251A30E3BD1E5EDC5108DADF6.d.78DD6E839BC02D219344C8B8C9524835.e.13175"}]}
COMMAND: POST /session/cbab2cbbd32afdf19af3e6ba8111c1c3/element - {"using":"xpath","value":"//input[contains(@id ,\"yardId-inner\")]"}
COMMAND: GET /session/cbab2cbbd32afdf19af3e6ba8111c1c3/screenshot - {}
RESULT: {"using":"xpath","value":"//input[contains(@id ,\"yardId-inner\")]"}
COMMAND: GET /session/cbab2cbbd32afdf19af3e6ba8111c1c3/element/f.4865000251A30E3BD1E5EDC5108DADF6.d.78DD6E839BC02D219344C8B8C9524835.e.13175/enabled - {}
RESULT: {}
RESULT: {}
COMMAND: POST /session/cbab2cbbd32afdf19af3e6ba8111c1c3/element/f.4865000251A30E3BD1E5EDC5108DADF6.d.78DD6E839BC02D219344C8B8C9524835.e.13175/clear - {}
COMMAND: GET /session/cbab2cbbd32afdf19af3e6ba8111c1c3/screenshot - {}
RESULT: {}
COMMAND: POST /session/cbab2cbbd32afdf19af3e6ba8111c1c3/element/f.4865000251A30E3BD1E5EDC5108DADF6.d.78DD6E839BC02D219344C8B8C9524835.e.13175/value - {"text":"WebdriverYardgw1hi"}
COMMAND: GET /session/cbab2cbbd32afdf19af3e6ba8111c1c3/screenshot - {}
RESULT: {}
RESULT: {"text":"WebdriverYardgw1hi"}
COMMAND: GET /session/cbab2cbbd32afdf19af3e6ba8111c1c3/screenshot - {}
RESULT: {}
RESULT: {}
COMMAND: POST /session/cbab2cbbd32afdf19af3e6ba8111c1c3/actions - {"actions":[{"id":"action95","type":"key","parameters":{},"actions":[{"type":"keyDown","value":"î€‡"},{"type":"pause","duration":10},{"type":"keyUp","value":"î€‡"}]}]}
RESULT: {"actions":[{"id":"action95","type":"key","parameters":{},"actions":[{"type":"keyDown","value":"î€‡"},{"type":"pause","duration":10},{"type":"keyUp","value":"î€‡"}]}]}
COMMAND: GET /session/cbab2cbbd32afdf19af3e6ba8111c1c3/screenshot - {}
RESULT: {}
COMMAND: POST /session/cbab2cbbd32afdf19af3e6ba8111c1c3/element - {"using":"xpath","value":"//input[contains(@id ,\"customerNumber-inner\")]"}
RESULT: {"using":"xpath","value":"//input[contains(@id ,\"customerNumber-inner\")]"}
COMMAND: POST /session/cbab2cbbd32afdf19af3e6ba8111c1c3/element/f.4865000251A30E3BD1E5EDC5108DADF6.d.78DD6E839BC02D219344C8B8C9524835.e.13169/value - {"text":"WebdriverPartnerlkand"}
RESULT: {"text":"WebdriverPartnerlkand"}
COMMAND: GET /session/cbab2cbbd32afdf19af3e6ba8111c1c3/screenshot - {}
RESULT: {}
COMMAND: POST /session/cbab2cbbd32afdf19af3e6ba8111c1c3/actions - {"actions":[{"id":"action96","type":"key","parameters":{},"actions":[{"type":"keyDown","value":"î€‡"},{"type":"pause","duration":10},{"type":"keyUp","value":"î€‡"}]}]}
RESULT: {"actions":[{"id":"action96","type":"key","parameters":{},"actions":[{"type":"keyDown","value":"î€‡"},{"type":"pause","duration":10},{"type":"keyUp","value":"î€‡"}]}]}
COMMAND: GET /session/cbab2cbbd32afdf19af3e6ba8111c1c3/screenshot - {}
RESULT: {}
COMMAND: GET /session/cbab2cbbd32afdf19af3e6ba8111c1c3/element/f.4865000251A30E3BD1E5EDC5108DADF6.d.78DD6E839BC02D219344C8B8C9524835.e.13169/property/value - {}
RESULT: {}
COMMAND: POST /session/cbab2cbbd32afdf19af3e6ba8111c1c3/element/f.4865000251A30E3BD1E5EDC5108DADF6.d.78DD6E839BC02D219344C8B8C9524835.e.13169/value - {"text":"WebdriverPartnerlkand"}
COMMAND: GET /session/cbab2cbbd32afdf19af3e6ba8111c1c3/screenshot - {}
RESULT: {"text":"WebdriverPartnerlkand"}
COMMAND: GET /session/cbab2cbbd32afdf19af3e6ba8111c1c3/screenshot - {}
RESULT: {}
RESULT: {}
COMMAND: POST /session/cbab2cbbd32afdf19af3e6ba8111c1c3/actions - {"actions":[{"id":"action97","type":"key","parameters":{},"actions":[{"type":"keyDown","value":"î€‡"},{"type":"pause","duration":10},{"type":"keyUp","value":"î€‡"}]}]}
RESULT: {"actions":[{"id":"action97","type":"key","parameters":{},"actions":[{"type":"keyDown","value":"î€‡"},{"type":"pause","duration":10},{"type":"keyUp","value":"î€‡"}]}]}
COMMAND: GET /session/cbab2cbbd32afdf19af3e6ba8111c1c3/screenshot - {}
RESULT: {}
COMMAND: POST /session/cbab2cbbd32afdf19af3e6ba8111c1c3/element - {"using":"xpath","value":"//input[contains(@id ,\"requestSiteId-inner\")]"}
RESULT: {"using":"xpath","value":"//input[contains(@id ,\"requestSiteId-inner\")]"}
COMMAND: POST /session/cbab2cbbd32afdf19af3e6ba8111c1c3/element/f.4865000251A30E3BD1E5EDC5108DADF6.d.78DD6E839BC02D219344C8B8C9524835.e.13168/value - {"text":"WebdriverSitemct53i"}
RESULT: {"text":"WebdriverSitemct53i"}
COMMAND: GET /session/cbab2cbbd32afdf19af3e6ba8111c1c3/screenshot - {}
RESULT: {}
COMMAND: POST /session/cbab2cbbd32afdf19af3e6ba8111c1c3/actions - {"actions":[{"id":"action98","type":"key","parameters":{},"actions":[{"type":"keyDown","value":"î€‡"},{"type":"pause","duration":10},{"type":"keyUp","value":"î€‡"}]}]}
RESULT: {"actions":[{"id":"action98","type":"key","parameters":{},"actions":[{"type":"keyDown","value":"î€‡"},{"type":"pause","duration":10},{"type":"keyUp","value":"î€‡"}]}]}
COMMAND: GET /session/cbab2cbbd32afdf19af3e6ba8111c1c3/screenshot - {}
RESULT: {}
COMMAND: POST /session/cbab2cbbd32afdf19af3e6ba8111c1c3/element - {"using":"xpath","value":"//button[contains(@data-kt ,\"requestItemAddOverflowToolbarButton\")]"}
RESULT: {"using":"xpath","value":"//button[contains(@data-kt ,\"requestItemAddOverflowToolbarButton\")]"}
COMMAND: POST /session/cbab2cbbd32afdf19af3e6ba8111c1c3/element/f.4865000251A30E3BD1E5EDC5108DADF6.d.78DD6E839BC02D219344C8B8C9524835.e.13147/click - {}
RESULT: {}
COMMAND: GET /session/cbab2cbbd32afdf19af3e6ba8111c1c3/screenshot - {}
RESULT: {}
COMMAND: POST /session/cbab2cbbd32afdf19af3e6ba8111c1c3/actions - {"actions":[{"id":"action99","type":"key","parameters":{},"actions":[{"type":"keyDown","value":"î€•"},{"type":"pause","duration":10},{"type":"keyUp","value":"î€•"}]}]}
RESULT: {"actions":[{"id":"action99","type":"key","parameters":{},"actions":[{"type":"keyDown","value":"î€•"},{"type":"pause","duration":10},{"type":"keyUp","value":"î€•"}]}]}
COMMAND: POST /session/cbab2cbbd32afdf19af3e6ba8111c1c3/actions - {"actions":[{"id":"action100","type":"key","parameters":{},"actions":[{"type":"keyDown","value":"î€‡"},{"type":"pause","duration":10},{"type":"keyUp","value":"î€‡"}]}]}
COMMAND: GET /session/cbab2cbbd32afdf19af3e6ba8111c1c3/screenshot - {}
RESULT: {"actions":[{"id":"action100","type":"key","parameters":{},"actions":[{"type":"keyDown","value":"î€‡"},{"type":"pause","duration":10},{"type":"keyUp","value":"î€‡"}]}]}
COMMAND: GET /session/cbab2cbbd32afdf19af3e6ba8111c1c3/screenshot - {}
RESULT: {}
RESULT: {}
COMMAND: POST /session/cbab2cbbd32afdf19af3e6ba8111c1c3/element - {"using":"xpath","value":"(//input[contains(@id ,\"requestItemsTable-0-inner\")])[1]"}
RESULT: {"using":"xpath","value":"(//input[contains(@id ,\"requestItemsTable-0-inner\")])[1]"}
COMMAND: POST /session/cbab2cbbd32afdf19af3e6ba8111c1c3/element/f.4865000251A30E3BD1E5EDC5108DADF6.d.78DD6E839BC02D219344C8B8C9524835.e.13334/clear - {}
RESULT: {}
COMMAND: POST /session/cbab2cbbd32afdf19af3e6ba8111c1c3/element/f.4865000251A30E3BD1E5EDC5108DADF6.d.78DD6E839BC02D219344C8B8C9524835.e.13334/value - {"text":"catalogItem3qehi"}
COMMAND: GET /session/cbab2cbbd32afdf19af3e6ba8111c1c3/screenshot - {}
RESULT: {"text":"catalogItem3qehi"}
COMMAND: GET /session/cbab2cbbd32afdf19af3e6ba8111c1c3/screenshot - {}
RESULT: {}
RESULT: {}
COMMAND: POST /session/cbab2cbbd32afdf19af3e6ba8111c1c3/actions - {"actions":[{"id":"action101","type":"key","parameters":{},"actions":[{"type":"keyDown","value":"î€‡"},{"type":"pause","duration":10},{"type":"keyUp","value":"î€‡"}]}]}
RESULT: {"actions":[{"id":"action101","type":"key","parameters":{},"actions":[{"type":"keyDown","value":"î€‡"},{"type":"pause","duration":10},{"type":"keyUp","value":"î€‡"}]}]}
COMMAND: GET /session/cbab2cbbd32afdf19af3e6ba8111c1c3/screenshot - {}
RESULT: {}
COMMAND: POST /session/cbab2cbbd32afdf19af3e6ba8111c1c3/execute/async - {"script":"<script> [1562 bytes]","args":[{"selector":{"controlType":"sap.ui.core.Icon","viewName":"etm.portal.ui.managerequests.view.NewRequest","properties":{"src":{"regex":{"source":"slim\\-arrow\\-down"}}},"ancestor":{"controlType":"sap.m.Button","viewName":"etm.portal.ui.managerequests.view.NewRequest","properties":{"icon":"sap-icon://slim-arrow-down"}}},"wdio_ui5_key":"etmportal.ui.managerequests.view.NewRequestsap.ui.core.Icon{\"src\":{\"regex\":{\"source\":\"slim\\\\-arrow\\\\-down\"}}}{\"controlType\":\"sap.m.Button\",\"viewName\":\"etm.portal.ui.managerequests.view.NewRequest\",\"properties\":{\"icon\":\"sap-icon://slim-arrow-down\"}}"}]}
RESULT: {"script":"<script> [1562 bytes]","args":[{"selector":{"controlType":"sap.ui.core.Icon","viewName":"etm.portal.ui.managerequests.view.NewRequest","properties":{"src":{"regex":{"source":"slim\\-arrow\\-down"}}},"ancestor":{"controlType":"sap.m.Button","viewName":"etm.portal.ui.managerequests.view.NewRequest","properties":{"icon":"sap-icon://slim-arrow-down"}}},"wdio_ui5_key":"etmportal.ui.managerequests.view.NewRequestsap.ui.core.Icon{\"src\":{\"regex\":{\"source\":\"slim\\\\-arrow\\\\-down\"}}}{\"controlType\":\"sap.m.Button\",\"viewName\":\"etm.portal.ui.managerequests.view.NewRequest\",\"properties\":{\"icon\":\"sap-icon://slim-arrow-down\"}}"}]}
RESULT: undefined
COMMAND: POST /session/cbab2cbbd32afdf19af3e6ba8111c1c3/element - {"using":"xpath","value":"//div[contains(@data-kt ,\"splitAllocationObjectStatus\")]"}
RESULT: {"using":"xpath","value":"//div[contains(@data-kt ,\"splitAllocationObjectStatus\")]"}
COMMAND: POST /session/cbab2cbbd32afdf19af3e6ba8111c1c3/elements - {"using":"xpath","value":"//div[contains(@data-kt ,\"splitAllocationObjectStatus\")]"}
RESULT: {"using":"xpath","value":"//div[contains(@data-kt ,\"splitAllocationObjectStatus\")]"}
COMMAND: POST /session/cbab2cbbd32afdf19af3e6ba8111c1c3/execute/async - {"script":"<script> [1562 bytes]","args":[{"selector":{"controlType":"sap.ui.core.Icon","viewName":"etm.portal.ui.managerequests.view.NewRequest","properties":{"src":{"regex":{"source":"message\\-error"}}}},"wdio_ui5_key":"etmportal.ui.managerequests.view.NewRequestsap.ui.core.Icon{\"src\":{\"regex\":{\"source\":\"message\\\\-error\"}}}"}]}
RESULT: {"script":"<script> [1562 bytes]","args":[{"selector":{"controlType":"sap.ui.core.Icon","viewName":"etm.portal.ui.managerequests.view.NewRequest","properties":{"src":{"regex":{"source":"message\\-error"}}}},"wdio_ui5_key":"etmportal.ui.managerequests.view.NewRequestsap.ui.core.Icon{\"src\":{\"regex\":{\"source\":\"message\\\\-error\"}}}"}]}
RESULT: undefined
COMMAND: POST /session/cbab2cbbd32afdf19af3e6ba8111c1c3/element - {"using":"xpath","value":"//*[@id=\"__status4-__xmlview59--requestItemsTable-0-icon\"]"}
RESULT: {"using":"xpath","value":"//*[@id=\"__status4-__xmlview59--requestItemsTable-0-icon\"]"}
COMMAND: POST /session/cbab2cbbd32afdf19af3e6ba8111c1c3/element/f.4865000251A30E3BD1E5EDC5108DADF6.d.78DD6E839BC02D219344C8B8C9524835.e.13349/click - {}
RESULT: {}
COMMAND: POST /session/cbab2cbbd32afdf19af3e6ba8111c1c3/execute/async - {"script":"<script> [1562 bytes]","args":[{"selector":{"controlType":"sap.ui.core.Icon","viewName":"etm.portal.ui.managerequests.view.NewRequest","properties":{"src":{"regex":{"source":"slim\\-arrow\\-down"}}},"searchOpenDialogs":true,"ancestor":{"id":"costObjectAdminTypeComboBox","viewName":"etm.portal.ui.managerequests.view.NewRequest","searchOpenDialogs":true}},"wdio_ui5_key":"etmportal.ui.managerequests.view.NewRequestsap.ui.core.Icon{\"src\":{\"regex\":{\"source\":\"slim\\\\-arrow\\\\-down\"}}}{\"id\":\"costObjectAdminTypeComboBox\",\"viewName\":\"etm.portal.ui.managerequests.view.NewRequest\",\"searchOpenDialogs\":true}"}]}
COMMAND: GET /session/cbab2cbbd32afdf19af3e6ba8111c1c3/screenshot - {}
RESULT: {"script":"<script> [1562 bytes]","args":[{"selector":{"controlType":"sap.ui.core.Icon","viewName":"etm.portal.ui.managerequests.view.NewRequest","properties":{"src":{"regex":{"source":"slim\\-arrow\\-down"}}},"searchOpenDialogs":true,"ancestor":{"id":"costObjectAdminTypeComboBox","viewName":"etm.portal.ui.managerequests.view.NewRequest","searchOpenDialogs":true}},"wdio_ui5_key":"etmportal.ui.managerequests.view.NewRequestsap.ui.core.Icon{\"src\":{\"regex\":{\"source\":\"slim\\\\-arrow\\\\-down\"}}}{\"id\":\"costObjectAdminTypeComboBox\",\"viewName\":\"etm.portal.ui.managerequests.view.NewRequest\",\"searchOpenDialogs\":true}"}]}
RESULT: undefined
COMMAND: POST /session/cbab2cbbd32afdf19af3e6ba8111c1c3/element - {"using":"xpath","value":"//*[@id=\"__xmlview59--costObjectAdminTypeComboBox-arrow\"]"}
RESULT: {}
RESULT: {"using":"xpath","value":"//*[@id=\"__xmlview59--costObjectAdminTypeComboBox-arrow\"]"}
COMMAND: POST /session/cbab2cbbd32afdf19af3e6ba8111c1c3/element/f.4865000251A30E3BD1E5EDC5108DADF6.d.78DD6E839BC02D219344C8B8C9524835.e.13354/click - {}
RESULT: {}
COMMAND: POST /session/cbab2cbbd32afdf19af3e6ba8111c1c3/execute/async - {"script":"<script> [1562 bytes]","args":[{"selector":{"controlType":"sap.m.StandardListItem","viewName":"etm.portal.ui.managerequests.view.NewRequest","properties":{"title":"Cost Center"},"searchOpenDialogs":true,"interaction":{"idSuffix":"titleText"}},"wdio_ui5_key":"etmportal.ui.managerequests.view.NewRequestsap.m.StandardListItem{\"title\":\"Cost Center\"}"}]}
COMMAND: GET /session/cbab2cbbd32afdf19af3e6ba8111c1c3/screenshot - {}
RESULT: {"script":"<script> [1562 bytes]","args":[{"selector":{"controlType":"sap.m.StandardListItem","viewName":"etm.portal.ui.managerequests.view.NewRequest","properties":{"title":"Cost Center"},"searchOpenDialogs":true,"interaction":{"idSuffix":"titleText"}},"wdio_ui5_key":"etmportal.ui.managerequests.view.NewRequestsap.m.StandardListItem{\"title\":\"Cost Center\"}"}]}
RESULT: undefined
COMMAND: POST /session/cbab2cbbd32afdf19af3e6ba8111c1c3/element - {"using":"xpath","value":"//*[@id=\"__item745\"]"}
RESULT: {}
RESULT: {"using":"xpath","value":"//*[@id=\"__item745\"]"}
COMMAND: POST /session/cbab2cbbd32afdf19af3e6ba8111c1c3/element/f.4865000251A30E3BD1E5EDC5108DADF6.d.78DD6E839BC02D219344C8B8C9524835.e.13356/click - {}
RESULT: {}
COMMAND: GET /session/cbab2cbbd32afdf19af3e6ba8111c1c3/screenshot - {}
RESULT: {}
COMMAND: POST /session/cbab2cbbd32afdf19af3e6ba8111c1c3/execute/async - {"script":"<script> [1562 bytes]","args":[{"selector":{"controlType":"sap.ui.core.Icon","viewName":"etm.portal.ui.managerequests.view.NewRequest","properties":{"src":{"regex":{"source":"value\\-help"}}},"searchOpenDialogs":true},"wdio_ui5_key":"etmportal.ui.managerequests.view.NewRequestsap.ui.core.Icon{\"src\":{\"regex\":{\"source\":\"value\\\\-help\"}}}"}]}
RESULT: {"script":"<script> [1562 bytes]","args":[{"selector":{"controlType":"sap.ui.core.Icon","viewName":"etm.portal.ui.managerequests.view.NewRequest","properties":{"src":{"regex":{"source":"value\\-help"}}},"searchOpenDialogs":true},"wdio_ui5_key":"etmportal.ui.managerequests.view.NewRequestsap.ui.core.Icon{\"src\":{\"regex\":{\"source\":\"value\\\\-help\"}}}"}]}
RESULT: undefined
COMMAND: POST /session/cbab2cbbd32afdf19af3e6ba8111c1c3/element - {"using":"xpath","value":"//*[@id=\"__xmlview59--costObjectIdComboBox-vhi\"]"}
RESULT: {"using":"xpath","value":"//*[@id=\"__xmlview59--costObjectIdComboBox-vhi\"]"}
COMMAND: POST /session/cbab2cbbd32afdf19af3e6ba8111c1c3/element/f.4865000251A30E3BD1E5EDC5108DADF6.d.78DD6E839BC02D219344C8B8C9524835.e.13364/click - {}
RESULT: {}
COMMAND: POST /session/cbab2cbbd32afdf19af3e6ba8111c1c3/execute/async - {"script":"<script> [1562 bytes]","args":[{"selector":{"controlType":"sap.m.SearchField","properties":{"placeholder":"Search"},"searchOpenDialogs":true,"interaction":{"idSuffix":"I"}},"wdio_ui5_key":"sapm.SearchField{\"placeholder\":\"Search\"}"}]}
COMMAND: GET /session/cbab2cbbd32afdf19af3e6ba8111c1c3/screenshot - {}
RESULT: {"script":"<script> [1562 bytes]","args":[{"selector":{"controlType":"sap.m.SearchField","properties":{"placeholder":"Search"},"searchOpenDialogs":true,"interaction":{"idSuffix":"I"}},"wdio_ui5_key":"sapm.SearchField{\"placeholder\":\"Search\"}"}]}
RESULT: undefined
COMMAND: POST /session/cbab2cbbd32afdf19af3e6ba8111c1c3/execute/async - {"script":"<script> [776 bytes]","args":[{"enterText":"10001010","selector":{"controlType":"sap.m.SearchField","properties":{"placeholder":"Search"},"searchOpenDialogs":true,"interaction":{"idSuffix":"I"}},"clearTextFirst":true,"interactionType":"ENTER_TEXT"}]}
RESULT: {}
RESULT: {"script":"<script> [776 bytes]","args":[{"enterText":"10001010","selector":{"controlType":"sap.m.SearchField","properties":{"placeholder":"Search"},"searchOpenDialogs":true,"interaction":{"idSuffix":"I"}},"clearTextFirst":true,"interactionType":"ENTER_TEXT"}]}
COMMAND: POST /session/cbab2cbbd32afdf19af3e6ba8111c1c3/actions - {"actions":[{"id":"action102","type":"key","parameters":{},"actions":[{"type":"keyDown","value":"î€‡"},{"type":"pause","duration":10},{"type":"keyUp","value":"î€‡"}]}]}
RESULT: {"actions":[{"id":"action102","type":"key","parameters":{},"actions":[{"type":"keyDown","value":"î€‡"},{"type":"pause","duration":10},{"type":"keyUp","value":"î€‡"}]}]}
COMMAND: GET /session/cbab2cbbd32afdf19af3e6ba8111c1c3/screenshot - {}
RESULT: {}
COMMAND: POST /session/cbab2cbbd32afdf19af3e6ba8111c1c3/execute/async - {"script":"<script> [1562 bytes]","args":[{"selector":{"controlType":"sap.m.Text","bindingPath":{"path":"/C_CostCtrValueHelp(CostCenter='10001010',ControllingArea='Z001')","propertyPath":"CostCenterName","modelName":"CostCenterModel"},"searchOpenDialogs":true},"wdio_ui5_key":"sapm.Text{\"path\":\"/C_CostCtrValueHelp(CostCenter='10001010',ControllingArea='Z001')\",\"propertyPath\":\"CostCenterName\",\"modelName\":\"CostCenterModel\"}"}]}
RESULT: {"script":"<script> [1562 bytes]","args":[{"selector":{"controlType":"sap.m.Text","bindingPath":{"path":"/C_CostCtrValueHelp(CostCenter='10001010',ControllingArea='Z001')","propertyPath":"CostCenterName","modelName":"CostCenterModel"},"searchOpenDialogs":true},"wdio_ui5_key":"sapm.Text{\"path\":\"/C_CostCtrValueHelp(CostCenter='10001010',ControllingArea='Z001')\",\"propertyPath\":\"CostCenterName\",\"modelName\":\"CostCenterModel\"}"}]}
RESULT: undefined
COMMAND: POST /session/cbab2cbbd32afdf19af3e6ba8111c1c3/element - {"using":"xpath","value":"//*[@id=\"__text291-__clone884\"]"}
RESULT: {"using":"xpath","value":"//*[@id=\"__text291-__clone884\"]"}
COMMAND: POST /session/cbab2cbbd32afdf19af3e6ba8111c1c3/element/f.4865000251A30E3BD1E5EDC5108DADF6.d.78DD6E839BC02D219344C8B8C9524835.e.13404/click - {}
RESULT: {}
COMMAND: POST /session/cbab2cbbd32afdf19af3e6ba8111c1c3/execute/async - {"script":"<script> [1562 bytes]","args":[{"selector":{"controlType":"sap.m.Button","properties":{"text":"OK"},"searchOpenDialogs":true,"interaction":{"idSuffix":"BDI-content"}},"wdio_ui5_key":"sapm.Button{\"text\":\"OK\"}"}]}
COMMAND: GET /session/cbab2cbbd32afdf19af3e6ba8111c1c3/screenshot - {}
RESULT: {"script":"<script> [1562 bytes]","args":[{"selector":{"controlType":"sap.m.Button","properties":{"text":"OK"},"searchOpenDialogs":true,"interaction":{"idSuffix":"BDI-content"}},"wdio_ui5_key":"sapm.Button{\"text\":\"OK\"}"}]}
RESULT: undefined
COMMAND: POST /session/cbab2cbbd32afdf19af3e6ba8111c1c3/element - {"using":"xpath","value":"//*[@id=\"__dialog1-ok\"]"}
RESULT: {}
RESULT: {"using":"xpath","value":"//*[@id=\"__dialog1-ok\"]"}
COMMAND: POST /session/cbab2cbbd32afdf19af3e6ba8111c1c3/element/f.4865000251A30E3BD1E5EDC5108DADF6.d.78DD6E839BC02D219344C8B8C9524835.e.13406/click - {}
RESULT: {}
COMMAND: GET /session/cbab2cbbd32afdf19af3e6ba8111c1c3/screenshot - {}
RESULT: {}
COMMAND: POST /session/cbab2cbbd32afdf19af3e6ba8111c1c3/execute/async - {"script":"<script> [1562 bytes]","args":[{"selector":{"controlType":"sap.m.Button","viewName":"etm.portal.ui.managerequests.view.NewRequest","i18NText":{"propertyName":"text","key":"save"},"searchOpenDialogs":true,"interaction":{"idSuffix":"BDI-content"}},"wdio_ui5_key":"etmportal.ui.managerequests.view.NewRequestsap.m.Button{\"propertyName\":\"text\",\"key\":\"save\"}"}]}
RESULT: {"script":"<script> [1562 bytes]","args":[{"selector":{"controlType":"sap.m.Button","viewName":"etm.portal.ui.managerequests.view.NewRequest","i18NText":{"propertyName":"text","key":"save"},"searchOpenDialogs":true,"interaction":{"idSuffix":"BDI-content"}},"wdio_ui5_key":"etmportal.ui.managerequests.view.NewRequestsap.m.Button{\"propertyName\":\"text\",\"key\":\"save\"}"}]}
RESULT: undefined
COMMAND: POST /session/cbab2cbbd32afdf19af3e6ba8111c1c3/element - {"using":"xpath","value":"//*[@id=\"__button24\"]"}
RESULT: {"using":"xpath","value":"//*[@id=\"__button24\"]"}
COMMAND: POST /session/cbab2cbbd32afdf19af3e6ba8111c1c3/element/f.4865000251A30E3BD1E5EDC5108DADF6.d.78DD6E839BC02D219344C8B8C9524835.e.13410/click - {}
RESULT: {}
COMMAND: GET /session/cbab2cbbd32afdf19af3e6ba8111c1c3/screenshot - {}
RESULT: {}
COMMAND: POST /session/cbab2cbbd32afdf19af3e6ba8111c1c3/element - {"using":"xpath","value":"(//bdi[contains(text() ,\"Save\")])[1]"}
RESULT: {"using":"xpath","value":"(//bdi[contains(text() ,\"Save\")])[1]"}
COMMAND: POST /session/cbab2cbbd32afdf19af3e6ba8111c1c3/element/f.4865000251A30E3BD1E5EDC5108DADF6.d.78DD6E839BC02D219344C8B8C9524835.e.13412/click - {}
RESULT: {}
COMMAND: GET /session/cbab2cbbd32afdf19af3e6ba8111c1c3/screenshot - {}
RESULT: {}
COMMAND: POST /session/cbab2cbbd32afdf19af3e6ba8111c1c3/execute/async - {"script":"<script> [1562 bytes]","args":[{"selector":{"controlType":"sap.m.Title","properties":{"text":"Success"},"searchOpenDialogs":true},"wdio_ui5_key":"sapm.Title{\"text\":\"Success\"}"}]}
RESULT: {"script":"<script> [1562 bytes]","args":[{"selector":{"controlType":"sap.m.Title","properties":{"text":"Success"},"searchOpenDialogs":true},"wdio_ui5_key":"sapm.Title{\"text\":\"Success\"}"}]}
RESULT: undefined
COMMAND: POST /session/cbab2cbbd32afdf19af3e6ba8111c1c3/execute/async - {"script":"<script> [6424 bytes]","args":[{"element-6066-11e4-a52e-4f735466cecf":"f.4865000251A30E3BD1E5EDC5108DADF6.d.78DD6E839BC02D219344C8B8C9524835.e.13416"},"getText",[]]}
RESULT: {"script":"<script> [6424 bytes]","args":[{"element-6066-11e4-a52e-4f735466cecf":"f.4865000251A30E3BD1E5EDC5108DADF6.d.78DD6E839BC02D219344C8B8C9524835.e.13416"},"getText",[]]}
COMMAND: POST /session/cbab2cbbd32afdf19af3e6ba8111c1c3/execute/async - {"script":"<script> [1562 bytes]","args":[{"selector":{"controlType":"sap.m.Button","properties":{"text":"Close"},"searchOpenDialogs":true,"interaction":{"idSuffix":"BDI-content"}},"wdio_ui5_key":"sapm.Button{\"text\":\"Close\"}"}]}
RESULT: {"script":"<script> [1562 bytes]","args":[{"selector":{"controlType":"sap.m.Button","properties":{"text":"Close"},"searchOpenDialogs":true,"interaction":{"idSuffix":"BDI-content"}},"wdio_ui5_key":"sapm.Button{\"text\":\"Close\"}"}]}
RESULT: undefined
COMMAND: POST /session/cbab2cbbd32afdf19af3e6ba8111c1c3/element - {"using":"xpath","value":"//*[@id=\"__mbox-btn-0\"]"}
RESULT: {"using":"xpath","value":"//*[@id=\"__mbox-btn-0\"]"}
COMMAND: POST /session/cbab2cbbd32afdf19af3e6ba8111c1c3/element/f.4865000251A30E3BD1E5EDC5108DADF6.d.78DD6E839BC02D219344C8B8C9524835.e.13414/click - {}
RESULT: {}
COMMAND: GET /session/cbab2cbbd32afdf19af3e6ba8111c1c3/screenshot - {}
RESULT: {}
COMMAND: POST /session/cbab2cbbd32afdf19af3e6ba8111c1c3/execute/async - {"script":"<script> [1562 bytes]","args":[{"selector":{"controlType":"sap.m.Text","viewName":"etm.portal.ui.managerequests.view.Detail","bindingPath":{"propertyPath":"NO","modelName":"catalogModel"}},"wdio_ui5_key":"etmportal.ui.managerequests.view.Detailsap.m.Text{\"propertyPath\":\"NO\",\"modelName\":\"catalogModel\"}"}]}
RESULT: {"script":"<script> [1562 bytes]","args":[{"selector":{"controlType":"sap.m.Text","viewName":"etm.portal.ui.managerequests.view.Detail","bindingPath":{"propertyPath":"NO","modelName":"catalogModel"}},"wdio_ui5_key":"etmportal.ui.managerequests.view.Detailsap.m.Text{\"propertyPath\":\"NO\",\"modelName\":\"catalogModel\"}"}]}
RESULT: undefined
COMMAND: POST /session/cbab2cbbd32afdf19af3e6ba8111c1c3/execute/async - {"script":"<script> [6424 bytes]","args":[{"element-6066-11e4-a52e-4f735466cecf":"f.4865000251A30E3BD1E5EDC5108DADF6.d.78DD6E839BC02D219344C8B8C9524835.e.13539"},"getText",[]]}
RESULT: {"script":"<script> [6424 bytes]","args":[{"element-6066-11e4-a52e-4f735466cecf":"f.4865000251A30E3BD1E5EDC5108DADF6.d.78DD6E839BC02D219344C8B8C9524835.e.13539"},"getText",[]]}
COMMAND: POST /session/cbab2cbbd32afdf19af3e6ba8111c1c3/execute/async - {"script":"<script> [1562 bytes]","args":[{"selector":{"controlType":"sap.ui.core.Icon","viewName":"etm.portal.ui.managerequests.view.Detail","properties":{"src":{"regex":{"source":"date\\-time"}}},"ancestor":{"controlType":"sap.m.ColumnListItem","viewName":"etm.portal.ui.managerequests.view.Detail","bindingPath":{"path":"/SmartRequestItemsPlanningBoard(ITEM=10m,REQUEST='20351')"},"ancestor":{"id":"requestItemsTable","viewName":"etm.portal.ui.managerequests.view.Detail"}}},"wdio_ui5_key":"etmportal.ui.managerequests.view.Detailsap.ui.core.Icon{\"src\":{\"regex\":{\"source\":\"date\\\\-time\"}}}{\"controlType\":\"sap.m.ColumnListItem\",\"viewName\":\"etm.portal.ui.managerequests.view.Detail\",\"bindingPath\":{\"path\":\"/SmartRequestItemsPlanningBoard(ITEM=10m,REQUEST='20351')\"},\"ancestor\":{\"id\":\"requestItemsTable\",\"viewName\":\"etm.portal.ui.managerequests.view.Detail\"}}"}]}
RESULT: {"script":"<script> [1562 bytes]","args":[{"selector":{"controlType":"sap.ui.core.Icon","viewName":"etm.portal.ui.managerequests.view.Detail","properties":{"src":{"regex":{"source":"date\\-time"}}},"ancestor":{"controlType":"sap.m.ColumnListItem","viewName":"etm.portal.ui.managerequests.view.Detail","bindingPath":{"path":"/SmartRequestItemsPlanningBoard(ITEM=10m,REQUEST='20351')"},"ancestor":{"id":"requestItemsTable","viewName":"etm.portal.ui.managerequests.view.Detail"}}},"wdio_ui5_key":"etmportal.ui.managerequests.view.Detailsap.ui.core.Icon{\"src\":{\"regex\":{\"source\":\"date\\\\-time\"}}}{\"controlType\":\"sap.m.ColumnListItem\",\"viewName\":\"etm.portal.ui.managerequests.view.Detail\",\"bindingPath\":{\"path\":\"/SmartRequestItemsPlanningBoard(ITEM=10m,REQUEST='20351')\"},\"ancestor\":{\"id\":\"requestItemsTable\",\"viewName\":\"etm.portal.ui.managerequests.view.Detail\"}}"}]}
RESULT: undefined
COMMAND: POST /session/cbab2cbbd32afdf19af3e6ba8111c1c3/element - {"using":"xpath","value":"//*[@id=\"__button39-__clone923-img\"]"}
RESULT: {"using":"xpath","value":"//*[@id=\"__button39-__clone923-img\"]"}
COMMAND: POST /session/cbab2cbbd32afdf19af3e6ba8111c1c3/element/f.4865000251A30E3BD1E5EDC5108DADF6.d.78DD6E839BC02D219344C8B8C9524835.e.13540/click - {}
RESULT: {}
COMMAND: POST /session/cbab2cbbd32afdf19af3e6ba8111c1c3/execute/async - {"script":"<script> [1562 bytes]","args":[{"selector":{"controlType":"sap.m.Button","viewName":"etm.portal.ui.managerequests.view.Detail","properties":{"text":"Close"},"searchOpenDialogs":true,"interaction":{"idSuffix":"BDI-content"}},"wdio_ui5_key":"etmportal.ui.managerequests.view.Detailsap.m.Button{\"text\":\"Close\"}"}]}
COMMAND: GET /session/cbab2cbbd32afdf19af3e6ba8111c1c3/screenshot - {}
RESULT: {"script":"<script> [1562 bytes]","args":[{"selector":{"controlType":"sap.m.Button","viewName":"etm.portal.ui.managerequests.view.Detail","properties":{"text":"Close"},"searchOpenDialogs":true,"interaction":{"idSuffix":"BDI-content"}},"wdio_ui5_key":"etmportal.ui.managerequests.view.Detailsap.m.Button{\"text\":\"Close\"}"}]}
RESULT: undefined
COMMAND: POST /session/cbab2cbbd32afdf19af3e6ba8111c1c3/element - {"using":"xpath","value":"//*[@id=\"__button49\"]"}
RESULT: {}
RESULT: {"using":"xpath","value":"//*[@id=\"__button49\"]"}
COMMAND: POST /session/cbab2cbbd32afdf19af3e6ba8111c1c3/element/f.4865000251A30E3BD1E5EDC5108DADF6.d.78DD6E839BC02D219344C8B8C9524835.e.13543/click - {}
RESULT: {}
COMMAND: GET /session/cbab2cbbd32afdf19af3e6ba8111c1c3/screenshot - {}
RESULT: {}
COMMAND: POST /session/cbab2cbbd32afdf19af3e6ba8111c1c3/refresh - {}
RESULT: {}
COMMAND: GET /session/cbab2cbbd32afdf19af3e6ba8111c1c3/screenshot - {}
RESULT: {}
COMMAND: POST /session/cbab2cbbd32afdf19af3e6ba8111c1c3/execute/async - {"script":"<script> [189 bytes]","args":[]}
RESULT: {"script":"<script> [189 bytes]","args":[]}
COMMAND: POST /session/cbab2cbbd32afdf19af3e6ba8111c1c3/execute/async - {"script":"<script> [123 bytes]","args":[]}
RESULT: {"script":"<script> [123 bytes]","args":[]}
COMMAND: POST /session/cbab2cbbd32afdf19af3e6ba8111c1c3/timeouts - {"script":"<number>"}
RESULT: {"script":"<number>"}
COMMAND: GET /session/cbab2cbbd32afdf19af3e6ba8111c1c3/timeouts - {}
RESULT: {}
RESULT: undefined
COMMAND: POST /session/cbab2cbbd32afdf19af3e6ba8111c1c3/execute/async - {"script":"<script> [2676 bytes]","args":[]}
RESULT: {"script":"<script> [2676 bytes]","args":[]}
COMMAND: POST /session/cbab2cbbd32afdf19af3e6ba8111c1c3/execute/async - {"script":"<script> [2342 bytes]","args":[{"protocol":"http","hostname":"0.0.0.0","path":"/","capabilities":{"browserName":"chrome","goog:chromeOptions":{"binary":"C:\\Program Files\\Google\\Chrome\\Application\\chrome.exe","args":["--start-maximized"]}},"logLevel":"warn","connectionRetryTimeout":120000,"connectionRetryCount":3,"logLevels":{},"enableDirectConnect":true,"strictSSL":true,"_":"65 more keys: [\"cacheDir\",\"port\",\"requestedCapabilities\",\"automationProtocol\",\"baseUrl\",\"waitforInterval\",\"waitforTimeout\",\"onReload\",\"beforeCommand\",\"afterCommand\",\"rootDir\",\"specs\",\"suites\",\"exclude\",\"groupLogsByTestSpec\",\"excludeDriverLogs\",\"bail\",\"framework\",\"reporters\",\"services\",\"maxInstances\",\"maxInstancesPerCapability\",\"injectGlobals\",\"filesToWatch\",\"execArgv\",\"runnerEnv\",\"runner\",\"shard\",\"specFileRetries\",\"specFileRetriesDelay\",\"specFileRetriesDeferred\",\"reporterSyncInterval\",\"reporterSyncTimeout\",\"cucumberFeaturesWithLineNumbers\",\"autoCompileOpts\",\"mochaOpts\",\"jasmineOpts\",\"cucumberOpts\",\"onPrepare\",\"onWorkerStart\",\"onWorkerEnd\",\"before\",\"beforeSession\",\"beforeSuite\",\"beforeHook\",\"beforeTest\",\"afterTest\",\"afterHook\",\"afterSuite\",\"afterSession\",\"after\",\"onComplete\",\"beforeAssertion\",\"afterAssertion\",\"beforeFeature\",\"beforeScenario\",\"beforeStep\",\"afterStep\",\"afterScenario\",\"afterFeature\",\"_\",\"suite\",\"$0\",\"ignoredWorkerServices\",\"wdi5\"]"}]}
RESULT: {"script":"<script> [2342 bytes]","args":[{"protocol":"http","hostname":"0.0.0.0","path":"/","capabilities":{"browserName":"chrome","goog:chromeOptions":{"binary":"C:\\Program Files\\Google\\Chrome\\Application\\chrome.exe","args":["--start-maximized"]}},"logLevel":"warn","connectionRetryTimeout":120000,"connectionRetryCount":3,"logLevels":{},"enableDirectConnect":true,"strictSSL":true,"_":"65 more keys: [\"cacheDir\",\"port\",\"requestedCapabilities\",\"automationProtocol\",\"baseUrl\",\"waitforInterval\",\"waitforTimeout\",\"onReload\",\"beforeCommand\",\"afterCommand\",\"rootDir\",\"specs\",\"suites\",\"exclude\",\"groupLogsByTestSpec\",\"excludeDriverLogs\",\"bail\",\"framework\",\"reporters\",\"services\",\"maxInstances\",\"maxInstancesPerCapability\",\"injectGlobals\",\"filesToWatch\",\"execArgv\",\"runnerEnv\",\"runner\",\"shard\",\"specFileRetries\",\"specFileRetriesDelay\",\"specFileRetriesDeferred\",\"reporterSyncInterval\",\"reporterSyncTimeout\",\"cucumberFeaturesWithLineNumbers\",\"autoCompileOpts\",\"mochaOpts\",\"jasmineOpts\",\"cucumberOpts\",\"onPrepare\",\"onWorkerStart\",\"onWorkerEnd\",\"before\",\"beforeSession\",\"beforeSuite\",\"beforeHook\",\"beforeTest\",\"afterTest\",\"afterHook\",\"afterSuite\",\"afterSession\",\"after\",\"onComplete\",\"beforeAssertion\",\"afterAssertion\",\"beforeFeature\",\"beforeScenario\",\"beforeStep\",\"afterStep\",\"afterScenario\",\"afterFeature\",\"_\",\"suite\",\"$0\",\"ignoredWorkerServices\",\"wdi5\"]"}]}
COMMAND: POST /session/cbab2cbbd32afdf19af3e6ba8111c1c3/execute/async - {"script":"<script> [21126 bytes]","args":[35000]}
RESULT: {"script":"<script> [21126 bytes]","args":[35000]}
]]></system-out>
    </testcase>
    <testcase classname="chrome.135_0_7049_96.windows.Process_request_items_into_an_existing_quotation_US120163" name="Should process the request into an existing quotation" time="64.95">
      <system-out><![CDATA[
COMMAND: GET /session/cbab2cbbd32afdf19af3e6ba8111c1c3/window - {}
RESULT: {}
COMMAND: POST /session/cbab2cbbd32afdf19af3e6ba8111c1c3/element - {"using":"xpath","value":"//span[contains(@id ,\"detailHeaderTitle-_actionsToolbar-overflowButton-img\")]"}
RESULT: {"using":"xpath","value":"//span[contains(@id ,\"detailHeaderTitle-_actionsToolbar-overflowButton-img\")]"}
COMMAND: POST /session/cbab2cbbd32afdf19af3e6ba8111c1c3/element/f.4865000251A30E3BD1E5EDC5108DADF6.d.4BAA86190DDC60EBE36F4AD9398E8608.e.13676/click - {}
RESULT: {}
COMMAND: GET /session/cbab2cbbd32afdf19af3e6ba8111c1c3/screenshot - {}
RESULT: {}
COMMAND: POST /session/cbab2cbbd32afdf19af3e6ba8111c1c3/element - {"using":"xpath","value":"//span[contains(@id ,\"actionsMenuButton-internalSplitBtn-arrowButton-img\")]"}
RESULT: {"using":"xpath","value":"//span[contains(@id ,\"actionsMenuButton-internalSplitBtn-arrowButton-img\")]"}
COMMAND: POST /session/cbab2cbbd32afdf19af3e6ba8111c1c3/element/f.4865000251A30E3BD1E5EDC5108DADF6.d.4BAA86190DDC60EBE36F4AD9398E8608.e.13679/click - {}
RESULT: {}
COMMAND: GET /session/cbab2cbbd32afdf19af3e6ba8111c1c3/screenshot - {}
RESULT: {}
COMMAND: POST /session/cbab2cbbd32afdf19af3e6ba8111c1c3/actions - {"actions":[{"id":"action103","type":"key","parameters":{},"actions":[{"type":"keyDown","value":"î€•"},{"type":"pause","duration":10},{"type":"keyUp","value":"î€•"}]}]}
RESULT: {"actions":[{"id":"action103","type":"key","parameters":{},"actions":[{"type":"keyDown","value":"î€•"},{"type":"pause","duration":10},{"type":"keyUp","value":"î€•"}]}]}
COMMAND: GET /session/cbab2cbbd32afdf19af3e6ba8111c1c3/screenshot - {}
RESULT: {}
COMMAND: POST /session/cbab2cbbd32afdf19af3e6ba8111c1c3/actions - {"actions":[{"id":"action104","type":"key","parameters":{},"actions":[{"type":"keyDown","value":"î€‡"},{"type":"pause","duration":10},{"type":"keyUp","value":"î€‡"}]}]}
RESULT: {"actions":[{"id":"action104","type":"key","parameters":{},"actions":[{"type":"keyDown","value":"î€‡"},{"type":"pause","duration":10},{"type":"keyUp","value":"î€‡"}]}]}
COMMAND: GET /session/cbab2cbbd32afdf19af3e6ba8111c1c3/screenshot - {}
RESULT: {}
COMMAND: POST /session/cbab2cbbd32afdf19af3e6ba8111c1c3/actions - {"actions":[{"id":"action105","type":"key","parameters":{},"actions":[{"type":"keyDown","value":"î€•"},{"type":"pause","duration":10},{"type":"keyUp","value":"î€•"}]}]}
RESULT: {"actions":[{"id":"action105","type":"key","parameters":{},"actions":[{"type":"keyDown","value":"î€•"},{"type":"pause","duration":10},{"type":"keyUp","value":"î€•"}]}]}
COMMAND: GET /session/cbab2cbbd32afdf19af3e6ba8111c1c3/screenshot - {}
RESULT: {}
COMMAND: POST /session/cbab2cbbd32afdf19af3e6ba8111c1c3/actions - {"actions":[{"id":"action106","type":"key","parameters":{},"actions":[{"type":"keyDown","value":"î€‡"},{"type":"pause","duration":10},{"type":"keyUp","value":"î€‡"}]}]}
RESULT: {"actions":[{"id":"action106","type":"key","parameters":{},"actions":[{"type":"keyDown","value":"î€‡"},{"type":"pause","duration":10},{"type":"keyUp","value":"î€‡"}]}]}
COMMAND: GET /session/cbab2cbbd32afdf19af3e6ba8111c1c3/screenshot - {}
RESULT: {}
COMMAND: POST /session/cbab2cbbd32afdf19af3e6ba8111c1c3/element - {"using":"xpath","value":"//input[contains(@id ,\"quotationsSearchField-I\")]"}
RESULT: {"using":"xpath","value":"//input[contains(@id ,\"quotationsSearchField-I\")]"}
COMMAND: POST /session/cbab2cbbd32afdf19af3e6ba8111c1c3/element/f.4865000251A30E3BD1E5EDC5108DADF6.d.4BAA86190DDC60EBE36F4AD9398E8608.e.13682/clear - {}
RESULT: {}
COMMAND: POST /session/cbab2cbbd32afdf19af3e6ba8111c1c3/element/f.4865000251A30E3BD1E5EDC5108DADF6.d.4BAA86190DDC60EBE36F4AD9398E8608.e.13682/value - {"text":"WdIOQuotationvngto"}
COMMAND: GET /session/cbab2cbbd32afdf19af3e6ba8111c1c3/screenshot - {}
RESULT: {"text":"WdIOQuotationvngto"}
COMMAND: GET /session/cbab2cbbd32afdf19af3e6ba8111c1c3/screenshot - {}
RESULT: {}
RESULT: {}
COMMAND: POST /session/cbab2cbbd32afdf19af3e6ba8111c1c3/actions - {"actions":[{"id":"action107","type":"key","parameters":{},"actions":[{"type":"keyDown","value":"î€‡"},{"type":"pause","duration":10},{"type":"keyUp","value":"î€‡"}]}]}
RESULT: {"actions":[{"id":"action107","type":"key","parameters":{},"actions":[{"type":"keyDown","value":"î€‡"},{"type":"pause","duration":10},{"type":"keyUp","value":"î€‡"}]}]}
COMMAND: GET /session/cbab2cbbd32afdf19af3e6ba8111c1c3/screenshot - {}
RESULT: {}
COMMAND: POST /session/cbab2cbbd32afdf19af3e6ba8111c1c3/element - {"using":"xpath","value":"//div[contains(@id ,\"selectSingle\")]"}
RESULT: {"using":"xpath","value":"//div[contains(@id ,\"selectSingle\")]"}
COMMAND: POST /session/cbab2cbbd32afdf19af3e6ba8111c1c3/element/f.4865000251A30E3BD1E5EDC5108DADF6.d.4BAA86190DDC60EBE36F4AD9398E8608.e.13687/click - {}
RESULT: {}
COMMAND: GET /session/cbab2cbbd32afdf19af3e6ba8111c1c3/screenshot - {}
RESULT: {}
COMMAND: POST /session/cbab2cbbd32afdf19af3e6ba8111c1c3/element - {"using":"xpath","value":"//bdi[contains(text() ,\"Selection Done\")]"}
RESULT: {"using":"xpath","value":"//bdi[contains(text() ,\"Selection Done\")]"}
COMMAND: POST /session/cbab2cbbd32afdf19af3e6ba8111c1c3/element/f.4865000251A30E3BD1E5EDC5108DADF6.d.4BAA86190DDC60EBE36F4AD9398E8608.e.13694/click - {}
RESULT: {}
COMMAND: GET /session/cbab2cbbd32afdf19af3e6ba8111c1c3/screenshot - {}
RESULT: {}
COMMAND: POST /session/cbab2cbbd32afdf19af3e6ba8111c1c3/actions - {"actions":[{"id":"action108","type":"key","parameters":{},"actions":[{"type":"keyDown","value":"î€‡"},{"type":"pause","duration":10},{"type":"keyUp","value":"î€‡"}]}]}
RESULT: {"actions":[{"id":"action108","type":"key","parameters":{},"actions":[{"type":"keyDown","value":"î€‡"},{"type":"pause","duration":10},{"type":"keyUp","value":"î€‡"}]}]}
COMMAND: GET /session/cbab2cbbd32afdf19af3e6ba8111c1c3/screenshot - {}
RESULT: {}
COMMAND: POST /session/cbab2cbbd32afdf19af3e6ba8111c1c3/actions - {"actions":[{"id":"action109","type":"key","parameters":{},"actions":[{"type":"keyDown","value":"î€‡"},{"type":"pause","duration":10},{"type":"keyUp","value":"î€‡"}]}]}
RESULT: {"actions":[{"id":"action109","type":"key","parameters":{},"actions":[{"type":"keyDown","value":"î€‡"},{"type":"pause","duration":10},{"type":"keyUp","value":"î€‡"}]}]}
COMMAND: GET /session/cbab2cbbd32afdf19af3e6ba8111c1c3/screenshot - {}
RESULT: {}
COMMAND: GET /session/cbab2cbbd32afdf19af3e6ba8111c1c3/window/handles - {}
RESULT: {}
COMMAND: GET /session/cbab2cbbd32afdf19af3e6ba8111c1c3/window/handles - {}
RESULT: {}
COMMAND: POST /session/cbab2cbbd32afdf19af3e6ba8111c1c3/window - {"handle":"1D1B4AD92444074A38EBCD90DBCDE4C2"}
RESULT: {"handle":"1D1B4AD92444074A38EBCD90DBCDE4C2"}
COMMAND: GET /session/cbab2cbbd32afdf19af3e6ba8111c1c3/url - {}
RESULT: {}
COMMAND: GET /session/cbab2cbbd32afdf19af3e6ba8111c1c3/screenshot - {}
RESULT: {}
COMMAND: POST /session/cbab2cbbd32afdf19af3e6ba8111c1c3/element - {"using":"xpath","value":"//span[contains(text(), \"Header Billing Items\")]"}
RESULT: {"using":"xpath","value":"//span[contains(text(), \"Header Billing Items\")]"}
COMMAND: POST /session/cbab2cbbd32afdf19af3e6ba8111c1c3/element/f.1D1B4AD92444074A38EBCD90DBCDE4C2.d.D10D9AC7C58AA0DBFC27793FD03E8C6D.e.13935/click - {}
RESULT: {}
COMMAND: GET /session/cbab2cbbd32afdf19af3e6ba8111c1c3/screenshot - {}
RESULT: {}
COMMAND: POST /session/cbab2cbbd32afdf19af3e6ba8111c1c3/element - {"using":"xpath","value":"//span[contains(@id ,\"contractItemsSmartTable-header-inner\")]"}
RESULT: {"using":"xpath","value":"//span[contains(@id ,\"contractItemsSmartTable-header-inner\")]"}
COMMAND: GET /session/cbab2cbbd32afdf19af3e6ba8111c1c3/element/f.1D1B4AD92444074A38EBCD90DBCDE4C2.d.D10D9AC7C58AA0DBFC27793FD03E8C6D.e.13939/text - {}
RESULT: {}
COMMAND: POST /session/cbab2cbbd32afdf19af3e6ba8111c1c3/element - {"using":"xpath","value":"//span[@class=\"sapMObjStatusText\"][contains(text(), \"proposed\")]"}
RESULT: {"using":"xpath","value":"//span[@class=\"sapMObjStatusText\"][contains(text(), \"proposed\")]"}
COMMAND: GET /session/cbab2cbbd32afdf19af3e6ba8111c1c3/element/f.1D1B4AD92444074A38EBCD90DBCDE4C2.d.D10D9AC7C58AA0DBFC27793FD03E8C6D.e.13940/text - {}
RESULT: {}
COMMAND: DELETE /session/cbab2cbbd32afdf19af3e6ba8111c1c3/window - {}
RESULT: {}
COMMAND: POST /session/cbab2cbbd32afdf19af3e6ba8111c1c3/window - {"handle":"4865000251A30E3BD1E5EDC5108DADF6"}
RESULT: {"handle":"4865000251A30E3BD1E5EDC5108DADF6"}
COMMAND: GET /session/cbab2cbbd32afdf19af3e6ba8111c1c3/url - {}
RESULT: {}
COMMAND: GET /session/cbab2cbbd32afdf19af3e6ba8111c1c3/screenshot - {}
RESULT: {}
]]></system-out>
    </testcase>
    <testcase classname="chrome.135_0_7049_96.windows.Process_request_items_into_an_existing_quotation_US120163" name="Should navigate back to the request and check the request and item statuses" time="29.931">
      <system-out><![CDATA[
COMMAND: POST /session/cbab2cbbd32afdf19af3e6ba8111c1c3/refresh - {}
RESULT: {}
COMMAND: GET /session/cbab2cbbd32afdf19af3e6ba8111c1c3/screenshot - {}
RESULT: {}
COMMAND: POST /session/cbab2cbbd32afdf19af3e6ba8111c1c3/execute/async - {"script":"<script> [189 bytes]","args":[]}
RESULT: {"script":"<script> [189 bytes]","args":[]}
COMMAND: POST /session/cbab2cbbd32afdf19af3e6ba8111c1c3/execute/async - {"script":"<script> [123 bytes]","args":[]}
RESULT: {"script":"<script> [123 bytes]","args":[]}
COMMAND: POST /session/cbab2cbbd32afdf19af3e6ba8111c1c3/timeouts - {"script":"<number>"}
RESULT: {"script":"<number>"}
COMMAND: GET /session/cbab2cbbd32afdf19af3e6ba8111c1c3/timeouts - {}
RESULT: {}
RESULT: undefined
COMMAND: POST /session/cbab2cbbd32afdf19af3e6ba8111c1c3/execute/async - {"script":"<script> [2676 bytes]","args":[]}
RESULT: {"script":"<script> [2676 bytes]","args":[]}
COMMAND: POST /session/cbab2cbbd32afdf19af3e6ba8111c1c3/execute/async - {"script":"<script> [2342 bytes]","args":[{"protocol":"http","hostname":"0.0.0.0","path":"/","capabilities":{"browserName":"chrome","goog:chromeOptions":{"binary":"C:\\Program Files\\Google\\Chrome\\Application\\chrome.exe","args":["--start-maximized"]}},"logLevel":"warn","connectionRetryTimeout":120000,"connectionRetryCount":3,"logLevels":{},"enableDirectConnect":true,"strictSSL":true,"_":"65 more keys: [\"cacheDir\",\"port\",\"requestedCapabilities\",\"automationProtocol\",\"baseUrl\",\"waitforInterval\",\"waitforTimeout\",\"onReload\",\"beforeCommand\",\"afterCommand\",\"rootDir\",\"specs\",\"suites\",\"exclude\",\"groupLogsByTestSpec\",\"excludeDriverLogs\",\"bail\",\"framework\",\"reporters\",\"services\",\"maxInstances\",\"maxInstancesPerCapability\",\"injectGlobals\",\"filesToWatch\",\"execArgv\",\"runnerEnv\",\"runner\",\"shard\",\"specFileRetries\",\"specFileRetriesDelay\",\"specFileRetriesDeferred\",\"reporterSyncInterval\",\"reporterSyncTimeout\",\"cucumberFeaturesWithLineNumbers\",\"autoCompileOpts\",\"mochaOpts\",\"jasmineOpts\",\"cucumberOpts\",\"onPrepare\",\"onWorkerStart\",\"onWorkerEnd\",\"before\",\"beforeSession\",\"beforeSuite\",\"beforeHook\",\"beforeTest\",\"afterTest\",\"afterHook\",\"afterSuite\",\"afterSession\",\"after\",\"onComplete\",\"beforeAssertion\",\"afterAssertion\",\"beforeFeature\",\"beforeScenario\",\"beforeStep\",\"afterStep\",\"afterScenario\",\"afterFeature\",\"_\",\"suite\",\"$0\",\"ignoredWorkerServices\",\"wdi5\"]"}]}
RESULT: {"script":"<script> [2342 bytes]","args":[{"protocol":"http","hostname":"0.0.0.0","path":"/","capabilities":{"browserName":"chrome","goog:chromeOptions":{"binary":"C:\\Program Files\\Google\\Chrome\\Application\\chrome.exe","args":["--start-maximized"]}},"logLevel":"warn","connectionRetryTimeout":120000,"connectionRetryCount":3,"logLevels":{},"enableDirectConnect":true,"strictSSL":true,"_":"65 more keys: [\"cacheDir\",\"port\",\"requestedCapabilities\",\"automationProtocol\",\"baseUrl\",\"waitforInterval\",\"waitforTimeout\",\"onReload\",\"beforeCommand\",\"afterCommand\",\"rootDir\",\"specs\",\"suites\",\"exclude\",\"groupLogsByTestSpec\",\"excludeDriverLogs\",\"bail\",\"framework\",\"reporters\",\"services\",\"maxInstances\",\"maxInstancesPerCapability\",\"injectGlobals\",\"filesToWatch\",\"execArgv\",\"runnerEnv\",\"runner\",\"shard\",\"specFileRetries\",\"specFileRetriesDelay\",\"specFileRetriesDeferred\",\"reporterSyncInterval\",\"reporterSyncTimeout\",\"cucumberFeaturesWithLineNumbers\",\"autoCompileOpts\",\"mochaOpts\",\"jasmineOpts\",\"cucumberOpts\",\"onPrepare\",\"onWorkerStart\",\"onWorkerEnd\",\"before\",\"beforeSession\",\"beforeSuite\",\"beforeHook\",\"beforeTest\",\"afterTest\",\"afterHook\",\"afterSuite\",\"afterSession\",\"after\",\"onComplete\",\"beforeAssertion\",\"afterAssertion\",\"beforeFeature\",\"beforeScenario\",\"beforeStep\",\"afterStep\",\"afterScenario\",\"afterFeature\",\"_\",\"suite\",\"$0\",\"ignoredWorkerServices\",\"wdi5\"]"}]}
COMMAND: POST /session/cbab2cbbd32afdf19af3e6ba8111c1c3/execute/async - {"script":"<script> [21126 bytes]","args":[35000]}
RESULT: {"script":"<script> [21126 bytes]","args":[35000]}
COMMAND: POST /session/cbab2cbbd32afdf19af3e6ba8111c1c3/execute/async - {"script":"<script> [1562 bytes]","args":[{"selector":{"controlType":"sap.m.Text","viewName":"etm.portal.ui.managerequests.view.Detail","bindingPath":{"path":"/SmartRequestItemsPlanningBoard(ITEM=10m,REQUEST='20351')","propertyPath":"STATUS_DESC"}},"wdio_ui5_key":"etmportal.ui.managerequests.view.Detailsap.m.Text{\"path\":\"/SmartRequestItemsPlanningBoard(ITEM=10m,REQUEST='20351')\",\"propertyPath\":\"STATUS_DESC\"}"}]}
RESULT: {"script":"<script> [1562 bytes]","args":[{"selector":{"controlType":"sap.m.Text","viewName":"etm.portal.ui.managerequests.view.Detail","bindingPath":{"path":"/SmartRequestItemsPlanningBoard(ITEM=10m,REQUEST='20351')","propertyPath":"STATUS_DESC"}},"wdio_ui5_key":"etmportal.ui.managerequests.view.Detailsap.m.Text{\"path\":\"/SmartRequestItemsPlanningBoard(ITEM=10m,REQUEST='20351')\",\"propertyPath\":\"STATUS_DESC\"}"}]}
RESULT: undefined
COMMAND: POST /session/cbab2cbbd32afdf19af3e6ba8111c1c3/execute/async - {"script":"<script> [6424 bytes]","args":[{"element-6066-11e4-a52e-4f735466cecf":"f.4865000251A30E3BD1E5EDC5108DADF6.d.5D19EBCB82DB2E22623F77C5E1DB1658.e.14156"},"getText",[]]}
RESULT: {"script":"<script> [6424 bytes]","args":[{"element-6066-11e4-a52e-4f735466cecf":"f.4865000251A30E3BD1E5EDC5108DADF6.d.5D19EBCB82DB2E22623F77C5E1DB1658.e.14156"},"getText",[]]}
COMMAND: POST /session/cbab2cbbd32afdf19af3e6ba8111c1c3/execute/async - {"script":"<script> [1562 bytes]","args":[{"selector":{"controlType":"sap.m.ObjectStatus","viewName":"etm.portal.ui.managerequests.view.Detail","bindingPath":{"path":"/RequestHeaders('20351')","propertyPath":"LINK_TO_STATUS/DESCRIPTION","modelName":"catalogModel"}},"wdio_ui5_key":"etmportal.ui.managerequests.view.Detailsap.m.ObjectStatus{\"path\":\"/RequestHeaders('20351')\",\"propertyPath\":\"LINK_TO_STATUS/DESCRIPTION\",\"modelName\":\"catalogModel\"}"}]}
RESULT: {"script":"<script> [1562 bytes]","args":[{"selector":{"controlType":"sap.m.ObjectStatus","viewName":"etm.portal.ui.managerequests.view.Detail","bindingPath":{"path":"/RequestHeaders('20351')","propertyPath":"LINK_TO_STATUS/DESCRIPTION","modelName":"catalogModel"}},"wdio_ui5_key":"etmportal.ui.managerequests.view.Detailsap.m.ObjectStatus{\"path\":\"/RequestHeaders('20351')\",\"propertyPath\":\"LINK_TO_STATUS/DESCRIPTION\",\"modelName\":\"catalogModel\"}"}]}
RESULT: undefined
COMMAND: POST /session/cbab2cbbd32afdf19af3e6ba8111c1c3/execute/async - {"script":"<script> [6424 bytes]","args":[{"element-6066-11e4-a52e-4f735466cecf":"f.4865000251A30E3BD1E5EDC5108DADF6.d.5D19EBCB82DB2E22623F77C5E1DB1658.e.14157"},"getText",[]]}
RESULT: {"script":"<script> [6424 bytes]","args":[{"element-6066-11e4-a52e-4f735466cecf":"f.4865000251A30E3BD1E5EDC5108DADF6.d.5D19EBCB82DB2E22623F77C5E1DB1658.e.14157"},"getText",[]]}
COMMAND: DELETE /session/cbab2cbbd32afdf19af3e6ba8111c1c3 - {}
RESULT: {}
]]></system-out>
    </testcase>
  </testsuite>
</testsuites>