<?xml version="1.0" encoding="UTF-8"?>
<testsuites tests="80" failures="5" errors="5" skipped="0">
  <testsuite timestamp="2025-05-19T05:39:36" time="701.425" tests="8" failures="0" errors="0" skipped="0">
    <properties>
      <property name="specId" value="0" />
      <property name="suiteName" value="Stock increase - with WHM US125587" />
      <property name="capabilities" value="chrome.136_0_7103_93.windows" />
      <property name="file" value="file:///D:/a/1/s/test/specs/HTR/stock-increase.spec.js" />
    </properties>
    <testcase classname="chrome.136_0_7103_93.windows.Stock_increase_-_with_WHM_US125587" name="Should create a new WHM yard" time="114.733">
      <system-out><![CDATA[
COMMAND: POST /session/b4821e91125fc57ae8b08a301666550d/window/fullscreen - {}
RESULT: {}
COMMAND: POST /session/b4821e91125fc57ae8b08a301666550d/execute/async - {"script":"<script> [1562 bytes]","args":[{"selector":{"controlType":"sap.m.GenericTile","properties":{"header":"Manage Yards"}},"wdio_ui5_key":"sapm.GenericTile{\"header\":\"Manage Yards\"}"}]}
RESULT: {"script":"<script> [1562 bytes]","args":[{"selector":{"controlType":"sap.m.GenericTile","properties":{"header":"Manage Yards"}},"wdio_ui5_key":"sapm.GenericTile{\"header\":\"Manage Yards\"}"}]}
RESULT: undefined
COMMAND: POST /session/b4821e91125fc57ae8b08a301666550d/element - {"using":"xpath","value":"//*[@id=\"__tile41\"]"}
RESULT: {"using":"xpath","value":"//*[@id=\"__tile41\"]"}
COMMAND: POST /session/b4821e91125fc57ae8b08a301666550d/element/f.0C7D383FA3E737A876F1AD61BD78151D.d.C729EAA0D9F932556AA473854CBEFB24.e.129/click - {}
RESULT: {}
COMMAND: GET /session/b4821e91125fc57ae8b08a301666550d/screenshot - {}
RESULT: {}
COMMAND: POST /session/b4821e91125fc57ae8b08a301666550d/elements - {"using":"xpath","value":"//span[text()='Error']"}
RESULT: {"using":"xpath","value":"//span[text()='Error']"}
COMMAND: POST /session/b4821e91125fc57ae8b08a301666550d/element - {"using":"xpath","value":"//button[@data-kt=\"addNewYardOverflowToolbarButton\"]"}
RESULT: {"using":"xpath","value":"//button[@data-kt=\"addNewYardOverflowToolbarButton\"]"}
COMMAND: POST /session/b4821e91125fc57ae8b08a301666550d/elements - {"using":"xpath","value":"//button[@data-kt=\"addNewYardOverflowToolbarButton\"]"}
RESULT: {"using":"xpath","value":"//button[@data-kt=\"addNewYardOverflowToolbarButton\"]"}
COMMAND: POST /session/b4821e91125fc57ae8b08a301666550d/elements - {"using":"xpath","value":"//button[@data-kt=\"addNewYardOverflowToolbarButton\"]"}
RESULT: {"using":"xpath","value":"//button[@data-kt=\"addNewYardOverflowToolbarButton\"]"}
COMMAND: POST /session/b4821e91125fc57ae8b08a301666550d/element - {"using":"xpath","value":"//button[@data-kt=\"addNewYardOverflowToolbarButton\"]"}
RESULT: {"using":"xpath","value":"//button[@data-kt=\"addNewYardOverflowToolbarButton\"]"}
COMMAND: POST /session/b4821e91125fc57ae8b08a301666550d/execute/sync - {"script":"<script> [8489 bytes]","args":[{"element-6066-11e4-a52e-4f735466cecf":"f.0C7D383FA3E737A876F1AD61BD78151D.d.C729EAA0D9F932556AA473854CBEFB24.e.267","ELEMENT":"f.0C7D383FA3E737A876F1AD61BD78151D.d.C729EAA0D9F932556AA473854CBEFB24.e.267"}]}
RESULT: {"script":"<script> [8489 bytes]","args":[{"element-6066-11e4-a52e-4f735466cecf":"f.0C7D383FA3E737A876F1AD61BD78151D.d.C729EAA0D9F932556AA473854CBEFB24.e.267","ELEMENT":"f.0C7D383FA3E737A876F1AD61BD78151D.d.C729EAA0D9F932556AA473854CBEFB24.e.267"}]}
COMMAND: GET /session/b4821e91125fc57ae8b08a301666550d/element/f.0C7D383FA3E737A876F1AD61BD78151D.d.C729EAA0D9F932556AA473854CBEFB24.e.267/enabled - {}
COMMAND: GET /session/b4821e91125fc57ae8b08a301666550d/screenshot - {}
RESULT: {}
COMMAND: POST /session/b4821e91125fc57ae8b08a301666550d/execute/sync - {"script":"<script> [8489 bytes]","args":[{"element-6066-11e4-a52e-4f735466cecf":"f.0C7D383FA3E737A876F1AD61BD78151D.d.C729EAA0D9F932556AA473854CBEFB24.e.267","ELEMENT":"f.0C7D383FA3E737A876F1AD61BD78151D.d.C729EAA0D9F932556AA473854CBEFB24.e.267"}]}
COMMAND: GET /session/b4821e91125fc57ae8b08a301666550d/screenshot - {}
RESULT: {}
RESULT: {"script":"<script> [8489 bytes]","args":[{"element-6066-11e4-a52e-4f735466cecf":"f.0C7D383FA3E737A876F1AD61BD78151D.d.C729EAA0D9F932556AA473854CBEFB24.e.267","ELEMENT":"f.0C7D383FA3E737A876F1AD61BD78151D.d.C729EAA0D9F932556AA473854CBEFB24.e.267"}]}
COMMAND: POST /session/b4821e91125fc57ae8b08a301666550d/execute/sync - {"script":"<script> [5351 bytes]","args":[{"element-6066-11e4-a52e-4f735466cecf":"f.0C7D383FA3E737A876F1AD61BD78151D.d.C729EAA0D9F932556AA473854CBEFB24.e.267","ELEMENT":"f.0C7D383FA3E737A876F1AD61BD78151D.d.C729EAA0D9F932556AA473854CBEFB24.e.267"}]}
COMMAND: GET /session/b4821e91125fc57ae8b08a301666550d/screenshot - {}
RESULT: {}
RESULT: {"script":"<script> [5351 bytes]","args":[{"element-6066-11e4-a52e-4f735466cecf":"f.0C7D383FA3E737A876F1AD61BD78151D.d.C729EAA0D9F932556AA473854CBEFB24.e.267","ELEMENT":"f.0C7D383FA3E737A876F1AD61BD78151D.d.C729EAA0D9F932556AA473854CBEFB24.e.267"}]}
COMMAND: POST /session/b4821e91125fc57ae8b08a301666550d/element/f.0C7D383FA3E737A876F1AD61BD78151D.d.C729EAA0D9F932556AA473854CBEFB24.e.267/click - {}
COMMAND: GET /session/b4821e91125fc57ae8b08a301666550d/screenshot - {}
RESULT: {}
RESULT: {}
COMMAND: GET /session/b4821e91125fc57ae8b08a301666550d/screenshot - {}
RESULT: {}
RESULT: {}
COMMAND: POST /session/b4821e91125fc57ae8b08a301666550d/element - {"using":"xpath","value":"//input[@id=\"application-manageyards-display-component---NewYard--yardId-inner\"]"}
RESULT: {"using":"xpath","value":"//input[@id=\"application-manageyards-display-component---NewYard--yardId-inner\"]"}
COMMAND: POST /session/b4821e91125fc57ae8b08a301666550d/element - {"using":"xpath","value":"//input[@id=\"application-manageyards-display-component---NewYard--yardId-inner\"]"}
RESULT: {"using":"xpath","value":"//input[@id=\"application-manageyards-display-component---NewYard--yardId-inner\"]"}
COMMAND: POST /session/b4821e91125fc57ae8b08a301666550d/execute/async - {"script":"<script> [1562 bytes]","args":[{"selector":{"id":"application-manageyards-display-component---NewYard--addressDetailDetailsName1","interaction":{"idSuffix":"inner"}},"wdio_ui5_key":"applicationmanageyards-display-component---NewYard--addressDetailDetailsName1"}]}
RESULT: {"script":"<script> [1562 bytes]","args":[{"selector":{"id":"application-manageyards-display-component---NewYard--addressDetailDetailsName1","interaction":{"idSuffix":"inner"}},"wdio_ui5_key":"applicationmanageyards-display-component---NewYard--addressDetailDetailsName1"}]}
RESULT: undefined
COMMAND: POST /session/b4821e91125fc57ae8b08a301666550d/execute/async - {"script":"<script> [776 bytes]","args":[{"enterText":"Warehouse Managed WDIO","selector":{"id":"application-manageyards-display-component---NewYard--addressDetailDetailsName1","interaction":{"idSuffix":"inner"}},"clearTextFirst":true,"interactionType":"ENTER_TEXT"}]}
RESULT: {"script":"<script> [776 bytes]","args":[{"enterText":"Warehouse Managed WDIO","selector":{"id":"application-manageyards-display-component---NewYard--addressDetailDetailsName1","interaction":{"idSuffix":"inner"}},"clearTextFirst":true,"interactionType":"ENTER_TEXT"}]}
COMMAND: POST /session/b4821e91125fc57ae8b08a301666550d/execute/async - {"script":"<script> [1562 bytes]","args":[{"selector":{"id":"application-manageyards-display-component---NewYard--addressDetailDetailsLanguage-arrow"},"wdio_ui5_key":"applicationmanageyards-display-component---NewYard--addressDetailDetailsLanguage-arrow"}]}
RESULT: {"script":"<script> [1562 bytes]","args":[{"selector":{"id":"application-manageyards-display-component---NewYard--addressDetailDetailsLanguage-arrow"},"wdio_ui5_key":"applicationmanageyards-display-component---NewYard--addressDetailDetailsLanguage-arrow"}]}
RESULT: undefined
COMMAND: POST /session/b4821e91125fc57ae8b08a301666550d/element - {"using":"xpath","value":"//*[@id=\"application-manageyards-display-component---NewYard--addressDetailDetailsLanguage-arrow\"]"}
RESULT: {"using":"xpath","value":"//*[@id=\"application-manageyards-display-component---NewYard--addressDetailDetailsLanguage-arrow\"]"}
COMMAND: POST /session/b4821e91125fc57ae8b08a301666550d/element/f.0C7D383FA3E737A876F1AD61BD78151D.d.C729EAA0D9F932556AA473854CBEFB24.e.713/click - {}
RESULT: {}
COMMAND: POST /session/b4821e91125fc57ae8b08a301666550d/element - {"using":"xpath","value":"//span[contains(text(), \"English\")]"}
COMMAND: GET /session/b4821e91125fc57ae8b08a301666550d/screenshot - {}
RESULT: {"using":"xpath","value":"//span[contains(text(), \"English\")]"}
COMMAND: POST /session/b4821e91125fc57ae8b08a301666550d/element/f.0C7D383FA3E737A876F1AD61BD78151D.d.C729EAA0D9F932556AA473854CBEFB24.e.714/click - {}
RESULT: {}
RESULT: {}
COMMAND: POST /session/b4821e91125fc57ae8b08a301666550d/execute/async - {"script":"<script> [1562 bytes]","args":[{"selector":{"id":"application-manageyards-display-component---NewYard--addressDetailDetailsCity1","interaction":{"idSuffix":"inner"}},"wdio_ui5_key":"applicationmanageyards-display-component---NewYard--addressDetailDetailsCity1"}]}
COMMAND: GET /session/b4821e91125fc57ae8b08a301666550d/screenshot - {}
RESULT: {"script":"<script> [1562 bytes]","args":[{"selector":{"id":"application-manageyards-display-component---NewYard--addressDetailDetailsCity1","interaction":{"idSuffix":"inner"}},"wdio_ui5_key":"applicationmanageyards-display-component---NewYard--addressDetailDetailsCity1"}]}
RESULT: undefined
COMMAND: POST /session/b4821e91125fc57ae8b08a301666550d/execute/async - {"script":"<script> [776 bytes]","args":[{"enterText":"Rosario","selector":{"id":"application-manageyards-display-component---NewYard--addressDetailDetailsCity1","interaction":{"idSuffix":"inner"}},"clearTextFirst":true,"interactionType":"ENTER_TEXT"}]}
RESULT: {}
RESULT: {"script":"<script> [776 bytes]","args":[{"enterText":"Rosario","selector":{"id":"application-manageyards-display-component---NewYard--addressDetailDetailsCity1","interaction":{"idSuffix":"inner"}},"clearTextFirst":true,"interactionType":"ENTER_TEXT"}]}
COMMAND: POST /session/b4821e91125fc57ae8b08a301666550d/execute/async - {"script":"<script> [1562 bytes]","args":[{"selector":{"id":"application-manageyards-display-component---NewYard--addressDetailDetailsCountry-arrow"},"wdio_ui5_key":"applicationmanageyards-display-component---NewYard--addressDetailDetailsCountry-arrow"}]}
RESULT: {"script":"<script> [1562 bytes]","args":[{"selector":{"id":"application-manageyards-display-component---NewYard--addressDetailDetailsCountry-arrow"},"wdio_ui5_key":"applicationmanageyards-display-component---NewYard--addressDetailDetailsCountry-arrow"}]}
RESULT: undefined
COMMAND: POST /session/b4821e91125fc57ae8b08a301666550d/element - {"using":"xpath","value":"//*[@id=\"application-manageyards-display-component---NewYard--addressDetailDetailsCountry-arrow\"]"}
RESULT: {"using":"xpath","value":"//*[@id=\"application-manageyards-display-component---NewYard--addressDetailDetailsCountry-arrow\"]"}
COMMAND: POST /session/b4821e91125fc57ae8b08a301666550d/element/f.0C7D383FA3E737A876F1AD61BD78151D.d.C729EAA0D9F932556AA473854CBEFB24.e.716/click - {}
RESULT: {}
COMMAND: POST /session/b4821e91125fc57ae8b08a301666550d/element - {"using":"xpath","value":"//span[contains(text(), \"Argentina\")]"}
COMMAND: GET /session/b4821e91125fc57ae8b08a301666550d/screenshot - {}
RESULT: {"using":"xpath","value":"//span[contains(text(), \"Argentina\")]"}
COMMAND: POST /session/b4821e91125fc57ae8b08a301666550d/element/f.0C7D383FA3E737A876F1AD61BD78151D.d.C729EAA0D9F932556AA473854CBEFB24.e.717/click - {}
RESULT: {}
RESULT: {}
COMMAND: POST /session/b4821e91125fc57ae8b08a301666550d/execute/async - {"script":"<script> [1562 bytes]","args":[{"selector":{"id":"application-manageyards-display-component---NewYard--addressEditDetailsCostObjectCstType-arrow"},"wdio_ui5_key":"applicationmanageyards-display-component---NewYard--addressEditDetailsCostObjectCstType-arrow"}]}
COMMAND: GET /session/b4821e91125fc57ae8b08a301666550d/screenshot - {}
RESULT: {"script":"<script> [1562 bytes]","args":[{"selector":{"id":"application-manageyards-display-component---NewYard--addressEditDetailsCostObjectCstType-arrow"},"wdio_ui5_key":"applicationmanageyards-display-component---NewYard--addressEditDetailsCostObjectCstType-arrow"}]}
RESULT: undefined
COMMAND: POST /session/b4821e91125fc57ae8b08a301666550d/element - {"using":"xpath","value":"//*[@id=\"application-manageyards-display-component---NewYard--addressEditDetailsCostObjectCstType-arrow\"]"}
RESULT: {}
RESULT: {"using":"xpath","value":"//*[@id=\"application-manageyards-display-component---NewYard--addressEditDetailsCostObjectCstType-arrow\"]"}
COMMAND: POST /session/b4821e91125fc57ae8b08a301666550d/element/f.0C7D383FA3E737A876F1AD61BD78151D.d.C729EAA0D9F932556AA473854CBEFB24.e.719/click - {}
RESULT: {}
COMMAND: POST /session/b4821e91125fc57ae8b08a301666550d/element - {"using":"xpath","value":"//span[contains(text(), \"Cost Center\")]"}
COMMAND: GET /session/b4821e91125fc57ae8b08a301666550d/screenshot - {}
RESULT: {"using":"xpath","value":"//span[contains(text(), \"Cost Center\")]"}
COMMAND: POST /session/b4821e91125fc57ae8b08a301666550d/element/f.0C7D383FA3E737A876F1AD61BD78151D.d.C729EAA0D9F932556AA473854CBEFB24.e.720/click - {}
RESULT: {}
RESULT: {}
COMMAND: GET /session/b4821e91125fc57ae8b08a301666550d/screenshot - {}
RESULT: {}
COMMAND: POST /session/b4821e91125fc57ae8b08a301666550d/element - {"using":"xpath","value":"//span[@id=\"application-manageyards-display-component---NewYard--addressNewCostObjectCstID-vhi\"]"}
RESULT: {"using":"xpath","value":"//span[@id=\"application-manageyards-display-component---NewYard--addressNewCostObjectCstID-vhi\"]"}
COMMAND: POST /session/b4821e91125fc57ae8b08a301666550d/execute/sync - {"script":"<script> [8489 bytes]","args":[{"element-6066-11e4-a52e-4f735466cecf":"f.0C7D383FA3E737A876F1AD61BD78151D.d.C729EAA0D9F932556AA473854CBEFB24.e.724","ELEMENT":"f.0C7D383FA3E737A876F1AD61BD78151D.d.C729EAA0D9F932556AA473854CBEFB24.e.724"}]}
RESULT: {"script":"<script> [8489 bytes]","args":[{"element-6066-11e4-a52e-4f735466cecf":"f.0C7D383FA3E737A876F1AD61BD78151D.d.C729EAA0D9F932556AA473854CBEFB24.e.724","ELEMENT":"f.0C7D383FA3E737A876F1AD61BD78151D.d.C729EAA0D9F932556AA473854CBEFB24.e.724"}]}
COMMAND: POST /session/b4821e91125fc57ae8b08a301666550d/execute/async - {"script":"<script> [1562 bytes]","args":[{"selector":{"id":"application-manageyards-display-component---NewYard--addressNewCostObjectCstID-vhi"},"wdio_ui5_key":"applicationmanageyards-display-component---NewYard--addressNewCostObjectCstID-vhi"}]}
COMMAND: GET /session/b4821e91125fc57ae8b08a301666550d/screenshot - {}
RESULT: {"script":"<script> [1562 bytes]","args":[{"selector":{"id":"application-manageyards-display-component---NewYard--addressNewCostObjectCstID-vhi"},"wdio_ui5_key":"applicationmanageyards-display-component---NewYard--addressNewCostObjectCstID-vhi"}]}
RESULT: undefined
COMMAND: POST /session/b4821e91125fc57ae8b08a301666550d/element - {"using":"xpath","value":"//*[@id=\"application-manageyards-display-component---NewYard--addressNewCostObjectCstID-vhi\"]"}
RESULT: {}
RESULT: {"using":"xpath","value":"//*[@id=\"application-manageyards-display-component---NewYard--addressNewCostObjectCstID-vhi\"]"}
COMMAND: POST /session/b4821e91125fc57ae8b08a301666550d/element/f.0C7D383FA3E737A876F1AD61BD78151D.d.C729EAA0D9F932556AA473854CBEFB24.e.724/click - {}
RESULT: {}
COMMAND: GET /session/b4821e91125fc57ae8b08a301666550d/screenshot - {}
RESULT: {}
COMMAND: POST /session/b4821e91125fc57ae8b08a301666550d/execute/async - {"script":"<script> [1562 bytes]","args":[{"selector":{"controlType":"sap.m.SearchField","properties":{"placeholder":"Search"},"searchOpenDialogs":true,"interaction":{"idSuffix":"I"}},"wdio_ui5_key":"sapm.SearchField{\"placeholder\":\"Search\"}"}]}
RESULT: {"script":"<script> [1562 bytes]","args":[{"selector":{"controlType":"sap.m.SearchField","properties":{"placeholder":"Search"},"searchOpenDialogs":true,"interaction":{"idSuffix":"I"}},"wdio_ui5_key":"sapm.SearchField{\"placeholder\":\"Search\"}"}]}
RESULT: undefined
COMMAND: POST /session/b4821e91125fc57ae8b08a301666550d/execute/async - {"script":"<script> [776 bytes]","args":[{"enterText":"bauh_b","selector":{"controlType":"sap.m.SearchField","properties":{"placeholder":"Search"},"searchOpenDialogs":true,"interaction":{"idSuffix":"I"}},"clearTextFirst":true,"interactionType":"ENTER_TEXT"}]}
RESULT: {"script":"<script> [776 bytes]","args":[{"enterText":"bauh_b","selector":{"controlType":"sap.m.SearchField","properties":{"placeholder":"Search"},"searchOpenDialogs":true,"interaction":{"idSuffix":"I"}},"clearTextFirst":true,"interactionType":"ENTER_TEXT"}]}
COMMAND: POST /session/b4821e91125fc57ae8b08a301666550d/actions - {"actions":[{"id":"action1","type":"key","parameters":{},"actions":[{"type":"keyDown","value":"î€‡"},{"type":"pause","duration":10},{"type":"keyUp","value":"î€‡"}]}]}
RESULT: {"actions":[{"id":"action1","type":"key","parameters":{},"actions":[{"type":"keyDown","value":"î€‡"},{"type":"pause","duration":10},{"type":"keyUp","value":"î€‡"}]}]}
COMMAND: GET /session/b4821e91125fc57ae8b08a301666550d/screenshot - {}
RESULT: {}
COMMAND: POST /session/b4821e91125fc57ae8b08a301666550d/element - {"using":"xpath","value":"//span[contains(text(), \"Demo Yard\")]"}
RESULT: {"using":"xpath","value":"//span[contains(text(), \"Demo Yard\")]"}
COMMAND: POST /session/b4821e91125fc57ae8b08a301666550d/element/f.0C7D383FA3E737A876F1AD61BD78151D.d.C729EAA0D9F932556AA473854CBEFB24.e.764/click - {}
RESULT: {}
COMMAND: GET /session/b4821e91125fc57ae8b08a301666550d/screenshot - {}
RESULT: {}
COMMAND: POST /session/b4821e91125fc57ae8b08a301666550d/element - {"using":"xpath","value":"//bdi[contains(text(), \"OK\")]"}
RESULT: {"using":"xpath","value":"//bdi[contains(text(), \"OK\")]"}
COMMAND: POST /session/b4821e91125fc57ae8b08a301666550d/element/f.0C7D383FA3E737A876F1AD61BD78151D.d.C729EAA0D9F932556AA473854CBEFB24.e.765/click - {}
RESULT: {}
COMMAND: GET /session/b4821e91125fc57ae8b08a301666550d/screenshot - {}
RESULT: {}
COMMAND: POST /session/b4821e91125fc57ae8b08a301666550d/execute/async - {"script":"<script> [1562 bytes]","args":[{"selector":{"id":"application-manageyards-display-component---NewYard--addressEditDetailsCurrency-arrow"},"wdio_ui5_key":"applicationmanageyards-display-component---NewYard--addressEditDetailsCurrency-arrow"}]}
RESULT: {"script":"<script> [1562 bytes]","args":[{"selector":{"id":"application-manageyards-display-component---NewYard--addressEditDetailsCurrency-arrow"},"wdio_ui5_key":"applicationmanageyards-display-component---NewYard--addressEditDetailsCurrency-arrow"}]}
RESULT: undefined
COMMAND: POST /session/b4821e91125fc57ae8b08a301666550d/element - {"using":"xpath","value":"//*[@id=\"application-manageyards-display-component---NewYard--addressEditDetailsCurrency-arrow\"]"}
RESULT: {"using":"xpath","value":"//*[@id=\"application-manageyards-display-component---NewYard--addressEditDetailsCurrency-arrow\"]"}
COMMAND: POST /session/b4821e91125fc57ae8b08a301666550d/element/f.0C7D383FA3E737A876F1AD61BD78151D.d.C729EAA0D9F932556AA473854CBEFB24.e.768/click - {}
RESULT: {}
COMMAND: POST /session/b4821e91125fc57ae8b08a301666550d/element - {"using":"xpath","value":"//span[contains(text(), \"Euro\")]"}
COMMAND: GET /session/b4821e91125fc57ae8b08a301666550d/screenshot - {}
RESULT: {"using":"xpath","value":"//span[contains(text(), \"Euro\")]"}
COMMAND: POST /session/b4821e91125fc57ae8b08a301666550d/element/f.0C7D383FA3E737A876F1AD61BD78151D.d.C729EAA0D9F932556AA473854CBEFB24.e.769/click - {}
RESULT: {}
RESULT: {}
COMMAND: POST /session/b4821e91125fc57ae8b08a301666550d/execute/async - {"script":"<script> [1562 bytes]","args":[{"selector":{"controlType":"sap.m.Input","viewName":"etm.portal.ui.manageyards.view.New","viewId":"application-manageyards-display-component---NewYard","bindingPath":{"path":"","propertyPath":"/CONTROLLING_AREA","modelName":"NewYardModel"},"interaction":{"idSuffix":"inner"}},"wdio_ui5_key":"etmportal.ui.manageyards.view.Newsap.m.Input{\"path\":\"\",\"propertyPath\":\"/CONTROLLING_AREA\",\"modelName\":\"NewYardModel\"}"}]}
COMMAND: GET /session/b4821e91125fc57ae8b08a301666550d/screenshot - {}
RESULT: {"script":"<script> [1562 bytes]","args":[{"selector":{"controlType":"sap.m.Input","viewName":"etm.portal.ui.manageyards.view.New","viewId":"application-manageyards-display-component---NewYard","bindingPath":{"path":"","propertyPath":"/CONTROLLING_AREA","modelName":"NewYardModel"},"interaction":{"idSuffix":"inner"}},"wdio_ui5_key":"etmportal.ui.manageyards.view.Newsap.m.Input{\"path\":\"\",\"propertyPath\":\"/CONTROLLING_AREA\",\"modelName\":\"NewYardModel\"}"}]}
RESULT: undefined
COMMAND: POST /session/b4821e91125fc57ae8b08a301666550d/execute/async - {"script":"<script> [776 bytes]","args":[{"enterText":"Z001","selector":{"controlType":"sap.m.Input","viewName":"etm.portal.ui.manageyards.view.New","viewId":"application-manageyards-display-component---NewYard","bindingPath":{"path":"","propertyPath":"/CONTROLLING_AREA","modelName":"NewYardModel"},"interaction":{"idSuffix":"inner"}},"clearTextFirst":true,"interactionType":"ENTER_TEXT"}]}
RESULT: {}
RESULT: {"script":"<script> [776 bytes]","args":[{"enterText":"Z001","selector":{"controlType":"sap.m.Input","viewName":"etm.portal.ui.manageyards.view.New","viewId":"application-manageyards-display-component---NewYard","bindingPath":{"path":"","propertyPath":"/CONTROLLING_AREA","modelName":"NewYardModel"},"interaction":{"idSuffix":"inner"}},"clearTextFirst":true,"interactionType":"ENTER_TEXT"}]}
COMMAND: POST /session/b4821e91125fc57ae8b08a301666550d/execute/async - {"script":"<script> [1562 bytes]","args":[{"selector":{"id":"application-manageyards-display-component---NewYard--companyCodeComboBox","interaction":{"idSuffix":"inner"}},"wdio_ui5_key":"applicationmanageyards-display-component---NewYard--companyCodeComboBox"}]}
RESULT: {"script":"<script> [1562 bytes]","args":[{"selector":{"id":"application-manageyards-display-component---NewYard--companyCodeComboBox","interaction":{"idSuffix":"inner"}},"wdio_ui5_key":"applicationmanageyards-display-component---NewYard--companyCodeComboBox"}]}
RESULT: undefined
COMMAND: POST /session/b4821e91125fc57ae8b08a301666550d/execute/async - {"script":"<script> [776 bytes]","args":[{"enterText":"1000","selector":{"id":"application-manageyards-display-component---NewYard--companyCodeComboBox","interaction":{"idSuffix":"inner"}},"clearTextFirst":true,"interactionType":"ENTER_TEXT"}]}
RESULT: {"script":"<script> [776 bytes]","args":[{"enterText":"1000","selector":{"id":"application-manageyards-display-component---NewYard--companyCodeComboBox","interaction":{"idSuffix":"inner"}},"clearTextFirst":true,"interactionType":"ENTER_TEXT"}]}
COMMAND: POST /session/b4821e91125fc57ae8b08a301666550d/execute/async - {"script":"<script> [1562 bytes]","args":[{"selector":{"controlType":"sap.m.Input","viewName":"etm.portal.ui.manageyards.view.New","viewId":"application-manageyards-display-component---NewYard","bindingPath":{"path":"","propertyPath":"/PLANT","modelName":"NewYardModel"},"interaction":{"idSuffix":"inner"}},"wdio_ui5_key":"etmportal.ui.manageyards.view.Newsap.m.Input{\"path\":\"\",\"propertyPath\":\"/PLANT\",\"modelName\":\"NewYardModel\"}"}]}
RESULT: {"script":"<script> [1562 bytes]","args":[{"selector":{"controlType":"sap.m.Input","viewName":"etm.portal.ui.manageyards.view.New","viewId":"application-manageyards-display-component---NewYard","bindingPath":{"path":"","propertyPath":"/PLANT","modelName":"NewYardModel"},"interaction":{"idSuffix":"inner"}},"wdio_ui5_key":"etmportal.ui.manageyards.view.Newsap.m.Input{\"path\":\"\",\"propertyPath\":\"/PLANT\",\"modelName\":\"NewYardModel\"}"}]}
RESULT: undefined
COMMAND: POST /session/b4821e91125fc57ae8b08a301666550d/execute/async - {"script":"<script> [776 bytes]","args":[{"enterText":"1001","selector":{"controlType":"sap.m.Input","viewName":"etm.portal.ui.manageyards.view.New","viewId":"application-manageyards-display-component---NewYard","bindingPath":{"path":"","propertyPath":"/PLANT","modelName":"NewYardModel"},"interaction":{"idSuffix":"inner"}},"clearTextFirst":true,"interactionType":"ENTER_TEXT"}]}
RESULT: {"script":"<script> [776 bytes]","args":[{"enterText":"1001","selector":{"controlType":"sap.m.Input","viewName":"etm.portal.ui.manageyards.view.New","viewId":"application-manageyards-display-component---NewYard","bindingPath":{"path":"","propertyPath":"/PLANT","modelName":"NewYardModel"},"interaction":{"idSuffix":"inner"}},"clearTextFirst":true,"interactionType":"ENTER_TEXT"}]}
COMMAND: POST /session/b4821e91125fc57ae8b08a301666550d/execute/async - {"script":"<script> [1562 bytes]","args":[{"selector":{"controlType":"sap.m.Input","viewName":"etm.portal.ui.manageyards.view.New","viewId":"application-manageyards-display-component---NewYard","bindingPath":{"path":"","propertyPath":"/SALES_AREA_VKORG","modelName":"NewYardModel"},"interaction":{"idSuffix":"inner"}},"wdio_ui5_key":"etmportal.ui.manageyards.view.Newsap.m.Input{\"path\":\"\",\"propertyPath\":\"/SALES_AREA_VKORG\",\"modelName\":\"NewYardModel\"}"}]}
RESULT: {"script":"<script> [1562 bytes]","args":[{"selector":{"controlType":"sap.m.Input","viewName":"etm.portal.ui.manageyards.view.New","viewId":"application-manageyards-display-component---NewYard","bindingPath":{"path":"","propertyPath":"/SALES_AREA_VKORG","modelName":"NewYardModel"},"interaction":{"idSuffix":"inner"}},"wdio_ui5_key":"etmportal.ui.manageyards.view.Newsap.m.Input{\"path\":\"\",\"propertyPath\":\"/SALES_AREA_VKORG\",\"modelName\":\"NewYardModel\"}"}]}
RESULT: undefined
COMMAND: POST /session/b4821e91125fc57ae8b08a301666550d/execute/async - {"script":"<script> [776 bytes]","args":[{"enterText":"C002","selector":{"controlType":"sap.m.Input","viewName":"etm.portal.ui.manageyards.view.New","viewId":"application-manageyards-display-component---NewYard","bindingPath":{"path":"","propertyPath":"/SALES_AREA_VKORG","modelName":"NewYardModel"},"interaction":{"idSuffix":"inner"}},"clearTextFirst":true,"interactionType":"ENTER_TEXT"}]}
RESULT: {"script":"<script> [776 bytes]","args":[{"enterText":"C002","selector":{"controlType":"sap.m.Input","viewName":"etm.portal.ui.manageyards.view.New","viewId":"application-manageyards-display-component---NewYard","bindingPath":{"path":"","propertyPath":"/SALES_AREA_VKORG","modelName":"NewYardModel"},"interaction":{"idSuffix":"inner"}},"clearTextFirst":true,"interactionType":"ENTER_TEXT"}]}
COMMAND: POST /session/b4821e91125fc57ae8b08a301666550d/execute/async - {"script":"<script> [1562 bytes]","args":[{"selector":{"controlType":"sap.m.Input","viewName":"etm.portal.ui.manageyards.view.New","viewId":"application-manageyards-display-component---NewYard","bindingPath":{"path":"","propertyPath":"/SALES_AREA_VTWEG","modelName":"NewYardModel"},"interaction":{"idSuffix":"inner"}},"wdio_ui5_key":"etmportal.ui.manageyards.view.Newsap.m.Input{\"path\":\"\",\"propertyPath\":\"/SALES_AREA_VTWEG\",\"modelName\":\"NewYardModel\"}"}]}
RESULT: {"script":"<script> [1562 bytes]","args":[{"selector":{"controlType":"sap.m.Input","viewName":"etm.portal.ui.manageyards.view.New","viewId":"application-manageyards-display-component---NewYard","bindingPath":{"path":"","propertyPath":"/SALES_AREA_VTWEG","modelName":"NewYardModel"},"interaction":{"idSuffix":"inner"}},"wdio_ui5_key":"etmportal.ui.manageyards.view.Newsap.m.Input{\"path\":\"\",\"propertyPath\":\"/SALES_AREA_VTWEG\",\"modelName\":\"NewYardModel\"}"}]}
RESULT: undefined
COMMAND: POST /session/b4821e91125fc57ae8b08a301666550d/execute/async - {"script":"<script> [776 bytes]","args":[{"enterText":"C2","selector":{"controlType":"sap.m.Input","viewName":"etm.portal.ui.manageyards.view.New","viewId":"application-manageyards-display-component---NewYard","bindingPath":{"path":"","propertyPath":"/SALES_AREA_VTWEG","modelName":"NewYardModel"},"interaction":{"idSuffix":"inner"}},"clearTextFirst":true,"interactionType":"ENTER_TEXT"}]}
RESULT: {"script":"<script> [776 bytes]","args":[{"enterText":"C2","selector":{"controlType":"sap.m.Input","viewName":"etm.portal.ui.manageyards.view.New","viewId":"application-manageyards-display-component---NewYard","bindingPath":{"path":"","propertyPath":"/SALES_AREA_VTWEG","modelName":"NewYardModel"},"interaction":{"idSuffix":"inner"}},"clearTextFirst":true,"interactionType":"ENTER_TEXT"}]}
COMMAND: POST /session/b4821e91125fc57ae8b08a301666550d/execute/async - {"script":"<script> [1562 bytes]","args":[{"selector":{"controlType":"sap.m.Input","viewName":"etm.portal.ui.manageyards.view.New","viewId":"application-manageyards-display-component---NewYard","bindingPath":{"path":"","propertyPath":"/SALES_AREA_SPART","modelName":"NewYardModel"},"interaction":{"idSuffix":"inner"}},"wdio_ui5_key":"etmportal.ui.manageyards.view.Newsap.m.Input{\"path\":\"\",\"propertyPath\":\"/SALES_AREA_SPART\",\"modelName\":\"NewYardModel\"}"}]}
RESULT: {"script":"<script> [1562 bytes]","args":[{"selector":{"controlType":"sap.m.Input","viewName":"etm.portal.ui.manageyards.view.New","viewId":"application-manageyards-display-component---NewYard","bindingPath":{"path":"","propertyPath":"/SALES_AREA_SPART","modelName":"NewYardModel"},"interaction":{"idSuffix":"inner"}},"wdio_ui5_key":"etmportal.ui.manageyards.view.Newsap.m.Input{\"path\":\"\",\"propertyPath\":\"/SALES_AREA_SPART\",\"modelName\":\"NewYardModel\"}"}]}
RESULT: undefined
COMMAND: POST /session/b4821e91125fc57ae8b08a301666550d/execute/async - {"script":"<script> [776 bytes]","args":[{"enterText":"C2","selector":{"controlType":"sap.m.Input","viewName":"etm.portal.ui.manageyards.view.New","viewId":"application-manageyards-display-component---NewYard","bindingPath":{"path":"","propertyPath":"/SALES_AREA_SPART","modelName":"NewYardModel"},"interaction":{"idSuffix":"inner"}},"clearTextFirst":true,"interactionType":"ENTER_TEXT"}]}
RESULT: {"script":"<script> [776 bytes]","args":[{"enterText":"C2","selector":{"controlType":"sap.m.Input","viewName":"etm.portal.ui.manageyards.view.New","viewId":"application-manageyards-display-component---NewYard","bindingPath":{"path":"","propertyPath":"/SALES_AREA_SPART","modelName":"NewYardModel"},"interaction":{"idSuffix":"inner"}},"clearTextFirst":true,"interactionType":"ENTER_TEXT"}]}
COMMAND: POST /session/b4821e91125fc57ae8b08a301666550d/execute/async - {"script":"<script> [1562 bytes]","args":[{"selector":{"controlType":"sap.m.Input","viewName":"etm.portal.ui.manageyards.view.New","viewId":"application-manageyards-display-component---NewYard","bindingPath":{"path":"","propertyPath":"/SHIP_POINT","modelName":"NewYardModel"},"interaction":{"idSuffix":"inner"}},"wdio_ui5_key":"etmportal.ui.manageyards.view.Newsap.m.Input{\"path\":\"\",\"propertyPath\":\"/SHIP_POINT\",\"modelName\":\"NewYardModel\"}"}]}
RESULT: {"script":"<script> [1562 bytes]","args":[{"selector":{"controlType":"sap.m.Input","viewName":"etm.portal.ui.manageyards.view.New","viewId":"application-manageyards-display-component---NewYard","bindingPath":{"path":"","propertyPath":"/SHIP_POINT","modelName":"NewYardModel"},"interaction":{"idSuffix":"inner"}},"wdio_ui5_key":"etmportal.ui.manageyards.view.Newsap.m.Input{\"path\":\"\",\"propertyPath\":\"/SHIP_POINT\",\"modelName\":\"NewYardModel\"}"}]}
RESULT: undefined
COMMAND: POST /session/b4821e91125fc57ae8b08a301666550d/execute/async - {"script":"<script> [776 bytes]","args":[{"enterText":"1710","selector":{"controlType":"sap.m.Input","viewName":"etm.portal.ui.manageyards.view.New","viewId":"application-manageyards-display-component---NewYard","bindingPath":{"path":"","propertyPath":"/SHIP_POINT","modelName":"NewYardModel"},"interaction":{"idSuffix":"inner"}},"clearTextFirst":true,"interactionType":"ENTER_TEXT"}]}
RESULT: {"script":"<script> [776 bytes]","args":[{"enterText":"1710","selector":{"controlType":"sap.m.Input","viewName":"etm.portal.ui.manageyards.view.New","viewId":"application-manageyards-display-component---NewYard","bindingPath":{"path":"","propertyPath":"/SHIP_POINT","modelName":"NewYardModel"},"interaction":{"idSuffix":"inner"}},"clearTextFirst":true,"interactionType":"ENTER_TEXT"}]}
COMMAND: POST /session/b4821e91125fc57ae8b08a301666550d/execute/async - {"script":"<script> [1562 bytes]","args":[{"selector":{"controlType":"sap.m.Input","viewName":"etm.portal.ui.manageyards.view.New","viewId":"application-manageyards-display-component---NewYard","bindingPath":{"path":"","propertyPath":"/DELIVERY_TYPE","modelName":"NewYardModel"},"interaction":{"idSuffix":"inner"}},"wdio_ui5_key":"etmportal.ui.manageyards.view.Newsap.m.Input{\"path\":\"\",\"propertyPath\":\"/DELIVERY_TYPE\",\"modelName\":\"NewYardModel\"}"}]}
RESULT: {"script":"<script> [1562 bytes]","args":[{"selector":{"controlType":"sap.m.Input","viewName":"etm.portal.ui.manageyards.view.New","viewId":"application-manageyards-display-component---NewYard","bindingPath":{"path":"","propertyPath":"/DELIVERY_TYPE","modelName":"NewYardModel"},"interaction":{"idSuffix":"inner"}},"wdio_ui5_key":"etmportal.ui.manageyards.view.Newsap.m.Input{\"path\":\"\",\"propertyPath\":\"/DELIVERY_TYPE\",\"modelName\":\"NewYardModel\"}"}]}
RESULT: undefined
COMMAND: POST /session/b4821e91125fc57ae8b08a301666550d/execute/async - {"script":"<script> [776 bytes]","args":[{"enterText":"ZL01","selector":{"controlType":"sap.m.Input","viewName":"etm.portal.ui.manageyards.view.New","viewId":"application-manageyards-display-component---NewYard","bindingPath":{"path":"","propertyPath":"/DELIVERY_TYPE","modelName":"NewYardModel"},"interaction":{"idSuffix":"inner"}},"clearTextFirst":true,"interactionType":"ENTER_TEXT"}]}
RESULT: {"script":"<script> [776 bytes]","args":[{"enterText":"ZL01","selector":{"controlType":"sap.m.Input","viewName":"etm.portal.ui.manageyards.view.New","viewId":"application-manageyards-display-component---NewYard","bindingPath":{"path":"","propertyPath":"/DELIVERY_TYPE","modelName":"NewYardModel"},"interaction":{"idSuffix":"inner"}},"clearTextFirst":true,"interactionType":"ENTER_TEXT"}]}
COMMAND: POST /session/b4821e91125fc57ae8b08a301666550d/execute/async - {"script":"<script> [1562 bytes]","args":[{"selector":{"controlType":"sap.m.Input","viewName":"etm.portal.ui.manageyards.view.New","viewId":"application-manageyards-display-component---NewYard","bindingPath":{"path":"","propertyPath":"/AUART","modelName":"NewYardModel"},"interaction":{"idSuffix":"inner"}},"wdio_ui5_key":"etmportal.ui.manageyards.view.Newsap.m.Input{\"path\":\"\",\"propertyPath\":\"/AUART\",\"modelName\":\"NewYardModel\"}"}]}
RESULT: {"script":"<script> [1562 bytes]","args":[{"selector":{"controlType":"sap.m.Input","viewName":"etm.portal.ui.manageyards.view.New","viewId":"application-manageyards-display-component---NewYard","bindingPath":{"path":"","propertyPath":"/AUART","modelName":"NewYardModel"},"interaction":{"idSuffix":"inner"}},"wdio_ui5_key":"etmportal.ui.manageyards.view.Newsap.m.Input{\"path\":\"\",\"propertyPath\":\"/AUART\",\"modelName\":\"NewYardModel\"}"}]}
RESULT: undefined
COMMAND: POST /session/b4821e91125fc57ae8b08a301666550d/execute/async - {"script":"<script> [776 bytes]","args":[{"enterText":"TA","selector":{"controlType":"sap.m.Input","viewName":"etm.portal.ui.manageyards.view.New","viewId":"application-manageyards-display-component---NewYard","bindingPath":{"path":"","propertyPath":"/AUART","modelName":"NewYardModel"},"interaction":{"idSuffix":"inner"}},"clearTextFirst":true,"interactionType":"ENTER_TEXT"}]}
RESULT: {"script":"<script> [776 bytes]","args":[{"enterText":"TA","selector":{"controlType":"sap.m.Input","viewName":"etm.portal.ui.manageyards.view.New","viewId":"application-manageyards-display-component---NewYard","bindingPath":{"path":"","propertyPath":"/AUART","modelName":"NewYardModel"},"interaction":{"idSuffix":"inner"}},"clearTextFirst":true,"interactionType":"ENTER_TEXT"}]}
COMMAND: POST /session/b4821e91125fc57ae8b08a301666550d/execute/async - {"script":"<script> [1562 bytes]","args":[{"selector":{"id":"application-manageyards-display-component---NewYard--whmCheckBox","interaction":{"idSuffix":"CbBg"}},"wdio_ui5_key":"applicationmanageyards-display-component---NewYard--whmCheckBox"}]}
RESULT: {"script":"<script> [1562 bytes]","args":[{"selector":{"id":"application-manageyards-display-component---NewYard--whmCheckBox","interaction":{"idSuffix":"CbBg"}},"wdio_ui5_key":"applicationmanageyards-display-component---NewYard--whmCheckBox"}]}
RESULT: undefined
COMMAND: POST /session/b4821e91125fc57ae8b08a301666550d/element - {"using":"xpath","value":"//*[@id=\"application-manageyards-display-component---NewYard--whmCheckBox\"]"}
RESULT: {"using":"xpath","value":"//*[@id=\"application-manageyards-display-component---NewYard--whmCheckBox\"]"}
COMMAND: POST /session/b4821e91125fc57ae8b08a301666550d/element/f.0C7D383FA3E737A876F1AD61BD78151D.d.C729EAA0D9F932556AA473854CBEFB24.e.789/click - {}
RESULT: {}
COMMAND: GET /session/b4821e91125fc57ae8b08a301666550d/screenshot - {}
RESULT: {}
COMMAND: POST /session/b4821e91125fc57ae8b08a301666550d/element - {"using":"xpath","value":"//button[@data-kt=\"newYardSaveButton\"]"}
RESULT: {"using":"xpath","value":"//button[@data-kt=\"newYardSaveButton\"]"}
COMMAND: POST /session/b4821e91125fc57ae8b08a301666550d/element/f.0C7D383FA3E737A876F1AD61BD78151D.d.C729EAA0D9F932556AA473854CBEFB24.e.680/click - {}
RESULT: {}
COMMAND: GET /session/b4821e91125fc57ae8b08a301666550d/screenshot - {}
RESULT: {}
COMMAND: POST /session/b4821e91125fc57ae8b08a301666550d/element - {"using":"xpath","value":"//header[contains(@id, 'ObjectPageLayout-headerTitle')]/div[1]/div[2]/div[1]/span[1]"}
RESULT: {"using":"xpath","value":"//header[contains(@id, 'ObjectPageLayout-headerTitle')]/div[1]/div[2]/div[1]/span[1]"}
COMMAND: POST /session/b4821e91125fc57ae8b08a301666550d/elements - {"using":"xpath","value":"//header[contains(@id, 'ObjectPageLayout-headerTitle')]/div[1]/div[2]/div[1]/span[1]"}
RESULT: {"using":"xpath","value":"//header[contains(@id, 'ObjectPageLayout-headerTitle')]/div[1]/div[2]/div[1]/span[1]"}
COMMAND: POST /session/b4821e91125fc57ae8b08a301666550d/execute/sync - {"script":"<script> [56 bytes]","args":[{"element-6066-11e4-a52e-4f735466cecf":"f.0C7D383FA3E737A876F1AD61BD78151D.d.C729EAA0D9F932556AA473854CBEFB24.e.994","ELEMENT":"f.0C7D383FA3E737A876F1AD61BD78151D.d.C729EAA0D9F932556AA473854CBEFB24.e.994"}]}
RESULT: {"script":"<script> [56 bytes]","args":[{"element-6066-11e4-a52e-4f735466cecf":"f.0C7D383FA3E737A876F1AD61BD78151D.d.C729EAA0D9F932556AA473854CBEFB24.e.994","ELEMENT":"f.0C7D383FA3E737A876F1AD61BD78151D.d.C729EAA0D9F932556AA473854CBEFB24.e.994"}]}
COMMAND: GET /session/b4821e91125fc57ae8b08a301666550d/screenshot - {}
RESULT: {}
COMMAND: POST /session/b4821e91125fc57ae8b08a301666550d/element - {"using":"css selector","value":"#shell-header-logo"}
RESULT: {"using":"css selector","value":"#shell-header-logo"}
COMMAND: POST /session/b4821e91125fc57ae8b08a301666550d/element/f.0C7D383FA3E737A876F1AD61BD78151D.d.C729EAA0D9F932556AA473854CBEFB24.e.234/click - {}
RESULT: {}
COMMAND: GET /session/b4821e91125fc57ae8b08a301666550d/screenshot - {}
RESULT: {}
COMMAND: POST /session/b4821e91125fc57ae8b08a301666550d/execute/sync - {"script":"<script> [299 bytes]","args":[["getModel","getResource"]]}
RESULT: {"script":"<script> [299 bytes]","args":[["getModel","getResource"]]}
COMMAND: GET /session/b4821e91125fc57ae8b08a301666550d/screenshot - {}
]]></system-out>
    </testcase>
    <testcase classname="chrome.136_0_7103_93.windows.Stock_increase_-_with_WHM_US125587" name="Should create a new external WHM partner" time="89.388">
      <system-out><![CDATA[
COMMAND: POST /session/b4821e91125fc57ae8b08a301666550d/window/fullscreen - {}
RESULT: {}
RESULT: {}
COMMAND: POST /session/b4821e91125fc57ae8b08a301666550d/execute/async - {"script":"<script> [1562 bytes]","args":[{"selector":{"controlType":"sap.m.GenericTile","properties":{"header":"Manage Partners"}},"wdio_ui5_key":"sapm.GenericTile{\"header\":\"Manage Partners\"}"}]}
RESULT: {"script":"<script> [1562 bytes]","args":[{"selector":{"controlType":"sap.m.GenericTile","properties":{"header":"Manage Partners"}},"wdio_ui5_key":"sapm.GenericTile{\"header\":\"Manage Partners\"}"}]}
RESULT: undefined
COMMAND: POST /session/b4821e91125fc57ae8b08a301666550d/element - {"using":"xpath","value":"//*[@id=\"__tile38\"]"}
RESULT: {"using":"xpath","value":"//*[@id=\"__tile38\"]"}
COMMAND: POST /session/b4821e91125fc57ae8b08a301666550d/element/f.0C7D383FA3E737A876F1AD61BD78151D.d.C729EAA0D9F932556AA473854CBEFB24.e.120/click - {}
RESULT: {}
COMMAND: GET /session/b4821e91125fc57ae8b08a301666550d/screenshot - {}
RESULT: {}
COMMAND: POST /session/b4821e91125fc57ae8b08a301666550d/elements - {"using":"xpath","value":"//span[text()='Error']"}
RESULT: {"using":"xpath","value":"//span[text()='Error']"}
COMMAND: POST /session/b4821e91125fc57ae8b08a301666550d/element - {"using":"xpath","value":"//button[@data-kt=\"addButton\"]"}
RESULT: {"using":"xpath","value":"//button[@data-kt=\"addButton\"]"}
COMMAND: POST /session/b4821e91125fc57ae8b08a301666550d/elements - {"using":"xpath","value":"//button[@data-kt=\"addButton\"]"}
RESULT: {"using":"xpath","value":"//button[@data-kt=\"addButton\"]"}
COMMAND: POST /session/b4821e91125fc57ae8b08a301666550d/execute/sync - {"script":"<script> [8489 bytes]","args":[{"element-6066-11e4-a52e-4f735466cecf":"f.0C7D383FA3E737A876F1AD61BD78151D.d.C729EAA0D9F932556AA473854CBEFB24.e.1043","ELEMENT":"f.0C7D383FA3E737A876F1AD61BD78151D.d.C729EAA0D9F932556AA473854CBEFB24.e.1043"}]}
RESULT: {"script":"<script> [8489 bytes]","args":[{"element-6066-11e4-a52e-4f735466cecf":"f.0C7D383FA3E737A876F1AD61BD78151D.d.C729EAA0D9F932556AA473854CBEFB24.e.1043","ELEMENT":"f.0C7D383FA3E737A876F1AD61BD78151D.d.C729EAA0D9F932556AA473854CBEFB24.e.1043"}]}
COMMAND: GET /session/b4821e91125fc57ae8b08a301666550d/element/f.0C7D383FA3E737A876F1AD61BD78151D.d.C729EAA0D9F932556AA473854CBEFB24.e.1043/enabled - {}
COMMAND: GET /session/b4821e91125fc57ae8b08a301666550d/screenshot - {}
RESULT: {}
COMMAND: POST /session/b4821e91125fc57ae8b08a301666550d/execute/sync - {"script":"<script> [8489 bytes]","args":[{"element-6066-11e4-a52e-4f735466cecf":"f.0C7D383FA3E737A876F1AD61BD78151D.d.C729EAA0D9F932556AA473854CBEFB24.e.1043","ELEMENT":"f.0C7D383FA3E737A876F1AD61BD78151D.d.C729EAA0D9F932556AA473854CBEFB24.e.1043"}]}
COMMAND: GET /session/b4821e91125fc57ae8b08a301666550d/screenshot - {}
RESULT: {}
RESULT: {"script":"<script> [8489 bytes]","args":[{"element-6066-11e4-a52e-4f735466cecf":"f.0C7D383FA3E737A876F1AD61BD78151D.d.C729EAA0D9F932556AA473854CBEFB24.e.1043","ELEMENT":"f.0C7D383FA3E737A876F1AD61BD78151D.d.C729EAA0D9F932556AA473854CBEFB24.e.1043"}]}
COMMAND: POST /session/b4821e91125fc57ae8b08a301666550d/execute/sync - {"script":"<script> [5351 bytes]","args":[{"element-6066-11e4-a52e-4f735466cecf":"f.0C7D383FA3E737A876F1AD61BD78151D.d.C729EAA0D9F932556AA473854CBEFB24.e.1043","ELEMENT":"f.0C7D383FA3E737A876F1AD61BD78151D.d.C729EAA0D9F932556AA473854CBEFB24.e.1043"}]}
COMMAND: GET /session/b4821e91125fc57ae8b08a301666550d/screenshot - {}
RESULT: {}
RESULT: {"script":"<script> [5351 bytes]","args":[{"element-6066-11e4-a52e-4f735466cecf":"f.0C7D383FA3E737A876F1AD61BD78151D.d.C729EAA0D9F932556AA473854CBEFB24.e.1043","ELEMENT":"f.0C7D383FA3E737A876F1AD61BD78151D.d.C729EAA0D9F932556AA473854CBEFB24.e.1043"}]}
COMMAND: POST /session/b4821e91125fc57ae8b08a301666550d/element/f.0C7D383FA3E737A876F1AD61BD78151D.d.C729EAA0D9F932556AA473854CBEFB24.e.1043/click - {}
COMMAND: GET /session/b4821e91125fc57ae8b08a301666550d/screenshot - {}
RESULT: {}
RESULT: {}
COMMAND: GET /session/b4821e91125fc57ae8b08a301666550d/screenshot - {}
COMMAND: POST /session/b4821e91125fc57ae8b08a301666550d/execute/async - {"script":"<script> [1562 bytes]","args":[{"selector":{"id":"application-managepartners-display-component---NewPartner--addressDetailDetailsName1","interaction":{"idSuffix":"inner"}},"wdio_ui5_key":"applicationmanagepartners-display-component---NewPartner--addressDetailDetailsName1"}]}
RESULT: {}
RESULT: {}
RESULT: {"script":"<script> [1562 bytes]","args":[{"selector":{"id":"application-managepartners-display-component---NewPartner--addressDetailDetailsName1","interaction":{"idSuffix":"inner"}},"wdio_ui5_key":"applicationmanagepartners-display-component---NewPartner--addressDetailDetailsName1"}]}
RESULT: undefined
COMMAND: POST /session/b4821e91125fc57ae8b08a301666550d/execute/async - {"script":"<script> [776 bytes]","args":[{"enterText":"External Partner WDIO","selector":{"id":"application-managepartners-display-component---NewPartner--addressDetailDetailsName1","interaction":{"idSuffix":"inner"}},"clearTextFirst":true,"interactionType":"ENTER_TEXT"}]}
RESULT: {"script":"<script> [776 bytes]","args":[{"enterText":"External Partner WDIO","selector":{"id":"application-managepartners-display-component---NewPartner--addressDetailDetailsName1","interaction":{"idSuffix":"inner"}},"clearTextFirst":true,"interactionType":"ENTER_TEXT"}]}
COMMAND: POST /session/b4821e91125fc57ae8b08a301666550d/execute/async - {"script":"<script> [1562 bytes]","args":[{"selector":{"id":"application-managepartners-display-component---NewPartner--addressDetailDetailsLanguage-arrow"},"wdio_ui5_key":"applicationmanagepartners-display-component---NewPartner--addressDetailDetailsLanguage-arrow"}]}
RESULT: {"script":"<script> [1562 bytes]","args":[{"selector":{"id":"application-managepartners-display-component---NewPartner--addressDetailDetailsLanguage-arrow"},"wdio_ui5_key":"applicationmanagepartners-display-component---NewPartner--addressDetailDetailsLanguage-arrow"}]}
RESULT: undefined
COMMAND: POST /session/b4821e91125fc57ae8b08a301666550d/element - {"using":"xpath","value":"//*[@id=\"application-managepartners-display-component---NewPartner--addressDetailDetailsLanguage-arrow\"]"}
RESULT: {"using":"xpath","value":"//*[@id=\"application-managepartners-display-component---NewPartner--addressDetailDetailsLanguage-arrow\"]"}
COMMAND: POST /session/b4821e91125fc57ae8b08a301666550d/element/f.0C7D383FA3E737A876F1AD61BD78151D.d.C729EAA0D9F932556AA473854CBEFB24.e.1473/click - {}
RESULT: {}
COMMAND: POST /session/b4821e91125fc57ae8b08a301666550d/element - {"using":"xpath","value":"//span[contains(text(), \"English\")]"}
COMMAND: GET /session/b4821e91125fc57ae8b08a301666550d/screenshot - {}
RESULT: {"using":"xpath","value":"//span[contains(text(), \"English\")]"}
COMMAND: POST /session/b4821e91125fc57ae8b08a301666550d/element/f.0C7D383FA3E737A876F1AD61BD78151D.d.C729EAA0D9F932556AA473854CBEFB24.e.1474/click - {}
RESULT: {}
RESULT: {}
COMMAND: GET /session/b4821e91125fc57ae8b08a301666550d/screenshot - {}
RESULT: {}
COMMAND: POST /session/b4821e91125fc57ae8b08a301666550d/execute/async - {"script":"<script> [1562 bytes]","args":[{"selector":{"id":"application-managepartners-display-component---NewPartner--addressDetailDetailsCity1","interaction":{"idSuffix":"inner"}},"wdio_ui5_key":"applicationmanagepartners-display-component---NewPartner--addressDetailDetailsCity1"}]}
RESULT: {"script":"<script> [1562 bytes]","args":[{"selector":{"id":"application-managepartners-display-component---NewPartner--addressDetailDetailsCity1","interaction":{"idSuffix":"inner"}},"wdio_ui5_key":"applicationmanagepartners-display-component---NewPartner--addressDetailDetailsCity1"}]}
RESULT: undefined
COMMAND: POST /session/b4821e91125fc57ae8b08a301666550d/execute/async - {"script":"<script> [776 bytes]","args":[{"enterText":"Rosario","selector":{"id":"application-managepartners-display-component---NewPartner--addressDetailDetailsCity1","interaction":{"idSuffix":"inner"}},"clearTextFirst":true,"interactionType":"ENTER_TEXT"}]}
RESULT: {"script":"<script> [776 bytes]","args":[{"enterText":"Rosario","selector":{"id":"application-managepartners-display-component---NewPartner--addressDetailDetailsCity1","interaction":{"idSuffix":"inner"}},"clearTextFirst":true,"interactionType":"ENTER_TEXT"}]}
COMMAND: POST /session/b4821e91125fc57ae8b08a301666550d/execute/async - {"script":"<script> [1562 bytes]","args":[{"selector":{"id":"application-managepartners-display-component---NewPartner--addressDetailDetailsCountry-arrow"},"wdio_ui5_key":"applicationmanagepartners-display-component---NewPartner--addressDetailDetailsCountry-arrow"}]}
RESULT: {"script":"<script> [1562 bytes]","args":[{"selector":{"id":"application-managepartners-display-component---NewPartner--addressDetailDetailsCountry-arrow"},"wdio_ui5_key":"applicationmanagepartners-display-component---NewPartner--addressDetailDetailsCountry-arrow"}]}
RESULT: undefined
COMMAND: POST /session/b4821e91125fc57ae8b08a301666550d/element - {"using":"xpath","value":"//*[@id=\"application-managepartners-display-component---NewPartner--addressDetailDetailsCountry-arrow\"]"}
RESULT: {"using":"xpath","value":"//*[@id=\"application-managepartners-display-component---NewPartner--addressDetailDetailsCountry-arrow\"]"}
COMMAND: POST /session/b4821e91125fc57ae8b08a301666550d/element/f.0C7D383FA3E737A876F1AD61BD78151D.d.C729EAA0D9F932556AA473854CBEFB24.e.1440/click - {}
RESULT: {}
COMMAND: POST /session/b4821e91125fc57ae8b08a301666550d/element - {"using":"xpath","value":"//span[contains(text(), \"Argentina\")]"}
COMMAND: GET /session/b4821e91125fc57ae8b08a301666550d/screenshot - {}
RESULT: {"using":"xpath","value":"//span[contains(text(), \"Argentina\")]"}
COMMAND: POST /session/b4821e91125fc57ae8b08a301666550d/element/f.0C7D383FA3E737A876F1AD61BD78151D.d.C729EAA0D9F932556AA473854CBEFB24.e.1476/click - {}
RESULT: {}
RESULT: {}
COMMAND: GET /session/b4821e91125fc57ae8b08a301666550d/screenshot - {}
RESULT: {}
COMMAND: POST /session/b4821e91125fc57ae8b08a301666550d/element - {"using":"xpath","value":"//bdi[contains(text(), \"Commercial\")]"}
RESULT: {"using":"xpath","value":"//bdi[contains(text(), \"Commercial\")]"}
COMMAND: POST /session/b4821e91125fc57ae8b08a301666550d/element/f.0C7D383FA3E737A876F1AD61BD78151D.d.C729EAA0D9F932556AA473854CBEFB24.e.1477/click - {}
RESULT: {}
COMMAND: GET /session/b4821e91125fc57ae8b08a301666550d/screenshot - {}
RESULT: {}
COMMAND: POST /session/b4821e91125fc57ae8b08a301666550d/execute/async - {"script":"<script> [1562 bytes]","args":[{"selector":{"id":"application-managepartners-display-component---NewPartner--partnerDetailInternal-arrow"},"wdio_ui5_key":"applicationmanagepartners-display-component---NewPartner--partnerDetailInternal-arrow"}]}
RESULT: {"script":"<script> [1562 bytes]","args":[{"selector":{"id":"application-managepartners-display-component---NewPartner--partnerDetailInternal-arrow"},"wdio_ui5_key":"applicationmanagepartners-display-component---NewPartner--partnerDetailInternal-arrow"}]}
RESULT: undefined
COMMAND: POST /session/b4821e91125fc57ae8b08a301666550d/element - {"using":"xpath","value":"//*[@id=\"application-managepartners-display-component---NewPartner--partnerDetailInternal-arrow\"]"}
RESULT: {"using":"xpath","value":"//*[@id=\"application-managepartners-display-component---NewPartner--partnerDetailInternal-arrow\"]"}
COMMAND: POST /session/b4821e91125fc57ae8b08a301666550d/element/f.0C7D383FA3E737A876F1AD61BD78151D.d.C729EAA0D9F932556AA473854CBEFB24.e.1483/click - {}
RESULT: {}
COMMAND: POST /session/b4821e91125fc57ae8b08a301666550d/element - {"using":"xpath","value":"//span[contains(text(), \"External partner\")]"}
COMMAND: GET /session/b4821e91125fc57ae8b08a301666550d/screenshot - {}
RESULT: {"using":"xpath","value":"//span[contains(text(), \"External partner\")]"}
COMMAND: POST /session/b4821e91125fc57ae8b08a301666550d/element/f.0C7D383FA3E737A876F1AD61BD78151D.d.C729EAA0D9F932556AA473854CBEFB24.e.1484/click - {}
RESULT: {}
RESULT: {}
COMMAND: POST /session/b4821e91125fc57ae8b08a301666550d/execute/async - {"script":"<script> [1562 bytes]","args":[{"selector":{"id":"application-managepartners-display-component---NewPartner--partnerDetailsCurrency-arrow"},"wdio_ui5_key":"applicationmanagepartners-display-component---NewPartner--partnerDetailsCurrency-arrow"}]}
COMMAND: GET /session/b4821e91125fc57ae8b08a301666550d/screenshot - {}
RESULT: {"script":"<script> [1562 bytes]","args":[{"selector":{"id":"application-managepartners-display-component---NewPartner--partnerDetailsCurrency-arrow"},"wdio_ui5_key":"applicationmanagepartners-display-component---NewPartner--partnerDetailsCurrency-arrow"}]}
RESULT: undefined
COMMAND: POST /session/b4821e91125fc57ae8b08a301666550d/element - {"using":"xpath","value":"//*[@id=\"application-managepartners-display-component---NewPartner--partnerDetailsCurrency-arrow\"]"}
RESULT: {}
RESULT: {"using":"xpath","value":"//*[@id=\"application-managepartners-display-component---NewPartner--partnerDetailsCurrency-arrow\"]"}
COMMAND: POST /session/b4821e91125fc57ae8b08a301666550d/element/f.0C7D383FA3E737A876F1AD61BD78151D.d.C729EAA0D9F932556AA473854CBEFB24.e.1489/click - {}
RESULT: {}
COMMAND: POST /session/b4821e91125fc57ae8b08a301666550d/element - {"using":"xpath","value":"//span[contains(text(), \"US Dollar\")]"}
COMMAND: GET /session/b4821e91125fc57ae8b08a301666550d/screenshot - {}
RESULT: {"using":"xpath","value":"//span[contains(text(), \"US Dollar\")]"}
COMMAND: POST /session/b4821e91125fc57ae8b08a301666550d/element/f.0C7D383FA3E737A876F1AD61BD78151D.d.C729EAA0D9F932556AA473854CBEFB24.e.1490/click - {}
RESULT: {}
RESULT: {}
COMMAND: GET /session/b4821e91125fc57ae8b08a301666550d/screenshot - {}
RESULT: {}
COMMAND: POST /session/b4821e91125fc57ae8b08a301666550d/element - {"using":"xpath","value":"//input[@id=\"application-managepartners-display-component---NewPartner--companyCodeComboBox-inner\"]"}
RESULT: {"using":"xpath","value":"//input[@id=\"application-managepartners-display-component---NewPartner--companyCodeComboBox-inner\"]"}
COMMAND: POST /session/b4821e91125fc57ae8b08a301666550d/element/f.0C7D383FA3E737A876F1AD61BD78151D.d.C729EAA0D9F932556AA473854CBEFB24.e.1353/clear - {}
RESULT: {}
COMMAND: POST /session/b4821e91125fc57ae8b08a301666550d/element/f.0C7D383FA3E737A876F1AD61BD78151D.d.C729EAA0D9F932556AA473854CBEFB24.e.1353/value - {"text":"C002"}
COMMAND: GET /session/b4821e91125fc57ae8b08a301666550d/screenshot - {}
RESULT: {"text":"C002"}
COMMAND: GET /session/b4821e91125fc57ae8b08a301666550d/screenshot - {}
RESULT: {}
RESULT: {}
COMMAND: POST /session/b4821e91125fc57ae8b08a301666550d/element - {"using":"xpath","value":"//li[.//span[text()= \"C002\"]]"}
RESULT: {"using":"xpath","value":"//li[.//span[text()= \"C002\"]]"}
COMMAND: POST /session/b4821e91125fc57ae8b08a301666550d/element/f.0C7D383FA3E737A876F1AD61BD78151D.d.C729EAA0D9F932556AA473854CBEFB24.e.1494/click - {}
RESULT: {}
COMMAND: GET /session/b4821e91125fc57ae8b08a301666550d/screenshot - {}
RESULT: {}
COMMAND: POST /session/b4821e91125fc57ae8b08a301666550d/execute/async - {"script":"<script> [1562 bytes]","args":[{"selector":{"id":"application-managepartners-display-component---NewPartner--btnAddTableRow-img"},"wdio_ui5_key":"applicationmanagepartners-display-component---NewPartner--btnAddTableRow-img"}]}
RESULT: {"script":"<script> [1562 bytes]","args":[{"selector":{"id":"application-managepartners-display-component---NewPartner--btnAddTableRow-img"},"wdio_ui5_key":"applicationmanagepartners-display-component---NewPartner--btnAddTableRow-img"}]}
RESULT: undefined
COMMAND: POST /session/b4821e91125fc57ae8b08a301666550d/element - {"using":"xpath","value":"//*[@id=\"application-managepartners-display-component---NewPartner--btnAddTableRow-img\"]"}
RESULT: {"using":"xpath","value":"//*[@id=\"application-managepartners-display-component---NewPartner--btnAddTableRow-img\"]"}
COMMAND: POST /session/b4821e91125fc57ae8b08a301666550d/element/f.0C7D383FA3E737A876F1AD61BD78151D.d.C729EAA0D9F932556AA473854CBEFB24.e.1495/click - {}
RESULT: {}
COMMAND: GET /session/b4821e91125fc57ae8b08a301666550d/screenshot - {}
RESULT: {}
COMMAND: POST /session/b4821e91125fc57ae8b08a301666550d/element - {"using":"xpath","value":"//input[@id=\"application-managepartners-display-component---NewPartner--assignmentYard-application-managepartners-display-component---NewPartner--assignmentsTable-0-inner\"]"}
RESULT: {"using":"xpath","value":"//input[@id=\"application-managepartners-display-component---NewPartner--assignmentYard-application-managepartners-display-component---NewPartner--assignmentsTable-0-inner\"]"}
COMMAND: POST /session/b4821e91125fc57ae8b08a301666550d/element/f.0C7D383FA3E737A876F1AD61BD78151D.d.C729EAA0D9F932556AA473854CBEFB24.e.1498/clear - {}
RESULT: {}
COMMAND: POST /session/b4821e91125fc57ae8b08a301666550d/element/f.0C7D383FA3E737A876F1AD61BD78151D.d.C729EAA0D9F932556AA473854CBEFB24.e.1498/value - {"text":"540"}
COMMAND: GET /session/b4821e91125fc57ae8b08a301666550d/screenshot - {}
RESULT: {"text":"540"}
COMMAND: GET /session/b4821e91125fc57ae8b08a301666550d/screenshot - {}
RESULT: {}
RESULT: {}
COMMAND: POST /session/b4821e91125fc57ae8b08a301666550d/element - {"using":"xpath","value":"//li[.//span[text()='540']]"}
RESULT: {"using":"xpath","value":"//li[.//span[text()='540']]"}
COMMAND: POST /session/b4821e91125fc57ae8b08a301666550d/element/f.0C7D383FA3E737A876F1AD61BD78151D.d.C729EAA0D9F932556AA473854CBEFB24.e.1506/click - {}
RESULT: {}
COMMAND: GET /session/b4821e91125fc57ae8b08a301666550d/screenshot - {}
RESULT: {}
COMMAND: POST /session/b4821e91125fc57ae8b08a301666550d/actions - {"actions":[{"id":"action2","type":"key","parameters":{},"actions":[{"type":"keyDown","value":"î€‡"},{"type":"pause","duration":10},{"type":"keyUp","value":"î€‡"}]}]}
RESULT: {"actions":[{"id":"action2","type":"key","parameters":{},"actions":[{"type":"keyDown","value":"î€‡"},{"type":"pause","duration":10},{"type":"keyUp","value":"î€‡"}]}]}
COMMAND: POST /session/b4821e91125fc57ae8b08a301666550d/element - {"using":"xpath","value":"//td[contains(@id, \"assignmentsTable-0-cell2\")]/div/div"}
COMMAND: GET /session/b4821e91125fc57ae8b08a301666550d/screenshot - {}
RESULT: {"using":"xpath","value":"//td[contains(@id, \"assignmentsTable-0-cell2\")]/div/div"}
COMMAND: POST /session/b4821e91125fc57ae8b08a301666550d/element/f.0C7D383FA3E737A876F1AD61BD78151D.d.C729EAA0D9F932556AA473854CBEFB24.e.1509/click - {}
RESULT: {}
RESULT: {}
COMMAND: GET /session/b4821e91125fc57ae8b08a301666550d/screenshot - {}
RESULT: {}
COMMAND: POST /session/b4821e91125fc57ae8b08a301666550d/element - {"using":"xpath","value":"//button[@data-kt=\"saveButton\"]"}
RESULT: {"using":"xpath","value":"//button[@data-kt=\"saveButton\"]"}
COMMAND: POST /session/b4821e91125fc57ae8b08a301666550d/element/f.0C7D383FA3E737A876F1AD61BD78151D.d.C729EAA0D9F932556AA473854CBEFB24.e.1378/click - {}
RESULT: {}
COMMAND: GET /session/b4821e91125fc57ae8b08a301666550d/screenshot - {}
RESULT: {}
COMMAND: POST /session/b4821e91125fc57ae8b08a301666550d/element - {"using":"xpath","value":"//header[contains(@id, 'ObjectPageLayout-headerTitle')]/div[1]/div[2]/div[2]/span[1]"}
RESULT: {"using":"xpath","value":"//header[contains(@id, 'ObjectPageLayout-headerTitle')]/div[1]/div[2]/div[2]/span[1]"}
COMMAND: POST /session/b4821e91125fc57ae8b08a301666550d/elements - {"using":"xpath","value":"//header[contains(@id, 'ObjectPageLayout-headerTitle')]/div[1]/div[2]/div[2]/span[1]"}
RESULT: {"using":"xpath","value":"//header[contains(@id, 'ObjectPageLayout-headerTitle')]/div[1]/div[2]/div[2]/span[1]"}
COMMAND: POST /session/b4821e91125fc57ae8b08a301666550d/execute/sync - {"script":"<script> [56 bytes]","args":[{"element-6066-11e4-a52e-4f735466cecf":"f.0C7D383FA3E737A876F1AD61BD78151D.d.C729EAA0D9F932556AA473854CBEFB24.e.1670","ELEMENT":"f.0C7D383FA3E737A876F1AD61BD78151D.d.C729EAA0D9F932556AA473854CBEFB24.e.1670"}]}
RESULT: {"script":"<script> [56 bytes]","args":[{"element-6066-11e4-a52e-4f735466cecf":"f.0C7D383FA3E737A876F1AD61BD78151D.d.C729EAA0D9F932556AA473854CBEFB24.e.1670","ELEMENT":"f.0C7D383FA3E737A876F1AD61BD78151D.d.C729EAA0D9F932556AA473854CBEFB24.e.1670"}]}
COMMAND: POST /session/b4821e91125fc57ae8b08a301666550d/element - {"using":"css selector","value":"#shell-header-logo"}
COMMAND: GET /session/b4821e91125fc57ae8b08a301666550d/screenshot - {}
RESULT: {"using":"css selector","value":"#shell-header-logo"}
COMMAND: POST /session/b4821e91125fc57ae8b08a301666550d/element/f.0C7D383FA3E737A876F1AD61BD78151D.d.C729EAA0D9F932556AA473854CBEFB24.e.998/click - {}
RESULT: {}
RESULT: {}
COMMAND: GET /session/b4821e91125fc57ae8b08a301666550d/screenshot - {}
RESULT: {}
COMMAND: POST /session/b4821e91125fc57ae8b08a301666550d/execute/sync - {"script":"<script> [299 bytes]","args":[["getModel","getResource"]]}
RESULT: {"script":"<script> [299 bytes]","args":[["getModel","getResource"]]}
COMMAND: GET /session/b4821e91125fc57ae8b08a301666550d/screenshot - {}
]]></system-out>
    </testcase>
    <testcase classname="chrome.136_0_7103_93.windows.Stock_increase_-_with_WHM_US125587" name="Should create a new WHM site" time="91.973">
      <system-out><![CDATA[
COMMAND: POST /session/b4821e91125fc57ae8b08a301666550d/execute/async - {"script":"<script> [1562 bytes]","args":[{"selector":{"controlType":"sap.m.GenericTile","properties":{"header":"Manage Sites"}},"wdio_ui5_key":"sapm.GenericTile{\"header\":\"Manage Sites\"}"}]}
RESULT: {}
RESULT: {"script":"<script> [1562 bytes]","args":[{"selector":{"controlType":"sap.m.GenericTile","properties":{"header":"Manage Sites"}},"wdio_ui5_key":"sapm.GenericTile{\"header\":\"Manage Sites\"}"}]}
RESULT: undefined
COMMAND: POST /session/b4821e91125fc57ae8b08a301666550d/element - {"using":"xpath","value":"//*[@id=\"__tile40\"]"}
RESULT: {"using":"xpath","value":"//*[@id=\"__tile40\"]"}
COMMAND: POST /session/b4821e91125fc57ae8b08a301666550d/element/f.0C7D383FA3E737A876F1AD61BD78151D.d.C729EAA0D9F932556AA473854CBEFB24.e.126/click - {}
RESULT: {}
COMMAND: GET /session/b4821e91125fc57ae8b08a301666550d/screenshot - {}
RESULT: {}
COMMAND: POST /session/b4821e91125fc57ae8b08a301666550d/elements - {"using":"xpath","value":"//span[text()='Error']"}
RESULT: {"using":"xpath","value":"//span[text()='Error']"}
COMMAND: POST /session/b4821e91125fc57ae8b08a301666550d/element - {"using":"xpath","value":"//button[@data-kt=\"addOverflowToolbarButton\"]"}
RESULT: {"using":"xpath","value":"//button[@data-kt=\"addOverflowToolbarButton\"]"}
COMMAND: POST /session/b4821e91125fc57ae8b08a301666550d/elements - {"using":"xpath","value":"//button[@data-kt=\"addOverflowToolbarButton\"]"}
RESULT: {"using":"xpath","value":"//button[@data-kt=\"addOverflowToolbarButton\"]"}
COMMAND: POST /session/b4821e91125fc57ae8b08a301666550d/execute/sync - {"script":"<script> [8489 bytes]","args":[{"element-6066-11e4-a52e-4f735466cecf":"f.0C7D383FA3E737A876F1AD61BD78151D.d.C729EAA0D9F932556AA473854CBEFB24.e.1717","ELEMENT":"f.0C7D383FA3E737A876F1AD61BD78151D.d.C729EAA0D9F932556AA473854CBEFB24.e.1717"}]}
RESULT: {"script":"<script> [8489 bytes]","args":[{"element-6066-11e4-a52e-4f735466cecf":"f.0C7D383FA3E737A876F1AD61BD78151D.d.C729EAA0D9F932556AA473854CBEFB24.e.1717","ELEMENT":"f.0C7D383FA3E737A876F1AD61BD78151D.d.C729EAA0D9F932556AA473854CBEFB24.e.1717"}]}
COMMAND: GET /session/b4821e91125fc57ae8b08a301666550d/element/f.0C7D383FA3E737A876F1AD61BD78151D.d.C729EAA0D9F932556AA473854CBEFB24.e.1717/enabled - {}
COMMAND: GET /session/b4821e91125fc57ae8b08a301666550d/screenshot - {}
RESULT: {}
COMMAND: POST /session/b4821e91125fc57ae8b08a301666550d/execute/sync - {"script":"<script> [8489 bytes]","args":[{"element-6066-11e4-a52e-4f735466cecf":"f.0C7D383FA3E737A876F1AD61BD78151D.d.C729EAA0D9F932556AA473854CBEFB24.e.1717","ELEMENT":"f.0C7D383FA3E737A876F1AD61BD78151D.d.C729EAA0D9F932556AA473854CBEFB24.e.1717"}]}
COMMAND: GET /session/b4821e91125fc57ae8b08a301666550d/screenshot - {}
RESULT: {}
RESULT: {"script":"<script> [8489 bytes]","args":[{"element-6066-11e4-a52e-4f735466cecf":"f.0C7D383FA3E737A876F1AD61BD78151D.d.C729EAA0D9F932556AA473854CBEFB24.e.1717","ELEMENT":"f.0C7D383FA3E737A876F1AD61BD78151D.d.C729EAA0D9F932556AA473854CBEFB24.e.1717"}]}
COMMAND: POST /session/b4821e91125fc57ae8b08a301666550d/execute/sync - {"script":"<script> [5351 bytes]","args":[{"element-6066-11e4-a52e-4f735466cecf":"f.0C7D383FA3E737A876F1AD61BD78151D.d.C729EAA0D9F932556AA473854CBEFB24.e.1717","ELEMENT":"f.0C7D383FA3E737A876F1AD61BD78151D.d.C729EAA0D9F932556AA473854CBEFB24.e.1717"}]}
COMMAND: GET /session/b4821e91125fc57ae8b08a301666550d/screenshot - {}
RESULT: {}
RESULT: {"script":"<script> [5351 bytes]","args":[{"element-6066-11e4-a52e-4f735466cecf":"f.0C7D383FA3E737A876F1AD61BD78151D.d.C729EAA0D9F932556AA473854CBEFB24.e.1717","ELEMENT":"f.0C7D383FA3E737A876F1AD61BD78151D.d.C729EAA0D9F932556AA473854CBEFB24.e.1717"}]}
COMMAND: POST /session/b4821e91125fc57ae8b08a301666550d/element/f.0C7D383FA3E737A876F1AD61BD78151D.d.C729EAA0D9F932556AA473854CBEFB24.e.1717/click - {}
COMMAND: GET /session/b4821e91125fc57ae8b08a301666550d/screenshot - {}
RESULT: {}
RESULT: {}
COMMAND: GET /session/b4821e91125fc57ae8b08a301666550d/screenshot - {}
RESULT: {}
COMMAND: POST /session/b4821e91125fc57ae8b08a301666550d/element - {"using":"xpath","value":"//input[@id=\"application-managesites-display-component---NewSite--siteId-inner\"]"}
RESULT: {}
RESULT: {"using":"xpath","value":"//input[@id=\"application-managesites-display-component---NewSite--siteId-inner\"]"}
COMMAND: POST /session/b4821e91125fc57ae8b08a301666550d/element - {"using":"xpath","value":"//input[@id=\"application-managesites-display-component---NewSite--siteId-inner\"]"}
RESULT: {"using":"xpath","value":"//input[@id=\"application-managesites-display-component---NewSite--siteId-inner\"]"}
COMMAND: POST /session/b4821e91125fc57ae8b08a301666550d/execute/async - {"script":"<script> [1562 bytes]","args":[{"selector":{"id":"application-managesites-display-component---NewSite--addressDetailDetailsName1","interaction":{"idSuffix":"inner"}},"wdio_ui5_key":"applicationmanagesites-display-component---NewSite--addressDetailDetailsName1"}]}
RESULT: {"script":"<script> [1562 bytes]","args":[{"selector":{"id":"application-managesites-display-component---NewSite--addressDetailDetailsName1","interaction":{"idSuffix":"inner"}},"wdio_ui5_key":"applicationmanagesites-display-component---NewSite--addressDetailDetailsName1"}]}
RESULT: undefined
COMMAND: POST /session/b4821e91125fc57ae8b08a301666550d/execute/async - {"script":"<script> [776 bytes]","args":[{"enterText":"Warehouse Managed Site WDIO","selector":{"id":"application-managesites-display-component---NewSite--addressDetailDetailsName1","interaction":{"idSuffix":"inner"}},"clearTextFirst":true,"interactionType":"ENTER_TEXT"}]}
RESULT: {"script":"<script> [776 bytes]","args":[{"enterText":"Warehouse Managed Site WDIO","selector":{"id":"application-managesites-display-component---NewSite--addressDetailDetailsName1","interaction":{"idSuffix":"inner"}},"clearTextFirst":true,"interactionType":"ENTER_TEXT"}]}
COMMAND: POST /session/b4821e91125fc57ae8b08a301666550d/execute/async - {"script":"<script> [1562 bytes]","args":[{"selector":{"id":"application-managesites-display-component---NewSite--addressDetailDetailsLanguage-arrow"},"wdio_ui5_key":"applicationmanagesites-display-component---NewSite--addressDetailDetailsLanguage-arrow"}]}
RESULT: {"script":"<script> [1562 bytes]","args":[{"selector":{"id":"application-managesites-display-component---NewSite--addressDetailDetailsLanguage-arrow"},"wdio_ui5_key":"applicationmanagesites-display-component---NewSite--addressDetailDetailsLanguage-arrow"}]}
RESULT: undefined
COMMAND: POST /session/b4821e91125fc57ae8b08a301666550d/element - {"using":"xpath","value":"//*[@id=\"application-managesites-display-component---NewSite--addressDetailDetailsLanguage-arrow\"]"}
RESULT: {"using":"xpath","value":"//*[@id=\"application-managesites-display-component---NewSite--addressDetailDetailsLanguage-arrow\"]"}
COMMAND: POST /session/b4821e91125fc57ae8b08a301666550d/element/f.0C7D383FA3E737A876F1AD61BD78151D.d.C729EAA0D9F932556AA473854CBEFB24.e.2131/click - {}
RESULT: {}
COMMAND: POST /session/b4821e91125fc57ae8b08a301666550d/element - {"using":"xpath","value":"//span[contains(text(), \"English\")]"}
COMMAND: GET /session/b4821e91125fc57ae8b08a301666550d/screenshot - {}
RESULT: {"using":"xpath","value":"//span[contains(text(), \"English\")]"}
COMMAND: POST /session/b4821e91125fc57ae8b08a301666550d/element/f.0C7D383FA3E737A876F1AD61BD78151D.d.C729EAA0D9F932556AA473854CBEFB24.e.2132/click - {}
RESULT: {}
RESULT: {}
COMMAND: POST /session/b4821e91125fc57ae8b08a301666550d/execute/async - {"script":"<script> [1562 bytes]","args":[{"selector":{"id":"application-managesites-display-component---NewSite--addressDetailDetailsCity1","interaction":{"idSuffix":"inner"}},"wdio_ui5_key":"applicationmanagesites-display-component---NewSite--addressDetailDetailsCity1"}]}
COMMAND: GET /session/b4821e91125fc57ae8b08a301666550d/screenshot - {}
RESULT: {"script":"<script> [1562 bytes]","args":[{"selector":{"id":"application-managesites-display-component---NewSite--addressDetailDetailsCity1","interaction":{"idSuffix":"inner"}},"wdio_ui5_key":"applicationmanagesites-display-component---NewSite--addressDetailDetailsCity1"}]}
RESULT: undefined
COMMAND: POST /session/b4821e91125fc57ae8b08a301666550d/execute/async - {"script":"<script> [776 bytes]","args":[{"enterText":"Rosario","selector":{"id":"application-managesites-display-component---NewSite--addressDetailDetailsCity1","interaction":{"idSuffix":"inner"}},"clearTextFirst":true,"interactionType":"ENTER_TEXT"}]}
RESULT: {}
RESULT: {"script":"<script> [776 bytes]","args":[{"enterText":"Rosario","selector":{"id":"application-managesites-display-component---NewSite--addressDetailDetailsCity1","interaction":{"idSuffix":"inner"}},"clearTextFirst":true,"interactionType":"ENTER_TEXT"}]}
COMMAND: POST /session/b4821e91125fc57ae8b08a301666550d/execute/async - {"script":"<script> [1562 bytes]","args":[{"selector":{"id":"application-managesites-display-component---NewSite--addressDetailDetailsCountry-arrow"},"wdio_ui5_key":"applicationmanagesites-display-component---NewSite--addressDetailDetailsCountry-arrow"}]}
RESULT: {"script":"<script> [1562 bytes]","args":[{"selector":{"id":"application-managesites-display-component---NewSite--addressDetailDetailsCountry-arrow"},"wdio_ui5_key":"applicationmanagesites-display-component---NewSite--addressDetailDetailsCountry-arrow"}]}
RESULT: undefined
COMMAND: POST /session/b4821e91125fc57ae8b08a301666550d/element - {"using":"xpath","value":"//*[@id=\"application-managesites-display-component---NewSite--addressDetailDetailsCountry-arrow\"]"}
RESULT: {"using":"xpath","value":"//*[@id=\"application-managesites-display-component---NewSite--addressDetailDetailsCountry-arrow\"]"}
COMMAND: POST /session/b4821e91125fc57ae8b08a301666550d/element/f.0C7D383FA3E737A876F1AD61BD78151D.d.C729EAA0D9F932556AA473854CBEFB24.e.2134/click - {}
RESULT: {}
COMMAND: POST /session/b4821e91125fc57ae8b08a301666550d/element - {"using":"xpath","value":"//span[contains(text(), \"Argentina\")]"}
COMMAND: GET /session/b4821e91125fc57ae8b08a301666550d/screenshot - {}
RESULT: {"using":"xpath","value":"//span[contains(text(), \"Argentina\")]"}
COMMAND: POST /session/b4821e91125fc57ae8b08a301666550d/element/f.0C7D383FA3E737A876F1AD61BD78151D.d.C729EAA0D9F932556AA473854CBEFB24.e.2135/click - {}
RESULT: {}
RESULT: {}
COMMAND: GET /session/b4821e91125fc57ae8b08a301666550d/screenshot - {}
RESULT: {}
COMMAND: POST /session/b4821e91125fc57ae8b08a301666550d/execute/async - {"script":"<script> [1562 bytes]","args":[{"selector":{"id":"application-managesites-display-component---NewSite--addressEditDetailsCostObjectCstType-arrow"},"wdio_ui5_key":"applicationmanagesites-display-component---NewSite--addressEditDetailsCostObjectCstType-arrow"}]}
RESULT: {"script":"<script> [1562 bytes]","args":[{"selector":{"id":"application-managesites-display-component---NewSite--addressEditDetailsCostObjectCstType-arrow"},"wdio_ui5_key":"applicationmanagesites-display-component---NewSite--addressEditDetailsCostObjectCstType-arrow"}]}
RESULT: undefined
COMMAND: POST /session/b4821e91125fc57ae8b08a301666550d/element - {"using":"xpath","value":"//*[@id=\"application-managesites-display-component---NewSite--addressEditDetailsCostObjectCstType-arrow\"]"}
RESULT: {"using":"xpath","value":"//*[@id=\"application-managesites-display-component---NewSite--addressEditDetailsCostObjectCstType-arrow\"]"}
COMMAND: POST /session/b4821e91125fc57ae8b08a301666550d/element/f.0C7D383FA3E737A876F1AD61BD78151D.d.C729EAA0D9F932556AA473854CBEFB24.e.2137/click - {}
RESULT: {}
COMMAND: POST /session/b4821e91125fc57ae8b08a301666550d/element - {"using":"xpath","value":"//span[contains(text(), \"Cost Center\")]"}
COMMAND: GET /session/b4821e91125fc57ae8b08a301666550d/screenshot - {}
RESULT: {}
RESULT: {"using":"xpath","value":"//span[contains(text(), \"Cost Center\")]"}
COMMAND: POST /session/b4821e91125fc57ae8b08a301666550d/element/f.0C7D383FA3E737A876F1AD61BD78151D.d.C729EAA0D9F932556AA473854CBEFB24.e.2139/click - {}
RESULT: {}
COMMAND: GET /session/b4821e91125fc57ae8b08a301666550d/screenshot - {}
RESULT: {}
COMMAND: POST /session/b4821e91125fc57ae8b08a301666550d/element - {"using":"xpath","value":"//span[@id=\"application-managesites-display-component---NewSite--addressNewCostObjectCstID-vhi\"]"}
RESULT: {"using":"xpath","value":"//span[@id=\"application-managesites-display-component---NewSite--addressNewCostObjectCstID-vhi\"]"}
COMMAND: POST /session/b4821e91125fc57ae8b08a301666550d/execute/sync - {"script":"<script> [8489 bytes]","args":[{"element-6066-11e4-a52e-4f735466cecf":"f.0C7D383FA3E737A876F1AD61BD78151D.d.C729EAA0D9F932556AA473854CBEFB24.e.2143","ELEMENT":"f.0C7D383FA3E737A876F1AD61BD78151D.d.C729EAA0D9F932556AA473854CBEFB24.e.2143"}]}
RESULT: {"script":"<script> [8489 bytes]","args":[{"element-6066-11e4-a52e-4f735466cecf":"f.0C7D383FA3E737A876F1AD61BD78151D.d.C729EAA0D9F932556AA473854CBEFB24.e.2143","ELEMENT":"f.0C7D383FA3E737A876F1AD61BD78151D.d.C729EAA0D9F932556AA473854CBEFB24.e.2143"}]}
COMMAND: POST /session/b4821e91125fc57ae8b08a301666550d/execute/async - {"script":"<script> [1562 bytes]","args":[{"selector":{"id":"application-managesites-display-component---NewSite--addressNewCostObjectCstID-vhi"},"wdio_ui5_key":"applicationmanagesites-display-component---NewSite--addressNewCostObjectCstID-vhi"}]}
COMMAND: GET /session/b4821e91125fc57ae8b08a301666550d/screenshot - {}
RESULT: {"script":"<script> [1562 bytes]","args":[{"selector":{"id":"application-managesites-display-component---NewSite--addressNewCostObjectCstID-vhi"},"wdio_ui5_key":"applicationmanagesites-display-component---NewSite--addressNewCostObjectCstID-vhi"}]}
RESULT: undefined
COMMAND: POST /session/b4821e91125fc57ae8b08a301666550d/element - {"using":"xpath","value":"//*[@id=\"application-managesites-display-component---NewSite--addressNewCostObjectCstID-vhi\"]"}
RESULT: {}
RESULT: {"using":"xpath","value":"//*[@id=\"application-managesites-display-component---NewSite--addressNewCostObjectCstID-vhi\"]"}
COMMAND: POST /session/b4821e91125fc57ae8b08a301666550d/element/f.0C7D383FA3E737A876F1AD61BD78151D.d.C729EAA0D9F932556AA473854CBEFB24.e.2143/click - {}
RESULT: {}
COMMAND: GET /session/b4821e91125fc57ae8b08a301666550d/screenshot - {}
RESULT: {}
RESULT: undefined
COMMAND: POST /session/b4821e91125fc57ae8b08a301666550d/execute/async - {"script":"<script> [776 bytes]","args":[{"enterText":"10001013","selector":{"controlType":"sap.m.SearchField","properties":{"placeholder":"Search"},"searchOpenDialogs":true,"interaction":{"idSuffix":"I"}},"clearTextFirst":true,"interactionType":"ENTER_TEXT"}]}
RESULT: {"script":"<script> [776 bytes]","args":[{"enterText":"10001013","selector":{"controlType":"sap.m.SearchField","properties":{"placeholder":"Search"},"searchOpenDialogs":true,"interaction":{"idSuffix":"I"}},"clearTextFirst":true,"interactionType":"ENTER_TEXT"}]}
COMMAND: POST /session/b4821e91125fc57ae8b08a301666550d/actions - {"actions":[{"id":"action3","type":"key","parameters":{},"actions":[{"type":"keyDown","value":"î€‡"},{"type":"pause","duration":10},{"type":"keyUp","value":"î€‡"}]}]}
RESULT: {"actions":[{"id":"action3","type":"key","parameters":{},"actions":[{"type":"keyDown","value":"î€‡"},{"type":"pause","duration":10},{"type":"keyUp","value":"î€‡"}]}]}
COMMAND: GET /session/b4821e91125fc57ae8b08a301666550d/screenshot - {}
RESULT: {}
COMMAND: POST /session/b4821e91125fc57ae8b08a301666550d/element - {"using":"xpath","value":"//span[contains(text(), \"General Management\")]"}
RESULT: {"using":"xpath","value":"//span[contains(text(), \"General Management\")]"}
COMMAND: POST /session/b4821e91125fc57ae8b08a301666550d/element/f.0C7D383FA3E737A876F1AD61BD78151D.d.C729EAA0D9F932556AA473854CBEFB24.e.2182/click - {}
RESULT: {}
COMMAND: GET /session/b4821e91125fc57ae8b08a301666550d/screenshot - {}
RESULT: {}
COMMAND: POST /session/b4821e91125fc57ae8b08a301666550d/element - {"using":"xpath","value":"//bdi[contains(text(), \"OK\")]"}
RESULT: {"using":"xpath","value":"//bdi[contains(text(), \"OK\")]"}
COMMAND: POST /session/b4821e91125fc57ae8b08a301666550d/element/f.0C7D383FA3E737A876F1AD61BD78151D.d.C729EAA0D9F932556AA473854CBEFB24.e.2183/click - {}
RESULT: {}
COMMAND: GET /session/b4821e91125fc57ae8b08a301666550d/screenshot - {}
RESULT: {}
COMMAND: POST /session/b4821e91125fc57ae8b08a301666550d/element - {"using":"xpath","value":"//input[@id=\"application-managesites-display-component---NewSite--addressDetailDetailsCalendar-inner\"]"}
RESULT: {"using":"xpath","value":"//input[@id=\"application-managesites-display-component---NewSite--addressDetailDetailsCalendar-inner\"]"}
COMMAND: POST /session/b4821e91125fc57ae8b08a301666550d/element/f.0C7D383FA3E737A876F1AD61BD78151D.d.C729EAA0D9F932556AA473854CBEFB24.e.1926/clear - {}
RESULT: {}
COMMAND: POST /session/b4821e91125fc57ae8b08a301666550d/element/f.0C7D383FA3E737A876F1AD61BD78151D.d.C729EAA0D9F932556AA473854CBEFB24.e.1926/value - {"text":"Unit"}
COMMAND: GET /session/b4821e91125fc57ae8b08a301666550d/screenshot - {}
RESULT: {"text":"Unit"}
COMMAND: GET /session/b4821e91125fc57ae8b08a301666550d/screenshot - {}
RESULT: {}
RESULT: {}
COMMAND: POST /session/b4821e91125fc57ae8b08a301666550d/actions - {"actions":[{"id":"action4","type":"key","parameters":{},"actions":[{"type":"keyDown","value":"î€‡"},{"type":"pause","duration":10},{"type":"keyUp","value":"î€‡"}]}]}
RESULT: {"actions":[{"id":"action4","type":"key","parameters":{},"actions":[{"type":"keyDown","value":"î€‡"},{"type":"pause","duration":10},{"type":"keyUp","value":"î€‡"}]}]}
COMMAND: POST /session/b4821e91125fc57ae8b08a301666550d/element - {"using":"xpath","value":"//input[@id=\"application-managesites-display-component---NewSite--addressDetailDetailsYard-inner\"]"}
COMMAND: GET /session/b4821e91125fc57ae8b08a301666550d/screenshot - {}
RESULT: {"using":"xpath","value":"//input[@id=\"application-managesites-display-component---NewSite--addressDetailDetailsYard-inner\"]"}
COMMAND: POST /session/b4821e91125fc57ae8b08a301666550d/element/f.0C7D383FA3E737A876F1AD61BD78151D.d.C729EAA0D9F932556AA473854CBEFB24.e.1927/clear - {}
RESULT: {}
RESULT: {}
COMMAND: POST /session/b4821e91125fc57ae8b08a301666550d/element/f.0C7D383FA3E737A876F1AD61BD78151D.d.C729EAA0D9F932556AA473854CBEFB24.e.1927/value - {"text":"540"}
COMMAND: GET /session/b4821e91125fc57ae8b08a301666550d/screenshot - {}
RESULT: {"text":"540"}
COMMAND: GET /session/b4821e91125fc57ae8b08a301666550d/screenshot - {}
RESULT: {}
RESULT: {}
COMMAND: POST /session/b4821e91125fc57ae8b08a301666550d/element - {"using":"xpath","value":"//li[.//span[text()='540']]"}
RESULT: {"using":"xpath","value":"//li[.//span[text()='540']]"}
COMMAND: POST /session/b4821e91125fc57ae8b08a301666550d/element/f.0C7D383FA3E737A876F1AD61BD78151D.d.C729EAA0D9F932556AA473854CBEFB24.e.2191/click - {}
RESULT: {}
COMMAND: GET /session/b4821e91125fc57ae8b08a301666550d/screenshot - {}
RESULT: {}
COMMAND: POST /session/b4821e91125fc57ae8b08a301666550d/element - {"using":"xpath","value":"//input[@id=\"application-managesites-display-component---NewSite--addressDetailDetailsPartner-inner\"]"}
RESULT: {"using":"xpath","value":"//input[@id=\"application-managesites-display-component---NewSite--addressDetailDetailsPartner-inner\"]"}
COMMAND: POST /session/b4821e91125fc57ae8b08a301666550d/element - {"using":"xpath","value":"//input[@id=\"application-managesites-display-component---NewSite--addressDetailDetailsPartner-inner\"]"}
RESULT: {"using":"xpath","value":"//input[@id=\"application-managesites-display-component---NewSite--addressDetailDetailsPartner-inner\"]"}
COMMAND: POST /session/b4821e91125fc57ae8b08a301666550d/execute/async - {"script":"<script> [1562 bytes]","args":[{"selector":{"id":"application-managesites-display-component---NewSite--siteWhmCheckBox-label","interaction":{"idSuffix":"bdi"}},"wdio_ui5_key":"applicationmanagesites-display-component---NewSite--siteWhmCheckBox-label"}]}
RESULT: {"script":"<script> [1562 bytes]","args":[{"selector":{"id":"application-managesites-display-component---NewSite--siteWhmCheckBox-label","interaction":{"idSuffix":"bdi"}},"wdio_ui5_key":"applicationmanagesites-display-component---NewSite--siteWhmCheckBox-label"}]}
RESULT: undefined
COMMAND: POST /session/b4821e91125fc57ae8b08a301666550d/element - {"using":"xpath","value":"//*[@id=\"application-managesites-display-component---NewSite--siteWhmCheckBox-label\"]"}
RESULT: {"using":"xpath","value":"//*[@id=\"application-managesites-display-component---NewSite--siteWhmCheckBox-label\"]"}
COMMAND: POST /session/b4821e91125fc57ae8b08a301666550d/element/f.0C7D383FA3E737A876F1AD61BD78151D.d.C729EAA0D9F932556AA473854CBEFB24.e.2193/click - {}
RESULT: {}
COMMAND: GET /session/b4821e91125fc57ae8b08a301666550d/screenshot - {}
RESULT: {}
COMMAND: POST /session/b4821e91125fc57ae8b08a301666550d/element - {"using":"xpath","value":"//button[@data-kt=\"saveButton\"]"}
RESULT: {"using":"xpath","value":"//button[@data-kt=\"saveButton\"]"}
COMMAND: POST /session/b4821e91125fc57ae8b08a301666550d/element/f.0C7D383FA3E737A876F1AD61BD78151D.d.C729EAA0D9F932556AA473854CBEFB24.e.2061/click - {}
RESULT: {}
COMMAND: GET /session/b4821e91125fc57ae8b08a301666550d/screenshot - {}
RESULT: {}
COMMAND: POST /session/b4821e91125fc57ae8b08a301666550d/element - {"using":"xpath","value":"//header[contains(@id, 'ObjectPageLayout-headerTitle')]/div[1]/div[2]/div[2]/span[1]"}
RESULT: {"using":"xpath","value":"//header[contains(@id, 'ObjectPageLayout-headerTitle')]/div[1]/div[2]/div[2]/span[1]"}
COMMAND: POST /session/b4821e91125fc57ae8b08a301666550d/elements - {"using":"xpath","value":"//header[contains(@id, 'ObjectPageLayout-headerTitle')]/div[1]/div[2]/div[2]/span[1]"}
RESULT: {"using":"xpath","value":"//header[contains(@id, 'ObjectPageLayout-headerTitle')]/div[1]/div[2]/div[2]/span[1]"}
COMMAND: POST /session/b4821e91125fc57ae8b08a301666550d/execute/sync - {"script":"<script> [56 bytes]","args":[{"element-6066-11e4-a52e-4f735466cecf":"f.0C7D383FA3E737A876F1AD61BD78151D.d.C729EAA0D9F932556AA473854CBEFB24.e.2397","ELEMENT":"f.0C7D383FA3E737A876F1AD61BD78151D.d.C729EAA0D9F932556AA473854CBEFB24.e.2397"}]}
RESULT: {"script":"<script> [56 bytes]","args":[{"element-6066-11e4-a52e-4f735466cecf":"f.0C7D383FA3E737A876F1AD61BD78151D.d.C729EAA0D9F932556AA473854CBEFB24.e.2397","ELEMENT":"f.0C7D383FA3E737A876F1AD61BD78151D.d.C729EAA0D9F932556AA473854CBEFB24.e.2397"}]}
COMMAND: POST /session/b4821e91125fc57ae8b08a301666550d/element - {"using":"css selector","value":"#shell-header-logo"}
COMMAND: GET /session/b4821e91125fc57ae8b08a301666550d/screenshot - {}
RESULT: {"using":"css selector","value":"#shell-header-logo"}
COMMAND: POST /session/b4821e91125fc57ae8b08a301666550d/element/f.0C7D383FA3E737A876F1AD61BD78151D.d.C729EAA0D9F932556AA473854CBEFB24.e.1675/click - {}
RESULT: {}
RESULT: {}
COMMAND: GET /session/b4821e91125fc57ae8b08a301666550d/screenshot - {}
RESULT: {}
COMMAND: POST /session/b4821e91125fc57ae8b08a301666550d/execute/sync - {"script":"<script> [299 bytes]","args":[["getModel","getResource"]]}
RESULT: {"script":"<script> [299 bytes]","args":[["getModel","getResource"]]}
COMMAND: GET /session/b4821e91125fc57ae8b08a301666550d/screenshot - {}
]]></system-out>
    </testcase>
    <testcase classname="chrome.136_0_7103_93.windows.Stock_increase_-_with_WHM_US125587" name="Should create a new material" time="113.703">
      <system-out><![CDATA[
COMMAND: POST /session/b4821e91125fc57ae8b08a301666550d/execute/async - {"script":"<script> [1562 bytes]","args":[{"selector":{"controlType":"sap.m.GenericTile","properties":{"header":"Manage Resources"}},"wdio_ui5_key":"sapm.GenericTile{\"header\":\"Manage Resources\"}"}]}
RESULT: {}
RESULT: {"script":"<script> [1562 bytes]","args":[{"selector":{"controlType":"sap.m.GenericTile","properties":{"header":"Manage Resources"}},"wdio_ui5_key":"sapm.GenericTile{\"header\":\"Manage Resources\"}"}]}
RESULT: undefined
COMMAND: POST /session/b4821e91125fc57ae8b08a301666550d/element - {"using":"xpath","value":"//*[@id=\"__tile39\"]"}
RESULT: {"using":"xpath","value":"//*[@id=\"__tile39\"]"}
COMMAND: POST /session/b4821e91125fc57ae8b08a301666550d/element/f.0C7D383FA3E737A876F1AD61BD78151D.d.C729EAA0D9F932556AA473854CBEFB24.e.123/click - {}
RESULT: {}
COMMAND: GET /session/b4821e91125fc57ae8b08a301666550d/screenshot - {}
RESULT: {}
COMMAND: POST /session/b4821e91125fc57ae8b08a301666550d/elements - {"using":"xpath","value":"//span[text()='Error']"}
RESULT: {"using":"xpath","value":"//span[text()='Error']"}
COMMAND: POST /session/b4821e91125fc57ae8b08a301666550d/element - {"using":"xpath","value":"//button[@data-kt=\"addNewRUOverflowToolbarButton\"]"}
RESULT: {"using":"xpath","value":"//button[@data-kt=\"addNewRUOverflowToolbarButton\"]"}
COMMAND: POST /session/b4821e91125fc57ae8b08a301666550d/elements - {"using":"xpath","value":"//button[@data-kt=\"addNewRUOverflowToolbarButton\"]"}
RESULT: {"using":"xpath","value":"//button[@data-kt=\"addNewRUOverflowToolbarButton\"]"}
COMMAND: POST /session/b4821e91125fc57ae8b08a301666550d/execute/sync - {"script":"<script> [8489 bytes]","args":[{"element-6066-11e4-a52e-4f735466cecf":"f.0C7D383FA3E737A876F1AD61BD78151D.d.C729EAA0D9F932556AA473854CBEFB24.e.2442","ELEMENT":"f.0C7D383FA3E737A876F1AD61BD78151D.d.C729EAA0D9F932556AA473854CBEFB24.e.2442"}]}
RESULT: {"script":"<script> [8489 bytes]","args":[{"element-6066-11e4-a52e-4f735466cecf":"f.0C7D383FA3E737A876F1AD61BD78151D.d.C729EAA0D9F932556AA473854CBEFB24.e.2442","ELEMENT":"f.0C7D383FA3E737A876F1AD61BD78151D.d.C729EAA0D9F932556AA473854CBEFB24.e.2442"}]}
COMMAND: GET /session/b4821e91125fc57ae8b08a301666550d/element/f.0C7D383FA3E737A876F1AD61BD78151D.d.C729EAA0D9F932556AA473854CBEFB24.e.2442/enabled - {}
COMMAND: GET /session/b4821e91125fc57ae8b08a301666550d/screenshot - {}
RESULT: {}
RESULT: {}
COMMAND: POST /session/b4821e91125fc57ae8b08a301666550d/execute/sync - {"script":"<script> [8489 bytes]","args":[{"element-6066-11e4-a52e-4f735466cecf":"f.0C7D383FA3E737A876F1AD61BD78151D.d.C729EAA0D9F932556AA473854CBEFB24.e.2442","ELEMENT":"f.0C7D383FA3E737A876F1AD61BD78151D.d.C729EAA0D9F932556AA473854CBEFB24.e.2442"}]}
COMMAND: GET /session/b4821e91125fc57ae8b08a301666550d/screenshot - {}
RESULT: {"script":"<script> [8489 bytes]","args":[{"element-6066-11e4-a52e-4f735466cecf":"f.0C7D383FA3E737A876F1AD61BD78151D.d.C729EAA0D9F932556AA473854CBEFB24.e.2442","ELEMENT":"f.0C7D383FA3E737A876F1AD61BD78151D.d.C729EAA0D9F932556AA473854CBEFB24.e.2442"}]}
COMMAND: POST /session/b4821e91125fc57ae8b08a301666550d/execute/sync - {"script":"<script> [5351 bytes]","args":[{"element-6066-11e4-a52e-4f735466cecf":"f.0C7D383FA3E737A876F1AD61BD78151D.d.C729EAA0D9F932556AA473854CBEFB24.e.2442","ELEMENT":"f.0C7D383FA3E737A876F1AD61BD78151D.d.C729EAA0D9F932556AA473854CBEFB24.e.2442"}]}
COMMAND: GET /session/b4821e91125fc57ae8b08a301666550d/screenshot - {}
RESULT: {}
RESULT: {"script":"<script> [5351 bytes]","args":[{"element-6066-11e4-a52e-4f735466cecf":"f.0C7D383FA3E737A876F1AD61BD78151D.d.C729EAA0D9F932556AA473854CBEFB24.e.2442","ELEMENT":"f.0C7D383FA3E737A876F1AD61BD78151D.d.C729EAA0D9F932556AA473854CBEFB24.e.2442"}]}
COMMAND: POST /session/b4821e91125fc57ae8b08a301666550d/element/f.0C7D383FA3E737A876F1AD61BD78151D.d.C729EAA0D9F932556AA473854CBEFB24.e.2442/click - {}
COMMAND: GET /session/b4821e91125fc57ae8b08a301666550d/screenshot - {}
RESULT: {}
RESULT: {}
COMMAND: GET /session/b4821e91125fc57ae8b08a301666550d/screenshot - {}
RESULT: {}
RESULT: {}
COMMAND: POST /session/b4821e91125fc57ae8b08a301666550d/execute/async - {"script":"<script> [1562 bytes]","args":[{"selector":{"id":"application-manageresources-display-component---newResourceUnit--TYPE-arrow"},"wdio_ui5_key":"applicationmanageresources-display-component---newResourceUnit--TYPE-arrow"}]}
RESULT: {"script":"<script> [1562 bytes]","args":[{"selector":{"id":"application-manageresources-display-component---newResourceUnit--TYPE-arrow"},"wdio_ui5_key":"applicationmanageresources-display-component---newResourceUnit--TYPE-arrow"}]}
RESULT: undefined
COMMAND: POST /session/b4821e91125fc57ae8b08a301666550d/element - {"using":"xpath","value":"//*[@id=\"application-manageresources-display-component---newResourceUnit--TYPE-arrow\"]"}
RESULT: {"using":"xpath","value":"//*[@id=\"application-manageresources-display-component---newResourceUnit--TYPE-arrow\"]"}
COMMAND: POST /session/b4821e91125fc57ae8b08a301666550d/element/f.0C7D383FA3E737A876F1AD61BD78151D.d.C729EAA0D9F932556AA473854CBEFB24.e.2800/click - {}
RESULT: {}
COMMAND: POST /session/b4821e91125fc57ae8b08a301666550d/element - {"using":"xpath","value":"//input[@id=\"application-manageresources-display-component---newResourceUnit--TYPE-inner\"]"}
COMMAND: GET /session/b4821e91125fc57ae8b08a301666550d/screenshot - {}
RESULT: {"using":"xpath","value":"//input[@id=\"application-manageresources-display-component---newResourceUnit--TYPE-inner\"]"}
COMMAND: POST /session/b4821e91125fc57ae8b08a301666550d/element/f.0C7D383FA3E737A876F1AD61BD78151D.d.C729EAA0D9F932556AA473854CBEFB24.e.2782/clear - {}
RESULT: {}
RESULT: {}
COMMAND: POST /session/b4821e91125fc57ae8b08a301666550d/element/f.0C7D383FA3E737A876F1AD61BD78151D.d.C729EAA0D9F932556AA473854CBEFB24.e.2782/value - {"text":"Material"}
COMMAND: GET /session/b4821e91125fc57ae8b08a301666550d/screenshot - {}
RESULT: {}
RESULT: {"text":"Material"}
COMMAND: GET /session/b4821e91125fc57ae8b08a301666550d/screenshot - {}
RESULT: {}
COMMAND: POST /session/b4821e91125fc57ae8b08a301666550d/actions - {"actions":[{"id":"action5","type":"key","parameters":{},"actions":[{"type":"keyDown","value":"î€‡"},{"type":"pause","duration":10},{"type":"keyUp","value":"î€‡"}]}]}
RESULT: {"actions":[{"id":"action5","type":"key","parameters":{},"actions":[{"type":"keyDown","value":"î€‡"},{"type":"pause","duration":10},{"type":"keyUp","value":"î€‡"}]}]}
COMMAND: POST /session/b4821e91125fc57ae8b08a301666550d/execute/async - {"script":"<script> [1562 bytes]","args":[{"selector":{"id":"application-manageresources-display-component---newResourceUnit--SHORT_TEXT","interaction":{"idSuffix":"inner"}},"wdio_ui5_key":"applicationmanageresources-display-component---newResourceUnit--SHORT_TEXT"}]}
COMMAND: GET /session/b4821e91125fc57ae8b08a301666550d/screenshot - {}
RESULT: {"script":"<script> [1562 bytes]","args":[{"selector":{"id":"application-manageresources-display-component---newResourceUnit--SHORT_TEXT","interaction":{"idSuffix":"inner"}},"wdio_ui5_key":"applicationmanageresources-display-component---newResourceUnit--SHORT_TEXT"}]}
RESULT: undefined
COMMAND: POST /session/b4821e91125fc57ae8b08a301666550d/execute/async - {"script":"<script> [776 bytes]","args":[{"enterText":"Cement WDIO","selector":{"id":"application-manageresources-display-component---newResourceUnit--SHORT_TEXT","interaction":{"idSuffix":"inner"}},"clearTextFirst":true,"interactionType":"ENTER_TEXT"}]}
RESULT: {}
RESULT: {"script":"<script> [776 bytes]","args":[{"enterText":"Cement WDIO","selector":{"id":"application-manageresources-display-component---newResourceUnit--SHORT_TEXT","interaction":{"idSuffix":"inner"}},"clearTextFirst":true,"interactionType":"ENTER_TEXT"}]}
COMMAND: POST /session/b4821e91125fc57ae8b08a301666550d/execute/async - {"script":"<script> [1562 bytes]","args":[{"selector":{"id":"application-manageresources-display-component---newResourceUnit--BASE_UNIT_OF_MEASURE","interaction":{"idSuffix":"inner"}},"wdio_ui5_key":"applicationmanageresources-display-component---newResourceUnit--BASE_UNIT_OF_MEASURE"}]}
RESULT: {"script":"<script> [1562 bytes]","args":[{"selector":{"id":"application-manageresources-display-component---newResourceUnit--BASE_UNIT_OF_MEASURE","interaction":{"idSuffix":"inner"}},"wdio_ui5_key":"applicationmanageresources-display-component---newResourceUnit--BASE_UNIT_OF_MEASURE"}]}
RESULT: undefined
COMMAND: POST /session/b4821e91125fc57ae8b08a301666550d/execute/async - {"script":"<script> [776 bytes]","args":[{"enterText":"Piece","selector":{"id":"application-manageresources-display-component---newResourceUnit--BASE_UNIT_OF_MEASURE","interaction":{"idSuffix":"inner"}},"clearTextFirst":true,"interactionType":"ENTER_TEXT"}]}
RESULT: {"script":"<script> [776 bytes]","args":[{"enterText":"Piece","selector":{"id":"application-manageresources-display-component---newResourceUnit--BASE_UNIT_OF_MEASURE","interaction":{"idSuffix":"inner"}},"clearTextFirst":true,"interactionType":"ENTER_TEXT"}]}
COMMAND: POST /session/b4821e91125fc57ae8b08a301666550d/execute/async - {"script":"<script> [1562 bytes]","args":[{"selector":{"id":"application-manageresources-display-component---newResourceUnit--WEIGHT_UNIT","interaction":{"idSuffix":"inner"}},"wdio_ui5_key":"applicationmanageresources-display-component---newResourceUnit--WEIGHT_UNIT"}]}
RESULT: {"script":"<script> [1562 bytes]","args":[{"selector":{"id":"application-manageresources-display-component---newResourceUnit--WEIGHT_UNIT","interaction":{"idSuffix":"inner"}},"wdio_ui5_key":"applicationmanageresources-display-component---newResourceUnit--WEIGHT_UNIT"}]}
RESULT: undefined
COMMAND: POST /session/b4821e91125fc57ae8b08a301666550d/execute/async - {"script":"<script> [776 bytes]","args":[{"enterText":"Gram","selector":{"id":"application-manageresources-display-component---newResourceUnit--WEIGHT_UNIT","interaction":{"idSuffix":"inner"}},"clearTextFirst":true,"interactionType":"ENTER_TEXT"}]}
RESULT: {"script":"<script> [776 bytes]","args":[{"enterText":"Gram","selector":{"id":"application-manageresources-display-component---newResourceUnit--WEIGHT_UNIT","interaction":{"idSuffix":"inner"}},"clearTextFirst":true,"interactionType":"ENTER_TEXT"}]}
COMMAND: POST /session/b4821e91125fc57ae8b08a301666550d/execute/async - {"script":"<script> [1562 bytes]","args":[{"selector":{"id":"application-manageresources-display-component---newResourceUnit--DIMENSION_UNIT","interaction":{"idSuffix":"inner"}},"wdio_ui5_key":"applicationmanageresources-display-component---newResourceUnit--DIMENSION_UNIT"}]}
RESULT: {"script":"<script> [1562 bytes]","args":[{"selector":{"id":"application-manageresources-display-component---newResourceUnit--DIMENSION_UNIT","interaction":{"idSuffix":"inner"}},"wdio_ui5_key":"applicationmanageresources-display-component---newResourceUnit--DIMENSION_UNIT"}]}
RESULT: undefined
COMMAND: POST /session/b4821e91125fc57ae8b08a301666550d/execute/async - {"script":"<script> [776 bytes]","args":[{"enterText":"Meter","selector":{"id":"application-manageresources-display-component---newResourceUnit--DIMENSION_UNIT","interaction":{"idSuffix":"inner"}},"clearTextFirst":true,"interactionType":"ENTER_TEXT"}]}
RESULT: {"script":"<script> [776 bytes]","args":[{"enterText":"Meter","selector":{"id":"application-manageresources-display-component---newResourceUnit--DIMENSION_UNIT","interaction":{"idSuffix":"inner"}},"clearTextFirst":true,"interactionType":"ENTER_TEXT"}]}
COMMAND: POST /session/b4821e91125fc57ae8b08a301666550d/execute/async - {"script":"<script> [1562 bytes]","args":[{"selector":{"id":"application-manageresources-display-component---newResourceUnit--newRRUPage-anchBar-application-manageresources-display-component---newResourceUnit--control-anchor","interaction":{"idSuffix":"BDI-content"}},"wdio_ui5_key":"applicationmanageresources-display-component---newResourceUnit--newRRUPage-anchBar-application-manageresources-display-component---newResourceUnit--control-anchor"}]}
RESULT: {"script":"<script> [1562 bytes]","args":[{"selector":{"id":"application-manageresources-display-component---newResourceUnit--newRRUPage-anchBar-application-manageresources-display-component---newResourceUnit--control-anchor","interaction":{"idSuffix":"BDI-content"}},"wdio_ui5_key":"applicationmanageresources-display-component---newResourceUnit--newRRUPage-anchBar-application-manageresources-display-component---newResourceUnit--control-anchor"}]}
RESULT: undefined
COMMAND: POST /session/b4821e91125fc57ae8b08a301666550d/element - {"using":"xpath","value":"//*[@id=\"application-manageresources-display-component---newResourceUnit--newRRUPage-anchBar-application-manageresources-display-component---newResourceUnit--control-anchor\"]"}
RESULT: {"using":"xpath","value":"//*[@id=\"application-manageresources-display-component---newResourceUnit--newRRUPage-anchBar-application-manageresources-display-component---newResourceUnit--control-anchor\"]"}
COMMAND: POST /session/b4821e91125fc57ae8b08a301666550d/element/f.0C7D383FA3E737A876F1AD61BD78151D.d.C729EAA0D9F932556AA473854CBEFB24.e.2865/click - {}
RESULT: {}
COMMAND: POST /session/b4821e91125fc57ae8b08a301666550d/execute/async - {"script":"<script> [1562 bytes]","args":[{"selector":{"id":"application-manageresources-display-component---newResourceUnit--PLANNING_GROUP","interaction":{"idSuffix":"inner"}},"wdio_ui5_key":"applicationmanageresources-display-component---newResourceUnit--PLANNING_GROUP"}]}
COMMAND: GET /session/b4821e91125fc57ae8b08a301666550d/screenshot - {}
RESULT: {"script":"<script> [1562 bytes]","args":[{"selector":{"id":"application-manageresources-display-component---newResourceUnit--PLANNING_GROUP","interaction":{"idSuffix":"inner"}},"wdio_ui5_key":"applicationmanageresources-display-component---newResourceUnit--PLANNING_GROUP"}]}
RESULT: undefined
COMMAND: POST /session/b4821e91125fc57ae8b08a301666550d/execute/async - {"script":"<script> [776 bytes]","args":[{"enterText":"Material","selector":{"id":"application-manageresources-display-component---newResourceUnit--PLANNING_GROUP","interaction":{"idSuffix":"inner"}},"clearTextFirst":true,"interactionType":"ENTER_TEXT"}]}
RESULT: {}
RESULT: {"script":"<script> [776 bytes]","args":[{"enterText":"Material","selector":{"id":"application-manageresources-display-component---newResourceUnit--PLANNING_GROUP","interaction":{"idSuffix":"inner"}},"clearTextFirst":true,"interactionType":"ENTER_TEXT"}]}
COMMAND: POST /session/b4821e91125fc57ae8b08a301666550d/execute/async - {"script":"<script> [1562 bytes]","args":[{"selector":{"id":"application-manageresources-display-component---newResourceUnit--PLANNING_INDICATOR","interaction":{"idSuffix":"inner"}},"wdio_ui5_key":"applicationmanageresources-display-component---newResourceUnit--PLANNING_INDICATOR"}]}
RESULT: {"script":"<script> [1562 bytes]","args":[{"selector":{"id":"application-manageresources-display-component---newResourceUnit--PLANNING_INDICATOR","interaction":{"idSuffix":"inner"}},"wdio_ui5_key":"applicationmanageresources-display-component---newResourceUnit--PLANNING_INDICATOR"}]}
RESULT: undefined
COMMAND: POST /session/b4821e91125fc57ae8b08a301666550d/execute/async - {"script":"<script> [776 bytes]","args":[{"enterText":"10 - infinite","selector":{"id":"application-manageresources-display-component---newResourceUnit--PLANNING_INDICATOR","interaction":{"idSuffix":"inner"}},"clearTextFirst":true,"interactionType":"ENTER_TEXT"}]}
RESULT: {"script":"<script> [776 bytes]","args":[{"enterText":"10 - infinite","selector":{"id":"application-manageresources-display-component---newResourceUnit--PLANNING_INDICATOR","interaction":{"idSuffix":"inner"}},"clearTextFirst":true,"interactionType":"ENTER_TEXT"}]}
COMMAND: POST /session/b4821e91125fc57ae8b08a301666550d/element - {"using":"css selector","value":"#application-manageresources-display-component---newResourceUnit--btnAddTimeSegment"}
RESULT: {"using":"css selector","value":"#application-manageresources-display-component---newResourceUnit--btnAddTimeSegment"}
COMMAND: GET /session/b4821e91125fc57ae8b08a301666550d/element/f.0C7D383FA3E737A876F1AD61BD78151D.d.C729EAA0D9F932556AA473854CBEFB24.e.2873/rect - {}
RESULT: {}
COMMAND: GET /session/b4821e91125fc57ae8b08a301666550d/window/rect - {}
RESULT: {}
COMMAND: POST /session/b4821e91125fc57ae8b08a301666550d/execute/sync - {"script":"<script> [92 bytes]","args":[]}
RESULT: {"script":"<script> [92 bytes]","args":[]}
COMMAND: POST /session/b4821e91125fc57ae8b08a301666550d/actions - {"actions":[{"id":"action6","type":"wheel","parameters":{},"actions":[{"type":"scroll","x":-1888,"y":-32,"deltaX":0,"deltaY":0,"duration":0,"origin":{"element-6066-11e4-a52e-4f735466cecf":"f.0C7D383FA3E737A876F1AD61BD78151D.d.C729EAA0D9F932556AA473854CBEFB24.e.2873"}}]}]}
COMMAND: GET /session/b4821e91125fc57ae8b08a301666550d/screenshot - {}
RESULT: {}
COMMAND: POST /session/b4821e91125fc57ae8b08a301666550d/execute/sync - {"script":"<script> [79 bytes]","args":[{"element-6066-11e4-a52e-4f735466cecf":"f.0C7D383FA3E737A876F1AD61BD78151D.d.C729EAA0D9F932556AA473854CBEFB24.e.2873","ELEMENT":"f.0C7D383FA3E737A876F1AD61BD78151D.d.C729EAA0D9F932556AA473854CBEFB24.e.2873"},{"block":"start","inline":"nearest"}]}
RESULT: {"script":"<script> [79 bytes]","args":[{"element-6066-11e4-a52e-4f735466cecf":"f.0C7D383FA3E737A876F1AD61BD78151D.d.C729EAA0D9F932556AA473854CBEFB24.e.2873","ELEMENT":"f.0C7D383FA3E737A876F1AD61BD78151D.d.C729EAA0D9F932556AA473854CBEFB24.e.2873"},{"block":"start","inline":"nearest"}]}
COMMAND: POST /session/b4821e91125fc57ae8b08a301666550d/execute/async - {"script":"<script> [1562 bytes]","args":[{"selector":{"id":"application-manageresources-display-component---newResourceUnit--btnAddTimeSegment","interaction":{"idSuffix":"inner"}},"wdio_ui5_key":"applicationmanageresources-display-component---newResourceUnit--btnAddTimeSegment"}]}
COMMAND: GET /session/b4821e91125fc57ae8b08a301666550d/screenshot - {}
RESULT: {"script":"<script> [1562 bytes]","args":[{"selector":{"id":"application-manageresources-display-component---newResourceUnit--btnAddTimeSegment","interaction":{"idSuffix":"inner"}},"wdio_ui5_key":"applicationmanageresources-display-component---newResourceUnit--btnAddTimeSegment"}]}
RESULT: undefined
COMMAND: POST /session/b4821e91125fc57ae8b08a301666550d/element - {"using":"xpath","value":"//*[@id=\"application-manageresources-display-component---newResourceUnit--btnAddTimeSegment\"]"}
RESULT: {}
RESULT: {"using":"xpath","value":"//*[@id=\"application-manageresources-display-component---newResourceUnit--btnAddTimeSegment\"]"}
COMMAND: POST /session/b4821e91125fc57ae8b08a301666550d/element/f.0C7D383FA3E737A876F1AD61BD78151D.d.C729EAA0D9F932556AA473854CBEFB24.e.2873/click - {}
RESULT: {}
COMMAND: GET /session/b4821e91125fc57ae8b08a301666550d/screenshot - {}
RESULT: {}
COMMAND: POST /session/b4821e91125fc57ae8b08a301666550d/element - {"using":"xpath","value":"//input[@id=\"application-manageresources-display-component---newResourceUnit--idRuTSAdmin-application-manageresources-display-component---newResourceUnit--RUTimeSegment-0-inner\"]"}
RESULT: {"using":"xpath","value":"//input[@id=\"application-manageresources-display-component---newResourceUnit--idRuTSAdmin-application-manageresources-display-component---newResourceUnit--RUTimeSegment-0-inner\"]"}
COMMAND: POST /session/b4821e91125fc57ae8b08a301666550d/element/f.0C7D383FA3E737A876F1AD61BD78151D.d.C729EAA0D9F932556AA473854CBEFB24.e.2878/clear - {}
RESULT: {}
COMMAND: POST /session/b4821e91125fc57ae8b08a301666550d/element/f.0C7D383FA3E737A876F1AD61BD78151D.d.C729EAA0D9F932556AA473854CBEFB24.e.2878/value - {"text":"540"}
COMMAND: GET /session/b4821e91125fc57ae8b08a301666550d/screenshot - {}
RESULT: {"text":"540"}
COMMAND: GET /session/b4821e91125fc57ae8b08a301666550d/screenshot - {}
RESULT: {}
RESULT: {}
COMMAND: POST /session/b4821e91125fc57ae8b08a301666550d/element - {"using":"xpath","value":"//li[.//span[text()='540']]"}
RESULT: {"using":"xpath","value":"//li[.//span[text()='540']]"}
COMMAND: POST /session/b4821e91125fc57ae8b08a301666550d/element/f.0C7D383FA3E737A876F1AD61BD78151D.d.C729EAA0D9F932556AA473854CBEFB24.e.2888/click - {}
RESULT: {}
COMMAND: GET /session/b4821e91125fc57ae8b08a301666550d/screenshot - {}
RESULT: {}
COMMAND: POST /session/b4821e91125fc57ae8b08a301666550d/element - {"using":"xpath","value":"(//span[contains(@id, \"-application-manageresources-display-component---newResourceUnit--RUTimeSegment-0-arrow\")])[2]"}
RESULT: {"using":"xpath","value":"(//span[contains(@id, \"-application-manageresources-display-component---newResourceUnit--RUTimeSegment-0-arrow\")])[2]"}
COMMAND: POST /session/b4821e91125fc57ae8b08a301666550d/element/f.0C7D383FA3E737A876F1AD61BD78151D.d.C729EAA0D9F932556AA473854CBEFB24.e.2889/click - {}
RESULT: {}
COMMAND: POST /session/b4821e91125fc57ae8b08a301666550d/element - {"using":"xpath","value":"//span[contains(text(), \"PM Order\")]"}
COMMAND: GET /session/b4821e91125fc57ae8b08a301666550d/screenshot - {}
RESULT: {"using":"xpath","value":"//span[contains(text(), \"PM Order\")]"}
COMMAND: POST /session/b4821e91125fc57ae8b08a301666550d/element/f.0C7D383FA3E737A876F1AD61BD78151D.d.C729EAA0D9F932556AA473854CBEFB24.e.2890/click - {}
RESULT: {}
RESULT: {}
COMMAND: GET /session/b4821e91125fc57ae8b08a301666550d/screenshot - {}
RESULT: {}
COMMAND: POST /session/b4821e91125fc57ae8b08a301666550d/element - {"using":"xpath","value":"//td/div/div/div/span[contains(@id, \"newResourceUnit--RUTimeSegment-0-vhi\")][1]"}
RESULT: {"using":"xpath","value":"//td/div/div/div/span[contains(@id, \"newResourceUnit--RUTimeSegment-0-vhi\")][1]"}
COMMAND: GET /session/b4821e91125fc57ae8b08a301666550d/element/f.0C7D383FA3E737A876F1AD61BD78151D.d.C729EAA0D9F932556AA473854CBEFB24.e.2894/rect - {}
RESULT: {}
COMMAND: GET /session/b4821e91125fc57ae8b08a301666550d/window/rect - {}
RESULT: {}
COMMAND: POST /session/b4821e91125fc57ae8b08a301666550d/execute/sync - {"script":"<script> [92 bytes]","args":[]}
RESULT: {"script":"<script> [92 bytes]","args":[]}
COMMAND: POST /session/b4821e91125fc57ae8b08a301666550d/actions - {"actions":[{"id":"action7","type":"wheel","parameters":{},"actions":[{"type":"scroll","x":-1888,"y":-24,"deltaX":0,"deltaY":0,"duration":0,"origin":{"element-6066-11e4-a52e-4f735466cecf":"f.0C7D383FA3E737A876F1AD61BD78151D.d.C729EAA0D9F932556AA473854CBEFB24.e.2894"}}]}]}
COMMAND: GET /session/b4821e91125fc57ae8b08a301666550d/screenshot - {}
RESULT: {}
COMMAND: POST /session/b4821e91125fc57ae8b08a301666550d/execute/sync - {"script":"<script> [79 bytes]","args":[{"element-6066-11e4-a52e-4f735466cecf":"f.0C7D383FA3E737A876F1AD61BD78151D.d.C729EAA0D9F932556AA473854CBEFB24.e.2894","ELEMENT":"f.0C7D383FA3E737A876F1AD61BD78151D.d.C729EAA0D9F932556AA473854CBEFB24.e.2894"},{"block":"start","inline":"nearest"}]}
RESULT: {"script":"<script> [79 bytes]","args":[{"element-6066-11e4-a52e-4f735466cecf":"f.0C7D383FA3E737A876F1AD61BD78151D.d.C729EAA0D9F932556AA473854CBEFB24.e.2894","ELEMENT":"f.0C7D383FA3E737A876F1AD61BD78151D.d.C729EAA0D9F932556AA473854CBEFB24.e.2894"},{"block":"start","inline":"nearest"}]}
COMMAND: GET /session/b4821e91125fc57ae8b08a301666550d/screenshot - {}
RESULT: {}
COMMAND: POST /session/b4821e91125fc57ae8b08a301666550d/element/f.0C7D383FA3E737A876F1AD61BD78151D.d.C729EAA0D9F932556AA473854CBEFB24.e.2894/click - {}
RESULT: {}
COMMAND: GET /session/b4821e91125fc57ae8b08a301666550d/screenshot - {}
RESULT: {}
RESULT: undefined
COMMAND: POST /session/b4821e91125fc57ae8b08a301666550d/execute/async - {"script":"<script> [776 bytes]","args":[{"enterText":"4000360","selector":{"controlType":"sap.m.SearchField","properties":{"placeholder":"Search"},"searchOpenDialogs":true,"interaction":{"idSuffix":"I"}},"clearTextFirst":true,"interactionType":"ENTER_TEXT"}]}
RESULT: {"script":"<script> [776 bytes]","args":[{"enterText":"4000360","selector":{"controlType":"sap.m.SearchField","properties":{"placeholder":"Search"},"searchOpenDialogs":true,"interaction":{"idSuffix":"I"}},"clearTextFirst":true,"interactionType":"ENTER_TEXT"}]}
COMMAND: POST /session/b4821e91125fc57ae8b08a301666550d/actions - {"actions":[{"id":"action8","type":"key","parameters":{},"actions":[{"type":"keyDown","value":"î€‡"},{"type":"pause","duration":10},{"type":"keyUp","value":"î€‡"}]}]}
RESULT: {"actions":[{"id":"action8","type":"key","parameters":{},"actions":[{"type":"keyDown","value":"î€‡"},{"type":"pause","duration":10},{"type":"keyUp","value":"î€‡"}]}]}
COMMAND: GET /session/b4821e91125fc57ae8b08a301666550d/screenshot - {}
RESULT: {}
COMMAND: POST /session/b4821e91125fc57ae8b08a301666550d/element - {"using":"xpath","value":"//td/div/span[contains(text(), \"BGL Vehicles\")]"}
RESULT: {"using":"xpath","value":"//td/div/span[contains(text(), \"BGL Vehicles\")]"}
COMMAND: POST /session/b4821e91125fc57ae8b08a301666550d/element/f.0C7D383FA3E737A876F1AD61BD78151D.d.C729EAA0D9F932556AA473854CBEFB24.e.2913/click - {}
RESULT: {}
COMMAND: GET /session/b4821e91125fc57ae8b08a301666550d/screenshot - {}
RESULT: {}
COMMAND: POST /session/b4821e91125fc57ae8b08a301666550d/element - {"using":"xpath","value":"//bdi[contains(text(), \"OK\")]"}
RESULT: {"using":"xpath","value":"//bdi[contains(text(), \"OK\")]"}
COMMAND: POST /session/b4821e91125fc57ae8b08a301666550d/element/f.0C7D383FA3E737A876F1AD61BD78151D.d.C729EAA0D9F932556AA473854CBEFB24.e.2914/click - {}
RESULT: {}
COMMAND: GET /session/b4821e91125fc57ae8b08a301666550d/screenshot - {}
RESULT: {}
COMMAND: POST /session/b4821e91125fc57ae8b08a301666550d/element - {"using":"xpath","value":"//label[contains(@class, 'sapMLabelRequired') and .//bdi[contains(text(), 'Planned Retirement')]]"}
RESULT: {"using":"xpath","value":"//label[contains(@class, 'sapMLabelRequired') and .//bdi[contains(text(), 'Planned Retirement')]]"}
COMMAND: POST /session/b4821e91125fc57ae8b08a301666550d/elements - {"using":"xpath","value":"//label[contains(@class, 'sapMLabelRequired') and .//bdi[contains(text(), 'Planned Retirement')]]"}
RESULT: {"using":"xpath","value":"//label[contains(@class, 'sapMLabelRequired') and .//bdi[contains(text(), 'Planned Retirement')]]"}
COMMAND: POST /session/b4821e91125fc57ae8b08a301666550d/element - {"using":"xpath","value":"//button[@data-kt=\"resourceUnitSaveButton\"]"}
RESULT: {"using":"xpath","value":"//button[@data-kt=\"resourceUnitSaveButton\"]"}
COMMAND: POST /session/b4821e91125fc57ae8b08a301666550d/element/f.0C7D383FA3E737A876F1AD61BD78151D.d.C729EAA0D9F932556AA473854CBEFB24.e.2818/click - {}
RESULT: {}
COMMAND: GET /session/b4821e91125fc57ae8b08a301666550d/screenshot - {}
RESULT: {}
COMMAND: POST /session/b4821e91125fc57ae8b08a301666550d/element - {"using":"xpath","value":"//bdi[contains(text(), \"Close\")]"}
RESULT: {"using":"xpath","value":"//bdi[contains(text(), \"Close\")]"}
COMMAND: POST /session/b4821e91125fc57ae8b08a301666550d/element/f.0C7D383FA3E737A876F1AD61BD78151D.d.C729EAA0D9F932556AA473854CBEFB24.e.2921/click - {}
RESULT: {}
COMMAND: GET /session/b4821e91125fc57ae8b08a301666550d/screenshot - {}
RESULT: {}
COMMAND: POST /session/b4821e91125fc57ae8b08a301666550d/element - {"using":"xpath","value":"//header[contains(@id, 'detailRruPage-headerTitle')]/div[1]/div[2]/div[2]/span[1]"}
RESULT: {"using":"xpath","value":"//header[contains(@id, 'detailRruPage-headerTitle')]/div[1]/div[2]/div[2]/span[1]"}
COMMAND: POST /session/b4821e91125fc57ae8b08a301666550d/elements - {"using":"xpath","value":"//header[contains(@id, 'detailRruPage-headerTitle')]/div[1]/div[2]/div[2]/span[1]"}
RESULT: {"using":"xpath","value":"//header[contains(@id, 'detailRruPage-headerTitle')]/div[1]/div[2]/div[2]/span[1]"}
COMMAND: POST /session/b4821e91125fc57ae8b08a301666550d/execute/sync - {"script":"<script> [56 bytes]","args":[{"element-6066-11e4-a52e-4f735466cecf":"f.0C7D383FA3E737A876F1AD61BD78151D.d.C729EAA0D9F932556AA473854CBEFB24.e.2955","ELEMENT":"f.0C7D383FA3E737A876F1AD61BD78151D.d.C729EAA0D9F932556AA473854CBEFB24.e.2955"}]}
RESULT: {"script":"<script> [56 bytes]","args":[{"element-6066-11e4-a52e-4f735466cecf":"f.0C7D383FA3E737A876F1AD61BD78151D.d.C729EAA0D9F932556AA473854CBEFB24.e.2955","ELEMENT":"f.0C7D383FA3E737A876F1AD61BD78151D.d.C729EAA0D9F932556AA473854CBEFB24.e.2955"}]}
COMMAND: POST /session/b4821e91125fc57ae8b08a301666550d/element - {"using":"css selector","value":"#shell-header-logo"}
COMMAND: GET /session/b4821e91125fc57ae8b08a301666550d/screenshot - {}
RESULT: {"using":"css selector","value":"#shell-header-logo"}
COMMAND: POST /session/b4821e91125fc57ae8b08a301666550d/element/f.0C7D383FA3E737A876F1AD61BD78151D.d.C729EAA0D9F932556AA473854CBEFB24.e.2401/click - {}
RESULT: {}
RESULT: {}
COMMAND: GET /session/b4821e91125fc57ae8b08a301666550d/screenshot - {}
RESULT: {}
]]></system-out>
    </testcase>
    <testcase classname="chrome.136_0_7103_93.windows.Stock_increase_-_with_WHM_US125587" name="Bin Status Report Should Create New Organization yard" time="82.1">
      <system-out><![CDATA[
COMMAND: POST /session/b4821e91125fc57ae8b08a301666550d/execute/async - {"script":"<script> [1562 bytes]","args":[{"selector":{"controlType":"sap.m.GenericTile","properties":{"header":"Bin Status Report"}},"wdio_ui5_key":"sapm.GenericTile{\"header\":\"Bin Status Report\"}"}]}
RESULT: {"script":"<script> [1562 bytes]","args":[{"selector":{"controlType":"sap.m.GenericTile","properties":{"header":"Bin Status Report"}},"wdio_ui5_key":"sapm.GenericTile{\"header\":\"Bin Status Report\"}"}]}
RESULT: undefined
COMMAND: POST /session/b4821e91125fc57ae8b08a301666550d/element - {"using":"xpath","value":"//*[@id=\"__tile104\"]"}
RESULT: {"using":"xpath","value":"//*[@id=\"__tile104\"]"}
COMMAND: POST /session/b4821e91125fc57ae8b08a301666550d/element/f.0C7D383FA3E737A876F1AD61BD78151D.d.C729EAA0D9F932556AA473854CBEFB24.e.2957/click - {}
RESULT: {}
COMMAND: GET /session/b4821e91125fc57ae8b08a301666550d/screenshot - {}
RESULT: {}
COMMAND: POST /session/b4821e91125fc57ae8b08a301666550d/elements - {"using":"xpath","value":"//span[text()='Error']"}
RESULT: {"using":"xpath","value":"//span[text()='Error']"}
COMMAND: POST /session/b4821e91125fc57ae8b08a301666550d/element - {"using":"xpath","value":"//button[@id=\"application-binstatusreport-display-component---warehousing--createOrgBtn\"]"}
RESULT: {"using":"xpath","value":"//button[@id=\"application-binstatusreport-display-component---warehousing--createOrgBtn\"]"}
COMMAND: POST /session/b4821e91125fc57ae8b08a301666550d/elements - {"using":"xpath","value":"//button[@id=\"application-binstatusreport-display-component---warehousing--createOrgBtn\"]"}
RESULT: {"using":"xpath","value":"//button[@id=\"application-binstatusreport-display-component---warehousing--createOrgBtn\"]"}
COMMAND: POST /session/b4821e91125fc57ae8b08a301666550d/execute/sync - {"script":"<script> [8489 bytes]","args":[{"element-6066-11e4-a52e-4f735466cecf":"f.0C7D383FA3E737A876F1AD61BD78151D.d.C729EAA0D9F932556AA473854CBEFB24.e.3018","ELEMENT":"f.0C7D383FA3E737A876F1AD61BD78151D.d.C729EAA0D9F932556AA473854CBEFB24.e.3018"}]}
RESULT: {"script":"<script> [8489 bytes]","args":[{"element-6066-11e4-a52e-4f735466cecf":"f.0C7D383FA3E737A876F1AD61BD78151D.d.C729EAA0D9F932556AA473854CBEFB24.e.3018","ELEMENT":"f.0C7D383FA3E737A876F1AD61BD78151D.d.C729EAA0D9F932556AA473854CBEFB24.e.3018"}]}
COMMAND: GET /session/b4821e91125fc57ae8b08a301666550d/element/f.0C7D383FA3E737A876F1AD61BD78151D.d.C729EAA0D9F932556AA473854CBEFB24.e.3018/enabled - {}
COMMAND: GET /session/b4821e91125fc57ae8b08a301666550d/screenshot - {}
RESULT: {}
COMMAND: POST /session/b4821e91125fc57ae8b08a301666550d/execute/sync - {"script":"<script> [8489 bytes]","args":[{"element-6066-11e4-a52e-4f735466cecf":"f.0C7D383FA3E737A876F1AD61BD78151D.d.C729EAA0D9F932556AA473854CBEFB24.e.3018","ELEMENT":"f.0C7D383FA3E737A876F1AD61BD78151D.d.C729EAA0D9F932556AA473854CBEFB24.e.3018"}]}
COMMAND: GET /session/b4821e91125fc57ae8b08a301666550d/screenshot - {}
RESULT: {}
RESULT: {"script":"<script> [8489 bytes]","args":[{"element-6066-11e4-a52e-4f735466cecf":"f.0C7D383FA3E737A876F1AD61BD78151D.d.C729EAA0D9F932556AA473854CBEFB24.e.3018","ELEMENT":"f.0C7D383FA3E737A876F1AD61BD78151D.d.C729EAA0D9F932556AA473854CBEFB24.e.3018"}]}
COMMAND: POST /session/b4821e91125fc57ae8b08a301666550d/execute/sync - {"script":"<script> [5351 bytes]","args":[{"element-6066-11e4-a52e-4f735466cecf":"f.0C7D383FA3E737A876F1AD61BD78151D.d.C729EAA0D9F932556AA473854CBEFB24.e.3018","ELEMENT":"f.0C7D383FA3E737A876F1AD61BD78151D.d.C729EAA0D9F932556AA473854CBEFB24.e.3018"}]}
COMMAND: GET /session/b4821e91125fc57ae8b08a301666550d/screenshot - {}
RESULT: {}
RESULT: {"script":"<script> [5351 bytes]","args":[{"element-6066-11e4-a52e-4f735466cecf":"f.0C7D383FA3E737A876F1AD61BD78151D.d.C729EAA0D9F932556AA473854CBEFB24.e.3018","ELEMENT":"f.0C7D383FA3E737A876F1AD61BD78151D.d.C729EAA0D9F932556AA473854CBEFB24.e.3018"}]}
COMMAND: GET /session/b4821e91125fc57ae8b08a301666550d/screenshot - {}
RESULT: {}
RESULT: {}
COMMAND: POST /session/b4821e91125fc57ae8b08a301666550d/element/f.0C7D383FA3E737A876F1AD61BD78151D.d.C729EAA0D9F932556AA473854CBEFB24.e.3018/click - {}
RESULT: {}
COMMAND: GET /session/b4821e91125fc57ae8b08a301666550d/screenshot - {}
RESULT: {}
COMMAND: POST /session/b4821e91125fc57ae8b08a301666550d/execute/async - {"script":"<script> [1562 bytes]","args":[{"selector":{"id":"createOrganizationPop--sectionInput","searchOpenDialogs":true,"interaction":{"idSuffix":"inner"}},"wdio_ui5_key":"createOrganizationPopsectionInput"}]}
RESULT: {"script":"<script> [1562 bytes]","args":[{"selector":{"id":"createOrganizationPop--sectionInput","searchOpenDialogs":true,"interaction":{"idSuffix":"inner"}},"wdio_ui5_key":"createOrganizationPopsectionInput"}]}
RESULT: undefined
COMMAND: POST /session/b4821e91125fc57ae8b08a301666550d/execute/async - {"script":"<script> [776 bytes]","args":[{"enterText":"WDIO-540","selector":{"id":"createOrganizationPop--sectionInput","searchOpenDialogs":true,"interaction":{"idSuffix":"inner"}},"clearTextFirst":true,"interactionType":"ENTER_TEXT"}]}
RESULT: {"script":"<script> [776 bytes]","args":[{"enterText":"WDIO-540","selector":{"id":"createOrganizationPop--sectionInput","searchOpenDialogs":true,"interaction":{"idSuffix":"inner"}},"clearTextFirst":true,"interactionType":"ENTER_TEXT"}]}
COMMAND: POST /session/b4821e91125fc57ae8b08a301666550d/execute/async - {"script":"<script> [1562 bytes]","args":[{"selector":{"id":"createOrganizationPop--descriptionInput","searchOpenDialogs":true,"interaction":{"idSuffix":"inner"}},"wdio_ui5_key":"createOrganizationPopdescriptionInput"}]}
RESULT: {"script":"<script> [1562 bytes]","args":[{"selector":{"id":"createOrganizationPop--descriptionInput","searchOpenDialogs":true,"interaction":{"idSuffix":"inner"}},"wdio_ui5_key":"createOrganizationPopdescriptionInput"}]}
RESULT: undefined
COMMAND: POST /session/b4821e91125fc57ae8b08a301666550d/execute/async - {"script":"<script> [776 bytes]","args":[{"enterText":"Shipping-540","selector":{"id":"createOrganizationPop--descriptionInput","searchOpenDialogs":true,"interaction":{"idSuffix":"inner"}},"clearTextFirst":true,"interactionType":"ENTER_TEXT"}]}
RESULT: {"script":"<script> [776 bytes]","args":[{"enterText":"Shipping-540","selector":{"id":"createOrganizationPop--descriptionInput","searchOpenDialogs":true,"interaction":{"idSuffix":"inner"}},"clearTextFirst":true,"interactionType":"ENTER_TEXT"}]}
COMMAND: POST /session/b4821e91125fc57ae8b08a301666550d/element - {"using":"css selector","value":"#createOrganizationPop--yardOrg-inner"}
RESULT: {"using":"css selector","value":"#createOrganizationPop--yardOrg-inner"}
COMMAND: POST /session/b4821e91125fc57ae8b08a301666550d/element/f.0C7D383FA3E737A876F1AD61BD78151D.d.C729EAA0D9F932556AA473854CBEFB24.e.3058/clear - {}
RESULT: {}
COMMAND: POST /session/b4821e91125fc57ae8b08a301666550d/element/f.0C7D383FA3E737A876F1AD61BD78151D.d.C729EAA0D9F932556AA473854CBEFB24.e.3058/value - {"text":"540"}
COMMAND: GET /session/b4821e91125fc57ae8b08a301666550d/screenshot - {}
RESULT: {"text":"540"}
COMMAND: GET /session/b4821e91125fc57ae8b08a301666550d/screenshot - {}
RESULT: {}
RESULT: {}
COMMAND: POST /session/b4821e91125fc57ae8b08a301666550d/actions - {"actions":[{"id":"action9","type":"key","parameters":{},"actions":[{"type":"keyDown","value":"î€‡"},{"type":"pause","duration":10},{"type":"keyUp","value":"î€‡"}]}]}
RESULT: {"actions":[{"id":"action9","type":"key","parameters":{},"actions":[{"type":"keyDown","value":"î€‡"},{"type":"pause","duration":10},{"type":"keyUp","value":"î€‡"}]}]}
COMMAND: POST /session/b4821e91125fc57ae8b08a301666550d/execute/async - {"script":"<script> [1562 bytes]","args":[{"selector":{"id":"createOrganizationPop--grZone","searchOpenDialogs":true,"interaction":{"idSuffix":"CbBg"}},"wdio_ui5_key":"createOrganizationPopgrZone"}]}
COMMAND: GET /session/b4821e91125fc57ae8b08a301666550d/screenshot - {}
RESULT: {"script":"<script> [1562 bytes]","args":[{"selector":{"id":"createOrganizationPop--grZone","searchOpenDialogs":true,"interaction":{"idSuffix":"CbBg"}},"wdio_ui5_key":"createOrganizationPopgrZone"}]}
RESULT: undefined
COMMAND: POST /session/b4821e91125fc57ae8b08a301666550d/element - {"using":"xpath","value":"//*[@id=\"createOrganizationPop--grZone\"]"}
RESULT: {}
RESULT: {"using":"xpath","value":"//*[@id=\"createOrganizationPop--grZone\"]"}
COMMAND: POST /session/b4821e91125fc57ae8b08a301666550d/element/f.0C7D383FA3E737A876F1AD61BD78151D.d.C729EAA0D9F932556AA473854CBEFB24.e.3079/click - {}
RESULT: {}
COMMAND: GET /session/b4821e91125fc57ae8b08a301666550d/screenshot - {}
RESULT: {}
COMMAND: POST /session/b4821e91125fc57ae8b08a301666550d/execute/async - {"script":"<script> [1562 bytes]","args":[{"selector":{"id":"createOrganizationPop--giZone","searchOpenDialogs":true,"interaction":{"idSuffix":"CbBg"}},"wdio_ui5_key":"createOrganizationPopgiZone"}]}
RESULT: {"script":"<script> [1562 bytes]","args":[{"selector":{"id":"createOrganizationPop--giZone","searchOpenDialogs":true,"interaction":{"idSuffix":"CbBg"}},"wdio_ui5_key":"createOrganizationPopgiZone"}]}
RESULT: undefined
COMMAND: POST /session/b4821e91125fc57ae8b08a301666550d/element - {"using":"xpath","value":"//*[@id=\"createOrganizationPop--giZone\"]"}
RESULT: {"using":"xpath","value":"//*[@id=\"createOrganizationPop--giZone\"]"}
COMMAND: POST /session/b4821e91125fc57ae8b08a301666550d/element/f.0C7D383FA3E737A876F1AD61BD78151D.d.C729EAA0D9F932556AA473854CBEFB24.e.3081/click - {}
RESULT: {}
COMMAND: GET /session/b4821e91125fc57ae8b08a301666550d/screenshot - {}
RESULT: {}
COMMAND: POST /session/b4821e91125fc57ae8b08a301666550d/execute/async - {"script":"<script> [1562 bytes]","args":[{"selector":{"id":"createOrganizationPop--binNoInput","searchOpenDialogs":true,"interaction":{"idSuffix":"inner"}},"wdio_ui5_key":"createOrganizationPopbinNoInput"}]}
RESULT: {"script":"<script> [1562 bytes]","args":[{"selector":{"id":"createOrganizationPop--binNoInput","searchOpenDialogs":true,"interaction":{"idSuffix":"inner"}},"wdio_ui5_key":"createOrganizationPopbinNoInput"}]}
RESULT: undefined
COMMAND: POST /session/b4821e91125fc57ae8b08a301666550d/execute/async - {"script":"<script> [776 bytes]","args":[{"enterText":"Bin-Wd","selector":{"id":"createOrganizationPop--binNoInput","searchOpenDialogs":true,"interaction":{"idSuffix":"inner"}},"clearTextFirst":true,"interactionType":"ENTER_TEXT"}]}
RESULT: {"script":"<script> [776 bytes]","args":[{"enterText":"Bin-Wd","selector":{"id":"createOrganizationPop--binNoInput","searchOpenDialogs":true,"interaction":{"idSuffix":"inner"}},"clearTextFirst":true,"interactionType":"ENTER_TEXT"}]}
COMMAND: POST /session/b4821e91125fc57ae8b08a301666550d/execute/async - {"script":"<script> [1562 bytes]","args":[{"selector":{"id":"createOrganizationPop--descriptionId","searchOpenDialogs":true,"interaction":{"idSuffix":"inner"}},"wdio_ui5_key":"createOrganizationPopdescriptionId"}]}
RESULT: {"script":"<script> [1562 bytes]","args":[{"selector":{"id":"createOrganizationPop--descriptionId","searchOpenDialogs":true,"interaction":{"idSuffix":"inner"}},"wdio_ui5_key":"createOrganizationPopdescriptionId"}]}
RESULT: undefined
COMMAND: POST /session/b4821e91125fc57ae8b08a301666550d/execute/async - {"script":"<script> [776 bytes]","args":[{"enterText":"Shipping-Wd","selector":{"id":"createOrganizationPop--descriptionId","searchOpenDialogs":true,"interaction":{"idSuffix":"inner"}},"clearTextFirst":true,"interactionType":"ENTER_TEXT"}]}
RESULT: {"script":"<script> [776 bytes]","args":[{"enterText":"Shipping-Wd","selector":{"id":"createOrganizationPop--descriptionId","searchOpenDialogs":true,"interaction":{"idSuffix":"inner"}},"clearTextFirst":true,"interactionType":"ENTER_TEXT"}]}
COMMAND: POST /session/b4821e91125fc57ae8b08a301666550d/execute/async - {"script":"<script> [1562 bytes]","args":[{"selector":{"controlType":"sap.m.CheckBox","viewName":"etm.portal.ui.binstatusreport.view.MasterWareBins","viewId":"application-binstatusreport-display-component---warehousing","bindingPath":{"path":"","propertyPath":"/ZONE","modelName":"newBin"},"searchOpenDialogs":true,"interaction":{"idSuffix":"CbBg"}},"wdio_ui5_key":"etmportal.ui.binstatusreport.view.MasterWareBinssap.m.CheckBox{\"path\":\"\",\"propertyPath\":\"/ZONE\",\"modelName\":\"newBin\"}"}]}
RESULT: {"script":"<script> [1562 bytes]","args":[{"selector":{"controlType":"sap.m.CheckBox","viewName":"etm.portal.ui.binstatusreport.view.MasterWareBins","viewId":"application-binstatusreport-display-component---warehousing","bindingPath":{"path":"","propertyPath":"/ZONE","modelName":"newBin"},"searchOpenDialogs":true,"interaction":{"idSuffix":"CbBg"}},"wdio_ui5_key":"etmportal.ui.binstatusreport.view.MasterWareBinssap.m.CheckBox{\"path\":\"\",\"propertyPath\":\"/ZONE\",\"modelName\":\"newBin\"}"}]}
RESULT: undefined
COMMAND: POST /session/b4821e91125fc57ae8b08a301666550d/element - {"using":"xpath","value":"//*[@id=\"__box56\"]"}
RESULT: {"using":"xpath","value":"//*[@id=\"__box56\"]"}
COMMAND: POST /session/b4821e91125fc57ae8b08a301666550d/element/f.0C7D383FA3E737A876F1AD61BD78151D.d.C729EAA0D9F932556AA473854CBEFB24.e.3085/click - {}
RESULT: {}
COMMAND: GET /session/b4821e91125fc57ae8b08a301666550d/screenshot - {}
RESULT: {}
COMMAND: POST /session/b4821e91125fc57ae8b08a301666550d/execute/async - {"script":"<script> [1562 bytes]","args":[{"selector":{"id":"createOrganizationPop--binTypesCB","searchOpenDialogs":true,"interaction":{"idSuffix":"inner"}},"wdio_ui5_key":"createOrganizationPopbinTypesCB"}]}
RESULT: {"script":"<script> [1562 bytes]","args":[{"selector":{"id":"createOrganizationPop--binTypesCB","searchOpenDialogs":true,"interaction":{"idSuffix":"inner"}},"wdio_ui5_key":"createOrganizationPopbinTypesCB"}]}
RESULT: undefined
COMMAND: POST /session/b4821e91125fc57ae8b08a301666550d/execute/async - {"script":"<script> [776 bytes]","args":[{"enterText":"1 - General / No capacity check","selector":{"id":"createOrganizationPop--binTypesCB","searchOpenDialogs":true,"interaction":{"idSuffix":"inner"}},"clearTextFirst":true,"interactionType":"ENTER_TEXT"}]}
RESULT: {"script":"<script> [776 bytes]","args":[{"enterText":"1 - General / No capacity check","selector":{"id":"createOrganizationPop--binTypesCB","searchOpenDialogs":true,"interaction":{"idSuffix":"inner"}},"clearTextFirst":true,"interactionType":"ENTER_TEXT"}]}
COMMAND: POST /session/b4821e91125fc57ae8b08a301666550d/actions - {"actions":[{"id":"action10","type":"key","parameters":{},"actions":[{"type":"keyDown","value":"î€‡"},{"type":"pause","duration":10},{"type":"keyUp","value":"î€‡"}]}]}
RESULT: {"actions":[{"id":"action10","type":"key","parameters":{},"actions":[{"type":"keyDown","value":"î€‡"},{"type":"pause","duration":10},{"type":"keyUp","value":"î€‡"}]}]}
COMMAND: GET /session/b4821e91125fc57ae8b08a301666550d/screenshot - {}
RESULT: {}
COMMAND: POST /session/b4821e91125fc57ae8b08a301666550d/execute/async - {"script":"<script> [1562 bytes]","args":[{"selector":{"id":"createOrganizationPop--finishBtn","searchOpenDialogs":true,"interaction":{"idSuffix":"BDI-content"}},"wdio_ui5_key":"createOrganizationPopfinishBtn"}]}
RESULT: {"script":"<script> [1562 bytes]","args":[{"selector":{"id":"createOrganizationPop--finishBtn","searchOpenDialogs":true,"interaction":{"idSuffix":"BDI-content"}},"wdio_ui5_key":"createOrganizationPopfinishBtn"}]}
RESULT: undefined
COMMAND: POST /session/b4821e91125fc57ae8b08a301666550d/element - {"using":"xpath","value":"//*[@id=\"createOrganizationPop--finishBtn\"]"}
RESULT: {"using":"xpath","value":"//*[@id=\"createOrganizationPop--finishBtn\"]"}
COMMAND: POST /session/b4821e91125fc57ae8b08a301666550d/element/f.0C7D383FA3E737A876F1AD61BD78151D.d.C729EAA0D9F932556AA473854CBEFB24.e.3088/click - {}
RESULT: {}
COMMAND: GET /session/b4821e91125fc57ae8b08a301666550d/screenshot - {}
RESULT: {}
COMMAND: POST /session/b4821e91125fc57ae8b08a301666550d/element - {"using":"css selector","value":"#shell-header-logo"}
RESULT: {"using":"css selector","value":"#shell-header-logo"}
COMMAND: POST /session/b4821e91125fc57ae8b08a301666550d/element/f.0C7D383FA3E737A876F1AD61BD78151D.d.C729EAA0D9F932556AA473854CBEFB24.e.2963/click - {}
RESULT: {}
COMMAND: GET /session/b4821e91125fc57ae8b08a301666550d/screenshot - {}
RESULT: {}
]]></system-out>
    </testcase>
    <testcase classname="chrome.136_0_7103_93.windows.Stock_increase_-_with_WHM_US125587" name="Bin Status Report Should Create New Organization for Site" time="64.88">
      <system-out><![CDATA[
RESULT: undefined
COMMAND: POST /session/b4821e91125fc57ae8b08a301666550d/element - {"using":"xpath","value":"//*[@id=\"__tile104\"]"}
RESULT: {"using":"xpath","value":"//*[@id=\"__tile104\"]"}
COMMAND: POST /session/b4821e91125fc57ae8b08a301666550d/element/f.0C7D383FA3E737A876F1AD61BD78151D.d.C729EAA0D9F932556AA473854CBEFB24.e.2957/click - {}
RESULT: {}
COMMAND: GET /session/b4821e91125fc57ae8b08a301666550d/screenshot - {}
RESULT: {}
COMMAND: POST /session/b4821e91125fc57ae8b08a301666550d/elements - {"using":"xpath","value":"//span[text()='Error']"}
RESULT: {"using":"xpath","value":"//span[text()='Error']"}
COMMAND: POST /session/b4821e91125fc57ae8b08a301666550d/element - {"using":"xpath","value":"//button[@id=\"application-binstatusreport-display-component---warehousing--createOrgBtn\"]"}
RESULT: {"using":"xpath","value":"//button[@id=\"application-binstatusreport-display-component---warehousing--createOrgBtn\"]"}
COMMAND: POST /session/b4821e91125fc57ae8b08a301666550d/elements - {"using":"xpath","value":"//button[@id=\"application-binstatusreport-display-component---warehousing--createOrgBtn\"]"}
RESULT: {"using":"xpath","value":"//button[@id=\"application-binstatusreport-display-component---warehousing--createOrgBtn\"]"}
COMMAND: POST /session/b4821e91125fc57ae8b08a301666550d/execute/sync - {"script":"<script> [8489 bytes]","args":[{"element-6066-11e4-a52e-4f735466cecf":"f.0C7D383FA3E737A876F1AD61BD78151D.d.C729EAA0D9F932556AA473854CBEFB24.e.3130","ELEMENT":"f.0C7D383FA3E737A876F1AD61BD78151D.d.C729EAA0D9F932556AA473854CBEFB24.e.3130"}]}
RESULT: {"script":"<script> [8489 bytes]","args":[{"element-6066-11e4-a52e-4f735466cecf":"f.0C7D383FA3E737A876F1AD61BD78151D.d.C729EAA0D9F932556AA473854CBEFB24.e.3130","ELEMENT":"f.0C7D383FA3E737A876F1AD61BD78151D.d.C729EAA0D9F932556AA473854CBEFB24.e.3130"}]}
COMMAND: GET /session/b4821e91125fc57ae8b08a301666550d/element/f.0C7D383FA3E737A876F1AD61BD78151D.d.C729EAA0D9F932556AA473854CBEFB24.e.3130/enabled - {}
COMMAND: GET /session/b4821e91125fc57ae8b08a301666550d/screenshot - {}
RESULT: {}
COMMAND: POST /session/b4821e91125fc57ae8b08a301666550d/execute/sync - {"script":"<script> [8489 bytes]","args":[{"element-6066-11e4-a52e-4f735466cecf":"f.0C7D383FA3E737A876F1AD61BD78151D.d.C729EAA0D9F932556AA473854CBEFB24.e.3130","ELEMENT":"f.0C7D383FA3E737A876F1AD61BD78151D.d.C729EAA0D9F932556AA473854CBEFB24.e.3130"}]}
COMMAND: GET /session/b4821e91125fc57ae8b08a301666550d/screenshot - {}
RESULT: {}
RESULT: {"script":"<script> [8489 bytes]","args":[{"element-6066-11e4-a52e-4f735466cecf":"f.0C7D383FA3E737A876F1AD61BD78151D.d.C729EAA0D9F932556AA473854CBEFB24.e.3130","ELEMENT":"f.0C7D383FA3E737A876F1AD61BD78151D.d.C729EAA0D9F932556AA473854CBEFB24.e.3130"}]}
COMMAND: POST /session/b4821e91125fc57ae8b08a301666550d/execute/sync - {"script":"<script> [5351 bytes]","args":[{"element-6066-11e4-a52e-4f735466cecf":"f.0C7D383FA3E737A876F1AD61BD78151D.d.C729EAA0D9F932556AA473854CBEFB24.e.3130","ELEMENT":"f.0C7D383FA3E737A876F1AD61BD78151D.d.C729EAA0D9F932556AA473854CBEFB24.e.3130"}]}
COMMAND: GET /session/b4821e91125fc57ae8b08a301666550d/screenshot - {}
RESULT: {}
RESULT: {"script":"<script> [5351 bytes]","args":[{"element-6066-11e4-a52e-4f735466cecf":"f.0C7D383FA3E737A876F1AD61BD78151D.d.C729EAA0D9F932556AA473854CBEFB24.e.3130","ELEMENT":"f.0C7D383FA3E737A876F1AD61BD78151D.d.C729EAA0D9F932556AA473854CBEFB24.e.3130"}]}
COMMAND: GET /session/b4821e91125fc57ae8b08a301666550d/screenshot - {}
RESULT: {}
RESULT: {}
COMMAND: POST /session/b4821e91125fc57ae8b08a301666550d/element/f.0C7D383FA3E737A876F1AD61BD78151D.d.C729EAA0D9F932556AA473854CBEFB24.e.3130/click - {}
RESULT: {}
COMMAND: GET /session/b4821e91125fc57ae8b08a301666550d/screenshot - {}
RESULT: {}
RESULT: undefined
COMMAND: POST /session/b4821e91125fc57ae8b08a301666550d/execute/async - {"script":"<script> [776 bytes]","args":[{"enterText":"2267","selector":{"id":"createOrganizationPop--sectionInput","searchOpenDialogs":true,"interaction":{"idSuffix":"inner"}},"clearTextFirst":true,"interactionType":"ENTER_TEXT"}]}
RESULT: {"script":"<script> [776 bytes]","args":[{"enterText":"2267","selector":{"id":"createOrganizationPop--sectionInput","searchOpenDialogs":true,"interaction":{"idSuffix":"inner"}},"clearTextFirst":true,"interactionType":"ENTER_TEXT"}]}
RESULT: undefined
COMMAND: POST /session/b4821e91125fc57ae8b08a301666550d/execute/async - {"script":"<script> [776 bytes]","args":[{"enterText":"WDIO-2267","selector":{"id":"createOrganizationPop--descriptionInput","searchOpenDialogs":true,"interaction":{"idSuffix":"inner"}},"clearTextFirst":true,"interactionType":"ENTER_TEXT"}]}
RESULT: {"script":"<script> [776 bytes]","args":[{"enterText":"WDIO-2267","selector":{"id":"createOrganizationPop--descriptionInput","searchOpenDialogs":true,"interaction":{"idSuffix":"inner"}},"clearTextFirst":true,"interactionType":"ENTER_TEXT"}]}
COMMAND: POST /session/b4821e91125fc57ae8b08a301666550d/element - {"using":"css selector","value":"#createOrganizationPop--siteOrg-inner"}
RESULT: {"using":"css selector","value":"#createOrganizationPop--siteOrg-inner"}
COMMAND: POST /session/b4821e91125fc57ae8b08a301666550d/element/f.0C7D383FA3E737A876F1AD61BD78151D.d.C729EAA0D9F932556AA473854CBEFB24.e.3185/clear - {}
RESULT: {}
COMMAND: POST /session/b4821e91125fc57ae8b08a301666550d/element/f.0C7D383FA3E737A876F1AD61BD78151D.d.C729EAA0D9F932556AA473854CBEFB24.e.3185/value - {"text":"2267"}
COMMAND: GET /session/b4821e91125fc57ae8b08a301666550d/screenshot - {}
RESULT: {"text":"2267"}
COMMAND: GET /session/b4821e91125fc57ae8b08a301666550d/screenshot - {}
RESULT: {}
RESULT: {}
COMMAND: POST /session/b4821e91125fc57ae8b08a301666550d/actions - {"actions":[{"id":"action11","type":"key","parameters":{},"actions":[{"type":"keyDown","value":"î€‡"},{"type":"pause","duration":10},{"type":"keyUp","value":"î€‡"}]}]}
RESULT: {"actions":[{"id":"action11","type":"key","parameters":{},"actions":[{"type":"keyDown","value":"î€‡"},{"type":"pause","duration":10},{"type":"keyUp","value":"î€‡"}]}]}
RESULT: undefined
COMMAND: POST /session/b4821e91125fc57ae8b08a301666550d/element - {"using":"xpath","value":"//*[@id=\"createOrganizationPop--giZone\"]"}
COMMAND: GET /session/b4821e91125fc57ae8b08a301666550d/screenshot - {}
RESULT: {"using":"xpath","value":"//*[@id=\"createOrganizationPop--giZone\"]"}
COMMAND: POST /session/b4821e91125fc57ae8b08a301666550d/element/f.0C7D383FA3E737A876F1AD61BD78151D.d.C729EAA0D9F932556AA473854CBEFB24.e.3203/click - {}
RESULT: {}
RESULT: {}
COMMAND: GET /session/b4821e91125fc57ae8b08a301666550d/screenshot - {}
RESULT: {}
RESULT: undefined
COMMAND: POST /session/b4821e91125fc57ae8b08a301666550d/execute/async - {"script":"<script> [776 bytes]","args":[{"enterText":"WD-BIN","selector":{"id":"createOrganizationPop--binNoInput","searchOpenDialogs":true,"interaction":{"idSuffix":"inner"}},"clearTextFirst":true,"interactionType":"ENTER_TEXT"}]}
RESULT: {"script":"<script> [776 bytes]","args":[{"enterText":"WD-BIN","selector":{"id":"createOrganizationPop--binNoInput","searchOpenDialogs":true,"interaction":{"idSuffix":"inner"}},"clearTextFirst":true,"interactionType":"ENTER_TEXT"}]}
RESULT: undefined
COMMAND: POST /session/b4821e91125fc57ae8b08a301666550d/execute/async - {"script":"<script> [776 bytes]","args":[{"enterText":"WD-BIN","selector":{"id":"createOrganizationPop--descriptionId","searchOpenDialogs":true,"interaction":{"idSuffix":"inner"}},"clearTextFirst":true,"interactionType":"ENTER_TEXT"}]}
RESULT: {"script":"<script> [776 bytes]","args":[{"enterText":"WD-BIN","selector":{"id":"createOrganizationPop--descriptionId","searchOpenDialogs":true,"interaction":{"idSuffix":"inner"}},"clearTextFirst":true,"interactionType":"ENTER_TEXT"}]}
COMMAND: POST /session/b4821e91125fc57ae8b08a301666550d/execute/async - {"script":"<script> [1562 bytes]","args":[{"selector":{"controlType":"sap.m.CheckBox","viewName":"etm.portal.ui.binstatusreport.view.MasterWareBins","viewId":"application-binstatusreport-display-component---warehousing","bindingPath":{"propertyPath":"/ZONE","modelName":"newBin"},"searchOpenDialogs":true,"interaction":{"idSuffix":"CbBg"}},"wdio_ui5_key":"etmportal.ui.binstatusreport.view.MasterWareBinssap.m.CheckBox{\"propertyPath\":\"/ZONE\",\"modelName\":\"newBin\"}"}]}
RESULT: {"script":"<script> [1562 bytes]","args":[{"selector":{"controlType":"sap.m.CheckBox","viewName":"etm.portal.ui.binstatusreport.view.MasterWareBins","viewId":"application-binstatusreport-display-component---warehousing","bindingPath":{"propertyPath":"/ZONE","modelName":"newBin"},"searchOpenDialogs":true,"interaction":{"idSuffix":"CbBg"}},"wdio_ui5_key":"etmportal.ui.binstatusreport.view.MasterWareBinssap.m.CheckBox{\"propertyPath\":\"/ZONE\",\"modelName\":\"newBin\"}"}]}
RESULT: undefined
COMMAND: POST /session/b4821e91125fc57ae8b08a301666550d/element - {"using":"xpath","value":"//*[@id=\"__box68\"]"}
RESULT: {"using":"xpath","value":"//*[@id=\"__box68\"]"}
COMMAND: POST /session/b4821e91125fc57ae8b08a301666550d/element/f.0C7D383FA3E737A876F1AD61BD78151D.d.C729EAA0D9F932556AA473854CBEFB24.e.3205/click - {}
RESULT: {}
COMMAND: GET /session/b4821e91125fc57ae8b08a301666550d/screenshot - {}
RESULT: {}
RESULT: undefined
COMMAND: POST /session/b4821e91125fc57ae8b08a301666550d/execute/async - {"script":"<script> [776 bytes]","args":[{"enterText":"1 - General / No capacity check","selector":{"id":"createOrganizationPop--binTypesCB","searchOpenDialogs":true,"interaction":{"idSuffix":"inner"}},"clearTextFirst":true,"interactionType":"ENTER_TEXT"}]}
RESULT: {"script":"<script> [776 bytes]","args":[{"enterText":"1 - General / No capacity check","selector":{"id":"createOrganizationPop--binTypesCB","searchOpenDialogs":true,"interaction":{"idSuffix":"inner"}},"clearTextFirst":true,"interactionType":"ENTER_TEXT"}]}
COMMAND: POST /session/b4821e91125fc57ae8b08a301666550d/execute/async - {"script":"<script> [1562 bytes]","args":[{"selector":{"id":"createOrganizationPop--capacityId","searchOpenDialogs":true,"interaction":{"idSuffix":"inner"}},"wdio_ui5_key":"createOrganizationPopcapacityId"}]}
RESULT: {"script":"<script> [1562 bytes]","args":[{"selector":{"id":"createOrganizationPop--capacityId","searchOpenDialogs":true,"interaction":{"idSuffix":"inner"}},"wdio_ui5_key":"createOrganizationPopcapacityId"}]}
RESULT: undefined
COMMAND: POST /session/b4821e91125fc57ae8b08a301666550d/actions - {"actions":[{"id":"action12","type":"key","parameters":{},"actions":[{"type":"keyDown","value":"î€‡"},{"type":"pause","duration":10},{"type":"keyUp","value":"î€‡"}]}]}
RESULT: {"actions":[{"id":"action12","type":"key","parameters":{},"actions":[{"type":"keyDown","value":"î€‡"},{"type":"pause","duration":10},{"type":"keyUp","value":"î€‡"}]}]}
COMMAND: GET /session/b4821e91125fc57ae8b08a301666550d/screenshot - {}
RESULT: {}
RESULT: undefined
COMMAND: POST /session/b4821e91125fc57ae8b08a301666550d/element - {"using":"xpath","value":"//*[@id=\"createOrganizationPop--finishBtn\"]"}
RESULT: {"using":"xpath","value":"//*[@id=\"createOrganizationPop--finishBtn\"]"}
COMMAND: POST /session/b4821e91125fc57ae8b08a301666550d/element/f.0C7D383FA3E737A876F1AD61BD78151D.d.C729EAA0D9F932556AA473854CBEFB24.e.3212/click - {}
RESULT: {}
COMMAND: GET /session/b4821e91125fc57ae8b08a301666550d/screenshot - {}
RESULT: {}
COMMAND: POST /session/b4821e91125fc57ae8b08a301666550d/element - {"using":"css selector","value":"#shell-header-logo"}
RESULT: {"using":"css selector","value":"#shell-header-logo"}
COMMAND: POST /session/b4821e91125fc57ae8b08a301666550d/element/f.0C7D383FA3E737A876F1AD61BD78151D.d.C729EAA0D9F932556AA473854CBEFB24.e.3097/click - {}
RESULT: {}
COMMAND: GET /session/b4821e91125fc57ae8b08a301666550d/screenshot - {}
RESULT: {}
]]></system-out>
    </testcase>
    <testcase classname="chrome.136_0_7103_93.windows.Stock_increase_-_with_WHM_US125587" name="Create a Warehouse Movement for created yard" time="44.957">
      <system-out><![CDATA[
COMMAND: POST /session/b4821e91125fc57ae8b08a301666550d/execute/async - {"script":"<script> [1562 bytes]","args":[{"selector":{"controlType":"sap.m.GenericTile","properties":{"header":"Manage Warehouse Movements"}},"wdio_ui5_key":"sapm.GenericTile{\"header\":\"Manage Warehouse Movements\"}"}]}
RESULT: {"script":"<script> [1562 bytes]","args":[{"selector":{"controlType":"sap.m.GenericTile","properties":{"header":"Manage Warehouse Movements"}},"wdio_ui5_key":"sapm.GenericTile{\"header\":\"Manage Warehouse Movements\"}"}]}
RESULT: undefined
COMMAND: POST /session/b4821e91125fc57ae8b08a301666550d/element - {"using":"xpath","value":"//*[@id=\"__tile105\"]"}
RESULT: {"using":"xpath","value":"//*[@id=\"__tile105\"]"}
COMMAND: POST /session/b4821e91125fc57ae8b08a301666550d/element/f.0C7D383FA3E737A876F1AD61BD78151D.d.C729EAA0D9F932556AA473854CBEFB24.e.3218/click - {}
RESULT: {}
COMMAND: GET /session/b4821e91125fc57ae8b08a301666550d/screenshot - {}
RESULT: {}
COMMAND: POST /session/b4821e91125fc57ae8b08a301666550d/elements - {"using":"xpath","value":"//span[text()='Error']"}
RESULT: {"using":"xpath","value":"//span[text()='Error']"}
COMMAND: POST /session/b4821e91125fc57ae8b08a301666550d/element - {"using":"xpath","value":"//input[@id='application-warehousemovements-display-component---warehouseMovements--smartFilterBar-filterItemControl_BASIC-YARD-inner']"}
RESULT: {"using":"xpath","value":"//input[@id='application-warehousemovements-display-component---warehouseMovements--smartFilterBar-filterItemControl_BASIC-YARD-inner']"}
COMMAND: POST /session/b4821e91125fc57ae8b08a301666550d/elements - {"using":"xpath","value":"//input[@id='application-warehousemovements-display-component---warehouseMovements--smartFilterBar-filterItemControl_BASIC-YARD-inner']"}
RESULT: {"using":"xpath","value":"//input[@id='application-warehousemovements-display-component---warehouseMovements--smartFilterBar-filterItemControl_BASIC-YARD-inner']"}
COMMAND: POST /session/b4821e91125fc57ae8b08a301666550d/execute/sync - {"script":"<script> [8489 bytes]","args":[{"element-6066-11e4-a52e-4f735466cecf":"f.0C7D383FA3E737A876F1AD61BD78151D.d.C729EAA0D9F932556AA473854CBEFB24.e.3239","ELEMENT":"f.0C7D383FA3E737A876F1AD61BD78151D.d.C729EAA0D9F932556AA473854CBEFB24.e.3239"}]}
RESULT: {"script":"<script> [8489 bytes]","args":[{"element-6066-11e4-a52e-4f735466cecf":"f.0C7D383FA3E737A876F1AD61BD78151D.d.C729EAA0D9F932556AA473854CBEFB24.e.3239","ELEMENT":"f.0C7D383FA3E737A876F1AD61BD78151D.d.C729EAA0D9F932556AA473854CBEFB24.e.3239"}]}
COMMAND: GET /session/b4821e91125fc57ae8b08a301666550d/element/f.0C7D383FA3E737A876F1AD61BD78151D.d.C729EAA0D9F932556AA473854CBEFB24.e.3239/enabled - {}
COMMAND: GET /session/b4821e91125fc57ae8b08a301666550d/screenshot - {}
RESULT: {}
COMMAND: POST /session/b4821e91125fc57ae8b08a301666550d/execute/sync - {"script":"<script> [8489 bytes]","args":[{"element-6066-11e4-a52e-4f735466cecf":"f.0C7D383FA3E737A876F1AD61BD78151D.d.C729EAA0D9F932556AA473854CBEFB24.e.3239","ELEMENT":"f.0C7D383FA3E737A876F1AD61BD78151D.d.C729EAA0D9F932556AA473854CBEFB24.e.3239"}]}
COMMAND: GET /session/b4821e91125fc57ae8b08a301666550d/screenshot - {}
RESULT: {}
RESULT: {"script":"<script> [8489 bytes]","args":[{"element-6066-11e4-a52e-4f735466cecf":"f.0C7D383FA3E737A876F1AD61BD78151D.d.C729EAA0D9F932556AA473854CBEFB24.e.3239","ELEMENT":"f.0C7D383FA3E737A876F1AD61BD78151D.d.C729EAA0D9F932556AA473854CBEFB24.e.3239"}]}
COMMAND: POST /session/b4821e91125fc57ae8b08a301666550d/execute/sync - {"script":"<script> [5351 bytes]","args":[{"element-6066-11e4-a52e-4f735466cecf":"f.0C7D383FA3E737A876F1AD61BD78151D.d.C729EAA0D9F932556AA473854CBEFB24.e.3239","ELEMENT":"f.0C7D383FA3E737A876F1AD61BD78151D.d.C729EAA0D9F932556AA473854CBEFB24.e.3239"}]}
COMMAND: GET /session/b4821e91125fc57ae8b08a301666550d/screenshot - {}
RESULT: {}
RESULT: {"script":"<script> [5351 bytes]","args":[{"element-6066-11e4-a52e-4f735466cecf":"f.0C7D383FA3E737A876F1AD61BD78151D.d.C729EAA0D9F932556AA473854CBEFB24.e.3239","ELEMENT":"f.0C7D383FA3E737A876F1AD61BD78151D.d.C729EAA0D9F932556AA473854CBEFB24.e.3239"}]}
COMMAND: GET /session/b4821e91125fc57ae8b08a301666550d/screenshot - {}
RESULT: {}
RESULT: {}
COMMAND: POST /session/b4821e91125fc57ae8b08a301666550d/element/f.0C7D383FA3E737A876F1AD61BD78151D.d.C729EAA0D9F932556AA473854CBEFB24.e.3239/clear - {}
RESULT: {}
COMMAND: POST /session/b4821e91125fc57ae8b08a301666550d/element/f.0C7D383FA3E737A876F1AD61BD78151D.d.C729EAA0D9F932556AA473854CBEFB24.e.3239/value - {"text":"540"}
COMMAND: GET /session/b4821e91125fc57ae8b08a301666550d/screenshot - {}
RESULT: {"text":"540"}
COMMAND: POST /session/b4821e91125fc57ae8b08a301666550d/actions - {"actions":[{"id":"action13","type":"key","parameters":{},"actions":[{"type":"keyDown","value":"î€‡"},{"type":"pause","duration":10},{"type":"keyUp","value":"î€‡"}]}]}
COMMAND: GET /session/b4821e91125fc57ae8b08a301666550d/screenshot - {}
RESULT: {}
RESULT: {"actions":[{"id":"action13","type":"key","parameters":{},"actions":[{"type":"keyDown","value":"î€‡"},{"type":"pause","duration":10},{"type":"keyUp","value":"î€‡"}]}]}
COMMAND: GET /session/b4821e91125fc57ae8b08a301666550d/screenshot - {}
RESULT: {}
RESULT: {}
COMMAND: POST /session/b4821e91125fc57ae8b08a301666550d/element - {"using":"xpath","value":"//button[contains(@data-kt, \"MasterMovementAddOverflowToolbarButton\")]"}
RESULT: {"using":"xpath","value":"//button[contains(@data-kt, \"MasterMovementAddOverflowToolbarButton\")]"}
COMMAND: POST /session/b4821e91125fc57ae8b08a301666550d/element/f.0C7D383FA3E737A876F1AD61BD78151D.d.C729EAA0D9F932556AA473854CBEFB24.e.3261/click - {}
RESULT: {}
COMMAND: GET /session/b4821e91125fc57ae8b08a301666550d/screenshot - {}
RESULT: {}
COMMAND: POST /session/b4821e91125fc57ae8b08a301666550d/element - {"using":"xpath","value":"//*[@id=\"application-warehousemovements-display-component---addMovement--sectionsList-arrow\"]"}
RESULT: {"using":"xpath","value":"//*[@id=\"application-warehousemovements-display-component---addMovement--sectionsList-arrow\"]"}
COMMAND: POST /session/b4821e91125fc57ae8b08a301666550d/element/f.0C7D383FA3E737A876F1AD61BD78151D.d.C729EAA0D9F932556AA473854CBEFB24.e.3413/click - {}
RESULT: {}
COMMAND: POST /session/b4821e91125fc57ae8b08a301666550d/actions - {"actions":[{"id":"action14","type":"key","parameters":{},"actions":[{"type":"keyDown","value":"î€•"},{"type":"pause","duration":10},{"type":"keyUp","value":"î€•"}]}]}
COMMAND: GET /session/b4821e91125fc57ae8b08a301666550d/screenshot - {}
RESULT: {"actions":[{"id":"action14","type":"key","parameters":{},"actions":[{"type":"keyDown","value":"î€•"},{"type":"pause","duration":10},{"type":"keyUp","value":"î€•"}]}]}
COMMAND: GET /session/b4821e91125fc57ae8b08a301666550d/screenshot - {}
RESULT: {}
RESULT: {}
COMMAND: POST /session/b4821e91125fc57ae8b08a301666550d/actions - {"actions":[{"id":"action15","type":"key","parameters":{},"actions":[{"type":"keyDown","value":"î€‡"},{"type":"pause","duration":10},{"type":"keyUp","value":"î€‡"}]}]}
RESULT: {"actions":[{"id":"action15","type":"key","parameters":{},"actions":[{"type":"keyDown","value":"î€‡"},{"type":"pause","duration":10},{"type":"keyUp","value":"î€‡"}]}]}
COMMAND: GET /session/b4821e91125fc57ae8b08a301666550d/screenshot - {}
RESULT: {}
COMMAND: POST /session/b4821e91125fc57ae8b08a301666550d/element - {"using":"xpath","value":"//*[@id=\"application-warehousemovements-display-component---addMovement--saveMovementBtn-BDI-content\" and text()=\"Save\"]"}
RESULT: {"using":"xpath","value":"//*[@id=\"application-warehousemovements-display-component---addMovement--saveMovementBtn-BDI-content\" and text()=\"Save\"]"}
COMMAND: POST /session/b4821e91125fc57ae8b08a301666550d/element/f.0C7D383FA3E737A876F1AD61BD78151D.d.C729EAA0D9F932556AA473854CBEFB24.e.3414/click - {}
RESULT: {}
COMMAND: GET /session/b4821e91125fc57ae8b08a301666550d/screenshot - {}
RESULT: {}
COMMAND: POST /session/b4821e91125fc57ae8b08a301666550d/element - {"using":"css selector","value":"#shell-header-logo"}
RESULT: {"using":"css selector","value":"#shell-header-logo"}
COMMAND: POST /session/b4821e91125fc57ae8b08a301666550d/element/f.0C7D383FA3E737A876F1AD61BD78151D.d.C729EAA0D9F932556AA473854CBEFB24.e.3220/click - {}
RESULT: {}
COMMAND: GET /session/b4821e91125fc57ae8b08a301666550d/screenshot - {}
RESULT: {}
]]></system-out>
    </testcase>
    <testcase classname="chrome.136_0_7103_93.windows.Stock_increase_-_with_WHM_US125587" name="Should do a stock increase handover" time="84.723">
      <system-out><![CDATA[
COMMAND: POST /session/b4821e91125fc57ae8b08a301666550d/execute/async - {"script":"<script> [1562 bytes]","args":[{"selector":{"controlType":"sap.m.GenericTile","properties":{"header":"Manage Handovers"}},"wdio_ui5_key":"sapm.GenericTile{\"header\":\"Manage Handovers\"}"}]}
RESULT: {"script":"<script> [1562 bytes]","args":[{"selector":{"controlType":"sap.m.GenericTile","properties":{"header":"Manage Handovers"}},"wdio_ui5_key":"sapm.GenericTile{\"header\":\"Manage Handovers\"}"}]}
RESULT: undefined
COMMAND: POST /session/b4821e91125fc57ae8b08a301666550d/element - {"using":"xpath","value":"//*[@id=\"__tile132\"]"}
RESULT: {"using":"xpath","value":"//*[@id=\"__tile132\"]"}
COMMAND: POST /session/b4821e91125fc57ae8b08a301666550d/element/f.0C7D383FA3E737A876F1AD61BD78151D.d.C729EAA0D9F932556AA473854CBEFB24.e.207/click - {}
RESULT: {}
COMMAND: GET /session/b4821e91125fc57ae8b08a301666550d/screenshot - {}
RESULT: {}
COMMAND: POST /session/b4821e91125fc57ae8b08a301666550d/elements - {"using":"xpath","value":"//span[text()='Error']"}
RESULT: {"using":"xpath","value":"//span[text()='Error']"}
COMMAND: POST /session/b4821e91125fc57ae8b08a301666550d/element - {"using":"xpath","value":"//button[@data-kt=\"masterHOAddButton\"]"}
RESULT: {"using":"xpath","value":"//button[@data-kt=\"masterHOAddButton\"]"}
COMMAND: POST /session/b4821e91125fc57ae8b08a301666550d/elements - {"using":"xpath","value":"//button[@data-kt=\"masterHOAddButton\"]"}
RESULT: {"using":"xpath","value":"//button[@data-kt=\"masterHOAddButton\"]"}
COMMAND: POST /session/b4821e91125fc57ae8b08a301666550d/execute/sync - {"script":"<script> [8489 bytes]","args":[{"element-6066-11e4-a52e-4f735466cecf":"f.0C7D383FA3E737A876F1AD61BD78151D.d.C729EAA0D9F932556AA473854CBEFB24.e.3519","ELEMENT":"f.0C7D383FA3E737A876F1AD61BD78151D.d.C729EAA0D9F932556AA473854CBEFB24.e.3519"}]}
RESULT: {"script":"<script> [8489 bytes]","args":[{"element-6066-11e4-a52e-4f735466cecf":"f.0C7D383FA3E737A876F1AD61BD78151D.d.C729EAA0D9F932556AA473854CBEFB24.e.3519","ELEMENT":"f.0C7D383FA3E737A876F1AD61BD78151D.d.C729EAA0D9F932556AA473854CBEFB24.e.3519"}]}
COMMAND: GET /session/b4821e91125fc57ae8b08a301666550d/element/f.0C7D383FA3E737A876F1AD61BD78151D.d.C729EAA0D9F932556AA473854CBEFB24.e.3519/enabled - {}
COMMAND: GET /session/b4821e91125fc57ae8b08a301666550d/screenshot - {}
RESULT: {}
COMMAND: POST /session/b4821e91125fc57ae8b08a301666550d/execute/sync - {"script":"<script> [8489 bytes]","args":[{"element-6066-11e4-a52e-4f735466cecf":"f.0C7D383FA3E737A876F1AD61BD78151D.d.C729EAA0D9F932556AA473854CBEFB24.e.3519","ELEMENT":"f.0C7D383FA3E737A876F1AD61BD78151D.d.C729EAA0D9F932556AA473854CBEFB24.e.3519"}]}
COMMAND: GET /session/b4821e91125fc57ae8b08a301666550d/screenshot - {}
RESULT: {}
RESULT: {"script":"<script> [8489 bytes]","args":[{"element-6066-11e4-a52e-4f735466cecf":"f.0C7D383FA3E737A876F1AD61BD78151D.d.C729EAA0D9F932556AA473854CBEFB24.e.3519","ELEMENT":"f.0C7D383FA3E737A876F1AD61BD78151D.d.C729EAA0D9F932556AA473854CBEFB24.e.3519"}]}
COMMAND: POST /session/b4821e91125fc57ae8b08a301666550d/execute/sync - {"script":"<script> [5351 bytes]","args":[{"element-6066-11e4-a52e-4f735466cecf":"f.0C7D383FA3E737A876F1AD61BD78151D.d.C729EAA0D9F932556AA473854CBEFB24.e.3519","ELEMENT":"f.0C7D383FA3E737A876F1AD61BD78151D.d.C729EAA0D9F932556AA473854CBEFB24.e.3519"}]}
COMMAND: GET /session/b4821e91125fc57ae8b08a301666550d/screenshot - {}
RESULT: {}
RESULT: {"script":"<script> [5351 bytes]","args":[{"element-6066-11e4-a52e-4f735466cecf":"f.0C7D383FA3E737A876F1AD61BD78151D.d.C729EAA0D9F932556AA473854CBEFB24.e.3519","ELEMENT":"f.0C7D383FA3E737A876F1AD61BD78151D.d.C729EAA0D9F932556AA473854CBEFB24.e.3519"}]}
COMMAND: POST /session/b4821e91125fc57ae8b08a301666550d/element/f.0C7D383FA3E737A876F1AD61BD78151D.d.C729EAA0D9F932556AA473854CBEFB24.e.3519/click - {}
COMMAND: GET /session/b4821e91125fc57ae8b08a301666550d/screenshot - {}
RESULT: {}
RESULT: {}
COMMAND: GET /session/b4821e91125fc57ae8b08a301666550d/screenshot - {}
RESULT: {}
RESULT: {}
COMMAND: POST /session/b4821e91125fc57ae8b08a301666550d/element - {"using":"xpath","value":"//span[contains(@id ,\"AddNewHO--typeSelect-arrow\")]"}
RESULT: {"using":"xpath","value":"//span[contains(@id ,\"AddNewHO--typeSelect-arrow\")]"}
COMMAND: POST /session/b4821e91125fc57ae8b08a301666550d/element/f.0C7D383FA3E737A876F1AD61BD78151D.d.C729EAA0D9F932556AA473854CBEFB24.e.3879/click - {}
RESULT: {}
COMMAND: GET /session/b4821e91125fc57ae8b08a301666550d/screenshot - {}
RESULT: {}
COMMAND: POST /session/b4821e91125fc57ae8b08a301666550d/element - {"using":"xpath","value":"(//li[contains(text(), \"stock increase yard\")])[1]"}
RESULT: {"using":"xpath","value":"(//li[contains(text(), \"stock increase yard\")])[1]"}
COMMAND: POST /session/b4821e91125fc57ae8b08a301666550d/element/f.0C7D383FA3E737A876F1AD61BD78151D.d.C729EAA0D9F932556AA473854CBEFB24.e.3880/click - {}
RESULT: {}
COMMAND: GET /session/b4821e91125fc57ae8b08a301666550d/screenshot - {}
RESULT: {}
COMMAND: POST /session/b4821e91125fc57ae8b08a301666550d/execute/async - {"script":"<script> [1562 bytes]","args":[{"selector":{"id":"application-managehandovers-display-component---AddNewHO--dueDate","interaction":{"idSuffix":"inner"}},"wdio_ui5_key":"applicationmanagehandovers-display-component---AddNewHO--dueDate"}]}
RESULT: {"script":"<script> [1562 bytes]","args":[{"selector":{"id":"application-managehandovers-display-component---AddNewHO--dueDate","interaction":{"idSuffix":"inner"}},"wdio_ui5_key":"applicationmanagehandovers-display-component---AddNewHO--dueDate"}]}
RESULT: undefined
COMMAND: POST /session/b4821e91125fc57ae8b08a301666550d/execute/async - {"script":"<script> [6424 bytes]","args":[{"element-6066-11e4-a52e-4f735466cecf":"f.0C7D383FA3E737A876F1AD61BD78151D.d.C729EAA0D9F932556AA473854CBEFB24.e.3882"},"setValue",["5/19/25"]]}
RESULT: {"script":"<script> [6424 bytes]","args":[{"element-6066-11e4-a52e-4f735466cecf":"f.0C7D383FA3E737A876F1AD61BD78151D.d.C729EAA0D9F932556AA473854CBEFB24.e.3882"},"setValue",["5/19/25"]]}
COMMAND: POST /session/b4821e91125fc57ae8b08a301666550d/element - {"using":"xpath","value":"//input[@id=\"generalSectionFrg--receiveYard-inner\"]"}
RESULT: {"using":"xpath","value":"//input[@id=\"generalSectionFrg--receiveYard-inner\"]"}
COMMAND: POST /session/b4821e91125fc57ae8b08a301666550d/element/f.0C7D383FA3E737A876F1AD61BD78151D.d.C729EAA0D9F932556AA473854CBEFB24.e.3886/clear - {}
RESULT: {}
COMMAND: POST /session/b4821e91125fc57ae8b08a301666550d/element/f.0C7D383FA3E737A876F1AD61BD78151D.d.C729EAA0D9F932556AA473854CBEFB24.e.3886/value - {"text":"540"}
COMMAND: GET /session/b4821e91125fc57ae8b08a301666550d/screenshot - {}
RESULT: {"text":"540"}
COMMAND: GET /session/b4821e91125fc57ae8b08a301666550d/screenshot - {}
RESULT: {}
RESULT: {}
COMMAND: POST /session/b4821e91125fc57ae8b08a301666550d/element - {"using":"xpath","value":"//li[.//span[text()='540']]"}
RESULT: {"using":"xpath","value":"//li[.//span[text()='540']]"}
COMMAND: POST /session/b4821e91125fc57ae8b08a301666550d/element/f.0C7D383FA3E737A876F1AD61BD78151D.d.C729EAA0D9F932556AA473854CBEFB24.e.3904/click - {}
RESULT: {}
COMMAND: GET /session/b4821e91125fc57ae8b08a301666550d/screenshot - {}
RESULT: {}
COMMAND: POST /session/b4821e91125fc57ae8b08a301666550d/execute/async - {"script":"<script> [1562 bytes]","args":[{"selector":{"id":"application-managehandovers-display-component---AddNewHO--ObjectPageLayout-anchBar-application-managehandovers-display-component---AddNewHO--section4-anchor","interaction":{"idSuffix":"BDI-content"}},"wdio_ui5_key":"applicationmanagehandovers-display-component---AddNewHO--ObjectPageLayout-anchBar-application-managehandovers-display-component---AddNewHO--section4-anchor"}]}
RESULT: {"script":"<script> [1562 bytes]","args":[{"selector":{"id":"application-managehandovers-display-component---AddNewHO--ObjectPageLayout-anchBar-application-managehandovers-display-component---AddNewHO--section4-anchor","interaction":{"idSuffix":"BDI-content"}},"wdio_ui5_key":"applicationmanagehandovers-display-component---AddNewHO--ObjectPageLayout-anchBar-application-managehandovers-display-component---AddNewHO--section4-anchor"}]}
RESULT: undefined
COMMAND: POST /session/b4821e91125fc57ae8b08a301666550d/element - {"using":"xpath","value":"//*[@id=\"application-managehandovers-display-component---AddNewHO--ObjectPageLayout-anchBar-application-managehandovers-display-component---AddNewHO--section4-anchor\"]"}
RESULT: {"using":"xpath","value":"//*[@id=\"application-managehandovers-display-component---AddNewHO--ObjectPageLayout-anchBar-application-managehandovers-display-component---AddNewHO--section4-anchor\"]"}
COMMAND: POST /session/b4821e91125fc57ae8b08a301666550d/element/f.0C7D383FA3E737A876F1AD61BD78151D.d.C729EAA0D9F932556AA473854CBEFB24.e.3906/click - {}
RESULT: {}
COMMAND: POST /session/b4821e91125fc57ae8b08a301666550d/element - {"using":"xpath","value":"//button[@aria-label=\"Add\"]"}
COMMAND: GET /session/b4821e91125fc57ae8b08a301666550d/screenshot - {}
RESULT: {"using":"xpath","value":"//button[@aria-label=\"Add\"]"}
COMMAND: POST /session/b4821e91125fc57ae8b08a301666550d/element/f.0C7D383FA3E737A876F1AD61BD78151D.d.C729EAA0D9F932556AA473854CBEFB24.e.3908/click - {}
RESULT: {}
RESULT: {}
COMMAND: GET /session/b4821e91125fc57ae8b08a301666550d/screenshot - {}
RESULT: {}
COMMAND: POST /session/b4821e91125fc57ae8b08a301666550d/execute/async - {"script":"<script> [1562 bytes]","args":[{"selector":{"id":"application-managehandovers-display-component---AddNewHO--smartFilterBar-btnBasicSearch","searchOpenDialogs":true,"interaction":{"idSuffix":"I"}},"wdio_ui5_key":"applicationmanagehandovers-display-component---AddNewHO--smartFilterBar-btnBasicSearch"}]}
RESULT: {"script":"<script> [1562 bytes]","args":[{"selector":{"id":"application-managehandovers-display-component---AddNewHO--smartFilterBar-btnBasicSearch","searchOpenDialogs":true,"interaction":{"idSuffix":"I"}},"wdio_ui5_key":"applicationmanagehandovers-display-component---AddNewHO--smartFilterBar-btnBasicSearch"}]}
RESULT: undefined
COMMAND: POST /session/b4821e91125fc57ae8b08a301666550d/execute/async - {"script":"<script> [776 bytes]","args":[{"enterText":"200282","selector":{"id":"application-managehandovers-display-component---AddNewHO--smartFilterBar-btnBasicSearch","searchOpenDialogs":true,"interaction":{"idSuffix":"I"}},"clearTextFirst":true,"interactionType":"ENTER_TEXT"}]}
RESULT: {"script":"<script> [776 bytes]","args":[{"enterText":"200282","selector":{"id":"application-managehandovers-display-component---AddNewHO--smartFilterBar-btnBasicSearch","searchOpenDialogs":true,"interaction":{"idSuffix":"I"}},"clearTextFirst":true,"interactionType":"ENTER_TEXT"}]}
COMMAND: POST /session/b4821e91125fc57ae8b08a301666550d/actions - {"actions":[{"id":"action16","type":"key","parameters":{},"actions":[{"type":"keyDown","value":"î€‡"},{"type":"pause","duration":10},{"type":"keyUp","value":"î€‡"}]}]}
RESULT: {"actions":[{"id":"action16","type":"key","parameters":{},"actions":[{"type":"keyDown","value":"î€‡"},{"type":"pause","duration":10},{"type":"keyUp","value":"î€‡"}]}]}
COMMAND: GET /session/b4821e91125fc57ae8b08a301666550d/screenshot - {}
RESULT: {}
COMMAND: POST /session/b4821e91125fc57ae8b08a301666550d/execute/async - {"script":"<script> [1562 bytes]","args":[{"selector":{"id":"application-managehandovers-display-component---AddNewHO--popup-sa","searchOpenDialogs":true,"interaction":{"idSuffix":"CbBg"}},"wdio_ui5_key":"applicationmanagehandovers-display-component---AddNewHO--popup-sa"}]}
RESULT: {"script":"<script> [1562 bytes]","args":[{"selector":{"id":"application-managehandovers-display-component---AddNewHO--popup-sa","searchOpenDialogs":true,"interaction":{"idSuffix":"CbBg"}},"wdio_ui5_key":"applicationmanagehandovers-display-component---AddNewHO--popup-sa"}]}
RESULT: undefined
COMMAND: POST /session/b4821e91125fc57ae8b08a301666550d/element - {"using":"xpath","value":"//*[@id=\"application-managehandovers-display-component---AddNewHO--popup-sa\"]"}
RESULT: {"using":"xpath","value":"//*[@id=\"application-managehandovers-display-component---AddNewHO--popup-sa\"]"}
COMMAND: POST /session/b4821e91125fc57ae8b08a301666550d/element/f.0C7D383FA3E737A876F1AD61BD78151D.d.C729EAA0D9F932556AA473854CBEFB24.e.4061/click - {}
RESULT: {}
COMMAND: GET /session/b4821e91125fc57ae8b08a301666550d/screenshot - {}
RESULT: {}
COMMAND: POST /session/b4821e91125fc57ae8b08a301666550d/element - {"using":"xpath","value":"//bdi[contains(text(), \"Select\")]"}
RESULT: {"using":"xpath","value":"//bdi[contains(text(), \"Select\")]"}
COMMAND: POST /session/b4821e91125fc57ae8b08a301666550d/element/f.0C7D383FA3E737A876F1AD61BD78151D.d.C729EAA0D9F932556AA473854CBEFB24.e.4062/click - {}
RESULT: {}
COMMAND: GET /session/b4821e91125fc57ae8b08a301666550d/screenshot - {}
RESULT: {}
COMMAND: POST /session/b4821e91125fc57ae8b08a301666550d/element - {"using":"xpath","value":"//button[@data-kt=\"AddNewHOSaveButton\"]"}
RESULT: {"using":"xpath","value":"//button[@data-kt=\"AddNewHOSaveButton\"]"}
COMMAND: POST /session/b4821e91125fc57ae8b08a301666550d/element/f.0C7D383FA3E737A876F1AD61BD78151D.d.C729EAA0D9F932556AA473854CBEFB24.e.4066/click - {}
RESULT: {}
COMMAND: GET /session/b4821e91125fc57ae8b08a301666550d/screenshot - {}
RESULT: {}
COMMAND: POST /session/b4821e91125fc57ae8b08a301666550d/execute/async - {"script":"<script> [1562 bytes]","args":[{"selector":{"id":"receiptDatePicker","viewName":"etm.portal.ui.managehandovers.view.DetailExecuteHO","interaction":{"idSuffix":"inner"}},"wdio_ui5_key":"receiptDatePickeretmportal.ui.managehandovers.view.DetailExecuteHO"}]}
RESULT: {"script":"<script> [1562 bytes]","args":[{"selector":{"id":"receiptDatePicker","viewName":"etm.portal.ui.managehandovers.view.DetailExecuteHO","interaction":{"idSuffix":"inner"}},"wdio_ui5_key":"receiptDatePickeretmportal.ui.managehandovers.view.DetailExecuteHO"}]}
RESULT: undefined
COMMAND: POST /session/b4821e91125fc57ae8b08a301666550d/execute/async - {"script":"<script> [6424 bytes]","args":[{"element-6066-11e4-a52e-4f735466cecf":"f.0C7D383FA3E737A876F1AD61BD78151D.d.C729EAA0D9F932556AA473854CBEFB24.e.4087"},"setValue",["5/19/25"]]}
RESULT: {"script":"<script> [6424 bytes]","args":[{"element-6066-11e4-a52e-4f735466cecf":"f.0C7D383FA3E737A876F1AD61BD78151D.d.C729EAA0D9F932556AA473854CBEFB24.e.4087"},"setValue",["5/19/25"]]}
COMMAND: POST /session/b4821e91125fc57ae8b08a301666550d/element - {"using":"xpath","value":"//button[@data-kt=\"PickingTableConfirmAllButton\"]"}
RESULT: {"using":"xpath","value":"//button[@data-kt=\"PickingTableConfirmAllButton\"]"}
COMMAND: POST /session/b4821e91125fc57ae8b08a301666550d/element/f.0C7D383FA3E737A876F1AD61BD78151D.d.C729EAA0D9F932556AA473854CBEFB24.e.4103/click - {}
RESULT: {}
COMMAND: GET /session/b4821e91125fc57ae8b08a301666550d/screenshot - {}
RESULT: {}
COMMAND: POST /session/b4821e91125fc57ae8b08a301666550d/element - {"using":"xpath","value":"//bdi[contains(text(), \"OK\")]"}
RESULT: {"using":"xpath","value":"//bdi[contains(text(), \"OK\")]"}
COMMAND: POST /session/b4821e91125fc57ae8b08a301666550d/element/f.0C7D383FA3E737A876F1AD61BD78151D.d.C729EAA0D9F932556AA473854CBEFB24.e.4105/click - {}
RESULT: {}
COMMAND: GET /session/b4821e91125fc57ae8b08a301666550d/screenshot - {}
RESULT: {}
COMMAND: POST /session/b4821e91125fc57ae8b08a301666550d/element - {"using":"xpath","value":"(//bdi[contains(text(), \"Receive\")])[2]"}
RESULT: {"using":"xpath","value":"(//bdi[contains(text(), \"Receive\")])[2]"}
COMMAND: POST /session/b4821e91125fc57ae8b08a301666550d/element/f.0C7D383FA3E737A876F1AD61BD78151D.d.C729EAA0D9F932556AA473854CBEFB24.e.4107/click - {}
RESULT: {}
COMMAND: GET /session/b4821e91125fc57ae8b08a301666550d/screenshot - {}
RESULT: {}
COMMAND: POST /session/b4821e91125fc57ae8b08a301666550d/element - {"using":"css selector","value":"#shell-header-logo"}
RESULT: {"using":"css selector","value":"#shell-header-logo"}
COMMAND: POST /session/b4821e91125fc57ae8b08a301666550d/element/f.0C7D383FA3E737A876F1AD61BD78151D.d.C729EAA0D9F932556AA473854CBEFB24.e.3482/click - {}
RESULT: {}
COMMAND: GET /session/b4821e91125fc57ae8b08a301666550d/screenshot - {}
RESULT: {}
COMMAND: POST /session/b4821e91125fc57ae8b08a301666550d/element - {"using":"css selector","value":"#j_username"}
COMMAND: POST /session/b4821e91125fc57ae8b08a301666550d/url - {"url":"https://qa-testing-00-live-etm-ui.cfapps.eu10-004.hana.ondemand.com/"}
RESULT: {"using":"css selector","value":"#j_username"}
COMMAND: POST /session/b4821e91125fc57ae8b08a301666550d/element - {"using":"css selector","value":"#j_username"}
RESULT: {"url":"https://qa-testing-00-live-etm-ui.cfapps.eu10-004.hana.ondemand.com/"}
RESULT: undefined
COMMAND: GET /session/b4821e91125fc57ae8b08a301666550d/screenshot - {}
RESULT: {"using":"css selector","value":"#j_username"}
COMMAND: POST /session/b4821e91125fc57ae8b08a301666550d/element - {"using":"css selector","value":"#shell-header-logo"}
RESULT: {}
RESULT: {"using":"css selector","value":"#shell-header-logo"}
COMMAND: POST /session/b4821e91125fc57ae8b08a301666550d/execute/sync - {"script":"<script> [8489 bytes]","args":[{"element-6066-11e4-a52e-4f735466cecf":"f.0C7D383FA3E737A876F1AD61BD78151D.d.315EBBB8F27DE7362F75E44020D64FDA.e.4287","ELEMENT":"f.0C7D383FA3E737A876F1AD61BD78151D.d.315EBBB8F27DE7362F75E44020D64FDA.e.4287"}]}
RESULT: {"script":"<script> [8489 bytes]","args":[{"element-6066-11e4-a52e-4f735466cecf":"f.0C7D383FA3E737A876F1AD61BD78151D.d.315EBBB8F27DE7362F75E44020D64FDA.e.4287","ELEMENT":"f.0C7D383FA3E737A876F1AD61BD78151D.d.315EBBB8F27DE7362F75E44020D64FDA.e.4287"}]}
COMMAND: POST /session/b4821e91125fc57ae8b08a301666550d/element - {"using":"css selector","value":"#shell-header-logo"}
COMMAND: GET /session/b4821e91125fc57ae8b08a301666550d/screenshot - {}
RESULT: {"using":"css selector","value":"#shell-header-logo"}
COMMAND: POST /session/b4821e91125fc57ae8b08a301666550d/execute/sync - {"script":"<script> [8489 bytes]","args":[{"element-6066-11e4-a52e-4f735466cecf":"f.0C7D383FA3E737A876F1AD61BD78151D.d.315EBBB8F27DE7362F75E44020D64FDA.e.4287","ELEMENT":"f.0C7D383FA3E737A876F1AD61BD78151D.d.315EBBB8F27DE7362F75E44020D64FDA.e.4287"}]}
RESULT: {}
RESULT: {"script":"<script> [8489 bytes]","args":[{"element-6066-11e4-a52e-4f735466cecf":"f.0C7D383FA3E737A876F1AD61BD78151D.d.315EBBB8F27DE7362F75E44020D64FDA.e.4287","ELEMENT":"f.0C7D383FA3E737A876F1AD61BD78151D.d.315EBBB8F27DE7362F75E44020D64FDA.e.4287"}]}
COMMAND: POST /session/b4821e91125fc57ae8b08a301666550d/execute/sync - {"script":"<script> [5351 bytes]","args":[{"element-6066-11e4-a52e-4f735466cecf":"f.0C7D383FA3E737A876F1AD61BD78151D.d.315EBBB8F27DE7362F75E44020D64FDA.e.4287","ELEMENT":"f.0C7D383FA3E737A876F1AD61BD78151D.d.315EBBB8F27DE7362F75E44020D64FDA.e.4287"}]}
COMMAND: GET /session/b4821e91125fc57ae8b08a301666550d/screenshot - {}
RESULT: {"script":"<script> [5351 bytes]","args":[{"element-6066-11e4-a52e-4f735466cecf":"f.0C7D383FA3E737A876F1AD61BD78151D.d.315EBBB8F27DE7362F75E44020D64FDA.e.4287","ELEMENT":"f.0C7D383FA3E737A876F1AD61BD78151D.d.315EBBB8F27DE7362F75E44020D64FDA.e.4287"}]}
COMMAND: POST /session/b4821e91125fc57ae8b08a301666550d/element - {"using":"css selector","value":"#shell-header-logo"}
COMMAND: GET /session/b4821e91125fc57ae8b08a301666550d/screenshot - {}
RESULT: {}
RESULT: {"using":"css selector","value":"#shell-header-logo"}
COMMAND: POST /session/b4821e91125fc57ae8b08a301666550d/element/f.0C7D383FA3E737A876F1AD61BD78151D.d.315EBBB8F27DE7362F75E44020D64FDA.e.4287/click - {}
RESULT: {}
RESULT: {}
COMMAND: GET /session/b4821e91125fc57ae8b08a301666550d/screenshot - {}
RESULT: {}
COMMAND: POST /session/b4821e91125fc57ae8b08a301666550d/execute/async - {"script":"<script> [189 bytes]","args":[]}
RESULT: {"script":"<script> [189 bytes]","args":[]}
COMMAND: POST /session/b4821e91125fc57ae8b08a301666550d/execute/async - {"script":"<script> [123 bytes]","args":[]}
RESULT: {"script":"<script> [123 bytes]","args":[]}
COMMAND: POST /session/b4821e91125fc57ae8b08a301666550d/timeouts - {"script":"<number>"}
RESULT: {"script":"<number>"}
COMMAND: GET /session/b4821e91125fc57ae8b08a301666550d/timeouts - {}
RESULT: {}
RESULT: undefined
COMMAND: POST /session/b4821e91125fc57ae8b08a301666550d/execute/async - {"script":"<script> [2676 bytes]","args":[]}
RESULT: {"script":"<script> [2676 bytes]","args":[]}
COMMAND: POST /session/b4821e91125fc57ae8b08a301666550d/execute/async - {"script":"<script> [2342 bytes]","args":[{"protocol":"http","hostname":"0.0.0.0","path":"/","capabilities":{"browserName":"chrome","goog:chromeOptions":{"binary":"C:\\Program Files\\Google\\Chrome\\Application\\chrome.exe","args":["--start-maximized"]}},"logLevel":"warn","connectionRetryTimeout":120000,"connectionRetryCount":3,"logLevels":{},"enableDirectConnect":true,"strictSSL":true,"_":"65 more keys: [\"cacheDir\",\"port\",\"requestedCapabilities\",\"automationProtocol\",\"baseUrl\",\"waitforInterval\",\"waitforTimeout\",\"onReload\",\"beforeCommand\",\"afterCommand\",\"rootDir\",\"specs\",\"suites\",\"exclude\",\"groupLogsByTestSpec\",\"excludeDriverLogs\",\"bail\",\"framework\",\"reporters\",\"services\",\"maxInstances\",\"maxInstancesPerCapability\",\"injectGlobals\",\"filesToWatch\",\"execArgv\",\"runnerEnv\",\"runner\",\"shard\",\"specFileRetries\",\"specFileRetriesDelay\",\"specFileRetriesDeferred\",\"reporterSyncInterval\",\"reporterSyncTimeout\",\"cucumberFeaturesWithLineNumbers\",\"autoCompileOpts\",\"mochaOpts\",\"jasmineOpts\",\"cucumberOpts\",\"onPrepare\",\"onWorkerStart\",\"onWorkerEnd\",\"before\",\"beforeSession\",\"beforeSuite\",\"beforeHook\",\"beforeTest\",\"afterTest\",\"afterHook\",\"afterSuite\",\"afterSession\",\"after\",\"onComplete\",\"beforeAssertion\",\"afterAssertion\",\"beforeFeature\",\"beforeScenario\",\"beforeStep\",\"afterStep\",\"afterScenario\",\"afterFeature\",\"_\",\"suite\",\"$0\",\"ignoredWorkerServices\",\"wdi5\"]"}]}
RESULT: {"script":"<script> [2342 bytes]","args":[{"protocol":"http","hostname":"0.0.0.0","path":"/","capabilities":{"browserName":"chrome","goog:chromeOptions":{"binary":"C:\\Program Files\\Google\\Chrome\\Application\\chrome.exe","args":["--start-maximized"]}},"logLevel":"warn","connectionRetryTimeout":120000,"connectionRetryCount":3,"logLevels":{},"enableDirectConnect":true,"strictSSL":true,"_":"65 more keys: [\"cacheDir\",\"port\",\"requestedCapabilities\",\"automationProtocol\",\"baseUrl\",\"waitforInterval\",\"waitforTimeout\",\"onReload\",\"beforeCommand\",\"afterCommand\",\"rootDir\",\"specs\",\"suites\",\"exclude\",\"groupLogsByTestSpec\",\"excludeDriverLogs\",\"bail\",\"framework\",\"reporters\",\"services\",\"maxInstances\",\"maxInstancesPerCapability\",\"injectGlobals\",\"filesToWatch\",\"execArgv\",\"runnerEnv\",\"runner\",\"shard\",\"specFileRetries\",\"specFileRetriesDelay\",\"specFileRetriesDeferred\",\"reporterSyncInterval\",\"reporterSyncTimeout\",\"cucumberFeaturesWithLineNumbers\",\"autoCompileOpts\",\"mochaOpts\",\"jasmineOpts\",\"cucumberOpts\",\"onPrepare\",\"onWorkerStart\",\"onWorkerEnd\",\"before\",\"beforeSession\",\"beforeSuite\",\"beforeHook\",\"beforeTest\",\"afterTest\",\"afterHook\",\"afterSuite\",\"afterSession\",\"after\",\"onComplete\",\"beforeAssertion\",\"afterAssertion\",\"beforeFeature\",\"beforeScenario\",\"beforeStep\",\"afterStep\",\"afterScenario\",\"afterFeature\",\"_\",\"suite\",\"$0\",\"ignoredWorkerServices\",\"wdi5\"]"}]}
COMMAND: POST /session/b4821e91125fc57ae8b08a301666550d/execute/async - {"script":"<script> [21126 bytes]","args":[35000]}
RESULT: {"script":"<script> [21126 bytes]","args":[35000]}
COMMAND: POST /session/b4821e91125fc57ae8b08a301666550d/window/maximize - {}
RESULT: {}
COMMAND: POST /session/b4821e91125fc57ae8b08a301666550d/execute/async - {"script":"<script> [1562 bytes]","args":[{"selector":{"id":"shell-header","interaction":{"idSuffix":"icon"}},"wdio_ui5_key":"shellheader"}]}
COMMAND: GET /session/b4821e91125fc57ae8b08a301666550d/screenshot - {}
RESULT: {"script":"<script> [1562 bytes]","args":[{"selector":{"id":"shell-header","interaction":{"idSuffix":"icon"}},"wdio_ui5_key":"shellheader"}]}
RESULT: undefined
COMMAND: POST /session/b4821e91125fc57ae8b08a301666550d/window/fullscreen - {}
RESULT: {}
RESULT: {}
]]></system-out>
    </testcase>
  </testsuite>
  <testsuite timestamp="2025-05-19T05:51:18" time="128.585" tests="6" failures="0" errors="0" skipped="0">
    <properties>
      <property name="specId" value="0" />
      <property name="suiteName" value="Provide to Site w/ warehouse management w/ clarification US115878" />
      <property name="capabilities" value="chrome.136_0_7103_93.windows" />
      <property name="file" value="file:///D:/a/1/s/test/specs/HTR/provide-to-site-w-warehouse-w-clarification.spec.js" />
    </properties>
    <testcase classname="chrome.136_0_7103_93.windows.Provide_to_Site_w/_warehouse_management_w/_clarification_US115878" name="Should create a new WHM yard" time="0.231">
      <system-out><![CDATA[
COMMAND: POST /session/b4821e91125fc57ae8b08a301666550d/window/fullscreen - {}
RESULT: {}
]]></system-out>
    </testcase>
    <testcase classname="chrome.136_0_7103_93.windows.Provide_to_Site_w/_warehouse_management_w/_clarification_US115878" name="Should create a new external WHM partner" time="0.004" />
    <testcase classname="chrome.136_0_7103_93.windows.Provide_to_Site_w/_warehouse_management_w/_clarification_US115878" name="Should create a new WHM site" time="0.004" />
    <testcase classname="chrome.136_0_7103_93.windows.Provide_to_Site_w/_warehouse_management_w/_clarification_US115878" name="Should create a new material" time="115.844">
      <system-out><![CDATA[
COMMAND: POST /session/b4821e91125fc57ae8b08a301666550d/execute/async - {"script":"<script> [1562 bytes]","args":[{"selector":{"controlType":"sap.m.GenericTile","properties":{"header":"Manage Resources"}},"wdio_ui5_key":"sapm.GenericTile{\"header\":\"Manage Resources\"}"}]}
RESULT: {"script":"<script> [1562 bytes]","args":[{"selector":{"controlType":"sap.m.GenericTile","properties":{"header":"Manage Resources"}},"wdio_ui5_key":"sapm.GenericTile{\"header\":\"Manage Resources\"}"}]}
RESULT: undefined
COMMAND: POST /session/b4821e91125fc57ae8b08a301666550d/element - {"using":"xpath","value":"//*[@id=\"__tile31\"]"}
RESULT: {"using":"xpath","value":"//*[@id=\"__tile31\"]"}
COMMAND: POST /session/b4821e91125fc57ae8b08a301666550d/element/f.0C7D383FA3E737A876F1AD61BD78151D.d.315EBBB8F27DE7362F75E44020D64FDA.e.4313/click - {}
RESULT: {}
COMMAND: GET /session/b4821e91125fc57ae8b08a301666550d/screenshot - {}
RESULT: {}
COMMAND: POST /session/b4821e91125fc57ae8b08a301666550d/elements - {"using":"xpath","value":"//span[text()='Error']"}
RESULT: {"using":"xpath","value":"//span[text()='Error']"}
COMMAND: POST /session/b4821e91125fc57ae8b08a301666550d/element - {"using":"xpath","value":"//button[@data-kt=\"addNewRUOverflowToolbarButton\"]"}
RESULT: {"using":"xpath","value":"//button[@data-kt=\"addNewRUOverflowToolbarButton\"]"}
COMMAND: POST /session/b4821e91125fc57ae8b08a301666550d/elements - {"using":"xpath","value":"//button[@data-kt=\"addNewRUOverflowToolbarButton\"]"}
RESULT: {"using":"xpath","value":"//button[@data-kt=\"addNewRUOverflowToolbarButton\"]"}
COMMAND: POST /session/b4821e91125fc57ae8b08a301666550d/elements - {"using":"xpath","value":"//button[@data-kt=\"addNewRUOverflowToolbarButton\"]"}
RESULT: {"using":"xpath","value":"//button[@data-kt=\"addNewRUOverflowToolbarButton\"]"}
COMMAND: POST /session/b4821e91125fc57ae8b08a301666550d/element - {"using":"xpath","value":"//button[@data-kt=\"addNewRUOverflowToolbarButton\"]"}
RESULT: {"using":"xpath","value":"//button[@data-kt=\"addNewRUOverflowToolbarButton\"]"}
COMMAND: POST /session/b4821e91125fc57ae8b08a301666550d/execute/sync - {"script":"<script> [8489 bytes]","args":[{"element-6066-11e4-a52e-4f735466cecf":"f.0C7D383FA3E737A876F1AD61BD78151D.d.315EBBB8F27DE7362F75E44020D64FDA.e.4441","ELEMENT":"f.0C7D383FA3E737A876F1AD61BD78151D.d.315EBBB8F27DE7362F75E44020D64FDA.e.4441"}]}
RESULT: {"script":"<script> [8489 bytes]","args":[{"element-6066-11e4-a52e-4f735466cecf":"f.0C7D383FA3E737A876F1AD61BD78151D.d.315EBBB8F27DE7362F75E44020D64FDA.e.4441","ELEMENT":"f.0C7D383FA3E737A876F1AD61BD78151D.d.315EBBB8F27DE7362F75E44020D64FDA.e.4441"}]}
COMMAND: GET /session/b4821e91125fc57ae8b08a301666550d/element/f.0C7D383FA3E737A876F1AD61BD78151D.d.315EBBB8F27DE7362F75E44020D64FDA.e.4441/enabled - {}
COMMAND: GET /session/b4821e91125fc57ae8b08a301666550d/screenshot - {}
RESULT: {}
COMMAND: POST /session/b4821e91125fc57ae8b08a301666550d/execute/sync - {"script":"<script> [8489 bytes]","args":[{"element-6066-11e4-a52e-4f735466cecf":"f.0C7D383FA3E737A876F1AD61BD78151D.d.315EBBB8F27DE7362F75E44020D64FDA.e.4441","ELEMENT":"f.0C7D383FA3E737A876F1AD61BD78151D.d.315EBBB8F27DE7362F75E44020D64FDA.e.4441"}]}
COMMAND: GET /session/b4821e91125fc57ae8b08a301666550d/screenshot - {}
RESULT: {}
RESULT: {"script":"<script> [8489 bytes]","args":[{"element-6066-11e4-a52e-4f735466cecf":"f.0C7D383FA3E737A876F1AD61BD78151D.d.315EBBB8F27DE7362F75E44020D64FDA.e.4441","ELEMENT":"f.0C7D383FA3E737A876F1AD61BD78151D.d.315EBBB8F27DE7362F75E44020D64FDA.e.4441"}]}
COMMAND: POST /session/b4821e91125fc57ae8b08a301666550d/execute/sync - {"script":"<script> [5351 bytes]","args":[{"element-6066-11e4-a52e-4f735466cecf":"f.0C7D383FA3E737A876F1AD61BD78151D.d.315EBBB8F27DE7362F75E44020D64FDA.e.4441","ELEMENT":"f.0C7D383FA3E737A876F1AD61BD78151D.d.315EBBB8F27DE7362F75E44020D64FDA.e.4441"}]}
COMMAND: GET /session/b4821e91125fc57ae8b08a301666550d/screenshot - {}
RESULT: {}
RESULT: {"script":"<script> [5351 bytes]","args":[{"element-6066-11e4-a52e-4f735466cecf":"f.0C7D383FA3E737A876F1AD61BD78151D.d.315EBBB8F27DE7362F75E44020D64FDA.e.4441","ELEMENT":"f.0C7D383FA3E737A876F1AD61BD78151D.d.315EBBB8F27DE7362F75E44020D64FDA.e.4441"}]}
COMMAND: POST /session/b4821e91125fc57ae8b08a301666550d/element/f.0C7D383FA3E737A876F1AD61BD78151D.d.315EBBB8F27DE7362F75E44020D64FDA.e.4441/click - {}
COMMAND: GET /session/b4821e91125fc57ae8b08a301666550d/screenshot - {}
RESULT: {}
RESULT: {}
COMMAND: GET /session/b4821e91125fc57ae8b08a301666550d/screenshot - {}
RESULT: {}
RESULT: {}
COMMAND: POST /session/b4821e91125fc57ae8b08a301666550d/execute/async - {"script":"<script> [1562 bytes]","args":[{"selector":{"id":"application-manageresources-display-component---newResourceUnit--TYPE-arrow"},"wdio_ui5_key":"applicationmanageresources-display-component---newResourceUnit--TYPE-arrow"}]}
RESULT: {"script":"<script> [1562 bytes]","args":[{"selector":{"id":"application-manageresources-display-component---newResourceUnit--TYPE-arrow"},"wdio_ui5_key":"applicationmanageresources-display-component---newResourceUnit--TYPE-arrow"}]}
RESULT: undefined
COMMAND: POST /session/b4821e91125fc57ae8b08a301666550d/element - {"using":"xpath","value":"//*[@id=\"application-manageresources-display-component---newResourceUnit--TYPE-arrow\"]"}
RESULT: {"using":"xpath","value":"//*[@id=\"application-manageresources-display-component---newResourceUnit--TYPE-arrow\"]"}
COMMAND: POST /session/b4821e91125fc57ae8b08a301666550d/element/f.0C7D383FA3E737A876F1AD61BD78151D.d.315EBBB8F27DE7362F75E44020D64FDA.e.4808/click - {}
RESULT: {}
COMMAND: POST /session/b4821e91125fc57ae8b08a301666550d/element - {"using":"xpath","value":"//input[@id=\"application-manageresources-display-component---newResourceUnit--TYPE-inner\"]"}
COMMAND: GET /session/b4821e91125fc57ae8b08a301666550d/screenshot - {}
RESULT: {"using":"xpath","value":"//input[@id=\"application-manageresources-display-component---newResourceUnit--TYPE-inner\"]"}
COMMAND: POST /session/b4821e91125fc57ae8b08a301666550d/element/f.0C7D383FA3E737A876F1AD61BD78151D.d.315EBBB8F27DE7362F75E44020D64FDA.e.4792/clear - {}
RESULT: {}
RESULT: {}
COMMAND: POST /session/b4821e91125fc57ae8b08a301666550d/element/f.0C7D383FA3E737A876F1AD61BD78151D.d.315EBBB8F27DE7362F75E44020D64FDA.e.4792/value - {"text":"Material"}
COMMAND: GET /session/b4821e91125fc57ae8b08a301666550d/screenshot - {}
RESULT: {"text":"Material"}
COMMAND: GET /session/b4821e91125fc57ae8b08a301666550d/screenshot - {}
RESULT: {}
RESULT: {}
COMMAND: POST /session/b4821e91125fc57ae8b08a301666550d/actions - {"actions":[{"id":"action17","type":"key","parameters":{},"actions":[{"type":"keyDown","value":"î€‡"},{"type":"pause","duration":10},{"type":"keyUp","value":"î€‡"}]}]}
RESULT: {"actions":[{"id":"action17","type":"key","parameters":{},"actions":[{"type":"keyDown","value":"î€‡"},{"type":"pause","duration":10},{"type":"keyUp","value":"î€‡"}]}]}
COMMAND: POST /session/b4821e91125fc57ae8b08a301666550d/execute/async - {"script":"<script> [1562 bytes]","args":[{"selector":{"id":"application-manageresources-display-component---newResourceUnit--SHORT_TEXT","interaction":{"idSuffix":"inner"}},"wdio_ui5_key":"applicationmanageresources-display-component---newResourceUnit--SHORT_TEXT"}]}
COMMAND: GET /session/b4821e91125fc57ae8b08a301666550d/screenshot - {}
RESULT: {"script":"<script> [1562 bytes]","args":[{"selector":{"id":"application-manageresources-display-component---newResourceUnit--SHORT_TEXT","interaction":{"idSuffix":"inner"}},"wdio_ui5_key":"applicationmanageresources-display-component---newResourceUnit--SHORT_TEXT"}]}
RESULT: undefined
COMMAND: POST /session/b4821e91125fc57ae8b08a301666550d/execute/async - {"script":"<script> [776 bytes]","args":[{"enterText":"Cement WDIO","selector":{"id":"application-manageresources-display-component---newResourceUnit--SHORT_TEXT","interaction":{"idSuffix":"inner"}},"clearTextFirst":true,"interactionType":"ENTER_TEXT"}]}
RESULT: {}
RESULT: {"script":"<script> [776 bytes]","args":[{"enterText":"Cement WDIO","selector":{"id":"application-manageresources-display-component---newResourceUnit--SHORT_TEXT","interaction":{"idSuffix":"inner"}},"clearTextFirst":true,"interactionType":"ENTER_TEXT"}]}
COMMAND: POST /session/b4821e91125fc57ae8b08a301666550d/execute/async - {"script":"<script> [1562 bytes]","args":[{"selector":{"id":"application-manageresources-display-component---newResourceUnit--BASE_UNIT_OF_MEASURE","interaction":{"idSuffix":"inner"}},"wdio_ui5_key":"applicationmanageresources-display-component---newResourceUnit--BASE_UNIT_OF_MEASURE"}]}
RESULT: {"script":"<script> [1562 bytes]","args":[{"selector":{"id":"application-manageresources-display-component---newResourceUnit--BASE_UNIT_OF_MEASURE","interaction":{"idSuffix":"inner"}},"wdio_ui5_key":"applicationmanageresources-display-component---newResourceUnit--BASE_UNIT_OF_MEASURE"}]}
RESULT: undefined
COMMAND: POST /session/b4821e91125fc57ae8b08a301666550d/execute/async - {"script":"<script> [776 bytes]","args":[{"enterText":"Piece","selector":{"id":"application-manageresources-display-component---newResourceUnit--BASE_UNIT_OF_MEASURE","interaction":{"idSuffix":"inner"}},"clearTextFirst":true,"interactionType":"ENTER_TEXT"}]}
RESULT: {"script":"<script> [776 bytes]","args":[{"enterText":"Piece","selector":{"id":"application-manageresources-display-component---newResourceUnit--BASE_UNIT_OF_MEASURE","interaction":{"idSuffix":"inner"}},"clearTextFirst":true,"interactionType":"ENTER_TEXT"}]}
COMMAND: POST /session/b4821e91125fc57ae8b08a301666550d/execute/async - {"script":"<script> [1562 bytes]","args":[{"selector":{"id":"application-manageresources-display-component---newResourceUnit--WEIGHT_UNIT","interaction":{"idSuffix":"inner"}},"wdio_ui5_key":"applicationmanageresources-display-component---newResourceUnit--WEIGHT_UNIT"}]}
RESULT: {"script":"<script> [1562 bytes]","args":[{"selector":{"id":"application-manageresources-display-component---newResourceUnit--WEIGHT_UNIT","interaction":{"idSuffix":"inner"}},"wdio_ui5_key":"applicationmanageresources-display-component---newResourceUnit--WEIGHT_UNIT"}]}
RESULT: undefined
COMMAND: POST /session/b4821e91125fc57ae8b08a301666550d/execute/async - {"script":"<script> [776 bytes]","args":[{"enterText":"Gram","selector":{"id":"application-manageresources-display-component---newResourceUnit--WEIGHT_UNIT","interaction":{"idSuffix":"inner"}},"clearTextFirst":true,"interactionType":"ENTER_TEXT"}]}
RESULT: {"script":"<script> [776 bytes]","args":[{"enterText":"Gram","selector":{"id":"application-manageresources-display-component---newResourceUnit--WEIGHT_UNIT","interaction":{"idSuffix":"inner"}},"clearTextFirst":true,"interactionType":"ENTER_TEXT"}]}
COMMAND: POST /session/b4821e91125fc57ae8b08a301666550d/execute/async - {"script":"<script> [1562 bytes]","args":[{"selector":{"id":"application-manageresources-display-component---newResourceUnit--DIMENSION_UNIT","interaction":{"idSuffix":"inner"}},"wdio_ui5_key":"applicationmanageresources-display-component---newResourceUnit--DIMENSION_UNIT"}]}
RESULT: {"script":"<script> [1562 bytes]","args":[{"selector":{"id":"application-manageresources-display-component---newResourceUnit--DIMENSION_UNIT","interaction":{"idSuffix":"inner"}},"wdio_ui5_key":"applicationmanageresources-display-component---newResourceUnit--DIMENSION_UNIT"}]}
RESULT: undefined
COMMAND: POST /session/b4821e91125fc57ae8b08a301666550d/execute/async - {"script":"<script> [776 bytes]","args":[{"enterText":"Meter","selector":{"id":"application-manageresources-display-component---newResourceUnit--DIMENSION_UNIT","interaction":{"idSuffix":"inner"}},"clearTextFirst":true,"interactionType":"ENTER_TEXT"}]}
RESULT: {"script":"<script> [776 bytes]","args":[{"enterText":"Meter","selector":{"id":"application-manageresources-display-component---newResourceUnit--DIMENSION_UNIT","interaction":{"idSuffix":"inner"}},"clearTextFirst":true,"interactionType":"ENTER_TEXT"}]}
COMMAND: POST /session/b4821e91125fc57ae8b08a301666550d/execute/async - {"script":"<script> [1562 bytes]","args":[{"selector":{"id":"application-manageresources-display-component---newResourceUnit--newRRUPage-anchBar-application-manageresources-display-component---newResourceUnit--control-anchor","interaction":{"idSuffix":"BDI-content"}},"wdio_ui5_key":"applicationmanageresources-display-component---newResourceUnit--newRRUPage-anchBar-application-manageresources-display-component---newResourceUnit--control-anchor"}]}
RESULT: {"script":"<script> [1562 bytes]","args":[{"selector":{"id":"application-manageresources-display-component---newResourceUnit--newRRUPage-anchBar-application-manageresources-display-component---newResourceUnit--control-anchor","interaction":{"idSuffix":"BDI-content"}},"wdio_ui5_key":"applicationmanageresources-display-component---newResourceUnit--newRRUPage-anchBar-application-manageresources-display-component---newResourceUnit--control-anchor"}]}
RESULT: undefined
COMMAND: POST /session/b4821e91125fc57ae8b08a301666550d/element - {"using":"xpath","value":"//*[@id=\"application-manageresources-display-component---newResourceUnit--newRRUPage-anchBar-application-manageresources-display-component---newResourceUnit--control-anchor\"]"}
RESULT: {"using":"xpath","value":"//*[@id=\"application-manageresources-display-component---newResourceUnit--newRRUPage-anchBar-application-manageresources-display-component---newResourceUnit--control-anchor\"]"}
COMMAND: POST /session/b4821e91125fc57ae8b08a301666550d/element/f.0C7D383FA3E737A876F1AD61BD78151D.d.315EBBB8F27DE7362F75E44020D64FDA.e.4874/click - {}
RESULT: {}
COMMAND: POST /session/b4821e91125fc57ae8b08a301666550d/execute/async - {"script":"<script> [1562 bytes]","args":[{"selector":{"id":"application-manageresources-display-component---newResourceUnit--PLANNING_GROUP","interaction":{"idSuffix":"inner"}},"wdio_ui5_key":"applicationmanageresources-display-component---newResourceUnit--PLANNING_GROUP"}]}
COMMAND: GET /session/b4821e91125fc57ae8b08a301666550d/screenshot - {}
RESULT: {"script":"<script> [1562 bytes]","args":[{"selector":{"id":"application-manageresources-display-component---newResourceUnit--PLANNING_GROUP","interaction":{"idSuffix":"inner"}},"wdio_ui5_key":"applicationmanageresources-display-component---newResourceUnit--PLANNING_GROUP"}]}
RESULT: undefined
COMMAND: POST /session/b4821e91125fc57ae8b08a301666550d/execute/async - {"script":"<script> [776 bytes]","args":[{"enterText":"Material","selector":{"id":"application-manageresources-display-component---newResourceUnit--PLANNING_GROUP","interaction":{"idSuffix":"inner"}},"clearTextFirst":true,"interactionType":"ENTER_TEXT"}]}
RESULT: {}
RESULT: {"script":"<script> [776 bytes]","args":[{"enterText":"Material","selector":{"id":"application-manageresources-display-component---newResourceUnit--PLANNING_GROUP","interaction":{"idSuffix":"inner"}},"clearTextFirst":true,"interactionType":"ENTER_TEXT"}]}
COMMAND: POST /session/b4821e91125fc57ae8b08a301666550d/execute/async - {"script":"<script> [1562 bytes]","args":[{"selector":{"id":"application-manageresources-display-component---newResourceUnit--PLANNING_INDICATOR","interaction":{"idSuffix":"inner"}},"wdio_ui5_key":"applicationmanageresources-display-component---newResourceUnit--PLANNING_INDICATOR"}]}
RESULT: {"script":"<script> [1562 bytes]","args":[{"selector":{"id":"application-manageresources-display-component---newResourceUnit--PLANNING_INDICATOR","interaction":{"idSuffix":"inner"}},"wdio_ui5_key":"applicationmanageresources-display-component---newResourceUnit--PLANNING_INDICATOR"}]}
RESULT: undefined
COMMAND: POST /session/b4821e91125fc57ae8b08a301666550d/execute/async - {"script":"<script> [776 bytes]","args":[{"enterText":"10 - infinite","selector":{"id":"application-manageresources-display-component---newResourceUnit--PLANNING_INDICATOR","interaction":{"idSuffix":"inner"}},"clearTextFirst":true,"interactionType":"ENTER_TEXT"}]}
RESULT: {"script":"<script> [776 bytes]","args":[{"enterText":"10 - infinite","selector":{"id":"application-manageresources-display-component---newResourceUnit--PLANNING_INDICATOR","interaction":{"idSuffix":"inner"}},"clearTextFirst":true,"interactionType":"ENTER_TEXT"}]}
COMMAND: POST /session/b4821e91125fc57ae8b08a301666550d/element - {"using":"css selector","value":"#application-manageresources-display-component---newResourceUnit--btnAddTimeSegment"}
RESULT: {"using":"css selector","value":"#application-manageresources-display-component---newResourceUnit--btnAddTimeSegment"}
COMMAND: GET /session/b4821e91125fc57ae8b08a301666550d/element/f.0C7D383FA3E737A876F1AD61BD78151D.d.315EBBB8F27DE7362F75E44020D64FDA.e.4882/rect - {}
RESULT: {}
COMMAND: GET /session/b4821e91125fc57ae8b08a301666550d/window/rect - {}
RESULT: {}
COMMAND: POST /session/b4821e91125fc57ae8b08a301666550d/execute/sync - {"script":"<script> [92 bytes]","args":[]}
RESULT: {"script":"<script> [92 bytes]","args":[]}
COMMAND: POST /session/b4821e91125fc57ae8b08a301666550d/actions - {"actions":[{"id":"action18","type":"wheel","parameters":{},"actions":[{"type":"scroll","x":-1888,"y":-32,"deltaX":0,"deltaY":0,"duration":0,"origin":{"element-6066-11e4-a52e-4f735466cecf":"f.0C7D383FA3E737A876F1AD61BD78151D.d.315EBBB8F27DE7362F75E44020D64FDA.e.4882"}}]}]}
COMMAND: GET /session/b4821e91125fc57ae8b08a301666550d/screenshot - {}
RESULT: {}
COMMAND: POST /session/b4821e91125fc57ae8b08a301666550d/execute/sync - {"script":"<script> [79 bytes]","args":[{"element-6066-11e4-a52e-4f735466cecf":"f.0C7D383FA3E737A876F1AD61BD78151D.d.315EBBB8F27DE7362F75E44020D64FDA.e.4882","ELEMENT":"f.0C7D383FA3E737A876F1AD61BD78151D.d.315EBBB8F27DE7362F75E44020D64FDA.e.4882"},{"block":"start","inline":"nearest"}]}
RESULT: {"script":"<script> [79 bytes]","args":[{"element-6066-11e4-a52e-4f735466cecf":"f.0C7D383FA3E737A876F1AD61BD78151D.d.315EBBB8F27DE7362F75E44020D64FDA.e.4882","ELEMENT":"f.0C7D383FA3E737A876F1AD61BD78151D.d.315EBBB8F27DE7362F75E44020D64FDA.e.4882"},{"block":"start","inline":"nearest"}]}
COMMAND: POST /session/b4821e91125fc57ae8b08a301666550d/execute/async - {"script":"<script> [1562 bytes]","args":[{"selector":{"id":"application-manageresources-display-component---newResourceUnit--btnAddTimeSegment","interaction":{"idSuffix":"inner"}},"wdio_ui5_key":"applicationmanageresources-display-component---newResourceUnit--btnAddTimeSegment"}]}
COMMAND: GET /session/b4821e91125fc57ae8b08a301666550d/screenshot - {}
RESULT: {"script":"<script> [1562 bytes]","args":[{"selector":{"id":"application-manageresources-display-component---newResourceUnit--btnAddTimeSegment","interaction":{"idSuffix":"inner"}},"wdio_ui5_key":"applicationmanageresources-display-component---newResourceUnit--btnAddTimeSegment"}]}
RESULT: undefined
COMMAND: POST /session/b4821e91125fc57ae8b08a301666550d/element - {"using":"xpath","value":"//*[@id=\"application-manageresources-display-component---newResourceUnit--btnAddTimeSegment\"]"}
RESULT: {}
RESULT: {"using":"xpath","value":"//*[@id=\"application-manageresources-display-component---newResourceUnit--btnAddTimeSegment\"]"}
COMMAND: POST /session/b4821e91125fc57ae8b08a301666550d/element/f.0C7D383FA3E737A876F1AD61BD78151D.d.315EBBB8F27DE7362F75E44020D64FDA.e.4882/click - {}
RESULT: {}
COMMAND: GET /session/b4821e91125fc57ae8b08a301666550d/screenshot - {}
RESULT: {}
COMMAND: POST /session/b4821e91125fc57ae8b08a301666550d/element - {"using":"xpath","value":"//input[@id=\"application-manageresources-display-component---newResourceUnit--idRuTSAdmin-application-manageresources-display-component---newResourceUnit--RUTimeSegment-0-inner\"]"}
RESULT: {"using":"xpath","value":"//input[@id=\"application-manageresources-display-component---newResourceUnit--idRuTSAdmin-application-manageresources-display-component---newResourceUnit--RUTimeSegment-0-inner\"]"}
COMMAND: POST /session/b4821e91125fc57ae8b08a301666550d/element/f.0C7D383FA3E737A876F1AD61BD78151D.d.315EBBB8F27DE7362F75E44020D64FDA.e.4887/clear - {}
RESULT: {}
COMMAND: POST /session/b4821e91125fc57ae8b08a301666550d/element/f.0C7D383FA3E737A876F1AD61BD78151D.d.315EBBB8F27DE7362F75E44020D64FDA.e.4887/value - {"text":"540"}
COMMAND: GET /session/b4821e91125fc57ae8b08a301666550d/screenshot - {}
RESULT: {"text":"540"}
COMMAND: GET /session/b4821e91125fc57ae8b08a301666550d/screenshot - {}
RESULT: {}
RESULT: {}
COMMAND: POST /session/b4821e91125fc57ae8b08a301666550d/element - {"using":"xpath","value":"//li[.//span[text()='540']]"}
RESULT: {"using":"xpath","value":"//li[.//span[text()='540']]"}
COMMAND: POST /session/b4821e91125fc57ae8b08a301666550d/element/f.0C7D383FA3E737A876F1AD61BD78151D.d.315EBBB8F27DE7362F75E44020D64FDA.e.4896/click - {}
RESULT: {}
COMMAND: GET /session/b4821e91125fc57ae8b08a301666550d/screenshot - {}
RESULT: {}
COMMAND: POST /session/b4821e91125fc57ae8b08a301666550d/element - {"using":"xpath","value":"(//span[contains(@id, \"-application-manageresources-display-component---newResourceUnit--RUTimeSegment-0-arrow\")])[2]"}
RESULT: {"using":"xpath","value":"(//span[contains(@id, \"-application-manageresources-display-component---newResourceUnit--RUTimeSegment-0-arrow\")])[2]"}
COMMAND: POST /session/b4821e91125fc57ae8b08a301666550d/element/f.0C7D383FA3E737A876F1AD61BD78151D.d.315EBBB8F27DE7362F75E44020D64FDA.e.4897/click - {}
RESULT: {}
COMMAND: POST /session/b4821e91125fc57ae8b08a301666550d/element - {"using":"xpath","value":"//span[contains(text(), \"PM Order\")]"}
COMMAND: GET /session/b4821e91125fc57ae8b08a301666550d/screenshot - {}
RESULT: {"using":"xpath","value":"//span[contains(text(), \"PM Order\")]"}
COMMAND: POST /session/b4821e91125fc57ae8b08a301666550d/element/f.0C7D383FA3E737A876F1AD61BD78151D.d.315EBBB8F27DE7362F75E44020D64FDA.e.4898/click - {}
RESULT: {}
RESULT: {}
COMMAND: GET /session/b4821e91125fc57ae8b08a301666550d/screenshot - {}
RESULT: {}
COMMAND: POST /session/b4821e91125fc57ae8b08a301666550d/element - {"using":"xpath","value":"//td/div/div/div/span[contains(@id, \"newResourceUnit--RUTimeSegment-0-vhi\")][1]"}
RESULT: {"using":"xpath","value":"//td/div/div/div/span[contains(@id, \"newResourceUnit--RUTimeSegment-0-vhi\")][1]"}
COMMAND: GET /session/b4821e91125fc57ae8b08a301666550d/element/f.0C7D383FA3E737A876F1AD61BD78151D.d.315EBBB8F27DE7362F75E44020D64FDA.e.4902/rect - {}
RESULT: {}
COMMAND: GET /session/b4821e91125fc57ae8b08a301666550d/window/rect - {}
RESULT: {}
COMMAND: POST /session/b4821e91125fc57ae8b08a301666550d/execute/sync - {"script":"<script> [92 bytes]","args":[]}
RESULT: {"script":"<script> [92 bytes]","args":[]}
COMMAND: POST /session/b4821e91125fc57ae8b08a301666550d/actions - {"actions":[{"id":"action19","type":"wheel","parameters":{},"actions":[{"type":"scroll","x":-1888,"y":-24,"deltaX":0,"deltaY":0,"duration":0,"origin":{"element-6066-11e4-a52e-4f735466cecf":"f.0C7D383FA3E737A876F1AD61BD78151D.d.315EBBB8F27DE7362F75E44020D64FDA.e.4902"}}]}]}
COMMAND: GET /session/b4821e91125fc57ae8b08a301666550d/screenshot - {}
RESULT: {}
COMMAND: POST /session/b4821e91125fc57ae8b08a301666550d/execute/sync - {"script":"<script> [79 bytes]","args":[{"element-6066-11e4-a52e-4f735466cecf":"f.0C7D383FA3E737A876F1AD61BD78151D.d.315EBBB8F27DE7362F75E44020D64FDA.e.4902","ELEMENT":"f.0C7D383FA3E737A876F1AD61BD78151D.d.315EBBB8F27DE7362F75E44020D64FDA.e.4902"},{"block":"start","inline":"nearest"}]}
RESULT: {"script":"<script> [79 bytes]","args":[{"element-6066-11e4-a52e-4f735466cecf":"f.0C7D383FA3E737A876F1AD61BD78151D.d.315EBBB8F27DE7362F75E44020D64FDA.e.4902","ELEMENT":"f.0C7D383FA3E737A876F1AD61BD78151D.d.315EBBB8F27DE7362F75E44020D64FDA.e.4902"},{"block":"start","inline":"nearest"}]}
COMMAND: GET /session/b4821e91125fc57ae8b08a301666550d/screenshot - {}
RESULT: {}
COMMAND: POST /session/b4821e91125fc57ae8b08a301666550d/element/f.0C7D383FA3E737A876F1AD61BD78151D.d.315EBBB8F27DE7362F75E44020D64FDA.e.4902/click - {}
RESULT: {}
COMMAND: GET /session/b4821e91125fc57ae8b08a301666550d/screenshot - {}
RESULT: {}
COMMAND: POST /session/b4821e91125fc57ae8b08a301666550d/execute/async - {"script":"<script> [1562 bytes]","args":[{"selector":{"controlType":"sap.m.SearchField","properties":{"placeholder":"Search"},"searchOpenDialogs":true,"interaction":{"idSuffix":"I"}},"wdio_ui5_key":"sapm.SearchField{\"placeholder\":\"Search\"}"}]}
RESULT: {"script":"<script> [1562 bytes]","args":[{"selector":{"controlType":"sap.m.SearchField","properties":{"placeholder":"Search"},"searchOpenDialogs":true,"interaction":{"idSuffix":"I"}},"wdio_ui5_key":"sapm.SearchField{\"placeholder\":\"Search\"}"}]}
RESULT: undefined
COMMAND: POST /session/b4821e91125fc57ae8b08a301666550d/execute/async - {"script":"<script> [776 bytes]","args":[{"enterText":"4000360","selector":{"controlType":"sap.m.SearchField","properties":{"placeholder":"Search"},"searchOpenDialogs":true,"interaction":{"idSuffix":"I"}},"clearTextFirst":true,"interactionType":"ENTER_TEXT"}]}
RESULT: {"script":"<script> [776 bytes]","args":[{"enterText":"4000360","selector":{"controlType":"sap.m.SearchField","properties":{"placeholder":"Search"},"searchOpenDialogs":true,"interaction":{"idSuffix":"I"}},"clearTextFirst":true,"interactionType":"ENTER_TEXT"}]}
COMMAND: POST /session/b4821e91125fc57ae8b08a301666550d/actions - {"actions":[{"id":"action20","type":"key","parameters":{},"actions":[{"type":"keyDown","value":"î€‡"},{"type":"pause","duration":10},{"type":"keyUp","value":"î€‡"}]}]}
RESULT: {"actions":[{"id":"action20","type":"key","parameters":{},"actions":[{"type":"keyDown","value":"î€‡"},{"type":"pause","duration":10},{"type":"keyUp","value":"î€‡"}]}]}
COMMAND: GET /session/b4821e91125fc57ae8b08a301666550d/screenshot - {}
RESULT: {}
COMMAND: POST /session/b4821e91125fc57ae8b08a301666550d/element - {"using":"xpath","value":"//td/div/span[contains(text(), \"BGL Vehicles\")]"}
RESULT: {"using":"xpath","value":"//td/div/span[contains(text(), \"BGL Vehicles\")]"}
COMMAND: POST /session/b4821e91125fc57ae8b08a301666550d/element/f.0C7D383FA3E737A876F1AD61BD78151D.d.315EBBB8F27DE7362F75E44020D64FDA.e.4922/click - {}
RESULT: {}
COMMAND: GET /session/b4821e91125fc57ae8b08a301666550d/screenshot - {}
RESULT: {}
COMMAND: POST /session/b4821e91125fc57ae8b08a301666550d/element - {"using":"xpath","value":"//bdi[contains(text(), \"OK\")]"}
RESULT: {"using":"xpath","value":"//bdi[contains(text(), \"OK\")]"}
COMMAND: POST /session/b4821e91125fc57ae8b08a301666550d/element/f.0C7D383FA3E737A876F1AD61BD78151D.d.315EBBB8F27DE7362F75E44020D64FDA.e.4923/click - {}
RESULT: {}
COMMAND: GET /session/b4821e91125fc57ae8b08a301666550d/screenshot - {}
RESULT: {}
COMMAND: POST /session/b4821e91125fc57ae8b08a301666550d/element - {"using":"xpath","value":"//label[contains(@class, 'sapMLabelRequired') and .//bdi[contains(text(), 'Planned Retirement')]]"}
RESULT: {"using":"xpath","value":"//label[contains(@class, 'sapMLabelRequired') and .//bdi[contains(text(), 'Planned Retirement')]]"}
COMMAND: POST /session/b4821e91125fc57ae8b08a301666550d/elements - {"using":"xpath","value":"//label[contains(@class, 'sapMLabelRequired') and .//bdi[contains(text(), 'Planned Retirement')]]"}
RESULT: {"using":"xpath","value":"//label[contains(@class, 'sapMLabelRequired') and .//bdi[contains(text(), 'Planned Retirement')]]"}
COMMAND: POST /session/b4821e91125fc57ae8b08a301666550d/element - {"using":"xpath","value":"//button[@data-kt=\"resourceUnitSaveButton\"]"}
RESULT: {"using":"xpath","value":"//button[@data-kt=\"resourceUnitSaveButton\"]"}
COMMAND: POST /session/b4821e91125fc57ae8b08a301666550d/element/f.0C7D383FA3E737A876F1AD61BD78151D.d.315EBBB8F27DE7362F75E44020D64FDA.e.4827/click - {}
RESULT: {}
COMMAND: GET /session/b4821e91125fc57ae8b08a301666550d/screenshot - {}
RESULT: {}
COMMAND: POST /session/b4821e91125fc57ae8b08a301666550d/element - {"using":"xpath","value":"//bdi[contains(text(), \"Close\")]"}
RESULT: {"using":"xpath","value":"//bdi[contains(text(), \"Close\")]"}
COMMAND: POST /session/b4821e91125fc57ae8b08a301666550d/element/f.0C7D383FA3E737A876F1AD61BD78151D.d.315EBBB8F27DE7362F75E44020D64FDA.e.4929/click - {}
RESULT: {}
COMMAND: GET /session/b4821e91125fc57ae8b08a301666550d/screenshot - {}
RESULT: {}
COMMAND: POST /session/b4821e91125fc57ae8b08a301666550d/element - {"using":"xpath","value":"//header[contains(@id, 'detailRruPage-headerTitle')]/div[1]/div[2]/div[2]/span[1]"}
RESULT: {"using":"xpath","value":"//header[contains(@id, 'detailRruPage-headerTitle')]/div[1]/div[2]/div[2]/span[1]"}
COMMAND: POST /session/b4821e91125fc57ae8b08a301666550d/elements - {"using":"xpath","value":"//header[contains(@id, 'detailRruPage-headerTitle')]/div[1]/div[2]/div[2]/span[1]"}
RESULT: {"using":"xpath","value":"//header[contains(@id, 'detailRruPage-headerTitle')]/div[1]/div[2]/div[2]/span[1]"}
COMMAND: POST /session/b4821e91125fc57ae8b08a301666550d/execute/sync - {"script":"<script> [56 bytes]","args":[{"element-6066-11e4-a52e-4f735466cecf":"f.0C7D383FA3E737A876F1AD61BD78151D.d.315EBBB8F27DE7362F75E44020D64FDA.e.4955","ELEMENT":"f.0C7D383FA3E737A876F1AD61BD78151D.d.315EBBB8F27DE7362F75E44020D64FDA.e.4955"}]}
RESULT: {"script":"<script> [56 bytes]","args":[{"element-6066-11e4-a52e-4f735466cecf":"f.0C7D383FA3E737A876F1AD61BD78151D.d.315EBBB8F27DE7362F75E44020D64FDA.e.4955","ELEMENT":"f.0C7D383FA3E737A876F1AD61BD78151D.d.315EBBB8F27DE7362F75E44020D64FDA.e.4955"}]}
COMMAND: POST /session/b4821e91125fc57ae8b08a301666550d/element - {"using":"css selector","value":"#shell-header-logo"}
COMMAND: GET /session/b4821e91125fc57ae8b08a301666550d/screenshot - {}
RESULT: {"using":"css selector","value":"#shell-header-logo"}
COMMAND: POST /session/b4821e91125fc57ae8b08a301666550d/element/f.0C7D383FA3E737A876F1AD61BD78151D.d.315EBBB8F27DE7362F75E44020D64FDA.e.4287/click - {}
RESULT: {}
RESULT: {}
COMMAND: GET /session/b4821e91125fc57ae8b08a301666550d/screenshot - {}
RESULT: {}
]]></system-out>
    </testcase>
    <testcase classname="chrome.136_0_7103_93.windows.Provide_to_Site_w/_warehouse_management_w/_clarification_US115878" name="Bin Status Report Should Create New Organization yard" time="0.005" />
    <testcase classname="chrome.136_0_7103_93.windows.Provide_to_Site_w/_warehouse_management_w/_clarification_US115878" name="Bin Status Report Should Create New Organization for Site" time="0.004" />
  </testsuite>
  <testsuite timestamp="2025-05-19T05:53:26" time="438.774" tests="6" failures="0" errors="0" skipped="0">
    <properties>
      <property name="specId" value="0" />
      <property name="suiteName" value="Provide to Site w/ warehouse management w clarification" />
      <property name="capabilities" value="chrome.136_0_7103_93.windows" />
      <property name="file" value="file:///D:/a/1/s/test/specs/HTR/provide-to-site-w-warehouse-w-clarification.spec.js" />
    </properties>
    <testcase classname="chrome.136_0_7103_93.windows.Provide_to_Site_w/_warehouse_management_w_clarification" name="Should do a stock increase handover" time="84.977">
      <system-out><![CDATA[
COMMAND: POST /session/b4821e91125fc57ae8b08a301666550d/execute/async - {"script":"<script> [1562 bytes]","args":[{"selector":{"controlType":"sap.m.GenericTile","properties":{"header":"Manage Handovers"}},"wdio_ui5_key":"sapm.GenericTile{\"header\":\"Manage Handovers\"}"}]}
RESULT: {"script":"<script> [1562 bytes]","args":[{"selector":{"controlType":"sap.m.GenericTile","properties":{"header":"Manage Handovers"}},"wdio_ui5_key":"sapm.GenericTile{\"header\":\"Manage Handovers\"}"}]}
RESULT: undefined
COMMAND: POST /session/b4821e91125fc57ae8b08a301666550d/element - {"using":"xpath","value":"//*[@id=\"__tile132\"]"}
RESULT: {"using":"xpath","value":"//*[@id=\"__tile132\"]"}
COMMAND: POST /session/b4821e91125fc57ae8b08a301666550d/element/f.0C7D383FA3E737A876F1AD61BD78151D.d.315EBBB8F27DE7362F75E44020D64FDA.e.4340/click - {}
RESULT: {}
COMMAND: GET /session/b4821e91125fc57ae8b08a301666550d/screenshot - {}
RESULT: {}
COMMAND: POST /session/b4821e91125fc57ae8b08a301666550d/elements - {"using":"xpath","value":"//span[text()='Error']"}
RESULT: {"using":"xpath","value":"//span[text()='Error']"}
COMMAND: POST /session/b4821e91125fc57ae8b08a301666550d/element - {"using":"xpath","value":"//button[@data-kt=\"masterHOAddButton\"]"}
RESULT: {"using":"xpath","value":"//button[@data-kt=\"masterHOAddButton\"]"}
COMMAND: POST /session/b4821e91125fc57ae8b08a301666550d/elements - {"using":"xpath","value":"//button[@data-kt=\"masterHOAddButton\"]"}
RESULT: {"using":"xpath","value":"//button[@data-kt=\"masterHOAddButton\"]"}
COMMAND: POST /session/b4821e91125fc57ae8b08a301666550d/execute/sync - {"script":"<script> [8489 bytes]","args":[{"element-6066-11e4-a52e-4f735466cecf":"f.0C7D383FA3E737A876F1AD61BD78151D.d.315EBBB8F27DE7362F75E44020D64FDA.e.4991","ELEMENT":"f.0C7D383FA3E737A876F1AD61BD78151D.d.315EBBB8F27DE7362F75E44020D64FDA.e.4991"}]}
RESULT: {"script":"<script> [8489 bytes]","args":[{"element-6066-11e4-a52e-4f735466cecf":"f.0C7D383FA3E737A876F1AD61BD78151D.d.315EBBB8F27DE7362F75E44020D64FDA.e.4991","ELEMENT":"f.0C7D383FA3E737A876F1AD61BD78151D.d.315EBBB8F27DE7362F75E44020D64FDA.e.4991"}]}
COMMAND: GET /session/b4821e91125fc57ae8b08a301666550d/element/f.0C7D383FA3E737A876F1AD61BD78151D.d.315EBBB8F27DE7362F75E44020D64FDA.e.4991/enabled - {}
COMMAND: GET /session/b4821e91125fc57ae8b08a301666550d/screenshot - {}
RESULT: {}
COMMAND: POST /session/b4821e91125fc57ae8b08a301666550d/execute/sync - {"script":"<script> [8489 bytes]","args":[{"element-6066-11e4-a52e-4f735466cecf":"f.0C7D383FA3E737A876F1AD61BD78151D.d.315EBBB8F27DE7362F75E44020D64FDA.e.4991","ELEMENT":"f.0C7D383FA3E737A876F1AD61BD78151D.d.315EBBB8F27DE7362F75E44020D64FDA.e.4991"}]}
COMMAND: GET /session/b4821e91125fc57ae8b08a301666550d/screenshot - {}
RESULT: {}
RESULT: {"script":"<script> [8489 bytes]","args":[{"element-6066-11e4-a52e-4f735466cecf":"f.0C7D383FA3E737A876F1AD61BD78151D.d.315EBBB8F27DE7362F75E44020D64FDA.e.4991","ELEMENT":"f.0C7D383FA3E737A876F1AD61BD78151D.d.315EBBB8F27DE7362F75E44020D64FDA.e.4991"}]}
COMMAND: POST /session/b4821e91125fc57ae8b08a301666550d/execute/sync - {"script":"<script> [5351 bytes]","args":[{"element-6066-11e4-a52e-4f735466cecf":"f.0C7D383FA3E737A876F1AD61BD78151D.d.315EBBB8F27DE7362F75E44020D64FDA.e.4991","ELEMENT":"f.0C7D383FA3E737A876F1AD61BD78151D.d.315EBBB8F27DE7362F75E44020D64FDA.e.4991"}]}
COMMAND: GET /session/b4821e91125fc57ae8b08a301666550d/screenshot - {}
RESULT: {}
RESULT: {"script":"<script> [5351 bytes]","args":[{"element-6066-11e4-a52e-4f735466cecf":"f.0C7D383FA3E737A876F1AD61BD78151D.d.315EBBB8F27DE7362F75E44020D64FDA.e.4991","ELEMENT":"f.0C7D383FA3E737A876F1AD61BD78151D.d.315EBBB8F27DE7362F75E44020D64FDA.e.4991"}]}
COMMAND: POST /session/b4821e91125fc57ae8b08a301666550d/element/f.0C7D383FA3E737A876F1AD61BD78151D.d.315EBBB8F27DE7362F75E44020D64FDA.e.4991/click - {}
COMMAND: GET /session/b4821e91125fc57ae8b08a301666550d/screenshot - {}
RESULT: {}
RESULT: {}
COMMAND: GET /session/b4821e91125fc57ae8b08a301666550d/screenshot - {}
RESULT: {}
RESULT: {}
COMMAND: POST /session/b4821e91125fc57ae8b08a301666550d/element - {"using":"xpath","value":"//span[contains(@id ,\"AddNewHO--typeSelect-arrow\")]"}
RESULT: {"using":"xpath","value":"//span[contains(@id ,\"AddNewHO--typeSelect-arrow\")]"}
COMMAND: POST /session/b4821e91125fc57ae8b08a301666550d/element/f.0C7D383FA3E737A876F1AD61BD78151D.d.315EBBB8F27DE7362F75E44020D64FDA.e.5355/click - {}
RESULT: {}
COMMAND: GET /session/b4821e91125fc57ae8b08a301666550d/screenshot - {}
RESULT: {}
COMMAND: POST /session/b4821e91125fc57ae8b08a301666550d/element - {"using":"xpath","value":"(//li[contains(text(), \"stock increase yard\")])[1]"}
RESULT: {"using":"xpath","value":"(//li[contains(text(), \"stock increase yard\")])[1]"}
COMMAND: POST /session/b4821e91125fc57ae8b08a301666550d/element/f.0C7D383FA3E737A876F1AD61BD78151D.d.315EBBB8F27DE7362F75E44020D64FDA.e.5356/click - {}
RESULT: {}
COMMAND: GET /session/b4821e91125fc57ae8b08a301666550d/screenshot - {}
RESULT: {}
COMMAND: POST /session/b4821e91125fc57ae8b08a301666550d/execute/async - {"script":"<script> [1562 bytes]","args":[{"selector":{"id":"application-managehandovers-display-component---AddNewHO--dueDate","interaction":{"idSuffix":"inner"}},"wdio_ui5_key":"applicationmanagehandovers-display-component---AddNewHO--dueDate"}]}
RESULT: {"script":"<script> [1562 bytes]","args":[{"selector":{"id":"application-managehandovers-display-component---AddNewHO--dueDate","interaction":{"idSuffix":"inner"}},"wdio_ui5_key":"applicationmanagehandovers-display-component---AddNewHO--dueDate"}]}
RESULT: undefined
COMMAND: POST /session/b4821e91125fc57ae8b08a301666550d/execute/async - {"script":"<script> [6424 bytes]","args":[{"element-6066-11e4-a52e-4f735466cecf":"f.0C7D383FA3E737A876F1AD61BD78151D.d.315EBBB8F27DE7362F75E44020D64FDA.e.5358"},"setValue",["5/19/25"]]}
RESULT: {"script":"<script> [6424 bytes]","args":[{"element-6066-11e4-a52e-4f735466cecf":"f.0C7D383FA3E737A876F1AD61BD78151D.d.315EBBB8F27DE7362F75E44020D64FDA.e.5358"},"setValue",["5/19/25"]]}
COMMAND: POST /session/b4821e91125fc57ae8b08a301666550d/element - {"using":"xpath","value":"//input[@id=\"generalSectionFrg--receiveYard-inner\"]"}
RESULT: {"using":"xpath","value":"//input[@id=\"generalSectionFrg--receiveYard-inner\"]"}
COMMAND: POST /session/b4821e91125fc57ae8b08a301666550d/element/f.0C7D383FA3E737A876F1AD61BD78151D.d.315EBBB8F27DE7362F75E44020D64FDA.e.5362/clear - {}
RESULT: {}
COMMAND: POST /session/b4821e91125fc57ae8b08a301666550d/element/f.0C7D383FA3E737A876F1AD61BD78151D.d.315EBBB8F27DE7362F75E44020D64FDA.e.5362/value - {"text":"540"}
COMMAND: GET /session/b4821e91125fc57ae8b08a301666550d/screenshot - {}
RESULT: {"text":"540"}
COMMAND: GET /session/b4821e91125fc57ae8b08a301666550d/screenshot - {}
RESULT: {}
RESULT: {}
COMMAND: POST /session/b4821e91125fc57ae8b08a301666550d/element - {"using":"xpath","value":"//li[.//span[text()='540']]"}
RESULT: {"using":"xpath","value":"//li[.//span[text()='540']]"}
COMMAND: POST /session/b4821e91125fc57ae8b08a301666550d/element/f.0C7D383FA3E737A876F1AD61BD78151D.d.315EBBB8F27DE7362F75E44020D64FDA.e.5380/click - {}
RESULT: {}
COMMAND: GET /session/b4821e91125fc57ae8b08a301666550d/screenshot - {}
RESULT: {}
COMMAND: POST /session/b4821e91125fc57ae8b08a301666550d/execute/async - {"script":"<script> [1562 bytes]","args":[{"selector":{"id":"application-managehandovers-display-component---AddNewHO--ObjectPageLayout-anchBar-application-managehandovers-display-component---AddNewHO--section4-anchor","interaction":{"idSuffix":"BDI-content"}},"wdio_ui5_key":"applicationmanagehandovers-display-component---AddNewHO--ObjectPageLayout-anchBar-application-managehandovers-display-component---AddNewHO--section4-anchor"}]}
RESULT: {"script":"<script> [1562 bytes]","args":[{"selector":{"id":"application-managehandovers-display-component---AddNewHO--ObjectPageLayout-anchBar-application-managehandovers-display-component---AddNewHO--section4-anchor","interaction":{"idSuffix":"BDI-content"}},"wdio_ui5_key":"applicationmanagehandovers-display-component---AddNewHO--ObjectPageLayout-anchBar-application-managehandovers-display-component---AddNewHO--section4-anchor"}]}
RESULT: undefined
COMMAND: POST /session/b4821e91125fc57ae8b08a301666550d/element - {"using":"xpath","value":"//*[@id=\"application-managehandovers-display-component---AddNewHO--ObjectPageLayout-anchBar-application-managehandovers-display-component---AddNewHO--section4-anchor\"]"}
RESULT: {"using":"xpath","value":"//*[@id=\"application-managehandovers-display-component---AddNewHO--ObjectPageLayout-anchBar-application-managehandovers-display-component---AddNewHO--section4-anchor\"]"}
COMMAND: POST /session/b4821e91125fc57ae8b08a301666550d/element/f.0C7D383FA3E737A876F1AD61BD78151D.d.315EBBB8F27DE7362F75E44020D64FDA.e.5382/click - {}
RESULT: {}
COMMAND: POST /session/b4821e91125fc57ae8b08a301666550d/element - {"using":"xpath","value":"//button[@aria-label=\"Add\"]"}
COMMAND: GET /session/b4821e91125fc57ae8b08a301666550d/screenshot - {}
RESULT: {"using":"xpath","value":"//button[@aria-label=\"Add\"]"}
COMMAND: POST /session/b4821e91125fc57ae8b08a301666550d/element/f.0C7D383FA3E737A876F1AD61BD78151D.d.315EBBB8F27DE7362F75E44020D64FDA.e.5386/click - {}
RESULT: {}
RESULT: {}
COMMAND: GET /session/b4821e91125fc57ae8b08a301666550d/screenshot - {}
RESULT: {}
COMMAND: POST /session/b4821e91125fc57ae8b08a301666550d/execute/async - {"script":"<script> [1562 bytes]","args":[{"selector":{"id":"application-managehandovers-display-component---AddNewHO--smartFilterBar-btnBasicSearch","searchOpenDialogs":true,"interaction":{"idSuffix":"I"}},"wdio_ui5_key":"applicationmanagehandovers-display-component---AddNewHO--smartFilterBar-btnBasicSearch"}]}
RESULT: {"script":"<script> [1562 bytes]","args":[{"selector":{"id":"application-managehandovers-display-component---AddNewHO--smartFilterBar-btnBasicSearch","searchOpenDialogs":true,"interaction":{"idSuffix":"I"}},"wdio_ui5_key":"applicationmanagehandovers-display-component---AddNewHO--smartFilterBar-btnBasicSearch"}]}
RESULT: undefined
COMMAND: POST /session/b4821e91125fc57ae8b08a301666550d/execute/async - {"script":"<script> [776 bytes]","args":[{"enterText":"200283","selector":{"id":"application-managehandovers-display-component---AddNewHO--smartFilterBar-btnBasicSearch","searchOpenDialogs":true,"interaction":{"idSuffix":"I"}},"clearTextFirst":true,"interactionType":"ENTER_TEXT"}]}
RESULT: {"script":"<script> [776 bytes]","args":[{"enterText":"200283","selector":{"id":"application-managehandovers-display-component---AddNewHO--smartFilterBar-btnBasicSearch","searchOpenDialogs":true,"interaction":{"idSuffix":"I"}},"clearTextFirst":true,"interactionType":"ENTER_TEXT"}]}
COMMAND: POST /session/b4821e91125fc57ae8b08a301666550d/actions - {"actions":[{"id":"action21","type":"key","parameters":{},"actions":[{"type":"keyDown","value":"î€‡"},{"type":"pause","duration":10},{"type":"keyUp","value":"î€‡"}]}]}
RESULT: {"actions":[{"id":"action21","type":"key","parameters":{},"actions":[{"type":"keyDown","value":"î€‡"},{"type":"pause","duration":10},{"type":"keyUp","value":"î€‡"}]}]}
COMMAND: GET /session/b4821e91125fc57ae8b08a301666550d/screenshot - {}
COMMAND: POST /session/b4821e91125fc57ae8b08a301666550d/execute/async - {"script":"<script> [1562 bytes]","args":[{"selector":{"id":"application-managehandovers-display-component---AddNewHO--popup-sa","searchOpenDialogs":true,"interaction":{"idSuffix":"CbBg"}},"wdio_ui5_key":"applicationmanagehandovers-display-component---AddNewHO--popup-sa"}]}
RESULT: {}
RESULT: {"script":"<script> [1562 bytes]","args":[{"selector":{"id":"application-managehandovers-display-component---AddNewHO--popup-sa","searchOpenDialogs":true,"interaction":{"idSuffix":"CbBg"}},"wdio_ui5_key":"applicationmanagehandovers-display-component---AddNewHO--popup-sa"}]}
RESULT: undefined
COMMAND: POST /session/b4821e91125fc57ae8b08a301666550d/element - {"using":"xpath","value":"//*[@id=\"application-managehandovers-display-component---AddNewHO--popup-sa\"]"}
RESULT: {"using":"xpath","value":"//*[@id=\"application-managehandovers-display-component---AddNewHO--popup-sa\"]"}
COMMAND: POST /session/b4821e91125fc57ae8b08a301666550d/element/f.0C7D383FA3E737A876F1AD61BD78151D.d.315EBBB8F27DE7362F75E44020D64FDA.e.5540/click - {}
RESULT: {}
COMMAND: GET /session/b4821e91125fc57ae8b08a301666550d/screenshot - {}
RESULT: {}
COMMAND: POST /session/b4821e91125fc57ae8b08a301666550d/element - {"using":"xpath","value":"//bdi[contains(text(), \"Select\")]"}
RESULT: {"using":"xpath","value":"//bdi[contains(text(), \"Select\")]"}
COMMAND: POST /session/b4821e91125fc57ae8b08a301666550d/element/f.0C7D383FA3E737A876F1AD61BD78151D.d.315EBBB8F27DE7362F75E44020D64FDA.e.5541/click - {}
RESULT: {}
COMMAND: GET /session/b4821e91125fc57ae8b08a301666550d/screenshot - {}
RESULT: {}
COMMAND: POST /session/b4821e91125fc57ae8b08a301666550d/element - {"using":"xpath","value":"//button[@data-kt=\"AddNewHOSaveButton\"]"}
RESULT: {"using":"xpath","value":"//button[@data-kt=\"AddNewHOSaveButton\"]"}
COMMAND: POST /session/b4821e91125fc57ae8b08a301666550d/element/f.0C7D383FA3E737A876F1AD61BD78151D.d.315EBBB8F27DE7362F75E44020D64FDA.e.5545/click - {}
RESULT: {}
COMMAND: GET /session/b4821e91125fc57ae8b08a301666550d/screenshot - {}
RESULT: {}
COMMAND: POST /session/b4821e91125fc57ae8b08a301666550d/execute/async - {"script":"<script> [1562 bytes]","args":[{"selector":{"id":"receiptDatePicker","viewName":"etm.portal.ui.managehandovers.view.DetailExecuteHO","interaction":{"idSuffix":"inner"}},"wdio_ui5_key":"receiptDatePickeretmportal.ui.managehandovers.view.DetailExecuteHO"}]}
RESULT: {"script":"<script> [1562 bytes]","args":[{"selector":{"id":"receiptDatePicker","viewName":"etm.portal.ui.managehandovers.view.DetailExecuteHO","interaction":{"idSuffix":"inner"}},"wdio_ui5_key":"receiptDatePickeretmportal.ui.managehandovers.view.DetailExecuteHO"}]}
RESULT: undefined
COMMAND: POST /session/b4821e91125fc57ae8b08a301666550d/execute/async - {"script":"<script> [6424 bytes]","args":[{"element-6066-11e4-a52e-4f735466cecf":"f.0C7D383FA3E737A876F1AD61BD78151D.d.315EBBB8F27DE7362F75E44020D64FDA.e.5564"},"setValue",["5/19/25"]]}
RESULT: {"script":"<script> [6424 bytes]","args":[{"element-6066-11e4-a52e-4f735466cecf":"f.0C7D383FA3E737A876F1AD61BD78151D.d.315EBBB8F27DE7362F75E44020D64FDA.e.5564"},"setValue",["5/19/25"]]}
COMMAND: POST /session/b4821e91125fc57ae8b08a301666550d/element - {"using":"xpath","value":"//button[@data-kt=\"PickingTableConfirmAllButton\"]"}
RESULT: {"using":"xpath","value":"//button[@data-kt=\"PickingTableConfirmAllButton\"]"}
COMMAND: POST /session/b4821e91125fc57ae8b08a301666550d/element/f.0C7D383FA3E737A876F1AD61BD78151D.d.315EBBB8F27DE7362F75E44020D64FDA.e.5582/click - {}
RESULT: {}
COMMAND: GET /session/b4821e91125fc57ae8b08a301666550d/screenshot - {}
RESULT: {}
COMMAND: POST /session/b4821e91125fc57ae8b08a301666550d/element - {"using":"xpath","value":"//bdi[contains(text(), \"OK\")]"}
RESULT: {"using":"xpath","value":"//bdi[contains(text(), \"OK\")]"}
COMMAND: POST /session/b4821e91125fc57ae8b08a301666550d/element/f.0C7D383FA3E737A876F1AD61BD78151D.d.315EBBB8F27DE7362F75E44020D64FDA.e.5584/click - {}
RESULT: {}
COMMAND: GET /session/b4821e91125fc57ae8b08a301666550d/screenshot - {}
RESULT: {}
COMMAND: POST /session/b4821e91125fc57ae8b08a301666550d/element - {"using":"xpath","value":"(//bdi[contains(text(), \"Receive\")])[2]"}
RESULT: {"using":"xpath","value":"(//bdi[contains(text(), \"Receive\")])[2]"}
COMMAND: POST /session/b4821e91125fc57ae8b08a301666550d/element/f.0C7D383FA3E737A876F1AD61BD78151D.d.315EBBB8F27DE7362F75E44020D64FDA.e.5586/click - {}
RESULT: {}
COMMAND: GET /session/b4821e91125fc57ae8b08a301666550d/screenshot - {}
RESULT: {}
COMMAND: POST /session/b4821e91125fc57ae8b08a301666550d/element - {"using":"css selector","value":"#shell-header-logo"}
RESULT: {"using":"css selector","value":"#shell-header-logo"}
COMMAND: POST /session/b4821e91125fc57ae8b08a301666550d/element/f.0C7D383FA3E737A876F1AD61BD78151D.d.315EBBB8F27DE7362F75E44020D64FDA.e.4958/click - {}
RESULT: {}
COMMAND: GET /session/b4821e91125fc57ae8b08a301666550d/screenshot - {}
RESULT: {}
]]></system-out>
    </testcase>
    <testcase classname="chrome.136_0_7103_93.windows.Provide_to_Site_w/_warehouse_management_w_clarification" name="Should create a new contract" time="59.885">
      <system-out><![CDATA[
COMMAND: POST /session/b4821e91125fc57ae8b08a301666550d/execute/async - {"script":"<script> [1562 bytes]","args":[{"selector":{"controlType":"sap.m.GenericTile","properties":{"header":"Manage Contracts"}},"wdio_ui5_key":"sapm.GenericTile{\"header\":\"Manage Contracts\"}"}]}
RESULT: {"script":"<script> [1562 bytes]","args":[{"selector":{"controlType":"sap.m.GenericTile","properties":{"header":"Manage Contracts"}},"wdio_ui5_key":"sapm.GenericTile{\"header\":\"Manage Contracts\"}"}]}
RESULT: undefined
COMMAND: POST /session/b4821e91125fc57ae8b08a301666550d/element - {"using":"xpath","value":"//*[@id=\"__tile130\"]"}
RESULT: {"using":"xpath","value":"//*[@id=\"__tile130\"]"}
COMMAND: POST /session/b4821e91125fc57ae8b08a301666550d/element/f.0C7D383FA3E737A876F1AD61BD78151D.d.315EBBB8F27DE7362F75E44020D64FDA.e.4329/click - {}
RESULT: {}
COMMAND: GET /session/b4821e91125fc57ae8b08a301666550d/screenshot - {}
RESULT: {}
COMMAND: POST /session/b4821e91125fc57ae8b08a301666550d/elements - {"using":"xpath","value":"//span[text()='Error']"}
RESULT: {"using":"xpath","value":"//span[text()='Error']"}
COMMAND: POST /session/b4821e91125fc57ae8b08a301666550d/element - {"using":"xpath","value":"//button[@data-kt=\"addButton\"]"}
RESULT: {"using":"xpath","value":"//button[@data-kt=\"addButton\"]"}
COMMAND: POST /session/b4821e91125fc57ae8b08a301666550d/elements - {"using":"xpath","value":"//button[@data-kt=\"addButton\"]"}
RESULT: {"using":"xpath","value":"//button[@data-kt=\"addButton\"]"}
COMMAND: POST /session/b4821e91125fc57ae8b08a301666550d/execute/sync - {"script":"<script> [8489 bytes]","args":[{"element-6066-11e4-a52e-4f735466cecf":"f.0C7D383FA3E737A876F1AD61BD78151D.d.315EBBB8F27DE7362F75E44020D64FDA.e.5805","ELEMENT":"f.0C7D383FA3E737A876F1AD61BD78151D.d.315EBBB8F27DE7362F75E44020D64FDA.e.5805"}]}
RESULT: {"script":"<script> [8489 bytes]","args":[{"element-6066-11e4-a52e-4f735466cecf":"f.0C7D383FA3E737A876F1AD61BD78151D.d.315EBBB8F27DE7362F75E44020D64FDA.e.5805","ELEMENT":"f.0C7D383FA3E737A876F1AD61BD78151D.d.315EBBB8F27DE7362F75E44020D64FDA.e.5805"}]}
COMMAND: GET /session/b4821e91125fc57ae8b08a301666550d/element/f.0C7D383FA3E737A876F1AD61BD78151D.d.315EBBB8F27DE7362F75E44020D64FDA.e.5805/enabled - {}
COMMAND: GET /session/b4821e91125fc57ae8b08a301666550d/screenshot - {}
RESULT: {}
COMMAND: POST /session/b4821e91125fc57ae8b08a301666550d/execute/sync - {"script":"<script> [8489 bytes]","args":[{"element-6066-11e4-a52e-4f735466cecf":"f.0C7D383FA3E737A876F1AD61BD78151D.d.315EBBB8F27DE7362F75E44020D64FDA.e.5805","ELEMENT":"f.0C7D383FA3E737A876F1AD61BD78151D.d.315EBBB8F27DE7362F75E44020D64FDA.e.5805"}]}
COMMAND: GET /session/b4821e91125fc57ae8b08a301666550d/screenshot - {}
RESULT: {}
RESULT: {"script":"<script> [8489 bytes]","args":[{"element-6066-11e4-a52e-4f735466cecf":"f.0C7D383FA3E737A876F1AD61BD78151D.d.315EBBB8F27DE7362F75E44020D64FDA.e.5805","ELEMENT":"f.0C7D383FA3E737A876F1AD61BD78151D.d.315EBBB8F27DE7362F75E44020D64FDA.e.5805"}]}
COMMAND: POST /session/b4821e91125fc57ae8b08a301666550d/execute/sync - {"script":"<script> [5351 bytes]","args":[{"element-6066-11e4-a52e-4f735466cecf":"f.0C7D383FA3E737A876F1AD61BD78151D.d.315EBBB8F27DE7362F75E44020D64FDA.e.5805","ELEMENT":"f.0C7D383FA3E737A876F1AD61BD78151D.d.315EBBB8F27DE7362F75E44020D64FDA.e.5805"}]}
COMMAND: GET /session/b4821e91125fc57ae8b08a301666550d/screenshot - {}
RESULT: {}
RESULT: {"script":"<script> [5351 bytes]","args":[{"element-6066-11e4-a52e-4f735466cecf":"f.0C7D383FA3E737A876F1AD61BD78151D.d.315EBBB8F27DE7362F75E44020D64FDA.e.5805","ELEMENT":"f.0C7D383FA3E737A876F1AD61BD78151D.d.315EBBB8F27DE7362F75E44020D64FDA.e.5805"}]}
COMMAND: GET /session/b4821e91125fc57ae8b08a301666550d/screenshot - {}
RESULT: {}
RESULT: {}
COMMAND: POST /session/b4821e91125fc57ae8b08a301666550d/element/f.0C7D383FA3E737A876F1AD61BD78151D.d.315EBBB8F27DE7362F75E44020D64FDA.e.5805/click - {}
RESULT: {}
COMMAND: GET /session/b4821e91125fc57ae8b08a301666550d/screenshot - {}
COMMAND: POST /session/b4821e91125fc57ae8b08a301666550d/execute/async - {"script":"<script> [1562 bytes]","args":[{"selector":{"id":"application-managecontracts-display-component---AddNewContract--projectDescription","interaction":{"idSuffix":"inner"}},"wdio_ui5_key":"applicationmanagecontracts-display-component---AddNewContract--projectDescription"}]}
RESULT: {}
RESULT: {"script":"<script> [1562 bytes]","args":[{"selector":{"id":"application-managecontracts-display-component---AddNewContract--projectDescription","interaction":{"idSuffix":"inner"}},"wdio_ui5_key":"applicationmanagecontracts-display-component---AddNewContract--projectDescription"}]}
RESULT: undefined
COMMAND: POST /session/b4821e91125fc57ae8b08a301666550d/execute/async - {"script":"<script> [776 bytes]","args":[{"enterText":"Contract WDIO","selector":{"id":"application-managecontracts-display-component---AddNewContract--projectDescription","interaction":{"idSuffix":"inner"}},"clearTextFirst":true,"interactionType":"ENTER_TEXT"}]}
RESULT: {"script":"<script> [776 bytes]","args":[{"enterText":"Contract WDIO","selector":{"id":"application-managecontracts-display-component---AddNewContract--projectDescription","interaction":{"idSuffix":"inner"}},"clearTextFirst":true,"interactionType":"ENTER_TEXT"}]}
COMMAND: POST /session/b4821e91125fc57ae8b08a301666550d/element - {"using":"xpath","value":"//input[@id=\"application-managecontracts-display-component---AddNewContract--site-inner\"]"}
RESULT: {"using":"xpath","value":"//input[@id=\"application-managecontracts-display-component---AddNewContract--site-inner\"]"}
COMMAND: POST /session/b4821e91125fc57ae8b08a301666550d/element/f.0C7D383FA3E737A876F1AD61BD78151D.d.315EBBB8F27DE7362F75E44020D64FDA.e.6165/clear - {}
RESULT: {}
COMMAND: POST /session/b4821e91125fc57ae8b08a301666550d/element/f.0C7D383FA3E737A876F1AD61BD78151D.d.315EBBB8F27DE7362F75E44020D64FDA.e.6165/value - {"text":"2267"}
COMMAND: GET /session/b4821e91125fc57ae8b08a301666550d/screenshot - {}
RESULT: {"text":"2267"}
COMMAND: GET /session/b4821e91125fc57ae8b08a301666550d/screenshot - {}
RESULT: {}
RESULT: {}
COMMAND: POST /session/b4821e91125fc57ae8b08a301666550d/element - {"using":"xpath","value":"//li[.//span[text()='2267']]"}
RESULT: {"using":"xpath","value":"//li[.//span[text()='2267']]"}
COMMAND: POST /session/b4821e91125fc57ae8b08a301666550d/element/f.0C7D383FA3E737A876F1AD61BD78151D.d.315EBBB8F27DE7362F75E44020D64FDA.e.6196/click - {}
RESULT: {}
COMMAND: GET /session/b4821e91125fc57ae8b08a301666550d/screenshot - {}
RESULT: {}
COMMAND: POST /session/b4821e91125fc57ae8b08a301666550d/element - {"using":"xpath","value":"//input[@id=\"application-managecontracts-display-component---AddNewContract--yardId-inner\"]"}
RESULT: {"using":"xpath","value":"//input[@id=\"application-managecontracts-display-component---AddNewContract--yardId-inner\"]"}
COMMAND: GET /session/b4821e91125fc57ae8b08a301666550d/element/f.0C7D383FA3E737A876F1AD61BD78151D.d.315EBBB8F27DE7362F75E44020D64FDA.e.6166/property/value - {}
RESULT: {}
COMMAND: POST /session/b4821e91125fc57ae8b08a301666550d/element - {"using":"xpath","value":"//input[@id=\"application-managecontracts-display-component---AddNewContract--customerSelect-inner\"]"}
COMMAND: GET /session/b4821e91125fc57ae8b08a301666550d/screenshot - {}
RESULT: {"using":"xpath","value":"//input[@id=\"application-managecontracts-display-component---AddNewContract--customerSelect-inner\"]"}
COMMAND: POST /session/b4821e91125fc57ae8b08a301666550d/element/f.0C7D383FA3E737A876F1AD61BD78151D.d.315EBBB8F27DE7362F75E44020D64FDA.e.6164/clear - {}
RESULT: {}
RESULT: {}
COMMAND: POST /session/b4821e91125fc57ae8b08a301666550d/element/f.0C7D383FA3E737A876F1AD61BD78151D.d.315EBBB8F27DE7362F75E44020D64FDA.e.6164/value - {"text":"1320"}
COMMAND: GET /session/b4821e91125fc57ae8b08a301666550d/screenshot - {}
RESULT: {"text":"1320"}
COMMAND: GET /session/b4821e91125fc57ae8b08a301666550d/screenshot - {}
RESULT: {}
RESULT: {}
COMMAND: POST /session/b4821e91125fc57ae8b08a301666550d/element - {"using":"xpath","value":"//li[.//span[text()='1320']]"}
RESULT: {"using":"xpath","value":"//li[.//span[text()='1320']]"}
COMMAND: POST /session/b4821e91125fc57ae8b08a301666550d/element/f.0C7D383FA3E737A876F1AD61BD78151D.d.315EBBB8F27DE7362F75E44020D64FDA.e.6199/click - {}
RESULT: {}
COMMAND: GET /session/b4821e91125fc57ae8b08a301666550d/screenshot - {}
RESULT: {}
COMMAND: POST /session/b4821e91125fc57ae8b08a301666550d/element - {"using":"xpath","value":"//button[@data-kt=\"saveButton\"]"}
RESULT: {"using":"xpath","value":"//button[@data-kt=\"saveButton\"]"}
COMMAND: POST /session/b4821e91125fc57ae8b08a301666550d/element/f.0C7D383FA3E737A876F1AD61BD78151D.d.315EBBB8F27DE7362F75E44020D64FDA.e.6200/click - {}
RESULT: {}
COMMAND: GET /session/b4821e91125fc57ae8b08a301666550d/screenshot - {}
RESULT: {}
COMMAND: POST /session/b4821e91125fc57ae8b08a301666550d/element - {"using":"xpath","value":"//span[contains(@id ,\"contractDetailTitleNoExpanded\")]"}
RESULT: {"using":"xpath","value":"//span[contains(@id ,\"contractDetailTitleNoExpanded\")]"}
COMMAND: POST /session/b4821e91125fc57ae8b08a301666550d/elements - {"using":"xpath","value":"//span[contains(@id ,\"contractDetailTitleNoExpanded\")]"}
RESULT: {"using":"xpath","value":"//span[contains(@id ,\"contractDetailTitleNoExpanded\")]"}
COMMAND: POST /session/b4821e91125fc57ae8b08a301666550d/execute/sync - {"script":"<script> [56 bytes]","args":[{"element-6066-11e4-a52e-4f735466cecf":"f.0C7D383FA3E737A876F1AD61BD78151D.d.315EBBB8F27DE7362F75E44020D64FDA.e.6273","ELEMENT":"f.0C7D383FA3E737A876F1AD61BD78151D.d.315EBBB8F27DE7362F75E44020D64FDA.e.6273"}]}
RESULT: {"script":"<script> [56 bytes]","args":[{"element-6066-11e4-a52e-4f735466cecf":"f.0C7D383FA3E737A876F1AD61BD78151D.d.315EBBB8F27DE7362F75E44020D64FDA.e.6273","ELEMENT":"f.0C7D383FA3E737A876F1AD61BD78151D.d.315EBBB8F27DE7362F75E44020D64FDA.e.6273"}]}
COMMAND: GET /session/b4821e91125fc57ae8b08a301666550d/screenshot - {}
RESULT: {}
]]></system-out>
    </testcase>
    <testcase classname="chrome.136_0_7103_93.windows.Provide_to_Site_w/_warehouse_management_w_clarification" name="Should add equipment to the contract" time="56.034">
      <system-out><![CDATA[
COMMAND: POST /session/b4821e91125fc57ae8b08a301666550d/element - {"using":"xpath","value":"//button[@data-kt=\"contractDetailEditBtnButton\"]"}
RESULT: {"using":"xpath","value":"//button[@data-kt=\"contractDetailEditBtnButton\"]"}
COMMAND: POST /session/b4821e91125fc57ae8b08a301666550d/element/f.0C7D383FA3E737A876F1AD61BD78151D.d.315EBBB8F27DE7362F75E44020D64FDA.e.6275/click - {}
RESULT: {}
COMMAND: GET /session/b4821e91125fc57ae8b08a301666550d/screenshot - {}
RESULT: {}
COMMAND: POST /session/b4821e91125fc57ae8b08a301666550d/element - {"using":"xpath","value":"(//span[contains(text(), \"Additional Addresses\")])[2]"}
RESULT: {"using":"xpath","value":"(//span[contains(text(), \"Additional Addresses\")])[2]"}
COMMAND: POST /session/b4821e91125fc57ae8b08a301666550d/element/f.0C7D383FA3E737A876F1AD61BD78151D.d.315EBBB8F27DE7362F75E44020D64FDA.e.6331/click - {}
RESULT: {}
COMMAND: GET /session/b4821e91125fc57ae8b08a301666550d/screenshot - {}
RESULT: {}
COMMAND: POST /session/b4821e91125fc57ae8b08a301666550d/element - {"using":"xpath","value":"//button[@data-kt=\"btnAddTableRowOverflowToolbarButton\"]"}
RESULT: {"using":"xpath","value":"//button[@data-kt=\"btnAddTableRowOverflowToolbarButton\"]"}
COMMAND: POST /session/b4821e91125fc57ae8b08a301666550d/element/f.0C7D383FA3E737A876F1AD61BD78151D.d.315EBBB8F27DE7362F75E44020D64FDA.e.6334/click - {}
RESULT: {}
COMMAND: GET /session/b4821e91125fc57ae8b08a301666550d/screenshot - {}
RESULT: {}
COMMAND: POST /session/b4821e91125fc57ae8b08a301666550d/element - {"using":"xpath","value":"//div[(text() = 'Standard Entry' or . = 'Standard Entry')]"}
RESULT: {"using":"xpath","value":"//div[(text() = 'Standard Entry' or . = 'Standard Entry')]"}
COMMAND: POST /session/b4821e91125fc57ae8b08a301666550d/element/f.0C7D383FA3E737A876F1AD61BD78151D.d.315EBBB8F27DE7362F75E44020D64FDA.e.6336/click - {}
RESULT: {}
COMMAND: GET /session/b4821e91125fc57ae8b08a301666550d/screenshot - {}
RESULT: {}
COMMAND: POST /session/b4821e91125fc57ae8b08a301666550d/element - {"using":"xpath","value":"//td[6]/div/div/div/span"}
RESULT: {"using":"xpath","value":"//td[6]/div/div/div/span"}
COMMAND: POST /session/b4821e91125fc57ae8b08a301666550d/element/f.0C7D383FA3E737A876F1AD61BD78151D.d.315EBBB8F27DE7362F75E44020D64FDA.e.6348/click - {}
RESULT: {}
COMMAND: GET /session/b4821e91125fc57ae8b08a301666550d/screenshot - {}
RESULT: {}
COMMAND: POST /session/b4821e91125fc57ae8b08a301666550d/element - {"using":"xpath","value":"(//span[contains(text(), \"Material\")])"}
RESULT: {"using":"xpath","value":"(//span[contains(text(), \"Material\")])"}
COMMAND: POST /session/b4821e91125fc57ae8b08a301666550d/element/f.0C7D383FA3E737A876F1AD61BD78151D.d.315EBBB8F27DE7362F75E44020D64FDA.e.6349/click - {}
RESULT: {}
COMMAND: GET /session/b4821e91125fc57ae8b08a301666550d/screenshot - {}
RESULT: {}
COMMAND: POST /session/b4821e91125fc57ae8b08a301666550d/element - {"using":"xpath","value":"//td[7]/div/div/input"}
RESULT: {"using":"xpath","value":"//td[7]/div/div/input"}
COMMAND: POST /session/b4821e91125fc57ae8b08a301666550d/element/f.0C7D383FA3E737A876F1AD61BD78151D.d.315EBBB8F27DE7362F75E44020D64FDA.e.6353/clear - {}
RESULT: {}
COMMAND: POST /session/b4821e91125fc57ae8b08a301666550d/element/f.0C7D383FA3E737A876F1AD61BD78151D.d.315EBBB8F27DE7362F75E44020D64FDA.e.6353/value - {"text":"200283"}
COMMAND: GET /session/b4821e91125fc57ae8b08a301666550d/screenshot - {}
RESULT: {"text":"200283"}
COMMAND: GET /session/b4821e91125fc57ae8b08a301666550d/screenshot - {}
RESULT: {}
RESULT: {}
COMMAND: POST /session/b4821e91125fc57ae8b08a301666550d/actions - {"actions":[{"id":"action22","type":"key","parameters":{},"actions":[{"type":"keyDown","value":"î€‡"},{"type":"pause","duration":10},{"type":"keyUp","value":"î€‡"}]}]}
RESULT: {"actions":[{"id":"action22","type":"key","parameters":{},"actions":[{"type":"keyDown","value":"î€‡"},{"type":"pause","duration":10},{"type":"keyUp","value":"î€‡"}]}]}
COMMAND: GET /session/b4821e91125fc57ae8b08a301666550d/screenshot - {}
RESULT: {}
COMMAND: POST /session/b4821e91125fc57ae8b08a301666550d/execute/sync - {"script":"<script> [276 bytes]","args":["No pricing information was found"]}
RESULT: {"script":"<script> [276 bytes]","args":["No pricing information was found"]}
COMMAND: POST /session/b4821e91125fc57ae8b08a301666550d/element - {"using":"xpath","value":"//bdi[contains(text(), \"OK\")]"}
COMMAND: GET /session/b4821e91125fc57ae8b08a301666550d/screenshot - {}
RESULT: {"using":"xpath","value":"//bdi[contains(text(), \"OK\")]"}
COMMAND: POST /session/b4821e91125fc57ae8b08a301666550d/element/f.0C7D383FA3E737A876F1AD61BD78151D.d.315EBBB8F27DE7362F75E44020D64FDA.e.6379/click - {}
RESULT: {}
RESULT: {}
COMMAND: GET /session/b4821e91125fc57ae8b08a301666550d/screenshot - {}
RESULT: {}
COMMAND: POST /session/b4821e91125fc57ae8b08a301666550d/element - {"using":"xpath","value":"(//button[@data-kt=\"saveButton\"])[2]"}
RESULT: {"using":"xpath","value":"(//button[@data-kt=\"saveButton\"])[2]"}
COMMAND: POST /session/b4821e91125fc57ae8b08a301666550d/element/f.0C7D383FA3E737A876F1AD61BD78151D.d.315EBBB8F27DE7362F75E44020D64FDA.e.6380/click - {}
RESULT: {}
COMMAND: GET /session/b4821e91125fc57ae8b08a301666550d/screenshot - {}
RESULT: {}
COMMAND: POST /session/b4821e91125fc57ae8b08a301666550d/execute/sync - {"script":"<script> [276 bytes]","args":["Some contract items are having rental validity exceeding header rental validity"]}
RESULT: {"script":"<script> [276 bytes]","args":["Some contract items are having rental validity exceeding header rental validity"]}
COMMAND: GET /session/b4821e91125fc57ae8b08a301666550d/screenshot - {}
RESULT: {}
COMMAND: POST /session/b4821e91125fc57ae8b08a301666550d/element - {"using":"xpath","value":"//span[contains(@id ,\"contractItemsSmartTable-header-inner\")]"}
RESULT: {"using":"xpath","value":"//span[contains(@id ,\"contractItemsSmartTable-header-inner\")]"}
COMMAND: POST /session/b4821e91125fc57ae8b08a301666550d/elements - {"using":"xpath","value":"//span[contains(@id ,\"contractItemsSmartTable-header-inner\")]"}
RESULT: {"using":"xpath","value":"//span[contains(@id ,\"contractItemsSmartTable-header-inner\")]"}
COMMAND: POST /session/b4821e91125fc57ae8b08a301666550d/execute/sync - {"script":"<script> [56 bytes]","args":[{"element-6066-11e4-a52e-4f735466cecf":"f.0C7D383FA3E737A876F1AD61BD78151D.d.315EBBB8F27DE7362F75E44020D64FDA.e.6384","ELEMENT":"f.0C7D383FA3E737A876F1AD61BD78151D.d.315EBBB8F27DE7362F75E44020D64FDA.e.6384"}]}
RESULT: {"script":"<script> [56 bytes]","args":[{"element-6066-11e4-a52e-4f735466cecf":"f.0C7D383FA3E737A876F1AD61BD78151D.d.315EBBB8F27DE7362F75E44020D64FDA.e.6384","ELEMENT":"f.0C7D383FA3E737A876F1AD61BD78151D.d.315EBBB8F27DE7362F75E44020D64FDA.e.6384"}]}
]]></system-out>
    </testcase>
    <testcase classname="chrome.136_0_7103_93.windows.Provide_to_Site_w/_warehouse_management_w_clarification" name="Should provide to site" time="35.132">
      <system-out><![CDATA[
COMMAND: GET /session/b4821e91125fc57ae8b08a301666550d/screenshot - {}
COMMAND: POST /session/b4821e91125fc57ae8b08a301666550d/element - {"using":"xpath","value":"//button[@data-kt=\"provideButton\"]"}
RESULT: {}
RESULT: {"using":"xpath","value":"//button[@data-kt=\"provideButton\"]"}
COMMAND: POST /session/b4821e91125fc57ae8b08a301666550d/element/f.0C7D383FA3E737A876F1AD61BD78151D.d.315EBBB8F27DE7362F75E44020D64FDA.e.6385/click - {}
RESULT: {}
COMMAND: GET /session/b4821e91125fc57ae8b08a301666550d/screenshot - {}
RESULT: undefined
COMMAND: POST /session/b4821e91125fc57ae8b08a301666550d/execute/async - {"script":"<script> [6424 bytes]","args":[{"element-6066-11e4-a52e-4f735466cecf":"f.0C7D383FA3E737A876F1AD61BD78151D.d.315EBBB8F27DE7362F75E44020D64FDA.e.5358"},"setValue",["05/19/25"]]}
RESULT: {}
COMMAND: POST /session/b4821e91125fc57ae8b08a301666550d/execute/async - {"script":"<script> [1562 bytes]","args":[{"selector":{"id":"application-managehandovers-display-component---AddNewHO--dueDate","interaction":{"idSuffix":"inner"}},"wdio_ui5_key":"applicationmanagehandovers-display-component---AddNewHO--dueDate"}]}
RESULT: {"script":"<script> [1562 bytes]","args":[{"selector":{"id":"application-managehandovers-display-component---AddNewHO--dueDate","interaction":{"idSuffix":"inner"}},"wdio_ui5_key":"applicationmanagehandovers-display-component---AddNewHO--dueDate"}]}
COMMAND: POST /session/b4821e91125fc57ae8b08a301666550d/execute/async - {"script":"<script> [6424 bytes]","args":[{"element-6066-11e4-a52e-4f735466cecf":"f.0C7D383FA3E737A876F1AD61BD78151D.d.315EBBB8F27DE7362F75E44020D64FDA.e.6442"},"setValue",["05/19/25"]]}
RESULT: {"script":"<script> [6424 bytes]","args":[{"element-6066-11e4-a52e-4f735466cecf":"f.0C7D383FA3E737A876F1AD61BD78151D.d.315EBBB8F27DE7362F75E44020D64FDA.e.6442"},"setValue",["05/19/25"]]}
COMMAND: POST /session/b4821e91125fc57ae8b08a301666550d/element - {"using":"xpath","value":"//bdi[contains(text(), \"Instructions\")]"}
RESULT: {"using":"xpath","value":"//bdi[contains(text(), \"Instructions\")]"}
COMMAND: POST /session/b4821e91125fc57ae8b08a301666550d/element/f.0C7D383FA3E737A876F1AD61BD78151D.d.315EBBB8F27DE7362F75E44020D64FDA.e.6694/click - {}
RESULT: {}
COMMAND: GET /session/b4821e91125fc57ae8b08a301666550d/screenshot - {}
RESULT: {}
COMMAND: POST /session/b4821e91125fc57ae8b08a301666550d/element - {"using":"xpath","value":"//button[@data-kt=\"AddNewHOProvideAddItemsButton\"]"}
RESULT: {"using":"xpath","value":"//button[@data-kt=\"AddNewHOProvideAddItemsButton\"]"}
COMMAND: POST /session/b4821e91125fc57ae8b08a301666550d/element/f.0C7D383FA3E737A876F1AD61BD78151D.d.315EBBB8F27DE7362F75E44020D64FDA.e.6698/click - {}
RESULT: {}
COMMAND: GET /session/b4821e91125fc57ae8b08a301666550d/screenshot - {}
RESULT: {}
RESULT: undefined
COMMAND: POST /session/b4821e91125fc57ae8b08a301666550d/element - {"using":"xpath","value":"//*[@id=\"application-managehandovers-display-component---AddNewHO--popup-sa\"]"}
RESULT: {"using":"xpath","value":"//*[@id=\"application-managehandovers-display-component---AddNewHO--popup-sa\"]"}
COMMAND: POST /session/b4821e91125fc57ae8b08a301666550d/element/f.0C7D383FA3E737A876F1AD61BD78151D.d.315EBBB8F27DE7362F75E44020D64FDA.e.6713/click - {}
RESULT: {}
COMMAND: GET /session/b4821e91125fc57ae8b08a301666550d/screenshot - {}
RESULT: {}
COMMAND: POST /session/b4821e91125fc57ae8b08a301666550d/element - {"using":"xpath","value":"//*[contains(@id ,\"BDI-content\")][contains(text(), \"Select\")]"}
RESULT: {"using":"xpath","value":"//*[contains(@id ,\"BDI-content\")][contains(text(), \"Select\")]"}
COMMAND: POST /session/b4821e91125fc57ae8b08a301666550d/element/f.0C7D383FA3E737A876F1AD61BD78151D.d.315EBBB8F27DE7362F75E44020D64FDA.e.6714/click - {}
RESULT: {}
COMMAND: GET /session/b4821e91125fc57ae8b08a301666550d/screenshot - {}
RESULT: {}
COMMAND: POST /session/b4821e91125fc57ae8b08a301666550d/element - {"using":"xpath","value":"//bdi[(text() = 'Save' or . = 'Save')]"}
RESULT: {"using":"xpath","value":"//bdi[(text() = 'Save' or . = 'Save')]"}
COMMAND: POST /session/b4821e91125fc57ae8b08a301666550d/element/f.0C7D383FA3E737A876F1AD61BD78151D.d.315EBBB8F27DE7362F75E44020D64FDA.e.6717/click - {}
RESULT: {}
COMMAND: GET /session/b4821e91125fc57ae8b08a301666550d/screenshot - {}
RESULT: {}
]]></system-out>
    </testcase>
    <testcase classname="chrome.136_0_7103_93.windows.Provide_to_Site_w/_warehouse_management_w_clarification" name="Should test for Handover Execution" time="141.463">
      <system-out><![CDATA[
COMMAND: POST /session/b4821e91125fc57ae8b08a301666550d/execute/async - {"script":"<script> [1562 bytes]","args":[{"selector":{"controlType":"sap.m.Link","viewName":"etm.portal.ui.managehandovers.view.DetailExecuteHO","bindingPath":{"path":"","propertyPath":"/wmDoc","modelName":"warehouseMovModel"}},"wdio_ui5_key":"etmportal.ui.managehandovers.view.DetailExecuteHOsap.m.Link{\"path\":\"\",\"propertyPath\":\"/wmDoc\",\"modelName\":\"warehouseMovModel\"}"}]}
RESULT: {"script":"<script> [1562 bytes]","args":[{"selector":{"controlType":"sap.m.Link","viewName":"etm.portal.ui.managehandovers.view.DetailExecuteHO","bindingPath":{"path":"","propertyPath":"/wmDoc","modelName":"warehouseMovModel"}},"wdio_ui5_key":"etmportal.ui.managehandovers.view.DetailExecuteHOsap.m.Link{\"path\":\"\",\"propertyPath\":\"/wmDoc\",\"modelName\":\"warehouseMovModel\"}"}]}
RESULT: undefined
COMMAND: POST /session/b4821e91125fc57ae8b08a301666550d/element - {"using":"xpath","value":"//*[@id=\"__link81\"]"}
RESULT: {"using":"xpath","value":"//*[@id=\"__link81\"]"}
COMMAND: POST /session/b4821e91125fc57ae8b08a301666550d/element/f.0C7D383FA3E737A876F1AD61BD78151D.d.315EBBB8F27DE7362F75E44020D64FDA.e.6750/click - {}
RESULT: {}
COMMAND: GET /session/b4821e91125fc57ae8b08a301666550d/screenshot - {}
RESULT: {}
COMMAND: POST /session/b4821e91125fc57ae8b08a301666550d/execute/async - {"script":"<script> [1562 bytes]","args":[{"selector":{"controlType":"sap.m.Link","viewName":"etm.portal.ui.managehandovers.view.DetailExecuteHO","properties":{"text":"Warehouse Overview"},"searchOpenDialogs":true},"wdio_ui5_key":"etmportal.ui.managehandovers.view.DetailExecuteHOsap.m.Link{\"text\":\"Warehouse Overview\"}"}]}
RESULT: {"script":"<script> [1562 bytes]","args":[{"selector":{"controlType":"sap.m.Link","viewName":"etm.portal.ui.managehandovers.view.DetailExecuteHO","properties":{"text":"Warehouse Overview"},"searchOpenDialogs":true},"wdio_ui5_key":"etmportal.ui.managehandovers.view.DetailExecuteHOsap.m.Link{\"text\":\"Warehouse Overview\"}"}]}
RESULT: undefined
COMMAND: POST /session/b4821e91125fc57ae8b08a301666550d/element - {"using":"xpath","value":"//*[@id=\"__link96\"]"}
RESULT: {"using":"xpath","value":"//*[@id=\"__link96\"]"}
COMMAND: POST /session/b4821e91125fc57ae8b08a301666550d/element/f.0C7D383FA3E737A876F1AD61BD78151D.d.315EBBB8F27DE7362F75E44020D64FDA.e.6754/click - {}
RESULT: {}
COMMAND: GET /session/b4821e91125fc57ae8b08a301666550d/screenshot - {}
RESULT: {}
COMMAND: POST /session/b4821e91125fc57ae8b08a301666550d/execute/async - {"script":"<script> [1562 bytes]","args":[{"selector":{"controlType":"sap.m.Button","viewName":"etm.portal.ui.warehousemovements.view.DisplayMovement","viewId":"application-warehousemovements-display-component---displayMovement","i18NText":{"propertyName":"text","key":"execution"},"interaction":{"idSuffix":"BDI-content"}},"wdio_ui5_key":"etmportal.ui.warehousemovements.view.DisplayMovementsap.m.Button{\"propertyName\":\"text\",\"key\":\"execution\"}"}]}
RESULT: {"script":"<script> [1562 bytes]","args":[{"selector":{"controlType":"sap.m.Button","viewName":"etm.portal.ui.warehousemovements.view.DisplayMovement","viewId":"application-warehousemovements-display-component---displayMovement","i18NText":{"propertyName":"text","key":"execution"},"interaction":{"idSuffix":"BDI-content"}},"wdio_ui5_key":"etmportal.ui.warehousemovements.view.DisplayMovementsap.m.Button{\"propertyName\":\"text\",\"key\":\"execution\"}"}]}
RESULT: undefined
COMMAND: POST /session/b4821e91125fc57ae8b08a301666550d/element - {"using":"xpath","value":"//*[@id=\"__button219\"]"}
RESULT: {"using":"xpath","value":"//*[@id=\"__button219\"]"}
COMMAND: POST /session/b4821e91125fc57ae8b08a301666550d/element/f.0C7D383FA3E737A876F1AD61BD78151D.d.315EBBB8F27DE7362F75E44020D64FDA.e.6932/click - {}
RESULT: {}
COMMAND: GET /session/b4821e91125fc57ae8b08a301666550d/screenshot - {}
RESULT: {}
COMMAND: POST /session/b4821e91125fc57ae8b08a301666550d/execute/async - {"script":"<script> [1562 bytes]","args":[{"selector":{"controlType":"sap.m.Button","viewName":"etm.portal.ui.warehousemovements.view.ExecuteMovement","viewId":"application-warehousemovements-display-component---executeMovement","properties":{"text":"Items"},"interaction":{"idSuffix":"BDI-content"}},"wdio_ui5_key":"etmportal.ui.warehousemovements.view.ExecuteMovementsap.m.Button{\"text\":\"Items\"}"}]}
RESULT: {"script":"<script> [1562 bytes]","args":[{"selector":{"controlType":"sap.m.Button","viewName":"etm.portal.ui.warehousemovements.view.ExecuteMovement","viewId":"application-warehousemovements-display-component---executeMovement","properties":{"text":"Items"},"interaction":{"idSuffix":"BDI-content"}},"wdio_ui5_key":"etmportal.ui.warehousemovements.view.ExecuteMovementsap.m.Button{\"text\":\"Items\"}"}]}
RESULT: undefined
COMMAND: POST /session/b4821e91125fc57ae8b08a301666550d/element - {"using":"xpath","value":"//*[@id=\"__layout353-anchBar-application-warehousemovements-display-component---executeMovement--itemsSection-anchor\"]"}
RESULT: {"using":"xpath","value":"//*[@id=\"__layout353-anchBar-application-warehousemovements-display-component---executeMovement--itemsSection-anchor\"]"}
COMMAND: POST /session/b4821e91125fc57ae8b08a301666550d/element/f.0C7D383FA3E737A876F1AD61BD78151D.d.315EBBB8F27DE7362F75E44020D64FDA.e.7029/click - {}
RESULT: {}
COMMAND: GET /session/b4821e91125fc57ae8b08a301666550d/screenshot - {}
RESULT: {}
COMMAND: POST /session/b4821e91125fc57ae8b08a301666550d/execute/async - {"script":"<script> [1562 bytes]","args":[{"selector":{"controlType":"sap.m.ToggleButton","viewName":"etm.portal.ui.warehousemovements.view.ExecuteMovement","viewId":"application-warehousemovements-display-component---executeMovement","bindingPath":{"propertyPath":"STATUS","modelName":"catalogModel"},"interaction":{"idSuffix":"BDI-content"}},"wdio_ui5_key":"etmportal.ui.warehousemovements.view.ExecuteMovementsap.m.ToggleButton{\"propertyPath\":\"STATUS\",\"modelName\":\"catalogModel\"}"}]}
RESULT: {"script":"<script> [1562 bytes]","args":[{"selector":{"controlType":"sap.m.ToggleButton","viewName":"etm.portal.ui.warehousemovements.view.ExecuteMovement","viewId":"application-warehousemovements-display-component---executeMovement","bindingPath":{"propertyPath":"STATUS","modelName":"catalogModel"},"interaction":{"idSuffix":"BDI-content"}},"wdio_ui5_key":"etmportal.ui.warehousemovements.view.ExecuteMovementsap.m.ToggleButton{\"propertyPath\":\"STATUS\",\"modelName\":\"catalogModel\"}"}]}
RESULT: undefined
COMMAND: POST /session/b4821e91125fc57ae8b08a301666550d/element - {"using":"xpath","value":"//*[@id=\"__button242-__clone3321\"]"}
RESULT: {"using":"xpath","value":"//*[@id=\"__button242-__clone3321\"]"}
COMMAND: POST /session/b4821e91125fc57ae8b08a301666550d/element/f.0C7D383FA3E737A876F1AD61BD78151D.d.315EBBB8F27DE7362F75E44020D64FDA.e.7001/click - {}
RESULT: {}
RESULT: undefined
COMMAND: POST /session/b4821e91125fc57ae8b08a301666550d/element - {"using":"xpath","value":"//*[@id=\"__button242-__clone3321\"]"}
COMMAND: GET /session/b4821e91125fc57ae8b08a301666550d/screenshot - {}
RESULT: {"using":"xpath","value":"//*[@id=\"__button242-__clone3321\"]"}
COMMAND: POST /session/b4821e91125fc57ae8b08a301666550d/element/f.0C7D383FA3E737A876F1AD61BD78151D.d.315EBBB8F27DE7362F75E44020D64FDA.e.7001/click - {}
RESULT: {}
RESULT: {}
COMMAND: GET /session/b4821e91125fc57ae8b08a301666550d/screenshot - {}
RESULT: {}
COMMAND: POST /session/b4821e91125fc57ae8b08a301666550d/element - {"using":"xpath","value":"//section[contains(@id,\"FC-NoHead\")]/div[1]/div[5]/div[2]/span"}
RESULT: {"using":"xpath","value":"//section[contains(@id,\"FC-NoHead\")]/div[1]/div[5]/div[2]/span"}
COMMAND: POST /session/b4821e91125fc57ae8b08a301666550d/elements - {"using":"xpath","value":"//section[contains(@id,\"FC-NoHead\")]/div[1]/div[5]/div[2]/span"}
RESULT: {"using":"xpath","value":"//section[contains(@id,\"FC-NoHead\")]/div[1]/div[5]/div[2]/span"}
COMMAND: POST /session/b4821e91125fc57ae8b08a301666550d/execute/sync - {"script":"<script> [56 bytes]","args":[{"element-6066-11e4-a52e-4f735466cecf":"f.0C7D383FA3E737A876F1AD61BD78151D.d.315EBBB8F27DE7362F75E44020D64FDA.e.7036","ELEMENT":"f.0C7D383FA3E737A876F1AD61BD78151D.d.315EBBB8F27DE7362F75E44020D64FDA.e.7036"}]}
RESULT: {"script":"<script> [56 bytes]","args":[{"element-6066-11e4-a52e-4f735466cecf":"f.0C7D383FA3E737A876F1AD61BD78151D.d.315EBBB8F27DE7362F75E44020D64FDA.e.7036","ELEMENT":"f.0C7D383FA3E737A876F1AD61BD78151D.d.315EBBB8F27DE7362F75E44020D64FDA.e.7036"}]}
COMMAND: POST /session/b4821e91125fc57ae8b08a301666550d/actions - {"actions":[{"id":"action23","type":"key","parameters":{},"actions":[{"type":"keyDown","value":"î€‡"},{"type":"pause","duration":10},{"type":"keyUp","value":"î€‡"}]}]}
COMMAND: GET /session/b4821e91125fc57ae8b08a301666550d/screenshot - {}
RESULT: {"actions":[{"id":"action23","type":"key","parameters":{},"actions":[{"type":"keyDown","value":"î€‡"},{"type":"pause","duration":10},{"type":"keyUp","value":"î€‡"}]}]}
COMMAND: POST /session/b4821e91125fc57ae8b08a301666550d/execute/async - {"script":"<script> [1562 bytes]","args":[{"selector":{"id":"application-warehousemovements-display-component---executeMovement--executeId","interaction":{"idSuffix":"BDI-content"}},"wdio_ui5_key":"applicationwarehousemovements-display-component---executeMovement--executeId"}]}
COMMAND: GET /session/b4821e91125fc57ae8b08a301666550d/screenshot - {}
RESULT: {}
RESULT: {"script":"<script> [1562 bytes]","args":[{"selector":{"id":"application-warehousemovements-display-component---executeMovement--executeId","interaction":{"idSuffix":"BDI-content"}},"wdio_ui5_key":"applicationwarehousemovements-display-component---executeMovement--executeId"}]}
RESULT: undefined
COMMAND: POST /session/b4821e91125fc57ae8b08a301666550d/element - {"using":"xpath","value":"//*[@id=\"application-warehousemovements-display-component---executeMovement--executeId\"]"}
RESULT: {}
RESULT: {"using":"xpath","value":"//*[@id=\"application-warehousemovements-display-component---executeMovement--executeId\"]"}
COMMAND: POST /session/b4821e91125fc57ae8b08a301666550d/element/f.0C7D383FA3E737A876F1AD61BD78151D.d.315EBBB8F27DE7362F75E44020D64FDA.e.6995/click - {}
RESULT: {}
COMMAND: GET /session/b4821e91125fc57ae8b08a301666550d/screenshot - {}
RESULT: {}
COMMAND: POST /session/b4821e91125fc57ae8b08a301666550d/element - {"using":"css selector","value":"#shell-header-logo"}
RESULT: {"using":"css selector","value":"#shell-header-logo"}
COMMAND: POST /session/b4821e91125fc57ae8b08a301666550d/element/f.0C7D383FA3E737A876F1AD61BD78151D.d.315EBBB8F27DE7362F75E44020D64FDA.e.5761/click - {}
RESULT: {}
COMMAND: GET /session/b4821e91125fc57ae8b08a301666550d/screenshot - {}
RESULT: {}
RESULT: undefined
COMMAND: POST /session/b4821e91125fc57ae8b08a301666550d/element - {"using":"xpath","value":"//*[@id=\"__tile132\"]"}
RESULT: {"using":"xpath","value":"//*[@id=\"__tile132\"]"}
COMMAND: POST /session/b4821e91125fc57ae8b08a301666550d/element/f.0C7D383FA3E737A876F1AD61BD78151D.d.315EBBB8F27DE7362F75E44020D64FDA.e.4340/click - {}
RESULT: {}
COMMAND: GET /session/b4821e91125fc57ae8b08a301666550d/screenshot - {}
COMMAND: POST /session/b4821e91125fc57ae8b08a301666550d/elements - {"using":"xpath","value":"//span[text()='Error']"}
RESULT: {}
RESULT: {"using":"xpath","value":"//span[text()='Error']"}
COMMAND: POST /session/b4821e91125fc57ae8b08a301666550d/execute/async - {"script":"<script> [1562 bytes]","args":[{"selector":{"controlType":"sap.m.SearchField","viewName":"etm.portal.ui.managehandovers.view.MasterHO","bindingPath":{"propertyPath":"/_BASIC_SEARCH_FIELD","modelName":"fi1t3rM0d31"},"interaction":{"idSuffix":"I"}},"wdio_ui5_key":"etmportal.ui.managehandovers.view.MasterHOsap.m.SearchField{\"propertyPath\":\"/_BASIC_SEARCH_FIELD\",\"modelName\":\"fi1t3rM0d31\"}"}]}
RESULT: {"script":"<script> [1562 bytes]","args":[{"selector":{"controlType":"sap.m.SearchField","viewName":"etm.portal.ui.managehandovers.view.MasterHO","bindingPath":{"propertyPath":"/_BASIC_SEARCH_FIELD","modelName":"fi1t3rM0d31"},"interaction":{"idSuffix":"I"}},"wdio_ui5_key":"etmportal.ui.managehandovers.view.MasterHOsap.m.SearchField{\"propertyPath\":\"/_BASIC_SEARCH_FIELD\",\"modelName\":\"fi1t3rM0d31\"}"}]}
RESULT: undefined
COMMAND: POST /session/b4821e91125fc57ae8b08a301666550d/execute/async - {"script":"<script> [776 bytes]","args":[{"enterText":"30715","selector":{"controlType":"sap.m.SearchField","viewName":"etm.portal.ui.managehandovers.view.MasterHO","bindingPath":{"propertyPath":"/_BASIC_SEARCH_FIELD","modelName":"fi1t3rM0d31"},"interaction":{"idSuffix":"I"}},"clearTextFirst":true,"interactionType":"ENTER_TEXT"}]}
RESULT: {"script":"<script> [776 bytes]","args":[{"enterText":"30715","selector":{"controlType":"sap.m.SearchField","viewName":"etm.portal.ui.managehandovers.view.MasterHO","bindingPath":{"propertyPath":"/_BASIC_SEARCH_FIELD","modelName":"fi1t3rM0d31"},"interaction":{"idSuffix":"I"}},"clearTextFirst":true,"interactionType":"ENTER_TEXT"}]}
COMMAND: POST /session/b4821e91125fc57ae8b08a301666550d/actions - {"actions":[{"id":"action24","type":"key","parameters":{},"actions":[{"type":"keyDown","value":"î€‡"},{"type":"pause","duration":10},{"type":"keyUp","value":"î€‡"}]}]}
RESULT: {"actions":[{"id":"action24","type":"key","parameters":{},"actions":[{"type":"keyDown","value":"î€‡"},{"type":"pause","duration":10},{"type":"keyUp","value":"î€‡"}]}]}
COMMAND: GET /session/b4821e91125fc57ae8b08a301666550d/screenshot - {}
RESULT: {}
COMMAND: POST /session/b4821e91125fc57ae8b08a301666550d/execute/async - {"script":"<script> [1562 bytes]","args":[{"selector":{"controlType":"sap.ui.core.Icon","viewName":"etm.portal.ui.managehandovers.view.MasterHO","properties":{"src":{"regex":{"source":"slim\\-arrow\\-right"}}}},"wdio_ui5_key":"etmportal.ui.managehandovers.view.MasterHOsap.ui.core.Icon{\"src\":{\"regex\":{\"source\":\"slim\\\\-arrow\\\\-right\"}}}"}]}
RESULT: {"script":"<script> [1562 bytes]","args":[{"selector":{"controlType":"sap.ui.core.Icon","viewName":"etm.portal.ui.managehandovers.view.MasterHO","properties":{"src":{"regex":{"source":"slim\\-arrow\\-right"}}}},"wdio_ui5_key":"etmportal.ui.managehandovers.view.MasterHOsap.ui.core.Icon{\"src\":{\"regex\":{\"source\":\"slim\\\\-arrow\\\\-right\"}}}"}]}
RESULT: undefined
COMMAND: POST /session/b4821e91125fc57ae8b08a301666550d/element - {"using":"xpath","value":"//*[@id=\"__item1778-__clone3400-imgNav\"]"}
RESULT: {"using":"xpath","value":"//*[@id=\"__item1778-__clone3400-imgNav\"]"}
COMMAND: POST /session/b4821e91125fc57ae8b08a301666550d/element/f.0C7D383FA3E737A876F1AD61BD78151D.d.315EBBB8F27DE7362F75E44020D64FDA.e.7428/click - {}
RESULT: {}
COMMAND: GET /session/b4821e91125fc57ae8b08a301666550d/screenshot - {}
RESULT: {}
COMMAND: POST /session/b4821e91125fc57ae8b08a301666550d/execute/async - {"script":"<script> [1562 bytes]","args":[{"selector":{"controlType":"sap.m.Button","viewName":"etm.portal.ui.managehandovers.view.DetailExecuteHO","i18NText":{"propertyName":"text","key":"confirmAll"},"interaction":{"idSuffix":"BDI-content"}},"wdio_ui5_key":"etmportal.ui.managehandovers.view.DetailExecuteHOsap.m.Button{\"propertyName\":\"text\",\"key\":\"confirmAll\"}"}]}
RESULT: {"script":"<script> [1562 bytes]","args":[{"selector":{"controlType":"sap.m.Button","viewName":"etm.portal.ui.managehandovers.view.DetailExecuteHO","i18NText":{"propertyName":"text","key":"confirmAll"},"interaction":{"idSuffix":"BDI-content"}},"wdio_ui5_key":"etmportal.ui.managehandovers.view.DetailExecuteHOsap.m.Button{\"propertyName\":\"text\",\"key\":\"confirmAll\"}"}]}
RESULT: undefined
COMMAND: POST /session/b4821e91125fc57ae8b08a301666550d/element - {"using":"xpath","value":"//*[@id=\"__button280\"]"}
RESULT: {"using":"xpath","value":"//*[@id=\"__button280\"]"}
COMMAND: POST /session/b4821e91125fc57ae8b08a301666550d/element/f.0C7D383FA3E737A876F1AD61BD78151D.d.315EBBB8F27DE7362F75E44020D64FDA.e.7515/click - {}
RESULT: {}
COMMAND: GET /session/b4821e91125fc57ae8b08a301666550d/screenshot - {}
RESULT: {}
COMMAND: POST /session/b4821e91125fc57ae8b08a301666550d/actions - {"actions":[{"id":"action25","type":"key","parameters":{},"actions":[{"type":"keyDown","value":"î€‡"},{"type":"pause","duration":10},{"type":"keyUp","value":"î€‡"}]}]}
RESULT: {"actions":[{"id":"action25","type":"key","parameters":{},"actions":[{"type":"keyDown","value":"î€‡"},{"type":"pause","duration":10},{"type":"keyUp","value":"î€‡"}]}]}
COMMAND: GET /session/b4821e91125fc57ae8b08a301666550d/screenshot - {}
RESULT: {}
COMMAND: POST /session/b4821e91125fc57ae8b08a301666550d/element - {"using":"xpath","value":"//button[@data-kt=\"execHoIssueButton\"]"}
RESULT: {"using":"xpath","value":"//button[@data-kt=\"execHoIssueButton\"]"}
COMMAND: POST /session/b4821e91125fc57ae8b08a301666550d/element/f.0C7D383FA3E737A876F1AD61BD78151D.d.315EBBB8F27DE7362F75E44020D64FDA.e.7519/click - {}
RESULT: {}
COMMAND: GET /session/b4821e91125fc57ae8b08a301666550d/screenshot - {}
RESULT: {}
RESULT: undefined
COMMAND: POST /session/b4821e91125fc57ae8b08a301666550d/execute/async - {"script":"<script> [776 bytes]","args":[{"enterText":"30715","selector":{"controlType":"sap.m.SearchField","viewName":"etm.portal.ui.managehandovers.view.MasterHO","bindingPath":{"propertyPath":"/_BASIC_SEARCH_FIELD","modelName":"fi1t3rM0d31"},"interaction":{"idSuffix":"I"}},"clearTextFirst":true,"interactionType":"ENTER_TEXT"}]}
RESULT: {"script":"<script> [776 bytes]","args":[{"enterText":"30715","selector":{"controlType":"sap.m.SearchField","viewName":"etm.portal.ui.managehandovers.view.MasterHO","bindingPath":{"propertyPath":"/_BASIC_SEARCH_FIELD","modelName":"fi1t3rM0d31"},"interaction":{"idSuffix":"I"}},"clearTextFirst":true,"interactionType":"ENTER_TEXT"}]}
COMMAND: POST /session/b4821e91125fc57ae8b08a301666550d/actions - {"actions":[{"id":"action26","type":"key","parameters":{},"actions":[{"type":"keyDown","value":"î€‡"},{"type":"pause","duration":10},{"type":"keyUp","value":"î€‡"}]}]}
RESULT: {"actions":[{"id":"action26","type":"key","parameters":{},"actions":[{"type":"keyDown","value":"î€‡"},{"type":"pause","duration":10},{"type":"keyUp","value":"î€‡"}]}]}
COMMAND: GET /session/b4821e91125fc57ae8b08a301666550d/screenshot - {}
RESULT: {}
COMMAND: POST /session/b4821e91125fc57ae8b08a301666550d/element - {"using":"xpath","value":"//span[(text() = '30715' or . = '30715')]"}
RESULT: {"using":"xpath","value":"//span[(text() = '30715' or . = '30715')]"}
COMMAND: POST /session/b4821e91125fc57ae8b08a301666550d/element/f.0C7D383FA3E737A876F1AD61BD78151D.d.315EBBB8F27DE7362F75E44020D64FDA.e.7564/click - {}
RESULT: {}
COMMAND: GET /session/b4821e91125fc57ae8b08a301666550d/screenshot - {}
RESULT: {}
COMMAND: POST /session/b4821e91125fc57ae8b08a301666550d/element - {"using":"xpath","value":"//span[contains(text(), \"Instructions\")]"}
RESULT: {"using":"xpath","value":"//span[contains(text(), \"Instructions\")]"}
COMMAND: POST /session/b4821e91125fc57ae8b08a301666550d/element/f.0C7D383FA3E737A876F1AD61BD78151D.d.315EBBB8F27DE7362F75E44020D64FDA.e.7604/click - {}
RESULT: {}
COMMAND: GET /session/b4821e91125fc57ae8b08a301666550d/screenshot - {}
RESULT: {}
COMMAND: POST /session/b4821e91125fc57ae8b08a301666550d/element - {"using":"xpath","value":"//span[contains(text(), \"Instructions\")]"}
RESULT: {"using":"xpath","value":"//span[contains(text(), \"Instructions\")]"}
COMMAND: POST /session/b4821e91125fc57ae8b08a301666550d/element/f.0C7D383FA3E737A876F1AD61BD78151D.d.315EBBB8F27DE7362F75E44020D64FDA.e.7604/click - {}
RESULT: {}
COMMAND: GET /session/b4821e91125fc57ae8b08a301666550d/screenshot - {}
RESULT: {}
COMMAND: POST /session/b4821e91125fc57ae8b08a301666550d/execute/async - {"script":"<script> [1562 bytes]","args":[{"selector":{"controlType":"sap.m.ComboBox","viewName":"etm.portal.ui.managehandovers.view.DetailExecuteHO","bindingPath":{"propertyPath":"RECEIVING_SECTION","modelName":"catalogModel"},"interaction":{"idSuffix":"inner"}},"wdio_ui5_key":"etmportal.ui.managehandovers.view.DetailExecuteHOsap.m.ComboBox{\"propertyPath\":\"RECEIVING_SECTION\",\"modelName\":\"catalogModel\"}"}]}
RESULT: {"script":"<script> [1562 bytes]","args":[{"selector":{"controlType":"sap.m.ComboBox","viewName":"etm.portal.ui.managehandovers.view.DetailExecuteHO","bindingPath":{"propertyPath":"RECEIVING_SECTION","modelName":"catalogModel"},"interaction":{"idSuffix":"inner"}},"wdio_ui5_key":"etmportal.ui.managehandovers.view.DetailExecuteHOsap.m.ComboBox{\"propertyPath\":\"RECEIVING_SECTION\",\"modelName\":\"catalogModel\"}"}]}
RESULT: undefined
COMMAND: POST /session/b4821e91125fc57ae8b08a301666550d/execute/async - {"script":"<script> [776 bytes]","args":[{"enterText":"WDIO-2267","selector":{"controlType":"sap.m.ComboBox","viewName":"etm.portal.ui.managehandovers.view.DetailExecuteHO","bindingPath":{"propertyPath":"RECEIVING_SECTION","modelName":"catalogModel"},"interaction":{"idSuffix":"inner"}},"clearTextFirst":true,"interactionType":"ENTER_TEXT"}]}
RESULT: {"script":"<script> [776 bytes]","args":[{"enterText":"WDIO-2267","selector":{"controlType":"sap.m.ComboBox","viewName":"etm.portal.ui.managehandovers.view.DetailExecuteHO","bindingPath":{"propertyPath":"RECEIVING_SECTION","modelName":"catalogModel"},"interaction":{"idSuffix":"inner"}},"clearTextFirst":true,"interactionType":"ENTER_TEXT"}]}
COMMAND: POST /session/b4821e91125fc57ae8b08a301666550d/actions - {"actions":[{"id":"action27","type":"key","parameters":{},"actions":[{"type":"keyDown","value":"î€‡"},{"type":"pause","duration":10},{"type":"keyUp","value":"î€‡"}]}]}
RESULT: {"actions":[{"id":"action27","type":"key","parameters":{},"actions":[{"type":"keyDown","value":"î€‡"},{"type":"pause","duration":10},{"type":"keyUp","value":"î€‡"}]}]}
COMMAND: GET /session/b4821e91125fc57ae8b08a301666550d/screenshot - {}
RESULT: {}
COMMAND: POST /session/b4821e91125fc57ae8b08a301666550d/element - {"using":"xpath","value":"//button[@data-kt= \"execHoReceiveButton\"]"}
RESULT: {"using":"xpath","value":"//button[@data-kt= \"execHoReceiveButton\"]"}
COMMAND: POST /session/b4821e91125fc57ae8b08a301666550d/element/f.0C7D383FA3E737A876F1AD61BD78151D.d.315EBBB8F27DE7362F75E44020D64FDA.e.7609/click - {}
RESULT: {}
COMMAND: GET /session/b4821e91125fc57ae8b08a301666550d/screenshot - {}
RESULT: {}
COMMAND: POST /session/b4821e91125fc57ae8b08a301666550d/execute/async - {"script":"<script> [1562 bytes]","args":[{"selector":{"controlType":"sap.m.Button","properties":{"text":"Continue"},"searchOpenDialogs":true,"interaction":{"idSuffix":"content"}},"wdio_ui5_key":"sapm.Button{\"text\":\"Continue\"}"}]}
RESULT: {"script":"<script> [1562 bytes]","args":[{"selector":{"controlType":"sap.m.Button","properties":{"text":"Continue"},"searchOpenDialogs":true,"interaction":{"idSuffix":"content"}},"wdio_ui5_key":"sapm.Button{\"text\":\"Continue\"}"}]}
RESULT: undefined
COMMAND: POST /session/b4821e91125fc57ae8b08a301666550d/element - {"using":"xpath","value":"//*[@id=\"__mbox-btn-6\"]"}
RESULT: {"using":"xpath","value":"//*[@id=\"__mbox-btn-6\"]"}
COMMAND: POST /session/b4821e91125fc57ae8b08a301666550d/element/f.0C7D383FA3E737A876F1AD61BD78151D.d.315EBBB8F27DE7362F75E44020D64FDA.e.7610/click - {}
RESULT: {}
COMMAND: GET /session/b4821e91125fc57ae8b08a301666550d/screenshot - {}
RESULT: {}
COMMAND: POST /session/b4821e91125fc57ae8b08a301666550d/element - {"using":"css selector","value":"#shell-header-logo"}
RESULT: {"using":"css selector","value":"#shell-header-logo"}
COMMAND: POST /session/b4821e91125fc57ae8b08a301666550d/element/f.0C7D383FA3E737A876F1AD61BD78151D.d.315EBBB8F27DE7362F75E44020D64FDA.e.7119/click - {}
RESULT: {}
COMMAND: GET /session/b4821e91125fc57ae8b08a301666550d/screenshot - {}
RESULT: {}
]]></system-out>
    </testcase>
    <testcase classname="chrome.136_0_7103_93.windows.Provide_to_Site_w/_warehouse_management_w_clarification" name="Should test for Clarification" time="61.277">
      <system-out><![CDATA[
RESULT: undefined
COMMAND: POST /session/b4821e91125fc57ae8b08a301666550d/element - {"using":"xpath","value":"//*[@id=\"__tile132\"]"}
RESULT: {"using":"xpath","value":"//*[@id=\"__tile132\"]"}
COMMAND: POST /session/b4821e91125fc57ae8b08a301666550d/element/f.0C7D383FA3E737A876F1AD61BD78151D.d.315EBBB8F27DE7362F75E44020D64FDA.e.4340/click - {}
RESULT: {}
COMMAND: GET /session/b4821e91125fc57ae8b08a301666550d/screenshot - {}
RESULT: {}
COMMAND: POST /session/b4821e91125fc57ae8b08a301666550d/elements - {"using":"xpath","value":"//span[text()='Error']"}
RESULT: {"using":"xpath","value":"//span[text()='Error']"}
RESULT: undefined
COMMAND: POST /session/b4821e91125fc57ae8b08a301666550d/execute/async - {"script":"<script> [776 bytes]","args":[{"enterText":"30715","selector":{"controlType":"sap.m.SearchField","viewName":"etm.portal.ui.managehandovers.view.MasterHO","bindingPath":{"propertyPath":"/_BASIC_SEARCH_FIELD","modelName":"fi1t3rM0d31"},"interaction":{"idSuffix":"I"}},"clearTextFirst":true,"interactionType":"ENTER_TEXT"}]}
RESULT: {"script":"<script> [776 bytes]","args":[{"enterText":"30715","selector":{"controlType":"sap.m.SearchField","viewName":"etm.portal.ui.managehandovers.view.MasterHO","bindingPath":{"propertyPath":"/_BASIC_SEARCH_FIELD","modelName":"fi1t3rM0d31"},"interaction":{"idSuffix":"I"}},"clearTextFirst":true,"interactionType":"ENTER_TEXT"}]}
COMMAND: POST /session/b4821e91125fc57ae8b08a301666550d/actions - {"actions":[{"id":"action28","type":"key","parameters":{},"actions":[{"type":"keyDown","value":"î€‡"},{"type":"pause","duration":10},{"type":"keyUp","value":"î€‡"}]}]}
RESULT: {"actions":[{"id":"action28","type":"key","parameters":{},"actions":[{"type":"keyDown","value":"î€‡"},{"type":"pause","duration":10},{"type":"keyUp","value":"î€‡"}]}]}
COMMAND: GET /session/b4821e91125fc57ae8b08a301666550d/screenshot - {}
RESULT: {}
COMMAND: POST /session/b4821e91125fc57ae8b08a301666550d/element - {"using":"xpath","value":"//span[(text() = '30715' or . = '30715')]"}
RESULT: {"using":"xpath","value":"//span[(text() = '30715' or . = '30715')]"}
COMMAND: POST /session/b4821e91125fc57ae8b08a301666550d/element/f.0C7D383FA3E737A876F1AD61BD78151D.d.315EBBB8F27DE7362F75E44020D64FDA.e.7785/click - {}
RESULT: {}
COMMAND: GET /session/b4821e91125fc57ae8b08a301666550d/screenshot - {}
RESULT: {}
COMMAND: POST /session/b4821e91125fc57ae8b08a301666550d/element - {"using":"xpath","value":"//span[contains(text(), \"Instructions\")]"}
RESULT: {"using":"xpath","value":"//span[contains(text(), \"Instructions\")]"}
COMMAND: POST /session/b4821e91125fc57ae8b08a301666550d/element/f.0C7D383FA3E737A876F1AD61BD78151D.d.315EBBB8F27DE7362F75E44020D64FDA.e.7872/click - {}
RESULT: {}
COMMAND: GET /session/b4821e91125fc57ae8b08a301666550d/screenshot - {}
RESULT: {}
COMMAND: POST /session/b4821e91125fc57ae8b08a301666550d/element - {"using":"xpath","value":"//span[contains(text(), \"Instructions\")]"}
RESULT: {"using":"xpath","value":"//span[contains(text(), \"Instructions\")]"}
COMMAND: POST /session/b4821e91125fc57ae8b08a301666550d/element/f.0C7D383FA3E737A876F1AD61BD78151D.d.315EBBB8F27DE7362F75E44020D64FDA.e.7872/click - {}
RESULT: {}
COMMAND: GET /session/b4821e91125fc57ae8b08a301666550d/screenshot - {}
RESULT: {}
COMMAND: POST /session/b4821e91125fc57ae8b08a301666550d/element - {"using":"xpath","value":"//button[.//bdi[text() = \"Refuse\"]]"}
RESULT: {"using":"xpath","value":"//button[.//bdi[text() = \"Refuse\"]]"}
COMMAND: POST /session/b4821e91125fc57ae8b08a301666550d/element/f.0C7D383FA3E737A876F1AD61BD78151D.d.315EBBB8F27DE7362F75E44020D64FDA.e.7877/click - {}
RESULT: {}
COMMAND: GET /session/b4821e91125fc57ae8b08a301666550d/screenshot - {}
RESULT: {}
COMMAND: POST /session/b4821e91125fc57ae8b08a301666550d/element - {"using":"xpath","value":"//button[@data-kt= \"execHoReceiveRefuseButton\"]"}
RESULT: {"using":"xpath","value":"//button[@data-kt= \"execHoReceiveRefuseButton\"]"}
COMMAND: POST /session/b4821e91125fc57ae8b08a301666550d/element/f.0C7D383FA3E737A876F1AD61BD78151D.d.315EBBB8F27DE7362F75E44020D64FDA.e.7879/click - {}
RESULT: {}
COMMAND: GET /session/b4821e91125fc57ae8b08a301666550d/screenshot - {}
RESULT: {}
COMMAND: POST /session/b4821e91125fc57ae8b08a301666550d/element - {"using":"css selector","value":"#shell-header-logo"}
RESULT: {"using":"css selector","value":"#shell-header-logo"}
COMMAND: POST /session/b4821e91125fc57ae8b08a301666550d/element/f.0C7D383FA3E737A876F1AD61BD78151D.d.315EBBB8F27DE7362F75E44020D64FDA.e.7670/click - {}
RESULT: {}
COMMAND: GET /session/b4821e91125fc57ae8b08a301666550d/screenshot - {}
RESULT: {}
COMMAND: POST /session/b4821e91125fc57ae8b08a301666550d/element - {"using":"css selector","value":"#j_username"}
COMMAND: POST /session/b4821e91125fc57ae8b08a301666550d/url - {"url":"https://qa-testing-00-live-etm-ui.cfapps.eu10-004.hana.ondemand.com/"}
RESULT: {"using":"css selector","value":"#j_username"}
COMMAND: POST /session/b4821e91125fc57ae8b08a301666550d/element - {"using":"css selector","value":"#j_username"}
RESULT: {"url":"https://qa-testing-00-live-etm-ui.cfapps.eu10-004.hana.ondemand.com/"}
RESULT: undefined
COMMAND: GET /session/b4821e91125fc57ae8b08a301666550d/screenshot - {}
RESULT: {"using":"css selector","value":"#j_username"}
COMMAND: POST /session/b4821e91125fc57ae8b08a301666550d/element - {"using":"css selector","value":"#shell-header-logo"}
RESULT: {}
RESULT: {"using":"css selector","value":"#shell-header-logo"}
COMMAND: POST /session/b4821e91125fc57ae8b08a301666550d/execute/sync - {"script":"<script> [8489 bytes]","args":[{"element-6066-11e4-a52e-4f735466cecf":"f.0C7D383FA3E737A876F1AD61BD78151D.d.35EC3B2409BB7E19BAB8F7129BDD7CF0.e.7933","ELEMENT":"f.0C7D383FA3E737A876F1AD61BD78151D.d.35EC3B2409BB7E19BAB8F7129BDD7CF0.e.7933"}]}
RESULT: {"script":"<script> [8489 bytes]","args":[{"element-6066-11e4-a52e-4f735466cecf":"f.0C7D383FA3E737A876F1AD61BD78151D.d.35EC3B2409BB7E19BAB8F7129BDD7CF0.e.7933","ELEMENT":"f.0C7D383FA3E737A876F1AD61BD78151D.d.35EC3B2409BB7E19BAB8F7129BDD7CF0.e.7933"}]}
COMMAND: POST /session/b4821e91125fc57ae8b08a301666550d/element - {"using":"css selector","value":"#shell-header-logo"}
COMMAND: GET /session/b4821e91125fc57ae8b08a301666550d/screenshot - {}
RESULT: {"using":"css selector","value":"#shell-header-logo"}
COMMAND: POST /session/b4821e91125fc57ae8b08a301666550d/execute/sync - {"script":"<script> [8489 bytes]","args":[{"element-6066-11e4-a52e-4f735466cecf":"f.0C7D383FA3E737A876F1AD61BD78151D.d.35EC3B2409BB7E19BAB8F7129BDD7CF0.e.7933","ELEMENT":"f.0C7D383FA3E737A876F1AD61BD78151D.d.35EC3B2409BB7E19BAB8F7129BDD7CF0.e.7933"}]}
RESULT: {}
RESULT: {"script":"<script> [8489 bytes]","args":[{"element-6066-11e4-a52e-4f735466cecf":"f.0C7D383FA3E737A876F1AD61BD78151D.d.35EC3B2409BB7E19BAB8F7129BDD7CF0.e.7933","ELEMENT":"f.0C7D383FA3E737A876F1AD61BD78151D.d.35EC3B2409BB7E19BAB8F7129BDD7CF0.e.7933"}]}
COMMAND: POST /session/b4821e91125fc57ae8b08a301666550d/execute/sync - {"script":"<script> [5351 bytes]","args":[{"element-6066-11e4-a52e-4f735466cecf":"f.0C7D383FA3E737A876F1AD61BD78151D.d.35EC3B2409BB7E19BAB8F7129BDD7CF0.e.7933","ELEMENT":"f.0C7D383FA3E737A876F1AD61BD78151D.d.35EC3B2409BB7E19BAB8F7129BDD7CF0.e.7933"}]}
COMMAND: GET /session/b4821e91125fc57ae8b08a301666550d/screenshot - {}
RESULT: {"script":"<script> [5351 bytes]","args":[{"element-6066-11e4-a52e-4f735466cecf":"f.0C7D383FA3E737A876F1AD61BD78151D.d.35EC3B2409BB7E19BAB8F7129BDD7CF0.e.7933","ELEMENT":"f.0C7D383FA3E737A876F1AD61BD78151D.d.35EC3B2409BB7E19BAB8F7129BDD7CF0.e.7933"}]}
COMMAND: POST /session/b4821e91125fc57ae8b08a301666550d/element - {"using":"css selector","value":"#shell-header-logo"}
COMMAND: GET /session/b4821e91125fc57ae8b08a301666550d/screenshot - {}
RESULT: {}
RESULT: {"using":"css selector","value":"#shell-header-logo"}
COMMAND: POST /session/b4821e91125fc57ae8b08a301666550d/element/f.0C7D383FA3E737A876F1AD61BD78151D.d.35EC3B2409BB7E19BAB8F7129BDD7CF0.e.7933/click - {}
RESULT: {}
RESULT: {}
COMMAND: GET /session/b4821e91125fc57ae8b08a301666550d/screenshot - {}
RESULT: {}
COMMAND: POST /session/b4821e91125fc57ae8b08a301666550d/execute/async - {"script":"<script> [189 bytes]","args":[]}
RESULT: {"script":"<script> [189 bytes]","args":[]}
COMMAND: POST /session/b4821e91125fc57ae8b08a301666550d/execute/async - {"script":"<script> [123 bytes]","args":[]}
RESULT: {"script":"<script> [123 bytes]","args":[]}
COMMAND: POST /session/b4821e91125fc57ae8b08a301666550d/timeouts - {"script":"<number>"}
RESULT: {"script":"<number>"}
COMMAND: GET /session/b4821e91125fc57ae8b08a301666550d/timeouts - {}
RESULT: {}
RESULT: undefined
COMMAND: POST /session/b4821e91125fc57ae8b08a301666550d/execute/async - {"script":"<script> [2676 bytes]","args":[]}
RESULT: {"script":"<script> [2676 bytes]","args":[]}
COMMAND: POST /session/b4821e91125fc57ae8b08a301666550d/execute/async - {"script":"<script> [2342 bytes]","args":[{"protocol":"http","hostname":"0.0.0.0","path":"/","capabilities":{"browserName":"chrome","goog:chromeOptions":{"binary":"C:\\Program Files\\Google\\Chrome\\Application\\chrome.exe","args":["--start-maximized"]}},"logLevel":"warn","connectionRetryTimeout":120000,"connectionRetryCount":3,"logLevels":{},"enableDirectConnect":true,"strictSSL":true,"_":"65 more keys: [\"cacheDir\",\"port\",\"requestedCapabilities\",\"automationProtocol\",\"baseUrl\",\"waitforInterval\",\"waitforTimeout\",\"onReload\",\"beforeCommand\",\"afterCommand\",\"rootDir\",\"specs\",\"suites\",\"exclude\",\"groupLogsByTestSpec\",\"excludeDriverLogs\",\"bail\",\"framework\",\"reporters\",\"services\",\"maxInstances\",\"maxInstancesPerCapability\",\"injectGlobals\",\"filesToWatch\",\"execArgv\",\"runnerEnv\",\"runner\",\"shard\",\"specFileRetries\",\"specFileRetriesDelay\",\"specFileRetriesDeferred\",\"reporterSyncInterval\",\"reporterSyncTimeout\",\"cucumberFeaturesWithLineNumbers\",\"autoCompileOpts\",\"mochaOpts\",\"jasmineOpts\",\"cucumberOpts\",\"onPrepare\",\"onWorkerStart\",\"onWorkerEnd\",\"before\",\"beforeSession\",\"beforeSuite\",\"beforeHook\",\"beforeTest\",\"afterTest\",\"afterHook\",\"afterSuite\",\"afterSession\",\"after\",\"onComplete\",\"beforeAssertion\",\"afterAssertion\",\"beforeFeature\",\"beforeScenario\",\"beforeStep\",\"afterStep\",\"afterScenario\",\"afterFeature\",\"_\",\"suite\",\"$0\",\"ignoredWorkerServices\",\"wdi5\"]"}]}
RESULT: {"script":"<script> [2342 bytes]","args":[{"protocol":"http","hostname":"0.0.0.0","path":"/","capabilities":{"browserName":"chrome","goog:chromeOptions":{"binary":"C:\\Program Files\\Google\\Chrome\\Application\\chrome.exe","args":["--start-maximized"]}},"logLevel":"warn","connectionRetryTimeout":120000,"connectionRetryCount":3,"logLevels":{},"enableDirectConnect":true,"strictSSL":true,"_":"65 more keys: [\"cacheDir\",\"port\",\"requestedCapabilities\",\"automationProtocol\",\"baseUrl\",\"waitforInterval\",\"waitforTimeout\",\"onReload\",\"beforeCommand\",\"afterCommand\",\"rootDir\",\"specs\",\"suites\",\"exclude\",\"groupLogsByTestSpec\",\"excludeDriverLogs\",\"bail\",\"framework\",\"reporters\",\"services\",\"maxInstances\",\"maxInstancesPerCapability\",\"injectGlobals\",\"filesToWatch\",\"execArgv\",\"runnerEnv\",\"runner\",\"shard\",\"specFileRetries\",\"specFileRetriesDelay\",\"specFileRetriesDeferred\",\"reporterSyncInterval\",\"reporterSyncTimeout\",\"cucumberFeaturesWithLineNumbers\",\"autoCompileOpts\",\"mochaOpts\",\"jasmineOpts\",\"cucumberOpts\",\"onPrepare\",\"onWorkerStart\",\"onWorkerEnd\",\"before\",\"beforeSession\",\"beforeSuite\",\"beforeHook\",\"beforeTest\",\"afterTest\",\"afterHook\",\"afterSuite\",\"afterSession\",\"after\",\"onComplete\",\"beforeAssertion\",\"afterAssertion\",\"beforeFeature\",\"beforeScenario\",\"beforeStep\",\"afterStep\",\"afterScenario\",\"afterFeature\",\"_\",\"suite\",\"$0\",\"ignoredWorkerServices\",\"wdi5\"]"}]}
COMMAND: POST /session/b4821e91125fc57ae8b08a301666550d/execute/async - {"script":"<script> [21126 bytes]","args":[35000]}
RESULT: {"script":"<script> [21126 bytes]","args":[35000]}
COMMAND: POST /session/b4821e91125fc57ae8b08a301666550d/window/maximize - {}
RESULT: {}
COMMAND: POST /session/b4821e91125fc57ae8b08a301666550d/execute/async - {"script":"<script> [1562 bytes]","args":[{"selector":{"id":"shell-header","interaction":{"idSuffix":"icon"}},"wdio_ui5_key":"shellheader"}]}
COMMAND: GET /session/b4821e91125fc57ae8b08a301666550d/screenshot - {}
RESULT: {"script":"<script> [1562 bytes]","args":[{"selector":{"id":"shell-header","interaction":{"idSuffix":"icon"}},"wdio_ui5_key":"shellheader"}]}
RESULT: undefined
COMMAND: POST /session/b4821e91125fc57ae8b08a301666550d/window/fullscreen - {}
RESULT: {}
RESULT: {}
]]></system-out>
    </testcase>
  </testsuite>
  <testsuite timestamp="2025-05-19T06:00:45" time="124.003" tests="6" failures="0" errors="0" skipped="0">
    <properties>
      <property name="specId" value="0" />
      <property name="suiteName" value="Provide to Site w/ warehouse management w/o clarification US113782 " />
      <property name="capabilities" value="chrome.136_0_7103_93.windows" />
      <property name="file" value="file:///D:/a/1/s/test/specs/HTR/provide-to-site-w-warehouse-wo-clarification.spec.js" />
    </properties>
    <testcase classname="chrome.136_0_7103_93.windows.Provide_to_Site_w/_warehouse_management_w/o_clarification_US113782_" name="Should create a new WHM yard" time="0.01">
      <system-out><![CDATA[
COMMAND: POST /session/b4821e91125fc57ae8b08a301666550d/window/fullscreen - {}
RESULT: {}
]]></system-out>
    </testcase>
    <testcase classname="chrome.136_0_7103_93.windows.Provide_to_Site_w/_warehouse_management_w/o_clarification_US113782_" name="Should create a new external WHM partner" time="0.003" />
    <testcase classname="chrome.136_0_7103_93.windows.Provide_to_Site_w/_warehouse_management_w/o_clarification_US113782_" name="Should create a new WHM site" time="0.003" />
    <testcase classname="chrome.136_0_7103_93.windows.Provide_to_Site_w/_warehouse_management_w/o_clarification_US113782_" name="Should create a new material" time="113.066">
      <system-out><![CDATA[
COMMAND: POST /session/b4821e91125fc57ae8b08a301666550d/execute/async - {"script":"<script> [1562 bytes]","args":[{"selector":{"controlType":"sap.m.GenericTile","properties":{"header":"Manage Resources"}},"wdio_ui5_key":"sapm.GenericTile{\"header\":\"Manage Resources\"}"}]}
RESULT: {"script":"<script> [1562 bytes]","args":[{"selector":{"controlType":"sap.m.GenericTile","properties":{"header":"Manage Resources"}},"wdio_ui5_key":"sapm.GenericTile{\"header\":\"Manage Resources\"}"}]}
RESULT: undefined
COMMAND: POST /session/b4821e91125fc57ae8b08a301666550d/element - {"using":"xpath","value":"//*[@id=\"__tile31\"]"}
RESULT: {"using":"xpath","value":"//*[@id=\"__tile31\"]"}
COMMAND: POST /session/b4821e91125fc57ae8b08a301666550d/element/f.0C7D383FA3E737A876F1AD61BD78151D.d.35EC3B2409BB7E19BAB8F7129BDD7CF0.e.7959/click - {}
RESULT: {}
COMMAND: GET /session/b4821e91125fc57ae8b08a301666550d/screenshot - {}
RESULT: {}
COMMAND: POST /session/b4821e91125fc57ae8b08a301666550d/elements - {"using":"xpath","value":"//span[text()='Error']"}
RESULT: {"using":"xpath","value":"//span[text()='Error']"}
COMMAND: POST /session/b4821e91125fc57ae8b08a301666550d/element - {"using":"xpath","value":"//button[@data-kt=\"addNewRUOverflowToolbarButton\"]"}
RESULT: {"using":"xpath","value":"//button[@data-kt=\"addNewRUOverflowToolbarButton\"]"}
COMMAND: POST /session/b4821e91125fc57ae8b08a301666550d/elements - {"using":"xpath","value":"//button[@data-kt=\"addNewRUOverflowToolbarButton\"]"}
RESULT: {"using":"xpath","value":"//button[@data-kt=\"addNewRUOverflowToolbarButton\"]"}
COMMAND: POST /session/b4821e91125fc57ae8b08a301666550d/execute/sync - {"script":"<script> [8489 bytes]","args":[{"element-6066-11e4-a52e-4f735466cecf":"f.0C7D383FA3E737A876F1AD61BD78151D.d.35EC3B2409BB7E19BAB8F7129BDD7CF0.e.8088","ELEMENT":"f.0C7D383FA3E737A876F1AD61BD78151D.d.35EC3B2409BB7E19BAB8F7129BDD7CF0.e.8088"}]}
RESULT: {"script":"<script> [8489 bytes]","args":[{"element-6066-11e4-a52e-4f735466cecf":"f.0C7D383FA3E737A876F1AD61BD78151D.d.35EC3B2409BB7E19BAB8F7129BDD7CF0.e.8088","ELEMENT":"f.0C7D383FA3E737A876F1AD61BD78151D.d.35EC3B2409BB7E19BAB8F7129BDD7CF0.e.8088"}]}
COMMAND: GET /session/b4821e91125fc57ae8b08a301666550d/element/f.0C7D383FA3E737A876F1AD61BD78151D.d.35EC3B2409BB7E19BAB8F7129BDD7CF0.e.8088/enabled - {}
COMMAND: GET /session/b4821e91125fc57ae8b08a301666550d/screenshot - {}
RESULT: {}
COMMAND: POST /session/b4821e91125fc57ae8b08a301666550d/execute/sync - {"script":"<script> [8489 bytes]","args":[{"element-6066-11e4-a52e-4f735466cecf":"f.0C7D383FA3E737A876F1AD61BD78151D.d.35EC3B2409BB7E19BAB8F7129BDD7CF0.e.8088","ELEMENT":"f.0C7D383FA3E737A876F1AD61BD78151D.d.35EC3B2409BB7E19BAB8F7129BDD7CF0.e.8088"}]}
COMMAND: GET /session/b4821e91125fc57ae8b08a301666550d/screenshot - {}
RESULT: {}
RESULT: {"script":"<script> [8489 bytes]","args":[{"element-6066-11e4-a52e-4f735466cecf":"f.0C7D383FA3E737A876F1AD61BD78151D.d.35EC3B2409BB7E19BAB8F7129BDD7CF0.e.8088","ELEMENT":"f.0C7D383FA3E737A876F1AD61BD78151D.d.35EC3B2409BB7E19BAB8F7129BDD7CF0.e.8088"}]}
COMMAND: POST /session/b4821e91125fc57ae8b08a301666550d/execute/sync - {"script":"<script> [5351 bytes]","args":[{"element-6066-11e4-a52e-4f735466cecf":"f.0C7D383FA3E737A876F1AD61BD78151D.d.35EC3B2409BB7E19BAB8F7129BDD7CF0.e.8088","ELEMENT":"f.0C7D383FA3E737A876F1AD61BD78151D.d.35EC3B2409BB7E19BAB8F7129BDD7CF0.e.8088"}]}
COMMAND: GET /session/b4821e91125fc57ae8b08a301666550d/screenshot - {}
RESULT: {}
RESULT: {"script":"<script> [5351 bytes]","args":[{"element-6066-11e4-a52e-4f735466cecf":"f.0C7D383FA3E737A876F1AD61BD78151D.d.35EC3B2409BB7E19BAB8F7129BDD7CF0.e.8088","ELEMENT":"f.0C7D383FA3E737A876F1AD61BD78151D.d.35EC3B2409BB7E19BAB8F7129BDD7CF0.e.8088"}]}
COMMAND: POST /session/b4821e91125fc57ae8b08a301666550d/element/f.0C7D383FA3E737A876F1AD61BD78151D.d.35EC3B2409BB7E19BAB8F7129BDD7CF0.e.8088/click - {}
COMMAND: GET /session/b4821e91125fc57ae8b08a301666550d/screenshot - {}
RESULT: {}
RESULT: {}
COMMAND: GET /session/b4821e91125fc57ae8b08a301666550d/screenshot - {}
RESULT: {}
RESULT: {}
COMMAND: POST /session/b4821e91125fc57ae8b08a301666550d/execute/async - {"script":"<script> [1562 bytes]","args":[{"selector":{"id":"application-manageresources-display-component---newResourceUnit--TYPE-arrow"},"wdio_ui5_key":"applicationmanageresources-display-component---newResourceUnit--TYPE-arrow"}]}
RESULT: {"script":"<script> [1562 bytes]","args":[{"selector":{"id":"application-manageresources-display-component---newResourceUnit--TYPE-arrow"},"wdio_ui5_key":"applicationmanageresources-display-component---newResourceUnit--TYPE-arrow"}]}
RESULT: undefined
COMMAND: POST /session/b4821e91125fc57ae8b08a301666550d/element - {"using":"xpath","value":"//*[@id=\"application-manageresources-display-component---newResourceUnit--TYPE-arrow\"]"}
RESULT: {"using":"xpath","value":"//*[@id=\"application-manageresources-display-component---newResourceUnit--TYPE-arrow\"]"}
COMMAND: POST /session/b4821e91125fc57ae8b08a301666550d/element/f.0C7D383FA3E737A876F1AD61BD78151D.d.35EC3B2409BB7E19BAB8F7129BDD7CF0.e.8448/click - {}
RESULT: {}
COMMAND: POST /session/b4821e91125fc57ae8b08a301666550d/element - {"using":"xpath","value":"//input[@id=\"application-manageresources-display-component---newResourceUnit--TYPE-inner\"]"}
COMMAND: GET /session/b4821e91125fc57ae8b08a301666550d/screenshot - {}
RESULT: {}
RESULT: {"using":"xpath","value":"//input[@id=\"application-manageresources-display-component---newResourceUnit--TYPE-inner\"]"}
COMMAND: POST /session/b4821e91125fc57ae8b08a301666550d/element/f.0C7D383FA3E737A876F1AD61BD78151D.d.35EC3B2409BB7E19BAB8F7129BDD7CF0.e.8440/clear - {}
RESULT: {}
COMMAND: POST /session/b4821e91125fc57ae8b08a301666550d/element/f.0C7D383FA3E737A876F1AD61BD78151D.d.35EC3B2409BB7E19BAB8F7129BDD7CF0.e.8440/value - {"text":"Material"}
COMMAND: GET /session/b4821e91125fc57ae8b08a301666550d/screenshot - {}
RESULT: {"text":"Material"}
COMMAND: GET /session/b4821e91125fc57ae8b08a301666550d/screenshot - {}
RESULT: {}
RESULT: {}
COMMAND: POST /session/b4821e91125fc57ae8b08a301666550d/actions - {"actions":[{"id":"action29","type":"key","parameters":{},"actions":[{"type":"keyDown","value":"î€‡"},{"type":"pause","duration":10},{"type":"keyUp","value":"î€‡"}]}]}
RESULT: {"actions":[{"id":"action29","type":"key","parameters":{},"actions":[{"type":"keyDown","value":"î€‡"},{"type":"pause","duration":10},{"type":"keyUp","value":"î€‡"}]}]}
COMMAND: POST /session/b4821e91125fc57ae8b08a301666550d/execute/async - {"script":"<script> [1562 bytes]","args":[{"selector":{"id":"application-manageresources-display-component---newResourceUnit--SHORT_TEXT","interaction":{"idSuffix":"inner"}},"wdio_ui5_key":"applicationmanageresources-display-component---newResourceUnit--SHORT_TEXT"}]}
COMMAND: GET /session/b4821e91125fc57ae8b08a301666550d/screenshot - {}
RESULT: {"script":"<script> [1562 bytes]","args":[{"selector":{"id":"application-manageresources-display-component---newResourceUnit--SHORT_TEXT","interaction":{"idSuffix":"inner"}},"wdio_ui5_key":"applicationmanageresources-display-component---newResourceUnit--SHORT_TEXT"}]}
RESULT: undefined
COMMAND: POST /session/b4821e91125fc57ae8b08a301666550d/execute/async - {"script":"<script> [776 bytes]","args":[{"enterText":"Cement WDIO","selector":{"id":"application-manageresources-display-component---newResourceUnit--SHORT_TEXT","interaction":{"idSuffix":"inner"}},"clearTextFirst":true,"interactionType":"ENTER_TEXT"}]}
RESULT: {}
RESULT: {"script":"<script> [776 bytes]","args":[{"enterText":"Cement WDIO","selector":{"id":"application-manageresources-display-component---newResourceUnit--SHORT_TEXT","interaction":{"idSuffix":"inner"}},"clearTextFirst":true,"interactionType":"ENTER_TEXT"}]}
COMMAND: POST /session/b4821e91125fc57ae8b08a301666550d/execute/async - {"script":"<script> [1562 bytes]","args":[{"selector":{"id":"application-manageresources-display-component---newResourceUnit--BASE_UNIT_OF_MEASURE","interaction":{"idSuffix":"inner"}},"wdio_ui5_key":"applicationmanageresources-display-component---newResourceUnit--BASE_UNIT_OF_MEASURE"}]}
RESULT: {"script":"<script> [1562 bytes]","args":[{"selector":{"id":"application-manageresources-display-component---newResourceUnit--BASE_UNIT_OF_MEASURE","interaction":{"idSuffix":"inner"}},"wdio_ui5_key":"applicationmanageresources-display-component---newResourceUnit--BASE_UNIT_OF_MEASURE"}]}
RESULT: undefined
COMMAND: POST /session/b4821e91125fc57ae8b08a301666550d/execute/async - {"script":"<script> [776 bytes]","args":[{"enterText":"Piece","selector":{"id":"application-manageresources-display-component---newResourceUnit--BASE_UNIT_OF_MEASURE","interaction":{"idSuffix":"inner"}},"clearTextFirst":true,"interactionType":"ENTER_TEXT"}]}
RESULT: {"script":"<script> [776 bytes]","args":[{"enterText":"Piece","selector":{"id":"application-manageresources-display-component---newResourceUnit--BASE_UNIT_OF_MEASURE","interaction":{"idSuffix":"inner"}},"clearTextFirst":true,"interactionType":"ENTER_TEXT"}]}
COMMAND: POST /session/b4821e91125fc57ae8b08a301666550d/execute/async - {"script":"<script> [1562 bytes]","args":[{"selector":{"id":"application-manageresources-display-component---newResourceUnit--WEIGHT_UNIT","interaction":{"idSuffix":"inner"}},"wdio_ui5_key":"applicationmanageresources-display-component---newResourceUnit--WEIGHT_UNIT"}]}
RESULT: {"script":"<script> [1562 bytes]","args":[{"selector":{"id":"application-manageresources-display-component---newResourceUnit--WEIGHT_UNIT","interaction":{"idSuffix":"inner"}},"wdio_ui5_key":"applicationmanageresources-display-component---newResourceUnit--WEIGHT_UNIT"}]}
RESULT: undefined
COMMAND: POST /session/b4821e91125fc57ae8b08a301666550d/execute/async - {"script":"<script> [776 bytes]","args":[{"enterText":"Gram","selector":{"id":"application-manageresources-display-component---newResourceUnit--WEIGHT_UNIT","interaction":{"idSuffix":"inner"}},"clearTextFirst":true,"interactionType":"ENTER_TEXT"}]}
RESULT: {"script":"<script> [776 bytes]","args":[{"enterText":"Gram","selector":{"id":"application-manageresources-display-component---newResourceUnit--WEIGHT_UNIT","interaction":{"idSuffix":"inner"}},"clearTextFirst":true,"interactionType":"ENTER_TEXT"}]}
COMMAND: POST /session/b4821e91125fc57ae8b08a301666550d/execute/async - {"script":"<script> [1562 bytes]","args":[{"selector":{"id":"application-manageresources-display-component---newResourceUnit--DIMENSION_UNIT","interaction":{"idSuffix":"inner"}},"wdio_ui5_key":"applicationmanageresources-display-component---newResourceUnit--DIMENSION_UNIT"}]}
RESULT: {"script":"<script> [1562 bytes]","args":[{"selector":{"id":"application-manageresources-display-component---newResourceUnit--DIMENSION_UNIT","interaction":{"idSuffix":"inner"}},"wdio_ui5_key":"applicationmanageresources-display-component---newResourceUnit--DIMENSION_UNIT"}]}
RESULT: undefined
COMMAND: POST /session/b4821e91125fc57ae8b08a301666550d/execute/async - {"script":"<script> [776 bytes]","args":[{"enterText":"Meter","selector":{"id":"application-manageresources-display-component---newResourceUnit--DIMENSION_UNIT","interaction":{"idSuffix":"inner"}},"clearTextFirst":true,"interactionType":"ENTER_TEXT"}]}
RESULT: {"script":"<script> [776 bytes]","args":[{"enterText":"Meter","selector":{"id":"application-manageresources-display-component---newResourceUnit--DIMENSION_UNIT","interaction":{"idSuffix":"inner"}},"clearTextFirst":true,"interactionType":"ENTER_TEXT"}]}
COMMAND: POST /session/b4821e91125fc57ae8b08a301666550d/execute/async - {"script":"<script> [1562 bytes]","args":[{"selector":{"id":"application-manageresources-display-component---newResourceUnit--newRRUPage-anchBar-application-manageresources-display-component---newResourceUnit--control-anchor","interaction":{"idSuffix":"BDI-content"}},"wdio_ui5_key":"applicationmanageresources-display-component---newResourceUnit--newRRUPage-anchBar-application-manageresources-display-component---newResourceUnit--control-anchor"}]}
RESULT: {"script":"<script> [1562 bytes]","args":[{"selector":{"id":"application-manageresources-display-component---newResourceUnit--newRRUPage-anchBar-application-manageresources-display-component---newResourceUnit--control-anchor","interaction":{"idSuffix":"BDI-content"}},"wdio_ui5_key":"applicationmanageresources-display-component---newResourceUnit--newRRUPage-anchBar-application-manageresources-display-component---newResourceUnit--control-anchor"}]}
RESULT: undefined
COMMAND: POST /session/b4821e91125fc57ae8b08a301666550d/element - {"using":"xpath","value":"//*[@id=\"application-manageresources-display-component---newResourceUnit--newRRUPage-anchBar-application-manageresources-display-component---newResourceUnit--control-anchor\"]"}
RESULT: {"using":"xpath","value":"//*[@id=\"application-manageresources-display-component---newResourceUnit--newRRUPage-anchBar-application-manageresources-display-component---newResourceUnit--control-anchor\"]"}
COMMAND: POST /session/b4821e91125fc57ae8b08a301666550d/element/f.0C7D383FA3E737A876F1AD61BD78151D.d.35EC3B2409BB7E19BAB8F7129BDD7CF0.e.8515/click - {}
RESULT: {}
COMMAND: POST /session/b4821e91125fc57ae8b08a301666550d/execute/async - {"script":"<script> [1562 bytes]","args":[{"selector":{"id":"application-manageresources-display-component---newResourceUnit--PLANNING_GROUP","interaction":{"idSuffix":"inner"}},"wdio_ui5_key":"applicationmanageresources-display-component---newResourceUnit--PLANNING_GROUP"}]}
COMMAND: GET /session/b4821e91125fc57ae8b08a301666550d/screenshot - {}
RESULT: {"script":"<script> [1562 bytes]","args":[{"selector":{"id":"application-manageresources-display-component---newResourceUnit--PLANNING_GROUP","interaction":{"idSuffix":"inner"}},"wdio_ui5_key":"applicationmanageresources-display-component---newResourceUnit--PLANNING_GROUP"}]}
RESULT: undefined
COMMAND: POST /session/b4821e91125fc57ae8b08a301666550d/execute/async - {"script":"<script> [776 bytes]","args":[{"enterText":"Material","selector":{"id":"application-manageresources-display-component---newResourceUnit--PLANNING_GROUP","interaction":{"idSuffix":"inner"}},"clearTextFirst":true,"interactionType":"ENTER_TEXT"}]}
RESULT: {}
RESULT: {"script":"<script> [776 bytes]","args":[{"enterText":"Material","selector":{"id":"application-manageresources-display-component---newResourceUnit--PLANNING_GROUP","interaction":{"idSuffix":"inner"}},"clearTextFirst":true,"interactionType":"ENTER_TEXT"}]}
COMMAND: POST /session/b4821e91125fc57ae8b08a301666550d/execute/async - {"script":"<script> [1562 bytes]","args":[{"selector":{"id":"application-manageresources-display-component---newResourceUnit--PLANNING_INDICATOR","interaction":{"idSuffix":"inner"}},"wdio_ui5_key":"applicationmanageresources-display-component---newResourceUnit--PLANNING_INDICATOR"}]}
RESULT: {"script":"<script> [1562 bytes]","args":[{"selector":{"id":"application-manageresources-display-component---newResourceUnit--PLANNING_INDICATOR","interaction":{"idSuffix":"inner"}},"wdio_ui5_key":"applicationmanageresources-display-component---newResourceUnit--PLANNING_INDICATOR"}]}
RESULT: undefined
COMMAND: POST /session/b4821e91125fc57ae8b08a301666550d/execute/async - {"script":"<script> [776 bytes]","args":[{"enterText":"10 - infinite","selector":{"id":"application-manageresources-display-component---newResourceUnit--PLANNING_INDICATOR","interaction":{"idSuffix":"inner"}},"clearTextFirst":true,"interactionType":"ENTER_TEXT"}]}
RESULT: {"script":"<script> [776 bytes]","args":[{"enterText":"10 - infinite","selector":{"id":"application-manageresources-display-component---newResourceUnit--PLANNING_INDICATOR","interaction":{"idSuffix":"inner"}},"clearTextFirst":true,"interactionType":"ENTER_TEXT"}]}
COMMAND: POST /session/b4821e91125fc57ae8b08a301666550d/element - {"using":"css selector","value":"#application-manageresources-display-component---newResourceUnit--btnAddTimeSegment"}
RESULT: {"using":"css selector","value":"#application-manageresources-display-component---newResourceUnit--btnAddTimeSegment"}
COMMAND: GET /session/b4821e91125fc57ae8b08a301666550d/element/f.0C7D383FA3E737A876F1AD61BD78151D.d.35EC3B2409BB7E19BAB8F7129BDD7CF0.e.8525/rect - {}
RESULT: {}
COMMAND: GET /session/b4821e91125fc57ae8b08a301666550d/window/rect - {}
RESULT: {}
COMMAND: POST /session/b4821e91125fc57ae8b08a301666550d/execute/sync - {"script":"<script> [92 bytes]","args":[]}
RESULT: {"script":"<script> [92 bytes]","args":[]}
COMMAND: POST /session/b4821e91125fc57ae8b08a301666550d/actions - {"actions":[{"id":"action30","type":"wheel","parameters":{},"actions":[{"type":"scroll","x":-1888,"y":-32,"deltaX":0,"deltaY":0,"duration":0,"origin":{"element-6066-11e4-a52e-4f735466cecf":"f.0C7D383FA3E737A876F1AD61BD78151D.d.35EC3B2409BB7E19BAB8F7129BDD7CF0.e.8525"}}]}]}
COMMAND: GET /session/b4821e91125fc57ae8b08a301666550d/screenshot - {}
RESULT: {}
COMMAND: POST /session/b4821e91125fc57ae8b08a301666550d/execute/sync - {"script":"<script> [79 bytes]","args":[{"element-6066-11e4-a52e-4f735466cecf":"f.0C7D383FA3E737A876F1AD61BD78151D.d.35EC3B2409BB7E19BAB8F7129BDD7CF0.e.8525","ELEMENT":"f.0C7D383FA3E737A876F1AD61BD78151D.d.35EC3B2409BB7E19BAB8F7129BDD7CF0.e.8525"},{"block":"start","inline":"nearest"}]}
RESULT: {"script":"<script> [79 bytes]","args":[{"element-6066-11e4-a52e-4f735466cecf":"f.0C7D383FA3E737A876F1AD61BD78151D.d.35EC3B2409BB7E19BAB8F7129BDD7CF0.e.8525","ELEMENT":"f.0C7D383FA3E737A876F1AD61BD78151D.d.35EC3B2409BB7E19BAB8F7129BDD7CF0.e.8525"},{"block":"start","inline":"nearest"}]}
COMMAND: POST /session/b4821e91125fc57ae8b08a301666550d/execute/async - {"script":"<script> [1562 bytes]","args":[{"selector":{"id":"application-manageresources-display-component---newResourceUnit--btnAddTimeSegment","interaction":{"idSuffix":"inner"}},"wdio_ui5_key":"applicationmanageresources-display-component---newResourceUnit--btnAddTimeSegment"}]}
COMMAND: GET /session/b4821e91125fc57ae8b08a301666550d/screenshot - {}
RESULT: {"script":"<script> [1562 bytes]","args":[{"selector":{"id":"application-manageresources-display-component---newResourceUnit--btnAddTimeSegment","interaction":{"idSuffix":"inner"}},"wdio_ui5_key":"applicationmanageresources-display-component---newResourceUnit--btnAddTimeSegment"}]}
RESULT: undefined
COMMAND: POST /session/b4821e91125fc57ae8b08a301666550d/element - {"using":"xpath","value":"//*[@id=\"application-manageresources-display-component---newResourceUnit--btnAddTimeSegment\"]"}
RESULT: {}
RESULT: {"using":"xpath","value":"//*[@id=\"application-manageresources-display-component---newResourceUnit--btnAddTimeSegment\"]"}
COMMAND: POST /session/b4821e91125fc57ae8b08a301666550d/element/f.0C7D383FA3E737A876F1AD61BD78151D.d.35EC3B2409BB7E19BAB8F7129BDD7CF0.e.8525/click - {}
RESULT: {}
COMMAND: GET /session/b4821e91125fc57ae8b08a301666550d/screenshot - {}
RESULT: {}
COMMAND: POST /session/b4821e91125fc57ae8b08a301666550d/element - {"using":"xpath","value":"//input[@id=\"application-manageresources-display-component---newResourceUnit--idRuTSAdmin-application-manageresources-display-component---newResourceUnit--RUTimeSegment-0-inner\"]"}
RESULT: {"using":"xpath","value":"//input[@id=\"application-manageresources-display-component---newResourceUnit--idRuTSAdmin-application-manageresources-display-component---newResourceUnit--RUTimeSegment-0-inner\"]"}
COMMAND: POST /session/b4821e91125fc57ae8b08a301666550d/element/f.0C7D383FA3E737A876F1AD61BD78151D.d.35EC3B2409BB7E19BAB8F7129BDD7CF0.e.8530/clear - {}
RESULT: {}
COMMAND: POST /session/b4821e91125fc57ae8b08a301666550d/element/f.0C7D383FA3E737A876F1AD61BD78151D.d.35EC3B2409BB7E19BAB8F7129BDD7CF0.e.8530/value - {"text":"540"}
COMMAND: GET /session/b4821e91125fc57ae8b08a301666550d/screenshot - {}
RESULT: {"text":"540"}
COMMAND: GET /session/b4821e91125fc57ae8b08a301666550d/screenshot - {}
RESULT: {}
RESULT: {}
COMMAND: POST /session/b4821e91125fc57ae8b08a301666550d/element - {"using":"xpath","value":"//li[.//span[text()='540']]"}
RESULT: {"using":"xpath","value":"//li[.//span[text()='540']]"}
COMMAND: POST /session/b4821e91125fc57ae8b08a301666550d/element/f.0C7D383FA3E737A876F1AD61BD78151D.d.35EC3B2409BB7E19BAB8F7129BDD7CF0.e.8539/click - {}
RESULT: {}
COMMAND: GET /session/b4821e91125fc57ae8b08a301666550d/screenshot - {}
RESULT: {}
COMMAND: POST /session/b4821e91125fc57ae8b08a301666550d/element - {"using":"xpath","value":"(//span[contains(@id, \"-application-manageresources-display-component---newResourceUnit--RUTimeSegment-0-arrow\")])[2]"}
RESULT: {"using":"xpath","value":"(//span[contains(@id, \"-application-manageresources-display-component---newResourceUnit--RUTimeSegment-0-arrow\")])[2]"}
COMMAND: POST /session/b4821e91125fc57ae8b08a301666550d/element/f.0C7D383FA3E737A876F1AD61BD78151D.d.35EC3B2409BB7E19BAB8F7129BDD7CF0.e.8540/click - {}
RESULT: {}
COMMAND: POST /session/b4821e91125fc57ae8b08a301666550d/element - {"using":"xpath","value":"//span[contains(text(), \"PM Order\")]"}
COMMAND: GET /session/b4821e91125fc57ae8b08a301666550d/screenshot - {}
RESULT: {"using":"xpath","value":"//span[contains(text(), \"PM Order\")]"}
COMMAND: POST /session/b4821e91125fc57ae8b08a301666550d/element/f.0C7D383FA3E737A876F1AD61BD78151D.d.35EC3B2409BB7E19BAB8F7129BDD7CF0.e.8541/click - {}
RESULT: {}
RESULT: {}
COMMAND: GET /session/b4821e91125fc57ae8b08a301666550d/screenshot - {}
RESULT: {}
COMMAND: POST /session/b4821e91125fc57ae8b08a301666550d/element - {"using":"xpath","value":"//td/div/div/div/span[contains(@id, \"newResourceUnit--RUTimeSegment-0-vhi\")][1]"}
RESULT: {"using":"xpath","value":"//td/div/div/div/span[contains(@id, \"newResourceUnit--RUTimeSegment-0-vhi\")][1]"}
COMMAND: GET /session/b4821e91125fc57ae8b08a301666550d/element/f.0C7D383FA3E737A876F1AD61BD78151D.d.35EC3B2409BB7E19BAB8F7129BDD7CF0.e.8545/rect - {}
RESULT: {}
COMMAND: GET /session/b4821e91125fc57ae8b08a301666550d/window/rect - {}
RESULT: {}
COMMAND: POST /session/b4821e91125fc57ae8b08a301666550d/execute/sync - {"script":"<script> [92 bytes]","args":[]}
RESULT: {"script":"<script> [92 bytes]","args":[]}
COMMAND: POST /session/b4821e91125fc57ae8b08a301666550d/actions - {"actions":[{"id":"action31","type":"wheel","parameters":{},"actions":[{"type":"scroll","x":-1888,"y":-24,"deltaX":0,"deltaY":0,"duration":0,"origin":{"element-6066-11e4-a52e-4f735466cecf":"f.0C7D383FA3E737A876F1AD61BD78151D.d.35EC3B2409BB7E19BAB8F7129BDD7CF0.e.8545"}}]}]}
COMMAND: GET /session/b4821e91125fc57ae8b08a301666550d/screenshot - {}
RESULT: {}
COMMAND: POST /session/b4821e91125fc57ae8b08a301666550d/execute/sync - {"script":"<script> [79 bytes]","args":[{"element-6066-11e4-a52e-4f735466cecf":"f.0C7D383FA3E737A876F1AD61BD78151D.d.35EC3B2409BB7E19BAB8F7129BDD7CF0.e.8545","ELEMENT":"f.0C7D383FA3E737A876F1AD61BD78151D.d.35EC3B2409BB7E19BAB8F7129BDD7CF0.e.8545"},{"block":"start","inline":"nearest"}]}
RESULT: {"script":"<script> [79 bytes]","args":[{"element-6066-11e4-a52e-4f735466cecf":"f.0C7D383FA3E737A876F1AD61BD78151D.d.35EC3B2409BB7E19BAB8F7129BDD7CF0.e.8545","ELEMENT":"f.0C7D383FA3E737A876F1AD61BD78151D.d.35EC3B2409BB7E19BAB8F7129BDD7CF0.e.8545"},{"block":"start","inline":"nearest"}]}
COMMAND: GET /session/b4821e91125fc57ae8b08a301666550d/screenshot - {}
RESULT: {}
COMMAND: POST /session/b4821e91125fc57ae8b08a301666550d/element/f.0C7D383FA3E737A876F1AD61BD78151D.d.35EC3B2409BB7E19BAB8F7129BDD7CF0.e.8545/click - {}
RESULT: {}
COMMAND: GET /session/b4821e91125fc57ae8b08a301666550d/screenshot - {}
RESULT: {}
COMMAND: POST /session/b4821e91125fc57ae8b08a301666550d/execute/async - {"script":"<script> [1562 bytes]","args":[{"selector":{"controlType":"sap.m.SearchField","properties":{"placeholder":"Search"},"searchOpenDialogs":true,"interaction":{"idSuffix":"I"}},"wdio_ui5_key":"sapm.SearchField{\"placeholder\":\"Search\"}"}]}
RESULT: {"script":"<script> [1562 bytes]","args":[{"selector":{"controlType":"sap.m.SearchField","properties":{"placeholder":"Search"},"searchOpenDialogs":true,"interaction":{"idSuffix":"I"}},"wdio_ui5_key":"sapm.SearchField{\"placeholder\":\"Search\"}"}]}
RESULT: undefined
COMMAND: POST /session/b4821e91125fc57ae8b08a301666550d/execute/async - {"script":"<script> [776 bytes]","args":[{"enterText":"4000360","selector":{"controlType":"sap.m.SearchField","properties":{"placeholder":"Search"},"searchOpenDialogs":true,"interaction":{"idSuffix":"I"}},"clearTextFirst":true,"interactionType":"ENTER_TEXT"}]}
RESULT: {"script":"<script> [776 bytes]","args":[{"enterText":"4000360","selector":{"controlType":"sap.m.SearchField","properties":{"placeholder":"Search"},"searchOpenDialogs":true,"interaction":{"idSuffix":"I"}},"clearTextFirst":true,"interactionType":"ENTER_TEXT"}]}
COMMAND: POST /session/b4821e91125fc57ae8b08a301666550d/actions - {"actions":[{"id":"action32","type":"key","parameters":{},"actions":[{"type":"keyDown","value":"î€‡"},{"type":"pause","duration":10},{"type":"keyUp","value":"î€‡"}]}]}
RESULT: {"actions":[{"id":"action32","type":"key","parameters":{},"actions":[{"type":"keyDown","value":"î€‡"},{"type":"pause","duration":10},{"type":"keyUp","value":"î€‡"}]}]}
COMMAND: GET /session/b4821e91125fc57ae8b08a301666550d/screenshot - {}
RESULT: {}
COMMAND: POST /session/b4821e91125fc57ae8b08a301666550d/element - {"using":"xpath","value":"//td/div/span[contains(text(), \"BGL Vehicles\")]"}
RESULT: {"using":"xpath","value":"//td/div/span[contains(text(), \"BGL Vehicles\")]"}
COMMAND: POST /session/b4821e91125fc57ae8b08a301666550d/element/f.0C7D383FA3E737A876F1AD61BD78151D.d.35EC3B2409BB7E19BAB8F7129BDD7CF0.e.8566/click - {}
RESULT: {}
COMMAND: GET /session/b4821e91125fc57ae8b08a301666550d/screenshot - {}
RESULT: {}
COMMAND: POST /session/b4821e91125fc57ae8b08a301666550d/element - {"using":"xpath","value":"//bdi[contains(text(), \"OK\")]"}
RESULT: {"using":"xpath","value":"//bdi[contains(text(), \"OK\")]"}
COMMAND: POST /session/b4821e91125fc57ae8b08a301666550d/element/f.0C7D383FA3E737A876F1AD61BD78151D.d.35EC3B2409BB7E19BAB8F7129BDD7CF0.e.8567/click - {}
RESULT: {}
COMMAND: GET /session/b4821e91125fc57ae8b08a301666550d/screenshot - {}
RESULT: {}
COMMAND: POST /session/b4821e91125fc57ae8b08a301666550d/element - {"using":"xpath","value":"//label[contains(@class, 'sapMLabelRequired') and .//bdi[contains(text(), 'Planned Retirement')]]"}
RESULT: {"using":"xpath","value":"//label[contains(@class, 'sapMLabelRequired') and .//bdi[contains(text(), 'Planned Retirement')]]"}
COMMAND: POST /session/b4821e91125fc57ae8b08a301666550d/elements - {"using":"xpath","value":"//label[contains(@class, 'sapMLabelRequired') and .//bdi[contains(text(), 'Planned Retirement')]]"}
RESULT: {"using":"xpath","value":"//label[contains(@class, 'sapMLabelRequired') and .//bdi[contains(text(), 'Planned Retirement')]]"}
COMMAND: POST /session/b4821e91125fc57ae8b08a301666550d/element - {"using":"xpath","value":"//button[@data-kt=\"resourceUnitSaveButton\"]"}
RESULT: {"using":"xpath","value":"//button[@data-kt=\"resourceUnitSaveButton\"]"}
COMMAND: POST /session/b4821e91125fc57ae8b08a301666550d/element/f.0C7D383FA3E737A876F1AD61BD78151D.d.35EC3B2409BB7E19BAB8F7129BDD7CF0.e.8467/click - {}
RESULT: {}
COMMAND: GET /session/b4821e91125fc57ae8b08a301666550d/screenshot - {}
RESULT: {}
COMMAND: POST /session/b4821e91125fc57ae8b08a301666550d/element - {"using":"xpath","value":"//bdi[contains(text(), \"Close\")]"}
RESULT: {"using":"xpath","value":"//bdi[contains(text(), \"Close\")]"}
COMMAND: POST /session/b4821e91125fc57ae8b08a301666550d/element/f.0C7D383FA3E737A876F1AD61BD78151D.d.35EC3B2409BB7E19BAB8F7129BDD7CF0.e.8573/click - {}
RESULT: {}
COMMAND: GET /session/b4821e91125fc57ae8b08a301666550d/screenshot - {}
RESULT: {}
COMMAND: POST /session/b4821e91125fc57ae8b08a301666550d/element - {"using":"xpath","value":"//header[contains(@id, 'detailRruPage-headerTitle')]/div[1]/div[2]/div[2]/span[1]"}
RESULT: {"using":"xpath","value":"//header[contains(@id, 'detailRruPage-headerTitle')]/div[1]/div[2]/div[2]/span[1]"}
COMMAND: POST /session/b4821e91125fc57ae8b08a301666550d/elements - {"using":"xpath","value":"//header[contains(@id, 'detailRruPage-headerTitle')]/div[1]/div[2]/div[2]/span[1]"}
RESULT: {"using":"xpath","value":"//header[contains(@id, 'detailRruPage-headerTitle')]/div[1]/div[2]/div[2]/span[1]"}
COMMAND: POST /session/b4821e91125fc57ae8b08a301666550d/execute/sync - {"script":"<script> [56 bytes]","args":[{"element-6066-11e4-a52e-4f735466cecf":"f.0C7D383FA3E737A876F1AD61BD78151D.d.35EC3B2409BB7E19BAB8F7129BDD7CF0.e.8618","ELEMENT":"f.0C7D383FA3E737A876F1AD61BD78151D.d.35EC3B2409BB7E19BAB8F7129BDD7CF0.e.8618"}]}
RESULT: {"script":"<script> [56 bytes]","args":[{"element-6066-11e4-a52e-4f735466cecf":"f.0C7D383FA3E737A876F1AD61BD78151D.d.35EC3B2409BB7E19BAB8F7129BDD7CF0.e.8618","ELEMENT":"f.0C7D383FA3E737A876F1AD61BD78151D.d.35EC3B2409BB7E19BAB8F7129BDD7CF0.e.8618"}]}
COMMAND: POST /session/b4821e91125fc57ae8b08a301666550d/element - {"using":"css selector","value":"#shell-header-logo"}
COMMAND: GET /session/b4821e91125fc57ae8b08a301666550d/screenshot - {}
RESULT: {"using":"css selector","value":"#shell-header-logo"}
COMMAND: POST /session/b4821e91125fc57ae8b08a301666550d/element/f.0C7D383FA3E737A876F1AD61BD78151D.d.35EC3B2409BB7E19BAB8F7129BDD7CF0.e.7933/click - {}
RESULT: {}
RESULT: {}
COMMAND: GET /session/b4821e91125fc57ae8b08a301666550d/screenshot - {}
RESULT: {}
]]></system-out>
    </testcase>
    <testcase classname="chrome.136_0_7103_93.windows.Provide_to_Site_w/_warehouse_management_w/o_clarification_US113782_" name="Bin Status Report Should Create New Organization yard" time="0.004" />
    <testcase classname="chrome.136_0_7103_93.windows.Provide_to_Site_w/_warehouse_management_w/o_clarification_US113782_" name="Bin Status Report Should Create New Organization for Site" time="0.003" />
  </testsuite>
  <testsuite timestamp="2025-05-19T06:02:49" time="374.995" tests="5" failures="0" errors="0" skipped="0">
    <properties>
      <property name="specId" value="0" />
      <property name="suiteName" value="Provide to Site w/ warehouse management wo clarification" />
      <property name="capabilities" value="chrome.136_0_7103_93.windows" />
      <property name="file" value="file:///D:/a/1/s/test/specs/HTR/provide-to-site-w-warehouse-wo-clarification.spec.js" />
    </properties>
    <testcase classname="chrome.136_0_7103_93.windows.Provide_to_Site_w/_warehouse_management_wo_clarification" name="Should do a stock increase handover" time="85.457">
      <system-out><![CDATA[
COMMAND: POST /session/b4821e91125fc57ae8b08a301666550d/execute/async - {"script":"<script> [1562 bytes]","args":[{"selector":{"controlType":"sap.m.GenericTile","properties":{"header":"Manage Handovers"}},"wdio_ui5_key":"sapm.GenericTile{\"header\":\"Manage Handovers\"}"}]}
RESULT: {"script":"<script> [1562 bytes]","args":[{"selector":{"controlType":"sap.m.GenericTile","properties":{"header":"Manage Handovers"}},"wdio_ui5_key":"sapm.GenericTile{\"header\":\"Manage Handovers\"}"}]}
RESULT: undefined
COMMAND: POST /session/b4821e91125fc57ae8b08a301666550d/element - {"using":"xpath","value":"//*[@id=\"__tile133\"]"}
RESULT: {"using":"xpath","value":"//*[@id=\"__tile133\"]"}
COMMAND: POST /session/b4821e91125fc57ae8b08a301666550d/element/f.0C7D383FA3E737A876F1AD61BD78151D.d.35EC3B2409BB7E19BAB8F7129BDD7CF0.e.7986/click - {}
RESULT: {}
COMMAND: GET /session/b4821e91125fc57ae8b08a301666550d/screenshot - {}
RESULT: {}
COMMAND: POST /session/b4821e91125fc57ae8b08a301666550d/elements - {"using":"xpath","value":"//span[text()='Error']"}
RESULT: {"using":"xpath","value":"//span[text()='Error']"}
COMMAND: POST /session/b4821e91125fc57ae8b08a301666550d/element - {"using":"xpath","value":"//button[@data-kt=\"masterHOAddButton\"]"}
RESULT: {"using":"xpath","value":"//button[@data-kt=\"masterHOAddButton\"]"}
COMMAND: POST /session/b4821e91125fc57ae8b08a301666550d/elements - {"using":"xpath","value":"//button[@data-kt=\"masterHOAddButton\"]"}
RESULT: {"using":"xpath","value":"//button[@data-kt=\"masterHOAddButton\"]"}
COMMAND: POST /session/b4821e91125fc57ae8b08a301666550d/execute/sync - {"script":"<script> [8489 bytes]","args":[{"element-6066-11e4-a52e-4f735466cecf":"f.0C7D383FA3E737A876F1AD61BD78151D.d.35EC3B2409BB7E19BAB8F7129BDD7CF0.e.8662","ELEMENT":"f.0C7D383FA3E737A876F1AD61BD78151D.d.35EC3B2409BB7E19BAB8F7129BDD7CF0.e.8662"}]}
RESULT: {"script":"<script> [8489 bytes]","args":[{"element-6066-11e4-a52e-4f735466cecf":"f.0C7D383FA3E737A876F1AD61BD78151D.d.35EC3B2409BB7E19BAB8F7129BDD7CF0.e.8662","ELEMENT":"f.0C7D383FA3E737A876F1AD61BD78151D.d.35EC3B2409BB7E19BAB8F7129BDD7CF0.e.8662"}]}
COMMAND: GET /session/b4821e91125fc57ae8b08a301666550d/element/f.0C7D383FA3E737A876F1AD61BD78151D.d.35EC3B2409BB7E19BAB8F7129BDD7CF0.e.8662/enabled - {}
COMMAND: GET /session/b4821e91125fc57ae8b08a301666550d/screenshot - {}
RESULT: {}
COMMAND: POST /session/b4821e91125fc57ae8b08a301666550d/execute/sync - {"script":"<script> [8489 bytes]","args":[{"element-6066-11e4-a52e-4f735466cecf":"f.0C7D383FA3E737A876F1AD61BD78151D.d.35EC3B2409BB7E19BAB8F7129BDD7CF0.e.8662","ELEMENT":"f.0C7D383FA3E737A876F1AD61BD78151D.d.35EC3B2409BB7E19BAB8F7129BDD7CF0.e.8662"}]}
COMMAND: GET /session/b4821e91125fc57ae8b08a301666550d/screenshot - {}
RESULT: {}
RESULT: {"script":"<script> [8489 bytes]","args":[{"element-6066-11e4-a52e-4f735466cecf":"f.0C7D383FA3E737A876F1AD61BD78151D.d.35EC3B2409BB7E19BAB8F7129BDD7CF0.e.8662","ELEMENT":"f.0C7D383FA3E737A876F1AD61BD78151D.d.35EC3B2409BB7E19BAB8F7129BDD7CF0.e.8662"}]}
COMMAND: POST /session/b4821e91125fc57ae8b08a301666550d/execute/sync - {"script":"<script> [5351 bytes]","args":[{"element-6066-11e4-a52e-4f735466cecf":"f.0C7D383FA3E737A876F1AD61BD78151D.d.35EC3B2409BB7E19BAB8F7129BDD7CF0.e.8662","ELEMENT":"f.0C7D383FA3E737A876F1AD61BD78151D.d.35EC3B2409BB7E19BAB8F7129BDD7CF0.e.8662"}]}
COMMAND: GET /session/b4821e91125fc57ae8b08a301666550d/screenshot - {}
RESULT: {}
RESULT: {"script":"<script> [5351 bytes]","args":[{"element-6066-11e4-a52e-4f735466cecf":"f.0C7D383FA3E737A876F1AD61BD78151D.d.35EC3B2409BB7E19BAB8F7129BDD7CF0.e.8662","ELEMENT":"f.0C7D383FA3E737A876F1AD61BD78151D.d.35EC3B2409BB7E19BAB8F7129BDD7CF0.e.8662"}]}
COMMAND: POST /session/b4821e91125fc57ae8b08a301666550d/element/f.0C7D383FA3E737A876F1AD61BD78151D.d.35EC3B2409BB7E19BAB8F7129BDD7CF0.e.8662/click - {}
COMMAND: GET /session/b4821e91125fc57ae8b08a301666550d/screenshot - {}
RESULT: {}
RESULT: {}
COMMAND: GET /session/b4821e91125fc57ae8b08a301666550d/screenshot - {}
RESULT: {}
RESULT: {}
COMMAND: POST /session/b4821e91125fc57ae8b08a301666550d/element - {"using":"xpath","value":"//span[contains(@id ,\"AddNewHO--typeSelect-arrow\")]"}
RESULT: {"using":"xpath","value":"//span[contains(@id ,\"AddNewHO--typeSelect-arrow\")]"}
COMMAND: POST /session/b4821e91125fc57ae8b08a301666550d/element/f.0C7D383FA3E737A876F1AD61BD78151D.d.35EC3B2409BB7E19BAB8F7129BDD7CF0.e.9019/click - {}
RESULT: {}
COMMAND: GET /session/b4821e91125fc57ae8b08a301666550d/screenshot - {}
RESULT: {}
COMMAND: POST /session/b4821e91125fc57ae8b08a301666550d/element - {"using":"xpath","value":"(//li[contains(text(), \"stock increase yard\")])[1]"}
RESULT: {"using":"xpath","value":"(//li[contains(text(), \"stock increase yard\")])[1]"}
COMMAND: POST /session/b4821e91125fc57ae8b08a301666550d/element/f.0C7D383FA3E737A876F1AD61BD78151D.d.35EC3B2409BB7E19BAB8F7129BDD7CF0.e.9020/click - {}
RESULT: {}
COMMAND: GET /session/b4821e91125fc57ae8b08a301666550d/screenshot - {}
RESULT: {}
COMMAND: POST /session/b4821e91125fc57ae8b08a301666550d/execute/async - {"script":"<script> [1562 bytes]","args":[{"selector":{"id":"application-managehandovers-display-component---AddNewHO--dueDate","interaction":{"idSuffix":"inner"}},"wdio_ui5_key":"applicationmanagehandovers-display-component---AddNewHO--dueDate"}]}
RESULT: {"script":"<script> [1562 bytes]","args":[{"selector":{"id":"application-managehandovers-display-component---AddNewHO--dueDate","interaction":{"idSuffix":"inner"}},"wdio_ui5_key":"applicationmanagehandovers-display-component---AddNewHO--dueDate"}]}
RESULT: undefined
COMMAND: POST /session/b4821e91125fc57ae8b08a301666550d/execute/async - {"script":"<script> [6424 bytes]","args":[{"element-6066-11e4-a52e-4f735466cecf":"f.0C7D383FA3E737A876F1AD61BD78151D.d.35EC3B2409BB7E19BAB8F7129BDD7CF0.e.9022"},"setValue",["5/19/25"]]}
RESULT: {"script":"<script> [6424 bytes]","args":[{"element-6066-11e4-a52e-4f735466cecf":"f.0C7D383FA3E737A876F1AD61BD78151D.d.35EC3B2409BB7E19BAB8F7129BDD7CF0.e.9022"},"setValue",["5/19/25"]]}
COMMAND: POST /session/b4821e91125fc57ae8b08a301666550d/element - {"using":"xpath","value":"//input[@id=\"generalSectionFrg--receiveYard-inner\"]"}
RESULT: {"using":"xpath","value":"//input[@id=\"generalSectionFrg--receiveYard-inner\"]"}
COMMAND: POST /session/b4821e91125fc57ae8b08a301666550d/element/f.0C7D383FA3E737A876F1AD61BD78151D.d.35EC3B2409BB7E19BAB8F7129BDD7CF0.e.9026/clear - {}
RESULT: {}
COMMAND: POST /session/b4821e91125fc57ae8b08a301666550d/element/f.0C7D383FA3E737A876F1AD61BD78151D.d.35EC3B2409BB7E19BAB8F7129BDD7CF0.e.9026/value - {"text":"540"}
COMMAND: GET /session/b4821e91125fc57ae8b08a301666550d/screenshot - {}
RESULT: {"text":"540"}
COMMAND: GET /session/b4821e91125fc57ae8b08a301666550d/screenshot - {}
RESULT: {}
RESULT: {}
COMMAND: POST /session/b4821e91125fc57ae8b08a301666550d/element - {"using":"xpath","value":"//li[.//span[text()='540']]"}
RESULT: {"using":"xpath","value":"//li[.//span[text()='540']]"}
COMMAND: POST /session/b4821e91125fc57ae8b08a301666550d/element/f.0C7D383FA3E737A876F1AD61BD78151D.d.35EC3B2409BB7E19BAB8F7129BDD7CF0.e.9043/click - {}
RESULT: {}
COMMAND: GET /session/b4821e91125fc57ae8b08a301666550d/screenshot - {}
RESULT: {}
COMMAND: POST /session/b4821e91125fc57ae8b08a301666550d/execute/async - {"script":"<script> [1562 bytes]","args":[{"selector":{"id":"application-managehandovers-display-component---AddNewHO--ObjectPageLayout-anchBar-application-managehandovers-display-component---AddNewHO--section4-anchor","interaction":{"idSuffix":"BDI-content"}},"wdio_ui5_key":"applicationmanagehandovers-display-component---AddNewHO--ObjectPageLayout-anchBar-application-managehandovers-display-component---AddNewHO--section4-anchor"}]}
RESULT: {"script":"<script> [1562 bytes]","args":[{"selector":{"id":"application-managehandovers-display-component---AddNewHO--ObjectPageLayout-anchBar-application-managehandovers-display-component---AddNewHO--section4-anchor","interaction":{"idSuffix":"BDI-content"}},"wdio_ui5_key":"applicationmanagehandovers-display-component---AddNewHO--ObjectPageLayout-anchBar-application-managehandovers-display-component---AddNewHO--section4-anchor"}]}
RESULT: undefined
COMMAND: POST /session/b4821e91125fc57ae8b08a301666550d/element - {"using":"xpath","value":"//*[@id=\"application-managehandovers-display-component---AddNewHO--ObjectPageLayout-anchBar-application-managehandovers-display-component---AddNewHO--section4-anchor\"]"}
RESULT: {"using":"xpath","value":"//*[@id=\"application-managehandovers-display-component---AddNewHO--ObjectPageLayout-anchBar-application-managehandovers-display-component---AddNewHO--section4-anchor\"]"}
COMMAND: POST /session/b4821e91125fc57ae8b08a301666550d/element/f.0C7D383FA3E737A876F1AD61BD78151D.d.35EC3B2409BB7E19BAB8F7129BDD7CF0.e.9045/click - {}
RESULT: {}
COMMAND: POST /session/b4821e91125fc57ae8b08a301666550d/element - {"using":"xpath","value":"//button[@aria-label=\"Add\"]"}
COMMAND: GET /session/b4821e91125fc57ae8b08a301666550d/screenshot - {}
RESULT: {"using":"xpath","value":"//button[@aria-label=\"Add\"]"}
COMMAND: POST /session/b4821e91125fc57ae8b08a301666550d/element/f.0C7D383FA3E737A876F1AD61BD78151D.d.35EC3B2409BB7E19BAB8F7129BDD7CF0.e.9048/click - {}
RESULT: {}
RESULT: {}
COMMAND: GET /session/b4821e91125fc57ae8b08a301666550d/screenshot - {}
RESULT: {}
COMMAND: POST /session/b4821e91125fc57ae8b08a301666550d/execute/async - {"script":"<script> [1562 bytes]","args":[{"selector":{"id":"application-managehandovers-display-component---AddNewHO--smartFilterBar-btnBasicSearch","searchOpenDialogs":true,"interaction":{"idSuffix":"I"}},"wdio_ui5_key":"applicationmanagehandovers-display-component---AddNewHO--smartFilterBar-btnBasicSearch"}]}
RESULT: {"script":"<script> [1562 bytes]","args":[{"selector":{"id":"application-managehandovers-display-component---AddNewHO--smartFilterBar-btnBasicSearch","searchOpenDialogs":true,"interaction":{"idSuffix":"I"}},"wdio_ui5_key":"applicationmanagehandovers-display-component---AddNewHO--smartFilterBar-btnBasicSearch"}]}
RESULT: undefined
COMMAND: POST /session/b4821e91125fc57ae8b08a301666550d/execute/async - {"script":"<script> [776 bytes]","args":[{"enterText":"200284","selector":{"id":"application-managehandovers-display-component---AddNewHO--smartFilterBar-btnBasicSearch","searchOpenDialogs":true,"interaction":{"idSuffix":"I"}},"clearTextFirst":true,"interactionType":"ENTER_TEXT"}]}
RESULT: {"script":"<script> [776 bytes]","args":[{"enterText":"200284","selector":{"id":"application-managehandovers-display-component---AddNewHO--smartFilterBar-btnBasicSearch","searchOpenDialogs":true,"interaction":{"idSuffix":"I"}},"clearTextFirst":true,"interactionType":"ENTER_TEXT"}]}
COMMAND: POST /session/b4821e91125fc57ae8b08a301666550d/actions - {"actions":[{"id":"action33","type":"key","parameters":{},"actions":[{"type":"keyDown","value":"î€‡"},{"type":"pause","duration":10},{"type":"keyUp","value":"î€‡"}]}]}
RESULT: {"actions":[{"id":"action33","type":"key","parameters":{},"actions":[{"type":"keyDown","value":"î€‡"},{"type":"pause","duration":10},{"type":"keyUp","value":"î€‡"}]}]}
COMMAND: GET /session/b4821e91125fc57ae8b08a301666550d/screenshot - {}
RESULT: {}
COMMAND: POST /session/b4821e91125fc57ae8b08a301666550d/execute/async - {"script":"<script> [1562 bytes]","args":[{"selector":{"id":"application-managehandovers-display-component---AddNewHO--popup-sa","searchOpenDialogs":true,"interaction":{"idSuffix":"CbBg"}},"wdio_ui5_key":"applicationmanagehandovers-display-component---AddNewHO--popup-sa"}]}
RESULT: {"script":"<script> [1562 bytes]","args":[{"selector":{"id":"application-managehandovers-display-component---AddNewHO--popup-sa","searchOpenDialogs":true,"interaction":{"idSuffix":"CbBg"}},"wdio_ui5_key":"applicationmanagehandovers-display-component---AddNewHO--popup-sa"}]}
RESULT: undefined
COMMAND: POST /session/b4821e91125fc57ae8b08a301666550d/element - {"using":"xpath","value":"//*[@id=\"application-managehandovers-display-component---AddNewHO--popup-sa\"]"}
RESULT: {"using":"xpath","value":"//*[@id=\"application-managehandovers-display-component---AddNewHO--popup-sa\"]"}
COMMAND: POST /session/b4821e91125fc57ae8b08a301666550d/element/f.0C7D383FA3E737A876F1AD61BD78151D.d.35EC3B2409BB7E19BAB8F7129BDD7CF0.e.9200/click - {}
RESULT: {}
COMMAND: GET /session/b4821e91125fc57ae8b08a301666550d/screenshot - {}
RESULT: {}
COMMAND: POST /session/b4821e91125fc57ae8b08a301666550d/element - {"using":"xpath","value":"//bdi[contains(text(), \"Select\")]"}
RESULT: {"using":"xpath","value":"//bdi[contains(text(), \"Select\")]"}
COMMAND: POST /session/b4821e91125fc57ae8b08a301666550d/element/f.0C7D383FA3E737A876F1AD61BD78151D.d.35EC3B2409BB7E19BAB8F7129BDD7CF0.e.9201/click - {}
RESULT: {}
COMMAND: GET /session/b4821e91125fc57ae8b08a301666550d/screenshot - {}
RESULT: {}
COMMAND: POST /session/b4821e91125fc57ae8b08a301666550d/element - {"using":"xpath","value":"//button[@data-kt=\"AddNewHOSaveButton\"]"}
RESULT: {"using":"xpath","value":"//button[@data-kt=\"AddNewHOSaveButton\"]"}
COMMAND: POST /session/b4821e91125fc57ae8b08a301666550d/element/f.0C7D383FA3E737A876F1AD61BD78151D.d.35EC3B2409BB7E19BAB8F7129BDD7CF0.e.9205/click - {}
RESULT: {}
COMMAND: GET /session/b4821e91125fc57ae8b08a301666550d/screenshot - {}
RESULT: {}
COMMAND: POST /session/b4821e91125fc57ae8b08a301666550d/execute/async - {"script":"<script> [1562 bytes]","args":[{"selector":{"id":"receiptDatePicker","viewName":"etm.portal.ui.managehandovers.view.DetailExecuteHO","interaction":{"idSuffix":"inner"}},"wdio_ui5_key":"receiptDatePickeretmportal.ui.managehandovers.view.DetailExecuteHO"}]}
RESULT: {"script":"<script> [1562 bytes]","args":[{"selector":{"id":"receiptDatePicker","viewName":"etm.portal.ui.managehandovers.view.DetailExecuteHO","interaction":{"idSuffix":"inner"}},"wdio_ui5_key":"receiptDatePickeretmportal.ui.managehandovers.view.DetailExecuteHO"}]}
RESULT: undefined
COMMAND: POST /session/b4821e91125fc57ae8b08a301666550d/execute/async - {"script":"<script> [6424 bytes]","args":[{"element-6066-11e4-a52e-4f735466cecf":"f.0C7D383FA3E737A876F1AD61BD78151D.d.35EC3B2409BB7E19BAB8F7129BDD7CF0.e.9217"},"setValue",["5/19/25"]]}
RESULT: {"script":"<script> [6424 bytes]","args":[{"element-6066-11e4-a52e-4f735466cecf":"f.0C7D383FA3E737A876F1AD61BD78151D.d.35EC3B2409BB7E19BAB8F7129BDD7CF0.e.9217"},"setValue",["5/19/25"]]}
COMMAND: POST /session/b4821e91125fc57ae8b08a301666550d/element - {"using":"xpath","value":"//button[@data-kt=\"PickingTableConfirmAllButton\"]"}
RESULT: {"using":"xpath","value":"//button[@data-kt=\"PickingTableConfirmAllButton\"]"}
COMMAND: POST /session/b4821e91125fc57ae8b08a301666550d/element/f.0C7D383FA3E737A876F1AD61BD78151D.d.35EC3B2409BB7E19BAB8F7129BDD7CF0.e.9241/click - {}
RESULT: {}
COMMAND: GET /session/b4821e91125fc57ae8b08a301666550d/screenshot - {}
RESULT: {}
COMMAND: POST /session/b4821e91125fc57ae8b08a301666550d/element - {"using":"xpath","value":"//bdi[contains(text(), \"OK\")]"}
RESULT: {"using":"xpath","value":"//bdi[contains(text(), \"OK\")]"}
COMMAND: POST /session/b4821e91125fc57ae8b08a301666550d/element/f.0C7D383FA3E737A876F1AD61BD78151D.d.35EC3B2409BB7E19BAB8F7129BDD7CF0.e.9243/click - {}
RESULT: {}
COMMAND: GET /session/b4821e91125fc57ae8b08a301666550d/screenshot - {}
RESULT: {}
COMMAND: POST /session/b4821e91125fc57ae8b08a301666550d/element - {"using":"xpath","value":"(//bdi[contains(text(), \"Receive\")])[2]"}
RESULT: {"using":"xpath","value":"(//bdi[contains(text(), \"Receive\")])[2]"}
COMMAND: POST /session/b4821e91125fc57ae8b08a301666550d/element/f.0C7D383FA3E737A876F1AD61BD78151D.d.35EC3B2409BB7E19BAB8F7129BDD7CF0.e.9245/click - {}
RESULT: {}
COMMAND: GET /session/b4821e91125fc57ae8b08a301666550d/screenshot - {}
RESULT: {}
COMMAND: POST /session/b4821e91125fc57ae8b08a301666550d/element - {"using":"css selector","value":"#shell-header-logo"}
RESULT: {"using":"css selector","value":"#shell-header-logo"}
COMMAND: POST /session/b4821e91125fc57ae8b08a301666550d/element/f.0C7D383FA3E737A876F1AD61BD78151D.d.35EC3B2409BB7E19BAB8F7129BDD7CF0.e.8623/click - {}
RESULT: {}
COMMAND: GET /session/b4821e91125fc57ae8b08a301666550d/screenshot - {}
RESULT: {}
]]></system-out>
    </testcase>
    <testcase classname="chrome.136_0_7103_93.windows.Provide_to_Site_w/_warehouse_management_wo_clarification" name="Should create a new contract" time="57.272">
      <system-out><![CDATA[
COMMAND: POST /session/b4821e91125fc57ae8b08a301666550d/execute/async - {"script":"<script> [1562 bytes]","args":[{"selector":{"controlType":"sap.m.GenericTile","properties":{"header":"Manage Contracts"}},"wdio_ui5_key":"sapm.GenericTile{\"header\":\"Manage Contracts\"}"}]}
RESULT: {"script":"<script> [1562 bytes]","args":[{"selector":{"controlType":"sap.m.GenericTile","properties":{"header":"Manage Contracts"}},"wdio_ui5_key":"sapm.GenericTile{\"header\":\"Manage Contracts\"}"}]}
RESULT: undefined
COMMAND: POST /session/b4821e91125fc57ae8b08a301666550d/element - {"using":"xpath","value":"//*[@id=\"__tile130\"]"}
RESULT: {"using":"xpath","value":"//*[@id=\"__tile130\"]"}
COMMAND: POST /session/b4821e91125fc57ae8b08a301666550d/element/f.0C7D383FA3E737A876F1AD61BD78151D.d.35EC3B2409BB7E19BAB8F7129BDD7CF0.e.7975/click - {}
RESULT: {}
COMMAND: GET /session/b4821e91125fc57ae8b08a301666550d/screenshot - {}
RESULT: {}
COMMAND: POST /session/b4821e91125fc57ae8b08a301666550d/elements - {"using":"xpath","value":"//span[text()='Error']"}
RESULT: {"using":"xpath","value":"//span[text()='Error']"}
COMMAND: POST /session/b4821e91125fc57ae8b08a301666550d/element - {"using":"xpath","value":"//button[@data-kt=\"addButton\"]"}
RESULT: {"using":"xpath","value":"//button[@data-kt=\"addButton\"]"}
COMMAND: POST /session/b4821e91125fc57ae8b08a301666550d/elements - {"using":"xpath","value":"//button[@data-kt=\"addButton\"]"}
RESULT: {"using":"xpath","value":"//button[@data-kt=\"addButton\"]"}
COMMAND: POST /session/b4821e91125fc57ae8b08a301666550d/execute/sync - {"script":"<script> [8489 bytes]","args":[{"element-6066-11e4-a52e-4f735466cecf":"f.0C7D383FA3E737A876F1AD61BD78151D.d.35EC3B2409BB7E19BAB8F7129BDD7CF0.e.9579","ELEMENT":"f.0C7D383FA3E737A876F1AD61BD78151D.d.35EC3B2409BB7E19BAB8F7129BDD7CF0.e.9579"}]}
RESULT: {"script":"<script> [8489 bytes]","args":[{"element-6066-11e4-a52e-4f735466cecf":"f.0C7D383FA3E737A876F1AD61BD78151D.d.35EC3B2409BB7E19BAB8F7129BDD7CF0.e.9579","ELEMENT":"f.0C7D383FA3E737A876F1AD61BD78151D.d.35EC3B2409BB7E19BAB8F7129BDD7CF0.e.9579"}]}
COMMAND: GET /session/b4821e91125fc57ae8b08a301666550d/element/f.0C7D383FA3E737A876F1AD61BD78151D.d.35EC3B2409BB7E19BAB8F7129BDD7CF0.e.9579/enabled - {}
COMMAND: GET /session/b4821e91125fc57ae8b08a301666550d/screenshot - {}
RESULT: {}
COMMAND: POST /session/b4821e91125fc57ae8b08a301666550d/execute/sync - {"script":"<script> [8489 bytes]","args":[{"element-6066-11e4-a52e-4f735466cecf":"f.0C7D383FA3E737A876F1AD61BD78151D.d.35EC3B2409BB7E19BAB8F7129BDD7CF0.e.9579","ELEMENT":"f.0C7D383FA3E737A876F1AD61BD78151D.d.35EC3B2409BB7E19BAB8F7129BDD7CF0.e.9579"}]}
COMMAND: GET /session/b4821e91125fc57ae8b08a301666550d/screenshot - {}
RESULT: {}
RESULT: {"script":"<script> [8489 bytes]","args":[{"element-6066-11e4-a52e-4f735466cecf":"f.0C7D383FA3E737A876F1AD61BD78151D.d.35EC3B2409BB7E19BAB8F7129BDD7CF0.e.9579","ELEMENT":"f.0C7D383FA3E737A876F1AD61BD78151D.d.35EC3B2409BB7E19BAB8F7129BDD7CF0.e.9579"}]}
COMMAND: POST /session/b4821e91125fc57ae8b08a301666550d/execute/sync - {"script":"<script> [5351 bytes]","args":[{"element-6066-11e4-a52e-4f735466cecf":"f.0C7D383FA3E737A876F1AD61BD78151D.d.35EC3B2409BB7E19BAB8F7129BDD7CF0.e.9579","ELEMENT":"f.0C7D383FA3E737A876F1AD61BD78151D.d.35EC3B2409BB7E19BAB8F7129BDD7CF0.e.9579"}]}
COMMAND: GET /session/b4821e91125fc57ae8b08a301666550d/screenshot - {}
RESULT: {}
RESULT: {"script":"<script> [5351 bytes]","args":[{"element-6066-11e4-a52e-4f735466cecf":"f.0C7D383FA3E737A876F1AD61BD78151D.d.35EC3B2409BB7E19BAB8F7129BDD7CF0.e.9579","ELEMENT":"f.0C7D383FA3E737A876F1AD61BD78151D.d.35EC3B2409BB7E19BAB8F7129BDD7CF0.e.9579"}]}
COMMAND: GET /session/b4821e91125fc57ae8b08a301666550d/screenshot - {}
RESULT: {}
RESULT: {}
COMMAND: POST /session/b4821e91125fc57ae8b08a301666550d/element/f.0C7D383FA3E737A876F1AD61BD78151D.d.35EC3B2409BB7E19BAB8F7129BDD7CF0.e.9579/click - {}
RESULT: {}
COMMAND: GET /session/b4821e91125fc57ae8b08a301666550d/screenshot - {}
COMMAND: POST /session/b4821e91125fc57ae8b08a301666550d/execute/async - {"script":"<script> [1562 bytes]","args":[{"selector":{"id":"application-managecontracts-display-component---AddNewContract--projectDescription","interaction":{"idSuffix":"inner"}},"wdio_ui5_key":"applicationmanagecontracts-display-component---AddNewContract--projectDescription"}]}
RESULT: {}
RESULT: {"script":"<script> [1562 bytes]","args":[{"selector":{"id":"application-managecontracts-display-component---AddNewContract--projectDescription","interaction":{"idSuffix":"inner"}},"wdio_ui5_key":"applicationmanagecontracts-display-component---AddNewContract--projectDescription"}]}
RESULT: undefined
COMMAND: POST /session/b4821e91125fc57ae8b08a301666550d/execute/async - {"script":"<script> [776 bytes]","args":[{"enterText":"Contract WDIO","selector":{"id":"application-managecontracts-display-component---AddNewContract--projectDescription","interaction":{"idSuffix":"inner"}},"clearTextFirst":true,"interactionType":"ENTER_TEXT"}]}
RESULT: {"script":"<script> [776 bytes]","args":[{"enterText":"Contract WDIO","selector":{"id":"application-managecontracts-display-component---AddNewContract--projectDescription","interaction":{"idSuffix":"inner"}},"clearTextFirst":true,"interactionType":"ENTER_TEXT"}]}
COMMAND: POST /session/b4821e91125fc57ae8b08a301666550d/element - {"using":"xpath","value":"//input[@id=\"application-managecontracts-display-component---AddNewContract--site-inner\"]"}
RESULT: {"using":"xpath","value":"//input[@id=\"application-managecontracts-display-component---AddNewContract--site-inner\"]"}
COMMAND: POST /session/b4821e91125fc57ae8b08a301666550d/element/f.0C7D383FA3E737A876F1AD61BD78151D.d.35EC3B2409BB7E19BAB8F7129BDD7CF0.e.9933/clear - {}
RESULT: {}
COMMAND: POST /session/b4821e91125fc57ae8b08a301666550d/element/f.0C7D383FA3E737A876F1AD61BD78151D.d.35EC3B2409BB7E19BAB8F7129BDD7CF0.e.9933/value - {"text":"2267"}
COMMAND: GET /session/b4821e91125fc57ae8b08a301666550d/screenshot - {}
RESULT: {"text":"2267"}
COMMAND: GET /session/b4821e91125fc57ae8b08a301666550d/screenshot - {}
RESULT: {}
RESULT: {}
COMMAND: POST /session/b4821e91125fc57ae8b08a301666550d/element - {"using":"xpath","value":"//li[.//span[text()='2267']]"}
RESULT: {"using":"xpath","value":"//li[.//span[text()='2267']]"}
COMMAND: POST /session/b4821e91125fc57ae8b08a301666550d/element/f.0C7D383FA3E737A876F1AD61BD78151D.d.35EC3B2409BB7E19BAB8F7129BDD7CF0.e.9963/click - {}
RESULT: {}
COMMAND: GET /session/b4821e91125fc57ae8b08a301666550d/screenshot - {}
RESULT: {}
COMMAND: POST /session/b4821e91125fc57ae8b08a301666550d/element - {"using":"xpath","value":"//input[@id=\"application-managecontracts-display-component---AddNewContract--yardId-inner\"]"}
RESULT: {"using":"xpath","value":"//input[@id=\"application-managecontracts-display-component---AddNewContract--yardId-inner\"]"}
COMMAND: GET /session/b4821e91125fc57ae8b08a301666550d/element/f.0C7D383FA3E737A876F1AD61BD78151D.d.35EC3B2409BB7E19BAB8F7129BDD7CF0.e.9934/property/value - {}
RESULT: {}
COMMAND: POST /session/b4821e91125fc57ae8b08a301666550d/element - {"using":"xpath","value":"//input[@id=\"application-managecontracts-display-component---AddNewContract--customerSelect-inner\"]"}
COMMAND: GET /session/b4821e91125fc57ae8b08a301666550d/screenshot - {}
RESULT: {"using":"xpath","value":"//input[@id=\"application-managecontracts-display-component---AddNewContract--customerSelect-inner\"]"}
COMMAND: POST /session/b4821e91125fc57ae8b08a301666550d/element/f.0C7D383FA3E737A876F1AD61BD78151D.d.35EC3B2409BB7E19BAB8F7129BDD7CF0.e.9932/clear - {}
RESULT: {}
RESULT: {}
COMMAND: POST /session/b4821e91125fc57ae8b08a301666550d/element/f.0C7D383FA3E737A876F1AD61BD78151D.d.35EC3B2409BB7E19BAB8F7129BDD7CF0.e.9932/value - {"text":"1320"}
COMMAND: GET /session/b4821e91125fc57ae8b08a301666550d/screenshot - {}
RESULT: {"text":"1320"}
COMMAND: GET /session/b4821e91125fc57ae8b08a301666550d/screenshot - {}
RESULT: {}
RESULT: {}
COMMAND: POST /session/b4821e91125fc57ae8b08a301666550d/element - {"using":"xpath","value":"//li[.//span[text()='1320']]"}
RESULT: {"using":"xpath","value":"//li[.//span[text()='1320']]"}
COMMAND: POST /session/b4821e91125fc57ae8b08a301666550d/element/f.0C7D383FA3E737A876F1AD61BD78151D.d.35EC3B2409BB7E19BAB8F7129BDD7CF0.e.9966/click - {}
RESULT: {}
COMMAND: GET /session/b4821e91125fc57ae8b08a301666550d/screenshot - {}
RESULT: {}
COMMAND: POST /session/b4821e91125fc57ae8b08a301666550d/element - {"using":"xpath","value":"//button[@data-kt=\"saveButton\"]"}
RESULT: {"using":"xpath","value":"//button[@data-kt=\"saveButton\"]"}
COMMAND: POST /session/b4821e91125fc57ae8b08a301666550d/element/f.0C7D383FA3E737A876F1AD61BD78151D.d.35EC3B2409BB7E19BAB8F7129BDD7CF0.e.9967/click - {}
RESULT: {}
COMMAND: GET /session/b4821e91125fc57ae8b08a301666550d/screenshot - {}
RESULT: {}
COMMAND: POST /session/b4821e91125fc57ae8b08a301666550d/element - {"using":"xpath","value":"//span[contains(@id ,\"contractDetailTitleNoExpanded\")]"}
RESULT: {"using":"xpath","value":"//span[contains(@id ,\"contractDetailTitleNoExpanded\")]"}
COMMAND: POST /session/b4821e91125fc57ae8b08a301666550d/elements - {"using":"xpath","value":"//span[contains(@id ,\"contractDetailTitleNoExpanded\")]"}
RESULT: {"using":"xpath","value":"//span[contains(@id ,\"contractDetailTitleNoExpanded\")]"}
COMMAND: POST /session/b4821e91125fc57ae8b08a301666550d/execute/sync - {"script":"<script> [56 bytes]","args":[{"element-6066-11e4-a52e-4f735466cecf":"f.0C7D383FA3E737A876F1AD61BD78151D.d.35EC3B2409BB7E19BAB8F7129BDD7CF0.e.10036","ELEMENT":"f.0C7D383FA3E737A876F1AD61BD78151D.d.35EC3B2409BB7E19BAB8F7129BDD7CF0.e.10036"}]}
RESULT: {"script":"<script> [56 bytes]","args":[{"element-6066-11e4-a52e-4f735466cecf":"f.0C7D383FA3E737A876F1AD61BD78151D.d.35EC3B2409BB7E19BAB8F7129BDD7CF0.e.10036","ELEMENT":"f.0C7D383FA3E737A876F1AD61BD78151D.d.35EC3B2409BB7E19BAB8F7129BDD7CF0.e.10036"}]}
COMMAND: GET /session/b4821e91125fc57ae8b08a301666550d/screenshot - {}
RESULT: {}
]]></system-out>
    </testcase>
    <testcase classname="chrome.136_0_7103_93.windows.Provide_to_Site_w/_warehouse_management_wo_clarification" name="Should add equipment to the contract" time="56.886">
      <system-out><![CDATA[
COMMAND: POST /session/b4821e91125fc57ae8b08a301666550d/element - {"using":"xpath","value":"//button[@data-kt=\"contractDetailEditBtnButton\"]"}
RESULT: {"using":"xpath","value":"//button[@data-kt=\"contractDetailEditBtnButton\"]"}
COMMAND: POST /session/b4821e91125fc57ae8b08a301666550d/element/f.0C7D383FA3E737A876F1AD61BD78151D.d.35EC3B2409BB7E19BAB8F7129BDD7CF0.e.10039/click - {}
RESULT: {}
COMMAND: GET /session/b4821e91125fc57ae8b08a301666550d/screenshot - {}
RESULT: {}
COMMAND: POST /session/b4821e91125fc57ae8b08a301666550d/element - {"using":"xpath","value":"(//span[contains(text(), \"Additional Addresses\")])[2]"}
RESULT: {"using":"xpath","value":"(//span[contains(text(), \"Additional Addresses\")])[2]"}
COMMAND: POST /session/b4821e91125fc57ae8b08a301666550d/element/f.0C7D383FA3E737A876F1AD61BD78151D.d.35EC3B2409BB7E19BAB8F7129BDD7CF0.e.10093/click - {}
RESULT: {}
COMMAND: GET /session/b4821e91125fc57ae8b08a301666550d/screenshot - {}
RESULT: {}
COMMAND: POST /session/b4821e91125fc57ae8b08a301666550d/element - {"using":"xpath","value":"//button[@data-kt=\"btnAddTableRowOverflowToolbarButton\"]"}
RESULT: {"using":"xpath","value":"//button[@data-kt=\"btnAddTableRowOverflowToolbarButton\"]"}
COMMAND: POST /session/b4821e91125fc57ae8b08a301666550d/element/f.0C7D383FA3E737A876F1AD61BD78151D.d.35EC3B2409BB7E19BAB8F7129BDD7CF0.e.10097/click - {}
RESULT: {}
COMMAND: GET /session/b4821e91125fc57ae8b08a301666550d/screenshot - {}
RESULT: {}
COMMAND: POST /session/b4821e91125fc57ae8b08a301666550d/element - {"using":"xpath","value":"//div[(text() = 'Standard Entry' or . = 'Standard Entry')]"}
RESULT: {"using":"xpath","value":"//div[(text() = 'Standard Entry' or . = 'Standard Entry')]"}
COMMAND: POST /session/b4821e91125fc57ae8b08a301666550d/element/f.0C7D383FA3E737A876F1AD61BD78151D.d.35EC3B2409BB7E19BAB8F7129BDD7CF0.e.10099/click - {}
RESULT: {}
COMMAND: GET /session/b4821e91125fc57ae8b08a301666550d/screenshot - {}
RESULT: {}
COMMAND: POST /session/b4821e91125fc57ae8b08a301666550d/element - {"using":"xpath","value":"//td[6]/div/div/div/span"}
RESULT: {"using":"xpath","value":"//td[6]/div/div/div/span"}
COMMAND: POST /session/b4821e91125fc57ae8b08a301666550d/element/f.0C7D383FA3E737A876F1AD61BD78151D.d.35EC3B2409BB7E19BAB8F7129BDD7CF0.e.10111/click - {}
RESULT: {}
COMMAND: GET /session/b4821e91125fc57ae8b08a301666550d/screenshot - {}
RESULT: {}
COMMAND: POST /session/b4821e91125fc57ae8b08a301666550d/element - {"using":"xpath","value":"(//span[contains(text(), \"Material\")])"}
RESULT: {"using":"xpath","value":"(//span[contains(text(), \"Material\")])"}
COMMAND: POST /session/b4821e91125fc57ae8b08a301666550d/element/f.0C7D383FA3E737A876F1AD61BD78151D.d.35EC3B2409BB7E19BAB8F7129BDD7CF0.e.10112/click - {}
RESULT: {}
COMMAND: GET /session/b4821e91125fc57ae8b08a301666550d/screenshot - {}
RESULT: {}
COMMAND: POST /session/b4821e91125fc57ae8b08a301666550d/element - {"using":"xpath","value":"//td[7]/div/div/input"}
RESULT: {"using":"xpath","value":"//td[7]/div/div/input"}
COMMAND: POST /session/b4821e91125fc57ae8b08a301666550d/element/f.0C7D383FA3E737A876F1AD61BD78151D.d.35EC3B2409BB7E19BAB8F7129BDD7CF0.e.10116/clear - {}
RESULT: {}
COMMAND: POST /session/b4821e91125fc57ae8b08a301666550d/element/f.0C7D383FA3E737A876F1AD61BD78151D.d.35EC3B2409BB7E19BAB8F7129BDD7CF0.e.10116/value - {"text":"200284"}
COMMAND: GET /session/b4821e91125fc57ae8b08a301666550d/screenshot - {}
RESULT: {"text":"200284"}
COMMAND: GET /session/b4821e91125fc57ae8b08a301666550d/screenshot - {}
RESULT: {}
RESULT: {}
COMMAND: POST /session/b4821e91125fc57ae8b08a301666550d/actions - {"actions":[{"id":"action34","type":"key","parameters":{},"actions":[{"type":"keyDown","value":"î€‡"},{"type":"pause","duration":10},{"type":"keyUp","value":"î€‡"}]}]}
RESULT: {"actions":[{"id":"action34","type":"key","parameters":{},"actions":[{"type":"keyDown","value":"î€‡"},{"type":"pause","duration":10},{"type":"keyUp","value":"î€‡"}]}]}
COMMAND: GET /session/b4821e91125fc57ae8b08a301666550d/screenshot - {}
RESULT: {}
COMMAND: POST /session/b4821e91125fc57ae8b08a301666550d/execute/sync - {"script":"<script> [276 bytes]","args":["No pricing information was found"]}
RESULT: {"script":"<script> [276 bytes]","args":["No pricing information was found"]}
COMMAND: POST /session/b4821e91125fc57ae8b08a301666550d/element - {"using":"xpath","value":"//bdi[contains(text(), \"OK\")]"}
COMMAND: GET /session/b4821e91125fc57ae8b08a301666550d/screenshot - {}
RESULT: {"using":"xpath","value":"//bdi[contains(text(), \"OK\")]"}
COMMAND: POST /session/b4821e91125fc57ae8b08a301666550d/element/f.0C7D383FA3E737A876F1AD61BD78151D.d.35EC3B2409BB7E19BAB8F7129BDD7CF0.e.10142/click - {}
RESULT: {}
RESULT: {}
COMMAND: GET /session/b4821e91125fc57ae8b08a301666550d/screenshot - {}
RESULT: {}
COMMAND: POST /session/b4821e91125fc57ae8b08a301666550d/element - {"using":"xpath","value":"(//button[@data-kt=\"saveButton\"])[2]"}
RESULT: {"using":"xpath","value":"(//button[@data-kt=\"saveButton\"])[2]"}
COMMAND: POST /session/b4821e91125fc57ae8b08a301666550d/element/f.0C7D383FA3E737A876F1AD61BD78151D.d.35EC3B2409BB7E19BAB8F7129BDD7CF0.e.10143/click - {}
RESULT: {}
COMMAND: GET /session/b4821e91125fc57ae8b08a301666550d/screenshot - {}
RESULT: {}
COMMAND: POST /session/b4821e91125fc57ae8b08a301666550d/execute/sync - {"script":"<script> [276 bytes]","args":["Some contract items are having rental validity exceeding header rental validity"]}
RESULT: {"script":"<script> [276 bytes]","args":["Some contract items are having rental validity exceeding header rental validity"]}
COMMAND: GET /session/b4821e91125fc57ae8b08a301666550d/screenshot - {}
RESULT: {}
COMMAND: POST /session/b4821e91125fc57ae8b08a301666550d/element - {"using":"xpath","value":"//span[contains(@id ,\"contractItemsSmartTable-header-inner\")]"}
RESULT: {"using":"xpath","value":"//span[contains(@id ,\"contractItemsSmartTable-header-inner\")]"}
COMMAND: POST /session/b4821e91125fc57ae8b08a301666550d/elements - {"using":"xpath","value":"//span[contains(@id ,\"contractItemsSmartTable-header-inner\")]"}
RESULT: {"using":"xpath","value":"//span[contains(@id ,\"contractItemsSmartTable-header-inner\")]"}
COMMAND: POST /session/b4821e91125fc57ae8b08a301666550d/execute/sync - {"script":"<script> [56 bytes]","args":[{"element-6066-11e4-a52e-4f735466cecf":"f.0C7D383FA3E737A876F1AD61BD78151D.d.35EC3B2409BB7E19BAB8F7129BDD7CF0.e.10147","ELEMENT":"f.0C7D383FA3E737A876F1AD61BD78151D.d.35EC3B2409BB7E19BAB8F7129BDD7CF0.e.10147"}]}
RESULT: {"script":"<script> [56 bytes]","args":[{"element-6066-11e4-a52e-4f735466cecf":"f.0C7D383FA3E737A876F1AD61BD78151D.d.35EC3B2409BB7E19BAB8F7129BDD7CF0.e.10147","ELEMENT":"f.0C7D383FA3E737A876F1AD61BD78151D.d.35EC3B2409BB7E19BAB8F7129BDD7CF0.e.10147"}]}
COMMAND: GET /session/b4821e91125fc57ae8b08a301666550d/screenshot - {}
]]></system-out>
    </testcase>
    <testcase classname="chrome.136_0_7103_93.windows.Provide_to_Site_w/_warehouse_management_wo_clarification" name="Should provide to site" time="34.706">
      <system-out><![CDATA[
COMMAND: POST /session/b4821e91125fc57ae8b08a301666550d/element - {"using":"xpath","value":"//button[@data-kt=\"provideButton\"]"}
RESULT: {}
RESULT: {"using":"xpath","value":"//button[@data-kt=\"provideButton\"]"}
COMMAND: POST /session/b4821e91125fc57ae8b08a301666550d/element/f.0C7D383FA3E737A876F1AD61BD78151D.d.35EC3B2409BB7E19BAB8F7129BDD7CF0.e.10148/click - {}
RESULT: {}
COMMAND: GET /session/b4821e91125fc57ae8b08a301666550d/screenshot - {}
RESULT: undefined
COMMAND: POST /session/b4821e91125fc57ae8b08a301666550d/execute/async - {"script":"<script> [6424 bytes]","args":[{"element-6066-11e4-a52e-4f735466cecf":"f.0C7D383FA3E737A876F1AD61BD78151D.d.35EC3B2409BB7E19BAB8F7129BDD7CF0.e.9022"},"setValue",["05/19/25"]]}
RESULT: {}
COMMAND: POST /session/b4821e91125fc57ae8b08a301666550d/execute/async - {"script":"<script> [1562 bytes]","args":[{"selector":{"id":"application-managehandovers-display-component---AddNewHO--dueDate","interaction":{"idSuffix":"inner"}},"wdio_ui5_key":"applicationmanagehandovers-display-component---AddNewHO--dueDate"}]}
RESULT: {"script":"<script> [1562 bytes]","args":[{"selector":{"id":"application-managehandovers-display-component---AddNewHO--dueDate","interaction":{"idSuffix":"inner"}},"wdio_ui5_key":"applicationmanagehandovers-display-component---AddNewHO--dueDate"}]}
COMMAND: POST /session/b4821e91125fc57ae8b08a301666550d/execute/async - {"script":"<script> [6424 bytes]","args":[{"element-6066-11e4-a52e-4f735466cecf":"f.0C7D383FA3E737A876F1AD61BD78151D.d.35EC3B2409BB7E19BAB8F7129BDD7CF0.e.10224"},"setValue",["05/19/25"]]}
RESULT: {"script":"<script> [6424 bytes]","args":[{"element-6066-11e4-a52e-4f735466cecf":"f.0C7D383FA3E737A876F1AD61BD78151D.d.35EC3B2409BB7E19BAB8F7129BDD7CF0.e.10224"},"setValue",["05/19/25"]]}
COMMAND: POST /session/b4821e91125fc57ae8b08a301666550d/element - {"using":"xpath","value":"//bdi[contains(text(), \"Instructions\")]"}
RESULT: {"using":"xpath","value":"//bdi[contains(text(), \"Instructions\")]"}
COMMAND: POST /session/b4821e91125fc57ae8b08a301666550d/element/f.0C7D383FA3E737A876F1AD61BD78151D.d.35EC3B2409BB7E19BAB8F7129BDD7CF0.e.10455/click - {}
RESULT: {}
COMMAND: GET /session/b4821e91125fc57ae8b08a301666550d/screenshot - {}
RESULT: {}
COMMAND: POST /session/b4821e91125fc57ae8b08a301666550d/element - {"using":"xpath","value":"//button[@data-kt=\"AddNewHOProvideAddItemsButton\"]"}
RESULT: {"using":"xpath","value":"//button[@data-kt=\"AddNewHOProvideAddItemsButton\"]"}
COMMAND: POST /session/b4821e91125fc57ae8b08a301666550d/element/f.0C7D383FA3E737A876F1AD61BD78151D.d.35EC3B2409BB7E19BAB8F7129BDD7CF0.e.10459/click - {}
RESULT: {}
COMMAND: GET /session/b4821e91125fc57ae8b08a301666550d/screenshot - {}
RESULT: {}
RESULT: undefined
COMMAND: POST /session/b4821e91125fc57ae8b08a301666550d/element - {"using":"xpath","value":"//*[@id=\"application-managehandovers-display-component---AddNewHO--popup-sa\"]"}
RESULT: {"using":"xpath","value":"//*[@id=\"application-managehandovers-display-component---AddNewHO--popup-sa\"]"}
COMMAND: POST /session/b4821e91125fc57ae8b08a301666550d/element/f.0C7D383FA3E737A876F1AD61BD78151D.d.35EC3B2409BB7E19BAB8F7129BDD7CF0.e.10474/click - {}
RESULT: {}
COMMAND: GET /session/b4821e91125fc57ae8b08a301666550d/screenshot - {}
RESULT: {}
COMMAND: POST /session/b4821e91125fc57ae8b08a301666550d/element - {"using":"xpath","value":"//*[contains(@id ,\"BDI-content\")][contains(text(), \"Select\")]"}
RESULT: {"using":"xpath","value":"//*[contains(@id ,\"BDI-content\")][contains(text(), \"Select\")]"}
COMMAND: POST /session/b4821e91125fc57ae8b08a301666550d/element/f.0C7D383FA3E737A876F1AD61BD78151D.d.35EC3B2409BB7E19BAB8F7129BDD7CF0.e.10476/click - {}
RESULT: {}
COMMAND: GET /session/b4821e91125fc57ae8b08a301666550d/screenshot - {}
RESULT: {}
COMMAND: POST /session/b4821e91125fc57ae8b08a301666550d/element - {"using":"xpath","value":"//bdi[(text() = 'Save' or . = 'Save')]"}
RESULT: {"using":"xpath","value":"//bdi[(text() = 'Save' or . = 'Save')]"}
COMMAND: POST /session/b4821e91125fc57ae8b08a301666550d/element/f.0C7D383FA3E737A876F1AD61BD78151D.d.35EC3B2409BB7E19BAB8F7129BDD7CF0.e.10479/click - {}
RESULT: {}
COMMAND: GET /session/b4821e91125fc57ae8b08a301666550d/screenshot - {}
RESULT: {}
]]></system-out>
    </testcase>
    <testcase classname="chrome.136_0_7103_93.windows.Provide_to_Site_w/_warehouse_management_wo_clarification" name="Should Test for Handover Execution" time="140.667">
      <system-out><![CDATA[
COMMAND: POST /session/b4821e91125fc57ae8b08a301666550d/execute/async - {"script":"<script> [1562 bytes]","args":[{"selector":{"controlType":"sap.m.Link","viewName":"etm.portal.ui.managehandovers.view.DetailExecuteHO","bindingPath":{"path":"","propertyPath":"/wmDoc","modelName":"warehouseMovModel"}},"wdio_ui5_key":"etmportal.ui.managehandovers.view.DetailExecuteHOsap.m.Link{\"path\":\"\",\"propertyPath\":\"/wmDoc\",\"modelName\":\"warehouseMovModel\"}"}]}
RESULT: {"script":"<script> [1562 bytes]","args":[{"selector":{"controlType":"sap.m.Link","viewName":"etm.portal.ui.managehandovers.view.DetailExecuteHO","bindingPath":{"path":"","propertyPath":"/wmDoc","modelName":"warehouseMovModel"}},"wdio_ui5_key":"etmportal.ui.managehandovers.view.DetailExecuteHOsap.m.Link{\"path\":\"\",\"propertyPath\":\"/wmDoc\",\"modelName\":\"warehouseMovModel\"}"}]}
RESULT: undefined
COMMAND: POST /session/b4821e91125fc57ae8b08a301666550d/element - {"using":"xpath","value":"//*[@id=\"__link81\"]"}
RESULT: {"using":"xpath","value":"//*[@id=\"__link81\"]"}
COMMAND: POST /session/b4821e91125fc57ae8b08a301666550d/element/f.0C7D383FA3E737A876F1AD61BD78151D.d.35EC3B2409BB7E19BAB8F7129BDD7CF0.e.10525/click - {}
RESULT: {}
COMMAND: GET /session/b4821e91125fc57ae8b08a301666550d/screenshot - {}
RESULT: {}
COMMAND: POST /session/b4821e91125fc57ae8b08a301666550d/execute/async - {"script":"<script> [1562 bytes]","args":[{"selector":{"controlType":"sap.m.Link","viewName":"etm.portal.ui.managehandovers.view.DetailExecuteHO","properties":{"text":"Warehouse Overview"},"searchOpenDialogs":true},"wdio_ui5_key":"etmportal.ui.managehandovers.view.DetailExecuteHOsap.m.Link{\"text\":\"Warehouse Overview\"}"}]}
RESULT: {"script":"<script> [1562 bytes]","args":[{"selector":{"controlType":"sap.m.Link","viewName":"etm.portal.ui.managehandovers.view.DetailExecuteHO","properties":{"text":"Warehouse Overview"},"searchOpenDialogs":true},"wdio_ui5_key":"etmportal.ui.managehandovers.view.DetailExecuteHOsap.m.Link{\"text\":\"Warehouse Overview\"}"}]}
RESULT: undefined
COMMAND: POST /session/b4821e91125fc57ae8b08a301666550d/element - {"using":"xpath","value":"//*[@id=\"__link96\"]"}
RESULT: {"using":"xpath","value":"//*[@id=\"__link96\"]"}
COMMAND: POST /session/b4821e91125fc57ae8b08a301666550d/element/f.0C7D383FA3E737A876F1AD61BD78151D.d.35EC3B2409BB7E19BAB8F7129BDD7CF0.e.10527/click - {}
RESULT: {}
COMMAND: GET /session/b4821e91125fc57ae8b08a301666550d/screenshot - {}
RESULT: {}
COMMAND: POST /session/b4821e91125fc57ae8b08a301666550d/execute/async - {"script":"<script> [1562 bytes]","args":[{"selector":{"controlType":"sap.m.Button","viewName":"etm.portal.ui.warehousemovements.view.DisplayMovement","viewId":"application-warehousemovements-display-component---displayMovement","i18NText":{"propertyName":"text","key":"execution"},"interaction":{"idSuffix":"BDI-content"}},"wdio_ui5_key":"etmportal.ui.warehousemovements.view.DisplayMovementsap.m.Button{\"propertyName\":\"text\",\"key\":\"execution\"}"}]}
RESULT: {"script":"<script> [1562 bytes]","args":[{"selector":{"controlType":"sap.m.Button","viewName":"etm.portal.ui.warehousemovements.view.DisplayMovement","viewId":"application-warehousemovements-display-component---displayMovement","i18NText":{"propertyName":"text","key":"execution"},"interaction":{"idSuffix":"BDI-content"}},"wdio_ui5_key":"etmportal.ui.warehousemovements.view.DisplayMovementsap.m.Button{\"propertyName\":\"text\",\"key\":\"execution\"}"}]}
RESULT: undefined
COMMAND: POST /session/b4821e91125fc57ae8b08a301666550d/element - {"using":"xpath","value":"//*[@id=\"__button219\"]"}
RESULT: {"using":"xpath","value":"//*[@id=\"__button219\"]"}
COMMAND: POST /session/b4821e91125fc57ae8b08a301666550d/element/f.0C7D383FA3E737A876F1AD61BD78151D.d.35EC3B2409BB7E19BAB8F7129BDD7CF0.e.10668/click - {}
RESULT: {}
COMMAND: GET /session/b4821e91125fc57ae8b08a301666550d/screenshot - {}
RESULT: {}
COMMAND: POST /session/b4821e91125fc57ae8b08a301666550d/execute/async - {"script":"<script> [1562 bytes]","args":[{"selector":{"controlType":"sap.m.Button","viewName":"etm.portal.ui.warehousemovements.view.ExecuteMovement","viewId":"application-warehousemovements-display-component---executeMovement","properties":{"text":"Items"},"interaction":{"idSuffix":"BDI-content"}},"wdio_ui5_key":"etmportal.ui.warehousemovements.view.ExecuteMovementsap.m.Button{\"text\":\"Items\"}"}]}
RESULT: {"script":"<script> [1562 bytes]","args":[{"selector":{"controlType":"sap.m.Button","viewName":"etm.portal.ui.warehousemovements.view.ExecuteMovement","viewId":"application-warehousemovements-display-component---executeMovement","properties":{"text":"Items"},"interaction":{"idSuffix":"BDI-content"}},"wdio_ui5_key":"etmportal.ui.warehousemovements.view.ExecuteMovementsap.m.Button{\"text\":\"Items\"}"}]}
RESULT: undefined
COMMAND: POST /session/b4821e91125fc57ae8b08a301666550d/element - {"using":"xpath","value":"//*[@id=\"__layout353-anchBar-application-warehousemovements-display-component---executeMovement--itemsSection-anchor\"]"}
RESULT: {"using":"xpath","value":"//*[@id=\"__layout353-anchBar-application-warehousemovements-display-component---executeMovement--itemsSection-anchor\"]"}
COMMAND: POST /session/b4821e91125fc57ae8b08a301666550d/element/f.0C7D383FA3E737A876F1AD61BD78151D.d.35EC3B2409BB7E19BAB8F7129BDD7CF0.e.10765/click - {}
RESULT: {}
COMMAND: GET /session/b4821e91125fc57ae8b08a301666550d/screenshot - {}
RESULT: {}
COMMAND: POST /session/b4821e91125fc57ae8b08a301666550d/execute/async - {"script":"<script> [1562 bytes]","args":[{"selector":{"controlType":"sap.m.ToggleButton","viewName":"etm.portal.ui.warehousemovements.view.ExecuteMovement","viewId":"application-warehousemovements-display-component---executeMovement","bindingPath":{"propertyPath":"STATUS","modelName":"catalogModel"},"interaction":{"idSuffix":"BDI-content"}},"wdio_ui5_key":"etmportal.ui.warehousemovements.view.ExecuteMovementsap.m.ToggleButton{\"propertyPath\":\"STATUS\",\"modelName\":\"catalogModel\"}"}]}
RESULT: {"script":"<script> [1562 bytes]","args":[{"selector":{"controlType":"sap.m.ToggleButton","viewName":"etm.portal.ui.warehousemovements.view.ExecuteMovement","viewId":"application-warehousemovements-display-component---executeMovement","bindingPath":{"propertyPath":"STATUS","modelName":"catalogModel"},"interaction":{"idSuffix":"BDI-content"}},"wdio_ui5_key":"etmportal.ui.warehousemovements.view.ExecuteMovementsap.m.ToggleButton{\"propertyPath\":\"STATUS\",\"modelName\":\"catalogModel\"}"}]}
RESULT: undefined
COMMAND: POST /session/b4821e91125fc57ae8b08a301666550d/element - {"using":"xpath","value":"//*[@id=\"__button242-__clone3321\"]"}
RESULT: {"using":"xpath","value":"//*[@id=\"__button242-__clone3321\"]"}
COMMAND: POST /session/b4821e91125fc57ae8b08a301666550d/element/f.0C7D383FA3E737A876F1AD61BD78151D.d.35EC3B2409BB7E19BAB8F7129BDD7CF0.e.10736/click - {}
RESULT: {}
RESULT: undefined
COMMAND: POST /session/b4821e91125fc57ae8b08a301666550d/element - {"using":"xpath","value":"//*[@id=\"__button242-__clone3321\"]"}
COMMAND: GET /session/b4821e91125fc57ae8b08a301666550d/screenshot - {}
RESULT: {"using":"xpath","value":"//*[@id=\"__button242-__clone3321\"]"}
COMMAND: POST /session/b4821e91125fc57ae8b08a301666550d/element/f.0C7D383FA3E737A876F1AD61BD78151D.d.35EC3B2409BB7E19BAB8F7129BDD7CF0.e.10736/click - {}
RESULT: {}
RESULT: {}
COMMAND: GET /session/b4821e91125fc57ae8b08a301666550d/screenshot - {}
RESULT: {}
RESULT: undefined
COMMAND: POST /session/b4821e91125fc57ae8b08a301666550d/execute/async - {"script":"<script> [6424 bytes]","args":[{"element-6066-11e4-a52e-4f735466cecf":"f.0C7D383FA3E737A876F1AD61BD78151D.d.35EC3B2409BB7E19BAB8F7129BDD7CF0.e.10769"},"getText",[]]}
RESULT: {"script":"<script> [6424 bytes]","args":[{"element-6066-11e4-a52e-4f735466cecf":"f.0C7D383FA3E737A876F1AD61BD78151D.d.35EC3B2409BB7E19BAB8F7129BDD7CF0.e.10769"},"getText",[]]}
COMMAND: POST /session/b4821e91125fc57ae8b08a301666550d/element - {"using":"xpath","value":"//section[contains(@id,\"FC-NoHead\")]/div[1]/div[5]/div[2]/span"}
RESULT: {"using":"xpath","value":"//section[contains(@id,\"FC-NoHead\")]/div[1]/div[5]/div[2]/span"}
COMMAND: POST /session/b4821e91125fc57ae8b08a301666550d/elements - {"using":"xpath","value":"//section[contains(@id,\"FC-NoHead\")]/div[1]/div[5]/div[2]/span"}
RESULT: {"using":"xpath","value":"//section[contains(@id,\"FC-NoHead\")]/div[1]/div[5]/div[2]/span"}
COMMAND: POST /session/b4821e91125fc57ae8b08a301666550d/execute/sync - {"script":"<script> [56 bytes]","args":[{"element-6066-11e4-a52e-4f735466cecf":"f.0C7D383FA3E737A876F1AD61BD78151D.d.35EC3B2409BB7E19BAB8F7129BDD7CF0.e.10771","ELEMENT":"f.0C7D383FA3E737A876F1AD61BD78151D.d.35EC3B2409BB7E19BAB8F7129BDD7CF0.e.10771"}]}
RESULT: {"script":"<script> [56 bytes]","args":[{"element-6066-11e4-a52e-4f735466cecf":"f.0C7D383FA3E737A876F1AD61BD78151D.d.35EC3B2409BB7E19BAB8F7129BDD7CF0.e.10771","ELEMENT":"f.0C7D383FA3E737A876F1AD61BD78151D.d.35EC3B2409BB7E19BAB8F7129BDD7CF0.e.10771"}]}
COMMAND: POST /session/b4821e91125fc57ae8b08a301666550d/actions - {"actions":[{"id":"action35","type":"key","parameters":{},"actions":[{"type":"keyDown","value":"î€‡"},{"type":"pause","duration":10},{"type":"keyUp","value":"î€‡"}]}]}
COMMAND: GET /session/b4821e91125fc57ae8b08a301666550d/screenshot - {}
RESULT: {"actions":[{"id":"action35","type":"key","parameters":{},"actions":[{"type":"keyDown","value":"î€‡"},{"type":"pause","duration":10},{"type":"keyUp","value":"î€‡"}]}]}
COMMAND: POST /session/b4821e91125fc57ae8b08a301666550d/execute/async - {"script":"<script> [1562 bytes]","args":[{"selector":{"id":"application-warehousemovements-display-component---executeMovement--executeId","interaction":{"idSuffix":"BDI-content"}},"wdio_ui5_key":"applicationwarehousemovements-display-component---executeMovement--executeId"}]}
COMMAND: GET /session/b4821e91125fc57ae8b08a301666550d/screenshot - {}
RESULT: {}
RESULT: {"script":"<script> [1562 bytes]","args":[{"selector":{"id":"application-warehousemovements-display-component---executeMovement--executeId","interaction":{"idSuffix":"BDI-content"}},"wdio_ui5_key":"applicationwarehousemovements-display-component---executeMovement--executeId"}]}
RESULT: undefined
COMMAND: POST /session/b4821e91125fc57ae8b08a301666550d/element - {"using":"xpath","value":"//*[@id=\"application-warehousemovements-display-component---executeMovement--executeId\"]"}
RESULT: {}
RESULT: {"using":"xpath","value":"//*[@id=\"application-warehousemovements-display-component---executeMovement--executeId\"]"}
COMMAND: POST /session/b4821e91125fc57ae8b08a301666550d/element/f.0C7D383FA3E737A876F1AD61BD78151D.d.35EC3B2409BB7E19BAB8F7129BDD7CF0.e.10730/click - {}
RESULT: {}
COMMAND: GET /session/b4821e91125fc57ae8b08a301666550d/screenshot - {}
RESULT: {}
COMMAND: POST /session/b4821e91125fc57ae8b08a301666550d/element - {"using":"css selector","value":"#shell-header-logo"}
RESULT: {"using":"css selector","value":"#shell-header-logo"}
COMMAND: POST /session/b4821e91125fc57ae8b08a301666550d/element/f.0C7D383FA3E737A876F1AD61BD78151D.d.35EC3B2409BB7E19BAB8F7129BDD7CF0.e.9530/click - {}
RESULT: {}
COMMAND: GET /session/b4821e91125fc57ae8b08a301666550d/screenshot - {}
RESULT: {}
RESULT: undefined
COMMAND: POST /session/b4821e91125fc57ae8b08a301666550d/element - {"using":"xpath","value":"//*[@id=\"__tile133\"]"}
RESULT: {"using":"xpath","value":"//*[@id=\"__tile133\"]"}
COMMAND: POST /session/b4821e91125fc57ae8b08a301666550d/element/f.0C7D383FA3E737A876F1AD61BD78151D.d.35EC3B2409BB7E19BAB8F7129BDD7CF0.e.7986/click - {}
RESULT: {}
COMMAND: GET /session/b4821e91125fc57ae8b08a301666550d/screenshot - {}
RESULT: {}
COMMAND: POST /session/b4821e91125fc57ae8b08a301666550d/elements - {"using":"xpath","value":"//span[text()='Error']"}
RESULT: {"using":"xpath","value":"//span[text()='Error']"}
COMMAND: POST /session/b4821e91125fc57ae8b08a301666550d/execute/async - {"script":"<script> [1562 bytes]","args":[{"selector":{"controlType":"sap.m.SearchField","viewName":"etm.portal.ui.managehandovers.view.MasterHO","bindingPath":{"propertyPath":"/_BASIC_SEARCH_FIELD","modelName":"fi1t3rM0d31"},"interaction":{"idSuffix":"I"}},"wdio_ui5_key":"etmportal.ui.managehandovers.view.MasterHOsap.m.SearchField{\"propertyPath\":\"/_BASIC_SEARCH_FIELD\",\"modelName\":\"fi1t3rM0d31\"}"}]}
RESULT: {"script":"<script> [1562 bytes]","args":[{"selector":{"controlType":"sap.m.SearchField","viewName":"etm.portal.ui.managehandovers.view.MasterHO","bindingPath":{"propertyPath":"/_BASIC_SEARCH_FIELD","modelName":"fi1t3rM0d31"},"interaction":{"idSuffix":"I"}},"wdio_ui5_key":"etmportal.ui.managehandovers.view.MasterHOsap.m.SearchField{\"propertyPath\":\"/_BASIC_SEARCH_FIELD\",\"modelName\":\"fi1t3rM0d31\"}"}]}
RESULT: undefined
COMMAND: POST /session/b4821e91125fc57ae8b08a301666550d/execute/async - {"script":"<script> [776 bytes]","args":[{"enterText":"30717","selector":{"controlType":"sap.m.SearchField","viewName":"etm.portal.ui.managehandovers.view.MasterHO","bindingPath":{"propertyPath":"/_BASIC_SEARCH_FIELD","modelName":"fi1t3rM0d31"},"interaction":{"idSuffix":"I"}},"clearTextFirst":true,"interactionType":"ENTER_TEXT"}]}
RESULT: {"script":"<script> [776 bytes]","args":[{"enterText":"30717","selector":{"controlType":"sap.m.SearchField","viewName":"etm.portal.ui.managehandovers.view.MasterHO","bindingPath":{"propertyPath":"/_BASIC_SEARCH_FIELD","modelName":"fi1t3rM0d31"},"interaction":{"idSuffix":"I"}},"clearTextFirst":true,"interactionType":"ENTER_TEXT"}]}
COMMAND: POST /session/b4821e91125fc57ae8b08a301666550d/actions - {"actions":[{"id":"action36","type":"key","parameters":{},"actions":[{"type":"keyDown","value":"î€‡"},{"type":"pause","duration":10},{"type":"keyUp","value":"î€‡"}]}]}
RESULT: {"actions":[{"id":"action36","type":"key","parameters":{},"actions":[{"type":"keyDown","value":"î€‡"},{"type":"pause","duration":10},{"type":"keyUp","value":"î€‡"}]}]}
COMMAND: GET /session/b4821e91125fc57ae8b08a301666550d/screenshot - {}
RESULT: {}
COMMAND: POST /session/b4821e91125fc57ae8b08a301666550d/execute/async - {"script":"<script> [1562 bytes]","args":[{"selector":{"controlType":"sap.ui.core.Icon","viewName":"etm.portal.ui.managehandovers.view.MasterHO","properties":{"src":{"regex":{"source":"slim\\-arrow\\-right"}}}},"wdio_ui5_key":"etmportal.ui.managehandovers.view.MasterHOsap.ui.core.Icon{\"src\":{\"regex\":{\"source\":\"slim\\\\-arrow\\\\-right\"}}}"}]}
RESULT: {"script":"<script> [1562 bytes]","args":[{"selector":{"controlType":"sap.ui.core.Icon","viewName":"etm.portal.ui.managehandovers.view.MasterHO","properties":{"src":{"regex":{"source":"slim\\-arrow\\-right"}}}},"wdio_ui5_key":"etmportal.ui.managehandovers.view.MasterHOsap.ui.core.Icon{\"src\":{\"regex\":{\"source\":\"slim\\\\-arrow\\\\-right\"}}}"}]}
RESULT: undefined
COMMAND: POST /session/b4821e91125fc57ae8b08a301666550d/element - {"using":"xpath","value":"//*[@id=\"__item1777-__clone3400-imgNav\"]"}
RESULT: {"using":"xpath","value":"//*[@id=\"__item1777-__clone3400-imgNav\"]"}
COMMAND: POST /session/b4821e91125fc57ae8b08a301666550d/element/f.0C7D383FA3E737A876F1AD61BD78151D.d.35EC3B2409BB7E19BAB8F7129BDD7CF0.e.11112/click - {}
RESULT: {}
COMMAND: GET /session/b4821e91125fc57ae8b08a301666550d/screenshot - {}
RESULT: {}
COMMAND: POST /session/b4821e91125fc57ae8b08a301666550d/execute/async - {"script":"<script> [1562 bytes]","args":[{"selector":{"controlType":"sap.m.Button","viewName":"etm.portal.ui.managehandovers.view.DetailExecuteHO","i18NText":{"propertyName":"text","key":"confirmAll"},"interaction":{"idSuffix":"BDI-content"}},"wdio_ui5_key":"etmportal.ui.managehandovers.view.DetailExecuteHOsap.m.Button{\"propertyName\":\"text\",\"key\":\"confirmAll\"}"}]}
RESULT: {"script":"<script> [1562 bytes]","args":[{"selector":{"controlType":"sap.m.Button","viewName":"etm.portal.ui.managehandovers.view.DetailExecuteHO","i18NText":{"propertyName":"text","key":"confirmAll"},"interaction":{"idSuffix":"BDI-content"}},"wdio_ui5_key":"etmportal.ui.managehandovers.view.DetailExecuteHOsap.m.Button{\"propertyName\":\"text\",\"key\":\"confirmAll\"}"}]}
RESULT: undefined
COMMAND: POST /session/b4821e91125fc57ae8b08a301666550d/element - {"using":"xpath","value":"//*[@id=\"__button280\"]"}
RESULT: {"using":"xpath","value":"//*[@id=\"__button280\"]"}
COMMAND: POST /session/b4821e91125fc57ae8b08a301666550d/element/f.0C7D383FA3E737A876F1AD61BD78151D.d.35EC3B2409BB7E19BAB8F7129BDD7CF0.e.11194/click - {}
RESULT: {}
COMMAND: GET /session/b4821e91125fc57ae8b08a301666550d/screenshot - {}
RESULT: {}
COMMAND: POST /session/b4821e91125fc57ae8b08a301666550d/actions - {"actions":[{"id":"action37","type":"key","parameters":{},"actions":[{"type":"keyDown","value":"î€‡"},{"type":"pause","duration":10},{"type":"keyUp","value":"î€‡"}]}]}
RESULT: {"actions":[{"id":"action37","type":"key","parameters":{},"actions":[{"type":"keyDown","value":"î€‡"},{"type":"pause","duration":10},{"type":"keyUp","value":"î€‡"}]}]}
COMMAND: GET /session/b4821e91125fc57ae8b08a301666550d/screenshot - {}
RESULT: {}
COMMAND: POST /session/b4821e91125fc57ae8b08a301666550d/element - {"using":"xpath","value":"//button[@data-kt=\"execHoIssueButton\"]"}
RESULT: {"using":"xpath","value":"//button[@data-kt=\"execHoIssueButton\"]"}
COMMAND: POST /session/b4821e91125fc57ae8b08a301666550d/element/f.0C7D383FA3E737A876F1AD61BD78151D.d.35EC3B2409BB7E19BAB8F7129BDD7CF0.e.11198/click - {}
RESULT: {}
COMMAND: GET /session/b4821e91125fc57ae8b08a301666550d/screenshot - {}
RESULT: {}
RESULT: undefined
COMMAND: POST /session/b4821e91125fc57ae8b08a301666550d/execute/async - {"script":"<script> [776 bytes]","args":[{"enterText":"30717","selector":{"controlType":"sap.m.SearchField","viewName":"etm.portal.ui.managehandovers.view.MasterHO","bindingPath":{"propertyPath":"/_BASIC_SEARCH_FIELD","modelName":"fi1t3rM0d31"},"interaction":{"idSuffix":"I"}},"clearTextFirst":true,"interactionType":"ENTER_TEXT"}]}
RESULT: {"script":"<script> [776 bytes]","args":[{"enterText":"30717","selector":{"controlType":"sap.m.SearchField","viewName":"etm.portal.ui.managehandovers.view.MasterHO","bindingPath":{"propertyPath":"/_BASIC_SEARCH_FIELD","modelName":"fi1t3rM0d31"},"interaction":{"idSuffix":"I"}},"clearTextFirst":true,"interactionType":"ENTER_TEXT"}]}
COMMAND: POST /session/b4821e91125fc57ae8b08a301666550d/actions - {"actions":[{"id":"action38","type":"key","parameters":{},"actions":[{"type":"keyDown","value":"î€‡"},{"type":"pause","duration":10},{"type":"keyUp","value":"î€‡"}]}]}
RESULT: {"actions":[{"id":"action38","type":"key","parameters":{},"actions":[{"type":"keyDown","value":"î€‡"},{"type":"pause","duration":10},{"type":"keyUp","value":"î€‡"}]}]}
COMMAND: GET /session/b4821e91125fc57ae8b08a301666550d/screenshot - {}
RESULT: {}
COMMAND: POST /session/b4821e91125fc57ae8b08a301666550d/element - {"using":"xpath","value":"//span[(text() = '30717' or . = '30717')]"}
RESULT: {"using":"xpath","value":"//span[(text() = '30717' or . = '30717')]"}
COMMAND: POST /session/b4821e91125fc57ae8b08a301666550d/element/f.0C7D383FA3E737A876F1AD61BD78151D.d.35EC3B2409BB7E19BAB8F7129BDD7CF0.e.11243/click - {}
RESULT: {}
COMMAND: GET /session/b4821e91125fc57ae8b08a301666550d/screenshot - {}
RESULT: {}
COMMAND: POST /session/b4821e91125fc57ae8b08a301666550d/element - {"using":"xpath","value":"//span[contains(text(), \"Instructions\")]"}
RESULT: {"using":"xpath","value":"//span[contains(text(), \"Instructions\")]"}
COMMAND: POST /session/b4821e91125fc57ae8b08a301666550d/element/f.0C7D383FA3E737A876F1AD61BD78151D.d.35EC3B2409BB7E19BAB8F7129BDD7CF0.e.11283/click - {}
RESULT: {}
COMMAND: GET /session/b4821e91125fc57ae8b08a301666550d/screenshot - {}
RESULT: {}
COMMAND: POST /session/b4821e91125fc57ae8b08a301666550d/element - {"using":"xpath","value":"//span[contains(text(), \"Instructions\")]"}
RESULT: {"using":"xpath","value":"//span[contains(text(), \"Instructions\")]"}
COMMAND: POST /session/b4821e91125fc57ae8b08a301666550d/element/f.0C7D383FA3E737A876F1AD61BD78151D.d.35EC3B2409BB7E19BAB8F7129BDD7CF0.e.11283/click - {}
RESULT: {}
COMMAND: GET /session/b4821e91125fc57ae8b08a301666550d/screenshot - {}
RESULT: {}
COMMAND: POST /session/b4821e91125fc57ae8b08a301666550d/execute/async - {"script":"<script> [1562 bytes]","args":[{"selector":{"controlType":"sap.m.ComboBox","viewName":"etm.portal.ui.managehandovers.view.DetailExecuteHO","bindingPath":{"propertyPath":"RECEIVING_SECTION","modelName":"catalogModel"},"interaction":{"idSuffix":"inner"}},"wdio_ui5_key":"etmportal.ui.managehandovers.view.DetailExecuteHOsap.m.ComboBox{\"propertyPath\":\"RECEIVING_SECTION\",\"modelName\":\"catalogModel\"}"}]}
RESULT: {"script":"<script> [1562 bytes]","args":[{"selector":{"controlType":"sap.m.ComboBox","viewName":"etm.portal.ui.managehandovers.view.DetailExecuteHO","bindingPath":{"propertyPath":"RECEIVING_SECTION","modelName":"catalogModel"},"interaction":{"idSuffix":"inner"}},"wdio_ui5_key":"etmportal.ui.managehandovers.view.DetailExecuteHOsap.m.ComboBox{\"propertyPath\":\"RECEIVING_SECTION\",\"modelName\":\"catalogModel\"}"}]}
RESULT: undefined
COMMAND: POST /session/b4821e91125fc57ae8b08a301666550d/execute/async - {"script":"<script> [776 bytes]","args":[{"enterText":"WDIO-2267","selector":{"controlType":"sap.m.ComboBox","viewName":"etm.portal.ui.managehandovers.view.DetailExecuteHO","bindingPath":{"propertyPath":"RECEIVING_SECTION","modelName":"catalogModel"},"interaction":{"idSuffix":"inner"}},"clearTextFirst":true,"interactionType":"ENTER_TEXT"}]}
RESULT: {"script":"<script> [776 bytes]","args":[{"enterText":"WDIO-2267","selector":{"controlType":"sap.m.ComboBox","viewName":"etm.portal.ui.managehandovers.view.DetailExecuteHO","bindingPath":{"propertyPath":"RECEIVING_SECTION","modelName":"catalogModel"},"interaction":{"idSuffix":"inner"}},"clearTextFirst":true,"interactionType":"ENTER_TEXT"}]}
COMMAND: POST /session/b4821e91125fc57ae8b08a301666550d/actions - {"actions":[{"id":"action39","type":"key","parameters":{},"actions":[{"type":"keyDown","value":"î€‡"},{"type":"pause","duration":10},{"type":"keyUp","value":"î€‡"}]}]}
RESULT: {"actions":[{"id":"action39","type":"key","parameters":{},"actions":[{"type":"keyDown","value":"î€‡"},{"type":"pause","duration":10},{"type":"keyUp","value":"î€‡"}]}]}
COMMAND: GET /session/b4821e91125fc57ae8b08a301666550d/screenshot - {}
RESULT: {}
COMMAND: POST /session/b4821e91125fc57ae8b08a301666550d/element - {"using":"xpath","value":"//button[@data-kt= \"execHoReceiveButton\"]"}
RESULT: {"using":"xpath","value":"//button[@data-kt= \"execHoReceiveButton\"]"}
COMMAND: POST /session/b4821e91125fc57ae8b08a301666550d/element/f.0C7D383FA3E737A876F1AD61BD78151D.d.35EC3B2409BB7E19BAB8F7129BDD7CF0.e.11289/click - {}
RESULT: {}
COMMAND: GET /session/b4821e91125fc57ae8b08a301666550d/screenshot - {}
RESULT: {}
COMMAND: POST /session/b4821e91125fc57ae8b08a301666550d/execute/async - {"script":"<script> [1562 bytes]","args":[{"selector":{"controlType":"sap.m.Button","properties":{"text":"Continue"},"searchOpenDialogs":true,"interaction":{"idSuffix":"content"}},"wdio_ui5_key":"sapm.Button{\"text\":\"Continue\"}"}]}
RESULT: {"script":"<script> [1562 bytes]","args":[{"selector":{"controlType":"sap.m.Button","properties":{"text":"Continue"},"searchOpenDialogs":true,"interaction":{"idSuffix":"content"}},"wdio_ui5_key":"sapm.Button{\"text\":\"Continue\"}"}]}
RESULT: undefined
COMMAND: POST /session/b4821e91125fc57ae8b08a301666550d/element - {"using":"xpath","value":"//*[@id=\"__mbox-btn-6\"]"}
RESULT: {"using":"xpath","value":"//*[@id=\"__mbox-btn-6\"]"}
COMMAND: POST /session/b4821e91125fc57ae8b08a301666550d/element/f.0C7D383FA3E737A876F1AD61BD78151D.d.35EC3B2409BB7E19BAB8F7129BDD7CF0.e.11290/click - {}
RESULT: {}
COMMAND: GET /session/b4821e91125fc57ae8b08a301666550d/screenshot - {}
RESULT: {}
COMMAND: POST /session/b4821e91125fc57ae8b08a301666550d/element - {"using":"css selector","value":"#shell-header-logo"}
RESULT: {"using":"css selector","value":"#shell-header-logo"}
COMMAND: POST /session/b4821e91125fc57ae8b08a301666550d/element/f.0C7D383FA3E737A876F1AD61BD78151D.d.35EC3B2409BB7E19BAB8F7129BDD7CF0.e.10837/click - {}
RESULT: {}
COMMAND: GET /session/b4821e91125fc57ae8b08a301666550d/screenshot - {}
RESULT: {}
COMMAND: POST /session/b4821e91125fc57ae8b08a301666550d/element - {"using":"css selector","value":"#j_username"}
COMMAND: POST /session/b4821e91125fc57ae8b08a301666550d/url - {"url":"https://qa-testing-00-live-etm-ui.cfapps.eu10-004.hana.ondemand.com/"}
RESULT: {"using":"css selector","value":"#j_username"}
COMMAND: POST /session/b4821e91125fc57ae8b08a301666550d/element - {"using":"css selector","value":"#j_username"}
RESULT: {"url":"https://qa-testing-00-live-etm-ui.cfapps.eu10-004.hana.ondemand.com/"}
RESULT: undefined
COMMAND: GET /session/b4821e91125fc57ae8b08a301666550d/screenshot - {}
RESULT: {"using":"css selector","value":"#j_username"}
COMMAND: POST /session/b4821e91125fc57ae8b08a301666550d/element - {"using":"css selector","value":"#shell-header-logo"}
RESULT: {}
RESULT: {"using":"css selector","value":"#shell-header-logo"}
COMMAND: POST /session/b4821e91125fc57ae8b08a301666550d/execute/sync - {"script":"<script> [8489 bytes]","args":[{"element-6066-11e4-a52e-4f735466cecf":"f.0C7D383FA3E737A876F1AD61BD78151D.d.CC93FE43059C835B90E9EBC3CF1E7485.e.11340","ELEMENT":"f.0C7D383FA3E737A876F1AD61BD78151D.d.CC93FE43059C835B90E9EBC3CF1E7485.e.11340"}]}
RESULT: {"script":"<script> [8489 bytes]","args":[{"element-6066-11e4-a52e-4f735466cecf":"f.0C7D383FA3E737A876F1AD61BD78151D.d.CC93FE43059C835B90E9EBC3CF1E7485.e.11340","ELEMENT":"f.0C7D383FA3E737A876F1AD61BD78151D.d.CC93FE43059C835B90E9EBC3CF1E7485.e.11340"}]}
COMMAND: POST /session/b4821e91125fc57ae8b08a301666550d/element - {"using":"css selector","value":"#shell-header-logo"}
COMMAND: GET /session/b4821e91125fc57ae8b08a301666550d/screenshot - {}
RESULT: {"using":"css selector","value":"#shell-header-logo"}
COMMAND: POST /session/b4821e91125fc57ae8b08a301666550d/execute/sync - {"script":"<script> [8489 bytes]","args":[{"element-6066-11e4-a52e-4f735466cecf":"f.0C7D383FA3E737A876F1AD61BD78151D.d.CC93FE43059C835B90E9EBC3CF1E7485.e.11340","ELEMENT":"f.0C7D383FA3E737A876F1AD61BD78151D.d.CC93FE43059C835B90E9EBC3CF1E7485.e.11340"}]}
RESULT: {}
RESULT: {"script":"<script> [8489 bytes]","args":[{"element-6066-11e4-a52e-4f735466cecf":"f.0C7D383FA3E737A876F1AD61BD78151D.d.CC93FE43059C835B90E9EBC3CF1E7485.e.11340","ELEMENT":"f.0C7D383FA3E737A876F1AD61BD78151D.d.CC93FE43059C835B90E9EBC3CF1E7485.e.11340"}]}
COMMAND: POST /session/b4821e91125fc57ae8b08a301666550d/execute/sync - {"script":"<script> [5351 bytes]","args":[{"element-6066-11e4-a52e-4f735466cecf":"f.0C7D383FA3E737A876F1AD61BD78151D.d.CC93FE43059C835B90E9EBC3CF1E7485.e.11340","ELEMENT":"f.0C7D383FA3E737A876F1AD61BD78151D.d.CC93FE43059C835B90E9EBC3CF1E7485.e.11340"}]}
COMMAND: GET /session/b4821e91125fc57ae8b08a301666550d/screenshot - {}
RESULT: {"script":"<script> [5351 bytes]","args":[{"element-6066-11e4-a52e-4f735466cecf":"f.0C7D383FA3E737A876F1AD61BD78151D.d.CC93FE43059C835B90E9EBC3CF1E7485.e.11340","ELEMENT":"f.0C7D383FA3E737A876F1AD61BD78151D.d.CC93FE43059C835B90E9EBC3CF1E7485.e.11340"}]}
COMMAND: POST /session/b4821e91125fc57ae8b08a301666550d/element - {"using":"css selector","value":"#shell-header-logo"}
COMMAND: GET /session/b4821e91125fc57ae8b08a301666550d/screenshot - {}
RESULT: {}
RESULT: {"using":"css selector","value":"#shell-header-logo"}
COMMAND: POST /session/b4821e91125fc57ae8b08a301666550d/element/f.0C7D383FA3E737A876F1AD61BD78151D.d.CC93FE43059C835B90E9EBC3CF1E7485.e.11340/click - {}
RESULT: {}
RESULT: {}
COMMAND: GET /session/b4821e91125fc57ae8b08a301666550d/screenshot - {}
RESULT: {}
COMMAND: POST /session/b4821e91125fc57ae8b08a301666550d/execute/async - {"script":"<script> [189 bytes]","args":[]}
RESULT: {"script":"<script> [189 bytes]","args":[]}
COMMAND: POST /session/b4821e91125fc57ae8b08a301666550d/execute/async - {"script":"<script> [123 bytes]","args":[]}
RESULT: {"script":"<script> [123 bytes]","args":[]}
COMMAND: POST /session/b4821e91125fc57ae8b08a301666550d/timeouts - {"script":"<number>"}
RESULT: {"script":"<number>"}
COMMAND: GET /session/b4821e91125fc57ae8b08a301666550d/timeouts - {}
RESULT: {}
RESULT: undefined
COMMAND: POST /session/b4821e91125fc57ae8b08a301666550d/execute/async - {"script":"<script> [2676 bytes]","args":[]}
RESULT: {"script":"<script> [2676 bytes]","args":[]}
COMMAND: POST /session/b4821e91125fc57ae8b08a301666550d/execute/async - {"script":"<script> [2342 bytes]","args":[{"protocol":"http","hostname":"0.0.0.0","path":"/","capabilities":{"browserName":"chrome","goog:chromeOptions":{"binary":"C:\\Program Files\\Google\\Chrome\\Application\\chrome.exe","args":["--start-maximized"]}},"logLevel":"warn","connectionRetryTimeout":120000,"connectionRetryCount":3,"logLevels":{},"enableDirectConnect":true,"strictSSL":true,"_":"65 more keys: [\"cacheDir\",\"port\",\"requestedCapabilities\",\"automationProtocol\",\"baseUrl\",\"waitforInterval\",\"waitforTimeout\",\"onReload\",\"beforeCommand\",\"afterCommand\",\"rootDir\",\"specs\",\"suites\",\"exclude\",\"groupLogsByTestSpec\",\"excludeDriverLogs\",\"bail\",\"framework\",\"reporters\",\"services\",\"maxInstances\",\"maxInstancesPerCapability\",\"injectGlobals\",\"filesToWatch\",\"execArgv\",\"runnerEnv\",\"runner\",\"shard\",\"specFileRetries\",\"specFileRetriesDelay\",\"specFileRetriesDeferred\",\"reporterSyncInterval\",\"reporterSyncTimeout\",\"cucumberFeaturesWithLineNumbers\",\"autoCompileOpts\",\"mochaOpts\",\"jasmineOpts\",\"cucumberOpts\",\"onPrepare\",\"onWorkerStart\",\"onWorkerEnd\",\"before\",\"beforeSession\",\"beforeSuite\",\"beforeHook\",\"beforeTest\",\"afterTest\",\"afterHook\",\"afterSuite\",\"afterSession\",\"after\",\"onComplete\",\"beforeAssertion\",\"afterAssertion\",\"beforeFeature\",\"beforeScenario\",\"beforeStep\",\"afterStep\",\"afterScenario\",\"afterFeature\",\"_\",\"suite\",\"$0\",\"ignoredWorkerServices\",\"wdi5\"]"}]}
RESULT: {"script":"<script> [2342 bytes]","args":[{"protocol":"http","hostname":"0.0.0.0","path":"/","capabilities":{"browserName":"chrome","goog:chromeOptions":{"binary":"C:\\Program Files\\Google\\Chrome\\Application\\chrome.exe","args":["--start-maximized"]}},"logLevel":"warn","connectionRetryTimeout":120000,"connectionRetryCount":3,"logLevels":{},"enableDirectConnect":true,"strictSSL":true,"_":"65 more keys: [\"cacheDir\",\"port\",\"requestedCapabilities\",\"automationProtocol\",\"baseUrl\",\"waitforInterval\",\"waitforTimeout\",\"onReload\",\"beforeCommand\",\"afterCommand\",\"rootDir\",\"specs\",\"suites\",\"exclude\",\"groupLogsByTestSpec\",\"excludeDriverLogs\",\"bail\",\"framework\",\"reporters\",\"services\",\"maxInstances\",\"maxInstancesPerCapability\",\"injectGlobals\",\"filesToWatch\",\"execArgv\",\"runnerEnv\",\"runner\",\"shard\",\"specFileRetries\",\"specFileRetriesDelay\",\"specFileRetriesDeferred\",\"reporterSyncInterval\",\"reporterSyncTimeout\",\"cucumberFeaturesWithLineNumbers\",\"autoCompileOpts\",\"mochaOpts\",\"jasmineOpts\",\"cucumberOpts\",\"onPrepare\",\"onWorkerStart\",\"onWorkerEnd\",\"before\",\"beforeSession\",\"beforeSuite\",\"beforeHook\",\"beforeTest\",\"afterTest\",\"afterHook\",\"afterSuite\",\"afterSession\",\"after\",\"onComplete\",\"beforeAssertion\",\"afterAssertion\",\"beforeFeature\",\"beforeScenario\",\"beforeStep\",\"afterStep\",\"afterScenario\",\"afterFeature\",\"_\",\"suite\",\"$0\",\"ignoredWorkerServices\",\"wdi5\"]"}]}
COMMAND: POST /session/b4821e91125fc57ae8b08a301666550d/execute/async - {"script":"<script> [21126 bytes]","args":[35000]}
RESULT: {"script":"<script> [21126 bytes]","args":[35000]}
COMMAND: POST /session/b4821e91125fc57ae8b08a301666550d/window/maximize - {}
RESULT: {}
COMMAND: POST /session/b4821e91125fc57ae8b08a301666550d/execute/async - {"script":"<script> [1562 bytes]","args":[{"selector":{"id":"shell-header","interaction":{"idSuffix":"icon"}},"wdio_ui5_key":"shellheader"}]}
COMMAND: GET /session/b4821e91125fc57ae8b08a301666550d/screenshot - {}
RESULT: {"script":"<script> [1562 bytes]","args":[{"selector":{"id":"shell-header","interaction":{"idSuffix":"icon"}},"wdio_ui5_key":"shellheader"}]}
RESULT: undefined
COMMAND: POST /session/b4821e91125fc57ae8b08a301666550d/window/fullscreen - {}
RESULT: {}
RESULT: {}
]]></system-out>
    </testcase>
  </testsuite>
  <testsuite timestamp="2025-05-19T06:09:04" time="482.219" tests="4" failures="0" errors="0" skipped="0">
    <properties>
      <property name="specId" value="0" />
      <property name="suiteName" value="Provide to Site w/o warehouse management w/ clarification US116605" />
      <property name="capabilities" value="chrome.136_0_7103_93.windows" />
      <property name="file" value="file:///D:/a/1/s/test/specs/HTR/provide-to-site-wo-warehouse-w-clarification.spec.js" />
    </properties>
    <testcase classname="chrome.136_0_7103_93.windows.Provide_to_Site_w/o_warehouse_management_w/_clarification_US116605" name="Should create a new yard" time="120.028">
      <system-out><![CDATA[
COMMAND: POST /session/b4821e91125fc57ae8b08a301666550d/window/fullscreen - {}
RESULT: {}
COMMAND: POST /session/b4821e91125fc57ae8b08a301666550d/execute/async - {"script":"<script> [1562 bytes]","args":[{"selector":{"controlType":"sap.m.GenericTile","properties":{"header":"Manage Yards"}},"wdio_ui5_key":"sapm.GenericTile{\"header\":\"Manage Yards\"}"}]}
RESULT: {"script":"<script> [1562 bytes]","args":[{"selector":{"controlType":"sap.m.GenericTile","properties":{"header":"Manage Yards"}},"wdio_ui5_key":"sapm.GenericTile{\"header\":\"Manage Yards\"}"}]}
RESULT: undefined
COMMAND: POST /session/b4821e91125fc57ae8b08a301666550d/element - {"using":"xpath","value":"//*[@id=\"__tile33\"]"}
RESULT: {"using":"xpath","value":"//*[@id=\"__tile33\"]"}
COMMAND: POST /session/b4821e91125fc57ae8b08a301666550d/element/f.0C7D383FA3E737A876F1AD61BD78151D.d.CC93FE43059C835B90E9EBC3CF1E7485.e.11373/click - {}
RESULT: {}
COMMAND: GET /session/b4821e91125fc57ae8b08a301666550d/screenshot - {}
RESULT: {}
COMMAND: POST /session/b4821e91125fc57ae8b08a301666550d/elements - {"using":"xpath","value":"//span[text()='Error']"}
RESULT: {"using":"xpath","value":"//span[text()='Error']"}
COMMAND: POST /session/b4821e91125fc57ae8b08a301666550d/element - {"using":"xpath","value":"//button[@data-kt=\"addNewYardOverflowToolbarButton\"]"}
RESULT: {"using":"xpath","value":"//button[@data-kt=\"addNewYardOverflowToolbarButton\"]"}
COMMAND: POST /session/b4821e91125fc57ae8b08a301666550d/elements - {"using":"xpath","value":"//button[@data-kt=\"addNewYardOverflowToolbarButton\"]"}
RESULT: {"using":"xpath","value":"//button[@data-kt=\"addNewYardOverflowToolbarButton\"]"}
COMMAND: POST /session/b4821e91125fc57ae8b08a301666550d/execute/sync - {"script":"<script> [8489 bytes]","args":[{"element-6066-11e4-a52e-4f735466cecf":"f.0C7D383FA3E737A876F1AD61BD78151D.d.CC93FE43059C835B90E9EBC3CF1E7485.e.11495","ELEMENT":"f.0C7D383FA3E737A876F1AD61BD78151D.d.CC93FE43059C835B90E9EBC3CF1E7485.e.11495"}]}
RESULT: {"script":"<script> [8489 bytes]","args":[{"element-6066-11e4-a52e-4f735466cecf":"f.0C7D383FA3E737A876F1AD61BD78151D.d.CC93FE43059C835B90E9EBC3CF1E7485.e.11495","ELEMENT":"f.0C7D383FA3E737A876F1AD61BD78151D.d.CC93FE43059C835B90E9EBC3CF1E7485.e.11495"}]}
COMMAND: GET /session/b4821e91125fc57ae8b08a301666550d/element/f.0C7D383FA3E737A876F1AD61BD78151D.d.CC93FE43059C835B90E9EBC3CF1E7485.e.11495/enabled - {}
COMMAND: GET /session/b4821e91125fc57ae8b08a301666550d/screenshot - {}
RESULT: {}
COMMAND: POST /session/b4821e91125fc57ae8b08a301666550d/execute/sync - {"script":"<script> [8489 bytes]","args":[{"element-6066-11e4-a52e-4f735466cecf":"f.0C7D383FA3E737A876F1AD61BD78151D.d.CC93FE43059C835B90E9EBC3CF1E7485.e.11495","ELEMENT":"f.0C7D383FA3E737A876F1AD61BD78151D.d.CC93FE43059C835B90E9EBC3CF1E7485.e.11495"}]}
COMMAND: GET /session/b4821e91125fc57ae8b08a301666550d/screenshot - {}
RESULT: {}
RESULT: {"script":"<script> [8489 bytes]","args":[{"element-6066-11e4-a52e-4f735466cecf":"f.0C7D383FA3E737A876F1AD61BD78151D.d.CC93FE43059C835B90E9EBC3CF1E7485.e.11495","ELEMENT":"f.0C7D383FA3E737A876F1AD61BD78151D.d.CC93FE43059C835B90E9EBC3CF1E7485.e.11495"}]}
COMMAND: POST /session/b4821e91125fc57ae8b08a301666550d/execute/sync - {"script":"<script> [5351 bytes]","args":[{"element-6066-11e4-a52e-4f735466cecf":"f.0C7D383FA3E737A876F1AD61BD78151D.d.CC93FE43059C835B90E9EBC3CF1E7485.e.11495","ELEMENT":"f.0C7D383FA3E737A876F1AD61BD78151D.d.CC93FE43059C835B90E9EBC3CF1E7485.e.11495"}]}
COMMAND: GET /session/b4821e91125fc57ae8b08a301666550d/screenshot - {}
RESULT: {}
RESULT: {"script":"<script> [5351 bytes]","args":[{"element-6066-11e4-a52e-4f735466cecf":"f.0C7D383FA3E737A876F1AD61BD78151D.d.CC93FE43059C835B90E9EBC3CF1E7485.e.11495","ELEMENT":"f.0C7D383FA3E737A876F1AD61BD78151D.d.CC93FE43059C835B90E9EBC3CF1E7485.e.11495"}]}
COMMAND: POST /session/b4821e91125fc57ae8b08a301666550d/element/f.0C7D383FA3E737A876F1AD61BD78151D.d.CC93FE43059C835B90E9EBC3CF1E7485.e.11495/click - {}
COMMAND: GET /session/b4821e91125fc57ae8b08a301666550d/screenshot - {}
RESULT: {}
RESULT: {}
COMMAND: GET /session/b4821e91125fc57ae8b08a301666550d/screenshot - {}
RESULT: {}
COMMAND: POST /session/b4821e91125fc57ae8b08a301666550d/element - {"using":"xpath","value":"//input[@id=\"application-manageyards-display-component---NewYard--yardId-inner\"]"}
RESULT: {}
RESULT: {"using":"xpath","value":"//input[@id=\"application-manageyards-display-component---NewYard--yardId-inner\"]"}
COMMAND: POST /session/b4821e91125fc57ae8b08a301666550d/element - {"using":"xpath","value":"//input[@id=\"application-manageyards-display-component---NewYard--yardId-inner\"]"}
RESULT: {"using":"xpath","value":"//input[@id=\"application-manageyards-display-component---NewYard--yardId-inner\"]"}
COMMAND: POST /session/b4821e91125fc57ae8b08a301666550d/execute/async - {"script":"<script> [1562 bytes]","args":[{"selector":{"id":"application-manageyards-display-component---NewYard--addressDetailDetailsName1","interaction":{"idSuffix":"inner"}},"wdio_ui5_key":"applicationmanageyards-display-component---NewYard--addressDetailDetailsName1"}]}
RESULT: {"script":"<script> [1562 bytes]","args":[{"selector":{"id":"application-manageyards-display-component---NewYard--addressDetailDetailsName1","interaction":{"idSuffix":"inner"}},"wdio_ui5_key":"applicationmanageyards-display-component---NewYard--addressDetailDetailsName1"}]}
RESULT: undefined
COMMAND: POST /session/b4821e91125fc57ae8b08a301666550d/execute/async - {"script":"<script> [776 bytes]","args":[{"enterText":"Other Yard WDIO","selector":{"id":"application-manageyards-display-component---NewYard--addressDetailDetailsName1","interaction":{"idSuffix":"inner"}},"clearTextFirst":true,"interactionType":"ENTER_TEXT"}]}
RESULT: {"script":"<script> [776 bytes]","args":[{"enterText":"Other Yard WDIO","selector":{"id":"application-manageyards-display-component---NewYard--addressDetailDetailsName1","interaction":{"idSuffix":"inner"}},"clearTextFirst":true,"interactionType":"ENTER_TEXT"}]}
COMMAND: POST /session/b4821e91125fc57ae8b08a301666550d/execute/async - {"script":"<script> [1562 bytes]","args":[{"selector":{"id":"application-manageyards-display-component---NewYard--addressDetailDetailsLanguage-arrow"},"wdio_ui5_key":"applicationmanageyards-display-component---NewYard--addressDetailDetailsLanguage-arrow"}]}
RESULT: {"script":"<script> [1562 bytes]","args":[{"selector":{"id":"application-manageyards-display-component---NewYard--addressDetailDetailsLanguage-arrow"},"wdio_ui5_key":"applicationmanageyards-display-component---NewYard--addressDetailDetailsLanguage-arrow"}]}
RESULT: undefined
COMMAND: POST /session/b4821e91125fc57ae8b08a301666550d/element - {"using":"xpath","value":"//*[@id=\"application-manageyards-display-component---NewYard--addressDetailDetailsLanguage-arrow\"]"}
RESULT: {"using":"xpath","value":"//*[@id=\"application-manageyards-display-component---NewYard--addressDetailDetailsLanguage-arrow\"]"}
COMMAND: POST /session/b4821e91125fc57ae8b08a301666550d/element/f.0C7D383FA3E737A876F1AD61BD78151D.d.CC93FE43059C835B90E9EBC3CF1E7485.e.11930/click - {}
RESULT: {}
COMMAND: POST /session/b4821e91125fc57ae8b08a301666550d/element - {"using":"xpath","value":"//span[contains(text(), \"English\")]"}
COMMAND: GET /session/b4821e91125fc57ae8b08a301666550d/screenshot - {}
RESULT: {"using":"xpath","value":"//span[contains(text(), \"English\")]"}
COMMAND: POST /session/b4821e91125fc57ae8b08a301666550d/element/f.0C7D383FA3E737A876F1AD61BD78151D.d.CC93FE43059C835B90E9EBC3CF1E7485.e.11931/click - {}
RESULT: {}
RESULT: {}
COMMAND: POST /session/b4821e91125fc57ae8b08a301666550d/execute/async - {"script":"<script> [1562 bytes]","args":[{"selector":{"id":"application-manageyards-display-component---NewYard--addressDetailDetailsCity1","interaction":{"idSuffix":"inner"}},"wdio_ui5_key":"applicationmanageyards-display-component---NewYard--addressDetailDetailsCity1"}]}
COMMAND: GET /session/b4821e91125fc57ae8b08a301666550d/screenshot - {}
RESULT: {"script":"<script> [1562 bytes]","args":[{"selector":{"id":"application-manageyards-display-component---NewYard--addressDetailDetailsCity1","interaction":{"idSuffix":"inner"}},"wdio_ui5_key":"applicationmanageyards-display-component---NewYard--addressDetailDetailsCity1"}]}
RESULT: undefined
COMMAND: POST /session/b4821e91125fc57ae8b08a301666550d/execute/async - {"script":"<script> [776 bytes]","args":[{"enterText":"Rosario","selector":{"id":"application-manageyards-display-component---NewYard--addressDetailDetailsCity1","interaction":{"idSuffix":"inner"}},"clearTextFirst":true,"interactionType":"ENTER_TEXT"}]}
RESULT: {}
RESULT: {"script":"<script> [776 bytes]","args":[{"enterText":"Rosario","selector":{"id":"application-manageyards-display-component---NewYard--addressDetailDetailsCity1","interaction":{"idSuffix":"inner"}},"clearTextFirst":true,"interactionType":"ENTER_TEXT"}]}
COMMAND: POST /session/b4821e91125fc57ae8b08a301666550d/execute/async - {"script":"<script> [1562 bytes]","args":[{"selector":{"id":"application-manageyards-display-component---NewYard--addressDetailDetailsCountry-arrow"},"wdio_ui5_key":"applicationmanageyards-display-component---NewYard--addressDetailDetailsCountry-arrow"}]}
RESULT: {"script":"<script> [1562 bytes]","args":[{"selector":{"id":"application-manageyards-display-component---NewYard--addressDetailDetailsCountry-arrow"},"wdio_ui5_key":"applicationmanageyards-display-component---NewYard--addressDetailDetailsCountry-arrow"}]}
RESULT: undefined
COMMAND: POST /session/b4821e91125fc57ae8b08a301666550d/element - {"using":"xpath","value":"//*[@id=\"application-manageyards-display-component---NewYard--addressDetailDetailsCountry-arrow\"]"}
RESULT: {"using":"xpath","value":"//*[@id=\"application-manageyards-display-component---NewYard--addressDetailDetailsCountry-arrow\"]"}
COMMAND: POST /session/b4821e91125fc57ae8b08a301666550d/element/f.0C7D383FA3E737A876F1AD61BD78151D.d.CC93FE43059C835B90E9EBC3CF1E7485.e.11933/click - {}
RESULT: {}
COMMAND: POST /session/b4821e91125fc57ae8b08a301666550d/element - {"using":"xpath","value":"//span[contains(text(), \"Argentina\")]"}
COMMAND: GET /session/b4821e91125fc57ae8b08a301666550d/screenshot - {}
RESULT: {"using":"xpath","value":"//span[contains(text(), \"Argentina\")]"}
COMMAND: POST /session/b4821e91125fc57ae8b08a301666550d/element/f.0C7D383FA3E737A876F1AD61BD78151D.d.CC93FE43059C835B90E9EBC3CF1E7485.e.11934/click - {}
RESULT: {}
RESULT: {}
COMMAND: POST /session/b4821e91125fc57ae8b08a301666550d/execute/async - {"script":"<script> [1562 bytes]","args":[{"selector":{"id":"application-manageyards-display-component---NewYard--addressEditDetailsCostObjectCstType-arrow"},"wdio_ui5_key":"applicationmanageyards-display-component---NewYard--addressEditDetailsCostObjectCstType-arrow"}]}
COMMAND: GET /session/b4821e91125fc57ae8b08a301666550d/screenshot - {}
RESULT: {"script":"<script> [1562 bytes]","args":[{"selector":{"id":"application-manageyards-display-component---NewYard--addressEditDetailsCostObjectCstType-arrow"},"wdio_ui5_key":"applicationmanageyards-display-component---NewYard--addressEditDetailsCostObjectCstType-arrow"}]}
RESULT: undefined
COMMAND: POST /session/b4821e91125fc57ae8b08a301666550d/element - {"using":"xpath","value":"//*[@id=\"application-manageyards-display-component---NewYard--addressEditDetailsCostObjectCstType-arrow\"]"}
RESULT: {}
RESULT: {"using":"xpath","value":"//*[@id=\"application-manageyards-display-component---NewYard--addressEditDetailsCostObjectCstType-arrow\"]"}
COMMAND: POST /session/b4821e91125fc57ae8b08a301666550d/element/f.0C7D383FA3E737A876F1AD61BD78151D.d.CC93FE43059C835B90E9EBC3CF1E7485.e.11936/click - {}
RESULT: {}
COMMAND: POST /session/b4821e91125fc57ae8b08a301666550d/element - {"using":"xpath","value":"//span[contains(text(), \"Cost Center\")]"}
COMMAND: GET /session/b4821e91125fc57ae8b08a301666550d/screenshot - {}
RESULT: {"using":"xpath","value":"//span[contains(text(), \"Cost Center\")]"}
COMMAND: POST /session/b4821e91125fc57ae8b08a301666550d/element/f.0C7D383FA3E737A876F1AD61BD78151D.d.CC93FE43059C835B90E9EBC3CF1E7485.e.11937/click - {}
RESULT: {}
RESULT: {}
COMMAND: GET /session/b4821e91125fc57ae8b08a301666550d/screenshot - {}
RESULT: {}
COMMAND: POST /session/b4821e91125fc57ae8b08a301666550d/element - {"using":"xpath","value":"//span[@id=\"application-manageyards-display-component---NewYard--addressNewCostObjectCstID-vhi\"]"}
RESULT: {"using":"xpath","value":"//span[@id=\"application-manageyards-display-component---NewYard--addressNewCostObjectCstID-vhi\"]"}
COMMAND: POST /session/b4821e91125fc57ae8b08a301666550d/execute/sync - {"script":"<script> [8489 bytes]","args":[{"element-6066-11e4-a52e-4f735466cecf":"f.0C7D383FA3E737A876F1AD61BD78151D.d.CC93FE43059C835B90E9EBC3CF1E7485.e.11941","ELEMENT":"f.0C7D383FA3E737A876F1AD61BD78151D.d.CC93FE43059C835B90E9EBC3CF1E7485.e.11941"}]}
RESULT: {"script":"<script> [8489 bytes]","args":[{"element-6066-11e4-a52e-4f735466cecf":"f.0C7D383FA3E737A876F1AD61BD78151D.d.CC93FE43059C835B90E9EBC3CF1E7485.e.11941","ELEMENT":"f.0C7D383FA3E737A876F1AD61BD78151D.d.CC93FE43059C835B90E9EBC3CF1E7485.e.11941"}]}
COMMAND: POST /session/b4821e91125fc57ae8b08a301666550d/execute/async - {"script":"<script> [1562 bytes]","args":[{"selector":{"id":"application-manageyards-display-component---NewYard--addressNewCostObjectCstID-vhi"},"wdio_ui5_key":"applicationmanageyards-display-component---NewYard--addressNewCostObjectCstID-vhi"}]}
COMMAND: GET /session/b4821e91125fc57ae8b08a301666550d/screenshot - {}
RESULT: {"script":"<script> [1562 bytes]","args":[{"selector":{"id":"application-manageyards-display-component---NewYard--addressNewCostObjectCstID-vhi"},"wdio_ui5_key":"applicationmanageyards-display-component---NewYard--addressNewCostObjectCstID-vhi"}]}
RESULT: undefined
COMMAND: POST /session/b4821e91125fc57ae8b08a301666550d/element - {"using":"xpath","value":"//*[@id=\"application-manageyards-display-component---NewYard--addressNewCostObjectCstID-vhi\"]"}
RESULT: {}
RESULT: {"using":"xpath","value":"//*[@id=\"application-manageyards-display-component---NewYard--addressNewCostObjectCstID-vhi\"]"}
COMMAND: POST /session/b4821e91125fc57ae8b08a301666550d/element/f.0C7D383FA3E737A876F1AD61BD78151D.d.CC93FE43059C835B90E9EBC3CF1E7485.e.11941/click - {}
RESULT: {}
COMMAND: GET /session/b4821e91125fc57ae8b08a301666550d/screenshot - {}
RESULT: {}
COMMAND: POST /session/b4821e91125fc57ae8b08a301666550d/execute/async - {"script":"<script> [1562 bytes]","args":[{"selector":{"controlType":"sap.m.SearchField","properties":{"placeholder":"Search"},"searchOpenDialogs":true,"interaction":{"idSuffix":"I"}},"wdio_ui5_key":"sapm.SearchField{\"placeholder\":\"Search\"}"}]}
RESULT: {"script":"<script> [1562 bytes]","args":[{"selector":{"controlType":"sap.m.SearchField","properties":{"placeholder":"Search"},"searchOpenDialogs":true,"interaction":{"idSuffix":"I"}},"wdio_ui5_key":"sapm.SearchField{\"placeholder\":\"Search\"}"}]}
RESULT: undefined
COMMAND: POST /session/b4821e91125fc57ae8b08a301666550d/execute/async - {"script":"<script> [776 bytes]","args":[{"enterText":"bauh_b","selector":{"controlType":"sap.m.SearchField","properties":{"placeholder":"Search"},"searchOpenDialogs":true,"interaction":{"idSuffix":"I"}},"clearTextFirst":true,"interactionType":"ENTER_TEXT"}]}
RESULT: {"script":"<script> [776 bytes]","args":[{"enterText":"bauh_b","selector":{"controlType":"sap.m.SearchField","properties":{"placeholder":"Search"},"searchOpenDialogs":true,"interaction":{"idSuffix":"I"}},"clearTextFirst":true,"interactionType":"ENTER_TEXT"}]}
COMMAND: POST /session/b4821e91125fc57ae8b08a301666550d/actions - {"actions":[{"id":"action40","type":"key","parameters":{},"actions":[{"type":"keyDown","value":"î€‡"},{"type":"pause","duration":10},{"type":"keyUp","value":"î€‡"}]}]}
RESULT: {"actions":[{"id":"action40","type":"key","parameters":{},"actions":[{"type":"keyDown","value":"î€‡"},{"type":"pause","duration":10},{"type":"keyUp","value":"î€‡"}]}]}
COMMAND: GET /session/b4821e91125fc57ae8b08a301666550d/screenshot - {}
RESULT: {}
COMMAND: POST /session/b4821e91125fc57ae8b08a301666550d/element - {"using":"xpath","value":"//span[contains(text(), \"Demo Yard\")]"}
RESULT: {"using":"xpath","value":"//span[contains(text(), \"Demo Yard\")]"}
COMMAND: POST /session/b4821e91125fc57ae8b08a301666550d/element/f.0C7D383FA3E737A876F1AD61BD78151D.d.CC93FE43059C835B90E9EBC3CF1E7485.e.11981/click - {}
RESULT: {}
COMMAND: GET /session/b4821e91125fc57ae8b08a301666550d/screenshot - {}
RESULT: {}
COMMAND: POST /session/b4821e91125fc57ae8b08a301666550d/element - {"using":"xpath","value":"//bdi[contains(text(), \"OK\")]"}
RESULT: {"using":"xpath","value":"//bdi[contains(text(), \"OK\")]"}
COMMAND: POST /session/b4821e91125fc57ae8b08a301666550d/element/f.0C7D383FA3E737A876F1AD61BD78151D.d.CC93FE43059C835B90E9EBC3CF1E7485.e.11982/click - {}
RESULT: {}
COMMAND: GET /session/b4821e91125fc57ae8b08a301666550d/screenshot - {}
RESULT: {}
COMMAND: POST /session/b4821e91125fc57ae8b08a301666550d/execute/async - {"script":"<script> [1562 bytes]","args":[{"selector":{"id":"application-manageyards-display-component---NewYard--addressEditDetailsCurrency-arrow"},"wdio_ui5_key":"applicationmanageyards-display-component---NewYard--addressEditDetailsCurrency-arrow"}]}
RESULT: {"script":"<script> [1562 bytes]","args":[{"selector":{"id":"application-manageyards-display-component---NewYard--addressEditDetailsCurrency-arrow"},"wdio_ui5_key":"applicationmanageyards-display-component---NewYard--addressEditDetailsCurrency-arrow"}]}
RESULT: undefined
COMMAND: POST /session/b4821e91125fc57ae8b08a301666550d/element - {"using":"xpath","value":"//*[@id=\"application-manageyards-display-component---NewYard--addressEditDetailsCurrency-arrow\"]"}
RESULT: {"using":"xpath","value":"//*[@id=\"application-manageyards-display-component---NewYard--addressEditDetailsCurrency-arrow\"]"}
COMMAND: POST /session/b4821e91125fc57ae8b08a301666550d/element/f.0C7D383FA3E737A876F1AD61BD78151D.d.CC93FE43059C835B90E9EBC3CF1E7485.e.11985/click - {}
RESULT: {}
COMMAND: POST /session/b4821e91125fc57ae8b08a301666550d/element - {"using":"xpath","value":"//span[contains(text(), \"Euro\")]"}
COMMAND: GET /session/b4821e91125fc57ae8b08a301666550d/screenshot - {}
RESULT: {"using":"xpath","value":"//span[contains(text(), \"Euro\")]"}
COMMAND: POST /session/b4821e91125fc57ae8b08a301666550d/element/f.0C7D383FA3E737A876F1AD61BD78151D.d.CC93FE43059C835B90E9EBC3CF1E7485.e.11986/click - {}
RESULT: {}
RESULT: {}
COMMAND: POST /session/b4821e91125fc57ae8b08a301666550d/execute/async - {"script":"<script> [1562 bytes]","args":[{"selector":{"controlType":"sap.m.Input","viewName":"etm.portal.ui.manageyards.view.New","viewId":"application-manageyards-display-component---NewYard","bindingPath":{"path":"","propertyPath":"/CONTROLLING_AREA","modelName":"NewYardModel"},"interaction":{"idSuffix":"inner"}},"wdio_ui5_key":"etmportal.ui.manageyards.view.Newsap.m.Input{\"path\":\"\",\"propertyPath\":\"/CONTROLLING_AREA\",\"modelName\":\"NewYardModel\"}"}]}
COMMAND: GET /session/b4821e91125fc57ae8b08a301666550d/screenshot - {}
RESULT: {"script":"<script> [1562 bytes]","args":[{"selector":{"controlType":"sap.m.Input","viewName":"etm.portal.ui.manageyards.view.New","viewId":"application-manageyards-display-component---NewYard","bindingPath":{"path":"","propertyPath":"/CONTROLLING_AREA","modelName":"NewYardModel"},"interaction":{"idSuffix":"inner"}},"wdio_ui5_key":"etmportal.ui.manageyards.view.Newsap.m.Input{\"path\":\"\",\"propertyPath\":\"/CONTROLLING_AREA\",\"modelName\":\"NewYardModel\"}"}]}
RESULT: undefined
COMMAND: POST /session/b4821e91125fc57ae8b08a301666550d/execute/async - {"script":"<script> [776 bytes]","args":[{"enterText":"Z001","selector":{"controlType":"sap.m.Input","viewName":"etm.portal.ui.manageyards.view.New","viewId":"application-manageyards-display-component---NewYard","bindingPath":{"path":"","propertyPath":"/CONTROLLING_AREA","modelName":"NewYardModel"},"interaction":{"idSuffix":"inner"}},"clearTextFirst":true,"interactionType":"ENTER_TEXT"}]}
RESULT: {}
RESULT: {"script":"<script> [776 bytes]","args":[{"enterText":"Z001","selector":{"controlType":"sap.m.Input","viewName":"etm.portal.ui.manageyards.view.New","viewId":"application-manageyards-display-component---NewYard","bindingPath":{"path":"","propertyPath":"/CONTROLLING_AREA","modelName":"NewYardModel"},"interaction":{"idSuffix":"inner"}},"clearTextFirst":true,"interactionType":"ENTER_TEXT"}]}
COMMAND: POST /session/b4821e91125fc57ae8b08a301666550d/execute/async - {"script":"<script> [1562 bytes]","args":[{"selector":{"id":"application-manageyards-display-component---NewYard--companyCodeComboBox","interaction":{"idSuffix":"inner"}},"wdio_ui5_key":"applicationmanageyards-display-component---NewYard--companyCodeComboBox"}]}
RESULT: {"script":"<script> [1562 bytes]","args":[{"selector":{"id":"application-manageyards-display-component---NewYard--companyCodeComboBox","interaction":{"idSuffix":"inner"}},"wdio_ui5_key":"applicationmanageyards-display-component---NewYard--companyCodeComboBox"}]}
RESULT: undefined
COMMAND: POST /session/b4821e91125fc57ae8b08a301666550d/execute/async - {"script":"<script> [776 bytes]","args":[{"enterText":"1000","selector":{"id":"application-manageyards-display-component---NewYard--companyCodeComboBox","interaction":{"idSuffix":"inner"}},"clearTextFirst":true,"interactionType":"ENTER_TEXT"}]}
RESULT: {"script":"<script> [776 bytes]","args":[{"enterText":"1000","selector":{"id":"application-manageyards-display-component---NewYard--companyCodeComboBox","interaction":{"idSuffix":"inner"}},"clearTextFirst":true,"interactionType":"ENTER_TEXT"}]}
COMMAND: POST /session/b4821e91125fc57ae8b08a301666550d/execute/async - {"script":"<script> [1562 bytes]","args":[{"selector":{"controlType":"sap.m.Input","viewName":"etm.portal.ui.manageyards.view.New","viewId":"application-manageyards-display-component---NewYard","bindingPath":{"path":"","propertyPath":"/PLANT","modelName":"NewYardModel"},"interaction":{"idSuffix":"inner"}},"wdio_ui5_key":"etmportal.ui.manageyards.view.Newsap.m.Input{\"path\":\"\",\"propertyPath\":\"/PLANT\",\"modelName\":\"NewYardModel\"}"}]}
RESULT: {"script":"<script> [1562 bytes]","args":[{"selector":{"controlType":"sap.m.Input","viewName":"etm.portal.ui.manageyards.view.New","viewId":"application-manageyards-display-component---NewYard","bindingPath":{"path":"","propertyPath":"/PLANT","modelName":"NewYardModel"},"interaction":{"idSuffix":"inner"}},"wdio_ui5_key":"etmportal.ui.manageyards.view.Newsap.m.Input{\"path\":\"\",\"propertyPath\":\"/PLANT\",\"modelName\":\"NewYardModel\"}"}]}
RESULT: undefined
COMMAND: POST /session/b4821e91125fc57ae8b08a301666550d/execute/async - {"script":"<script> [776 bytes]","args":[{"enterText":"1001","selector":{"controlType":"sap.m.Input","viewName":"etm.portal.ui.manageyards.view.New","viewId":"application-manageyards-display-component---NewYard","bindingPath":{"path":"","propertyPath":"/PLANT","modelName":"NewYardModel"},"interaction":{"idSuffix":"inner"}},"clearTextFirst":true,"interactionType":"ENTER_TEXT"}]}
RESULT: {"script":"<script> [776 bytes]","args":[{"enterText":"1001","selector":{"controlType":"sap.m.Input","viewName":"etm.portal.ui.manageyards.view.New","viewId":"application-manageyards-display-component---NewYard","bindingPath":{"path":"","propertyPath":"/PLANT","modelName":"NewYardModel"},"interaction":{"idSuffix":"inner"}},"clearTextFirst":true,"interactionType":"ENTER_TEXT"}]}
COMMAND: POST /session/b4821e91125fc57ae8b08a301666550d/execute/async - {"script":"<script> [1562 bytes]","args":[{"selector":{"controlType":"sap.m.Input","viewName":"etm.portal.ui.manageyards.view.New","viewId":"application-manageyards-display-component---NewYard","bindingPath":{"path":"","propertyPath":"/SALES_AREA_VKORG","modelName":"NewYardModel"},"interaction":{"idSuffix":"inner"}},"wdio_ui5_key":"etmportal.ui.manageyards.view.Newsap.m.Input{\"path\":\"\",\"propertyPath\":\"/SALES_AREA_VKORG\",\"modelName\":\"NewYardModel\"}"}]}
RESULT: {"script":"<script> [1562 bytes]","args":[{"selector":{"controlType":"sap.m.Input","viewName":"etm.portal.ui.manageyards.view.New","viewId":"application-manageyards-display-component---NewYard","bindingPath":{"path":"","propertyPath":"/SALES_AREA_VKORG","modelName":"NewYardModel"},"interaction":{"idSuffix":"inner"}},"wdio_ui5_key":"etmportal.ui.manageyards.view.Newsap.m.Input{\"path\":\"\",\"propertyPath\":\"/SALES_AREA_VKORG\",\"modelName\":\"NewYardModel\"}"}]}
RESULT: undefined
COMMAND: POST /session/b4821e91125fc57ae8b08a301666550d/execute/async - {"script":"<script> [776 bytes]","args":[{"enterText":"C002","selector":{"controlType":"sap.m.Input","viewName":"etm.portal.ui.manageyards.view.New","viewId":"application-manageyards-display-component---NewYard","bindingPath":{"path":"","propertyPath":"/SALES_AREA_VKORG","modelName":"NewYardModel"},"interaction":{"idSuffix":"inner"}},"clearTextFirst":true,"interactionType":"ENTER_TEXT"}]}
RESULT: {"script":"<script> [776 bytes]","args":[{"enterText":"C002","selector":{"controlType":"sap.m.Input","viewName":"etm.portal.ui.manageyards.view.New","viewId":"application-manageyards-display-component---NewYard","bindingPath":{"path":"","propertyPath":"/SALES_AREA_VKORG","modelName":"NewYardModel"},"interaction":{"idSuffix":"inner"}},"clearTextFirst":true,"interactionType":"ENTER_TEXT"}]}
COMMAND: POST /session/b4821e91125fc57ae8b08a301666550d/execute/async - {"script":"<script> [1562 bytes]","args":[{"selector":{"controlType":"sap.m.Input","viewName":"etm.portal.ui.manageyards.view.New","viewId":"application-manageyards-display-component---NewYard","bindingPath":{"path":"","propertyPath":"/SALES_AREA_VTWEG","modelName":"NewYardModel"},"interaction":{"idSuffix":"inner"}},"wdio_ui5_key":"etmportal.ui.manageyards.view.Newsap.m.Input{\"path\":\"\",\"propertyPath\":\"/SALES_AREA_VTWEG\",\"modelName\":\"NewYardModel\"}"}]}
RESULT: {"script":"<script> [1562 bytes]","args":[{"selector":{"controlType":"sap.m.Input","viewName":"etm.portal.ui.manageyards.view.New","viewId":"application-manageyards-display-component---NewYard","bindingPath":{"path":"","propertyPath":"/SALES_AREA_VTWEG","modelName":"NewYardModel"},"interaction":{"idSuffix":"inner"}},"wdio_ui5_key":"etmportal.ui.manageyards.view.Newsap.m.Input{\"path\":\"\",\"propertyPath\":\"/SALES_AREA_VTWEG\",\"modelName\":\"NewYardModel\"}"}]}
RESULT: undefined
COMMAND: POST /session/b4821e91125fc57ae8b08a301666550d/execute/async - {"script":"<script> [776 bytes]","args":[{"enterText":"C2","selector":{"controlType":"sap.m.Input","viewName":"etm.portal.ui.manageyards.view.New","viewId":"application-manageyards-display-component---NewYard","bindingPath":{"path":"","propertyPath":"/SALES_AREA_VTWEG","modelName":"NewYardModel"},"interaction":{"idSuffix":"inner"}},"clearTextFirst":true,"interactionType":"ENTER_TEXT"}]}
RESULT: {"script":"<script> [776 bytes]","args":[{"enterText":"C2","selector":{"controlType":"sap.m.Input","viewName":"etm.portal.ui.manageyards.view.New","viewId":"application-manageyards-display-component---NewYard","bindingPath":{"path":"","propertyPath":"/SALES_AREA_VTWEG","modelName":"NewYardModel"},"interaction":{"idSuffix":"inner"}},"clearTextFirst":true,"interactionType":"ENTER_TEXT"}]}
COMMAND: POST /session/b4821e91125fc57ae8b08a301666550d/execute/async - {"script":"<script> [1562 bytes]","args":[{"selector":{"controlType":"sap.m.Input","viewName":"etm.portal.ui.manageyards.view.New","viewId":"application-manageyards-display-component---NewYard","bindingPath":{"path":"","propertyPath":"/SALES_AREA_SPART","modelName":"NewYardModel"},"interaction":{"idSuffix":"inner"}},"wdio_ui5_key":"etmportal.ui.manageyards.view.Newsap.m.Input{\"path\":\"\",\"propertyPath\":\"/SALES_AREA_SPART\",\"modelName\":\"NewYardModel\"}"}]}
RESULT: {"script":"<script> [1562 bytes]","args":[{"selector":{"controlType":"sap.m.Input","viewName":"etm.portal.ui.manageyards.view.New","viewId":"application-manageyards-display-component---NewYard","bindingPath":{"path":"","propertyPath":"/SALES_AREA_SPART","modelName":"NewYardModel"},"interaction":{"idSuffix":"inner"}},"wdio_ui5_key":"etmportal.ui.manageyards.view.Newsap.m.Input{\"path\":\"\",\"propertyPath\":\"/SALES_AREA_SPART\",\"modelName\":\"NewYardModel\"}"}]}
RESULT: undefined
COMMAND: POST /session/b4821e91125fc57ae8b08a301666550d/execute/async - {"script":"<script> [776 bytes]","args":[{"enterText":"C2","selector":{"controlType":"sap.m.Input","viewName":"etm.portal.ui.manageyards.view.New","viewId":"application-manageyards-display-component---NewYard","bindingPath":{"path":"","propertyPath":"/SALES_AREA_SPART","modelName":"NewYardModel"},"interaction":{"idSuffix":"inner"}},"clearTextFirst":true,"interactionType":"ENTER_TEXT"}]}
RESULT: {"script":"<script> [776 bytes]","args":[{"enterText":"C2","selector":{"controlType":"sap.m.Input","viewName":"etm.portal.ui.manageyards.view.New","viewId":"application-manageyards-display-component---NewYard","bindingPath":{"path":"","propertyPath":"/SALES_AREA_SPART","modelName":"NewYardModel"},"interaction":{"idSuffix":"inner"}},"clearTextFirst":true,"interactionType":"ENTER_TEXT"}]}
COMMAND: POST /session/b4821e91125fc57ae8b08a301666550d/execute/async - {"script":"<script> [1562 bytes]","args":[{"selector":{"controlType":"sap.m.Input","viewName":"etm.portal.ui.manageyards.view.New","viewId":"application-manageyards-display-component---NewYard","bindingPath":{"path":"","propertyPath":"/SHIP_POINT","modelName":"NewYardModel"},"interaction":{"idSuffix":"inner"}},"wdio_ui5_key":"etmportal.ui.manageyards.view.Newsap.m.Input{\"path\":\"\",\"propertyPath\":\"/SHIP_POINT\",\"modelName\":\"NewYardModel\"}"}]}
RESULT: {"script":"<script> [1562 bytes]","args":[{"selector":{"controlType":"sap.m.Input","viewName":"etm.portal.ui.manageyards.view.New","viewId":"application-manageyards-display-component---NewYard","bindingPath":{"path":"","propertyPath":"/SHIP_POINT","modelName":"NewYardModel"},"interaction":{"idSuffix":"inner"}},"wdio_ui5_key":"etmportal.ui.manageyards.view.Newsap.m.Input{\"path\":\"\",\"propertyPath\":\"/SHIP_POINT\",\"modelName\":\"NewYardModel\"}"}]}
RESULT: undefined
COMMAND: POST /session/b4821e91125fc57ae8b08a301666550d/execute/async - {"script":"<script> [776 bytes]","args":[{"enterText":"1710","selector":{"controlType":"sap.m.Input","viewName":"etm.portal.ui.manageyards.view.New","viewId":"application-manageyards-display-component---NewYard","bindingPath":{"path":"","propertyPath":"/SHIP_POINT","modelName":"NewYardModel"},"interaction":{"idSuffix":"inner"}},"clearTextFirst":true,"interactionType":"ENTER_TEXT"}]}
RESULT: {"script":"<script> [776 bytes]","args":[{"enterText":"1710","selector":{"controlType":"sap.m.Input","viewName":"etm.portal.ui.manageyards.view.New","viewId":"application-manageyards-display-component---NewYard","bindingPath":{"path":"","propertyPath":"/SHIP_POINT","modelName":"NewYardModel"},"interaction":{"idSuffix":"inner"}},"clearTextFirst":true,"interactionType":"ENTER_TEXT"}]}
COMMAND: POST /session/b4821e91125fc57ae8b08a301666550d/execute/async - {"script":"<script> [1562 bytes]","args":[{"selector":{"controlType":"sap.m.Input","viewName":"etm.portal.ui.manageyards.view.New","viewId":"application-manageyards-display-component---NewYard","bindingPath":{"path":"","propertyPath":"/DELIVERY_TYPE","modelName":"NewYardModel"},"interaction":{"idSuffix":"inner"}},"wdio_ui5_key":"etmportal.ui.manageyards.view.Newsap.m.Input{\"path\":\"\",\"propertyPath\":\"/DELIVERY_TYPE\",\"modelName\":\"NewYardModel\"}"}]}
RESULT: {"script":"<script> [1562 bytes]","args":[{"selector":{"controlType":"sap.m.Input","viewName":"etm.portal.ui.manageyards.view.New","viewId":"application-manageyards-display-component---NewYard","bindingPath":{"path":"","propertyPath":"/DELIVERY_TYPE","modelName":"NewYardModel"},"interaction":{"idSuffix":"inner"}},"wdio_ui5_key":"etmportal.ui.manageyards.view.Newsap.m.Input{\"path\":\"\",\"propertyPath\":\"/DELIVERY_TYPE\",\"modelName\":\"NewYardModel\"}"}]}
RESULT: undefined
COMMAND: POST /session/b4821e91125fc57ae8b08a301666550d/execute/async - {"script":"<script> [776 bytes]","args":[{"enterText":"ZL01","selector":{"controlType":"sap.m.Input","viewName":"etm.portal.ui.manageyards.view.New","viewId":"application-manageyards-display-component---NewYard","bindingPath":{"path":"","propertyPath":"/DELIVERY_TYPE","modelName":"NewYardModel"},"interaction":{"idSuffix":"inner"}},"clearTextFirst":true,"interactionType":"ENTER_TEXT"}]}
RESULT: {"script":"<script> [776 bytes]","args":[{"enterText":"ZL01","selector":{"controlType":"sap.m.Input","viewName":"etm.portal.ui.manageyards.view.New","viewId":"application-manageyards-display-component---NewYard","bindingPath":{"path":"","propertyPath":"/DELIVERY_TYPE","modelName":"NewYardModel"},"interaction":{"idSuffix":"inner"}},"clearTextFirst":true,"interactionType":"ENTER_TEXT"}]}
COMMAND: POST /session/b4821e91125fc57ae8b08a301666550d/execute/async - {"script":"<script> [1562 bytes]","args":[{"selector":{"controlType":"sap.m.Input","viewName":"etm.portal.ui.manageyards.view.New","viewId":"application-manageyards-display-component---NewYard","bindingPath":{"path":"","propertyPath":"/AUART","modelName":"NewYardModel"},"interaction":{"idSuffix":"inner"}},"wdio_ui5_key":"etmportal.ui.manageyards.view.Newsap.m.Input{\"path\":\"\",\"propertyPath\":\"/AUART\",\"modelName\":\"NewYardModel\"}"}]}
RESULT: {"script":"<script> [1562 bytes]","args":[{"selector":{"controlType":"sap.m.Input","viewName":"etm.portal.ui.manageyards.view.New","viewId":"application-manageyards-display-component---NewYard","bindingPath":{"path":"","propertyPath":"/AUART","modelName":"NewYardModel"},"interaction":{"idSuffix":"inner"}},"wdio_ui5_key":"etmportal.ui.manageyards.view.Newsap.m.Input{\"path\":\"\",\"propertyPath\":\"/AUART\",\"modelName\":\"NewYardModel\"}"}]}
RESULT: undefined
COMMAND: POST /session/b4821e91125fc57ae8b08a301666550d/execute/async - {"script":"<script> [776 bytes]","args":[{"enterText":"TA","selector":{"controlType":"sap.m.Input","viewName":"etm.portal.ui.manageyards.view.New","viewId":"application-manageyards-display-component---NewYard","bindingPath":{"path":"","propertyPath":"/AUART","modelName":"NewYardModel"},"interaction":{"idSuffix":"inner"}},"clearTextFirst":true,"interactionType":"ENTER_TEXT"}]}
RESULT: {"script":"<script> [776 bytes]","args":[{"enterText":"TA","selector":{"controlType":"sap.m.Input","viewName":"etm.portal.ui.manageyards.view.New","viewId":"application-manageyards-display-component---NewYard","bindingPath":{"path":"","propertyPath":"/AUART","modelName":"NewYardModel"},"interaction":{"idSuffix":"inner"}},"clearTextFirst":true,"interactionType":"ENTER_TEXT"}]}
COMMAND: POST /session/b4821e91125fc57ae8b08a301666550d/element - {"using":"xpath","value":"//button[@data-kt=\"newYardSaveButton\"]"}
RESULT: {"using":"xpath","value":"//button[@data-kt=\"newYardSaveButton\"]"}
COMMAND: POST /session/b4821e91125fc57ae8b08a301666550d/element/f.0C7D383FA3E737A876F1AD61BD78151D.d.CC93FE43059C835B90E9EBC3CF1E7485.e.11890/click - {}
RESULT: {}
COMMAND: GET /session/b4821e91125fc57ae8b08a301666550d/screenshot - {}
RESULT: {}
COMMAND: POST /session/b4821e91125fc57ae8b08a301666550d/element - {"using":"xpath","value":"//header[contains(@id, 'ObjectPageLayout-headerTitle')]/div[1]/div[2]/div[1]/span[1]"}
RESULT: {"using":"xpath","value":"//header[contains(@id, 'ObjectPageLayout-headerTitle')]/div[1]/div[2]/div[1]/span[1]"}
COMMAND: POST /session/b4821e91125fc57ae8b08a301666550d/elements - {"using":"xpath","value":"//header[contains(@id, 'ObjectPageLayout-headerTitle')]/div[1]/div[2]/div[1]/span[1]"}
RESULT: {"using":"xpath","value":"//header[contains(@id, 'ObjectPageLayout-headerTitle')]/div[1]/div[2]/div[1]/span[1]"}
COMMAND: POST /session/b4821e91125fc57ae8b08a301666550d/execute/sync - {"script":"<script> [56 bytes]","args":[{"element-6066-11e4-a52e-4f735466cecf":"f.0C7D383FA3E737A876F1AD61BD78151D.d.CC93FE43059C835B90E9EBC3CF1E7485.e.12209","ELEMENT":"f.0C7D383FA3E737A876F1AD61BD78151D.d.CC93FE43059C835B90E9EBC3CF1E7485.e.12209"}]}
RESULT: {"script":"<script> [56 bytes]","args":[{"element-6066-11e4-a52e-4f735466cecf":"f.0C7D383FA3E737A876F1AD61BD78151D.d.CC93FE43059C835B90E9EBC3CF1E7485.e.12209","ELEMENT":"f.0C7D383FA3E737A876F1AD61BD78151D.d.CC93FE43059C835B90E9EBC3CF1E7485.e.12209"}]}
COMMAND: GET /session/b4821e91125fc57ae8b08a301666550d/screenshot - {}
RESULT: {}
COMMAND: POST /session/b4821e91125fc57ae8b08a301666550d/element - {"using":"css selector","value":"#shell-header-logo"}
RESULT: {"using":"css selector","value":"#shell-header-logo"}
COMMAND: POST /session/b4821e91125fc57ae8b08a301666550d/element/f.0C7D383FA3E737A876F1AD61BD78151D.d.CC93FE43059C835B90E9EBC3CF1E7485.e.11340/click - {}
RESULT: {}
COMMAND: GET /session/b4821e91125fc57ae8b08a301666550d/screenshot - {}
RESULT: {}
COMMAND: POST /session/b4821e91125fc57ae8b08a301666550d/execute/sync - {"script":"<script> [299 bytes]","args":[["getModel","getResource"]]}
RESULT: {"script":"<script> [299 bytes]","args":[["getModel","getResource"]]}
]]></system-out>
    </testcase>
    <testcase classname="chrome.136_0_7103_93.windows.Provide_to_Site_w/o_warehouse_management_w/_clarification_US116605" name="Should create a new external partner" time="88.675">
      <system-out><![CDATA[
COMMAND: POST /session/b4821e91125fc57ae8b08a301666550d/window/fullscreen - {}
COMMAND: GET /session/b4821e91125fc57ae8b08a301666550d/screenshot - {}
RESULT: {}
COMMAND: POST /session/b4821e91125fc57ae8b08a301666550d/execute/async - {"script":"<script> [1562 bytes]","args":[{"selector":{"controlType":"sap.m.GenericTile","properties":{"header":"Manage Partners"}},"wdio_ui5_key":"sapm.GenericTile{\"header\":\"Manage Partners\"}"}]}
RESULT: {}
RESULT: {"script":"<script> [1562 bytes]","args":[{"selector":{"controlType":"sap.m.GenericTile","properties":{"header":"Manage Partners"}},"wdio_ui5_key":"sapm.GenericTile{\"header\":\"Manage Partners\"}"}]}
RESULT: undefined
COMMAND: POST /session/b4821e91125fc57ae8b08a301666550d/element - {"using":"xpath","value":"//*[@id=\"__tile30\"]"}
RESULT: {"using":"xpath","value":"//*[@id=\"__tile30\"]"}
COMMAND: POST /session/b4821e91125fc57ae8b08a301666550d/element/f.0C7D383FA3E737A876F1AD61BD78151D.d.CC93FE43059C835B90E9EBC3CF1E7485.e.11364/click - {}
RESULT: {}
COMMAND: GET /session/b4821e91125fc57ae8b08a301666550d/screenshot - {}
RESULT: {}
COMMAND: POST /session/b4821e91125fc57ae8b08a301666550d/elements - {"using":"xpath","value":"//span[text()='Error']"}
RESULT: {"using":"xpath","value":"//span[text()='Error']"}
COMMAND: POST /session/b4821e91125fc57ae8b08a301666550d/element - {"using":"xpath","value":"//button[@data-kt=\"addButton\"]"}
RESULT: {"using":"xpath","value":"//button[@data-kt=\"addButton\"]"}
COMMAND: POST /session/b4821e91125fc57ae8b08a301666550d/elements - {"using":"xpath","value":"//button[@data-kt=\"addButton\"]"}
RESULT: {"using":"xpath","value":"//button[@data-kt=\"addButton\"]"}
COMMAND: POST /session/b4821e91125fc57ae8b08a301666550d/execute/sync - {"script":"<script> [8489 bytes]","args":[{"element-6066-11e4-a52e-4f735466cecf":"f.0C7D383FA3E737A876F1AD61BD78151D.d.CC93FE43059C835B90E9EBC3CF1E7485.e.12257","ELEMENT":"f.0C7D383FA3E737A876F1AD61BD78151D.d.CC93FE43059C835B90E9EBC3CF1E7485.e.12257"}]}
RESULT: {"script":"<script> [8489 bytes]","args":[{"element-6066-11e4-a52e-4f735466cecf":"f.0C7D383FA3E737A876F1AD61BD78151D.d.CC93FE43059C835B90E9EBC3CF1E7485.e.12257","ELEMENT":"f.0C7D383FA3E737A876F1AD61BD78151D.d.CC93FE43059C835B90E9EBC3CF1E7485.e.12257"}]}
COMMAND: GET /session/b4821e91125fc57ae8b08a301666550d/element/f.0C7D383FA3E737A876F1AD61BD78151D.d.CC93FE43059C835B90E9EBC3CF1E7485.e.12257/enabled - {}
COMMAND: GET /session/b4821e91125fc57ae8b08a301666550d/screenshot - {}
RESULT: {}
COMMAND: POST /session/b4821e91125fc57ae8b08a301666550d/execute/sync - {"script":"<script> [8489 bytes]","args":[{"element-6066-11e4-a52e-4f735466cecf":"f.0C7D383FA3E737A876F1AD61BD78151D.d.CC93FE43059C835B90E9EBC3CF1E7485.e.12257","ELEMENT":"f.0C7D383FA3E737A876F1AD61BD78151D.d.CC93FE43059C835B90E9EBC3CF1E7485.e.12257"}]}
COMMAND: GET /session/b4821e91125fc57ae8b08a301666550d/screenshot - {}
RESULT: {}
RESULT: {"script":"<script> [8489 bytes]","args":[{"element-6066-11e4-a52e-4f735466cecf":"f.0C7D383FA3E737A876F1AD61BD78151D.d.CC93FE43059C835B90E9EBC3CF1E7485.e.12257","ELEMENT":"f.0C7D383FA3E737A876F1AD61BD78151D.d.CC93FE43059C835B90E9EBC3CF1E7485.e.12257"}]}
COMMAND: POST /session/b4821e91125fc57ae8b08a301666550d/execute/sync - {"script":"<script> [5351 bytes]","args":[{"element-6066-11e4-a52e-4f735466cecf":"f.0C7D383FA3E737A876F1AD61BD78151D.d.CC93FE43059C835B90E9EBC3CF1E7485.e.12257","ELEMENT":"f.0C7D383FA3E737A876F1AD61BD78151D.d.CC93FE43059C835B90E9EBC3CF1E7485.e.12257"}]}
COMMAND: GET /session/b4821e91125fc57ae8b08a301666550d/screenshot - {}
RESULT: {}
RESULT: {"script":"<script> [5351 bytes]","args":[{"element-6066-11e4-a52e-4f735466cecf":"f.0C7D383FA3E737A876F1AD61BD78151D.d.CC93FE43059C835B90E9EBC3CF1E7485.e.12257","ELEMENT":"f.0C7D383FA3E737A876F1AD61BD78151D.d.CC93FE43059C835B90E9EBC3CF1E7485.e.12257"}]}
COMMAND: POST /session/b4821e91125fc57ae8b08a301666550d/element/f.0C7D383FA3E737A876F1AD61BD78151D.d.CC93FE43059C835B90E9EBC3CF1E7485.e.12257/click - {}
COMMAND: GET /session/b4821e91125fc57ae8b08a301666550d/screenshot - {}
RESULT: {}
RESULT: {}
COMMAND: GET /session/b4821e91125fc57ae8b08a301666550d/screenshot - {}
COMMAND: POST /session/b4821e91125fc57ae8b08a301666550d/execute/async - {"script":"<script> [1562 bytes]","args":[{"selector":{"id":"application-managepartners-display-component---NewPartner--addressDetailDetailsName1","interaction":{"idSuffix":"inner"}},"wdio_ui5_key":"applicationmanagepartners-display-component---NewPartner--addressDetailDetailsName1"}]}
RESULT: {}
RESULT: {}
RESULT: {"script":"<script> [1562 bytes]","args":[{"selector":{"id":"application-managepartners-display-component---NewPartner--addressDetailDetailsName1","interaction":{"idSuffix":"inner"}},"wdio_ui5_key":"applicationmanagepartners-display-component---NewPartner--addressDetailDetailsName1"}]}
RESULT: undefined
COMMAND: POST /session/b4821e91125fc57ae8b08a301666550d/execute/async - {"script":"<script> [776 bytes]","args":[{"enterText":"External Partner WDIO","selector":{"id":"application-managepartners-display-component---NewPartner--addressDetailDetailsName1","interaction":{"idSuffix":"inner"}},"clearTextFirst":true,"interactionType":"ENTER_TEXT"}]}
RESULT: {"script":"<script> [776 bytes]","args":[{"enterText":"External Partner WDIO","selector":{"id":"application-managepartners-display-component---NewPartner--addressDetailDetailsName1","interaction":{"idSuffix":"inner"}},"clearTextFirst":true,"interactionType":"ENTER_TEXT"}]}
COMMAND: POST /session/b4821e91125fc57ae8b08a301666550d/execute/async - {"script":"<script> [1562 bytes]","args":[{"selector":{"id":"application-managepartners-display-component---NewPartner--addressDetailDetailsLanguage-arrow"},"wdio_ui5_key":"applicationmanagepartners-display-component---NewPartner--addressDetailDetailsLanguage-arrow"}]}
RESULT: {"script":"<script> [1562 bytes]","args":[{"selector":{"id":"application-managepartners-display-component---NewPartner--addressDetailDetailsLanguage-arrow"},"wdio_ui5_key":"applicationmanagepartners-display-component---NewPartner--addressDetailDetailsLanguage-arrow"}]}
RESULT: undefined
COMMAND: POST /session/b4821e91125fc57ae8b08a301666550d/element - {"using":"xpath","value":"//*[@id=\"application-managepartners-display-component---NewPartner--addressDetailDetailsLanguage-arrow\"]"}
RESULT: {"using":"xpath","value":"//*[@id=\"application-managepartners-display-component---NewPartner--addressDetailDetailsLanguage-arrow\"]"}
COMMAND: POST /session/b4821e91125fc57ae8b08a301666550d/element/f.0C7D383FA3E737A876F1AD61BD78151D.d.CC93FE43059C835B90E9EBC3CF1E7485.e.12703/click - {}
RESULT: {}
COMMAND: POST /session/b4821e91125fc57ae8b08a301666550d/element - {"using":"xpath","value":"//span[contains(text(), \"English\")]"}
COMMAND: GET /session/b4821e91125fc57ae8b08a301666550d/screenshot - {}
RESULT: {"using":"xpath","value":"//span[contains(text(), \"English\")]"}
COMMAND: POST /session/b4821e91125fc57ae8b08a301666550d/element/f.0C7D383FA3E737A876F1AD61BD78151D.d.CC93FE43059C835B90E9EBC3CF1E7485.e.12704/click - {}
RESULT: {}
RESULT: {}
COMMAND: GET /session/b4821e91125fc57ae8b08a301666550d/screenshot - {}
RESULT: {}
COMMAND: POST /session/b4821e91125fc57ae8b08a301666550d/execute/async - {"script":"<script> [1562 bytes]","args":[{"selector":{"id":"application-managepartners-display-component---NewPartner--addressDetailDetailsCity1","interaction":{"idSuffix":"inner"}},"wdio_ui5_key":"applicationmanagepartners-display-component---NewPartner--addressDetailDetailsCity1"}]}
RESULT: {"script":"<script> [1562 bytes]","args":[{"selector":{"id":"application-managepartners-display-component---NewPartner--addressDetailDetailsCity1","interaction":{"idSuffix":"inner"}},"wdio_ui5_key":"applicationmanagepartners-display-component---NewPartner--addressDetailDetailsCity1"}]}
RESULT: undefined
COMMAND: POST /session/b4821e91125fc57ae8b08a301666550d/execute/async - {"script":"<script> [776 bytes]","args":[{"enterText":"Rosario","selector":{"id":"application-managepartners-display-component---NewPartner--addressDetailDetailsCity1","interaction":{"idSuffix":"inner"}},"clearTextFirst":true,"interactionType":"ENTER_TEXT"}]}
RESULT: {"script":"<script> [776 bytes]","args":[{"enterText":"Rosario","selector":{"id":"application-managepartners-display-component---NewPartner--addressDetailDetailsCity1","interaction":{"idSuffix":"inner"}},"clearTextFirst":true,"interactionType":"ENTER_TEXT"}]}
COMMAND: POST /session/b4821e91125fc57ae8b08a301666550d/execute/async - {"script":"<script> [1562 bytes]","args":[{"selector":{"id":"application-managepartners-display-component---NewPartner--addressDetailDetailsCountry-arrow"},"wdio_ui5_key":"applicationmanagepartners-display-component---NewPartner--addressDetailDetailsCountry-arrow"}]}
RESULT: {"script":"<script> [1562 bytes]","args":[{"selector":{"id":"application-managepartners-display-component---NewPartner--addressDetailDetailsCountry-arrow"},"wdio_ui5_key":"applicationmanagepartners-display-component---NewPartner--addressDetailDetailsCountry-arrow"}]}
RESULT: undefined
COMMAND: POST /session/b4821e91125fc57ae8b08a301666550d/element - {"using":"xpath","value":"//*[@id=\"application-managepartners-display-component---NewPartner--addressDetailDetailsCountry-arrow\"]"}
RESULT: {"using":"xpath","value":"//*[@id=\"application-managepartners-display-component---NewPartner--addressDetailDetailsCountry-arrow\"]"}
COMMAND: POST /session/b4821e91125fc57ae8b08a301666550d/element/f.0C7D383FA3E737A876F1AD61BD78151D.d.CC93FE43059C835B90E9EBC3CF1E7485.e.12690/click - {}
RESULT: {}
COMMAND: POST /session/b4821e91125fc57ae8b08a301666550d/element - {"using":"xpath","value":"//span[contains(text(), \"Argentina\")]"}
COMMAND: GET /session/b4821e91125fc57ae8b08a301666550d/screenshot - {}
RESULT: {"using":"xpath","value":"//span[contains(text(), \"Argentina\")]"}
COMMAND: POST /session/b4821e91125fc57ae8b08a301666550d/element/f.0C7D383FA3E737A876F1AD61BD78151D.d.CC93FE43059C835B90E9EBC3CF1E7485.e.12706/click - {}
RESULT: {}
RESULT: {}
COMMAND: GET /session/b4821e91125fc57ae8b08a301666550d/screenshot - {}
RESULT: {}
COMMAND: POST /session/b4821e91125fc57ae8b08a301666550d/element - {"using":"xpath","value":"//bdi[contains(text(), \"Commercial\")]"}
RESULT: {"using":"xpath","value":"//bdi[contains(text(), \"Commercial\")]"}
COMMAND: POST /session/b4821e91125fc57ae8b08a301666550d/element/f.0C7D383FA3E737A876F1AD61BD78151D.d.CC93FE43059C835B90E9EBC3CF1E7485.e.12707/click - {}
RESULT: {}
COMMAND: GET /session/b4821e91125fc57ae8b08a301666550d/screenshot - {}
RESULT: {}
COMMAND: POST /session/b4821e91125fc57ae8b08a301666550d/execute/async - {"script":"<script> [1562 bytes]","args":[{"selector":{"id":"application-managepartners-display-component---NewPartner--partnerDetailInternal-arrow"},"wdio_ui5_key":"applicationmanagepartners-display-component---NewPartner--partnerDetailInternal-arrow"}]}
RESULT: {"script":"<script> [1562 bytes]","args":[{"selector":{"id":"application-managepartners-display-component---NewPartner--partnerDetailInternal-arrow"},"wdio_ui5_key":"applicationmanagepartners-display-component---NewPartner--partnerDetailInternal-arrow"}]}
RESULT: undefined
COMMAND: POST /session/b4821e91125fc57ae8b08a301666550d/element - {"using":"xpath","value":"//*[@id=\"application-managepartners-display-component---NewPartner--partnerDetailInternal-arrow\"]"}
RESULT: {"using":"xpath","value":"//*[@id=\"application-managepartners-display-component---NewPartner--partnerDetailInternal-arrow\"]"}
COMMAND: POST /session/b4821e91125fc57ae8b08a301666550d/element/f.0C7D383FA3E737A876F1AD61BD78151D.d.CC93FE43059C835B90E9EBC3CF1E7485.e.12713/click - {}
RESULT: {}
COMMAND: POST /session/b4821e91125fc57ae8b08a301666550d/element - {"using":"xpath","value":"//span[contains(text(), \"External partner\")]"}
COMMAND: GET /session/b4821e91125fc57ae8b08a301666550d/screenshot - {}
RESULT: {"using":"xpath","value":"//span[contains(text(), \"External partner\")]"}
COMMAND: POST /session/b4821e91125fc57ae8b08a301666550d/element/f.0C7D383FA3E737A876F1AD61BD78151D.d.CC93FE43059C835B90E9EBC3CF1E7485.e.12716/click - {}
RESULT: {}
RESULT: {}
COMMAND: POST /session/b4821e91125fc57ae8b08a301666550d/execute/async - {"script":"<script> [1562 bytes]","args":[{"selector":{"id":"application-managepartners-display-component---NewPartner--partnerDetailsCurrency-arrow"},"wdio_ui5_key":"applicationmanagepartners-display-component---NewPartner--partnerDetailsCurrency-arrow"}]}
COMMAND: GET /session/b4821e91125fc57ae8b08a301666550d/screenshot - {}
RESULT: {"script":"<script> [1562 bytes]","args":[{"selector":{"id":"application-managepartners-display-component---NewPartner--partnerDetailsCurrency-arrow"},"wdio_ui5_key":"applicationmanagepartners-display-component---NewPartner--partnerDetailsCurrency-arrow"}]}
RESULT: undefined
COMMAND: POST /session/b4821e91125fc57ae8b08a301666550d/element - {"using":"xpath","value":"//*[@id=\"application-managepartners-display-component---NewPartner--partnerDetailsCurrency-arrow\"]"}
RESULT: {}
RESULT: {"using":"xpath","value":"//*[@id=\"application-managepartners-display-component---NewPartner--partnerDetailsCurrency-arrow\"]"}
COMMAND: POST /session/b4821e91125fc57ae8b08a301666550d/element/f.0C7D383FA3E737A876F1AD61BD78151D.d.CC93FE43059C835B90E9EBC3CF1E7485.e.12721/click - {}
RESULT: {}
COMMAND: POST /session/b4821e91125fc57ae8b08a301666550d/element - {"using":"xpath","value":"//span[contains(text(), \"US Dollar\")]"}
COMMAND: GET /session/b4821e91125fc57ae8b08a301666550d/screenshot - {}
RESULT: {"using":"xpath","value":"//span[contains(text(), \"US Dollar\")]"}
COMMAND: POST /session/b4821e91125fc57ae8b08a301666550d/element/f.0C7D383FA3E737A876F1AD61BD78151D.d.CC93FE43059C835B90E9EBC3CF1E7485.e.12722/click - {}
RESULT: {}
RESULT: {}
COMMAND: GET /session/b4821e91125fc57ae8b08a301666550d/screenshot - {}
RESULT: {}
COMMAND: POST /session/b4821e91125fc57ae8b08a301666550d/element - {"using":"xpath","value":"//input[@id=\"application-managepartners-display-component---NewPartner--companyCodeComboBox-inner\"]"}
RESULT: {"using":"xpath","value":"//input[@id=\"application-managepartners-display-component---NewPartner--companyCodeComboBox-inner\"]"}
COMMAND: POST /session/b4821e91125fc57ae8b08a301666550d/element/f.0C7D383FA3E737A876F1AD61BD78151D.d.CC93FE43059C835B90E9EBC3CF1E7485.e.12570/clear - {}
RESULT: {}
COMMAND: POST /session/b4821e91125fc57ae8b08a301666550d/element/f.0C7D383FA3E737A876F1AD61BD78151D.d.CC93FE43059C835B90E9EBC3CF1E7485.e.12570/value - {"text":"C002"}
COMMAND: GET /session/b4821e91125fc57ae8b08a301666550d/screenshot - {}
RESULT: {"text":"C002"}
COMMAND: GET /session/b4821e91125fc57ae8b08a301666550d/screenshot - {}
RESULT: {}
RESULT: {}
COMMAND: POST /session/b4821e91125fc57ae8b08a301666550d/element - {"using":"xpath","value":"//li[.//span[text()= \"C002\"]]"}
RESULT: {"using":"xpath","value":"//li[.//span[text()= \"C002\"]]"}
COMMAND: POST /session/b4821e91125fc57ae8b08a301666550d/element/f.0C7D383FA3E737A876F1AD61BD78151D.d.CC93FE43059C835B90E9EBC3CF1E7485.e.12726/click - {}
RESULT: {}
COMMAND: GET /session/b4821e91125fc57ae8b08a301666550d/screenshot - {}
RESULT: {}
COMMAND: POST /session/b4821e91125fc57ae8b08a301666550d/execute/async - {"script":"<script> [1562 bytes]","args":[{"selector":{"id":"application-managepartners-display-component---NewPartner--btnAddTableRow-img"},"wdio_ui5_key":"applicationmanagepartners-display-component---NewPartner--btnAddTableRow-img"}]}
RESULT: {"script":"<script> [1562 bytes]","args":[{"selector":{"id":"application-managepartners-display-component---NewPartner--btnAddTableRow-img"},"wdio_ui5_key":"applicationmanagepartners-display-component---NewPartner--btnAddTableRow-img"}]}
RESULT: undefined
COMMAND: POST /session/b4821e91125fc57ae8b08a301666550d/element - {"using":"xpath","value":"//*[@id=\"application-managepartners-display-component---NewPartner--btnAddTableRow-img\"]"}
RESULT: {"using":"xpath","value":"//*[@id=\"application-managepartners-display-component---NewPartner--btnAddTableRow-img\"]"}
COMMAND: POST /session/b4821e91125fc57ae8b08a301666550d/element/f.0C7D383FA3E737A876F1AD61BD78151D.d.CC93FE43059C835B90E9EBC3CF1E7485.e.12727/click - {}
RESULT: {}
COMMAND: GET /session/b4821e91125fc57ae8b08a301666550d/screenshot - {}
RESULT: {}
COMMAND: POST /session/b4821e91125fc57ae8b08a301666550d/element - {"using":"xpath","value":"//input[@id=\"application-managepartners-display-component---NewPartner--assignmentYard-application-managepartners-display-component---NewPartner--assignmentsTable-0-inner\"]"}
RESULT: {"using":"xpath","value":"//input[@id=\"application-managepartners-display-component---NewPartner--assignmentYard-application-managepartners-display-component---NewPartner--assignmentsTable-0-inner\"]"}
COMMAND: POST /session/b4821e91125fc57ae8b08a301666550d/element/f.0C7D383FA3E737A876F1AD61BD78151D.d.CC93FE43059C835B90E9EBC3CF1E7485.e.12730/clear - {}
RESULT: {}
COMMAND: POST /session/b4821e91125fc57ae8b08a301666550d/element/f.0C7D383FA3E737A876F1AD61BD78151D.d.CC93FE43059C835B90E9EBC3CF1E7485.e.12730/value - {"text":"542"}
COMMAND: GET /session/b4821e91125fc57ae8b08a301666550d/screenshot - {}
RESULT: {"text":"542"}
COMMAND: GET /session/b4821e91125fc57ae8b08a301666550d/screenshot - {}
RESULT: {}
RESULT: {}
COMMAND: POST /session/b4821e91125fc57ae8b08a301666550d/element - {"using":"xpath","value":"//li[.//span[text()='542']]"}
RESULT: {"using":"xpath","value":"//li[.//span[text()='542']]"}
COMMAND: POST /session/b4821e91125fc57ae8b08a301666550d/element/f.0C7D383FA3E737A876F1AD61BD78151D.d.CC93FE43059C835B90E9EBC3CF1E7485.e.12738/click - {}
RESULT: {}
COMMAND: GET /session/b4821e91125fc57ae8b08a301666550d/screenshot - {}
RESULT: {}
COMMAND: POST /session/b4821e91125fc57ae8b08a301666550d/actions - {"actions":[{"id":"action41","type":"key","parameters":{},"actions":[{"type":"keyDown","value":"î€‡"},{"type":"pause","duration":10},{"type":"keyUp","value":"î€‡"}]}]}
RESULT: {"actions":[{"id":"action41","type":"key","parameters":{},"actions":[{"type":"keyDown","value":"î€‡"},{"type":"pause","duration":10},{"type":"keyUp","value":"î€‡"}]}]}
COMMAND: POST /session/b4821e91125fc57ae8b08a301666550d/element - {"using":"xpath","value":"//td[contains(@id, \"assignmentsTable-0-cell2\")]/div/div"}
COMMAND: GET /session/b4821e91125fc57ae8b08a301666550d/screenshot - {}
RESULT: {"using":"xpath","value":"//td[contains(@id, \"assignmentsTable-0-cell2\")]/div/div"}
COMMAND: POST /session/b4821e91125fc57ae8b08a301666550d/element/f.0C7D383FA3E737A876F1AD61BD78151D.d.CC93FE43059C835B90E9EBC3CF1E7485.e.12741/click - {}
RESULT: {}
RESULT: {}
COMMAND: GET /session/b4821e91125fc57ae8b08a301666550d/screenshot - {}
RESULT: {}
COMMAND: POST /session/b4821e91125fc57ae8b08a301666550d/element - {"using":"xpath","value":"//button[@data-kt=\"saveButton\"]"}
RESULT: {"using":"xpath","value":"//button[@data-kt=\"saveButton\"]"}
COMMAND: POST /session/b4821e91125fc57ae8b08a301666550d/element/f.0C7D383FA3E737A876F1AD61BD78151D.d.CC93FE43059C835B90E9EBC3CF1E7485.e.12607/click - {}
RESULT: {}
COMMAND: GET /session/b4821e91125fc57ae8b08a301666550d/screenshot - {}
RESULT: {}
COMMAND: POST /session/b4821e91125fc57ae8b08a301666550d/element - {"using":"xpath","value":"//header[contains(@id, 'ObjectPageLayout-headerTitle')]/div[1]/div[2]/div[2]/span[1]"}
RESULT: {"using":"xpath","value":"//header[contains(@id, 'ObjectPageLayout-headerTitle')]/div[1]/div[2]/div[2]/span[1]"}
COMMAND: POST /session/b4821e91125fc57ae8b08a301666550d/elements - {"using":"xpath","value":"//header[contains(@id, 'ObjectPageLayout-headerTitle')]/div[1]/div[2]/div[2]/span[1]"}
RESULT: {"using":"xpath","value":"//header[contains(@id, 'ObjectPageLayout-headerTitle')]/div[1]/div[2]/div[2]/span[1]"}
COMMAND: POST /session/b4821e91125fc57ae8b08a301666550d/execute/sync - {"script":"<script> [56 bytes]","args":[{"element-6066-11e4-a52e-4f735466cecf":"f.0C7D383FA3E737A876F1AD61BD78151D.d.CC93FE43059C835B90E9EBC3CF1E7485.e.12905","ELEMENT":"f.0C7D383FA3E737A876F1AD61BD78151D.d.CC93FE43059C835B90E9EBC3CF1E7485.e.12905"}]}
RESULT: {"script":"<script> [56 bytes]","args":[{"element-6066-11e4-a52e-4f735466cecf":"f.0C7D383FA3E737A876F1AD61BD78151D.d.CC93FE43059C835B90E9EBC3CF1E7485.e.12905","ELEMENT":"f.0C7D383FA3E737A876F1AD61BD78151D.d.CC93FE43059C835B90E9EBC3CF1E7485.e.12905"}]}
COMMAND: POST /session/b4821e91125fc57ae8b08a301666550d/element - {"using":"css selector","value":"#shell-header-logo"}
COMMAND: GET /session/b4821e91125fc57ae8b08a301666550d/screenshot - {}
RESULT: {"using":"css selector","value":"#shell-header-logo"}
COMMAND: POST /session/b4821e91125fc57ae8b08a301666550d/element/f.0C7D383FA3E737A876F1AD61BD78151D.d.CC93FE43059C835B90E9EBC3CF1E7485.e.12213/click - {}
RESULT: {}
RESULT: {}
COMMAND: GET /session/b4821e91125fc57ae8b08a301666550d/screenshot - {}
RESULT: {}
COMMAND: POST /session/b4821e91125fc57ae8b08a301666550d/execute/sync - {"script":"<script> [299 bytes]","args":[["getModel","getResource"]]}
RESULT: {"script":"<script> [299 bytes]","args":[["getModel","getResource"]]}
COMMAND: GET /session/b4821e91125fc57ae8b08a301666550d/screenshot - {}
]]></system-out>
    </testcase>
    <testcase classname="chrome.136_0_7103_93.windows.Provide_to_Site_w/o_warehouse_management_w/_clarification_US116605" name="Should create a new site" time="144.272">
      <system-out><![CDATA[
COMMAND: POST /session/b4821e91125fc57ae8b08a301666550d/execute/async - {"script":"<script> [1562 bytes]","args":[{"selector":{"controlType":"sap.m.GenericTile","properties":{"header":"Manage Sites"}},"wdio_ui5_key":"sapm.GenericTile{\"header\":\"Manage Sites\"}"}]}
RESULT: {}
RESULT: {"script":"<script> [1562 bytes]","args":[{"selector":{"controlType":"sap.m.GenericTile","properties":{"header":"Manage Sites"}},"wdio_ui5_key":"sapm.GenericTile{\"header\":\"Manage Sites\"}"}]}
RESULT: undefined
COMMAND: POST /session/b4821e91125fc57ae8b08a301666550d/element - {"using":"xpath","value":"//*[@id=\"__tile32\"]"}
RESULT: {"using":"xpath","value":"//*[@id=\"__tile32\"]"}
COMMAND: POST /session/b4821e91125fc57ae8b08a301666550d/element/f.0C7D383FA3E737A876F1AD61BD78151D.d.CC93FE43059C835B90E9EBC3CF1E7485.e.11370/click - {}
RESULT: {}
COMMAND: GET /session/b4821e91125fc57ae8b08a301666550d/screenshot - {}
RESULT: {}
COMMAND: POST /session/b4821e91125fc57ae8b08a301666550d/elements - {"using":"xpath","value":"//span[text()='Error']"}
RESULT: {"using":"xpath","value":"//span[text()='Error']"}
COMMAND: POST /session/b4821e91125fc57ae8b08a301666550d/element - {"using":"xpath","value":"//button[@data-kt=\"addOverflowToolbarButton\"]"}
RESULT: {"using":"xpath","value":"//button[@data-kt=\"addOverflowToolbarButton\"]"}
COMMAND: POST /session/b4821e91125fc57ae8b08a301666550d/elements - {"using":"xpath","value":"//button[@data-kt=\"addOverflowToolbarButton\"]"}
RESULT: {"using":"xpath","value":"//button[@data-kt=\"addOverflowToolbarButton\"]"}
COMMAND: POST /session/b4821e91125fc57ae8b08a301666550d/execute/sync - {"script":"<script> [8489 bytes]","args":[{"element-6066-11e4-a52e-4f735466cecf":"f.0C7D383FA3E737A876F1AD61BD78151D.d.CC93FE43059C835B90E9EBC3CF1E7485.e.12951","ELEMENT":"f.0C7D383FA3E737A876F1AD61BD78151D.d.CC93FE43059C835B90E9EBC3CF1E7485.e.12951"}]}
RESULT: {"script":"<script> [8489 bytes]","args":[{"element-6066-11e4-a52e-4f735466cecf":"f.0C7D383FA3E737A876F1AD61BD78151D.d.CC93FE43059C835B90E9EBC3CF1E7485.e.12951","ELEMENT":"f.0C7D383FA3E737A876F1AD61BD78151D.d.CC93FE43059C835B90E9EBC3CF1E7485.e.12951"}]}
COMMAND: GET /session/b4821e91125fc57ae8b08a301666550d/element/f.0C7D383FA3E737A876F1AD61BD78151D.d.CC93FE43059C835B90E9EBC3CF1E7485.e.12951/enabled - {}
COMMAND: GET /session/b4821e91125fc57ae8b08a301666550d/screenshot - {}
RESULT: {}
COMMAND: POST /session/b4821e91125fc57ae8b08a301666550d/execute/sync - {"script":"<script> [8489 bytes]","args":[{"element-6066-11e4-a52e-4f735466cecf":"f.0C7D383FA3E737A876F1AD61BD78151D.d.CC93FE43059C835B90E9EBC3CF1E7485.e.12951","ELEMENT":"f.0C7D383FA3E737A876F1AD61BD78151D.d.CC93FE43059C835B90E9EBC3CF1E7485.e.12951"}]}
COMMAND: GET /session/b4821e91125fc57ae8b08a301666550d/screenshot - {}
RESULT: {}
RESULT: {"script":"<script> [8489 bytes]","args":[{"element-6066-11e4-a52e-4f735466cecf":"f.0C7D383FA3E737A876F1AD61BD78151D.d.CC93FE43059C835B90E9EBC3CF1E7485.e.12951","ELEMENT":"f.0C7D383FA3E737A876F1AD61BD78151D.d.CC93FE43059C835B90E9EBC3CF1E7485.e.12951"}]}
COMMAND: POST /session/b4821e91125fc57ae8b08a301666550d/execute/sync - {"script":"<script> [5351 bytes]","args":[{"element-6066-11e4-a52e-4f735466cecf":"f.0C7D383FA3E737A876F1AD61BD78151D.d.CC93FE43059C835B90E9EBC3CF1E7485.e.12951","ELEMENT":"f.0C7D383FA3E737A876F1AD61BD78151D.d.CC93FE43059C835B90E9EBC3CF1E7485.e.12951"}]}
COMMAND: GET /session/b4821e91125fc57ae8b08a301666550d/screenshot - {}
RESULT: {}
RESULT: {"script":"<script> [5351 bytes]","args":[{"element-6066-11e4-a52e-4f735466cecf":"f.0C7D383FA3E737A876F1AD61BD78151D.d.CC93FE43059C835B90E9EBC3CF1E7485.e.12951","ELEMENT":"f.0C7D383FA3E737A876F1AD61BD78151D.d.CC93FE43059C835B90E9EBC3CF1E7485.e.12951"}]}
COMMAND: POST /session/b4821e91125fc57ae8b08a301666550d/element/f.0C7D383FA3E737A876F1AD61BD78151D.d.CC93FE43059C835B90E9EBC3CF1E7485.e.12951/click - {}
COMMAND: GET /session/b4821e91125fc57ae8b08a301666550d/screenshot - {}
RESULT: {}
RESULT: {}
COMMAND: GET /session/b4821e91125fc57ae8b08a301666550d/screenshot - {}
COMMAND: POST /session/b4821e91125fc57ae8b08a301666550d/element - {"using":"xpath","value":"//input[@id=\"application-managesites-display-component---NewSite--siteId-inner\"]"}
RESULT: {}
RESULT: {}
RESULT: {"using":"xpath","value":"//input[@id=\"application-managesites-display-component---NewSite--siteId-inner\"]"}
COMMAND: POST /session/b4821e91125fc57ae8b08a301666550d/element - {"using":"xpath","value":"//input[@id=\"application-managesites-display-component---NewSite--siteId-inner\"]"}
RESULT: {"using":"xpath","value":"//input[@id=\"application-managesites-display-component---NewSite--siteId-inner\"]"}
COMMAND: POST /session/b4821e91125fc57ae8b08a301666550d/execute/async - {"script":"<script> [1562 bytes]","args":[{"selector":{"id":"application-managesites-display-component---NewSite--addressDetailDetailsName1","interaction":{"idSuffix":"inner"}},"wdio_ui5_key":"applicationmanagesites-display-component---NewSite--addressDetailDetailsName1"}]}
RESULT: {"script":"<script> [1562 bytes]","args":[{"selector":{"id":"application-managesites-display-component---NewSite--addressDetailDetailsName1","interaction":{"idSuffix":"inner"}},"wdio_ui5_key":"applicationmanagesites-display-component---NewSite--addressDetailDetailsName1"}]}
RESULT: undefined
COMMAND: POST /session/b4821e91125fc57ae8b08a301666550d/execute/async - {"script":"<script> [776 bytes]","args":[{"enterText":"Other Type Site WDIO","selector":{"id":"application-managesites-display-component---NewSite--addressDetailDetailsName1","interaction":{"idSuffix":"inner"}},"clearTextFirst":true,"interactionType":"ENTER_TEXT"}]}
RESULT: {"script":"<script> [776 bytes]","args":[{"enterText":"Other Type Site WDIO","selector":{"id":"application-managesites-display-component---NewSite--addressDetailDetailsName1","interaction":{"idSuffix":"inner"}},"clearTextFirst":true,"interactionType":"ENTER_TEXT"}]}
COMMAND: POST /session/b4821e91125fc57ae8b08a301666550d/execute/async - {"script":"<script> [1562 bytes]","args":[{"selector":{"id":"application-managesites-display-component---NewSite--addressDetailDetailsLanguage-arrow"},"wdio_ui5_key":"applicationmanagesites-display-component---NewSite--addressDetailDetailsLanguage-arrow"}]}
RESULT: {"script":"<script> [1562 bytes]","args":[{"selector":{"id":"application-managesites-display-component---NewSite--addressDetailDetailsLanguage-arrow"},"wdio_ui5_key":"applicationmanagesites-display-component---NewSite--addressDetailDetailsLanguage-arrow"}]}
RESULT: undefined
COMMAND: POST /session/b4821e91125fc57ae8b08a301666550d/element - {"using":"xpath","value":"//*[@id=\"application-managesites-display-component---NewSite--addressDetailDetailsLanguage-arrow\"]"}
RESULT: {"using":"xpath","value":"//*[@id=\"application-managesites-display-component---NewSite--addressDetailDetailsLanguage-arrow\"]"}
COMMAND: POST /session/b4821e91125fc57ae8b08a301666550d/element/f.0C7D383FA3E737A876F1AD61BD78151D.d.CC93FE43059C835B90E9EBC3CF1E7485.e.13358/click - {}
RESULT: {}
COMMAND: POST /session/b4821e91125fc57ae8b08a301666550d/element - {"using":"xpath","value":"//span[contains(text(), \"English\")]"}
COMMAND: GET /session/b4821e91125fc57ae8b08a301666550d/screenshot - {}
RESULT: {"using":"xpath","value":"//span[contains(text(), \"English\")]"}
COMMAND: POST /session/b4821e91125fc57ae8b08a301666550d/element/f.0C7D383FA3E737A876F1AD61BD78151D.d.CC93FE43059C835B90E9EBC3CF1E7485.e.13359/click - {}
RESULT: {}
RESULT: {}
COMMAND: POST /session/b4821e91125fc57ae8b08a301666550d/execute/async - {"script":"<script> [1562 bytes]","args":[{"selector":{"id":"application-managesites-display-component---NewSite--addressDetailDetailsCity1","interaction":{"idSuffix":"inner"}},"wdio_ui5_key":"applicationmanagesites-display-component---NewSite--addressDetailDetailsCity1"}]}
COMMAND: GET /session/b4821e91125fc57ae8b08a301666550d/screenshot - {}
RESULT: {"script":"<script> [1562 bytes]","args":[{"selector":{"id":"application-managesites-display-component---NewSite--addressDetailDetailsCity1","interaction":{"idSuffix":"inner"}},"wdio_ui5_key":"applicationmanagesites-display-component---NewSite--addressDetailDetailsCity1"}]}
RESULT: undefined
COMMAND: POST /session/b4821e91125fc57ae8b08a301666550d/execute/async - {"script":"<script> [776 bytes]","args":[{"enterText":"Rosario","selector":{"id":"application-managesites-display-component---NewSite--addressDetailDetailsCity1","interaction":{"idSuffix":"inner"}},"clearTextFirst":true,"interactionType":"ENTER_TEXT"}]}
RESULT: {}
RESULT: {"script":"<script> [776 bytes]","args":[{"enterText":"Rosario","selector":{"id":"application-managesites-display-component---NewSite--addressDetailDetailsCity1","interaction":{"idSuffix":"inner"}},"clearTextFirst":true,"interactionType":"ENTER_TEXT"}]}
COMMAND: POST /session/b4821e91125fc57ae8b08a301666550d/execute/async - {"script":"<script> [1562 bytes]","args":[{"selector":{"id":"application-managesites-display-component---NewSite--addressDetailDetailsCountry-arrow"},"wdio_ui5_key":"applicationmanagesites-display-component---NewSite--addressDetailDetailsCountry-arrow"}]}
RESULT: {"script":"<script> [1562 bytes]","args":[{"selector":{"id":"application-managesites-display-component---NewSite--addressDetailDetailsCountry-arrow"},"wdio_ui5_key":"applicationmanagesites-display-component---NewSite--addressDetailDetailsCountry-arrow"}]}
RESULT: undefined
COMMAND: POST /session/b4821e91125fc57ae8b08a301666550d/element - {"using":"xpath","value":"//*[@id=\"application-managesites-display-component---NewSite--addressDetailDetailsCountry-arrow\"]"}
RESULT: {"using":"xpath","value":"//*[@id=\"application-managesites-display-component---NewSite--addressDetailDetailsCountry-arrow\"]"}
COMMAND: POST /session/b4821e91125fc57ae8b08a301666550d/element/f.0C7D383FA3E737A876F1AD61BD78151D.d.CC93FE43059C835B90E9EBC3CF1E7485.e.13361/click - {}
RESULT: {}
COMMAND: POST /session/b4821e91125fc57ae8b08a301666550d/element - {"using":"xpath","value":"//span[contains(text(), \"Argentina\")]"}
COMMAND: GET /session/b4821e91125fc57ae8b08a301666550d/screenshot - {}
RESULT: {"using":"xpath","value":"//span[contains(text(), \"Argentina\")]"}
COMMAND: POST /session/b4821e91125fc57ae8b08a301666550d/element/f.0C7D383FA3E737A876F1AD61BD78151D.d.CC93FE43059C835B90E9EBC3CF1E7485.e.13362/click - {}
RESULT: {}
RESULT: {}
COMMAND: GET /session/b4821e91125fc57ae8b08a301666550d/screenshot - {}
RESULT: {}
COMMAND: POST /session/b4821e91125fc57ae8b08a301666550d/execute/async - {"script":"<script> [1562 bytes]","args":[{"selector":{"id":"application-managesites-display-component---NewSite--addressEditDetailsCostObjectCstType-arrow"},"wdio_ui5_key":"applicationmanagesites-display-component---NewSite--addressEditDetailsCostObjectCstType-arrow"}]}
RESULT: {"script":"<script> [1562 bytes]","args":[{"selector":{"id":"application-managesites-display-component---NewSite--addressEditDetailsCostObjectCstType-arrow"},"wdio_ui5_key":"applicationmanagesites-display-component---NewSite--addressEditDetailsCostObjectCstType-arrow"}]}
RESULT: undefined
COMMAND: POST /session/b4821e91125fc57ae8b08a301666550d/element - {"using":"xpath","value":"//*[@id=\"application-managesites-display-component---NewSite--addressEditDetailsCostObjectCstType-arrow\"]"}
RESULT: {"using":"xpath","value":"//*[@id=\"application-managesites-display-component---NewSite--addressEditDetailsCostObjectCstType-arrow\"]"}
COMMAND: POST /session/b4821e91125fc57ae8b08a301666550d/element/f.0C7D383FA3E737A876F1AD61BD78151D.d.CC93FE43059C835B90E9EBC3CF1E7485.e.13364/click - {}
RESULT: {}
COMMAND: POST /session/b4821e91125fc57ae8b08a301666550d/element - {"using":"xpath","value":"//span[contains(text(), \"Cost Center\")]"}
COMMAND: GET /session/b4821e91125fc57ae8b08a301666550d/screenshot - {}
RESULT: {"using":"xpath","value":"//span[contains(text(), \"Cost Center\")]"}
COMMAND: POST /session/b4821e91125fc57ae8b08a301666550d/element/f.0C7D383FA3E737A876F1AD61BD78151D.d.CC93FE43059C835B90E9EBC3CF1E7485.e.13365/click - {}
RESULT: {}
RESULT: {}
COMMAND: GET /session/b4821e91125fc57ae8b08a301666550d/screenshot - {}
RESULT: {}
COMMAND: POST /session/b4821e91125fc57ae8b08a301666550d/element - {"using":"xpath","value":"//span[@id=\"application-managesites-display-component---NewSite--addressNewCostObjectCstID-vhi\"]"}
RESULT: {"using":"xpath","value":"//span[@id=\"application-managesites-display-component---NewSite--addressNewCostObjectCstID-vhi\"]"}
COMMAND: POST /session/b4821e91125fc57ae8b08a301666550d/execute/sync - {"script":"<script> [8489 bytes]","args":[{"element-6066-11e4-a52e-4f735466cecf":"f.0C7D383FA3E737A876F1AD61BD78151D.d.CC93FE43059C835B90E9EBC3CF1E7485.e.13370","ELEMENT":"f.0C7D383FA3E737A876F1AD61BD78151D.d.CC93FE43059C835B90E9EBC3CF1E7485.e.13370"}]}
RESULT: {"script":"<script> [8489 bytes]","args":[{"element-6066-11e4-a52e-4f735466cecf":"f.0C7D383FA3E737A876F1AD61BD78151D.d.CC93FE43059C835B90E9EBC3CF1E7485.e.13370","ELEMENT":"f.0C7D383FA3E737A876F1AD61BD78151D.d.CC93FE43059C835B90E9EBC3CF1E7485.e.13370"}]}
COMMAND: POST /session/b4821e91125fc57ae8b08a301666550d/execute/async - {"script":"<script> [1562 bytes]","args":[{"selector":{"id":"application-managesites-display-component---NewSite--addressNewCostObjectCstID-vhi"},"wdio_ui5_key":"applicationmanagesites-display-component---NewSite--addressNewCostObjectCstID-vhi"}]}
COMMAND: GET /session/b4821e91125fc57ae8b08a301666550d/screenshot - {}
RESULT: {"script":"<script> [1562 bytes]","args":[{"selector":{"id":"application-managesites-display-component---NewSite--addressNewCostObjectCstID-vhi"},"wdio_ui5_key":"applicationmanagesites-display-component---NewSite--addressNewCostObjectCstID-vhi"}]}
RESULT: undefined
COMMAND: POST /session/b4821e91125fc57ae8b08a301666550d/element - {"using":"xpath","value":"//*[@id=\"application-managesites-display-component---NewSite--addressNewCostObjectCstID-vhi\"]"}
RESULT: {}
RESULT: {"using":"xpath","value":"//*[@id=\"application-managesites-display-component---NewSite--addressNewCostObjectCstID-vhi\"]"}
COMMAND: POST /session/b4821e91125fc57ae8b08a301666550d/element/f.0C7D383FA3E737A876F1AD61BD78151D.d.CC93FE43059C835B90E9EBC3CF1E7485.e.13370/click - {}
RESULT: {}
COMMAND: GET /session/b4821e91125fc57ae8b08a301666550d/screenshot - {}
RESULT: {}
RESULT: undefined
COMMAND: POST /session/b4821e91125fc57ae8b08a301666550d/execute/async - {"script":"<script> [776 bytes]","args":[{"enterText":"10001013","selector":{"controlType":"sap.m.SearchField","properties":{"placeholder":"Search"},"searchOpenDialogs":true,"interaction":{"idSuffix":"I"}},"clearTextFirst":true,"interactionType":"ENTER_TEXT"}]}
RESULT: {"script":"<script> [776 bytes]","args":[{"enterText":"10001013","selector":{"controlType":"sap.m.SearchField","properties":{"placeholder":"Search"},"searchOpenDialogs":true,"interaction":{"idSuffix":"I"}},"clearTextFirst":true,"interactionType":"ENTER_TEXT"}]}
COMMAND: POST /session/b4821e91125fc57ae8b08a301666550d/actions - {"actions":[{"id":"action42","type":"key","parameters":{},"actions":[{"type":"keyDown","value":"î€‡"},{"type":"pause","duration":10},{"type":"keyUp","value":"î€‡"}]}]}
RESULT: {"actions":[{"id":"action42","type":"key","parameters":{},"actions":[{"type":"keyDown","value":"î€‡"},{"type":"pause","duration":10},{"type":"keyUp","value":"î€‡"}]}]}
COMMAND: GET /session/b4821e91125fc57ae8b08a301666550d/screenshot - {}
RESULT: {}
COMMAND: POST /session/b4821e91125fc57ae8b08a301666550d/element - {"using":"xpath","value":"//span[contains(text(), \"General Management\")]"}
RESULT: {"using":"xpath","value":"//span[contains(text(), \"General Management\")]"}
COMMAND: POST /session/b4821e91125fc57ae8b08a301666550d/element/f.0C7D383FA3E737A876F1AD61BD78151D.d.CC93FE43059C835B90E9EBC3CF1E7485.e.13409/click - {}
RESULT: {}
COMMAND: GET /session/b4821e91125fc57ae8b08a301666550d/screenshot - {}
RESULT: {}
COMMAND: POST /session/b4821e91125fc57ae8b08a301666550d/element - {"using":"xpath","value":"//bdi[contains(text(), \"OK\")]"}
RESULT: {"using":"xpath","value":"//bdi[contains(text(), \"OK\")]"}
COMMAND: POST /session/b4821e91125fc57ae8b08a301666550d/element/f.0C7D383FA3E737A876F1AD61BD78151D.d.CC93FE43059C835B90E9EBC3CF1E7485.e.13410/click - {}
RESULT: {}
COMMAND: GET /session/b4821e91125fc57ae8b08a301666550d/screenshot - {}
RESULT: {}
COMMAND: POST /session/b4821e91125fc57ae8b08a301666550d/element - {"using":"xpath","value":"//input[@id=\"application-managesites-display-component---NewSite--addressDetailDetailsCalendar-inner\"]"}
RESULT: {"using":"xpath","value":"//input[@id=\"application-managesites-display-component---NewSite--addressDetailDetailsCalendar-inner\"]"}
COMMAND: POST /session/b4821e91125fc57ae8b08a301666550d/element/f.0C7D383FA3E737A876F1AD61BD78151D.d.CC93FE43059C835B90E9EBC3CF1E7485.e.13160/clear - {}
RESULT: {}
COMMAND: POST /session/b4821e91125fc57ae8b08a301666550d/element/f.0C7D383FA3E737A876F1AD61BD78151D.d.CC93FE43059C835B90E9EBC3CF1E7485.e.13160/value - {"text":"Unit"}
COMMAND: GET /session/b4821e91125fc57ae8b08a301666550d/screenshot - {}
RESULT: {"text":"Unit"}
COMMAND: GET /session/b4821e91125fc57ae8b08a301666550d/screenshot - {}
RESULT: {}
RESULT: {}
COMMAND: POST /session/b4821e91125fc57ae8b08a301666550d/actions - {"actions":[{"id":"action43","type":"key","parameters":{},"actions":[{"type":"keyDown","value":"î€‡"},{"type":"pause","duration":10},{"type":"keyUp","value":"î€‡"}]}]}
RESULT: {"actions":[{"id":"action43","type":"key","parameters":{},"actions":[{"type":"keyDown","value":"î€‡"},{"type":"pause","duration":10},{"type":"keyUp","value":"î€‡"}]}]}
COMMAND: POST /session/b4821e91125fc57ae8b08a301666550d/element - {"using":"xpath","value":"//input[@id=\"application-managesites-display-component---NewSite--addressDetailDetailsYard-inner\"]"}
COMMAND: GET /session/b4821e91125fc57ae8b08a301666550d/screenshot - {}
RESULT: {"using":"xpath","value":"//input[@id=\"application-managesites-display-component---NewSite--addressDetailDetailsYard-inner\"]"}
COMMAND: POST /session/b4821e91125fc57ae8b08a301666550d/element/f.0C7D383FA3E737A876F1AD61BD78151D.d.CC93FE43059C835B90E9EBC3CF1E7485.e.13161/clear - {}
RESULT: {}
RESULT: {}
COMMAND: POST /session/b4821e91125fc57ae8b08a301666550d/element/f.0C7D383FA3E737A876F1AD61BD78151D.d.CC93FE43059C835B90E9EBC3CF1E7485.e.13161/value - {"text":"542"}
COMMAND: GET /session/b4821e91125fc57ae8b08a301666550d/screenshot - {}
RESULT: {"text":"542"}
COMMAND: GET /session/b4821e91125fc57ae8b08a301666550d/screenshot - {}
RESULT: {}
RESULT: {}
COMMAND: POST /session/b4821e91125fc57ae8b08a301666550d/element - {"using":"xpath","value":"//li[.//span[text()='542']]"}
RESULT: {"using":"xpath","value":"//li[.//span[text()='542']]"}
COMMAND: POST /session/b4821e91125fc57ae8b08a301666550d/element/f.0C7D383FA3E737A876F1AD61BD78151D.d.CC93FE43059C835B90E9EBC3CF1E7485.e.13418/click - {}
RESULT: {}
COMMAND: GET /session/b4821e91125fc57ae8b08a301666550d/screenshot - {}
RESULT: {}
COMMAND: POST /session/b4821e91125fc57ae8b08a301666550d/element - {"using":"xpath","value":"//input[@id=\"application-managesites-display-component---NewSite--addressDetailDetailsPartner-inner\"]"}
RESULT: {"using":"xpath","value":"//input[@id=\"application-managesites-display-component---NewSite--addressDetailDetailsPartner-inner\"]"}
COMMAND: POST /session/b4821e91125fc57ae8b08a301666550d/element - {"using":"xpath","value":"//input[@id=\"application-managesites-display-component---NewSite--addressDetailDetailsPartner-inner\"]"}
RESULT: {"using":"xpath","value":"//input[@id=\"application-managesites-display-component---NewSite--addressDetailDetailsPartner-inner\"]"}
COMMAND: POST /session/b4821e91125fc57ae8b08a301666550d/element - {"using":"xpath","value":"//button[@data-kt=\"saveButton\"]"}
RESULT: {"using":"xpath","value":"//button[@data-kt=\"saveButton\"]"}
COMMAND: POST /session/b4821e91125fc57ae8b08a301666550d/element/f.0C7D383FA3E737A876F1AD61BD78151D.d.CC93FE43059C835B90E9EBC3CF1E7485.e.13338/click - {}
RESULT: {}
COMMAND: GET /session/b4821e91125fc57ae8b08a301666550d/screenshot - {}
RESULT: {}
COMMAND: POST /session/b4821e91125fc57ae8b08a301666550d/element - {"using":"xpath","value":"//header[contains(@id, 'ObjectPageLayout-headerTitle')]/div[1]/div[2]/div[2]/span[1]"}
RESULT: {"using":"xpath","value":"//header[contains(@id, 'ObjectPageLayout-headerTitle')]/div[1]/div[2]/div[2]/span[1]"}
COMMAND: POST /session/b4821e91125fc57ae8b08a301666550d/elements - {"using":"xpath","value":"//header[contains(@id, 'ObjectPageLayout-headerTitle')]/div[1]/div[2]/div[2]/span[1]"}
RESULT: {"using":"xpath","value":"//header[contains(@id, 'ObjectPageLayout-headerTitle')]/div[1]/div[2]/div[2]/span[1]"}
COMMAND: POST /session/b4821e91125fc57ae8b08a301666550d/execute/sync - {"script":"<script> [56 bytes]","args":[{"element-6066-11e4-a52e-4f735466cecf":"f.0C7D383FA3E737A876F1AD61BD78151D.d.CC93FE43059C835B90E9EBC3CF1E7485.e.13623","ELEMENT":"f.0C7D383FA3E737A876F1AD61BD78151D.d.CC93FE43059C835B90E9EBC3CF1E7485.e.13623"}]}
RESULT: {"script":"<script> [56 bytes]","args":[{"element-6066-11e4-a52e-4f735466cecf":"f.0C7D383FA3E737A876F1AD61BD78151D.d.CC93FE43059C835B90E9EBC3CF1E7485.e.13623","ELEMENT":"f.0C7D383FA3E737A876F1AD61BD78151D.d.CC93FE43059C835B90E9EBC3CF1E7485.e.13623"}]}
COMMAND: POST /session/b4821e91125fc57ae8b08a301666550d/element - {"using":"css selector","value":"#shell-header-logo"}
COMMAND: GET /session/b4821e91125fc57ae8b08a301666550d/screenshot - {}
RESULT: {"using":"css selector","value":"#shell-header-logo"}
COMMAND: POST /session/b4821e91125fc57ae8b08a301666550d/element/f.0C7D383FA3E737A876F1AD61BD78151D.d.CC93FE43059C835B90E9EBC3CF1E7485.e.12918/click - {}
RESULT: {}
RESULT: {}
COMMAND: GET /session/b4821e91125fc57ae8b08a301666550d/screenshot - {}
RESULT: {}
COMMAND: POST /session/b4821e91125fc57ae8b08a301666550d/execute/sync - {"script":"<script> [299 bytes]","args":[["getModel","getResource"]]}
RESULT: {"script":"<script> [299 bytes]","args":[["getModel","getResource"]]}
COMMAND: POST /session/b4821e91125fc57ae8b08a301666550d/actions - {"actions":[{"id":"action44","type":"key","parameters":{},"actions":[{"type":"keyDown","value":"î€‡"},{"type":"pause","duration":10},{"type":"keyUp","value":"î€‡"}]}]}
COMMAND: GET /session/b4821e91125fc57ae8b08a301666550d/screenshot - {}
RESULT: {"actions":[{"id":"action44","type":"key","parameters":{},"actions":[{"type":"keyDown","value":"î€‡"},{"type":"pause","duration":10},{"type":"keyUp","value":"î€‡"}]}]}
COMMAND: GET /session/b4821e91125fc57ae8b08a301666550d/screenshot - {}
RESULT: {}
RESULT: {}
COMMAND: POST /session/b4821e91125fc57ae8b08a301666550d/refresh - {}
RESULT: {}
COMMAND: GET /session/b4821e91125fc57ae8b08a301666550d/screenshot - {}
RESULT: {}
COMMAND: POST /session/b4821e91125fc57ae8b08a301666550d/refresh - {}
RESULT: {}
COMMAND: GET /session/b4821e91125fc57ae8b08a301666550d/screenshot - {}
RESULT: {}
COMMAND: POST /session/b4821e91125fc57ae8b08a301666550d/window/fullscreen - {}
RESULT: {}
COMMAND: POST /session/b4821e91125fc57ae8b08a301666550d/execute/async - {"script":"<script> [189 bytes]","args":[]}
RESULT: {"script":"<script> [189 bytes]","args":[]}
COMMAND: POST /session/b4821e91125fc57ae8b08a301666550d/execute/async - {"script":"<script> [123 bytes]","args":[]}
RESULT: {"script":"<script> [123 bytes]","args":[]}
COMMAND: POST /session/b4821e91125fc57ae8b08a301666550d/timeouts - {"script":"<number>"}
RESULT: {"script":"<number>"}
COMMAND: GET /session/b4821e91125fc57ae8b08a301666550d/timeouts - {}
RESULT: {}
RESULT: undefined
COMMAND: POST /session/b4821e91125fc57ae8b08a301666550d/execute/async - {"script":"<script> [2676 bytes]","args":[]}
RESULT: {"script":"<script> [2676 bytes]","args":[]}
COMMAND: POST /session/b4821e91125fc57ae8b08a301666550d/execute/async - {"script":"<script> [2342 bytes]","args":[{"protocol":"http","hostname":"0.0.0.0","path":"/","capabilities":{"browserName":"chrome","goog:chromeOptions":{"binary":"C:\\Program Files\\Google\\Chrome\\Application\\chrome.exe","args":["--start-maximized"]}},"logLevel":"warn","connectionRetryTimeout":120000,"connectionRetryCount":3,"logLevels":{},"enableDirectConnect":true,"strictSSL":true,"_":"65 more keys: [\"cacheDir\",\"port\",\"requestedCapabilities\",\"automationProtocol\",\"baseUrl\",\"waitforInterval\",\"waitforTimeout\",\"onReload\",\"beforeCommand\",\"afterCommand\",\"rootDir\",\"specs\",\"suites\",\"exclude\",\"groupLogsByTestSpec\",\"excludeDriverLogs\",\"bail\",\"framework\",\"reporters\",\"services\",\"maxInstances\",\"maxInstancesPerCapability\",\"injectGlobals\",\"filesToWatch\",\"execArgv\",\"runnerEnv\",\"runner\",\"shard\",\"specFileRetries\",\"specFileRetriesDelay\",\"specFileRetriesDeferred\",\"reporterSyncInterval\",\"reporterSyncTimeout\",\"cucumberFeaturesWithLineNumbers\",\"autoCompileOpts\",\"mochaOpts\",\"jasmineOpts\",\"cucumberOpts\",\"onPrepare\",\"onWorkerStart\",\"onWorkerEnd\",\"before\",\"beforeSession\",\"beforeSuite\",\"beforeHook\",\"beforeTest\",\"afterTest\",\"afterHook\",\"afterSuite\",\"afterSession\",\"after\",\"onComplete\",\"beforeAssertion\",\"afterAssertion\",\"beforeFeature\",\"beforeScenario\",\"beforeStep\",\"afterStep\",\"afterScenario\",\"afterFeature\",\"_\",\"suite\",\"$0\",\"ignoredWorkerServices\",\"wdi5\"]"}]}
RESULT: {"script":"<script> [2342 bytes]","args":[{"protocol":"http","hostname":"0.0.0.0","path":"/","capabilities":{"browserName":"chrome","goog:chromeOptions":{"binary":"C:\\Program Files\\Google\\Chrome\\Application\\chrome.exe","args":["--start-maximized"]}},"logLevel":"warn","connectionRetryTimeout":120000,"connectionRetryCount":3,"logLevels":{},"enableDirectConnect":true,"strictSSL":true,"_":"65 more keys: [\"cacheDir\",\"port\",\"requestedCapabilities\",\"automationProtocol\",\"baseUrl\",\"waitforInterval\",\"waitforTimeout\",\"onReload\",\"beforeCommand\",\"afterCommand\",\"rootDir\",\"specs\",\"suites\",\"exclude\",\"groupLogsByTestSpec\",\"excludeDriverLogs\",\"bail\",\"framework\",\"reporters\",\"services\",\"maxInstances\",\"maxInstancesPerCapability\",\"injectGlobals\",\"filesToWatch\",\"execArgv\",\"runnerEnv\",\"runner\",\"shard\",\"specFileRetries\",\"specFileRetriesDelay\",\"specFileRetriesDeferred\",\"reporterSyncInterval\",\"reporterSyncTimeout\",\"cucumberFeaturesWithLineNumbers\",\"autoCompileOpts\",\"mochaOpts\",\"jasmineOpts\",\"cucumberOpts\",\"onPrepare\",\"onWorkerStart\",\"onWorkerEnd\",\"before\",\"beforeSession\",\"beforeSuite\",\"beforeHook\",\"beforeTest\",\"afterTest\",\"afterHook\",\"afterSuite\",\"afterSession\",\"after\",\"onComplete\",\"beforeAssertion\",\"afterAssertion\",\"beforeFeature\",\"beforeScenario\",\"beforeStep\",\"afterStep\",\"afterScenario\",\"afterFeature\",\"_\",\"suite\",\"$0\",\"ignoredWorkerServices\",\"wdi5\"]"}]}
COMMAND: POST /session/b4821e91125fc57ae8b08a301666550d/execute/async - {"script":"<script> [21126 bytes]","args":[35000]}
RESULT: {"script":"<script> [21126 bytes]","args":[35000]}
COMMAND: POST /session/b4821e91125fc57ae8b08a301666550d/window/fullscreen - {}
RESULT: {}
]]></system-out>
    </testcase>
    <testcase classname="chrome.136_0_7103_93.windows.Provide_to_Site_w/o_warehouse_management_w/_clarification_US116605" name="Should create a new material" time="117.619">
      <system-out><![CDATA[
COMMAND: POST /session/b4821e91125fc57ae8b08a301666550d/execute/async - {"script":"<script> [1562 bytes]","args":[{"selector":{"controlType":"sap.m.GenericTile","properties":{"header":"Manage Resources"}},"wdio_ui5_key":"sapm.GenericTile{\"header\":\"Manage Resources\"}"}]}
RESULT: {"script":"<script> [1562 bytes]","args":[{"selector":{"controlType":"sap.m.GenericTile","properties":{"header":"Manage Resources"}},"wdio_ui5_key":"sapm.GenericTile{\"header\":\"Manage Resources\"}"}]}
RESULT: undefined
COMMAND: POST /session/b4821e91125fc57ae8b08a301666550d/element - {"using":"xpath","value":"//*[@id=\"__tile31\"]"}
RESULT: {"using":"xpath","value":"//*[@id=\"__tile31\"]"}
COMMAND: POST /session/b4821e91125fc57ae8b08a301666550d/element/f.0C7D383FA3E737A876F1AD61BD78151D.d.55452DF8675EA1118FADB1E903908A34.e.13692/click - {}
RESULT: {}
COMMAND: GET /session/b4821e91125fc57ae8b08a301666550d/screenshot - {}
COMMAND: POST /session/b4821e91125fc57ae8b08a301666550d/elements - {"using":"xpath","value":"//span[text()='Error']"}
RESULT: {}
RESULT: {"using":"xpath","value":"//span[text()='Error']"}
COMMAND: POST /session/b4821e91125fc57ae8b08a301666550d/element - {"using":"xpath","value":"//button[@data-kt=\"addNewRUOverflowToolbarButton\"]"}
RESULT: {"using":"xpath","value":"//button[@data-kt=\"addNewRUOverflowToolbarButton\"]"}
COMMAND: POST /session/b4821e91125fc57ae8b08a301666550d/elements - {"using":"xpath","value":"//button[@data-kt=\"addNewRUOverflowToolbarButton\"]"}
RESULT: {"using":"xpath","value":"//button[@data-kt=\"addNewRUOverflowToolbarButton\"]"}
COMMAND: POST /session/b4821e91125fc57ae8b08a301666550d/execute/sync - {"script":"<script> [8489 bytes]","args":[{"element-6066-11e4-a52e-4f735466cecf":"f.0C7D383FA3E737A876F1AD61BD78151D.d.55452DF8675EA1118FADB1E903908A34.e.13800","ELEMENT":"f.0C7D383FA3E737A876F1AD61BD78151D.d.55452DF8675EA1118FADB1E903908A34.e.13800"}]}
RESULT: {"script":"<script> [8489 bytes]","args":[{"element-6066-11e4-a52e-4f735466cecf":"f.0C7D383FA3E737A876F1AD61BD78151D.d.55452DF8675EA1118FADB1E903908A34.e.13800","ELEMENT":"f.0C7D383FA3E737A876F1AD61BD78151D.d.55452DF8675EA1118FADB1E903908A34.e.13800"}]}
COMMAND: GET /session/b4821e91125fc57ae8b08a301666550d/element/f.0C7D383FA3E737A876F1AD61BD78151D.d.55452DF8675EA1118FADB1E903908A34.e.13800/enabled - {}
COMMAND: GET /session/b4821e91125fc57ae8b08a301666550d/screenshot - {}
RESULT: {}
COMMAND: POST /session/b4821e91125fc57ae8b08a301666550d/execute/sync - {"script":"<script> [8489 bytes]","args":[{"element-6066-11e4-a52e-4f735466cecf":"f.0C7D383FA3E737A876F1AD61BD78151D.d.55452DF8675EA1118FADB1E903908A34.e.13800","ELEMENT":"f.0C7D383FA3E737A876F1AD61BD78151D.d.55452DF8675EA1118FADB1E903908A34.e.13800"}]}
COMMAND: GET /session/b4821e91125fc57ae8b08a301666550d/screenshot - {}
RESULT: {}
RESULT: {"script":"<script> [8489 bytes]","args":[{"element-6066-11e4-a52e-4f735466cecf":"f.0C7D383FA3E737A876F1AD61BD78151D.d.55452DF8675EA1118FADB1E903908A34.e.13800","ELEMENT":"f.0C7D383FA3E737A876F1AD61BD78151D.d.55452DF8675EA1118FADB1E903908A34.e.13800"}]}
COMMAND: POST /session/b4821e91125fc57ae8b08a301666550d/execute/sync - {"script":"<script> [5351 bytes]","args":[{"element-6066-11e4-a52e-4f735466cecf":"f.0C7D383FA3E737A876F1AD61BD78151D.d.55452DF8675EA1118FADB1E903908A34.e.13800","ELEMENT":"f.0C7D383FA3E737A876F1AD61BD78151D.d.55452DF8675EA1118FADB1E903908A34.e.13800"}]}
COMMAND: GET /session/b4821e91125fc57ae8b08a301666550d/screenshot - {}
RESULT: {}
RESULT: {"script":"<script> [5351 bytes]","args":[{"element-6066-11e4-a52e-4f735466cecf":"f.0C7D383FA3E737A876F1AD61BD78151D.d.55452DF8675EA1118FADB1E903908A34.e.13800","ELEMENT":"f.0C7D383FA3E737A876F1AD61BD78151D.d.55452DF8675EA1118FADB1E903908A34.e.13800"}]}
COMMAND: POST /session/b4821e91125fc57ae8b08a301666550d/element/f.0C7D383FA3E737A876F1AD61BD78151D.d.55452DF8675EA1118FADB1E903908A34.e.13800/click - {}
COMMAND: GET /session/b4821e91125fc57ae8b08a301666550d/screenshot - {}
RESULT: {}
RESULT: {}
COMMAND: GET /session/b4821e91125fc57ae8b08a301666550d/screenshot - {}
RESULT: {}
RESULT: {}
COMMAND: POST /session/b4821e91125fc57ae8b08a301666550d/execute/async - {"script":"<script> [1562 bytes]","args":[{"selector":{"id":"application-manageresources-display-component---newResourceUnit--TYPE-arrow"},"wdio_ui5_key":"applicationmanageresources-display-component---newResourceUnit--TYPE-arrow"}]}
RESULT: {"script":"<script> [1562 bytes]","args":[{"selector":{"id":"application-manageresources-display-component---newResourceUnit--TYPE-arrow"},"wdio_ui5_key":"applicationmanageresources-display-component---newResourceUnit--TYPE-arrow"}]}
RESULT: undefined
COMMAND: POST /session/b4821e91125fc57ae8b08a301666550d/element - {"using":"xpath","value":"//*[@id=\"application-manageresources-display-component---newResourceUnit--TYPE-arrow\"]"}
RESULT: {"using":"xpath","value":"//*[@id=\"application-manageresources-display-component---newResourceUnit--TYPE-arrow\"]"}
COMMAND: POST /session/b4821e91125fc57ae8b08a301666550d/element/f.0C7D383FA3E737A876F1AD61BD78151D.d.55452DF8675EA1118FADB1E903908A34.e.14169/click - {}
RESULT: {}
COMMAND: POST /session/b4821e91125fc57ae8b08a301666550d/element - {"using":"xpath","value":"//input[@id=\"application-manageresources-display-component---newResourceUnit--TYPE-inner\"]"}
COMMAND: GET /session/b4821e91125fc57ae8b08a301666550d/screenshot - {}
RESULT: {"using":"xpath","value":"//input[@id=\"application-manageresources-display-component---newResourceUnit--TYPE-inner\"]"}
COMMAND: POST /session/b4821e91125fc57ae8b08a301666550d/element/f.0C7D383FA3E737A876F1AD61BD78151D.d.55452DF8675EA1118FADB1E903908A34.e.14151/clear - {}
RESULT: {}
RESULT: {}
COMMAND: POST /session/b4821e91125fc57ae8b08a301666550d/element/f.0C7D383FA3E737A876F1AD61BD78151D.d.55452DF8675EA1118FADB1E903908A34.e.14151/value - {"text":"Material"}
COMMAND: GET /session/b4821e91125fc57ae8b08a301666550d/screenshot - {}
RESULT: {"text":"Material"}
COMMAND: GET /session/b4821e91125fc57ae8b08a301666550d/screenshot - {}
RESULT: {}
RESULT: {}
COMMAND: POST /session/b4821e91125fc57ae8b08a301666550d/actions - {"actions":[{"id":"action45","type":"key","parameters":{},"actions":[{"type":"keyDown","value":"î€‡"},{"type":"pause","duration":10},{"type":"keyUp","value":"î€‡"}]}]}
RESULT: {"actions":[{"id":"action45","type":"key","parameters":{},"actions":[{"type":"keyDown","value":"î€‡"},{"type":"pause","duration":10},{"type":"keyUp","value":"î€‡"}]}]}
COMMAND: POST /session/b4821e91125fc57ae8b08a301666550d/execute/async - {"script":"<script> [1562 bytes]","args":[{"selector":{"id":"application-manageresources-display-component---newResourceUnit--SHORT_TEXT","interaction":{"idSuffix":"inner"}},"wdio_ui5_key":"applicationmanageresources-display-component---newResourceUnit--SHORT_TEXT"}]}
COMMAND: GET /session/b4821e91125fc57ae8b08a301666550d/screenshot - {}
RESULT: {"script":"<script> [1562 bytes]","args":[{"selector":{"id":"application-manageresources-display-component---newResourceUnit--SHORT_TEXT","interaction":{"idSuffix":"inner"}},"wdio_ui5_key":"applicationmanageresources-display-component---newResourceUnit--SHORT_TEXT"}]}
RESULT: undefined
COMMAND: POST /session/b4821e91125fc57ae8b08a301666550d/execute/async - {"script":"<script> [776 bytes]","args":[{"enterText":"Cement WDIO","selector":{"id":"application-manageresources-display-component---newResourceUnit--SHORT_TEXT","interaction":{"idSuffix":"inner"}},"clearTextFirst":true,"interactionType":"ENTER_TEXT"}]}
RESULT: {}
RESULT: {"script":"<script> [776 bytes]","args":[{"enterText":"Cement WDIO","selector":{"id":"application-manageresources-display-component---newResourceUnit--SHORT_TEXT","interaction":{"idSuffix":"inner"}},"clearTextFirst":true,"interactionType":"ENTER_TEXT"}]}
COMMAND: POST /session/b4821e91125fc57ae8b08a301666550d/execute/async - {"script":"<script> [1562 bytes]","args":[{"selector":{"id":"application-manageresources-display-component---newResourceUnit--BASE_UNIT_OF_MEASURE","interaction":{"idSuffix":"inner"}},"wdio_ui5_key":"applicationmanageresources-display-component---newResourceUnit--BASE_UNIT_OF_MEASURE"}]}
RESULT: {"script":"<script> [1562 bytes]","args":[{"selector":{"id":"application-manageresources-display-component---newResourceUnit--BASE_UNIT_OF_MEASURE","interaction":{"idSuffix":"inner"}},"wdio_ui5_key":"applicationmanageresources-display-component---newResourceUnit--BASE_UNIT_OF_MEASURE"}]}
RESULT: undefined
COMMAND: POST /session/b4821e91125fc57ae8b08a301666550d/execute/async - {"script":"<script> [776 bytes]","args":[{"enterText":"Piece","selector":{"id":"application-manageresources-display-component---newResourceUnit--BASE_UNIT_OF_MEASURE","interaction":{"idSuffix":"inner"}},"clearTextFirst":true,"interactionType":"ENTER_TEXT"}]}
RESULT: {"script":"<script> [776 bytes]","args":[{"enterText":"Piece","selector":{"id":"application-manageresources-display-component---newResourceUnit--BASE_UNIT_OF_MEASURE","interaction":{"idSuffix":"inner"}},"clearTextFirst":true,"interactionType":"ENTER_TEXT"}]}
COMMAND: POST /session/b4821e91125fc57ae8b08a301666550d/execute/async - {"script":"<script> [1562 bytes]","args":[{"selector":{"id":"application-manageresources-display-component---newResourceUnit--WEIGHT_UNIT","interaction":{"idSuffix":"inner"}},"wdio_ui5_key":"applicationmanageresources-display-component---newResourceUnit--WEIGHT_UNIT"}]}
RESULT: {"script":"<script> [1562 bytes]","args":[{"selector":{"id":"application-manageresources-display-component---newResourceUnit--WEIGHT_UNIT","interaction":{"idSuffix":"inner"}},"wdio_ui5_key":"applicationmanageresources-display-component---newResourceUnit--WEIGHT_UNIT"}]}
RESULT: undefined
COMMAND: POST /session/b4821e91125fc57ae8b08a301666550d/execute/async - {"script":"<script> [776 bytes]","args":[{"enterText":"Gram","selector":{"id":"application-manageresources-display-component---newResourceUnit--WEIGHT_UNIT","interaction":{"idSuffix":"inner"}},"clearTextFirst":true,"interactionType":"ENTER_TEXT"}]}
RESULT: {"script":"<script> [776 bytes]","args":[{"enterText":"Gram","selector":{"id":"application-manageresources-display-component---newResourceUnit--WEIGHT_UNIT","interaction":{"idSuffix":"inner"}},"clearTextFirst":true,"interactionType":"ENTER_TEXT"}]}
COMMAND: POST /session/b4821e91125fc57ae8b08a301666550d/execute/async - {"script":"<script> [1562 bytes]","args":[{"selector":{"id":"application-manageresources-display-component---newResourceUnit--DIMENSION_UNIT","interaction":{"idSuffix":"inner"}},"wdio_ui5_key":"applicationmanageresources-display-component---newResourceUnit--DIMENSION_UNIT"}]}
RESULT: {"script":"<script> [1562 bytes]","args":[{"selector":{"id":"application-manageresources-display-component---newResourceUnit--DIMENSION_UNIT","interaction":{"idSuffix":"inner"}},"wdio_ui5_key":"applicationmanageresources-display-component---newResourceUnit--DIMENSION_UNIT"}]}
RESULT: undefined
COMMAND: POST /session/b4821e91125fc57ae8b08a301666550d/execute/async - {"script":"<script> [776 bytes]","args":[{"enterText":"Meter","selector":{"id":"application-manageresources-display-component---newResourceUnit--DIMENSION_UNIT","interaction":{"idSuffix":"inner"}},"clearTextFirst":true,"interactionType":"ENTER_TEXT"}]}
RESULT: {"script":"<script> [776 bytes]","args":[{"enterText":"Meter","selector":{"id":"application-manageresources-display-component---newResourceUnit--DIMENSION_UNIT","interaction":{"idSuffix":"inner"}},"clearTextFirst":true,"interactionType":"ENTER_TEXT"}]}
COMMAND: POST /session/b4821e91125fc57ae8b08a301666550d/execute/async - {"script":"<script> [1562 bytes]","args":[{"selector":{"id":"application-manageresources-display-component---newResourceUnit--newRRUPage-anchBar-application-manageresources-display-component---newResourceUnit--control-anchor","interaction":{"idSuffix":"BDI-content"}},"wdio_ui5_key":"applicationmanageresources-display-component---newResourceUnit--newRRUPage-anchBar-application-manageresources-display-component---newResourceUnit--control-anchor"}]}
RESULT: {"script":"<script> [1562 bytes]","args":[{"selector":{"id":"application-manageresources-display-component---newResourceUnit--newRRUPage-anchBar-application-manageresources-display-component---newResourceUnit--control-anchor","interaction":{"idSuffix":"BDI-content"}},"wdio_ui5_key":"applicationmanageresources-display-component---newResourceUnit--newRRUPage-anchBar-application-manageresources-display-component---newResourceUnit--control-anchor"}]}
RESULT: undefined
COMMAND: POST /session/b4821e91125fc57ae8b08a301666550d/element - {"using":"xpath","value":"//*[@id=\"application-manageresources-display-component---newResourceUnit--newRRUPage-anchBar-application-manageresources-display-component---newResourceUnit--control-anchor\"]"}
RESULT: {"using":"xpath","value":"//*[@id=\"application-manageresources-display-component---newResourceUnit--newRRUPage-anchBar-application-manageresources-display-component---newResourceUnit--control-anchor\"]"}
COMMAND: POST /session/b4821e91125fc57ae8b08a301666550d/element/f.0C7D383FA3E737A876F1AD61BD78151D.d.55452DF8675EA1118FADB1E903908A34.e.14235/click - {}
RESULT: {}
COMMAND: POST /session/b4821e91125fc57ae8b08a301666550d/execute/async - {"script":"<script> [1562 bytes]","args":[{"selector":{"id":"application-manageresources-display-component---newResourceUnit--PLANNING_GROUP","interaction":{"idSuffix":"inner"}},"wdio_ui5_key":"applicationmanageresources-display-component---newResourceUnit--PLANNING_GROUP"}]}
COMMAND: GET /session/b4821e91125fc57ae8b08a301666550d/screenshot - {}
RESULT: {"script":"<script> [1562 bytes]","args":[{"selector":{"id":"application-manageresources-display-component---newResourceUnit--PLANNING_GROUP","interaction":{"idSuffix":"inner"}},"wdio_ui5_key":"applicationmanageresources-display-component---newResourceUnit--PLANNING_GROUP"}]}
RESULT: undefined
COMMAND: POST /session/b4821e91125fc57ae8b08a301666550d/execute/async - {"script":"<script> [776 bytes]","args":[{"enterText":"Material","selector":{"id":"application-manageresources-display-component---newResourceUnit--PLANNING_GROUP","interaction":{"idSuffix":"inner"}},"clearTextFirst":true,"interactionType":"ENTER_TEXT"}]}
RESULT: {}
RESULT: {"script":"<script> [776 bytes]","args":[{"enterText":"Material","selector":{"id":"application-manageresources-display-component---newResourceUnit--PLANNING_GROUP","interaction":{"idSuffix":"inner"}},"clearTextFirst":true,"interactionType":"ENTER_TEXT"}]}
COMMAND: POST /session/b4821e91125fc57ae8b08a301666550d/execute/async - {"script":"<script> [1562 bytes]","args":[{"selector":{"id":"application-manageresources-display-component---newResourceUnit--PLANNING_INDICATOR","interaction":{"idSuffix":"inner"}},"wdio_ui5_key":"applicationmanageresources-display-component---newResourceUnit--PLANNING_INDICATOR"}]}
RESULT: {"script":"<script> [1562 bytes]","args":[{"selector":{"id":"application-manageresources-display-component---newResourceUnit--PLANNING_INDICATOR","interaction":{"idSuffix":"inner"}},"wdio_ui5_key":"applicationmanageresources-display-component---newResourceUnit--PLANNING_INDICATOR"}]}
RESULT: undefined
COMMAND: POST /session/b4821e91125fc57ae8b08a301666550d/execute/async - {"script":"<script> [776 bytes]","args":[{"enterText":"10 - infinite","selector":{"id":"application-manageresources-display-component---newResourceUnit--PLANNING_INDICATOR","interaction":{"idSuffix":"inner"}},"clearTextFirst":true,"interactionType":"ENTER_TEXT"}]}
RESULT: {"script":"<script> [776 bytes]","args":[{"enterText":"10 - infinite","selector":{"id":"application-manageresources-display-component---newResourceUnit--PLANNING_INDICATOR","interaction":{"idSuffix":"inner"}},"clearTextFirst":true,"interactionType":"ENTER_TEXT"}]}
COMMAND: POST /session/b4821e91125fc57ae8b08a301666550d/element - {"using":"css selector","value":"#application-manageresources-display-component---newResourceUnit--btnAddTimeSegment"}
RESULT: {"using":"css selector","value":"#application-manageresources-display-component---newResourceUnit--btnAddTimeSegment"}
COMMAND: GET /session/b4821e91125fc57ae8b08a301666550d/element/f.0C7D383FA3E737A876F1AD61BD78151D.d.55452DF8675EA1118FADB1E903908A34.e.14245/rect - {}
RESULT: {}
COMMAND: GET /session/b4821e91125fc57ae8b08a301666550d/window/rect - {}
RESULT: {}
COMMAND: POST /session/b4821e91125fc57ae8b08a301666550d/execute/sync - {"script":"<script> [92 bytes]","args":[]}
RESULT: {"script":"<script> [92 bytes]","args":[]}
COMMAND: POST /session/b4821e91125fc57ae8b08a301666550d/actions - {"actions":[{"id":"action46","type":"wheel","parameters":{},"actions":[{"type":"scroll","x":-1888,"y":-32,"deltaX":0,"deltaY":0,"duration":0,"origin":{"element-6066-11e4-a52e-4f735466cecf":"f.0C7D383FA3E737A876F1AD61BD78151D.d.55452DF8675EA1118FADB1E903908A34.e.14245"}}]}]}
COMMAND: GET /session/b4821e91125fc57ae8b08a301666550d/screenshot - {}
RESULT: {}
COMMAND: POST /session/b4821e91125fc57ae8b08a301666550d/execute/sync - {"script":"<script> [79 bytes]","args":[{"element-6066-11e4-a52e-4f735466cecf":"f.0C7D383FA3E737A876F1AD61BD78151D.d.55452DF8675EA1118FADB1E903908A34.e.14245","ELEMENT":"f.0C7D383FA3E737A876F1AD61BD78151D.d.55452DF8675EA1118FADB1E903908A34.e.14245"},{"block":"start","inline":"nearest"}]}
RESULT: {"script":"<script> [79 bytes]","args":[{"element-6066-11e4-a52e-4f735466cecf":"f.0C7D383FA3E737A876F1AD61BD78151D.d.55452DF8675EA1118FADB1E903908A34.e.14245","ELEMENT":"f.0C7D383FA3E737A876F1AD61BD78151D.d.55452DF8675EA1118FADB1E903908A34.e.14245"},{"block":"start","inline":"nearest"}]}
COMMAND: POST /session/b4821e91125fc57ae8b08a301666550d/execute/async - {"script":"<script> [1562 bytes]","args":[{"selector":{"id":"application-manageresources-display-component---newResourceUnit--btnAddTimeSegment","interaction":{"idSuffix":"inner"}},"wdio_ui5_key":"applicationmanageresources-display-component---newResourceUnit--btnAddTimeSegment"}]}
COMMAND: GET /session/b4821e91125fc57ae8b08a301666550d/screenshot - {}
RESULT: {"script":"<script> [1562 bytes]","args":[{"selector":{"id":"application-manageresources-display-component---newResourceUnit--btnAddTimeSegment","interaction":{"idSuffix":"inner"}},"wdio_ui5_key":"applicationmanageresources-display-component---newResourceUnit--btnAddTimeSegment"}]}
RESULT: undefined
COMMAND: POST /session/b4821e91125fc57ae8b08a301666550d/element - {"using":"xpath","value":"//*[@id=\"application-manageresources-display-component---newResourceUnit--btnAddTimeSegment\"]"}
RESULT: {}
RESULT: {"using":"xpath","value":"//*[@id=\"application-manageresources-display-component---newResourceUnit--btnAddTimeSegment\"]"}
COMMAND: POST /session/b4821e91125fc57ae8b08a301666550d/element/f.0C7D383FA3E737A876F1AD61BD78151D.d.55452DF8675EA1118FADB1E903908A34.e.14245/click - {}
RESULT: {}
COMMAND: GET /session/b4821e91125fc57ae8b08a301666550d/screenshot - {}
RESULT: {}
COMMAND: POST /session/b4821e91125fc57ae8b08a301666550d/element - {"using":"xpath","value":"//input[@id=\"application-manageresources-display-component---newResourceUnit--idRuTSAdmin-application-manageresources-display-component---newResourceUnit--RUTimeSegment-0-inner\"]"}
RESULT: {"using":"xpath","value":"//input[@id=\"application-manageresources-display-component---newResourceUnit--idRuTSAdmin-application-manageresources-display-component---newResourceUnit--RUTimeSegment-0-inner\"]"}
COMMAND: POST /session/b4821e91125fc57ae8b08a301666550d/element/f.0C7D383FA3E737A876F1AD61BD78151D.d.55452DF8675EA1118FADB1E903908A34.e.14250/clear - {}
RESULT: {}
COMMAND: POST /session/b4821e91125fc57ae8b08a301666550d/element/f.0C7D383FA3E737A876F1AD61BD78151D.d.55452DF8675EA1118FADB1E903908A34.e.14250/value - {"text":"542"}
COMMAND: GET /session/b4821e91125fc57ae8b08a301666550d/screenshot - {}
RESULT: {"text":"542"}
COMMAND: GET /session/b4821e91125fc57ae8b08a301666550d/screenshot - {}
RESULT: {}
RESULT: {}
COMMAND: POST /session/b4821e91125fc57ae8b08a301666550d/element - {"using":"xpath","value":"//li[.//span[text()='542']]"}
RESULT: {"using":"xpath","value":"//li[.//span[text()='542']]"}
COMMAND: POST /session/b4821e91125fc57ae8b08a301666550d/element/f.0C7D383FA3E737A876F1AD61BD78151D.d.55452DF8675EA1118FADB1E903908A34.e.14259/click - {}
RESULT: {}
COMMAND: GET /session/b4821e91125fc57ae8b08a301666550d/screenshot - {}
RESULT: {}
COMMAND: POST /session/b4821e91125fc57ae8b08a301666550d/element - {"using":"xpath","value":"(//span[contains(@id, \"-application-manageresources-display-component---newResourceUnit--RUTimeSegment-0-arrow\")])[2]"}
RESULT: {"using":"xpath","value":"(//span[contains(@id, \"-application-manageresources-display-component---newResourceUnit--RUTimeSegment-0-arrow\")])[2]"}
COMMAND: POST /session/b4821e91125fc57ae8b08a301666550d/element/f.0C7D383FA3E737A876F1AD61BD78151D.d.55452DF8675EA1118FADB1E903908A34.e.14260/click - {}
RESULT: {}
COMMAND: POST /session/b4821e91125fc57ae8b08a301666550d/element - {"using":"xpath","value":"//span[contains(text(), \"PM Order\")]"}
COMMAND: GET /session/b4821e91125fc57ae8b08a301666550d/screenshot - {}
RESULT: {"using":"xpath","value":"//span[contains(text(), \"PM Order\")]"}
COMMAND: POST /session/b4821e91125fc57ae8b08a301666550d/element/f.0C7D383FA3E737A876F1AD61BD78151D.d.55452DF8675EA1118FADB1E903908A34.e.14261/click - {}
RESULT: {}
RESULT: {}
COMMAND: GET /session/b4821e91125fc57ae8b08a301666550d/screenshot - {}
RESULT: {}
COMMAND: POST /session/b4821e91125fc57ae8b08a301666550d/element - {"using":"xpath","value":"//td/div/div/div/span[contains(@id, \"newResourceUnit--RUTimeSegment-0-vhi\")][1]"}
RESULT: {"using":"xpath","value":"//td/div/div/div/span[contains(@id, \"newResourceUnit--RUTimeSegment-0-vhi\")][1]"}
COMMAND: GET /session/b4821e91125fc57ae8b08a301666550d/element/f.0C7D383FA3E737A876F1AD61BD78151D.d.55452DF8675EA1118FADB1E903908A34.e.14265/rect - {}
RESULT: {}
COMMAND: GET /session/b4821e91125fc57ae8b08a301666550d/window/rect - {}
RESULT: {}
COMMAND: POST /session/b4821e91125fc57ae8b08a301666550d/execute/sync - {"script":"<script> [92 bytes]","args":[]}
RESULT: {"script":"<script> [92 bytes]","args":[]}
COMMAND: POST /session/b4821e91125fc57ae8b08a301666550d/actions - {"actions":[{"id":"action47","type":"wheel","parameters":{},"actions":[{"type":"scroll","x":-1888,"y":-24,"deltaX":0,"deltaY":0,"duration":0,"origin":{"element-6066-11e4-a52e-4f735466cecf":"f.0C7D383FA3E737A876F1AD61BD78151D.d.55452DF8675EA1118FADB1E903908A34.e.14265"}}]}]}
COMMAND: GET /session/b4821e91125fc57ae8b08a301666550d/screenshot - {}
RESULT: {}
COMMAND: POST /session/b4821e91125fc57ae8b08a301666550d/execute/sync - {"script":"<script> [79 bytes]","args":[{"element-6066-11e4-a52e-4f735466cecf":"f.0C7D383FA3E737A876F1AD61BD78151D.d.55452DF8675EA1118FADB1E903908A34.e.14265","ELEMENT":"f.0C7D383FA3E737A876F1AD61BD78151D.d.55452DF8675EA1118FADB1E903908A34.e.14265"},{"block":"start","inline":"nearest"}]}
RESULT: {"script":"<script> [79 bytes]","args":[{"element-6066-11e4-a52e-4f735466cecf":"f.0C7D383FA3E737A876F1AD61BD78151D.d.55452DF8675EA1118FADB1E903908A34.e.14265","ELEMENT":"f.0C7D383FA3E737A876F1AD61BD78151D.d.55452DF8675EA1118FADB1E903908A34.e.14265"},{"block":"start","inline":"nearest"}]}
COMMAND: GET /session/b4821e91125fc57ae8b08a301666550d/screenshot - {}
RESULT: {}
COMMAND: POST /session/b4821e91125fc57ae8b08a301666550d/element/f.0C7D383FA3E737A876F1AD61BD78151D.d.55452DF8675EA1118FADB1E903908A34.e.14265/click - {}
RESULT: {}
COMMAND: GET /session/b4821e91125fc57ae8b08a301666550d/screenshot - {}
RESULT: {}
COMMAND: POST /session/b4821e91125fc57ae8b08a301666550d/execute/async - {"script":"<script> [1562 bytes]","args":[{"selector":{"controlType":"sap.m.SearchField","properties":{"placeholder":"Search"},"searchOpenDialogs":true,"interaction":{"idSuffix":"I"}},"wdio_ui5_key":"sapm.SearchField{\"placeholder\":\"Search\"}"}]}
RESULT: {"script":"<script> [1562 bytes]","args":[{"selector":{"controlType":"sap.m.SearchField","properties":{"placeholder":"Search"},"searchOpenDialogs":true,"interaction":{"idSuffix":"I"}},"wdio_ui5_key":"sapm.SearchField{\"placeholder\":\"Search\"}"}]}
RESULT: undefined
COMMAND: POST /session/b4821e91125fc57ae8b08a301666550d/execute/async - {"script":"<script> [776 bytes]","args":[{"enterText":"4000360","selector":{"controlType":"sap.m.SearchField","properties":{"placeholder":"Search"},"searchOpenDialogs":true,"interaction":{"idSuffix":"I"}},"clearTextFirst":true,"interactionType":"ENTER_TEXT"}]}
RESULT: {"script":"<script> [776 bytes]","args":[{"enterText":"4000360","selector":{"controlType":"sap.m.SearchField","properties":{"placeholder":"Search"},"searchOpenDialogs":true,"interaction":{"idSuffix":"I"}},"clearTextFirst":true,"interactionType":"ENTER_TEXT"}]}
COMMAND: POST /session/b4821e91125fc57ae8b08a301666550d/actions - {"actions":[{"id":"action48","type":"key","parameters":{},"actions":[{"type":"keyDown","value":"î€‡"},{"type":"pause","duration":10},{"type":"keyUp","value":"î€‡"}]}]}
RESULT: {"actions":[{"id":"action48","type":"key","parameters":{},"actions":[{"type":"keyDown","value":"î€‡"},{"type":"pause","duration":10},{"type":"keyUp","value":"î€‡"}]}]}
COMMAND: GET /session/b4821e91125fc57ae8b08a301666550d/screenshot - {}
RESULT: {}
COMMAND: POST /session/b4821e91125fc57ae8b08a301666550d/element - {"using":"xpath","value":"//td/div/span[contains(text(), \"BGL Vehicles\")]"}
RESULT: {"using":"xpath","value":"//td/div/span[contains(text(), \"BGL Vehicles\")]"}
COMMAND: POST /session/b4821e91125fc57ae8b08a301666550d/element/f.0C7D383FA3E737A876F1AD61BD78151D.d.55452DF8675EA1118FADB1E903908A34.e.14286/click - {}
RESULT: {}
COMMAND: GET /session/b4821e91125fc57ae8b08a301666550d/screenshot - {}
RESULT: {}
COMMAND: POST /session/b4821e91125fc57ae8b08a301666550d/element - {"using":"xpath","value":"//bdi[contains(text(), \"OK\")]"}
RESULT: {"using":"xpath","value":"//bdi[contains(text(), \"OK\")]"}
COMMAND: POST /session/b4821e91125fc57ae8b08a301666550d/element/f.0C7D383FA3E737A876F1AD61BD78151D.d.55452DF8675EA1118FADB1E903908A34.e.14287/click - {}
RESULT: {}
COMMAND: GET /session/b4821e91125fc57ae8b08a301666550d/screenshot - {}
RESULT: {}
COMMAND: POST /session/b4821e91125fc57ae8b08a301666550d/element - {"using":"xpath","value":"//label[contains(@class, 'sapMLabelRequired') and .//bdi[contains(text(), 'Planned Retirement')]]"}
RESULT: {"using":"xpath","value":"//label[contains(@class, 'sapMLabelRequired') and .//bdi[contains(text(), 'Planned Retirement')]]"}
COMMAND: POST /session/b4821e91125fc57ae8b08a301666550d/elements - {"using":"xpath","value":"//label[contains(@class, 'sapMLabelRequired') and .//bdi[contains(text(), 'Planned Retirement')]]"}
RESULT: {"using":"xpath","value":"//label[contains(@class, 'sapMLabelRequired') and .//bdi[contains(text(), 'Planned Retirement')]]"}
COMMAND: POST /session/b4821e91125fc57ae8b08a301666550d/element - {"using":"xpath","value":"//button[@data-kt=\"resourceUnitSaveButton\"]"}
RESULT: {"using":"xpath","value":"//button[@data-kt=\"resourceUnitSaveButton\"]"}
COMMAND: POST /session/b4821e91125fc57ae8b08a301666550d/element/f.0C7D383FA3E737A876F1AD61BD78151D.d.55452DF8675EA1118FADB1E903908A34.e.14187/click - {}
RESULT: {}
COMMAND: GET /session/b4821e91125fc57ae8b08a301666550d/screenshot - {}
RESULT: {}
COMMAND: POST /session/b4821e91125fc57ae8b08a301666550d/element - {"using":"xpath","value":"//bdi[contains(text(), \"Close\")]"}
RESULT: {"using":"xpath","value":"//bdi[contains(text(), \"Close\")]"}
COMMAND: POST /session/b4821e91125fc57ae8b08a301666550d/element/f.0C7D383FA3E737A876F1AD61BD78151D.d.55452DF8675EA1118FADB1E903908A34.e.14293/click - {}
RESULT: {}
COMMAND: GET /session/b4821e91125fc57ae8b08a301666550d/screenshot - {}
RESULT: {}
COMMAND: POST /session/b4821e91125fc57ae8b08a301666550d/element - {"using":"xpath","value":"//header[contains(@id, 'detailRruPage-headerTitle')]/div[1]/div[2]/div[2]/span[1]"}
RESULT: {"using":"xpath","value":"//header[contains(@id, 'detailRruPage-headerTitle')]/div[1]/div[2]/div[2]/span[1]"}
COMMAND: POST /session/b4821e91125fc57ae8b08a301666550d/elements - {"using":"xpath","value":"//header[contains(@id, 'detailRruPage-headerTitle')]/div[1]/div[2]/div[2]/span[1]"}
RESULT: {"using":"xpath","value":"//header[contains(@id, 'detailRruPage-headerTitle')]/div[1]/div[2]/div[2]/span[1]"}
COMMAND: POST /session/b4821e91125fc57ae8b08a301666550d/execute/sync - {"script":"<script> [56 bytes]","args":[{"element-6066-11e4-a52e-4f735466cecf":"f.0C7D383FA3E737A876F1AD61BD78151D.d.55452DF8675EA1118FADB1E903908A34.e.14326","ELEMENT":"f.0C7D383FA3E737A876F1AD61BD78151D.d.55452DF8675EA1118FADB1E903908A34.e.14326"}]}
RESULT: {"script":"<script> [56 bytes]","args":[{"element-6066-11e4-a52e-4f735466cecf":"f.0C7D383FA3E737A876F1AD61BD78151D.d.55452DF8675EA1118FADB1E903908A34.e.14326","ELEMENT":"f.0C7D383FA3E737A876F1AD61BD78151D.d.55452DF8675EA1118FADB1E903908A34.e.14326"}]}
COMMAND: POST /session/b4821e91125fc57ae8b08a301666550d/element - {"using":"css selector","value":"#shell-header-logo"}
COMMAND: GET /session/b4821e91125fc57ae8b08a301666550d/screenshot - {}
RESULT: {"using":"css selector","value":"#shell-header-logo"}
COMMAND: POST /session/b4821e91125fc57ae8b08a301666550d/element/f.0C7D383FA3E737A876F1AD61BD78151D.d.55452DF8675EA1118FADB1E903908A34.e.13769/click - {}
RESULT: {}
RESULT: {}
COMMAND: GET /session/b4821e91125fc57ae8b08a301666550d/screenshot - {}
RESULT: {}
]]></system-out>
    </testcase>
  </testsuite>
  <testsuite timestamp="2025-05-19T06:17:06" time="337.592" tests="6" failures="0" errors="0" skipped="0">
    <properties>
      <property name="specId" value="0" />
      <property name="suiteName" value="Provide to Site w/o warehouse management w clarification" />
      <property name="capabilities" value="chrome.136_0_7103_93.windows" />
      <property name="file" value="file:///D:/a/1/s/test/specs/HTR/provide-to-site-wo-warehouse-w-clarification.spec.js" />
    </properties>
    <testcase classname="chrome.136_0_7103_93.windows.Provide_to_Site_w/o_warehouse_management_w_clarification" name="Should do a stock increase handover" time="82.974">
      <system-out><![CDATA[
COMMAND: POST /session/b4821e91125fc57ae8b08a301666550d/execute/async - {"script":"<script> [1562 bytes]","args":[{"selector":{"controlType":"sap.m.GenericTile","properties":{"header":"Manage Handovers"}},"wdio_ui5_key":"sapm.GenericTile{\"header\":\"Manage Handovers\"}"}]}
RESULT: {"script":"<script> [1562 bytes]","args":[{"selector":{"controlType":"sap.m.GenericTile","properties":{"header":"Manage Handovers"}},"wdio_ui5_key":"sapm.GenericTile{\"header\":\"Manage Handovers\"}"}]}
RESULT: undefined
COMMAND: POST /session/b4821e91125fc57ae8b08a301666550d/element - {"using":"xpath","value":"//*[@id=\"__tile133\"]"}
RESULT: {"using":"xpath","value":"//*[@id=\"__tile133\"]"}
COMMAND: POST /session/b4821e91125fc57ae8b08a301666550d/element/f.0C7D383FA3E737A876F1AD61BD78151D.d.55452DF8675EA1118FADB1E903908A34.e.13719/click - {}
RESULT: {}
COMMAND: GET /session/b4821e91125fc57ae8b08a301666550d/screenshot - {}
RESULT: {}
COMMAND: POST /session/b4821e91125fc57ae8b08a301666550d/elements - {"using":"xpath","value":"//span[text()='Error']"}
RESULT: {"using":"xpath","value":"//span[text()='Error']"}
COMMAND: POST /session/b4821e91125fc57ae8b08a301666550d/element - {"using":"xpath","value":"//button[@data-kt=\"masterHOAddButton\"]"}
RESULT: {"using":"xpath","value":"//button[@data-kt=\"masterHOAddButton\"]"}
COMMAND: POST /session/b4821e91125fc57ae8b08a301666550d/elements - {"using":"xpath","value":"//button[@data-kt=\"masterHOAddButton\"]"}
RESULT: {"using":"xpath","value":"//button[@data-kt=\"masterHOAddButton\"]"}
COMMAND: POST /session/b4821e91125fc57ae8b08a301666550d/execute/sync - {"script":"<script> [8489 bytes]","args":[{"element-6066-11e4-a52e-4f735466cecf":"f.0C7D383FA3E737A876F1AD61BD78151D.d.55452DF8675EA1118FADB1E903908A34.e.14364","ELEMENT":"f.0C7D383FA3E737A876F1AD61BD78151D.d.55452DF8675EA1118FADB1E903908A34.e.14364"}]}
RESULT: {"script":"<script> [8489 bytes]","args":[{"element-6066-11e4-a52e-4f735466cecf":"f.0C7D383FA3E737A876F1AD61BD78151D.d.55452DF8675EA1118FADB1E903908A34.e.14364","ELEMENT":"f.0C7D383FA3E737A876F1AD61BD78151D.d.55452DF8675EA1118FADB1E903908A34.e.14364"}]}
COMMAND: GET /session/b4821e91125fc57ae8b08a301666550d/element/f.0C7D383FA3E737A876F1AD61BD78151D.d.55452DF8675EA1118FADB1E903908A34.e.14364/enabled - {}
COMMAND: GET /session/b4821e91125fc57ae8b08a301666550d/screenshot - {}
RESULT: {}
COMMAND: POST /session/b4821e91125fc57ae8b08a301666550d/execute/sync - {"script":"<script> [8489 bytes]","args":[{"element-6066-11e4-a52e-4f735466cecf":"f.0C7D383FA3E737A876F1AD61BD78151D.d.55452DF8675EA1118FADB1E903908A34.e.14364","ELEMENT":"f.0C7D383FA3E737A876F1AD61BD78151D.d.55452DF8675EA1118FADB1E903908A34.e.14364"}]}
COMMAND: GET /session/b4821e91125fc57ae8b08a301666550d/screenshot - {}
RESULT: {}
RESULT: {"script":"<script> [8489 bytes]","args":[{"element-6066-11e4-a52e-4f735466cecf":"f.0C7D383FA3E737A876F1AD61BD78151D.d.55452DF8675EA1118FADB1E903908A34.e.14364","ELEMENT":"f.0C7D383FA3E737A876F1AD61BD78151D.d.55452DF8675EA1118FADB1E903908A34.e.14364"}]}
COMMAND: POST /session/b4821e91125fc57ae8b08a301666550d/execute/sync - {"script":"<script> [5351 bytes]","args":[{"element-6066-11e4-a52e-4f735466cecf":"f.0C7D383FA3E737A876F1AD61BD78151D.d.55452DF8675EA1118FADB1E903908A34.e.14364","ELEMENT":"f.0C7D383FA3E737A876F1AD61BD78151D.d.55452DF8675EA1118FADB1E903908A34.e.14364"}]}
COMMAND: GET /session/b4821e91125fc57ae8b08a301666550d/screenshot - {}
RESULT: {}
RESULT: {"script":"<script> [5351 bytes]","args":[{"element-6066-11e4-a52e-4f735466cecf":"f.0C7D383FA3E737A876F1AD61BD78151D.d.55452DF8675EA1118FADB1E903908A34.e.14364","ELEMENT":"f.0C7D383FA3E737A876F1AD61BD78151D.d.55452DF8675EA1118FADB1E903908A34.e.14364"}]}
COMMAND: POST /session/b4821e91125fc57ae8b08a301666550d/element/f.0C7D383FA3E737A876F1AD61BD78151D.d.55452DF8675EA1118FADB1E903908A34.e.14364/click - {}
COMMAND: GET /session/b4821e91125fc57ae8b08a301666550d/screenshot - {}
RESULT: {}
RESULT: {}
COMMAND: GET /session/b4821e91125fc57ae8b08a301666550d/screenshot - {}
RESULT: {}
RESULT: {}
COMMAND: POST /session/b4821e91125fc57ae8b08a301666550d/element - {"using":"xpath","value":"//span[contains(@id ,\"AddNewHO--typeSelect-arrow\")]"}
RESULT: {"using":"xpath","value":"//span[contains(@id ,\"AddNewHO--typeSelect-arrow\")]"}
COMMAND: POST /session/b4821e91125fc57ae8b08a301666550d/element/f.0C7D383FA3E737A876F1AD61BD78151D.d.55452DF8675EA1118FADB1E903908A34.e.14727/click - {}
RESULT: {}
COMMAND: GET /session/b4821e91125fc57ae8b08a301666550d/screenshot - {}
RESULT: {}
COMMAND: POST /session/b4821e91125fc57ae8b08a301666550d/element - {"using":"xpath","value":"(//li[contains(text(), \"stock increase yard\")])[1]"}
RESULT: {"using":"xpath","value":"(//li[contains(text(), \"stock increase yard\")])[1]"}
COMMAND: POST /session/b4821e91125fc57ae8b08a301666550d/element/f.0C7D383FA3E737A876F1AD61BD78151D.d.55452DF8675EA1118FADB1E903908A34.e.14728/click - {}
RESULT: {}
COMMAND: GET /session/b4821e91125fc57ae8b08a301666550d/screenshot - {}
RESULT: {}
COMMAND: POST /session/b4821e91125fc57ae8b08a301666550d/execute/async - {"script":"<script> [1562 bytes]","args":[{"selector":{"id":"application-managehandovers-display-component---AddNewHO--dueDate","interaction":{"idSuffix":"inner"}},"wdio_ui5_key":"applicationmanagehandovers-display-component---AddNewHO--dueDate"}]}
RESULT: {"script":"<script> [1562 bytes]","args":[{"selector":{"id":"application-managehandovers-display-component---AddNewHO--dueDate","interaction":{"idSuffix":"inner"}},"wdio_ui5_key":"applicationmanagehandovers-display-component---AddNewHO--dueDate"}]}
RESULT: undefined
COMMAND: POST /session/b4821e91125fc57ae8b08a301666550d/execute/async - {"script":"<script> [6424 bytes]","args":[{"element-6066-11e4-a52e-4f735466cecf":"f.0C7D383FA3E737A876F1AD61BD78151D.d.55452DF8675EA1118FADB1E903908A34.e.14730"},"setValue",["5/19/25"]]}
RESULT: {"script":"<script> [6424 bytes]","args":[{"element-6066-11e4-a52e-4f735466cecf":"f.0C7D383FA3E737A876F1AD61BD78151D.d.55452DF8675EA1118FADB1E903908A34.e.14730"},"setValue",["5/19/25"]]}
COMMAND: POST /session/b4821e91125fc57ae8b08a301666550d/element - {"using":"xpath","value":"//input[@id=\"generalSectionFrg--receiveYard-inner\"]"}
RESULT: {"using":"xpath","value":"//input[@id=\"generalSectionFrg--receiveYard-inner\"]"}
COMMAND: POST /session/b4821e91125fc57ae8b08a301666550d/element/f.0C7D383FA3E737A876F1AD61BD78151D.d.55452DF8675EA1118FADB1E903908A34.e.14734/clear - {}
RESULT: {}
COMMAND: POST /session/b4821e91125fc57ae8b08a301666550d/element/f.0C7D383FA3E737A876F1AD61BD78151D.d.55452DF8675EA1118FADB1E903908A34.e.14734/value - {"text":"542"}
COMMAND: GET /session/b4821e91125fc57ae8b08a301666550d/screenshot - {}
RESULT: {"text":"542"}
COMMAND: GET /session/b4821e91125fc57ae8b08a301666550d/screenshot - {}
RESULT: {}
RESULT: {}
COMMAND: POST /session/b4821e91125fc57ae8b08a301666550d/element - {"using":"xpath","value":"//li[.//span[text()='542']]"}
RESULT: {"using":"xpath","value":"//li[.//span[text()='542']]"}
COMMAND: POST /session/b4821e91125fc57ae8b08a301666550d/element/f.0C7D383FA3E737A876F1AD61BD78151D.d.55452DF8675EA1118FADB1E903908A34.e.14752/click - {}
RESULT: {}
COMMAND: GET /session/b4821e91125fc57ae8b08a301666550d/screenshot - {}
RESULT: {}
COMMAND: POST /session/b4821e91125fc57ae8b08a301666550d/execute/async - {"script":"<script> [1562 bytes]","args":[{"selector":{"id":"application-managehandovers-display-component---AddNewHO--ObjectPageLayout-anchBar-application-managehandovers-display-component---AddNewHO--section4-anchor","interaction":{"idSuffix":"BDI-content"}},"wdio_ui5_key":"applicationmanagehandovers-display-component---AddNewHO--ObjectPageLayout-anchBar-application-managehandovers-display-component---AddNewHO--section4-anchor"}]}
RESULT: {"script":"<script> [1562 bytes]","args":[{"selector":{"id":"application-managehandovers-display-component---AddNewHO--ObjectPageLayout-anchBar-application-managehandovers-display-component---AddNewHO--section4-anchor","interaction":{"idSuffix":"BDI-content"}},"wdio_ui5_key":"applicationmanagehandovers-display-component---AddNewHO--ObjectPageLayout-anchBar-application-managehandovers-display-component---AddNewHO--section4-anchor"}]}
RESULT: undefined
COMMAND: POST /session/b4821e91125fc57ae8b08a301666550d/element - {"using":"xpath","value":"//*[@id=\"application-managehandovers-display-component---AddNewHO--ObjectPageLayout-anchBar-application-managehandovers-display-component---AddNewHO--section4-anchor\"]"}
RESULT: {"using":"xpath","value":"//*[@id=\"application-managehandovers-display-component---AddNewHO--ObjectPageLayout-anchBar-application-managehandovers-display-component---AddNewHO--section4-anchor\"]"}
COMMAND: POST /session/b4821e91125fc57ae8b08a301666550d/element/f.0C7D383FA3E737A876F1AD61BD78151D.d.55452DF8675EA1118FADB1E903908A34.e.14754/click - {}
RESULT: {}
COMMAND: POST /session/b4821e91125fc57ae8b08a301666550d/element - {"using":"xpath","value":"//button[@aria-label=\"Add\"]"}
COMMAND: GET /session/b4821e91125fc57ae8b08a301666550d/screenshot - {}
RESULT: {"using":"xpath","value":"//button[@aria-label=\"Add\"]"}
COMMAND: POST /session/b4821e91125fc57ae8b08a301666550d/element/f.0C7D383FA3E737A876F1AD61BD78151D.d.55452DF8675EA1118FADB1E903908A34.e.14756/click - {}
RESULT: {}
RESULT: {}
COMMAND: GET /session/b4821e91125fc57ae8b08a301666550d/screenshot - {}
RESULT: {}
COMMAND: POST /session/b4821e91125fc57ae8b08a301666550d/execute/async - {"script":"<script> [1562 bytes]","args":[{"selector":{"id":"application-managehandovers-display-component---AddNewHO--smartFilterBar-btnBasicSearch","searchOpenDialogs":true,"interaction":{"idSuffix":"I"}},"wdio_ui5_key":"applicationmanagehandovers-display-component---AddNewHO--smartFilterBar-btnBasicSearch"}]}
RESULT: {"script":"<script> [1562 bytes]","args":[{"selector":{"id":"application-managehandovers-display-component---AddNewHO--smartFilterBar-btnBasicSearch","searchOpenDialogs":true,"interaction":{"idSuffix":"I"}},"wdio_ui5_key":"applicationmanagehandovers-display-component---AddNewHO--smartFilterBar-btnBasicSearch"}]}
RESULT: undefined
COMMAND: POST /session/b4821e91125fc57ae8b08a301666550d/execute/async - {"script":"<script> [776 bytes]","args":[{"enterText":"200285","selector":{"id":"application-managehandovers-display-component---AddNewHO--smartFilterBar-btnBasicSearch","searchOpenDialogs":true,"interaction":{"idSuffix":"I"}},"clearTextFirst":true,"interactionType":"ENTER_TEXT"}]}
RESULT: {"script":"<script> [776 bytes]","args":[{"enterText":"200285","selector":{"id":"application-managehandovers-display-component---AddNewHO--smartFilterBar-btnBasicSearch","searchOpenDialogs":true,"interaction":{"idSuffix":"I"}},"clearTextFirst":true,"interactionType":"ENTER_TEXT"}]}
COMMAND: POST /session/b4821e91125fc57ae8b08a301666550d/actions - {"actions":[{"id":"action49","type":"key","parameters":{},"actions":[{"type":"keyDown","value":"î€‡"},{"type":"pause","duration":10},{"type":"keyUp","value":"î€‡"}]}]}
RESULT: {"actions":[{"id":"action49","type":"key","parameters":{},"actions":[{"type":"keyDown","value":"î€‡"},{"type":"pause","duration":10},{"type":"keyUp","value":"î€‡"}]}]}
COMMAND: GET /session/b4821e91125fc57ae8b08a301666550d/screenshot - {}
RESULT: {}
COMMAND: POST /session/b4821e91125fc57ae8b08a301666550d/execute/async - {"script":"<script> [1562 bytes]","args":[{"selector":{"id":"application-managehandovers-display-component---AddNewHO--popup-sa","searchOpenDialogs":true,"interaction":{"idSuffix":"CbBg"}},"wdio_ui5_key":"applicationmanagehandovers-display-component---AddNewHO--popup-sa"}]}
RESULT: {"script":"<script> [1562 bytes]","args":[{"selector":{"id":"application-managehandovers-display-component---AddNewHO--popup-sa","searchOpenDialogs":true,"interaction":{"idSuffix":"CbBg"}},"wdio_ui5_key":"applicationmanagehandovers-display-component---AddNewHO--popup-sa"}]}
RESULT: undefined
COMMAND: POST /session/b4821e91125fc57ae8b08a301666550d/element - {"using":"xpath","value":"//*[@id=\"application-managehandovers-display-component---AddNewHO--popup-sa\"]"}
RESULT: {"using":"xpath","value":"//*[@id=\"application-managehandovers-display-component---AddNewHO--popup-sa\"]"}
COMMAND: POST /session/b4821e91125fc57ae8b08a301666550d/element/f.0C7D383FA3E737A876F1AD61BD78151D.d.55452DF8675EA1118FADB1E903908A34.e.14909/click - {}
RESULT: {}
COMMAND: GET /session/b4821e91125fc57ae8b08a301666550d/screenshot - {}
RESULT: {}
COMMAND: POST /session/b4821e91125fc57ae8b08a301666550d/element - {"using":"xpath","value":"//bdi[contains(text(), \"Select\")]"}
RESULT: {"using":"xpath","value":"//bdi[contains(text(), \"Select\")]"}
COMMAND: POST /session/b4821e91125fc57ae8b08a301666550d/element/f.0C7D383FA3E737A876F1AD61BD78151D.d.55452DF8675EA1118FADB1E903908A34.e.14910/click - {}
RESULT: {}
COMMAND: GET /session/b4821e91125fc57ae8b08a301666550d/screenshot - {}
RESULT: {}
COMMAND: POST /session/b4821e91125fc57ae8b08a301666550d/element - {"using":"xpath","value":"//button[@data-kt=\"AddNewHOSaveButton\"]"}
RESULT: {"using":"xpath","value":"//button[@data-kt=\"AddNewHOSaveButton\"]"}
COMMAND: POST /session/b4821e91125fc57ae8b08a301666550d/element/f.0C7D383FA3E737A876F1AD61BD78151D.d.55452DF8675EA1118FADB1E903908A34.e.14914/click - {}
RESULT: {}
COMMAND: GET /session/b4821e91125fc57ae8b08a301666550d/screenshot - {}
RESULT: {}
COMMAND: POST /session/b4821e91125fc57ae8b08a301666550d/execute/async - {"script":"<script> [1562 bytes]","args":[{"selector":{"id":"receiptDatePicker","viewName":"etm.portal.ui.managehandovers.view.DetailExecuteHO","interaction":{"idSuffix":"inner"}},"wdio_ui5_key":"receiptDatePickeretmportal.ui.managehandovers.view.DetailExecuteHO"}]}
RESULT: {"script":"<script> [1562 bytes]","args":[{"selector":{"id":"receiptDatePicker","viewName":"etm.portal.ui.managehandovers.view.DetailExecuteHO","interaction":{"idSuffix":"inner"}},"wdio_ui5_key":"receiptDatePickeretmportal.ui.managehandovers.view.DetailExecuteHO"}]}
RESULT: undefined
COMMAND: POST /session/b4821e91125fc57ae8b08a301666550d/execute/async - {"script":"<script> [6424 bytes]","args":[{"element-6066-11e4-a52e-4f735466cecf":"f.0C7D383FA3E737A876F1AD61BD78151D.d.55452DF8675EA1118FADB1E903908A34.e.14934"},"setValue",["5/19/25"]]}
RESULT: {"script":"<script> [6424 bytes]","args":[{"element-6066-11e4-a52e-4f735466cecf":"f.0C7D383FA3E737A876F1AD61BD78151D.d.55452DF8675EA1118FADB1E903908A34.e.14934"},"setValue",["5/19/25"]]}
COMMAND: POST /session/b4821e91125fc57ae8b08a301666550d/element - {"using":"xpath","value":"//button[@data-kt=\"PickingTableConfirmAllButton\"]"}
RESULT: {"using":"xpath","value":"//button[@data-kt=\"PickingTableConfirmAllButton\"]"}
COMMAND: POST /session/b4821e91125fc57ae8b08a301666550d/element/f.0C7D383FA3E737A876F1AD61BD78151D.d.55452DF8675EA1118FADB1E903908A34.e.14948/click - {}
RESULT: {}
COMMAND: GET /session/b4821e91125fc57ae8b08a301666550d/screenshot - {}
RESULT: {}
COMMAND: POST /session/b4821e91125fc57ae8b08a301666550d/element - {"using":"xpath","value":"//bdi[contains(text(), \"OK\")]"}
RESULT: {"using":"xpath","value":"//bdi[contains(text(), \"OK\")]"}
COMMAND: POST /session/b4821e91125fc57ae8b08a301666550d/element/f.0C7D383FA3E737A876F1AD61BD78151D.d.55452DF8675EA1118FADB1E903908A34.e.14950/click - {}
RESULT: {}
COMMAND: GET /session/b4821e91125fc57ae8b08a301666550d/screenshot - {}
RESULT: {}
COMMAND: POST /session/b4821e91125fc57ae8b08a301666550d/element - {"using":"xpath","value":"(//bdi[contains(text(), \"Receive\")])[2]"}
RESULT: {"using":"xpath","value":"(//bdi[contains(text(), \"Receive\")])[2]"}
COMMAND: POST /session/b4821e91125fc57ae8b08a301666550d/element/f.0C7D383FA3E737A876F1AD61BD78151D.d.55452DF8675EA1118FADB1E903908A34.e.14952/click - {}
RESULT: {}
COMMAND: GET /session/b4821e91125fc57ae8b08a301666550d/screenshot - {}
RESULT: {}
COMMAND: POST /session/b4821e91125fc57ae8b08a301666550d/element - {"using":"css selector","value":"#shell-header-logo"}
RESULT: {"using":"css selector","value":"#shell-header-logo"}
COMMAND: POST /session/b4821e91125fc57ae8b08a301666550d/element/f.0C7D383FA3E737A876F1AD61BD78151D.d.55452DF8675EA1118FADB1E903908A34.e.14331/click - {}
RESULT: {}
COMMAND: GET /session/b4821e91125fc57ae8b08a301666550d/screenshot - {}
RESULT: {}
]]></system-out>
    </testcase>
    <testcase classname="chrome.136_0_7103_93.windows.Provide_to_Site_w/o_warehouse_management_w_clarification" name="Should create a new contract" time="57.22">
      <system-out><![CDATA[
COMMAND: POST /session/b4821e91125fc57ae8b08a301666550d/execute/async - {"script":"<script> [1562 bytes]","args":[{"selector":{"controlType":"sap.m.GenericTile","properties":{"header":"Manage Contracts"}},"wdio_ui5_key":"sapm.GenericTile{\"header\":\"Manage Contracts\"}"}]}
RESULT: {"script":"<script> [1562 bytes]","args":[{"selector":{"controlType":"sap.m.GenericTile","properties":{"header":"Manage Contracts"}},"wdio_ui5_key":"sapm.GenericTile{\"header\":\"Manage Contracts\"}"}]}
RESULT: undefined
COMMAND: POST /session/b4821e91125fc57ae8b08a301666550d/element - {"using":"xpath","value":"//*[@id=\"__tile130\"]"}
RESULT: {"using":"xpath","value":"//*[@id=\"__tile130\"]"}
COMMAND: POST /session/b4821e91125fc57ae8b08a301666550d/element/f.0C7D383FA3E737A876F1AD61BD78151D.d.55452DF8675EA1118FADB1E903908A34.e.13708/click - {}
RESULT: {}
COMMAND: GET /session/b4821e91125fc57ae8b08a301666550d/screenshot - {}
RESULT: {}
COMMAND: POST /session/b4821e91125fc57ae8b08a301666550d/elements - {"using":"xpath","value":"//span[text()='Error']"}
RESULT: {"using":"xpath","value":"//span[text()='Error']"}
COMMAND: POST /session/b4821e91125fc57ae8b08a301666550d/element - {"using":"xpath","value":"//button[@data-kt=\"addButton\"]"}
RESULT: {"using":"xpath","value":"//button[@data-kt=\"addButton\"]"}
COMMAND: POST /session/b4821e91125fc57ae8b08a301666550d/elements - {"using":"xpath","value":"//button[@data-kt=\"addButton\"]"}
RESULT: {"using":"xpath","value":"//button[@data-kt=\"addButton\"]"}
COMMAND: POST /session/b4821e91125fc57ae8b08a301666550d/execute/sync - {"script":"<script> [8489 bytes]","args":[{"element-6066-11e4-a52e-4f735466cecf":"f.0C7D383FA3E737A876F1AD61BD78151D.d.55452DF8675EA1118FADB1E903908A34.e.15176","ELEMENT":"f.0C7D383FA3E737A876F1AD61BD78151D.d.55452DF8675EA1118FADB1E903908A34.e.15176"}]}
RESULT: {"script":"<script> [8489 bytes]","args":[{"element-6066-11e4-a52e-4f735466cecf":"f.0C7D383FA3E737A876F1AD61BD78151D.d.55452DF8675EA1118FADB1E903908A34.e.15176","ELEMENT":"f.0C7D383FA3E737A876F1AD61BD78151D.d.55452DF8675EA1118FADB1E903908A34.e.15176"}]}
COMMAND: GET /session/b4821e91125fc57ae8b08a301666550d/element/f.0C7D383FA3E737A876F1AD61BD78151D.d.55452DF8675EA1118FADB1E903908A34.e.15176/enabled - {}
COMMAND: GET /session/b4821e91125fc57ae8b08a301666550d/screenshot - {}
RESULT: {}
COMMAND: POST /session/b4821e91125fc57ae8b08a301666550d/execute/sync - {"script":"<script> [8489 bytes]","args":[{"element-6066-11e4-a52e-4f735466cecf":"f.0C7D383FA3E737A876F1AD61BD78151D.d.55452DF8675EA1118FADB1E903908A34.e.15176","ELEMENT":"f.0C7D383FA3E737A876F1AD61BD78151D.d.55452DF8675EA1118FADB1E903908A34.e.15176"}]}
COMMAND: GET /session/b4821e91125fc57ae8b08a301666550d/screenshot - {}
RESULT: {}
RESULT: {"script":"<script> [8489 bytes]","args":[{"element-6066-11e4-a52e-4f735466cecf":"f.0C7D383FA3E737A876F1AD61BD78151D.d.55452DF8675EA1118FADB1E903908A34.e.15176","ELEMENT":"f.0C7D383FA3E737A876F1AD61BD78151D.d.55452DF8675EA1118FADB1E903908A34.e.15176"}]}
COMMAND: POST /session/b4821e91125fc57ae8b08a301666550d/execute/sync - {"script":"<script> [5351 bytes]","args":[{"element-6066-11e4-a52e-4f735466cecf":"f.0C7D383FA3E737A876F1AD61BD78151D.d.55452DF8675EA1118FADB1E903908A34.e.15176","ELEMENT":"f.0C7D383FA3E737A876F1AD61BD78151D.d.55452DF8675EA1118FADB1E903908A34.e.15176"}]}
COMMAND: GET /session/b4821e91125fc57ae8b08a301666550d/screenshot - {}
RESULT: {}
RESULT: {"script":"<script> [5351 bytes]","args":[{"element-6066-11e4-a52e-4f735466cecf":"f.0C7D383FA3E737A876F1AD61BD78151D.d.55452DF8675EA1118FADB1E903908A34.e.15176","ELEMENT":"f.0C7D383FA3E737A876F1AD61BD78151D.d.55452DF8675EA1118FADB1E903908A34.e.15176"}]}
COMMAND: GET /session/b4821e91125fc57ae8b08a301666550d/screenshot - {}
RESULT: {}
RESULT: {}
COMMAND: POST /session/b4821e91125fc57ae8b08a301666550d/element/f.0C7D383FA3E737A876F1AD61BD78151D.d.55452DF8675EA1118FADB1E903908A34.e.15176/click - {}
RESULT: {}
COMMAND: GET /session/b4821e91125fc57ae8b08a301666550d/screenshot - {}
RESULT: {}
COMMAND: POST /session/b4821e91125fc57ae8b08a301666550d/execute/async - {"script":"<script> [1562 bytes]","args":[{"selector":{"id":"application-managecontracts-display-component---AddNewContract--projectDescription","interaction":{"idSuffix":"inner"}},"wdio_ui5_key":"applicationmanagecontracts-display-component---AddNewContract--projectDescription"}]}
RESULT: {"script":"<script> [1562 bytes]","args":[{"selector":{"id":"application-managecontracts-display-component---AddNewContract--projectDescription","interaction":{"idSuffix":"inner"}},"wdio_ui5_key":"applicationmanagecontracts-display-component---AddNewContract--projectDescription"}]}
RESULT: undefined
COMMAND: POST /session/b4821e91125fc57ae8b08a301666550d/execute/async - {"script":"<script> [776 bytes]","args":[{"enterText":"Contract WDIO","selector":{"id":"application-managecontracts-display-component---AddNewContract--projectDescription","interaction":{"idSuffix":"inner"}},"clearTextFirst":true,"interactionType":"ENTER_TEXT"}]}
RESULT: {"script":"<script> [776 bytes]","args":[{"enterText":"Contract WDIO","selector":{"id":"application-managecontracts-display-component---AddNewContract--projectDescription","interaction":{"idSuffix":"inner"}},"clearTextFirst":true,"interactionType":"ENTER_TEXT"}]}
COMMAND: POST /session/b4821e91125fc57ae8b08a301666550d/element - {"using":"xpath","value":"//input[@id=\"application-managecontracts-display-component---AddNewContract--site-inner\"]"}
RESULT: {"using":"xpath","value":"//input[@id=\"application-managecontracts-display-component---AddNewContract--site-inner\"]"}
COMMAND: POST /session/b4821e91125fc57ae8b08a301666550d/element/f.0C7D383FA3E737A876F1AD61BD78151D.d.55452DF8675EA1118FADB1E903908A34.e.15532/clear - {}
RESULT: {}
COMMAND: POST /session/b4821e91125fc57ae8b08a301666550d/element/f.0C7D383FA3E737A876F1AD61BD78151D.d.55452DF8675EA1118FADB1E903908A34.e.15532/value - {"text":"2268"}
COMMAND: GET /session/b4821e91125fc57ae8b08a301666550d/screenshot - {}
RESULT: {"text":"2268"}
COMMAND: GET /session/b4821e91125fc57ae8b08a301666550d/screenshot - {}
RESULT: {}
RESULT: {}
COMMAND: POST /session/b4821e91125fc57ae8b08a301666550d/element - {"using":"xpath","value":"//li[.//span[text()='2268']]"}
RESULT: {"using":"xpath","value":"//li[.//span[text()='2268']]"}
COMMAND: POST /session/b4821e91125fc57ae8b08a301666550d/element/f.0C7D383FA3E737A876F1AD61BD78151D.d.55452DF8675EA1118FADB1E903908A34.e.15563/click - {}
RESULT: {}
COMMAND: GET /session/b4821e91125fc57ae8b08a301666550d/screenshot - {}
RESULT: {}
COMMAND: POST /session/b4821e91125fc57ae8b08a301666550d/element - {"using":"xpath","value":"//input[@id=\"application-managecontracts-display-component---AddNewContract--yardId-inner\"]"}
RESULT: {"using":"xpath","value":"//input[@id=\"application-managecontracts-display-component---AddNewContract--yardId-inner\"]"}
COMMAND: GET /session/b4821e91125fc57ae8b08a301666550d/element/f.0C7D383FA3E737A876F1AD61BD78151D.d.55452DF8675EA1118FADB1E903908A34.e.15533/property/value - {}
RESULT: {}
COMMAND: POST /session/b4821e91125fc57ae8b08a301666550d/element - {"using":"xpath","value":"//input[@id=\"application-managecontracts-display-component---AddNewContract--customerSelect-inner\"]"}
COMMAND: GET /session/b4821e91125fc57ae8b08a301666550d/screenshot - {}
RESULT: {"using":"xpath","value":"//input[@id=\"application-managecontracts-display-component---AddNewContract--customerSelect-inner\"]"}
COMMAND: POST /session/b4821e91125fc57ae8b08a301666550d/element/f.0C7D383FA3E737A876F1AD61BD78151D.d.55452DF8675EA1118FADB1E903908A34.e.15531/clear - {}
RESULT: {}
RESULT: {}
COMMAND: POST /session/b4821e91125fc57ae8b08a301666550d/element/f.0C7D383FA3E737A876F1AD61BD78151D.d.55452DF8675EA1118FADB1E903908A34.e.15531/value - {"text":"1321"}
COMMAND: GET /session/b4821e91125fc57ae8b08a301666550d/screenshot - {}
RESULT: {"text":"1321"}
COMMAND: GET /session/b4821e91125fc57ae8b08a301666550d/screenshot - {}
RESULT: {}
RESULT: {}
COMMAND: POST /session/b4821e91125fc57ae8b08a301666550d/element - {"using":"xpath","value":"//li[.//span[text()='1321']]"}
RESULT: {"using":"xpath","value":"//li[.//span[text()='1321']]"}
COMMAND: POST /session/b4821e91125fc57ae8b08a301666550d/element/f.0C7D383FA3E737A876F1AD61BD78151D.d.55452DF8675EA1118FADB1E903908A34.e.15566/click - {}
RESULT: {}
COMMAND: GET /session/b4821e91125fc57ae8b08a301666550d/screenshot - {}
RESULT: {}
COMMAND: POST /session/b4821e91125fc57ae8b08a301666550d/element - {"using":"xpath","value":"//button[@data-kt=\"saveButton\"]"}
RESULT: {"using":"xpath","value":"//button[@data-kt=\"saveButton\"]"}
COMMAND: POST /session/b4821e91125fc57ae8b08a301666550d/element/f.0C7D383FA3E737A876F1AD61BD78151D.d.55452DF8675EA1118FADB1E903908A34.e.15567/click - {}
RESULT: {}
COMMAND: GET /session/b4821e91125fc57ae8b08a301666550d/screenshot - {}
RESULT: {}
COMMAND: POST /session/b4821e91125fc57ae8b08a301666550d/element - {"using":"xpath","value":"//span[contains(@id ,\"contractDetailTitleNoExpanded\")]"}
RESULT: {"using":"xpath","value":"//span[contains(@id ,\"contractDetailTitleNoExpanded\")]"}
COMMAND: POST /session/b4821e91125fc57ae8b08a301666550d/elements - {"using":"xpath","value":"//span[contains(@id ,\"contractDetailTitleNoExpanded\")]"}
RESULT: {"using":"xpath","value":"//span[contains(@id ,\"contractDetailTitleNoExpanded\")]"}
COMMAND: POST /session/b4821e91125fc57ae8b08a301666550d/execute/sync - {"script":"<script> [56 bytes]","args":[{"element-6066-11e4-a52e-4f735466cecf":"f.0C7D383FA3E737A876F1AD61BD78151D.d.55452DF8675EA1118FADB1E903908A34.e.15638","ELEMENT":"f.0C7D383FA3E737A876F1AD61BD78151D.d.55452DF8675EA1118FADB1E903908A34.e.15638"}]}
RESULT: {"script":"<script> [56 bytes]","args":[{"element-6066-11e4-a52e-4f735466cecf":"f.0C7D383FA3E737A876F1AD61BD78151D.d.55452DF8675EA1118FADB1E903908A34.e.15638","ELEMENT":"f.0C7D383FA3E737A876F1AD61BD78151D.d.55452DF8675EA1118FADB1E903908A34.e.15638"}]}
COMMAND: GET /session/b4821e91125fc57ae8b08a301666550d/screenshot - {}
RESULT: {}
]]></system-out>
    </testcase>
    <testcase classname="chrome.136_0_7103_93.windows.Provide_to_Site_w/o_warehouse_management_w_clarification" name="Should add equipment to the contract" time="54.185">
      <system-out><![CDATA[
COMMAND: POST /session/b4821e91125fc57ae8b08a301666550d/element - {"using":"xpath","value":"//button[@data-kt=\"contractDetailEditBtnButton\"]"}
RESULT: {"using":"xpath","value":"//button[@data-kt=\"contractDetailEditBtnButton\"]"}
COMMAND: POST /session/b4821e91125fc57ae8b08a301666550d/element/f.0C7D383FA3E737A876F1AD61BD78151D.d.55452DF8675EA1118FADB1E903908A34.e.15640/click - {}
RESULT: {}
COMMAND: GET /session/b4821e91125fc57ae8b08a301666550d/screenshot - {}
RESULT: {}
COMMAND: POST /session/b4821e91125fc57ae8b08a301666550d/element - {"using":"xpath","value":"(//span[contains(text(), \"Additional Addresses\")])[2]"}
RESULT: {"using":"xpath","value":"(//span[contains(text(), \"Additional Addresses\")])[2]"}
COMMAND: POST /session/b4821e91125fc57ae8b08a301666550d/element/f.0C7D383FA3E737A876F1AD61BD78151D.d.55452DF8675EA1118FADB1E903908A34.e.15696/click - {}
RESULT: {}
COMMAND: GET /session/b4821e91125fc57ae8b08a301666550d/screenshot - {}
RESULT: {}
COMMAND: POST /session/b4821e91125fc57ae8b08a301666550d/element - {"using":"xpath","value":"//button[@data-kt=\"btnAddTableRowOverflowToolbarButton\"]"}
RESULT: {"using":"xpath","value":"//button[@data-kt=\"btnAddTableRowOverflowToolbarButton\"]"}
COMMAND: POST /session/b4821e91125fc57ae8b08a301666550d/element/f.0C7D383FA3E737A876F1AD61BD78151D.d.55452DF8675EA1118FADB1E903908A34.e.15698/click - {}
RESULT: {}
COMMAND: GET /session/b4821e91125fc57ae8b08a301666550d/screenshot - {}
RESULT: {}
COMMAND: POST /session/b4821e91125fc57ae8b08a301666550d/element - {"using":"xpath","value":"//div[(text() = 'Standard Entry' or . = 'Standard Entry')]"}
RESULT: {"using":"xpath","value":"//div[(text() = 'Standard Entry' or . = 'Standard Entry')]"}
COMMAND: POST /session/b4821e91125fc57ae8b08a301666550d/element/f.0C7D383FA3E737A876F1AD61BD78151D.d.55452DF8675EA1118FADB1E903908A34.e.15700/click - {}
RESULT: {}
COMMAND: GET /session/b4821e91125fc57ae8b08a301666550d/screenshot - {}
RESULT: {}
COMMAND: POST /session/b4821e91125fc57ae8b08a301666550d/element - {"using":"xpath","value":"//td[6]/div/div/div/span"}
RESULT: {"using":"xpath","value":"//td[6]/div/div/div/span"}
COMMAND: POST /session/b4821e91125fc57ae8b08a301666550d/element/f.0C7D383FA3E737A876F1AD61BD78151D.d.55452DF8675EA1118FADB1E903908A34.e.15712/click - {}
RESULT: {}
COMMAND: GET /session/b4821e91125fc57ae8b08a301666550d/screenshot - {}
RESULT: {}
COMMAND: POST /session/b4821e91125fc57ae8b08a301666550d/element - {"using":"xpath","value":"(//span[contains(text(), \"Material\")])"}
RESULT: {"using":"xpath","value":"(//span[contains(text(), \"Material\")])"}
COMMAND: POST /session/b4821e91125fc57ae8b08a301666550d/element/f.0C7D383FA3E737A876F1AD61BD78151D.d.55452DF8675EA1118FADB1E903908A34.e.15713/click - {}
RESULT: {}
COMMAND: GET /session/b4821e91125fc57ae8b08a301666550d/screenshot - {}
RESULT: {}
COMMAND: POST /session/b4821e91125fc57ae8b08a301666550d/element - {"using":"xpath","value":"//td[7]/div/div/input"}
RESULT: {"using":"xpath","value":"//td[7]/div/div/input"}
COMMAND: POST /session/b4821e91125fc57ae8b08a301666550d/element/f.0C7D383FA3E737A876F1AD61BD78151D.d.55452DF8675EA1118FADB1E903908A34.e.15717/clear - {}
RESULT: {}
COMMAND: POST /session/b4821e91125fc57ae8b08a301666550d/element/f.0C7D383FA3E737A876F1AD61BD78151D.d.55452DF8675EA1118FADB1E903908A34.e.15717/value - {"text":"200285"}
COMMAND: GET /session/b4821e91125fc57ae8b08a301666550d/screenshot - {}
RESULT: {"text":"200285"}
COMMAND: GET /session/b4821e91125fc57ae8b08a301666550d/screenshot - {}
RESULT: {}
RESULT: {}
COMMAND: POST /session/b4821e91125fc57ae8b08a301666550d/actions - {"actions":[{"id":"action50","type":"key","parameters":{},"actions":[{"type":"keyDown","value":"î€‡"},{"type":"pause","duration":10},{"type":"keyUp","value":"î€‡"}]}]}
RESULT: {"actions":[{"id":"action50","type":"key","parameters":{},"actions":[{"type":"keyDown","value":"î€‡"},{"type":"pause","duration":10},{"type":"keyUp","value":"î€‡"}]}]}
COMMAND: GET /session/b4821e91125fc57ae8b08a301666550d/screenshot - {}
RESULT: {}
COMMAND: POST /session/b4821e91125fc57ae8b08a301666550d/execute/sync - {"script":"<script> [276 bytes]","args":["No pricing information was found"]}
RESULT: {"script":"<script> [276 bytes]","args":["No pricing information was found"]}
COMMAND: POST /session/b4821e91125fc57ae8b08a301666550d/element - {"using":"xpath","value":"//bdi[contains(text(), \"OK\")]"}
COMMAND: GET /session/b4821e91125fc57ae8b08a301666550d/screenshot - {}
RESULT: {"using":"xpath","value":"//bdi[contains(text(), \"OK\")]"}
COMMAND: POST /session/b4821e91125fc57ae8b08a301666550d/element/f.0C7D383FA3E737A876F1AD61BD78151D.d.55452DF8675EA1118FADB1E903908A34.e.15743/click - {}
RESULT: {}
RESULT: {}
COMMAND: GET /session/b4821e91125fc57ae8b08a301666550d/screenshot - {}
RESULT: {}
COMMAND: POST /session/b4821e91125fc57ae8b08a301666550d/element - {"using":"xpath","value":"(//button[@data-kt=\"saveButton\"])[2]"}
RESULT: {"using":"xpath","value":"(//button[@data-kt=\"saveButton\"])[2]"}
COMMAND: POST /session/b4821e91125fc57ae8b08a301666550d/element/f.0C7D383FA3E737A876F1AD61BD78151D.d.55452DF8675EA1118FADB1E903908A34.e.15744/click - {}
RESULT: {}
COMMAND: GET /session/b4821e91125fc57ae8b08a301666550d/screenshot - {}
RESULT: {}
COMMAND: POST /session/b4821e91125fc57ae8b08a301666550d/execute/sync - {"script":"<script> [276 bytes]","args":["Some contract items are having rental validity exceeding header rental validity"]}
RESULT: {"script":"<script> [276 bytes]","args":["Some contract items are having rental validity exceeding header rental validity"]}
COMMAND: GET /session/b4821e91125fc57ae8b08a301666550d/screenshot - {}
RESULT: {}
COMMAND: POST /session/b4821e91125fc57ae8b08a301666550d/element - {"using":"xpath","value":"//span[contains(@id ,\"contractItemsSmartTable-header-inner\")]"}
RESULT: {"using":"xpath","value":"//span[contains(@id ,\"contractItemsSmartTable-header-inner\")]"}
COMMAND: POST /session/b4821e91125fc57ae8b08a301666550d/elements - {"using":"xpath","value":"//span[contains(@id ,\"contractItemsSmartTable-header-inner\")]"}
RESULT: {"using":"xpath","value":"//span[contains(@id ,\"contractItemsSmartTable-header-inner\")]"}
COMMAND: POST /session/b4821e91125fc57ae8b08a301666550d/execute/sync - {"script":"<script> [56 bytes]","args":[{"element-6066-11e4-a52e-4f735466cecf":"f.0C7D383FA3E737A876F1AD61BD78151D.d.55452DF8675EA1118FADB1E903908A34.e.15748","ELEMENT":"f.0C7D383FA3E737A876F1AD61BD78151D.d.55452DF8675EA1118FADB1E903908A34.e.15748"}]}
RESULT: {"script":"<script> [56 bytes]","args":[{"element-6066-11e4-a52e-4f735466cecf":"f.0C7D383FA3E737A876F1AD61BD78151D.d.55452DF8675EA1118FADB1E903908A34.e.15748","ELEMENT":"f.0C7D383FA3E737A876F1AD61BD78151D.d.55452DF8675EA1118FADB1E903908A34.e.15748"}]}
]]></system-out>
    </testcase>
    <testcase classname="chrome.136_0_7103_93.windows.Provide_to_Site_w/o_warehouse_management_w_clarification" name="Should do provide to site" time="130.682">
      <system-out><![CDATA[
COMMAND: GET /session/b4821e91125fc57ae8b08a301666550d/screenshot - {}
COMMAND: POST /session/b4821e91125fc57ae8b08a301666550d/element - {"using":"xpath","value":"//button[@data-kt=\"provideButton\"]"}
RESULT: {}
RESULT: {"using":"xpath","value":"//button[@data-kt=\"provideButton\"]"}
COMMAND: POST /session/b4821e91125fc57ae8b08a301666550d/element/f.0C7D383FA3E737A876F1AD61BD78151D.d.55452DF8675EA1118FADB1E903908A34.e.15749/click - {}
RESULT: {}
COMMAND: GET /session/b4821e91125fc57ae8b08a301666550d/screenshot - {}
RESULT: {}
COMMAND: POST /session/b4821e91125fc57ae8b08a301666550d/element - {"using":"xpath","value":"(//div[contains(@id, \"application-managehandovers-display-component---AddNewHO--oneStep-CbBg\")])"}
RESULT: {"using":"xpath","value":"(//div[contains(@id, \"application-managehandovers-display-component---AddNewHO--oneStep-CbBg\")])"}
COMMAND: POST /session/b4821e91125fc57ae8b08a301666550d/element - {"using":"xpath","value":"(//div[contains(@id, \"application-managehandovers-display-component---AddNewHO--oneStep-CbBg\")])/input"}
RESULT: {"using":"xpath","value":"(//div[contains(@id, \"application-managehandovers-display-component---AddNewHO--oneStep-CbBg\")])/input"}
COMMAND: GET /session/b4821e91125fc57ae8b08a301666550d/element/f.0C7D383FA3E737A876F1AD61BD78151D.d.55452DF8675EA1118FADB1E903908A34.e.15808/attribute/checked - {}
RESULT: {}
RESULT: undefined
COMMAND: POST /session/b4821e91125fc57ae8b08a301666550d/execute/async - {"script":"<script> [6424 bytes]","args":[{"element-6066-11e4-a52e-4f735466cecf":"f.0C7D383FA3E737A876F1AD61BD78151D.d.55452DF8675EA1118FADB1E903908A34.e.14730"},"setValue",["05/19/25"]]}
COMMAND: POST /session/b4821e91125fc57ae8b08a301666550d/element/f.0C7D383FA3E737A876F1AD61BD78151D.d.55452DF8675EA1118FADB1E903908A34.e.16059/click - {}
COMMAND: POST /session/b4821e91125fc57ae8b08a301666550d/execute/async - {"script":"<script> [1562 bytes]","args":[{"selector":{"id":"application-managehandovers-display-component---AddNewHO--dueDate","interaction":{"idSuffix":"inner"}},"wdio_ui5_key":"applicationmanagehandovers-display-component---AddNewHO--dueDate"}]}
RESULT: {}
COMMAND: GET /session/b4821e91125fc57ae8b08a301666550d/screenshot - {}
RESULT: {"script":"<script> [1562 bytes]","args":[{"selector":{"id":"application-managehandovers-display-component---AddNewHO--dueDate","interaction":{"idSuffix":"inner"}},"wdio_ui5_key":"applicationmanagehandovers-display-component---AddNewHO--dueDate"}]}
COMMAND: POST /session/b4821e91125fc57ae8b08a301666550d/execute/async - {"script":"<script> [6424 bytes]","args":[{"element-6066-11e4-a52e-4f735466cecf":"f.0C7D383FA3E737A876F1AD61BD78151D.d.55452DF8675EA1118FADB1E903908A34.e.15806"},"setValue",["05/19/25"]]}
RESULT: {}
RESULT: {"script":"<script> [6424 bytes]","args":[{"element-6066-11e4-a52e-4f735466cecf":"f.0C7D383FA3E737A876F1AD61BD78151D.d.55452DF8675EA1118FADB1E903908A34.e.15806"},"setValue",["05/19/25"]]}
COMMAND: POST /session/b4821e91125fc57ae8b08a301666550d/element - {"using":"xpath","value":"//bdi[contains(text(), \"Instructions\")]"}
RESULT: {"using":"xpath","value":"//bdi[contains(text(), \"Instructions\")]"}
COMMAND: POST /session/b4821e91125fc57ae8b08a301666550d/element/f.0C7D383FA3E737A876F1AD61BD78151D.d.55452DF8675EA1118FADB1E903908A34.e.16063/click - {}
RESULT: {}
COMMAND: GET /session/b4821e91125fc57ae8b08a301666550d/screenshot - {}
RESULT: {}
COMMAND: POST /session/b4821e91125fc57ae8b08a301666550d/element - {"using":"xpath","value":"//button[@data-kt=\"AddNewHOProvideAddItemsButton\"]"}
RESULT: {"using":"xpath","value":"//button[@data-kt=\"AddNewHOProvideAddItemsButton\"]"}
COMMAND: POST /session/b4821e91125fc57ae8b08a301666550d/element/f.0C7D383FA3E737A876F1AD61BD78151D.d.55452DF8675EA1118FADB1E903908A34.e.16067/click - {}
RESULT: {}
COMMAND: GET /session/b4821e91125fc57ae8b08a301666550d/screenshot - {}
RESULT: {}
RESULT: undefined
COMMAND: POST /session/b4821e91125fc57ae8b08a301666550d/element - {"using":"xpath","value":"//*[@id=\"application-managehandovers-display-component---AddNewHO--popup-sa\"]"}
RESULT: {"using":"xpath","value":"//*[@id=\"application-managehandovers-display-component---AddNewHO--popup-sa\"]"}
COMMAND: POST /session/b4821e91125fc57ae8b08a301666550d/element/f.0C7D383FA3E737A876F1AD61BD78151D.d.55452DF8675EA1118FADB1E903908A34.e.16076/click - {}
RESULT: {}
COMMAND: GET /session/b4821e91125fc57ae8b08a301666550d/screenshot - {}
RESULT: {}
COMMAND: POST /session/b4821e91125fc57ae8b08a301666550d/element - {"using":"xpath","value":"//*[contains(@id ,\"BDI-content\")][contains(text(), \"Select\")]"}
RESULT: {"using":"xpath","value":"//*[contains(@id ,\"BDI-content\")][contains(text(), \"Select\")]"}
COMMAND: POST /session/b4821e91125fc57ae8b08a301666550d/element/f.0C7D383FA3E737A876F1AD61BD78151D.d.55452DF8675EA1118FADB1E903908A34.e.16078/click - {}
RESULT: {}
COMMAND: GET /session/b4821e91125fc57ae8b08a301666550d/screenshot - {}
RESULT: {}
COMMAND: POST /session/b4821e91125fc57ae8b08a301666550d/execute/async - {"script":"<script> [1562 bytes]","args":[{"selector":{"id":"application-managehandovers-display-component---AddNewHO--confirmCreationButton","interaction":{"idSuffix":"BDI-content"}},"wdio_ui5_key":"applicationmanagehandovers-display-component---AddNewHO--confirmCreationButton"}]}
RESULT: {"script":"<script> [1562 bytes]","args":[{"selector":{"id":"application-managehandovers-display-component---AddNewHO--confirmCreationButton","interaction":{"idSuffix":"BDI-content"}},"wdio_ui5_key":"applicationmanagehandovers-display-component---AddNewHO--confirmCreationButton"}]}
RESULT: undefined
COMMAND: POST /session/b4821e91125fc57ae8b08a301666550d/element - {"using":"xpath","value":"//*[@id=\"application-managehandovers-display-component---AddNewHO--confirmCreationButton\"]"}
RESULT: {"using":"xpath","value":"//*[@id=\"application-managehandovers-display-component---AddNewHO--confirmCreationButton\"]"}
COMMAND: POST /session/b4821e91125fc57ae8b08a301666550d/element/f.0C7D383FA3E737A876F1AD61BD78151D.d.55452DF8675EA1118FADB1E903908A34.e.15885/click - {}
RESULT: {}
COMMAND: GET /session/b4821e91125fc57ae8b08a301666550d/screenshot - {}
RESULT: {}
COMMAND: POST /session/b4821e91125fc57ae8b08a301666550d/execute/async - {"script":"<script> [1562 bytes]","args":[{"selector":{"id":"issueDatePicker","viewName":"etm.portal.ui.managehandovers.view.DetailExecuteHO","interaction":{"idSuffix":"inner"}},"wdio_ui5_key":"issueDatePickeretmportal.ui.managehandovers.view.DetailExecuteHO"}]}
RESULT: {"script":"<script> [1562 bytes]","args":[{"selector":{"id":"issueDatePicker","viewName":"etm.portal.ui.managehandovers.view.DetailExecuteHO","interaction":{"idSuffix":"inner"}},"wdio_ui5_key":"issueDatePickeretmportal.ui.managehandovers.view.DetailExecuteHO"}]}
RESULT: undefined
COMMAND: POST /session/b4821e91125fc57ae8b08a301666550d/execute/async - {"script":"<script> [776 bytes]","args":[{"enterText":"5/19/25","selector":{"id":"issueDatePicker","viewName":"etm.portal.ui.managehandovers.view.DetailExecuteHO","interaction":{"idSuffix":"inner"}},"clearTextFirst":true,"interactionType":"ENTER_TEXT"}]}
RESULT: {"script":"<script> [776 bytes]","args":[{"enterText":"5/19/25","selector":{"id":"issueDatePicker","viewName":"etm.portal.ui.managehandovers.view.DetailExecuteHO","interaction":{"idSuffix":"inner"}},"clearTextFirst":true,"interactionType":"ENTER_TEXT"}]}
COMMAND: POST /session/b4821e91125fc57ae8b08a301666550d/element - {"using":"xpath","value":"//bdi[contains(text(), \"OK\")]"}
RESULT: {"using":"xpath","value":"//bdi[contains(text(), \"OK\")]"}
COMMAND: POST /session/b4821e91125fc57ae8b08a301666550d/element/f.0C7D383FA3E737A876F1AD61BD78151D.d.55452DF8675EA1118FADB1E903908A34.e.16141/click - {}
RESULT: {}
COMMAND: GET /session/b4821e91125fc57ae8b08a301666550d/screenshot - {}
RESULT: {}
COMMAND: POST /session/b4821e91125fc57ae8b08a301666550d/element - {"using":"xpath","value":"//button[@data-kt=\"PickingTableConfirmAllButton\"]"}
RESULT: {"using":"xpath","value":"//button[@data-kt=\"PickingTableConfirmAllButton\"]"}
COMMAND: POST /session/b4821e91125fc57ae8b08a301666550d/element/f.0C7D383FA3E737A876F1AD61BD78151D.d.55452DF8675EA1118FADB1E903908A34.e.16147/click - {}
RESULT: {}
COMMAND: GET /session/b4821e91125fc57ae8b08a301666550d/screenshot - {}
RESULT: {}
COMMAND: POST /session/b4821e91125fc57ae8b08a301666550d/element - {"using":"xpath","value":"//bdi[contains(text(), \"OK\")]"}
RESULT: {"using":"xpath","value":"//bdi[contains(text(), \"OK\")]"}
COMMAND: POST /session/b4821e91125fc57ae8b08a301666550d/element/f.0C7D383FA3E737A876F1AD61BD78151D.d.55452DF8675EA1118FADB1E903908A34.e.16150/click - {}
RESULT: {}
COMMAND: GET /session/b4821e91125fc57ae8b08a301666550d/screenshot - {}
RESULT: {}
COMMAND: POST /session/b4821e91125fc57ae8b08a301666550d/element - {"using":"xpath","value":"//button[@data-kt=\"execHoPickButton\"]"}
RESULT: {"using":"xpath","value":"//button[@data-kt=\"execHoPickButton\"]"}
COMMAND: POST /session/b4821e91125fc57ae8b08a301666550d/element/f.0C7D383FA3E737A876F1AD61BD78151D.d.55452DF8675EA1118FADB1E903908A34.e.16152/click - {}
RESULT: {}
COMMAND: GET /session/b4821e91125fc57ae8b08a301666550d/screenshot - {}
RESULT: {}
COMMAND: POST /session/b4821e91125fc57ae8b08a301666550d/element - {"using":"xpath","value":"//span[contains(@id ,\"filterItemControl_BASIC-RECEIVE_CONTRACT-vhi\")]"}
RESULT: {"using":"xpath","value":"//span[contains(@id ,\"filterItemControl_BASIC-RECEIVE_CONTRACT-vhi\")]"}
COMMAND: POST /session/b4821e91125fc57ae8b08a301666550d/element/f.0C7D383FA3E737A876F1AD61BD78151D.d.55452DF8675EA1118FADB1E903908A34.e.16328/click - {}
RESULT: {}
COMMAND: GET /session/b4821e91125fc57ae8b08a301666550d/screenshot - {}
RESULT: {}
COMMAND: POST /session/b4821e91125fc57ae8b08a301666550d/execute/async - {"script":"<script> [1562 bytes]","args":[{"selector":{"controlType":"sap.m.SearchField","viewName":"etm.portal.ui.managehandovers.view.MasterHO","bindingPath":{"path":"","propertyPath":"/_BASIC_SEARCH_FIELD","modelName":"fi1t3rM0d31"},"searchOpenDialogs":true,"interaction":{"idSuffix":"I"}},"wdio_ui5_key":"etmportal.ui.managehandovers.view.MasterHOsap.m.SearchField{\"path\":\"\",\"propertyPath\":\"/_BASIC_SEARCH_FIELD\",\"modelName\":\"fi1t3rM0d31\"}"}]}
RESULT: {"script":"<script> [1562 bytes]","args":[{"selector":{"controlType":"sap.m.SearchField","viewName":"etm.portal.ui.managehandovers.view.MasterHO","bindingPath":{"path":"","propertyPath":"/_BASIC_SEARCH_FIELD","modelName":"fi1t3rM0d31"},"searchOpenDialogs":true,"interaction":{"idSuffix":"I"}},"wdio_ui5_key":"etmportal.ui.managehandovers.view.MasterHOsap.m.SearchField{\"path\":\"\",\"propertyPath\":\"/_BASIC_SEARCH_FIELD\",\"modelName\":\"fi1t3rM0d31\"}"}]}
RESULT: undefined
COMMAND: POST /session/b4821e91125fc57ae8b08a301666550d/execute/async - {"script":"<script> [776 bytes]","args":[{"enterText":"10376","selector":{"controlType":"sap.m.SearchField","viewName":"etm.portal.ui.managehandovers.view.MasterHO","bindingPath":{"path":"","propertyPath":"/_BASIC_SEARCH_FIELD","modelName":"fi1t3rM0d31"},"searchOpenDialogs":true,"interaction":{"idSuffix":"I"}},"clearTextFirst":true,"interactionType":"ENTER_TEXT"}]}
RESULT: {"script":"<script> [776 bytes]","args":[{"enterText":"10376","selector":{"controlType":"sap.m.SearchField","viewName":"etm.portal.ui.managehandovers.view.MasterHO","bindingPath":{"path":"","propertyPath":"/_BASIC_SEARCH_FIELD","modelName":"fi1t3rM0d31"},"searchOpenDialogs":true,"interaction":{"idSuffix":"I"}},"clearTextFirst":true,"interactionType":"ENTER_TEXT"}]}
COMMAND: POST /session/b4821e91125fc57ae8b08a301666550d/actions - {"actions":[{"id":"action51","type":"key","parameters":{},"actions":[{"type":"keyDown","value":"î€‡"},{"type":"pause","duration":10},{"type":"keyUp","value":"î€‡"}]}]}
RESULT: {"actions":[{"id":"action51","type":"key","parameters":{},"actions":[{"type":"keyDown","value":"î€‡"},{"type":"pause","duration":10},{"type":"keyUp","value":"î€‡"}]}]}
COMMAND: GET /session/b4821e91125fc57ae8b08a301666550d/screenshot - {}
RESULT: {}
COMMAND: POST /session/b4821e91125fc57ae8b08a301666550d/element - {"using":"xpath","value":"//div[contains(@id, 'filterItemControl_BASIC-RECEIVE_CONTRACT-valueHelpDialog-table-rowsel0')]"}
RESULT: {"using":"xpath","value":"//div[contains(@id, 'filterItemControl_BASIC-RECEIVE_CONTRACT-valueHelpDialog-table-rowsel0')]"}
COMMAND: POST /session/b4821e91125fc57ae8b08a301666550d/element/f.0C7D383FA3E737A876F1AD61BD78151D.d.55452DF8675EA1118FADB1E903908A34.e.16336/click - {}
RESULT: {}
COMMAND: GET /session/b4821e91125fc57ae8b08a301666550d/screenshot - {}
RESULT: {}
COMMAND: POST /session/b4821e91125fc57ae8b08a301666550d/element - {"using":"xpath","value":"//bdi[contains(text(), \"OK\")]"}
RESULT: {"using":"xpath","value":"//bdi[contains(text(), \"OK\")]"}
COMMAND: POST /session/b4821e91125fc57ae8b08a301666550d/element/f.0C7D383FA3E737A876F1AD61BD78151D.d.55452DF8675EA1118FADB1E903908A34.e.16338/click - {}
RESULT: {}
COMMAND: GET /session/b4821e91125fc57ae8b08a301666550d/screenshot - {}
RESULT: {}
COMMAND: POST /session/b4821e91125fc57ae8b08a301666550d/element - {"using":"xpath","value":"//span[contains(@id, \"smartTable-header-inner\")]"}
RESULT: {"using":"xpath","value":"//span[contains(@id, \"smartTable-header-inner\")]"}
COMMAND: POST /session/b4821e91125fc57ae8b08a301666550d/elements - {"using":"xpath","value":"//span[contains(@id, \"smartTable-header-inner\")]"}
RESULT: {"using":"xpath","value":"//span[contains(@id, \"smartTable-header-inner\")]"}
COMMAND: POST /session/b4821e91125fc57ae8b08a301666550d/execute/sync - {"script":"<script> [56 bytes]","args":[{"element-6066-11e4-a52e-4f735466cecf":"f.0C7D383FA3E737A876F1AD61BD78151D.d.55452DF8675EA1118FADB1E903908A34.e.16366","ELEMENT":"f.0C7D383FA3E737A876F1AD61BD78151D.d.55452DF8675EA1118FADB1E903908A34.e.16366"}]}
RESULT: {"script":"<script> [56 bytes]","args":[{"element-6066-11e4-a52e-4f735466cecf":"f.0C7D383FA3E737A876F1AD61BD78151D.d.55452DF8675EA1118FADB1E903908A34.e.16366","ELEMENT":"f.0C7D383FA3E737A876F1AD61BD78151D.d.55452DF8675EA1118FADB1E903908A34.e.16366"}]}
COMMAND: POST /session/b4821e91125fc57ae8b08a301666550d/element - {"using":"xpath","value":"//table[contains(@id, \"customHandovers\")]//tbody/tr[1]/td[2]/span"}
COMMAND: GET /session/b4821e91125fc57ae8b08a301666550d/screenshot - {}
RESULT: {"using":"xpath","value":"//table[contains(@id, \"customHandovers\")]//tbody/tr[1]/td[2]/span"}
COMMAND: POST /session/b4821e91125fc57ae8b08a301666550d/execute/sync - {"script":"<script> [56 bytes]","args":[{"element-6066-11e4-a52e-4f735466cecf":"f.0C7D383FA3E737A876F1AD61BD78151D.d.55452DF8675EA1118FADB1E903908A34.e.16367","ELEMENT":"f.0C7D383FA3E737A876F1AD61BD78151D.d.55452DF8675EA1118FADB1E903908A34.e.16367"}]}
RESULT: {}
RESULT: {"script":"<script> [56 bytes]","args":[{"element-6066-11e4-a52e-4f735466cecf":"f.0C7D383FA3E737A876F1AD61BD78151D.d.55452DF8675EA1118FADB1E903908A34.e.16367","ELEMENT":"f.0C7D383FA3E737A876F1AD61BD78151D.d.55452DF8675EA1118FADB1E903908A34.e.16367"}]}
COMMAND: POST /session/b4821e91125fc57ae8b08a301666550d/element - {"using":"xpath","value":"(//span[contains(@id, \"imgNav\")])[1]"}
COMMAND: GET /session/b4821e91125fc57ae8b08a301666550d/screenshot - {}
RESULT: {"using":"xpath","value":"(//span[contains(@id, \"imgNav\")])[1]"}
COMMAND: POST /session/b4821e91125fc57ae8b08a301666550d/element/f.0C7D383FA3E737A876F1AD61BD78151D.d.55452DF8675EA1118FADB1E903908A34.e.16364/click - {}
RESULT: {}
RESULT: {}
COMMAND: GET /session/b4821e91125fc57ae8b08a301666550d/screenshot - {}
RESULT: {}
RESULT: undefined
COMMAND: POST /session/b4821e91125fc57ae8b08a301666550d/execute/async - {"script":"<script> [776 bytes]","args":[{"enterText":"5/19/25","selector":{"id":"issueDatePicker","viewName":"etm.portal.ui.managehandovers.view.DetailExecuteHO","interaction":{"idSuffix":"inner"}},"clearTextFirst":true,"interactionType":"ENTER_TEXT"}]}
RESULT: {"script":"<script> [776 bytes]","args":[{"enterText":"5/19/25","selector":{"id":"issueDatePicker","viewName":"etm.portal.ui.managehandovers.view.DetailExecuteHO","interaction":{"idSuffix":"inner"}},"clearTextFirst":true,"interactionType":"ENTER_TEXT"}]}
COMMAND: POST /session/b4821e91125fc57ae8b08a301666550d/element - {"using":"xpath","value":"//button[@data-kt=\"PickingTableConfirmAllButton\"]"}
RESULT: {"using":"xpath","value":"//button[@data-kt=\"PickingTableConfirmAllButton\"]"}
COMMAND: POST /session/b4821e91125fc57ae8b08a301666550d/element/f.0C7D383FA3E737A876F1AD61BD78151D.d.55452DF8675EA1118FADB1E903908A34.e.16384/click - {}
RESULT: {}
COMMAND: GET /session/b4821e91125fc57ae8b08a301666550d/screenshot - {}
RESULT: {}
COMMAND: POST /session/b4821e91125fc57ae8b08a301666550d/element - {"using":"xpath","value":"//bdi[contains(text(), \"OK\")]"}
RESULT: {"using":"xpath","value":"//bdi[contains(text(), \"OK\")]"}
COMMAND: POST /session/b4821e91125fc57ae8b08a301666550d/element/f.0C7D383FA3E737A876F1AD61BD78151D.d.55452DF8675EA1118FADB1E903908A34.e.16398/click - {}
RESULT: {}
COMMAND: GET /session/b4821e91125fc57ae8b08a301666550d/screenshot - {}
RESULT: {}
COMMAND: POST /session/b4821e91125fc57ae8b08a301666550d/element - {"using":"xpath","value":"//button[@data-kt=\"execHoIssueButton\"]"}
RESULT: {"using":"xpath","value":"//button[@data-kt=\"execHoIssueButton\"]"}
COMMAND: POST /session/b4821e91125fc57ae8b08a301666550d/element/f.0C7D383FA3E737A876F1AD61BD78151D.d.55452DF8675EA1118FADB1E903908A34.e.16399/click - {}
RESULT: {}
COMMAND: GET /session/b4821e91125fc57ae8b08a301666550d/screenshot - {}
RESULT: {}
COMMAND: POST /session/b4821e91125fc57ae8b08a301666550d/element - {"using":"xpath","value":"//input[contains(@id ,\"smartFilterBar-btnBasicSearch-I\")]"}
RESULT: {"using":"xpath","value":"//input[contains(@id ,\"smartFilterBar-btnBasicSearch-I\")]"}
COMMAND: POST /session/b4821e91125fc57ae8b08a301666550d/elements - {"using":"xpath","value":"//input[contains(@id ,\"smartFilterBar-btnBasicSearch-I\")]"}
RESULT: {"using":"xpath","value":"//input[contains(@id ,\"smartFilterBar-btnBasicSearch-I\")]"}
COMMAND: POST /session/b4821e91125fc57ae8b08a301666550d/execute/sync - {"script":"<script> [8489 bytes]","args":[{"element-6066-11e4-a52e-4f735466cecf":"f.0C7D383FA3E737A876F1AD61BD78151D.d.55452DF8675EA1118FADB1E903908A34.e.15805","ELEMENT":"f.0C7D383FA3E737A876F1AD61BD78151D.d.55452DF8675EA1118FADB1E903908A34.e.15805"}]}
RESULT: {"script":"<script> [8489 bytes]","args":[{"element-6066-11e4-a52e-4f735466cecf":"f.0C7D383FA3E737A876F1AD61BD78151D.d.55452DF8675EA1118FADB1E903908A34.e.15805","ELEMENT":"f.0C7D383FA3E737A876F1AD61BD78151D.d.55452DF8675EA1118FADB1E903908A34.e.15805"}]}
COMMAND: GET /session/b4821e91125fc57ae8b08a301666550d/element/f.0C7D383FA3E737A876F1AD61BD78151D.d.55452DF8675EA1118FADB1E903908A34.e.15805/enabled - {}
COMMAND: GET /session/b4821e91125fc57ae8b08a301666550d/screenshot - {}
RESULT: {}
COMMAND: POST /session/b4821e91125fc57ae8b08a301666550d/element/f.0C7D383FA3E737A876F1AD61BD78151D.d.55452DF8675EA1118FADB1E903908A34.e.15805/clear - {}
COMMAND: GET /session/b4821e91125fc57ae8b08a301666550d/screenshot - {}
RESULT: {}
RESULT: {}
COMMAND: POST /session/b4821e91125fc57ae8b08a301666550d/element/f.0C7D383FA3E737A876F1AD61BD78151D.d.55452DF8675EA1118FADB1E903908A34.e.15805/value - {"text":"30719"}
COMMAND: GET /session/b4821e91125fc57ae8b08a301666550d/screenshot - {}
RESULT: {}
RESULT: {"text":"30719"}
COMMAND: GET /session/b4821e91125fc57ae8b08a301666550d/screenshot - {}
RESULT: {}
RESULT: {}
COMMAND: POST /session/b4821e91125fc57ae8b08a301666550d/actions - {"actions":[{"id":"action52","type":"key","parameters":{},"actions":[{"type":"keyDown","value":"î€‡"},{"type":"pause","duration":10},{"type":"keyUp","value":"î€‡"}]}]}
RESULT: {"actions":[{"id":"action52","type":"key","parameters":{},"actions":[{"type":"keyDown","value":"î€‡"},{"type":"pause","duration":10},{"type":"keyUp","value":"î€‡"}]}]}
COMMAND: GET /session/b4821e91125fc57ae8b08a301666550d/screenshot - {}
RESULT: {}
COMMAND: POST /session/b4821e91125fc57ae8b08a301666550d/element - {"using":"xpath","value":"//span[contains(@id, \"smartTable-header-inner\")]"}
RESULT: {"using":"xpath","value":"//span[contains(@id, \"smartTable-header-inner\")]"}
COMMAND: POST /session/b4821e91125fc57ae8b08a301666550d/elements - {"using":"xpath","value":"//span[contains(@id, \"smartTable-header-inner\")]"}
RESULT: {"using":"xpath","value":"//span[contains(@id, \"smartTable-header-inner\")]"}
COMMAND: POST /session/b4821e91125fc57ae8b08a301666550d/execute/sync - {"script":"<script> [56 bytes]","args":[{"element-6066-11e4-a52e-4f735466cecf":"f.0C7D383FA3E737A876F1AD61BD78151D.d.55452DF8675EA1118FADB1E903908A34.e.16366","ELEMENT":"f.0C7D383FA3E737A876F1AD61BD78151D.d.55452DF8675EA1118FADB1E903908A34.e.16366"}]}
RESULT: {"script":"<script> [56 bytes]","args":[{"element-6066-11e4-a52e-4f735466cecf":"f.0C7D383FA3E737A876F1AD61BD78151D.d.55452DF8675EA1118FADB1E903908A34.e.16366","ELEMENT":"f.0C7D383FA3E737A876F1AD61BD78151D.d.55452DF8675EA1118FADB1E903908A34.e.16366"}]}
COMMAND: POST /session/b4821e91125fc57ae8b08a301666550d/elements - {"using":"xpath","value":"//thead[contains(@class, \"sapMTableTH\")]/tr/th"}
COMMAND: GET /session/b4821e91125fc57ae8b08a301666550d/screenshot - {}
RESULT: {"using":"xpath","value":"//thead[contains(@class, \"sapMTableTH\")]/tr/th"}
COMMAND: GET /session/b4821e91125fc57ae8b08a301666550d/element/f.0C7D383FA3E737A876F1AD61BD78151D.d.55452DF8675EA1118FADB1E903908A34.e.16435/text - {}
RESULT: {}
RESULT: {}
COMMAND: GET /session/b4821e91125fc57ae8b08a301666550d/element/f.0C7D383FA3E737A876F1AD61BD78151D.d.55452DF8675EA1118FADB1E903908A34.e.16436/text - {}
RESULT: {}
COMMAND: GET /session/b4821e91125fc57ae8b08a301666550d/element/f.0C7D383FA3E737A876F1AD61BD78151D.d.55452DF8675EA1118FADB1E903908A34.e.15850/text - {}
RESULT: {}
COMMAND: GET /session/b4821e91125fc57ae8b08a301666550d/element/f.0C7D383FA3E737A876F1AD61BD78151D.d.55452DF8675EA1118FADB1E903908A34.e.15852/text - {}
RESULT: {}
COMMAND: GET /session/b4821e91125fc57ae8b08a301666550d/element/f.0C7D383FA3E737A876F1AD61BD78151D.d.55452DF8675EA1118FADB1E903908A34.e.16404/text - {}
RESULT: {}
COMMAND: GET /session/b4821e91125fc57ae8b08a301666550d/element/f.0C7D383FA3E737A876F1AD61BD78151D.d.55452DF8675EA1118FADB1E903908A34.e.16405/text - {}
RESULT: {}
COMMAND: GET /session/b4821e91125fc57ae8b08a301666550d/element/f.0C7D383FA3E737A876F1AD61BD78151D.d.55452DF8675EA1118FADB1E903908A34.e.16406/text - {}
RESULT: {}
COMMAND: GET /session/b4821e91125fc57ae8b08a301666550d/element/f.0C7D383FA3E737A876F1AD61BD78151D.d.55452DF8675EA1118FADB1E903908A34.e.16407/text - {}
RESULT: {}
COMMAND: GET /session/b4821e91125fc57ae8b08a301666550d/element/f.0C7D383FA3E737A876F1AD61BD78151D.d.55452DF8675EA1118FADB1E903908A34.e.16408/text - {}
RESULT: {}
COMMAND: GET /session/b4821e91125fc57ae8b08a301666550d/element/f.0C7D383FA3E737A876F1AD61BD78151D.d.55452DF8675EA1118FADB1E903908A34.e.16409/text - {}
RESULT: {}
COMMAND: GET /session/b4821e91125fc57ae8b08a301666550d/element/f.0C7D383FA3E737A876F1AD61BD78151D.d.55452DF8675EA1118FADB1E903908A34.e.16410/text - {}
RESULT: {}
COMMAND: GET /session/b4821e91125fc57ae8b08a301666550d/element/f.0C7D383FA3E737A876F1AD61BD78151D.d.55452DF8675EA1118FADB1E903908A34.e.16411/text - {}
RESULT: {}
COMMAND: GET /session/b4821e91125fc57ae8b08a301666550d/element/f.0C7D383FA3E737A876F1AD61BD78151D.d.55452DF8675EA1118FADB1E903908A34.e.16412/text - {}
RESULT: {}
COMMAND: GET /session/b4821e91125fc57ae8b08a301666550d/element/f.0C7D383FA3E737A876F1AD61BD78151D.d.55452DF8675EA1118FADB1E903908A34.e.15853/text - {}
RESULT: {}
COMMAND: POST /session/b4821e91125fc57ae8b08a301666550d/element - {"using":"xpath","value":"//tbody[contains(@id, \"customHandoversTable-tblBody\")]/tr[1]/td[14]/div/span"}
RESULT: {"using":"xpath","value":"//tbody[contains(@id, \"customHandoversTable-tblBody\")]/tr[1]/td[14]/div/span"}
COMMAND: POST /session/b4821e91125fc57ae8b08a301666550d/execute/sync - {"script":"<script> [56 bytes]","args":[{"element-6066-11e4-a52e-4f735466cecf":"f.0C7D383FA3E737A876F1AD61BD78151D.d.55452DF8675EA1118FADB1E903908A34.e.16488","ELEMENT":"f.0C7D383FA3E737A876F1AD61BD78151D.d.55452DF8675EA1118FADB1E903908A34.e.16488"}]}
RESULT: {"script":"<script> [56 bytes]","args":[{"element-6066-11e4-a52e-4f735466cecf":"f.0C7D383FA3E737A876F1AD61BD78151D.d.55452DF8675EA1118FADB1E903908A34.e.16488","ELEMENT":"f.0C7D383FA3E737A876F1AD61BD78151D.d.55452DF8675EA1118FADB1E903908A34.e.16488"}]}
COMMAND: POST /session/b4821e91125fc57ae8b08a301666550d/element - {"using":"xpath","value":"(//span[contains(@id, \"imgNav\")])[1]"}
COMMAND: GET /session/b4821e91125fc57ae8b08a301666550d/screenshot - {}
RESULT: {"using":"xpath","value":"(//span[contains(@id, \"imgNav\")])[1]"}
COMMAND: POST /session/b4821e91125fc57ae8b08a301666550d/element/f.0C7D383FA3E737A876F1AD61BD78151D.d.55452DF8675EA1118FADB1E903908A34.e.16489/click - {}
RESULT: {}
RESULT: {}
COMMAND: GET /session/b4821e91125fc57ae8b08a301666550d/screenshot - {}
RESULT: {}
RESULT: undefined
COMMAND: POST /session/b4821e91125fc57ae8b08a301666550d/execute/async - {"script":"<script> [776 bytes]","args":[{"enterText":"05/19/25","selector":{"id":"receiptDatePicker","viewName":"etm.portal.ui.managehandovers.view.DetailExecuteHO","interaction":{"idSuffix":"inner"}},"clearTextFirst":true,"interactionType":"ENTER_TEXT"}]}
RESULT: {"script":"<script> [776 bytes]","args":[{"enterText":"05/19/25","selector":{"id":"receiptDatePicker","viewName":"etm.portal.ui.managehandovers.view.DetailExecuteHO","interaction":{"idSuffix":"inner"}},"clearTextFirst":true,"interactionType":"ENTER_TEXT"}]}
COMMAND: POST /session/b4821e91125fc57ae8b08a301666550d/element - {"using":"xpath","value":"//bdi[contains(text(), \"OK\")]"}
RESULT: {"using":"xpath","value":"//bdi[contains(text(), \"OK\")]"}
COMMAND: POST /session/b4821e91125fc57ae8b08a301666550d/element/f.0C7D383FA3E737A876F1AD61BD78151D.d.55452DF8675EA1118FADB1E903908A34.e.16523/click - {}
RESULT: {}
COMMAND: GET /session/b4821e91125fc57ae8b08a301666550d/screenshot - {}
RESULT: {}
COMMAND: POST /session/b4821e91125fc57ae8b08a301666550d/element - {"using":"xpath","value":"//button[@data-kt=\"PickingTableConfirmAllButton\"]"}
RESULT: {"using":"xpath","value":"//button[@data-kt=\"PickingTableConfirmAllButton\"]"}
COMMAND: POST /session/b4821e91125fc57ae8b08a301666550d/element/f.0C7D383FA3E737A876F1AD61BD78151D.d.55452DF8675EA1118FADB1E903908A34.e.16509/click - {}
RESULT: {}
COMMAND: GET /session/b4821e91125fc57ae8b08a301666550d/screenshot - {}
RESULT: {}
COMMAND: POST /session/b4821e91125fc57ae8b08a301666550d/element - {"using":"xpath","value":"//bdi[contains(text(), \"OK\")]"}
RESULT: {"using":"xpath","value":"//bdi[contains(text(), \"OK\")]"}
COMMAND: POST /session/b4821e91125fc57ae8b08a301666550d/element/f.0C7D383FA3E737A876F1AD61BD78151D.d.55452DF8675EA1118FADB1E903908A34.e.16532/click - {}
RESULT: {}
COMMAND: GET /session/b4821e91125fc57ae8b08a301666550d/screenshot - {}
RESULT: {}
COMMAND: POST /session/b4821e91125fc57ae8b08a301666550d/element - {"using":"xpath","value":"//button[@data-kt= \"execHoReceiveButton\"]"}
RESULT: {"using":"xpath","value":"//button[@data-kt= \"execHoReceiveButton\"]"}
COMMAND: POST /session/b4821e91125fc57ae8b08a301666550d/element/f.0C7D383FA3E737A876F1AD61BD78151D.d.55452DF8675EA1118FADB1E903908A34.e.16534/click - {}
RESULT: {}
COMMAND: GET /session/b4821e91125fc57ae8b08a301666550d/screenshot - {}
RESULT: {}
COMMAND: POST /session/b4821e91125fc57ae8b08a301666550d/element - {"using":"xpath","value":"//input[contains(@id ,\"smartFilterBar-btnBasicSearch-I\")]"}
RESULT: {"using":"xpath","value":"//input[contains(@id ,\"smartFilterBar-btnBasicSearch-I\")]"}
COMMAND: POST /session/b4821e91125fc57ae8b08a301666550d/elements - {"using":"xpath","value":"//input[contains(@id ,\"smartFilterBar-btnBasicSearch-I\")]"}
RESULT: {"using":"xpath","value":"//input[contains(@id ,\"smartFilterBar-btnBasicSearch-I\")]"}
COMMAND: POST /session/b4821e91125fc57ae8b08a301666550d/execute/sync - {"script":"<script> [8489 bytes]","args":[{"element-6066-11e4-a52e-4f735466cecf":"f.0C7D383FA3E737A876F1AD61BD78151D.d.55452DF8675EA1118FADB1E903908A34.e.15805","ELEMENT":"f.0C7D383FA3E737A876F1AD61BD78151D.d.55452DF8675EA1118FADB1E903908A34.e.15805"}]}
RESULT: {"script":"<script> [8489 bytes]","args":[{"element-6066-11e4-a52e-4f735466cecf":"f.0C7D383FA3E737A876F1AD61BD78151D.d.55452DF8675EA1118FADB1E903908A34.e.15805","ELEMENT":"f.0C7D383FA3E737A876F1AD61BD78151D.d.55452DF8675EA1118FADB1E903908A34.e.15805"}]}
COMMAND: GET /session/b4821e91125fc57ae8b08a301666550d/element/f.0C7D383FA3E737A876F1AD61BD78151D.d.55452DF8675EA1118FADB1E903908A34.e.15805/enabled - {}
COMMAND: GET /session/b4821e91125fc57ae8b08a301666550d/screenshot - {}
RESULT: {}
COMMAND: POST /session/b4821e91125fc57ae8b08a301666550d/element/f.0C7D383FA3E737A876F1AD61BD78151D.d.55452DF8675EA1118FADB1E903908A34.e.15805/clear - {}
COMMAND: GET /session/b4821e91125fc57ae8b08a301666550d/screenshot - {}
RESULT: {}
RESULT: {}
COMMAND: POST /session/b4821e91125fc57ae8b08a301666550d/element/f.0C7D383FA3E737A876F1AD61BD78151D.d.55452DF8675EA1118FADB1E903908A34.e.15805/value - {"text":"30719"}
COMMAND: GET /session/b4821e91125fc57ae8b08a301666550d/screenshot - {}
RESULT: {}
RESULT: {"text":"30719"}
COMMAND: GET /session/b4821e91125fc57ae8b08a301666550d/screenshot - {}
RESULT: {}
RESULT: {}
COMMAND: POST /session/b4821e91125fc57ae8b08a301666550d/actions - {"actions":[{"id":"action53","type":"key","parameters":{},"actions":[{"type":"keyDown","value":"î€‡"},{"type":"pause","duration":10},{"type":"keyUp","value":"î€‡"}]}]}
RESULT: {"actions":[{"id":"action53","type":"key","parameters":{},"actions":[{"type":"keyDown","value":"î€‡"},{"type":"pause","duration":10},{"type":"keyUp","value":"î€‡"}]}]}
COMMAND: GET /session/b4821e91125fc57ae8b08a301666550d/screenshot - {}
RESULT: {}
COMMAND: POST /session/b4821e91125fc57ae8b08a301666550d/element - {"using":"xpath","value":"//span[contains(@id, \"smartTable-header-inner\")]"}
RESULT: {"using":"xpath","value":"//span[contains(@id, \"smartTable-header-inner\")]"}
COMMAND: POST /session/b4821e91125fc57ae8b08a301666550d/elements - {"using":"xpath","value":"//span[contains(@id, \"smartTable-header-inner\")]"}
RESULT: {"using":"xpath","value":"//span[contains(@id, \"smartTable-header-inner\")]"}
COMMAND: POST /session/b4821e91125fc57ae8b08a301666550d/execute/sync - {"script":"<script> [56 bytes]","args":[{"element-6066-11e4-a52e-4f735466cecf":"f.0C7D383FA3E737A876F1AD61BD78151D.d.55452DF8675EA1118FADB1E903908A34.e.16366","ELEMENT":"f.0C7D383FA3E737A876F1AD61BD78151D.d.55452DF8675EA1118FADB1E903908A34.e.16366"}]}
RESULT: {"script":"<script> [56 bytes]","args":[{"element-6066-11e4-a52e-4f735466cecf":"f.0C7D383FA3E737A876F1AD61BD78151D.d.55452DF8675EA1118FADB1E903908A34.e.16366","ELEMENT":"f.0C7D383FA3E737A876F1AD61BD78151D.d.55452DF8675EA1118FADB1E903908A34.e.16366"}]}
COMMAND: POST /session/b4821e91125fc57ae8b08a301666550d/elements - {"using":"xpath","value":"//thead[contains(@class, \"sapMTableTH\")]/tr/th"}
COMMAND: GET /session/b4821e91125fc57ae8b08a301666550d/screenshot - {}
RESULT: {"using":"xpath","value":"//thead[contains(@class, \"sapMTableTH\")]/tr/th"}
COMMAND: GET /session/b4821e91125fc57ae8b08a301666550d/element/f.0C7D383FA3E737A876F1AD61BD78151D.d.55452DF8675EA1118FADB1E903908A34.e.16435/text - {}
RESULT: {}
RESULT: {}
COMMAND: GET /session/b4821e91125fc57ae8b08a301666550d/element/f.0C7D383FA3E737A876F1AD61BD78151D.d.55452DF8675EA1118FADB1E903908A34.e.16436/text - {}
RESULT: {}
COMMAND: GET /session/b4821e91125fc57ae8b08a301666550d/element/f.0C7D383FA3E737A876F1AD61BD78151D.d.55452DF8675EA1118FADB1E903908A34.e.15850/text - {}
RESULT: {}
COMMAND: GET /session/b4821e91125fc57ae8b08a301666550d/element/f.0C7D383FA3E737A876F1AD61BD78151D.d.55452DF8675EA1118FADB1E903908A34.e.15852/text - {}
RESULT: {}
COMMAND: GET /session/b4821e91125fc57ae8b08a301666550d/element/f.0C7D383FA3E737A876F1AD61BD78151D.d.55452DF8675EA1118FADB1E903908A34.e.16539/text - {}
RESULT: {}
COMMAND: GET /session/b4821e91125fc57ae8b08a301666550d/element/f.0C7D383FA3E737A876F1AD61BD78151D.d.55452DF8675EA1118FADB1E903908A34.e.16540/text - {}
RESULT: {}
COMMAND: GET /session/b4821e91125fc57ae8b08a301666550d/element/f.0C7D383FA3E737A876F1AD61BD78151D.d.55452DF8675EA1118FADB1E903908A34.e.16541/text - {}
RESULT: {}
COMMAND: GET /session/b4821e91125fc57ae8b08a301666550d/element/f.0C7D383FA3E737A876F1AD61BD78151D.d.55452DF8675EA1118FADB1E903908A34.e.16542/text - {}
RESULT: {}
COMMAND: GET /session/b4821e91125fc57ae8b08a301666550d/element/f.0C7D383FA3E737A876F1AD61BD78151D.d.55452DF8675EA1118FADB1E903908A34.e.16543/text - {}
RESULT: {}
COMMAND: GET /session/b4821e91125fc57ae8b08a301666550d/element/f.0C7D383FA3E737A876F1AD61BD78151D.d.55452DF8675EA1118FADB1E903908A34.e.16544/text - {}
RESULT: {}
COMMAND: GET /session/b4821e91125fc57ae8b08a301666550d/element/f.0C7D383FA3E737A876F1AD61BD78151D.d.55452DF8675EA1118FADB1E903908A34.e.16545/text - {}
RESULT: {}
COMMAND: GET /session/b4821e91125fc57ae8b08a301666550d/element/f.0C7D383FA3E737A876F1AD61BD78151D.d.55452DF8675EA1118FADB1E903908A34.e.16546/text - {}
RESULT: {}
COMMAND: GET /session/b4821e91125fc57ae8b08a301666550d/element/f.0C7D383FA3E737A876F1AD61BD78151D.d.55452DF8675EA1118FADB1E903908A34.e.16547/text - {}
RESULT: {}
COMMAND: GET /session/b4821e91125fc57ae8b08a301666550d/element/f.0C7D383FA3E737A876F1AD61BD78151D.d.55452DF8675EA1118FADB1E903908A34.e.15853/text - {}
RESULT: {}
COMMAND: POST /session/b4821e91125fc57ae8b08a301666550d/element - {"using":"xpath","value":"//tbody[contains(@id, \"customHandoversTable-tblBody\")]/tr[1]/td[14]/div/span"}
RESULT: {"using":"xpath","value":"//tbody[contains(@id, \"customHandoversTable-tblBody\")]/tr[1]/td[14]/div/span"}
COMMAND: POST /session/b4821e91125fc57ae8b08a301666550d/execute/sync - {"script":"<script> [56 bytes]","args":[{"element-6066-11e4-a52e-4f735466cecf":"f.0C7D383FA3E737A876F1AD61BD78151D.d.55452DF8675EA1118FADB1E903908A34.e.16588","ELEMENT":"f.0C7D383FA3E737A876F1AD61BD78151D.d.55452DF8675EA1118FADB1E903908A34.e.16588"}]}
RESULT: {"script":"<script> [56 bytes]","args":[{"element-6066-11e4-a52e-4f735466cecf":"f.0C7D383FA3E737A876F1AD61BD78151D.d.55452DF8675EA1118FADB1E903908A34.e.16588","ELEMENT":"f.0C7D383FA3E737A876F1AD61BD78151D.d.55452DF8675EA1118FADB1E903908A34.e.16588"}]}
]]></system-out>
    </testcase>
    <testcase classname="chrome.136_0_7103_93.windows.Provide_to_Site_w/o_warehouse_management_w_clarification" name="Should Test for Handover Execution" time="12.521">
      <system-out><![CDATA[
COMMAND: GET /session/b4821e91125fc57ae8b08a301666550d/screenshot - {}
COMMAND: POST /session/b4821e91125fc57ae8b08a301666550d/element - {"using":"xpath","value":"(//span[contains(@id, \"imgNav\")])[1]"}
RESULT: {"using":"xpath","value":"(//span[contains(@id, \"imgNav\")])[1]"}
COMMAND: POST /session/b4821e91125fc57ae8b08a301666550d/element/f.0C7D383FA3E737A876F1AD61BD78151D.d.55452DF8675EA1118FADB1E903908A34.e.16589/click - {}
RESULT: {}
RESULT: {}
COMMAND: GET /session/b4821e91125fc57ae8b08a301666550d/screenshot - {}
RESULT: {}
COMMAND: POST /session/b4821e91125fc57ae8b08a301666550d/element - {"using":"css selector","value":"#shell-header-logo"}
RESULT: {"using":"css selector","value":"#shell-header-logo"}
COMMAND: POST /session/b4821e91125fc57ae8b08a301666550d/element/f.0C7D383FA3E737A876F1AD61BD78151D.d.55452DF8675EA1118FADB1E903908A34.e.15127/click - {}
RESULT: {}
COMMAND: GET /session/b4821e91125fc57ae8b08a301666550d/screenshot - {}
RESULT: {}
]]></system-out>
    </testcase>
    <testcase classname="chrome.136_0_7103_93.windows.Provide_to_Site_w/o_warehouse_management_w_clarification" name="Should test for Clarification" time="0.004">
      <system-out><![CDATA[
COMMAND: POST /session/b4821e91125fc57ae8b08a301666550d/element - {"using":"css selector","value":"#j_username"}
COMMAND: POST /session/b4821e91125fc57ae8b08a301666550d/url - {"url":"https://qa-testing-00-live-etm-ui.cfapps.eu10-004.hana.ondemand.com/"}
RESULT: {"using":"css selector","value":"#j_username"}
COMMAND: POST /session/b4821e91125fc57ae8b08a301666550d/element - {"using":"css selector","value":"#j_username"}
RESULT: {"url":"https://qa-testing-00-live-etm-ui.cfapps.eu10-004.hana.ondemand.com/"}
RESULT: undefined
COMMAND: GET /session/b4821e91125fc57ae8b08a301666550d/screenshot - {}
RESULT: {"using":"css selector","value":"#j_username"}
COMMAND: POST /session/b4821e91125fc57ae8b08a301666550d/element - {"using":"css selector","value":"#shell-header-logo"}
RESULT: {}
RESULT: {"using":"css selector","value":"#shell-header-logo"}
COMMAND: POST /session/b4821e91125fc57ae8b08a301666550d/execute/sync - {"script":"<script> [8489 bytes]","args":[{"element-6066-11e4-a52e-4f735466cecf":"f.0C7D383FA3E737A876F1AD61BD78151D.d.A844ACBE8AA1A19080BDF5D3EA59641E.e.16635","ELEMENT":"f.0C7D383FA3E737A876F1AD61BD78151D.d.A844ACBE8AA1A19080BDF5D3EA59641E.e.16635"}]}
RESULT: {"script":"<script> [8489 bytes]","args":[{"element-6066-11e4-a52e-4f735466cecf":"f.0C7D383FA3E737A876F1AD61BD78151D.d.A844ACBE8AA1A19080BDF5D3EA59641E.e.16635","ELEMENT":"f.0C7D383FA3E737A876F1AD61BD78151D.d.A844ACBE8AA1A19080BDF5D3EA59641E.e.16635"}]}
COMMAND: POST /session/b4821e91125fc57ae8b08a301666550d/element - {"using":"css selector","value":"#shell-header-logo"}
COMMAND: GET /session/b4821e91125fc57ae8b08a301666550d/screenshot - {}
RESULT: {"using":"css selector","value":"#shell-header-logo"}
COMMAND: POST /session/b4821e91125fc57ae8b08a301666550d/execute/sync - {"script":"<script> [8489 bytes]","args":[{"element-6066-11e4-a52e-4f735466cecf":"f.0C7D383FA3E737A876F1AD61BD78151D.d.A844ACBE8AA1A19080BDF5D3EA59641E.e.16635","ELEMENT":"f.0C7D383FA3E737A876F1AD61BD78151D.d.A844ACBE8AA1A19080BDF5D3EA59641E.e.16635"}]}
RESULT: {}
RESULT: {"script":"<script> [8489 bytes]","args":[{"element-6066-11e4-a52e-4f735466cecf":"f.0C7D383FA3E737A876F1AD61BD78151D.d.A844ACBE8AA1A19080BDF5D3EA59641E.e.16635","ELEMENT":"f.0C7D383FA3E737A876F1AD61BD78151D.d.A844ACBE8AA1A19080BDF5D3EA59641E.e.16635"}]}
COMMAND: POST /session/b4821e91125fc57ae8b08a301666550d/execute/sync - {"script":"<script> [5351 bytes]","args":[{"element-6066-11e4-a52e-4f735466cecf":"f.0C7D383FA3E737A876F1AD61BD78151D.d.A844ACBE8AA1A19080BDF5D3EA59641E.e.16635","ELEMENT":"f.0C7D383FA3E737A876F1AD61BD78151D.d.A844ACBE8AA1A19080BDF5D3EA59641E.e.16635"}]}
COMMAND: GET /session/b4821e91125fc57ae8b08a301666550d/screenshot - {}
RESULT: {"script":"<script> [5351 bytes]","args":[{"element-6066-11e4-a52e-4f735466cecf":"f.0C7D383FA3E737A876F1AD61BD78151D.d.A844ACBE8AA1A19080BDF5D3EA59641E.e.16635","ELEMENT":"f.0C7D383FA3E737A876F1AD61BD78151D.d.A844ACBE8AA1A19080BDF5D3EA59641E.e.16635"}]}
COMMAND: POST /session/b4821e91125fc57ae8b08a301666550d/element - {"using":"css selector","value":"#shell-header-logo"}
COMMAND: GET /session/b4821e91125fc57ae8b08a301666550d/screenshot - {}
RESULT: {}
RESULT: {"using":"css selector","value":"#shell-header-logo"}
COMMAND: POST /session/b4821e91125fc57ae8b08a301666550d/element/f.0C7D383FA3E737A876F1AD61BD78151D.d.A844ACBE8AA1A19080BDF5D3EA59641E.e.16635/click - {}
RESULT: {}
RESULT: {}
COMMAND: GET /session/b4821e91125fc57ae8b08a301666550d/screenshot - {}
RESULT: {}
COMMAND: POST /session/b4821e91125fc57ae8b08a301666550d/execute/async - {"script":"<script> [189 bytes]","args":[]}
RESULT: {"script":"<script> [189 bytes]","args":[]}
COMMAND: POST /session/b4821e91125fc57ae8b08a301666550d/execute/async - {"script":"<script> [123 bytes]","args":[]}
RESULT: {"script":"<script> [123 bytes]","args":[]}
COMMAND: POST /session/b4821e91125fc57ae8b08a301666550d/timeouts - {"script":"<number>"}
RESULT: {"script":"<number>"}
COMMAND: GET /session/b4821e91125fc57ae8b08a301666550d/timeouts - {}
RESULT: {}
RESULT: undefined
COMMAND: POST /session/b4821e91125fc57ae8b08a301666550d/execute/async - {"script":"<script> [2676 bytes]","args":[]}
RESULT: {"script":"<script> [2676 bytes]","args":[]}
COMMAND: POST /session/b4821e91125fc57ae8b08a301666550d/execute/async - {"script":"<script> [2342 bytes]","args":[{"protocol":"http","hostname":"0.0.0.0","path":"/","capabilities":{"browserName":"chrome","goog:chromeOptions":{"binary":"C:\\Program Files\\Google\\Chrome\\Application\\chrome.exe","args":["--start-maximized"]}},"logLevel":"warn","connectionRetryTimeout":120000,"connectionRetryCount":3,"logLevels":{},"enableDirectConnect":true,"strictSSL":true,"_":"65 more keys: [\"cacheDir\",\"port\",\"requestedCapabilities\",\"automationProtocol\",\"baseUrl\",\"waitforInterval\",\"waitforTimeout\",\"onReload\",\"beforeCommand\",\"afterCommand\",\"rootDir\",\"specs\",\"suites\",\"exclude\",\"groupLogsByTestSpec\",\"excludeDriverLogs\",\"bail\",\"framework\",\"reporters\",\"services\",\"maxInstances\",\"maxInstancesPerCapability\",\"injectGlobals\",\"filesToWatch\",\"execArgv\",\"runnerEnv\",\"runner\",\"shard\",\"specFileRetries\",\"specFileRetriesDelay\",\"specFileRetriesDeferred\",\"reporterSyncInterval\",\"reporterSyncTimeout\",\"cucumberFeaturesWithLineNumbers\",\"autoCompileOpts\",\"mochaOpts\",\"jasmineOpts\",\"cucumberOpts\",\"onPrepare\",\"onWorkerStart\",\"onWorkerEnd\",\"before\",\"beforeSession\",\"beforeSuite\",\"beforeHook\",\"beforeTest\",\"afterTest\",\"afterHook\",\"afterSuite\",\"afterSession\",\"after\",\"onComplete\",\"beforeAssertion\",\"afterAssertion\",\"beforeFeature\",\"beforeScenario\",\"beforeStep\",\"afterStep\",\"afterScenario\",\"afterFeature\",\"_\",\"suite\",\"$0\",\"ignoredWorkerServices\",\"wdi5\"]"}]}
RESULT: {"script":"<script> [2342 bytes]","args":[{"protocol":"http","hostname":"0.0.0.0","path":"/","capabilities":{"browserName":"chrome","goog:chromeOptions":{"binary":"C:\\Program Files\\Google\\Chrome\\Application\\chrome.exe","args":["--start-maximized"]}},"logLevel":"warn","connectionRetryTimeout":120000,"connectionRetryCount":3,"logLevels":{},"enableDirectConnect":true,"strictSSL":true,"_":"65 more keys: [\"cacheDir\",\"port\",\"requestedCapabilities\",\"automationProtocol\",\"baseUrl\",\"waitforInterval\",\"waitforTimeout\",\"onReload\",\"beforeCommand\",\"afterCommand\",\"rootDir\",\"specs\",\"suites\",\"exclude\",\"groupLogsByTestSpec\",\"excludeDriverLogs\",\"bail\",\"framework\",\"reporters\",\"services\",\"maxInstances\",\"maxInstancesPerCapability\",\"injectGlobals\",\"filesToWatch\",\"execArgv\",\"runnerEnv\",\"runner\",\"shard\",\"specFileRetries\",\"specFileRetriesDelay\",\"specFileRetriesDeferred\",\"reporterSyncInterval\",\"reporterSyncTimeout\",\"cucumberFeaturesWithLineNumbers\",\"autoCompileOpts\",\"mochaOpts\",\"jasmineOpts\",\"cucumberOpts\",\"onPrepare\",\"onWorkerStart\",\"onWorkerEnd\",\"before\",\"beforeSession\",\"beforeSuite\",\"beforeHook\",\"beforeTest\",\"afterTest\",\"afterHook\",\"afterSuite\",\"afterSession\",\"after\",\"onComplete\",\"beforeAssertion\",\"afterAssertion\",\"beforeFeature\",\"beforeScenario\",\"beforeStep\",\"afterStep\",\"afterScenario\",\"afterFeature\",\"_\",\"suite\",\"$0\",\"ignoredWorkerServices\",\"wdi5\"]"}]}
COMMAND: POST /session/b4821e91125fc57ae8b08a301666550d/execute/async - {"script":"<script> [21126 bytes]","args":[35000]}
RESULT: {"script":"<script> [21126 bytes]","args":[35000]}
COMMAND: POST /session/b4821e91125fc57ae8b08a301666550d/window/maximize - {}
RESULT: {}
COMMAND: POST /session/b4821e91125fc57ae8b08a301666550d/execute/async - {"script":"<script> [1562 bytes]","args":[{"selector":{"id":"shell-header","interaction":{"idSuffix":"icon"}},"wdio_ui5_key":"shellheader"}]}
COMMAND: GET /session/b4821e91125fc57ae8b08a301666550d/screenshot - {}
RESULT: {"script":"<script> [1562 bytes]","args":[{"selector":{"id":"shell-header","interaction":{"idSuffix":"icon"}},"wdio_ui5_key":"shellheader"}]}
RESULT: undefined
COMMAND: POST /session/b4821e91125fc57ae8b08a301666550d/window/fullscreen - {}
RESULT: {}
RESULT: {}
]]></system-out>
    </testcase>
  </testsuite>
  <testsuite timestamp="2025-05-19T06:22:44" time="130.817" tests="4" failures="0" errors="0" skipped="0">
    <properties>
      <property name="specId" value="0" />
      <property name="suiteName" value="Provide to Site w/o warehouse management w/o clarification US116612" />
      <property name="capabilities" value="chrome.136_0_7103_93.windows" />
      <property name="file" value="file:///D:/a/1/s/test/specs/HTR/provide-to-site-wo-warehouse-wo-clarification.spec.js" />
    </properties>
    <testcase classname="chrome.136_0_7103_93.windows.Provide_to_Site_w/o_warehouse_management_w/o_clarification_US116612" name="Should create a new yard" time="0.012">
      <system-out><![CDATA[
COMMAND: POST /session/b4821e91125fc57ae8b08a301666550d/window/fullscreen - {}
RESULT: {}
]]></system-out>
    </testcase>
    <testcase classname="chrome.136_0_7103_93.windows.Provide_to_Site_w/o_warehouse_management_w/o_clarification_US116612" name="Should create a new external partner" time="0.005" />
    <testcase classname="chrome.136_0_7103_93.windows.Provide_to_Site_w/o_warehouse_management_w/o_clarification_US116612" name="Should create a new site" time="0.003" />
    <testcase classname="chrome.136_0_7103_93.windows.Provide_to_Site_w/o_warehouse_management_w/o_clarification_US116612" name="Should create a new material" time="118.081">
      <system-out><![CDATA[
COMMAND: POST /session/b4821e91125fc57ae8b08a301666550d/execute/async - {"script":"<script> [1562 bytes]","args":[{"selector":{"controlType":"sap.m.GenericTile","properties":{"header":"Manage Resources"}},"wdio_ui5_key":"sapm.GenericTile{\"header\":\"Manage Resources\"}"}]}
RESULT: {"script":"<script> [1562 bytes]","args":[{"selector":{"controlType":"sap.m.GenericTile","properties":{"header":"Manage Resources"}},"wdio_ui5_key":"sapm.GenericTile{\"header\":\"Manage Resources\"}"}]}
RESULT: undefined
COMMAND: POST /session/b4821e91125fc57ae8b08a301666550d/element - {"using":"xpath","value":"//*[@id=\"__tile31\"]"}
RESULT: {"using":"xpath","value":"//*[@id=\"__tile31\"]"}
COMMAND: POST /session/b4821e91125fc57ae8b08a301666550d/element/f.0C7D383FA3E737A876F1AD61BD78151D.d.A844ACBE8AA1A19080BDF5D3EA59641E.e.16656/click - {}
RESULT: {}
COMMAND: GET /session/b4821e91125fc57ae8b08a301666550d/screenshot - {}
RESULT: {}
COMMAND: POST /session/b4821e91125fc57ae8b08a301666550d/elements - {"using":"xpath","value":"//span[text()='Error']"}
RESULT: {"using":"xpath","value":"//span[text()='Error']"}
COMMAND: POST /session/b4821e91125fc57ae8b08a301666550d/element - {"using":"xpath","value":"//button[@data-kt=\"addNewRUOverflowToolbarButton\"]"}
RESULT: {"using":"xpath","value":"//button[@data-kt=\"addNewRUOverflowToolbarButton\"]"}
COMMAND: POST /session/b4821e91125fc57ae8b08a301666550d/elements - {"using":"xpath","value":"//button[@data-kt=\"addNewRUOverflowToolbarButton\"]"}
RESULT: {"using":"xpath","value":"//button[@data-kt=\"addNewRUOverflowToolbarButton\"]"}
COMMAND: POST /session/b4821e91125fc57ae8b08a301666550d/elements - {"using":"xpath","value":"//button[@data-kt=\"addNewRUOverflowToolbarButton\"]"}
RESULT: {"using":"xpath","value":"//button[@data-kt=\"addNewRUOverflowToolbarButton\"]"}
COMMAND: POST /session/b4821e91125fc57ae8b08a301666550d/elements - {"using":"xpath","value":"//button[@data-kt=\"addNewRUOverflowToolbarButton\"]"}
RESULT: {"using":"xpath","value":"//button[@data-kt=\"addNewRUOverflowToolbarButton\"]"}
COMMAND: POST /session/b4821e91125fc57ae8b08a301666550d/element - {"using":"xpath","value":"//button[@data-kt=\"addNewRUOverflowToolbarButton\"]"}
RESULT: {"using":"xpath","value":"//button[@data-kt=\"addNewRUOverflowToolbarButton\"]"}
COMMAND: POST /session/b4821e91125fc57ae8b08a301666550d/execute/sync - {"script":"<script> [8489 bytes]","args":[{"element-6066-11e4-a52e-4f735466cecf":"f.0C7D383FA3E737A876F1AD61BD78151D.d.A844ACBE8AA1A19080BDF5D3EA59641E.e.16784","ELEMENT":"f.0C7D383FA3E737A876F1AD61BD78151D.d.A844ACBE8AA1A19080BDF5D3EA59641E.e.16784"}]}
RESULT: {"script":"<script> [8489 bytes]","args":[{"element-6066-11e4-a52e-4f735466cecf":"f.0C7D383FA3E737A876F1AD61BD78151D.d.A844ACBE8AA1A19080BDF5D3EA59641E.e.16784","ELEMENT":"f.0C7D383FA3E737A876F1AD61BD78151D.d.A844ACBE8AA1A19080BDF5D3EA59641E.e.16784"}]}
COMMAND: GET /session/b4821e91125fc57ae8b08a301666550d/element/f.0C7D383FA3E737A876F1AD61BD78151D.d.A844ACBE8AA1A19080BDF5D3EA59641E.e.16784/enabled - {}
COMMAND: GET /session/b4821e91125fc57ae8b08a301666550d/screenshot - {}
RESULT: {}
COMMAND: POST /session/b4821e91125fc57ae8b08a301666550d/execute/sync - {"script":"<script> [8489 bytes]","args":[{"element-6066-11e4-a52e-4f735466cecf":"f.0C7D383FA3E737A876F1AD61BD78151D.d.A844ACBE8AA1A19080BDF5D3EA59641E.e.16784","ELEMENT":"f.0C7D383FA3E737A876F1AD61BD78151D.d.A844ACBE8AA1A19080BDF5D3EA59641E.e.16784"}]}
COMMAND: GET /session/b4821e91125fc57ae8b08a301666550d/screenshot - {}
RESULT: {}
RESULT: {}
RESULT: {"script":"<script> [8489 bytes]","args":[{"element-6066-11e4-a52e-4f735466cecf":"f.0C7D383FA3E737A876F1AD61BD78151D.d.A844ACBE8AA1A19080BDF5D3EA59641E.e.16784","ELEMENT":"f.0C7D383FA3E737A876F1AD61BD78151D.d.A844ACBE8AA1A19080BDF5D3EA59641E.e.16784"}]}
COMMAND: POST /session/b4821e91125fc57ae8b08a301666550d/execute/sync - {"script":"<script> [5351 bytes]","args":[{"element-6066-11e4-a52e-4f735466cecf":"f.0C7D383FA3E737A876F1AD61BD78151D.d.A844ACBE8AA1A19080BDF5D3EA59641E.e.16784","ELEMENT":"f.0C7D383FA3E737A876F1AD61BD78151D.d.A844ACBE8AA1A19080BDF5D3EA59641E.e.16784"}]}
COMMAND: GET /session/b4821e91125fc57ae8b08a301666550d/screenshot - {}
RESULT: {"script":"<script> [5351 bytes]","args":[{"element-6066-11e4-a52e-4f735466cecf":"f.0C7D383FA3E737A876F1AD61BD78151D.d.A844ACBE8AA1A19080BDF5D3EA59641E.e.16784","ELEMENT":"f.0C7D383FA3E737A876F1AD61BD78151D.d.A844ACBE8AA1A19080BDF5D3EA59641E.e.16784"}]}
COMMAND: POST /session/b4821e91125fc57ae8b08a301666550d/element/f.0C7D383FA3E737A876F1AD61BD78151D.d.A844ACBE8AA1A19080BDF5D3EA59641E.e.16784/click - {}
COMMAND: GET /session/b4821e91125fc57ae8b08a301666550d/screenshot - {}
RESULT: {}
RESULT: {}
COMMAND: GET /session/b4821e91125fc57ae8b08a301666550d/screenshot - {}
RESULT: {}
RESULT: {}
COMMAND: POST /session/b4821e91125fc57ae8b08a301666550d/execute/async - {"script":"<script> [1562 bytes]","args":[{"selector":{"id":"application-manageresources-display-component---newResourceUnit--TYPE-arrow"},"wdio_ui5_key":"applicationmanageresources-display-component---newResourceUnit--TYPE-arrow"}]}
RESULT: {"script":"<script> [1562 bytes]","args":[{"selector":{"id":"application-manageresources-display-component---newResourceUnit--TYPE-arrow"},"wdio_ui5_key":"applicationmanageresources-display-component---newResourceUnit--TYPE-arrow"}]}
RESULT: undefined
COMMAND: POST /session/b4821e91125fc57ae8b08a301666550d/element - {"using":"xpath","value":"//*[@id=\"application-manageresources-display-component---newResourceUnit--TYPE-arrow\"]"}
RESULT: {"using":"xpath","value":"//*[@id=\"application-manageresources-display-component---newResourceUnit--TYPE-arrow\"]"}
COMMAND: POST /session/b4821e91125fc57ae8b08a301666550d/element/f.0C7D383FA3E737A876F1AD61BD78151D.d.A844ACBE8AA1A19080BDF5D3EA59641E.e.17150/click - {}
RESULT: {}
COMMAND: POST /session/b4821e91125fc57ae8b08a301666550d/element - {"using":"xpath","value":"//input[@id=\"application-manageresources-display-component---newResourceUnit--TYPE-inner\"]"}
COMMAND: GET /session/b4821e91125fc57ae8b08a301666550d/screenshot - {}
RESULT: {"using":"xpath","value":"//input[@id=\"application-manageresources-display-component---newResourceUnit--TYPE-inner\"]"}
COMMAND: POST /session/b4821e91125fc57ae8b08a301666550d/element/f.0C7D383FA3E737A876F1AD61BD78151D.d.A844ACBE8AA1A19080BDF5D3EA59641E.e.17132/clear - {}
RESULT: {}
RESULT: {}
COMMAND: POST /session/b4821e91125fc57ae8b08a301666550d/element/f.0C7D383FA3E737A876F1AD61BD78151D.d.A844ACBE8AA1A19080BDF5D3EA59641E.e.17132/value - {"text":"Material"}
COMMAND: GET /session/b4821e91125fc57ae8b08a301666550d/screenshot - {}
RESULT: {"text":"Material"}
COMMAND: GET /session/b4821e91125fc57ae8b08a301666550d/screenshot - {}
RESULT: {}
RESULT: {}
COMMAND: POST /session/b4821e91125fc57ae8b08a301666550d/actions - {"actions":[{"id":"action54","type":"key","parameters":{},"actions":[{"type":"keyDown","value":"î€‡"},{"type":"pause","duration":10},{"type":"keyUp","value":"î€‡"}]}]}
RESULT: {"actions":[{"id":"action54","type":"key","parameters":{},"actions":[{"type":"keyDown","value":"î€‡"},{"type":"pause","duration":10},{"type":"keyUp","value":"î€‡"}]}]}
COMMAND: POST /session/b4821e91125fc57ae8b08a301666550d/execute/async - {"script":"<script> [1562 bytes]","args":[{"selector":{"id":"application-manageresources-display-component---newResourceUnit--SHORT_TEXT","interaction":{"idSuffix":"inner"}},"wdio_ui5_key":"applicationmanageresources-display-component---newResourceUnit--SHORT_TEXT"}]}
COMMAND: GET /session/b4821e91125fc57ae8b08a301666550d/screenshot - {}
RESULT: {"script":"<script> [1562 bytes]","args":[{"selector":{"id":"application-manageresources-display-component---newResourceUnit--SHORT_TEXT","interaction":{"idSuffix":"inner"}},"wdio_ui5_key":"applicationmanageresources-display-component---newResourceUnit--SHORT_TEXT"}]}
RESULT: undefined
COMMAND: POST /session/b4821e91125fc57ae8b08a301666550d/execute/async - {"script":"<script> [776 bytes]","args":[{"enterText":"Cement WDIO","selector":{"id":"application-manageresources-display-component---newResourceUnit--SHORT_TEXT","interaction":{"idSuffix":"inner"}},"clearTextFirst":true,"interactionType":"ENTER_TEXT"}]}
RESULT: {}
RESULT: {"script":"<script> [776 bytes]","args":[{"enterText":"Cement WDIO","selector":{"id":"application-manageresources-display-component---newResourceUnit--SHORT_TEXT","interaction":{"idSuffix":"inner"}},"clearTextFirst":true,"interactionType":"ENTER_TEXT"}]}
COMMAND: POST /session/b4821e91125fc57ae8b08a301666550d/execute/async - {"script":"<script> [1562 bytes]","args":[{"selector":{"id":"application-manageresources-display-component---newResourceUnit--BASE_UNIT_OF_MEASURE","interaction":{"idSuffix":"inner"}},"wdio_ui5_key":"applicationmanageresources-display-component---newResourceUnit--BASE_UNIT_OF_MEASURE"}]}
RESULT: {"script":"<script> [1562 bytes]","args":[{"selector":{"id":"application-manageresources-display-component---newResourceUnit--BASE_UNIT_OF_MEASURE","interaction":{"idSuffix":"inner"}},"wdio_ui5_key":"applicationmanageresources-display-component---newResourceUnit--BASE_UNIT_OF_MEASURE"}]}
RESULT: undefined
COMMAND: POST /session/b4821e91125fc57ae8b08a301666550d/execute/async - {"script":"<script> [776 bytes]","args":[{"enterText":"Piece","selector":{"id":"application-manageresources-display-component---newResourceUnit--BASE_UNIT_OF_MEASURE","interaction":{"idSuffix":"inner"}},"clearTextFirst":true,"interactionType":"ENTER_TEXT"}]}
RESULT: {"script":"<script> [776 bytes]","args":[{"enterText":"Piece","selector":{"id":"application-manageresources-display-component---newResourceUnit--BASE_UNIT_OF_MEASURE","interaction":{"idSuffix":"inner"}},"clearTextFirst":true,"interactionType":"ENTER_TEXT"}]}
COMMAND: POST /session/b4821e91125fc57ae8b08a301666550d/execute/async - {"script":"<script> [1562 bytes]","args":[{"selector":{"id":"application-manageresources-display-component---newResourceUnit--WEIGHT_UNIT","interaction":{"idSuffix":"inner"}},"wdio_ui5_key":"applicationmanageresources-display-component---newResourceUnit--WEIGHT_UNIT"}]}
RESULT: {"script":"<script> [1562 bytes]","args":[{"selector":{"id":"application-manageresources-display-component---newResourceUnit--WEIGHT_UNIT","interaction":{"idSuffix":"inner"}},"wdio_ui5_key":"applicationmanageresources-display-component---newResourceUnit--WEIGHT_UNIT"}]}
RESULT: undefined
COMMAND: POST /session/b4821e91125fc57ae8b08a301666550d/execute/async - {"script":"<script> [776 bytes]","args":[{"enterText":"Gram","selector":{"id":"application-manageresources-display-component---newResourceUnit--WEIGHT_UNIT","interaction":{"idSuffix":"inner"}},"clearTextFirst":true,"interactionType":"ENTER_TEXT"}]}
RESULT: {"script":"<script> [776 bytes]","args":[{"enterText":"Gram","selector":{"id":"application-manageresources-display-component---newResourceUnit--WEIGHT_UNIT","interaction":{"idSuffix":"inner"}},"clearTextFirst":true,"interactionType":"ENTER_TEXT"}]}
COMMAND: POST /session/b4821e91125fc57ae8b08a301666550d/execute/async - {"script":"<script> [1562 bytes]","args":[{"selector":{"id":"application-manageresources-display-component---newResourceUnit--DIMENSION_UNIT","interaction":{"idSuffix":"inner"}},"wdio_ui5_key":"applicationmanageresources-display-component---newResourceUnit--DIMENSION_UNIT"}]}
RESULT: {"script":"<script> [1562 bytes]","args":[{"selector":{"id":"application-manageresources-display-component---newResourceUnit--DIMENSION_UNIT","interaction":{"idSuffix":"inner"}},"wdio_ui5_key":"applicationmanageresources-display-component---newResourceUnit--DIMENSION_UNIT"}]}
RESULT: undefined
COMMAND: POST /session/b4821e91125fc57ae8b08a301666550d/execute/async - {"script":"<script> [776 bytes]","args":[{"enterText":"Meter","selector":{"id":"application-manageresources-display-component---newResourceUnit--DIMENSION_UNIT","interaction":{"idSuffix":"inner"}},"clearTextFirst":true,"interactionType":"ENTER_TEXT"}]}
RESULT: {"script":"<script> [776 bytes]","args":[{"enterText":"Meter","selector":{"id":"application-manageresources-display-component---newResourceUnit--DIMENSION_UNIT","interaction":{"idSuffix":"inner"}},"clearTextFirst":true,"interactionType":"ENTER_TEXT"}]}
COMMAND: POST /session/b4821e91125fc57ae8b08a301666550d/execute/async - {"script":"<script> [1562 bytes]","args":[{"selector":{"id":"application-manageresources-display-component---newResourceUnit--newRRUPage-anchBar-application-manageresources-display-component---newResourceUnit--control-anchor","interaction":{"idSuffix":"BDI-content"}},"wdio_ui5_key":"applicationmanageresources-display-component---newResourceUnit--newRRUPage-anchBar-application-manageresources-display-component---newResourceUnit--control-anchor"}]}
RESULT: {"script":"<script> [1562 bytes]","args":[{"selector":{"id":"application-manageresources-display-component---newResourceUnit--newRRUPage-anchBar-application-manageresources-display-component---newResourceUnit--control-anchor","interaction":{"idSuffix":"BDI-content"}},"wdio_ui5_key":"applicationmanageresources-display-component---newResourceUnit--newRRUPage-anchBar-application-manageresources-display-component---newResourceUnit--control-anchor"}]}
RESULT: undefined
COMMAND: POST /session/b4821e91125fc57ae8b08a301666550d/element - {"using":"xpath","value":"//*[@id=\"application-manageresources-display-component---newResourceUnit--newRRUPage-anchBar-application-manageresources-display-component---newResourceUnit--control-anchor\"]"}
RESULT: {"using":"xpath","value":"//*[@id=\"application-manageresources-display-component---newResourceUnit--newRRUPage-anchBar-application-manageresources-display-component---newResourceUnit--control-anchor\"]"}
COMMAND: POST /session/b4821e91125fc57ae8b08a301666550d/element/f.0C7D383FA3E737A876F1AD61BD78151D.d.A844ACBE8AA1A19080BDF5D3EA59641E.e.17216/click - {}
RESULT: {}
COMMAND: POST /session/b4821e91125fc57ae8b08a301666550d/execute/async - {"script":"<script> [1562 bytes]","args":[{"selector":{"id":"application-manageresources-display-component---newResourceUnit--PLANNING_GROUP","interaction":{"idSuffix":"inner"}},"wdio_ui5_key":"applicationmanageresources-display-component---newResourceUnit--PLANNING_GROUP"}]}
COMMAND: GET /session/b4821e91125fc57ae8b08a301666550d/screenshot - {}
RESULT: {"script":"<script> [1562 bytes]","args":[{"selector":{"id":"application-manageresources-display-component---newResourceUnit--PLANNING_GROUP","interaction":{"idSuffix":"inner"}},"wdio_ui5_key":"applicationmanageresources-display-component---newResourceUnit--PLANNING_GROUP"}]}
RESULT: undefined
COMMAND: POST /session/b4821e91125fc57ae8b08a301666550d/execute/async - {"script":"<script> [776 bytes]","args":[{"enterText":"Material","selector":{"id":"application-manageresources-display-component---newResourceUnit--PLANNING_GROUP","interaction":{"idSuffix":"inner"}},"clearTextFirst":true,"interactionType":"ENTER_TEXT"}]}
RESULT: {}
RESULT: {"script":"<script> [776 bytes]","args":[{"enterText":"Material","selector":{"id":"application-manageresources-display-component---newResourceUnit--PLANNING_GROUP","interaction":{"idSuffix":"inner"}},"clearTextFirst":true,"interactionType":"ENTER_TEXT"}]}
COMMAND: POST /session/b4821e91125fc57ae8b08a301666550d/execute/async - {"script":"<script> [1562 bytes]","args":[{"selector":{"id":"application-manageresources-display-component---newResourceUnit--PLANNING_INDICATOR","interaction":{"idSuffix":"inner"}},"wdio_ui5_key":"applicationmanageresources-display-component---newResourceUnit--PLANNING_INDICATOR"}]}
RESULT: {"script":"<script> [1562 bytes]","args":[{"selector":{"id":"application-manageresources-display-component---newResourceUnit--PLANNING_INDICATOR","interaction":{"idSuffix":"inner"}},"wdio_ui5_key":"applicationmanageresources-display-component---newResourceUnit--PLANNING_INDICATOR"}]}
RESULT: undefined
COMMAND: POST /session/b4821e91125fc57ae8b08a301666550d/execute/async - {"script":"<script> [776 bytes]","args":[{"enterText":"10 - infinite","selector":{"id":"application-manageresources-display-component---newResourceUnit--PLANNING_INDICATOR","interaction":{"idSuffix":"inner"}},"clearTextFirst":true,"interactionType":"ENTER_TEXT"}]}
RESULT: {"script":"<script> [776 bytes]","args":[{"enterText":"10 - infinite","selector":{"id":"application-manageresources-display-component---newResourceUnit--PLANNING_INDICATOR","interaction":{"idSuffix":"inner"}},"clearTextFirst":true,"interactionType":"ENTER_TEXT"}]}
COMMAND: POST /session/b4821e91125fc57ae8b08a301666550d/element - {"using":"css selector","value":"#application-manageresources-display-component---newResourceUnit--btnAddTimeSegment"}
RESULT: {"using":"css selector","value":"#application-manageresources-display-component---newResourceUnit--btnAddTimeSegment"}
COMMAND: GET /session/b4821e91125fc57ae8b08a301666550d/element/f.0C7D383FA3E737A876F1AD61BD78151D.d.A844ACBE8AA1A19080BDF5D3EA59641E.e.17226/rect - {}
RESULT: {}
COMMAND: GET /session/b4821e91125fc57ae8b08a301666550d/window/rect - {}
RESULT: {}
COMMAND: POST /session/b4821e91125fc57ae8b08a301666550d/execute/sync - {"script":"<script> [92 bytes]","args":[]}
RESULT: {"script":"<script> [92 bytes]","args":[]}
COMMAND: POST /session/b4821e91125fc57ae8b08a301666550d/actions - {"actions":[{"id":"action55","type":"wheel","parameters":{},"actions":[{"type":"scroll","x":-1888,"y":-32,"deltaX":0,"deltaY":0,"duration":0,"origin":{"element-6066-11e4-a52e-4f735466cecf":"f.0C7D383FA3E737A876F1AD61BD78151D.d.A844ACBE8AA1A19080BDF5D3EA59641E.e.17226"}}]}]}
COMMAND: GET /session/b4821e91125fc57ae8b08a301666550d/screenshot - {}
RESULT: {}
COMMAND: POST /session/b4821e91125fc57ae8b08a301666550d/execute/sync - {"script":"<script> [79 bytes]","args":[{"element-6066-11e4-a52e-4f735466cecf":"f.0C7D383FA3E737A876F1AD61BD78151D.d.A844ACBE8AA1A19080BDF5D3EA59641E.e.17226","ELEMENT":"f.0C7D383FA3E737A876F1AD61BD78151D.d.A844ACBE8AA1A19080BDF5D3EA59641E.e.17226"},{"block":"start","inline":"nearest"}]}
RESULT: {"script":"<script> [79 bytes]","args":[{"element-6066-11e4-a52e-4f735466cecf":"f.0C7D383FA3E737A876F1AD61BD78151D.d.A844ACBE8AA1A19080BDF5D3EA59641E.e.17226","ELEMENT":"f.0C7D383FA3E737A876F1AD61BD78151D.d.A844ACBE8AA1A19080BDF5D3EA59641E.e.17226"},{"block":"start","inline":"nearest"}]}
COMMAND: POST /session/b4821e91125fc57ae8b08a301666550d/execute/async - {"script":"<script> [1562 bytes]","args":[{"selector":{"id":"application-manageresources-display-component---newResourceUnit--btnAddTimeSegment","interaction":{"idSuffix":"inner"}},"wdio_ui5_key":"applicationmanageresources-display-component---newResourceUnit--btnAddTimeSegment"}]}
COMMAND: GET /session/b4821e91125fc57ae8b08a301666550d/screenshot - {}
RESULT: {"script":"<script> [1562 bytes]","args":[{"selector":{"id":"application-manageresources-display-component---newResourceUnit--btnAddTimeSegment","interaction":{"idSuffix":"inner"}},"wdio_ui5_key":"applicationmanageresources-display-component---newResourceUnit--btnAddTimeSegment"}]}
RESULT: undefined
COMMAND: POST /session/b4821e91125fc57ae8b08a301666550d/element - {"using":"xpath","value":"//*[@id=\"application-manageresources-display-component---newResourceUnit--btnAddTimeSegment\"]"}
RESULT: {}
RESULT: {"using":"xpath","value":"//*[@id=\"application-manageresources-display-component---newResourceUnit--btnAddTimeSegment\"]"}
COMMAND: POST /session/b4821e91125fc57ae8b08a301666550d/element/f.0C7D383FA3E737A876F1AD61BD78151D.d.A844ACBE8AA1A19080BDF5D3EA59641E.e.17226/click - {}
RESULT: {}
COMMAND: GET /session/b4821e91125fc57ae8b08a301666550d/screenshot - {}
RESULT: {}
COMMAND: POST /session/b4821e91125fc57ae8b08a301666550d/element - {"using":"xpath","value":"//input[@id=\"application-manageresources-display-component---newResourceUnit--idRuTSAdmin-application-manageresources-display-component---newResourceUnit--RUTimeSegment-0-inner\"]"}
RESULT: {"using":"xpath","value":"//input[@id=\"application-manageresources-display-component---newResourceUnit--idRuTSAdmin-application-manageresources-display-component---newResourceUnit--RUTimeSegment-0-inner\"]"}
COMMAND: POST /session/b4821e91125fc57ae8b08a301666550d/element/f.0C7D383FA3E737A876F1AD61BD78151D.d.A844ACBE8AA1A19080BDF5D3EA59641E.e.17231/clear - {}
RESULT: {}
COMMAND: POST /session/b4821e91125fc57ae8b08a301666550d/element/f.0C7D383FA3E737A876F1AD61BD78151D.d.A844ACBE8AA1A19080BDF5D3EA59641E.e.17231/value - {"text":"542"}
COMMAND: GET /session/b4821e91125fc57ae8b08a301666550d/screenshot - {}
RESULT: {"text":"542"}
COMMAND: GET /session/b4821e91125fc57ae8b08a301666550d/screenshot - {}
RESULT: {}
RESULT: {}
COMMAND: POST /session/b4821e91125fc57ae8b08a301666550d/element - {"using":"xpath","value":"//li[.//span[text()='542']]"}
RESULT: {"using":"xpath","value":"//li[.//span[text()='542']]"}
COMMAND: POST /session/b4821e91125fc57ae8b08a301666550d/element/f.0C7D383FA3E737A876F1AD61BD78151D.d.A844ACBE8AA1A19080BDF5D3EA59641E.e.17240/click - {}
RESULT: {}
COMMAND: GET /session/b4821e91125fc57ae8b08a301666550d/screenshot - {}
RESULT: {}
COMMAND: POST /session/b4821e91125fc57ae8b08a301666550d/element - {"using":"xpath","value":"(//span[contains(@id, \"-application-manageresources-display-component---newResourceUnit--RUTimeSegment-0-arrow\")])[2]"}
RESULT: {"using":"xpath","value":"(//span[contains(@id, \"-application-manageresources-display-component---newResourceUnit--RUTimeSegment-0-arrow\")])[2]"}
COMMAND: POST /session/b4821e91125fc57ae8b08a301666550d/element/f.0C7D383FA3E737A876F1AD61BD78151D.d.A844ACBE8AA1A19080BDF5D3EA59641E.e.17241/click - {}
RESULT: {}
COMMAND: POST /session/b4821e91125fc57ae8b08a301666550d/element - {"using":"xpath","value":"//span[contains(text(), \"PM Order\")]"}
COMMAND: GET /session/b4821e91125fc57ae8b08a301666550d/screenshot - {}
RESULT: {"using":"xpath","value":"//span[contains(text(), \"PM Order\")]"}
COMMAND: POST /session/b4821e91125fc57ae8b08a301666550d/element/f.0C7D383FA3E737A876F1AD61BD78151D.d.A844ACBE8AA1A19080BDF5D3EA59641E.e.17242/click - {}
RESULT: {}
RESULT: {}
COMMAND: GET /session/b4821e91125fc57ae8b08a301666550d/screenshot - {}
RESULT: {}
COMMAND: POST /session/b4821e91125fc57ae8b08a301666550d/element - {"using":"xpath","value":"//td/div/div/div/span[contains(@id, \"newResourceUnit--RUTimeSegment-0-vhi\")][1]"}
RESULT: {"using":"xpath","value":"//td/div/div/div/span[contains(@id, \"newResourceUnit--RUTimeSegment-0-vhi\")][1]"}
COMMAND: GET /session/b4821e91125fc57ae8b08a301666550d/element/f.0C7D383FA3E737A876F1AD61BD78151D.d.A844ACBE8AA1A19080BDF5D3EA59641E.e.17246/rect - {}
RESULT: {}
COMMAND: GET /session/b4821e91125fc57ae8b08a301666550d/window/rect - {}
RESULT: {}
COMMAND: POST /session/b4821e91125fc57ae8b08a301666550d/execute/sync - {"script":"<script> [92 bytes]","args":[]}
RESULT: {"script":"<script> [92 bytes]","args":[]}
COMMAND: POST /session/b4821e91125fc57ae8b08a301666550d/actions - {"actions":[{"id":"action56","type":"wheel","parameters":{},"actions":[{"type":"scroll","x":-1888,"y":-24,"deltaX":0,"deltaY":0,"duration":0,"origin":{"element-6066-11e4-a52e-4f735466cecf":"f.0C7D383FA3E737A876F1AD61BD78151D.d.A844ACBE8AA1A19080BDF5D3EA59641E.e.17246"}}]}]}
COMMAND: GET /session/b4821e91125fc57ae8b08a301666550d/screenshot - {}
RESULT: {}
COMMAND: POST /session/b4821e91125fc57ae8b08a301666550d/execute/sync - {"script":"<script> [79 bytes]","args":[{"element-6066-11e4-a52e-4f735466cecf":"f.0C7D383FA3E737A876F1AD61BD78151D.d.A844ACBE8AA1A19080BDF5D3EA59641E.e.17246","ELEMENT":"f.0C7D383FA3E737A876F1AD61BD78151D.d.A844ACBE8AA1A19080BDF5D3EA59641E.e.17246"},{"block":"start","inline":"nearest"}]}
RESULT: {"script":"<script> [79 bytes]","args":[{"element-6066-11e4-a52e-4f735466cecf":"f.0C7D383FA3E737A876F1AD61BD78151D.d.A844ACBE8AA1A19080BDF5D3EA59641E.e.17246","ELEMENT":"f.0C7D383FA3E737A876F1AD61BD78151D.d.A844ACBE8AA1A19080BDF5D3EA59641E.e.17246"},{"block":"start","inline":"nearest"}]}
COMMAND: GET /session/b4821e91125fc57ae8b08a301666550d/screenshot - {}
RESULT: {}
COMMAND: POST /session/b4821e91125fc57ae8b08a301666550d/element/f.0C7D383FA3E737A876F1AD61BD78151D.d.A844ACBE8AA1A19080BDF5D3EA59641E.e.17246/click - {}
RESULT: {}
COMMAND: GET /session/b4821e91125fc57ae8b08a301666550d/screenshot - {}
RESULT: {}
COMMAND: POST /session/b4821e91125fc57ae8b08a301666550d/execute/async - {"script":"<script> [1562 bytes]","args":[{"selector":{"controlType":"sap.m.SearchField","properties":{"placeholder":"Search"},"searchOpenDialogs":true,"interaction":{"idSuffix":"I"}},"wdio_ui5_key":"sapm.SearchField{\"placeholder\":\"Search\"}"}]}
RESULT: {"script":"<script> [1562 bytes]","args":[{"selector":{"controlType":"sap.m.SearchField","properties":{"placeholder":"Search"},"searchOpenDialogs":true,"interaction":{"idSuffix":"I"}},"wdio_ui5_key":"sapm.SearchField{\"placeholder\":\"Search\"}"}]}
RESULT: undefined
COMMAND: POST /session/b4821e91125fc57ae8b08a301666550d/execute/async - {"script":"<script> [776 bytes]","args":[{"enterText":"4000360","selector":{"controlType":"sap.m.SearchField","properties":{"placeholder":"Search"},"searchOpenDialogs":true,"interaction":{"idSuffix":"I"}},"clearTextFirst":true,"interactionType":"ENTER_TEXT"}]}
RESULT: {"script":"<script> [776 bytes]","args":[{"enterText":"4000360","selector":{"controlType":"sap.m.SearchField","properties":{"placeholder":"Search"},"searchOpenDialogs":true,"interaction":{"idSuffix":"I"}},"clearTextFirst":true,"interactionType":"ENTER_TEXT"}]}
COMMAND: POST /session/b4821e91125fc57ae8b08a301666550d/actions - {"actions":[{"id":"action57","type":"key","parameters":{},"actions":[{"type":"keyDown","value":"î€‡"},{"type":"pause","duration":10},{"type":"keyUp","value":"î€‡"}]}]}
RESULT: {"actions":[{"id":"action57","type":"key","parameters":{},"actions":[{"type":"keyDown","value":"î€‡"},{"type":"pause","duration":10},{"type":"keyUp","value":"î€‡"}]}]}
COMMAND: GET /session/b4821e91125fc57ae8b08a301666550d/screenshot - {}
RESULT: {}
COMMAND: POST /session/b4821e91125fc57ae8b08a301666550d/element - {"using":"xpath","value":"//td/div/span[contains(text(), \"BGL Vehicles\")]"}
RESULT: {"using":"xpath","value":"//td/div/span[contains(text(), \"BGL Vehicles\")]"}
COMMAND: POST /session/b4821e91125fc57ae8b08a301666550d/element/f.0C7D383FA3E737A876F1AD61BD78151D.d.A844ACBE8AA1A19080BDF5D3EA59641E.e.17267/click - {}
RESULT: {}
COMMAND: GET /session/b4821e91125fc57ae8b08a301666550d/screenshot - {}
RESULT: {}
COMMAND: POST /session/b4821e91125fc57ae8b08a301666550d/element - {"using":"xpath","value":"//bdi[contains(text(), \"OK\")]"}
RESULT: {"using":"xpath","value":"//bdi[contains(text(), \"OK\")]"}
COMMAND: POST /session/b4821e91125fc57ae8b08a301666550d/element/f.0C7D383FA3E737A876F1AD61BD78151D.d.A844ACBE8AA1A19080BDF5D3EA59641E.e.17268/click - {}
RESULT: {}
COMMAND: GET /session/b4821e91125fc57ae8b08a301666550d/screenshot - {}
RESULT: {}
COMMAND: POST /session/b4821e91125fc57ae8b08a301666550d/element - {"using":"xpath","value":"//label[contains(@class, 'sapMLabelRequired') and .//bdi[contains(text(), 'Planned Retirement')]]"}
RESULT: {"using":"xpath","value":"//label[contains(@class, 'sapMLabelRequired') and .//bdi[contains(text(), 'Planned Retirement')]]"}
COMMAND: POST /session/b4821e91125fc57ae8b08a301666550d/elements - {"using":"xpath","value":"//label[contains(@class, 'sapMLabelRequired') and .//bdi[contains(text(), 'Planned Retirement')]]"}
RESULT: {"using":"xpath","value":"//label[contains(@class, 'sapMLabelRequired') and .//bdi[contains(text(), 'Planned Retirement')]]"}
COMMAND: POST /session/b4821e91125fc57ae8b08a301666550d/element - {"using":"xpath","value":"//button[@data-kt=\"resourceUnitSaveButton\"]"}
RESULT: {"using":"xpath","value":"//button[@data-kt=\"resourceUnitSaveButton\"]"}
COMMAND: POST /session/b4821e91125fc57ae8b08a301666550d/element/f.0C7D383FA3E737A876F1AD61BD78151D.d.A844ACBE8AA1A19080BDF5D3EA59641E.e.17168/click - {}
RESULT: {}
COMMAND: GET /session/b4821e91125fc57ae8b08a301666550d/screenshot - {}
RESULT: {}
COMMAND: POST /session/b4821e91125fc57ae8b08a301666550d/element - {"using":"xpath","value":"//bdi[contains(text(), \"Close\")]"}
RESULT: {"using":"xpath","value":"//bdi[contains(text(), \"Close\")]"}
COMMAND: POST /session/b4821e91125fc57ae8b08a301666550d/element/f.0C7D383FA3E737A876F1AD61BD78151D.d.A844ACBE8AA1A19080BDF5D3EA59641E.e.17274/click - {}
RESULT: {}
COMMAND: GET /session/b4821e91125fc57ae8b08a301666550d/screenshot - {}
RESULT: {}
COMMAND: POST /session/b4821e91125fc57ae8b08a301666550d/element - {"using":"xpath","value":"//header[contains(@id, 'detailRruPage-headerTitle')]/div[1]/div[2]/div[2]/span[1]"}
RESULT: {"using":"xpath","value":"//header[contains(@id, 'detailRruPage-headerTitle')]/div[1]/div[2]/div[2]/span[1]"}
COMMAND: POST /session/b4821e91125fc57ae8b08a301666550d/elements - {"using":"xpath","value":"//header[contains(@id, 'detailRruPage-headerTitle')]/div[1]/div[2]/div[2]/span[1]"}
RESULT: {"using":"xpath","value":"//header[contains(@id, 'detailRruPage-headerTitle')]/div[1]/div[2]/div[2]/span[1]"}
COMMAND: POST /session/b4821e91125fc57ae8b08a301666550d/execute/sync - {"script":"<script> [56 bytes]","args":[{"element-6066-11e4-a52e-4f735466cecf":"f.0C7D383FA3E737A876F1AD61BD78151D.d.A844ACBE8AA1A19080BDF5D3EA59641E.e.17302","ELEMENT":"f.0C7D383FA3E737A876F1AD61BD78151D.d.A844ACBE8AA1A19080BDF5D3EA59641E.e.17302"}]}
RESULT: {"script":"<script> [56 bytes]","args":[{"element-6066-11e4-a52e-4f735466cecf":"f.0C7D383FA3E737A876F1AD61BD78151D.d.A844ACBE8AA1A19080BDF5D3EA59641E.e.17302","ELEMENT":"f.0C7D383FA3E737A876F1AD61BD78151D.d.A844ACBE8AA1A19080BDF5D3EA59641E.e.17302"}]}
COMMAND: POST /session/b4821e91125fc57ae8b08a301666550d/element - {"using":"css selector","value":"#shell-header-logo"}
COMMAND: GET /session/b4821e91125fc57ae8b08a301666550d/screenshot - {}
RESULT: {"using":"css selector","value":"#shell-header-logo"}
COMMAND: POST /session/b4821e91125fc57ae8b08a301666550d/element/f.0C7D383FA3E737A876F1AD61BD78151D.d.A844ACBE8AA1A19080BDF5D3EA59641E.e.16635/click - {}
RESULT: {}
RESULT: {}
COMMAND: GET /session/b4821e91125fc57ae8b08a301666550d/screenshot - {}
RESULT: {}
]]></system-out>
    </testcase>
  </testsuite>
  <testsuite timestamp="2025-05-19T06:24:55" time="316.269" tests="6" failures="1" errors="1" skipped="0">
    <properties>
      <property name="specId" value="0" />
      <property name="suiteName" value="Provide to Site w/o warehouse management w/o clarification" />
      <property name="capabilities" value="chrome.136_0_7103_93.windows" />
      <property name="file" value="file:///D:/a/1/s/test/specs/HTR/provide-to-site-wo-warehouse-wo-clarification.spec.js" />
    </properties>
    <testcase classname="chrome.136_0_7103_93.windows.Provide_to_Site_w/o_warehouse_management_w/o_clarification" name="Should do a stock increase handover" time="89.247">
      <system-out><![CDATA[
COMMAND: POST /session/b4821e91125fc57ae8b08a301666550d/execute/async - {"script":"<script> [1562 bytes]","args":[{"selector":{"controlType":"sap.m.GenericTile","properties":{"header":"Manage Handovers"}},"wdio_ui5_key":"sapm.GenericTile{\"header\":\"Manage Handovers\"}"}]}
RESULT: {"script":"<script> [1562 bytes]","args":[{"selector":{"controlType":"sap.m.GenericTile","properties":{"header":"Manage Handovers"}},"wdio_ui5_key":"sapm.GenericTile{\"header\":\"Manage Handovers\"}"}]}
RESULT: undefined
COMMAND: POST /session/b4821e91125fc57ae8b08a301666550d/element - {"using":"xpath","value":"//*[@id=\"__tile132\"]"}
RESULT: {"using":"xpath","value":"//*[@id=\"__tile132\"]"}
COMMAND: POST /session/b4821e91125fc57ae8b08a301666550d/element/f.0C7D383FA3E737A876F1AD61BD78151D.d.A844ACBE8AA1A19080BDF5D3EA59641E.e.16683/click - {}
RESULT: {}
COMMAND: GET /session/b4821e91125fc57ae8b08a301666550d/screenshot - {}
RESULT: {}
COMMAND: POST /session/b4821e91125fc57ae8b08a301666550d/elements - {"using":"xpath","value":"//span[text()='Error']"}
RESULT: {"using":"xpath","value":"//span[text()='Error']"}
COMMAND: POST /session/b4821e91125fc57ae8b08a301666550d/element - {"using":"xpath","value":"//button[@data-kt=\"masterHOAddButton\"]"}
RESULT: {"using":"xpath","value":"//button[@data-kt=\"masterHOAddButton\"]"}
COMMAND: POST /session/b4821e91125fc57ae8b08a301666550d/elements - {"using":"xpath","value":"//button[@data-kt=\"masterHOAddButton\"]"}
RESULT: {"using":"xpath","value":"//button[@data-kt=\"masterHOAddButton\"]"}
COMMAND: POST /session/b4821e91125fc57ae8b08a301666550d/execute/sync - {"script":"<script> [8489 bytes]","args":[{"element-6066-11e4-a52e-4f735466cecf":"f.0C7D383FA3E737A876F1AD61BD78151D.d.A844ACBE8AA1A19080BDF5D3EA59641E.e.17348","ELEMENT":"f.0C7D383FA3E737A876F1AD61BD78151D.d.A844ACBE8AA1A19080BDF5D3EA59641E.e.17348"}]}
RESULT: {"script":"<script> [8489 bytes]","args":[{"element-6066-11e4-a52e-4f735466cecf":"f.0C7D383FA3E737A876F1AD61BD78151D.d.A844ACBE8AA1A19080BDF5D3EA59641E.e.17348","ELEMENT":"f.0C7D383FA3E737A876F1AD61BD78151D.d.A844ACBE8AA1A19080BDF5D3EA59641E.e.17348"}]}
COMMAND: GET /session/b4821e91125fc57ae8b08a301666550d/element/f.0C7D383FA3E737A876F1AD61BD78151D.d.A844ACBE8AA1A19080BDF5D3EA59641E.e.17348/enabled - {}
COMMAND: GET /session/b4821e91125fc57ae8b08a301666550d/screenshot - {}
RESULT: {}
COMMAND: POST /session/b4821e91125fc57ae8b08a301666550d/execute/sync - {"script":"<script> [8489 bytes]","args":[{"element-6066-11e4-a52e-4f735466cecf":"f.0C7D383FA3E737A876F1AD61BD78151D.d.A844ACBE8AA1A19080BDF5D3EA59641E.e.17348","ELEMENT":"f.0C7D383FA3E737A876F1AD61BD78151D.d.A844ACBE8AA1A19080BDF5D3EA59641E.e.17348"}]}
COMMAND: GET /session/b4821e91125fc57ae8b08a301666550d/screenshot - {}
RESULT: {}
RESULT: {"script":"<script> [8489 bytes]","args":[{"element-6066-11e4-a52e-4f735466cecf":"f.0C7D383FA3E737A876F1AD61BD78151D.d.A844ACBE8AA1A19080BDF5D3EA59641E.e.17348","ELEMENT":"f.0C7D383FA3E737A876F1AD61BD78151D.d.A844ACBE8AA1A19080BDF5D3EA59641E.e.17348"}]}
COMMAND: POST /session/b4821e91125fc57ae8b08a301666550d/execute/sync - {"script":"<script> [5351 bytes]","args":[{"element-6066-11e4-a52e-4f735466cecf":"f.0C7D383FA3E737A876F1AD61BD78151D.d.A844ACBE8AA1A19080BDF5D3EA59641E.e.17348","ELEMENT":"f.0C7D383FA3E737A876F1AD61BD78151D.d.A844ACBE8AA1A19080BDF5D3EA59641E.e.17348"}]}
COMMAND: GET /session/b4821e91125fc57ae8b08a301666550d/screenshot - {}
RESULT: {}
RESULT: {"script":"<script> [5351 bytes]","args":[{"element-6066-11e4-a52e-4f735466cecf":"f.0C7D383FA3E737A876F1AD61BD78151D.d.A844ACBE8AA1A19080BDF5D3EA59641E.e.17348","ELEMENT":"f.0C7D383FA3E737A876F1AD61BD78151D.d.A844ACBE8AA1A19080BDF5D3EA59641E.e.17348"}]}
COMMAND: POST /session/b4821e91125fc57ae8b08a301666550d/element/f.0C7D383FA3E737A876F1AD61BD78151D.d.A844ACBE8AA1A19080BDF5D3EA59641E.e.17348/click - {}
COMMAND: GET /session/b4821e91125fc57ae8b08a301666550d/screenshot - {}
RESULT: {}
RESULT: {}
COMMAND: GET /session/b4821e91125fc57ae8b08a301666550d/screenshot - {}
RESULT: {}
RESULT: {}
COMMAND: POST /session/b4821e91125fc57ae8b08a301666550d/element - {"using":"xpath","value":"//span[contains(@id ,\"AddNewHO--typeSelect-arrow\")]"}
RESULT: {"using":"xpath","value":"//span[contains(@id ,\"AddNewHO--typeSelect-arrow\")]"}
COMMAND: POST /session/b4821e91125fc57ae8b08a301666550d/element/f.0C7D383FA3E737A876F1AD61BD78151D.d.A844ACBE8AA1A19080BDF5D3EA59641E.e.17704/click - {}
RESULT: {}
COMMAND: GET /session/b4821e91125fc57ae8b08a301666550d/screenshot - {}
RESULT: {}
COMMAND: POST /session/b4821e91125fc57ae8b08a301666550d/element - {"using":"xpath","value":"(//li[contains(text(), \"stock increase yard\")])[1]"}
RESULT: {"using":"xpath","value":"(//li[contains(text(), \"stock increase yard\")])[1]"}
COMMAND: POST /session/b4821e91125fc57ae8b08a301666550d/element/f.0C7D383FA3E737A876F1AD61BD78151D.d.A844ACBE8AA1A19080BDF5D3EA59641E.e.17705/click - {}
RESULT: {}
COMMAND: GET /session/b4821e91125fc57ae8b08a301666550d/screenshot - {}
RESULT: {}
COMMAND: POST /session/b4821e91125fc57ae8b08a301666550d/execute/async - {"script":"<script> [1562 bytes]","args":[{"selector":{"id":"application-managehandovers-display-component---AddNewHO--dueDate","interaction":{"idSuffix":"inner"}},"wdio_ui5_key":"applicationmanagehandovers-display-component---AddNewHO--dueDate"}]}
RESULT: {"script":"<script> [1562 bytes]","args":[{"selector":{"id":"application-managehandovers-display-component---AddNewHO--dueDate","interaction":{"idSuffix":"inner"}},"wdio_ui5_key":"applicationmanagehandovers-display-component---AddNewHO--dueDate"}]}
RESULT: undefined
COMMAND: POST /session/b4821e91125fc57ae8b08a301666550d/execute/async - {"script":"<script> [6424 bytes]","args":[{"element-6066-11e4-a52e-4f735466cecf":"f.0C7D383FA3E737A876F1AD61BD78151D.d.A844ACBE8AA1A19080BDF5D3EA59641E.e.17707"},"setValue",["5/19/25"]]}
RESULT: {"script":"<script> [6424 bytes]","args":[{"element-6066-11e4-a52e-4f735466cecf":"f.0C7D383FA3E737A876F1AD61BD78151D.d.A844ACBE8AA1A19080BDF5D3EA59641E.e.17707"},"setValue",["5/19/25"]]}
COMMAND: POST /session/b4821e91125fc57ae8b08a301666550d/element - {"using":"xpath","value":"//input[@id=\"generalSectionFrg--receiveYard-inner\"]"}
RESULT: {"using":"xpath","value":"//input[@id=\"generalSectionFrg--receiveYard-inner\"]"}
COMMAND: POST /session/b4821e91125fc57ae8b08a301666550d/element/f.0C7D383FA3E737A876F1AD61BD78151D.d.A844ACBE8AA1A19080BDF5D3EA59641E.e.17711/clear - {}
RESULT: {}
COMMAND: POST /session/b4821e91125fc57ae8b08a301666550d/element/f.0C7D383FA3E737A876F1AD61BD78151D.d.A844ACBE8AA1A19080BDF5D3EA59641E.e.17711/value - {"text":"542"}
COMMAND: GET /session/b4821e91125fc57ae8b08a301666550d/screenshot - {}
RESULT: {"text":"542"}
COMMAND: GET /session/b4821e91125fc57ae8b08a301666550d/screenshot - {}
RESULT: {}
RESULT: {}
COMMAND: POST /session/b4821e91125fc57ae8b08a301666550d/element - {"using":"xpath","value":"//li[.//span[text()='542']]"}
RESULT: {"using":"xpath","value":"//li[.//span[text()='542']]"}
COMMAND: POST /session/b4821e91125fc57ae8b08a301666550d/element/f.0C7D383FA3E737A876F1AD61BD78151D.d.A844ACBE8AA1A19080BDF5D3EA59641E.e.17729/click - {}
RESULT: {}
COMMAND: GET /session/b4821e91125fc57ae8b08a301666550d/screenshot - {}
RESULT: {}
COMMAND: POST /session/b4821e91125fc57ae8b08a301666550d/execute/async - {"script":"<script> [1562 bytes]","args":[{"selector":{"id":"application-managehandovers-display-component---AddNewHO--ObjectPageLayout-anchBar-application-managehandovers-display-component---AddNewHO--section4-anchor","interaction":{"idSuffix":"BDI-content"}},"wdio_ui5_key":"applicationmanagehandovers-display-component---AddNewHO--ObjectPageLayout-anchBar-application-managehandovers-display-component---AddNewHO--section4-anchor"}]}
RESULT: {"script":"<script> [1562 bytes]","args":[{"selector":{"id":"application-managehandovers-display-component---AddNewHO--ObjectPageLayout-anchBar-application-managehandovers-display-component---AddNewHO--section4-anchor","interaction":{"idSuffix":"BDI-content"}},"wdio_ui5_key":"applicationmanagehandovers-display-component---AddNewHO--ObjectPageLayout-anchBar-application-managehandovers-display-component---AddNewHO--section4-anchor"}]}
RESULT: undefined
COMMAND: POST /session/b4821e91125fc57ae8b08a301666550d/element - {"using":"xpath","value":"//*[@id=\"application-managehandovers-display-component---AddNewHO--ObjectPageLayout-anchBar-application-managehandovers-display-component---AddNewHO--section4-anchor\"]"}
RESULT: {"using":"xpath","value":"//*[@id=\"application-managehandovers-display-component---AddNewHO--ObjectPageLayout-anchBar-application-managehandovers-display-component---AddNewHO--section4-anchor\"]"}
COMMAND: POST /session/b4821e91125fc57ae8b08a301666550d/element/f.0C7D383FA3E737A876F1AD61BD78151D.d.A844ACBE8AA1A19080BDF5D3EA59641E.e.17731/click - {}
RESULT: {}
COMMAND: POST /session/b4821e91125fc57ae8b08a301666550d/element - {"using":"xpath","value":"//button[@aria-label=\"Add\"]"}
COMMAND: GET /session/b4821e91125fc57ae8b08a301666550d/screenshot - {}
RESULT: {"using":"xpath","value":"//button[@aria-label=\"Add\"]"}
COMMAND: POST /session/b4821e91125fc57ae8b08a301666550d/element/f.0C7D383FA3E737A876F1AD61BD78151D.d.A844ACBE8AA1A19080BDF5D3EA59641E.e.17733/click - {}
RESULT: {}
RESULT: {}
COMMAND: GET /session/b4821e91125fc57ae8b08a301666550d/screenshot - {}
RESULT: {}
COMMAND: POST /session/b4821e91125fc57ae8b08a301666550d/execute/async - {"script":"<script> [1562 bytes]","args":[{"selector":{"id":"application-managehandovers-display-component---AddNewHO--smartFilterBar-btnBasicSearch","searchOpenDialogs":true,"interaction":{"idSuffix":"I"}},"wdio_ui5_key":"applicationmanagehandovers-display-component---AddNewHO--smartFilterBar-btnBasicSearch"}]}
RESULT: {"script":"<script> [1562 bytes]","args":[{"selector":{"id":"application-managehandovers-display-component---AddNewHO--smartFilterBar-btnBasicSearch","searchOpenDialogs":true,"interaction":{"idSuffix":"I"}},"wdio_ui5_key":"applicationmanagehandovers-display-component---AddNewHO--smartFilterBar-btnBasicSearch"}]}
RESULT: undefined
COMMAND: POST /session/b4821e91125fc57ae8b08a301666550d/execute/async - {"script":"<script> [776 bytes]","args":[{"enterText":"200286","selector":{"id":"application-managehandovers-display-component---AddNewHO--smartFilterBar-btnBasicSearch","searchOpenDialogs":true,"interaction":{"idSuffix":"I"}},"clearTextFirst":true,"interactionType":"ENTER_TEXT"}]}
RESULT: {"script":"<script> [776 bytes]","args":[{"enterText":"200286","selector":{"id":"application-managehandovers-display-component---AddNewHO--smartFilterBar-btnBasicSearch","searchOpenDialogs":true,"interaction":{"idSuffix":"I"}},"clearTextFirst":true,"interactionType":"ENTER_TEXT"}]}
COMMAND: POST /session/b4821e91125fc57ae8b08a301666550d/actions - {"actions":[{"id":"action58","type":"key","parameters":{},"actions":[{"type":"keyDown","value":"î€‡"},{"type":"pause","duration":10},{"type":"keyUp","value":"î€‡"}]}]}
RESULT: {"actions":[{"id":"action58","type":"key","parameters":{},"actions":[{"type":"keyDown","value":"î€‡"},{"type":"pause","duration":10},{"type":"keyUp","value":"î€‡"}]}]}
COMMAND: GET /session/b4821e91125fc57ae8b08a301666550d/screenshot - {}
RESULT: {}
COMMAND: POST /session/b4821e91125fc57ae8b08a301666550d/execute/async - {"script":"<script> [1562 bytes]","args":[{"selector":{"id":"application-managehandovers-display-component---AddNewHO--popup-sa","searchOpenDialogs":true,"interaction":{"idSuffix":"CbBg"}},"wdio_ui5_key":"applicationmanagehandovers-display-component---AddNewHO--popup-sa"}]}
RESULT: {"script":"<script> [1562 bytes]","args":[{"selector":{"id":"application-managehandovers-display-component---AddNewHO--popup-sa","searchOpenDialogs":true,"interaction":{"idSuffix":"CbBg"}},"wdio_ui5_key":"applicationmanagehandovers-display-component---AddNewHO--popup-sa"}]}
RESULT: undefined
COMMAND: POST /session/b4821e91125fc57ae8b08a301666550d/element - {"using":"xpath","value":"//*[@id=\"application-managehandovers-display-component---AddNewHO--popup-sa\"]"}
RESULT: {"using":"xpath","value":"//*[@id=\"application-managehandovers-display-component---AddNewHO--popup-sa\"]"}
COMMAND: POST /session/b4821e91125fc57ae8b08a301666550d/element/f.0C7D383FA3E737A876F1AD61BD78151D.d.A844ACBE8AA1A19080BDF5D3EA59641E.e.17886/click - {}
RESULT: {}
COMMAND: GET /session/b4821e91125fc57ae8b08a301666550d/screenshot - {}
RESULT: {}
COMMAND: POST /session/b4821e91125fc57ae8b08a301666550d/element - {"using":"xpath","value":"//bdi[contains(text(), \"Select\")]"}
RESULT: {"using":"xpath","value":"//bdi[contains(text(), \"Select\")]"}
COMMAND: POST /session/b4821e91125fc57ae8b08a301666550d/element/f.0C7D383FA3E737A876F1AD61BD78151D.d.A844ACBE8AA1A19080BDF5D3EA59641E.e.17887/click - {}
RESULT: {}
COMMAND: GET /session/b4821e91125fc57ae8b08a301666550d/screenshot - {}
RESULT: {}
COMMAND: POST /session/b4821e91125fc57ae8b08a301666550d/element - {"using":"xpath","value":"//button[@data-kt=\"AddNewHOSaveButton\"]"}
RESULT: {"using":"xpath","value":"//button[@data-kt=\"AddNewHOSaveButton\"]"}
COMMAND: POST /session/b4821e91125fc57ae8b08a301666550d/element/f.0C7D383FA3E737A876F1AD61BD78151D.d.A844ACBE8AA1A19080BDF5D3EA59641E.e.17891/click - {}
RESULT: {}
COMMAND: GET /session/b4821e91125fc57ae8b08a301666550d/screenshot - {}
RESULT: {}
COMMAND: POST /session/b4821e91125fc57ae8b08a301666550d/execute/async - {"script":"<script> [1562 bytes]","args":[{"selector":{"id":"receiptDatePicker","viewName":"etm.portal.ui.managehandovers.view.DetailExecuteHO","interaction":{"idSuffix":"inner"}},"wdio_ui5_key":"receiptDatePickeretmportal.ui.managehandovers.view.DetailExecuteHO"}]}
RESULT: {"script":"<script> [1562 bytes]","args":[{"selector":{"id":"receiptDatePicker","viewName":"etm.portal.ui.managehandovers.view.DetailExecuteHO","interaction":{"idSuffix":"inner"}},"wdio_ui5_key":"receiptDatePickeretmportal.ui.managehandovers.view.DetailExecuteHO"}]}
RESULT: undefined
COMMAND: POST /session/b4821e91125fc57ae8b08a301666550d/execute/async - {"script":"<script> [6424 bytes]","args":[{"element-6066-11e4-a52e-4f735466cecf":"f.0C7D383FA3E737A876F1AD61BD78151D.d.A844ACBE8AA1A19080BDF5D3EA59641E.e.17907"},"setValue",["5/19/25"]]}
RESULT: {"script":"<script> [6424 bytes]","args":[{"element-6066-11e4-a52e-4f735466cecf":"f.0C7D383FA3E737A876F1AD61BD78151D.d.A844ACBE8AA1A19080BDF5D3EA59641E.e.17907"},"setValue",["5/19/25"]]}
COMMAND: POST /session/b4821e91125fc57ae8b08a301666550d/element - {"using":"xpath","value":"//button[@data-kt=\"PickingTableConfirmAllButton\"]"}
RESULT: {"using":"xpath","value":"//button[@data-kt=\"PickingTableConfirmAllButton\"]"}
COMMAND: POST /session/b4821e91125fc57ae8b08a301666550d/element/f.0C7D383FA3E737A876F1AD61BD78151D.d.A844ACBE8AA1A19080BDF5D3EA59641E.e.17924/click - {}
RESULT: {}
COMMAND: GET /session/b4821e91125fc57ae8b08a301666550d/screenshot - {}
RESULT: {}
COMMAND: POST /session/b4821e91125fc57ae8b08a301666550d/element - {"using":"xpath","value":"//bdi[contains(text(), \"OK\")]"}
RESULT: {"using":"xpath","value":"//bdi[contains(text(), \"OK\")]"}
COMMAND: POST /session/b4821e91125fc57ae8b08a301666550d/element/f.0C7D383FA3E737A876F1AD61BD78151D.d.A844ACBE8AA1A19080BDF5D3EA59641E.e.17926/click - {}
RESULT: {}
COMMAND: GET /session/b4821e91125fc57ae8b08a301666550d/screenshot - {}
RESULT: {}
COMMAND: POST /session/b4821e91125fc57ae8b08a301666550d/element - {"using":"xpath","value":"(//bdi[contains(text(), \"Receive\")])[2]"}
RESULT: {"using":"xpath","value":"(//bdi[contains(text(), \"Receive\")])[2]"}
COMMAND: POST /session/b4821e91125fc57ae8b08a301666550d/element/f.0C7D383FA3E737A876F1AD61BD78151D.d.A844ACBE8AA1A19080BDF5D3EA59641E.e.17928/click - {}
RESULT: {}
COMMAND: GET /session/b4821e91125fc57ae8b08a301666550d/screenshot - {}
RESULT: {}
COMMAND: POST /session/b4821e91125fc57ae8b08a301666550d/element - {"using":"css selector","value":"#shell-header-logo"}
RESULT: {"using":"css selector","value":"#shell-header-logo"}
COMMAND: POST /session/b4821e91125fc57ae8b08a301666550d/element/f.0C7D383FA3E737A876F1AD61BD78151D.d.A844ACBE8AA1A19080BDF5D3EA59641E.e.17309/click - {}
RESULT: {}
COMMAND: GET /session/b4821e91125fc57ae8b08a301666550d/screenshot - {}
RESULT: {}
]]></system-out>
    </testcase>
    <testcase classname="chrome.136_0_7103_93.windows.Provide_to_Site_w/o_warehouse_management_w/o_clarification" name="Should create a new contract" time="57.374">
      <system-out><![CDATA[
COMMAND: POST /session/b4821e91125fc57ae8b08a301666550d/execute/async - {"script":"<script> [1562 bytes]","args":[{"selector":{"controlType":"sap.m.GenericTile","properties":{"header":"Manage Contracts"}},"wdio_ui5_key":"sapm.GenericTile{\"header\":\"Manage Contracts\"}"}]}
RESULT: {"script":"<script> [1562 bytes]","args":[{"selector":{"controlType":"sap.m.GenericTile","properties":{"header":"Manage Contracts"}},"wdio_ui5_key":"sapm.GenericTile{\"header\":\"Manage Contracts\"}"}]}
RESULT: undefined
COMMAND: POST /session/b4821e91125fc57ae8b08a301666550d/element - {"using":"xpath","value":"//*[@id=\"__tile130\"]"}
RESULT: {"using":"xpath","value":"//*[@id=\"__tile130\"]"}
COMMAND: POST /session/b4821e91125fc57ae8b08a301666550d/element/f.0C7D383FA3E737A876F1AD61BD78151D.d.A844ACBE8AA1A19080BDF5D3EA59641E.e.16672/click - {}
RESULT: {}
COMMAND: GET /session/b4821e91125fc57ae8b08a301666550d/screenshot - {}
RESULT: {}
COMMAND: POST /session/b4821e91125fc57ae8b08a301666550d/elements - {"using":"xpath","value":"//span[text()='Error']"}
RESULT: {"using":"xpath","value":"//span[text()='Error']"}
COMMAND: POST /session/b4821e91125fc57ae8b08a301666550d/element - {"using":"xpath","value":"//button[@data-kt=\"addButton\"]"}
RESULT: {"using":"xpath","value":"//button[@data-kt=\"addButton\"]"}
COMMAND: POST /session/b4821e91125fc57ae8b08a301666550d/elements - {"using":"xpath","value":"//button[@data-kt=\"addButton\"]"}
RESULT: {"using":"xpath","value":"//button[@data-kt=\"addButton\"]"}
COMMAND: POST /session/b4821e91125fc57ae8b08a301666550d/execute/sync - {"script":"<script> [8489 bytes]","args":[{"element-6066-11e4-a52e-4f735466cecf":"f.0C7D383FA3E737A876F1AD61BD78151D.d.A844ACBE8AA1A19080BDF5D3EA59641E.e.18295","ELEMENT":"f.0C7D383FA3E737A876F1AD61BD78151D.d.A844ACBE8AA1A19080BDF5D3EA59641E.e.18295"}]}
RESULT: {"script":"<script> [8489 bytes]","args":[{"element-6066-11e4-a52e-4f735466cecf":"f.0C7D383FA3E737A876F1AD61BD78151D.d.A844ACBE8AA1A19080BDF5D3EA59641E.e.18295","ELEMENT":"f.0C7D383FA3E737A876F1AD61BD78151D.d.A844ACBE8AA1A19080BDF5D3EA59641E.e.18295"}]}
COMMAND: GET /session/b4821e91125fc57ae8b08a301666550d/element/f.0C7D383FA3E737A876F1AD61BD78151D.d.A844ACBE8AA1A19080BDF5D3EA59641E.e.18295/enabled - {}
COMMAND: GET /session/b4821e91125fc57ae8b08a301666550d/screenshot - {}
RESULT: {}
COMMAND: POST /session/b4821e91125fc57ae8b08a301666550d/execute/sync - {"script":"<script> [8489 bytes]","args":[{"element-6066-11e4-a52e-4f735466cecf":"f.0C7D383FA3E737A876F1AD61BD78151D.d.A844ACBE8AA1A19080BDF5D3EA59641E.e.18295","ELEMENT":"f.0C7D383FA3E737A876F1AD61BD78151D.d.A844ACBE8AA1A19080BDF5D3EA59641E.e.18295"}]}
COMMAND: GET /session/b4821e91125fc57ae8b08a301666550d/screenshot - {}
RESULT: {}
RESULT: {"script":"<script> [8489 bytes]","args":[{"element-6066-11e4-a52e-4f735466cecf":"f.0C7D383FA3E737A876F1AD61BD78151D.d.A844ACBE8AA1A19080BDF5D3EA59641E.e.18295","ELEMENT":"f.0C7D383FA3E737A876F1AD61BD78151D.d.A844ACBE8AA1A19080BDF5D3EA59641E.e.18295"}]}
COMMAND: POST /session/b4821e91125fc57ae8b08a301666550d/execute/sync - {"script":"<script> [5351 bytes]","args":[{"element-6066-11e4-a52e-4f735466cecf":"f.0C7D383FA3E737A876F1AD61BD78151D.d.A844ACBE8AA1A19080BDF5D3EA59641E.e.18295","ELEMENT":"f.0C7D383FA3E737A876F1AD61BD78151D.d.A844ACBE8AA1A19080BDF5D3EA59641E.e.18295"}]}
COMMAND: GET /session/b4821e91125fc57ae8b08a301666550d/screenshot - {}
RESULT: {}
RESULT: {"script":"<script> [5351 bytes]","args":[{"element-6066-11e4-a52e-4f735466cecf":"f.0C7D383FA3E737A876F1AD61BD78151D.d.A844ACBE8AA1A19080BDF5D3EA59641E.e.18295","ELEMENT":"f.0C7D383FA3E737A876F1AD61BD78151D.d.A844ACBE8AA1A19080BDF5D3EA59641E.e.18295"}]}
COMMAND: GET /session/b4821e91125fc57ae8b08a301666550d/screenshot - {}
RESULT: {}
RESULT: {}
COMMAND: POST /session/b4821e91125fc57ae8b08a301666550d/element/f.0C7D383FA3E737A876F1AD61BD78151D.d.A844ACBE8AA1A19080BDF5D3EA59641E.e.18295/click - {}
RESULT: {}
COMMAND: GET /session/b4821e91125fc57ae8b08a301666550d/screenshot - {}
COMMAND: POST /session/b4821e91125fc57ae8b08a301666550d/execute/async - {"script":"<script> [1562 bytes]","args":[{"selector":{"id":"application-managecontracts-display-component---AddNewContract--projectDescription","interaction":{"idSuffix":"inner"}},"wdio_ui5_key":"applicationmanagecontracts-display-component---AddNewContract--projectDescription"}]}
RESULT: {}
RESULT: {"script":"<script> [1562 bytes]","args":[{"selector":{"id":"application-managecontracts-display-component---AddNewContract--projectDescription","interaction":{"idSuffix":"inner"}},"wdio_ui5_key":"applicationmanagecontracts-display-component---AddNewContract--projectDescription"}]}
RESULT: undefined
COMMAND: POST /session/b4821e91125fc57ae8b08a301666550d/execute/async - {"script":"<script> [776 bytes]","args":[{"enterText":"Contract WDIO","selector":{"id":"application-managecontracts-display-component---AddNewContract--projectDescription","interaction":{"idSuffix":"inner"}},"clearTextFirst":true,"interactionType":"ENTER_TEXT"}]}
RESULT: {"script":"<script> [776 bytes]","args":[{"enterText":"Contract WDIO","selector":{"id":"application-managecontracts-display-component---AddNewContract--projectDescription","interaction":{"idSuffix":"inner"}},"clearTextFirst":true,"interactionType":"ENTER_TEXT"}]}
COMMAND: POST /session/b4821e91125fc57ae8b08a301666550d/element - {"using":"xpath","value":"//input[@id=\"application-managecontracts-display-component---AddNewContract--site-inner\"]"}
RESULT: {"using":"xpath","value":"//input[@id=\"application-managecontracts-display-component---AddNewContract--site-inner\"]"}
COMMAND: POST /session/b4821e91125fc57ae8b08a301666550d/element/f.0C7D383FA3E737A876F1AD61BD78151D.d.A844ACBE8AA1A19080BDF5D3EA59641E.e.18655/clear - {}
RESULT: {}
COMMAND: POST /session/b4821e91125fc57ae8b08a301666550d/element/f.0C7D383FA3E737A876F1AD61BD78151D.d.A844ACBE8AA1A19080BDF5D3EA59641E.e.18655/value - {"text":"2268"}
COMMAND: GET /session/b4821e91125fc57ae8b08a301666550d/screenshot - {}
RESULT: {"text":"2268"}
COMMAND: GET /session/b4821e91125fc57ae8b08a301666550d/screenshot - {}
RESULT: {}
RESULT: {}
COMMAND: POST /session/b4821e91125fc57ae8b08a301666550d/element - {"using":"xpath","value":"//li[.//span[text()='2268']]"}
RESULT: {"using":"xpath","value":"//li[.//span[text()='2268']]"}
COMMAND: POST /session/b4821e91125fc57ae8b08a301666550d/element/f.0C7D383FA3E737A876F1AD61BD78151D.d.A844ACBE8AA1A19080BDF5D3EA59641E.e.18685/click - {}
RESULT: {}
COMMAND: GET /session/b4821e91125fc57ae8b08a301666550d/screenshot - {}
RESULT: {}
COMMAND: POST /session/b4821e91125fc57ae8b08a301666550d/element - {"using":"xpath","value":"//input[@id=\"application-managecontracts-display-component---AddNewContract--yardId-inner\"]"}
RESULT: {"using":"xpath","value":"//input[@id=\"application-managecontracts-display-component---AddNewContract--yardId-inner\"]"}
COMMAND: GET /session/b4821e91125fc57ae8b08a301666550d/element/f.0C7D383FA3E737A876F1AD61BD78151D.d.A844ACBE8AA1A19080BDF5D3EA59641E.e.18656/property/value - {}
RESULT: {}
COMMAND: POST /session/b4821e91125fc57ae8b08a301666550d/element - {"using":"xpath","value":"//input[@id=\"application-managecontracts-display-component---AddNewContract--customerSelect-inner\"]"}
COMMAND: GET /session/b4821e91125fc57ae8b08a301666550d/screenshot - {}
RESULT: {"using":"xpath","value":"//input[@id=\"application-managecontracts-display-component---AddNewContract--customerSelect-inner\"]"}
COMMAND: POST /session/b4821e91125fc57ae8b08a301666550d/element/f.0C7D383FA3E737A876F1AD61BD78151D.d.A844ACBE8AA1A19080BDF5D3EA59641E.e.18654/clear - {}
RESULT: {}
RESULT: {}
COMMAND: POST /session/b4821e91125fc57ae8b08a301666550d/element/f.0C7D383FA3E737A876F1AD61BD78151D.d.A844ACBE8AA1A19080BDF5D3EA59641E.e.18654/value - {"text":"1321"}
COMMAND: GET /session/b4821e91125fc57ae8b08a301666550d/screenshot - {}
RESULT: {"text":"1321"}
COMMAND: GET /session/b4821e91125fc57ae8b08a301666550d/screenshot - {}
RESULT: {}
RESULT: {}
COMMAND: POST /session/b4821e91125fc57ae8b08a301666550d/element - {"using":"xpath","value":"//li[.//span[text()='1321']]"}
RESULT: {"using":"xpath","value":"//li[.//span[text()='1321']]"}
COMMAND: POST /session/b4821e91125fc57ae8b08a301666550d/element/f.0C7D383FA3E737A876F1AD61BD78151D.d.A844ACBE8AA1A19080BDF5D3EA59641E.e.18688/click - {}
RESULT: {}
COMMAND: GET /session/b4821e91125fc57ae8b08a301666550d/screenshot - {}
RESULT: {}
COMMAND: POST /session/b4821e91125fc57ae8b08a301666550d/element - {"using":"xpath","value":"//button[@data-kt=\"saveButton\"]"}
RESULT: {"using":"xpath","value":"//button[@data-kt=\"saveButton\"]"}
COMMAND: POST /session/b4821e91125fc57ae8b08a301666550d/element/f.0C7D383FA3E737A876F1AD61BD78151D.d.A844ACBE8AA1A19080BDF5D3EA59641E.e.18689/click - {}
RESULT: {}
COMMAND: GET /session/b4821e91125fc57ae8b08a301666550d/screenshot - {}
RESULT: {}
COMMAND: POST /session/b4821e91125fc57ae8b08a301666550d/element - {"using":"xpath","value":"//span[contains(@id ,\"contractDetailTitleNoExpanded\")]"}
RESULT: {"using":"xpath","value":"//span[contains(@id ,\"contractDetailTitleNoExpanded\")]"}
COMMAND: POST /session/b4821e91125fc57ae8b08a301666550d/elements - {"using":"xpath","value":"//span[contains(@id ,\"contractDetailTitleNoExpanded\")]"}
RESULT: {"using":"xpath","value":"//span[contains(@id ,\"contractDetailTitleNoExpanded\")]"}
COMMAND: POST /session/b4821e91125fc57ae8b08a301666550d/execute/sync - {"script":"<script> [56 bytes]","args":[{"element-6066-11e4-a52e-4f735466cecf":"f.0C7D383FA3E737A876F1AD61BD78151D.d.A844ACBE8AA1A19080BDF5D3EA59641E.e.18697","ELEMENT":"f.0C7D383FA3E737A876F1AD61BD78151D.d.A844ACBE8AA1A19080BDF5D3EA59641E.e.18697"}]}
RESULT: {"script":"<script> [56 bytes]","args":[{"element-6066-11e4-a52e-4f735466cecf":"f.0C7D383FA3E737A876F1AD61BD78151D.d.A844ACBE8AA1A19080BDF5D3EA59641E.e.18697","ELEMENT":"f.0C7D383FA3E737A876F1AD61BD78151D.d.A844ACBE8AA1A19080BDF5D3EA59641E.e.18697"}]}
COMMAND: GET /session/b4821e91125fc57ae8b08a301666550d/screenshot - {}
RESULT: {}
]]></system-out>
    </testcase>
    <testcase classname="chrome.136_0_7103_93.windows.Provide_to_Site_w/o_warehouse_management_w/o_clarification" name="Should add equipment to the contract" time="55.936">
      <system-out><![CDATA[
COMMAND: POST /session/b4821e91125fc57ae8b08a301666550d/element - {"using":"xpath","value":"//button[@data-kt=\"contractDetailEditBtnButton\"]"}
RESULT: {"using":"xpath","value":"//button[@data-kt=\"contractDetailEditBtnButton\"]"}
COMMAND: POST /session/b4821e91125fc57ae8b08a301666550d/element/f.0C7D383FA3E737A876F1AD61BD78151D.d.A844ACBE8AA1A19080BDF5D3EA59641E.e.18700/click - {}
RESULT: {}
COMMAND: GET /session/b4821e91125fc57ae8b08a301666550d/screenshot - {}
RESULT: {}
COMMAND: POST /session/b4821e91125fc57ae8b08a301666550d/element - {"using":"xpath","value":"(//span[contains(text(), \"Additional Addresses\")])[2]"}
RESULT: {"using":"xpath","value":"(//span[contains(text(), \"Additional Addresses\")])[2]"}
COMMAND: POST /session/b4821e91125fc57ae8b08a301666550d/element/f.0C7D383FA3E737A876F1AD61BD78151D.d.A844ACBE8AA1A19080BDF5D3EA59641E.e.18756/click - {}
RESULT: {}
COMMAND: GET /session/b4821e91125fc57ae8b08a301666550d/screenshot - {}
RESULT: {}
COMMAND: POST /session/b4821e91125fc57ae8b08a301666550d/element - {"using":"xpath","value":"//button[@data-kt=\"btnAddTableRowOverflowToolbarButton\"]"}
RESULT: {"using":"xpath","value":"//button[@data-kt=\"btnAddTableRowOverflowToolbarButton\"]"}
COMMAND: POST /session/b4821e91125fc57ae8b08a301666550d/element/f.0C7D383FA3E737A876F1AD61BD78151D.d.A844ACBE8AA1A19080BDF5D3EA59641E.e.18758/click - {}
RESULT: {}
COMMAND: GET /session/b4821e91125fc57ae8b08a301666550d/screenshot - {}
RESULT: {}
COMMAND: POST /session/b4821e91125fc57ae8b08a301666550d/element - {"using":"xpath","value":"//div[(text() = 'Standard Entry' or . = 'Standard Entry')]"}
RESULT: {"using":"xpath","value":"//div[(text() = 'Standard Entry' or . = 'Standard Entry')]"}
COMMAND: POST /session/b4821e91125fc57ae8b08a301666550d/element/f.0C7D383FA3E737A876F1AD61BD78151D.d.A844ACBE8AA1A19080BDF5D3EA59641E.e.18760/click - {}
RESULT: {}
COMMAND: GET /session/b4821e91125fc57ae8b08a301666550d/screenshot - {}
RESULT: {}
COMMAND: POST /session/b4821e91125fc57ae8b08a301666550d/element - {"using":"xpath","value":"//td[6]/div/div/div/span"}
RESULT: {"using":"xpath","value":"//td[6]/div/div/div/span"}
COMMAND: POST /session/b4821e91125fc57ae8b08a301666550d/element/f.0C7D383FA3E737A876F1AD61BD78151D.d.A844ACBE8AA1A19080BDF5D3EA59641E.e.18772/click - {}
RESULT: {}
COMMAND: GET /session/b4821e91125fc57ae8b08a301666550d/screenshot - {}
RESULT: {}
COMMAND: POST /session/b4821e91125fc57ae8b08a301666550d/element - {"using":"xpath","value":"(//span[contains(text(), \"Material\")])"}
RESULT: {"using":"xpath","value":"(//span[contains(text(), \"Material\")])"}
COMMAND: POST /session/b4821e91125fc57ae8b08a301666550d/element/f.0C7D383FA3E737A876F1AD61BD78151D.d.A844ACBE8AA1A19080BDF5D3EA59641E.e.18773/click - {}
RESULT: {}
COMMAND: GET /session/b4821e91125fc57ae8b08a301666550d/screenshot - {}
RESULT: {}
COMMAND: POST /session/b4821e91125fc57ae8b08a301666550d/element - {"using":"xpath","value":"//td[7]/div/div/input"}
RESULT: {"using":"xpath","value":"//td[7]/div/div/input"}
COMMAND: POST /session/b4821e91125fc57ae8b08a301666550d/element/f.0C7D383FA3E737A876F1AD61BD78151D.d.A844ACBE8AA1A19080BDF5D3EA59641E.e.18777/clear - {}
RESULT: {}
COMMAND: POST /session/b4821e91125fc57ae8b08a301666550d/element/f.0C7D383FA3E737A876F1AD61BD78151D.d.A844ACBE8AA1A19080BDF5D3EA59641E.e.18777/value - {"text":"200286"}
COMMAND: GET /session/b4821e91125fc57ae8b08a301666550d/screenshot - {}
RESULT: {"text":"200286"}
COMMAND: GET /session/b4821e91125fc57ae8b08a301666550d/screenshot - {}
RESULT: {}
RESULT: {}
COMMAND: POST /session/b4821e91125fc57ae8b08a301666550d/actions - {"actions":[{"id":"action59","type":"key","parameters":{},"actions":[{"type":"keyDown","value":"î€‡"},{"type":"pause","duration":10},{"type":"keyUp","value":"î€‡"}]}]}
RESULT: {"actions":[{"id":"action59","type":"key","parameters":{},"actions":[{"type":"keyDown","value":"î€‡"},{"type":"pause","duration":10},{"type":"keyUp","value":"î€‡"}]}]}
COMMAND: GET /session/b4821e91125fc57ae8b08a301666550d/screenshot - {}
RESULT: {}
COMMAND: POST /session/b4821e91125fc57ae8b08a301666550d/execute/sync - {"script":"<script> [276 bytes]","args":["No pricing information was found"]}
RESULT: {"script":"<script> [276 bytes]","args":["No pricing information was found"]}
COMMAND: POST /session/b4821e91125fc57ae8b08a301666550d/element - {"using":"xpath","value":"//bdi[contains(text(), \"OK\")]"}
COMMAND: GET /session/b4821e91125fc57ae8b08a301666550d/screenshot - {}
RESULT: {"using":"xpath","value":"//bdi[contains(text(), \"OK\")]"}
COMMAND: POST /session/b4821e91125fc57ae8b08a301666550d/element/f.0C7D383FA3E737A876F1AD61BD78151D.d.A844ACBE8AA1A19080BDF5D3EA59641E.e.18803/click - {}
RESULT: {}
RESULT: {}
COMMAND: GET /session/b4821e91125fc57ae8b08a301666550d/screenshot - {}
RESULT: {}
COMMAND: POST /session/b4821e91125fc57ae8b08a301666550d/element - {"using":"xpath","value":"(//button[@data-kt=\"saveButton\"])[2]"}
RESULT: {"using":"xpath","value":"(//button[@data-kt=\"saveButton\"])[2]"}
COMMAND: POST /session/b4821e91125fc57ae8b08a301666550d/element/f.0C7D383FA3E737A876F1AD61BD78151D.d.A844ACBE8AA1A19080BDF5D3EA59641E.e.18804/click - {}
RESULT: {}
COMMAND: GET /session/b4821e91125fc57ae8b08a301666550d/screenshot - {}
RESULT: {}
COMMAND: POST /session/b4821e91125fc57ae8b08a301666550d/execute/sync - {"script":"<script> [276 bytes]","args":["Some contract items are having rental validity exceeding header rental validity"]}
RESULT: {"script":"<script> [276 bytes]","args":["Some contract items are having rental validity exceeding header rental validity"]}
COMMAND: GET /session/b4821e91125fc57ae8b08a301666550d/screenshot - {}
RESULT: {}
COMMAND: POST /session/b4821e91125fc57ae8b08a301666550d/element - {"using":"xpath","value":"//span[contains(@id ,\"contractItemsSmartTable-header-inner\")]"}
RESULT: {"using":"xpath","value":"//span[contains(@id ,\"contractItemsSmartTable-header-inner\")]"}
COMMAND: POST /session/b4821e91125fc57ae8b08a301666550d/elements - {"using":"xpath","value":"//span[contains(@id ,\"contractItemsSmartTable-header-inner\")]"}
RESULT: {"using":"xpath","value":"//span[contains(@id ,\"contractItemsSmartTable-header-inner\")]"}
COMMAND: POST /session/b4821e91125fc57ae8b08a301666550d/execute/sync - {"script":"<script> [56 bytes]","args":[{"element-6066-11e4-a52e-4f735466cecf":"f.0C7D383FA3E737A876F1AD61BD78151D.d.A844ACBE8AA1A19080BDF5D3EA59641E.e.18808","ELEMENT":"f.0C7D383FA3E737A876F1AD61BD78151D.d.A844ACBE8AA1A19080BDF5D3EA59641E.e.18808"}]}
RESULT: {"script":"<script> [56 bytes]","args":[{"element-6066-11e4-a52e-4f735466cecf":"f.0C7D383FA3E737A876F1AD61BD78151D.d.A844ACBE8AA1A19080BDF5D3EA59641E.e.18808","ELEMENT":"f.0C7D383FA3E737A876F1AD61BD78151D.d.A844ACBE8AA1A19080BDF5D3EA59641E.e.18808"}]}
]]></system-out>
    </testcase>
    <testcase classname="chrome.136_0_7103_93.windows.Provide_to_Site_w/o_warehouse_management_w/o_clarification" name="Should Test for Handover Execution" time="13.484">
      <system-out><![CDATA[
COMMAND: GET /session/b4821e91125fc57ae8b08a301666550d/screenshot - {}
COMMAND: POST /session/b4821e91125fc57ae8b08a301666550d/element - {"using":"xpath","value":"(//span[contains(@id, \"imgNav\")])[1]"}
RESULT: {}
RESULT: {"using":"xpath","value":"(//span[contains(@id, \"imgNav\")])[1]"}
COMMAND: POST /session/b4821e91125fc57ae8b08a301666550d/element/f.0C7D383FA3E737A876F1AD61BD78151D.d.A844ACBE8AA1A19080BDF5D3EA59641E.e.19502/click - {}
RESULT: {}
RESULT: {}
COMMAND: GET /session/b4821e91125fc57ae8b08a301666550d/screenshot - {}
RESULT: {}
COMMAND: POST /session/b4821e91125fc57ae8b08a301666550d/element - {"using":"css selector","value":"#shell-header-logo"}
RESULT: {"using":"css selector","value":"#shell-header-logo"}
COMMAND: POST /session/b4821e91125fc57ae8b08a301666550d/element/f.0C7D383FA3E737A876F1AD61BD78151D.d.A844ACBE8AA1A19080BDF5D3EA59641E.e.18252/click - {}
RESULT: {}
COMMAND: GET /session/b4821e91125fc57ae8b08a301666550d/screenshot - {}
RESULT: {}
]]></system-out>
    </testcase>
    <testcase classname="chrome.136_0_7103_93.windows.Provide_to_Site_w/o_warehouse_management_w/o_clarification" name="Should test for Clarification" time="0.005">
      <system-out><![CDATA[
COMMAND: POST /session/b4821e91125fc57ae8b08a301666550d/element - {"using":"css selector","value":"#j_username"}
COMMAND: POST /session/b4821e91125fc57ae8b08a301666550d/url - {"url":"https://qa-testing-00-live-etm-ui.cfapps.eu10-004.hana.ondemand.com/"}
COMMAND: GET /session/b4821e91125fc57ae8b08a301666550d/screenshot - {}
RESULT: {"using":"css selector","value":"#j_username"}
COMMAND: POST /session/b4821e91125fc57ae8b08a301666550d/element - {"using":"css selector","value":"#j_username"}
RESULT: {"url":"https://qa-testing-00-live-etm-ui.cfapps.eu10-004.hana.ondemand.com/"}
RESULT: undefined
COMMAND: GET /session/b4821e91125fc57ae8b08a301666550d/screenshot - {}
RESULT: {}
RESULT: {"using":"css selector","value":"#j_username"}
COMMAND: POST /session/b4821e91125fc57ae8b08a301666550d/element - {"using":"css selector","value":"#shell-header-logo"}
RESULT: {}
RESULT: {"using":"css selector","value":"#shell-header-logo"}
COMMAND: POST /session/b4821e91125fc57ae8b08a301666550d/execute/sync - {"script":"<script> [8489 bytes]","args":[{"element-6066-11e4-a52e-4f735466cecf":"f.0C7D383FA3E737A876F1AD61BD78151D.d.FFAC0A336C314BF6FD328A63795D5522.e.19599","ELEMENT":"f.0C7D383FA3E737A876F1AD61BD78151D.d.FFAC0A336C314BF6FD328A63795D5522.e.19599"}]}
RESULT: {"script":"<script> [8489 bytes]","args":[{"element-6066-11e4-a52e-4f735466cecf":"f.0C7D383FA3E737A876F1AD61BD78151D.d.FFAC0A336C314BF6FD328A63795D5522.e.19599","ELEMENT":"f.0C7D383FA3E737A876F1AD61BD78151D.d.FFAC0A336C314BF6FD328A63795D5522.e.19599"}]}
COMMAND: POST /session/b4821e91125fc57ae8b08a301666550d/element - {"using":"css selector","value":"#shell-header-logo"}
COMMAND: GET /session/b4821e91125fc57ae8b08a301666550d/screenshot - {}
RESULT: {"using":"css selector","value":"#shell-header-logo"}
COMMAND: POST /session/b4821e91125fc57ae8b08a301666550d/execute/sync - {"script":"<script> [8489 bytes]","args":[{"element-6066-11e4-a52e-4f735466cecf":"f.0C7D383FA3E737A876F1AD61BD78151D.d.FFAC0A336C314BF6FD328A63795D5522.e.19599","ELEMENT":"f.0C7D383FA3E737A876F1AD61BD78151D.d.FFAC0A336C314BF6FD328A63795D5522.e.19599"}]}
RESULT: {}
RESULT: {"script":"<script> [8489 bytes]","args":[{"element-6066-11e4-a52e-4f735466cecf":"f.0C7D383FA3E737A876F1AD61BD78151D.d.FFAC0A336C314BF6FD328A63795D5522.e.19599","ELEMENT":"f.0C7D383FA3E737A876F1AD61BD78151D.d.FFAC0A336C314BF6FD328A63795D5522.e.19599"}]}
COMMAND: POST /session/b4821e91125fc57ae8b08a301666550d/execute/sync - {"script":"<script> [5351 bytes]","args":[{"element-6066-11e4-a52e-4f735466cecf":"f.0C7D383FA3E737A876F1AD61BD78151D.d.FFAC0A336C314BF6FD328A63795D5522.e.19599","ELEMENT":"f.0C7D383FA3E737A876F1AD61BD78151D.d.FFAC0A336C314BF6FD328A63795D5522.e.19599"}]}
COMMAND: GET /session/b4821e91125fc57ae8b08a301666550d/screenshot - {}
RESULT: {"script":"<script> [5351 bytes]","args":[{"element-6066-11e4-a52e-4f735466cecf":"f.0C7D383FA3E737A876F1AD61BD78151D.d.FFAC0A336C314BF6FD328A63795D5522.e.19599","ELEMENT":"f.0C7D383FA3E737A876F1AD61BD78151D.d.FFAC0A336C314BF6FD328A63795D5522.e.19599"}]}
COMMAND: POST /session/b4821e91125fc57ae8b08a301666550d/element - {"using":"css selector","value":"#shell-header-logo"}
COMMAND: GET /session/b4821e91125fc57ae8b08a301666550d/screenshot - {}
RESULT: {}
RESULT: {"using":"css selector","value":"#shell-header-logo"}
COMMAND: POST /session/b4821e91125fc57ae8b08a301666550d/element/f.0C7D383FA3E737A876F1AD61BD78151D.d.FFAC0A336C314BF6FD328A63795D5522.e.19599/click - {}
RESULT: {}
RESULT: {}
COMMAND: GET /session/b4821e91125fc57ae8b08a301666550d/screenshot - {}
RESULT: {}
COMMAND: POST /session/b4821e91125fc57ae8b08a301666550d/execute/async - {"script":"<script> [189 bytes]","args":[]}
RESULT: {"script":"<script> [189 bytes]","args":[]}
COMMAND: POST /session/b4821e91125fc57ae8b08a301666550d/execute/async - {"script":"<script> [123 bytes]","args":[]}
RESULT: {"script":"<script> [123 bytes]","args":[]}
COMMAND: POST /session/b4821e91125fc57ae8b08a301666550d/timeouts - {"script":"<number>"}
RESULT: {"script":"<number>"}
COMMAND: GET /session/b4821e91125fc57ae8b08a301666550d/timeouts - {}
RESULT: {}
RESULT: undefined
COMMAND: POST /session/b4821e91125fc57ae8b08a301666550d/execute/async - {"script":"<script> [2676 bytes]","args":[]}
RESULT: {"script":"<script> [2676 bytes]","args":[]}
COMMAND: POST /session/b4821e91125fc57ae8b08a301666550d/execute/async - {"script":"<script> [2342 bytes]","args":[{"protocol":"http","hostname":"0.0.0.0","path":"/","capabilities":{"browserName":"chrome","goog:chromeOptions":{"binary":"C:\\Program Files\\Google\\Chrome\\Application\\chrome.exe","args":["--start-maximized"]}},"logLevel":"warn","connectionRetryTimeout":120000,"connectionRetryCount":3,"logLevels":{},"enableDirectConnect":true,"strictSSL":true,"_":"65 more keys: [\"cacheDir\",\"port\",\"requestedCapabilities\",\"automationProtocol\",\"baseUrl\",\"waitforInterval\",\"waitforTimeout\",\"onReload\",\"beforeCommand\",\"afterCommand\",\"rootDir\",\"specs\",\"suites\",\"exclude\",\"groupLogsByTestSpec\",\"excludeDriverLogs\",\"bail\",\"framework\",\"reporters\",\"services\",\"maxInstances\",\"maxInstancesPerCapability\",\"injectGlobals\",\"filesToWatch\",\"execArgv\",\"runnerEnv\",\"runner\",\"shard\",\"specFileRetries\",\"specFileRetriesDelay\",\"specFileRetriesDeferred\",\"reporterSyncInterval\",\"reporterSyncTimeout\",\"cucumberFeaturesWithLineNumbers\",\"autoCompileOpts\",\"mochaOpts\",\"jasmineOpts\",\"cucumberOpts\",\"onPrepare\",\"onWorkerStart\",\"onWorkerEnd\",\"before\",\"beforeSession\",\"beforeSuite\",\"beforeHook\",\"beforeTest\",\"afterTest\",\"afterHook\",\"afterSuite\",\"afterSession\",\"after\",\"onComplete\",\"beforeAssertion\",\"afterAssertion\",\"beforeFeature\",\"beforeScenario\",\"beforeStep\",\"afterStep\",\"afterScenario\",\"afterFeature\",\"_\",\"suite\",\"$0\",\"ignoredWorkerServices\",\"wdi5\"]"}]}
RESULT: {"script":"<script> [2342 bytes]","args":[{"protocol":"http","hostname":"0.0.0.0","path":"/","capabilities":{"browserName":"chrome","goog:chromeOptions":{"binary":"C:\\Program Files\\Google\\Chrome\\Application\\chrome.exe","args":["--start-maximized"]}},"logLevel":"warn","connectionRetryTimeout":120000,"connectionRetryCount":3,"logLevels":{},"enableDirectConnect":true,"strictSSL":true,"_":"65 more keys: [\"cacheDir\",\"port\",\"requestedCapabilities\",\"automationProtocol\",\"baseUrl\",\"waitforInterval\",\"waitforTimeout\",\"onReload\",\"beforeCommand\",\"afterCommand\",\"rootDir\",\"specs\",\"suites\",\"exclude\",\"groupLogsByTestSpec\",\"excludeDriverLogs\",\"bail\",\"framework\",\"reporters\",\"services\",\"maxInstances\",\"maxInstancesPerCapability\",\"injectGlobals\",\"filesToWatch\",\"execArgv\",\"runnerEnv\",\"runner\",\"shard\",\"specFileRetries\",\"specFileRetriesDelay\",\"specFileRetriesDeferred\",\"reporterSyncInterval\",\"reporterSyncTimeout\",\"cucumberFeaturesWithLineNumbers\",\"autoCompileOpts\",\"mochaOpts\",\"jasmineOpts\",\"cucumberOpts\",\"onPrepare\",\"onWorkerStart\",\"onWorkerEnd\",\"before\",\"beforeSession\",\"beforeSuite\",\"beforeHook\",\"beforeTest\",\"afterTest\",\"afterHook\",\"afterSuite\",\"afterSession\",\"after\",\"onComplete\",\"beforeAssertion\",\"afterAssertion\",\"beforeFeature\",\"beforeScenario\",\"beforeStep\",\"afterStep\",\"afterScenario\",\"afterFeature\",\"_\",\"suite\",\"$0\",\"ignoredWorkerServices\",\"wdi5\"]"}]}
COMMAND: POST /session/b4821e91125fc57ae8b08a301666550d/execute/async - {"script":"<script> [21126 bytes]","args":[35000]}
RESULT: {"script":"<script> [21126 bytes]","args":[35000]}
COMMAND: POST /session/b4821e91125fc57ae8b08a301666550d/window/maximize - {}
RESULT: {}
COMMAND: POST /session/b4821e91125fc57ae8b08a301666550d/execute/async - {"script":"<script> [1562 bytes]","args":[{"selector":{"id":"shell-header","interaction":{"idSuffix":"icon"}},"wdio_ui5_key":"shellheader"}]}
COMMAND: GET /session/b4821e91125fc57ae8b08a301666550d/screenshot - {}
RESULT: {"script":"<script> [1562 bytes]","args":[{"selector":{"id":"shell-header","interaction":{"idSuffix":"icon"}},"wdio_ui5_key":"shellheader"}]}
RESULT: undefined
COMMAND: POST /session/b4821e91125fc57ae8b08a301666550d/refresh - {}
RESULT: {}
RESULT: {}
COMMAND: GET /session/b4821e91125fc57ae8b08a301666550d/screenshot - {}
RESULT: {}
COMMAND: POST /session/b4821e91125fc57ae8b08a301666550d/refresh - {}
RESULT: {}
COMMAND: GET /session/b4821e91125fc57ae8b08a301666550d/screenshot - {}
RESULT: {}
COMMAND: POST /session/b4821e91125fc57ae8b08a301666550d/window/fullscreen - {}
RESULT: {}
COMMAND: POST /session/b4821e91125fc57ae8b08a301666550d/execute/async - {"script":"<script> [189 bytes]","args":[]}
RESULT: {"script":"<script> [189 bytes]","args":[]}
COMMAND: POST /session/b4821e91125fc57ae8b08a301666550d/execute/async - {"script":"<script> [123 bytes]","args":[]}
RESULT: {"script":"<script> [123 bytes]","args":[]}
COMMAND: POST /session/b4821e91125fc57ae8b08a301666550d/timeouts - {"script":"<number>"}
RESULT: {"script":"<number>"}
COMMAND: GET /session/b4821e91125fc57ae8b08a301666550d/timeouts - {}
RESULT: {}
RESULT: undefined
COMMAND: POST /session/b4821e91125fc57ae8b08a301666550d/execute/async - {"script":"<script> [2676 bytes]","args":[]}
RESULT: {"script":"<script> [2676 bytes]","args":[]}
COMMAND: POST /session/b4821e91125fc57ae8b08a301666550d/execute/async - {"script":"<script> [2342 bytes]","args":[{"protocol":"http","hostname":"0.0.0.0","path":"/","capabilities":{"browserName":"chrome","goog:chromeOptions":{"binary":"C:\\Program Files\\Google\\Chrome\\Application\\chrome.exe","args":["--start-maximized"]}},"logLevel":"warn","connectionRetryTimeout":120000,"connectionRetryCount":3,"logLevels":{},"enableDirectConnect":true,"strictSSL":true,"_":"65 more keys: [\"cacheDir\",\"port\",\"requestedCapabilities\",\"automationProtocol\",\"baseUrl\",\"waitforInterval\",\"waitforTimeout\",\"onReload\",\"beforeCommand\",\"afterCommand\",\"rootDir\",\"specs\",\"suites\",\"exclude\",\"groupLogsByTestSpec\",\"excludeDriverLogs\",\"bail\",\"framework\",\"reporters\",\"services\",\"maxInstances\",\"maxInstancesPerCapability\",\"injectGlobals\",\"filesToWatch\",\"execArgv\",\"runnerEnv\",\"runner\",\"shard\",\"specFileRetries\",\"specFileRetriesDelay\",\"specFileRetriesDeferred\",\"reporterSyncInterval\",\"reporterSyncTimeout\",\"cucumberFeaturesWithLineNumbers\",\"autoCompileOpts\",\"mochaOpts\",\"jasmineOpts\",\"cucumberOpts\",\"onPrepare\",\"onWorkerStart\",\"onWorkerEnd\",\"before\",\"beforeSession\",\"beforeSuite\",\"beforeHook\",\"beforeTest\",\"afterTest\",\"afterHook\",\"afterSuite\",\"afterSession\",\"after\",\"onComplete\",\"beforeAssertion\",\"afterAssertion\",\"beforeFeature\",\"beforeScenario\",\"beforeStep\",\"afterStep\",\"afterScenario\",\"afterFeature\",\"_\",\"suite\",\"$0\",\"ignoredWorkerServices\",\"wdi5\"]"}]}
RESULT: {"script":"<script> [2342 bytes]","args":[{"protocol":"http","hostname":"0.0.0.0","path":"/","capabilities":{"browserName":"chrome","goog:chromeOptions":{"binary":"C:\\Program Files\\Google\\Chrome\\Application\\chrome.exe","args":["--start-maximized"]}},"logLevel":"warn","connectionRetryTimeout":120000,"connectionRetryCount":3,"logLevels":{},"enableDirectConnect":true,"strictSSL":true,"_":"65 more keys: [\"cacheDir\",\"port\",\"requestedCapabilities\",\"automationProtocol\",\"baseUrl\",\"waitforInterval\",\"waitforTimeout\",\"onReload\",\"beforeCommand\",\"afterCommand\",\"rootDir\",\"specs\",\"suites\",\"exclude\",\"groupLogsByTestSpec\",\"excludeDriverLogs\",\"bail\",\"framework\",\"reporters\",\"services\",\"maxInstances\",\"maxInstancesPerCapability\",\"injectGlobals\",\"filesToWatch\",\"execArgv\",\"runnerEnv\",\"runner\",\"shard\",\"specFileRetries\",\"specFileRetriesDelay\",\"specFileRetriesDeferred\",\"reporterSyncInterval\",\"reporterSyncTimeout\",\"cucumberFeaturesWithLineNumbers\",\"autoCompileOpts\",\"mochaOpts\",\"jasmineOpts\",\"cucumberOpts\",\"onPrepare\",\"onWorkerStart\",\"onWorkerEnd\",\"before\",\"beforeSession\",\"beforeSuite\",\"beforeHook\",\"beforeTest\",\"afterTest\",\"afterHook\",\"afterSuite\",\"afterSession\",\"after\",\"onComplete\",\"beforeAssertion\",\"afterAssertion\",\"beforeFeature\",\"beforeScenario\",\"beforeStep\",\"afterStep\",\"afterScenario\",\"afterFeature\",\"_\",\"suite\",\"$0\",\"ignoredWorkerServices\",\"wdi5\"]"}]}
COMMAND: POST /session/b4821e91125fc57ae8b08a301666550d/execute/async - {"script":"<script> [21126 bytes]","args":[35000]}
RESULT: {"script":"<script> [21126 bytes]","args":[35000]}
]]></system-out>
    </testcase>
  </testsuite>
  <testsuite timestamp="2025-05-19T06:30:11" time="163.738" tests="6" failures="0" errors="0" skipped="0">
    <properties>
      <property name="specId" value="0" />
      <property name="suiteName" value="Return from Site w/ warehouse management w/ clarification US125588" />
      <property name="capabilities" value="chrome.136_0_7103_93.windows" />
      <property name="file" value="file:///D:/a/1/s/test/specs/HTR/return-from-site-w-warehouse-management-w-clarification.spec.js" />
    </properties>
    <testcase classname="chrome.136_0_7103_93.windows.Return_from_Site_w/_warehouse_management_w/_clarification_US125588" name="Should create a new WHM yard" time="0.013">
      <system-out><![CDATA[
COMMAND: POST /session/b4821e91125fc57ae8b08a301666550d/window/fullscreen - {}
RESULT: {}
]]></system-out>
    </testcase>
    <testcase classname="chrome.136_0_7103_93.windows.Return_from_Site_w/_warehouse_management_w/_clarification_US125588" name="Should create a new external WHM partner" time="0.003" />
    <testcase classname="chrome.136_0_7103_93.windows.Return_from_Site_w/_warehouse_management_w/_clarification_US125588" name="Should create a new WHM site" time="0.003" />
    <testcase classname="chrome.136_0_7103_93.windows.Return_from_Site_w/_warehouse_management_w/_clarification_US125588" name="Should create a new material" time="118.02">
      <system-out><![CDATA[
COMMAND: POST /session/b4821e91125fc57ae8b08a301666550d/execute/async - {"script":"<script> [1562 bytes]","args":[{"selector":{"controlType":"sap.m.GenericTile","properties":{"header":"Manage Resources"}},"wdio_ui5_key":"sapm.GenericTile{\"header\":\"Manage Resources\"}"}]}
RESULT: {"script":"<script> [1562 bytes]","args":[{"selector":{"controlType":"sap.m.GenericTile","properties":{"header":"Manage Resources"}},"wdio_ui5_key":"sapm.GenericTile{\"header\":\"Manage Resources\"}"}]}
RESULT: undefined
COMMAND: POST /session/b4821e91125fc57ae8b08a301666550d/element - {"using":"xpath","value":"//*[@id=\"__tile39\"]"}
RESULT: {"using":"xpath","value":"//*[@id=\"__tile39\"]"}
COMMAND: POST /session/b4821e91125fc57ae8b08a301666550d/element/f.0C7D383FA3E737A876F1AD61BD78151D.d.EBF415646DB370BCE366FC4E1A1439FF.e.19760/click - {}
RESULT: {}
COMMAND: GET /session/b4821e91125fc57ae8b08a301666550d/screenshot - {}
RESULT: {}
COMMAND: POST /session/b4821e91125fc57ae8b08a301666550d/elements - {"using":"xpath","value":"//span[text()='Error']"}
RESULT: {"using":"xpath","value":"//span[text()='Error']"}
COMMAND: POST /session/b4821e91125fc57ae8b08a301666550d/element - {"using":"xpath","value":"//button[@data-kt=\"addNewRUOverflowToolbarButton\"]"}
RESULT: {"using":"xpath","value":"//button[@data-kt=\"addNewRUOverflowToolbarButton\"]"}
COMMAND: POST /session/b4821e91125fc57ae8b08a301666550d/elements - {"using":"xpath","value":"//button[@data-kt=\"addNewRUOverflowToolbarButton\"]"}
RESULT: {"using":"xpath","value":"//button[@data-kt=\"addNewRUOverflowToolbarButton\"]"}
COMMAND: POST /session/b4821e91125fc57ae8b08a301666550d/execute/sync - {"script":"<script> [8489 bytes]","args":[{"element-6066-11e4-a52e-4f735466cecf":"f.0C7D383FA3E737A876F1AD61BD78151D.d.EBF415646DB370BCE366FC4E1A1439FF.e.19900","ELEMENT":"f.0C7D383FA3E737A876F1AD61BD78151D.d.EBF415646DB370BCE366FC4E1A1439FF.e.19900"}]}
RESULT: {"script":"<script> [8489 bytes]","args":[{"element-6066-11e4-a52e-4f735466cecf":"f.0C7D383FA3E737A876F1AD61BD78151D.d.EBF415646DB370BCE366FC4E1A1439FF.e.19900","ELEMENT":"f.0C7D383FA3E737A876F1AD61BD78151D.d.EBF415646DB370BCE366FC4E1A1439FF.e.19900"}]}
COMMAND: GET /session/b4821e91125fc57ae8b08a301666550d/element/f.0C7D383FA3E737A876F1AD61BD78151D.d.EBF415646DB370BCE366FC4E1A1439FF.e.19900/enabled - {}
COMMAND: GET /session/b4821e91125fc57ae8b08a301666550d/screenshot - {}
RESULT: {}
COMMAND: POST /session/b4821e91125fc57ae8b08a301666550d/execute/sync - {"script":"<script> [8489 bytes]","args":[{"element-6066-11e4-a52e-4f735466cecf":"f.0C7D383FA3E737A876F1AD61BD78151D.d.EBF415646DB370BCE366FC4E1A1439FF.e.19900","ELEMENT":"f.0C7D383FA3E737A876F1AD61BD78151D.d.EBF415646DB370BCE366FC4E1A1439FF.e.19900"}]}
COMMAND: GET /session/b4821e91125fc57ae8b08a301666550d/screenshot - {}
RESULT: {}
RESULT: {"script":"<script> [8489 bytes]","args":[{"element-6066-11e4-a52e-4f735466cecf":"f.0C7D383FA3E737A876F1AD61BD78151D.d.EBF415646DB370BCE366FC4E1A1439FF.e.19900","ELEMENT":"f.0C7D383FA3E737A876F1AD61BD78151D.d.EBF415646DB370BCE366FC4E1A1439FF.e.19900"}]}
COMMAND: POST /session/b4821e91125fc57ae8b08a301666550d/execute/sync - {"script":"<script> [5351 bytes]","args":[{"element-6066-11e4-a52e-4f735466cecf":"f.0C7D383FA3E737A876F1AD61BD78151D.d.EBF415646DB370BCE366FC4E1A1439FF.e.19900","ELEMENT":"f.0C7D383FA3E737A876F1AD61BD78151D.d.EBF415646DB370BCE366FC4E1A1439FF.e.19900"}]}
COMMAND: GET /session/b4821e91125fc57ae8b08a301666550d/screenshot - {}
RESULT: {}
RESULT: {"script":"<script> [5351 bytes]","args":[{"element-6066-11e4-a52e-4f735466cecf":"f.0C7D383FA3E737A876F1AD61BD78151D.d.EBF415646DB370BCE366FC4E1A1439FF.e.19900","ELEMENT":"f.0C7D383FA3E737A876F1AD61BD78151D.d.EBF415646DB370BCE366FC4E1A1439FF.e.19900"}]}
COMMAND: POST /session/b4821e91125fc57ae8b08a301666550d/element/f.0C7D383FA3E737A876F1AD61BD78151D.d.EBF415646DB370BCE366FC4E1A1439FF.e.19900/click - {}
COMMAND: GET /session/b4821e91125fc57ae8b08a301666550d/screenshot - {}
RESULT: {}
RESULT: {}
COMMAND: GET /session/b4821e91125fc57ae8b08a301666550d/screenshot - {}
RESULT: {}
RESULT: {}
COMMAND: POST /session/b4821e91125fc57ae8b08a301666550d/execute/async - {"script":"<script> [1562 bytes]","args":[{"selector":{"id":"application-manageresources-display-component---newResourceUnit--TYPE-arrow"},"wdio_ui5_key":"applicationmanageresources-display-component---newResourceUnit--TYPE-arrow"}]}
RESULT: {"script":"<script> [1562 bytes]","args":[{"selector":{"id":"application-manageresources-display-component---newResourceUnit--TYPE-arrow"},"wdio_ui5_key":"applicationmanageresources-display-component---newResourceUnit--TYPE-arrow"}]}
RESULT: undefined
COMMAND: POST /session/b4821e91125fc57ae8b08a301666550d/element - {"using":"xpath","value":"//*[@id=\"application-manageresources-display-component---newResourceUnit--TYPE-arrow\"]"}
RESULT: {"using":"xpath","value":"//*[@id=\"application-manageresources-display-component---newResourceUnit--TYPE-arrow\"]"}
COMMAND: POST /session/b4821e91125fc57ae8b08a301666550d/element/f.0C7D383FA3E737A876F1AD61BD78151D.d.EBF415646DB370BCE366FC4E1A1439FF.e.20263/click - {}
RESULT: {}
COMMAND: POST /session/b4821e91125fc57ae8b08a301666550d/element - {"using":"xpath","value":"//input[@id=\"application-manageresources-display-component---newResourceUnit--TYPE-inner\"]"}
COMMAND: GET /session/b4821e91125fc57ae8b08a301666550d/screenshot - {}
RESULT: {"using":"xpath","value":"//input[@id=\"application-manageresources-display-component---newResourceUnit--TYPE-inner\"]"}
COMMAND: POST /session/b4821e91125fc57ae8b08a301666550d/element/f.0C7D383FA3E737A876F1AD61BD78151D.d.EBF415646DB370BCE366FC4E1A1439FF.e.20254/clear - {}
RESULT: {}
RESULT: {}
COMMAND: POST /session/b4821e91125fc57ae8b08a301666550d/element/f.0C7D383FA3E737A876F1AD61BD78151D.d.EBF415646DB370BCE366FC4E1A1439FF.e.20254/value - {"text":"Material"}
COMMAND: GET /session/b4821e91125fc57ae8b08a301666550d/screenshot - {}
RESULT: {"text":"Material"}
COMMAND: GET /session/b4821e91125fc57ae8b08a301666550d/screenshot - {}
RESULT: {}
RESULT: {}
COMMAND: POST /session/b4821e91125fc57ae8b08a301666550d/actions - {"actions":[{"id":"action62","type":"key","parameters":{},"actions":[{"type":"keyDown","value":"î€‡"},{"type":"pause","duration":10},{"type":"keyUp","value":"î€‡"}]}]}
RESULT: {"actions":[{"id":"action62","type":"key","parameters":{},"actions":[{"type":"keyDown","value":"î€‡"},{"type":"pause","duration":10},{"type":"keyUp","value":"î€‡"}]}]}
COMMAND: POST /session/b4821e91125fc57ae8b08a301666550d/execute/async - {"script":"<script> [1562 bytes]","args":[{"selector":{"id":"application-manageresources-display-component---newResourceUnit--SHORT_TEXT","interaction":{"idSuffix":"inner"}},"wdio_ui5_key":"applicationmanageresources-display-component---newResourceUnit--SHORT_TEXT"}]}
COMMAND: GET /session/b4821e91125fc57ae8b08a301666550d/screenshot - {}
RESULT: {"script":"<script> [1562 bytes]","args":[{"selector":{"id":"application-manageresources-display-component---newResourceUnit--SHORT_TEXT","interaction":{"idSuffix":"inner"}},"wdio_ui5_key":"applicationmanageresources-display-component---newResourceUnit--SHORT_TEXT"}]}
RESULT: undefined
COMMAND: POST /session/b4821e91125fc57ae8b08a301666550d/execute/async - {"script":"<script> [776 bytes]","args":[{"enterText":"Cement WDIO","selector":{"id":"application-manageresources-display-component---newResourceUnit--SHORT_TEXT","interaction":{"idSuffix":"inner"}},"clearTextFirst":true,"interactionType":"ENTER_TEXT"}]}
RESULT: {}
RESULT: {"script":"<script> [776 bytes]","args":[{"enterText":"Cement WDIO","selector":{"id":"application-manageresources-display-component---newResourceUnit--SHORT_TEXT","interaction":{"idSuffix":"inner"}},"clearTextFirst":true,"interactionType":"ENTER_TEXT"}]}
COMMAND: POST /session/b4821e91125fc57ae8b08a301666550d/execute/async - {"script":"<script> [1562 bytes]","args":[{"selector":{"id":"application-manageresources-display-component---newResourceUnit--BASE_UNIT_OF_MEASURE","interaction":{"idSuffix":"inner"}},"wdio_ui5_key":"applicationmanageresources-display-component---newResourceUnit--BASE_UNIT_OF_MEASURE"}]}
RESULT: {"script":"<script> [1562 bytes]","args":[{"selector":{"id":"application-manageresources-display-component---newResourceUnit--BASE_UNIT_OF_MEASURE","interaction":{"idSuffix":"inner"}},"wdio_ui5_key":"applicationmanageresources-display-component---newResourceUnit--BASE_UNIT_OF_MEASURE"}]}
RESULT: undefined
COMMAND: POST /session/b4821e91125fc57ae8b08a301666550d/execute/async - {"script":"<script> [776 bytes]","args":[{"enterText":"Piece","selector":{"id":"application-manageresources-display-component---newResourceUnit--BASE_UNIT_OF_MEASURE","interaction":{"idSuffix":"inner"}},"clearTextFirst":true,"interactionType":"ENTER_TEXT"}]}
RESULT: {"script":"<script> [776 bytes]","args":[{"enterText":"Piece","selector":{"id":"application-manageresources-display-component---newResourceUnit--BASE_UNIT_OF_MEASURE","interaction":{"idSuffix":"inner"}},"clearTextFirst":true,"interactionType":"ENTER_TEXT"}]}
COMMAND: POST /session/b4821e91125fc57ae8b08a301666550d/execute/async - {"script":"<script> [1562 bytes]","args":[{"selector":{"id":"application-manageresources-display-component---newResourceUnit--WEIGHT_UNIT","interaction":{"idSuffix":"inner"}},"wdio_ui5_key":"applicationmanageresources-display-component---newResourceUnit--WEIGHT_UNIT"}]}
RESULT: {"script":"<script> [1562 bytes]","args":[{"selector":{"id":"application-manageresources-display-component---newResourceUnit--WEIGHT_UNIT","interaction":{"idSuffix":"inner"}},"wdio_ui5_key":"applicationmanageresources-display-component---newResourceUnit--WEIGHT_UNIT"}]}
RESULT: undefined
COMMAND: POST /session/b4821e91125fc57ae8b08a301666550d/execute/async - {"script":"<script> [776 bytes]","args":[{"enterText":"Gram","selector":{"id":"application-manageresources-display-component---newResourceUnit--WEIGHT_UNIT","interaction":{"idSuffix":"inner"}},"clearTextFirst":true,"interactionType":"ENTER_TEXT"}]}
RESULT: {"script":"<script> [776 bytes]","args":[{"enterText":"Gram","selector":{"id":"application-manageresources-display-component---newResourceUnit--WEIGHT_UNIT","interaction":{"idSuffix":"inner"}},"clearTextFirst":true,"interactionType":"ENTER_TEXT"}]}
COMMAND: POST /session/b4821e91125fc57ae8b08a301666550d/execute/async - {"script":"<script> [1562 bytes]","args":[{"selector":{"id":"application-manageresources-display-component---newResourceUnit--DIMENSION_UNIT","interaction":{"idSuffix":"inner"}},"wdio_ui5_key":"applicationmanageresources-display-component---newResourceUnit--DIMENSION_UNIT"}]}
RESULT: {"script":"<script> [1562 bytes]","args":[{"selector":{"id":"application-manageresources-display-component---newResourceUnit--DIMENSION_UNIT","interaction":{"idSuffix":"inner"}},"wdio_ui5_key":"applicationmanageresources-display-component---newResourceUnit--DIMENSION_UNIT"}]}
RESULT: undefined
COMMAND: POST /session/b4821e91125fc57ae8b08a301666550d/execute/async - {"script":"<script> [776 bytes]","args":[{"enterText":"Meter","selector":{"id":"application-manageresources-display-component---newResourceUnit--DIMENSION_UNIT","interaction":{"idSuffix":"inner"}},"clearTextFirst":true,"interactionType":"ENTER_TEXT"}]}
RESULT: {"script":"<script> [776 bytes]","args":[{"enterText":"Meter","selector":{"id":"application-manageresources-display-component---newResourceUnit--DIMENSION_UNIT","interaction":{"idSuffix":"inner"}},"clearTextFirst":true,"interactionType":"ENTER_TEXT"}]}
COMMAND: POST /session/b4821e91125fc57ae8b08a301666550d/execute/async - {"script":"<script> [1562 bytes]","args":[{"selector":{"id":"application-manageresources-display-component---newResourceUnit--newRRUPage-anchBar-application-manageresources-display-component---newResourceUnit--control-anchor","interaction":{"idSuffix":"BDI-content"}},"wdio_ui5_key":"applicationmanageresources-display-component---newResourceUnit--newRRUPage-anchBar-application-manageresources-display-component---newResourceUnit--control-anchor"}]}
RESULT: {"script":"<script> [1562 bytes]","args":[{"selector":{"id":"application-manageresources-display-component---newResourceUnit--newRRUPage-anchBar-application-manageresources-display-component---newResourceUnit--control-anchor","interaction":{"idSuffix":"BDI-content"}},"wdio_ui5_key":"applicationmanageresources-display-component---newResourceUnit--newRRUPage-anchBar-application-manageresources-display-component---newResourceUnit--control-anchor"}]}
RESULT: undefined
COMMAND: POST /session/b4821e91125fc57ae8b08a301666550d/element - {"using":"xpath","value":"//*[@id=\"application-manageresources-display-component---newResourceUnit--newRRUPage-anchBar-application-manageresources-display-component---newResourceUnit--control-anchor\"]"}
RESULT: {"using":"xpath","value":"//*[@id=\"application-manageresources-display-component---newResourceUnit--newRRUPage-anchBar-application-manageresources-display-component---newResourceUnit--control-anchor\"]"}
COMMAND: POST /session/b4821e91125fc57ae8b08a301666550d/element/f.0C7D383FA3E737A876F1AD61BD78151D.d.EBF415646DB370BCE366FC4E1A1439FF.e.20330/click - {}
RESULT: {}
COMMAND: POST /session/b4821e91125fc57ae8b08a301666550d/execute/async - {"script":"<script> [1562 bytes]","args":[{"selector":{"id":"application-manageresources-display-component---newResourceUnit--PLANNING_GROUP","interaction":{"idSuffix":"inner"}},"wdio_ui5_key":"applicationmanageresources-display-component---newResourceUnit--PLANNING_GROUP"}]}
COMMAND: GET /session/b4821e91125fc57ae8b08a301666550d/screenshot - {}
RESULT: {"script":"<script> [1562 bytes]","args":[{"selector":{"id":"application-manageresources-display-component---newResourceUnit--PLANNING_GROUP","interaction":{"idSuffix":"inner"}},"wdio_ui5_key":"applicationmanageresources-display-component---newResourceUnit--PLANNING_GROUP"}]}
RESULT: undefined
COMMAND: POST /session/b4821e91125fc57ae8b08a301666550d/execute/async - {"script":"<script> [776 bytes]","args":[{"enterText":"Material","selector":{"id":"application-manageresources-display-component---newResourceUnit--PLANNING_GROUP","interaction":{"idSuffix":"inner"}},"clearTextFirst":true,"interactionType":"ENTER_TEXT"}]}
RESULT: {}
RESULT: {"script":"<script> [776 bytes]","args":[{"enterText":"Material","selector":{"id":"application-manageresources-display-component---newResourceUnit--PLANNING_GROUP","interaction":{"idSuffix":"inner"}},"clearTextFirst":true,"interactionType":"ENTER_TEXT"}]}
COMMAND: POST /session/b4821e91125fc57ae8b08a301666550d/execute/async - {"script":"<script> [1562 bytes]","args":[{"selector":{"id":"application-manageresources-display-component---newResourceUnit--PLANNING_INDICATOR","interaction":{"idSuffix":"inner"}},"wdio_ui5_key":"applicationmanageresources-display-component---newResourceUnit--PLANNING_INDICATOR"}]}
RESULT: {"script":"<script> [1562 bytes]","args":[{"selector":{"id":"application-manageresources-display-component---newResourceUnit--PLANNING_INDICATOR","interaction":{"idSuffix":"inner"}},"wdio_ui5_key":"applicationmanageresources-display-component---newResourceUnit--PLANNING_INDICATOR"}]}
RESULT: undefined
COMMAND: POST /session/b4821e91125fc57ae8b08a301666550d/execute/async - {"script":"<script> [776 bytes]","args":[{"enterText":"10 - infinite","selector":{"id":"application-manageresources-display-component---newResourceUnit--PLANNING_INDICATOR","interaction":{"idSuffix":"inner"}},"clearTextFirst":true,"interactionType":"ENTER_TEXT"}]}
RESULT: {"script":"<script> [776 bytes]","args":[{"enterText":"10 - infinite","selector":{"id":"application-manageresources-display-component---newResourceUnit--PLANNING_INDICATOR","interaction":{"idSuffix":"inner"}},"clearTextFirst":true,"interactionType":"ENTER_TEXT"}]}
COMMAND: POST /session/b4821e91125fc57ae8b08a301666550d/element - {"using":"css selector","value":"#application-manageresources-display-component---newResourceUnit--btnAddTimeSegment"}
RESULT: {"using":"css selector","value":"#application-manageresources-display-component---newResourceUnit--btnAddTimeSegment"}
COMMAND: GET /session/b4821e91125fc57ae8b08a301666550d/element/f.0C7D383FA3E737A876F1AD61BD78151D.d.EBF415646DB370BCE366FC4E1A1439FF.e.20338/rect - {}
RESULT: {}
COMMAND: GET /session/b4821e91125fc57ae8b08a301666550d/window/rect - {}
RESULT: {}
COMMAND: POST /session/b4821e91125fc57ae8b08a301666550d/execute/sync - {"script":"<script> [92 bytes]","args":[]}
RESULT: {"script":"<script> [92 bytes]","args":[]}
COMMAND: POST /session/b4821e91125fc57ae8b08a301666550d/actions - {"actions":[{"id":"action63","type":"wheel","parameters":{},"actions":[{"type":"scroll","x":-1888,"y":-32,"deltaX":0,"deltaY":0,"duration":0,"origin":{"element-6066-11e4-a52e-4f735466cecf":"f.0C7D383FA3E737A876F1AD61BD78151D.d.EBF415646DB370BCE366FC4E1A1439FF.e.20338"}}]}]}
COMMAND: GET /session/b4821e91125fc57ae8b08a301666550d/screenshot - {}
RESULT: {}
COMMAND: POST /session/b4821e91125fc57ae8b08a301666550d/execute/sync - {"script":"<script> [79 bytes]","args":[{"element-6066-11e4-a52e-4f735466cecf":"f.0C7D383FA3E737A876F1AD61BD78151D.d.EBF415646DB370BCE366FC4E1A1439FF.e.20338","ELEMENT":"f.0C7D383FA3E737A876F1AD61BD78151D.d.EBF415646DB370BCE366FC4E1A1439FF.e.20338"},{"block":"start","inline":"nearest"}]}
RESULT: {"script":"<script> [79 bytes]","args":[{"element-6066-11e4-a52e-4f735466cecf":"f.0C7D383FA3E737A876F1AD61BD78151D.d.EBF415646DB370BCE366FC4E1A1439FF.e.20338","ELEMENT":"f.0C7D383FA3E737A876F1AD61BD78151D.d.EBF415646DB370BCE366FC4E1A1439FF.e.20338"},{"block":"start","inline":"nearest"}]}
COMMAND: POST /session/b4821e91125fc57ae8b08a301666550d/execute/async - {"script":"<script> [1562 bytes]","args":[{"selector":{"id":"application-manageresources-display-component---newResourceUnit--btnAddTimeSegment","interaction":{"idSuffix":"inner"}},"wdio_ui5_key":"applicationmanageresources-display-component---newResourceUnit--btnAddTimeSegment"}]}
COMMAND: GET /session/b4821e91125fc57ae8b08a301666550d/screenshot - {}
RESULT: {"script":"<script> [1562 bytes]","args":[{"selector":{"id":"application-manageresources-display-component---newResourceUnit--btnAddTimeSegment","interaction":{"idSuffix":"inner"}},"wdio_ui5_key":"applicationmanageresources-display-component---newResourceUnit--btnAddTimeSegment"}]}
RESULT: undefined
COMMAND: POST /session/b4821e91125fc57ae8b08a301666550d/element - {"using":"xpath","value":"//*[@id=\"application-manageresources-display-component---newResourceUnit--btnAddTimeSegment\"]"}
RESULT: {}
RESULT: {"using":"xpath","value":"//*[@id=\"application-manageresources-display-component---newResourceUnit--btnAddTimeSegment\"]"}
COMMAND: POST /session/b4821e91125fc57ae8b08a301666550d/element/f.0C7D383FA3E737A876F1AD61BD78151D.d.EBF415646DB370BCE366FC4E1A1439FF.e.20338/click - {}
RESULT: {}
COMMAND: GET /session/b4821e91125fc57ae8b08a301666550d/screenshot - {}
RESULT: {}
COMMAND: POST /session/b4821e91125fc57ae8b08a301666550d/element - {"using":"xpath","value":"//input[@id=\"application-manageresources-display-component---newResourceUnit--idRuTSAdmin-application-manageresources-display-component---newResourceUnit--RUTimeSegment-0-inner\"]"}
RESULT: {"using":"xpath","value":"//input[@id=\"application-manageresources-display-component---newResourceUnit--idRuTSAdmin-application-manageresources-display-component---newResourceUnit--RUTimeSegment-0-inner\"]"}
COMMAND: POST /session/b4821e91125fc57ae8b08a301666550d/element/f.0C7D383FA3E737A876F1AD61BD78151D.d.EBF415646DB370BCE366FC4E1A1439FF.e.20343/clear - {}
RESULT: {}
COMMAND: POST /session/b4821e91125fc57ae8b08a301666550d/element/f.0C7D383FA3E737A876F1AD61BD78151D.d.EBF415646DB370BCE366FC4E1A1439FF.e.20343/value - {"text":"540"}
COMMAND: GET /session/b4821e91125fc57ae8b08a301666550d/screenshot - {}
RESULT: {"text":"540"}
COMMAND: GET /session/b4821e91125fc57ae8b08a301666550d/screenshot - {}
RESULT: {}
RESULT: {}
COMMAND: POST /session/b4821e91125fc57ae8b08a301666550d/element - {"using":"xpath","value":"//li[.//span[text()='540']]"}
RESULT: {"using":"xpath","value":"//li[.//span[text()='540']]"}
COMMAND: POST /session/b4821e91125fc57ae8b08a301666550d/element/f.0C7D383FA3E737A876F1AD61BD78151D.d.EBF415646DB370BCE366FC4E1A1439FF.e.20352/click - {}
RESULT: {}
COMMAND: GET /session/b4821e91125fc57ae8b08a301666550d/screenshot - {}
RESULT: {}
COMMAND: POST /session/b4821e91125fc57ae8b08a301666550d/element - {"using":"xpath","value":"(//span[contains(@id, \"-application-manageresources-display-component---newResourceUnit--RUTimeSegment-0-arrow\")])[2]"}
RESULT: {"using":"xpath","value":"(//span[contains(@id, \"-application-manageresources-display-component---newResourceUnit--RUTimeSegment-0-arrow\")])[2]"}
COMMAND: POST /session/b4821e91125fc57ae8b08a301666550d/element/f.0C7D383FA3E737A876F1AD61BD78151D.d.EBF415646DB370BCE366FC4E1A1439FF.e.20353/click - {}
RESULT: {}
COMMAND: POST /session/b4821e91125fc57ae8b08a301666550d/element - {"using":"xpath","value":"//span[contains(text(), \"PM Order\")]"}
COMMAND: GET /session/b4821e91125fc57ae8b08a301666550d/screenshot - {}
RESULT: {"using":"xpath","value":"//span[contains(text(), \"PM Order\")]"}
COMMAND: POST /session/b4821e91125fc57ae8b08a301666550d/element/f.0C7D383FA3E737A876F1AD61BD78151D.d.EBF415646DB370BCE366FC4E1A1439FF.e.20354/click - {}
RESULT: {}
RESULT: {}
COMMAND: GET /session/b4821e91125fc57ae8b08a301666550d/screenshot - {}
RESULT: {}
COMMAND: POST /session/b4821e91125fc57ae8b08a301666550d/element - {"using":"xpath","value":"//td/div/div/div/span[contains(@id, \"newResourceUnit--RUTimeSegment-0-vhi\")][1]"}
RESULT: {"using":"xpath","value":"//td/div/div/div/span[contains(@id, \"newResourceUnit--RUTimeSegment-0-vhi\")][1]"}
COMMAND: GET /session/b4821e91125fc57ae8b08a301666550d/element/f.0C7D383FA3E737A876F1AD61BD78151D.d.EBF415646DB370BCE366FC4E1A1439FF.e.20358/rect - {}
RESULT: {}
COMMAND: GET /session/b4821e91125fc57ae8b08a301666550d/window/rect - {}
RESULT: {}
COMMAND: POST /session/b4821e91125fc57ae8b08a301666550d/execute/sync - {"script":"<script> [92 bytes]","args":[]}
RESULT: {"script":"<script> [92 bytes]","args":[]}
COMMAND: POST /session/b4821e91125fc57ae8b08a301666550d/actions - {"actions":[{"id":"action64","type":"wheel","parameters":{},"actions":[{"type":"scroll","x":-1888,"y":-24,"deltaX":0,"deltaY":0,"duration":0,"origin":{"element-6066-11e4-a52e-4f735466cecf":"f.0C7D383FA3E737A876F1AD61BD78151D.d.EBF415646DB370BCE366FC4E1A1439FF.e.20358"}}]}]}
COMMAND: GET /session/b4821e91125fc57ae8b08a301666550d/screenshot - {}
RESULT: {}
COMMAND: POST /session/b4821e91125fc57ae8b08a301666550d/execute/sync - {"script":"<script> [79 bytes]","args":[{"element-6066-11e4-a52e-4f735466cecf":"f.0C7D383FA3E737A876F1AD61BD78151D.d.EBF415646DB370BCE366FC4E1A1439FF.e.20358","ELEMENT":"f.0C7D383FA3E737A876F1AD61BD78151D.d.EBF415646DB370BCE366FC4E1A1439FF.e.20358"},{"block":"start","inline":"nearest"}]}
RESULT: {"script":"<script> [79 bytes]","args":[{"element-6066-11e4-a52e-4f735466cecf":"f.0C7D383FA3E737A876F1AD61BD78151D.d.EBF415646DB370BCE366FC4E1A1439FF.e.20358","ELEMENT":"f.0C7D383FA3E737A876F1AD61BD78151D.d.EBF415646DB370BCE366FC4E1A1439FF.e.20358"},{"block":"start","inline":"nearest"}]}
COMMAND: GET /session/b4821e91125fc57ae8b08a301666550d/screenshot - {}
RESULT: {}
COMMAND: POST /session/b4821e91125fc57ae8b08a301666550d/element/f.0C7D383FA3E737A876F1AD61BD78151D.d.EBF415646DB370BCE366FC4E1A1439FF.e.20358/click - {}
RESULT: {}
COMMAND: GET /session/b4821e91125fc57ae8b08a301666550d/screenshot - {}
RESULT: {}
COMMAND: POST /session/b4821e91125fc57ae8b08a301666550d/execute/async - {"script":"<script> [1562 bytes]","args":[{"selector":{"controlType":"sap.m.SearchField","properties":{"placeholder":"Search"},"searchOpenDialogs":true,"interaction":{"idSuffix":"I"}},"wdio_ui5_key":"sapm.SearchField{\"placeholder\":\"Search\"}"}]}
RESULT: {"script":"<script> [1562 bytes]","args":[{"selector":{"controlType":"sap.m.SearchField","properties":{"placeholder":"Search"},"searchOpenDialogs":true,"interaction":{"idSuffix":"I"}},"wdio_ui5_key":"sapm.SearchField{\"placeholder\":\"Search\"}"}]}
RESULT: undefined
COMMAND: POST /session/b4821e91125fc57ae8b08a301666550d/execute/async - {"script":"<script> [776 bytes]","args":[{"enterText":"4000360","selector":{"controlType":"sap.m.SearchField","properties":{"placeholder":"Search"},"searchOpenDialogs":true,"interaction":{"idSuffix":"I"}},"clearTextFirst":true,"interactionType":"ENTER_TEXT"}]}
RESULT: {"script":"<script> [776 bytes]","args":[{"enterText":"4000360","selector":{"controlType":"sap.m.SearchField","properties":{"placeholder":"Search"},"searchOpenDialogs":true,"interaction":{"idSuffix":"I"}},"clearTextFirst":true,"interactionType":"ENTER_TEXT"}]}
COMMAND: POST /session/b4821e91125fc57ae8b08a301666550d/actions - {"actions":[{"id":"action65","type":"key","parameters":{},"actions":[{"type":"keyDown","value":"î€‡"},{"type":"pause","duration":10},{"type":"keyUp","value":"î€‡"}]}]}
RESULT: {"actions":[{"id":"action65","type":"key","parameters":{},"actions":[{"type":"keyDown","value":"î€‡"},{"type":"pause","duration":10},{"type":"keyUp","value":"î€‡"}]}]}
COMMAND: GET /session/b4821e91125fc57ae8b08a301666550d/screenshot - {}
RESULT: {}
COMMAND: POST /session/b4821e91125fc57ae8b08a301666550d/element - {"using":"xpath","value":"//td/div/span[contains(text(), \"BGL Vehicles\")]"}
RESULT: {"using":"xpath","value":"//td/div/span[contains(text(), \"BGL Vehicles\")]"}
COMMAND: POST /session/b4821e91125fc57ae8b08a301666550d/element/f.0C7D383FA3E737A876F1AD61BD78151D.d.EBF415646DB370BCE366FC4E1A1439FF.e.20379/click - {}
RESULT: {}
COMMAND: GET /session/b4821e91125fc57ae8b08a301666550d/screenshot - {}
RESULT: {}
COMMAND: POST /session/b4821e91125fc57ae8b08a301666550d/element - {"using":"xpath","value":"//bdi[contains(text(), \"OK\")]"}
RESULT: {"using":"xpath","value":"//bdi[contains(text(), \"OK\")]"}
COMMAND: POST /session/b4821e91125fc57ae8b08a301666550d/element/f.0C7D383FA3E737A876F1AD61BD78151D.d.EBF415646DB370BCE366FC4E1A1439FF.e.20380/click - {}
RESULT: {}
COMMAND: GET /session/b4821e91125fc57ae8b08a301666550d/screenshot - {}
RESULT: {}
COMMAND: POST /session/b4821e91125fc57ae8b08a301666550d/element - {"using":"xpath","value":"//label[contains(@class, 'sapMLabelRequired') and .//bdi[contains(text(), 'Planned Retirement')]]"}
RESULT: {"using":"xpath","value":"//label[contains(@class, 'sapMLabelRequired') and .//bdi[contains(text(), 'Planned Retirement')]]"}
COMMAND: POST /session/b4821e91125fc57ae8b08a301666550d/elements - {"using":"xpath","value":"//label[contains(@class, 'sapMLabelRequired') and .//bdi[contains(text(), 'Planned Retirement')]]"}
RESULT: {"using":"xpath","value":"//label[contains(@class, 'sapMLabelRequired') and .//bdi[contains(text(), 'Planned Retirement')]]"}
COMMAND: POST /session/b4821e91125fc57ae8b08a301666550d/element - {"using":"xpath","value":"//button[@data-kt=\"resourceUnitSaveButton\"]"}
RESULT: {"using":"xpath","value":"//button[@data-kt=\"resourceUnitSaveButton\"]"}
COMMAND: POST /session/b4821e91125fc57ae8b08a301666550d/element/f.0C7D383FA3E737A876F1AD61BD78151D.d.EBF415646DB370BCE366FC4E1A1439FF.e.20282/click - {}
RESULT: {}
COMMAND: GET /session/b4821e91125fc57ae8b08a301666550d/screenshot - {}
RESULT: {}
COMMAND: POST /session/b4821e91125fc57ae8b08a301666550d/element - {"using":"xpath","value":"//bdi[contains(text(), \"Close\")]"}
RESULT: {"using":"xpath","value":"//bdi[contains(text(), \"Close\")]"}
COMMAND: POST /session/b4821e91125fc57ae8b08a301666550d/element/f.0C7D383FA3E737A876F1AD61BD78151D.d.EBF415646DB370BCE366FC4E1A1439FF.e.20386/click - {}
RESULT: {}
COMMAND: GET /session/b4821e91125fc57ae8b08a301666550d/screenshot - {}
RESULT: {}
COMMAND: POST /session/b4821e91125fc57ae8b08a301666550d/element - {"using":"xpath","value":"//header[contains(@id, 'detailRruPage-headerTitle')]/div[1]/div[2]/div[2]/span[1]"}
RESULT: {"using":"xpath","value":"//header[contains(@id, 'detailRruPage-headerTitle')]/div[1]/div[2]/div[2]/span[1]"}
COMMAND: POST /session/b4821e91125fc57ae8b08a301666550d/elements - {"using":"xpath","value":"//header[contains(@id, 'detailRruPage-headerTitle')]/div[1]/div[2]/div[2]/span[1]"}
RESULT: {"using":"xpath","value":"//header[contains(@id, 'detailRruPage-headerTitle')]/div[1]/div[2]/div[2]/span[1]"}
COMMAND: POST /session/b4821e91125fc57ae8b08a301666550d/execute/sync - {"script":"<script> [56 bytes]","args":[{"element-6066-11e4-a52e-4f735466cecf":"f.0C7D383FA3E737A876F1AD61BD78151D.d.EBF415646DB370BCE366FC4E1A1439FF.e.20417","ELEMENT":"f.0C7D383FA3E737A876F1AD61BD78151D.d.EBF415646DB370BCE366FC4E1A1439FF.e.20417"}]}
RESULT: {"script":"<script> [56 bytes]","args":[{"element-6066-11e4-a52e-4f735466cecf":"f.0C7D383FA3E737A876F1AD61BD78151D.d.EBF415646DB370BCE366FC4E1A1439FF.e.20417","ELEMENT":"f.0C7D383FA3E737A876F1AD61BD78151D.d.EBF415646DB370BCE366FC4E1A1439FF.e.20417"}]}
COMMAND: POST /session/b4821e91125fc57ae8b08a301666550d/element - {"using":"css selector","value":"#shell-header-logo"}
COMMAND: GET /session/b4821e91125fc57ae8b08a301666550d/screenshot - {}
RESULT: {"using":"css selector","value":"#shell-header-logo"}
COMMAND: POST /session/b4821e91125fc57ae8b08a301666550d/element/f.0C7D383FA3E737A876F1AD61BD78151D.d.EBF415646DB370BCE366FC4E1A1439FF.e.19869/click - {}
RESULT: {}
RESULT: {}
COMMAND: GET /session/b4821e91125fc57ae8b08a301666550d/screenshot - {}
RESULT: {}
]]></system-out>
    </testcase>
    <testcase classname="chrome.136_0_7103_93.windows.Return_from_Site_w/_warehouse_management_w/_clarification_US125588" name="Bin Status Report Should Create New Organization yard" time="0.004" />
    <testcase classname="chrome.136_0_7103_93.windows.Return_from_Site_w/_warehouse_management_w/_clarification_US125588" name="Bin Status Report Should Create New Organization for Site" time="0.003" />
  </testsuite>
  <testsuite timestamp="2025-05-19T06:32:55" time="435.408" tests="7" failures="1" errors="1" skipped="0">
    <properties>
      <property name="specId" value="0" />
      <property name="suiteName" value="Return from Site w/ warehouse management w clarification" />
      <property name="capabilities" value="chrome.136_0_7103_93.windows" />
      <property name="file" value="file:///D:/a/1/s/test/specs/HTR/return-from-site-w-warehouse-management-w-clarification.spec.js" />
    </properties>
    <testcase classname="chrome.136_0_7103_93.windows.Return_from_Site_w/_warehouse_management_w_clarification" name="Should do a stock increase handover" time="83.264">
      <system-out><![CDATA[
COMMAND: POST /session/b4821e91125fc57ae8b08a301666550d/execute/async - {"script":"<script> [1562 bytes]","args":[{"selector":{"controlType":"sap.m.GenericTile","properties":{"header":"Manage Handovers"}},"wdio_ui5_key":"sapm.GenericTile{\"header\":\"Manage Handovers\"}"}]}
RESULT: {"script":"<script> [1562 bytes]","args":[{"selector":{"controlType":"sap.m.GenericTile","properties":{"header":"Manage Handovers"}},"wdio_ui5_key":"sapm.GenericTile{\"header\":\"Manage Handovers\"}"}]}
RESULT: undefined
COMMAND: POST /session/b4821e91125fc57ae8b08a301666550d/element - {"using":"xpath","value":"//*[@id=\"__tile132\"]"}
RESULT: {"using":"xpath","value":"//*[@id=\"__tile132\"]"}
COMMAND: POST /session/b4821e91125fc57ae8b08a301666550d/element/f.0C7D383FA3E737A876F1AD61BD78151D.d.EBF415646DB370BCE366FC4E1A1439FF.e.19845/click - {}
RESULT: {}
COMMAND: GET /session/b4821e91125fc57ae8b08a301666550d/screenshot - {}
RESULT: {}
COMMAND: POST /session/b4821e91125fc57ae8b08a301666550d/elements - {"using":"xpath","value":"//span[text()='Error']"}
RESULT: {"using":"xpath","value":"//span[text()='Error']"}
COMMAND: POST /session/b4821e91125fc57ae8b08a301666550d/element - {"using":"xpath","value":"//button[@data-kt=\"masterHOAddButton\"]"}
RESULT: {"using":"xpath","value":"//button[@data-kt=\"masterHOAddButton\"]"}
COMMAND: POST /session/b4821e91125fc57ae8b08a301666550d/elements - {"using":"xpath","value":"//button[@data-kt=\"masterHOAddButton\"]"}
RESULT: {"using":"xpath","value":"//button[@data-kt=\"masterHOAddButton\"]"}
COMMAND: POST /session/b4821e91125fc57ae8b08a301666550d/execute/sync - {"script":"<script> [8489 bytes]","args":[{"element-6066-11e4-a52e-4f735466cecf":"f.0C7D383FA3E737A876F1AD61BD78151D.d.EBF415646DB370BCE366FC4E1A1439FF.e.20448","ELEMENT":"f.0C7D383FA3E737A876F1AD61BD78151D.d.EBF415646DB370BCE366FC4E1A1439FF.e.20448"}]}
RESULT: {"script":"<script> [8489 bytes]","args":[{"element-6066-11e4-a52e-4f735466cecf":"f.0C7D383FA3E737A876F1AD61BD78151D.d.EBF415646DB370BCE366FC4E1A1439FF.e.20448","ELEMENT":"f.0C7D383FA3E737A876F1AD61BD78151D.d.EBF415646DB370BCE366FC4E1A1439FF.e.20448"}]}
COMMAND: GET /session/b4821e91125fc57ae8b08a301666550d/element/f.0C7D383FA3E737A876F1AD61BD78151D.d.EBF415646DB370BCE366FC4E1A1439FF.e.20448/enabled - {}
COMMAND: GET /session/b4821e91125fc57ae8b08a301666550d/screenshot - {}
RESULT: {}
COMMAND: POST /session/b4821e91125fc57ae8b08a301666550d/execute/sync - {"script":"<script> [8489 bytes]","args":[{"element-6066-11e4-a52e-4f735466cecf":"f.0C7D383FA3E737A876F1AD61BD78151D.d.EBF415646DB370BCE366FC4E1A1439FF.e.20448","ELEMENT":"f.0C7D383FA3E737A876F1AD61BD78151D.d.EBF415646DB370BCE366FC4E1A1439FF.e.20448"}]}
COMMAND: GET /session/b4821e91125fc57ae8b08a301666550d/screenshot - {}
RESULT: {}
RESULT: {"script":"<script> [8489 bytes]","args":[{"element-6066-11e4-a52e-4f735466cecf":"f.0C7D383FA3E737A876F1AD61BD78151D.d.EBF415646DB370BCE366FC4E1A1439FF.e.20448","ELEMENT":"f.0C7D383FA3E737A876F1AD61BD78151D.d.EBF415646DB370BCE366FC4E1A1439FF.e.20448"}]}
COMMAND: POST /session/b4821e91125fc57ae8b08a301666550d/execute/sync - {"script":"<script> [5351 bytes]","args":[{"element-6066-11e4-a52e-4f735466cecf":"f.0C7D383FA3E737A876F1AD61BD78151D.d.EBF415646DB370BCE366FC4E1A1439FF.e.20448","ELEMENT":"f.0C7D383FA3E737A876F1AD61BD78151D.d.EBF415646DB370BCE366FC4E1A1439FF.e.20448"}]}
COMMAND: GET /session/b4821e91125fc57ae8b08a301666550d/screenshot - {}
RESULT: {}
RESULT: {"script":"<script> [5351 bytes]","args":[{"element-6066-11e4-a52e-4f735466cecf":"f.0C7D383FA3E737A876F1AD61BD78151D.d.EBF415646DB370BCE366FC4E1A1439FF.e.20448","ELEMENT":"f.0C7D383FA3E737A876F1AD61BD78151D.d.EBF415646DB370BCE366FC4E1A1439FF.e.20448"}]}
COMMAND: POST /session/b4821e91125fc57ae8b08a301666550d/element/f.0C7D383FA3E737A876F1AD61BD78151D.d.EBF415646DB370BCE366FC4E1A1439FF.e.20448/click - {}
COMMAND: GET /session/b4821e91125fc57ae8b08a301666550d/screenshot - {}
RESULT: {}
RESULT: {}
COMMAND: GET /session/b4821e91125fc57ae8b08a301666550d/screenshot - {}
RESULT: {}
RESULT: {}
COMMAND: POST /session/b4821e91125fc57ae8b08a301666550d/element - {"using":"xpath","value":"//span[contains(@id ,\"AddNewHO--typeSelect-arrow\")]"}
RESULT: {"using":"xpath","value":"//span[contains(@id ,\"AddNewHO--typeSelect-arrow\")]"}
COMMAND: POST /session/b4821e91125fc57ae8b08a301666550d/element/f.0C7D383FA3E737A876F1AD61BD78151D.d.EBF415646DB370BCE366FC4E1A1439FF.e.20809/click - {}
RESULT: {}
COMMAND: GET /session/b4821e91125fc57ae8b08a301666550d/screenshot - {}
RESULT: {}
COMMAND: POST /session/b4821e91125fc57ae8b08a301666550d/element - {"using":"xpath","value":"(//li[contains(text(), \"stock increase yard\")])[1]"}
RESULT: {"using":"xpath","value":"(//li[contains(text(), \"stock increase yard\")])[1]"}
COMMAND: POST /session/b4821e91125fc57ae8b08a301666550d/element/f.0C7D383FA3E737A876F1AD61BD78151D.d.EBF415646DB370BCE366FC4E1A1439FF.e.20810/click - {}
RESULT: {}
COMMAND: GET /session/b4821e91125fc57ae8b08a301666550d/screenshot - {}
RESULT: {}
COMMAND: POST /session/b4821e91125fc57ae8b08a301666550d/execute/async - {"script":"<script> [1562 bytes]","args":[{"selector":{"id":"application-managehandovers-display-component---AddNewHO--dueDate","interaction":{"idSuffix":"inner"}},"wdio_ui5_key":"applicationmanagehandovers-display-component---AddNewHO--dueDate"}]}
RESULT: {"script":"<script> [1562 bytes]","args":[{"selector":{"id":"application-managehandovers-display-component---AddNewHO--dueDate","interaction":{"idSuffix":"inner"}},"wdio_ui5_key":"applicationmanagehandovers-display-component---AddNewHO--dueDate"}]}
RESULT: undefined
COMMAND: POST /session/b4821e91125fc57ae8b08a301666550d/execute/async - {"script":"<script> [6424 bytes]","args":[{"element-6066-11e4-a52e-4f735466cecf":"f.0C7D383FA3E737A876F1AD61BD78151D.d.EBF415646DB370BCE366FC4E1A1439FF.e.20812"},"setValue",["5/19/25"]]}
RESULT: {"script":"<script> [6424 bytes]","args":[{"element-6066-11e4-a52e-4f735466cecf":"f.0C7D383FA3E737A876F1AD61BD78151D.d.EBF415646DB370BCE366FC4E1A1439FF.e.20812"},"setValue",["5/19/25"]]}
COMMAND: POST /session/b4821e91125fc57ae8b08a301666550d/element - {"using":"xpath","value":"//input[@id=\"generalSectionFrg--receiveYard-inner\"]"}
RESULT: {"using":"xpath","value":"//input[@id=\"generalSectionFrg--receiveYard-inner\"]"}
COMMAND: POST /session/b4821e91125fc57ae8b08a301666550d/element/f.0C7D383FA3E737A876F1AD61BD78151D.d.EBF415646DB370BCE366FC4E1A1439FF.e.20816/clear - {}
RESULT: {}
COMMAND: POST /session/b4821e91125fc57ae8b08a301666550d/element/f.0C7D383FA3E737A876F1AD61BD78151D.d.EBF415646DB370BCE366FC4E1A1439FF.e.20816/value - {"text":"540"}
COMMAND: GET /session/b4821e91125fc57ae8b08a301666550d/screenshot - {}
RESULT: {"text":"540"}
COMMAND: GET /session/b4821e91125fc57ae8b08a301666550d/screenshot - {}
RESULT: {}
RESULT: {}
COMMAND: POST /session/b4821e91125fc57ae8b08a301666550d/element - {"using":"xpath","value":"//li[.//span[text()='540']]"}
RESULT: {"using":"xpath","value":"//li[.//span[text()='540']]"}
COMMAND: POST /session/b4821e91125fc57ae8b08a301666550d/element/f.0C7D383FA3E737A876F1AD61BD78151D.d.EBF415646DB370BCE366FC4E1A1439FF.e.20832/click - {}
RESULT: {}
COMMAND: GET /session/b4821e91125fc57ae8b08a301666550d/screenshot - {}
RESULT: {}
COMMAND: POST /session/b4821e91125fc57ae8b08a301666550d/execute/async - {"script":"<script> [1562 bytes]","args":[{"selector":{"id":"application-managehandovers-display-component---AddNewHO--ObjectPageLayout-anchBar-application-managehandovers-display-component---AddNewHO--section4-anchor","interaction":{"idSuffix":"BDI-content"}},"wdio_ui5_key":"applicationmanagehandovers-display-component---AddNewHO--ObjectPageLayout-anchBar-application-managehandovers-display-component---AddNewHO--section4-anchor"}]}
RESULT: {"script":"<script> [1562 bytes]","args":[{"selector":{"id":"application-managehandovers-display-component---AddNewHO--ObjectPageLayout-anchBar-application-managehandovers-display-component---AddNewHO--section4-anchor","interaction":{"idSuffix":"BDI-content"}},"wdio_ui5_key":"applicationmanagehandovers-display-component---AddNewHO--ObjectPageLayout-anchBar-application-managehandovers-display-component---AddNewHO--section4-anchor"}]}
RESULT: undefined
COMMAND: POST /session/b4821e91125fc57ae8b08a301666550d/element - {"using":"xpath","value":"//*[@id=\"application-managehandovers-display-component---AddNewHO--ObjectPageLayout-anchBar-application-managehandovers-display-component---AddNewHO--section4-anchor\"]"}
RESULT: {"using":"xpath","value":"//*[@id=\"application-managehandovers-display-component---AddNewHO--ObjectPageLayout-anchBar-application-managehandovers-display-component---AddNewHO--section4-anchor\"]"}
COMMAND: POST /session/b4821e91125fc57ae8b08a301666550d/element/f.0C7D383FA3E737A876F1AD61BD78151D.d.EBF415646DB370BCE366FC4E1A1439FF.e.20834/click - {}
RESULT: {}
COMMAND: POST /session/b4821e91125fc57ae8b08a301666550d/element - {"using":"xpath","value":"//button[@aria-label=\"Add\"]"}
COMMAND: GET /session/b4821e91125fc57ae8b08a301666550d/screenshot - {}
RESULT: {"using":"xpath","value":"//button[@aria-label=\"Add\"]"}
COMMAND: POST /session/b4821e91125fc57ae8b08a301666550d/element/f.0C7D383FA3E737A876F1AD61BD78151D.d.EBF415646DB370BCE366FC4E1A1439FF.e.20836/click - {}
RESULT: {}
RESULT: {}
COMMAND: GET /session/b4821e91125fc57ae8b08a301666550d/screenshot - {}
RESULT: {}
COMMAND: POST /session/b4821e91125fc57ae8b08a301666550d/execute/async - {"script":"<script> [1562 bytes]","args":[{"selector":{"id":"application-managehandovers-display-component---AddNewHO--smartFilterBar-btnBasicSearch","searchOpenDialogs":true,"interaction":{"idSuffix":"I"}},"wdio_ui5_key":"applicationmanagehandovers-display-component---AddNewHO--smartFilterBar-btnBasicSearch"}]}
RESULT: {"script":"<script> [1562 bytes]","args":[{"selector":{"id":"application-managehandovers-display-component---AddNewHO--smartFilterBar-btnBasicSearch","searchOpenDialogs":true,"interaction":{"idSuffix":"I"}},"wdio_ui5_key":"applicationmanagehandovers-display-component---AddNewHO--smartFilterBar-btnBasicSearch"}]}
RESULT: undefined
COMMAND: POST /session/b4821e91125fc57ae8b08a301666550d/execute/async - {"script":"<script> [776 bytes]","args":[{"enterText":"200287","selector":{"id":"application-managehandovers-display-component---AddNewHO--smartFilterBar-btnBasicSearch","searchOpenDialogs":true,"interaction":{"idSuffix":"I"}},"clearTextFirst":true,"interactionType":"ENTER_TEXT"}]}
RESULT: {"script":"<script> [776 bytes]","args":[{"enterText":"200287","selector":{"id":"application-managehandovers-display-component---AddNewHO--smartFilterBar-btnBasicSearch","searchOpenDialogs":true,"interaction":{"idSuffix":"I"}},"clearTextFirst":true,"interactionType":"ENTER_TEXT"}]}
COMMAND: POST /session/b4821e91125fc57ae8b08a301666550d/actions - {"actions":[{"id":"action66","type":"key","parameters":{},"actions":[{"type":"keyDown","value":"î€‡"},{"type":"pause","duration":10},{"type":"keyUp","value":"î€‡"}]}]}
RESULT: {"actions":[{"id":"action66","type":"key","parameters":{},"actions":[{"type":"keyDown","value":"î€‡"},{"type":"pause","duration":10},{"type":"keyUp","value":"î€‡"}]}]}
COMMAND: GET /session/b4821e91125fc57ae8b08a301666550d/screenshot - {}
RESULT: {}
COMMAND: POST /session/b4821e91125fc57ae8b08a301666550d/execute/async - {"script":"<script> [1562 bytes]","args":[{"selector":{"id":"application-managehandovers-display-component---AddNewHO--popup-sa","searchOpenDialogs":true,"interaction":{"idSuffix":"CbBg"}},"wdio_ui5_key":"applicationmanagehandovers-display-component---AddNewHO--popup-sa"}]}
RESULT: {"script":"<script> [1562 bytes]","args":[{"selector":{"id":"application-managehandovers-display-component---AddNewHO--popup-sa","searchOpenDialogs":true,"interaction":{"idSuffix":"CbBg"}},"wdio_ui5_key":"applicationmanagehandovers-display-component---AddNewHO--popup-sa"}]}
RESULT: undefined
COMMAND: POST /session/b4821e91125fc57ae8b08a301666550d/element - {"using":"xpath","value":"//*[@id=\"application-managehandovers-display-component---AddNewHO--popup-sa\"]"}
RESULT: {"using":"xpath","value":"//*[@id=\"application-managehandovers-display-component---AddNewHO--popup-sa\"]"}
COMMAND: POST /session/b4821e91125fc57ae8b08a301666550d/element/f.0C7D383FA3E737A876F1AD61BD78151D.d.EBF415646DB370BCE366FC4E1A1439FF.e.20989/click - {}
RESULT: {}
COMMAND: GET /session/b4821e91125fc57ae8b08a301666550d/screenshot - {}
RESULT: {}
COMMAND: POST /session/b4821e91125fc57ae8b08a301666550d/element - {"using":"xpath","value":"//bdi[contains(text(), \"Select\")]"}
RESULT: {"using":"xpath","value":"//bdi[contains(text(), \"Select\")]"}
COMMAND: POST /session/b4821e91125fc57ae8b08a301666550d/element/f.0C7D383FA3E737A876F1AD61BD78151D.d.EBF415646DB370BCE366FC4E1A1439FF.e.20990/click - {}
RESULT: {}
COMMAND: GET /session/b4821e91125fc57ae8b08a301666550d/screenshot - {}
RESULT: {}
COMMAND: POST /session/b4821e91125fc57ae8b08a301666550d/element - {"using":"xpath","value":"//button[@data-kt=\"AddNewHOSaveButton\"]"}
RESULT: {"using":"xpath","value":"//button[@data-kt=\"AddNewHOSaveButton\"]"}
COMMAND: POST /session/b4821e91125fc57ae8b08a301666550d/element/f.0C7D383FA3E737A876F1AD61BD78151D.d.EBF415646DB370BCE366FC4E1A1439FF.e.20994/click - {}
RESULT: {}
COMMAND: GET /session/b4821e91125fc57ae8b08a301666550d/screenshot - {}
RESULT: {}
COMMAND: POST /session/b4821e91125fc57ae8b08a301666550d/execute/async - {"script":"<script> [1562 bytes]","args":[{"selector":{"id":"receiptDatePicker","viewName":"etm.portal.ui.managehandovers.view.DetailExecuteHO","interaction":{"idSuffix":"inner"}},"wdio_ui5_key":"receiptDatePickeretmportal.ui.managehandovers.view.DetailExecuteHO"}]}
RESULT: {"script":"<script> [1562 bytes]","args":[{"selector":{"id":"receiptDatePicker","viewName":"etm.portal.ui.managehandovers.view.DetailExecuteHO","interaction":{"idSuffix":"inner"}},"wdio_ui5_key":"receiptDatePickeretmportal.ui.managehandovers.view.DetailExecuteHO"}]}
RESULT: undefined
COMMAND: POST /session/b4821e91125fc57ae8b08a301666550d/execute/async - {"script":"<script> [6424 bytes]","args":[{"element-6066-11e4-a52e-4f735466cecf":"f.0C7D383FA3E737A876F1AD61BD78151D.d.EBF415646DB370BCE366FC4E1A1439FF.e.21010"},"setValue",["5/19/25"]]}
RESULT: {"script":"<script> [6424 bytes]","args":[{"element-6066-11e4-a52e-4f735466cecf":"f.0C7D383FA3E737A876F1AD61BD78151D.d.EBF415646DB370BCE366FC4E1A1439FF.e.21010"},"setValue",["5/19/25"]]}
COMMAND: POST /session/b4821e91125fc57ae8b08a301666550d/element - {"using":"xpath","value":"//button[@data-kt=\"PickingTableConfirmAllButton\"]"}
RESULT: {"using":"xpath","value":"//button[@data-kt=\"PickingTableConfirmAllButton\"]"}
COMMAND: POST /session/b4821e91125fc57ae8b08a301666550d/element/f.0C7D383FA3E737A876F1AD61BD78151D.d.EBF415646DB370BCE366FC4E1A1439FF.e.21031/click - {}
RESULT: {}
COMMAND: GET /session/b4821e91125fc57ae8b08a301666550d/screenshot - {}
RESULT: {}
COMMAND: POST /session/b4821e91125fc57ae8b08a301666550d/element - {"using":"xpath","value":"//bdi[contains(text(), \"OK\")]"}
RESULT: {"using":"xpath","value":"//bdi[contains(text(), \"OK\")]"}
COMMAND: POST /session/b4821e91125fc57ae8b08a301666550d/element/f.0C7D383FA3E737A876F1AD61BD78151D.d.EBF415646DB370BCE366FC4E1A1439FF.e.21033/click - {}
RESULT: {}
COMMAND: GET /session/b4821e91125fc57ae8b08a301666550d/screenshot - {}
RESULT: {}
COMMAND: POST /session/b4821e91125fc57ae8b08a301666550d/element - {"using":"xpath","value":"(//bdi[contains(text(), \"Receive\")])[2]"}
RESULT: {"using":"xpath","value":"(//bdi[contains(text(), \"Receive\")])[2]"}
COMMAND: POST /session/b4821e91125fc57ae8b08a301666550d/element/f.0C7D383FA3E737A876F1AD61BD78151D.d.EBF415646DB370BCE366FC4E1A1439FF.e.21035/click - {}
RESULT: {}
COMMAND: GET /session/b4821e91125fc57ae8b08a301666550d/screenshot - {}
RESULT: {}
COMMAND: POST /session/b4821e91125fc57ae8b08a301666550d/element - {"using":"css selector","value":"#shell-header-logo"}
RESULT: {"using":"css selector","value":"#shell-header-logo"}
COMMAND: POST /session/b4821e91125fc57ae8b08a301666550d/element/f.0C7D383FA3E737A876F1AD61BD78151D.d.EBF415646DB370BCE366FC4E1A1439FF.e.20420/click - {}
RESULT: {}
COMMAND: GET /session/b4821e91125fc57ae8b08a301666550d/screenshot - {}
RESULT: {}
]]></system-out>
    </testcase>
    <testcase classname="chrome.136_0_7103_93.windows.Return_from_Site_w/_warehouse_management_w_clarification" name="Should create a new contract" time="58.559">
      <system-out><![CDATA[
COMMAND: POST /session/b4821e91125fc57ae8b08a301666550d/execute/async - {"script":"<script> [1562 bytes]","args":[{"selector":{"controlType":"sap.m.GenericTile","properties":{"header":"Manage Contracts"}},"wdio_ui5_key":"sapm.GenericTile{\"header\":\"Manage Contracts\"}"}]}
RESULT: {"script":"<script> [1562 bytes]","args":[{"selector":{"controlType":"sap.m.GenericTile","properties":{"header":"Manage Contracts"}},"wdio_ui5_key":"sapm.GenericTile{\"header\":\"Manage Contracts\"}"}]}
RESULT: undefined
COMMAND: POST /session/b4821e91125fc57ae8b08a301666550d/element - {"using":"xpath","value":"//*[@id=\"__tile130\"]"}
RESULT: {"using":"xpath","value":"//*[@id=\"__tile130\"]"}
COMMAND: POST /session/b4821e91125fc57ae8b08a301666550d/element/f.0C7D383FA3E737A876F1AD61BD78151D.d.EBF415646DB370BCE366FC4E1A1439FF.e.19776/click - {}
RESULT: {}
COMMAND: GET /session/b4821e91125fc57ae8b08a301666550d/screenshot - {}
RESULT: {}
COMMAND: POST /session/b4821e91125fc57ae8b08a301666550d/elements - {"using":"xpath","value":"//span[text()='Error']"}
RESULT: {"using":"xpath","value":"//span[text()='Error']"}
COMMAND: POST /session/b4821e91125fc57ae8b08a301666550d/element - {"using":"xpath","value":"//button[@data-kt=\"addButton\"]"}
RESULT: {"using":"xpath","value":"//button[@data-kt=\"addButton\"]"}
COMMAND: POST /session/b4821e91125fc57ae8b08a301666550d/elements - {"using":"xpath","value":"//button[@data-kt=\"addButton\"]"}
RESULT: {"using":"xpath","value":"//button[@data-kt=\"addButton\"]"}
COMMAND: POST /session/b4821e91125fc57ae8b08a301666550d/execute/sync - {"script":"<script> [8489 bytes]","args":[{"element-6066-11e4-a52e-4f735466cecf":"f.0C7D383FA3E737A876F1AD61BD78151D.d.EBF415646DB370BCE366FC4E1A1439FF.e.21368","ELEMENT":"f.0C7D383FA3E737A876F1AD61BD78151D.d.EBF415646DB370BCE366FC4E1A1439FF.e.21368"}]}
RESULT: {"script":"<script> [8489 bytes]","args":[{"element-6066-11e4-a52e-4f735466cecf":"f.0C7D383FA3E737A876F1AD61BD78151D.d.EBF415646DB370BCE366FC4E1A1439FF.e.21368","ELEMENT":"f.0C7D383FA3E737A876F1AD61BD78151D.d.EBF415646DB370BCE366FC4E1A1439FF.e.21368"}]}
COMMAND: GET /session/b4821e91125fc57ae8b08a301666550d/element/f.0C7D383FA3E737A876F1AD61BD78151D.d.EBF415646DB370BCE366FC4E1A1439FF.e.21368/enabled - {}
COMMAND: GET /session/b4821e91125fc57ae8b08a301666550d/screenshot - {}
RESULT: {}
COMMAND: POST /session/b4821e91125fc57ae8b08a301666550d/execute/sync - {"script":"<script> [8489 bytes]","args":[{"element-6066-11e4-a52e-4f735466cecf":"f.0C7D383FA3E737A876F1AD61BD78151D.d.EBF415646DB370BCE366FC4E1A1439FF.e.21368","ELEMENT":"f.0C7D383FA3E737A876F1AD61BD78151D.d.EBF415646DB370BCE366FC4E1A1439FF.e.21368"}]}
COMMAND: GET /session/b4821e91125fc57ae8b08a301666550d/screenshot - {}
RESULT: {}
RESULT: {"script":"<script> [8489 bytes]","args":[{"element-6066-11e4-a52e-4f735466cecf":"f.0C7D383FA3E737A876F1AD61BD78151D.d.EBF415646DB370BCE366FC4E1A1439FF.e.21368","ELEMENT":"f.0C7D383FA3E737A876F1AD61BD78151D.d.EBF415646DB370BCE366FC4E1A1439FF.e.21368"}]}
COMMAND: POST /session/b4821e91125fc57ae8b08a301666550d/execute/sync - {"script":"<script> [5351 bytes]","args":[{"element-6066-11e4-a52e-4f735466cecf":"f.0C7D383FA3E737A876F1AD61BD78151D.d.EBF415646DB370BCE366FC4E1A1439FF.e.21368","ELEMENT":"f.0C7D383FA3E737A876F1AD61BD78151D.d.EBF415646DB370BCE366FC4E1A1439FF.e.21368"}]}
COMMAND: GET /session/b4821e91125fc57ae8b08a301666550d/screenshot - {}
RESULT: {}
RESULT: {"script":"<script> [5351 bytes]","args":[{"element-6066-11e4-a52e-4f735466cecf":"f.0C7D383FA3E737A876F1AD61BD78151D.d.EBF415646DB370BCE366FC4E1A1439FF.e.21368","ELEMENT":"f.0C7D383FA3E737A876F1AD61BD78151D.d.EBF415646DB370BCE366FC4E1A1439FF.e.21368"}]}
COMMAND: GET /session/b4821e91125fc57ae8b08a301666550d/screenshot - {}
RESULT: {}
RESULT: {}
COMMAND: POST /session/b4821e91125fc57ae8b08a301666550d/element/f.0C7D383FA3E737A876F1AD61BD78151D.d.EBF415646DB370BCE366FC4E1A1439FF.e.21368/click - {}
RESULT: {}
COMMAND: GET /session/b4821e91125fc57ae8b08a301666550d/screenshot - {}
COMMAND: POST /session/b4821e91125fc57ae8b08a301666550d/execute/async - {"script":"<script> [1562 bytes]","args":[{"selector":{"id":"application-managecontracts-display-component---AddNewContract--projectDescription","interaction":{"idSuffix":"inner"}},"wdio_ui5_key":"applicationmanagecontracts-display-component---AddNewContract--projectDescription"}]}
RESULT: {}
RESULT: {"script":"<script> [1562 bytes]","args":[{"selector":{"id":"application-managecontracts-display-component---AddNewContract--projectDescription","interaction":{"idSuffix":"inner"}},"wdio_ui5_key":"applicationmanagecontracts-display-component---AddNewContract--projectDescription"}]}
RESULT: undefined
COMMAND: POST /session/b4821e91125fc57ae8b08a301666550d/execute/async - {"script":"<script> [776 bytes]","args":[{"enterText":"Contract WDIO","selector":{"id":"application-managecontracts-display-component---AddNewContract--projectDescription","interaction":{"idSuffix":"inner"}},"clearTextFirst":true,"interactionType":"ENTER_TEXT"}]}
RESULT: {"script":"<script> [776 bytes]","args":[{"enterText":"Contract WDIO","selector":{"id":"application-managecontracts-display-component---AddNewContract--projectDescription","interaction":{"idSuffix":"inner"}},"clearTextFirst":true,"interactionType":"ENTER_TEXT"}]}
COMMAND: POST /session/b4821e91125fc57ae8b08a301666550d/element - {"using":"xpath","value":"//input[@id=\"application-managecontracts-display-component---AddNewContract--site-inner\"]"}
RESULT: {"using":"xpath","value":"//input[@id=\"application-managecontracts-display-component---AddNewContract--site-inner\"]"}
COMMAND: POST /session/b4821e91125fc57ae8b08a301666550d/element/f.0C7D383FA3E737A876F1AD61BD78151D.d.EBF415646DB370BCE366FC4E1A1439FF.e.21725/clear - {}
RESULT: {}
COMMAND: POST /session/b4821e91125fc57ae8b08a301666550d/element/f.0C7D383FA3E737A876F1AD61BD78151D.d.EBF415646DB370BCE366FC4E1A1439FF.e.21725/value - {"text":"2267"}
COMMAND: GET /session/b4821e91125fc57ae8b08a301666550d/screenshot - {}
RESULT: {"text":"2267"}
COMMAND: GET /session/b4821e91125fc57ae8b08a301666550d/screenshot - {}
RESULT: {}
RESULT: {}
COMMAND: POST /session/b4821e91125fc57ae8b08a301666550d/element - {"using":"xpath","value":"//li[.//span[text()='2267']]"}
RESULT: {"using":"xpath","value":"//li[.//span[text()='2267']]"}
COMMAND: POST /session/b4821e91125fc57ae8b08a301666550d/element/f.0C7D383FA3E737A876F1AD61BD78151D.d.EBF415646DB370BCE366FC4E1A1439FF.e.21756/click - {}
RESULT: {}
COMMAND: GET /session/b4821e91125fc57ae8b08a301666550d/screenshot - {}
RESULT: {}
COMMAND: POST /session/b4821e91125fc57ae8b08a301666550d/element - {"using":"xpath","value":"//input[@id=\"application-managecontracts-display-component---AddNewContract--yardId-inner\"]"}
RESULT: {"using":"xpath","value":"//input[@id=\"application-managecontracts-display-component---AddNewContract--yardId-inner\"]"}
COMMAND: GET /session/b4821e91125fc57ae8b08a301666550d/element/f.0C7D383FA3E737A876F1AD61BD78151D.d.EBF415646DB370BCE366FC4E1A1439FF.e.21726/property/value - {}
RESULT: {}
COMMAND: POST /session/b4821e91125fc57ae8b08a301666550d/element - {"using":"xpath","value":"//input[@id=\"application-managecontracts-display-component---AddNewContract--customerSelect-inner\"]"}
COMMAND: GET /session/b4821e91125fc57ae8b08a301666550d/screenshot - {}
RESULT: {"using":"xpath","value":"//input[@id=\"application-managecontracts-display-component---AddNewContract--customerSelect-inner\"]"}
COMMAND: POST /session/b4821e91125fc57ae8b08a301666550d/element/f.0C7D383FA3E737A876F1AD61BD78151D.d.EBF415646DB370BCE366FC4E1A1439FF.e.21724/clear - {}
RESULT: {}
RESULT: {}
COMMAND: POST /session/b4821e91125fc57ae8b08a301666550d/element/f.0C7D383FA3E737A876F1AD61BD78151D.d.EBF415646DB370BCE366FC4E1A1439FF.e.21724/value - {"text":"1320"}
COMMAND: GET /session/b4821e91125fc57ae8b08a301666550d/screenshot - {}
RESULT: {"text":"1320"}
COMMAND: GET /session/b4821e91125fc57ae8b08a301666550d/screenshot - {}
RESULT: {}
RESULT: {}
COMMAND: POST /session/b4821e91125fc57ae8b08a301666550d/element - {"using":"xpath","value":"//li[.//span[text()='1320']]"}
RESULT: {"using":"xpath","value":"//li[.//span[text()='1320']]"}
COMMAND: POST /session/b4821e91125fc57ae8b08a301666550d/element/f.0C7D383FA3E737A876F1AD61BD78151D.d.EBF415646DB370BCE366FC4E1A1439FF.e.21759/click - {}
RESULT: {}
COMMAND: GET /session/b4821e91125fc57ae8b08a301666550d/screenshot - {}
RESULT: {}
COMMAND: POST /session/b4821e91125fc57ae8b08a301666550d/element - {"using":"xpath","value":"//button[@data-kt=\"saveButton\"]"}
RESULT: {"using":"xpath","value":"//button[@data-kt=\"saveButton\"]"}
COMMAND: POST /session/b4821e91125fc57ae8b08a301666550d/element/f.0C7D383FA3E737A876F1AD61BD78151D.d.EBF415646DB370BCE366FC4E1A1439FF.e.21760/click - {}
RESULT: {}
COMMAND: GET /session/b4821e91125fc57ae8b08a301666550d/screenshot - {}
RESULT: {}
COMMAND: POST /session/b4821e91125fc57ae8b08a301666550d/element - {"using":"xpath","value":"//span[contains(@id ,\"contractDetailTitleNoExpanded\")]"}
RESULT: {"using":"xpath","value":"//span[contains(@id ,\"contractDetailTitleNoExpanded\")]"}
COMMAND: POST /session/b4821e91125fc57ae8b08a301666550d/elements - {"using":"xpath","value":"//span[contains(@id ,\"contractDetailTitleNoExpanded\")]"}
RESULT: {"using":"xpath","value":"//span[contains(@id ,\"contractDetailTitleNoExpanded\")]"}
COMMAND: POST /session/b4821e91125fc57ae8b08a301666550d/execute/sync - {"script":"<script> [56 bytes]","args":[{"element-6066-11e4-a52e-4f735466cecf":"f.0C7D383FA3E737A876F1AD61BD78151D.d.EBF415646DB370BCE366FC4E1A1439FF.e.21770","ELEMENT":"f.0C7D383FA3E737A876F1AD61BD78151D.d.EBF415646DB370BCE366FC4E1A1439FF.e.21770"}]}
RESULT: {"script":"<script> [56 bytes]","args":[{"element-6066-11e4-a52e-4f735466cecf":"f.0C7D383FA3E737A876F1AD61BD78151D.d.EBF415646DB370BCE366FC4E1A1439FF.e.21770","ELEMENT":"f.0C7D383FA3E737A876F1AD61BD78151D.d.EBF415646DB370BCE366FC4E1A1439FF.e.21770"}]}
COMMAND: GET /session/b4821e91125fc57ae8b08a301666550d/screenshot - {}
RESULT: {}
]]></system-out>
    </testcase>
    <testcase classname="chrome.136_0_7103_93.windows.Return_from_Site_w/_warehouse_management_w_clarification" name="Should add equipment to the contract" time="55.638">
      <system-out><![CDATA[
COMMAND: POST /session/b4821e91125fc57ae8b08a301666550d/element - {"using":"xpath","value":"//button[@data-kt=\"contractDetailEditBtnButton\"]"}
RESULT: {"using":"xpath","value":"//button[@data-kt=\"contractDetailEditBtnButton\"]"}
COMMAND: POST /session/b4821e91125fc57ae8b08a301666550d/element/f.0C7D383FA3E737A876F1AD61BD78151D.d.EBF415646DB370BCE366FC4E1A1439FF.e.21771/click - {}
RESULT: {}
COMMAND: GET /session/b4821e91125fc57ae8b08a301666550d/screenshot - {}
RESULT: {}
COMMAND: POST /session/b4821e91125fc57ae8b08a301666550d/element - {"using":"xpath","value":"(//span[contains(text(), \"Additional Addresses\")])[2]"}
RESULT: {"using":"xpath","value":"(//span[contains(text(), \"Additional Addresses\")])[2]"}
COMMAND: POST /session/b4821e91125fc57ae8b08a301666550d/element/f.0C7D383FA3E737A876F1AD61BD78151D.d.EBF415646DB370BCE366FC4E1A1439FF.e.21826/click - {}
RESULT: {}
COMMAND: GET /session/b4821e91125fc57ae8b08a301666550d/screenshot - {}
RESULT: {}
COMMAND: POST /session/b4821e91125fc57ae8b08a301666550d/element - {"using":"xpath","value":"//button[@data-kt=\"btnAddTableRowOverflowToolbarButton\"]"}
RESULT: {"using":"xpath","value":"//button[@data-kt=\"btnAddTableRowOverflowToolbarButton\"]"}
COMMAND: POST /session/b4821e91125fc57ae8b08a301666550d/element/f.0C7D383FA3E737A876F1AD61BD78151D.d.EBF415646DB370BCE366FC4E1A1439FF.e.21829/click - {}
RESULT: {}
COMMAND: GET /session/b4821e91125fc57ae8b08a301666550d/screenshot - {}
RESULT: {}
COMMAND: POST /session/b4821e91125fc57ae8b08a301666550d/element - {"using":"xpath","value":"//div[(text() = 'Standard Entry' or . = 'Standard Entry')]"}
RESULT: {"using":"xpath","value":"//div[(text() = 'Standard Entry' or . = 'Standard Entry')]"}
COMMAND: POST /session/b4821e91125fc57ae8b08a301666550d/element/f.0C7D383FA3E737A876F1AD61BD78151D.d.EBF415646DB370BCE366FC4E1A1439FF.e.21831/click - {}
RESULT: {}
COMMAND: GET /session/b4821e91125fc57ae8b08a301666550d/screenshot - {}
RESULT: {}
COMMAND: POST /session/b4821e91125fc57ae8b08a301666550d/element - {"using":"xpath","value":"//td[6]/div/div/div/span"}
RESULT: {"using":"xpath","value":"//td[6]/div/div/div/span"}
COMMAND: POST /session/b4821e91125fc57ae8b08a301666550d/element/f.0C7D383FA3E737A876F1AD61BD78151D.d.EBF415646DB370BCE366FC4E1A1439FF.e.21843/click - {}
RESULT: {}
COMMAND: GET /session/b4821e91125fc57ae8b08a301666550d/screenshot - {}
RESULT: {}
COMMAND: POST /session/b4821e91125fc57ae8b08a301666550d/element - {"using":"xpath","value":"(//span[contains(text(), \"Material\")])"}
RESULT: {"using":"xpath","value":"(//span[contains(text(), \"Material\")])"}
COMMAND: POST /session/b4821e91125fc57ae8b08a301666550d/element/f.0C7D383FA3E737A876F1AD61BD78151D.d.EBF415646DB370BCE366FC4E1A1439FF.e.21844/click - {}
RESULT: {}
COMMAND: GET /session/b4821e91125fc57ae8b08a301666550d/screenshot - {}
RESULT: {}
COMMAND: POST /session/b4821e91125fc57ae8b08a301666550d/element - {"using":"xpath","value":"//td[7]/div/div/input"}
RESULT: {"using":"xpath","value":"//td[7]/div/div/input"}
COMMAND: POST /session/b4821e91125fc57ae8b08a301666550d/element/f.0C7D383FA3E737A876F1AD61BD78151D.d.EBF415646DB370BCE366FC4E1A1439FF.e.21847/clear - {}
RESULT: {}
COMMAND: POST /session/b4821e91125fc57ae8b08a301666550d/element/f.0C7D383FA3E737A876F1AD61BD78151D.d.EBF415646DB370BCE366FC4E1A1439FF.e.21847/value - {"text":"200287"}
COMMAND: GET /session/b4821e91125fc57ae8b08a301666550d/screenshot - {}
RESULT: {"text":"200287"}
COMMAND: GET /session/b4821e91125fc57ae8b08a301666550d/screenshot - {}
RESULT: {}
RESULT: {}
COMMAND: POST /session/b4821e91125fc57ae8b08a301666550d/actions - {"actions":[{"id":"action67","type":"key","parameters":{},"actions":[{"type":"keyDown","value":"î€‡"},{"type":"pause","duration":10},{"type":"keyUp","value":"î€‡"}]}]}
RESULT: {"actions":[{"id":"action67","type":"key","parameters":{},"actions":[{"type":"keyDown","value":"î€‡"},{"type":"pause","duration":10},{"type":"keyUp","value":"î€‡"}]}]}
COMMAND: GET /session/b4821e91125fc57ae8b08a301666550d/screenshot - {}
RESULT: {}
COMMAND: POST /session/b4821e91125fc57ae8b08a301666550d/execute/sync - {"script":"<script> [276 bytes]","args":["No pricing information was found"]}
RESULT: {"script":"<script> [276 bytes]","args":["No pricing information was found"]}
COMMAND: POST /session/b4821e91125fc57ae8b08a301666550d/element - {"using":"xpath","value":"//bdi[contains(text(), \"OK\")]"}
COMMAND: GET /session/b4821e91125fc57ae8b08a301666550d/screenshot - {}
RESULT: {"using":"xpath","value":"//bdi[contains(text(), \"OK\")]"}
COMMAND: POST /session/b4821e91125fc57ae8b08a301666550d/element/f.0C7D383FA3E737A876F1AD61BD78151D.d.EBF415646DB370BCE366FC4E1A1439FF.e.21873/click - {}
RESULT: {}
RESULT: {}
COMMAND: GET /session/b4821e91125fc57ae8b08a301666550d/screenshot - {}
RESULT: {}
COMMAND: POST /session/b4821e91125fc57ae8b08a301666550d/element - {"using":"xpath","value":"(//button[@data-kt=\"saveButton\"])[2]"}
RESULT: {"using":"xpath","value":"(//button[@data-kt=\"saveButton\"])[2]"}
COMMAND: POST /session/b4821e91125fc57ae8b08a301666550d/element/f.0C7D383FA3E737A876F1AD61BD78151D.d.EBF415646DB370BCE366FC4E1A1439FF.e.21874/click - {}
RESULT: {}
COMMAND: GET /session/b4821e91125fc57ae8b08a301666550d/screenshot - {}
RESULT: {}
COMMAND: POST /session/b4821e91125fc57ae8b08a301666550d/execute/sync - {"script":"<script> [276 bytes]","args":["Some contract items are having rental validity exceeding header rental validity"]}
RESULT: {"script":"<script> [276 bytes]","args":["Some contract items are having rental validity exceeding header rental validity"]}
COMMAND: GET /session/b4821e91125fc57ae8b08a301666550d/screenshot - {}
RESULT: {}
COMMAND: POST /session/b4821e91125fc57ae8b08a301666550d/element - {"using":"xpath","value":"//span[contains(@id ,\"contractItemsSmartTable-header-inner\")]"}
RESULT: {"using":"xpath","value":"//span[contains(@id ,\"contractItemsSmartTable-header-inner\")]"}
COMMAND: POST /session/b4821e91125fc57ae8b08a301666550d/elements - {"using":"xpath","value":"//span[contains(@id ,\"contractItemsSmartTable-header-inner\")]"}
RESULT: {"using":"xpath","value":"//span[contains(@id ,\"contractItemsSmartTable-header-inner\")]"}
COMMAND: POST /session/b4821e91125fc57ae8b08a301666550d/execute/sync - {"script":"<script> [56 bytes]","args":[{"element-6066-11e4-a52e-4f735466cecf":"f.0C7D383FA3E737A876F1AD61BD78151D.d.EBF415646DB370BCE366FC4E1A1439FF.e.21878","ELEMENT":"f.0C7D383FA3E737A876F1AD61BD78151D.d.EBF415646DB370BCE366FC4E1A1439FF.e.21878"}]}
RESULT: {"script":"<script> [56 bytes]","args":[{"element-6066-11e4-a52e-4f735466cecf":"f.0C7D383FA3E737A876F1AD61BD78151D.d.EBF415646DB370BCE366FC4E1A1439FF.e.21878","ELEMENT":"f.0C7D383FA3E737A876F1AD61BD78151D.d.EBF415646DB370BCE366FC4E1A1439FF.e.21878"}]}
]]></system-out>
    </testcase>
    <testcase classname="chrome.136_0_7103_93.windows.Return_from_Site_w/_warehouse_management_w_clarification" name="Should provide to site" time="36.718">
      <system-out><![CDATA[
COMMAND: GET /session/b4821e91125fc57ae8b08a301666550d/screenshot - {}
COMMAND: POST /session/b4821e91125fc57ae8b08a301666550d/element - {"using":"xpath","value":"//button[@data-kt=\"provideButton\"]"}
RESULT: {"using":"xpath","value":"//button[@data-kt=\"provideButton\"]"}
COMMAND: POST /session/b4821e91125fc57ae8b08a301666550d/element/f.0C7D383FA3E737A876F1AD61BD78151D.d.EBF415646DB370BCE366FC4E1A1439FF.e.21879/click - {}
RESULT: {}
RESULT: {}
COMMAND: GET /session/b4821e91125fc57ae8b08a301666550d/screenshot - {}
RESULT: undefined
COMMAND: POST /session/b4821e91125fc57ae8b08a301666550d/execute/async - {"script":"<script> [6424 bytes]","args":[{"element-6066-11e4-a52e-4f735466cecf":"f.0C7D383FA3E737A876F1AD61BD78151D.d.EBF415646DB370BCE366FC4E1A1439FF.e.20812"},"setValue",["05/19/25"]]}
RESULT: {}
COMMAND: POST /session/b4821e91125fc57ae8b08a301666550d/execute/async - {"script":"<script> [1562 bytes]","args":[{"selector":{"id":"application-managehandovers-display-component---AddNewHO--dueDate","interaction":{"idSuffix":"inner"}},"wdio_ui5_key":"applicationmanagehandovers-display-component---AddNewHO--dueDate"}]}
RESULT: {"script":"<script> [1562 bytes]","args":[{"selector":{"id":"application-managehandovers-display-component---AddNewHO--dueDate","interaction":{"idSuffix":"inner"}},"wdio_ui5_key":"applicationmanagehandovers-display-component---AddNewHO--dueDate"}]}
COMMAND: POST /session/b4821e91125fc57ae8b08a301666550d/execute/async - {"script":"<script> [6424 bytes]","args":[{"element-6066-11e4-a52e-4f735466cecf":"f.0C7D383FA3E737A876F1AD61BD78151D.d.EBF415646DB370BCE366FC4E1A1439FF.e.21936"},"setValue",["05/19/25"]]}
RESULT: {"script":"<script> [6424 bytes]","args":[{"element-6066-11e4-a52e-4f735466cecf":"f.0C7D383FA3E737A876F1AD61BD78151D.d.EBF415646DB370BCE366FC4E1A1439FF.e.21936"},"setValue",["05/19/25"]]}
COMMAND: POST /session/b4821e91125fc57ae8b08a301666550d/element - {"using":"xpath","value":"//bdi[contains(text(), \"Instructions\")]"}
RESULT: {"using":"xpath","value":"//bdi[contains(text(), \"Instructions\")]"}
COMMAND: POST /session/b4821e91125fc57ae8b08a301666550d/element/f.0C7D383FA3E737A876F1AD61BD78151D.d.EBF415646DB370BCE366FC4E1A1439FF.e.22184/click - {}
RESULT: {}
COMMAND: GET /session/b4821e91125fc57ae8b08a301666550d/screenshot - {}
RESULT: {}
COMMAND: POST /session/b4821e91125fc57ae8b08a301666550d/element - {"using":"xpath","value":"//button[@data-kt=\"AddNewHOProvideAddItemsButton\"]"}
RESULT: {"using":"xpath","value":"//button[@data-kt=\"AddNewHOProvideAddItemsButton\"]"}
COMMAND: POST /session/b4821e91125fc57ae8b08a301666550d/element/f.0C7D383FA3E737A876F1AD61BD78151D.d.EBF415646DB370BCE366FC4E1A1439FF.e.22188/click - {}
RESULT: {}
COMMAND: GET /session/b4821e91125fc57ae8b08a301666550d/screenshot - {}
RESULT: {}
RESULT: undefined
COMMAND: POST /session/b4821e91125fc57ae8b08a301666550d/element - {"using":"xpath","value":"//*[@id=\"application-managehandovers-display-component---AddNewHO--popup-sa\"]"}
RESULT: {"using":"xpath","value":"//*[@id=\"application-managehandovers-display-component---AddNewHO--popup-sa\"]"}
COMMAND: POST /session/b4821e91125fc57ae8b08a301666550d/element/f.0C7D383FA3E737A876F1AD61BD78151D.d.EBF415646DB370BCE366FC4E1A1439FF.e.22198/click - {}
RESULT: {}
COMMAND: GET /session/b4821e91125fc57ae8b08a301666550d/screenshot - {}
RESULT: {}
COMMAND: POST /session/b4821e91125fc57ae8b08a301666550d/element - {"using":"xpath","value":"//*[contains(@id ,\"BDI-content\")][contains(text(), \"Select\")]"}
RESULT: {"using":"xpath","value":"//*[contains(@id ,\"BDI-content\")][contains(text(), \"Select\")]"}
COMMAND: POST /session/b4821e91125fc57ae8b08a301666550d/element/f.0C7D383FA3E737A876F1AD61BD78151D.d.EBF415646DB370BCE366FC4E1A1439FF.e.22200/click - {}
RESULT: {}
COMMAND: GET /session/b4821e91125fc57ae8b08a301666550d/screenshot - {}
RESULT: {}
COMMAND: POST /session/b4821e91125fc57ae8b08a301666550d/element - {"using":"xpath","value":"//bdi[(text() = 'Save' or . = 'Save')]"}
RESULT: {"using":"xpath","value":"//bdi[(text() = 'Save' or . = 'Save')]"}
COMMAND: POST /session/b4821e91125fc57ae8b08a301666550d/element/f.0C7D383FA3E737A876F1AD61BD78151D.d.EBF415646DB370BCE366FC4E1A1439FF.e.22203/click - {}
RESULT: {}
COMMAND: GET /session/b4821e91125fc57ae8b08a301666550d/screenshot - {}
RESULT: {}
]]></system-out>
    </testcase>
    <testcase classname="chrome.136_0_7103_93.windows.Return_from_Site_w/_warehouse_management_w_clarification" name="Should test for Handover Execution" time="139.777">
      <system-out><![CDATA[
COMMAND: POST /session/b4821e91125fc57ae8b08a301666550d/execute/async - {"script":"<script> [1562 bytes]","args":[{"selector":{"controlType":"sap.m.Link","viewName":"etm.portal.ui.managehandovers.view.DetailExecuteHO","bindingPath":{"path":"","propertyPath":"/wmDoc","modelName":"warehouseMovModel"}},"wdio_ui5_key":"etmportal.ui.managehandovers.view.DetailExecuteHOsap.m.Link{\"path\":\"\",\"propertyPath\":\"/wmDoc\",\"modelName\":\"warehouseMovModel\"}"}]}
RESULT: {"script":"<script> [1562 bytes]","args":[{"selector":{"controlType":"sap.m.Link","viewName":"etm.portal.ui.managehandovers.view.DetailExecuteHO","bindingPath":{"path":"","propertyPath":"/wmDoc","modelName":"warehouseMovModel"}},"wdio_ui5_key":"etmportal.ui.managehandovers.view.DetailExecuteHOsap.m.Link{\"path\":\"\",\"propertyPath\":\"/wmDoc\",\"modelName\":\"warehouseMovModel\"}"}]}
RESULT: undefined
COMMAND: POST /session/b4821e91125fc57ae8b08a301666550d/element - {"using":"xpath","value":"//*[@id=\"__link81\"]"}
RESULT: {"using":"xpath","value":"//*[@id=\"__link81\"]"}
COMMAND: POST /session/b4821e91125fc57ae8b08a301666550d/element/f.0C7D383FA3E737A876F1AD61BD78151D.d.EBF415646DB370BCE366FC4E1A1439FF.e.22233/click - {}
RESULT: {}
COMMAND: GET /session/b4821e91125fc57ae8b08a301666550d/screenshot - {}
RESULT: {}
COMMAND: POST /session/b4821e91125fc57ae8b08a301666550d/execute/async - {"script":"<script> [1562 bytes]","args":[{"selector":{"controlType":"sap.m.Link","viewName":"etm.portal.ui.managehandovers.view.DetailExecuteHO","properties":{"text":"Warehouse Overview"},"searchOpenDialogs":true},"wdio_ui5_key":"etmportal.ui.managehandovers.view.DetailExecuteHOsap.m.Link{\"text\":\"Warehouse Overview\"}"}]}
RESULT: {"script":"<script> [1562 bytes]","args":[{"selector":{"controlType":"sap.m.Link","viewName":"etm.portal.ui.managehandovers.view.DetailExecuteHO","properties":{"text":"Warehouse Overview"},"searchOpenDialogs":true},"wdio_ui5_key":"etmportal.ui.managehandovers.view.DetailExecuteHOsap.m.Link{\"text\":\"Warehouse Overview\"}"}]}
RESULT: undefined
COMMAND: POST /session/b4821e91125fc57ae8b08a301666550d/element - {"using":"xpath","value":"//*[@id=\"__link96\"]"}
RESULT: {"using":"xpath","value":"//*[@id=\"__link96\"]"}
COMMAND: POST /session/b4821e91125fc57ae8b08a301666550d/element/f.0C7D383FA3E737A876F1AD61BD78151D.d.EBF415646DB370BCE366FC4E1A1439FF.e.22237/click - {}
RESULT: {}
COMMAND: GET /session/b4821e91125fc57ae8b08a301666550d/screenshot - {}
RESULT: {}
COMMAND: POST /session/b4821e91125fc57ae8b08a301666550d/execute/async - {"script":"<script> [1562 bytes]","args":[{"selector":{"controlType":"sap.m.Button","viewName":"etm.portal.ui.warehousemovements.view.DisplayMovement","viewId":"application-warehousemovements-display-component---displayMovement","i18NText":{"propertyName":"text","key":"execution"},"interaction":{"idSuffix":"BDI-content"}},"wdio_ui5_key":"etmportal.ui.warehousemovements.view.DisplayMovementsap.m.Button{\"propertyName\":\"text\",\"key\":\"execution\"}"}]}
RESULT: {"script":"<script> [1562 bytes]","args":[{"selector":{"controlType":"sap.m.Button","viewName":"etm.portal.ui.warehousemovements.view.DisplayMovement","viewId":"application-warehousemovements-display-component---displayMovement","i18NText":{"propertyName":"text","key":"execution"},"interaction":{"idSuffix":"BDI-content"}},"wdio_ui5_key":"etmportal.ui.warehousemovements.view.DisplayMovementsap.m.Button{\"propertyName\":\"text\",\"key\":\"execution\"}"}]}
RESULT: undefined
COMMAND: POST /session/b4821e91125fc57ae8b08a301666550d/element - {"using":"xpath","value":"//*[@id=\"__button219\"]"}
RESULT: {"using":"xpath","value":"//*[@id=\"__button219\"]"}
COMMAND: POST /session/b4821e91125fc57ae8b08a301666550d/element/f.0C7D383FA3E737A876F1AD61BD78151D.d.EBF415646DB370BCE366FC4E1A1439FF.e.22416/click - {}
RESULT: {}
COMMAND: GET /session/b4821e91125fc57ae8b08a301666550d/screenshot - {}
RESULT: {}
COMMAND: POST /session/b4821e91125fc57ae8b08a301666550d/execute/async - {"script":"<script> [1562 bytes]","args":[{"selector":{"controlType":"sap.m.Button","viewName":"etm.portal.ui.warehousemovements.view.ExecuteMovement","viewId":"application-warehousemovements-display-component---executeMovement","properties":{"text":"Items"},"interaction":{"idSuffix":"BDI-content"}},"wdio_ui5_key":"etmportal.ui.warehousemovements.view.ExecuteMovementsap.m.Button{\"text\":\"Items\"}"}]}
RESULT: {"script":"<script> [1562 bytes]","args":[{"selector":{"controlType":"sap.m.Button","viewName":"etm.portal.ui.warehousemovements.view.ExecuteMovement","viewId":"application-warehousemovements-display-component---executeMovement","properties":{"text":"Items"},"interaction":{"idSuffix":"BDI-content"}},"wdio_ui5_key":"etmportal.ui.warehousemovements.view.ExecuteMovementsap.m.Button{\"text\":\"Items\"}"}]}
RESULT: undefined
COMMAND: POST /session/b4821e91125fc57ae8b08a301666550d/element - {"using":"xpath","value":"//*[@id=\"__layout353-anchBar-application-warehousemovements-display-component---executeMovement--itemsSection-anchor\"]"}
RESULT: {"using":"xpath","value":"//*[@id=\"__layout353-anchBar-application-warehousemovements-display-component---executeMovement--itemsSection-anchor\"]"}
COMMAND: POST /session/b4821e91125fc57ae8b08a301666550d/element/f.0C7D383FA3E737A876F1AD61BD78151D.d.EBF415646DB370BCE366FC4E1A1439FF.e.22512/click - {}
RESULT: {}
COMMAND: GET /session/b4821e91125fc57ae8b08a301666550d/screenshot - {}
RESULT: {}
COMMAND: POST /session/b4821e91125fc57ae8b08a301666550d/execute/async - {"script":"<script> [1562 bytes]","args":[{"selector":{"controlType":"sap.m.ToggleButton","viewName":"etm.portal.ui.warehousemovements.view.ExecuteMovement","viewId":"application-warehousemovements-display-component---executeMovement","bindingPath":{"propertyPath":"STATUS","modelName":"catalogModel"},"interaction":{"idSuffix":"BDI-content"}},"wdio_ui5_key":"etmportal.ui.warehousemovements.view.ExecuteMovementsap.m.ToggleButton{\"propertyPath\":\"STATUS\",\"modelName\":\"catalogModel\"}"}]}
RESULT: {"script":"<script> [1562 bytes]","args":[{"selector":{"controlType":"sap.m.ToggleButton","viewName":"etm.portal.ui.warehousemovements.view.ExecuteMovement","viewId":"application-warehousemovements-display-component---executeMovement","bindingPath":{"propertyPath":"STATUS","modelName":"catalogModel"},"interaction":{"idSuffix":"BDI-content"}},"wdio_ui5_key":"etmportal.ui.warehousemovements.view.ExecuteMovementsap.m.ToggleButton{\"propertyPath\":\"STATUS\",\"modelName\":\"catalogModel\"}"}]}
RESULT: undefined
COMMAND: POST /session/b4821e91125fc57ae8b08a301666550d/element - {"using":"xpath","value":"//*[@id=\"__button242-__clone3326\"]"}
RESULT: {"using":"xpath","value":"//*[@id=\"__button242-__clone3326\"]"}
COMMAND: POST /session/b4821e91125fc57ae8b08a301666550d/element/f.0C7D383FA3E737A876F1AD61BD78151D.d.EBF415646DB370BCE366FC4E1A1439FF.e.22485/click - {}
RESULT: {}
RESULT: undefined
COMMAND: POST /session/b4821e91125fc57ae8b08a301666550d/element - {"using":"xpath","value":"//*[@id=\"__button242-__clone3326\"]"}
COMMAND: GET /session/b4821e91125fc57ae8b08a301666550d/screenshot - {}
RESULT: {"using":"xpath","value":"//*[@id=\"__button242-__clone3326\"]"}
COMMAND: POST /session/b4821e91125fc57ae8b08a301666550d/element/f.0C7D383FA3E737A876F1AD61BD78151D.d.EBF415646DB370BCE366FC4E1A1439FF.e.22485/click - {}
RESULT: {}
RESULT: {}
COMMAND: GET /session/b4821e91125fc57ae8b08a301666550d/screenshot - {}
RESULT: {}
COMMAND: POST /session/b4821e91125fc57ae8b08a301666550d/element - {"using":"xpath","value":"//section[contains(@id,\"FC-NoHead\")]/div[1]/div[5]/div[2]/span"}
RESULT: {"using":"xpath","value":"//section[contains(@id,\"FC-NoHead\")]/div[1]/div[5]/div[2]/span"}
COMMAND: POST /session/b4821e91125fc57ae8b08a301666550d/elements - {"using":"xpath","value":"//section[contains(@id,\"FC-NoHead\")]/div[1]/div[5]/div[2]/span"}
RESULT: {"using":"xpath","value":"//section[contains(@id,\"FC-NoHead\")]/div[1]/div[5]/div[2]/span"}
COMMAND: POST /session/b4821e91125fc57ae8b08a301666550d/execute/sync - {"script":"<script> [56 bytes]","args":[{"element-6066-11e4-a52e-4f735466cecf":"f.0C7D383FA3E737A876F1AD61BD78151D.d.EBF415646DB370BCE366FC4E1A1439FF.e.22520","ELEMENT":"f.0C7D383FA3E737A876F1AD61BD78151D.d.EBF415646DB370BCE366FC4E1A1439FF.e.22520"}]}
RESULT: {"script":"<script> [56 bytes]","args":[{"element-6066-11e4-a52e-4f735466cecf":"f.0C7D383FA3E737A876F1AD61BD78151D.d.EBF415646DB370BCE366FC4E1A1439FF.e.22520","ELEMENT":"f.0C7D383FA3E737A876F1AD61BD78151D.d.EBF415646DB370BCE366FC4E1A1439FF.e.22520"}]}
COMMAND: POST /session/b4821e91125fc57ae8b08a301666550d/actions - {"actions":[{"id":"action68","type":"key","parameters":{},"actions":[{"type":"keyDown","value":"î€‡"},{"type":"pause","duration":10},{"type":"keyUp","value":"î€‡"}]}]}
COMMAND: GET /session/b4821e91125fc57ae8b08a301666550d/screenshot - {}
RESULT: {"actions":[{"id":"action68","type":"key","parameters":{},"actions":[{"type":"keyDown","value":"î€‡"},{"type":"pause","duration":10},{"type":"keyUp","value":"î€‡"}]}]}
COMMAND: POST /session/b4821e91125fc57ae8b08a301666550d/execute/async - {"script":"<script> [1562 bytes]","args":[{"selector":{"id":"application-warehousemovements-display-component---executeMovement--executeId","interaction":{"idSuffix":"BDI-content"}},"wdio_ui5_key":"applicationwarehousemovements-display-component---executeMovement--executeId"}]}
COMMAND: GET /session/b4821e91125fc57ae8b08a301666550d/screenshot - {}
RESULT: {}
RESULT: {"script":"<script> [1562 bytes]","args":[{"selector":{"id":"application-warehousemovements-display-component---executeMovement--executeId","interaction":{"idSuffix":"BDI-content"}},"wdio_ui5_key":"applicationwarehousemovements-display-component---executeMovement--executeId"}]}
RESULT: undefined
COMMAND: POST /session/b4821e91125fc57ae8b08a301666550d/element - {"using":"xpath","value":"//*[@id=\"application-warehousemovements-display-component---executeMovement--executeId\"]"}
RESULT: {}
RESULT: {"using":"xpath","value":"//*[@id=\"application-warehousemovements-display-component---executeMovement--executeId\"]"}
COMMAND: POST /session/b4821e91125fc57ae8b08a301666550d/element/f.0C7D383FA3E737A876F1AD61BD78151D.d.EBF415646DB370BCE366FC4E1A1439FF.e.22479/click - {}
RESULT: {}
COMMAND: GET /session/b4821e91125fc57ae8b08a301666550d/screenshot - {}
RESULT: {}
COMMAND: POST /session/b4821e91125fc57ae8b08a301666550d/element - {"using":"css selector","value":"#shell-header-logo"}
RESULT: {"using":"css selector","value":"#shell-header-logo"}
COMMAND: POST /session/b4821e91125fc57ae8b08a301666550d/element/f.0C7D383FA3E737A876F1AD61BD78151D.d.EBF415646DB370BCE366FC4E1A1439FF.e.21320/click - {}
RESULT: {}
COMMAND: GET /session/b4821e91125fc57ae8b08a301666550d/screenshot - {}
RESULT: {}
RESULT: undefined
COMMAND: POST /session/b4821e91125fc57ae8b08a301666550d/element - {"using":"xpath","value":"//*[@id=\"__tile132\"]"}
RESULT: {"using":"xpath","value":"//*[@id=\"__tile132\"]"}
COMMAND: POST /session/b4821e91125fc57ae8b08a301666550d/element/f.0C7D383FA3E737A876F1AD61BD78151D.d.EBF415646DB370BCE366FC4E1A1439FF.e.19845/click - {}
RESULT: {}
COMMAND: GET /session/b4821e91125fc57ae8b08a301666550d/screenshot - {}
RESULT: {}
COMMAND: POST /session/b4821e91125fc57ae8b08a301666550d/elements - {"using":"xpath","value":"//span[text()='Error']"}
RESULT: {"using":"xpath","value":"//span[text()='Error']"}
COMMAND: POST /session/b4821e91125fc57ae8b08a301666550d/execute/async - {"script":"<script> [1562 bytes]","args":[{"selector":{"controlType":"sap.m.SearchField","viewName":"etm.portal.ui.managehandovers.view.MasterHO","bindingPath":{"propertyPath":"/_BASIC_SEARCH_FIELD","modelName":"fi1t3rM0d31"},"interaction":{"idSuffix":"I"}},"wdio_ui5_key":"etmportal.ui.managehandovers.view.MasterHOsap.m.SearchField{\"propertyPath\":\"/_BASIC_SEARCH_FIELD\",\"modelName\":\"fi1t3rM0d31\"}"}]}
RESULT: {"script":"<script> [1562 bytes]","args":[{"selector":{"controlType":"sap.m.SearchField","viewName":"etm.portal.ui.managehandovers.view.MasterHO","bindingPath":{"propertyPath":"/_BASIC_SEARCH_FIELD","modelName":"fi1t3rM0d31"},"interaction":{"idSuffix":"I"}},"wdio_ui5_key":"etmportal.ui.managehandovers.view.MasterHOsap.m.SearchField{\"propertyPath\":\"/_BASIC_SEARCH_FIELD\",\"modelName\":\"fi1t3rM0d31\"}"}]}
RESULT: undefined
COMMAND: POST /session/b4821e91125fc57ae8b08a301666550d/execute/async - {"script":"<script> [776 bytes]","args":[{"enterText":"30723","selector":{"controlType":"sap.m.SearchField","viewName":"etm.portal.ui.managehandovers.view.MasterHO","bindingPath":{"propertyPath":"/_BASIC_SEARCH_FIELD","modelName":"fi1t3rM0d31"},"interaction":{"idSuffix":"I"}},"clearTextFirst":true,"interactionType":"ENTER_TEXT"}]}
RESULT: {"script":"<script> [776 bytes]","args":[{"enterText":"30723","selector":{"controlType":"sap.m.SearchField","viewName":"etm.portal.ui.managehandovers.view.MasterHO","bindingPath":{"propertyPath":"/_BASIC_SEARCH_FIELD","modelName":"fi1t3rM0d31"},"interaction":{"idSuffix":"I"}},"clearTextFirst":true,"interactionType":"ENTER_TEXT"}]}
COMMAND: POST /session/b4821e91125fc57ae8b08a301666550d/actions - {"actions":[{"id":"action69","type":"key","parameters":{},"actions":[{"type":"keyDown","value":"î€‡"},{"type":"pause","duration":10},{"type":"keyUp","value":"î€‡"}]}]}
RESULT: {"actions":[{"id":"action69","type":"key","parameters":{},"actions":[{"type":"keyDown","value":"î€‡"},{"type":"pause","duration":10},{"type":"keyUp","value":"î€‡"}]}]}
COMMAND: GET /session/b4821e91125fc57ae8b08a301666550d/screenshot - {}
RESULT: {}
COMMAND: POST /session/b4821e91125fc57ae8b08a301666550d/execute/async - {"script":"<script> [1562 bytes]","args":[{"selector":{"controlType":"sap.ui.core.Icon","viewName":"etm.portal.ui.managehandovers.view.MasterHO","properties":{"src":{"regex":{"source":"slim\\-arrow\\-right"}}}},"wdio_ui5_key":"etmportal.ui.managehandovers.view.MasterHOsap.ui.core.Icon{\"src\":{\"regex\":{\"source\":\"slim\\\\-arrow\\\\-right\"}}}"}]}
RESULT: {"script":"<script> [1562 bytes]","args":[{"selector":{"controlType":"sap.ui.core.Icon","viewName":"etm.portal.ui.managehandovers.view.MasterHO","properties":{"src":{"regex":{"source":"slim\\-arrow\\-right"}}}},"wdio_ui5_key":"etmportal.ui.managehandovers.view.MasterHOsap.ui.core.Icon{\"src\":{\"regex\":{\"source\":\"slim\\\\-arrow\\\\-right\"}}}"}]}
RESULT: undefined
COMMAND: POST /session/b4821e91125fc57ae8b08a301666550d/element - {"using":"xpath","value":"//*[@id=\"__item1779-__clone3405-imgNav\"]"}
RESULT: {"using":"xpath","value":"//*[@id=\"__item1779-__clone3405-imgNav\"]"}
COMMAND: POST /session/b4821e91125fc57ae8b08a301666550d/element/f.0C7D383FA3E737A876F1AD61BD78151D.d.EBF415646DB370BCE366FC4E1A1439FF.e.22706/click - {}
RESULT: {}
COMMAND: GET /session/b4821e91125fc57ae8b08a301666550d/screenshot - {}
RESULT: {}
COMMAND: POST /session/b4821e91125fc57ae8b08a301666550d/execute/async - {"script":"<script> [1562 bytes]","args":[{"selector":{"controlType":"sap.m.Button","viewName":"etm.portal.ui.managehandovers.view.DetailExecuteHO","i18NText":{"propertyName":"text","key":"confirmAll"},"interaction":{"idSuffix":"BDI-content"}},"wdio_ui5_key":"etmportal.ui.managehandovers.view.DetailExecuteHOsap.m.Button{\"propertyName\":\"text\",\"key\":\"confirmAll\"}"}]}
RESULT: {"script":"<script> [1562 bytes]","args":[{"selector":{"controlType":"sap.m.Button","viewName":"etm.portal.ui.managehandovers.view.DetailExecuteHO","i18NText":{"propertyName":"text","key":"confirmAll"},"interaction":{"idSuffix":"BDI-content"}},"wdio_ui5_key":"etmportal.ui.managehandovers.view.DetailExecuteHOsap.m.Button{\"propertyName\":\"text\",\"key\":\"confirmAll\"}"}]}
RESULT: undefined
COMMAND: POST /session/b4821e91125fc57ae8b08a301666550d/element - {"using":"xpath","value":"//*[@id=\"__button280\"]"}
RESULT: {"using":"xpath","value":"//*[@id=\"__button280\"]"}
COMMAND: POST /session/b4821e91125fc57ae8b08a301666550d/element/f.0C7D383FA3E737A876F1AD61BD78151D.d.EBF415646DB370BCE366FC4E1A1439FF.e.22790/click - {}
RESULT: {}
COMMAND: GET /session/b4821e91125fc57ae8b08a301666550d/screenshot - {}
RESULT: {}
COMMAND: POST /session/b4821e91125fc57ae8b08a301666550d/actions - {"actions":[{"id":"action70","type":"key","parameters":{},"actions":[{"type":"keyDown","value":"î€‡"},{"type":"pause","duration":10},{"type":"keyUp","value":"î€‡"}]}]}
RESULT: {"actions":[{"id":"action70","type":"key","parameters":{},"actions":[{"type":"keyDown","value":"î€‡"},{"type":"pause","duration":10},{"type":"keyUp","value":"î€‡"}]}]}
COMMAND: GET /session/b4821e91125fc57ae8b08a301666550d/screenshot - {}
RESULT: {}
COMMAND: POST /session/b4821e91125fc57ae8b08a301666550d/element - {"using":"xpath","value":"//button[@data-kt=\"execHoIssueButton\"]"}
RESULT: {"using":"xpath","value":"//button[@data-kt=\"execHoIssueButton\"]"}
COMMAND: POST /session/b4821e91125fc57ae8b08a301666550d/element/f.0C7D383FA3E737A876F1AD61BD78151D.d.EBF415646DB370BCE366FC4E1A1439FF.e.22798/click - {}
RESULT: {}
COMMAND: GET /session/b4821e91125fc57ae8b08a301666550d/screenshot - {}
RESULT: {}
RESULT: undefined
COMMAND: POST /session/b4821e91125fc57ae8b08a301666550d/execute/async - {"script":"<script> [776 bytes]","args":[{"enterText":"30723","selector":{"controlType":"sap.m.SearchField","viewName":"etm.portal.ui.managehandovers.view.MasterHO","bindingPath":{"propertyPath":"/_BASIC_SEARCH_FIELD","modelName":"fi1t3rM0d31"},"interaction":{"idSuffix":"I"}},"clearTextFirst":true,"interactionType":"ENTER_TEXT"}]}
RESULT: {"script":"<script> [776 bytes]","args":[{"enterText":"30723","selector":{"controlType":"sap.m.SearchField","viewName":"etm.portal.ui.managehandovers.view.MasterHO","bindingPath":{"propertyPath":"/_BASIC_SEARCH_FIELD","modelName":"fi1t3rM0d31"},"interaction":{"idSuffix":"I"}},"clearTextFirst":true,"interactionType":"ENTER_TEXT"}]}
COMMAND: POST /session/b4821e91125fc57ae8b08a301666550d/actions - {"actions":[{"id":"action71","type":"key","parameters":{},"actions":[{"type":"keyDown","value":"î€‡"},{"type":"pause","duration":10},{"type":"keyUp","value":"î€‡"}]}]}
RESULT: {"actions":[{"id":"action71","type":"key","parameters":{},"actions":[{"type":"keyDown","value":"î€‡"},{"type":"pause","duration":10},{"type":"keyUp","value":"î€‡"}]}]}
COMMAND: GET /session/b4821e91125fc57ae8b08a301666550d/screenshot - {}
RESULT: {}
COMMAND: POST /session/b4821e91125fc57ae8b08a301666550d/element - {"using":"xpath","value":"//span[(text() = '30723' or . = '30723')]"}
RESULT: {"using":"xpath","value":"//span[(text() = '30723' or . = '30723')]"}
COMMAND: POST /session/b4821e91125fc57ae8b08a301666550d/element/f.0C7D383FA3E737A876F1AD61BD78151D.d.EBF415646DB370BCE366FC4E1A1439FF.e.22842/click - {}
RESULT: {}
COMMAND: GET /session/b4821e91125fc57ae8b08a301666550d/screenshot - {}
RESULT: {}
COMMAND: POST /session/b4821e91125fc57ae8b08a301666550d/element - {"using":"xpath","value":"//span[contains(text(), \"Instructions\")]"}
RESULT: {"using":"xpath","value":"//span[contains(text(), \"Instructions\")]"}
COMMAND: POST /session/b4821e91125fc57ae8b08a301666550d/element/f.0C7D383FA3E737A876F1AD61BD78151D.d.EBF415646DB370BCE366FC4E1A1439FF.e.22880/click - {}
RESULT: {}
COMMAND: GET /session/b4821e91125fc57ae8b08a301666550d/screenshot - {}
RESULT: {}
COMMAND: POST /session/b4821e91125fc57ae8b08a301666550d/element - {"using":"xpath","value":"//span[contains(text(), \"Instructions\")]"}
RESULT: {"using":"xpath","value":"//span[contains(text(), \"Instructions\")]"}
COMMAND: POST /session/b4821e91125fc57ae8b08a301666550d/element/f.0C7D383FA3E737A876F1AD61BD78151D.d.EBF415646DB370BCE366FC4E1A1439FF.e.22880/click - {}
RESULT: {}
COMMAND: GET /session/b4821e91125fc57ae8b08a301666550d/screenshot - {}
RESULT: {}
COMMAND: POST /session/b4821e91125fc57ae8b08a301666550d/execute/async - {"script":"<script> [1562 bytes]","args":[{"selector":{"controlType":"sap.m.ComboBox","viewName":"etm.portal.ui.managehandovers.view.DetailExecuteHO","bindingPath":{"propertyPath":"RECEIVING_SECTION","modelName":"catalogModel"},"interaction":{"idSuffix":"inner"}},"wdio_ui5_key":"etmportal.ui.managehandovers.view.DetailExecuteHOsap.m.ComboBox{\"propertyPath\":\"RECEIVING_SECTION\",\"modelName\":\"catalogModel\"}"}]}
RESULT: {"script":"<script> [1562 bytes]","args":[{"selector":{"controlType":"sap.m.ComboBox","viewName":"etm.portal.ui.managehandovers.view.DetailExecuteHO","bindingPath":{"propertyPath":"RECEIVING_SECTION","modelName":"catalogModel"},"interaction":{"idSuffix":"inner"}},"wdio_ui5_key":"etmportal.ui.managehandovers.view.DetailExecuteHOsap.m.ComboBox{\"propertyPath\":\"RECEIVING_SECTION\",\"modelName\":\"catalogModel\"}"}]}
RESULT: undefined
COMMAND: POST /session/b4821e91125fc57ae8b08a301666550d/execute/async - {"script":"<script> [776 bytes]","args":[{"enterText":"WDIO-2267","selector":{"controlType":"sap.m.ComboBox","viewName":"etm.portal.ui.managehandovers.view.DetailExecuteHO","bindingPath":{"propertyPath":"RECEIVING_SECTION","modelName":"catalogModel"},"interaction":{"idSuffix":"inner"}},"clearTextFirst":true,"interactionType":"ENTER_TEXT"}]}
RESULT: {"script":"<script> [776 bytes]","args":[{"enterText":"WDIO-2267","selector":{"controlType":"sap.m.ComboBox","viewName":"etm.portal.ui.managehandovers.view.DetailExecuteHO","bindingPath":{"propertyPath":"RECEIVING_SECTION","modelName":"catalogModel"},"interaction":{"idSuffix":"inner"}},"clearTextFirst":true,"interactionType":"ENTER_TEXT"}]}
COMMAND: POST /session/b4821e91125fc57ae8b08a301666550d/actions - {"actions":[{"id":"action72","type":"key","parameters":{},"actions":[{"type":"keyDown","value":"î€‡"},{"type":"pause","duration":10},{"type":"keyUp","value":"î€‡"}]}]}
RESULT: {"actions":[{"id":"action72","type":"key","parameters":{},"actions":[{"type":"keyDown","value":"î€‡"},{"type":"pause","duration":10},{"type":"keyUp","value":"î€‡"}]}]}
COMMAND: GET /session/b4821e91125fc57ae8b08a301666550d/screenshot - {}
RESULT: {}
COMMAND: POST /session/b4821e91125fc57ae8b08a301666550d/element - {"using":"xpath","value":"//button[@data-kt= \"execHoReceiveButton\"]"}
RESULT: {"using":"xpath","value":"//button[@data-kt= \"execHoReceiveButton\"]"}
COMMAND: POST /session/b4821e91125fc57ae8b08a301666550d/element/f.0C7D383FA3E737A876F1AD61BD78151D.d.EBF415646DB370BCE366FC4E1A1439FF.e.22885/click - {}
RESULT: {}
COMMAND: GET /session/b4821e91125fc57ae8b08a301666550d/screenshot - {}
RESULT: {}
COMMAND: POST /session/b4821e91125fc57ae8b08a301666550d/execute/async - {"script":"<script> [1562 bytes]","args":[{"selector":{"controlType":"sap.m.Button","properties":{"text":"Continue"},"searchOpenDialogs":true,"interaction":{"idSuffix":"content"}},"wdio_ui5_key":"sapm.Button{\"text\":\"Continue\"}"}]}
RESULT: {"script":"<script> [1562 bytes]","args":[{"selector":{"controlType":"sap.m.Button","properties":{"text":"Continue"},"searchOpenDialogs":true,"interaction":{"idSuffix":"content"}},"wdio_ui5_key":"sapm.Button{\"text\":\"Continue\"}"}]}
RESULT: undefined
COMMAND: POST /session/b4821e91125fc57ae8b08a301666550d/element - {"using":"xpath","value":"//*[@id=\"__mbox-btn-6\"]"}
RESULT: {"using":"xpath","value":"//*[@id=\"__mbox-btn-6\"]"}
COMMAND: POST /session/b4821e91125fc57ae8b08a301666550d/element/f.0C7D383FA3E737A876F1AD61BD78151D.d.EBF415646DB370BCE366FC4E1A1439FF.e.22886/click - {}
RESULT: {}
COMMAND: GET /session/b4821e91125fc57ae8b08a301666550d/screenshot - {}
RESULT: {}
COMMAND: POST /session/b4821e91125fc57ae8b08a301666550d/element - {"using":"css selector","value":"#shell-header-logo"}
RESULT: {"using":"css selector","value":"#shell-header-logo"}
COMMAND: POST /session/b4821e91125fc57ae8b08a301666550d/element/f.0C7D383FA3E737A876F1AD61BD78151D.d.EBF415646DB370BCE366FC4E1A1439FF.e.22599/click - {}
RESULT: {}
COMMAND: GET /session/b4821e91125fc57ae8b08a301666550d/screenshot - {}
RESULT: {}
]]></system-out>
    </testcase>
    <testcase classname="chrome.136_0_7103_93.windows.Return_from_Site_w/_warehouse_management_w_clarification" name="Should test for Clarification" time="54.345">
      <system-out><![CDATA[
RESULT: undefined
COMMAND: POST /session/b4821e91125fc57ae8b08a301666550d/element - {"using":"xpath","value":"//*[@id=\"__tile132\"]"}
RESULT: {"using":"xpath","value":"//*[@id=\"__tile132\"]"}
COMMAND: POST /session/b4821e91125fc57ae8b08a301666550d/element/f.0C7D383FA3E737A876F1AD61BD78151D.d.EBF415646DB370BCE366FC4E1A1439FF.e.19845/click - {}
RESULT: {}
COMMAND: GET /session/b4821e91125fc57ae8b08a301666550d/screenshot - {}
RESULT: {}
COMMAND: POST /session/b4821e91125fc57ae8b08a301666550d/elements - {"using":"xpath","value":"//span[text()='Error']"}
RESULT: {"using":"xpath","value":"//span[text()='Error']"}
RESULT: undefined
COMMAND: POST /session/b4821e91125fc57ae8b08a301666550d/execute/async - {"script":"<script> [776 bytes]","args":[{"enterText":"30723","selector":{"controlType":"sap.m.SearchField","viewName":"etm.portal.ui.managehandovers.view.MasterHO","bindingPath":{"propertyPath":"/_BASIC_SEARCH_FIELD","modelName":"fi1t3rM0d31"},"interaction":{"idSuffix":"I"}},"clearTextFirst":true,"interactionType":"ENTER_TEXT"}]}
RESULT: {"script":"<script> [776 bytes]","args":[{"enterText":"30723","selector":{"controlType":"sap.m.SearchField","viewName":"etm.portal.ui.managehandovers.view.MasterHO","bindingPath":{"propertyPath":"/_BASIC_SEARCH_FIELD","modelName":"fi1t3rM0d31"},"interaction":{"idSuffix":"I"}},"clearTextFirst":true,"interactionType":"ENTER_TEXT"}]}
COMMAND: POST /session/b4821e91125fc57ae8b08a301666550d/actions - {"actions":[{"id":"action73","type":"key","parameters":{},"actions":[{"type":"keyDown","value":"î€‡"},{"type":"pause","duration":10},{"type":"keyUp","value":"î€‡"}]}]}
RESULT: {"actions":[{"id":"action73","type":"key","parameters":{},"actions":[{"type":"keyDown","value":"î€‡"},{"type":"pause","duration":10},{"type":"keyUp","value":"î€‡"}]}]}
COMMAND: GET /session/b4821e91125fc57ae8b08a301666550d/screenshot - {}
RESULT: {}
COMMAND: POST /session/b4821e91125fc57ae8b08a301666550d/element - {"using":"xpath","value":"//span[(text() = '30723' or . = '30723')]"}
RESULT: {"using":"xpath","value":"//span[(text() = '30723' or . = '30723')]"}
COMMAND: POST /session/b4821e91125fc57ae8b08a301666550d/element/f.0C7D383FA3E737A876F1AD61BD78151D.d.EBF415646DB370BCE366FC4E1A1439FF.e.23051/click - {}
RESULT: {}
COMMAND: GET /session/b4821e91125fc57ae8b08a301666550d/screenshot - {}
RESULT: {}
COMMAND: POST /session/b4821e91125fc57ae8b08a301666550d/element - {"using":"xpath","value":"//span[contains(text(), \"Instructions\")]"}
RESULT: {"using":"xpath","value":"//span[contains(text(), \"Instructions\")]"}
COMMAND: POST /session/b4821e91125fc57ae8b08a301666550d/element/f.0C7D383FA3E737A876F1AD61BD78151D.d.EBF415646DB370BCE366FC4E1A1439FF.e.23135/click - {}
RESULT: {}
COMMAND: GET /session/b4821e91125fc57ae8b08a301666550d/screenshot - {}
RESULT: {}
COMMAND: POST /session/b4821e91125fc57ae8b08a301666550d/element - {"using":"xpath","value":"//span[contains(text(), \"Instructions\")]"}
RESULT: {"using":"xpath","value":"//span[contains(text(), \"Instructions\")]"}
COMMAND: POST /session/b4821e91125fc57ae8b08a301666550d/element/f.0C7D383FA3E737A876F1AD61BD78151D.d.EBF415646DB370BCE366FC4E1A1439FF.e.23135/click - {}
RESULT: {}
COMMAND: GET /session/b4821e91125fc57ae8b08a301666550d/screenshot - {}
RESULT: {}
COMMAND: POST /session/b4821e91125fc57ae8b08a301666550d/element - {"using":"xpath","value":"//button[.//bdi[text() = \"Refuse\"]]"}
RESULT: {"using":"xpath","value":"//button[.//bdi[text() = \"Refuse\"]]"}
COMMAND: POST /session/b4821e91125fc57ae8b08a301666550d/element/f.0C7D383FA3E737A876F1AD61BD78151D.d.EBF415646DB370BCE366FC4E1A1439FF.e.23140/click - {}
RESULT: {}
COMMAND: GET /session/b4821e91125fc57ae8b08a301666550d/screenshot - {}
RESULT: {}
COMMAND: POST /session/b4821e91125fc57ae8b08a301666550d/element - {"using":"xpath","value":"//button[@data-kt= \"execHoReceiveRefuseButton\"]"}
RESULT: {"using":"xpath","value":"//button[@data-kt= \"execHoReceiveRefuseButton\"]"}
COMMAND: POST /session/b4821e91125fc57ae8b08a301666550d/element/f.0C7D383FA3E737A876F1AD61BD78151D.d.EBF415646DB370BCE366FC4E1A1439FF.e.23142/click - {}
RESULT: {}
COMMAND: GET /session/b4821e91125fc57ae8b08a301666550d/screenshot - {}
RESULT: {}
]]></system-out>
    </testcase>
  </testsuite>
  <testsuite timestamp="2025-05-19T06:40:10" time="413.911" tests="9" failures="0" errors="0" skipped="0">
    <properties>
      <property name="specId" value="0" />
      <property name="suiteName" value="Create masterdata for Yard Overview - trigger provide US130988" />
      <property name="capabilities" value="chrome.136_0_7103_93.windows" />
      <property name="file" value="file:///D:/a/1/s/test/specs/HTR/stock-decrease.spec.js" />
    </properties>
    <testcase classname="chrome.136_0_7103_93.windows.Create_masterdata_for_Yard_Overview_-_trigger_provide_US130988" name="Should create a new WHM yard" time="0.009">
      <system-out><![CDATA[
COMMAND: POST /session/b4821e91125fc57ae8b08a301666550d/window/fullscreen - {}
RESULT: {}
]]></system-out>
    </testcase>
    <testcase classname="chrome.136_0_7103_93.windows.Create_masterdata_for_Yard_Overview_-_trigger_provide_US130988" name="Should create a new partner" time="0.004" />
    <testcase classname="chrome.136_0_7103_93.windows.Create_masterdata_for_Yard_Overview_-_trigger_provide_US130988" name="Should create a new site" time="0.004" />
    <testcase classname="chrome.136_0_7103_93.windows.Create_masterdata_for_Yard_Overview_-_trigger_provide_US130988" name="Should create a new material" time="118.849">
      <system-out><![CDATA[
COMMAND: POST /session/b4821e91125fc57ae8b08a301666550d/execute/async - {"script":"<script> [1562 bytes]","args":[{"selector":{"controlType":"sap.m.GenericTile","properties":{"header":"Manage Resources"}},"wdio_ui5_key":"sapm.GenericTile{\"header\":\"Manage Resources\"}"}]}
RESULT: {"script":"<script> [1562 bytes]","args":[{"selector":{"controlType":"sap.m.GenericTile","properties":{"header":"Manage Resources"}},"wdio_ui5_key":"sapm.GenericTile{\"header\":\"Manage Resources\"}"}]}
RESULT: undefined
COMMAND: POST /session/b4821e91125fc57ae8b08a301666550d/element - {"using":"xpath","value":"//*[@id=\"__tile31\"]"}
RESULT: {"using":"xpath","value":"//*[@id=\"__tile31\"]"}
COMMAND: POST /session/b4821e91125fc57ae8b08a301666550d/element/f.0C7D383FA3E737A876F1AD61BD78151D.d.98E8D87F51E1B6C204E36E9172CA7201.e.23221/click - {}
RESULT: {}
COMMAND: GET /session/b4821e91125fc57ae8b08a301666550d/screenshot - {}
RESULT: {}
COMMAND: POST /session/b4821e91125fc57ae8b08a301666550d/elements - {"using":"xpath","value":"//span[text()='Error']"}
RESULT: {"using":"xpath","value":"//span[text()='Error']"}
COMMAND: POST /session/b4821e91125fc57ae8b08a301666550d/element - {"using":"xpath","value":"//button[@data-kt=\"addNewRUOverflowToolbarButton\"]"}
RESULT: {"using":"xpath","value":"//button[@data-kt=\"addNewRUOverflowToolbarButton\"]"}
COMMAND: POST /session/b4821e91125fc57ae8b08a301666550d/elements - {"using":"xpath","value":"//button[@data-kt=\"addNewRUOverflowToolbarButton\"]"}
RESULT: {"using":"xpath","value":"//button[@data-kt=\"addNewRUOverflowToolbarButton\"]"}
COMMAND: POST /session/b4821e91125fc57ae8b08a301666550d/elements - {"using":"xpath","value":"//button[@data-kt=\"addNewRUOverflowToolbarButton\"]"}
RESULT: {"using":"xpath","value":"//button[@data-kt=\"addNewRUOverflowToolbarButton\"]"}
COMMAND: POST /session/b4821e91125fc57ae8b08a301666550d/elements - {"using":"xpath","value":"//button[@data-kt=\"addNewRUOverflowToolbarButton\"]"}
RESULT: {"using":"xpath","value":"//button[@data-kt=\"addNewRUOverflowToolbarButton\"]"}
COMMAND: POST /session/b4821e91125fc57ae8b08a301666550d/elements - {"using":"xpath","value":"//button[@data-kt=\"addNewRUOverflowToolbarButton\"]"}
RESULT: {"using":"xpath","value":"//button[@data-kt=\"addNewRUOverflowToolbarButton\"]"}
COMMAND: POST /session/b4821e91125fc57ae8b08a301666550d/elements - {"using":"xpath","value":"//button[@data-kt=\"addNewRUOverflowToolbarButton\"]"}
RESULT: {"using":"xpath","value":"//button[@data-kt=\"addNewRUOverflowToolbarButton\"]"}
COMMAND: POST /session/b4821e91125fc57ae8b08a301666550d/elements - {"using":"xpath","value":"//button[@data-kt=\"addNewRUOverflowToolbarButton\"]"}
RESULT: {"using":"xpath","value":"//button[@data-kt=\"addNewRUOverflowToolbarButton\"]"}
COMMAND: POST /session/b4821e91125fc57ae8b08a301666550d/elements - {"using":"xpath","value":"//button[@data-kt=\"addNewRUOverflowToolbarButton\"]"}
RESULT: {"using":"xpath","value":"//button[@data-kt=\"addNewRUOverflowToolbarButton\"]"}
COMMAND: POST /session/b4821e91125fc57ae8b08a301666550d/elements - {"using":"xpath","value":"//button[@data-kt=\"addNewRUOverflowToolbarButton\"]"}
RESULT: {"using":"xpath","value":"//button[@data-kt=\"addNewRUOverflowToolbarButton\"]"}
COMMAND: POST /session/b4821e91125fc57ae8b08a301666550d/elements - {"using":"xpath","value":"//button[@data-kt=\"addNewRUOverflowToolbarButton\"]"}
RESULT: {"using":"xpath","value":"//button[@data-kt=\"addNewRUOverflowToolbarButton\"]"}
COMMAND: POST /session/b4821e91125fc57ae8b08a301666550d/elements - {"using":"xpath","value":"//button[@data-kt=\"addNewRUOverflowToolbarButton\"]"}
RESULT: {"using":"xpath","value":"//button[@data-kt=\"addNewRUOverflowToolbarButton\"]"}
COMMAND: POST /session/b4821e91125fc57ae8b08a301666550d/elements - {"using":"xpath","value":"//button[@data-kt=\"addNewRUOverflowToolbarButton\"]"}
RESULT: {"using":"xpath","value":"//button[@data-kt=\"addNewRUOverflowToolbarButton\"]"}
COMMAND: POST /session/b4821e91125fc57ae8b08a301666550d/elements - {"using":"xpath","value":"//button[@data-kt=\"addNewRUOverflowToolbarButton\"]"}
RESULT: {"using":"xpath","value":"//button[@data-kt=\"addNewRUOverflowToolbarButton\"]"}
COMMAND: POST /session/b4821e91125fc57ae8b08a301666550d/elements - {"using":"xpath","value":"//button[@data-kt=\"addNewRUOverflowToolbarButton\"]"}
RESULT: {"using":"xpath","value":"//button[@data-kt=\"addNewRUOverflowToolbarButton\"]"}
COMMAND: POST /session/b4821e91125fc57ae8b08a301666550d/elements - {"using":"xpath","value":"//button[@data-kt=\"addNewRUOverflowToolbarButton\"]"}
RESULT: {"using":"xpath","value":"//button[@data-kt=\"addNewRUOverflowToolbarButton\"]"}
COMMAND: POST /session/b4821e91125fc57ae8b08a301666550d/elements - {"using":"xpath","value":"//button[@data-kt=\"addNewRUOverflowToolbarButton\"]"}
RESULT: {"using":"xpath","value":"//button[@data-kt=\"addNewRUOverflowToolbarButton\"]"}
COMMAND: POST /session/b4821e91125fc57ae8b08a301666550d/elements - {"using":"xpath","value":"//button[@data-kt=\"addNewRUOverflowToolbarButton\"]"}
RESULT: {"using":"xpath","value":"//button[@data-kt=\"addNewRUOverflowToolbarButton\"]"}
COMMAND: POST /session/b4821e91125fc57ae8b08a301666550d/elements - {"using":"xpath","value":"//button[@data-kt=\"addNewRUOverflowToolbarButton\"]"}
RESULT: {"using":"xpath","value":"//button[@data-kt=\"addNewRUOverflowToolbarButton\"]"}
COMMAND: POST /session/b4821e91125fc57ae8b08a301666550d/elements - {"using":"xpath","value":"//button[@data-kt=\"addNewRUOverflowToolbarButton\"]"}
RESULT: {"using":"xpath","value":"//button[@data-kt=\"addNewRUOverflowToolbarButton\"]"}
COMMAND: POST /session/b4821e91125fc57ae8b08a301666550d/elements - {"using":"xpath","value":"//button[@data-kt=\"addNewRUOverflowToolbarButton\"]"}
RESULT: {"using":"xpath","value":"//button[@data-kt=\"addNewRUOverflowToolbarButton\"]"}
COMMAND: POST /session/b4821e91125fc57ae8b08a301666550d/elements - {"using":"xpath","value":"//button[@data-kt=\"addNewRUOverflowToolbarButton\"]"}
RESULT: {"using":"xpath","value":"//button[@data-kt=\"addNewRUOverflowToolbarButton\"]"}
COMMAND: POST /session/b4821e91125fc57ae8b08a301666550d/element - {"using":"xpath","value":"//button[@data-kt=\"addNewRUOverflowToolbarButton\"]"}
RESULT: {"using":"xpath","value":"//button[@data-kt=\"addNewRUOverflowToolbarButton\"]"}
COMMAND: POST /session/b4821e91125fc57ae8b08a301666550d/execute/sync - {"script":"<script> [8489 bytes]","args":[{"element-6066-11e4-a52e-4f735466cecf":"f.0C7D383FA3E737A876F1AD61BD78151D.d.98E8D87F51E1B6C204E36E9172CA7201.e.23348","ELEMENT":"f.0C7D383FA3E737A876F1AD61BD78151D.d.98E8D87F51E1B6C204E36E9172CA7201.e.23348"}]}
RESULT: {"script":"<script> [8489 bytes]","args":[{"element-6066-11e4-a52e-4f735466cecf":"f.0C7D383FA3E737A876F1AD61BD78151D.d.98E8D87F51E1B6C204E36E9172CA7201.e.23348","ELEMENT":"f.0C7D383FA3E737A876F1AD61BD78151D.d.98E8D87F51E1B6C204E36E9172CA7201.e.23348"}]}
COMMAND: GET /session/b4821e91125fc57ae8b08a301666550d/element/f.0C7D383FA3E737A876F1AD61BD78151D.d.98E8D87F51E1B6C204E36E9172CA7201.e.23348/enabled - {}
COMMAND: GET /session/b4821e91125fc57ae8b08a301666550d/screenshot - {}
RESULT: {}
COMMAND: POST /session/b4821e91125fc57ae8b08a301666550d/execute/sync - {"script":"<script> [8489 bytes]","args":[{"element-6066-11e4-a52e-4f735466cecf":"f.0C7D383FA3E737A876F1AD61BD78151D.d.98E8D87F51E1B6C204E36E9172CA7201.e.23348","ELEMENT":"f.0C7D383FA3E737A876F1AD61BD78151D.d.98E8D87F51E1B6C204E36E9172CA7201.e.23348"}]}
COMMAND: GET /session/b4821e91125fc57ae8b08a301666550d/screenshot - {}
RESULT: {}
RESULT: {"script":"<script> [8489 bytes]","args":[{"element-6066-11e4-a52e-4f735466cecf":"f.0C7D383FA3E737A876F1AD61BD78151D.d.98E8D87F51E1B6C204E36E9172CA7201.e.23348","ELEMENT":"f.0C7D383FA3E737A876F1AD61BD78151D.d.98E8D87F51E1B6C204E36E9172CA7201.e.23348"}]}
COMMAND: POST /session/b4821e91125fc57ae8b08a301666550d/execute/sync - {"script":"<script> [5351 bytes]","args":[{"element-6066-11e4-a52e-4f735466cecf":"f.0C7D383FA3E737A876F1AD61BD78151D.d.98E8D87F51E1B6C204E36E9172CA7201.e.23348","ELEMENT":"f.0C7D383FA3E737A876F1AD61BD78151D.d.98E8D87F51E1B6C204E36E9172CA7201.e.23348"}]}
COMMAND: GET /session/b4821e91125fc57ae8b08a301666550d/screenshot - {}
RESULT: {}
RESULT: {"script":"<script> [5351 bytes]","args":[{"element-6066-11e4-a52e-4f735466cecf":"f.0C7D383FA3E737A876F1AD61BD78151D.d.98E8D87F51E1B6C204E36E9172CA7201.e.23348","ELEMENT":"f.0C7D383FA3E737A876F1AD61BD78151D.d.98E8D87F51E1B6C204E36E9172CA7201.e.23348"}]}
COMMAND: POST /session/b4821e91125fc57ae8b08a301666550d/element/f.0C7D383FA3E737A876F1AD61BD78151D.d.98E8D87F51E1B6C204E36E9172CA7201.e.23348/click - {}
COMMAND: GET /session/b4821e91125fc57ae8b08a301666550d/screenshot - {}
RESULT: {}
RESULT: {}
COMMAND: GET /session/b4821e91125fc57ae8b08a301666550d/screenshot - {}
RESULT: {}
COMMAND: POST /session/b4821e91125fc57ae8b08a301666550d/execute/async - {"script":"<script> [1562 bytes]","args":[{"selector":{"id":"application-manageresources-display-component---newResourceUnit--TYPE-arrow"},"wdio_ui5_key":"applicationmanageresources-display-component---newResourceUnit--TYPE-arrow"}]}
RESULT: {}
RESULT: {"script":"<script> [1562 bytes]","args":[{"selector":{"id":"application-manageresources-display-component---newResourceUnit--TYPE-arrow"},"wdio_ui5_key":"applicationmanageresources-display-component---newResourceUnit--TYPE-arrow"}]}
RESULT: undefined
COMMAND: POST /session/b4821e91125fc57ae8b08a301666550d/element - {"using":"xpath","value":"//*[@id=\"application-manageresources-display-component---newResourceUnit--TYPE-arrow\"]"}
RESULT: {"using":"xpath","value":"//*[@id=\"application-manageresources-display-component---newResourceUnit--TYPE-arrow\"]"}
COMMAND: POST /session/b4821e91125fc57ae8b08a301666550d/element/f.0C7D383FA3E737A876F1AD61BD78151D.d.98E8D87F51E1B6C204E36E9172CA7201.e.23715/click - {}
RESULT: {}
COMMAND: POST /session/b4821e91125fc57ae8b08a301666550d/element - {"using":"xpath","value":"//input[@id=\"application-manageresources-display-component---newResourceUnit--TYPE-inner\"]"}
COMMAND: GET /session/b4821e91125fc57ae8b08a301666550d/screenshot - {}
RESULT: {"using":"xpath","value":"//input[@id=\"application-manageresources-display-component---newResourceUnit--TYPE-inner\"]"}
COMMAND: POST /session/b4821e91125fc57ae8b08a301666550d/element/f.0C7D383FA3E737A876F1AD61BD78151D.d.98E8D87F51E1B6C204E36E9172CA7201.e.23698/clear - {}
RESULT: {}
RESULT: {}
COMMAND: POST /session/b4821e91125fc57ae8b08a301666550d/element/f.0C7D383FA3E737A876F1AD61BD78151D.d.98E8D87F51E1B6C204E36E9172CA7201.e.23698/value - {"text":"Material"}
COMMAND: GET /session/b4821e91125fc57ae8b08a301666550d/screenshot - {}
RESULT: {"text":"Material"}
COMMAND: GET /session/b4821e91125fc57ae8b08a301666550d/screenshot - {}
RESULT: {}
RESULT: {}
COMMAND: POST /session/b4821e91125fc57ae8b08a301666550d/actions - {"actions":[{"id":"action74","type":"key","parameters":{},"actions":[{"type":"keyDown","value":"î€‡"},{"type":"pause","duration":10},{"type":"keyUp","value":"î€‡"}]}]}
RESULT: {"actions":[{"id":"action74","type":"key","parameters":{},"actions":[{"type":"keyDown","value":"î€‡"},{"type":"pause","duration":10},{"type":"keyUp","value":"î€‡"}]}]}
COMMAND: POST /session/b4821e91125fc57ae8b08a301666550d/execute/async - {"script":"<script> [1562 bytes]","args":[{"selector":{"id":"application-manageresources-display-component---newResourceUnit--SHORT_TEXT","interaction":{"idSuffix":"inner"}},"wdio_ui5_key":"applicationmanageresources-display-component---newResourceUnit--SHORT_TEXT"}]}
COMMAND: GET /session/b4821e91125fc57ae8b08a301666550d/screenshot - {}
RESULT: {"script":"<script> [1562 bytes]","args":[{"selector":{"id":"application-manageresources-display-component---newResourceUnit--SHORT_TEXT","interaction":{"idSuffix":"inner"}},"wdio_ui5_key":"applicationmanageresources-display-component---newResourceUnit--SHORT_TEXT"}]}
RESULT: undefined
COMMAND: POST /session/b4821e91125fc57ae8b08a301666550d/execute/async - {"script":"<script> [776 bytes]","args":[{"enterText":"Cement WDIO","selector":{"id":"application-manageresources-display-component---newResourceUnit--SHORT_TEXT","interaction":{"idSuffix":"inner"}},"clearTextFirst":true,"interactionType":"ENTER_TEXT"}]}
RESULT: {}
RESULT: {"script":"<script> [776 bytes]","args":[{"enterText":"Cement WDIO","selector":{"id":"application-manageresources-display-component---newResourceUnit--SHORT_TEXT","interaction":{"idSuffix":"inner"}},"clearTextFirst":true,"interactionType":"ENTER_TEXT"}]}
COMMAND: POST /session/b4821e91125fc57ae8b08a301666550d/execute/async - {"script":"<script> [1562 bytes]","args":[{"selector":{"id":"application-manageresources-display-component---newResourceUnit--BASE_UNIT_OF_MEASURE","interaction":{"idSuffix":"inner"}},"wdio_ui5_key":"applicationmanageresources-display-component---newResourceUnit--BASE_UNIT_OF_MEASURE"}]}
RESULT: {"script":"<script> [1562 bytes]","args":[{"selector":{"id":"application-manageresources-display-component---newResourceUnit--BASE_UNIT_OF_MEASURE","interaction":{"idSuffix":"inner"}},"wdio_ui5_key":"applicationmanageresources-display-component---newResourceUnit--BASE_UNIT_OF_MEASURE"}]}
RESULT: undefined
COMMAND: POST /session/b4821e91125fc57ae8b08a301666550d/execute/async - {"script":"<script> [776 bytes]","args":[{"enterText":"Piece","selector":{"id":"application-manageresources-display-component---newResourceUnit--BASE_UNIT_OF_MEASURE","interaction":{"idSuffix":"inner"}},"clearTextFirst":true,"interactionType":"ENTER_TEXT"}]}
RESULT: {"script":"<script> [776 bytes]","args":[{"enterText":"Piece","selector":{"id":"application-manageresources-display-component---newResourceUnit--BASE_UNIT_OF_MEASURE","interaction":{"idSuffix":"inner"}},"clearTextFirst":true,"interactionType":"ENTER_TEXT"}]}
COMMAND: POST /session/b4821e91125fc57ae8b08a301666550d/execute/async - {"script":"<script> [1562 bytes]","args":[{"selector":{"id":"application-manageresources-display-component---newResourceUnit--WEIGHT_UNIT","interaction":{"idSuffix":"inner"}},"wdio_ui5_key":"applicationmanageresources-display-component---newResourceUnit--WEIGHT_UNIT"}]}
RESULT: {"script":"<script> [1562 bytes]","args":[{"selector":{"id":"application-manageresources-display-component---newResourceUnit--WEIGHT_UNIT","interaction":{"idSuffix":"inner"}},"wdio_ui5_key":"applicationmanageresources-display-component---newResourceUnit--WEIGHT_UNIT"}]}
RESULT: undefined
COMMAND: POST /session/b4821e91125fc57ae8b08a301666550d/execute/async - {"script":"<script> [776 bytes]","args":[{"enterText":"Gram","selector":{"id":"application-manageresources-display-component---newResourceUnit--WEIGHT_UNIT","interaction":{"idSuffix":"inner"}},"clearTextFirst":true,"interactionType":"ENTER_TEXT"}]}
RESULT: {"script":"<script> [776 bytes]","args":[{"enterText":"Gram","selector":{"id":"application-manageresources-display-component---newResourceUnit--WEIGHT_UNIT","interaction":{"idSuffix":"inner"}},"clearTextFirst":true,"interactionType":"ENTER_TEXT"}]}
COMMAND: POST /session/b4821e91125fc57ae8b08a301666550d/execute/async - {"script":"<script> [1562 bytes]","args":[{"selector":{"id":"application-manageresources-display-component---newResourceUnit--DIMENSION_UNIT","interaction":{"idSuffix":"inner"}},"wdio_ui5_key":"applicationmanageresources-display-component---newResourceUnit--DIMENSION_UNIT"}]}
RESULT: {"script":"<script> [1562 bytes]","args":[{"selector":{"id":"application-manageresources-display-component---newResourceUnit--DIMENSION_UNIT","interaction":{"idSuffix":"inner"}},"wdio_ui5_key":"applicationmanageresources-display-component---newResourceUnit--DIMENSION_UNIT"}]}
RESULT: undefined
COMMAND: POST /session/b4821e91125fc57ae8b08a301666550d/execute/async - {"script":"<script> [776 bytes]","args":[{"enterText":"Meter","selector":{"id":"application-manageresources-display-component---newResourceUnit--DIMENSION_UNIT","interaction":{"idSuffix":"inner"}},"clearTextFirst":true,"interactionType":"ENTER_TEXT"}]}
RESULT: {"script":"<script> [776 bytes]","args":[{"enterText":"Meter","selector":{"id":"application-manageresources-display-component---newResourceUnit--DIMENSION_UNIT","interaction":{"idSuffix":"inner"}},"clearTextFirst":true,"interactionType":"ENTER_TEXT"}]}
COMMAND: POST /session/b4821e91125fc57ae8b08a301666550d/execute/async - {"script":"<script> [1562 bytes]","args":[{"selector":{"id":"application-manageresources-display-component---newResourceUnit--newRRUPage-anchBar-application-manageresources-display-component---newResourceUnit--control-anchor","interaction":{"idSuffix":"BDI-content"}},"wdio_ui5_key":"applicationmanageresources-display-component---newResourceUnit--newRRUPage-anchBar-application-manageresources-display-component---newResourceUnit--control-anchor"}]}
RESULT: {"script":"<script> [1562 bytes]","args":[{"selector":{"id":"application-manageresources-display-component---newResourceUnit--newRRUPage-anchBar-application-manageresources-display-component---newResourceUnit--control-anchor","interaction":{"idSuffix":"BDI-content"}},"wdio_ui5_key":"applicationmanageresources-display-component---newResourceUnit--newRRUPage-anchBar-application-manageresources-display-component---newResourceUnit--control-anchor"}]}
RESULT: undefined
COMMAND: POST /session/b4821e91125fc57ae8b08a301666550d/element - {"using":"xpath","value":"//*[@id=\"application-manageresources-display-component---newResourceUnit--newRRUPage-anchBar-application-manageresources-display-component---newResourceUnit--control-anchor\"]"}
RESULT: {"using":"xpath","value":"//*[@id=\"application-manageresources-display-component---newResourceUnit--newRRUPage-anchBar-application-manageresources-display-component---newResourceUnit--control-anchor\"]"}
COMMAND: POST /session/b4821e91125fc57ae8b08a301666550d/element/f.0C7D383FA3E737A876F1AD61BD78151D.d.98E8D87F51E1B6C204E36E9172CA7201.e.23780/click - {}
RESULT: {}
COMMAND: POST /session/b4821e91125fc57ae8b08a301666550d/execute/async - {"script":"<script> [1562 bytes]","args":[{"selector":{"id":"application-manageresources-display-component---newResourceUnit--PLANNING_GROUP","interaction":{"idSuffix":"inner"}},"wdio_ui5_key":"applicationmanageresources-display-component---newResourceUnit--PLANNING_GROUP"}]}
COMMAND: GET /session/b4821e91125fc57ae8b08a301666550d/screenshot - {}
RESULT: {"script":"<script> [1562 bytes]","args":[{"selector":{"id":"application-manageresources-display-component---newResourceUnit--PLANNING_GROUP","interaction":{"idSuffix":"inner"}},"wdio_ui5_key":"applicationmanageresources-display-component---newResourceUnit--PLANNING_GROUP"}]}
RESULT: undefined
COMMAND: POST /session/b4821e91125fc57ae8b08a301666550d/execute/async - {"script":"<script> [776 bytes]","args":[{"enterText":"Material","selector":{"id":"application-manageresources-display-component---newResourceUnit--PLANNING_GROUP","interaction":{"idSuffix":"inner"}},"clearTextFirst":true,"interactionType":"ENTER_TEXT"}]}
RESULT: {}
RESULT: {"script":"<script> [776 bytes]","args":[{"enterText":"Material","selector":{"id":"application-manageresources-display-component---newResourceUnit--PLANNING_GROUP","interaction":{"idSuffix":"inner"}},"clearTextFirst":true,"interactionType":"ENTER_TEXT"}]}
COMMAND: POST /session/b4821e91125fc57ae8b08a301666550d/execute/async - {"script":"<script> [1562 bytes]","args":[{"selector":{"id":"application-manageresources-display-component---newResourceUnit--PLANNING_INDICATOR","interaction":{"idSuffix":"inner"}},"wdio_ui5_key":"applicationmanageresources-display-component---newResourceUnit--PLANNING_INDICATOR"}]}
RESULT: {"script":"<script> [1562 bytes]","args":[{"selector":{"id":"application-manageresources-display-component---newResourceUnit--PLANNING_INDICATOR","interaction":{"idSuffix":"inner"}},"wdio_ui5_key":"applicationmanageresources-display-component---newResourceUnit--PLANNING_INDICATOR"}]}
RESULT: undefined
COMMAND: POST /session/b4821e91125fc57ae8b08a301666550d/execute/async - {"script":"<script> [776 bytes]","args":[{"enterText":"10 - infinite","selector":{"id":"application-manageresources-display-component---newResourceUnit--PLANNING_INDICATOR","interaction":{"idSuffix":"inner"}},"clearTextFirst":true,"interactionType":"ENTER_TEXT"}]}
RESULT: {"script":"<script> [776 bytes]","args":[{"enterText":"10 - infinite","selector":{"id":"application-manageresources-display-component---newResourceUnit--PLANNING_INDICATOR","interaction":{"idSuffix":"inner"}},"clearTextFirst":true,"interactionType":"ENTER_TEXT"}]}
COMMAND: POST /session/b4821e91125fc57ae8b08a301666550d/element - {"using":"css selector","value":"#application-manageresources-display-component---newResourceUnit--btnAddTimeSegment"}
RESULT: {"using":"css selector","value":"#application-manageresources-display-component---newResourceUnit--btnAddTimeSegment"}
COMMAND: GET /session/b4821e91125fc57ae8b08a301666550d/element/f.0C7D383FA3E737A876F1AD61BD78151D.d.98E8D87F51E1B6C204E36E9172CA7201.e.23790/rect - {}
RESULT: {}
COMMAND: GET /session/b4821e91125fc57ae8b08a301666550d/window/rect - {}
RESULT: {}
COMMAND: POST /session/b4821e91125fc57ae8b08a301666550d/execute/sync - {"script":"<script> [92 bytes]","args":[]}
RESULT: {"script":"<script> [92 bytes]","args":[]}
COMMAND: POST /session/b4821e91125fc57ae8b08a301666550d/actions - {"actions":[{"id":"action75","type":"wheel","parameters":{},"actions":[{"type":"scroll","x":-1888,"y":-32,"deltaX":0,"deltaY":0,"duration":0,"origin":{"element-6066-11e4-a52e-4f735466cecf":"f.0C7D383FA3E737A876F1AD61BD78151D.d.98E8D87F51E1B6C204E36E9172CA7201.e.23790"}}]}]}
COMMAND: GET /session/b4821e91125fc57ae8b08a301666550d/screenshot - {}
RESULT: {}
COMMAND: POST /session/b4821e91125fc57ae8b08a301666550d/execute/sync - {"script":"<script> [79 bytes]","args":[{"element-6066-11e4-a52e-4f735466cecf":"f.0C7D383FA3E737A876F1AD61BD78151D.d.98E8D87F51E1B6C204E36E9172CA7201.e.23790","ELEMENT":"f.0C7D383FA3E737A876F1AD61BD78151D.d.98E8D87F51E1B6C204E36E9172CA7201.e.23790"},{"block":"start","inline":"nearest"}]}
RESULT: {"script":"<script> [79 bytes]","args":[{"element-6066-11e4-a52e-4f735466cecf":"f.0C7D383FA3E737A876F1AD61BD78151D.d.98E8D87F51E1B6C204E36E9172CA7201.e.23790","ELEMENT":"f.0C7D383FA3E737A876F1AD61BD78151D.d.98E8D87F51E1B6C204E36E9172CA7201.e.23790"},{"block":"start","inline":"nearest"}]}
COMMAND: POST /session/b4821e91125fc57ae8b08a301666550d/execute/async - {"script":"<script> [1562 bytes]","args":[{"selector":{"id":"application-manageresources-display-component---newResourceUnit--btnAddTimeSegment","interaction":{"idSuffix":"inner"}},"wdio_ui5_key":"applicationmanageresources-display-component---newResourceUnit--btnAddTimeSegment"}]}
COMMAND: GET /session/b4821e91125fc57ae8b08a301666550d/screenshot - {}
RESULT: {"script":"<script> [1562 bytes]","args":[{"selector":{"id":"application-manageresources-display-component---newResourceUnit--btnAddTimeSegment","interaction":{"idSuffix":"inner"}},"wdio_ui5_key":"applicationmanageresources-display-component---newResourceUnit--btnAddTimeSegment"}]}
RESULT: undefined
COMMAND: POST /session/b4821e91125fc57ae8b08a301666550d/element - {"using":"xpath","value":"//*[@id=\"application-manageresources-display-component---newResourceUnit--btnAddTimeSegment\"]"}
RESULT: {}
RESULT: {"using":"xpath","value":"//*[@id=\"application-manageresources-display-component---newResourceUnit--btnAddTimeSegment\"]"}
COMMAND: POST /session/b4821e91125fc57ae8b08a301666550d/element/f.0C7D383FA3E737A876F1AD61BD78151D.d.98E8D87F51E1B6C204E36E9172CA7201.e.23790/click - {}
RESULT: {}
COMMAND: GET /session/b4821e91125fc57ae8b08a301666550d/screenshot - {}
RESULT: {}
COMMAND: POST /session/b4821e91125fc57ae8b08a301666550d/element - {"using":"xpath","value":"//input[@id=\"application-manageresources-display-component---newResourceUnit--idRuTSAdmin-application-manageresources-display-component---newResourceUnit--RUTimeSegment-0-inner\"]"}
RESULT: {"using":"xpath","value":"//input[@id=\"application-manageresources-display-component---newResourceUnit--idRuTSAdmin-application-manageresources-display-component---newResourceUnit--RUTimeSegment-0-inner\"]"}
COMMAND: POST /session/b4821e91125fc57ae8b08a301666550d/element/f.0C7D383FA3E737A876F1AD61BD78151D.d.98E8D87F51E1B6C204E36E9172CA7201.e.23795/clear - {}
RESULT: {}
COMMAND: POST /session/b4821e91125fc57ae8b08a301666550d/element/f.0C7D383FA3E737A876F1AD61BD78151D.d.98E8D87F51E1B6C204E36E9172CA7201.e.23795/value - {"text":"540"}
COMMAND: GET /session/b4821e91125fc57ae8b08a301666550d/screenshot - {}
RESULT: {"text":"540"}
COMMAND: GET /session/b4821e91125fc57ae8b08a301666550d/screenshot - {}
RESULT: {}
RESULT: {}
COMMAND: POST /session/b4821e91125fc57ae8b08a301666550d/element - {"using":"xpath","value":"//li[.//span[text()='540']]"}
RESULT: {"using":"xpath","value":"//li[.//span[text()='540']]"}
COMMAND: POST /session/b4821e91125fc57ae8b08a301666550d/element/f.0C7D383FA3E737A876F1AD61BD78151D.d.98E8D87F51E1B6C204E36E9172CA7201.e.23804/click - {}
RESULT: {}
COMMAND: GET /session/b4821e91125fc57ae8b08a301666550d/screenshot - {}
RESULT: {}
COMMAND: POST /session/b4821e91125fc57ae8b08a301666550d/element - {"using":"xpath","value":"(//span[contains(@id, \"-application-manageresources-display-component---newResourceUnit--RUTimeSegment-0-arrow\")])[2]"}
RESULT: {"using":"xpath","value":"(//span[contains(@id, \"-application-manageresources-display-component---newResourceUnit--RUTimeSegment-0-arrow\")])[2]"}
COMMAND: POST /session/b4821e91125fc57ae8b08a301666550d/element/f.0C7D383FA3E737A876F1AD61BD78151D.d.98E8D87F51E1B6C204E36E9172CA7201.e.23805/click - {}
RESULT: {}
COMMAND: POST /session/b4821e91125fc57ae8b08a301666550d/element - {"using":"xpath","value":"//span[contains(text(), \"PM Order\")]"}
COMMAND: GET /session/b4821e91125fc57ae8b08a301666550d/screenshot - {}
RESULT: {"using":"xpath","value":"//span[contains(text(), \"PM Order\")]"}
COMMAND: POST /session/b4821e91125fc57ae8b08a301666550d/element/f.0C7D383FA3E737A876F1AD61BD78151D.d.98E8D87F51E1B6C204E36E9172CA7201.e.23806/click - {}
RESULT: {}
RESULT: {}
COMMAND: GET /session/b4821e91125fc57ae8b08a301666550d/screenshot - {}
RESULT: {}
COMMAND: POST /session/b4821e91125fc57ae8b08a301666550d/element - {"using":"xpath","value":"//td/div/div/div/span[contains(@id, \"newResourceUnit--RUTimeSegment-0-vhi\")][1]"}
RESULT: {"using":"xpath","value":"//td/div/div/div/span[contains(@id, \"newResourceUnit--RUTimeSegment-0-vhi\")][1]"}
COMMAND: GET /session/b4821e91125fc57ae8b08a301666550d/element/f.0C7D383FA3E737A876F1AD61BD78151D.d.98E8D87F51E1B6C204E36E9172CA7201.e.23810/rect - {}
RESULT: {}
COMMAND: GET /session/b4821e91125fc57ae8b08a301666550d/window/rect - {}
RESULT: {}
COMMAND: POST /session/b4821e91125fc57ae8b08a301666550d/execute/sync - {"script":"<script> [92 bytes]","args":[]}
RESULT: {"script":"<script> [92 bytes]","args":[]}
COMMAND: POST /session/b4821e91125fc57ae8b08a301666550d/actions - {"actions":[{"id":"action76","type":"wheel","parameters":{},"actions":[{"type":"scroll","x":-1888,"y":-24,"deltaX":0,"deltaY":0,"duration":0,"origin":{"element-6066-11e4-a52e-4f735466cecf":"f.0C7D383FA3E737A876F1AD61BD78151D.d.98E8D87F51E1B6C204E36E9172CA7201.e.23810"}}]}]}
COMMAND: GET /session/b4821e91125fc57ae8b08a301666550d/screenshot - {}
RESULT: {}
COMMAND: POST /session/b4821e91125fc57ae8b08a301666550d/execute/sync - {"script":"<script> [79 bytes]","args":[{"element-6066-11e4-a52e-4f735466cecf":"f.0C7D383FA3E737A876F1AD61BD78151D.d.98E8D87F51E1B6C204E36E9172CA7201.e.23810","ELEMENT":"f.0C7D383FA3E737A876F1AD61BD78151D.d.98E8D87F51E1B6C204E36E9172CA7201.e.23810"},{"block":"start","inline":"nearest"}]}
RESULT: {"script":"<script> [79 bytes]","args":[{"element-6066-11e4-a52e-4f735466cecf":"f.0C7D383FA3E737A876F1AD61BD78151D.d.98E8D87F51E1B6C204E36E9172CA7201.e.23810","ELEMENT":"f.0C7D383FA3E737A876F1AD61BD78151D.d.98E8D87F51E1B6C204E36E9172CA7201.e.23810"},{"block":"start","inline":"nearest"}]}
COMMAND: GET /session/b4821e91125fc57ae8b08a301666550d/screenshot - {}
RESULT: {}
COMMAND: POST /session/b4821e91125fc57ae8b08a301666550d/element/f.0C7D383FA3E737A876F1AD61BD78151D.d.98E8D87F51E1B6C204E36E9172CA7201.e.23810/click - {}
RESULT: {}
COMMAND: GET /session/b4821e91125fc57ae8b08a301666550d/screenshot - {}
RESULT: {}
COMMAND: POST /session/b4821e91125fc57ae8b08a301666550d/execute/async - {"script":"<script> [1562 bytes]","args":[{"selector":{"controlType":"sap.m.SearchField","properties":{"placeholder":"Search"},"searchOpenDialogs":true,"interaction":{"idSuffix":"I"}},"wdio_ui5_key":"sapm.SearchField{\"placeholder\":\"Search\"}"}]}
RESULT: {"script":"<script> [1562 bytes]","args":[{"selector":{"controlType":"sap.m.SearchField","properties":{"placeholder":"Search"},"searchOpenDialogs":true,"interaction":{"idSuffix":"I"}},"wdio_ui5_key":"sapm.SearchField{\"placeholder\":\"Search\"}"}]}
RESULT: undefined
COMMAND: POST /session/b4821e91125fc57ae8b08a301666550d/execute/async - {"script":"<script> [776 bytes]","args":[{"enterText":"4000360","selector":{"controlType":"sap.m.SearchField","properties":{"placeholder":"Search"},"searchOpenDialogs":true,"interaction":{"idSuffix":"I"}},"clearTextFirst":true,"interactionType":"ENTER_TEXT"}]}
RESULT: {"script":"<script> [776 bytes]","args":[{"enterText":"4000360","selector":{"controlType":"sap.m.SearchField","properties":{"placeholder":"Search"},"searchOpenDialogs":true,"interaction":{"idSuffix":"I"}},"clearTextFirst":true,"interactionType":"ENTER_TEXT"}]}
COMMAND: POST /session/b4821e91125fc57ae8b08a301666550d/actions - {"actions":[{"id":"action77","type":"key","parameters":{},"actions":[{"type":"keyDown","value":"î€‡"},{"type":"pause","duration":10},{"type":"keyUp","value":"î€‡"}]}]}
RESULT: {"actions":[{"id":"action77","type":"key","parameters":{},"actions":[{"type":"keyDown","value":"î€‡"},{"type":"pause","duration":10},{"type":"keyUp","value":"î€‡"}]}]}
COMMAND: GET /session/b4821e91125fc57ae8b08a301666550d/screenshot - {}
RESULT: {}
COMMAND: POST /session/b4821e91125fc57ae8b08a301666550d/element - {"using":"xpath","value":"//td/div/span[contains(text(), \"BGL Vehicles\")]"}
RESULT: {"using":"xpath","value":"//td/div/span[contains(text(), \"BGL Vehicles\")]"}
COMMAND: POST /session/b4821e91125fc57ae8b08a301666550d/element/f.0C7D383FA3E737A876F1AD61BD78151D.d.98E8D87F51E1B6C204E36E9172CA7201.e.23832/click - {}
RESULT: {}
COMMAND: GET /session/b4821e91125fc57ae8b08a301666550d/screenshot - {}
RESULT: {}
COMMAND: POST /session/b4821e91125fc57ae8b08a301666550d/element - {"using":"xpath","value":"//bdi[contains(text(), \"OK\")]"}
RESULT: {"using":"xpath","value":"//bdi[contains(text(), \"OK\")]"}
COMMAND: POST /session/b4821e91125fc57ae8b08a301666550d/element/f.0C7D383FA3E737A876F1AD61BD78151D.d.98E8D87F51E1B6C204E36E9172CA7201.e.23833/click - {}
RESULT: {}
COMMAND: GET /session/b4821e91125fc57ae8b08a301666550d/screenshot - {}
RESULT: {}
COMMAND: POST /session/b4821e91125fc57ae8b08a301666550d/element - {"using":"xpath","value":"//label[contains(@class, 'sapMLabelRequired') and .//bdi[contains(text(), 'Planned Retirement')]]"}
RESULT: {"using":"xpath","value":"//label[contains(@class, 'sapMLabelRequired') and .//bdi[contains(text(), 'Planned Retirement')]]"}
COMMAND: POST /session/b4821e91125fc57ae8b08a301666550d/elements - {"using":"xpath","value":"//label[contains(@class, 'sapMLabelRequired') and .//bdi[contains(text(), 'Planned Retirement')]]"}
RESULT: {"using":"xpath","value":"//label[contains(@class, 'sapMLabelRequired') and .//bdi[contains(text(), 'Planned Retirement')]]"}
COMMAND: POST /session/b4821e91125fc57ae8b08a301666550d/element - {"using":"xpath","value":"//button[@data-kt=\"resourceUnitSaveButton\"]"}
RESULT: {"using":"xpath","value":"//button[@data-kt=\"resourceUnitSaveButton\"]"}
COMMAND: POST /session/b4821e91125fc57ae8b08a301666550d/element/f.0C7D383FA3E737A876F1AD61BD78151D.d.98E8D87F51E1B6C204E36E9172CA7201.e.23732/click - {}
RESULT: {}
COMMAND: GET /session/b4821e91125fc57ae8b08a301666550d/screenshot - {}
RESULT: {}
COMMAND: POST /session/b4821e91125fc57ae8b08a301666550d/element - {"using":"xpath","value":"//bdi[contains(text(), \"Close\")]"}
RESULT: {"using":"xpath","value":"//bdi[contains(text(), \"Close\")]"}
COMMAND: POST /session/b4821e91125fc57ae8b08a301666550d/element/f.0C7D383FA3E737A876F1AD61BD78151D.d.98E8D87F51E1B6C204E36E9172CA7201.e.23840/click - {}
RESULT: {}
COMMAND: GET /session/b4821e91125fc57ae8b08a301666550d/screenshot - {}
RESULT: {}
COMMAND: POST /session/b4821e91125fc57ae8b08a301666550d/element - {"using":"xpath","value":"//header[contains(@id, 'detailRruPage-headerTitle')]/div[1]/div[2]/div[2]/span[1]"}
RESULT: {"using":"xpath","value":"//header[contains(@id, 'detailRruPage-headerTitle')]/div[1]/div[2]/div[2]/span[1]"}
COMMAND: POST /session/b4821e91125fc57ae8b08a301666550d/elements - {"using":"xpath","value":"//header[contains(@id, 'detailRruPage-headerTitle')]/div[1]/div[2]/div[2]/span[1]"}
RESULT: {"using":"xpath","value":"//header[contains(@id, 'detailRruPage-headerTitle')]/div[1]/div[2]/div[2]/span[1]"}
COMMAND: POST /session/b4821e91125fc57ae8b08a301666550d/execute/sync - {"script":"<script> [56 bytes]","args":[{"element-6066-11e4-a52e-4f735466cecf":"f.0C7D383FA3E737A876F1AD61BD78151D.d.98E8D87F51E1B6C204E36E9172CA7201.e.23873","ELEMENT":"f.0C7D383FA3E737A876F1AD61BD78151D.d.98E8D87F51E1B6C204E36E9172CA7201.e.23873"}]}
RESULT: {"script":"<script> [56 bytes]","args":[{"element-6066-11e4-a52e-4f735466cecf":"f.0C7D383FA3E737A876F1AD61BD78151D.d.98E8D87F51E1B6C204E36E9172CA7201.e.23873","ELEMENT":"f.0C7D383FA3E737A876F1AD61BD78151D.d.98E8D87F51E1B6C204E36E9172CA7201.e.23873"}]}
COMMAND: POST /session/b4821e91125fc57ae8b08a301666550d/element - {"using":"css selector","value":"#shell-header-logo"}
COMMAND: GET /session/b4821e91125fc57ae8b08a301666550d/screenshot - {}
RESULT: {"using":"css selector","value":"#shell-header-logo"}
COMMAND: POST /session/b4821e91125fc57ae8b08a301666550d/element/f.0C7D383FA3E737A876F1AD61BD78151D.d.98E8D87F51E1B6C204E36E9172CA7201.e.23199/click - {}
RESULT: {}
RESULT: {}
COMMAND: GET /session/b4821e91125fc57ae8b08a301666550d/screenshot - {}
RESULT: {}
]]></system-out>
    </testcase>
    <testcase classname="chrome.136_0_7103_93.windows.Create_masterdata_for_Yard_Overview_-_trigger_provide_US130988" name="Bin Status Report Should Create New Organization yard" time="0.004" />
    <testcase classname="chrome.136_0_7103_93.windows.Create_masterdata_for_Yard_Overview_-_trigger_provide_US130988" name="Create a Warehouse Movement for created yard" time="41.958">
      <system-out><![CDATA[
COMMAND: POST /session/b4821e91125fc57ae8b08a301666550d/execute/async - {"script":"<script> [1562 bytes]","args":[{"selector":{"controlType":"sap.m.GenericTile","properties":{"header":"Manage Warehouse Movements"}},"wdio_ui5_key":"sapm.GenericTile{\"header\":\"Manage Warehouse Movements\"}"}]}
RESULT: {"script":"<script> [1562 bytes]","args":[{"selector":{"controlType":"sap.m.GenericTile","properties":{"header":"Manage Warehouse Movements"}},"wdio_ui5_key":"sapm.GenericTile{\"header\":\"Manage Warehouse Movements\"}"}]}
RESULT: undefined
COMMAND: POST /session/b4821e91125fc57ae8b08a301666550d/element - {"using":"xpath","value":"//*[@id=\"__tile105\"]"}
RESULT: {"using":"xpath","value":"//*[@id=\"__tile105\"]"}
COMMAND: POST /session/b4821e91125fc57ae8b08a301666550d/element/f.0C7D383FA3E737A876F1AD61BD78151D.d.98E8D87F51E1B6C204E36E9172CA7201.e.23879/click - {}
RESULT: {}
COMMAND: POST /session/b4821e91125fc57ae8b08a301666550d/element - {"using":"xpath","value":"//input[@id='application-warehousemovements-display-component---warehouseMovements--smartFilterBar-filterItemControl_BASIC-YARD-inner']"}
COMMAND: GET /session/b4821e91125fc57ae8b08a301666550d/screenshot - {}
RESULT: {"using":"xpath","value":"//input[@id='application-warehousemovements-display-component---warehouseMovements--smartFilterBar-filterItemControl_BASIC-YARD-inner']"}
COMMAND: POST /session/b4821e91125fc57ae8b08a301666550d/elements - {"using":"xpath","value":"//input[@id='application-warehousemovements-display-component---warehouseMovements--smartFilterBar-filterItemControl_BASIC-YARD-inner']"}
RESULT: {}
RESULT: {"using":"xpath","value":"//input[@id='application-warehousemovements-display-component---warehouseMovements--smartFilterBar-filterItemControl_BASIC-YARD-inner']"}
COMMAND: POST /session/b4821e91125fc57ae8b08a301666550d/element - {"using":"xpath","value":"//input[@id='application-warehousemovements-display-component---warehouseMovements--smartFilterBar-filterItemControl_BASIC-YARD-inner']"}
RESULT: {"using":"xpath","value":"//input[@id='application-warehousemovements-display-component---warehouseMovements--smartFilterBar-filterItemControl_BASIC-YARD-inner']"}
COMMAND: POST /session/b4821e91125fc57ae8b08a301666550d/execute/sync - {"script":"<script> [8489 bytes]","args":[{"element-6066-11e4-a52e-4f735466cecf":"f.0C7D383FA3E737A876F1AD61BD78151D.d.98E8D87F51E1B6C204E36E9172CA7201.e.23902","ELEMENT":"f.0C7D383FA3E737A876F1AD61BD78151D.d.98E8D87F51E1B6C204E36E9172CA7201.e.23902"}]}
RESULT: {"script":"<script> [8489 bytes]","args":[{"element-6066-11e4-a52e-4f735466cecf":"f.0C7D383FA3E737A876F1AD61BD78151D.d.98E8D87F51E1B6C204E36E9172CA7201.e.23902","ELEMENT":"f.0C7D383FA3E737A876F1AD61BD78151D.d.98E8D87F51E1B6C204E36E9172CA7201.e.23902"}]}
COMMAND: GET /session/b4821e91125fc57ae8b08a301666550d/element/f.0C7D383FA3E737A876F1AD61BD78151D.d.98E8D87F51E1B6C204E36E9172CA7201.e.23902/enabled - {}
COMMAND: GET /session/b4821e91125fc57ae8b08a301666550d/screenshot - {}
RESULT: {}
COMMAND: POST /session/b4821e91125fc57ae8b08a301666550d/execute/sync - {"script":"<script> [8489 bytes]","args":[{"element-6066-11e4-a52e-4f735466cecf":"f.0C7D383FA3E737A876F1AD61BD78151D.d.98E8D87F51E1B6C204E36E9172CA7201.e.23902","ELEMENT":"f.0C7D383FA3E737A876F1AD61BD78151D.d.98E8D87F51E1B6C204E36E9172CA7201.e.23902"}]}
COMMAND: GET /session/b4821e91125fc57ae8b08a301666550d/screenshot - {}
RESULT: {}
RESULT: {"script":"<script> [8489 bytes]","args":[{"element-6066-11e4-a52e-4f735466cecf":"f.0C7D383FA3E737A876F1AD61BD78151D.d.98E8D87F51E1B6C204E36E9172CA7201.e.23902","ELEMENT":"f.0C7D383FA3E737A876F1AD61BD78151D.d.98E8D87F51E1B6C204E36E9172CA7201.e.23902"}]}
COMMAND: POST /session/b4821e91125fc57ae8b08a301666550d/execute/sync - {"script":"<script> [5351 bytes]","args":[{"element-6066-11e4-a52e-4f735466cecf":"f.0C7D383FA3E737A876F1AD61BD78151D.d.98E8D87F51E1B6C204E36E9172CA7201.e.23902","ELEMENT":"f.0C7D383FA3E737A876F1AD61BD78151D.d.98E8D87F51E1B6C204E36E9172CA7201.e.23902"}]}
COMMAND: GET /session/b4821e91125fc57ae8b08a301666550d/screenshot - {}
RESULT: {}
RESULT: {"script":"<script> [5351 bytes]","args":[{"element-6066-11e4-a52e-4f735466cecf":"f.0C7D383FA3E737A876F1AD61BD78151D.d.98E8D87F51E1B6C204E36E9172CA7201.e.23902","ELEMENT":"f.0C7D383FA3E737A876F1AD61BD78151D.d.98E8D87F51E1B6C204E36E9172CA7201.e.23902"}]}
COMMAND: GET /session/b4821e91125fc57ae8b08a301666550d/screenshot - {}
RESULT: {}
RESULT: {}
COMMAND: POST /session/b4821e91125fc57ae8b08a301666550d/element/f.0C7D383FA3E737A876F1AD61BD78151D.d.98E8D87F51E1B6C204E36E9172CA7201.e.23902/clear - {}
RESULT: {}
COMMAND: POST /session/b4821e91125fc57ae8b08a301666550d/element/f.0C7D383FA3E737A876F1AD61BD78151D.d.98E8D87F51E1B6C204E36E9172CA7201.e.23902/value - {"text":"540"}
COMMAND: GET /session/b4821e91125fc57ae8b08a301666550d/screenshot - {}
RESULT: {"text":"540"}
COMMAND: POST /session/b4821e91125fc57ae8b08a301666550d/actions - {"actions":[{"id":"action78","type":"key","parameters":{},"actions":[{"type":"keyDown","value":"î€‡"},{"type":"pause","duration":10},{"type":"keyUp","value":"î€‡"}]}]}
COMMAND: GET /session/b4821e91125fc57ae8b08a301666550d/screenshot - {}
RESULT: {}
RESULT: {"actions":[{"id":"action78","type":"key","parameters":{},"actions":[{"type":"keyDown","value":"î€‡"},{"type":"pause","duration":10},{"type":"keyUp","value":"î€‡"}]}]}
COMMAND: GET /session/b4821e91125fc57ae8b08a301666550d/screenshot - {}
RESULT: {}
RESULT: {}
COMMAND: POST /session/b4821e91125fc57ae8b08a301666550d/element - {"using":"xpath","value":"//button[contains(@data-kt, \"MasterMovementAddOverflowToolbarButton\")]"}
RESULT: {"using":"xpath","value":"//button[contains(@data-kt, \"MasterMovementAddOverflowToolbarButton\")]"}
COMMAND: POST /session/b4821e91125fc57ae8b08a301666550d/element/f.0C7D383FA3E737A876F1AD61BD78151D.d.98E8D87F51E1B6C204E36E9172CA7201.e.23926/click - {}
RESULT: {}
COMMAND: GET /session/b4821e91125fc57ae8b08a301666550d/screenshot - {}
RESULT: {}
COMMAND: POST /session/b4821e91125fc57ae8b08a301666550d/element - {"using":"xpath","value":"//*[@id=\"application-warehousemovements-display-component---addMovement--sectionsList-arrow\"]"}
RESULT: {"using":"xpath","value":"//*[@id=\"application-warehousemovements-display-component---addMovement--sectionsList-arrow\"]"}
COMMAND: POST /session/b4821e91125fc57ae8b08a301666550d/element/f.0C7D383FA3E737A876F1AD61BD78151D.d.98E8D87F51E1B6C204E36E9172CA7201.e.24138/click - {}
RESULT: {}
COMMAND: POST /session/b4821e91125fc57ae8b08a301666550d/actions - {"actions":[{"id":"action79","type":"key","parameters":{},"actions":[{"type":"keyDown","value":"î€•"},{"type":"pause","duration":10},{"type":"keyUp","value":"î€•"}]}]}
COMMAND: GET /session/b4821e91125fc57ae8b08a301666550d/screenshot - {}
RESULT: {"actions":[{"id":"action79","type":"key","parameters":{},"actions":[{"type":"keyDown","value":"î€•"},{"type":"pause","duration":10},{"type":"keyUp","value":"î€•"}]}]}
COMMAND: GET /session/b4821e91125fc57ae8b08a301666550d/screenshot - {}
RESULT: {}
RESULT: {}
COMMAND: POST /session/b4821e91125fc57ae8b08a301666550d/actions - {"actions":[{"id":"action80","type":"key","parameters":{},"actions":[{"type":"keyDown","value":"î€‡"},{"type":"pause","duration":10},{"type":"keyUp","value":"î€‡"}]}]}
RESULT: {"actions":[{"id":"action80","type":"key","parameters":{},"actions":[{"type":"keyDown","value":"î€‡"},{"type":"pause","duration":10},{"type":"keyUp","value":"î€‡"}]}]}
COMMAND: GET /session/b4821e91125fc57ae8b08a301666550d/screenshot - {}
RESULT: {}
COMMAND: POST /session/b4821e91125fc57ae8b08a301666550d/element - {"using":"xpath","value":"//*[@id=\"application-warehousemovements-display-component---addMovement--saveMovementBtn-BDI-content\" and text()=\"Save\"]"}
RESULT: {"using":"xpath","value":"//*[@id=\"application-warehousemovements-display-component---addMovement--saveMovementBtn-BDI-content\" and text()=\"Save\"]"}
COMMAND: POST /session/b4821e91125fc57ae8b08a301666550d/element/f.0C7D383FA3E737A876F1AD61BD78151D.d.98E8D87F51E1B6C204E36E9172CA7201.e.24139/click - {}
RESULT: {}
COMMAND: GET /session/b4821e91125fc57ae8b08a301666550d/screenshot - {}
RESULT: {}
COMMAND: POST /session/b4821e91125fc57ae8b08a301666550d/element - {"using":"css selector","value":"#shell-header-logo"}
RESULT: {"using":"css selector","value":"#shell-header-logo"}
COMMAND: POST /session/b4821e91125fc57ae8b08a301666550d/element/f.0C7D383FA3E737A876F1AD61BD78151D.d.98E8D87F51E1B6C204E36E9172CA7201.e.23883/click - {}
RESULT: {}
COMMAND: GET /session/b4821e91125fc57ae8b08a301666550d/screenshot - {}
RESULT: {}
]]></system-out>
    </testcase>
    <testcase classname="chrome.136_0_7103_93.windows.Create_masterdata_for_Yard_Overview_-_trigger_provide_US130988" name="Should do a stock increase handover for equipment" time="82.561">
      <system-out><![CDATA[
COMMAND: POST /session/b4821e91125fc57ae8b08a301666550d/execute/async - {"script":"<script> [1562 bytes]","args":[{"selector":{"controlType":"sap.m.GenericTile","properties":{"header":"Manage Handovers"}},"wdio_ui5_key":"sapm.GenericTile{\"header\":\"Manage Handovers\"}"}]}
RESULT: {"script":"<script> [1562 bytes]","args":[{"selector":{"controlType":"sap.m.GenericTile","properties":{"header":"Manage Handovers"}},"wdio_ui5_key":"sapm.GenericTile{\"header\":\"Manage Handovers\"}"}]}
RESULT: undefined
COMMAND: POST /session/b4821e91125fc57ae8b08a301666550d/element - {"using":"xpath","value":"//*[@id=\"__tile133\"]"}
RESULT: {"using":"xpath","value":"//*[@id=\"__tile133\"]"}
COMMAND: POST /session/b4821e91125fc57ae8b08a301666550d/element/f.0C7D383FA3E737A876F1AD61BD78151D.d.98E8D87F51E1B6C204E36E9172CA7201.e.23248/click - {}
RESULT: {}
COMMAND: GET /session/b4821e91125fc57ae8b08a301666550d/screenshot - {}
RESULT: {}
COMMAND: POST /session/b4821e91125fc57ae8b08a301666550d/elements - {"using":"xpath","value":"//span[text()='Error']"}
RESULT: {"using":"xpath","value":"//span[text()='Error']"}
COMMAND: POST /session/b4821e91125fc57ae8b08a301666550d/element - {"using":"xpath","value":"//button[@data-kt=\"masterHOAddButton\"]"}
RESULT: {"using":"xpath","value":"//button[@data-kt=\"masterHOAddButton\"]"}
COMMAND: POST /session/b4821e91125fc57ae8b08a301666550d/elements - {"using":"xpath","value":"//button[@data-kt=\"masterHOAddButton\"]"}
RESULT: {"using":"xpath","value":"//button[@data-kt=\"masterHOAddButton\"]"}
COMMAND: POST /session/b4821e91125fc57ae8b08a301666550d/execute/sync - {"script":"<script> [8489 bytes]","args":[{"element-6066-11e4-a52e-4f735466cecf":"f.0C7D383FA3E737A876F1AD61BD78151D.d.98E8D87F51E1B6C204E36E9172CA7201.e.24248","ELEMENT":"f.0C7D383FA3E737A876F1AD61BD78151D.d.98E8D87F51E1B6C204E36E9172CA7201.e.24248"}]}
RESULT: {"script":"<script> [8489 bytes]","args":[{"element-6066-11e4-a52e-4f735466cecf":"f.0C7D383FA3E737A876F1AD61BD78151D.d.98E8D87F51E1B6C204E36E9172CA7201.e.24248","ELEMENT":"f.0C7D383FA3E737A876F1AD61BD78151D.d.98E8D87F51E1B6C204E36E9172CA7201.e.24248"}]}
COMMAND: GET /session/b4821e91125fc57ae8b08a301666550d/element/f.0C7D383FA3E737A876F1AD61BD78151D.d.98E8D87F51E1B6C204E36E9172CA7201.e.24248/enabled - {}
COMMAND: GET /session/b4821e91125fc57ae8b08a301666550d/screenshot - {}
RESULT: {}
COMMAND: POST /session/b4821e91125fc57ae8b08a301666550d/execute/sync - {"script":"<script> [8489 bytes]","args":[{"element-6066-11e4-a52e-4f735466cecf":"f.0C7D383FA3E737A876F1AD61BD78151D.d.98E8D87F51E1B6C204E36E9172CA7201.e.24248","ELEMENT":"f.0C7D383FA3E737A876F1AD61BD78151D.d.98E8D87F51E1B6C204E36E9172CA7201.e.24248"}]}
COMMAND: GET /session/b4821e91125fc57ae8b08a301666550d/screenshot - {}
RESULT: {}
RESULT: {"script":"<script> [8489 bytes]","args":[{"element-6066-11e4-a52e-4f735466cecf":"f.0C7D383FA3E737A876F1AD61BD78151D.d.98E8D87F51E1B6C204E36E9172CA7201.e.24248","ELEMENT":"f.0C7D383FA3E737A876F1AD61BD78151D.d.98E8D87F51E1B6C204E36E9172CA7201.e.24248"}]}
COMMAND: POST /session/b4821e91125fc57ae8b08a301666550d/execute/sync - {"script":"<script> [5351 bytes]","args":[{"element-6066-11e4-a52e-4f735466cecf":"f.0C7D383FA3E737A876F1AD61BD78151D.d.98E8D87F51E1B6C204E36E9172CA7201.e.24248","ELEMENT":"f.0C7D383FA3E737A876F1AD61BD78151D.d.98E8D87F51E1B6C204E36E9172CA7201.e.24248"}]}
COMMAND: GET /session/b4821e91125fc57ae8b08a301666550d/screenshot - {}
RESULT: {}
RESULT: {"script":"<script> [5351 bytes]","args":[{"element-6066-11e4-a52e-4f735466cecf":"f.0C7D383FA3E737A876F1AD61BD78151D.d.98E8D87F51E1B6C204E36E9172CA7201.e.24248","ELEMENT":"f.0C7D383FA3E737A876F1AD61BD78151D.d.98E8D87F51E1B6C204E36E9172CA7201.e.24248"}]}
COMMAND: POST /session/b4821e91125fc57ae8b08a301666550d/element/f.0C7D383FA3E737A876F1AD61BD78151D.d.98E8D87F51E1B6C204E36E9172CA7201.e.24248/click - {}
COMMAND: GET /session/b4821e91125fc57ae8b08a301666550d/screenshot - {}
RESULT: {}
RESULT: {}
COMMAND: GET /session/b4821e91125fc57ae8b08a301666550d/screenshot - {}
RESULT: {}
RESULT: {}
COMMAND: POST /session/b4821e91125fc57ae8b08a301666550d/element - {"using":"xpath","value":"//span[contains(@id ,\"AddNewHO--typeSelect-arrow\")]"}
RESULT: {"using":"xpath","value":"//span[contains(@id ,\"AddNewHO--typeSelect-arrow\")]"}
COMMAND: POST /session/b4821e91125fc57ae8b08a301666550d/element/f.0C7D383FA3E737A876F1AD61BD78151D.d.98E8D87F51E1B6C204E36E9172CA7201.e.24612/click - {}
RESULT: {}
COMMAND: GET /session/b4821e91125fc57ae8b08a301666550d/screenshot - {}
RESULT: {}
COMMAND: POST /session/b4821e91125fc57ae8b08a301666550d/element - {"using":"xpath","value":"(//li[contains(text(), \"stock increase yard\")])[1]"}
RESULT: {"using":"xpath","value":"(//li[contains(text(), \"stock increase yard\")])[1]"}
COMMAND: POST /session/b4821e91125fc57ae8b08a301666550d/element/f.0C7D383FA3E737A876F1AD61BD78151D.d.98E8D87F51E1B6C204E36E9172CA7201.e.24613/click - {}
RESULT: {}
COMMAND: GET /session/b4821e91125fc57ae8b08a301666550d/screenshot - {}
RESULT: {}
COMMAND: POST /session/b4821e91125fc57ae8b08a301666550d/execute/async - {"script":"<script> [1562 bytes]","args":[{"selector":{"id":"application-managehandovers-display-component---AddNewHO--dueDate","interaction":{"idSuffix":"inner"}},"wdio_ui5_key":"applicationmanagehandovers-display-component---AddNewHO--dueDate"}]}
RESULT: {"script":"<script> [1562 bytes]","args":[{"selector":{"id":"application-managehandovers-display-component---AddNewHO--dueDate","interaction":{"idSuffix":"inner"}},"wdio_ui5_key":"applicationmanagehandovers-display-component---AddNewHO--dueDate"}]}
RESULT: undefined
COMMAND: POST /session/b4821e91125fc57ae8b08a301666550d/execute/async - {"script":"<script> [6424 bytes]","args":[{"element-6066-11e4-a52e-4f735466cecf":"f.0C7D383FA3E737A876F1AD61BD78151D.d.98E8D87F51E1B6C204E36E9172CA7201.e.24615"},"setValue",["5/19/25"]]}
RESULT: {"script":"<script> [6424 bytes]","args":[{"element-6066-11e4-a52e-4f735466cecf":"f.0C7D383FA3E737A876F1AD61BD78151D.d.98E8D87F51E1B6C204E36E9172CA7201.e.24615"},"setValue",["5/19/25"]]}
COMMAND: POST /session/b4821e91125fc57ae8b08a301666550d/element - {"using":"xpath","value":"//input[@id=\"generalSectionFrg--receiveYard-inner\"]"}
RESULT: {"using":"xpath","value":"//input[@id=\"generalSectionFrg--receiveYard-inner\"]"}
COMMAND: POST /session/b4821e91125fc57ae8b08a301666550d/element/f.0C7D383FA3E737A876F1AD61BD78151D.d.98E8D87F51E1B6C204E36E9172CA7201.e.24619/clear - {}
RESULT: {}
COMMAND: POST /session/b4821e91125fc57ae8b08a301666550d/element/f.0C7D383FA3E737A876F1AD61BD78151D.d.98E8D87F51E1B6C204E36E9172CA7201.e.24619/value - {"text":"540"}
COMMAND: GET /session/b4821e91125fc57ae8b08a301666550d/screenshot - {}
RESULT: {"text":"540"}
COMMAND: GET /session/b4821e91125fc57ae8b08a301666550d/screenshot - {}
RESULT: {}
RESULT: {}
COMMAND: POST /session/b4821e91125fc57ae8b08a301666550d/element - {"using":"xpath","value":"//li[.//span[text()='540']]"}
RESULT: {"using":"xpath","value":"//li[.//span[text()='540']]"}
COMMAND: POST /session/b4821e91125fc57ae8b08a301666550d/element/f.0C7D383FA3E737A876F1AD61BD78151D.d.98E8D87F51E1B6C204E36E9172CA7201.e.24637/click - {}
RESULT: {}
COMMAND: GET /session/b4821e91125fc57ae8b08a301666550d/screenshot - {}
RESULT: {}
COMMAND: POST /session/b4821e91125fc57ae8b08a301666550d/execute/async - {"script":"<script> [1562 bytes]","args":[{"selector":{"id":"application-managehandovers-display-component---AddNewHO--ObjectPageLayout-anchBar-application-managehandovers-display-component---AddNewHO--section4-anchor","interaction":{"idSuffix":"BDI-content"}},"wdio_ui5_key":"applicationmanagehandovers-display-component---AddNewHO--ObjectPageLayout-anchBar-application-managehandovers-display-component---AddNewHO--section4-anchor"}]}
RESULT: {"script":"<script> [1562 bytes]","args":[{"selector":{"id":"application-managehandovers-display-component---AddNewHO--ObjectPageLayout-anchBar-application-managehandovers-display-component---AddNewHO--section4-anchor","interaction":{"idSuffix":"BDI-content"}},"wdio_ui5_key":"applicationmanagehandovers-display-component---AddNewHO--ObjectPageLayout-anchBar-application-managehandovers-display-component---AddNewHO--section4-anchor"}]}
RESULT: undefined
COMMAND: POST /session/b4821e91125fc57ae8b08a301666550d/element - {"using":"xpath","value":"//*[@id=\"application-managehandovers-display-component---AddNewHO--ObjectPageLayout-anchBar-application-managehandovers-display-component---AddNewHO--section4-anchor\"]"}
RESULT: {"using":"xpath","value":"//*[@id=\"application-managehandovers-display-component---AddNewHO--ObjectPageLayout-anchBar-application-managehandovers-display-component---AddNewHO--section4-anchor\"]"}
COMMAND: POST /session/b4821e91125fc57ae8b08a301666550d/element/f.0C7D383FA3E737A876F1AD61BD78151D.d.98E8D87F51E1B6C204E36E9172CA7201.e.24639/click - {}
RESULT: {}
COMMAND: POST /session/b4821e91125fc57ae8b08a301666550d/element - {"using":"xpath","value":"//button[@aria-label=\"Add\"]"}
COMMAND: GET /session/b4821e91125fc57ae8b08a301666550d/screenshot - {}
RESULT: {"using":"xpath","value":"//button[@aria-label=\"Add\"]"}
COMMAND: POST /session/b4821e91125fc57ae8b08a301666550d/element/f.0C7D383FA3E737A876F1AD61BD78151D.d.98E8D87F51E1B6C204E36E9172CA7201.e.24641/click - {}
RESULT: {}
RESULT: {}
COMMAND: GET /session/b4821e91125fc57ae8b08a301666550d/screenshot - {}
RESULT: {}
COMMAND: POST /session/b4821e91125fc57ae8b08a301666550d/execute/async - {"script":"<script> [1562 bytes]","args":[{"selector":{"id":"application-managehandovers-display-component---AddNewHO--smartFilterBar-btnBasicSearch","searchOpenDialogs":true,"interaction":{"idSuffix":"I"}},"wdio_ui5_key":"applicationmanagehandovers-display-component---AddNewHO--smartFilterBar-btnBasicSearch"}]}
RESULT: {"script":"<script> [1562 bytes]","args":[{"selector":{"id":"application-managehandovers-display-component---AddNewHO--smartFilterBar-btnBasicSearch","searchOpenDialogs":true,"interaction":{"idSuffix":"I"}},"wdio_ui5_key":"applicationmanagehandovers-display-component---AddNewHO--smartFilterBar-btnBasicSearch"}]}
RESULT: undefined
COMMAND: POST /session/b4821e91125fc57ae8b08a301666550d/execute/async - {"script":"<script> [776 bytes]","args":[{"enterText":"200288","selector":{"id":"application-managehandovers-display-component---AddNewHO--smartFilterBar-btnBasicSearch","searchOpenDialogs":true,"interaction":{"idSuffix":"I"}},"clearTextFirst":true,"interactionType":"ENTER_TEXT"}]}
RESULT: {"script":"<script> [776 bytes]","args":[{"enterText":"200288","selector":{"id":"application-managehandovers-display-component---AddNewHO--smartFilterBar-btnBasicSearch","searchOpenDialogs":true,"interaction":{"idSuffix":"I"}},"clearTextFirst":true,"interactionType":"ENTER_TEXT"}]}
COMMAND: POST /session/b4821e91125fc57ae8b08a301666550d/actions - {"actions":[{"id":"action81","type":"key","parameters":{},"actions":[{"type":"keyDown","value":"î€‡"},{"type":"pause","duration":10},{"type":"keyUp","value":"î€‡"}]}]}
RESULT: {"actions":[{"id":"action81","type":"key","parameters":{},"actions":[{"type":"keyDown","value":"î€‡"},{"type":"pause","duration":10},{"type":"keyUp","value":"î€‡"}]}]}
COMMAND: GET /session/b4821e91125fc57ae8b08a301666550d/screenshot - {}
RESULT: {}
COMMAND: POST /session/b4821e91125fc57ae8b08a301666550d/execute/async - {"script":"<script> [1562 bytes]","args":[{"selector":{"id":"application-managehandovers-display-component---AddNewHO--popup-sa","searchOpenDialogs":true,"interaction":{"idSuffix":"CbBg"}},"wdio_ui5_key":"applicationmanagehandovers-display-component---AddNewHO--popup-sa"}]}
RESULT: {"script":"<script> [1562 bytes]","args":[{"selector":{"id":"application-managehandovers-display-component---AddNewHO--popup-sa","searchOpenDialogs":true,"interaction":{"idSuffix":"CbBg"}},"wdio_ui5_key":"applicationmanagehandovers-display-component---AddNewHO--popup-sa"}]}
RESULT: undefined
COMMAND: POST /session/b4821e91125fc57ae8b08a301666550d/element - {"using":"xpath","value":"//*[@id=\"application-managehandovers-display-component---AddNewHO--popup-sa\"]"}
RESULT: {"using":"xpath","value":"//*[@id=\"application-managehandovers-display-component---AddNewHO--popup-sa\"]"}
COMMAND: POST /session/b4821e91125fc57ae8b08a301666550d/element/f.0C7D383FA3E737A876F1AD61BD78151D.d.98E8D87F51E1B6C204E36E9172CA7201.e.24794/click - {}
RESULT: {}
COMMAND: GET /session/b4821e91125fc57ae8b08a301666550d/screenshot - {}
RESULT: {}
COMMAND: POST /session/b4821e91125fc57ae8b08a301666550d/element - {"using":"xpath","value":"//bdi[contains(text(), \"Select\")]"}
RESULT: {"using":"xpath","value":"//bdi[contains(text(), \"Select\")]"}
COMMAND: POST /session/b4821e91125fc57ae8b08a301666550d/element/f.0C7D383FA3E737A876F1AD61BD78151D.d.98E8D87F51E1B6C204E36E9172CA7201.e.24795/click - {}
RESULT: {}
COMMAND: GET /session/b4821e91125fc57ae8b08a301666550d/screenshot - {}
RESULT: {}
COMMAND: POST /session/b4821e91125fc57ae8b08a301666550d/element - {"using":"xpath","value":"//button[@data-kt=\"AddNewHOSaveButton\"]"}
RESULT: {"using":"xpath","value":"//button[@data-kt=\"AddNewHOSaveButton\"]"}
COMMAND: POST /session/b4821e91125fc57ae8b08a301666550d/element/f.0C7D383FA3E737A876F1AD61BD78151D.d.98E8D87F51E1B6C204E36E9172CA7201.e.24799/click - {}
RESULT: {}
COMMAND: GET /session/b4821e91125fc57ae8b08a301666550d/screenshot - {}
RESULT: {}
COMMAND: POST /session/b4821e91125fc57ae8b08a301666550d/execute/async - {"script":"<script> [1562 bytes]","args":[{"selector":{"id":"receiptDatePicker","viewName":"etm.portal.ui.managehandovers.view.DetailExecuteHO","interaction":{"idSuffix":"inner"}},"wdio_ui5_key":"receiptDatePickeretmportal.ui.managehandovers.view.DetailExecuteHO"}]}
RESULT: {"script":"<script> [1562 bytes]","args":[{"selector":{"id":"receiptDatePicker","viewName":"etm.portal.ui.managehandovers.view.DetailExecuteHO","interaction":{"idSuffix":"inner"}},"wdio_ui5_key":"receiptDatePickeretmportal.ui.managehandovers.view.DetailExecuteHO"}]}
RESULT: undefined
COMMAND: POST /session/b4821e91125fc57ae8b08a301666550d/execute/async - {"script":"<script> [6424 bytes]","args":[{"element-6066-11e4-a52e-4f735466cecf":"f.0C7D383FA3E737A876F1AD61BD78151D.d.98E8D87F51E1B6C204E36E9172CA7201.e.24818"},"setValue",["5/19/25"]]}
RESULT: {"script":"<script> [6424 bytes]","args":[{"element-6066-11e4-a52e-4f735466cecf":"f.0C7D383FA3E737A876F1AD61BD78151D.d.98E8D87F51E1B6C204E36E9172CA7201.e.24818"},"setValue",["5/19/25"]]}
COMMAND: POST /session/b4821e91125fc57ae8b08a301666550d/element - {"using":"xpath","value":"//button[@data-kt=\"PickingTableConfirmAllButton\"]"}
RESULT: {"using":"xpath","value":"//button[@data-kt=\"PickingTableConfirmAllButton\"]"}
COMMAND: POST /session/b4821e91125fc57ae8b08a301666550d/element/f.0C7D383FA3E737A876F1AD61BD78151D.d.98E8D87F51E1B6C204E36E9172CA7201.e.24835/click - {}
RESULT: {}
COMMAND: GET /session/b4821e91125fc57ae8b08a301666550d/screenshot - {}
RESULT: {}
COMMAND: POST /session/b4821e91125fc57ae8b08a301666550d/element - {"using":"xpath","value":"//bdi[contains(text(), \"OK\")]"}
RESULT: {"using":"xpath","value":"//bdi[contains(text(), \"OK\")]"}
COMMAND: POST /session/b4821e91125fc57ae8b08a301666550d/element/f.0C7D383FA3E737A876F1AD61BD78151D.d.98E8D87F51E1B6C204E36E9172CA7201.e.24837/click - {}
RESULT: {}
COMMAND: GET /session/b4821e91125fc57ae8b08a301666550d/screenshot - {}
RESULT: {}
COMMAND: POST /session/b4821e91125fc57ae8b08a301666550d/element - {"using":"xpath","value":"(//bdi[contains(text(), \"Receive\")])[2]"}
RESULT: {"using":"xpath","value":"(//bdi[contains(text(), \"Receive\")])[2]"}
COMMAND: POST /session/b4821e91125fc57ae8b08a301666550d/element/f.0C7D383FA3E737A876F1AD61BD78151D.d.98E8D87F51E1B6C204E36E9172CA7201.e.24839/click - {}
RESULT: {}
COMMAND: GET /session/b4821e91125fc57ae8b08a301666550d/screenshot - {}
RESULT: {}
COMMAND: POST /session/b4821e91125fc57ae8b08a301666550d/element - {"using":"css selector","value":"#shell-header-logo"}
RESULT: {"using":"css selector","value":"#shell-header-logo"}
COMMAND: POST /session/b4821e91125fc57ae8b08a301666550d/element/f.0C7D383FA3E737A876F1AD61BD78151D.d.98E8D87F51E1B6C204E36E9172CA7201.e.24215/click - {}
RESULT: {}
COMMAND: GET /session/b4821e91125fc57ae8b08a301666550d/screenshot - {}
RESULT: {}
]]></system-out>
    </testcase>
    <testcase classname="chrome.136_0_7103_93.windows.Create_masterdata_for_Yard_Overview_-_trigger_provide_US130988" name="Set status to defect" time="54.869">
      <system-out><![CDATA[
COMMAND: POST /session/b4821e91125fc57ae8b08a301666550d/execute/async - {"script":"<script> [1562 bytes]","args":[{"selector":{"controlType":"sap.m.GenericTile","properties":{"header":"Manage States & Performance"}},"wdio_ui5_key":"sapm.GenericTile{\"header\":\"Manage States & Performance\"}"}]}
RESULT: {"script":"<script> [1562 bytes]","args":[{"selector":{"controlType":"sap.m.GenericTile","properties":{"header":"Manage States & Performance"}},"wdio_ui5_key":"sapm.GenericTile{\"header\":\"Manage States & Performance\"}"}]}
RESULT: undefined
COMMAND: POST /session/b4821e91125fc57ae8b08a301666550d/element - {"using":"xpath","value":"//*[@id=\"__tile96\"]"}
RESULT: {"using":"xpath","value":"//*[@id=\"__tile96\"]"}
COMMAND: POST /session/b4821e91125fc57ae8b08a301666550d/element/f.0C7D383FA3E737A876F1AD61BD78151D.d.98E8D87F51E1B6C204E36E9172CA7201.e.23293/click - {}
RESULT: {}
COMMAND: GET /session/b4821e91125fc57ae8b08a301666550d/screenshot - {}
RESULT: {}
COMMAND: POST /session/b4821e91125fc57ae8b08a301666550d/elements - {"using":"xpath","value":"//span[text()='Error']"}
RESULT: {"using":"xpath","value":"//span[text()='Error']"}
COMMAND: POST /session/b4821e91125fc57ae8b08a301666550d/execute/async - {"script":"<script> [1562 bytes]","args":[{"selector":{"controlType":"sap.ui.core.Icon","viewName":"etm.portal.ui.managestatesandperformance.view.Master","viewId":"application-managestatesandperformance-display-component---stateAndPerform","properties":{"src":{"regex":{"source":"inventory"}}}},"wdio_ui5_key":"etmportal.ui.managestatesandperformance.view.Mastersap.ui.core.Icon{\"src\":{\"regex\":{\"source\":\"inventory\"}}}"}]}
RESULT: {"script":"<script> [1562 bytes]","args":[{"selector":{"controlType":"sap.ui.core.Icon","viewName":"etm.portal.ui.managestatesandperformance.view.Master","viewId":"application-managestatesandperformance-display-component---stateAndPerform","properties":{"src":{"regex":{"source":"inventory"}}}},"wdio_ui5_key":"etmportal.ui.managestatesandperformance.view.Mastersap.ui.core.Icon{\"src\":{\"regex\":{\"source\":\"inventory\"}}}"}]}
RESULT: undefined
COMMAND: POST /session/b4821e91125fc57ae8b08a301666550d/element - {"using":"xpath","value":"//*[@id=\"__filter57-icon\"]"}
RESULT: {"using":"xpath","value":"//*[@id=\"__filter57-icon\"]"}
COMMAND: POST /session/b4821e91125fc57ae8b08a301666550d/element/f.0C7D383FA3E737A876F1AD61BD78151D.d.98E8D87F51E1B6C204E36E9172CA7201.e.25110/click - {}
RESULT: {}
COMMAND: POST /session/b4821e91125fc57ae8b08a301666550d/execute/async - {"script":"<script> [1562 bytes]","args":[{"selector":{"id":"application-managestatesandperformance-display-component---stateAndPerform--smartFilterBarYard-btnBasicSearch","interaction":{"idSuffix":"I"}},"wdio_ui5_key":"applicationmanagestatesandperformance-display-component---stateAndPerform--smartFilterBarYard-btnBasicSearch"}]}
COMMAND: GET /session/b4821e91125fc57ae8b08a301666550d/screenshot - {}
RESULT: {"script":"<script> [1562 bytes]","args":[{"selector":{"id":"application-managestatesandperformance-display-component---stateAndPerform--smartFilterBarYard-btnBasicSearch","interaction":{"idSuffix":"I"}},"wdio_ui5_key":"applicationmanagestatesandperformance-display-component---stateAndPerform--smartFilterBarYard-btnBasicSearch"}]}
RESULT: undefined
COMMAND: POST /session/b4821e91125fc57ae8b08a301666550d/execute/async - {"script":"<script> [776 bytes]","args":[{"enterText":"200288","selector":{"id":"application-managestatesandperformance-display-component---stateAndPerform--smartFilterBarYard-btnBasicSearch","interaction":{"idSuffix":"I"}},"clearTextFirst":true,"interactionType":"ENTER_TEXT"}]}
RESULT: {}
RESULT: {"script":"<script> [776 bytes]","args":[{"enterText":"200288","selector":{"id":"application-managestatesandperformance-display-component---stateAndPerform--smartFilterBarYard-btnBasicSearch","interaction":{"idSuffix":"I"}},"clearTextFirst":true,"interactionType":"ENTER_TEXT"}]}
COMMAND: POST /session/b4821e91125fc57ae8b08a301666550d/actions - {"actions":[{"id":"action82","type":"key","parameters":{},"actions":[{"type":"keyDown","value":"î€‡"},{"type":"pause","duration":10},{"type":"keyUp","value":"î€‡"}]}]}
RESULT: {"actions":[{"id":"action82","type":"key","parameters":{},"actions":[{"type":"keyDown","value":"î€‡"},{"type":"pause","duration":10},{"type":"keyUp","value":"î€‡"}]}]}
COMMAND: GET /session/b4821e91125fc57ae8b08a301666550d/screenshot - {}
RESULT: {}
COMMAND: POST /session/b4821e91125fc57ae8b08a301666550d/element - {"using":"xpath","value":"(//span[contains(@id, \"imgNav\")])[1]"}
RESULT: {"using":"xpath","value":"(//span[contains(@id, \"imgNav\")])[1]"}
COMMAND: POST /session/b4821e91125fc57ae8b08a301666550d/element/f.0C7D383FA3E737A876F1AD61BD78151D.d.98E8D87F51E1B6C204E36E9172CA7201.e.25188/click - {}
RESULT: {}
COMMAND: GET /session/b4821e91125fc57ae8b08a301666550d/screenshot - {}
RESULT: {}
COMMAND: POST /session/b4821e91125fc57ae8b08a301666550d/execute/async - {"script":"<script> [1562 bytes]","args":[{"selector":{"controlType":"sap.m.Button","viewName":"etm.portal.ui.managestatesandperformance.view.Detail","viewId":"application-managestatesandperformance-display-component---detailStateAndPerform","i18NText":{"propertyName":"text","key":"createStateChange"},"interaction":{"idSuffix":"content"}},"wdio_ui5_key":"etmportal.ui.managestatesandperformance.view.Detailsap.m.Button{\"propertyName\":\"text\",\"key\":\"createStateChange\"}"}]}
RESULT: {"script":"<script> [1562 bytes]","args":[{"selector":{"controlType":"sap.m.Button","viewName":"etm.portal.ui.managestatesandperformance.view.Detail","viewId":"application-managestatesandperformance-display-component---detailStateAndPerform","i18NText":{"propertyName":"text","key":"createStateChange"},"interaction":{"idSuffix":"content"}},"wdio_ui5_key":"etmportal.ui.managestatesandperformance.view.Detailsap.m.Button{\"propertyName\":\"text\",\"key\":\"createStateChange\"}"}]}
RESULT: undefined
COMMAND: POST /session/b4821e91125fc57ae8b08a301666550d/element - {"using":"xpath","value":"//*[@id=\"__button162\"]"}
RESULT: {"using":"xpath","value":"//*[@id=\"__button162\"]"}
COMMAND: POST /session/b4821e91125fc57ae8b08a301666550d/element/f.0C7D383FA3E737A876F1AD61BD78151D.d.98E8D87F51E1B6C204E36E9172CA7201.e.25232/click - {}
RESULT: {}
COMMAND: GET /session/b4821e91125fc57ae8b08a301666550d/screenshot - {}
RESULT: {}
COMMAND: POST /session/b4821e91125fc57ae8b08a301666550d/execute/async - {"script":"<script> [1562 bytes]","args":[{"selector":{"id":"addStateDialog--stateSelect","searchOpenDialogs":true,"interaction":{"idSuffix":"arrow"}},"wdio_ui5_key":"addStateDialogstateSelect"}]}
RESULT: {"script":"<script> [1562 bytes]","args":[{"selector":{"id":"addStateDialog--stateSelect","searchOpenDialogs":true,"interaction":{"idSuffix":"arrow"}},"wdio_ui5_key":"addStateDialogstateSelect"}]}
RESULT: undefined
COMMAND: POST /session/b4821e91125fc57ae8b08a301666550d/element - {"using":"xpath","value":"//*[@id=\"addStateDialog--stateSelect\"]"}
RESULT: {"using":"xpath","value":"//*[@id=\"addStateDialog--stateSelect\"]"}
COMMAND: POST /session/b4821e91125fc57ae8b08a301666550d/element/f.0C7D383FA3E737A876F1AD61BD78151D.d.98E8D87F51E1B6C204E36E9172CA7201.e.25265/click - {}
RESULT: {}
COMMAND: GET /session/b4821e91125fc57ae8b08a301666550d/screenshot - {}
RESULT: {}
COMMAND: POST /session/b4821e91125fc57ae8b08a301666550d/element - {"using":"xpath","value":"//li[text()=\"defect\"]"}
RESULT: {"using":"xpath","value":"//li[text()=\"defect\"]"}
COMMAND: POST /session/b4821e91125fc57ae8b08a301666550d/element/f.0C7D383FA3E737A876F1AD61BD78151D.d.98E8D87F51E1B6C204E36E9172CA7201.e.25267/click - {}
RESULT: {}
COMMAND: GET /session/b4821e91125fc57ae8b08a301666550d/screenshot - {}
RESULT: {}
COMMAND: POST /session/b4821e91125fc57ae8b08a301666550d/element - {"using":"xpath","value":"//span[contains(@id,\"incrementBtn\")]"}
RESULT: {"using":"xpath","value":"//span[contains(@id,\"incrementBtn\")]"}
COMMAND: POST /session/b4821e91125fc57ae8b08a301666550d/element/f.0C7D383FA3E737A876F1AD61BD78151D.d.98E8D87F51E1B6C204E36E9172CA7201.e.25269/click - {}
RESULT: {}
COMMAND: GET /session/b4821e91125fc57ae8b08a301666550d/screenshot - {}
RESULT: {}
COMMAND: POST /session/b4821e91125fc57ae8b08a301666550d/element - {"using":"xpath","value":"//button[@data-kt=\"confirmAddStateButton\"]"}
RESULT: {"using":"xpath","value":"//button[@data-kt=\"confirmAddStateButton\"]"}
COMMAND: POST /session/b4821e91125fc57ae8b08a301666550d/element/f.0C7D383FA3E737A876F1AD61BD78151D.d.98E8D87F51E1B6C204E36E9172CA7201.e.25270/click - {}
RESULT: {}
COMMAND: GET /session/b4821e91125fc57ae8b08a301666550d/screenshot - {}
RESULT: {}
COMMAND: POST /session/b4821e91125fc57ae8b08a301666550d/element - {"using":"css selector","value":"#shell-header-logo"}
RESULT: {"using":"css selector","value":"#shell-header-logo"}
COMMAND: POST /session/b4821e91125fc57ae8b08a301666550d/element/f.0C7D383FA3E737A876F1AD61BD78151D.d.98E8D87F51E1B6C204E36E9172CA7201.e.25014/click - {}
RESULT: {}
COMMAND: GET /session/b4821e91125fc57ae8b08a301666550d/screenshot - {}
RESULT: {}
]]></system-out>
    </testcase>
    <testcase classname="chrome.136_0_7103_93.windows.Create_masterdata_for_Yard_Overview_-_trigger_provide_US130988" name="Should do a Stock Decrease" time="102.388">
      <system-out><![CDATA[
RESULT: undefined
COMMAND: POST /session/b4821e91125fc57ae8b08a301666550d/element - {"using":"xpath","value":"//*[@id=\"__tile133\"]"}
RESULT: {"using":"xpath","value":"//*[@id=\"__tile133\"]"}
COMMAND: POST /session/b4821e91125fc57ae8b08a301666550d/element/f.0C7D383FA3E737A876F1AD61BD78151D.d.98E8D87F51E1B6C204E36E9172CA7201.e.23248/click - {}
RESULT: {}
COMMAND: GET /session/b4821e91125fc57ae8b08a301666550d/screenshot - {}
RESULT: {}
COMMAND: POST /session/b4821e91125fc57ae8b08a301666550d/elements - {"using":"xpath","value":"//span[text()='Error']"}
RESULT: {"using":"xpath","value":"//span[text()='Error']"}
COMMAND: POST /session/b4821e91125fc57ae8b08a301666550d/element - {"using":"xpath","value":"//button[@data-kt=\"masterHOAddButton\"]"}
RESULT: {"using":"xpath","value":"//button[@data-kt=\"masterHOAddButton\"]"}
COMMAND: POST /session/b4821e91125fc57ae8b08a301666550d/elements - {"using":"xpath","value":"//button[@data-kt=\"masterHOAddButton\"]"}
RESULT: {"using":"xpath","value":"//button[@data-kt=\"masterHOAddButton\"]"}
COMMAND: POST /session/b4821e91125fc57ae8b08a301666550d/execute/sync - {"script":"<script> [8489 bytes]","args":[{"element-6066-11e4-a52e-4f735466cecf":"f.0C7D383FA3E737A876F1AD61BD78151D.d.98E8D87F51E1B6C204E36E9172CA7201.e.25324","ELEMENT":"f.0C7D383FA3E737A876F1AD61BD78151D.d.98E8D87F51E1B6C204E36E9172CA7201.e.25324"}]}
RESULT: {"script":"<script> [8489 bytes]","args":[{"element-6066-11e4-a52e-4f735466cecf":"f.0C7D383FA3E737A876F1AD61BD78151D.d.98E8D87F51E1B6C204E36E9172CA7201.e.25324","ELEMENT":"f.0C7D383FA3E737A876F1AD61BD78151D.d.98E8D87F51E1B6C204E36E9172CA7201.e.25324"}]}
COMMAND: GET /session/b4821e91125fc57ae8b08a301666550d/element/f.0C7D383FA3E737A876F1AD61BD78151D.d.98E8D87F51E1B6C204E36E9172CA7201.e.25324/enabled - {}
COMMAND: GET /session/b4821e91125fc57ae8b08a301666550d/screenshot - {}
RESULT: {}
COMMAND: POST /session/b4821e91125fc57ae8b08a301666550d/execute/sync - {"script":"<script> [8489 bytes]","args":[{"element-6066-11e4-a52e-4f735466cecf":"f.0C7D383FA3E737A876F1AD61BD78151D.d.98E8D87F51E1B6C204E36E9172CA7201.e.25324","ELEMENT":"f.0C7D383FA3E737A876F1AD61BD78151D.d.98E8D87F51E1B6C204E36E9172CA7201.e.25324"}]}
COMMAND: GET /session/b4821e91125fc57ae8b08a301666550d/screenshot - {}
RESULT: {}
RESULT: {"script":"<script> [8489 bytes]","args":[{"element-6066-11e4-a52e-4f735466cecf":"f.0C7D383FA3E737A876F1AD61BD78151D.d.98E8D87F51E1B6C204E36E9172CA7201.e.25324","ELEMENT":"f.0C7D383FA3E737A876F1AD61BD78151D.d.98E8D87F51E1B6C204E36E9172CA7201.e.25324"}]}
COMMAND: POST /session/b4821e91125fc57ae8b08a301666550d/execute/sync - {"script":"<script> [5351 bytes]","args":[{"element-6066-11e4-a52e-4f735466cecf":"f.0C7D383FA3E737A876F1AD61BD78151D.d.98E8D87F51E1B6C204E36E9172CA7201.e.25324","ELEMENT":"f.0C7D383FA3E737A876F1AD61BD78151D.d.98E8D87F51E1B6C204E36E9172CA7201.e.25324"}]}
COMMAND: GET /session/b4821e91125fc57ae8b08a301666550d/screenshot - {}
RESULT: {}
RESULT: {"script":"<script> [5351 bytes]","args":[{"element-6066-11e4-a52e-4f735466cecf":"f.0C7D383FA3E737A876F1AD61BD78151D.d.98E8D87F51E1B6C204E36E9172CA7201.e.25324","ELEMENT":"f.0C7D383FA3E737A876F1AD61BD78151D.d.98E8D87F51E1B6C204E36E9172CA7201.e.25324"}]}
COMMAND: POST /session/b4821e91125fc57ae8b08a301666550d/element/f.0C7D383FA3E737A876F1AD61BD78151D.d.98E8D87F51E1B6C204E36E9172CA7201.e.25324/click - {}
COMMAND: GET /session/b4821e91125fc57ae8b08a301666550d/screenshot - {}
RESULT: {}
RESULT: {}
COMMAND: GET /session/b4821e91125fc57ae8b08a301666550d/screenshot - {}
RESULT: {}
COMMAND: POST /session/b4821e91125fc57ae8b08a301666550d/element - {"using":"xpath","value":"//span[contains(@id ,\"AddNewHO--typeSelect-arrow\")]"}
RESULT: {}
RESULT: {"using":"xpath","value":"//span[contains(@id ,\"AddNewHO--typeSelect-arrow\")]"}
COMMAND: POST /session/b4821e91125fc57ae8b08a301666550d/element/f.0C7D383FA3E737A876F1AD61BD78151D.d.98E8D87F51E1B6C204E36E9172CA7201.e.25736/click - {}
RESULT: {}
COMMAND: GET /session/b4821e91125fc57ae8b08a301666550d/screenshot - {}
RESULT: {}
COMMAND: POST /session/b4821e91125fc57ae8b08a301666550d/element - {"using":"xpath","value":"(//li[contains(text(), \"stock decrease yard\")])[1]"}
RESULT: {"using":"xpath","value":"(//li[contains(text(), \"stock decrease yard\")])[1]"}
COMMAND: POST /session/b4821e91125fc57ae8b08a301666550d/element/f.0C7D383FA3E737A876F1AD61BD78151D.d.98E8D87F51E1B6C204E36E9172CA7201.e.25737/click - {}
RESULT: {}
COMMAND: GET /session/b4821e91125fc57ae8b08a301666550d/screenshot - {}
RESULT: {}
RESULT: undefined
COMMAND: POST /session/b4821e91125fc57ae8b08a301666550d/execute/async - {"script":"<script> [6424 bytes]","args":[{"element-6066-11e4-a52e-4f735466cecf":"f.0C7D383FA3E737A876F1AD61BD78151D.d.98E8D87F51E1B6C204E36E9172CA7201.e.24615"},"setValue",["5/19/25"]]}
COMMAND: POST /session/b4821e91125fc57ae8b08a301666550d/execute/async - {"script":"<script> [1562 bytes]","args":[{"selector":{"id":"application-managehandovers-display-component---AddNewHO--dueDate","interaction":{"idSuffix":"inner"}},"wdio_ui5_key":"applicationmanagehandovers-display-component---AddNewHO--dueDate"}]}
RESULT: {"script":"<script> [1562 bytes]","args":[{"selector":{"id":"application-managehandovers-display-component---AddNewHO--dueDate","interaction":{"idSuffix":"inner"}},"wdio_ui5_key":"applicationmanagehandovers-display-component---AddNewHO--dueDate"}]}
COMMAND: POST /session/b4821e91125fc57ae8b08a301666550d/execute/async - {"script":"<script> [6424 bytes]","args":[{"element-6066-11e4-a52e-4f735466cecf":"f.0C7D383FA3E737A876F1AD61BD78151D.d.98E8D87F51E1B6C204E36E9172CA7201.e.25751"},"setValue",["5/19/25"]]}
RESULT: {"script":"<script> [6424 bytes]","args":[{"element-6066-11e4-a52e-4f735466cecf":"f.0C7D383FA3E737A876F1AD61BD78151D.d.98E8D87F51E1B6C204E36E9172CA7201.e.25751"},"setValue",["5/19/25"]]}
COMMAND: POST /session/b4821e91125fc57ae8b08a301666550d/element - {"using":"xpath","value":"//input[@id=\"generalSectionFrg--sendYard-inner\"]"}
RESULT: {"using":"xpath","value":"//input[@id=\"generalSectionFrg--sendYard-inner\"]"}
COMMAND: POST /session/b4821e91125fc57ae8b08a301666550d/element/f.0C7D383FA3E737A876F1AD61BD78151D.d.98E8D87F51E1B6C204E36E9172CA7201.e.25755/clear - {}
RESULT: {}
COMMAND: POST /session/b4821e91125fc57ae8b08a301666550d/element/f.0C7D383FA3E737A876F1AD61BD78151D.d.98E8D87F51E1B6C204E36E9172CA7201.e.25755/value - {"text":"540"}
COMMAND: GET /session/b4821e91125fc57ae8b08a301666550d/screenshot - {}
RESULT: {"text":"540"}
COMMAND: GET /session/b4821e91125fc57ae8b08a301666550d/screenshot - {}
RESULT: {}
RESULT: {}
COMMAND: POST /session/b4821e91125fc57ae8b08a301666550d/element - {"using":"xpath","value":"//li[.//span[text()='540']]"}
RESULT: {"using":"xpath","value":"//li[.//span[text()='540']]"}
COMMAND: POST /session/b4821e91125fc57ae8b08a301666550d/element/f.0C7D383FA3E737A876F1AD61BD78151D.d.98E8D87F51E1B6C204E36E9172CA7201.e.25772/click - {}
RESULT: {}
COMMAND: GET /session/b4821e91125fc57ae8b08a301666550d/screenshot - {}
RESULT: {}
COMMAND: POST /session/b4821e91125fc57ae8b08a301666550d/execute/async - {"script":"<script> [1562 bytes]","args":[{"selector":{"controlType":"sap.ui.core.Icon","viewName":"etm.portal.ui.managehandovers.view.AddNewHO","viewId":"application-managehandovers-display-component---AddNewHO","properties":{"src":{"regex":{"source":"slim\\-arrow\\-down"}}},"ancestor":{"controlType":"etm.portal.ui.reusables.customControls.LiveSearchComboBox","viewName":"etm.portal.ui.managehandovers.view.AddNewHO","viewId":"application-managehandovers-display-component---AddNewHO","bindingPath":{"path":"","propertyPath":"/FORWARDER","modelName":"hoItemsModel"}}},"wdio_ui5_key":"etmportal.ui.managehandovers.view.AddNewHOsap.ui.core.Icon{\"src\":{\"regex\":{\"source\":\"slim\\\\-arrow\\\\-down\"}}}{\"controlType\":\"etm.portal.ui.reusables.customControls.LiveSearchComboBox\",\"viewName\":\"etm.portal.ui.managehandovers.view.AddNewHO\",\"viewId\":\"application-managehandovers-display-component---AddNewHO\",\"bindingPath\":{\"path\":\"\",\"propertyPath\":\"/FORWARDER\",\"modelName\":\"hoItemsModel\"}}"}]}
RESULT: {"script":"<script> [1562 bytes]","args":[{"selector":{"controlType":"sap.ui.core.Icon","viewName":"etm.portal.ui.managehandovers.view.AddNewHO","viewId":"application-managehandovers-display-component---AddNewHO","properties":{"src":{"regex":{"source":"slim\\-arrow\\-down"}}},"ancestor":{"controlType":"etm.portal.ui.reusables.customControls.LiveSearchComboBox","viewName":"etm.portal.ui.managehandovers.view.AddNewHO","viewId":"application-managehandovers-display-component---AddNewHO","bindingPath":{"path":"","propertyPath":"/FORWARDER","modelName":"hoItemsModel"}}},"wdio_ui5_key":"etmportal.ui.managehandovers.view.AddNewHOsap.ui.core.Icon{\"src\":{\"regex\":{\"source\":\"slim\\\\-arrow\\\\-down\"}}}{\"controlType\":\"etm.portal.ui.reusables.customControls.LiveSearchComboBox\",\"viewName\":\"etm.portal.ui.managehandovers.view.AddNewHO\",\"viewId\":\"application-managehandovers-display-component---AddNewHO\",\"bindingPath\":{\"path\":\"\",\"propertyPath\":\"/FORWARDER\",\"modelName\":\"hoItemsModel\"}}"}]}
RESULT: undefined
COMMAND: POST /session/b4821e91125fc57ae8b08a301666550d/element - {"using":"xpath","value":"//*[@id=\"__box41-arrow\"]"}
RESULT: {"using":"xpath","value":"//*[@id=\"__box41-arrow\"]"}
COMMAND: POST /session/b4821e91125fc57ae8b08a301666550d/element/f.0C7D383FA3E737A876F1AD61BD78151D.d.98E8D87F51E1B6C204E36E9172CA7201.e.25773/click - {}
RESULT: {}
COMMAND: GET /session/b4821e91125fc57ae8b08a301666550d/screenshot - {}
RESULT: {}
COMMAND: POST /session/b4821e91125fc57ae8b08a301666550d/execute/async - {"script":"<script> [1562 bytes]","args":[{"selector":{"controlType":"sap.m.StandardListItem","viewName":"etm.portal.ui.managehandovers.view.AddNewHO","viewId":"application-managehandovers-display-component---AddNewHO","properties":{"title":"1002 - Test "},"searchOpenDialogs":true,"interaction":{"idSuffix":"content"}},"wdio_ui5_key":"etmportal.ui.managehandovers.view.AddNewHOsap.m.StandardListItem{\"title\":\"1002 - Test \"}"}]}
RESULT: {"script":"<script> [1562 bytes]","args":[{"selector":{"controlType":"sap.m.StandardListItem","viewName":"etm.portal.ui.managehandovers.view.AddNewHO","viewId":"application-managehandovers-display-component---AddNewHO","properties":{"title":"1002 - Test "},"searchOpenDialogs":true,"interaction":{"idSuffix":"content"}},"wdio_ui5_key":"etmportal.ui.managehandovers.view.AddNewHOsap.m.StandardListItem{\"title\":\"1002 - Test \"}"}]}
RESULT: undefined
COMMAND: POST /session/b4821e91125fc57ae8b08a301666550d/element - {"using":"xpath","value":"//*[@id=\"__item1173\"]"}
RESULT: {"using":"xpath","value":"//*[@id=\"__item1173\"]"}
COMMAND: POST /session/b4821e91125fc57ae8b08a301666550d/element/f.0C7D383FA3E737A876F1AD61BD78151D.d.98E8D87F51E1B6C204E36E9172CA7201.e.25776/click - {}
RESULT: {}
COMMAND: GET /session/b4821e91125fc57ae8b08a301666550d/screenshot - {}
RESULT: {}
COMMAND: POST /session/b4821e91125fc57ae8b08a301666550d/execute/async - {"script":"<script> [1562 bytes]","args":[{"selector":{"controlType":"sap.m.Input","viewName":"etm.portal.ui.managehandovers.view.AddNewHO","viewId":"application-managehandovers-display-component---AddNewHO","bindingPath":{"path":"","propertyPath":"/DRIVER","modelName":"hoItemsModel"},"interaction":{"idSuffix":"inner"}},"wdio_ui5_key":"etmportal.ui.managehandovers.view.AddNewHOsap.m.Input{\"path\":\"\",\"propertyPath\":\"/DRIVER\",\"modelName\":\"hoItemsModel\"}"}]}
RESULT: {"script":"<script> [1562 bytes]","args":[{"selector":{"controlType":"sap.m.Input","viewName":"etm.portal.ui.managehandovers.view.AddNewHO","viewId":"application-managehandovers-display-component---AddNewHO","bindingPath":{"path":"","propertyPath":"/DRIVER","modelName":"hoItemsModel"},"interaction":{"idSuffix":"inner"}},"wdio_ui5_key":"etmportal.ui.managehandovers.view.AddNewHOsap.m.Input{\"path\":\"\",\"propertyPath\":\"/DRIVER\",\"modelName\":\"hoItemsModel\"}"}]}
RESULT: undefined
COMMAND: POST /session/b4821e91125fc57ae8b08a301666550d/execute/async - {"script":"<script> [776 bytes]","args":[{"enterText":"StockDecrease Driver","selector":{"controlType":"sap.m.Input","viewName":"etm.portal.ui.managehandovers.view.AddNewHO","viewId":"application-managehandovers-display-component---AddNewHO","bindingPath":{"path":"","propertyPath":"/DRIVER","modelName":"hoItemsModel"},"interaction":{"idSuffix":"inner"}},"clearTextFirst":true,"interactionType":"ENTER_TEXT"}]}
RESULT: {"script":"<script> [776 bytes]","args":[{"enterText":"StockDecrease Driver","selector":{"controlType":"sap.m.Input","viewName":"etm.portal.ui.managehandovers.view.AddNewHO","viewId":"application-managehandovers-display-component---AddNewHO","bindingPath":{"path":"","propertyPath":"/DRIVER","modelName":"hoItemsModel"},"interaction":{"idSuffix":"inner"}},"clearTextFirst":true,"interactionType":"ENTER_TEXT"}]}
COMMAND: POST /session/b4821e91125fc57ae8b08a301666550d/execute/async - {"script":"<script> [1562 bytes]","args":[{"selector":{"id":"application-managehandovers-display-component---AddNewHO--responsibleCB-arrow"},"wdio_ui5_key":"applicationmanagehandovers-display-component---AddNewHO--responsibleCB-arrow"}]}
RESULT: {"script":"<script> [1562 bytes]","args":[{"selector":{"id":"application-managehandovers-display-component---AddNewHO--responsibleCB-arrow"},"wdio_ui5_key":"applicationmanagehandovers-display-component---AddNewHO--responsibleCB-arrow"}]}
RESULT: undefined
COMMAND: POST /session/b4821e91125fc57ae8b08a301666550d/element - {"using":"xpath","value":"//*[@id=\"application-managehandovers-display-component---AddNewHO--responsibleCB-arrow\"]"}
RESULT: {"using":"xpath","value":"//*[@id=\"application-managehandovers-display-component---AddNewHO--responsibleCB-arrow\"]"}
COMMAND: POST /session/b4821e91125fc57ae8b08a301666550d/element/f.0C7D383FA3E737A876F1AD61BD78151D.d.98E8D87F51E1B6C204E36E9172CA7201.e.25778/click - {}
RESULT: {}
COMMAND: GET /session/b4821e91125fc57ae8b08a301666550d/screenshot - {}
RESULT: {}
COMMAND: POST /session/b4821e91125fc57ae8b08a301666550d/execute/async - {"script":"<script> [1562 bytes]","args":[{"selector":{"controlType":"sap.m.StandardListItem","viewName":"etm.portal.ui.managehandovers.view.AddNewHO","viewId":"application-managehandovers-display-component---AddNewHO","properties":{"title":"1 - Test unit Update "},"searchOpenDialogs":true},"wdio_ui5_key":"etmportal.ui.managehandovers.view.AddNewHOsap.m.StandardListItem{\"title\":\"1 - Test unit Update \"}"}]}
RESULT: {"script":"<script> [1562 bytes]","args":[{"selector":{"controlType":"sap.m.StandardListItem","viewName":"etm.portal.ui.managehandovers.view.AddNewHO","viewId":"application-managehandovers-display-component---AddNewHO","properties":{"title":"1 - Test unit Update "},"searchOpenDialogs":true},"wdio_ui5_key":"etmportal.ui.managehandovers.view.AddNewHOsap.m.StandardListItem{\"title\":\"1 - Test unit Update \"}"}]}
RESULT: undefined
COMMAND: POST /session/b4821e91125fc57ae8b08a301666550d/element - {"using":"xpath","value":"//*[@id=\"__item1272\"]"}
RESULT: {"using":"xpath","value":"//*[@id=\"__item1272\"]"}
COMMAND: POST /session/b4821e91125fc57ae8b08a301666550d/element/f.0C7D383FA3E737A876F1AD61BD78151D.d.98E8D87F51E1B6C204E36E9172CA7201.e.25779/click - {}
RESULT: {}
COMMAND: GET /session/b4821e91125fc57ae8b08a301666550d/screenshot - {}
RESULT: {}
RESULT: undefined
COMMAND: POST /session/b4821e91125fc57ae8b08a301666550d/element - {"using":"xpath","value":"//*[@id=\"application-managehandovers-display-component---AddNewHO--ObjectPageLayout-anchBar-application-managehandovers-display-component---AddNewHO--section4-anchor\"]"}
RESULT: {"using":"xpath","value":"//*[@id=\"application-managehandovers-display-component---AddNewHO--ObjectPageLayout-anchBar-application-managehandovers-display-component---AddNewHO--section4-anchor\"]"}
COMMAND: POST /session/b4821e91125fc57ae8b08a301666550d/element/f.0C7D383FA3E737A876F1AD61BD78151D.d.98E8D87F51E1B6C204E36E9172CA7201.e.25780/click - {}
RESULT: {}
COMMAND: GET /session/b4821e91125fc57ae8b08a301666550d/screenshot - {}
RESULT: {}
COMMAND: POST /session/b4821e91125fc57ae8b08a301666550d/execute/async - {"script":"<script> [1562 bytes]","args":[{"selector":{"controlType":"sap.ui.core.Icon","viewName":"etm.portal.ui.managehandovers.view.AddNewHO","viewId":"application-managehandovers-display-component---AddNewHO","properties":{"src":{"regex":{"source":"add"}}}},"wdio_ui5_key":"etmportal.ui.managehandovers.view.AddNewHOsap.ui.core.Icon{\"src\":{\"regex\":{\"source\":\"add\"}}}"}]}
RESULT: {"script":"<script> [1562 bytes]","args":[{"selector":{"controlType":"sap.ui.core.Icon","viewName":"etm.portal.ui.managehandovers.view.AddNewHO","viewId":"application-managehandovers-display-component---AddNewHO","properties":{"src":{"regex":{"source":"add"}}}},"wdio_ui5_key":"etmportal.ui.managehandovers.view.AddNewHOsap.ui.core.Icon{\"src\":{\"regex\":{\"source\":\"add\"}}}"}]}
RESULT: undefined
COMMAND: POST /session/b4821e91125fc57ae8b08a301666550d/element - {"using":"xpath","value":"//*[@id=\"__button192-img\"]"}
RESULT: {"using":"xpath","value":"//*[@id=\"__button192-img\"]"}
COMMAND: POST /session/b4821e91125fc57ae8b08a301666550d/element/f.0C7D383FA3E737A876F1AD61BD78151D.d.98E8D87F51E1B6C204E36E9172CA7201.e.25784/click - {}
RESULT: {}
RESULT: undefined
COMMAND: POST /session/b4821e91125fc57ae8b08a301666550d/execute/async - {"script":"<script> [776 bytes]","args":[{"enterText":"200288","selector":{"id":"application-managehandovers-display-component---AddNewHO--smartFilterBar-btnBasicSearch","searchOpenDialogs":true,"interaction":{"idSuffix":"I"}},"clearTextFirst":true,"interactionType":"ENTER_TEXT"}]}
COMMAND: GET /session/b4821e91125fc57ae8b08a301666550d/screenshot - {}
RESULT: {"script":"<script> [776 bytes]","args":[{"enterText":"200288","selector":{"id":"application-managehandovers-display-component---AddNewHO--smartFilterBar-btnBasicSearch","searchOpenDialogs":true,"interaction":{"idSuffix":"I"}},"clearTextFirst":true,"interactionType":"ENTER_TEXT"}]}
RESULT: {}
RESULT: undefined
COMMAND: POST /session/b4821e91125fc57ae8b08a301666550d/element - {"using":"xpath","value":"//*[@id=\"application-managehandovers-display-component---AddNewHO--popup-sa\"]"}
RESULT: {"using":"xpath","value":"//*[@id=\"application-managehandovers-display-component---AddNewHO--popup-sa\"]"}
COMMAND: POST /session/b4821e91125fc57ae8b08a301666550d/element/f.0C7D383FA3E737A876F1AD61BD78151D.d.98E8D87F51E1B6C204E36E9172CA7201.e.25815/click - {}
RESULT: {}
COMMAND: GET /session/b4821e91125fc57ae8b08a301666550d/screenshot - {}
RESULT: {}
COMMAND: POST /session/b4821e91125fc57ae8b08a301666550d/element - {"using":"xpath","value":"//*[contains(@id ,\"BDI-content\")][contains(text(), \"Select\")]"}
RESULT: {"using":"xpath","value":"//*[contains(@id ,\"BDI-content\")][contains(text(), \"Select\")]"}
COMMAND: POST /session/b4821e91125fc57ae8b08a301666550d/element/f.0C7D383FA3E737A876F1AD61BD78151D.d.98E8D87F51E1B6C204E36E9172CA7201.e.25816/click - {}
RESULT: {}
COMMAND: POST /session/b4821e91125fc57ae8b08a301666550d/execute/async - {"script":"<script> [1562 bytes]","args":[{"selector":{"controlType":"sap.m.Button","viewName":"etm.portal.ui.managehandovers.view.AddNewHO","viewId":"application-managehandovers-display-component---AddNewHO","bindingPath":{"path":"/items/0","propertyPath":"QUANTITY","modelName":"hoItemsModel"},"interaction":{"idSuffix":"inner"}},"wdio_ui5_key":"etmportal.ui.managehandovers.view.AddNewHOsap.m.Button{\"path\":\"/items/0\",\"propertyPath\":\"QUANTITY\",\"modelName\":\"hoItemsModel\"}"}]}
COMMAND: GET /session/b4821e91125fc57ae8b08a301666550d/screenshot - {}
RESULT: {"script":"<script> [1562 bytes]","args":[{"selector":{"controlType":"sap.m.Button","viewName":"etm.portal.ui.managehandovers.view.AddNewHO","viewId":"application-managehandovers-display-component---AddNewHO","bindingPath":{"path":"/items/0","propertyPath":"QUANTITY","modelName":"hoItemsModel"},"interaction":{"idSuffix":"inner"}},"wdio_ui5_key":"etmportal.ui.managehandovers.view.AddNewHOsap.m.Button{\"path\":\"/items/0\",\"propertyPath\":\"QUANTITY\",\"modelName\":\"hoItemsModel\"}"}]}
RESULT: undefined
COMMAND: POST /session/b4821e91125fc57ae8b08a301666550d/element - {"using":"xpath","value":"//*[@id=\"__button193-__clone2605\"]"}
RESULT: {}
RESULT: {"using":"xpath","value":"//*[@id=\"__button193-__clone2605\"]"}
COMMAND: POST /session/b4821e91125fc57ae8b08a301666550d/element/f.0C7D383FA3E737A876F1AD61BD78151D.d.98E8D87F51E1B6C204E36E9172CA7201.e.25820/click - {}
RESULT: {}
COMMAND: POST /session/b4821e91125fc57ae8b08a301666550d/execute/async - {"script":"<script> [1562 bytes]","args":[{"selector":{"controlType":"sap.m.NumericInput","viewName":"etm.portal.ui.managehandovers.view.AddNewHO","viewId":"application-managehandovers-display-component---AddNewHO","properties":{"value":"0"},"searchOpenDialogs":true,"interaction":{"idSuffix":"inner"}},"wdio_ui5_key":"etmportal.ui.managehandovers.view.AddNewHOsap.m.NumericInput{\"value\":\"0\"}"}]}
COMMAND: GET /session/b4821e91125fc57ae8b08a301666550d/screenshot - {}
RESULT: {"script":"<script> [1562 bytes]","args":[{"selector":{"controlType":"sap.m.NumericInput","viewName":"etm.portal.ui.managehandovers.view.AddNewHO","viewId":"application-managehandovers-display-component---AddNewHO","properties":{"value":"0"},"searchOpenDialogs":true,"interaction":{"idSuffix":"inner"}},"wdio_ui5_key":"etmportal.ui.managehandovers.view.AddNewHOsap.m.NumericInput{\"value\":\"0\"}"}]}
RESULT: undefined
COMMAND: POST /session/b4821e91125fc57ae8b08a301666550d/execute/async - {"script":"<script> [776 bytes]","args":[{"enterText":"1","selector":{"controlType":"sap.m.NumericInput","viewName":"etm.portal.ui.managehandovers.view.AddNewHO","viewId":"application-managehandovers-display-component---AddNewHO","properties":{"value":"0"},"searchOpenDialogs":true,"interaction":{"idSuffix":"inner"}},"clearTextFirst":true,"interactionType":"ENTER_TEXT"}]}
RESULT: {}
RESULT: {"script":"<script> [776 bytes]","args":[{"enterText":"1","selector":{"controlType":"sap.m.NumericInput","viewName":"etm.portal.ui.managehandovers.view.AddNewHO","viewId":"application-managehandovers-display-component---AddNewHO","properties":{"value":"0"},"searchOpenDialogs":true,"interaction":{"idSuffix":"inner"}},"clearTextFirst":true,"interactionType":"ENTER_TEXT"}]}
COMMAND: POST /session/b4821e91125fc57ae8b08a301666550d/execute/async - {"script":"<script> [1562 bytes]","args":[{"selector":{"controlType":"sap.m.Button","viewName":"etm.portal.ui.managehandovers.view.AddNewHO","viewId":"application-managehandovers-display-component---AddNewHO","i18NText":{"propertyName":"text","key":"confirm"},"searchOpenDialogs":true,"interaction":{"idSuffix":"BDI-content"}},"wdio_ui5_key":"etmportal.ui.managehandovers.view.AddNewHOsap.m.Button{\"propertyName\":\"text\",\"key\":\"confirm\"}"}]}
RESULT: {"script":"<script> [1562 bytes]","args":[{"selector":{"controlType":"sap.m.Button","viewName":"etm.portal.ui.managehandovers.view.AddNewHO","viewId":"application-managehandovers-display-component---AddNewHO","i18NText":{"propertyName":"text","key":"confirm"},"searchOpenDialogs":true,"interaction":{"idSuffix":"BDI-content"}},"wdio_ui5_key":"etmportal.ui.managehandovers.view.AddNewHOsap.m.Button{\"propertyName\":\"text\",\"key\":\"confirm\"}"}]}
RESULT: undefined
COMMAND: POST /session/b4821e91125fc57ae8b08a301666550d/element - {"using":"xpath","value":"//*[@id=\"__button196\"]"}
RESULT: {"using":"xpath","value":"//*[@id=\"__button196\"]"}
COMMAND: POST /session/b4821e91125fc57ae8b08a301666550d/element/f.0C7D383FA3E737A876F1AD61BD78151D.d.98E8D87F51E1B6C204E36E9172CA7201.e.25821/click - {}
RESULT: {}
COMMAND: POST /session/b4821e91125fc57ae8b08a301666550d/execute/async - {"script":"<script> [1562 bytes]","args":[{"selector":{"id":"application-managehandovers-display-component---AddNewHO--confirmCreationButton","interaction":{"idSuffix":"inner"}},"wdio_ui5_key":"applicationmanagehandovers-display-component---AddNewHO--confirmCreationButton"}]}
COMMAND: GET /session/b4821e91125fc57ae8b08a301666550d/screenshot - {}
RESULT: {"script":"<script> [1562 bytes]","args":[{"selector":{"id":"application-managehandovers-display-component---AddNewHO--confirmCreationButton","interaction":{"idSuffix":"inner"}},"wdio_ui5_key":"applicationmanagehandovers-display-component---AddNewHO--confirmCreationButton"}]}
RESULT: undefined
COMMAND: POST /session/b4821e91125fc57ae8b08a301666550d/element - {"using":"xpath","value":"//*[@id=\"application-managehandovers-display-component---AddNewHO--confirmCreationButton\"]"}
RESULT: {}
RESULT: {"using":"xpath","value":"//*[@id=\"application-managehandovers-display-component---AddNewHO--confirmCreationButton\"]"}
COMMAND: POST /session/b4821e91125fc57ae8b08a301666550d/element/f.0C7D383FA3E737A876F1AD61BD78151D.d.98E8D87F51E1B6C204E36E9172CA7201.e.25832/click - {}
RESULT: {}
COMMAND: GET /session/b4821e91125fc57ae8b08a301666550d/screenshot - {}
RESULT: {}
RESULT: undefined
COMMAND: POST /session/b4821e91125fc57ae8b08a301666550d/execute/async - {"script":"<script> [776 bytes]","args":[{"enterText":"5/19/25","selector":{"id":"receiptDatePicker","viewName":"etm.portal.ui.managehandovers.view.DetailExecuteHO","interaction":{"idSuffix":"inner"}},"clearTextFirst":true,"interactionType":"ENTER_TEXT"}]}
RESULT: {"script":"<script> [776 bytes]","args":[{"enterText":"5/19/25","selector":{"id":"receiptDatePicker","viewName":"etm.portal.ui.managehandovers.view.DetailExecuteHO","interaction":{"idSuffix":"inner"}},"clearTextFirst":true,"interactionType":"ENTER_TEXT"}]}
COMMAND: POST /session/b4821e91125fc57ae8b08a301666550d/execute/async - {"script":"<script> [1562 bytes]","args":[{"selector":{"controlType":"sap.m.Button","viewName":"etm.portal.ui.managehandovers.view.DetailExecuteHO","i18NText":{"propertyName":"text","key":"confirmAll"},"interaction":{"idSuffix":"BDI-content"}},"wdio_ui5_key":"etmportal.ui.managehandovers.view.DetailExecuteHOsap.m.Button{\"propertyName\":\"text\",\"key\":\"confirmAll\"}"}]}
RESULT: {"script":"<script> [1562 bytes]","args":[{"selector":{"controlType":"sap.m.Button","viewName":"etm.portal.ui.managehandovers.view.DetailExecuteHO","i18NText":{"propertyName":"text","key":"confirmAll"},"interaction":{"idSuffix":"BDI-content"}},"wdio_ui5_key":"etmportal.ui.managehandovers.view.DetailExecuteHOsap.m.Button{\"propertyName\":\"text\",\"key\":\"confirmAll\"}"}]}
RESULT: undefined
COMMAND: POST /session/b4821e91125fc57ae8b08a301666550d/element - {"using":"xpath","value":"//*[@id=\"__button224\"]"}
RESULT: {"using":"xpath","value":"//*[@id=\"__button224\"]"}
COMMAND: POST /session/b4821e91125fc57ae8b08a301666550d/element/f.0C7D383FA3E737A876F1AD61BD78151D.d.98E8D87F51E1B6C204E36E9172CA7201.e.25865/click - {}
RESULT: {}
COMMAND: GET /session/b4821e91125fc57ae8b08a301666550d/screenshot - {}
RESULT: {}
COMMAND: POST /session/b4821e91125fc57ae8b08a301666550d/execute/async - {"script":"<script> [1562 bytes]","args":[{"selector":{"controlType":"sap.m.Button","properties":{"text":"OK"},"searchOpenDialogs":true,"interaction":{"idSuffix":"inner"}},"wdio_ui5_key":"sapm.Button{\"text\":\"OK\"}"}]}
RESULT: {"script":"<script> [1562 bytes]","args":[{"selector":{"controlType":"sap.m.Button","properties":{"text":"OK"},"searchOpenDialogs":true,"interaction":{"idSuffix":"inner"}},"wdio_ui5_key":"sapm.Button{\"text\":\"OK\"}"}]}
RESULT: undefined
COMMAND: POST /session/b4821e91125fc57ae8b08a301666550d/element - {"using":"xpath","value":"//*[@id=\"__mbox-btn-3\"]"}
RESULT: {"using":"xpath","value":"//*[@id=\"__mbox-btn-3\"]"}
COMMAND: POST /session/b4821e91125fc57ae8b08a301666550d/element/f.0C7D383FA3E737A876F1AD61BD78151D.d.98E8D87F51E1B6C204E36E9172CA7201.e.25866/click - {}
RESULT: {}
COMMAND: GET /session/b4821e91125fc57ae8b08a301666550d/screenshot - {}
RESULT: {}
COMMAND: POST /session/b4821e91125fc57ae8b08a301666550d/element - {"using":"xpath","value":"//bdi[contains(text(), \"Issue\")]"}
RESULT: {"using":"xpath","value":"//bdi[contains(text(), \"Issue\")]"}
COMMAND: POST /session/b4821e91125fc57ae8b08a301666550d/element/f.0C7D383FA3E737A876F1AD61BD78151D.d.98E8D87F51E1B6C204E36E9172CA7201.e.25869/click - {}
RESULT: {}
COMMAND: GET /session/b4821e91125fc57ae8b08a301666550d/screenshot - {}
RESULT: {}
COMMAND: POST /session/b4821e91125fc57ae8b08a301666550d/element - {"using":"css selector","value":"#shell-header-logo"}
RESULT: {"using":"css selector","value":"#shell-header-logo"}
COMMAND: POST /session/b4821e91125fc57ae8b08a301666550d/element/f.0C7D383FA3E737A876F1AD61BD78151D.d.98E8D87F51E1B6C204E36E9172CA7201.e.25275/click - {}
RESULT: {}
COMMAND: GET /session/b4821e91125fc57ae8b08a301666550d/screenshot - {}
RESULT: {}
COMMAND: POST /session/b4821e91125fc57ae8b08a301666550d/element - {"using":"css selector","value":"#j_username"}
COMMAND: POST /session/b4821e91125fc57ae8b08a301666550d/url - {"url":"https://qa-testing-00-live-etm-ui.cfapps.eu10-004.hana.ondemand.com/"}
RESULT: {"using":"css selector","value":"#j_username"}
COMMAND: POST /session/b4821e91125fc57ae8b08a301666550d/element - {"using":"css selector","value":"#j_username"}
RESULT: {"url":"https://qa-testing-00-live-etm-ui.cfapps.eu10-004.hana.ondemand.com/"}
RESULT: undefined
COMMAND: GET /session/b4821e91125fc57ae8b08a301666550d/screenshot - {}
RESULT: {"using":"css selector","value":"#j_username"}
COMMAND: POST /session/b4821e91125fc57ae8b08a301666550d/element - {"using":"css selector","value":"#shell-header-logo"}
RESULT: {}
RESULT: {"using":"css selector","value":"#shell-header-logo"}
COMMAND: POST /session/b4821e91125fc57ae8b08a301666550d/execute/sync - {"script":"<script> [8489 bytes]","args":[{"element-6066-11e4-a52e-4f735466cecf":"f.0C7D383FA3E737A876F1AD61BD78151D.d.DB252279E343E0EB38426C0C9B3265FA.e.26156","ELEMENT":"f.0C7D383FA3E737A876F1AD61BD78151D.d.DB252279E343E0EB38426C0C9B3265FA.e.26156"}]}
RESULT: {"script":"<script> [8489 bytes]","args":[{"element-6066-11e4-a52e-4f735466cecf":"f.0C7D383FA3E737A876F1AD61BD78151D.d.DB252279E343E0EB38426C0C9B3265FA.e.26156","ELEMENT":"f.0C7D383FA3E737A876F1AD61BD78151D.d.DB252279E343E0EB38426C0C9B3265FA.e.26156"}]}
COMMAND: POST /session/b4821e91125fc57ae8b08a301666550d/element - {"using":"css selector","value":"#shell-header-logo"}
COMMAND: GET /session/b4821e91125fc57ae8b08a301666550d/screenshot - {}
RESULT: {}
RESULT: {"using":"css selector","value":"#shell-header-logo"}
COMMAND: POST /session/b4821e91125fc57ae8b08a301666550d/execute/sync - {"script":"<script> [8489 bytes]","args":[{"element-6066-11e4-a52e-4f735466cecf":"f.0C7D383FA3E737A876F1AD61BD78151D.d.DB252279E343E0EB38426C0C9B3265FA.e.26156","ELEMENT":"f.0C7D383FA3E737A876F1AD61BD78151D.d.DB252279E343E0EB38426C0C9B3265FA.e.26156"}]}
RESULT: {"script":"<script> [8489 bytes]","args":[{"element-6066-11e4-a52e-4f735466cecf":"f.0C7D383FA3E737A876F1AD61BD78151D.d.DB252279E343E0EB38426C0C9B3265FA.e.26156","ELEMENT":"f.0C7D383FA3E737A876F1AD61BD78151D.d.DB252279E343E0EB38426C0C9B3265FA.e.26156"}]}
COMMAND: POST /session/b4821e91125fc57ae8b08a301666550d/execute/sync - {"script":"<script> [5351 bytes]","args":[{"element-6066-11e4-a52e-4f735466cecf":"f.0C7D383FA3E737A876F1AD61BD78151D.d.DB252279E343E0EB38426C0C9B3265FA.e.26156","ELEMENT":"f.0C7D383FA3E737A876F1AD61BD78151D.d.DB252279E343E0EB38426C0C9B3265FA.e.26156"}]}
COMMAND: GET /session/b4821e91125fc57ae8b08a301666550d/screenshot - {}
RESULT: {"script":"<script> [5351 bytes]","args":[{"element-6066-11e4-a52e-4f735466cecf":"f.0C7D383FA3E737A876F1AD61BD78151D.d.DB252279E343E0EB38426C0C9B3265FA.e.26156","ELEMENT":"f.0C7D383FA3E737A876F1AD61BD78151D.d.DB252279E343E0EB38426C0C9B3265FA.e.26156"}]}
COMMAND: POST /session/b4821e91125fc57ae8b08a301666550d/element - {"using":"css selector","value":"#shell-header-logo"}
COMMAND: GET /session/b4821e91125fc57ae8b08a301666550d/screenshot - {}
RESULT: {}
RESULT: {"using":"css selector","value":"#shell-header-logo"}
COMMAND: POST /session/b4821e91125fc57ae8b08a301666550d/element/f.0C7D383FA3E737A876F1AD61BD78151D.d.DB252279E343E0EB38426C0C9B3265FA.e.26156/click - {}
RESULT: {}
RESULT: {}
COMMAND: GET /session/b4821e91125fc57ae8b08a301666550d/screenshot - {}
RESULT: {}
COMMAND: POST /session/b4821e91125fc57ae8b08a301666550d/execute/async - {"script":"<script> [189 bytes]","args":[]}
RESULT: {"script":"<script> [189 bytes]","args":[]}
COMMAND: POST /session/b4821e91125fc57ae8b08a301666550d/execute/async - {"script":"<script> [123 bytes]","args":[]}
RESULT: {"script":"<script> [123 bytes]","args":[]}
COMMAND: POST /session/b4821e91125fc57ae8b08a301666550d/timeouts - {"script":"<number>"}
RESULT: {"script":"<number>"}
COMMAND: GET /session/b4821e91125fc57ae8b08a301666550d/timeouts - {}
RESULT: {}
RESULT: undefined
COMMAND: POST /session/b4821e91125fc57ae8b08a301666550d/execute/async - {"script":"<script> [2676 bytes]","args":[]}
RESULT: {"script":"<script> [2676 bytes]","args":[]}
COMMAND: POST /session/b4821e91125fc57ae8b08a301666550d/execute/async - {"script":"<script> [2342 bytes]","args":[{"protocol":"http","hostname":"0.0.0.0","path":"/","capabilities":{"browserName":"chrome","goog:chromeOptions":{"binary":"C:\\Program Files\\Google\\Chrome\\Application\\chrome.exe","args":["--start-maximized"]}},"logLevel":"warn","connectionRetryTimeout":120000,"connectionRetryCount":3,"logLevels":{},"enableDirectConnect":true,"strictSSL":true,"_":"65 more keys: [\"cacheDir\",\"port\",\"requestedCapabilities\",\"automationProtocol\",\"baseUrl\",\"waitforInterval\",\"waitforTimeout\",\"onReload\",\"beforeCommand\",\"afterCommand\",\"rootDir\",\"specs\",\"suites\",\"exclude\",\"groupLogsByTestSpec\",\"excludeDriverLogs\",\"bail\",\"framework\",\"reporters\",\"services\",\"maxInstances\",\"maxInstancesPerCapability\",\"injectGlobals\",\"filesToWatch\",\"execArgv\",\"runnerEnv\",\"runner\",\"shard\",\"specFileRetries\",\"specFileRetriesDelay\",\"specFileRetriesDeferred\",\"reporterSyncInterval\",\"reporterSyncTimeout\",\"cucumberFeaturesWithLineNumbers\",\"autoCompileOpts\",\"mochaOpts\",\"jasmineOpts\",\"cucumberOpts\",\"onPrepare\",\"onWorkerStart\",\"onWorkerEnd\",\"before\",\"beforeSession\",\"beforeSuite\",\"beforeHook\",\"beforeTest\",\"afterTest\",\"afterHook\",\"afterSuite\",\"afterSession\",\"after\",\"onComplete\",\"beforeAssertion\",\"afterAssertion\",\"beforeFeature\",\"beforeScenario\",\"beforeStep\",\"afterStep\",\"afterScenario\",\"afterFeature\",\"_\",\"suite\",\"$0\",\"ignoredWorkerServices\",\"wdi5\"]"}]}
RESULT: {"script":"<script> [2342 bytes]","args":[{"protocol":"http","hostname":"0.0.0.0","path":"/","capabilities":{"browserName":"chrome","goog:chromeOptions":{"binary":"C:\\Program Files\\Google\\Chrome\\Application\\chrome.exe","args":["--start-maximized"]}},"logLevel":"warn","connectionRetryTimeout":120000,"connectionRetryCount":3,"logLevels":{},"enableDirectConnect":true,"strictSSL":true,"_":"65 more keys: [\"cacheDir\",\"port\",\"requestedCapabilities\",\"automationProtocol\",\"baseUrl\",\"waitforInterval\",\"waitforTimeout\",\"onReload\",\"beforeCommand\",\"afterCommand\",\"rootDir\",\"specs\",\"suites\",\"exclude\",\"groupLogsByTestSpec\",\"excludeDriverLogs\",\"bail\",\"framework\",\"reporters\",\"services\",\"maxInstances\",\"maxInstancesPerCapability\",\"injectGlobals\",\"filesToWatch\",\"execArgv\",\"runnerEnv\",\"runner\",\"shard\",\"specFileRetries\",\"specFileRetriesDelay\",\"specFileRetriesDeferred\",\"reporterSyncInterval\",\"reporterSyncTimeout\",\"cucumberFeaturesWithLineNumbers\",\"autoCompileOpts\",\"mochaOpts\",\"jasmineOpts\",\"cucumberOpts\",\"onPrepare\",\"onWorkerStart\",\"onWorkerEnd\",\"before\",\"beforeSession\",\"beforeSuite\",\"beforeHook\",\"beforeTest\",\"afterTest\",\"afterHook\",\"afterSuite\",\"afterSession\",\"after\",\"onComplete\",\"beforeAssertion\",\"afterAssertion\",\"beforeFeature\",\"beforeScenario\",\"beforeStep\",\"afterStep\",\"afterScenario\",\"afterFeature\",\"_\",\"suite\",\"$0\",\"ignoredWorkerServices\",\"wdi5\"]"}]}
COMMAND: POST /session/b4821e91125fc57ae8b08a301666550d/execute/async - {"script":"<script> [21126 bytes]","args":[35000]}
RESULT: {"script":"<script> [21126 bytes]","args":[35000]}
COMMAND: POST /session/b4821e91125fc57ae8b08a301666550d/window/maximize - {}
RESULT: {}
COMMAND: POST /session/b4821e91125fc57ae8b08a301666550d/execute/async - {"script":"<script> [1562 bytes]","args":[{"selector":{"id":"shell-header","interaction":{"idSuffix":"icon"}},"wdio_ui5_key":"shellheader"}]}
COMMAND: GET /session/b4821e91125fc57ae8b08a301666550d/screenshot - {}
RESULT: {"script":"<script> [1562 bytes]","args":[{"selector":{"id":"shell-header","interaction":{"idSuffix":"icon"}},"wdio_ui5_key":"shellheader"}]}
RESULT: undefined
COMMAND: POST /session/b4821e91125fc57ae8b08a301666550d/window/fullscreen - {}
RESULT: {}
RESULT: {}
]]></system-out>
    </testcase>
  </testsuite>
  <testsuite timestamp="2025-05-19T06:47:04" time="615.252" tests="7" failures="3" errors="3" skipped="0">
    <properties>
      <property name="specId" value="0" />
      <property name="suiteName" value="Transfer Yard to Yard US131076" />
      <property name="capabilities" value="chrome.136_0_7103_93.windows" />
      <property name="file" value="file:///D:/a/1/s/test/specs/HTR/transfer-yard-to-yard.spec.js" />
    </properties>
    <testcase classname="chrome.136_0_7103_93.windows.Transfer_Yard_to_Yard_US131076" name="Should create a new yard" time="0.013">
      <system-out><![CDATA[
COMMAND: POST /session/b4821e91125fc57ae8b08a301666550d/window/fullscreen - {}
RESULT: {}
]]></system-out>
    </testcase>
    <testcase classname="chrome.136_0_7103_93.windows.Transfer_Yard_to_Yard_US131076" name="Should create a new 2nd yard" time="110.366">
      <system-out><![CDATA[
COMMAND: POST /session/b4821e91125fc57ae8b08a301666550d/window/fullscreen - {}
RESULT: {}
COMMAND: POST /session/b4821e91125fc57ae8b08a301666550d/execute/async - {"script":"<script> [1562 bytes]","args":[{"selector":{"controlType":"sap.m.GenericTile","properties":{"header":"Manage Yards"}},"wdio_ui5_key":"sapm.GenericTile{\"header\":\"Manage Yards\"}"}]}
RESULT: {"script":"<script> [1562 bytes]","args":[{"selector":{"controlType":"sap.m.GenericTile","properties":{"header":"Manage Yards"}},"wdio_ui5_key":"sapm.GenericTile{\"header\":\"Manage Yards\"}"}]}
RESULT: undefined
COMMAND: POST /session/b4821e91125fc57ae8b08a301666550d/element - {"using":"xpath","value":"//*[@id=\"__tile33\"]"}
RESULT: {"using":"xpath","value":"//*[@id=\"__tile33\"]"}
COMMAND: POST /session/b4821e91125fc57ae8b08a301666550d/element/f.0C7D383FA3E737A876F1AD61BD78151D.d.DB252279E343E0EB38426C0C9B3265FA.e.26180/click - {}
RESULT: {}
COMMAND: GET /session/b4821e91125fc57ae8b08a301666550d/screenshot - {}
RESULT: {}
COMMAND: POST /session/b4821e91125fc57ae8b08a301666550d/elements - {"using":"xpath","value":"//span[text()='Error']"}
RESULT: {"using":"xpath","value":"//span[text()='Error']"}
COMMAND: POST /session/b4821e91125fc57ae8b08a301666550d/element - {"using":"xpath","value":"//button[@data-kt=\"addNewYardOverflowToolbarButton\"]"}
RESULT: {"using":"xpath","value":"//button[@data-kt=\"addNewYardOverflowToolbarButton\"]"}
COMMAND: POST /session/b4821e91125fc57ae8b08a301666550d/elements - {"using":"xpath","value":"//button[@data-kt=\"addNewYardOverflowToolbarButton\"]"}
RESULT: {"using":"xpath","value":"//button[@data-kt=\"addNewYardOverflowToolbarButton\"]"}
COMMAND: POST /session/b4821e91125fc57ae8b08a301666550d/execute/sync - {"script":"<script> [8489 bytes]","args":[{"element-6066-11e4-a52e-4f735466cecf":"f.0C7D383FA3E737A876F1AD61BD78151D.d.DB252279E343E0EB38426C0C9B3265FA.e.26313","ELEMENT":"f.0C7D383FA3E737A876F1AD61BD78151D.d.DB252279E343E0EB38426C0C9B3265FA.e.26313"}]}
RESULT: {"script":"<script> [8489 bytes]","args":[{"element-6066-11e4-a52e-4f735466cecf":"f.0C7D383FA3E737A876F1AD61BD78151D.d.DB252279E343E0EB38426C0C9B3265FA.e.26313","ELEMENT":"f.0C7D383FA3E737A876F1AD61BD78151D.d.DB252279E343E0EB38426C0C9B3265FA.e.26313"}]}
COMMAND: GET /session/b4821e91125fc57ae8b08a301666550d/element/f.0C7D383FA3E737A876F1AD61BD78151D.d.DB252279E343E0EB38426C0C9B3265FA.e.26313/enabled - {}
COMMAND: GET /session/b4821e91125fc57ae8b08a301666550d/screenshot - {}
RESULT: {}
COMMAND: POST /session/b4821e91125fc57ae8b08a301666550d/execute/sync - {"script":"<script> [8489 bytes]","args":[{"element-6066-11e4-a52e-4f735466cecf":"f.0C7D383FA3E737A876F1AD61BD78151D.d.DB252279E343E0EB38426C0C9B3265FA.e.26313","ELEMENT":"f.0C7D383FA3E737A876F1AD61BD78151D.d.DB252279E343E0EB38426C0C9B3265FA.e.26313"}]}
COMMAND: GET /session/b4821e91125fc57ae8b08a301666550d/screenshot - {}
RESULT: {}
RESULT: {"script":"<script> [8489 bytes]","args":[{"element-6066-11e4-a52e-4f735466cecf":"f.0C7D383FA3E737A876F1AD61BD78151D.d.DB252279E343E0EB38426C0C9B3265FA.e.26313","ELEMENT":"f.0C7D383FA3E737A876F1AD61BD78151D.d.DB252279E343E0EB38426C0C9B3265FA.e.26313"}]}
COMMAND: POST /session/b4821e91125fc57ae8b08a301666550d/execute/sync - {"script":"<script> [5351 bytes]","args":[{"element-6066-11e4-a52e-4f735466cecf":"f.0C7D383FA3E737A876F1AD61BD78151D.d.DB252279E343E0EB38426C0C9B3265FA.e.26313","ELEMENT":"f.0C7D383FA3E737A876F1AD61BD78151D.d.DB252279E343E0EB38426C0C9B3265FA.e.26313"}]}
COMMAND: GET /session/b4821e91125fc57ae8b08a301666550d/screenshot - {}
RESULT: {}
RESULT: {"script":"<script> [5351 bytes]","args":[{"element-6066-11e4-a52e-4f735466cecf":"f.0C7D383FA3E737A876F1AD61BD78151D.d.DB252279E343E0EB38426C0C9B3265FA.e.26313","ELEMENT":"f.0C7D383FA3E737A876F1AD61BD78151D.d.DB252279E343E0EB38426C0C9B3265FA.e.26313"}]}
COMMAND: POST /session/b4821e91125fc57ae8b08a301666550d/element/f.0C7D383FA3E737A876F1AD61BD78151D.d.DB252279E343E0EB38426C0C9B3265FA.e.26313/click - {}
COMMAND: GET /session/b4821e91125fc57ae8b08a301666550d/screenshot - {}
RESULT: {}
RESULT: {}
COMMAND: GET /session/b4821e91125fc57ae8b08a301666550d/screenshot - {}
RESULT: {}
RESULT: {}
COMMAND: POST /session/b4821e91125fc57ae8b08a301666550d/element - {"using":"xpath","value":"//input[@id=\"application-manageyards-display-component---NewYard--yardId-inner\"]"}
RESULT: {"using":"xpath","value":"//input[@id=\"application-manageyards-display-component---NewYard--yardId-inner\"]"}
COMMAND: POST /session/b4821e91125fc57ae8b08a301666550d/element - {"using":"xpath","value":"//input[@id=\"application-manageyards-display-component---NewYard--yardId-inner\"]"}
RESULT: {"using":"xpath","value":"//input[@id=\"application-manageyards-display-component---NewYard--yardId-inner\"]"}
COMMAND: POST /session/b4821e91125fc57ae8b08a301666550d/execute/async - {"script":"<script> [1562 bytes]","args":[{"selector":{"id":"application-manageyards-display-component---NewYard--addressDetailDetailsName1","interaction":{"idSuffix":"inner"}},"wdio_ui5_key":"applicationmanageyards-display-component---NewYard--addressDetailDetailsName1"}]}
RESULT: {"script":"<script> [1562 bytes]","args":[{"selector":{"id":"application-manageyards-display-component---NewYard--addressDetailDetailsName1","interaction":{"idSuffix":"inner"}},"wdio_ui5_key":"applicationmanageyards-display-component---NewYard--addressDetailDetailsName1"}]}
RESULT: undefined
COMMAND: POST /session/b4821e91125fc57ae8b08a301666550d/execute/async - {"script":"<script> [776 bytes]","args":[{"enterText":"Intracompany Yard wdIO","selector":{"id":"application-manageyards-display-component---NewYard--addressDetailDetailsName1","interaction":{"idSuffix":"inner"}},"clearTextFirst":true,"interactionType":"ENTER_TEXT"}]}
RESULT: {"script":"<script> [776 bytes]","args":[{"enterText":"Intracompany Yard wdIO","selector":{"id":"application-manageyards-display-component---NewYard--addressDetailDetailsName1","interaction":{"idSuffix":"inner"}},"clearTextFirst":true,"interactionType":"ENTER_TEXT"}]}
COMMAND: POST /session/b4821e91125fc57ae8b08a301666550d/execute/async - {"script":"<script> [1562 bytes]","args":[{"selector":{"id":"application-manageyards-display-component---NewYard--addressDetailDetailsLanguage-arrow"},"wdio_ui5_key":"applicationmanageyards-display-component---NewYard--addressDetailDetailsLanguage-arrow"}]}
RESULT: {"script":"<script> [1562 bytes]","args":[{"selector":{"id":"application-manageyards-display-component---NewYard--addressDetailDetailsLanguage-arrow"},"wdio_ui5_key":"applicationmanageyards-display-component---NewYard--addressDetailDetailsLanguage-arrow"}]}
RESULT: undefined
COMMAND: POST /session/b4821e91125fc57ae8b08a301666550d/element - {"using":"xpath","value":"//*[@id=\"application-manageyards-display-component---NewYard--addressDetailDetailsLanguage-arrow\"]"}
RESULT: {"using":"xpath","value":"//*[@id=\"application-manageyards-display-component---NewYard--addressDetailDetailsLanguage-arrow\"]"}
COMMAND: POST /session/b4821e91125fc57ae8b08a301666550d/element/f.0C7D383FA3E737A876F1AD61BD78151D.d.DB252279E343E0EB38426C0C9B3265FA.e.26752/click - {}
RESULT: {}
COMMAND: POST /session/b4821e91125fc57ae8b08a301666550d/element - {"using":"xpath","value":"//span[contains(text(), \"English\")]"}
COMMAND: GET /session/b4821e91125fc57ae8b08a301666550d/screenshot - {}
RESULT: {"using":"xpath","value":"//span[contains(text(), \"English\")]"}
COMMAND: POST /session/b4821e91125fc57ae8b08a301666550d/element/f.0C7D383FA3E737A876F1AD61BD78151D.d.DB252279E343E0EB38426C0C9B3265FA.e.26753/click - {}
RESULT: {}
RESULT: {}
COMMAND: POST /session/b4821e91125fc57ae8b08a301666550d/execute/async - {"script":"<script> [1562 bytes]","args":[{"selector":{"id":"application-manageyards-display-component---NewYard--addressDetailDetailsCity1","interaction":{"idSuffix":"inner"}},"wdio_ui5_key":"applicationmanageyards-display-component---NewYard--addressDetailDetailsCity1"}]}
COMMAND: GET /session/b4821e91125fc57ae8b08a301666550d/screenshot - {}
RESULT: {"script":"<script> [1562 bytes]","args":[{"selector":{"id":"application-manageyards-display-component---NewYard--addressDetailDetailsCity1","interaction":{"idSuffix":"inner"}},"wdio_ui5_key":"applicationmanageyards-display-component---NewYard--addressDetailDetailsCity1"}]}
RESULT: undefined
COMMAND: POST /session/b4821e91125fc57ae8b08a301666550d/execute/async - {"script":"<script> [776 bytes]","args":[{"enterText":"Rosario","selector":{"id":"application-manageyards-display-component---NewYard--addressDetailDetailsCity1","interaction":{"idSuffix":"inner"}},"clearTextFirst":true,"interactionType":"ENTER_TEXT"}]}
RESULT: {}
RESULT: {"script":"<script> [776 bytes]","args":[{"enterText":"Rosario","selector":{"id":"application-manageyards-display-component---NewYard--addressDetailDetailsCity1","interaction":{"idSuffix":"inner"}},"clearTextFirst":true,"interactionType":"ENTER_TEXT"}]}
COMMAND: POST /session/b4821e91125fc57ae8b08a301666550d/execute/async - {"script":"<script> [1562 bytes]","args":[{"selector":{"id":"application-manageyards-display-component---NewYard--addressDetailDetailsCountry-arrow"},"wdio_ui5_key":"applicationmanageyards-display-component---NewYard--addressDetailDetailsCountry-arrow"}]}
RESULT: {"script":"<script> [1562 bytes]","args":[{"selector":{"id":"application-manageyards-display-component---NewYard--addressDetailDetailsCountry-arrow"},"wdio_ui5_key":"applicationmanageyards-display-component---NewYard--addressDetailDetailsCountry-arrow"}]}
RESULT: undefined
COMMAND: POST /session/b4821e91125fc57ae8b08a301666550d/element - {"using":"xpath","value":"//*[@id=\"application-manageyards-display-component---NewYard--addressDetailDetailsCountry-arrow\"]"}
RESULT: {"using":"xpath","value":"//*[@id=\"application-manageyards-display-component---NewYard--addressDetailDetailsCountry-arrow\"]"}
COMMAND: POST /session/b4821e91125fc57ae8b08a301666550d/element/f.0C7D383FA3E737A876F1AD61BD78151D.d.DB252279E343E0EB38426C0C9B3265FA.e.26755/click - {}
RESULT: {}
COMMAND: POST /session/b4821e91125fc57ae8b08a301666550d/element - {"using":"xpath","value":"//span[contains(text(), \"Argentina\")]"}
COMMAND: GET /session/b4821e91125fc57ae8b08a301666550d/screenshot - {}
RESULT: {"using":"xpath","value":"//span[contains(text(), \"Argentina\")]"}
COMMAND: POST /session/b4821e91125fc57ae8b08a301666550d/element/f.0C7D383FA3E737A876F1AD61BD78151D.d.DB252279E343E0EB38426C0C9B3265FA.e.26757/click - {}
RESULT: {}
RESULT: {}
COMMAND: POST /session/b4821e91125fc57ae8b08a301666550d/execute/async - {"script":"<script> [1562 bytes]","args":[{"selector":{"id":"application-manageyards-display-component---NewYard--addressEditDetailsCostObjectCstType-arrow"},"wdio_ui5_key":"applicationmanageyards-display-component---NewYard--addressEditDetailsCostObjectCstType-arrow"}]}
COMMAND: GET /session/b4821e91125fc57ae8b08a301666550d/screenshot - {}
RESULT: {"script":"<script> [1562 bytes]","args":[{"selector":{"id":"application-manageyards-display-component---NewYard--addressEditDetailsCostObjectCstType-arrow"},"wdio_ui5_key":"applicationmanageyards-display-component---NewYard--addressEditDetailsCostObjectCstType-arrow"}]}
RESULT: undefined
COMMAND: POST /session/b4821e91125fc57ae8b08a301666550d/element - {"using":"xpath","value":"//*[@id=\"application-manageyards-display-component---NewYard--addressEditDetailsCostObjectCstType-arrow\"]"}
RESULT: {}
RESULT: {"using":"xpath","value":"//*[@id=\"application-manageyards-display-component---NewYard--addressEditDetailsCostObjectCstType-arrow\"]"}
COMMAND: POST /session/b4821e91125fc57ae8b08a301666550d/element/f.0C7D383FA3E737A876F1AD61BD78151D.d.DB252279E343E0EB38426C0C9B3265FA.e.26758/click - {}
RESULT: {}
COMMAND: POST /session/b4821e91125fc57ae8b08a301666550d/element - {"using":"xpath","value":"//span[contains(text(), \"Cost Center\")]"}
COMMAND: GET /session/b4821e91125fc57ae8b08a301666550d/screenshot - {}
RESULT: {"using":"xpath","value":"//span[contains(text(), \"Cost Center\")]"}
COMMAND: POST /session/b4821e91125fc57ae8b08a301666550d/element/f.0C7D383FA3E737A876F1AD61BD78151D.d.DB252279E343E0EB38426C0C9B3265FA.e.26759/click - {}
RESULT: {}
RESULT: {}
COMMAND: GET /session/b4821e91125fc57ae8b08a301666550d/screenshot - {}
RESULT: {}
COMMAND: POST /session/b4821e91125fc57ae8b08a301666550d/element - {"using":"xpath","value":"//span[@id=\"application-manageyards-display-component---NewYard--addressNewCostObjectCstID-vhi\"]"}
RESULT: {"using":"xpath","value":"//span[@id=\"application-manageyards-display-component---NewYard--addressNewCostObjectCstID-vhi\"]"}
COMMAND: POST /session/b4821e91125fc57ae8b08a301666550d/execute/sync - {"script":"<script> [8489 bytes]","args":[{"element-6066-11e4-a52e-4f735466cecf":"f.0C7D383FA3E737A876F1AD61BD78151D.d.DB252279E343E0EB38426C0C9B3265FA.e.26763","ELEMENT":"f.0C7D383FA3E737A876F1AD61BD78151D.d.DB252279E343E0EB38426C0C9B3265FA.e.26763"}]}
RESULT: {"script":"<script> [8489 bytes]","args":[{"element-6066-11e4-a52e-4f735466cecf":"f.0C7D383FA3E737A876F1AD61BD78151D.d.DB252279E343E0EB38426C0C9B3265FA.e.26763","ELEMENT":"f.0C7D383FA3E737A876F1AD61BD78151D.d.DB252279E343E0EB38426C0C9B3265FA.e.26763"}]}
COMMAND: POST /session/b4821e91125fc57ae8b08a301666550d/execute/async - {"script":"<script> [1562 bytes]","args":[{"selector":{"id":"application-manageyards-display-component---NewYard--addressNewCostObjectCstID-vhi"},"wdio_ui5_key":"applicationmanageyards-display-component---NewYard--addressNewCostObjectCstID-vhi"}]}
COMMAND: GET /session/b4821e91125fc57ae8b08a301666550d/screenshot - {}
RESULT: {"script":"<script> [1562 bytes]","args":[{"selector":{"id":"application-manageyards-display-component---NewYard--addressNewCostObjectCstID-vhi"},"wdio_ui5_key":"applicationmanageyards-display-component---NewYard--addressNewCostObjectCstID-vhi"}]}
RESULT: undefined
COMMAND: POST /session/b4821e91125fc57ae8b08a301666550d/element - {"using":"xpath","value":"//*[@id=\"application-manageyards-display-component---NewYard--addressNewCostObjectCstID-vhi\"]"}
RESULT: {}
RESULT: {"using":"xpath","value":"//*[@id=\"application-manageyards-display-component---NewYard--addressNewCostObjectCstID-vhi\"]"}
COMMAND: POST /session/b4821e91125fc57ae8b08a301666550d/element/f.0C7D383FA3E737A876F1AD61BD78151D.d.DB252279E343E0EB38426C0C9B3265FA.e.26763/click - {}
RESULT: {}
COMMAND: GET /session/b4821e91125fc57ae8b08a301666550d/screenshot - {}
RESULT: {}
COMMAND: POST /session/b4821e91125fc57ae8b08a301666550d/execute/async - {"script":"<script> [1562 bytes]","args":[{"selector":{"controlType":"sap.m.SearchField","properties":{"placeholder":"Search"},"searchOpenDialogs":true,"interaction":{"idSuffix":"I"}},"wdio_ui5_key":"sapm.SearchField{\"placeholder\":\"Search\"}"}]}
RESULT: {"script":"<script> [1562 bytes]","args":[{"selector":{"controlType":"sap.m.SearchField","properties":{"placeholder":"Search"},"searchOpenDialogs":true,"interaction":{"idSuffix":"I"}},"wdio_ui5_key":"sapm.SearchField{\"placeholder\":\"Search\"}"}]}
RESULT: undefined
COMMAND: POST /session/b4821e91125fc57ae8b08a301666550d/execute/async - {"script":"<script> [776 bytes]","args":[{"enterText":"bauh_b","selector":{"controlType":"sap.m.SearchField","properties":{"placeholder":"Search"},"searchOpenDialogs":true,"interaction":{"idSuffix":"I"}},"clearTextFirst":true,"interactionType":"ENTER_TEXT"}]}
RESULT: {"script":"<script> [776 bytes]","args":[{"enterText":"bauh_b","selector":{"controlType":"sap.m.SearchField","properties":{"placeholder":"Search"},"searchOpenDialogs":true,"interaction":{"idSuffix":"I"}},"clearTextFirst":true,"interactionType":"ENTER_TEXT"}]}
COMMAND: POST /session/b4821e91125fc57ae8b08a301666550d/actions - {"actions":[{"id":"action83","type":"key","parameters":{},"actions":[{"type":"keyDown","value":"î€‡"},{"type":"pause","duration":10},{"type":"keyUp","value":"î€‡"}]}]}
RESULT: {"actions":[{"id":"action83","type":"key","parameters":{},"actions":[{"type":"keyDown","value":"î€‡"},{"type":"pause","duration":10},{"type":"keyUp","value":"î€‡"}]}]}
COMMAND: GET /session/b4821e91125fc57ae8b08a301666550d/screenshot - {}
RESULT: {}
COMMAND: POST /session/b4821e91125fc57ae8b08a301666550d/element - {"using":"xpath","value":"//span[contains(text(), \"Demo Yard\")]"}
RESULT: {"using":"xpath","value":"//span[contains(text(), \"Demo Yard\")]"}
COMMAND: POST /session/b4821e91125fc57ae8b08a301666550d/element/f.0C7D383FA3E737A876F1AD61BD78151D.d.DB252279E343E0EB38426C0C9B3265FA.e.26805/click - {}
RESULT: {}
COMMAND: GET /session/b4821e91125fc57ae8b08a301666550d/screenshot - {}
RESULT: {}
COMMAND: POST /session/b4821e91125fc57ae8b08a301666550d/element - {"using":"xpath","value":"//bdi[contains(text(), \"OK\")]"}
RESULT: {"using":"xpath","value":"//bdi[contains(text(), \"OK\")]"}
COMMAND: POST /session/b4821e91125fc57ae8b08a301666550d/element/f.0C7D383FA3E737A876F1AD61BD78151D.d.DB252279E343E0EB38426C0C9B3265FA.e.26806/click - {}
RESULT: {}
COMMAND: GET /session/b4821e91125fc57ae8b08a301666550d/screenshot - {}
RESULT: {}
COMMAND: POST /session/b4821e91125fc57ae8b08a301666550d/execute/async - {"script":"<script> [1562 bytes]","args":[{"selector":{"id":"application-manageyards-display-component---NewYard--addressEditDetailsCurrency-arrow"},"wdio_ui5_key":"applicationmanageyards-display-component---NewYard--addressEditDetailsCurrency-arrow"}]}
RESULT: {"script":"<script> [1562 bytes]","args":[{"selector":{"id":"application-manageyards-display-component---NewYard--addressEditDetailsCurrency-arrow"},"wdio_ui5_key":"applicationmanageyards-display-component---NewYard--addressEditDetailsCurrency-arrow"}]}
RESULT: undefined
COMMAND: POST /session/b4821e91125fc57ae8b08a301666550d/element - {"using":"xpath","value":"//*[@id=\"application-manageyards-display-component---NewYard--addressEditDetailsCurrency-arrow\"]"}
RESULT: {"using":"xpath","value":"//*[@id=\"application-manageyards-display-component---NewYard--addressEditDetailsCurrency-arrow\"]"}
COMMAND: POST /session/b4821e91125fc57ae8b08a301666550d/element/f.0C7D383FA3E737A876F1AD61BD78151D.d.DB252279E343E0EB38426C0C9B3265FA.e.26809/click - {}
RESULT: {}
COMMAND: POST /session/b4821e91125fc57ae8b08a301666550d/element - {"using":"xpath","value":"//span[contains(text(), \"Euro\")]"}
COMMAND: GET /session/b4821e91125fc57ae8b08a301666550d/screenshot - {}
RESULT: {"using":"xpath","value":"//span[contains(text(), \"Euro\")]"}
COMMAND: POST /session/b4821e91125fc57ae8b08a301666550d/element/f.0C7D383FA3E737A876F1AD61BD78151D.d.DB252279E343E0EB38426C0C9B3265FA.e.26810/click - {}
RESULT: {}
RESULT: {}
COMMAND: POST /session/b4821e91125fc57ae8b08a301666550d/execute/async - {"script":"<script> [1562 bytes]","args":[{"selector":{"controlType":"sap.m.Input","viewName":"etm.portal.ui.manageyards.view.New","viewId":"application-manageyards-display-component---NewYard","bindingPath":{"path":"","propertyPath":"/CONTROLLING_AREA","modelName":"NewYardModel"},"interaction":{"idSuffix":"inner"}},"wdio_ui5_key":"etmportal.ui.manageyards.view.Newsap.m.Input{\"path\":\"\",\"propertyPath\":\"/CONTROLLING_AREA\",\"modelName\":\"NewYardModel\"}"}]}
COMMAND: GET /session/b4821e91125fc57ae8b08a301666550d/screenshot - {}
RESULT: {"script":"<script> [1562 bytes]","args":[{"selector":{"controlType":"sap.m.Input","viewName":"etm.portal.ui.manageyards.view.New","viewId":"application-manageyards-display-component---NewYard","bindingPath":{"path":"","propertyPath":"/CONTROLLING_AREA","modelName":"NewYardModel"},"interaction":{"idSuffix":"inner"}},"wdio_ui5_key":"etmportal.ui.manageyards.view.Newsap.m.Input{\"path\":\"\",\"propertyPath\":\"/CONTROLLING_AREA\",\"modelName\":\"NewYardModel\"}"}]}
RESULT: undefined
COMMAND: POST /session/b4821e91125fc57ae8b08a301666550d/execute/async - {"script":"<script> [776 bytes]","args":[{"enterText":"Z001","selector":{"controlType":"sap.m.Input","viewName":"etm.portal.ui.manageyards.view.New","viewId":"application-manageyards-display-component---NewYard","bindingPath":{"path":"","propertyPath":"/CONTROLLING_AREA","modelName":"NewYardModel"},"interaction":{"idSuffix":"inner"}},"clearTextFirst":true,"interactionType":"ENTER_TEXT"}]}
RESULT: {}
RESULT: {"script":"<script> [776 bytes]","args":[{"enterText":"Z001","selector":{"controlType":"sap.m.Input","viewName":"etm.portal.ui.manageyards.view.New","viewId":"application-manageyards-display-component---NewYard","bindingPath":{"path":"","propertyPath":"/CONTROLLING_AREA","modelName":"NewYardModel"},"interaction":{"idSuffix":"inner"}},"clearTextFirst":true,"interactionType":"ENTER_TEXT"}]}
COMMAND: POST /session/b4821e91125fc57ae8b08a301666550d/execute/async - {"script":"<script> [1562 bytes]","args":[{"selector":{"id":"application-manageyards-display-component---NewYard--companyCodeComboBox","interaction":{"idSuffix":"inner"}},"wdio_ui5_key":"applicationmanageyards-display-component---NewYard--companyCodeComboBox"}]}
RESULT: {"script":"<script> [1562 bytes]","args":[{"selector":{"id":"application-manageyards-display-component---NewYard--companyCodeComboBox","interaction":{"idSuffix":"inner"}},"wdio_ui5_key":"applicationmanageyards-display-component---NewYard--companyCodeComboBox"}]}
RESULT: undefined
COMMAND: POST /session/b4821e91125fc57ae8b08a301666550d/execute/async - {"script":"<script> [776 bytes]","args":[{"enterText":"1000","selector":{"id":"application-manageyards-display-component---NewYard--companyCodeComboBox","interaction":{"idSuffix":"inner"}},"clearTextFirst":true,"interactionType":"ENTER_TEXT"}]}
RESULT: {"script":"<script> [776 bytes]","args":[{"enterText":"1000","selector":{"id":"application-manageyards-display-component---NewYard--companyCodeComboBox","interaction":{"idSuffix":"inner"}},"clearTextFirst":true,"interactionType":"ENTER_TEXT"}]}
COMMAND: POST /session/b4821e91125fc57ae8b08a301666550d/execute/async - {"script":"<script> [1562 bytes]","args":[{"selector":{"controlType":"sap.m.Input","viewName":"etm.portal.ui.manageyards.view.New","viewId":"application-manageyards-display-component---NewYard","bindingPath":{"path":"","propertyPath":"/PLANT","modelName":"NewYardModel"},"interaction":{"idSuffix":"inner"}},"wdio_ui5_key":"etmportal.ui.manageyards.view.Newsap.m.Input{\"path\":\"\",\"propertyPath\":\"/PLANT\",\"modelName\":\"NewYardModel\"}"}]}
RESULT: {"script":"<script> [1562 bytes]","args":[{"selector":{"controlType":"sap.m.Input","viewName":"etm.portal.ui.manageyards.view.New","viewId":"application-manageyards-display-component---NewYard","bindingPath":{"path":"","propertyPath":"/PLANT","modelName":"NewYardModel"},"interaction":{"idSuffix":"inner"}},"wdio_ui5_key":"etmportal.ui.manageyards.view.Newsap.m.Input{\"path\":\"\",\"propertyPath\":\"/PLANT\",\"modelName\":\"NewYardModel\"}"}]}
RESULT: undefined
COMMAND: POST /session/b4821e91125fc57ae8b08a301666550d/execute/async - {"script":"<script> [776 bytes]","args":[{"enterText":"1001","selector":{"controlType":"sap.m.Input","viewName":"etm.portal.ui.manageyards.view.New","viewId":"application-manageyards-display-component---NewYard","bindingPath":{"path":"","propertyPath":"/PLANT","modelName":"NewYardModel"},"interaction":{"idSuffix":"inner"}},"clearTextFirst":true,"interactionType":"ENTER_TEXT"}]}
RESULT: {"script":"<script> [776 bytes]","args":[{"enterText":"1001","selector":{"controlType":"sap.m.Input","viewName":"etm.portal.ui.manageyards.view.New","viewId":"application-manageyards-display-component---NewYard","bindingPath":{"path":"","propertyPath":"/PLANT","modelName":"NewYardModel"},"interaction":{"idSuffix":"inner"}},"clearTextFirst":true,"interactionType":"ENTER_TEXT"}]}
COMMAND: POST /session/b4821e91125fc57ae8b08a301666550d/execute/async - {"script":"<script> [1562 bytes]","args":[{"selector":{"controlType":"sap.m.Input","viewName":"etm.portal.ui.manageyards.view.New","viewId":"application-manageyards-display-component---NewYard","bindingPath":{"path":"","propertyPath":"/SALES_AREA_VKORG","modelName":"NewYardModel"},"interaction":{"idSuffix":"inner"}},"wdio_ui5_key":"etmportal.ui.manageyards.view.Newsap.m.Input{\"path\":\"\",\"propertyPath\":\"/SALES_AREA_VKORG\",\"modelName\":\"NewYardModel\"}"}]}
RESULT: {"script":"<script> [1562 bytes]","args":[{"selector":{"controlType":"sap.m.Input","viewName":"etm.portal.ui.manageyards.view.New","viewId":"application-manageyards-display-component---NewYard","bindingPath":{"path":"","propertyPath":"/SALES_AREA_VKORG","modelName":"NewYardModel"},"interaction":{"idSuffix":"inner"}},"wdio_ui5_key":"etmportal.ui.manageyards.view.Newsap.m.Input{\"path\":\"\",\"propertyPath\":\"/SALES_AREA_VKORG\",\"modelName\":\"NewYardModel\"}"}]}
RESULT: undefined
COMMAND: POST /session/b4821e91125fc57ae8b08a301666550d/execute/async - {"script":"<script> [776 bytes]","args":[{"enterText":"C002","selector":{"controlType":"sap.m.Input","viewName":"etm.portal.ui.manageyards.view.New","viewId":"application-manageyards-display-component---NewYard","bindingPath":{"path":"","propertyPath":"/SALES_AREA_VKORG","modelName":"NewYardModel"},"interaction":{"idSuffix":"inner"}},"clearTextFirst":true,"interactionType":"ENTER_TEXT"}]}
RESULT: {"script":"<script> [776 bytes]","args":[{"enterText":"C002","selector":{"controlType":"sap.m.Input","viewName":"etm.portal.ui.manageyards.view.New","viewId":"application-manageyards-display-component---NewYard","bindingPath":{"path":"","propertyPath":"/SALES_AREA_VKORG","modelName":"NewYardModel"},"interaction":{"idSuffix":"inner"}},"clearTextFirst":true,"interactionType":"ENTER_TEXT"}]}
COMMAND: POST /session/b4821e91125fc57ae8b08a301666550d/execute/async - {"script":"<script> [1562 bytes]","args":[{"selector":{"controlType":"sap.m.Input","viewName":"etm.portal.ui.manageyards.view.New","viewId":"application-manageyards-display-component---NewYard","bindingPath":{"path":"","propertyPath":"/SALES_AREA_VTWEG","modelName":"NewYardModel"},"interaction":{"idSuffix":"inner"}},"wdio_ui5_key":"etmportal.ui.manageyards.view.Newsap.m.Input{\"path\":\"\",\"propertyPath\":\"/SALES_AREA_VTWEG\",\"modelName\":\"NewYardModel\"}"}]}
RESULT: {"script":"<script> [1562 bytes]","args":[{"selector":{"controlType":"sap.m.Input","viewName":"etm.portal.ui.manageyards.view.New","viewId":"application-manageyards-display-component---NewYard","bindingPath":{"path":"","propertyPath":"/SALES_AREA_VTWEG","modelName":"NewYardModel"},"interaction":{"idSuffix":"inner"}},"wdio_ui5_key":"etmportal.ui.manageyards.view.Newsap.m.Input{\"path\":\"\",\"propertyPath\":\"/SALES_AREA_VTWEG\",\"modelName\":\"NewYardModel\"}"}]}
RESULT: undefined
COMMAND: POST /session/b4821e91125fc57ae8b08a301666550d/execute/async - {"script":"<script> [776 bytes]","args":[{"enterText":"C2","selector":{"controlType":"sap.m.Input","viewName":"etm.portal.ui.manageyards.view.New","viewId":"application-manageyards-display-component---NewYard","bindingPath":{"path":"","propertyPath":"/SALES_AREA_VTWEG","modelName":"NewYardModel"},"interaction":{"idSuffix":"inner"}},"clearTextFirst":true,"interactionType":"ENTER_TEXT"}]}
RESULT: {"script":"<script> [776 bytes]","args":[{"enterText":"C2","selector":{"controlType":"sap.m.Input","viewName":"etm.portal.ui.manageyards.view.New","viewId":"application-manageyards-display-component---NewYard","bindingPath":{"path":"","propertyPath":"/SALES_AREA_VTWEG","modelName":"NewYardModel"},"interaction":{"idSuffix":"inner"}},"clearTextFirst":true,"interactionType":"ENTER_TEXT"}]}
COMMAND: POST /session/b4821e91125fc57ae8b08a301666550d/execute/async - {"script":"<script> [1562 bytes]","args":[{"selector":{"controlType":"sap.m.Input","viewName":"etm.portal.ui.manageyards.view.New","viewId":"application-manageyards-display-component---NewYard","bindingPath":{"path":"","propertyPath":"/SALES_AREA_SPART","modelName":"NewYardModel"},"interaction":{"idSuffix":"inner"}},"wdio_ui5_key":"etmportal.ui.manageyards.view.Newsap.m.Input{\"path\":\"\",\"propertyPath\":\"/SALES_AREA_SPART\",\"modelName\":\"NewYardModel\"}"}]}
RESULT: {"script":"<script> [1562 bytes]","args":[{"selector":{"controlType":"sap.m.Input","viewName":"etm.portal.ui.manageyards.view.New","viewId":"application-manageyards-display-component---NewYard","bindingPath":{"path":"","propertyPath":"/SALES_AREA_SPART","modelName":"NewYardModel"},"interaction":{"idSuffix":"inner"}},"wdio_ui5_key":"etmportal.ui.manageyards.view.Newsap.m.Input{\"path\":\"\",\"propertyPath\":\"/SALES_AREA_SPART\",\"modelName\":\"NewYardModel\"}"}]}
RESULT: undefined
COMMAND: POST /session/b4821e91125fc57ae8b08a301666550d/execute/async - {"script":"<script> [776 bytes]","args":[{"enterText":"C2","selector":{"controlType":"sap.m.Input","viewName":"etm.portal.ui.manageyards.view.New","viewId":"application-manageyards-display-component---NewYard","bindingPath":{"path":"","propertyPath":"/SALES_AREA_SPART","modelName":"NewYardModel"},"interaction":{"idSuffix":"inner"}},"clearTextFirst":true,"interactionType":"ENTER_TEXT"}]}
RESULT: {"script":"<script> [776 bytes]","args":[{"enterText":"C2","selector":{"controlType":"sap.m.Input","viewName":"etm.portal.ui.manageyards.view.New","viewId":"application-manageyards-display-component---NewYard","bindingPath":{"path":"","propertyPath":"/SALES_AREA_SPART","modelName":"NewYardModel"},"interaction":{"idSuffix":"inner"}},"clearTextFirst":true,"interactionType":"ENTER_TEXT"}]}
COMMAND: POST /session/b4821e91125fc57ae8b08a301666550d/execute/async - {"script":"<script> [1562 bytes]","args":[{"selector":{"controlType":"sap.m.Input","viewName":"etm.portal.ui.manageyards.view.New","viewId":"application-manageyards-display-component---NewYard","bindingPath":{"path":"","propertyPath":"/SHIP_POINT","modelName":"NewYardModel"},"interaction":{"idSuffix":"inner"}},"wdio_ui5_key":"etmportal.ui.manageyards.view.Newsap.m.Input{\"path\":\"\",\"propertyPath\":\"/SHIP_POINT\",\"modelName\":\"NewYardModel\"}"}]}
RESULT: {"script":"<script> [1562 bytes]","args":[{"selector":{"controlType":"sap.m.Input","viewName":"etm.portal.ui.manageyards.view.New","viewId":"application-manageyards-display-component---NewYard","bindingPath":{"path":"","propertyPath":"/SHIP_POINT","modelName":"NewYardModel"},"interaction":{"idSuffix":"inner"}},"wdio_ui5_key":"etmportal.ui.manageyards.view.Newsap.m.Input{\"path\":\"\",\"propertyPath\":\"/SHIP_POINT\",\"modelName\":\"NewYardModel\"}"}]}
RESULT: undefined
COMMAND: POST /session/b4821e91125fc57ae8b08a301666550d/execute/async - {"script":"<script> [776 bytes]","args":[{"enterText":"1710","selector":{"controlType":"sap.m.Input","viewName":"etm.portal.ui.manageyards.view.New","viewId":"application-manageyards-display-component---NewYard","bindingPath":{"path":"","propertyPath":"/SHIP_POINT","modelName":"NewYardModel"},"interaction":{"idSuffix":"inner"}},"clearTextFirst":true,"interactionType":"ENTER_TEXT"}]}
RESULT: {"script":"<script> [776 bytes]","args":[{"enterText":"1710","selector":{"controlType":"sap.m.Input","viewName":"etm.portal.ui.manageyards.view.New","viewId":"application-manageyards-display-component---NewYard","bindingPath":{"path":"","propertyPath":"/SHIP_POINT","modelName":"NewYardModel"},"interaction":{"idSuffix":"inner"}},"clearTextFirst":true,"interactionType":"ENTER_TEXT"}]}
COMMAND: POST /session/b4821e91125fc57ae8b08a301666550d/execute/async - {"script":"<script> [1562 bytes]","args":[{"selector":{"controlType":"sap.m.Input","viewName":"etm.portal.ui.manageyards.view.New","viewId":"application-manageyards-display-component---NewYard","bindingPath":{"path":"","propertyPath":"/DELIVERY_TYPE","modelName":"NewYardModel"},"interaction":{"idSuffix":"inner"}},"wdio_ui5_key":"etmportal.ui.manageyards.view.Newsap.m.Input{\"path\":\"\",\"propertyPath\":\"/DELIVERY_TYPE\",\"modelName\":\"NewYardModel\"}"}]}
RESULT: {"script":"<script> [1562 bytes]","args":[{"selector":{"controlType":"sap.m.Input","viewName":"etm.portal.ui.manageyards.view.New","viewId":"application-manageyards-display-component---NewYard","bindingPath":{"path":"","propertyPath":"/DELIVERY_TYPE","modelName":"NewYardModel"},"interaction":{"idSuffix":"inner"}},"wdio_ui5_key":"etmportal.ui.manageyards.view.Newsap.m.Input{\"path\":\"\",\"propertyPath\":\"/DELIVERY_TYPE\",\"modelName\":\"NewYardModel\"}"}]}
RESULT: undefined
COMMAND: POST /session/b4821e91125fc57ae8b08a301666550d/execute/async - {"script":"<script> [776 bytes]","args":[{"enterText":"ZL01","selector":{"controlType":"sap.m.Input","viewName":"etm.portal.ui.manageyards.view.New","viewId":"application-manageyards-display-component---NewYard","bindingPath":{"path":"","propertyPath":"/DELIVERY_TYPE","modelName":"NewYardModel"},"interaction":{"idSuffix":"inner"}},"clearTextFirst":true,"interactionType":"ENTER_TEXT"}]}
RESULT: {"script":"<script> [776 bytes]","args":[{"enterText":"ZL01","selector":{"controlType":"sap.m.Input","viewName":"etm.portal.ui.manageyards.view.New","viewId":"application-manageyards-display-component---NewYard","bindingPath":{"path":"","propertyPath":"/DELIVERY_TYPE","modelName":"NewYardModel"},"interaction":{"idSuffix":"inner"}},"clearTextFirst":true,"interactionType":"ENTER_TEXT"}]}
COMMAND: POST /session/b4821e91125fc57ae8b08a301666550d/execute/async - {"script":"<script> [1562 bytes]","args":[{"selector":{"controlType":"sap.m.Input","viewName":"etm.portal.ui.manageyards.view.New","viewId":"application-manageyards-display-component---NewYard","bindingPath":{"path":"","propertyPath":"/AUART","modelName":"NewYardModel"},"interaction":{"idSuffix":"inner"}},"wdio_ui5_key":"etmportal.ui.manageyards.view.Newsap.m.Input{\"path\":\"\",\"propertyPath\":\"/AUART\",\"modelName\":\"NewYardModel\"}"}]}
RESULT: {"script":"<script> [1562 bytes]","args":[{"selector":{"controlType":"sap.m.Input","viewName":"etm.portal.ui.manageyards.view.New","viewId":"application-manageyards-display-component---NewYard","bindingPath":{"path":"","propertyPath":"/AUART","modelName":"NewYardModel"},"interaction":{"idSuffix":"inner"}},"wdio_ui5_key":"etmportal.ui.manageyards.view.Newsap.m.Input{\"path\":\"\",\"propertyPath\":\"/AUART\",\"modelName\":\"NewYardModel\"}"}]}
RESULT: undefined
COMMAND: POST /session/b4821e91125fc57ae8b08a301666550d/execute/async - {"script":"<script> [776 bytes]","args":[{"enterText":"TA","selector":{"controlType":"sap.m.Input","viewName":"etm.portal.ui.manageyards.view.New","viewId":"application-manageyards-display-component---NewYard","bindingPath":{"path":"","propertyPath":"/AUART","modelName":"NewYardModel"},"interaction":{"idSuffix":"inner"}},"clearTextFirst":true,"interactionType":"ENTER_TEXT"}]}
RESULT: {"script":"<script> [776 bytes]","args":[{"enterText":"TA","selector":{"controlType":"sap.m.Input","viewName":"etm.portal.ui.manageyards.view.New","viewId":"application-manageyards-display-component---NewYard","bindingPath":{"path":"","propertyPath":"/AUART","modelName":"NewYardModel"},"interaction":{"idSuffix":"inner"}},"clearTextFirst":true,"interactionType":"ENTER_TEXT"}]}
COMMAND: POST /session/b4821e91125fc57ae8b08a301666550d/element - {"using":"xpath","value":"//button[@data-kt=\"newYardSaveButton\"]"}
RESULT: {"using":"xpath","value":"//button[@data-kt=\"newYardSaveButton\"]"}
COMMAND: POST /session/b4821e91125fc57ae8b08a301666550d/element/f.0C7D383FA3E737A876F1AD61BD78151D.d.DB252279E343E0EB38426C0C9B3265FA.e.26697/click - {}
RESULT: {}
COMMAND: GET /session/b4821e91125fc57ae8b08a301666550d/screenshot - {}
RESULT: {}
COMMAND: POST /session/b4821e91125fc57ae8b08a301666550d/element - {"using":"xpath","value":"//header[contains(@id, 'ObjectPageLayout-headerTitle')]/div[1]/div[2]/div[1]/span[1]"}
RESULT: {"using":"xpath","value":"//header[contains(@id, 'ObjectPageLayout-headerTitle')]/div[1]/div[2]/div[1]/span[1]"}
COMMAND: POST /session/b4821e91125fc57ae8b08a301666550d/elements - {"using":"xpath","value":"//header[contains(@id, 'ObjectPageLayout-headerTitle')]/div[1]/div[2]/div[1]/span[1]"}
RESULT: {"using":"xpath","value":"//header[contains(@id, 'ObjectPageLayout-headerTitle')]/div[1]/div[2]/div[1]/span[1]"}
COMMAND: POST /session/b4821e91125fc57ae8b08a301666550d/execute/sync - {"script":"<script> [56 bytes]","args":[{"element-6066-11e4-a52e-4f735466cecf":"f.0C7D383FA3E737A876F1AD61BD78151D.d.DB252279E343E0EB38426C0C9B3265FA.e.27045","ELEMENT":"f.0C7D383FA3E737A876F1AD61BD78151D.d.DB252279E343E0EB38426C0C9B3265FA.e.27045"}]}
RESULT: {"script":"<script> [56 bytes]","args":[{"element-6066-11e4-a52e-4f735466cecf":"f.0C7D383FA3E737A876F1AD61BD78151D.d.DB252279E343E0EB38426C0C9B3265FA.e.27045","ELEMENT":"f.0C7D383FA3E737A876F1AD61BD78151D.d.DB252279E343E0EB38426C0C9B3265FA.e.27045"}]}
COMMAND: GET /session/b4821e91125fc57ae8b08a301666550d/screenshot - {}
RESULT: {}
COMMAND: POST /session/b4821e91125fc57ae8b08a301666550d/element - {"using":"css selector","value":"#shell-header-logo"}
RESULT: {"using":"css selector","value":"#shell-header-logo"}
COMMAND: POST /session/b4821e91125fc57ae8b08a301666550d/element/f.0C7D383FA3E737A876F1AD61BD78151D.d.DB252279E343E0EB38426C0C9B3265FA.e.26156/click - {}
RESULT: {}
COMMAND: GET /session/b4821e91125fc57ae8b08a301666550d/screenshot - {}
RESULT: {}
COMMAND: POST /session/b4821e91125fc57ae8b08a301666550d/execute/sync - {"script":"<script> [299 bytes]","args":[["getModel","getResource"]]}
RESULT: {"script":"<script> [299 bytes]","args":[["getModel","getResource"]]}
COMMAND: GET /session/b4821e91125fc57ae8b08a301666550d/screenshot - {}
]]></system-out>
    </testcase>
    <testcase classname="chrome.136_0_7103_93.windows.Transfer_Yard_to_Yard_US131076" name="Should create an equipment" time="137.077">
      <system-out><![CDATA[
COMMAND: POST /session/b4821e91125fc57ae8b08a301666550d/execute/async - {"script":"<script> [1562 bytes]","args":[{"selector":{"controlType":"sap.m.GenericTile","properties":{"header":"Manage Resources"}},"wdio_ui5_key":"sapm.GenericTile{\"header\":\"Manage Resources\"}"}]}
RESULT: {}
RESULT: {"script":"<script> [1562 bytes]","args":[{"selector":{"controlType":"sap.m.GenericTile","properties":{"header":"Manage Resources"}},"wdio_ui5_key":"sapm.GenericTile{\"header\":\"Manage Resources\"}"}]}
RESULT: undefined
COMMAND: POST /session/b4821e91125fc57ae8b08a301666550d/element - {"using":"xpath","value":"//*[@id=\"__tile31\"]"}
RESULT: {"using":"xpath","value":"//*[@id=\"__tile31\"]"}
COMMAND: POST /session/b4821e91125fc57ae8b08a301666550d/element/f.0C7D383FA3E737A876F1AD61BD78151D.d.DB252279E343E0EB38426C0C9B3265FA.e.26174/click - {}
RESULT: {}
COMMAND: GET /session/b4821e91125fc57ae8b08a301666550d/screenshot - {}
RESULT: {}
COMMAND: POST /session/b4821e91125fc57ae8b08a301666550d/elements - {"using":"xpath","value":"//span[text()='Error']"}
RESULT: {"using":"xpath","value":"//span[text()='Error']"}
COMMAND: POST /session/b4821e91125fc57ae8b08a301666550d/element - {"using":"xpath","value":"//button[@data-kt=\"addNewRUOverflowToolbarButton\"]"}
RESULT: {"using":"xpath","value":"//button[@data-kt=\"addNewRUOverflowToolbarButton\"]"}
COMMAND: POST /session/b4821e91125fc57ae8b08a301666550d/elements - {"using":"xpath","value":"//button[@data-kt=\"addNewRUOverflowToolbarButton\"]"}
RESULT: {"using":"xpath","value":"//button[@data-kt=\"addNewRUOverflowToolbarButton\"]"}
COMMAND: POST /session/b4821e91125fc57ae8b08a301666550d/execute/sync - {"script":"<script> [8489 bytes]","args":[{"element-6066-11e4-a52e-4f735466cecf":"f.0C7D383FA3E737A876F1AD61BD78151D.d.DB252279E343E0EB38426C0C9B3265FA.e.27090","ELEMENT":"f.0C7D383FA3E737A876F1AD61BD78151D.d.DB252279E343E0EB38426C0C9B3265FA.e.27090"}]}
RESULT: {"script":"<script> [8489 bytes]","args":[{"element-6066-11e4-a52e-4f735466cecf":"f.0C7D383FA3E737A876F1AD61BD78151D.d.DB252279E343E0EB38426C0C9B3265FA.e.27090","ELEMENT":"f.0C7D383FA3E737A876F1AD61BD78151D.d.DB252279E343E0EB38426C0C9B3265FA.e.27090"}]}
COMMAND: GET /session/b4821e91125fc57ae8b08a301666550d/element/f.0C7D383FA3E737A876F1AD61BD78151D.d.DB252279E343E0EB38426C0C9B3265FA.e.27090/enabled - {}
COMMAND: GET /session/b4821e91125fc57ae8b08a301666550d/screenshot - {}
RESULT: {}
COMMAND: POST /session/b4821e91125fc57ae8b08a301666550d/execute/sync - {"script":"<script> [8489 bytes]","args":[{"element-6066-11e4-a52e-4f735466cecf":"f.0C7D383FA3E737A876F1AD61BD78151D.d.DB252279E343E0EB38426C0C9B3265FA.e.27090","ELEMENT":"f.0C7D383FA3E737A876F1AD61BD78151D.d.DB252279E343E0EB38426C0C9B3265FA.e.27090"}]}
COMMAND: GET /session/b4821e91125fc57ae8b08a301666550d/screenshot - {}
RESULT: {}
RESULT: {"script":"<script> [8489 bytes]","args":[{"element-6066-11e4-a52e-4f735466cecf":"f.0C7D383FA3E737A876F1AD61BD78151D.d.DB252279E343E0EB38426C0C9B3265FA.e.27090","ELEMENT":"f.0C7D383FA3E737A876F1AD61BD78151D.d.DB252279E343E0EB38426C0C9B3265FA.e.27090"}]}
COMMAND: POST /session/b4821e91125fc57ae8b08a301666550d/execute/sync - {"script":"<script> [5351 bytes]","args":[{"element-6066-11e4-a52e-4f735466cecf":"f.0C7D383FA3E737A876F1AD61BD78151D.d.DB252279E343E0EB38426C0C9B3265FA.e.27090","ELEMENT":"f.0C7D383FA3E737A876F1AD61BD78151D.d.DB252279E343E0EB38426C0C9B3265FA.e.27090"}]}
COMMAND: GET /session/b4821e91125fc57ae8b08a301666550d/screenshot - {}
RESULT: {}
RESULT: {"script":"<script> [5351 bytes]","args":[{"element-6066-11e4-a52e-4f735466cecf":"f.0C7D383FA3E737A876F1AD61BD78151D.d.DB252279E343E0EB38426C0C9B3265FA.e.27090","ELEMENT":"f.0C7D383FA3E737A876F1AD61BD78151D.d.DB252279E343E0EB38426C0C9B3265FA.e.27090"}]}
COMMAND: POST /session/b4821e91125fc57ae8b08a301666550d/element/f.0C7D383FA3E737A876F1AD61BD78151D.d.DB252279E343E0EB38426C0C9B3265FA.e.27090/click - {}
COMMAND: GET /session/b4821e91125fc57ae8b08a301666550d/screenshot - {}
RESULT: {}
RESULT: {}
COMMAND: GET /session/b4821e91125fc57ae8b08a301666550d/screenshot - {}
RESULT: {}
COMMAND: POST /session/b4821e91125fc57ae8b08a301666550d/execute/async - {"script":"<script> [1562 bytes]","args":[{"selector":{"id":"application-manageresources-display-component---newResourceUnit--TYPE-arrow"},"wdio_ui5_key":"applicationmanageresources-display-component---newResourceUnit--TYPE-arrow"}]}
RESULT: {}
RESULT: {"script":"<script> [1562 bytes]","args":[{"selector":{"id":"application-manageresources-display-component---newResourceUnit--TYPE-arrow"},"wdio_ui5_key":"applicationmanageresources-display-component---newResourceUnit--TYPE-arrow"}]}
RESULT: undefined
COMMAND: POST /session/b4821e91125fc57ae8b08a301666550d/element - {"using":"xpath","value":"//*[@id=\"application-manageresources-display-component---newResourceUnit--TYPE-arrow\"]"}
RESULT: {"using":"xpath","value":"//*[@id=\"application-manageresources-display-component---newResourceUnit--TYPE-arrow\"]"}
COMMAND: POST /session/b4821e91125fc57ae8b08a301666550d/element/f.0C7D383FA3E737A876F1AD61BD78151D.d.DB252279E343E0EB38426C0C9B3265FA.e.27446/click - {}
RESULT: {}
COMMAND: POST /session/b4821e91125fc57ae8b08a301666550d/element - {"using":"xpath","value":"//input[@id=\"application-manageresources-display-component---newResourceUnit--TYPE-inner\"]"}
COMMAND: GET /session/b4821e91125fc57ae8b08a301666550d/screenshot - {}
RESULT: {"using":"xpath","value":"//input[@id=\"application-manageresources-display-component---newResourceUnit--TYPE-inner\"]"}
COMMAND: POST /session/b4821e91125fc57ae8b08a301666550d/element/f.0C7D383FA3E737A876F1AD61BD78151D.d.DB252279E343E0EB38426C0C9B3265FA.e.27427/clear - {}
RESULT: {}
RESULT: {}
COMMAND: POST /session/b4821e91125fc57ae8b08a301666550d/element/f.0C7D383FA3E737A876F1AD61BD78151D.d.DB252279E343E0EB38426C0C9B3265FA.e.27427/value - {"text":"Equipment"}
COMMAND: GET /session/b4821e91125fc57ae8b08a301666550d/screenshot - {}
RESULT: {"text":"Equipment"}
COMMAND: GET /session/b4821e91125fc57ae8b08a301666550d/screenshot - {}
RESULT: {}
RESULT: {}
COMMAND: POST /session/b4821e91125fc57ae8b08a301666550d/actions - {"actions":[{"id":"action84","type":"key","parameters":{},"actions":[{"type":"keyDown","value":"î€‡"},{"type":"pause","duration":10},{"type":"keyUp","value":"î€‡"}]}]}
RESULT: {"actions":[{"id":"action84","type":"key","parameters":{},"actions":[{"type":"keyDown","value":"î€‡"},{"type":"pause","duration":10},{"type":"keyUp","value":"î€‡"}]}]}
COMMAND: POST /session/b4821e91125fc57ae8b08a301666550d/execute/async - {"script":"<script> [1562 bytes]","args":[{"selector":{"id":"application-manageresources-display-component---newResourceUnit--resourceId","interaction":{"idSuffix":"inner"}},"wdio_ui5_key":"applicationmanageresources-display-component---newResourceUnit--resourceId"}]}
COMMAND: GET /session/b4821e91125fc57ae8b08a301666550d/screenshot - {}
RESULT: {"script":"<script> [1562 bytes]","args":[{"selector":{"id":"application-manageresources-display-component---newResourceUnit--resourceId","interaction":{"idSuffix":"inner"}},"wdio_ui5_key":"applicationmanageresources-display-component---newResourceUnit--resourceId"}]}
RESULT: undefined
COMMAND: POST /session/b4821e91125fc57ae8b08a301666550d/execute/async - {"script":"<script> [776 bytes]","args":[{"enterText":"qXOlpYhAKO","selector":{"id":"application-manageresources-display-component---newResourceUnit--resourceId","interaction":{"idSuffix":"inner"}},"clearTextFirst":true,"interactionType":"ENTER_TEXT"}]}
RESULT: {}
RESULT: {"script":"<script> [776 bytes]","args":[{"enterText":"qXOlpYhAKO","selector":{"id":"application-manageresources-display-component---newResourceUnit--resourceId","interaction":{"idSuffix":"inner"}},"clearTextFirst":true,"interactionType":"ENTER_TEXT"}]}
COMMAND: POST /session/b4821e91125fc57ae8b08a301666550d/execute/async - {"script":"<script> [1562 bytes]","args":[{"selector":{"id":"application-manageresources-display-component---newResourceUnit--SHORT_TEXT","interaction":{"idSuffix":"inner"}},"wdio_ui5_key":"applicationmanageresources-display-component---newResourceUnit--SHORT_TEXT"}]}
RESULT: {"script":"<script> [1562 bytes]","args":[{"selector":{"id":"application-manageresources-display-component---newResourceUnit--SHORT_TEXT","interaction":{"idSuffix":"inner"}},"wdio_ui5_key":"applicationmanageresources-display-component---newResourceUnit--SHORT_TEXT"}]}
RESULT: undefined
COMMAND: POST /session/b4821e91125fc57ae8b08a301666550d/execute/async - {"script":"<script> [776 bytes]","args":[{"enterText":"Intercompany Equipment WDIO","selector":{"id":"application-manageresources-display-component---newResourceUnit--SHORT_TEXT","interaction":{"idSuffix":"inner"}},"clearTextFirst":true,"interactionType":"ENTER_TEXT"}]}
RESULT: {"script":"<script> [776 bytes]","args":[{"enterText":"Intercompany Equipment WDIO","selector":{"id":"application-manageresources-display-component---newResourceUnit--SHORT_TEXT","interaction":{"idSuffix":"inner"}},"clearTextFirst":true,"interactionType":"ENTER_TEXT"}]}
COMMAND: POST /session/b4821e91125fc57ae8b08a301666550d/execute/async - {"script":"<script> [1562 bytes]","args":[{"selector":{"id":"application-manageresources-display-component---newResourceUnit--BASE_UNIT_OF_MEASURE","interaction":{"idSuffix":"inner"}},"wdio_ui5_key":"applicationmanageresources-display-component---newResourceUnit--BASE_UNIT_OF_MEASURE"}]}
RESULT: {"script":"<script> [1562 bytes]","args":[{"selector":{"id":"application-manageresources-display-component---newResourceUnit--BASE_UNIT_OF_MEASURE","interaction":{"idSuffix":"inner"}},"wdio_ui5_key":"applicationmanageresources-display-component---newResourceUnit--BASE_UNIT_OF_MEASURE"}]}
RESULT: undefined
COMMAND: POST /session/b4821e91125fc57ae8b08a301666550d/execute/async - {"script":"<script> [776 bytes]","args":[{"enterText":"Piece","selector":{"id":"application-manageresources-display-component---newResourceUnit--BASE_UNIT_OF_MEASURE","interaction":{"idSuffix":"inner"}},"clearTextFirst":true,"interactionType":"ENTER_TEXT"}]}
RESULT: {"script":"<script> [776 bytes]","args":[{"enterText":"Piece","selector":{"id":"application-manageresources-display-component---newResourceUnit--BASE_UNIT_OF_MEASURE","interaction":{"idSuffix":"inner"}},"clearTextFirst":true,"interactionType":"ENTER_TEXT"}]}
COMMAND: POST /session/b4821e91125fc57ae8b08a301666550d/execute/async - {"script":"<script> [1562 bytes]","args":[{"selector":{"id":"application-manageresources-display-component---newResourceUnit--WEIGHT_UNIT","interaction":{"idSuffix":"inner"}},"wdio_ui5_key":"applicationmanageresources-display-component---newResourceUnit--WEIGHT_UNIT"}]}
RESULT: {"script":"<script> [1562 bytes]","args":[{"selector":{"id":"application-manageresources-display-component---newResourceUnit--WEIGHT_UNIT","interaction":{"idSuffix":"inner"}},"wdio_ui5_key":"applicationmanageresources-display-component---newResourceUnit--WEIGHT_UNIT"}]}
RESULT: undefined
COMMAND: POST /session/b4821e91125fc57ae8b08a301666550d/execute/async - {"script":"<script> [776 bytes]","args":[{"enterText":"Gram","selector":{"id":"application-manageresources-display-component---newResourceUnit--WEIGHT_UNIT","interaction":{"idSuffix":"inner"}},"clearTextFirst":true,"interactionType":"ENTER_TEXT"}]}
RESULT: {"script":"<script> [776 bytes]","args":[{"enterText":"Gram","selector":{"id":"application-manageresources-display-component---newResourceUnit--WEIGHT_UNIT","interaction":{"idSuffix":"inner"}},"clearTextFirst":true,"interactionType":"ENTER_TEXT"}]}
COMMAND: POST /session/b4821e91125fc57ae8b08a301666550d/execute/async - {"script":"<script> [1562 bytes]","args":[{"selector":{"id":"application-manageresources-display-component---newResourceUnit--DIMENSION_UNIT","interaction":{"idSuffix":"inner"}},"wdio_ui5_key":"applicationmanageresources-display-component---newResourceUnit--DIMENSION_UNIT"}]}
RESULT: {"script":"<script> [1562 bytes]","args":[{"selector":{"id":"application-manageresources-display-component---newResourceUnit--DIMENSION_UNIT","interaction":{"idSuffix":"inner"}},"wdio_ui5_key":"applicationmanageresources-display-component---newResourceUnit--DIMENSION_UNIT"}]}
RESULT: undefined
COMMAND: POST /session/b4821e91125fc57ae8b08a301666550d/execute/async - {"script":"<script> [776 bytes]","args":[{"enterText":"Meter","selector":{"id":"application-manageresources-display-component---newResourceUnit--DIMENSION_UNIT","interaction":{"idSuffix":"inner"}},"clearTextFirst":true,"interactionType":"ENTER_TEXT"}]}
RESULT: {"script":"<script> [776 bytes]","args":[{"enterText":"Meter","selector":{"id":"application-manageresources-display-component---newResourceUnit--DIMENSION_UNIT","interaction":{"idSuffix":"inner"}},"clearTextFirst":true,"interactionType":"ENTER_TEXT"}]}
COMMAND: POST /session/b4821e91125fc57ae8b08a301666550d/execute/async - {"script":"<script> [1562 bytes]","args":[{"selector":{"id":"application-manageresources-display-component---newResourceUnit--newRRUPage-anchBar-application-manageresources-display-component---newResourceUnit--control-anchor","interaction":{"idSuffix":"BDI-content"}},"wdio_ui5_key":"applicationmanageresources-display-component---newResourceUnit--newRRUPage-anchBar-application-manageresources-display-component---newResourceUnit--control-anchor"}]}
RESULT: {"script":"<script> [1562 bytes]","args":[{"selector":{"id":"application-manageresources-display-component---newResourceUnit--newRRUPage-anchBar-application-manageresources-display-component---newResourceUnit--control-anchor","interaction":{"idSuffix":"BDI-content"}},"wdio_ui5_key":"applicationmanageresources-display-component---newResourceUnit--newRRUPage-anchBar-application-manageresources-display-component---newResourceUnit--control-anchor"}]}
RESULT: undefined
COMMAND: POST /session/b4821e91125fc57ae8b08a301666550d/element - {"using":"xpath","value":"//*[@id=\"application-manageresources-display-component---newResourceUnit--newRRUPage-anchBar-application-manageresources-display-component---newResourceUnit--control-anchor\"]"}
RESULT: {"using":"xpath","value":"//*[@id=\"application-manageresources-display-component---newResourceUnit--newRRUPage-anchBar-application-manageresources-display-component---newResourceUnit--control-anchor\"]"}
COMMAND: POST /session/b4821e91125fc57ae8b08a301666550d/element/f.0C7D383FA3E737A876F1AD61BD78151D.d.DB252279E343E0EB38426C0C9B3265FA.e.27577/click - {}
RESULT: {}
COMMAND: POST /session/b4821e91125fc57ae8b08a301666550d/execute/async - {"script":"<script> [1562 bytes]","args":[{"selector":{"id":"application-manageresources-display-component---newResourceUnit--PLANNING_GROUP","interaction":{"idSuffix":"inner"}},"wdio_ui5_key":"applicationmanageresources-display-component---newResourceUnit--PLANNING_GROUP"}]}
COMMAND: GET /session/b4821e91125fc57ae8b08a301666550d/screenshot - {}
RESULT: {"script":"<script> [1562 bytes]","args":[{"selector":{"id":"application-manageresources-display-component---newResourceUnit--PLANNING_GROUP","interaction":{"idSuffix":"inner"}},"wdio_ui5_key":"applicationmanageresources-display-component---newResourceUnit--PLANNING_GROUP"}]}
RESULT: undefined
COMMAND: POST /session/b4821e91125fc57ae8b08a301666550d/execute/async - {"script":"<script> [776 bytes]","args":[{"enterText":"Heavy Equi","selector":{"id":"application-manageresources-display-component---newResourceUnit--PLANNING_GROUP","interaction":{"idSuffix":"inner"}},"clearTextFirst":true,"interactionType":"ENTER_TEXT"}]}
RESULT: {}
RESULT: {"script":"<script> [776 bytes]","args":[{"enterText":"Heavy Equi","selector":{"id":"application-manageresources-display-component---newResourceUnit--PLANNING_GROUP","interaction":{"idSuffix":"inner"}},"clearTextFirst":true,"interactionType":"ENTER_TEXT"}]}
COMMAND: POST /session/b4821e91125fc57ae8b08a301666550d/execute/async - {"script":"<script> [1562 bytes]","args":[{"selector":{"id":"application-manageresources-display-component---newResourceUnit--ITEM_TYPE-arrow"},"wdio_ui5_key":"applicationmanageresources-display-component---newResourceUnit--ITEM_TYPE-arrow"}]}
RESULT: {"script":"<script> [1562 bytes]","args":[{"selector":{"id":"application-manageresources-display-component---newResourceUnit--ITEM_TYPE-arrow"},"wdio_ui5_key":"applicationmanageresources-display-component---newResourceUnit--ITEM_TYPE-arrow"}]}
RESULT: undefined
COMMAND: POST /session/b4821e91125fc57ae8b08a301666550d/element - {"using":"xpath","value":"//*[@id=\"application-manageresources-display-component---newResourceUnit--ITEM_TYPE-arrow\"]"}
RESULT: {"using":"xpath","value":"//*[@id=\"application-manageresources-display-component---newResourceUnit--ITEM_TYPE-arrow\"]"}
COMMAND: POST /session/b4821e91125fc57ae8b08a301666550d/element/f.0C7D383FA3E737A876F1AD61BD78151D.d.DB252279E343E0EB38426C0C9B3265FA.e.27584/click - {}
RESULT: {}
COMMAND: POST /session/b4821e91125fc57ae8b08a301666550d/element - {"using":"xpath","value":"(//span[contains(text(), \"Resource Unit\")])[2]"}
COMMAND: GET /session/b4821e91125fc57ae8b08a301666550d/screenshot - {}
RESULT: {"using":"xpath","value":"(//span[contains(text(), \"Resource Unit\")])[2]"}
COMMAND: POST /session/b4821e91125fc57ae8b08a301666550d/element/f.0C7D383FA3E737A876F1AD61BD78151D.d.DB252279E343E0EB38426C0C9B3265FA.e.27585/click - {}
RESULT: {}
RESULT: {}
COMMAND: GET /session/b4821e91125fc57ae8b08a301666550d/screenshot - {}
RESULT: {}
COMMAND: POST /session/b4821e91125fc57ae8b08a301666550d/element - {"using":"css selector","value":"#application-manageresources-display-component---newResourceUnit--btnAddTimeSegment"}
RESULT: {"using":"css selector","value":"#application-manageresources-display-component---newResourceUnit--btnAddTimeSegment"}
COMMAND: GET /session/b4821e91125fc57ae8b08a301666550d/element/f.0C7D383FA3E737A876F1AD61BD78151D.d.DB252279E343E0EB38426C0C9B3265FA.e.27586/rect - {}
RESULT: {}
COMMAND: GET /session/b4821e91125fc57ae8b08a301666550d/window/rect - {}
RESULT: {}
COMMAND: POST /session/b4821e91125fc57ae8b08a301666550d/execute/sync - {"script":"<script> [92 bytes]","args":[]}
RESULT: {"script":"<script> [92 bytes]","args":[]}
COMMAND: POST /session/b4821e91125fc57ae8b08a301666550d/actions - {"actions":[{"id":"action85","type":"wheel","parameters":{},"actions":[{"type":"scroll","x":-1888,"y":-32,"deltaX":0,"deltaY":0,"duration":0,"origin":{"element-6066-11e4-a52e-4f735466cecf":"f.0C7D383FA3E737A876F1AD61BD78151D.d.DB252279E343E0EB38426C0C9B3265FA.e.27586"}}]}]}
COMMAND: GET /session/b4821e91125fc57ae8b08a301666550d/screenshot - {}
RESULT: {}
COMMAND: POST /session/b4821e91125fc57ae8b08a301666550d/execute/sync - {"script":"<script> [79 bytes]","args":[{"element-6066-11e4-a52e-4f735466cecf":"f.0C7D383FA3E737A876F1AD61BD78151D.d.DB252279E343E0EB38426C0C9B3265FA.e.27586","ELEMENT":"f.0C7D383FA3E737A876F1AD61BD78151D.d.DB252279E343E0EB38426C0C9B3265FA.e.27586"},{"block":"start","inline":"nearest"}]}
RESULT: {"script":"<script> [79 bytes]","args":[{"element-6066-11e4-a52e-4f735466cecf":"f.0C7D383FA3E737A876F1AD61BD78151D.d.DB252279E343E0EB38426C0C9B3265FA.e.27586","ELEMENT":"f.0C7D383FA3E737A876F1AD61BD78151D.d.DB252279E343E0EB38426C0C9B3265FA.e.27586"},{"block":"start","inline":"nearest"}]}
COMMAND: POST /session/b4821e91125fc57ae8b08a301666550d/execute/async - {"script":"<script> [1562 bytes]","args":[{"selector":{"id":"application-manageresources-display-component---newResourceUnit--btnAddTimeSegment","interaction":{"idSuffix":"inner"}},"wdio_ui5_key":"applicationmanageresources-display-component---newResourceUnit--btnAddTimeSegment"}]}
COMMAND: GET /session/b4821e91125fc57ae8b08a301666550d/screenshot - {}
RESULT: {"script":"<script> [1562 bytes]","args":[{"selector":{"id":"application-manageresources-display-component---newResourceUnit--btnAddTimeSegment","interaction":{"idSuffix":"inner"}},"wdio_ui5_key":"applicationmanageresources-display-component---newResourceUnit--btnAddTimeSegment"}]}
RESULT: undefined
COMMAND: POST /session/b4821e91125fc57ae8b08a301666550d/element - {"using":"xpath","value":"//*[@id=\"application-manageresources-display-component---newResourceUnit--btnAddTimeSegment\"]"}
RESULT: {}
RESULT: {"using":"xpath","value":"//*[@id=\"application-manageresources-display-component---newResourceUnit--btnAddTimeSegment\"]"}
COMMAND: POST /session/b4821e91125fc57ae8b08a301666550d/element/f.0C7D383FA3E737A876F1AD61BD78151D.d.DB252279E343E0EB38426C0C9B3265FA.e.27586/click - {}
RESULT: {}
COMMAND: GET /session/b4821e91125fc57ae8b08a301666550d/screenshot - {}
RESULT: {}
COMMAND: POST /session/b4821e91125fc57ae8b08a301666550d/element - {"using":"xpath","value":"//input[@id=\"application-manageresources-display-component---newResourceUnit--idRuTSAdmin-application-manageresources-display-component---newResourceUnit--RUTimeSegment-0-inner\"]"}
RESULT: {"using":"xpath","value":"//input[@id=\"application-manageresources-display-component---newResourceUnit--idRuTSAdmin-application-manageresources-display-component---newResourceUnit--RUTimeSegment-0-inner\"]"}
COMMAND: POST /session/b4821e91125fc57ae8b08a301666550d/element/f.0C7D383FA3E737A876F1AD61BD78151D.d.DB252279E343E0EB38426C0C9B3265FA.e.27592/clear - {}
RESULT: {}
COMMAND: POST /session/b4821e91125fc57ae8b08a301666550d/element/f.0C7D383FA3E737A876F1AD61BD78151D.d.DB252279E343E0EB38426C0C9B3265FA.e.27592/value - {"text":"542"}
COMMAND: GET /session/b4821e91125fc57ae8b08a301666550d/screenshot - {}
RESULT: {"text":"542"}
COMMAND: GET /session/b4821e91125fc57ae8b08a301666550d/screenshot - {}
RESULT: {}
RESULT: {}
COMMAND: POST /session/b4821e91125fc57ae8b08a301666550d/element - {"using":"xpath","value":"//li[.//span[text()='542']]"}
RESULT: {"using":"xpath","value":"//li[.//span[text()='542']]"}
COMMAND: POST /session/b4821e91125fc57ae8b08a301666550d/element/f.0C7D383FA3E737A876F1AD61BD78151D.d.DB252279E343E0EB38426C0C9B3265FA.e.27604/click - {}
RESULT: {}
COMMAND: GET /session/b4821e91125fc57ae8b08a301666550d/screenshot - {}
RESULT: {}
COMMAND: POST /session/b4821e91125fc57ae8b08a301666550d/element - {"using":"xpath","value":"(//span[contains(@id, \"-application-manageresources-display-component---newResourceUnit--RUTimeSegment-0-arrow\")])[6]"}
RESULT: {"using":"xpath","value":"(//span[contains(@id, \"-application-manageresources-display-component---newResourceUnit--RUTimeSegment-0-arrow\")])[6]"}
COMMAND: POST /session/b4821e91125fc57ae8b08a301666550d/element/f.0C7D383FA3E737A876F1AD61BD78151D.d.DB252279E343E0EB38426C0C9B3265FA.e.27605/click - {}
RESULT: {}
COMMAND: GET /session/b4821e91125fc57ae8b08a301666550d/screenshot - {}
RESULT: {}
COMMAND: POST /session/b4821e91125fc57ae8b08a301666550d/element - {"using":"xpath","value":"//span[contains(text(), \"PM Order\")]"}
RESULT: {"using":"xpath","value":"//span[contains(text(), \"PM Order\")]"}
COMMAND: POST /session/b4821e91125fc57ae8b08a301666550d/element/f.0C7D383FA3E737A876F1AD61BD78151D.d.DB252279E343E0EB38426C0C9B3265FA.e.27608/click - {}
RESULT: {}
COMMAND: GET /session/b4821e91125fc57ae8b08a301666550d/screenshot - {}
RESULT: {}
COMMAND: POST /session/b4821e91125fc57ae8b08a301666550d/element - {"using":"xpath","value":"(//span[contains(@id ,\"manageresources-display-component---newResourceUnit--RUTimeSegment-0-vhi\")])[1]"}
RESULT: {"using":"xpath","value":"(//span[contains(@id ,\"manageresources-display-component---newResourceUnit--RUTimeSegment-0-vhi\")])[1]"}
COMMAND: GET /session/b4821e91125fc57ae8b08a301666550d/element/f.0C7D383FA3E737A876F1AD61BD78151D.d.DB252279E343E0EB38426C0C9B3265FA.e.27612/rect - {}
RESULT: {}
COMMAND: GET /session/b4821e91125fc57ae8b08a301666550d/window/rect - {}
RESULT: {}
COMMAND: POST /session/b4821e91125fc57ae8b08a301666550d/execute/sync - {"script":"<script> [92 bytes]","args":[]}
RESULT: {"script":"<script> [92 bytes]","args":[]}
COMMAND: POST /session/b4821e91125fc57ae8b08a301666550d/actions - {"actions":[{"id":"action86","type":"wheel","parameters":{},"actions":[{"type":"scroll","x":-869,"y":-24,"deltaX":0,"deltaY":0,"duration":0,"origin":{"element-6066-11e4-a52e-4f735466cecf":"f.0C7D383FA3E737A876F1AD61BD78151D.d.DB252279E343E0EB38426C0C9B3265FA.e.27612"}}]}]}
COMMAND: GET /session/b4821e91125fc57ae8b08a301666550d/screenshot - {}
RESULT: {"actions":[{"id":"action86","type":"wheel","parameters":{},"actions":[{"type":"scroll","x":-869,"y":-24,"deltaX":0,"deltaY":0,"duration":0,"origin":{"element-6066-11e4-a52e-4f735466cecf":"f.0C7D383FA3E737A876F1AD61BD78151D.d.DB252279E343E0EB38426C0C9B3265FA.e.27612"}}]}]}
COMMAND: DELETE /session/b4821e91125fc57ae8b08a301666550d/actions - {}
COMMAND: GET /session/b4821e91125fc57ae8b08a301666550d/screenshot - {}
RESULT: {}
RESULT: {}
COMMAND: GET /session/b4821e91125fc57ae8b08a301666550d/screenshot - {}
RESULT: {}
RESULT: {}
COMMAND: POST /session/b4821e91125fc57ae8b08a301666550d/element/f.0C7D383FA3E737A876F1AD61BD78151D.d.DB252279E343E0EB38426C0C9B3265FA.e.27612/click - {}
RESULT: {}
COMMAND: GET /session/b4821e91125fc57ae8b08a301666550d/screenshot - {}
RESULT: {}
RESULT: undefined
COMMAND: POST /session/b4821e91125fc57ae8b08a301666550d/execute/async - {"script":"<script> [776 bytes]","args":[{"enterText":"4000360","selector":{"controlType":"sap.m.SearchField","properties":{"placeholder":"Search"},"searchOpenDialogs":true,"interaction":{"idSuffix":"I"}},"clearTextFirst":true,"interactionType":"ENTER_TEXT"}]}
RESULT: {"script":"<script> [776 bytes]","args":[{"enterText":"4000360","selector":{"controlType":"sap.m.SearchField","properties":{"placeholder":"Search"},"searchOpenDialogs":true,"interaction":{"idSuffix":"I"}},"clearTextFirst":true,"interactionType":"ENTER_TEXT"}]}
COMMAND: POST /session/b4821e91125fc57ae8b08a301666550d/actions - {"actions":[{"id":"action87","type":"key","parameters":{},"actions":[{"type":"keyDown","value":"î€‡"},{"type":"pause","duration":10},{"type":"keyUp","value":"î€‡"}]}]}
RESULT: {"actions":[{"id":"action87","type":"key","parameters":{},"actions":[{"type":"keyDown","value":"î€‡"},{"type":"pause","duration":10},{"type":"keyUp","value":"î€‡"}]}]}
COMMAND: GET /session/b4821e91125fc57ae8b08a301666550d/screenshot - {}
RESULT: {}
COMMAND: POST /session/b4821e91125fc57ae8b08a301666550d/element - {"using":"xpath","value":"//td/div/span[contains(text(), \"BGL Vehicles\")]"}
RESULT: {"using":"xpath","value":"//td/div/span[contains(text(), \"BGL Vehicles\")]"}
COMMAND: POST /session/b4821e91125fc57ae8b08a301666550d/element/f.0C7D383FA3E737A876F1AD61BD78151D.d.DB252279E343E0EB38426C0C9B3265FA.e.27632/click - {}
RESULT: {}
COMMAND: GET /session/b4821e91125fc57ae8b08a301666550d/screenshot - {}
RESULT: {}
COMMAND: POST /session/b4821e91125fc57ae8b08a301666550d/element - {"using":"xpath","value":"//bdi[contains(text(), \"OK\")]"}
RESULT: {"using":"xpath","value":"//bdi[contains(text(), \"OK\")]"}
COMMAND: POST /session/b4821e91125fc57ae8b08a301666550d/element/f.0C7D383FA3E737A876F1AD61BD78151D.d.DB252279E343E0EB38426C0C9B3265FA.e.27633/click - {}
RESULT: {}
COMMAND: GET /session/b4821e91125fc57ae8b08a301666550d/screenshot - {}
RESULT: {}
COMMAND: POST /session/b4821e91125fc57ae8b08a301666550d/execute/async - {"script":"<script> [1562 bytes]","args":[{"selector":{"id":"application-manageresources-display-component---newResourceUnit--newRRUPage-anchBar-application-manageresources-display-component---newResourceUnit--resource-anchor","interaction":{"idSuffix":"BDI-content"}},"wdio_ui5_key":"applicationmanageresources-display-component---newResourceUnit--newRRUPage-anchBar-application-manageresources-display-component---newResourceUnit--resource-anchor"}]}
RESULT: {"script":"<script> [1562 bytes]","args":[{"selector":{"id":"application-manageresources-display-component---newResourceUnit--newRRUPage-anchBar-application-manageresources-display-component---newResourceUnit--resource-anchor","interaction":{"idSuffix":"BDI-content"}},"wdio_ui5_key":"applicationmanageresources-display-component---newResourceUnit--newRRUPage-anchBar-application-manageresources-display-component---newResourceUnit--resource-anchor"}]}
RESULT: undefined
COMMAND: POST /session/b4821e91125fc57ae8b08a301666550d/element - {"using":"xpath","value":"//*[@id=\"application-manageresources-display-component---newResourceUnit--newRRUPage-anchBar-application-manageresources-display-component---newResourceUnit--resource-anchor\"]"}
RESULT: {"using":"xpath","value":"//*[@id=\"application-manageresources-display-component---newResourceUnit--newRRUPage-anchBar-application-manageresources-display-component---newResourceUnit--resource-anchor\"]"}
COMMAND: POST /session/b4821e91125fc57ae8b08a301666550d/element/f.0C7D383FA3E737A876F1AD61BD78151D.d.DB252279E343E0EB38426C0C9B3265FA.e.27637/click - {}
RESULT: {}
COMMAND: POST /session/b4821e91125fc57ae8b08a301666550d/execute/async - {"script":"<script> [1562 bytes]","args":[{"selector":{"id":"application-manageresources-display-component---newResourceUnit--PLANNED_DELIVERY_DATE","interaction":{"idSuffix":"inner"}},"wdio_ui5_key":"applicationmanageresources-display-component---newResourceUnit--PLANNED_DELIVERY_DATE"}]}
COMMAND: GET /session/b4821e91125fc57ae8b08a301666550d/screenshot - {}
RESULT: {"script":"<script> [1562 bytes]","args":[{"selector":{"id":"application-manageresources-display-component---newResourceUnit--PLANNED_DELIVERY_DATE","interaction":{"idSuffix":"inner"}},"wdio_ui5_key":"applicationmanageresources-display-component---newResourceUnit--PLANNED_DELIVERY_DATE"}]}
RESULT: undefined
COMMAND: POST /session/b4821e91125fc57ae8b08a301666550d/execute/async - {"script":"<script> [6424 bytes]","args":[{"element-6066-11e4-a52e-4f735466cecf":"f.0C7D383FA3E737A876F1AD61BD78151D.d.DB252279E343E0EB38426C0C9B3265FA.e.27502"},"setValue",["5/19/25"]]}
RESULT: {}
RESULT: {"script":"<script> [6424 bytes]","args":[{"element-6066-11e4-a52e-4f735466cecf":"f.0C7D383FA3E737A876F1AD61BD78151D.d.DB252279E343E0EB38426C0C9B3265FA.e.27502"},"setValue",["5/19/25"]]}
COMMAND: POST /session/b4821e91125fc57ae8b08a301666550d/element - {"using":"xpath","value":"//label[contains(@class, 'sapMLabelRequired') and .//bdi[contains(text(), 'Planned Retirement')]]"}
RESULT: {"using":"xpath","value":"//label[contains(@class, 'sapMLabelRequired') and .//bdi[contains(text(), 'Planned Retirement')]]"}
COMMAND: POST /session/b4821e91125fc57ae8b08a301666550d/elements - {"using":"xpath","value":"//label[contains(@class, 'sapMLabelRequired') and .//bdi[contains(text(), 'Planned Retirement')]]"}
RESULT: {"using":"xpath","value":"//label[contains(@class, 'sapMLabelRequired') and .//bdi[contains(text(), 'Planned Retirement')]]"}
COMMAND: POST /session/b4821e91125fc57ae8b08a301666550d/element - {"using":"xpath","value":"//button[@data-kt=\"resourceUnitSaveButton\"]"}
RESULT: {"using":"xpath","value":"//button[@data-kt=\"resourceUnitSaveButton\"]"}
COMMAND: POST /session/b4821e91125fc57ae8b08a301666550d/element/f.0C7D383FA3E737A876F1AD61BD78151D.d.DB252279E343E0EB38426C0C9B3265FA.e.27463/click - {}
RESULT: {}
COMMAND: GET /session/b4821e91125fc57ae8b08a301666550d/screenshot - {}
RESULT: {}
COMMAND: POST /session/b4821e91125fc57ae8b08a301666550d/element - {"using":"xpath","value":"//bdi[contains(text(), \"Close\")]"}
RESULT: {"using":"xpath","value":"//bdi[contains(text(), \"Close\")]"}
COMMAND: POST /session/b4821e91125fc57ae8b08a301666550d/element/f.0C7D383FA3E737A876F1AD61BD78151D.d.DB252279E343E0EB38426C0C9B3265FA.e.27645/click - {}
RESULT: {}
COMMAND: GET /session/b4821e91125fc57ae8b08a301666550d/screenshot - {}
RESULT: {}
COMMAND: POST /session/b4821e91125fc57ae8b08a301666550d/element - {"using":"xpath","value":"(//button[contains(@id ,\"actionsToolbar-overflowButton\")])[1]"}
RESULT: {"using":"xpath","value":"(//button[contains(@id ,\"actionsToolbar-overflowButton\")])[1]"}
COMMAND: POST /session/b4821e91125fc57ae8b08a301666550d/element/f.0C7D383FA3E737A876F1AD61BD78151D.d.DB252279E343E0EB38426C0C9B3265FA.e.27704/click - {}
RESULT: {}
COMMAND: GET /session/b4821e91125fc57ae8b08a301666550d/screenshot - {}
RESULT: {}
COMMAND: POST /session/b4821e91125fc57ae8b08a301666550d/element - {"using":"xpath","value":"//button[@data-kt=\"priceInfoButton\"]"}
RESULT: {"using":"xpath","value":"//button[@data-kt=\"priceInfoButton\"]"}
COMMAND: POST /session/b4821e91125fc57ae8b08a301666550d/element/f.0C7D383FA3E737A876F1AD61BD78151D.d.DB252279E343E0EB38426C0C9B3265FA.e.27706/click - {}
RESULT: {}
COMMAND: GET /session/b4821e91125fc57ae8b08a301666550d/screenshot - {}
RESULT: {}
COMMAND: POST /session/b4821e91125fc57ae8b08a301666550d/element - {"using":"css selector","value":"#shell-header-logo"}
RESULT: {"using":"css selector","value":"#shell-header-logo"}
COMMAND: POST /session/b4821e91125fc57ae8b08a301666550d/element/f.0C7D383FA3E737A876F1AD61BD78151D.d.DB252279E343E0EB38426C0C9B3265FA.e.27050/click - {}
RESULT: {}
COMMAND: GET /session/b4821e91125fc57ae8b08a301666550d/screenshot - {}
RESULT: {}
]]></system-out>
    </testcase>
    <testcase classname="chrome.136_0_7103_93.windows.Transfer_Yard_to_Yard_US131076" name="Prereq Should create a new equipment multipart" time="119.168">
      <system-out><![CDATA[
RESULT: undefined
COMMAND: POST /session/b4821e91125fc57ae8b08a301666550d/element - {"using":"xpath","value":"//*[@id=\"__tile31\"]"}
RESULT: {"using":"xpath","value":"//*[@id=\"__tile31\"]"}
COMMAND: POST /session/b4821e91125fc57ae8b08a301666550d/element/f.0C7D383FA3E737A876F1AD61BD78151D.d.DB252279E343E0EB38426C0C9B3265FA.e.26174/click - {}
RESULT: {}
COMMAND: GET /session/b4821e91125fc57ae8b08a301666550d/screenshot - {}
RESULT: {}
COMMAND: POST /session/b4821e91125fc57ae8b08a301666550d/elements - {"using":"xpath","value":"//span[text()='Error']"}
RESULT: {"using":"xpath","value":"//span[text()='Error']"}
COMMAND: POST /session/b4821e91125fc57ae8b08a301666550d/element - {"using":"xpath","value":"//button[@data-kt=\"addNewRUOverflowToolbarButton\"]"}
RESULT: {"using":"xpath","value":"//button[@data-kt=\"addNewRUOverflowToolbarButton\"]"}
COMMAND: POST /session/b4821e91125fc57ae8b08a301666550d/elements - {"using":"xpath","value":"//button[@data-kt=\"addNewRUOverflowToolbarButton\"]"}
RESULT: {"using":"xpath","value":"//button[@data-kt=\"addNewRUOverflowToolbarButton\"]"}
COMMAND: POST /session/b4821e91125fc57ae8b08a301666550d/execute/sync - {"script":"<script> [8489 bytes]","args":[{"element-6066-11e4-a52e-4f735466cecf":"f.0C7D383FA3E737A876F1AD61BD78151D.d.DB252279E343E0EB38426C0C9B3265FA.e.27784","ELEMENT":"f.0C7D383FA3E737A876F1AD61BD78151D.d.DB252279E343E0EB38426C0C9B3265FA.e.27784"}]}
RESULT: {"script":"<script> [8489 bytes]","args":[{"element-6066-11e4-a52e-4f735466cecf":"f.0C7D383FA3E737A876F1AD61BD78151D.d.DB252279E343E0EB38426C0C9B3265FA.e.27784","ELEMENT":"f.0C7D383FA3E737A876F1AD61BD78151D.d.DB252279E343E0EB38426C0C9B3265FA.e.27784"}]}
COMMAND: GET /session/b4821e91125fc57ae8b08a301666550d/element/f.0C7D383FA3E737A876F1AD61BD78151D.d.DB252279E343E0EB38426C0C9B3265FA.e.27784/enabled - {}
COMMAND: GET /session/b4821e91125fc57ae8b08a301666550d/screenshot - {}
RESULT: {}
COMMAND: POST /session/b4821e91125fc57ae8b08a301666550d/execute/sync - {"script":"<script> [8489 bytes]","args":[{"element-6066-11e4-a52e-4f735466cecf":"f.0C7D383FA3E737A876F1AD61BD78151D.d.DB252279E343E0EB38426C0C9B3265FA.e.27784","ELEMENT":"f.0C7D383FA3E737A876F1AD61BD78151D.d.DB252279E343E0EB38426C0C9B3265FA.e.27784"}]}
COMMAND: GET /session/b4821e91125fc57ae8b08a301666550d/screenshot - {}
RESULT: {}
RESULT: {"script":"<script> [8489 bytes]","args":[{"element-6066-11e4-a52e-4f735466cecf":"f.0C7D383FA3E737A876F1AD61BD78151D.d.DB252279E343E0EB38426C0C9B3265FA.e.27784","ELEMENT":"f.0C7D383FA3E737A876F1AD61BD78151D.d.DB252279E343E0EB38426C0C9B3265FA.e.27784"}]}
COMMAND: POST /session/b4821e91125fc57ae8b08a301666550d/execute/sync - {"script":"<script> [5351 bytes]","args":[{"element-6066-11e4-a52e-4f735466cecf":"f.0C7D383FA3E737A876F1AD61BD78151D.d.DB252279E343E0EB38426C0C9B3265FA.e.27784","ELEMENT":"f.0C7D383FA3E737A876F1AD61BD78151D.d.DB252279E343E0EB38426C0C9B3265FA.e.27784"}]}
COMMAND: GET /session/b4821e91125fc57ae8b08a301666550d/screenshot - {}
RESULT: {}
RESULT: {"script":"<script> [5351 bytes]","args":[{"element-6066-11e4-a52e-4f735466cecf":"f.0C7D383FA3E737A876F1AD61BD78151D.d.DB252279E343E0EB38426C0C9B3265FA.e.27784","ELEMENT":"f.0C7D383FA3E737A876F1AD61BD78151D.d.DB252279E343E0EB38426C0C9B3265FA.e.27784"}]}
COMMAND: POST /session/b4821e91125fc57ae8b08a301666550d/element/f.0C7D383FA3E737A876F1AD61BD78151D.d.DB252279E343E0EB38426C0C9B3265FA.e.27784/click - {}
COMMAND: GET /session/b4821e91125fc57ae8b08a301666550d/screenshot - {}
RESULT: {}
RESULT: {}
COMMAND: GET /session/b4821e91125fc57ae8b08a301666550d/screenshot - {}
RESULT: undefined
COMMAND: POST /session/b4821e91125fc57ae8b08a301666550d/element - {"using":"xpath","value":"//*[@id=\"application-manageresources-display-component---newResourceUnit--TYPE-arrow\"]"}
RESULT: {}
RESULT: {}
RESULT: {"using":"xpath","value":"//*[@id=\"application-manageresources-display-component---newResourceUnit--TYPE-arrow\"]"}
COMMAND: POST /session/b4821e91125fc57ae8b08a301666550d/element/f.0C7D383FA3E737A876F1AD61BD78151D.d.DB252279E343E0EB38426C0C9B3265FA.e.28141/click - {}
RESULT: {}
COMMAND: POST /session/b4821e91125fc57ae8b08a301666550d/element - {"using":"xpath","value":"//input[@id=\"application-manageresources-display-component---newResourceUnit--TYPE-inner\"]"}
COMMAND: GET /session/b4821e91125fc57ae8b08a301666550d/screenshot - {}
RESULT: {"using":"xpath","value":"//input[@id=\"application-manageresources-display-component---newResourceUnit--TYPE-inner\"]"}
COMMAND: POST /session/b4821e91125fc57ae8b08a301666550d/element/f.0C7D383FA3E737A876F1AD61BD78151D.d.DB252279E343E0EB38426C0C9B3265FA.e.28120/clear - {}
RESULT: {}
RESULT: {}
COMMAND: POST /session/b4821e91125fc57ae8b08a301666550d/element/f.0C7D383FA3E737A876F1AD61BD78151D.d.DB252279E343E0EB38426C0C9B3265FA.e.28120/value - {"text":"Equi Multipart"}
COMMAND: GET /session/b4821e91125fc57ae8b08a301666550d/screenshot - {}
RESULT: {"text":"Equi Multipart"}
COMMAND: GET /session/b4821e91125fc57ae8b08a301666550d/screenshot - {}
RESULT: {}
RESULT: {}
COMMAND: POST /session/b4821e91125fc57ae8b08a301666550d/actions - {"actions":[{"id":"action88","type":"key","parameters":{},"actions":[{"type":"keyDown","value":"î€‡"},{"type":"pause","duration":10},{"type":"keyUp","value":"î€‡"}]}]}
RESULT: {"actions":[{"id":"action88","type":"key","parameters":{},"actions":[{"type":"keyDown","value":"î€‡"},{"type":"pause","duration":10},{"type":"keyUp","value":"î€‡"}]}]}
RESULT: undefined
COMMAND: POST /session/b4821e91125fc57ae8b08a301666550d/execute/async - {"script":"<script> [776 bytes]","args":[{"enterText":"Equipment Multipart WDIO","selector":{"id":"application-manageresources-display-component---newResourceUnit--SHORT_TEXT","interaction":{"idSuffix":"inner"}},"clearTextFirst":true,"interactionType":"ENTER_TEXT"}]}
COMMAND: GET /session/b4821e91125fc57ae8b08a301666550d/screenshot - {}
RESULT: {"script":"<script> [776 bytes]","args":[{"enterText":"Equipment Multipart WDIO","selector":{"id":"application-manageresources-display-component---newResourceUnit--SHORT_TEXT","interaction":{"idSuffix":"inner"}},"clearTextFirst":true,"interactionType":"ENTER_TEXT"}]}
RESULT: undefined
COMMAND: POST /session/b4821e91125fc57ae8b08a301666550d/execute/async - {"script":"<script> [776 bytes]","args":[{"enterText":"Piece","selector":{"id":"application-manageresources-display-component---newResourceUnit--BASE_UNIT_OF_MEASURE","interaction":{"idSuffix":"inner"}},"clearTextFirst":true,"interactionType":"ENTER_TEXT"}]}
RESULT: {}
RESULT: {"script":"<script> [776 bytes]","args":[{"enterText":"Piece","selector":{"id":"application-manageresources-display-component---newResourceUnit--BASE_UNIT_OF_MEASURE","interaction":{"idSuffix":"inner"}},"clearTextFirst":true,"interactionType":"ENTER_TEXT"}]}
RESULT: undefined
COMMAND: POST /session/b4821e91125fc57ae8b08a301666550d/execute/async - {"script":"<script> [776 bytes]","args":[{"enterText":"Gram","selector":{"id":"application-manageresources-display-component---newResourceUnit--WEIGHT_UNIT","interaction":{"idSuffix":"inner"}},"clearTextFirst":true,"interactionType":"ENTER_TEXT"}]}
RESULT: {"script":"<script> [776 bytes]","args":[{"enterText":"Gram","selector":{"id":"application-manageresources-display-component---newResourceUnit--WEIGHT_UNIT","interaction":{"idSuffix":"inner"}},"clearTextFirst":true,"interactionType":"ENTER_TEXT"}]}
RESULT: undefined
COMMAND: POST /session/b4821e91125fc57ae8b08a301666550d/execute/async - {"script":"<script> [776 bytes]","args":[{"enterText":"Meter","selector":{"id":"application-manageresources-display-component---newResourceUnit--DIMENSION_UNIT","interaction":{"idSuffix":"inner"}},"clearTextFirst":true,"interactionType":"ENTER_TEXT"}]}
RESULT: {"script":"<script> [776 bytes]","args":[{"enterText":"Meter","selector":{"id":"application-manageresources-display-component---newResourceUnit--DIMENSION_UNIT","interaction":{"idSuffix":"inner"}},"clearTextFirst":true,"interactionType":"ENTER_TEXT"}]}
RESULT: undefined
COMMAND: POST /session/b4821e91125fc57ae8b08a301666550d/element - {"using":"xpath","value":"//*[@id=\"application-manageresources-display-component---newResourceUnit--newRRUPage-anchBar-application-manageresources-display-component---newResourceUnit--control-anchor\"]"}
RESULT: {"using":"xpath","value":"//*[@id=\"application-manageresources-display-component---newResourceUnit--newRRUPage-anchBar-application-manageresources-display-component---newResourceUnit--control-anchor\"]"}
COMMAND: POST /session/b4821e91125fc57ae8b08a301666550d/element/f.0C7D383FA3E737A876F1AD61BD78151D.d.DB252279E343E0EB38426C0C9B3265FA.e.28203/click - {}
RESULT: {}
RESULT: undefined
COMMAND: POST /session/b4821e91125fc57ae8b08a301666550d/execute/async - {"script":"<script> [776 bytes]","args":[{"enterText":"Heavy Equi","selector":{"id":"application-manageresources-display-component---newResourceUnit--PLANNING_GROUP","interaction":{"idSuffix":"inner"}},"clearTextFirst":true,"interactionType":"ENTER_TEXT"}]}
COMMAND: GET /session/b4821e91125fc57ae8b08a301666550d/screenshot - {}
RESULT: {"script":"<script> [776 bytes]","args":[{"enterText":"Heavy Equi","selector":{"id":"application-manageresources-display-component---newResourceUnit--PLANNING_GROUP","interaction":{"idSuffix":"inner"}},"clearTextFirst":true,"interactionType":"ENTER_TEXT"}]}
RESULT: {}
COMMAND: POST /session/b4821e91125fc57ae8b08a301666550d/execute/async - {"script":"<script> [1562 bytes]","args":[{"selector":{"id":"application-manageresources-display-component---newResourceUnit--PLANNING_INDICATOR","interaction":{"idSuffix":"inner"}},"wdio_ui5_key":"applicationmanageresources-display-component---newResourceUnit--PLANNING_INDICATOR"}]}
RESULT: {"script":"<script> [1562 bytes]","args":[{"selector":{"id":"application-manageresources-display-component---newResourceUnit--PLANNING_INDICATOR","interaction":{"idSuffix":"inner"}},"wdio_ui5_key":"applicationmanageresources-display-component---newResourceUnit--PLANNING_INDICATOR"}]}
RESULT: undefined
COMMAND: POST /session/b4821e91125fc57ae8b08a301666550d/execute/async - {"script":"<script> [776 bytes]","args":[{"enterText":"10 - infinite","selector":{"id":"application-manageresources-display-component---newResourceUnit--PLANNING_INDICATOR","interaction":{"idSuffix":"inner"}},"clearTextFirst":true,"interactionType":"ENTER_TEXT"}]}
RESULT: {"script":"<script> [776 bytes]","args":[{"enterText":"10 - infinite","selector":{"id":"application-manageresources-display-component---newResourceUnit--PLANNING_INDICATOR","interaction":{"idSuffix":"inner"}},"clearTextFirst":true,"interactionType":"ENTER_TEXT"}]}
RESULT: undefined
COMMAND: POST /session/b4821e91125fc57ae8b08a301666550d/element - {"using":"xpath","value":"//*[@id=\"application-manageresources-display-component---newResourceUnit--ITEM_TYPE-arrow\"]"}
RESULT: {"using":"xpath","value":"//*[@id=\"application-manageresources-display-component---newResourceUnit--ITEM_TYPE-arrow\"]"}
COMMAND: POST /session/b4821e91125fc57ae8b08a301666550d/element/f.0C7D383FA3E737A876F1AD61BD78151D.d.DB252279E343E0EB38426C0C9B3265FA.e.28210/click - {}
RESULT: {}
COMMAND: GET /session/b4821e91125fc57ae8b08a301666550d/screenshot - {}
RESULT: {}
COMMAND: POST /session/b4821e91125fc57ae8b08a301666550d/execute/async - {"script":"<script> [1562 bytes]","args":[{"selector":{"controlType":"sap.m.StandardListItem","viewName":"reusables.view.manageresources.NewResourceUnit","viewId":"application-manageresources-display-component---newResourceUnit","properties":{"title":"Pool Equipment"},"searchOpenDialogs":true,"interaction":{"idSuffix":"content"}},"wdio_ui5_key":"reusablesview.manageresources.NewResourceUnitsap.m.StandardListItem{\"title\":\"Pool Equipment\"}"}]}
RESULT: {"script":"<script> [1562 bytes]","args":[{"selector":{"controlType":"sap.m.StandardListItem","viewName":"reusables.view.manageresources.NewResourceUnit","viewId":"application-manageresources-display-component---newResourceUnit","properties":{"title":"Pool Equipment"},"searchOpenDialogs":true,"interaction":{"idSuffix":"content"}},"wdio_ui5_key":"reusablesview.manageresources.NewResourceUnitsap.m.StandardListItem{\"title\":\"Pool Equipment\"}"}]}
RESULT: undefined
COMMAND: POST /session/b4821e91125fc57ae8b08a301666550d/element - {"using":"xpath","value":"//*[@id=\"__item1293\"]"}
RESULT: {"using":"xpath","value":"//*[@id=\"__item1293\"]"}
COMMAND: POST /session/b4821e91125fc57ae8b08a301666550d/element/f.0C7D383FA3E737A876F1AD61BD78151D.d.DB252279E343E0EB38426C0C9B3265FA.e.28212/click - {}
RESULT: {}
COMMAND: GET /session/b4821e91125fc57ae8b08a301666550d/screenshot - {}
RESULT: {}
COMMAND: POST /session/b4821e91125fc57ae8b08a301666550d/element - {"using":"css selector","value":"#application-manageresources-display-component---newResourceUnit--btnAddTimeSegment"}
RESULT: {"using":"css selector","value":"#application-manageresources-display-component---newResourceUnit--btnAddTimeSegment"}
COMMAND: GET /session/b4821e91125fc57ae8b08a301666550d/element/f.0C7D383FA3E737A876F1AD61BD78151D.d.DB252279E343E0EB38426C0C9B3265FA.e.28213/rect - {}
RESULT: {}
COMMAND: GET /session/b4821e91125fc57ae8b08a301666550d/window/rect - {}
RESULT: {}
COMMAND: POST /session/b4821e91125fc57ae8b08a301666550d/execute/sync - {"script":"<script> [92 bytes]","args":[]}
RESULT: {"script":"<script> [92 bytes]","args":[]}
COMMAND: POST /session/b4821e91125fc57ae8b08a301666550d/actions - {"actions":[{"id":"action89","type":"wheel","parameters":{},"actions":[{"type":"scroll","x":-1888,"y":-32,"deltaX":0,"deltaY":0,"duration":0,"origin":{"element-6066-11e4-a52e-4f735466cecf":"f.0C7D383FA3E737A876F1AD61BD78151D.d.DB252279E343E0EB38426C0C9B3265FA.e.28213"}}]}]}
COMMAND: GET /session/b4821e91125fc57ae8b08a301666550d/screenshot - {}
RESULT: {}
COMMAND: POST /session/b4821e91125fc57ae8b08a301666550d/execute/sync - {"script":"<script> [79 bytes]","args":[{"element-6066-11e4-a52e-4f735466cecf":"f.0C7D383FA3E737A876F1AD61BD78151D.d.DB252279E343E0EB38426C0C9B3265FA.e.28213","ELEMENT":"f.0C7D383FA3E737A876F1AD61BD78151D.d.DB252279E343E0EB38426C0C9B3265FA.e.28213"},{"block":"start","inline":"nearest"}]}
RESULT: {"script":"<script> [79 bytes]","args":[{"element-6066-11e4-a52e-4f735466cecf":"f.0C7D383FA3E737A876F1AD61BD78151D.d.DB252279E343E0EB38426C0C9B3265FA.e.28213","ELEMENT":"f.0C7D383FA3E737A876F1AD61BD78151D.d.DB252279E343E0EB38426C0C9B3265FA.e.28213"},{"block":"start","inline":"nearest"}]}
RESULT: undefined
COMMAND: POST /session/b4821e91125fc57ae8b08a301666550d/element - {"using":"xpath","value":"//*[@id=\"application-manageresources-display-component---newResourceUnit--btnAddTimeSegment\"]"}
COMMAND: GET /session/b4821e91125fc57ae8b08a301666550d/screenshot - {}
RESULT: {"using":"xpath","value":"//*[@id=\"application-manageresources-display-component---newResourceUnit--btnAddTimeSegment\"]"}
COMMAND: POST /session/b4821e91125fc57ae8b08a301666550d/element/f.0C7D383FA3E737A876F1AD61BD78151D.d.DB252279E343E0EB38426C0C9B3265FA.e.28213/click - {}
RESULT: {}
RESULT: {}
COMMAND: GET /session/b4821e91125fc57ae8b08a301666550d/screenshot - {}
RESULT: {}
COMMAND: POST /session/b4821e91125fc57ae8b08a301666550d/element - {"using":"xpath","value":"//input[@id=\"application-manageresources-display-component---newResourceUnit--idRuTSAdmin-application-manageresources-display-component---newResourceUnit--RUTimeSegment-0-inner\"]"}
RESULT: {"using":"xpath","value":"//input[@id=\"application-manageresources-display-component---newResourceUnit--idRuTSAdmin-application-manageresources-display-component---newResourceUnit--RUTimeSegment-0-inner\"]"}
COMMAND: POST /session/b4821e91125fc57ae8b08a301666550d/element/f.0C7D383FA3E737A876F1AD61BD78151D.d.DB252279E343E0EB38426C0C9B3265FA.e.28218/clear - {}
RESULT: {}
COMMAND: POST /session/b4821e91125fc57ae8b08a301666550d/element/f.0C7D383FA3E737A876F1AD61BD78151D.d.DB252279E343E0EB38426C0C9B3265FA.e.28218/value - {"text":"542"}
COMMAND: GET /session/b4821e91125fc57ae8b08a301666550d/screenshot - {}
RESULT: {"text":"542"}
COMMAND: GET /session/b4821e91125fc57ae8b08a301666550d/screenshot - {}
RESULT: {}
RESULT: {}
COMMAND: POST /session/b4821e91125fc57ae8b08a301666550d/element - {"using":"xpath","value":"//li[.//span[text()='542']]"}
RESULT: {"using":"xpath","value":"//li[.//span[text()='542']]"}
COMMAND: POST /session/b4821e91125fc57ae8b08a301666550d/element/f.0C7D383FA3E737A876F1AD61BD78151D.d.DB252279E343E0EB38426C0C9B3265FA.e.28232/click - {}
RESULT: {}
COMMAND: GET /session/b4821e91125fc57ae8b08a301666550d/screenshot - {}
RESULT: {}
COMMAND: POST /session/b4821e91125fc57ae8b08a301666550d/element - {"using":"xpath","value":"(//span[contains(@id, \"-application-manageresources-display-component---newResourceUnit--RUTimeSegment-0-arrow\")])[5]"}
RESULT: {"using":"xpath","value":"(//span[contains(@id, \"-application-manageresources-display-component---newResourceUnit--RUTimeSegment-0-arrow\")])[5]"}
COMMAND: POST /session/b4821e91125fc57ae8b08a301666550d/element/f.0C7D383FA3E737A876F1AD61BD78151D.d.DB252279E343E0EB38426C0C9B3265FA.e.28233/click - {}
RESULT: {}
COMMAND: GET /session/b4821e91125fc57ae8b08a301666550d/screenshot - {}
RESULT: {}
COMMAND: POST /session/b4821e91125fc57ae8b08a301666550d/element - {"using":"xpath","value":"//span[contains(text(), \"PM Order\")]"}
RESULT: {"using":"xpath","value":"//span[contains(text(), \"PM Order\")]"}
COMMAND: POST /session/b4821e91125fc57ae8b08a301666550d/element/f.0C7D383FA3E737A876F1AD61BD78151D.d.DB252279E343E0EB38426C0C9B3265FA.e.28234/click - {}
RESULT: {}
COMMAND: GET /session/b4821e91125fc57ae8b08a301666550d/screenshot - {}
RESULT: {}
COMMAND: POST /session/b4821e91125fc57ae8b08a301666550d/element - {"using":"xpath","value":"(//span[contains(@id ,\"manageresources-display-component---newResourceUnit--RUTimeSegment-0-vhi\")])[1]"}
RESULT: {"using":"xpath","value":"(//span[contains(@id ,\"manageresources-display-component---newResourceUnit--RUTimeSegment-0-vhi\")])[1]"}
COMMAND: GET /session/b4821e91125fc57ae8b08a301666550d/element/f.0C7D383FA3E737A876F1AD61BD78151D.d.DB252279E343E0EB38426C0C9B3265FA.e.28238/rect - {}
RESULT: {}
COMMAND: GET /session/b4821e91125fc57ae8b08a301666550d/window/rect - {}
RESULT: {}
COMMAND: POST /session/b4821e91125fc57ae8b08a301666550d/execute/sync - {"script":"<script> [92 bytes]","args":[]}
RESULT: {"script":"<script> [92 bytes]","args":[]}
COMMAND: POST /session/b4821e91125fc57ae8b08a301666550d/actions - {"actions":[{"id":"action90","type":"wheel","parameters":{},"actions":[{"type":"scroll","x":-1888,"y":-24,"deltaX":0,"deltaY":0,"duration":0,"origin":{"element-6066-11e4-a52e-4f735466cecf":"f.0C7D383FA3E737A876F1AD61BD78151D.d.DB252279E343E0EB38426C0C9B3265FA.e.28238"}}]}]}
COMMAND: GET /session/b4821e91125fc57ae8b08a301666550d/screenshot - {}
RESULT: {}
COMMAND: POST /session/b4821e91125fc57ae8b08a301666550d/execute/sync - {"script":"<script> [79 bytes]","args":[{"element-6066-11e4-a52e-4f735466cecf":"f.0C7D383FA3E737A876F1AD61BD78151D.d.DB252279E343E0EB38426C0C9B3265FA.e.28238","ELEMENT":"f.0C7D383FA3E737A876F1AD61BD78151D.d.DB252279E343E0EB38426C0C9B3265FA.e.28238"},{"block":"start","inline":"nearest"}]}
RESULT: {"script":"<script> [79 bytes]","args":[{"element-6066-11e4-a52e-4f735466cecf":"f.0C7D383FA3E737A876F1AD61BD78151D.d.DB252279E343E0EB38426C0C9B3265FA.e.28238","ELEMENT":"f.0C7D383FA3E737A876F1AD61BD78151D.d.DB252279E343E0EB38426C0C9B3265FA.e.28238"},{"block":"start","inline":"nearest"}]}
COMMAND: GET /session/b4821e91125fc57ae8b08a301666550d/screenshot - {}
RESULT: {}
COMMAND: POST /session/b4821e91125fc57ae8b08a301666550d/element/f.0C7D383FA3E737A876F1AD61BD78151D.d.DB252279E343E0EB38426C0C9B3265FA.e.28238/click - {}
RESULT: {}
COMMAND: GET /session/b4821e91125fc57ae8b08a301666550d/screenshot - {}
RESULT: {}
RESULT: undefined
COMMAND: POST /session/b4821e91125fc57ae8b08a301666550d/execute/async - {"script":"<script> [776 bytes]","args":[{"enterText":"4000360","selector":{"controlType":"sap.m.SearchField","properties":{"placeholder":"Search"},"searchOpenDialogs":true,"interaction":{"idSuffix":"I"}},"clearTextFirst":true,"interactionType":"ENTER_TEXT"}]}
RESULT: {"script":"<script> [776 bytes]","args":[{"enterText":"4000360","selector":{"controlType":"sap.m.SearchField","properties":{"placeholder":"Search"},"searchOpenDialogs":true,"interaction":{"idSuffix":"I"}},"clearTextFirst":true,"interactionType":"ENTER_TEXT"}]}
COMMAND: POST /session/b4821e91125fc57ae8b08a301666550d/actions - {"actions":[{"id":"action91","type":"key","parameters":{},"actions":[{"type":"keyDown","value":"î€‡"},{"type":"pause","duration":10},{"type":"keyUp","value":"î€‡"}]}]}
RESULT: {"actions":[{"id":"action91","type":"key","parameters":{},"actions":[{"type":"keyDown","value":"î€‡"},{"type":"pause","duration":10},{"type":"keyUp","value":"î€‡"}]}]}
COMMAND: GET /session/b4821e91125fc57ae8b08a301666550d/screenshot - {}
RESULT: {}
COMMAND: POST /session/b4821e91125fc57ae8b08a301666550d/element - {"using":"xpath","value":"//td/div/span[contains(text(), \"BGL Vehicles\")]"}
RESULT: {"using":"xpath","value":"//td/div/span[contains(text(), \"BGL Vehicles\")]"}
COMMAND: POST /session/b4821e91125fc57ae8b08a301666550d/element/f.0C7D383FA3E737A876F1AD61BD78151D.d.DB252279E343E0EB38426C0C9B3265FA.e.28258/click - {}
RESULT: {}
COMMAND: GET /session/b4821e91125fc57ae8b08a301666550d/screenshot - {}
RESULT: {}
COMMAND: POST /session/b4821e91125fc57ae8b08a301666550d/element - {"using":"xpath","value":"//bdi[contains(text(), \"OK\")]"}
RESULT: {"using":"xpath","value":"//bdi[contains(text(), \"OK\")]"}
COMMAND: POST /session/b4821e91125fc57ae8b08a301666550d/element/f.0C7D383FA3E737A876F1AD61BD78151D.d.DB252279E343E0EB38426C0C9B3265FA.e.28259/click - {}
RESULT: {}
COMMAND: GET /session/b4821e91125fc57ae8b08a301666550d/screenshot - {}
RESULT: {}
COMMAND: POST /session/b4821e91125fc57ae8b08a301666550d/element - {"using":"xpath","value":"//label[contains(@class, 'sapMLabelRequired') and .//bdi[contains(text(), 'Planned Retirement')]]"}
RESULT: {"using":"xpath","value":"//label[contains(@class, 'sapMLabelRequired') and .//bdi[contains(text(), 'Planned Retirement')]]"}
COMMAND: POST /session/b4821e91125fc57ae8b08a301666550d/elements - {"using":"xpath","value":"//label[contains(@class, 'sapMLabelRequired') and .//bdi[contains(text(), 'Planned Retirement')]]"}
RESULT: {"using":"xpath","value":"//label[contains(@class, 'sapMLabelRequired') and .//bdi[contains(text(), 'Planned Retirement')]]"}
COMMAND: POST /session/b4821e91125fc57ae8b08a301666550d/element - {"using":"xpath","value":"//button[@data-kt=\"resourceUnitSaveButton\"]"}
RESULT: {"using":"xpath","value":"//button[@data-kt=\"resourceUnitSaveButton\"]"}
COMMAND: POST /session/b4821e91125fc57ae8b08a301666550d/element/f.0C7D383FA3E737A876F1AD61BD78151D.d.DB252279E343E0EB38426C0C9B3265FA.e.28157/click - {}
RESULT: {}
COMMAND: GET /session/b4821e91125fc57ae8b08a301666550d/screenshot - {}
RESULT: {}
COMMAND: POST /session/b4821e91125fc57ae8b08a301666550d/element - {"using":"xpath","value":"//bdi[contains(text(), \"Close\")]"}
RESULT: {"using":"xpath","value":"//bdi[contains(text(), \"Close\")]"}
COMMAND: POST /session/b4821e91125fc57ae8b08a301666550d/element/f.0C7D383FA3E737A876F1AD61BD78151D.d.DB252279E343E0EB38426C0C9B3265FA.e.28265/click - {}
RESULT: {}
COMMAND: GET /session/b4821e91125fc57ae8b08a301666550d/screenshot - {}
RESULT: {}
COMMAND: POST /session/b4821e91125fc57ae8b08a301666550d/element - {"using":"xpath","value":"//header[contains(@id, 'detailRruPage-headerTitle')]/div[1]/div[2]/div[2]/span[1]"}
RESULT: {"using":"xpath","value":"//header[contains(@id, 'detailRruPage-headerTitle')]/div[1]/div[2]/div[2]/span[1]"}
COMMAND: POST /session/b4821e91125fc57ae8b08a301666550d/elements - {"using":"xpath","value":"//header[contains(@id, 'detailRruPage-headerTitle')]/div[1]/div[2]/div[2]/span[1]"}
RESULT: {"using":"xpath","value":"//header[contains(@id, 'detailRruPage-headerTitle')]/div[1]/div[2]/div[2]/span[1]"}
COMMAND: POST /session/b4821e91125fc57ae8b08a301666550d/execute/sync - {"script":"<script> [56 bytes]","args":[{"element-6066-11e4-a52e-4f735466cecf":"f.0C7D383FA3E737A876F1AD61BD78151D.d.DB252279E343E0EB38426C0C9B3265FA.e.28296","ELEMENT":"f.0C7D383FA3E737A876F1AD61BD78151D.d.DB252279E343E0EB38426C0C9B3265FA.e.28296"}]}
RESULT: {"script":"<script> [56 bytes]","args":[{"element-6066-11e4-a52e-4f735466cecf":"f.0C7D383FA3E737A876F1AD61BD78151D.d.DB252279E343E0EB38426C0C9B3265FA.e.28296","ELEMENT":"f.0C7D383FA3E737A876F1AD61BD78151D.d.DB252279E343E0EB38426C0C9B3265FA.e.28296"}]}
COMMAND: POST /session/b4821e91125fc57ae8b08a301666550d/element - {"using":"css selector","value":"#shell-header-logo"}
COMMAND: GET /session/b4821e91125fc57ae8b08a301666550d/screenshot - {}
RESULT: {"using":"css selector","value":"#shell-header-logo"}
COMMAND: POST /session/b4821e91125fc57ae8b08a301666550d/element/f.0C7D383FA3E737A876F1AD61BD78151D.d.DB252279E343E0EB38426C0C9B3265FA.e.27744/click - {}
RESULT: {}
RESULT: {}
COMMAND: GET /session/b4821e91125fc57ae8b08a301666550d/screenshot - {}
RESULT: {}
]]></system-out>
    </testcase>
  </testsuite>
</testsuites>