<?xml version="1.0" encoding="UTF-8"?>
<testsuites tests="6" failures="0" errors="0" skipped="0">
  <testsuite timestamp="2025-05-04T16:31:22" time="1176.006" tests="6" failures="0" errors="0" skipped="0">
    <properties>
      <property name="specId" value="0" />
      <property name="suiteName" value="RU Inventory Mass State Change Multiple Items US151066" />
      <property name="capabilities" value="chrome.135_0_7049_96.windows" />
      <property name="file" value="file:///D:/a/1/s/test/specs/HTR/ru-inv-list-mass-state-change.spec.js" />
    </properties>
    <testcase classname="chrome.135_0_7049_96.windows.RU_Inventory_Mass_State_Change_Multiple_Items_US151066" name="Step 1 Should do a RU inventory mass state change on chosen yard 109 with the resources available one equipment multipart one tool pool" time="318.055">
      <system-out><![CDATA[
COMMAND: POST /session/c3f4cae206c3d63be7f787b9be2a6a7b/execute/async - {"script":"<script> [1562 bytes]","args":[{"selector":{"controlType":"sap.m.GenericTile","properties":{"header":"RU Inventory List"}},"wdio_ui5_key":"sapm.GenericTile{\"header\":\"RU Inventory List\"}"}]}
RESULT: {"script":"<script> [1562 bytes]","args":[{"selector":{"controlType":"sap.m.GenericTile","properties":{"header":"RU Inventory List"}},"wdio_ui5_key":"sapm.GenericTile{\"header\":\"RU Inventory List\"}"}]}
RESULT: undefined
COMMAND: POST /session/c3f4cae206c3d63be7f787b9be2a6a7b/element - {"using":"xpath","value":"//*[@id=\"__tile99\"]"}
RESULT: {"using":"xpath","value":"//*[@id=\"__tile99\"]"}
COMMAND: POST /session/c3f4cae206c3d63be7f787b9be2a6a7b/element/f.28F387A578A7289013B97F22A2D0145A.d.B2105A32DF2212F97ED811E048EBDBC5.e.265/click - {}
RESULT: {}
COMMAND: POST /session/c3f4cae206c3d63be7f787b9be2a6a7b/element - {"using":"xpath","value":"//button[contains(@id, \"massStateBtn\")]"}
COMMAND: GET /session/c3f4cae206c3d63be7f787b9be2a6a7b/screenshot - {}
RESULT: {"using":"xpath","value":"//button[contains(@id, \"massStateBtn\")]"}
COMMAND: POST /session/c3f4cae206c3d63be7f787b9be2a6a7b/elements - {"using":"xpath","value":"//button[contains(@id, \"massStateBtn\")]"}
RESULT: {}
RESULT: {"using":"xpath","value":"//button[contains(@id, \"massStateBtn\")]"}
COMMAND: POST /session/c3f4cae206c3d63be7f787b9be2a6a7b/elements - {"using":"xpath","value":"//button[contains(@id, \"massStateBtn\")]"}
RESULT: {"using":"xpath","value":"//button[contains(@id, \"massStateBtn\")]"}
COMMAND: POST /session/c3f4cae206c3d63be7f787b9be2a6a7b/elements - {"using":"xpath","value":"//button[contains(@id, \"massStateBtn\")]"}
RESULT: {"using":"xpath","value":"//button[contains(@id, \"massStateBtn\")]"}
COMMAND: POST /session/c3f4cae206c3d63be7f787b9be2a6a7b/elements - {"using":"xpath","value":"//button[contains(@id, \"massStateBtn\")]"}
RESULT: {"using":"xpath","value":"//button[contains(@id, \"massStateBtn\")]"}
COMMAND: POST /session/c3f4cae206c3d63be7f787b9be2a6a7b/elements - {"using":"xpath","value":"//button[contains(@id, \"massStateBtn\")]"}
RESULT: {"using":"xpath","value":"//button[contains(@id, \"massStateBtn\")]"}
COMMAND: POST /session/c3f4cae206c3d63be7f787b9be2a6a7b/elements - {"using":"xpath","value":"//button[contains(@id, \"massStateBtn\")]"}
RESULT: {"using":"xpath","value":"//button[contains(@id, \"massStateBtn\")]"}
COMMAND: POST /session/c3f4cae206c3d63be7f787b9be2a6a7b/elements - {"using":"xpath","value":"//button[contains(@id, \"massStateBtn\")]"}
RESULT: {"using":"xpath","value":"//button[contains(@id, \"massStateBtn\")]"}
COMMAND: POST /session/c3f4cae206c3d63be7f787b9be2a6a7b/elements - {"using":"xpath","value":"//button[contains(@id, \"massStateBtn\")]"}
RESULT: {"using":"xpath","value":"//button[contains(@id, \"massStateBtn\")]"}
COMMAND: POST /session/c3f4cae206c3d63be7f787b9be2a6a7b/elements - {"using":"xpath","value":"//button[contains(@id, \"massStateBtn\")]"}
RESULT: {"using":"xpath","value":"//button[contains(@id, \"massStateBtn\")]"}
COMMAND: POST /session/c3f4cae206c3d63be7f787b9be2a6a7b/elements - {"using":"xpath","value":"//button[contains(@id, \"massStateBtn\")]"}
RESULT: {"using":"xpath","value":"//button[contains(@id, \"massStateBtn\")]"}
COMMAND: POST /session/c3f4cae206c3d63be7f787b9be2a6a7b/elements - {"using":"xpath","value":"//button[contains(@id, \"massStateBtn\")]"}
RESULT: {"using":"xpath","value":"//button[contains(@id, \"massStateBtn\")]"}
COMMAND: POST /session/c3f4cae206c3d63be7f787b9be2a6a7b/elements - {"using":"xpath","value":"//button[contains(@id, \"massStateBtn\")]"}
RESULT: {"using":"xpath","value":"//button[contains(@id, \"massStateBtn\")]"}
COMMAND: POST /session/c3f4cae206c3d63be7f787b9be2a6a7b/elements - {"using":"xpath","value":"//button[contains(@id, \"massStateBtn\")]"}
RESULT: {"using":"xpath","value":"//button[contains(@id, \"massStateBtn\")]"}
COMMAND: POST /session/c3f4cae206c3d63be7f787b9be2a6a7b/elements - {"using":"xpath","value":"//button[contains(@id, \"massStateBtn\")]"}
RESULT: {"using":"xpath","value":"//button[contains(@id, \"massStateBtn\")]"}
COMMAND: POST /session/c3f4cae206c3d63be7f787b9be2a6a7b/elements - {"using":"xpath","value":"//button[contains(@id, \"massStateBtn\")]"}
RESULT: {"using":"xpath","value":"//button[contains(@id, \"massStateBtn\")]"}
COMMAND: POST /session/c3f4cae206c3d63be7f787b9be2a6a7b/elements - {"using":"xpath","value":"//button[contains(@id, \"massStateBtn\")]"}
RESULT: {"using":"xpath","value":"//button[contains(@id, \"massStateBtn\")]"}
COMMAND: POST /session/c3f4cae206c3d63be7f787b9be2a6a7b/elements - {"using":"xpath","value":"//button[contains(@id, \"massStateBtn\")]"}
RESULT: {"using":"xpath","value":"//button[contains(@id, \"massStateBtn\")]"}
COMMAND: POST /session/c3f4cae206c3d63be7f787b9be2a6a7b/elements - {"using":"xpath","value":"//button[contains(@id, \"massStateBtn\")]"}
RESULT: {"using":"xpath","value":"//button[contains(@id, \"massStateBtn\")]"}
COMMAND: POST /session/c3f4cae206c3d63be7f787b9be2a6a7b/elements - {"using":"xpath","value":"//button[contains(@id, \"massStateBtn\")]"}
RESULT: {"using":"xpath","value":"//button[contains(@id, \"massStateBtn\")]"}
COMMAND: POST /session/c3f4cae206c3d63be7f787b9be2a6a7b/elements - {"using":"xpath","value":"//button[contains(@id, \"massStateBtn\")]"}
RESULT: {"using":"xpath","value":"//button[contains(@id, \"massStateBtn\")]"}
COMMAND: POST /session/c3f4cae206c3d63be7f787b9be2a6a7b/elements - {"using":"xpath","value":"//button[contains(@id, \"massStateBtn\")]"}
RESULT: {"using":"xpath","value":"//button[contains(@id, \"massStateBtn\")]"}
COMMAND: POST /session/c3f4cae206c3d63be7f787b9be2a6a7b/elements - {"using":"xpath","value":"//button[contains(@id, \"massStateBtn\")]"}
RESULT: {"using":"xpath","value":"//button[contains(@id, \"massStateBtn\")]"}
COMMAND: POST /session/c3f4cae206c3d63be7f787b9be2a6a7b/elements - {"using":"xpath","value":"//button[contains(@id, \"massStateBtn\")]"}
RESULT: {"using":"xpath","value":"//button[contains(@id, \"massStateBtn\")]"}
COMMAND: POST /session/c3f4cae206c3d63be7f787b9be2a6a7b/elements - {"using":"xpath","value":"//button[contains(@id, \"massStateBtn\")]"}
RESULT: {"using":"xpath","value":"//button[contains(@id, \"massStateBtn\")]"}
COMMAND: POST /session/c3f4cae206c3d63be7f787b9be2a6a7b/elements - {"using":"xpath","value":"//button[contains(@id, \"massStateBtn\")]"}
RESULT: {"using":"xpath","value":"//button[contains(@id, \"massStateBtn\")]"}
COMMAND: POST /session/c3f4cae206c3d63be7f787b9be2a6a7b/elements - {"using":"xpath","value":"//button[contains(@id, \"massStateBtn\")]"}
RESULT: {"using":"xpath","value":"//button[contains(@id, \"massStateBtn\")]"}
COMMAND: POST /session/c3f4cae206c3d63be7f787b9be2a6a7b/elements - {"using":"xpath","value":"//button[contains(@id, \"massStateBtn\")]"}
RESULT: {"using":"xpath","value":"//button[contains(@id, \"massStateBtn\")]"}
COMMAND: POST /session/c3f4cae206c3d63be7f787b9be2a6a7b/elements - {"using":"xpath","value":"//button[contains(@id, \"massStateBtn\")]"}
RESULT: {"using":"xpath","value":"//button[contains(@id, \"massStateBtn\")]"}
COMMAND: POST /session/c3f4cae206c3d63be7f787b9be2a6a7b/elements - {"using":"xpath","value":"//button[contains(@id, \"massStateBtn\")]"}
RESULT: {"using":"xpath","value":"//button[contains(@id, \"massStateBtn\")]"}
COMMAND: POST /session/c3f4cae206c3d63be7f787b9be2a6a7b/elements - {"using":"xpath","value":"//button[contains(@id, \"massStateBtn\")]"}
RESULT: {"using":"xpath","value":"//button[contains(@id, \"massStateBtn\")]"}
COMMAND: POST /session/c3f4cae206c3d63be7f787b9be2a6a7b/elements - {"using":"xpath","value":"//button[contains(@id, \"massStateBtn\")]"}
RESULT: {"using":"xpath","value":"//button[contains(@id, \"massStateBtn\")]"}
COMMAND: POST /session/c3f4cae206c3d63be7f787b9be2a6a7b/elements - {"using":"xpath","value":"//button[contains(@id, \"massStateBtn\")]"}
RESULT: {"using":"xpath","value":"//button[contains(@id, \"massStateBtn\")]"}
COMMAND: POST /session/c3f4cae206c3d63be7f787b9be2a6a7b/elements - {"using":"xpath","value":"//button[contains(@id, \"massStateBtn\")]"}
RESULT: {"using":"xpath","value":"//button[contains(@id, \"massStateBtn\")]"}
COMMAND: POST /session/c3f4cae206c3d63be7f787b9be2a6a7b/elements - {"using":"xpath","value":"//button[contains(@id, \"massStateBtn\")]"}
RESULT: {"using":"xpath","value":"//button[contains(@id, \"massStateBtn\")]"}
COMMAND: POST /session/c3f4cae206c3d63be7f787b9be2a6a7b/elements - {"using":"xpath","value":"//button[contains(@id, \"massStateBtn\")]"}
RESULT: {"using":"xpath","value":"//button[contains(@id, \"massStateBtn\")]"}
COMMAND: POST /session/c3f4cae206c3d63be7f787b9be2a6a7b/elements - {"using":"xpath","value":"//button[contains(@id, \"massStateBtn\")]"}
RESULT: {"using":"xpath","value":"//button[contains(@id, \"massStateBtn\")]"}
COMMAND: POST /session/c3f4cae206c3d63be7f787b9be2a6a7b/elements - {"using":"xpath","value":"//button[contains(@id, \"massStateBtn\")]"}
RESULT: {"using":"xpath","value":"//button[contains(@id, \"massStateBtn\")]"}
COMMAND: POST /session/c3f4cae206c3d63be7f787b9be2a6a7b/elements - {"using":"xpath","value":"//button[contains(@id, \"massStateBtn\")]"}
RESULT: {"using":"xpath","value":"//button[contains(@id, \"massStateBtn\")]"}
COMMAND: POST /session/c3f4cae206c3d63be7f787b9be2a6a7b/elements - {"using":"xpath","value":"//button[contains(@id, \"massStateBtn\")]"}
RESULT: {"using":"xpath","value":"//button[contains(@id, \"massStateBtn\")]"}
COMMAND: POST /session/c3f4cae206c3d63be7f787b9be2a6a7b/elements - {"using":"xpath","value":"//button[contains(@id, \"massStateBtn\")]"}
RESULT: {"using":"xpath","value":"//button[contains(@id, \"massStateBtn\")]"}
COMMAND: POST /session/c3f4cae206c3d63be7f787b9be2a6a7b/elements - {"using":"xpath","value":"//button[contains(@id, \"massStateBtn\")]"}
RESULT: {"using":"xpath","value":"//button[contains(@id, \"massStateBtn\")]"}
COMMAND: POST /session/c3f4cae206c3d63be7f787b9be2a6a7b/elements - {"using":"xpath","value":"//button[contains(@id, \"massStateBtn\")]"}
RESULT: {"using":"xpath","value":"//button[contains(@id, \"massStateBtn\")]"}
COMMAND: POST /session/c3f4cae206c3d63be7f787b9be2a6a7b/elements - {"using":"xpath","value":"//button[contains(@id, \"massStateBtn\")]"}
RESULT: {"using":"xpath","value":"//button[contains(@id, \"massStateBtn\")]"}
COMMAND: POST /session/c3f4cae206c3d63be7f787b9be2a6a7b/elements - {"using":"xpath","value":"//button[contains(@id, \"massStateBtn\")]"}
RESULT: {"using":"xpath","value":"//button[contains(@id, \"massStateBtn\")]"}
COMMAND: POST /session/c3f4cae206c3d63be7f787b9be2a6a7b/elements - {"using":"xpath","value":"//button[contains(@id, \"massStateBtn\")]"}
RESULT: {"using":"xpath","value":"//button[contains(@id, \"massStateBtn\")]"}
COMMAND: POST /session/c3f4cae206c3d63be7f787b9be2a6a7b/elements - {"using":"xpath","value":"//button[contains(@id, \"massStateBtn\")]"}
RESULT: {"using":"xpath","value":"//button[contains(@id, \"massStateBtn\")]"}
COMMAND: POST /session/c3f4cae206c3d63be7f787b9be2a6a7b/elements - {"using":"xpath","value":"//button[contains(@id, \"massStateBtn\")]"}
RESULT: {"using":"xpath","value":"//button[contains(@id, \"massStateBtn\")]"}
COMMAND: POST /session/c3f4cae206c3d63be7f787b9be2a6a7b/elements - {"using":"xpath","value":"//button[contains(@id, \"massStateBtn\")]"}
RESULT: {"using":"xpath","value":"//button[contains(@id, \"massStateBtn\")]"}
COMMAND: POST /session/c3f4cae206c3d63be7f787b9be2a6a7b/elements - {"using":"xpath","value":"//button[contains(@id, \"massStateBtn\")]"}
RESULT: {"using":"xpath","value":"//button[contains(@id, \"massStateBtn\")]"}
COMMAND: POST /session/c3f4cae206c3d63be7f787b9be2a6a7b/elements - {"using":"xpath","value":"//button[contains(@id, \"massStateBtn\")]"}
RESULT: {"using":"xpath","value":"//button[contains(@id, \"massStateBtn\")]"}
COMMAND: POST /session/c3f4cae206c3d63be7f787b9be2a6a7b/elements - {"using":"xpath","value":"//button[contains(@id, \"massStateBtn\")]"}
RESULT: {"using":"xpath","value":"//button[contains(@id, \"massStateBtn\")]"}
COMMAND: POST /session/c3f4cae206c3d63be7f787b9be2a6a7b/elements - {"using":"xpath","value":"//button[contains(@id, \"massStateBtn\")]"}
RESULT: {"using":"xpath","value":"//button[contains(@id, \"massStateBtn\")]"}
COMMAND: POST /session/c3f4cae206c3d63be7f787b9be2a6a7b/elements - {"using":"xpath","value":"//button[contains(@id, \"massStateBtn\")]"}
RESULT: {"using":"xpath","value":"//button[contains(@id, \"massStateBtn\")]"}
COMMAND: POST /session/c3f4cae206c3d63be7f787b9be2a6a7b/elements - {"using":"xpath","value":"//button[contains(@id, \"massStateBtn\")]"}
RESULT: {"using":"xpath","value":"//button[contains(@id, \"massStateBtn\")]"}
COMMAND: POST /session/c3f4cae206c3d63be7f787b9be2a6a7b/element - {"using":"xpath","value":"//button[contains(@id, \"massStateBtn\")]"}
RESULT: {"using":"xpath","value":"//button[contains(@id, \"massStateBtn\")]"}
COMMAND: POST /session/c3f4cae206c3d63be7f787b9be2a6a7b/execute/sync - {"script":"<script> [8489 bytes]","args":[{"element-6066-11e4-a52e-4f735466cecf":"f.28F387A578A7289013B97F22A2D0145A.d.B2105A32DF2212F97ED811E048EBDBC5.e.301","ELEMENT":"f.28F387A578A7289013B97F22A2D0145A.d.B2105A32DF2212F97ED811E048EBDBC5.e.301"}]}
RESULT: {"script":"<script> [8489 bytes]","args":[{"element-6066-11e4-a52e-4f735466cecf":"f.28F387A578A7289013B97F22A2D0145A.d.B2105A32DF2212F97ED811E048EBDBC5.e.301","ELEMENT":"f.28F387A578A7289013B97F22A2D0145A.d.B2105A32DF2212F97ED811E048EBDBC5.e.301"}]}
COMMAND: GET /session/c3f4cae206c3d63be7f787b9be2a6a7b/element/f.28F387A578A7289013B97F22A2D0145A.d.B2105A32DF2212F97ED811E048EBDBC5.e.301/enabled - {}
COMMAND: GET /session/c3f4cae206c3d63be7f787b9be2a6a7b/screenshot - {}
RESULT: {}
COMMAND: POST /session/c3f4cae206c3d63be7f787b9be2a6a7b/execute/sync - {"script":"<script> [8489 bytes]","args":[{"element-6066-11e4-a52e-4f735466cecf":"f.28F387A578A7289013B97F22A2D0145A.d.B2105A32DF2212F97ED811E048EBDBC5.e.301","ELEMENT":"f.28F387A578A7289013B97F22A2D0145A.d.B2105A32DF2212F97ED811E048EBDBC5.e.301"}]}
COMMAND: GET /session/c3f4cae206c3d63be7f787b9be2a6a7b/screenshot - {}
RESULT: {}
RESULT: {"script":"<script> [8489 bytes]","args":[{"element-6066-11e4-a52e-4f735466cecf":"f.28F387A578A7289013B97F22A2D0145A.d.B2105A32DF2212F97ED811E048EBDBC5.e.301","ELEMENT":"f.28F387A578A7289013B97F22A2D0145A.d.B2105A32DF2212F97ED811E048EBDBC5.e.301"}]}
COMMAND: POST /session/c3f4cae206c3d63be7f787b9be2a6a7b/execute/sync - {"script":"<script> [5351 bytes]","args":[{"element-6066-11e4-a52e-4f735466cecf":"f.28F387A578A7289013B97F22A2D0145A.d.B2105A32DF2212F97ED811E048EBDBC5.e.301","ELEMENT":"f.28F387A578A7289013B97F22A2D0145A.d.B2105A32DF2212F97ED811E048EBDBC5.e.301"}]}
COMMAND: GET /session/c3f4cae206c3d63be7f787b9be2a6a7b/screenshot - {}
RESULT: {}
RESULT: {"script":"<script> [5351 bytes]","args":[{"element-6066-11e4-a52e-4f735466cecf":"f.28F387A578A7289013B97F22A2D0145A.d.B2105A32DF2212F97ED811E048EBDBC5.e.301","ELEMENT":"f.28F387A578A7289013B97F22A2D0145A.d.B2105A32DF2212F97ED811E048EBDBC5.e.301"}]}
COMMAND: POST /session/c3f4cae206c3d63be7f787b9be2a6a7b/element/f.28F387A578A7289013B97F22A2D0145A.d.B2105A32DF2212F97ED811E048EBDBC5.e.301/click - {}
COMMAND: GET /session/c3f4cae206c3d63be7f787b9be2a6a7b/screenshot - {}
RESULT: {}
RESULT: {}
COMMAND: GET /session/c3f4cae206c3d63be7f787b9be2a6a7b/screenshot - {}
RESULT: {}
RESULT: {}
COMMAND: POST /session/c3f4cae206c3d63be7f787b9be2a6a7b/execute/async - {"script":"<script> [1562 bytes]","args":[{"selector":{"id":"application-ruinventorylist-display-component---Master--ruLocationTypeComboBox-arrow"},"wdio_ui5_key":"applicationruinventorylist-display-component---Master--ruLocationTypeComboBox-arrow"}]}
RESULT: {"script":"<script> [1562 bytes]","args":[{"selector":{"id":"application-ruinventorylist-display-component---Master--ruLocationTypeComboBox-arrow"},"wdio_ui5_key":"applicationruinventorylist-display-component---Master--ruLocationTypeComboBox-arrow"}]}
RESULT: undefined
COMMAND: POST /session/c3f4cae206c3d63be7f787b9be2a6a7b/element - {"using":"xpath","value":"//*[@id=\"application-ruinventorylist-display-component---Master--ruLocationTypeComboBox-arrow\"]"}
RESULT: {"using":"xpath","value":"//*[@id=\"application-ruinventorylist-display-component---Master--ruLocationTypeComboBox-arrow\"]"}
COMMAND: POST /session/c3f4cae206c3d63be7f787b9be2a6a7b/element/f.28F387A578A7289013B97F22A2D0145A.d.B2105A32DF2212F97ED811E048EBDBC5.e.654/click - {}
RESULT: {}
COMMAND: GET /session/c3f4cae206c3d63be7f787b9be2a6a7b/screenshot - {}
RESULT: {}
COMMAND: POST /session/c3f4cae206c3d63be7f787b9be2a6a7b/element - {"using":"xpath","value":"//li[.//span[text()='Yard']]"}
RESULT: {"using":"xpath","value":"//li[.//span[text()='Yard']]"}
COMMAND: POST /session/c3f4cae206c3d63be7f787b9be2a6a7b/element/f.28F387A578A7289013B97F22A2D0145A.d.B2105A32DF2212F97ED811E048EBDBC5.e.655/click - {}
RESULT: {}
COMMAND: GET /session/c3f4cae206c3d63be7f787b9be2a6a7b/screenshot - {}
RESULT: {}
COMMAND: POST /session/c3f4cae206c3d63be7f787b9be2a6a7b/execute/async - {"script":"<script> [1562 bytes]","args":[{"selector":{"id":"application-ruinventorylist-display-component---Master--smartFilterBar-filterItemControl_BASIC-YARD-vhi"},"wdio_ui5_key":"applicationruinventorylist-display-component---Master--smartFilterBar-filterItemControl_BASIC-YARD-vhi"}]}
RESULT: {"script":"<script> [1562 bytes]","args":[{"selector":{"id":"application-ruinventorylist-display-component---Master--smartFilterBar-filterItemControl_BASIC-YARD-vhi"},"wdio_ui5_key":"applicationruinventorylist-display-component---Master--smartFilterBar-filterItemControl_BASIC-YARD-vhi"}]}
RESULT: undefined
COMMAND: POST /session/c3f4cae206c3d63be7f787b9be2a6a7b/element - {"using":"xpath","value":"//*[@id=\"application-ruinventorylist-display-component---Master--smartFilterBar-filterItemControl_BASIC-YARD-vhi\"]"}
RESULT: {"using":"xpath","value":"//*[@id=\"application-ruinventorylist-display-component---Master--smartFilterBar-filterItemControl_BASIC-YARD-vhi\"]"}
COMMAND: POST /session/c3f4cae206c3d63be7f787b9be2a6a7b/element/f.28F387A578A7289013B97F22A2D0145A.d.B2105A32DF2212F97ED811E048EBDBC5.e.722/click - {}
RESULT: {}
COMMAND: GET /session/c3f4cae206c3d63be7f787b9be2a6a7b/screenshot - {}
RESULT: {}
COMMAND: POST /session/c3f4cae206c3d63be7f787b9be2a6a7b/execute/async - {"script":"<script> [1562 bytes]","args":[{"selector":{"id":"application-ruinventorylist-display-component---Master--smartFilterBar-filterItemControl_BASIC-YARD-valueHelpDialog-smartFilterBar-btnBasicSearch","searchOpenDialogs":true,"interaction":{"idSuffix":"I"}},"wdio_ui5_key":"applicationruinventorylist-display-component---Master--smartFilterBar-filterItemControl_BASIC-YARD-valueHelpDialog-smartFilterBar-btnBasicSearch"}]}
RESULT: {"script":"<script> [1562 bytes]","args":[{"selector":{"id":"application-ruinventorylist-display-component---Master--smartFilterBar-filterItemControl_BASIC-YARD-valueHelpDialog-smartFilterBar-btnBasicSearch","searchOpenDialogs":true,"interaction":{"idSuffix":"I"}},"wdio_ui5_key":"applicationruinventorylist-display-component---Master--smartFilterBar-filterItemControl_BASIC-YARD-valueHelpDialog-smartFilterBar-btnBasicSearch"}]}
RESULT: undefined
COMMAND: POST /session/c3f4cae206c3d63be7f787b9be2a6a7b/execute/async - {"script":"<script> [776 bytes]","args":[{"enterText":"109","selector":{"id":"application-ruinventorylist-display-component---Master--smartFilterBar-filterItemControl_BASIC-YARD-valueHelpDialog-smartFilterBar-btnBasicSearch","searchOpenDialogs":true,"interaction":{"idSuffix":"I"}},"clearTextFirst":true,"interactionType":"ENTER_TEXT"}]}
RESULT: {"script":"<script> [776 bytes]","args":[{"enterText":"109","selector":{"id":"application-ruinventorylist-display-component---Master--smartFilterBar-filterItemControl_BASIC-YARD-valueHelpDialog-smartFilterBar-btnBasicSearch","searchOpenDialogs":true,"interaction":{"idSuffix":"I"}},"clearTextFirst":true,"interactionType":"ENTER_TEXT"}]}
COMMAND: POST /session/c3f4cae206c3d63be7f787b9be2a6a7b/actions - {"actions":[{"id":"action1","type":"key","parameters":{},"actions":[{"type":"keyDown","value":"î€‡"},{"type":"pause","duration":10},{"type":"keyUp","value":"î€‡"}]}]}
RESULT: {"actions":[{"id":"action1","type":"key","parameters":{},"actions":[{"type":"keyDown","value":"î€‡"},{"type":"pause","duration":10},{"type":"keyUp","value":"î€‡"}]}]}
COMMAND: GET /session/c3f4cae206c3d63be7f787b9be2a6a7b/screenshot - {}
RESULT: {}
COMMAND: POST /session/c3f4cae206c3d63be7f787b9be2a6a7b/elements - {"using":"xpath","value":"//table[contains(@id, \"filterItemControl_BASIC-YARD-valueHelpDialog-table-table\")]/tbody/tr"}
RESULT: {"using":"xpath","value":"//table[contains(@id, \"filterItemControl_BASIC-YARD-valueHelpDialog-table-table\")]/tbody/tr"}
COMMAND: POST /session/c3f4cae206c3d63be7f787b9be2a6a7b/element - {"using":"xpath","value":"//table[contains(@id, \"filterItemControl_BASIC-YARD-valueHelpDialog-table-table\")]/tbody/tr[1]/td[1]/div/span"}
RESULT: {"using":"xpath","value":"//table[contains(@id, \"filterItemControl_BASIC-YARD-valueHelpDialog-table-table\")]/tbody/tr[1]/td[1]/div/span"}
COMMAND: POST /session/c3f4cae206c3d63be7f787b9be2a6a7b/elements - {"using":"xpath","value":"//table[contains(@id, \"filterItemControl_BASIC-YARD-valueHelpDialog-table-table\")]/tbody/tr[1]/td[1]/div/span"}
RESULT: {"using":"xpath","value":"//table[contains(@id, \"filterItemControl_BASIC-YARD-valueHelpDialog-table-table\")]/tbody/tr[1]/td[1]/div/span"}
COMMAND: POST /session/c3f4cae206c3d63be7f787b9be2a6a7b/execute/sync - {"script":"<script> [56 bytes]","args":[{"element-6066-11e4-a52e-4f735466cecf":"f.28F387A578A7289013B97F22A2D0145A.d.B2105A32DF2212F97ED811E048EBDBC5.e.744","ELEMENT":"f.28F387A578A7289013B97F22A2D0145A.d.B2105A32DF2212F97ED811E048EBDBC5.e.744"}]}
RESULT: {"script":"<script> [56 bytes]","args":[{"element-6066-11e4-a52e-4f735466cecf":"f.28F387A578A7289013B97F22A2D0145A.d.B2105A32DF2212F97ED811E048EBDBC5.e.744","ELEMENT":"f.28F387A578A7289013B97F22A2D0145A.d.B2105A32DF2212F97ED811E048EBDBC5.e.744"}]}
COMMAND: POST /session/c3f4cae206c3d63be7f787b9be2a6a7b/element - {"using":"xpath","value":"//div[contains(@id, \"filterItemControl_BASIC-YARD-valueHelpDialog-table-rowsel0\")]"}
COMMAND: GET /session/c3f4cae206c3d63be7f787b9be2a6a7b/screenshot - {}
RESULT: {"using":"xpath","value":"//div[contains(@id, \"filterItemControl_BASIC-YARD-valueHelpDialog-table-rowsel0\")]"}
COMMAND: POST /session/c3f4cae206c3d63be7f787b9be2a6a7b/element/f.28F387A578A7289013B97F22A2D0145A.d.B2105A32DF2212F97ED811E048EBDBC5.e.745/click - {}
RESULT: {}
RESULT: {}
COMMAND: GET /session/c3f4cae206c3d63be7f787b9be2a6a7b/screenshot - {}
RESULT: {}
COMMAND: POST /session/c3f4cae206c3d63be7f787b9be2a6a7b/element - {"using":"xpath","value":"//div[contains(@id, \"smartFilterBar-filterItemControl_BASIC-YARD-valueHelpDialog-smartFilterBar-btnBasicSearch-reset\")]"}
RESULT: {"using":"xpath","value":"//div[contains(@id, \"smartFilterBar-filterItemControl_BASIC-YARD-valueHelpDialog-smartFilterBar-btnBasicSearch-reset\")]"}
COMMAND: POST /session/c3f4cae206c3d63be7f787b9be2a6a7b/element/f.28F387A578A7289013B97F22A2D0145A.d.B2105A32DF2212F97ED811E048EBDBC5.e.747/click - {}
RESULT: {}
RESULT: undefined
COMMAND: POST /session/c3f4cae206c3d63be7f787b9be2a6a7b/execute/async - {"script":"<script> [776 bytes]","args":[{"enterText":"OPA5_BST01_YARD1","selector":{"id":"application-ruinventorylist-display-component---Master--smartFilterBar-filterItemControl_BASIC-YARD-valueHelpDialog-smartFilterBar-btnBasicSearch","searchOpenDialogs":true,"interaction":{"idSuffix":"I"}},"clearTextFirst":true,"interactionType":"ENTER_TEXT"}]}
COMMAND: GET /session/c3f4cae206c3d63be7f787b9be2a6a7b/screenshot - {}
RESULT: {"script":"<script> [776 bytes]","args":[{"enterText":"OPA5_BST01_YARD1","selector":{"id":"application-ruinventorylist-display-component---Master--smartFilterBar-filterItemControl_BASIC-YARD-valueHelpDialog-smartFilterBar-btnBasicSearch","searchOpenDialogs":true,"interaction":{"idSuffix":"I"}},"clearTextFirst":true,"interactionType":"ENTER_TEXT"}]}
COMMAND: POST /session/c3f4cae206c3d63be7f787b9be2a6a7b/actions - {"actions":[{"id":"action2","type":"key","parameters":{},"actions":[{"type":"keyDown","value":"î€‡"},{"type":"pause","duration":10},{"type":"keyUp","value":"î€‡"}]}]}
RESULT: {}
RESULT: {"actions":[{"id":"action2","type":"key","parameters":{},"actions":[{"type":"keyDown","value":"î€‡"},{"type":"pause","duration":10},{"type":"keyUp","value":"î€‡"}]}]}
COMMAND: GET /session/c3f4cae206c3d63be7f787b9be2a6a7b/screenshot - {}
RESULT: {}
COMMAND: POST /session/c3f4cae206c3d63be7f787b9be2a6a7b/elements - {"using":"xpath","value":"//table[contains(@id, \"filterItemControl_BASIC-YARD-valueHelpDialog-table-table\")]/tbody/tr"}
RESULT: {"using":"xpath","value":"//table[contains(@id, \"filterItemControl_BASIC-YARD-valueHelpDialog-table-table\")]/tbody/tr"}
COMMAND: POST /session/c3f4cae206c3d63be7f787b9be2a6a7b/element - {"using":"xpath","value":"//table[contains(@id, \"filterItemControl_BASIC-YARD-valueHelpDialog-table-table\")]/tbody/tr[1]/td[1]/div/span"}
RESULT: {"using":"xpath","value":"//table[contains(@id, \"filterItemControl_BASIC-YARD-valueHelpDialog-table-table\")]/tbody/tr[1]/td[1]/div/span"}
COMMAND: POST /session/c3f4cae206c3d63be7f787b9be2a6a7b/elements - {"using":"xpath","value":"//table[contains(@id, \"filterItemControl_BASIC-YARD-valueHelpDialog-table-table\")]/tbody/tr[1]/td[1]/div/span"}
RESULT: {"using":"xpath","value":"//table[contains(@id, \"filterItemControl_BASIC-YARD-valueHelpDialog-table-table\")]/tbody/tr[1]/td[1]/div/span"}
COMMAND: POST /session/c3f4cae206c3d63be7f787b9be2a6a7b/execute/sync - {"script":"<script> [56 bytes]","args":[{"element-6066-11e4-a52e-4f735466cecf":"f.28F387A578A7289013B97F22A2D0145A.d.B2105A32DF2212F97ED811E048EBDBC5.e.744","ELEMENT":"f.28F387A578A7289013B97F22A2D0145A.d.B2105A32DF2212F97ED811E048EBDBC5.e.744"}]}
RESULT: {"script":"<script> [56 bytes]","args":[{"element-6066-11e4-a52e-4f735466cecf":"f.28F387A578A7289013B97F22A2D0145A.d.B2105A32DF2212F97ED811E048EBDBC5.e.744","ELEMENT":"f.28F387A578A7289013B97F22A2D0145A.d.B2105A32DF2212F97ED811E048EBDBC5.e.744"}]}
COMMAND: POST /session/c3f4cae206c3d63be7f787b9be2a6a7b/element - {"using":"xpath","value":"//div[contains(@id, \"filterItemControl_BASIC-YARD-valueHelpDialog-table-rowsel0\")]"}
COMMAND: GET /session/c3f4cae206c3d63be7f787b9be2a6a7b/screenshot - {}
RESULT: {"using":"xpath","value":"//div[contains(@id, \"filterItemControl_BASIC-YARD-valueHelpDialog-table-rowsel0\")]"}
COMMAND: POST /session/c3f4cae206c3d63be7f787b9be2a6a7b/element/f.28F387A578A7289013B97F22A2D0145A.d.B2105A32DF2212F97ED811E048EBDBC5.e.745/click - {}
RESULT: {}
RESULT: {}
COMMAND: GET /session/c3f4cae206c3d63be7f787b9be2a6a7b/screenshot - {}
RESULT: {}
COMMAND: POST /session/c3f4cae206c3d63be7f787b9be2a6a7b/element - {"using":"xpath","value":"(//bdi[contains(text(), \"OK\")])[1]"}
RESULT: {"using":"xpath","value":"(//bdi[contains(text(), \"OK\")])[1]"}
COMMAND: POST /session/c3f4cae206c3d63be7f787b9be2a6a7b/element/f.28F387A578A7289013B97F22A2D0145A.d.B2105A32DF2212F97ED811E048EBDBC5.e.748/click - {}
RESULT: {}
COMMAND: GET /session/c3f4cae206c3d63be7f787b9be2a6a7b/screenshot - {}
RESULT: {}
COMMAND: POST /session/c3f4cae206c3d63be7f787b9be2a6a7b/element - {"using":"xpath","value":"//span[@id=\"application-ruinventorylist-display-component---Master--smartTableRuInventoryList-header-inner\"]"}
RESULT: {"using":"xpath","value":"//span[@id=\"application-ruinventorylist-display-component---Master--smartTableRuInventoryList-header-inner\"]"}
COMMAND: POST /session/c3f4cae206c3d63be7f787b9be2a6a7b/elements - {"using":"xpath","value":"//span[@id=\"application-ruinventorylist-display-component---Master--smartTableRuInventoryList-header-inner\"]"}
RESULT: {"using":"xpath","value":"//span[@id=\"application-ruinventorylist-display-component---Master--smartTableRuInventoryList-header-inner\"]"}
COMMAND: POST /session/c3f4cae206c3d63be7f787b9be2a6a7b/execute/sync - {"script":"<script> [56 bytes]","args":[{"element-6066-11e4-a52e-4f735466cecf":"f.28F387A578A7289013B97F22A2D0145A.d.B2105A32DF2212F97ED811E048EBDBC5.e.900","ELEMENT":"f.28F387A578A7289013B97F22A2D0145A.d.B2105A32DF2212F97ED811E048EBDBC5.e.900"}]}
RESULT: {"script":"<script> [56 bytes]","args":[{"element-6066-11e4-a52e-4f735466cecf":"f.28F387A578A7289013B97F22A2D0145A.d.B2105A32DF2212F97ED811E048EBDBC5.e.900","ELEMENT":"f.28F387A578A7289013B97F22A2D0145A.d.B2105A32DF2212F97ED811E048EBDBC5.e.900"}]}
COMMAND: POST /session/c3f4cae206c3d63be7f787b9be2a6a7b/execute/async - {"script":"<script> [1562 bytes]","args":[{"selector":{"id":"application-ruinventorylist-display-component---Master--smartFilterBar-btnBasicSearch","interaction":{"idSuffix":"I"}},"wdio_ui5_key":"applicationruinventorylist-display-component---Master--smartFilterBar-btnBasicSearch"}]}
COMMAND: GET /session/c3f4cae206c3d63be7f787b9be2a6a7b/screenshot - {}
RESULT: {"script":"<script> [1562 bytes]","args":[{"selector":{"id":"application-ruinventorylist-display-component---Master--smartFilterBar-btnBasicSearch","interaction":{"idSuffix":"I"}},"wdio_ui5_key":"applicationruinventorylist-display-component---Master--smartFilterBar-btnBasicSearch"}]}
RESULT: undefined
COMMAND: POST /session/c3f4cae206c3d63be7f787b9be2a6a7b/execute/async - {"script":"<script> [776 bytes]","args":[{"enterText":"600002","selector":{"id":"application-ruinventorylist-display-component---Master--smartFilterBar-btnBasicSearch","interaction":{"idSuffix":"I"}},"clearTextFirst":true,"interactionType":"ENTER_TEXT"}]}
RESULT: {}
RESULT: {"script":"<script> [776 bytes]","args":[{"enterText":"600002","selector":{"id":"application-ruinventorylist-display-component---Master--smartFilterBar-btnBasicSearch","interaction":{"idSuffix":"I"}},"clearTextFirst":true,"interactionType":"ENTER_TEXT"}]}
COMMAND: POST /session/c3f4cae206c3d63be7f787b9be2a6a7b/actions - {"actions":[{"id":"action3","type":"key","parameters":{},"actions":[{"type":"keyDown","value":"î€‡"},{"type":"pause","duration":10},{"type":"keyUp","value":"î€‡"}]}]}
RESULT: {"actions":[{"id":"action3","type":"key","parameters":{},"actions":[{"type":"keyDown","value":"î€‡"},{"type":"pause","duration":10},{"type":"keyUp","value":"î€‡"}]}]}
COMMAND: GET /session/c3f4cae206c3d63be7f787b9be2a6a7b/screenshot - {}
RESULT: {}
COMMAND: POST /session/c3f4cae206c3d63be7f787b9be2a6a7b/element - {"using":"xpath","value":"//span[@id=\"application-ruinventorylist-display-component---Master--smartTableRuInventoryList-header-inner\"]"}
RESULT: {"using":"xpath","value":"//span[@id=\"application-ruinventorylist-display-component---Master--smartTableRuInventoryList-header-inner\"]"}
COMMAND: POST /session/c3f4cae206c3d63be7f787b9be2a6a7b/elements - {"using":"xpath","value":"//span[@id=\"application-ruinventorylist-display-component---Master--smartTableRuInventoryList-header-inner\"]"}
RESULT: {"using":"xpath","value":"//span[@id=\"application-ruinventorylist-display-component---Master--smartTableRuInventoryList-header-inner\"]"}
COMMAND: POST /session/c3f4cae206c3d63be7f787b9be2a6a7b/execute/sync - {"script":"<script> [56 bytes]","args":[{"element-6066-11e4-a52e-4f735466cecf":"f.28F387A578A7289013B97F22A2D0145A.d.B2105A32DF2212F97ED811E048EBDBC5.e.900","ELEMENT":"f.28F387A578A7289013B97F22A2D0145A.d.B2105A32DF2212F97ED811E048EBDBC5.e.900"}]}
RESULT: {"script":"<script> [56 bytes]","args":[{"element-6066-11e4-a52e-4f735466cecf":"f.28F387A578A7289013B97F22A2D0145A.d.B2105A32DF2212F97ED811E048EBDBC5.e.900","ELEMENT":"f.28F387A578A7289013B97F22A2D0145A.d.B2105A32DF2212F97ED811E048EBDBC5.e.900"}]}
COMMAND: POST /session/c3f4cae206c3d63be7f787b9be2a6a7b/element - {"using":"xpath","value":"//table[contains(@id, \"application-ruinventorylist-display-component---Master--tableRuInventoryList-listUl\")]/tbody/tr[1]/td[2]/div/div"}
COMMAND: GET /session/c3f4cae206c3d63be7f787b9be2a6a7b/screenshot - {}
RESULT: {"using":"xpath","value":"//table[contains(@id, \"application-ruinventorylist-display-component---Master--tableRuInventoryList-listUl\")]/tbody/tr[1]/td[2]/div/div"}
COMMAND: POST /session/c3f4cae206c3d63be7f787b9be2a6a7b/element/f.28F387A578A7289013B97F22A2D0145A.d.B2105A32DF2212F97ED811E048EBDBC5.e.907/click - {}
RESULT: {}
RESULT: {}
COMMAND: GET /session/c3f4cae206c3d63be7f787b9be2a6a7b/screenshot - {}
RESULT: {}
COMMAND: POST /session/c3f4cae206c3d63be7f787b9be2a6a7b/element - {"using":"xpath","value":"//div[contains(@id, \"smartFilterBar-btnBasicSearch-reset\")]"}
RESULT: {"using":"xpath","value":"//div[contains(@id, \"smartFilterBar-btnBasicSearch-reset\")]"}
COMMAND: POST /session/c3f4cae206c3d63be7f787b9be2a6a7b/element/f.28F387A578A7289013B97F22A2D0145A.d.B2105A32DF2212F97ED811E048EBDBC5.e.917/click - {}
RESULT: {}
COMMAND: GET /session/c3f4cae206c3d63be7f787b9be2a6a7b/screenshot - {}
RESULT: {}
RESULT: undefined
COMMAND: POST /session/c3f4cae206c3d63be7f787b9be2a6a7b/execute/async - {"script":"<script> [776 bytes]","args":[{"enterText":"401002","selector":{"id":"application-ruinventorylist-display-component---Master--smartFilterBar-btnBasicSearch","interaction":{"idSuffix":"I"}},"clearTextFirst":true,"interactionType":"ENTER_TEXT"}]}
RESULT: {"script":"<script> [776 bytes]","args":[{"enterText":"401002","selector":{"id":"application-ruinventorylist-display-component---Master--smartFilterBar-btnBasicSearch","interaction":{"idSuffix":"I"}},"clearTextFirst":true,"interactionType":"ENTER_TEXT"}]}
COMMAND: POST /session/c3f4cae206c3d63be7f787b9be2a6a7b/actions - {"actions":[{"id":"action4","type":"key","parameters":{},"actions":[{"type":"keyDown","value":"î€‡"},{"type":"pause","duration":10},{"type":"keyUp","value":"î€‡"}]}]}
RESULT: {"actions":[{"id":"action4","type":"key","parameters":{},"actions":[{"type":"keyDown","value":"î€‡"},{"type":"pause","duration":10},{"type":"keyUp","value":"î€‡"}]}]}
COMMAND: GET /session/c3f4cae206c3d63be7f787b9be2a6a7b/screenshot - {}
RESULT: {}
COMMAND: POST /session/c3f4cae206c3d63be7f787b9be2a6a7b/element - {"using":"xpath","value":"//span[@id=\"application-ruinventorylist-display-component---Master--smartTableRuInventoryList-header-inner\"]"}
RESULT: {"using":"xpath","value":"//span[@id=\"application-ruinventorylist-display-component---Master--smartTableRuInventoryList-header-inner\"]"}
COMMAND: POST /session/c3f4cae206c3d63be7f787b9be2a6a7b/elements - {"using":"xpath","value":"//span[@id=\"application-ruinventorylist-display-component---Master--smartTableRuInventoryList-header-inner\"]"}
RESULT: {"using":"xpath","value":"//span[@id=\"application-ruinventorylist-display-component---Master--smartTableRuInventoryList-header-inner\"]"}
COMMAND: POST /session/c3f4cae206c3d63be7f787b9be2a6a7b/execute/sync - {"script":"<script> [56 bytes]","args":[{"element-6066-11e4-a52e-4f735466cecf":"f.28F387A578A7289013B97F22A2D0145A.d.B2105A32DF2212F97ED811E048EBDBC5.e.900","ELEMENT":"f.28F387A578A7289013B97F22A2D0145A.d.B2105A32DF2212F97ED811E048EBDBC5.e.900"}]}
RESULT: {"script":"<script> [56 bytes]","args":[{"element-6066-11e4-a52e-4f735466cecf":"f.28F387A578A7289013B97F22A2D0145A.d.B2105A32DF2212F97ED811E048EBDBC5.e.900","ELEMENT":"f.28F387A578A7289013B97F22A2D0145A.d.B2105A32DF2212F97ED811E048EBDBC5.e.900"}]}
COMMAND: POST /session/c3f4cae206c3d63be7f787b9be2a6a7b/element - {"using":"xpath","value":"//table[contains(@id, \"application-ruinventorylist-display-component---Master--tableRuInventoryList-listUl\")]/tbody/tr[1]/td[2]/div/div"}
COMMAND: GET /session/c3f4cae206c3d63be7f787b9be2a6a7b/screenshot - {}
RESULT: {"using":"xpath","value":"//table[contains(@id, \"application-ruinventorylist-display-component---Master--tableRuInventoryList-listUl\")]/tbody/tr[1]/td[2]/div/div"}
COMMAND: POST /session/c3f4cae206c3d63be7f787b9be2a6a7b/element/f.28F387A578A7289013B97F22A2D0145A.d.B2105A32DF2212F97ED811E048EBDBC5.e.1083/click - {}
RESULT: {}
RESULT: {}
COMMAND: GET /session/c3f4cae206c3d63be7f787b9be2a6a7b/screenshot - {}
RESULT: {}
COMMAND: POST /session/c3f4cae206c3d63be7f787b9be2a6a7b/element - {"using":"xpath","value":"//div[contains(@id, \"smartFilterBar-btnBasicSearch-reset\")]"}
RESULT: {"using":"xpath","value":"//div[contains(@id, \"smartFilterBar-btnBasicSearch-reset\")]"}
COMMAND: POST /session/c3f4cae206c3d63be7f787b9be2a6a7b/element/f.28F387A578A7289013B97F22A2D0145A.d.B2105A32DF2212F97ED811E048EBDBC5.e.917/click - {}
RESULT: {}
COMMAND: GET /session/c3f4cae206c3d63be7f787b9be2a6a7b/screenshot - {}
RESULT: {}
COMMAND: POST /session/c3f4cae206c3d63be7f787b9be2a6a7b/element/f.28F387A578A7289013B97F22A2D0145A.d.B2105A32DF2212F97ED811E048EBDBC5.e.301/click - {}
RESULT: {}
COMMAND: GET /session/c3f4cae206c3d63be7f787b9be2a6a7b/screenshot - {}
RESULT: {}
COMMAND: POST /session/c3f4cae206c3d63be7f787b9be2a6a7b/execute/async - {"script":"<script> [1562 bytes]","args":[{"selector":{"controlType":"sap.m.Title","viewName":"etm.portal.ui.ruinventorylist.view.Master","viewId":"application-ruinventorylist-display-component---Master","properties":{"text":"Mass State Change"},"searchOpenDialogs":true},"wdio_ui5_key":"etmportal.ui.ruinventorylist.view.Mastersap.m.Title{\"text\":\"Mass State Change\"}"}]}
RESULT: {"script":"<script> [1562 bytes]","args":[{"selector":{"controlType":"sap.m.Title","viewName":"etm.portal.ui.ruinventorylist.view.Master","viewId":"application-ruinventorylist-display-component---Master","properties":{"text":"Mass State Change"},"searchOpenDialogs":true},"wdio_ui5_key":"etmportal.ui.ruinventorylist.view.Mastersap.m.Title{\"text\":\"Mass State Change\"}"}]}
RESULT: undefined
COMMAND: POST /session/c3f4cae206c3d63be7f787b9be2a6a7b/execute/async - {"script":"<script> [6424 bytes]","args":[{"element-6066-11e4-a52e-4f735466cecf":"f.28F387A578A7289013B97F22A2D0145A.d.B2105A32DF2212F97ED811E048EBDBC5.e.1272"},"getText",[]]}
RESULT: {"script":"<script> [6424 bytes]","args":[{"element-6066-11e4-a52e-4f735466cecf":"f.28F387A578A7289013B97F22A2D0145A.d.B2105A32DF2212F97ED811E048EBDBC5.e.1272"},"getText",[]]}
COMMAND: POST /session/c3f4cae206c3d63be7f787b9be2a6a7b/element - {"using":"xpath","value":"(//bdi[contains(text(), \"OK\")])[1]"}
RESULT: {"using":"xpath","value":"(//bdi[contains(text(), \"OK\")])[1]"}
COMMAND: POST /session/c3f4cae206c3d63be7f787b9be2a6a7b/element/f.28F387A578A7289013B97F22A2D0145A.d.B2105A32DF2212F97ED811E048EBDBC5.e.1273/click - {}
RESULT: {}
COMMAND: GET /session/c3f4cae206c3d63be7f787b9be2a6a7b/screenshot - {}
RESULT: {}
COMMAND: POST /session/c3f4cae206c3d63be7f787b9be2a6a7b/element - {"using":"css selector","value":"div.sapMMessageBoxError"}
RESULT: {"using":"css selector","value":"div.sapMMessageBoxError"}
COMMAND: POST /session/c3f4cae206c3d63be7f787b9be2a6a7b/elements - {"using":"css selector","value":"div.sapMMessageBoxError"}
RESULT: {"using":"css selector","value":"div.sapMMessageBoxError"}
COMMAND: POST /session/c3f4cae206c3d63be7f787b9be2a6a7b/element - {"using":"xpath","value":"(//bdi[contains(text(), \"Close\")])[1]"}
RESULT: {"using":"xpath","value":"(//bdi[contains(text(), \"Close\")])[1]"}
COMMAND: POST /session/c3f4cae206c3d63be7f787b9be2a6a7b/element/f.28F387A578A7289013B97F22A2D0145A.d.B2105A32DF2212F97ED811E048EBDBC5.e.1278/click - {}
RESULT: {}
COMMAND: GET /session/c3f4cae206c3d63be7f787b9be2a6a7b/screenshot - {}
RESULT: {}
COMMAND: POST /session/c3f4cae206c3d63be7f787b9be2a6a7b/execute/async - {"script":"<script> [1562 bytes]","args":[{"selector":{"id":"application-ruinventorylist-display-component---Master--ruStateTypes-arrow","searchOpenDialogs":true},"wdio_ui5_key":"applicationruinventorylist-display-component---Master--ruStateTypes-arrow"}]}
RESULT: {"script":"<script> [1562 bytes]","args":[{"selector":{"id":"application-ruinventorylist-display-component---Master--ruStateTypes-arrow","searchOpenDialogs":true},"wdio_ui5_key":"applicationruinventorylist-display-component---Master--ruStateTypes-arrow"}]}
RESULT: undefined
COMMAND: POST /session/c3f4cae206c3d63be7f787b9be2a6a7b/element - {"using":"xpath","value":"//*[@id=\"application-ruinventorylist-display-component---Master--ruStateTypes-arrow\"]"}
RESULT: {"using":"xpath","value":"//*[@id=\"application-ruinventorylist-display-component---Master--ruStateTypes-arrow\"]"}
COMMAND: POST /session/c3f4cae206c3d63be7f787b9be2a6a7b/element/f.28F387A578A7289013B97F22A2D0145A.d.B2105A32DF2212F97ED811E048EBDBC5.e.1279/click - {}
RESULT: {}
COMMAND: GET /session/c3f4cae206c3d63be7f787b9be2a6a7b/screenshot - {}
RESULT: {}
COMMAND: POST /session/c3f4cae206c3d63be7f787b9be2a6a7b/element - {"using":"xpath","value":"//li[.//span[text()=\"defect\"]]"}
RESULT: {"using":"xpath","value":"//li[.//span[text()=\"defect\"]]"}
COMMAND: POST /session/c3f4cae206c3d63be7f787b9be2a6a7b/element/f.28F387A578A7289013B97F22A2D0145A.d.B2105A32DF2212F97ED811E048EBDBC5.e.1280/click - {}
RESULT: {}
COMMAND: GET /session/c3f4cae206c3d63be7f787b9be2a6a7b/screenshot - {}
RESULT: {}
COMMAND: POST /session/c3f4cae206c3d63be7f787b9be2a6a7b/element - {"using":"xpath","value":"(//span[@data-kt=\"trashMassStateChangeIcon\"])[1]"}
RESULT: {"using":"xpath","value":"(//span[@data-kt=\"trashMassStateChangeIcon\"])[1]"}
COMMAND: POST /session/c3f4cae206c3d63be7f787b9be2a6a7b/element/f.28F387A578A7289013B97F22A2D0145A.d.B2105A32DF2212F97ED811E048EBDBC5.e.1281/click - {}
RESULT: {}
COMMAND: GET /session/c3f4cae206c3d63be7f787b9be2a6a7b/screenshot - {}
RESULT: {}
COMMAND: POST /session/c3f4cae206c3d63be7f787b9be2a6a7b/element - {"using":"xpath","value":"//table[contains(@id, \"massStateChangeTable-listUl\")]/tbody/tr[1]/td[11]/div/div/div/input"}
RESULT: {"using":"xpath","value":"//table[contains(@id, \"massStateChangeTable-listUl\")]/tbody/tr[1]/td[11]/div/div/div/input"}
COMMAND: GET /session/c3f4cae206c3d63be7f787b9be2a6a7b/element/f.28F387A578A7289013B97F22A2D0145A.d.B2105A32DF2212F97ED811E048EBDBC5.e.1265/property/value - {}
RESULT: {}
COMMAND: POST /session/c3f4cae206c3d63be7f787b9be2a6a7b/element - {"using":"xpath","value":"(//span[@data-kt=\"trashMassStateChangeIcon\"])[2]"}
COMMAND: GET /session/c3f4cae206c3d63be7f787b9be2a6a7b/screenshot - {}
RESULT: {"using":"xpath","value":"(//span[@data-kt=\"trashMassStateChangeIcon\"])[2]"}
COMMAND: POST /session/c3f4cae206c3d63be7f787b9be2a6a7b/element/f.28F387A578A7289013B97F22A2D0145A.d.B2105A32DF2212F97ED811E048EBDBC5.e.1283/click - {}
RESULT: {}
RESULT: {}
COMMAND: GET /session/c3f4cae206c3d63be7f787b9be2a6a7b/screenshot - {}
RESULT: {}
COMMAND: POST /session/c3f4cae206c3d63be7f787b9be2a6a7b/element - {"using":"xpath","value":"//table[contains(@id, \"massStateChangeTable-listUl\")]/tbody/tr[2]/td[11]/div/div/div/input"}
RESULT: {"using":"xpath","value":"//table[contains(@id, \"massStateChangeTable-listUl\")]/tbody/tr[2]/td[11]/div/div/div/input"}
COMMAND: GET /session/c3f4cae206c3d63be7f787b9be2a6a7b/element/f.28F387A578A7289013B97F22A2D0145A.d.B2105A32DF2212F97ED811E048EBDBC5.e.1269/property/value - {}
RESULT: {}
COMMAND: POST /session/c3f4cae206c3d63be7f787b9be2a6a7b/element - {"using":"xpath","value":"//table[contains(@id, \"massStateChangeTable-listUl\")]/tbody/tr[1]/td[10]/div/span/span[1]"}
COMMAND: GET /session/c3f4cae206c3d63be7f787b9be2a6a7b/screenshot - {}
RESULT: {"using":"xpath","value":"//table[contains(@id, \"massStateChangeTable-listUl\")]/tbody/tr[1]/td[10]/div/span/span[1]"}
COMMAND: POST /session/c3f4cae206c3d63be7f787b9be2a6a7b/execute/sync - {"script":"<script> [56 bytes]","args":[{"element-6066-11e4-a52e-4f735466cecf":"f.28F387A578A7289013B97F22A2D0145A.d.B2105A32DF2212F97ED811E048EBDBC5.e.1285","ELEMENT":"f.28F387A578A7289013B97F22A2D0145A.d.B2105A32DF2212F97ED811E048EBDBC5.e.1285"}]}
RESULT: {}
RESULT: {"script":"<script> [56 bytes]","args":[{"element-6066-11e4-a52e-4f735466cecf":"f.28F387A578A7289013B97F22A2D0145A.d.B2105A32DF2212F97ED811E048EBDBC5.e.1285","ELEMENT":"f.28F387A578A7289013B97F22A2D0145A.d.B2105A32DF2212F97ED811E048EBDBC5.e.1285"}]}
COMMAND: POST /session/c3f4cae206c3d63be7f787b9be2a6a7b/element - {"using":"xpath","value":"//table[contains(@id, \"massStateChangeTable-listUl\")]/tbody/tr[1]/td[11]/div/div/div/div[2]/span"}
COMMAND: GET /session/c3f4cae206c3d63be7f787b9be2a6a7b/screenshot - {}
RESULT: {"using":"xpath","value":"//table[contains(@id, \"massStateChangeTable-listUl\")]/tbody/tr[1]/td[11]/div/div/div/div[2]/span"}
COMMAND: POST /session/c3f4cae206c3d63be7f787b9be2a6a7b/element/f.28F387A578A7289013B97F22A2D0145A.d.B2105A32DF2212F97ED811E048EBDBC5.e.1286/click - {}
RESULT: {}
RESULT: {}
COMMAND: GET /session/c3f4cae206c3d63be7f787b9be2a6a7b/screenshot - {}
RESULT: {}
COMMAND: POST /session/c3f4cae206c3d63be7f787b9be2a6a7b/element - {"using":"xpath","value":"//table[contains(@id, \"massStateChangeTable-listUl\")]/tbody/tr[1]/td[11]/div/div/div/div[2]/span"}
RESULT: {"using":"xpath","value":"//table[contains(@id, \"massStateChangeTable-listUl\")]/tbody/tr[1]/td[11]/div/div/div/div[2]/span"}
COMMAND: POST /session/c3f4cae206c3d63be7f787b9be2a6a7b/element/f.28F387A578A7289013B97F22A2D0145A.d.B2105A32DF2212F97ED811E048EBDBC5.e.1286/click - {}
RESULT: {}
COMMAND: GET /session/c3f4cae206c3d63be7f787b9be2a6a7b/screenshot - {}
RESULT: {}
COMMAND: POST /session/c3f4cae206c3d63be7f787b9be2a6a7b/element - {"using":"xpath","value":"//table[contains(@id, \"massStateChangeTable-listUl\")]/tbody/tr[1]/td[11]/div/div/div/div[2]/span"}
RESULT: {"using":"xpath","value":"//table[contains(@id, \"massStateChangeTable-listUl\")]/tbody/tr[1]/td[11]/div/div/div/div[2]/span"}
COMMAND: POST /session/c3f4cae206c3d63be7f787b9be2a6a7b/element/f.28F387A578A7289013B97F22A2D0145A.d.B2105A32DF2212F97ED811E048EBDBC5.e.1286/click - {}
RESULT: {}
COMMAND: GET /session/c3f4cae206c3d63be7f787b9be2a6a7b/screenshot - {}
RESULT: {}
COMMAND: POST /session/c3f4cae206c3d63be7f787b9be2a6a7b/element - {"using":"xpath","value":"//table[contains(@id, \"massStateChangeTable-listUl\")]/tbody/tr[1]/td[11]/div/div/div/div[2]/span"}
RESULT: {"using":"xpath","value":"//table[contains(@id, \"massStateChangeTable-listUl\")]/tbody/tr[1]/td[11]/div/div/div/div[2]/span"}
COMMAND: POST /session/c3f4cae206c3d63be7f787b9be2a6a7b/element/f.28F387A578A7289013B97F22A2D0145A.d.B2105A32DF2212F97ED811E048EBDBC5.e.1286/click - {}
RESULT: {}
COMMAND: GET /session/c3f4cae206c3d63be7f787b9be2a6a7b/screenshot - {}
RESULT: {}
COMMAND: POST /session/c3f4cae206c3d63be7f787b9be2a6a7b/element - {"using":"xpath","value":"//table[contains(@id, \"massStateChangeTable-listUl\")]/tbody/tr[1]/td[11]/div/div/div/div[2]/span"}
RESULT: {"using":"xpath","value":"//table[contains(@id, \"massStateChangeTable-listUl\")]/tbody/tr[1]/td[11]/div/div/div/div[2]/span"}
COMMAND: POST /session/c3f4cae206c3d63be7f787b9be2a6a7b/element/f.28F387A578A7289013B97F22A2D0145A.d.B2105A32DF2212F97ED811E048EBDBC5.e.1286/click - {}
RESULT: {}
COMMAND: GET /session/c3f4cae206c3d63be7f787b9be2a6a7b/screenshot - {}
RESULT: {}
COMMAND: POST /session/c3f4cae206c3d63be7f787b9be2a6a7b/element - {"using":"xpath","value":"//table[contains(@id, \"massStateChangeTable-listUl\")]/tbody/tr[1]/td[11]/div/div/div/div[2]/span"}
RESULT: {"using":"xpath","value":"//table[contains(@id, \"massStateChangeTable-listUl\")]/tbody/tr[1]/td[11]/div/div/div/div[2]/span"}
COMMAND: POST /session/c3f4cae206c3d63be7f787b9be2a6a7b/element/f.28F387A578A7289013B97F22A2D0145A.d.B2105A32DF2212F97ED811E048EBDBC5.e.1286/click - {}
RESULT: {}
COMMAND: GET /session/c3f4cae206c3d63be7f787b9be2a6a7b/screenshot - {}
RESULT: {}
COMMAND: POST /session/c3f4cae206c3d63be7f787b9be2a6a7b/element - {"using":"xpath","value":"//table[contains(@id, \"massStateChangeTable-listUl\")]/tbody/tr[1]/td[11]/div/div/div/div[2]/span"}
RESULT: {"using":"xpath","value":"//table[contains(@id, \"massStateChangeTable-listUl\")]/tbody/tr[1]/td[11]/div/div/div/div[2]/span"}
COMMAND: POST /session/c3f4cae206c3d63be7f787b9be2a6a7b/element/f.28F387A578A7289013B97F22A2D0145A.d.B2105A32DF2212F97ED811E048EBDBC5.e.1286/click - {}
RESULT: {}
COMMAND: GET /session/c3f4cae206c3d63be7f787b9be2a6a7b/screenshot - {}
RESULT: {}
COMMAND: POST /session/c3f4cae206c3d63be7f787b9be2a6a7b/element - {"using":"xpath","value":"//table[contains(@id, \"massStateChangeTable-listUl\")]/tbody/tr[1]/td[11]/div/div/div/div[2]/span"}
RESULT: {"using":"xpath","value":"//table[contains(@id, \"massStateChangeTable-listUl\")]/tbody/tr[1]/td[11]/div/div/div/div[2]/span"}
COMMAND: POST /session/c3f4cae206c3d63be7f787b9be2a6a7b/element/f.28F387A578A7289013B97F22A2D0145A.d.B2105A32DF2212F97ED811E048EBDBC5.e.1286/click - {}
RESULT: {}
COMMAND: GET /session/c3f4cae206c3d63be7f787b9be2a6a7b/screenshot - {}
RESULT: {}
COMMAND: POST /session/c3f4cae206c3d63be7f787b9be2a6a7b/element - {"using":"xpath","value":"//table[contains(@id, \"massStateChangeTable-listUl\")]/tbody/tr[1]/td[11]/div/div/div/div[2]/span"}
RESULT: {"using":"xpath","value":"//table[contains(@id, \"massStateChangeTable-listUl\")]/tbody/tr[1]/td[11]/div/div/div/div[2]/span"}
COMMAND: POST /session/c3f4cae206c3d63be7f787b9be2a6a7b/element/f.28F387A578A7289013B97F22A2D0145A.d.B2105A32DF2212F97ED811E048EBDBC5.e.1286/click - {}
RESULT: {}
COMMAND: GET /session/c3f4cae206c3d63be7f787b9be2a6a7b/screenshot - {}
RESULT: {}
COMMAND: POST /session/c3f4cae206c3d63be7f787b9be2a6a7b/element - {"using":"xpath","value":"//table[contains(@id, \"massStateChangeTable-listUl\")]/tbody/tr[1]/td[11]/div/div/div/div[2]/span"}
RESULT: {"using":"xpath","value":"//table[contains(@id, \"massStateChangeTable-listUl\")]/tbody/tr[1]/td[11]/div/div/div/div[2]/span"}
COMMAND: POST /session/c3f4cae206c3d63be7f787b9be2a6a7b/element/f.28F387A578A7289013B97F22A2D0145A.d.B2105A32DF2212F97ED811E048EBDBC5.e.1286/click - {}
RESULT: {}
COMMAND: GET /session/c3f4cae206c3d63be7f787b9be2a6a7b/screenshot - {}
RESULT: {}
COMMAND: POST /session/c3f4cae206c3d63be7f787b9be2a6a7b/element - {"using":"xpath","value":"//table[contains(@id, \"massStateChangeTable-listUl\")]/tbody/tr[1]/td[11]/div/div/div/div[2]/span"}
RESULT: {"using":"xpath","value":"//table[contains(@id, \"massStateChangeTable-listUl\")]/tbody/tr[1]/td[11]/div/div/div/div[2]/span"}
COMMAND: POST /session/c3f4cae206c3d63be7f787b9be2a6a7b/element/f.28F387A578A7289013B97F22A2D0145A.d.B2105A32DF2212F97ED811E048EBDBC5.e.1286/click - {}
RESULT: {}
COMMAND: GET /session/c3f4cae206c3d63be7f787b9be2a6a7b/screenshot - {}
RESULT: {}
COMMAND: POST /session/c3f4cae206c3d63be7f787b9be2a6a7b/element - {"using":"xpath","value":"//table[contains(@id, \"massStateChangeTable-listUl\")]/tbody/tr[1]/td[11]/div/div/div/div[2]/span"}
RESULT: {"using":"xpath","value":"//table[contains(@id, \"massStateChangeTable-listUl\")]/tbody/tr[1]/td[11]/div/div/div/div[2]/span"}
COMMAND: POST /session/c3f4cae206c3d63be7f787b9be2a6a7b/element/f.28F387A578A7289013B97F22A2D0145A.d.B2105A32DF2212F97ED811E048EBDBC5.e.1286/click - {}
RESULT: {}
COMMAND: GET /session/c3f4cae206c3d63be7f787b9be2a6a7b/screenshot - {}
RESULT: {}
COMMAND: POST /session/c3f4cae206c3d63be7f787b9be2a6a7b/element - {"using":"xpath","value":"//table[contains(@id, \"massStateChangeTable-listUl\")]/tbody/tr[1]/td[11]/div/div/div/div[2]/span"}
RESULT: {"using":"xpath","value":"//table[contains(@id, \"massStateChangeTable-listUl\")]/tbody/tr[1]/td[11]/div/div/div/div[2]/span"}
COMMAND: POST /session/c3f4cae206c3d63be7f787b9be2a6a7b/element/f.28F387A578A7289013B97F22A2D0145A.d.B2105A32DF2212F97ED811E048EBDBC5.e.1286/click - {}
RESULT: {}
COMMAND: GET /session/c3f4cae206c3d63be7f787b9be2a6a7b/screenshot - {}
RESULT: {}
COMMAND: POST /session/c3f4cae206c3d63be7f787b9be2a6a7b/element - {"using":"xpath","value":"//table[contains(@id, \"massStateChangeTable-listUl\")]/tbody/tr[1]/td[11]/div/div/div/div[2]/span"}
RESULT: {"using":"xpath","value":"//table[contains(@id, \"massStateChangeTable-listUl\")]/tbody/tr[1]/td[11]/div/div/div/div[2]/span"}
COMMAND: POST /session/c3f4cae206c3d63be7f787b9be2a6a7b/element/f.28F387A578A7289013B97F22A2D0145A.d.B2105A32DF2212F97ED811E048EBDBC5.e.1286/click - {}
RESULT: {}
COMMAND: GET /session/c3f4cae206c3d63be7f787b9be2a6a7b/screenshot - {}
RESULT: {}
COMMAND: POST /session/c3f4cae206c3d63be7f787b9be2a6a7b/element - {"using":"xpath","value":"//table[contains(@id, \"massStateChangeTable-listUl\")]/tbody/tr[1]/td[11]/div/div/div/div[2]/span"}
RESULT: {"using":"xpath","value":"//table[contains(@id, \"massStateChangeTable-listUl\")]/tbody/tr[1]/td[11]/div/div/div/div[2]/span"}
COMMAND: POST /session/c3f4cae206c3d63be7f787b9be2a6a7b/element/f.28F387A578A7289013B97F22A2D0145A.d.B2105A32DF2212F97ED811E048EBDBC5.e.1286/click - {}
RESULT: {}
COMMAND: GET /session/c3f4cae206c3d63be7f787b9be2a6a7b/screenshot - {}
RESULT: {}
COMMAND: POST /session/c3f4cae206c3d63be7f787b9be2a6a7b/element - {"using":"xpath","value":"//table[contains(@id, \"massStateChangeTable-listUl\")]/tbody/tr[1]/td[11]/div/div/div/div[2]/span"}
RESULT: {"using":"xpath","value":"//table[contains(@id, \"massStateChangeTable-listUl\")]/tbody/tr[1]/td[11]/div/div/div/div[2]/span"}
COMMAND: POST /session/c3f4cae206c3d63be7f787b9be2a6a7b/element/f.28F387A578A7289013B97F22A2D0145A.d.B2105A32DF2212F97ED811E048EBDBC5.e.1286/click - {}
RESULT: {}
COMMAND: GET /session/c3f4cae206c3d63be7f787b9be2a6a7b/screenshot - {}
RESULT: {}
COMMAND: POST /session/c3f4cae206c3d63be7f787b9be2a6a7b/element - {"using":"xpath","value":"//table[contains(@id, \"massStateChangeTable-listUl\")]/tbody/tr[1]/td[11]/div/div/div/div[2]/span"}
RESULT: {"using":"xpath","value":"//table[contains(@id, \"massStateChangeTable-listUl\")]/tbody/tr[1]/td[11]/div/div/div/div[2]/span"}
COMMAND: POST /session/c3f4cae206c3d63be7f787b9be2a6a7b/element/f.28F387A578A7289013B97F22A2D0145A.d.B2105A32DF2212F97ED811E048EBDBC5.e.1286/click - {}
RESULT: {}
COMMAND: GET /session/c3f4cae206c3d63be7f787b9be2a6a7b/screenshot - {}
RESULT: {}
COMMAND: POST /session/c3f4cae206c3d63be7f787b9be2a6a7b/element - {"using":"xpath","value":"//table[contains(@id, \"massStateChangeTable-listUl\")]/tbody/tr[1]/td[11]/div/div/div/div[2]/span"}
RESULT: {"using":"xpath","value":"//table[contains(@id, \"massStateChangeTable-listUl\")]/tbody/tr[1]/td[11]/div/div/div/div[2]/span"}
COMMAND: POST /session/c3f4cae206c3d63be7f787b9be2a6a7b/element/f.28F387A578A7289013B97F22A2D0145A.d.B2105A32DF2212F97ED811E048EBDBC5.e.1286/click - {}
RESULT: {}
COMMAND: GET /session/c3f4cae206c3d63be7f787b9be2a6a7b/screenshot - {}
RESULT: {}
COMMAND: POST /session/c3f4cae206c3d63be7f787b9be2a6a7b/element - {"using":"xpath","value":"//table[contains(@id, \"massStateChangeTable-listUl\")]/tbody/tr[1]/td[11]/div/div/div/div[2]/span"}
RESULT: {"using":"xpath","value":"//table[contains(@id, \"massStateChangeTable-listUl\")]/tbody/tr[1]/td[11]/div/div/div/div[2]/span"}
COMMAND: POST /session/c3f4cae206c3d63be7f787b9be2a6a7b/element/f.28F387A578A7289013B97F22A2D0145A.d.B2105A32DF2212F97ED811E048EBDBC5.e.1286/click - {}
RESULT: {}
COMMAND: GET /session/c3f4cae206c3d63be7f787b9be2a6a7b/screenshot - {}
RESULT: {}
COMMAND: POST /session/c3f4cae206c3d63be7f787b9be2a6a7b/element - {"using":"xpath","value":"//table[contains(@id, \"massStateChangeTable-listUl\")]/tbody/tr[1]/td[11]/div/div/div/div[2]/span"}
RESULT: {"using":"xpath","value":"//table[contains(@id, \"massStateChangeTable-listUl\")]/tbody/tr[1]/td[11]/div/div/div/div[2]/span"}
COMMAND: POST /session/c3f4cae206c3d63be7f787b9be2a6a7b/element/f.28F387A578A7289013B97F22A2D0145A.d.B2105A32DF2212F97ED811E048EBDBC5.e.1286/click - {}
RESULT: {}
COMMAND: GET /session/c3f4cae206c3d63be7f787b9be2a6a7b/screenshot - {}
RESULT: {}
COMMAND: POST /session/c3f4cae206c3d63be7f787b9be2a6a7b/element - {"using":"xpath","value":"//table[contains(@id, \"massStateChangeTable-listUl\")]/tbody/tr[1]/td[11]/div/div/div/div[2]/span"}
RESULT: {"using":"xpath","value":"//table[contains(@id, \"massStateChangeTable-listUl\")]/tbody/tr[1]/td[11]/div/div/div/div[2]/span"}
COMMAND: POST /session/c3f4cae206c3d63be7f787b9be2a6a7b/element/f.28F387A578A7289013B97F22A2D0145A.d.B2105A32DF2212F97ED811E048EBDBC5.e.1286/click - {}
RESULT: {}
COMMAND: GET /session/c3f4cae206c3d63be7f787b9be2a6a7b/screenshot - {}
RESULT: {}
COMMAND: POST /session/c3f4cae206c3d63be7f787b9be2a6a7b/element - {"using":"xpath","value":"//table[contains(@id, \"massStateChangeTable-listUl\")]/tbody/tr[1]/td[11]/div/div/div/div[2]/span"}
RESULT: {"using":"xpath","value":"//table[contains(@id, \"massStateChangeTable-listUl\")]/tbody/tr[1]/td[11]/div/div/div/div[2]/span"}
COMMAND: POST /session/c3f4cae206c3d63be7f787b9be2a6a7b/element/f.28F387A578A7289013B97F22A2D0145A.d.B2105A32DF2212F97ED811E048EBDBC5.e.1286/click - {}
RESULT: {}
COMMAND: GET /session/c3f4cae206c3d63be7f787b9be2a6a7b/screenshot - {}
RESULT: {}
COMMAND: POST /session/c3f4cae206c3d63be7f787b9be2a6a7b/element - {"using":"xpath","value":"//table[contains(@id, \"massStateChangeTable-listUl\")]/tbody/tr[1]/td[11]/div/div/div/div[2]/span"}
RESULT: {"using":"xpath","value":"//table[contains(@id, \"massStateChangeTable-listUl\")]/tbody/tr[1]/td[11]/div/div/div/div[2]/span"}
COMMAND: POST /session/c3f4cae206c3d63be7f787b9be2a6a7b/element/f.28F387A578A7289013B97F22A2D0145A.d.B2105A32DF2212F97ED811E048EBDBC5.e.1286/click - {}
RESULT: {}
COMMAND: GET /session/c3f4cae206c3d63be7f787b9be2a6a7b/screenshot - {}
RESULT: {}
COMMAND: POST /session/c3f4cae206c3d63be7f787b9be2a6a7b/element - {"using":"xpath","value":"//table[contains(@id, \"massStateChangeTable-listUl\")]/tbody/tr[1]/td[11]/div/div/div/div[2]/span"}
RESULT: {"using":"xpath","value":"//table[contains(@id, \"massStateChangeTable-listUl\")]/tbody/tr[1]/td[11]/div/div/div/div[2]/span"}
COMMAND: POST /session/c3f4cae206c3d63be7f787b9be2a6a7b/element/f.28F387A578A7289013B97F22A2D0145A.d.B2105A32DF2212F97ED811E048EBDBC5.e.1286/click - {}
RESULT: {}
COMMAND: GET /session/c3f4cae206c3d63be7f787b9be2a6a7b/screenshot - {}
RESULT: {}
COMMAND: POST /session/c3f4cae206c3d63be7f787b9be2a6a7b/element - {"using":"xpath","value":"//table[contains(@id, \"massStateChangeTable-listUl\")]/tbody/tr[1]/td[11]/div/div/div/div[2]/span"}
RESULT: {"using":"xpath","value":"//table[contains(@id, \"massStateChangeTable-listUl\")]/tbody/tr[1]/td[11]/div/div/div/div[2]/span"}
COMMAND: POST /session/c3f4cae206c3d63be7f787b9be2a6a7b/element/f.28F387A578A7289013B97F22A2D0145A.d.B2105A32DF2212F97ED811E048EBDBC5.e.1286/click - {}
RESULT: {}
COMMAND: GET /session/c3f4cae206c3d63be7f787b9be2a6a7b/screenshot - {}
RESULT: {}
COMMAND: POST /session/c3f4cae206c3d63be7f787b9be2a6a7b/element - {"using":"xpath","value":"//table[contains(@id, \"massStateChangeTable-listUl\")]/tbody/tr[1]/td[11]/div/div/div/div[2]/span"}
RESULT: {"using":"xpath","value":"//table[contains(@id, \"massStateChangeTable-listUl\")]/tbody/tr[1]/td[11]/div/div/div/div[2]/span"}
COMMAND: POST /session/c3f4cae206c3d63be7f787b9be2a6a7b/element/f.28F387A578A7289013B97F22A2D0145A.d.B2105A32DF2212F97ED811E048EBDBC5.e.1286/click - {}
RESULT: {}
COMMAND: GET /session/c3f4cae206c3d63be7f787b9be2a6a7b/screenshot - {}
RESULT: {}
COMMAND: POST /session/c3f4cae206c3d63be7f787b9be2a6a7b/element - {"using":"xpath","value":"//table[contains(@id, \"massStateChangeTable-listUl\")]/tbody/tr[1]/td[11]/div/div/div/div[2]/span"}
RESULT: {"using":"xpath","value":"//table[contains(@id, \"massStateChangeTable-listUl\")]/tbody/tr[1]/td[11]/div/div/div/div[2]/span"}
COMMAND: POST /session/c3f4cae206c3d63be7f787b9be2a6a7b/element/f.28F387A578A7289013B97F22A2D0145A.d.B2105A32DF2212F97ED811E048EBDBC5.e.1286/click - {}
RESULT: {}
COMMAND: GET /session/c3f4cae206c3d63be7f787b9be2a6a7b/screenshot - {}
RESULT: {}
COMMAND: POST /session/c3f4cae206c3d63be7f787b9be2a6a7b/element - {"using":"xpath","value":"//table[contains(@id, \"massStateChangeTable-listUl\")]/tbody/tr[1]/td[11]/div/div/div/div[2]/span"}
RESULT: {"using":"xpath","value":"//table[contains(@id, \"massStateChangeTable-listUl\")]/tbody/tr[1]/td[11]/div/div/div/div[2]/span"}
COMMAND: POST /session/c3f4cae206c3d63be7f787b9be2a6a7b/element/f.28F387A578A7289013B97F22A2D0145A.d.B2105A32DF2212F97ED811E048EBDBC5.e.1286/click - {}
RESULT: {}
COMMAND: GET /session/c3f4cae206c3d63be7f787b9be2a6a7b/screenshot - {}
RESULT: {}
COMMAND: POST /session/c3f4cae206c3d63be7f787b9be2a6a7b/element - {"using":"xpath","value":"//table[contains(@id, \"massStateChangeTable-listUl\")]/tbody/tr[1]/td[11]/div/div/div/div[2]/span"}
RESULT: {"using":"xpath","value":"//table[contains(@id, \"massStateChangeTable-listUl\")]/tbody/tr[1]/td[11]/div/div/div/div[2]/span"}
COMMAND: POST /session/c3f4cae206c3d63be7f787b9be2a6a7b/element/f.28F387A578A7289013B97F22A2D0145A.d.B2105A32DF2212F97ED811E048EBDBC5.e.1286/click - {}
RESULT: {}
COMMAND: GET /session/c3f4cae206c3d63be7f787b9be2a6a7b/screenshot - {}
RESULT: {}
COMMAND: POST /session/c3f4cae206c3d63be7f787b9be2a6a7b/element - {"using":"xpath","value":"//table[contains(@id, \"massStateChangeTable-listUl\")]/tbody/tr[1]/td[11]/div/div/div/div[2]/span"}
RESULT: {"using":"xpath","value":"//table[contains(@id, \"massStateChangeTable-listUl\")]/tbody/tr[1]/td[11]/div/div/div/div[2]/span"}
COMMAND: POST /session/c3f4cae206c3d63be7f787b9be2a6a7b/element/f.28F387A578A7289013B97F22A2D0145A.d.B2105A32DF2212F97ED811E048EBDBC5.e.1286/click - {}
RESULT: {}
COMMAND: GET /session/c3f4cae206c3d63be7f787b9be2a6a7b/screenshot - {}
RESULT: {}
COMMAND: POST /session/c3f4cae206c3d63be7f787b9be2a6a7b/element - {"using":"xpath","value":"//table[contains(@id, \"massStateChangeTable-listUl\")]/tbody/tr[1]/td[11]/div/div/div/div[2]/span"}
RESULT: {"using":"xpath","value":"//table[contains(@id, \"massStateChangeTable-listUl\")]/tbody/tr[1]/td[11]/div/div/div/div[2]/span"}
COMMAND: POST /session/c3f4cae206c3d63be7f787b9be2a6a7b/element/f.28F387A578A7289013B97F22A2D0145A.d.B2105A32DF2212F97ED811E048EBDBC5.e.1286/click - {}
RESULT: {}
COMMAND: GET /session/c3f4cae206c3d63be7f787b9be2a6a7b/screenshot - {}
RESULT: {}
COMMAND: POST /session/c3f4cae206c3d63be7f787b9be2a6a7b/element - {"using":"xpath","value":"//table[contains(@id, \"massStateChangeTable-listUl\")]/tbody/tr[1]/td[11]/div/div/div/div[2]/span"}
RESULT: {"using":"xpath","value":"//table[contains(@id, \"massStateChangeTable-listUl\")]/tbody/tr[1]/td[11]/div/div/div/div[2]/span"}
COMMAND: POST /session/c3f4cae206c3d63be7f787b9be2a6a7b/element/f.28F387A578A7289013B97F22A2D0145A.d.B2105A32DF2212F97ED811E048EBDBC5.e.1286/click - {}
RESULT: {}
COMMAND: GET /session/c3f4cae206c3d63be7f787b9be2a6a7b/screenshot - {}
RESULT: {}
COMMAND: POST /session/c3f4cae206c3d63be7f787b9be2a6a7b/element - {"using":"xpath","value":"//table[contains(@id, \"massStateChangeTable-listUl\")]/tbody/tr[1]/td[11]/div/div/div/div[2]/span"}
RESULT: {"using":"xpath","value":"//table[contains(@id, \"massStateChangeTable-listUl\")]/tbody/tr[1]/td[11]/div/div/div/div[2]/span"}
COMMAND: POST /session/c3f4cae206c3d63be7f787b9be2a6a7b/element/f.28F387A578A7289013B97F22A2D0145A.d.B2105A32DF2212F97ED811E048EBDBC5.e.1286/click - {}
RESULT: {}
COMMAND: GET /session/c3f4cae206c3d63be7f787b9be2a6a7b/screenshot - {}
RESULT: {}
COMMAND: POST /session/c3f4cae206c3d63be7f787b9be2a6a7b/element - {"using":"xpath","value":"//table[contains(@id, \"massStateChangeTable-listUl\")]/tbody/tr[1]/td[11]/div/div/div/div[2]/span"}
RESULT: {"using":"xpath","value":"//table[contains(@id, \"massStateChangeTable-listUl\")]/tbody/tr[1]/td[11]/div/div/div/div[2]/span"}
COMMAND: POST /session/c3f4cae206c3d63be7f787b9be2a6a7b/element/f.28F387A578A7289013B97F22A2D0145A.d.B2105A32DF2212F97ED811E048EBDBC5.e.1286/click - {}
RESULT: {}
COMMAND: GET /session/c3f4cae206c3d63be7f787b9be2a6a7b/screenshot - {}
RESULT: {}
COMMAND: POST /session/c3f4cae206c3d63be7f787b9be2a6a7b/element - {"using":"xpath","value":"//table[contains(@id, \"massStateChangeTable-listUl\")]/tbody/tr[1]/td[11]/div/div/div/div[2]/span"}
RESULT: {"using":"xpath","value":"//table[contains(@id, \"massStateChangeTable-listUl\")]/tbody/tr[1]/td[11]/div/div/div/div[2]/span"}
COMMAND: POST /session/c3f4cae206c3d63be7f787b9be2a6a7b/element/f.28F387A578A7289013B97F22A2D0145A.d.B2105A32DF2212F97ED811E048EBDBC5.e.1286/click - {}
RESULT: {}
COMMAND: GET /session/c3f4cae206c3d63be7f787b9be2a6a7b/screenshot - {}
RESULT: {}
COMMAND: POST /session/c3f4cae206c3d63be7f787b9be2a6a7b/element - {"using":"xpath","value":"//table[contains(@id, \"massStateChangeTable-listUl\")]/tbody/tr[1]/td[11]/div/div/div/div[2]/span"}
RESULT: {"using":"xpath","value":"//table[contains(@id, \"massStateChangeTable-listUl\")]/tbody/tr[1]/td[11]/div/div/div/div[2]/span"}
COMMAND: POST /session/c3f4cae206c3d63be7f787b9be2a6a7b/element/f.28F387A578A7289013B97F22A2D0145A.d.B2105A32DF2212F97ED811E048EBDBC5.e.1286/click - {}
RESULT: {}
COMMAND: GET /session/c3f4cae206c3d63be7f787b9be2a6a7b/screenshot - {}
RESULT: {}
COMMAND: POST /session/c3f4cae206c3d63be7f787b9be2a6a7b/element - {"using":"xpath","value":"//table[contains(@id, \"massStateChangeTable-listUl\")]/tbody/tr[1]/td[11]/div/div/div/div[2]/span"}
RESULT: {"using":"xpath","value":"//table[contains(@id, \"massStateChangeTable-listUl\")]/tbody/tr[1]/td[11]/div/div/div/div[2]/span"}
COMMAND: POST /session/c3f4cae206c3d63be7f787b9be2a6a7b/element/f.28F387A578A7289013B97F22A2D0145A.d.B2105A32DF2212F97ED811E048EBDBC5.e.1286/click - {}
RESULT: {}
COMMAND: GET /session/c3f4cae206c3d63be7f787b9be2a6a7b/screenshot - {}
RESULT: {}
COMMAND: POST /session/c3f4cae206c3d63be7f787b9be2a6a7b/element - {"using":"xpath","value":"//table[contains(@id, \"massStateChangeTable-listUl\")]/tbody/tr[1]/td[11]/div/div/div/div[2]/span"}
RESULT: {"using":"xpath","value":"//table[contains(@id, \"massStateChangeTable-listUl\")]/tbody/tr[1]/td[11]/div/div/div/div[2]/span"}
COMMAND: POST /session/c3f4cae206c3d63be7f787b9be2a6a7b/element/f.28F387A578A7289013B97F22A2D0145A.d.B2105A32DF2212F97ED811E048EBDBC5.e.1286/click - {}
RESULT: {}
COMMAND: GET /session/c3f4cae206c3d63be7f787b9be2a6a7b/screenshot - {}
RESULT: {}
COMMAND: POST /session/c3f4cae206c3d63be7f787b9be2a6a7b/element - {"using":"xpath","value":"//table[contains(@id, \"massStateChangeTable-listUl\")]/tbody/tr[1]/td[11]/div/div/div/div[2]/span"}
RESULT: {"using":"xpath","value":"//table[contains(@id, \"massStateChangeTable-listUl\")]/tbody/tr[1]/td[11]/div/div/div/div[2]/span"}
COMMAND: POST /session/c3f4cae206c3d63be7f787b9be2a6a7b/element/f.28F387A578A7289013B97F22A2D0145A.d.B2105A32DF2212F97ED811E048EBDBC5.e.1286/click - {}
RESULT: {}
COMMAND: GET /session/c3f4cae206c3d63be7f787b9be2a6a7b/screenshot - {}
RESULT: {}
COMMAND: POST /session/c3f4cae206c3d63be7f787b9be2a6a7b/element - {"using":"xpath","value":"//table[contains(@id, \"massStateChangeTable-listUl\")]/tbody/tr[1]/td[11]/div/div/div/div[2]/span"}
RESULT: {"using":"xpath","value":"//table[contains(@id, \"massStateChangeTable-listUl\")]/tbody/tr[1]/td[11]/div/div/div/div[2]/span"}
COMMAND: POST /session/c3f4cae206c3d63be7f787b9be2a6a7b/element/f.28F387A578A7289013B97F22A2D0145A.d.B2105A32DF2212F97ED811E048EBDBC5.e.1286/click - {}
RESULT: {}
COMMAND: GET /session/c3f4cae206c3d63be7f787b9be2a6a7b/screenshot - {}
RESULT: {}
COMMAND: POST /session/c3f4cae206c3d63be7f787b9be2a6a7b/element - {"using":"xpath","value":"//table[contains(@id, \"massStateChangeTable-listUl\")]/tbody/tr[1]/td[11]/div/div/div/div[2]/span"}
RESULT: {"using":"xpath","value":"//table[contains(@id, \"massStateChangeTable-listUl\")]/tbody/tr[1]/td[11]/div/div/div/div[2]/span"}
COMMAND: POST /session/c3f4cae206c3d63be7f787b9be2a6a7b/element/f.28F387A578A7289013B97F22A2D0145A.d.B2105A32DF2212F97ED811E048EBDBC5.e.1286/click - {}
RESULT: {}
COMMAND: GET /session/c3f4cae206c3d63be7f787b9be2a6a7b/screenshot - {}
RESULT: {}
COMMAND: POST /session/c3f4cae206c3d63be7f787b9be2a6a7b/element - {"using":"xpath","value":"//table[contains(@id, \"massStateChangeTable-listUl\")]/tbody/tr[1]/td[11]/div/div/div/div[2]/span"}
RESULT: {"using":"xpath","value":"//table[contains(@id, \"massStateChangeTable-listUl\")]/tbody/tr[1]/td[11]/div/div/div/div[2]/span"}
COMMAND: POST /session/c3f4cae206c3d63be7f787b9be2a6a7b/element/f.28F387A578A7289013B97F22A2D0145A.d.B2105A32DF2212F97ED811E048EBDBC5.e.1286/click - {}
RESULT: {}
COMMAND: GET /session/c3f4cae206c3d63be7f787b9be2a6a7b/screenshot - {}
RESULT: {}
COMMAND: POST /session/c3f4cae206c3d63be7f787b9be2a6a7b/element - {"using":"xpath","value":"//table[contains(@id, \"massStateChangeTable-listUl\")]/tbody/tr[1]/td[11]/div/div/div/div[2]/span"}
RESULT: {"using":"xpath","value":"//table[contains(@id, \"massStateChangeTable-listUl\")]/tbody/tr[1]/td[11]/div/div/div/div[2]/span"}
COMMAND: POST /session/c3f4cae206c3d63be7f787b9be2a6a7b/element/f.28F387A578A7289013B97F22A2D0145A.d.B2105A32DF2212F97ED811E048EBDBC5.e.1286/click - {}
RESULT: {}
COMMAND: GET /session/c3f4cae206c3d63be7f787b9be2a6a7b/screenshot - {}
RESULT: {}
COMMAND: POST /session/c3f4cae206c3d63be7f787b9be2a6a7b/element - {"using":"xpath","value":"//table[contains(@id, \"massStateChangeTable-listUl\")]/tbody/tr[1]/td[11]/div/div/div/div[2]/span"}
RESULT: {"using":"xpath","value":"//table[contains(@id, \"massStateChangeTable-listUl\")]/tbody/tr[1]/td[11]/div/div/div/div[2]/span"}
COMMAND: POST /session/c3f4cae206c3d63be7f787b9be2a6a7b/element/f.28F387A578A7289013B97F22A2D0145A.d.B2105A32DF2212F97ED811E048EBDBC5.e.1286/click - {}
RESULT: {}
COMMAND: GET /session/c3f4cae206c3d63be7f787b9be2a6a7b/screenshot - {}
RESULT: {}
COMMAND: POST /session/c3f4cae206c3d63be7f787b9be2a6a7b/element - {"using":"xpath","value":"//table[contains(@id, \"massStateChangeTable-listUl\")]/tbody/tr[1]/td[11]/div/div/div/div[2]/span"}
RESULT: {"using":"xpath","value":"//table[contains(@id, \"massStateChangeTable-listUl\")]/tbody/tr[1]/td[11]/div/div/div/div[2]/span"}
COMMAND: POST /session/c3f4cae206c3d63be7f787b9be2a6a7b/element/f.28F387A578A7289013B97F22A2D0145A.d.B2105A32DF2212F97ED811E048EBDBC5.e.1286/click - {}
RESULT: {}
COMMAND: GET /session/c3f4cae206c3d63be7f787b9be2a6a7b/screenshot - {}
RESULT: {}
COMMAND: POST /session/c3f4cae206c3d63be7f787b9be2a6a7b/element - {"using":"xpath","value":"//table[contains(@id, \"massStateChangeTable-listUl\")]/tbody/tr[1]/td[11]/div/div/div/div[2]/span"}
RESULT: {"using":"xpath","value":"//table[contains(@id, \"massStateChangeTable-listUl\")]/tbody/tr[1]/td[11]/div/div/div/div[2]/span"}
COMMAND: POST /session/c3f4cae206c3d63be7f787b9be2a6a7b/element/f.28F387A578A7289013B97F22A2D0145A.d.B2105A32DF2212F97ED811E048EBDBC5.e.1286/click - {}
RESULT: {}
COMMAND: GET /session/c3f4cae206c3d63be7f787b9be2a6a7b/screenshot - {}
RESULT: {}
COMMAND: POST /session/c3f4cae206c3d63be7f787b9be2a6a7b/element - {"using":"xpath","value":"//table[contains(@id, \"massStateChangeTable-listUl\")]/tbody/tr[1]/td[11]/div/div/div/div[2]/span"}
RESULT: {"using":"xpath","value":"//table[contains(@id, \"massStateChangeTable-listUl\")]/tbody/tr[1]/td[11]/div/div/div/div[2]/span"}
COMMAND: POST /session/c3f4cae206c3d63be7f787b9be2a6a7b/element/f.28F387A578A7289013B97F22A2D0145A.d.B2105A32DF2212F97ED811E048EBDBC5.e.1286/click - {}
RESULT: {}
COMMAND: GET /session/c3f4cae206c3d63be7f787b9be2a6a7b/screenshot - {}
RESULT: {}
COMMAND: POST /session/c3f4cae206c3d63be7f787b9be2a6a7b/element - {"using":"xpath","value":"//table[contains(@id, \"massStateChangeTable-listUl\")]/tbody/tr[1]/td[11]/div/div/div/div[2]/span"}
RESULT: {"using":"xpath","value":"//table[contains(@id, \"massStateChangeTable-listUl\")]/tbody/tr[1]/td[11]/div/div/div/div[2]/span"}
COMMAND: POST /session/c3f4cae206c3d63be7f787b9be2a6a7b/element/f.28F387A578A7289013B97F22A2D0145A.d.B2105A32DF2212F97ED811E048EBDBC5.e.1286/click - {}
RESULT: {}
COMMAND: GET /session/c3f4cae206c3d63be7f787b9be2a6a7b/screenshot - {}
RESULT: {}
COMMAND: POST /session/c3f4cae206c3d63be7f787b9be2a6a7b/element - {"using":"xpath","value":"//table[contains(@id, \"massStateChangeTable-listUl\")]/tbody/tr[1]/td[11]/div/div/div/div[2]/span"}
RESULT: {"using":"xpath","value":"//table[contains(@id, \"massStateChangeTable-listUl\")]/tbody/tr[1]/td[11]/div/div/div/div[2]/span"}
COMMAND: POST /session/c3f4cae206c3d63be7f787b9be2a6a7b/element/f.28F387A578A7289013B97F22A2D0145A.d.B2105A32DF2212F97ED811E048EBDBC5.e.1286/click - {}
RESULT: {}
COMMAND: GET /session/c3f4cae206c3d63be7f787b9be2a6a7b/screenshot - {}
RESULT: {}
COMMAND: POST /session/c3f4cae206c3d63be7f787b9be2a6a7b/element - {"using":"xpath","value":"//table[contains(@id, \"massStateChangeTable-listUl\")]/tbody/tr[1]/td[11]/div/div/div/div[2]/span"}
RESULT: {"using":"xpath","value":"//table[contains(@id, \"massStateChangeTable-listUl\")]/tbody/tr[1]/td[11]/div/div/div/div[2]/span"}
COMMAND: POST /session/c3f4cae206c3d63be7f787b9be2a6a7b/element/f.28F387A578A7289013B97F22A2D0145A.d.B2105A32DF2212F97ED811E048EBDBC5.e.1286/click - {}
RESULT: {}
COMMAND: GET /session/c3f4cae206c3d63be7f787b9be2a6a7b/screenshot - {}
RESULT: {}
COMMAND: POST /session/c3f4cae206c3d63be7f787b9be2a6a7b/element - {"using":"xpath","value":"//table[contains(@id, \"massStateChangeTable-listUl\")]/tbody/tr[2]/td[11]/div/div/div/div[2]/span"}
RESULT: {"using":"xpath","value":"//table[contains(@id, \"massStateChangeTable-listUl\")]/tbody/tr[2]/td[11]/div/div/div/div[2]/span"}
COMMAND: POST /session/c3f4cae206c3d63be7f787b9be2a6a7b/element/f.28F387A578A7289013B97F22A2D0145A.d.B2105A32DF2212F97ED811E048EBDBC5.e.1287/click - {}
RESULT: {}
COMMAND: GET /session/c3f4cae206c3d63be7f787b9be2a6a7b/screenshot - {}
RESULT: {}
COMMAND: POST /session/c3f4cae206c3d63be7f787b9be2a6a7b/element - {"using":"xpath","value":"//table[contains(@id, \"massStateChangeTable-listUl\")]/tbody/tr[1]/td[11]/div/div/div/input"}
RESULT: {"using":"xpath","value":"//table[contains(@id, \"massStateChangeTable-listUl\")]/tbody/tr[1]/td[11]/div/div/div/input"}
COMMAND: GET /session/c3f4cae206c3d63be7f787b9be2a6a7b/element/f.28F387A578A7289013B97F22A2D0145A.d.B2105A32DF2212F97ED811E048EBDBC5.e.1265/property/value - {}
RESULT: {}
COMMAND: POST /session/c3f4cae206c3d63be7f787b9be2a6a7b/element - {"using":"xpath","value":"//table[contains(@id, \"massStateChangeTable-listUl\")]/tbody/tr[2]/td[11]/div/div/div/input"}
COMMAND: GET /session/c3f4cae206c3d63be7f787b9be2a6a7b/screenshot - {}
RESULT: {"using":"xpath","value":"//table[contains(@id, \"massStateChangeTable-listUl\")]/tbody/tr[2]/td[11]/div/div/div/input"}
COMMAND: GET /session/c3f4cae206c3d63be7f787b9be2a6a7b/element/f.28F387A578A7289013B97F22A2D0145A.d.B2105A32DF2212F97ED811E048EBDBC5.e.1269/property/value - {}
RESULT: {}
RESULT: {}
COMMAND: POST /session/c3f4cae206c3d63be7f787b9be2a6a7b/element - {"using":"xpath","value":"(//bdi[contains(text(), \"OK\")])[1]"}
COMMAND: GET /session/c3f4cae206c3d63be7f787b9be2a6a7b/screenshot - {}
RESULT: {"using":"xpath","value":"(//bdi[contains(text(), \"OK\")])[1]"}
COMMAND: POST /session/c3f4cae206c3d63be7f787b9be2a6a7b/element/f.28F387A578A7289013B97F22A2D0145A.d.B2105A32DF2212F97ED811E048EBDBC5.e.1273/click - {}
RESULT: {}
RESULT: {}
COMMAND: GET /session/c3f4cae206c3d63be7f787b9be2a6a7b/screenshot - {}
RESULT: {}
COMMAND: POST /session/c3f4cae206c3d63be7f787b9be2a6a7b/element - {"using":"xpath","value":"(//bdi[contains(text(), \"OK\")])[2]"}
RESULT: {"using":"xpath","value":"(//bdi[contains(text(), \"OK\")])[2]"}
COMMAND: POST /session/c3f4cae206c3d63be7f787b9be2a6a7b/element/f.28F387A578A7289013B97F22A2D0145A.d.B2105A32DF2212F97ED811E048EBDBC5.e.1289/click - {}
RESULT: {}
COMMAND: GET /session/c3f4cae206c3d63be7f787b9be2a6a7b/screenshot - {}
RESULT: {}
RESULT: undefined
COMMAND: POST /session/c3f4cae206c3d63be7f787b9be2a6a7b/execute/async - {"script":"<script> [776 bytes]","args":[{"enterText":"600002","selector":{"id":"application-ruinventorylist-display-component---Master--smartFilterBar-btnBasicSearch","interaction":{"idSuffix":"I"}},"clearTextFirst":true,"interactionType":"ENTER_TEXT"}]}
RESULT: {"script":"<script> [776 bytes]","args":[{"enterText":"600002","selector":{"id":"application-ruinventorylist-display-component---Master--smartFilterBar-btnBasicSearch","interaction":{"idSuffix":"I"}},"clearTextFirst":true,"interactionType":"ENTER_TEXT"}]}
COMMAND: POST /session/c3f4cae206c3d63be7f787b9be2a6a7b/actions - {"actions":[{"id":"action5","type":"key","parameters":{},"actions":[{"type":"keyDown","value":"î€‡"},{"type":"pause","duration":10},{"type":"keyUp","value":"î€‡"}]}]}
RESULT: {"actions":[{"id":"action5","type":"key","parameters":{},"actions":[{"type":"keyDown","value":"î€‡"},{"type":"pause","duration":10},{"type":"keyUp","value":"î€‡"}]}]}
COMMAND: GET /session/c3f4cae206c3d63be7f787b9be2a6a7b/screenshot - {}
RESULT: {}
COMMAND: POST /session/c3f4cae206c3d63be7f787b9be2a6a7b/element - {"using":"xpath","value":"//span[@id=\"application-ruinventorylist-display-component---Master--smartTableRuInventoryList-header-inner\"]"}
RESULT: {"using":"xpath","value":"//span[@id=\"application-ruinventorylist-display-component---Master--smartTableRuInventoryList-header-inner\"]"}
COMMAND: POST /session/c3f4cae206c3d63be7f787b9be2a6a7b/elements - {"using":"xpath","value":"//span[@id=\"application-ruinventorylist-display-component---Master--smartTableRuInventoryList-header-inner\"]"}
RESULT: {"using":"xpath","value":"//span[@id=\"application-ruinventorylist-display-component---Master--smartTableRuInventoryList-header-inner\"]"}
COMMAND: POST /session/c3f4cae206c3d63be7f787b9be2a6a7b/execute/sync - {"script":"<script> [56 bytes]","args":[{"element-6066-11e4-a52e-4f735466cecf":"f.28F387A578A7289013B97F22A2D0145A.d.B2105A32DF2212F97ED811E048EBDBC5.e.900","ELEMENT":"f.28F387A578A7289013B97F22A2D0145A.d.B2105A32DF2212F97ED811E048EBDBC5.e.900"}]}
RESULT: {"script":"<script> [56 bytes]","args":[{"element-6066-11e4-a52e-4f735466cecf":"f.28F387A578A7289013B97F22A2D0145A.d.B2105A32DF2212F97ED811E048EBDBC5.e.900","ELEMENT":"f.28F387A578A7289013B97F22A2D0145A.d.B2105A32DF2212F97ED811E048EBDBC5.e.900"}]}
COMMAND: POST /session/c3f4cae206c3d63be7f787b9be2a6a7b/element - {"using":"xpath","value":"//table[contains(@id, \"application-ruinventorylist-display-component---Master--tableRuInventoryList-listUl\")]/tbody/tr[1]/td[6]/div/span"}
COMMAND: GET /session/c3f4cae206c3d63be7f787b9be2a6a7b/screenshot - {}
RESULT: {"using":"xpath","value":"//table[contains(@id, \"application-ruinventorylist-display-component---Master--tableRuInventoryList-listUl\")]/tbody/tr[1]/td[6]/div/span"}
COMMAND: POST /session/c3f4cae206c3d63be7f787b9be2a6a7b/execute/sync - {"script":"<script> [56 bytes]","args":[{"element-6066-11e4-a52e-4f735466cecf":"f.28F387A578A7289013B97F22A2D0145A.d.B2105A32DF2212F97ED811E048EBDBC5.e.1311","ELEMENT":"f.28F387A578A7289013B97F22A2D0145A.d.B2105A32DF2212F97ED811E048EBDBC5.e.1311"}]}
RESULT: {}
RESULT: {"script":"<script> [56 bytes]","args":[{"element-6066-11e4-a52e-4f735466cecf":"f.28F387A578A7289013B97F22A2D0145A.d.B2105A32DF2212F97ED811E048EBDBC5.e.1311","ELEMENT":"f.28F387A578A7289013B97F22A2D0145A.d.B2105A32DF2212F97ED811E048EBDBC5.e.1311"}]}
COMMAND: POST /session/c3f4cae206c3d63be7f787b9be2a6a7b/element - {"using":"xpath","value":"//div[contains(@id, \"smartFilterBar-btnBasicSearch-reset\")]"}
COMMAND: GET /session/c3f4cae206c3d63be7f787b9be2a6a7b/screenshot - {}
RESULT: {"using":"xpath","value":"//div[contains(@id, \"smartFilterBar-btnBasicSearch-reset\")]"}
COMMAND: POST /session/c3f4cae206c3d63be7f787b9be2a6a7b/element/f.28F387A578A7289013B97F22A2D0145A.d.B2105A32DF2212F97ED811E048EBDBC5.e.917/click - {}
RESULT: {}
RESULT: {}
COMMAND: GET /session/c3f4cae206c3d63be7f787b9be2a6a7b/screenshot - {}
RESULT: {}
RESULT: undefined
COMMAND: POST /session/c3f4cae206c3d63be7f787b9be2a6a7b/execute/async - {"script":"<script> [776 bytes]","args":[{"enterText":"401002","selector":{"id":"application-ruinventorylist-display-component---Master--smartFilterBar-btnBasicSearch","interaction":{"idSuffix":"I"}},"clearTextFirst":true,"interactionType":"ENTER_TEXT"}]}
RESULT: {"script":"<script> [776 bytes]","args":[{"enterText":"401002","selector":{"id":"application-ruinventorylist-display-component---Master--smartFilterBar-btnBasicSearch","interaction":{"idSuffix":"I"}},"clearTextFirst":true,"interactionType":"ENTER_TEXT"}]}
COMMAND: POST /session/c3f4cae206c3d63be7f787b9be2a6a7b/actions - {"actions":[{"id":"action6","type":"key","parameters":{},"actions":[{"type":"keyDown","value":"î€‡"},{"type":"pause","duration":10},{"type":"keyUp","value":"î€‡"}]}]}
RESULT: {"actions":[{"id":"action6","type":"key","parameters":{},"actions":[{"type":"keyDown","value":"î€‡"},{"type":"pause","duration":10},{"type":"keyUp","value":"î€‡"}]}]}
COMMAND: GET /session/c3f4cae206c3d63be7f787b9be2a6a7b/screenshot - {}
RESULT: {}
COMMAND: POST /session/c3f4cae206c3d63be7f787b9be2a6a7b/element - {"using":"xpath","value":"//span[@id=\"application-ruinventorylist-display-component---Master--smartTableRuInventoryList-header-inner\"]"}
RESULT: {"using":"xpath","value":"//span[@id=\"application-ruinventorylist-display-component---Master--smartTableRuInventoryList-header-inner\"]"}
COMMAND: POST /session/c3f4cae206c3d63be7f787b9be2a6a7b/elements - {"using":"xpath","value":"//span[@id=\"application-ruinventorylist-display-component---Master--smartTableRuInventoryList-header-inner\"]"}
RESULT: {"using":"xpath","value":"//span[@id=\"application-ruinventorylist-display-component---Master--smartTableRuInventoryList-header-inner\"]"}
COMMAND: POST /session/c3f4cae206c3d63be7f787b9be2a6a7b/execute/sync - {"script":"<script> [56 bytes]","args":[{"element-6066-11e4-a52e-4f735466cecf":"f.28F387A578A7289013B97F22A2D0145A.d.B2105A32DF2212F97ED811E048EBDBC5.e.900","ELEMENT":"f.28F387A578A7289013B97F22A2D0145A.d.B2105A32DF2212F97ED811E048EBDBC5.e.900"}]}
RESULT: {"script":"<script> [56 bytes]","args":[{"element-6066-11e4-a52e-4f735466cecf":"f.28F387A578A7289013B97F22A2D0145A.d.B2105A32DF2212F97ED811E048EBDBC5.e.900","ELEMENT":"f.28F387A578A7289013B97F22A2D0145A.d.B2105A32DF2212F97ED811E048EBDBC5.e.900"}]}
COMMAND: POST /session/c3f4cae206c3d63be7f787b9be2a6a7b/element - {"using":"xpath","value":"//table[contains(@id, \"application-ruinventorylist-display-component---Master--tableRuInventoryList-listUl\")]/tbody/tr[1]/td[6]/div/span"}
COMMAND: GET /session/c3f4cae206c3d63be7f787b9be2a6a7b/screenshot - {}
RESULT: {"using":"xpath","value":"//table[contains(@id, \"application-ruinventorylist-display-component---Master--tableRuInventoryList-listUl\")]/tbody/tr[1]/td[6]/div/span"}
COMMAND: POST /session/c3f4cae206c3d63be7f787b9be2a6a7b/execute/sync - {"script":"<script> [56 bytes]","args":[{"element-6066-11e4-a52e-4f735466cecf":"f.28F387A578A7289013B97F22A2D0145A.d.B2105A32DF2212F97ED811E048EBDBC5.e.1410","ELEMENT":"f.28F387A578A7289013B97F22A2D0145A.d.B2105A32DF2212F97ED811E048EBDBC5.e.1410"}]}
RESULT: {}
RESULT: {"script":"<script> [56 bytes]","args":[{"element-6066-11e4-a52e-4f735466cecf":"f.28F387A578A7289013B97F22A2D0145A.d.B2105A32DF2212F97ED811E048EBDBC5.e.1410","ELEMENT":"f.28F387A578A7289013B97F22A2D0145A.d.B2105A32DF2212F97ED811E048EBDBC5.e.1410"}]}
COMMAND: POST /session/c3f4cae206c3d63be7f787b9be2a6a7b/element - {"using":"xpath","value":"//div[contains(@id, \"smartFilterBar-btnBasicSearch-reset\")]"}
COMMAND: GET /session/c3f4cae206c3d63be7f787b9be2a6a7b/screenshot - {}
RESULT: {"using":"xpath","value":"//div[contains(@id, \"smartFilterBar-btnBasicSearch-reset\")]"}
COMMAND: POST /session/c3f4cae206c3d63be7f787b9be2a6a7b/element/f.28F387A578A7289013B97F22A2D0145A.d.B2105A32DF2212F97ED811E048EBDBC5.e.917/click - {}
RESULT: {}
RESULT: {}
COMMAND: GET /session/c3f4cae206c3d63be7f787b9be2a6a7b/screenshot - {}
COMMAND: POST /session/c3f4cae206c3d63be7f787b9be2a6a7b/element/f.28F387A578A7289013B97F22A2D0145A.d.B2105A32DF2212F97ED811E048EBDBC5.e.301/click - {}
RESULT: {}
RESULT: {}
COMMAND: GET /session/c3f4cae206c3d63be7f787b9be2a6a7b/screenshot - {}
RESULT: {}
RESULT: undefined
COMMAND: POST /session/c3f4cae206c3d63be7f787b9be2a6a7b/execute/async - {"script":"<script> [776 bytes]","args":[{"enterText":"600002","selector":{"id":"application-ruinventorylist-display-component---Master--smartFilterBar-btnBasicSearch","interaction":{"idSuffix":"I"}},"clearTextFirst":true,"interactionType":"ENTER_TEXT"}]}
RESULT: {"script":"<script> [776 bytes]","args":[{"enterText":"600002","selector":{"id":"application-ruinventorylist-display-component---Master--smartFilterBar-btnBasicSearch","interaction":{"idSuffix":"I"}},"clearTextFirst":true,"interactionType":"ENTER_TEXT"}]}
COMMAND: POST /session/c3f4cae206c3d63be7f787b9be2a6a7b/actions - {"actions":[{"id":"action7","type":"key","parameters":{},"actions":[{"type":"keyDown","value":"î€‡"},{"type":"pause","duration":10},{"type":"keyUp","value":"î€‡"}]}]}
RESULT: {"actions":[{"id":"action7","type":"key","parameters":{},"actions":[{"type":"keyDown","value":"î€‡"},{"type":"pause","duration":10},{"type":"keyUp","value":"î€‡"}]}]}
COMMAND: GET /session/c3f4cae206c3d63be7f787b9be2a6a7b/screenshot - {}
RESULT: {}
COMMAND: POST /session/c3f4cae206c3d63be7f787b9be2a6a7b/element - {"using":"xpath","value":"//span[@id=\"application-ruinventorylist-display-component---Master--smartTableRuInventoryList-header-inner\"]"}
RESULT: {"using":"xpath","value":"//span[@id=\"application-ruinventorylist-display-component---Master--smartTableRuInventoryList-header-inner\"]"}
COMMAND: POST /session/c3f4cae206c3d63be7f787b9be2a6a7b/elements - {"using":"xpath","value":"//span[@id=\"application-ruinventorylist-display-component---Master--smartTableRuInventoryList-header-inner\"]"}
RESULT: {"using":"xpath","value":"//span[@id=\"application-ruinventorylist-display-component---Master--smartTableRuInventoryList-header-inner\"]"}
COMMAND: POST /session/c3f4cae206c3d63be7f787b9be2a6a7b/execute/sync - {"script":"<script> [56 bytes]","args":[{"element-6066-11e4-a52e-4f735466cecf":"f.28F387A578A7289013B97F22A2D0145A.d.B2105A32DF2212F97ED811E048EBDBC5.e.900","ELEMENT":"f.28F387A578A7289013B97F22A2D0145A.d.B2105A32DF2212F97ED811E048EBDBC5.e.900"}]}
RESULT: {"script":"<script> [56 bytes]","args":[{"element-6066-11e4-a52e-4f735466cecf":"f.28F387A578A7289013B97F22A2D0145A.d.B2105A32DF2212F97ED811E048EBDBC5.e.900","ELEMENT":"f.28F387A578A7289013B97F22A2D0145A.d.B2105A32DF2212F97ED811E048EBDBC5.e.900"}]}
COMMAND: POST /session/c3f4cae206c3d63be7f787b9be2a6a7b/element - {"using":"xpath","value":"//table[contains(@id, \"application-ruinventorylist-display-component---Master--tableRuInventoryList-listUl\")]/tbody/tr[1]/td[2]/div/div"}
COMMAND: GET /session/c3f4cae206c3d63be7f787b9be2a6a7b/screenshot - {}
RESULT: {"using":"xpath","value":"//table[contains(@id, \"application-ruinventorylist-display-component---Master--tableRuInventoryList-listUl\")]/tbody/tr[1]/td[2]/div/div"}
COMMAND: POST /session/c3f4cae206c3d63be7f787b9be2a6a7b/element/f.28F387A578A7289013B97F22A2D0145A.d.B2105A32DF2212F97ED811E048EBDBC5.e.1689/click - {}
RESULT: {}
RESULT: {}
COMMAND: GET /session/c3f4cae206c3d63be7f787b9be2a6a7b/screenshot - {}
RESULT: {}
COMMAND: POST /session/c3f4cae206c3d63be7f787b9be2a6a7b/element - {"using":"xpath","value":"//div[contains(@id, \"smartFilterBar-btnBasicSearch-reset\")]"}
RESULT: {"using":"xpath","value":"//div[contains(@id, \"smartFilterBar-btnBasicSearch-reset\")]"}
COMMAND: POST /session/c3f4cae206c3d63be7f787b9be2a6a7b/element/f.28F387A578A7289013B97F22A2D0145A.d.B2105A32DF2212F97ED811E048EBDBC5.e.917/click - {}
RESULT: {}
COMMAND: GET /session/c3f4cae206c3d63be7f787b9be2a6a7b/screenshot - {}
RESULT: {}
RESULT: undefined
COMMAND: POST /session/c3f4cae206c3d63be7f787b9be2a6a7b/execute/async - {"script":"<script> [776 bytes]","args":[{"enterText":"401002","selector":{"id":"application-ruinventorylist-display-component---Master--smartFilterBar-btnBasicSearch","interaction":{"idSuffix":"I"}},"clearTextFirst":true,"interactionType":"ENTER_TEXT"}]}
RESULT: {"script":"<script> [776 bytes]","args":[{"enterText":"401002","selector":{"id":"application-ruinventorylist-display-component---Master--smartFilterBar-btnBasicSearch","interaction":{"idSuffix":"I"}},"clearTextFirst":true,"interactionType":"ENTER_TEXT"}]}
COMMAND: POST /session/c3f4cae206c3d63be7f787b9be2a6a7b/actions - {"actions":[{"id":"action8","type":"key","parameters":{},"actions":[{"type":"keyDown","value":"î€‡"},{"type":"pause","duration":10},{"type":"keyUp","value":"î€‡"}]}]}
RESULT: {"actions":[{"id":"action8","type":"key","parameters":{},"actions":[{"type":"keyDown","value":"î€‡"},{"type":"pause","duration":10},{"type":"keyUp","value":"î€‡"}]}]}
COMMAND: GET /session/c3f4cae206c3d63be7f787b9be2a6a7b/screenshot - {}
RESULT: {}
COMMAND: POST /session/c3f4cae206c3d63be7f787b9be2a6a7b/element - {"using":"xpath","value":"//span[@id=\"application-ruinventorylist-display-component---Master--smartTableRuInventoryList-header-inner\"]"}
RESULT: {"using":"xpath","value":"//span[@id=\"application-ruinventorylist-display-component---Master--smartTableRuInventoryList-header-inner\"]"}
COMMAND: POST /session/c3f4cae206c3d63be7f787b9be2a6a7b/elements - {"using":"xpath","value":"//span[@id=\"application-ruinventorylist-display-component---Master--smartTableRuInventoryList-header-inner\"]"}
RESULT: {"using":"xpath","value":"//span[@id=\"application-ruinventorylist-display-component---Master--smartTableRuInventoryList-header-inner\"]"}
COMMAND: POST /session/c3f4cae206c3d63be7f787b9be2a6a7b/execute/sync - {"script":"<script> [56 bytes]","args":[{"element-6066-11e4-a52e-4f735466cecf":"f.28F387A578A7289013B97F22A2D0145A.d.B2105A32DF2212F97ED811E048EBDBC5.e.900","ELEMENT":"f.28F387A578A7289013B97F22A2D0145A.d.B2105A32DF2212F97ED811E048EBDBC5.e.900"}]}
RESULT: {"script":"<script> [56 bytes]","args":[{"element-6066-11e4-a52e-4f735466cecf":"f.28F387A578A7289013B97F22A2D0145A.d.B2105A32DF2212F97ED811E048EBDBC5.e.900","ELEMENT":"f.28F387A578A7289013B97F22A2D0145A.d.B2105A32DF2212F97ED811E048EBDBC5.e.900"}]}
COMMAND: POST /session/c3f4cae206c3d63be7f787b9be2a6a7b/element - {"using":"xpath","value":"//table[contains(@id, \"application-ruinventorylist-display-component---Master--tableRuInventoryList-listUl\")]/tbody/tr[1]/td[2]/div/div"}
COMMAND: GET /session/c3f4cae206c3d63be7f787b9be2a6a7b/screenshot - {}
RESULT: {"using":"xpath","value":"//table[contains(@id, \"application-ruinventorylist-display-component---Master--tableRuInventoryList-listUl\")]/tbody/tr[1]/td[2]/div/div"}
COMMAND: POST /session/c3f4cae206c3d63be7f787b9be2a6a7b/element/f.28F387A578A7289013B97F22A2D0145A.d.B2105A32DF2212F97ED811E048EBDBC5.e.1870/click - {}
RESULT: {}
RESULT: {}
COMMAND: GET /session/c3f4cae206c3d63be7f787b9be2a6a7b/screenshot - {}
RESULT: {}
COMMAND: POST /session/c3f4cae206c3d63be7f787b9be2a6a7b/element - {"using":"xpath","value":"//div[contains(@id, \"smartFilterBar-btnBasicSearch-reset\")]"}
RESULT: {"using":"xpath","value":"//div[contains(@id, \"smartFilterBar-btnBasicSearch-reset\")]"}
COMMAND: POST /session/c3f4cae206c3d63be7f787b9be2a6a7b/element/f.28F387A578A7289013B97F22A2D0145A.d.B2105A32DF2212F97ED811E048EBDBC5.e.917/click - {}
RESULT: {}
COMMAND: GET /session/c3f4cae206c3d63be7f787b9be2a6a7b/screenshot - {}
RESULT: {}
COMMAND: POST /session/c3f4cae206c3d63be7f787b9be2a6a7b/element/f.28F387A578A7289013B97F22A2D0145A.d.B2105A32DF2212F97ED811E048EBDBC5.e.301/click - {}
RESULT: {}
COMMAND: GET /session/c3f4cae206c3d63be7f787b9be2a6a7b/screenshot - {}
RESULT: {}
RESULT: undefined
COMMAND: POST /session/c3f4cae206c3d63be7f787b9be2a6a7b/element - {"using":"xpath","value":"//*[@id=\"application-ruinventorylist-display-component---Master--ruStateTypes-arrow\"]"}
RESULT: {"using":"xpath","value":"//*[@id=\"application-ruinventorylist-display-component---Master--ruStateTypes-arrow\"]"}
COMMAND: POST /session/c3f4cae206c3d63be7f787b9be2a6a7b/element/f.28F387A578A7289013B97F22A2D0145A.d.B2105A32DF2212F97ED811E048EBDBC5.e.2060/click - {}
RESULT: {}
COMMAND: GET /session/c3f4cae206c3d63be7f787b9be2a6a7b/screenshot - {}
RESULT: {}
COMMAND: POST /session/c3f4cae206c3d63be7f787b9be2a6a7b/element - {"using":"xpath","value":"//li[.//span[text()=\"available\"]]"}
RESULT: {"using":"xpath","value":"//li[.//span[text()=\"available\"]]"}
COMMAND: POST /session/c3f4cae206c3d63be7f787b9be2a6a7b/element/f.28F387A578A7289013B97F22A2D0145A.d.B2105A32DF2212F97ED811E048EBDBC5.e.2061/click - {}
RESULT: {}
COMMAND: GET /session/c3f4cae206c3d63be7f787b9be2a6a7b/screenshot - {}
RESULT: {}
COMMAND: POST /session/c3f4cae206c3d63be7f787b9be2a6a7b/element - {"using":"xpath","value":"(//bdi[contains(text(), \"OK\")])[1]"}
RESULT: {"using":"xpath","value":"(//bdi[contains(text(), \"OK\")])[1]"}
COMMAND: POST /session/c3f4cae206c3d63be7f787b9be2a6a7b/element/f.28F387A578A7289013B97F22A2D0145A.d.B2105A32DF2212F97ED811E048EBDBC5.e.2062/click - {}
RESULT: {}
COMMAND: GET /session/c3f4cae206c3d63be7f787b9be2a6a7b/screenshot - {}
RESULT: {}
COMMAND: POST /session/c3f4cae206c3d63be7f787b9be2a6a7b/element - {"using":"xpath","value":"(//bdi[contains(text(), \"OK\")])[2]"}
RESULT: {"using":"xpath","value":"(//bdi[contains(text(), \"OK\")])[2]"}
COMMAND: POST /session/c3f4cae206c3d63be7f787b9be2a6a7b/element/f.28F387A578A7289013B97F22A2D0145A.d.B2105A32DF2212F97ED811E048EBDBC5.e.2067/click - {}
RESULT: {}
COMMAND: GET /session/c3f4cae206c3d63be7f787b9be2a6a7b/screenshot - {}
RESULT: {}
RESULT: undefined
COMMAND: POST /session/c3f4cae206c3d63be7f787b9be2a6a7b/execute/async - {"script":"<script> [776 bytes]","args":[{"enterText":"600002","selector":{"id":"application-ruinventorylist-display-component---Master--smartFilterBar-btnBasicSearch","interaction":{"idSuffix":"I"}},"clearTextFirst":true,"interactionType":"ENTER_TEXT"}]}
RESULT: {"script":"<script> [776 bytes]","args":[{"enterText":"600002","selector":{"id":"application-ruinventorylist-display-component---Master--smartFilterBar-btnBasicSearch","interaction":{"idSuffix":"I"}},"clearTextFirst":true,"interactionType":"ENTER_TEXT"}]}
COMMAND: POST /session/c3f4cae206c3d63be7f787b9be2a6a7b/actions - {"actions":[{"id":"action9","type":"key","parameters":{},"actions":[{"type":"keyDown","value":"î€‡"},{"type":"pause","duration":10},{"type":"keyUp","value":"î€‡"}]}]}
RESULT: {"actions":[{"id":"action9","type":"key","parameters":{},"actions":[{"type":"keyDown","value":"î€‡"},{"type":"pause","duration":10},{"type":"keyUp","value":"î€‡"}]}]}
COMMAND: GET /session/c3f4cae206c3d63be7f787b9be2a6a7b/screenshot - {}
RESULT: {}
COMMAND: POST /session/c3f4cae206c3d63be7f787b9be2a6a7b/element - {"using":"xpath","value":"//span[@id=\"application-ruinventorylist-display-component---Master--smartTableRuInventoryList-header-inner\"]"}
RESULT: {"using":"xpath","value":"//span[@id=\"application-ruinventorylist-display-component---Master--smartTableRuInventoryList-header-inner\"]"}
COMMAND: POST /session/c3f4cae206c3d63be7f787b9be2a6a7b/elements - {"using":"xpath","value":"//span[@id=\"application-ruinventorylist-display-component---Master--smartTableRuInventoryList-header-inner\"]"}
RESULT: {"using":"xpath","value":"//span[@id=\"application-ruinventorylist-display-component---Master--smartTableRuInventoryList-header-inner\"]"}
COMMAND: POST /session/c3f4cae206c3d63be7f787b9be2a6a7b/execute/sync - {"script":"<script> [56 bytes]","args":[{"element-6066-11e4-a52e-4f735466cecf":"f.28F387A578A7289013B97F22A2D0145A.d.B2105A32DF2212F97ED811E048EBDBC5.e.900","ELEMENT":"f.28F387A578A7289013B97F22A2D0145A.d.B2105A32DF2212F97ED811E048EBDBC5.e.900"}]}
RESULT: {"script":"<script> [56 bytes]","args":[{"element-6066-11e4-a52e-4f735466cecf":"f.28F387A578A7289013B97F22A2D0145A.d.B2105A32DF2212F97ED811E048EBDBC5.e.900","ELEMENT":"f.28F387A578A7289013B97F22A2D0145A.d.B2105A32DF2212F97ED811E048EBDBC5.e.900"}]}
COMMAND: POST /session/c3f4cae206c3d63be7f787b9be2a6a7b/element - {"using":"xpath","value":"//table[contains(@id, \"application-ruinventorylist-display-component---Master--tableRuInventoryList-listUl\")]/tbody/tr[1]/td[6]/div/span"}
COMMAND: GET /session/c3f4cae206c3d63be7f787b9be2a6a7b/screenshot - {}
RESULT: {"using":"xpath","value":"//table[contains(@id, \"application-ruinventorylist-display-component---Master--tableRuInventoryList-listUl\")]/tbody/tr[1]/td[6]/div/span"}
COMMAND: POST /session/c3f4cae206c3d63be7f787b9be2a6a7b/execute/sync - {"script":"<script> [56 bytes]","args":[{"element-6066-11e4-a52e-4f735466cecf":"f.28F387A578A7289013B97F22A2D0145A.d.B2105A32DF2212F97ED811E048EBDBC5.e.2095","ELEMENT":"f.28F387A578A7289013B97F22A2D0145A.d.B2105A32DF2212F97ED811E048EBDBC5.e.2095"}]}
RESULT: {}
RESULT: {"script":"<script> [56 bytes]","args":[{"element-6066-11e4-a52e-4f735466cecf":"f.28F387A578A7289013B97F22A2D0145A.d.B2105A32DF2212F97ED811E048EBDBC5.e.2095","ELEMENT":"f.28F387A578A7289013B97F22A2D0145A.d.B2105A32DF2212F97ED811E048EBDBC5.e.2095"}]}
COMMAND: POST /session/c3f4cae206c3d63be7f787b9be2a6a7b/element - {"using":"xpath","value":"//div[contains(@id, \"smartFilterBar-btnBasicSearch-reset\")]"}
COMMAND: GET /session/c3f4cae206c3d63be7f787b9be2a6a7b/screenshot - {}
RESULT: {"using":"xpath","value":"//div[contains(@id, \"smartFilterBar-btnBasicSearch-reset\")]"}
COMMAND: POST /session/c3f4cae206c3d63be7f787b9be2a6a7b/element/f.28F387A578A7289013B97F22A2D0145A.d.B2105A32DF2212F97ED811E048EBDBC5.e.917/click - {}
RESULT: {}
RESULT: {}
COMMAND: GET /session/c3f4cae206c3d63be7f787b9be2a6a7b/screenshot - {}
RESULT: {}
RESULT: undefined
COMMAND: POST /session/c3f4cae206c3d63be7f787b9be2a6a7b/execute/async - {"script":"<script> [776 bytes]","args":[{"enterText":"401002","selector":{"id":"application-ruinventorylist-display-component---Master--smartFilterBar-btnBasicSearch","interaction":{"idSuffix":"I"}},"clearTextFirst":true,"interactionType":"ENTER_TEXT"}]}
RESULT: {"script":"<script> [776 bytes]","args":[{"enterText":"401002","selector":{"id":"application-ruinventorylist-display-component---Master--smartFilterBar-btnBasicSearch","interaction":{"idSuffix":"I"}},"clearTextFirst":true,"interactionType":"ENTER_TEXT"}]}
COMMAND: POST /session/c3f4cae206c3d63be7f787b9be2a6a7b/actions - {"actions":[{"id":"action10","type":"key","parameters":{},"actions":[{"type":"keyDown","value":"î€‡"},{"type":"pause","duration":10},{"type":"keyUp","value":"î€‡"}]}]}
RESULT: {"actions":[{"id":"action10","type":"key","parameters":{},"actions":[{"type":"keyDown","value":"î€‡"},{"type":"pause","duration":10},{"type":"keyUp","value":"î€‡"}]}]}
COMMAND: GET /session/c3f4cae206c3d63be7f787b9be2a6a7b/screenshot - {}
RESULT: {}
COMMAND: POST /session/c3f4cae206c3d63be7f787b9be2a6a7b/element - {"using":"xpath","value":"//span[@id=\"application-ruinventorylist-display-component---Master--smartTableRuInventoryList-header-inner\"]"}
RESULT: {"using":"xpath","value":"//span[@id=\"application-ruinventorylist-display-component---Master--smartTableRuInventoryList-header-inner\"]"}
COMMAND: POST /session/c3f4cae206c3d63be7f787b9be2a6a7b/elements - {"using":"xpath","value":"//span[@id=\"application-ruinventorylist-display-component---Master--smartTableRuInventoryList-header-inner\"]"}
RESULT: {"using":"xpath","value":"//span[@id=\"application-ruinventorylist-display-component---Master--smartTableRuInventoryList-header-inner\"]"}
COMMAND: POST /session/c3f4cae206c3d63be7f787b9be2a6a7b/execute/sync - {"script":"<script> [56 bytes]","args":[{"element-6066-11e4-a52e-4f735466cecf":"f.28F387A578A7289013B97F22A2D0145A.d.B2105A32DF2212F97ED811E048EBDBC5.e.900","ELEMENT":"f.28F387A578A7289013B97F22A2D0145A.d.B2105A32DF2212F97ED811E048EBDBC5.e.900"}]}
RESULT: {"script":"<script> [56 bytes]","args":[{"element-6066-11e4-a52e-4f735466cecf":"f.28F387A578A7289013B97F22A2D0145A.d.B2105A32DF2212F97ED811E048EBDBC5.e.900","ELEMENT":"f.28F387A578A7289013B97F22A2D0145A.d.B2105A32DF2212F97ED811E048EBDBC5.e.900"}]}
COMMAND: POST /session/c3f4cae206c3d63be7f787b9be2a6a7b/element - {"using":"xpath","value":"//table[contains(@id, \"application-ruinventorylist-display-component---Master--tableRuInventoryList-listUl\")]/tbody/tr[1]/td[6]/div/span"}
COMMAND: GET /session/c3f4cae206c3d63be7f787b9be2a6a7b/screenshot - {}
RESULT: {"using":"xpath","value":"//table[contains(@id, \"application-ruinventorylist-display-component---Master--tableRuInventoryList-listUl\")]/tbody/tr[1]/td[6]/div/span"}
COMMAND: POST /session/c3f4cae206c3d63be7f787b9be2a6a7b/execute/sync - {"script":"<script> [56 bytes]","args":[{"element-6066-11e4-a52e-4f735466cecf":"f.28F387A578A7289013B97F22A2D0145A.d.B2105A32DF2212F97ED811E048EBDBC5.e.2190","ELEMENT":"f.28F387A578A7289013B97F22A2D0145A.d.B2105A32DF2212F97ED811E048EBDBC5.e.2190"}]}
RESULT: {}
RESULT: {"script":"<script> [56 bytes]","args":[{"element-6066-11e4-a52e-4f735466cecf":"f.28F387A578A7289013B97F22A2D0145A.d.B2105A32DF2212F97ED811E048EBDBC5.e.2190","ELEMENT":"f.28F387A578A7289013B97F22A2D0145A.d.B2105A32DF2212F97ED811E048EBDBC5.e.2190"}]}
COMMAND: POST /session/c3f4cae206c3d63be7f787b9be2a6a7b/element - {"using":"xpath","value":"//div[contains(@id, \"smartFilterBar-btnBasicSearch-reset\")]"}
COMMAND: GET /session/c3f4cae206c3d63be7f787b9be2a6a7b/screenshot - {}
RESULT: {"using":"xpath","value":"//div[contains(@id, \"smartFilterBar-btnBasicSearch-reset\")]"}
COMMAND: POST /session/c3f4cae206c3d63be7f787b9be2a6a7b/element/f.28F387A578A7289013B97F22A2D0145A.d.B2105A32DF2212F97ED811E048EBDBC5.e.917/click - {}
RESULT: {}
RESULT: {}
COMMAND: GET /session/c3f4cae206c3d63be7f787b9be2a6a7b/screenshot - {}
RESULT: {}
COMMAND: POST /session/c3f4cae206c3d63be7f787b9be2a6a7b/element - {"using":"css selector","value":"#shell-header-logo"}
RESULT: {"using":"css selector","value":"#shell-header-logo"}
COMMAND: POST /session/c3f4cae206c3d63be7f787b9be2a6a7b/element/f.28F387A578A7289013B97F22A2D0145A.d.B2105A32DF2212F97ED811E048EBDBC5.e.269/click - {}
RESULT: {}
COMMAND: GET /session/c3f4cae206c3d63be7f787b9be2a6a7b/screenshot - {}
RESULT: {}
]]></system-out>
    </testcase>
    <testcase classname="chrome.135_0_7049_96.windows.RU_Inventory_Mass_State_Change_Multiple_Items_US151066" name="Prerequisite Step 2 Should create a new equipment" time="159.609">
      <system-out><![CDATA[
COMMAND: POST /session/c3f4cae206c3d63be7f787b9be2a6a7b/execute/async - {"script":"<script> [1562 bytes]","args":[{"selector":{"controlType":"sap.m.GenericTile","properties":{"header":"Manage Resources"}},"wdio_ui5_key":"sapm.GenericTile{\"header\":\"Manage Resources\"}"}]}
RESULT: {"script":"<script> [1562 bytes]","args":[{"selector":{"controlType":"sap.m.GenericTile","properties":{"header":"Manage Resources"}},"wdio_ui5_key":"sapm.GenericTile{\"header\":\"Manage Resources\"}"}]}
RESULT: undefined
COMMAND: POST /session/c3f4cae206c3d63be7f787b9be2a6a7b/element - {"using":"xpath","value":"//*[@id=\"__tile39\"]"}
RESULT: {"using":"xpath","value":"//*[@id=\"__tile39\"]"}
COMMAND: POST /session/c3f4cae206c3d63be7f787b9be2a6a7b/element/f.28F387A578A7289013B97F22A2D0145A.d.B2105A32DF2212F97ED811E048EBDBC5.e.156/click - {}
RESULT: {}
COMMAND: POST /session/c3f4cae206c3d63be7f787b9be2a6a7b/element - {"using":"xpath","value":"//button[@data-kt=\"addNewRUOverflowToolbarButton\"]"}
COMMAND: GET /session/c3f4cae206c3d63be7f787b9be2a6a7b/screenshot - {}
RESULT: {"using":"xpath","value":"//button[@data-kt=\"addNewRUOverflowToolbarButton\"]"}
COMMAND: POST /session/c3f4cae206c3d63be7f787b9be2a6a7b/elements - {"using":"xpath","value":"//button[@data-kt=\"addNewRUOverflowToolbarButton\"]"}
RESULT: {}
RESULT: {"using":"xpath","value":"//button[@data-kt=\"addNewRUOverflowToolbarButton\"]"}
COMMAND: POST /session/c3f4cae206c3d63be7f787b9be2a6a7b/elements - {"using":"xpath","value":"//button[@data-kt=\"addNewRUOverflowToolbarButton\"]"}
RESULT: {"using":"xpath","value":"//button[@data-kt=\"addNewRUOverflowToolbarButton\"]"}
COMMAND: POST /session/c3f4cae206c3d63be7f787b9be2a6a7b/elements - {"using":"xpath","value":"//button[@data-kt=\"addNewRUOverflowToolbarButton\"]"}
RESULT: {"using":"xpath","value":"//button[@data-kt=\"addNewRUOverflowToolbarButton\"]"}
COMMAND: POST /session/c3f4cae206c3d63be7f787b9be2a6a7b/elements - {"using":"xpath","value":"//button[@data-kt=\"addNewRUOverflowToolbarButton\"]"}
RESULT: {"using":"xpath","value":"//button[@data-kt=\"addNewRUOverflowToolbarButton\"]"}
COMMAND: POST /session/c3f4cae206c3d63be7f787b9be2a6a7b/elements - {"using":"xpath","value":"//button[@data-kt=\"addNewRUOverflowToolbarButton\"]"}
RESULT: {"using":"xpath","value":"//button[@data-kt=\"addNewRUOverflowToolbarButton\"]"}
COMMAND: POST /session/c3f4cae206c3d63be7f787b9be2a6a7b/elements - {"using":"xpath","value":"//button[@data-kt=\"addNewRUOverflowToolbarButton\"]"}
RESULT: {"using":"xpath","value":"//button[@data-kt=\"addNewRUOverflowToolbarButton\"]"}
COMMAND: POST /session/c3f4cae206c3d63be7f787b9be2a6a7b/elements - {"using":"xpath","value":"//button[@data-kt=\"addNewRUOverflowToolbarButton\"]"}
RESULT: {"using":"xpath","value":"//button[@data-kt=\"addNewRUOverflowToolbarButton\"]"}
COMMAND: POST /session/c3f4cae206c3d63be7f787b9be2a6a7b/elements - {"using":"xpath","value":"//button[@data-kt=\"addNewRUOverflowToolbarButton\"]"}
RESULT: {"using":"xpath","value":"//button[@data-kt=\"addNewRUOverflowToolbarButton\"]"}
COMMAND: POST /session/c3f4cae206c3d63be7f787b9be2a6a7b/elements - {"using":"xpath","value":"//button[@data-kt=\"addNewRUOverflowToolbarButton\"]"}
RESULT: {"using":"xpath","value":"//button[@data-kt=\"addNewRUOverflowToolbarButton\"]"}
COMMAND: POST /session/c3f4cae206c3d63be7f787b9be2a6a7b/elements - {"using":"xpath","value":"//button[@data-kt=\"addNewRUOverflowToolbarButton\"]"}
RESULT: {"using":"xpath","value":"//button[@data-kt=\"addNewRUOverflowToolbarButton\"]"}
COMMAND: POST /session/c3f4cae206c3d63be7f787b9be2a6a7b/elements - {"using":"xpath","value":"//button[@data-kt=\"addNewRUOverflowToolbarButton\"]"}
RESULT: {"using":"xpath","value":"//button[@data-kt=\"addNewRUOverflowToolbarButton\"]"}
COMMAND: POST /session/c3f4cae206c3d63be7f787b9be2a6a7b/elements - {"using":"xpath","value":"//button[@data-kt=\"addNewRUOverflowToolbarButton\"]"}
RESULT: {"using":"xpath","value":"//button[@data-kt=\"addNewRUOverflowToolbarButton\"]"}
COMMAND: POST /session/c3f4cae206c3d63be7f787b9be2a6a7b/elements - {"using":"xpath","value":"//button[@data-kt=\"addNewRUOverflowToolbarButton\"]"}
RESULT: {"using":"xpath","value":"//button[@data-kt=\"addNewRUOverflowToolbarButton\"]"}
COMMAND: POST /session/c3f4cae206c3d63be7f787b9be2a6a7b/elements - {"using":"xpath","value":"//button[@data-kt=\"addNewRUOverflowToolbarButton\"]"}
RESULT: {"using":"xpath","value":"//button[@data-kt=\"addNewRUOverflowToolbarButton\"]"}
COMMAND: POST /session/c3f4cae206c3d63be7f787b9be2a6a7b/elements - {"using":"xpath","value":"//button[@data-kt=\"addNewRUOverflowToolbarButton\"]"}
RESULT: {"using":"xpath","value":"//button[@data-kt=\"addNewRUOverflowToolbarButton\"]"}
COMMAND: POST /session/c3f4cae206c3d63be7f787b9be2a6a7b/elements - {"using":"xpath","value":"//button[@data-kt=\"addNewRUOverflowToolbarButton\"]"}
RESULT: {"using":"xpath","value":"//button[@data-kt=\"addNewRUOverflowToolbarButton\"]"}
COMMAND: POST /session/c3f4cae206c3d63be7f787b9be2a6a7b/elements - {"using":"xpath","value":"//button[@data-kt=\"addNewRUOverflowToolbarButton\"]"}
RESULT: {"using":"xpath","value":"//button[@data-kt=\"addNewRUOverflowToolbarButton\"]"}
COMMAND: POST /session/c3f4cae206c3d63be7f787b9be2a6a7b/elements - {"using":"xpath","value":"//button[@data-kt=\"addNewRUOverflowToolbarButton\"]"}
RESULT: {"using":"xpath","value":"//button[@data-kt=\"addNewRUOverflowToolbarButton\"]"}
COMMAND: POST /session/c3f4cae206c3d63be7f787b9be2a6a7b/elements - {"using":"xpath","value":"//button[@data-kt=\"addNewRUOverflowToolbarButton\"]"}
RESULT: {"using":"xpath","value":"//button[@data-kt=\"addNewRUOverflowToolbarButton\"]"}
COMMAND: POST /session/c3f4cae206c3d63be7f787b9be2a6a7b/elements - {"using":"xpath","value":"//button[@data-kt=\"addNewRUOverflowToolbarButton\"]"}
RESULT: {"using":"xpath","value":"//button[@data-kt=\"addNewRUOverflowToolbarButton\"]"}
COMMAND: POST /session/c3f4cae206c3d63be7f787b9be2a6a7b/elements - {"using":"xpath","value":"//button[@data-kt=\"addNewRUOverflowToolbarButton\"]"}
RESULT: {"using":"xpath","value":"//button[@data-kt=\"addNewRUOverflowToolbarButton\"]"}
COMMAND: POST /session/c3f4cae206c3d63be7f787b9be2a6a7b/elements - {"using":"xpath","value":"//button[@data-kt=\"addNewRUOverflowToolbarButton\"]"}
RESULT: {"using":"xpath","value":"//button[@data-kt=\"addNewRUOverflowToolbarButton\"]"}
COMMAND: POST /session/c3f4cae206c3d63be7f787b9be2a6a7b/elements - {"using":"xpath","value":"//button[@data-kt=\"addNewRUOverflowToolbarButton\"]"}
RESULT: {"using":"xpath","value":"//button[@data-kt=\"addNewRUOverflowToolbarButton\"]"}
COMMAND: POST /session/c3f4cae206c3d63be7f787b9be2a6a7b/elements - {"using":"xpath","value":"//button[@data-kt=\"addNewRUOverflowToolbarButton\"]"}
RESULT: {"using":"xpath","value":"//button[@data-kt=\"addNewRUOverflowToolbarButton\"]"}
COMMAND: POST /session/c3f4cae206c3d63be7f787b9be2a6a7b/elements - {"using":"xpath","value":"//button[@data-kt=\"addNewRUOverflowToolbarButton\"]"}
RESULT: {"using":"xpath","value":"//button[@data-kt=\"addNewRUOverflowToolbarButton\"]"}
COMMAND: POST /session/c3f4cae206c3d63be7f787b9be2a6a7b/elements - {"using":"xpath","value":"//button[@data-kt=\"addNewRUOverflowToolbarButton\"]"}
RESULT: {"using":"xpath","value":"//button[@data-kt=\"addNewRUOverflowToolbarButton\"]"}
COMMAND: POST /session/c3f4cae206c3d63be7f787b9be2a6a7b/elements - {"using":"xpath","value":"//button[@data-kt=\"addNewRUOverflowToolbarButton\"]"}
RESULT: {"using":"xpath","value":"//button[@data-kt=\"addNewRUOverflowToolbarButton\"]"}
COMMAND: POST /session/c3f4cae206c3d63be7f787b9be2a6a7b/elements - {"using":"xpath","value":"//button[@data-kt=\"addNewRUOverflowToolbarButton\"]"}
RESULT: {"using":"xpath","value":"//button[@data-kt=\"addNewRUOverflowToolbarButton\"]"}
COMMAND: POST /session/c3f4cae206c3d63be7f787b9be2a6a7b/elements - {"using":"xpath","value":"//button[@data-kt=\"addNewRUOverflowToolbarButton\"]"}
RESULT: {"using":"xpath","value":"//button[@data-kt=\"addNewRUOverflowToolbarButton\"]"}
COMMAND: POST /session/c3f4cae206c3d63be7f787b9be2a6a7b/elements - {"using":"xpath","value":"//button[@data-kt=\"addNewRUOverflowToolbarButton\"]"}
RESULT: {"using":"xpath","value":"//button[@data-kt=\"addNewRUOverflowToolbarButton\"]"}
COMMAND: POST /session/c3f4cae206c3d63be7f787b9be2a6a7b/elements - {"using":"xpath","value":"//button[@data-kt=\"addNewRUOverflowToolbarButton\"]"}
RESULT: {"using":"xpath","value":"//button[@data-kt=\"addNewRUOverflowToolbarButton\"]"}
COMMAND: POST /session/c3f4cae206c3d63be7f787b9be2a6a7b/elements - {"using":"xpath","value":"//button[@data-kt=\"addNewRUOverflowToolbarButton\"]"}
RESULT: {"using":"xpath","value":"//button[@data-kt=\"addNewRUOverflowToolbarButton\"]"}
COMMAND: POST /session/c3f4cae206c3d63be7f787b9be2a6a7b/elements - {"using":"xpath","value":"//button[@data-kt=\"addNewRUOverflowToolbarButton\"]"}
RESULT: {"using":"xpath","value":"//button[@data-kt=\"addNewRUOverflowToolbarButton\"]"}
COMMAND: POST /session/c3f4cae206c3d63be7f787b9be2a6a7b/elements - {"using":"xpath","value":"//button[@data-kt=\"addNewRUOverflowToolbarButton\"]"}
RESULT: {"using":"xpath","value":"//button[@data-kt=\"addNewRUOverflowToolbarButton\"]"}
COMMAND: POST /session/c3f4cae206c3d63be7f787b9be2a6a7b/element - {"using":"xpath","value":"//button[@data-kt=\"addNewRUOverflowToolbarButton\"]"}
RESULT: {"using":"xpath","value":"//button[@data-kt=\"addNewRUOverflowToolbarButton\"]"}
COMMAND: POST /session/c3f4cae206c3d63be7f787b9be2a6a7b/execute/sync - {"script":"<script> [8489 bytes]","args":[{"element-6066-11e4-a52e-4f735466cecf":"f.28F387A578A7289013B97F22A2D0145A.d.B2105A32DF2212F97ED811E048EBDBC5.e.2306","ELEMENT":"f.28F387A578A7289013B97F22A2D0145A.d.B2105A32DF2212F97ED811E048EBDBC5.e.2306"}]}
RESULT: {"script":"<script> [8489 bytes]","args":[{"element-6066-11e4-a52e-4f735466cecf":"f.28F387A578A7289013B97F22A2D0145A.d.B2105A32DF2212F97ED811E048EBDBC5.e.2306","ELEMENT":"f.28F387A578A7289013B97F22A2D0145A.d.B2105A32DF2212F97ED811E048EBDBC5.e.2306"}]}
COMMAND: GET /session/c3f4cae206c3d63be7f787b9be2a6a7b/element/f.28F387A578A7289013B97F22A2D0145A.d.B2105A32DF2212F97ED811E048EBDBC5.e.2306/enabled - {}
COMMAND: GET /session/c3f4cae206c3d63be7f787b9be2a6a7b/screenshot - {}
RESULT: {}
COMMAND: POST /session/c3f4cae206c3d63be7f787b9be2a6a7b/execute/sync - {"script":"<script> [8489 bytes]","args":[{"element-6066-11e4-a52e-4f735466cecf":"f.28F387A578A7289013B97F22A2D0145A.d.B2105A32DF2212F97ED811E048EBDBC5.e.2306","ELEMENT":"f.28F387A578A7289013B97F22A2D0145A.d.B2105A32DF2212F97ED811E048EBDBC5.e.2306"}]}
COMMAND: GET /session/c3f4cae206c3d63be7f787b9be2a6a7b/screenshot - {}
RESULT: {}
RESULT: {"script":"<script> [8489 bytes]","args":[{"element-6066-11e4-a52e-4f735466cecf":"f.28F387A578A7289013B97F22A2D0145A.d.B2105A32DF2212F97ED811E048EBDBC5.e.2306","ELEMENT":"f.28F387A578A7289013B97F22A2D0145A.d.B2105A32DF2212F97ED811E048EBDBC5.e.2306"}]}
COMMAND: POST /session/c3f4cae206c3d63be7f787b9be2a6a7b/execute/sync - {"script":"<script> [5351 bytes]","args":[{"element-6066-11e4-a52e-4f735466cecf":"f.28F387A578A7289013B97F22A2D0145A.d.B2105A32DF2212F97ED811E048EBDBC5.e.2306","ELEMENT":"f.28F387A578A7289013B97F22A2D0145A.d.B2105A32DF2212F97ED811E048EBDBC5.e.2306"}]}
RESULT: {}
RESULT: {"script":"<script> [5351 bytes]","args":[{"element-6066-11e4-a52e-4f735466cecf":"f.28F387A578A7289013B97F22A2D0145A.d.B2105A32DF2212F97ED811E048EBDBC5.e.2306","ELEMENT":"f.28F387A578A7289013B97F22A2D0145A.d.B2105A32DF2212F97ED811E048EBDBC5.e.2306"}]}
COMMAND: POST /session/c3f4cae206c3d63be7f787b9be2a6a7b/element/f.28F387A578A7289013B97F22A2D0145A.d.B2105A32DF2212F97ED811E048EBDBC5.e.2306/click - {}
RESULT: {}
COMMAND: GET /session/c3f4cae206c3d63be7f787b9be2a6a7b/screenshot - {}
COMMAND: GET /session/c3f4cae206c3d63be7f787b9be2a6a7b/screenshot - {}
COMMAND: GET /session/c3f4cae206c3d63be7f787b9be2a6a7b/screenshot - {}
RESULT: {}
COMMAND: POST /session/c3f4cae206c3d63be7f787b9be2a6a7b/execute/async - {"script":"<script> [1562 bytes]","args":[{"selector":{"id":"application-manageresources-display-component---newResourceUnit--TYPE-arrow"},"wdio_ui5_key":"applicationmanageresources-display-component---newResourceUnit--TYPE-arrow"}]}
RESULT: {}
RESULT: {}
RESULT: {"script":"<script> [1562 bytes]","args":[{"selector":{"id":"application-manageresources-display-component---newResourceUnit--TYPE-arrow"},"wdio_ui5_key":"applicationmanageresources-display-component---newResourceUnit--TYPE-arrow"}]}
RESULT: undefined
COMMAND: POST /session/c3f4cae206c3d63be7f787b9be2a6a7b/element - {"using":"xpath","value":"//*[@id=\"application-manageresources-display-component---newResourceUnit--TYPE-arrow\"]"}
RESULT: {"using":"xpath","value":"//*[@id=\"application-manageresources-display-component---newResourceUnit--TYPE-arrow\"]"}
COMMAND: POST /session/c3f4cae206c3d63be7f787b9be2a6a7b/element/f.28F387A578A7289013B97F22A2D0145A.d.B2105A32DF2212F97ED811E048EBDBC5.e.2663/click - {}
RESULT: {}
COMMAND: POST /session/c3f4cae206c3d63be7f787b9be2a6a7b/element - {"using":"xpath","value":"//input[@id=\"application-manageresources-display-component---newResourceUnit--TYPE-inner\"]"}
COMMAND: GET /session/c3f4cae206c3d63be7f787b9be2a6a7b/screenshot - {}
RESULT: {"using":"xpath","value":"//input[@id=\"application-manageresources-display-component---newResourceUnit--TYPE-inner\"]"}
COMMAND: POST /session/c3f4cae206c3d63be7f787b9be2a6a7b/element/f.28F387A578A7289013B97F22A2D0145A.d.B2105A32DF2212F97ED811E048EBDBC5.e.2660/clear - {}
RESULT: {}
RESULT: {}
COMMAND: POST /session/c3f4cae206c3d63be7f787b9be2a6a7b/element/f.28F387A578A7289013B97F22A2D0145A.d.B2105A32DF2212F97ED811E048EBDBC5.e.2660/value - {"text":"Equipment"}
COMMAND: GET /session/c3f4cae206c3d63be7f787b9be2a6a7b/screenshot - {}
RESULT: {"text":"Equipment"}
COMMAND: GET /session/c3f4cae206c3d63be7f787b9be2a6a7b/screenshot - {}
RESULT: {}
RESULT: {}
COMMAND: POST /session/c3f4cae206c3d63be7f787b9be2a6a7b/actions - {"actions":[{"id":"action11","type":"key","parameters":{},"actions":[{"type":"keyDown","value":"î€‡"},{"type":"pause","duration":10},{"type":"keyUp","value":"î€‡"}]}]}
RESULT: {"actions":[{"id":"action11","type":"key","parameters":{},"actions":[{"type":"keyDown","value":"î€‡"},{"type":"pause","duration":10},{"type":"keyUp","value":"î€‡"}]}]}
COMMAND: POST /session/c3f4cae206c3d63be7f787b9be2a6a7b/execute/async - {"script":"<script> [1562 bytes]","args":[{"selector":{"id":"application-manageresources-display-component---newResourceUnit--resourceId","interaction":{"idSuffix":"inner"}},"wdio_ui5_key":"applicationmanageresources-display-component---newResourceUnit--resourceId"}]}
COMMAND: GET /session/c3f4cae206c3d63be7f787b9be2a6a7b/screenshot - {}
RESULT: {"script":"<script> [1562 bytes]","args":[{"selector":{"id":"application-manageresources-display-component---newResourceUnit--resourceId","interaction":{"idSuffix":"inner"}},"wdio_ui5_key":"applicationmanageresources-display-component---newResourceUnit--resourceId"}]}
RESULT: undefined
COMMAND: POST /session/c3f4cae206c3d63be7f787b9be2a6a7b/execute/async - {"script":"<script> [776 bytes]","args":[{"enterText":"ag15JoHGCN","selector":{"id":"application-manageresources-display-component---newResourceUnit--resourceId","interaction":{"idSuffix":"inner"}},"clearTextFirst":true,"interactionType":"ENTER_TEXT"}]}
RESULT: {}
RESULT: {"script":"<script> [776 bytes]","args":[{"enterText":"ag15JoHGCN","selector":{"id":"application-manageresources-display-component---newResourceUnit--resourceId","interaction":{"idSuffix":"inner"}},"clearTextFirst":true,"interactionType":"ENTER_TEXT"}]}
COMMAND: POST /session/c3f4cae206c3d63be7f787b9be2a6a7b/execute/async - {"script":"<script> [1562 bytes]","args":[{"selector":{"id":"application-manageresources-display-component---newResourceUnit--SHORT_TEXT","interaction":{"idSuffix":"inner"}},"wdio_ui5_key":"applicationmanageresources-display-component---newResourceUnit--SHORT_TEXT"}]}
RESULT: {"script":"<script> [1562 bytes]","args":[{"selector":{"id":"application-manageresources-display-component---newResourceUnit--SHORT_TEXT","interaction":{"idSuffix":"inner"}},"wdio_ui5_key":"applicationmanageresources-display-component---newResourceUnit--SHORT_TEXT"}]}
RESULT: undefined
COMMAND: POST /session/c3f4cae206c3d63be7f787b9be2a6a7b/execute/async - {"script":"<script> [776 bytes]","args":[{"enterText":"Intercompany Equipment WDIO","selector":{"id":"application-manageresources-display-component---newResourceUnit--SHORT_TEXT","interaction":{"idSuffix":"inner"}},"clearTextFirst":true,"interactionType":"ENTER_TEXT"}]}
RESULT: {"script":"<script> [776 bytes]","args":[{"enterText":"Intercompany Equipment WDIO","selector":{"id":"application-manageresources-display-component---newResourceUnit--SHORT_TEXT","interaction":{"idSuffix":"inner"}},"clearTextFirst":true,"interactionType":"ENTER_TEXT"}]}
COMMAND: POST /session/c3f4cae206c3d63be7f787b9be2a6a7b/execute/async - {"script":"<script> [1562 bytes]","args":[{"selector":{"id":"application-manageresources-display-component---newResourceUnit--BASE_UNIT_OF_MEASURE","interaction":{"idSuffix":"inner"}},"wdio_ui5_key":"applicationmanageresources-display-component---newResourceUnit--BASE_UNIT_OF_MEASURE"}]}
RESULT: {"script":"<script> [1562 bytes]","args":[{"selector":{"id":"application-manageresources-display-component---newResourceUnit--BASE_UNIT_OF_MEASURE","interaction":{"idSuffix":"inner"}},"wdio_ui5_key":"applicationmanageresources-display-component---newResourceUnit--BASE_UNIT_OF_MEASURE"}]}
RESULT: undefined
COMMAND: POST /session/c3f4cae206c3d63be7f787b9be2a6a7b/execute/async - {"script":"<script> [776 bytes]","args":[{"enterText":"Piece","selector":{"id":"application-manageresources-display-component---newResourceUnit--BASE_UNIT_OF_MEASURE","interaction":{"idSuffix":"inner"}},"clearTextFirst":true,"interactionType":"ENTER_TEXT"}]}
RESULT: {"script":"<script> [776 bytes]","args":[{"enterText":"Piece","selector":{"id":"application-manageresources-display-component---newResourceUnit--BASE_UNIT_OF_MEASURE","interaction":{"idSuffix":"inner"}},"clearTextFirst":true,"interactionType":"ENTER_TEXT"}]}
COMMAND: POST /session/c3f4cae206c3d63be7f787b9be2a6a7b/execute/async - {"script":"<script> [1562 bytes]","args":[{"selector":{"id":"application-manageresources-display-component---newResourceUnit--WEIGHT_UNIT","interaction":{"idSuffix":"inner"}},"wdio_ui5_key":"applicationmanageresources-display-component---newResourceUnit--WEIGHT_UNIT"}]}
RESULT: {"script":"<script> [1562 bytes]","args":[{"selector":{"id":"application-manageresources-display-component---newResourceUnit--WEIGHT_UNIT","interaction":{"idSuffix":"inner"}},"wdio_ui5_key":"applicationmanageresources-display-component---newResourceUnit--WEIGHT_UNIT"}]}
RESULT: undefined
COMMAND: POST /session/c3f4cae206c3d63be7f787b9be2a6a7b/execute/async - {"script":"<script> [776 bytes]","args":[{"enterText":"Gram","selector":{"id":"application-manageresources-display-component---newResourceUnit--WEIGHT_UNIT","interaction":{"idSuffix":"inner"}},"clearTextFirst":true,"interactionType":"ENTER_TEXT"}]}
RESULT: {"script":"<script> [776 bytes]","args":[{"enterText":"Gram","selector":{"id":"application-manageresources-display-component---newResourceUnit--WEIGHT_UNIT","interaction":{"idSuffix":"inner"}},"clearTextFirst":true,"interactionType":"ENTER_TEXT"}]}
COMMAND: POST /session/c3f4cae206c3d63be7f787b9be2a6a7b/execute/async - {"script":"<script> [1562 bytes]","args":[{"selector":{"id":"application-manageresources-display-component---newResourceUnit--DIMENSION_UNIT","interaction":{"idSuffix":"inner"}},"wdio_ui5_key":"applicationmanageresources-display-component---newResourceUnit--DIMENSION_UNIT"}]}
RESULT: {"script":"<script> [1562 bytes]","args":[{"selector":{"id":"application-manageresources-display-component---newResourceUnit--DIMENSION_UNIT","interaction":{"idSuffix":"inner"}},"wdio_ui5_key":"applicationmanageresources-display-component---newResourceUnit--DIMENSION_UNIT"}]}
RESULT: undefined
COMMAND: POST /session/c3f4cae206c3d63be7f787b9be2a6a7b/execute/async - {"script":"<script> [776 bytes]","args":[{"enterText":"Meter","selector":{"id":"application-manageresources-display-component---newResourceUnit--DIMENSION_UNIT","interaction":{"idSuffix":"inner"}},"clearTextFirst":true,"interactionType":"ENTER_TEXT"}]}
RESULT: {"script":"<script> [776 bytes]","args":[{"enterText":"Meter","selector":{"id":"application-manageresources-display-component---newResourceUnit--DIMENSION_UNIT","interaction":{"idSuffix":"inner"}},"clearTextFirst":true,"interactionType":"ENTER_TEXT"}]}
COMMAND: POST /session/c3f4cae206c3d63be7f787b9be2a6a7b/execute/async - {"script":"<script> [1562 bytes]","args":[{"selector":{"id":"application-manageresources-display-component---newResourceUnit--newRRUPage-anchBar-application-manageresources-display-component---newResourceUnit--control-anchor","interaction":{"idSuffix":"BDI-content"}},"wdio_ui5_key":"applicationmanageresources-display-component---newResourceUnit--newRRUPage-anchBar-application-manageresources-display-component---newResourceUnit--control-anchor"}]}
RESULT: {"script":"<script> [1562 bytes]","args":[{"selector":{"id":"application-manageresources-display-component---newResourceUnit--newRRUPage-anchBar-application-manageresources-display-component---newResourceUnit--control-anchor","interaction":{"idSuffix":"BDI-content"}},"wdio_ui5_key":"applicationmanageresources-display-component---newResourceUnit--newRRUPage-anchBar-application-manageresources-display-component---newResourceUnit--control-anchor"}]}
RESULT: undefined
COMMAND: POST /session/c3f4cae206c3d63be7f787b9be2a6a7b/element - {"using":"xpath","value":"//*[@id=\"application-manageresources-display-component---newResourceUnit--newRRUPage-anchBar-application-manageresources-display-component---newResourceUnit--control-anchor\"]"}
RESULT: {"using":"xpath","value":"//*[@id=\"application-manageresources-display-component---newResourceUnit--newRRUPage-anchBar-application-manageresources-display-component---newResourceUnit--control-anchor\"]"}
COMMAND: POST /session/c3f4cae206c3d63be7f787b9be2a6a7b/element/f.28F387A578A7289013B97F22A2D0145A.d.B2105A32DF2212F97ED811E048EBDBC5.e.2797/click - {}
RESULT: {}
COMMAND: POST /session/c3f4cae206c3d63be7f787b9be2a6a7b/execute/async - {"script":"<script> [1562 bytes]","args":[{"selector":{"id":"application-manageresources-display-component---newResourceUnit--PLANNING_GROUP","interaction":{"idSuffix":"inner"}},"wdio_ui5_key":"applicationmanageresources-display-component---newResourceUnit--PLANNING_GROUP"}]}
COMMAND: GET /session/c3f4cae206c3d63be7f787b9be2a6a7b/screenshot - {}
RESULT: {"script":"<script> [1562 bytes]","args":[{"selector":{"id":"application-manageresources-display-component---newResourceUnit--PLANNING_GROUP","interaction":{"idSuffix":"inner"}},"wdio_ui5_key":"applicationmanageresources-display-component---newResourceUnit--PLANNING_GROUP"}]}
RESULT: undefined
COMMAND: POST /session/c3f4cae206c3d63be7f787b9be2a6a7b/execute/async - {"script":"<script> [776 bytes]","args":[{"enterText":"Heavy Equi","selector":{"id":"application-manageresources-display-component---newResourceUnit--PLANNING_GROUP","interaction":{"idSuffix":"inner"}},"clearTextFirst":true,"interactionType":"ENTER_TEXT"}]}
RESULT: {}
RESULT: {"script":"<script> [776 bytes]","args":[{"enterText":"Heavy Equi","selector":{"id":"application-manageresources-display-component---newResourceUnit--PLANNING_GROUP","interaction":{"idSuffix":"inner"}},"clearTextFirst":true,"interactionType":"ENTER_TEXT"}]}
COMMAND: POST /session/c3f4cae206c3d63be7f787b9be2a6a7b/execute/async - {"script":"<script> [1562 bytes]","args":[{"selector":{"id":"application-manageresources-display-component---newResourceUnit--ITEM_TYPE-arrow"},"wdio_ui5_key":"applicationmanageresources-display-component---newResourceUnit--ITEM_TYPE-arrow"}]}
RESULT: {"script":"<script> [1562 bytes]","args":[{"selector":{"id":"application-manageresources-display-component---newResourceUnit--ITEM_TYPE-arrow"},"wdio_ui5_key":"applicationmanageresources-display-component---newResourceUnit--ITEM_TYPE-arrow"}]}
RESULT: undefined
COMMAND: POST /session/c3f4cae206c3d63be7f787b9be2a6a7b/element - {"using":"xpath","value":"//*[@id=\"application-manageresources-display-component---newResourceUnit--ITEM_TYPE-arrow\"]"}
RESULT: {"using":"xpath","value":"//*[@id=\"application-manageresources-display-component---newResourceUnit--ITEM_TYPE-arrow\"]"}
COMMAND: POST /session/c3f4cae206c3d63be7f787b9be2a6a7b/element/f.28F387A578A7289013B97F22A2D0145A.d.B2105A32DF2212F97ED811E048EBDBC5.e.2806/click - {}
RESULT: {}
COMMAND: POST /session/c3f4cae206c3d63be7f787b9be2a6a7b/element - {"using":"xpath","value":"(//span[contains(text(), \"Resource Unit\")])[2]"}
COMMAND: GET /session/c3f4cae206c3d63be7f787b9be2a6a7b/screenshot - {}
RESULT: {"using":"xpath","value":"(//span[contains(text(), \"Resource Unit\")])[2]"}
COMMAND: POST /session/c3f4cae206c3d63be7f787b9be2a6a7b/element/f.28F387A578A7289013B97F22A2D0145A.d.B2105A32DF2212F97ED811E048EBDBC5.e.2807/click - {}
RESULT: {}
RESULT: {}
COMMAND: GET /session/c3f4cae206c3d63be7f787b9be2a6a7b/screenshot - {}
RESULT: {}
COMMAND: POST /session/c3f4cae206c3d63be7f787b9be2a6a7b/element - {"using":"css selector","value":"#application-manageresources-display-component---newResourceUnit--btnAddTimeSegment"}
RESULT: {"using":"css selector","value":"#application-manageresources-display-component---newResourceUnit--btnAddTimeSegment"}
COMMAND: GET /session/c3f4cae206c3d63be7f787b9be2a6a7b/element/f.28F387A578A7289013B97F22A2D0145A.d.B2105A32DF2212F97ED811E048EBDBC5.e.2808/rect - {}
RESULT: {}
COMMAND: GET /session/c3f4cae206c3d63be7f787b9be2a6a7b/window/rect - {}
RESULT: {}
COMMAND: POST /session/c3f4cae206c3d63be7f787b9be2a6a7b/execute/sync - {"script":"<script> [92 bytes]","args":[]}
RESULT: {"script":"<script> [92 bytes]","args":[]}
COMMAND: POST /session/c3f4cae206c3d63be7f787b9be2a6a7b/actions - {"actions":[{"id":"action12","type":"wheel","parameters":{},"actions":[{"type":"scroll","x":-1888,"y":-32,"deltaX":0,"deltaY":0,"duration":0,"origin":{"element-6066-11e4-a52e-4f735466cecf":"f.28F387A578A7289013B97F22A2D0145A.d.B2105A32DF2212F97ED811E048EBDBC5.e.2808"}}]}]}
COMMAND: GET /session/c3f4cae206c3d63be7f787b9be2a6a7b/screenshot - {}
RESULT: {}
COMMAND: POST /session/c3f4cae206c3d63be7f787b9be2a6a7b/execute/sync - {"script":"<script> [79 bytes]","args":[{"element-6066-11e4-a52e-4f735466cecf":"f.28F387A578A7289013B97F22A2D0145A.d.B2105A32DF2212F97ED811E048EBDBC5.e.2808","ELEMENT":"f.28F387A578A7289013B97F22A2D0145A.d.B2105A32DF2212F97ED811E048EBDBC5.e.2808"},{"block":"start","inline":"nearest"}]}
RESULT: {"script":"<script> [79 bytes]","args":[{"element-6066-11e4-a52e-4f735466cecf":"f.28F387A578A7289013B97F22A2D0145A.d.B2105A32DF2212F97ED811E048EBDBC5.e.2808","ELEMENT":"f.28F387A578A7289013B97F22A2D0145A.d.B2105A32DF2212F97ED811E048EBDBC5.e.2808"},{"block":"start","inline":"nearest"}]}
COMMAND: POST /session/c3f4cae206c3d63be7f787b9be2a6a7b/execute/async - {"script":"<script> [1562 bytes]","args":[{"selector":{"id":"application-manageresources-display-component---newResourceUnit--btnAddTimeSegment","interaction":{"idSuffix":"inner"}},"wdio_ui5_key":"applicationmanageresources-display-component---newResourceUnit--btnAddTimeSegment"}]}
COMMAND: GET /session/c3f4cae206c3d63be7f787b9be2a6a7b/screenshot - {}
RESULT: {"script":"<script> [1562 bytes]","args":[{"selector":{"id":"application-manageresources-display-component---newResourceUnit--btnAddTimeSegment","interaction":{"idSuffix":"inner"}},"wdio_ui5_key":"applicationmanageresources-display-component---newResourceUnit--btnAddTimeSegment"}]}
RESULT: undefined
COMMAND: POST /session/c3f4cae206c3d63be7f787b9be2a6a7b/element - {"using":"xpath","value":"//*[@id=\"application-manageresources-display-component---newResourceUnit--btnAddTimeSegment\"]"}
RESULT: {}
RESULT: {"using":"xpath","value":"//*[@id=\"application-manageresources-display-component---newResourceUnit--btnAddTimeSegment\"]"}
COMMAND: POST /session/c3f4cae206c3d63be7f787b9be2a6a7b/element/f.28F387A578A7289013B97F22A2D0145A.d.B2105A32DF2212F97ED811E048EBDBC5.e.2808/click - {}
RESULT: {}
COMMAND: GET /session/c3f4cae206c3d63be7f787b9be2a6a7b/screenshot - {}
RESULT: {}
COMMAND: POST /session/c3f4cae206c3d63be7f787b9be2a6a7b/element - {"using":"xpath","value":"//input[@id=\"application-manageresources-display-component---newResourceUnit--idRuTSAdmin-application-manageresources-display-component---newResourceUnit--RUTimeSegment-0-inner\"]"}
RESULT: {"using":"xpath","value":"//input[@id=\"application-manageresources-display-component---newResourceUnit--idRuTSAdmin-application-manageresources-display-component---newResourceUnit--RUTimeSegment-0-inner\"]"}
COMMAND: POST /session/c3f4cae206c3d63be7f787b9be2a6a7b/element/f.28F387A578A7289013B97F22A2D0145A.d.B2105A32DF2212F97ED811E048EBDBC5.e.2814/clear - {}
RESULT: {}
COMMAND: POST /session/c3f4cae206c3d63be7f787b9be2a6a7b/element/f.28F387A578A7289013B97F22A2D0145A.d.B2105A32DF2212F97ED811E048EBDBC5.e.2814/value - {"text":"109"}
COMMAND: GET /session/c3f4cae206c3d63be7f787b9be2a6a7b/screenshot - {}
RESULT: {"text":"109"}
COMMAND: GET /session/c3f4cae206c3d63be7f787b9be2a6a7b/screenshot - {}
RESULT: {}
RESULT: {}
COMMAND: POST /session/c3f4cae206c3d63be7f787b9be2a6a7b/element - {"using":"xpath","value":"//li[.//span[text()='109']]"}
RESULT: {"using":"xpath","value":"//li[.//span[text()='109']]"}
COMMAND: POST /session/c3f4cae206c3d63be7f787b9be2a6a7b/element/f.28F387A578A7289013B97F22A2D0145A.d.B2105A32DF2212F97ED811E048EBDBC5.e.2828/click - {}
RESULT: {}
COMMAND: GET /session/c3f4cae206c3d63be7f787b9be2a6a7b/screenshot - {}
RESULT: {}
COMMAND: POST /session/c3f4cae206c3d63be7f787b9be2a6a7b/element - {"using":"xpath","value":"(//span[contains(@id, \"-application-manageresources-display-component---newResourceUnit--RUTimeSegment-0-arrow\")])[6]"}
RESULT: {"using":"xpath","value":"(//span[contains(@id, \"-application-manageresources-display-component---newResourceUnit--RUTimeSegment-0-arrow\")])[6]"}
COMMAND: POST /session/c3f4cae206c3d63be7f787b9be2a6a7b/element/f.28F387A578A7289013B97F22A2D0145A.d.B2105A32DF2212F97ED811E048EBDBC5.e.2829/click - {}
RESULT: {}
COMMAND: GET /session/c3f4cae206c3d63be7f787b9be2a6a7b/screenshot - {}
RESULT: {}
COMMAND: POST /session/c3f4cae206c3d63be7f787b9be2a6a7b/element - {"using":"xpath","value":"//span[contains(text(), \"PM Order\")]"}
RESULT: {"using":"xpath","value":"//span[contains(text(), \"PM Order\")]"}
COMMAND: POST /session/c3f4cae206c3d63be7f787b9be2a6a7b/element/f.28F387A578A7289013B97F22A2D0145A.d.B2105A32DF2212F97ED811E048EBDBC5.e.2832/click - {}
RESULT: {}
COMMAND: GET /session/c3f4cae206c3d63be7f787b9be2a6a7b/screenshot - {}
RESULT: {}
COMMAND: POST /session/c3f4cae206c3d63be7f787b9be2a6a7b/element - {"using":"xpath","value":"(//span[contains(@id ,\"manageresources-display-component---newResourceUnit--RUTimeSegment-0-vhi\")])[1]"}
RESULT: {"using":"xpath","value":"(//span[contains(@id ,\"manageresources-display-component---newResourceUnit--RUTimeSegment-0-vhi\")])[1]"}
COMMAND: GET /session/c3f4cae206c3d63be7f787b9be2a6a7b/element/f.28F387A578A7289013B97F22A2D0145A.d.B2105A32DF2212F97ED811E048EBDBC5.e.2836/rect - {}
RESULT: {}
COMMAND: GET /session/c3f4cae206c3d63be7f787b9be2a6a7b/window/rect - {}
RESULT: {}
COMMAND: POST /session/c3f4cae206c3d63be7f787b9be2a6a7b/execute/sync - {"script":"<script> [92 bytes]","args":[]}
RESULT: {"script":"<script> [92 bytes]","args":[]}
COMMAND: POST /session/c3f4cae206c3d63be7f787b9be2a6a7b/actions - {"actions":[{"id":"action13","type":"wheel","parameters":{},"actions":[{"type":"scroll","x":-869,"y":-24,"deltaX":0,"deltaY":0,"duration":0,"origin":{"element-6066-11e4-a52e-4f735466cecf":"f.28F387A578A7289013B97F22A2D0145A.d.B2105A32DF2212F97ED811E048EBDBC5.e.2836"}}]}]}
COMMAND: GET /session/c3f4cae206c3d63be7f787b9be2a6a7b/screenshot - {}
RESULT: {"actions":[{"id":"action13","type":"wheel","parameters":{},"actions":[{"type":"scroll","x":-869,"y":-24,"deltaX":0,"deltaY":0,"duration":0,"origin":{"element-6066-11e4-a52e-4f735466cecf":"f.28F387A578A7289013B97F22A2D0145A.d.B2105A32DF2212F97ED811E048EBDBC5.e.2836"}}]}]}
COMMAND: DELETE /session/c3f4cae206c3d63be7f787b9be2a6a7b/actions - {}
COMMAND: GET /session/c3f4cae206c3d63be7f787b9be2a6a7b/screenshot - {}
RESULT: {}
RESULT: {}
COMMAND: GET /session/c3f4cae206c3d63be7f787b9be2a6a7b/screenshot - {}
RESULT: {}
RESULT: {}
COMMAND: POST /session/c3f4cae206c3d63be7f787b9be2a6a7b/element/f.28F387A578A7289013B97F22A2D0145A.d.B2105A32DF2212F97ED811E048EBDBC5.e.2836/click - {}
RESULT: {}
COMMAND: GET /session/c3f4cae206c3d63be7f787b9be2a6a7b/screenshot - {}
RESULT: {}
COMMAND: POST /session/c3f4cae206c3d63be7f787b9be2a6a7b/execute/async - {"script":"<script> [1562 bytes]","args":[{"selector":{"controlType":"sap.m.SearchField","properties":{"placeholder":"Search"},"searchOpenDialogs":true,"interaction":{"idSuffix":"I"}},"wdio_ui5_key":"sapm.SearchField{\"placeholder\":\"Search\"}"}]}
RESULT: {"script":"<script> [1562 bytes]","args":[{"selector":{"controlType":"sap.m.SearchField","properties":{"placeholder":"Search"},"searchOpenDialogs":true,"interaction":{"idSuffix":"I"}},"wdio_ui5_key":"sapm.SearchField{\"placeholder\":\"Search\"}"}]}
RESULT: undefined
COMMAND: POST /session/c3f4cae206c3d63be7f787b9be2a6a7b/execute/async - {"script":"<script> [776 bytes]","args":[{"enterText":"4000360","selector":{"controlType":"sap.m.SearchField","properties":{"placeholder":"Search"},"searchOpenDialogs":true,"interaction":{"idSuffix":"I"}},"clearTextFirst":true,"interactionType":"ENTER_TEXT"}]}
RESULT: {"script":"<script> [776 bytes]","args":[{"enterText":"4000360","selector":{"controlType":"sap.m.SearchField","properties":{"placeholder":"Search"},"searchOpenDialogs":true,"interaction":{"idSuffix":"I"}},"clearTextFirst":true,"interactionType":"ENTER_TEXT"}]}
COMMAND: POST /session/c3f4cae206c3d63be7f787b9be2a6a7b/actions - {"actions":[{"id":"action14","type":"key","parameters":{},"actions":[{"type":"keyDown","value":"î€‡"},{"type":"pause","duration":10},{"type":"keyUp","value":"î€‡"}]}]}
RESULT: {"actions":[{"id":"action14","type":"key","parameters":{},"actions":[{"type":"keyDown","value":"î€‡"},{"type":"pause","duration":10},{"type":"keyUp","value":"î€‡"}]}]}
COMMAND: GET /session/c3f4cae206c3d63be7f787b9be2a6a7b/screenshot - {}
RESULT: {}
COMMAND: POST /session/c3f4cae206c3d63be7f787b9be2a6a7b/element - {"using":"xpath","value":"//td/div/span[contains(text(), \"BGL Vehicles\")]"}
RESULT: {"using":"xpath","value":"//td/div/span[contains(text(), \"BGL Vehicles\")]"}
COMMAND: POST /session/c3f4cae206c3d63be7f787b9be2a6a7b/element/f.28F387A578A7289013B97F22A2D0145A.d.B2105A32DF2212F97ED811E048EBDBC5.e.2858/click - {}
RESULT: {}
COMMAND: GET /session/c3f4cae206c3d63be7f787b9be2a6a7b/screenshot - {}
RESULT: {}
COMMAND: POST /session/c3f4cae206c3d63be7f787b9be2a6a7b/element - {"using":"xpath","value":"//bdi[contains(text(), \"OK\")]"}
RESULT: {"using":"xpath","value":"//bdi[contains(text(), \"OK\")]"}
COMMAND: POST /session/c3f4cae206c3d63be7f787b9be2a6a7b/element/f.28F387A578A7289013B97F22A2D0145A.d.B2105A32DF2212F97ED811E048EBDBC5.e.2859/click - {}
RESULT: {}
COMMAND: GET /session/c3f4cae206c3d63be7f787b9be2a6a7b/screenshot - {}
RESULT: {}
COMMAND: POST /session/c3f4cae206c3d63be7f787b9be2a6a7b/execute/async - {"script":"<script> [1562 bytes]","args":[{"selector":{"id":"application-manageresources-display-component---newResourceUnit--newRRUPage-anchBar-application-manageresources-display-component---newResourceUnit--resource-anchor","interaction":{"idSuffix":"BDI-content"}},"wdio_ui5_key":"applicationmanageresources-display-component---newResourceUnit--newRRUPage-anchBar-application-manageresources-display-component---newResourceUnit--resource-anchor"}]}
RESULT: {"script":"<script> [1562 bytes]","args":[{"selector":{"id":"application-manageresources-display-component---newResourceUnit--newRRUPage-anchBar-application-manageresources-display-component---newResourceUnit--resource-anchor","interaction":{"idSuffix":"BDI-content"}},"wdio_ui5_key":"applicationmanageresources-display-component---newResourceUnit--newRRUPage-anchBar-application-manageresources-display-component---newResourceUnit--resource-anchor"}]}
RESULT: undefined
COMMAND: POST /session/c3f4cae206c3d63be7f787b9be2a6a7b/element - {"using":"xpath","value":"//*[@id=\"application-manageresources-display-component---newResourceUnit--newRRUPage-anchBar-application-manageresources-display-component---newResourceUnit--resource-anchor\"]"}
RESULT: {"using":"xpath","value":"//*[@id=\"application-manageresources-display-component---newResourceUnit--newRRUPage-anchBar-application-manageresources-display-component---newResourceUnit--resource-anchor\"]"}
COMMAND: POST /session/c3f4cae206c3d63be7f787b9be2a6a7b/element/f.28F387A578A7289013B97F22A2D0145A.d.B2105A32DF2212F97ED811E048EBDBC5.e.2863/click - {}
RESULT: {}
COMMAND: POST /session/c3f4cae206c3d63be7f787b9be2a6a7b/execute/async - {"script":"<script> [1562 bytes]","args":[{"selector":{"id":"application-manageresources-display-component---newResourceUnit--PLANNED_DELIVERY_DATE","interaction":{"idSuffix":"inner"}},"wdio_ui5_key":"applicationmanageresources-display-component---newResourceUnit--PLANNED_DELIVERY_DATE"}]}
COMMAND: GET /session/c3f4cae206c3d63be7f787b9be2a6a7b/screenshot - {}
RESULT: {}
RESULT: {"script":"<script> [1562 bytes]","args":[{"selector":{"id":"application-manageresources-display-component---newResourceUnit--PLANNED_DELIVERY_DATE","interaction":{"idSuffix":"inner"}},"wdio_ui5_key":"applicationmanageresources-display-component---newResourceUnit--PLANNED_DELIVERY_DATE"}]}
RESULT: undefined
COMMAND: POST /session/c3f4cae206c3d63be7f787b9be2a6a7b/execute/async - {"script":"<script> [6424 bytes]","args":[{"element-6066-11e4-a52e-4f735466cecf":"f.28F387A578A7289013B97F22A2D0145A.d.B2105A32DF2212F97ED811E048EBDBC5.e.2720"},"setValue",["5/4/25"]]}
RESULT: {"script":"<script> [6424 bytes]","args":[{"element-6066-11e4-a52e-4f735466cecf":"f.28F387A578A7289013B97F22A2D0145A.d.B2105A32DF2212F97ED811E048EBDBC5.e.2720"},"setValue",["5/4/25"]]}
COMMAND: POST /session/c3f4cae206c3d63be7f787b9be2a6a7b/element - {"using":"xpath","value":"//button[@data-kt=\"resourceUnitSaveButton\"]"}
RESULT: {"using":"xpath","value":"//button[@data-kt=\"resourceUnitSaveButton\"]"}
COMMAND: POST /session/c3f4cae206c3d63be7f787b9be2a6a7b/element/f.28F387A578A7289013B97F22A2D0145A.d.B2105A32DF2212F97ED811E048EBDBC5.e.2680/click - {}
RESULT: {}
COMMAND: GET /session/c3f4cae206c3d63be7f787b9be2a6a7b/screenshot - {}
RESULT: {}
COMMAND: POST /session/c3f4cae206c3d63be7f787b9be2a6a7b/element - {"using":"xpath","value":"//bdi[contains(text(), \"Close\")]"}
RESULT: {"using":"xpath","value":"//bdi[contains(text(), \"Close\")]"}
COMMAND: POST /session/c3f4cae206c3d63be7f787b9be2a6a7b/element/f.28F387A578A7289013B97F22A2D0145A.d.B2105A32DF2212F97ED811E048EBDBC5.e.2873/click - {}
RESULT: {}
COMMAND: GET /session/c3f4cae206c3d63be7f787b9be2a6a7b/screenshot - {}
RESULT: {}
COMMAND: POST /session/c3f4cae206c3d63be7f787b9be2a6a7b/element - {"using":"xpath","value":"(//button[contains(@id ,\"actionsToolbar-overflowButton\")])[1]"}
RESULT: {"using":"xpath","value":"(//button[contains(@id ,\"actionsToolbar-overflowButton\")])[1]"}
COMMAND: POST /session/c3f4cae206c3d63be7f787b9be2a6a7b/element/f.28F387A578A7289013B97F22A2D0145A.d.B2105A32DF2212F97ED811E048EBDBC5.e.2904/click - {}
RESULT: {}
COMMAND: GET /session/c3f4cae206c3d63be7f787b9be2a6a7b/screenshot - {}
RESULT: {}
COMMAND: POST /session/c3f4cae206c3d63be7f787b9be2a6a7b/element - {"using":"xpath","value":"//button[@data-kt=\"priceInfoButton\"]"}
RESULT: {"using":"xpath","value":"//button[@data-kt=\"priceInfoButton\"]"}
COMMAND: POST /session/c3f4cae206c3d63be7f787b9be2a6a7b/element/f.28F387A578A7289013B97F22A2D0145A.d.B2105A32DF2212F97ED811E048EBDBC5.e.2906/click - {}
RESULT: {}
COMMAND: GET /session/c3f4cae206c3d63be7f787b9be2a6a7b/screenshot - {}
RESULT: {}
COMMAND: POST /session/c3f4cae206c3d63be7f787b9be2a6a7b/element - {"using":"css selector","value":"#shell-header-logo"}
RESULT: {"using":"css selector","value":"#shell-header-logo"}
COMMAND: POST /session/c3f4cae206c3d63be7f787b9be2a6a7b/element/f.28F387A578A7289013B97F22A2D0145A.d.B2105A32DF2212F97ED811E048EBDBC5.e.2279/click - {}
RESULT: {}
COMMAND: GET /session/c3f4cae206c3d63be7f787b9be2a6a7b/screenshot - {}
RESULT: {}
]]></system-out>
    </testcase>
    <testcase classname="chrome.135_0_7049_96.windows.RU_Inventory_Mass_State_Change_Multiple_Items_US151066" name="Prerequisite Step 2 Should create a new material" time="114.509">
      <system-out><![CDATA[
RESULT: undefined
COMMAND: POST /session/c3f4cae206c3d63be7f787b9be2a6a7b/element - {"using":"xpath","value":"//*[@id=\"__tile39\"]"}
RESULT: {"using":"xpath","value":"//*[@id=\"__tile39\"]"}
COMMAND: POST /session/c3f4cae206c3d63be7f787b9be2a6a7b/element/f.28F387A578A7289013B97F22A2D0145A.d.B2105A32DF2212F97ED811E048EBDBC5.e.156/click - {}
RESULT: {}
COMMAND: POST /session/c3f4cae206c3d63be7f787b9be2a6a7b/element - {"using":"xpath","value":"//button[@data-kt=\"addNewRUOverflowToolbarButton\"]"}
COMMAND: GET /session/c3f4cae206c3d63be7f787b9be2a6a7b/screenshot - {}
RESULT: {"using":"xpath","value":"//button[@data-kt=\"addNewRUOverflowToolbarButton\"]"}
COMMAND: POST /session/c3f4cae206c3d63be7f787b9be2a6a7b/elements - {"using":"xpath","value":"//button[@data-kt=\"addNewRUOverflowToolbarButton\"]"}
RESULT: {}
RESULT: {"using":"xpath","value":"//button[@data-kt=\"addNewRUOverflowToolbarButton\"]"}
COMMAND: POST /session/c3f4cae206c3d63be7f787b9be2a6a7b/execute/sync - {"script":"<script> [8489 bytes]","args":[{"element-6066-11e4-a52e-4f735466cecf":"f.28F387A578A7289013B97F22A2D0145A.d.B2105A32DF2212F97ED811E048EBDBC5.e.3155","ELEMENT":"f.28F387A578A7289013B97F22A2D0145A.d.B2105A32DF2212F97ED811E048EBDBC5.e.3155"}]}
RESULT: {"script":"<script> [8489 bytes]","args":[{"element-6066-11e4-a52e-4f735466cecf":"f.28F387A578A7289013B97F22A2D0145A.d.B2105A32DF2212F97ED811E048EBDBC5.e.3155","ELEMENT":"f.28F387A578A7289013B97F22A2D0145A.d.B2105A32DF2212F97ED811E048EBDBC5.e.3155"}]}
COMMAND: GET /session/c3f4cae206c3d63be7f787b9be2a6a7b/element/f.28F387A578A7289013B97F22A2D0145A.d.B2105A32DF2212F97ED811E048EBDBC5.e.3155/enabled - {}
COMMAND: GET /session/c3f4cae206c3d63be7f787b9be2a6a7b/screenshot - {}
RESULT: {}
COMMAND: POST /session/c3f4cae206c3d63be7f787b9be2a6a7b/execute/sync - {"script":"<script> [8489 bytes]","args":[{"element-6066-11e4-a52e-4f735466cecf":"f.28F387A578A7289013B97F22A2D0145A.d.B2105A32DF2212F97ED811E048EBDBC5.e.3155","ELEMENT":"f.28F387A578A7289013B97F22A2D0145A.d.B2105A32DF2212F97ED811E048EBDBC5.e.3155"}]}
COMMAND: GET /session/c3f4cae206c3d63be7f787b9be2a6a7b/screenshot - {}
RESULT: {}
RESULT: {"script":"<script> [8489 bytes]","args":[{"element-6066-11e4-a52e-4f735466cecf":"f.28F387A578A7289013B97F22A2D0145A.d.B2105A32DF2212F97ED811E048EBDBC5.e.3155","ELEMENT":"f.28F387A578A7289013B97F22A2D0145A.d.B2105A32DF2212F97ED811E048EBDBC5.e.3155"}]}
COMMAND: POST /session/c3f4cae206c3d63be7f787b9be2a6a7b/execute/sync - {"script":"<script> [5351 bytes]","args":[{"element-6066-11e4-a52e-4f735466cecf":"f.28F387A578A7289013B97F22A2D0145A.d.B2105A32DF2212F97ED811E048EBDBC5.e.3155","ELEMENT":"f.28F387A578A7289013B97F22A2D0145A.d.B2105A32DF2212F97ED811E048EBDBC5.e.3155"}]}
COMMAND: GET /session/c3f4cae206c3d63be7f787b9be2a6a7b/screenshot - {}
RESULT: {}
RESULT: {"script":"<script> [5351 bytes]","args":[{"element-6066-11e4-a52e-4f735466cecf":"f.28F387A578A7289013B97F22A2D0145A.d.B2105A32DF2212F97ED811E048EBDBC5.e.3155","ELEMENT":"f.28F387A578A7289013B97F22A2D0145A.d.B2105A32DF2212F97ED811E048EBDBC5.e.3155"}]}
COMMAND: POST /session/c3f4cae206c3d63be7f787b9be2a6a7b/element/f.28F387A578A7289013B97F22A2D0145A.d.B2105A32DF2212F97ED811E048EBDBC5.e.3155/click - {}
COMMAND: GET /session/c3f4cae206c3d63be7f787b9be2a6a7b/screenshot - {}
RESULT: {}
RESULT: {}
COMMAND: GET /session/c3f4cae206c3d63be7f787b9be2a6a7b/screenshot - {}
RESULT: undefined
COMMAND: POST /session/c3f4cae206c3d63be7f787b9be2a6a7b/element - {"using":"xpath","value":"//*[@id=\"application-manageresources-display-component---newResourceUnit--TYPE-arrow\"]"}
RESULT: {}
RESULT: {}
RESULT: {"using":"xpath","value":"//*[@id=\"application-manageresources-display-component---newResourceUnit--TYPE-arrow\"]"}
COMMAND: POST /session/c3f4cae206c3d63be7f787b9be2a6a7b/element/f.28F387A578A7289013B97F22A2D0145A.d.B2105A32DF2212F97ED811E048EBDBC5.e.3340/click - {}
RESULT: {}
COMMAND: POST /session/c3f4cae206c3d63be7f787b9be2a6a7b/element - {"using":"xpath","value":"//input[@id=\"application-manageresources-display-component---newResourceUnit--TYPE-inner\"]"}
COMMAND: GET /session/c3f4cae206c3d63be7f787b9be2a6a7b/screenshot - {}
RESULT: {"using":"xpath","value":"//input[@id=\"application-manageresources-display-component---newResourceUnit--TYPE-inner\"]"}
COMMAND: POST /session/c3f4cae206c3d63be7f787b9be2a6a7b/element/f.28F387A578A7289013B97F22A2D0145A.d.B2105A32DF2212F97ED811E048EBDBC5.e.3336/clear - {}
RESULT: {}
RESULT: {}
COMMAND: POST /session/c3f4cae206c3d63be7f787b9be2a6a7b/element/f.28F387A578A7289013B97F22A2D0145A.d.B2105A32DF2212F97ED811E048EBDBC5.e.3336/value - {"text":"Material"}
COMMAND: GET /session/c3f4cae206c3d63be7f787b9be2a6a7b/screenshot - {}
RESULT: {"text":"Material"}
COMMAND: GET /session/c3f4cae206c3d63be7f787b9be2a6a7b/screenshot - {}
RESULT: {}
RESULT: {}
COMMAND: POST /session/c3f4cae206c3d63be7f787b9be2a6a7b/actions - {"actions":[{"id":"action15","type":"key","parameters":{},"actions":[{"type":"keyDown","value":"î€‡"},{"type":"pause","duration":10},{"type":"keyUp","value":"î€‡"}]}]}
RESULT: {"actions":[{"id":"action15","type":"key","parameters":{},"actions":[{"type":"keyDown","value":"î€‡"},{"type":"pause","duration":10},{"type":"keyUp","value":"î€‡"}]}]}
RESULT: undefined
COMMAND: POST /session/c3f4cae206c3d63be7f787b9be2a6a7b/execute/async - {"script":"<script> [776 bytes]","args":[{"enterText":"Cement WDIO","selector":{"id":"application-manageresources-display-component---newResourceUnit--SHORT_TEXT","interaction":{"idSuffix":"inner"}},"clearTextFirst":true,"interactionType":"ENTER_TEXT"}]}
COMMAND: GET /session/c3f4cae206c3d63be7f787b9be2a6a7b/screenshot - {}
RESULT: {"script":"<script> [776 bytes]","args":[{"enterText":"Cement WDIO","selector":{"id":"application-manageresources-display-component---newResourceUnit--SHORT_TEXT","interaction":{"idSuffix":"inner"}},"clearTextFirst":true,"interactionType":"ENTER_TEXT"}]}
RESULT: undefined
COMMAND: POST /session/c3f4cae206c3d63be7f787b9be2a6a7b/execute/async - {"script":"<script> [776 bytes]","args":[{"enterText":"Piece","selector":{"id":"application-manageresources-display-component---newResourceUnit--BASE_UNIT_OF_MEASURE","interaction":{"idSuffix":"inner"}},"clearTextFirst":true,"interactionType":"ENTER_TEXT"}]}
RESULT: {}
RESULT: {"script":"<script> [776 bytes]","args":[{"enterText":"Piece","selector":{"id":"application-manageresources-display-component---newResourceUnit--BASE_UNIT_OF_MEASURE","interaction":{"idSuffix":"inner"}},"clearTextFirst":true,"interactionType":"ENTER_TEXT"}]}
RESULT: undefined
COMMAND: POST /session/c3f4cae206c3d63be7f787b9be2a6a7b/execute/async - {"script":"<script> [776 bytes]","args":[{"enterText":"Gram","selector":{"id":"application-manageresources-display-component---newResourceUnit--WEIGHT_UNIT","interaction":{"idSuffix":"inner"}},"clearTextFirst":true,"interactionType":"ENTER_TEXT"}]}
RESULT: {"script":"<script> [776 bytes]","args":[{"enterText":"Gram","selector":{"id":"application-manageresources-display-component---newResourceUnit--WEIGHT_UNIT","interaction":{"idSuffix":"inner"}},"clearTextFirst":true,"interactionType":"ENTER_TEXT"}]}
RESULT: undefined
COMMAND: POST /session/c3f4cae206c3d63be7f787b9be2a6a7b/execute/async - {"script":"<script> [776 bytes]","args":[{"enterText":"Meter","selector":{"id":"application-manageresources-display-component---newResourceUnit--DIMENSION_UNIT","interaction":{"idSuffix":"inner"}},"clearTextFirst":true,"interactionType":"ENTER_TEXT"}]}
RESULT: {"script":"<script> [776 bytes]","args":[{"enterText":"Meter","selector":{"id":"application-manageresources-display-component---newResourceUnit--DIMENSION_UNIT","interaction":{"idSuffix":"inner"}},"clearTextFirst":true,"interactionType":"ENTER_TEXT"}]}
RESULT: undefined
COMMAND: POST /session/c3f4cae206c3d63be7f787b9be2a6a7b/element - {"using":"xpath","value":"//*[@id=\"application-manageresources-display-component---newResourceUnit--newRRUPage-anchBar-application-manageresources-display-component---newResourceUnit--control-anchor\"]"}
RESULT: {"using":"xpath","value":"//*[@id=\"application-manageresources-display-component---newResourceUnit--newRRUPage-anchBar-application-manageresources-display-component---newResourceUnit--control-anchor\"]"}
COMMAND: POST /session/c3f4cae206c3d63be7f787b9be2a6a7b/element/f.28F387A578A7289013B97F22A2D0145A.d.B2105A32DF2212F97ED811E048EBDBC5.e.3401/click - {}
RESULT: {}
RESULT: undefined
COMMAND: POST /session/c3f4cae206c3d63be7f787b9be2a6a7b/execute/async - {"script":"<script> [776 bytes]","args":[{"enterText":"Material","selector":{"id":"application-manageresources-display-component---newResourceUnit--PLANNING_GROUP","interaction":{"idSuffix":"inner"}},"clearTextFirst":true,"interactionType":"ENTER_TEXT"}]}
COMMAND: GET /session/c3f4cae206c3d63be7f787b9be2a6a7b/screenshot - {}
RESULT: {"script":"<script> [776 bytes]","args":[{"enterText":"Material","selector":{"id":"application-manageresources-display-component---newResourceUnit--PLANNING_GROUP","interaction":{"idSuffix":"inner"}},"clearTextFirst":true,"interactionType":"ENTER_TEXT"}]}
RESULT: {}
COMMAND: POST /session/c3f4cae206c3d63be7f787b9be2a6a7b/execute/async - {"script":"<script> [1562 bytes]","args":[{"selector":{"id":"application-manageresources-display-component---newResourceUnit--PLANNING_INDICATOR","interaction":{"idSuffix":"inner"}},"wdio_ui5_key":"applicationmanageresources-display-component---newResourceUnit--PLANNING_INDICATOR"}]}
RESULT: {"script":"<script> [1562 bytes]","args":[{"selector":{"id":"application-manageresources-display-component---newResourceUnit--PLANNING_INDICATOR","interaction":{"idSuffix":"inner"}},"wdio_ui5_key":"applicationmanageresources-display-component---newResourceUnit--PLANNING_INDICATOR"}]}
RESULT: undefined
COMMAND: POST /session/c3f4cae206c3d63be7f787b9be2a6a7b/execute/async - {"script":"<script> [776 bytes]","args":[{"enterText":"10 - infinite","selector":{"id":"application-manageresources-display-component---newResourceUnit--PLANNING_INDICATOR","interaction":{"idSuffix":"inner"}},"clearTextFirst":true,"interactionType":"ENTER_TEXT"}]}
RESULT: {"script":"<script> [776 bytes]","args":[{"enterText":"10 - infinite","selector":{"id":"application-manageresources-display-component---newResourceUnit--PLANNING_INDICATOR","interaction":{"idSuffix":"inner"}},"clearTextFirst":true,"interactionType":"ENTER_TEXT"}]}
COMMAND: POST /session/c3f4cae206c3d63be7f787b9be2a6a7b/element - {"using":"css selector","value":"#application-manageresources-display-component---newResourceUnit--btnAddTimeSegment"}
RESULT: {"using":"css selector","value":"#application-manageresources-display-component---newResourceUnit--btnAddTimeSegment"}
COMMAND: GET /session/c3f4cae206c3d63be7f787b9be2a6a7b/element/f.28F387A578A7289013B97F22A2D0145A.d.B2105A32DF2212F97ED811E048EBDBC5.e.3408/rect - {}
RESULT: {}
COMMAND: GET /session/c3f4cae206c3d63be7f787b9be2a6a7b/window/rect - {}
RESULT: {}
COMMAND: POST /session/c3f4cae206c3d63be7f787b9be2a6a7b/execute/sync - {"script":"<script> [92 bytes]","args":[]}
RESULT: {"script":"<script> [92 bytes]","args":[]}
COMMAND: POST /session/c3f4cae206c3d63be7f787b9be2a6a7b/actions - {"actions":[{"id":"action16","type":"wheel","parameters":{},"actions":[{"type":"scroll","x":-1888,"y":-32,"deltaX":0,"deltaY":0,"duration":0,"origin":{"element-6066-11e4-a52e-4f735466cecf":"f.28F387A578A7289013B97F22A2D0145A.d.B2105A32DF2212F97ED811E048EBDBC5.e.3408"}}]}]}
COMMAND: GET /session/c3f4cae206c3d63be7f787b9be2a6a7b/screenshot - {}
RESULT: {}
COMMAND: POST /session/c3f4cae206c3d63be7f787b9be2a6a7b/execute/sync - {"script":"<script> [79 bytes]","args":[{"element-6066-11e4-a52e-4f735466cecf":"f.28F387A578A7289013B97F22A2D0145A.d.B2105A32DF2212F97ED811E048EBDBC5.e.3408","ELEMENT":"f.28F387A578A7289013B97F22A2D0145A.d.B2105A32DF2212F97ED811E048EBDBC5.e.3408"},{"block":"start","inline":"nearest"}]}
RESULT: {"script":"<script> [79 bytes]","args":[{"element-6066-11e4-a52e-4f735466cecf":"f.28F387A578A7289013B97F22A2D0145A.d.B2105A32DF2212F97ED811E048EBDBC5.e.3408","ELEMENT":"f.28F387A578A7289013B97F22A2D0145A.d.B2105A32DF2212F97ED811E048EBDBC5.e.3408"},{"block":"start","inline":"nearest"}]}
RESULT: undefined
COMMAND: POST /session/c3f4cae206c3d63be7f787b9be2a6a7b/element - {"using":"xpath","value":"//*[@id=\"application-manageresources-display-component---newResourceUnit--btnAddTimeSegment\"]"}
COMMAND: GET /session/c3f4cae206c3d63be7f787b9be2a6a7b/screenshot - {}
RESULT: {"using":"xpath","value":"//*[@id=\"application-manageresources-display-component---newResourceUnit--btnAddTimeSegment\"]"}
COMMAND: POST /session/c3f4cae206c3d63be7f787b9be2a6a7b/element/f.28F387A578A7289013B97F22A2D0145A.d.B2105A32DF2212F97ED811E048EBDBC5.e.3408/click - {}
RESULT: {}
RESULT: {}
COMMAND: GET /session/c3f4cae206c3d63be7f787b9be2a6a7b/screenshot - {}
RESULT: {}
COMMAND: POST /session/c3f4cae206c3d63be7f787b9be2a6a7b/element - {"using":"xpath","value":"//input[@id=\"application-manageresources-display-component---newResourceUnit--idRuTSAdmin-application-manageresources-display-component---newResourceUnit--RUTimeSegment-0-inner\"]"}
RESULT: {"using":"xpath","value":"//input[@id=\"application-manageresources-display-component---newResourceUnit--idRuTSAdmin-application-manageresources-display-component---newResourceUnit--RUTimeSegment-0-inner\"]"}
COMMAND: POST /session/c3f4cae206c3d63be7f787b9be2a6a7b/element/f.28F387A578A7289013B97F22A2D0145A.d.B2105A32DF2212F97ED811E048EBDBC5.e.3412/clear - {}
RESULT: {}
COMMAND: POST /session/c3f4cae206c3d63be7f787b9be2a6a7b/element/f.28F387A578A7289013B97F22A2D0145A.d.B2105A32DF2212F97ED811E048EBDBC5.e.3412/value - {"text":"109"}
COMMAND: GET /session/c3f4cae206c3d63be7f787b9be2a6a7b/screenshot - {}
RESULT: {"text":"109"}
COMMAND: GET /session/c3f4cae206c3d63be7f787b9be2a6a7b/screenshot - {}
COMMAND: POST /session/c3f4cae206c3d63be7f787b9be2a6a7b/element - {"using":"xpath","value":"//li[.//span[text()='109']]"}
RESULT: {}
RESULT: {}
RESULT: {"using":"xpath","value":"//li[.//span[text()='109']]"}
COMMAND: POST /session/c3f4cae206c3d63be7f787b9be2a6a7b/element/f.28F387A578A7289013B97F22A2D0145A.d.B2105A32DF2212F97ED811E048EBDBC5.e.3421/click - {}
RESULT: {}
COMMAND: GET /session/c3f4cae206c3d63be7f787b9be2a6a7b/screenshot - {}
RESULT: {}
COMMAND: POST /session/c3f4cae206c3d63be7f787b9be2a6a7b/element - {"using":"xpath","value":"(//span[contains(@id, \"-application-manageresources-display-component---newResourceUnit--RUTimeSegment-0-arrow\")])[2]"}
RESULT: {"using":"xpath","value":"(//span[contains(@id, \"-application-manageresources-display-component---newResourceUnit--RUTimeSegment-0-arrow\")])[2]"}
COMMAND: POST /session/c3f4cae206c3d63be7f787b9be2a6a7b/element/f.28F387A578A7289013B97F22A2D0145A.d.B2105A32DF2212F97ED811E048EBDBC5.e.3422/click - {}
RESULT: {}
COMMAND: POST /session/c3f4cae206c3d63be7f787b9be2a6a7b/element - {"using":"xpath","value":"//span[contains(text(), \"PM Order\")]"}
COMMAND: GET /session/c3f4cae206c3d63be7f787b9be2a6a7b/screenshot - {}
RESULT: {"using":"xpath","value":"//span[contains(text(), \"PM Order\")]"}
COMMAND: POST /session/c3f4cae206c3d63be7f787b9be2a6a7b/element/f.28F387A578A7289013B97F22A2D0145A.d.B2105A32DF2212F97ED811E048EBDBC5.e.3423/click - {}
RESULT: {}
RESULT: {}
COMMAND: GET /session/c3f4cae206c3d63be7f787b9be2a6a7b/screenshot - {}
RESULT: {}
COMMAND: POST /session/c3f4cae206c3d63be7f787b9be2a6a7b/element - {"using":"xpath","value":"//td/div/div/div/span[contains(@id, \"newResourceUnit--RUTimeSegment-0-vhi\")][1]"}
RESULT: {"using":"xpath","value":"//td/div/div/div/span[contains(@id, \"newResourceUnit--RUTimeSegment-0-vhi\")][1]"}
COMMAND: GET /session/c3f4cae206c3d63be7f787b9be2a6a7b/element/f.28F387A578A7289013B97F22A2D0145A.d.B2105A32DF2212F97ED811E048EBDBC5.e.3427/rect - {}
RESULT: {}
COMMAND: GET /session/c3f4cae206c3d63be7f787b9be2a6a7b/window/rect - {}
RESULT: {}
COMMAND: POST /session/c3f4cae206c3d63be7f787b9be2a6a7b/execute/sync - {"script":"<script> [92 bytes]","args":[]}
RESULT: {"script":"<script> [92 bytes]","args":[]}
COMMAND: POST /session/c3f4cae206c3d63be7f787b9be2a6a7b/actions - {"actions":[{"id":"action17","type":"wheel","parameters":{},"actions":[{"type":"scroll","x":-1888,"y":-24,"deltaX":0,"deltaY":0,"duration":0,"origin":{"element-6066-11e4-a52e-4f735466cecf":"f.28F387A578A7289013B97F22A2D0145A.d.B2105A32DF2212F97ED811E048EBDBC5.e.3427"}}]}]}
COMMAND: GET /session/c3f4cae206c3d63be7f787b9be2a6a7b/screenshot - {}
RESULT: {}
COMMAND: POST /session/c3f4cae206c3d63be7f787b9be2a6a7b/execute/sync - {"script":"<script> [79 bytes]","args":[{"element-6066-11e4-a52e-4f735466cecf":"f.28F387A578A7289013B97F22A2D0145A.d.B2105A32DF2212F97ED811E048EBDBC5.e.3427","ELEMENT":"f.28F387A578A7289013B97F22A2D0145A.d.B2105A32DF2212F97ED811E048EBDBC5.e.3427"},{"block":"start","inline":"nearest"}]}
RESULT: {"script":"<script> [79 bytes]","args":[{"element-6066-11e4-a52e-4f735466cecf":"f.28F387A578A7289013B97F22A2D0145A.d.B2105A32DF2212F97ED811E048EBDBC5.e.3427","ELEMENT":"f.28F387A578A7289013B97F22A2D0145A.d.B2105A32DF2212F97ED811E048EBDBC5.e.3427"},{"block":"start","inline":"nearest"}]}
COMMAND: GET /session/c3f4cae206c3d63be7f787b9be2a6a7b/screenshot - {}
RESULT: {}
COMMAND: POST /session/c3f4cae206c3d63be7f787b9be2a6a7b/element/f.28F387A578A7289013B97F22A2D0145A.d.B2105A32DF2212F97ED811E048EBDBC5.e.3427/click - {}
RESULT: {}
COMMAND: GET /session/c3f4cae206c3d63be7f787b9be2a6a7b/screenshot - {}
RESULT: {}
RESULT: undefined
COMMAND: POST /session/c3f4cae206c3d63be7f787b9be2a6a7b/execute/async - {"script":"<script> [776 bytes]","args":[{"enterText":"4000360","selector":{"controlType":"sap.m.SearchField","properties":{"placeholder":"Search"},"searchOpenDialogs":true,"interaction":{"idSuffix":"I"}},"clearTextFirst":true,"interactionType":"ENTER_TEXT"}]}
RESULT: {"script":"<script> [776 bytes]","args":[{"enterText":"4000360","selector":{"controlType":"sap.m.SearchField","properties":{"placeholder":"Search"},"searchOpenDialogs":true,"interaction":{"idSuffix":"I"}},"clearTextFirst":true,"interactionType":"ENTER_TEXT"}]}
COMMAND: POST /session/c3f4cae206c3d63be7f787b9be2a6a7b/actions - {"actions":[{"id":"action18","type":"key","parameters":{},"actions":[{"type":"keyDown","value":"î€‡"},{"type":"pause","duration":10},{"type":"keyUp","value":"î€‡"}]}]}
RESULT: {"actions":[{"id":"action18","type":"key","parameters":{},"actions":[{"type":"keyDown","value":"î€‡"},{"type":"pause","duration":10},{"type":"keyUp","value":"î€‡"}]}]}
COMMAND: GET /session/c3f4cae206c3d63be7f787b9be2a6a7b/screenshot - {}
RESULT: {}
COMMAND: POST /session/c3f4cae206c3d63be7f787b9be2a6a7b/element - {"using":"xpath","value":"//td/div/span[contains(text(), \"BGL Vehicles\")]"}
RESULT: {"using":"xpath","value":"//td/div/span[contains(text(), \"BGL Vehicles\")]"}
COMMAND: POST /session/c3f4cae206c3d63be7f787b9be2a6a7b/element/f.28F387A578A7289013B97F22A2D0145A.d.B2105A32DF2212F97ED811E048EBDBC5.e.3446/click - {}
RESULT: {}
COMMAND: GET /session/c3f4cae206c3d63be7f787b9be2a6a7b/screenshot - {}
RESULT: {}
COMMAND: POST /session/c3f4cae206c3d63be7f787b9be2a6a7b/element - {"using":"xpath","value":"//bdi[contains(text(), \"OK\")]"}
RESULT: {"using":"xpath","value":"//bdi[contains(text(), \"OK\")]"}
COMMAND: POST /session/c3f4cae206c3d63be7f787b9be2a6a7b/element/f.28F387A578A7289013B97F22A2D0145A.d.B2105A32DF2212F97ED811E048EBDBC5.e.3447/click - {}
RESULT: {}
COMMAND: GET /session/c3f4cae206c3d63be7f787b9be2a6a7b/screenshot - {}
RESULT: {}
COMMAND: POST /session/c3f4cae206c3d63be7f787b9be2a6a7b/element - {"using":"xpath","value":"//button[@data-kt=\"resourceUnitSaveButton\"]"}
RESULT: {"using":"xpath","value":"//button[@data-kt=\"resourceUnitSaveButton\"]"}
COMMAND: POST /session/c3f4cae206c3d63be7f787b9be2a6a7b/element/f.28F387A578A7289013B97F22A2D0145A.d.B2105A32DF2212F97ED811E048EBDBC5.e.3357/click - {}
RESULT: {}
COMMAND: GET /session/c3f4cae206c3d63be7f787b9be2a6a7b/screenshot - {}
RESULT: {}
COMMAND: POST /session/c3f4cae206c3d63be7f787b9be2a6a7b/element - {"using":"xpath","value":"//bdi[contains(text(), \"Close\")]"}
RESULT: {"using":"xpath","value":"//bdi[contains(text(), \"Close\")]"}
COMMAND: POST /session/c3f4cae206c3d63be7f787b9be2a6a7b/element/f.28F387A578A7289013B97F22A2D0145A.d.B2105A32DF2212F97ED811E048EBDBC5.e.3454/click - {}
RESULT: {}
COMMAND: GET /session/c3f4cae206c3d63be7f787b9be2a6a7b/screenshot - {}
RESULT: {}
COMMAND: POST /session/c3f4cae206c3d63be7f787b9be2a6a7b/element - {"using":"xpath","value":"//header[contains(@id, 'detailRruPage-headerTitle')]/div[1]/div[2]/div[2]/span[1]"}
RESULT: {"using":"xpath","value":"//header[contains(@id, 'detailRruPage-headerTitle')]/div[1]/div[2]/div[2]/span[1]"}
COMMAND: POST /session/c3f4cae206c3d63be7f787b9be2a6a7b/elements - {"using":"xpath","value":"//header[contains(@id, 'detailRruPage-headerTitle')]/div[1]/div[2]/div[2]/span[1]"}
RESULT: {"using":"xpath","value":"//header[contains(@id, 'detailRruPage-headerTitle')]/div[1]/div[2]/div[2]/span[1]"}
COMMAND: POST /session/c3f4cae206c3d63be7f787b9be2a6a7b/execute/sync - {"script":"<script> [56 bytes]","args":[{"element-6066-11e4-a52e-4f735466cecf":"f.28F387A578A7289013B97F22A2D0145A.d.B2105A32DF2212F97ED811E048EBDBC5.e.3483","ELEMENT":"f.28F387A578A7289013B97F22A2D0145A.d.B2105A32DF2212F97ED811E048EBDBC5.e.3483"}]}
RESULT: {"script":"<script> [56 bytes]","args":[{"element-6066-11e4-a52e-4f735466cecf":"f.28F387A578A7289013B97F22A2D0145A.d.B2105A32DF2212F97ED811E048EBDBC5.e.3483","ELEMENT":"f.28F387A578A7289013B97F22A2D0145A.d.B2105A32DF2212F97ED811E048EBDBC5.e.3483"}]}
COMMAND: POST /session/c3f4cae206c3d63be7f787b9be2a6a7b/element - {"using":"css selector","value":"#shell-header-logo"}
COMMAND: GET /session/c3f4cae206c3d63be7f787b9be2a6a7b/screenshot - {}
RESULT: {"using":"css selector","value":"#shell-header-logo"}
COMMAND: POST /session/c3f4cae206c3d63be7f787b9be2a6a7b/element/f.28F387A578A7289013B97F22A2D0145A.d.B2105A32DF2212F97ED811E048EBDBC5.e.2946/click - {}
RESULT: {}
RESULT: {}
COMMAND: GET /session/c3f4cae206c3d63be7f787b9be2a6a7b/screenshot - {}
RESULT: {}
]]></system-out>
    </testcase>
    <testcase classname="chrome.135_0_7049_96.windows.RU_Inventory_Mass_State_Change_Multiple_Items_US151066" name="Prerequisite Step 2 Should do a stock increase handover for the equipment" time="98.992">
      <system-out><![CDATA[
COMMAND: POST /session/c3f4cae206c3d63be7f787b9be2a6a7b/execute/async - {"script":"<script> [1562 bytes]","args":[{"selector":{"controlType":"sap.m.Text","viewName":"etm.portal.ui.managehandoverstile.view.Master","properties":{"text":"Manage Handovers"},"interaction":{"idSuffix":"inner"}},"wdio_ui5_key":"etmportal.ui.managehandoverstile.view.Mastersap.m.Text{\"text\":\"Manage Handovers\"}"}]}
RESULT: {"script":"<script> [1562 bytes]","args":[{"selector":{"controlType":"sap.m.Text","viewName":"etm.portal.ui.managehandoverstile.view.Master","properties":{"text":"Manage Handovers"},"interaction":{"idSuffix":"inner"}},"wdio_ui5_key":"etmportal.ui.managehandoverstile.view.Mastersap.m.Text{\"text\":\"Manage Handovers\"}"}]}
RESULT: undefined
COMMAND: POST /session/c3f4cae206c3d63be7f787b9be2a6a7b/element - {"using":"xpath","value":"//*[@id=\"__tile131-title\"]"}
RESULT: {"using":"xpath","value":"//*[@id=\"__tile131-title\"]"}
COMMAND: POST /session/c3f4cae206c3d63be7f787b9be2a6a7b/element/f.28F387A578A7289013B97F22A2D0145A.d.B2105A32DF2212F97ED811E048EBDBC5.e.3486/click - {}
RESULT: {}
COMMAND: POST /session/c3f4cae206c3d63be7f787b9be2a6a7b/element - {"using":"xpath","value":"//button[@data-kt=\"masterHOAddButton\"]"}
COMMAND: GET /session/c3f4cae206c3d63be7f787b9be2a6a7b/screenshot - {}
RESULT: {"using":"xpath","value":"//button[@data-kt=\"masterHOAddButton\"]"}
COMMAND: POST /session/c3f4cae206c3d63be7f787b9be2a6a7b/elements - {"using":"xpath","value":"//button[@data-kt=\"masterHOAddButton\"]"}
RESULT: {}
RESULT: {"using":"xpath","value":"//button[@data-kt=\"masterHOAddButton\"]"}
COMMAND: POST /session/c3f4cae206c3d63be7f787b9be2a6a7b/elements - {"using":"xpath","value":"//button[@data-kt=\"masterHOAddButton\"]"}
RESULT: {"using":"xpath","value":"//button[@data-kt=\"masterHOAddButton\"]"}
COMMAND: POST /session/c3f4cae206c3d63be7f787b9be2a6a7b/elements - {"using":"xpath","value":"//button[@data-kt=\"masterHOAddButton\"]"}
RESULT: {"using":"xpath","value":"//button[@data-kt=\"masterHOAddButton\"]"}
COMMAND: POST /session/c3f4cae206c3d63be7f787b9be2a6a7b/elements - {"using":"xpath","value":"//button[@data-kt=\"masterHOAddButton\"]"}
RESULT: {"using":"xpath","value":"//button[@data-kt=\"masterHOAddButton\"]"}
COMMAND: POST /session/c3f4cae206c3d63be7f787b9be2a6a7b/elements - {"using":"xpath","value":"//button[@data-kt=\"masterHOAddButton\"]"}
RESULT: {"using":"xpath","value":"//button[@data-kt=\"masterHOAddButton\"]"}
COMMAND: POST /session/c3f4cae206c3d63be7f787b9be2a6a7b/elements - {"using":"xpath","value":"//button[@data-kt=\"masterHOAddButton\"]"}
RESULT: {"using":"xpath","value":"//button[@data-kt=\"masterHOAddButton\"]"}
COMMAND: POST /session/c3f4cae206c3d63be7f787b9be2a6a7b/elements - {"using":"xpath","value":"//button[@data-kt=\"masterHOAddButton\"]"}
RESULT: {"using":"xpath","value":"//button[@data-kt=\"masterHOAddButton\"]"}
COMMAND: POST /session/c3f4cae206c3d63be7f787b9be2a6a7b/elements - {"using":"xpath","value":"//button[@data-kt=\"masterHOAddButton\"]"}
RESULT: {"using":"xpath","value":"//button[@data-kt=\"masterHOAddButton\"]"}
COMMAND: POST /session/c3f4cae206c3d63be7f787b9be2a6a7b/elements - {"using":"xpath","value":"//button[@data-kt=\"masterHOAddButton\"]"}
RESULT: {"using":"xpath","value":"//button[@data-kt=\"masterHOAddButton\"]"}
COMMAND: POST /session/c3f4cae206c3d63be7f787b9be2a6a7b/elements - {"using":"xpath","value":"//button[@data-kt=\"masterHOAddButton\"]"}
RESULT: {"using":"xpath","value":"//button[@data-kt=\"masterHOAddButton\"]"}
COMMAND: POST /session/c3f4cae206c3d63be7f787b9be2a6a7b/element - {"using":"xpath","value":"//button[@data-kt=\"masterHOAddButton\"]"}
RESULT: {"using":"xpath","value":"//button[@data-kt=\"masterHOAddButton\"]"}
COMMAND: POST /session/c3f4cae206c3d63be7f787b9be2a6a7b/execute/sync - {"script":"<script> [8489 bytes]","args":[{"element-6066-11e4-a52e-4f735466cecf":"f.28F387A578A7289013B97F22A2D0145A.d.B2105A32DF2212F97ED811E048EBDBC5.e.3518","ELEMENT":"f.28F387A578A7289013B97F22A2D0145A.d.B2105A32DF2212F97ED811E048EBDBC5.e.3518"}]}
RESULT: {"script":"<script> [8489 bytes]","args":[{"element-6066-11e4-a52e-4f735466cecf":"f.28F387A578A7289013B97F22A2D0145A.d.B2105A32DF2212F97ED811E048EBDBC5.e.3518","ELEMENT":"f.28F387A578A7289013B97F22A2D0145A.d.B2105A32DF2212F97ED811E048EBDBC5.e.3518"}]}
COMMAND: GET /session/c3f4cae206c3d63be7f787b9be2a6a7b/element/f.28F387A578A7289013B97F22A2D0145A.d.B2105A32DF2212F97ED811E048EBDBC5.e.3518/enabled - {}
COMMAND: GET /session/c3f4cae206c3d63be7f787b9be2a6a7b/screenshot - {}
RESULT: {}
COMMAND: POST /session/c3f4cae206c3d63be7f787b9be2a6a7b/execute/sync - {"script":"<script> [8489 bytes]","args":[{"element-6066-11e4-a52e-4f735466cecf":"f.28F387A578A7289013B97F22A2D0145A.d.B2105A32DF2212F97ED811E048EBDBC5.e.3518","ELEMENT":"f.28F387A578A7289013B97F22A2D0145A.d.B2105A32DF2212F97ED811E048EBDBC5.e.3518"}]}
COMMAND: GET /session/c3f4cae206c3d63be7f787b9be2a6a7b/screenshot - {}
RESULT: {}
RESULT: {"script":"<script> [8489 bytes]","args":[{"element-6066-11e4-a52e-4f735466cecf":"f.28F387A578A7289013B97F22A2D0145A.d.B2105A32DF2212F97ED811E048EBDBC5.e.3518","ELEMENT":"f.28F387A578A7289013B97F22A2D0145A.d.B2105A32DF2212F97ED811E048EBDBC5.e.3518"}]}
COMMAND: POST /session/c3f4cae206c3d63be7f787b9be2a6a7b/execute/sync - {"script":"<script> [5351 bytes]","args":[{"element-6066-11e4-a52e-4f735466cecf":"f.28F387A578A7289013B97F22A2D0145A.d.B2105A32DF2212F97ED811E048EBDBC5.e.3518","ELEMENT":"f.28F387A578A7289013B97F22A2D0145A.d.B2105A32DF2212F97ED811E048EBDBC5.e.3518"}]}
COMMAND: GET /session/c3f4cae206c3d63be7f787b9be2a6a7b/screenshot - {}
RESULT: {}
RESULT: {"script":"<script> [5351 bytes]","args":[{"element-6066-11e4-a52e-4f735466cecf":"f.28F387A578A7289013B97F22A2D0145A.d.B2105A32DF2212F97ED811E048EBDBC5.e.3518","ELEMENT":"f.28F387A578A7289013B97F22A2D0145A.d.B2105A32DF2212F97ED811E048EBDBC5.e.3518"}]}
COMMAND: POST /session/c3f4cae206c3d63be7f787b9be2a6a7b/element/f.28F387A578A7289013B97F22A2D0145A.d.B2105A32DF2212F97ED811E048EBDBC5.e.3518/click - {}
COMMAND: GET /session/c3f4cae206c3d63be7f787b9be2a6a7b/screenshot - {}
RESULT: {}
RESULT: {}
COMMAND: GET /session/c3f4cae206c3d63be7f787b9be2a6a7b/screenshot - {}
RESULT: {}
RESULT: {}
COMMAND: POST /session/c3f4cae206c3d63be7f787b9be2a6a7b/element - {"using":"xpath","value":"//span[contains(@id ,\"AddNewHO--typeSelect-arrow\")]"}
RESULT: {"using":"xpath","value":"//span[contains(@id ,\"AddNewHO--typeSelect-arrow\")]"}
COMMAND: POST /session/c3f4cae206c3d63be7f787b9be2a6a7b/element/f.28F387A578A7289013B97F22A2D0145A.d.B2105A32DF2212F97ED811E048EBDBC5.e.3882/click - {}
RESULT: {}
COMMAND: GET /session/c3f4cae206c3d63be7f787b9be2a6a7b/screenshot - {}
RESULT: {}
COMMAND: POST /session/c3f4cae206c3d63be7f787b9be2a6a7b/element - {"using":"xpath","value":"(//li[contains(text(), \"stock increase yard\")])[1]"}
RESULT: {"using":"xpath","value":"(//li[contains(text(), \"stock increase yard\")])[1]"}
COMMAND: POST /session/c3f4cae206c3d63be7f787b9be2a6a7b/element/f.28F387A578A7289013B97F22A2D0145A.d.B2105A32DF2212F97ED811E048EBDBC5.e.3883/click - {}
RESULT: {}
COMMAND: GET /session/c3f4cae206c3d63be7f787b9be2a6a7b/screenshot - {}
RESULT: {}
COMMAND: POST /session/c3f4cae206c3d63be7f787b9be2a6a7b/execute/async - {"script":"<script> [1562 bytes]","args":[{"selector":{"id":"application-managehandovers-display-component---AddNewHO--dueDate","interaction":{"idSuffix":"inner"}},"wdio_ui5_key":"applicationmanagehandovers-display-component---AddNewHO--dueDate"}]}
RESULT: {"script":"<script> [1562 bytes]","args":[{"selector":{"id":"application-managehandovers-display-component---AddNewHO--dueDate","interaction":{"idSuffix":"inner"}},"wdio_ui5_key":"applicationmanagehandovers-display-component---AddNewHO--dueDate"}]}
RESULT: undefined
COMMAND: POST /session/c3f4cae206c3d63be7f787b9be2a6a7b/execute/async - {"script":"<script> [6424 bytes]","args":[{"element-6066-11e4-a52e-4f735466cecf":"f.28F387A578A7289013B97F22A2D0145A.d.B2105A32DF2212F97ED811E048EBDBC5.e.3885"},"setValue",["05/04/2025"]]}
RESULT: {"script":"<script> [6424 bytes]","args":[{"element-6066-11e4-a52e-4f735466cecf":"f.28F387A578A7289013B97F22A2D0145A.d.B2105A32DF2212F97ED811E048EBDBC5.e.3885"},"setValue",["05/04/2025"]]}
COMMAND: POST /session/c3f4cae206c3d63be7f787b9be2a6a7b/element - {"using":"xpath","value":"//input[@id=\"generalSectionFrg--receiveYard-inner\"]"}
RESULT: {"using":"xpath","value":"//input[@id=\"generalSectionFrg--receiveYard-inner\"]"}
COMMAND: POST /session/c3f4cae206c3d63be7f787b9be2a6a7b/element/f.28F387A578A7289013B97F22A2D0145A.d.B2105A32DF2212F97ED811E048EBDBC5.e.3891/clear - {}
RESULT: {}
COMMAND: POST /session/c3f4cae206c3d63be7f787b9be2a6a7b/element/f.28F387A578A7289013B97F22A2D0145A.d.B2105A32DF2212F97ED811E048EBDBC5.e.3891/value - {"text":"109"}
COMMAND: GET /session/c3f4cae206c3d63be7f787b9be2a6a7b/screenshot - {}
RESULT: {"text":"109"}
COMMAND: GET /session/c3f4cae206c3d63be7f787b9be2a6a7b/screenshot - {}
RESULT: {}
RESULT: {}
COMMAND: POST /session/c3f4cae206c3d63be7f787b9be2a6a7b/element - {"using":"xpath","value":"//li[.//span[text()='109']]"}
RESULT: {"using":"xpath","value":"//li[.//span[text()='109']]"}
COMMAND: POST /session/c3f4cae206c3d63be7f787b9be2a6a7b/element/f.28F387A578A7289013B97F22A2D0145A.d.B2105A32DF2212F97ED811E048EBDBC5.e.3909/click - {}
RESULT: {}
COMMAND: GET /session/c3f4cae206c3d63be7f787b9be2a6a7b/screenshot - {}
RESULT: {}
COMMAND: POST /session/c3f4cae206c3d63be7f787b9be2a6a7b/execute/async - {"script":"<script> [1562 bytes]","args":[{"selector":{"id":"application-managehandovers-display-component---AddNewHO--ObjectPageLayout-anchBar-application-managehandovers-display-component---AddNewHO--section4-anchor","interaction":{"idSuffix":"BDI-content"}},"wdio_ui5_key":"applicationmanagehandovers-display-component---AddNewHO--ObjectPageLayout-anchBar-application-managehandovers-display-component---AddNewHO--section4-anchor"}]}
RESULT: {"script":"<script> [1562 bytes]","args":[{"selector":{"id":"application-managehandovers-display-component---AddNewHO--ObjectPageLayout-anchBar-application-managehandovers-display-component---AddNewHO--section4-anchor","interaction":{"idSuffix":"BDI-content"}},"wdio_ui5_key":"applicationmanagehandovers-display-component---AddNewHO--ObjectPageLayout-anchBar-application-managehandovers-display-component---AddNewHO--section4-anchor"}]}
RESULT: undefined
COMMAND: POST /session/c3f4cae206c3d63be7f787b9be2a6a7b/element - {"using":"xpath","value":"//*[@id=\"application-managehandovers-display-component---AddNewHO--ObjectPageLayout-anchBar-application-managehandovers-display-component---AddNewHO--section4-anchor\"]"}
RESULT: {"using":"xpath","value":"//*[@id=\"application-managehandovers-display-component---AddNewHO--ObjectPageLayout-anchBar-application-managehandovers-display-component---AddNewHO--section4-anchor\"]"}
COMMAND: POST /session/c3f4cae206c3d63be7f787b9be2a6a7b/element/f.28F387A578A7289013B97F22A2D0145A.d.B2105A32DF2212F97ED811E048EBDBC5.e.3911/click - {}
RESULT: {}
COMMAND: POST /session/c3f4cae206c3d63be7f787b9be2a6a7b/element - {"using":"xpath","value":"//button[@aria-label=\"Add\"]"}
COMMAND: GET /session/c3f4cae206c3d63be7f787b9be2a6a7b/screenshot - {}
RESULT: {"using":"xpath","value":"//button[@aria-label=\"Add\"]"}
COMMAND: POST /session/c3f4cae206c3d63be7f787b9be2a6a7b/element/f.28F387A578A7289013B97F22A2D0145A.d.B2105A32DF2212F97ED811E048EBDBC5.e.3913/click - {}
RESULT: {}
RESULT: {}
COMMAND: GET /session/c3f4cae206c3d63be7f787b9be2a6a7b/screenshot - {}
RESULT: {}
COMMAND: POST /session/c3f4cae206c3d63be7f787b9be2a6a7b/execute/async - {"script":"<script> [1562 bytes]","args":[{"selector":{"id":"application-managehandovers-display-component---AddNewHO--smartFilterBar-btnBasicSearch","searchOpenDialogs":true,"interaction":{"idSuffix":"I"}},"wdio_ui5_key":"applicationmanagehandovers-display-component---AddNewHO--smartFilterBar-btnBasicSearch"}]}
RESULT: {"script":"<script> [1562 bytes]","args":[{"selector":{"id":"application-managehandovers-display-component---AddNewHO--smartFilterBar-btnBasicSearch","searchOpenDialogs":true,"interaction":{"idSuffix":"I"}},"wdio_ui5_key":"applicationmanagehandovers-display-component---AddNewHO--smartFilterBar-btnBasicSearch"}]}
RESULT: undefined
COMMAND: POST /session/c3f4cae206c3d63be7f787b9be2a6a7b/execute/async - {"script":"<script> [776 bytes]","args":[{"enterText":"ag15JoHGCN","selector":{"id":"application-managehandovers-display-component---AddNewHO--smartFilterBar-btnBasicSearch","searchOpenDialogs":true,"interaction":{"idSuffix":"I"}},"clearTextFirst":true,"interactionType":"ENTER_TEXT"}]}
RESULT: {"script":"<script> [776 bytes]","args":[{"enterText":"ag15JoHGCN","selector":{"id":"application-managehandovers-display-component---AddNewHO--smartFilterBar-btnBasicSearch","searchOpenDialogs":true,"interaction":{"idSuffix":"I"}},"clearTextFirst":true,"interactionType":"ENTER_TEXT"}]}
COMMAND: POST /session/c3f4cae206c3d63be7f787b9be2a6a7b/actions - {"actions":[{"id":"action19","type":"key","parameters":{},"actions":[{"type":"keyDown","value":"î€‡"},{"type":"pause","duration":10},{"type":"keyUp","value":"î€‡"}]}]}
RESULT: {"actions":[{"id":"action19","type":"key","parameters":{},"actions":[{"type":"keyDown","value":"î€‡"},{"type":"pause","duration":10},{"type":"keyUp","value":"î€‡"}]}]}
COMMAND: GET /session/c3f4cae206c3d63be7f787b9be2a6a7b/screenshot - {}
RESULT: {}
COMMAND: POST /session/c3f4cae206c3d63be7f787b9be2a6a7b/execute/async - {"script":"<script> [1562 bytes]","args":[{"selector":{"id":"application-managehandovers-display-component---AddNewHO--popup-sa","searchOpenDialogs":true,"interaction":{"idSuffix":"CbBg"}},"wdio_ui5_key":"applicationmanagehandovers-display-component---AddNewHO--popup-sa"}]}
RESULT: {"script":"<script> [1562 bytes]","args":[{"selector":{"id":"application-managehandovers-display-component---AddNewHO--popup-sa","searchOpenDialogs":true,"interaction":{"idSuffix":"CbBg"}},"wdio_ui5_key":"applicationmanagehandovers-display-component---AddNewHO--popup-sa"}]}
RESULT: undefined
COMMAND: POST /session/c3f4cae206c3d63be7f787b9be2a6a7b/element - {"using":"xpath","value":"//*[@id=\"application-managehandovers-display-component---AddNewHO--popup-sa\"]"}
RESULT: {"using":"xpath","value":"//*[@id=\"application-managehandovers-display-component---AddNewHO--popup-sa\"]"}
COMMAND: POST /session/c3f4cae206c3d63be7f787b9be2a6a7b/element/f.28F387A578A7289013B97F22A2D0145A.d.B2105A32DF2212F97ED811E048EBDBC5.e.4068/click - {}
RESULT: {}
COMMAND: GET /session/c3f4cae206c3d63be7f787b9be2a6a7b/screenshot - {}
RESULT: {}
COMMAND: POST /session/c3f4cae206c3d63be7f787b9be2a6a7b/element - {"using":"xpath","value":"//bdi[contains(text(), \"Select\")]"}
RESULT: {"using":"xpath","value":"//bdi[contains(text(), \"Select\")]"}
COMMAND: POST /session/c3f4cae206c3d63be7f787b9be2a6a7b/element/f.28F387A578A7289013B97F22A2D0145A.d.B2105A32DF2212F97ED811E048EBDBC5.e.4069/click - {}
RESULT: {}
COMMAND: GET /session/c3f4cae206c3d63be7f787b9be2a6a7b/screenshot - {}
RESULT: {}
COMMAND: POST /session/c3f4cae206c3d63be7f787b9be2a6a7b/element - {"using":"xpath","value":"//button[@data-kt=\"AddNewHOSaveButton\"]"}
RESULT: {"using":"xpath","value":"//button[@data-kt=\"AddNewHOSaveButton\"]"}
COMMAND: POST /session/c3f4cae206c3d63be7f787b9be2a6a7b/element/f.28F387A578A7289013B97F22A2D0145A.d.B2105A32DF2212F97ED811E048EBDBC5.e.4073/click - {}
RESULT: {}
COMMAND: GET /session/c3f4cae206c3d63be7f787b9be2a6a7b/screenshot - {}
RESULT: {}
COMMAND: POST /session/c3f4cae206c3d63be7f787b9be2a6a7b/execute/async - {"script":"<script> [1562 bytes]","args":[{"selector":{"id":"receiptDatePicker","viewName":"etm.portal.ui.managehandovers.view.DetailExecuteHO","interaction":{"idSuffix":"inner"}},"wdio_ui5_key":"receiptDatePickeretmportal.ui.managehandovers.view.DetailExecuteHO"}]}
RESULT: {"script":"<script> [1562 bytes]","args":[{"selector":{"id":"receiptDatePicker","viewName":"etm.portal.ui.managehandovers.view.DetailExecuteHO","interaction":{"idSuffix":"inner"}},"wdio_ui5_key":"receiptDatePickeretmportal.ui.managehandovers.view.DetailExecuteHO"}]}
RESULT: undefined
COMMAND: POST /session/c3f4cae206c3d63be7f787b9be2a6a7b/execute/async - {"script":"<script> [6424 bytes]","args":[{"element-6066-11e4-a52e-4f735466cecf":"f.28F387A578A7289013B97F22A2D0145A.d.B2105A32DF2212F97ED811E048EBDBC5.e.4102"},"setValue",["05/04/2025"]]}
RESULT: {"script":"<script> [6424 bytes]","args":[{"element-6066-11e4-a52e-4f735466cecf":"f.28F387A578A7289013B97F22A2D0145A.d.B2105A32DF2212F97ED811E048EBDBC5.e.4102"},"setValue",["05/04/2025"]]}
COMMAND: POST /session/c3f4cae206c3d63be7f787b9be2a6a7b/element - {"using":"xpath","value":"//button[@data-kt=\"PickingTableConfirmAllButton\"]"}
RESULT: {"using":"xpath","value":"//button[@data-kt=\"PickingTableConfirmAllButton\"]"}
COMMAND: POST /session/c3f4cae206c3d63be7f787b9be2a6a7b/element/f.28F387A578A7289013B97F22A2D0145A.d.B2105A32DF2212F97ED811E048EBDBC5.e.4117/click - {}
RESULT: {}
COMMAND: GET /session/c3f4cae206c3d63be7f787b9be2a6a7b/screenshot - {}
RESULT: {}
COMMAND: POST /session/c3f4cae206c3d63be7f787b9be2a6a7b/element - {"using":"xpath","value":"//bdi[contains(text(), \"OK\")]"}
RESULT: {"using":"xpath","value":"//bdi[contains(text(), \"OK\")]"}
COMMAND: POST /session/c3f4cae206c3d63be7f787b9be2a6a7b/element/f.28F387A578A7289013B97F22A2D0145A.d.B2105A32DF2212F97ED811E048EBDBC5.e.4119/click - {}
RESULT: {}
COMMAND: GET /session/c3f4cae206c3d63be7f787b9be2a6a7b/screenshot - {}
RESULT: {}
COMMAND: POST /session/c3f4cae206c3d63be7f787b9be2a6a7b/element - {"using":"xpath","value":"(//bdi[contains(text(), \"Receive\")])[2]"}
RESULT: {"using":"xpath","value":"(//bdi[contains(text(), \"Receive\")])[2]"}
COMMAND: POST /session/c3f4cae206c3d63be7f787b9be2a6a7b/element/f.28F387A578A7289013B97F22A2D0145A.d.B2105A32DF2212F97ED811E048EBDBC5.e.4121/click - {}
RESULT: {}
COMMAND: GET /session/c3f4cae206c3d63be7f787b9be2a6a7b/screenshot - {}
RESULT: {}
COMMAND: POST /session/c3f4cae206c3d63be7f787b9be2a6a7b/element - {"using":"css selector","value":"#shell-header-logo"}
RESULT: {"using":"css selector","value":"#shell-header-logo"}
COMMAND: POST /session/c3f4cae206c3d63be7f787b9be2a6a7b/element/f.28F387A578A7289013B97F22A2D0145A.d.B2105A32DF2212F97ED811E048EBDBC5.e.3489/click - {}
RESULT: {}
COMMAND: GET /session/c3f4cae206c3d63be7f787b9be2a6a7b/screenshot - {}
RESULT: {}
]]></system-out>
    </testcase>
    <testcase classname="chrome.135_0_7049_96.windows.RU_Inventory_Mass_State_Change_Multiple_Items_US151066" name="Prerequisite Step 2 Should do a stock increase handover for the material" time="101.032">
      <system-out><![CDATA[
RESULT: undefined
COMMAND: POST /session/c3f4cae206c3d63be7f787b9be2a6a7b/element - {"using":"xpath","value":"//*[@id=\"__tile131-title\"]"}
RESULT: {"using":"xpath","value":"//*[@id=\"__tile131-title\"]"}
COMMAND: POST /session/c3f4cae206c3d63be7f787b9be2a6a7b/element/f.28F387A578A7289013B97F22A2D0145A.d.B2105A32DF2212F97ED811E048EBDBC5.e.3486/click - {}
RESULT: {}
COMMAND: POST /session/c3f4cae206c3d63be7f787b9be2a6a7b/element - {"using":"xpath","value":"//button[@data-kt=\"masterHOAddButton\"]"}
COMMAND: GET /session/c3f4cae206c3d63be7f787b9be2a6a7b/screenshot - {}
RESULT: {"using":"xpath","value":"//button[@data-kt=\"masterHOAddButton\"]"}
COMMAND: POST /session/c3f4cae206c3d63be7f787b9be2a6a7b/elements - {"using":"xpath","value":"//button[@data-kt=\"masterHOAddButton\"]"}
RESULT: {}
RESULT: {"using":"xpath","value":"//button[@data-kt=\"masterHOAddButton\"]"}
COMMAND: POST /session/c3f4cae206c3d63be7f787b9be2a6a7b/execute/sync - {"script":"<script> [8489 bytes]","args":[{"element-6066-11e4-a52e-4f735466cecf":"f.28F387A578A7289013B97F22A2D0145A.d.B2105A32DF2212F97ED811E048EBDBC5.e.4345","ELEMENT":"f.28F387A578A7289013B97F22A2D0145A.d.B2105A32DF2212F97ED811E048EBDBC5.e.4345"}]}
RESULT: {"script":"<script> [8489 bytes]","args":[{"element-6066-11e4-a52e-4f735466cecf":"f.28F387A578A7289013B97F22A2D0145A.d.B2105A32DF2212F97ED811E048EBDBC5.e.4345","ELEMENT":"f.28F387A578A7289013B97F22A2D0145A.d.B2105A32DF2212F97ED811E048EBDBC5.e.4345"}]}
COMMAND: GET /session/c3f4cae206c3d63be7f787b9be2a6a7b/element/f.28F387A578A7289013B97F22A2D0145A.d.B2105A32DF2212F97ED811E048EBDBC5.e.4345/enabled - {}
COMMAND: GET /session/c3f4cae206c3d63be7f787b9be2a6a7b/screenshot - {}
RESULT: {}
COMMAND: POST /session/c3f4cae206c3d63be7f787b9be2a6a7b/execute/sync - {"script":"<script> [8489 bytes]","args":[{"element-6066-11e4-a52e-4f735466cecf":"f.28F387A578A7289013B97F22A2D0145A.d.B2105A32DF2212F97ED811E048EBDBC5.e.4345","ELEMENT":"f.28F387A578A7289013B97F22A2D0145A.d.B2105A32DF2212F97ED811E048EBDBC5.e.4345"}]}
COMMAND: GET /session/c3f4cae206c3d63be7f787b9be2a6a7b/screenshot - {}
RESULT: {}
RESULT: {"script":"<script> [8489 bytes]","args":[{"element-6066-11e4-a52e-4f735466cecf":"f.28F387A578A7289013B97F22A2D0145A.d.B2105A32DF2212F97ED811E048EBDBC5.e.4345","ELEMENT":"f.28F387A578A7289013B97F22A2D0145A.d.B2105A32DF2212F97ED811E048EBDBC5.e.4345"}]}
COMMAND: POST /session/c3f4cae206c3d63be7f787b9be2a6a7b/execute/sync - {"script":"<script> [5351 bytes]","args":[{"element-6066-11e4-a52e-4f735466cecf":"f.28F387A578A7289013B97F22A2D0145A.d.B2105A32DF2212F97ED811E048EBDBC5.e.4345","ELEMENT":"f.28F387A578A7289013B97F22A2D0145A.d.B2105A32DF2212F97ED811E048EBDBC5.e.4345"}]}
COMMAND: GET /session/c3f4cae206c3d63be7f787b9be2a6a7b/screenshot - {}
RESULT: {}
RESULT: {"script":"<script> [5351 bytes]","args":[{"element-6066-11e4-a52e-4f735466cecf":"f.28F387A578A7289013B97F22A2D0145A.d.B2105A32DF2212F97ED811E048EBDBC5.e.4345","ELEMENT":"f.28F387A578A7289013B97F22A2D0145A.d.B2105A32DF2212F97ED811E048EBDBC5.e.4345"}]}
COMMAND: POST /session/c3f4cae206c3d63be7f787b9be2a6a7b/element/f.28F387A578A7289013B97F22A2D0145A.d.B2105A32DF2212F97ED811E048EBDBC5.e.4345/click - {}
COMMAND: GET /session/c3f4cae206c3d63be7f787b9be2a6a7b/screenshot - {}
RESULT: {}
RESULT: {}
COMMAND: GET /session/c3f4cae206c3d63be7f787b9be2a6a7b/screenshot - {}
COMMAND: POST /session/c3f4cae206c3d63be7f787b9be2a6a7b/element - {"using":"xpath","value":"//span[contains(@id ,\"AddNewHO--typeSelect-arrow\")]"}
RESULT: {}
RESULT: {}
RESULT: {"using":"xpath","value":"//span[contains(@id ,\"AddNewHO--typeSelect-arrow\")]"}
COMMAND: POST /session/c3f4cae206c3d63be7f787b9be2a6a7b/element/f.28F387A578A7289013B97F22A2D0145A.d.B2105A32DF2212F97ED811E048EBDBC5.e.4754/click - {}
RESULT: {}
COMMAND: GET /session/c3f4cae206c3d63be7f787b9be2a6a7b/screenshot - {}
RESULT: {}
COMMAND: POST /session/c3f4cae206c3d63be7f787b9be2a6a7b/element - {"using":"xpath","value":"(//li[contains(text(), \"stock increase yard\")])[1]"}
RESULT: {"using":"xpath","value":"(//li[contains(text(), \"stock increase yard\")])[1]"}
COMMAND: POST /session/c3f4cae206c3d63be7f787b9be2a6a7b/element/f.28F387A578A7289013B97F22A2D0145A.d.B2105A32DF2212F97ED811E048EBDBC5.e.4755/click - {}
RESULT: {}
COMMAND: GET /session/c3f4cae206c3d63be7f787b9be2a6a7b/screenshot - {}
RESULT: {}
RESULT: undefined
COMMAND: POST /session/c3f4cae206c3d63be7f787b9be2a6a7b/execute/async - {"script":"<script> [6424 bytes]","args":[{"element-6066-11e4-a52e-4f735466cecf":"f.28F387A578A7289013B97F22A2D0145A.d.B2105A32DF2212F97ED811E048EBDBC5.e.3885"},"setValue",["05/04/2025"]]}
COMMAND: POST /session/c3f4cae206c3d63be7f787b9be2a6a7b/execute/async - {"script":"<script> [1562 bytes]","args":[{"selector":{"id":"application-managehandovers-display-component---AddNewHO--dueDate","interaction":{"idSuffix":"inner"}},"wdio_ui5_key":"applicationmanagehandovers-display-component---AddNewHO--dueDate"}]}
RESULT: {"script":"<script> [1562 bytes]","args":[{"selector":{"id":"application-managehandovers-display-component---AddNewHO--dueDate","interaction":{"idSuffix":"inner"}},"wdio_ui5_key":"applicationmanagehandovers-display-component---AddNewHO--dueDate"}]}
COMMAND: POST /session/c3f4cae206c3d63be7f787b9be2a6a7b/execute/async - {"script":"<script> [6424 bytes]","args":[{"element-6066-11e4-a52e-4f735466cecf":"f.28F387A578A7289013B97F22A2D0145A.d.B2105A32DF2212F97ED811E048EBDBC5.e.4757"},"setValue",["05/04/2025"]]}
RESULT: {"script":"<script> [6424 bytes]","args":[{"element-6066-11e4-a52e-4f735466cecf":"f.28F387A578A7289013B97F22A2D0145A.d.B2105A32DF2212F97ED811E048EBDBC5.e.4757"},"setValue",["05/04/2025"]]}
COMMAND: POST /session/c3f4cae206c3d63be7f787b9be2a6a7b/element - {"using":"xpath","value":"//input[@id=\"generalSectionFrg--receiveYard-inner\"]"}
RESULT: {"using":"xpath","value":"//input[@id=\"generalSectionFrg--receiveYard-inner\"]"}
COMMAND: POST /session/c3f4cae206c3d63be7f787b9be2a6a7b/element/f.28F387A578A7289013B97F22A2D0145A.d.B2105A32DF2212F97ED811E048EBDBC5.e.4763/clear - {}
RESULT: {}
COMMAND: POST /session/c3f4cae206c3d63be7f787b9be2a6a7b/element/f.28F387A578A7289013B97F22A2D0145A.d.B2105A32DF2212F97ED811E048EBDBC5.e.4763/value - {"text":"109"}
COMMAND: GET /session/c3f4cae206c3d63be7f787b9be2a6a7b/screenshot - {}
RESULT: {"text":"109"}
COMMAND: GET /session/c3f4cae206c3d63be7f787b9be2a6a7b/screenshot - {}
RESULT: {}
RESULT: {}
COMMAND: POST /session/c3f4cae206c3d63be7f787b9be2a6a7b/element - {"using":"xpath","value":"//li[.//span[text()='109']]"}
RESULT: {"using":"xpath","value":"//li[.//span[text()='109']]"}
COMMAND: POST /session/c3f4cae206c3d63be7f787b9be2a6a7b/element/f.28F387A578A7289013B97F22A2D0145A.d.B2105A32DF2212F97ED811E048EBDBC5.e.4781/click - {}
RESULT: {}
COMMAND: GET /session/c3f4cae206c3d63be7f787b9be2a6a7b/screenshot - {}
RESULT: {}
RESULT: undefined
COMMAND: POST /session/c3f4cae206c3d63be7f787b9be2a6a7b/element - {"using":"xpath","value":"//*[@id=\"application-managehandovers-display-component---AddNewHO--ObjectPageLayout-anchBar-application-managehandovers-display-component---AddNewHO--section4-anchor\"]"}
RESULT: {"using":"xpath","value":"//*[@id=\"application-managehandovers-display-component---AddNewHO--ObjectPageLayout-anchBar-application-managehandovers-display-component---AddNewHO--section4-anchor\"]"}
COMMAND: POST /session/c3f4cae206c3d63be7f787b9be2a6a7b/element/f.28F387A578A7289013B97F22A2D0145A.d.B2105A32DF2212F97ED811E048EBDBC5.e.4782/click - {}
RESULT: {}
COMMAND: POST /session/c3f4cae206c3d63be7f787b9be2a6a7b/element - {"using":"xpath","value":"//button[@aria-label=\"Add\"]"}
COMMAND: GET /session/c3f4cae206c3d63be7f787b9be2a6a7b/screenshot - {}
RESULT: {"using":"xpath","value":"//button[@aria-label=\"Add\"]"}
COMMAND: POST /session/c3f4cae206c3d63be7f787b9be2a6a7b/element/f.28F387A578A7289013B97F22A2D0145A.d.B2105A32DF2212F97ED811E048EBDBC5.e.4786/click - {}
RESULT: {}
RESULT: {}
COMMAND: GET /session/c3f4cae206c3d63be7f787b9be2a6a7b/screenshot - {}
RESULT: {}
RESULT: undefined
COMMAND: POST /session/c3f4cae206c3d63be7f787b9be2a6a7b/execute/async - {"script":"<script> [776 bytes]","args":[{"enterText":"200303","selector":{"id":"application-managehandovers-display-component---AddNewHO--smartFilterBar-btnBasicSearch","searchOpenDialogs":true,"interaction":{"idSuffix":"I"}},"clearTextFirst":true,"interactionType":"ENTER_TEXT"}]}
RESULT: {"script":"<script> [776 bytes]","args":[{"enterText":"200303","selector":{"id":"application-managehandovers-display-component---AddNewHO--smartFilterBar-btnBasicSearch","searchOpenDialogs":true,"interaction":{"idSuffix":"I"}},"clearTextFirst":true,"interactionType":"ENTER_TEXT"}]}
COMMAND: POST /session/c3f4cae206c3d63be7f787b9be2a6a7b/actions - {"actions":[{"id":"action20","type":"key","parameters":{},"actions":[{"type":"keyDown","value":"î€‡"},{"type":"pause","duration":10},{"type":"keyUp","value":"î€‡"}]}]}
RESULT: {"actions":[{"id":"action20","type":"key","parameters":{},"actions":[{"type":"keyDown","value":"î€‡"},{"type":"pause","duration":10},{"type":"keyUp","value":"î€‡"}]}]}
COMMAND: GET /session/c3f4cae206c3d63be7f787b9be2a6a7b/screenshot - {}
RESULT: {}
RESULT: undefined
COMMAND: POST /session/c3f4cae206c3d63be7f787b9be2a6a7b/element - {"using":"xpath","value":"//*[@id=\"application-managehandovers-display-component---AddNewHO--popup-sa\"]"}
RESULT: {"using":"xpath","value":"//*[@id=\"application-managehandovers-display-component---AddNewHO--popup-sa\"]"}
COMMAND: POST /session/c3f4cae206c3d63be7f787b9be2a6a7b/element/f.28F387A578A7289013B97F22A2D0145A.d.B2105A32DF2212F97ED811E048EBDBC5.e.4938/click - {}
RESULT: {}
COMMAND: GET /session/c3f4cae206c3d63be7f787b9be2a6a7b/screenshot - {}
RESULT: {}
COMMAND: POST /session/c3f4cae206c3d63be7f787b9be2a6a7b/element - {"using":"xpath","value":"//bdi[contains(text(), \"Select\")]"}
RESULT: {"using":"xpath","value":"//bdi[contains(text(), \"Select\")]"}
COMMAND: POST /session/c3f4cae206c3d63be7f787b9be2a6a7b/element/f.28F387A578A7289013B97F22A2D0145A.d.B2105A32DF2212F97ED811E048EBDBC5.e.4939/click - {}
RESULT: {}
COMMAND: GET /session/c3f4cae206c3d63be7f787b9be2a6a7b/screenshot - {}
RESULT: {}
COMMAND: POST /session/c3f4cae206c3d63be7f787b9be2a6a7b/element - {"using":"xpath","value":"//button[@data-kt=\"AddNewHOSaveButton\"]"}
RESULT: {"using":"xpath","value":"//button[@data-kt=\"AddNewHOSaveButton\"]"}
COMMAND: POST /session/c3f4cae206c3d63be7f787b9be2a6a7b/element/f.28F387A578A7289013B97F22A2D0145A.d.B2105A32DF2212F97ED811E048EBDBC5.e.4943/click - {}
RESULT: {}
COMMAND: GET /session/c3f4cae206c3d63be7f787b9be2a6a7b/screenshot - {}
RESULT: {}
RESULT: undefined
COMMAND: POST /session/c3f4cae206c3d63be7f787b9be2a6a7b/execute/async - {"script":"<script> [6424 bytes]","args":[{"element-6066-11e4-a52e-4f735466cecf":"f.28F387A578A7289013B97F22A2D0145A.d.B2105A32DF2212F97ED811E048EBDBC5.e.4102"},"setValue",["05/04/2025"]]}
COMMAND: POST /session/c3f4cae206c3d63be7f787b9be2a6a7b/execute/async - {"script":"<script> [1562 bytes]","args":[{"selector":{"id":"receiptDatePicker","viewName":"etm.portal.ui.managehandovers.view.DetailExecuteHO","interaction":{"idSuffix":"inner"}},"wdio_ui5_key":"receiptDatePickeretmportal.ui.managehandovers.view.DetailExecuteHO"}]}
RESULT: {"script":"<script> [1562 bytes]","args":[{"selector":{"id":"receiptDatePicker","viewName":"etm.portal.ui.managehandovers.view.DetailExecuteHO","interaction":{"idSuffix":"inner"}},"wdio_ui5_key":"receiptDatePickeretmportal.ui.managehandovers.view.DetailExecuteHO"}]}
COMMAND: POST /session/c3f4cae206c3d63be7f787b9be2a6a7b/execute/async - {"script":"<script> [6424 bytes]","args":[{"element-6066-11e4-a52e-4f735466cecf":"f.28F387A578A7289013B97F22A2D0145A.d.B2105A32DF2212F97ED811E048EBDBC5.e.4975"},"setValue",["05/04/2025"]]}
RESULT: {"script":"<script> [6424 bytes]","args":[{"element-6066-11e4-a52e-4f735466cecf":"f.28F387A578A7289013B97F22A2D0145A.d.B2105A32DF2212F97ED811E048EBDBC5.e.4975"},"setValue",["05/04/2025"]]}
COMMAND: POST /session/c3f4cae206c3d63be7f787b9be2a6a7b/element - {"using":"xpath","value":"//button[@data-kt=\"PickingTableConfirmAllButton\"]"}
RESULT: {"using":"xpath","value":"//button[@data-kt=\"PickingTableConfirmAllButton\"]"}
COMMAND: POST /session/c3f4cae206c3d63be7f787b9be2a6a7b/element/f.28F387A578A7289013B97F22A2D0145A.d.B2105A32DF2212F97ED811E048EBDBC5.e.4989/click - {}
RESULT: {}
COMMAND: GET /session/c3f4cae206c3d63be7f787b9be2a6a7b/screenshot - {}
RESULT: {}
COMMAND: POST /session/c3f4cae206c3d63be7f787b9be2a6a7b/element - {"using":"xpath","value":"//bdi[contains(text(), \"OK\")]"}
RESULT: {"using":"xpath","value":"//bdi[contains(text(), \"OK\")]"}
COMMAND: POST /session/c3f4cae206c3d63be7f787b9be2a6a7b/element/f.28F387A578A7289013B97F22A2D0145A.d.B2105A32DF2212F97ED811E048EBDBC5.e.4991/click - {}
RESULT: {}
COMMAND: GET /session/c3f4cae206c3d63be7f787b9be2a6a7b/screenshot - {}
RESULT: {}
COMMAND: POST /session/c3f4cae206c3d63be7f787b9be2a6a7b/element - {"using":"xpath","value":"(//bdi[contains(text(), \"Receive\")])[2]"}
RESULT: {"using":"xpath","value":"(//bdi[contains(text(), \"Receive\")])[2]"}
COMMAND: POST /session/c3f4cae206c3d63be7f787b9be2a6a7b/element/f.28F387A578A7289013B97F22A2D0145A.d.B2105A32DF2212F97ED811E048EBDBC5.e.4993/click - {}
RESULT: {}
COMMAND: GET /session/c3f4cae206c3d63be7f787b9be2a6a7b/screenshot - {}
RESULT: {}
COMMAND: POST /session/c3f4cae206c3d63be7f787b9be2a6a7b/element - {"using":"css selector","value":"#shell-header-logo"}
RESULT: {"using":"css selector","value":"#shell-header-logo"}
COMMAND: POST /session/c3f4cae206c3d63be7f787b9be2a6a7b/element/f.28F387A578A7289013B97F22A2D0145A.d.B2105A32DF2212F97ED811E048EBDBC5.e.4295/click - {}
RESULT: {}
COMMAND: GET /session/c3f4cae206c3d63be7f787b9be2a6a7b/screenshot - {}
RESULT: {}
]]></system-out>
    </testcase>
    <testcase classname="chrome.135_0_7049_96.windows.RU_Inventory_Mass_State_Change_Multiple_Items_US151066" name="Step 2 Should do a RU inventory mass state change on chosen yard 109 with the resources created one equipment one material the existing ones too" time="324.919">
      <system-out><![CDATA[
RESULT: undefined
COMMAND: POST /session/c3f4cae206c3d63be7f787b9be2a6a7b/element - {"using":"xpath","value":"//*[@id=\"__tile99\"]"}
RESULT: {"using":"xpath","value":"//*[@id=\"__tile99\"]"}
COMMAND: POST /session/c3f4cae206c3d63be7f787b9be2a6a7b/element/f.28F387A578A7289013B97F22A2D0145A.d.B2105A32DF2212F97ED811E048EBDBC5.e.265/click - {}
RESULT: {}
COMMAND: POST /session/c3f4cae206c3d63be7f787b9be2a6a7b/element - {"using":"xpath","value":"//button[contains(@id, \"massStateBtn\")]"}
COMMAND: GET /session/c3f4cae206c3d63be7f787b9be2a6a7b/screenshot - {}
RESULT: {"using":"xpath","value":"//button[contains(@id, \"massStateBtn\")]"}
COMMAND: POST /session/c3f4cae206c3d63be7f787b9be2a6a7b/elements - {"using":"xpath","value":"//button[contains(@id, \"massStateBtn\")]"}
RESULT: {}
RESULT: {"using":"xpath","value":"//button[contains(@id, \"massStateBtn\")]"}
COMMAND: POST /session/c3f4cae206c3d63be7f787b9be2a6a7b/execute/sync - {"script":"<script> [8489 bytes]","args":[{"element-6066-11e4-a52e-4f735466cecf":"f.28F387A578A7289013B97F22A2D0145A.d.B2105A32DF2212F97ED811E048EBDBC5.e.5205","ELEMENT":"f.28F387A578A7289013B97F22A2D0145A.d.B2105A32DF2212F97ED811E048EBDBC5.e.5205"}]}
RESULT: {"script":"<script> [8489 bytes]","args":[{"element-6066-11e4-a52e-4f735466cecf":"f.28F387A578A7289013B97F22A2D0145A.d.B2105A32DF2212F97ED811E048EBDBC5.e.5205","ELEMENT":"f.28F387A578A7289013B97F22A2D0145A.d.B2105A32DF2212F97ED811E048EBDBC5.e.5205"}]}
COMMAND: GET /session/c3f4cae206c3d63be7f787b9be2a6a7b/element/f.28F387A578A7289013B97F22A2D0145A.d.B2105A32DF2212F97ED811E048EBDBC5.e.5205/enabled - {}
COMMAND: GET /session/c3f4cae206c3d63be7f787b9be2a6a7b/screenshot - {}
RESULT: {}
COMMAND: POST /session/c3f4cae206c3d63be7f787b9be2a6a7b/execute/sync - {"script":"<script> [8489 bytes]","args":[{"element-6066-11e4-a52e-4f735466cecf":"f.28F387A578A7289013B97F22A2D0145A.d.B2105A32DF2212F97ED811E048EBDBC5.e.5205","ELEMENT":"f.28F387A578A7289013B97F22A2D0145A.d.B2105A32DF2212F97ED811E048EBDBC5.e.5205"}]}
COMMAND: GET /session/c3f4cae206c3d63be7f787b9be2a6a7b/screenshot - {}
RESULT: {}
RESULT: {"script":"<script> [8489 bytes]","args":[{"element-6066-11e4-a52e-4f735466cecf":"f.28F387A578A7289013B97F22A2D0145A.d.B2105A32DF2212F97ED811E048EBDBC5.e.5205","ELEMENT":"f.28F387A578A7289013B97F22A2D0145A.d.B2105A32DF2212F97ED811E048EBDBC5.e.5205"}]}
COMMAND: POST /session/c3f4cae206c3d63be7f787b9be2a6a7b/execute/sync - {"script":"<script> [5351 bytes]","args":[{"element-6066-11e4-a52e-4f735466cecf":"f.28F387A578A7289013B97F22A2D0145A.d.B2105A32DF2212F97ED811E048EBDBC5.e.5205","ELEMENT":"f.28F387A578A7289013B97F22A2D0145A.d.B2105A32DF2212F97ED811E048EBDBC5.e.5205"}]}
COMMAND: GET /session/c3f4cae206c3d63be7f787b9be2a6a7b/screenshot - {}
RESULT: {}
RESULT: {"script":"<script> [5351 bytes]","args":[{"element-6066-11e4-a52e-4f735466cecf":"f.28F387A578A7289013B97F22A2D0145A.d.B2105A32DF2212F97ED811E048EBDBC5.e.5205","ELEMENT":"f.28F387A578A7289013B97F22A2D0145A.d.B2105A32DF2212F97ED811E048EBDBC5.e.5205"}]}
COMMAND: POST /session/c3f4cae206c3d63be7f787b9be2a6a7b/element/f.28F387A578A7289013B97F22A2D0145A.d.B2105A32DF2212F97ED811E048EBDBC5.e.5205/click - {}
COMMAND: GET /session/c3f4cae206c3d63be7f787b9be2a6a7b/screenshot - {}
RESULT: {}
RESULT: {}
COMMAND: GET /session/c3f4cae206c3d63be7f787b9be2a6a7b/screenshot - {}
RESULT: {}
RESULT: {}
RESULT: undefined
COMMAND: POST /session/c3f4cae206c3d63be7f787b9be2a6a7b/element - {"using":"xpath","value":"//*[@id=\"application-ruinventorylist-display-component---Master--ruLocationTypeComboBox-arrow\"]"}
RESULT: {"using":"xpath","value":"//*[@id=\"application-ruinventorylist-display-component---Master--ruLocationTypeComboBox-arrow\"]"}
COMMAND: POST /session/c3f4cae206c3d63be7f787b9be2a6a7b/element/f.28F387A578A7289013B97F22A2D0145A.d.B2105A32DF2212F97ED811E048EBDBC5.e.5560/click - {}
RESULT: {}
COMMAND: GET /session/c3f4cae206c3d63be7f787b9be2a6a7b/screenshot - {}
RESULT: {}
COMMAND: POST /session/c3f4cae206c3d63be7f787b9be2a6a7b/element - {"using":"xpath","value":"//li[.//span[text()='Yard']]"}
RESULT: {"using":"xpath","value":"//li[.//span[text()='Yard']]"}
COMMAND: POST /session/c3f4cae206c3d63be7f787b9be2a6a7b/element/f.28F387A578A7289013B97F22A2D0145A.d.B2105A32DF2212F97ED811E048EBDBC5.e.5561/click - {}
RESULT: {}
COMMAND: GET /session/c3f4cae206c3d63be7f787b9be2a6a7b/screenshot - {}
RESULT: undefined
COMMAND: POST /session/c3f4cae206c3d63be7f787b9be2a6a7b/element - {"using":"xpath","value":"//*[@id=\"application-ruinventorylist-display-component---Master--smartFilterBar-filterItemControl_BASIC-YARD-vhi\"]"}
RESULT: {}
RESULT: {"using":"xpath","value":"//*[@id=\"application-ruinventorylist-display-component---Master--smartFilterBar-filterItemControl_BASIC-YARD-vhi\"]"}
COMMAND: POST /session/c3f4cae206c3d63be7f787b9be2a6a7b/element/f.28F387A578A7289013B97F22A2D0145A.d.B2105A32DF2212F97ED811E048EBDBC5.e.5629/click - {}
RESULT: {}
COMMAND: GET /session/c3f4cae206c3d63be7f787b9be2a6a7b/screenshot - {}
RESULT: {}
RESULT: undefined
COMMAND: POST /session/c3f4cae206c3d63be7f787b9be2a6a7b/execute/async - {"script":"<script> [776 bytes]","args":[{"enterText":"109","selector":{"id":"application-ruinventorylist-display-component---Master--smartFilterBar-filterItemControl_BASIC-YARD-valueHelpDialog-smartFilterBar-btnBasicSearch","searchOpenDialogs":true,"interaction":{"idSuffix":"I"}},"clearTextFirst":true,"interactionType":"ENTER_TEXT"}]}
RESULT: {"script":"<script> [776 bytes]","args":[{"enterText":"109","selector":{"id":"application-ruinventorylist-display-component---Master--smartFilterBar-filterItemControl_BASIC-YARD-valueHelpDialog-smartFilterBar-btnBasicSearch","searchOpenDialogs":true,"interaction":{"idSuffix":"I"}},"clearTextFirst":true,"interactionType":"ENTER_TEXT"}]}
COMMAND: POST /session/c3f4cae206c3d63be7f787b9be2a6a7b/actions - {"actions":[{"id":"action21","type":"key","parameters":{},"actions":[{"type":"keyDown","value":"î€‡"},{"type":"pause","duration":10},{"type":"keyUp","value":"î€‡"}]}]}
RESULT: {"actions":[{"id":"action21","type":"key","parameters":{},"actions":[{"type":"keyDown","value":"î€‡"},{"type":"pause","duration":10},{"type":"keyUp","value":"î€‡"}]}]}
COMMAND: GET /session/c3f4cae206c3d63be7f787b9be2a6a7b/screenshot - {}
RESULT: {}
COMMAND: POST /session/c3f4cae206c3d63be7f787b9be2a6a7b/elements - {"using":"xpath","value":"//table[contains(@id, \"filterItemControl_BASIC-YARD-valueHelpDialog-table-table\")]/tbody/tr"}
RESULT: {"using":"xpath","value":"//table[contains(@id, \"filterItemControl_BASIC-YARD-valueHelpDialog-table-table\")]/tbody/tr"}
COMMAND: POST /session/c3f4cae206c3d63be7f787b9be2a6a7b/element - {"using":"xpath","value":"//table[contains(@id, \"filterItemControl_BASIC-YARD-valueHelpDialog-table-table\")]/tbody/tr[1]/td[1]/div/span"}
RESULT: {"using":"xpath","value":"//table[contains(@id, \"filterItemControl_BASIC-YARD-valueHelpDialog-table-table\")]/tbody/tr[1]/td[1]/div/span"}
COMMAND: POST /session/c3f4cae206c3d63be7f787b9be2a6a7b/elements - {"using":"xpath","value":"//table[contains(@id, \"filterItemControl_BASIC-YARD-valueHelpDialog-table-table\")]/tbody/tr[1]/td[1]/div/span"}
RESULT: {"using":"xpath","value":"//table[contains(@id, \"filterItemControl_BASIC-YARD-valueHelpDialog-table-table\")]/tbody/tr[1]/td[1]/div/span"}
COMMAND: POST /session/c3f4cae206c3d63be7f787b9be2a6a7b/execute/sync - {"script":"<script> [56 bytes]","args":[{"element-6066-11e4-a52e-4f735466cecf":"f.28F387A578A7289013B97F22A2D0145A.d.B2105A32DF2212F97ED811E048EBDBC5.e.5648","ELEMENT":"f.28F387A578A7289013B97F22A2D0145A.d.B2105A32DF2212F97ED811E048EBDBC5.e.5648"}]}
RESULT: {"script":"<script> [56 bytes]","args":[{"element-6066-11e4-a52e-4f735466cecf":"f.28F387A578A7289013B97F22A2D0145A.d.B2105A32DF2212F97ED811E048EBDBC5.e.5648","ELEMENT":"f.28F387A578A7289013B97F22A2D0145A.d.B2105A32DF2212F97ED811E048EBDBC5.e.5648"}]}
COMMAND: POST /session/c3f4cae206c3d63be7f787b9be2a6a7b/element - {"using":"xpath","value":"//div[contains(@id, \"filterItemControl_BASIC-YARD-valueHelpDialog-table-rowsel0\")]"}
COMMAND: GET /session/c3f4cae206c3d63be7f787b9be2a6a7b/screenshot - {}
RESULT: {"using":"xpath","value":"//div[contains(@id, \"filterItemControl_BASIC-YARD-valueHelpDialog-table-rowsel0\")]"}
COMMAND: POST /session/c3f4cae206c3d63be7f787b9be2a6a7b/element/f.28F387A578A7289013B97F22A2D0145A.d.B2105A32DF2212F97ED811E048EBDBC5.e.5649/click - {}
RESULT: {}
RESULT: {}
COMMAND: GET /session/c3f4cae206c3d63be7f787b9be2a6a7b/screenshot - {}
RESULT: {}
COMMAND: POST /session/c3f4cae206c3d63be7f787b9be2a6a7b/element - {"using":"xpath","value":"//div[contains(@id, \"smartFilterBar-filterItemControl_BASIC-YARD-valueHelpDialog-smartFilterBar-btnBasicSearch-reset\")]"}
RESULT: {"using":"xpath","value":"//div[contains(@id, \"smartFilterBar-filterItemControl_BASIC-YARD-valueHelpDialog-smartFilterBar-btnBasicSearch-reset\")]"}
COMMAND: POST /session/c3f4cae206c3d63be7f787b9be2a6a7b/element/f.28F387A578A7289013B97F22A2D0145A.d.B2105A32DF2212F97ED811E048EBDBC5.e.5651/click - {}
RESULT: {}
RESULT: undefined
COMMAND: POST /session/c3f4cae206c3d63be7f787b9be2a6a7b/execute/async - {"script":"<script> [776 bytes]","args":[{"enterText":"OPA5_BST01_YARD1","selector":{"id":"application-ruinventorylist-display-component---Master--smartFilterBar-filterItemControl_BASIC-YARD-valueHelpDialog-smartFilterBar-btnBasicSearch","searchOpenDialogs":true,"interaction":{"idSuffix":"I"}},"clearTextFirst":true,"interactionType":"ENTER_TEXT"}]}
COMMAND: GET /session/c3f4cae206c3d63be7f787b9be2a6a7b/screenshot - {}
RESULT: {"script":"<script> [776 bytes]","args":[{"enterText":"OPA5_BST01_YARD1","selector":{"id":"application-ruinventorylist-display-component---Master--smartFilterBar-filterItemControl_BASIC-YARD-valueHelpDialog-smartFilterBar-btnBasicSearch","searchOpenDialogs":true,"interaction":{"idSuffix":"I"}},"clearTextFirst":true,"interactionType":"ENTER_TEXT"}]}
COMMAND: POST /session/c3f4cae206c3d63be7f787b9be2a6a7b/actions - {"actions":[{"id":"action22","type":"key","parameters":{},"actions":[{"type":"keyDown","value":"î€‡"},{"type":"pause","duration":10},{"type":"keyUp","value":"î€‡"}]}]}
RESULT: {}
RESULT: {"actions":[{"id":"action22","type":"key","parameters":{},"actions":[{"type":"keyDown","value":"î€‡"},{"type":"pause","duration":10},{"type":"keyUp","value":"î€‡"}]}]}
COMMAND: GET /session/c3f4cae206c3d63be7f787b9be2a6a7b/screenshot - {}
RESULT: {}
COMMAND: POST /session/c3f4cae206c3d63be7f787b9be2a6a7b/elements - {"using":"xpath","value":"//table[contains(@id, \"filterItemControl_BASIC-YARD-valueHelpDialog-table-table\")]/tbody/tr"}
RESULT: {"using":"xpath","value":"//table[contains(@id, \"filterItemControl_BASIC-YARD-valueHelpDialog-table-table\")]/tbody/tr"}
COMMAND: POST /session/c3f4cae206c3d63be7f787b9be2a6a7b/element - {"using":"xpath","value":"//table[contains(@id, \"filterItemControl_BASIC-YARD-valueHelpDialog-table-table\")]/tbody/tr[1]/td[1]/div/span"}
RESULT: {"using":"xpath","value":"//table[contains(@id, \"filterItemControl_BASIC-YARD-valueHelpDialog-table-table\")]/tbody/tr[1]/td[1]/div/span"}
COMMAND: POST /session/c3f4cae206c3d63be7f787b9be2a6a7b/elements - {"using":"xpath","value":"//table[contains(@id, \"filterItemControl_BASIC-YARD-valueHelpDialog-table-table\")]/tbody/tr[1]/td[1]/div/span"}
RESULT: {"using":"xpath","value":"//table[contains(@id, \"filterItemControl_BASIC-YARD-valueHelpDialog-table-table\")]/tbody/tr[1]/td[1]/div/span"}
COMMAND: POST /session/c3f4cae206c3d63be7f787b9be2a6a7b/execute/sync - {"script":"<script> [56 bytes]","args":[{"element-6066-11e4-a52e-4f735466cecf":"f.28F387A578A7289013B97F22A2D0145A.d.B2105A32DF2212F97ED811E048EBDBC5.e.5648","ELEMENT":"f.28F387A578A7289013B97F22A2D0145A.d.B2105A32DF2212F97ED811E048EBDBC5.e.5648"}]}
RESULT: {"script":"<script> [56 bytes]","args":[{"element-6066-11e4-a52e-4f735466cecf":"f.28F387A578A7289013B97F22A2D0145A.d.B2105A32DF2212F97ED811E048EBDBC5.e.5648","ELEMENT":"f.28F387A578A7289013B97F22A2D0145A.d.B2105A32DF2212F97ED811E048EBDBC5.e.5648"}]}
COMMAND: POST /session/c3f4cae206c3d63be7f787b9be2a6a7b/element - {"using":"xpath","value":"//div[contains(@id, \"filterItemControl_BASIC-YARD-valueHelpDialog-table-rowsel0\")]"}
COMMAND: GET /session/c3f4cae206c3d63be7f787b9be2a6a7b/screenshot - {}
RESULT: {"using":"xpath","value":"//div[contains(@id, \"filterItemControl_BASIC-YARD-valueHelpDialog-table-rowsel0\")]"}
COMMAND: POST /session/c3f4cae206c3d63be7f787b9be2a6a7b/element/f.28F387A578A7289013B97F22A2D0145A.d.B2105A32DF2212F97ED811E048EBDBC5.e.5649/click - {}
RESULT: {}
RESULT: {}
COMMAND: GET /session/c3f4cae206c3d63be7f787b9be2a6a7b/screenshot - {}
RESULT: {}
COMMAND: POST /session/c3f4cae206c3d63be7f787b9be2a6a7b/element - {"using":"xpath","value":"(//bdi[contains(text(), \"OK\")])[1]"}
RESULT: {"using":"xpath","value":"(//bdi[contains(text(), \"OK\")])[1]"}
COMMAND: POST /session/c3f4cae206c3d63be7f787b9be2a6a7b/element/f.28F387A578A7289013B97F22A2D0145A.d.B2105A32DF2212F97ED811E048EBDBC5.e.5652/click - {}
RESULT: {}
COMMAND: GET /session/c3f4cae206c3d63be7f787b9be2a6a7b/screenshot - {}
RESULT: {}
COMMAND: POST /session/c3f4cae206c3d63be7f787b9be2a6a7b/element - {"using":"xpath","value":"//span[@id=\"application-ruinventorylist-display-component---Master--smartTableRuInventoryList-header-inner\"]"}
RESULT: {"using":"xpath","value":"//span[@id=\"application-ruinventorylist-display-component---Master--smartTableRuInventoryList-header-inner\"]"}
COMMAND: POST /session/c3f4cae206c3d63be7f787b9be2a6a7b/elements - {"using":"xpath","value":"//span[@id=\"application-ruinventorylist-display-component---Master--smartTableRuInventoryList-header-inner\"]"}
RESULT: {"using":"xpath","value":"//span[@id=\"application-ruinventorylist-display-component---Master--smartTableRuInventoryList-header-inner\"]"}
COMMAND: POST /session/c3f4cae206c3d63be7f787b9be2a6a7b/execute/sync - {"script":"<script> [56 bytes]","args":[{"element-6066-11e4-a52e-4f735466cecf":"f.28F387A578A7289013B97F22A2D0145A.d.B2105A32DF2212F97ED811E048EBDBC5.e.5809","ELEMENT":"f.28F387A578A7289013B97F22A2D0145A.d.B2105A32DF2212F97ED811E048EBDBC5.e.5809"}]}
RESULT: {"script":"<script> [56 bytes]","args":[{"element-6066-11e4-a52e-4f735466cecf":"f.28F387A578A7289013B97F22A2D0145A.d.B2105A32DF2212F97ED811E048EBDBC5.e.5809","ELEMENT":"f.28F387A578A7289013B97F22A2D0145A.d.B2105A32DF2212F97ED811E048EBDBC5.e.5809"}]}
RESULT: undefined
COMMAND: POST /session/c3f4cae206c3d63be7f787b9be2a6a7b/execute/async - {"script":"<script> [776 bytes]","args":[{"enterText":"600002","selector":{"id":"application-ruinventorylist-display-component---Master--smartFilterBar-btnBasicSearch","interaction":{"idSuffix":"I"}},"clearTextFirst":true,"interactionType":"ENTER_TEXT"}]}
COMMAND: GET /session/c3f4cae206c3d63be7f787b9be2a6a7b/screenshot - {}
RESULT: {"script":"<script> [776 bytes]","args":[{"enterText":"600002","selector":{"id":"application-ruinventorylist-display-component---Master--smartFilterBar-btnBasicSearch","interaction":{"idSuffix":"I"}},"clearTextFirst":true,"interactionType":"ENTER_TEXT"}]}
COMMAND: POST /session/c3f4cae206c3d63be7f787b9be2a6a7b/actions - {"actions":[{"id":"action23","type":"key","parameters":{},"actions":[{"type":"keyDown","value":"î€‡"},{"type":"pause","duration":10},{"type":"keyUp","value":"î€‡"}]}]}
RESULT: {}
RESULT: {"actions":[{"id":"action23","type":"key","parameters":{},"actions":[{"type":"keyDown","value":"î€‡"},{"type":"pause","duration":10},{"type":"keyUp","value":"î€‡"}]}]}
COMMAND: GET /session/c3f4cae206c3d63be7f787b9be2a6a7b/screenshot - {}
RESULT: {}
COMMAND: POST /session/c3f4cae206c3d63be7f787b9be2a6a7b/element - {"using":"xpath","value":"//span[@id=\"application-ruinventorylist-display-component---Master--smartTableRuInventoryList-header-inner\"]"}
RESULT: {"using":"xpath","value":"//span[@id=\"application-ruinventorylist-display-component---Master--smartTableRuInventoryList-header-inner\"]"}
COMMAND: POST /session/c3f4cae206c3d63be7f787b9be2a6a7b/elements - {"using":"xpath","value":"//span[@id=\"application-ruinventorylist-display-component---Master--smartTableRuInventoryList-header-inner\"]"}
RESULT: {"using":"xpath","value":"//span[@id=\"application-ruinventorylist-display-component---Master--smartTableRuInventoryList-header-inner\"]"}
COMMAND: POST /session/c3f4cae206c3d63be7f787b9be2a6a7b/execute/sync - {"script":"<script> [56 bytes]","args":[{"element-6066-11e4-a52e-4f735466cecf":"f.28F387A578A7289013B97F22A2D0145A.d.B2105A32DF2212F97ED811E048EBDBC5.e.5809","ELEMENT":"f.28F387A578A7289013B97F22A2D0145A.d.B2105A32DF2212F97ED811E048EBDBC5.e.5809"}]}
RESULT: {"script":"<script> [56 bytes]","args":[{"element-6066-11e4-a52e-4f735466cecf":"f.28F387A578A7289013B97F22A2D0145A.d.B2105A32DF2212F97ED811E048EBDBC5.e.5809","ELEMENT":"f.28F387A578A7289013B97F22A2D0145A.d.B2105A32DF2212F97ED811E048EBDBC5.e.5809"}]}
COMMAND: POST /session/c3f4cae206c3d63be7f787b9be2a6a7b/element - {"using":"xpath","value":"//table[contains(@id, \"application-ruinventorylist-display-component---Master--tableRuInventoryList-listUl\")]/tbody/tr[1]/td[2]/div/div"}
COMMAND: GET /session/c3f4cae206c3d63be7f787b9be2a6a7b/screenshot - {}
RESULT: {"using":"xpath","value":"//table[contains(@id, \"application-ruinventorylist-display-component---Master--tableRuInventoryList-listUl\")]/tbody/tr[1]/td[2]/div/div"}
COMMAND: POST /session/c3f4cae206c3d63be7f787b9be2a6a7b/element/f.28F387A578A7289013B97F22A2D0145A.d.B2105A32DF2212F97ED811E048EBDBC5.e.5814/click - {}
RESULT: {}
RESULT: {}
COMMAND: GET /session/c3f4cae206c3d63be7f787b9be2a6a7b/screenshot - {}
RESULT: {}
COMMAND: POST /session/c3f4cae206c3d63be7f787b9be2a6a7b/element - {"using":"xpath","value":"//div[contains(@id, \"smartFilterBar-btnBasicSearch-reset\")]"}
RESULT: {"using":"xpath","value":"//div[contains(@id, \"smartFilterBar-btnBasicSearch-reset\")]"}
COMMAND: POST /session/c3f4cae206c3d63be7f787b9be2a6a7b/element/f.28F387A578A7289013B97F22A2D0145A.d.B2105A32DF2212F97ED811E048EBDBC5.e.5825/click - {}
RESULT: {}
COMMAND: GET /session/c3f4cae206c3d63be7f787b9be2a6a7b/screenshot - {}
RESULT: {}
RESULT: undefined
COMMAND: POST /session/c3f4cae206c3d63be7f787b9be2a6a7b/execute/async - {"script":"<script> [776 bytes]","args":[{"enterText":"401002","selector":{"id":"application-ruinventorylist-display-component---Master--smartFilterBar-btnBasicSearch","interaction":{"idSuffix":"I"}},"clearTextFirst":true,"interactionType":"ENTER_TEXT"}]}
RESULT: {"script":"<script> [776 bytes]","args":[{"enterText":"401002","selector":{"id":"application-ruinventorylist-display-component---Master--smartFilterBar-btnBasicSearch","interaction":{"idSuffix":"I"}},"clearTextFirst":true,"interactionType":"ENTER_TEXT"}]}
COMMAND: POST /session/c3f4cae206c3d63be7f787b9be2a6a7b/actions - {"actions":[{"id":"action24","type":"key","parameters":{},"actions":[{"type":"keyDown","value":"î€‡"},{"type":"pause","duration":10},{"type":"keyUp","value":"î€‡"}]}]}
RESULT: {"actions":[{"id":"action24","type":"key","parameters":{},"actions":[{"type":"keyDown","value":"î€‡"},{"type":"pause","duration":10},{"type":"keyUp","value":"î€‡"}]}]}
COMMAND: GET /session/c3f4cae206c3d63be7f787b9be2a6a7b/screenshot - {}
RESULT: {}
COMMAND: POST /session/c3f4cae206c3d63be7f787b9be2a6a7b/element - {"using":"xpath","value":"//span[@id=\"application-ruinventorylist-display-component---Master--smartTableRuInventoryList-header-inner\"]"}
RESULT: {"using":"xpath","value":"//span[@id=\"application-ruinventorylist-display-component---Master--smartTableRuInventoryList-header-inner\"]"}
COMMAND: POST /session/c3f4cae206c3d63be7f787b9be2a6a7b/elements - {"using":"xpath","value":"//span[@id=\"application-ruinventorylist-display-component---Master--smartTableRuInventoryList-header-inner\"]"}
RESULT: {"using":"xpath","value":"//span[@id=\"application-ruinventorylist-display-component---Master--smartTableRuInventoryList-header-inner\"]"}
COMMAND: POST /session/c3f4cae206c3d63be7f787b9be2a6a7b/execute/sync - {"script":"<script> [56 bytes]","args":[{"element-6066-11e4-a52e-4f735466cecf":"f.28F387A578A7289013B97F22A2D0145A.d.B2105A32DF2212F97ED811E048EBDBC5.e.5809","ELEMENT":"f.28F387A578A7289013B97F22A2D0145A.d.B2105A32DF2212F97ED811E048EBDBC5.e.5809"}]}
RESULT: {"script":"<script> [56 bytes]","args":[{"element-6066-11e4-a52e-4f735466cecf":"f.28F387A578A7289013B97F22A2D0145A.d.B2105A32DF2212F97ED811E048EBDBC5.e.5809","ELEMENT":"f.28F387A578A7289013B97F22A2D0145A.d.B2105A32DF2212F97ED811E048EBDBC5.e.5809"}]}
COMMAND: POST /session/c3f4cae206c3d63be7f787b9be2a6a7b/element - {"using":"xpath","value":"//table[contains(@id, \"application-ruinventorylist-display-component---Master--tableRuInventoryList-listUl\")]/tbody/tr[1]/td[2]/div/div"}
COMMAND: GET /session/c3f4cae206c3d63be7f787b9be2a6a7b/screenshot - {}
RESULT: {"using":"xpath","value":"//table[contains(@id, \"application-ruinventorylist-display-component---Master--tableRuInventoryList-listUl\")]/tbody/tr[1]/td[2]/div/div"}
COMMAND: POST /session/c3f4cae206c3d63be7f787b9be2a6a7b/element/f.28F387A578A7289013B97F22A2D0145A.d.B2105A32DF2212F97ED811E048EBDBC5.e.5997/click - {}
RESULT: {}
RESULT: {}
COMMAND: GET /session/c3f4cae206c3d63be7f787b9be2a6a7b/screenshot - {}
RESULT: {}
COMMAND: POST /session/c3f4cae206c3d63be7f787b9be2a6a7b/element - {"using":"xpath","value":"//div[contains(@id, \"smartFilterBar-btnBasicSearch-reset\")]"}
RESULT: {"using":"xpath","value":"//div[contains(@id, \"smartFilterBar-btnBasicSearch-reset\")]"}
COMMAND: POST /session/c3f4cae206c3d63be7f787b9be2a6a7b/element/f.28F387A578A7289013B97F22A2D0145A.d.B2105A32DF2212F97ED811E048EBDBC5.e.5825/click - {}
RESULT: {}
COMMAND: GET /session/c3f4cae206c3d63be7f787b9be2a6a7b/screenshot - {}
RESULT: {}
RESULT: undefined
COMMAND: POST /session/c3f4cae206c3d63be7f787b9be2a6a7b/execute/async - {"script":"<script> [776 bytes]","args":[{"enterText":"ag15JoHGCN","selector":{"id":"application-ruinventorylist-display-component---Master--smartFilterBar-btnBasicSearch","interaction":{"idSuffix":"I"}},"clearTextFirst":true,"interactionType":"ENTER_TEXT"}]}
RESULT: {"script":"<script> [776 bytes]","args":[{"enterText":"ag15JoHGCN","selector":{"id":"application-ruinventorylist-display-component---Master--smartFilterBar-btnBasicSearch","interaction":{"idSuffix":"I"}},"clearTextFirst":true,"interactionType":"ENTER_TEXT"}]}
COMMAND: POST /session/c3f4cae206c3d63be7f787b9be2a6a7b/actions - {"actions":[{"id":"action25","type":"key","parameters":{},"actions":[{"type":"keyDown","value":"î€‡"},{"type":"pause","duration":10},{"type":"keyUp","value":"î€‡"}]}]}
RESULT: {"actions":[{"id":"action25","type":"key","parameters":{},"actions":[{"type":"keyDown","value":"î€‡"},{"type":"pause","duration":10},{"type":"keyUp","value":"î€‡"}]}]}
COMMAND: GET /session/c3f4cae206c3d63be7f787b9be2a6a7b/screenshot - {}
RESULT: {}
COMMAND: POST /session/c3f4cae206c3d63be7f787b9be2a6a7b/element - {"using":"xpath","value":"//span[@id=\"application-ruinventorylist-display-component---Master--smartTableRuInventoryList-header-inner\"]"}
RESULT: {"using":"xpath","value":"//span[@id=\"application-ruinventorylist-display-component---Master--smartTableRuInventoryList-header-inner\"]"}
COMMAND: POST /session/c3f4cae206c3d63be7f787b9be2a6a7b/elements - {"using":"xpath","value":"//span[@id=\"application-ruinventorylist-display-component---Master--smartTableRuInventoryList-header-inner\"]"}
RESULT: {"using":"xpath","value":"//span[@id=\"application-ruinventorylist-display-component---Master--smartTableRuInventoryList-header-inner\"]"}
COMMAND: POST /session/c3f4cae206c3d63be7f787b9be2a6a7b/execute/sync - {"script":"<script> [56 bytes]","args":[{"element-6066-11e4-a52e-4f735466cecf":"f.28F387A578A7289013B97F22A2D0145A.d.B2105A32DF2212F97ED811E048EBDBC5.e.5809","ELEMENT":"f.28F387A578A7289013B97F22A2D0145A.d.B2105A32DF2212F97ED811E048EBDBC5.e.5809"}]}
RESULT: {"script":"<script> [56 bytes]","args":[{"element-6066-11e4-a52e-4f735466cecf":"f.28F387A578A7289013B97F22A2D0145A.d.B2105A32DF2212F97ED811E048EBDBC5.e.5809","ELEMENT":"f.28F387A578A7289013B97F22A2D0145A.d.B2105A32DF2212F97ED811E048EBDBC5.e.5809"}]}
COMMAND: POST /session/c3f4cae206c3d63be7f787b9be2a6a7b/element - {"using":"xpath","value":"//table[contains(@id, \"application-ruinventorylist-display-component---Master--tableRuInventoryList-listUl\")]/tbody/tr[1]/td[2]/div/div"}
COMMAND: GET /session/c3f4cae206c3d63be7f787b9be2a6a7b/screenshot - {}
RESULT: {"using":"xpath","value":"//table[contains(@id, \"application-ruinventorylist-display-component---Master--tableRuInventoryList-listUl\")]/tbody/tr[1]/td[2]/div/div"}
COMMAND: POST /session/c3f4cae206c3d63be7f787b9be2a6a7b/element/f.28F387A578A7289013B97F22A2D0145A.d.B2105A32DF2212F97ED811E048EBDBC5.e.6179/click - {}
RESULT: {}
RESULT: {}
COMMAND: GET /session/c3f4cae206c3d63be7f787b9be2a6a7b/screenshot - {}
RESULT: {}
COMMAND: POST /session/c3f4cae206c3d63be7f787b9be2a6a7b/element - {"using":"xpath","value":"//div[contains(@id, \"smartFilterBar-btnBasicSearch-reset\")]"}
RESULT: {"using":"xpath","value":"//div[contains(@id, \"smartFilterBar-btnBasicSearch-reset\")]"}
COMMAND: POST /session/c3f4cae206c3d63be7f787b9be2a6a7b/element/f.28F387A578A7289013B97F22A2D0145A.d.B2105A32DF2212F97ED811E048EBDBC5.e.5825/click - {}
RESULT: {}
COMMAND: GET /session/c3f4cae206c3d63be7f787b9be2a6a7b/screenshot - {}
RESULT: {}
RESULT: undefined
COMMAND: POST /session/c3f4cae206c3d63be7f787b9be2a6a7b/execute/async - {"script":"<script> [776 bytes]","args":[{"enterText":"200303","selector":{"id":"application-ruinventorylist-display-component---Master--smartFilterBar-btnBasicSearch","interaction":{"idSuffix":"I"}},"clearTextFirst":true,"interactionType":"ENTER_TEXT"}]}
RESULT: {"script":"<script> [776 bytes]","args":[{"enterText":"200303","selector":{"id":"application-ruinventorylist-display-component---Master--smartFilterBar-btnBasicSearch","interaction":{"idSuffix":"I"}},"clearTextFirst":true,"interactionType":"ENTER_TEXT"}]}
COMMAND: POST /session/c3f4cae206c3d63be7f787b9be2a6a7b/actions - {"actions":[{"id":"action26","type":"key","parameters":{},"actions":[{"type":"keyDown","value":"î€‡"},{"type":"pause","duration":10},{"type":"keyUp","value":"î€‡"}]}]}
RESULT: {"actions":[{"id":"action26","type":"key","parameters":{},"actions":[{"type":"keyDown","value":"î€‡"},{"type":"pause","duration":10},{"type":"keyUp","value":"î€‡"}]}]}
COMMAND: GET /session/c3f4cae206c3d63be7f787b9be2a6a7b/screenshot - {}
RESULT: {}
COMMAND: POST /session/c3f4cae206c3d63be7f787b9be2a6a7b/element - {"using":"xpath","value":"//span[@id=\"application-ruinventorylist-display-component---Master--smartTableRuInventoryList-header-inner\"]"}
RESULT: {"using":"xpath","value":"//span[@id=\"application-ruinventorylist-display-component---Master--smartTableRuInventoryList-header-inner\"]"}
COMMAND: POST /session/c3f4cae206c3d63be7f787b9be2a6a7b/elements - {"using":"xpath","value":"//span[@id=\"application-ruinventorylist-display-component---Master--smartTableRuInventoryList-header-inner\"]"}
RESULT: {"using":"xpath","value":"//span[@id=\"application-ruinventorylist-display-component---Master--smartTableRuInventoryList-header-inner\"]"}
COMMAND: POST /session/c3f4cae206c3d63be7f787b9be2a6a7b/execute/sync - {"script":"<script> [56 bytes]","args":[{"element-6066-11e4-a52e-4f735466cecf":"f.28F387A578A7289013B97F22A2D0145A.d.B2105A32DF2212F97ED811E048EBDBC5.e.5809","ELEMENT":"f.28F387A578A7289013B97F22A2D0145A.d.B2105A32DF2212F97ED811E048EBDBC5.e.5809"}]}
RESULT: {"script":"<script> [56 bytes]","args":[{"element-6066-11e4-a52e-4f735466cecf":"f.28F387A578A7289013B97F22A2D0145A.d.B2105A32DF2212F97ED811E048EBDBC5.e.5809","ELEMENT":"f.28F387A578A7289013B97F22A2D0145A.d.B2105A32DF2212F97ED811E048EBDBC5.e.5809"}]}
COMMAND: POST /session/c3f4cae206c3d63be7f787b9be2a6a7b/element - {"using":"xpath","value":"//table[contains(@id, \"application-ruinventorylist-display-component---Master--tableRuInventoryList-listUl\")]/tbody/tr[1]/td[2]/div/div"}
COMMAND: GET /session/c3f4cae206c3d63be7f787b9be2a6a7b/screenshot - {}
RESULT: {"using":"xpath","value":"//table[contains(@id, \"application-ruinventorylist-display-component---Master--tableRuInventoryList-listUl\")]/tbody/tr[1]/td[2]/div/div"}
COMMAND: POST /session/c3f4cae206c3d63be7f787b9be2a6a7b/element/f.28F387A578A7289013B97F22A2D0145A.d.B2105A32DF2212F97ED811E048EBDBC5.e.6360/click - {}
RESULT: {}
RESULT: {}
COMMAND: GET /session/c3f4cae206c3d63be7f787b9be2a6a7b/screenshot - {}
RESULT: {}
COMMAND: POST /session/c3f4cae206c3d63be7f787b9be2a6a7b/element - {"using":"xpath","value":"//div[contains(@id, \"smartFilterBar-btnBasicSearch-reset\")]"}
RESULT: {"using":"xpath","value":"//div[contains(@id, \"smartFilterBar-btnBasicSearch-reset\")]"}
COMMAND: POST /session/c3f4cae206c3d63be7f787b9be2a6a7b/element/f.28F387A578A7289013B97F22A2D0145A.d.B2105A32DF2212F97ED811E048EBDBC5.e.5825/click - {}
RESULT: {}
COMMAND: GET /session/c3f4cae206c3d63be7f787b9be2a6a7b/screenshot - {}
RESULT: {}
COMMAND: POST /session/c3f4cae206c3d63be7f787b9be2a6a7b/element/f.28F387A578A7289013B97F22A2D0145A.d.B2105A32DF2212F97ED811E048EBDBC5.e.5205/click - {}
RESULT: {}
COMMAND: GET /session/c3f4cae206c3d63be7f787b9be2a6a7b/screenshot - {}
RESULT: {}
COMMAND: POST /session/c3f4cae206c3d63be7f787b9be2a6a7b/execute/async - {"script":"<script> [1562 bytes]","args":[{"selector":{"id":"application-ruinventorylist-display-component---Master--effectiveDate","searchOpenDialogs":true,"interaction":{"idSuffix":"inner"}},"wdio_ui5_key":"applicationruinventorylist-display-component---Master--effectiveDate"}]}
RESULT: {"script":"<script> [1562 bytes]","args":[{"selector":{"id":"application-ruinventorylist-display-component---Master--effectiveDate","searchOpenDialogs":true,"interaction":{"idSuffix":"inner"}},"wdio_ui5_key":"applicationruinventorylist-display-component---Master--effectiveDate"}]}
RESULT: undefined
COMMAND: POST /session/c3f4cae206c3d63be7f787b9be2a6a7b/execute/async - {"script":"<script> [776 bytes]","args":[{"enterText":"05/03/25","selector":{"id":"application-ruinventorylist-display-component---Master--effectiveDate","searchOpenDialogs":true,"interaction":{"idSuffix":"inner"}},"clearTextFirst":true,"interactionType":"ENTER_TEXT"}]}
RESULT: {"script":"<script> [776 bytes]","args":[{"enterText":"05/03/25","selector":{"id":"application-ruinventorylist-display-component---Master--effectiveDate","searchOpenDialogs":true,"interaction":{"idSuffix":"inner"}},"clearTextFirst":true,"interactionType":"ENTER_TEXT"}]}
COMMAND: POST /session/c3f4cae206c3d63be7f787b9be2a6a7b/element - {"using":"xpath","value":"//span[contains(@data-kt,\"correctionMassStateChangeIcon\")]"}
RESULT: {"using":"xpath","value":"//span[contains(@data-kt,\"correctionMassStateChangeIcon\")]"}
COMMAND: POST /session/c3f4cae206c3d63be7f787b9be2a6a7b/elements - {"using":"xpath","value":"//span[contains(@data-kt,\"correctionMassStateChangeIcon\")]"}
RESULT: {"using":"xpath","value":"//span[contains(@data-kt,\"correctionMassStateChangeIcon\")]"}
COMMAND: POST /session/c3f4cae206c3d63be7f787b9be2a6a7b/elements - {"using":"xpath","value":"//span[contains(@data-kt,\"correctionMassStateChangeIcon\")]"}
RESULT: {"using":"xpath","value":"//span[contains(@data-kt,\"correctionMassStateChangeIcon\")]"}
RESULT: undefined
COMMAND: POST /session/c3f4cae206c3d63be7f787b9be2a6a7b/element - {"using":"xpath","value":"//*[@id=\"application-ruinventorylist-display-component---Master--ruStateTypes-arrow\"]"}
RESULT: {"using":"xpath","value":"//*[@id=\"application-ruinventorylist-display-component---Master--ruStateTypes-arrow\"]"}
COMMAND: POST /session/c3f4cae206c3d63be7f787b9be2a6a7b/element/f.28F387A578A7289013B97F22A2D0145A.d.B2105A32DF2212F97ED811E048EBDBC5.e.6580/click - {}
RESULT: {}
COMMAND: GET /session/c3f4cae206c3d63be7f787b9be2a6a7b/screenshot - {}
RESULT: {}
COMMAND: POST /session/c3f4cae206c3d63be7f787b9be2a6a7b/element - {"using":"xpath","value":"//li[.//span[text()=\"defect\"]]"}
RESULT: {"using":"xpath","value":"//li[.//span[text()=\"defect\"]]"}
COMMAND: POST /session/c3f4cae206c3d63be7f787b9be2a6a7b/element/f.28F387A578A7289013B97F22A2D0145A.d.B2105A32DF2212F97ED811E048EBDBC5.e.6581/click - {}
RESULT: {}
COMMAND: GET /session/c3f4cae206c3d63be7f787b9be2a6a7b/screenshot - {}
RESULT: {}
COMMAND: POST /session/c3f4cae206c3d63be7f787b9be2a6a7b/element - {"using":"xpath","value":"(//bdi[contains(text(), \"OK\")])[1]"}
RESULT: {"using":"xpath","value":"(//bdi[contains(text(), \"OK\")])[1]"}
COMMAND: POST /session/c3f4cae206c3d63be7f787b9be2a6a7b/element/f.28F387A578A7289013B97F22A2D0145A.d.B2105A32DF2212F97ED811E048EBDBC5.e.6582/click - {}
RESULT: {}
COMMAND: GET /session/c3f4cae206c3d63be7f787b9be2a6a7b/screenshot - {}
RESULT: {}
COMMAND: POST /session/c3f4cae206c3d63be7f787b9be2a6a7b/element - {"using":"css selector","value":"div.sapMMessageBoxError"}
RESULT: {"using":"css selector","value":"div.sapMMessageBoxError"}
COMMAND: POST /session/c3f4cae206c3d63be7f787b9be2a6a7b/elements - {"using":"css selector","value":"div.sapMMessageBoxError"}
RESULT: {"using":"css selector","value":"div.sapMMessageBoxError"}
COMMAND: POST /session/c3f4cae206c3d63be7f787b9be2a6a7b/element - {"using":"xpath","value":"//div[contains(@class, \"sapMMessageBoxError\")]/section/div/div/span"}
RESULT: {"using":"xpath","value":"//div[contains(@class, \"sapMMessageBoxError\")]/section/div/div/span"}
COMMAND: POST /session/c3f4cae206c3d63be7f787b9be2a6a7b/execute/sync - {"script":"<script> [56 bytes]","args":[{"element-6066-11e4-a52e-4f735466cecf":"f.28F387A578A7289013B97F22A2D0145A.d.B2105A32DF2212F97ED811E048EBDBC5.e.6585","ELEMENT":"f.28F387A578A7289013B97F22A2D0145A.d.B2105A32DF2212F97ED811E048EBDBC5.e.6585"}]}
RESULT: {"script":"<script> [56 bytes]","args":[{"element-6066-11e4-a52e-4f735466cecf":"f.28F387A578A7289013B97F22A2D0145A.d.B2105A32DF2212F97ED811E048EBDBC5.e.6585","ELEMENT":"f.28F387A578A7289013B97F22A2D0145A.d.B2105A32DF2212F97ED811E048EBDBC5.e.6585"}]}
COMMAND: POST /session/c3f4cae206c3d63be7f787b9be2a6a7b/element - {"using":"xpath","value":"(//bdi[contains(text(), \"Close\")])[1]"}
COMMAND: GET /session/c3f4cae206c3d63be7f787b9be2a6a7b/screenshot - {}
RESULT: {"using":"xpath","value":"(//bdi[contains(text(), \"Close\")])[1]"}
COMMAND: POST /session/c3f4cae206c3d63be7f787b9be2a6a7b/element/f.28F387A578A7289013B97F22A2D0145A.d.B2105A32DF2212F97ED811E048EBDBC5.e.6587/click - {}
RESULT: {}
RESULT: {}
COMMAND: GET /session/c3f4cae206c3d63be7f787b9be2a6a7b/screenshot - {}
RESULT: {}
RESULT: undefined
COMMAND: POST /session/c3f4cae206c3d63be7f787b9be2a6a7b/execute/async - {"script":"<script> [776 bytes]","args":[{"enterText":"05/04/25","selector":{"id":"application-ruinventorylist-display-component---Master--effectiveDate","searchOpenDialogs":true,"interaction":{"idSuffix":"inner"}},"clearTextFirst":true,"interactionType":"ENTER_TEXT"}]}
RESULT: {"script":"<script> [776 bytes]","args":[{"enterText":"05/04/25","selector":{"id":"application-ruinventorylist-display-component---Master--effectiveDate","searchOpenDialogs":true,"interaction":{"idSuffix":"inner"}},"clearTextFirst":true,"interactionType":"ENTER_TEXT"}]}
COMMAND: POST /session/c3f4cae206c3d63be7f787b9be2a6a7b/element - {"using":"xpath","value":"(//bdi[contains(text(), \"OK\")])[1]"}
RESULT: {"using":"xpath","value":"(//bdi[contains(text(), \"OK\")])[1]"}
COMMAND: POST /session/c3f4cae206c3d63be7f787b9be2a6a7b/element/f.28F387A578A7289013B97F22A2D0145A.d.B2105A32DF2212F97ED811E048EBDBC5.e.6582/click - {}
RESULT: {}
COMMAND: GET /session/c3f4cae206c3d63be7f787b9be2a6a7b/screenshot - {}
RESULT: {}
COMMAND: POST /session/c3f4cae206c3d63be7f787b9be2a6a7b/element - {"using":"xpath","value":"(//bdi[contains(text(), \"OK\")])[2]"}
RESULT: {"using":"xpath","value":"(//bdi[contains(text(), \"OK\")])[2]"}
COMMAND: POST /session/c3f4cae206c3d63be7f787b9be2a6a7b/element/f.28F387A578A7289013B97F22A2D0145A.d.B2105A32DF2212F97ED811E048EBDBC5.e.6630/click - {}
RESULT: {}
COMMAND: GET /session/c3f4cae206c3d63be7f787b9be2a6a7b/screenshot - {}
RESULT: {}
RESULT: undefined
COMMAND: POST /session/c3f4cae206c3d63be7f787b9be2a6a7b/execute/async - {"script":"<script> [776 bytes]","args":[{"enterText":"600002","selector":{"id":"application-ruinventorylist-display-component---Master--smartFilterBar-btnBasicSearch","interaction":{"idSuffix":"I"}},"clearTextFirst":true,"interactionType":"ENTER_TEXT"}]}
RESULT: {"script":"<script> [776 bytes]","args":[{"enterText":"600002","selector":{"id":"application-ruinventorylist-display-component---Master--smartFilterBar-btnBasicSearch","interaction":{"idSuffix":"I"}},"clearTextFirst":true,"interactionType":"ENTER_TEXT"}]}
COMMAND: POST /session/c3f4cae206c3d63be7f787b9be2a6a7b/actions - {"actions":[{"id":"action27","type":"key","parameters":{},"actions":[{"type":"keyDown","value":"î€‡"},{"type":"pause","duration":10},{"type":"keyUp","value":"î€‡"}]}]}
RESULT: {"actions":[{"id":"action27","type":"key","parameters":{},"actions":[{"type":"keyDown","value":"î€‡"},{"type":"pause","duration":10},{"type":"keyUp","value":"î€‡"}]}]}
COMMAND: GET /session/c3f4cae206c3d63be7f787b9be2a6a7b/screenshot - {}
RESULT: {}
COMMAND: POST /session/c3f4cae206c3d63be7f787b9be2a6a7b/element - {"using":"xpath","value":"//span[@id=\"application-ruinventorylist-display-component---Master--smartTableRuInventoryList-header-inner\"]"}
RESULT: {"using":"xpath","value":"//span[@id=\"application-ruinventorylist-display-component---Master--smartTableRuInventoryList-header-inner\"]"}
COMMAND: POST /session/c3f4cae206c3d63be7f787b9be2a6a7b/elements - {"using":"xpath","value":"//span[@id=\"application-ruinventorylist-display-component---Master--smartTableRuInventoryList-header-inner\"]"}
RESULT: {"using":"xpath","value":"//span[@id=\"application-ruinventorylist-display-component---Master--smartTableRuInventoryList-header-inner\"]"}
COMMAND: POST /session/c3f4cae206c3d63be7f787b9be2a6a7b/execute/sync - {"script":"<script> [56 bytes]","args":[{"element-6066-11e4-a52e-4f735466cecf":"f.28F387A578A7289013B97F22A2D0145A.d.B2105A32DF2212F97ED811E048EBDBC5.e.5809","ELEMENT":"f.28F387A578A7289013B97F22A2D0145A.d.B2105A32DF2212F97ED811E048EBDBC5.e.5809"}]}
RESULT: {"script":"<script> [56 bytes]","args":[{"element-6066-11e4-a52e-4f735466cecf":"f.28F387A578A7289013B97F22A2D0145A.d.B2105A32DF2212F97ED811E048EBDBC5.e.5809","ELEMENT":"f.28F387A578A7289013B97F22A2D0145A.d.B2105A32DF2212F97ED811E048EBDBC5.e.5809"}]}
COMMAND: POST /session/c3f4cae206c3d63be7f787b9be2a6a7b/element - {"using":"xpath","value":"//table[contains(@id, \"application-ruinventorylist-display-component---Master--tableRuInventoryList-listUl\")]/tbody/tr[1]/td[6]/div/span"}
COMMAND: GET /session/c3f4cae206c3d63be7f787b9be2a6a7b/screenshot - {}
RESULT: {"using":"xpath","value":"//table[contains(@id, \"application-ruinventorylist-display-component---Master--tableRuInventoryList-listUl\")]/tbody/tr[1]/td[6]/div/span"}
COMMAND: POST /session/c3f4cae206c3d63be7f787b9be2a6a7b/execute/sync - {"script":"<script> [56 bytes]","args":[{"element-6066-11e4-a52e-4f735466cecf":"f.28F387A578A7289013B97F22A2D0145A.d.B2105A32DF2212F97ED811E048EBDBC5.e.6650","ELEMENT":"f.28F387A578A7289013B97F22A2D0145A.d.B2105A32DF2212F97ED811E048EBDBC5.e.6650"}]}
RESULT: {}
RESULT: {"script":"<script> [56 bytes]","args":[{"element-6066-11e4-a52e-4f735466cecf":"f.28F387A578A7289013B97F22A2D0145A.d.B2105A32DF2212F97ED811E048EBDBC5.e.6650","ELEMENT":"f.28F387A578A7289013B97F22A2D0145A.d.B2105A32DF2212F97ED811E048EBDBC5.e.6650"}]}
COMMAND: POST /session/c3f4cae206c3d63be7f787b9be2a6a7b/element - {"using":"xpath","value":"//div[contains(@id, \"smartFilterBar-btnBasicSearch-reset\")]"}
COMMAND: GET /session/c3f4cae206c3d63be7f787b9be2a6a7b/screenshot - {}
RESULT: {"using":"xpath","value":"//div[contains(@id, \"smartFilterBar-btnBasicSearch-reset\")]"}
COMMAND: POST /session/c3f4cae206c3d63be7f787b9be2a6a7b/element/f.28F387A578A7289013B97F22A2D0145A.d.B2105A32DF2212F97ED811E048EBDBC5.e.5825/click - {}
RESULT: {}
RESULT: {}
COMMAND: GET /session/c3f4cae206c3d63be7f787b9be2a6a7b/screenshot - {}
RESULT: {}
RESULT: undefined
COMMAND: POST /session/c3f4cae206c3d63be7f787b9be2a6a7b/execute/async - {"script":"<script> [776 bytes]","args":[{"enterText":"401002","selector":{"id":"application-ruinventorylist-display-component---Master--smartFilterBar-btnBasicSearch","interaction":{"idSuffix":"I"}},"clearTextFirst":true,"interactionType":"ENTER_TEXT"}]}
RESULT: {"script":"<script> [776 bytes]","args":[{"enterText":"401002","selector":{"id":"application-ruinventorylist-display-component---Master--smartFilterBar-btnBasicSearch","interaction":{"idSuffix":"I"}},"clearTextFirst":true,"interactionType":"ENTER_TEXT"}]}
COMMAND: POST /session/c3f4cae206c3d63be7f787b9be2a6a7b/actions - {"actions":[{"id":"action28","type":"key","parameters":{},"actions":[{"type":"keyDown","value":"î€‡"},{"type":"pause","duration":10},{"type":"keyUp","value":"î€‡"}]}]}
RESULT: {"actions":[{"id":"action28","type":"key","parameters":{},"actions":[{"type":"keyDown","value":"î€‡"},{"type":"pause","duration":10},{"type":"keyUp","value":"î€‡"}]}]}
COMMAND: GET /session/c3f4cae206c3d63be7f787b9be2a6a7b/screenshot - {}
RESULT: {}
COMMAND: POST /session/c3f4cae206c3d63be7f787b9be2a6a7b/element - {"using":"xpath","value":"//span[@id=\"application-ruinventorylist-display-component---Master--smartTableRuInventoryList-header-inner\"]"}
RESULT: {"using":"xpath","value":"//span[@id=\"application-ruinventorylist-display-component---Master--smartTableRuInventoryList-header-inner\"]"}
COMMAND: POST /session/c3f4cae206c3d63be7f787b9be2a6a7b/elements - {"using":"xpath","value":"//span[@id=\"application-ruinventorylist-display-component---Master--smartTableRuInventoryList-header-inner\"]"}
RESULT: {"using":"xpath","value":"//span[@id=\"application-ruinventorylist-display-component---Master--smartTableRuInventoryList-header-inner\"]"}
COMMAND: POST /session/c3f4cae206c3d63be7f787b9be2a6a7b/execute/sync - {"script":"<script> [56 bytes]","args":[{"element-6066-11e4-a52e-4f735466cecf":"f.28F387A578A7289013B97F22A2D0145A.d.B2105A32DF2212F97ED811E048EBDBC5.e.5809","ELEMENT":"f.28F387A578A7289013B97F22A2D0145A.d.B2105A32DF2212F97ED811E048EBDBC5.e.5809"}]}
RESULT: {"script":"<script> [56 bytes]","args":[{"element-6066-11e4-a52e-4f735466cecf":"f.28F387A578A7289013B97F22A2D0145A.d.B2105A32DF2212F97ED811E048EBDBC5.e.5809","ELEMENT":"f.28F387A578A7289013B97F22A2D0145A.d.B2105A32DF2212F97ED811E048EBDBC5.e.5809"}]}
COMMAND: POST /session/c3f4cae206c3d63be7f787b9be2a6a7b/element - {"using":"xpath","value":"//table[contains(@id, \"application-ruinventorylist-display-component---Master--tableRuInventoryList-listUl\")]/tbody/tr[1]/td[6]/div/span"}
COMMAND: GET /session/c3f4cae206c3d63be7f787b9be2a6a7b/screenshot - {}
RESULT: {"using":"xpath","value":"//table[contains(@id, \"application-ruinventorylist-display-component---Master--tableRuInventoryList-listUl\")]/tbody/tr[1]/td[6]/div/span"}
COMMAND: POST /session/c3f4cae206c3d63be7f787b9be2a6a7b/execute/sync - {"script":"<script> [56 bytes]","args":[{"element-6066-11e4-a52e-4f735466cecf":"f.28F387A578A7289013B97F22A2D0145A.d.B2105A32DF2212F97ED811E048EBDBC5.e.6747","ELEMENT":"f.28F387A578A7289013B97F22A2D0145A.d.B2105A32DF2212F97ED811E048EBDBC5.e.6747"}]}
RESULT: {}
RESULT: {"script":"<script> [56 bytes]","args":[{"element-6066-11e4-a52e-4f735466cecf":"f.28F387A578A7289013B97F22A2D0145A.d.B2105A32DF2212F97ED811E048EBDBC5.e.6747","ELEMENT":"f.28F387A578A7289013B97F22A2D0145A.d.B2105A32DF2212F97ED811E048EBDBC5.e.6747"}]}
COMMAND: POST /session/c3f4cae206c3d63be7f787b9be2a6a7b/element - {"using":"xpath","value":"//div[contains(@id, \"smartFilterBar-btnBasicSearch-reset\")]"}
COMMAND: GET /session/c3f4cae206c3d63be7f787b9be2a6a7b/screenshot - {}
RESULT: {"using":"xpath","value":"//div[contains(@id, \"smartFilterBar-btnBasicSearch-reset\")]"}
COMMAND: POST /session/c3f4cae206c3d63be7f787b9be2a6a7b/element/f.28F387A578A7289013B97F22A2D0145A.d.B2105A32DF2212F97ED811E048EBDBC5.e.5825/click - {}
RESULT: {}
RESULT: {}
COMMAND: GET /session/c3f4cae206c3d63be7f787b9be2a6a7b/screenshot - {}
RESULT: {}
RESULT: undefined
COMMAND: POST /session/c3f4cae206c3d63be7f787b9be2a6a7b/execute/async - {"script":"<script> [776 bytes]","args":[{"enterText":"ag15JoHGCN","selector":{"id":"application-ruinventorylist-display-component---Master--smartFilterBar-btnBasicSearch","interaction":{"idSuffix":"I"}},"clearTextFirst":true,"interactionType":"ENTER_TEXT"}]}
RESULT: {"script":"<script> [776 bytes]","args":[{"enterText":"ag15JoHGCN","selector":{"id":"application-ruinventorylist-display-component---Master--smartFilterBar-btnBasicSearch","interaction":{"idSuffix":"I"}},"clearTextFirst":true,"interactionType":"ENTER_TEXT"}]}
COMMAND: POST /session/c3f4cae206c3d63be7f787b9be2a6a7b/actions - {"actions":[{"id":"action29","type":"key","parameters":{},"actions":[{"type":"keyDown","value":"î€‡"},{"type":"pause","duration":10},{"type":"keyUp","value":"î€‡"}]}]}
RESULT: {"actions":[{"id":"action29","type":"key","parameters":{},"actions":[{"type":"keyDown","value":"î€‡"},{"type":"pause","duration":10},{"type":"keyUp","value":"î€‡"}]}]}
COMMAND: GET /session/c3f4cae206c3d63be7f787b9be2a6a7b/screenshot - {}
RESULT: {}
COMMAND: POST /session/c3f4cae206c3d63be7f787b9be2a6a7b/element - {"using":"xpath","value":"//span[@id=\"application-ruinventorylist-display-component---Master--smartTableRuInventoryList-header-inner\"]"}
RESULT: {"using":"xpath","value":"//span[@id=\"application-ruinventorylist-display-component---Master--smartTableRuInventoryList-header-inner\"]"}
COMMAND: POST /session/c3f4cae206c3d63be7f787b9be2a6a7b/elements - {"using":"xpath","value":"//span[@id=\"application-ruinventorylist-display-component---Master--smartTableRuInventoryList-header-inner\"]"}
RESULT: {"using":"xpath","value":"//span[@id=\"application-ruinventorylist-display-component---Master--smartTableRuInventoryList-header-inner\"]"}
COMMAND: POST /session/c3f4cae206c3d63be7f787b9be2a6a7b/execute/sync - {"script":"<script> [56 bytes]","args":[{"element-6066-11e4-a52e-4f735466cecf":"f.28F387A578A7289013B97F22A2D0145A.d.B2105A32DF2212F97ED811E048EBDBC5.e.5809","ELEMENT":"f.28F387A578A7289013B97F22A2D0145A.d.B2105A32DF2212F97ED811E048EBDBC5.e.5809"}]}
RESULT: {"script":"<script> [56 bytes]","args":[{"element-6066-11e4-a52e-4f735466cecf":"f.28F387A578A7289013B97F22A2D0145A.d.B2105A32DF2212F97ED811E048EBDBC5.e.5809","ELEMENT":"f.28F387A578A7289013B97F22A2D0145A.d.B2105A32DF2212F97ED811E048EBDBC5.e.5809"}]}
COMMAND: POST /session/c3f4cae206c3d63be7f787b9be2a6a7b/element - {"using":"xpath","value":"//table[contains(@id, \"application-ruinventorylist-display-component---Master--tableRuInventoryList-listUl\")]/tbody/tr[1]/td[6]/div/span"}
COMMAND: GET /session/c3f4cae206c3d63be7f787b9be2a6a7b/screenshot - {}
RESULT: {"using":"xpath","value":"//table[contains(@id, \"application-ruinventorylist-display-component---Master--tableRuInventoryList-listUl\")]/tbody/tr[1]/td[6]/div/span"}
COMMAND: POST /session/c3f4cae206c3d63be7f787b9be2a6a7b/execute/sync - {"script":"<script> [56 bytes]","args":[{"element-6066-11e4-a52e-4f735466cecf":"f.28F387A578A7289013B97F22A2D0145A.d.B2105A32DF2212F97ED811E048EBDBC5.e.6848","ELEMENT":"f.28F387A578A7289013B97F22A2D0145A.d.B2105A32DF2212F97ED811E048EBDBC5.e.6848"}]}
RESULT: {}
RESULT: {"script":"<script> [56 bytes]","args":[{"element-6066-11e4-a52e-4f735466cecf":"f.28F387A578A7289013B97F22A2D0145A.d.B2105A32DF2212F97ED811E048EBDBC5.e.6848","ELEMENT":"f.28F387A578A7289013B97F22A2D0145A.d.B2105A32DF2212F97ED811E048EBDBC5.e.6848"}]}
COMMAND: POST /session/c3f4cae206c3d63be7f787b9be2a6a7b/element - {"using":"xpath","value":"//div[contains(@id, \"smartFilterBar-btnBasicSearch-reset\")]"}
COMMAND: GET /session/c3f4cae206c3d63be7f787b9be2a6a7b/screenshot - {}
RESULT: {"using":"xpath","value":"//div[contains(@id, \"smartFilterBar-btnBasicSearch-reset\")]"}
COMMAND: POST /session/c3f4cae206c3d63be7f787b9be2a6a7b/element/f.28F387A578A7289013B97F22A2D0145A.d.B2105A32DF2212F97ED811E048EBDBC5.e.5825/click - {}
RESULT: {}
RESULT: {}
COMMAND: GET /session/c3f4cae206c3d63be7f787b9be2a6a7b/screenshot - {}
RESULT: {}
RESULT: undefined
COMMAND: POST /session/c3f4cae206c3d63be7f787b9be2a6a7b/execute/async - {"script":"<script> [776 bytes]","args":[{"enterText":"200303","selector":{"id":"application-ruinventorylist-display-component---Master--smartFilterBar-btnBasicSearch","interaction":{"idSuffix":"I"}},"clearTextFirst":true,"interactionType":"ENTER_TEXT"}]}
RESULT: {"script":"<script> [776 bytes]","args":[{"enterText":"200303","selector":{"id":"application-ruinventorylist-display-component---Master--smartFilterBar-btnBasicSearch","interaction":{"idSuffix":"I"}},"clearTextFirst":true,"interactionType":"ENTER_TEXT"}]}
COMMAND: POST /session/c3f4cae206c3d63be7f787b9be2a6a7b/actions - {"actions":[{"id":"action30","type":"key","parameters":{},"actions":[{"type":"keyDown","value":"î€‡"},{"type":"pause","duration":10},{"type":"keyUp","value":"î€‡"}]}]}
RESULT: {"actions":[{"id":"action30","type":"key","parameters":{},"actions":[{"type":"keyDown","value":"î€‡"},{"type":"pause","duration":10},{"type":"keyUp","value":"î€‡"}]}]}
COMMAND: GET /session/c3f4cae206c3d63be7f787b9be2a6a7b/screenshot - {}
RESULT: {}
COMMAND: POST /session/c3f4cae206c3d63be7f787b9be2a6a7b/element - {"using":"xpath","value":"//span[@id=\"application-ruinventorylist-display-component---Master--smartTableRuInventoryList-header-inner\"]"}
RESULT: {"using":"xpath","value":"//span[@id=\"application-ruinventorylist-display-component---Master--smartTableRuInventoryList-header-inner\"]"}
COMMAND: POST /session/c3f4cae206c3d63be7f787b9be2a6a7b/elements - {"using":"xpath","value":"//span[@id=\"application-ruinventorylist-display-component---Master--smartTableRuInventoryList-header-inner\"]"}
RESULT: {"using":"xpath","value":"//span[@id=\"application-ruinventorylist-display-component---Master--smartTableRuInventoryList-header-inner\"]"}
COMMAND: POST /session/c3f4cae206c3d63be7f787b9be2a6a7b/execute/sync - {"script":"<script> [56 bytes]","args":[{"element-6066-11e4-a52e-4f735466cecf":"f.28F387A578A7289013B97F22A2D0145A.d.B2105A32DF2212F97ED811E048EBDBC5.e.5809","ELEMENT":"f.28F387A578A7289013B97F22A2D0145A.d.B2105A32DF2212F97ED811E048EBDBC5.e.5809"}]}
RESULT: {"script":"<script> [56 bytes]","args":[{"element-6066-11e4-a52e-4f735466cecf":"f.28F387A578A7289013B97F22A2D0145A.d.B2105A32DF2212F97ED811E048EBDBC5.e.5809","ELEMENT":"f.28F387A578A7289013B97F22A2D0145A.d.B2105A32DF2212F97ED811E048EBDBC5.e.5809"}]}
COMMAND: POST /session/c3f4cae206c3d63be7f787b9be2a6a7b/element - {"using":"xpath","value":"//table[contains(@id, \"application-ruinventorylist-display-component---Master--tableRuInventoryList-listUl\")]/tbody/tr[1]/td[6]/div/span"}
COMMAND: GET /session/c3f4cae206c3d63be7f787b9be2a6a7b/screenshot - {}
RESULT: {"using":"xpath","value":"//table[contains(@id, \"application-ruinventorylist-display-component---Master--tableRuInventoryList-listUl\")]/tbody/tr[1]/td[6]/div/span"}
COMMAND: POST /session/c3f4cae206c3d63be7f787b9be2a6a7b/execute/sync - {"script":"<script> [56 bytes]","args":[{"element-6066-11e4-a52e-4f735466cecf":"f.28F387A578A7289013B97F22A2D0145A.d.B2105A32DF2212F97ED811E048EBDBC5.e.6946","ELEMENT":"f.28F387A578A7289013B97F22A2D0145A.d.B2105A32DF2212F97ED811E048EBDBC5.e.6946"}]}
RESULT: {}
RESULT: {"script":"<script> [56 bytes]","args":[{"element-6066-11e4-a52e-4f735466cecf":"f.28F387A578A7289013B97F22A2D0145A.d.B2105A32DF2212F97ED811E048EBDBC5.e.6946","ELEMENT":"f.28F387A578A7289013B97F22A2D0145A.d.B2105A32DF2212F97ED811E048EBDBC5.e.6946"}]}
COMMAND: POST /session/c3f4cae206c3d63be7f787b9be2a6a7b/element - {"using":"xpath","value":"//div[contains(@id, \"smartFilterBar-btnBasicSearch-reset\")]"}
COMMAND: GET /session/c3f4cae206c3d63be7f787b9be2a6a7b/screenshot - {}
RESULT: {"using":"xpath","value":"//div[contains(@id, \"smartFilterBar-btnBasicSearch-reset\")]"}
COMMAND: POST /session/c3f4cae206c3d63be7f787b9be2a6a7b/element/f.28F387A578A7289013B97F22A2D0145A.d.B2105A32DF2212F97ED811E048EBDBC5.e.5825/click - {}
RESULT: {}
RESULT: {}
COMMAND: GET /session/c3f4cae206c3d63be7f787b9be2a6a7b/screenshot - {}
RESULT: {}
COMMAND: POST /session/c3f4cae206c3d63be7f787b9be2a6a7b/element/f.28F387A578A7289013B97F22A2D0145A.d.B2105A32DF2212F97ED811E048EBDBC5.e.5205/click - {}
RESULT: {}
COMMAND: GET /session/c3f4cae206c3d63be7f787b9be2a6a7b/screenshot - {}
RESULT: {}
RESULT: undefined
COMMAND: POST /session/c3f4cae206c3d63be7f787b9be2a6a7b/execute/async - {"script":"<script> [776 bytes]","args":[{"enterText":"600002","selector":{"id":"application-ruinventorylist-display-component---Master--smartFilterBar-btnBasicSearch","interaction":{"idSuffix":"I"}},"clearTextFirst":true,"interactionType":"ENTER_TEXT"}]}
RESULT: {"script":"<script> [776 bytes]","args":[{"enterText":"600002","selector":{"id":"application-ruinventorylist-display-component---Master--smartFilterBar-btnBasicSearch","interaction":{"idSuffix":"I"}},"clearTextFirst":true,"interactionType":"ENTER_TEXT"}]}
COMMAND: POST /session/c3f4cae206c3d63be7f787b9be2a6a7b/actions - {"actions":[{"id":"action31","type":"key","parameters":{},"actions":[{"type":"keyDown","value":"î€‡"},{"type":"pause","duration":10},{"type":"keyUp","value":"î€‡"}]}]}
RESULT: {"actions":[{"id":"action31","type":"key","parameters":{},"actions":[{"type":"keyDown","value":"î€‡"},{"type":"pause","duration":10},{"type":"keyUp","value":"î€‡"}]}]}
COMMAND: GET /session/c3f4cae206c3d63be7f787b9be2a6a7b/screenshot - {}
COMMAND: POST /session/c3f4cae206c3d63be7f787b9be2a6a7b/element - {"using":"xpath","value":"//span[@id=\"application-ruinventorylist-display-component---Master--smartTableRuInventoryList-header-inner\"]"}
RESULT: {}
RESULT: {"using":"xpath","value":"//span[@id=\"application-ruinventorylist-display-component---Master--smartTableRuInventoryList-header-inner\"]"}
COMMAND: POST /session/c3f4cae206c3d63be7f787b9be2a6a7b/elements - {"using":"xpath","value":"//span[@id=\"application-ruinventorylist-display-component---Master--smartTableRuInventoryList-header-inner\"]"}
RESULT: {"using":"xpath","value":"//span[@id=\"application-ruinventorylist-display-component---Master--smartTableRuInventoryList-header-inner\"]"}
COMMAND: POST /session/c3f4cae206c3d63be7f787b9be2a6a7b/execute/sync - {"script":"<script> [56 bytes]","args":[{"element-6066-11e4-a52e-4f735466cecf":"f.28F387A578A7289013B97F22A2D0145A.d.B2105A32DF2212F97ED811E048EBDBC5.e.5809","ELEMENT":"f.28F387A578A7289013B97F22A2D0145A.d.B2105A32DF2212F97ED811E048EBDBC5.e.5809"}]}
RESULT: {"script":"<script> [56 bytes]","args":[{"element-6066-11e4-a52e-4f735466cecf":"f.28F387A578A7289013B97F22A2D0145A.d.B2105A32DF2212F97ED811E048EBDBC5.e.5809","ELEMENT":"f.28F387A578A7289013B97F22A2D0145A.d.B2105A32DF2212F97ED811E048EBDBC5.e.5809"}]}
COMMAND: POST /session/c3f4cae206c3d63be7f787b9be2a6a7b/element - {"using":"xpath","value":"//table[contains(@id, \"application-ruinventorylist-display-component---Master--tableRuInventoryList-listUl\")]/tbody/tr[1]/td[2]/div/div"}
RESULT: {"using":"xpath","value":"//table[contains(@id, \"application-ruinventorylist-display-component---Master--tableRuInventoryList-listUl\")]/tbody/tr[1]/td[2]/div/div"}
COMMAND: POST /session/c3f4cae206c3d63be7f787b9be2a6a7b/element/f.28F387A578A7289013B97F22A2D0145A.d.B2105A32DF2212F97ED811E048EBDBC5.e.7231/click - {}
RESULT: {}
COMMAND: GET /session/c3f4cae206c3d63be7f787b9be2a6a7b/screenshot - {}
COMMAND: GET /session/c3f4cae206c3d63be7f787b9be2a6a7b/screenshot - {}
RESULT: {}
RESULT: {}
COMMAND: POST /session/c3f4cae206c3d63be7f787b9be2a6a7b/element - {"using":"xpath","value":"//div[contains(@id, \"smartFilterBar-btnBasicSearch-reset\")]"}
RESULT: {"using":"xpath","value":"//div[contains(@id, \"smartFilterBar-btnBasicSearch-reset\")]"}
COMMAND: POST /session/c3f4cae206c3d63be7f787b9be2a6a7b/element/f.28F387A578A7289013B97F22A2D0145A.d.B2105A32DF2212F97ED811E048EBDBC5.e.5825/click - {}
RESULT: {}
COMMAND: GET /session/c3f4cae206c3d63be7f787b9be2a6a7b/screenshot - {}
RESULT: undefined
COMMAND: POST /session/c3f4cae206c3d63be7f787b9be2a6a7b/execute/async - {"script":"<script> [776 bytes]","args":[{"enterText":"401002","selector":{"id":"application-ruinventorylist-display-component---Master--smartFilterBar-btnBasicSearch","interaction":{"idSuffix":"I"}},"clearTextFirst":true,"interactionType":"ENTER_TEXT"}]}
RESULT: {}
RESULT: {"script":"<script> [776 bytes]","args":[{"enterText":"401002","selector":{"id":"application-ruinventorylist-display-component---Master--smartFilterBar-btnBasicSearch","interaction":{"idSuffix":"I"}},"clearTextFirst":true,"interactionType":"ENTER_TEXT"}]}
COMMAND: POST /session/c3f4cae206c3d63be7f787b9be2a6a7b/actions - {"actions":[{"id":"action32","type":"key","parameters":{},"actions":[{"type":"keyDown","value":"î€‡"},{"type":"pause","duration":10},{"type":"keyUp","value":"î€‡"}]}]}
RESULT: {"actions":[{"id":"action32","type":"key","parameters":{},"actions":[{"type":"keyDown","value":"î€‡"},{"type":"pause","duration":10},{"type":"keyUp","value":"î€‡"}]}]}
COMMAND: GET /session/c3f4cae206c3d63be7f787b9be2a6a7b/screenshot - {}
RESULT: {}
COMMAND: POST /session/c3f4cae206c3d63be7f787b9be2a6a7b/element - {"using":"xpath","value":"//span[@id=\"application-ruinventorylist-display-component---Master--smartTableRuInventoryList-header-inner\"]"}
RESULT: {"using":"xpath","value":"//span[@id=\"application-ruinventorylist-display-component---Master--smartTableRuInventoryList-header-inner\"]"}
COMMAND: POST /session/c3f4cae206c3d63be7f787b9be2a6a7b/elements - {"using":"xpath","value":"//span[@id=\"application-ruinventorylist-display-component---Master--smartTableRuInventoryList-header-inner\"]"}
RESULT: {"using":"xpath","value":"//span[@id=\"application-ruinventorylist-display-component---Master--smartTableRuInventoryList-header-inner\"]"}
COMMAND: POST /session/c3f4cae206c3d63be7f787b9be2a6a7b/execute/sync - {"script":"<script> [56 bytes]","args":[{"element-6066-11e4-a52e-4f735466cecf":"f.28F387A578A7289013B97F22A2D0145A.d.B2105A32DF2212F97ED811E048EBDBC5.e.5809","ELEMENT":"f.28F387A578A7289013B97F22A2D0145A.d.B2105A32DF2212F97ED811E048EBDBC5.e.5809"}]}
RESULT: {"script":"<script> [56 bytes]","args":[{"element-6066-11e4-a52e-4f735466cecf":"f.28F387A578A7289013B97F22A2D0145A.d.B2105A32DF2212F97ED811E048EBDBC5.e.5809","ELEMENT":"f.28F387A578A7289013B97F22A2D0145A.d.B2105A32DF2212F97ED811E048EBDBC5.e.5809"}]}
COMMAND: POST /session/c3f4cae206c3d63be7f787b9be2a6a7b/element - {"using":"xpath","value":"//table[contains(@id, \"application-ruinventorylist-display-component---Master--tableRuInventoryList-listUl\")]/tbody/tr[1]/td[2]/div/div"}
RESULT: {"using":"xpath","value":"//table[contains(@id, \"application-ruinventorylist-display-component---Master--tableRuInventoryList-listUl\")]/tbody/tr[1]/td[2]/div/div"}
COMMAND: POST /session/c3f4cae206c3d63be7f787b9be2a6a7b/element/f.28F387A578A7289013B97F22A2D0145A.d.B2105A32DF2212F97ED811E048EBDBC5.e.7412/click - {}
COMMAND: GET /session/c3f4cae206c3d63be7f787b9be2a6a7b/screenshot - {}
RESULT: {}
RESULT: {}
COMMAND: GET /session/c3f4cae206c3d63be7f787b9be2a6a7b/screenshot - {}
RESULT: {}
COMMAND: POST /session/c3f4cae206c3d63be7f787b9be2a6a7b/element - {"using":"xpath","value":"//div[contains(@id, \"smartFilterBar-btnBasicSearch-reset\")]"}
RESULT: {"using":"xpath","value":"//div[contains(@id, \"smartFilterBar-btnBasicSearch-reset\")]"}
COMMAND: POST /session/c3f4cae206c3d63be7f787b9be2a6a7b/element/f.28F387A578A7289013B97F22A2D0145A.d.B2105A32DF2212F97ED811E048EBDBC5.e.5825/click - {}
RESULT: {}
COMMAND: GET /session/c3f4cae206c3d63be7f787b9be2a6a7b/screenshot - {}
RESULT: {}
RESULT: undefined
COMMAND: POST /session/c3f4cae206c3d63be7f787b9be2a6a7b/execute/async - {"script":"<script> [776 bytes]","args":[{"enterText":"ag15JoHGCN","selector":{"id":"application-ruinventorylist-display-component---Master--smartFilterBar-btnBasicSearch","interaction":{"idSuffix":"I"}},"clearTextFirst":true,"interactionType":"ENTER_TEXT"}]}
RESULT: {"script":"<script> [776 bytes]","args":[{"enterText":"ag15JoHGCN","selector":{"id":"application-ruinventorylist-display-component---Master--smartFilterBar-btnBasicSearch","interaction":{"idSuffix":"I"}},"clearTextFirst":true,"interactionType":"ENTER_TEXT"}]}
COMMAND: POST /session/c3f4cae206c3d63be7f787b9be2a6a7b/actions - {"actions":[{"id":"action33","type":"key","parameters":{},"actions":[{"type":"keyDown","value":"î€‡"},{"type":"pause","duration":10},{"type":"keyUp","value":"î€‡"}]}]}
RESULT: {"actions":[{"id":"action33","type":"key","parameters":{},"actions":[{"type":"keyDown","value":"î€‡"},{"type":"pause","duration":10},{"type":"keyUp","value":"î€‡"}]}]}
COMMAND: GET /session/c3f4cae206c3d63be7f787b9be2a6a7b/screenshot - {}
RESULT: {}
COMMAND: POST /session/c3f4cae206c3d63be7f787b9be2a6a7b/element - {"using":"xpath","value":"//span[@id=\"application-ruinventorylist-display-component---Master--smartTableRuInventoryList-header-inner\"]"}
RESULT: {"using":"xpath","value":"//span[@id=\"application-ruinventorylist-display-component---Master--smartTableRuInventoryList-header-inner\"]"}
COMMAND: POST /session/c3f4cae206c3d63be7f787b9be2a6a7b/elements - {"using":"xpath","value":"//span[@id=\"application-ruinventorylist-display-component---Master--smartTableRuInventoryList-header-inner\"]"}
RESULT: {"using":"xpath","value":"//span[@id=\"application-ruinventorylist-display-component---Master--smartTableRuInventoryList-header-inner\"]"}
COMMAND: POST /session/c3f4cae206c3d63be7f787b9be2a6a7b/execute/sync - {"script":"<script> [56 bytes]","args":[{"element-6066-11e4-a52e-4f735466cecf":"f.28F387A578A7289013B97F22A2D0145A.d.B2105A32DF2212F97ED811E048EBDBC5.e.5809","ELEMENT":"f.28F387A578A7289013B97F22A2D0145A.d.B2105A32DF2212F97ED811E048EBDBC5.e.5809"}]}
RESULT: {"script":"<script> [56 bytes]","args":[{"element-6066-11e4-a52e-4f735466cecf":"f.28F387A578A7289013B97F22A2D0145A.d.B2105A32DF2212F97ED811E048EBDBC5.e.5809","ELEMENT":"f.28F387A578A7289013B97F22A2D0145A.d.B2105A32DF2212F97ED811E048EBDBC5.e.5809"}]}
COMMAND: POST /session/c3f4cae206c3d63be7f787b9be2a6a7b/element - {"using":"xpath","value":"//table[contains(@id, \"application-ruinventorylist-display-component---Master--tableRuInventoryList-listUl\")]/tbody/tr[1]/td[2]/div/div"}
RESULT: {"using":"xpath","value":"//table[contains(@id, \"application-ruinventorylist-display-component---Master--tableRuInventoryList-listUl\")]/tbody/tr[1]/td[2]/div/div"}
COMMAND: POST /session/c3f4cae206c3d63be7f787b9be2a6a7b/element/f.28F387A578A7289013B97F22A2D0145A.d.B2105A32DF2212F97ED811E048EBDBC5.e.7592/click - {}
RESULT: {}
COMMAND: GET /session/c3f4cae206c3d63be7f787b9be2a6a7b/screenshot - {}
COMMAND: GET /session/c3f4cae206c3d63be7f787b9be2a6a7b/screenshot - {}
RESULT: {}
RESULT: {}
COMMAND: POST /session/c3f4cae206c3d63be7f787b9be2a6a7b/element - {"using":"xpath","value":"//div[contains(@id, \"smartFilterBar-btnBasicSearch-reset\")]"}
RESULT: {"using":"xpath","value":"//div[contains(@id, \"smartFilterBar-btnBasicSearch-reset\")]"}
COMMAND: POST /session/c3f4cae206c3d63be7f787b9be2a6a7b/element/f.28F387A578A7289013B97F22A2D0145A.d.B2105A32DF2212F97ED811E048EBDBC5.e.5825/click - {}
RESULT: {}
COMMAND: GET /session/c3f4cae206c3d63be7f787b9be2a6a7b/screenshot - {}
RESULT: {}
RESULT: undefined
COMMAND: POST /session/c3f4cae206c3d63be7f787b9be2a6a7b/execute/async - {"script":"<script> [776 bytes]","args":[{"enterText":"200303","selector":{"id":"application-ruinventorylist-display-component---Master--smartFilterBar-btnBasicSearch","interaction":{"idSuffix":"I"}},"clearTextFirst":true,"interactionType":"ENTER_TEXT"}]}
RESULT: {"script":"<script> [776 bytes]","args":[{"enterText":"200303","selector":{"id":"application-ruinventorylist-display-component---Master--smartFilterBar-btnBasicSearch","interaction":{"idSuffix":"I"}},"clearTextFirst":true,"interactionType":"ENTER_TEXT"}]}
COMMAND: POST /session/c3f4cae206c3d63be7f787b9be2a6a7b/actions - {"actions":[{"id":"action34","type":"key","parameters":{},"actions":[{"type":"keyDown","value":"î€‡"},{"type":"pause","duration":10},{"type":"keyUp","value":"î€‡"}]}]}
RESULT: {"actions":[{"id":"action34","type":"key","parameters":{},"actions":[{"type":"keyDown","value":"î€‡"},{"type":"pause","duration":10},{"type":"keyUp","value":"î€‡"}]}]}
COMMAND: GET /session/c3f4cae206c3d63be7f787b9be2a6a7b/screenshot - {}
RESULT: {}
COMMAND: POST /session/c3f4cae206c3d63be7f787b9be2a6a7b/element - {"using":"xpath","value":"//span[@id=\"application-ruinventorylist-display-component---Master--smartTableRuInventoryList-header-inner\"]"}
RESULT: {"using":"xpath","value":"//span[@id=\"application-ruinventorylist-display-component---Master--smartTableRuInventoryList-header-inner\"]"}
COMMAND: POST /session/c3f4cae206c3d63be7f787b9be2a6a7b/elements - {"using":"xpath","value":"//span[@id=\"application-ruinventorylist-display-component---Master--smartTableRuInventoryList-header-inner\"]"}
RESULT: {"using":"xpath","value":"//span[@id=\"application-ruinventorylist-display-component---Master--smartTableRuInventoryList-header-inner\"]"}
COMMAND: POST /session/c3f4cae206c3d63be7f787b9be2a6a7b/execute/sync - {"script":"<script> [56 bytes]","args":[{"element-6066-11e4-a52e-4f735466cecf":"f.28F387A578A7289013B97F22A2D0145A.d.B2105A32DF2212F97ED811E048EBDBC5.e.5809","ELEMENT":"f.28F387A578A7289013B97F22A2D0145A.d.B2105A32DF2212F97ED811E048EBDBC5.e.5809"}]}
RESULT: {"script":"<script> [56 bytes]","args":[{"element-6066-11e4-a52e-4f735466cecf":"f.28F387A578A7289013B97F22A2D0145A.d.B2105A32DF2212F97ED811E048EBDBC5.e.5809","ELEMENT":"f.28F387A578A7289013B97F22A2D0145A.d.B2105A32DF2212F97ED811E048EBDBC5.e.5809"}]}
COMMAND: POST /session/c3f4cae206c3d63be7f787b9be2a6a7b/element - {"using":"xpath","value":"//table[contains(@id, \"application-ruinventorylist-display-component---Master--tableRuInventoryList-listUl\")]/tbody/tr[1]/td[2]/div/div"}
COMMAND: GET /session/c3f4cae206c3d63be7f787b9be2a6a7b/screenshot - {}
RESULT: {"using":"xpath","value":"//table[contains(@id, \"application-ruinventorylist-display-component---Master--tableRuInventoryList-listUl\")]/tbody/tr[1]/td[2]/div/div"}
COMMAND: POST /session/c3f4cae206c3d63be7f787b9be2a6a7b/element/f.28F387A578A7289013B97F22A2D0145A.d.B2105A32DF2212F97ED811E048EBDBC5.e.7772/click - {}
RESULT: {}
RESULT: {}
COMMAND: GET /session/c3f4cae206c3d63be7f787b9be2a6a7b/screenshot - {}
RESULT: {}
COMMAND: POST /session/c3f4cae206c3d63be7f787b9be2a6a7b/element - {"using":"xpath","value":"//div[contains(@id, \"smartFilterBar-btnBasicSearch-reset\")]"}
RESULT: {"using":"xpath","value":"//div[contains(@id, \"smartFilterBar-btnBasicSearch-reset\")]"}
COMMAND: POST /session/c3f4cae206c3d63be7f787b9be2a6a7b/element/f.28F387A578A7289013B97F22A2D0145A.d.B2105A32DF2212F97ED811E048EBDBC5.e.5825/click - {}
RESULT: {}
COMMAND: GET /session/c3f4cae206c3d63be7f787b9be2a6a7b/screenshot - {}
RESULT: {}
COMMAND: POST /session/c3f4cae206c3d63be7f787b9be2a6a7b/element/f.28F387A578A7289013B97F22A2D0145A.d.B2105A32DF2212F97ED811E048EBDBC5.e.5205/click - {}
RESULT: {}
COMMAND: GET /session/c3f4cae206c3d63be7f787b9be2a6a7b/screenshot - {}
RESULT: {}
RESULT: undefined
COMMAND: POST /session/c3f4cae206c3d63be7f787b9be2a6a7b/element - {"using":"xpath","value":"//*[@id=\"application-ruinventorylist-display-component---Master--ruStateTypes-arrow\"]"}
RESULT: {"using":"xpath","value":"//*[@id=\"application-ruinventorylist-display-component---Master--ruStateTypes-arrow\"]"}
COMMAND: POST /session/c3f4cae206c3d63be7f787b9be2a6a7b/element/f.28F387A578A7289013B97F22A2D0145A.d.B2105A32DF2212F97ED811E048EBDBC5.e.7972/click - {}
RESULT: {}
COMMAND: GET /session/c3f4cae206c3d63be7f787b9be2a6a7b/screenshot - {}
RESULT: {}
COMMAND: POST /session/c3f4cae206c3d63be7f787b9be2a6a7b/element - {"using":"xpath","value":"//li[.//span[text()=\"available\"]]"}
RESULT: {"using":"xpath","value":"//li[.//span[text()=\"available\"]]"}
COMMAND: POST /session/c3f4cae206c3d63be7f787b9be2a6a7b/element/f.28F387A578A7289013B97F22A2D0145A.d.B2105A32DF2212F97ED811E048EBDBC5.e.7973/click - {}
RESULT: {}
COMMAND: GET /session/c3f4cae206c3d63be7f787b9be2a6a7b/screenshot - {}
RESULT: {}
COMMAND: POST /session/c3f4cae206c3d63be7f787b9be2a6a7b/element - {"using":"xpath","value":"(//bdi[contains(text(), \"OK\")])[1]"}
RESULT: {"using":"xpath","value":"(//bdi[contains(text(), \"OK\")])[1]"}
COMMAND: POST /session/c3f4cae206c3d63be7f787b9be2a6a7b/element/f.28F387A578A7289013B97F22A2D0145A.d.B2105A32DF2212F97ED811E048EBDBC5.e.7974/click - {}
RESULT: {}
COMMAND: GET /session/c3f4cae206c3d63be7f787b9be2a6a7b/screenshot - {}
RESULT: {}
COMMAND: POST /session/c3f4cae206c3d63be7f787b9be2a6a7b/element - {"using":"xpath","value":"(//bdi[contains(text(), \"OK\")])[2]"}
RESULT: {"using":"xpath","value":"(//bdi[contains(text(), \"OK\")])[2]"}
COMMAND: POST /session/c3f4cae206c3d63be7f787b9be2a6a7b/element/f.28F387A578A7289013B97F22A2D0145A.d.B2105A32DF2212F97ED811E048EBDBC5.e.7978/click - {}
RESULT: {}
COMMAND: GET /session/c3f4cae206c3d63be7f787b9be2a6a7b/screenshot - {}
RESULT: {}
RESULT: undefined
COMMAND: POST /session/c3f4cae206c3d63be7f787b9be2a6a7b/execute/async - {"script":"<script> [776 bytes]","args":[{"enterText":"600002","selector":{"id":"application-ruinventorylist-display-component---Master--smartFilterBar-btnBasicSearch","interaction":{"idSuffix":"I"}},"clearTextFirst":true,"interactionType":"ENTER_TEXT"}]}
RESULT: {"script":"<script> [776 bytes]","args":[{"enterText":"600002","selector":{"id":"application-ruinventorylist-display-component---Master--smartFilterBar-btnBasicSearch","interaction":{"idSuffix":"I"}},"clearTextFirst":true,"interactionType":"ENTER_TEXT"}]}
COMMAND: POST /session/c3f4cae206c3d63be7f787b9be2a6a7b/actions - {"actions":[{"id":"action35","type":"key","parameters":{},"actions":[{"type":"keyDown","value":"î€‡"},{"type":"pause","duration":10},{"type":"keyUp","value":"î€‡"}]}]}
RESULT: {"actions":[{"id":"action35","type":"key","parameters":{},"actions":[{"type":"keyDown","value":"î€‡"},{"type":"pause","duration":10},{"type":"keyUp","value":"î€‡"}]}]}
COMMAND: GET /session/c3f4cae206c3d63be7f787b9be2a6a7b/screenshot - {}
RESULT: {}
COMMAND: POST /session/c3f4cae206c3d63be7f787b9be2a6a7b/element - {"using":"xpath","value":"//span[@id=\"application-ruinventorylist-display-component---Master--smartTableRuInventoryList-header-inner\"]"}
RESULT: {"using":"xpath","value":"//span[@id=\"application-ruinventorylist-display-component---Master--smartTableRuInventoryList-header-inner\"]"}
COMMAND: POST /session/c3f4cae206c3d63be7f787b9be2a6a7b/elements - {"using":"xpath","value":"//span[@id=\"application-ruinventorylist-display-component---Master--smartTableRuInventoryList-header-inner\"]"}
RESULT: {"using":"xpath","value":"//span[@id=\"application-ruinventorylist-display-component---Master--smartTableRuInventoryList-header-inner\"]"}
COMMAND: POST /session/c3f4cae206c3d63be7f787b9be2a6a7b/execute/sync - {"script":"<script> [56 bytes]","args":[{"element-6066-11e4-a52e-4f735466cecf":"f.28F387A578A7289013B97F22A2D0145A.d.B2105A32DF2212F97ED811E048EBDBC5.e.5809","ELEMENT":"f.28F387A578A7289013B97F22A2D0145A.d.B2105A32DF2212F97ED811E048EBDBC5.e.5809"}]}
RESULT: {"script":"<script> [56 bytes]","args":[{"element-6066-11e4-a52e-4f735466cecf":"f.28F387A578A7289013B97F22A2D0145A.d.B2105A32DF2212F97ED811E048EBDBC5.e.5809","ELEMENT":"f.28F387A578A7289013B97F22A2D0145A.d.B2105A32DF2212F97ED811E048EBDBC5.e.5809"}]}
COMMAND: POST /session/c3f4cae206c3d63be7f787b9be2a6a7b/element - {"using":"xpath","value":"//table[contains(@id, \"application-ruinventorylist-display-component---Master--tableRuInventoryList-listUl\")]/tbody/tr[1]/td[6]/div/span"}
COMMAND: GET /session/c3f4cae206c3d63be7f787b9be2a6a7b/screenshot - {}
RESULT: {"using":"xpath","value":"//table[contains(@id, \"application-ruinventorylist-display-component---Master--tableRuInventoryList-listUl\")]/tbody/tr[1]/td[6]/div/span"}
COMMAND: POST /session/c3f4cae206c3d63be7f787b9be2a6a7b/execute/sync - {"script":"<script> [56 bytes]","args":[{"element-6066-11e4-a52e-4f735466cecf":"f.28F387A578A7289013B97F22A2D0145A.d.B2105A32DF2212F97ED811E048EBDBC5.e.7999","ELEMENT":"f.28F387A578A7289013B97F22A2D0145A.d.B2105A32DF2212F97ED811E048EBDBC5.e.7999"}]}
RESULT: {}
RESULT: {"script":"<script> [56 bytes]","args":[{"element-6066-11e4-a52e-4f735466cecf":"f.28F387A578A7289013B97F22A2D0145A.d.B2105A32DF2212F97ED811E048EBDBC5.e.7999","ELEMENT":"f.28F387A578A7289013B97F22A2D0145A.d.B2105A32DF2212F97ED811E048EBDBC5.e.7999"}]}
COMMAND: POST /session/c3f4cae206c3d63be7f787b9be2a6a7b/element - {"using":"xpath","value":"//div[contains(@id, \"smartFilterBar-btnBasicSearch-reset\")]"}
COMMAND: GET /session/c3f4cae206c3d63be7f787b9be2a6a7b/screenshot - {}
RESULT: {"using":"xpath","value":"//div[contains(@id, \"smartFilterBar-btnBasicSearch-reset\")]"}
COMMAND: POST /session/c3f4cae206c3d63be7f787b9be2a6a7b/element/f.28F387A578A7289013B97F22A2D0145A.d.B2105A32DF2212F97ED811E048EBDBC5.e.5825/click - {}
RESULT: {}
RESULT: {}
COMMAND: GET /session/c3f4cae206c3d63be7f787b9be2a6a7b/screenshot - {}
RESULT: {}
RESULT: undefined
COMMAND: POST /session/c3f4cae206c3d63be7f787b9be2a6a7b/execute/async - {"script":"<script> [776 bytes]","args":[{"enterText":"401002","selector":{"id":"application-ruinventorylist-display-component---Master--smartFilterBar-btnBasicSearch","interaction":{"idSuffix":"I"}},"clearTextFirst":true,"interactionType":"ENTER_TEXT"}]}
RESULT: {"script":"<script> [776 bytes]","args":[{"enterText":"401002","selector":{"id":"application-ruinventorylist-display-component---Master--smartFilterBar-btnBasicSearch","interaction":{"idSuffix":"I"}},"clearTextFirst":true,"interactionType":"ENTER_TEXT"}]}
COMMAND: POST /session/c3f4cae206c3d63be7f787b9be2a6a7b/actions - {"actions":[{"id":"action36","type":"key","parameters":{},"actions":[{"type":"keyDown","value":"î€‡"},{"type":"pause","duration":10},{"type":"keyUp","value":"î€‡"}]}]}
RESULT: {"actions":[{"id":"action36","type":"key","parameters":{},"actions":[{"type":"keyDown","value":"î€‡"},{"type":"pause","duration":10},{"type":"keyUp","value":"î€‡"}]}]}
COMMAND: GET /session/c3f4cae206c3d63be7f787b9be2a6a7b/screenshot - {}
RESULT: {}
COMMAND: POST /session/c3f4cae206c3d63be7f787b9be2a6a7b/element - {"using":"xpath","value":"//span[@id=\"application-ruinventorylist-display-component---Master--smartTableRuInventoryList-header-inner\"]"}
RESULT: {"using":"xpath","value":"//span[@id=\"application-ruinventorylist-display-component---Master--smartTableRuInventoryList-header-inner\"]"}
COMMAND: POST /session/c3f4cae206c3d63be7f787b9be2a6a7b/elements - {"using":"xpath","value":"//span[@id=\"application-ruinventorylist-display-component---Master--smartTableRuInventoryList-header-inner\"]"}
RESULT: {"using":"xpath","value":"//span[@id=\"application-ruinventorylist-display-component---Master--smartTableRuInventoryList-header-inner\"]"}
COMMAND: POST /session/c3f4cae206c3d63be7f787b9be2a6a7b/execute/sync - {"script":"<script> [56 bytes]","args":[{"element-6066-11e4-a52e-4f735466cecf":"f.28F387A578A7289013B97F22A2D0145A.d.B2105A32DF2212F97ED811E048EBDBC5.e.5809","ELEMENT":"f.28F387A578A7289013B97F22A2D0145A.d.B2105A32DF2212F97ED811E048EBDBC5.e.5809"}]}
RESULT: {"script":"<script> [56 bytes]","args":[{"element-6066-11e4-a52e-4f735466cecf":"f.28F387A578A7289013B97F22A2D0145A.d.B2105A32DF2212F97ED811E048EBDBC5.e.5809","ELEMENT":"f.28F387A578A7289013B97F22A2D0145A.d.B2105A32DF2212F97ED811E048EBDBC5.e.5809"}]}
COMMAND: POST /session/c3f4cae206c3d63be7f787b9be2a6a7b/element - {"using":"xpath","value":"//table[contains(@id, \"application-ruinventorylist-display-component---Master--tableRuInventoryList-listUl\")]/tbody/tr[1]/td[6]/div/span"}
COMMAND: GET /session/c3f4cae206c3d63be7f787b9be2a6a7b/screenshot - {}
RESULT: {"using":"xpath","value":"//table[contains(@id, \"application-ruinventorylist-display-component---Master--tableRuInventoryList-listUl\")]/tbody/tr[1]/td[6]/div/span"}
COMMAND: POST /session/c3f4cae206c3d63be7f787b9be2a6a7b/execute/sync - {"script":"<script> [56 bytes]","args":[{"element-6066-11e4-a52e-4f735466cecf":"f.28F387A578A7289013B97F22A2D0145A.d.B2105A32DF2212F97ED811E048EBDBC5.e.8098","ELEMENT":"f.28F387A578A7289013B97F22A2D0145A.d.B2105A32DF2212F97ED811E048EBDBC5.e.8098"}]}
RESULT: {}
RESULT: {"script":"<script> [56 bytes]","args":[{"element-6066-11e4-a52e-4f735466cecf":"f.28F387A578A7289013B97F22A2D0145A.d.B2105A32DF2212F97ED811E048EBDBC5.e.8098","ELEMENT":"f.28F387A578A7289013B97F22A2D0145A.d.B2105A32DF2212F97ED811E048EBDBC5.e.8098"}]}
COMMAND: POST /session/c3f4cae206c3d63be7f787b9be2a6a7b/element - {"using":"xpath","value":"//div[contains(@id, \"smartFilterBar-btnBasicSearch-reset\")]"}
COMMAND: GET /session/c3f4cae206c3d63be7f787b9be2a6a7b/screenshot - {}
RESULT: {"using":"xpath","value":"//div[contains(@id, \"smartFilterBar-btnBasicSearch-reset\")]"}
COMMAND: POST /session/c3f4cae206c3d63be7f787b9be2a6a7b/element/f.28F387A578A7289013B97F22A2D0145A.d.B2105A32DF2212F97ED811E048EBDBC5.e.5825/click - {}
RESULT: {}
RESULT: {}
COMMAND: GET /session/c3f4cae206c3d63be7f787b9be2a6a7b/screenshot - {}
RESULT: {}
RESULT: undefined
COMMAND: POST /session/c3f4cae206c3d63be7f787b9be2a6a7b/execute/async - {"script":"<script> [776 bytes]","args":[{"enterText":"ag15JoHGCN","selector":{"id":"application-ruinventorylist-display-component---Master--smartFilterBar-btnBasicSearch","interaction":{"idSuffix":"I"}},"clearTextFirst":true,"interactionType":"ENTER_TEXT"}]}
RESULT: {"script":"<script> [776 bytes]","args":[{"enterText":"ag15JoHGCN","selector":{"id":"application-ruinventorylist-display-component---Master--smartFilterBar-btnBasicSearch","interaction":{"idSuffix":"I"}},"clearTextFirst":true,"interactionType":"ENTER_TEXT"}]}
COMMAND: POST /session/c3f4cae206c3d63be7f787b9be2a6a7b/actions - {"actions":[{"id":"action37","type":"key","parameters":{},"actions":[{"type":"keyDown","value":"î€‡"},{"type":"pause","duration":10},{"type":"keyUp","value":"î€‡"}]}]}
RESULT: {"actions":[{"id":"action37","type":"key","parameters":{},"actions":[{"type":"keyDown","value":"î€‡"},{"type":"pause","duration":10},{"type":"keyUp","value":"î€‡"}]}]}
COMMAND: GET /session/c3f4cae206c3d63be7f787b9be2a6a7b/screenshot - {}
RESULT: {}
COMMAND: POST /session/c3f4cae206c3d63be7f787b9be2a6a7b/element - {"using":"xpath","value":"//span[@id=\"application-ruinventorylist-display-component---Master--smartTableRuInventoryList-header-inner\"]"}
RESULT: {"using":"xpath","value":"//span[@id=\"application-ruinventorylist-display-component---Master--smartTableRuInventoryList-header-inner\"]"}
COMMAND: POST /session/c3f4cae206c3d63be7f787b9be2a6a7b/elements - {"using":"xpath","value":"//span[@id=\"application-ruinventorylist-display-component---Master--smartTableRuInventoryList-header-inner\"]"}
RESULT: {"using":"xpath","value":"//span[@id=\"application-ruinventorylist-display-component---Master--smartTableRuInventoryList-header-inner\"]"}
COMMAND: POST /session/c3f4cae206c3d63be7f787b9be2a6a7b/execute/sync - {"script":"<script> [56 bytes]","args":[{"element-6066-11e4-a52e-4f735466cecf":"f.28F387A578A7289013B97F22A2D0145A.d.B2105A32DF2212F97ED811E048EBDBC5.e.5809","ELEMENT":"f.28F387A578A7289013B97F22A2D0145A.d.B2105A32DF2212F97ED811E048EBDBC5.e.5809"}]}
RESULT: {"script":"<script> [56 bytes]","args":[{"element-6066-11e4-a52e-4f735466cecf":"f.28F387A578A7289013B97F22A2D0145A.d.B2105A32DF2212F97ED811E048EBDBC5.e.5809","ELEMENT":"f.28F387A578A7289013B97F22A2D0145A.d.B2105A32DF2212F97ED811E048EBDBC5.e.5809"}]}
COMMAND: POST /session/c3f4cae206c3d63be7f787b9be2a6a7b/element - {"using":"xpath","value":"//table[contains(@id, \"application-ruinventorylist-display-component---Master--tableRuInventoryList-listUl\")]/tbody/tr[1]/td[6]/div/span"}
COMMAND: GET /session/c3f4cae206c3d63be7f787b9be2a6a7b/screenshot - {}
RESULT: {"using":"xpath","value":"//table[contains(@id, \"application-ruinventorylist-display-component---Master--tableRuInventoryList-listUl\")]/tbody/tr[1]/td[6]/div/span"}
COMMAND: POST /session/c3f4cae206c3d63be7f787b9be2a6a7b/execute/sync - {"script":"<script> [56 bytes]","args":[{"element-6066-11e4-a52e-4f735466cecf":"f.28F387A578A7289013B97F22A2D0145A.d.B2105A32DF2212F97ED811E048EBDBC5.e.8199","ELEMENT":"f.28F387A578A7289013B97F22A2D0145A.d.B2105A32DF2212F97ED811E048EBDBC5.e.8199"}]}
RESULT: {}
RESULT: {"script":"<script> [56 bytes]","args":[{"element-6066-11e4-a52e-4f735466cecf":"f.28F387A578A7289013B97F22A2D0145A.d.B2105A32DF2212F97ED811E048EBDBC5.e.8199","ELEMENT":"f.28F387A578A7289013B97F22A2D0145A.d.B2105A32DF2212F97ED811E048EBDBC5.e.8199"}]}
COMMAND: POST /session/c3f4cae206c3d63be7f787b9be2a6a7b/element - {"using":"xpath","value":"//div[contains(@id, \"smartFilterBar-btnBasicSearch-reset\")]"}
COMMAND: GET /session/c3f4cae206c3d63be7f787b9be2a6a7b/screenshot - {}
RESULT: {}
RESULT: {"using":"xpath","value":"//div[contains(@id, \"smartFilterBar-btnBasicSearch-reset\")]"}
COMMAND: POST /session/c3f4cae206c3d63be7f787b9be2a6a7b/element/f.28F387A578A7289013B97F22A2D0145A.d.B2105A32DF2212F97ED811E048EBDBC5.e.5825/click - {}
RESULT: {}
COMMAND: GET /session/c3f4cae206c3d63be7f787b9be2a6a7b/screenshot - {}
RESULT: {}
RESULT: undefined
COMMAND: POST /session/c3f4cae206c3d63be7f787b9be2a6a7b/execute/async - {"script":"<script> [776 bytes]","args":[{"enterText":"200303","selector":{"id":"application-ruinventorylist-display-component---Master--smartFilterBar-btnBasicSearch","interaction":{"idSuffix":"I"}},"clearTextFirst":true,"interactionType":"ENTER_TEXT"}]}
RESULT: {"script":"<script> [776 bytes]","args":[{"enterText":"200303","selector":{"id":"application-ruinventorylist-display-component---Master--smartFilterBar-btnBasicSearch","interaction":{"idSuffix":"I"}},"clearTextFirst":true,"interactionType":"ENTER_TEXT"}]}
COMMAND: POST /session/c3f4cae206c3d63be7f787b9be2a6a7b/actions - {"actions":[{"id":"action38","type":"key","parameters":{},"actions":[{"type":"keyDown","value":"î€‡"},{"type":"pause","duration":10},{"type":"keyUp","value":"î€‡"}]}]}
RESULT: {"actions":[{"id":"action38","type":"key","parameters":{},"actions":[{"type":"keyDown","value":"î€‡"},{"type":"pause","duration":10},{"type":"keyUp","value":"î€‡"}]}]}
COMMAND: GET /session/c3f4cae206c3d63be7f787b9be2a6a7b/screenshot - {}
RESULT: {}
COMMAND: POST /session/c3f4cae206c3d63be7f787b9be2a6a7b/element - {"using":"xpath","value":"//span[@id=\"application-ruinventorylist-display-component---Master--smartTableRuInventoryList-header-inner\"]"}
RESULT: {"using":"xpath","value":"//span[@id=\"application-ruinventorylist-display-component---Master--smartTableRuInventoryList-header-inner\"]"}
COMMAND: POST /session/c3f4cae206c3d63be7f787b9be2a6a7b/elements - {"using":"xpath","value":"//span[@id=\"application-ruinventorylist-display-component---Master--smartTableRuInventoryList-header-inner\"]"}
RESULT: {"using":"xpath","value":"//span[@id=\"application-ruinventorylist-display-component---Master--smartTableRuInventoryList-header-inner\"]"}
COMMAND: POST /session/c3f4cae206c3d63be7f787b9be2a6a7b/execute/sync - {"script":"<script> [56 bytes]","args":[{"element-6066-11e4-a52e-4f735466cecf":"f.28F387A578A7289013B97F22A2D0145A.d.B2105A32DF2212F97ED811E048EBDBC5.e.5809","ELEMENT":"f.28F387A578A7289013B97F22A2D0145A.d.B2105A32DF2212F97ED811E048EBDBC5.e.5809"}]}
RESULT: {"script":"<script> [56 bytes]","args":[{"element-6066-11e4-a52e-4f735466cecf":"f.28F387A578A7289013B97F22A2D0145A.d.B2105A32DF2212F97ED811E048EBDBC5.e.5809","ELEMENT":"f.28F387A578A7289013B97F22A2D0145A.d.B2105A32DF2212F97ED811E048EBDBC5.e.5809"}]}
COMMAND: POST /session/c3f4cae206c3d63be7f787b9be2a6a7b/element - {"using":"xpath","value":"//table[contains(@id, \"application-ruinventorylist-display-component---Master--tableRuInventoryList-listUl\")]/tbody/tr[1]/td[6]/div/span"}
COMMAND: GET /session/c3f4cae206c3d63be7f787b9be2a6a7b/screenshot - {}
RESULT: {"using":"xpath","value":"//table[contains(@id, \"application-ruinventorylist-display-component---Master--tableRuInventoryList-listUl\")]/tbody/tr[1]/td[6]/div/span"}
COMMAND: POST /session/c3f4cae206c3d63be7f787b9be2a6a7b/execute/sync - {"script":"<script> [56 bytes]","args":[{"element-6066-11e4-a52e-4f735466cecf":"f.28F387A578A7289013B97F22A2D0145A.d.B2105A32DF2212F97ED811E048EBDBC5.e.8299","ELEMENT":"f.28F387A578A7289013B97F22A2D0145A.d.B2105A32DF2212F97ED811E048EBDBC5.e.8299"}]}
RESULT: {}
RESULT: {"script":"<script> [56 bytes]","args":[{"element-6066-11e4-a52e-4f735466cecf":"f.28F387A578A7289013B97F22A2D0145A.d.B2105A32DF2212F97ED811E048EBDBC5.e.8299","ELEMENT":"f.28F387A578A7289013B97F22A2D0145A.d.B2105A32DF2212F97ED811E048EBDBC5.e.8299"}]}
COMMAND: POST /session/c3f4cae206c3d63be7f787b9be2a6a7b/element - {"using":"xpath","value":"//div[contains(@id, \"smartFilterBar-btnBasicSearch-reset\")]"}
COMMAND: GET /session/c3f4cae206c3d63be7f787b9be2a6a7b/screenshot - {}
RESULT: {"using":"xpath","value":"//div[contains(@id, \"smartFilterBar-btnBasicSearch-reset\")]"}
COMMAND: POST /session/c3f4cae206c3d63be7f787b9be2a6a7b/element/f.28F387A578A7289013B97F22A2D0145A.d.B2105A32DF2212F97ED811E048EBDBC5.e.5825/click - {}
RESULT: {}
RESULT: {}
COMMAND: GET /session/c3f4cae206c3d63be7f787b9be2a6a7b/screenshot - {}
RESULT: {}
COMMAND: POST /session/c3f4cae206c3d63be7f787b9be2a6a7b/element - {"using":"css selector","value":"#shell-header-logo"}
RESULT: {"using":"css selector","value":"#shell-header-logo"}
COMMAND: POST /session/c3f4cae206c3d63be7f787b9be2a6a7b/element/f.28F387A578A7289013B97F22A2D0145A.d.B2105A32DF2212F97ED811E048EBDBC5.e.5167/click - {}
RESULT: {}
COMMAND: GET /session/c3f4cae206c3d63be7f787b9be2a6a7b/screenshot - {}
RESULT: {}
COMMAND: DELETE /session/c3f4cae206c3d63be7f787b9be2a6a7b - {}
RESULT: {}
]]></system-out>
    </testcase>
  </testsuite>
</testsuites>