<?xml version="1.0" encoding="UTF-8"?>
<testsuites tests="49" failures="0" errors="0" skipped="0">
  <testsuite timestamp="2025-05-26T15:09:55" time="1865.072" tests="49" failures="0" errors="0" skipped="0">
    <properties>
      <property name="specId" value="0"/>
      <property name="suiteName" value="Sanity Tests US104253"/>
      <property name="capabilities" value="chrome.136_0_7103_93.windows"/>
      <property name="file" value="file:///D:/a/1/s/test/specs/General/sanity.spec.js"/>
    </properties>
    <testcase classname="chrome.136_0_7103_93.windows.Sanity_Tests_US104253" name="Should open Manage Partners page" time="38.96">
      <system-out><![CDATA[
COMMAND: POST /session/97d31cefe963fd85982e18ab9d298f50/execute/async - {"script":"<script> [1562 bytes]","args":[{"selector":{"controlType":"sap.m.GenericTile","properties":{"header":"Manage Partners"}},"wdio_ui5_key":"sapm.GenericTile{\"header\":\"Manage Partners\"}"}]}
RESULT: {"script":"<script> [1562 bytes]","args":[{"selector":{"controlType":"sap.m.GenericTile","properties":{"header":"Manage Partners"}},"wdio_ui5_key":"sapm.GenericTile{\"header\":\"Manage Partners\"}"}]}
RESULT: undefined
COMMAND: POST /session/97d31cefe963fd85982e18ab9d298f50/element - {"using":"xpath","value":"//*[@id=\"__tile38\"]"}
RESULT: {"using":"xpath","value":"//*[@id=\"__tile38\"]"}
COMMAND: POST /session/97d31cefe963fd85982e18ab9d298f50/element/f.4412A7EDC240442CA6AC0A711488565A.d.B9C1B1731D2C9B8D309315490C54DEE0.e.113/click - {}
RESULT: {}
COMMAND: GET /session/97d31cefe963fd85982e18ab9d298f50/screenshot - {}
RESULT: {}
COMMAND: POST /session/97d31cefe963fd85982e18ab9d298f50/elements - {"using":"xpath","value":"//span[text()='Error']"}
RESULT: {"using":"xpath","value":"//span[text()='Error']"}
RESULT: undefined
COMMAND: POST /session/97d31cefe963fd85982e18ab9d298f50/element - {"using":"xpath","value":"//*[@id=\"__tile38\"]"}
RESULT: {"using":"xpath","value":"//*[@id=\"__tile38\"]"}
COMMAND: POST /session/97d31cefe963fd85982e18ab9d298f50/element/f.4412A7EDC240442CA6AC0A711488565A.d.B9C1B1731D2C9B8D309315490C54DEE0.e.113/click - {}
RESULT: undefined
COMMAND: POST /session/97d31cefe963fd85982e18ab9d298f50/element - {"using":"xpath","value":"//*[@id=\"__tile38\"]"}
RESULT: {"using":"xpath","value":"//*[@id=\"__tile38\"]"}
COMMAND: POST /session/97d31cefe963fd85982e18ab9d298f50/element/f.4412A7EDC240442CA6AC0A711488565A.d.B9C1B1731D2C9B8D309315490C54DEE0.e.113/click - {}
COMMAND: POST /session/97d31cefe963fd85982e18ab9d298f50/execute/async - {"script":"<script> [1562 bytes]","args":[{"selector":{"id":"shellAppTitle"},"wdio_ui5_key":"shellAppTitle"}]}
RESULT: {"script":"<script> [1562 bytes]","args":[{"selector":{"id":"shellAppTitle"},"wdio_ui5_key":"shellAppTitle"}]}
RESULT: undefined
COMMAND: POST /session/97d31cefe963fd85982e18ab9d298f50/execute/async - {"script":"<script> [6424 bytes]","args":[{"element-6066-11e4-a52e-4f735466cecf":"f.4412A7EDC240442CA6AC0A711488565A.d.B9C1B1731D2C9B8D309315490C54DEE0.e.286"},"getTitle",[]]}
RESULT: {"script":"<script> [6424 bytes]","args":[{"element-6066-11e4-a52e-4f735466cecf":"f.4412A7EDC240442CA6AC0A711488565A.d.B9C1B1731D2C9B8D309315490C54DEE0.e.286"},"getTitle",[]]}
COMMAND: POST /session/97d31cefe963fd85982e18ab9d298f50/execute/async - {"script":"<script> [1562 bytes]","args":[{"selector":{"id":"backBtn"},"wdio_ui5_key":"backBtn"}]}
RESULT: {"script":"<script> [1562 bytes]","args":[{"selector":{"id":"backBtn"},"wdio_ui5_key":"backBtn"}]}
RESULT: undefined
COMMAND: POST /session/97d31cefe963fd85982e18ab9d298f50/element - {"using":"xpath","value":"//*[@id=\"backBtn\"]"}
RESULT: {"using":"xpath","value":"//*[@id=\"backBtn\"]"}
COMMAND: POST /session/97d31cefe963fd85982e18ab9d298f50/element/f.4412A7EDC240442CA6AC0A711488565A.d.B9C1B1731D2C9B8D309315490C54DEE0.e.287/click - {}
RESULT: {}
COMMAND: GET /session/97d31cefe963fd85982e18ab9d298f50/screenshot - {}
RESULT: {}
]]></system-out>
    </testcase>
    <testcase classname="chrome.136_0_7103_93.windows.Sanity_Tests_US104253" name="Should open Manage Sites page" time="35.918">
      <system-out><![CDATA[
COMMAND: POST /session/97d31cefe963fd85982e18ab9d298f50/execute/async - {"script":"<script> [1562 bytes]","args":[{"selector":{"controlType":"sap.m.GenericTile","properties":{"header":"Manage Sites"}},"wdio_ui5_key":"sapm.GenericTile{\"header\":\"Manage Sites\"}"}]}
RESULT: {"script":"<script> [1562 bytes]","args":[{"selector":{"controlType":"sap.m.GenericTile","properties":{"header":"Manage Sites"}},"wdio_ui5_key":"sapm.GenericTile{\"header\":\"Manage Sites\"}"}]}
RESULT: undefined
COMMAND: POST /session/97d31cefe963fd85982e18ab9d298f50/element - {"using":"xpath","value":"//*[@id=\"__tile40\"]"}
RESULT: {"using":"xpath","value":"//*[@id=\"__tile40\"]"}
COMMAND: POST /session/97d31cefe963fd85982e18ab9d298f50/element/f.4412A7EDC240442CA6AC0A711488565A.d.B9C1B1731D2C9B8D309315490C54DEE0.e.289/click - {}
RESULT: {}
COMMAND: GET /session/97d31cefe963fd85982e18ab9d298f50/screenshot - {}
RESULT: {}
COMMAND: POST /session/97d31cefe963fd85982e18ab9d298f50/elements - {"using":"xpath","value":"//span[text()='Error']"}
RESULT: {"using":"xpath","value":"//span[text()='Error']"}
RESULT: undefined
COMMAND: POST /session/97d31cefe963fd85982e18ab9d298f50/element - {"using":"xpath","value":"//*[@id=\"__tile40\"]"}
RESULT: {"using":"xpath","value":"//*[@id=\"__tile40\"]"}
COMMAND: POST /session/97d31cefe963fd85982e18ab9d298f50/element/f.4412A7EDC240442CA6AC0A711488565A.d.B9C1B1731D2C9B8D309315490C54DEE0.e.289/click - {}
RESULT: undefined
COMMAND: POST /session/97d31cefe963fd85982e18ab9d298f50/element - {"using":"xpath","value":"//*[@id=\"__tile40\"]"}
RESULT: {"using":"xpath","value":"//*[@id=\"__tile40\"]"}
COMMAND: POST /session/97d31cefe963fd85982e18ab9d298f50/element/f.4412A7EDC240442CA6AC0A711488565A.d.B9C1B1731D2C9B8D309315490C54DEE0.e.289/click - {}
RESULT: undefined
COMMAND: POST /session/97d31cefe963fd85982e18ab9d298f50/execute/async - {"script":"<script> [6424 bytes]","args":[{"element-6066-11e4-a52e-4f735466cecf":"f.4412A7EDC240442CA6AC0A711488565A.d.B9C1B1731D2C9B8D309315490C54DEE0.e.286"},"getTitle",[]]}
COMMAND: POST /session/97d31cefe963fd85982e18ab9d298f50/execute/async - {"script":"<script> [1562 bytes]","args":[{"selector":{"id":"shellAppTitle"},"wdio_ui5_key":"shellAppTitle"}]}
RESULT: {"script":"<script> [1562 bytes]","args":[{"selector":{"id":"shellAppTitle"},"wdio_ui5_key":"shellAppTitle"}]}
COMMAND: POST /session/97d31cefe963fd85982e18ab9d298f50/execute/async - {"script":"<script> [6424 bytes]","args":[{"element-6066-11e4-a52e-4f735466cecf":"f.4412A7EDC240442CA6AC0A711488565A.d.B9C1B1731D2C9B8D309315490C54DEE0.e.477"},"getTitle",[]]}
RESULT: {"script":"<script> [6424 bytes]","args":[{"element-6066-11e4-a52e-4f735466cecf":"f.4412A7EDC240442CA6AC0A711488565A.d.B9C1B1731D2C9B8D309315490C54DEE0.e.477"},"getTitle",[]]}
RESULT: undefined
COMMAND: POST /session/97d31cefe963fd85982e18ab9d298f50/element/f.4412A7EDC240442CA6AC0A711488565A.d.B9C1B1731D2C9B8D309315490C54DEE0.e.287/click - {}
RESULT: {}
COMMAND: GET /session/97d31cefe963fd85982e18ab9d298f50/screenshot - {}
RESULT: {}
]]></system-out>
    </testcase>
    <testcase classname="chrome.136_0_7103_93.windows.Sanity_Tests_US104253" name="Should open Manage Resources page" time="36.821">
      <system-out><![CDATA[
COMMAND: POST /session/97d31cefe963fd85982e18ab9d298f50/execute/async - {"script":"<script> [1562 bytes]","args":[{"selector":{"controlType":"sap.m.GenericTile","properties":{"header":"Manage Resources"}},"wdio_ui5_key":"sapm.GenericTile{\"header\":\"Manage Resources\"}"}]}
RESULT: {"script":"<script> [1562 bytes]","args":[{"selector":{"controlType":"sap.m.GenericTile","properties":{"header":"Manage Resources"}},"wdio_ui5_key":"sapm.GenericTile{\"header\":\"Manage Resources\"}"}]}
RESULT: undefined
COMMAND: POST /session/97d31cefe963fd85982e18ab9d298f50/element - {"using":"xpath","value":"//*[@id=\"__tile39\"]"}
RESULT: {"using":"xpath","value":"//*[@id=\"__tile39\"]"}
COMMAND: POST /session/97d31cefe963fd85982e18ab9d298f50/element/f.4412A7EDC240442CA6AC0A711488565A.d.B9C1B1731D2C9B8D309315490C54DEE0.e.479/click - {}
RESULT: {}
COMMAND: GET /session/97d31cefe963fd85982e18ab9d298f50/screenshot - {}
RESULT: {}
COMMAND: POST /session/97d31cefe963fd85982e18ab9d298f50/elements - {"using":"xpath","value":"//span[text()='Error']"}
RESULT: {"using":"xpath","value":"//span[text()='Error']"}
RESULT: undefined
COMMAND: POST /session/97d31cefe963fd85982e18ab9d298f50/element - {"using":"xpath","value":"//*[@id=\"__tile39\"]"}
RESULT: {"using":"xpath","value":"//*[@id=\"__tile39\"]"}
COMMAND: POST /session/97d31cefe963fd85982e18ab9d298f50/element/f.4412A7EDC240442CA6AC0A711488565A.d.B9C1B1731D2C9B8D309315490C54DEE0.e.479/click - {}
RESULT: undefined
COMMAND: POST /session/97d31cefe963fd85982e18ab9d298f50/element - {"using":"xpath","value":"//*[@id=\"__tile39\"]"}
RESULT: {"using":"xpath","value":"//*[@id=\"__tile39\"]"}
COMMAND: POST /session/97d31cefe963fd85982e18ab9d298f50/element/f.4412A7EDC240442CA6AC0A711488565A.d.B9C1B1731D2C9B8D309315490C54DEE0.e.479/click - {}
RESULT: undefined
COMMAND: POST /session/97d31cefe963fd85982e18ab9d298f50/execute/async - {"script":"<script> [6424 bytes]","args":[{"element-6066-11e4-a52e-4f735466cecf":"f.4412A7EDC240442CA6AC0A711488565A.d.B9C1B1731D2C9B8D309315490C54DEE0.e.286"},"getTitle",[]]}
COMMAND: POST /session/97d31cefe963fd85982e18ab9d298f50/execute/async - {"script":"<script> [1562 bytes]","args":[{"selector":{"id":"shellAppTitle"},"wdio_ui5_key":"shellAppTitle"}]}
RESULT: {"script":"<script> [1562 bytes]","args":[{"selector":{"id":"shellAppTitle"},"wdio_ui5_key":"shellAppTitle"}]}
COMMAND: POST /session/97d31cefe963fd85982e18ab9d298f50/execute/async - {"script":"<script> [6424 bytes]","args":[{"element-6066-11e4-a52e-4f735466cecf":"f.4412A7EDC240442CA6AC0A711488565A.d.B9C1B1731D2C9B8D309315490C54DEE0.e.656"},"getTitle",[]]}
RESULT: {"script":"<script> [6424 bytes]","args":[{"element-6066-11e4-a52e-4f735466cecf":"f.4412A7EDC240442CA6AC0A711488565A.d.B9C1B1731D2C9B8D309315490C54DEE0.e.656"},"getTitle",[]]}
RESULT: undefined
COMMAND: POST /session/97d31cefe963fd85982e18ab9d298f50/element/f.4412A7EDC240442CA6AC0A711488565A.d.B9C1B1731D2C9B8D309315490C54DEE0.e.287/click - {}
COMMAND: POST /session/97d31cefe963fd85982e18ab9d298f50/element - {"using":"xpath","value":"//*[@id=\"backBtn\"]"}
RESULT: {"using":"xpath","value":"//*[@id=\"backBtn\"]"}
COMMAND: POST /session/97d31cefe963fd85982e18ab9d298f50/element/f.4412A7EDC240442CA6AC0A711488565A.d.B9C1B1731D2C9B8D309315490C54DEE0.e.287/click - {}
COMMAND: POST /session/97d31cefe963fd85982e18ab9d298f50/element - {"using":"xpath","value":"//*[@id=\"backBtn\"]"}
RESULT: {"using":"xpath","value":"//*[@id=\"backBtn\"]"}
COMMAND: POST /session/97d31cefe963fd85982e18ab9d298f50/element/f.4412A7EDC240442CA6AC0A711488565A.d.B9C1B1731D2C9B8D309315490C54DEE0.e.657/click - {}
RESULT: {}
COMMAND: GET /session/97d31cefe963fd85982e18ab9d298f50/screenshot - {}
RESULT: {}
]]></system-out>
    </testcase>
    <testcase classname="chrome.136_0_7103_93.windows.Sanity_Tests_US104253" name="Should open Manage Catalogs page" time="35.777">
      <system-out><![CDATA[
COMMAND: POST /session/97d31cefe963fd85982e18ab9d298f50/execute/async - {"script":"<script> [1562 bytes]","args":[{"selector":{"controlType":"sap.m.GenericTile","properties":{"header":"Manage Catalogs"}},"wdio_ui5_key":"sapm.GenericTile{\"header\":\"Manage Catalogs\"}"}]}
RESULT: {"script":"<script> [1562 bytes]","args":[{"selector":{"controlType":"sap.m.GenericTile","properties":{"header":"Manage Catalogs"}},"wdio_ui5_key":"sapm.GenericTile{\"header\":\"Manage Catalogs\"}"}]}
RESULT: undefined
COMMAND: POST /session/97d31cefe963fd85982e18ab9d298f50/element - {"using":"xpath","value":"//*[@id=\"__tile37\"]"}
RESULT: {"using":"xpath","value":"//*[@id=\"__tile37\"]"}
COMMAND: POST /session/97d31cefe963fd85982e18ab9d298f50/element/f.4412A7EDC240442CA6AC0A711488565A.d.B9C1B1731D2C9B8D309315490C54DEE0.e.659/click - {}
RESULT: {}
COMMAND: GET /session/97d31cefe963fd85982e18ab9d298f50/screenshot - {}
RESULT: {}
COMMAND: POST /session/97d31cefe963fd85982e18ab9d298f50/elements - {"using":"xpath","value":"//span[text()='Error']"}
RESULT: {"using":"xpath","value":"//span[text()='Error']"}
RESULT: undefined
COMMAND: POST /session/97d31cefe963fd85982e18ab9d298f50/element - {"using":"xpath","value":"//*[@id=\"__tile37\"]"}
RESULT: {"using":"xpath","value":"//*[@id=\"__tile37\"]"}
COMMAND: POST /session/97d31cefe963fd85982e18ab9d298f50/element/f.4412A7EDC240442CA6AC0A711488565A.d.B9C1B1731D2C9B8D309315490C54DEE0.e.659/click - {}
RESULT: undefined
COMMAND: POST /session/97d31cefe963fd85982e18ab9d298f50/element - {"using":"xpath","value":"//*[@id=\"__tile37\"]"}
RESULT: {"using":"xpath","value":"//*[@id=\"__tile37\"]"}
COMMAND: POST /session/97d31cefe963fd85982e18ab9d298f50/element/f.4412A7EDC240442CA6AC0A711488565A.d.B9C1B1731D2C9B8D309315490C54DEE0.e.659/click - {}
RESULT: undefined
COMMAND: POST /session/97d31cefe963fd85982e18ab9d298f50/execute/async - {"script":"<script> [6424 bytes]","args":[{"element-6066-11e4-a52e-4f735466cecf":"f.4412A7EDC240442CA6AC0A711488565A.d.B9C1B1731D2C9B8D309315490C54DEE0.e.286"},"getTitle",[]]}
COMMAND: POST /session/97d31cefe963fd85982e18ab9d298f50/execute/async - {"script":"<script> [1562 bytes]","args":[{"selector":{"id":"shellAppTitle"},"wdio_ui5_key":"shellAppTitle"}]}
RESULT: {"script":"<script> [1562 bytes]","args":[{"selector":{"id":"shellAppTitle"},"wdio_ui5_key":"shellAppTitle"}]}
COMMAND: POST /session/97d31cefe963fd85982e18ab9d298f50/execute/async - {"script":"<script> [6424 bytes]","args":[{"element-6066-11e4-a52e-4f735466cecf":"f.4412A7EDC240442CA6AC0A711488565A.d.B9C1B1731D2C9B8D309315490C54DEE0.e.728"},"getTitle",[]]}
RESULT: {"script":"<script> [6424 bytes]","args":[{"element-6066-11e4-a52e-4f735466cecf":"f.4412A7EDC240442CA6AC0A711488565A.d.B9C1B1731D2C9B8D309315490C54DEE0.e.728"},"getTitle",[]]}
RESULT: undefined
COMMAND: POST /session/97d31cefe963fd85982e18ab9d298f50/element/f.4412A7EDC240442CA6AC0A711488565A.d.B9C1B1731D2C9B8D309315490C54DEE0.e.657/click - {}
RESULT: {}
COMMAND: GET /session/97d31cefe963fd85982e18ab9d298f50/screenshot - {}
RESULT: {}
]]></system-out>
    </testcase>
    <testcase classname="chrome.136_0_7103_93.windows.Sanity_Tests_US104253" name="Should open Manage Calendars page" time="35.789">
      <system-out><![CDATA[
COMMAND: POST /session/97d31cefe963fd85982e18ab9d298f50/execute/async - {"script":"<script> [1562 bytes]","args":[{"selector":{"controlType":"sap.m.GenericTile","properties":{"header":"Manage Calendars"}},"wdio_ui5_key":"sapm.GenericTile{\"header\":\"Manage Calendars\"}"}]}
RESULT: {"script":"<script> [1562 bytes]","args":[{"selector":{"controlType":"sap.m.GenericTile","properties":{"header":"Manage Calendars"}},"wdio_ui5_key":"sapm.GenericTile{\"header\":\"Manage Calendars\"}"}]}
RESULT: undefined
COMMAND: POST /session/97d31cefe963fd85982e18ab9d298f50/element - {"using":"xpath","value":"//*[@id=\"__tile36\"]"}
RESULT: {"using":"xpath","value":"//*[@id=\"__tile36\"]"}
COMMAND: POST /session/97d31cefe963fd85982e18ab9d298f50/element/f.4412A7EDC240442CA6AC0A711488565A.d.B9C1B1731D2C9B8D309315490C54DEE0.e.105/click - {}
RESULT: {}
COMMAND: GET /session/97d31cefe963fd85982e18ab9d298f50/screenshot - {}
RESULT: {}
COMMAND: POST /session/97d31cefe963fd85982e18ab9d298f50/elements - {"using":"xpath","value":"//span[text()='Error']"}
RESULT: {"using":"xpath","value":"//span[text()='Error']"}
RESULT: undefined
COMMAND: POST /session/97d31cefe963fd85982e18ab9d298f50/element - {"using":"xpath","value":"//*[@id=\"__tile36\"]"}
RESULT: {"using":"xpath","value":"//*[@id=\"__tile36\"]"}
COMMAND: POST /session/97d31cefe963fd85982e18ab9d298f50/element/f.4412A7EDC240442CA6AC0A711488565A.d.B9C1B1731D2C9B8D309315490C54DEE0.e.105/click - {}
RESULT: undefined
COMMAND: POST /session/97d31cefe963fd85982e18ab9d298f50/element - {"using":"xpath","value":"//*[@id=\"__tile36\"]"}
RESULT: {"using":"xpath","value":"//*[@id=\"__tile36\"]"}
COMMAND: POST /session/97d31cefe963fd85982e18ab9d298f50/element/f.4412A7EDC240442CA6AC0A711488565A.d.B9C1B1731D2C9B8D309315490C54DEE0.e.105/click - {}
RESULT: undefined
COMMAND: POST /session/97d31cefe963fd85982e18ab9d298f50/execute/async - {"script":"<script> [6424 bytes]","args":[{"element-6066-11e4-a52e-4f735466cecf":"f.4412A7EDC240442CA6AC0A711488565A.d.B9C1B1731D2C9B8D309315490C54DEE0.e.286"},"getTitle",[]]}
COMMAND: POST /session/97d31cefe963fd85982e18ab9d298f50/execute/async - {"script":"<script> [1562 bytes]","args":[{"selector":{"id":"shellAppTitle"},"wdio_ui5_key":"shellAppTitle"}]}
RESULT: {"script":"<script> [1562 bytes]","args":[{"selector":{"id":"shellAppTitle"},"wdio_ui5_key":"shellAppTitle"}]}
COMMAND: POST /session/97d31cefe963fd85982e18ab9d298f50/execute/async - {"script":"<script> [6424 bytes]","args":[{"element-6066-11e4-a52e-4f735466cecf":"f.4412A7EDC240442CA6AC0A711488565A.d.B9C1B1731D2C9B8D309315490C54DEE0.e.875"},"getTitle",[]]}
RESULT: {"script":"<script> [6424 bytes]","args":[{"element-6066-11e4-a52e-4f735466cecf":"f.4412A7EDC240442CA6AC0A711488565A.d.B9C1B1731D2C9B8D309315490C54DEE0.e.875"},"getTitle",[]]}
RESULT: undefined
COMMAND: POST /session/97d31cefe963fd85982e18ab9d298f50/element/f.4412A7EDC240442CA6AC0A711488565A.d.B9C1B1731D2C9B8D309315490C54DEE0.e.657/click - {}
COMMAND: POST /session/97d31cefe963fd85982e18ab9d298f50/element - {"using":"xpath","value":"//*[@id=\"backBtn\"]"}
RESULT: {"using":"xpath","value":"//*[@id=\"backBtn\"]"}
COMMAND: POST /session/97d31cefe963fd85982e18ab9d298f50/element/f.4412A7EDC240442CA6AC0A711488565A.d.B9C1B1731D2C9B8D309315490C54DEE0.e.657/click - {}
COMMAND: POST /session/97d31cefe963fd85982e18ab9d298f50/element - {"using":"xpath","value":"//*[@id=\"backBtn\"]"}
RESULT: {"using":"xpath","value":"//*[@id=\"backBtn\"]"}
COMMAND: POST /session/97d31cefe963fd85982e18ab9d298f50/element/f.4412A7EDC240442CA6AC0A711488565A.d.B9C1B1731D2C9B8D309315490C54DEE0.e.876/click - {}
RESULT: {}
COMMAND: GET /session/97d31cefe963fd85982e18ab9d298f50/screenshot - {}
RESULT: {}
]]></system-out>
    </testcase>
    <testcase classname="chrome.136_0_7103_93.windows.Sanity_Tests_US104253" name="Should open Address Management page" time="36.907">
      <system-out><![CDATA[
COMMAND: POST /session/97d31cefe963fd85982e18ab9d298f50/execute/async - {"script":"<script> [1562 bytes]","args":[{"selector":{"controlType":"sap.m.GenericTile","properties":{"header":"Address Management"}},"wdio_ui5_key":"sapm.GenericTile{\"header\":\"Address Management\"}"}]}
RESULT: {"script":"<script> [1562 bytes]","args":[{"selector":{"controlType":"sap.m.GenericTile","properties":{"header":"Address Management"}},"wdio_ui5_key":"sapm.GenericTile{\"header\":\"Address Management\"}"}]}
RESULT: undefined
COMMAND: POST /session/97d31cefe963fd85982e18ab9d298f50/element - {"using":"xpath","value":"//*[@id=\"__tile33\"]"}
RESULT: {"using":"xpath","value":"//*[@id=\"__tile33\"]"}
COMMAND: POST /session/97d31cefe963fd85982e18ab9d298f50/element/f.4412A7EDC240442CA6AC0A711488565A.d.B9C1B1731D2C9B8D309315490C54DEE0.e.878/click - {}
RESULT: {}
COMMAND: GET /session/97d31cefe963fd85982e18ab9d298f50/screenshot - {}
RESULT: {}
COMMAND: POST /session/97d31cefe963fd85982e18ab9d298f50/elements - {"using":"xpath","value":"//span[text()='Error']"}
RESULT: {"using":"xpath","value":"//span[text()='Error']"}
RESULT: undefined
COMMAND: POST /session/97d31cefe963fd85982e18ab9d298f50/element - {"using":"xpath","value":"//*[@id=\"__tile33\"]"}
RESULT: {"using":"xpath","value":"//*[@id=\"__tile33\"]"}
COMMAND: POST /session/97d31cefe963fd85982e18ab9d298f50/element/f.4412A7EDC240442CA6AC0A711488565A.d.B9C1B1731D2C9B8D309315490C54DEE0.e.878/click - {}
RESULT: undefined
COMMAND: POST /session/97d31cefe963fd85982e18ab9d298f50/element - {"using":"xpath","value":"//*[@id=\"__tile33\"]"}
RESULT: {"using":"xpath","value":"//*[@id=\"__tile33\"]"}
COMMAND: POST /session/97d31cefe963fd85982e18ab9d298f50/element/f.4412A7EDC240442CA6AC0A711488565A.d.B9C1B1731D2C9B8D309315490C54DEE0.e.878/click - {}
RESULT: undefined
COMMAND: POST /session/97d31cefe963fd85982e18ab9d298f50/execute/async - {"script":"<script> [6424 bytes]","args":[{"element-6066-11e4-a52e-4f735466cecf":"f.4412A7EDC240442CA6AC0A711488565A.d.B9C1B1731D2C9B8D309315490C54DEE0.e.286"},"getTitle",[]]}
COMMAND: POST /session/97d31cefe963fd85982e18ab9d298f50/execute/async - {"script":"<script> [1562 bytes]","args":[{"selector":{"id":"shellAppTitle"},"wdio_ui5_key":"shellAppTitle"}]}
RESULT: {"script":"<script> [1562 bytes]","args":[{"selector":{"id":"shellAppTitle"},"wdio_ui5_key":"shellAppTitle"}]}
COMMAND: POST /session/97d31cefe963fd85982e18ab9d298f50/execute/async - {"script":"<script> [6424 bytes]","args":[{"element-6066-11e4-a52e-4f735466cecf":"f.4412A7EDC240442CA6AC0A711488565A.d.B9C1B1731D2C9B8D309315490C54DEE0.e.1055"},"getTitle",[]]}
RESULT: {"script":"<script> [6424 bytes]","args":[{"element-6066-11e4-a52e-4f735466cecf":"f.4412A7EDC240442CA6AC0A711488565A.d.B9C1B1731D2C9B8D309315490C54DEE0.e.1055"},"getTitle",[]]}
RESULT: undefined
COMMAND: POST /session/97d31cefe963fd85982e18ab9d298f50/element/f.4412A7EDC240442CA6AC0A711488565A.d.B9C1B1731D2C9B8D309315490C54DEE0.e.876/click - {}
RESULT: {}
COMMAND: GET /session/97d31cefe963fd85982e18ab9d298f50/screenshot - {}
RESULT: {}
]]></system-out>
    </testcase>
    <testcase classname="chrome.136_0_7103_93.windows.Sanity_Tests_US104253" name="Should open Bill Of Resources page" time="35.855">
      <system-out><![CDATA[
COMMAND: POST /session/97d31cefe963fd85982e18ab9d298f50/execute/async - {"script":"<script> [1562 bytes]","args":[{"selector":{"controlType":"sap.m.GenericTile","properties":{"header":"Bill Of Resources"}},"wdio_ui5_key":"sapm.GenericTile{\"header\":\"Bill Of Resources\"}"}]}
RESULT: {"script":"<script> [1562 bytes]","args":[{"selector":{"controlType":"sap.m.GenericTile","properties":{"header":"Bill Of Resources"}},"wdio_ui5_key":"sapm.GenericTile{\"header\":\"Bill Of Resources\"}"}]}
RESULT: undefined
COMMAND: POST /session/97d31cefe963fd85982e18ab9d298f50/element - {"using":"xpath","value":"//*[@id=\"__tile34\"]"}
RESULT: {"using":"xpath","value":"//*[@id=\"__tile34\"]"}
COMMAND: POST /session/97d31cefe963fd85982e18ab9d298f50/element/f.4412A7EDC240442CA6AC0A711488565A.d.B9C1B1731D2C9B8D309315490C54DEE0.e.1057/click - {}
RESULT: {}
COMMAND: GET /session/97d31cefe963fd85982e18ab9d298f50/screenshot - {}
RESULT: {}
COMMAND: POST /session/97d31cefe963fd85982e18ab9d298f50/elements - {"using":"xpath","value":"//span[text()='Error']"}
RESULT: {"using":"xpath","value":"//span[text()='Error']"}
RESULT: undefined
COMMAND: POST /session/97d31cefe963fd85982e18ab9d298f50/element - {"using":"xpath","value":"//*[@id=\"__tile34\"]"}
RESULT: {"using":"xpath","value":"//*[@id=\"__tile34\"]"}
COMMAND: POST /session/97d31cefe963fd85982e18ab9d298f50/element/f.4412A7EDC240442CA6AC0A711488565A.d.B9C1B1731D2C9B8D309315490C54DEE0.e.1057/click - {}
RESULT: undefined
COMMAND: POST /session/97d31cefe963fd85982e18ab9d298f50/element - {"using":"xpath","value":"//*[@id=\"__tile34\"]"}
RESULT: {"using":"xpath","value":"//*[@id=\"__tile34\"]"}
COMMAND: POST /session/97d31cefe963fd85982e18ab9d298f50/element/f.4412A7EDC240442CA6AC0A711488565A.d.B9C1B1731D2C9B8D309315490C54DEE0.e.1057/click - {}
RESULT: undefined
COMMAND: POST /session/97d31cefe963fd85982e18ab9d298f50/execute/async - {"script":"<script> [6424 bytes]","args":[{"element-6066-11e4-a52e-4f735466cecf":"f.4412A7EDC240442CA6AC0A711488565A.d.B9C1B1731D2C9B8D309315490C54DEE0.e.286"},"getTitle",[]]}
COMMAND: POST /session/97d31cefe963fd85982e18ab9d298f50/execute/async - {"script":"<script> [1562 bytes]","args":[{"selector":{"id":"shellAppTitle"},"wdio_ui5_key":"shellAppTitle"}]}
RESULT: {"script":"<script> [1562 bytes]","args":[{"selector":{"id":"shellAppTitle"},"wdio_ui5_key":"shellAppTitle"}]}
COMMAND: POST /session/97d31cefe963fd85982e18ab9d298f50/execute/async - {"script":"<script> [6424 bytes]","args":[{"element-6066-11e4-a52e-4f735466cecf":"f.4412A7EDC240442CA6AC0A711488565A.d.B9C1B1731D2C9B8D309315490C54DEE0.e.1156"},"getTitle",[]]}
RESULT: {"script":"<script> [6424 bytes]","args":[{"element-6066-11e4-a52e-4f735466cecf":"f.4412A7EDC240442CA6AC0A711488565A.d.B9C1B1731D2C9B8D309315490C54DEE0.e.1156"},"getTitle",[]]}
RESULT: undefined
COMMAND: POST /session/97d31cefe963fd85982e18ab9d298f50/element/f.4412A7EDC240442CA6AC0A711488565A.d.B9C1B1731D2C9B8D309315490C54DEE0.e.876/click - {}
COMMAND: POST /session/97d31cefe963fd85982e18ab9d298f50/element - {"using":"xpath","value":"//*[@id=\"backBtn\"]"}
RESULT: {"using":"xpath","value":"//*[@id=\"backBtn\"]"}
COMMAND: POST /session/97d31cefe963fd85982e18ab9d298f50/element/f.4412A7EDC240442CA6AC0A711488565A.d.B9C1B1731D2C9B8D309315490C54DEE0.e.876/click - {}
COMMAND: POST /session/97d31cefe963fd85982e18ab9d298f50/element - {"using":"xpath","value":"//*[@id=\"backBtn\"]"}
RESULT: {"using":"xpath","value":"//*[@id=\"backBtn\"]"}
COMMAND: POST /session/97d31cefe963fd85982e18ab9d298f50/element/f.4412A7EDC240442CA6AC0A711488565A.d.B9C1B1731D2C9B8D309315490C54DEE0.e.1157/click - {}
RESULT: {}
COMMAND: GET /session/97d31cefe963fd85982e18ab9d298f50/screenshot - {}
RESULT: {}
]]></system-out>
    </testcase>
    <testcase classname="chrome.136_0_7103_93.windows.Sanity_Tests_US104253" name="Should open Manage Yards page" time="35.922">
      <system-out><![CDATA[
COMMAND: POST /session/97d31cefe963fd85982e18ab9d298f50/execute/async - {"script":"<script> [1562 bytes]","args":[{"selector":{"controlType":"sap.m.GenericTile","properties":{"header":"Manage Yards"}},"wdio_ui5_key":"sapm.GenericTile{\"header\":\"Manage Yards\"}"}]}
RESULT: {"script":"<script> [1562 bytes]","args":[{"selector":{"controlType":"sap.m.GenericTile","properties":{"header":"Manage Yards"}},"wdio_ui5_key":"sapm.GenericTile{\"header\":\"Manage Yards\"}"}]}
RESULT: undefined
COMMAND: POST /session/97d31cefe963fd85982e18ab9d298f50/element - {"using":"xpath","value":"//*[@id=\"__tile41\"]"}
RESULT: {"using":"xpath","value":"//*[@id=\"__tile41\"]"}
COMMAND: POST /session/97d31cefe963fd85982e18ab9d298f50/element/f.4412A7EDC240442CA6AC0A711488565A.d.B9C1B1731D2C9B8D309315490C54DEE0.e.1159/click - {}
RESULT: {}
COMMAND: GET /session/97d31cefe963fd85982e18ab9d298f50/screenshot - {}
RESULT: {}
COMMAND: POST /session/97d31cefe963fd85982e18ab9d298f50/elements - {"using":"xpath","value":"//span[text()='Error']"}
RESULT: {"using":"xpath","value":"//span[text()='Error']"}
RESULT: undefined
COMMAND: POST /session/97d31cefe963fd85982e18ab9d298f50/element - {"using":"xpath","value":"//*[@id=\"__tile41\"]"}
RESULT: {"using":"xpath","value":"//*[@id=\"__tile41\"]"}
COMMAND: POST /session/97d31cefe963fd85982e18ab9d298f50/element/f.4412A7EDC240442CA6AC0A711488565A.d.B9C1B1731D2C9B8D309315490C54DEE0.e.1159/click - {}
RESULT: undefined
COMMAND: POST /session/97d31cefe963fd85982e18ab9d298f50/element - {"using":"xpath","value":"//*[@id=\"__tile41\"]"}
RESULT: {"using":"xpath","value":"//*[@id=\"__tile41\"]"}
COMMAND: POST /session/97d31cefe963fd85982e18ab9d298f50/element/f.4412A7EDC240442CA6AC0A711488565A.d.B9C1B1731D2C9B8D309315490C54DEE0.e.1159/click - {}
RESULT: undefined
COMMAND: POST /session/97d31cefe963fd85982e18ab9d298f50/execute/async - {"script":"<script> [6424 bytes]","args":[{"element-6066-11e4-a52e-4f735466cecf":"f.4412A7EDC240442CA6AC0A711488565A.d.B9C1B1731D2C9B8D309315490C54DEE0.e.286"},"getTitle",[]]}
COMMAND: POST /session/97d31cefe963fd85982e18ab9d298f50/execute/async - {"script":"<script> [1562 bytes]","args":[{"selector":{"id":"shellAppTitle"},"wdio_ui5_key":"shellAppTitle"}]}
RESULT: {"script":"<script> [1562 bytes]","args":[{"selector":{"id":"shellAppTitle"},"wdio_ui5_key":"shellAppTitle"}]}
COMMAND: POST /session/97d31cefe963fd85982e18ab9d298f50/execute/async - {"script":"<script> [6424 bytes]","args":[{"element-6066-11e4-a52e-4f735466cecf":"f.4412A7EDC240442CA6AC0A711488565A.d.B9C1B1731D2C9B8D309315490C54DEE0.e.1334"},"getTitle",[]]}
RESULT: {"script":"<script> [6424 bytes]","args":[{"element-6066-11e4-a52e-4f735466cecf":"f.4412A7EDC240442CA6AC0A711488565A.d.B9C1B1731D2C9B8D309315490C54DEE0.e.1334"},"getTitle",[]]}
RESULT: undefined
COMMAND: POST /session/97d31cefe963fd85982e18ab9d298f50/element/f.4412A7EDC240442CA6AC0A711488565A.d.B9C1B1731D2C9B8D309315490C54DEE0.e.1157/click - {}
RESULT: {}
COMMAND: GET /session/97d31cefe963fd85982e18ab9d298f50/screenshot - {}
RESULT: {}
]]></system-out>
    </testcase>
    <testcase classname="chrome.136_0_7103_93.windows.Sanity_Tests_US104253" name="Should open Manage Requests page" time="35.989">
      <system-out><![CDATA[
COMMAND: POST /session/97d31cefe963fd85982e18ab9d298f50/execute/async - {"script":"<script> [1562 bytes]","args":[{"selector":{"controlType":"sap.m.GenericTile","properties":{"header":"Manage Requests"}},"wdio_ui5_key":"sapm.GenericTile{\"header\":\"Manage Requests\"}"}]}
RESULT: {"script":"<script> [1562 bytes]","args":[{"selector":{"controlType":"sap.m.GenericTile","properties":{"header":"Manage Requests"}},"wdio_ui5_key":"sapm.GenericTile{\"header\":\"Manage Requests\"}"}]}
RESULT: undefined
COMMAND: POST /session/97d31cefe963fd85982e18ab9d298f50/element - {"using":"xpath","value":"//*[@id=\"__tile47\"]"}
RESULT: {"using":"xpath","value":"//*[@id=\"__tile47\"]"}
COMMAND: POST /session/97d31cefe963fd85982e18ab9d298f50/element/f.4412A7EDC240442CA6AC0A711488565A.d.B9C1B1731D2C9B8D309315490C54DEE0.e.1336/click - {}
RESULT: {}
COMMAND: GET /session/97d31cefe963fd85982e18ab9d298f50/screenshot - {}
RESULT: {}
COMMAND: POST /session/97d31cefe963fd85982e18ab9d298f50/elements - {"using":"xpath","value":"//span[text()='Error']"}
RESULT: {"using":"xpath","value":"//span[text()='Error']"}
RESULT: undefined
COMMAND: POST /session/97d31cefe963fd85982e18ab9d298f50/element - {"using":"xpath","value":"//*[@id=\"__tile47\"]"}
RESULT: {"using":"xpath","value":"//*[@id=\"__tile47\"]"}
COMMAND: POST /session/97d31cefe963fd85982e18ab9d298f50/element/f.4412A7EDC240442CA6AC0A711488565A.d.B9C1B1731D2C9B8D309315490C54DEE0.e.1336/click - {}
RESULT: undefined
COMMAND: POST /session/97d31cefe963fd85982e18ab9d298f50/element - {"using":"xpath","value":"//*[@id=\"__tile47\"]"}
RESULT: {"using":"xpath","value":"//*[@id=\"__tile47\"]"}
COMMAND: POST /session/97d31cefe963fd85982e18ab9d298f50/element/f.4412A7EDC240442CA6AC0A711488565A.d.B9C1B1731D2C9B8D309315490C54DEE0.e.1336/click - {}
RESULT: undefined
COMMAND: POST /session/97d31cefe963fd85982e18ab9d298f50/execute/async - {"script":"<script> [6424 bytes]","args":[{"element-6066-11e4-a52e-4f735466cecf":"f.4412A7EDC240442CA6AC0A711488565A.d.B9C1B1731D2C9B8D309315490C54DEE0.e.286"},"getTitle",[]]}
COMMAND: POST /session/97d31cefe963fd85982e18ab9d298f50/execute/async - {"script":"<script> [1562 bytes]","args":[{"selector":{"id":"shellAppTitle"},"wdio_ui5_key":"shellAppTitle"}]}
RESULT: {"script":"<script> [1562 bytes]","args":[{"selector":{"id":"shellAppTitle"},"wdio_ui5_key":"shellAppTitle"}]}
COMMAND: POST /session/97d31cefe963fd85982e18ab9d298f50/execute/async - {"script":"<script> [6424 bytes]","args":[{"element-6066-11e4-a52e-4f735466cecf":"f.4412A7EDC240442CA6AC0A711488565A.d.B9C1B1731D2C9B8D309315490C54DEE0.e.1431"},"getTitle",[]]}
RESULT: {"script":"<script> [6424 bytes]","args":[{"element-6066-11e4-a52e-4f735466cecf":"f.4412A7EDC240442CA6AC0A711488565A.d.B9C1B1731D2C9B8D309315490C54DEE0.e.1431"},"getTitle",[]]}
RESULT: undefined
COMMAND: POST /session/97d31cefe963fd85982e18ab9d298f50/element/f.4412A7EDC240442CA6AC0A711488565A.d.B9C1B1731D2C9B8D309315490C54DEE0.e.1157/click - {}
COMMAND: POST /session/97d31cefe963fd85982e18ab9d298f50/element - {"using":"xpath","value":"//*[@id=\"backBtn\"]"}
RESULT: {"using":"xpath","value":"//*[@id=\"backBtn\"]"}
COMMAND: POST /session/97d31cefe963fd85982e18ab9d298f50/element/f.4412A7EDC240442CA6AC0A711488565A.d.B9C1B1731D2C9B8D309315490C54DEE0.e.1157/click - {}
COMMAND: POST /session/97d31cefe963fd85982e18ab9d298f50/element - {"using":"xpath","value":"//*[@id=\"backBtn\"]"}
RESULT: {"using":"xpath","value":"//*[@id=\"backBtn\"]"}
COMMAND: POST /session/97d31cefe963fd85982e18ab9d298f50/element/f.4412A7EDC240442CA6AC0A711488565A.d.B9C1B1731D2C9B8D309315490C54DEE0.e.1432/click - {}
RESULT: {}
COMMAND: GET /session/97d31cefe963fd85982e18ab9d298f50/screenshot - {}
RESULT: {}
]]></system-out>
    </testcase>
    <testcase classname="chrome.136_0_7103_93.windows.Sanity_Tests_US104253" name="Should open Manage Purchasing page" time="35.932">
      <system-out><![CDATA[
COMMAND: POST /session/97d31cefe963fd85982e18ab9d298f50/execute/async - {"script":"<script> [1562 bytes]","args":[{"selector":{"controlType":"sap.m.GenericTile","properties":{"header":"Manage Purchasing"}},"wdio_ui5_key":"sapm.GenericTile{\"header\":\"Manage Purchasing\"}"}]}
RESULT: {"script":"<script> [1562 bytes]","args":[{"selector":{"controlType":"sap.m.GenericTile","properties":{"header":"Manage Purchasing"}},"wdio_ui5_key":"sapm.GenericTile{\"header\":\"Manage Purchasing\"}"}]}
RESULT: undefined
COMMAND: POST /session/97d31cefe963fd85982e18ab9d298f50/element - {"using":"xpath","value":"//*[@id=\"__tile46\"]"}
RESULT: {"using":"xpath","value":"//*[@id=\"__tile46\"]"}
COMMAND: POST /session/97d31cefe963fd85982e18ab9d298f50/element/f.4412A7EDC240442CA6AC0A711488565A.d.B9C1B1731D2C9B8D309315490C54DEE0.e.1435/click - {}
RESULT: {}
COMMAND: GET /session/97d31cefe963fd85982e18ab9d298f50/screenshot - {}
RESULT: {}
COMMAND: POST /session/97d31cefe963fd85982e18ab9d298f50/elements - {"using":"xpath","value":"//span[text()='Error']"}
RESULT: {"using":"xpath","value":"//span[text()='Error']"}
RESULT: undefined
COMMAND: POST /session/97d31cefe963fd85982e18ab9d298f50/element - {"using":"xpath","value":"//*[@id=\"__tile46\"]"}
RESULT: {"using":"xpath","value":"//*[@id=\"__tile46\"]"}
COMMAND: POST /session/97d31cefe963fd85982e18ab9d298f50/element/f.4412A7EDC240442CA6AC0A711488565A.d.B9C1B1731D2C9B8D309315490C54DEE0.e.1435/click - {}
RESULT: undefined
COMMAND: POST /session/97d31cefe963fd85982e18ab9d298f50/element - {"using":"xpath","value":"//*[@id=\"__tile46\"]"}
RESULT: {"using":"xpath","value":"//*[@id=\"__tile46\"]"}
COMMAND: POST /session/97d31cefe963fd85982e18ab9d298f50/element/f.4412A7EDC240442CA6AC0A711488565A.d.B9C1B1731D2C9B8D309315490C54DEE0.e.1435/click - {}
RESULT: undefined
COMMAND: POST /session/97d31cefe963fd85982e18ab9d298f50/execute/async - {"script":"<script> [6424 bytes]","args":[{"element-6066-11e4-a52e-4f735466cecf":"f.4412A7EDC240442CA6AC0A711488565A.d.B9C1B1731D2C9B8D309315490C54DEE0.e.286"},"getTitle",[]]}
COMMAND: POST /session/97d31cefe963fd85982e18ab9d298f50/execute/async - {"script":"<script> [1562 bytes]","args":[{"selector":{"id":"shellAppTitle"},"wdio_ui5_key":"shellAppTitle"}]}
RESULT: {"script":"<script> [1562 bytes]","args":[{"selector":{"id":"shellAppTitle"},"wdio_ui5_key":"shellAppTitle"}]}
COMMAND: POST /session/97d31cefe963fd85982e18ab9d298f50/execute/async - {"script":"<script> [6424 bytes]","args":[{"element-6066-11e4-a52e-4f735466cecf":"f.4412A7EDC240442CA6AC0A711488565A.d.B9C1B1731D2C9B8D309315490C54DEE0.e.1516"},"getTitle",[]]}
RESULT: {"script":"<script> [6424 bytes]","args":[{"element-6066-11e4-a52e-4f735466cecf":"f.4412A7EDC240442CA6AC0A711488565A.d.B9C1B1731D2C9B8D309315490C54DEE0.e.1516"},"getTitle",[]]}
RESULT: undefined
COMMAND: POST /session/97d31cefe963fd85982e18ab9d298f50/element/f.4412A7EDC240442CA6AC0A711488565A.d.B9C1B1731D2C9B8D309315490C54DEE0.e.1432/click - {}
RESULT: {}
COMMAND: GET /session/97d31cefe963fd85982e18ab9d298f50/screenshot - {}
RESULT: {}
]]></system-out>
    </testcase>
    <testcase classname="chrome.136_0_7103_93.windows.Sanity_Tests_US104253" name="Should open Planning Board page" time="36.384">
      <system-out><![CDATA[
COMMAND: POST /session/97d31cefe963fd85982e18ab9d298f50/execute/async - {"script":"<script> [1562 bytes]","args":[{"selector":{"controlType":"sap.m.GenericTile","properties":{"header":"Planning Board"}},"wdio_ui5_key":"sapm.GenericTile{\"header\":\"Planning Board\"}"}]}
RESULT: {"script":"<script> [1562 bytes]","args":[{"selector":{"controlType":"sap.m.GenericTile","properties":{"header":"Planning Board"}},"wdio_ui5_key":"sapm.GenericTile{\"header\":\"Planning Board\"}"}]}
RESULT: undefined
COMMAND: POST /session/97d31cefe963fd85982e18ab9d298f50/element - {"using":"xpath","value":"//*[@id=\"__tile132\"]"}
RESULT: {"using":"xpath","value":"//*[@id=\"__tile132\"]"}
COMMAND: POST /session/97d31cefe963fd85982e18ab9d298f50/element/f.4412A7EDC240442CA6AC0A711488565A.d.B9C1B1731D2C9B8D309315490C54DEE0.e.1518/click - {}
RESULT: {}
COMMAND: GET /session/97d31cefe963fd85982e18ab9d298f50/screenshot - {}
RESULT: {}
COMMAND: POST /session/97d31cefe963fd85982e18ab9d298f50/elements - {"using":"xpath","value":"//span[text()='Error']"}
RESULT: {"using":"xpath","value":"//span[text()='Error']"}
RESULT: undefined
COMMAND: POST /session/97d31cefe963fd85982e18ab9d298f50/element - {"using":"xpath","value":"//*[@id=\"__tile132\"]"}
RESULT: {"using":"xpath","value":"//*[@id=\"__tile132\"]"}
COMMAND: POST /session/97d31cefe963fd85982e18ab9d298f50/element/f.4412A7EDC240442CA6AC0A711488565A.d.B9C1B1731D2C9B8D309315490C54DEE0.e.1518/click - {}
RESULT: undefined
COMMAND: POST /session/97d31cefe963fd85982e18ab9d298f50/element - {"using":"xpath","value":"//*[@id=\"__tile132\"]"}
RESULT: {"using":"xpath","value":"//*[@id=\"__tile132\"]"}
COMMAND: POST /session/97d31cefe963fd85982e18ab9d298f50/element/f.4412A7EDC240442CA6AC0A711488565A.d.B9C1B1731D2C9B8D309315490C54DEE0.e.1518/click - {}
RESULT: undefined
COMMAND: POST /session/97d31cefe963fd85982e18ab9d298f50/execute/async - {"script":"<script> [6424 bytes]","args":[{"element-6066-11e4-a52e-4f735466cecf":"f.4412A7EDC240442CA6AC0A711488565A.d.B9C1B1731D2C9B8D309315490C54DEE0.e.286"},"getTitle",[]]}
COMMAND: POST /session/97d31cefe963fd85982e18ab9d298f50/execute/async - {"script":"<script> [1562 bytes]","args":[{"selector":{"id":"shellAppTitle"},"wdio_ui5_key":"shellAppTitle"}]}
RESULT: {"script":"<script> [1562 bytes]","args":[{"selector":{"id":"shellAppTitle"},"wdio_ui5_key":"shellAppTitle"}]}
COMMAND: POST /session/97d31cefe963fd85982e18ab9d298f50/execute/async - {"script":"<script> [6424 bytes]","args":[{"element-6066-11e4-a52e-4f735466cecf":"f.4412A7EDC240442CA6AC0A711488565A.d.B9C1B1731D2C9B8D309315490C54DEE0.e.1565"},"getTitle",[]]}
RESULT: {"script":"<script> [6424 bytes]","args":[{"element-6066-11e4-a52e-4f735466cecf":"f.4412A7EDC240442CA6AC0A711488565A.d.B9C1B1731D2C9B8D309315490C54DEE0.e.1565"},"getTitle",[]]}
RESULT: undefined
COMMAND: POST /session/97d31cefe963fd85982e18ab9d298f50/element/f.4412A7EDC240442CA6AC0A711488565A.d.B9C1B1731D2C9B8D309315490C54DEE0.e.1432/click - {}
COMMAND: POST /session/97d31cefe963fd85982e18ab9d298f50/element/f.4412A7EDC240442CA6AC0A711488565A.d.B9C1B1731D2C9B8D309315490C54DEE0.e.1432/click - {}
COMMAND: POST /session/97d31cefe963fd85982e18ab9d298f50/element - {"using":"xpath","value":"//*[@id=\"backBtn\"]"}
COMMAND: POST /session/97d31cefe963fd85982e18ab9d298f50/element - {"using":"xpath","value":"//*[@id=\"backBtn\"]"}
RESULT: {"using":"xpath","value":"//*[@id=\"backBtn\"]"}
COMMAND: POST /session/97d31cefe963fd85982e18ab9d298f50/element/f.4412A7EDC240442CA6AC0A711488565A.d.B9C1B1731D2C9B8D309315490C54DEE0.e.1432/click - {}
RESULT: {"using":"xpath","value":"//*[@id=\"backBtn\"]"}
COMMAND: POST /session/97d31cefe963fd85982e18ab9d298f50/element/f.4412A7EDC240442CA6AC0A711488565A.d.B9C1B1731D2C9B8D309315490C54DEE0.e.1432/click - {}
COMMAND: POST /session/97d31cefe963fd85982e18ab9d298f50/element - {"using":"xpath","value":"//*[@id=\"backBtn\"]"}
COMMAND: POST /session/97d31cefe963fd85982e18ab9d298f50/element - {"using":"xpath","value":"//*[@id=\"backBtn\"]"}
RESULT: {"using":"xpath","value":"//*[@id=\"backBtn\"]"}
COMMAND: POST /session/97d31cefe963fd85982e18ab9d298f50/element/f.4412A7EDC240442CA6AC0A711488565A.d.B9C1B1731D2C9B8D309315490C54DEE0.e.1566/click - {}
RESULT: {"using":"xpath","value":"//*[@id=\"backBtn\"]"}
COMMAND: POST /session/97d31cefe963fd85982e18ab9d298f50/element/f.4412A7EDC240442CA6AC0A711488565A.d.B9C1B1731D2C9B8D309315490C54DEE0.e.1566/click - {}
RESULT: {}
COMMAND: GET /session/97d31cefe963fd85982e18ab9d298f50/screenshot - {}
RESULT: {}
COMMAND: GET /session/97d31cefe963fd85982e18ab9d298f50/screenshot - {}
RESULT: {}
RESULT: {}
]]></system-out>
    </testcase>
    <testcase classname="chrome.136_0_7103_93.windows.Sanity_Tests_US104253" name="Should open Manage Contracts page" time="36.589">
      <system-out><![CDATA[
COMMAND: POST /session/97d31cefe963fd85982e18ab9d298f50/execute/async - {"script":"<script> [1562 bytes]","args":[{"selector":{"controlType":"sap.m.GenericTile","properties":{"header":"Manage Contracts"}},"wdio_ui5_key":"sapm.GenericTile{\"header\":\"Manage Contracts\"}"}]}
RESULT: {"script":"<script> [1562 bytes]","args":[{"selector":{"controlType":"sap.m.GenericTile","properties":{"header":"Manage Contracts"}},"wdio_ui5_key":"sapm.GenericTile{\"header\":\"Manage Contracts\"}"}]}
RESULT: undefined
COMMAND: POST /session/97d31cefe963fd85982e18ab9d298f50/element - {"using":"xpath","value":"//*[@id=\"__tile130\"]"}
RESULT: {"using":"xpath","value":"//*[@id=\"__tile130\"]"}
COMMAND: POST /session/97d31cefe963fd85982e18ab9d298f50/element/f.4412A7EDC240442CA6AC0A711488565A.d.B9C1B1731D2C9B8D309315490C54DEE0.e.1568/click - {}
RESULT: {}
COMMAND: GET /session/97d31cefe963fd85982e18ab9d298f50/screenshot - {}
RESULT: {}
COMMAND: POST /session/97d31cefe963fd85982e18ab9d298f50/elements - {"using":"xpath","value":"//span[text()='Error']"}
RESULT: {"using":"xpath","value":"//span[text()='Error']"}
RESULT: undefined
COMMAND: POST /session/97d31cefe963fd85982e18ab9d298f50/element - {"using":"xpath","value":"//*[@id=\"__tile130\"]"}
RESULT: {"using":"xpath","value":"//*[@id=\"__tile130\"]"}
COMMAND: POST /session/97d31cefe963fd85982e18ab9d298f50/element/f.4412A7EDC240442CA6AC0A711488565A.d.B9C1B1731D2C9B8D309315490C54DEE0.e.1568/click - {}
RESULT: undefined
COMMAND: POST /session/97d31cefe963fd85982e18ab9d298f50/element - {"using":"xpath","value":"//*[@id=\"__tile130\"]"}
RESULT: {"using":"xpath","value":"//*[@id=\"__tile130\"]"}
COMMAND: POST /session/97d31cefe963fd85982e18ab9d298f50/element/f.4412A7EDC240442CA6AC0A711488565A.d.B9C1B1731D2C9B8D309315490C54DEE0.e.1568/click - {}
RESULT: undefined
COMMAND: POST /session/97d31cefe963fd85982e18ab9d298f50/execute/async - {"script":"<script> [6424 bytes]","args":[{"element-6066-11e4-a52e-4f735466cecf":"f.4412A7EDC240442CA6AC0A711488565A.d.B9C1B1731D2C9B8D309315490C54DEE0.e.286"},"getTitle",[]]}
COMMAND: POST /session/97d31cefe963fd85982e18ab9d298f50/execute/async - {"script":"<script> [1562 bytes]","args":[{"selector":{"id":"shellAppTitle"},"wdio_ui5_key":"shellAppTitle"}]}
RESULT: {"script":"<script> [1562 bytes]","args":[{"selector":{"id":"shellAppTitle"},"wdio_ui5_key":"shellAppTitle"}]}
COMMAND: POST /session/97d31cefe963fd85982e18ab9d298f50/execute/async - {"script":"<script> [6424 bytes]","args":[{"element-6066-11e4-a52e-4f735466cecf":"f.4412A7EDC240442CA6AC0A711488565A.d.B9C1B1731D2C9B8D309315490C54DEE0.e.1640"},"getTitle",[]]}
RESULT: {"script":"<script> [6424 bytes]","args":[{"element-6066-11e4-a52e-4f735466cecf":"f.4412A7EDC240442CA6AC0A711488565A.d.B9C1B1731D2C9B8D309315490C54DEE0.e.1640"},"getTitle",[]]}
RESULT: undefined
COMMAND: POST /session/97d31cefe963fd85982e18ab9d298f50/element/f.4412A7EDC240442CA6AC0A711488565A.d.B9C1B1731D2C9B8D309315490C54DEE0.e.1566/click - {}
RESULT: {}
COMMAND: GET /session/97d31cefe963fd85982e18ab9d298f50/screenshot - {}
RESULT: {}
]]></system-out>
    </testcase>
    <testcase classname="chrome.136_0_7103_93.windows.Sanity_Tests_US104253" name="Should open Manage Quotations page" time="36.206">
      <system-out><![CDATA[
COMMAND: POST /session/97d31cefe963fd85982e18ab9d298f50/execute/async - {"script":"<script> [1562 bytes]","args":[{"selector":{"controlType":"sap.m.GenericTile","properties":{"header":"Manage Quotations"}},"wdio_ui5_key":"sapm.GenericTile{\"header\":\"Manage Quotations\"}"}]}
RESULT: {"script":"<script> [1562 bytes]","args":[{"selector":{"controlType":"sap.m.GenericTile","properties":{"header":"Manage Quotations"}},"wdio_ui5_key":"sapm.GenericTile{\"header\":\"Manage Quotations\"}"}]}
RESULT: undefined
COMMAND: POST /session/97d31cefe963fd85982e18ab9d298f50/element - {"using":"xpath","value":"//*[@id=\"__tile133\"]"}
RESULT: {"using":"xpath","value":"//*[@id=\"__tile133\"]"}
COMMAND: POST /session/97d31cefe963fd85982e18ab9d298f50/element/f.4412A7EDC240442CA6AC0A711488565A.d.B9C1B1731D2C9B8D309315490C54DEE0.e.1642/click - {}
RESULT: {}
COMMAND: GET /session/97d31cefe963fd85982e18ab9d298f50/screenshot - {}
RESULT: {}
COMMAND: POST /session/97d31cefe963fd85982e18ab9d298f50/elements - {"using":"xpath","value":"//span[text()='Error']"}
RESULT: {"using":"xpath","value":"//span[text()='Error']"}
RESULT: undefined
COMMAND: POST /session/97d31cefe963fd85982e18ab9d298f50/element - {"using":"xpath","value":"//*[@id=\"__tile133\"]"}
RESULT: {"using":"xpath","value":"//*[@id=\"__tile133\"]"}
COMMAND: POST /session/97d31cefe963fd85982e18ab9d298f50/element/f.4412A7EDC240442CA6AC0A711488565A.d.B9C1B1731D2C9B8D309315490C54DEE0.e.1642/click - {}
RESULT: undefined
COMMAND: POST /session/97d31cefe963fd85982e18ab9d298f50/element - {"using":"xpath","value":"//*[@id=\"__tile133\"]"}
RESULT: {"using":"xpath","value":"//*[@id=\"__tile133\"]"}
COMMAND: POST /session/97d31cefe963fd85982e18ab9d298f50/element/f.4412A7EDC240442CA6AC0A711488565A.d.B9C1B1731D2C9B8D309315490C54DEE0.e.1642/click - {}
RESULT: undefined
COMMAND: POST /session/97d31cefe963fd85982e18ab9d298f50/execute/async - {"script":"<script> [6424 bytes]","args":[{"element-6066-11e4-a52e-4f735466cecf":"f.4412A7EDC240442CA6AC0A711488565A.d.B9C1B1731D2C9B8D309315490C54DEE0.e.286"},"getTitle",[]]}
COMMAND: POST /session/97d31cefe963fd85982e18ab9d298f50/execute/async - {"script":"<script> [1562 bytes]","args":[{"selector":{"id":"shellAppTitle"},"wdio_ui5_key":"shellAppTitle"}]}
RESULT: {"script":"<script> [1562 bytes]","args":[{"selector":{"id":"shellAppTitle"},"wdio_ui5_key":"shellAppTitle"}]}
COMMAND: POST /session/97d31cefe963fd85982e18ab9d298f50/execute/async - {"script":"<script> [6424 bytes]","args":[{"element-6066-11e4-a52e-4f735466cecf":"f.4412A7EDC240442CA6AC0A711488565A.d.B9C1B1731D2C9B8D309315490C54DEE0.e.1716"},"getTitle",[]]}
RESULT: {"script":"<script> [6424 bytes]","args":[{"element-6066-11e4-a52e-4f735466cecf":"f.4412A7EDC240442CA6AC0A711488565A.d.B9C1B1731D2C9B8D309315490C54DEE0.e.1716"},"getTitle",[]]}
RESULT: undefined
COMMAND: POST /session/97d31cefe963fd85982e18ab9d298f50/element/f.4412A7EDC240442CA6AC0A711488565A.d.B9C1B1731D2C9B8D309315490C54DEE0.e.1566/click - {}
COMMAND: POST /session/97d31cefe963fd85982e18ab9d298f50/element - {"using":"xpath","value":"//*[@id=\"backBtn\"]"}
RESULT: {"using":"xpath","value":"//*[@id=\"backBtn\"]"}
COMMAND: POST /session/97d31cefe963fd85982e18ab9d298f50/element/f.4412A7EDC240442CA6AC0A711488565A.d.B9C1B1731D2C9B8D309315490C54DEE0.e.1566/click - {}
COMMAND: POST /session/97d31cefe963fd85982e18ab9d298f50/element - {"using":"xpath","value":"//*[@id=\"backBtn\"]"}
RESULT: {"using":"xpath","value":"//*[@id=\"backBtn\"]"}
COMMAND: POST /session/97d31cefe963fd85982e18ab9d298f50/element/f.4412A7EDC240442CA6AC0A711488565A.d.B9C1B1731D2C9B8D309315490C54DEE0.e.1717/click - {}
RESULT: {}
COMMAND: GET /session/97d31cefe963fd85982e18ab9d298f50/screenshot - {}
RESULT: {}
]]></system-out>
    </testcase>
    <testcase classname="chrome.136_0_7103_93.windows.Sanity_Tests_US104253" name="Should open Manage Handovers page" time="36.367">
      <system-out><![CDATA[
COMMAND: POST /session/97d31cefe963fd85982e18ab9d298f50/execute/async - {"script":"<script> [1562 bytes]","args":[{"selector":{"controlType":"sap.m.GenericTile","properties":{"header":"Manage Handovers"}},"wdio_ui5_key":"sapm.GenericTile{\"header\":\"Manage Handovers\"}"}]}
RESULT: {"script":"<script> [1562 bytes]","args":[{"selector":{"controlType":"sap.m.GenericTile","properties":{"header":"Manage Handovers"}},"wdio_ui5_key":"sapm.GenericTile{\"header\":\"Manage Handovers\"}"}]}
RESULT: undefined
COMMAND: POST /session/97d31cefe963fd85982e18ab9d298f50/element - {"using":"xpath","value":"//*[@id=\"__tile131\"]"}
RESULT: {"using":"xpath","value":"//*[@id=\"__tile131\"]"}
COMMAND: POST /session/97d31cefe963fd85982e18ab9d298f50/element/f.4412A7EDC240442CA6AC0A711488565A.d.B9C1B1731D2C9B8D309315490C54DEE0.e.1719/click - {}
RESULT: {}
COMMAND: GET /session/97d31cefe963fd85982e18ab9d298f50/screenshot - {}
RESULT: {}
COMMAND: POST /session/97d31cefe963fd85982e18ab9d298f50/elements - {"using":"xpath","value":"//span[text()='Error']"}
RESULT: {"using":"xpath","value":"//span[text()='Error']"}
RESULT: undefined
COMMAND: POST /session/97d31cefe963fd85982e18ab9d298f50/element - {"using":"xpath","value":"//*[@id=\"__tile131\"]"}
RESULT: {"using":"xpath","value":"//*[@id=\"__tile131\"]"}
COMMAND: POST /session/97d31cefe963fd85982e18ab9d298f50/element/f.4412A7EDC240442CA6AC0A711488565A.d.B9C1B1731D2C9B8D309315490C54DEE0.e.1719/click - {}
RESULT: undefined
COMMAND: POST /session/97d31cefe963fd85982e18ab9d298f50/element - {"using":"xpath","value":"//*[@id=\"__tile131\"]"}
RESULT: {"using":"xpath","value":"//*[@id=\"__tile131\"]"}
COMMAND: POST /session/97d31cefe963fd85982e18ab9d298f50/element/f.4412A7EDC240442CA6AC0A711488565A.d.B9C1B1731D2C9B8D309315490C54DEE0.e.1719/click - {}
RESULT: undefined
COMMAND: POST /session/97d31cefe963fd85982e18ab9d298f50/execute/async - {"script":"<script> [6424 bytes]","args":[{"element-6066-11e4-a52e-4f735466cecf":"f.4412A7EDC240442CA6AC0A711488565A.d.B9C1B1731D2C9B8D309315490C54DEE0.e.286"},"getTitle",[]]}
COMMAND: POST /session/97d31cefe963fd85982e18ab9d298f50/execute/async - {"script":"<script> [1562 bytes]","args":[{"selector":{"id":"shellAppTitle"},"wdio_ui5_key":"shellAppTitle"}]}
RESULT: {"script":"<script> [1562 bytes]","args":[{"selector":{"id":"shellAppTitle"},"wdio_ui5_key":"shellAppTitle"}]}
COMMAND: POST /session/97d31cefe963fd85982e18ab9d298f50/execute/async - {"script":"<script> [6424 bytes]","args":[{"element-6066-11e4-a52e-4f735466cecf":"f.4412A7EDC240442CA6AC0A711488565A.d.B9C1B1731D2C9B8D309315490C54DEE0.e.1819"},"getTitle",[]]}
RESULT: {"script":"<script> [6424 bytes]","args":[{"element-6066-11e4-a52e-4f735466cecf":"f.4412A7EDC240442CA6AC0A711488565A.d.B9C1B1731D2C9B8D309315490C54DEE0.e.1819"},"getTitle",[]]}
RESULT: undefined
COMMAND: POST /session/97d31cefe963fd85982e18ab9d298f50/element/f.4412A7EDC240442CA6AC0A711488565A.d.B9C1B1731D2C9B8D309315490C54DEE0.e.1717/click - {}
RESULT: {}
COMMAND: GET /session/97d31cefe963fd85982e18ab9d298f50/screenshot - {}
RESULT: {}
]]></system-out>
    </testcase>
    <testcase classname="chrome.136_0_7103_93.windows.Sanity_Tests_US104253" name="Should open Delivery Monitor page" time="36.514">
      <system-out><![CDATA[
COMMAND: POST /session/97d31cefe963fd85982e18ab9d298f50/execute/async - {"script":"<script> [1562 bytes]","args":[{"selector":{"controlType":"sap.m.GenericTile","properties":{"header":"Delivery Monitor"}},"wdio_ui5_key":"sapm.GenericTile{\"header\":\"Delivery Monitor\"}"}]}
RESULT: {"script":"<script> [1562 bytes]","args":[{"selector":{"controlType":"sap.m.GenericTile","properties":{"header":"Delivery Monitor"}},"wdio_ui5_key":"sapm.GenericTile{\"header\":\"Delivery Monitor\"}"}]}
RESULT: undefined
COMMAND: POST /session/97d31cefe963fd85982e18ab9d298f50/element - {"using":"xpath","value":"//*[@id=\"__tile43\"]"}
RESULT: {"using":"xpath","value":"//*[@id=\"__tile43\"]"}
COMMAND: POST /session/97d31cefe963fd85982e18ab9d298f50/element/f.4412A7EDC240442CA6AC0A711488565A.d.B9C1B1731D2C9B8D309315490C54DEE0.e.1821/click - {}
RESULT: {}
COMMAND: GET /session/97d31cefe963fd85982e18ab9d298f50/screenshot - {}
RESULT: {}
COMMAND: POST /session/97d31cefe963fd85982e18ab9d298f50/elements - {"using":"xpath","value":"//span[text()='Error']"}
RESULT: {"using":"xpath","value":"//span[text()='Error']"}
RESULT: undefined
COMMAND: POST /session/97d31cefe963fd85982e18ab9d298f50/element - {"using":"xpath","value":"//*[@id=\"__tile43\"]"}
RESULT: {"using":"xpath","value":"//*[@id=\"__tile43\"]"}
COMMAND: POST /session/97d31cefe963fd85982e18ab9d298f50/element/f.4412A7EDC240442CA6AC0A711488565A.d.B9C1B1731D2C9B8D309315490C54DEE0.e.1821/click - {}
RESULT: undefined
COMMAND: POST /session/97d31cefe963fd85982e18ab9d298f50/element - {"using":"xpath","value":"//*[@id=\"__tile43\"]"}
RESULT: {"using":"xpath","value":"//*[@id=\"__tile43\"]"}
COMMAND: POST /session/97d31cefe963fd85982e18ab9d298f50/element/f.4412A7EDC240442CA6AC0A711488565A.d.B9C1B1731D2C9B8D309315490C54DEE0.e.1821/click - {}
RESULT: undefined
COMMAND: POST /session/97d31cefe963fd85982e18ab9d298f50/execute/async - {"script":"<script> [6424 bytes]","args":[{"element-6066-11e4-a52e-4f735466cecf":"f.4412A7EDC240442CA6AC0A711488565A.d.B9C1B1731D2C9B8D309315490C54DEE0.e.286"},"getTitle",[]]}
COMMAND: POST /session/97d31cefe963fd85982e18ab9d298f50/execute/async - {"script":"<script> [1562 bytes]","args":[{"selector":{"id":"shellAppTitle"},"wdio_ui5_key":"shellAppTitle"}]}
RESULT: {"script":"<script> [1562 bytes]","args":[{"selector":{"id":"shellAppTitle"},"wdio_ui5_key":"shellAppTitle"}]}
COMMAND: POST /session/97d31cefe963fd85982e18ab9d298f50/execute/async - {"script":"<script> [6424 bytes]","args":[{"element-6066-11e4-a52e-4f735466cecf":"f.4412A7EDC240442CA6AC0A711488565A.d.B9C1B1731D2C9B8D309315490C54DEE0.e.1913"},"getTitle",[]]}
RESULT: {"script":"<script> [6424 bytes]","args":[{"element-6066-11e4-a52e-4f735466cecf":"f.4412A7EDC240442CA6AC0A711488565A.d.B9C1B1731D2C9B8D309315490C54DEE0.e.1913"},"getTitle",[]]}
RESULT: undefined
COMMAND: POST /session/97d31cefe963fd85982e18ab9d298f50/element/f.4412A7EDC240442CA6AC0A711488565A.d.B9C1B1731D2C9B8D309315490C54DEE0.e.1717/click - {}
COMMAND: POST /session/97d31cefe963fd85982e18ab9d298f50/element - {"using":"xpath","value":"//*[@id=\"backBtn\"]"}
RESULT: {"using":"xpath","value":"//*[@id=\"backBtn\"]"}
COMMAND: POST /session/97d31cefe963fd85982e18ab9d298f50/element/f.4412A7EDC240442CA6AC0A711488565A.d.B9C1B1731D2C9B8D309315490C54DEE0.e.1717/click - {}
COMMAND: POST /session/97d31cefe963fd85982e18ab9d298f50/element - {"using":"xpath","value":"//*[@id=\"backBtn\"]"}
RESULT: {"using":"xpath","value":"//*[@id=\"backBtn\"]"}
COMMAND: POST /session/97d31cefe963fd85982e18ab9d298f50/element/f.4412A7EDC240442CA6AC0A711488565A.d.B9C1B1731D2C9B8D309315490C54DEE0.e.1914/click - {}
RESULT: {}
COMMAND: GET /session/97d31cefe963fd85982e18ab9d298f50/screenshot - {}
RESULT: {}
]]></system-out>
    </testcase>
    <testcase classname="chrome.136_0_7103_93.windows.Sanity_Tests_US104253" name="Should open Manage Calendar Exceptions page" time="35.887">
      <system-out><![CDATA[
COMMAND: POST /session/97d31cefe963fd85982e18ab9d298f50/execute/async - {"script":"<script> [1562 bytes]","args":[{"selector":{"controlType":"sap.m.GenericTile","properties":{"header":"Manage Calendar Exceptions"}},"wdio_ui5_key":"sapm.GenericTile{\"header\":\"Manage Calendar Exceptions\"}"}]}
RESULT: {"script":"<script> [1562 bytes]","args":[{"selector":{"controlType":"sap.m.GenericTile","properties":{"header":"Manage Calendar Exceptions"}},"wdio_ui5_key":"sapm.GenericTile{\"header\":\"Manage Calendar Exceptions\"}"}]}
RESULT: undefined
COMMAND: POST /session/97d31cefe963fd85982e18ab9d298f50/element - {"using":"xpath","value":"//*[@id=\"__tile52\"]"}
RESULT: {"using":"xpath","value":"//*[@id=\"__tile52\"]"}
COMMAND: POST /session/97d31cefe963fd85982e18ab9d298f50/element/f.4412A7EDC240442CA6AC0A711488565A.d.B9C1B1731D2C9B8D309315490C54DEE0.e.1916/click - {}
RESULT: {}
COMMAND: GET /session/97d31cefe963fd85982e18ab9d298f50/screenshot - {}
RESULT: {}
COMMAND: POST /session/97d31cefe963fd85982e18ab9d298f50/elements - {"using":"xpath","value":"//span[text()='Error']"}
RESULT: {"using":"xpath","value":"//span[text()='Error']"}
RESULT: undefined
COMMAND: POST /session/97d31cefe963fd85982e18ab9d298f50/element - {"using":"xpath","value":"//*[@id=\"__tile52\"]"}
RESULT: {"using":"xpath","value":"//*[@id=\"__tile52\"]"}
COMMAND: POST /session/97d31cefe963fd85982e18ab9d298f50/element/f.4412A7EDC240442CA6AC0A711488565A.d.B9C1B1731D2C9B8D309315490C54DEE0.e.1916/click - {}
RESULT: undefined
COMMAND: POST /session/97d31cefe963fd85982e18ab9d298f50/element - {"using":"xpath","value":"//*[@id=\"__tile52\"]"}
RESULT: {"using":"xpath","value":"//*[@id=\"__tile52\"]"}
COMMAND: POST /session/97d31cefe963fd85982e18ab9d298f50/element/f.4412A7EDC240442CA6AC0A711488565A.d.B9C1B1731D2C9B8D309315490C54DEE0.e.1916/click - {}
RESULT: undefined
COMMAND: POST /session/97d31cefe963fd85982e18ab9d298f50/execute/async - {"script":"<script> [6424 bytes]","args":[{"element-6066-11e4-a52e-4f735466cecf":"f.4412A7EDC240442CA6AC0A711488565A.d.B9C1B1731D2C9B8D309315490C54DEE0.e.286"},"getTitle",[]]}
COMMAND: POST /session/97d31cefe963fd85982e18ab9d298f50/execute/async - {"script":"<script> [1562 bytes]","args":[{"selector":{"id":"shellAppTitle"},"wdio_ui5_key":"shellAppTitle"}]}
RESULT: {"script":"<script> [1562 bytes]","args":[{"selector":{"id":"shellAppTitle"},"wdio_ui5_key":"shellAppTitle"}]}
COMMAND: POST /session/97d31cefe963fd85982e18ab9d298f50/execute/async - {"script":"<script> [6424 bytes]","args":[{"element-6066-11e4-a52e-4f735466cecf":"f.4412A7EDC240442CA6AC0A711488565A.d.B9C1B1731D2C9B8D309315490C54DEE0.e.1972"},"getTitle",[]]}
RESULT: {"script":"<script> [6424 bytes]","args":[{"element-6066-11e4-a52e-4f735466cecf":"f.4412A7EDC240442CA6AC0A711488565A.d.B9C1B1731D2C9B8D309315490C54DEE0.e.1972"},"getTitle",[]]}
RESULT: undefined
COMMAND: POST /session/97d31cefe963fd85982e18ab9d298f50/element/f.4412A7EDC240442CA6AC0A711488565A.d.B9C1B1731D2C9B8D309315490C54DEE0.e.1914/click - {}
RESULT: {}
COMMAND: GET /session/97d31cefe963fd85982e18ab9d298f50/screenshot - {}
RESULT: {}
]]></system-out>
    </testcase>
    <testcase classname="chrome.136_0_7103_93.windows.Sanity_Tests_US104253" name="Should open Manage States Performance page" time="36.4">
      <system-out><![CDATA[
COMMAND: POST /session/97d31cefe963fd85982e18ab9d298f50/execute/async - {"script":"<script> [1562 bytes]","args":[{"selector":{"controlType":"sap.m.GenericTile","properties":{"header":"Manage States & Performance"}},"wdio_ui5_key":"sapm.GenericTile{\"header\":\"Manage States & Performance\"}"}]}
RESULT: {"script":"<script> [1562 bytes]","args":[{"selector":{"controlType":"sap.m.GenericTile","properties":{"header":"Manage States & Performance"}},"wdio_ui5_key":"sapm.GenericTile{\"header\":\"Manage States & Performance\"}"}]}
RESULT: undefined
COMMAND: POST /session/97d31cefe963fd85982e18ab9d298f50/element - {"using":"xpath","value":"//*[@id=\"__tile56\"]"}
RESULT: {"using":"xpath","value":"//*[@id=\"__tile56\"]"}
COMMAND: POST /session/97d31cefe963fd85982e18ab9d298f50/element/f.4412A7EDC240442CA6AC0A711488565A.d.B9C1B1731D2C9B8D309315490C54DEE0.e.1976/click - {}
RESULT: {}
COMMAND: GET /session/97d31cefe963fd85982e18ab9d298f50/screenshot - {}
RESULT: {}
COMMAND: POST /session/97d31cefe963fd85982e18ab9d298f50/elements - {"using":"xpath","value":"//span[text()='Error']"}
RESULT: {"using":"xpath","value":"//span[text()='Error']"}
RESULT: undefined
COMMAND: POST /session/97d31cefe963fd85982e18ab9d298f50/element - {"using":"xpath","value":"//*[@id=\"__tile56\"]"}
RESULT: {"using":"xpath","value":"//*[@id=\"__tile56\"]"}
COMMAND: POST /session/97d31cefe963fd85982e18ab9d298f50/element/f.4412A7EDC240442CA6AC0A711488565A.d.B9C1B1731D2C9B8D309315490C54DEE0.e.1976/click - {}
RESULT: undefined
COMMAND: POST /session/97d31cefe963fd85982e18ab9d298f50/element - {"using":"xpath","value":"//*[@id=\"__tile56\"]"}
RESULT: {"using":"xpath","value":"//*[@id=\"__tile56\"]"}
COMMAND: POST /session/97d31cefe963fd85982e18ab9d298f50/element/f.4412A7EDC240442CA6AC0A711488565A.d.B9C1B1731D2C9B8D309315490C54DEE0.e.1976/click - {}
RESULT: undefined
COMMAND: POST /session/97d31cefe963fd85982e18ab9d298f50/execute/async - {"script":"<script> [6424 bytes]","args":[{"element-6066-11e4-a52e-4f735466cecf":"f.4412A7EDC240442CA6AC0A711488565A.d.B9C1B1731D2C9B8D309315490C54DEE0.e.286"},"getTitle",[]]}
COMMAND: POST /session/97d31cefe963fd85982e18ab9d298f50/execute/async - {"script":"<script> [1562 bytes]","args":[{"selector":{"id":"shellAppTitle"},"wdio_ui5_key":"shellAppTitle"}]}
RESULT: {"script":"<script> [1562 bytes]","args":[{"selector":{"id":"shellAppTitle"},"wdio_ui5_key":"shellAppTitle"}]}
COMMAND: POST /session/97d31cefe963fd85982e18ab9d298f50/execute/async - {"script":"<script> [6424 bytes]","args":[{"element-6066-11e4-a52e-4f735466cecf":"f.4412A7EDC240442CA6AC0A711488565A.d.B9C1B1731D2C9B8D309315490C54DEE0.e.2073"},"getTitle",[]]}
RESULT: {"script":"<script> [6424 bytes]","args":[{"element-6066-11e4-a52e-4f735466cecf":"f.4412A7EDC240442CA6AC0A711488565A.d.B9C1B1731D2C9B8D309315490C54DEE0.e.2073"},"getTitle",[]]}
RESULT: undefined
COMMAND: POST /session/97d31cefe963fd85982e18ab9d298f50/element/f.4412A7EDC240442CA6AC0A711488565A.d.B9C1B1731D2C9B8D309315490C54DEE0.e.1914/click - {}
COMMAND: POST /session/97d31cefe963fd85982e18ab9d298f50/element - {"using":"xpath","value":"//*[@id=\"backBtn\"]"}
RESULT: {"using":"xpath","value":"//*[@id=\"backBtn\"]"}
COMMAND: POST /session/97d31cefe963fd85982e18ab9d298f50/element/f.4412A7EDC240442CA6AC0A711488565A.d.B9C1B1731D2C9B8D309315490C54DEE0.e.1914/click - {}
COMMAND: POST /session/97d31cefe963fd85982e18ab9d298f50/element - {"using":"xpath","value":"//*[@id=\"backBtn\"]"}
RESULT: {"using":"xpath","value":"//*[@id=\"backBtn\"]"}
COMMAND: POST /session/97d31cefe963fd85982e18ab9d298f50/element/f.4412A7EDC240442CA6AC0A711488565A.d.B9C1B1731D2C9B8D309315490C54DEE0.e.2074/click - {}
RESULT: {}
COMMAND: GET /session/97d31cefe963fd85982e18ab9d298f50/screenshot - {}
RESULT: {}
]]></system-out>
    </testcase>
    <testcase classname="chrome.136_0_7103_93.windows.Sanity_Tests_US104253" name="Should open Manage Billings page" time="45.522">
      <system-out><![CDATA[
COMMAND: POST /session/97d31cefe963fd85982e18ab9d298f50/execute/async - {"script":"<script> [1562 bytes]","args":[{"selector":{"controlType":"sap.m.GenericTile","properties":{"header":"Manage Billings"}},"wdio_ui5_key":"sapm.GenericTile{\"header\":\"Manage Billings\"}"}]}
RESULT: {"script":"<script> [1562 bytes]","args":[{"selector":{"controlType":"sap.m.GenericTile","properties":{"header":"Manage Billings"}},"wdio_ui5_key":"sapm.GenericTile{\"header\":\"Manage Billings\"}"}]}
RESULT: undefined
COMMAND: POST /session/97d31cefe963fd85982e18ab9d298f50/element - {"using":"xpath","value":"//*[@id=\"__tile51\"]"}
RESULT: {"using":"xpath","value":"//*[@id=\"__tile51\"]"}
COMMAND: POST /session/97d31cefe963fd85982e18ab9d298f50/element/f.4412A7EDC240442CA6AC0A711488565A.d.B9C1B1731D2C9B8D309315490C54DEE0.e.2076/click - {}
RESULT: {}
COMMAND: GET /session/97d31cefe963fd85982e18ab9d298f50/screenshot - {}
RESULT: {}
COMMAND: POST /session/97d31cefe963fd85982e18ab9d298f50/elements - {"using":"xpath","value":"//span[text()='Error']"}
RESULT: {"using":"xpath","value":"//span[text()='Error']"}
RESULT: undefined
COMMAND: POST /session/97d31cefe963fd85982e18ab9d298f50/element - {"using":"xpath","value":"//*[@id=\"__tile51\"]"}
RESULT: {"using":"xpath","value":"//*[@id=\"__tile51\"]"}
COMMAND: POST /session/97d31cefe963fd85982e18ab9d298f50/element/f.4412A7EDC240442CA6AC0A711488565A.d.B9C1B1731D2C9B8D309315490C54DEE0.e.2076/click - {}
RESULT: undefined
COMMAND: POST /session/97d31cefe963fd85982e18ab9d298f50/element - {"using":"xpath","value":"//*[@id=\"__tile51\"]"}
RESULT: {"using":"xpath","value":"//*[@id=\"__tile51\"]"}
COMMAND: POST /session/97d31cefe963fd85982e18ab9d298f50/element/f.4412A7EDC240442CA6AC0A711488565A.d.B9C1B1731D2C9B8D309315490C54DEE0.e.2076/click - {}
RESULT: undefined
COMMAND: POST /session/97d31cefe963fd85982e18ab9d298f50/execute/async - {"script":"<script> [6424 bytes]","args":[{"element-6066-11e4-a52e-4f735466cecf":"f.4412A7EDC240442CA6AC0A711488565A.d.B9C1B1731D2C9B8D309315490C54DEE0.e.286"},"getTitle",[]]}
COMMAND: POST /session/97d31cefe963fd85982e18ab9d298f50/execute/async - {"script":"<script> [1562 bytes]","args":[{"selector":{"id":"shellAppTitle"},"wdio_ui5_key":"shellAppTitle"}]}
RESULT: {"script":"<script> [1562 bytes]","args":[{"selector":{"id":"shellAppTitle"},"wdio_ui5_key":"shellAppTitle"}]}
COMMAND: POST /session/97d31cefe963fd85982e18ab9d298f50/execute/async - {"script":"<script> [6424 bytes]","args":[{"element-6066-11e4-a52e-4f735466cecf":"f.4412A7EDC240442CA6AC0A711488565A.d.B9C1B1731D2C9B8D309315490C54DEE0.e.2308"},"getTitle",[]]}
RESULT: {"script":"<script> [6424 bytes]","args":[{"element-6066-11e4-a52e-4f735466cecf":"f.4412A7EDC240442CA6AC0A711488565A.d.B9C1B1731D2C9B8D309315490C54DEE0.e.2308"},"getTitle",[]]}
RESULT: undefined
COMMAND: POST /session/97d31cefe963fd85982e18ab9d298f50/element/f.4412A7EDC240442CA6AC0A711488565A.d.B9C1B1731D2C9B8D309315490C54DEE0.e.2074/click - {}
COMMAND: POST /session/97d31cefe963fd85982e18ab9d298f50/element/f.4412A7EDC240442CA6AC0A711488565A.d.B9C1B1731D2C9B8D309315490C54DEE0.e.2074/click - {}
RESULT: {}
COMMAND: GET /session/97d31cefe963fd85982e18ab9d298f50/screenshot - {}
COMMAND: POST /session/97d31cefe963fd85982e18ab9d298f50/element - {"using":"xpath","value":"//*[@id=\"backBtn\"]"}
RESULT: {}
RESULT: {"using":"xpath","value":"//*[@id=\"backBtn\"]"}
COMMAND: POST /session/97d31cefe963fd85982e18ab9d298f50/elements - {"using":"xpath","value":"//*[@id=\"backBtn\"]"}
RESULT: {"using":"xpath","value":"//*[@id=\"backBtn\"]"}
COMMAND: POST /session/97d31cefe963fd85982e18ab9d298f50/elements - {"using":"xpath","value":"//*[@id=\"backBtn\"]"}
RESULT: {"using":"xpath","value":"//*[@id=\"backBtn\"]"}
COMMAND: POST /session/97d31cefe963fd85982e18ab9d298f50/elements - {"using":"xpath","value":"//*[@id=\"backBtn\"]"}
RESULT: {"using":"xpath","value":"//*[@id=\"backBtn\"]"}
COMMAND: POST /session/97d31cefe963fd85982e18ab9d298f50/elements - {"using":"xpath","value":"//*[@id=\"backBtn\"]"}
RESULT: {"using":"xpath","value":"//*[@id=\"backBtn\"]"}
COMMAND: POST /session/97d31cefe963fd85982e18ab9d298f50/elements - {"using":"xpath","value":"//*[@id=\"backBtn\"]"}
RESULT: {"using":"xpath","value":"//*[@id=\"backBtn\"]"}
COMMAND: POST /session/97d31cefe963fd85982e18ab9d298f50/elements - {"using":"xpath","value":"//*[@id=\"backBtn\"]"}
RESULT: {"using":"xpath","value":"//*[@id=\"backBtn\"]"}
COMMAND: POST /session/97d31cefe963fd85982e18ab9d298f50/elements - {"using":"xpath","value":"//*[@id=\"backBtn\"]"}
RESULT: {"using":"xpath","value":"//*[@id=\"backBtn\"]"}
COMMAND: POST /session/97d31cefe963fd85982e18ab9d298f50/elements - {"using":"xpath","value":"//*[@id=\"backBtn\"]"}
RESULT: {"using":"xpath","value":"//*[@id=\"backBtn\"]"}
COMMAND: POST /session/97d31cefe963fd85982e18ab9d298f50/elements - {"using":"xpath","value":"//*[@id=\"backBtn\"]"}
RESULT: {"using":"xpath","value":"//*[@id=\"backBtn\"]"}
COMMAND: POST /session/97d31cefe963fd85982e18ab9d298f50/elements - {"using":"xpath","value":"//*[@id=\"backBtn\"]"}
RESULT: {"using":"xpath","value":"//*[@id=\"backBtn\"]"}
COMMAND: POST /session/97d31cefe963fd85982e18ab9d298f50/elements - {"using":"xpath","value":"//*[@id=\"backBtn\"]"}
RESULT: {"using":"xpath","value":"//*[@id=\"backBtn\"]"}
COMMAND: POST /session/97d31cefe963fd85982e18ab9d298f50/elements - {"using":"xpath","value":"//*[@id=\"backBtn\"]"}
RESULT: {"using":"xpath","value":"//*[@id=\"backBtn\"]"}
COMMAND: POST /session/97d31cefe963fd85982e18ab9d298f50/elements - {"using":"xpath","value":"//*[@id=\"backBtn\"]"}
RESULT: {"using":"xpath","value":"//*[@id=\"backBtn\"]"}
COMMAND: POST /session/97d31cefe963fd85982e18ab9d298f50/elements - {"using":"xpath","value":"//*[@id=\"backBtn\"]"}
RESULT: {"using":"xpath","value":"//*[@id=\"backBtn\"]"}
COMMAND: POST /session/97d31cefe963fd85982e18ab9d298f50/elements - {"using":"xpath","value":"//*[@id=\"backBtn\"]"}
RESULT: {"using":"xpath","value":"//*[@id=\"backBtn\"]"}
COMMAND: POST /session/97d31cefe963fd85982e18ab9d298f50/elements - {"using":"xpath","value":"//*[@id=\"backBtn\"]"}
RESULT: {"using":"xpath","value":"//*[@id=\"backBtn\"]"}
COMMAND: POST /session/97d31cefe963fd85982e18ab9d298f50/elements - {"using":"xpath","value":"//*[@id=\"backBtn\"]"}
RESULT: {"using":"xpath","value":"//*[@id=\"backBtn\"]"}
COMMAND: POST /session/97d31cefe963fd85982e18ab9d298f50/elements - {"using":"xpath","value":"//*[@id=\"backBtn\"]"}
RESULT: {"using":"xpath","value":"//*[@id=\"backBtn\"]"}
COMMAND: POST /session/97d31cefe963fd85982e18ab9d298f50/elements - {"using":"xpath","value":"//*[@id=\"backBtn\"]"}
]]></system-out>
    </testcase>
    <testcase classname="chrome.136_0_7103_93.windows.Sanity_Tests_US104253" name="Should open Manage Conditions Prices page" time="49.35">
      <system-out><![CDATA[
COMMAND: POST /session/97d31cefe963fd85982e18ab9d298f50/execute/async - {"script":"<script> [1562 bytes]","args":[{"selector":{"controlType":"sap.m.GenericTile","properties":{"header":"Manage Conditions & Prices"}},"wdio_ui5_key":"sapm.GenericTile{\"header\":\"Manage Conditions & Prices\"}"}]}
RESULT: {"using":"xpath","value":"//*[@id=\"backBtn\"]"}
COMMAND: POST /session/97d31cefe963fd85982e18ab9d298f50/elements - {"using":"xpath","value":"//*[@id=\"backBtn\"]"}
RESULT: {"script":"<script> [1562 bytes]","args":[{"selector":{"controlType":"sap.m.GenericTile","properties":{"header":"Manage Conditions & Prices"}},"wdio_ui5_key":"sapm.GenericTile{\"header\":\"Manage Conditions & Prices\"}"}]}
RESULT: undefined
COMMAND: POST /session/97d31cefe963fd85982e18ab9d298f50/element - {"using":"xpath","value":"//*[@id=\"__tile53\"]"}
RESULT: {"using":"xpath","value":"//*[@id=\"backBtn\"]"}
RESULT: {"using":"xpath","value":"//*[@id=\"__tile53\"]"}
COMMAND: POST /session/97d31cefe963fd85982e18ab9d298f50/element/f.4412A7EDC240442CA6AC0A711488565A.d.B9C1B1731D2C9B8D309315490C54DEE0.e.2310/click - {}
RESULT: {}
COMMAND: GET /session/97d31cefe963fd85982e18ab9d298f50/screenshot - {}
RESULT: {}
COMMAND: POST /session/97d31cefe963fd85982e18ab9d298f50/elements - {"using":"xpath","value":"//*[@id=\"backBtn\"]"}
RESULT: {"using":"xpath","value":"//*[@id=\"backBtn\"]"}
COMMAND: POST /session/97d31cefe963fd85982e18ab9d298f50/elements - {"using":"xpath","value":"//*[@id=\"backBtn\"]"}
RESULT: {"using":"xpath","value":"//*[@id=\"backBtn\"]"}
COMMAND: POST /session/97d31cefe963fd85982e18ab9d298f50/elements - {"using":"xpath","value":"//*[@id=\"backBtn\"]"}
RESULT: {"using":"xpath","value":"//*[@id=\"backBtn\"]"}
COMMAND: POST /session/97d31cefe963fd85982e18ab9d298f50/element - {"using":"xpath","value":"//*[@id=\"backBtn\"]"}
RESULT: {"using":"xpath","value":"//*[@id=\"backBtn\"]"}
COMMAND: POST /session/97d31cefe963fd85982e18ab9d298f50/element/f.4412A7EDC240442CA6AC0A711488565A.d.B9C1B1731D2C9B8D309315490C54DEE0.e.2074/click - {}
COMMAND: POST /session/97d31cefe963fd85982e18ab9d298f50/element - {"using":"xpath","value":"//*[@id=\"backBtn\"]"}
RESULT: {"using":"xpath","value":"//*[@id=\"backBtn\"]"}
COMMAND: POST /session/97d31cefe963fd85982e18ab9d298f50/element/f.4412A7EDC240442CA6AC0A711488565A.d.B9C1B1731D2C9B8D309315490C54DEE0.e.2313/click - {}
RESULT: {}
COMMAND: GET /session/97d31cefe963fd85982e18ab9d298f50/screenshot - {}
RESULT: {}
COMMAND: POST /session/97d31cefe963fd85982e18ab9d298f50/elements - {"using":"xpath","value":"//span[text()='Error']"}
RESULT: {"using":"xpath","value":"//span[text()='Error']"}
RESULT: undefined
COMMAND: POST /session/97d31cefe963fd85982e18ab9d298f50/element - {"using":"xpath","value":"//*[@id=\"__tile53\"]"}
RESULT: {"using":"xpath","value":"//*[@id=\"__tile53\"]"}
COMMAND: POST /session/97d31cefe963fd85982e18ab9d298f50/element/f.4412A7EDC240442CA6AC0A711488565A.d.B9C1B1731D2C9B8D309315490C54DEE0.e.2310/click - {}
RESULT: {}
RESULT: undefined
COMMAND: POST /session/97d31cefe963fd85982e18ab9d298f50/element - {"using":"xpath","value":"//*[@id=\"__tile53\"]"}
COMMAND: GET /session/97d31cefe963fd85982e18ab9d298f50/screenshot - {}
RESULT: {"using":"xpath","value":"//*[@id=\"__tile53\"]"}
COMMAND: POST /session/97d31cefe963fd85982e18ab9d298f50/element/f.4412A7EDC240442CA6AC0A711488565A.d.B9C1B1731D2C9B8D309315490C54DEE0.e.2310/click - {}
RESULT: {}
RESULT: undefined
COMMAND: POST /session/97d31cefe963fd85982e18ab9d298f50/execute/async - {"script":"<script> [6424 bytes]","args":[{"element-6066-11e4-a52e-4f735466cecf":"f.4412A7EDC240442CA6AC0A711488565A.d.B9C1B1731D2C9B8D309315490C54DEE0.e.286"},"getTitle",[]]}
COMMAND: POST /session/97d31cefe963fd85982e18ab9d298f50/execute/async - {"script":"<script> [1562 bytes]","args":[{"selector":{"id":"shellAppTitle"},"wdio_ui5_key":"shellAppTitle"}]}
RESULT: {"script":"<script> [1562 bytes]","args":[{"selector":{"id":"shellAppTitle"},"wdio_ui5_key":"shellAppTitle"}]}
COMMAND: POST /session/97d31cefe963fd85982e18ab9d298f50/execute/async - {"script":"<script> [6424 bytes]","args":[{"element-6066-11e4-a52e-4f735466cecf":"f.4412A7EDC240442CA6AC0A711488565A.d.B9C1B1731D2C9B8D309315490C54DEE0.e.2781"},"getTitle",[]]}
RESULT: {"script":"<script> [6424 bytes]","args":[{"element-6066-11e4-a52e-4f735466cecf":"f.4412A7EDC240442CA6AC0A711488565A.d.B9C1B1731D2C9B8D309315490C54DEE0.e.2781"},"getTitle",[]]}
RESULT: undefined
COMMAND: POST /session/97d31cefe963fd85982e18ab9d298f50/element/f.4412A7EDC240442CA6AC0A711488565A.d.B9C1B1731D2C9B8D309315490C54DEE0.e.2313/click - {}
RESULT: {}
COMMAND: GET /session/97d31cefe963fd85982e18ab9d298f50/screenshot - {}
RESULT: {}
]]></system-out>
    </testcase>
    <testcase classname="chrome.136_0_7103_93.windows.Sanity_Tests_US104253" name="Should open Billing Transfer page" time="35.914">
      <system-out><![CDATA[
COMMAND: POST /session/97d31cefe963fd85982e18ab9d298f50/execute/async - {"script":"<script> [1562 bytes]","args":[{"selector":{"controlType":"sap.m.GenericTile","properties":{"header":"Billing Transfer"}},"wdio_ui5_key":"sapm.GenericTile{\"header\":\"Billing Transfer\"}"}]}
RESULT: {"script":"<script> [1562 bytes]","args":[{"selector":{"controlType":"sap.m.GenericTile","properties":{"header":"Billing Transfer"}},"wdio_ui5_key":"sapm.GenericTile{\"header\":\"Billing Transfer\"}"}]}
RESULT: undefined
COMMAND: POST /session/97d31cefe963fd85982e18ab9d298f50/element - {"using":"xpath","value":"//*[@id=\"__tile50\"]"}
RESULT: {"using":"xpath","value":"//*[@id=\"__tile50\"]"}
COMMAND: POST /session/97d31cefe963fd85982e18ab9d298f50/element/f.4412A7EDC240442CA6AC0A711488565A.d.B9C1B1731D2C9B8D309315490C54DEE0.e.2783/click - {}
RESULT: {}
COMMAND: GET /session/97d31cefe963fd85982e18ab9d298f50/screenshot - {}
RESULT: {}
COMMAND: POST /session/97d31cefe963fd85982e18ab9d298f50/elements - {"using":"xpath","value":"//span[text()='Error']"}
RESULT: {"using":"xpath","value":"//span[text()='Error']"}
RESULT: undefined
COMMAND: POST /session/97d31cefe963fd85982e18ab9d298f50/element - {"using":"xpath","value":"//*[@id=\"__tile50\"]"}
RESULT: {"using":"xpath","value":"//*[@id=\"__tile50\"]"}
COMMAND: POST /session/97d31cefe963fd85982e18ab9d298f50/element/f.4412A7EDC240442CA6AC0A711488565A.d.B9C1B1731D2C9B8D309315490C54DEE0.e.2783/click - {}
RESULT: undefined
COMMAND: POST /session/97d31cefe963fd85982e18ab9d298f50/element - {"using":"xpath","value":"//*[@id=\"__tile50\"]"}
RESULT: {"using":"xpath","value":"//*[@id=\"__tile50\"]"}
COMMAND: POST /session/97d31cefe963fd85982e18ab9d298f50/element/f.4412A7EDC240442CA6AC0A711488565A.d.B9C1B1731D2C9B8D309315490C54DEE0.e.2783/click - {}
RESULT: undefined
COMMAND: POST /session/97d31cefe963fd85982e18ab9d298f50/execute/async - {"script":"<script> [6424 bytes]","args":[{"element-6066-11e4-a52e-4f735466cecf":"f.4412A7EDC240442CA6AC0A711488565A.d.B9C1B1731D2C9B8D309315490C54DEE0.e.286"},"getTitle",[]]}
COMMAND: POST /session/97d31cefe963fd85982e18ab9d298f50/execute/async - {"script":"<script> [1562 bytes]","args":[{"selector":{"id":"shellAppTitle"},"wdio_ui5_key":"shellAppTitle"}]}
RESULT: {"script":"<script> [1562 bytes]","args":[{"selector":{"id":"shellAppTitle"},"wdio_ui5_key":"shellAppTitle"}]}
COMMAND: POST /session/97d31cefe963fd85982e18ab9d298f50/execute/async - {"script":"<script> [6424 bytes]","args":[{"element-6066-11e4-a52e-4f735466cecf":"f.4412A7EDC240442CA6AC0A711488565A.d.B9C1B1731D2C9B8D309315490C54DEE0.e.2907"},"getTitle",[]]}
RESULT: {"script":"<script> [6424 bytes]","args":[{"element-6066-11e4-a52e-4f735466cecf":"f.4412A7EDC240442CA6AC0A711488565A.d.B9C1B1731D2C9B8D309315490C54DEE0.e.2907"},"getTitle",[]]}
RESULT: undefined
COMMAND: POST /session/97d31cefe963fd85982e18ab9d298f50/element/f.4412A7EDC240442CA6AC0A711488565A.d.B9C1B1731D2C9B8D309315490C54DEE0.e.2313/click - {}
COMMAND: POST /session/97d31cefe963fd85982e18ab9d298f50/element - {"using":"xpath","value":"//*[@id=\"backBtn\"]"}
RESULT: {"using":"xpath","value":"//*[@id=\"backBtn\"]"}
COMMAND: POST /session/97d31cefe963fd85982e18ab9d298f50/element/f.4412A7EDC240442CA6AC0A711488565A.d.B9C1B1731D2C9B8D309315490C54DEE0.e.2313/click - {}
COMMAND: POST /session/97d31cefe963fd85982e18ab9d298f50/element - {"using":"xpath","value":"//*[@id=\"backBtn\"]"}
RESULT: {"using":"xpath","value":"//*[@id=\"backBtn\"]"}
COMMAND: POST /session/97d31cefe963fd85982e18ab9d298f50/element/f.4412A7EDC240442CA6AC0A711488565A.d.B9C1B1731D2C9B8D309315490C54DEE0.e.2908/click - {}
RESULT: {}
COMMAND: GET /session/97d31cefe963fd85982e18ab9d298f50/screenshot - {}
RESULT: {}
]]></system-out>
    </testcase>
    <testcase classname="chrome.136_0_7103_93.windows.Sanity_Tests_US104253" name="Should open Manage Pricing Rules page" time="35.774">
      <system-out><![CDATA[
COMMAND: POST /session/97d31cefe963fd85982e18ab9d298f50/execute/async - {"script":"<script> [1562 bytes]","args":[{"selector":{"controlType":"sap.m.GenericTile","properties":{"header":"Manage Pricing Rules"}},"wdio_ui5_key":"sapm.GenericTile{\"header\":\"Manage Pricing Rules\"}"}]}
RESULT: {"script":"<script> [1562 bytes]","args":[{"selector":{"controlType":"sap.m.GenericTile","properties":{"header":"Manage Pricing Rules"}},"wdio_ui5_key":"sapm.GenericTile{\"header\":\"Manage Pricing Rules\"}"}]}
RESULT: undefined
COMMAND: POST /session/97d31cefe963fd85982e18ab9d298f50/element - {"using":"xpath","value":"//*[@id=\"__tile55\"]"}
RESULT: {"using":"xpath","value":"//*[@id=\"__tile55\"]"}
COMMAND: POST /session/97d31cefe963fd85982e18ab9d298f50/element/f.4412A7EDC240442CA6AC0A711488565A.d.B9C1B1731D2C9B8D309315490C54DEE0.e.2910/click - {}
RESULT: {}
COMMAND: GET /session/97d31cefe963fd85982e18ab9d298f50/screenshot - {}
RESULT: {}
COMMAND: POST /session/97d31cefe963fd85982e18ab9d298f50/elements - {"using":"xpath","value":"//span[text()='Error']"}
RESULT: {"using":"xpath","value":"//span[text()='Error']"}
RESULT: undefined
COMMAND: POST /session/97d31cefe963fd85982e18ab9d298f50/element - {"using":"xpath","value":"//*[@id=\"__tile55\"]"}
RESULT: {"using":"xpath","value":"//*[@id=\"__tile55\"]"}
COMMAND: POST /session/97d31cefe963fd85982e18ab9d298f50/element/f.4412A7EDC240442CA6AC0A711488565A.d.B9C1B1731D2C9B8D309315490C54DEE0.e.2910/click - {}
RESULT: undefined
COMMAND: POST /session/97d31cefe963fd85982e18ab9d298f50/element - {"using":"xpath","value":"//*[@id=\"__tile55\"]"}
RESULT: {"using":"xpath","value":"//*[@id=\"__tile55\"]"}
COMMAND: POST /session/97d31cefe963fd85982e18ab9d298f50/element/f.4412A7EDC240442CA6AC0A711488565A.d.B9C1B1731D2C9B8D309315490C54DEE0.e.2910/click - {}
RESULT: undefined
COMMAND: POST /session/97d31cefe963fd85982e18ab9d298f50/execute/async - {"script":"<script> [6424 bytes]","args":[{"element-6066-11e4-a52e-4f735466cecf":"f.4412A7EDC240442CA6AC0A711488565A.d.B9C1B1731D2C9B8D309315490C54DEE0.e.286"},"getTitle",[]]}
COMMAND: POST /session/97d31cefe963fd85982e18ab9d298f50/execute/async - {"script":"<script> [1562 bytes]","args":[{"selector":{"id":"shellAppTitle"},"wdio_ui5_key":"shellAppTitle"}]}
RESULT: {"script":"<script> [1562 bytes]","args":[{"selector":{"id":"shellAppTitle"},"wdio_ui5_key":"shellAppTitle"}]}
COMMAND: POST /session/97d31cefe963fd85982e18ab9d298f50/execute/async - {"script":"<script> [6424 bytes]","args":[{"element-6066-11e4-a52e-4f735466cecf":"f.4412A7EDC240442CA6AC0A711488565A.d.B9C1B1731D2C9B8D309315490C54DEE0.e.2992"},"getTitle",[]]}
RESULT: {"script":"<script> [6424 bytes]","args":[{"element-6066-11e4-a52e-4f735466cecf":"f.4412A7EDC240442CA6AC0A711488565A.d.B9C1B1731D2C9B8D309315490C54DEE0.e.2992"},"getTitle",[]]}
RESULT: undefined
COMMAND: POST /session/97d31cefe963fd85982e18ab9d298f50/element/f.4412A7EDC240442CA6AC0A711488565A.d.B9C1B1731D2C9B8D309315490C54DEE0.e.2908/click - {}
RESULT: {}
COMMAND: GET /session/97d31cefe963fd85982e18ab9d298f50/screenshot - {}
RESULT: {}
]]></system-out>
    </testcase>
    <testcase classname="chrome.136_0_7103_93.windows.Sanity_Tests_US104253" name="Should open Manage Price Determination Matrices page" time="35.92">
      <system-out><![CDATA[
COMMAND: POST /session/97d31cefe963fd85982e18ab9d298f50/execute/async - {"script":"<script> [1562 bytes]","args":[{"selector":{"controlType":"sap.m.GenericTile","properties":{"header":"Manage Price Determination Matrices"}},"wdio_ui5_key":"sapm.GenericTile{\"header\":\"Manage Price Determination Matrices\"}"}]}
RESULT: {"script":"<script> [1562 bytes]","args":[{"selector":{"controlType":"sap.m.GenericTile","properties":{"header":"Manage Price Determination Matrices"}},"wdio_ui5_key":"sapm.GenericTile{\"header\":\"Manage Price Determination Matrices\"}"}]}
RESULT: undefined
COMMAND: POST /session/97d31cefe963fd85982e18ab9d298f50/element - {"using":"xpath","value":"//*[@id=\"__tile54\"]"}
RESULT: {"using":"xpath","value":"//*[@id=\"__tile54\"]"}
COMMAND: POST /session/97d31cefe963fd85982e18ab9d298f50/element/f.4412A7EDC240442CA6AC0A711488565A.d.B9C1B1731D2C9B8D309315490C54DEE0.e.2994/click - {}
RESULT: {}
COMMAND: GET /session/97d31cefe963fd85982e18ab9d298f50/screenshot - {}
RESULT: {}
COMMAND: POST /session/97d31cefe963fd85982e18ab9d298f50/elements - {"using":"xpath","value":"//span[text()='Error']"}
RESULT: {"using":"xpath","value":"//span[text()='Error']"}
RESULT: undefined
COMMAND: POST /session/97d31cefe963fd85982e18ab9d298f50/element - {"using":"xpath","value":"//*[@id=\"__tile54\"]"}
RESULT: {"using":"xpath","value":"//*[@id=\"__tile54\"]"}
COMMAND: POST /session/97d31cefe963fd85982e18ab9d298f50/element/f.4412A7EDC240442CA6AC0A711488565A.d.B9C1B1731D2C9B8D309315490C54DEE0.e.2994/click - {}
RESULT: undefined
COMMAND: POST /session/97d31cefe963fd85982e18ab9d298f50/element - {"using":"xpath","value":"//*[@id=\"__tile54\"]"}
RESULT: {"using":"xpath","value":"//*[@id=\"__tile54\"]"}
COMMAND: POST /session/97d31cefe963fd85982e18ab9d298f50/element/f.4412A7EDC240442CA6AC0A711488565A.d.B9C1B1731D2C9B8D309315490C54DEE0.e.2994/click - {}
RESULT: undefined
COMMAND: POST /session/97d31cefe963fd85982e18ab9d298f50/execute/async - {"script":"<script> [6424 bytes]","args":[{"element-6066-11e4-a52e-4f735466cecf":"f.4412A7EDC240442CA6AC0A711488565A.d.B9C1B1731D2C9B8D309315490C54DEE0.e.286"},"getTitle",[]]}
COMMAND: POST /session/97d31cefe963fd85982e18ab9d298f50/execute/async - {"script":"<script> [1562 bytes]","args":[{"selector":{"id":"shellAppTitle"},"wdio_ui5_key":"shellAppTitle"}]}
RESULT: {"script":"<script> [1562 bytes]","args":[{"selector":{"id":"shellAppTitle"},"wdio_ui5_key":"shellAppTitle"}]}
COMMAND: POST /session/97d31cefe963fd85982e18ab9d298f50/execute/async - {"script":"<script> [6424 bytes]","args":[{"element-6066-11e4-a52e-4f735466cecf":"f.4412A7EDC240442CA6AC0A711488565A.d.B9C1B1731D2C9B8D309315490C54DEE0.e.3074"},"getTitle",[]]}
RESULT: {"script":"<script> [6424 bytes]","args":[{"element-6066-11e4-a52e-4f735466cecf":"f.4412A7EDC240442CA6AC0A711488565A.d.B9C1B1731D2C9B8D309315490C54DEE0.e.3074"},"getTitle",[]]}
RESULT: undefined
COMMAND: POST /session/97d31cefe963fd85982e18ab9d298f50/element/f.4412A7EDC240442CA6AC0A711488565A.d.B9C1B1731D2C9B8D309315490C54DEE0.e.2908/click - {}
COMMAND: POST /session/97d31cefe963fd85982e18ab9d298f50/element - {"using":"xpath","value":"//*[@id=\"backBtn\"]"}
RESULT: {"using":"xpath","value":"//*[@id=\"backBtn\"]"}
COMMAND: POST /session/97d31cefe963fd85982e18ab9d298f50/element/f.4412A7EDC240442CA6AC0A711488565A.d.B9C1B1731D2C9B8D309315490C54DEE0.e.2908/click - {}
COMMAND: POST /session/97d31cefe963fd85982e18ab9d298f50/element - {"using":"xpath","value":"//*[@id=\"backBtn\"]"}
RESULT: {"using":"xpath","value":"//*[@id=\"backBtn\"]"}
COMMAND: POST /session/97d31cefe963fd85982e18ab9d298f50/element/f.4412A7EDC240442CA6AC0A711488565A.d.B9C1B1731D2C9B8D309315490C54DEE0.e.3075/click - {}
RESULT: {}
COMMAND: GET /session/97d31cefe963fd85982e18ab9d298f50/screenshot - {}
RESULT: {}
]]></system-out>
    </testcase>
    <testcase classname="chrome.136_0_7103_93.windows.Sanity_Tests_US104253" name="Should open Yard Overview page" time="36.289">
      <system-out><![CDATA[
COMMAND: POST /session/97d31cefe963fd85982e18ab9d298f50/execute/async - {"script":"<script> [1562 bytes]","args":[{"selector":{"controlType":"sap.m.GenericTile","properties":{"header":"Yard Overview"}},"wdio_ui5_key":"sapm.GenericTile{\"header\":\"Yard Overview\"}"}]}
RESULT: {"script":"<script> [1562 bytes]","args":[{"selector":{"controlType":"sap.m.GenericTile","properties":{"header":"Yard Overview"}},"wdio_ui5_key":"sapm.GenericTile{\"header\":\"Yard Overview\"}"}]}
RESULT: undefined
COMMAND: POST /session/97d31cefe963fd85982e18ab9d298f50/element - {"using":"xpath","value":"//*[@id=\"__tile102\"]"}
RESULT: {"using":"xpath","value":"//*[@id=\"__tile102\"]"}
COMMAND: POST /session/97d31cefe963fd85982e18ab9d298f50/element/f.4412A7EDC240442CA6AC0A711488565A.d.B9C1B1731D2C9B8D309315490C54DEE0.e.3077/click - {}
RESULT: {}
COMMAND: GET /session/97d31cefe963fd85982e18ab9d298f50/screenshot - {}
RESULT: {}
COMMAND: POST /session/97d31cefe963fd85982e18ab9d298f50/elements - {"using":"xpath","value":"//span[text()='Error']"}
RESULT: {"using":"xpath","value":"//span[text()='Error']"}
RESULT: undefined
COMMAND: POST /session/97d31cefe963fd85982e18ab9d298f50/element - {"using":"xpath","value":"//*[@id=\"__tile102\"]"}
RESULT: {"using":"xpath","value":"//*[@id=\"__tile102\"]"}
COMMAND: POST /session/97d31cefe963fd85982e18ab9d298f50/element/f.4412A7EDC240442CA6AC0A711488565A.d.B9C1B1731D2C9B8D309315490C54DEE0.e.3077/click - {}
RESULT: undefined
COMMAND: POST /session/97d31cefe963fd85982e18ab9d298f50/element - {"using":"xpath","value":"//*[@id=\"__tile102\"]"}
RESULT: {"using":"xpath","value":"//*[@id=\"__tile102\"]"}
COMMAND: POST /session/97d31cefe963fd85982e18ab9d298f50/element/f.4412A7EDC240442CA6AC0A711488565A.d.B9C1B1731D2C9B8D309315490C54DEE0.e.3077/click - {}
RESULT: undefined
COMMAND: POST /session/97d31cefe963fd85982e18ab9d298f50/execute/async - {"script":"<script> [6424 bytes]","args":[{"element-6066-11e4-a52e-4f735466cecf":"f.4412A7EDC240442CA6AC0A711488565A.d.B9C1B1731D2C9B8D309315490C54DEE0.e.286"},"getTitle",[]]}
COMMAND: POST /session/97d31cefe963fd85982e18ab9d298f50/execute/async - {"script":"<script> [1562 bytes]","args":[{"selector":{"id":"shellAppTitle"},"wdio_ui5_key":"shellAppTitle"}]}
RESULT: {"script":"<script> [1562 bytes]","args":[{"selector":{"id":"shellAppTitle"},"wdio_ui5_key":"shellAppTitle"}]}
COMMAND: POST /session/97d31cefe963fd85982e18ab9d298f50/execute/async - {"script":"<script> [6424 bytes]","args":[{"element-6066-11e4-a52e-4f735466cecf":"f.4412A7EDC240442CA6AC0A711488565A.d.B9C1B1731D2C9B8D309315490C54DEE0.e.3143"},"getTitle",[]]}
RESULT: {"script":"<script> [6424 bytes]","args":[{"element-6066-11e4-a52e-4f735466cecf":"f.4412A7EDC240442CA6AC0A711488565A.d.B9C1B1731D2C9B8D309315490C54DEE0.e.3143"},"getTitle",[]]}
RESULT: undefined
COMMAND: POST /session/97d31cefe963fd85982e18ab9d298f50/element/f.4412A7EDC240442CA6AC0A711488565A.d.B9C1B1731D2C9B8D309315490C54DEE0.e.3075/click - {}
RESULT: {}
COMMAND: GET /session/97d31cefe963fd85982e18ab9d298f50/screenshot - {}
RESULT: {}
]]></system-out>
    </testcase>
    <testcase classname="chrome.136_0_7103_93.windows.Sanity_Tests_US104253" name="Should open Site Overview page" time="37.368">
      <system-out><![CDATA[
COMMAND: POST /session/97d31cefe963fd85982e18ab9d298f50/execute/async - {"script":"<script> [1562 bytes]","args":[{"selector":{"controlType":"sap.m.GenericTile","properties":{"header":"Site Overview"}},"wdio_ui5_key":"sapm.GenericTile{\"header\":\"Site Overview\"}"}]}
RESULT: {"script":"<script> [1562 bytes]","args":[{"selector":{"controlType":"sap.m.GenericTile","properties":{"header":"Site Overview"}},"wdio_ui5_key":"sapm.GenericTile{\"header\":\"Site Overview\"}"}]}
RESULT: undefined
COMMAND: POST /session/97d31cefe963fd85982e18ab9d298f50/element - {"using":"xpath","value":"//*[@id=\"__tile100\"]"}
RESULT: {"using":"xpath","value":"//*[@id=\"__tile100\"]"}
COMMAND: POST /session/97d31cefe963fd85982e18ab9d298f50/element/f.4412A7EDC240442CA6AC0A711488565A.d.B9C1B1731D2C9B8D309315490C54DEE0.e.3146/click - {}
RESULT: {}
COMMAND: GET /session/97d31cefe963fd85982e18ab9d298f50/screenshot - {}
RESULT: {}
COMMAND: POST /session/97d31cefe963fd85982e18ab9d298f50/elements - {"using":"xpath","value":"//span[text()='Error']"}
RESULT: {"using":"xpath","value":"//span[text()='Error']"}
RESULT: undefined
COMMAND: POST /session/97d31cefe963fd85982e18ab9d298f50/element - {"using":"xpath","value":"//*[@id=\"__tile100\"]"}
RESULT: {"using":"xpath","value":"//*[@id=\"__tile100\"]"}
COMMAND: POST /session/97d31cefe963fd85982e18ab9d298f50/element/f.4412A7EDC240442CA6AC0A711488565A.d.B9C1B1731D2C9B8D309315490C54DEE0.e.3146/click - {}
RESULT: undefined
COMMAND: POST /session/97d31cefe963fd85982e18ab9d298f50/element - {"using":"xpath","value":"//*[@id=\"__tile100\"]"}
RESULT: {"using":"xpath","value":"//*[@id=\"__tile100\"]"}
COMMAND: POST /session/97d31cefe963fd85982e18ab9d298f50/element/f.4412A7EDC240442CA6AC0A711488565A.d.B9C1B1731D2C9B8D309315490C54DEE0.e.3146/click - {}
RESULT: undefined
COMMAND: POST /session/97d31cefe963fd85982e18ab9d298f50/execute/async - {"script":"<script> [6424 bytes]","args":[{"element-6066-11e4-a52e-4f735466cecf":"f.4412A7EDC240442CA6AC0A711488565A.d.B9C1B1731D2C9B8D309315490C54DEE0.e.286"},"getTitle",[]]}
COMMAND: POST /session/97d31cefe963fd85982e18ab9d298f50/execute/async - {"script":"<script> [1562 bytes]","args":[{"selector":{"id":"shellAppTitle"},"wdio_ui5_key":"shellAppTitle"}]}
RESULT: {"script":"<script> [1562 bytes]","args":[{"selector":{"id":"shellAppTitle"},"wdio_ui5_key":"shellAppTitle"}]}
COMMAND: POST /session/97d31cefe963fd85982e18ab9d298f50/execute/async - {"script":"<script> [6424 bytes]","args":[{"element-6066-11e4-a52e-4f735466cecf":"f.4412A7EDC240442CA6AC0A711488565A.d.B9C1B1731D2C9B8D309315490C54DEE0.e.3399"},"getTitle",[]]}
RESULT: {"script":"<script> [6424 bytes]","args":[{"element-6066-11e4-a52e-4f735466cecf":"f.4412A7EDC240442CA6AC0A711488565A.d.B9C1B1731D2C9B8D309315490C54DEE0.e.3399"},"getTitle",[]]}
RESULT: undefined
COMMAND: POST /session/97d31cefe963fd85982e18ab9d298f50/element/f.4412A7EDC240442CA6AC0A711488565A.d.B9C1B1731D2C9B8D309315490C54DEE0.e.3075/click - {}
COMMAND: POST /session/97d31cefe963fd85982e18ab9d298f50/element - {"using":"xpath","value":"//*[@id=\"backBtn\"]"}
RESULT: {"using":"xpath","value":"//*[@id=\"backBtn\"]"}
COMMAND: POST /session/97d31cefe963fd85982e18ab9d298f50/element/f.4412A7EDC240442CA6AC0A711488565A.d.B9C1B1731D2C9B8D309315490C54DEE0.e.3075/click - {}
COMMAND: POST /session/97d31cefe963fd85982e18ab9d298f50/element - {"using":"xpath","value":"//*[@id=\"backBtn\"]"}
RESULT: {"using":"xpath","value":"//*[@id=\"backBtn\"]"}
COMMAND: POST /session/97d31cefe963fd85982e18ab9d298f50/element/f.4412A7EDC240442CA6AC0A711488565A.d.B9C1B1731D2C9B8D309315490C54DEE0.e.3400/click - {}
RESULT: {}
COMMAND: GET /session/97d31cefe963fd85982e18ab9d298f50/screenshot - {}
RESULT: {}
]]></system-out>
    </testcase>
    <testcase classname="chrome.136_0_7103_93.windows.Sanity_Tests_US104253" name="Should open Trace Track Resources page" time="36.527">
      <system-out><![CDATA[
COMMAND: POST /session/97d31cefe963fd85982e18ab9d298f50/execute/async - {"script":"<script> [1562 bytes]","args":[{"selector":{"controlType":"sap.m.GenericTile","properties":{"header":"Trace & Track Resources"}},"wdio_ui5_key":"sapm.GenericTile{\"header\":\"Trace & Track Resources\"}"}]}
RESULT: {"script":"<script> [1562 bytes]","args":[{"selector":{"controlType":"sap.m.GenericTile","properties":{"header":"Trace & Track Resources"}},"wdio_ui5_key":"sapm.GenericTile{\"header\":\"Trace & Track Resources\"}"}]}
RESULT: undefined
COMMAND: POST /session/97d31cefe963fd85982e18ab9d298f50/element - {"using":"xpath","value":"//*[@id=\"__tile101\"]"}
RESULT: {"using":"xpath","value":"//*[@id=\"__tile101\"]"}
COMMAND: POST /session/97d31cefe963fd85982e18ab9d298f50/element/f.4412A7EDC240442CA6AC0A711488565A.d.B9C1B1731D2C9B8D309315490C54DEE0.e.3402/click - {}
RESULT: {}
COMMAND: GET /session/97d31cefe963fd85982e18ab9d298f50/screenshot - {}
RESULT: {}
COMMAND: POST /session/97d31cefe963fd85982e18ab9d298f50/elements - {"using":"xpath","value":"//span[text()='Error']"}
RESULT: {"using":"xpath","value":"//span[text()='Error']"}
RESULT: undefined
COMMAND: POST /session/97d31cefe963fd85982e18ab9d298f50/element - {"using":"xpath","value":"//*[@id=\"__tile101\"]"}
RESULT: {"using":"xpath","value":"//*[@id=\"__tile101\"]"}
COMMAND: POST /session/97d31cefe963fd85982e18ab9d298f50/element/f.4412A7EDC240442CA6AC0A711488565A.d.B9C1B1731D2C9B8D309315490C54DEE0.e.3402/click - {}
RESULT: undefined
COMMAND: POST /session/97d31cefe963fd85982e18ab9d298f50/element - {"using":"xpath","value":"//*[@id=\"__tile101\"]"}
RESULT: {"using":"xpath","value":"//*[@id=\"__tile101\"]"}
COMMAND: POST /session/97d31cefe963fd85982e18ab9d298f50/element/f.4412A7EDC240442CA6AC0A711488565A.d.B9C1B1731D2C9B8D309315490C54DEE0.e.3402/click - {}
RESULT: undefined
COMMAND: POST /session/97d31cefe963fd85982e18ab9d298f50/execute/async - {"script":"<script> [6424 bytes]","args":[{"element-6066-11e4-a52e-4f735466cecf":"f.4412A7EDC240442CA6AC0A711488565A.d.B9C1B1731D2C9B8D309315490C54DEE0.e.286"},"getTitle",[]]}
COMMAND: POST /session/97d31cefe963fd85982e18ab9d298f50/execute/async - {"script":"<script> [1562 bytes]","args":[{"selector":{"id":"shellAppTitle"},"wdio_ui5_key":"shellAppTitle"}]}
RESULT: {"script":"<script> [1562 bytes]","args":[{"selector":{"id":"shellAppTitle"},"wdio_ui5_key":"shellAppTitle"}]}
COMMAND: POST /session/97d31cefe963fd85982e18ab9d298f50/execute/async - {"script":"<script> [6424 bytes]","args":[{"element-6066-11e4-a52e-4f735466cecf":"f.4412A7EDC240442CA6AC0A711488565A.d.B9C1B1731D2C9B8D309315490C54DEE0.e.3435"},"getTitle",[]]}
RESULT: {"script":"<script> [6424 bytes]","args":[{"element-6066-11e4-a52e-4f735466cecf":"f.4412A7EDC240442CA6AC0A711488565A.d.B9C1B1731D2C9B8D309315490C54DEE0.e.3435"},"getTitle",[]]}
RESULT: undefined
COMMAND: POST /session/97d31cefe963fd85982e18ab9d298f50/element/f.4412A7EDC240442CA6AC0A711488565A.d.B9C1B1731D2C9B8D309315490C54DEE0.e.3400/click - {}
RESULT: {}
COMMAND: GET /session/97d31cefe963fd85982e18ab9d298f50/screenshot - {}
RESULT: {}
]]></system-out>
    </testcase>
    <testcase classname="chrome.136_0_7103_93.windows.Sanity_Tests_US104253" name="Should open RU Inventory List page" time="40.938">
      <system-out><![CDATA[
COMMAND: POST /session/97d31cefe963fd85982e18ab9d298f50/execute/async - {"script":"<script> [1562 bytes]","args":[{"selector":{"controlType":"sap.m.GenericTile","properties":{"header":"RU Inventory List"}},"wdio_ui5_key":"sapm.GenericTile{\"header\":\"RU Inventory List\"}"}]}
RESULT: {"script":"<script> [1562 bytes]","args":[{"selector":{"controlType":"sap.m.GenericTile","properties":{"header":"RU Inventory List"}},"wdio_ui5_key":"sapm.GenericTile{\"header\":\"RU Inventory List\"}"}]}
RESULT: undefined
COMMAND: POST /session/97d31cefe963fd85982e18ab9d298f50/element - {"using":"xpath","value":"//*[@id=\"__tile99\"]"}
RESULT: {"using":"xpath","value":"//*[@id=\"__tile99\"]"}
COMMAND: POST /session/97d31cefe963fd85982e18ab9d298f50/element/f.4412A7EDC240442CA6AC0A711488565A.d.B9C1B1731D2C9B8D309315490C54DEE0.e.3437/click - {}
RESULT: {}
COMMAND: GET /session/97d31cefe963fd85982e18ab9d298f50/screenshot - {}
RESULT: {}
COMMAND: POST /session/97d31cefe963fd85982e18ab9d298f50/elements - {"using":"xpath","value":"//span[text()='Error']"}
RESULT: {"using":"xpath","value":"//span[text()='Error']"}
RESULT: undefined
COMMAND: POST /session/97d31cefe963fd85982e18ab9d298f50/element - {"using":"xpath","value":"//*[@id=\"__tile99\"]"}
RESULT: {"using":"xpath","value":"//*[@id=\"__tile99\"]"}
COMMAND: POST /session/97d31cefe963fd85982e18ab9d298f50/element/f.4412A7EDC240442CA6AC0A711488565A.d.B9C1B1731D2C9B8D309315490C54DEE0.e.3437/click - {}
RESULT: undefined
COMMAND: POST /session/97d31cefe963fd85982e18ab9d298f50/element - {"using":"xpath","value":"//*[@id=\"__tile99\"]"}
RESULT: {"using":"xpath","value":"//*[@id=\"__tile99\"]"}
COMMAND: POST /session/97d31cefe963fd85982e18ab9d298f50/element/f.4412A7EDC240442CA6AC0A711488565A.d.B9C1B1731D2C9B8D309315490C54DEE0.e.3437/click - {}
RESULT: undefined
COMMAND: POST /session/97d31cefe963fd85982e18ab9d298f50/execute/async - {"script":"<script> [6424 bytes]","args":[{"element-6066-11e4-a52e-4f735466cecf":"f.4412A7EDC240442CA6AC0A711488565A.d.B9C1B1731D2C9B8D309315490C54DEE0.e.286"},"getTitle",[]]}
COMMAND: POST /session/97d31cefe963fd85982e18ab9d298f50/execute/async - {"script":"<script> [1562 bytes]","args":[{"selector":{"id":"shellAppTitle"},"wdio_ui5_key":"shellAppTitle"}]}
RESULT: {"script":"<script> [1562 bytes]","args":[{"selector":{"id":"shellAppTitle"},"wdio_ui5_key":"shellAppTitle"}]}
COMMAND: POST /session/97d31cefe963fd85982e18ab9d298f50/execute/async - {"script":"<script> [6424 bytes]","args":[{"element-6066-11e4-a52e-4f735466cecf":"f.4412A7EDC240442CA6AC0A711488565A.d.B9C1B1731D2C9B8D309315490C54DEE0.e.3642"},"getTitle",[]]}
RESULT: {"script":"<script> [6424 bytes]","args":[{"element-6066-11e4-a52e-4f735466cecf":"f.4412A7EDC240442CA6AC0A711488565A.d.B9C1B1731D2C9B8D309315490C54DEE0.e.3642"},"getTitle",[]]}
RESULT: undefined
COMMAND: POST /session/97d31cefe963fd85982e18ab9d298f50/element/f.4412A7EDC240442CA6AC0A711488565A.d.B9C1B1731D2C9B8D309315490C54DEE0.e.3400/click - {}
COMMAND: POST /session/97d31cefe963fd85982e18ab9d298f50/element - {"using":"xpath","value":"//*[@id=\"backBtn\"]"}
RESULT: {"using":"xpath","value":"//*[@id=\"backBtn\"]"}
COMMAND: POST /session/97d31cefe963fd85982e18ab9d298f50/element/f.4412A7EDC240442CA6AC0A711488565A.d.B9C1B1731D2C9B8D309315490C54DEE0.e.3400/click - {}
COMMAND: POST /session/97d31cefe963fd85982e18ab9d298f50/element - {"using":"xpath","value":"//*[@id=\"backBtn\"]"}
RESULT: {"using":"xpath","value":"//*[@id=\"backBtn\"]"}
COMMAND: POST /session/97d31cefe963fd85982e18ab9d298f50/element/f.4412A7EDC240442CA6AC0A711488565A.d.B9C1B1731D2C9B8D309315490C54DEE0.e.3643/click - {}
RESULT: {}
COMMAND: GET /session/97d31cefe963fd85982e18ab9d298f50/screenshot - {}
RESULT: {}
]]></system-out>
    </testcase>
    <testcase classname="chrome.136_0_7103_93.windows.Sanity_Tests_US104253" name="Should open Contracts Dashboard page" time="39.957">
      <system-out><![CDATA[
COMMAND: POST /session/97d31cefe963fd85982e18ab9d298f50/execute/async - {"script":"<script> [1562 bytes]","args":[{"selector":{"controlType":"sap.m.GenericTile","properties":{"header":"Contracts Dashboard"}},"wdio_ui5_key":"sapm.GenericTile{\"header\":\"Contracts Dashboard\"}"}]}
RESULT: {"script":"<script> [1562 bytes]","args":[{"selector":{"controlType":"sap.m.GenericTile","properties":{"header":"Contracts Dashboard"}},"wdio_ui5_key":"sapm.GenericTile{\"header\":\"Contracts Dashboard\"}"}]}
RESULT: undefined
COMMAND: POST /session/97d31cefe963fd85982e18ab9d298f50/element - {"using":"xpath","value":"//*[@id=\"__tile97\"]"}
RESULT: {"using":"xpath","value":"//*[@id=\"__tile97\"]"}
COMMAND: POST /session/97d31cefe963fd85982e18ab9d298f50/element/f.4412A7EDC240442CA6AC0A711488565A.d.B9C1B1731D2C9B8D309315490C54DEE0.e.3645/click - {}
RESULT: {}
COMMAND: GET /session/97d31cefe963fd85982e18ab9d298f50/screenshot - {}
RESULT: {}
COMMAND: POST /session/97d31cefe963fd85982e18ab9d298f50/elements - {"using":"xpath","value":"//span[text()='Error']"}
RESULT: {"using":"xpath","value":"//span[text()='Error']"}
RESULT: undefined
COMMAND: POST /session/97d31cefe963fd85982e18ab9d298f50/element - {"using":"xpath","value":"//*[@id=\"__tile97\"]"}
RESULT: {"using":"xpath","value":"//*[@id=\"__tile97\"]"}
COMMAND: POST /session/97d31cefe963fd85982e18ab9d298f50/element/f.4412A7EDC240442CA6AC0A711488565A.d.B9C1B1731D2C9B8D309315490C54DEE0.e.3645/click - {}
RESULT: undefined
COMMAND: POST /session/97d31cefe963fd85982e18ab9d298f50/element - {"using":"xpath","value":"//*[@id=\"__tile97\"]"}
RESULT: {"using":"xpath","value":"//*[@id=\"__tile97\"]"}
COMMAND: POST /session/97d31cefe963fd85982e18ab9d298f50/element/f.4412A7EDC240442CA6AC0A711488565A.d.B9C1B1731D2C9B8D309315490C54DEE0.e.3645/click - {}
RESULT: undefined
COMMAND: POST /session/97d31cefe963fd85982e18ab9d298f50/execute/async - {"script":"<script> [6424 bytes]","args":[{"element-6066-11e4-a52e-4f735466cecf":"f.4412A7EDC240442CA6AC0A711488565A.d.B9C1B1731D2C9B8D309315490C54DEE0.e.286"},"getTitle",[]]}
COMMAND: POST /session/97d31cefe963fd85982e18ab9d298f50/execute/async - {"script":"<script> [1562 bytes]","args":[{"selector":{"id":"shellAppTitle"},"wdio_ui5_key":"shellAppTitle"}]}
RESULT: {"script":"<script> [1562 bytes]","args":[{"selector":{"id":"shellAppTitle"},"wdio_ui5_key":"shellAppTitle"}]}
COMMAND: POST /session/97d31cefe963fd85982e18ab9d298f50/execute/async - {"script":"<script> [6424 bytes]","args":[{"element-6066-11e4-a52e-4f735466cecf":"f.4412A7EDC240442CA6AC0A711488565A.d.B9C1B1731D2C9B8D309315490C54DEE0.e.3669"},"getTitle",[]]}
RESULT: {"script":"<script> [6424 bytes]","args":[{"element-6066-11e4-a52e-4f735466cecf":"f.4412A7EDC240442CA6AC0A711488565A.d.B9C1B1731D2C9B8D309315490C54DEE0.e.3669"},"getTitle",[]]}
RESULT: undefined
COMMAND: POST /session/97d31cefe963fd85982e18ab9d298f50/element/f.4412A7EDC240442CA6AC0A711488565A.d.B9C1B1731D2C9B8D309315490C54DEE0.e.3643/click - {}
RESULT: {}
COMMAND: GET /session/97d31cefe963fd85982e18ab9d298f50/screenshot - {}
RESULT: {}
]]></system-out>
    </testcase>
    <testcase classname="chrome.136_0_7103_93.windows.Sanity_Tests_US104253" name="Should open Bin Status Report page" time="38.419">
      <system-out><![CDATA[
COMMAND: POST /session/97d31cefe963fd85982e18ab9d298f50/execute/async - {"script":"<script> [1562 bytes]","args":[{"selector":{"controlType":"sap.m.GenericTile","properties":{"header":"Bin Status Report"}},"wdio_ui5_key":"sapm.GenericTile{\"header\":\"Bin Status Report\"}"}]}
RESULT: {"script":"<script> [1562 bytes]","args":[{"selector":{"controlType":"sap.m.GenericTile","properties":{"header":"Bin Status Report"}},"wdio_ui5_key":"sapm.GenericTile{\"header\":\"Bin Status Report\"}"}]}
RESULT: undefined
COMMAND: POST /session/97d31cefe963fd85982e18ab9d298f50/element - {"using":"xpath","value":"//*[@id=\"__tile104\"]"}
RESULT: {"using":"xpath","value":"//*[@id=\"__tile104\"]"}
COMMAND: POST /session/97d31cefe963fd85982e18ab9d298f50/element/f.4412A7EDC240442CA6AC0A711488565A.d.B9C1B1731D2C9B8D309315490C54DEE0.e.3671/click - {}
RESULT: {}
COMMAND: GET /session/97d31cefe963fd85982e18ab9d298f50/screenshot - {}
RESULT: {}
COMMAND: POST /session/97d31cefe963fd85982e18ab9d298f50/elements - {"using":"xpath","value":"//span[text()='Error']"}
RESULT: {"using":"xpath","value":"//span[text()='Error']"}
RESULT: undefined
COMMAND: POST /session/97d31cefe963fd85982e18ab9d298f50/element - {"using":"xpath","value":"//*[@id=\"__tile104\"]"}
RESULT: {"using":"xpath","value":"//*[@id=\"__tile104\"]"}
COMMAND: POST /session/97d31cefe963fd85982e18ab9d298f50/element/f.4412A7EDC240442CA6AC0A711488565A.d.B9C1B1731D2C9B8D309315490C54DEE0.e.3671/click - {}
RESULT: undefined
COMMAND: POST /session/97d31cefe963fd85982e18ab9d298f50/element - {"using":"xpath","value":"//*[@id=\"__tile104\"]"}
RESULT: {"using":"xpath","value":"//*[@id=\"__tile104\"]"}
COMMAND: POST /session/97d31cefe963fd85982e18ab9d298f50/element/f.4412A7EDC240442CA6AC0A711488565A.d.B9C1B1731D2C9B8D309315490C54DEE0.e.3671/click - {}
RESULT: undefined
COMMAND: POST /session/97d31cefe963fd85982e18ab9d298f50/execute/async - {"script":"<script> [6424 bytes]","args":[{"element-6066-11e4-a52e-4f735466cecf":"f.4412A7EDC240442CA6AC0A711488565A.d.B9C1B1731D2C9B8D309315490C54DEE0.e.286"},"getTitle",[]]}
COMMAND: POST /session/97d31cefe963fd85982e18ab9d298f50/execute/async - {"script":"<script> [1562 bytes]","args":[{"selector":{"id":"shellAppTitle"},"wdio_ui5_key":"shellAppTitle"}]}
RESULT: {"script":"<script> [1562 bytes]","args":[{"selector":{"id":"shellAppTitle"},"wdio_ui5_key":"shellAppTitle"}]}
COMMAND: POST /session/97d31cefe963fd85982e18ab9d298f50/execute/async - {"script":"<script> [6424 bytes]","args":[{"element-6066-11e4-a52e-4f735466cecf":"f.4412A7EDC240442CA6AC0A711488565A.d.B9C1B1731D2C9B8D309315490C54DEE0.e.3768"},"getTitle",[]]}
RESULT: {"script":"<script> [6424 bytes]","args":[{"element-6066-11e4-a52e-4f735466cecf":"f.4412A7EDC240442CA6AC0A711488565A.d.B9C1B1731D2C9B8D309315490C54DEE0.e.3768"},"getTitle",[]]}
RESULT: undefined
COMMAND: POST /session/97d31cefe963fd85982e18ab9d298f50/element/f.4412A7EDC240442CA6AC0A711488565A.d.B9C1B1731D2C9B8D309315490C54DEE0.e.3643/click - {}
COMMAND: POST /session/97d31cefe963fd85982e18ab9d298f50/element - {"using":"xpath","value":"//*[@id=\"backBtn\"]"}
RESULT: {"using":"xpath","value":"//*[@id=\"backBtn\"]"}
COMMAND: POST /session/97d31cefe963fd85982e18ab9d298f50/element/f.4412A7EDC240442CA6AC0A711488565A.d.B9C1B1731D2C9B8D309315490C54DEE0.e.3643/click - {}
COMMAND: POST /session/97d31cefe963fd85982e18ab9d298f50/element - {"using":"xpath","value":"//*[@id=\"backBtn\"]"}
RESULT: {"using":"xpath","value":"//*[@id=\"backBtn\"]"}
COMMAND: POST /session/97d31cefe963fd85982e18ab9d298f50/element/f.4412A7EDC240442CA6AC0A711488565A.d.B9C1B1731D2C9B8D309315490C54DEE0.e.3769/click - {}
RESULT: {}
COMMAND: GET /session/97d31cefe963fd85982e18ab9d298f50/screenshot - {}
RESULT: {}
]]></system-out>
    </testcase>
    <testcase classname="chrome.136_0_7103_93.windows.Sanity_Tests_US104253" name="Should open Manage Warehouse Movements page" time="36.266">
      <system-out><![CDATA[
COMMAND: POST /session/97d31cefe963fd85982e18ab9d298f50/execute/async - {"script":"<script> [1562 bytes]","args":[{"selector":{"controlType":"sap.m.GenericTile","properties":{"header":"Manage Warehouse Movements"}},"wdio_ui5_key":"sapm.GenericTile{\"header\":\"Manage Warehouse Movements\"}"}]}
RESULT: {"script":"<script> [1562 bytes]","args":[{"selector":{"controlType":"sap.m.GenericTile","properties":{"header":"Manage Warehouse Movements"}},"wdio_ui5_key":"sapm.GenericTile{\"header\":\"Manage Warehouse Movements\"}"}]}
RESULT: undefined
COMMAND: POST /session/97d31cefe963fd85982e18ab9d298f50/element - {"using":"xpath","value":"//*[@id=\"__tile105\"]"}
RESULT: {"using":"xpath","value":"//*[@id=\"__tile105\"]"}
COMMAND: POST /session/97d31cefe963fd85982e18ab9d298f50/element/f.4412A7EDC240442CA6AC0A711488565A.d.B9C1B1731D2C9B8D309315490C54DEE0.e.106/click - {}
RESULT: {}
COMMAND: GET /session/97d31cefe963fd85982e18ab9d298f50/screenshot - {}
RESULT: {}
COMMAND: POST /session/97d31cefe963fd85982e18ab9d298f50/elements - {"using":"xpath","value":"//span[text()='Error']"}
RESULT: {"using":"xpath","value":"//span[text()='Error']"}
RESULT: undefined
COMMAND: POST /session/97d31cefe963fd85982e18ab9d298f50/element - {"using":"xpath","value":"//*[@id=\"__tile105\"]"}
RESULT: {"using":"xpath","value":"//*[@id=\"__tile105\"]"}
COMMAND: POST /session/97d31cefe963fd85982e18ab9d298f50/element/f.4412A7EDC240442CA6AC0A711488565A.d.B9C1B1731D2C9B8D309315490C54DEE0.e.106/click - {}
RESULT: undefined
COMMAND: POST /session/97d31cefe963fd85982e18ab9d298f50/element - {"using":"xpath","value":"//*[@id=\"__tile105\"]"}
RESULT: {"using":"xpath","value":"//*[@id=\"__tile105\"]"}
COMMAND: POST /session/97d31cefe963fd85982e18ab9d298f50/element/f.4412A7EDC240442CA6AC0A711488565A.d.B9C1B1731D2C9B8D309315490C54DEE0.e.106/click - {}
RESULT: undefined
COMMAND: POST /session/97d31cefe963fd85982e18ab9d298f50/execute/async - {"script":"<script> [6424 bytes]","args":[{"element-6066-11e4-a52e-4f735466cecf":"f.4412A7EDC240442CA6AC0A711488565A.d.B9C1B1731D2C9B8D309315490C54DEE0.e.286"},"getTitle",[]]}
COMMAND: POST /session/97d31cefe963fd85982e18ab9d298f50/execute/async - {"script":"<script> [1562 bytes]","args":[{"selector":{"id":"shellAppTitle"},"wdio_ui5_key":"shellAppTitle"}]}
RESULT: {"script":"<script> [1562 bytes]","args":[{"selector":{"id":"shellAppTitle"},"wdio_ui5_key":"shellAppTitle"}]}
COMMAND: POST /session/97d31cefe963fd85982e18ab9d298f50/execute/async - {"script":"<script> [6424 bytes]","args":[{"element-6066-11e4-a52e-4f735466cecf":"f.4412A7EDC240442CA6AC0A711488565A.d.B9C1B1731D2C9B8D309315490C54DEE0.e.3872"},"getTitle",[]]}
RESULT: {"script":"<script> [6424 bytes]","args":[{"element-6066-11e4-a52e-4f735466cecf":"f.4412A7EDC240442CA6AC0A711488565A.d.B9C1B1731D2C9B8D309315490C54DEE0.e.3872"},"getTitle",[]]}
RESULT: undefined
COMMAND: POST /session/97d31cefe963fd85982e18ab9d298f50/element/f.4412A7EDC240442CA6AC0A711488565A.d.B9C1B1731D2C9B8D309315490C54DEE0.e.3769/click - {}
RESULT: {}
COMMAND: GET /session/97d31cefe963fd85982e18ab9d298f50/screenshot - {}
RESULT: {}
]]></system-out>
    </testcase>
    <testcase classname="chrome.136_0_7103_93.windows.Sanity_Tests_US104253" name="Should open Bin Inventory List page" time="37.709">
      <system-out><![CDATA[
COMMAND: POST /session/97d31cefe963fd85982e18ab9d298f50/execute/async - {"script":"<script> [1562 bytes]","args":[{"selector":{"controlType":"sap.m.GenericTile","properties":{"header":"Bin Inventory List"}},"wdio_ui5_key":"sapm.GenericTile{\"header\":\"Bin Inventory List\"}"}]}
RESULT: {"script":"<script> [1562 bytes]","args":[{"selector":{"controlType":"sap.m.GenericTile","properties":{"header":"Bin Inventory List"}},"wdio_ui5_key":"sapm.GenericTile{\"header\":\"Bin Inventory List\"}"}]}
RESULT: undefined
COMMAND: POST /session/97d31cefe963fd85982e18ab9d298f50/element - {"using":"xpath","value":"//*[@id=\"__tile103\"]"}
RESULT: {"using":"xpath","value":"//*[@id=\"__tile103\"]"}
COMMAND: POST /session/97d31cefe963fd85982e18ab9d298f50/element/f.4412A7EDC240442CA6AC0A711488565A.d.B9C1B1731D2C9B8D309315490C54DEE0.e.3874/click - {}
RESULT: {}
COMMAND: GET /session/97d31cefe963fd85982e18ab9d298f50/screenshot - {}
RESULT: {}
COMMAND: POST /session/97d31cefe963fd85982e18ab9d298f50/elements - {"using":"xpath","value":"//span[text()='Error']"}
RESULT: {"using":"xpath","value":"//span[text()='Error']"}
RESULT: undefined
COMMAND: POST /session/97d31cefe963fd85982e18ab9d298f50/element - {"using":"xpath","value":"//*[@id=\"__tile103\"]"}
RESULT: {"using":"xpath","value":"//*[@id=\"__tile103\"]"}
COMMAND: POST /session/97d31cefe963fd85982e18ab9d298f50/element/f.4412A7EDC240442CA6AC0A711488565A.d.B9C1B1731D2C9B8D309315490C54DEE0.e.3874/click - {}
RESULT: undefined
COMMAND: POST /session/97d31cefe963fd85982e18ab9d298f50/element - {"using":"xpath","value":"//*[@id=\"__tile103\"]"}
RESULT: {"using":"xpath","value":"//*[@id=\"__tile103\"]"}
COMMAND: POST /session/97d31cefe963fd85982e18ab9d298f50/element/f.4412A7EDC240442CA6AC0A711488565A.d.B9C1B1731D2C9B8D309315490C54DEE0.e.3874/click - {}
RESULT: undefined
COMMAND: POST /session/97d31cefe963fd85982e18ab9d298f50/execute/async - {"script":"<script> [6424 bytes]","args":[{"element-6066-11e4-a52e-4f735466cecf":"f.4412A7EDC240442CA6AC0A711488565A.d.B9C1B1731D2C9B8D309315490C54DEE0.e.286"},"getTitle",[]]}
COMMAND: POST /session/97d31cefe963fd85982e18ab9d298f50/execute/async - {"script":"<script> [1562 bytes]","args":[{"selector":{"id":"shellAppTitle"},"wdio_ui5_key":"shellAppTitle"}]}
RESULT: {"script":"<script> [1562 bytes]","args":[{"selector":{"id":"shellAppTitle"},"wdio_ui5_key":"shellAppTitle"}]}
COMMAND: POST /session/97d31cefe963fd85982e18ab9d298f50/execute/async - {"script":"<script> [6424 bytes]","args":[{"element-6066-11e4-a52e-4f735466cecf":"f.4412A7EDC240442CA6AC0A711488565A.d.B9C1B1731D2C9B8D309315490C54DEE0.e.3961"},"getTitle",[]]}
RESULT: {"script":"<script> [6424 bytes]","args":[{"element-6066-11e4-a52e-4f735466cecf":"f.4412A7EDC240442CA6AC0A711488565A.d.B9C1B1731D2C9B8D309315490C54DEE0.e.3961"},"getTitle",[]]}
RESULT: undefined
COMMAND: POST /session/97d31cefe963fd85982e18ab9d298f50/element/f.4412A7EDC240442CA6AC0A711488565A.d.B9C1B1731D2C9B8D309315490C54DEE0.e.3769/click - {}
COMMAND: POST /session/97d31cefe963fd85982e18ab9d298f50/element - {"using":"xpath","value":"//*[@id=\"backBtn\"]"}
RESULT: {"using":"xpath","value":"//*[@id=\"backBtn\"]"}
COMMAND: POST /session/97d31cefe963fd85982e18ab9d298f50/element/f.4412A7EDC240442CA6AC0A711488565A.d.B9C1B1731D2C9B8D309315490C54DEE0.e.3769/click - {}
COMMAND: POST /session/97d31cefe963fd85982e18ab9d298f50/element - {"using":"xpath","value":"//*[@id=\"backBtn\"]"}
RESULT: {"using":"xpath","value":"//*[@id=\"backBtn\"]"}
COMMAND: POST /session/97d31cefe963fd85982e18ab9d298f50/element/f.4412A7EDC240442CA6AC0A711488565A.d.B9C1B1731D2C9B8D309315490C54DEE0.e.3962/click - {}
RESULT: {}
COMMAND: GET /session/97d31cefe963fd85982e18ab9d298f50/screenshot - {}
RESULT: {}
]]></system-out>
    </testcase>
    <testcase classname="chrome.136_0_7103_93.windows.Sanity_Tests_US104253" name="Should open ISC Templates page" time="36.086">
      <system-out><![CDATA[
COMMAND: POST /session/97d31cefe963fd85982e18ab9d298f50/execute/async - {"script":"<script> [1562 bytes]","args":[{"selector":{"controlType":"sap.m.GenericTile","properties":{"header":"ISC Templates"}},"wdio_ui5_key":"sapm.GenericTile{\"header\":\"ISC Templates\"}"}]}
RESULT: {"script":"<script> [1562 bytes]","args":[{"selector":{"controlType":"sap.m.GenericTile","properties":{"header":"ISC Templates"}},"wdio_ui5_key":"sapm.GenericTile{\"header\":\"ISC Templates\"}"}]}
RESULT: undefined
COMMAND: POST /session/97d31cefe963fd85982e18ab9d298f50/element - {"using":"xpath","value":"//*[@id=\"__tile111\"]"}
RESULT: {"using":"xpath","value":"//*[@id=\"__tile111\"]"}
COMMAND: POST /session/97d31cefe963fd85982e18ab9d298f50/element/f.4412A7EDC240442CA6AC0A711488565A.d.B9C1B1731D2C9B8D309315490C54DEE0.e.3964/click - {}
RESULT: {}
COMMAND: GET /session/97d31cefe963fd85982e18ab9d298f50/screenshot - {}
RESULT: {}
COMMAND: POST /session/97d31cefe963fd85982e18ab9d298f50/elements - {"using":"xpath","value":"//span[text()='Error']"}
RESULT: {"using":"xpath","value":"//span[text()='Error']"}
RESULT: undefined
COMMAND: POST /session/97d31cefe963fd85982e18ab9d298f50/element - {"using":"xpath","value":"//*[@id=\"__tile111\"]"}
RESULT: {"using":"xpath","value":"//*[@id=\"__tile111\"]"}
COMMAND: POST /session/97d31cefe963fd85982e18ab9d298f50/element/f.4412A7EDC240442CA6AC0A711488565A.d.B9C1B1731D2C9B8D309315490C54DEE0.e.3964/click - {}
RESULT: undefined
COMMAND: POST /session/97d31cefe963fd85982e18ab9d298f50/element - {"using":"xpath","value":"//*[@id=\"__tile111\"]"}
RESULT: {"using":"xpath","value":"//*[@id=\"__tile111\"]"}
COMMAND: POST /session/97d31cefe963fd85982e18ab9d298f50/element/f.4412A7EDC240442CA6AC0A711488565A.d.B9C1B1731D2C9B8D309315490C54DEE0.e.3964/click - {}
RESULT: undefined
COMMAND: POST /session/97d31cefe963fd85982e18ab9d298f50/execute/async - {"script":"<script> [6424 bytes]","args":[{"element-6066-11e4-a52e-4f735466cecf":"f.4412A7EDC240442CA6AC0A711488565A.d.B9C1B1731D2C9B8D309315490C54DEE0.e.286"},"getTitle",[]]}
COMMAND: POST /session/97d31cefe963fd85982e18ab9d298f50/execute/async - {"script":"<script> [1562 bytes]","args":[{"selector":{"id":"shellAppTitle"},"wdio_ui5_key":"shellAppTitle"}]}
RESULT: {"script":"<script> [1562 bytes]","args":[{"selector":{"id":"shellAppTitle"},"wdio_ui5_key":"shellAppTitle"}]}
COMMAND: POST /session/97d31cefe963fd85982e18ab9d298f50/execute/async - {"script":"<script> [6424 bytes]","args":[{"element-6066-11e4-a52e-4f735466cecf":"f.4412A7EDC240442CA6AC0A711488565A.d.B9C1B1731D2C9B8D309315490C54DEE0.e.4034"},"getTitle",[]]}
RESULT: {"script":"<script> [6424 bytes]","args":[{"element-6066-11e4-a52e-4f735466cecf":"f.4412A7EDC240442CA6AC0A711488565A.d.B9C1B1731D2C9B8D309315490C54DEE0.e.4034"},"getTitle",[]]}
RESULT: undefined
COMMAND: POST /session/97d31cefe963fd85982e18ab9d298f50/element/f.4412A7EDC240442CA6AC0A711488565A.d.B9C1B1731D2C9B8D309315490C54DEE0.e.3962/click - {}
RESULT: {}
COMMAND: GET /session/97d31cefe963fd85982e18ab9d298f50/screenshot - {}
RESULT: {}
]]></system-out>
    </testcase>
    <testcase classname="chrome.136_0_7103_93.windows.Sanity_Tests_US104253" name="Should open ISC Schedules page" time="40.194">
      <system-out><![CDATA[
COMMAND: POST /session/97d31cefe963fd85982e18ab9d298f50/execute/async - {"script":"<script> [1562 bytes]","args":[{"selector":{"controlType":"sap.m.GenericTile","properties":{"header":"ISC Schedules"}},"wdio_ui5_key":"sapm.GenericTile{\"header\":\"ISC Schedules\"}"}]}
RESULT: {"script":"<script> [1562 bytes]","args":[{"selector":{"controlType":"sap.m.GenericTile","properties":{"header":"ISC Schedules"}},"wdio_ui5_key":"sapm.GenericTile{\"header\":\"ISC Schedules\"}"}]}
RESULT: undefined
COMMAND: POST /session/97d31cefe963fd85982e18ab9d298f50/element - {"using":"xpath","value":"//*[@id=\"__tile109\"]"}
RESULT: {"using":"xpath","value":"//*[@id=\"__tile109\"]"}
COMMAND: POST /session/97d31cefe963fd85982e18ab9d298f50/element/f.4412A7EDC240442CA6AC0A711488565A.d.B9C1B1731D2C9B8D309315490C54DEE0.e.4037/click - {}
RESULT: {}
COMMAND: GET /session/97d31cefe963fd85982e18ab9d298f50/screenshot - {}
RESULT: {}
COMMAND: POST /session/97d31cefe963fd85982e18ab9d298f50/elements - {"using":"xpath","value":"//span[text()='Error']"}
RESULT: {"using":"xpath","value":"//span[text()='Error']"}
RESULT: undefined
COMMAND: POST /session/97d31cefe963fd85982e18ab9d298f50/element - {"using":"xpath","value":"//*[@id=\"__tile109\"]"}
RESULT: {"using":"xpath","value":"//*[@id=\"__tile109\"]"}
COMMAND: POST /session/97d31cefe963fd85982e18ab9d298f50/element/f.4412A7EDC240442CA6AC0A711488565A.d.B9C1B1731D2C9B8D309315490C54DEE0.e.4037/click - {}
RESULT: undefined
COMMAND: POST /session/97d31cefe963fd85982e18ab9d298f50/element - {"using":"xpath","value":"//*[@id=\"__tile109\"]"}
RESULT: {"using":"xpath","value":"//*[@id=\"__tile109\"]"}
COMMAND: POST /session/97d31cefe963fd85982e18ab9d298f50/element/f.4412A7EDC240442CA6AC0A711488565A.d.B9C1B1731D2C9B8D309315490C54DEE0.e.4037/click - {}
RESULT: undefined
COMMAND: POST /session/97d31cefe963fd85982e18ab9d298f50/execute/async - {"script":"<script> [6424 bytes]","args":[{"element-6066-11e4-a52e-4f735466cecf":"f.4412A7EDC240442CA6AC0A711488565A.d.B9C1B1731D2C9B8D309315490C54DEE0.e.286"},"getTitle",[]]}
COMMAND: POST /session/97d31cefe963fd85982e18ab9d298f50/execute/async - {"script":"<script> [1562 bytes]","args":[{"selector":{"id":"shellAppTitle"},"wdio_ui5_key":"shellAppTitle"}]}
RESULT: {"script":"<script> [1562 bytes]","args":[{"selector":{"id":"shellAppTitle"},"wdio_ui5_key":"shellAppTitle"}]}
COMMAND: POST /session/97d31cefe963fd85982e18ab9d298f50/execute/async - {"script":"<script> [6424 bytes]","args":[{"element-6066-11e4-a52e-4f735466cecf":"f.4412A7EDC240442CA6AC0A711488565A.d.B9C1B1731D2C9B8D309315490C54DEE0.e.4119"},"getTitle",[]]}
RESULT: {"script":"<script> [6424 bytes]","args":[{"element-6066-11e4-a52e-4f735466cecf":"f.4412A7EDC240442CA6AC0A711488565A.d.B9C1B1731D2C9B8D309315490C54DEE0.e.4119"},"getTitle",[]]}
RESULT: undefined
COMMAND: POST /session/97d31cefe963fd85982e18ab9d298f50/element/f.4412A7EDC240442CA6AC0A711488565A.d.B9C1B1731D2C9B8D309315490C54DEE0.e.3962/click - {}
COMMAND: POST /session/97d31cefe963fd85982e18ab9d298f50/element - {"using":"xpath","value":"//*[@id=\"backBtn\"]"}
RESULT: {"using":"xpath","value":"//*[@id=\"backBtn\"]"}
COMMAND: POST /session/97d31cefe963fd85982e18ab9d298f50/element/f.4412A7EDC240442CA6AC0A711488565A.d.B9C1B1731D2C9B8D309315490C54DEE0.e.3962/click - {}
COMMAND: POST /session/97d31cefe963fd85982e18ab9d298f50/element - {"using":"xpath","value":"//*[@id=\"backBtn\"]"}
RESULT: {"using":"xpath","value":"//*[@id=\"backBtn\"]"}
COMMAND: POST /session/97d31cefe963fd85982e18ab9d298f50/element/f.4412A7EDC240442CA6AC0A711488565A.d.B9C1B1731D2C9B8D309315490C54DEE0.e.4120/click - {}
RESULT: {}
COMMAND: GET /session/97d31cefe963fd85982e18ab9d298f50/screenshot - {}
RESULT: {}
]]></system-out>
    </testcase>
    <testcase classname="chrome.136_0_7103_93.windows.Sanity_Tests_US104253" name="Should open ISC Dashboard page" time="42.559">
      <system-out><![CDATA[
COMMAND: POST /session/97d31cefe963fd85982e18ab9d298f50/execute/async - {"script":"<script> [1562 bytes]","args":[{"selector":{"controlType":"sap.m.GenericTile","properties":{"header":"ISC Dashboard"}},"wdio_ui5_key":"sapm.GenericTile{\"header\":\"ISC Dashboard\"}"}]}
RESULT: {"script":"<script> [1562 bytes]","args":[{"selector":{"controlType":"sap.m.GenericTile","properties":{"header":"ISC Dashboard"}},"wdio_ui5_key":"sapm.GenericTile{\"header\":\"ISC Dashboard\"}"}]}
RESULT: undefined
COMMAND: POST /session/97d31cefe963fd85982e18ab9d298f50/element - {"using":"xpath","value":"//*[@id=\"__tile106\"]"}
RESULT: {"using":"xpath","value":"//*[@id=\"__tile106\"]"}
COMMAND: POST /session/97d31cefe963fd85982e18ab9d298f50/element/f.4412A7EDC240442CA6AC0A711488565A.d.B9C1B1731D2C9B8D309315490C54DEE0.e.4122/click - {}
RESULT: {}
COMMAND: GET /session/97d31cefe963fd85982e18ab9d298f50/screenshot - {}
RESULT: {}
COMMAND: POST /session/97d31cefe963fd85982e18ab9d298f50/elements - {"using":"xpath","value":"//span[text()='Error']"}
RESULT: {"using":"xpath","value":"//span[text()='Error']"}
RESULT: undefined
COMMAND: POST /session/97d31cefe963fd85982e18ab9d298f50/element - {"using":"xpath","value":"//*[@id=\"__tile106\"]"}
RESULT: {"using":"xpath","value":"//*[@id=\"__tile106\"]"}
COMMAND: POST /session/97d31cefe963fd85982e18ab9d298f50/element/f.4412A7EDC240442CA6AC0A711488565A.d.B9C1B1731D2C9B8D309315490C54DEE0.e.4122/click - {}
RESULT: undefined
COMMAND: POST /session/97d31cefe963fd85982e18ab9d298f50/element - {"using":"xpath","value":"//*[@id=\"__tile106\"]"}
RESULT: {"using":"xpath","value":"//*[@id=\"__tile106\"]"}
COMMAND: POST /session/97d31cefe963fd85982e18ab9d298f50/element/f.4412A7EDC240442CA6AC0A711488565A.d.B9C1B1731D2C9B8D309315490C54DEE0.e.4122/click - {}
RESULT: undefined
COMMAND: POST /session/97d31cefe963fd85982e18ab9d298f50/execute/async - {"script":"<script> [6424 bytes]","args":[{"element-6066-11e4-a52e-4f735466cecf":"f.4412A7EDC240442CA6AC0A711488565A.d.B9C1B1731D2C9B8D309315490C54DEE0.e.286"},"getTitle",[]]}
COMMAND: POST /session/97d31cefe963fd85982e18ab9d298f50/execute/async - {"script":"<script> [1562 bytes]","args":[{"selector":{"id":"shellAppTitle"},"wdio_ui5_key":"shellAppTitle"}]}
RESULT: {"script":"<script> [1562 bytes]","args":[{"selector":{"id":"shellAppTitle"},"wdio_ui5_key":"shellAppTitle"}]}
COMMAND: POST /session/97d31cefe963fd85982e18ab9d298f50/execute/async - {"script":"<script> [6424 bytes]","args":[{"element-6066-11e4-a52e-4f735466cecf":"f.4412A7EDC240442CA6AC0A711488565A.d.B9C1B1731D2C9B8D309315490C54DEE0.e.4242"},"getTitle",[]]}
RESULT: {"script":"<script> [6424 bytes]","args":[{"element-6066-11e4-a52e-4f735466cecf":"f.4412A7EDC240442CA6AC0A711488565A.d.B9C1B1731D2C9B8D309315490C54DEE0.e.4242"},"getTitle",[]]}
RESULT: undefined
COMMAND: POST /session/97d31cefe963fd85982e18ab9d298f50/element/f.4412A7EDC240442CA6AC0A711488565A.d.B9C1B1731D2C9B8D309315490C54DEE0.e.4120/click - {}
RESULT: {}
COMMAND: GET /session/97d31cefe963fd85982e18ab9d298f50/screenshot - {}
RESULT: {}
]]></system-out>
    </testcase>
    <testcase classname="chrome.136_0_7103_93.windows.Sanity_Tests_US104253" name="Should open ISC Orders page" time="37.747">
      <system-out><![CDATA[
COMMAND: POST /session/97d31cefe963fd85982e18ab9d298f50/execute/async - {"script":"<script> [1562 bytes]","args":[{"selector":{"controlType":"sap.m.GenericTile","properties":{"header":"ISC Orders"}},"wdio_ui5_key":"sapm.GenericTile{\"header\":\"ISC Orders\"}"}]}
RESULT: {"script":"<script> [1562 bytes]","args":[{"selector":{"controlType":"sap.m.GenericTile","properties":{"header":"ISC Orders"}},"wdio_ui5_key":"sapm.GenericTile{\"header\":\"ISC Orders\"}"}]}
RESULT: undefined
COMMAND: POST /session/97d31cefe963fd85982e18ab9d298f50/element - {"using":"xpath","value":"//*[@id=\"__tile108\"]"}
RESULT: {"using":"xpath","value":"//*[@id=\"__tile108\"]"}
COMMAND: POST /session/97d31cefe963fd85982e18ab9d298f50/element/f.4412A7EDC240442CA6AC0A711488565A.d.B9C1B1731D2C9B8D309315490C54DEE0.e.4244/click - {}
RESULT: {}
COMMAND: GET /session/97d31cefe963fd85982e18ab9d298f50/screenshot - {}
RESULT: {}
COMMAND: POST /session/97d31cefe963fd85982e18ab9d298f50/elements - {"using":"xpath","value":"//span[text()='Error']"}
RESULT: {"using":"xpath","value":"//span[text()='Error']"}
RESULT: undefined
COMMAND: POST /session/97d31cefe963fd85982e18ab9d298f50/element - {"using":"xpath","value":"//*[@id=\"__tile108\"]"}
RESULT: {"using":"xpath","value":"//*[@id=\"__tile108\"]"}
COMMAND: POST /session/97d31cefe963fd85982e18ab9d298f50/element/f.4412A7EDC240442CA6AC0A711488565A.d.B9C1B1731D2C9B8D309315490C54DEE0.e.4244/click - {}
RESULT: undefined
COMMAND: POST /session/97d31cefe963fd85982e18ab9d298f50/element - {"using":"xpath","value":"//*[@id=\"__tile108\"]"}
RESULT: {"using":"xpath","value":"//*[@id=\"__tile108\"]"}
COMMAND: POST /session/97d31cefe963fd85982e18ab9d298f50/element/f.4412A7EDC240442CA6AC0A711488565A.d.B9C1B1731D2C9B8D309315490C54DEE0.e.4244/click - {}
RESULT: undefined
COMMAND: POST /session/97d31cefe963fd85982e18ab9d298f50/execute/async - {"script":"<script> [6424 bytes]","args":[{"element-6066-11e4-a52e-4f735466cecf":"f.4412A7EDC240442CA6AC0A711488565A.d.B9C1B1731D2C9B8D309315490C54DEE0.e.286"},"getTitle",[]]}
COMMAND: POST /session/97d31cefe963fd85982e18ab9d298f50/execute/async - {"script":"<script> [1562 bytes]","args":[{"selector":{"id":"shellAppTitle"},"wdio_ui5_key":"shellAppTitle"}]}
RESULT: {"script":"<script> [1562 bytes]","args":[{"selector":{"id":"shellAppTitle"},"wdio_ui5_key":"shellAppTitle"}]}
COMMAND: POST /session/97d31cefe963fd85982e18ab9d298f50/execute/async - {"script":"<script> [6424 bytes]","args":[{"element-6066-11e4-a52e-4f735466cecf":"f.4412A7EDC240442CA6AC0A711488565A.d.B9C1B1731D2C9B8D309315490C54DEE0.e.4349"},"getTitle",[]]}
RESULT: {"script":"<script> [6424 bytes]","args":[{"element-6066-11e4-a52e-4f735466cecf":"f.4412A7EDC240442CA6AC0A711488565A.d.B9C1B1731D2C9B8D309315490C54DEE0.e.4349"},"getTitle",[]]}
RESULT: undefined
COMMAND: POST /session/97d31cefe963fd85982e18ab9d298f50/element/f.4412A7EDC240442CA6AC0A711488565A.d.B9C1B1731D2C9B8D309315490C54DEE0.e.4120/click - {}
COMMAND: POST /session/97d31cefe963fd85982e18ab9d298f50/element - {"using":"xpath","value":"//*[@id=\"backBtn\"]"}
RESULT: {"using":"xpath","value":"//*[@id=\"backBtn\"]"}
COMMAND: POST /session/97d31cefe963fd85982e18ab9d298f50/element/f.4412A7EDC240442CA6AC0A711488565A.d.B9C1B1731D2C9B8D309315490C54DEE0.e.4120/click - {}
COMMAND: POST /session/97d31cefe963fd85982e18ab9d298f50/element - {"using":"xpath","value":"//*[@id=\"backBtn\"]"}
RESULT: {"using":"xpath","value":"//*[@id=\"backBtn\"]"}
COMMAND: POST /session/97d31cefe963fd85982e18ab9d298f50/element/f.4412A7EDC240442CA6AC0A711488565A.d.B9C1B1731D2C9B8D309315490C54DEE0.e.4350/click - {}
RESULT: {}
COMMAND: GET /session/97d31cefe963fd85982e18ab9d298f50/screenshot - {}
RESULT: {}
]]></system-out>
    </testcase>
    <testcase classname="chrome.136_0_7103_93.windows.Sanity_Tests_US104253" name="Should open ISC Tasks page" time="37.929">
      <system-out><![CDATA[
COMMAND: POST /session/97d31cefe963fd85982e18ab9d298f50/execute/async - {"script":"<script> [1562 bytes]","args":[{"selector":{"controlType":"sap.m.GenericTile","properties":{"header":"ISC Tasks"}},"wdio_ui5_key":"sapm.GenericTile{\"header\":\"ISC Tasks\"}"}]}
RESULT: {"script":"<script> [1562 bytes]","args":[{"selector":{"controlType":"sap.m.GenericTile","properties":{"header":"ISC Tasks"}},"wdio_ui5_key":"sapm.GenericTile{\"header\":\"ISC Tasks\"}"}]}
RESULT: undefined
COMMAND: POST /session/97d31cefe963fd85982e18ab9d298f50/element - {"using":"xpath","value":"//*[@id=\"__tile110\"]"}
RESULT: {"using":"xpath","value":"//*[@id=\"__tile110\"]"}
COMMAND: POST /session/97d31cefe963fd85982e18ab9d298f50/element/f.4412A7EDC240442CA6AC0A711488565A.d.B9C1B1731D2C9B8D309315490C54DEE0.e.4352/click - {}
RESULT: {}
COMMAND: GET /session/97d31cefe963fd85982e18ab9d298f50/screenshot - {}
RESULT: {}
COMMAND: POST /session/97d31cefe963fd85982e18ab9d298f50/elements - {"using":"xpath","value":"//span[text()='Error']"}
RESULT: {"using":"xpath","value":"//span[text()='Error']"}
RESULT: undefined
COMMAND: POST /session/97d31cefe963fd85982e18ab9d298f50/element - {"using":"xpath","value":"//*[@id=\"__tile110\"]"}
RESULT: {"using":"xpath","value":"//*[@id=\"__tile110\"]"}
COMMAND: POST /session/97d31cefe963fd85982e18ab9d298f50/element/f.4412A7EDC240442CA6AC0A711488565A.d.B9C1B1731D2C9B8D309315490C54DEE0.e.4352/click - {}
RESULT: undefined
COMMAND: POST /session/97d31cefe963fd85982e18ab9d298f50/element - {"using":"xpath","value":"//*[@id=\"__tile110\"]"}
RESULT: {"using":"xpath","value":"//*[@id=\"__tile110\"]"}
COMMAND: POST /session/97d31cefe963fd85982e18ab9d298f50/element/f.4412A7EDC240442CA6AC0A711488565A.d.B9C1B1731D2C9B8D309315490C54DEE0.e.4352/click - {}
RESULT: undefined
COMMAND: POST /session/97d31cefe963fd85982e18ab9d298f50/execute/async - {"script":"<script> [6424 bytes]","args":[{"element-6066-11e4-a52e-4f735466cecf":"f.4412A7EDC240442CA6AC0A711488565A.d.B9C1B1731D2C9B8D309315490C54DEE0.e.286"},"getTitle",[]]}
COMMAND: POST /session/97d31cefe963fd85982e18ab9d298f50/execute/async - {"script":"<script> [1562 bytes]","args":[{"selector":{"id":"shellAppTitle"},"wdio_ui5_key":"shellAppTitle"}]}
RESULT: {"script":"<script> [1562 bytes]","args":[{"selector":{"id":"shellAppTitle"},"wdio_ui5_key":"shellAppTitle"}]}
COMMAND: POST /session/97d31cefe963fd85982e18ab9d298f50/execute/async - {"script":"<script> [6424 bytes]","args":[{"element-6066-11e4-a52e-4f735466cecf":"f.4412A7EDC240442CA6AC0A711488565A.d.B9C1B1731D2C9B8D309315490C54DEE0.e.4436"},"getTitle",[]]}
RESULT: {"script":"<script> [6424 bytes]","args":[{"element-6066-11e4-a52e-4f735466cecf":"f.4412A7EDC240442CA6AC0A711488565A.d.B9C1B1731D2C9B8D309315490C54DEE0.e.4436"},"getTitle",[]]}
RESULT: undefined
COMMAND: POST /session/97d31cefe963fd85982e18ab9d298f50/element/f.4412A7EDC240442CA6AC0A711488565A.d.B9C1B1731D2C9B8D309315490C54DEE0.e.4350/click - {}
RESULT: {}
COMMAND: GET /session/97d31cefe963fd85982e18ab9d298f50/screenshot - {}
RESULT: {}
]]></system-out>
    </testcase>
    <testcase classname="chrome.136_0_7103_93.windows.Sanity_Tests_US104253" name="Should open Manage Resource Logbook page" time="36.601">
      <system-out><![CDATA[
COMMAND: POST /session/97d31cefe963fd85982e18ab9d298f50/execute/async - {"script":"<script> [1562 bytes]","args":[{"selector":{"controlType":"sap.m.GenericTile","properties":{"header":"Manage Resource Logbook"}},"wdio_ui5_key":"sapm.GenericTile{\"header\":\"Manage Resource Logbook\"}"}]}
RESULT: {"script":"<script> [1562 bytes]","args":[{"selector":{"controlType":"sap.m.GenericTile","properties":{"header":"Manage Resource Logbook"}},"wdio_ui5_key":"sapm.GenericTile{\"header\":\"Manage Resource Logbook\"}"}]}
RESULT: undefined
COMMAND: POST /session/97d31cefe963fd85982e18ab9d298f50/element - {"using":"xpath","value":"//*[@id=\"__tile113\"]"}
RESULT: {"using":"xpath","value":"//*[@id=\"__tile113\"]"}
COMMAND: POST /session/97d31cefe963fd85982e18ab9d298f50/element/f.4412A7EDC240442CA6AC0A711488565A.d.B9C1B1731D2C9B8D309315490C54DEE0.e.4438/click - {}
RESULT: {}
COMMAND: GET /session/97d31cefe963fd85982e18ab9d298f50/screenshot - {}
RESULT: {}
COMMAND: POST /session/97d31cefe963fd85982e18ab9d298f50/elements - {"using":"xpath","value":"//span[text()='Error']"}
RESULT: {"using":"xpath","value":"//span[text()='Error']"}
RESULT: undefined
COMMAND: POST /session/97d31cefe963fd85982e18ab9d298f50/element - {"using":"xpath","value":"//*[@id=\"__tile113\"]"}
RESULT: {"using":"xpath","value":"//*[@id=\"__tile113\"]"}
COMMAND: POST /session/97d31cefe963fd85982e18ab9d298f50/element/f.4412A7EDC240442CA6AC0A711488565A.d.B9C1B1731D2C9B8D309315490C54DEE0.e.4438/click - {}
RESULT: undefined
COMMAND: POST /session/97d31cefe963fd85982e18ab9d298f50/element - {"using":"xpath","value":"//*[@id=\"__tile113\"]"}
RESULT: {"using":"xpath","value":"//*[@id=\"__tile113\"]"}
COMMAND: POST /session/97d31cefe963fd85982e18ab9d298f50/element/f.4412A7EDC240442CA6AC0A711488565A.d.B9C1B1731D2C9B8D309315490C54DEE0.e.4438/click - {}
RESULT: undefined
COMMAND: POST /session/97d31cefe963fd85982e18ab9d298f50/execute/async - {"script":"<script> [6424 bytes]","args":[{"element-6066-11e4-a52e-4f735466cecf":"f.4412A7EDC240442CA6AC0A711488565A.d.B9C1B1731D2C9B8D309315490C54DEE0.e.286"},"getTitle",[]]}
COMMAND: POST /session/97d31cefe963fd85982e18ab9d298f50/execute/async - {"script":"<script> [1562 bytes]","args":[{"selector":{"id":"shellAppTitle"},"wdio_ui5_key":"shellAppTitle"}]}
RESULT: {"script":"<script> [1562 bytes]","args":[{"selector":{"id":"shellAppTitle"},"wdio_ui5_key":"shellAppTitle"}]}
COMMAND: POST /session/97d31cefe963fd85982e18ab9d298f50/execute/async - {"script":"<script> [6424 bytes]","args":[{"element-6066-11e4-a52e-4f735466cecf":"f.4412A7EDC240442CA6AC0A711488565A.d.B9C1B1731D2C9B8D309315490C54DEE0.e.4540"},"getTitle",[]]}
RESULT: {"script":"<script> [6424 bytes]","args":[{"element-6066-11e4-a52e-4f735466cecf":"f.4412A7EDC240442CA6AC0A711488565A.d.B9C1B1731D2C9B8D309315490C54DEE0.e.4540"},"getTitle",[]]}
RESULT: undefined
COMMAND: POST /session/97d31cefe963fd85982e18ab9d298f50/element/f.4412A7EDC240442CA6AC0A711488565A.d.B9C1B1731D2C9B8D309315490C54DEE0.e.4350/click - {}
COMMAND: POST /session/97d31cefe963fd85982e18ab9d298f50/element - {"using":"xpath","value":"//*[@id=\"backBtn\"]"}
RESULT: {"using":"xpath","value":"//*[@id=\"backBtn\"]"}
COMMAND: POST /session/97d31cefe963fd85982e18ab9d298f50/element/f.4412A7EDC240442CA6AC0A711488565A.d.B9C1B1731D2C9B8D309315490C54DEE0.e.4350/click - {}
COMMAND: POST /session/97d31cefe963fd85982e18ab9d298f50/element - {"using":"xpath","value":"//*[@id=\"backBtn\"]"}
RESULT: {"using":"xpath","value":"//*[@id=\"backBtn\"]"}
COMMAND: POST /session/97d31cefe963fd85982e18ab9d298f50/element/f.4412A7EDC240442CA6AC0A711488565A.d.B9C1B1731D2C9B8D309315490C54DEE0.e.4541/click - {}
RESULT: {}
COMMAND: GET /session/97d31cefe963fd85982e18ab9d298f50/screenshot - {}
RESULT: {}
]]></system-out>
    </testcase>
    <testcase classname="chrome.136_0_7103_93.windows.Sanity_Tests_US104253" name="Should open Manage Logbook page" time="35.907">
      <system-out><![CDATA[
COMMAND: POST /session/97d31cefe963fd85982e18ab9d298f50/execute/async - {"script":"<script> [1562 bytes]","args":[{"selector":{"controlType":"sap.m.GenericTile","properties":{"header":"Manage Logbook"}},"wdio_ui5_key":"sapm.GenericTile{\"header\":\"Manage Logbook\"}"}]}
RESULT: {"script":"<script> [1562 bytes]","args":[{"selector":{"controlType":"sap.m.GenericTile","properties":{"header":"Manage Logbook"}},"wdio_ui5_key":"sapm.GenericTile{\"header\":\"Manage Logbook\"}"}]}
RESULT: undefined
COMMAND: POST /session/97d31cefe963fd85982e18ab9d298f50/element - {"using":"xpath","value":"//*[@id=\"__tile112\"]"}
RESULT: {"using":"xpath","value":"//*[@id=\"__tile112\"]"}
COMMAND: POST /session/97d31cefe963fd85982e18ab9d298f50/element/f.4412A7EDC240442CA6AC0A711488565A.d.B9C1B1731D2C9B8D309315490C54DEE0.e.4543/click - {}
RESULT: {}
COMMAND: GET /session/97d31cefe963fd85982e18ab9d298f50/screenshot - {}
RESULT: {}
COMMAND: POST /session/97d31cefe963fd85982e18ab9d298f50/elements - {"using":"xpath","value":"//span[text()='Error']"}
RESULT: {"using":"xpath","value":"//span[text()='Error']"}
RESULT: undefined
COMMAND: POST /session/97d31cefe963fd85982e18ab9d298f50/element - {"using":"xpath","value":"//*[@id=\"__tile112\"]"}
RESULT: {"using":"xpath","value":"//*[@id=\"__tile112\"]"}
COMMAND: POST /session/97d31cefe963fd85982e18ab9d298f50/element/f.4412A7EDC240442CA6AC0A711488565A.d.B9C1B1731D2C9B8D309315490C54DEE0.e.4543/click - {}
RESULT: undefined
COMMAND: POST /session/97d31cefe963fd85982e18ab9d298f50/element - {"using":"xpath","value":"//*[@id=\"__tile112\"]"}
RESULT: {"using":"xpath","value":"//*[@id=\"__tile112\"]"}
COMMAND: POST /session/97d31cefe963fd85982e18ab9d298f50/element/f.4412A7EDC240442CA6AC0A711488565A.d.B9C1B1731D2C9B8D309315490C54DEE0.e.4543/click - {}
RESULT: undefined
COMMAND: POST /session/97d31cefe963fd85982e18ab9d298f50/execute/async - {"script":"<script> [6424 bytes]","args":[{"element-6066-11e4-a52e-4f735466cecf":"f.4412A7EDC240442CA6AC0A711488565A.d.B9C1B1731D2C9B8D309315490C54DEE0.e.286"},"getTitle",[]]}
COMMAND: POST /session/97d31cefe963fd85982e18ab9d298f50/execute/async - {"script":"<script> [1562 bytes]","args":[{"selector":{"id":"shellAppTitle"},"wdio_ui5_key":"shellAppTitle"}]}
RESULT: {"script":"<script> [1562 bytes]","args":[{"selector":{"id":"shellAppTitle"},"wdio_ui5_key":"shellAppTitle"}]}
COMMAND: POST /session/97d31cefe963fd85982e18ab9d298f50/execute/async - {"script":"<script> [6424 bytes]","args":[{"element-6066-11e4-a52e-4f735466cecf":"f.4412A7EDC240442CA6AC0A711488565A.d.B9C1B1731D2C9B8D309315490C54DEE0.e.4612"},"getTitle",[]]}
RESULT: {"script":"<script> [6424 bytes]","args":[{"element-6066-11e4-a52e-4f735466cecf":"f.4412A7EDC240442CA6AC0A711488565A.d.B9C1B1731D2C9B8D309315490C54DEE0.e.4612"},"getTitle",[]]}
RESULT: undefined
COMMAND: POST /session/97d31cefe963fd85982e18ab9d298f50/element/f.4412A7EDC240442CA6AC0A711488565A.d.B9C1B1731D2C9B8D309315490C54DEE0.e.4541/click - {}
RESULT: {}
COMMAND: GET /session/97d31cefe963fd85982e18ab9d298f50/screenshot - {}
RESULT: {}
]]></system-out>
    </testcase>
    <testcase classname="chrome.136_0_7103_93.windows.Sanity_Tests_US104253" name="Should open ISC Orders Calendar page" time="37.266">
      <system-out><![CDATA[
COMMAND: POST /session/97d31cefe963fd85982e18ab9d298f50/execute/async - {"script":"<script> [1562 bytes]","args":[{"selector":{"controlType":"sap.m.GenericTile","properties":{"header":"ISC Orders Calendar"}},"wdio_ui5_key":"sapm.GenericTile{\"header\":\"ISC Orders Calendar\"}"}]}
RESULT: {"script":"<script> [1562 bytes]","args":[{"selector":{"controlType":"sap.m.GenericTile","properties":{"header":"ISC Orders Calendar"}},"wdio_ui5_key":"sapm.GenericTile{\"header\":\"ISC Orders Calendar\"}"}]}
RESULT: undefined
COMMAND: POST /session/97d31cefe963fd85982e18ab9d298f50/element - {"using":"xpath","value":"//*[@id=\"__tile107\"]"}
RESULT: {"using":"xpath","value":"//*[@id=\"__tile107\"]"}
COMMAND: POST /session/97d31cefe963fd85982e18ab9d298f50/element/f.4412A7EDC240442CA6AC0A711488565A.d.B9C1B1731D2C9B8D309315490C54DEE0.e.4614/click - {}
RESULT: {}
COMMAND: GET /session/97d31cefe963fd85982e18ab9d298f50/screenshot - {}
RESULT: {}
COMMAND: POST /session/97d31cefe963fd85982e18ab9d298f50/elements - {"using":"xpath","value":"//span[text()='Error']"}
RESULT: {"using":"xpath","value":"//span[text()='Error']"}
RESULT: undefined
COMMAND: POST /session/97d31cefe963fd85982e18ab9d298f50/element - {"using":"xpath","value":"//*[@id=\"__tile107\"]"}
RESULT: {"using":"xpath","value":"//*[@id=\"__tile107\"]"}
COMMAND: POST /session/97d31cefe963fd85982e18ab9d298f50/element/f.4412A7EDC240442CA6AC0A711488565A.d.B9C1B1731D2C9B8D309315490C54DEE0.e.4614/click - {}
RESULT: undefined
COMMAND: POST /session/97d31cefe963fd85982e18ab9d298f50/element - {"using":"xpath","value":"//*[@id=\"__tile107\"]"}
RESULT: {"using":"xpath","value":"//*[@id=\"__tile107\"]"}
COMMAND: POST /session/97d31cefe963fd85982e18ab9d298f50/element/f.4412A7EDC240442CA6AC0A711488565A.d.B9C1B1731D2C9B8D309315490C54DEE0.e.4614/click - {}
RESULT: undefined
COMMAND: POST /session/97d31cefe963fd85982e18ab9d298f50/execute/async - {"script":"<script> [6424 bytes]","args":[{"element-6066-11e4-a52e-4f735466cecf":"f.4412A7EDC240442CA6AC0A711488565A.d.B9C1B1731D2C9B8D309315490C54DEE0.e.286"},"getTitle",[]]}
COMMAND: POST /session/97d31cefe963fd85982e18ab9d298f50/execute/async - {"script":"<script> [1562 bytes]","args":[{"selector":{"id":"shellAppTitle"},"wdio_ui5_key":"shellAppTitle"}]}
RESULT: {"script":"<script> [1562 bytes]","args":[{"selector":{"id":"shellAppTitle"},"wdio_ui5_key":"shellAppTitle"}]}
COMMAND: POST /session/97d31cefe963fd85982e18ab9d298f50/execute/async - {"script":"<script> [6424 bytes]","args":[{"element-6066-11e4-a52e-4f735466cecf":"f.4412A7EDC240442CA6AC0A711488565A.d.B9C1B1731D2C9B8D309315490C54DEE0.e.4829"},"getTitle",[]]}
RESULT: {"script":"<script> [6424 bytes]","args":[{"element-6066-11e4-a52e-4f735466cecf":"f.4412A7EDC240442CA6AC0A711488565A.d.B9C1B1731D2C9B8D309315490C54DEE0.e.4829"},"getTitle",[]]}
RESULT: undefined
COMMAND: POST /session/97d31cefe963fd85982e18ab9d298f50/element/f.4412A7EDC240442CA6AC0A711488565A.d.B9C1B1731D2C9B8D309315490C54DEE0.e.4541/click - {}
COMMAND: POST /session/97d31cefe963fd85982e18ab9d298f50/element - {"using":"xpath","value":"//*[@id=\"backBtn\"]"}
RESULT: {"using":"xpath","value":"//*[@id=\"backBtn\"]"}
COMMAND: POST /session/97d31cefe963fd85982e18ab9d298f50/element/f.4412A7EDC240442CA6AC0A711488565A.d.B9C1B1731D2C9B8D309315490C54DEE0.e.4541/click - {}
COMMAND: POST /session/97d31cefe963fd85982e18ab9d298f50/element - {"using":"xpath","value":"//*[@id=\"backBtn\"]"}
RESULT: {"using":"xpath","value":"//*[@id=\"backBtn\"]"}
COMMAND: POST /session/97d31cefe963fd85982e18ab9d298f50/element/f.4412A7EDC240442CA6AC0A711488565A.d.B9C1B1731D2C9B8D309315490C54DEE0.e.4830/click - {}
RESULT: {}
COMMAND: GET /session/97d31cefe963fd85982e18ab9d298f50/screenshot - {}
RESULT: {}
]]></system-out>
    </testcase>
    <testcase classname="chrome.136_0_7103_93.windows.Sanity_Tests_US104253" name="Should open Configure System page" time="36.923">
      <system-out><![CDATA[
COMMAND: POST /session/97d31cefe963fd85982e18ab9d298f50/execute/async - {"script":"<script> [1562 bytes]","args":[{"selector":{"controlType":"sap.m.GenericTile","properties":{"header":"Configure System"}},"wdio_ui5_key":"sapm.GenericTile{\"header\":\"Configure System\"}"}]}
RESULT: {"script":"<script> [1562 bytes]","args":[{"selector":{"controlType":"sap.m.GenericTile","properties":{"header":"Configure System"}},"wdio_ui5_key":"sapm.GenericTile{\"header\":\"Configure System\"}"}]}
RESULT: undefined
COMMAND: POST /session/97d31cefe963fd85982e18ab9d298f50/element - {"using":"xpath","value":"//*[@id=\"__tile114\"]"}
RESULT: {"using":"xpath","value":"//*[@id=\"__tile114\"]"}
COMMAND: POST /session/97d31cefe963fd85982e18ab9d298f50/element/f.4412A7EDC240442CA6AC0A711488565A.d.B9C1B1731D2C9B8D309315490C54DEE0.e.4832/click - {}
RESULT: {}
COMMAND: GET /session/97d31cefe963fd85982e18ab9d298f50/screenshot - {}
RESULT: {}
COMMAND: POST /session/97d31cefe963fd85982e18ab9d298f50/elements - {"using":"xpath","value":"//span[text()='Error']"}
RESULT: {"using":"xpath","value":"//span[text()='Error']"}
RESULT: undefined
COMMAND: POST /session/97d31cefe963fd85982e18ab9d298f50/element - {"using":"xpath","value":"//*[@id=\"__tile114\"]"}
RESULT: {"using":"xpath","value":"//*[@id=\"__tile114\"]"}
COMMAND: POST /session/97d31cefe963fd85982e18ab9d298f50/element/f.4412A7EDC240442CA6AC0A711488565A.d.B9C1B1731D2C9B8D309315490C54DEE0.e.4832/click - {}
RESULT: undefined
COMMAND: POST /session/97d31cefe963fd85982e18ab9d298f50/element - {"using":"xpath","value":"//*[@id=\"__tile114\"]"}
RESULT: {"using":"xpath","value":"//*[@id=\"__tile114\"]"}
COMMAND: POST /session/97d31cefe963fd85982e18ab9d298f50/element/f.4412A7EDC240442CA6AC0A711488565A.d.B9C1B1731D2C9B8D309315490C54DEE0.e.4832/click - {}
RESULT: undefined
COMMAND: POST /session/97d31cefe963fd85982e18ab9d298f50/execute/async - {"script":"<script> [6424 bytes]","args":[{"element-6066-11e4-a52e-4f735466cecf":"f.4412A7EDC240442CA6AC0A711488565A.d.B9C1B1731D2C9B8D309315490C54DEE0.e.286"},"getTitle",[]]}
COMMAND: POST /session/97d31cefe963fd85982e18ab9d298f50/execute/async - {"script":"<script> [1562 bytes]","args":[{"selector":{"id":"shellAppTitle"},"wdio_ui5_key":"shellAppTitle"}]}
RESULT: {"script":"<script> [1562 bytes]","args":[{"selector":{"id":"shellAppTitle"},"wdio_ui5_key":"shellAppTitle"}]}
COMMAND: POST /session/97d31cefe963fd85982e18ab9d298f50/execute/async - {"script":"<script> [6424 bytes]","args":[{"element-6066-11e4-a52e-4f735466cecf":"f.4412A7EDC240442CA6AC0A711488565A.d.B9C1B1731D2C9B8D309315490C54DEE0.e.4872"},"getTitle",[]]}
RESULT: {"script":"<script> [6424 bytes]","args":[{"element-6066-11e4-a52e-4f735466cecf":"f.4412A7EDC240442CA6AC0A711488565A.d.B9C1B1731D2C9B8D309315490C54DEE0.e.4872"},"getTitle",[]]}
RESULT: undefined
COMMAND: POST /session/97d31cefe963fd85982e18ab9d298f50/element/f.4412A7EDC240442CA6AC0A711488565A.d.B9C1B1731D2C9B8D309315490C54DEE0.e.4830/click - {}
RESULT: {}
COMMAND: GET /session/97d31cefe963fd85982e18ab9d298f50/screenshot - {}
RESULT: {}
]]></system-out>
    </testcase>
    <testcase classname="chrome.136_0_7103_93.windows.Sanity_Tests_US104253" name="Should open Manage Classifications page" time="36.115">
      <system-out><![CDATA[
COMMAND: POST /session/97d31cefe963fd85982e18ab9d298f50/execute/async - {"script":"<script> [1562 bytes]","args":[{"selector":{"controlType":"sap.m.GenericTile","properties":{"header":"Manage Classifications"}},"wdio_ui5_key":"sapm.GenericTile{\"header\":\"Manage Classifications\"}"}]}
RESULT: {"script":"<script> [1562 bytes]","args":[{"selector":{"controlType":"sap.m.GenericTile","properties":{"header":"Manage Classifications"}},"wdio_ui5_key":"sapm.GenericTile{\"header\":\"Manage Classifications\"}"}]}
RESULT: undefined
COMMAND: POST /session/97d31cefe963fd85982e18ab9d298f50/element - {"using":"xpath","value":"//*[@id=\"__tile115\"]"}
RESULT: {"using":"xpath","value":"//*[@id=\"__tile115\"]"}
COMMAND: POST /session/97d31cefe963fd85982e18ab9d298f50/element/f.4412A7EDC240442CA6AC0A711488565A.d.B9C1B1731D2C9B8D309315490C54DEE0.e.4876/click - {}
RESULT: {}
COMMAND: GET /session/97d31cefe963fd85982e18ab9d298f50/screenshot - {}
RESULT: {}
COMMAND: POST /session/97d31cefe963fd85982e18ab9d298f50/elements - {"using":"xpath","value":"//span[text()='Error']"}
RESULT: {"using":"xpath","value":"//span[text()='Error']"}
RESULT: undefined
COMMAND: POST /session/97d31cefe963fd85982e18ab9d298f50/element - {"using":"xpath","value":"//*[@id=\"__tile115\"]"}
RESULT: {"using":"xpath","value":"//*[@id=\"__tile115\"]"}
COMMAND: POST /session/97d31cefe963fd85982e18ab9d298f50/element/f.4412A7EDC240442CA6AC0A711488565A.d.B9C1B1731D2C9B8D309315490C54DEE0.e.4876/click - {}
RESULT: undefined
COMMAND: POST /session/97d31cefe963fd85982e18ab9d298f50/element - {"using":"xpath","value":"//*[@id=\"__tile115\"]"}
RESULT: {"using":"xpath","value":"//*[@id=\"__tile115\"]"}
COMMAND: POST /session/97d31cefe963fd85982e18ab9d298f50/element/f.4412A7EDC240442CA6AC0A711488565A.d.B9C1B1731D2C9B8D309315490C54DEE0.e.4876/click - {}
RESULT: undefined
COMMAND: POST /session/97d31cefe963fd85982e18ab9d298f50/execute/async - {"script":"<script> [6424 bytes]","args":[{"element-6066-11e4-a52e-4f735466cecf":"f.4412A7EDC240442CA6AC0A711488565A.d.B9C1B1731D2C9B8D309315490C54DEE0.e.286"},"getTitle",[]]}
COMMAND: POST /session/97d31cefe963fd85982e18ab9d298f50/execute/async - {"script":"<script> [1562 bytes]","args":[{"selector":{"id":"shellAppTitle"},"wdio_ui5_key":"shellAppTitle"}]}
RESULT: {"script":"<script> [1562 bytes]","args":[{"selector":{"id":"shellAppTitle"},"wdio_ui5_key":"shellAppTitle"}]}
COMMAND: POST /session/97d31cefe963fd85982e18ab9d298f50/execute/async - {"script":"<script> [6424 bytes]","args":[{"element-6066-11e4-a52e-4f735466cecf":"f.4412A7EDC240442CA6AC0A711488565A.d.B9C1B1731D2C9B8D309315490C54DEE0.e.5112"},"getTitle",[]]}
RESULT: {"script":"<script> [6424 bytes]","args":[{"element-6066-11e4-a52e-4f735466cecf":"f.4412A7EDC240442CA6AC0A711488565A.d.B9C1B1731D2C9B8D309315490C54DEE0.e.5112"},"getTitle",[]]}
RESULT: undefined
COMMAND: POST /session/97d31cefe963fd85982e18ab9d298f50/element/f.4412A7EDC240442CA6AC0A711488565A.d.B9C1B1731D2C9B8D309315490C54DEE0.e.4830/click - {}
COMMAND: POST /session/97d31cefe963fd85982e18ab9d298f50/element - {"using":"xpath","value":"//*[@id=\"backBtn\"]"}
RESULT: {"using":"xpath","value":"//*[@id=\"backBtn\"]"}
COMMAND: POST /session/97d31cefe963fd85982e18ab9d298f50/element/f.4412A7EDC240442CA6AC0A711488565A.d.B9C1B1731D2C9B8D309315490C54DEE0.e.4830/click - {}
COMMAND: POST /session/97d31cefe963fd85982e18ab9d298f50/element - {"using":"xpath","value":"//*[@id=\"backBtn\"]"}
RESULT: {"using":"xpath","value":"//*[@id=\"backBtn\"]"}
COMMAND: POST /session/97d31cefe963fd85982e18ab9d298f50/element/f.4412A7EDC240442CA6AC0A711488565A.d.B9C1B1731D2C9B8D309315490C54DEE0.e.5113/click - {}
RESULT: {}
COMMAND: GET /session/97d31cefe963fd85982e18ab9d298f50/screenshot - {}
RESULT: {}
]]></system-out>
    </testcase>
    <testcase classname="chrome.136_0_7103_93.windows.Sanity_Tests_US104253" name="Should open Data Explorer page" time="37.835">
      <system-out><![CDATA[
COMMAND: POST /session/97d31cefe963fd85982e18ab9d298f50/execute/async - {"script":"<script> [1562 bytes]","args":[{"selector":{"controlType":"sap.m.GenericTile","properties":{"header":"Data Explorer"}},"wdio_ui5_key":"sapm.GenericTile{\"header\":\"Data Explorer\"}"}]}
RESULT: {"script":"<script> [1562 bytes]","args":[{"selector":{"controlType":"sap.m.GenericTile","properties":{"header":"Data Explorer"}},"wdio_ui5_key":"sapm.GenericTile{\"header\":\"Data Explorer\"}"}]}
RESULT: undefined
COMMAND: POST /session/97d31cefe963fd85982e18ab9d298f50/element - {"using":"xpath","value":"//*[@id=\"__tile117\"]"}
RESULT: {"using":"xpath","value":"//*[@id=\"__tile117\"]"}
COMMAND: POST /session/97d31cefe963fd85982e18ab9d298f50/element/f.4412A7EDC240442CA6AC0A711488565A.d.B9C1B1731D2C9B8D309315490C54DEE0.e.5115/click - {}
RESULT: {}
COMMAND: GET /session/97d31cefe963fd85982e18ab9d298f50/screenshot - {}
RESULT: {}
COMMAND: POST /session/97d31cefe963fd85982e18ab9d298f50/elements - {"using":"xpath","value":"//span[text()='Error']"}
RESULT: {"using":"xpath","value":"//span[text()='Error']"}
RESULT: undefined
COMMAND: POST /session/97d31cefe963fd85982e18ab9d298f50/element - {"using":"xpath","value":"//*[@id=\"__tile117\"]"}
RESULT: {"using":"xpath","value":"//*[@id=\"__tile117\"]"}
COMMAND: POST /session/97d31cefe963fd85982e18ab9d298f50/element/f.4412A7EDC240442CA6AC0A711488565A.d.B9C1B1731D2C9B8D309315490C54DEE0.e.5115/click - {}
RESULT: undefined
COMMAND: POST /session/97d31cefe963fd85982e18ab9d298f50/element - {"using":"xpath","value":"//*[@id=\"__tile117\"]"}
RESULT: {"using":"xpath","value":"//*[@id=\"__tile117\"]"}
COMMAND: POST /session/97d31cefe963fd85982e18ab9d298f50/element/f.4412A7EDC240442CA6AC0A711488565A.d.B9C1B1731D2C9B8D309315490C54DEE0.e.5115/click - {}
RESULT: undefined
COMMAND: POST /session/97d31cefe963fd85982e18ab9d298f50/execute/async - {"script":"<script> [6424 bytes]","args":[{"element-6066-11e4-a52e-4f735466cecf":"f.4412A7EDC240442CA6AC0A711488565A.d.B9C1B1731D2C9B8D309315490C54DEE0.e.286"},"getTitle",[]]}
COMMAND: POST /session/97d31cefe963fd85982e18ab9d298f50/execute/async - {"script":"<script> [1562 bytes]","args":[{"selector":{"id":"shellAppTitle"},"wdio_ui5_key":"shellAppTitle"}]}
RESULT: {"script":"<script> [1562 bytes]","args":[{"selector":{"id":"shellAppTitle"},"wdio_ui5_key":"shellAppTitle"}]}
COMMAND: POST /session/97d31cefe963fd85982e18ab9d298f50/execute/async - {"script":"<script> [6424 bytes]","args":[{"element-6066-11e4-a52e-4f735466cecf":"f.4412A7EDC240442CA6AC0A711488565A.d.B9C1B1731D2C9B8D309315490C54DEE0.e.5297"},"getTitle",[]]}
RESULT: {"script":"<script> [6424 bytes]","args":[{"element-6066-11e4-a52e-4f735466cecf":"f.4412A7EDC240442CA6AC0A711488565A.d.B9C1B1731D2C9B8D309315490C54DEE0.e.5297"},"getTitle",[]]}
RESULT: undefined
COMMAND: POST /session/97d31cefe963fd85982e18ab9d298f50/element/f.4412A7EDC240442CA6AC0A711488565A.d.B9C1B1731D2C9B8D309315490C54DEE0.e.5113/click - {}
RESULT: {}
COMMAND: GET /session/97d31cefe963fd85982e18ab9d298f50/screenshot - {}
RESULT: {}
]]></system-out>
    </testcase>
    <testcase classname="chrome.136_0_7103_93.windows.Sanity_Tests_US104253" name="Should open Performance Monitor page" time="36.138">
      <system-out><![CDATA[
COMMAND: POST /session/97d31cefe963fd85982e18ab9d298f50/execute/async - {"script":"<script> [1562 bytes]","args":[{"selector":{"controlType":"sap.m.GenericTile","properties":{"header":"Performance Monitor"}},"wdio_ui5_key":"sapm.GenericTile{\"header\":\"Performance Monitor\"}"}]}
RESULT: {"script":"<script> [1562 bytes]","args":[{"selector":{"controlType":"sap.m.GenericTile","properties":{"header":"Performance Monitor"}},"wdio_ui5_key":"sapm.GenericTile{\"header\":\"Performance Monitor\"}"}]}
RESULT: undefined
COMMAND: POST /session/97d31cefe963fd85982e18ab9d298f50/element - {"using":"xpath","value":"//*[@id=\"__tile116\"]"}
RESULT: {"using":"xpath","value":"//*[@id=\"__tile116\"]"}
COMMAND: POST /session/97d31cefe963fd85982e18ab9d298f50/element/f.4412A7EDC240442CA6AC0A711488565A.d.B9C1B1731D2C9B8D309315490C54DEE0.e.5299/click - {}
RESULT: {}
COMMAND: GET /session/97d31cefe963fd85982e18ab9d298f50/screenshot - {}
RESULT: {}
COMMAND: POST /session/97d31cefe963fd85982e18ab9d298f50/elements - {"using":"xpath","value":"//span[text()='Error']"}
RESULT: {"using":"xpath","value":"//span[text()='Error']"}
RESULT: undefined
COMMAND: POST /session/97d31cefe963fd85982e18ab9d298f50/element - {"using":"xpath","value":"//*[@id=\"__tile116\"]"}
RESULT: {"using":"xpath","value":"//*[@id=\"__tile116\"]"}
COMMAND: POST /session/97d31cefe963fd85982e18ab9d298f50/element/f.4412A7EDC240442CA6AC0A711488565A.d.B9C1B1731D2C9B8D309315490C54DEE0.e.5299/click - {}
RESULT: undefined
COMMAND: POST /session/97d31cefe963fd85982e18ab9d298f50/element - {"using":"xpath","value":"//*[@id=\"__tile116\"]"}
RESULT: {"using":"xpath","value":"//*[@id=\"__tile116\"]"}
COMMAND: POST /session/97d31cefe963fd85982e18ab9d298f50/element/f.4412A7EDC240442CA6AC0A711488565A.d.B9C1B1731D2C9B8D309315490C54DEE0.e.5299/click - {}
RESULT: undefined
COMMAND: POST /session/97d31cefe963fd85982e18ab9d298f50/execute/async - {"script":"<script> [6424 bytes]","args":[{"element-6066-11e4-a52e-4f735466cecf":"f.4412A7EDC240442CA6AC0A711488565A.d.B9C1B1731D2C9B8D309315490C54DEE0.e.286"},"getTitle",[]]}
COMMAND: POST /session/97d31cefe963fd85982e18ab9d298f50/execute/async - {"script":"<script> [1562 bytes]","args":[{"selector":{"id":"shellAppTitle"},"wdio_ui5_key":"shellAppTitle"}]}
RESULT: {"script":"<script> [1562 bytes]","args":[{"selector":{"id":"shellAppTitle"},"wdio_ui5_key":"shellAppTitle"}]}
COMMAND: POST /session/97d31cefe963fd85982e18ab9d298f50/execute/async - {"script":"<script> [6424 bytes]","args":[{"element-6066-11e4-a52e-4f735466cecf":"f.4412A7EDC240442CA6AC0A711488565A.d.B9C1B1731D2C9B8D309315490C54DEE0.e.5340"},"getTitle",[]]}
RESULT: {"script":"<script> [6424 bytes]","args":[{"element-6066-11e4-a52e-4f735466cecf":"f.4412A7EDC240442CA6AC0A711488565A.d.B9C1B1731D2C9B8D309315490C54DEE0.e.5340"},"getTitle",[]]}
RESULT: undefined
COMMAND: POST /session/97d31cefe963fd85982e18ab9d298f50/element/f.4412A7EDC240442CA6AC0A711488565A.d.B9C1B1731D2C9B8D309315490C54DEE0.e.5113/click - {}
COMMAND: POST /session/97d31cefe963fd85982e18ab9d298f50/element - {"using":"xpath","value":"//*[@id=\"backBtn\"]"}
RESULT: {"using":"xpath","value":"//*[@id=\"backBtn\"]"}
COMMAND: POST /session/97d31cefe963fd85982e18ab9d298f50/element/f.4412A7EDC240442CA6AC0A711488565A.d.B9C1B1731D2C9B8D309315490C54DEE0.e.5113/click - {}
COMMAND: POST /session/97d31cefe963fd85982e18ab9d298f50/element - {"using":"xpath","value":"//*[@id=\"backBtn\"]"}
RESULT: {"using":"xpath","value":"//*[@id=\"backBtn\"]"}
COMMAND: POST /session/97d31cefe963fd85982e18ab9d298f50/element/f.4412A7EDC240442CA6AC0A711488565A.d.B9C1B1731D2C9B8D309315490C54DEE0.e.5341/click - {}
RESULT: {}
COMMAND: GET /session/97d31cefe963fd85982e18ab9d298f50/screenshot - {}
RESULT: {}
]]></system-out>
    </testcase>
    <testcase classname="chrome.136_0_7103_93.windows.Sanity_Tests_US104253" name="Should open Organizational Model page" time="36.619">
      <system-out><![CDATA[
COMMAND: POST /session/97d31cefe963fd85982e18ab9d298f50/execute/async - {"script":"<script> [1562 bytes]","args":[{"selector":{"controlType":"sap.m.GenericTile","properties":{"header":"Organizational Model"}},"wdio_ui5_key":"sapm.GenericTile{\"header\":\"Organizational Model\"}"}]}
RESULT: {"script":"<script> [1562 bytes]","args":[{"selector":{"controlType":"sap.m.GenericTile","properties":{"header":"Organizational Model"}},"wdio_ui5_key":"sapm.GenericTile{\"header\":\"Organizational Model\"}"}]}
RESULT: undefined
COMMAND: POST /session/97d31cefe963fd85982e18ab9d298f50/element - {"using":"xpath","value":"//*[@id=\"__tile120\"]"}
RESULT: {"using":"xpath","value":"//*[@id=\"__tile120\"]"}
COMMAND: POST /session/97d31cefe963fd85982e18ab9d298f50/element/f.4412A7EDC240442CA6AC0A711488565A.d.B9C1B1731D2C9B8D309315490C54DEE0.e.5344/click - {}
RESULT: {}
COMMAND: GET /session/97d31cefe963fd85982e18ab9d298f50/screenshot - {}
RESULT: {}
COMMAND: POST /session/97d31cefe963fd85982e18ab9d298f50/elements - {"using":"xpath","value":"//span[text()='Error']"}
RESULT: {"using":"xpath","value":"//span[text()='Error']"}
RESULT: undefined
COMMAND: POST /session/97d31cefe963fd85982e18ab9d298f50/element - {"using":"xpath","value":"//*[@id=\"__tile120\"]"}
RESULT: {"using":"xpath","value":"//*[@id=\"__tile120\"]"}
COMMAND: POST /session/97d31cefe963fd85982e18ab9d298f50/element/f.4412A7EDC240442CA6AC0A711488565A.d.B9C1B1731D2C9B8D309315490C54DEE0.e.5344/click - {}
RESULT: undefined
COMMAND: POST /session/97d31cefe963fd85982e18ab9d298f50/element - {"using":"xpath","value":"//*[@id=\"__tile120\"]"}
RESULT: {"using":"xpath","value":"//*[@id=\"__tile120\"]"}
COMMAND: POST /session/97d31cefe963fd85982e18ab9d298f50/element/f.4412A7EDC240442CA6AC0A711488565A.d.B9C1B1731D2C9B8D309315490C54DEE0.e.5344/click - {}
RESULT: undefined
COMMAND: POST /session/97d31cefe963fd85982e18ab9d298f50/execute/async - {"script":"<script> [6424 bytes]","args":[{"element-6066-11e4-a52e-4f735466cecf":"f.4412A7EDC240442CA6AC0A711488565A.d.B9C1B1731D2C9B8D309315490C54DEE0.e.286"},"getTitle",[]]}
COMMAND: POST /session/97d31cefe963fd85982e18ab9d298f50/execute/async - {"script":"<script> [1562 bytes]","args":[{"selector":{"id":"shellAppTitle"},"wdio_ui5_key":"shellAppTitle"}]}
RESULT: {"script":"<script> [1562 bytes]","args":[{"selector":{"id":"shellAppTitle"},"wdio_ui5_key":"shellAppTitle"}]}
COMMAND: POST /session/97d31cefe963fd85982e18ab9d298f50/execute/async - {"script":"<script> [6424 bytes]","args":[{"element-6066-11e4-a52e-4f735466cecf":"f.4412A7EDC240442CA6AC0A711488565A.d.B9C1B1731D2C9B8D309315490C54DEE0.e.5363"},"getTitle",[]]}
RESULT: {"script":"<script> [6424 bytes]","args":[{"element-6066-11e4-a52e-4f735466cecf":"f.4412A7EDC240442CA6AC0A711488565A.d.B9C1B1731D2C9B8D309315490C54DEE0.e.5363"},"getTitle",[]]}
RESULT: undefined
COMMAND: POST /session/97d31cefe963fd85982e18ab9d298f50/element/f.4412A7EDC240442CA6AC0A711488565A.d.B9C1B1731D2C9B8D309315490C54DEE0.e.5341/click - {}
RESULT: {}
COMMAND: GET /session/97d31cefe963fd85982e18ab9d298f50/screenshot - {}
RESULT: {}
]]></system-out>
    </testcase>
    <testcase classname="chrome.136_0_7103_93.windows.Sanity_Tests_US104253" name="Should open Manage Roles page" time="37.129">
      <system-out><![CDATA[
COMMAND: POST /session/97d31cefe963fd85982e18ab9d298f50/execute/async - {"script":"<script> [1562 bytes]","args":[{"selector":{"controlType":"sap.m.GenericTile","properties":{"header":"Manage Roles"}},"wdio_ui5_key":"sapm.GenericTile{\"header\":\"Manage Roles\"}"}]}
RESULT: {"script":"<script> [1562 bytes]","args":[{"selector":{"controlType":"sap.m.GenericTile","properties":{"header":"Manage Roles"}},"wdio_ui5_key":"sapm.GenericTile{\"header\":\"Manage Roles\"}"}]}
RESULT: undefined
COMMAND: POST /session/97d31cefe963fd85982e18ab9d298f50/element - {"using":"xpath","value":"//*[@id=\"__tile119\"]"}
RESULT: {"using":"xpath","value":"//*[@id=\"__tile119\"]"}
COMMAND: POST /session/97d31cefe963fd85982e18ab9d298f50/element/f.4412A7EDC240442CA6AC0A711488565A.d.B9C1B1731D2C9B8D309315490C54DEE0.e.5365/click - {}
RESULT: {}
COMMAND: GET /session/97d31cefe963fd85982e18ab9d298f50/screenshot - {}
RESULT: {}
COMMAND: POST /session/97d31cefe963fd85982e18ab9d298f50/elements - {"using":"xpath","value":"//span[text()='Error']"}
RESULT: {"using":"xpath","value":"//span[text()='Error']"}
RESULT: undefined
COMMAND: POST /session/97d31cefe963fd85982e18ab9d298f50/element - {"using":"xpath","value":"//*[@id=\"__tile119\"]"}
RESULT: {"using":"xpath","value":"//*[@id=\"__tile119\"]"}
COMMAND: POST /session/97d31cefe963fd85982e18ab9d298f50/element/f.4412A7EDC240442CA6AC0A711488565A.d.B9C1B1731D2C9B8D309315490C54DEE0.e.5365/click - {}
RESULT: undefined
COMMAND: POST /session/97d31cefe963fd85982e18ab9d298f50/element - {"using":"xpath","value":"//*[@id=\"__tile119\"]"}
RESULT: {"using":"xpath","value":"//*[@id=\"__tile119\"]"}
COMMAND: POST /session/97d31cefe963fd85982e18ab9d298f50/element/f.4412A7EDC240442CA6AC0A711488565A.d.B9C1B1731D2C9B8D309315490C54DEE0.e.5365/click - {}
RESULT: undefined
COMMAND: POST /session/97d31cefe963fd85982e18ab9d298f50/execute/async - {"script":"<script> [6424 bytes]","args":[{"element-6066-11e4-a52e-4f735466cecf":"f.4412A7EDC240442CA6AC0A711488565A.d.B9C1B1731D2C9B8D309315490C54DEE0.e.286"},"getTitle",[]]}
COMMAND: POST /session/97d31cefe963fd85982e18ab9d298f50/execute/async - {"script":"<script> [1562 bytes]","args":[{"selector":{"id":"shellAppTitle"},"wdio_ui5_key":"shellAppTitle"}]}
RESULT: {"script":"<script> [1562 bytes]","args":[{"selector":{"id":"shellAppTitle"},"wdio_ui5_key":"shellAppTitle"}]}
COMMAND: POST /session/97d31cefe963fd85982e18ab9d298f50/execute/async - {"script":"<script> [6424 bytes]","args":[{"element-6066-11e4-a52e-4f735466cecf":"f.4412A7EDC240442CA6AC0A711488565A.d.B9C1B1731D2C9B8D309315490C54DEE0.e.5410"},"getTitle",[]]}
RESULT: {"script":"<script> [6424 bytes]","args":[{"element-6066-11e4-a52e-4f735466cecf":"f.4412A7EDC240442CA6AC0A711488565A.d.B9C1B1731D2C9B8D309315490C54DEE0.e.5410"},"getTitle",[]]}
RESULT: undefined
COMMAND: POST /session/97d31cefe963fd85982e18ab9d298f50/element/f.4412A7EDC240442CA6AC0A711488565A.d.B9C1B1731D2C9B8D309315490C54DEE0.e.5341/click - {}
COMMAND: POST /session/97d31cefe963fd85982e18ab9d298f50/element - {"using":"xpath","value":"//*[@id=\"backBtn\"]"}
RESULT: {"using":"xpath","value":"//*[@id=\"backBtn\"]"}
COMMAND: POST /session/97d31cefe963fd85982e18ab9d298f50/element/f.4412A7EDC240442CA6AC0A711488565A.d.B9C1B1731D2C9B8D309315490C54DEE0.e.5341/click - {}
COMMAND: POST /session/97d31cefe963fd85982e18ab9d298f50/element - {"using":"xpath","value":"//*[@id=\"backBtn\"]"}
RESULT: {"using":"xpath","value":"//*[@id=\"backBtn\"]"}
COMMAND: POST /session/97d31cefe963fd85982e18ab9d298f50/element/f.4412A7EDC240442CA6AC0A711488565A.d.B9C1B1731D2C9B8D309315490C54DEE0.e.5411/click - {}
RESULT: {}
COMMAND: GET /session/97d31cefe963fd85982e18ab9d298f50/screenshot - {}
RESULT: {}
]]></system-out>
    </testcase>
    <testcase classname="chrome.136_0_7103_93.windows.Sanity_Tests_US104253" name="Should open Authorization Tables page" time="35.966">
      <system-out><![CDATA[
COMMAND: POST /session/97d31cefe963fd85982e18ab9d298f50/execute/async - {"script":"<script> [1562 bytes]","args":[{"selector":{"controlType":"sap.m.GenericTile","properties":{"header":"Authorization Tables"}},"wdio_ui5_key":"sapm.GenericTile{\"header\":\"Authorization Tables\"}"}]}
RESULT: {"script":"<script> [1562 bytes]","args":[{"selector":{"controlType":"sap.m.GenericTile","properties":{"header":"Authorization Tables"}},"wdio_ui5_key":"sapm.GenericTile{\"header\":\"Authorization Tables\"}"}]}
RESULT: undefined
COMMAND: POST /session/97d31cefe963fd85982e18ab9d298f50/element - {"using":"xpath","value":"//*[@id=\"__tile118\"]"}
RESULT: {"using":"xpath","value":"//*[@id=\"__tile118\"]"}
COMMAND: POST /session/97d31cefe963fd85982e18ab9d298f50/element/f.4412A7EDC240442CA6AC0A711488565A.d.B9C1B1731D2C9B8D309315490C54DEE0.e.5413/click - {}
RESULT: {}
COMMAND: GET /session/97d31cefe963fd85982e18ab9d298f50/screenshot - {}
RESULT: {}
COMMAND: POST /session/97d31cefe963fd85982e18ab9d298f50/elements - {"using":"xpath","value":"//span[text()='Error']"}
RESULT: {"using":"xpath","value":"//span[text()='Error']"}
RESULT: undefined
COMMAND: POST /session/97d31cefe963fd85982e18ab9d298f50/element - {"using":"xpath","value":"//*[@id=\"__tile118\"]"}
RESULT: {"using":"xpath","value":"//*[@id=\"__tile118\"]"}
COMMAND: POST /session/97d31cefe963fd85982e18ab9d298f50/element/f.4412A7EDC240442CA6AC0A711488565A.d.B9C1B1731D2C9B8D309315490C54DEE0.e.5413/click - {}
RESULT: undefined
COMMAND: POST /session/97d31cefe963fd85982e18ab9d298f50/element - {"using":"xpath","value":"//*[@id=\"__tile118\"]"}
RESULT: {"using":"xpath","value":"//*[@id=\"__tile118\"]"}
COMMAND: POST /session/97d31cefe963fd85982e18ab9d298f50/element/f.4412A7EDC240442CA6AC0A711488565A.d.B9C1B1731D2C9B8D309315490C54DEE0.e.5413/click - {}
RESULT: undefined
COMMAND: POST /session/97d31cefe963fd85982e18ab9d298f50/execute/async - {"script":"<script> [6424 bytes]","args":[{"element-6066-11e4-a52e-4f735466cecf":"f.4412A7EDC240442CA6AC0A711488565A.d.B9C1B1731D2C9B8D309315490C54DEE0.e.286"},"getTitle",[]]}
COMMAND: POST /session/97d31cefe963fd85982e18ab9d298f50/execute/async - {"script":"<script> [1562 bytes]","args":[{"selector":{"id":"shellAppTitle"},"wdio_ui5_key":"shellAppTitle"}]}
RESULT: {"script":"<script> [1562 bytes]","args":[{"selector":{"id":"shellAppTitle"},"wdio_ui5_key":"shellAppTitle"}]}
COMMAND: POST /session/97d31cefe963fd85982e18ab9d298f50/execute/async - {"script":"<script> [6424 bytes]","args":[{"element-6066-11e4-a52e-4f735466cecf":"f.4412A7EDC240442CA6AC0A711488565A.d.B9C1B1731D2C9B8D309315490C54DEE0.e.5504"},"getTitle",[]]}
RESULT: {"script":"<script> [6424 bytes]","args":[{"element-6066-11e4-a52e-4f735466cecf":"f.4412A7EDC240442CA6AC0A711488565A.d.B9C1B1731D2C9B8D309315490C54DEE0.e.5504"},"getTitle",[]]}
RESULT: undefined
COMMAND: POST /session/97d31cefe963fd85982e18ab9d298f50/element/f.4412A7EDC240442CA6AC0A711488565A.d.B9C1B1731D2C9B8D309315490C54DEE0.e.5411/click - {}
RESULT: {}
COMMAND: GET /session/97d31cefe963fd85982e18ab9d298f50/screenshot - {}
RESULT: {}
]]></system-out>
    </testcase>
    <testcase classname="chrome.136_0_7103_93.windows.Sanity_Tests_US104253" name="Should open User Maintenance page" time="36.074">
      <system-out><![CDATA[
COMMAND: POST /session/97d31cefe963fd85982e18ab9d298f50/execute/async - {"script":"<script> [1562 bytes]","args":[{"selector":{"controlType":"sap.m.GenericTile","properties":{"header":"User Maintenance"}},"wdio_ui5_key":"sapm.GenericTile{\"header\":\"User Maintenance\"}"}]}
RESULT: {"script":"<script> [1562 bytes]","args":[{"selector":{"controlType":"sap.m.GenericTile","properties":{"header":"User Maintenance"}},"wdio_ui5_key":"sapm.GenericTile{\"header\":\"User Maintenance\"}"}]}
RESULT: undefined
COMMAND: POST /session/97d31cefe963fd85982e18ab9d298f50/element - {"using":"xpath","value":"//*[@id=\"__tile121\"]"}
RESULT: {"using":"xpath","value":"//*[@id=\"__tile121\"]"}
COMMAND: POST /session/97d31cefe963fd85982e18ab9d298f50/element/f.4412A7EDC240442CA6AC0A711488565A.d.B9C1B1731D2C9B8D309315490C54DEE0.e.5506/click - {}
RESULT: {}
COMMAND: GET /session/97d31cefe963fd85982e18ab9d298f50/screenshot - {}
RESULT: {}
COMMAND: POST /session/97d31cefe963fd85982e18ab9d298f50/elements - {"using":"xpath","value":"//span[text()='Error']"}
RESULT: {"using":"xpath","value":"//span[text()='Error']"}
RESULT: undefined
COMMAND: POST /session/97d31cefe963fd85982e18ab9d298f50/element - {"using":"xpath","value":"//*[@id=\"__tile121\"]"}
RESULT: {"using":"xpath","value":"//*[@id=\"__tile121\"]"}
COMMAND: POST /session/97d31cefe963fd85982e18ab9d298f50/element/f.4412A7EDC240442CA6AC0A711488565A.d.B9C1B1731D2C9B8D309315490C54DEE0.e.5506/click - {}
RESULT: undefined
COMMAND: POST /session/97d31cefe963fd85982e18ab9d298f50/element - {"using":"xpath","value":"//*[@id=\"__tile121\"]"}
RESULT: {"using":"xpath","value":"//*[@id=\"__tile121\"]"}
COMMAND: POST /session/97d31cefe963fd85982e18ab9d298f50/element/f.4412A7EDC240442CA6AC0A711488565A.d.B9C1B1731D2C9B8D309315490C54DEE0.e.5506/click - {}
RESULT: undefined
COMMAND: POST /session/97d31cefe963fd85982e18ab9d298f50/execute/async - {"script":"<script> [6424 bytes]","args":[{"element-6066-11e4-a52e-4f735466cecf":"f.4412A7EDC240442CA6AC0A711488565A.d.B9C1B1731D2C9B8D309315490C54DEE0.e.286"},"getTitle",[]]}
COMMAND: POST /session/97d31cefe963fd85982e18ab9d298f50/execute/async - {"script":"<script> [1562 bytes]","args":[{"selector":{"id":"shellAppTitle"},"wdio_ui5_key":"shellAppTitle"}]}
RESULT: {"script":"<script> [1562 bytes]","args":[{"selector":{"id":"shellAppTitle"},"wdio_ui5_key":"shellAppTitle"}]}
COMMAND: POST /session/97d31cefe963fd85982e18ab9d298f50/execute/async - {"script":"<script> [6424 bytes]","args":[{"element-6066-11e4-a52e-4f735466cecf":"f.4412A7EDC240442CA6AC0A711488565A.d.B9C1B1731D2C9B8D309315490C54DEE0.e.5598"},"getTitle",[]]}
RESULT: {"script":"<script> [6424 bytes]","args":[{"element-6066-11e4-a52e-4f735466cecf":"f.4412A7EDC240442CA6AC0A711488565A.d.B9C1B1731D2C9B8D309315490C54DEE0.e.5598"},"getTitle",[]]}
RESULT: undefined
COMMAND: POST /session/97d31cefe963fd85982e18ab9d298f50/element/f.4412A7EDC240442CA6AC0A711488565A.d.B9C1B1731D2C9B8D309315490C54DEE0.e.5411/click - {}
COMMAND: POST /session/97d31cefe963fd85982e18ab9d298f50/element - {"using":"xpath","value":"//*[@id=\"backBtn\"]"}
RESULT: {"using":"xpath","value":"//*[@id=\"backBtn\"]"}
COMMAND: POST /session/97d31cefe963fd85982e18ab9d298f50/element/f.4412A7EDC240442CA6AC0A711488565A.d.B9C1B1731D2C9B8D309315490C54DEE0.e.5411/click - {}
COMMAND: POST /session/97d31cefe963fd85982e18ab9d298f50/element - {"using":"xpath","value":"//*[@id=\"backBtn\"]"}
RESULT: {"using":"xpath","value":"//*[@id=\"backBtn\"]"}
COMMAND: POST /session/97d31cefe963fd85982e18ab9d298f50/element/f.4412A7EDC240442CA6AC0A711488565A.d.B9C1B1731D2C9B8D309315490C54DEE0.e.5599/click - {}
RESULT: {}
COMMAND: GET /session/97d31cefe963fd85982e18ab9d298f50/screenshot - {}
RESULT: {}
]]></system-out>
    </testcase>
    <testcase classname="chrome.136_0_7103_93.windows.Sanity_Tests_US104253" name="Should open Schedule Jobs page" time="36.645">
      <system-out><![CDATA[
COMMAND: POST /session/97d31cefe963fd85982e18ab9d298f50/execute/async - {"script":"<script> [1562 bytes]","args":[{"selector":{"controlType":"sap.m.GenericTile","properties":{"header":"Schedule Jobs"}},"wdio_ui5_key":"sapm.GenericTile{\"header\":\"Schedule Jobs\"}"}]}
RESULT: {"script":"<script> [1562 bytes]","args":[{"selector":{"controlType":"sap.m.GenericTile","properties":{"header":"Schedule Jobs"}},"wdio_ui5_key":"sapm.GenericTile{\"header\":\"Schedule Jobs\"}"}]}
RESULT: undefined
COMMAND: POST /session/97d31cefe963fd85982e18ab9d298f50/element - {"using":"xpath","value":"//*[@id=\"__tile127\"]"}
RESULT: {"using":"xpath","value":"//*[@id=\"__tile127\"]"}
COMMAND: POST /session/97d31cefe963fd85982e18ab9d298f50/element/f.4412A7EDC240442CA6AC0A711488565A.d.B9C1B1731D2C9B8D309315490C54DEE0.e.5603/click - {}
RESULT: {}
COMMAND: GET /session/97d31cefe963fd85982e18ab9d298f50/screenshot - {}
RESULT: {}
COMMAND: POST /session/97d31cefe963fd85982e18ab9d298f50/elements - {"using":"xpath","value":"//span[text()='Error']"}
RESULT: {"using":"xpath","value":"//span[text()='Error']"}
RESULT: undefined
COMMAND: POST /session/97d31cefe963fd85982e18ab9d298f50/element - {"using":"xpath","value":"//*[@id=\"__tile127\"]"}
RESULT: {"using":"xpath","value":"//*[@id=\"__tile127\"]"}
COMMAND: POST /session/97d31cefe963fd85982e18ab9d298f50/element/f.4412A7EDC240442CA6AC0A711488565A.d.B9C1B1731D2C9B8D309315490C54DEE0.e.5603/click - {}
RESULT: undefined
COMMAND: POST /session/97d31cefe963fd85982e18ab9d298f50/element - {"using":"xpath","value":"//*[@id=\"__tile127\"]"}
RESULT: {"using":"xpath","value":"//*[@id=\"__tile127\"]"}
COMMAND: POST /session/97d31cefe963fd85982e18ab9d298f50/element/f.4412A7EDC240442CA6AC0A711488565A.d.B9C1B1731D2C9B8D309315490C54DEE0.e.5603/click - {}
RESULT: undefined
COMMAND: POST /session/97d31cefe963fd85982e18ab9d298f50/execute/async - {"script":"<script> [6424 bytes]","args":[{"element-6066-11e4-a52e-4f735466cecf":"f.4412A7EDC240442CA6AC0A711488565A.d.B9C1B1731D2C9B8D309315490C54DEE0.e.286"},"getTitle",[]]}
COMMAND: POST /session/97d31cefe963fd85982e18ab9d298f50/execute/async - {"script":"<script> [1562 bytes]","args":[{"selector":{"id":"shellAppTitle"},"wdio_ui5_key":"shellAppTitle"}]}
RESULT: {"script":"<script> [1562 bytes]","args":[{"selector":{"id":"shellAppTitle"},"wdio_ui5_key":"shellAppTitle"}]}
COMMAND: POST /session/97d31cefe963fd85982e18ab9d298f50/execute/async - {"script":"<script> [6424 bytes]","args":[{"element-6066-11e4-a52e-4f735466cecf":"f.4412A7EDC240442CA6AC0A711488565A.d.B9C1B1731D2C9B8D309315490C54DEE0.e.5673"},"getTitle",[]]}
RESULT: {"script":"<script> [6424 bytes]","args":[{"element-6066-11e4-a52e-4f735466cecf":"f.4412A7EDC240442CA6AC0A711488565A.d.B9C1B1731D2C9B8D309315490C54DEE0.e.5673"},"getTitle",[]]}
RESULT: undefined
COMMAND: POST /session/97d31cefe963fd85982e18ab9d298f50/element/f.4412A7EDC240442CA6AC0A711488565A.d.B9C1B1731D2C9B8D309315490C54DEE0.e.5599/click - {}
COMMAND: POST /session/97d31cefe963fd85982e18ab9d298f50/element/f.4412A7EDC240442CA6AC0A711488565A.d.B9C1B1731D2C9B8D309315490C54DEE0.e.5599/click - {}
RESULT: {}
COMMAND: GET /session/97d31cefe963fd85982e18ab9d298f50/screenshot - {}
COMMAND: POST /session/97d31cefe963fd85982e18ab9d298f50/element - {"using":"xpath","value":"//*[@id=\"backBtn\"]"}
RESULT: {}
RESULT: {"using":"xpath","value":"//*[@id=\"backBtn\"]"}
COMMAND: POST /session/97d31cefe963fd85982e18ab9d298f50/elements - {"using":"xpath","value":"//*[@id=\"backBtn\"]"}
RESULT: {"using":"xpath","value":"//*[@id=\"backBtn\"]"}
COMMAND: POST /session/97d31cefe963fd85982e18ab9d298f50/elements - {"using":"xpath","value":"//*[@id=\"backBtn\"]"}
RESULT: {"using":"xpath","value":"//*[@id=\"backBtn\"]"}
COMMAND: POST /session/97d31cefe963fd85982e18ab9d298f50/elements - {"using":"xpath","value":"//*[@id=\"backBtn\"]"}
RESULT: {"using":"xpath","value":"//*[@id=\"backBtn\"]"}
COMMAND: POST /session/97d31cefe963fd85982e18ab9d298f50/elements - {"using":"xpath","value":"//*[@id=\"backBtn\"]"}
RESULT: {"using":"xpath","value":"//*[@id=\"backBtn\"]"}
COMMAND: POST /session/97d31cefe963fd85982e18ab9d298f50/elements - {"using":"xpath","value":"//*[@id=\"backBtn\"]"}
RESULT: {"using":"xpath","value":"//*[@id=\"backBtn\"]"}
COMMAND: POST /session/97d31cefe963fd85982e18ab9d298f50/elements - {"using":"xpath","value":"//*[@id=\"backBtn\"]"}
RESULT: {"using":"xpath","value":"//*[@id=\"backBtn\"]"}
COMMAND: POST /session/97d31cefe963fd85982e18ab9d298f50/elements - {"using":"xpath","value":"//*[@id=\"backBtn\"]"}
RESULT: {"using":"xpath","value":"//*[@id=\"backBtn\"]"}
COMMAND: POST /session/97d31cefe963fd85982e18ab9d298f50/elements - {"using":"xpath","value":"//*[@id=\"backBtn\"]"}
RESULT: {"using":"xpath","value":"//*[@id=\"backBtn\"]"}
COMMAND: POST /session/97d31cefe963fd85982e18ab9d298f50/elements - {"using":"xpath","value":"//*[@id=\"backBtn\"]"}
RESULT: {"using":"xpath","value":"//*[@id=\"backBtn\"]"}
COMMAND: POST /session/97d31cefe963fd85982e18ab9d298f50/elements - {"using":"xpath","value":"//*[@id=\"backBtn\"]"}
RESULT: {"using":"xpath","value":"//*[@id=\"backBtn\"]"}
COMMAND: POST /session/97d31cefe963fd85982e18ab9d298f50/elements - {"using":"xpath","value":"//*[@id=\"backBtn\"]"}
RESULT: {"using":"xpath","value":"//*[@id=\"backBtn\"]"}
COMMAND: POST /session/97d31cefe963fd85982e18ab9d298f50/elements - {"using":"xpath","value":"//*[@id=\"backBtn\"]"}
RESULT: {"using":"xpath","value":"//*[@id=\"backBtn\"]"}
COMMAND: POST /session/97d31cefe963fd85982e18ab9d298f50/elements - {"using":"xpath","value":"//*[@id=\"backBtn\"]"}
RESULT: {"using":"xpath","value":"//*[@id=\"backBtn\"]"}
COMMAND: POST /session/97d31cefe963fd85982e18ab9d298f50/elements - {"using":"xpath","value":"//*[@id=\"backBtn\"]"}
RESULT: {"using":"xpath","value":"//*[@id=\"backBtn\"]"}
COMMAND: POST /session/97d31cefe963fd85982e18ab9d298f50/elements - {"using":"xpath","value":"//*[@id=\"backBtn\"]"}
RESULT: {"using":"xpath","value":"//*[@id=\"backBtn\"]"}
COMMAND: POST /session/97d31cefe963fd85982e18ab9d298f50/elements - {"using":"xpath","value":"//*[@id=\"backBtn\"]"}
RESULT: {"using":"xpath","value":"//*[@id=\"backBtn\"]"}
COMMAND: POST /session/97d31cefe963fd85982e18ab9d298f50/elements - {"using":"xpath","value":"//*[@id=\"backBtn\"]"}
RESULT: {"using":"xpath","value":"//*[@id=\"backBtn\"]"}
COMMAND: POST /session/97d31cefe963fd85982e18ab9d298f50/elements - {"using":"xpath","value":"//*[@id=\"backBtn\"]"}
RESULT: {"using":"xpath","value":"//*[@id=\"backBtn\"]"}
COMMAND: POST /session/97d31cefe963fd85982e18ab9d298f50/elements - {"using":"xpath","value":"//*[@id=\"backBtn\"]"}
RESULT: {"using":"xpath","value":"//*[@id=\"backBtn\"]"}
]]></system-out>
    </testcase>
    <testcase classname="chrome.136_0_7103_93.windows.Sanity_Tests_US104253" name="Should open Jobs Setup page" time="36.823">
      <system-out><![CDATA[
COMMAND: POST /session/97d31cefe963fd85982e18ab9d298f50/execute/async - {"script":"<script> [1562 bytes]","args":[{"selector":{"controlType":"sap.m.GenericTile","properties":{"header":"Jobs Setup"}},"wdio_ui5_key":"sapm.GenericTile{\"header\":\"Jobs Setup\"}"}]}
COMMAND: POST /session/97d31cefe963fd85982e18ab9d298f50/elements - {"using":"xpath","value":"//*[@id=\"backBtn\"]"}
RESULT: {"script":"<script> [1562 bytes]","args":[{"selector":{"controlType":"sap.m.GenericTile","properties":{"header":"Jobs Setup"}},"wdio_ui5_key":"sapm.GenericTile{\"header\":\"Jobs Setup\"}"}]}
RESULT: undefined
COMMAND: POST /session/97d31cefe963fd85982e18ab9d298f50/element - {"using":"xpath","value":"//*[@id=\"__tile128\"]"}
RESULT: {"using":"xpath","value":"//*[@id=\"backBtn\"]"}
RESULT: {"using":"xpath","value":"//*[@id=\"__tile128\"]"}
COMMAND: POST /session/97d31cefe963fd85982e18ab9d298f50/element/f.4412A7EDC240442CA6AC0A711488565A.d.B9C1B1731D2C9B8D309315490C54DEE0.e.5675/click - {}
COMMAND: POST /session/97d31cefe963fd85982e18ab9d298f50/elements - {"using":"xpath","value":"//*[@id=\"backBtn\"]"}
RESULT: {}
COMMAND: GET /session/97d31cefe963fd85982e18ab9d298f50/screenshot - {}
RESULT: {"using":"xpath","value":"//*[@id=\"backBtn\"]"}
RESULT: {}
COMMAND: POST /session/97d31cefe963fd85982e18ab9d298f50/elements - {"using":"xpath","value":"//*[@id=\"backBtn\"]"}
RESULT: {"using":"xpath","value":"//*[@id=\"backBtn\"]"}
COMMAND: POST /session/97d31cefe963fd85982e18ab9d298f50/element - {"using":"xpath","value":"//*[@id=\"backBtn\"]"}
RESULT: {"using":"xpath","value":"//*[@id=\"backBtn\"]"}
COMMAND: POST /session/97d31cefe963fd85982e18ab9d298f50/element/f.4412A7EDC240442CA6AC0A711488565A.d.B9C1B1731D2C9B8D309315490C54DEE0.e.5599/click - {}
COMMAND: POST /session/97d31cefe963fd85982e18ab9d298f50/element - {"using":"xpath","value":"//*[@id=\"backBtn\"]"}
RESULT: {"using":"xpath","value":"//*[@id=\"backBtn\"]"}
COMMAND: POST /session/97d31cefe963fd85982e18ab9d298f50/element/f.4412A7EDC240442CA6AC0A711488565A.d.B9C1B1731D2C9B8D309315490C54DEE0.e.5731/click - {}
RESULT: {}
COMMAND: GET /session/97d31cefe963fd85982e18ab9d298f50/screenshot - {}
RESULT: {}
COMMAND: POST /session/97d31cefe963fd85982e18ab9d298f50/elements - {"using":"xpath","value":"//span[text()='Error']"}
RESULT: {"using":"xpath","value":"//span[text()='Error']"}
RESULT: undefined
COMMAND: POST /session/97d31cefe963fd85982e18ab9d298f50/element - {"using":"xpath","value":"//*[@id=\"__tile128\"]"}
RESULT: {"using":"xpath","value":"//*[@id=\"__tile128\"]"}
COMMAND: POST /session/97d31cefe963fd85982e18ab9d298f50/element/f.4412A7EDC240442CA6AC0A711488565A.d.B9C1B1731D2C9B8D309315490C54DEE0.e.5675/click - {}
RESULT: undefined
COMMAND: POST /session/97d31cefe963fd85982e18ab9d298f50/element - {"using":"xpath","value":"//*[@id=\"__tile128\"]"}
RESULT: {"using":"xpath","value":"//*[@id=\"__tile128\"]"}
COMMAND: POST /session/97d31cefe963fd85982e18ab9d298f50/element/f.4412A7EDC240442CA6AC0A711488565A.d.B9C1B1731D2C9B8D309315490C54DEE0.e.5675/click - {}
RESULT: undefined
COMMAND: POST /session/97d31cefe963fd85982e18ab9d298f50/execute/async - {"script":"<script> [6424 bytes]","args":[{"element-6066-11e4-a52e-4f735466cecf":"f.4412A7EDC240442CA6AC0A711488565A.d.B9C1B1731D2C9B8D309315490C54DEE0.e.286"},"getTitle",[]]}
COMMAND: POST /session/97d31cefe963fd85982e18ab9d298f50/execute/async - {"script":"<script> [1562 bytes]","args":[{"selector":{"id":"shellAppTitle"},"wdio_ui5_key":"shellAppTitle"}]}
RESULT: {"script":"<script> [1562 bytes]","args":[{"selector":{"id":"shellAppTitle"},"wdio_ui5_key":"shellAppTitle"}]}
COMMAND: POST /session/97d31cefe963fd85982e18ab9d298f50/execute/async - {"script":"<script> [6424 bytes]","args":[{"element-6066-11e4-a52e-4f735466cecf":"f.4412A7EDC240442CA6AC0A711488565A.d.B9C1B1731D2C9B8D309315490C54DEE0.e.5763"},"getTitle",[]]}
RESULT: {"script":"<script> [6424 bytes]","args":[{"element-6066-11e4-a52e-4f735466cecf":"f.4412A7EDC240442CA6AC0A711488565A.d.B9C1B1731D2C9B8D309315490C54DEE0.e.5763"},"getTitle",[]]}
RESULT: undefined
COMMAND: POST /session/97d31cefe963fd85982e18ab9d298f50/element/f.4412A7EDC240442CA6AC0A711488565A.d.B9C1B1731D2C9B8D309315490C54DEE0.e.5731/click - {}
COMMAND: POST /session/97d31cefe963fd85982e18ab9d298f50/element/f.4412A7EDC240442CA6AC0A711488565A.d.B9C1B1731D2C9B8D309315490C54DEE0.e.5731/click - {}
RESULT: {}
COMMAND: GET /session/97d31cefe963fd85982e18ab9d298f50/screenshot - {}
RESULT: {}
COMMAND: GET /session/97d31cefe963fd85982e18ab9d298f50/screenshot - {}
RESULT: {}
RESULT: {}
]]></system-out>
    </testcase>
    <testcase classname="chrome.136_0_7103_93.windows.Sanity_Tests_US104253" name="Should open Target Systems Configuration page" time="35.855">
      <system-out><![CDATA[
COMMAND: POST /session/97d31cefe963fd85982e18ab9d298f50/execute/async - {"script":"<script> [1562 bytes]","args":[{"selector":{"controlType":"sap.m.GenericTile","properties":{"header":"Target Systems Configuration"}},"wdio_ui5_key":"sapm.GenericTile{\"header\":\"Target Systems Configuration\"}"}]}
RESULT: {"script":"<script> [1562 bytes]","args":[{"selector":{"controlType":"sap.m.GenericTile","properties":{"header":"Target Systems Configuration"}},"wdio_ui5_key":"sapm.GenericTile{\"header\":\"Target Systems Configuration\"}"}]}
RESULT: undefined
COMMAND: POST /session/97d31cefe963fd85982e18ab9d298f50/element - {"using":"xpath","value":"//*[@id=\"__tile129\"]"}
RESULT: {"using":"xpath","value":"//*[@id=\"__tile129\"]"}
COMMAND: POST /session/97d31cefe963fd85982e18ab9d298f50/element/f.4412A7EDC240442CA6AC0A711488565A.d.B9C1B1731D2C9B8D309315490C54DEE0.e.5767/click - {}
RESULT: {}
COMMAND: GET /session/97d31cefe963fd85982e18ab9d298f50/screenshot - {}
RESULT: {}
COMMAND: POST /session/97d31cefe963fd85982e18ab9d298f50/elements - {"using":"xpath","value":"//span[text()='Error']"}
RESULT: {"using":"xpath","value":"//span[text()='Error']"}
RESULT: undefined
COMMAND: POST /session/97d31cefe963fd85982e18ab9d298f50/element - {"using":"xpath","value":"//*[@id=\"__tile129\"]"}
RESULT: {"using":"xpath","value":"//*[@id=\"__tile129\"]"}
COMMAND: POST /session/97d31cefe963fd85982e18ab9d298f50/element/f.4412A7EDC240442CA6AC0A711488565A.d.B9C1B1731D2C9B8D309315490C54DEE0.e.5767/click - {}
RESULT: undefined
COMMAND: POST /session/97d31cefe963fd85982e18ab9d298f50/element - {"using":"xpath","value":"//*[@id=\"__tile129\"]"}
RESULT: {"using":"xpath","value":"//*[@id=\"__tile129\"]"}
COMMAND: POST /session/97d31cefe963fd85982e18ab9d298f50/element/f.4412A7EDC240442CA6AC0A711488565A.d.B9C1B1731D2C9B8D309315490C54DEE0.e.5767/click - {}
RESULT: undefined
COMMAND: POST /session/97d31cefe963fd85982e18ab9d298f50/execute/async - {"script":"<script> [6424 bytes]","args":[{"element-6066-11e4-a52e-4f735466cecf":"f.4412A7EDC240442CA6AC0A711488565A.d.B9C1B1731D2C9B8D309315490C54DEE0.e.286"},"getTitle",[]]}
COMMAND: POST /session/97d31cefe963fd85982e18ab9d298f50/execute/async - {"script":"<script> [1562 bytes]","args":[{"selector":{"id":"shellAppTitle"},"wdio_ui5_key":"shellAppTitle"}]}
RESULT: {"script":"<script> [1562 bytes]","args":[{"selector":{"id":"shellAppTitle"},"wdio_ui5_key":"shellAppTitle"}]}
COMMAND: POST /session/97d31cefe963fd85982e18ab9d298f50/execute/async - {"script":"<script> [6424 bytes]","args":[{"element-6066-11e4-a52e-4f735466cecf":"f.4412A7EDC240442CA6AC0A711488565A.d.B9C1B1731D2C9B8D309315490C54DEE0.e.5843"},"getTitle",[]]}
RESULT: {"script":"<script> [6424 bytes]","args":[{"element-6066-11e4-a52e-4f735466cecf":"f.4412A7EDC240442CA6AC0A711488565A.d.B9C1B1731D2C9B8D309315490C54DEE0.e.5843"},"getTitle",[]]}
RESULT: undefined
COMMAND: POST /session/97d31cefe963fd85982e18ab9d298f50/element/f.4412A7EDC240442CA6AC0A711488565A.d.B9C1B1731D2C9B8D309315490C54DEE0.e.5731/click - {}
COMMAND: POST /session/97d31cefe963fd85982e18ab9d298f50/element/f.4412A7EDC240442CA6AC0A711488565A.d.B9C1B1731D2C9B8D309315490C54DEE0.e.5731/click - {}
RESULT: {}
COMMAND: GET /session/97d31cefe963fd85982e18ab9d298f50/screenshot - {}
COMMAND: POST /session/97d31cefe963fd85982e18ab9d298f50/element - {"using":"xpath","value":"//*[@id=\"backBtn\"]"}
RESULT: {}
RESULT: {"using":"xpath","value":"//*[@id=\"backBtn\"]"}
COMMAND: POST /session/97d31cefe963fd85982e18ab9d298f50/elements - {"using":"xpath","value":"//*[@id=\"backBtn\"]"}
RESULT: {"using":"xpath","value":"//*[@id=\"backBtn\"]"}
COMMAND: POST /session/97d31cefe963fd85982e18ab9d298f50/elements - {"using":"xpath","value":"//*[@id=\"backBtn\"]"}
RESULT: {"using":"xpath","value":"//*[@id=\"backBtn\"]"}
COMMAND: POST /session/97d31cefe963fd85982e18ab9d298f50/elements - {"using":"xpath","value":"//*[@id=\"backBtn\"]"}
RESULT: {"using":"xpath","value":"//*[@id=\"backBtn\"]"}
COMMAND: POST /session/97d31cefe963fd85982e18ab9d298f50/elements - {"using":"xpath","value":"//*[@id=\"backBtn\"]"}
RESULT: {"using":"xpath","value":"//*[@id=\"backBtn\"]"}
COMMAND: POST /session/97d31cefe963fd85982e18ab9d298f50/elements - {"using":"xpath","value":"//*[@id=\"backBtn\"]"}
RESULT: {"using":"xpath","value":"//*[@id=\"backBtn\"]"}
COMMAND: POST /session/97d31cefe963fd85982e18ab9d298f50/elements - {"using":"xpath","value":"//*[@id=\"backBtn\"]"}
RESULT: {"using":"xpath","value":"//*[@id=\"backBtn\"]"}
COMMAND: POST /session/97d31cefe963fd85982e18ab9d298f50/elements - {"using":"xpath","value":"//*[@id=\"backBtn\"]"}
RESULT: {"using":"xpath","value":"//*[@id=\"backBtn\"]"}
COMMAND: POST /session/97d31cefe963fd85982e18ab9d298f50/elements - {"using":"xpath","value":"//*[@id=\"backBtn\"]"}
RESULT: {"using":"xpath","value":"//*[@id=\"backBtn\"]"}
COMMAND: POST /session/97d31cefe963fd85982e18ab9d298f50/elements - {"using":"xpath","value":"//*[@id=\"backBtn\"]"}
RESULT: {"using":"xpath","value":"//*[@id=\"backBtn\"]"}
COMMAND: POST /session/97d31cefe963fd85982e18ab9d298f50/elements - {"using":"xpath","value":"//*[@id=\"backBtn\"]"}
RESULT: {"using":"xpath","value":"//*[@id=\"backBtn\"]"}
COMMAND: POST /session/97d31cefe963fd85982e18ab9d298f50/elements - {"using":"xpath","value":"//*[@id=\"backBtn\"]"}
RESULT: {"using":"xpath","value":"//*[@id=\"backBtn\"]"}
COMMAND: POST /session/97d31cefe963fd85982e18ab9d298f50/elements - {"using":"xpath","value":"//*[@id=\"backBtn\"]"}
RESULT: {"using":"xpath","value":"//*[@id=\"backBtn\"]"}
COMMAND: POST /session/97d31cefe963fd85982e18ab9d298f50/elements - {"using":"xpath","value":"//*[@id=\"backBtn\"]"}
RESULT: {"using":"xpath","value":"//*[@id=\"backBtn\"]"}
COMMAND: POST /session/97d31cefe963fd85982e18ab9d298f50/elements - {"using":"xpath","value":"//*[@id=\"backBtn\"]"}
RESULT: {"using":"xpath","value":"//*[@id=\"backBtn\"]"}
COMMAND: POST /session/97d31cefe963fd85982e18ab9d298f50/elements - {"using":"xpath","value":"//*[@id=\"backBtn\"]"}
RESULT: {"using":"xpath","value":"//*[@id=\"backBtn\"]"}
COMMAND: POST /session/97d31cefe963fd85982e18ab9d298f50/elements - {"using":"xpath","value":"//*[@id=\"backBtn\"]"}
RESULT: {"using":"xpath","value":"//*[@id=\"backBtn\"]"}
COMMAND: POST /session/97d31cefe963fd85982e18ab9d298f50/elements - {"using":"xpath","value":"//*[@id=\"backBtn\"]"}
RESULT: {"using":"xpath","value":"//*[@id=\"backBtn\"]"}
COMMAND: POST /session/97d31cefe963fd85982e18ab9d298f50/elements - {"using":"xpath","value":"//*[@id=\"backBtn\"]"}
RESULT: {"using":"xpath","value":"//*[@id=\"backBtn\"]"}
COMMAND: POST /session/97d31cefe963fd85982e18ab9d298f50/elements - {"using":"xpath","value":"//*[@id=\"backBtn\"]"}
RESULT: {"using":"xpath","value":"//*[@id=\"backBtn\"]"}
COMMAND: POST /session/97d31cefe963fd85982e18ab9d298f50/elements - {"using":"xpath","value":"//*[@id=\"backBtn\"]"}
RESULT: {"using":"xpath","value":"//*[@id=\"backBtn\"]"}
COMMAND: POST /session/97d31cefe963fd85982e18ab9d298f50/elements - {"using":"xpath","value":"//*[@id=\"backBtn\"]"}
RESULT: {"using":"xpath","value":"//*[@id=\"backBtn\"]"}
COMMAND: POST /session/97d31cefe963fd85982e18ab9d298f50/elements - {"using":"xpath","value":"//*[@id=\"backBtn\"]"}
RESULT: {"using":"xpath","value":"//*[@id=\"backBtn\"]"}
COMMAND: POST /session/97d31cefe963fd85982e18ab9d298f50/elements - {"using":"xpath","value":"//*[@id=\"backBtn\"]"}
RESULT: {"using":"xpath","value":"//*[@id=\"backBtn\"]"}
COMMAND: POST /session/97d31cefe963fd85982e18ab9d298f50/elements - {"using":"xpath","value":"//*[@id=\"backBtn\"]"}
RESULT: {"using":"xpath","value":"//*[@id=\"backBtn\"]"}
COMMAND: POST /session/97d31cefe963fd85982e18ab9d298f50/elements - {"using":"xpath","value":"//*[@id=\"backBtn\"]"}
RESULT: {"using":"xpath","value":"//*[@id=\"backBtn\"]"}
COMMAND: POST /session/97d31cefe963fd85982e18ab9d298f50/elements - {"using":"xpath","value":"//*[@id=\"backBtn\"]"}
RESULT: {"using":"xpath","value":"//*[@id=\"backBtn\"]"}
COMMAND: POST /session/97d31cefe963fd85982e18ab9d298f50/elements - {"using":"xpath","value":"//*[@id=\"backBtn\"]"}
RESULT: {"using":"xpath","value":"//*[@id=\"backBtn\"]"}
COMMAND: POST /session/97d31cefe963fd85982e18ab9d298f50/elements - {"using":"xpath","value":"//*[@id=\"backBtn\"]"}
RESULT: {"using":"xpath","value":"//*[@id=\"backBtn\"]"}
COMMAND: POST /session/97d31cefe963fd85982e18ab9d298f50/elements - {"using":"xpath","value":"//*[@id=\"backBtn\"]"}
RESULT: {"using":"xpath","value":"//*[@id=\"backBtn\"]"}
COMMAND: POST /session/97d31cefe963fd85982e18ab9d298f50/elements - {"using":"xpath","value":"//*[@id=\"backBtn\"]"}
RESULT: {"using":"xpath","value":"//*[@id=\"backBtn\"]"}
COMMAND: POST /session/97d31cefe963fd85982e18ab9d298f50/elements - {"using":"xpath","value":"//*[@id=\"backBtn\"]"}
RESULT: {"using":"xpath","value":"//*[@id=\"backBtn\"]"}
COMMAND: POST /session/97d31cefe963fd85982e18ab9d298f50/elements - {"using":"xpath","value":"//*[@id=\"backBtn\"]"}
RESULT: {"using":"xpath","value":"//*[@id=\"backBtn\"]"}
COMMAND: POST /session/97d31cefe963fd85982e18ab9d298f50/elements - {"using":"xpath","value":"//*[@id=\"backBtn\"]"}
RESULT: {"using":"xpath","value":"//*[@id=\"backBtn\"]"}
COMMAND: POST /session/97d31cefe963fd85982e18ab9d298f50/elements - {"using":"xpath","value":"//*[@id=\"backBtn\"]"}
RESULT: {"using":"xpath","value":"//*[@id=\"backBtn\"]"}
COMMAND: POST /session/97d31cefe963fd85982e18ab9d298f50/elements - {"using":"xpath","value":"//*[@id=\"backBtn\"]"}
RESULT: {"using":"xpath","value":"//*[@id=\"backBtn\"]"}
COMMAND: POST /session/97d31cefe963fd85982e18ab9d298f50/elements - {"using":"xpath","value":"//*[@id=\"backBtn\"]"}
RESULT: {"using":"xpath","value":"//*[@id=\"backBtn\"]"}
COMMAND: POST /session/97d31cefe963fd85982e18ab9d298f50/elements - {"using":"xpath","value":"//*[@id=\"backBtn\"]"}
RESULT: {"using":"xpath","value":"//*[@id=\"backBtn\"]"}
COMMAND: POST /session/97d31cefe963fd85982e18ab9d298f50/elements - {"using":"xpath","value":"//*[@id=\"backBtn\"]"}
RESULT: {"using":"xpath","value":"//*[@id=\"backBtn\"]"}
COMMAND: DELETE /session/97d31cefe963fd85982e18ab9d298f50 - {}
RESULT: {}
]]></system-out>
    </testcase>
  </testsuite>
</testsuites>