<?xml version="1.0" encoding="UTF-8"?>
<testsuites tests="10" failures="0" errors="0" skipped="0">
  <testsuite timestamp="2025-06-02T16:54:17" time="431.964" tests="4" failures="0" errors="0" skipped="0">
    <properties>
      <property name="specId" value="0" />
      <property name="suiteName" value="ISC Template - Time schedule US156099" />
      <property name="capabilities" value="chrome.136_0_7103_93.windows" />
      <property name="file" value="file:///D:/a/1/s/test/specs/ISC/isc-template-time-schedule.spec.js" />
    </properties>
    <testcase classname="chrome.136_0_7103_93.windows.ISC_Template_-_Time_schedule_US156099" name="Should verify if the yard has the currency and the storage location assigned" time="67.959">
      <system-out><![CDATA[
COMMAND: POST /session/6d8bd7b67751d8070595134c0dd0c9c6/execute/async - {"script":"<script> [1562 bytes]","args":[{"selector":{"controlType":"sap.m.GenericTile","properties":{"header":"Manage Yards"}},"wdio_ui5_key":"sapm.GenericTile{\"header\":\"Manage Yards\"}"}]}
RESULT: {"script":"<script> [1562 bytes]","args":[{"selector":{"controlType":"sap.m.GenericTile","properties":{"header":"Manage Yards"}},"wdio_ui5_key":"sapm.GenericTile{\"header\":\"Manage Yards\"}"}]}
RESULT: undefined
COMMAND: POST /session/6d8bd7b67751d8070595134c0dd0c9c6/element - {"using":"xpath","value":"//*[@id=\"__tile41\"]"}
RESULT: {"using":"xpath","value":"//*[@id=\"__tile41\"]"}
COMMAND: POST /session/6d8bd7b67751d8070595134c0dd0c9c6/element/f.682637C0DBC81701DD87E9FA8F6607BC.d.4B1689C8D4B5831A0A007D201516CCDE.e.115/click - {}
RESULT: {}
COMMAND: GET /session/6d8bd7b67751d8070595134c0dd0c9c6/screenshot - {}
RESULT: {}
COMMAND: POST /session/6d8bd7b67751d8070595134c0dd0c9c6/elements - {"using":"xpath","value":"//span[text()='Error']"}
RESULT: {"using":"xpath","value":"//span[text()='Error']"}
COMMAND: POST /session/6d8bd7b67751d8070595134c0dd0c9c6/element - {"using":"xpath","value":"//input[contains(@id ,\"application-manageyards-display-component---masterYard--smartFilterBar-btnBasicSearch\")]"}
RESULT: {"using":"xpath","value":"//input[contains(@id ,\"application-manageyards-display-component---masterYard--smartFilterBar-btnBasicSearch\")]"}
COMMAND: POST /session/6d8bd7b67751d8070595134c0dd0c9c6/element/f.682637C0DBC81701DD87E9FA8F6607BC.d.4B1689C8D4B5831A0A007D201516CCDE.e.138/clear - {}
RESULT: {}
COMMAND: POST /session/6d8bd7b67751d8070595134c0dd0c9c6/element/f.682637C0DBC81701DD87E9FA8F6607BC.d.4B1689C8D4B5831A0A007D201516CCDE.e.138/value - {"text":"109"}
COMMAND: GET /session/6d8bd7b67751d8070595134c0dd0c9c6/screenshot - {}
RESULT: {"text":"109"}
COMMAND: POST /session/6d8bd7b67751d8070595134c0dd0c9c6/actions - {"actions":[{"id":"action1","type":"key","parameters":{},"actions":[{"type":"keyDown","value":"î€‡"},{"type":"pause","duration":10},{"type":"keyUp","value":"î€‡"}]}]}
COMMAND: GET /session/6d8bd7b67751d8070595134c0dd0c9c6/screenshot - {}
RESULT: {}
RESULT: {"actions":[{"id":"action1","type":"key","parameters":{},"actions":[{"type":"keyDown","value":"î€‡"},{"type":"pause","duration":10},{"type":"keyUp","value":"î€‡"}]}]}
COMMAND: GET /session/6d8bd7b67751d8070595134c0dd0c9c6/screenshot - {}
RESULT: {}
RESULT: {}
COMMAND: POST /session/6d8bd7b67751d8070595134c0dd0c9c6/execute/async - {"script":"<script> [1562 bytes]","args":[{"selector":{"controlType":"sap.ui.core.Icon","viewName":"etm.portal.ui.manageyards.view.Master","viewId":"application-manageyards-display-component---masterYard","properties":{"src":{"regex":{"source":"slim\\-arrow\\-right"}}}},"wdio_ui5_key":"etmportal.ui.manageyards.view.Mastersap.ui.core.Icon{\"src\":{\"regex\":{\"source\":\"slim\\\\-arrow\\\\-right\"}}}"}]}
RESULT: {"script":"<script> [1562 bytes]","args":[{"selector":{"controlType":"sap.ui.core.Icon","viewName":"etm.portal.ui.manageyards.view.Master","viewId":"application-manageyards-display-component---masterYard","properties":{"src":{"regex":{"source":"slim\\-arrow\\-right"}}}},"wdio_ui5_key":"etmportal.ui.manageyards.view.Mastersap.ui.core.Icon{\"src\":{\"regex\":{\"source\":\"slim\\\\-arrow\\\\-right\"}}}"}]}
RESULT: undefined
COMMAND: POST /session/6d8bd7b67751d8070595134c0dd0c9c6/element - {"using":"xpath","value":"//*[@id=\"__item22-__clone19-imgNav\"]"}
RESULT: {"using":"xpath","value":"//*[@id=\"__item22-__clone19-imgNav\"]"}
COMMAND: POST /session/6d8bd7b67751d8070595134c0dd0c9c6/element/f.682637C0DBC81701DD87E9FA8F6607BC.d.4B1689C8D4B5831A0A007D201516CCDE.e.298/click - {}
RESULT: {}
COMMAND: GET /session/6d8bd7b67751d8070595134c0dd0c9c6/screenshot - {}
COMMAND: POST /session/6d8bd7b67751d8070595134c0dd0c9c6/execute/async - {"script":"<script> [1562 bytes]","args":[{"selector":{"controlType":"sap.m.Button","viewName":"etm.portal.ui.manageyards.view.Detail","viewId":"application-manageyards-display-component---detailYard","properties":{"text":"Commercial"},"interaction":{"idSuffix":"BDI-content"}},"wdio_ui5_key":"etmportal.ui.manageyards.view.Detailsap.m.Button{\"text\":\"Commercial\"}"}]}
RESULT: {}
RESULT: {"script":"<script> [1562 bytes]","args":[{"selector":{"controlType":"sap.m.Button","viewName":"etm.portal.ui.manageyards.view.Detail","viewId":"application-manageyards-display-component---detailYard","properties":{"text":"Commercial"},"interaction":{"idSuffix":"BDI-content"}},"wdio_ui5_key":"etmportal.ui.manageyards.view.Detailsap.m.Button{\"text\":\"Commercial\"}"}]}
RESULT: undefined
COMMAND: POST /session/6d8bd7b67751d8070595134c0dd0c9c6/element - {"using":"xpath","value":"//*[@id=\"application-manageyards-display-component---detailYard--ObjectPageLayout-anchBar-__section5-anchor\"]"}
RESULT: {"using":"xpath","value":"//*[@id=\"application-manageyards-display-component---detailYard--ObjectPageLayout-anchBar-__section5-anchor\"]"}
COMMAND: POST /session/6d8bd7b67751d8070595134c0dd0c9c6/element/f.682637C0DBC81701DD87E9FA8F6607BC.d.4B1689C8D4B5831A0A007D201516CCDE.e.425/click - {}
RESULT: {}
COMMAND: GET /session/6d8bd7b67751d8070595134c0dd0c9c6/screenshot - {}
RESULT: {}
COMMAND: POST /session/6d8bd7b67751d8070595134c0dd0c9c6/element - {"using":"xpath","value":"//span[contains(text(), \"Euro\")]"}
RESULT: {"using":"xpath","value":"//span[contains(text(), \"Euro\")]"}
COMMAND: POST /session/6d8bd7b67751d8070595134c0dd0c9c6/element - {"using":"xpath","value":"//span[contains(text(), \"0010\")]"}
RESULT: {"using":"xpath","value":"//span[contains(text(), \"0010\")]"}
COMMAND: POST /session/6d8bd7b67751d8070595134c0dd0c9c6/execute/sync - {"script":"<script> [8489 bytes]","args":[{"element-6066-11e4-a52e-4f735466cecf":"f.682637C0DBC81701DD87E9FA8F6607BC.d.4B1689C8D4B5831A0A007D201516CCDE.e.435","ELEMENT":"f.682637C0DBC81701DD87E9FA8F6607BC.d.4B1689C8D4B5831A0A007D201516CCDE.e.435"}]}
RESULT: {"script":"<script> [8489 bytes]","args":[{"element-6066-11e4-a52e-4f735466cecf":"f.682637C0DBC81701DD87E9FA8F6607BC.d.4B1689C8D4B5831A0A007D201516CCDE.e.435","ELEMENT":"f.682637C0DBC81701DD87E9FA8F6607BC.d.4B1689C8D4B5831A0A007D201516CCDE.e.435"}]}
COMMAND: POST /session/6d8bd7b67751d8070595134c0dd0c9c6/execute/sync - {"script":"<script> [8489 bytes]","args":[{"element-6066-11e4-a52e-4f735466cecf":"f.682637C0DBC81701DD87E9FA8F6607BC.d.4B1689C8D4B5831A0A007D201516CCDE.e.436","ELEMENT":"f.682637C0DBC81701DD87E9FA8F6607BC.d.4B1689C8D4B5831A0A007D201516CCDE.e.436"}]}
COMMAND: GET /session/6d8bd7b67751d8070595134c0dd0c9c6/screenshot - {}
RESULT: {"script":"<script> [8489 bytes]","args":[{"element-6066-11e4-a52e-4f735466cecf":"f.682637C0DBC81701DD87E9FA8F6607BC.d.4B1689C8D4B5831A0A007D201516CCDE.e.436","ELEMENT":"f.682637C0DBC81701DD87E9FA8F6607BC.d.4B1689C8D4B5831A0A007D201516CCDE.e.436"}]}
COMMAND: POST /session/6d8bd7b67751d8070595134c0dd0c9c6/element - {"using":"css selector","value":"#shell-header-logo"}
COMMAND: GET /session/6d8bd7b67751d8070595134c0dd0c9c6/screenshot - {}
RESULT: {}
RESULT: {"using":"css selector","value":"#shell-header-logo"}
COMMAND: POST /session/6d8bd7b67751d8070595134c0dd0c9c6/element/f.682637C0DBC81701DD87E9FA8F6607BC.d.4B1689C8D4B5831A0A007D201516CCDE.e.117/click - {}
RESULT: {}
RESULT: {}
COMMAND: GET /session/6d8bd7b67751d8070595134c0dd0c9c6/screenshot - {}
RESULT: {}
COMMAND: POST /session/6d8bd7b67751d8070595134c0dd0c9c6/refresh - {}
RESULT: {}
COMMAND: GET /session/6d8bd7b67751d8070595134c0dd0c9c6/screenshot - {}
RESULT: {}
COMMAND: POST /session/6d8bd7b67751d8070595134c0dd0c9c6/execute/async - {"script":"<script> [189 bytes]","args":[]}
RESULT: {"script":"<script> [189 bytes]","args":[]}
COMMAND: POST /session/6d8bd7b67751d8070595134c0dd0c9c6/execute/async - {"script":"<script> [123 bytes]","args":[]}
RESULT: {"script":"<script> [123 bytes]","args":[]}
COMMAND: POST /session/6d8bd7b67751d8070595134c0dd0c9c6/timeouts - {"script":"<number>"}
RESULT: {"script":"<number>"}
COMMAND: GET /session/6d8bd7b67751d8070595134c0dd0c9c6/timeouts - {}
RESULT: {}
RESULT: undefined
COMMAND: POST /session/6d8bd7b67751d8070595134c0dd0c9c6/execute/async - {"script":"<script> [2676 bytes]","args":[]}
RESULT: {"script":"<script> [2676 bytes]","args":[]}
COMMAND: POST /session/6d8bd7b67751d8070595134c0dd0c9c6/execute/async - {"script":"<script> [2342 bytes]","args":[{"protocol":"http","hostname":"0.0.0.0","path":"/","capabilities":{"browserName":"chrome","goog:chromeOptions":{"binary":"C:\\Program Files\\Google\\Chrome\\Application\\chrome.exe","args":["--start-maximized"]}},"logLevel":"warn","connectionRetryTimeout":120000,"connectionRetryCount":3,"logLevels":{},"enableDirectConnect":true,"strictSSL":true,"_":"65 more keys: [\"cacheDir\",\"port\",\"requestedCapabilities\",\"automationProtocol\",\"baseUrl\",\"waitforInterval\",\"waitforTimeout\",\"onReload\",\"beforeCommand\",\"afterCommand\",\"rootDir\",\"specs\",\"suites\",\"exclude\",\"groupLogsByTestSpec\",\"excludeDriverLogs\",\"bail\",\"framework\",\"reporters\",\"services\",\"maxInstances\",\"maxInstancesPerCapability\",\"injectGlobals\",\"filesToWatch\",\"execArgv\",\"runnerEnv\",\"runner\",\"shard\",\"specFileRetries\",\"specFileRetriesDelay\",\"specFileRetriesDeferred\",\"reporterSyncInterval\",\"reporterSyncTimeout\",\"cucumberFeaturesWithLineNumbers\",\"autoCompileOpts\",\"mochaOpts\",\"jasmineOpts\",\"cucumberOpts\",\"onPrepare\",\"onWorkerStart\",\"onWorkerEnd\",\"before\",\"beforeSession\",\"beforeSuite\",\"beforeHook\",\"beforeTest\",\"afterTest\",\"afterHook\",\"afterSuite\",\"afterSession\",\"after\",\"onComplete\",\"beforeAssertion\",\"afterAssertion\",\"beforeFeature\",\"beforeScenario\",\"beforeStep\",\"afterStep\",\"afterScenario\",\"afterFeature\",\"_\",\"suite\",\"$0\",\"ignoredWorkerServices\",\"wdi5\"]"}]}
RESULT: {"script":"<script> [2342 bytes]","args":[{"protocol":"http","hostname":"0.0.0.0","path":"/","capabilities":{"browserName":"chrome","goog:chromeOptions":{"binary":"C:\\Program Files\\Google\\Chrome\\Application\\chrome.exe","args":["--start-maximized"]}},"logLevel":"warn","connectionRetryTimeout":120000,"connectionRetryCount":3,"logLevels":{},"enableDirectConnect":true,"strictSSL":true,"_":"65 more keys: [\"cacheDir\",\"port\",\"requestedCapabilities\",\"automationProtocol\",\"baseUrl\",\"waitforInterval\",\"waitforTimeout\",\"onReload\",\"beforeCommand\",\"afterCommand\",\"rootDir\",\"specs\",\"suites\",\"exclude\",\"groupLogsByTestSpec\",\"excludeDriverLogs\",\"bail\",\"framework\",\"reporters\",\"services\",\"maxInstances\",\"maxInstancesPerCapability\",\"injectGlobals\",\"filesToWatch\",\"execArgv\",\"runnerEnv\",\"runner\",\"shard\",\"specFileRetries\",\"specFileRetriesDelay\",\"specFileRetriesDeferred\",\"reporterSyncInterval\",\"reporterSyncTimeout\",\"cucumberFeaturesWithLineNumbers\",\"autoCompileOpts\",\"mochaOpts\",\"jasmineOpts\",\"cucumberOpts\",\"onPrepare\",\"onWorkerStart\",\"onWorkerEnd\",\"before\",\"beforeSession\",\"beforeSuite\",\"beforeHook\",\"beforeTest\",\"afterTest\",\"afterHook\",\"afterSuite\",\"afterSession\",\"after\",\"onComplete\",\"beforeAssertion\",\"afterAssertion\",\"beforeFeature\",\"beforeScenario\",\"beforeStep\",\"afterStep\",\"afterScenario\",\"afterFeature\",\"_\",\"suite\",\"$0\",\"ignoredWorkerServices\",\"wdi5\"]"}]}
COMMAND: POST /session/6d8bd7b67751d8070595134c0dd0c9c6/execute/async - {"script":"<script> [21126 bytes]","args":[35000]}
RESULT: {"script":"<script> [21126 bytes]","args":[35000]}
]]></system-out>
    </testcase>
    <testcase classname="chrome.136_0_7103_93.windows.ISC_Template_-_Time_schedule_US156099" name="Should add the material link" time="71.725">
      <system-out><![CDATA[
COMMAND: POST /session/6d8bd7b67751d8070595134c0dd0c9c6/execute/async - {"script":"<script> [1562 bytes]","args":[{"selector":{"controlType":"sap.m.GenericTile","properties":{"header":"Manage Resources"}},"wdio_ui5_key":"sapm.GenericTile{\"header\":\"Manage Resources\"}"}]}
RESULT: {"script":"<script> [1562 bytes]","args":[{"selector":{"controlType":"sap.m.GenericTile","properties":{"header":"Manage Resources"}},"wdio_ui5_key":"sapm.GenericTile{\"header\":\"Manage Resources\"}"}]}
RESULT: undefined
COMMAND: POST /session/6d8bd7b67751d8070595134c0dd0c9c6/element - {"using":"xpath","value":"//*[@id=\"__tile39\"]"}
RESULT: {"using":"xpath","value":"//*[@id=\"__tile39\"]"}
COMMAND: POST /session/6d8bd7b67751d8070595134c0dd0c9c6/element/f.682637C0DBC81701DD87E9FA8F6607BC.d.0E33EFB0C781BE1EE273D476500E73FB.e.460/click - {}
RESULT: {}
COMMAND: GET /session/6d8bd7b67751d8070595134c0dd0c9c6/screenshot - {}
RESULT: {}
COMMAND: POST /session/6d8bd7b67751d8070595134c0dd0c9c6/elements - {"using":"xpath","value":"//span[text()='Error']"}
RESULT: {"using":"xpath","value":"//span[text()='Error']"}
COMMAND: POST /session/6d8bd7b67751d8070595134c0dd0c9c6/element - {"using":"xpath","value":"//input[contains(@id ,\"application-manageresources-display-component---masterRU--smartFilterBar-btnBasicSearch-I\")]"}
RESULT: {"using":"xpath","value":"//input[contains(@id ,\"application-manageresources-display-component---masterRU--smartFilterBar-btnBasicSearch-I\")]"}
COMMAND: POST /session/6d8bd7b67751d8070595134c0dd0c9c6/element/f.682637C0DBC81701DD87E9FA8F6607BC.d.0E33EFB0C781BE1EE273D476500E73FB.e.480/value - {"text":"200013"}
RESULT: {"text":"200013"}
COMMAND: GET /session/6d8bd7b67751d8070595134c0dd0c9c6/screenshot - {}
RESULT: {}
COMMAND: POST /session/6d8bd7b67751d8070595134c0dd0c9c6/actions - {"actions":[{"id":"action2","type":"key","parameters":{},"actions":[{"type":"keyDown","value":"î€‡"},{"type":"pause","duration":10},{"type":"keyUp","value":"î€‡"}]}]}
RESULT: {"actions":[{"id":"action2","type":"key","parameters":{},"actions":[{"type":"keyDown","value":"î€‡"},{"type":"pause","duration":10},{"type":"keyUp","value":"î€‡"}]}]}
COMMAND: GET /session/6d8bd7b67751d8070595134c0dd0c9c6/screenshot - {}
RESULT: {}
COMMAND: POST /session/6d8bd7b67751d8070595134c0dd0c9c6/execute/async - {"script":"<script> [1562 bytes]","args":[{"selector":{"controlType":"sap.ui.core.Icon","viewName":"etm.portal.ui.manageresources.view.Master","viewId":"application-manageresources-display-component---masterRU","properties":{"src":{"regex":{"source":"slim\\-arrow\\-right"}}}},"wdio_ui5_key":"etmportal.ui.manageresources.view.Mastersap.ui.core.Icon{\"src\":{\"regex\":{\"source\":\"slim\\\\-arrow\\\\-right\"}}}"}]}
RESULT: {"script":"<script> [1562 bytes]","args":[{"selector":{"controlType":"sap.ui.core.Icon","viewName":"etm.portal.ui.manageresources.view.Master","viewId":"application-manageresources-display-component---masterRU","properties":{"src":{"regex":{"source":"slim\\-arrow\\-right"}}}},"wdio_ui5_key":"etmportal.ui.manageresources.view.Mastersap.ui.core.Icon{\"src\":{\"regex\":{\"source\":\"slim\\\\-arrow\\\\-right\"}}}"}]}
RESULT: undefined
COMMAND: POST /session/6d8bd7b67751d8070595134c0dd0c9c6/element - {"using":"xpath","value":"//*[@id=\"__item35-__clone109-imgNav\"]"}
RESULT: {"using":"xpath","value":"//*[@id=\"__item35-__clone109-imgNav\"]"}
COMMAND: POST /session/6d8bd7b67751d8070595134c0dd0c9c6/element/f.682637C0DBC81701DD87E9FA8F6607BC.d.0E33EFB0C781BE1EE273D476500E73FB.e.649/click - {}
RESULT: {}
COMMAND: GET /session/6d8bd7b67751d8070595134c0dd0c9c6/screenshot - {}
RESULT: {}
COMMAND: POST /session/6d8bd7b67751d8070595134c0dd0c9c6/element - {"using":"xpath","value":"//*[contains(@data-kt ,\"materialNoLink\")][contains(text(), \"1000100022\")]"}
RESULT: {"using":"xpath","value":"//*[contains(@data-kt ,\"materialNoLink\")][contains(text(), \"1000100022\")]"}
COMMAND: POST /session/6d8bd7b67751d8070595134c0dd0c9c6/execute/sync - {"script":"<script> [8489 bytes]","args":[{"element-6066-11e4-a52e-4f735466cecf":"f.682637C0DBC81701DD87E9FA8F6607BC.d.0E33EFB0C781BE1EE273D476500E73FB.e.793","ELEMENT":"f.682637C0DBC81701DD87E9FA8F6607BC.d.0E33EFB0C781BE1EE273D476500E73FB.e.793"}]}
RESULT: {"script":"<script> [8489 bytes]","args":[{"element-6066-11e4-a52e-4f735466cecf":"f.682637C0DBC81701DD87E9FA8F6607BC.d.0E33EFB0C781BE1EE273D476500E73FB.e.793","ELEMENT":"f.682637C0DBC81701DD87E9FA8F6607BC.d.0E33EFB0C781BE1EE273D476500E73FB.e.793"}]}
COMMAND: POST /session/6d8bd7b67751d8070595134c0dd0c9c6/element - {"using":"css selector","value":"#shell-header-logo"}
COMMAND: GET /session/6d8bd7b67751d8070595134c0dd0c9c6/screenshot - {}
RESULT: {"using":"css selector","value":"#shell-header-logo"}
COMMAND: POST /session/6d8bd7b67751d8070595134c0dd0c9c6/element/f.682637C0DBC81701DD87E9FA8F6607BC.d.0E33EFB0C781BE1EE273D476500E73FB.e.463/click - {}
RESULT: {}
RESULT: {}
COMMAND: GET /session/6d8bd7b67751d8070595134c0dd0c9c6/screenshot - {}
RESULT: {}
COMMAND: POST /session/6d8bd7b67751d8070595134c0dd0c9c6/refresh - {}
RESULT: {}
COMMAND: GET /session/6d8bd7b67751d8070595134c0dd0c9c6/screenshot - {}
RESULT: {}
COMMAND: POST /session/6d8bd7b67751d8070595134c0dd0c9c6/execute/async - {"script":"<script> [189 bytes]","args":[]}
RESULT: {"script":"<script> [189 bytes]","args":[]}
COMMAND: POST /session/6d8bd7b67751d8070595134c0dd0c9c6/execute/async - {"script":"<script> [123 bytes]","args":[]}
RESULT: {"script":"<script> [123 bytes]","args":[]}
COMMAND: POST /session/6d8bd7b67751d8070595134c0dd0c9c6/timeouts - {"script":"<number>"}
RESULT: {"script":"<number>"}
COMMAND: GET /session/6d8bd7b67751d8070595134c0dd0c9c6/timeouts - {}
RESULT: {}
RESULT: undefined
COMMAND: POST /session/6d8bd7b67751d8070595134c0dd0c9c6/execute/async - {"script":"<script> [2676 bytes]","args":[]}
RESULT: {"script":"<script> [2676 bytes]","args":[]}
COMMAND: POST /session/6d8bd7b67751d8070595134c0dd0c9c6/execute/async - {"script":"<script> [2342 bytes]","args":[{"protocol":"http","hostname":"0.0.0.0","path":"/","capabilities":{"browserName":"chrome","goog:chromeOptions":{"binary":"C:\\Program Files\\Google\\Chrome\\Application\\chrome.exe","args":["--start-maximized"]}},"logLevel":"warn","connectionRetryTimeout":120000,"connectionRetryCount":3,"logLevels":{},"enableDirectConnect":true,"strictSSL":true,"_":"65 more keys: [\"cacheDir\",\"port\",\"requestedCapabilities\",\"automationProtocol\",\"baseUrl\",\"waitforInterval\",\"waitforTimeout\",\"onReload\",\"beforeCommand\",\"afterCommand\",\"rootDir\",\"specs\",\"suites\",\"exclude\",\"groupLogsByTestSpec\",\"excludeDriverLogs\",\"bail\",\"framework\",\"reporters\",\"services\",\"maxInstances\",\"maxInstancesPerCapability\",\"injectGlobals\",\"filesToWatch\",\"execArgv\",\"runnerEnv\",\"runner\",\"shard\",\"specFileRetries\",\"specFileRetriesDelay\",\"specFileRetriesDeferred\",\"reporterSyncInterval\",\"reporterSyncTimeout\",\"cucumberFeaturesWithLineNumbers\",\"autoCompileOpts\",\"mochaOpts\",\"jasmineOpts\",\"cucumberOpts\",\"onPrepare\",\"onWorkerStart\",\"onWorkerEnd\",\"before\",\"beforeSession\",\"beforeSuite\",\"beforeHook\",\"beforeTest\",\"afterTest\",\"afterHook\",\"afterSuite\",\"afterSession\",\"after\",\"onComplete\",\"beforeAssertion\",\"afterAssertion\",\"beforeFeature\",\"beforeScenario\",\"beforeStep\",\"afterStep\",\"afterScenario\",\"afterFeature\",\"_\",\"suite\",\"$0\",\"ignoredWorkerServices\",\"wdi5\"]"}]}
RESULT: {"script":"<script> [2342 bytes]","args":[{"protocol":"http","hostname":"0.0.0.0","path":"/","capabilities":{"browserName":"chrome","goog:chromeOptions":{"binary":"C:\\Program Files\\Google\\Chrome\\Application\\chrome.exe","args":["--start-maximized"]}},"logLevel":"warn","connectionRetryTimeout":120000,"connectionRetryCount":3,"logLevels":{},"enableDirectConnect":true,"strictSSL":true,"_":"65 more keys: [\"cacheDir\",\"port\",\"requestedCapabilities\",\"automationProtocol\",\"baseUrl\",\"waitforInterval\",\"waitforTimeout\",\"onReload\",\"beforeCommand\",\"afterCommand\",\"rootDir\",\"specs\",\"suites\",\"exclude\",\"groupLogsByTestSpec\",\"excludeDriverLogs\",\"bail\",\"framework\",\"reporters\",\"services\",\"maxInstances\",\"maxInstancesPerCapability\",\"injectGlobals\",\"filesToWatch\",\"execArgv\",\"runnerEnv\",\"runner\",\"shard\",\"specFileRetries\",\"specFileRetriesDelay\",\"specFileRetriesDeferred\",\"reporterSyncInterval\",\"reporterSyncTimeout\",\"cucumberFeaturesWithLineNumbers\",\"autoCompileOpts\",\"mochaOpts\",\"jasmineOpts\",\"cucumberOpts\",\"onPrepare\",\"onWorkerStart\",\"onWorkerEnd\",\"before\",\"beforeSession\",\"beforeSuite\",\"beforeHook\",\"beforeTest\",\"afterTest\",\"afterHook\",\"afterSuite\",\"afterSession\",\"after\",\"onComplete\",\"beforeAssertion\",\"afterAssertion\",\"beforeFeature\",\"beforeScenario\",\"beforeStep\",\"afterStep\",\"afterScenario\",\"afterFeature\",\"_\",\"suite\",\"$0\",\"ignoredWorkerServices\",\"wdi5\"]"}]}
COMMAND: POST /session/6d8bd7b67751d8070595134c0dd0c9c6/execute/async - {"script":"<script> [21126 bytes]","args":[35000]}
RESULT: {"script":"<script> [21126 bytes]","args":[35000]}
]]></system-out>
    </testcase>
    <testcase classname="chrome.136_0_7103_93.windows.ISC_Template_-_Time_schedule_US156099" name="Should create a condition for the spare part" time="60.308">
      <system-out><![CDATA[
COMMAND: POST /session/6d8bd7b67751d8070595134c0dd0c9c6/execute/async - {"script":"<script> [1562 bytes]","args":[{"selector":{"controlType":"sap.m.GenericTile","properties":{"header":"Manage Conditions & Prices"}},"wdio_ui5_key":"sapm.GenericTile{\"header\":\"Manage Conditions & Prices\"}"}]}
RESULT: {"script":"<script> [1562 bytes]","args":[{"selector":{"controlType":"sap.m.GenericTile","properties":{"header":"Manage Conditions & Prices"}},"wdio_ui5_key":"sapm.GenericTile{\"header\":\"Manage Conditions & Prices\"}"}]}
RESULT: undefined
COMMAND: POST /session/6d8bd7b67751d8070595134c0dd0c9c6/element - {"using":"xpath","value":"//*[@id=\"__tile53\"]"}
RESULT: {"using":"xpath","value":"//*[@id=\"__tile53\"]"}
COMMAND: POST /session/6d8bd7b67751d8070595134c0dd0c9c6/element/f.682637C0DBC81701DD87E9FA8F6607BC.d.F695E0978D68EDA48F4880B5B278CF44.e.816/click - {}
RESULT: {}
COMMAND: GET /session/6d8bd7b67751d8070595134c0dd0c9c6/screenshot - {}
RESULT: {}
COMMAND: POST /session/6d8bd7b67751d8070595134c0dd0c9c6/elements - {"using":"xpath","value":"//span[text()='Error']"}
RESULT: {"using":"xpath","value":"//span[text()='Error']"}
COMMAND: POST /session/6d8bd7b67751d8070595134c0dd0c9c6/execute/async - {"script":"<script> [1562 bytes]","args":[{"selector":{"id":"application-manageconditionprice-display-component---conditions--smartFilterBar-btnBasicSearch","interaction":{"idSuffix":"I"}},"wdio_ui5_key":"applicationmanageconditionprice-display-component---conditions--smartFilterBar-btnBasicSearch"}]}
RESULT: {"script":"<script> [1562 bytes]","args":[{"selector":{"id":"application-manageconditionprice-display-component---conditions--smartFilterBar-btnBasicSearch","interaction":{"idSuffix":"I"}},"wdio_ui5_key":"applicationmanageconditionprice-display-component---conditions--smartFilterBar-btnBasicSearch"}]}
RESULT: undefined
COMMAND: POST /session/6d8bd7b67751d8070595134c0dd0c9c6/execute/async - {"script":"<script> [776 bytes]","args":[{"enterText":"200013","selector":{"id":"application-manageconditionprice-display-component---conditions--smartFilterBar-btnBasicSearch","interaction":{"idSuffix":"I"}},"clearTextFirst":true,"interactionType":"ENTER_TEXT"}]}
RESULT: {"script":"<script> [776 bytes]","args":[{"enterText":"200013","selector":{"id":"application-manageconditionprice-display-component---conditions--smartFilterBar-btnBasicSearch","interaction":{"idSuffix":"I"}},"clearTextFirst":true,"interactionType":"ENTER_TEXT"}]}
COMMAND: POST /session/6d8bd7b67751d8070595134c0dd0c9c6/actions - {"actions":[{"id":"action3","type":"key","parameters":{},"actions":[{"type":"keyDown","value":"î€‡"},{"type":"pause","duration":10},{"type":"keyUp","value":"î€‡"}]}]}
RESULT: {"actions":[{"id":"action3","type":"key","parameters":{},"actions":[{"type":"keyDown","value":"î€‡"},{"type":"pause","duration":10},{"type":"keyUp","value":"î€‡"}]}]}
COMMAND: GET /session/6d8bd7b67751d8070595134c0dd0c9c6/screenshot - {}
RESULT: {}
COMMAND: POST /session/6d8bd7b67751d8070595134c0dd0c9c6/element - {"using":"xpath","value":"//span[contains(@id ,\"application-manageconditionprice-display-component---conditions--smartTable-header-inner\")][contains(text(), \"Records (1)\")]"}
RESULT: {"using":"xpath","value":"//span[contains(@id ,\"application-manageconditionprice-display-component---conditions--smartTable-header-inner\")][contains(text(), \"Records (1)\")]"}
COMMAND: POST /session/6d8bd7b67751d8070595134c0dd0c9c6/execute/sync - {"script":"<script> [8489 bytes]","args":[{"element-6066-11e4-a52e-4f735466cecf":"f.682637C0DBC81701DD87E9FA8F6607BC.d.F695E0978D68EDA48F4880B5B278CF44.e.1011","ELEMENT":"f.682637C0DBC81701DD87E9FA8F6607BC.d.F695E0978D68EDA48F4880B5B278CF44.e.1011"}]}
RESULT: {"script":"<script> [8489 bytes]","args":[{"element-6066-11e4-a52e-4f735466cecf":"f.682637C0DBC81701DD87E9FA8F6607BC.d.F695E0978D68EDA48F4880B5B278CF44.e.1011","ELEMENT":"f.682637C0DBC81701DD87E9FA8F6607BC.d.F695E0978D68EDA48F4880B5B278CF44.e.1011"}]}
COMMAND: POST /session/6d8bd7b67751d8070595134c0dd0c9c6/element - {"using":"css selector","value":"#shell-header-logo"}
COMMAND: GET /session/6d8bd7b67751d8070595134c0dd0c9c6/screenshot - {}
RESULT: {"using":"css selector","value":"#shell-header-logo"}
COMMAND: POST /session/6d8bd7b67751d8070595134c0dd0c9c6/element/f.682637C0DBC81701DD87E9FA8F6607BC.d.F695E0978D68EDA48F4880B5B278CF44.e.818/click - {}
RESULT: {}
RESULT: {}
COMMAND: GET /session/6d8bd7b67751d8070595134c0dd0c9c6/screenshot - {}
RESULT: {}
COMMAND: POST /session/6d8bd7b67751d8070595134c0dd0c9c6/refresh - {}
RESULT: {}
COMMAND: GET /session/6d8bd7b67751d8070595134c0dd0c9c6/screenshot - {}
RESULT: {}
COMMAND: POST /session/6d8bd7b67751d8070595134c0dd0c9c6/execute/async - {"script":"<script> [189 bytes]","args":[]}
RESULT: {"script":"<script> [189 bytes]","args":[]}
COMMAND: POST /session/6d8bd7b67751d8070595134c0dd0c9c6/execute/async - {"script":"<script> [123 bytes]","args":[]}
RESULT: {"script":"<script> [123 bytes]","args":[]}
COMMAND: POST /session/6d8bd7b67751d8070595134c0dd0c9c6/timeouts - {"script":"<number>"}
RESULT: {"script":"<number>"}
COMMAND: GET /session/6d8bd7b67751d8070595134c0dd0c9c6/timeouts - {}
RESULT: {}
RESULT: undefined
COMMAND: POST /session/6d8bd7b67751d8070595134c0dd0c9c6/execute/async - {"script":"<script> [2676 bytes]","args":[]}
RESULT: {"script":"<script> [2676 bytes]","args":[]}
COMMAND: POST /session/6d8bd7b67751d8070595134c0dd0c9c6/execute/async - {"script":"<script> [2342 bytes]","args":[{"protocol":"http","hostname":"0.0.0.0","path":"/","capabilities":{"browserName":"chrome","goog:chromeOptions":{"binary":"C:\\Program Files\\Google\\Chrome\\Application\\chrome.exe","args":["--start-maximized"]}},"logLevel":"warn","connectionRetryTimeout":120000,"connectionRetryCount":3,"logLevels":{},"enableDirectConnect":true,"strictSSL":true,"_":"65 more keys: [\"cacheDir\",\"port\",\"requestedCapabilities\",\"automationProtocol\",\"baseUrl\",\"waitforInterval\",\"waitforTimeout\",\"onReload\",\"beforeCommand\",\"afterCommand\",\"rootDir\",\"specs\",\"suites\",\"exclude\",\"groupLogsByTestSpec\",\"excludeDriverLogs\",\"bail\",\"framework\",\"reporters\",\"services\",\"maxInstances\",\"maxInstancesPerCapability\",\"injectGlobals\",\"filesToWatch\",\"execArgv\",\"runnerEnv\",\"runner\",\"shard\",\"specFileRetries\",\"specFileRetriesDelay\",\"specFileRetriesDeferred\",\"reporterSyncInterval\",\"reporterSyncTimeout\",\"cucumberFeaturesWithLineNumbers\",\"autoCompileOpts\",\"mochaOpts\",\"jasmineOpts\",\"cucumberOpts\",\"onPrepare\",\"onWorkerStart\",\"onWorkerEnd\",\"before\",\"beforeSession\",\"beforeSuite\",\"beforeHook\",\"beforeTest\",\"afterTest\",\"afterHook\",\"afterSuite\",\"afterSession\",\"after\",\"onComplete\",\"beforeAssertion\",\"afterAssertion\",\"beforeFeature\",\"beforeScenario\",\"beforeStep\",\"afterStep\",\"afterScenario\",\"afterFeature\",\"_\",\"suite\",\"$0\",\"ignoredWorkerServices\",\"wdi5\"]"}]}
RESULT: {"script":"<script> [2342 bytes]","args":[{"protocol":"http","hostname":"0.0.0.0","path":"/","capabilities":{"browserName":"chrome","goog:chromeOptions":{"binary":"C:\\Program Files\\Google\\Chrome\\Application\\chrome.exe","args":["--start-maximized"]}},"logLevel":"warn","connectionRetryTimeout":120000,"connectionRetryCount":3,"logLevels":{},"enableDirectConnect":true,"strictSSL":true,"_":"65 more keys: [\"cacheDir\",\"port\",\"requestedCapabilities\",\"automationProtocol\",\"baseUrl\",\"waitforInterval\",\"waitforTimeout\",\"onReload\",\"beforeCommand\",\"afterCommand\",\"rootDir\",\"specs\",\"suites\",\"exclude\",\"groupLogsByTestSpec\",\"excludeDriverLogs\",\"bail\",\"framework\",\"reporters\",\"services\",\"maxInstances\",\"maxInstancesPerCapability\",\"injectGlobals\",\"filesToWatch\",\"execArgv\",\"runnerEnv\",\"runner\",\"shard\",\"specFileRetries\",\"specFileRetriesDelay\",\"specFileRetriesDeferred\",\"reporterSyncInterval\",\"reporterSyncTimeout\",\"cucumberFeaturesWithLineNumbers\",\"autoCompileOpts\",\"mochaOpts\",\"jasmineOpts\",\"cucumberOpts\",\"onPrepare\",\"onWorkerStart\",\"onWorkerEnd\",\"before\",\"beforeSession\",\"beforeSuite\",\"beforeHook\",\"beforeTest\",\"afterTest\",\"afterHook\",\"afterSuite\",\"afterSession\",\"after\",\"onComplete\",\"beforeAssertion\",\"afterAssertion\",\"beforeFeature\",\"beforeScenario\",\"beforeStep\",\"afterStep\",\"afterScenario\",\"afterFeature\",\"_\",\"suite\",\"$0\",\"ignoredWorkerServices\",\"wdi5\"]"}]}
COMMAND: POST /session/6d8bd7b67751d8070595134c0dd0c9c6/execute/async - {"script":"<script> [21126 bytes]","args":[35000]}
RESULT: {"script":"<script> [21126 bytes]","args":[35000]}
]]></system-out>
    </testcase>
    <testcase classname="chrome.136_0_7103_93.windows.ISC_Template_-_Time_schedule_US156099" name="Should create a new time template" time="197.105">
      <system-out><![CDATA[
COMMAND: POST /session/6d8bd7b67751d8070595134c0dd0c9c6/element - {"using":"css selector","value":"#shell-header-logo"}
RESULT: {"using":"css selector","value":"#shell-header-logo"}
COMMAND: POST /session/6d8bd7b67751d8070595134c0dd0c9c6/element/f.682637C0DBC81701DD87E9FA8F6607BC.d.95932995063EAB9278E4B9B743844D75.e.1037/click - {}
RESULT: {}
COMMAND: GET /session/6d8bd7b67751d8070595134c0dd0c9c6/screenshot - {}
RESULT: {}
COMMAND: POST /session/6d8bd7b67751d8070595134c0dd0c9c6/execute/async - {"script":"<script> [1562 bytes]","args":[{"selector":{"controlType":"sap.m.GenericTile","properties":{"header":"ISC Templates"}},"wdio_ui5_key":"sapm.GenericTile{\"header\":\"ISC Templates\"}"}]}
RESULT: {"script":"<script> [1562 bytes]","args":[{"selector":{"controlType":"sap.m.GenericTile","properties":{"header":"ISC Templates"}},"wdio_ui5_key":"sapm.GenericTile{\"header\":\"ISC Templates\"}"}]}
RESULT: undefined
COMMAND: POST /session/6d8bd7b67751d8070595134c0dd0c9c6/element - {"using":"xpath","value":"//*[@id=\"__tile111\"]"}
RESULT: {"using":"xpath","value":"//*[@id=\"__tile111\"]"}
COMMAND: POST /session/6d8bd7b67751d8070595134c0dd0c9c6/element/f.682637C0DBC81701DD87E9FA8F6607BC.d.95932995063EAB9278E4B9B743844D75.e.1038/click - {}
RESULT: {}
COMMAND: GET /session/6d8bd7b67751d8070595134c0dd0c9c6/screenshot - {}
RESULT: {}
COMMAND: POST /session/6d8bd7b67751d8070595134c0dd0c9c6/elements - {"using":"xpath","value":"//span[text()='Error']"}
RESULT: {"using":"xpath","value":"//span[text()='Error']"}
COMMAND: POST /session/6d8bd7b67751d8070595134c0dd0c9c6/execute/async - {"script":"<script> [1562 bytes]","args":[{"selector":{"id":"application-isctemplates-display-component---masterSafetyAndCompliance--idCreate-img"},"wdio_ui5_key":"applicationisctemplates-display-component---masterSafetyAndCompliance--idCreate-img"}]}
RESULT: {"script":"<script> [1562 bytes]","args":[{"selector":{"id":"application-isctemplates-display-component---masterSafetyAndCompliance--idCreate-img"},"wdio_ui5_key":"applicationisctemplates-display-component---masterSafetyAndCompliance--idCreate-img"}]}
RESULT: undefined
COMMAND: POST /session/6d8bd7b67751d8070595134c0dd0c9c6/element - {"using":"xpath","value":"//*[@id=\"application-isctemplates-display-component---masterSafetyAndCompliance--idCreate-img\"]"}
RESULT: {"using":"xpath","value":"//*[@id=\"application-isctemplates-display-component---masterSafetyAndCompliance--idCreate-img\"]"}
COMMAND: POST /session/6d8bd7b67751d8070595134c0dd0c9c6/element/f.682637C0DBC81701DD87E9FA8F6607BC.d.95932995063EAB9278E4B9B743844D75.e.1080/click - {}
RESULT: {}
COMMAND: GET /session/6d8bd7b67751d8070595134c0dd0c9c6/screenshot - {}
RESULT: {}
COMMAND: POST /session/6d8bd7b67751d8070595134c0dd0c9c6/execute/async - {"script":"<script> [1562 bytes]","args":[{"selector":{"id":"application-isctemplates-display-component---addDetailSafetyAndCompliance--iscTypeSelect","interaction":{"idSuffix":"arrow"}},"wdio_ui5_key":"applicationisctemplates-display-component---addDetailSafetyAndCompliance--iscTypeSelect"}]}
RESULT: {"script":"<script> [1562 bytes]","args":[{"selector":{"id":"application-isctemplates-display-component---addDetailSafetyAndCompliance--iscTypeSelect","interaction":{"idSuffix":"arrow"}},"wdio_ui5_key":"applicationisctemplates-display-component---addDetailSafetyAndCompliance--iscTypeSelect"}]}
RESULT: undefined
COMMAND: POST /session/6d8bd7b67751d8070595134c0dd0c9c6/element - {"using":"xpath","value":"//*[@id=\"application-isctemplates-display-component---addDetailSafetyAndCompliance--iscTypeSelect\"]"}
RESULT: {"using":"xpath","value":"//*[@id=\"application-isctemplates-display-component---addDetailSafetyAndCompliance--iscTypeSelect\"]"}
COMMAND: POST /session/6d8bd7b67751d8070595134c0dd0c9c6/element/f.682637C0DBC81701DD87E9FA8F6607BC.d.95932995063EAB9278E4B9B743844D75.e.1452/click - {}
RESULT: {}
COMMAND: GET /session/6d8bd7b67751d8070595134c0dd0c9c6/screenshot - {}
RESULT: {}
COMMAND: POST /session/6d8bd7b67751d8070595134c0dd0c9c6/element - {"using":"xpath","value":"(//li[contains(text(), \"Time based planning\")])[1]"}
RESULT: {"using":"xpath","value":"(//li[contains(text(), \"Time based planning\")])[1]"}
COMMAND: POST /session/6d8bd7b67751d8070595134c0dd0c9c6/element/f.682637C0DBC81701DD87E9FA8F6607BC.d.95932995063EAB9278E4B9B743844D75.e.1453/click - {}
RESULT: {}
COMMAND: GET /session/6d8bd7b67751d8070595134c0dd0c9c6/screenshot - {}
RESULT: {}
COMMAND: POST /session/6d8bd7b67751d8070595134c0dd0c9c6/element - {"using":"xpath","value":"//input[contains(@id ,\"application-isctemplates-display-component---addDetailSafetyAndCompliance--validFromDate-inner\")]"}
RESULT: {"using":"xpath","value":"//input[contains(@id ,\"application-isctemplates-display-component---addDetailSafetyAndCompliance--validFromDate-inner\")]"}
COMMAND: POST /session/6d8bd7b67751d8070595134c0dd0c9c6/element/f.682637C0DBC81701DD87E9FA8F6607BC.d.95932995063EAB9278E4B9B743844D75.e.1110/clear - {}
RESULT: {}
COMMAND: GET /session/6d8bd7b67751d8070595134c0dd0c9c6/screenshot - {}
RESULT: {}
COMMAND: POST /session/6d8bd7b67751d8070595134c0dd0c9c6/element/f.682637C0DBC81701DD87E9FA8F6607BC.d.95932995063EAB9278E4B9B743844D75.e.1110/clear - {}
RESULT: {}
COMMAND: POST /session/6d8bd7b67751d8070595134c0dd0c9c6/element/f.682637C0DBC81701DD87E9FA8F6607BC.d.95932995063EAB9278E4B9B743844D75.e.1110/value - {"text":"1/1/25"}
COMMAND: GET /session/6d8bd7b67751d8070595134c0dd0c9c6/screenshot - {}
RESULT: {"text":"1/1/25"}
COMMAND: POST /session/6d8bd7b67751d8070595134c0dd0c9c6/element - {"using":"xpath","value":"//input[contains(@id ,\"application-isctemplates-display-component---addDetailSafetyAndCompliance--validToDate-inner\")]"}
COMMAND: GET /session/6d8bd7b67751d8070595134c0dd0c9c6/screenshot - {}
RESULT: {}
RESULT: {"using":"xpath","value":"//input[contains(@id ,\"application-isctemplates-display-component---addDetailSafetyAndCompliance--validToDate-inner\")]"}
COMMAND: POST /session/6d8bd7b67751d8070595134c0dd0c9c6/element/f.682637C0DBC81701DD87E9FA8F6607BC.d.95932995063EAB9278E4B9B743844D75.e.1111/clear - {}
RESULT: {}
RESULT: {}
COMMAND: GET /session/6d8bd7b67751d8070595134c0dd0c9c6/screenshot - {}
RESULT: {}
COMMAND: POST /session/6d8bd7b67751d8070595134c0dd0c9c6/element/f.682637C0DBC81701DD87E9FA8F6607BC.d.95932995063EAB9278E4B9B743844D75.e.1111/clear - {}
RESULT: {}
COMMAND: POST /session/6d8bd7b67751d8070595134c0dd0c9c6/element/f.682637C0DBC81701DD87E9FA8F6607BC.d.95932995063EAB9278E4B9B743844D75.e.1111/value - {"text":"11/11/49"}
COMMAND: GET /session/6d8bd7b67751d8070595134c0dd0c9c6/screenshot - {}
RESULT: {"text":"11/11/49"}
COMMAND: POST /session/6d8bd7b67751d8070595134c0dd0c9c6/execute/async - {"script":"<script> [1562 bytes]","args":[{"selector":{"id":"application-isctemplates-display-component---addDetailSafetyAndCompliance--sitNameInput","interaction":{"idSuffix":"inner"}},"wdio_ui5_key":"applicationisctemplates-display-component---addDetailSafetyAndCompliance--sitNameInput"}]}
COMMAND: GET /session/6d8bd7b67751d8070595134c0dd0c9c6/screenshot - {}
RESULT: {}
RESULT: {"script":"<script> [1562 bytes]","args":[{"selector":{"id":"application-isctemplates-display-component---addDetailSafetyAndCompliance--sitNameInput","interaction":{"idSuffix":"inner"}},"wdio_ui5_key":"applicationisctemplates-display-component---addDetailSafetyAndCompliance--sitNameInput"}]}
RESULT: undefined
COMMAND: POST /session/6d8bd7b67751d8070595134c0dd0c9c6/execute/async - {"script":"<script> [776 bytes]","args":[{"enterText":"Webdriver ISC time","selector":{"id":"application-isctemplates-display-component---addDetailSafetyAndCompliance--sitNameInput","interaction":{"idSuffix":"inner"}},"clearTextFirst":true,"interactionType":"ENTER_TEXT"}]}
RESULT: {}
RESULT: {"script":"<script> [776 bytes]","args":[{"enterText":"Webdriver ISC time","selector":{"id":"application-isctemplates-display-component---addDetailSafetyAndCompliance--sitNameInput","interaction":{"idSuffix":"inner"}},"clearTextFirst":true,"interactionType":"ENTER_TEXT"}]}
COMMAND: POST /session/6d8bd7b67751d8070595134c0dd0c9c6/execute/async - {"script":"<script> [1562 bytes]","args":[{"selector":{"id":"application-isctemplates-display-component---addDetailSafetyAndCompliance--tempDesc","interaction":{"idSuffix":"inner"}},"wdio_ui5_key":"applicationisctemplates-display-component---addDetailSafetyAndCompliance--tempDesc"}]}
RESULT: {"script":"<script> [1562 bytes]","args":[{"selector":{"id":"application-isctemplates-display-component---addDetailSafetyAndCompliance--tempDesc","interaction":{"idSuffix":"inner"}},"wdio_ui5_key":"applicationisctemplates-display-component---addDetailSafetyAndCompliance--tempDesc"}]}
RESULT: undefined
COMMAND: POST /session/6d8bd7b67751d8070595134c0dd0c9c6/execute/async - {"script":"<script> [776 bytes]","args":[{"enterText":"ISC time","selector":{"id":"application-isctemplates-display-component---addDetailSafetyAndCompliance--tempDesc","interaction":{"idSuffix":"inner"}},"clearTextFirst":true,"interactionType":"ENTER_TEXT"}]}
RESULT: {"script":"<script> [776 bytes]","args":[{"enterText":"ISC time","selector":{"id":"application-isctemplates-display-component---addDetailSafetyAndCompliance--tempDesc","interaction":{"idSuffix":"inner"}},"clearTextFirst":true,"interactionType":"ENTER_TEXT"}]}
COMMAND: POST /session/6d8bd7b67751d8070595134c0dd0c9c6/execute/async - {"script":"<script> [1562 bytes]","args":[{"selector":{"id":"application-isctemplates-display-component---addDetailSafetyAndCompliance--firstInsp","interaction":{"idSuffix":"inner"}},"wdio_ui5_key":"applicationisctemplates-display-component---addDetailSafetyAndCompliance--firstInsp"}]}
RESULT: {"script":"<script> [1562 bytes]","args":[{"selector":{"id":"application-isctemplates-display-component---addDetailSafetyAndCompliance--firstInsp","interaction":{"idSuffix":"inner"}},"wdio_ui5_key":"applicationisctemplates-display-component---addDetailSafetyAndCompliance--firstInsp"}]}
RESULT: undefined
COMMAND: POST /session/6d8bd7b67751d8070595134c0dd0c9c6/execute/async - {"script":"<script> [776 bytes]","args":[{"enterText":"1","selector":{"id":"application-isctemplates-display-component---addDetailSafetyAndCompliance--firstInsp","interaction":{"idSuffix":"inner"}},"clearTextFirst":true,"interactionType":"ENTER_TEXT"}]}
RESULT: {"script":"<script> [776 bytes]","args":[{"enterText":"1","selector":{"id":"application-isctemplates-display-component---addDetailSafetyAndCompliance--firstInsp","interaction":{"idSuffix":"inner"}},"clearTextFirst":true,"interactionType":"ENTER_TEXT"}]}
COMMAND: POST /session/6d8bd7b67751d8070595134c0dd0c9c6/execute/async - {"script":"<script> [1562 bytes]","args":[{"selector":{"id":"application-isctemplates-display-component---addDetailSafetyAndCompliance--inspectionDimension","interaction":{"idSuffix":"inner"}},"wdio_ui5_key":"applicationisctemplates-display-component---addDetailSafetyAndCompliance--inspectionDimension"}]}
RESULT: {"script":"<script> [1562 bytes]","args":[{"selector":{"id":"application-isctemplates-display-component---addDetailSafetyAndCompliance--inspectionDimension","interaction":{"idSuffix":"inner"}},"wdio_ui5_key":"applicationisctemplates-display-component---addDetailSafetyAndCompliance--inspectionDimension"}]}
RESULT: undefined
COMMAND: POST /session/6d8bd7b67751d8070595134c0dd0c9c6/execute/async - {"script":"<script> [776 bytes]","args":[{"enterText":"Days","selector":{"id":"application-isctemplates-display-component---addDetailSafetyAndCompliance--inspectionDimension","interaction":{"idSuffix":"inner"}},"clearTextFirst":true,"interactionType":"ENTER_TEXT"}]}
RESULT: {"script":"<script> [776 bytes]","args":[{"enterText":"Days","selector":{"id":"application-isctemplates-display-component---addDetailSafetyAndCompliance--inspectionDimension","interaction":{"idSuffix":"inner"}},"clearTextFirst":true,"interactionType":"ENTER_TEXT"}]}
COMMAND: POST /session/6d8bd7b67751d8070595134c0dd0c9c6/element - {"using":"xpath","value":"//input[contains(@id ,\"application-isctemplates-display-component---addDetailSafetyAndCompliance--firstIntv-inner\")]"}
RESULT: {"using":"xpath","value":"//input[contains(@id ,\"application-isctemplates-display-component---addDetailSafetyAndCompliance--firstIntv-inner\")]"}
COMMAND: POST /session/6d8bd7b67751d8070595134c0dd0c9c6/element/f.682637C0DBC81701DD87E9FA8F6607BC.d.95932995063EAB9278E4B9B743844D75.e.1458/clear - {}
RESULT: {}
COMMAND: POST /session/6d8bd7b67751d8070595134c0dd0c9c6/element/f.682637C0DBC81701DD87E9FA8F6607BC.d.95932995063EAB9278E4B9B743844D75.e.1458/value - {"text":"1"}
COMMAND: GET /session/6d8bd7b67751d8070595134c0dd0c9c6/screenshot - {}
RESULT: {"text":"1"}
COMMAND: POST /session/6d8bd7b67751d8070595134c0dd0c9c6/element - {"using":"xpath","value":"//input[contains(@id ,\"application-isctemplates-display-component---addDetailSafetyAndCompliance--intervalDimension-inner\")]"}
COMMAND: GET /session/6d8bd7b67751d8070595134c0dd0c9c6/screenshot - {}
RESULT: {}
RESULT: {"using":"xpath","value":"//input[contains(@id ,\"application-isctemplates-display-component---addDetailSafetyAndCompliance--intervalDimension-inner\")]"}
COMMAND: POST /session/6d8bd7b67751d8070595134c0dd0c9c6/element/f.682637C0DBC81701DD87E9FA8F6607BC.d.95932995063EAB9278E4B9B743844D75.e.1464/clear - {}
RESULT: {}
RESULT: {}
COMMAND: POST /session/6d8bd7b67751d8070595134c0dd0c9c6/element/f.682637C0DBC81701DD87E9FA8F6607BC.d.95932995063EAB9278E4B9B743844D75.e.1464/value - {"text":"Years"}
COMMAND: GET /session/6d8bd7b67751d8070595134c0dd0c9c6/screenshot - {}
RESULT: {"text":"Years"}
COMMAND: GET /session/6d8bd7b67751d8070595134c0dd0c9c6/screenshot - {}
RESULT: {}
RESULT: {}
COMMAND: POST /session/6d8bd7b67751d8070595134c0dd0c9c6/element - {"using":"xpath","value":"//input[contains(@id ,\"application-isctemplates-display-component---addDetailSafetyAndCompliance--durationEditMode-inner\")]"}
RESULT: {"using":"xpath","value":"//input[contains(@id ,\"application-isctemplates-display-component---addDetailSafetyAndCompliance--durationEditMode-inner\")]"}
COMMAND: POST /session/6d8bd7b67751d8070595134c0dd0c9c6/element/f.682637C0DBC81701DD87E9FA8F6607BC.d.95932995063EAB9278E4B9B743844D75.e.1459/clear - {}
RESULT: {}
COMMAND: POST /session/6d8bd7b67751d8070595134c0dd0c9c6/element/f.682637C0DBC81701DD87E9FA8F6607BC.d.95932995063EAB9278E4B9B743844D75.e.1459/value - {"text":"1"}
COMMAND: GET /session/6d8bd7b67751d8070595134c0dd0c9c6/screenshot - {}
RESULT: {"text":"1"}
COMMAND: POST /session/6d8bd7b67751d8070595134c0dd0c9c6/element - {"using":"xpath","value":"//input[contains(@id ,\"application-isctemplates-display-component---addDetailSafetyAndCompliance--durationDimension-inner\")]"}
COMMAND: GET /session/6d8bd7b67751d8070595134c0dd0c9c6/screenshot - {}
RESULT: {}
RESULT: {"using":"xpath","value":"//input[contains(@id ,\"application-isctemplates-display-component---addDetailSafetyAndCompliance--durationDimension-inner\")]"}
COMMAND: POST /session/6d8bd7b67751d8070595134c0dd0c9c6/element/f.682637C0DBC81701DD87E9FA8F6607BC.d.95932995063EAB9278E4B9B743844D75.e.1465/clear - {}
RESULT: {}
RESULT: {}
COMMAND: POST /session/6d8bd7b67751d8070595134c0dd0c9c6/element/f.682637C0DBC81701DD87E9FA8F6607BC.d.95932995063EAB9278E4B9B743844D75.e.1465/value - {"text":"Days"}
COMMAND: GET /session/6d8bd7b67751d8070595134c0dd0c9c6/screenshot - {}
RESULT: {"text":"Days"}
COMMAND: POST /session/6d8bd7b67751d8070595134c0dd0c9c6/element - {"using":"xpath","value":"//input[contains(@id ,\"application-isctemplates-display-component---addDetailSafetyAndCompliance--remindersInput-inner\")]"}
COMMAND: GET /session/6d8bd7b67751d8070595134c0dd0c9c6/screenshot - {}
RESULT: {}
RESULT: {"using":"xpath","value":"//input[contains(@id ,\"application-isctemplates-display-component---addDetailSafetyAndCompliance--remindersInput-inner\")]"}
COMMAND: POST /session/6d8bd7b67751d8070595134c0dd0c9c6/element/f.682637C0DBC81701DD87E9FA8F6607BC.d.95932995063EAB9278E4B9B743844D75.e.1460/clear - {}
RESULT: {}
RESULT: {}
COMMAND: POST /session/6d8bd7b67751d8070595134c0dd0c9c6/element/f.682637C0DBC81701DD87E9FA8F6607BC.d.95932995063EAB9278E4B9B743844D75.e.1460/value - {"text":"2"}
COMMAND: GET /session/6d8bd7b67751d8070595134c0dd0c9c6/screenshot - {}
RESULT: {"text":"2"}
COMMAND: POST /session/6d8bd7b67751d8070595134c0dd0c9c6/element - {"using":"xpath","value":"//input[contains(@id ,\"application-isctemplates-display-component---addDetailSafetyAndCompliance--reminderDimension-inner\")]"}
COMMAND: GET /session/6d8bd7b67751d8070595134c0dd0c9c6/screenshot - {}
RESULT: {}
RESULT: {"using":"xpath","value":"//input[contains(@id ,\"application-isctemplates-display-component---addDetailSafetyAndCompliance--reminderDimension-inner\")]"}
COMMAND: POST /session/6d8bd7b67751d8070595134c0dd0c9c6/element/f.682637C0DBC81701DD87E9FA8F6607BC.d.95932995063EAB9278E4B9B743844D75.e.1466/clear - {}
RESULT: {}
RESULT: {}
COMMAND: POST /session/6d8bd7b67751d8070595134c0dd0c9c6/element/f.682637C0DBC81701DD87E9FA8F6607BC.d.95932995063EAB9278E4B9B743844D75.e.1466/value - {"text":"Weeks"}
COMMAND: GET /session/6d8bd7b67751d8070595134c0dd0c9c6/screenshot - {}
RESULT: {"text":"Weeks"}
COMMAND: POST /session/6d8bd7b67751d8070595134c0dd0c9c6/element - {"using":"xpath","value":"//input[contains(@id ,\"application-isctemplates-display-component---addDetailSafetyAndCompliance--recurringReminder-inner\")]"}
COMMAND: GET /session/6d8bd7b67751d8070595134c0dd0c9c6/screenshot - {}
RESULT: {}
RESULT: {"using":"xpath","value":"//input[contains(@id ,\"application-isctemplates-display-component---addDetailSafetyAndCompliance--recurringReminder-inner\")]"}
COMMAND: POST /session/6d8bd7b67751d8070595134c0dd0c9c6/element/f.682637C0DBC81701DD87E9FA8F6607BC.d.95932995063EAB9278E4B9B743844D75.e.1461/clear - {}
RESULT: {}
RESULT: {}
COMMAND: POST /session/6d8bd7b67751d8070595134c0dd0c9c6/element/f.682637C0DBC81701DD87E9FA8F6607BC.d.95932995063EAB9278E4B9B743844D75.e.1461/value - {"text":"2"}
COMMAND: GET /session/6d8bd7b67751d8070595134c0dd0c9c6/screenshot - {}
RESULT: {"text":"2"}
COMMAND: POST /session/6d8bd7b67751d8070595134c0dd0c9c6/element - {"using":"xpath","value":"//input[contains(@id ,\"application-isctemplates-display-component---addDetailSafetyAndCompliance--recurringReminderUom-inner\")]"}
COMMAND: GET /session/6d8bd7b67751d8070595134c0dd0c9c6/screenshot - {}
RESULT: {}
RESULT: {"using":"xpath","value":"//input[contains(@id ,\"application-isctemplates-display-component---addDetailSafetyAndCompliance--recurringReminderUom-inner\")]"}
COMMAND: POST /session/6d8bd7b67751d8070595134c0dd0c9c6/element/f.682637C0DBC81701DD87E9FA8F6607BC.d.95932995063EAB9278E4B9B743844D75.e.1467/clear - {}
RESULT: {}
RESULT: {}
COMMAND: POST /session/6d8bd7b67751d8070595134c0dd0c9c6/element/f.682637C0DBC81701DD87E9FA8F6607BC.d.95932995063EAB9278E4B9B743844D75.e.1467/value - {"text":"Weeks"}
COMMAND: GET /session/6d8bd7b67751d8070595134c0dd0c9c6/screenshot - {}
RESULT: {"text":"Weeks"}
COMMAND: POST /session/6d8bd7b67751d8070595134c0dd0c9c6/element - {"using":"xpath","value":"//input[contains(@id ,\"application-isctemplates-display-component---addDetailSafetyAndCompliance--recurringReminderRepetitions-inner\")]"}
COMMAND: GET /session/6d8bd7b67751d8070595134c0dd0c9c6/screenshot - {}
RESULT: {}
RESULT: {"using":"xpath","value":"//input[contains(@id ,\"application-isctemplates-display-component---addDetailSafetyAndCompliance--recurringReminderRepetitions-inner\")]"}
COMMAND: POST /session/6d8bd7b67751d8070595134c0dd0c9c6/element/f.682637C0DBC81701DD87E9FA8F6607BC.d.95932995063EAB9278E4B9B743844D75.e.1462/clear - {}
RESULT: {}
RESULT: {}
COMMAND: POST /session/6d8bd7b67751d8070595134c0dd0c9c6/element/f.682637C0DBC81701DD87E9FA8F6607BC.d.95932995063EAB9278E4B9B743844D75.e.1462/value - {"text":"2"}
COMMAND: GET /session/6d8bd7b67751d8070595134c0dd0c9c6/screenshot - {}
RESULT: {"text":"2"}
COMMAND: POST /session/6d8bd7b67751d8070595134c0dd0c9c6/element - {"using":"xpath","value":"//input[contains(@id ,\"application-isctemplates-display-component---addDetailSafetyAndCompliance--tagInputAdd-inner\")]"}
COMMAND: GET /session/6d8bd7b67751d8070595134c0dd0c9c6/screenshot - {}
RESULT: {}
RESULT: {"using":"xpath","value":"//input[contains(@id ,\"application-isctemplates-display-component---addDetailSafetyAndCompliance--tagInputAdd-inner\")]"}
COMMAND: POST /session/6d8bd7b67751d8070595134c0dd0c9c6/element/f.682637C0DBC81701DD87E9FA8F6607BC.d.95932995063EAB9278E4B9B743844D75.e.1329/clear - {}
RESULT: {}
RESULT: {}
COMMAND: POST /session/6d8bd7b67751d8070595134c0dd0c9c6/element/f.682637C0DBC81701DD87E9FA8F6607BC.d.95932995063EAB9278E4B9B743844D75.e.1329/value - {"text":"Webdriver"}
COMMAND: GET /session/6d8bd7b67751d8070595134c0dd0c9c6/screenshot - {}
RESULT: {"text":"Webdriver"}
COMMAND: GET /session/6d8bd7b67751d8070595134c0dd0c9c6/screenshot - {}
RESULT: {}
RESULT: {}
COMMAND: POST /session/6d8bd7b67751d8070595134c0dd0c9c6/actions - {"actions":[{"id":"action4","type":"key","parameters":{},"actions":[{"type":"keyDown","value":"î€‡"},{"type":"pause","duration":10},{"type":"keyUp","value":"î€‡"}]}]}
RESULT: {"actions":[{"id":"action4","type":"key","parameters":{},"actions":[{"type":"keyDown","value":"î€‡"},{"type":"pause","duration":10},{"type":"keyUp","value":"î€‡"}]}]}
COMMAND: GET /session/6d8bd7b67751d8070595134c0dd0c9c6/screenshot - {}
RESULT: {}
COMMAND: POST /session/6d8bd7b67751d8070595134c0dd0c9c6/actions - {"actions":[{"id":"action5","type":"key","parameters":{},"actions":[{"type":"keyDown","value":"î€„"},{"type":"pause","duration":10},{"type":"keyUp","value":"î€„"}]}]}
RESULT: {"actions":[{"id":"action5","type":"key","parameters":{},"actions":[{"type":"keyDown","value":"î€„"},{"type":"pause","duration":10},{"type":"keyUp","value":"î€„"}]}]}
COMMAND: POST /session/6d8bd7b67751d8070595134c0dd0c9c6/actions - {"actions":[{"id":"action6","type":"key","parameters":{},"actions":[{"type":"keyDown","value":"î€„"},{"type":"pause","duration":10},{"type":"keyUp","value":"î€„"}]}]}
COMMAND: GET /session/6d8bd7b67751d8070595134c0dd0c9c6/screenshot - {}
RESULT: {"actions":[{"id":"action6","type":"key","parameters":{},"actions":[{"type":"keyDown","value":"î€„"},{"type":"pause","duration":10},{"type":"keyUp","value":"î€„"}]}]}
COMMAND: POST /session/6d8bd7b67751d8070595134c0dd0c9c6/actions - {"actions":[{"id":"action7","type":"key","parameters":{},"actions":[{"type":"keyDown","value":"î€„"},{"type":"pause","duration":10},{"type":"keyUp","value":"î€„"}]}]}
COMMAND: GET /session/6d8bd7b67751d8070595134c0dd0c9c6/screenshot - {}
RESULT: {}
RESULT: {"actions":[{"id":"action7","type":"key","parameters":{},"actions":[{"type":"keyDown","value":"î€„"},{"type":"pause","duration":10},{"type":"keyUp","value":"î€„"}]}]}
COMMAND: POST /session/6d8bd7b67751d8070595134c0dd0c9c6/actions - {"actions":[{"id":"action8","type":"key","parameters":{},"actions":[{"type":"keyDown","value":"î€„"},{"type":"pause","duration":10},{"type":"keyUp","value":"î€„"}]}]}
COMMAND: GET /session/6d8bd7b67751d8070595134c0dd0c9c6/screenshot - {}
RESULT: {}
RESULT: {"actions":[{"id":"action8","type":"key","parameters":{},"actions":[{"type":"keyDown","value":"î€„"},{"type":"pause","duration":10},{"type":"keyUp","value":"î€„"}]}]}
COMMAND: GET /session/6d8bd7b67751d8070595134c0dd0c9c6/screenshot - {}
RESULT: {}
RESULT: {}
COMMAND: POST /session/6d8bd7b67751d8070595134c0dd0c9c6/element - {"using":"xpath","value":"//div[contains(@id ,\"application-isctemplates-display-component---addDetailSafetyAndCompliance--orderReschedulingCheckBox-CbBg\")]"}
RESULT: {"using":"xpath","value":"//div[contains(@id ,\"application-isctemplates-display-component---addDetailSafetyAndCompliance--orderReschedulingCheckBox-CbBg\")]"}
COMMAND: POST /session/6d8bd7b67751d8070595134c0dd0c9c6/element/f.682637C0DBC81701DD87E9FA8F6607BC.d.95932995063EAB9278E4B9B743844D75.e.1585/click - {}
RESULT: {}
COMMAND: POST /session/6d8bd7b67751d8070595134c0dd0c9c6/element - {"using":"xpath","value":"//div[contains(@id ,\"application-isctemplates-display-component---addDetailSafetyAndCompliance--automaticReleaseCheckBox-CbBg\")]"}
COMMAND: GET /session/6d8bd7b67751d8070595134c0dd0c9c6/screenshot - {}
RESULT: {"using":"xpath","value":"//div[contains(@id ,\"application-isctemplates-display-component---addDetailSafetyAndCompliance--automaticReleaseCheckBox-CbBg\")]"}
COMMAND: POST /session/6d8bd7b67751d8070595134c0dd0c9c6/element/f.682637C0DBC81701DD87E9FA8F6607BC.d.95932995063EAB9278E4B9B743844D75.e.1586/click - {}
RESULT: {}
RESULT: {}
COMMAND: GET /session/6d8bd7b67751d8070595134c0dd0c9c6/screenshot - {}
RESULT: {}
COMMAND: POST /session/6d8bd7b67751d8070595134c0dd0c9c6/execute/async - {"script":"<script> [1562 bytes]","args":[{"selector":{"controlType":"sap.m.Button","viewName":"etm.portal.ui.isctemplates.view.New","viewId":"application-isctemplates-display-component---addDetailSafetyAndCompliance","properties":{"text":"Tasks"},"interaction":{"idSuffix":"BDI-content"}},"wdio_ui5_key":"etmportal.ui.isctemplates.view.Newsap.m.Button{\"text\":\"Tasks\"}"}]}
RESULT: {"script":"<script> [1562 bytes]","args":[{"selector":{"controlType":"sap.m.Button","viewName":"etm.portal.ui.isctemplates.view.New","viewId":"application-isctemplates-display-component---addDetailSafetyAndCompliance","properties":{"text":"Tasks"},"interaction":{"idSuffix":"BDI-content"}},"wdio_ui5_key":"etmportal.ui.isctemplates.view.Newsap.m.Button{\"text\":\"Tasks\"}"}]}
RESULT: undefined
COMMAND: POST /session/6d8bd7b67751d8070595134c0dd0c9c6/element - {"using":"xpath","value":"//*[@id=\"__layout30-anchBar-__section4-anchor\"]"}
RESULT: {"using":"xpath","value":"//*[@id=\"__layout30-anchBar-__section4-anchor\"]"}
COMMAND: POST /session/6d8bd7b67751d8070595134c0dd0c9c6/element/f.682637C0DBC81701DD87E9FA8F6607BC.d.95932995063EAB9278E4B9B743844D75.e.1593/click - {}
RESULT: {}
COMMAND: GET /session/6d8bd7b67751d8070595134c0dd0c9c6/screenshot - {}
RESULT: {}
COMMAND: POST /session/6d8bd7b67751d8070595134c0dd0c9c6/execute/async - {"script":"<script> [1562 bytes]","args":[{"selector":{"id":"application-isctemplates-display-component---addDetailSafetyAndCompliance--createTaskButton","interaction":{"idSuffix":"BDI-content"}},"wdio_ui5_key":"applicationisctemplates-display-component---addDetailSafetyAndCompliance--createTaskButton"}]}
RESULT: {"script":"<script> [1562 bytes]","args":[{"selector":{"id":"application-isctemplates-display-component---addDetailSafetyAndCompliance--createTaskButton","interaction":{"idSuffix":"BDI-content"}},"wdio_ui5_key":"applicationisctemplates-display-component---addDetailSafetyAndCompliance--createTaskButton"}]}
RESULT: undefined
COMMAND: POST /session/6d8bd7b67751d8070595134c0dd0c9c6/element - {"using":"xpath","value":"//*[@id=\"application-isctemplates-display-component---addDetailSafetyAndCompliance--createTaskButton\"]"}
RESULT: {"using":"xpath","value":"//*[@id=\"application-isctemplates-display-component---addDetailSafetyAndCompliance--createTaskButton\"]"}
COMMAND: POST /session/6d8bd7b67751d8070595134c0dd0c9c6/element/f.682637C0DBC81701DD87E9FA8F6607BC.d.95932995063EAB9278E4B9B743844D75.e.1597/click - {}
RESULT: {}
COMMAND: GET /session/6d8bd7b67751d8070595134c0dd0c9c6/screenshot - {}
RESULT: {}
COMMAND: POST /session/6d8bd7b67751d8070595134c0dd0c9c6/execute/async - {"script":"<script> [1562 bytes]","args":[{"selector":{"controlType":"sap.m.Input","viewName":"etm.portal.ui.isctemplates.view.New","viewId":"application-isctemplates-display-component---addDetailSafetyAndCompliance","bindingPath":{"path":"/0","propertyPath":"NAME","modelName":"tasksModel"},"interaction":{"idSuffix":"inner"}},"wdio_ui5_key":"etmportal.ui.isctemplates.view.Newsap.m.Input{\"path\":\"/0\",\"propertyPath\":\"NAME\",\"modelName\":\"tasksModel\"}"}]}
RESULT: {"script":"<script> [1562 bytes]","args":[{"selector":{"controlType":"sap.m.Input","viewName":"etm.portal.ui.isctemplates.view.New","viewId":"application-isctemplates-display-component---addDetailSafetyAndCompliance","bindingPath":{"path":"/0","propertyPath":"NAME","modelName":"tasksModel"},"interaction":{"idSuffix":"inner"}},"wdio_ui5_key":"etmportal.ui.isctemplates.view.Newsap.m.Input{\"path\":\"/0\",\"propertyPath\":\"NAME\",\"modelName\":\"tasksModel\"}"}]}
RESULT: undefined
COMMAND: POST /session/6d8bd7b67751d8070595134c0dd0c9c6/execute/async - {"script":"<script> [776 bytes]","args":[{"enterText":"test1","selector":{"controlType":"sap.m.Input","viewName":"etm.portal.ui.isctemplates.view.New","viewId":"application-isctemplates-display-component---addDetailSafetyAndCompliance","bindingPath":{"path":"/0","propertyPath":"NAME","modelName":"tasksModel"},"interaction":{"idSuffix":"inner"}},"clearTextFirst":true,"interactionType":"ENTER_TEXT"}]}
RESULT: {"script":"<script> [776 bytes]","args":[{"enterText":"test1","selector":{"controlType":"sap.m.Input","viewName":"etm.portal.ui.isctemplates.view.New","viewId":"application-isctemplates-display-component---addDetailSafetyAndCompliance","bindingPath":{"path":"/0","propertyPath":"NAME","modelName":"tasksModel"},"interaction":{"idSuffix":"inner"}},"clearTextFirst":true,"interactionType":"ENTER_TEXT"}]}
COMMAND: POST /session/6d8bd7b67751d8070595134c0dd0c9c6/execute/async - {"script":"<script> [1562 bytes]","args":[{"selector":{"controlType":"sap.m.Input","viewName":"etm.portal.ui.isctemplates.view.New","viewId":"application-isctemplates-display-component---addDetailSafetyAndCompliance","bindingPath":{"path":"/0","propertyPath":"DESCRIPTION","modelName":"tasksModel"},"interaction":{"idSuffix":"inner"}},"wdio_ui5_key":"etmportal.ui.isctemplates.view.Newsap.m.Input{\"path\":\"/0\",\"propertyPath\":\"DESCRIPTION\",\"modelName\":\"tasksModel\"}"}]}
RESULT: {"script":"<script> [1562 bytes]","args":[{"selector":{"controlType":"sap.m.Input","viewName":"etm.portal.ui.isctemplates.view.New","viewId":"application-isctemplates-display-component---addDetailSafetyAndCompliance","bindingPath":{"path":"/0","propertyPath":"DESCRIPTION","modelName":"tasksModel"},"interaction":{"idSuffix":"inner"}},"wdio_ui5_key":"etmportal.ui.isctemplates.view.Newsap.m.Input{\"path\":\"/0\",\"propertyPath\":\"DESCRIPTION\",\"modelName\":\"tasksModel\"}"}]}
RESULT: undefined
COMMAND: POST /session/6d8bd7b67751d8070595134c0dd0c9c6/execute/async - {"script":"<script> [776 bytes]","args":[{"enterText":"wdio1","selector":{"controlType":"sap.m.Input","viewName":"etm.portal.ui.isctemplates.view.New","viewId":"application-isctemplates-display-component---addDetailSafetyAndCompliance","bindingPath":{"path":"/0","propertyPath":"DESCRIPTION","modelName":"tasksModel"},"interaction":{"idSuffix":"inner"}},"clearTextFirst":true,"interactionType":"ENTER_TEXT"}]}
RESULT: {"script":"<script> [776 bytes]","args":[{"enterText":"wdio1","selector":{"controlType":"sap.m.Input","viewName":"etm.portal.ui.isctemplates.view.New","viewId":"application-isctemplates-display-component---addDetailSafetyAndCompliance","bindingPath":{"path":"/0","propertyPath":"DESCRIPTION","modelName":"tasksModel"},"interaction":{"idSuffix":"inner"}},"clearTextFirst":true,"interactionType":"ENTER_TEXT"}]}
COMMAND: POST /session/6d8bd7b67751d8070595134c0dd0c9c6/execute/async - {"script":"<script> [1562 bytes]","args":[{"selector":{"controlType":"sap.m.Input","viewName":"etm.portal.ui.isctemplates.view.New","viewId":"application-isctemplates-display-component---addDetailSafetyAndCompliance","bindingPath":{"path":"/0","propertyPath":"DURATION_FORMATTED","modelName":"tasksModel"},"interaction":{"idSuffix":"inner"}},"wdio_ui5_key":"etmportal.ui.isctemplates.view.Newsap.m.Input{\"path\":\"/0\",\"propertyPath\":\"DURATION_FORMATTED\",\"modelName\":\"tasksModel\"}"}]}
RESULT: {"script":"<script> [1562 bytes]","args":[{"selector":{"controlType":"sap.m.Input","viewName":"etm.portal.ui.isctemplates.view.New","viewId":"application-isctemplates-display-component---addDetailSafetyAndCompliance","bindingPath":{"path":"/0","propertyPath":"DURATION_FORMATTED","modelName":"tasksModel"},"interaction":{"idSuffix":"inner"}},"wdio_ui5_key":"etmportal.ui.isctemplates.view.Newsap.m.Input{\"path\":\"/0\",\"propertyPath\":\"DURATION_FORMATTED\",\"modelName\":\"tasksModel\"}"}]}
RESULT: undefined
COMMAND: POST /session/6d8bd7b67751d8070595134c0dd0c9c6/execute/async - {"script":"<script> [776 bytes]","args":[{"enterText":"1","selector":{"controlType":"sap.m.Input","viewName":"etm.portal.ui.isctemplates.view.New","viewId":"application-isctemplates-display-component---addDetailSafetyAndCompliance","bindingPath":{"path":"/0","propertyPath":"DURATION_FORMATTED","modelName":"tasksModel"},"interaction":{"idSuffix":"inner"}},"clearTextFirst":true,"interactionType":"ENTER_TEXT"}]}
RESULT: {"script":"<script> [776 bytes]","args":[{"enterText":"1","selector":{"controlType":"sap.m.Input","viewName":"etm.portal.ui.isctemplates.view.New","viewId":"application-isctemplates-display-component---addDetailSafetyAndCompliance","bindingPath":{"path":"/0","propertyPath":"DURATION_FORMATTED","modelName":"tasksModel"},"interaction":{"idSuffix":"inner"}},"clearTextFirst":true,"interactionType":"ENTER_TEXT"}]}
COMMAND: POST /session/6d8bd7b67751d8070595134c0dd0c9c6/execute/async - {"script":"<script> [1562 bytes]","args":[{"selector":{"controlType":"sap.m.ComboBox","viewName":"etm.portal.ui.isctemplates.view.New","viewId":"application-isctemplates-display-component---addDetailSafetyAndCompliance","bindingPath":{"path":"/0","propertyPath":"DURATION_UNIT_OF_MEASURE","modelName":"tasksModel"},"interaction":{"idSuffix":"inner"}},"wdio_ui5_key":"etmportal.ui.isctemplates.view.Newsap.m.ComboBox{\"path\":\"/0\",\"propertyPath\":\"DURATION_UNIT_OF_MEASURE\",\"modelName\":\"tasksModel\"}"}]}
RESULT: {"script":"<script> [1562 bytes]","args":[{"selector":{"controlType":"sap.m.ComboBox","viewName":"etm.portal.ui.isctemplates.view.New","viewId":"application-isctemplates-display-component---addDetailSafetyAndCompliance","bindingPath":{"path":"/0","propertyPath":"DURATION_UNIT_OF_MEASURE","modelName":"tasksModel"},"interaction":{"idSuffix":"inner"}},"wdio_ui5_key":"etmportal.ui.isctemplates.view.Newsap.m.ComboBox{\"path\":\"/0\",\"propertyPath\":\"DURATION_UNIT_OF_MEASURE\",\"modelName\":\"tasksModel\"}"}]}
RESULT: undefined
COMMAND: POST /session/6d8bd7b67751d8070595134c0dd0c9c6/execute/async - {"script":"<script> [776 bytes]","args":[{"enterText":"Days","selector":{"controlType":"sap.m.ComboBox","viewName":"etm.portal.ui.isctemplates.view.New","viewId":"application-isctemplates-display-component---addDetailSafetyAndCompliance","bindingPath":{"path":"/0","propertyPath":"DURATION_UNIT_OF_MEASURE","modelName":"tasksModel"},"interaction":{"idSuffix":"inner"}},"clearTextFirst":true,"interactionType":"ENTER_TEXT"}]}
RESULT: {"script":"<script> [776 bytes]","args":[{"enterText":"Days","selector":{"controlType":"sap.m.ComboBox","viewName":"etm.portal.ui.isctemplates.view.New","viewId":"application-isctemplates-display-component---addDetailSafetyAndCompliance","bindingPath":{"path":"/0","propertyPath":"DURATION_UNIT_OF_MEASURE","modelName":"tasksModel"},"interaction":{"idSuffix":"inner"}},"clearTextFirst":true,"interactionType":"ENTER_TEXT"}]}
COMMAND: POST /session/6d8bd7b67751d8070595134c0dd0c9c6/execute/async - {"script":"<script> [1562 bytes]","args":[{"selector":{"controlType":"netm.SmartInput","viewName":"etm.portal.ui.isctemplates.view.New","viewId":"application-isctemplates-display-component---addDetailSafetyAndCompliance","bindingPath":{"path":"/0","propertyPath":"ACTIVITY_DESCRIPTION","modelName":"tasksModel"},"interaction":{"idSuffix":"inner"}},"wdio_ui5_key":"etmportal.ui.isctemplates.view.Newnetm.SmartInput{\"path\":\"/0\",\"propertyPath\":\"ACTIVITY_DESCRIPTION\",\"modelName\":\"tasksModel\"}"}]}
RESULT: {"script":"<script> [1562 bytes]","args":[{"selector":{"controlType":"netm.SmartInput","viewName":"etm.portal.ui.isctemplates.view.New","viewId":"application-isctemplates-display-component---addDetailSafetyAndCompliance","bindingPath":{"path":"/0","propertyPath":"ACTIVITY_DESCRIPTION","modelName":"tasksModel"},"interaction":{"idSuffix":"inner"}},"wdio_ui5_key":"etmportal.ui.isctemplates.view.Newnetm.SmartInput{\"path\":\"/0\",\"propertyPath\":\"ACTIVITY_DESCRIPTION\",\"modelName\":\"tasksModel\"}"}]}
RESULT: undefined
COMMAND: POST /session/6d8bd7b67751d8070595134c0dd0c9c6/execute/async - {"script":"<script> [776 bytes]","args":[{"enterText":"Standard Hour","selector":{"controlType":"netm.SmartInput","viewName":"etm.portal.ui.isctemplates.view.New","viewId":"application-isctemplates-display-component---addDetailSafetyAndCompliance","bindingPath":{"path":"/0","propertyPath":"ACTIVITY_DESCRIPTION","modelName":"tasksModel"},"interaction":{"idSuffix":"inner"}},"clearTextFirst":true,"interactionType":"ENTER_TEXT"}]}
RESULT: {"script":"<script> [776 bytes]","args":[{"enterText":"Standard Hour","selector":{"controlType":"netm.SmartInput","viewName":"etm.portal.ui.isctemplates.view.New","viewId":"application-isctemplates-display-component---addDetailSafetyAndCompliance","bindingPath":{"path":"/0","propertyPath":"ACTIVITY_DESCRIPTION","modelName":"tasksModel"},"interaction":{"idSuffix":"inner"}},"clearTextFirst":true,"interactionType":"ENTER_TEXT"}]}
COMMAND: POST /session/6d8bd7b67751d8070595134c0dd0c9c6/actions - {"actions":[{"id":"action9","type":"key","parameters":{},"actions":[{"type":"keyDown","value":"î€‡"},{"type":"pause","duration":10},{"type":"keyUp","value":"î€‡"}]}]}
RESULT: {"actions":[{"id":"action9","type":"key","parameters":{},"actions":[{"type":"keyDown","value":"î€‡"},{"type":"pause","duration":10},{"type":"keyUp","value":"î€‡"}]}]}
COMMAND: GET /session/6d8bd7b67751d8070595134c0dd0c9c6/screenshot - {}
RESULT: {}
COMMAND: POST /session/6d8bd7b67751d8070595134c0dd0c9c6/execute/async - {"script":"<script> [1562 bytes]","args":[{"selector":{"controlType":"sap.m.Text","viewName":"etm.portal.ui.isctemplates.view.New","viewId":"application-isctemplates-display-component---addDetailSafetyAndCompliance","bindingPath":{"path":"/YardIscActivity('T01')","propertyPath":"DESCRIPTION"},"searchOpenDialogs":true},"wdio_ui5_key":"etmportal.ui.isctemplates.view.Newsap.m.Text{\"path\":\"/YardIscActivity('T01')\",\"propertyPath\":\"DESCRIPTION\"}"}]}
RESULT: {"script":"<script> [1562 bytes]","args":[{"selector":{"controlType":"sap.m.Text","viewName":"etm.portal.ui.isctemplates.view.New","viewId":"application-isctemplates-display-component---addDetailSafetyAndCompliance","bindingPath":{"path":"/YardIscActivity('T01')","propertyPath":"DESCRIPTION"},"searchOpenDialogs":true},"wdio_ui5_key":"etmportal.ui.isctemplates.view.Newsap.m.Text{\"path\":\"/YardIscActivity('T01')\",\"propertyPath\":\"DESCRIPTION\"}"}]}
RESULT: undefined
COMMAND: POST /session/6d8bd7b67751d8070595134c0dd0c9c6/execute/async - {"script":"<script> [1562 bytes]","args":[{"selector":{"controlType":"sap.m.Input","viewName":"etm.portal.ui.isctemplates.view.New","viewId":"application-isctemplates-display-component---addDetailSafetyAndCompliance","bindingPath":{"path":"/0","propertyPath":"PLAN_FORMATTED","modelName":"tasksModel"},"interaction":{"idSuffix":"inner"}},"wdio_ui5_key":"etmportal.ui.isctemplates.view.Newsap.m.Input{\"path\":\"/0\",\"propertyPath\":\"PLAN_FORMATTED\",\"modelName\":\"tasksModel\"}"}]}
RESULT: {"script":"<script> [1562 bytes]","args":[{"selector":{"controlType":"sap.m.Input","viewName":"etm.portal.ui.isctemplates.view.New","viewId":"application-isctemplates-display-component---addDetailSafetyAndCompliance","bindingPath":{"path":"/0","propertyPath":"PLAN_FORMATTED","modelName":"tasksModel"},"interaction":{"idSuffix":"inner"}},"wdio_ui5_key":"etmportal.ui.isctemplates.view.Newsap.m.Input{\"path\":\"/0\",\"propertyPath\":\"PLAN_FORMATTED\",\"modelName\":\"tasksModel\"}"}]}
RESULT: undefined
COMMAND: POST /session/6d8bd7b67751d8070595134c0dd0c9c6/execute/async - {"script":"<script> [776 bytes]","args":[{"enterText":"3","selector":{"controlType":"sap.m.Input","viewName":"etm.portal.ui.isctemplates.view.New","viewId":"application-isctemplates-display-component---addDetailSafetyAndCompliance","bindingPath":{"path":"/0","propertyPath":"PLAN_FORMATTED","modelName":"tasksModel"},"interaction":{"idSuffix":"inner"}},"clearTextFirst":true,"interactionType":"ENTER_TEXT"}]}
RESULT: {"script":"<script> [776 bytes]","args":[{"enterText":"3","selector":{"controlType":"sap.m.Input","viewName":"etm.portal.ui.isctemplates.view.New","viewId":"application-isctemplates-display-component---addDetailSafetyAndCompliance","bindingPath":{"path":"/0","propertyPath":"PLAN_FORMATTED","modelName":"tasksModel"},"interaction":{"idSuffix":"inner"}},"clearTextFirst":true,"interactionType":"ENTER_TEXT"}]}
COMMAND: POST /session/6d8bd7b67751d8070595134c0dd0c9c6/execute/async - {"script":"<script> [1562 bytes]","args":[{"selector":{"controlType":"netm.SmartInput","viewName":"etm.portal.ui.isctemplates.view.New","viewId":"application-isctemplates-display-component---addDetailSafetyAndCompliance","bindingPath":{"path":"/0","propertyPath":"BILLING_CONDITION_DESCRIPTION","modelName":"tasksModel"},"interaction":{"idSuffix":"inner"}},"wdio_ui5_key":"etmportal.ui.isctemplates.view.Newnetm.SmartInput{\"path\":\"/0\",\"propertyPath\":\"BILLING_CONDITION_DESCRIPTION\",\"modelName\":\"tasksModel\"}"}]}
RESULT: {"script":"<script> [1562 bytes]","args":[{"selector":{"controlType":"netm.SmartInput","viewName":"etm.portal.ui.isctemplates.view.New","viewId":"application-isctemplates-display-component---addDetailSafetyAndCompliance","bindingPath":{"path":"/0","propertyPath":"BILLING_CONDITION_DESCRIPTION","modelName":"tasksModel"},"interaction":{"idSuffix":"inner"}},"wdio_ui5_key":"etmportal.ui.isctemplates.view.Newnetm.SmartInput{\"path\":\"/0\",\"propertyPath\":\"BILLING_CONDITION_DESCRIPTION\",\"modelName\":\"tasksModel\"}"}]}
RESULT: undefined
COMMAND: POST /session/6d8bd7b67751d8070595134c0dd0c9c6/execute/async - {"script":"<script> [776 bytes]","args":[{"enterText":"Manual fee","selector":{"controlType":"netm.SmartInput","viewName":"etm.portal.ui.isctemplates.view.New","viewId":"application-isctemplates-display-component---addDetailSafetyAndCompliance","bindingPath":{"path":"/0","propertyPath":"BILLING_CONDITION_DESCRIPTION","modelName":"tasksModel"},"interaction":{"idSuffix":"inner"}},"clearTextFirst":true,"interactionType":"ENTER_TEXT"}]}
RESULT: {"script":"<script> [776 bytes]","args":[{"enterText":"Manual fee","selector":{"controlType":"netm.SmartInput","viewName":"etm.portal.ui.isctemplates.view.New","viewId":"application-isctemplates-display-component---addDetailSafetyAndCompliance","bindingPath":{"path":"/0","propertyPath":"BILLING_CONDITION_DESCRIPTION","modelName":"tasksModel"},"interaction":{"idSuffix":"inner"}},"clearTextFirst":true,"interactionType":"ENTER_TEXT"}]}
COMMAND: POST /session/6d8bd7b67751d8070595134c0dd0c9c6/actions - {"actions":[{"id":"action10","type":"key","parameters":{},"actions":[{"type":"keyDown","value":"î€‡"},{"type":"pause","duration":10},{"type":"keyUp","value":"î€‡"}]}]}
RESULT: {"actions":[{"id":"action10","type":"key","parameters":{},"actions":[{"type":"keyDown","value":"î€‡"},{"type":"pause","duration":10},{"type":"keyUp","value":"î€‡"}]}]}
COMMAND: GET /session/6d8bd7b67751d8070595134c0dd0c9c6/screenshot - {}
RESULT: {}
RESULT: undefined
COMMAND: POST /session/6d8bd7b67751d8070595134c0dd0c9c6/element - {"using":"xpath","value":"//*[@id=\"application-isctemplates-display-component---addDetailSafetyAndCompliance--createTaskButton\"]"}
RESULT: {"using":"xpath","value":"//*[@id=\"application-isctemplates-display-component---addDetailSafetyAndCompliance--createTaskButton\"]"}
COMMAND: POST /session/6d8bd7b67751d8070595134c0dd0c9c6/element/f.682637C0DBC81701DD87E9FA8F6607BC.d.95932995063EAB9278E4B9B743844D75.e.1597/click - {}
RESULT: {}
COMMAND: GET /session/6d8bd7b67751d8070595134c0dd0c9c6/screenshot - {}
RESULT: {}
COMMAND: POST /session/6d8bd7b67751d8070595134c0dd0c9c6/execute/async - {"script":"<script> [1562 bytes]","args":[{"selector":{"controlType":"sap.m.Input","viewName":"etm.portal.ui.isctemplates.view.New","viewId":"application-isctemplates-display-component---addDetailSafetyAndCompliance","bindingPath":{"path":"/1","propertyPath":"NAME","modelName":"tasksModel"},"interaction":{"idSuffix":"inner"}},"wdio_ui5_key":"etmportal.ui.isctemplates.view.Newsap.m.Input{\"path\":\"/1\",\"propertyPath\":\"NAME\",\"modelName\":\"tasksModel\"}"}]}
RESULT: {"script":"<script> [1562 bytes]","args":[{"selector":{"controlType":"sap.m.Input","viewName":"etm.portal.ui.isctemplates.view.New","viewId":"application-isctemplates-display-component---addDetailSafetyAndCompliance","bindingPath":{"path":"/1","propertyPath":"NAME","modelName":"tasksModel"},"interaction":{"idSuffix":"inner"}},"wdio_ui5_key":"etmportal.ui.isctemplates.view.Newsap.m.Input{\"path\":\"/1\",\"propertyPath\":\"NAME\",\"modelName\":\"tasksModel\"}"}]}
RESULT: undefined
COMMAND: POST /session/6d8bd7b67751d8070595134c0dd0c9c6/execute/async - {"script":"<script> [776 bytes]","args":[{"enterText":"test2","selector":{"controlType":"sap.m.Input","viewName":"etm.portal.ui.isctemplates.view.New","viewId":"application-isctemplates-display-component---addDetailSafetyAndCompliance","bindingPath":{"path":"/1","propertyPath":"NAME","modelName":"tasksModel"},"interaction":{"idSuffix":"inner"}},"clearTextFirst":true,"interactionType":"ENTER_TEXT"}]}
RESULT: {"script":"<script> [776 bytes]","args":[{"enterText":"test2","selector":{"controlType":"sap.m.Input","viewName":"etm.portal.ui.isctemplates.view.New","viewId":"application-isctemplates-display-component---addDetailSafetyAndCompliance","bindingPath":{"path":"/1","propertyPath":"NAME","modelName":"tasksModel"},"interaction":{"idSuffix":"inner"}},"clearTextFirst":true,"interactionType":"ENTER_TEXT"}]}
COMMAND: POST /session/6d8bd7b67751d8070595134c0dd0c9c6/execute/async - {"script":"<script> [1562 bytes]","args":[{"selector":{"controlType":"sap.m.Input","viewName":"etm.portal.ui.isctemplates.view.New","viewId":"application-isctemplates-display-component---addDetailSafetyAndCompliance","bindingPath":{"path":"/1","propertyPath":"DESCRIPTION","modelName":"tasksModel"},"interaction":{"idSuffix":"inner"}},"wdio_ui5_key":"etmportal.ui.isctemplates.view.Newsap.m.Input{\"path\":\"/1\",\"propertyPath\":\"DESCRIPTION\",\"modelName\":\"tasksModel\"}"}]}
RESULT: {"script":"<script> [1562 bytes]","args":[{"selector":{"controlType":"sap.m.Input","viewName":"etm.portal.ui.isctemplates.view.New","viewId":"application-isctemplates-display-component---addDetailSafetyAndCompliance","bindingPath":{"path":"/1","propertyPath":"DESCRIPTION","modelName":"tasksModel"},"interaction":{"idSuffix":"inner"}},"wdio_ui5_key":"etmportal.ui.isctemplates.view.Newsap.m.Input{\"path\":\"/1\",\"propertyPath\":\"DESCRIPTION\",\"modelName\":\"tasksModel\"}"}]}
RESULT: undefined
COMMAND: POST /session/6d8bd7b67751d8070595134c0dd0c9c6/execute/async - {"script":"<script> [776 bytes]","args":[{"enterText":"wdio2","selector":{"controlType":"sap.m.Input","viewName":"etm.portal.ui.isctemplates.view.New","viewId":"application-isctemplates-display-component---addDetailSafetyAndCompliance","bindingPath":{"path":"/1","propertyPath":"DESCRIPTION","modelName":"tasksModel"},"interaction":{"idSuffix":"inner"}},"clearTextFirst":true,"interactionType":"ENTER_TEXT"}]}
RESULT: {"script":"<script> [776 bytes]","args":[{"enterText":"wdio2","selector":{"controlType":"sap.m.Input","viewName":"etm.portal.ui.isctemplates.view.New","viewId":"application-isctemplates-display-component---addDetailSafetyAndCompliance","bindingPath":{"path":"/1","propertyPath":"DESCRIPTION","modelName":"tasksModel"},"interaction":{"idSuffix":"inner"}},"clearTextFirst":true,"interactionType":"ENTER_TEXT"}]}
COMMAND: POST /session/6d8bd7b67751d8070595134c0dd0c9c6/execute/async - {"script":"<script> [1562 bytes]","args":[{"selector":{"controlType":"sap.m.Input","viewName":"etm.portal.ui.isctemplates.view.New","viewId":"application-isctemplates-display-component---addDetailSafetyAndCompliance","bindingPath":{"path":"/1","propertyPath":"DURATION_FORMATTED","modelName":"tasksModel"},"interaction":{"idSuffix":"inner"}},"wdio_ui5_key":"etmportal.ui.isctemplates.view.Newsap.m.Input{\"path\":\"/1\",\"propertyPath\":\"DURATION_FORMATTED\",\"modelName\":\"tasksModel\"}"}]}
RESULT: {"script":"<script> [1562 bytes]","args":[{"selector":{"controlType":"sap.m.Input","viewName":"etm.portal.ui.isctemplates.view.New","viewId":"application-isctemplates-display-component---addDetailSafetyAndCompliance","bindingPath":{"path":"/1","propertyPath":"DURATION_FORMATTED","modelName":"tasksModel"},"interaction":{"idSuffix":"inner"}},"wdio_ui5_key":"etmportal.ui.isctemplates.view.Newsap.m.Input{\"path\":\"/1\",\"propertyPath\":\"DURATION_FORMATTED\",\"modelName\":\"tasksModel\"}"}]}
RESULT: undefined
COMMAND: POST /session/6d8bd7b67751d8070595134c0dd0c9c6/execute/async - {"script":"<script> [776 bytes]","args":[{"enterText":"1","selector":{"controlType":"sap.m.Input","viewName":"etm.portal.ui.isctemplates.view.New","viewId":"application-isctemplates-display-component---addDetailSafetyAndCompliance","bindingPath":{"path":"/1","propertyPath":"DURATION_FORMATTED","modelName":"tasksModel"},"interaction":{"idSuffix":"inner"}},"clearTextFirst":true,"interactionType":"ENTER_TEXT"}]}
RESULT: {"script":"<script> [776 bytes]","args":[{"enterText":"1","selector":{"controlType":"sap.m.Input","viewName":"etm.portal.ui.isctemplates.view.New","viewId":"application-isctemplates-display-component---addDetailSafetyAndCompliance","bindingPath":{"path":"/1","propertyPath":"DURATION_FORMATTED","modelName":"tasksModel"},"interaction":{"idSuffix":"inner"}},"clearTextFirst":true,"interactionType":"ENTER_TEXT"}]}
COMMAND: POST /session/6d8bd7b67751d8070595134c0dd0c9c6/execute/async - {"script":"<script> [1562 bytes]","args":[{"selector":{"controlType":"sap.m.ComboBox","viewName":"etm.portal.ui.isctemplates.view.New","viewId":"application-isctemplates-display-component---addDetailSafetyAndCompliance","bindingPath":{"path":"/1","propertyPath":"DURATION_UNIT_OF_MEASURE","modelName":"tasksModel"},"interaction":{"idSuffix":"inner"}},"wdio_ui5_key":"etmportal.ui.isctemplates.view.Newsap.m.ComboBox{\"path\":\"/1\",\"propertyPath\":\"DURATION_UNIT_OF_MEASURE\",\"modelName\":\"tasksModel\"}"}]}
RESULT: {"script":"<script> [1562 bytes]","args":[{"selector":{"controlType":"sap.m.ComboBox","viewName":"etm.portal.ui.isctemplates.view.New","viewId":"application-isctemplates-display-component---addDetailSafetyAndCompliance","bindingPath":{"path":"/1","propertyPath":"DURATION_UNIT_OF_MEASURE","modelName":"tasksModel"},"interaction":{"idSuffix":"inner"}},"wdio_ui5_key":"etmportal.ui.isctemplates.view.Newsap.m.ComboBox{\"path\":\"/1\",\"propertyPath\":\"DURATION_UNIT_OF_MEASURE\",\"modelName\":\"tasksModel\"}"}]}
RESULT: undefined
COMMAND: POST /session/6d8bd7b67751d8070595134c0dd0c9c6/execute/async - {"script":"<script> [776 bytes]","args":[{"enterText":"Days","selector":{"controlType":"sap.m.ComboBox","viewName":"etm.portal.ui.isctemplates.view.New","viewId":"application-isctemplates-display-component---addDetailSafetyAndCompliance","bindingPath":{"path":"/1","propertyPath":"DURATION_UNIT_OF_MEASURE","modelName":"tasksModel"},"interaction":{"idSuffix":"inner"}},"clearTextFirst":true,"interactionType":"ENTER_TEXT"}]}
RESULT: {"script":"<script> [776 bytes]","args":[{"enterText":"Days","selector":{"controlType":"sap.m.ComboBox","viewName":"etm.portal.ui.isctemplates.view.New","viewId":"application-isctemplates-display-component---addDetailSafetyAndCompliance","bindingPath":{"path":"/1","propertyPath":"DURATION_UNIT_OF_MEASURE","modelName":"tasksModel"},"interaction":{"idSuffix":"inner"}},"clearTextFirst":true,"interactionType":"ENTER_TEXT"}]}
COMMAND: POST /session/6d8bd7b67751d8070595134c0dd0c9c6/execute/async - {"script":"<script> [1562 bytes]","args":[{"selector":{"controlType":"netm.SmartInput","viewName":"etm.portal.ui.isctemplates.view.New","viewId":"application-isctemplates-display-component---addDetailSafetyAndCompliance","bindingPath":{"path":"/1","propertyPath":"ACTIVITY_DESCRIPTION","modelName":"tasksModel"},"interaction":{"idSuffix":"inner"}},"wdio_ui5_key":"etmportal.ui.isctemplates.view.Newnetm.SmartInput{\"path\":\"/1\",\"propertyPath\":\"ACTIVITY_DESCRIPTION\",\"modelName\":\"tasksModel\"}"}]}
RESULT: {"script":"<script> [1562 bytes]","args":[{"selector":{"controlType":"netm.SmartInput","viewName":"etm.portal.ui.isctemplates.view.New","viewId":"application-isctemplates-display-component---addDetailSafetyAndCompliance","bindingPath":{"path":"/1","propertyPath":"ACTIVITY_DESCRIPTION","modelName":"tasksModel"},"interaction":{"idSuffix":"inner"}},"wdio_ui5_key":"etmportal.ui.isctemplates.view.Newnetm.SmartInput{\"path\":\"/1\",\"propertyPath\":\"ACTIVITY_DESCRIPTION\",\"modelName\":\"tasksModel\"}"}]}
RESULT: undefined
COMMAND: POST /session/6d8bd7b67751d8070595134c0dd0c9c6/execute/async - {"script":"<script> [776 bytes]","args":[{"enterText":"Standard Hour","selector":{"controlType":"netm.SmartInput","viewName":"etm.portal.ui.isctemplates.view.New","viewId":"application-isctemplates-display-component---addDetailSafetyAndCompliance","bindingPath":{"path":"/1","propertyPath":"ACTIVITY_DESCRIPTION","modelName":"tasksModel"},"interaction":{"idSuffix":"inner"}},"clearTextFirst":true,"interactionType":"ENTER_TEXT"}]}
RESULT: {"script":"<script> [776 bytes]","args":[{"enterText":"Standard Hour","selector":{"controlType":"netm.SmartInput","viewName":"etm.portal.ui.isctemplates.view.New","viewId":"application-isctemplates-display-component---addDetailSafetyAndCompliance","bindingPath":{"path":"/1","propertyPath":"ACTIVITY_DESCRIPTION","modelName":"tasksModel"},"interaction":{"idSuffix":"inner"}},"clearTextFirst":true,"interactionType":"ENTER_TEXT"}]}
COMMAND: POST /session/6d8bd7b67751d8070595134c0dd0c9c6/actions - {"actions":[{"id":"action11","type":"key","parameters":{},"actions":[{"type":"keyDown","value":"î€‡"},{"type":"pause","duration":10},{"type":"keyUp","value":"î€‡"}]}]}
RESULT: {"actions":[{"id":"action11","type":"key","parameters":{},"actions":[{"type":"keyDown","value":"î€‡"},{"type":"pause","duration":10},{"type":"keyUp","value":"î€‡"}]}]}
COMMAND: GET /session/6d8bd7b67751d8070595134c0dd0c9c6/screenshot - {}
RESULT: {}
COMMAND: POST /session/6d8bd7b67751d8070595134c0dd0c9c6/execute/async - {"script":"<script> [1562 bytes]","args":[{"selector":{"controlType":"sap.m.Input","viewName":"etm.portal.ui.isctemplates.view.New","viewId":"application-isctemplates-display-component---addDetailSafetyAndCompliance","bindingPath":{"path":"/1","propertyPath":"PLAN_FORMATTED","modelName":"tasksModel"},"interaction":{"idSuffix":"inner"}},"wdio_ui5_key":"etmportal.ui.isctemplates.view.Newsap.m.Input{\"path\":\"/1\",\"propertyPath\":\"PLAN_FORMATTED\",\"modelName\":\"tasksModel\"}"}]}
RESULT: {"script":"<script> [1562 bytes]","args":[{"selector":{"controlType":"sap.m.Input","viewName":"etm.portal.ui.isctemplates.view.New","viewId":"application-isctemplates-display-component---addDetailSafetyAndCompliance","bindingPath":{"path":"/1","propertyPath":"PLAN_FORMATTED","modelName":"tasksModel"},"interaction":{"idSuffix":"inner"}},"wdio_ui5_key":"etmportal.ui.isctemplates.view.Newsap.m.Input{\"path\":\"/1\",\"propertyPath\":\"PLAN_FORMATTED\",\"modelName\":\"tasksModel\"}"}]}
RESULT: undefined
COMMAND: POST /session/6d8bd7b67751d8070595134c0dd0c9c6/execute/async - {"script":"<script> [776 bytes]","args":[{"enterText":"3","selector":{"controlType":"sap.m.Input","viewName":"etm.portal.ui.isctemplates.view.New","viewId":"application-isctemplates-display-component---addDetailSafetyAndCompliance","bindingPath":{"path":"/1","propertyPath":"PLAN_FORMATTED","modelName":"tasksModel"},"interaction":{"idSuffix":"inner"}},"clearTextFirst":true,"interactionType":"ENTER_TEXT"}]}
RESULT: {"script":"<script> [776 bytes]","args":[{"enterText":"3","selector":{"controlType":"sap.m.Input","viewName":"etm.portal.ui.isctemplates.view.New","viewId":"application-isctemplates-display-component---addDetailSafetyAndCompliance","bindingPath":{"path":"/1","propertyPath":"PLAN_FORMATTED","modelName":"tasksModel"},"interaction":{"idSuffix":"inner"}},"clearTextFirst":true,"interactionType":"ENTER_TEXT"}]}
COMMAND: POST /session/6d8bd7b67751d8070595134c0dd0c9c6/execute/async - {"script":"<script> [1562 bytes]","args":[{"selector":{"controlType":"netm.SmartInput","viewName":"etm.portal.ui.isctemplates.view.New","viewId":"application-isctemplates-display-component---addDetailSafetyAndCompliance","bindingPath":{"path":"/1","propertyPath":"BILLING_CONDITION_DESCRIPTION","modelName":"tasksModel"},"interaction":{"idSuffix":"inner"}},"wdio_ui5_key":"etmportal.ui.isctemplates.view.Newnetm.SmartInput{\"path\":\"/1\",\"propertyPath\":\"BILLING_CONDITION_DESCRIPTION\",\"modelName\":\"tasksModel\"}"}]}
RESULT: {"script":"<script> [1562 bytes]","args":[{"selector":{"controlType":"netm.SmartInput","viewName":"etm.portal.ui.isctemplates.view.New","viewId":"application-isctemplates-display-component---addDetailSafetyAndCompliance","bindingPath":{"path":"/1","propertyPath":"BILLING_CONDITION_DESCRIPTION","modelName":"tasksModel"},"interaction":{"idSuffix":"inner"}},"wdio_ui5_key":"etmportal.ui.isctemplates.view.Newnetm.SmartInput{\"path\":\"/1\",\"propertyPath\":\"BILLING_CONDITION_DESCRIPTION\",\"modelName\":\"tasksModel\"}"}]}
RESULT: undefined
COMMAND: POST /session/6d8bd7b67751d8070595134c0dd0c9c6/execute/async - {"script":"<script> [776 bytes]","args":[{"enterText":"Manual fee","selector":{"controlType":"netm.SmartInput","viewName":"etm.portal.ui.isctemplates.view.New","viewId":"application-isctemplates-display-component---addDetailSafetyAndCompliance","bindingPath":{"path":"/1","propertyPath":"BILLING_CONDITION_DESCRIPTION","modelName":"tasksModel"},"interaction":{"idSuffix":"inner"}},"clearTextFirst":true,"interactionType":"ENTER_TEXT"}]}
RESULT: {"script":"<script> [776 bytes]","args":[{"enterText":"Manual fee","selector":{"controlType":"netm.SmartInput","viewName":"etm.portal.ui.isctemplates.view.New","viewId":"application-isctemplates-display-component---addDetailSafetyAndCompliance","bindingPath":{"path":"/1","propertyPath":"BILLING_CONDITION_DESCRIPTION","modelName":"tasksModel"},"interaction":{"idSuffix":"inner"}},"clearTextFirst":true,"interactionType":"ENTER_TEXT"}]}
COMMAND: POST /session/6d8bd7b67751d8070595134c0dd0c9c6/actions - {"actions":[{"id":"action12","type":"key","parameters":{},"actions":[{"type":"keyDown","value":"î€‡"},{"type":"pause","duration":10},{"type":"keyUp","value":"î€‡"}]}]}
RESULT: {"actions":[{"id":"action12","type":"key","parameters":{},"actions":[{"type":"keyDown","value":"î€‡"},{"type":"pause","duration":10},{"type":"keyUp","value":"î€‡"}]}]}
COMMAND: GET /session/6d8bd7b67751d8070595134c0dd0c9c6/screenshot - {}
RESULT: {}
COMMAND: POST /session/6d8bd7b67751d8070595134c0dd0c9c6/execute/async - {"script":"<script> [1562 bytes]","args":[{"selector":{"controlType":"sap.m.Button","viewName":"etm.portal.ui.isctemplates.view.New","viewId":"application-isctemplates-display-component---addDetailSafetyAndCompliance","properties":{"text":"Spare parts"},"interaction":{"idSuffix":"BDI-content"}},"wdio_ui5_key":"etmportal.ui.isctemplates.view.Newsap.m.Button{\"text\":\"Spare parts\"}"}]}
RESULT: {"script":"<script> [1562 bytes]","args":[{"selector":{"controlType":"sap.m.Button","viewName":"etm.portal.ui.isctemplates.view.New","viewId":"application-isctemplates-display-component---addDetailSafetyAndCompliance","properties":{"text":"Spare parts"},"interaction":{"idSuffix":"BDI-content"}},"wdio_ui5_key":"etmportal.ui.isctemplates.view.Newsap.m.Button{\"text\":\"Spare parts\"}"}]}
RESULT: undefined
COMMAND: POST /session/6d8bd7b67751d8070595134c0dd0c9c6/element - {"using":"xpath","value":"//*[@id=\"__layout30-anchBar-__section5-anchor\"]"}
RESULT: {"using":"xpath","value":"//*[@id=\"__layout30-anchBar-__section5-anchor\"]"}
COMMAND: POST /session/6d8bd7b67751d8070595134c0dd0c9c6/element/f.682637C0DBC81701DD87E9FA8F6607BC.d.95932995063EAB9278E4B9B743844D75.e.1632/click - {}
RESULT: {}
COMMAND: GET /session/6d8bd7b67751d8070595134c0dd0c9c6/screenshot - {}
RESULT: {}
COMMAND: POST /session/6d8bd7b67751d8070595134c0dd0c9c6/execute/async - {"script":"<script> [1562 bytes]","args":[{"selector":{"controlType":"sap.ui.core.Icon","viewName":"etm.portal.ui.isctemplates.view.New","viewId":"application-isctemplates-display-component---addDetailSafetyAndCompliance","properties":{"src":{"regex":{"source":"add"}}},"ancestor":{"controlType":"sap.m.Button","viewName":"etm.portal.ui.isctemplates.view.New","viewId":"application-isctemplates-display-component---addDetailSafetyAndCompliance","i18NText":{"propertyName":"tooltip","key":"create"}}},"wdio_ui5_key":"etmportal.ui.isctemplates.view.Newsap.ui.core.Icon{\"src\":{\"regex\":{\"source\":\"add\"}}}{\"controlType\":\"sap.m.Button\",\"viewName\":\"etm.portal.ui.isctemplates.view.New\",\"viewId\":\"application-isctemplates-display-component---addDetailSafetyAndCompliance\",\"i18NText\":{\"propertyName\":\"tooltip\",\"key\":\"create\"}}"}]}
RESULT: {"script":"<script> [1562 bytes]","args":[{"selector":{"controlType":"sap.ui.core.Icon","viewName":"etm.portal.ui.isctemplates.view.New","viewId":"application-isctemplates-display-component---addDetailSafetyAndCompliance","properties":{"src":{"regex":{"source":"add"}}},"ancestor":{"controlType":"sap.m.Button","viewName":"etm.portal.ui.isctemplates.view.New","viewId":"application-isctemplates-display-component---addDetailSafetyAndCompliance","i18NText":{"propertyName":"tooltip","key":"create"}}},"wdio_ui5_key":"etmportal.ui.isctemplates.view.Newsap.ui.core.Icon{\"src\":{\"regex\":{\"source\":\"add\"}}}{\"controlType\":\"sap.m.Button\",\"viewName\":\"etm.portal.ui.isctemplates.view.New\",\"viewId\":\"application-isctemplates-display-component---addDetailSafetyAndCompliance\",\"i18NText\":{\"propertyName\":\"tooltip\",\"key\":\"create\"}}"}]}
RESULT: undefined
COMMAND: POST /session/6d8bd7b67751d8070595134c0dd0c9c6/element - {"using":"xpath","value":"//*[@id=\"__button16-img\"]"}
RESULT: {"using":"xpath","value":"//*[@id=\"__button16-img\"]"}
COMMAND: POST /session/6d8bd7b67751d8070595134c0dd0c9c6/element/f.682637C0DBC81701DD87E9FA8F6607BC.d.95932995063EAB9278E4B9B743844D75.e.1635/click - {}
RESULT: {}
COMMAND: GET /session/6d8bd7b67751d8070595134c0dd0c9c6/screenshot - {}
RESULT: {}
COMMAND: POST /session/6d8bd7b67751d8070595134c0dd0c9c6/execute/async - {"script":"<script> [1562 bytes]","args":[{"selector":{"controlType":"sap.m.Input","viewName":"etm.portal.ui.isctemplates.view.New","viewId":"application-isctemplates-display-component---addDetailSafetyAndCompliance","bindingPath":{"path":"/0","propertyPath":"INPUT_ITEM","modelName":"sparePartsModel"},"interaction":{"idSuffix":"inner"}},"wdio_ui5_key":"etmportal.ui.isctemplates.view.Newsap.m.Input{\"path\":\"/0\",\"propertyPath\":\"INPUT_ITEM\",\"modelName\":\"sparePartsModel\"}"}]}
RESULT: {"script":"<script> [1562 bytes]","args":[{"selector":{"controlType":"sap.m.Input","viewName":"etm.portal.ui.isctemplates.view.New","viewId":"application-isctemplates-display-component---addDetailSafetyAndCompliance","bindingPath":{"path":"/0","propertyPath":"INPUT_ITEM","modelName":"sparePartsModel"},"interaction":{"idSuffix":"inner"}},"wdio_ui5_key":"etmportal.ui.isctemplates.view.Newsap.m.Input{\"path\":\"/0\",\"propertyPath\":\"INPUT_ITEM\",\"modelName\":\"sparePartsModel\"}"}]}
RESULT: undefined
COMMAND: POST /session/6d8bd7b67751d8070595134c0dd0c9c6/execute/async - {"script":"<script> [776 bytes]","args":[{"enterText":"10","selector":{"controlType":"sap.m.Input","viewName":"etm.portal.ui.isctemplates.view.New","viewId":"application-isctemplates-display-component---addDetailSafetyAndCompliance","bindingPath":{"path":"/0","propertyPath":"INPUT_ITEM","modelName":"sparePartsModel"},"interaction":{"idSuffix":"inner"}},"clearTextFirst":true,"interactionType":"ENTER_TEXT"}]}
RESULT: {"script":"<script> [776 bytes]","args":[{"enterText":"10","selector":{"controlType":"sap.m.Input","viewName":"etm.portal.ui.isctemplates.view.New","viewId":"application-isctemplates-display-component---addDetailSafetyAndCompliance","bindingPath":{"path":"/0","propertyPath":"INPUT_ITEM","modelName":"sparePartsModel"},"interaction":{"idSuffix":"inner"}},"clearTextFirst":true,"interactionType":"ENTER_TEXT"}]}
COMMAND: POST /session/6d8bd7b67751d8070595134c0dd0c9c6/execute/async - {"script":"<script> [1562 bytes]","args":[{"selector":{"controlType":"sap.m.Input","viewName":"etm.portal.ui.isctemplates.view.New","viewId":"application-isctemplates-display-component---addDetailSafetyAndCompliance","bindingPath":{"path":"/0","propertyPath":"DESCRIPTION","modelName":"sparePartsModel"},"interaction":{"idSuffix":"inner"}},"wdio_ui5_key":"etmportal.ui.isctemplates.view.Newsap.m.Input{\"path\":\"/0\",\"propertyPath\":\"DESCRIPTION\",\"modelName\":\"sparePartsModel\"}"}]}
RESULT: {"script":"<script> [1562 bytes]","args":[{"selector":{"controlType":"sap.m.Input","viewName":"etm.portal.ui.isctemplates.view.New","viewId":"application-isctemplates-display-component---addDetailSafetyAndCompliance","bindingPath":{"path":"/0","propertyPath":"DESCRIPTION","modelName":"sparePartsModel"},"interaction":{"idSuffix":"inner"}},"wdio_ui5_key":"etmportal.ui.isctemplates.view.Newsap.m.Input{\"path\":\"/0\",\"propertyPath\":\"DESCRIPTION\",\"modelName\":\"sparePartsModel\"}"}]}
RESULT: undefined
COMMAND: POST /session/6d8bd7b67751d8070595134c0dd0c9c6/execute/async - {"script":"<script> [776 bytes]","args":[{"enterText":"Spare part wdIO","selector":{"controlType":"sap.m.Input","viewName":"etm.portal.ui.isctemplates.view.New","viewId":"application-isctemplates-display-component---addDetailSafetyAndCompliance","bindingPath":{"path":"/0","propertyPath":"DESCRIPTION","modelName":"sparePartsModel"},"interaction":{"idSuffix":"inner"}},"clearTextFirst":true,"interactionType":"ENTER_TEXT"}]}
RESULT: {"script":"<script> [776 bytes]","args":[{"enterText":"Spare part wdIO","selector":{"controlType":"sap.m.Input","viewName":"etm.portal.ui.isctemplates.view.New","viewId":"application-isctemplates-display-component---addDetailSafetyAndCompliance","bindingPath":{"path":"/0","propertyPath":"DESCRIPTION","modelName":"sparePartsModel"},"interaction":{"idSuffix":"inner"}},"clearTextFirst":true,"interactionType":"ENTER_TEXT"}]}
COMMAND: POST /session/6d8bd7b67751d8070595134c0dd0c9c6/actions - {"actions":[{"id":"action13","type":"key","parameters":{},"actions":[{"type":"keyDown","value":"î€„"},{"type":"pause","duration":10},{"type":"keyUp","value":"î€„"}]}]}
RESULT: {"actions":[{"id":"action13","type":"key","parameters":{},"actions":[{"type":"keyDown","value":"î€„"},{"type":"pause","duration":10},{"type":"keyUp","value":"î€„"}]}]}
COMMAND: GET /session/6d8bd7b67751d8070595134c0dd0c9c6/screenshot - {}
RESULT: {}
COMMAND: POST /session/6d8bd7b67751d8070595134c0dd0c9c6/actions - {"actions":[{"id":"action14","type":"key","parameters":{},"actions":[{"type":"keyDown","value":"î€‡"},{"type":"pause","duration":10},{"type":"keyUp","value":"î€‡"}]}]}
RESULT: {"actions":[{"id":"action14","type":"key","parameters":{},"actions":[{"type":"keyDown","value":"î€‡"},{"type":"pause","duration":10},{"type":"keyUp","value":"î€‡"}]}]}
COMMAND: GET /session/6d8bd7b67751d8070595134c0dd0c9c6/screenshot - {}
RESULT: {}
COMMAND: POST /session/6d8bd7b67751d8070595134c0dd0c9c6/element - {"using":"xpath","value":"(//input[contains(@type ,\"search\")][contains(@aria-label ,\"Search\")])[1]"}
RESULT: {"using":"xpath","value":"(//input[contains(@type ,\"search\")][contains(@aria-label ,\"Search\")])[1]"}
COMMAND: POST /session/6d8bd7b67751d8070595134c0dd0c9c6/element/f.682637C0DBC81701DD87E9FA8F6607BC.d.95932995063EAB9278E4B9B743844D75.e.1643/clear - {}
RESULT: {}
COMMAND: POST /session/6d8bd7b67751d8070595134c0dd0c9c6/element/f.682637C0DBC81701DD87E9FA8F6607BC.d.95932995063EAB9278E4B9B743844D75.e.1643/value - {"text":"200013"}
COMMAND: GET /session/6d8bd7b67751d8070595134c0dd0c9c6/screenshot - {}
RESULT: {"text":"200013"}
COMMAND: GET /session/6d8bd7b67751d8070595134c0dd0c9c6/screenshot - {}
RESULT: {}
RESULT: {}
COMMAND: POST /session/6d8bd7b67751d8070595134c0dd0c9c6/actions - {"actions":[{"id":"action15","type":"key","parameters":{},"actions":[{"type":"keyDown","value":"î€‡"},{"type":"pause","duration":10},{"type":"keyUp","value":"î€‡"}]}]}
RESULT: {"actions":[{"id":"action15","type":"key","parameters":{},"actions":[{"type":"keyDown","value":"î€‡"},{"type":"pause","duration":10},{"type":"keyUp","value":"î€‡"}]}]}
COMMAND: GET /session/6d8bd7b67751d8070595134c0dd0c9c6/screenshot - {}
RESULT: {}
COMMAND: POST /session/6d8bd7b67751d8070595134c0dd0c9c6/element - {"using":"xpath","value":"(//span[contains(text(), \"Material\")])[1]"}
RESULT: {"using":"xpath","value":"(//span[contains(text(), \"Material\")])[1]"}
COMMAND: POST /session/6d8bd7b67751d8070595134c0dd0c9c6/element/f.682637C0DBC81701DD87E9FA8F6607BC.d.95932995063EAB9278E4B9B743844D75.e.1667/click - {}
RESULT: {}
COMMAND: GET /session/6d8bd7b67751d8070595134c0dd0c9c6/screenshot - {}
RESULT: {}
COMMAND: POST /session/6d8bd7b67751d8070595134c0dd0c9c6/execute/async - {"script":"<script> [1562 bytes]","args":[{"selector":{"controlType":"sap.m.Input","viewName":"etm.portal.ui.isctemplates.view.New","viewId":"application-isctemplates-display-component---addDetailSafetyAndCompliance","bindingPath":{"path":"/0","propertyPath":"INPUT_PLANNED_QUANTITY","modelName":"sparePartsModel"},"interaction":{"idSuffix":"inner"}},"wdio_ui5_key":"etmportal.ui.isctemplates.view.Newsap.m.Input{\"path\":\"/0\",\"propertyPath\":\"INPUT_PLANNED_QUANTITY\",\"modelName\":\"sparePartsModel\"}"}]}
RESULT: {"script":"<script> [1562 bytes]","args":[{"selector":{"controlType":"sap.m.Input","viewName":"etm.portal.ui.isctemplates.view.New","viewId":"application-isctemplates-display-component---addDetailSafetyAndCompliance","bindingPath":{"path":"/0","propertyPath":"INPUT_PLANNED_QUANTITY","modelName":"sparePartsModel"},"interaction":{"idSuffix":"inner"}},"wdio_ui5_key":"etmportal.ui.isctemplates.view.Newsap.m.Input{\"path\":\"/0\",\"propertyPath\":\"INPUT_PLANNED_QUANTITY\",\"modelName\":\"sparePartsModel\"}"}]}
RESULT: undefined
COMMAND: POST /session/6d8bd7b67751d8070595134c0dd0c9c6/execute/async - {"script":"<script> [776 bytes]","args":[{"enterText":"2","selector":{"controlType":"sap.m.Input","viewName":"etm.portal.ui.isctemplates.view.New","viewId":"application-isctemplates-display-component---addDetailSafetyAndCompliance","bindingPath":{"path":"/0","propertyPath":"INPUT_PLANNED_QUANTITY","modelName":"sparePartsModel"},"interaction":{"idSuffix":"inner"}},"clearTextFirst":true,"interactionType":"ENTER_TEXT"}]}
RESULT: {"script":"<script> [776 bytes]","args":[{"enterText":"2","selector":{"controlType":"sap.m.Input","viewName":"etm.portal.ui.isctemplates.view.New","viewId":"application-isctemplates-display-component---addDetailSafetyAndCompliance","bindingPath":{"path":"/0","propertyPath":"INPUT_PLANNED_QUANTITY","modelName":"sparePartsModel"},"interaction":{"idSuffix":"inner"}},"clearTextFirst":true,"interactionType":"ENTER_TEXT"}]}
COMMAND: POST /session/6d8bd7b67751d8070595134c0dd0c9c6/execute/async - {"script":"<script> [1562 bytes]","args":[{"selector":{"controlType":"netm.SmartInput","viewName":"etm.portal.ui.isctemplates.view.New","viewId":"application-isctemplates-display-component---addDetailSafetyAndCompliance","bindingPath":{"path":"/0","propertyPath":"ITEM_TYPE_GROUP","modelName":"sparePartsModel"},"interaction":{"idSuffix":"inner"}},"wdio_ui5_key":"etmportal.ui.isctemplates.view.Newnetm.SmartInput{\"path\":\"/0\",\"propertyPath\":\"ITEM_TYPE_GROUP\",\"modelName\":\"sparePartsModel\"}"}]}
RESULT: {"script":"<script> [1562 bytes]","args":[{"selector":{"controlType":"netm.SmartInput","viewName":"etm.portal.ui.isctemplates.view.New","viewId":"application-isctemplates-display-component---addDetailSafetyAndCompliance","bindingPath":{"path":"/0","propertyPath":"ITEM_TYPE_GROUP","modelName":"sparePartsModel"},"interaction":{"idSuffix":"inner"}},"wdio_ui5_key":"etmportal.ui.isctemplates.view.Newnetm.SmartInput{\"path\":\"/0\",\"propertyPath\":\"ITEM_TYPE_GROUP\",\"modelName\":\"sparePartsModel\"}"}]}
RESULT: undefined
COMMAND: POST /session/6d8bd7b67751d8070595134c0dd0c9c6/execute/async - {"script":"<script> [776 bytes]","args":[{"enterText":"Manual fee","selector":{"controlType":"netm.SmartInput","viewName":"etm.portal.ui.isctemplates.view.New","viewId":"application-isctemplates-display-component---addDetailSafetyAndCompliance","bindingPath":{"path":"/0","propertyPath":"ITEM_TYPE_GROUP","modelName":"sparePartsModel"},"interaction":{"idSuffix":"inner"}},"clearTextFirst":true,"interactionType":"ENTER_TEXT"}]}
RESULT: {"script":"<script> [776 bytes]","args":[{"enterText":"Manual fee","selector":{"controlType":"netm.SmartInput","viewName":"etm.portal.ui.isctemplates.view.New","viewId":"application-isctemplates-display-component---addDetailSafetyAndCompliance","bindingPath":{"path":"/0","propertyPath":"ITEM_TYPE_GROUP","modelName":"sparePartsModel"},"interaction":{"idSuffix":"inner"}},"clearTextFirst":true,"interactionType":"ENTER_TEXT"}]}
COMMAND: POST /session/6d8bd7b67751d8070595134c0dd0c9c6/actions - {"actions":[{"id":"action16","type":"key","parameters":{},"actions":[{"type":"keyDown","value":"î€‡"},{"type":"pause","duration":10},{"type":"keyUp","value":"î€‡"}]}]}
RESULT: {"actions":[{"id":"action16","type":"key","parameters":{},"actions":[{"type":"keyDown","value":"î€‡"},{"type":"pause","duration":10},{"type":"keyUp","value":"î€‡"}]}]}
COMMAND: GET /session/6d8bd7b67751d8070595134c0dd0c9c6/screenshot - {}
RESULT: {}
COMMAND: POST /session/6d8bd7b67751d8070595134c0dd0c9c6/execute/async - {"script":"<script> [1562 bytes]","args":[{"selector":{"id":"application-isctemplates-display-component---addDetailSafetyAndCompliance--saveBtn","interaction":{"idSuffix":"BDI-content"}},"wdio_ui5_key":"applicationisctemplates-display-component---addDetailSafetyAndCompliance--saveBtn"}]}
RESULT: {"script":"<script> [1562 bytes]","args":[{"selector":{"id":"application-isctemplates-display-component---addDetailSafetyAndCompliance--saveBtn","interaction":{"idSuffix":"BDI-content"}},"wdio_ui5_key":"applicationisctemplates-display-component---addDetailSafetyAndCompliance--saveBtn"}]}
RESULT: undefined
COMMAND: POST /session/6d8bd7b67751d8070595134c0dd0c9c6/element - {"using":"xpath","value":"//*[@id=\"application-isctemplates-display-component---addDetailSafetyAndCompliance--saveBtn\"]"}
RESULT: {"using":"xpath","value":"//*[@id=\"application-isctemplates-display-component---addDetailSafetyAndCompliance--saveBtn\"]"}
COMMAND: POST /session/6d8bd7b67751d8070595134c0dd0c9c6/element/f.682637C0DBC81701DD87E9FA8F6607BC.d.95932995063EAB9278E4B9B743844D75.e.1444/click - {}
RESULT: {}
COMMAND: GET /session/6d8bd7b67751d8070595134c0dd0c9c6/screenshot - {}
RESULT: {}
COMMAND: POST /session/6d8bd7b67751d8070595134c0dd0c9c6/element - {"using":"xpath","value":"//div[contains(@id, \"expand-wrapper\")]/span"}
RESULT: {"using":"xpath","value":"//div[contains(@id, \"expand-wrapper\")]/span"}
COMMAND: GET /session/6d8bd7b67751d8070595134c0dd0c9c6/element/f.682637C0DBC81701DD87E9FA8F6607BC.d.95932995063EAB9278E4B9B743844D75.e.1687/text - {}
RESULT: {}
COMMAND: POST /session/6d8bd7b67751d8070595134c0dd0c9c6/element - {"using":"css selector","value":"#shell-header-logo"}
RESULT: {"using":"css selector","value":"#shell-header-logo"}
COMMAND: POST /session/6d8bd7b67751d8070595134c0dd0c9c6/element/f.682637C0DBC81701DD87E9FA8F6607BC.d.95932995063EAB9278E4B9B743844D75.e.1037/click - {}
RESULT: {}
COMMAND: GET /session/6d8bd7b67751d8070595134c0dd0c9c6/screenshot - {}
RESULT: {}
]]></system-out>
    </testcase>
  </testsuite>
  <testsuite timestamp="2025-06-02T17:01:29" time="668.705" tests="6" failures="0" errors="0" skipped="0">
    <properties>
      <property name="specId" value="0" />
      <property name="suiteName" value="ISC Schedule - Time schedule US156838" />
      <property name="capabilities" value="chrome.136_0_7103_93.windows" />
      <property name="file" value="file:///D:/a/1/s/test/specs/ISC/isc-schedule-time-schedule.spec.js" />
    </properties>
    <testcase classname="chrome.136_0_7103_93.windows.ISC_Schedule_-_Time_schedule_US156838" name="Should create a new equipment and stock increase it" time="208.063">
      <system-out><![CDATA[
COMMAND: POST /session/6d8bd7b67751d8070595134c0dd0c9c6/execute/async - {"script":"<script> [1562 bytes]","args":[{"selector":{"controlType":"sap.m.GenericTile","properties":{"header":"Manage Resources"}},"wdio_ui5_key":"sapm.GenericTile{\"header\":\"Manage Resources\"}"}]}
RESULT: {"script":"<script> [1562 bytes]","args":[{"selector":{"controlType":"sap.m.GenericTile","properties":{"header":"Manage Resources"}},"wdio_ui5_key":"sapm.GenericTile{\"header\":\"Manage Resources\"}"}]}
RESULT: undefined
COMMAND: POST /session/6d8bd7b67751d8070595134c0dd0c9c6/element - {"using":"xpath","value":"//*[@id=\"__tile39\"]"}
RESULT: {"using":"xpath","value":"//*[@id=\"__tile39\"]"}
COMMAND: POST /session/6d8bd7b67751d8070595134c0dd0c9c6/element/f.682637C0DBC81701DD87E9FA8F6607BC.d.95932995063EAB9278E4B9B743844D75.e.1692/click - {}
RESULT: {}
COMMAND: GET /session/6d8bd7b67751d8070595134c0dd0c9c6/screenshot - {}
RESULT: {}
COMMAND: POST /session/6d8bd7b67751d8070595134c0dd0c9c6/elements - {"using":"xpath","value":"//span[text()='Error']"}
RESULT: {"using":"xpath","value":"//span[text()='Error']"}
COMMAND: POST /session/6d8bd7b67751d8070595134c0dd0c9c6/element - {"using":"xpath","value":"//button[@data-kt=\"addNewRUOverflowToolbarButton\"]"}
RESULT: {"using":"xpath","value":"//button[@data-kt=\"addNewRUOverflowToolbarButton\"]"}
COMMAND: POST /session/6d8bd7b67751d8070595134c0dd0c9c6/execute/sync - {"script":"<script> [8489 bytes]","args":[{"element-6066-11e4-a52e-4f735466cecf":"f.682637C0DBC81701DD87E9FA8F6607BC.d.95932995063EAB9278E4B9B743844D75.e.1733","ELEMENT":"f.682637C0DBC81701DD87E9FA8F6607BC.d.95932995063EAB9278E4B9B743844D75.e.1733"}]}
RESULT: {"script":"<script> [8489 bytes]","args":[{"element-6066-11e4-a52e-4f735466cecf":"f.682637C0DBC81701DD87E9FA8F6607BC.d.95932995063EAB9278E4B9B743844D75.e.1733","ELEMENT":"f.682637C0DBC81701DD87E9FA8F6607BC.d.95932995063EAB9278E4B9B743844D75.e.1733"}]}
COMMAND: POST /session/6d8bd7b67751d8070595134c0dd0c9c6/element/f.682637C0DBC81701DD87E9FA8F6607BC.d.95932995063EAB9278E4B9B743844D75.e.1733/click - {}
COMMAND: GET /session/6d8bd7b67751d8070595134c0dd0c9c6/screenshot - {}
RESULT: {}
COMMAND: GET /session/6d8bd7b67751d8070595134c0dd0c9c6/screenshot - {}
RESULT: {}
RESULT: {}
COMMAND: POST /session/6d8bd7b67751d8070595134c0dd0c9c6/execute/async - {"script":"<script> [1562 bytes]","args":[{"selector":{"id":"application-manageresources-display-component---newResourceUnit--TYPE-arrow"},"wdio_ui5_key":"applicationmanageresources-display-component---newResourceUnit--TYPE-arrow"}]}
RESULT: {"script":"<script> [1562 bytes]","args":[{"selector":{"id":"application-manageresources-display-component---newResourceUnit--TYPE-arrow"},"wdio_ui5_key":"applicationmanageresources-display-component---newResourceUnit--TYPE-arrow"}]}
RESULT: undefined
COMMAND: POST /session/6d8bd7b67751d8070595134c0dd0c9c6/element - {"using":"xpath","value":"//*[@id=\"application-manageresources-display-component---newResourceUnit--TYPE-arrow\"]"}
RESULT: {"using":"xpath","value":"//*[@id=\"application-manageresources-display-component---newResourceUnit--TYPE-arrow\"]"}
COMMAND: POST /session/6d8bd7b67751d8070595134c0dd0c9c6/element/f.682637C0DBC81701DD87E9FA8F6607BC.d.95932995063EAB9278E4B9B743844D75.e.2049/click - {}
RESULT: {}
COMMAND: POST /session/6d8bd7b67751d8070595134c0dd0c9c6/execute/async - {"script":"<script> [1562 bytes]","args":[{"selector":{"controlType":"sap.m.StandardListItem","viewName":"reusables.view.manageresources.NewResourceUnit","viewId":"application-manageresources-display-component---newResourceUnit","properties":{"title":"Equipment"},"searchOpenDialogs":true,"interaction":{"idSuffix":"content"}},"wdio_ui5_key":"reusablesview.manageresources.NewResourceUnitsap.m.StandardListItem{\"title\":\"Equipment\"}"}]}
COMMAND: GET /session/6d8bd7b67751d8070595134c0dd0c9c6/screenshot - {}
RESULT: {"script":"<script> [1562 bytes]","args":[{"selector":{"controlType":"sap.m.StandardListItem","viewName":"reusables.view.manageresources.NewResourceUnit","viewId":"application-manageresources-display-component---newResourceUnit","properties":{"title":"Equipment"},"searchOpenDialogs":true,"interaction":{"idSuffix":"content"}},"wdio_ui5_key":"reusablesview.manageresources.NewResourceUnitsap.m.StandardListItem{\"title\":\"Equipment\"}"}]}
RESULT: undefined
COMMAND: POST /session/6d8bd7b67751d8070595134c0dd0c9c6/element - {"using":"xpath","value":"//*[@id=\"__item290\"]"}
RESULT: {}
RESULT: {"using":"xpath","value":"//*[@id=\"__item290\"]"}
COMMAND: POST /session/6d8bd7b67751d8070595134c0dd0c9c6/element/f.682637C0DBC81701DD87E9FA8F6607BC.d.95932995063EAB9278E4B9B743844D75.e.2052/click - {}
RESULT: {}
COMMAND: POST /session/6d8bd7b67751d8070595134c0dd0c9c6/execute/async - {"script":"<script> [1562 bytes]","args":[{"selector":{"id":"application-manageresources-display-component---newResourceUnit--resourceId","interaction":{"idSuffix":"inner"}},"wdio_ui5_key":"applicationmanageresources-display-component---newResourceUnit--resourceId"}]}
COMMAND: GET /session/6d8bd7b67751d8070595134c0dd0c9c6/screenshot - {}
RESULT: {"script":"<script> [1562 bytes]","args":[{"selector":{"id":"application-manageresources-display-component---newResourceUnit--resourceId","interaction":{"idSuffix":"inner"}},"wdio_ui5_key":"applicationmanageresources-display-component---newResourceUnit--resourceId"}]}
RESULT: undefined
COMMAND: POST /session/6d8bd7b67751d8070595134c0dd0c9c6/execute/async - {"script":"<script> [776 bytes]","args":[{"enterText":"WdIOTestEquipbt1kb","selector":{"id":"application-manageresources-display-component---newResourceUnit--resourceId","interaction":{"idSuffix":"inner"}},"clearTextFirst":true,"interactionType":"ENTER_TEXT"}]}
RESULT: {}
RESULT: {"script":"<script> [776 bytes]","args":[{"enterText":"WdIOTestEquipbt1kb","selector":{"id":"application-manageresources-display-component---newResourceUnit--resourceId","interaction":{"idSuffix":"inner"}},"clearTextFirst":true,"interactionType":"ENTER_TEXT"}]}
COMMAND: POST /session/6d8bd7b67751d8070595134c0dd0c9c6/execute/async - {"script":"<script> [1562 bytes]","args":[{"selector":{"id":"application-manageresources-display-component---newResourceUnit--SHORT_TEXT","interaction":{"idSuffix":"inner"}},"wdio_ui5_key":"applicationmanageresources-display-component---newResourceUnit--SHORT_TEXT"}]}
RESULT: {"script":"<script> [1562 bytes]","args":[{"selector":{"id":"application-manageresources-display-component---newResourceUnit--SHORT_TEXT","interaction":{"idSuffix":"inner"}},"wdio_ui5_key":"applicationmanageresources-display-component---newResourceUnit--SHORT_TEXT"}]}
RESULT: undefined
COMMAND: POST /session/6d8bd7b67751d8070595134c0dd0c9c6/execute/async - {"script":"<script> [776 bytes]","args":[{"enterText":"WdIOTestEquipbt1kb","selector":{"id":"application-manageresources-display-component---newResourceUnit--SHORT_TEXT","interaction":{"idSuffix":"inner"}},"clearTextFirst":true,"interactionType":"ENTER_TEXT"}]}
RESULT: {"script":"<script> [776 bytes]","args":[{"enterText":"WdIOTestEquipbt1kb","selector":{"id":"application-manageresources-display-component---newResourceUnit--SHORT_TEXT","interaction":{"idSuffix":"inner"}},"clearTextFirst":true,"interactionType":"ENTER_TEXT"}]}
COMMAND: POST /session/6d8bd7b67751d8070595134c0dd0c9c6/execute/async - {"script":"<script> [1562 bytes]","args":[{"selector":{"id":"application-manageresources-display-component---newResourceUnit--BASE_UNIT_OF_MEASURE","interaction":{"idSuffix":"inner"}},"wdio_ui5_key":"applicationmanageresources-display-component---newResourceUnit--BASE_UNIT_OF_MEASURE"}]}
RESULT: {"script":"<script> [1562 bytes]","args":[{"selector":{"id":"application-manageresources-display-component---newResourceUnit--BASE_UNIT_OF_MEASURE","interaction":{"idSuffix":"inner"}},"wdio_ui5_key":"applicationmanageresources-display-component---newResourceUnit--BASE_UNIT_OF_MEASURE"}]}
RESULT: undefined
COMMAND: POST /session/6d8bd7b67751d8070595134c0dd0c9c6/execute/async - {"script":"<script> [776 bytes]","args":[{"enterText":"Piece","selector":{"id":"application-manageresources-display-component---newResourceUnit--BASE_UNIT_OF_MEASURE","interaction":{"idSuffix":"inner"}},"clearTextFirst":true,"interactionType":"ENTER_TEXT"}]}
RESULT: {"script":"<script> [776 bytes]","args":[{"enterText":"Piece","selector":{"id":"application-manageresources-display-component---newResourceUnit--BASE_UNIT_OF_MEASURE","interaction":{"idSuffix":"inner"}},"clearTextFirst":true,"interactionType":"ENTER_TEXT"}]}
COMMAND: POST /session/6d8bd7b67751d8070595134c0dd0c9c6/execute/async - {"script":"<script> [1562 bytes]","args":[{"selector":{"id":"application-manageresources-display-component---newResourceUnit--WEIGHT_UNIT","interaction":{"idSuffix":"inner"}},"wdio_ui5_key":"applicationmanageresources-display-component---newResourceUnit--WEIGHT_UNIT"}]}
RESULT: {"script":"<script> [1562 bytes]","args":[{"selector":{"id":"application-manageresources-display-component---newResourceUnit--WEIGHT_UNIT","interaction":{"idSuffix":"inner"}},"wdio_ui5_key":"applicationmanageresources-display-component---newResourceUnit--WEIGHT_UNIT"}]}
RESULT: undefined
COMMAND: POST /session/6d8bd7b67751d8070595134c0dd0c9c6/execute/async - {"script":"<script> [776 bytes]","args":[{"enterText":"Gram","selector":{"id":"application-manageresources-display-component---newResourceUnit--WEIGHT_UNIT","interaction":{"idSuffix":"inner"}},"clearTextFirst":true,"interactionType":"ENTER_TEXT"}]}
RESULT: {"script":"<script> [776 bytes]","args":[{"enterText":"Gram","selector":{"id":"application-manageresources-display-component---newResourceUnit--WEIGHT_UNIT","interaction":{"idSuffix":"inner"}},"clearTextFirst":true,"interactionType":"ENTER_TEXT"}]}
COMMAND: POST /session/6d8bd7b67751d8070595134c0dd0c9c6/execute/async - {"script":"<script> [1562 bytes]","args":[{"selector":{"id":"application-manageresources-display-component---newResourceUnit--newRRUPage-OPHeaderContent-collapseBtn-img"},"wdio_ui5_key":"applicationmanageresources-display-component---newResourceUnit--newRRUPage-OPHeaderContent-collapseBtn-img"}]}
RESULT: {"script":"<script> [1562 bytes]","args":[{"selector":{"id":"application-manageresources-display-component---newResourceUnit--newRRUPage-OPHeaderContent-collapseBtn-img"},"wdio_ui5_key":"applicationmanageresources-display-component---newResourceUnit--newRRUPage-OPHeaderContent-collapseBtn-img"}]}
RESULT: undefined
COMMAND: POST /session/6d8bd7b67751d8070595134c0dd0c9c6/element - {"using":"xpath","value":"//*[@id=\"application-manageresources-display-component---newResourceUnit--newRRUPage-OPHeaderContent-collapseBtn-img\"]"}
RESULT: {"using":"xpath","value":"//*[@id=\"application-manageresources-display-component---newResourceUnit--newRRUPage-OPHeaderContent-collapseBtn-img\"]"}
COMMAND: POST /session/6d8bd7b67751d8070595134c0dd0c9c6/element/f.682637C0DBC81701DD87E9FA8F6607BC.d.95932995063EAB9278E4B9B743844D75.e.2060/click - {}
RESULT: {}
COMMAND: GET /session/6d8bd7b67751d8070595134c0dd0c9c6/screenshot - {}
RESULT: {}
COMMAND: POST /session/6d8bd7b67751d8070595134c0dd0c9c6/element - {"using":"xpath","value":"(//span[contains(@id ,\"application-manageresources-display-component---newResourceUnit--DIMENSION_UNIT-arrow\")])[1]"}
RESULT: {"using":"xpath","value":"(//span[contains(@id ,\"application-manageresources-display-component---newResourceUnit--DIMENSION_UNIT-arrow\")])[1]"}
COMMAND: POST /session/6d8bd7b67751d8070595134c0dd0c9c6/element/f.682637C0DBC81701DD87E9FA8F6607BC.d.95932995063EAB9278E4B9B743844D75.e.2210/click - {}
RESULT: {}
COMMAND: GET /session/6d8bd7b67751d8070595134c0dd0c9c6/screenshot - {}
RESULT: {}
COMMAND: POST /session/6d8bd7b67751d8070595134c0dd0c9c6/execute/async - {"script":"<script> [1562 bytes]","args":[{"selector":{"controlType":"sap.m.StandardListItem","viewName":"reusables.view.manageresources.NewResourceUnit","viewId":"application-manageresources-display-component---newResourceUnit","properties":{"title":"Centimeter"},"searchOpenDialogs":true,"interaction":{"idSuffix":"titleText"}},"wdio_ui5_key":"reusablesview.manageresources.NewResourceUnitsap.m.StandardListItem{\"title\":\"Centimeter\"}"}]}
RESULT: {"script":"<script> [1562 bytes]","args":[{"selector":{"controlType":"sap.m.StandardListItem","viewName":"reusables.view.manageresources.NewResourceUnit","viewId":"application-manageresources-display-component---newResourceUnit","properties":{"title":"Centimeter"},"searchOpenDialogs":true,"interaction":{"idSuffix":"titleText"}},"wdio_ui5_key":"reusablesview.manageresources.NewResourceUnitsap.m.StandardListItem{\"title\":\"Centimeter\"}"}]}
RESULT: undefined
COMMAND: POST /session/6d8bd7b67751d8070595134c0dd0c9c6/element - {"using":"xpath","value":"//*[@id=\"__item350\"]"}
RESULT: {"using":"xpath","value":"//*[@id=\"__item350\"]"}
COMMAND: POST /session/6d8bd7b67751d8070595134c0dd0c9c6/element/f.682637C0DBC81701DD87E9FA8F6607BC.d.95932995063EAB9278E4B9B743844D75.e.2212/click - {}
RESULT: {}
COMMAND: GET /session/6d8bd7b67751d8070595134c0dd0c9c6/screenshot - {}
RESULT: {}
COMMAND: POST /session/6d8bd7b67751d8070595134c0dd0c9c6/execute/async - {"script":"<script> [1562 bytes]","args":[{"selector":{"id":"application-manageresources-display-component---newResourceUnit--newRRUPage-anchBar-application-manageresources-display-component---newResourceUnit--control-anchor","interaction":{"idSuffix":"BDI-content"}},"wdio_ui5_key":"applicationmanageresources-display-component---newResourceUnit--newRRUPage-anchBar-application-manageresources-display-component---newResourceUnit--control-anchor"}]}
RESULT: {"script":"<script> [1562 bytes]","args":[{"selector":{"id":"application-manageresources-display-component---newResourceUnit--newRRUPage-anchBar-application-manageresources-display-component---newResourceUnit--control-anchor","interaction":{"idSuffix":"BDI-content"}},"wdio_ui5_key":"applicationmanageresources-display-component---newResourceUnit--newRRUPage-anchBar-application-manageresources-display-component---newResourceUnit--control-anchor"}]}
RESULT: undefined
COMMAND: POST /session/6d8bd7b67751d8070595134c0dd0c9c6/element - {"using":"xpath","value":"//*[@id=\"application-manageresources-display-component---newResourceUnit--newRRUPage-anchBar-application-manageresources-display-component---newResourceUnit--control-anchor\"]"}
RESULT: {"using":"xpath","value":"//*[@id=\"application-manageresources-display-component---newResourceUnit--newRRUPage-anchBar-application-manageresources-display-component---newResourceUnit--control-anchor\"]"}
COMMAND: POST /session/6d8bd7b67751d8070595134c0dd0c9c6/element/f.682637C0DBC81701DD87E9FA8F6607BC.d.95932995063EAB9278E4B9B743844D75.e.2214/click - {}
RESULT: {}
COMMAND: POST /session/6d8bd7b67751d8070595134c0dd0c9c6/execute/async - {"script":"<script> [1562 bytes]","args":[{"selector":{"id":"application-manageresources-display-component---newResourceUnit--PLANNING_GROUP","interaction":{"idSuffix":"inner"}},"wdio_ui5_key":"applicationmanageresources-display-component---newResourceUnit--PLANNING_GROUP"}]}
COMMAND: GET /session/6d8bd7b67751d8070595134c0dd0c9c6/screenshot - {}
RESULT: {"script":"<script> [1562 bytes]","args":[{"selector":{"id":"application-manageresources-display-component---newResourceUnit--PLANNING_GROUP","interaction":{"idSuffix":"inner"}},"wdio_ui5_key":"applicationmanageresources-display-component---newResourceUnit--PLANNING_GROUP"}]}
RESULT: undefined
COMMAND: POST /session/6d8bd7b67751d8070595134c0dd0c9c6/execute/async - {"script":"<script> [776 bytes]","args":[{"enterText":"Heavy Equi","selector":{"id":"application-manageresources-display-component---newResourceUnit--PLANNING_GROUP","interaction":{"idSuffix":"inner"}},"clearTextFirst":true,"interactionType":"ENTER_TEXT"}]}
RESULT: {}
RESULT: {"script":"<script> [776 bytes]","args":[{"enterText":"Heavy Equi","selector":{"id":"application-manageresources-display-component---newResourceUnit--PLANNING_GROUP","interaction":{"idSuffix":"inner"}},"clearTextFirst":true,"interactionType":"ENTER_TEXT"}]}
COMMAND: POST /session/6d8bd7b67751d8070595134c0dd0c9c6/execute/async - {"script":"<script> [1562 bytes]","args":[{"selector":{"id":"application-manageresources-display-component---newResourceUnit--ITEM_TYPE-arrow"},"wdio_ui5_key":"applicationmanageresources-display-component---newResourceUnit--ITEM_TYPE-arrow"}]}
RESULT: {"script":"<script> [1562 bytes]","args":[{"selector":{"id":"application-manageresources-display-component---newResourceUnit--ITEM_TYPE-arrow"},"wdio_ui5_key":"applicationmanageresources-display-component---newResourceUnit--ITEM_TYPE-arrow"}]}
RESULT: undefined
COMMAND: POST /session/6d8bd7b67751d8070595134c0dd0c9c6/element - {"using":"xpath","value":"//*[@id=\"application-manageresources-display-component---newResourceUnit--ITEM_TYPE-arrow\"]"}
RESULT: {"using":"xpath","value":"//*[@id=\"application-manageresources-display-component---newResourceUnit--ITEM_TYPE-arrow\"]"}
COMMAND: POST /session/6d8bd7b67751d8070595134c0dd0c9c6/element/f.682637C0DBC81701DD87E9FA8F6607BC.d.95932995063EAB9278E4B9B743844D75.e.2221/click - {}
RESULT: {}
COMMAND: POST /session/6d8bd7b67751d8070595134c0dd0c9c6/execute/async - {"script":"<script> [1562 bytes]","args":[{"selector":{"controlType":"sap.m.StandardListItem","viewName":"reusables.view.manageresources.NewResourceUnit","viewId":"application-manageresources-display-component---newResourceUnit","properties":{"title":"Resource Unit"},"searchOpenDialogs":true,"interaction":{"idSuffix":"titleText"}},"wdio_ui5_key":"reusablesview.manageresources.NewResourceUnitsap.m.StandardListItem{\"title\":\"Resource Unit\"}"}]}
COMMAND: GET /session/6d8bd7b67751d8070595134c0dd0c9c6/screenshot - {}
RESULT: {"script":"<script> [1562 bytes]","args":[{"selector":{"controlType":"sap.m.StandardListItem","viewName":"reusables.view.manageresources.NewResourceUnit","viewId":"application-manageresources-display-component---newResourceUnit","properties":{"title":"Resource Unit"},"searchOpenDialogs":true,"interaction":{"idSuffix":"titleText"}},"wdio_ui5_key":"reusablesview.manageresources.NewResourceUnitsap.m.StandardListItem{\"title\":\"Resource Unit\"}"}]}
RESULT: undefined
COMMAND: POST /session/6d8bd7b67751d8070595134c0dd0c9c6/element - {"using":"xpath","value":"//*[@id=\"__item372\"]"}
RESULT: {}
RESULT: {"using":"xpath","value":"//*[@id=\"__item372\"]"}
COMMAND: POST /session/6d8bd7b67751d8070595134c0dd0c9c6/element/f.682637C0DBC81701DD87E9FA8F6607BC.d.95932995063EAB9278E4B9B743844D75.e.2223/click - {}
RESULT: {}
COMMAND: POST /session/6d8bd7b67751d8070595134c0dd0c9c6/element - {"using":"xpath","value":"//bdi[contains(text(), \"Time Segment\")]"}
COMMAND: GET /session/6d8bd7b67751d8070595134c0dd0c9c6/screenshot - {}
RESULT: {"using":"xpath","value":"//bdi[contains(text(), \"Time Segment\")]"}
COMMAND: GET /session/6d8bd7b67751d8070595134c0dd0c9c6/element/f.682637C0DBC81701DD87E9FA8F6607BC.d.95932995063EAB9278E4B9B743844D75.e.2230/rect - {}
RESULT: {}
RESULT: {}
COMMAND: GET /session/6d8bd7b67751d8070595134c0dd0c9c6/window/rect - {}
RESULT: {}
COMMAND: POST /session/6d8bd7b67751d8070595134c0dd0c9c6/execute/sync - {"script":"<script> [92 bytes]","args":[]}
RESULT: {"script":"<script> [92 bytes]","args":[]}
COMMAND: POST /session/6d8bd7b67751d8070595134c0dd0c9c6/actions - {"actions":[{"id":"action17","type":"wheel","parameters":{},"actions":[{"type":"scroll","x":-1820,"y":-21,"deltaX":0,"deltaY":0,"duration":0,"origin":{"element-6066-11e4-a52e-4f735466cecf":"f.682637C0DBC81701DD87E9FA8F6607BC.d.95932995063EAB9278E4B9B743844D75.e.2230"}}]}]}
COMMAND: GET /session/6d8bd7b67751d8070595134c0dd0c9c6/screenshot - {}
RESULT: {}
COMMAND: POST /session/6d8bd7b67751d8070595134c0dd0c9c6/execute/sync - {"script":"<script> [79 bytes]","args":[{"element-6066-11e4-a52e-4f735466cecf":"f.682637C0DBC81701DD87E9FA8F6607BC.d.95932995063EAB9278E4B9B743844D75.e.2230","ELEMENT":"f.682637C0DBC81701DD87E9FA8F6607BC.d.95932995063EAB9278E4B9B743844D75.e.2230"},{"block":"start","inline":"nearest"}]}
RESULT: {"script":"<script> [79 bytes]","args":[{"element-6066-11e4-a52e-4f735466cecf":"f.682637C0DBC81701DD87E9FA8F6607BC.d.95932995063EAB9278E4B9B743844D75.e.2230","ELEMENT":"f.682637C0DBC81701DD87E9FA8F6607BC.d.95932995063EAB9278E4B9B743844D75.e.2230"},{"block":"start","inline":"nearest"}]}
COMMAND: POST /session/6d8bd7b67751d8070595134c0dd0c9c6/execute/async - {"script":"<script> [1562 bytes]","args":[{"selector":{"id":"application-manageresources-display-component---newResourceUnit--btnAddTimeSegment-img"},"wdio_ui5_key":"applicationmanageresources-display-component---newResourceUnit--btnAddTimeSegment-img"}]}
COMMAND: GET /session/6d8bd7b67751d8070595134c0dd0c9c6/screenshot - {}
RESULT: {"script":"<script> [1562 bytes]","args":[{"selector":{"id":"application-manageresources-display-component---newResourceUnit--btnAddTimeSegment-img"},"wdio_ui5_key":"applicationmanageresources-display-component---newResourceUnit--btnAddTimeSegment-img"}]}
RESULT: undefined
COMMAND: POST /session/6d8bd7b67751d8070595134c0dd0c9c6/element - {"using":"xpath","value":"//*[@id=\"application-manageresources-display-component---newResourceUnit--btnAddTimeSegment-img\"]"}
RESULT: {}
RESULT: {"using":"xpath","value":"//*[@id=\"application-manageresources-display-component---newResourceUnit--btnAddTimeSegment-img\"]"}
COMMAND: POST /session/6d8bd7b67751d8070595134c0dd0c9c6/element/f.682637C0DBC81701DD87E9FA8F6607BC.d.95932995063EAB9278E4B9B743844D75.e.2233/click - {}
RESULT: {}
COMMAND: GET /session/6d8bd7b67751d8070595134c0dd0c9c6/screenshot - {}
RESULT: {}
COMMAND: POST /session/6d8bd7b67751d8070595134c0dd0c9c6/element - {"using":"xpath","value":"//input[@id=\"application-manageresources-display-component---newResourceUnit--idRuTSAdmin-application-manageresources-display-component---newResourceUnit--RUTimeSegment-0-inner\"]"}
RESULT: {"using":"xpath","value":"//input[@id=\"application-manageresources-display-component---newResourceUnit--idRuTSAdmin-application-manageresources-display-component---newResourceUnit--RUTimeSegment-0-inner\"]"}
COMMAND: POST /session/6d8bd7b67751d8070595134c0dd0c9c6/element/f.682637C0DBC81701DD87E9FA8F6607BC.d.95932995063EAB9278E4B9B743844D75.e.2237/clear - {}
RESULT: {}
COMMAND: POST /session/6d8bd7b67751d8070595134c0dd0c9c6/element/f.682637C0DBC81701DD87E9FA8F6607BC.d.95932995063EAB9278E4B9B743844D75.e.2237/value - {"text":"109"}
COMMAND: GET /session/6d8bd7b67751d8070595134c0dd0c9c6/screenshot - {}
RESULT: {"text":"109"}
COMMAND: GET /session/6d8bd7b67751d8070595134c0dd0c9c6/screenshot - {}
RESULT: {}
RESULT: {}
COMMAND: POST /session/6d8bd7b67751d8070595134c0dd0c9c6/actions - {"actions":[{"id":"action18","type":"key","parameters":{},"actions":[{"type":"keyDown","value":"î€‡"},{"type":"pause","duration":10},{"type":"keyUp","value":"î€‡"}]}]}
RESULT: {"actions":[{"id":"action18","type":"key","parameters":{},"actions":[{"type":"keyDown","value":"î€‡"},{"type":"pause","duration":10},{"type":"keyUp","value":"î€‡"}]}]}
COMMAND: POST /session/6d8bd7b67751d8070595134c0dd0c9c6/execute/async - {"script":"<script> [1562 bytes]","args":[{"selector":{"controlType":"sap.ui.core.Icon","viewName":"reusables.view.manageresources.NewResourceUnit","viewId":"application-manageresources-display-component---newResourceUnit","properties":{"src":{"regex":{"source":"slim\\-arrow\\-down"}}},"ancestor":{"controlType":"sap.m.ComboBox","viewName":"reusables.view.manageresources.NewResourceUnit","viewId":"application-manageresources-display-component---newResourceUnit","bindingPath":{"path":"/RESOURCE_UNIT_TIME_SEQUENCES/0","propertyPath":"COST_OBJECT_ADMIN_CST_TYPE","modelName":"oNewRruModel"}}},"wdio_ui5_key":"reusablesview.manageresources.NewResourceUnitsap.ui.core.Icon{\"src\":{\"regex\":{\"source\":\"slim\\\\-arrow\\\\-down\"}}}{\"controlType\":\"sap.m.ComboBox\",\"viewName\":\"reusables.view.manageresources.NewResourceUnit\",\"viewId\":\"application-manageresources-display-component---newResourceUnit\",\"bindingPath\":{\"path\":\"/RESOURCE_UNIT_TIME_SEQUENCES/0\",\"propertyPath\":\"COST_OBJECT_ADMIN_CST_TYPE\",\"modelName\":\"oNewRruModel\"}}"}]}
COMMAND: GET /session/6d8bd7b67751d8070595134c0dd0c9c6/screenshot - {}
RESULT: {"script":"<script> [1562 bytes]","args":[{"selector":{"controlType":"sap.ui.core.Icon","viewName":"reusables.view.manageresources.NewResourceUnit","viewId":"application-manageresources-display-component---newResourceUnit","properties":{"src":{"regex":{"source":"slim\\-arrow\\-down"}}},"ancestor":{"controlType":"sap.m.ComboBox","viewName":"reusables.view.manageresources.NewResourceUnit","viewId":"application-manageresources-display-component---newResourceUnit","bindingPath":{"path":"/RESOURCE_UNIT_TIME_SEQUENCES/0","propertyPath":"COST_OBJECT_ADMIN_CST_TYPE","modelName":"oNewRruModel"}}},"wdio_ui5_key":"reusablesview.manageresources.NewResourceUnitsap.ui.core.Icon{\"src\":{\"regex\":{\"source\":\"slim\\\\-arrow\\\\-down\"}}}{\"controlType\":\"sap.m.ComboBox\",\"viewName\":\"reusables.view.manageresources.NewResourceUnit\",\"viewId\":\"application-manageresources-display-component---newResourceUnit\",\"bindingPath\":{\"path\":\"/RESOURCE_UNIT_TIME_SEQUENCES/0\",\"propertyPath\":\"COST_OBJECT_ADMIN_CST_TYPE\",\"modelName\":\"oNewRruModel\"}}"}]}
RESULT: undefined
COMMAND: POST /session/6d8bd7b67751d8070595134c0dd0c9c6/element - {"using":"xpath","value":"//*[@id=\"__box28-application-manageresources-display-component---newResourceUnit--RUTimeSegment-0-arrow\"]"}
RESULT: {}
RESULT: {"using":"xpath","value":"//*[@id=\"__box28-application-manageresources-display-component---newResourceUnit--RUTimeSegment-0-arrow\"]"}
COMMAND: POST /session/6d8bd7b67751d8070595134c0dd0c9c6/element/f.682637C0DBC81701DD87E9FA8F6607BC.d.95932995063EAB9278E4B9B743844D75.e.2251/click - {}
RESULT: {}
COMMAND: POST /session/6d8bd7b67751d8070595134c0dd0c9c6/execute/async - {"script":"<script> [1562 bytes]","args":[{"selector":{"controlType":"sap.m.StandardListItem","viewName":"reusables.view.manageresources.NewResourceUnit","viewId":"application-manageresources-display-component---newResourceUnit","properties":{"title":"PM Order"},"searchOpenDialogs":true,"interaction":{"idSuffix":"titleText"}},"wdio_ui5_key":"reusablesview.manageresources.NewResourceUnitsap.m.StandardListItem{\"title\":\"PM Order\"}"}]}
COMMAND: GET /session/6d8bd7b67751d8070595134c0dd0c9c6/screenshot - {}
RESULT: {"script":"<script> [1562 bytes]","args":[{"selector":{"controlType":"sap.m.StandardListItem","viewName":"reusables.view.manageresources.NewResourceUnit","viewId":"application-manageresources-display-component---newResourceUnit","properties":{"title":"PM Order"},"searchOpenDialogs":true,"interaction":{"idSuffix":"titleText"}},"wdio_ui5_key":"reusablesview.manageresources.NewResourceUnitsap.m.StandardListItem{\"title\":\"PM Order\"}"}]}
RESULT: undefined
COMMAND: POST /session/6d8bd7b67751d8070595134c0dd0c9c6/element - {"using":"xpath","value":"//*[@id=\"__item1063\"]"}
RESULT: {}
RESULT: {"using":"xpath","value":"//*[@id=\"__item1063\"]"}
COMMAND: POST /session/6d8bd7b67751d8070595134c0dd0c9c6/element/f.682637C0DBC81701DD87E9FA8F6607BC.d.95932995063EAB9278E4B9B743844D75.e.2255/click - {}
RESULT: {}
COMMAND: GET /session/6d8bd7b67751d8070595134c0dd0c9c6/screenshot - {}
RESULT: {}
COMMAND: POST /session/6d8bd7b67751d8070595134c0dd0c9c6/element - {"using":"xpath","value":"(//input[contains(@id ,\"-application-manageresources-display-component---newResourceUnit--RUTimeSegment-0-inner\")])[8]"}
RESULT: {"using":"xpath","value":"(//input[contains(@id ,\"-application-manageresources-display-component---newResourceUnit--RUTimeSegment-0-inner\")])[8]"}
COMMAND: POST /session/6d8bd7b67751d8070595134c0dd0c9c6/element/f.682637C0DBC81701DD87E9FA8F6607BC.d.95932995063EAB9278E4B9B743844D75.e.2258/clear - {}
RESULT: {}
COMMAND: POST /session/6d8bd7b67751d8070595134c0dd0c9c6/element/f.682637C0DBC81701DD87E9FA8F6607BC.d.95932995063EAB9278E4B9B743844D75.e.2258/value - {"text":"4000360"}
COMMAND: GET /session/6d8bd7b67751d8070595134c0dd0c9c6/screenshot - {}
RESULT: {"text":"4000360"}
COMMAND: GET /session/6d8bd7b67751d8070595134c0dd0c9c6/screenshot - {}
RESULT: {}
RESULT: {}
COMMAND: POST /session/6d8bd7b67751d8070595134c0dd0c9c6/actions - {"actions":[{"id":"action19","type":"key","parameters":{},"actions":[{"type":"keyDown","value":"î€‡"},{"type":"pause","duration":10},{"type":"keyUp","value":"î€‡"}]}]}
RESULT: {"actions":[{"id":"action19","type":"key","parameters":{},"actions":[{"type":"keyDown","value":"î€‡"},{"type":"pause","duration":10},{"type":"keyUp","value":"î€‡"}]}]}
COMMAND: GET /session/6d8bd7b67751d8070595134c0dd0c9c6/screenshot - {}
RESULT: {}
COMMAND: POST /session/6d8bd7b67751d8070595134c0dd0c9c6/element - {"using":"xpath","value":"//input[contains(@id ,\"application-manageresources-display-component---newResourceUnit--newTimeSegmentFromDatePicker-application-manageresources-display-component---newResourceUnit--RUTimeSegment-0-inner\")]"}
RESULT: {"using":"xpath","value":"//input[contains(@id ,\"application-manageresources-display-component---newResourceUnit--newTimeSegmentFromDatePicker-application-manageresources-display-component---newResourceUnit--RUTimeSegment-0-inner\")]"}
COMMAND: POST /session/6d8bd7b67751d8070595134c0dd0c9c6/element/f.682637C0DBC81701DD87E9FA8F6607BC.d.95932995063EAB9278E4B9B743844D75.e.2244/clear - {}
RESULT: {}
COMMAND: POST /session/6d8bd7b67751d8070595134c0dd0c9c6/element/f.682637C0DBC81701DD87E9FA8F6607BC.d.95932995063EAB9278E4B9B743844D75.e.2244/clear - {}
COMMAND: GET /session/6d8bd7b67751d8070595134c0dd0c9c6/screenshot - {}
RESULT: {}
COMMAND: POST /session/6d8bd7b67751d8070595134c0dd0c9c6/element/f.682637C0DBC81701DD87E9FA8F6607BC.d.95932995063EAB9278E4B9B743844D75.e.2244/value - {"text":"7/2/24"}
COMMAND: GET /session/6d8bd7b67751d8070595134c0dd0c9c6/screenshot - {}
RESULT: {}
RESULT: {"text":"7/2/24"}
COMMAND: POST /session/6d8bd7b67751d8070595134c0dd0c9c6/execute/async - {"script":"<script> [1562 bytes]","args":[{"selector":{"id":"application-manageresources-display-component---newResourceUnit--newRRUPage-anchBar-application-manageresources-display-component---newResourceUnit--resource-anchor","interaction":{"idSuffix":"BDI-content"}},"wdio_ui5_key":"applicationmanageresources-display-component---newResourceUnit--newRRUPage-anchBar-application-manageresources-display-component---newResourceUnit--resource-anchor"}]}
COMMAND: GET /session/6d8bd7b67751d8070595134c0dd0c9c6/screenshot - {}
RESULT: {}
RESULT: {"script":"<script> [1562 bytes]","args":[{"selector":{"id":"application-manageresources-display-component---newResourceUnit--newRRUPage-anchBar-application-manageresources-display-component---newResourceUnit--resource-anchor","interaction":{"idSuffix":"BDI-content"}},"wdio_ui5_key":"applicationmanageresources-display-component---newResourceUnit--newRRUPage-anchBar-application-manageresources-display-component---newResourceUnit--resource-anchor"}]}
RESULT: undefined
COMMAND: POST /session/6d8bd7b67751d8070595134c0dd0c9c6/element - {"using":"xpath","value":"//*[@id=\"application-manageresources-display-component---newResourceUnit--newRRUPage-anchBar-application-manageresources-display-component---newResourceUnit--resource-anchor\"]"}
RESULT: {}
RESULT: {"using":"xpath","value":"//*[@id=\"application-manageresources-display-component---newResourceUnit--newRRUPage-anchBar-application-manageresources-display-component---newResourceUnit--resource-anchor\"]"}
COMMAND: POST /session/6d8bd7b67751d8070595134c0dd0c9c6/element/f.682637C0DBC81701DD87E9FA8F6607BC.d.95932995063EAB9278E4B9B743844D75.e.2279/click - {}
RESULT: {}
COMMAND: POST /session/6d8bd7b67751d8070595134c0dd0c9c6/execute/async - {"script":"<script> [1562 bytes]","args":[{"selector":{"id":"application-manageresources-display-component---newResourceUnit--PLANNED_DELIVERY_DATE","interaction":{"idSuffix":"inner"}},"wdio_ui5_key":"applicationmanageresources-display-component---newResourceUnit--PLANNED_DELIVERY_DATE"}]}
COMMAND: GET /session/6d8bd7b67751d8070595134c0dd0c9c6/screenshot - {}
RESULT: {"script":"<script> [1562 bytes]","args":[{"selector":{"id":"application-manageresources-display-component---newResourceUnit--PLANNED_DELIVERY_DATE","interaction":{"idSuffix":"inner"}},"wdio_ui5_key":"applicationmanageresources-display-component---newResourceUnit--PLANNED_DELIVERY_DATE"}]}
RESULT: undefined
COMMAND: POST /session/6d8bd7b67751d8070595134c0dd0c9c6/execute/async - {"script":"<script> [6424 bytes]","args":[{"element-6066-11e4-a52e-4f735466cecf":"f.682637C0DBC81701DD87E9FA8F6607BC.d.95932995063EAB9278E4B9B743844D75.e.2107"},"setValue",["7/2/24"]]}
RESULT: {}
RESULT: {"script":"<script> [6424 bytes]","args":[{"element-6066-11e4-a52e-4f735466cecf":"f.682637C0DBC81701DD87E9FA8F6607BC.d.95932995063EAB9278E4B9B743844D75.e.2107"},"setValue",["7/2/24"]]}
COMMAND: POST /session/6d8bd7b67751d8070595134c0dd0c9c6/execute/async - {"script":"<script> [1562 bytes]","args":[{"selector":{"id":"application-manageresources-display-component---newResourceUnit--RETIRE_PLANNED_DATE","interaction":{"idSuffix":"inner"}},"wdio_ui5_key":"applicationmanageresources-display-component---newResourceUnit--RETIRE_PLANNED_DATE"}]}
RESULT: {"script":"<script> [1562 bytes]","args":[{"selector":{"id":"application-manageresources-display-component---newResourceUnit--RETIRE_PLANNED_DATE","interaction":{"idSuffix":"inner"}},"wdio_ui5_key":"applicationmanageresources-display-component---newResourceUnit--RETIRE_PLANNED_DATE"}]}
RESULT: undefined
COMMAND: POST /session/6d8bd7b67751d8070595134c0dd0c9c6/execute/async - {"script":"<script> [776 bytes]","args":[{"enterText":"3/14/29","selector":{"id":"application-manageresources-display-component---newResourceUnit--RETIRE_PLANNED_DATE","interaction":{"idSuffix":"inner"}},"clearTextFirst":true,"interactionType":"ENTER_TEXT"}]}
RESULT: {"script":"<script> [776 bytes]","args":[{"enterText":"3/14/29","selector":{"id":"application-manageresources-display-component---newResourceUnit--RETIRE_PLANNED_DATE","interaction":{"idSuffix":"inner"}},"clearTextFirst":true,"interactionType":"ENTER_TEXT"}]}
COMMAND: POST /session/6d8bd7b67751d8070595134c0dd0c9c6/execute/async - {"script":"<script> [1562 bytes]","args":[{"selector":{"controlType":"sap.m.Button","viewName":"reusables.view.manageresources.NewResourceUnit","viewId":"application-manageresources-display-component---newResourceUnit","i18NText":{"propertyName":"tooltip","key":"save"},"interaction":{"idSuffix":"BDI-content"}},"wdio_ui5_key":"reusablesview.manageresources.NewResourceUnitsap.m.Button{\"propertyName\":\"tooltip\",\"key\":\"save\"}"}]}
RESULT: {"script":"<script> [1562 bytes]","args":[{"selector":{"controlType":"sap.m.Button","viewName":"reusables.view.manageresources.NewResourceUnit","viewId":"application-manageresources-display-component---newResourceUnit","i18NText":{"propertyName":"tooltip","key":"save"},"interaction":{"idSuffix":"BDI-content"}},"wdio_ui5_key":"reusablesview.manageresources.NewResourceUnitsap.m.Button{\"propertyName\":\"tooltip\",\"key\":\"save\"}"}]}
RESULT: undefined
COMMAND: POST /session/6d8bd7b67751d8070595134c0dd0c9c6/element - {"using":"xpath","value":"//*[@id=\"application-manageresources-display-component---newResourceUnit--createRuButton\"]"}
RESULT: {"using":"xpath","value":"//*[@id=\"application-manageresources-display-component---newResourceUnit--createRuButton\"]"}
COMMAND: POST /session/6d8bd7b67751d8070595134c0dd0c9c6/element/f.682637C0DBC81701DD87E9FA8F6607BC.d.95932995063EAB9278E4B9B743844D75.e.2066/click - {}
RESULT: {}
COMMAND: GET /session/6d8bd7b67751d8070595134c0dd0c9c6/screenshot - {}
RESULT: {}
COMMAND: POST /session/6d8bd7b67751d8070595134c0dd0c9c6/execute/async - {"script":"<script> [1562 bytes]","args":[{"selector":{"controlType":"sap.m.Button","properties":{"text":"Close"},"searchOpenDialogs":true,"interaction":{"idSuffix":"inner"}},"wdio_ui5_key":"sapm.Button{\"text\":\"Close\"}"}]}
RESULT: {"script":"<script> [1562 bytes]","args":[{"selector":{"controlType":"sap.m.Button","properties":{"text":"Close"},"searchOpenDialogs":true,"interaction":{"idSuffix":"inner"}},"wdio_ui5_key":"sapm.Button{\"text\":\"Close\"}"}]}
RESULT: undefined
COMMAND: POST /session/6d8bd7b67751d8070595134c0dd0c9c6/element - {"using":"xpath","value":"//*[@id=\"__mbox-btn-0\"]"}
RESULT: {"using":"xpath","value":"//*[@id=\"__mbox-btn-0\"]"}
COMMAND: POST /session/6d8bd7b67751d8070595134c0dd0c9c6/element/f.682637C0DBC81701DD87E9FA8F6607BC.d.95932995063EAB9278E4B9B743844D75.e.2289/click - {}
RESULT: {}
COMMAND: GET /session/6d8bd7b67751d8070595134c0dd0c9c6/screenshot - {}
COMMAND: POST /session/6d8bd7b67751d8070595134c0dd0c9c6/execute/async - {"script":"<script> [1562 bytes]","args":[{"selector":{"controlType":"sap.m.Text","viewName":"etm.portal.ui.manageresources.view.Detail","viewId":"application-manageresources-display-component---detailRU","bindingPath":{"propertyPath":"ID","modelName":"catalogModel"}},"wdio_ui5_key":"etmportal.ui.manageresources.view.Detailsap.m.Text{\"propertyPath\":\"ID\",\"modelName\":\"catalogModel\"}"}]}
RESULT: {}
RESULT: {"script":"<script> [1562 bytes]","args":[{"selector":{"controlType":"sap.m.Text","viewName":"etm.portal.ui.manageresources.view.Detail","viewId":"application-manageresources-display-component---detailRU","bindingPath":{"propertyPath":"ID","modelName":"catalogModel"}},"wdio_ui5_key":"etmportal.ui.manageresources.view.Detailsap.m.Text{\"propertyPath\":\"ID\",\"modelName\":\"catalogModel\"}"}]}
RESULT: undefined
COMMAND: POST /session/6d8bd7b67751d8070595134c0dd0c9c6/execute/async - {"script":"<script> [6424 bytes]","args":[{"element-6066-11e4-a52e-4f735466cecf":"f.682637C0DBC81701DD87E9FA8F6607BC.d.95932995063EAB9278E4B9B743844D75.e.2324"},"getText",[]]}
RESULT: {"script":"<script> [6424 bytes]","args":[{"element-6066-11e4-a52e-4f735466cecf":"f.682637C0DBC81701DD87E9FA8F6607BC.d.95932995063EAB9278E4B9B743844D75.e.2324"},"getText",[]]}
COMMAND: POST /session/6d8bd7b67751d8070595134c0dd0c9c6/element - {"using":"css selector","value":"#shell-header-logo"}
RESULT: {"using":"css selector","value":"#shell-header-logo"}
COMMAND: POST /session/6d8bd7b67751d8070595134c0dd0c9c6/element/f.682637C0DBC81701DD87E9FA8F6607BC.d.95932995063EAB9278E4B9B743844D75.e.1694/click - {}
RESULT: {}
COMMAND: GET /session/6d8bd7b67751d8070595134c0dd0c9c6/screenshot - {}
RESULT: {}
COMMAND: POST /session/6d8bd7b67751d8070595134c0dd0c9c6/execute/async - {"script":"<script> [1562 bytes]","args":[{"selector":{"controlType":"sap.m.GenericTile","properties":{"header":"Manage Handovers"}},"wdio_ui5_key":"sapm.GenericTile{\"header\":\"Manage Handovers\"}"}]}
RESULT: {"script":"<script> [1562 bytes]","args":[{"selector":{"controlType":"sap.m.GenericTile","properties":{"header":"Manage Handovers"}},"wdio_ui5_key":"sapm.GenericTile{\"header\":\"Manage Handovers\"}"}]}
RESULT: undefined
COMMAND: POST /session/6d8bd7b67751d8070595134c0dd0c9c6/element - {"using":"xpath","value":"//*[@id=\"__tile131\"]"}
RESULT: {"using":"xpath","value":"//*[@id=\"__tile131\"]"}
COMMAND: POST /session/6d8bd7b67751d8070595134c0dd0c9c6/element/f.682637C0DBC81701DD87E9FA8F6607BC.d.95932995063EAB9278E4B9B743844D75.e.2326/click - {}
RESULT: {}
COMMAND: GET /session/6d8bd7b67751d8070595134c0dd0c9c6/screenshot - {}
RESULT: {}
COMMAND: POST /session/6d8bd7b67751d8070595134c0dd0c9c6/elements - {"using":"xpath","value":"//span[text()='Error']"}
RESULT: {"using":"xpath","value":"//span[text()='Error']"}
COMMAND: POST /session/6d8bd7b67751d8070595134c0dd0c9c6/element - {"using":"xpath","value":"//button[@data-kt=\"masterHOAddButton\"]"}
RESULT: {"using":"xpath","value":"//button[@data-kt=\"masterHOAddButton\"]"}
COMMAND: POST /session/6d8bd7b67751d8070595134c0dd0c9c6/execute/sync - {"script":"<script> [8489 bytes]","args":[{"element-6066-11e4-a52e-4f735466cecf":"f.682637C0DBC81701DD87E9FA8F6607BC.d.95932995063EAB9278E4B9B743844D75.e.2367","ELEMENT":"f.682637C0DBC81701DD87E9FA8F6607BC.d.95932995063EAB9278E4B9B743844D75.e.2367"}]}
RESULT: {"script":"<script> [8489 bytes]","args":[{"element-6066-11e4-a52e-4f735466cecf":"f.682637C0DBC81701DD87E9FA8F6607BC.d.95932995063EAB9278E4B9B743844D75.e.2367","ELEMENT":"f.682637C0DBC81701DD87E9FA8F6607BC.d.95932995063EAB9278E4B9B743844D75.e.2367"}]}
COMMAND: POST /session/6d8bd7b67751d8070595134c0dd0c9c6/element/f.682637C0DBC81701DD87E9FA8F6607BC.d.95932995063EAB9278E4B9B743844D75.e.2367/click - {}
COMMAND: GET /session/6d8bd7b67751d8070595134c0dd0c9c6/screenshot - {}
RESULT: {}
COMMAND: GET /session/6d8bd7b67751d8070595134c0dd0c9c6/screenshot - {}
COMMAND: POST /session/6d8bd7b67751d8070595134c0dd0c9c6/element - {"using":"xpath","value":"//span[contains(@id ,\"AddNewHO--typeSelect-arrow\")]"}
RESULT: {}
RESULT: {}
RESULT: {"using":"xpath","value":"//span[contains(@id ,\"AddNewHO--typeSelect-arrow\")]"}
COMMAND: POST /session/6d8bd7b67751d8070595134c0dd0c9c6/element/f.682637C0DBC81701DD87E9FA8F6607BC.d.95932995063EAB9278E4B9B743844D75.e.2617/click - {}
RESULT: {}
COMMAND: GET /session/6d8bd7b67751d8070595134c0dd0c9c6/screenshot - {}
RESULT: {}
COMMAND: POST /session/6d8bd7b67751d8070595134c0dd0c9c6/element - {"using":"xpath","value":"(//li[contains(text(), \"stock increase yard\")])[1]"}
RESULT: {"using":"xpath","value":"(//li[contains(text(), \"stock increase yard\")])[1]"}
COMMAND: POST /session/6d8bd7b67751d8070595134c0dd0c9c6/element/f.682637C0DBC81701DD87E9FA8F6607BC.d.95932995063EAB9278E4B9B743844D75.e.2618/click - {}
RESULT: {}
COMMAND: GET /session/6d8bd7b67751d8070595134c0dd0c9c6/screenshot - {}
RESULT: {}
COMMAND: POST /session/6d8bd7b67751d8070595134c0dd0c9c6/execute/async - {"script":"<script> [1562 bytes]","args":[{"selector":{"id":"application-managehandovers-display-component---AddNewHO--dueDate","interaction":{"idSuffix":"inner"}},"wdio_ui5_key":"applicationmanagehandovers-display-component---AddNewHO--dueDate"}]}
RESULT: {"script":"<script> [1562 bytes]","args":[{"selector":{"id":"application-managehandovers-display-component---AddNewHO--dueDate","interaction":{"idSuffix":"inner"}},"wdio_ui5_key":"applicationmanagehandovers-display-component---AddNewHO--dueDate"}]}
RESULT: undefined
COMMAND: POST /session/6d8bd7b67751d8070595134c0dd0c9c6/execute/async - {"script":"<script> [6424 bytes]","args":[{"element-6066-11e4-a52e-4f735466cecf":"f.682637C0DBC81701DD87E9FA8F6607BC.d.95932995063EAB9278E4B9B743844D75.e.2621"},"setValue",["6/2/25"]]}
RESULT: {"script":"<script> [6424 bytes]","args":[{"element-6066-11e4-a52e-4f735466cecf":"f.682637C0DBC81701DD87E9FA8F6607BC.d.95932995063EAB9278E4B9B743844D75.e.2621"},"setValue",["6/2/25"]]}
COMMAND: POST /session/6d8bd7b67751d8070595134c0dd0c9c6/element - {"using":"xpath","value":"//input[@id=\"generalSectionFrg--receiveYard-inner\"]"}
RESULT: {"using":"xpath","value":"//input[@id=\"generalSectionFrg--receiveYard-inner\"]"}
COMMAND: POST /session/6d8bd7b67751d8070595134c0dd0c9c6/element/f.682637C0DBC81701DD87E9FA8F6607BC.d.95932995063EAB9278E4B9B743844D75.e.2627/clear - {}
RESULT: {}
COMMAND: POST /session/6d8bd7b67751d8070595134c0dd0c9c6/element/f.682637C0DBC81701DD87E9FA8F6607BC.d.95932995063EAB9278E4B9B743844D75.e.2627/value - {"text":"109"}
COMMAND: GET /session/6d8bd7b67751d8070595134c0dd0c9c6/screenshot - {}
RESULT: {"text":"109"}
COMMAND: GET /session/6d8bd7b67751d8070595134c0dd0c9c6/screenshot - {}
RESULT: {}
RESULT: {}
COMMAND: POST /session/6d8bd7b67751d8070595134c0dd0c9c6/execute/async - {"script":"<script> [1562 bytes]","args":[{"selector":{"id":"application-managehandovers-display-component---AddNewHO--ObjectPageLayout-anchBar-application-managehandovers-display-component---AddNewHO--section4-anchor","interaction":{"idSuffix":"BDI-content"}},"wdio_ui5_key":"applicationmanagehandovers-display-component---AddNewHO--ObjectPageLayout-anchBar-application-managehandovers-display-component---AddNewHO--section4-anchor"}]}
RESULT: {"script":"<script> [1562 bytes]","args":[{"selector":{"id":"application-managehandovers-display-component---AddNewHO--ObjectPageLayout-anchBar-application-managehandovers-display-component---AddNewHO--section4-anchor","interaction":{"idSuffix":"BDI-content"}},"wdio_ui5_key":"applicationmanagehandovers-display-component---AddNewHO--ObjectPageLayout-anchBar-application-managehandovers-display-component---AddNewHO--section4-anchor"}]}
RESULT: undefined
COMMAND: POST /session/6d8bd7b67751d8070595134c0dd0c9c6/element - {"using":"xpath","value":"//*[@id=\"application-managehandovers-display-component---AddNewHO--ObjectPageLayout-anchBar-application-managehandovers-display-component---AddNewHO--section4-anchor\"]"}
RESULT: {"using":"xpath","value":"//*[@id=\"application-managehandovers-display-component---AddNewHO--ObjectPageLayout-anchBar-application-managehandovers-display-component---AddNewHO--section4-anchor\"]"}
COMMAND: POST /session/6d8bd7b67751d8070595134c0dd0c9c6/element/f.682637C0DBC81701DD87E9FA8F6607BC.d.95932995063EAB9278E4B9B743844D75.e.2647/click - {}
RESULT: {}
COMMAND: GET /session/6d8bd7b67751d8070595134c0dd0c9c6/screenshot - {}
RESULT: {}
COMMAND: POST /session/6d8bd7b67751d8070595134c0dd0c9c6/element - {"using":"xpath","value":"//button[@aria-label=\"Add\"]"}
RESULT: {"using":"xpath","value":"//button[@aria-label=\"Add\"]"}
COMMAND: POST /session/6d8bd7b67751d8070595134c0dd0c9c6/element/f.682637C0DBC81701DD87E9FA8F6607BC.d.95932995063EAB9278E4B9B743844D75.e.2651/click - {}
RESULT: {}
COMMAND: GET /session/6d8bd7b67751d8070595134c0dd0c9c6/screenshot - {}
RESULT: {}
COMMAND: POST /session/6d8bd7b67751d8070595134c0dd0c9c6/execute/async - {"script":"<script> [1562 bytes]","args":[{"selector":{"id":"application-managehandovers-display-component---AddNewHO--smartFilterBar-btnBasicSearch","searchOpenDialogs":true,"interaction":{"idSuffix":"I"}},"wdio_ui5_key":"applicationmanagehandovers-display-component---AddNewHO--smartFilterBar-btnBasicSearch"}]}
RESULT: {"script":"<script> [1562 bytes]","args":[{"selector":{"id":"application-managehandovers-display-component---AddNewHO--smartFilterBar-btnBasicSearch","searchOpenDialogs":true,"interaction":{"idSuffix":"I"}},"wdio_ui5_key":"applicationmanagehandovers-display-component---AddNewHO--smartFilterBar-btnBasicSearch"}]}
RESULT: undefined
COMMAND: POST /session/6d8bd7b67751d8070595134c0dd0c9c6/execute/async - {"script":"<script> [776 bytes]","args":[{"enterText":"WdIOTestEquipbt1kb","selector":{"id":"application-managehandovers-display-component---AddNewHO--smartFilterBar-btnBasicSearch","searchOpenDialogs":true,"interaction":{"idSuffix":"I"}},"clearTextFirst":true,"interactionType":"ENTER_TEXT"}]}
RESULT: {"script":"<script> [776 bytes]","args":[{"enterText":"WdIOTestEquipbt1kb","selector":{"id":"application-managehandovers-display-component---AddNewHO--smartFilterBar-btnBasicSearch","searchOpenDialogs":true,"interaction":{"idSuffix":"I"}},"clearTextFirst":true,"interactionType":"ENTER_TEXT"}]}
COMMAND: POST /session/6d8bd7b67751d8070595134c0dd0c9c6/actions - {"actions":[{"id":"action20","type":"key","parameters":{},"actions":[{"type":"keyDown","value":"î€‡"},{"type":"pause","duration":10},{"type":"keyUp","value":"î€‡"}]}]}
RESULT: {"actions":[{"id":"action20","type":"key","parameters":{},"actions":[{"type":"keyDown","value":"î€‡"},{"type":"pause","duration":10},{"type":"keyUp","value":"î€‡"}]}]}
COMMAND: POST /session/6d8bd7b67751d8070595134c0dd0c9c6/execute/async - {"script":"<script> [1562 bytes]","args":[{"selector":{"id":"application-managehandovers-display-component---AddNewHO--popup-sa","searchOpenDialogs":true,"interaction":{"idSuffix":"CbBg"}},"wdio_ui5_key":"applicationmanagehandovers-display-component---AddNewHO--popup-sa"}]}
COMMAND: GET /session/6d8bd7b67751d8070595134c0dd0c9c6/screenshot - {}
RESULT: {"script":"<script> [1562 bytes]","args":[{"selector":{"id":"application-managehandovers-display-component---AddNewHO--popup-sa","searchOpenDialogs":true,"interaction":{"idSuffix":"CbBg"}},"wdio_ui5_key":"applicationmanagehandovers-display-component---AddNewHO--popup-sa"}]}
RESULT: undefined
COMMAND: POST /session/6d8bd7b67751d8070595134c0dd0c9c6/element - {"using":"xpath","value":"//*[@id=\"application-managehandovers-display-component---AddNewHO--popup-sa\"]"}
RESULT: {}
RESULT: {"using":"xpath","value":"//*[@id=\"application-managehandovers-display-component---AddNewHO--popup-sa\"]"}
COMMAND: POST /session/6d8bd7b67751d8070595134c0dd0c9c6/element/f.682637C0DBC81701DD87E9FA8F6607BC.d.95932995063EAB9278E4B9B743844D75.e.2804/click - {}
RESULT: {}
COMMAND: GET /session/6d8bd7b67751d8070595134c0dd0c9c6/screenshot - {}
RESULT: {}
COMMAND: POST /session/6d8bd7b67751d8070595134c0dd0c9c6/element - {"using":"xpath","value":"//bdi[contains(text(), \"Select\")]"}
RESULT: {"using":"xpath","value":"//bdi[contains(text(), \"Select\")]"}
COMMAND: POST /session/6d8bd7b67751d8070595134c0dd0c9c6/element/f.682637C0DBC81701DD87E9FA8F6607BC.d.95932995063EAB9278E4B9B743844D75.e.2805/click - {}
RESULT: {}
COMMAND: GET /session/6d8bd7b67751d8070595134c0dd0c9c6/screenshot - {}
RESULT: {}
COMMAND: POST /session/6d8bd7b67751d8070595134c0dd0c9c6/element - {"using":"xpath","value":"//button[@data-kt=\"AddNewHOSaveButton\"]"}
RESULT: {"using":"xpath","value":"//button[@data-kt=\"AddNewHOSaveButton\"]"}
COMMAND: POST /session/6d8bd7b67751d8070595134c0dd0c9c6/element/f.682637C0DBC81701DD87E9FA8F6607BC.d.95932995063EAB9278E4B9B743844D75.e.2809/click - {}
RESULT: {}
COMMAND: GET /session/6d8bd7b67751d8070595134c0dd0c9c6/screenshot - {}
RESULT: {}
COMMAND: POST /session/6d8bd7b67751d8070595134c0dd0c9c6/execute/async - {"script":"<script> [1562 bytes]","args":[{"selector":{"id":"receiptDatePicker","viewName":"etm.portal.ui.managehandovers.view.DetailExecuteHO","interaction":{"idSuffix":"inner"}},"wdio_ui5_key":"receiptDatePickeretmportal.ui.managehandovers.view.DetailExecuteHO"}]}
RESULT: {"script":"<script> [1562 bytes]","args":[{"selector":{"id":"receiptDatePicker","viewName":"etm.portal.ui.managehandovers.view.DetailExecuteHO","interaction":{"idSuffix":"inner"}},"wdio_ui5_key":"receiptDatePickeretmportal.ui.managehandovers.view.DetailExecuteHO"}]}
RESULT: undefined
COMMAND: POST /session/6d8bd7b67751d8070595134c0dd0c9c6/execute/async - {"script":"<script> [6424 bytes]","args":[{"element-6066-11e4-a52e-4f735466cecf":"f.682637C0DBC81701DD87E9FA8F6607BC.d.95932995063EAB9278E4B9B743844D75.e.2835"},"setValue",["6/2/25"]]}
RESULT: {"script":"<script> [6424 bytes]","args":[{"element-6066-11e4-a52e-4f735466cecf":"f.682637C0DBC81701DD87E9FA8F6607BC.d.95932995063EAB9278E4B9B743844D75.e.2835"},"setValue",["6/2/25"]]}
COMMAND: POST /session/6d8bd7b67751d8070595134c0dd0c9c6/actions - {"actions":[{"id":"action21","type":"key","parameters":{},"actions":[{"type":"keyDown","value":"î€‡"},{"type":"pause","duration":10},{"type":"keyUp","value":"î€‡"}]}]}
RESULT: {"actions":[{"id":"action21","type":"key","parameters":{},"actions":[{"type":"keyDown","value":"î€‡"},{"type":"pause","duration":10},{"type":"keyUp","value":"î€‡"}]}]}
COMMAND: POST /session/6d8bd7b67751d8070595134c0dd0c9c6/actions - {"actions":[{"id":"action22","type":"key","parameters":{},"actions":[{"type":"keyDown","value":"î€‡"},{"type":"pause","duration":10},{"type":"keyUp","value":"î€‡"}]}]}
COMMAND: GET /session/6d8bd7b67751d8070595134c0dd0c9c6/screenshot - {}
RESULT: {"actions":[{"id":"action22","type":"key","parameters":{},"actions":[{"type":"keyDown","value":"î€‡"},{"type":"pause","duration":10},{"type":"keyUp","value":"î€‡"}]}]}
COMMAND: POST /session/6d8bd7b67751d8070595134c0dd0c9c6/element - {"using":"xpath","value":"//button[@data-kt=\"ReceivingTableConfirmAllButton\"]"}
COMMAND: GET /session/6d8bd7b67751d8070595134c0dd0c9c6/screenshot - {}
RESULT: {}
RESULT: {"using":"xpath","value":"//button[@data-kt=\"ReceivingTableConfirmAllButton\"]"}
COMMAND: POST /session/6d8bd7b67751d8070595134c0dd0c9c6/element/f.682637C0DBC81701DD87E9FA8F6607BC.d.95932995063EAB9278E4B9B743844D75.e.2852/click - {}
RESULT: {}
RESULT: {}
COMMAND: GET /session/6d8bd7b67751d8070595134c0dd0c9c6/screenshot - {}
RESULT: {}
COMMAND: POST /session/6d8bd7b67751d8070595134c0dd0c9c6/element - {"using":"xpath","value":"//bdi[contains(text(), \"OK\")]"}
RESULT: {"using":"xpath","value":"//bdi[contains(text(), \"OK\")]"}
COMMAND: POST /session/6d8bd7b67751d8070595134c0dd0c9c6/element/f.682637C0DBC81701DD87E9FA8F6607BC.d.95932995063EAB9278E4B9B743844D75.e.2855/click - {}
RESULT: {}
COMMAND: GET /session/6d8bd7b67751d8070595134c0dd0c9c6/screenshot - {}
RESULT: {}
COMMAND: POST /session/6d8bd7b67751d8070595134c0dd0c9c6/element - {"using":"xpath","value":"(//bdi[contains(text(), \"Receive\")])[2]"}
RESULT: {"using":"xpath","value":"(//bdi[contains(text(), \"Receive\")])[2]"}
COMMAND: POST /session/6d8bd7b67751d8070595134c0dd0c9c6/element/f.682637C0DBC81701DD87E9FA8F6607BC.d.95932995063EAB9278E4B9B743844D75.e.2856/click - {}
RESULT: {}
COMMAND: GET /session/6d8bd7b67751d8070595134c0dd0c9c6/screenshot - {}
RESULT: {}
COMMAND: POST /session/6d8bd7b67751d8070595134c0dd0c9c6/element - {"using":"css selector","value":"#shell-header-logo"}
RESULT: {"using":"css selector","value":"#shell-header-logo"}
COMMAND: POST /session/6d8bd7b67751d8070595134c0dd0c9c6/element/f.682637C0DBC81701DD87E9FA8F6607BC.d.95932995063EAB9278E4B9B743844D75.e.2329/click - {}
RESULT: {}
]]></system-out>
    </testcase>
    <testcase classname="chrome.136_0_7103_93.windows.ISC_Schedule_-_Time_schedule_US156838" name="Should create a price condition and a pricing rule for the equipment" time="110.88">
      <system-out><![CDATA[
COMMAND: POST /session/6d8bd7b67751d8070595134c0dd0c9c6/execute/async - {"script":"<script> [1562 bytes]","args":[{"selector":{"controlType":"sap.m.Text","properties":{"text":"Manage Conditions & Prices"},"interaction":{"idSuffix":"inner"}},"wdio_ui5_key":"sapm.Text{\"text\":\"Manage Conditions & Prices\"}"}]}
COMMAND: GET /session/6d8bd7b67751d8070595134c0dd0c9c6/screenshot - {}
RESULT: {"script":"<script> [1562 bytes]","args":[{"selector":{"controlType":"sap.m.Text","properties":{"text":"Manage Conditions & Prices"},"interaction":{"idSuffix":"inner"}},"wdio_ui5_key":"sapm.Text{\"text\":\"Manage Conditions & Prices\"}"}]}
RESULT: undefined
COMMAND: POST /session/6d8bd7b67751d8070595134c0dd0c9c6/element - {"using":"xpath","value":"//*[@id=\"__tile53-title\"]"}
RESULT: {}
RESULT: {"using":"xpath","value":"//*[@id=\"__tile53-title\"]"}
COMMAND: POST /session/6d8bd7b67751d8070595134c0dd0c9c6/element/f.682637C0DBC81701DD87E9FA8F6607BC.d.95932995063EAB9278E4B9B743844D75.e.3006/click - {}
RESULT: {}
COMMAND: GET /session/6d8bd7b67751d8070595134c0dd0c9c6/screenshot - {}
RESULT: {}
COMMAND: POST /session/6d8bd7b67751d8070595134c0dd0c9c6/element - {"using":"xpath","value":"//button[@aria-label=\"Create\"]"}
RESULT: {"using":"xpath","value":"//button[@aria-label=\"Create\"]"}
COMMAND: POST /session/6d8bd7b67751d8070595134c0dd0c9c6/element/f.682637C0DBC81701DD87E9FA8F6607BC.d.95932995063EAB9278E4B9B743844D75.e.3043/click - {}
RESULT: {}
COMMAND: POST /session/6d8bd7b67751d8070595134c0dd0c9c6/actions - {"actions":[{"id":"action23","type":"key","parameters":{},"actions":[{"type":"keyDown","value":"î€‡"},{"type":"pause","duration":10},{"type":"keyUp","value":"î€‡"}]}]}
COMMAND: GET /session/6d8bd7b67751d8070595134c0dd0c9c6/screenshot - {}
RESULT: {"actions":[{"id":"action23","type":"key","parameters":{},"actions":[{"type":"keyDown","value":"î€‡"},{"type":"pause","duration":10},{"type":"keyUp","value":"î€‡"}]}]}
COMMAND: GET /session/6d8bd7b67751d8070595134c0dd0c9c6/screenshot - {}
COMMAND: POST /session/6d8bd7b67751d8070595134c0dd0c9c6/execute/async - {"script":"<script> [1562 bytes]","args":[{"selector":{"id":"application-manageconditionprice-display-component---newCondition--condBillCond-arrow"},"wdio_ui5_key":"applicationmanageconditionprice-display-component---newCondition--condBillCond-arrow"}]}
RESULT: {}
RESULT: {}
RESULT: {"script":"<script> [1562 bytes]","args":[{"selector":{"id":"application-manageconditionprice-display-component---newCondition--condBillCond-arrow"},"wdio_ui5_key":"applicationmanageconditionprice-display-component---newCondition--condBillCond-arrow"}]}
RESULT: undefined
COMMAND: POST /session/6d8bd7b67751d8070595134c0dd0c9c6/element - {"using":"xpath","value":"//*[@id=\"application-manageconditionprice-display-component---newCondition--condBillCond-arrow\"]"}
RESULT: {"using":"xpath","value":"//*[@id=\"application-manageconditionprice-display-component---newCondition--condBillCond-arrow\"]"}
COMMAND: POST /session/6d8bd7b67751d8070595134c0dd0c9c6/element/f.682637C0DBC81701DD87E9FA8F6607BC.d.95932995063EAB9278E4B9B743844D75.e.3508/click - {}
RESULT: {}
COMMAND: POST /session/6d8bd7b67751d8070595134c0dd0c9c6/element - {"using":"xpath","value":"//span[contains(text(), \"DISP - D&I special price\")]"}
COMMAND: GET /session/6d8bd7b67751d8070595134c0dd0c9c6/screenshot - {}
RESULT: {"using":"xpath","value":"//span[contains(text(), \"DISP - D&I special price\")]"}
COMMAND: POST /session/6d8bd7b67751d8070595134c0dd0c9c6/element/f.682637C0DBC81701DD87E9FA8F6607BC.d.95932995063EAB9278E4B9B743844D75.e.3509/click - {}
RESULT: {}
RESULT: {}
COMMAND: POST /session/6d8bd7b67751d8070595134c0dd0c9c6/execute/async - {"script":"<script> [1562 bytes]","args":[{"selector":{"id":"application-manageconditionprice-display-component---newCondition--condValidTo","interaction":{"idSuffix":"inner"}},"wdio_ui5_key":"applicationmanageconditionprice-display-component---newCondition--condValidTo"}]}
COMMAND: GET /session/6d8bd7b67751d8070595134c0dd0c9c6/screenshot - {}
RESULT: {"script":"<script> [1562 bytes]","args":[{"selector":{"id":"application-manageconditionprice-display-component---newCondition--condValidTo","interaction":{"idSuffix":"inner"}},"wdio_ui5_key":"applicationmanageconditionprice-display-component---newCondition--condValidTo"}]}
RESULT: undefined
COMMAND: POST /session/6d8bd7b67751d8070595134c0dd0c9c6/execute/async - {"script":"<script> [776 bytes]","args":[{"enterText":"5/11/33","selector":{"id":"application-manageconditionprice-display-component---newCondition--condValidTo","interaction":{"idSuffix":"inner"}},"clearTextFirst":true,"interactionType":"ENTER_TEXT"}]}
RESULT: {}
RESULT: {"script":"<script> [776 bytes]","args":[{"enterText":"5/11/33","selector":{"id":"application-manageconditionprice-display-component---newCondition--condValidTo","interaction":{"idSuffix":"inner"}},"clearTextFirst":true,"interactionType":"ENTER_TEXT"}]}
COMMAND: POST /session/6d8bd7b67751d8070595134c0dd0c9c6/element - {"using":"xpath","value":"//input[@id=\"application-manageconditionprice-display-component---newCondition--condRU-inner\"]"}
RESULT: {"using":"xpath","value":"//input[@id=\"application-manageconditionprice-display-component---newCondition--condRU-inner\"]"}
COMMAND: POST /session/6d8bd7b67751d8070595134c0dd0c9c6/element/f.682637C0DBC81701DD87E9FA8F6607BC.d.95932995063EAB9278E4B9B743844D75.e.3201/clear - {}
RESULT: {}
COMMAND: POST /session/6d8bd7b67751d8070595134c0dd0c9c6/element/f.682637C0DBC81701DD87E9FA8F6607BC.d.95932995063EAB9278E4B9B743844D75.e.3201/value - {"text":"WdIOTestEquipbt1kb"}
COMMAND: GET /session/6d8bd7b67751d8070595134c0dd0c9c6/screenshot - {}
RESULT: {"text":"WdIOTestEquipbt1kb"}
COMMAND: GET /session/6d8bd7b67751d8070595134c0dd0c9c6/screenshot - {}
RESULT: {}
RESULT: {}
COMMAND: POST /session/6d8bd7b67751d8070595134c0dd0c9c6/actions - {"actions":[{"id":"action24","type":"key","parameters":{},"actions":[{"type":"keyDown","value":"î€‡"},{"type":"pause","duration":10},{"type":"keyUp","value":"î€‡"}]}]}
RESULT: {"actions":[{"id":"action24","type":"key","parameters":{},"actions":[{"type":"keyDown","value":"î€‡"},{"type":"pause","duration":10},{"type":"keyUp","value":"î€‡"}]}]}
COMMAND: POST /session/6d8bd7b67751d8070595134c0dd0c9c6/execute/async - {"script":"<script> [1562 bytes]","args":[{"selector":{"id":"application-manageconditionprice-display-component---newCondition--condBaseQty","interaction":{"idSuffix":"inner"}},"wdio_ui5_key":"applicationmanageconditionprice-display-component---newCondition--condBaseQty"}]}
COMMAND: GET /session/6d8bd7b67751d8070595134c0dd0c9c6/screenshot - {}
RESULT: {"script":"<script> [1562 bytes]","args":[{"selector":{"id":"application-manageconditionprice-display-component---newCondition--condBaseQty","interaction":{"idSuffix":"inner"}},"wdio_ui5_key":"applicationmanageconditionprice-display-component---newCondition--condBaseQty"}]}
RESULT: undefined
COMMAND: POST /session/6d8bd7b67751d8070595134c0dd0c9c6/execute/async - {"script":"<script> [776 bytes]","args":[{"enterText":"1","selector":{"id":"application-manageconditionprice-display-component---newCondition--condBaseQty","interaction":{"idSuffix":"inner"}},"clearTextFirst":true,"interactionType":"ENTER_TEXT"}]}
RESULT: {}
RESULT: {"script":"<script> [776 bytes]","args":[{"enterText":"1","selector":{"id":"application-manageconditionprice-display-component---newCondition--condBaseQty","interaction":{"idSuffix":"inner"}},"clearTextFirst":true,"interactionType":"ENTER_TEXT"}]}
COMMAND: POST /session/6d8bd7b67751d8070595134c0dd0c9c6/execute/async - {"script":"<script> [1562 bytes]","args":[{"selector":{"id":"application-manageconditionprice-display-component---newCondition--condValue","interaction":{"idSuffix":"inner"}},"wdio_ui5_key":"applicationmanageconditionprice-display-component---newCondition--condValue"}]}
RESULT: {"script":"<script> [1562 bytes]","args":[{"selector":{"id":"application-manageconditionprice-display-component---newCondition--condValue","interaction":{"idSuffix":"inner"}},"wdio_ui5_key":"applicationmanageconditionprice-display-component---newCondition--condValue"}]}
RESULT: undefined
COMMAND: POST /session/6d8bd7b67751d8070595134c0dd0c9c6/execute/async - {"script":"<script> [776 bytes]","args":[{"enterText":"100","selector":{"id":"application-manageconditionprice-display-component---newCondition--condValue","interaction":{"idSuffix":"inner"}},"clearTextFirst":true,"interactionType":"ENTER_TEXT"}]}
RESULT: {"script":"<script> [776 bytes]","args":[{"enterText":"100","selector":{"id":"application-manageconditionprice-display-component---newCondition--condValue","interaction":{"idSuffix":"inner"}},"clearTextFirst":true,"interactionType":"ENTER_TEXT"}]}
COMMAND: POST /session/6d8bd7b67751d8070595134c0dd0c9c6/execute/async - {"script":"<script> [1562 bytes]","args":[{"selector":{"id":"application-manageconditionprice-display-component---newCondition--condCurr-arrow"},"wdio_ui5_key":"applicationmanageconditionprice-display-component---newCondition--condCurr-arrow"}]}
RESULT: {"script":"<script> [1562 bytes]","args":[{"selector":{"id":"application-manageconditionprice-display-component---newCondition--condCurr-arrow"},"wdio_ui5_key":"applicationmanageconditionprice-display-component---newCondition--condCurr-arrow"}]}
RESULT: undefined
COMMAND: POST /session/6d8bd7b67751d8070595134c0dd0c9c6/element - {"using":"xpath","value":"//*[@id=\"application-manageconditionprice-display-component---newCondition--condCurr-arrow\"]"}
RESULT: {"using":"xpath","value":"//*[@id=\"application-manageconditionprice-display-component---newCondition--condCurr-arrow\"]"}
COMMAND: POST /session/6d8bd7b67751d8070595134c0dd0c9c6/element/f.682637C0DBC81701DD87E9FA8F6607BC.d.95932995063EAB9278E4B9B743844D75.e.3484/click - {}
RESULT: {}
COMMAND: POST /session/6d8bd7b67751d8070595134c0dd0c9c6/element - {"using":"xpath","value":"//span[contains(text(), \"Euro\")]"}
COMMAND: GET /session/6d8bd7b67751d8070595134c0dd0c9c6/screenshot - {}
RESULT: {"using":"xpath","value":"//span[contains(text(), \"Euro\")]"}
COMMAND: POST /session/6d8bd7b67751d8070595134c0dd0c9c6/element/f.682637C0DBC81701DD87E9FA8F6607BC.d.95932995063EAB9278E4B9B743844D75.e.3548/click - {}
RESULT: {}
RESULT: {}
COMMAND: POST /session/6d8bd7b67751d8070595134c0dd0c9c6/element - {"using":"xpath","value":"//button[@data-kt=\"saveButton\"]"}
COMMAND: GET /session/6d8bd7b67751d8070595134c0dd0c9c6/screenshot - {}
RESULT: {"using":"xpath","value":"//button[@data-kt=\"saveButton\"]"}
COMMAND: POST /session/6d8bd7b67751d8070595134c0dd0c9c6/element/f.682637C0DBC81701DD87E9FA8F6607BC.d.95932995063EAB9278E4B9B743844D75.e.3485/click - {}
RESULT: {}
RESULT: {}
COMMAND: GET /session/6d8bd7b67751d8070595134c0dd0c9c6/screenshot - {}
RESULT: {}
COMMAND: POST /session/6d8bd7b67751d8070595134c0dd0c9c6/element - {"using":"css selector","value":"#shell-header-logo"}
RESULT: {"using":"css selector","value":"#shell-header-logo"}
COMMAND: POST /session/6d8bd7b67751d8070595134c0dd0c9c6/element/f.682637C0DBC81701DD87E9FA8F6607BC.d.95932995063EAB9278E4B9B743844D75.e.3008/click - {}
RESULT: {}
COMMAND: GET /session/6d8bd7b67751d8070595134c0dd0c9c6/screenshot - {}
RESULT: {}
COMMAND: POST /session/6d8bd7b67751d8070595134c0dd0c9c6/execute/async - {"script":"<script> [1562 bytes]","args":[{"selector":{"controlType":"sap.m.GenericTile","properties":{"header":"Manage Pricing Rules"}},"wdio_ui5_key":"sapm.GenericTile{\"header\":\"Manage Pricing Rules\"}"}]}
RESULT: {"script":"<script> [1562 bytes]","args":[{"selector":{"controlType":"sap.m.GenericTile","properties":{"header":"Manage Pricing Rules"}},"wdio_ui5_key":"sapm.GenericTile{\"header\":\"Manage Pricing Rules\"}"}]}
RESULT: undefined
COMMAND: POST /session/6d8bd7b67751d8070595134c0dd0c9c6/element - {"using":"xpath","value":"//*[@id=\"__tile55\"]"}
RESULT: {"using":"xpath","value":"//*[@id=\"__tile55\"]"}
COMMAND: POST /session/6d8bd7b67751d8070595134c0dd0c9c6/element/f.682637C0DBC81701DD87E9FA8F6607BC.d.95932995063EAB9278E4B9B743844D75.e.3553/click - {}
RESULT: {}
COMMAND: GET /session/6d8bd7b67751d8070595134c0dd0c9c6/screenshot - {}
RESULT: {}
COMMAND: POST /session/6d8bd7b67751d8070595134c0dd0c9c6/elements - {"using":"xpath","value":"//span[text()='Error']"}
RESULT: {"using":"xpath","value":"//span[text()='Error']"}
COMMAND: POST /session/6d8bd7b67751d8070595134c0dd0c9c6/execute/async - {"script":"<script> [1562 bytes]","args":[{"selector":{"controlType":"sap.ui.core.Icon","viewName":"etm.portal.ui.managepricingrules.view.MasterHeader","viewId":"application-managepricingrules-display-component---priceInfoHeader","properties":{"src":{"regex":{"source":"activity\\-items"}}}},"wdio_ui5_key":"etmportal.ui.managepricingrules.view.MasterHeadersap.ui.core.Icon{\"src\":{\"regex\":{\"source\":\"activity\\\\-items\"}}}"}]}
RESULT: {"script":"<script> [1562 bytes]","args":[{"selector":{"controlType":"sap.ui.core.Icon","viewName":"etm.portal.ui.managepricingrules.view.MasterHeader","viewId":"application-managepricingrules-display-component---priceInfoHeader","properties":{"src":{"regex":{"source":"activity\\-items"}}}},"wdio_ui5_key":"etmportal.ui.managepricingrules.view.MasterHeadersap.ui.core.Icon{\"src\":{\"regex\":{\"source\":\"activity\\\\-items\"}}}"}]}
RESULT: undefined
COMMAND: POST /session/6d8bd7b67751d8070595134c0dd0c9c6/element - {"using":"xpath","value":"//*[@id=\"__filter22-icon\"]"}
RESULT: {"using":"xpath","value":"//*[@id=\"__filter22-icon\"]"}
COMMAND: POST /session/6d8bd7b67751d8070595134c0dd0c9c6/element/f.682637C0DBC81701DD87E9FA8F6607BC.d.95932995063EAB9278E4B9B743844D75.e.3634/click - {}
RESULT: {}
COMMAND: GET /session/6d8bd7b67751d8070595134c0dd0c9c6/screenshot - {}
RESULT: {}
COMMAND: POST /session/6d8bd7b67751d8070595134c0dd0c9c6/element - {"using":"xpath","value":"//button[@data-kt=\"addButton\"]"}
RESULT: {"using":"xpath","value":"//button[@data-kt=\"addButton\"]"}
COMMAND: POST /session/6d8bd7b67751d8070595134c0dd0c9c6/element/f.682637C0DBC81701DD87E9FA8F6607BC.d.95932995063EAB9278E4B9B743844D75.e.3681/click - {}
RESULT: {}
COMMAND: GET /session/6d8bd7b67751d8070595134c0dd0c9c6/screenshot - {}
RESULT: {}
COMMAND: POST /session/6d8bd7b67751d8070595134c0dd0c9c6/execute/async - {"script":"<script> [1562 bytes]","args":[{"selector":{"id":"application-managepricingrules-display-component---newInfoPriceItem--condValidTo","interaction":{"idSuffix":"inner"}},"wdio_ui5_key":"applicationmanagepricingrules-display-component---newInfoPriceItem--condValidTo"}]}
RESULT: {"script":"<script> [1562 bytes]","args":[{"selector":{"id":"application-managepricingrules-display-component---newInfoPriceItem--condValidTo","interaction":{"idSuffix":"inner"}},"wdio_ui5_key":"applicationmanagepricingrules-display-component---newInfoPriceItem--condValidTo"}]}
RESULT: undefined
COMMAND: POST /session/6d8bd7b67751d8070595134c0dd0c9c6/execute/async - {"script":"<script> [776 bytes]","args":[{"enterText":"5/18/33","selector":{"id":"application-managepricingrules-display-component---newInfoPriceItem--condValidTo","interaction":{"idSuffix":"inner"}},"clearTextFirst":true,"interactionType":"ENTER_TEXT"}]}
RESULT: {"script":"<script> [776 bytes]","args":[{"enterText":"5/18/33","selector":{"id":"application-managepricingrules-display-component---newInfoPriceItem--condValidTo","interaction":{"idSuffix":"inner"}},"clearTextFirst":true,"interactionType":"ENTER_TEXT"}]}
COMMAND: POST /session/6d8bd7b67751d8070595134c0dd0c9c6/element - {"using":"xpath","value":"//input[contains(@id ,\"application-managepricingrules-display-component---newInfoPriceItem--condRU-inner\")]"}
RESULT: {"using":"xpath","value":"//input[contains(@id ,\"application-managepricingrules-display-component---newInfoPriceItem--condRU-inner\")]"}
COMMAND: POST /session/6d8bd7b67751d8070595134c0dd0c9c6/element/f.682637C0DBC81701DD87E9FA8F6607BC.d.95932995063EAB9278E4B9B743844D75.e.3892/clear - {}
RESULT: {}
COMMAND: POST /session/6d8bd7b67751d8070595134c0dd0c9c6/element/f.682637C0DBC81701DD87E9FA8F6607BC.d.95932995063EAB9278E4B9B743844D75.e.3892/value - {"text":"WdIOTestEquipbt1kb"}
COMMAND: GET /session/6d8bd7b67751d8070595134c0dd0c9c6/screenshot - {}
RESULT: {"text":"WdIOTestEquipbt1kb"}
COMMAND: GET /session/6d8bd7b67751d8070595134c0dd0c9c6/screenshot - {}
RESULT: {}
RESULT: {}
COMMAND: POST /session/6d8bd7b67751d8070595134c0dd0c9c6/actions - {"actions":[{"id":"action25","type":"key","parameters":{},"actions":[{"type":"keyDown","value":"î€‡"},{"type":"pause","duration":10},{"type":"keyUp","value":"î€‡"}]}]}
RESULT: {"actions":[{"id":"action25","type":"key","parameters":{},"actions":[{"type":"keyDown","value":"î€‡"},{"type":"pause","duration":10},{"type":"keyUp","value":"î€‡"}]}]}
COMMAND: GET /session/6d8bd7b67751d8070595134c0dd0c9c6/screenshot - {}
RESULT: {}
COMMAND: POST /session/6d8bd7b67751d8070595134c0dd0c9c6/execute/async - {"script":"<script> [1562 bytes]","args":[{"selector":{"id":"application-managepricingrules-display-component---newInfoPriceItem--billType-arrow"},"wdio_ui5_key":"applicationmanagepricingrules-display-component---newInfoPriceItem--billType-arrow"}]}
RESULT: {"script":"<script> [1562 bytes]","args":[{"selector":{"id":"application-managepricingrules-display-component---newInfoPriceItem--billType-arrow"},"wdio_ui5_key":"applicationmanagepricingrules-display-component---newInfoPriceItem--billType-arrow"}]}
RESULT: undefined
COMMAND: POST /session/6d8bd7b67751d8070595134c0dd0c9c6/element - {"using":"xpath","value":"//*[@id=\"application-managepricingrules-display-component---newInfoPriceItem--billType-arrow\"]"}
RESULT: {"using":"xpath","value":"//*[@id=\"application-managepricingrules-display-component---newInfoPriceItem--billType-arrow\"]"}
COMMAND: POST /session/6d8bd7b67751d8070595134c0dd0c9c6/element/f.682637C0DBC81701DD87E9FA8F6607BC.d.95932995063EAB9278E4B9B743844D75.e.3985/click - {}
RESULT: {}
COMMAND: POST /session/6d8bd7b67751d8070595134c0dd0c9c6/element - {"using":"xpath","value":"//span[contains(text(), \"TB - Time based\")]"}
COMMAND: GET /session/6d8bd7b67751d8070595134c0dd0c9c6/screenshot - {}
RESULT: {"using":"xpath","value":"//span[contains(text(), \"TB - Time based\")]"}
COMMAND: POST /session/6d8bd7b67751d8070595134c0dd0c9c6/element/f.682637C0DBC81701DD87E9FA8F6607BC.d.95932995063EAB9278E4B9B743844D75.e.4032/click - {}
RESULT: {}
RESULT: {}
COMMAND: POST /session/6d8bd7b67751d8070595134c0dd0c9c6/execute/async - {"script":"<script> [1562 bytes]","args":[{"selector":{"id":"application-managepricingrules-display-component---newInfoPriceItem--priceProc-arrow"},"wdio_ui5_key":"applicationmanagepricingrules-display-component---newInfoPriceItem--priceProc-arrow"}]}
COMMAND: GET /session/6d8bd7b67751d8070595134c0dd0c9c6/screenshot - {}
RESULT: {"script":"<script> [1562 bytes]","args":[{"selector":{"id":"application-managepricingrules-display-component---newInfoPriceItem--priceProc-arrow"},"wdio_ui5_key":"applicationmanagepricingrules-display-component---newInfoPriceItem--priceProc-arrow"}]}
RESULT: undefined
COMMAND: POST /session/6d8bd7b67751d8070595134c0dd0c9c6/element - {"using":"xpath","value":"//*[@id=\"application-managepricingrules-display-component---newInfoPriceItem--priceProc-arrow\"]"}
RESULT: {}
RESULT: {"using":"xpath","value":"//*[@id=\"application-managepricingrules-display-component---newInfoPriceItem--priceProc-arrow\"]"}
COMMAND: POST /session/6d8bd7b67751d8070595134c0dd0c9c6/element/f.682637C0DBC81701DD87E9FA8F6607BC.d.95932995063EAB9278E4B9B743844D75.e.3992/click - {}
RESULT: {}
COMMAND: POST /session/6d8bd7b67751d8070595134c0dd0c9c6/element - {"using":"xpath","value":"//span[contains(text(), \"TBS - Time based standard\")]"}
COMMAND: GET /session/6d8bd7b67751d8070595134c0dd0c9c6/screenshot - {}
RESULT: {"using":"xpath","value":"//span[contains(text(), \"TBS - Time based standard\")]"}
COMMAND: POST /session/6d8bd7b67751d8070595134c0dd0c9c6/element/f.682637C0DBC81701DD87E9FA8F6607BC.d.95932995063EAB9278E4B9B743844D75.e.4033/click - {}
RESULT: {}
RESULT: {}
COMMAND: POST /session/6d8bd7b67751d8070595134c0dd0c9c6/execute/async - {"script":"<script> [1562 bytes]","args":[{"selector":{"id":"application-managepricingrules-display-component---newInfoPriceItem--calcBase-arrow"},"wdio_ui5_key":"applicationmanagepricingrules-display-component---newInfoPriceItem--calcBase-arrow"}]}
COMMAND: GET /session/6d8bd7b67751d8070595134c0dd0c9c6/screenshot - {}
RESULT: {"script":"<script> [1562 bytes]","args":[{"selector":{"id":"application-managepricingrules-display-component---newInfoPriceItem--calcBase-arrow"},"wdio_ui5_key":"applicationmanagepricingrules-display-component---newInfoPriceItem--calcBase-arrow"}]}
RESULT: undefined
COMMAND: POST /session/6d8bd7b67751d8070595134c0dd0c9c6/element - {"using":"xpath","value":"//*[@id=\"application-managepricingrules-display-component---newInfoPriceItem--calcBase-arrow\"]"}
RESULT: {}
RESULT: {"using":"xpath","value":"//*[@id=\"application-managepricingrules-display-component---newInfoPriceItem--calcBase-arrow\"]"}
COMMAND: POST /session/6d8bd7b67751d8070595134c0dd0c9c6/element/f.682637C0DBC81701DD87E9FA8F6607BC.d.95932995063EAB9278E4B9B743844D75.e.3999/click - {}
RESULT: {}
COMMAND: GET /session/6d8bd7b67751d8070595134c0dd0c9c6/screenshot - {}
RESULT: {}
COMMAND: POST /session/6d8bd7b67751d8070595134c0dd0c9c6/element - {"using":"xpath","value":"//span[contains(text(), \"0006 - TB(calendar days)\")]"}
RESULT: {"using":"xpath","value":"//span[contains(text(), \"0006 - TB(calendar days)\")]"}
COMMAND: POST /session/6d8bd7b67751d8070595134c0dd0c9c6/element/f.682637C0DBC81701DD87E9FA8F6607BC.d.95932995063EAB9278E4B9B743844D75.e.4034/click - {}
RESULT: {}
COMMAND: POST /session/6d8bd7b67751d8070595134c0dd0c9c6/execute/async - {"script":"<script> [1562 bytes]","args":[{"selector":{"id":"application-managepricingrules-display-component---newInfoPriceItem--daysMonth","interaction":{"idSuffix":"inner"}},"wdio_ui5_key":"applicationmanagepricingrules-display-component---newInfoPriceItem--daysMonth"}]}
COMMAND: GET /session/6d8bd7b67751d8070595134c0dd0c9c6/screenshot - {}
RESULT: {"script":"<script> [1562 bytes]","args":[{"selector":{"id":"application-managepricingrules-display-component---newInfoPriceItem--daysMonth","interaction":{"idSuffix":"inner"}},"wdio_ui5_key":"applicationmanagepricingrules-display-component---newInfoPriceItem--daysMonth"}]}
RESULT: undefined
COMMAND: POST /session/6d8bd7b67751d8070595134c0dd0c9c6/execute/async - {"script":"<script> [776 bytes]","args":[{"enterText":"30","selector":{"id":"application-managepricingrules-display-component---newInfoPriceItem--daysMonth","interaction":{"idSuffix":"inner"}},"clearTextFirst":true,"interactionType":"ENTER_TEXT"}]}
RESULT: {}
RESULT: {"script":"<script> [776 bytes]","args":[{"enterText":"30","selector":{"id":"application-managepricingrules-display-component---newInfoPriceItem--daysMonth","interaction":{"idSuffix":"inner"}},"clearTextFirst":true,"interactionType":"ENTER_TEXT"}]}
COMMAND: POST /session/6d8bd7b67751d8070595134c0dd0c9c6/element - {"using":"xpath","value":"//button[@data-kt=\"saveNewRuleButton\"]"}
RESULT: {"using":"xpath","value":"//button[@data-kt=\"saveNewRuleButton\"]"}
COMMAND: POST /session/6d8bd7b67751d8070595134c0dd0c9c6/element/f.682637C0DBC81701DD87E9FA8F6607BC.d.95932995063EAB9278E4B9B743844D75.e.4020/click - {}
RESULT: {}
COMMAND: GET /session/6d8bd7b67751d8070595134c0dd0c9c6/screenshot - {}
RESULT: {}
COMMAND: POST /session/6d8bd7b67751d8070595134c0dd0c9c6/element - {"using":"css selector","value":"#shell-header-logo"}
RESULT: {"using":"css selector","value":"#shell-header-logo"}
COMMAND: POST /session/6d8bd7b67751d8070595134c0dd0c9c6/element/f.682637C0DBC81701DD87E9FA8F6607BC.d.95932995063EAB9278E4B9B743844D75.e.3556/click - {}
RESULT: {}
COMMAND: GET /session/6d8bd7b67751d8070595134c0dd0c9c6/screenshot - {}
RESULT: {}
]]></system-out>
    </testcase>
    <testcase classname="chrome.136_0_7103_93.windows.ISC_Schedule_-_Time_schedule_US156838" name="Should add the yard to the partner" time="62.995">
      <system-out><![CDATA[
COMMAND: POST /session/6d8bd7b67751d8070595134c0dd0c9c6/execute/async - {"script":"<script> [1562 bytes]","args":[{"selector":{"controlType":"sap.m.GenericTile","properties":{"header":"Manage Partners"}},"wdio_ui5_key":"sapm.GenericTile{\"header\":\"Manage Partners\"}"}]}
RESULT: {"script":"<script> [1562 bytes]","args":[{"selector":{"controlType":"sap.m.GenericTile","properties":{"header":"Manage Partners"}},"wdio_ui5_key":"sapm.GenericTile{\"header\":\"Manage Partners\"}"}]}
RESULT: undefined
COMMAND: POST /session/6d8bd7b67751d8070595134c0dd0c9c6/element - {"using":"xpath","value":"//*[@id=\"__tile38\"]"}
RESULT: {"using":"xpath","value":"//*[@id=\"__tile38\"]"}
COMMAND: POST /session/6d8bd7b67751d8070595134c0dd0c9c6/element/f.682637C0DBC81701DD87E9FA8F6607BC.d.95932995063EAB9278E4B9B743844D75.e.4038/click - {}
RESULT: {}
COMMAND: GET /session/6d8bd7b67751d8070595134c0dd0c9c6/screenshot - {}
RESULT: {}
COMMAND: POST /session/6d8bd7b67751d8070595134c0dd0c9c6/elements - {"using":"xpath","value":"//span[text()='Error']"}
RESULT: {"using":"xpath","value":"//span[text()='Error']"}
COMMAND: POST /session/6d8bd7b67751d8070595134c0dd0c9c6/element - {"using":"xpath","value":"//button[@data-kt=\"addButton\"]"}
RESULT: {"using":"xpath","value":"//button[@data-kt=\"addButton\"]"}
COMMAND: POST /session/6d8bd7b67751d8070595134c0dd0c9c6/elements - {"using":"xpath","value":"//button[@data-kt=\"addButton\"]"}
RESULT: {"using":"xpath","value":"//button[@data-kt=\"addButton\"]"}
COMMAND: POST /session/6d8bd7b67751d8070595134c0dd0c9c6/execute/sync - {"script":"<script> [8489 bytes]","args":[{"element-6066-11e4-a52e-4f735466cecf":"f.682637C0DBC81701DD87E9FA8F6607BC.d.95932995063EAB9278E4B9B743844D75.e.4086","ELEMENT":"f.682637C0DBC81701DD87E9FA8F6607BC.d.95932995063EAB9278E4B9B743844D75.e.4086"}]}
RESULT: {"script":"<script> [8489 bytes]","args":[{"element-6066-11e4-a52e-4f735466cecf":"f.682637C0DBC81701DD87E9FA8F6607BC.d.95932995063EAB9278E4B9B743844D75.e.4086","ELEMENT":"f.682637C0DBC81701DD87E9FA8F6607BC.d.95932995063EAB9278E4B9B743844D75.e.4086"}]}
COMMAND: GET /session/6d8bd7b67751d8070595134c0dd0c9c6/element/f.682637C0DBC81701DD87E9FA8F6607BC.d.95932995063EAB9278E4B9B743844D75.e.4086/enabled - {}
COMMAND: GET /session/6d8bd7b67751d8070595134c0dd0c9c6/screenshot - {}
RESULT: {}
COMMAND: POST /session/6d8bd7b67751d8070595134c0dd0c9c6/execute/sync - {"script":"<script> [8489 bytes]","args":[{"element-6066-11e4-a52e-4f735466cecf":"f.682637C0DBC81701DD87E9FA8F6607BC.d.95932995063EAB9278E4B9B743844D75.e.4086","ELEMENT":"f.682637C0DBC81701DD87E9FA8F6607BC.d.95932995063EAB9278E4B9B743844D75.e.4086"}]}
COMMAND: GET /session/6d8bd7b67751d8070595134c0dd0c9c6/screenshot - {}
RESULT: {}
RESULT: {"script":"<script> [8489 bytes]","args":[{"element-6066-11e4-a52e-4f735466cecf":"f.682637C0DBC81701DD87E9FA8F6607BC.d.95932995063EAB9278E4B9B743844D75.e.4086","ELEMENT":"f.682637C0DBC81701DD87E9FA8F6607BC.d.95932995063EAB9278E4B9B743844D75.e.4086"}]}
COMMAND: POST /session/6d8bd7b67751d8070595134c0dd0c9c6/execute/sync - {"script":"<script> [5351 bytes]","args":[{"element-6066-11e4-a52e-4f735466cecf":"f.682637C0DBC81701DD87E9FA8F6607BC.d.95932995063EAB9278E4B9B743844D75.e.4086","ELEMENT":"f.682637C0DBC81701DD87E9FA8F6607BC.d.95932995063EAB9278E4B9B743844D75.e.4086"}]}
COMMAND: GET /session/6d8bd7b67751d8070595134c0dd0c9c6/screenshot - {}
RESULT: {}
RESULT: {"script":"<script> [5351 bytes]","args":[{"element-6066-11e4-a52e-4f735466cecf":"f.682637C0DBC81701DD87E9FA8F6607BC.d.95932995063EAB9278E4B9B743844D75.e.4086","ELEMENT":"f.682637C0DBC81701DD87E9FA8F6607BC.d.95932995063EAB9278E4B9B743844D75.e.4086"}]}
COMMAND: GET /session/6d8bd7b67751d8070595134c0dd0c9c6/screenshot - {}
RESULT: {}
RESULT: {}
COMMAND: POST /session/6d8bd7b67751d8070595134c0dd0c9c6/execute/async - {"script":"<script> [1562 bytes]","args":[{"selector":{"id":"application-managepartners-display-component---masterPtm--smartFilterBar-btnBasicSearch","interaction":{"idSuffix":"I"}},"wdio_ui5_key":"applicationmanagepartners-display-component---masterPtm--smartFilterBar-btnBasicSearch"}]}
RESULT: {"script":"<script> [1562 bytes]","args":[{"selector":{"id":"application-managepartners-display-component---masterPtm--smartFilterBar-btnBasicSearch","interaction":{"idSuffix":"I"}},"wdio_ui5_key":"applicationmanagepartners-display-component---masterPtm--smartFilterBar-btnBasicSearch"}]}
RESULT: undefined
COMMAND: POST /session/6d8bd7b67751d8070595134c0dd0c9c6/execute/async - {"script":"<script> [776 bytes]","args":[{"enterText":"1001","selector":{"id":"application-managepartners-display-component---masterPtm--smartFilterBar-btnBasicSearch","interaction":{"idSuffix":"I"}},"clearTextFirst":true,"interactionType":"ENTER_TEXT"}]}
RESULT: {"script":"<script> [776 bytes]","args":[{"enterText":"1001","selector":{"id":"application-managepartners-display-component---masterPtm--smartFilterBar-btnBasicSearch","interaction":{"idSuffix":"I"}},"clearTextFirst":true,"interactionType":"ENTER_TEXT"}]}
COMMAND: POST /session/6d8bd7b67751d8070595134c0dd0c9c6/actions - {"actions":[{"id":"action26","type":"key","parameters":{},"actions":[{"type":"keyDown","value":"î€‡"},{"type":"pause","duration":10},{"type":"keyUp","value":"î€‡"}]}]}
RESULT: {"actions":[{"id":"action26","type":"key","parameters":{},"actions":[{"type":"keyDown","value":"î€‡"},{"type":"pause","duration":10},{"type":"keyUp","value":"î€‡"}]}]}
COMMAND: GET /session/6d8bd7b67751d8070595134c0dd0c9c6/screenshot - {}
RESULT: {}
COMMAND: POST /session/6d8bd7b67751d8070595134c0dd0c9c6/execute/async - {"script":"<script> [1562 bytes]","args":[{"selector":{"controlType":"sap.ui.core.Icon","viewName":"etm.portal.ui.managepartners.view.Master","viewId":"application-managepartners-display-component---masterPtm","properties":{"src":{"regex":{"source":"slim\\-arrow\\-right"}}}},"wdio_ui5_key":"etmportal.ui.managepartners.view.Mastersap.ui.core.Icon{\"src\":{\"regex\":{\"source\":\"slim\\\\-arrow\\\\-right\"}}}"}]}
RESULT: {"script":"<script> [1562 bytes]","args":[{"selector":{"controlType":"sap.ui.core.Icon","viewName":"etm.portal.ui.managepartners.view.Master","viewId":"application-managepartners-display-component---masterPtm","properties":{"src":{"regex":{"source":"slim\\-arrow\\-right"}}}},"wdio_ui5_key":"etmportal.ui.managepartners.view.Mastersap.ui.core.Icon{\"src\":{\"regex\":{\"source\":\"slim\\\\-arrow\\\\-right\"}}}"}]}
RESULT: undefined
COMMAND: POST /session/6d8bd7b67751d8070595134c0dd0c9c6/element - {"using":"xpath","value":"//*[@id=\"__item1907-__clone6920-imgNav\"]"}
RESULT: {"using":"xpath","value":"//*[@id=\"__item1907-__clone6920-imgNav\"]"}
COMMAND: POST /session/6d8bd7b67751d8070595134c0dd0c9c6/element/f.682637C0DBC81701DD87E9FA8F6607BC.d.95932995063EAB9278E4B9B743844D75.e.4218/click - {}
RESULT: {}
COMMAND: GET /session/6d8bd7b67751d8070595134c0dd0c9c6/screenshot - {}
RESULT: {}
COMMAND: POST /session/6d8bd7b67751d8070595134c0dd0c9c6/execute/async - {"script":"<script> [1562 bytes]","args":[{"selector":{"controlType":"sap.m.Button","viewName":"etm.portal.ui.managepartners.view.Detail","viewId":"application-managepartners-display-component---detailPtm","properties":{"text":"Reference"},"interaction":{"idSuffix":"BDI-content"}},"wdio_ui5_key":"etmportal.ui.managepartners.view.Detailsap.m.Button{\"text\":\"Reference\"}"}]}
RESULT: {"script":"<script> [1562 bytes]","args":[{"selector":{"controlType":"sap.m.Button","viewName":"etm.portal.ui.managepartners.view.Detail","viewId":"application-managepartners-display-component---detailPtm","properties":{"text":"Reference"},"interaction":{"idSuffix":"BDI-content"}},"wdio_ui5_key":"etmportal.ui.managepartners.view.Detailsap.m.Button{\"text\":\"Reference\"}"}]}
RESULT: undefined
COMMAND: POST /session/6d8bd7b67751d8070595134c0dd0c9c6/element - {"using":"xpath","value":"//*[@id=\"application-managepartners-display-component---detailPtm--ObjectPageLayout-anchBar-__section75-anchor\"]"}
RESULT: {"using":"xpath","value":"//*[@id=\"application-managepartners-display-component---detailPtm--ObjectPageLayout-anchBar-__section75-anchor\"]"}
COMMAND: POST /session/6d8bd7b67751d8070595134c0dd0c9c6/element/f.682637C0DBC81701DD87E9FA8F6607BC.d.95932995063EAB9278E4B9B743844D75.e.4363/click - {}
RESULT: {}
COMMAND: GET /session/6d8bd7b67751d8070595134c0dd0c9c6/screenshot - {}
RESULT: {}
COMMAND: POST /session/6d8bd7b67751d8070595134c0dd0c9c6/element - {"using":"xpath","value":"//span[contains(@id ,\"application-managepartners-display-component---detailPtm--smartTableAssignmentsDisplay-header-inner\")][contains(text(), \"Records (1)\")]"}
RESULT: {"using":"xpath","value":"//span[contains(@id ,\"application-managepartners-display-component---detailPtm--smartTableAssignmentsDisplay-header-inner\")][contains(text(), \"Records (1)\")]"}
COMMAND: POST /session/6d8bd7b67751d8070595134c0dd0c9c6/execute/sync - {"script":"<script> [8489 bytes]","args":[{"element-6066-11e4-a52e-4f735466cecf":"f.682637C0DBC81701DD87E9FA8F6607BC.d.95932995063EAB9278E4B9B743844D75.e.4369","ELEMENT":"f.682637C0DBC81701DD87E9FA8F6607BC.d.95932995063EAB9278E4B9B743844D75.e.4369"}]}
RESULT: {"script":"<script> [8489 bytes]","args":[{"element-6066-11e4-a52e-4f735466cecf":"f.682637C0DBC81701DD87E9FA8F6607BC.d.95932995063EAB9278E4B9B743844D75.e.4369","ELEMENT":"f.682637C0DBC81701DD87E9FA8F6607BC.d.95932995063EAB9278E4B9B743844D75.e.4369"}]}
COMMAND: POST /session/6d8bd7b67751d8070595134c0dd0c9c6/element - {"using":"css selector","value":"#shell-header-logo"}
COMMAND: GET /session/6d8bd7b67751d8070595134c0dd0c9c6/screenshot - {}
RESULT: {"using":"css selector","value":"#shell-header-logo"}
COMMAND: POST /session/6d8bd7b67751d8070595134c0dd0c9c6/element/f.682637C0DBC81701DD87E9FA8F6607BC.d.95932995063EAB9278E4B9B743844D75.e.4041/click - {}
RESULT: {}
RESULT: {}
COMMAND: GET /session/6d8bd7b67751d8070595134c0dd0c9c6/screenshot - {}
RESULT: {}
COMMAND: POST /session/6d8bd7b67751d8070595134c0dd0c9c6/refresh - {}
RESULT: {}
COMMAND: GET /session/6d8bd7b67751d8070595134c0dd0c9c6/screenshot - {}
RESULT: {}
COMMAND: POST /session/6d8bd7b67751d8070595134c0dd0c9c6/execute/async - {"script":"<script> [189 bytes]","args":[]}
RESULT: {"script":"<script> [189 bytes]","args":[]}
COMMAND: POST /session/6d8bd7b67751d8070595134c0dd0c9c6/execute/async - {"script":"<script> [123 bytes]","args":[]}
RESULT: {"script":"<script> [123 bytes]","args":[]}
COMMAND: POST /session/6d8bd7b67751d8070595134c0dd0c9c6/timeouts - {"script":"<number>"}
RESULT: {"script":"<number>"}
COMMAND: GET /session/6d8bd7b67751d8070595134c0dd0c9c6/timeouts - {}
RESULT: {}
RESULT: undefined
COMMAND: POST /session/6d8bd7b67751d8070595134c0dd0c9c6/execute/async - {"script":"<script> [2676 bytes]","args":[]}
RESULT: {"script":"<script> [2676 bytes]","args":[]}
COMMAND: POST /session/6d8bd7b67751d8070595134c0dd0c9c6/execute/async - {"script":"<script> [2342 bytes]","args":[{"protocol":"http","hostname":"0.0.0.0","path":"/","capabilities":{"browserName":"chrome","goog:chromeOptions":{"binary":"C:\\Program Files\\Google\\Chrome\\Application\\chrome.exe","args":["--start-maximized"]}},"logLevel":"warn","connectionRetryTimeout":120000,"connectionRetryCount":3,"logLevels":{},"enableDirectConnect":true,"strictSSL":true,"_":"65 more keys: [\"cacheDir\",\"port\",\"requestedCapabilities\",\"automationProtocol\",\"baseUrl\",\"waitforInterval\",\"waitforTimeout\",\"onReload\",\"beforeCommand\",\"afterCommand\",\"rootDir\",\"specs\",\"suites\",\"exclude\",\"groupLogsByTestSpec\",\"excludeDriverLogs\",\"bail\",\"framework\",\"reporters\",\"services\",\"maxInstances\",\"maxInstancesPerCapability\",\"injectGlobals\",\"filesToWatch\",\"execArgv\",\"runnerEnv\",\"runner\",\"shard\",\"specFileRetries\",\"specFileRetriesDelay\",\"specFileRetriesDeferred\",\"reporterSyncInterval\",\"reporterSyncTimeout\",\"cucumberFeaturesWithLineNumbers\",\"autoCompileOpts\",\"mochaOpts\",\"jasmineOpts\",\"cucumberOpts\",\"onPrepare\",\"onWorkerStart\",\"onWorkerEnd\",\"before\",\"beforeSession\",\"beforeSuite\",\"beforeHook\",\"beforeTest\",\"afterTest\",\"afterHook\",\"afterSuite\",\"afterSession\",\"after\",\"onComplete\",\"beforeAssertion\",\"afterAssertion\",\"beforeFeature\",\"beforeScenario\",\"beforeStep\",\"afterStep\",\"afterScenario\",\"afterFeature\",\"_\",\"suite\",\"$0\",\"ignoredWorkerServices\",\"wdi5\"]"}]}
RESULT: {"script":"<script> [2342 bytes]","args":[{"protocol":"http","hostname":"0.0.0.0","path":"/","capabilities":{"browserName":"chrome","goog:chromeOptions":{"binary":"C:\\Program Files\\Google\\Chrome\\Application\\chrome.exe","args":["--start-maximized"]}},"logLevel":"warn","connectionRetryTimeout":120000,"connectionRetryCount":3,"logLevels":{},"enableDirectConnect":true,"strictSSL":true,"_":"65 more keys: [\"cacheDir\",\"port\",\"requestedCapabilities\",\"automationProtocol\",\"baseUrl\",\"waitforInterval\",\"waitforTimeout\",\"onReload\",\"beforeCommand\",\"afterCommand\",\"rootDir\",\"specs\",\"suites\",\"exclude\",\"groupLogsByTestSpec\",\"excludeDriverLogs\",\"bail\",\"framework\",\"reporters\",\"services\",\"maxInstances\",\"maxInstancesPerCapability\",\"injectGlobals\",\"filesToWatch\",\"execArgv\",\"runnerEnv\",\"runner\",\"shard\",\"specFileRetries\",\"specFileRetriesDelay\",\"specFileRetriesDeferred\",\"reporterSyncInterval\",\"reporterSyncTimeout\",\"cucumberFeaturesWithLineNumbers\",\"autoCompileOpts\",\"mochaOpts\",\"jasmineOpts\",\"cucumberOpts\",\"onPrepare\",\"onWorkerStart\",\"onWorkerEnd\",\"before\",\"beforeSession\",\"beforeSuite\",\"beforeHook\",\"beforeTest\",\"afterTest\",\"afterHook\",\"afterSuite\",\"afterSession\",\"after\",\"onComplete\",\"beforeAssertion\",\"afterAssertion\",\"beforeFeature\",\"beforeScenario\",\"beforeStep\",\"afterStep\",\"afterScenario\",\"afterFeature\",\"_\",\"suite\",\"$0\",\"ignoredWorkerServices\",\"wdi5\"]"}]}
COMMAND: POST /session/6d8bd7b67751d8070595134c0dd0c9c6/execute/async - {"script":"<script> [21126 bytes]","args":[35000]}
RESULT: {"script":"<script> [21126 bytes]","args":[35000]}
]]></system-out>
    </testcase>
    <testcase classname="chrome.136_0_7103_93.windows.ISC_Schedule_-_Time_schedule_US156838" name="Should create a new contract and add the equipment" time="129.813">
      <system-out><![CDATA[
COMMAND: POST /session/6d8bd7b67751d8070595134c0dd0c9c6/execute/async - {"script":"<script> [1562 bytes]","args":[{"selector":{"controlType":"sap.m.GenericTile","properties":{"header":"Manage Contracts"}},"wdio_ui5_key":"sapm.GenericTile{\"header\":\"Manage Contracts\"}"}]}
RESULT: {"script":"<script> [1562 bytes]","args":[{"selector":{"controlType":"sap.m.GenericTile","properties":{"header":"Manage Contracts"}},"wdio_ui5_key":"sapm.GenericTile{\"header\":\"Manage Contracts\"}"}]}
RESULT: undefined
COMMAND: POST /session/6d8bd7b67751d8070595134c0dd0c9c6/element - {"using":"xpath","value":"//*[@id=\"__tile130\"]"}
RESULT: {"using":"xpath","value":"//*[@id=\"__tile130\"]"}
COMMAND: POST /session/6d8bd7b67751d8070595134c0dd0c9c6/element/f.682637C0DBC81701DD87E9FA8F6607BC.d.DF4A5CFEB5E1273050D49AF123BE3C57.e.4392/click - {}
RESULT: {}
COMMAND: GET /session/6d8bd7b67751d8070595134c0dd0c9c6/screenshot - {}
RESULT: {}
COMMAND: POST /session/6d8bd7b67751d8070595134c0dd0c9c6/elements - {"using":"xpath","value":"//span[text()='Error']"}
RESULT: {"using":"xpath","value":"//span[text()='Error']"}
COMMAND: POST /session/6d8bd7b67751d8070595134c0dd0c9c6/element - {"using":"xpath","value":"//button[@data-kt=\"addButton\"]"}
RESULT: {"using":"xpath","value":"//button[@data-kt=\"addButton\"]"}
COMMAND: POST /session/6d8bd7b67751d8070595134c0dd0c9c6/element/f.682637C0DBC81701DD87E9FA8F6607BC.d.DF4A5CFEB5E1273050D49AF123BE3C57.e.4446/click - {}
RESULT: {}
COMMAND: GET /session/6d8bd7b67751d8070595134c0dd0c9c6/screenshot - {}
RESULT: {}
COMMAND: POST /session/6d8bd7b67751d8070595134c0dd0c9c6/execute/async - {"script":"<script> [1562 bytes]","args":[{"selector":{"id":"application-managecontracts-display-component---AddNewContract--projectDescription","interaction":{"idSuffix":"inner"}},"wdio_ui5_key":"applicationmanagecontracts-display-component---AddNewContract--projectDescription"}]}
RESULT: {"script":"<script> [1562 bytes]","args":[{"selector":{"id":"application-managecontracts-display-component---AddNewContract--projectDescription","interaction":{"idSuffix":"inner"}},"wdio_ui5_key":"applicationmanagecontracts-display-component---AddNewContract--projectDescription"}]}
RESULT: undefined
COMMAND: POST /session/6d8bd7b67751d8070595134c0dd0c9c6/execute/async - {"script":"<script> [776 bytes]","args":[{"enterText":"WdIOTesttocndk","selector":{"id":"application-managecontracts-display-component---AddNewContract--projectDescription","interaction":{"idSuffix":"inner"}},"clearTextFirst":true,"interactionType":"ENTER_TEXT"}]}
RESULT: {"script":"<script> [776 bytes]","args":[{"enterText":"WdIOTesttocndk","selector":{"id":"application-managecontracts-display-component---AddNewContract--projectDescription","interaction":{"idSuffix":"inner"}},"clearTextFirst":true,"interactionType":"ENTER_TEXT"}]}
COMMAND: POST /session/6d8bd7b67751d8070595134c0dd0c9c6/element - {"using":"xpath","value":"//input[@id=\"application-managecontracts-display-component---AddNewContract--yardId-inner\"]"}
RESULT: {"using":"xpath","value":"//input[@id=\"application-managecontracts-display-component---AddNewContract--yardId-inner\"]"}
COMMAND: POST /session/6d8bd7b67751d8070595134c0dd0c9c6/element/f.682637C0DBC81701DD87E9FA8F6607BC.d.DF4A5CFEB5E1273050D49AF123BE3C57.e.4708/clear - {}
RESULT: {}
COMMAND: POST /session/6d8bd7b67751d8070595134c0dd0c9c6/element/f.682637C0DBC81701DD87E9FA8F6607BC.d.DF4A5CFEB5E1273050D49AF123BE3C57.e.4708/value - {"text":"109"}
COMMAND: GET /session/6d8bd7b67751d8070595134c0dd0c9c6/screenshot - {}
RESULT: {"text":"109"}
COMMAND: GET /session/6d8bd7b67751d8070595134c0dd0c9c6/screenshot - {}
RESULT: {}
RESULT: {}
COMMAND: POST /session/6d8bd7b67751d8070595134c0dd0c9c6/actions - {"actions":[{"id":"action27","type":"key","parameters":{},"actions":[{"type":"keyDown","value":"î€‡"},{"type":"pause","duration":10},{"type":"keyUp","value":"î€‡"}]}]}
RESULT: {"actions":[{"id":"action27","type":"key","parameters":{},"actions":[{"type":"keyDown","value":"î€‡"},{"type":"pause","duration":10},{"type":"keyUp","value":"î€‡"}]}]}
COMMAND: GET /session/6d8bd7b67751d8070595134c0dd0c9c6/screenshot - {}
RESULT: {}
COMMAND: POST /session/6d8bd7b67751d8070595134c0dd0c9c6/element - {"using":"xpath","value":"//input[@id=\"application-managecontracts-display-component---AddNewContract--customerSelect-inner\"]"}
RESULT: {"using":"xpath","value":"//input[@id=\"application-managecontracts-display-component---AddNewContract--customerSelect-inner\"]"}
COMMAND: POST /session/6d8bd7b67751d8070595134c0dd0c9c6/element/f.682637C0DBC81701DD87E9FA8F6607BC.d.DF4A5CFEB5E1273050D49AF123BE3C57.e.4706/clear - {}
RESULT: {}
COMMAND: POST /session/6d8bd7b67751d8070595134c0dd0c9c6/element/f.682637C0DBC81701DD87E9FA8F6607BC.d.DF4A5CFEB5E1273050D49AF123BE3C57.e.4706/value - {"text":"1001"}
COMMAND: GET /session/6d8bd7b67751d8070595134c0dd0c9c6/screenshot - {}
RESULT: {"text":"1001"}
COMMAND: GET /session/6d8bd7b67751d8070595134c0dd0c9c6/screenshot - {}
RESULT: {}
RESULT: {}
COMMAND: POST /session/6d8bd7b67751d8070595134c0dd0c9c6/actions - {"actions":[{"id":"action28","type":"key","parameters":{},"actions":[{"type":"keyDown","value":"î€‡"},{"type":"pause","duration":10},{"type":"keyUp","value":"î€‡"}]}]}
RESULT: {"actions":[{"id":"action28","type":"key","parameters":{},"actions":[{"type":"keyDown","value":"î€‡"},{"type":"pause","duration":10},{"type":"keyUp","value":"î€‡"}]}]}
COMMAND: GET /session/6d8bd7b67751d8070595134c0dd0c9c6/screenshot - {}
RESULT: {}
COMMAND: POST /session/6d8bd7b67751d8070595134c0dd0c9c6/element - {"using":"xpath","value":"//input[@id=\"application-managecontracts-display-component---AddNewContract--site-inner\"]"}
RESULT: {"using":"xpath","value":"//input[@id=\"application-managecontracts-display-component---AddNewContract--site-inner\"]"}
COMMAND: POST /session/6d8bd7b67751d8070595134c0dd0c9c6/element/f.682637C0DBC81701DD87E9FA8F6607BC.d.DF4A5CFEB5E1273050D49AF123BE3C57.e.4707/clear - {}
RESULT: {}
COMMAND: POST /session/6d8bd7b67751d8070595134c0dd0c9c6/element/f.682637C0DBC81701DD87E9FA8F6607BC.d.DF4A5CFEB5E1273050D49AF123BE3C57.e.4707/value - {"text":"2002"}
COMMAND: GET /session/6d8bd7b67751d8070595134c0dd0c9c6/screenshot - {}
RESULT: {"text":"2002"}
COMMAND: GET /session/6d8bd7b67751d8070595134c0dd0c9c6/screenshot - {}
RESULT: {}
RESULT: {}
COMMAND: POST /session/6d8bd7b67751d8070595134c0dd0c9c6/actions - {"actions":[{"id":"action29","type":"key","parameters":{},"actions":[{"type":"keyDown","value":"î€‡"},{"type":"pause","duration":10},{"type":"keyUp","value":"î€‡"}]}]}
RESULT: {"actions":[{"id":"action29","type":"key","parameters":{},"actions":[{"type":"keyDown","value":"î€‡"},{"type":"pause","duration":10},{"type":"keyUp","value":"î€‡"}]}]}
COMMAND: GET /session/6d8bd7b67751d8070595134c0dd0c9c6/screenshot - {}
RESULT: {}
COMMAND: POST /session/6d8bd7b67751d8070595134c0dd0c9c6/element - {"using":"xpath","value":"//button[@data-kt=\"saveButton\"]"}
RESULT: {"using":"xpath","value":"//button[@data-kt=\"saveButton\"]"}
COMMAND: POST /session/6d8bd7b67751d8070595134c0dd0c9c6/element/f.682637C0DBC81701DD87E9FA8F6607BC.d.DF4A5CFEB5E1273050D49AF123BE3C57.e.4781/click - {}
RESULT: {}
COMMAND: GET /session/6d8bd7b67751d8070595134c0dd0c9c6/screenshot - {}
RESULT: {}
COMMAND: POST /session/6d8bd7b67751d8070595134c0dd0c9c6/execute/async - {"script":"<script> [1562 bytes]","args":[{"selector":{"id":"contractDetailTitleNoExpanded","viewName":"etm.portal.ui.managecontracts.view.Detail"},"wdio_ui5_key":"contractDetailTitleNoExpandedetmportal.ui.managecontracts.view.Detail"}]}
RESULT: {"script":"<script> [1562 bytes]","args":[{"selector":{"id":"contractDetailTitleNoExpanded","viewName":"etm.portal.ui.managecontracts.view.Detail"},"wdio_ui5_key":"contractDetailTitleNoExpandedetmportal.ui.managecontracts.view.Detail"}]}
RESULT: undefined
COMMAND: POST /session/6d8bd7b67751d8070595134c0dd0c9c6/execute/async - {"script":"<script> [6424 bytes]","args":[{"element-6066-11e4-a52e-4f735466cecf":"f.682637C0DBC81701DD87E9FA8F6607BC.d.DF4A5CFEB5E1273050D49AF123BE3C57.e.4867"},"getText",[]]}
RESULT: {"script":"<script> [6424 bytes]","args":[{"element-6066-11e4-a52e-4f735466cecf":"f.682637C0DBC81701DD87E9FA8F6607BC.d.DF4A5CFEB5E1273050D49AF123BE3C57.e.4867"},"getText",[]]}
COMMAND: POST /session/6d8bd7b67751d8070595134c0dd0c9c6/execute/async - {"script":"<script> [1562 bytes]","args":[{"selector":{"id":"closeContractBtn","viewName":"etm.portal.ui.managecontracts.view.Detail"},"wdio_ui5_key":"closeContractBtnetmportal.ui.managecontracts.view.Detail"}]}
RESULT: {"script":"<script> [1562 bytes]","args":[{"selector":{"id":"closeContractBtn","viewName":"etm.portal.ui.managecontracts.view.Detail"},"wdio_ui5_key":"closeContractBtnetmportal.ui.managecontracts.view.Detail"}]}
RESULT: undefined
COMMAND: POST /session/6d8bd7b67751d8070595134c0dd0c9c6/execute/async - {"script":"<script> [6424 bytes]","args":[{"element-6066-11e4-a52e-4f735466cecf":"f.682637C0DBC81701DD87E9FA8F6607BC.d.DF4A5CFEB5E1273050D49AF123BE3C57.e.4868"},"getEnabled",[]]}
RESULT: {"script":"<script> [6424 bytes]","args":[{"element-6066-11e4-a52e-4f735466cecf":"f.682637C0DBC81701DD87E9FA8F6607BC.d.DF4A5CFEB5E1273050D49AF123BE3C57.e.4868"},"getEnabled",[]]}
COMMAND: POST /session/6d8bd7b67751d8070595134c0dd0c9c6/element - {"using":"xpath","value":"//button[@data-kt=\"contractDetailEditBtnButton\"]"}
RESULT: {"using":"xpath","value":"//button[@data-kt=\"contractDetailEditBtnButton\"]"}
COMMAND: POST /session/6d8bd7b67751d8070595134c0dd0c9c6/element/f.682637C0DBC81701DD87E9FA8F6607BC.d.DF4A5CFEB5E1273050D49AF123BE3C57.e.4869/click - {}
RESULT: {}
COMMAND: GET /session/6d8bd7b67751d8070595134c0dd0c9c6/screenshot - {}
RESULT: {}
COMMAND: POST /session/6d8bd7b67751d8070595134c0dd0c9c6/element - {"using":"xpath","value":"(//span[contains(text(), \"Additional Addresses\")])[2]"}
RESULT: {"using":"xpath","value":"(//span[contains(text(), \"Additional Addresses\")])[2]"}
COMMAND: POST /session/6d8bd7b67751d8070595134c0dd0c9c6/element/f.682637C0DBC81701DD87E9FA8F6607BC.d.DF4A5CFEB5E1273050D49AF123BE3C57.e.4925/click - {}
RESULT: {}
COMMAND: GET /session/6d8bd7b67751d8070595134c0dd0c9c6/screenshot - {}
RESULT: {}
COMMAND: POST /session/6d8bd7b67751d8070595134c0dd0c9c6/element - {"using":"xpath","value":"//button[@data-kt=\"btnAddTableRowOverflowToolbarButton\"]"}
RESULT: {"using":"xpath","value":"//button[@data-kt=\"btnAddTableRowOverflowToolbarButton\"]"}
COMMAND: POST /session/6d8bd7b67751d8070595134c0dd0c9c6/element/f.682637C0DBC81701DD87E9FA8F6607BC.d.DF4A5CFEB5E1273050D49AF123BE3C57.e.4927/click - {}
RESULT: {}
COMMAND: GET /session/6d8bd7b67751d8070595134c0dd0c9c6/screenshot - {}
RESULT: {}
COMMAND: POST /session/6d8bd7b67751d8070595134c0dd0c9c6/element - {"using":"xpath","value":"//div[(text() = 'Standard Entry' or . = 'Standard Entry')]"}
RESULT: {"using":"xpath","value":"//div[(text() = 'Standard Entry' or . = 'Standard Entry')]"}
COMMAND: POST /session/6d8bd7b67751d8070595134c0dd0c9c6/element/f.682637C0DBC81701DD87E9FA8F6607BC.d.DF4A5CFEB5E1273050D49AF123BE3C57.e.4929/click - {}
RESULT: {}
COMMAND: POST /session/6d8bd7b67751d8070595134c0dd0c9c6/element - {"using":"xpath","value":"//td[7]/div/div/input"}
COMMAND: GET /session/6d8bd7b67751d8070595134c0dd0c9c6/screenshot - {}
RESULT: {"using":"xpath","value":"//td[7]/div/div/input"}
COMMAND: POST /session/6d8bd7b67751d8070595134c0dd0c9c6/element/f.682637C0DBC81701DD87E9FA8F6607BC.d.DF4A5CFEB5E1273050D49AF123BE3C57.e.4938/clear - {}
RESULT: {}
RESULT: {}
COMMAND: POST /session/6d8bd7b67751d8070595134c0dd0c9c6/element/f.682637C0DBC81701DD87E9FA8F6607BC.d.DF4A5CFEB5E1273050D49AF123BE3C57.e.4938/value - {"text":"WdIOTestEquipbt1kb"}
COMMAND: GET /session/6d8bd7b67751d8070595134c0dd0c9c6/screenshot - {}
RESULT: {"text":"WdIOTestEquipbt1kb"}
COMMAND: GET /session/6d8bd7b67751d8070595134c0dd0c9c6/screenshot - {}
RESULT: {}
RESULT: {}
COMMAND: POST /session/6d8bd7b67751d8070595134c0dd0c9c6/actions - {"actions":[{"id":"action30","type":"key","parameters":{},"actions":[{"type":"keyDown","value":"î€‡"},{"type":"pause","duration":10},{"type":"keyUp","value":"î€‡"}]}]}
RESULT: {"actions":[{"id":"action30","type":"key","parameters":{},"actions":[{"type":"keyDown","value":"î€‡"},{"type":"pause","duration":10},{"type":"keyUp","value":"î€‡"}]}]}
COMMAND: GET /session/6d8bd7b67751d8070595134c0dd0c9c6/screenshot - {}
RESULT: {}
COMMAND: POST /session/6d8bd7b67751d8070595134c0dd0c9c6/actions - {"actions":[{"id":"action31","type":"key","parameters":{},"actions":[{"type":"keyDown","value":"î€‡"},{"type":"pause","duration":10},{"type":"keyUp","value":"î€‡"}]}]}
RESULT: {"actions":[{"id":"action31","type":"key","parameters":{},"actions":[{"type":"keyDown","value":"î€‡"},{"type":"pause","duration":10},{"type":"keyUp","value":"î€‡"}]}]}
COMMAND: GET /session/6d8bd7b67751d8070595134c0dd0c9c6/screenshot - {}
RESULT: {}
COMMAND: POST /session/6d8bd7b67751d8070595134c0dd0c9c6/element - {"using":"xpath","value":"(//button[@data-kt=\"saveButton\"])[2]"}
RESULT: {"using":"xpath","value":"(//button[@data-kt=\"saveButton\"])[2]"}
COMMAND: POST /session/6d8bd7b67751d8070595134c0dd0c9c6/element/f.682637C0DBC81701DD87E9FA8F6607BC.d.DF4A5CFEB5E1273050D49AF123BE3C57.e.4953/click - {}
RESULT: {}
COMMAND: GET /session/6d8bd7b67751d8070595134c0dd0c9c6/screenshot - {}
RESULT: {}
]]></system-out>
    </testcase>
    <testcase classname="chrome.136_0_7103_93.windows.ISC_Schedule_-_Time_schedule_US156838" name="Should fully provide the equipment" time="60.134">
      <system-out><![CDATA[
COMMAND: POST /session/6d8bd7b67751d8070595134c0dd0c9c6/element - {"using":"xpath","value":"//button[@data-kt=\"provideButton\"]"}
RESULT: {"using":"xpath","value":"//button[@data-kt=\"provideButton\"]"}
COMMAND: POST /session/6d8bd7b67751d8070595134c0dd0c9c6/element/f.682637C0DBC81701DD87E9FA8F6607BC.d.DF4A5CFEB5E1273050D49AF123BE3C57.e.4957/click - {}
RESULT: {}
COMMAND: GET /session/6d8bd7b67751d8070595134c0dd0c9c6/screenshot - {}
RESULT: {}
COMMAND: POST /session/6d8bd7b67751d8070595134c0dd0c9c6/execute/async - {"script":"<script> [1562 bytes]","args":[{"selector":{"id":"application-managehandovers-display-component---AddNewHO--dueDate","interaction":{"idSuffix":"inner"}},"wdio_ui5_key":"applicationmanagehandovers-display-component---AddNewHO--dueDate"}]}
RESULT: {"script":"<script> [1562 bytes]","args":[{"selector":{"id":"application-managehandovers-display-component---AddNewHO--dueDate","interaction":{"idSuffix":"inner"}},"wdio_ui5_key":"applicationmanagehandovers-display-component---AddNewHO--dueDate"}]}
RESULT: undefined
COMMAND: POST /session/6d8bd7b67751d8070595134c0dd0c9c6/execute/async - {"script":"<script> [6424 bytes]","args":[{"element-6066-11e4-a52e-4f735466cecf":"f.682637C0DBC81701DD87E9FA8F6607BC.d.DF4A5CFEB5E1273050D49AF123BE3C57.e.5014"},"setValue",["6/2/25"]]}
RESULT: {"script":"<script> [6424 bytes]","args":[{"element-6066-11e4-a52e-4f735466cecf":"f.682637C0DBC81701DD87E9FA8F6607BC.d.DF4A5CFEB5E1273050D49AF123BE3C57.e.5014"},"setValue",["6/2/25"]]}
COMMAND: POST /session/6d8bd7b67751d8070595134c0dd0c9c6/element - {"using":"xpath","value":"//bdi[contains(text(), \"Instructions\")]"}
RESULT: {"using":"xpath","value":"//bdi[contains(text(), \"Instructions\")]"}
COMMAND: POST /session/6d8bd7b67751d8070595134c0dd0c9c6/element/f.682637C0DBC81701DD87E9FA8F6607BC.d.DF4A5CFEB5E1273050D49AF123BE3C57.e.5115/click - {}
RESULT: {}
COMMAND: GET /session/6d8bd7b67751d8070595134c0dd0c9c6/screenshot - {}
RESULT: {}
COMMAND: POST /session/6d8bd7b67751d8070595134c0dd0c9c6/element - {"using":"xpath","value":"//button[@data-kt=\"AddNewHOProvideAddItemsButton\"]"}
RESULT: {"using":"xpath","value":"//button[@data-kt=\"AddNewHOProvideAddItemsButton\"]"}
COMMAND: POST /session/6d8bd7b67751d8070595134c0dd0c9c6/element/f.682637C0DBC81701DD87E9FA8F6607BC.d.DF4A5CFEB5E1273050D49AF123BE3C57.e.5121/click - {}
RESULT: {}
COMMAND: GET /session/6d8bd7b67751d8070595134c0dd0c9c6/screenshot - {}
RESULT: {}
COMMAND: POST /session/6d8bd7b67751d8070595134c0dd0c9c6/execute/async - {"script":"<script> [1562 bytes]","args":[{"selector":{"id":"application-managehandovers-display-component---AddNewHO--popup-sa","searchOpenDialogs":true,"interaction":{"idSuffix":"CbBg"}},"wdio_ui5_key":"applicationmanagehandovers-display-component---AddNewHO--popup-sa"}]}
RESULT: {"script":"<script> [1562 bytes]","args":[{"selector":{"id":"application-managehandovers-display-component---AddNewHO--popup-sa","searchOpenDialogs":true,"interaction":{"idSuffix":"CbBg"}},"wdio_ui5_key":"applicationmanagehandovers-display-component---AddNewHO--popup-sa"}]}
RESULT: undefined
COMMAND: POST /session/6d8bd7b67751d8070595134c0dd0c9c6/element - {"using":"xpath","value":"//*[@id=\"application-managehandovers-display-component---AddNewHO--popup-sa\"]"}
RESULT: {"using":"xpath","value":"//*[@id=\"application-managehandovers-display-component---AddNewHO--popup-sa\"]"}
COMMAND: POST /session/6d8bd7b67751d8070595134c0dd0c9c6/element/f.682637C0DBC81701DD87E9FA8F6607BC.d.DF4A5CFEB5E1273050D49AF123BE3C57.e.5131/click - {}
RESULT: {}
COMMAND: GET /session/6d8bd7b67751d8070595134c0dd0c9c6/screenshot - {}
RESULT: {}
COMMAND: POST /session/6d8bd7b67751d8070595134c0dd0c9c6/element - {"using":"xpath","value":"//*[contains(@id ,\"BDI-content\")][contains(text(), \"Select\")]"}
RESULT: {"using":"xpath","value":"//*[contains(@id ,\"BDI-content\")][contains(text(), \"Select\")]"}
COMMAND: POST /session/6d8bd7b67751d8070595134c0dd0c9c6/element/f.682637C0DBC81701DD87E9FA8F6607BC.d.DF4A5CFEB5E1273050D49AF123BE3C57.e.5133/click - {}
RESULT: {}
COMMAND: GET /session/6d8bd7b67751d8070595134c0dd0c9c6/screenshot - {}
RESULT: {}
COMMAND: POST /session/6d8bd7b67751d8070595134c0dd0c9c6/execute/async - {"script":"<script> [1562 bytes]","args":[{"selector":{"id":"application-managehandovers-display-component---AddNewHO--confirmCreationButton","interaction":{"idSuffix":"BDI-content"}},"wdio_ui5_key":"applicationmanagehandovers-display-component---AddNewHO--confirmCreationButton"}]}
RESULT: {"script":"<script> [1562 bytes]","args":[{"selector":{"id":"application-managehandovers-display-component---AddNewHO--confirmCreationButton","interaction":{"idSuffix":"BDI-content"}},"wdio_ui5_key":"applicationmanagehandovers-display-component---AddNewHO--confirmCreationButton"}]}
RESULT: undefined
COMMAND: POST /session/6d8bd7b67751d8070595134c0dd0c9c6/element - {"using":"xpath","value":"//*[@id=\"application-managehandovers-display-component---AddNewHO--confirmCreationButton\"]"}
RESULT: {"using":"xpath","value":"//*[@id=\"application-managehandovers-display-component---AddNewHO--confirmCreationButton\"]"}
COMMAND: POST /session/6d8bd7b67751d8070595134c0dd0c9c6/element/f.682637C0DBC81701DD87E9FA8F6607BC.d.DF4A5CFEB5E1273050D49AF123BE3C57.e.5079/click - {}
RESULT: {}
COMMAND: GET /session/6d8bd7b67751d8070595134c0dd0c9c6/screenshot - {}
RESULT: {}
COMMAND: POST /session/6d8bd7b67751d8070595134c0dd0c9c6/execute/async - {"script":"<script> [1562 bytes]","args":[{"selector":{"id":"issueDatePicker","viewName":"etm.portal.ui.managehandovers.view.DetailExecuteHO","interaction":{"idSuffix":"inner"}},"wdio_ui5_key":"issueDatePickeretmportal.ui.managehandovers.view.DetailExecuteHO"}]}
RESULT: {"script":"<script> [1562 bytes]","args":[{"selector":{"id":"issueDatePicker","viewName":"etm.portal.ui.managehandovers.view.DetailExecuteHO","interaction":{"idSuffix":"inner"}},"wdio_ui5_key":"issueDatePickeretmportal.ui.managehandovers.view.DetailExecuteHO"}]}
RESULT: undefined
COMMAND: POST /session/6d8bd7b67751d8070595134c0dd0c9c6/execute/async - {"script":"<script> [776 bytes]","args":[{"enterText":"6/2/25","selector":{"id":"issueDatePicker","viewName":"etm.portal.ui.managehandovers.view.DetailExecuteHO","interaction":{"idSuffix":"inner"}},"clearTextFirst":true,"interactionType":"ENTER_TEXT"}]}
RESULT: {"script":"<script> [776 bytes]","args":[{"enterText":"6/2/25","selector":{"id":"issueDatePicker","viewName":"etm.portal.ui.managehandovers.view.DetailExecuteHO","interaction":{"idSuffix":"inner"}},"clearTextFirst":true,"interactionType":"ENTER_TEXT"}]}
COMMAND: POST /session/6d8bd7b67751d8070595134c0dd0c9c6/element - {"using":"xpath","value":"//button[@data-kt=\"PickingTableConfirmAllButton\"]"}
RESULT: {"using":"xpath","value":"//button[@data-kt=\"PickingTableConfirmAllButton\"]"}
COMMAND: POST /session/6d8bd7b67751d8070595134c0dd0c9c6/element/f.682637C0DBC81701DD87E9FA8F6607BC.d.DF4A5CFEB5E1273050D49AF123BE3C57.e.5192/click - {}
RESULT: {}
COMMAND: GET /session/6d8bd7b67751d8070595134c0dd0c9c6/screenshot - {}
RESULT: {}
COMMAND: POST /session/6d8bd7b67751d8070595134c0dd0c9c6/element - {"using":"xpath","value":"//bdi[contains(text(), \"OK\")]"}
RESULT: {"using":"xpath","value":"//bdi[contains(text(), \"OK\")]"}
COMMAND: POST /session/6d8bd7b67751d8070595134c0dd0c9c6/element/f.682637C0DBC81701DD87E9FA8F6607BC.d.DF4A5CFEB5E1273050D49AF123BE3C57.e.5195/click - {}
RESULT: {}
COMMAND: GET /session/6d8bd7b67751d8070595134c0dd0c9c6/screenshot - {}
RESULT: {}
COMMAND: POST /session/6d8bd7b67751d8070595134c0dd0c9c6/element - {"using":"xpath","value":"//bdi[contains(text(), \"Issue\")]"}
RESULT: {"using":"xpath","value":"//bdi[contains(text(), \"Issue\")]"}
COMMAND: POST /session/6d8bd7b67751d8070595134c0dd0c9c6/element/f.682637C0DBC81701DD87E9FA8F6607BC.d.DF4A5CFEB5E1273050D49AF123BE3C57.e.5197/click - {}
RESULT: {}
COMMAND: GET /session/6d8bd7b67751d8070595134c0dd0c9c6/screenshot - {}
RESULT: {}
COMMAND: POST /session/6d8bd7b67751d8070595134c0dd0c9c6/element - {"using":"css selector","value":"#shell-header-logo"}
RESULT: {"using":"css selector","value":"#shell-header-logo"}
COMMAND: POST /session/6d8bd7b67751d8070595134c0dd0c9c6/element/f.682637C0DBC81701DD87E9FA8F6607BC.d.DF4A5CFEB5E1273050D49AF123BE3C57.e.4395/click - {}
RESULT: {}
COMMAND: GET /session/6d8bd7b67751d8070595134c0dd0c9c6/screenshot - {}
RESULT: {}
]]></system-out>
    </testcase>
    <testcase classname="chrome.136_0_7103_93.windows.ISC_Schedule_-_Time_schedule_US156838" name="Should create a new time schedule" time="92.265">
      <system-out><![CDATA[
COMMAND: POST /session/6d8bd7b67751d8070595134c0dd0c9c6/execute/async - {"script":"<script> [1562 bytes]","args":[{"selector":{"controlType":"sap.m.GenericTile","properties":{"header":"ISC Schedules"}},"wdio_ui5_key":"sapm.GenericTile{\"header\":\"ISC Schedules\"}"}]}
RESULT: {"script":"<script> [1562 bytes]","args":[{"selector":{"controlType":"sap.m.GenericTile","properties":{"header":"ISC Schedules"}},"wdio_ui5_key":"sapm.GenericTile{\"header\":\"ISC Schedules\"}"}]}
RESULT: undefined
COMMAND: POST /session/6d8bd7b67751d8070595134c0dd0c9c6/element - {"using":"xpath","value":"//*[@id=\"__tile109\"]"}
RESULT: {"using":"xpath","value":"//*[@id=\"__tile109\"]"}
COMMAND: POST /session/6d8bd7b67751d8070595134c0dd0c9c6/element/f.682637C0DBC81701DD87E9FA8F6607BC.d.DF4A5CFEB5E1273050D49AF123BE3C57.e.5364/click - {}
RESULT: {}
COMMAND: GET /session/6d8bd7b67751d8070595134c0dd0c9c6/screenshot - {}
RESULT: {}
COMMAND: POST /session/6d8bd7b67751d8070595134c0dd0c9c6/elements - {"using":"xpath","value":"//span[text()='Error']"}
RESULT: {"using":"xpath","value":"//span[text()='Error']"}
COMMAND: POST /session/6d8bd7b67751d8070595134c0dd0c9c6/execute/async - {"script":"<script> [1562 bytes]","args":[{"selector":{"id":"application-iscschedules-display-component---scheduleList--createScheduleButton-img"},"wdio_ui5_key":"applicationiscschedules-display-component---scheduleList--createScheduleButton-img"}]}
RESULT: {"script":"<script> [1562 bytes]","args":[{"selector":{"id":"application-iscschedules-display-component---scheduleList--createScheduleButton-img"},"wdio_ui5_key":"applicationiscschedules-display-component---scheduleList--createScheduleButton-img"}]}
RESULT: undefined
COMMAND: POST /session/6d8bd7b67751d8070595134c0dd0c9c6/element - {"using":"xpath","value":"//*[@id=\"application-iscschedules-display-component---scheduleList--createScheduleButton-img\"]"}
RESULT: {"using":"xpath","value":"//*[@id=\"application-iscschedules-display-component---scheduleList--createScheduleButton-img\"]"}
COMMAND: POST /session/6d8bd7b67751d8070595134c0dd0c9c6/element/f.682637C0DBC81701DD87E9FA8F6607BC.d.DF4A5CFEB5E1273050D49AF123BE3C57.e.5407/click - {}
RESULT: {}
COMMAND: GET /session/6d8bd7b67751d8070595134c0dd0c9c6/screenshot - {}
RESULT: {}
COMMAND: POST /session/6d8bd7b67751d8070595134c0dd0c9c6/execute/async - {"script":"<script> [1562 bytes]","args":[{"selector":{"id":"application-iscschedules-display-component---createSchedule--templateValue-vhi"},"wdio_ui5_key":"applicationiscschedules-display-component---createSchedule--templateValue-vhi"}]}
RESULT: {"script":"<script> [1562 bytes]","args":[{"selector":{"id":"application-iscschedules-display-component---createSchedule--templateValue-vhi"},"wdio_ui5_key":"applicationiscschedules-display-component---createSchedule--templateValue-vhi"}]}
RESULT: undefined
COMMAND: POST /session/6d8bd7b67751d8070595134c0dd0c9c6/element - {"using":"xpath","value":"//*[@id=\"application-iscschedules-display-component---createSchedule--templateValue-vhi\"]"}
RESULT: {"using":"xpath","value":"//*[@id=\"application-iscschedules-display-component---createSchedule--templateValue-vhi\"]"}
COMMAND: POST /session/6d8bd7b67751d8070595134c0dd0c9c6/element/f.682637C0DBC81701DD87E9FA8F6607BC.d.DF4A5CFEB5E1273050D49AF123BE3C57.e.5687/click - {}
RESULT: {}
COMMAND: GET /session/6d8bd7b67751d8070595134c0dd0c9c6/screenshot - {}
RESULT: {}
COMMAND: POST /session/6d8bd7b67751d8070595134c0dd0c9c6/element - {"using":"xpath","value":"//input[contains(@id ,\"application-iscschedules-display-component---createSchedule--smartFilterBarTemplates-btnBasicSearch-I\")]"}
RESULT: {"using":"xpath","value":"//input[contains(@id ,\"application-iscschedules-display-component---createSchedule--smartFilterBarTemplates-btnBasicSearch-I\")]"}
COMMAND: POST /session/6d8bd7b67751d8070595134c0dd0c9c6/element/f.682637C0DBC81701DD87E9FA8F6607BC.d.DF4A5CFEB5E1273050D49AF123BE3C57.e.5689/clear - {}
RESULT: {}
COMMAND: POST /session/6d8bd7b67751d8070595134c0dd0c9c6/element/f.682637C0DBC81701DD87E9FA8F6607BC.d.DF4A5CFEB5E1273050D49AF123BE3C57.e.5689/value - {"text":"10045"}
COMMAND: GET /session/6d8bd7b67751d8070595134c0dd0c9c6/screenshot - {}
RESULT: {"text":"10045"}
COMMAND: POST /session/6d8bd7b67751d8070595134c0dd0c9c6/actions - {"actions":[{"id":"action32","type":"key","parameters":{},"actions":[{"type":"keyDown","value":"î€‡"},{"type":"pause","duration":10},{"type":"keyUp","value":"î€‡"}]}]}
COMMAND: GET /session/6d8bd7b67751d8070595134c0dd0c9c6/screenshot - {}
RESULT: {}
RESULT: {"actions":[{"id":"action32","type":"key","parameters":{},"actions":[{"type":"keyDown","value":"î€‡"},{"type":"pause","duration":10},{"type":"keyUp","value":"î€‡"}]}]}
COMMAND: GET /session/6d8bd7b67751d8070595134c0dd0c9c6/screenshot - {}
RESULT: {}
RESULT: {}
COMMAND: POST /session/6d8bd7b67751d8070595134c0dd0c9c6/element - {"using":"xpath","value":"//span[contains(@id ,\"text\")][contains(text(), \"10045\")]"}
RESULT: {"using":"xpath","value":"//span[contains(@id ,\"text\")][contains(text(), \"10045\")]"}
COMMAND: POST /session/6d8bd7b67751d8070595134c0dd0c9c6/element/f.682637C0DBC81701DD87E9FA8F6607BC.d.DF4A5CFEB5E1273050D49AF123BE3C57.e.5710/click - {}
RESULT: {}
COMMAND: POST /session/6d8bd7b67751d8070595134c0dd0c9c6/element - {"using":"xpath","value":"//bdi[contains(@id ,\"application-iscschedules-display-component---createSchedule--templateSelectionButton-BDI-content\")]"}
COMMAND: GET /session/6d8bd7b67751d8070595134c0dd0c9c6/screenshot - {}
RESULT: {"using":"xpath","value":"//bdi[contains(@id ,\"application-iscschedules-display-component---createSchedule--templateSelectionButton-BDI-content\")]"}
COMMAND: POST /session/6d8bd7b67751d8070595134c0dd0c9c6/element/f.682637C0DBC81701DD87E9FA8F6607BC.d.DF4A5CFEB5E1273050D49AF123BE3C57.e.5712/click - {}
RESULT: {}
RESULT: {}
COMMAND: GET /session/6d8bd7b67751d8070595134c0dd0c9c6/screenshot - {}
RESULT: {}
COMMAND: POST /session/6d8bd7b67751d8070595134c0dd0c9c6/element - {"using":"xpath","value":"//input[contains(@id ,\"application-iscschedules-display-component---createSchedule--yardComboBox-inner\")]"}
RESULT: {"using":"xpath","value":"//input[contains(@id ,\"application-iscschedules-display-component---createSchedule--yardComboBox-inner\")]"}
COMMAND: POST /session/6d8bd7b67751d8070595134c0dd0c9c6/element/f.682637C0DBC81701DD87E9FA8F6607BC.d.DF4A5CFEB5E1273050D49AF123BE3C57.e.5732/clear - {}
RESULT: {}
COMMAND: POST /session/6d8bd7b67751d8070595134c0dd0c9c6/element/f.682637C0DBC81701DD87E9FA8F6607BC.d.DF4A5CFEB5E1273050D49AF123BE3C57.e.5732/value - {"text":"109"}
COMMAND: GET /session/6d8bd7b67751d8070595134c0dd0c9c6/screenshot - {}
RESULT: {"text":"109"}
COMMAND: GET /session/6d8bd7b67751d8070595134c0dd0c9c6/screenshot - {}
RESULT: {}
RESULT: {}
COMMAND: POST /session/6d8bd7b67751d8070595134c0dd0c9c6/actions - {"actions":[{"id":"action33","type":"key","parameters":{},"actions":[{"type":"keyDown","value":"î€‡"},{"type":"pause","duration":10},{"type":"keyUp","value":"î€‡"}]}]}
RESULT: {"actions":[{"id":"action33","type":"key","parameters":{},"actions":[{"type":"keyDown","value":"î€‡"},{"type":"pause","duration":10},{"type":"keyUp","value":"î€‡"}]}]}
COMMAND: GET /session/6d8bd7b67751d8070595134c0dd0c9c6/screenshot - {}
RESULT: {}
COMMAND: POST /session/6d8bd7b67751d8070595134c0dd0c9c6/element - {"using":"xpath","value":"//span[contains(text(), \"Contract Item\")]"}
RESULT: {"using":"xpath","value":"//span[contains(text(), \"Contract Item\")]"}
COMMAND: GET /session/6d8bd7b67751d8070595134c0dd0c9c6/element/f.682637C0DBC81701DD87E9FA8F6607BC.d.DF4A5CFEB5E1273050D49AF123BE3C57.e.5917/rect - {}
RESULT: {}
COMMAND: GET /session/6d8bd7b67751d8070595134c0dd0c9c6/window/rect - {}
RESULT: {}
COMMAND: POST /session/6d8bd7b67751d8070595134c0dd0c9c6/execute/sync - {"script":"<script> [92 bytes]","args":[]}
RESULT: {"script":"<script> [92 bytes]","args":[]}
COMMAND: POST /session/6d8bd7b67751d8070595134c0dd0c9c6/actions - {"actions":[{"id":"action34","type":"wheel","parameters":{},"actions":[{"type":"scroll","x":-1840,"y":-17,"deltaX":0,"deltaY":0,"duration":0,"origin":{"element-6066-11e4-a52e-4f735466cecf":"f.682637C0DBC81701DD87E9FA8F6607BC.d.DF4A5CFEB5E1273050D49AF123BE3C57.e.5917"}}]}]}
COMMAND: GET /session/6d8bd7b67751d8070595134c0dd0c9c6/screenshot - {}
RESULT: {}
COMMAND: POST /session/6d8bd7b67751d8070595134c0dd0c9c6/execute/sync - {"script":"<script> [79 bytes]","args":[{"element-6066-11e4-a52e-4f735466cecf":"f.682637C0DBC81701DD87E9FA8F6607BC.d.DF4A5CFEB5E1273050D49AF123BE3C57.e.5917","ELEMENT":"f.682637C0DBC81701DD87E9FA8F6607BC.d.DF4A5CFEB5E1273050D49AF123BE3C57.e.5917"},{"block":"start","inline":"nearest"}]}
RESULT: {"script":"<script> [79 bytes]","args":[{"element-6066-11e4-a52e-4f735466cecf":"f.682637C0DBC81701DD87E9FA8F6607BC.d.DF4A5CFEB5E1273050D49AF123BE3C57.e.5917","ELEMENT":"f.682637C0DBC81701DD87E9FA8F6607BC.d.DF4A5CFEB5E1273050D49AF123BE3C57.e.5917"},{"block":"start","inline":"nearest"}]}
COMMAND: GET /session/6d8bd7b67751d8070595134c0dd0c9c6/screenshot - {}
RESULT: {}
COMMAND: POST /session/6d8bd7b67751d8070595134c0dd0c9c6/element - {"using":"xpath","value":"//span[contains(@id ,\"application-iscschedules-display-component---createSchedule--contractItemInput-vhi\")]"}
RESULT: {"using":"xpath","value":"//span[contains(@id ,\"application-iscschedules-display-component---createSchedule--contractItemInput-vhi\")]"}
COMMAND: POST /session/6d8bd7b67751d8070595134c0dd0c9c6/element/f.682637C0DBC81701DD87E9FA8F6607BC.d.DF4A5CFEB5E1273050D49AF123BE3C57.e.5963/click - {}
RESULT: {}
COMMAND: GET /session/6d8bd7b67751d8070595134c0dd0c9c6/screenshot - {}
RESULT: {}
COMMAND: POST /session/6d8bd7b67751d8070595134c0dd0c9c6/element - {"using":"xpath","value":"//input[contains(@id ,\"application-iscschedules-display-component---createSchedule--contractItemSelectionSmartFb-btnBasicSearch-I\")]"}
RESULT: {"using":"xpath","value":"//input[contains(@id ,\"application-iscschedules-display-component---createSchedule--contractItemSelectionSmartFb-btnBasicSearch-I\")]"}
COMMAND: POST /session/6d8bd7b67751d8070595134c0dd0c9c6/element/f.682637C0DBC81701DD87E9FA8F6607BC.d.DF4A5CFEB5E1273050D49AF123BE3C57.e.5965/clear - {}
RESULT: {}
COMMAND: POST /session/6d8bd7b67751d8070595134c0dd0c9c6/element/f.682637C0DBC81701DD87E9FA8F6607BC.d.DF4A5CFEB5E1273050D49AF123BE3C57.e.5965/value - {"text":"WdIOTestEquipbt1kb"}
COMMAND: GET /session/6d8bd7b67751d8070595134c0dd0c9c6/screenshot - {}
RESULT: {"text":"WdIOTestEquipbt1kb"}
COMMAND: GET /session/6d8bd7b67751d8070595134c0dd0c9c6/screenshot - {}
RESULT: {}
RESULT: {}
COMMAND: POST /session/6d8bd7b67751d8070595134c0dd0c9c6/actions - {"actions":[{"id":"action35","type":"key","parameters":{},"actions":[{"type":"keyDown","value":"î€‡"},{"type":"pause","duration":10},{"type":"keyUp","value":"î€‡"}]}]}
RESULT: {"actions":[{"id":"action35","type":"key","parameters":{},"actions":[{"type":"keyDown","value":"î€‡"},{"type":"pause","duration":10},{"type":"keyUp","value":"î€‡"}]}]}
COMMAND: GET /session/6d8bd7b67751d8070595134c0dd0c9c6/screenshot - {}
RESULT: {}
COMMAND: POST /session/6d8bd7b67751d8070595134c0dd0c9c6/element - {"using":"xpath","value":"//span[contains(@id ,\"text\")][contains(text(), \"1001\")]"}
RESULT: {"using":"xpath","value":"//span[contains(@id ,\"text\")][contains(text(), \"1001\")]"}
COMMAND: POST /session/6d8bd7b67751d8070595134c0dd0c9c6/element/f.682637C0DBC81701DD87E9FA8F6607BC.d.DF4A5CFEB5E1273050D49AF123BE3C57.e.6022/click - {}
RESULT: {}
COMMAND: GET /session/6d8bd7b67751d8070595134c0dd0c9c6/screenshot - {}
RESULT: {}
COMMAND: POST /session/6d8bd7b67751d8070595134c0dd0c9c6/element - {"using":"xpath","value":"//bdi[contains(text(), \"Select\")]"}
RESULT: {"using":"xpath","value":"//bdi[contains(text(), \"Select\")]"}
COMMAND: POST /session/6d8bd7b67751d8070595134c0dd0c9c6/element/f.682637C0DBC81701DD87E9FA8F6607BC.d.DF4A5CFEB5E1273050D49AF123BE3C57.e.6023/click - {}
RESULT: {}
COMMAND: GET /session/6d8bd7b67751d8070595134c0dd0c9c6/screenshot - {}
RESULT: {}
COMMAND: POST /session/6d8bd7b67751d8070595134c0dd0c9c6/element - {"using":"xpath","value":"//bdi[contains(@id ,\"application-iscschedules-display-component---createSchedule--saveScheduleButton-BDI-content\")]"}
RESULT: {"using":"xpath","value":"//bdi[contains(@id ,\"application-iscschedules-display-component---createSchedule--saveScheduleButton-BDI-content\")]"}
COMMAND: POST /session/6d8bd7b67751d8070595134c0dd0c9c6/element/f.682637C0DBC81701DD87E9FA8F6607BC.d.DF4A5CFEB5E1273050D49AF123BE3C57.e.6038/click - {}
RESULT: {}
COMMAND: GET /session/6d8bd7b67751d8070595134c0dd0c9c6/screenshot - {}
RESULT: {}
COMMAND: POST /session/6d8bd7b67751d8070595134c0dd0c9c6/element - {"using":"xpath","value":"//bdi[contains(text(), \"OK\")]"}
RESULT: {"using":"xpath","value":"//bdi[contains(text(), \"OK\")]"}
COMMAND: POST /session/6d8bd7b67751d8070595134c0dd0c9c6/element/f.682637C0DBC81701DD87E9FA8F6607BC.d.DF4A5CFEB5E1273050D49AF123BE3C57.e.6041/click - {}
RESULT: {}
COMMAND: GET /session/6d8bd7b67751d8070595134c0dd0c9c6/screenshot - {}
RESULT: {}
COMMAND: POST /session/6d8bd7b67751d8070595134c0dd0c9c6/execute/async - {"script":"<script> [1562 bytes]","args":[{"selector":{"controlType":"sap.m.Button","viewName":"reusables.view.ISC.Schedules.Detail","viewId":"application-iscschedules-display-component---displaySchedule","properties":{"text":"Orders"},"interaction":{"idSuffix":"BDI-content"}},"wdio_ui5_key":"reusablesview.ISC.Schedules.Detailsap.m.Button{\"text\":\"Orders\"}"}]}
RESULT: {"script":"<script> [1562 bytes]","args":[{"selector":{"controlType":"sap.m.Button","viewName":"reusables.view.ISC.Schedules.Detail","viewId":"application-iscschedules-display-component---displaySchedule","properties":{"text":"Orders"},"interaction":{"idSuffix":"BDI-content"}},"wdio_ui5_key":"reusablesview.ISC.Schedules.Detailsap.m.Button{\"text\":\"Orders\"}"}]}
RESULT: undefined
COMMAND: POST /session/6d8bd7b67751d8070595134c0dd0c9c6/element - {"using":"xpath","value":"//*[@id=\"__layout236-anchBar-application-iscschedules-display-component---displaySchedule--orderList-anchor\"]"}
RESULT: {"using":"xpath","value":"//*[@id=\"__layout236-anchBar-application-iscschedules-display-component---displaySchedule--orderList-anchor\"]"}
COMMAND: POST /session/6d8bd7b67751d8070595134c0dd0c9c6/element/f.682637C0DBC81701DD87E9FA8F6607BC.d.DF4A5CFEB5E1273050D49AF123BE3C57.e.6064/click - {}
RESULT: {}
COMMAND: GET /session/6d8bd7b67751d8070595134c0dd0c9c6/screenshot - {}
RESULT: {}
COMMAND: POST /session/6d8bd7b67751d8070595134c0dd0c9c6/element - {"using":"xpath","value":"//*[contains(@id ,\"application-iscschedules-display-component---displaySchedule--sacOrdersTable\")][contains(@class ,\"sapMLnk sapMLnkMaxWidth\")]"}
RESULT: {"using":"xpath","value":"//*[contains(@id ,\"application-iscschedules-display-component---displaySchedule--sacOrdersTable\")][contains(@class ,\"sapMLnk sapMLnkMaxWidth\")]"}
COMMAND: GET /session/6d8bd7b67751d8070595134c0dd0c9c6/element/f.682637C0DBC81701DD87E9FA8F6607BC.d.DF4A5CFEB5E1273050D49AF123BE3C57.e.6071/text - {}
RESULT: {}
COMMAND: DELETE /session/6d8bd7b67751d8070595134c0dd0c9c6 - {}
RESULT: {}
]]></system-out>
    </testcase>
  </testsuite>
</testsuites>