<?xml version="1.0" encoding="UTF-8"?>
<testsuites tests="21" failures="0" errors="0" skipped="0">
  <testsuite timestamp="2025-06-04T16:57:26" time="394.229" tests="3" failures="0" errors="0" skipped="0">
    <properties>
      <property name="specId" value="0" />
      <property name="suiteName" value="Create condition pricing US117289 US134625" />
      <property name="capabilities" value="chrome.137_0_7151_56.windows" />
      <property name="file" value="file:///D:/a/1/s/test/specs/BTS/create-condition-pricing.spec.js" />
    </properties>
    <testcase classname="chrome.137_0_7151_56.windows.Create_condition_pricing_US117289_US134625" name="Should create a new yard used for all following tests" time="128.274">
      <system-out><![CDATA[
COMMAND: POST /session/bac753d7431ab8579d321a709828f6cf/window/fullscreen - {}
RESULT: {}
COMMAND: POST /session/bac753d7431ab8579d321a709828f6cf/execute/async - {"script":"<script> [1562 bytes]","args":[{"selector":{"controlType":"sap.m.GenericTile","properties":{"header":"Manage Yards"}},"wdio_ui5_key":"sapm.GenericTile{\"header\":\"Manage Yards\"}"}]}
RESULT: {"script":"<script> [1562 bytes]","args":[{"selector":{"controlType":"sap.m.GenericTile","properties":{"header":"Manage Yards"}},"wdio_ui5_key":"sapm.GenericTile{\"header\":\"Manage Yards\"}"}]}
RESULT: undefined
COMMAND: POST /session/bac753d7431ab8579d321a709828f6cf/element - {"using":"xpath","value":"//*[@id=\"__tile41\"]"}
RESULT: {"using":"xpath","value":"//*[@id=\"__tile41\"]"}
COMMAND: POST /session/bac753d7431ab8579d321a709828f6cf/element/f.AB4A68BA45A81A2DBE2B8A5915AD560C.d.5E10681D007C3A8D0EB64FADEDCF2E3C.e.162/click - {}
RESULT: {}
COMMAND: GET /session/bac753d7431ab8579d321a709828f6cf/screenshot - {}
RESULT: {}
COMMAND: POST /session/bac753d7431ab8579d321a709828f6cf/elements - {"using":"xpath","value":"//span[text()='Error']"}
RESULT: {"using":"xpath","value":"//span[text()='Error']"}
COMMAND: POST /session/bac753d7431ab8579d321a709828f6cf/element - {"using":"xpath","value":"//button[@data-kt=\"addNewYardOverflowToolbarButton\"]"}
RESULT: {"using":"xpath","value":"//button[@data-kt=\"addNewYardOverflowToolbarButton\"]"}
COMMAND: POST /session/bac753d7431ab8579d321a709828f6cf/elements - {"using":"xpath","value":"//button[@data-kt=\"addNewYardOverflowToolbarButton\"]"}
RESULT: {"using":"xpath","value":"//button[@data-kt=\"addNewYardOverflowToolbarButton\"]"}
COMMAND: POST /session/bac753d7431ab8579d321a709828f6cf/elements - {"using":"xpath","value":"//button[@data-kt=\"addNewYardOverflowToolbarButton\"]"}
RESULT: {"using":"xpath","value":"//button[@data-kt=\"addNewYardOverflowToolbarButton\"]"}
COMMAND: POST /session/bac753d7431ab8579d321a709828f6cf/elements - {"using":"xpath","value":"//button[@data-kt=\"addNewYardOverflowToolbarButton\"]"}
RESULT: {"using":"xpath","value":"//button[@data-kt=\"addNewYardOverflowToolbarButton\"]"}
COMMAND: POST /session/bac753d7431ab8579d321a709828f6cf/elements - {"using":"xpath","value":"//button[@data-kt=\"addNewYardOverflowToolbarButton\"]"}
RESULT: {"using":"xpath","value":"//button[@data-kt=\"addNewYardOverflowToolbarButton\"]"}
COMMAND: POST /session/bac753d7431ab8579d321a709828f6cf/elements - {"using":"xpath","value":"//button[@data-kt=\"addNewYardOverflowToolbarButton\"]"}
RESULT: {"using":"xpath","value":"//button[@data-kt=\"addNewYardOverflowToolbarButton\"]"}
COMMAND: POST /session/bac753d7431ab8579d321a709828f6cf/elements - {"using":"xpath","value":"//button[@data-kt=\"addNewYardOverflowToolbarButton\"]"}
RESULT: {"using":"xpath","value":"//button[@data-kt=\"addNewYardOverflowToolbarButton\"]"}
COMMAND: POST /session/bac753d7431ab8579d321a709828f6cf/elements - {"using":"xpath","value":"//button[@data-kt=\"addNewYardOverflowToolbarButton\"]"}
RESULT: {"using":"xpath","value":"//button[@data-kt=\"addNewYardOverflowToolbarButton\"]"}
COMMAND: POST /session/bac753d7431ab8579d321a709828f6cf/elements - {"using":"xpath","value":"//button[@data-kt=\"addNewYardOverflowToolbarButton\"]"}
RESULT: {"using":"xpath","value":"//button[@data-kt=\"addNewYardOverflowToolbarButton\"]"}
COMMAND: POST /session/bac753d7431ab8579d321a709828f6cf/elements - {"using":"xpath","value":"//button[@data-kt=\"addNewYardOverflowToolbarButton\"]"}
RESULT: {"using":"xpath","value":"//button[@data-kt=\"addNewYardOverflowToolbarButton\"]"}
COMMAND: POST /session/bac753d7431ab8579d321a709828f6cf/elements - {"using":"xpath","value":"//button[@data-kt=\"addNewYardOverflowToolbarButton\"]"}
RESULT: {"using":"xpath","value":"//button[@data-kt=\"addNewYardOverflowToolbarButton\"]"}
COMMAND: POST /session/bac753d7431ab8579d321a709828f6cf/elements - {"using":"xpath","value":"//button[@data-kt=\"addNewYardOverflowToolbarButton\"]"}
RESULT: {"using":"xpath","value":"//button[@data-kt=\"addNewYardOverflowToolbarButton\"]"}
COMMAND: POST /session/bac753d7431ab8579d321a709828f6cf/element - {"using":"xpath","value":"//button[@data-kt=\"addNewYardOverflowToolbarButton\"]"}
RESULT: {"using":"xpath","value":"//button[@data-kt=\"addNewYardOverflowToolbarButton\"]"}
COMMAND: POST /session/bac753d7431ab8579d321a709828f6cf/execute/sync - {"script":"<script> [8489 bytes]","args":[{"element-6066-11e4-a52e-4f735466cecf":"f.AB4A68BA45A81A2DBE2B8A5915AD560C.d.5E10681D007C3A8D0EB64FADEDCF2E3C.e.292","ELEMENT":"f.AB4A68BA45A81A2DBE2B8A5915AD560C.d.5E10681D007C3A8D0EB64FADEDCF2E3C.e.292"}]}
RESULT: {"script":"<script> [8489 bytes]","args":[{"element-6066-11e4-a52e-4f735466cecf":"f.AB4A68BA45A81A2DBE2B8A5915AD560C.d.5E10681D007C3A8D0EB64FADEDCF2E3C.e.292","ELEMENT":"f.AB4A68BA45A81A2DBE2B8A5915AD560C.d.5E10681D007C3A8D0EB64FADEDCF2E3C.e.292"}]}
COMMAND: GET /session/bac753d7431ab8579d321a709828f6cf/element/f.AB4A68BA45A81A2DBE2B8A5915AD560C.d.5E10681D007C3A8D0EB64FADEDCF2E3C.e.292/enabled - {}
COMMAND: GET /session/bac753d7431ab8579d321a709828f6cf/screenshot - {}
RESULT: {}
COMMAND: POST /session/bac753d7431ab8579d321a709828f6cf/execute/sync - {"script":"<script> [8489 bytes]","args":[{"element-6066-11e4-a52e-4f735466cecf":"f.AB4A68BA45A81A2DBE2B8A5915AD560C.d.5E10681D007C3A8D0EB64FADEDCF2E3C.e.292","ELEMENT":"f.AB4A68BA45A81A2DBE2B8A5915AD560C.d.5E10681D007C3A8D0EB64FADEDCF2E3C.e.292"}]}
COMMAND: GET /session/bac753d7431ab8579d321a709828f6cf/screenshot - {}
RESULT: {}
RESULT: {"script":"<script> [8489 bytes]","args":[{"element-6066-11e4-a52e-4f735466cecf":"f.AB4A68BA45A81A2DBE2B8A5915AD560C.d.5E10681D007C3A8D0EB64FADEDCF2E3C.e.292","ELEMENT":"f.AB4A68BA45A81A2DBE2B8A5915AD560C.d.5E10681D007C3A8D0EB64FADEDCF2E3C.e.292"}]}
COMMAND: POST /session/bac753d7431ab8579d321a709828f6cf/execute/sync - {"script":"<script> [5351 bytes]","args":[{"element-6066-11e4-a52e-4f735466cecf":"f.AB4A68BA45A81A2DBE2B8A5915AD560C.d.5E10681D007C3A8D0EB64FADEDCF2E3C.e.292","ELEMENT":"f.AB4A68BA45A81A2DBE2B8A5915AD560C.d.5E10681D007C3A8D0EB64FADEDCF2E3C.e.292"}]}
COMMAND: GET /session/bac753d7431ab8579d321a709828f6cf/screenshot - {}
RESULT: {}
RESULT: {"script":"<script> [5351 bytes]","args":[{"element-6066-11e4-a52e-4f735466cecf":"f.AB4A68BA45A81A2DBE2B8A5915AD560C.d.5E10681D007C3A8D0EB64FADEDCF2E3C.e.292","ELEMENT":"f.AB4A68BA45A81A2DBE2B8A5915AD560C.d.5E10681D007C3A8D0EB64FADEDCF2E3C.e.292"}]}
COMMAND: POST /session/bac753d7431ab8579d321a709828f6cf/element/f.AB4A68BA45A81A2DBE2B8A5915AD560C.d.5E10681D007C3A8D0EB64FADEDCF2E3C.e.292/click - {}
COMMAND: GET /session/bac753d7431ab8579d321a709828f6cf/screenshot - {}
RESULT: {}
RESULT: {}
COMMAND: GET /session/bac753d7431ab8579d321a709828f6cf/screenshot - {}
RESULT: {}
RESULT: {}
COMMAND: POST /session/bac753d7431ab8579d321a709828f6cf/element - {"using":"xpath","value":"//input[@id=\"application-manageyards-display-component---NewYard--yardId-inner\"]"}
RESULT: {"using":"xpath","value":"//input[@id=\"application-manageyards-display-component---NewYard--yardId-inner\"]"}
COMMAND: POST /session/bac753d7431ab8579d321a709828f6cf/element - {"using":"xpath","value":"//input[@id=\"application-manageyards-display-component---NewYard--yardId-inner\"]"}
RESULT: {"using":"xpath","value":"//input[@id=\"application-manageyards-display-component---NewYard--yardId-inner\"]"}
COMMAND: POST /session/bac753d7431ab8579d321a709828f6cf/execute/async - {"script":"<script> [1562 bytes]","args":[{"selector":{"id":"application-manageyards-display-component---NewYard--addressDetailDetailsName1","interaction":{"idSuffix":"inner"}},"wdio_ui5_key":"applicationmanageyards-display-component---NewYard--addressDetailDetailsName1"}]}
RESULT: {"script":"<script> [1562 bytes]","args":[{"selector":{"id":"application-manageyards-display-component---NewYard--addressDetailDetailsName1","interaction":{"idSuffix":"inner"}},"wdio_ui5_key":"applicationmanageyards-display-component---NewYard--addressDetailDetailsName1"}]}
RESULT: undefined
COMMAND: POST /session/bac753d7431ab8579d321a709828f6cf/execute/async - {"script":"<script> [776 bytes]","args":[{"enterText":"DailyPrice WDIO","selector":{"id":"application-manageyards-display-component---NewYard--addressDetailDetailsName1","interaction":{"idSuffix":"inner"}},"clearTextFirst":true,"interactionType":"ENTER_TEXT"}]}
RESULT: {"script":"<script> [776 bytes]","args":[{"enterText":"DailyPrice WDIO","selector":{"id":"application-manageyards-display-component---NewYard--addressDetailDetailsName1","interaction":{"idSuffix":"inner"}},"clearTextFirst":true,"interactionType":"ENTER_TEXT"}]}
COMMAND: POST /session/bac753d7431ab8579d321a709828f6cf/execute/async - {"script":"<script> [1562 bytes]","args":[{"selector":{"id":"application-manageyards-display-component---NewYard--addressDetailDetailsLanguage-arrow"},"wdio_ui5_key":"applicationmanageyards-display-component---NewYard--addressDetailDetailsLanguage-arrow"}]}
RESULT: {"script":"<script> [1562 bytes]","args":[{"selector":{"id":"application-manageyards-display-component---NewYard--addressDetailDetailsLanguage-arrow"},"wdio_ui5_key":"applicationmanageyards-display-component---NewYard--addressDetailDetailsLanguage-arrow"}]}
RESULT: undefined
COMMAND: POST /session/bac753d7431ab8579d321a709828f6cf/element - {"using":"xpath","value":"//*[@id=\"application-manageyards-display-component---NewYard--addressDetailDetailsLanguage-arrow\"]"}
RESULT: {"using":"xpath","value":"//*[@id=\"application-manageyards-display-component---NewYard--addressDetailDetailsLanguage-arrow\"]"}
COMMAND: POST /session/bac753d7431ab8579d321a709828f6cf/element/f.AB4A68BA45A81A2DBE2B8A5915AD560C.d.5E10681D007C3A8D0EB64FADEDCF2E3C.e.725/click - {}
RESULT: {}
COMMAND: POST /session/bac753d7431ab8579d321a709828f6cf/element - {"using":"xpath","value":"//span[contains(text(), \"English\")]"}
COMMAND: GET /session/bac753d7431ab8579d321a709828f6cf/screenshot - {}
RESULT: {"using":"xpath","value":"//span[contains(text(), \"English\")]"}
COMMAND: POST /session/bac753d7431ab8579d321a709828f6cf/element/f.AB4A68BA45A81A2DBE2B8A5915AD560C.d.5E10681D007C3A8D0EB64FADEDCF2E3C.e.726/click - {}
RESULT: {}
RESULT: {}
COMMAND: POST /session/bac753d7431ab8579d321a709828f6cf/execute/async - {"script":"<script> [1562 bytes]","args":[{"selector":{"id":"application-manageyards-display-component---NewYard--addressDetailDetailsCity1","interaction":{"idSuffix":"inner"}},"wdio_ui5_key":"applicationmanageyards-display-component---NewYard--addressDetailDetailsCity1"}]}
COMMAND: GET /session/bac753d7431ab8579d321a709828f6cf/screenshot - {}
RESULT: {"script":"<script> [1562 bytes]","args":[{"selector":{"id":"application-manageyards-display-component---NewYard--addressDetailDetailsCity1","interaction":{"idSuffix":"inner"}},"wdio_ui5_key":"applicationmanageyards-display-component---NewYard--addressDetailDetailsCity1"}]}
RESULT: undefined
COMMAND: POST /session/bac753d7431ab8579d321a709828f6cf/execute/async - {"script":"<script> [776 bytes]","args":[{"enterText":"Rosario","selector":{"id":"application-manageyards-display-component---NewYard--addressDetailDetailsCity1","interaction":{"idSuffix":"inner"}},"clearTextFirst":true,"interactionType":"ENTER_TEXT"}]}
RESULT: {}
RESULT: {"script":"<script> [776 bytes]","args":[{"enterText":"Rosario","selector":{"id":"application-manageyards-display-component---NewYard--addressDetailDetailsCity1","interaction":{"idSuffix":"inner"}},"clearTextFirst":true,"interactionType":"ENTER_TEXT"}]}
COMMAND: POST /session/bac753d7431ab8579d321a709828f6cf/execute/async - {"script":"<script> [1562 bytes]","args":[{"selector":{"id":"application-manageyards-display-component---NewYard--addressDetailDetailsCountry-arrow"},"wdio_ui5_key":"applicationmanageyards-display-component---NewYard--addressDetailDetailsCountry-arrow"}]}
RESULT: {"script":"<script> [1562 bytes]","args":[{"selector":{"id":"application-manageyards-display-component---NewYard--addressDetailDetailsCountry-arrow"},"wdio_ui5_key":"applicationmanageyards-display-component---NewYard--addressDetailDetailsCountry-arrow"}]}
RESULT: undefined
COMMAND: POST /session/bac753d7431ab8579d321a709828f6cf/element - {"using":"xpath","value":"//*[@id=\"application-manageyards-display-component---NewYard--addressDetailDetailsCountry-arrow\"]"}
RESULT: {"using":"xpath","value":"//*[@id=\"application-manageyards-display-component---NewYard--addressDetailDetailsCountry-arrow\"]"}
COMMAND: POST /session/bac753d7431ab8579d321a709828f6cf/element/f.AB4A68BA45A81A2DBE2B8A5915AD560C.d.5E10681D007C3A8D0EB64FADEDCF2E3C.e.728/click - {}
RESULT: {}
COMMAND: POST /session/bac753d7431ab8579d321a709828f6cf/element - {"using":"xpath","value":"//span[contains(text(), \"Argentina\")]"}
COMMAND: GET /session/bac753d7431ab8579d321a709828f6cf/screenshot - {}
RESULT: {"using":"xpath","value":"//span[contains(text(), \"Argentina\")]"}
COMMAND: POST /session/bac753d7431ab8579d321a709828f6cf/element/f.AB4A68BA45A81A2DBE2B8A5915AD560C.d.5E10681D007C3A8D0EB64FADEDCF2E3C.e.730/click - {}
RESULT: {}
RESULT: {}
COMMAND: POST /session/bac753d7431ab8579d321a709828f6cf/execute/async - {"script":"<script> [1562 bytes]","args":[{"selector":{"id":"application-manageyards-display-component---NewYard--addressEditDetailsCostObjectCstType-arrow"},"wdio_ui5_key":"applicationmanageyards-display-component---NewYard--addressEditDetailsCostObjectCstType-arrow"}]}
COMMAND: GET /session/bac753d7431ab8579d321a709828f6cf/screenshot - {}
RESULT: {"script":"<script> [1562 bytes]","args":[{"selector":{"id":"application-manageyards-display-component---NewYard--addressEditDetailsCostObjectCstType-arrow"},"wdio_ui5_key":"applicationmanageyards-display-component---NewYard--addressEditDetailsCostObjectCstType-arrow"}]}
RESULT: undefined
COMMAND: POST /session/bac753d7431ab8579d321a709828f6cf/element - {"using":"xpath","value":"//*[@id=\"application-manageyards-display-component---NewYard--addressEditDetailsCostObjectCstType-arrow\"]"}
RESULT: {}
RESULT: {"using":"xpath","value":"//*[@id=\"application-manageyards-display-component---NewYard--addressEditDetailsCostObjectCstType-arrow\"]"}
COMMAND: POST /session/bac753d7431ab8579d321a709828f6cf/element/f.AB4A68BA45A81A2DBE2B8A5915AD560C.d.5E10681D007C3A8D0EB64FADEDCF2E3C.e.731/click - {}
RESULT: {}
COMMAND: POST /session/bac753d7431ab8579d321a709828f6cf/element - {"using":"xpath","value":"//span[contains(text(), \"Cost Center\")]"}
COMMAND: GET /session/bac753d7431ab8579d321a709828f6cf/screenshot - {}
RESULT: {"using":"xpath","value":"//span[contains(text(), \"Cost Center\")]"}
COMMAND: POST /session/bac753d7431ab8579d321a709828f6cf/element/f.AB4A68BA45A81A2DBE2B8A5915AD560C.d.5E10681D007C3A8D0EB64FADEDCF2E3C.e.732/click - {}
RESULT: {}
RESULT: {}
COMMAND: GET /session/bac753d7431ab8579d321a709828f6cf/screenshot - {}
RESULT: {}
COMMAND: POST /session/bac753d7431ab8579d321a709828f6cf/element - {"using":"xpath","value":"//span[@id=\"application-manageyards-display-component---NewYard--addressNewCostObjectCstID-vhi\"]"}
RESULT: {"using":"xpath","value":"//span[@id=\"application-manageyards-display-component---NewYard--addressNewCostObjectCstID-vhi\"]"}
COMMAND: POST /session/bac753d7431ab8579d321a709828f6cf/execute/sync - {"script":"<script> [8489 bytes]","args":[{"element-6066-11e4-a52e-4f735466cecf":"f.AB4A68BA45A81A2DBE2B8A5915AD560C.d.5E10681D007C3A8D0EB64FADEDCF2E3C.e.736","ELEMENT":"f.AB4A68BA45A81A2DBE2B8A5915AD560C.d.5E10681D007C3A8D0EB64FADEDCF2E3C.e.736"}]}
RESULT: {"script":"<script> [8489 bytes]","args":[{"element-6066-11e4-a52e-4f735466cecf":"f.AB4A68BA45A81A2DBE2B8A5915AD560C.d.5E10681D007C3A8D0EB64FADEDCF2E3C.e.736","ELEMENT":"f.AB4A68BA45A81A2DBE2B8A5915AD560C.d.5E10681D007C3A8D0EB64FADEDCF2E3C.e.736"}]}
COMMAND: POST /session/bac753d7431ab8579d321a709828f6cf/execute/async - {"script":"<script> [1562 bytes]","args":[{"selector":{"id":"application-manageyards-display-component---NewYard--addressNewCostObjectCstID-vhi"},"wdio_ui5_key":"applicationmanageyards-display-component---NewYard--addressNewCostObjectCstID-vhi"}]}
COMMAND: GET /session/bac753d7431ab8579d321a709828f6cf/screenshot - {}
RESULT: {"script":"<script> [1562 bytes]","args":[{"selector":{"id":"application-manageyards-display-component---NewYard--addressNewCostObjectCstID-vhi"},"wdio_ui5_key":"applicationmanageyards-display-component---NewYard--addressNewCostObjectCstID-vhi"}]}
RESULT: undefined
COMMAND: POST /session/bac753d7431ab8579d321a709828f6cf/element - {"using":"xpath","value":"//*[@id=\"application-manageyards-display-component---NewYard--addressNewCostObjectCstID-vhi\"]"}
RESULT: {}
RESULT: {"using":"xpath","value":"//*[@id=\"application-manageyards-display-component---NewYard--addressNewCostObjectCstID-vhi\"]"}
COMMAND: POST /session/bac753d7431ab8579d321a709828f6cf/element/f.AB4A68BA45A81A2DBE2B8A5915AD560C.d.5E10681D007C3A8D0EB64FADEDCF2E3C.e.736/click - {}
RESULT: {}
COMMAND: GET /session/bac753d7431ab8579d321a709828f6cf/screenshot - {}
RESULT: {}
COMMAND: POST /session/bac753d7431ab8579d321a709828f6cf/execute/async - {"script":"<script> [1562 bytes]","args":[{"selector":{"controlType":"sap.m.SearchField","properties":{"placeholder":"Search"},"searchOpenDialogs":true,"interaction":{"idSuffix":"I"}},"wdio_ui5_key":"sapm.SearchField{\"placeholder\":\"Search\"}"}]}
RESULT: {"script":"<script> [1562 bytes]","args":[{"selector":{"controlType":"sap.m.SearchField","properties":{"placeholder":"Search"},"searchOpenDialogs":true,"interaction":{"idSuffix":"I"}},"wdio_ui5_key":"sapm.SearchField{\"placeholder\":\"Search\"}"}]}
RESULT: undefined
COMMAND: POST /session/bac753d7431ab8579d321a709828f6cf/execute/async - {"script":"<script> [776 bytes]","args":[{"enterText":"bauh_b","selector":{"controlType":"sap.m.SearchField","properties":{"placeholder":"Search"},"searchOpenDialogs":true,"interaction":{"idSuffix":"I"}},"clearTextFirst":true,"interactionType":"ENTER_TEXT"}]}
RESULT: {"script":"<script> [776 bytes]","args":[{"enterText":"bauh_b","selector":{"controlType":"sap.m.SearchField","properties":{"placeholder":"Search"},"searchOpenDialogs":true,"interaction":{"idSuffix":"I"}},"clearTextFirst":true,"interactionType":"ENTER_TEXT"}]}
COMMAND: POST /session/bac753d7431ab8579d321a709828f6cf/actions - {"actions":[{"id":"action1","type":"key","parameters":{},"actions":[{"type":"keyDown","value":"î€‡"},{"type":"pause","duration":10},{"type":"keyUp","value":"î€‡"}]}]}
RESULT: {"actions":[{"id":"action1","type":"key","parameters":{},"actions":[{"type":"keyDown","value":"î€‡"},{"type":"pause","duration":10},{"type":"keyUp","value":"î€‡"}]}]}
COMMAND: GET /session/bac753d7431ab8579d321a709828f6cf/screenshot - {}
RESULT: {}
COMMAND: POST /session/bac753d7431ab8579d321a709828f6cf/element - {"using":"xpath","value":"//span[contains(text(), \"Demo Yard\")]"}
RESULT: {"using":"xpath","value":"//span[contains(text(), \"Demo Yard\")]"}
COMMAND: POST /session/bac753d7431ab8579d321a709828f6cf/element/f.AB4A68BA45A81A2DBE2B8A5915AD560C.d.5E10681D007C3A8D0EB64FADEDCF2E3C.e.745/click - {}
RESULT: {}
COMMAND: GET /session/bac753d7431ab8579d321a709828f6cf/screenshot - {}
RESULT: {}
COMMAND: POST /session/bac753d7431ab8579d321a709828f6cf/element - {"using":"xpath","value":"//bdi[contains(text(), \"OK\")]"}
RESULT: {"using":"xpath","value":"//bdi[contains(text(), \"OK\")]"}
COMMAND: POST /session/bac753d7431ab8579d321a709828f6cf/element/f.AB4A68BA45A81A2DBE2B8A5915AD560C.d.5E10681D007C3A8D0EB64FADEDCF2E3C.e.747/click - {}
RESULT: {}
COMMAND: GET /session/bac753d7431ab8579d321a709828f6cf/screenshot - {}
RESULT: {}
COMMAND: POST /session/bac753d7431ab8579d321a709828f6cf/execute/async - {"script":"<script> [1562 bytes]","args":[{"selector":{"id":"application-manageyards-display-component---NewYard--addressEditDetailsCurrency-arrow"},"wdio_ui5_key":"applicationmanageyards-display-component---NewYard--addressEditDetailsCurrency-arrow"}]}
RESULT: {"script":"<script> [1562 bytes]","args":[{"selector":{"id":"application-manageyards-display-component---NewYard--addressEditDetailsCurrency-arrow"},"wdio_ui5_key":"applicationmanageyards-display-component---NewYard--addressEditDetailsCurrency-arrow"}]}
RESULT: undefined
COMMAND: POST /session/bac753d7431ab8579d321a709828f6cf/element - {"using":"xpath","value":"//*[@id=\"application-manageyards-display-component---NewYard--addressEditDetailsCurrency-arrow\"]"}
RESULT: {"using":"xpath","value":"//*[@id=\"application-manageyards-display-component---NewYard--addressEditDetailsCurrency-arrow\"]"}
COMMAND: POST /session/bac753d7431ab8579d321a709828f6cf/element/f.AB4A68BA45A81A2DBE2B8A5915AD560C.d.5E10681D007C3A8D0EB64FADEDCF2E3C.e.750/click - {}
RESULT: {}
COMMAND: POST /session/bac753d7431ab8579d321a709828f6cf/element - {"using":"xpath","value":"//span[contains(text(), \"Euro\")]"}
COMMAND: GET /session/bac753d7431ab8579d321a709828f6cf/screenshot - {}
RESULT: {"using":"xpath","value":"//span[contains(text(), \"Euro\")]"}
COMMAND: POST /session/bac753d7431ab8579d321a709828f6cf/element/f.AB4A68BA45A81A2DBE2B8A5915AD560C.d.5E10681D007C3A8D0EB64FADEDCF2E3C.e.751/click - {}
RESULT: {}
RESULT: {}
COMMAND: POST /session/bac753d7431ab8579d321a709828f6cf/execute/async - {"script":"<script> [1562 bytes]","args":[{"selector":{"controlType":"sap.m.Input","viewName":"etm.portal.ui.manageyards.view.New","viewId":"application-manageyards-display-component---NewYard","bindingPath":{"path":"","propertyPath":"/CONTROLLING_AREA","modelName":"NewYardModel"},"interaction":{"idSuffix":"inner"}},"wdio_ui5_key":"etmportal.ui.manageyards.view.Newsap.m.Input{\"path\":\"\",\"propertyPath\":\"/CONTROLLING_AREA\",\"modelName\":\"NewYardModel\"}"}]}
COMMAND: GET /session/bac753d7431ab8579d321a709828f6cf/screenshot - {}
RESULT: {"script":"<script> [1562 bytes]","args":[{"selector":{"controlType":"sap.m.Input","viewName":"etm.portal.ui.manageyards.view.New","viewId":"application-manageyards-display-component---NewYard","bindingPath":{"path":"","propertyPath":"/CONTROLLING_AREA","modelName":"NewYardModel"},"interaction":{"idSuffix":"inner"}},"wdio_ui5_key":"etmportal.ui.manageyards.view.Newsap.m.Input{\"path\":\"\",\"propertyPath\":\"/CONTROLLING_AREA\",\"modelName\":\"NewYardModel\"}"}]}
RESULT: undefined
COMMAND: POST /session/bac753d7431ab8579d321a709828f6cf/execute/async - {"script":"<script> [776 bytes]","args":[{"enterText":"Z001","selector":{"controlType":"sap.m.Input","viewName":"etm.portal.ui.manageyards.view.New","viewId":"application-manageyards-display-component---NewYard","bindingPath":{"path":"","propertyPath":"/CONTROLLING_AREA","modelName":"NewYardModel"},"interaction":{"idSuffix":"inner"}},"clearTextFirst":true,"interactionType":"ENTER_TEXT"}]}
RESULT: {}
RESULT: {"script":"<script> [776 bytes]","args":[{"enterText":"Z001","selector":{"controlType":"sap.m.Input","viewName":"etm.portal.ui.manageyards.view.New","viewId":"application-manageyards-display-component---NewYard","bindingPath":{"path":"","propertyPath":"/CONTROLLING_AREA","modelName":"NewYardModel"},"interaction":{"idSuffix":"inner"}},"clearTextFirst":true,"interactionType":"ENTER_TEXT"}]}
COMMAND: POST /session/bac753d7431ab8579d321a709828f6cf/execute/async - {"script":"<script> [1562 bytes]","args":[{"selector":{"id":"application-manageyards-display-component---NewYard--companyCodeComboBox","interaction":{"idSuffix":"inner"}},"wdio_ui5_key":"applicationmanageyards-display-component---NewYard--companyCodeComboBox"}]}
RESULT: {"script":"<script> [1562 bytes]","args":[{"selector":{"id":"application-manageyards-display-component---NewYard--companyCodeComboBox","interaction":{"idSuffix":"inner"}},"wdio_ui5_key":"applicationmanageyards-display-component---NewYard--companyCodeComboBox"}]}
RESULT: undefined
COMMAND: POST /session/bac753d7431ab8579d321a709828f6cf/execute/async - {"script":"<script> [776 bytes]","args":[{"enterText":"1000","selector":{"id":"application-manageyards-display-component---NewYard--companyCodeComboBox","interaction":{"idSuffix":"inner"}},"clearTextFirst":true,"interactionType":"ENTER_TEXT"}]}
RESULT: {"script":"<script> [776 bytes]","args":[{"enterText":"1000","selector":{"id":"application-manageyards-display-component---NewYard--companyCodeComboBox","interaction":{"idSuffix":"inner"}},"clearTextFirst":true,"interactionType":"ENTER_TEXT"}]}
COMMAND: POST /session/bac753d7431ab8579d321a709828f6cf/execute/async - {"script":"<script> [1562 bytes]","args":[{"selector":{"controlType":"sap.m.Input","viewName":"etm.portal.ui.manageyards.view.New","viewId":"application-manageyards-display-component---NewYard","bindingPath":{"path":"","propertyPath":"/PLANT","modelName":"NewYardModel"},"interaction":{"idSuffix":"inner"}},"wdio_ui5_key":"etmportal.ui.manageyards.view.Newsap.m.Input{\"path\":\"\",\"propertyPath\":\"/PLANT\",\"modelName\":\"NewYardModel\"}"}]}
RESULT: {"script":"<script> [1562 bytes]","args":[{"selector":{"controlType":"sap.m.Input","viewName":"etm.portal.ui.manageyards.view.New","viewId":"application-manageyards-display-component---NewYard","bindingPath":{"path":"","propertyPath":"/PLANT","modelName":"NewYardModel"},"interaction":{"idSuffix":"inner"}},"wdio_ui5_key":"etmportal.ui.manageyards.view.Newsap.m.Input{\"path\":\"\",\"propertyPath\":\"/PLANT\",\"modelName\":\"NewYardModel\"}"}]}
RESULT: undefined
COMMAND: POST /session/bac753d7431ab8579d321a709828f6cf/execute/async - {"script":"<script> [776 bytes]","args":[{"enterText":"1001","selector":{"controlType":"sap.m.Input","viewName":"etm.portal.ui.manageyards.view.New","viewId":"application-manageyards-display-component---NewYard","bindingPath":{"path":"","propertyPath":"/PLANT","modelName":"NewYardModel"},"interaction":{"idSuffix":"inner"}},"clearTextFirst":true,"interactionType":"ENTER_TEXT"}]}
RESULT: {"script":"<script> [776 bytes]","args":[{"enterText":"1001","selector":{"controlType":"sap.m.Input","viewName":"etm.portal.ui.manageyards.view.New","viewId":"application-manageyards-display-component---NewYard","bindingPath":{"path":"","propertyPath":"/PLANT","modelName":"NewYardModel"},"interaction":{"idSuffix":"inner"}},"clearTextFirst":true,"interactionType":"ENTER_TEXT"}]}
COMMAND: POST /session/bac753d7431ab8579d321a709828f6cf/execute/async - {"script":"<script> [1562 bytes]","args":[{"selector":{"controlType":"sap.m.Input","viewName":"etm.portal.ui.manageyards.view.New","viewId":"application-manageyards-display-component---NewYard","bindingPath":{"path":"","propertyPath":"/SALES_AREA_VKORG","modelName":"NewYardModel"},"interaction":{"idSuffix":"inner"}},"wdio_ui5_key":"etmportal.ui.manageyards.view.Newsap.m.Input{\"path\":\"\",\"propertyPath\":\"/SALES_AREA_VKORG\",\"modelName\":\"NewYardModel\"}"}]}
RESULT: {"script":"<script> [1562 bytes]","args":[{"selector":{"controlType":"sap.m.Input","viewName":"etm.portal.ui.manageyards.view.New","viewId":"application-manageyards-display-component---NewYard","bindingPath":{"path":"","propertyPath":"/SALES_AREA_VKORG","modelName":"NewYardModel"},"interaction":{"idSuffix":"inner"}},"wdio_ui5_key":"etmportal.ui.manageyards.view.Newsap.m.Input{\"path\":\"\",\"propertyPath\":\"/SALES_AREA_VKORG\",\"modelName\":\"NewYardModel\"}"}]}
RESULT: undefined
COMMAND: POST /session/bac753d7431ab8579d321a709828f6cf/execute/async - {"script":"<script> [776 bytes]","args":[{"enterText":"C002","selector":{"controlType":"sap.m.Input","viewName":"etm.portal.ui.manageyards.view.New","viewId":"application-manageyards-display-component---NewYard","bindingPath":{"path":"","propertyPath":"/SALES_AREA_VKORG","modelName":"NewYardModel"},"interaction":{"idSuffix":"inner"}},"clearTextFirst":true,"interactionType":"ENTER_TEXT"}]}
RESULT: {"script":"<script> [776 bytes]","args":[{"enterText":"C002","selector":{"controlType":"sap.m.Input","viewName":"etm.portal.ui.manageyards.view.New","viewId":"application-manageyards-display-component---NewYard","bindingPath":{"path":"","propertyPath":"/SALES_AREA_VKORG","modelName":"NewYardModel"},"interaction":{"idSuffix":"inner"}},"clearTextFirst":true,"interactionType":"ENTER_TEXT"}]}
COMMAND: POST /session/bac753d7431ab8579d321a709828f6cf/execute/async - {"script":"<script> [1562 bytes]","args":[{"selector":{"controlType":"sap.m.Input","viewName":"etm.portal.ui.manageyards.view.New","viewId":"application-manageyards-display-component---NewYard","bindingPath":{"path":"","propertyPath":"/SALES_AREA_VTWEG","modelName":"NewYardModel"},"interaction":{"idSuffix":"inner"}},"wdio_ui5_key":"etmportal.ui.manageyards.view.Newsap.m.Input{\"path\":\"\",\"propertyPath\":\"/SALES_AREA_VTWEG\",\"modelName\":\"NewYardModel\"}"}]}
RESULT: {"script":"<script> [1562 bytes]","args":[{"selector":{"controlType":"sap.m.Input","viewName":"etm.portal.ui.manageyards.view.New","viewId":"application-manageyards-display-component---NewYard","bindingPath":{"path":"","propertyPath":"/SALES_AREA_VTWEG","modelName":"NewYardModel"},"interaction":{"idSuffix":"inner"}},"wdio_ui5_key":"etmportal.ui.manageyards.view.Newsap.m.Input{\"path\":\"\",\"propertyPath\":\"/SALES_AREA_VTWEG\",\"modelName\":\"NewYardModel\"}"}]}
RESULT: undefined
COMMAND: POST /session/bac753d7431ab8579d321a709828f6cf/execute/async - {"script":"<script> [776 bytes]","args":[{"enterText":"C2","selector":{"controlType":"sap.m.Input","viewName":"etm.portal.ui.manageyards.view.New","viewId":"application-manageyards-display-component---NewYard","bindingPath":{"path":"","propertyPath":"/SALES_AREA_VTWEG","modelName":"NewYardModel"},"interaction":{"idSuffix":"inner"}},"clearTextFirst":true,"interactionType":"ENTER_TEXT"}]}
RESULT: {"script":"<script> [776 bytes]","args":[{"enterText":"C2","selector":{"controlType":"sap.m.Input","viewName":"etm.portal.ui.manageyards.view.New","viewId":"application-manageyards-display-component---NewYard","bindingPath":{"path":"","propertyPath":"/SALES_AREA_VTWEG","modelName":"NewYardModel"},"interaction":{"idSuffix":"inner"}},"clearTextFirst":true,"interactionType":"ENTER_TEXT"}]}
COMMAND: POST /session/bac753d7431ab8579d321a709828f6cf/execute/async - {"script":"<script> [1562 bytes]","args":[{"selector":{"controlType":"sap.m.Input","viewName":"etm.portal.ui.manageyards.view.New","viewId":"application-manageyards-display-component---NewYard","bindingPath":{"path":"","propertyPath":"/SALES_AREA_SPART","modelName":"NewYardModel"},"interaction":{"idSuffix":"inner"}},"wdio_ui5_key":"etmportal.ui.manageyards.view.Newsap.m.Input{\"path\":\"\",\"propertyPath\":\"/SALES_AREA_SPART\",\"modelName\":\"NewYardModel\"}"}]}
RESULT: {"script":"<script> [1562 bytes]","args":[{"selector":{"controlType":"sap.m.Input","viewName":"etm.portal.ui.manageyards.view.New","viewId":"application-manageyards-display-component---NewYard","bindingPath":{"path":"","propertyPath":"/SALES_AREA_SPART","modelName":"NewYardModel"},"interaction":{"idSuffix":"inner"}},"wdio_ui5_key":"etmportal.ui.manageyards.view.Newsap.m.Input{\"path\":\"\",\"propertyPath\":\"/SALES_AREA_SPART\",\"modelName\":\"NewYardModel\"}"}]}
RESULT: undefined
COMMAND: POST /session/bac753d7431ab8579d321a709828f6cf/execute/async - {"script":"<script> [776 bytes]","args":[{"enterText":"C2","selector":{"controlType":"sap.m.Input","viewName":"etm.portal.ui.manageyards.view.New","viewId":"application-manageyards-display-component---NewYard","bindingPath":{"path":"","propertyPath":"/SALES_AREA_SPART","modelName":"NewYardModel"},"interaction":{"idSuffix":"inner"}},"clearTextFirst":true,"interactionType":"ENTER_TEXT"}]}
RESULT: {"script":"<script> [776 bytes]","args":[{"enterText":"C2","selector":{"controlType":"sap.m.Input","viewName":"etm.portal.ui.manageyards.view.New","viewId":"application-manageyards-display-component---NewYard","bindingPath":{"path":"","propertyPath":"/SALES_AREA_SPART","modelName":"NewYardModel"},"interaction":{"idSuffix":"inner"}},"clearTextFirst":true,"interactionType":"ENTER_TEXT"}]}
COMMAND: POST /session/bac753d7431ab8579d321a709828f6cf/execute/async - {"script":"<script> [1562 bytes]","args":[{"selector":{"controlType":"sap.m.Input","viewName":"etm.portal.ui.manageyards.view.New","viewId":"application-manageyards-display-component---NewYard","bindingPath":{"path":"","propertyPath":"/SHIP_POINT","modelName":"NewYardModel"},"interaction":{"idSuffix":"inner"}},"wdio_ui5_key":"etmportal.ui.manageyards.view.Newsap.m.Input{\"path\":\"\",\"propertyPath\":\"/SHIP_POINT\",\"modelName\":\"NewYardModel\"}"}]}
RESULT: {"script":"<script> [1562 bytes]","args":[{"selector":{"controlType":"sap.m.Input","viewName":"etm.portal.ui.manageyards.view.New","viewId":"application-manageyards-display-component---NewYard","bindingPath":{"path":"","propertyPath":"/SHIP_POINT","modelName":"NewYardModel"},"interaction":{"idSuffix":"inner"}},"wdio_ui5_key":"etmportal.ui.manageyards.view.Newsap.m.Input{\"path\":\"\",\"propertyPath\":\"/SHIP_POINT\",\"modelName\":\"NewYardModel\"}"}]}
RESULT: undefined
COMMAND: POST /session/bac753d7431ab8579d321a709828f6cf/execute/async - {"script":"<script> [776 bytes]","args":[{"enterText":"1710","selector":{"controlType":"sap.m.Input","viewName":"etm.portal.ui.manageyards.view.New","viewId":"application-manageyards-display-component---NewYard","bindingPath":{"path":"","propertyPath":"/SHIP_POINT","modelName":"NewYardModel"},"interaction":{"idSuffix":"inner"}},"clearTextFirst":true,"interactionType":"ENTER_TEXT"}]}
RESULT: {"script":"<script> [776 bytes]","args":[{"enterText":"1710","selector":{"controlType":"sap.m.Input","viewName":"etm.portal.ui.manageyards.view.New","viewId":"application-manageyards-display-component---NewYard","bindingPath":{"path":"","propertyPath":"/SHIP_POINT","modelName":"NewYardModel"},"interaction":{"idSuffix":"inner"}},"clearTextFirst":true,"interactionType":"ENTER_TEXT"}]}
COMMAND: POST /session/bac753d7431ab8579d321a709828f6cf/execute/async - {"script":"<script> [1562 bytes]","args":[{"selector":{"controlType":"sap.m.Input","viewName":"etm.portal.ui.manageyards.view.New","viewId":"application-manageyards-display-component---NewYard","bindingPath":{"path":"","propertyPath":"/DELIVERY_TYPE","modelName":"NewYardModel"},"interaction":{"idSuffix":"inner"}},"wdio_ui5_key":"etmportal.ui.manageyards.view.Newsap.m.Input{\"path\":\"\",\"propertyPath\":\"/DELIVERY_TYPE\",\"modelName\":\"NewYardModel\"}"}]}
RESULT: {"script":"<script> [1562 bytes]","args":[{"selector":{"controlType":"sap.m.Input","viewName":"etm.portal.ui.manageyards.view.New","viewId":"application-manageyards-display-component---NewYard","bindingPath":{"path":"","propertyPath":"/DELIVERY_TYPE","modelName":"NewYardModel"},"interaction":{"idSuffix":"inner"}},"wdio_ui5_key":"etmportal.ui.manageyards.view.Newsap.m.Input{\"path\":\"\",\"propertyPath\":\"/DELIVERY_TYPE\",\"modelName\":\"NewYardModel\"}"}]}
RESULT: undefined
COMMAND: POST /session/bac753d7431ab8579d321a709828f6cf/execute/async - {"script":"<script> [776 bytes]","args":[{"enterText":"ZL01","selector":{"controlType":"sap.m.Input","viewName":"etm.portal.ui.manageyards.view.New","viewId":"application-manageyards-display-component---NewYard","bindingPath":{"path":"","propertyPath":"/DELIVERY_TYPE","modelName":"NewYardModel"},"interaction":{"idSuffix":"inner"}},"clearTextFirst":true,"interactionType":"ENTER_TEXT"}]}
RESULT: {"script":"<script> [776 bytes]","args":[{"enterText":"ZL01","selector":{"controlType":"sap.m.Input","viewName":"etm.portal.ui.manageyards.view.New","viewId":"application-manageyards-display-component---NewYard","bindingPath":{"path":"","propertyPath":"/DELIVERY_TYPE","modelName":"NewYardModel"},"interaction":{"idSuffix":"inner"}},"clearTextFirst":true,"interactionType":"ENTER_TEXT"}]}
COMMAND: POST /session/bac753d7431ab8579d321a709828f6cf/execute/async - {"script":"<script> [1562 bytes]","args":[{"selector":{"controlType":"sap.m.Input","viewName":"etm.portal.ui.manageyards.view.New","viewId":"application-manageyards-display-component---NewYard","bindingPath":{"path":"","propertyPath":"/AUART","modelName":"NewYardModel"},"interaction":{"idSuffix":"inner"}},"wdio_ui5_key":"etmportal.ui.manageyards.view.Newsap.m.Input{\"path\":\"\",\"propertyPath\":\"/AUART\",\"modelName\":\"NewYardModel\"}"}]}
RESULT: {"script":"<script> [1562 bytes]","args":[{"selector":{"controlType":"sap.m.Input","viewName":"etm.portal.ui.manageyards.view.New","viewId":"application-manageyards-display-component---NewYard","bindingPath":{"path":"","propertyPath":"/AUART","modelName":"NewYardModel"},"interaction":{"idSuffix":"inner"}},"wdio_ui5_key":"etmportal.ui.manageyards.view.Newsap.m.Input{\"path\":\"\",\"propertyPath\":\"/AUART\",\"modelName\":\"NewYardModel\"}"}]}
RESULT: undefined
COMMAND: POST /session/bac753d7431ab8579d321a709828f6cf/execute/async - {"script":"<script> [776 bytes]","args":[{"enterText":"TA","selector":{"controlType":"sap.m.Input","viewName":"etm.portal.ui.manageyards.view.New","viewId":"application-manageyards-display-component---NewYard","bindingPath":{"path":"","propertyPath":"/AUART","modelName":"NewYardModel"},"interaction":{"idSuffix":"inner"}},"clearTextFirst":true,"interactionType":"ENTER_TEXT"}]}
RESULT: {"script":"<script> [776 bytes]","args":[{"enterText":"TA","selector":{"controlType":"sap.m.Input","viewName":"etm.portal.ui.manageyards.view.New","viewId":"application-manageyards-display-component---NewYard","bindingPath":{"path":"","propertyPath":"/AUART","modelName":"NewYardModel"},"interaction":{"idSuffix":"inner"}},"clearTextFirst":true,"interactionType":"ENTER_TEXT"}]}
COMMAND: POST /session/bac753d7431ab8579d321a709828f6cf/element - {"using":"xpath","value":"//button[@data-kt=\"newYardSaveButton\"]"}
RESULT: {"using":"xpath","value":"//button[@data-kt=\"newYardSaveButton\"]"}
COMMAND: POST /session/bac753d7431ab8579d321a709828f6cf/element/f.AB4A68BA45A81A2DBE2B8A5915AD560C.d.5E10681D007C3A8D0EB64FADEDCF2E3C.e.710/click - {}
RESULT: {}
COMMAND: GET /session/bac753d7431ab8579d321a709828f6cf/screenshot - {}
RESULT: {}
COMMAND: POST /session/bac753d7431ab8579d321a709828f6cf/element - {"using":"xpath","value":"//header[contains(@id, 'ObjectPageLayout-headerTitle')]/div[1]/div[2]/div[1]/span[1]"}
RESULT: {"using":"xpath","value":"//header[contains(@id, 'ObjectPageLayout-headerTitle')]/div[1]/div[2]/div[1]/span[1]"}
COMMAND: POST /session/bac753d7431ab8579d321a709828f6cf/elements - {"using":"xpath","value":"//header[contains(@id, 'ObjectPageLayout-headerTitle')]/div[1]/div[2]/div[1]/span[1]"}
RESULT: {"using":"xpath","value":"//header[contains(@id, 'ObjectPageLayout-headerTitle')]/div[1]/div[2]/div[1]/span[1]"}
COMMAND: POST /session/bac753d7431ab8579d321a709828f6cf/execute/sync - {"script":"<script> [56 bytes]","args":[{"element-6066-11e4-a52e-4f735466cecf":"f.AB4A68BA45A81A2DBE2B8A5915AD560C.d.5E10681D007C3A8D0EB64FADEDCF2E3C.e.969","ELEMENT":"f.AB4A68BA45A81A2DBE2B8A5915AD560C.d.5E10681D007C3A8D0EB64FADEDCF2E3C.e.969"}]}
RESULT: {"script":"<script> [56 bytes]","args":[{"element-6066-11e4-a52e-4f735466cecf":"f.AB4A68BA45A81A2DBE2B8A5915AD560C.d.5E10681D007C3A8D0EB64FADEDCF2E3C.e.969","ELEMENT":"f.AB4A68BA45A81A2DBE2B8A5915AD560C.d.5E10681D007C3A8D0EB64FADEDCF2E3C.e.969"}]}
COMMAND: GET /session/bac753d7431ab8579d321a709828f6cf/screenshot - {}
RESULT: {}
COMMAND: POST /session/bac753d7431ab8579d321a709828f6cf/element - {"using":"css selector","value":"#shell-header-logo"}
RESULT: {"using":"css selector","value":"#shell-header-logo"}
COMMAND: POST /session/bac753d7431ab8579d321a709828f6cf/element/f.AB4A68BA45A81A2DBE2B8A5915AD560C.d.5E10681D007C3A8D0EB64FADEDCF2E3C.e.262/click - {}
RESULT: {}
COMMAND: GET /session/bac753d7431ab8579d321a709828f6cf/screenshot - {}
RESULT: {}
COMMAND: POST /session/bac753d7431ab8579d321a709828f6cf/execute/sync - {"script":"<script> [299 bytes]","args":[["getModel","getResource"]]}
RESULT: {"script":"<script> [299 bytes]","args":[["getModel","getResource"]]}
COMMAND: GET /session/bac753d7431ab8579d321a709828f6cf/screenshot - {}
]]></system-out>
    </testcase>
    <testcase classname="chrome.137_0_7151_56.windows.Create_condition_pricing_US117289_US134625" name="Should create a new equipment used for all following tests" time="147.063">
      <system-out><![CDATA[
COMMAND: POST /session/bac753d7431ab8579d321a709828f6cf/execute/async - {"script":"<script> [1562 bytes]","args":[{"selector":{"controlType":"sap.m.GenericTile","properties":{"header":"Manage Resources"}},"wdio_ui5_key":"sapm.GenericTile{\"header\":\"Manage Resources\"}"}]}
RESULT: {}
RESULT: {"script":"<script> [1562 bytes]","args":[{"selector":{"controlType":"sap.m.GenericTile","properties":{"header":"Manage Resources"}},"wdio_ui5_key":"sapm.GenericTile{\"header\":\"Manage Resources\"}"}]}
RESULT: undefined
COMMAND: POST /session/bac753d7431ab8579d321a709828f6cf/element - {"using":"xpath","value":"//*[@id=\"__tile39\"]"}
RESULT: {"using":"xpath","value":"//*[@id=\"__tile39\"]"}
COMMAND: POST /session/bac753d7431ab8579d321a709828f6cf/element/f.AB4A68BA45A81A2DBE2B8A5915AD560C.d.5E10681D007C3A8D0EB64FADEDCF2E3C.e.156/click - {}
RESULT: {}
COMMAND: GET /session/bac753d7431ab8579d321a709828f6cf/screenshot - {}
RESULT: {}
COMMAND: POST /session/bac753d7431ab8579d321a709828f6cf/elements - {"using":"xpath","value":"//span[text()='Error']"}
RESULT: {"using":"xpath","value":"//span[text()='Error']"}
COMMAND: POST /session/bac753d7431ab8579d321a709828f6cf/element - {"using":"xpath","value":"//button[@data-kt=\"addNewRUOverflowToolbarButton\"]"}
RESULT: {"using":"xpath","value":"//button[@data-kt=\"addNewRUOverflowToolbarButton\"]"}
COMMAND: POST /session/bac753d7431ab8579d321a709828f6cf/elements - {"using":"xpath","value":"//button[@data-kt=\"addNewRUOverflowToolbarButton\"]"}
RESULT: {"using":"xpath","value":"//button[@data-kt=\"addNewRUOverflowToolbarButton\"]"}
COMMAND: POST /session/bac753d7431ab8579d321a709828f6cf/elements - {"using":"xpath","value":"//button[@data-kt=\"addNewRUOverflowToolbarButton\"]"}
RESULT: {"using":"xpath","value":"//button[@data-kt=\"addNewRUOverflowToolbarButton\"]"}
COMMAND: POST /session/bac753d7431ab8579d321a709828f6cf/element - {"using":"xpath","value":"//button[@data-kt=\"addNewRUOverflowToolbarButton\"]"}
RESULT: {"using":"xpath","value":"//button[@data-kt=\"addNewRUOverflowToolbarButton\"]"}
COMMAND: POST /session/bac753d7431ab8579d321a709828f6cf/execute/sync - {"script":"<script> [8489 bytes]","args":[{"element-6066-11e4-a52e-4f735466cecf":"f.AB4A68BA45A81A2DBE2B8A5915AD560C.d.5E10681D007C3A8D0EB64FADEDCF2E3C.e.1013","ELEMENT":"f.AB4A68BA45A81A2DBE2B8A5915AD560C.d.5E10681D007C3A8D0EB64FADEDCF2E3C.e.1013"}]}
RESULT: {"script":"<script> [8489 bytes]","args":[{"element-6066-11e4-a52e-4f735466cecf":"f.AB4A68BA45A81A2DBE2B8A5915AD560C.d.5E10681D007C3A8D0EB64FADEDCF2E3C.e.1013","ELEMENT":"f.AB4A68BA45A81A2DBE2B8A5915AD560C.d.5E10681D007C3A8D0EB64FADEDCF2E3C.e.1013"}]}
COMMAND: GET /session/bac753d7431ab8579d321a709828f6cf/element/f.AB4A68BA45A81A2DBE2B8A5915AD560C.d.5E10681D007C3A8D0EB64FADEDCF2E3C.e.1013/enabled - {}
COMMAND: GET /session/bac753d7431ab8579d321a709828f6cf/screenshot - {}
RESULT: {}
COMMAND: POST /session/bac753d7431ab8579d321a709828f6cf/execute/sync - {"script":"<script> [8489 bytes]","args":[{"element-6066-11e4-a52e-4f735466cecf":"f.AB4A68BA45A81A2DBE2B8A5915AD560C.d.5E10681D007C3A8D0EB64FADEDCF2E3C.e.1013","ELEMENT":"f.AB4A68BA45A81A2DBE2B8A5915AD560C.d.5E10681D007C3A8D0EB64FADEDCF2E3C.e.1013"}]}
COMMAND: GET /session/bac753d7431ab8579d321a709828f6cf/screenshot - {}
RESULT: {}
RESULT: {"script":"<script> [8489 bytes]","args":[{"element-6066-11e4-a52e-4f735466cecf":"f.AB4A68BA45A81A2DBE2B8A5915AD560C.d.5E10681D007C3A8D0EB64FADEDCF2E3C.e.1013","ELEMENT":"f.AB4A68BA45A81A2DBE2B8A5915AD560C.d.5E10681D007C3A8D0EB64FADEDCF2E3C.e.1013"}]}
COMMAND: POST /session/bac753d7431ab8579d321a709828f6cf/execute/sync - {"script":"<script> [5351 bytes]","args":[{"element-6066-11e4-a52e-4f735466cecf":"f.AB4A68BA45A81A2DBE2B8A5915AD560C.d.5E10681D007C3A8D0EB64FADEDCF2E3C.e.1013","ELEMENT":"f.AB4A68BA45A81A2DBE2B8A5915AD560C.d.5E10681D007C3A8D0EB64FADEDCF2E3C.e.1013"}]}
COMMAND: GET /session/bac753d7431ab8579d321a709828f6cf/screenshot - {}
RESULT: {}
RESULT: {"script":"<script> [5351 bytes]","args":[{"element-6066-11e4-a52e-4f735466cecf":"f.AB4A68BA45A81A2DBE2B8A5915AD560C.d.5E10681D007C3A8D0EB64FADEDCF2E3C.e.1013","ELEMENT":"f.AB4A68BA45A81A2DBE2B8A5915AD560C.d.5E10681D007C3A8D0EB64FADEDCF2E3C.e.1013"}]}
COMMAND: POST /session/bac753d7431ab8579d321a709828f6cf/element/f.AB4A68BA45A81A2DBE2B8A5915AD560C.d.5E10681D007C3A8D0EB64FADEDCF2E3C.e.1013/click - {}
COMMAND: GET /session/bac753d7431ab8579d321a709828f6cf/screenshot - {}
RESULT: {}
RESULT: {}
COMMAND: GET /session/bac753d7431ab8579d321a709828f6cf/screenshot - {}
RESULT: {}
RESULT: {}
COMMAND: POST /session/bac753d7431ab8579d321a709828f6cf/execute/async - {"script":"<script> [1562 bytes]","args":[{"selector":{"id":"application-manageresources-display-component---newResourceUnit--TYPE-arrow"},"wdio_ui5_key":"applicationmanageresources-display-component---newResourceUnit--TYPE-arrow"}]}
RESULT: {"script":"<script> [1562 bytes]","args":[{"selector":{"id":"application-manageresources-display-component---newResourceUnit--TYPE-arrow"},"wdio_ui5_key":"applicationmanageresources-display-component---newResourceUnit--TYPE-arrow"}]}
RESULT: undefined
COMMAND: POST /session/bac753d7431ab8579d321a709828f6cf/element - {"using":"xpath","value":"//*[@id=\"application-manageresources-display-component---newResourceUnit--TYPE-arrow\"]"}
RESULT: {"using":"xpath","value":"//*[@id=\"application-manageresources-display-component---newResourceUnit--TYPE-arrow\"]"}
COMMAND: POST /session/bac753d7431ab8579d321a709828f6cf/element/f.AB4A68BA45A81A2DBE2B8A5915AD560C.d.5E10681D007C3A8D0EB64FADEDCF2E3C.e.1358/click - {}
RESULT: {}
COMMAND: POST /session/bac753d7431ab8579d321a709828f6cf/element - {"using":"xpath","value":"//input[@id=\"application-manageresources-display-component---newResourceUnit--TYPE-inner\"]"}
COMMAND: GET /session/bac753d7431ab8579d321a709828f6cf/screenshot - {}
RESULT: {"using":"xpath","value":"//input[@id=\"application-manageresources-display-component---newResourceUnit--TYPE-inner\"]"}
COMMAND: POST /session/bac753d7431ab8579d321a709828f6cf/element/f.AB4A68BA45A81A2DBE2B8A5915AD560C.d.5E10681D007C3A8D0EB64FADEDCF2E3C.e.1353/clear - {}
RESULT: {}
RESULT: {}
COMMAND: POST /session/bac753d7431ab8579d321a709828f6cf/element/f.AB4A68BA45A81A2DBE2B8A5915AD560C.d.5E10681D007C3A8D0EB64FADEDCF2E3C.e.1353/value - {"text":"Equipment"}
COMMAND: GET /session/bac753d7431ab8579d321a709828f6cf/screenshot - {}
RESULT: {"text":"Equipment"}
COMMAND: GET /session/bac753d7431ab8579d321a709828f6cf/screenshot - {}
RESULT: {}
RESULT: {}
COMMAND: POST /session/bac753d7431ab8579d321a709828f6cf/actions - {"actions":[{"id":"action2","type":"key","parameters":{},"actions":[{"type":"keyDown","value":"î€‡"},{"type":"pause","duration":10},{"type":"keyUp","value":"î€‡"}]}]}
RESULT: {"actions":[{"id":"action2","type":"key","parameters":{},"actions":[{"type":"keyDown","value":"î€‡"},{"type":"pause","duration":10},{"type":"keyUp","value":"î€‡"}]}]}
COMMAND: POST /session/bac753d7431ab8579d321a709828f6cf/execute/async - {"script":"<script> [1562 bytes]","args":[{"selector":{"id":"application-manageresources-display-component---newResourceUnit--resourceId","interaction":{"idSuffix":"inner"}},"wdio_ui5_key":"applicationmanageresources-display-component---newResourceUnit--resourceId"}]}
COMMAND: GET /session/bac753d7431ab8579d321a709828f6cf/screenshot - {}
RESULT: {"script":"<script> [1562 bytes]","args":[{"selector":{"id":"application-manageresources-display-component---newResourceUnit--resourceId","interaction":{"idSuffix":"inner"}},"wdio_ui5_key":"applicationmanageresources-display-component---newResourceUnit--resourceId"}]}
RESULT: undefined
COMMAND: POST /session/bac753d7431ab8579d321a709828f6cf/execute/async - {"script":"<script> [776 bytes]","args":[{"enterText":"mIw5kYogNG","selector":{"id":"application-manageresources-display-component---newResourceUnit--resourceId","interaction":{"idSuffix":"inner"}},"clearTextFirst":true,"interactionType":"ENTER_TEXT"}]}
RESULT: {}
RESULT: {"script":"<script> [776 bytes]","args":[{"enterText":"mIw5kYogNG","selector":{"id":"application-manageresources-display-component---newResourceUnit--resourceId","interaction":{"idSuffix":"inner"}},"clearTextFirst":true,"interactionType":"ENTER_TEXT"}]}
COMMAND: POST /session/bac753d7431ab8579d321a709828f6cf/execute/async - {"script":"<script> [1562 bytes]","args":[{"selector":{"id":"application-manageresources-display-component---newResourceUnit--SHORT_TEXT","interaction":{"idSuffix":"inner"}},"wdio_ui5_key":"applicationmanageresources-display-component---newResourceUnit--SHORT_TEXT"}]}
RESULT: {"script":"<script> [1562 bytes]","args":[{"selector":{"id":"application-manageresources-display-component---newResourceUnit--SHORT_TEXT","interaction":{"idSuffix":"inner"}},"wdio_ui5_key":"applicationmanageresources-display-component---newResourceUnit--SHORT_TEXT"}]}
RESULT: undefined
COMMAND: POST /session/bac753d7431ab8579d321a709828f6cf/execute/async - {"script":"<script> [776 bytes]","args":[{"enterText":"Intercompany Equipment WDIO","selector":{"id":"application-manageresources-display-component---newResourceUnit--SHORT_TEXT","interaction":{"idSuffix":"inner"}},"clearTextFirst":true,"interactionType":"ENTER_TEXT"}]}
RESULT: {"script":"<script> [776 bytes]","args":[{"enterText":"Intercompany Equipment WDIO","selector":{"id":"application-manageresources-display-component---newResourceUnit--SHORT_TEXT","interaction":{"idSuffix":"inner"}},"clearTextFirst":true,"interactionType":"ENTER_TEXT"}]}
COMMAND: POST /session/bac753d7431ab8579d321a709828f6cf/execute/async - {"script":"<script> [1562 bytes]","args":[{"selector":{"id":"application-manageresources-display-component---newResourceUnit--BASE_UNIT_OF_MEASURE","interaction":{"idSuffix":"inner"}},"wdio_ui5_key":"applicationmanageresources-display-component---newResourceUnit--BASE_UNIT_OF_MEASURE"}]}
RESULT: {"script":"<script> [1562 bytes]","args":[{"selector":{"id":"application-manageresources-display-component---newResourceUnit--BASE_UNIT_OF_MEASURE","interaction":{"idSuffix":"inner"}},"wdio_ui5_key":"applicationmanageresources-display-component---newResourceUnit--BASE_UNIT_OF_MEASURE"}]}
RESULT: undefined
COMMAND: POST /session/bac753d7431ab8579d321a709828f6cf/execute/async - {"script":"<script> [776 bytes]","args":[{"enterText":"Piece","selector":{"id":"application-manageresources-display-component---newResourceUnit--BASE_UNIT_OF_MEASURE","interaction":{"idSuffix":"inner"}},"clearTextFirst":true,"interactionType":"ENTER_TEXT"}]}
RESULT: {"script":"<script> [776 bytes]","args":[{"enterText":"Piece","selector":{"id":"application-manageresources-display-component---newResourceUnit--BASE_UNIT_OF_MEASURE","interaction":{"idSuffix":"inner"}},"clearTextFirst":true,"interactionType":"ENTER_TEXT"}]}
COMMAND: POST /session/bac753d7431ab8579d321a709828f6cf/execute/async - {"script":"<script> [1562 bytes]","args":[{"selector":{"id":"application-manageresources-display-component---newResourceUnit--WEIGHT_UNIT","interaction":{"idSuffix":"inner"}},"wdio_ui5_key":"applicationmanageresources-display-component---newResourceUnit--WEIGHT_UNIT"}]}
RESULT: {"script":"<script> [1562 bytes]","args":[{"selector":{"id":"application-manageresources-display-component---newResourceUnit--WEIGHT_UNIT","interaction":{"idSuffix":"inner"}},"wdio_ui5_key":"applicationmanageresources-display-component---newResourceUnit--WEIGHT_UNIT"}]}
RESULT: undefined
COMMAND: POST /session/bac753d7431ab8579d321a709828f6cf/execute/async - {"script":"<script> [776 bytes]","args":[{"enterText":"Gram","selector":{"id":"application-manageresources-display-component---newResourceUnit--WEIGHT_UNIT","interaction":{"idSuffix":"inner"}},"clearTextFirst":true,"interactionType":"ENTER_TEXT"}]}
RESULT: {"script":"<script> [776 bytes]","args":[{"enterText":"Gram","selector":{"id":"application-manageresources-display-component---newResourceUnit--WEIGHT_UNIT","interaction":{"idSuffix":"inner"}},"clearTextFirst":true,"interactionType":"ENTER_TEXT"}]}
COMMAND: POST /session/bac753d7431ab8579d321a709828f6cf/execute/async - {"script":"<script> [1562 bytes]","args":[{"selector":{"id":"application-manageresources-display-component---newResourceUnit--DIMENSION_UNIT","interaction":{"idSuffix":"inner"}},"wdio_ui5_key":"applicationmanageresources-display-component---newResourceUnit--DIMENSION_UNIT"}]}
RESULT: {"script":"<script> [1562 bytes]","args":[{"selector":{"id":"application-manageresources-display-component---newResourceUnit--DIMENSION_UNIT","interaction":{"idSuffix":"inner"}},"wdio_ui5_key":"applicationmanageresources-display-component---newResourceUnit--DIMENSION_UNIT"}]}
RESULT: undefined
COMMAND: POST /session/bac753d7431ab8579d321a709828f6cf/execute/async - {"script":"<script> [776 bytes]","args":[{"enterText":"Meter","selector":{"id":"application-manageresources-display-component---newResourceUnit--DIMENSION_UNIT","interaction":{"idSuffix":"inner"}},"clearTextFirst":true,"interactionType":"ENTER_TEXT"}]}
RESULT: {"script":"<script> [776 bytes]","args":[{"enterText":"Meter","selector":{"id":"application-manageresources-display-component---newResourceUnit--DIMENSION_UNIT","interaction":{"idSuffix":"inner"}},"clearTextFirst":true,"interactionType":"ENTER_TEXT"}]}
COMMAND: POST /session/bac753d7431ab8579d321a709828f6cf/execute/async - {"script":"<script> [1562 bytes]","args":[{"selector":{"id":"application-manageresources-display-component---newResourceUnit--newRRUPage-anchBar-application-manageresources-display-component---newResourceUnit--control-anchor","interaction":{"idSuffix":"BDI-content"}},"wdio_ui5_key":"applicationmanageresources-display-component---newResourceUnit--newRRUPage-anchBar-application-manageresources-display-component---newResourceUnit--control-anchor"}]}
RESULT: {"script":"<script> [1562 bytes]","args":[{"selector":{"id":"application-manageresources-display-component---newResourceUnit--newRRUPage-anchBar-application-manageresources-display-component---newResourceUnit--control-anchor","interaction":{"idSuffix":"BDI-content"}},"wdio_ui5_key":"applicationmanageresources-display-component---newResourceUnit--newRRUPage-anchBar-application-manageresources-display-component---newResourceUnit--control-anchor"}]}
RESULT: undefined
COMMAND: POST /session/bac753d7431ab8579d321a709828f6cf/element - {"using":"xpath","value":"//*[@id=\"application-manageresources-display-component---newResourceUnit--newRRUPage-anchBar-application-manageresources-display-component---newResourceUnit--control-anchor\"]"}
RESULT: {"using":"xpath","value":"//*[@id=\"application-manageresources-display-component---newResourceUnit--newRRUPage-anchBar-application-manageresources-display-component---newResourceUnit--control-anchor\"]"}
COMMAND: POST /session/bac753d7431ab8579d321a709828f6cf/element/f.AB4A68BA45A81A2DBE2B8A5915AD560C.d.5E10681D007C3A8D0EB64FADEDCF2E3C.e.1515/click - {}
RESULT: {}
COMMAND: POST /session/bac753d7431ab8579d321a709828f6cf/execute/async - {"script":"<script> [1562 bytes]","args":[{"selector":{"id":"application-manageresources-display-component---newResourceUnit--PLANNING_GROUP","interaction":{"idSuffix":"inner"}},"wdio_ui5_key":"applicationmanageresources-display-component---newResourceUnit--PLANNING_GROUP"}]}
COMMAND: GET /session/bac753d7431ab8579d321a709828f6cf/screenshot - {}
RESULT: {"script":"<script> [1562 bytes]","args":[{"selector":{"id":"application-manageresources-display-component---newResourceUnit--PLANNING_GROUP","interaction":{"idSuffix":"inner"}},"wdio_ui5_key":"applicationmanageresources-display-component---newResourceUnit--PLANNING_GROUP"}]}
RESULT: undefined
COMMAND: POST /session/bac753d7431ab8579d321a709828f6cf/execute/async - {"script":"<script> [776 bytes]","args":[{"enterText":"Heavy Equi","selector":{"id":"application-manageresources-display-component---newResourceUnit--PLANNING_GROUP","interaction":{"idSuffix":"inner"}},"clearTextFirst":true,"interactionType":"ENTER_TEXT"}]}
RESULT: {}
RESULT: {"script":"<script> [776 bytes]","args":[{"enterText":"Heavy Equi","selector":{"id":"application-manageresources-display-component---newResourceUnit--PLANNING_GROUP","interaction":{"idSuffix":"inner"}},"clearTextFirst":true,"interactionType":"ENTER_TEXT"}]}
COMMAND: POST /session/bac753d7431ab8579d321a709828f6cf/execute/async - {"script":"<script> [1562 bytes]","args":[{"selector":{"id":"application-manageresources-display-component---newResourceUnit--ITEM_TYPE-arrow"},"wdio_ui5_key":"applicationmanageresources-display-component---newResourceUnit--ITEM_TYPE-arrow"}]}
RESULT: {"script":"<script> [1562 bytes]","args":[{"selector":{"id":"application-manageresources-display-component---newResourceUnit--ITEM_TYPE-arrow"},"wdio_ui5_key":"applicationmanageresources-display-component---newResourceUnit--ITEM_TYPE-arrow"}]}
RESULT: undefined
COMMAND: POST /session/bac753d7431ab8579d321a709828f6cf/element - {"using":"xpath","value":"//*[@id=\"application-manageresources-display-component---newResourceUnit--ITEM_TYPE-arrow\"]"}
RESULT: {"using":"xpath","value":"//*[@id=\"application-manageresources-display-component---newResourceUnit--ITEM_TYPE-arrow\"]"}
COMMAND: POST /session/bac753d7431ab8579d321a709828f6cf/element/f.AB4A68BA45A81A2DBE2B8A5915AD560C.d.5E10681D007C3A8D0EB64FADEDCF2E3C.e.1523/click - {}
RESULT: {}
COMMAND: POST /session/bac753d7431ab8579d321a709828f6cf/element - {"using":"xpath","value":"//ul[contains(@id,\"ITEM_TYPE-popup-list-listUl\")]//li[.//span[contains(text(),\"Resource Unit\")]]"}
COMMAND: GET /session/bac753d7431ab8579d321a709828f6cf/screenshot - {}
RESULT: {"using":"xpath","value":"//ul[contains(@id,\"ITEM_TYPE-popup-list-listUl\")]//li[.//span[contains(text(),\"Resource Unit\")]]"}
COMMAND: POST /session/bac753d7431ab8579d321a709828f6cf/element/f.AB4A68BA45A81A2DBE2B8A5915AD560C.d.5E10681D007C3A8D0EB64FADEDCF2E3C.e.1524/click - {}
RESULT: {}
RESULT: {}
COMMAND: GET /session/bac753d7431ab8579d321a709828f6cf/screenshot - {}
RESULT: {}
COMMAND: POST /session/bac753d7431ab8579d321a709828f6cf/element - {"using":"css selector","value":"#application-manageresources-display-component---newResourceUnit--btnAddTimeSegment"}
RESULT: {"using":"css selector","value":"#application-manageresources-display-component---newResourceUnit--btnAddTimeSegment"}
COMMAND: GET /session/bac753d7431ab8579d321a709828f6cf/element/f.AB4A68BA45A81A2DBE2B8A5915AD560C.d.5E10681D007C3A8D0EB64FADEDCF2E3C.e.1531/rect - {}
RESULT: {}
COMMAND: GET /session/bac753d7431ab8579d321a709828f6cf/window/rect - {}
RESULT: {}
COMMAND: POST /session/bac753d7431ab8579d321a709828f6cf/execute/sync - {"script":"<script> [92 bytes]","args":[]}
RESULT: {"script":"<script> [92 bytes]","args":[]}
COMMAND: POST /session/bac753d7431ab8579d321a709828f6cf/actions - {"actions":[{"id":"action3","type":"wheel","parameters":{},"actions":[{"type":"scroll","x":-1888,"y":-32,"deltaX":0,"deltaY":0,"duration":0,"origin":{"element-6066-11e4-a52e-4f735466cecf":"f.AB4A68BA45A81A2DBE2B8A5915AD560C.d.5E10681D007C3A8D0EB64FADEDCF2E3C.e.1531"}}]}]}
COMMAND: GET /session/bac753d7431ab8579d321a709828f6cf/screenshot - {}
RESULT: {}
COMMAND: POST /session/bac753d7431ab8579d321a709828f6cf/execute/sync - {"script":"<script> [79 bytes]","args":[{"element-6066-11e4-a52e-4f735466cecf":"f.AB4A68BA45A81A2DBE2B8A5915AD560C.d.5E10681D007C3A8D0EB64FADEDCF2E3C.e.1531","ELEMENT":"f.AB4A68BA45A81A2DBE2B8A5915AD560C.d.5E10681D007C3A8D0EB64FADEDCF2E3C.e.1531"},{"block":"start","inline":"nearest"}]}
RESULT: {"script":"<script> [79 bytes]","args":[{"element-6066-11e4-a52e-4f735466cecf":"f.AB4A68BA45A81A2DBE2B8A5915AD560C.d.5E10681D007C3A8D0EB64FADEDCF2E3C.e.1531","ELEMENT":"f.AB4A68BA45A81A2DBE2B8A5915AD560C.d.5E10681D007C3A8D0EB64FADEDCF2E3C.e.1531"},{"block":"start","inline":"nearest"}]}
COMMAND: POST /session/bac753d7431ab8579d321a709828f6cf/execute/async - {"script":"<script> [1562 bytes]","args":[{"selector":{"id":"application-manageresources-display-component---newResourceUnit--btnAddTimeSegment","interaction":{"idSuffix":"inner"}},"wdio_ui5_key":"applicationmanageresources-display-component---newResourceUnit--btnAddTimeSegment"}]}
COMMAND: GET /session/bac753d7431ab8579d321a709828f6cf/screenshot - {}
RESULT: {"script":"<script> [1562 bytes]","args":[{"selector":{"id":"application-manageresources-display-component---newResourceUnit--btnAddTimeSegment","interaction":{"idSuffix":"inner"}},"wdio_ui5_key":"applicationmanageresources-display-component---newResourceUnit--btnAddTimeSegment"}]}
RESULT: undefined
COMMAND: POST /session/bac753d7431ab8579d321a709828f6cf/element - {"using":"xpath","value":"//*[@id=\"application-manageresources-display-component---newResourceUnit--btnAddTimeSegment\"]"}
RESULT: {}
RESULT: {"using":"xpath","value":"//*[@id=\"application-manageresources-display-component---newResourceUnit--btnAddTimeSegment\"]"}
COMMAND: POST /session/bac753d7431ab8579d321a709828f6cf/element/f.AB4A68BA45A81A2DBE2B8A5915AD560C.d.5E10681D007C3A8D0EB64FADEDCF2E3C.e.1531/click - {}
RESULT: {}
COMMAND: GET /session/bac753d7431ab8579d321a709828f6cf/screenshot - {}
RESULT: {}
COMMAND: POST /session/bac753d7431ab8579d321a709828f6cf/element - {"using":"xpath","value":"//input[@id=\"application-manageresources-display-component---newResourceUnit--idRuTSAdmin-application-manageresources-display-component---newResourceUnit--RUTimeSegment-0-inner\"]"}
RESULT: {"using":"xpath","value":"//input[@id=\"application-manageresources-display-component---newResourceUnit--idRuTSAdmin-application-manageresources-display-component---newResourceUnit--RUTimeSegment-0-inner\"]"}
COMMAND: POST /session/bac753d7431ab8579d321a709828f6cf/element/f.AB4A68BA45A81A2DBE2B8A5915AD560C.d.5E10681D007C3A8D0EB64FADEDCF2E3C.e.1537/clear - {}
RESULT: {}
COMMAND: POST /session/bac753d7431ab8579d321a709828f6cf/element/f.AB4A68BA45A81A2DBE2B8A5915AD560C.d.5E10681D007C3A8D0EB64FADEDCF2E3C.e.1537/value - {"text":"661"}
COMMAND: GET /session/bac753d7431ab8579d321a709828f6cf/screenshot - {}
RESULT: {"text":"661"}
COMMAND: GET /session/bac753d7431ab8579d321a709828f6cf/screenshot - {}
RESULT: {}
RESULT: {}
COMMAND: POST /session/bac753d7431ab8579d321a709828f6cf/element - {"using":"xpath","value":"//li[.//span[text()='661']]"}
RESULT: {"using":"xpath","value":"//li[.//span[text()='661']]"}
COMMAND: POST /session/bac753d7431ab8579d321a709828f6cf/element/f.AB4A68BA45A81A2DBE2B8A5915AD560C.d.5E10681D007C3A8D0EB64FADEDCF2E3C.e.1549/click - {}
RESULT: {}
COMMAND: GET /session/bac753d7431ab8579d321a709828f6cf/screenshot - {}
RESULT: {}
COMMAND: POST /session/bac753d7431ab8579d321a709828f6cf/element - {"using":"xpath","value":"(//span[contains(@id, \"-application-manageresources-display-component---newResourceUnit--RUTimeSegment-0-arrow\")])[6]"}
RESULT: {"using":"xpath","value":"(//span[contains(@id, \"-application-manageresources-display-component---newResourceUnit--RUTimeSegment-0-arrow\")])[6]"}
COMMAND: POST /session/bac753d7431ab8579d321a709828f6cf/element/f.AB4A68BA45A81A2DBE2B8A5915AD560C.d.5E10681D007C3A8D0EB64FADEDCF2E3C.e.1550/click - {}
RESULT: {}
COMMAND: GET /session/bac753d7431ab8579d321a709828f6cf/screenshot - {}
RESULT: {}
COMMAND: POST /session/bac753d7431ab8579d321a709828f6cf/element - {"using":"xpath","value":"//span[contains(text(), \"PM Order\")]"}
RESULT: {"using":"xpath","value":"//span[contains(text(), \"PM Order\")]"}
COMMAND: POST /session/bac753d7431ab8579d321a709828f6cf/element/f.AB4A68BA45A81A2DBE2B8A5915AD560C.d.5E10681D007C3A8D0EB64FADEDCF2E3C.e.1553/click - {}
RESULT: {}
COMMAND: GET /session/bac753d7431ab8579d321a709828f6cf/screenshot - {}
RESULT: {}
COMMAND: POST /session/bac753d7431ab8579d321a709828f6cf/element - {"using":"xpath","value":"(//span[contains(@id ,\"manageresources-display-component---newResourceUnit--RUTimeSegment-0-vhi\")])[1]"}
RESULT: {"using":"xpath","value":"(//span[contains(@id ,\"manageresources-display-component---newResourceUnit--RUTimeSegment-0-vhi\")])[1]"}
COMMAND: GET /session/bac753d7431ab8579d321a709828f6cf/element/f.AB4A68BA45A81A2DBE2B8A5915AD560C.d.5E10681D007C3A8D0EB64FADEDCF2E3C.e.1557/rect - {}
RESULT: {}
COMMAND: GET /session/bac753d7431ab8579d321a709828f6cf/window/rect - {}
RESULT: {}
COMMAND: POST /session/bac753d7431ab8579d321a709828f6cf/execute/sync - {"script":"<script> [92 bytes]","args":[]}
RESULT: {"script":"<script> [92 bytes]","args":[]}
COMMAND: POST /session/bac753d7431ab8579d321a709828f6cf/actions - {"actions":[{"id":"action4","type":"wheel","parameters":{},"actions":[{"type":"scroll","x":-869,"y":-24,"deltaX":0,"deltaY":0,"duration":0,"origin":{"element-6066-11e4-a52e-4f735466cecf":"f.AB4A68BA45A81A2DBE2B8A5915AD560C.d.5E10681D007C3A8D0EB64FADEDCF2E3C.e.1557"}}]}]}
COMMAND: GET /session/bac753d7431ab8579d321a709828f6cf/screenshot - {}
RESULT: {"actions":[{"id":"action4","type":"wheel","parameters":{},"actions":[{"type":"scroll","x":-869,"y":-24,"deltaX":0,"deltaY":0,"duration":0,"origin":{"element-6066-11e4-a52e-4f735466cecf":"f.AB4A68BA45A81A2DBE2B8A5915AD560C.d.5E10681D007C3A8D0EB64FADEDCF2E3C.e.1557"}}]}]}
COMMAND: DELETE /session/bac753d7431ab8579d321a709828f6cf/actions - {}
COMMAND: GET /session/bac753d7431ab8579d321a709828f6cf/screenshot - {}
RESULT: {}
RESULT: {}
COMMAND: GET /session/bac753d7431ab8579d321a709828f6cf/screenshot - {}
RESULT: {}
RESULT: {}
COMMAND: POST /session/bac753d7431ab8579d321a709828f6cf/element/f.AB4A68BA45A81A2DBE2B8A5915AD560C.d.5E10681D007C3A8D0EB64FADEDCF2E3C.e.1557/click - {}
RESULT: {}
COMMAND: GET /session/bac753d7431ab8579d321a709828f6cf/screenshot - {}
RESULT: {}
RESULT: undefined
COMMAND: POST /session/bac753d7431ab8579d321a709828f6cf/execute/async - {"script":"<script> [776 bytes]","args":[{"enterText":"4000360","selector":{"controlType":"sap.m.SearchField","properties":{"placeholder":"Search"},"searchOpenDialogs":true,"interaction":{"idSuffix":"I"}},"clearTextFirst":true,"interactionType":"ENTER_TEXT"}]}
RESULT: {"script":"<script> [776 bytes]","args":[{"enterText":"4000360","selector":{"controlType":"sap.m.SearchField","properties":{"placeholder":"Search"},"searchOpenDialogs":true,"interaction":{"idSuffix":"I"}},"clearTextFirst":true,"interactionType":"ENTER_TEXT"}]}
COMMAND: POST /session/bac753d7431ab8579d321a709828f6cf/actions - {"actions":[{"id":"action5","type":"key","parameters":{},"actions":[{"type":"keyDown","value":"î€‡"},{"type":"pause","duration":10},{"type":"keyUp","value":"î€‡"}]}]}
RESULT: {"actions":[{"id":"action5","type":"key","parameters":{},"actions":[{"type":"keyDown","value":"î€‡"},{"type":"pause","duration":10},{"type":"keyUp","value":"î€‡"}]}]}
COMMAND: GET /session/bac753d7431ab8579d321a709828f6cf/screenshot - {}
RESULT: {}
COMMAND: POST /session/bac753d7431ab8579d321a709828f6cf/element - {"using":"xpath","value":"//td/div/span[contains(text(), \"BGL Vehicles\")]"}
RESULT: {"using":"xpath","value":"//td/div/span[contains(text(), \"BGL Vehicles\")]"}
COMMAND: POST /session/bac753d7431ab8579d321a709828f6cf/element/f.AB4A68BA45A81A2DBE2B8A5915AD560C.d.5E10681D007C3A8D0EB64FADEDCF2E3C.e.1578/click - {}
RESULT: {}
COMMAND: GET /session/bac753d7431ab8579d321a709828f6cf/screenshot - {}
RESULT: {}
COMMAND: POST /session/bac753d7431ab8579d321a709828f6cf/element - {"using":"xpath","value":"//bdi[contains(text(), \"OK\")]"}
RESULT: {"using":"xpath","value":"//bdi[contains(text(), \"OK\")]"}
COMMAND: POST /session/bac753d7431ab8579d321a709828f6cf/element/f.AB4A68BA45A81A2DBE2B8A5915AD560C.d.5E10681D007C3A8D0EB64FADEDCF2E3C.e.1579/click - {}
RESULT: {}
COMMAND: GET /session/bac753d7431ab8579d321a709828f6cf/screenshot - {}
RESULT: {}
COMMAND: POST /session/bac753d7431ab8579d321a709828f6cf/execute/async - {"script":"<script> [1562 bytes]","args":[{"selector":{"id":"application-manageresources-display-component---newResourceUnit--newRRUPage-anchBar-application-manageresources-display-component---newResourceUnit--resource-anchor","interaction":{"idSuffix":"BDI-content"}},"wdio_ui5_key":"applicationmanageresources-display-component---newResourceUnit--newRRUPage-anchBar-application-manageresources-display-component---newResourceUnit--resource-anchor"}]}
RESULT: {"script":"<script> [1562 bytes]","args":[{"selector":{"id":"application-manageresources-display-component---newResourceUnit--newRRUPage-anchBar-application-manageresources-display-component---newResourceUnit--resource-anchor","interaction":{"idSuffix":"BDI-content"}},"wdio_ui5_key":"applicationmanageresources-display-component---newResourceUnit--newRRUPage-anchBar-application-manageresources-display-component---newResourceUnit--resource-anchor"}]}
RESULT: undefined
COMMAND: POST /session/bac753d7431ab8579d321a709828f6cf/element - {"using":"xpath","value":"//*[@id=\"application-manageresources-display-component---newResourceUnit--newRRUPage-anchBar-application-manageresources-display-component---newResourceUnit--resource-anchor\"]"}
RESULT: {"using":"xpath","value":"//*[@id=\"application-manageresources-display-component---newResourceUnit--newRRUPage-anchBar-application-manageresources-display-component---newResourceUnit--resource-anchor\"]"}
COMMAND: POST /session/bac753d7431ab8579d321a709828f6cf/element/f.AB4A68BA45A81A2DBE2B8A5915AD560C.d.5E10681D007C3A8D0EB64FADEDCF2E3C.e.1583/click - {}
RESULT: {}
COMMAND: POST /session/bac753d7431ab8579d321a709828f6cf/execute/async - {"script":"<script> [1562 bytes]","args":[{"selector":{"id":"application-manageresources-display-component---newResourceUnit--PLANNED_DELIVERY_DATE","interaction":{"idSuffix":"inner"}},"wdio_ui5_key":"applicationmanageresources-display-component---newResourceUnit--PLANNED_DELIVERY_DATE"}]}
COMMAND: GET /session/bac753d7431ab8579d321a709828f6cf/screenshot - {}
RESULT: {"script":"<script> [1562 bytes]","args":[{"selector":{"id":"application-manageresources-display-component---newResourceUnit--PLANNED_DELIVERY_DATE","interaction":{"idSuffix":"inner"}},"wdio_ui5_key":"applicationmanageresources-display-component---newResourceUnit--PLANNED_DELIVERY_DATE"}]}
RESULT: undefined
COMMAND: POST /session/bac753d7431ab8579d321a709828f6cf/execute/async - {"script":"<script> [6424 bytes]","args":[{"element-6066-11e4-a52e-4f735466cecf":"f.AB4A68BA45A81A2DBE2B8A5915AD560C.d.5E10681D007C3A8D0EB64FADEDCF2E3C.e.1414"},"setValue",["6/4/25"]]}
RESULT: {}
RESULT: {"script":"<script> [6424 bytes]","args":[{"element-6066-11e4-a52e-4f735466cecf":"f.AB4A68BA45A81A2DBE2B8A5915AD560C.d.5E10681D007C3A8D0EB64FADEDCF2E3C.e.1414"},"setValue",["6/4/25"]]}
COMMAND: POST /session/bac753d7431ab8579d321a709828f6cf/element - {"using":"xpath","value":"//label[contains(@class, 'sapMLabelRequired') and .//bdi[contains(text(), 'Planned Retirement')]]"}
RESULT: {"using":"xpath","value":"//label[contains(@class, 'sapMLabelRequired') and .//bdi[contains(text(), 'Planned Retirement')]]"}
COMMAND: POST /session/bac753d7431ab8579d321a709828f6cf/elements - {"using":"xpath","value":"//label[contains(@class, 'sapMLabelRequired') and .//bdi[contains(text(), 'Planned Retirement')]]"}
RESULT: {"using":"xpath","value":"//label[contains(@class, 'sapMLabelRequired') and .//bdi[contains(text(), 'Planned Retirement')]]"}
COMMAND: POST /session/bac753d7431ab8579d321a709828f6cf/element - {"using":"xpath","value":"//button[@data-kt=\"resourceUnitSaveButton\"]"}
RESULT: {"using":"xpath","value":"//button[@data-kt=\"resourceUnitSaveButton\"]"}
COMMAND: POST /session/bac753d7431ab8579d321a709828f6cf/element/f.AB4A68BA45A81A2DBE2B8A5915AD560C.d.5E10681D007C3A8D0EB64FADEDCF2E3C.e.1374/click - {}
RESULT: {}
COMMAND: GET /session/bac753d7431ab8579d321a709828f6cf/screenshot - {}
RESULT: {}
COMMAND: POST /session/bac753d7431ab8579d321a709828f6cf/element - {"using":"xpath","value":"//bdi[contains(text(), \"Close\")]"}
RESULT: {"using":"xpath","value":"//bdi[contains(text(), \"Close\")]"}
COMMAND: POST /session/bac753d7431ab8579d321a709828f6cf/element/f.AB4A68BA45A81A2DBE2B8A5915AD560C.d.5E10681D007C3A8D0EB64FADEDCF2E3C.e.1593/click - {}
RESULT: {}
COMMAND: GET /session/bac753d7431ab8579d321a709828f6cf/screenshot - {}
RESULT: {}
COMMAND: POST /session/bac753d7431ab8579d321a709828f6cf/element - {"using":"xpath","value":"(//button[contains(@id ,\"actionsToolbar-overflowButton\")])[1]"}
RESULT: {"using":"xpath","value":"(//button[contains(@id ,\"actionsToolbar-overflowButton\")])[1]"}
COMMAND: POST /session/bac753d7431ab8579d321a709828f6cf/element/f.AB4A68BA45A81A2DBE2B8A5915AD560C.d.5E10681D007C3A8D0EB64FADEDCF2E3C.e.1649/click - {}
RESULT: {}
COMMAND: GET /session/bac753d7431ab8579d321a709828f6cf/screenshot - {}
RESULT: {}
COMMAND: POST /session/bac753d7431ab8579d321a709828f6cf/element - {"using":"xpath","value":"//button[@data-kt=\"priceInfoButton\"]"}
RESULT: {"using":"xpath","value":"//button[@data-kt=\"priceInfoButton\"]"}
COMMAND: POST /session/bac753d7431ab8579d321a709828f6cf/element/f.AB4A68BA45A81A2DBE2B8A5915AD560C.d.5E10681D007C3A8D0EB64FADEDCF2E3C.e.1651/click - {}
RESULT: {}
COMMAND: GET /session/bac753d7431ab8579d321a709828f6cf/screenshot - {}
RESULT: {}
COMMAND: POST /session/bac753d7431ab8579d321a709828f6cf/element - {"using":"css selector","value":"#shell-header-logo"}
RESULT: {"using":"css selector","value":"#shell-header-logo"}
COMMAND: POST /session/bac753d7431ab8579d321a709828f6cf/element/f.AB4A68BA45A81A2DBE2B8A5915AD560C.d.5E10681D007C3A8D0EB64FADEDCF2E3C.e.974/click - {}
RESULT: {}
]]></system-out>
    </testcase>
    <testcase classname="chrome.137_0_7151_56.windows.Create_condition_pricing_US117289_US134625" name="Should create new condition" time="66.531">
      <system-out><![CDATA[
COMMAND: POST /session/bac753d7431ab8579d321a709828f6cf/execute/async - {"script":"<script> [1562 bytes]","args":[{"selector":{"controlType":"sap.m.GenericTile","properties":{"header":"Manage Conditions & Prices"}},"wdio_ui5_key":"sapm.GenericTile{\"header\":\"Manage Conditions & Prices\"}"}]}
COMMAND: GET /session/bac753d7431ab8579d321a709828f6cf/screenshot - {}
RESULT: {"script":"<script> [1562 bytes]","args":[{"selector":{"controlType":"sap.m.GenericTile","properties":{"header":"Manage Conditions & Prices"}},"wdio_ui5_key":"sapm.GenericTile{\"header\":\"Manage Conditions & Prices\"}"}]}
RESULT: undefined
COMMAND: POST /session/bac753d7431ab8579d321a709828f6cf/element - {"using":"xpath","value":"//*[@id=\"__tile53\"]"}
RESULT: {}
RESULT: {"using":"xpath","value":"//*[@id=\"__tile53\"]"}
COMMAND: POST /session/bac753d7431ab8579d321a709828f6cf/element/f.AB4A68BA45A81A2DBE2B8A5915AD560C.d.5E10681D007C3A8D0EB64FADEDCF2E3C.e.203/click - {}
RESULT: {}
COMMAND: GET /session/bac753d7431ab8579d321a709828f6cf/screenshot - {}
RESULT: {}
COMMAND: POST /session/bac753d7431ab8579d321a709828f6cf/elements - {"using":"xpath","value":"//span[text()='Error']"}
RESULT: {"using":"xpath","value":"//span[text()='Error']"}
COMMAND: POST /session/bac753d7431ab8579d321a709828f6cf/element - {"using":"xpath","value":"//button[@aria-label=\"Create\"]"}
RESULT: {"using":"xpath","value":"//button[@aria-label=\"Create\"]"}
COMMAND: POST /session/bac753d7431ab8579d321a709828f6cf/elements - {"using":"xpath","value":"//button[@aria-label=\"Create\"]"}
RESULT: {"using":"xpath","value":"//button[@aria-label=\"Create\"]"}
COMMAND: POST /session/bac753d7431ab8579d321a709828f6cf/execute/sync - {"script":"<script> [8489 bytes]","args":[{"element-6066-11e4-a52e-4f735466cecf":"f.AB4A68BA45A81A2DBE2B8A5915AD560C.d.5E10681D007C3A8D0EB64FADEDCF2E3C.e.1726","ELEMENT":"f.AB4A68BA45A81A2DBE2B8A5915AD560C.d.5E10681D007C3A8D0EB64FADEDCF2E3C.e.1726"}]}
RESULT: {"script":"<script> [8489 bytes]","args":[{"element-6066-11e4-a52e-4f735466cecf":"f.AB4A68BA45A81A2DBE2B8A5915AD560C.d.5E10681D007C3A8D0EB64FADEDCF2E3C.e.1726","ELEMENT":"f.AB4A68BA45A81A2DBE2B8A5915AD560C.d.5E10681D007C3A8D0EB64FADEDCF2E3C.e.1726"}]}
COMMAND: GET /session/bac753d7431ab8579d321a709828f6cf/element/f.AB4A68BA45A81A2DBE2B8A5915AD560C.d.5E10681D007C3A8D0EB64FADEDCF2E3C.e.1726/enabled - {}
COMMAND: GET /session/bac753d7431ab8579d321a709828f6cf/screenshot - {}
RESULT: {}
COMMAND: POST /session/bac753d7431ab8579d321a709828f6cf/execute/sync - {"script":"<script> [8489 bytes]","args":[{"element-6066-11e4-a52e-4f735466cecf":"f.AB4A68BA45A81A2DBE2B8A5915AD560C.d.5E10681D007C3A8D0EB64FADEDCF2E3C.e.1726","ELEMENT":"f.AB4A68BA45A81A2DBE2B8A5915AD560C.d.5E10681D007C3A8D0EB64FADEDCF2E3C.e.1726"}]}
COMMAND: GET /session/bac753d7431ab8579d321a709828f6cf/screenshot - {}
RESULT: {}
RESULT: {"script":"<script> [8489 bytes]","args":[{"element-6066-11e4-a52e-4f735466cecf":"f.AB4A68BA45A81A2DBE2B8A5915AD560C.d.5E10681D007C3A8D0EB64FADEDCF2E3C.e.1726","ELEMENT":"f.AB4A68BA45A81A2DBE2B8A5915AD560C.d.5E10681D007C3A8D0EB64FADEDCF2E3C.e.1726"}]}
COMMAND: POST /session/bac753d7431ab8579d321a709828f6cf/execute/sync - {"script":"<script> [5351 bytes]","args":[{"element-6066-11e4-a52e-4f735466cecf":"f.AB4A68BA45A81A2DBE2B8A5915AD560C.d.5E10681D007C3A8D0EB64FADEDCF2E3C.e.1726","ELEMENT":"f.AB4A68BA45A81A2DBE2B8A5915AD560C.d.5E10681D007C3A8D0EB64FADEDCF2E3C.e.1726"}]}
COMMAND: GET /session/bac753d7431ab8579d321a709828f6cf/screenshot - {}
RESULT: {}
RESULT: {"script":"<script> [5351 bytes]","args":[{"element-6066-11e4-a52e-4f735466cecf":"f.AB4A68BA45A81A2DBE2B8A5915AD560C.d.5E10681D007C3A8D0EB64FADEDCF2E3C.e.1726","ELEMENT":"f.AB4A68BA45A81A2DBE2B8A5915AD560C.d.5E10681D007C3A8D0EB64FADEDCF2E3C.e.1726"}]}
COMMAND: POST /session/bac753d7431ab8579d321a709828f6cf/element/f.AB4A68BA45A81A2DBE2B8A5915AD560C.d.5E10681D007C3A8D0EB64FADEDCF2E3C.e.1726/click - {}
COMMAND: GET /session/bac753d7431ab8579d321a709828f6cf/screenshot - {}
RESULT: {}
RESULT: {}
COMMAND: GET /session/bac753d7431ab8579d321a709828f6cf/screenshot - {}
RESULT: {}
RESULT: {}
COMMAND: POST /session/bac753d7431ab8579d321a709828f6cf/actions - {"actions":[{"id":"action6","type":"key","parameters":{},"actions":[{"type":"keyDown","value":"î€‡"},{"type":"pause","duration":10},{"type":"keyUp","value":"î€‡"}]}]}
RESULT: {"actions":[{"id":"action6","type":"key","parameters":{},"actions":[{"type":"keyDown","value":"î€‡"},{"type":"pause","duration":10},{"type":"keyUp","value":"î€‡"}]}]}
COMMAND: GET /session/bac753d7431ab8579d321a709828f6cf/screenshot - {}
RESULT: {}
COMMAND: POST /session/bac753d7431ab8579d321a709828f6cf/execute/async - {"script":"<script> [1562 bytes]","args":[{"selector":{"id":"application-manageconditionprice-display-component---newCondition--condBillCond-arrow"},"wdio_ui5_key":"applicationmanageconditionprice-display-component---newCondition--condBillCond-arrow"}]}
RESULT: {"script":"<script> [1562 bytes]","args":[{"selector":{"id":"application-manageconditionprice-display-component---newCondition--condBillCond-arrow"},"wdio_ui5_key":"applicationmanageconditionprice-display-component---newCondition--condBillCond-arrow"}]}
RESULT: undefined
COMMAND: POST /session/bac753d7431ab8579d321a709828f6cf/element - {"using":"xpath","value":"//*[@id=\"application-manageconditionprice-display-component---newCondition--condBillCond-arrow\"]"}
RESULT: {"using":"xpath","value":"//*[@id=\"application-manageconditionprice-display-component---newCondition--condBillCond-arrow\"]"}
COMMAND: POST /session/bac753d7431ab8579d321a709828f6cf/element/f.AB4A68BA45A81A2DBE2B8A5915AD560C.d.5E10681D007C3A8D0EB64FADEDCF2E3C.e.1936/click - {}
RESULT: {}
COMMAND: GET /session/bac753d7431ab8579d321a709828f6cf/screenshot - {}
RESULT: {}
COMMAND: POST /session/bac753d7431ab8579d321a709828f6cf/element - {"using":"xpath","value":"//li[.//span[contains(text(), \"SAPR - Sales price\")]]"}
RESULT: {"using":"xpath","value":"//li[.//span[contains(text(), \"SAPR - Sales price\")]]"}
COMMAND: POST /session/bac753d7431ab8579d321a709828f6cf/element/f.AB4A68BA45A81A2DBE2B8A5915AD560C.d.5E10681D007C3A8D0EB64FADEDCF2E3C.e.1940/click - {}
RESULT: {}
COMMAND: GET /session/bac753d7431ab8579d321a709828f6cf/screenshot - {}
RESULT: {}
COMMAND: POST /session/bac753d7431ab8579d321a709828f6cf/execute/async - {"script":"<script> [1562 bytes]","args":[{"selector":{"id":"application-manageconditionprice-display-component---newCondition--condValidTo","interaction":{"idSuffix":"inner"}},"wdio_ui5_key":"applicationmanageconditionprice-display-component---newCondition--condValidTo"}]}
RESULT: {"script":"<script> [1562 bytes]","args":[{"selector":{"id":"application-manageconditionprice-display-component---newCondition--condValidTo","interaction":{"idSuffix":"inner"}},"wdio_ui5_key":"applicationmanageconditionprice-display-component---newCondition--condValidTo"}]}
RESULT: undefined
COMMAND: POST /session/bac753d7431ab8579d321a709828f6cf/execute/async - {"script":"<script> [776 bytes]","args":[{"enterText":"2/4/26","selector":{"id":"application-manageconditionprice-display-component---newCondition--condValidTo","interaction":{"idSuffix":"inner"}},"clearTextFirst":true,"interactionType":"ENTER_TEXT"}]}
RESULT: {"script":"<script> [776 bytes]","args":[{"enterText":"2/4/26","selector":{"id":"application-manageconditionprice-display-component---newCondition--condValidTo","interaction":{"idSuffix":"inner"}},"clearTextFirst":true,"interactionType":"ENTER_TEXT"}]}
COMMAND: POST /session/bac753d7431ab8579d321a709828f6cf/element - {"using":"xpath","value":"//input[@id=\"application-manageconditionprice-display-component---newCondition--condRU-inner\"]"}
RESULT: {"using":"xpath","value":"//input[@id=\"application-manageconditionprice-display-component---newCondition--condRU-inner\"]"}
COMMAND: POST /session/bac753d7431ab8579d321a709828f6cf/element/f.AB4A68BA45A81A2DBE2B8A5915AD560C.d.5E10681D007C3A8D0EB64FADEDCF2E3C.e.1801/clear - {}
RESULT: {}
COMMAND: POST /session/bac753d7431ab8579d321a709828f6cf/element/f.AB4A68BA45A81A2DBE2B8A5915AD560C.d.5E10681D007C3A8D0EB64FADEDCF2E3C.e.1801/value - {"text":"mIw5kYogNG"}
COMMAND: GET /session/bac753d7431ab8579d321a709828f6cf/screenshot - {}
RESULT: {"text":"mIw5kYogNG"}
COMMAND: GET /session/bac753d7431ab8579d321a709828f6cf/screenshot - {}
RESULT: {}
RESULT: {}
COMMAND: POST /session/bac753d7431ab8579d321a709828f6cf/actions - {"actions":[{"id":"action7","type":"key","parameters":{},"actions":[{"type":"keyDown","value":"î€‡"},{"type":"pause","duration":10},{"type":"keyUp","value":"î€‡"}]}]}
RESULT: {"actions":[{"id":"action7","type":"key","parameters":{},"actions":[{"type":"keyDown","value":"î€‡"},{"type":"pause","duration":10},{"type":"keyUp","value":"î€‡"}]}]}
COMMAND: POST /session/bac753d7431ab8579d321a709828f6cf/execute/async - {"script":"<script> [1562 bytes]","args":[{"selector":{"id":"application-manageconditionprice-display-component---newCondition--condBaseQty","interaction":{"idSuffix":"inner"}},"wdio_ui5_key":"applicationmanageconditionprice-display-component---newCondition--condBaseQty"}]}
COMMAND: GET /session/bac753d7431ab8579d321a709828f6cf/screenshot - {}
RESULT: {"script":"<script> [1562 bytes]","args":[{"selector":{"id":"application-manageconditionprice-display-component---newCondition--condBaseQty","interaction":{"idSuffix":"inner"}},"wdio_ui5_key":"applicationmanageconditionprice-display-component---newCondition--condBaseQty"}]}
RESULT: undefined
COMMAND: POST /session/bac753d7431ab8579d321a709828f6cf/execute/async - {"script":"<script> [776 bytes]","args":[{"enterText":"1","selector":{"id":"application-manageconditionprice-display-component---newCondition--condBaseQty","interaction":{"idSuffix":"inner"}},"clearTextFirst":true,"interactionType":"ENTER_TEXT"}]}
RESULT: {}
RESULT: {"script":"<script> [776 bytes]","args":[{"enterText":"1","selector":{"id":"application-manageconditionprice-display-component---newCondition--condBaseQty","interaction":{"idSuffix":"inner"}},"clearTextFirst":true,"interactionType":"ENTER_TEXT"}]}
COMMAND: POST /session/bac753d7431ab8579d321a709828f6cf/execute/async - {"script":"<script> [1562 bytes]","args":[{"selector":{"id":"application-manageconditionprice-display-component---newCondition--condValue","interaction":{"idSuffix":"inner"}},"wdio_ui5_key":"applicationmanageconditionprice-display-component---newCondition--condValue"}]}
RESULT: {"script":"<script> [1562 bytes]","args":[{"selector":{"id":"application-manageconditionprice-display-component---newCondition--condValue","interaction":{"idSuffix":"inner"}},"wdio_ui5_key":"applicationmanageconditionprice-display-component---newCondition--condValue"}]}
RESULT: undefined
COMMAND: POST /session/bac753d7431ab8579d321a709828f6cf/execute/async - {"script":"<script> [776 bytes]","args":[{"enterText":"200","selector":{"id":"application-manageconditionprice-display-component---newCondition--condValue","interaction":{"idSuffix":"inner"}},"clearTextFirst":true,"interactionType":"ENTER_TEXT"}]}
RESULT: {"script":"<script> [776 bytes]","args":[{"enterText":"200","selector":{"id":"application-manageconditionprice-display-component---newCondition--condValue","interaction":{"idSuffix":"inner"}},"clearTextFirst":true,"interactionType":"ENTER_TEXT"}]}
COMMAND: POST /session/bac753d7431ab8579d321a709828f6cf/execute/async - {"script":"<script> [1562 bytes]","args":[{"selector":{"id":"application-manageconditionprice-display-component---newCondition--condCurr-arrow"},"wdio_ui5_key":"applicationmanageconditionprice-display-component---newCondition--condCurr-arrow"}]}
RESULT: {"script":"<script> [1562 bytes]","args":[{"selector":{"id":"application-manageconditionprice-display-component---newCondition--condCurr-arrow"},"wdio_ui5_key":"applicationmanageconditionprice-display-component---newCondition--condCurr-arrow"}]}
RESULT: undefined
COMMAND: POST /session/bac753d7431ab8579d321a709828f6cf/element - {"using":"xpath","value":"//*[@id=\"application-manageconditionprice-display-component---newCondition--condCurr-arrow\"]"}
RESULT: {"using":"xpath","value":"//*[@id=\"application-manageconditionprice-display-component---newCondition--condCurr-arrow\"]"}
COMMAND: POST /session/bac753d7431ab8579d321a709828f6cf/element/f.AB4A68BA45A81A2DBE2B8A5915AD560C.d.5E10681D007C3A8D0EB64FADEDCF2E3C.e.1926/click - {}
RESULT: {}
COMMAND: POST /session/bac753d7431ab8579d321a709828f6cf/element - {"using":"xpath","value":"//span[contains(text(), \"Euro\")]"}
COMMAND: GET /session/bac753d7431ab8579d321a709828f6cf/screenshot - {}
RESULT: {"using":"xpath","value":"//span[contains(text(), \"Euro\")]"}
COMMAND: POST /session/bac753d7431ab8579d321a709828f6cf/element/f.AB4A68BA45A81A2DBE2B8A5915AD560C.d.5E10681D007C3A8D0EB64FADEDCF2E3C.e.1978/click - {}
RESULT: {}
RESULT: {}
COMMAND: POST /session/bac753d7431ab8579d321a709828f6cf/element - {"using":"xpath","value":"//button[@data-kt=\"saveButton\"]"}
COMMAND: GET /session/bac753d7431ab8579d321a709828f6cf/screenshot - {}
RESULT: {"using":"xpath","value":"//button[@data-kt=\"saveButton\"]"}
COMMAND: POST /session/bac753d7431ab8579d321a709828f6cf/element/f.AB4A68BA45A81A2DBE2B8A5915AD560C.d.5E10681D007C3A8D0EB64FADEDCF2E3C.e.1927/click - {}
RESULT: {}
RESULT: {}
COMMAND: GET /session/bac753d7431ab8579d321a709828f6cf/screenshot - {}
RESULT: {}
COMMAND: POST /session/bac753d7431ab8579d321a709828f6cf/execute/async - {"script":"<script> [1562 bytes]","args":[{"selector":{"id":"application-manageconditionprice-display-component---conditions--smartFilterBar-btnBasicSearch","interaction":{"idSuffix":"I"}},"wdio_ui5_key":"applicationmanageconditionprice-display-component---conditions--smartFilterBar-btnBasicSearch"}]}
RESULT: {"script":"<script> [1562 bytes]","args":[{"selector":{"id":"application-manageconditionprice-display-component---conditions--smartFilterBar-btnBasicSearch","interaction":{"idSuffix":"I"}},"wdio_ui5_key":"applicationmanageconditionprice-display-component---conditions--smartFilterBar-btnBasicSearch"}]}
RESULT: undefined
COMMAND: POST /session/bac753d7431ab8579d321a709828f6cf/execute/async - {"script":"<script> [776 bytes]","args":[{"enterText":"mIw5kYogNG","selector":{"id":"application-manageconditionprice-display-component---conditions--smartFilterBar-btnBasicSearch","interaction":{"idSuffix":"I"}},"clearTextFirst":true,"interactionType":"ENTER_TEXT"}]}
RESULT: {"script":"<script> [776 bytes]","args":[{"enterText":"mIw5kYogNG","selector":{"id":"application-manageconditionprice-display-component---conditions--smartFilterBar-btnBasicSearch","interaction":{"idSuffix":"I"}},"clearTextFirst":true,"interactionType":"ENTER_TEXT"}]}
COMMAND: POST /session/bac753d7431ab8579d321a709828f6cf/actions - {"actions":[{"id":"action8","type":"key","parameters":{},"actions":[{"type":"keyDown","value":"î€‡"},{"type":"pause","duration":10},{"type":"keyUp","value":"î€‡"}]}]}
RESULT: {"actions":[{"id":"action8","type":"key","parameters":{},"actions":[{"type":"keyDown","value":"î€‡"},{"type":"pause","duration":10},{"type":"keyUp","value":"î€‡"}]}]}
COMMAND: GET /session/bac753d7431ab8579d321a709828f6cf/screenshot - {}
RESULT: {}
COMMAND: POST /session/bac753d7431ab8579d321a709828f6cf/execute/async - {"script":"<script> [1562 bytes]","args":[{"selector":{"id":"application-manageconditionprice-display-component---conditions--smartFilterBar-filterItemControl_BASIC-BILL_TYPES-vhi"},"wdio_ui5_key":"applicationmanageconditionprice-display-component---conditions--smartFilterBar-filterItemControl_BASIC-BILL_TYPES-vhi"}]}
RESULT: {"script":"<script> [1562 bytes]","args":[{"selector":{"id":"application-manageconditionprice-display-component---conditions--smartFilterBar-filterItemControl_BASIC-BILL_TYPES-vhi"},"wdio_ui5_key":"applicationmanageconditionprice-display-component---conditions--smartFilterBar-filterItemControl_BASIC-BILL_TYPES-vhi"}]}
RESULT: undefined
COMMAND: POST /session/bac753d7431ab8579d321a709828f6cf/element - {"using":"xpath","value":"//*[@id=\"application-manageconditionprice-display-component---conditions--smartFilterBar-filterItemControl_BASIC-BILL_TYPES-vhi\"]"}
RESULT: {"using":"xpath","value":"//*[@id=\"application-manageconditionprice-display-component---conditions--smartFilterBar-filterItemControl_BASIC-BILL_TYPES-vhi\"]"}
COMMAND: POST /session/bac753d7431ab8579d321a709828f6cf/element/f.AB4A68BA45A81A2DBE2B8A5915AD560C.d.5E10681D007C3A8D0EB64FADEDCF2E3C.e.1994/click - {}
RESULT: {}
COMMAND: POST /session/bac753d7431ab8579d321a709828f6cf/execute/async - {"script":"<script> [1562 bytes]","args":[{"selector":{"id":"application-manageconditionprice-display-component---conditions--smartFilterBar-filterItemControl_BASIC-BILL_TYPES-valueHelpDialog-smartFilterBar-btnBasicSearch","searchOpenDialogs":true,"interaction":{"idSuffix":"I"}},"wdio_ui5_key":"applicationmanageconditionprice-display-component---conditions--smartFilterBar-filterItemControl_BASIC-BILL_TYPES-valueHelpDialog-smartFilterBar-btnBasicSearch"}]}
COMMAND: GET /session/bac753d7431ab8579d321a709828f6cf/screenshot - {}
RESULT: {"script":"<script> [1562 bytes]","args":[{"selector":{"id":"application-manageconditionprice-display-component---conditions--smartFilterBar-filterItemControl_BASIC-BILL_TYPES-valueHelpDialog-smartFilterBar-btnBasicSearch","searchOpenDialogs":true,"interaction":{"idSuffix":"I"}},"wdio_ui5_key":"applicationmanageconditionprice-display-component---conditions--smartFilterBar-filterItemControl_BASIC-BILL_TYPES-valueHelpDialog-smartFilterBar-btnBasicSearch"}]}
RESULT: undefined
COMMAND: POST /session/bac753d7431ab8579d321a709828f6cf/execute/async - {"script":"<script> [776 bytes]","args":[{"enterText":"one","selector":{"id":"application-manageconditionprice-display-component---conditions--smartFilterBar-filterItemControl_BASIC-BILL_TYPES-valueHelpDialog-smartFilterBar-btnBasicSearch","searchOpenDialogs":true,"interaction":{"idSuffix":"I"}},"clearTextFirst":true,"interactionType":"ENTER_TEXT"}]}
RESULT: {}
RESULT: {"script":"<script> [776 bytes]","args":[{"enterText":"one","selector":{"id":"application-manageconditionprice-display-component---conditions--smartFilterBar-filterItemControl_BASIC-BILL_TYPES-valueHelpDialog-smartFilterBar-btnBasicSearch","searchOpenDialogs":true,"interaction":{"idSuffix":"I"}},"clearTextFirst":true,"interactionType":"ENTER_TEXT"}]}
COMMAND: POST /session/bac753d7431ab8579d321a709828f6cf/actions - {"actions":[{"id":"action9","type":"key","parameters":{},"actions":[{"type":"keyDown","value":"î€‡"},{"type":"pause","duration":10},{"type":"keyUp","value":"î€‡"}]}]}
RESULT: {"actions":[{"id":"action9","type":"key","parameters":{},"actions":[{"type":"keyDown","value":"î€‡"},{"type":"pause","duration":10},{"type":"keyUp","value":"î€‡"}]}]}
COMMAND: GET /session/bac753d7431ab8579d321a709828f6cf/screenshot - {}
RESULT: {}
COMMAND: POST /session/bac753d7431ab8579d321a709828f6cf/element - {"using":"xpath","value":"//div[contains(@id, 'application-manageconditionprice-display-component---conditions--smartFilterBar-filterItemControl_BASIC-BILL_TYPES-valueHelpDialog-table-rowsel0')]"}
RESULT: {"using":"xpath","value":"//div[contains(@id, 'application-manageconditionprice-display-component---conditions--smartFilterBar-filterItemControl_BASIC-BILL_TYPES-valueHelpDialog-table-rowsel0')]"}
COMMAND: POST /session/bac753d7431ab8579d321a709828f6cf/element/f.AB4A68BA45A81A2DBE2B8A5915AD560C.d.5E10681D007C3A8D0EB64FADEDCF2E3C.e.2004/click - {}
RESULT: {}
COMMAND: GET /session/bac753d7431ab8579d321a709828f6cf/screenshot - {}
RESULT: {}
COMMAND: POST /session/bac753d7431ab8579d321a709828f6cf/element - {"using":"xpath","value":"//bdi[contains(text(), \"OK\")]"}
RESULT: {"using":"xpath","value":"//bdi[contains(text(), \"OK\")]"}
COMMAND: POST /session/bac753d7431ab8579d321a709828f6cf/element/f.AB4A68BA45A81A2DBE2B8A5915AD560C.d.5E10681D007C3A8D0EB64FADEDCF2E3C.e.2006/click - {}
RESULT: {}
COMMAND: GET /session/bac753d7431ab8579d321a709828f6cf/screenshot - {}
RESULT: {}
COMMAND: POST /session/bac753d7431ab8579d321a709828f6cf/element - {"using":"xpath","value":"//span[@id=\"application-manageconditionprice-display-component---conditions--smartTable-header-inner\"]"}
RESULT: {"using":"xpath","value":"//span[@id=\"application-manageconditionprice-display-component---conditions--smartTable-header-inner\"]"}
COMMAND: POST /session/bac753d7431ab8579d321a709828f6cf/elements - {"using":"xpath","value":"//span[@id=\"application-manageconditionprice-display-component---conditions--smartTable-header-inner\"]"}
RESULT: {"using":"xpath","value":"//span[@id=\"application-manageconditionprice-display-component---conditions--smartTable-header-inner\"]"}
COMMAND: POST /session/bac753d7431ab8579d321a709828f6cf/execute/sync - {"script":"<script> [56 bytes]","args":[{"element-6066-11e4-a52e-4f735466cecf":"f.AB4A68BA45A81A2DBE2B8A5915AD560C.d.5E10681D007C3A8D0EB64FADEDCF2E3C.e.2009","ELEMENT":"f.AB4A68BA45A81A2DBE2B8A5915AD560C.d.5E10681D007C3A8D0EB64FADEDCF2E3C.e.2009"}]}
RESULT: {"script":"<script> [56 bytes]","args":[{"element-6066-11e4-a52e-4f735466cecf":"f.AB4A68BA45A81A2DBE2B8A5915AD560C.d.5E10681D007C3A8D0EB64FADEDCF2E3C.e.2009","ELEMENT":"f.AB4A68BA45A81A2DBE2B8A5915AD560C.d.5E10681D007C3A8D0EB64FADEDCF2E3C.e.2009"}]}
COMMAND: POST /session/bac753d7431ab8579d321a709828f6cf/element - {"using":"css selector","value":"#shell-header-logo"}
COMMAND: GET /session/bac753d7431ab8579d321a709828f6cf/screenshot - {}
RESULT: {"using":"css selector","value":"#shell-header-logo"}
COMMAND: POST /session/bac753d7431ab8579d321a709828f6cf/element/f.AB4A68BA45A81A2DBE2B8A5915AD560C.d.5E10681D007C3A8D0EB64FADEDCF2E3C.e.1689/click - {}
RESULT: {}
RESULT: {}
COMMAND: GET /session/bac753d7431ab8579d321a709828f6cf/screenshot - {}
RESULT: {}
COMMAND: POST /session/bac753d7431ab8579d321a709828f6cf/element - {"using":"css selector","value":"#j_username"}
COMMAND: POST /session/bac753d7431ab8579d321a709828f6cf/url - {"url":"https://qa-testing-00-live-etm-ui.cfapps.eu10-004.hana.ondemand.com/"}
RESULT: {"using":"css selector","value":"#j_username"}
COMMAND: POST /session/bac753d7431ab8579d321a709828f6cf/element - {"using":"css selector","value":"#j_username"}
RESULT: {"url":"https://qa-testing-00-live-etm-ui.cfapps.eu10-004.hana.ondemand.com/"}
RESULT: undefined
COMMAND: GET /session/bac753d7431ab8579d321a709828f6cf/screenshot - {}
RESULT: {"using":"css selector","value":"#j_username"}
COMMAND: POST /session/bac753d7431ab8579d321a709828f6cf/element - {"using":"css selector","value":"#shell-header-logo"}
RESULT: {}
RESULT: {"using":"css selector","value":"#shell-header-logo"}
COMMAND: POST /session/bac753d7431ab8579d321a709828f6cf/execute/sync - {"script":"<script> [8489 bytes]","args":[{"element-6066-11e4-a52e-4f735466cecf":"f.AB4A68BA45A81A2DBE2B8A5915AD560C.d.73169C6FC4D8AFAC2F076D09B85AE3B2.e.2025","ELEMENT":"f.AB4A68BA45A81A2DBE2B8A5915AD560C.d.73169C6FC4D8AFAC2F076D09B85AE3B2.e.2025"}]}
RESULT: {"script":"<script> [8489 bytes]","args":[{"element-6066-11e4-a52e-4f735466cecf":"f.AB4A68BA45A81A2DBE2B8A5915AD560C.d.73169C6FC4D8AFAC2F076D09B85AE3B2.e.2025","ELEMENT":"f.AB4A68BA45A81A2DBE2B8A5915AD560C.d.73169C6FC4D8AFAC2F076D09B85AE3B2.e.2025"}]}
COMMAND: POST /session/bac753d7431ab8579d321a709828f6cf/element - {"using":"css selector","value":"#shell-header-logo"}
COMMAND: GET /session/bac753d7431ab8579d321a709828f6cf/screenshot - {}
RESULT: {"using":"css selector","value":"#shell-header-logo"}
COMMAND: POST /session/bac753d7431ab8579d321a709828f6cf/execute/sync - {"script":"<script> [8489 bytes]","args":[{"element-6066-11e4-a52e-4f735466cecf":"f.AB4A68BA45A81A2DBE2B8A5915AD560C.d.73169C6FC4D8AFAC2F076D09B85AE3B2.e.2025","ELEMENT":"f.AB4A68BA45A81A2DBE2B8A5915AD560C.d.73169C6FC4D8AFAC2F076D09B85AE3B2.e.2025"}]}
RESULT: {}
RESULT: {"script":"<script> [8489 bytes]","args":[{"element-6066-11e4-a52e-4f735466cecf":"f.AB4A68BA45A81A2DBE2B8A5915AD560C.d.73169C6FC4D8AFAC2F076D09B85AE3B2.e.2025","ELEMENT":"f.AB4A68BA45A81A2DBE2B8A5915AD560C.d.73169C6FC4D8AFAC2F076D09B85AE3B2.e.2025"}]}
COMMAND: POST /session/bac753d7431ab8579d321a709828f6cf/execute/sync - {"script":"<script> [5351 bytes]","args":[{"element-6066-11e4-a52e-4f735466cecf":"f.AB4A68BA45A81A2DBE2B8A5915AD560C.d.73169C6FC4D8AFAC2F076D09B85AE3B2.e.2025","ELEMENT":"f.AB4A68BA45A81A2DBE2B8A5915AD560C.d.73169C6FC4D8AFAC2F076D09B85AE3B2.e.2025"}]}
COMMAND: GET /session/bac753d7431ab8579d321a709828f6cf/screenshot - {}
RESULT: {"script":"<script> [5351 bytes]","args":[{"element-6066-11e4-a52e-4f735466cecf":"f.AB4A68BA45A81A2DBE2B8A5915AD560C.d.73169C6FC4D8AFAC2F076D09B85AE3B2.e.2025","ELEMENT":"f.AB4A68BA45A81A2DBE2B8A5915AD560C.d.73169C6FC4D8AFAC2F076D09B85AE3B2.e.2025"}]}
COMMAND: POST /session/bac753d7431ab8579d321a709828f6cf/element - {"using":"css selector","value":"#shell-header-logo"}
COMMAND: GET /session/bac753d7431ab8579d321a709828f6cf/screenshot - {}
RESULT: {}
RESULT: {"using":"css selector","value":"#shell-header-logo"}
COMMAND: POST /session/bac753d7431ab8579d321a709828f6cf/element/f.AB4A68BA45A81A2DBE2B8A5915AD560C.d.73169C6FC4D8AFAC2F076D09B85AE3B2.e.2025/click - {}
RESULT: {}
RESULT: {}
COMMAND: GET /session/bac753d7431ab8579d321a709828f6cf/screenshot - {}
RESULT: {}
COMMAND: POST /session/bac753d7431ab8579d321a709828f6cf/execute/async - {"script":"<script> [189 bytes]","args":[]}
RESULT: {"script":"<script> [189 bytes]","args":[]}
COMMAND: POST /session/bac753d7431ab8579d321a709828f6cf/execute/async - {"script":"<script> [123 bytes]","args":[]}
RESULT: {"script":"<script> [123 bytes]","args":[]}
COMMAND: POST /session/bac753d7431ab8579d321a709828f6cf/timeouts - {"script":"<number>"}
RESULT: {"script":"<number>"}
COMMAND: GET /session/bac753d7431ab8579d321a709828f6cf/timeouts - {}
RESULT: {}
RESULT: undefined
COMMAND: POST /session/bac753d7431ab8579d321a709828f6cf/execute/async - {"script":"<script> [2676 bytes]","args":[]}
RESULT: {"script":"<script> [2676 bytes]","args":[]}
COMMAND: POST /session/bac753d7431ab8579d321a709828f6cf/execute/async - {"script":"<script> [2342 bytes]","args":[{"protocol":"http","hostname":"0.0.0.0","path":"/","capabilities":{"browserName":"chrome","goog:chromeOptions":{"binary":"C:\\Program Files\\Google\\Chrome\\Application\\chrome.exe","args":["--start-maximized"]}},"logLevel":"warn","connectionRetryTimeout":120000,"connectionRetryCount":3,"logLevels":{},"enableDirectConnect":true,"strictSSL":true,"_":"65 more keys: [\"cacheDir\",\"port\",\"requestedCapabilities\",\"automationProtocol\",\"baseUrl\",\"waitforInterval\",\"waitforTimeout\",\"onReload\",\"beforeCommand\",\"afterCommand\",\"rootDir\",\"specs\",\"suites\",\"exclude\",\"groupLogsByTestSpec\",\"excludeDriverLogs\",\"bail\",\"framework\",\"reporters\",\"services\",\"maxInstances\",\"maxInstancesPerCapability\",\"injectGlobals\",\"filesToWatch\",\"execArgv\",\"runnerEnv\",\"runner\",\"shard\",\"specFileRetries\",\"specFileRetriesDelay\",\"specFileRetriesDeferred\",\"reporterSyncInterval\",\"reporterSyncTimeout\",\"cucumberFeaturesWithLineNumbers\",\"autoCompileOpts\",\"mochaOpts\",\"jasmineOpts\",\"cucumberOpts\",\"onPrepare\",\"onWorkerStart\",\"onWorkerEnd\",\"before\",\"beforeSession\",\"beforeSuite\",\"beforeHook\",\"beforeTest\",\"afterTest\",\"afterHook\",\"afterSuite\",\"afterSession\",\"after\",\"onComplete\",\"beforeAssertion\",\"afterAssertion\",\"beforeFeature\",\"beforeScenario\",\"beforeStep\",\"afterStep\",\"afterScenario\",\"afterFeature\",\"_\",\"suite\",\"$0\",\"ignoredWorkerServices\",\"wdi5\"]"}]}
RESULT: {"script":"<script> [2342 bytes]","args":[{"protocol":"http","hostname":"0.0.0.0","path":"/","capabilities":{"browserName":"chrome","goog:chromeOptions":{"binary":"C:\\Program Files\\Google\\Chrome\\Application\\chrome.exe","args":["--start-maximized"]}},"logLevel":"warn","connectionRetryTimeout":120000,"connectionRetryCount":3,"logLevels":{},"enableDirectConnect":true,"strictSSL":true,"_":"65 more keys: [\"cacheDir\",\"port\",\"requestedCapabilities\",\"automationProtocol\",\"baseUrl\",\"waitforInterval\",\"waitforTimeout\",\"onReload\",\"beforeCommand\",\"afterCommand\",\"rootDir\",\"specs\",\"suites\",\"exclude\",\"groupLogsByTestSpec\",\"excludeDriverLogs\",\"bail\",\"framework\",\"reporters\",\"services\",\"maxInstances\",\"maxInstancesPerCapability\",\"injectGlobals\",\"filesToWatch\",\"execArgv\",\"runnerEnv\",\"runner\",\"shard\",\"specFileRetries\",\"specFileRetriesDelay\",\"specFileRetriesDeferred\",\"reporterSyncInterval\",\"reporterSyncTimeout\",\"cucumberFeaturesWithLineNumbers\",\"autoCompileOpts\",\"mochaOpts\",\"jasmineOpts\",\"cucumberOpts\",\"onPrepare\",\"onWorkerStart\",\"onWorkerEnd\",\"before\",\"beforeSession\",\"beforeSuite\",\"beforeHook\",\"beforeTest\",\"afterTest\",\"afterHook\",\"afterSuite\",\"afterSession\",\"after\",\"onComplete\",\"beforeAssertion\",\"afterAssertion\",\"beforeFeature\",\"beforeScenario\",\"beforeStep\",\"afterStep\",\"afterScenario\",\"afterFeature\",\"_\",\"suite\",\"$0\",\"ignoredWorkerServices\",\"wdi5\"]"}]}
COMMAND: POST /session/bac753d7431ab8579d321a709828f6cf/execute/async - {"script":"<script> [21126 bytes]","args":[35000]}
RESULT: {"script":"<script> [21126 bytes]","args":[35000]}
COMMAND: POST /session/bac753d7431ab8579d321a709828f6cf/window/maximize - {}
RESULT: {}
COMMAND: POST /session/bac753d7431ab8579d321a709828f6cf/execute/async - {"script":"<script> [1562 bytes]","args":[{"selector":{"id":"shell-header","interaction":{"idSuffix":"icon"}},"wdio_ui5_key":"shellheader"}]}
COMMAND: GET /session/bac753d7431ab8579d321a709828f6cf/screenshot - {}
RESULT: {"script":"<script> [1562 bytes]","args":[{"selector":{"id":"shell-header","interaction":{"idSuffix":"icon"}},"wdio_ui5_key":"shellheader"}]}
RESULT: undefined
COMMAND: POST /session/bac753d7431ab8579d321a709828f6cf/refresh - {}
RESULT: {}
RESULT: {}
COMMAND: GET /session/bac753d7431ab8579d321a709828f6cf/screenshot - {}
RESULT: {}
COMMAND: POST /session/bac753d7431ab8579d321a709828f6cf/refresh - {}
RESULT: {}
COMMAND: GET /session/bac753d7431ab8579d321a709828f6cf/screenshot - {}
RESULT: {}
COMMAND: POST /session/bac753d7431ab8579d321a709828f6cf/window/fullscreen - {}
RESULT: {}
COMMAND: POST /session/bac753d7431ab8579d321a709828f6cf/execute/async - {"script":"<script> [189 bytes]","args":[]}
RESULT: {"script":"<script> [189 bytes]","args":[]}
COMMAND: POST /session/bac753d7431ab8579d321a709828f6cf/execute/async - {"script":"<script> [123 bytes]","args":[]}
RESULT: {"script":"<script> [123 bytes]","args":[]}
COMMAND: POST /session/bac753d7431ab8579d321a709828f6cf/timeouts - {"script":"<number>"}
RESULT: {"script":"<number>"}
COMMAND: GET /session/bac753d7431ab8579d321a709828f6cf/timeouts - {}
RESULT: {}
RESULT: undefined
COMMAND: POST /session/bac753d7431ab8579d321a709828f6cf/execute/async - {"script":"<script> [2676 bytes]","args":[]}
RESULT: {"script":"<script> [2676 bytes]","args":[]}
COMMAND: POST /session/bac753d7431ab8579d321a709828f6cf/execute/async - {"script":"<script> [2342 bytes]","args":[{"protocol":"http","hostname":"0.0.0.0","path":"/","capabilities":{"browserName":"chrome","goog:chromeOptions":{"binary":"C:\\Program Files\\Google\\Chrome\\Application\\chrome.exe","args":["--start-maximized"]}},"logLevel":"warn","connectionRetryTimeout":120000,"connectionRetryCount":3,"logLevels":{},"enableDirectConnect":true,"strictSSL":true,"_":"65 more keys: [\"cacheDir\",\"port\",\"requestedCapabilities\",\"automationProtocol\",\"baseUrl\",\"waitforInterval\",\"waitforTimeout\",\"onReload\",\"beforeCommand\",\"afterCommand\",\"rootDir\",\"specs\",\"suites\",\"exclude\",\"groupLogsByTestSpec\",\"excludeDriverLogs\",\"bail\",\"framework\",\"reporters\",\"services\",\"maxInstances\",\"maxInstancesPerCapability\",\"injectGlobals\",\"filesToWatch\",\"execArgv\",\"runnerEnv\",\"runner\",\"shard\",\"specFileRetries\",\"specFileRetriesDelay\",\"specFileRetriesDeferred\",\"reporterSyncInterval\",\"reporterSyncTimeout\",\"cucumberFeaturesWithLineNumbers\",\"autoCompileOpts\",\"mochaOpts\",\"jasmineOpts\",\"cucumberOpts\",\"onPrepare\",\"onWorkerStart\",\"onWorkerEnd\",\"before\",\"beforeSession\",\"beforeSuite\",\"beforeHook\",\"beforeTest\",\"afterTest\",\"afterHook\",\"afterSuite\",\"afterSession\",\"after\",\"onComplete\",\"beforeAssertion\",\"afterAssertion\",\"beforeFeature\",\"beforeScenario\",\"beforeStep\",\"afterStep\",\"afterScenario\",\"afterFeature\",\"_\",\"suite\",\"$0\",\"ignoredWorkerServices\",\"wdi5\"]"}]}
RESULT: {"script":"<script> [2342 bytes]","args":[{"protocol":"http","hostname":"0.0.0.0","path":"/","capabilities":{"browserName":"chrome","goog:chromeOptions":{"binary":"C:\\Program Files\\Google\\Chrome\\Application\\chrome.exe","args":["--start-maximized"]}},"logLevel":"warn","connectionRetryTimeout":120000,"connectionRetryCount":3,"logLevels":{},"enableDirectConnect":true,"strictSSL":true,"_":"65 more keys: [\"cacheDir\",\"port\",\"requestedCapabilities\",\"automationProtocol\",\"baseUrl\",\"waitforInterval\",\"waitforTimeout\",\"onReload\",\"beforeCommand\",\"afterCommand\",\"rootDir\",\"specs\",\"suites\",\"exclude\",\"groupLogsByTestSpec\",\"excludeDriverLogs\",\"bail\",\"framework\",\"reporters\",\"services\",\"maxInstances\",\"maxInstancesPerCapability\",\"injectGlobals\",\"filesToWatch\",\"execArgv\",\"runnerEnv\",\"runner\",\"shard\",\"specFileRetries\",\"specFileRetriesDelay\",\"specFileRetriesDeferred\",\"reporterSyncInterval\",\"reporterSyncTimeout\",\"cucumberFeaturesWithLineNumbers\",\"autoCompileOpts\",\"mochaOpts\",\"jasmineOpts\",\"cucumberOpts\",\"onPrepare\",\"onWorkerStart\",\"onWorkerEnd\",\"before\",\"beforeSession\",\"beforeSuite\",\"beforeHook\",\"beforeTest\",\"afterTest\",\"afterHook\",\"afterSuite\",\"afterSession\",\"after\",\"onComplete\",\"beforeAssertion\",\"afterAssertion\",\"beforeFeature\",\"beforeScenario\",\"beforeStep\",\"afterStep\",\"afterScenario\",\"afterFeature\",\"_\",\"suite\",\"$0\",\"ignoredWorkerServices\",\"wdi5\"]"}]}
COMMAND: POST /session/bac753d7431ab8579d321a709828f6cf/execute/async - {"script":"<script> [21126 bytes]","args":[35000]}
RESULT: {"script":"<script> [21126 bytes]","args":[35000]}
]]></system-out>
    </testcase>
  </testsuite>
  <testsuite timestamp="2025-06-04T17:04:00" time="124.023" tests="3" failures="0" errors="0" skipped="0">
    <properties>
      <property name="specId" value="0" />
      <property name="suiteName" value="Set up pricing rule(OT) 104624" />
      <property name="capabilities" value="chrome.137_0_7151_56.windows" />
      <property name="file" value="file:///D:/a/1/s/test/specs/BTS/create-pricing-rule.spec.js" />
    </properties>
    <testcase classname="chrome.137_0_7151_56.windows.Set_up_pricing_rule(OT)_104624" name="Should create a new yard used for all following tests" time="0.023">
      <system-out><![CDATA[
COMMAND: POST /session/bac753d7431ab8579d321a709828f6cf/window/fullscreen - {}
RESULT: {}
]]></system-out>
    </testcase>
    <testcase classname="chrome.137_0_7151_56.windows.Set_up_pricing_rule(OT)_104624" name="Should create a new equipment used for all following tests" time="0.003" />
    <testcase classname="chrome.137_0_7151_56.windows.Set_up_pricing_rule(OT)_104624" name="Should create new pricing rule on the created resource from earlier module or above" time="70.172">
      <system-out><![CDATA[
COMMAND: POST /session/bac753d7431ab8579d321a709828f6cf/execute/async - {"script":"<script> [1562 bytes]","args":[{"selector":{"controlType":"sap.m.GenericTile","properties":{"header":"Manage Pricing Rules"}},"wdio_ui5_key":"sapm.GenericTile{\"header\":\"Manage Pricing Rules\"}"}]}
RESULT: {"script":"<script> [1562 bytes]","args":[{"selector":{"controlType":"sap.m.GenericTile","properties":{"header":"Manage Pricing Rules"}},"wdio_ui5_key":"sapm.GenericTile{\"header\":\"Manage Pricing Rules\"}"}]}
RESULT: undefined
COMMAND: POST /session/bac753d7431ab8579d321a709828f6cf/element - {"using":"xpath","value":"//*[@id=\"__tile55\"]"}
RESULT: {"using":"xpath","value":"//*[@id=\"__tile55\"]"}
COMMAND: POST /session/bac753d7431ab8579d321a709828f6cf/element/f.AB4A68BA45A81A2DBE2B8A5915AD560C.d.54FFD0624CC54367C5C4C1CA52C025CB.e.2288/click - {}
RESULT: {}
COMMAND: GET /session/bac753d7431ab8579d321a709828f6cf/screenshot - {}
RESULT: {}
COMMAND: POST /session/bac753d7431ab8579d321a709828f6cf/elements - {"using":"xpath","value":"//span[text()='Error']"}
RESULT: {"using":"xpath","value":"//span[text()='Error']"}
COMMAND: POST /session/bac753d7431ab8579d321a709828f6cf/execute/async - {"script":"<script> [1562 bytes]","args":[{"selector":{"controlType":"sap.ui.core.Icon","viewName":"etm.portal.ui.managepricingrules.view.MasterHeader","viewId":"application-managepricingrules-display-component---priceInfoHeader","properties":{"src":{"regex":{"source":"activity\\-items"}}}},"wdio_ui5_key":"etmportal.ui.managepricingrules.view.MasterHeadersap.ui.core.Icon{\"src\":{\"regex\":{\"source\":\"activity\\\\-items\"}}}"}]}
RESULT: {"script":"<script> [1562 bytes]","args":[{"selector":{"controlType":"sap.ui.core.Icon","viewName":"etm.portal.ui.managepricingrules.view.MasterHeader","viewId":"application-managepricingrules-display-component---priceInfoHeader","properties":{"src":{"regex":{"source":"activity\\-items"}}}},"wdio_ui5_key":"etmportal.ui.managepricingrules.view.MasterHeadersap.ui.core.Icon{\"src\":{\"regex\":{\"source\":\"activity\\\\-items\"}}}"}]}
RESULT: undefined
COMMAND: POST /session/bac753d7431ab8579d321a709828f6cf/element - {"using":"xpath","value":"//*[@id=\"__filter1-icon\"]"}
RESULT: {"using":"xpath","value":"//*[@id=\"__filter1-icon\"]"}
COMMAND: POST /session/bac753d7431ab8579d321a709828f6cf/element/f.AB4A68BA45A81A2DBE2B8A5915AD560C.d.54FFD0624CC54367C5C4C1CA52C025CB.e.2343/click - {}
RESULT: {}
COMMAND: GET /session/bac753d7431ab8579d321a709828f6cf/screenshot - {}
RESULT: {}
COMMAND: POST /session/bac753d7431ab8579d321a709828f6cf/element - {"using":"xpath","value":"//button[@data-kt=\"addButton\"]"}
RESULT: {"using":"xpath","value":"//button[@data-kt=\"addButton\"]"}
COMMAND: POST /session/bac753d7431ab8579d321a709828f6cf/elements - {"using":"xpath","value":"//button[@data-kt=\"addButton\"]"}
RESULT: {"using":"xpath","value":"//button[@data-kt=\"addButton\"]"}
COMMAND: POST /session/bac753d7431ab8579d321a709828f6cf/execute/sync - {"script":"<script> [8489 bytes]","args":[{"element-6066-11e4-a52e-4f735466cecf":"f.AB4A68BA45A81A2DBE2B8A5915AD560C.d.54FFD0624CC54367C5C4C1CA52C025CB.e.2390","ELEMENT":"f.AB4A68BA45A81A2DBE2B8A5915AD560C.d.54FFD0624CC54367C5C4C1CA52C025CB.e.2390"}]}
RESULT: {"script":"<script> [8489 bytes]","args":[{"element-6066-11e4-a52e-4f735466cecf":"f.AB4A68BA45A81A2DBE2B8A5915AD560C.d.54FFD0624CC54367C5C4C1CA52C025CB.e.2390","ELEMENT":"f.AB4A68BA45A81A2DBE2B8A5915AD560C.d.54FFD0624CC54367C5C4C1CA52C025CB.e.2390"}]}
COMMAND: GET /session/bac753d7431ab8579d321a709828f6cf/element/f.AB4A68BA45A81A2DBE2B8A5915AD560C.d.54FFD0624CC54367C5C4C1CA52C025CB.e.2390/enabled - {}
COMMAND: GET /session/bac753d7431ab8579d321a709828f6cf/screenshot - {}
RESULT: {}
COMMAND: POST /session/bac753d7431ab8579d321a709828f6cf/execute/sync - {"script":"<script> [8489 bytes]","args":[{"element-6066-11e4-a52e-4f735466cecf":"f.AB4A68BA45A81A2DBE2B8A5915AD560C.d.54FFD0624CC54367C5C4C1CA52C025CB.e.2390","ELEMENT":"f.AB4A68BA45A81A2DBE2B8A5915AD560C.d.54FFD0624CC54367C5C4C1CA52C025CB.e.2390"}]}
COMMAND: GET /session/bac753d7431ab8579d321a709828f6cf/screenshot - {}
RESULT: {}
RESULT: {"script":"<script> [8489 bytes]","args":[{"element-6066-11e4-a52e-4f735466cecf":"f.AB4A68BA45A81A2DBE2B8A5915AD560C.d.54FFD0624CC54367C5C4C1CA52C025CB.e.2390","ELEMENT":"f.AB4A68BA45A81A2DBE2B8A5915AD560C.d.54FFD0624CC54367C5C4C1CA52C025CB.e.2390"}]}
COMMAND: POST /session/bac753d7431ab8579d321a709828f6cf/execute/sync - {"script":"<script> [5351 bytes]","args":[{"element-6066-11e4-a52e-4f735466cecf":"f.AB4A68BA45A81A2DBE2B8A5915AD560C.d.54FFD0624CC54367C5C4C1CA52C025CB.e.2390","ELEMENT":"f.AB4A68BA45A81A2DBE2B8A5915AD560C.d.54FFD0624CC54367C5C4C1CA52C025CB.e.2390"}]}
COMMAND: GET /session/bac753d7431ab8579d321a709828f6cf/screenshot - {}
RESULT: {}
RESULT: {"script":"<script> [5351 bytes]","args":[{"element-6066-11e4-a52e-4f735466cecf":"f.AB4A68BA45A81A2DBE2B8A5915AD560C.d.54FFD0624CC54367C5C4C1CA52C025CB.e.2390","ELEMENT":"f.AB4A68BA45A81A2DBE2B8A5915AD560C.d.54FFD0624CC54367C5C4C1CA52C025CB.e.2390"}]}
COMMAND: POST /session/bac753d7431ab8579d321a709828f6cf/element/f.AB4A68BA45A81A2DBE2B8A5915AD560C.d.54FFD0624CC54367C5C4C1CA52C025CB.e.2390/click - {}
COMMAND: GET /session/bac753d7431ab8579d321a709828f6cf/screenshot - {}
RESULT: {}
RESULT: {}
COMMAND: GET /session/bac753d7431ab8579d321a709828f6cf/screenshot - {}
RESULT: {}
RESULT: {}
COMMAND: POST /session/bac753d7431ab8579d321a709828f6cf/execute/async - {"script":"<script> [1562 bytes]","args":[{"selector":{"controlType":"sap.m.Title","viewName":"etm.portal.ui.managepricingrules.view.NewItem","viewId":"application-managepricingrules-display-component---newInfoPriceItem","properties":{"text":"New Pricing Rules - Item Level"}},"wdio_ui5_key":"etmportal.ui.managepricingrules.view.NewItemsap.m.Title{\"text\":\"New Pricing Rules - Item Level\"}"}]}
RESULT: {"script":"<script> [1562 bytes]","args":[{"selector":{"controlType":"sap.m.Title","viewName":"etm.portal.ui.managepricingrules.view.NewItem","viewId":"application-managepricingrules-display-component---newInfoPriceItem","properties":{"text":"New Pricing Rules - Item Level"}},"wdio_ui5_key":"etmportal.ui.managepricingrules.view.NewItemsap.m.Title{\"text\":\"New Pricing Rules - Item Level\"}"}]}
RESULT: undefined
COMMAND: POST /session/bac753d7431ab8579d321a709828f6cf/execute/async - {"script":"<script> [6424 bytes]","args":[{"element-6066-11e4-a52e-4f735466cecf":"f.AB4A68BA45A81A2DBE2B8A5915AD560C.d.54FFD0624CC54367C5C4C1CA52C025CB.e.2679"},"getText",[]]}
RESULT: {"script":"<script> [6424 bytes]","args":[{"element-6066-11e4-a52e-4f735466cecf":"f.AB4A68BA45A81A2DBE2B8A5915AD560C.d.54FFD0624CC54367C5C4C1CA52C025CB.e.2679"},"getText",[]]}
COMMAND: POST /session/bac753d7431ab8579d321a709828f6cf/execute/async - {"script":"<script> [1562 bytes]","args":[{"selector":{"id":"application-managepricingrules-display-component---newInfoPriceItem--condValidTo","interaction":{"idSuffix":"inner"}},"wdio_ui5_key":"applicationmanagepricingrules-display-component---newInfoPriceItem--condValidTo"}]}
RESULT: {"script":"<script> [1562 bytes]","args":[{"selector":{"id":"application-managepricingrules-display-component---newInfoPriceItem--condValidTo","interaction":{"idSuffix":"inner"}},"wdio_ui5_key":"applicationmanagepricingrules-display-component---newInfoPriceItem--condValidTo"}]}
RESULT: undefined
COMMAND: POST /session/bac753d7431ab8579d321a709828f6cf/execute/async - {"script":"<script> [776 bytes]","args":[{"enterText":"2/4/26","selector":{"id":"application-managepricingrules-display-component---newInfoPriceItem--condValidTo","interaction":{"idSuffix":"inner"}},"clearTextFirst":true,"interactionType":"ENTER_TEXT"}]}
RESULT: {"script":"<script> [776 bytes]","args":[{"enterText":"2/4/26","selector":{"id":"application-managepricingrules-display-component---newInfoPriceItem--condValidTo","interaction":{"idSuffix":"inner"}},"clearTextFirst":true,"interactionType":"ENTER_TEXT"}]}
COMMAND: POST /session/bac753d7431ab8579d321a709828f6cf/element - {"using":"xpath","value":"//input[@id=\"application-managepricingrules-display-component---newInfoPriceItem--condRU-inner\"]"}
RESULT: {"using":"xpath","value":"//input[@id=\"application-managepricingrules-display-component---newInfoPriceItem--condRU-inner\"]"}
COMMAND: POST /session/bac753d7431ab8579d321a709828f6cf/element/f.AB4A68BA45A81A2DBE2B8A5915AD560C.d.54FFD0624CC54367C5C4C1CA52C025CB.e.2642/clear - {}
RESULT: {}
COMMAND: POST /session/bac753d7431ab8579d321a709828f6cf/element/f.AB4A68BA45A81A2DBE2B8A5915AD560C.d.54FFD0624CC54367C5C4C1CA52C025CB.e.2642/value - {"text":"mIw5kYogNG"}
COMMAND: GET /session/bac753d7431ab8579d321a709828f6cf/screenshot - {}
RESULT: {"text":"mIw5kYogNG"}
COMMAND: GET /session/bac753d7431ab8579d321a709828f6cf/screenshot - {}
RESULT: {}
RESULT: {}
COMMAND: POST /session/bac753d7431ab8579d321a709828f6cf/execute/async - {"script":"<script> [1562 bytes]","args":[{"selector":{"id":"application-managepricingrules-display-component---newInfoPriceItem--billType-arrow"},"wdio_ui5_key":"applicationmanagepricingrules-display-component---newInfoPriceItem--billType-arrow"}]}
RESULT: {"script":"<script> [1562 bytes]","args":[{"selector":{"id":"application-managepricingrules-display-component---newInfoPriceItem--billType-arrow"},"wdio_ui5_key":"applicationmanagepricingrules-display-component---newInfoPriceItem--billType-arrow"}]}
RESULT: undefined
COMMAND: POST /session/bac753d7431ab8579d321a709828f6cf/element - {"using":"xpath","value":"//*[@id=\"application-managepricingrules-display-component---newInfoPriceItem--billType-arrow\"]"}
RESULT: {"using":"xpath","value":"//*[@id=\"application-managepricingrules-display-component---newInfoPriceItem--billType-arrow\"]"}
COMMAND: POST /session/bac753d7431ab8579d321a709828f6cf/element/f.AB4A68BA45A81A2DBE2B8A5915AD560C.d.54FFD0624CC54367C5C4C1CA52C025CB.e.2740/click - {}
RESULT: {}
COMMAND: POST /session/bac753d7431ab8579d321a709828f6cf/element - {"using":"xpath","value":"//span[contains(text(), \"OT - Sales (one-time)\")]"}
COMMAND: GET /session/bac753d7431ab8579d321a709828f6cf/screenshot - {}
RESULT: {"using":"xpath","value":"//span[contains(text(), \"OT - Sales (one-time)\")]"}
COMMAND: POST /session/bac753d7431ab8579d321a709828f6cf/element/f.AB4A68BA45A81A2DBE2B8A5915AD560C.d.54FFD0624CC54367C5C4C1CA52C025CB.e.2781/click - {}
RESULT: {}
RESULT: {}
COMMAND: POST /session/bac753d7431ab8579d321a709828f6cf/execute/async - {"script":"<script> [1562 bytes]","args":[{"selector":{"id":"application-managepricingrules-display-component---newInfoPriceItem--priceProc-arrow"},"wdio_ui5_key":"applicationmanagepricingrules-display-component---newInfoPriceItem--priceProc-arrow"}]}
COMMAND: GET /session/bac753d7431ab8579d321a709828f6cf/screenshot - {}
RESULT: {"script":"<script> [1562 bytes]","args":[{"selector":{"id":"application-managepricingrules-display-component---newInfoPriceItem--priceProc-arrow"},"wdio_ui5_key":"applicationmanagepricingrules-display-component---newInfoPriceItem--priceProc-arrow"}]}
RESULT: undefined
COMMAND: POST /session/bac753d7431ab8579d321a709828f6cf/element - {"using":"xpath","value":"//*[@id=\"application-managepricingrules-display-component---newInfoPriceItem--priceProc-arrow\"]"}
RESULT: {}
RESULT: {"using":"xpath","value":"//*[@id=\"application-managepricingrules-display-component---newInfoPriceItem--priceProc-arrow\"]"}
COMMAND: POST /session/bac753d7431ab8579d321a709828f6cf/element/f.AB4A68BA45A81A2DBE2B8A5915AD560C.d.54FFD0624CC54367C5C4C1CA52C025CB.e.2747/click - {}
RESULT: {}
COMMAND: POST /session/bac753d7431ab8579d321a709828f6cf/element - {"using":"xpath","value":"//span[contains(text(), \"MAT - Material\")]"}
COMMAND: GET /session/bac753d7431ab8579d321a709828f6cf/screenshot - {}
RESULT: {"using":"xpath","value":"//span[contains(text(), \"MAT - Material\")]"}
COMMAND: POST /session/bac753d7431ab8579d321a709828f6cf/element/f.AB4A68BA45A81A2DBE2B8A5915AD560C.d.54FFD0624CC54367C5C4C1CA52C025CB.e.2782/click - {}
RESULT: {}
RESULT: {}
COMMAND: POST /session/bac753d7431ab8579d321a709828f6cf/execute/async - {"script":"<script> [1562 bytes]","args":[{"selector":{"id":"application-managepricingrules-display-component---newInfoPriceItem--calcBase-arrow"},"wdio_ui5_key":"applicationmanagepricingrules-display-component---newInfoPriceItem--calcBase-arrow"}]}
COMMAND: GET /session/bac753d7431ab8579d321a709828f6cf/screenshot - {}
RESULT: {"script":"<script> [1562 bytes]","args":[{"selector":{"id":"application-managepricingrules-display-component---newInfoPriceItem--calcBase-arrow"},"wdio_ui5_key":"applicationmanagepricingrules-display-component---newInfoPriceItem--calcBase-arrow"}]}
RESULT: undefined
COMMAND: POST /session/bac753d7431ab8579d321a709828f6cf/element - {"using":"xpath","value":"//*[@id=\"application-managepricingrules-display-component---newInfoPriceItem--calcBase-arrow\"]"}
RESULT: {}
RESULT: {"using":"xpath","value":"//*[@id=\"application-managepricingrules-display-component---newInfoPriceItem--calcBase-arrow\"]"}
COMMAND: POST /session/bac753d7431ab8579d321a709828f6cf/element/f.AB4A68BA45A81A2DBE2B8A5915AD560C.d.54FFD0624CC54367C5C4C1CA52C025CB.e.2754/click - {}
RESULT: {}
COMMAND: GET /session/bac753d7431ab8579d321a709828f6cf/screenshot - {}
RESULT: {}
COMMAND: POST /session/bac753d7431ab8579d321a709828f6cf/element - {"using":"xpath","value":"//span[contains(text(), \"0001 - TB(exact month + cal_days)\")]"}
RESULT: {"using":"xpath","value":"//span[contains(text(), \"0001 - TB(exact month + cal_days)\")]"}
COMMAND: POST /session/bac753d7431ab8579d321a709828f6cf/element/f.AB4A68BA45A81A2DBE2B8A5915AD560C.d.54FFD0624CC54367C5C4C1CA52C025CB.e.2783/click - {}
RESULT: {}
COMMAND: GET /session/bac753d7431ab8579d321a709828f6cf/screenshot - {}
RESULT: {}
COMMAND: POST /session/bac753d7431ab8579d321a709828f6cf/element - {"using":"xpath","value":"//button[@data-kt=\"saveNewRuleButton\"]"}
RESULT: {"using":"xpath","value":"//button[@data-kt=\"saveNewRuleButton\"]"}
COMMAND: POST /session/bac753d7431ab8579d321a709828f6cf/element/f.AB4A68BA45A81A2DBE2B8A5915AD560C.d.54FFD0624CC54367C5C4C1CA52C025CB.e.2774/click - {}
RESULT: {}
COMMAND: GET /session/bac753d7431ab8579d321a709828f6cf/screenshot - {}
RESULT: {}
COMMAND: POST /session/bac753d7431ab8579d321a709828f6cf/execute/async - {"script":"<script> [1562 bytes]","args":[{"selector":{"id":"application-managepricingrules-display-component---priceInfoItem--smartFilterBar-btnBasicSearch","interaction":{"idSuffix":"I"}},"wdio_ui5_key":"applicationmanagepricingrules-display-component---priceInfoItem--smartFilterBar-btnBasicSearch"}]}
RESULT: {"script":"<script> [1562 bytes]","args":[{"selector":{"id":"application-managepricingrules-display-component---priceInfoItem--smartFilterBar-btnBasicSearch","interaction":{"idSuffix":"I"}},"wdio_ui5_key":"applicationmanagepricingrules-display-component---priceInfoItem--smartFilterBar-btnBasicSearch"}]}
RESULT: undefined
COMMAND: POST /session/bac753d7431ab8579d321a709828f6cf/execute/async - {"script":"<script> [776 bytes]","args":[{"enterText":"mIw5kYogNG","selector":{"id":"application-managepricingrules-display-component---priceInfoItem--smartFilterBar-btnBasicSearch","interaction":{"idSuffix":"I"}},"clearTextFirst":true,"interactionType":"ENTER_TEXT"}]}
RESULT: {"script":"<script> [776 bytes]","args":[{"enterText":"mIw5kYogNG","selector":{"id":"application-managepricingrules-display-component---priceInfoItem--smartFilterBar-btnBasicSearch","interaction":{"idSuffix":"I"}},"clearTextFirst":true,"interactionType":"ENTER_TEXT"}]}
COMMAND: POST /session/bac753d7431ab8579d321a709828f6cf/actions - {"actions":[{"id":"action10","type":"key","parameters":{},"actions":[{"type":"keyDown","value":"î€‡"},{"type":"pause","duration":10},{"type":"keyUp","value":"î€‡"}]}]}
RESULT: {"actions":[{"id":"action10","type":"key","parameters":{},"actions":[{"type":"keyDown","value":"î€‡"},{"type":"pause","duration":10},{"type":"keyUp","value":"î€‡"}]}]}
COMMAND: GET /session/bac753d7431ab8579d321a709828f6cf/screenshot - {}
RESULT: {}
COMMAND: POST /session/bac753d7431ab8579d321a709828f6cf/element - {"using":"xpath","value":"//span[@id=\"application-managepricingrules-display-component---priceInfoItem--smartTable-header-inner\"]"}
RESULT: {"using":"xpath","value":"//span[@id=\"application-managepricingrules-display-component---priceInfoItem--smartTable-header-inner\"]"}
COMMAND: POST /session/bac753d7431ab8579d321a709828f6cf/elements - {"using":"xpath","value":"//span[@id=\"application-managepricingrules-display-component---priceInfoItem--smartTable-header-inner\"]"}
RESULT: {"using":"xpath","value":"//span[@id=\"application-managepricingrules-display-component---priceInfoItem--smartTable-header-inner\"]"}
COMMAND: POST /session/bac753d7431ab8579d321a709828f6cf/execute/sync - {"script":"<script> [56 bytes]","args":[{"element-6066-11e4-a52e-4f735466cecf":"f.AB4A68BA45A81A2DBE2B8A5915AD560C.d.54FFD0624CC54367C5C4C1CA52C025CB.e.2801","ELEMENT":"f.AB4A68BA45A81A2DBE2B8A5915AD560C.d.54FFD0624CC54367C5C4C1CA52C025CB.e.2801"}]}
RESULT: {"script":"<script> [56 bytes]","args":[{"element-6066-11e4-a52e-4f735466cecf":"f.AB4A68BA45A81A2DBE2B8A5915AD560C.d.54FFD0624CC54367C5C4C1CA52C025CB.e.2801","ELEMENT":"f.AB4A68BA45A81A2DBE2B8A5915AD560C.d.54FFD0624CC54367C5C4C1CA52C025CB.e.2801"}]}
COMMAND: POST /session/bac753d7431ab8579d321a709828f6cf/element - {"using":"css selector","value":"#shell-header-logo"}
COMMAND: GET /session/bac753d7431ab8579d321a709828f6cf/screenshot - {}
RESULT: {"using":"css selector","value":"#shell-header-logo"}
COMMAND: POST /session/bac753d7431ab8579d321a709828f6cf/element/f.AB4A68BA45A81A2DBE2B8A5915AD560C.d.54FFD0624CC54367C5C4C1CA52C025CB.e.2295/click - {}
RESULT: {}
RESULT: {}
COMMAND: GET /session/bac753d7431ab8579d321a709828f6cf/screenshot - {}
RESULT: {}
COMMAND: POST /session/bac753d7431ab8579d321a709828f6cf/element - {"using":"css selector","value":"#j_username"}
COMMAND: POST /session/bac753d7431ab8579d321a709828f6cf/url - {"url":"https://qa-testing-00-live-etm-ui.cfapps.eu10-004.hana.ondemand.com/"}
RESULT: {"using":"css selector","value":"#j_username"}
COMMAND: POST /session/bac753d7431ab8579d321a709828f6cf/element - {"using":"css selector","value":"#j_username"}
RESULT: {"url":"https://qa-testing-00-live-etm-ui.cfapps.eu10-004.hana.ondemand.com/"}
RESULT: undefined
COMMAND: GET /session/bac753d7431ab8579d321a709828f6cf/screenshot - {}
RESULT: {"using":"css selector","value":"#j_username"}
COMMAND: POST /session/bac753d7431ab8579d321a709828f6cf/element - {"using":"css selector","value":"#shell-header-logo"}
RESULT: {}
RESULT: {"using":"css selector","value":"#shell-header-logo"}
COMMAND: POST /session/bac753d7431ab8579d321a709828f6cf/execute/sync - {"script":"<script> [8489 bytes]","args":[{"element-6066-11e4-a52e-4f735466cecf":"f.AB4A68BA45A81A2DBE2B8A5915AD560C.d.416F861D2E310654D8D05279AB34E554.e.2816","ELEMENT":"f.AB4A68BA45A81A2DBE2B8A5915AD560C.d.416F861D2E310654D8D05279AB34E554.e.2816"}]}
RESULT: {"script":"<script> [8489 bytes]","args":[{"element-6066-11e4-a52e-4f735466cecf":"f.AB4A68BA45A81A2DBE2B8A5915AD560C.d.416F861D2E310654D8D05279AB34E554.e.2816","ELEMENT":"f.AB4A68BA45A81A2DBE2B8A5915AD560C.d.416F861D2E310654D8D05279AB34E554.e.2816"}]}
COMMAND: POST /session/bac753d7431ab8579d321a709828f6cf/element - {"using":"css selector","value":"#shell-header-logo"}
COMMAND: GET /session/bac753d7431ab8579d321a709828f6cf/screenshot - {}
RESULT: {"using":"css selector","value":"#shell-header-logo"}
COMMAND: POST /session/bac753d7431ab8579d321a709828f6cf/execute/sync - {"script":"<script> [8489 bytes]","args":[{"element-6066-11e4-a52e-4f735466cecf":"f.AB4A68BA45A81A2DBE2B8A5915AD560C.d.416F861D2E310654D8D05279AB34E554.e.2816","ELEMENT":"f.AB4A68BA45A81A2DBE2B8A5915AD560C.d.416F861D2E310654D8D05279AB34E554.e.2816"}]}
RESULT: {}
RESULT: {"script":"<script> [8489 bytes]","args":[{"element-6066-11e4-a52e-4f735466cecf":"f.AB4A68BA45A81A2DBE2B8A5915AD560C.d.416F861D2E310654D8D05279AB34E554.e.2816","ELEMENT":"f.AB4A68BA45A81A2DBE2B8A5915AD560C.d.416F861D2E310654D8D05279AB34E554.e.2816"}]}
COMMAND: POST /session/bac753d7431ab8579d321a709828f6cf/execute/sync - {"script":"<script> [5351 bytes]","args":[{"element-6066-11e4-a52e-4f735466cecf":"f.AB4A68BA45A81A2DBE2B8A5915AD560C.d.416F861D2E310654D8D05279AB34E554.e.2816","ELEMENT":"f.AB4A68BA45A81A2DBE2B8A5915AD560C.d.416F861D2E310654D8D05279AB34E554.e.2816"}]}
COMMAND: GET /session/bac753d7431ab8579d321a709828f6cf/screenshot - {}
RESULT: {"script":"<script> [5351 bytes]","args":[{"element-6066-11e4-a52e-4f735466cecf":"f.AB4A68BA45A81A2DBE2B8A5915AD560C.d.416F861D2E310654D8D05279AB34E554.e.2816","ELEMENT":"f.AB4A68BA45A81A2DBE2B8A5915AD560C.d.416F861D2E310654D8D05279AB34E554.e.2816"}]}
COMMAND: POST /session/bac753d7431ab8579d321a709828f6cf/element - {"using":"css selector","value":"#shell-header-logo"}
COMMAND: GET /session/bac753d7431ab8579d321a709828f6cf/screenshot - {}
RESULT: {}
RESULT: {"using":"css selector","value":"#shell-header-logo"}
COMMAND: POST /session/bac753d7431ab8579d321a709828f6cf/element/f.AB4A68BA45A81A2DBE2B8A5915AD560C.d.416F861D2E310654D8D05279AB34E554.e.2816/click - {}
RESULT: {}
RESULT: {}
COMMAND: GET /session/bac753d7431ab8579d321a709828f6cf/screenshot - {}
RESULT: {}
COMMAND: POST /session/bac753d7431ab8579d321a709828f6cf/execute/async - {"script":"<script> [189 bytes]","args":[]}
RESULT: {"script":"<script> [189 bytes]","args":[]}
COMMAND: POST /session/bac753d7431ab8579d321a709828f6cf/execute/async - {"script":"<script> [123 bytes]","args":[]}
RESULT: {"script":"<script> [123 bytes]","args":[]}
COMMAND: POST /session/bac753d7431ab8579d321a709828f6cf/timeouts - {"script":"<number>"}
RESULT: {"script":"<number>"}
COMMAND: GET /session/bac753d7431ab8579d321a709828f6cf/timeouts - {}
RESULT: {}
RESULT: undefined
COMMAND: POST /session/bac753d7431ab8579d321a709828f6cf/execute/async - {"script":"<script> [2676 bytes]","args":[]}
RESULT: {"script":"<script> [2676 bytes]","args":[]}
COMMAND: POST /session/bac753d7431ab8579d321a709828f6cf/execute/async - {"script":"<script> [2342 bytes]","args":[{"protocol":"http","hostname":"0.0.0.0","path":"/","capabilities":{"browserName":"chrome","goog:chromeOptions":{"binary":"C:\\Program Files\\Google\\Chrome\\Application\\chrome.exe","args":["--start-maximized"]}},"logLevel":"warn","connectionRetryTimeout":120000,"connectionRetryCount":3,"logLevels":{},"enableDirectConnect":true,"strictSSL":true,"_":"65 more keys: [\"cacheDir\",\"port\",\"requestedCapabilities\",\"automationProtocol\",\"baseUrl\",\"waitforInterval\",\"waitforTimeout\",\"onReload\",\"beforeCommand\",\"afterCommand\",\"rootDir\",\"specs\",\"suites\",\"exclude\",\"groupLogsByTestSpec\",\"excludeDriverLogs\",\"bail\",\"framework\",\"reporters\",\"services\",\"maxInstances\",\"maxInstancesPerCapability\",\"injectGlobals\",\"filesToWatch\",\"execArgv\",\"runnerEnv\",\"runner\",\"shard\",\"specFileRetries\",\"specFileRetriesDelay\",\"specFileRetriesDeferred\",\"reporterSyncInterval\",\"reporterSyncTimeout\",\"cucumberFeaturesWithLineNumbers\",\"autoCompileOpts\",\"mochaOpts\",\"jasmineOpts\",\"cucumberOpts\",\"onPrepare\",\"onWorkerStart\",\"onWorkerEnd\",\"before\",\"beforeSession\",\"beforeSuite\",\"beforeHook\",\"beforeTest\",\"afterTest\",\"afterHook\",\"afterSuite\",\"afterSession\",\"after\",\"onComplete\",\"beforeAssertion\",\"afterAssertion\",\"beforeFeature\",\"beforeScenario\",\"beforeStep\",\"afterStep\",\"afterScenario\",\"afterFeature\",\"_\",\"suite\",\"$0\",\"ignoredWorkerServices\",\"wdi5\"]"}]}
RESULT: {"script":"<script> [2342 bytes]","args":[{"protocol":"http","hostname":"0.0.0.0","path":"/","capabilities":{"browserName":"chrome","goog:chromeOptions":{"binary":"C:\\Program Files\\Google\\Chrome\\Application\\chrome.exe","args":["--start-maximized"]}},"logLevel":"warn","connectionRetryTimeout":120000,"connectionRetryCount":3,"logLevels":{},"enableDirectConnect":true,"strictSSL":true,"_":"65 more keys: [\"cacheDir\",\"port\",\"requestedCapabilities\",\"automationProtocol\",\"baseUrl\",\"waitforInterval\",\"waitforTimeout\",\"onReload\",\"beforeCommand\",\"afterCommand\",\"rootDir\",\"specs\",\"suites\",\"exclude\",\"groupLogsByTestSpec\",\"excludeDriverLogs\",\"bail\",\"framework\",\"reporters\",\"services\",\"maxInstances\",\"maxInstancesPerCapability\",\"injectGlobals\",\"filesToWatch\",\"execArgv\",\"runnerEnv\",\"runner\",\"shard\",\"specFileRetries\",\"specFileRetriesDelay\",\"specFileRetriesDeferred\",\"reporterSyncInterval\",\"reporterSyncTimeout\",\"cucumberFeaturesWithLineNumbers\",\"autoCompileOpts\",\"mochaOpts\",\"jasmineOpts\",\"cucumberOpts\",\"onPrepare\",\"onWorkerStart\",\"onWorkerEnd\",\"before\",\"beforeSession\",\"beforeSuite\",\"beforeHook\",\"beforeTest\",\"afterTest\",\"afterHook\",\"afterSuite\",\"afterSession\",\"after\",\"onComplete\",\"beforeAssertion\",\"afterAssertion\",\"beforeFeature\",\"beforeScenario\",\"beforeStep\",\"afterStep\",\"afterScenario\",\"afterFeature\",\"_\",\"suite\",\"$0\",\"ignoredWorkerServices\",\"wdi5\"]"}]}
COMMAND: POST /session/bac753d7431ab8579d321a709828f6cf/execute/async - {"script":"<script> [21126 bytes]","args":[35000]}
RESULT: {"script":"<script> [21126 bytes]","args":[35000]}
COMMAND: POST /session/bac753d7431ab8579d321a709828f6cf/window/maximize - {}
RESULT: {}
COMMAND: POST /session/bac753d7431ab8579d321a709828f6cf/execute/async - {"script":"<script> [1562 bytes]","args":[{"selector":{"id":"shell-header","interaction":{"idSuffix":"icon"}},"wdio_ui5_key":"shellheader"}]}
COMMAND: GET /session/bac753d7431ab8579d321a709828f6cf/screenshot - {}
RESULT: {"script":"<script> [1562 bytes]","args":[{"selector":{"id":"shell-header","interaction":{"idSuffix":"icon"}},"wdio_ui5_key":"shellheader"}]}
RESULT: undefined
COMMAND: POST /session/bac753d7431ab8579d321a709828f6cf/refresh - {}
RESULT: {}
RESULT: {}
COMMAND: GET /session/bac753d7431ab8579d321a709828f6cf/screenshot - {}
RESULT: {}
COMMAND: POST /session/bac753d7431ab8579d321a709828f6cf/refresh - {}
RESULT: {}
COMMAND: GET /session/bac753d7431ab8579d321a709828f6cf/screenshot - {}
RESULT: {}
COMMAND: POST /session/bac753d7431ab8579d321a709828f6cf/window/fullscreen - {}
RESULT: {}
COMMAND: POST /session/bac753d7431ab8579d321a709828f6cf/execute/async - {"script":"<script> [189 bytes]","args":[]}
RESULT: {"script":"<script> [189 bytes]","args":[]}
COMMAND: POST /session/bac753d7431ab8579d321a709828f6cf/execute/async - {"script":"<script> [123 bytes]","args":[]}
RESULT: {"script":"<script> [123 bytes]","args":[]}
COMMAND: POST /session/bac753d7431ab8579d321a709828f6cf/timeouts - {"script":"<number>"}
RESULT: {"script":"<number>"}
COMMAND: GET /session/bac753d7431ab8579d321a709828f6cf/timeouts - {}
RESULT: {}
RESULT: undefined
COMMAND: POST /session/bac753d7431ab8579d321a709828f6cf/execute/async - {"script":"<script> [2676 bytes]","args":[]}
RESULT: {"script":"<script> [2676 bytes]","args":[]}
COMMAND: POST /session/bac753d7431ab8579d321a709828f6cf/execute/async - {"script":"<script> [2342 bytes]","args":[{"protocol":"http","hostname":"0.0.0.0","path":"/","capabilities":{"browserName":"chrome","goog:chromeOptions":{"binary":"C:\\Program Files\\Google\\Chrome\\Application\\chrome.exe","args":["--start-maximized"]}},"logLevel":"warn","connectionRetryTimeout":120000,"connectionRetryCount":3,"logLevels":{},"enableDirectConnect":true,"strictSSL":true,"_":"65 more keys: [\"cacheDir\",\"port\",\"requestedCapabilities\",\"automationProtocol\",\"baseUrl\",\"waitforInterval\",\"waitforTimeout\",\"onReload\",\"beforeCommand\",\"afterCommand\",\"rootDir\",\"specs\",\"suites\",\"exclude\",\"groupLogsByTestSpec\",\"excludeDriverLogs\",\"bail\",\"framework\",\"reporters\",\"services\",\"maxInstances\",\"maxInstancesPerCapability\",\"injectGlobals\",\"filesToWatch\",\"execArgv\",\"runnerEnv\",\"runner\",\"shard\",\"specFileRetries\",\"specFileRetriesDelay\",\"specFileRetriesDeferred\",\"reporterSyncInterval\",\"reporterSyncTimeout\",\"cucumberFeaturesWithLineNumbers\",\"autoCompileOpts\",\"mochaOpts\",\"jasmineOpts\",\"cucumberOpts\",\"onPrepare\",\"onWorkerStart\",\"onWorkerEnd\",\"before\",\"beforeSession\",\"beforeSuite\",\"beforeHook\",\"beforeTest\",\"afterTest\",\"afterHook\",\"afterSuite\",\"afterSession\",\"after\",\"onComplete\",\"beforeAssertion\",\"afterAssertion\",\"beforeFeature\",\"beforeScenario\",\"beforeStep\",\"afterStep\",\"afterScenario\",\"afterFeature\",\"_\",\"suite\",\"$0\",\"ignoredWorkerServices\",\"wdi5\"]"}]}
RESULT: {"script":"<script> [2342 bytes]","args":[{"protocol":"http","hostname":"0.0.0.0","path":"/","capabilities":{"browserName":"chrome","goog:chromeOptions":{"binary":"C:\\Program Files\\Google\\Chrome\\Application\\chrome.exe","args":["--start-maximized"]}},"logLevel":"warn","connectionRetryTimeout":120000,"connectionRetryCount":3,"logLevels":{},"enableDirectConnect":true,"strictSSL":true,"_":"65 more keys: [\"cacheDir\",\"port\",\"requestedCapabilities\",\"automationProtocol\",\"baseUrl\",\"waitforInterval\",\"waitforTimeout\",\"onReload\",\"beforeCommand\",\"afterCommand\",\"rootDir\",\"specs\",\"suites\",\"exclude\",\"groupLogsByTestSpec\",\"excludeDriverLogs\",\"bail\",\"framework\",\"reporters\",\"services\",\"maxInstances\",\"maxInstancesPerCapability\",\"injectGlobals\",\"filesToWatch\",\"execArgv\",\"runnerEnv\",\"runner\",\"shard\",\"specFileRetries\",\"specFileRetriesDelay\",\"specFileRetriesDeferred\",\"reporterSyncInterval\",\"reporterSyncTimeout\",\"cucumberFeaturesWithLineNumbers\",\"autoCompileOpts\",\"mochaOpts\",\"jasmineOpts\",\"cucumberOpts\",\"onPrepare\",\"onWorkerStart\",\"onWorkerEnd\",\"before\",\"beforeSession\",\"beforeSuite\",\"beforeHook\",\"beforeTest\",\"afterTest\",\"afterHook\",\"afterSuite\",\"afterSession\",\"after\",\"onComplete\",\"beforeAssertion\",\"afterAssertion\",\"beforeFeature\",\"beforeScenario\",\"beforeStep\",\"afterStep\",\"afterScenario\",\"afterFeature\",\"_\",\"suite\",\"$0\",\"ignoredWorkerServices\",\"wdi5\"]"}]}
COMMAND: POST /session/bac753d7431ab8579d321a709828f6cf/execute/async - {"script":"<script> [21126 bytes]","args":[35000]}
RESULT: {"script":"<script> [21126 bytes]","args":[35000]}
]]></system-out>
    </testcase>
  </testsuite>
  <testsuite timestamp="2025-06-04T17:06:04" time="494.895" tests="6" failures="0" errors="0" skipped="0">
    <properties>
      <property name="specId" value="0" />
      <property name="suiteName" value="Edit and delete daily price US134629 US134627" />
      <property name="capabilities" value="chrome.137_0_7151_56.windows" />
      <property name="file" value="file:///D:/a/1/s/test/specs/BTS/conditions-prices-daily-price.spec.js" />
    </properties>
    <testcase classname="chrome.137_0_7151_56.windows.Edit_and_delete_daily_price_US134629_US134627" name="Should create a new yard used for all following tests" time="0.015">
      <system-out><![CDATA[
COMMAND: POST /session/bac753d7431ab8579d321a709828f6cf/window/fullscreen - {}
RESULT: {}
]]></system-out>
    </testcase>
    <testcase classname="chrome.137_0_7151_56.windows.Edit_and_delete_daily_price_US134629_US134627" name="Should create a new partner" time="142.896">
      <system-out><![CDATA[
COMMAND: POST /session/bac753d7431ab8579d321a709828f6cf/window/fullscreen - {}
RESULT: {}
COMMAND: POST /session/bac753d7431ab8579d321a709828f6cf/execute/async - {"script":"<script> [1562 bytes]","args":[{"selector":{"controlType":"sap.m.GenericTile","properties":{"header":"Manage Partners"}},"wdio_ui5_key":"sapm.GenericTile{\"header\":\"Manage Partners\"}"}]}
RESULT: {"script":"<script> [1562 bytes]","args":[{"selector":{"controlType":"sap.m.GenericTile","properties":{"header":"Manage Partners"}},"wdio_ui5_key":"sapm.GenericTile{\"header\":\"Manage Partners\"}"}]}
RESULT: undefined
COMMAND: POST /session/bac753d7431ab8579d321a709828f6cf/element - {"using":"xpath","value":"//*[@id=\"__tile38\"]"}
RESULT: {"using":"xpath","value":"//*[@id=\"__tile38\"]"}
COMMAND: POST /session/bac753d7431ab8579d321a709828f6cf/element/f.AB4A68BA45A81A2DBE2B8A5915AD560C.d.3651359581017DCBB04B3AA84B3AD6E6.e.2976/click - {}
RESULT: {}
COMMAND: GET /session/bac753d7431ab8579d321a709828f6cf/screenshot - {}
RESULT: {}
COMMAND: POST /session/bac753d7431ab8579d321a709828f6cf/elements - {"using":"xpath","value":"//span[text()='Error']"}
RESULT: {"using":"xpath","value":"//span[text()='Error']"}
COMMAND: POST /session/bac753d7431ab8579d321a709828f6cf/element - {"using":"xpath","value":"//button[@data-kt=\"addButton\"]"}
RESULT: {"using":"xpath","value":"//button[@data-kt=\"addButton\"]"}
COMMAND: POST /session/bac753d7431ab8579d321a709828f6cf/elements - {"using":"xpath","value":"//button[@data-kt=\"addButton\"]"}
RESULT: {"using":"xpath","value":"//button[@data-kt=\"addButton\"]"}
COMMAND: POST /session/bac753d7431ab8579d321a709828f6cf/elements - {"using":"xpath","value":"//button[@data-kt=\"addButton\"]"}
RESULT: {"using":"xpath","value":"//button[@data-kt=\"addButton\"]"}
COMMAND: POST /session/bac753d7431ab8579d321a709828f6cf/element - {"using":"xpath","value":"//button[@data-kt=\"addButton\"]"}
RESULT: {"using":"xpath","value":"//button[@data-kt=\"addButton\"]"}
COMMAND: POST /session/bac753d7431ab8579d321a709828f6cf/execute/sync - {"script":"<script> [8489 bytes]","args":[{"element-6066-11e4-a52e-4f735466cecf":"f.AB4A68BA45A81A2DBE2B8A5915AD560C.d.3651359581017DCBB04B3AA84B3AD6E6.e.3125","ELEMENT":"f.AB4A68BA45A81A2DBE2B8A5915AD560C.d.3651359581017DCBB04B3AA84B3AD6E6.e.3125"}]}
RESULT: {"script":"<script> [8489 bytes]","args":[{"element-6066-11e4-a52e-4f735466cecf":"f.AB4A68BA45A81A2DBE2B8A5915AD560C.d.3651359581017DCBB04B3AA84B3AD6E6.e.3125","ELEMENT":"f.AB4A68BA45A81A2DBE2B8A5915AD560C.d.3651359581017DCBB04B3AA84B3AD6E6.e.3125"}]}
COMMAND: GET /session/bac753d7431ab8579d321a709828f6cf/element/f.AB4A68BA45A81A2DBE2B8A5915AD560C.d.3651359581017DCBB04B3AA84B3AD6E6.e.3125/enabled - {}
COMMAND: GET /session/bac753d7431ab8579d321a709828f6cf/screenshot - {}
RESULT: {}
COMMAND: POST /session/bac753d7431ab8579d321a709828f6cf/execute/sync - {"script":"<script> [8489 bytes]","args":[{"element-6066-11e4-a52e-4f735466cecf":"f.AB4A68BA45A81A2DBE2B8A5915AD560C.d.3651359581017DCBB04B3AA84B3AD6E6.e.3125","ELEMENT":"f.AB4A68BA45A81A2DBE2B8A5915AD560C.d.3651359581017DCBB04B3AA84B3AD6E6.e.3125"}]}
COMMAND: GET /session/bac753d7431ab8579d321a709828f6cf/screenshot - {}
RESULT: {}
RESULT: {"script":"<script> [8489 bytes]","args":[{"element-6066-11e4-a52e-4f735466cecf":"f.AB4A68BA45A81A2DBE2B8A5915AD560C.d.3651359581017DCBB04B3AA84B3AD6E6.e.3125","ELEMENT":"f.AB4A68BA45A81A2DBE2B8A5915AD560C.d.3651359581017DCBB04B3AA84B3AD6E6.e.3125"}]}
COMMAND: POST /session/bac753d7431ab8579d321a709828f6cf/execute/sync - {"script":"<script> [5351 bytes]","args":[{"element-6066-11e4-a52e-4f735466cecf":"f.AB4A68BA45A81A2DBE2B8A5915AD560C.d.3651359581017DCBB04B3AA84B3AD6E6.e.3125","ELEMENT":"f.AB4A68BA45A81A2DBE2B8A5915AD560C.d.3651359581017DCBB04B3AA84B3AD6E6.e.3125"}]}
COMMAND: GET /session/bac753d7431ab8579d321a709828f6cf/screenshot - {}
RESULT: {}
RESULT: {"script":"<script> [5351 bytes]","args":[{"element-6066-11e4-a52e-4f735466cecf":"f.AB4A68BA45A81A2DBE2B8A5915AD560C.d.3651359581017DCBB04B3AA84B3AD6E6.e.3125","ELEMENT":"f.AB4A68BA45A81A2DBE2B8A5915AD560C.d.3651359581017DCBB04B3AA84B3AD6E6.e.3125"}]}
COMMAND: POST /session/bac753d7431ab8579d321a709828f6cf/element/f.AB4A68BA45A81A2DBE2B8A5915AD560C.d.3651359581017DCBB04B3AA84B3AD6E6.e.3125/click - {}
COMMAND: GET /session/bac753d7431ab8579d321a709828f6cf/screenshot - {}
RESULT: {}
RESULT: {}
COMMAND: GET /session/bac753d7431ab8579d321a709828f6cf/screenshot - {}
COMMAND: POST /session/bac753d7431ab8579d321a709828f6cf/execute/async - {"script":"<script> [1562 bytes]","args":[{"selector":{"id":"application-managepartners-display-component---NewPartner--addressDetailDetailsName1","interaction":{"idSuffix":"inner"}},"wdio_ui5_key":"applicationmanagepartners-display-component---NewPartner--addressDetailDetailsName1"}]}
RESULT: {}
RESULT: {}
RESULT: {"script":"<script> [1562 bytes]","args":[{"selector":{"id":"application-managepartners-display-component---NewPartner--addressDetailDetailsName1","interaction":{"idSuffix":"inner"}},"wdio_ui5_key":"applicationmanagepartners-display-component---NewPartner--addressDetailDetailsName1"}]}
RESULT: undefined
COMMAND: POST /session/bac753d7431ab8579d321a709828f6cf/execute/async - {"script":"<script> [776 bytes]","args":[{"enterText":"DailyPrice Partner WDIO","selector":{"id":"application-managepartners-display-component---NewPartner--addressDetailDetailsName1","interaction":{"idSuffix":"inner"}},"clearTextFirst":true,"interactionType":"ENTER_TEXT"}]}
RESULT: {"script":"<script> [776 bytes]","args":[{"enterText":"DailyPrice Partner WDIO","selector":{"id":"application-managepartners-display-component---NewPartner--addressDetailDetailsName1","interaction":{"idSuffix":"inner"}},"clearTextFirst":true,"interactionType":"ENTER_TEXT"}]}
COMMAND: POST /session/bac753d7431ab8579d321a709828f6cf/execute/async - {"script":"<script> [1562 bytes]","args":[{"selector":{"id":"application-managepartners-display-component---NewPartner--addressDetailDetailsLanguage-arrow"},"wdio_ui5_key":"applicationmanagepartners-display-component---NewPartner--addressDetailDetailsLanguage-arrow"}]}
RESULT: {"script":"<script> [1562 bytes]","args":[{"selector":{"id":"application-managepartners-display-component---NewPartner--addressDetailDetailsLanguage-arrow"},"wdio_ui5_key":"applicationmanagepartners-display-component---NewPartner--addressDetailDetailsLanguage-arrow"}]}
RESULT: undefined
COMMAND: POST /session/bac753d7431ab8579d321a709828f6cf/element - {"using":"xpath","value":"//*[@id=\"application-managepartners-display-component---NewPartner--addressDetailDetailsLanguage-arrow\"]"}
RESULT: {"using":"xpath","value":"//*[@id=\"application-managepartners-display-component---NewPartner--addressDetailDetailsLanguage-arrow\"]"}
COMMAND: POST /session/bac753d7431ab8579d321a709828f6cf/element/f.AB4A68BA45A81A2DBE2B8A5915AD560C.d.3651359581017DCBB04B3AA84B3AD6E6.e.3575/click - {}
RESULT: {}
COMMAND: POST /session/bac753d7431ab8579d321a709828f6cf/element - {"using":"xpath","value":"//span[contains(text(), \"English\")]"}
COMMAND: GET /session/bac753d7431ab8579d321a709828f6cf/screenshot - {}
RESULT: {}
RESULT: {"using":"xpath","value":"//span[contains(text(), \"English\")]"}
COMMAND: POST /session/bac753d7431ab8579d321a709828f6cf/element/f.AB4A68BA45A81A2DBE2B8A5915AD560C.d.3651359581017DCBB04B3AA84B3AD6E6.e.3576/click - {}
RESULT: {}
COMMAND: GET /session/bac753d7431ab8579d321a709828f6cf/screenshot - {}
RESULT: {}
COMMAND: POST /session/bac753d7431ab8579d321a709828f6cf/execute/async - {"script":"<script> [1562 bytes]","args":[{"selector":{"id":"application-managepartners-display-component---NewPartner--addressDetailDetailsCity1","interaction":{"idSuffix":"inner"}},"wdio_ui5_key":"applicationmanagepartners-display-component---NewPartner--addressDetailDetailsCity1"}]}
RESULT: {"script":"<script> [1562 bytes]","args":[{"selector":{"id":"application-managepartners-display-component---NewPartner--addressDetailDetailsCity1","interaction":{"idSuffix":"inner"}},"wdio_ui5_key":"applicationmanagepartners-display-component---NewPartner--addressDetailDetailsCity1"}]}
RESULT: undefined
COMMAND: POST /session/bac753d7431ab8579d321a709828f6cf/execute/async - {"script":"<script> [776 bytes]","args":[{"enterText":"Rosario","selector":{"id":"application-managepartners-display-component---NewPartner--addressDetailDetailsCity1","interaction":{"idSuffix":"inner"}},"clearTextFirst":true,"interactionType":"ENTER_TEXT"}]}
RESULT: {"script":"<script> [776 bytes]","args":[{"enterText":"Rosario","selector":{"id":"application-managepartners-display-component---NewPartner--addressDetailDetailsCity1","interaction":{"idSuffix":"inner"}},"clearTextFirst":true,"interactionType":"ENTER_TEXT"}]}
COMMAND: POST /session/bac753d7431ab8579d321a709828f6cf/execute/async - {"script":"<script> [1562 bytes]","args":[{"selector":{"id":"application-managepartners-display-component---NewPartner--addressDetailDetailsCountry-arrow"},"wdio_ui5_key":"applicationmanagepartners-display-component---NewPartner--addressDetailDetailsCountry-arrow"}]}
RESULT: {"script":"<script> [1562 bytes]","args":[{"selector":{"id":"application-managepartners-display-component---NewPartner--addressDetailDetailsCountry-arrow"},"wdio_ui5_key":"applicationmanagepartners-display-component---NewPartner--addressDetailDetailsCountry-arrow"}]}
RESULT: undefined
COMMAND: POST /session/bac753d7431ab8579d321a709828f6cf/element - {"using":"xpath","value":"//*[@id=\"application-managepartners-display-component---NewPartner--addressDetailDetailsCountry-arrow\"]"}
RESULT: {"using":"xpath","value":"//*[@id=\"application-managepartners-display-component---NewPartner--addressDetailDetailsCountry-arrow\"]"}
COMMAND: POST /session/bac753d7431ab8579d321a709828f6cf/element/f.AB4A68BA45A81A2DBE2B8A5915AD560C.d.3651359581017DCBB04B3AA84B3AD6E6.e.3561/click - {}
RESULT: {}
COMMAND: POST /session/bac753d7431ab8579d321a709828f6cf/element - {"using":"xpath","value":"//span[contains(text(), \"Argentina\")]"}
COMMAND: GET /session/bac753d7431ab8579d321a709828f6cf/screenshot - {}
RESULT: {"using":"xpath","value":"//span[contains(text(), \"Argentina\")]"}
COMMAND: POST /session/bac753d7431ab8579d321a709828f6cf/element/f.AB4A68BA45A81A2DBE2B8A5915AD560C.d.3651359581017DCBB04B3AA84B3AD6E6.e.3578/click - {}
RESULT: {}
RESULT: {}
COMMAND: GET /session/bac753d7431ab8579d321a709828f6cf/screenshot - {}
RESULT: {}
COMMAND: POST /session/bac753d7431ab8579d321a709828f6cf/element - {"using":"xpath","value":"//bdi[contains(text(), \"Commercial\")]"}
RESULT: {"using":"xpath","value":"//bdi[contains(text(), \"Commercial\")]"}
COMMAND: POST /session/bac753d7431ab8579d321a709828f6cf/element/f.AB4A68BA45A81A2DBE2B8A5915AD560C.d.3651359581017DCBB04B3AA84B3AD6E6.e.3579/click - {}
RESULT: {}
COMMAND: GET /session/bac753d7431ab8579d321a709828f6cf/screenshot - {}
RESULT: {}
COMMAND: POST /session/bac753d7431ab8579d321a709828f6cf/execute/async - {"script":"<script> [1562 bytes]","args":[{"selector":{"id":"application-managepartners-display-component---NewPartner--partnerDetailInternal-arrow"},"wdio_ui5_key":"applicationmanagepartners-display-component---NewPartner--partnerDetailInternal-arrow"}]}
RESULT: {"script":"<script> [1562 bytes]","args":[{"selector":{"id":"application-managepartners-display-component---NewPartner--partnerDetailInternal-arrow"},"wdio_ui5_key":"applicationmanagepartners-display-component---NewPartner--partnerDetailInternal-arrow"}]}
RESULT: undefined
COMMAND: POST /session/bac753d7431ab8579d321a709828f6cf/element - {"using":"xpath","value":"//*[@id=\"application-managepartners-display-component---NewPartner--partnerDetailInternal-arrow\"]"}
RESULT: {"using":"xpath","value":"//*[@id=\"application-managepartners-display-component---NewPartner--partnerDetailInternal-arrow\"]"}
COMMAND: POST /session/bac753d7431ab8579d321a709828f6cf/element/f.AB4A68BA45A81A2DBE2B8A5915AD560C.d.3651359581017DCBB04B3AA84B3AD6E6.e.3587/click - {}
RESULT: {}
COMMAND: POST /session/bac753d7431ab8579d321a709828f6cf/element - {"using":"xpath","value":"//span[contains(text(), \"Affiliated company\")]"}
COMMAND: GET /session/bac753d7431ab8579d321a709828f6cf/screenshot - {}
RESULT: {"using":"xpath","value":"//span[contains(text(), \"Affiliated company\")]"}
COMMAND: POST /session/bac753d7431ab8579d321a709828f6cf/element/f.AB4A68BA45A81A2DBE2B8A5915AD560C.d.3651359581017DCBB04B3AA84B3AD6E6.e.3588/click - {}
RESULT: {}
RESULT: {}
COMMAND: POST /session/bac753d7431ab8579d321a709828f6cf/execute/async - {"script":"<script> [1562 bytes]","args":[{"selector":{"id":"application-managepartners-display-component---NewPartner--partnerDetailsCurrency-arrow"},"wdio_ui5_key":"applicationmanagepartners-display-component---NewPartner--partnerDetailsCurrency-arrow"}]}
COMMAND: GET /session/bac753d7431ab8579d321a709828f6cf/screenshot - {}
RESULT: {"script":"<script> [1562 bytes]","args":[{"selector":{"id":"application-managepartners-display-component---NewPartner--partnerDetailsCurrency-arrow"},"wdio_ui5_key":"applicationmanagepartners-display-component---NewPartner--partnerDetailsCurrency-arrow"}]}
RESULT: undefined
COMMAND: POST /session/bac753d7431ab8579d321a709828f6cf/element - {"using":"xpath","value":"//*[@id=\"application-managepartners-display-component---NewPartner--partnerDetailsCurrency-arrow\"]"}
RESULT: {}
RESULT: {"using":"xpath","value":"//*[@id=\"application-managepartners-display-component---NewPartner--partnerDetailsCurrency-arrow\"]"}
COMMAND: POST /session/bac753d7431ab8579d321a709828f6cf/element/f.AB4A68BA45A81A2DBE2B8A5915AD560C.d.3651359581017DCBB04B3AA84B3AD6E6.e.3595/click - {}
RESULT: {}
COMMAND: POST /session/bac753d7431ab8579d321a709828f6cf/element - {"using":"xpath","value":"//span[contains(text(), \"Euro\")]"}
COMMAND: GET /session/bac753d7431ab8579d321a709828f6cf/screenshot - {}
RESULT: {"using":"xpath","value":"//span[contains(text(), \"Euro\")]"}
COMMAND: POST /session/bac753d7431ab8579d321a709828f6cf/element/f.AB4A68BA45A81A2DBE2B8A5915AD560C.d.3651359581017DCBB04B3AA84B3AD6E6.e.3596/click - {}
RESULT: {}
RESULT: {}
COMMAND: POST /session/bac753d7431ab8579d321a709828f6cf/execute/async - {"script":"<script> [1562 bytes]","args":[{"selector":{"id":"application-managepartners-display-component---NewPartner--addressEditDetailsCostObjectCstType-arrow"},"wdio_ui5_key":"applicationmanagepartners-display-component---NewPartner--addressEditDetailsCostObjectCstType-arrow"}]}
COMMAND: GET /session/bac753d7431ab8579d321a709828f6cf/screenshot - {}
RESULT: {"script":"<script> [1562 bytes]","args":[{"selector":{"id":"application-managepartners-display-component---NewPartner--addressEditDetailsCostObjectCstType-arrow"},"wdio_ui5_key":"applicationmanagepartners-display-component---NewPartner--addressEditDetailsCostObjectCstType-arrow"}]}
RESULT: undefined
COMMAND: POST /session/bac753d7431ab8579d321a709828f6cf/element - {"using":"xpath","value":"//*[@id=\"application-managepartners-display-component---NewPartner--addressEditDetailsCostObjectCstType-arrow\"]"}
RESULT: {}
RESULT: {"using":"xpath","value":"//*[@id=\"application-managepartners-display-component---NewPartner--addressEditDetailsCostObjectCstType-arrow\"]"}
COMMAND: POST /session/bac753d7431ab8579d321a709828f6cf/element/f.AB4A68BA45A81A2DBE2B8A5915AD560C.d.3651359581017DCBB04B3AA84B3AD6E6.e.3597/click - {}
RESULT: {}
COMMAND: POST /session/bac753d7431ab8579d321a709828f6cf/element - {"using":"xpath","value":"//span[contains(text(), \"Cost Center\")]"}
COMMAND: GET /session/bac753d7431ab8579d321a709828f6cf/screenshot - {}
RESULT: {"using":"xpath","value":"//span[contains(text(), \"Cost Center\")]"}
COMMAND: POST /session/bac753d7431ab8579d321a709828f6cf/element/f.AB4A68BA45A81A2DBE2B8A5915AD560C.d.3651359581017DCBB04B3AA84B3AD6E6.e.3598/click - {}
RESULT: {}
RESULT: {}
COMMAND: GET /session/bac753d7431ab8579d321a709828f6cf/screenshot - {}
RESULT: {}
COMMAND: POST /session/bac753d7431ab8579d321a709828f6cf/element - {"using":"xpath","value":"//span[@id=\"application-managepartners-display-component---NewPartner--addressNewCostObjectCstID-vhi\"]"}
RESULT: {"using":"xpath","value":"//span[@id=\"application-managepartners-display-component---NewPartner--addressNewCostObjectCstID-vhi\"]"}
COMMAND: POST /session/bac753d7431ab8579d321a709828f6cf/execute/sync - {"script":"<script> [8489 bytes]","args":[{"element-6066-11e4-a52e-4f735466cecf":"f.AB4A68BA45A81A2DBE2B8A5915AD560C.d.3651359581017DCBB04B3AA84B3AD6E6.e.3602","ELEMENT":"f.AB4A68BA45A81A2DBE2B8A5915AD560C.d.3651359581017DCBB04B3AA84B3AD6E6.e.3602"}]}
RESULT: {"script":"<script> [8489 bytes]","args":[{"element-6066-11e4-a52e-4f735466cecf":"f.AB4A68BA45A81A2DBE2B8A5915AD560C.d.3651359581017DCBB04B3AA84B3AD6E6.e.3602","ELEMENT":"f.AB4A68BA45A81A2DBE2B8A5915AD560C.d.3651359581017DCBB04B3AA84B3AD6E6.e.3602"}]}
COMMAND: POST /session/bac753d7431ab8579d321a709828f6cf/execute/async - {"script":"<script> [1562 bytes]","args":[{"selector":{"id":"application-managepartners-display-component---NewPartner--addressNewCostObjectCstID-vhi"},"wdio_ui5_key":"applicationmanagepartners-display-component---NewPartner--addressNewCostObjectCstID-vhi"}]}
COMMAND: GET /session/bac753d7431ab8579d321a709828f6cf/screenshot - {}
RESULT: {"script":"<script> [1562 bytes]","args":[{"selector":{"id":"application-managepartners-display-component---NewPartner--addressNewCostObjectCstID-vhi"},"wdio_ui5_key":"applicationmanagepartners-display-component---NewPartner--addressNewCostObjectCstID-vhi"}]}
RESULT: undefined
COMMAND: POST /session/bac753d7431ab8579d321a709828f6cf/element - {"using":"xpath","value":"//*[@id=\"application-managepartners-display-component---NewPartner--addressNewCostObjectCstID-vhi\"]"}
RESULT: {}
RESULT: {"using":"xpath","value":"//*[@id=\"application-managepartners-display-component---NewPartner--addressNewCostObjectCstID-vhi\"]"}
COMMAND: POST /session/bac753d7431ab8579d321a709828f6cf/element/f.AB4A68BA45A81A2DBE2B8A5915AD560C.d.3651359581017DCBB04B3AA84B3AD6E6.e.3602/click - {}
RESULT: {}
COMMAND: GET /session/bac753d7431ab8579d321a709828f6cf/screenshot - {}
RESULT: {}
COMMAND: POST /session/bac753d7431ab8579d321a709828f6cf/execute/async - {"script":"<script> [1562 bytes]","args":[{"selector":{"controlType":"sap.m.SearchField","properties":{"placeholder":"Search"},"searchOpenDialogs":true,"interaction":{"idSuffix":"I"}},"wdio_ui5_key":"sapm.SearchField{\"placeholder\":\"Search\"}"}]}
RESULT: {"script":"<script> [1562 bytes]","args":[{"selector":{"controlType":"sap.m.SearchField","properties":{"placeholder":"Search"},"searchOpenDialogs":true,"interaction":{"idSuffix":"I"}},"wdio_ui5_key":"sapm.SearchField{\"placeholder\":\"Search\"}"}]}
RESULT: undefined
COMMAND: POST /session/bac753d7431ab8579d321a709828f6cf/execute/async - {"script":"<script> [776 bytes]","args":[{"enterText":"10001013","selector":{"controlType":"sap.m.SearchField","properties":{"placeholder":"Search"},"searchOpenDialogs":true,"interaction":{"idSuffix":"I"}},"clearTextFirst":true,"interactionType":"ENTER_TEXT"}]}
RESULT: {"script":"<script> [776 bytes]","args":[{"enterText":"10001013","selector":{"controlType":"sap.m.SearchField","properties":{"placeholder":"Search"},"searchOpenDialogs":true,"interaction":{"idSuffix":"I"}},"clearTextFirst":true,"interactionType":"ENTER_TEXT"}]}
COMMAND: POST /session/bac753d7431ab8579d321a709828f6cf/actions - {"actions":[{"id":"action11","type":"key","parameters":{},"actions":[{"type":"keyDown","value":"î€‡"},{"type":"pause","duration":10},{"type":"keyUp","value":"î€‡"}]}]}
RESULT: {"actions":[{"id":"action11","type":"key","parameters":{},"actions":[{"type":"keyDown","value":"î€‡"},{"type":"pause","duration":10},{"type":"keyUp","value":"î€‡"}]}]}
COMMAND: GET /session/bac753d7431ab8579d321a709828f6cf/screenshot - {}
RESULT: {}
COMMAND: POST /session/bac753d7431ab8579d321a709828f6cf/element - {"using":"xpath","value":"//span[contains(text(), \"General Management\")]"}
RESULT: {"using":"xpath","value":"//span[contains(text(), \"General Management\")]"}
COMMAND: POST /session/bac753d7431ab8579d321a709828f6cf/element/f.AB4A68BA45A81A2DBE2B8A5915AD560C.d.3651359581017DCBB04B3AA84B3AD6E6.e.3644/click - {}
RESULT: {}
COMMAND: GET /session/bac753d7431ab8579d321a709828f6cf/screenshot - {}
RESULT: {}
COMMAND: POST /session/bac753d7431ab8579d321a709828f6cf/element - {"using":"xpath","value":"//bdi[contains(text(), \"OK\")]"}
RESULT: {"using":"xpath","value":"//bdi[contains(text(), \"OK\")]"}
COMMAND: POST /session/bac753d7431ab8579d321a709828f6cf/element/f.AB4A68BA45A81A2DBE2B8A5915AD560C.d.3651359581017DCBB04B3AA84B3AD6E6.e.3645/click - {}
RESULT: {}
COMMAND: GET /session/bac753d7431ab8579d321a709828f6cf/screenshot - {}
RESULT: {}
COMMAND: POST /session/bac753d7431ab8579d321a709828f6cf/element - {"using":"xpath","value":"//input[@id=\"application-managepartners-display-component---NewPartner--companyCodeComboBox-inner\"]"}
RESULT: {"using":"xpath","value":"//input[@id=\"application-managepartners-display-component---NewPartner--companyCodeComboBox-inner\"]"}
COMMAND: POST /session/bac753d7431ab8579d321a709828f6cf/element/f.AB4A68BA45A81A2DBE2B8A5915AD560C.d.3651359581017DCBB04B3AA84B3AD6E6.e.3437/clear - {}
RESULT: {}
COMMAND: POST /session/bac753d7431ab8579d321a709828f6cf/element/f.AB4A68BA45A81A2DBE2B8A5915AD560C.d.3651359581017DCBB04B3AA84B3AD6E6.e.3437/value - {"text":"C002"}
COMMAND: GET /session/bac753d7431ab8579d321a709828f6cf/screenshot - {}
RESULT: {"text":"C002"}
COMMAND: GET /session/bac753d7431ab8579d321a709828f6cf/screenshot - {}
RESULT: {}
RESULT: {}
COMMAND: POST /session/bac753d7431ab8579d321a709828f6cf/element - {"using":"xpath","value":"//li[.//span[text()= \"C002\"]]"}
RESULT: {"using":"xpath","value":"//li[.//span[text()= \"C002\"]]"}
COMMAND: POST /session/bac753d7431ab8579d321a709828f6cf/element/f.AB4A68BA45A81A2DBE2B8A5915AD560C.d.3651359581017DCBB04B3AA84B3AD6E6.e.3651/click - {}
RESULT: {}
COMMAND: GET /session/bac753d7431ab8579d321a709828f6cf/screenshot - {}
RESULT: {}
COMMAND: POST /session/bac753d7431ab8579d321a709828f6cf/execute/async - {"script":"<script> [1562 bytes]","args":[{"selector":{"id":"application-managepartners-display-component---NewPartner--btnAddTableRow-img"},"wdio_ui5_key":"applicationmanagepartners-display-component---NewPartner--btnAddTableRow-img"}]}
RESULT: {"script":"<script> [1562 bytes]","args":[{"selector":{"id":"application-managepartners-display-component---NewPartner--btnAddTableRow-img"},"wdio_ui5_key":"applicationmanagepartners-display-component---NewPartner--btnAddTableRow-img"}]}
RESULT: undefined
COMMAND: POST /session/bac753d7431ab8579d321a709828f6cf/element - {"using":"xpath","value":"//*[@id=\"application-managepartners-display-component---NewPartner--btnAddTableRow-img\"]"}
RESULT: {"using":"xpath","value":"//*[@id=\"application-managepartners-display-component---NewPartner--btnAddTableRow-img\"]"}
COMMAND: POST /session/bac753d7431ab8579d321a709828f6cf/element/f.AB4A68BA45A81A2DBE2B8A5915AD560C.d.3651359581017DCBB04B3AA84B3AD6E6.e.3652/click - {}
RESULT: {}
COMMAND: GET /session/bac753d7431ab8579d321a709828f6cf/screenshot - {}
RESULT: {}
COMMAND: POST /session/bac753d7431ab8579d321a709828f6cf/element - {"using":"xpath","value":"//input[@id=\"application-managepartners-display-component---NewPartner--assignmentYard-application-managepartners-display-component---NewPartner--assignmentsTable-0-inner\"]"}
RESULT: {"using":"xpath","value":"//input[@id=\"application-managepartners-display-component---NewPartner--assignmentYard-application-managepartners-display-component---NewPartner--assignmentsTable-0-inner\"]"}
COMMAND: POST /session/bac753d7431ab8579d321a709828f6cf/element/f.AB4A68BA45A81A2DBE2B8A5915AD560C.d.3651359581017DCBB04B3AA84B3AD6E6.e.3655/clear - {}
RESULT: {}
COMMAND: POST /session/bac753d7431ab8579d321a709828f6cf/element/f.AB4A68BA45A81A2DBE2B8A5915AD560C.d.3651359581017DCBB04B3AA84B3AD6E6.e.3655/value - {"text":"661"}
COMMAND: GET /session/bac753d7431ab8579d321a709828f6cf/screenshot - {}
RESULT: {"text":"661"}
COMMAND: GET /session/bac753d7431ab8579d321a709828f6cf/screenshot - {}
RESULT: {}
RESULT: {}
COMMAND: POST /session/bac753d7431ab8579d321a709828f6cf/element - {"using":"xpath","value":"//li[.//span[text()='661']]"}
RESULT: {"using":"xpath","value":"//li[.//span[text()='661']]"}
COMMAND: POST /session/bac753d7431ab8579d321a709828f6cf/element/f.AB4A68BA45A81A2DBE2B8A5915AD560C.d.3651359581017DCBB04B3AA84B3AD6E6.e.3665/click - {}
RESULT: {}
COMMAND: GET /session/bac753d7431ab8579d321a709828f6cf/screenshot - {}
RESULT: {}
COMMAND: POST /session/bac753d7431ab8579d321a709828f6cf/actions - {"actions":[{"id":"action12","type":"key","parameters":{},"actions":[{"type":"keyDown","value":"î€‡"},{"type":"pause","duration":10},{"type":"keyUp","value":"î€‡"}]}]}
RESULT: {"actions":[{"id":"action12","type":"key","parameters":{},"actions":[{"type":"keyDown","value":"î€‡"},{"type":"pause","duration":10},{"type":"keyUp","value":"î€‡"}]}]}
COMMAND: POST /session/bac753d7431ab8579d321a709828f6cf/execute/async - {"script":"<script> [1562 bytes]","args":[{"selector":{"id":"application-managepartners-display-component---NewPartner--externalCustomerComboBox-application-managepartners-display-component---NewPartner--assignmentsTable-0-vhi"},"wdio_ui5_key":"applicationmanagepartners-display-component---NewPartner--externalCustomerComboBox-application-managepartners-display-component---NewPartner--assignmentsTable-0-vhi"}]}
COMMAND: GET /session/bac753d7431ab8579d321a709828f6cf/screenshot - {}
RESULT: {"script":"<script> [1562 bytes]","args":[{"selector":{"id":"application-managepartners-display-component---NewPartner--externalCustomerComboBox-application-managepartners-display-component---NewPartner--assignmentsTable-0-vhi"},"wdio_ui5_key":"applicationmanagepartners-display-component---NewPartner--externalCustomerComboBox-application-managepartners-display-component---NewPartner--assignmentsTable-0-vhi"}]}
RESULT: undefined
COMMAND: POST /session/bac753d7431ab8579d321a709828f6cf/element - {"using":"xpath","value":"//*[@id=\"application-managepartners-display-component---NewPartner--externalCustomerComboBox-application-managepartners-display-component---NewPartner--assignmentsTable-0-vhi\"]"}
RESULT: {}
RESULT: {"using":"xpath","value":"//*[@id=\"application-managepartners-display-component---NewPartner--externalCustomerComboBox-application-managepartners-display-component---NewPartner--assignmentsTable-0-vhi\"]"}
COMMAND: POST /session/bac753d7431ab8579d321a709828f6cf/element/f.AB4A68BA45A81A2DBE2B8A5915AD560C.d.3651359581017DCBB04B3AA84B3AD6E6.e.3669/click - {}
RESULT: {}
RESULT: undefined
COMMAND: POST /session/bac753d7431ab8579d321a709828f6cf/execute/async - {"script":"<script> [776 bytes]","args":[{"enterText":"300003","selector":{"controlType":"sap.m.SearchField","properties":{"placeholder":"Search"},"searchOpenDialogs":true,"interaction":{"idSuffix":"I"}},"clearTextFirst":true,"interactionType":"ENTER_TEXT"}]}
COMMAND: GET /session/bac753d7431ab8579d321a709828f6cf/screenshot - {}
RESULT: {"script":"<script> [776 bytes]","args":[{"enterText":"300003","selector":{"controlType":"sap.m.SearchField","properties":{"placeholder":"Search"},"searchOpenDialogs":true,"interaction":{"idSuffix":"I"}},"clearTextFirst":true,"interactionType":"ENTER_TEXT"}]}
COMMAND: POST /session/bac753d7431ab8579d321a709828f6cf/actions - {"actions":[{"id":"action13","type":"key","parameters":{},"actions":[{"type":"keyDown","value":"î€‡"},{"type":"pause","duration":10},{"type":"keyUp","value":"î€‡"}]}]}
RESULT: {}
RESULT: {"actions":[{"id":"action13","type":"key","parameters":{},"actions":[{"type":"keyDown","value":"î€‡"},{"type":"pause","duration":10},{"type":"keyUp","value":"î€‡"}]}]}
COMMAND: GET /session/bac753d7431ab8579d321a709828f6cf/screenshot - {}
RESULT: {}
COMMAND: POST /session/bac753d7431ab8579d321a709828f6cf/element - {"using":"xpath","value":"//span[contains(text(), \"300003\")]"}
RESULT: {"using":"xpath","value":"//span[contains(text(), \"300003\")]"}
COMMAND: POST /session/bac753d7431ab8579d321a709828f6cf/element/f.AB4A68BA45A81A2DBE2B8A5915AD560C.d.3651359581017DCBB04B3AA84B3AD6E6.e.3686/click - {}
RESULT: {}
COMMAND: GET /session/bac753d7431ab8579d321a709828f6cf/screenshot - {}
RESULT: {}
COMMAND: POST /session/bac753d7431ab8579d321a709828f6cf/element - {"using":"xpath","value":"//bdi[contains(text(), \"OK\")]"}
RESULT: {"using":"xpath","value":"//bdi[contains(text(), \"OK\")]"}
COMMAND: POST /session/bac753d7431ab8579d321a709828f6cf/element/f.AB4A68BA45A81A2DBE2B8A5915AD560C.d.3651359581017DCBB04B3AA84B3AD6E6.e.3688/click - {}
RESULT: {}
COMMAND: GET /session/bac753d7431ab8579d321a709828f6cf/screenshot - {}
COMMAND: POST /session/bac753d7431ab8579d321a709828f6cf/execute/async - {"script":"<script> [1562 bytes]","args":[{"selector":{"id":"application-managepartners-display-component---NewPartner--intercompVendorComboBox-application-managepartners-display-component---NewPartner--assignmentsTable-0-vhi"},"wdio_ui5_key":"applicationmanagepartners-display-component---NewPartner--intercompVendorComboBox-application-managepartners-display-component---NewPartner--assignmentsTable-0-vhi"}]}
RESULT: {}
RESULT: {"script":"<script> [1562 bytes]","args":[{"selector":{"id":"application-managepartners-display-component---NewPartner--intercompVendorComboBox-application-managepartners-display-component---NewPartner--assignmentsTable-0-vhi"},"wdio_ui5_key":"applicationmanagepartners-display-component---NewPartner--intercompVendorComboBox-application-managepartners-display-component---NewPartner--assignmentsTable-0-vhi"}]}
RESULT: undefined
COMMAND: POST /session/bac753d7431ab8579d321a709828f6cf/element - {"using":"xpath","value":"//*[@id=\"application-managepartners-display-component---NewPartner--intercompVendorComboBox-application-managepartners-display-component---NewPartner--assignmentsTable-0-vhi\"]"}
RESULT: {"using":"xpath","value":"//*[@id=\"application-managepartners-display-component---NewPartner--intercompVendorComboBox-application-managepartners-display-component---NewPartner--assignmentsTable-0-vhi\"]"}
COMMAND: POST /session/bac753d7431ab8579d321a709828f6cf/element/f.AB4A68BA45A81A2DBE2B8A5915AD560C.d.3651359581017DCBB04B3AA84B3AD6E6.e.3692/click - {}
RESULT: {}
RESULT: undefined
COMMAND: POST /session/bac753d7431ab8579d321a709828f6cf/execute/async - {"script":"<script> [776 bytes]","args":[{"enterText":"100005","selector":{"controlType":"sap.m.SearchField","properties":{"placeholder":"Search"},"searchOpenDialogs":true,"interaction":{"idSuffix":"I"}},"clearTextFirst":true,"interactionType":"ENTER_TEXT"}]}
COMMAND: GET /session/bac753d7431ab8579d321a709828f6cf/screenshot - {}
RESULT: {"script":"<script> [776 bytes]","args":[{"enterText":"100005","selector":{"controlType":"sap.m.SearchField","properties":{"placeholder":"Search"},"searchOpenDialogs":true,"interaction":{"idSuffix":"I"}},"clearTextFirst":true,"interactionType":"ENTER_TEXT"}]}
COMMAND: POST /session/bac753d7431ab8579d321a709828f6cf/actions - {"actions":[{"id":"action14","type":"key","parameters":{},"actions":[{"type":"keyDown","value":"î€‡"},{"type":"pause","duration":10},{"type":"keyUp","value":"î€‡"}]}]}
RESULT: {}
RESULT: {"actions":[{"id":"action14","type":"key","parameters":{},"actions":[{"type":"keyDown","value":"î€‡"},{"type":"pause","duration":10},{"type":"keyUp","value":"î€‡"}]}]}
COMMAND: GET /session/bac753d7431ab8579d321a709828f6cf/screenshot - {}
RESULT: {}
COMMAND: POST /session/bac753d7431ab8579d321a709828f6cf/element - {"using":"xpath","value":"//span[contains(text(), \"Penguins - Field/12345 Berlin\")]"}
RESULT: {"using":"xpath","value":"//span[contains(text(), \"Penguins - Field/12345 Berlin\")]"}
COMMAND: POST /session/bac753d7431ab8579d321a709828f6cf/element/f.AB4A68BA45A81A2DBE2B8A5915AD560C.d.3651359581017DCBB04B3AA84B3AD6E6.e.3711/click - {}
RESULT: {}
COMMAND: GET /session/bac753d7431ab8579d321a709828f6cf/screenshot - {}
RESULT: {}
COMMAND: POST /session/bac753d7431ab8579d321a709828f6cf/element - {"using":"xpath","value":"//bdi[contains(text(), \"OK\")]"}
RESULT: {"using":"xpath","value":"//bdi[contains(text(), \"OK\")]"}
COMMAND: POST /session/bac753d7431ab8579d321a709828f6cf/element/f.AB4A68BA45A81A2DBE2B8A5915AD560C.d.3651359581017DCBB04B3AA84B3AD6E6.e.3712/click - {}
RESULT: {}
COMMAND: GET /session/bac753d7431ab8579d321a709828f6cf/screenshot - {}
RESULT: {}
COMMAND: POST /session/bac753d7431ab8579d321a709828f6cf/element - {"using":"xpath","value":"//button[@data-kt=\"saveButton\"]"}
RESULT: {"using":"xpath","value":"//button[@data-kt=\"saveButton\"]"}
COMMAND: POST /session/bac753d7431ab8579d321a709828f6cf/element/f.AB4A68BA45A81A2DBE2B8A5915AD560C.d.3651359581017DCBB04B3AA84B3AD6E6.e.3557/click - {}
RESULT: {}
COMMAND: GET /session/bac753d7431ab8579d321a709828f6cf/screenshot - {}
RESULT: {}
COMMAND: POST /session/bac753d7431ab8579d321a709828f6cf/element - {"using":"xpath","value":"//header[contains(@id, 'ObjectPageLayout-headerTitle')]/div[1]/div[2]/div[2]/span[1]"}
RESULT: {"using":"xpath","value":"//header[contains(@id, 'ObjectPageLayout-headerTitle')]/div[1]/div[2]/div[2]/span[1]"}
COMMAND: POST /session/bac753d7431ab8579d321a709828f6cf/elements - {"using":"xpath","value":"//header[contains(@id, 'ObjectPageLayout-headerTitle')]/div[1]/div[2]/div[2]/span[1]"}
RESULT: {"using":"xpath","value":"//header[contains(@id, 'ObjectPageLayout-headerTitle')]/div[1]/div[2]/div[2]/span[1]"}
COMMAND: POST /session/bac753d7431ab8579d321a709828f6cf/execute/sync - {"script":"<script> [56 bytes]","args":[{"element-6066-11e4-a52e-4f735466cecf":"f.AB4A68BA45A81A2DBE2B8A5915AD560C.d.3651359581017DCBB04B3AA84B3AD6E6.e.3877","ELEMENT":"f.AB4A68BA45A81A2DBE2B8A5915AD560C.d.3651359581017DCBB04B3AA84B3AD6E6.e.3877"}]}
RESULT: {"script":"<script> [56 bytes]","args":[{"element-6066-11e4-a52e-4f735466cecf":"f.AB4A68BA45A81A2DBE2B8A5915AD560C.d.3651359581017DCBB04B3AA84B3AD6E6.e.3877","ELEMENT":"f.AB4A68BA45A81A2DBE2B8A5915AD560C.d.3651359581017DCBB04B3AA84B3AD6E6.e.3877"}]}
COMMAND: POST /session/bac753d7431ab8579d321a709828f6cf/element - {"using":"css selector","value":"#shell-header-logo"}
COMMAND: GET /session/bac753d7431ab8579d321a709828f6cf/screenshot - {}
RESULT: {"using":"css selector","value":"#shell-header-logo"}
COMMAND: POST /session/bac753d7431ab8579d321a709828f6cf/element/f.AB4A68BA45A81A2DBE2B8A5915AD560C.d.3651359581017DCBB04B3AA84B3AD6E6.e.3090/click - {}
RESULT: {}
RESULT: {}
COMMAND: GET /session/bac753d7431ab8579d321a709828f6cf/screenshot - {}
RESULT: {}
COMMAND: POST /session/bac753d7431ab8579d321a709828f6cf/execute/sync - {"script":"<script> [299 bytes]","args":[["getModel","getResource"]]}
RESULT: {"script":"<script> [299 bytes]","args":[["getModel","getResource"]]}
]]></system-out>
    </testcase>
    <testcase classname="chrome.137_0_7151_56.windows.Edit_and_delete_daily_price_US134629_US134627" name="Should create a new site used for following tests" time="155.493">
      <system-out><![CDATA[
COMMAND: GET /session/bac753d7431ab8579d321a709828f6cf/screenshot - {}
COMMAND: POST /session/bac753d7431ab8579d321a709828f6cf/execute/async - {"script":"<script> [1562 bytes]","args":[{"selector":{"controlType":"sap.m.GenericTile","properties":{"header":"Manage Sites"}},"wdio_ui5_key":"sapm.GenericTile{\"header\":\"Manage Sites\"}"}]}
RESULT: {}
RESULT: {"script":"<script> [1562 bytes]","args":[{"selector":{"controlType":"sap.m.GenericTile","properties":{"header":"Manage Sites"}},"wdio_ui5_key":"sapm.GenericTile{\"header\":\"Manage Sites\"}"}]}
RESULT: undefined
COMMAND: POST /session/bac753d7431ab8579d321a709828f6cf/element - {"using":"xpath","value":"//*[@id=\"__tile40\"]"}
RESULT: {"using":"xpath","value":"//*[@id=\"__tile40\"]"}
COMMAND: POST /session/bac753d7431ab8579d321a709828f6cf/element/f.AB4A68BA45A81A2DBE2B8A5915AD560C.d.3651359581017DCBB04B3AA84B3AD6E6.e.2982/click - {}
RESULT: {}
COMMAND: GET /session/bac753d7431ab8579d321a709828f6cf/screenshot - {}
RESULT: {}
COMMAND: POST /session/bac753d7431ab8579d321a709828f6cf/elements - {"using":"xpath","value":"//span[text()='Error']"}
RESULT: {"using":"xpath","value":"//span[text()='Error']"}
COMMAND: POST /session/bac753d7431ab8579d321a709828f6cf/element - {"using":"xpath","value":"//button[@data-kt=\"addOverflowToolbarButton\"]"}
RESULT: {"using":"xpath","value":"//button[@data-kt=\"addOverflowToolbarButton\"]"}
COMMAND: POST /session/bac753d7431ab8579d321a709828f6cf/elements - {"using":"xpath","value":"//button[@data-kt=\"addOverflowToolbarButton\"]"}
RESULT: {"using":"xpath","value":"//button[@data-kt=\"addOverflowToolbarButton\"]"}
COMMAND: POST /session/bac753d7431ab8579d321a709828f6cf/execute/sync - {"script":"<script> [8489 bytes]","args":[{"element-6066-11e4-a52e-4f735466cecf":"f.AB4A68BA45A81A2DBE2B8A5915AD560C.d.3651359581017DCBB04B3AA84B3AD6E6.e.3924","ELEMENT":"f.AB4A68BA45A81A2DBE2B8A5915AD560C.d.3651359581017DCBB04B3AA84B3AD6E6.e.3924"}]}
RESULT: {"script":"<script> [8489 bytes]","args":[{"element-6066-11e4-a52e-4f735466cecf":"f.AB4A68BA45A81A2DBE2B8A5915AD560C.d.3651359581017DCBB04B3AA84B3AD6E6.e.3924","ELEMENT":"f.AB4A68BA45A81A2DBE2B8A5915AD560C.d.3651359581017DCBB04B3AA84B3AD6E6.e.3924"}]}
COMMAND: GET /session/bac753d7431ab8579d321a709828f6cf/element/f.AB4A68BA45A81A2DBE2B8A5915AD560C.d.3651359581017DCBB04B3AA84B3AD6E6.e.3924/enabled - {}
COMMAND: GET /session/bac753d7431ab8579d321a709828f6cf/screenshot - {}
RESULT: {}
COMMAND: POST /session/bac753d7431ab8579d321a709828f6cf/execute/sync - {"script":"<script> [8489 bytes]","args":[{"element-6066-11e4-a52e-4f735466cecf":"f.AB4A68BA45A81A2DBE2B8A5915AD560C.d.3651359581017DCBB04B3AA84B3AD6E6.e.3924","ELEMENT":"f.AB4A68BA45A81A2DBE2B8A5915AD560C.d.3651359581017DCBB04B3AA84B3AD6E6.e.3924"}]}
COMMAND: GET /session/bac753d7431ab8579d321a709828f6cf/screenshot - {}
RESULT: {}
RESULT: {"script":"<script> [8489 bytes]","args":[{"element-6066-11e4-a52e-4f735466cecf":"f.AB4A68BA45A81A2DBE2B8A5915AD560C.d.3651359581017DCBB04B3AA84B3AD6E6.e.3924","ELEMENT":"f.AB4A68BA45A81A2DBE2B8A5915AD560C.d.3651359581017DCBB04B3AA84B3AD6E6.e.3924"}]}
COMMAND: POST /session/bac753d7431ab8579d321a709828f6cf/execute/sync - {"script":"<script> [5351 bytes]","args":[{"element-6066-11e4-a52e-4f735466cecf":"f.AB4A68BA45A81A2DBE2B8A5915AD560C.d.3651359581017DCBB04B3AA84B3AD6E6.e.3924","ELEMENT":"f.AB4A68BA45A81A2DBE2B8A5915AD560C.d.3651359581017DCBB04B3AA84B3AD6E6.e.3924"}]}
COMMAND: GET /session/bac753d7431ab8579d321a709828f6cf/screenshot - {}
RESULT: {}
RESULT: {"script":"<script> [5351 bytes]","args":[{"element-6066-11e4-a52e-4f735466cecf":"f.AB4A68BA45A81A2DBE2B8A5915AD560C.d.3651359581017DCBB04B3AA84B3AD6E6.e.3924","ELEMENT":"f.AB4A68BA45A81A2DBE2B8A5915AD560C.d.3651359581017DCBB04B3AA84B3AD6E6.e.3924"}]}
COMMAND: POST /session/bac753d7431ab8579d321a709828f6cf/element/f.AB4A68BA45A81A2DBE2B8A5915AD560C.d.3651359581017DCBB04B3AA84B3AD6E6.e.3924/click - {}
COMMAND: GET /session/bac753d7431ab8579d321a709828f6cf/screenshot - {}
RESULT: {}
RESULT: {}
COMMAND: GET /session/bac753d7431ab8579d321a709828f6cf/screenshot - {}
RESULT: {}
COMMAND: POST /session/bac753d7431ab8579d321a709828f6cf/element - {"using":"xpath","value":"//input[@id=\"application-managesites-display-component---NewSite--siteId-inner\"]"}
RESULT: {}
RESULT: {"using":"xpath","value":"//input[@id=\"application-managesites-display-component---NewSite--siteId-inner\"]"}
COMMAND: POST /session/bac753d7431ab8579d321a709828f6cf/element - {"using":"xpath","value":"//input[@id=\"application-managesites-display-component---NewSite--siteId-inner\"]"}
RESULT: {"using":"xpath","value":"//input[@id=\"application-managesites-display-component---NewSite--siteId-inner\"]"}
COMMAND: POST /session/bac753d7431ab8579d321a709828f6cf/execute/async - {"script":"<script> [1562 bytes]","args":[{"selector":{"id":"application-managesites-display-component---NewSite--addressDetailDetailsName1","interaction":{"idSuffix":"inner"}},"wdio_ui5_key":"applicationmanagesites-display-component---NewSite--addressDetailDetailsName1"}]}
RESULT: {"script":"<script> [1562 bytes]","args":[{"selector":{"id":"application-managesites-display-component---NewSite--addressDetailDetailsName1","interaction":{"idSuffix":"inner"}},"wdio_ui5_key":"applicationmanagesites-display-component---NewSite--addressDetailDetailsName1"}]}
RESULT: undefined
COMMAND: POST /session/bac753d7431ab8579d321a709828f6cf/execute/async - {"script":"<script> [776 bytes]","args":[{"enterText":"DailyPrice WDIO","selector":{"id":"application-managesites-display-component---NewSite--addressDetailDetailsName1","interaction":{"idSuffix":"inner"}},"clearTextFirst":true,"interactionType":"ENTER_TEXT"}]}
RESULT: {"script":"<script> [776 bytes]","args":[{"enterText":"DailyPrice WDIO","selector":{"id":"application-managesites-display-component---NewSite--addressDetailDetailsName1","interaction":{"idSuffix":"inner"}},"clearTextFirst":true,"interactionType":"ENTER_TEXT"}]}
COMMAND: POST /session/bac753d7431ab8579d321a709828f6cf/execute/async - {"script":"<script> [1562 bytes]","args":[{"selector":{"id":"application-managesites-display-component---NewSite--addressDetailDetailsLanguage-arrow"},"wdio_ui5_key":"applicationmanagesites-display-component---NewSite--addressDetailDetailsLanguage-arrow"}]}
RESULT: {"script":"<script> [1562 bytes]","args":[{"selector":{"id":"application-managesites-display-component---NewSite--addressDetailDetailsLanguage-arrow"},"wdio_ui5_key":"applicationmanagesites-display-component---NewSite--addressDetailDetailsLanguage-arrow"}]}
RESULT: undefined
COMMAND: POST /session/bac753d7431ab8579d321a709828f6cf/element - {"using":"xpath","value":"//*[@id=\"application-managesites-display-component---NewSite--addressDetailDetailsLanguage-arrow\"]"}
RESULT: {"using":"xpath","value":"//*[@id=\"application-managesites-display-component---NewSite--addressDetailDetailsLanguage-arrow\"]"}
COMMAND: POST /session/bac753d7431ab8579d321a709828f6cf/element/f.AB4A68BA45A81A2DBE2B8A5915AD560C.d.3651359581017DCBB04B3AA84B3AD6E6.e.4543/click - {}
RESULT: {}
COMMAND: POST /session/bac753d7431ab8579d321a709828f6cf/element - {"using":"xpath","value":"//span[contains(text(), \"English\")]"}
COMMAND: GET /session/bac753d7431ab8579d321a709828f6cf/screenshot - {}
RESULT: {"using":"xpath","value":"//span[contains(text(), \"English\")]"}
COMMAND: POST /session/bac753d7431ab8579d321a709828f6cf/element/f.AB4A68BA45A81A2DBE2B8A5915AD560C.d.3651359581017DCBB04B3AA84B3AD6E6.e.4544/click - {}
RESULT: {}
RESULT: {}
COMMAND: POST /session/bac753d7431ab8579d321a709828f6cf/execute/async - {"script":"<script> [1562 bytes]","args":[{"selector":{"id":"application-managesites-display-component---NewSite--addressDetailDetailsCity1","interaction":{"idSuffix":"inner"}},"wdio_ui5_key":"applicationmanagesites-display-component---NewSite--addressDetailDetailsCity1"}]}
COMMAND: GET /session/bac753d7431ab8579d321a709828f6cf/screenshot - {}
RESULT: {"script":"<script> [1562 bytes]","args":[{"selector":{"id":"application-managesites-display-component---NewSite--addressDetailDetailsCity1","interaction":{"idSuffix":"inner"}},"wdio_ui5_key":"applicationmanagesites-display-component---NewSite--addressDetailDetailsCity1"}]}
RESULT: undefined
COMMAND: POST /session/bac753d7431ab8579d321a709828f6cf/execute/async - {"script":"<script> [776 bytes]","args":[{"enterText":"Rosario","selector":{"id":"application-managesites-display-component---NewSite--addressDetailDetailsCity1","interaction":{"idSuffix":"inner"}},"clearTextFirst":true,"interactionType":"ENTER_TEXT"}]}
RESULT: {}
RESULT: {"script":"<script> [776 bytes]","args":[{"enterText":"Rosario","selector":{"id":"application-managesites-display-component---NewSite--addressDetailDetailsCity1","interaction":{"idSuffix":"inner"}},"clearTextFirst":true,"interactionType":"ENTER_TEXT"}]}
COMMAND: POST /session/bac753d7431ab8579d321a709828f6cf/execute/async - {"script":"<script> [1562 bytes]","args":[{"selector":{"id":"application-managesites-display-component---NewSite--addressDetailDetailsCountry-arrow"},"wdio_ui5_key":"applicationmanagesites-display-component---NewSite--addressDetailDetailsCountry-arrow"}]}
RESULT: {"script":"<script> [1562 bytes]","args":[{"selector":{"id":"application-managesites-display-component---NewSite--addressDetailDetailsCountry-arrow"},"wdio_ui5_key":"applicationmanagesites-display-component---NewSite--addressDetailDetailsCountry-arrow"}]}
RESULT: undefined
COMMAND: POST /session/bac753d7431ab8579d321a709828f6cf/element - {"using":"xpath","value":"//*[@id=\"application-managesites-display-component---NewSite--addressDetailDetailsCountry-arrow\"]"}
RESULT: {"using":"xpath","value":"//*[@id=\"application-managesites-display-component---NewSite--addressDetailDetailsCountry-arrow\"]"}
COMMAND: POST /session/bac753d7431ab8579d321a709828f6cf/element/f.AB4A68BA45A81A2DBE2B8A5915AD560C.d.3651359581017DCBB04B3AA84B3AD6E6.e.4546/click - {}
RESULT: {}
COMMAND: POST /session/bac753d7431ab8579d321a709828f6cf/element - {"using":"xpath","value":"//span[contains(text(), \"Argentina\")]"}
COMMAND: GET /session/bac753d7431ab8579d321a709828f6cf/screenshot - {}
RESULT: {"using":"xpath","value":"//span[contains(text(), \"Argentina\")]"}
COMMAND: POST /session/bac753d7431ab8579d321a709828f6cf/element/f.AB4A68BA45A81A2DBE2B8A5915AD560C.d.3651359581017DCBB04B3AA84B3AD6E6.e.4547/click - {}
RESULT: {}
RESULT: {}
COMMAND: GET /session/bac753d7431ab8579d321a709828f6cf/screenshot - {}
RESULT: {}
COMMAND: POST /session/bac753d7431ab8579d321a709828f6cf/execute/async - {"script":"<script> [1562 bytes]","args":[{"selector":{"id":"application-managesites-display-component---NewSite--addressEditDetailsCostObjectCstType-arrow"},"wdio_ui5_key":"applicationmanagesites-display-component---NewSite--addressEditDetailsCostObjectCstType-arrow"}]}
RESULT: {"script":"<script> [1562 bytes]","args":[{"selector":{"id":"application-managesites-display-component---NewSite--addressEditDetailsCostObjectCstType-arrow"},"wdio_ui5_key":"applicationmanagesites-display-component---NewSite--addressEditDetailsCostObjectCstType-arrow"}]}
RESULT: undefined
COMMAND: POST /session/bac753d7431ab8579d321a709828f6cf/element - {"using":"xpath","value":"//*[@id=\"application-managesites-display-component---NewSite--addressEditDetailsCostObjectCstType-arrow\"]"}
RESULT: {"using":"xpath","value":"//*[@id=\"application-managesites-display-component---NewSite--addressEditDetailsCostObjectCstType-arrow\"]"}
COMMAND: POST /session/bac753d7431ab8579d321a709828f6cf/element/f.AB4A68BA45A81A2DBE2B8A5915AD560C.d.3651359581017DCBB04B3AA84B3AD6E6.e.4549/click - {}
RESULT: {}
COMMAND: POST /session/bac753d7431ab8579d321a709828f6cf/element - {"using":"xpath","value":"//span[contains(text(), \"Cost Center\")]"}
COMMAND: GET /session/bac753d7431ab8579d321a709828f6cf/screenshot - {}
RESULT: {"using":"xpath","value":"//span[contains(text(), \"Cost Center\")]"}
COMMAND: POST /session/bac753d7431ab8579d321a709828f6cf/element/f.AB4A68BA45A81A2DBE2B8A5915AD560C.d.3651359581017DCBB04B3AA84B3AD6E6.e.4550/click - {}
RESULT: {}
RESULT: {}
COMMAND: GET /session/bac753d7431ab8579d321a709828f6cf/screenshot - {}
RESULT: {}
COMMAND: POST /session/bac753d7431ab8579d321a709828f6cf/element - {"using":"xpath","value":"//span[@id=\"application-managesites-display-component---NewSite--addressNewCostObjectCstID-vhi\"]"}
RESULT: {"using":"xpath","value":"//span[@id=\"application-managesites-display-component---NewSite--addressNewCostObjectCstID-vhi\"]"}
COMMAND: POST /session/bac753d7431ab8579d321a709828f6cf/execute/sync - {"script":"<script> [8489 bytes]","args":[{"element-6066-11e4-a52e-4f735466cecf":"f.AB4A68BA45A81A2DBE2B8A5915AD560C.d.3651359581017DCBB04B3AA84B3AD6E6.e.4555","ELEMENT":"f.AB4A68BA45A81A2DBE2B8A5915AD560C.d.3651359581017DCBB04B3AA84B3AD6E6.e.4555"}]}
RESULT: {"script":"<script> [8489 bytes]","args":[{"element-6066-11e4-a52e-4f735466cecf":"f.AB4A68BA45A81A2DBE2B8A5915AD560C.d.3651359581017DCBB04B3AA84B3AD6E6.e.4555","ELEMENT":"f.AB4A68BA45A81A2DBE2B8A5915AD560C.d.3651359581017DCBB04B3AA84B3AD6E6.e.4555"}]}
COMMAND: POST /session/bac753d7431ab8579d321a709828f6cf/execute/async - {"script":"<script> [1562 bytes]","args":[{"selector":{"id":"application-managesites-display-component---NewSite--addressNewCostObjectCstID-vhi"},"wdio_ui5_key":"applicationmanagesites-display-component---NewSite--addressNewCostObjectCstID-vhi"}]}
COMMAND: GET /session/bac753d7431ab8579d321a709828f6cf/screenshot - {}
RESULT: {"script":"<script> [1562 bytes]","args":[{"selector":{"id":"application-managesites-display-component---NewSite--addressNewCostObjectCstID-vhi"},"wdio_ui5_key":"applicationmanagesites-display-component---NewSite--addressNewCostObjectCstID-vhi"}]}
RESULT: undefined
COMMAND: POST /session/bac753d7431ab8579d321a709828f6cf/element - {"using":"xpath","value":"//*[@id=\"application-managesites-display-component---NewSite--addressNewCostObjectCstID-vhi\"]"}
RESULT: {}
RESULT: {"using":"xpath","value":"//*[@id=\"application-managesites-display-component---NewSite--addressNewCostObjectCstID-vhi\"]"}
COMMAND: POST /session/bac753d7431ab8579d321a709828f6cf/element/f.AB4A68BA45A81A2DBE2B8A5915AD560C.d.3651359581017DCBB04B3AA84B3AD6E6.e.4555/click - {}
RESULT: {}
COMMAND: GET /session/bac753d7431ab8579d321a709828f6cf/screenshot - {}
RESULT: {}
RESULT: undefined
COMMAND: POST /session/bac753d7431ab8579d321a709828f6cf/execute/async - {"script":"<script> [776 bytes]","args":[{"enterText":"10001013","selector":{"controlType":"sap.m.SearchField","properties":{"placeholder":"Search"},"searchOpenDialogs":true,"interaction":{"idSuffix":"I"}},"clearTextFirst":true,"interactionType":"ENTER_TEXT"}]}
RESULT: {"script":"<script> [776 bytes]","args":[{"enterText":"10001013","selector":{"controlType":"sap.m.SearchField","properties":{"placeholder":"Search"},"searchOpenDialogs":true,"interaction":{"idSuffix":"I"}},"clearTextFirst":true,"interactionType":"ENTER_TEXT"}]}
COMMAND: POST /session/bac753d7431ab8579d321a709828f6cf/actions - {"actions":[{"id":"action15","type":"key","parameters":{},"actions":[{"type":"keyDown","value":"î€‡"},{"type":"pause","duration":10},{"type":"keyUp","value":"î€‡"}]}]}
RESULT: {"actions":[{"id":"action15","type":"key","parameters":{},"actions":[{"type":"keyDown","value":"î€‡"},{"type":"pause","duration":10},{"type":"keyUp","value":"î€‡"}]}]}
COMMAND: GET /session/bac753d7431ab8579d321a709828f6cf/screenshot - {}
RESULT: {}
COMMAND: POST /session/bac753d7431ab8579d321a709828f6cf/element - {"using":"xpath","value":"//span[contains(text(), \"General Management\")]"}
RESULT: {"using":"xpath","value":"//span[contains(text(), \"General Management\")]"}
COMMAND: POST /session/bac753d7431ab8579d321a709828f6cf/element/f.AB4A68BA45A81A2DBE2B8A5915AD560C.d.3651359581017DCBB04B3AA84B3AD6E6.e.4594/click - {}
RESULT: {}
COMMAND: GET /session/bac753d7431ab8579d321a709828f6cf/screenshot - {}
RESULT: {}
COMMAND: POST /session/bac753d7431ab8579d321a709828f6cf/element - {"using":"xpath","value":"//bdi[contains(text(), \"OK\")]"}
RESULT: {"using":"xpath","value":"//bdi[contains(text(), \"OK\")]"}
COMMAND: POST /session/bac753d7431ab8579d321a709828f6cf/element/f.AB4A68BA45A81A2DBE2B8A5915AD560C.d.3651359581017DCBB04B3AA84B3AD6E6.e.4595/click - {}
RESULT: {}
COMMAND: GET /session/bac753d7431ab8579d321a709828f6cf/screenshot - {}
RESULT: {}
COMMAND: POST /session/bac753d7431ab8579d321a709828f6cf/element - {"using":"xpath","value":"//input[@id=\"application-managesites-display-component---NewSite--addressDetailDetailsCalendar-inner\"]"}
RESULT: {"using":"xpath","value":"//input[@id=\"application-managesites-display-component---NewSite--addressDetailDetailsCalendar-inner\"]"}
COMMAND: POST /session/bac753d7431ab8579d321a709828f6cf/element/f.AB4A68BA45A81A2DBE2B8A5915AD560C.d.3651359581017DCBB04B3AA84B3AD6E6.e.4336/clear - {}
RESULT: {}
COMMAND: POST /session/bac753d7431ab8579d321a709828f6cf/element/f.AB4A68BA45A81A2DBE2B8A5915AD560C.d.3651359581017DCBB04B3AA84B3AD6E6.e.4336/value - {"text":"Unit"}
COMMAND: GET /session/bac753d7431ab8579d321a709828f6cf/screenshot - {}
RESULT: {"text":"Unit"}
COMMAND: GET /session/bac753d7431ab8579d321a709828f6cf/screenshot - {}
RESULT: {}
RESULT: {}
COMMAND: POST /session/bac753d7431ab8579d321a709828f6cf/actions - {"actions":[{"id":"action16","type":"key","parameters":{},"actions":[{"type":"keyDown","value":"î€‡"},{"type":"pause","duration":10},{"type":"keyUp","value":"î€‡"}]}]}
RESULT: {"actions":[{"id":"action16","type":"key","parameters":{},"actions":[{"type":"keyDown","value":"î€‡"},{"type":"pause","duration":10},{"type":"keyUp","value":"î€‡"}]}]}
COMMAND: POST /session/bac753d7431ab8579d321a709828f6cf/element - {"using":"xpath","value":"//input[@id=\"application-managesites-display-component---NewSite--addressDetailDetailsYard-inner\"]"}
COMMAND: GET /session/bac753d7431ab8579d321a709828f6cf/screenshot - {}
RESULT: {"using":"xpath","value":"//input[@id=\"application-managesites-display-component---NewSite--addressDetailDetailsYard-inner\"]"}
COMMAND: POST /session/bac753d7431ab8579d321a709828f6cf/element/f.AB4A68BA45A81A2DBE2B8A5915AD560C.d.3651359581017DCBB04B3AA84B3AD6E6.e.4337/clear - {}
RESULT: {}
RESULT: {}
COMMAND: POST /session/bac753d7431ab8579d321a709828f6cf/element/f.AB4A68BA45A81A2DBE2B8A5915AD560C.d.3651359581017DCBB04B3AA84B3AD6E6.e.4337/value - {"text":"661"}
COMMAND: GET /session/bac753d7431ab8579d321a709828f6cf/screenshot - {}
RESULT: {"text":"661"}
COMMAND: GET /session/bac753d7431ab8579d321a709828f6cf/screenshot - {}
RESULT: {}
RESULT: {}
COMMAND: POST /session/bac753d7431ab8579d321a709828f6cf/element - {"using":"xpath","value":"//li[.//span[text()='661']]"}
RESULT: {"using":"xpath","value":"//li[.//span[text()='661']]"}
COMMAND: POST /session/bac753d7431ab8579d321a709828f6cf/element/f.AB4A68BA45A81A2DBE2B8A5915AD560C.d.3651359581017DCBB04B3AA84B3AD6E6.e.4603/click - {}
RESULT: {}
COMMAND: GET /session/bac753d7431ab8579d321a709828f6cf/screenshot - {}
RESULT: {}
COMMAND: POST /session/bac753d7431ab8579d321a709828f6cf/element - {"using":"xpath","value":"//input[@id=\"application-managesites-display-component---NewSite--addressDetailDetailsPartner-inner\"]"}
RESULT: {"using":"xpath","value":"//input[@id=\"application-managesites-display-component---NewSite--addressDetailDetailsPartner-inner\"]"}
COMMAND: POST /session/bac753d7431ab8579d321a709828f6cf/element - {"using":"xpath","value":"//input[@id=\"application-managesites-display-component---NewSite--addressDetailDetailsPartner-inner\"]"}
RESULT: {"using":"xpath","value":"//input[@id=\"application-managesites-display-component---NewSite--addressDetailDetailsPartner-inner\"]"}
COMMAND: POST /session/bac753d7431ab8579d321a709828f6cf/element - {"using":"xpath","value":"//button[@data-kt=\"saveButton\"]"}
RESULT: {"using":"xpath","value":"//button[@data-kt=\"saveButton\"]"}
COMMAND: POST /session/bac753d7431ab8579d321a709828f6cf/element/f.AB4A68BA45A81A2DBE2B8A5915AD560C.d.3651359581017DCBB04B3AA84B3AD6E6.e.4528/click - {}
RESULT: {}
COMMAND: GET /session/bac753d7431ab8579d321a709828f6cf/screenshot - {}
RESULT: {}
COMMAND: POST /session/bac753d7431ab8579d321a709828f6cf/element - {"using":"xpath","value":"//header[contains(@id, 'ObjectPageLayout-headerTitle')]/div[1]/div[2]/div[2]/span[1]"}
RESULT: {"using":"xpath","value":"//header[contains(@id, 'ObjectPageLayout-headerTitle')]/div[1]/div[2]/div[2]/span[1]"}
COMMAND: POST /session/bac753d7431ab8579d321a709828f6cf/elements - {"using":"xpath","value":"//header[contains(@id, 'ObjectPageLayout-headerTitle')]/div[1]/div[2]/div[2]/span[1]"}
RESULT: {"using":"xpath","value":"//header[contains(@id, 'ObjectPageLayout-headerTitle')]/div[1]/div[2]/div[2]/span[1]"}
COMMAND: POST /session/bac753d7431ab8579d321a709828f6cf/execute/sync - {"script":"<script> [56 bytes]","args":[{"element-6066-11e4-a52e-4f735466cecf":"f.AB4A68BA45A81A2DBE2B8A5915AD560C.d.3651359581017DCBB04B3AA84B3AD6E6.e.4810","ELEMENT":"f.AB4A68BA45A81A2DBE2B8A5915AD560C.d.3651359581017DCBB04B3AA84B3AD6E6.e.4810"}]}
RESULT: {"script":"<script> [56 bytes]","args":[{"element-6066-11e4-a52e-4f735466cecf":"f.AB4A68BA45A81A2DBE2B8A5915AD560C.d.3651359581017DCBB04B3AA84B3AD6E6.e.4810","ELEMENT":"f.AB4A68BA45A81A2DBE2B8A5915AD560C.d.3651359581017DCBB04B3AA84B3AD6E6.e.4810"}]}
COMMAND: POST /session/bac753d7431ab8579d321a709828f6cf/element - {"using":"css selector","value":"#shell-header-logo"}
COMMAND: GET /session/bac753d7431ab8579d321a709828f6cf/screenshot - {}
RESULT: {"using":"css selector","value":"#shell-header-logo"}
COMMAND: POST /session/bac753d7431ab8579d321a709828f6cf/element/f.AB4A68BA45A81A2DBE2B8A5915AD560C.d.3651359581017DCBB04B3AA84B3AD6E6.e.3882/click - {}
RESULT: {}
RESULT: {}
COMMAND: GET /session/bac753d7431ab8579d321a709828f6cf/screenshot - {}
RESULT: {}
COMMAND: POST /session/bac753d7431ab8579d321a709828f6cf/execute/sync - {"script":"<script> [299 bytes]","args":[["getModel","getResource"]]}
RESULT: {"script":"<script> [299 bytes]","args":[["getModel","getResource"]]}
COMMAND: POST /session/bac753d7431ab8579d321a709828f6cf/actions - {"actions":[{"id":"action17","type":"key","parameters":{},"actions":[{"type":"keyDown","value":"î€‡"},{"type":"pause","duration":10},{"type":"keyUp","value":"î€‡"}]}]}
COMMAND: GET /session/bac753d7431ab8579d321a709828f6cf/screenshot - {}
RESULT: {"actions":[{"id":"action17","type":"key","parameters":{},"actions":[{"type":"keyDown","value":"î€‡"},{"type":"pause","duration":10},{"type":"keyUp","value":"î€‡"}]}]}
COMMAND: GET /session/bac753d7431ab8579d321a709828f6cf/screenshot - {}
RESULT: {}
RESULT: {}
COMMAND: POST /session/bac753d7431ab8579d321a709828f6cf/refresh - {}
RESULT: {}
COMMAND: GET /session/bac753d7431ab8579d321a709828f6cf/screenshot - {}
RESULT: {}
COMMAND: POST /session/bac753d7431ab8579d321a709828f6cf/refresh - {}
RESULT: {}
COMMAND: GET /session/bac753d7431ab8579d321a709828f6cf/screenshot - {}
RESULT: {}
COMMAND: POST /session/bac753d7431ab8579d321a709828f6cf/window/fullscreen - {}
RESULT: {}
COMMAND: POST /session/bac753d7431ab8579d321a709828f6cf/execute/async - {"script":"<script> [189 bytes]","args":[]}
RESULT: {"script":"<script> [189 bytes]","args":[]}
COMMAND: POST /session/bac753d7431ab8579d321a709828f6cf/execute/async - {"script":"<script> [123 bytes]","args":[]}
RESULT: {"script":"<script> [123 bytes]","args":[]}
COMMAND: POST /session/bac753d7431ab8579d321a709828f6cf/timeouts - {"script":"<number>"}
RESULT: {"script":"<number>"}
COMMAND: GET /session/bac753d7431ab8579d321a709828f6cf/timeouts - {}
RESULT: {}
RESULT: undefined
COMMAND: POST /session/bac753d7431ab8579d321a709828f6cf/execute/async - {"script":"<script> [2676 bytes]","args":[]}
RESULT: {"script":"<script> [2676 bytes]","args":[]}
COMMAND: POST /session/bac753d7431ab8579d321a709828f6cf/execute/async - {"script":"<script> [2342 bytes]","args":[{"protocol":"http","hostname":"0.0.0.0","path":"/","capabilities":{"browserName":"chrome","goog:chromeOptions":{"binary":"C:\\Program Files\\Google\\Chrome\\Application\\chrome.exe","args":["--start-maximized"]}},"logLevel":"warn","connectionRetryTimeout":120000,"connectionRetryCount":3,"logLevels":{},"enableDirectConnect":true,"strictSSL":true,"_":"65 more keys: [\"cacheDir\",\"port\",\"requestedCapabilities\",\"automationProtocol\",\"baseUrl\",\"waitforInterval\",\"waitforTimeout\",\"onReload\",\"beforeCommand\",\"afterCommand\",\"rootDir\",\"specs\",\"suites\",\"exclude\",\"groupLogsByTestSpec\",\"excludeDriverLogs\",\"bail\",\"framework\",\"reporters\",\"services\",\"maxInstances\",\"maxInstancesPerCapability\",\"injectGlobals\",\"filesToWatch\",\"execArgv\",\"runnerEnv\",\"runner\",\"shard\",\"specFileRetries\",\"specFileRetriesDelay\",\"specFileRetriesDeferred\",\"reporterSyncInterval\",\"reporterSyncTimeout\",\"cucumberFeaturesWithLineNumbers\",\"autoCompileOpts\",\"mochaOpts\",\"jasmineOpts\",\"cucumberOpts\",\"onPrepare\",\"onWorkerStart\",\"onWorkerEnd\",\"before\",\"beforeSession\",\"beforeSuite\",\"beforeHook\",\"beforeTest\",\"afterTest\",\"afterHook\",\"afterSuite\",\"afterSession\",\"after\",\"onComplete\",\"beforeAssertion\",\"afterAssertion\",\"beforeFeature\",\"beforeScenario\",\"beforeStep\",\"afterStep\",\"afterScenario\",\"afterFeature\",\"_\",\"suite\",\"$0\",\"ignoredWorkerServices\",\"wdi5\"]"}]}
RESULT: {"script":"<script> [2342 bytes]","args":[{"protocol":"http","hostname":"0.0.0.0","path":"/","capabilities":{"browserName":"chrome","goog:chromeOptions":{"binary":"C:\\Program Files\\Google\\Chrome\\Application\\chrome.exe","args":["--start-maximized"]}},"logLevel":"warn","connectionRetryTimeout":120000,"connectionRetryCount":3,"logLevels":{},"enableDirectConnect":true,"strictSSL":true,"_":"65 more keys: [\"cacheDir\",\"port\",\"requestedCapabilities\",\"automationProtocol\",\"baseUrl\",\"waitforInterval\",\"waitforTimeout\",\"onReload\",\"beforeCommand\",\"afterCommand\",\"rootDir\",\"specs\",\"suites\",\"exclude\",\"groupLogsByTestSpec\",\"excludeDriverLogs\",\"bail\",\"framework\",\"reporters\",\"services\",\"maxInstances\",\"maxInstancesPerCapability\",\"injectGlobals\",\"filesToWatch\",\"execArgv\",\"runnerEnv\",\"runner\",\"shard\",\"specFileRetries\",\"specFileRetriesDelay\",\"specFileRetriesDeferred\",\"reporterSyncInterval\",\"reporterSyncTimeout\",\"cucumberFeaturesWithLineNumbers\",\"autoCompileOpts\",\"mochaOpts\",\"jasmineOpts\",\"cucumberOpts\",\"onPrepare\",\"onWorkerStart\",\"onWorkerEnd\",\"before\",\"beforeSession\",\"beforeSuite\",\"beforeHook\",\"beforeTest\",\"afterTest\",\"afterHook\",\"afterSuite\",\"afterSession\",\"after\",\"onComplete\",\"beforeAssertion\",\"afterAssertion\",\"beforeFeature\",\"beforeScenario\",\"beforeStep\",\"afterStep\",\"afterScenario\",\"afterFeature\",\"_\",\"suite\",\"$0\",\"ignoredWorkerServices\",\"wdi5\"]"}]}
COMMAND: POST /session/bac753d7431ab8579d321a709828f6cf/execute/async - {"script":"<script> [21126 bytes]","args":[35000]}
RESULT: {"script":"<script> [21126 bytes]","args":[35000]}
COMMAND: POST /session/bac753d7431ab8579d321a709828f6cf/window/fullscreen - {}
RESULT: {}
]]></system-out>
    </testcase>
    <testcase classname="chrome.137_0_7151_56.windows.Edit_and_delete_daily_price_US134629_US134627" name="Should go to Manage Conditions Daily Price and add the 2 rows one with yard site and one with yard" time="100.192">
      <system-out><![CDATA[
COMMAND: POST /session/bac753d7431ab8579d321a709828f6cf/execute/async - {"script":"<script> [1562 bytes]","args":[{"selector":{"controlType":"sap.m.GenericTile","properties":{"header":"Manage Conditions & Prices"}},"wdio_ui5_key":"sapm.GenericTile{\"header\":\"Manage Conditions & Prices\"}"}]}
RESULT: {"script":"<script> [1562 bytes]","args":[{"selector":{"controlType":"sap.m.GenericTile","properties":{"header":"Manage Conditions & Prices"}},"wdio_ui5_key":"sapm.GenericTile{\"header\":\"Manage Conditions & Prices\"}"}]}
RESULT: undefined
COMMAND: POST /session/bac753d7431ab8579d321a709828f6cf/element - {"using":"xpath","value":"//*[@id=\"__tile93\"]"}
RESULT: {"using":"xpath","value":"//*[@id=\"__tile93\"]"}
COMMAND: POST /session/bac753d7431ab8579d321a709828f6cf/element/f.AB4A68BA45A81A2DBE2B8A5915AD560C.d.835DEBAF0D8F52DB0C120E2C1B5C4250.e.4947/click - {}
RESULT: {}
COMMAND: GET /session/bac753d7431ab8579d321a709828f6cf/screenshot - {}
RESULT: {}
COMMAND: POST /session/bac753d7431ab8579d321a709828f6cf/elements - {"using":"xpath","value":"//span[text()='Error']"}
RESULT: {"using":"xpath","value":"//span[text()='Error']"}
COMMAND: POST /session/bac753d7431ab8579d321a709828f6cf/element - {"using":"xpath","value":"//button[@aria-label=\"Create\"]"}
RESULT: {"using":"xpath","value":"//button[@aria-label=\"Create\"]"}
COMMAND: POST /session/bac753d7431ab8579d321a709828f6cf/elements - {"using":"xpath","value":"//button[@aria-label=\"Create\"]"}
RESULT: {"using":"xpath","value":"//button[@aria-label=\"Create\"]"}
COMMAND: POST /session/bac753d7431ab8579d321a709828f6cf/elements - {"using":"xpath","value":"//button[@aria-label=\"Create\"]"}
RESULT: {"using":"xpath","value":"//button[@aria-label=\"Create\"]"}
COMMAND: POST /session/bac753d7431ab8579d321a709828f6cf/elements - {"using":"xpath","value":"//button[@aria-label=\"Create\"]"}
RESULT: {"using":"xpath","value":"//button[@aria-label=\"Create\"]"}
COMMAND: POST /session/bac753d7431ab8579d321a709828f6cf/elements - {"using":"xpath","value":"//button[@aria-label=\"Create\"]"}
RESULT: {"using":"xpath","value":"//button[@aria-label=\"Create\"]"}
COMMAND: POST /session/bac753d7431ab8579d321a709828f6cf/elements - {"using":"xpath","value":"//button[@aria-label=\"Create\"]"}
RESULT: {"using":"xpath","value":"//button[@aria-label=\"Create\"]"}
COMMAND: POST /session/bac753d7431ab8579d321a709828f6cf/elements - {"using":"xpath","value":"//button[@aria-label=\"Create\"]"}
RESULT: {"using":"xpath","value":"//button[@aria-label=\"Create\"]"}
COMMAND: POST /session/bac753d7431ab8579d321a709828f6cf/elements - {"using":"xpath","value":"//button[@aria-label=\"Create\"]"}
RESULT: {"using":"xpath","value":"//button[@aria-label=\"Create\"]"}
COMMAND: POST /session/bac753d7431ab8579d321a709828f6cf/elements - {"using":"xpath","value":"//button[@aria-label=\"Create\"]"}
RESULT: {"using":"xpath","value":"//button[@aria-label=\"Create\"]"}
COMMAND: POST /session/bac753d7431ab8579d321a709828f6cf/element - {"using":"xpath","value":"//button[@aria-label=\"Create\"]"}
RESULT: {"using":"xpath","value":"//button[@aria-label=\"Create\"]"}
COMMAND: POST /session/bac753d7431ab8579d321a709828f6cf/element/f.AB4A68BA45A81A2DBE2B8A5915AD560C.d.835DEBAF0D8F52DB0C120E2C1B5C4250.e.4990/click - {}
RESULT: {}
COMMAND: GET /session/bac753d7431ab8579d321a709828f6cf/screenshot - {}
RESULT: {}
COMMAND: POST /session/bac753d7431ab8579d321a709828f6cf/actions - {"actions":[{"id":"action18","type":"key","parameters":{},"actions":[{"type":"keyDown","value":"î€•"},{"type":"pause","duration":10},{"type":"keyUp","value":"î€•"}]}]}
RESULT: {"actions":[{"id":"action18","type":"key","parameters":{},"actions":[{"type":"keyDown","value":"î€•"},{"type":"pause","duration":10},{"type":"keyUp","value":"î€•"}]}]}
COMMAND: POST /session/bac753d7431ab8579d321a709828f6cf/actions - {"actions":[{"id":"action19","type":"key","parameters":{},"actions":[{"type":"keyDown","value":"î€‡"},{"type":"pause","duration":10},{"type":"keyUp","value":"î€‡"}]}]}
COMMAND: GET /session/bac753d7431ab8579d321a709828f6cf/screenshot - {}
RESULT: {"actions":[{"id":"action19","type":"key","parameters":{},"actions":[{"type":"keyDown","value":"î€‡"},{"type":"pause","duration":10},{"type":"keyUp","value":"î€‡"}]}]}
COMMAND: POST /session/bac753d7431ab8579d321a709828f6cf/execute/async - {"script":"<script> [1562 bytes]","args":[{"selector":{"controlType":"sap.m.Title","viewName":"etm.portal.ui.manageconditionprice.view.DailyPrices","viewId":"application-manageconditionprice-display-component---dailyPrices","i18NText":{"propertyName":"text","key":"dailyPrices"}},"wdio_ui5_key":"etmportal.ui.manageconditionprice.view.DailyPricessap.m.Title{\"propertyName\":\"text\",\"key\":\"dailyPrices\"}"}]}
COMMAND: GET /session/bac753d7431ab8579d321a709828f6cf/screenshot - {}
RESULT: {}
RESULT: {"script":"<script> [1562 bytes]","args":[{"selector":{"controlType":"sap.m.Title","viewName":"etm.portal.ui.manageconditionprice.view.DailyPrices","viewId":"application-manageconditionprice-display-component---dailyPrices","i18NText":{"propertyName":"text","key":"dailyPrices"}},"wdio_ui5_key":"etmportal.ui.manageconditionprice.view.DailyPricessap.m.Title{\"propertyName\":\"text\",\"key\":\"dailyPrices\"}"}]}
RESULT: undefined
COMMAND: POST /session/bac753d7431ab8579d321a709828f6cf/execute/async - {"script":"<script> [6424 bytes]","args":[{"element-6066-11e4-a52e-4f735466cecf":"f.AB4A68BA45A81A2DBE2B8A5915AD560C.d.835DEBAF0D8F52DB0C120E2C1B5C4250.e.5371"},"getText",[]]}
RESULT: {}
RESULT: {"script":"<script> [6424 bytes]","args":[{"element-6066-11e4-a52e-4f735466cecf":"f.AB4A68BA45A81A2DBE2B8A5915AD560C.d.835DEBAF0D8F52DB0C120E2C1B5C4250.e.5371"},"getText",[]]}
COMMAND: POST /session/bac753d7431ab8579d321a709828f6cf/execute/async - {"script":"<script> [1562 bytes]","args":[{"selector":{"id":"application-manageconditionprice-display-component---dailyPrices--condBillCond","interaction":{"idSuffix":"inner"}},"wdio_ui5_key":"applicationmanageconditionprice-display-component---dailyPrices--condBillCond"}]}
RESULT: {"script":"<script> [1562 bytes]","args":[{"selector":{"id":"application-manageconditionprice-display-component---dailyPrices--condBillCond","interaction":{"idSuffix":"inner"}},"wdio_ui5_key":"applicationmanageconditionprice-display-component---dailyPrices--condBillCond"}]}
RESULT: undefined
COMMAND: POST /session/bac753d7431ab8579d321a709828f6cf/execute/async - {"script":"<script> [776 bytes]","args":[{"enterText":"Residual Value %","selector":{"id":"application-manageconditionprice-display-component---dailyPrices--condBillCond","interaction":{"idSuffix":"inner"}},"clearTextFirst":true,"interactionType":"ENTER_TEXT"}]}
RESULT: {"script":"<script> [776 bytes]","args":[{"enterText":"Residual Value %","selector":{"id":"application-manageconditionprice-display-component---dailyPrices--condBillCond","interaction":{"idSuffix":"inner"}},"clearTextFirst":true,"interactionType":"ENTER_TEXT"}]}
COMMAND: POST /session/bac753d7431ab8579d321a709828f6cf/execute/async - {"script":"<script> [1562 bytes]","args":[{"selector":{"controlType":"sap.m.StandardListItem","viewName":"etm.portal.ui.manageconditionprice.view.DailyPrices","viewId":"application-manageconditionprice-display-component---dailyPrices","properties":{"type":"Active"},"searchOpenDialogs":true,"interaction":{"idSuffix":"titleText"}},"wdio_ui5_key":"etmportal.ui.manageconditionprice.view.DailyPricessap.m.StandardListItem{\"type\":\"Active\"}"}]}
RESULT: {"script":"<script> [1562 bytes]","args":[{"selector":{"controlType":"sap.m.StandardListItem","viewName":"etm.portal.ui.manageconditionprice.view.DailyPrices","viewId":"application-manageconditionprice-display-component---dailyPrices","properties":{"type":"Active"},"searchOpenDialogs":true,"interaction":{"idSuffix":"titleText"}},"wdio_ui5_key":"etmportal.ui.manageconditionprice.view.DailyPricessap.m.StandardListItem{\"type\":\"Active\"}"}]}
RESULT: undefined
COMMAND: POST /session/bac753d7431ab8579d321a709828f6cf/element - {"using":"xpath","value":"//*[@id=\"__item42\"]"}
RESULT: {"using":"xpath","value":"//*[@id=\"__item42\"]"}
COMMAND: POST /session/bac753d7431ab8579d321a709828f6cf/element/f.AB4A68BA45A81A2DBE2B8A5915AD560C.d.835DEBAF0D8F52DB0C120E2C1B5C4250.e.5375/click - {}
RESULT: {}
COMMAND: POST /session/bac753d7431ab8579d321a709828f6cf/execute/async - {"script":"<script> [1562 bytes]","args":[{"selector":{"id":"application-manageconditionprice-display-component---dailyPrices--editBtn","interaction":{"idSuffix":"BDI-content"}},"wdio_ui5_key":"applicationmanageconditionprice-display-component---dailyPrices--editBtn"}]}
COMMAND: GET /session/bac753d7431ab8579d321a709828f6cf/screenshot - {}
RESULT: {"script":"<script> [1562 bytes]","args":[{"selector":{"id":"application-manageconditionprice-display-component---dailyPrices--editBtn","interaction":{"idSuffix":"BDI-content"}},"wdio_ui5_key":"applicationmanageconditionprice-display-component---dailyPrices--editBtn"}]}
RESULT: undefined
COMMAND: POST /session/bac753d7431ab8579d321a709828f6cf/element - {"using":"xpath","value":"//*[@id=\"application-manageconditionprice-display-component---dailyPrices--editBtn\"]"}
RESULT: {}
RESULT: {"using":"xpath","value":"//*[@id=\"application-manageconditionprice-display-component---dailyPrices--editBtn\"]"}
COMMAND: POST /session/bac753d7431ab8579d321a709828f6cf/element/f.AB4A68BA45A81A2DBE2B8A5915AD560C.d.835DEBAF0D8F52DB0C120E2C1B5C4250.e.5373/click - {}
RESULT: {}
COMMAND: POST /session/bac753d7431ab8579d321a709828f6cf/execute/async - {"script":"<script> [1562 bytes]","args":[{"selector":{"controlType":"sap.m.Button","viewName":"etm.portal.ui.manageconditionprice.view.DailyPrices","viewId":"application-manageconditionprice-display-component---dailyPrices","i18NText":{"propertyName":"text","key":"add"},"interaction":{"idSuffix":"BDI-content"}},"wdio_ui5_key":"etmportal.ui.manageconditionprice.view.DailyPricessap.m.Button{\"propertyName\":\"text\",\"key\":\"add\"}"}]}
COMMAND: GET /session/bac753d7431ab8579d321a709828f6cf/screenshot - {}
RESULT: {"script":"<script> [1562 bytes]","args":[{"selector":{"controlType":"sap.m.Button","viewName":"etm.portal.ui.manageconditionprice.view.DailyPrices","viewId":"application-manageconditionprice-display-component---dailyPrices","i18NText":{"propertyName":"text","key":"add"},"interaction":{"idSuffix":"BDI-content"}},"wdio_ui5_key":"etmportal.ui.manageconditionprice.view.DailyPricessap.m.Button{\"propertyName\":\"text\",\"key\":\"add\"}"}]}
RESULT: undefined
COMMAND: POST /session/bac753d7431ab8579d321a709828f6cf/element - {"using":"xpath","value":"//*[@id=\"__button6\"]"}
RESULT: {}
RESULT: {"using":"xpath","value":"//*[@id=\"__button6\"]"}
COMMAND: POST /session/bac753d7431ab8579d321a709828f6cf/element/f.AB4A68BA45A81A2DBE2B8A5915AD560C.d.835DEBAF0D8F52DB0C120E2C1B5C4250.e.5383/click - {}
RESULT: {}
COMMAND: POST /session/bac753d7431ab8579d321a709828f6cf/elements - {"using":"css selector","value":"table tr"}
COMMAND: GET /session/bac753d7431ab8579d321a709828f6cf/screenshot - {}
RESULT: {"using":"css selector","value":"table tr"}
COMMAND: POST /session/bac753d7431ab8579d321a709828f6cf/element/f.AB4A68BA45A81A2DBE2B8A5915AD560C.d.835DEBAF0D8F52DB0C120E2C1B5C4250.e.5581/elements - {"using":"css selector","value":"input"}
RESULT: {}
RESULT: {"using":"css selector","value":"input"}
COMMAND: POST /session/bac753d7431ab8579d321a709828f6cf/element/f.AB4A68BA45A81A2DBE2B8A5915AD560C.d.835DEBAF0D8F52DB0C120E2C1B5C4250.e.5584/clear - {}
COMMAND: POST /session/bac753d7431ab8579d321a709828f6cf/element/f.AB4A68BA45A81A2DBE2B8A5915AD560C.d.835DEBAF0D8F52DB0C120E2C1B5C4250.e.5582/clear - {}
COMMAND: POST /session/bac753d7431ab8579d321a709828f6cf/element/f.AB4A68BA45A81A2DBE2B8A5915AD560C.d.835DEBAF0D8F52DB0C120E2C1B5C4250.e.5585/clear - {}
COMMAND: POST /session/bac753d7431ab8579d321a709828f6cf/element/f.AB4A68BA45A81A2DBE2B8A5915AD560C.d.835DEBAF0D8F52DB0C120E2C1B5C4250.e.5583/clear - {}
COMMAND: POST /session/bac753d7431ab8579d321a709828f6cf/element/f.AB4A68BA45A81A2DBE2B8A5915AD560C.d.835DEBAF0D8F52DB0C120E2C1B5C4250.e.5581/elements - {"using":"css selector","value":"td"}
RESULT: {}
COMMAND: POST /session/bac753d7431ab8579d321a709828f6cf/element/f.AB4A68BA45A81A2DBE2B8A5915AD560C.d.835DEBAF0D8F52DB0C120E2C1B5C4250.e.5583/value - {"text":"11/04/25"}
COMMAND: GET /session/bac753d7431ab8579d321a709828f6cf/screenshot - {}
RESULT: {"using":"css selector","value":"td"}
COMMAND: POST /session/bac753d7431ab8579d321a709828f6cf/element - {"using":"xpath","value":".//li[contains(., \"2371\") and not(.//li)]"}
COMMAND: POST /session/bac753d7431ab8579d321a709828f6cf/element/f.AB4A68BA45A81A2DBE2B8A5915AD560C.d.835DEBAF0D8F52DB0C120E2C1B5C4250.e.5603/element - {"using":"css selector","value":"input"}
COMMAND: POST /session/bac753d7431ab8579d321a709828f6cf/element/f.AB4A68BA45A81A2DBE2B8A5915AD560C.d.835DEBAF0D8F52DB0C120E2C1B5C4250.e.5603/element - {"using":"css selector","value":"input"}
RESULT: {}
COMMAND: POST /session/bac753d7431ab8579d321a709828f6cf/element/f.AB4A68BA45A81A2DBE2B8A5915AD560C.d.835DEBAF0D8F52DB0C120E2C1B5C4250.e.5585/value - {"text":"Euro"}
COMMAND: GET /session/bac753d7431ab8579d321a709828f6cf/screenshot - {}
RESULT: {}
COMMAND: POST /session/bac753d7431ab8579d321a709828f6cf/element/f.AB4A68BA45A81A2DBE2B8A5915AD560C.d.835DEBAF0D8F52DB0C120E2C1B5C4250.e.5582/value - {"text":"06/04/25"}
COMMAND: GET /session/bac753d7431ab8579d321a709828f6cf/screenshot - {}
RESULT: {}
COMMAND: POST /session/bac753d7431ab8579d321a709828f6cf/element/f.AB4A68BA45A81A2DBE2B8A5915AD560C.d.835DEBAF0D8F52DB0C120E2C1B5C4250.e.5584/value - {"text":"705.60"}
COMMAND: GET /session/bac753d7431ab8579d321a709828f6cf/screenshot - {}
RESULT: {"text":"11/04/25"}
COMMAND: GET /session/bac753d7431ab8579d321a709828f6cf/screenshot - {}
RESULT: {}
RESULT: {"using":"css selector","value":"input"}
COMMAND: POST /session/bac753d7431ab8579d321a709828f6cf/element/f.AB4A68BA45A81A2DBE2B8A5915AD560C.d.835DEBAF0D8F52DB0C120E2C1B5C4250.e.5586/click - {}
RESULT: {"using":"css selector","value":"input"}
COMMAND: POST /session/bac753d7431ab8579d321a709828f6cf/element/f.AB4A68BA45A81A2DBE2B8A5915AD560C.d.835DEBAF0D8F52DB0C120E2C1B5C4250.e.5586/clear - {}
RESULT: {"using":"xpath","value":".//li[contains(., \"2371\") and not(.//li)]"}
RESULT: {"text":"Euro"}
COMMAND: GET /session/bac753d7431ab8579d321a709828f6cf/screenshot - {}
RESULT: {}
RESULT: {"text":"06/04/25"}
RESULT: {}
RESULT: {"text":"705.60"}
RESULT: {}
RESULT: {}
RESULT: {}
RESULT: {}
COMMAND: POST /session/bac753d7431ab8579d321a709828f6cf/element/f.AB4A68BA45A81A2DBE2B8A5915AD560C.d.835DEBAF0D8F52DB0C120E2C1B5C4250.e.5586/value - {"text":"2371"}
RESULT: {}
COMMAND: POST /session/bac753d7431ab8579d321a709828f6cf/elements - {"using":"xpath","value":".//li[contains(., \"2371\") and not(.//li)]"}
COMMAND: GET /session/bac753d7431ab8579d321a709828f6cf/screenshot - {}
COMMAND: GET /session/bac753d7431ab8579d321a709828f6cf/screenshot - {}
COMMAND: GET /session/bac753d7431ab8579d321a709828f6cf/screenshot - {}
COMMAND: GET /session/bac753d7431ab8579d321a709828f6cf/screenshot - {}
RESULT: {"text":"2371"}
RESULT: {"using":"xpath","value":".//li[contains(., \"2371\") and not(.//li)]"}
COMMAND: GET /session/bac753d7431ab8579d321a709828f6cf/screenshot - {}
COMMAND: POST /session/bac753d7431ab8579d321a709828f6cf/elements - {"using":"xpath","value":".//li[contains(., \"2371\") and not(.//li)]"}
RESULT: {}
RESULT: {}
RESULT: {}
RESULT: {}
RESULT: {}
RESULT: {"using":"xpath","value":".//li[contains(., \"2371\") and not(.//li)]"}
COMMAND: POST /session/bac753d7431ab8579d321a709828f6cf/element - {"using":"xpath","value":".//li[contains(., \"2371\") and not(.//li)]"}
RESULT: {"using":"xpath","value":".//li[contains(., \"2371\") and not(.//li)]"}
COMMAND: POST /session/bac753d7431ab8579d321a709828f6cf/element/f.AB4A68BA45A81A2DBE2B8A5915AD560C.d.835DEBAF0D8F52DB0C120E2C1B5C4250.e.5609/click - {}
RESULT: {}
COMMAND: POST /session/bac753d7431ab8579d321a709828f6cf/element/f.AB4A68BA45A81A2DBE2B8A5915AD560C.d.835DEBAF0D8F52DB0C120E2C1B5C4250.e.5604/element - {"using":"css selector","value":"input"}
COMMAND: GET /session/bac753d7431ab8579d321a709828f6cf/screenshot - {}
RESULT: {"using":"css selector","value":"input"}
COMMAND: POST /session/bac753d7431ab8579d321a709828f6cf/element/f.AB4A68BA45A81A2DBE2B8A5915AD560C.d.835DEBAF0D8F52DB0C120E2C1B5C4250.e.5587/click - {}
RESULT: {}
RESULT: {}
COMMAND: GET /session/bac753d7431ab8579d321a709828f6cf/screenshot - {}
RESULT: {}
COMMAND: POST /session/bac753d7431ab8579d321a709828f6cf/element/f.AB4A68BA45A81A2DBE2B8A5915AD560C.d.835DEBAF0D8F52DB0C120E2C1B5C4250.e.5604/element - {"using":"css selector","value":"input"}
RESULT: {"using":"css selector","value":"input"}
COMMAND: POST /session/bac753d7431ab8579d321a709828f6cf/element/f.AB4A68BA45A81A2DBE2B8A5915AD560C.d.835DEBAF0D8F52DB0C120E2C1B5C4250.e.5587/clear - {}
RESULT: {}
COMMAND: POST /session/bac753d7431ab8579d321a709828f6cf/element/f.AB4A68BA45A81A2DBE2B8A5915AD560C.d.835DEBAF0D8F52DB0C120E2C1B5C4250.e.5587/value - {"text":"661"}
COMMAND: GET /session/bac753d7431ab8579d321a709828f6cf/screenshot - {}
RESULT: {"text":"661"}
COMMAND: GET /session/bac753d7431ab8579d321a709828f6cf/screenshot - {}
RESULT: {}
RESULT: {}
COMMAND: POST /session/bac753d7431ab8579d321a709828f6cf/element - {"using":"xpath","value":".//li[contains(., \"661\") and not(.//li)]"}
RESULT: {"using":"xpath","value":".//li[contains(., \"661\") and not(.//li)]"}
COMMAND: POST /session/bac753d7431ab8579d321a709828f6cf/element/f.AB4A68BA45A81A2DBE2B8A5915AD560C.d.835DEBAF0D8F52DB0C120E2C1B5C4250.e.5610/click - {}
RESULT: {}
RESULT: undefined
COMMAND: POST /session/bac753d7431ab8579d321a709828f6cf/element - {"using":"xpath","value":"//*[@id=\"__button6\"]"}
COMMAND: GET /session/bac753d7431ab8579d321a709828f6cf/screenshot - {}
RESULT: {"using":"xpath","value":"//*[@id=\"__button6\"]"}
COMMAND: POST /session/bac753d7431ab8579d321a709828f6cf/element/f.AB4A68BA45A81A2DBE2B8A5915AD560C.d.835DEBAF0D8F52DB0C120E2C1B5C4250.e.5383/click - {}
RESULT: {}
RESULT: {}
COMMAND: POST /session/bac753d7431ab8579d321a709828f6cf/elements - {"using":"css selector","value":"table tr"}
COMMAND: GET /session/bac753d7431ab8579d321a709828f6cf/screenshot - {}
RESULT: {"using":"css selector","value":"table tr"}
COMMAND: POST /session/bac753d7431ab8579d321a709828f6cf/element/f.AB4A68BA45A81A2DBE2B8A5915AD560C.d.835DEBAF0D8F52DB0C120E2C1B5C4250.e.5612/elements - {"using":"css selector","value":"input"}
RESULT: {}
RESULT: {"using":"css selector","value":"input"}
COMMAND: POST /session/bac753d7431ab8579d321a709828f6cf/element/f.AB4A68BA45A81A2DBE2B8A5915AD560C.d.835DEBAF0D8F52DB0C120E2C1B5C4250.e.5615/clear - {}
COMMAND: POST /session/bac753d7431ab8579d321a709828f6cf/element/f.AB4A68BA45A81A2DBE2B8A5915AD560C.d.835DEBAF0D8F52DB0C120E2C1B5C4250.e.5613/clear - {}
COMMAND: POST /session/bac753d7431ab8579d321a709828f6cf/element/f.AB4A68BA45A81A2DBE2B8A5915AD560C.d.835DEBAF0D8F52DB0C120E2C1B5C4250.e.5616/clear - {}
COMMAND: POST /session/bac753d7431ab8579d321a709828f6cf/element/f.AB4A68BA45A81A2DBE2B8A5915AD560C.d.835DEBAF0D8F52DB0C120E2C1B5C4250.e.5614/clear - {}
RESULT: {}
COMMAND: POST /session/bac753d7431ab8579d321a709828f6cf/element/f.AB4A68BA45A81A2DBE2B8A5915AD560C.d.835DEBAF0D8F52DB0C120E2C1B5C4250.e.5615/value - {"text":"99.5"}
COMMAND: GET /session/bac753d7431ab8579d321a709828f6cf/screenshot - {}
RESULT: {}
COMMAND: POST /session/bac753d7431ab8579d321a709828f6cf/element/f.AB4A68BA45A81A2DBE2B8A5915AD560C.d.835DEBAF0D8F52DB0C120E2C1B5C4250.e.5616/value - {"text":"US Dollar"}
COMMAND: GET /session/bac753d7431ab8579d321a709828f6cf/screenshot - {}
RESULT: {}
COMMAND: POST /session/bac753d7431ab8579d321a709828f6cf/element/f.AB4A68BA45A81A2DBE2B8A5915AD560C.d.835DEBAF0D8F52DB0C120E2C1B5C4250.e.5613/value - {"text":"06/04/25"}
COMMAND: GET /session/bac753d7431ab8579d321a709828f6cf/screenshot - {}
RESULT: {}
COMMAND: POST /session/bac753d7431ab8579d321a709828f6cf/element/f.AB4A68BA45A81A2DBE2B8A5915AD560C.d.835DEBAF0D8F52DB0C120E2C1B5C4250.e.5614/value - {"text":"11/04/25"}
COMMAND: GET /session/bac753d7431ab8579d321a709828f6cf/screenshot - {}
RESULT: {"text":"99.5"}
COMMAND: GET /session/bac753d7431ab8579d321a709828f6cf/screenshot - {}
RESULT: {}
COMMAND: POST /session/bac753d7431ab8579d321a709828f6cf/element/f.AB4A68BA45A81A2DBE2B8A5915AD560C.d.835DEBAF0D8F52DB0C120E2C1B5C4250.e.5612/elements - {"using":"css selector","value":"td"}
RESULT: {"text":"US Dollar"}
COMMAND: GET /session/bac753d7431ab8579d321a709828f6cf/screenshot - {}
RESULT: {}
RESULT: {"text":"06/04/25"}
COMMAND: GET /session/bac753d7431ab8579d321a709828f6cf/screenshot - {}
RESULT: {}
RESULT: {"text":"11/04/25"}
COMMAND: GET /session/bac753d7431ab8579d321a709828f6cf/screenshot - {}
RESULT: {}
RESULT: {}
RESULT: {"using":"css selector","value":"td"}
COMMAND: POST /session/bac753d7431ab8579d321a709828f6cf/element/f.AB4A68BA45A81A2DBE2B8A5915AD560C.d.835DEBAF0D8F52DB0C120E2C1B5C4250.e.5634/element - {"using":"css selector","value":"input"}
RESULT: {}
RESULT: {}
RESULT: {}
RESULT: {"using":"css selector","value":"input"}
COMMAND: POST /session/bac753d7431ab8579d321a709828f6cf/element/f.AB4A68BA45A81A2DBE2B8A5915AD560C.d.835DEBAF0D8F52DB0C120E2C1B5C4250.e.5617/click - {}
RESULT: {}
COMMAND: GET /session/bac753d7431ab8579d321a709828f6cf/screenshot - {}
RESULT: {}
COMMAND: POST /session/bac753d7431ab8579d321a709828f6cf/element/f.AB4A68BA45A81A2DBE2B8A5915AD560C.d.835DEBAF0D8F52DB0C120E2C1B5C4250.e.5634/element - {"using":"css selector","value":"input"}
RESULT: {"using":"css selector","value":"input"}
COMMAND: POST /session/bac753d7431ab8579d321a709828f6cf/element/f.AB4A68BA45A81A2DBE2B8A5915AD560C.d.835DEBAF0D8F52DB0C120E2C1B5C4250.e.5617/clear - {}
RESULT: {}
COMMAND: POST /session/bac753d7431ab8579d321a709828f6cf/element/f.AB4A68BA45A81A2DBE2B8A5915AD560C.d.835DEBAF0D8F52DB0C120E2C1B5C4250.e.5617/value - {"text":"2371"}
COMMAND: GET /session/bac753d7431ab8579d321a709828f6cf/screenshot - {}
RESULT: {}
RESULT: {"text":"2371"}
COMMAND: GET /session/bac753d7431ab8579d321a709828f6cf/screenshot - {}
RESULT: {}
COMMAND: POST /session/bac753d7431ab8579d321a709828f6cf/element - {"using":"xpath","value":"(//li[div//span[contains(text(), '2371')]])[2]"}
RESULT: {"using":"xpath","value":"(//li[div//span[contains(text(), '2371')]])[2]"}
COMMAND: POST /session/bac753d7431ab8579d321a709828f6cf/element/f.AB4A68BA45A81A2DBE2B8A5915AD560C.d.835DEBAF0D8F52DB0C120E2C1B5C4250.e.5640/click - {}
RESULT: {}
COMMAND: POST /session/bac753d7431ab8579d321a709828f6cf/execute/async - {"script":"<script> [1562 bytes]","args":[{"selector":{"controlType":"sap.m.Button","viewName":"etm.portal.ui.manageconditionprice.view.DailyPrices","viewId":"application-manageconditionprice-display-component---dailyPrices","i18NText":{"propertyName":"tooltip","key":"save"},"interaction":{"idSuffix":"BDI-content"}},"wdio_ui5_key":"etmportal.ui.manageconditionprice.view.DailyPricessap.m.Button{\"propertyName\":\"tooltip\",\"key\":\"save\"}"}]}
COMMAND: GET /session/bac753d7431ab8579d321a709828f6cf/screenshot - {}
RESULT: {"script":"<script> [1562 bytes]","args":[{"selector":{"controlType":"sap.m.Button","viewName":"etm.portal.ui.manageconditionprice.view.DailyPrices","viewId":"application-manageconditionprice-display-component---dailyPrices","i18NText":{"propertyName":"tooltip","key":"save"},"interaction":{"idSuffix":"BDI-content"}},"wdio_ui5_key":"etmportal.ui.manageconditionprice.view.DailyPricessap.m.Button{\"propertyName\":\"tooltip\",\"key\":\"save\"}"}]}
RESULT: undefined
COMMAND: POST /session/bac753d7431ab8579d321a709828f6cf/element - {"using":"xpath","value":"//*[@id=\"__button8\"]"}
RESULT: {}
RESULT: {"using":"xpath","value":"//*[@id=\"__button8\"]"}
COMMAND: POST /session/bac753d7431ab8579d321a709828f6cf/element/f.AB4A68BA45A81A2DBE2B8A5915AD560C.d.835DEBAF0D8F52DB0C120E2C1B5C4250.e.5377/click - {}
RESULT: {}
COMMAND: GET /session/bac753d7431ab8579d321a709828f6cf/screenshot - {}
RESULT: {}
]]></system-out>
    </testcase>
    <testcase classname="chrome.137_0_7151_56.windows.Edit_and_delete_daily_price_US134629_US134627" name="Should check whether the 2 rows have been added then edit one of the rows s currency and value and save and check the edited values" time="12.705">
      <system-out><![CDATA[
COMMAND: POST /session/bac753d7431ab8579d321a709828f6cf/elements - {"using":"css selector","value":"table tr"}
RESULT: {"using":"css selector","value":"table tr"}
COMMAND: POST /session/bac753d7431ab8579d321a709828f6cf/element/f.AB4A68BA45A81A2DBE2B8A5915AD560C.d.835DEBAF0D8F52DB0C120E2C1B5C4250.e.5612/elements - {"using":"css selector","value":"td"}
RESULT: {"using":"css selector","value":"td"}
COMMAND: POST /session/bac753d7431ab8579d321a709828f6cf/element/f.AB4A68BA45A81A2DBE2B8A5915AD560C.d.835DEBAF0D8F52DB0C120E2C1B5C4250.e.5581/elements - {"using":"css selector","value":"td"}
RESULT: {"using":"css selector","value":"td"}
COMMAND: POST /session/bac753d7431ab8579d321a709828f6cf/element/f.AB4A68BA45A81A2DBE2B8A5915AD560C.d.835DEBAF0D8F52DB0C120E2C1B5C4250.e.5643/element - {"using":"css selector","value":".sapMObjectNumberText"}
RESULT: {"using":"css selector","value":".sapMObjectNumberText"}
COMMAND: GET /session/bac753d7431ab8579d321a709828f6cf/element/f.AB4A68BA45A81A2DBE2B8A5915AD560C.d.835DEBAF0D8F52DB0C120E2C1B5C4250.e.5645/text - {}
RESULT: {}
COMMAND: POST /session/bac753d7431ab8579d321a709828f6cf/element/f.AB4A68BA45A81A2DBE2B8A5915AD560C.d.835DEBAF0D8F52DB0C120E2C1B5C4250.e.5644/element - {"using":"css selector","value":".sapMObjectNumberText"}
RESULT: {"using":"css selector","value":".sapMObjectNumberText"}
COMMAND: GET /session/bac753d7431ab8579d321a709828f6cf/element/f.AB4A68BA45A81A2DBE2B8A5915AD560C.d.835DEBAF0D8F52DB0C120E2C1B5C4250.e.5646/text - {}
RESULT: {}
RESULT: undefined
COMMAND: POST /session/bac753d7431ab8579d321a709828f6cf/element - {"using":"xpath","value":"//*[@id=\"application-manageconditionprice-display-component---dailyPrices--editBtn\"]"}
RESULT: {"using":"xpath","value":"//*[@id=\"application-manageconditionprice-display-component---dailyPrices--editBtn\"]"}
COMMAND: POST /session/bac753d7431ab8579d321a709828f6cf/element/f.AB4A68BA45A81A2DBE2B8A5915AD560C.d.835DEBAF0D8F52DB0C120E2C1B5C4250.e.5642/click - {}
RESULT: {}
COMMAND: POST /session/bac753d7431ab8579d321a709828f6cf/elements - {"using":"css selector","value":"table tr"}
COMMAND: GET /session/bac753d7431ab8579d321a709828f6cf/screenshot - {}
RESULT: {"using":"css selector","value":"table tr"}
COMMAND: POST /session/bac753d7431ab8579d321a709828f6cf/element/f.AB4A68BA45A81A2DBE2B8A5915AD560C.d.835DEBAF0D8F52DB0C120E2C1B5C4250.e.5612/elements - {"using":"css selector","value":"input"}
RESULT: {}
RESULT: {"using":"css selector","value":"input"}
COMMAND: POST /session/bac753d7431ab8579d321a709828f6cf/element/f.AB4A68BA45A81A2DBE2B8A5915AD560C.d.835DEBAF0D8F52DB0C120E2C1B5C4250.e.5661/clear - {}
COMMAND: POST /session/bac753d7431ab8579d321a709828f6cf/element/f.AB4A68BA45A81A2DBE2B8A5915AD560C.d.835DEBAF0D8F52DB0C120E2C1B5C4250.e.5662/clear - {}
RESULT: {}
COMMAND: POST /session/bac753d7431ab8579d321a709828f6cf/element/f.AB4A68BA45A81A2DBE2B8A5915AD560C.d.835DEBAF0D8F52DB0C120E2C1B5C4250.e.5662/value - {"text":"US Dollar"}
COMMAND: GET /session/bac753d7431ab8579d321a709828f6cf/screenshot - {}
RESULT: {}
COMMAND: POST /session/bac753d7431ab8579d321a709828f6cf/element/f.AB4A68BA45A81A2DBE2B8A5915AD560C.d.835DEBAF0D8F52DB0C120E2C1B5C4250.e.5661/value - {"text":"566.1"}
COMMAND: GET /session/bac753d7431ab8579d321a709828f6cf/screenshot - {}
RESULT: {"text":"US Dollar"}
COMMAND: GET /session/bac753d7431ab8579d321a709828f6cf/screenshot - {}
RESULT: {}
RESULT: {"text":"566.1"}
COMMAND: GET /session/bac753d7431ab8579d321a709828f6cf/screenshot - {}
RESULT: undefined
COMMAND: POST /session/bac753d7431ab8579d321a709828f6cf/element - {"using":"xpath","value":"//*[@id=\"__button8\"]"}
RESULT: {}
RESULT: {}
RESULT: {}
RESULT: {"using":"xpath","value":"//*[@id=\"__button8\"]"}
COMMAND: POST /session/bac753d7431ab8579d321a709828f6cf/element/f.AB4A68BA45A81A2DBE2B8A5915AD560C.d.835DEBAF0D8F52DB0C120E2C1B5C4250.e.5647/click - {}
RESULT: {}
COMMAND: GET /session/bac753d7431ab8579d321a709828f6cf/screenshot - {}
RESULT: {}
COMMAND: POST /session/bac753d7431ab8579d321a709828f6cf/elements - {"using":"css selector","value":"table tr"}
RESULT: {"using":"css selector","value":"table tr"}
COMMAND: POST /session/bac753d7431ab8579d321a709828f6cf/element/f.AB4A68BA45A81A2DBE2B8A5915AD560C.d.835DEBAF0D8F52DB0C120E2C1B5C4250.e.5612/elements - {"using":"css selector","value":"td"}
RESULT: {"using":"css selector","value":"td"}
COMMAND: POST /session/bac753d7431ab8579d321a709828f6cf/element/f.AB4A68BA45A81A2DBE2B8A5915AD560C.d.835DEBAF0D8F52DB0C120E2C1B5C4250.e.5666/element - {"using":"css selector","value":".sapMObjectNumberText"}
RESULT: {"using":"css selector","value":".sapMObjectNumberText"}
COMMAND: GET /session/bac753d7431ab8579d321a709828f6cf/element/f.AB4A68BA45A81A2DBE2B8A5915AD560C.d.835DEBAF0D8F52DB0C120E2C1B5C4250.e.5668/text - {}
RESULT: {}
]]></system-out>
    </testcase>
    <testcase classname="chrome.137_0_7151_56.windows.Edit_and_delete_daily_price_US134629_US134627" name="Should go into edit and delete all the rows that match the yard we have created for this scenario check if all rows deleted" time="32.88">
      <system-out><![CDATA[
RESULT: undefined
COMMAND: POST /session/bac753d7431ab8579d321a709828f6cf/element - {"using":"xpath","value":"//*[@id=\"application-manageconditionprice-display-component---dailyPrices--editBtn\"]"}
RESULT: {"using":"xpath","value":"//*[@id=\"application-manageconditionprice-display-component---dailyPrices--editBtn\"]"}
COMMAND: POST /session/bac753d7431ab8579d321a709828f6cf/element/f.AB4A68BA45A81A2DBE2B8A5915AD560C.d.835DEBAF0D8F52DB0C120E2C1B5C4250.e.5665/click - {}
RESULT: {}
COMMAND: GET /session/bac753d7431ab8579d321a709828f6cf/screenshot - {}
RESULT: {}
COMMAND: POST /session/bac753d7431ab8579d321a709828f6cf/elements - {"using":"css selector","value":"table tr"}
RESULT: {"using":"css selector","value":"table tr"}
COMMAND: POST /session/bac753d7431ab8579d321a709828f6cf/element/f.AB4A68BA45A81A2DBE2B8A5915AD560C.d.835DEBAF0D8F52DB0C120E2C1B5C4250.e.5385/elements - {"using":"css selector","value":"td"}
RESULT: {"using":"css selector","value":"td"}
COMMAND: POST /session/bac753d7431ab8579d321a709828f6cf/element/f.AB4A68BA45A81A2DBE2B8A5915AD560C.d.835DEBAF0D8F52DB0C120E2C1B5C4250.e.5386/elements - {"using":"css selector","value":"td"}
RESULT: {"using":"css selector","value":"td"}
COMMAND: POST /session/bac753d7431ab8579d321a709828f6cf/element/f.AB4A68BA45A81A2DBE2B8A5915AD560C.d.835DEBAF0D8F52DB0C120E2C1B5C4250.e.5387/elements - {"using":"css selector","value":"td"}
RESULT: {"using":"css selector","value":"td"}
COMMAND: POST /session/bac753d7431ab8579d321a709828f6cf/element/f.AB4A68BA45A81A2DBE2B8A5915AD560C.d.835DEBAF0D8F52DB0C120E2C1B5C4250.e.5290/elements - {"using":"css selector","value":"td"}
RESULT: {"using":"css selector","value":"td"}
COMMAND: POST /session/bac753d7431ab8579d321a709828f6cf/element/f.AB4A68BA45A81A2DBE2B8A5915AD560C.d.835DEBAF0D8F52DB0C120E2C1B5C4250.e.5291/elements - {"using":"css selector","value":"td"}
RESULT: {"using":"css selector","value":"td"}
COMMAND: POST /session/bac753d7431ab8579d321a709828f6cf/element/f.AB4A68BA45A81A2DBE2B8A5915AD560C.d.835DEBAF0D8F52DB0C120E2C1B5C4250.e.5299/elements - {"using":"css selector","value":"td"}
RESULT: {"using":"css selector","value":"td"}
COMMAND: POST /session/bac753d7431ab8579d321a709828f6cf/element/f.AB4A68BA45A81A2DBE2B8A5915AD560C.d.835DEBAF0D8F52DB0C120E2C1B5C4250.e.5300/elements - {"using":"css selector","value":"td"}
RESULT: {"using":"css selector","value":"td"}
COMMAND: POST /session/bac753d7431ab8579d321a709828f6cf/element/f.AB4A68BA45A81A2DBE2B8A5915AD560C.d.835DEBAF0D8F52DB0C120E2C1B5C4250.e.5308/elements - {"using":"css selector","value":"td"}
RESULT: {"using":"css selector","value":"td"}
COMMAND: POST /session/bac753d7431ab8579d321a709828f6cf/element/f.AB4A68BA45A81A2DBE2B8A5915AD560C.d.835DEBAF0D8F52DB0C120E2C1B5C4250.e.5309/elements - {"using":"css selector","value":"td"}
RESULT: {"using":"css selector","value":"td"}
COMMAND: POST /session/bac753d7431ab8579d321a709828f6cf/element/f.AB4A68BA45A81A2DBE2B8A5915AD560C.d.835DEBAF0D8F52DB0C120E2C1B5C4250.e.5313/elements - {"using":"css selector","value":"td"}
RESULT: {"using":"css selector","value":"td"}
COMMAND: POST /session/bac753d7431ab8579d321a709828f6cf/element/f.AB4A68BA45A81A2DBE2B8A5915AD560C.d.835DEBAF0D8F52DB0C120E2C1B5C4250.e.5388/elements - {"using":"css selector","value":"td"}
RESULT: {"using":"css selector","value":"td"}
COMMAND: POST /session/bac753d7431ab8579d321a709828f6cf/element/f.AB4A68BA45A81A2DBE2B8A5915AD560C.d.835DEBAF0D8F52DB0C120E2C1B5C4250.e.5389/elements - {"using":"css selector","value":"td"}
RESULT: {"using":"css selector","value":"td"}
COMMAND: POST /session/bac753d7431ab8579d321a709828f6cf/element/f.AB4A68BA45A81A2DBE2B8A5915AD560C.d.835DEBAF0D8F52DB0C120E2C1B5C4250.e.5390/elements - {"using":"css selector","value":"td"}
RESULT: {"using":"css selector","value":"td"}
COMMAND: POST /session/bac753d7431ab8579d321a709828f6cf/element/f.AB4A68BA45A81A2DBE2B8A5915AD560C.d.835DEBAF0D8F52DB0C120E2C1B5C4250.e.5391/elements - {"using":"css selector","value":"td"}
RESULT: {"using":"css selector","value":"td"}
COMMAND: POST /session/bac753d7431ab8579d321a709828f6cf/element/f.AB4A68BA45A81A2DBE2B8A5915AD560C.d.835DEBAF0D8F52DB0C120E2C1B5C4250.e.5392/elements - {"using":"css selector","value":"td"}
RESULT: {"using":"css selector","value":"td"}
COMMAND: POST /session/bac753d7431ab8579d321a709828f6cf/element/f.AB4A68BA45A81A2DBE2B8A5915AD560C.d.835DEBAF0D8F52DB0C120E2C1B5C4250.e.5393/elements - {"using":"css selector","value":"td"}
RESULT: {"using":"css selector","value":"td"}
COMMAND: POST /session/bac753d7431ab8579d321a709828f6cf/element/f.AB4A68BA45A81A2DBE2B8A5915AD560C.d.835DEBAF0D8F52DB0C120E2C1B5C4250.e.5394/elements - {"using":"css selector","value":"td"}
RESULT: {"using":"css selector","value":"td"}
COMMAND: POST /session/bac753d7431ab8579d321a709828f6cf/element/f.AB4A68BA45A81A2DBE2B8A5915AD560C.d.835DEBAF0D8F52DB0C120E2C1B5C4250.e.5395/elements - {"using":"css selector","value":"td"}
RESULT: {"using":"css selector","value":"td"}
COMMAND: POST /session/bac753d7431ab8579d321a709828f6cf/element/f.AB4A68BA45A81A2DBE2B8A5915AD560C.d.835DEBAF0D8F52DB0C120E2C1B5C4250.e.5396/elements - {"using":"css selector","value":"td"}
RESULT: {"using":"css selector","value":"td"}
COMMAND: POST /session/bac753d7431ab8579d321a709828f6cf/element/f.AB4A68BA45A81A2DBE2B8A5915AD560C.d.835DEBAF0D8F52DB0C120E2C1B5C4250.e.5397/elements - {"using":"css selector","value":"td"}
RESULT: {"using":"css selector","value":"td"}
COMMAND: POST /session/bac753d7431ab8579d321a709828f6cf/element/f.AB4A68BA45A81A2DBE2B8A5915AD560C.d.835DEBAF0D8F52DB0C120E2C1B5C4250.e.5398/elements - {"using":"css selector","value":"td"}
RESULT: {"using":"css selector","value":"td"}
COMMAND: POST /session/bac753d7431ab8579d321a709828f6cf/element/f.AB4A68BA45A81A2DBE2B8A5915AD560C.d.835DEBAF0D8F52DB0C120E2C1B5C4250.e.5399/elements - {"using":"css selector","value":"td"}
RESULT: {"using":"css selector","value":"td"}
COMMAND: POST /session/bac753d7431ab8579d321a709828f6cf/element/f.AB4A68BA45A81A2DBE2B8A5915AD560C.d.835DEBAF0D8F52DB0C120E2C1B5C4250.e.5400/elements - {"using":"css selector","value":"td"}
RESULT: {"using":"css selector","value":"td"}
COMMAND: POST /session/bac753d7431ab8579d321a709828f6cf/element/f.AB4A68BA45A81A2DBE2B8A5915AD560C.d.835DEBAF0D8F52DB0C120E2C1B5C4250.e.5401/elements - {"using":"css selector","value":"td"}
RESULT: {"using":"css selector","value":"td"}
COMMAND: POST /session/bac753d7431ab8579d321a709828f6cf/element/f.AB4A68BA45A81A2DBE2B8A5915AD560C.d.835DEBAF0D8F52DB0C120E2C1B5C4250.e.5402/elements - {"using":"css selector","value":"td"}
RESULT: {"using":"css selector","value":"td"}
COMMAND: POST /session/bac753d7431ab8579d321a709828f6cf/element/f.AB4A68BA45A81A2DBE2B8A5915AD560C.d.835DEBAF0D8F52DB0C120E2C1B5C4250.e.5403/elements - {"using":"css selector","value":"td"}
RESULT: {"using":"css selector","value":"td"}
COMMAND: POST /session/bac753d7431ab8579d321a709828f6cf/element/f.AB4A68BA45A81A2DBE2B8A5915AD560C.d.835DEBAF0D8F52DB0C120E2C1B5C4250.e.5404/elements - {"using":"css selector","value":"td"}
RESULT: {"using":"css selector","value":"td"}
COMMAND: POST /session/bac753d7431ab8579d321a709828f6cf/element/f.AB4A68BA45A81A2DBE2B8A5915AD560C.d.835DEBAF0D8F52DB0C120E2C1B5C4250.e.5405/elements - {"using":"css selector","value":"td"}
RESULT: {"using":"css selector","value":"td"}
COMMAND: POST /session/bac753d7431ab8579d321a709828f6cf/element/f.AB4A68BA45A81A2DBE2B8A5915AD560C.d.835DEBAF0D8F52DB0C120E2C1B5C4250.e.5406/elements - {"using":"css selector","value":"td"}
RESULT: {"using":"css selector","value":"td"}
COMMAND: POST /session/bac753d7431ab8579d321a709828f6cf/element/f.AB4A68BA45A81A2DBE2B8A5915AD560C.d.835DEBAF0D8F52DB0C120E2C1B5C4250.e.5407/elements - {"using":"css selector","value":"td"}
RESULT: {"using":"css selector","value":"td"}
COMMAND: POST /session/bac753d7431ab8579d321a709828f6cf/element/f.AB4A68BA45A81A2DBE2B8A5915AD560C.d.835DEBAF0D8F52DB0C120E2C1B5C4250.e.5408/elements - {"using":"css selector","value":"td"}
RESULT: {"using":"css selector","value":"td"}
COMMAND: POST /session/bac753d7431ab8579d321a709828f6cf/element/f.AB4A68BA45A81A2DBE2B8A5915AD560C.d.835DEBAF0D8F52DB0C120E2C1B5C4250.e.5409/elements - {"using":"css selector","value":"td"}
RESULT: {"using":"css selector","value":"td"}
COMMAND: POST /session/bac753d7431ab8579d321a709828f6cf/element/f.AB4A68BA45A81A2DBE2B8A5915AD560C.d.835DEBAF0D8F52DB0C120E2C1B5C4250.e.5410/elements - {"using":"css selector","value":"td"}
RESULT: {"using":"css selector","value":"td"}
COMMAND: POST /session/bac753d7431ab8579d321a709828f6cf/element/f.AB4A68BA45A81A2DBE2B8A5915AD560C.d.835DEBAF0D8F52DB0C120E2C1B5C4250.e.5411/elements - {"using":"css selector","value":"td"}
RESULT: {"using":"css selector","value":"td"}
COMMAND: POST /session/bac753d7431ab8579d321a709828f6cf/element/f.AB4A68BA45A81A2DBE2B8A5915AD560C.d.835DEBAF0D8F52DB0C120E2C1B5C4250.e.5412/elements - {"using":"css selector","value":"td"}
RESULT: {"using":"css selector","value":"td"}
COMMAND: POST /session/bac753d7431ab8579d321a709828f6cf/element/f.AB4A68BA45A81A2DBE2B8A5915AD560C.d.835DEBAF0D8F52DB0C120E2C1B5C4250.e.5413/elements - {"using":"css selector","value":"td"}
RESULT: {"using":"css selector","value":"td"}
COMMAND: POST /session/bac753d7431ab8579d321a709828f6cf/element/f.AB4A68BA45A81A2DBE2B8A5915AD560C.d.835DEBAF0D8F52DB0C120E2C1B5C4250.e.5414/elements - {"using":"css selector","value":"td"}
RESULT: {"using":"css selector","value":"td"}
COMMAND: POST /session/bac753d7431ab8579d321a709828f6cf/element/f.AB4A68BA45A81A2DBE2B8A5915AD560C.d.835DEBAF0D8F52DB0C120E2C1B5C4250.e.5415/elements - {"using":"css selector","value":"td"}
RESULT: {"using":"css selector","value":"td"}
COMMAND: POST /session/bac753d7431ab8579d321a709828f6cf/element/f.AB4A68BA45A81A2DBE2B8A5915AD560C.d.835DEBAF0D8F52DB0C120E2C1B5C4250.e.5416/elements - {"using":"css selector","value":"td"}
RESULT: {"using":"css selector","value":"td"}
COMMAND: POST /session/bac753d7431ab8579d321a709828f6cf/element/f.AB4A68BA45A81A2DBE2B8A5915AD560C.d.835DEBAF0D8F52DB0C120E2C1B5C4250.e.5417/elements - {"using":"css selector","value":"td"}
RESULT: {"using":"css selector","value":"td"}
COMMAND: POST /session/bac753d7431ab8579d321a709828f6cf/element/f.AB4A68BA45A81A2DBE2B8A5915AD560C.d.835DEBAF0D8F52DB0C120E2C1B5C4250.e.5418/elements - {"using":"css selector","value":"td"}
RESULT: {"using":"css selector","value":"td"}
COMMAND: POST /session/bac753d7431ab8579d321a709828f6cf/element/f.AB4A68BA45A81A2DBE2B8A5915AD560C.d.835DEBAF0D8F52DB0C120E2C1B5C4250.e.5419/elements - {"using":"css selector","value":"td"}
RESULT: {"using":"css selector","value":"td"}
COMMAND: POST /session/bac753d7431ab8579d321a709828f6cf/element/f.AB4A68BA45A81A2DBE2B8A5915AD560C.d.835DEBAF0D8F52DB0C120E2C1B5C4250.e.5420/elements - {"using":"css selector","value":"td"}
RESULT: {"using":"css selector","value":"td"}
COMMAND: POST /session/bac753d7431ab8579d321a709828f6cf/element/f.AB4A68BA45A81A2DBE2B8A5915AD560C.d.835DEBAF0D8F52DB0C120E2C1B5C4250.e.5421/elements - {"using":"css selector","value":"td"}
RESULT: {"using":"css selector","value":"td"}
COMMAND: POST /session/bac753d7431ab8579d321a709828f6cf/element/f.AB4A68BA45A81A2DBE2B8A5915AD560C.d.835DEBAF0D8F52DB0C120E2C1B5C4250.e.5422/elements - {"using":"css selector","value":"td"}
RESULT: {"using":"css selector","value":"td"}
COMMAND: POST /session/bac753d7431ab8579d321a709828f6cf/element/f.AB4A68BA45A81A2DBE2B8A5915AD560C.d.835DEBAF0D8F52DB0C120E2C1B5C4250.e.5423/elements - {"using":"css selector","value":"td"}
RESULT: {"using":"css selector","value":"td"}
COMMAND: POST /session/bac753d7431ab8579d321a709828f6cf/element/f.AB4A68BA45A81A2DBE2B8A5915AD560C.d.835DEBAF0D8F52DB0C120E2C1B5C4250.e.5424/elements - {"using":"css selector","value":"td"}
RESULT: {"using":"css selector","value":"td"}
COMMAND: POST /session/bac753d7431ab8579d321a709828f6cf/element/f.AB4A68BA45A81A2DBE2B8A5915AD560C.d.835DEBAF0D8F52DB0C120E2C1B5C4250.e.5425/elements - {"using":"css selector","value":"td"}
RESULT: {"using":"css selector","value":"td"}
COMMAND: POST /session/bac753d7431ab8579d321a709828f6cf/element/f.AB4A68BA45A81A2DBE2B8A5915AD560C.d.835DEBAF0D8F52DB0C120E2C1B5C4250.e.5426/elements - {"using":"css selector","value":"td"}
RESULT: {"using":"css selector","value":"td"}
COMMAND: POST /session/bac753d7431ab8579d321a709828f6cf/element/f.AB4A68BA45A81A2DBE2B8A5915AD560C.d.835DEBAF0D8F52DB0C120E2C1B5C4250.e.5427/elements - {"using":"css selector","value":"td"}
RESULT: {"using":"css selector","value":"td"}
COMMAND: POST /session/bac753d7431ab8579d321a709828f6cf/element/f.AB4A68BA45A81A2DBE2B8A5915AD560C.d.835DEBAF0D8F52DB0C120E2C1B5C4250.e.5428/elements - {"using":"css selector","value":"td"}
RESULT: {"using":"css selector","value":"td"}
COMMAND: POST /session/bac753d7431ab8579d321a709828f6cf/element/f.AB4A68BA45A81A2DBE2B8A5915AD560C.d.835DEBAF0D8F52DB0C120E2C1B5C4250.e.5429/elements - {"using":"css selector","value":"td"}
RESULT: {"using":"css selector","value":"td"}
COMMAND: POST /session/bac753d7431ab8579d321a709828f6cf/element/f.AB4A68BA45A81A2DBE2B8A5915AD560C.d.835DEBAF0D8F52DB0C120E2C1B5C4250.e.5430/elements - {"using":"css selector","value":"td"}
RESULT: {"using":"css selector","value":"td"}
COMMAND: POST /session/bac753d7431ab8579d321a709828f6cf/element/f.AB4A68BA45A81A2DBE2B8A5915AD560C.d.835DEBAF0D8F52DB0C120E2C1B5C4250.e.5431/elements - {"using":"css selector","value":"td"}
RESULT: {"using":"css selector","value":"td"}
COMMAND: POST /session/bac753d7431ab8579d321a709828f6cf/element/f.AB4A68BA45A81A2DBE2B8A5915AD560C.d.835DEBAF0D8F52DB0C120E2C1B5C4250.e.5432/elements - {"using":"css selector","value":"td"}
RESULT: {"using":"css selector","value":"td"}
COMMAND: POST /session/bac753d7431ab8579d321a709828f6cf/element/f.AB4A68BA45A81A2DBE2B8A5915AD560C.d.835DEBAF0D8F52DB0C120E2C1B5C4250.e.5433/elements - {"using":"css selector","value":"td"}
RESULT: {"using":"css selector","value":"td"}
COMMAND: POST /session/bac753d7431ab8579d321a709828f6cf/element/f.AB4A68BA45A81A2DBE2B8A5915AD560C.d.835DEBAF0D8F52DB0C120E2C1B5C4250.e.5434/elements - {"using":"css selector","value":"td"}
RESULT: {"using":"css selector","value":"td"}
COMMAND: POST /session/bac753d7431ab8579d321a709828f6cf/element/f.AB4A68BA45A81A2DBE2B8A5915AD560C.d.835DEBAF0D8F52DB0C120E2C1B5C4250.e.5435/elements - {"using":"css selector","value":"td"}
RESULT: {"using":"css selector","value":"td"}
COMMAND: POST /session/bac753d7431ab8579d321a709828f6cf/element/f.AB4A68BA45A81A2DBE2B8A5915AD560C.d.835DEBAF0D8F52DB0C120E2C1B5C4250.e.5436/elements - {"using":"css selector","value":"td"}
RESULT: {"using":"css selector","value":"td"}
COMMAND: POST /session/bac753d7431ab8579d321a709828f6cf/element/f.AB4A68BA45A81A2DBE2B8A5915AD560C.d.835DEBAF0D8F52DB0C120E2C1B5C4250.e.5437/elements - {"using":"css selector","value":"td"}
RESULT: {"using":"css selector","value":"td"}
COMMAND: POST /session/bac753d7431ab8579d321a709828f6cf/element/f.AB4A68BA45A81A2DBE2B8A5915AD560C.d.835DEBAF0D8F52DB0C120E2C1B5C4250.e.5438/elements - {"using":"css selector","value":"td"}
RESULT: {"using":"css selector","value":"td"}
COMMAND: POST /session/bac753d7431ab8579d321a709828f6cf/element/f.AB4A68BA45A81A2DBE2B8A5915AD560C.d.835DEBAF0D8F52DB0C120E2C1B5C4250.e.5439/elements - {"using":"css selector","value":"td"}
RESULT: {"using":"css selector","value":"td"}
COMMAND: POST /session/bac753d7431ab8579d321a709828f6cf/element/f.AB4A68BA45A81A2DBE2B8A5915AD560C.d.835DEBAF0D8F52DB0C120E2C1B5C4250.e.5440/elements - {"using":"css selector","value":"td"}
RESULT: {"using":"css selector","value":"td"}
COMMAND: POST /session/bac753d7431ab8579d321a709828f6cf/element/f.AB4A68BA45A81A2DBE2B8A5915AD560C.d.835DEBAF0D8F52DB0C120E2C1B5C4250.e.5441/elements - {"using":"css selector","value":"td"}
RESULT: {"using":"css selector","value":"td"}
COMMAND: POST /session/bac753d7431ab8579d321a709828f6cf/element/f.AB4A68BA45A81A2DBE2B8A5915AD560C.d.835DEBAF0D8F52DB0C120E2C1B5C4250.e.5442/elements - {"using":"css selector","value":"td"}
RESULT: {"using":"css selector","value":"td"}
COMMAND: POST /session/bac753d7431ab8579d321a709828f6cf/element/f.AB4A68BA45A81A2DBE2B8A5915AD560C.d.835DEBAF0D8F52DB0C120E2C1B5C4250.e.5443/elements - {"using":"css selector","value":"td"}
RESULT: {"using":"css selector","value":"td"}
COMMAND: POST /session/bac753d7431ab8579d321a709828f6cf/element/f.AB4A68BA45A81A2DBE2B8A5915AD560C.d.835DEBAF0D8F52DB0C120E2C1B5C4250.e.5444/elements - {"using":"css selector","value":"td"}
RESULT: {"using":"css selector","value":"td"}
COMMAND: POST /session/bac753d7431ab8579d321a709828f6cf/element/f.AB4A68BA45A81A2DBE2B8A5915AD560C.d.835DEBAF0D8F52DB0C120E2C1B5C4250.e.5445/elements - {"using":"css selector","value":"td"}
RESULT: {"using":"css selector","value":"td"}
COMMAND: POST /session/bac753d7431ab8579d321a709828f6cf/element/f.AB4A68BA45A81A2DBE2B8A5915AD560C.d.835DEBAF0D8F52DB0C120E2C1B5C4250.e.5446/elements - {"using":"css selector","value":"td"}
RESULT: {"using":"css selector","value":"td"}
COMMAND: POST /session/bac753d7431ab8579d321a709828f6cf/element/f.AB4A68BA45A81A2DBE2B8A5915AD560C.d.835DEBAF0D8F52DB0C120E2C1B5C4250.e.5447/elements - {"using":"css selector","value":"td"}
RESULT: {"using":"css selector","value":"td"}
COMMAND: POST /session/bac753d7431ab8579d321a709828f6cf/element/f.AB4A68BA45A81A2DBE2B8A5915AD560C.d.835DEBAF0D8F52DB0C120E2C1B5C4250.e.5448/elements - {"using":"css selector","value":"td"}
RESULT: {"using":"css selector","value":"td"}
COMMAND: POST /session/bac753d7431ab8579d321a709828f6cf/element/f.AB4A68BA45A81A2DBE2B8A5915AD560C.d.835DEBAF0D8F52DB0C120E2C1B5C4250.e.5449/elements - {"using":"css selector","value":"td"}
RESULT: {"using":"css selector","value":"td"}
COMMAND: POST /session/bac753d7431ab8579d321a709828f6cf/element/f.AB4A68BA45A81A2DBE2B8A5915AD560C.d.835DEBAF0D8F52DB0C120E2C1B5C4250.e.5450/elements - {"using":"css selector","value":"td"}
RESULT: {"using":"css selector","value":"td"}
COMMAND: POST /session/bac753d7431ab8579d321a709828f6cf/element/f.AB4A68BA45A81A2DBE2B8A5915AD560C.d.835DEBAF0D8F52DB0C120E2C1B5C4250.e.5451/elements - {"using":"css selector","value":"td"}
RESULT: {"using":"css selector","value":"td"}
COMMAND: POST /session/bac753d7431ab8579d321a709828f6cf/element/f.AB4A68BA45A81A2DBE2B8A5915AD560C.d.835DEBAF0D8F52DB0C120E2C1B5C4250.e.5452/elements - {"using":"css selector","value":"td"}
RESULT: {"using":"css selector","value":"td"}
COMMAND: POST /session/bac753d7431ab8579d321a709828f6cf/element/f.AB4A68BA45A81A2DBE2B8A5915AD560C.d.835DEBAF0D8F52DB0C120E2C1B5C4250.e.5453/elements - {"using":"css selector","value":"td"}
RESULT: {"using":"css selector","value":"td"}
COMMAND: POST /session/bac753d7431ab8579d321a709828f6cf/element/f.AB4A68BA45A81A2DBE2B8A5915AD560C.d.835DEBAF0D8F52DB0C120E2C1B5C4250.e.5454/elements - {"using":"css selector","value":"td"}
RESULT: {"using":"css selector","value":"td"}
COMMAND: POST /session/bac753d7431ab8579d321a709828f6cf/element/f.AB4A68BA45A81A2DBE2B8A5915AD560C.d.835DEBAF0D8F52DB0C120E2C1B5C4250.e.5455/elements - {"using":"css selector","value":"td"}
RESULT: {"using":"css selector","value":"td"}
COMMAND: POST /session/bac753d7431ab8579d321a709828f6cf/element/f.AB4A68BA45A81A2DBE2B8A5915AD560C.d.835DEBAF0D8F52DB0C120E2C1B5C4250.e.5456/elements - {"using":"css selector","value":"td"}
RESULT: {"using":"css selector","value":"td"}
COMMAND: POST /session/bac753d7431ab8579d321a709828f6cf/element/f.AB4A68BA45A81A2DBE2B8A5915AD560C.d.835DEBAF0D8F52DB0C120E2C1B5C4250.e.5457/elements - {"using":"css selector","value":"td"}
RESULT: {"using":"css selector","value":"td"}
COMMAND: POST /session/bac753d7431ab8579d321a709828f6cf/element/f.AB4A68BA45A81A2DBE2B8A5915AD560C.d.835DEBAF0D8F52DB0C120E2C1B5C4250.e.5458/elements - {"using":"css selector","value":"td"}
RESULT: {"using":"css selector","value":"td"}
COMMAND: POST /session/bac753d7431ab8579d321a709828f6cf/element/f.AB4A68BA45A81A2DBE2B8A5915AD560C.d.835DEBAF0D8F52DB0C120E2C1B5C4250.e.5459/elements - {"using":"css selector","value":"td"}
RESULT: {"using":"css selector","value":"td"}
COMMAND: POST /session/bac753d7431ab8579d321a709828f6cf/element/f.AB4A68BA45A81A2DBE2B8A5915AD560C.d.835DEBAF0D8F52DB0C120E2C1B5C4250.e.5460/elements - {"using":"css selector","value":"td"}
RESULT: {"using":"css selector","value":"td"}
COMMAND: POST /session/bac753d7431ab8579d321a709828f6cf/element/f.AB4A68BA45A81A2DBE2B8A5915AD560C.d.835DEBAF0D8F52DB0C120E2C1B5C4250.e.5461/elements - {"using":"css selector","value":"td"}
RESULT: {"using":"css selector","value":"td"}
COMMAND: POST /session/bac753d7431ab8579d321a709828f6cf/element/f.AB4A68BA45A81A2DBE2B8A5915AD560C.d.835DEBAF0D8F52DB0C120E2C1B5C4250.e.5462/elements - {"using":"css selector","value":"td"}
RESULT: {"using":"css selector","value":"td"}
COMMAND: POST /session/bac753d7431ab8579d321a709828f6cf/element/f.AB4A68BA45A81A2DBE2B8A5915AD560C.d.835DEBAF0D8F52DB0C120E2C1B5C4250.e.5463/elements - {"using":"css selector","value":"td"}
RESULT: {"using":"css selector","value":"td"}
COMMAND: POST /session/bac753d7431ab8579d321a709828f6cf/element/f.AB4A68BA45A81A2DBE2B8A5915AD560C.d.835DEBAF0D8F52DB0C120E2C1B5C4250.e.5464/elements - {"using":"css selector","value":"td"}
RESULT: {"using":"css selector","value":"td"}
COMMAND: POST /session/bac753d7431ab8579d321a709828f6cf/element/f.AB4A68BA45A81A2DBE2B8A5915AD560C.d.835DEBAF0D8F52DB0C120E2C1B5C4250.e.5465/elements - {"using":"css selector","value":"td"}
RESULT: {"using":"css selector","value":"td"}
COMMAND: POST /session/bac753d7431ab8579d321a709828f6cf/element/f.AB4A68BA45A81A2DBE2B8A5915AD560C.d.835DEBAF0D8F52DB0C120E2C1B5C4250.e.5466/elements - {"using":"css selector","value":"td"}
RESULT: {"using":"css selector","value":"td"}
COMMAND: POST /session/bac753d7431ab8579d321a709828f6cf/element/f.AB4A68BA45A81A2DBE2B8A5915AD560C.d.835DEBAF0D8F52DB0C120E2C1B5C4250.e.5467/elements - {"using":"css selector","value":"td"}
RESULT: {"using":"css selector","value":"td"}
COMMAND: POST /session/bac753d7431ab8579d321a709828f6cf/element/f.AB4A68BA45A81A2DBE2B8A5915AD560C.d.835DEBAF0D8F52DB0C120E2C1B5C4250.e.5468/elements - {"using":"css selector","value":"td"}
RESULT: {"using":"css selector","value":"td"}
COMMAND: POST /session/bac753d7431ab8579d321a709828f6cf/element/f.AB4A68BA45A81A2DBE2B8A5915AD560C.d.835DEBAF0D8F52DB0C120E2C1B5C4250.e.5469/elements - {"using":"css selector","value":"td"}
RESULT: {"using":"css selector","value":"td"}
COMMAND: POST /session/bac753d7431ab8579d321a709828f6cf/element/f.AB4A68BA45A81A2DBE2B8A5915AD560C.d.835DEBAF0D8F52DB0C120E2C1B5C4250.e.5470/elements - {"using":"css selector","value":"td"}
RESULT: {"using":"css selector","value":"td"}
COMMAND: POST /session/bac753d7431ab8579d321a709828f6cf/element/f.AB4A68BA45A81A2DBE2B8A5915AD560C.d.835DEBAF0D8F52DB0C120E2C1B5C4250.e.5471/elements - {"using":"css selector","value":"td"}
RESULT: {"using":"css selector","value":"td"}
COMMAND: POST /session/bac753d7431ab8579d321a709828f6cf/element/f.AB4A68BA45A81A2DBE2B8A5915AD560C.d.835DEBAF0D8F52DB0C120E2C1B5C4250.e.5472/elements - {"using":"css selector","value":"td"}
RESULT: {"using":"css selector","value":"td"}
COMMAND: POST /session/bac753d7431ab8579d321a709828f6cf/element/f.AB4A68BA45A81A2DBE2B8A5915AD560C.d.835DEBAF0D8F52DB0C120E2C1B5C4250.e.5473/elements - {"using":"css selector","value":"td"}
RESULT: {"using":"css selector","value":"td"}
COMMAND: POST /session/bac753d7431ab8579d321a709828f6cf/element/f.AB4A68BA45A81A2DBE2B8A5915AD560C.d.835DEBAF0D8F52DB0C120E2C1B5C4250.e.5474/elements - {"using":"css selector","value":"td"}
RESULT: {"using":"css selector","value":"td"}
COMMAND: POST /session/bac753d7431ab8579d321a709828f6cf/element/f.AB4A68BA45A81A2DBE2B8A5915AD560C.d.835DEBAF0D8F52DB0C120E2C1B5C4250.e.5475/elements - {"using":"css selector","value":"td"}
RESULT: {"using":"css selector","value":"td"}
COMMAND: POST /session/bac753d7431ab8579d321a709828f6cf/element/f.AB4A68BA45A81A2DBE2B8A5915AD560C.d.835DEBAF0D8F52DB0C120E2C1B5C4250.e.5476/elements - {"using":"css selector","value":"td"}
RESULT: {"using":"css selector","value":"td"}
COMMAND: POST /session/bac753d7431ab8579d321a709828f6cf/element/f.AB4A68BA45A81A2DBE2B8A5915AD560C.d.835DEBAF0D8F52DB0C120E2C1B5C4250.e.5477/elements - {"using":"css selector","value":"td"}
RESULT: {"using":"css selector","value":"td"}
COMMAND: POST /session/bac753d7431ab8579d321a709828f6cf/element/f.AB4A68BA45A81A2DBE2B8A5915AD560C.d.835DEBAF0D8F52DB0C120E2C1B5C4250.e.5478/elements - {"using":"css selector","value":"td"}
RESULT: {"using":"css selector","value":"td"}
COMMAND: POST /session/bac753d7431ab8579d321a709828f6cf/element/f.AB4A68BA45A81A2DBE2B8A5915AD560C.d.835DEBAF0D8F52DB0C120E2C1B5C4250.e.5479/elements - {"using":"css selector","value":"td"}
RESULT: {"using":"css selector","value":"td"}
COMMAND: POST /session/bac753d7431ab8579d321a709828f6cf/element/f.AB4A68BA45A81A2DBE2B8A5915AD560C.d.835DEBAF0D8F52DB0C120E2C1B5C4250.e.5480/elements - {"using":"css selector","value":"td"}
RESULT: {"using":"css selector","value":"td"}
COMMAND: POST /session/bac753d7431ab8579d321a709828f6cf/element/f.AB4A68BA45A81A2DBE2B8A5915AD560C.d.835DEBAF0D8F52DB0C120E2C1B5C4250.e.5481/elements - {"using":"css selector","value":"td"}
RESULT: {"using":"css selector","value":"td"}
COMMAND: POST /session/bac753d7431ab8579d321a709828f6cf/element/f.AB4A68BA45A81A2DBE2B8A5915AD560C.d.835DEBAF0D8F52DB0C120E2C1B5C4250.e.5482/elements - {"using":"css selector","value":"td"}
RESULT: {"using":"css selector","value":"td"}
COMMAND: POST /session/bac753d7431ab8579d321a709828f6cf/element/f.AB4A68BA45A81A2DBE2B8A5915AD560C.d.835DEBAF0D8F52DB0C120E2C1B5C4250.e.5483/elements - {"using":"css selector","value":"td"}
RESULT: {"using":"css selector","value":"td"}
COMMAND: POST /session/bac753d7431ab8579d321a709828f6cf/element/f.AB4A68BA45A81A2DBE2B8A5915AD560C.d.835DEBAF0D8F52DB0C120E2C1B5C4250.e.5484/elements - {"using":"css selector","value":"td"}
RESULT: {"using":"css selector","value":"td"}
COMMAND: POST /session/bac753d7431ab8579d321a709828f6cf/element/f.AB4A68BA45A81A2DBE2B8A5915AD560C.d.835DEBAF0D8F52DB0C120E2C1B5C4250.e.5485/elements - {"using":"css selector","value":"td"}
RESULT: {"using":"css selector","value":"td"}
COMMAND: POST /session/bac753d7431ab8579d321a709828f6cf/element/f.AB4A68BA45A81A2DBE2B8A5915AD560C.d.835DEBAF0D8F52DB0C120E2C1B5C4250.e.5486/elements - {"using":"css selector","value":"td"}
RESULT: {"using":"css selector","value":"td"}
COMMAND: POST /session/bac753d7431ab8579d321a709828f6cf/element/f.AB4A68BA45A81A2DBE2B8A5915AD560C.d.835DEBAF0D8F52DB0C120E2C1B5C4250.e.5487/elements - {"using":"css selector","value":"td"}
RESULT: {"using":"css selector","value":"td"}
COMMAND: POST /session/bac753d7431ab8579d321a709828f6cf/element/f.AB4A68BA45A81A2DBE2B8A5915AD560C.d.835DEBAF0D8F52DB0C120E2C1B5C4250.e.5488/elements - {"using":"css selector","value":"td"}
RESULT: {"using":"css selector","value":"td"}
COMMAND: POST /session/bac753d7431ab8579d321a709828f6cf/element/f.AB4A68BA45A81A2DBE2B8A5915AD560C.d.835DEBAF0D8F52DB0C120E2C1B5C4250.e.5489/elements - {"using":"css selector","value":"td"}
RESULT: {"using":"css selector","value":"td"}
COMMAND: POST /session/bac753d7431ab8579d321a709828f6cf/element/f.AB4A68BA45A81A2DBE2B8A5915AD560C.d.835DEBAF0D8F52DB0C120E2C1B5C4250.e.5490/elements - {"using":"css selector","value":"td"}
RESULT: {"using":"css selector","value":"td"}
COMMAND: POST /session/bac753d7431ab8579d321a709828f6cf/element/f.AB4A68BA45A81A2DBE2B8A5915AD560C.d.835DEBAF0D8F52DB0C120E2C1B5C4250.e.5491/elements - {"using":"css selector","value":"td"}
RESULT: {"using":"css selector","value":"td"}
COMMAND: POST /session/bac753d7431ab8579d321a709828f6cf/element/f.AB4A68BA45A81A2DBE2B8A5915AD560C.d.835DEBAF0D8F52DB0C120E2C1B5C4250.e.5492/elements - {"using":"css selector","value":"td"}
RESULT: {"using":"css selector","value":"td"}
COMMAND: POST /session/bac753d7431ab8579d321a709828f6cf/element/f.AB4A68BA45A81A2DBE2B8A5915AD560C.d.835DEBAF0D8F52DB0C120E2C1B5C4250.e.5493/elements - {"using":"css selector","value":"td"}
RESULT: {"using":"css selector","value":"td"}
COMMAND: POST /session/bac753d7431ab8579d321a709828f6cf/element/f.AB4A68BA45A81A2DBE2B8A5915AD560C.d.835DEBAF0D8F52DB0C120E2C1B5C4250.e.5494/elements - {"using":"css selector","value":"td"}
RESULT: {"using":"css selector","value":"td"}
COMMAND: POST /session/bac753d7431ab8579d321a709828f6cf/element/f.AB4A68BA45A81A2DBE2B8A5915AD560C.d.835DEBAF0D8F52DB0C120E2C1B5C4250.e.5495/elements - {"using":"css selector","value":"td"}
RESULT: {"using":"css selector","value":"td"}
COMMAND: POST /session/bac753d7431ab8579d321a709828f6cf/element/f.AB4A68BA45A81A2DBE2B8A5915AD560C.d.835DEBAF0D8F52DB0C120E2C1B5C4250.e.5496/elements - {"using":"css selector","value":"td"}
RESULT: {"using":"css selector","value":"td"}
COMMAND: POST /session/bac753d7431ab8579d321a709828f6cf/element/f.AB4A68BA45A81A2DBE2B8A5915AD560C.d.835DEBAF0D8F52DB0C120E2C1B5C4250.e.5497/elements - {"using":"css selector","value":"td"}
RESULT: {"using":"css selector","value":"td"}
COMMAND: POST /session/bac753d7431ab8579d321a709828f6cf/element/f.AB4A68BA45A81A2DBE2B8A5915AD560C.d.835DEBAF0D8F52DB0C120E2C1B5C4250.e.5498/elements - {"using":"css selector","value":"td"}
RESULT: {"using":"css selector","value":"td"}
COMMAND: POST /session/bac753d7431ab8579d321a709828f6cf/element/f.AB4A68BA45A81A2DBE2B8A5915AD560C.d.835DEBAF0D8F52DB0C120E2C1B5C4250.e.5499/elements - {"using":"css selector","value":"td"}
RESULT: {"using":"css selector","value":"td"}
COMMAND: POST /session/bac753d7431ab8579d321a709828f6cf/element/f.AB4A68BA45A81A2DBE2B8A5915AD560C.d.835DEBAF0D8F52DB0C120E2C1B5C4250.e.5500/elements - {"using":"css selector","value":"td"}
RESULT: {"using":"css selector","value":"td"}
COMMAND: POST /session/bac753d7431ab8579d321a709828f6cf/element/f.AB4A68BA45A81A2DBE2B8A5915AD560C.d.835DEBAF0D8F52DB0C120E2C1B5C4250.e.5501/elements - {"using":"css selector","value":"td"}
RESULT: {"using":"css selector","value":"td"}
COMMAND: POST /session/bac753d7431ab8579d321a709828f6cf/element/f.AB4A68BA45A81A2DBE2B8A5915AD560C.d.835DEBAF0D8F52DB0C120E2C1B5C4250.e.5502/elements - {"using":"css selector","value":"td"}
RESULT: {"using":"css selector","value":"td"}
COMMAND: POST /session/bac753d7431ab8579d321a709828f6cf/element/f.AB4A68BA45A81A2DBE2B8A5915AD560C.d.835DEBAF0D8F52DB0C120E2C1B5C4250.e.5503/elements - {"using":"css selector","value":"td"}
RESULT: {"using":"css selector","value":"td"}
COMMAND: POST /session/bac753d7431ab8579d321a709828f6cf/element/f.AB4A68BA45A81A2DBE2B8A5915AD560C.d.835DEBAF0D8F52DB0C120E2C1B5C4250.e.5504/elements - {"using":"css selector","value":"td"}
RESULT: {"using":"css selector","value":"td"}
COMMAND: POST /session/bac753d7431ab8579d321a709828f6cf/element/f.AB4A68BA45A81A2DBE2B8A5915AD560C.d.835DEBAF0D8F52DB0C120E2C1B5C4250.e.5505/elements - {"using":"css selector","value":"td"}
RESULT: {"using":"css selector","value":"td"}
COMMAND: POST /session/bac753d7431ab8579d321a709828f6cf/element/f.AB4A68BA45A81A2DBE2B8A5915AD560C.d.835DEBAF0D8F52DB0C120E2C1B5C4250.e.5506/elements - {"using":"css selector","value":"td"}
RESULT: {"using":"css selector","value":"td"}
COMMAND: POST /session/bac753d7431ab8579d321a709828f6cf/element/f.AB4A68BA45A81A2DBE2B8A5915AD560C.d.835DEBAF0D8F52DB0C120E2C1B5C4250.e.5507/elements - {"using":"css selector","value":"td"}
RESULT: {"using":"css selector","value":"td"}
COMMAND: POST /session/bac753d7431ab8579d321a709828f6cf/element/f.AB4A68BA45A81A2DBE2B8A5915AD560C.d.835DEBAF0D8F52DB0C120E2C1B5C4250.e.5508/elements - {"using":"css selector","value":"td"}
RESULT: {"using":"css selector","value":"td"}
COMMAND: POST /session/bac753d7431ab8579d321a709828f6cf/element/f.AB4A68BA45A81A2DBE2B8A5915AD560C.d.835DEBAF0D8F52DB0C120E2C1B5C4250.e.5509/elements - {"using":"css selector","value":"td"}
RESULT: {"using":"css selector","value":"td"}
COMMAND: POST /session/bac753d7431ab8579d321a709828f6cf/element/f.AB4A68BA45A81A2DBE2B8A5915AD560C.d.835DEBAF0D8F52DB0C120E2C1B5C4250.e.5510/elements - {"using":"css selector","value":"td"}
RESULT: {"using":"css selector","value":"td"}
COMMAND: POST /session/bac753d7431ab8579d321a709828f6cf/element/f.AB4A68BA45A81A2DBE2B8A5915AD560C.d.835DEBAF0D8F52DB0C120E2C1B5C4250.e.5511/elements - {"using":"css selector","value":"td"}
RESULT: {"using":"css selector","value":"td"}
COMMAND: POST /session/bac753d7431ab8579d321a709828f6cf/element/f.AB4A68BA45A81A2DBE2B8A5915AD560C.d.835DEBAF0D8F52DB0C120E2C1B5C4250.e.5512/elements - {"using":"css selector","value":"td"}
RESULT: {"using":"css selector","value":"td"}
COMMAND: POST /session/bac753d7431ab8579d321a709828f6cf/element/f.AB4A68BA45A81A2DBE2B8A5915AD560C.d.835DEBAF0D8F52DB0C120E2C1B5C4250.e.5513/elements - {"using":"css selector","value":"td"}
RESULT: {"using":"css selector","value":"td"}
COMMAND: POST /session/bac753d7431ab8579d321a709828f6cf/element/f.AB4A68BA45A81A2DBE2B8A5915AD560C.d.835DEBAF0D8F52DB0C120E2C1B5C4250.e.5514/elements - {"using":"css selector","value":"td"}
RESULT: {"using":"css selector","value":"td"}
COMMAND: POST /session/bac753d7431ab8579d321a709828f6cf/element/f.AB4A68BA45A81A2DBE2B8A5915AD560C.d.835DEBAF0D8F52DB0C120E2C1B5C4250.e.5515/elements - {"using":"css selector","value":"td"}
RESULT: {"using":"css selector","value":"td"}
COMMAND: POST /session/bac753d7431ab8579d321a709828f6cf/element/f.AB4A68BA45A81A2DBE2B8A5915AD560C.d.835DEBAF0D8F52DB0C120E2C1B5C4250.e.5516/elements - {"using":"css selector","value":"td"}
RESULT: {"using":"css selector","value":"td"}
COMMAND: POST /session/bac753d7431ab8579d321a709828f6cf/element/f.AB4A68BA45A81A2DBE2B8A5915AD560C.d.835DEBAF0D8F52DB0C120E2C1B5C4250.e.5517/elements - {"using":"css selector","value":"td"}
RESULT: {"using":"css selector","value":"td"}
COMMAND: POST /session/bac753d7431ab8579d321a709828f6cf/element/f.AB4A68BA45A81A2DBE2B8A5915AD560C.d.835DEBAF0D8F52DB0C120E2C1B5C4250.e.5518/elements - {"using":"css selector","value":"td"}
RESULT: {"using":"css selector","value":"td"}
COMMAND: POST /session/bac753d7431ab8579d321a709828f6cf/element/f.AB4A68BA45A81A2DBE2B8A5915AD560C.d.835DEBAF0D8F52DB0C120E2C1B5C4250.e.5519/elements - {"using":"css selector","value":"td"}
RESULT: {"using":"css selector","value":"td"}
COMMAND: POST /session/bac753d7431ab8579d321a709828f6cf/element/f.AB4A68BA45A81A2DBE2B8A5915AD560C.d.835DEBAF0D8F52DB0C120E2C1B5C4250.e.5520/elements - {"using":"css selector","value":"td"}
RESULT: {"using":"css selector","value":"td"}
COMMAND: POST /session/bac753d7431ab8579d321a709828f6cf/element/f.AB4A68BA45A81A2DBE2B8A5915AD560C.d.835DEBAF0D8F52DB0C120E2C1B5C4250.e.5521/elements - {"using":"css selector","value":"td"}
RESULT: {"using":"css selector","value":"td"}
COMMAND: POST /session/bac753d7431ab8579d321a709828f6cf/element/f.AB4A68BA45A81A2DBE2B8A5915AD560C.d.835DEBAF0D8F52DB0C120E2C1B5C4250.e.5522/elements - {"using":"css selector","value":"td"}
RESULT: {"using":"css selector","value":"td"}
COMMAND: POST /session/bac753d7431ab8579d321a709828f6cf/element/f.AB4A68BA45A81A2DBE2B8A5915AD560C.d.835DEBAF0D8F52DB0C120E2C1B5C4250.e.5523/elements - {"using":"css selector","value":"td"}
RESULT: {"using":"css selector","value":"td"}
COMMAND: POST /session/bac753d7431ab8579d321a709828f6cf/element/f.AB4A68BA45A81A2DBE2B8A5915AD560C.d.835DEBAF0D8F52DB0C120E2C1B5C4250.e.5524/elements - {"using":"css selector","value":"td"}
RESULT: {"using":"css selector","value":"td"}
COMMAND: POST /session/bac753d7431ab8579d321a709828f6cf/element/f.AB4A68BA45A81A2DBE2B8A5915AD560C.d.835DEBAF0D8F52DB0C120E2C1B5C4250.e.5525/elements - {"using":"css selector","value":"td"}
RESULT: {"using":"css selector","value":"td"}
COMMAND: POST /session/bac753d7431ab8579d321a709828f6cf/element/f.AB4A68BA45A81A2DBE2B8A5915AD560C.d.835DEBAF0D8F52DB0C120E2C1B5C4250.e.5526/elements - {"using":"css selector","value":"td"}
RESULT: {"using":"css selector","value":"td"}
COMMAND: POST /session/bac753d7431ab8579d321a709828f6cf/element/f.AB4A68BA45A81A2DBE2B8A5915AD560C.d.835DEBAF0D8F52DB0C120E2C1B5C4250.e.5527/elements - {"using":"css selector","value":"td"}
RESULT: {"using":"css selector","value":"td"}
COMMAND: POST /session/bac753d7431ab8579d321a709828f6cf/element/f.AB4A68BA45A81A2DBE2B8A5915AD560C.d.835DEBAF0D8F52DB0C120E2C1B5C4250.e.5528/elements - {"using":"css selector","value":"td"}
RESULT: {"using":"css selector","value":"td"}
COMMAND: POST /session/bac753d7431ab8579d321a709828f6cf/element/f.AB4A68BA45A81A2DBE2B8A5915AD560C.d.835DEBAF0D8F52DB0C120E2C1B5C4250.e.5529/elements - {"using":"css selector","value":"td"}
RESULT: {"using":"css selector","value":"td"}
COMMAND: POST /session/bac753d7431ab8579d321a709828f6cf/element/f.AB4A68BA45A81A2DBE2B8A5915AD560C.d.835DEBAF0D8F52DB0C120E2C1B5C4250.e.5530/elements - {"using":"css selector","value":"td"}
RESULT: {"using":"css selector","value":"td"}
COMMAND: POST /session/bac753d7431ab8579d321a709828f6cf/element/f.AB4A68BA45A81A2DBE2B8A5915AD560C.d.835DEBAF0D8F52DB0C120E2C1B5C4250.e.5531/elements - {"using":"css selector","value":"td"}
RESULT: {"using":"css selector","value":"td"}
COMMAND: POST /session/bac753d7431ab8579d321a709828f6cf/element/f.AB4A68BA45A81A2DBE2B8A5915AD560C.d.835DEBAF0D8F52DB0C120E2C1B5C4250.e.5532/elements - {"using":"css selector","value":"td"}
RESULT: {"using":"css selector","value":"td"}
COMMAND: POST /session/bac753d7431ab8579d321a709828f6cf/element/f.AB4A68BA45A81A2DBE2B8A5915AD560C.d.835DEBAF0D8F52DB0C120E2C1B5C4250.e.5533/elements - {"using":"css selector","value":"td"}
RESULT: {"using":"css selector","value":"td"}
COMMAND: POST /session/bac753d7431ab8579d321a709828f6cf/element/f.AB4A68BA45A81A2DBE2B8A5915AD560C.d.835DEBAF0D8F52DB0C120E2C1B5C4250.e.5534/elements - {"using":"css selector","value":"td"}
RESULT: {"using":"css selector","value":"td"}
COMMAND: POST /session/bac753d7431ab8579d321a709828f6cf/element/f.AB4A68BA45A81A2DBE2B8A5915AD560C.d.835DEBAF0D8F52DB0C120E2C1B5C4250.e.5535/elements - {"using":"css selector","value":"td"}
RESULT: {"using":"css selector","value":"td"}
COMMAND: POST /session/bac753d7431ab8579d321a709828f6cf/element/f.AB4A68BA45A81A2DBE2B8A5915AD560C.d.835DEBAF0D8F52DB0C120E2C1B5C4250.e.5536/elements - {"using":"css selector","value":"td"}
RESULT: {"using":"css selector","value":"td"}
COMMAND: POST /session/bac753d7431ab8579d321a709828f6cf/element/f.AB4A68BA45A81A2DBE2B8A5915AD560C.d.835DEBAF0D8F52DB0C120E2C1B5C4250.e.5537/elements - {"using":"css selector","value":"td"}
RESULT: {"using":"css selector","value":"td"}
COMMAND: POST /session/bac753d7431ab8579d321a709828f6cf/element/f.AB4A68BA45A81A2DBE2B8A5915AD560C.d.835DEBAF0D8F52DB0C120E2C1B5C4250.e.5538/elements - {"using":"css selector","value":"td"}
RESULT: {"using":"css selector","value":"td"}
COMMAND: POST /session/bac753d7431ab8579d321a709828f6cf/element/f.AB4A68BA45A81A2DBE2B8A5915AD560C.d.835DEBAF0D8F52DB0C120E2C1B5C4250.e.5539/elements - {"using":"css selector","value":"td"}
RESULT: {"using":"css selector","value":"td"}
COMMAND: POST /session/bac753d7431ab8579d321a709828f6cf/element/f.AB4A68BA45A81A2DBE2B8A5915AD560C.d.835DEBAF0D8F52DB0C120E2C1B5C4250.e.5540/elements - {"using":"css selector","value":"td"}
RESULT: {"using":"css selector","value":"td"}
COMMAND: POST /session/bac753d7431ab8579d321a709828f6cf/element/f.AB4A68BA45A81A2DBE2B8A5915AD560C.d.835DEBAF0D8F52DB0C120E2C1B5C4250.e.5541/elements - {"using":"css selector","value":"td"}
RESULT: {"using":"css selector","value":"td"}
COMMAND: POST /session/bac753d7431ab8579d321a709828f6cf/element/f.AB4A68BA45A81A2DBE2B8A5915AD560C.d.835DEBAF0D8F52DB0C120E2C1B5C4250.e.5542/elements - {"using":"css selector","value":"td"}
RESULT: {"using":"css selector","value":"td"}
COMMAND: POST /session/bac753d7431ab8579d321a709828f6cf/element/f.AB4A68BA45A81A2DBE2B8A5915AD560C.d.835DEBAF0D8F52DB0C120E2C1B5C4250.e.5543/elements - {"using":"css selector","value":"td"}
RESULT: {"using":"css selector","value":"td"}
COMMAND: POST /session/bac753d7431ab8579d321a709828f6cf/element/f.AB4A68BA45A81A2DBE2B8A5915AD560C.d.835DEBAF0D8F52DB0C120E2C1B5C4250.e.5544/elements - {"using":"css selector","value":"td"}
RESULT: {"using":"css selector","value":"td"}
COMMAND: POST /session/bac753d7431ab8579d321a709828f6cf/element/f.AB4A68BA45A81A2DBE2B8A5915AD560C.d.835DEBAF0D8F52DB0C120E2C1B5C4250.e.5545/elements - {"using":"css selector","value":"td"}
RESULT: {"using":"css selector","value":"td"}
COMMAND: POST /session/bac753d7431ab8579d321a709828f6cf/element/f.AB4A68BA45A81A2DBE2B8A5915AD560C.d.835DEBAF0D8F52DB0C120E2C1B5C4250.e.5546/elements - {"using":"css selector","value":"td"}
RESULT: {"using":"css selector","value":"td"}
COMMAND: POST /session/bac753d7431ab8579d321a709828f6cf/element/f.AB4A68BA45A81A2DBE2B8A5915AD560C.d.835DEBAF0D8F52DB0C120E2C1B5C4250.e.5547/elements - {"using":"css selector","value":"td"}
RESULT: {"using":"css selector","value":"td"}
COMMAND: POST /session/bac753d7431ab8579d321a709828f6cf/element/f.AB4A68BA45A81A2DBE2B8A5915AD560C.d.835DEBAF0D8F52DB0C120E2C1B5C4250.e.5548/elements - {"using":"css selector","value":"td"}
RESULT: {"using":"css selector","value":"td"}
COMMAND: POST /session/bac753d7431ab8579d321a709828f6cf/element/f.AB4A68BA45A81A2DBE2B8A5915AD560C.d.835DEBAF0D8F52DB0C120E2C1B5C4250.e.5549/elements - {"using":"css selector","value":"td"}
RESULT: {"using":"css selector","value":"td"}
COMMAND: POST /session/bac753d7431ab8579d321a709828f6cf/element/f.AB4A68BA45A81A2DBE2B8A5915AD560C.d.835DEBAF0D8F52DB0C120E2C1B5C4250.e.5550/elements - {"using":"css selector","value":"td"}
RESULT: {"using":"css selector","value":"td"}
COMMAND: POST /session/bac753d7431ab8579d321a709828f6cf/element/f.AB4A68BA45A81A2DBE2B8A5915AD560C.d.835DEBAF0D8F52DB0C120E2C1B5C4250.e.5551/elements - {"using":"css selector","value":"td"}
RESULT: {"using":"css selector","value":"td"}
COMMAND: POST /session/bac753d7431ab8579d321a709828f6cf/element/f.AB4A68BA45A81A2DBE2B8A5915AD560C.d.835DEBAF0D8F52DB0C120E2C1B5C4250.e.5552/elements - {"using":"css selector","value":"td"}
RESULT: {"using":"css selector","value":"td"}
COMMAND: POST /session/bac753d7431ab8579d321a709828f6cf/element/f.AB4A68BA45A81A2DBE2B8A5915AD560C.d.835DEBAF0D8F52DB0C120E2C1B5C4250.e.5553/elements - {"using":"css selector","value":"td"}
RESULT: {"using":"css selector","value":"td"}
COMMAND: POST /session/bac753d7431ab8579d321a709828f6cf/element/f.AB4A68BA45A81A2DBE2B8A5915AD560C.d.835DEBAF0D8F52DB0C120E2C1B5C4250.e.5554/elements - {"using":"css selector","value":"td"}
RESULT: {"using":"css selector","value":"td"}
COMMAND: POST /session/bac753d7431ab8579d321a709828f6cf/element/f.AB4A68BA45A81A2DBE2B8A5915AD560C.d.835DEBAF0D8F52DB0C120E2C1B5C4250.e.5555/elements - {"using":"css selector","value":"td"}
RESULT: {"using":"css selector","value":"td"}
COMMAND: POST /session/bac753d7431ab8579d321a709828f6cf/element/f.AB4A68BA45A81A2DBE2B8A5915AD560C.d.835DEBAF0D8F52DB0C120E2C1B5C4250.e.5556/elements - {"using":"css selector","value":"td"}
RESULT: {"using":"css selector","value":"td"}
COMMAND: POST /session/bac753d7431ab8579d321a709828f6cf/element/f.AB4A68BA45A81A2DBE2B8A5915AD560C.d.835DEBAF0D8F52DB0C120E2C1B5C4250.e.5557/elements - {"using":"css selector","value":"td"}
RESULT: {"using":"css selector","value":"td"}
COMMAND: POST /session/bac753d7431ab8579d321a709828f6cf/element/f.AB4A68BA45A81A2DBE2B8A5915AD560C.d.835DEBAF0D8F52DB0C120E2C1B5C4250.e.5558/elements - {"using":"css selector","value":"td"}
RESULT: {"using":"css selector","value":"td"}
COMMAND: POST /session/bac753d7431ab8579d321a709828f6cf/element/f.AB4A68BA45A81A2DBE2B8A5915AD560C.d.835DEBAF0D8F52DB0C120E2C1B5C4250.e.5559/elements - {"using":"css selector","value":"td"}
RESULT: {"using":"css selector","value":"td"}
COMMAND: POST /session/bac753d7431ab8579d321a709828f6cf/element/f.AB4A68BA45A81A2DBE2B8A5915AD560C.d.835DEBAF0D8F52DB0C120E2C1B5C4250.e.5560/elements - {"using":"css selector","value":"td"}
RESULT: {"using":"css selector","value":"td"}
COMMAND: POST /session/bac753d7431ab8579d321a709828f6cf/element/f.AB4A68BA45A81A2DBE2B8A5915AD560C.d.835DEBAF0D8F52DB0C120E2C1B5C4250.e.5561/elements - {"using":"css selector","value":"td"}
RESULT: {"using":"css selector","value":"td"}
COMMAND: POST /session/bac753d7431ab8579d321a709828f6cf/element/f.AB4A68BA45A81A2DBE2B8A5915AD560C.d.835DEBAF0D8F52DB0C120E2C1B5C4250.e.5562/elements - {"using":"css selector","value":"td"}
RESULT: {"using":"css selector","value":"td"}
COMMAND: POST /session/bac753d7431ab8579d321a709828f6cf/element/f.AB4A68BA45A81A2DBE2B8A5915AD560C.d.835DEBAF0D8F52DB0C120E2C1B5C4250.e.5563/elements - {"using":"css selector","value":"td"}
RESULT: {"using":"css selector","value":"td"}
COMMAND: POST /session/bac753d7431ab8579d321a709828f6cf/element/f.AB4A68BA45A81A2DBE2B8A5915AD560C.d.835DEBAF0D8F52DB0C120E2C1B5C4250.e.5564/elements - {"using":"css selector","value":"td"}
RESULT: {"using":"css selector","value":"td"}
COMMAND: POST /session/bac753d7431ab8579d321a709828f6cf/element/f.AB4A68BA45A81A2DBE2B8A5915AD560C.d.835DEBAF0D8F52DB0C120E2C1B5C4250.e.5565/elements - {"using":"css selector","value":"td"}
RESULT: {"using":"css selector","value":"td"}
COMMAND: POST /session/bac753d7431ab8579d321a709828f6cf/element/f.AB4A68BA45A81A2DBE2B8A5915AD560C.d.835DEBAF0D8F52DB0C120E2C1B5C4250.e.5566/elements - {"using":"css selector","value":"td"}
RESULT: {"using":"css selector","value":"td"}
COMMAND: POST /session/bac753d7431ab8579d321a709828f6cf/element/f.AB4A68BA45A81A2DBE2B8A5915AD560C.d.835DEBAF0D8F52DB0C120E2C1B5C4250.e.5567/elements - {"using":"css selector","value":"td"}
RESULT: {"using":"css selector","value":"td"}
COMMAND: POST /session/bac753d7431ab8579d321a709828f6cf/element/f.AB4A68BA45A81A2DBE2B8A5915AD560C.d.835DEBAF0D8F52DB0C120E2C1B5C4250.e.5568/elements - {"using":"css selector","value":"td"}
RESULT: {"using":"css selector","value":"td"}
COMMAND: POST /session/bac753d7431ab8579d321a709828f6cf/element/f.AB4A68BA45A81A2DBE2B8A5915AD560C.d.835DEBAF0D8F52DB0C120E2C1B5C4250.e.5569/elements - {"using":"css selector","value":"td"}
RESULT: {"using":"css selector","value":"td"}
COMMAND: POST /session/bac753d7431ab8579d321a709828f6cf/element/f.AB4A68BA45A81A2DBE2B8A5915AD560C.d.835DEBAF0D8F52DB0C120E2C1B5C4250.e.5570/elements - {"using":"css selector","value":"td"}
RESULT: {"using":"css selector","value":"td"}
COMMAND: POST /session/bac753d7431ab8579d321a709828f6cf/element/f.AB4A68BA45A81A2DBE2B8A5915AD560C.d.835DEBAF0D8F52DB0C120E2C1B5C4250.e.5571/elements - {"using":"css selector","value":"td"}
RESULT: {"using":"css selector","value":"td"}
COMMAND: POST /session/bac753d7431ab8579d321a709828f6cf/element/f.AB4A68BA45A81A2DBE2B8A5915AD560C.d.835DEBAF0D8F52DB0C120E2C1B5C4250.e.5572/elements - {"using":"css selector","value":"td"}
RESULT: {"using":"css selector","value":"td"}
COMMAND: POST /session/bac753d7431ab8579d321a709828f6cf/element/f.AB4A68BA45A81A2DBE2B8A5915AD560C.d.835DEBAF0D8F52DB0C120E2C1B5C4250.e.5573/elements - {"using":"css selector","value":"td"}
RESULT: {"using":"css selector","value":"td"}
COMMAND: POST /session/bac753d7431ab8579d321a709828f6cf/element/f.AB4A68BA45A81A2DBE2B8A5915AD560C.d.835DEBAF0D8F52DB0C120E2C1B5C4250.e.5574/elements - {"using":"css selector","value":"td"}
RESULT: {"using":"css selector","value":"td"}
COMMAND: POST /session/bac753d7431ab8579d321a709828f6cf/element/f.AB4A68BA45A81A2DBE2B8A5915AD560C.d.835DEBAF0D8F52DB0C120E2C1B5C4250.e.5575/elements - {"using":"css selector","value":"td"}
RESULT: {"using":"css selector","value":"td"}
COMMAND: POST /session/bac753d7431ab8579d321a709828f6cf/element/f.AB4A68BA45A81A2DBE2B8A5915AD560C.d.835DEBAF0D8F52DB0C120E2C1B5C4250.e.5576/elements - {"using":"css selector","value":"td"}
RESULT: {"using":"css selector","value":"td"}
COMMAND: POST /session/bac753d7431ab8579d321a709828f6cf/element/f.AB4A68BA45A81A2DBE2B8A5915AD560C.d.835DEBAF0D8F52DB0C120E2C1B5C4250.e.5577/elements - {"using":"css selector","value":"td"}
RESULT: {"using":"css selector","value":"td"}
COMMAND: POST /session/bac753d7431ab8579d321a709828f6cf/element/f.AB4A68BA45A81A2DBE2B8A5915AD560C.d.835DEBAF0D8F52DB0C120E2C1B5C4250.e.5578/elements - {"using":"css selector","value":"td"}
RESULT: {"using":"css selector","value":"td"}
COMMAND: POST /session/bac753d7431ab8579d321a709828f6cf/element/f.AB4A68BA45A81A2DBE2B8A5915AD560C.d.835DEBAF0D8F52DB0C120E2C1B5C4250.e.5579/elements - {"using":"css selector","value":"td"}
RESULT: {"using":"css selector","value":"td"}
COMMAND: POST /session/bac753d7431ab8579d321a709828f6cf/element/f.AB4A68BA45A81A2DBE2B8A5915AD560C.d.835DEBAF0D8F52DB0C120E2C1B5C4250.e.5580/elements - {"using":"css selector","value":"td"}
RESULT: {"using":"css selector","value":"td"}
COMMAND: POST /session/bac753d7431ab8579d321a709828f6cf/element/f.AB4A68BA45A81A2DBE2B8A5915AD560C.d.835DEBAF0D8F52DB0C120E2C1B5C4250.e.5581/elements - {"using":"css selector","value":"td"}
RESULT: {"using":"css selector","value":"td"}
COMMAND: POST /session/bac753d7431ab8579d321a709828f6cf/element/f.AB4A68BA45A81A2DBE2B8A5915AD560C.d.835DEBAF0D8F52DB0C120E2C1B5C4250.e.5603/element - {"using":"css selector","value":"input"}
RESULT: {"using":"css selector","value":"input"}
COMMAND: GET /session/bac753d7431ab8579d321a709828f6cf/element/f.AB4A68BA45A81A2DBE2B8A5915AD560C.d.835DEBAF0D8F52DB0C120E2C1B5C4250.e.5586/property/value - {}
RESULT: {}
COMMAND: POST /session/bac753d7431ab8579d321a709828f6cf/element/f.AB4A68BA45A81A2DBE2B8A5915AD560C.d.835DEBAF0D8F52DB0C120E2C1B5C4250.e.5581/element - {"using":"css selector","value":".sapMCbBg"}
COMMAND: GET /session/bac753d7431ab8579d321a709828f6cf/screenshot - {}
RESULT: {"using":"css selector","value":".sapMCbBg"}
COMMAND: GET /session/bac753d7431ab8579d321a709828f6cf/element/f.AB4A68BA45A81A2DBE2B8A5915AD560C.d.835DEBAF0D8F52DB0C120E2C1B5C4250.e.6474/selected - {}
RESULT: {}
RESULT: {}
COMMAND: POST /session/bac753d7431ab8579d321a709828f6cf/element/f.AB4A68BA45A81A2DBE2B8A5915AD560C.d.835DEBAF0D8F52DB0C120E2C1B5C4250.e.6474/click - {}
COMMAND: GET /session/bac753d7431ab8579d321a709828f6cf/screenshot - {}
RESULT: {}
COMMAND: POST /session/bac753d7431ab8579d321a709828f6cf/element/f.AB4A68BA45A81A2DBE2B8A5915AD560C.d.835DEBAF0D8F52DB0C120E2C1B5C4250.e.5612/elements - {"using":"css selector","value":"td"}
COMMAND: GET /session/bac753d7431ab8579d321a709828f6cf/screenshot - {}
RESULT: {}
RESULT: {"using":"css selector","value":"td"}
COMMAND: POST /session/bac753d7431ab8579d321a709828f6cf/element/f.AB4A68BA45A81A2DBE2B8A5915AD560C.d.835DEBAF0D8F52DB0C120E2C1B5C4250.e.5634/element - {"using":"css selector","value":"input"}
RESULT: {}
RESULT: {"using":"css selector","value":"input"}
COMMAND: GET /session/bac753d7431ab8579d321a709828f6cf/element/f.AB4A68BA45A81A2DBE2B8A5915AD560C.d.835DEBAF0D8F52DB0C120E2C1B5C4250.e.5617/property/value - {}
RESULT: {}
COMMAND: POST /session/bac753d7431ab8579d321a709828f6cf/element/f.AB4A68BA45A81A2DBE2B8A5915AD560C.d.835DEBAF0D8F52DB0C120E2C1B5C4250.e.5612/element - {"using":"css selector","value":".sapMCbBg"}
COMMAND: GET /session/bac753d7431ab8579d321a709828f6cf/screenshot - {}
RESULT: {"using":"css selector","value":".sapMCbBg"}
COMMAND: GET /session/bac753d7431ab8579d321a709828f6cf/element/f.AB4A68BA45A81A2DBE2B8A5915AD560C.d.835DEBAF0D8F52DB0C120E2C1B5C4250.e.6478/selected - {}
RESULT: {}
RESULT: {}
COMMAND: POST /session/bac753d7431ab8579d321a709828f6cf/element/f.AB4A68BA45A81A2DBE2B8A5915AD560C.d.835DEBAF0D8F52DB0C120E2C1B5C4250.e.6478/click - {}
COMMAND: GET /session/bac753d7431ab8579d321a709828f6cf/screenshot - {}
RESULT: {}
COMMAND: GET /session/bac753d7431ab8579d321a709828f6cf/screenshot - {}
RESULT: {}
RESULT: {}
COMMAND: POST /session/bac753d7431ab8579d321a709828f6cf/execute/async - {"script":"<script> [1562 bytes]","args":[{"selector":{"id":"application-manageconditionprice-display-component---dailyPrices--deleteBtn","interaction":{"idSuffix":"content"}},"wdio_ui5_key":"applicationmanageconditionprice-display-component---dailyPrices--deleteBtn"}]}
RESULT: {"script":"<script> [1562 bytes]","args":[{"selector":{"id":"application-manageconditionprice-display-component---dailyPrices--deleteBtn","interaction":{"idSuffix":"content"}},"wdio_ui5_key":"applicationmanageconditionprice-display-component---dailyPrices--deleteBtn"}]}
RESULT: undefined
COMMAND: POST /session/bac753d7431ab8579d321a709828f6cf/element - {"using":"xpath","value":"//*[@id=\"application-manageconditionprice-display-component---dailyPrices--deleteBtn\"]"}
RESULT: {"using":"xpath","value":"//*[@id=\"application-manageconditionprice-display-component---dailyPrices--deleteBtn\"]"}
COMMAND: POST /session/bac753d7431ab8579d321a709828f6cf/element/f.AB4A68BA45A81A2DBE2B8A5915AD560C.d.835DEBAF0D8F52DB0C120E2C1B5C4250.e.6480/click - {}
RESULT: {}
COMMAND: POST /session/bac753d7431ab8579d321a709828f6cf/execute/async - {"script":"<script> [1562 bytes]","args":[{"selector":{"controlType":"sap.m.Button","properties":{"text":"OK"},"searchOpenDialogs":true,"interaction":{"idSuffix":"BDI-content"}},"wdio_ui5_key":"sapm.Button{\"text\":\"OK\"}"}]}
COMMAND: GET /session/bac753d7431ab8579d321a709828f6cf/screenshot - {}
RESULT: {"script":"<script> [1562 bytes]","args":[{"selector":{"controlType":"sap.m.Button","properties":{"text":"OK"},"searchOpenDialogs":true,"interaction":{"idSuffix":"BDI-content"}},"wdio_ui5_key":"sapm.Button{\"text\":\"OK\"}"}]}
RESULT: undefined
COMMAND: POST /session/bac753d7431ab8579d321a709828f6cf/element - {"using":"xpath","value":"//*[@id=\"__mbox-btn-0\"]"}
RESULT: {}
RESULT: {"using":"xpath","value":"//*[@id=\"__mbox-btn-0\"]"}
COMMAND: POST /session/bac753d7431ab8579d321a709828f6cf/element/f.AB4A68BA45A81A2DBE2B8A5915AD560C.d.835DEBAF0D8F52DB0C120E2C1B5C4250.e.6481/click - {}
RESULT: {}
COMMAND: GET /session/bac753d7431ab8579d321a709828f6cf/screenshot - {}
RESULT: {}
RESULT: undefined
COMMAND: POST /session/bac753d7431ab8579d321a709828f6cf/element - {"using":"xpath","value":"//*[@id=\"__button8\"]"}
RESULT: {"using":"xpath","value":"//*[@id=\"__button8\"]"}
COMMAND: POST /session/bac753d7431ab8579d321a709828f6cf/element/f.AB4A68BA45A81A2DBE2B8A5915AD560C.d.835DEBAF0D8F52DB0C120E2C1B5C4250.e.5669/click - {}
RESULT: {}
COMMAND: GET /session/bac753d7431ab8579d321a709828f6cf/screenshot - {}
RESULT: {}
COMMAND: POST /session/bac753d7431ab8579d321a709828f6cf/elements - {"using":"css selector","value":"table tr"}
RESULT: {"using":"css selector","value":"table tr"}
COMMAND: POST /session/bac753d7431ab8579d321a709828f6cf/element/f.AB4A68BA45A81A2DBE2B8A5915AD560C.d.835DEBAF0D8F52DB0C120E2C1B5C4250.e.5385/elements - {"using":"css selector","value":"td"}
RESULT: {"using":"css selector","value":"td"}
COMMAND: POST /session/bac753d7431ab8579d321a709828f6cf/element/f.AB4A68BA45A81A2DBE2B8A5915AD560C.d.835DEBAF0D8F52DB0C120E2C1B5C4250.e.5386/elements - {"using":"css selector","value":"td"}
RESULT: {"using":"css selector","value":"td"}
COMMAND: POST /session/bac753d7431ab8579d321a709828f6cf/element/f.AB4A68BA45A81A2DBE2B8A5915AD560C.d.835DEBAF0D8F52DB0C120E2C1B5C4250.e.5387/elements - {"using":"css selector","value":"td"}
RESULT: {"using":"css selector","value":"td"}
COMMAND: POST /session/bac753d7431ab8579d321a709828f6cf/element/f.AB4A68BA45A81A2DBE2B8A5915AD560C.d.835DEBAF0D8F52DB0C120E2C1B5C4250.e.5290/elements - {"using":"css selector","value":"td"}
RESULT: {"using":"css selector","value":"td"}
COMMAND: POST /session/bac753d7431ab8579d321a709828f6cf/element/f.AB4A68BA45A81A2DBE2B8A5915AD560C.d.835DEBAF0D8F52DB0C120E2C1B5C4250.e.5291/elements - {"using":"css selector","value":"td"}
RESULT: {"using":"css selector","value":"td"}
COMMAND: POST /session/bac753d7431ab8579d321a709828f6cf/element/f.AB4A68BA45A81A2DBE2B8A5915AD560C.d.835DEBAF0D8F52DB0C120E2C1B5C4250.e.5299/elements - {"using":"css selector","value":"td"}
RESULT: {"using":"css selector","value":"td"}
COMMAND: POST /session/bac753d7431ab8579d321a709828f6cf/element/f.AB4A68BA45A81A2DBE2B8A5915AD560C.d.835DEBAF0D8F52DB0C120E2C1B5C4250.e.5300/elements - {"using":"css selector","value":"td"}
RESULT: {"using":"css selector","value":"td"}
COMMAND: POST /session/bac753d7431ab8579d321a709828f6cf/element/f.AB4A68BA45A81A2DBE2B8A5915AD560C.d.835DEBAF0D8F52DB0C120E2C1B5C4250.e.5308/elements - {"using":"css selector","value":"td"}
RESULT: {"using":"css selector","value":"td"}
COMMAND: POST /session/bac753d7431ab8579d321a709828f6cf/element/f.AB4A68BA45A81A2DBE2B8A5915AD560C.d.835DEBAF0D8F52DB0C120E2C1B5C4250.e.5309/elements - {"using":"css selector","value":"td"}
RESULT: {"using":"css selector","value":"td"}
COMMAND: POST /session/bac753d7431ab8579d321a709828f6cf/element/f.AB4A68BA45A81A2DBE2B8A5915AD560C.d.835DEBAF0D8F52DB0C120E2C1B5C4250.e.5313/elements - {"using":"css selector","value":"td"}
RESULT: {"using":"css selector","value":"td"}
COMMAND: POST /session/bac753d7431ab8579d321a709828f6cf/element/f.AB4A68BA45A81A2DBE2B8A5915AD560C.d.835DEBAF0D8F52DB0C120E2C1B5C4250.e.5388/elements - {"using":"css selector","value":"td"}
RESULT: {"using":"css selector","value":"td"}
COMMAND: POST /session/bac753d7431ab8579d321a709828f6cf/element/f.AB4A68BA45A81A2DBE2B8A5915AD560C.d.835DEBAF0D8F52DB0C120E2C1B5C4250.e.5389/elements - {"using":"css selector","value":"td"}
RESULT: {"using":"css selector","value":"td"}
COMMAND: POST /session/bac753d7431ab8579d321a709828f6cf/element/f.AB4A68BA45A81A2DBE2B8A5915AD560C.d.835DEBAF0D8F52DB0C120E2C1B5C4250.e.5390/elements - {"using":"css selector","value":"td"}
RESULT: {"using":"css selector","value":"td"}
COMMAND: POST /session/bac753d7431ab8579d321a709828f6cf/element/f.AB4A68BA45A81A2DBE2B8A5915AD560C.d.835DEBAF0D8F52DB0C120E2C1B5C4250.e.5391/elements - {"using":"css selector","value":"td"}
RESULT: {"using":"css selector","value":"td"}
COMMAND: POST /session/bac753d7431ab8579d321a709828f6cf/element/f.AB4A68BA45A81A2DBE2B8A5915AD560C.d.835DEBAF0D8F52DB0C120E2C1B5C4250.e.5392/elements - {"using":"css selector","value":"td"}
RESULT: {"using":"css selector","value":"td"}
COMMAND: POST /session/bac753d7431ab8579d321a709828f6cf/element/f.AB4A68BA45A81A2DBE2B8A5915AD560C.d.835DEBAF0D8F52DB0C120E2C1B5C4250.e.5393/elements - {"using":"css selector","value":"td"}
RESULT: {"using":"css selector","value":"td"}
COMMAND: POST /session/bac753d7431ab8579d321a709828f6cf/element/f.AB4A68BA45A81A2DBE2B8A5915AD560C.d.835DEBAF0D8F52DB0C120E2C1B5C4250.e.5394/elements - {"using":"css selector","value":"td"}
RESULT: {"using":"css selector","value":"td"}
COMMAND: POST /session/bac753d7431ab8579d321a709828f6cf/element/f.AB4A68BA45A81A2DBE2B8A5915AD560C.d.835DEBAF0D8F52DB0C120E2C1B5C4250.e.5395/elements - {"using":"css selector","value":"td"}
RESULT: {"using":"css selector","value":"td"}
COMMAND: POST /session/bac753d7431ab8579d321a709828f6cf/element/f.AB4A68BA45A81A2DBE2B8A5915AD560C.d.835DEBAF0D8F52DB0C120E2C1B5C4250.e.5396/elements - {"using":"css selector","value":"td"}
RESULT: {"using":"css selector","value":"td"}
COMMAND: POST /session/bac753d7431ab8579d321a709828f6cf/element/f.AB4A68BA45A81A2DBE2B8A5915AD560C.d.835DEBAF0D8F52DB0C120E2C1B5C4250.e.5397/elements - {"using":"css selector","value":"td"}
RESULT: {"using":"css selector","value":"td"}
COMMAND: POST /session/bac753d7431ab8579d321a709828f6cf/element/f.AB4A68BA45A81A2DBE2B8A5915AD560C.d.835DEBAF0D8F52DB0C120E2C1B5C4250.e.5398/elements - {"using":"css selector","value":"td"}
RESULT: {"using":"css selector","value":"td"}
COMMAND: POST /session/bac753d7431ab8579d321a709828f6cf/element/f.AB4A68BA45A81A2DBE2B8A5915AD560C.d.835DEBAF0D8F52DB0C120E2C1B5C4250.e.5399/elements - {"using":"css selector","value":"td"}
RESULT: {"using":"css selector","value":"td"}
COMMAND: POST /session/bac753d7431ab8579d321a709828f6cf/element/f.AB4A68BA45A81A2DBE2B8A5915AD560C.d.835DEBAF0D8F52DB0C120E2C1B5C4250.e.5400/elements - {"using":"css selector","value":"td"}
RESULT: {"using":"css selector","value":"td"}
COMMAND: POST /session/bac753d7431ab8579d321a709828f6cf/element/f.AB4A68BA45A81A2DBE2B8A5915AD560C.d.835DEBAF0D8F52DB0C120E2C1B5C4250.e.5401/elements - {"using":"css selector","value":"td"}
RESULT: {"using":"css selector","value":"td"}
COMMAND: POST /session/bac753d7431ab8579d321a709828f6cf/element/f.AB4A68BA45A81A2DBE2B8A5915AD560C.d.835DEBAF0D8F52DB0C120E2C1B5C4250.e.5402/elements - {"using":"css selector","value":"td"}
RESULT: {"using":"css selector","value":"td"}
COMMAND: POST /session/bac753d7431ab8579d321a709828f6cf/element/f.AB4A68BA45A81A2DBE2B8A5915AD560C.d.835DEBAF0D8F52DB0C120E2C1B5C4250.e.5403/elements - {"using":"css selector","value":"td"}
RESULT: {"using":"css selector","value":"td"}
COMMAND: POST /session/bac753d7431ab8579d321a709828f6cf/element/f.AB4A68BA45A81A2DBE2B8A5915AD560C.d.835DEBAF0D8F52DB0C120E2C1B5C4250.e.5404/elements - {"using":"css selector","value":"td"}
RESULT: {"using":"css selector","value":"td"}
COMMAND: POST /session/bac753d7431ab8579d321a709828f6cf/element/f.AB4A68BA45A81A2DBE2B8A5915AD560C.d.835DEBAF0D8F52DB0C120E2C1B5C4250.e.5405/elements - {"using":"css selector","value":"td"}
RESULT: {"using":"css selector","value":"td"}
COMMAND: POST /session/bac753d7431ab8579d321a709828f6cf/element/f.AB4A68BA45A81A2DBE2B8A5915AD560C.d.835DEBAF0D8F52DB0C120E2C1B5C4250.e.5406/elements - {"using":"css selector","value":"td"}
RESULT: {"using":"css selector","value":"td"}
COMMAND: POST /session/bac753d7431ab8579d321a709828f6cf/element/f.AB4A68BA45A81A2DBE2B8A5915AD560C.d.835DEBAF0D8F52DB0C120E2C1B5C4250.e.5407/elements - {"using":"css selector","value":"td"}
RESULT: {"using":"css selector","value":"td"}
COMMAND: POST /session/bac753d7431ab8579d321a709828f6cf/element/f.AB4A68BA45A81A2DBE2B8A5915AD560C.d.835DEBAF0D8F52DB0C120E2C1B5C4250.e.5408/elements - {"using":"css selector","value":"td"}
RESULT: {"using":"css selector","value":"td"}
COMMAND: POST /session/bac753d7431ab8579d321a709828f6cf/element/f.AB4A68BA45A81A2DBE2B8A5915AD560C.d.835DEBAF0D8F52DB0C120E2C1B5C4250.e.5409/elements - {"using":"css selector","value":"td"}
RESULT: {"using":"css selector","value":"td"}
COMMAND: POST /session/bac753d7431ab8579d321a709828f6cf/element/f.AB4A68BA45A81A2DBE2B8A5915AD560C.d.835DEBAF0D8F52DB0C120E2C1B5C4250.e.5410/elements - {"using":"css selector","value":"td"}
RESULT: {"using":"css selector","value":"td"}
COMMAND: POST /session/bac753d7431ab8579d321a709828f6cf/element/f.AB4A68BA45A81A2DBE2B8A5915AD560C.d.835DEBAF0D8F52DB0C120E2C1B5C4250.e.5411/elements - {"using":"css selector","value":"td"}
RESULT: {"using":"css selector","value":"td"}
COMMAND: POST /session/bac753d7431ab8579d321a709828f6cf/element/f.AB4A68BA45A81A2DBE2B8A5915AD560C.d.835DEBAF0D8F52DB0C120E2C1B5C4250.e.5412/elements - {"using":"css selector","value":"td"}
RESULT: {"using":"css selector","value":"td"}
COMMAND: POST /session/bac753d7431ab8579d321a709828f6cf/element/f.AB4A68BA45A81A2DBE2B8A5915AD560C.d.835DEBAF0D8F52DB0C120E2C1B5C4250.e.5413/elements - {"using":"css selector","value":"td"}
RESULT: {"using":"css selector","value":"td"}
COMMAND: POST /session/bac753d7431ab8579d321a709828f6cf/element/f.AB4A68BA45A81A2DBE2B8A5915AD560C.d.835DEBAF0D8F52DB0C120E2C1B5C4250.e.5414/elements - {"using":"css selector","value":"td"}
RESULT: {"using":"css selector","value":"td"}
COMMAND: POST /session/bac753d7431ab8579d321a709828f6cf/element/f.AB4A68BA45A81A2DBE2B8A5915AD560C.d.835DEBAF0D8F52DB0C120E2C1B5C4250.e.5415/elements - {"using":"css selector","value":"td"}
RESULT: {"using":"css selector","value":"td"}
COMMAND: POST /session/bac753d7431ab8579d321a709828f6cf/element/f.AB4A68BA45A81A2DBE2B8A5915AD560C.d.835DEBAF0D8F52DB0C120E2C1B5C4250.e.5416/elements - {"using":"css selector","value":"td"}
RESULT: {"using":"css selector","value":"td"}
COMMAND: POST /session/bac753d7431ab8579d321a709828f6cf/element/f.AB4A68BA45A81A2DBE2B8A5915AD560C.d.835DEBAF0D8F52DB0C120E2C1B5C4250.e.5417/elements - {"using":"css selector","value":"td"}
RESULT: {"using":"css selector","value":"td"}
COMMAND: POST /session/bac753d7431ab8579d321a709828f6cf/element/f.AB4A68BA45A81A2DBE2B8A5915AD560C.d.835DEBAF0D8F52DB0C120E2C1B5C4250.e.5418/elements - {"using":"css selector","value":"td"}
RESULT: {"using":"css selector","value":"td"}
COMMAND: POST /session/bac753d7431ab8579d321a709828f6cf/element/f.AB4A68BA45A81A2DBE2B8A5915AD560C.d.835DEBAF0D8F52DB0C120E2C1B5C4250.e.5419/elements - {"using":"css selector","value":"td"}
RESULT: {"using":"css selector","value":"td"}
COMMAND: POST /session/bac753d7431ab8579d321a709828f6cf/element/f.AB4A68BA45A81A2DBE2B8A5915AD560C.d.835DEBAF0D8F52DB0C120E2C1B5C4250.e.5420/elements - {"using":"css selector","value":"td"}
RESULT: {"using":"css selector","value":"td"}
COMMAND: POST /session/bac753d7431ab8579d321a709828f6cf/element/f.AB4A68BA45A81A2DBE2B8A5915AD560C.d.835DEBAF0D8F52DB0C120E2C1B5C4250.e.5421/elements - {"using":"css selector","value":"td"}
RESULT: {"using":"css selector","value":"td"}
COMMAND: POST /session/bac753d7431ab8579d321a709828f6cf/element/f.AB4A68BA45A81A2DBE2B8A5915AD560C.d.835DEBAF0D8F52DB0C120E2C1B5C4250.e.5422/elements - {"using":"css selector","value":"td"}
RESULT: {"using":"css selector","value":"td"}
COMMAND: POST /session/bac753d7431ab8579d321a709828f6cf/element/f.AB4A68BA45A81A2DBE2B8A5915AD560C.d.835DEBAF0D8F52DB0C120E2C1B5C4250.e.5423/elements - {"using":"css selector","value":"td"}
RESULT: {"using":"css selector","value":"td"}
COMMAND: POST /session/bac753d7431ab8579d321a709828f6cf/element/f.AB4A68BA45A81A2DBE2B8A5915AD560C.d.835DEBAF0D8F52DB0C120E2C1B5C4250.e.5424/elements - {"using":"css selector","value":"td"}
RESULT: {"using":"css selector","value":"td"}
COMMAND: POST /session/bac753d7431ab8579d321a709828f6cf/element/f.AB4A68BA45A81A2DBE2B8A5915AD560C.d.835DEBAF0D8F52DB0C120E2C1B5C4250.e.5425/elements - {"using":"css selector","value":"td"}
RESULT: {"using":"css selector","value":"td"}
COMMAND: POST /session/bac753d7431ab8579d321a709828f6cf/element/f.AB4A68BA45A81A2DBE2B8A5915AD560C.d.835DEBAF0D8F52DB0C120E2C1B5C4250.e.5426/elements - {"using":"css selector","value":"td"}
RESULT: {"using":"css selector","value":"td"}
COMMAND: POST /session/bac753d7431ab8579d321a709828f6cf/element/f.AB4A68BA45A81A2DBE2B8A5915AD560C.d.835DEBAF0D8F52DB0C120E2C1B5C4250.e.5427/elements - {"using":"css selector","value":"td"}
RESULT: {"using":"css selector","value":"td"}
COMMAND: POST /session/bac753d7431ab8579d321a709828f6cf/element/f.AB4A68BA45A81A2DBE2B8A5915AD560C.d.835DEBAF0D8F52DB0C120E2C1B5C4250.e.5428/elements - {"using":"css selector","value":"td"}
RESULT: {"using":"css selector","value":"td"}
COMMAND: POST /session/bac753d7431ab8579d321a709828f6cf/element/f.AB4A68BA45A81A2DBE2B8A5915AD560C.d.835DEBAF0D8F52DB0C120E2C1B5C4250.e.5429/elements - {"using":"css selector","value":"td"}
RESULT: {"using":"css selector","value":"td"}
COMMAND: POST /session/bac753d7431ab8579d321a709828f6cf/element/f.AB4A68BA45A81A2DBE2B8A5915AD560C.d.835DEBAF0D8F52DB0C120E2C1B5C4250.e.5430/elements - {"using":"css selector","value":"td"}
RESULT: {"using":"css selector","value":"td"}
COMMAND: POST /session/bac753d7431ab8579d321a709828f6cf/element/f.AB4A68BA45A81A2DBE2B8A5915AD560C.d.835DEBAF0D8F52DB0C120E2C1B5C4250.e.5431/elements - {"using":"css selector","value":"td"}
RESULT: {"using":"css selector","value":"td"}
COMMAND: POST /session/bac753d7431ab8579d321a709828f6cf/element/f.AB4A68BA45A81A2DBE2B8A5915AD560C.d.835DEBAF0D8F52DB0C120E2C1B5C4250.e.5432/elements - {"using":"css selector","value":"td"}
RESULT: {"using":"css selector","value":"td"}
COMMAND: POST /session/bac753d7431ab8579d321a709828f6cf/element/f.AB4A68BA45A81A2DBE2B8A5915AD560C.d.835DEBAF0D8F52DB0C120E2C1B5C4250.e.5433/elements - {"using":"css selector","value":"td"}
RESULT: {"using":"css selector","value":"td"}
COMMAND: POST /session/bac753d7431ab8579d321a709828f6cf/element/f.AB4A68BA45A81A2DBE2B8A5915AD560C.d.835DEBAF0D8F52DB0C120E2C1B5C4250.e.5434/elements - {"using":"css selector","value":"td"}
RESULT: {"using":"css selector","value":"td"}
COMMAND: POST /session/bac753d7431ab8579d321a709828f6cf/element/f.AB4A68BA45A81A2DBE2B8A5915AD560C.d.835DEBAF0D8F52DB0C120E2C1B5C4250.e.5435/elements - {"using":"css selector","value":"td"}
RESULT: {"using":"css selector","value":"td"}
COMMAND: POST /session/bac753d7431ab8579d321a709828f6cf/element/f.AB4A68BA45A81A2DBE2B8A5915AD560C.d.835DEBAF0D8F52DB0C120E2C1B5C4250.e.5436/elements - {"using":"css selector","value":"td"}
RESULT: {"using":"css selector","value":"td"}
COMMAND: POST /session/bac753d7431ab8579d321a709828f6cf/element/f.AB4A68BA45A81A2DBE2B8A5915AD560C.d.835DEBAF0D8F52DB0C120E2C1B5C4250.e.5437/elements - {"using":"css selector","value":"td"}
RESULT: {"using":"css selector","value":"td"}
COMMAND: POST /session/bac753d7431ab8579d321a709828f6cf/element/f.AB4A68BA45A81A2DBE2B8A5915AD560C.d.835DEBAF0D8F52DB0C120E2C1B5C4250.e.5438/elements - {"using":"css selector","value":"td"}
RESULT: {"using":"css selector","value":"td"}
COMMAND: POST /session/bac753d7431ab8579d321a709828f6cf/element/f.AB4A68BA45A81A2DBE2B8A5915AD560C.d.835DEBAF0D8F52DB0C120E2C1B5C4250.e.5439/elements - {"using":"css selector","value":"td"}
RESULT: {"using":"css selector","value":"td"}
COMMAND: POST /session/bac753d7431ab8579d321a709828f6cf/element/f.AB4A68BA45A81A2DBE2B8A5915AD560C.d.835DEBAF0D8F52DB0C120E2C1B5C4250.e.5440/elements - {"using":"css selector","value":"td"}
RESULT: {"using":"css selector","value":"td"}
COMMAND: POST /session/bac753d7431ab8579d321a709828f6cf/element/f.AB4A68BA45A81A2DBE2B8A5915AD560C.d.835DEBAF0D8F52DB0C120E2C1B5C4250.e.5441/elements - {"using":"css selector","value":"td"}
RESULT: {"using":"css selector","value":"td"}
COMMAND: POST /session/bac753d7431ab8579d321a709828f6cf/element/f.AB4A68BA45A81A2DBE2B8A5915AD560C.d.835DEBAF0D8F52DB0C120E2C1B5C4250.e.5442/elements - {"using":"css selector","value":"td"}
RESULT: {"using":"css selector","value":"td"}
COMMAND: POST /session/bac753d7431ab8579d321a709828f6cf/element/f.AB4A68BA45A81A2DBE2B8A5915AD560C.d.835DEBAF0D8F52DB0C120E2C1B5C4250.e.5443/elements - {"using":"css selector","value":"td"}
RESULT: {"using":"css selector","value":"td"}
COMMAND: POST /session/bac753d7431ab8579d321a709828f6cf/element/f.AB4A68BA45A81A2DBE2B8A5915AD560C.d.835DEBAF0D8F52DB0C120E2C1B5C4250.e.5444/elements - {"using":"css selector","value":"td"}
RESULT: {"using":"css selector","value":"td"}
COMMAND: POST /session/bac753d7431ab8579d321a709828f6cf/element/f.AB4A68BA45A81A2DBE2B8A5915AD560C.d.835DEBAF0D8F52DB0C120E2C1B5C4250.e.5445/elements - {"using":"css selector","value":"td"}
RESULT: {"using":"css selector","value":"td"}
COMMAND: POST /session/bac753d7431ab8579d321a709828f6cf/element/f.AB4A68BA45A81A2DBE2B8A5915AD560C.d.835DEBAF0D8F52DB0C120E2C1B5C4250.e.5446/elements - {"using":"css selector","value":"td"}
RESULT: {"using":"css selector","value":"td"}
COMMAND: POST /session/bac753d7431ab8579d321a709828f6cf/element/f.AB4A68BA45A81A2DBE2B8A5915AD560C.d.835DEBAF0D8F52DB0C120E2C1B5C4250.e.5447/elements - {"using":"css selector","value":"td"}
RESULT: {"using":"css selector","value":"td"}
COMMAND: POST /session/bac753d7431ab8579d321a709828f6cf/element/f.AB4A68BA45A81A2DBE2B8A5915AD560C.d.835DEBAF0D8F52DB0C120E2C1B5C4250.e.5448/elements - {"using":"css selector","value":"td"}
RESULT: {"using":"css selector","value":"td"}
COMMAND: POST /session/bac753d7431ab8579d321a709828f6cf/element/f.AB4A68BA45A81A2DBE2B8A5915AD560C.d.835DEBAF0D8F52DB0C120E2C1B5C4250.e.5449/elements - {"using":"css selector","value":"td"}
RESULT: {"using":"css selector","value":"td"}
COMMAND: POST /session/bac753d7431ab8579d321a709828f6cf/element/f.AB4A68BA45A81A2DBE2B8A5915AD560C.d.835DEBAF0D8F52DB0C120E2C1B5C4250.e.5450/elements - {"using":"css selector","value":"td"}
RESULT: {"using":"css selector","value":"td"}
COMMAND: POST /session/bac753d7431ab8579d321a709828f6cf/element/f.AB4A68BA45A81A2DBE2B8A5915AD560C.d.835DEBAF0D8F52DB0C120E2C1B5C4250.e.5451/elements - {"using":"css selector","value":"td"}
RESULT: {"using":"css selector","value":"td"}
COMMAND: POST /session/bac753d7431ab8579d321a709828f6cf/element/f.AB4A68BA45A81A2DBE2B8A5915AD560C.d.835DEBAF0D8F52DB0C120E2C1B5C4250.e.5452/elements - {"using":"css selector","value":"td"}
RESULT: {"using":"css selector","value":"td"}
COMMAND: POST /session/bac753d7431ab8579d321a709828f6cf/element/f.AB4A68BA45A81A2DBE2B8A5915AD560C.d.835DEBAF0D8F52DB0C120E2C1B5C4250.e.5453/elements - {"using":"css selector","value":"td"}
RESULT: {"using":"css selector","value":"td"}
COMMAND: POST /session/bac753d7431ab8579d321a709828f6cf/element/f.AB4A68BA45A81A2DBE2B8A5915AD560C.d.835DEBAF0D8F52DB0C120E2C1B5C4250.e.5454/elements - {"using":"css selector","value":"td"}
RESULT: {"using":"css selector","value":"td"}
COMMAND: POST /session/bac753d7431ab8579d321a709828f6cf/element/f.AB4A68BA45A81A2DBE2B8A5915AD560C.d.835DEBAF0D8F52DB0C120E2C1B5C4250.e.5455/elements - {"using":"css selector","value":"td"}
RESULT: {"using":"css selector","value":"td"}
COMMAND: POST /session/bac753d7431ab8579d321a709828f6cf/element/f.AB4A68BA45A81A2DBE2B8A5915AD560C.d.835DEBAF0D8F52DB0C120E2C1B5C4250.e.5456/elements - {"using":"css selector","value":"td"}
RESULT: {"using":"css selector","value":"td"}
COMMAND: POST /session/bac753d7431ab8579d321a709828f6cf/element/f.AB4A68BA45A81A2DBE2B8A5915AD560C.d.835DEBAF0D8F52DB0C120E2C1B5C4250.e.5457/elements - {"using":"css selector","value":"td"}
RESULT: {"using":"css selector","value":"td"}
COMMAND: POST /session/bac753d7431ab8579d321a709828f6cf/element/f.AB4A68BA45A81A2DBE2B8A5915AD560C.d.835DEBAF0D8F52DB0C120E2C1B5C4250.e.5458/elements - {"using":"css selector","value":"td"}
RESULT: {"using":"css selector","value":"td"}
COMMAND: POST /session/bac753d7431ab8579d321a709828f6cf/element/f.AB4A68BA45A81A2DBE2B8A5915AD560C.d.835DEBAF0D8F52DB0C120E2C1B5C4250.e.5459/elements - {"using":"css selector","value":"td"}
RESULT: {"using":"css selector","value":"td"}
COMMAND: POST /session/bac753d7431ab8579d321a709828f6cf/element/f.AB4A68BA45A81A2DBE2B8A5915AD560C.d.835DEBAF0D8F52DB0C120E2C1B5C4250.e.5460/elements - {"using":"css selector","value":"td"}
RESULT: {"using":"css selector","value":"td"}
COMMAND: POST /session/bac753d7431ab8579d321a709828f6cf/element/f.AB4A68BA45A81A2DBE2B8A5915AD560C.d.835DEBAF0D8F52DB0C120E2C1B5C4250.e.5461/elements - {"using":"css selector","value":"td"}
RESULT: {"using":"css selector","value":"td"}
COMMAND: POST /session/bac753d7431ab8579d321a709828f6cf/element/f.AB4A68BA45A81A2DBE2B8A5915AD560C.d.835DEBAF0D8F52DB0C120E2C1B5C4250.e.5462/elements - {"using":"css selector","value":"td"}
RESULT: {"using":"css selector","value":"td"}
COMMAND: POST /session/bac753d7431ab8579d321a709828f6cf/element/f.AB4A68BA45A81A2DBE2B8A5915AD560C.d.835DEBAF0D8F52DB0C120E2C1B5C4250.e.5463/elements - {"using":"css selector","value":"td"}
RESULT: {"using":"css selector","value":"td"}
COMMAND: POST /session/bac753d7431ab8579d321a709828f6cf/element/f.AB4A68BA45A81A2DBE2B8A5915AD560C.d.835DEBAF0D8F52DB0C120E2C1B5C4250.e.5464/elements - {"using":"css selector","value":"td"}
RESULT: {"using":"css selector","value":"td"}
COMMAND: POST /session/bac753d7431ab8579d321a709828f6cf/element/f.AB4A68BA45A81A2DBE2B8A5915AD560C.d.835DEBAF0D8F52DB0C120E2C1B5C4250.e.5465/elements - {"using":"css selector","value":"td"}
RESULT: {"using":"css selector","value":"td"}
COMMAND: POST /session/bac753d7431ab8579d321a709828f6cf/element/f.AB4A68BA45A81A2DBE2B8A5915AD560C.d.835DEBAF0D8F52DB0C120E2C1B5C4250.e.5466/elements - {"using":"css selector","value":"td"}
RESULT: {"using":"css selector","value":"td"}
COMMAND: POST /session/bac753d7431ab8579d321a709828f6cf/element/f.AB4A68BA45A81A2DBE2B8A5915AD560C.d.835DEBAF0D8F52DB0C120E2C1B5C4250.e.5467/elements - {"using":"css selector","value":"td"}
RESULT: {"using":"css selector","value":"td"}
COMMAND: POST /session/bac753d7431ab8579d321a709828f6cf/element/f.AB4A68BA45A81A2DBE2B8A5915AD560C.d.835DEBAF0D8F52DB0C120E2C1B5C4250.e.5468/elements - {"using":"css selector","value":"td"}
RESULT: {"using":"css selector","value":"td"}
COMMAND: POST /session/bac753d7431ab8579d321a709828f6cf/element/f.AB4A68BA45A81A2DBE2B8A5915AD560C.d.835DEBAF0D8F52DB0C120E2C1B5C4250.e.5469/elements - {"using":"css selector","value":"td"}
RESULT: {"using":"css selector","value":"td"}
COMMAND: POST /session/bac753d7431ab8579d321a709828f6cf/element/f.AB4A68BA45A81A2DBE2B8A5915AD560C.d.835DEBAF0D8F52DB0C120E2C1B5C4250.e.5470/elements - {"using":"css selector","value":"td"}
RESULT: {"using":"css selector","value":"td"}
COMMAND: POST /session/bac753d7431ab8579d321a709828f6cf/element/f.AB4A68BA45A81A2DBE2B8A5915AD560C.d.835DEBAF0D8F52DB0C120E2C1B5C4250.e.5471/elements - {"using":"css selector","value":"td"}
RESULT: {"using":"css selector","value":"td"}
COMMAND: POST /session/bac753d7431ab8579d321a709828f6cf/element/f.AB4A68BA45A81A2DBE2B8A5915AD560C.d.835DEBAF0D8F52DB0C120E2C1B5C4250.e.5472/elements - {"using":"css selector","value":"td"}
RESULT: {"using":"css selector","value":"td"}
COMMAND: POST /session/bac753d7431ab8579d321a709828f6cf/element/f.AB4A68BA45A81A2DBE2B8A5915AD560C.d.835DEBAF0D8F52DB0C120E2C1B5C4250.e.5473/elements - {"using":"css selector","value":"td"}
RESULT: {"using":"css selector","value":"td"}
COMMAND: POST /session/bac753d7431ab8579d321a709828f6cf/element/f.AB4A68BA45A81A2DBE2B8A5915AD560C.d.835DEBAF0D8F52DB0C120E2C1B5C4250.e.5474/elements - {"using":"css selector","value":"td"}
RESULT: {"using":"css selector","value":"td"}
COMMAND: POST /session/bac753d7431ab8579d321a709828f6cf/element/f.AB4A68BA45A81A2DBE2B8A5915AD560C.d.835DEBAF0D8F52DB0C120E2C1B5C4250.e.5475/elements - {"using":"css selector","value":"td"}
RESULT: {"using":"css selector","value":"td"}
COMMAND: POST /session/bac753d7431ab8579d321a709828f6cf/element/f.AB4A68BA45A81A2DBE2B8A5915AD560C.d.835DEBAF0D8F52DB0C120E2C1B5C4250.e.5476/elements - {"using":"css selector","value":"td"}
RESULT: {"using":"css selector","value":"td"}
COMMAND: POST /session/bac753d7431ab8579d321a709828f6cf/element/f.AB4A68BA45A81A2DBE2B8A5915AD560C.d.835DEBAF0D8F52DB0C120E2C1B5C4250.e.5477/elements - {"using":"css selector","value":"td"}
RESULT: {"using":"css selector","value":"td"}
COMMAND: POST /session/bac753d7431ab8579d321a709828f6cf/element/f.AB4A68BA45A81A2DBE2B8A5915AD560C.d.835DEBAF0D8F52DB0C120E2C1B5C4250.e.5478/elements - {"using":"css selector","value":"td"}
RESULT: {"using":"css selector","value":"td"}
COMMAND: POST /session/bac753d7431ab8579d321a709828f6cf/element/f.AB4A68BA45A81A2DBE2B8A5915AD560C.d.835DEBAF0D8F52DB0C120E2C1B5C4250.e.5479/elements - {"using":"css selector","value":"td"}
RESULT: {"using":"css selector","value":"td"}
COMMAND: POST /session/bac753d7431ab8579d321a709828f6cf/element/f.AB4A68BA45A81A2DBE2B8A5915AD560C.d.835DEBAF0D8F52DB0C120E2C1B5C4250.e.5480/elements - {"using":"css selector","value":"td"}
RESULT: {"using":"css selector","value":"td"}
COMMAND: POST /session/bac753d7431ab8579d321a709828f6cf/element/f.AB4A68BA45A81A2DBE2B8A5915AD560C.d.835DEBAF0D8F52DB0C120E2C1B5C4250.e.5481/elements - {"using":"css selector","value":"td"}
RESULT: {"using":"css selector","value":"td"}
COMMAND: POST /session/bac753d7431ab8579d321a709828f6cf/element/f.AB4A68BA45A81A2DBE2B8A5915AD560C.d.835DEBAF0D8F52DB0C120E2C1B5C4250.e.5482/elements - {"using":"css selector","value":"td"}
RESULT: {"using":"css selector","value":"td"}
COMMAND: POST /session/bac753d7431ab8579d321a709828f6cf/element/f.AB4A68BA45A81A2DBE2B8A5915AD560C.d.835DEBAF0D8F52DB0C120E2C1B5C4250.e.5483/elements - {"using":"css selector","value":"td"}
RESULT: {"using":"css selector","value":"td"}
COMMAND: POST /session/bac753d7431ab8579d321a709828f6cf/element/f.AB4A68BA45A81A2DBE2B8A5915AD560C.d.835DEBAF0D8F52DB0C120E2C1B5C4250.e.5484/elements - {"using":"css selector","value":"td"}
RESULT: {"using":"css selector","value":"td"}
COMMAND: POST /session/bac753d7431ab8579d321a709828f6cf/element/f.AB4A68BA45A81A2DBE2B8A5915AD560C.d.835DEBAF0D8F52DB0C120E2C1B5C4250.e.5485/elements - {"using":"css selector","value":"td"}
RESULT: {"using":"css selector","value":"td"}
COMMAND: POST /session/bac753d7431ab8579d321a709828f6cf/element/f.AB4A68BA45A81A2DBE2B8A5915AD560C.d.835DEBAF0D8F52DB0C120E2C1B5C4250.e.5486/elements - {"using":"css selector","value":"td"}
RESULT: {"using":"css selector","value":"td"}
COMMAND: POST /session/bac753d7431ab8579d321a709828f6cf/element/f.AB4A68BA45A81A2DBE2B8A5915AD560C.d.835DEBAF0D8F52DB0C120E2C1B5C4250.e.5487/elements - {"using":"css selector","value":"td"}
RESULT: {"using":"css selector","value":"td"}
COMMAND: POST /session/bac753d7431ab8579d321a709828f6cf/element/f.AB4A68BA45A81A2DBE2B8A5915AD560C.d.835DEBAF0D8F52DB0C120E2C1B5C4250.e.5488/elements - {"using":"css selector","value":"td"}
RESULT: {"using":"css selector","value":"td"}
COMMAND: POST /session/bac753d7431ab8579d321a709828f6cf/element/f.AB4A68BA45A81A2DBE2B8A5915AD560C.d.835DEBAF0D8F52DB0C120E2C1B5C4250.e.5489/elements - {"using":"css selector","value":"td"}
RESULT: {"using":"css selector","value":"td"}
COMMAND: POST /session/bac753d7431ab8579d321a709828f6cf/element/f.AB4A68BA45A81A2DBE2B8A5915AD560C.d.835DEBAF0D8F52DB0C120E2C1B5C4250.e.5490/elements - {"using":"css selector","value":"td"}
RESULT: {"using":"css selector","value":"td"}
COMMAND: POST /session/bac753d7431ab8579d321a709828f6cf/element/f.AB4A68BA45A81A2DBE2B8A5915AD560C.d.835DEBAF0D8F52DB0C120E2C1B5C4250.e.5491/elements - {"using":"css selector","value":"td"}
RESULT: {"using":"css selector","value":"td"}
COMMAND: POST /session/bac753d7431ab8579d321a709828f6cf/element/f.AB4A68BA45A81A2DBE2B8A5915AD560C.d.835DEBAF0D8F52DB0C120E2C1B5C4250.e.5492/elements - {"using":"css selector","value":"td"}
RESULT: {"using":"css selector","value":"td"}
COMMAND: POST /session/bac753d7431ab8579d321a709828f6cf/element/f.AB4A68BA45A81A2DBE2B8A5915AD560C.d.835DEBAF0D8F52DB0C120E2C1B5C4250.e.5493/elements - {"using":"css selector","value":"td"}
RESULT: {"using":"css selector","value":"td"}
COMMAND: POST /session/bac753d7431ab8579d321a709828f6cf/element/f.AB4A68BA45A81A2DBE2B8A5915AD560C.d.835DEBAF0D8F52DB0C120E2C1B5C4250.e.5494/elements - {"using":"css selector","value":"td"}
RESULT: {"using":"css selector","value":"td"}
COMMAND: POST /session/bac753d7431ab8579d321a709828f6cf/element/f.AB4A68BA45A81A2DBE2B8A5915AD560C.d.835DEBAF0D8F52DB0C120E2C1B5C4250.e.5495/elements - {"using":"css selector","value":"td"}
RESULT: {"using":"css selector","value":"td"}
COMMAND: POST /session/bac753d7431ab8579d321a709828f6cf/element/f.AB4A68BA45A81A2DBE2B8A5915AD560C.d.835DEBAF0D8F52DB0C120E2C1B5C4250.e.5496/elements - {"using":"css selector","value":"td"}
RESULT: {"using":"css selector","value":"td"}
COMMAND: POST /session/bac753d7431ab8579d321a709828f6cf/element/f.AB4A68BA45A81A2DBE2B8A5915AD560C.d.835DEBAF0D8F52DB0C120E2C1B5C4250.e.5497/elements - {"using":"css selector","value":"td"}
RESULT: {"using":"css selector","value":"td"}
COMMAND: POST /session/bac753d7431ab8579d321a709828f6cf/element/f.AB4A68BA45A81A2DBE2B8A5915AD560C.d.835DEBAF0D8F52DB0C120E2C1B5C4250.e.5498/elements - {"using":"css selector","value":"td"}
RESULT: {"using":"css selector","value":"td"}
COMMAND: POST /session/bac753d7431ab8579d321a709828f6cf/element/f.AB4A68BA45A81A2DBE2B8A5915AD560C.d.835DEBAF0D8F52DB0C120E2C1B5C4250.e.5499/elements - {"using":"css selector","value":"td"}
RESULT: {"using":"css selector","value":"td"}
COMMAND: POST /session/bac753d7431ab8579d321a709828f6cf/element/f.AB4A68BA45A81A2DBE2B8A5915AD560C.d.835DEBAF0D8F52DB0C120E2C1B5C4250.e.5500/elements - {"using":"css selector","value":"td"}
RESULT: {"using":"css selector","value":"td"}
COMMAND: POST /session/bac753d7431ab8579d321a709828f6cf/element/f.AB4A68BA45A81A2DBE2B8A5915AD560C.d.835DEBAF0D8F52DB0C120E2C1B5C4250.e.5501/elements - {"using":"css selector","value":"td"}
RESULT: {"using":"css selector","value":"td"}
COMMAND: POST /session/bac753d7431ab8579d321a709828f6cf/element/f.AB4A68BA45A81A2DBE2B8A5915AD560C.d.835DEBAF0D8F52DB0C120E2C1B5C4250.e.5502/elements - {"using":"css selector","value":"td"}
RESULT: {"using":"css selector","value":"td"}
COMMAND: POST /session/bac753d7431ab8579d321a709828f6cf/element/f.AB4A68BA45A81A2DBE2B8A5915AD560C.d.835DEBAF0D8F52DB0C120E2C1B5C4250.e.5503/elements - {"using":"css selector","value":"td"}
RESULT: {"using":"css selector","value":"td"}
COMMAND: POST /session/bac753d7431ab8579d321a709828f6cf/element/f.AB4A68BA45A81A2DBE2B8A5915AD560C.d.835DEBAF0D8F52DB0C120E2C1B5C4250.e.5504/elements - {"using":"css selector","value":"td"}
RESULT: {"using":"css selector","value":"td"}
COMMAND: POST /session/bac753d7431ab8579d321a709828f6cf/element/f.AB4A68BA45A81A2DBE2B8A5915AD560C.d.835DEBAF0D8F52DB0C120E2C1B5C4250.e.5505/elements - {"using":"css selector","value":"td"}
RESULT: {"using":"css selector","value":"td"}
COMMAND: POST /session/bac753d7431ab8579d321a709828f6cf/element/f.AB4A68BA45A81A2DBE2B8A5915AD560C.d.835DEBAF0D8F52DB0C120E2C1B5C4250.e.5506/elements - {"using":"css selector","value":"td"}
RESULT: {"using":"css selector","value":"td"}
COMMAND: POST /session/bac753d7431ab8579d321a709828f6cf/element/f.AB4A68BA45A81A2DBE2B8A5915AD560C.d.835DEBAF0D8F52DB0C120E2C1B5C4250.e.5507/elements - {"using":"css selector","value":"td"}
RESULT: {"using":"css selector","value":"td"}
COMMAND: POST /session/bac753d7431ab8579d321a709828f6cf/element/f.AB4A68BA45A81A2DBE2B8A5915AD560C.d.835DEBAF0D8F52DB0C120E2C1B5C4250.e.5508/elements - {"using":"css selector","value":"td"}
RESULT: {"using":"css selector","value":"td"}
COMMAND: POST /session/bac753d7431ab8579d321a709828f6cf/element/f.AB4A68BA45A81A2DBE2B8A5915AD560C.d.835DEBAF0D8F52DB0C120E2C1B5C4250.e.5509/elements - {"using":"css selector","value":"td"}
RESULT: {"using":"css selector","value":"td"}
COMMAND: POST /session/bac753d7431ab8579d321a709828f6cf/element/f.AB4A68BA45A81A2DBE2B8A5915AD560C.d.835DEBAF0D8F52DB0C120E2C1B5C4250.e.5510/elements - {"using":"css selector","value":"td"}
RESULT: {"using":"css selector","value":"td"}
COMMAND: POST /session/bac753d7431ab8579d321a709828f6cf/element/f.AB4A68BA45A81A2DBE2B8A5915AD560C.d.835DEBAF0D8F52DB0C120E2C1B5C4250.e.5511/elements - {"using":"css selector","value":"td"}
RESULT: {"using":"css selector","value":"td"}
COMMAND: POST /session/bac753d7431ab8579d321a709828f6cf/element/f.AB4A68BA45A81A2DBE2B8A5915AD560C.d.835DEBAF0D8F52DB0C120E2C1B5C4250.e.5512/elements - {"using":"css selector","value":"td"}
RESULT: {"using":"css selector","value":"td"}
COMMAND: POST /session/bac753d7431ab8579d321a709828f6cf/element/f.AB4A68BA45A81A2DBE2B8A5915AD560C.d.835DEBAF0D8F52DB0C120E2C1B5C4250.e.5513/elements - {"using":"css selector","value":"td"}
RESULT: {"using":"css selector","value":"td"}
COMMAND: POST /session/bac753d7431ab8579d321a709828f6cf/element/f.AB4A68BA45A81A2DBE2B8A5915AD560C.d.835DEBAF0D8F52DB0C120E2C1B5C4250.e.5514/elements - {"using":"css selector","value":"td"}
RESULT: {"using":"css selector","value":"td"}
COMMAND: POST /session/bac753d7431ab8579d321a709828f6cf/element/f.AB4A68BA45A81A2DBE2B8A5915AD560C.d.835DEBAF0D8F52DB0C120E2C1B5C4250.e.5515/elements - {"using":"css selector","value":"td"}
RESULT: {"using":"css selector","value":"td"}
COMMAND: POST /session/bac753d7431ab8579d321a709828f6cf/element/f.AB4A68BA45A81A2DBE2B8A5915AD560C.d.835DEBAF0D8F52DB0C120E2C1B5C4250.e.5516/elements - {"using":"css selector","value":"td"}
RESULT: {"using":"css selector","value":"td"}
COMMAND: POST /session/bac753d7431ab8579d321a709828f6cf/element/f.AB4A68BA45A81A2DBE2B8A5915AD560C.d.835DEBAF0D8F52DB0C120E2C1B5C4250.e.5517/elements - {"using":"css selector","value":"td"}
RESULT: {"using":"css selector","value":"td"}
COMMAND: POST /session/bac753d7431ab8579d321a709828f6cf/element/f.AB4A68BA45A81A2DBE2B8A5915AD560C.d.835DEBAF0D8F52DB0C120E2C1B5C4250.e.5518/elements - {"using":"css selector","value":"td"}
RESULT: {"using":"css selector","value":"td"}
COMMAND: POST /session/bac753d7431ab8579d321a709828f6cf/element/f.AB4A68BA45A81A2DBE2B8A5915AD560C.d.835DEBAF0D8F52DB0C120E2C1B5C4250.e.5519/elements - {"using":"css selector","value":"td"}
RESULT: {"using":"css selector","value":"td"}
COMMAND: POST /session/bac753d7431ab8579d321a709828f6cf/element/f.AB4A68BA45A81A2DBE2B8A5915AD560C.d.835DEBAF0D8F52DB0C120E2C1B5C4250.e.5520/elements - {"using":"css selector","value":"td"}
RESULT: {"using":"css selector","value":"td"}
COMMAND: POST /session/bac753d7431ab8579d321a709828f6cf/element/f.AB4A68BA45A81A2DBE2B8A5915AD560C.d.835DEBAF0D8F52DB0C120E2C1B5C4250.e.5521/elements - {"using":"css selector","value":"td"}
RESULT: {"using":"css selector","value":"td"}
COMMAND: POST /session/bac753d7431ab8579d321a709828f6cf/element/f.AB4A68BA45A81A2DBE2B8A5915AD560C.d.835DEBAF0D8F52DB0C120E2C1B5C4250.e.5522/elements - {"using":"css selector","value":"td"}
RESULT: {"using":"css selector","value":"td"}
COMMAND: POST /session/bac753d7431ab8579d321a709828f6cf/element/f.AB4A68BA45A81A2DBE2B8A5915AD560C.d.835DEBAF0D8F52DB0C120E2C1B5C4250.e.5523/elements - {"using":"css selector","value":"td"}
RESULT: {"using":"css selector","value":"td"}
COMMAND: POST /session/bac753d7431ab8579d321a709828f6cf/element/f.AB4A68BA45A81A2DBE2B8A5915AD560C.d.835DEBAF0D8F52DB0C120E2C1B5C4250.e.5524/elements - {"using":"css selector","value":"td"}
RESULT: {"using":"css selector","value":"td"}
COMMAND: POST /session/bac753d7431ab8579d321a709828f6cf/element/f.AB4A68BA45A81A2DBE2B8A5915AD560C.d.835DEBAF0D8F52DB0C120E2C1B5C4250.e.5525/elements - {"using":"css selector","value":"td"}
RESULT: {"using":"css selector","value":"td"}
COMMAND: POST /session/bac753d7431ab8579d321a709828f6cf/element/f.AB4A68BA45A81A2DBE2B8A5915AD560C.d.835DEBAF0D8F52DB0C120E2C1B5C4250.e.5526/elements - {"using":"css selector","value":"td"}
RESULT: {"using":"css selector","value":"td"}
COMMAND: POST /session/bac753d7431ab8579d321a709828f6cf/element/f.AB4A68BA45A81A2DBE2B8A5915AD560C.d.835DEBAF0D8F52DB0C120E2C1B5C4250.e.5527/elements - {"using":"css selector","value":"td"}
RESULT: {"using":"css selector","value":"td"}
COMMAND: POST /session/bac753d7431ab8579d321a709828f6cf/element/f.AB4A68BA45A81A2DBE2B8A5915AD560C.d.835DEBAF0D8F52DB0C120E2C1B5C4250.e.5528/elements - {"using":"css selector","value":"td"}
RESULT: {"using":"css selector","value":"td"}
COMMAND: POST /session/bac753d7431ab8579d321a709828f6cf/element/f.AB4A68BA45A81A2DBE2B8A5915AD560C.d.835DEBAF0D8F52DB0C120E2C1B5C4250.e.5529/elements - {"using":"css selector","value":"td"}
RESULT: {"using":"css selector","value":"td"}
COMMAND: POST /session/bac753d7431ab8579d321a709828f6cf/element/f.AB4A68BA45A81A2DBE2B8A5915AD560C.d.835DEBAF0D8F52DB0C120E2C1B5C4250.e.5530/elements - {"using":"css selector","value":"td"}
RESULT: {"using":"css selector","value":"td"}
COMMAND: POST /session/bac753d7431ab8579d321a709828f6cf/element/f.AB4A68BA45A81A2DBE2B8A5915AD560C.d.835DEBAF0D8F52DB0C120E2C1B5C4250.e.5531/elements - {"using":"css selector","value":"td"}
RESULT: {"using":"css selector","value":"td"}
COMMAND: POST /session/bac753d7431ab8579d321a709828f6cf/element/f.AB4A68BA45A81A2DBE2B8A5915AD560C.d.835DEBAF0D8F52DB0C120E2C1B5C4250.e.5532/elements - {"using":"css selector","value":"td"}
RESULT: {"using":"css selector","value":"td"}
COMMAND: POST /session/bac753d7431ab8579d321a709828f6cf/element/f.AB4A68BA45A81A2DBE2B8A5915AD560C.d.835DEBAF0D8F52DB0C120E2C1B5C4250.e.5533/elements - {"using":"css selector","value":"td"}
RESULT: {"using":"css selector","value":"td"}
COMMAND: POST /session/bac753d7431ab8579d321a709828f6cf/element/f.AB4A68BA45A81A2DBE2B8A5915AD560C.d.835DEBAF0D8F52DB0C120E2C1B5C4250.e.5534/elements - {"using":"css selector","value":"td"}
RESULT: {"using":"css selector","value":"td"}
COMMAND: POST /session/bac753d7431ab8579d321a709828f6cf/element/f.AB4A68BA45A81A2DBE2B8A5915AD560C.d.835DEBAF0D8F52DB0C120E2C1B5C4250.e.5535/elements - {"using":"css selector","value":"td"}
RESULT: {"using":"css selector","value":"td"}
COMMAND: POST /session/bac753d7431ab8579d321a709828f6cf/element/f.AB4A68BA45A81A2DBE2B8A5915AD560C.d.835DEBAF0D8F52DB0C120E2C1B5C4250.e.5536/elements - {"using":"css selector","value":"td"}
RESULT: {"using":"css selector","value":"td"}
COMMAND: POST /session/bac753d7431ab8579d321a709828f6cf/element/f.AB4A68BA45A81A2DBE2B8A5915AD560C.d.835DEBAF0D8F52DB0C120E2C1B5C4250.e.5537/elements - {"using":"css selector","value":"td"}
RESULT: {"using":"css selector","value":"td"}
COMMAND: POST /session/bac753d7431ab8579d321a709828f6cf/element/f.AB4A68BA45A81A2DBE2B8A5915AD560C.d.835DEBAF0D8F52DB0C120E2C1B5C4250.e.5538/elements - {"using":"css selector","value":"td"}
RESULT: {"using":"css selector","value":"td"}
COMMAND: POST /session/bac753d7431ab8579d321a709828f6cf/element/f.AB4A68BA45A81A2DBE2B8A5915AD560C.d.835DEBAF0D8F52DB0C120E2C1B5C4250.e.5539/elements - {"using":"css selector","value":"td"}
RESULT: {"using":"css selector","value":"td"}
COMMAND: POST /session/bac753d7431ab8579d321a709828f6cf/element/f.AB4A68BA45A81A2DBE2B8A5915AD560C.d.835DEBAF0D8F52DB0C120E2C1B5C4250.e.5540/elements - {"using":"css selector","value":"td"}
RESULT: {"using":"css selector","value":"td"}
COMMAND: POST /session/bac753d7431ab8579d321a709828f6cf/element/f.AB4A68BA45A81A2DBE2B8A5915AD560C.d.835DEBAF0D8F52DB0C120E2C1B5C4250.e.5541/elements - {"using":"css selector","value":"td"}
RESULT: {"using":"css selector","value":"td"}
COMMAND: POST /session/bac753d7431ab8579d321a709828f6cf/element/f.AB4A68BA45A81A2DBE2B8A5915AD560C.d.835DEBAF0D8F52DB0C120E2C1B5C4250.e.5542/elements - {"using":"css selector","value":"td"}
RESULT: {"using":"css selector","value":"td"}
COMMAND: POST /session/bac753d7431ab8579d321a709828f6cf/element/f.AB4A68BA45A81A2DBE2B8A5915AD560C.d.835DEBAF0D8F52DB0C120E2C1B5C4250.e.5543/elements - {"using":"css selector","value":"td"}
RESULT: {"using":"css selector","value":"td"}
COMMAND: POST /session/bac753d7431ab8579d321a709828f6cf/element/f.AB4A68BA45A81A2DBE2B8A5915AD560C.d.835DEBAF0D8F52DB0C120E2C1B5C4250.e.5544/elements - {"using":"css selector","value":"td"}
RESULT: {"using":"css selector","value":"td"}
COMMAND: POST /session/bac753d7431ab8579d321a709828f6cf/element/f.AB4A68BA45A81A2DBE2B8A5915AD560C.d.835DEBAF0D8F52DB0C120E2C1B5C4250.e.5545/elements - {"using":"css selector","value":"td"}
RESULT: {"using":"css selector","value":"td"}
COMMAND: POST /session/bac753d7431ab8579d321a709828f6cf/element/f.AB4A68BA45A81A2DBE2B8A5915AD560C.d.835DEBAF0D8F52DB0C120E2C1B5C4250.e.5546/elements - {"using":"css selector","value":"td"}
RESULT: {"using":"css selector","value":"td"}
COMMAND: POST /session/bac753d7431ab8579d321a709828f6cf/element/f.AB4A68BA45A81A2DBE2B8A5915AD560C.d.835DEBAF0D8F52DB0C120E2C1B5C4250.e.5547/elements - {"using":"css selector","value":"td"}
RESULT: {"using":"css selector","value":"td"}
COMMAND: POST /session/bac753d7431ab8579d321a709828f6cf/element/f.AB4A68BA45A81A2DBE2B8A5915AD560C.d.835DEBAF0D8F52DB0C120E2C1B5C4250.e.5548/elements - {"using":"css selector","value":"td"}
RESULT: {"using":"css selector","value":"td"}
COMMAND: POST /session/bac753d7431ab8579d321a709828f6cf/element/f.AB4A68BA45A81A2DBE2B8A5915AD560C.d.835DEBAF0D8F52DB0C120E2C1B5C4250.e.5549/elements - {"using":"css selector","value":"td"}
RESULT: {"using":"css selector","value":"td"}
COMMAND: POST /session/bac753d7431ab8579d321a709828f6cf/element/f.AB4A68BA45A81A2DBE2B8A5915AD560C.d.835DEBAF0D8F52DB0C120E2C1B5C4250.e.5550/elements - {"using":"css selector","value":"td"}
RESULT: {"using":"css selector","value":"td"}
COMMAND: POST /session/bac753d7431ab8579d321a709828f6cf/element/f.AB4A68BA45A81A2DBE2B8A5915AD560C.d.835DEBAF0D8F52DB0C120E2C1B5C4250.e.5551/elements - {"using":"css selector","value":"td"}
RESULT: {"using":"css selector","value":"td"}
COMMAND: POST /session/bac753d7431ab8579d321a709828f6cf/element/f.AB4A68BA45A81A2DBE2B8A5915AD560C.d.835DEBAF0D8F52DB0C120E2C1B5C4250.e.5552/elements - {"using":"css selector","value":"td"}
RESULT: {"using":"css selector","value":"td"}
COMMAND: POST /session/bac753d7431ab8579d321a709828f6cf/element/f.AB4A68BA45A81A2DBE2B8A5915AD560C.d.835DEBAF0D8F52DB0C120E2C1B5C4250.e.5553/elements - {"using":"css selector","value":"td"}
RESULT: {"using":"css selector","value":"td"}
COMMAND: POST /session/bac753d7431ab8579d321a709828f6cf/element/f.AB4A68BA45A81A2DBE2B8A5915AD560C.d.835DEBAF0D8F52DB0C120E2C1B5C4250.e.5554/elements - {"using":"css selector","value":"td"}
RESULT: {"using":"css selector","value":"td"}
COMMAND: POST /session/bac753d7431ab8579d321a709828f6cf/element/f.AB4A68BA45A81A2DBE2B8A5915AD560C.d.835DEBAF0D8F52DB0C120E2C1B5C4250.e.5555/elements - {"using":"css selector","value":"td"}
RESULT: {"using":"css selector","value":"td"}
COMMAND: POST /session/bac753d7431ab8579d321a709828f6cf/element/f.AB4A68BA45A81A2DBE2B8A5915AD560C.d.835DEBAF0D8F52DB0C120E2C1B5C4250.e.5556/elements - {"using":"css selector","value":"td"}
RESULT: {"using":"css selector","value":"td"}
COMMAND: POST /session/bac753d7431ab8579d321a709828f6cf/element/f.AB4A68BA45A81A2DBE2B8A5915AD560C.d.835DEBAF0D8F52DB0C120E2C1B5C4250.e.5557/elements - {"using":"css selector","value":"td"}
RESULT: {"using":"css selector","value":"td"}
COMMAND: POST /session/bac753d7431ab8579d321a709828f6cf/element/f.AB4A68BA45A81A2DBE2B8A5915AD560C.d.835DEBAF0D8F52DB0C120E2C1B5C4250.e.5558/elements - {"using":"css selector","value":"td"}
RESULT: {"using":"css selector","value":"td"}
COMMAND: POST /session/bac753d7431ab8579d321a709828f6cf/element/f.AB4A68BA45A81A2DBE2B8A5915AD560C.d.835DEBAF0D8F52DB0C120E2C1B5C4250.e.5559/elements - {"using":"css selector","value":"td"}
RESULT: {"using":"css selector","value":"td"}
COMMAND: POST /session/bac753d7431ab8579d321a709828f6cf/element/f.AB4A68BA45A81A2DBE2B8A5915AD560C.d.835DEBAF0D8F52DB0C120E2C1B5C4250.e.5560/elements - {"using":"css selector","value":"td"}
RESULT: {"using":"css selector","value":"td"}
COMMAND: POST /session/bac753d7431ab8579d321a709828f6cf/element/f.AB4A68BA45A81A2DBE2B8A5915AD560C.d.835DEBAF0D8F52DB0C120E2C1B5C4250.e.5561/elements - {"using":"css selector","value":"td"}
RESULT: {"using":"css selector","value":"td"}
COMMAND: POST /session/bac753d7431ab8579d321a709828f6cf/element/f.AB4A68BA45A81A2DBE2B8A5915AD560C.d.835DEBAF0D8F52DB0C120E2C1B5C4250.e.5562/elements - {"using":"css selector","value":"td"}
RESULT: {"using":"css selector","value":"td"}
COMMAND: POST /session/bac753d7431ab8579d321a709828f6cf/element/f.AB4A68BA45A81A2DBE2B8A5915AD560C.d.835DEBAF0D8F52DB0C120E2C1B5C4250.e.5563/elements - {"using":"css selector","value":"td"}
RESULT: {"using":"css selector","value":"td"}
COMMAND: POST /session/bac753d7431ab8579d321a709828f6cf/element/f.AB4A68BA45A81A2DBE2B8A5915AD560C.d.835DEBAF0D8F52DB0C120E2C1B5C4250.e.5564/elements - {"using":"css selector","value":"td"}
RESULT: {"using":"css selector","value":"td"}
COMMAND: POST /session/bac753d7431ab8579d321a709828f6cf/element/f.AB4A68BA45A81A2DBE2B8A5915AD560C.d.835DEBAF0D8F52DB0C120E2C1B5C4250.e.5565/elements - {"using":"css selector","value":"td"}
RESULT: {"using":"css selector","value":"td"}
COMMAND: POST /session/bac753d7431ab8579d321a709828f6cf/element/f.AB4A68BA45A81A2DBE2B8A5915AD560C.d.835DEBAF0D8F52DB0C120E2C1B5C4250.e.5566/elements - {"using":"css selector","value":"td"}
RESULT: {"using":"css selector","value":"td"}
COMMAND: POST /session/bac753d7431ab8579d321a709828f6cf/element/f.AB4A68BA45A81A2DBE2B8A5915AD560C.d.835DEBAF0D8F52DB0C120E2C1B5C4250.e.5567/elements - {"using":"css selector","value":"td"}
RESULT: {"using":"css selector","value":"td"}
COMMAND: POST /session/bac753d7431ab8579d321a709828f6cf/element/f.AB4A68BA45A81A2DBE2B8A5915AD560C.d.835DEBAF0D8F52DB0C120E2C1B5C4250.e.5568/elements - {"using":"css selector","value":"td"}
RESULT: {"using":"css selector","value":"td"}
COMMAND: POST /session/bac753d7431ab8579d321a709828f6cf/element/f.AB4A68BA45A81A2DBE2B8A5915AD560C.d.835DEBAF0D8F52DB0C120E2C1B5C4250.e.5569/elements - {"using":"css selector","value":"td"}
RESULT: {"using":"css selector","value":"td"}
COMMAND: POST /session/bac753d7431ab8579d321a709828f6cf/element/f.AB4A68BA45A81A2DBE2B8A5915AD560C.d.835DEBAF0D8F52DB0C120E2C1B5C4250.e.5570/elements - {"using":"css selector","value":"td"}
RESULT: {"using":"css selector","value":"td"}
COMMAND: POST /session/bac753d7431ab8579d321a709828f6cf/element/f.AB4A68BA45A81A2DBE2B8A5915AD560C.d.835DEBAF0D8F52DB0C120E2C1B5C4250.e.5571/elements - {"using":"css selector","value":"td"}
RESULT: {"using":"css selector","value":"td"}
COMMAND: POST /session/bac753d7431ab8579d321a709828f6cf/element/f.AB4A68BA45A81A2DBE2B8A5915AD560C.d.835DEBAF0D8F52DB0C120E2C1B5C4250.e.5572/elements - {"using":"css selector","value":"td"}
RESULT: {"using":"css selector","value":"td"}
COMMAND: POST /session/bac753d7431ab8579d321a709828f6cf/element/f.AB4A68BA45A81A2DBE2B8A5915AD560C.d.835DEBAF0D8F52DB0C120E2C1B5C4250.e.5573/elements - {"using":"css selector","value":"td"}
RESULT: {"using":"css selector","value":"td"}
COMMAND: POST /session/bac753d7431ab8579d321a709828f6cf/element/f.AB4A68BA45A81A2DBE2B8A5915AD560C.d.835DEBAF0D8F52DB0C120E2C1B5C4250.e.5574/elements - {"using":"css selector","value":"td"}
RESULT: {"using":"css selector","value":"td"}
COMMAND: POST /session/bac753d7431ab8579d321a709828f6cf/element/f.AB4A68BA45A81A2DBE2B8A5915AD560C.d.835DEBAF0D8F52DB0C120E2C1B5C4250.e.5575/elements - {"using":"css selector","value":"td"}
RESULT: {"using":"css selector","value":"td"}
COMMAND: POST /session/bac753d7431ab8579d321a709828f6cf/element/f.AB4A68BA45A81A2DBE2B8A5915AD560C.d.835DEBAF0D8F52DB0C120E2C1B5C4250.e.5576/elements - {"using":"css selector","value":"td"}
RESULT: {"using":"css selector","value":"td"}
COMMAND: POST /session/bac753d7431ab8579d321a709828f6cf/element/f.AB4A68BA45A81A2DBE2B8A5915AD560C.d.835DEBAF0D8F52DB0C120E2C1B5C4250.e.5577/elements - {"using":"css selector","value":"td"}
RESULT: {"using":"css selector","value":"td"}
COMMAND: POST /session/bac753d7431ab8579d321a709828f6cf/element/f.AB4A68BA45A81A2DBE2B8A5915AD560C.d.835DEBAF0D8F52DB0C120E2C1B5C4250.e.5578/elements - {"using":"css selector","value":"td"}
RESULT: {"using":"css selector","value":"td"}
COMMAND: POST /session/bac753d7431ab8579d321a709828f6cf/element/f.AB4A68BA45A81A2DBE2B8A5915AD560C.d.835DEBAF0D8F52DB0C120E2C1B5C4250.e.5579/elements - {"using":"css selector","value":"td"}
RESULT: {"using":"css selector","value":"td"}
COMMAND: POST /session/bac753d7431ab8579d321a709828f6cf/element/f.AB4A68BA45A81A2DBE2B8A5915AD560C.d.835DEBAF0D8F52DB0C120E2C1B5C4250.e.5580/elements - {"using":"css selector","value":"td"}
RESULT: {"using":"css selector","value":"td"}
COMMAND: POST /session/bac753d7431ab8579d321a709828f6cf/element/f.AB4A68BA45A81A2DBE2B8A5915AD560C.d.835DEBAF0D8F52DB0C120E2C1B5C4250.e.6487/elements - {"using":"css selector","value":"td"}
RESULT: {"using":"css selector","value":"td"}
COMMAND: POST /session/bac753d7431ab8579d321a709828f6cf/element - {"using":"css selector","value":"#j_username"}
COMMAND: POST /session/bac753d7431ab8579d321a709828f6cf/url - {"url":"https://qa-testing-00-live-etm-ui.cfapps.eu10-004.hana.ondemand.com/"}
RESULT: {"url":"https://qa-testing-00-live-etm-ui.cfapps.eu10-004.hana.ondemand.com/"}
RESULT: undefined
RESULT: {"using":"css selector","value":"#j_username"}
COMMAND: POST /session/bac753d7431ab8579d321a709828f6cf/element - {"using":"css selector","value":"#j_username"}
RESULT: {"using":"css selector","value":"#j_username"}
COMMAND: POST /session/bac753d7431ab8579d321a709828f6cf/element - {"using":"css selector","value":"#shell-header-logo"}
RESULT: {"using":"css selector","value":"#shell-header-logo"}
COMMAND: POST /session/bac753d7431ab8579d321a709828f6cf/execute/sync - {"script":"<script> [8489 bytes]","args":[{"element-6066-11e4-a52e-4f735466cecf":"f.AB4A68BA45A81A2DBE2B8A5915AD560C.d.801485B9FAEFC6F9AB1BEAACA5FAF023.e.6500","ELEMENT":"f.AB4A68BA45A81A2DBE2B8A5915AD560C.d.801485B9FAEFC6F9AB1BEAACA5FAF023.e.6500"}]}
RESULT: {"script":"<script> [8489 bytes]","args":[{"element-6066-11e4-a52e-4f735466cecf":"f.AB4A68BA45A81A2DBE2B8A5915AD560C.d.801485B9FAEFC6F9AB1BEAACA5FAF023.e.6500","ELEMENT":"f.AB4A68BA45A81A2DBE2B8A5915AD560C.d.801485B9FAEFC6F9AB1BEAACA5FAF023.e.6500"}]}
COMMAND: POST /session/bac753d7431ab8579d321a709828f6cf/element - {"using":"css selector","value":"#shell-header-logo"}
RESULT: {"using":"css selector","value":"#shell-header-logo"}
COMMAND: POST /session/bac753d7431ab8579d321a709828f6cf/execute/sync - {"script":"<script> [8489 bytes]","args":[{"element-6066-11e4-a52e-4f735466cecf":"f.AB4A68BA45A81A2DBE2B8A5915AD560C.d.801485B9FAEFC6F9AB1BEAACA5FAF023.e.6500","ELEMENT":"f.AB4A68BA45A81A2DBE2B8A5915AD560C.d.801485B9FAEFC6F9AB1BEAACA5FAF023.e.6500"}]}
RESULT: {"script":"<script> [8489 bytes]","args":[{"element-6066-11e4-a52e-4f735466cecf":"f.AB4A68BA45A81A2DBE2B8A5915AD560C.d.801485B9FAEFC6F9AB1BEAACA5FAF023.e.6500","ELEMENT":"f.AB4A68BA45A81A2DBE2B8A5915AD560C.d.801485B9FAEFC6F9AB1BEAACA5FAF023.e.6500"}]}
COMMAND: POST /session/bac753d7431ab8579d321a709828f6cf/execute/sync - {"script":"<script> [5351 bytes]","args":[{"element-6066-11e4-a52e-4f735466cecf":"f.AB4A68BA45A81A2DBE2B8A5915AD560C.d.801485B9FAEFC6F9AB1BEAACA5FAF023.e.6500","ELEMENT":"f.AB4A68BA45A81A2DBE2B8A5915AD560C.d.801485B9FAEFC6F9AB1BEAACA5FAF023.e.6500"}]}
COMMAND: GET /session/bac753d7431ab8579d321a709828f6cf/screenshot - {}
COMMAND: GET /session/bac753d7431ab8579d321a709828f6cf/screenshot - {}
COMMAND: GET /session/bac753d7431ab8579d321a709828f6cf/screenshot - {}
RESULT: {"script":"<script> [5351 bytes]","args":[{"element-6066-11e4-a52e-4f735466cecf":"f.AB4A68BA45A81A2DBE2B8A5915AD560C.d.801485B9FAEFC6F9AB1BEAACA5FAF023.e.6500","ELEMENT":"f.AB4A68BA45A81A2DBE2B8A5915AD560C.d.801485B9FAEFC6F9AB1BEAACA5FAF023.e.6500"}]}
COMMAND: POST /session/bac753d7431ab8579d321a709828f6cf/element - {"using":"css selector","value":"#shell-header-logo"}
COMMAND: GET /session/bac753d7431ab8579d321a709828f6cf/screenshot - {}
RESULT: {}
RESULT: {}
RESULT: {}
RESULT: {"using":"css selector","value":"#shell-header-logo"}
COMMAND: POST /session/bac753d7431ab8579d321a709828f6cf/element/f.AB4A68BA45A81A2DBE2B8A5915AD560C.d.801485B9FAEFC6F9AB1BEAACA5FAF023.e.6500/click - {}
RESULT: {}
RESULT: {}
COMMAND: GET /session/bac753d7431ab8579d321a709828f6cf/screenshot - {}
RESULT: {}
COMMAND: POST /session/bac753d7431ab8579d321a709828f6cf/execute/async - {"script":"<script> [189 bytes]","args":[]}
RESULT: {"script":"<script> [189 bytes]","args":[]}
COMMAND: POST /session/bac753d7431ab8579d321a709828f6cf/execute/async - {"script":"<script> [123 bytes]","args":[]}
RESULT: {"script":"<script> [123 bytes]","args":[]}
COMMAND: POST /session/bac753d7431ab8579d321a709828f6cf/timeouts - {"script":"<number>"}
RESULT: {"script":"<number>"}
COMMAND: GET /session/bac753d7431ab8579d321a709828f6cf/timeouts - {}
RESULT: {}
RESULT: undefined
COMMAND: POST /session/bac753d7431ab8579d321a709828f6cf/execute/async - {"script":"<script> [2676 bytes]","args":[]}
RESULT: {"script":"<script> [2676 bytes]","args":[]}
COMMAND: POST /session/bac753d7431ab8579d321a709828f6cf/execute/async - {"script":"<script> [2342 bytes]","args":[{"protocol":"http","hostname":"0.0.0.0","path":"/","capabilities":{"browserName":"chrome","goog:chromeOptions":{"binary":"C:\\Program Files\\Google\\Chrome\\Application\\chrome.exe","args":["--start-maximized"]}},"logLevel":"warn","connectionRetryTimeout":120000,"connectionRetryCount":3,"logLevels":{},"enableDirectConnect":true,"strictSSL":true,"_":"65 more keys: [\"cacheDir\",\"port\",\"requestedCapabilities\",\"automationProtocol\",\"baseUrl\",\"waitforInterval\",\"waitforTimeout\",\"onReload\",\"beforeCommand\",\"afterCommand\",\"rootDir\",\"specs\",\"suites\",\"exclude\",\"groupLogsByTestSpec\",\"excludeDriverLogs\",\"bail\",\"framework\",\"reporters\",\"services\",\"maxInstances\",\"maxInstancesPerCapability\",\"injectGlobals\",\"filesToWatch\",\"execArgv\",\"runnerEnv\",\"runner\",\"shard\",\"specFileRetries\",\"specFileRetriesDelay\",\"specFileRetriesDeferred\",\"reporterSyncInterval\",\"reporterSyncTimeout\",\"cucumberFeaturesWithLineNumbers\",\"autoCompileOpts\",\"mochaOpts\",\"jasmineOpts\",\"cucumberOpts\",\"onPrepare\",\"onWorkerStart\",\"onWorkerEnd\",\"before\",\"beforeSession\",\"beforeSuite\",\"beforeHook\",\"beforeTest\",\"afterTest\",\"afterHook\",\"afterSuite\",\"afterSession\",\"after\",\"onComplete\",\"beforeAssertion\",\"afterAssertion\",\"beforeFeature\",\"beforeScenario\",\"beforeStep\",\"afterStep\",\"afterScenario\",\"afterFeature\",\"_\",\"suite\",\"$0\",\"ignoredWorkerServices\",\"wdi5\"]"}]}
RESULT: {"script":"<script> [2342 bytes]","args":[{"protocol":"http","hostname":"0.0.0.0","path":"/","capabilities":{"browserName":"chrome","goog:chromeOptions":{"binary":"C:\\Program Files\\Google\\Chrome\\Application\\chrome.exe","args":["--start-maximized"]}},"logLevel":"warn","connectionRetryTimeout":120000,"connectionRetryCount":3,"logLevels":{},"enableDirectConnect":true,"strictSSL":true,"_":"65 more keys: [\"cacheDir\",\"port\",\"requestedCapabilities\",\"automationProtocol\",\"baseUrl\",\"waitforInterval\",\"waitforTimeout\",\"onReload\",\"beforeCommand\",\"afterCommand\",\"rootDir\",\"specs\",\"suites\",\"exclude\",\"groupLogsByTestSpec\",\"excludeDriverLogs\",\"bail\",\"framework\",\"reporters\",\"services\",\"maxInstances\",\"maxInstancesPerCapability\",\"injectGlobals\",\"filesToWatch\",\"execArgv\",\"runnerEnv\",\"runner\",\"shard\",\"specFileRetries\",\"specFileRetriesDelay\",\"specFileRetriesDeferred\",\"reporterSyncInterval\",\"reporterSyncTimeout\",\"cucumberFeaturesWithLineNumbers\",\"autoCompileOpts\",\"mochaOpts\",\"jasmineOpts\",\"cucumberOpts\",\"onPrepare\",\"onWorkerStart\",\"onWorkerEnd\",\"before\",\"beforeSession\",\"beforeSuite\",\"beforeHook\",\"beforeTest\",\"afterTest\",\"afterHook\",\"afterSuite\",\"afterSession\",\"after\",\"onComplete\",\"beforeAssertion\",\"afterAssertion\",\"beforeFeature\",\"beforeScenario\",\"beforeStep\",\"afterStep\",\"afterScenario\",\"afterFeature\",\"_\",\"suite\",\"$0\",\"ignoredWorkerServices\",\"wdi5\"]"}]}
COMMAND: POST /session/bac753d7431ab8579d321a709828f6cf/execute/async - {"script":"<script> [21126 bytes]","args":[35000]}
RESULT: {"script":"<script> [21126 bytes]","args":[35000]}
COMMAND: POST /session/bac753d7431ab8579d321a709828f6cf/window/maximize - {}
RESULT: {}
COMMAND: POST /session/bac753d7431ab8579d321a709828f6cf/execute/async - {"script":"<script> [1562 bytes]","args":[{"selector":{"id":"shell-header","interaction":{"idSuffix":"icon"}},"wdio_ui5_key":"shellheader"}]}
COMMAND: GET /session/bac753d7431ab8579d321a709828f6cf/screenshot - {}
RESULT: {"script":"<script> [1562 bytes]","args":[{"selector":{"id":"shell-header","interaction":{"idSuffix":"icon"}},"wdio_ui5_key":"shellheader"}]}
RESULT: undefined
COMMAND: POST /session/bac753d7431ab8579d321a709828f6cf/refresh - {}
RESULT: {}
RESULT: {}
COMMAND: GET /session/bac753d7431ab8579d321a709828f6cf/screenshot - {}
RESULT: {}
COMMAND: POST /session/bac753d7431ab8579d321a709828f6cf/refresh - {}
RESULT: {}
COMMAND: GET /session/bac753d7431ab8579d321a709828f6cf/screenshot - {}
RESULT: {}
COMMAND: POST /session/bac753d7431ab8579d321a709828f6cf/window/fullscreen - {}
RESULT: {}
COMMAND: POST /session/bac753d7431ab8579d321a709828f6cf/execute/async - {"script":"<script> [189 bytes]","args":[]}
RESULT: {"script":"<script> [189 bytes]","args":[]}
COMMAND: POST /session/bac753d7431ab8579d321a709828f6cf/execute/async - {"script":"<script> [123 bytes]","args":[]}
RESULT: {"script":"<script> [123 bytes]","args":[]}
COMMAND: POST /session/bac753d7431ab8579d321a709828f6cf/timeouts - {"script":"<number>"}
RESULT: {"script":"<number>"}
COMMAND: GET /session/bac753d7431ab8579d321a709828f6cf/timeouts - {}
RESULT: {}
RESULT: undefined
COMMAND: POST /session/bac753d7431ab8579d321a709828f6cf/execute/async - {"script":"<script> [2676 bytes]","args":[]}
RESULT: {"script":"<script> [2676 bytes]","args":[]}
COMMAND: POST /session/bac753d7431ab8579d321a709828f6cf/execute/async - {"script":"<script> [2342 bytes]","args":[{"protocol":"http","hostname":"0.0.0.0","path":"/","capabilities":{"browserName":"chrome","goog:chromeOptions":{"binary":"C:\\Program Files\\Google\\Chrome\\Application\\chrome.exe","args":["--start-maximized"]}},"logLevel":"warn","connectionRetryTimeout":120000,"connectionRetryCount":3,"logLevels":{},"enableDirectConnect":true,"strictSSL":true,"_":"65 more keys: [\"cacheDir\",\"port\",\"requestedCapabilities\",\"automationProtocol\",\"baseUrl\",\"waitforInterval\",\"waitforTimeout\",\"onReload\",\"beforeCommand\",\"afterCommand\",\"rootDir\",\"specs\",\"suites\",\"exclude\",\"groupLogsByTestSpec\",\"excludeDriverLogs\",\"bail\",\"framework\",\"reporters\",\"services\",\"maxInstances\",\"maxInstancesPerCapability\",\"injectGlobals\",\"filesToWatch\",\"execArgv\",\"runnerEnv\",\"runner\",\"shard\",\"specFileRetries\",\"specFileRetriesDelay\",\"specFileRetriesDeferred\",\"reporterSyncInterval\",\"reporterSyncTimeout\",\"cucumberFeaturesWithLineNumbers\",\"autoCompileOpts\",\"mochaOpts\",\"jasmineOpts\",\"cucumberOpts\",\"onPrepare\",\"onWorkerStart\",\"onWorkerEnd\",\"before\",\"beforeSession\",\"beforeSuite\",\"beforeHook\",\"beforeTest\",\"afterTest\",\"afterHook\",\"afterSuite\",\"afterSession\",\"after\",\"onComplete\",\"beforeAssertion\",\"afterAssertion\",\"beforeFeature\",\"beforeScenario\",\"beforeStep\",\"afterStep\",\"afterScenario\",\"afterFeature\",\"_\",\"suite\",\"$0\",\"ignoredWorkerServices\",\"wdi5\"]"}]}
RESULT: {"script":"<script> [2342 bytes]","args":[{"protocol":"http","hostname":"0.0.0.0","path":"/","capabilities":{"browserName":"chrome","goog:chromeOptions":{"binary":"C:\\Program Files\\Google\\Chrome\\Application\\chrome.exe","args":["--start-maximized"]}},"logLevel":"warn","connectionRetryTimeout":120000,"connectionRetryCount":3,"logLevels":{},"enableDirectConnect":true,"strictSSL":true,"_":"65 more keys: [\"cacheDir\",\"port\",\"requestedCapabilities\",\"automationProtocol\",\"baseUrl\",\"waitforInterval\",\"waitforTimeout\",\"onReload\",\"beforeCommand\",\"afterCommand\",\"rootDir\",\"specs\",\"suites\",\"exclude\",\"groupLogsByTestSpec\",\"excludeDriverLogs\",\"bail\",\"framework\",\"reporters\",\"services\",\"maxInstances\",\"maxInstancesPerCapability\",\"injectGlobals\",\"filesToWatch\",\"execArgv\",\"runnerEnv\",\"runner\",\"shard\",\"specFileRetries\",\"specFileRetriesDelay\",\"specFileRetriesDeferred\",\"reporterSyncInterval\",\"reporterSyncTimeout\",\"cucumberFeaturesWithLineNumbers\",\"autoCompileOpts\",\"mochaOpts\",\"jasmineOpts\",\"cucumberOpts\",\"onPrepare\",\"onWorkerStart\",\"onWorkerEnd\",\"before\",\"beforeSession\",\"beforeSuite\",\"beforeHook\",\"beforeTest\",\"afterTest\",\"afterHook\",\"afterSuite\",\"afterSession\",\"after\",\"onComplete\",\"beforeAssertion\",\"afterAssertion\",\"beforeFeature\",\"beforeScenario\",\"beforeStep\",\"afterStep\",\"afterScenario\",\"afterFeature\",\"_\",\"suite\",\"$0\",\"ignoredWorkerServices\",\"wdi5\"]"}]}
COMMAND: POST /session/bac753d7431ab8579d321a709828f6cf/execute/async - {"script":"<script> [21126 bytes]","args":[35000]}
RESULT: {"script":"<script> [21126 bytes]","args":[35000]}
]]></system-out>
    </testcase>
  </testsuite>
  <testsuite timestamp="2025-06-04T17:14:19" time="433" tests="9" failures="0" errors="0" skipped="0">
    <properties>
      <property name="specId" value="0" />
      <property name="suiteName" value="US134625 Set up price condition - one time" />
      <property name="capabilities" value="chrome.137_0_7151_56.windows" />
      <property name="file" value="file:///D:/a/1/s/test/specs/BTS/set-up-price-condition-one-time.spec.js" />
    </properties>
    <testcase classname="chrome.137_0_7151_56.windows.US134625_Set_up_price_condition_-_one_time" name="Should create a new yard used for all following tests" time="0.012">
      <system-out><![CDATA[
COMMAND: POST /session/bac753d7431ab8579d321a709828f6cf/window/fullscreen - {}
RESULT: {}
]]></system-out>
    </testcase>
    <testcase classname="chrome.137_0_7151_56.windows.US134625_Set_up_price_condition_-_one_time" name="Should create a new partner" time="0.002" />
    <testcase classname="chrome.137_0_7151_56.windows.US134625_Set_up_price_condition_-_one_time" name="Should create a new site used for following tests" time="0.002" />
    <testcase classname="chrome.137_0_7151_56.windows.US134625_Set_up_price_condition_-_one_time" name="Should create a new material for billing type one time" time="117.253">
      <system-out><![CDATA[
COMMAND: POST /session/bac753d7431ab8579d321a709828f6cf/execute/async - {"script":"<script> [1562 bytes]","args":[{"selector":{"controlType":"sap.m.GenericTile","properties":{"header":"Manage Resources"}},"wdio_ui5_key":"sapm.GenericTile{\"header\":\"Manage Resources\"}"}]}
RESULT: {"script":"<script> [1562 bytes]","args":[{"selector":{"controlType":"sap.m.GenericTile","properties":{"header":"Manage Resources"}},"wdio_ui5_key":"sapm.GenericTile{\"header\":\"Manage Resources\"}"}]}
RESULT: undefined
COMMAND: POST /session/bac753d7431ab8579d321a709828f6cf/element - {"using":"xpath","value":"//*[@id=\"__tile39\"]"}
RESULT: {"using":"xpath","value":"//*[@id=\"__tile39\"]"}
COMMAND: POST /session/bac753d7431ab8579d321a709828f6cf/element/f.AB4A68BA45A81A2DBE2B8A5915AD560C.d.1F44E326A8C5765370A8FDFD467A9D13.e.6652/click - {}
RESULT: {}
COMMAND: GET /session/bac753d7431ab8579d321a709828f6cf/screenshot - {}
RESULT: {}
COMMAND: POST /session/bac753d7431ab8579d321a709828f6cf/elements - {"using":"xpath","value":"//span[text()='Error']"}
RESULT: {"using":"xpath","value":"//span[text()='Error']"}
COMMAND: POST /session/bac753d7431ab8579d321a709828f6cf/element - {"using":"xpath","value":"//button[@data-kt=\"addNewRUOverflowToolbarButton\"]"}
RESULT: {"using":"xpath","value":"//button[@data-kt=\"addNewRUOverflowToolbarButton\"]"}
COMMAND: POST /session/bac753d7431ab8579d321a709828f6cf/elements - {"using":"xpath","value":"//button[@data-kt=\"addNewRUOverflowToolbarButton\"]"}
RESULT: {"using":"xpath","value":"//button[@data-kt=\"addNewRUOverflowToolbarButton\"]"}
COMMAND: POST /session/bac753d7431ab8579d321a709828f6cf/element - {"using":"xpath","value":"//button[@data-kt=\"addNewRUOverflowToolbarButton\"]"}
RESULT: {"using":"xpath","value":"//button[@data-kt=\"addNewRUOverflowToolbarButton\"]"}
COMMAND: POST /session/bac753d7431ab8579d321a709828f6cf/execute/sync - {"script":"<script> [8489 bytes]","args":[{"element-6066-11e4-a52e-4f735466cecf":"f.AB4A68BA45A81A2DBE2B8A5915AD560C.d.1F44E326A8C5765370A8FDFD467A9D13.e.6783","ELEMENT":"f.AB4A68BA45A81A2DBE2B8A5915AD560C.d.1F44E326A8C5765370A8FDFD467A9D13.e.6783"}]}
RESULT: {"script":"<script> [8489 bytes]","args":[{"element-6066-11e4-a52e-4f735466cecf":"f.AB4A68BA45A81A2DBE2B8A5915AD560C.d.1F44E326A8C5765370A8FDFD467A9D13.e.6783","ELEMENT":"f.AB4A68BA45A81A2DBE2B8A5915AD560C.d.1F44E326A8C5765370A8FDFD467A9D13.e.6783"}]}
COMMAND: GET /session/bac753d7431ab8579d321a709828f6cf/element/f.AB4A68BA45A81A2DBE2B8A5915AD560C.d.1F44E326A8C5765370A8FDFD467A9D13.e.6783/enabled - {}
COMMAND: GET /session/bac753d7431ab8579d321a709828f6cf/screenshot - {}
RESULT: {}
COMMAND: POST /session/bac753d7431ab8579d321a709828f6cf/execute/sync - {"script":"<script> [8489 bytes]","args":[{"element-6066-11e4-a52e-4f735466cecf":"f.AB4A68BA45A81A2DBE2B8A5915AD560C.d.1F44E326A8C5765370A8FDFD467A9D13.e.6783","ELEMENT":"f.AB4A68BA45A81A2DBE2B8A5915AD560C.d.1F44E326A8C5765370A8FDFD467A9D13.e.6783"}]}
COMMAND: GET /session/bac753d7431ab8579d321a709828f6cf/screenshot - {}
RESULT: {}
RESULT: {"script":"<script> [8489 bytes]","args":[{"element-6066-11e4-a52e-4f735466cecf":"f.AB4A68BA45A81A2DBE2B8A5915AD560C.d.1F44E326A8C5765370A8FDFD467A9D13.e.6783","ELEMENT":"f.AB4A68BA45A81A2DBE2B8A5915AD560C.d.1F44E326A8C5765370A8FDFD467A9D13.e.6783"}]}
COMMAND: POST /session/bac753d7431ab8579d321a709828f6cf/execute/sync - {"script":"<script> [5351 bytes]","args":[{"element-6066-11e4-a52e-4f735466cecf":"f.AB4A68BA45A81A2DBE2B8A5915AD560C.d.1F44E326A8C5765370A8FDFD467A9D13.e.6783","ELEMENT":"f.AB4A68BA45A81A2DBE2B8A5915AD560C.d.1F44E326A8C5765370A8FDFD467A9D13.e.6783"}]}
RESULT: {}
COMMAND: GET /session/bac753d7431ab8579d321a709828f6cf/screenshot - {}
RESULT: {"script":"<script> [5351 bytes]","args":[{"element-6066-11e4-a52e-4f735466cecf":"f.AB4A68BA45A81A2DBE2B8A5915AD560C.d.1F44E326A8C5765370A8FDFD467A9D13.e.6783","ELEMENT":"f.AB4A68BA45A81A2DBE2B8A5915AD560C.d.1F44E326A8C5765370A8FDFD467A9D13.e.6783"}]}
COMMAND: POST /session/bac753d7431ab8579d321a709828f6cf/element/f.AB4A68BA45A81A2DBE2B8A5915AD560C.d.1F44E326A8C5765370A8FDFD467A9D13.e.6783/click - {}
COMMAND: GET /session/bac753d7431ab8579d321a709828f6cf/screenshot - {}
RESULT: {}
RESULT: {}
COMMAND: GET /session/bac753d7431ab8579d321a709828f6cf/screenshot - {}
RESULT: {}
RESULT: {}
COMMAND: POST /session/bac753d7431ab8579d321a709828f6cf/execute/async - {"script":"<script> [1562 bytes]","args":[{"selector":{"id":"application-manageresources-display-component---newResourceUnit--TYPE-arrow"},"wdio_ui5_key":"applicationmanageresources-display-component---newResourceUnit--TYPE-arrow"}]}
RESULT: {"script":"<script> [1562 bytes]","args":[{"selector":{"id":"application-manageresources-display-component---newResourceUnit--TYPE-arrow"},"wdio_ui5_key":"applicationmanageresources-display-component---newResourceUnit--TYPE-arrow"}]}
RESULT: undefined
COMMAND: POST /session/bac753d7431ab8579d321a709828f6cf/element - {"using":"xpath","value":"//*[@id=\"application-manageresources-display-component---newResourceUnit--TYPE-arrow\"]"}
RESULT: {"using":"xpath","value":"//*[@id=\"application-manageresources-display-component---newResourceUnit--TYPE-arrow\"]"}
COMMAND: POST /session/bac753d7431ab8579d321a709828f6cf/element/f.AB4A68BA45A81A2DBE2B8A5915AD560C.d.1F44E326A8C5765370A8FDFD467A9D13.e.7150/click - {}
RESULT: {}
COMMAND: POST /session/bac753d7431ab8579d321a709828f6cf/element - {"using":"xpath","value":"//input[@id=\"application-manageresources-display-component---newResourceUnit--TYPE-inner\"]"}
COMMAND: GET /session/bac753d7431ab8579d321a709828f6cf/screenshot - {}
RESULT: {"using":"xpath","value":"//input[@id=\"application-manageresources-display-component---newResourceUnit--TYPE-inner\"]"}
COMMAND: POST /session/bac753d7431ab8579d321a709828f6cf/element/f.AB4A68BA45A81A2DBE2B8A5915AD560C.d.1F44E326A8C5765370A8FDFD467A9D13.e.7136/clear - {}
RESULT: {}
RESULT: {}
COMMAND: POST /session/bac753d7431ab8579d321a709828f6cf/element/f.AB4A68BA45A81A2DBE2B8A5915AD560C.d.1F44E326A8C5765370A8FDFD467A9D13.e.7136/value - {"text":"Material"}
COMMAND: GET /session/bac753d7431ab8579d321a709828f6cf/screenshot - {}
RESULT: {"text":"Material"}
COMMAND: GET /session/bac753d7431ab8579d321a709828f6cf/screenshot - {}
RESULT: {}
RESULT: {}
COMMAND: POST /session/bac753d7431ab8579d321a709828f6cf/actions - {"actions":[{"id":"action20","type":"key","parameters":{},"actions":[{"type":"keyDown","value":"î€‡"},{"type":"pause","duration":10},{"type":"keyUp","value":"î€‡"}]}]}
RESULT: {"actions":[{"id":"action20","type":"key","parameters":{},"actions":[{"type":"keyDown","value":"î€‡"},{"type":"pause","duration":10},{"type":"keyUp","value":"î€‡"}]}]}
COMMAND: POST /session/bac753d7431ab8579d321a709828f6cf/execute/async - {"script":"<script> [1562 bytes]","args":[{"selector":{"id":"application-manageresources-display-component---newResourceUnit--SHORT_TEXT","interaction":{"idSuffix":"inner"}},"wdio_ui5_key":"applicationmanageresources-display-component---newResourceUnit--SHORT_TEXT"}]}
COMMAND: GET /session/bac753d7431ab8579d321a709828f6cf/screenshot - {}
RESULT: {"script":"<script> [1562 bytes]","args":[{"selector":{"id":"application-manageresources-display-component---newResourceUnit--SHORT_TEXT","interaction":{"idSuffix":"inner"}},"wdio_ui5_key":"applicationmanageresources-display-component---newResourceUnit--SHORT_TEXT"}]}
RESULT: undefined
COMMAND: POST /session/bac753d7431ab8579d321a709828f6cf/execute/async - {"script":"<script> [776 bytes]","args":[{"enterText":"Cement WDIO","selector":{"id":"application-manageresources-display-component---newResourceUnit--SHORT_TEXT","interaction":{"idSuffix":"inner"}},"clearTextFirst":true,"interactionType":"ENTER_TEXT"}]}
RESULT: {}
RESULT: {"script":"<script> [776 bytes]","args":[{"enterText":"Cement WDIO","selector":{"id":"application-manageresources-display-component---newResourceUnit--SHORT_TEXT","interaction":{"idSuffix":"inner"}},"clearTextFirst":true,"interactionType":"ENTER_TEXT"}]}
COMMAND: POST /session/bac753d7431ab8579d321a709828f6cf/execute/async - {"script":"<script> [1562 bytes]","args":[{"selector":{"id":"application-manageresources-display-component---newResourceUnit--BASE_UNIT_OF_MEASURE","interaction":{"idSuffix":"inner"}},"wdio_ui5_key":"applicationmanageresources-display-component---newResourceUnit--BASE_UNIT_OF_MEASURE"}]}
RESULT: {"script":"<script> [1562 bytes]","args":[{"selector":{"id":"application-manageresources-display-component---newResourceUnit--BASE_UNIT_OF_MEASURE","interaction":{"idSuffix":"inner"}},"wdio_ui5_key":"applicationmanageresources-display-component---newResourceUnit--BASE_UNIT_OF_MEASURE"}]}
RESULT: undefined
COMMAND: POST /session/bac753d7431ab8579d321a709828f6cf/execute/async - {"script":"<script> [776 bytes]","args":[{"enterText":"Piece","selector":{"id":"application-manageresources-display-component---newResourceUnit--BASE_UNIT_OF_MEASURE","interaction":{"idSuffix":"inner"}},"clearTextFirst":true,"interactionType":"ENTER_TEXT"}]}
RESULT: {"script":"<script> [776 bytes]","args":[{"enterText":"Piece","selector":{"id":"application-manageresources-display-component---newResourceUnit--BASE_UNIT_OF_MEASURE","interaction":{"idSuffix":"inner"}},"clearTextFirst":true,"interactionType":"ENTER_TEXT"}]}
COMMAND: POST /session/bac753d7431ab8579d321a709828f6cf/execute/async - {"script":"<script> [1562 bytes]","args":[{"selector":{"id":"application-manageresources-display-component---newResourceUnit--WEIGHT_UNIT","interaction":{"idSuffix":"inner"}},"wdio_ui5_key":"applicationmanageresources-display-component---newResourceUnit--WEIGHT_UNIT"}]}
RESULT: {"script":"<script> [1562 bytes]","args":[{"selector":{"id":"application-manageresources-display-component---newResourceUnit--WEIGHT_UNIT","interaction":{"idSuffix":"inner"}},"wdio_ui5_key":"applicationmanageresources-display-component---newResourceUnit--WEIGHT_UNIT"}]}
RESULT: undefined
COMMAND: POST /session/bac753d7431ab8579d321a709828f6cf/execute/async - {"script":"<script> [776 bytes]","args":[{"enterText":"Gram","selector":{"id":"application-manageresources-display-component---newResourceUnit--WEIGHT_UNIT","interaction":{"idSuffix":"inner"}},"clearTextFirst":true,"interactionType":"ENTER_TEXT"}]}
RESULT: {"script":"<script> [776 bytes]","args":[{"enterText":"Gram","selector":{"id":"application-manageresources-display-component---newResourceUnit--WEIGHT_UNIT","interaction":{"idSuffix":"inner"}},"clearTextFirst":true,"interactionType":"ENTER_TEXT"}]}
COMMAND: POST /session/bac753d7431ab8579d321a709828f6cf/execute/async - {"script":"<script> [1562 bytes]","args":[{"selector":{"id":"application-manageresources-display-component---newResourceUnit--DIMENSION_UNIT","interaction":{"idSuffix":"inner"}},"wdio_ui5_key":"applicationmanageresources-display-component---newResourceUnit--DIMENSION_UNIT"}]}
RESULT: {"script":"<script> [1562 bytes]","args":[{"selector":{"id":"application-manageresources-display-component---newResourceUnit--DIMENSION_UNIT","interaction":{"idSuffix":"inner"}},"wdio_ui5_key":"applicationmanageresources-display-component---newResourceUnit--DIMENSION_UNIT"}]}
RESULT: undefined
COMMAND: POST /session/bac753d7431ab8579d321a709828f6cf/execute/async - {"script":"<script> [776 bytes]","args":[{"enterText":"Meter","selector":{"id":"application-manageresources-display-component---newResourceUnit--DIMENSION_UNIT","interaction":{"idSuffix":"inner"}},"clearTextFirst":true,"interactionType":"ENTER_TEXT"}]}
RESULT: {"script":"<script> [776 bytes]","args":[{"enterText":"Meter","selector":{"id":"application-manageresources-display-component---newResourceUnit--DIMENSION_UNIT","interaction":{"idSuffix":"inner"}},"clearTextFirst":true,"interactionType":"ENTER_TEXT"}]}
COMMAND: POST /session/bac753d7431ab8579d321a709828f6cf/execute/async - {"script":"<script> [1562 bytes]","args":[{"selector":{"id":"application-manageresources-display-component---newResourceUnit--newRRUPage-anchBar-application-manageresources-display-component---newResourceUnit--control-anchor","interaction":{"idSuffix":"BDI-content"}},"wdio_ui5_key":"applicationmanageresources-display-component---newResourceUnit--newRRUPage-anchBar-application-manageresources-display-component---newResourceUnit--control-anchor"}]}
RESULT: {"script":"<script> [1562 bytes]","args":[{"selector":{"id":"application-manageresources-display-component---newResourceUnit--newRRUPage-anchBar-application-manageresources-display-component---newResourceUnit--control-anchor","interaction":{"idSuffix":"BDI-content"}},"wdio_ui5_key":"applicationmanageresources-display-component---newResourceUnit--newRRUPage-anchBar-application-manageresources-display-component---newResourceUnit--control-anchor"}]}
RESULT: undefined
COMMAND: POST /session/bac753d7431ab8579d321a709828f6cf/element - {"using":"xpath","value":"//*[@id=\"application-manageresources-display-component---newResourceUnit--newRRUPage-anchBar-application-manageresources-display-component---newResourceUnit--control-anchor\"]"}
RESULT: {"using":"xpath","value":"//*[@id=\"application-manageresources-display-component---newResourceUnit--newRRUPage-anchBar-application-manageresources-display-component---newResourceUnit--control-anchor\"]"}
COMMAND: POST /session/bac753d7431ab8579d321a709828f6cf/element/f.AB4A68BA45A81A2DBE2B8A5915AD560C.d.1F44E326A8C5765370A8FDFD467A9D13.e.7282/click - {}
RESULT: {}
COMMAND: POST /session/bac753d7431ab8579d321a709828f6cf/execute/async - {"script":"<script> [1562 bytes]","args":[{"selector":{"id":"application-manageresources-display-component---newResourceUnit--PLANNING_GROUP","interaction":{"idSuffix":"inner"}},"wdio_ui5_key":"applicationmanageresources-display-component---newResourceUnit--PLANNING_GROUP"}]}
COMMAND: GET /session/bac753d7431ab8579d321a709828f6cf/screenshot - {}
RESULT: {"script":"<script> [1562 bytes]","args":[{"selector":{"id":"application-manageresources-display-component---newResourceUnit--PLANNING_GROUP","interaction":{"idSuffix":"inner"}},"wdio_ui5_key":"applicationmanageresources-display-component---newResourceUnit--PLANNING_GROUP"}]}
RESULT: undefined
COMMAND: POST /session/bac753d7431ab8579d321a709828f6cf/execute/async - {"script":"<script> [776 bytes]","args":[{"enterText":"Material","selector":{"id":"application-manageresources-display-component---newResourceUnit--PLANNING_GROUP","interaction":{"idSuffix":"inner"}},"clearTextFirst":true,"interactionType":"ENTER_TEXT"}]}
RESULT: {}
RESULT: {"script":"<script> [776 bytes]","args":[{"enterText":"Material","selector":{"id":"application-manageresources-display-component---newResourceUnit--PLANNING_GROUP","interaction":{"idSuffix":"inner"}},"clearTextFirst":true,"interactionType":"ENTER_TEXT"}]}
COMMAND: POST /session/bac753d7431ab8579d321a709828f6cf/execute/async - {"script":"<script> [1562 bytes]","args":[{"selector":{"id":"application-manageresources-display-component---newResourceUnit--PLANNING_INDICATOR","interaction":{"idSuffix":"inner"}},"wdio_ui5_key":"applicationmanageresources-display-component---newResourceUnit--PLANNING_INDICATOR"}]}
RESULT: {"script":"<script> [1562 bytes]","args":[{"selector":{"id":"application-manageresources-display-component---newResourceUnit--PLANNING_INDICATOR","interaction":{"idSuffix":"inner"}},"wdio_ui5_key":"applicationmanageresources-display-component---newResourceUnit--PLANNING_INDICATOR"}]}
RESULT: undefined
COMMAND: POST /session/bac753d7431ab8579d321a709828f6cf/execute/async - {"script":"<script> [776 bytes]","args":[{"enterText":"10 - infinite","selector":{"id":"application-manageresources-display-component---newResourceUnit--PLANNING_INDICATOR","interaction":{"idSuffix":"inner"}},"clearTextFirst":true,"interactionType":"ENTER_TEXT"}]}
RESULT: {"script":"<script> [776 bytes]","args":[{"enterText":"10 - infinite","selector":{"id":"application-manageresources-display-component---newResourceUnit--PLANNING_INDICATOR","interaction":{"idSuffix":"inner"}},"clearTextFirst":true,"interactionType":"ENTER_TEXT"}]}
COMMAND: POST /session/bac753d7431ab8579d321a709828f6cf/element - {"using":"css selector","value":"#application-manageresources-display-component---newResourceUnit--btnAddTimeSegment"}
RESULT: {"using":"css selector","value":"#application-manageresources-display-component---newResourceUnit--btnAddTimeSegment"}
COMMAND: GET /session/bac753d7431ab8579d321a709828f6cf/element/f.AB4A68BA45A81A2DBE2B8A5915AD560C.d.1F44E326A8C5765370A8FDFD467A9D13.e.7292/rect - {}
RESULT: {}
COMMAND: GET /session/bac753d7431ab8579d321a709828f6cf/window/rect - {}
RESULT: {}
COMMAND: POST /session/bac753d7431ab8579d321a709828f6cf/execute/sync - {"script":"<script> [92 bytes]","args":[]}
RESULT: {"script":"<script> [92 bytes]","args":[]}
COMMAND: POST /session/bac753d7431ab8579d321a709828f6cf/actions - {"actions":[{"id":"action21","type":"wheel","parameters":{},"actions":[{"type":"scroll","x":-1888,"y":-32,"deltaX":0,"deltaY":0,"duration":0,"origin":{"element-6066-11e4-a52e-4f735466cecf":"f.AB4A68BA45A81A2DBE2B8A5915AD560C.d.1F44E326A8C5765370A8FDFD467A9D13.e.7292"}}]}]}
COMMAND: GET /session/bac753d7431ab8579d321a709828f6cf/screenshot - {}
RESULT: {}
COMMAND: POST /session/bac753d7431ab8579d321a709828f6cf/execute/sync - {"script":"<script> [79 bytes]","args":[{"element-6066-11e4-a52e-4f735466cecf":"f.AB4A68BA45A81A2DBE2B8A5915AD560C.d.1F44E326A8C5765370A8FDFD467A9D13.e.7292","ELEMENT":"f.AB4A68BA45A81A2DBE2B8A5915AD560C.d.1F44E326A8C5765370A8FDFD467A9D13.e.7292"},{"block":"start","inline":"nearest"}]}
RESULT: {"script":"<script> [79 bytes]","args":[{"element-6066-11e4-a52e-4f735466cecf":"f.AB4A68BA45A81A2DBE2B8A5915AD560C.d.1F44E326A8C5765370A8FDFD467A9D13.e.7292","ELEMENT":"f.AB4A68BA45A81A2DBE2B8A5915AD560C.d.1F44E326A8C5765370A8FDFD467A9D13.e.7292"},{"block":"start","inline":"nearest"}]}
COMMAND: POST /session/bac753d7431ab8579d321a709828f6cf/execute/async - {"script":"<script> [1562 bytes]","args":[{"selector":{"id":"application-manageresources-display-component---newResourceUnit--btnAddTimeSegment","interaction":{"idSuffix":"inner"}},"wdio_ui5_key":"applicationmanageresources-display-component---newResourceUnit--btnAddTimeSegment"}]}
COMMAND: GET /session/bac753d7431ab8579d321a709828f6cf/screenshot - {}
RESULT: {"script":"<script> [1562 bytes]","args":[{"selector":{"id":"application-manageresources-display-component---newResourceUnit--btnAddTimeSegment","interaction":{"idSuffix":"inner"}},"wdio_ui5_key":"applicationmanageresources-display-component---newResourceUnit--btnAddTimeSegment"}]}
RESULT: undefined
COMMAND: POST /session/bac753d7431ab8579d321a709828f6cf/element - {"using":"xpath","value":"//*[@id=\"application-manageresources-display-component---newResourceUnit--btnAddTimeSegment\"]"}
RESULT: {}
RESULT: {"using":"xpath","value":"//*[@id=\"application-manageresources-display-component---newResourceUnit--btnAddTimeSegment\"]"}
COMMAND: POST /session/bac753d7431ab8579d321a709828f6cf/element/f.AB4A68BA45A81A2DBE2B8A5915AD560C.d.1F44E326A8C5765370A8FDFD467A9D13.e.7292/click - {}
RESULT: {}
COMMAND: GET /session/bac753d7431ab8579d321a709828f6cf/screenshot - {}
RESULT: {}
COMMAND: POST /session/bac753d7431ab8579d321a709828f6cf/element - {"using":"xpath","value":"//input[@id=\"application-manageresources-display-component---newResourceUnit--idRuTSAdmin-application-manageresources-display-component---newResourceUnit--RUTimeSegment-0-inner\"]"}
RESULT: {"using":"xpath","value":"//input[@id=\"application-manageresources-display-component---newResourceUnit--idRuTSAdmin-application-manageresources-display-component---newResourceUnit--RUTimeSegment-0-inner\"]"}
COMMAND: POST /session/bac753d7431ab8579d321a709828f6cf/element/f.AB4A68BA45A81A2DBE2B8A5915AD560C.d.1F44E326A8C5765370A8FDFD467A9D13.e.7297/clear - {}
RESULT: {}
COMMAND: POST /session/bac753d7431ab8579d321a709828f6cf/element/f.AB4A68BA45A81A2DBE2B8A5915AD560C.d.1F44E326A8C5765370A8FDFD467A9D13.e.7297/value - {"text":"661"}
COMMAND: GET /session/bac753d7431ab8579d321a709828f6cf/screenshot - {}
RESULT: {"text":"661"}
COMMAND: GET /session/bac753d7431ab8579d321a709828f6cf/screenshot - {}
RESULT: {}
RESULT: {}
COMMAND: POST /session/bac753d7431ab8579d321a709828f6cf/element - {"using":"xpath","value":"//li[.//span[text()='661']]"}
RESULT: {"using":"xpath","value":"//li[.//span[text()='661']]"}
COMMAND: POST /session/bac753d7431ab8579d321a709828f6cf/element/f.AB4A68BA45A81A2DBE2B8A5915AD560C.d.1F44E326A8C5765370A8FDFD467A9D13.e.7308/click - {}
RESULT: {}
COMMAND: GET /session/bac753d7431ab8579d321a709828f6cf/screenshot - {}
RESULT: {}
COMMAND: POST /session/bac753d7431ab8579d321a709828f6cf/element - {"using":"xpath","value":"(//span[contains(@id, \"-application-manageresources-display-component---newResourceUnit--RUTimeSegment-0-arrow\")])[2]"}
RESULT: {"using":"xpath","value":"(//span[contains(@id, \"-application-manageresources-display-component---newResourceUnit--RUTimeSegment-0-arrow\")])[2]"}
COMMAND: POST /session/bac753d7431ab8579d321a709828f6cf/element/f.AB4A68BA45A81A2DBE2B8A5915AD560C.d.1F44E326A8C5765370A8FDFD467A9D13.e.7309/click - {}
RESULT: {}
COMMAND: POST /session/bac753d7431ab8579d321a709828f6cf/element - {"using":"xpath","value":"//span[contains(text(), \"PM Order\")]"}
COMMAND: GET /session/bac753d7431ab8579d321a709828f6cf/screenshot - {}
RESULT: {"using":"xpath","value":"//span[contains(text(), \"PM Order\")]"}
COMMAND: POST /session/bac753d7431ab8579d321a709828f6cf/element/f.AB4A68BA45A81A2DBE2B8A5915AD560C.d.1F44E326A8C5765370A8FDFD467A9D13.e.7310/click - {}
RESULT: {}
RESULT: {}
COMMAND: GET /session/bac753d7431ab8579d321a709828f6cf/screenshot - {}
RESULT: {}
COMMAND: POST /session/bac753d7431ab8579d321a709828f6cf/element - {"using":"xpath","value":"//td/div/div/div/span[contains(@id, \"newResourceUnit--RUTimeSegment-0-vhi\")][1]"}
RESULT: {"using":"xpath","value":"//td/div/div/div/span[contains(@id, \"newResourceUnit--RUTimeSegment-0-vhi\")][1]"}
COMMAND: GET /session/bac753d7431ab8579d321a709828f6cf/element/f.AB4A68BA45A81A2DBE2B8A5915AD560C.d.1F44E326A8C5765370A8FDFD467A9D13.e.7314/rect - {}
RESULT: {}
COMMAND: GET /session/bac753d7431ab8579d321a709828f6cf/window/rect - {}
RESULT: {}
COMMAND: POST /session/bac753d7431ab8579d321a709828f6cf/execute/sync - {"script":"<script> [92 bytes]","args":[]}
RESULT: {"script":"<script> [92 bytes]","args":[]}
COMMAND: POST /session/bac753d7431ab8579d321a709828f6cf/actions - {"actions":[{"id":"action22","type":"wheel","parameters":{},"actions":[{"type":"scroll","x":-1888,"y":-24,"deltaX":0,"deltaY":0,"duration":0,"origin":{"element-6066-11e4-a52e-4f735466cecf":"f.AB4A68BA45A81A2DBE2B8A5915AD560C.d.1F44E326A8C5765370A8FDFD467A9D13.e.7314"}}]}]}
COMMAND: GET /session/bac753d7431ab8579d321a709828f6cf/screenshot - {}
RESULT: {}
COMMAND: POST /session/bac753d7431ab8579d321a709828f6cf/execute/sync - {"script":"<script> [79 bytes]","args":[{"element-6066-11e4-a52e-4f735466cecf":"f.AB4A68BA45A81A2DBE2B8A5915AD560C.d.1F44E326A8C5765370A8FDFD467A9D13.e.7314","ELEMENT":"f.AB4A68BA45A81A2DBE2B8A5915AD560C.d.1F44E326A8C5765370A8FDFD467A9D13.e.7314"},{"block":"start","inline":"nearest"}]}
RESULT: {"script":"<script> [79 bytes]","args":[{"element-6066-11e4-a52e-4f735466cecf":"f.AB4A68BA45A81A2DBE2B8A5915AD560C.d.1F44E326A8C5765370A8FDFD467A9D13.e.7314","ELEMENT":"f.AB4A68BA45A81A2DBE2B8A5915AD560C.d.1F44E326A8C5765370A8FDFD467A9D13.e.7314"},{"block":"start","inline":"nearest"}]}
COMMAND: GET /session/bac753d7431ab8579d321a709828f6cf/screenshot - {}
RESULT: {}
COMMAND: POST /session/bac753d7431ab8579d321a709828f6cf/element/f.AB4A68BA45A81A2DBE2B8A5915AD560C.d.1F44E326A8C5765370A8FDFD467A9D13.e.7314/click - {}
RESULT: {}
COMMAND: GET /session/bac753d7431ab8579d321a709828f6cf/screenshot - {}
RESULT: {}
COMMAND: POST /session/bac753d7431ab8579d321a709828f6cf/execute/async - {"script":"<script> [1562 bytes]","args":[{"selector":{"controlType":"sap.m.SearchField","properties":{"placeholder":"Search"},"searchOpenDialogs":true,"interaction":{"idSuffix":"I"}},"wdio_ui5_key":"sapm.SearchField{\"placeholder\":\"Search\"}"}]}
RESULT: {"script":"<script> [1562 bytes]","args":[{"selector":{"controlType":"sap.m.SearchField","properties":{"placeholder":"Search"},"searchOpenDialogs":true,"interaction":{"idSuffix":"I"}},"wdio_ui5_key":"sapm.SearchField{\"placeholder\":\"Search\"}"}]}
RESULT: undefined
COMMAND: POST /session/bac753d7431ab8579d321a709828f6cf/execute/async - {"script":"<script> [776 bytes]","args":[{"enterText":"4000360","selector":{"controlType":"sap.m.SearchField","properties":{"placeholder":"Search"},"searchOpenDialogs":true,"interaction":{"idSuffix":"I"}},"clearTextFirst":true,"interactionType":"ENTER_TEXT"}]}
RESULT: {"script":"<script> [776 bytes]","args":[{"enterText":"4000360","selector":{"controlType":"sap.m.SearchField","properties":{"placeholder":"Search"},"searchOpenDialogs":true,"interaction":{"idSuffix":"I"}},"clearTextFirst":true,"interactionType":"ENTER_TEXT"}]}
COMMAND: POST /session/bac753d7431ab8579d321a709828f6cf/actions - {"actions":[{"id":"action23","type":"key","parameters":{},"actions":[{"type":"keyDown","value":"î€‡"},{"type":"pause","duration":10},{"type":"keyUp","value":"î€‡"}]}]}
RESULT: {"actions":[{"id":"action23","type":"key","parameters":{},"actions":[{"type":"keyDown","value":"î€‡"},{"type":"pause","duration":10},{"type":"keyUp","value":"î€‡"}]}]}
COMMAND: GET /session/bac753d7431ab8579d321a709828f6cf/screenshot - {}
RESULT: {}
COMMAND: POST /session/bac753d7431ab8579d321a709828f6cf/element - {"using":"xpath","value":"//td/div/span[contains(text(), \"BGL Vehicles\")]"}
RESULT: {"using":"xpath","value":"//td/div/span[contains(text(), \"BGL Vehicles\")]"}
COMMAND: POST /session/bac753d7431ab8579d321a709828f6cf/element/f.AB4A68BA45A81A2DBE2B8A5915AD560C.d.1F44E326A8C5765370A8FDFD467A9D13.e.7336/click - {}
RESULT: {}
COMMAND: GET /session/bac753d7431ab8579d321a709828f6cf/screenshot - {}
RESULT: {}
COMMAND: POST /session/bac753d7431ab8579d321a709828f6cf/element - {"using":"xpath","value":"//bdi[contains(text(), \"OK\")]"}
RESULT: {"using":"xpath","value":"//bdi[contains(text(), \"OK\")]"}
COMMAND: POST /session/bac753d7431ab8579d321a709828f6cf/element/f.AB4A68BA45A81A2DBE2B8A5915AD560C.d.1F44E326A8C5765370A8FDFD467A9D13.e.7337/click - {}
RESULT: {}
COMMAND: GET /session/bac753d7431ab8579d321a709828f6cf/screenshot - {}
RESULT: {}
COMMAND: POST /session/bac753d7431ab8579d321a709828f6cf/element - {"using":"xpath","value":"//label[contains(@class, 'sapMLabelRequired') and .//bdi[contains(text(), 'Planned Retirement')]]"}
RESULT: {"using":"xpath","value":"//label[contains(@class, 'sapMLabelRequired') and .//bdi[contains(text(), 'Planned Retirement')]]"}
COMMAND: POST /session/bac753d7431ab8579d321a709828f6cf/elements - {"using":"xpath","value":"//label[contains(@class, 'sapMLabelRequired') and .//bdi[contains(text(), 'Planned Retirement')]]"}
RESULT: {"using":"xpath","value":"//label[contains(@class, 'sapMLabelRequired') and .//bdi[contains(text(), 'Planned Retirement')]]"}
COMMAND: POST /session/bac753d7431ab8579d321a709828f6cf/element - {"using":"xpath","value":"//button[@data-kt=\"resourceUnitSaveButton\"]"}
RESULT: {"using":"xpath","value":"//button[@data-kt=\"resourceUnitSaveButton\"]"}
COMMAND: POST /session/bac753d7431ab8579d321a709828f6cf/element/f.AB4A68BA45A81A2DBE2B8A5915AD560C.d.1F44E326A8C5765370A8FDFD467A9D13.e.7168/click - {}
RESULT: {}
COMMAND: GET /session/bac753d7431ab8579d321a709828f6cf/screenshot - {}
RESULT: {}
COMMAND: POST /session/bac753d7431ab8579d321a709828f6cf/element - {"using":"xpath","value":"//bdi[contains(text(), \"Close\")]"}
RESULT: {"using":"xpath","value":"//bdi[contains(text(), \"Close\")]"}
COMMAND: POST /session/bac753d7431ab8579d321a709828f6cf/element/f.AB4A68BA45A81A2DBE2B8A5915AD560C.d.1F44E326A8C5765370A8FDFD467A9D13.e.7344/click - {}
RESULT: {}
COMMAND: GET /session/bac753d7431ab8579d321a709828f6cf/screenshot - {}
RESULT: {}
COMMAND: POST /session/bac753d7431ab8579d321a709828f6cf/element - {"using":"xpath","value":"//header[contains(@id, 'detailRruPage-headerTitle')]/div[1]/div[2]/div[2]/span[1]"}
RESULT: {"using":"xpath","value":"//header[contains(@id, 'detailRruPage-headerTitle')]/div[1]/div[2]/div[2]/span[1]"}
COMMAND: POST /session/bac753d7431ab8579d321a709828f6cf/elements - {"using":"xpath","value":"//header[contains(@id, 'detailRruPage-headerTitle')]/div[1]/div[2]/div[2]/span[1]"}
RESULT: {"using":"xpath","value":"//header[contains(@id, 'detailRruPage-headerTitle')]/div[1]/div[2]/div[2]/span[1]"}
COMMAND: POST /session/bac753d7431ab8579d321a709828f6cf/execute/sync - {"script":"<script> [56 bytes]","args":[{"element-6066-11e4-a52e-4f735466cecf":"f.AB4A68BA45A81A2DBE2B8A5915AD560C.d.1F44E326A8C5765370A8FDFD467A9D13.e.7379","ELEMENT":"f.AB4A68BA45A81A2DBE2B8A5915AD560C.d.1F44E326A8C5765370A8FDFD467A9D13.e.7379"}]}
RESULT: {"script":"<script> [56 bytes]","args":[{"element-6066-11e4-a52e-4f735466cecf":"f.AB4A68BA45A81A2DBE2B8A5915AD560C.d.1F44E326A8C5765370A8FDFD467A9D13.e.7379","ELEMENT":"f.AB4A68BA45A81A2DBE2B8A5915AD560C.d.1F44E326A8C5765370A8FDFD467A9D13.e.7379"}]}
]]></system-out>
    </testcase>
    <testcase classname="chrome.137_0_7151_56.windows.US134625_Set_up_price_condition_-_one_time" name="Should create new pricing rule one time" time="57.553">
      <system-out><![CDATA[
COMMAND: POST /session/bac753d7431ab8579d321a709828f6cf/element - {"using":"xpath","value":"(//button[contains(@id ,\"actionsToolbar-overflowButton\")])[1]"}
COMMAND: GET /session/bac753d7431ab8579d321a709828f6cf/screenshot - {}
RESULT: {"using":"xpath","value":"(//button[contains(@id ,\"actionsToolbar-overflowButton\")])[1]"}
COMMAND: POST /session/bac753d7431ab8579d321a709828f6cf/element/f.AB4A68BA45A81A2DBE2B8A5915AD560C.d.1F44E326A8C5765370A8FDFD467A9D13.e.7380/click - {}
RESULT: {}
RESULT: {}
COMMAND: GET /session/bac753d7431ab8579d321a709828f6cf/screenshot - {}
RESULT: {}
COMMAND: POST /session/bac753d7431ab8579d321a709828f6cf/element - {"using":"xpath","value":"//button[@data-kt=\"priceInfoButton\"]"}
RESULT: {"using":"xpath","value":"//button[@data-kt=\"priceInfoButton\"]"}
COMMAND: POST /session/bac753d7431ab8579d321a709828f6cf/element/f.AB4A68BA45A81A2DBE2B8A5915AD560C.d.1F44E326A8C5765370A8FDFD467A9D13.e.7382/click - {}
RESULT: {}
COMMAND: GET /session/bac753d7431ab8579d321a709828f6cf/screenshot - {}
COMMAND: POST /session/bac753d7431ab8579d321a709828f6cf/element - {"using":"xpath","value":"//button[@data-kt=\"addButton\"]"}
RESULT: {}
RESULT: {"using":"xpath","value":"//button[@data-kt=\"addButton\"]"}
COMMAND: POST /session/bac753d7431ab8579d321a709828f6cf/elements - {"using":"xpath","value":"//button[@data-kt=\"addButton\"]"}
RESULT: {"using":"xpath","value":"//button[@data-kt=\"addButton\"]"}
COMMAND: POST /session/bac753d7431ab8579d321a709828f6cf/execute/sync - {"script":"<script> [8489 bytes]","args":[{"element-6066-11e4-a52e-4f735466cecf":"f.AB4A68BA45A81A2DBE2B8A5915AD560C.d.1F44E326A8C5765370A8FDFD467A9D13.e.7418","ELEMENT":"f.AB4A68BA45A81A2DBE2B8A5915AD560C.d.1F44E326A8C5765370A8FDFD467A9D13.e.7418"}]}
RESULT: {"script":"<script> [8489 bytes]","args":[{"element-6066-11e4-a52e-4f735466cecf":"f.AB4A68BA45A81A2DBE2B8A5915AD560C.d.1F44E326A8C5765370A8FDFD467A9D13.e.7418","ELEMENT":"f.AB4A68BA45A81A2DBE2B8A5915AD560C.d.1F44E326A8C5765370A8FDFD467A9D13.e.7418"}]}
COMMAND: GET /session/bac753d7431ab8579d321a709828f6cf/element/f.AB4A68BA45A81A2DBE2B8A5915AD560C.d.1F44E326A8C5765370A8FDFD467A9D13.e.7418/enabled - {}
COMMAND: GET /session/bac753d7431ab8579d321a709828f6cf/screenshot - {}
RESULT: {}
COMMAND: POST /session/bac753d7431ab8579d321a709828f6cf/execute/sync - {"script":"<script> [8489 bytes]","args":[{"element-6066-11e4-a52e-4f735466cecf":"f.AB4A68BA45A81A2DBE2B8A5915AD560C.d.1F44E326A8C5765370A8FDFD467A9D13.e.7418","ELEMENT":"f.AB4A68BA45A81A2DBE2B8A5915AD560C.d.1F44E326A8C5765370A8FDFD467A9D13.e.7418"}]}
COMMAND: GET /session/bac753d7431ab8579d321a709828f6cf/screenshot - {}
RESULT: {}
RESULT: {"script":"<script> [8489 bytes]","args":[{"element-6066-11e4-a52e-4f735466cecf":"f.AB4A68BA45A81A2DBE2B8A5915AD560C.d.1F44E326A8C5765370A8FDFD467A9D13.e.7418","ELEMENT":"f.AB4A68BA45A81A2DBE2B8A5915AD560C.d.1F44E326A8C5765370A8FDFD467A9D13.e.7418"}]}
COMMAND: POST /session/bac753d7431ab8579d321a709828f6cf/execute/sync - {"script":"<script> [5351 bytes]","args":[{"element-6066-11e4-a52e-4f735466cecf":"f.AB4A68BA45A81A2DBE2B8A5915AD560C.d.1F44E326A8C5765370A8FDFD467A9D13.e.7418","ELEMENT":"f.AB4A68BA45A81A2DBE2B8A5915AD560C.d.1F44E326A8C5765370A8FDFD467A9D13.e.7418"}]}
COMMAND: GET /session/bac753d7431ab8579d321a709828f6cf/screenshot - {}
RESULT: {}
RESULT: {"script":"<script> [5351 bytes]","args":[{"element-6066-11e4-a52e-4f735466cecf":"f.AB4A68BA45A81A2DBE2B8A5915AD560C.d.1F44E326A8C5765370A8FDFD467A9D13.e.7418","ELEMENT":"f.AB4A68BA45A81A2DBE2B8A5915AD560C.d.1F44E326A8C5765370A8FDFD467A9D13.e.7418"}]}
COMMAND: POST /session/bac753d7431ab8579d321a709828f6cf/element/f.AB4A68BA45A81A2DBE2B8A5915AD560C.d.1F44E326A8C5765370A8FDFD467A9D13.e.7418/click - {}
COMMAND: GET /session/bac753d7431ab8579d321a709828f6cf/screenshot - {}
RESULT: {}
RESULT: {}
COMMAND: GET /session/bac753d7431ab8579d321a709828f6cf/screenshot - {}
RESULT: {}
RESULT: {}
COMMAND: POST /session/bac753d7431ab8579d321a709828f6cf/execute/async - {"script":"<script> [1562 bytes]","args":[{"selector":{"controlType":"sap.m.Title","viewName":"etm.portal.ui.managepricingrules.view.NewItem","viewId":"application-managepricingrules-display-component---newInfoPriceItem","properties":{"text":"New Pricing Rules - Item Level"}},"wdio_ui5_key":"etmportal.ui.managepricingrules.view.NewItemsap.m.Title{\"text\":\"New Pricing Rules - Item Level\"}"}]}
RESULT: {"script":"<script> [1562 bytes]","args":[{"selector":{"controlType":"sap.m.Title","viewName":"etm.portal.ui.managepricingrules.view.NewItem","viewId":"application-managepricingrules-display-component---newInfoPriceItem","properties":{"text":"New Pricing Rules - Item Level"}},"wdio_ui5_key":"etmportal.ui.managepricingrules.view.NewItemsap.m.Title{\"text\":\"New Pricing Rules - Item Level\"}"}]}
RESULT: undefined
COMMAND: POST /session/bac753d7431ab8579d321a709828f6cf/execute/async - {"script":"<script> [6424 bytes]","args":[{"element-6066-11e4-a52e-4f735466cecf":"f.AB4A68BA45A81A2DBE2B8A5915AD560C.d.1F44E326A8C5765370A8FDFD467A9D13.e.7578"},"getText",[]]}
RESULT: {"script":"<script> [6424 bytes]","args":[{"element-6066-11e4-a52e-4f735466cecf":"f.AB4A68BA45A81A2DBE2B8A5915AD560C.d.1F44E326A8C5765370A8FDFD467A9D13.e.7578"},"getText",[]]}
COMMAND: POST /session/bac753d7431ab8579d321a709828f6cf/execute/async - {"script":"<script> [1562 bytes]","args":[{"selector":{"id":"application-managepricingrules-display-component---newInfoPriceItem--condValidTo","interaction":{"idSuffix":"inner"}},"wdio_ui5_key":"applicationmanagepricingrules-display-component---newInfoPriceItem--condValidTo"}]}
RESULT: {"script":"<script> [1562 bytes]","args":[{"selector":{"id":"application-managepricingrules-display-component---newInfoPriceItem--condValidTo","interaction":{"idSuffix":"inner"}},"wdio_ui5_key":"applicationmanagepricingrules-display-component---newInfoPriceItem--condValidTo"}]}
RESULT: undefined
COMMAND: POST /session/bac753d7431ab8579d321a709828f6cf/execute/async - {"script":"<script> [776 bytes]","args":[{"enterText":"2/4/26","selector":{"id":"application-managepricingrules-display-component---newInfoPriceItem--condValidTo","interaction":{"idSuffix":"inner"}},"clearTextFirst":true,"interactionType":"ENTER_TEXT"}]}
RESULT: {"script":"<script> [776 bytes]","args":[{"enterText":"2/4/26","selector":{"id":"application-managepricingrules-display-component---newInfoPriceItem--condValidTo","interaction":{"idSuffix":"inner"}},"clearTextFirst":true,"interactionType":"ENTER_TEXT"}]}
COMMAND: POST /session/bac753d7431ab8579d321a709828f6cf/execute/async - {"script":"<script> [1562 bytes]","args":[{"selector":{"id":"application-managepricingrules-display-component---newInfoPriceItem--billType-arrow"},"wdio_ui5_key":"applicationmanagepricingrules-display-component---newInfoPriceItem--billType-arrow"}]}
RESULT: {"script":"<script> [1562 bytes]","args":[{"selector":{"id":"application-managepricingrules-display-component---newInfoPriceItem--billType-arrow"},"wdio_ui5_key":"applicationmanagepricingrules-display-component---newInfoPriceItem--billType-arrow"}]}
RESULT: undefined
COMMAND: POST /session/bac753d7431ab8579d321a709828f6cf/element - {"using":"xpath","value":"//*[@id=\"application-managepricingrules-display-component---newInfoPriceItem--billType-arrow\"]"}
RESULT: {"using":"xpath","value":"//*[@id=\"application-managepricingrules-display-component---newInfoPriceItem--billType-arrow\"]"}
COMMAND: POST /session/bac753d7431ab8579d321a709828f6cf/element/f.AB4A68BA45A81A2DBE2B8A5915AD560C.d.1F44E326A8C5765370A8FDFD467A9D13.e.7580/click - {}
RESULT: {}
COMMAND: POST /session/bac753d7431ab8579d321a709828f6cf/element - {"using":"xpath","value":"//span[contains(text(), \"OT - Sales (one-time)\")]"}
COMMAND: GET /session/bac753d7431ab8579d321a709828f6cf/screenshot - {}
RESULT: {"using":"xpath","value":"//span[contains(text(), \"OT - Sales (one-time)\")]"}
COMMAND: POST /session/bac753d7431ab8579d321a709828f6cf/element/f.AB4A68BA45A81A2DBE2B8A5915AD560C.d.1F44E326A8C5765370A8FDFD467A9D13.e.7581/click - {}
RESULT: {}
RESULT: {}
COMMAND: POST /session/bac753d7431ab8579d321a709828f6cf/execute/async - {"script":"<script> [1562 bytes]","args":[{"selector":{"id":"application-managepricingrules-display-component---newInfoPriceItem--priceProc-arrow"},"wdio_ui5_key":"applicationmanagepricingrules-display-component---newInfoPriceItem--priceProc-arrow"}]}
COMMAND: GET /session/bac753d7431ab8579d321a709828f6cf/screenshot - {}
RESULT: {"script":"<script> [1562 bytes]","args":[{"selector":{"id":"application-managepricingrules-display-component---newInfoPriceItem--priceProc-arrow"},"wdio_ui5_key":"applicationmanagepricingrules-display-component---newInfoPriceItem--priceProc-arrow"}]}
RESULT: undefined
COMMAND: POST /session/bac753d7431ab8579d321a709828f6cf/element - {"using":"xpath","value":"//*[@id=\"application-managepricingrules-display-component---newInfoPriceItem--priceProc-arrow\"]"}
RESULT: {}
RESULT: {"using":"xpath","value":"//*[@id=\"application-managepricingrules-display-component---newInfoPriceItem--priceProc-arrow\"]"}
COMMAND: POST /session/bac753d7431ab8579d321a709828f6cf/element/f.AB4A68BA45A81A2DBE2B8A5915AD560C.d.1F44E326A8C5765370A8FDFD467A9D13.e.7544/click - {}
RESULT: {}
COMMAND: POST /session/bac753d7431ab8579d321a709828f6cf/element - {"using":"xpath","value":"//span[contains(text(), \"MAT - Material\")]"}
COMMAND: GET /session/bac753d7431ab8579d321a709828f6cf/screenshot - {}
RESULT: {"using":"xpath","value":"//span[contains(text(), \"MAT - Material\")]"}
COMMAND: POST /session/bac753d7431ab8579d321a709828f6cf/element/f.AB4A68BA45A81A2DBE2B8A5915AD560C.d.1F44E326A8C5765370A8FDFD467A9D13.e.7582/click - {}
RESULT: {}
RESULT: {}
COMMAND: POST /session/bac753d7431ab8579d321a709828f6cf/execute/async - {"script":"<script> [1562 bytes]","args":[{"selector":{"id":"application-managepricingrules-display-component---newInfoPriceItem--calcBase-arrow"},"wdio_ui5_key":"applicationmanagepricingrules-display-component---newInfoPriceItem--calcBase-arrow"}]}
COMMAND: GET /session/bac753d7431ab8579d321a709828f6cf/screenshot - {}
RESULT: {"script":"<script> [1562 bytes]","args":[{"selector":{"id":"application-managepricingrules-display-component---newInfoPriceItem--calcBase-arrow"},"wdio_ui5_key":"applicationmanagepricingrules-display-component---newInfoPriceItem--calcBase-arrow"}]}
RESULT: undefined
COMMAND: POST /session/bac753d7431ab8579d321a709828f6cf/element - {"using":"xpath","value":"//*[@id=\"application-managepricingrules-display-component---newInfoPriceItem--calcBase-arrow\"]"}
RESULT: {}
RESULT: {"using":"xpath","value":"//*[@id=\"application-managepricingrules-display-component---newInfoPriceItem--calcBase-arrow\"]"}
COMMAND: POST /session/bac753d7431ab8579d321a709828f6cf/element/f.AB4A68BA45A81A2DBE2B8A5915AD560C.d.1F44E326A8C5765370A8FDFD467A9D13.e.7551/click - {}
RESULT: {}
COMMAND: GET /session/bac753d7431ab8579d321a709828f6cf/screenshot - {}
RESULT: {}
COMMAND: POST /session/bac753d7431ab8579d321a709828f6cf/element - {"using":"xpath","value":"//span[contains(text(), \"0001 - TB(exact month + cal_days)\")]"}
RESULT: {"using":"xpath","value":"//span[contains(text(), \"0001 - TB(exact month + cal_days)\")]"}
COMMAND: POST /session/bac753d7431ab8579d321a709828f6cf/element/f.AB4A68BA45A81A2DBE2B8A5915AD560C.d.1F44E326A8C5765370A8FDFD467A9D13.e.7583/click - {}
RESULT: {}
COMMAND: GET /session/bac753d7431ab8579d321a709828f6cf/screenshot - {}
RESULT: {}
COMMAND: POST /session/bac753d7431ab8579d321a709828f6cf/element - {"using":"xpath","value":"//button[@data-kt=\"saveNewRuleButton\"]"}
RESULT: {"using":"xpath","value":"//button[@data-kt=\"saveNewRuleButton\"]"}
COMMAND: POST /session/bac753d7431ab8579d321a709828f6cf/element/f.AB4A68BA45A81A2DBE2B8A5915AD560C.d.1F44E326A8C5765370A8FDFD467A9D13.e.7569/click - {}
RESULT: {}
COMMAND: GET /session/bac753d7431ab8579d321a709828f6cf/screenshot - {}
RESULT: {}
COMMAND: POST /session/bac753d7431ab8579d321a709828f6cf/execute/async - {"script":"<script> [1562 bytes]","args":[{"selector":{"id":"application-managepricingrules-display-component---priceInfoItem--smartFilterBar-btnBasicSearch","interaction":{"idSuffix":"I"}},"wdio_ui5_key":"applicationmanagepricingrules-display-component---priceInfoItem--smartFilterBar-btnBasicSearch"}]}
RESULT: {"script":"<script> [1562 bytes]","args":[{"selector":{"id":"application-managepricingrules-display-component---priceInfoItem--smartFilterBar-btnBasicSearch","interaction":{"idSuffix":"I"}},"wdio_ui5_key":"applicationmanagepricingrules-display-component---priceInfoItem--smartFilterBar-btnBasicSearch"}]}
RESULT: undefined
COMMAND: POST /session/bac753d7431ab8579d321a709828f6cf/execute/async - {"script":"<script> [776 bytes]","args":[{"enterText":"200384","selector":{"id":"application-managepricingrules-display-component---priceInfoItem--smartFilterBar-btnBasicSearch","interaction":{"idSuffix":"I"}},"clearTextFirst":true,"interactionType":"ENTER_TEXT"}]}
RESULT: {"script":"<script> [776 bytes]","args":[{"enterText":"200384","selector":{"id":"application-managepricingrules-display-component---priceInfoItem--smartFilterBar-btnBasicSearch","interaction":{"idSuffix":"I"}},"clearTextFirst":true,"interactionType":"ENTER_TEXT"}]}
COMMAND: POST /session/bac753d7431ab8579d321a709828f6cf/actions - {"actions":[{"id":"action24","type":"key","parameters":{},"actions":[{"type":"keyDown","value":"î€‡"},{"type":"pause","duration":10},{"type":"keyUp","value":"î€‡"}]}]}
RESULT: {"actions":[{"id":"action24","type":"key","parameters":{},"actions":[{"type":"keyDown","value":"î€‡"},{"type":"pause","duration":10},{"type":"keyUp","value":"î€‡"}]}]}
COMMAND: GET /session/bac753d7431ab8579d321a709828f6cf/screenshot - {}
RESULT: {}
COMMAND: POST /session/bac753d7431ab8579d321a709828f6cf/element - {"using":"xpath","value":"//span[@id=\"application-managepricingrules-display-component---priceInfoItem--smartTable-header-inner\"]"}
RESULT: {"using":"xpath","value":"//span[@id=\"application-managepricingrules-display-component---priceInfoItem--smartTable-header-inner\"]"}
COMMAND: POST /session/bac753d7431ab8579d321a709828f6cf/elements - {"using":"xpath","value":"//span[@id=\"application-managepricingrules-display-component---priceInfoItem--smartTable-header-inner\"]"}
RESULT: {"using":"xpath","value":"//span[@id=\"application-managepricingrules-display-component---priceInfoItem--smartTable-header-inner\"]"}
COMMAND: POST /session/bac753d7431ab8579d321a709828f6cf/execute/sync - {"script":"<script> [56 bytes]","args":[{"element-6066-11e4-a52e-4f735466cecf":"f.AB4A68BA45A81A2DBE2B8A5915AD560C.d.1F44E326A8C5765370A8FDFD467A9D13.e.7606","ELEMENT":"f.AB4A68BA45A81A2DBE2B8A5915AD560C.d.1F44E326A8C5765370A8FDFD467A9D13.e.7606"}]}
RESULT: {"script":"<script> [56 bytes]","args":[{"element-6066-11e4-a52e-4f735466cecf":"f.AB4A68BA45A81A2DBE2B8A5915AD560C.d.1F44E326A8C5765370A8FDFD467A9D13.e.7606","ELEMENT":"f.AB4A68BA45A81A2DBE2B8A5915AD560C.d.1F44E326A8C5765370A8FDFD467A9D13.e.7606"}]}
COMMAND: POST /session/bac753d7431ab8579d321a709828f6cf/element - {"using":"css selector","value":"#shell-header-logo"}
COMMAND: GET /session/bac753d7431ab8579d321a709828f6cf/screenshot - {}
RESULT: {"using":"css selector","value":"#shell-header-logo"}
COMMAND: POST /session/bac753d7431ab8579d321a709828f6cf/element/f.AB4A68BA45A81A2DBE2B8A5915AD560C.d.1F44E326A8C5765370A8FDFD467A9D13.e.6752/click - {}
RESULT: {}
RESULT: {}
COMMAND: GET /session/bac753d7431ab8579d321a709828f6cf/screenshot - {}
RESULT: {}
]]></system-out>
    </testcase>
    <testcase classname="chrome.137_0_7151_56.windows.US134625_Set_up_price_condition_-_one_time" name="Should create new condition one time" time="66.641">
      <system-out><![CDATA[
COMMAND: POST /session/bac753d7431ab8579d321a709828f6cf/execute/async - {"script":"<script> [1562 bytes]","args":[{"selector":{"controlType":"sap.m.GenericTile","properties":{"header":"Manage Conditions & Prices"}},"wdio_ui5_key":"sapm.GenericTile{\"header\":\"Manage Conditions & Prices\"}"}]}
RESULT: {"script":"<script> [1562 bytes]","args":[{"selector":{"controlType":"sap.m.GenericTile","properties":{"header":"Manage Conditions & Prices"}},"wdio_ui5_key":"sapm.GenericTile{\"header\":\"Manage Conditions & Prices\"}"}]}
RESULT: undefined
COMMAND: POST /session/bac753d7431ab8579d321a709828f6cf/element - {"using":"xpath","value":"//*[@id=\"__tile53\"]"}
RESULT: {"using":"xpath","value":"//*[@id=\"__tile53\"]"}
COMMAND: POST /session/bac753d7431ab8579d321a709828f6cf/element/f.AB4A68BA45A81A2DBE2B8A5915AD560C.d.1F44E326A8C5765370A8FDFD467A9D13.e.6699/click - {}
RESULT: {}
COMMAND: GET /session/bac753d7431ab8579d321a709828f6cf/screenshot - {}
RESULT: {}
COMMAND: POST /session/bac753d7431ab8579d321a709828f6cf/elements - {"using":"xpath","value":"//span[text()='Error']"}
RESULT: {"using":"xpath","value":"//span[text()='Error']"}
COMMAND: POST /session/bac753d7431ab8579d321a709828f6cf/element - {"using":"xpath","value":"//button[@aria-label=\"Create\"]"}
RESULT: {"using":"xpath","value":"//button[@aria-label=\"Create\"]"}
COMMAND: POST /session/bac753d7431ab8579d321a709828f6cf/elements - {"using":"xpath","value":"//button[@aria-label=\"Create\"]"}
RESULT: {"using":"xpath","value":"//button[@aria-label=\"Create\"]"}
COMMAND: POST /session/bac753d7431ab8579d321a709828f6cf/execute/sync - {"script":"<script> [8489 bytes]","args":[{"element-6066-11e4-a52e-4f735466cecf":"f.AB4A68BA45A81A2DBE2B8A5915AD560C.d.1F44E326A8C5765370A8FDFD467A9D13.e.7641","ELEMENT":"f.AB4A68BA45A81A2DBE2B8A5915AD560C.d.1F44E326A8C5765370A8FDFD467A9D13.e.7641"}]}
RESULT: {"script":"<script> [8489 bytes]","args":[{"element-6066-11e4-a52e-4f735466cecf":"f.AB4A68BA45A81A2DBE2B8A5915AD560C.d.1F44E326A8C5765370A8FDFD467A9D13.e.7641","ELEMENT":"f.AB4A68BA45A81A2DBE2B8A5915AD560C.d.1F44E326A8C5765370A8FDFD467A9D13.e.7641"}]}
COMMAND: GET /session/bac753d7431ab8579d321a709828f6cf/element/f.AB4A68BA45A81A2DBE2B8A5915AD560C.d.1F44E326A8C5765370A8FDFD467A9D13.e.7641/enabled - {}
COMMAND: GET /session/bac753d7431ab8579d321a709828f6cf/screenshot - {}
RESULT: {}
COMMAND: POST /session/bac753d7431ab8579d321a709828f6cf/execute/sync - {"script":"<script> [8489 bytes]","args":[{"element-6066-11e4-a52e-4f735466cecf":"f.AB4A68BA45A81A2DBE2B8A5915AD560C.d.1F44E326A8C5765370A8FDFD467A9D13.e.7641","ELEMENT":"f.AB4A68BA45A81A2DBE2B8A5915AD560C.d.1F44E326A8C5765370A8FDFD467A9D13.e.7641"}]}
COMMAND: GET /session/bac753d7431ab8579d321a709828f6cf/screenshot - {}
RESULT: {}
RESULT: {"script":"<script> [8489 bytes]","args":[{"element-6066-11e4-a52e-4f735466cecf":"f.AB4A68BA45A81A2DBE2B8A5915AD560C.d.1F44E326A8C5765370A8FDFD467A9D13.e.7641","ELEMENT":"f.AB4A68BA45A81A2DBE2B8A5915AD560C.d.1F44E326A8C5765370A8FDFD467A9D13.e.7641"}]}
COMMAND: POST /session/bac753d7431ab8579d321a709828f6cf/execute/sync - {"script":"<script> [5351 bytes]","args":[{"element-6066-11e4-a52e-4f735466cecf":"f.AB4A68BA45A81A2DBE2B8A5915AD560C.d.1F44E326A8C5765370A8FDFD467A9D13.e.7641","ELEMENT":"f.AB4A68BA45A81A2DBE2B8A5915AD560C.d.1F44E326A8C5765370A8FDFD467A9D13.e.7641"}]}
COMMAND: GET /session/bac753d7431ab8579d321a709828f6cf/screenshot - {}
RESULT: {}
RESULT: {"script":"<script> [5351 bytes]","args":[{"element-6066-11e4-a52e-4f735466cecf":"f.AB4A68BA45A81A2DBE2B8A5915AD560C.d.1F44E326A8C5765370A8FDFD467A9D13.e.7641","ELEMENT":"f.AB4A68BA45A81A2DBE2B8A5915AD560C.d.1F44E326A8C5765370A8FDFD467A9D13.e.7641"}]}
COMMAND: POST /session/bac753d7431ab8579d321a709828f6cf/element/f.AB4A68BA45A81A2DBE2B8A5915AD560C.d.1F44E326A8C5765370A8FDFD467A9D13.e.7641/click - {}
COMMAND: GET /session/bac753d7431ab8579d321a709828f6cf/screenshot - {}
RESULT: {}
RESULT: {}
COMMAND: GET /session/bac753d7431ab8579d321a709828f6cf/screenshot - {}
RESULT: {}
RESULT: {}
COMMAND: POST /session/bac753d7431ab8579d321a709828f6cf/actions - {"actions":[{"id":"action25","type":"key","parameters":{},"actions":[{"type":"keyDown","value":"î€‡"},{"type":"pause","duration":10},{"type":"keyUp","value":"î€‡"}]}]}
RESULT: {"actions":[{"id":"action25","type":"key","parameters":{},"actions":[{"type":"keyDown","value":"î€‡"},{"type":"pause","duration":10},{"type":"keyUp","value":"î€‡"}]}]}
COMMAND: GET /session/bac753d7431ab8579d321a709828f6cf/screenshot - {}
RESULT: {}
COMMAND: POST /session/bac753d7431ab8579d321a709828f6cf/execute/async - {"script":"<script> [1562 bytes]","args":[{"selector":{"id":"application-manageconditionprice-display-component---newCondition--condBillCond-arrow"},"wdio_ui5_key":"applicationmanageconditionprice-display-component---newCondition--condBillCond-arrow"}]}
RESULT: {"script":"<script> [1562 bytes]","args":[{"selector":{"id":"application-manageconditionprice-display-component---newCondition--condBillCond-arrow"},"wdio_ui5_key":"applicationmanageconditionprice-display-component---newCondition--condBillCond-arrow"}]}
RESULT: undefined
COMMAND: POST /session/bac753d7431ab8579d321a709828f6cf/element - {"using":"xpath","value":"//*[@id=\"application-manageconditionprice-display-component---newCondition--condBillCond-arrow\"]"}
RESULT: {"using":"xpath","value":"//*[@id=\"application-manageconditionprice-display-component---newCondition--condBillCond-arrow\"]"}
COMMAND: POST /session/bac753d7431ab8579d321a709828f6cf/element/f.AB4A68BA45A81A2DBE2B8A5915AD560C.d.1F44E326A8C5765370A8FDFD467A9D13.e.7821/click - {}
RESULT: {}
COMMAND: GET /session/bac753d7431ab8579d321a709828f6cf/screenshot - {}
RESULT: {}
COMMAND: POST /session/bac753d7431ab8579d321a709828f6cf/element - {"using":"xpath","value":"//li[.//span[contains(text(), \"SAPR - Sales price\")]]"}
RESULT: {"using":"xpath","value":"//li[.//span[contains(text(), \"SAPR - Sales price\")]]"}
COMMAND: POST /session/bac753d7431ab8579d321a709828f6cf/element/f.AB4A68BA45A81A2DBE2B8A5915AD560C.d.1F44E326A8C5765370A8FDFD467A9D13.e.7824/click - {}
RESULT: {}
COMMAND: GET /session/bac753d7431ab8579d321a709828f6cf/screenshot - {}
RESULT: {}
COMMAND: POST /session/bac753d7431ab8579d321a709828f6cf/execute/async - {"script":"<script> [1562 bytes]","args":[{"selector":{"id":"application-manageconditionprice-display-component---newCondition--condValidTo","interaction":{"idSuffix":"inner"}},"wdio_ui5_key":"applicationmanageconditionprice-display-component---newCondition--condValidTo"}]}
RESULT: {"script":"<script> [1562 bytes]","args":[{"selector":{"id":"application-manageconditionprice-display-component---newCondition--condValidTo","interaction":{"idSuffix":"inner"}},"wdio_ui5_key":"applicationmanageconditionprice-display-component---newCondition--condValidTo"}]}
RESULT: undefined
COMMAND: POST /session/bac753d7431ab8579d321a709828f6cf/execute/async - {"script":"<script> [776 bytes]","args":[{"enterText":"2/4/26","selector":{"id":"application-manageconditionprice-display-component---newCondition--condValidTo","interaction":{"idSuffix":"inner"}},"clearTextFirst":true,"interactionType":"ENTER_TEXT"}]}
RESULT: {"script":"<script> [776 bytes]","args":[{"enterText":"2/4/26","selector":{"id":"application-manageconditionprice-display-component---newCondition--condValidTo","interaction":{"idSuffix":"inner"}},"clearTextFirst":true,"interactionType":"ENTER_TEXT"}]}
COMMAND: POST /session/bac753d7431ab8579d321a709828f6cf/element - {"using":"xpath","value":"//input[@id=\"application-manageconditionprice-display-component---newCondition--condRU-inner\"]"}
RESULT: {"using":"xpath","value":"//input[@id=\"application-manageconditionprice-display-component---newCondition--condRU-inner\"]"}
COMMAND: POST /session/bac753d7431ab8579d321a709828f6cf/element/f.AB4A68BA45A81A2DBE2B8A5915AD560C.d.1F44E326A8C5765370A8FDFD467A9D13.e.7685/clear - {}
RESULT: {}
COMMAND: POST /session/bac753d7431ab8579d321a709828f6cf/element/f.AB4A68BA45A81A2DBE2B8A5915AD560C.d.1F44E326A8C5765370A8FDFD467A9D13.e.7685/value - {"text":"200384"}
COMMAND: GET /session/bac753d7431ab8579d321a709828f6cf/screenshot - {}
RESULT: {"text":"200384"}
COMMAND: GET /session/bac753d7431ab8579d321a709828f6cf/screenshot - {}
RESULT: {}
RESULT: {}
COMMAND: POST /session/bac753d7431ab8579d321a709828f6cf/actions - {"actions":[{"id":"action26","type":"key","parameters":{},"actions":[{"type":"keyDown","value":"î€‡"},{"type":"pause","duration":10},{"type":"keyUp","value":"î€‡"}]}]}
RESULT: {"actions":[{"id":"action26","type":"key","parameters":{},"actions":[{"type":"keyDown","value":"î€‡"},{"type":"pause","duration":10},{"type":"keyUp","value":"î€‡"}]}]}
COMMAND: POST /session/bac753d7431ab8579d321a709828f6cf/execute/async - {"script":"<script> [1562 bytes]","args":[{"selector":{"id":"application-manageconditionprice-display-component---newCondition--condBaseQty","interaction":{"idSuffix":"inner"}},"wdio_ui5_key":"applicationmanageconditionprice-display-component---newCondition--condBaseQty"}]}
COMMAND: GET /session/bac753d7431ab8579d321a709828f6cf/screenshot - {}
RESULT: {"script":"<script> [1562 bytes]","args":[{"selector":{"id":"application-manageconditionprice-display-component---newCondition--condBaseQty","interaction":{"idSuffix":"inner"}},"wdio_ui5_key":"applicationmanageconditionprice-display-component---newCondition--condBaseQty"}]}
RESULT: undefined
COMMAND: POST /session/bac753d7431ab8579d321a709828f6cf/execute/async - {"script":"<script> [776 bytes]","args":[{"enterText":"1","selector":{"id":"application-manageconditionprice-display-component---newCondition--condBaseQty","interaction":{"idSuffix":"inner"}},"clearTextFirst":true,"interactionType":"ENTER_TEXT"}]}
RESULT: {}
RESULT: {"script":"<script> [776 bytes]","args":[{"enterText":"1","selector":{"id":"application-manageconditionprice-display-component---newCondition--condBaseQty","interaction":{"idSuffix":"inner"}},"clearTextFirst":true,"interactionType":"ENTER_TEXT"}]}
COMMAND: POST /session/bac753d7431ab8579d321a709828f6cf/execute/async - {"script":"<script> [1562 bytes]","args":[{"selector":{"id":"application-manageconditionprice-display-component---newCondition--condValue","interaction":{"idSuffix":"inner"}},"wdio_ui5_key":"applicationmanageconditionprice-display-component---newCondition--condValue"}]}
RESULT: {"script":"<script> [1562 bytes]","args":[{"selector":{"id":"application-manageconditionprice-display-component---newCondition--condValue","interaction":{"idSuffix":"inner"}},"wdio_ui5_key":"applicationmanageconditionprice-display-component---newCondition--condValue"}]}
RESULT: undefined
COMMAND: POST /session/bac753d7431ab8579d321a709828f6cf/execute/async - {"script":"<script> [776 bytes]","args":[{"enterText":"100.00","selector":{"id":"application-manageconditionprice-display-component---newCondition--condValue","interaction":{"idSuffix":"inner"}},"clearTextFirst":true,"interactionType":"ENTER_TEXT"}]}
RESULT: {"script":"<script> [776 bytes]","args":[{"enterText":"100.00","selector":{"id":"application-manageconditionprice-display-component---newCondition--condValue","interaction":{"idSuffix":"inner"}},"clearTextFirst":true,"interactionType":"ENTER_TEXT"}]}
COMMAND: POST /session/bac753d7431ab8579d321a709828f6cf/execute/async - {"script":"<script> [1562 bytes]","args":[{"selector":{"id":"application-manageconditionprice-display-component---newCondition--condCurr-arrow"},"wdio_ui5_key":"applicationmanageconditionprice-display-component---newCondition--condCurr-arrow"}]}
RESULT: {"script":"<script> [1562 bytes]","args":[{"selector":{"id":"application-manageconditionprice-display-component---newCondition--condCurr-arrow"},"wdio_ui5_key":"applicationmanageconditionprice-display-component---newCondition--condCurr-arrow"}]}
RESULT: undefined
COMMAND: POST /session/bac753d7431ab8579d321a709828f6cf/element - {"using":"xpath","value":"//*[@id=\"application-manageconditionprice-display-component---newCondition--condCurr-arrow\"]"}
RESULT: {"using":"xpath","value":"//*[@id=\"application-manageconditionprice-display-component---newCondition--condCurr-arrow\"]"}
COMMAND: POST /session/bac753d7431ab8579d321a709828f6cf/element/f.AB4A68BA45A81A2DBE2B8A5915AD560C.d.1F44E326A8C5765370A8FDFD467A9D13.e.7803/click - {}
RESULT: {}
COMMAND: POST /session/bac753d7431ab8579d321a709828f6cf/element - {"using":"xpath","value":"//span[contains(text(), \"Euro\")]"}
COMMAND: GET /session/bac753d7431ab8579d321a709828f6cf/screenshot - {}
RESULT: {"using":"xpath","value":"//span[contains(text(), \"Euro\")]"}
COMMAND: POST /session/bac753d7431ab8579d321a709828f6cf/element/f.AB4A68BA45A81A2DBE2B8A5915AD560C.d.1F44E326A8C5765370A8FDFD467A9D13.e.7860/click - {}
RESULT: {}
RESULT: {}
COMMAND: POST /session/bac753d7431ab8579d321a709828f6cf/element - {"using":"xpath","value":"//button[@data-kt=\"saveButton\"]"}
COMMAND: GET /session/bac753d7431ab8579d321a709828f6cf/screenshot - {}
RESULT: {"using":"xpath","value":"//button[@data-kt=\"saveButton\"]"}
COMMAND: POST /session/bac753d7431ab8579d321a709828f6cf/element/f.AB4A68BA45A81A2DBE2B8A5915AD560C.d.1F44E326A8C5765370A8FDFD467A9D13.e.7804/click - {}
RESULT: {}
RESULT: {}
COMMAND: GET /session/bac753d7431ab8579d321a709828f6cf/screenshot - {}
RESULT: {}
COMMAND: POST /session/bac753d7431ab8579d321a709828f6cf/execute/async - {"script":"<script> [1562 bytes]","args":[{"selector":{"id":"application-manageconditionprice-display-component---conditions--smartFilterBar-btnBasicSearch","interaction":{"idSuffix":"I"}},"wdio_ui5_key":"applicationmanageconditionprice-display-component---conditions--smartFilterBar-btnBasicSearch"}]}
RESULT: {"script":"<script> [1562 bytes]","args":[{"selector":{"id":"application-manageconditionprice-display-component---conditions--smartFilterBar-btnBasicSearch","interaction":{"idSuffix":"I"}},"wdio_ui5_key":"applicationmanageconditionprice-display-component---conditions--smartFilterBar-btnBasicSearch"}]}
RESULT: undefined
COMMAND: POST /session/bac753d7431ab8579d321a709828f6cf/execute/async - {"script":"<script> [776 bytes]","args":[{"enterText":"200384","selector":{"id":"application-manageconditionprice-display-component---conditions--smartFilterBar-btnBasicSearch","interaction":{"idSuffix":"I"}},"clearTextFirst":true,"interactionType":"ENTER_TEXT"}]}
RESULT: {"script":"<script> [776 bytes]","args":[{"enterText":"200384","selector":{"id":"application-manageconditionprice-display-component---conditions--smartFilterBar-btnBasicSearch","interaction":{"idSuffix":"I"}},"clearTextFirst":true,"interactionType":"ENTER_TEXT"}]}
COMMAND: POST /session/bac753d7431ab8579d321a709828f6cf/actions - {"actions":[{"id":"action27","type":"key","parameters":{},"actions":[{"type":"keyDown","value":"î€‡"},{"type":"pause","duration":10},{"type":"keyUp","value":"î€‡"}]}]}
RESULT: {"actions":[{"id":"action27","type":"key","parameters":{},"actions":[{"type":"keyDown","value":"î€‡"},{"type":"pause","duration":10},{"type":"keyUp","value":"î€‡"}]}]}
COMMAND: GET /session/bac753d7431ab8579d321a709828f6cf/screenshot - {}
RESULT: {}
COMMAND: POST /session/bac753d7431ab8579d321a709828f6cf/execute/async - {"script":"<script> [1562 bytes]","args":[{"selector":{"id":"application-manageconditionprice-display-component---conditions--smartFilterBar-filterItemControl_BASIC-BILL_TYPES-vhi"},"wdio_ui5_key":"applicationmanageconditionprice-display-component---conditions--smartFilterBar-filterItemControl_BASIC-BILL_TYPES-vhi"}]}
RESULT: {"script":"<script> [1562 bytes]","args":[{"selector":{"id":"application-manageconditionprice-display-component---conditions--smartFilterBar-filterItemControl_BASIC-BILL_TYPES-vhi"},"wdio_ui5_key":"applicationmanageconditionprice-display-component---conditions--smartFilterBar-filterItemControl_BASIC-BILL_TYPES-vhi"}]}
RESULT: undefined
COMMAND: POST /session/bac753d7431ab8579d321a709828f6cf/element - {"using":"xpath","value":"//*[@id=\"application-manageconditionprice-display-component---conditions--smartFilterBar-filterItemControl_BASIC-BILL_TYPES-vhi\"]"}
RESULT: {"using":"xpath","value":"//*[@id=\"application-manageconditionprice-display-component---conditions--smartFilterBar-filterItemControl_BASIC-BILL_TYPES-vhi\"]"}
COMMAND: POST /session/bac753d7431ab8579d321a709828f6cf/element/f.AB4A68BA45A81A2DBE2B8A5915AD560C.d.1F44E326A8C5765370A8FDFD467A9D13.e.7966/click - {}
RESULT: {}
COMMAND: POST /session/bac753d7431ab8579d321a709828f6cf/execute/async - {"script":"<script> [1562 bytes]","args":[{"selector":{"id":"application-manageconditionprice-display-component---conditions--smartFilterBar-filterItemControl_BASIC-BILL_TYPES-valueHelpDialog-smartFilterBar-btnBasicSearch","searchOpenDialogs":true,"interaction":{"idSuffix":"I"}},"wdio_ui5_key":"applicationmanageconditionprice-display-component---conditions--smartFilterBar-filterItemControl_BASIC-BILL_TYPES-valueHelpDialog-smartFilterBar-btnBasicSearch"}]}
COMMAND: GET /session/bac753d7431ab8579d321a709828f6cf/screenshot - {}
RESULT: {"script":"<script> [1562 bytes]","args":[{"selector":{"id":"application-manageconditionprice-display-component---conditions--smartFilterBar-filterItemControl_BASIC-BILL_TYPES-valueHelpDialog-smartFilterBar-btnBasicSearch","searchOpenDialogs":true,"interaction":{"idSuffix":"I"}},"wdio_ui5_key":"applicationmanageconditionprice-display-component---conditions--smartFilterBar-filterItemControl_BASIC-BILL_TYPES-valueHelpDialog-smartFilterBar-btnBasicSearch"}]}
RESULT: undefined
COMMAND: POST /session/bac753d7431ab8579d321a709828f6cf/execute/async - {"script":"<script> [776 bytes]","args":[{"enterText":"one","selector":{"id":"application-manageconditionprice-display-component---conditions--smartFilterBar-filterItemControl_BASIC-BILL_TYPES-valueHelpDialog-smartFilterBar-btnBasicSearch","searchOpenDialogs":true,"interaction":{"idSuffix":"I"}},"clearTextFirst":true,"interactionType":"ENTER_TEXT"}]}
RESULT: {}
RESULT: {"script":"<script> [776 bytes]","args":[{"enterText":"one","selector":{"id":"application-manageconditionprice-display-component---conditions--smartFilterBar-filterItemControl_BASIC-BILL_TYPES-valueHelpDialog-smartFilterBar-btnBasicSearch","searchOpenDialogs":true,"interaction":{"idSuffix":"I"}},"clearTextFirst":true,"interactionType":"ENTER_TEXT"}]}
COMMAND: POST /session/bac753d7431ab8579d321a709828f6cf/actions - {"actions":[{"id":"action28","type":"key","parameters":{},"actions":[{"type":"keyDown","value":"î€‡"},{"type":"pause","duration":10},{"type":"keyUp","value":"î€‡"}]}]}
RESULT: {"actions":[{"id":"action28","type":"key","parameters":{},"actions":[{"type":"keyDown","value":"î€‡"},{"type":"pause","duration":10},{"type":"keyUp","value":"î€‡"}]}]}
COMMAND: GET /session/bac753d7431ab8579d321a709828f6cf/screenshot - {}
RESULT: {}
COMMAND: POST /session/bac753d7431ab8579d321a709828f6cf/element - {"using":"xpath","value":"//div[contains(@id, 'application-manageconditionprice-display-component---conditions--smartFilterBar-filterItemControl_BASIC-BILL_TYPES-valueHelpDialog-table-rowsel0')]"}
RESULT: {"using":"xpath","value":"//div[contains(@id, 'application-manageconditionprice-display-component---conditions--smartFilterBar-filterItemControl_BASIC-BILL_TYPES-valueHelpDialog-table-rowsel0')]"}
COMMAND: POST /session/bac753d7431ab8579d321a709828f6cf/element/f.AB4A68BA45A81A2DBE2B8A5915AD560C.d.1F44E326A8C5765370A8FDFD467A9D13.e.7976/click - {}
RESULT: {}
COMMAND: GET /session/bac753d7431ab8579d321a709828f6cf/screenshot - {}
RESULT: {}
COMMAND: POST /session/bac753d7431ab8579d321a709828f6cf/element - {"using":"xpath","value":"//bdi[contains(text(), \"OK\")]"}
RESULT: {"using":"xpath","value":"//bdi[contains(text(), \"OK\")]"}
COMMAND: POST /session/bac753d7431ab8579d321a709828f6cf/element/f.AB4A68BA45A81A2DBE2B8A5915AD560C.d.1F44E326A8C5765370A8FDFD467A9D13.e.7978/click - {}
RESULT: {}
COMMAND: GET /session/bac753d7431ab8579d321a709828f6cf/screenshot - {}
RESULT: {}
COMMAND: POST /session/bac753d7431ab8579d321a709828f6cf/element - {"using":"xpath","value":"//span[@id=\"application-manageconditionprice-display-component---conditions--smartTable-header-inner\"]"}
RESULT: {"using":"xpath","value":"//span[@id=\"application-manageconditionprice-display-component---conditions--smartTable-header-inner\"]"}
COMMAND: POST /session/bac753d7431ab8579d321a709828f6cf/elements - {"using":"xpath","value":"//span[@id=\"application-manageconditionprice-display-component---conditions--smartTable-header-inner\"]"}
RESULT: {"using":"xpath","value":"//span[@id=\"application-manageconditionprice-display-component---conditions--smartTable-header-inner\"]"}
COMMAND: POST /session/bac753d7431ab8579d321a709828f6cf/execute/sync - {"script":"<script> [56 bytes]","args":[{"element-6066-11e4-a52e-4f735466cecf":"f.AB4A68BA45A81A2DBE2B8A5915AD560C.d.1F44E326A8C5765370A8FDFD467A9D13.e.7981","ELEMENT":"f.AB4A68BA45A81A2DBE2B8A5915AD560C.d.1F44E326A8C5765370A8FDFD467A9D13.e.7981"}]}
RESULT: {"script":"<script> [56 bytes]","args":[{"element-6066-11e4-a52e-4f735466cecf":"f.AB4A68BA45A81A2DBE2B8A5915AD560C.d.1F44E326A8C5765370A8FDFD467A9D13.e.7981","ELEMENT":"f.AB4A68BA45A81A2DBE2B8A5915AD560C.d.1F44E326A8C5765370A8FDFD467A9D13.e.7981"}]}
COMMAND: POST /session/bac753d7431ab8579d321a709828f6cf/element - {"using":"css selector","value":"#shell-header-logo"}
COMMAND: GET /session/bac753d7431ab8579d321a709828f6cf/screenshot - {}
RESULT: {"using":"css selector","value":"#shell-header-logo"}
COMMAND: POST /session/bac753d7431ab8579d321a709828f6cf/element/f.AB4A68BA45A81A2DBE2B8A5915AD560C.d.1F44E326A8C5765370A8FDFD467A9D13.e.7609/click - {}
RESULT: {}
RESULT: {}
COMMAND: GET /session/bac753d7431ab8579d321a709828f6cf/screenshot - {}
RESULT: {}
]]></system-out>
    </testcase>
    <testcase classname="chrome.137_0_7151_56.windows.US134625_Set_up_price_condition_-_one_time" name="Should create a new contract" time="69.531">
      <system-out><![CDATA[
COMMAND: POST /session/bac753d7431ab8579d321a709828f6cf/execute/async - {"script":"<script> [1562 bytes]","args":[{"selector":{"controlType":"sap.m.GenericTile","properties":{"header":"Manage Contracts"}},"wdio_ui5_key":"sapm.GenericTile{\"header\":\"Manage Contracts\"}"}]}
RESULT: {"script":"<script> [1562 bytes]","args":[{"selector":{"controlType":"sap.m.GenericTile","properties":{"header":"Manage Contracts"}},"wdio_ui5_key":"sapm.GenericTile{\"header\":\"Manage Contracts\"}"}]}
RESULT: undefined
COMMAND: POST /session/bac753d7431ab8579d321a709828f6cf/element - {"using":"xpath","value":"//*[@id=\"__tile130\"]"}
RESULT: {"using":"xpath","value":"//*[@id=\"__tile130\"]"}
COMMAND: POST /session/bac753d7431ab8579d321a709828f6cf/element/f.AB4A68BA45A81A2DBE2B8A5915AD560C.d.1F44E326A8C5765370A8FDFD467A9D13.e.6668/click - {}
RESULT: {}
COMMAND: GET /session/bac753d7431ab8579d321a709828f6cf/screenshot - {}
RESULT: {}
COMMAND: POST /session/bac753d7431ab8579d321a709828f6cf/elements - {"using":"xpath","value":"//span[text()='Error']"}
RESULT: {"using":"xpath","value":"//span[text()='Error']"}
COMMAND: POST /session/bac753d7431ab8579d321a709828f6cf/element - {"using":"xpath","value":"//button[@data-kt=\"addButton\"]"}
RESULT: {"using":"xpath","value":"//button[@data-kt=\"addButton\"]"}
COMMAND: POST /session/bac753d7431ab8579d321a709828f6cf/elements - {"using":"xpath","value":"//button[@data-kt=\"addButton\"]"}
RESULT: {"using":"xpath","value":"//button[@data-kt=\"addButton\"]"}
COMMAND: POST /session/bac753d7431ab8579d321a709828f6cf/execute/sync - {"script":"<script> [8489 bytes]","args":[{"element-6066-11e4-a52e-4f735466cecf":"f.AB4A68BA45A81A2DBE2B8A5915AD560C.d.1F44E326A8C5765370A8FDFD467A9D13.e.8033","ELEMENT":"f.AB4A68BA45A81A2DBE2B8A5915AD560C.d.1F44E326A8C5765370A8FDFD467A9D13.e.8033"}]}
RESULT: {"script":"<script> [8489 bytes]","args":[{"element-6066-11e4-a52e-4f735466cecf":"f.AB4A68BA45A81A2DBE2B8A5915AD560C.d.1F44E326A8C5765370A8FDFD467A9D13.e.8033","ELEMENT":"f.AB4A68BA45A81A2DBE2B8A5915AD560C.d.1F44E326A8C5765370A8FDFD467A9D13.e.8033"}]}
COMMAND: GET /session/bac753d7431ab8579d321a709828f6cf/element/f.AB4A68BA45A81A2DBE2B8A5915AD560C.d.1F44E326A8C5765370A8FDFD467A9D13.e.8033/enabled - {}
COMMAND: GET /session/bac753d7431ab8579d321a709828f6cf/screenshot - {}
RESULT: {}
COMMAND: POST /session/bac753d7431ab8579d321a709828f6cf/execute/sync - {"script":"<script> [8489 bytes]","args":[{"element-6066-11e4-a52e-4f735466cecf":"f.AB4A68BA45A81A2DBE2B8A5915AD560C.d.1F44E326A8C5765370A8FDFD467A9D13.e.8033","ELEMENT":"f.AB4A68BA45A81A2DBE2B8A5915AD560C.d.1F44E326A8C5765370A8FDFD467A9D13.e.8033"}]}
COMMAND: GET /session/bac753d7431ab8579d321a709828f6cf/screenshot - {}
RESULT: {}
RESULT: {"script":"<script> [8489 bytes]","args":[{"element-6066-11e4-a52e-4f735466cecf":"f.AB4A68BA45A81A2DBE2B8A5915AD560C.d.1F44E326A8C5765370A8FDFD467A9D13.e.8033","ELEMENT":"f.AB4A68BA45A81A2DBE2B8A5915AD560C.d.1F44E326A8C5765370A8FDFD467A9D13.e.8033"}]}
COMMAND: POST /session/bac753d7431ab8579d321a709828f6cf/execute/sync - {"script":"<script> [5351 bytes]","args":[{"element-6066-11e4-a52e-4f735466cecf":"f.AB4A68BA45A81A2DBE2B8A5915AD560C.d.1F44E326A8C5765370A8FDFD467A9D13.e.8033","ELEMENT":"f.AB4A68BA45A81A2DBE2B8A5915AD560C.d.1F44E326A8C5765370A8FDFD467A9D13.e.8033"}]}
COMMAND: GET /session/bac753d7431ab8579d321a709828f6cf/screenshot - {}
RESULT: {}
RESULT: {"script":"<script> [5351 bytes]","args":[{"element-6066-11e4-a52e-4f735466cecf":"f.AB4A68BA45A81A2DBE2B8A5915AD560C.d.1F44E326A8C5765370A8FDFD467A9D13.e.8033","ELEMENT":"f.AB4A68BA45A81A2DBE2B8A5915AD560C.d.1F44E326A8C5765370A8FDFD467A9D13.e.8033"}]}
COMMAND: GET /session/bac753d7431ab8579d321a709828f6cf/screenshot - {}
RESULT: {}
RESULT: {}
COMMAND: POST /session/bac753d7431ab8579d321a709828f6cf/element/f.AB4A68BA45A81A2DBE2B8A5915AD560C.d.1F44E326A8C5765370A8FDFD467A9D13.e.8033/click - {}
RESULT: {}
COMMAND: GET /session/bac753d7431ab8579d321a709828f6cf/screenshot - {}
COMMAND: POST /session/bac753d7431ab8579d321a709828f6cf/execute/async - {"script":"<script> [1562 bytes]","args":[{"selector":{"id":"application-managecontracts-display-component---AddNewContract--projectDescription","interaction":{"idSuffix":"inner"}},"wdio_ui5_key":"applicationmanagecontracts-display-component---AddNewContract--projectDescription"}]}
RESULT: {}
RESULT: {"script":"<script> [1562 bytes]","args":[{"selector":{"id":"application-managecontracts-display-component---AddNewContract--projectDescription","interaction":{"idSuffix":"inner"}},"wdio_ui5_key":"applicationmanagecontracts-display-component---AddNewContract--projectDescription"}]}
RESULT: undefined
COMMAND: POST /session/bac753d7431ab8579d321a709828f6cf/execute/async - {"script":"<script> [776 bytes]","args":[{"enterText":"Intercompany Contract WDIO","selector":{"id":"application-managecontracts-display-component---AddNewContract--projectDescription","interaction":{"idSuffix":"inner"}},"clearTextFirst":true,"interactionType":"ENTER_TEXT"}]}
RESULT: {"script":"<script> [776 bytes]","args":[{"enterText":"Intercompany Contract WDIO","selector":{"id":"application-managecontracts-display-component---AddNewContract--projectDescription","interaction":{"idSuffix":"inner"}},"clearTextFirst":true,"interactionType":"ENTER_TEXT"}]}
COMMAND: POST /session/bac753d7431ab8579d321a709828f6cf/element - {"using":"xpath","value":"//input[@id=\"application-managecontracts-display-component---AddNewContract--site-inner\"]"}
RESULT: {"using":"xpath","value":"//input[@id=\"application-managecontracts-display-component---AddNewContract--site-inner\"]"}
COMMAND: POST /session/bac753d7431ab8579d321a709828f6cf/element/f.AB4A68BA45A81A2DBE2B8A5915AD560C.d.1F44E326A8C5765370A8FDFD467A9D13.e.8351/clear - {}
RESULT: {}
COMMAND: POST /session/bac753d7431ab8579d321a709828f6cf/element/f.AB4A68BA45A81A2DBE2B8A5915AD560C.d.1F44E326A8C5765370A8FDFD467A9D13.e.8351/value - {"text":"2371"}
COMMAND: GET /session/bac753d7431ab8579d321a709828f6cf/screenshot - {}
RESULT: {"text":"2371"}
COMMAND: GET /session/bac753d7431ab8579d321a709828f6cf/screenshot - {}
RESULT: {}
RESULT: {}
COMMAND: POST /session/bac753d7431ab8579d321a709828f6cf/element - {"using":"xpath","value":"//li[.//span[text()='2371']]"}
RESULT: {"using":"xpath","value":"//li[.//span[text()='2371']]"}
COMMAND: POST /session/bac753d7431ab8579d321a709828f6cf/element/f.AB4A68BA45A81A2DBE2B8A5915AD560C.d.1F44E326A8C5765370A8FDFD467A9D13.e.8434/click - {}
RESULT: {}
COMMAND: GET /session/bac753d7431ab8579d321a709828f6cf/screenshot - {}
RESULT: {}
COMMAND: POST /session/bac753d7431ab8579d321a709828f6cf/element - {"using":"xpath","value":"//input[@id=\"application-managecontracts-display-component---AddNewContract--yardId-inner\"]"}
RESULT: {"using":"xpath","value":"//input[@id=\"application-managecontracts-display-component---AddNewContract--yardId-inner\"]"}
COMMAND: GET /session/bac753d7431ab8579d321a709828f6cf/element/f.AB4A68BA45A81A2DBE2B8A5915AD560C.d.1F44E326A8C5765370A8FDFD467A9D13.e.8352/property/value - {}
RESULT: {}
COMMAND: POST /session/bac753d7431ab8579d321a709828f6cf/element - {"using":"xpath","value":"//input[@id=\"application-managecontracts-display-component---AddNewContract--customerSelect-inner\"]"}
COMMAND: GET /session/bac753d7431ab8579d321a709828f6cf/screenshot - {}
RESULT: {"using":"xpath","value":"//input[@id=\"application-managecontracts-display-component---AddNewContract--customerSelect-inner\"]"}
COMMAND: POST /session/bac753d7431ab8579d321a709828f6cf/element/f.AB4A68BA45A81A2DBE2B8A5915AD560C.d.1F44E326A8C5765370A8FDFD467A9D13.e.8350/clear - {}
RESULT: {}
RESULT: {}
COMMAND: POST /session/bac753d7431ab8579d321a709828f6cf/element/f.AB4A68BA45A81A2DBE2B8A5915AD560C.d.1F44E326A8C5765370A8FDFD467A9D13.e.8350/value - {"text":"1429"}
COMMAND: GET /session/bac753d7431ab8579d321a709828f6cf/screenshot - {}
RESULT: {"text":"1429"}
COMMAND: GET /session/bac753d7431ab8579d321a709828f6cf/screenshot - {}
RESULT: {}
RESULT: {}
COMMAND: POST /session/bac753d7431ab8579d321a709828f6cf/element - {"using":"xpath","value":"//li[.//span[text()='1429']]"}
RESULT: {"using":"xpath","value":"//li[.//span[text()='1429']]"}
COMMAND: POST /session/bac753d7431ab8579d321a709828f6cf/element/f.AB4A68BA45A81A2DBE2B8A5915AD560C.d.1F44E326A8C5765370A8FDFD467A9D13.e.8437/click - {}
RESULT: {}
COMMAND: GET /session/bac753d7431ab8579d321a709828f6cf/screenshot - {}
RESULT: {}
COMMAND: POST /session/bac753d7431ab8579d321a709828f6cf/element - {"using":"xpath","value":"//button[@data-kt=\"saveButton\"]"}
RESULT: {"using":"xpath","value":"//button[@data-kt=\"saveButton\"]"}
COMMAND: POST /session/bac753d7431ab8579d321a709828f6cf/element/f.AB4A68BA45A81A2DBE2B8A5915AD560C.d.1F44E326A8C5765370A8FDFD467A9D13.e.8424/click - {}
RESULT: {}
COMMAND: GET /session/bac753d7431ab8579d321a709828f6cf/screenshot - {}
RESULT: {}
COMMAND: POST /session/bac753d7431ab8579d321a709828f6cf/element - {"using":"xpath","value":"//span[contains(@id ,\"contractDetailTitleNoExpanded\")]"}
RESULT: {"using":"xpath","value":"//span[contains(@id ,\"contractDetailTitleNoExpanded\")]"}
COMMAND: POST /session/bac753d7431ab8579d321a709828f6cf/elements - {"using":"xpath","value":"//span[contains(@id ,\"contractDetailTitleNoExpanded\")]"}
RESULT: {"using":"xpath","value":"//span[contains(@id ,\"contractDetailTitleNoExpanded\")]"}
COMMAND: POST /session/bac753d7431ab8579d321a709828f6cf/execute/sync - {"script":"<script> [56 bytes]","args":[{"element-6066-11e4-a52e-4f735466cecf":"f.AB4A68BA45A81A2DBE2B8A5915AD560C.d.1F44E326A8C5765370A8FDFD467A9D13.e.8508","ELEMENT":"f.AB4A68BA45A81A2DBE2B8A5915AD560C.d.1F44E326A8C5765370A8FDFD467A9D13.e.8508"}]}
RESULT: {"script":"<script> [56 bytes]","args":[{"element-6066-11e4-a52e-4f735466cecf":"f.AB4A68BA45A81A2DBE2B8A5915AD560C.d.1F44E326A8C5765370A8FDFD467A9D13.e.8508","ELEMENT":"f.AB4A68BA45A81A2DBE2B8A5915AD560C.d.1F44E326A8C5765370A8FDFD467A9D13.e.8508"}]}
COMMAND: GET /session/bac753d7431ab8579d321a709828f6cf/screenshot - {}
RESULT: {}
]]></system-out>
    </testcase>
    <testcase classname="chrome.137_0_7151_56.windows.US134625_Set_up_price_condition_-_one_time" name="Should add the material to the contract" time="54.828">
      <system-out><![CDATA[
COMMAND: POST /session/bac753d7431ab8579d321a709828f6cf/element - {"using":"xpath","value":"//button[@data-kt=\"contractDetailEditBtnButton\"]"}
RESULT: {"using":"xpath","value":"//button[@data-kt=\"contractDetailEditBtnButton\"]"}
COMMAND: POST /session/bac753d7431ab8579d321a709828f6cf/element/f.AB4A68BA45A81A2DBE2B8A5915AD560C.d.1F44E326A8C5765370A8FDFD467A9D13.e.8510/click - {}
RESULT: {}
COMMAND: GET /session/bac753d7431ab8579d321a709828f6cf/screenshot - {}
RESULT: {}
COMMAND: POST /session/bac753d7431ab8579d321a709828f6cf/element - {"using":"xpath","value":"(//span[contains(text(), \"Additional Addresses\")])[2]"}
RESULT: {"using":"xpath","value":"(//span[contains(text(), \"Additional Addresses\")])[2]"}
COMMAND: POST /session/bac753d7431ab8579d321a709828f6cf/element/f.AB4A68BA45A81A2DBE2B8A5915AD560C.d.1F44E326A8C5765370A8FDFD467A9D13.e.8566/click - {}
RESULT: {}
COMMAND: GET /session/bac753d7431ab8579d321a709828f6cf/screenshot - {}
RESULT: {}
COMMAND: POST /session/bac753d7431ab8579d321a709828f6cf/element - {"using":"xpath","value":"//button[@data-kt=\"btnAddTableRowOverflowToolbarButton\"]"}
RESULT: {"using":"xpath","value":"//button[@data-kt=\"btnAddTableRowOverflowToolbarButton\"]"}
COMMAND: POST /session/bac753d7431ab8579d321a709828f6cf/element/f.AB4A68BA45A81A2DBE2B8A5915AD560C.d.1F44E326A8C5765370A8FDFD467A9D13.e.8568/click - {}
RESULT: {}
COMMAND: GET /session/bac753d7431ab8579d321a709828f6cf/screenshot - {}
RESULT: {}
COMMAND: POST /session/bac753d7431ab8579d321a709828f6cf/element - {"using":"xpath","value":"//div[(text() = 'Standard Entry' or . = 'Standard Entry')]"}
RESULT: {"using":"xpath","value":"//div[(text() = 'Standard Entry' or . = 'Standard Entry')]"}
COMMAND: POST /session/bac753d7431ab8579d321a709828f6cf/element/f.AB4A68BA45A81A2DBE2B8A5915AD560C.d.1F44E326A8C5765370A8FDFD467A9D13.e.8570/click - {}
RESULT: {}
COMMAND: GET /session/bac753d7431ab8579d321a709828f6cf/screenshot - {}
RESULT: {}
COMMAND: POST /session/bac753d7431ab8579d321a709828f6cf/element - {"using":"xpath","value":"//td[6]/div/div/div/span"}
RESULT: {"using":"xpath","value":"//td[6]/div/div/div/span"}
COMMAND: POST /session/bac753d7431ab8579d321a709828f6cf/element/f.AB4A68BA45A81A2DBE2B8A5915AD560C.d.1F44E326A8C5765370A8FDFD467A9D13.e.8582/click - {}
RESULT: {}
COMMAND: GET /session/bac753d7431ab8579d321a709828f6cf/screenshot - {}
RESULT: {}
COMMAND: POST /session/bac753d7431ab8579d321a709828f6cf/element - {"using":"xpath","value":"(//span[contains(text(), \"Material\")])"}
RESULT: {"using":"xpath","value":"(//span[contains(text(), \"Material\")])"}
COMMAND: POST /session/bac753d7431ab8579d321a709828f6cf/element/f.AB4A68BA45A81A2DBE2B8A5915AD560C.d.1F44E326A8C5765370A8FDFD467A9D13.e.8583/click - {}
RESULT: {}
COMMAND: GET /session/bac753d7431ab8579d321a709828f6cf/screenshot - {}
RESULT: {}
COMMAND: POST /session/bac753d7431ab8579d321a709828f6cf/element - {"using":"xpath","value":"//td[7]/div/div/input"}
RESULT: {"using":"xpath","value":"//td[7]/div/div/input"}
COMMAND: POST /session/bac753d7431ab8579d321a709828f6cf/element/f.AB4A68BA45A81A2DBE2B8A5915AD560C.d.1F44E326A8C5765370A8FDFD467A9D13.e.8587/clear - {}
RESULT: {}
COMMAND: POST /session/bac753d7431ab8579d321a709828f6cf/element/f.AB4A68BA45A81A2DBE2B8A5915AD560C.d.1F44E326A8C5765370A8FDFD467A9D13.e.8587/value - {"text":"200384"}
COMMAND: GET /session/bac753d7431ab8579d321a709828f6cf/screenshot - {}
RESULT: {"text":"200384"}
COMMAND: GET /session/bac753d7431ab8579d321a709828f6cf/screenshot - {}
RESULT: {}
RESULT: {}
COMMAND: POST /session/bac753d7431ab8579d321a709828f6cf/actions - {"actions":[{"id":"action29","type":"key","parameters":{},"actions":[{"type":"keyDown","value":"î€‡"},{"type":"pause","duration":10},{"type":"keyUp","value":"î€‡"}]}]}
RESULT: {"actions":[{"id":"action29","type":"key","parameters":{},"actions":[{"type":"keyDown","value":"î€‡"},{"type":"pause","duration":10},{"type":"keyUp","value":"î€‡"}]}]}
COMMAND: GET /session/bac753d7431ab8579d321a709828f6cf/screenshot - {}
RESULT: {}
COMMAND: POST /session/bac753d7431ab8579d321a709828f6cf/execute/sync - {"script":"<script> [276 bytes]","args":["No pricing information was found"]}
RESULT: {"script":"<script> [276 bytes]","args":["No pricing information was found"]}
COMMAND: POST /session/bac753d7431ab8579d321a709828f6cf/element - {"using":"xpath","value":"(//button[@data-kt=\"saveButton\"])[2]"}
COMMAND: GET /session/bac753d7431ab8579d321a709828f6cf/screenshot - {}
RESULT: {"using":"xpath","value":"(//button[@data-kt=\"saveButton\"])[2]"}
COMMAND: POST /session/bac753d7431ab8579d321a709828f6cf/element/f.AB4A68BA45A81A2DBE2B8A5915AD560C.d.1F44E326A8C5765370A8FDFD467A9D13.e.8610/click - {}
RESULT: {}
RESULT: {}
COMMAND: GET /session/bac753d7431ab8579d321a709828f6cf/screenshot - {}
RESULT: {}
COMMAND: POST /session/bac753d7431ab8579d321a709828f6cf/execute/sync - {"script":"<script> [276 bytes]","args":["Some contract items are having rental validity exceeding header rental validity"]}
RESULT: {"script":"<script> [276 bytes]","args":["Some contract items are having rental validity exceeding header rental validity"]}
COMMAND: GET /session/bac753d7431ab8579d321a709828f6cf/screenshot - {}
RESULT: {}
COMMAND: POST /session/bac753d7431ab8579d321a709828f6cf/element - {"using":"xpath","value":"//span[contains(@id ,\"contractItemsSmartTable-header-inner\")]"}
RESULT: {"using":"xpath","value":"//span[contains(@id ,\"contractItemsSmartTable-header-inner\")]"}
COMMAND: POST /session/bac753d7431ab8579d321a709828f6cf/elements - {"using":"xpath","value":"//span[contains(@id ,\"contractItemsSmartTable-header-inner\")]"}
RESULT: {"using":"xpath","value":"//span[contains(@id ,\"contractItemsSmartTable-header-inner\")]"}
COMMAND: POST /session/bac753d7431ab8579d321a709828f6cf/execute/sync - {"script":"<script> [56 bytes]","args":[{"element-6066-11e4-a52e-4f735466cecf":"f.AB4A68BA45A81A2DBE2B8A5915AD560C.d.1F44E326A8C5765370A8FDFD467A9D13.e.8616","ELEMENT":"f.AB4A68BA45A81A2DBE2B8A5915AD560C.d.1F44E326A8C5765370A8FDFD467A9D13.e.8616"}]}
RESULT: {"script":"<script> [56 bytes]","args":[{"element-6066-11e4-a52e-4f735466cecf":"f.AB4A68BA45A81A2DBE2B8A5915AD560C.d.1F44E326A8C5765370A8FDFD467A9D13.e.8616","ELEMENT":"f.AB4A68BA45A81A2DBE2B8A5915AD560C.d.1F44E326A8C5765370A8FDFD467A9D13.e.8616"}]}
COMMAND: GET /session/bac753d7431ab8579d321a709828f6cf/screenshot - {}
]]></system-out>
    </testcase>
    <testcase classname="chrome.137_0_7151_56.windows.US134625_Set_up_price_condition_-_one_time" name="Should verify the bill item creation and pricing condition" time="11.971">
      <system-out><![CDATA[
COMMAND: POST /session/bac753d7431ab8579d321a709828f6cf/execute/async - {"script":"<script> [1562 bytes]","args":[{"selector":{"controlType":"sap.ui.core.Icon","viewName":"etm.portal.ui.managecontracts.view.Detail","properties":{"src":{"regex":{"source":"slim\\-arrow\\-right"}}}},"wdio_ui5_key":"etmportal.ui.managecontracts.view.Detailsap.ui.core.Icon{\"src\":{\"regex\":{\"source\":\"slim\\\\-arrow\\\\-right\"}}}"}]}
RESULT: {}
RESULT: {"script":"<script> [1562 bytes]","args":[{"selector":{"controlType":"sap.ui.core.Icon","viewName":"etm.portal.ui.managecontracts.view.Detail","properties":{"src":{"regex":{"source":"slim\\-arrow\\-right"}}}},"wdio_ui5_key":"etmportal.ui.managecontracts.view.Detailsap.ui.core.Icon{\"src\":{\"regex\":{\"source\":\"slim\\\\-arrow\\\\-right\"}}}"}]}
RESULT: undefined
COMMAND: POST /session/bac753d7431ab8579d321a709828f6cf/element - {"using":"xpath","value":"//*[@id=\"__item2663-__clone5161-imgNav\"]"}
RESULT: {"using":"xpath","value":"//*[@id=\"__item2663-__clone5161-imgNav\"]"}
COMMAND: POST /session/bac753d7431ab8579d321a709828f6cf/element/f.AB4A68BA45A81A2DBE2B8A5915AD560C.d.1F44E326A8C5765370A8FDFD467A9D13.e.8617/click - {}
RESULT: {}
COMMAND: GET /session/bac753d7431ab8579d321a709828f6cf/screenshot - {}
COMMAND: POST /session/bac753d7431ab8579d321a709828f6cf/execute/async - {"script":"<script> [1562 bytes]","args":[{"selector":{"controlType":"sap.m.Text","viewName":"etm.portal.ui.managecontracts.view.BillingItem","viewId":"application-managecontracts-display-component---BillingItem","bindingPath":{"propertyPath":"LINK_TO_C_BILL_TYPES/DESCRIPTION"}},"wdio_ui5_key":"etmportal.ui.managecontracts.view.BillingItemsap.m.Text{\"propertyPath\":\"LINK_TO_C_BILL_TYPES/DESCRIPTION\"}"}]}
RESULT: {}
RESULT: {"script":"<script> [1562 bytes]","args":[{"selector":{"controlType":"sap.m.Text","viewName":"etm.portal.ui.managecontracts.view.BillingItem","viewId":"application-managecontracts-display-component---BillingItem","bindingPath":{"propertyPath":"LINK_TO_C_BILL_TYPES/DESCRIPTION"}},"wdio_ui5_key":"etmportal.ui.managecontracts.view.BillingItemsap.m.Text{\"propertyPath\":\"LINK_TO_C_BILL_TYPES/DESCRIPTION\"}"}]}
RESULT: undefined
COMMAND: POST /session/bac753d7431ab8579d321a709828f6cf/execute/async - {"script":"<script> [6424 bytes]","args":[{"element-6066-11e4-a52e-4f735466cecf":"f.AB4A68BA45A81A2DBE2B8A5915AD560C.d.1F44E326A8C5765370A8FDFD467A9D13.e.8656"},"getText",[]]}
RESULT: {"script":"<script> [6424 bytes]","args":[{"element-6066-11e4-a52e-4f735466cecf":"f.AB4A68BA45A81A2DBE2B8A5915AD560C.d.1F44E326A8C5765370A8FDFD467A9D13.e.8656"},"getText",[]]}
COMMAND: POST /session/bac753d7431ab8579d321a709828f6cf/execute/async - {"script":"<script> [1562 bytes]","args":[{"selector":{"controlType":"sap.m.ObjectNumber","viewName":"etm.portal.ui.managecontracts.view.BillingItem","viewId":"application-managecontracts-display-component---BillingItem","bindingPath":{"propertyPath":"BASE_PRICE"}},"wdio_ui5_key":"etmportal.ui.managecontracts.view.BillingItemsap.m.ObjectNumber{\"propertyPath\":\"BASE_PRICE\"}"}]}
RESULT: {"script":"<script> [1562 bytes]","args":[{"selector":{"controlType":"sap.m.ObjectNumber","viewName":"etm.portal.ui.managecontracts.view.BillingItem","viewId":"application-managecontracts-display-component---BillingItem","bindingPath":{"propertyPath":"BASE_PRICE"}},"wdio_ui5_key":"etmportal.ui.managecontracts.view.BillingItemsap.m.ObjectNumber{\"propertyPath\":\"BASE_PRICE\"}"}]}
RESULT: undefined
COMMAND: POST /session/bac753d7431ab8579d321a709828f6cf/execute/async - {"script":"<script> [6424 bytes]","args":[{"element-6066-11e4-a52e-4f735466cecf":"f.AB4A68BA45A81A2DBE2B8A5915AD560C.d.1F44E326A8C5765370A8FDFD467A9D13.e.8657"},"getNumber",[]]}
RESULT: {"script":"<script> [6424 bytes]","args":[{"element-6066-11e4-a52e-4f735466cecf":"f.AB4A68BA45A81A2DBE2B8A5915AD560C.d.1F44E326A8C5765370A8FDFD467A9D13.e.8657"},"getNumber",[]]}
COMMAND: POST /session/bac753d7431ab8579d321a709828f6cf/execute/async - {"script":"<script> [1562 bytes]","args":[{"selector":{"controlType":"sap.m.ObjectNumber","viewName":"etm.portal.ui.managecontracts.view.BillingItem","viewId":"application-managecontracts-display-component---BillingItem","bindingPath":{"propertyPath":"BASE_QUANTITY"}},"wdio_ui5_key":"etmportal.ui.managecontracts.view.BillingItemsap.m.ObjectNumber{\"propertyPath\":\"BASE_QUANTITY\"}"}]}
RESULT: {"script":"<script> [1562 bytes]","args":[{"selector":{"controlType":"sap.m.ObjectNumber","viewName":"etm.portal.ui.managecontracts.view.BillingItem","viewId":"application-managecontracts-display-component---BillingItem","bindingPath":{"propertyPath":"BASE_QUANTITY"}},"wdio_ui5_key":"etmportal.ui.managecontracts.view.BillingItemsap.m.ObjectNumber{\"propertyPath\":\"BASE_QUANTITY\"}"}]}
RESULT: undefined
COMMAND: POST /session/bac753d7431ab8579d321a709828f6cf/execute/async - {"script":"<script> [6424 bytes]","args":[{"element-6066-11e4-a52e-4f735466cecf":"f.AB4A68BA45A81A2DBE2B8A5915AD560C.d.1F44E326A8C5765370A8FDFD467A9D13.e.8658"},"getNumber",[]]}
RESULT: {"script":"<script> [6424 bytes]","args":[{"element-6066-11e4-a52e-4f735466cecf":"f.AB4A68BA45A81A2DBE2B8A5915AD560C.d.1F44E326A8C5765370A8FDFD467A9D13.e.8658"},"getNumber",[]]}
COMMAND: DELETE /session/bac753d7431ab8579d321a709828f6cf - {}
RESULT: {}
]]></system-out>
    </testcase>
  </testsuite>
</testsuites>