<?xml version="1.0" encoding="UTF-8"?>
<testsuites tests="21" failures="3" errors="3" skipped="0">
  <testsuite timestamp="2025-05-05T05:36:21" time="360.628" tests="3" failures="0" errors="0" skipped="0">
    <properties>
      <property name="specId" value="0" />
      <property name="suiteName" value="Create condition pricing US117289 US134625" />
      <property name="capabilities" value="chrome.135_0_7049_96.windows" />
      <property name="file" value="file:///D:/a/1/s/test/specs/BTS/create-condition-pricing.spec.js" />
    </properties>
    <testcase classname="chrome.135_0_7049_96.windows.Create_condition_pricing_US117289_US134625" name="Should create a new yard used for all following tests" time="116.084">
      <system-out><![CDATA[
COMMAND: POST /session/296c3ef822005440bb291597a564fd04/window/fullscreen - {}
RESULT: {}
COMMAND: POST /session/296c3ef822005440bb291597a564fd04/execute/async - {"script":"<script> [1562 bytes]","args":[{"selector":{"controlType":"sap.m.GenericTile","properties":{"header":"Manage Yards"}},"wdio_ui5_key":"sapm.GenericTile{\"header\":\"Manage Yards\"}"}]}
RESULT: {"script":"<script> [1562 bytes]","args":[{"selector":{"controlType":"sap.m.GenericTile","properties":{"header":"Manage Yards"}},"wdio_ui5_key":"sapm.GenericTile{\"header\":\"Manage Yards\"}"}]}
RESULT: undefined
COMMAND: POST /session/296c3ef822005440bb291597a564fd04/element - {"using":"xpath","value":"//*[@id=\"__tile41\"]"}
RESULT: {"using":"xpath","value":"//*[@id=\"__tile41\"]"}
COMMAND: POST /session/296c3ef822005440bb291597a564fd04/element/f.A5EAE1E31C780A7B6C1CBBD175F5DD1B.d.8517C267BC13C7A3ABB57C11F3E68CFD.e.162/click - {}
RESULT: {}
COMMAND: POST /session/296c3ef822005440bb291597a564fd04/element - {"using":"xpath","value":"//button[@data-kt=\"addNewYardOverflowToolbarButton\"]"}
COMMAND: GET /session/296c3ef822005440bb291597a564fd04/screenshot - {}
RESULT: {"using":"xpath","value":"//button[@data-kt=\"addNewYardOverflowToolbarButton\"]"}
COMMAND: POST /session/296c3ef822005440bb291597a564fd04/elements - {"using":"xpath","value":"//button[@data-kt=\"addNewYardOverflowToolbarButton\"]"}
RESULT: {}
RESULT: {"using":"xpath","value":"//button[@data-kt=\"addNewYardOverflowToolbarButton\"]"}
COMMAND: POST /session/296c3ef822005440bb291597a564fd04/elements - {"using":"xpath","value":"//button[@data-kt=\"addNewYardOverflowToolbarButton\"]"}
RESULT: {"using":"xpath","value":"//button[@data-kt=\"addNewYardOverflowToolbarButton\"]"}
COMMAND: POST /session/296c3ef822005440bb291597a564fd04/elements - {"using":"xpath","value":"//button[@data-kt=\"addNewYardOverflowToolbarButton\"]"}
RESULT: {"using":"xpath","value":"//button[@data-kt=\"addNewYardOverflowToolbarButton\"]"}
COMMAND: POST /session/296c3ef822005440bb291597a564fd04/elements - {"using":"xpath","value":"//button[@data-kt=\"addNewYardOverflowToolbarButton\"]"}
RESULT: {"using":"xpath","value":"//button[@data-kt=\"addNewYardOverflowToolbarButton\"]"}
COMMAND: POST /session/296c3ef822005440bb291597a564fd04/elements - {"using":"xpath","value":"//button[@data-kt=\"addNewYardOverflowToolbarButton\"]"}
RESULT: {"using":"xpath","value":"//button[@data-kt=\"addNewYardOverflowToolbarButton\"]"}
COMMAND: POST /session/296c3ef822005440bb291597a564fd04/elements - {"using":"xpath","value":"//button[@data-kt=\"addNewYardOverflowToolbarButton\"]"}
RESULT: {"using":"xpath","value":"//button[@data-kt=\"addNewYardOverflowToolbarButton\"]"}
COMMAND: POST /session/296c3ef822005440bb291597a564fd04/elements - {"using":"xpath","value":"//button[@data-kt=\"addNewYardOverflowToolbarButton\"]"}
RESULT: {"using":"xpath","value":"//button[@data-kt=\"addNewYardOverflowToolbarButton\"]"}
COMMAND: POST /session/296c3ef822005440bb291597a564fd04/elements - {"using":"xpath","value":"//button[@data-kt=\"addNewYardOverflowToolbarButton\"]"}
RESULT: {"using":"xpath","value":"//button[@data-kt=\"addNewYardOverflowToolbarButton\"]"}
COMMAND: POST /session/296c3ef822005440bb291597a564fd04/elements - {"using":"xpath","value":"//button[@data-kt=\"addNewYardOverflowToolbarButton\"]"}
RESULT: {"using":"xpath","value":"//button[@data-kt=\"addNewYardOverflowToolbarButton\"]"}
COMMAND: POST /session/296c3ef822005440bb291597a564fd04/elements - {"using":"xpath","value":"//button[@data-kt=\"addNewYardOverflowToolbarButton\"]"}
RESULT: {"using":"xpath","value":"//button[@data-kt=\"addNewYardOverflowToolbarButton\"]"}
COMMAND: POST /session/296c3ef822005440bb291597a564fd04/elements - {"using":"xpath","value":"//button[@data-kt=\"addNewYardOverflowToolbarButton\"]"}
RESULT: {"using":"xpath","value":"//button[@data-kt=\"addNewYardOverflowToolbarButton\"]"}
COMMAND: POST /session/296c3ef822005440bb291597a564fd04/elements - {"using":"xpath","value":"//button[@data-kt=\"addNewYardOverflowToolbarButton\"]"}
RESULT: {"using":"xpath","value":"//button[@data-kt=\"addNewYardOverflowToolbarButton\"]"}
COMMAND: POST /session/296c3ef822005440bb291597a564fd04/elements - {"using":"xpath","value":"//button[@data-kt=\"addNewYardOverflowToolbarButton\"]"}
RESULT: {"using":"xpath","value":"//button[@data-kt=\"addNewYardOverflowToolbarButton\"]"}
COMMAND: POST /session/296c3ef822005440bb291597a564fd04/elements - {"using":"xpath","value":"//button[@data-kt=\"addNewYardOverflowToolbarButton\"]"}
RESULT: {"using":"xpath","value":"//button[@data-kt=\"addNewYardOverflowToolbarButton\"]"}
COMMAND: POST /session/296c3ef822005440bb291597a564fd04/elements - {"using":"xpath","value":"//button[@data-kt=\"addNewYardOverflowToolbarButton\"]"}
RESULT: {"using":"xpath","value":"//button[@data-kt=\"addNewYardOverflowToolbarButton\"]"}
COMMAND: POST /session/296c3ef822005440bb291597a564fd04/elements - {"using":"xpath","value":"//button[@data-kt=\"addNewYardOverflowToolbarButton\"]"}
RESULT: {"using":"xpath","value":"//button[@data-kt=\"addNewYardOverflowToolbarButton\"]"}
COMMAND: POST /session/296c3ef822005440bb291597a564fd04/elements - {"using":"xpath","value":"//button[@data-kt=\"addNewYardOverflowToolbarButton\"]"}
RESULT: {"using":"xpath","value":"//button[@data-kt=\"addNewYardOverflowToolbarButton\"]"}
COMMAND: POST /session/296c3ef822005440bb291597a564fd04/elements - {"using":"xpath","value":"//button[@data-kt=\"addNewYardOverflowToolbarButton\"]"}
RESULT: {"using":"xpath","value":"//button[@data-kt=\"addNewYardOverflowToolbarButton\"]"}
COMMAND: POST /session/296c3ef822005440bb291597a564fd04/elements - {"using":"xpath","value":"//button[@data-kt=\"addNewYardOverflowToolbarButton\"]"}
RESULT: {"using":"xpath","value":"//button[@data-kt=\"addNewYardOverflowToolbarButton\"]"}
COMMAND: POST /session/296c3ef822005440bb291597a564fd04/elements - {"using":"xpath","value":"//button[@data-kt=\"addNewYardOverflowToolbarButton\"]"}
RESULT: {"using":"xpath","value":"//button[@data-kt=\"addNewYardOverflowToolbarButton\"]"}
COMMAND: POST /session/296c3ef822005440bb291597a564fd04/elements - {"using":"xpath","value":"//button[@data-kt=\"addNewYardOverflowToolbarButton\"]"}
RESULT: {"using":"xpath","value":"//button[@data-kt=\"addNewYardOverflowToolbarButton\"]"}
COMMAND: POST /session/296c3ef822005440bb291597a564fd04/elements - {"using":"xpath","value":"//button[@data-kt=\"addNewYardOverflowToolbarButton\"]"}
RESULT: {"using":"xpath","value":"//button[@data-kt=\"addNewYardOverflowToolbarButton\"]"}
COMMAND: POST /session/296c3ef822005440bb291597a564fd04/elements - {"using":"xpath","value":"//button[@data-kt=\"addNewYardOverflowToolbarButton\"]"}
RESULT: {"using":"xpath","value":"//button[@data-kt=\"addNewYardOverflowToolbarButton\"]"}
COMMAND: POST /session/296c3ef822005440bb291597a564fd04/elements - {"using":"xpath","value":"//button[@data-kt=\"addNewYardOverflowToolbarButton\"]"}
RESULT: {"using":"xpath","value":"//button[@data-kt=\"addNewYardOverflowToolbarButton\"]"}
COMMAND: POST /session/296c3ef822005440bb291597a564fd04/elements - {"using":"xpath","value":"//button[@data-kt=\"addNewYardOverflowToolbarButton\"]"}
RESULT: {"using":"xpath","value":"//button[@data-kt=\"addNewYardOverflowToolbarButton\"]"}
COMMAND: POST /session/296c3ef822005440bb291597a564fd04/elements - {"using":"xpath","value":"//button[@data-kt=\"addNewYardOverflowToolbarButton\"]"}
RESULT: {"using":"xpath","value":"//button[@data-kt=\"addNewYardOverflowToolbarButton\"]"}
COMMAND: POST /session/296c3ef822005440bb291597a564fd04/elements - {"using":"xpath","value":"//button[@data-kt=\"addNewYardOverflowToolbarButton\"]"}
RESULT: {"using":"xpath","value":"//button[@data-kt=\"addNewYardOverflowToolbarButton\"]"}
COMMAND: POST /session/296c3ef822005440bb291597a564fd04/elements - {"using":"xpath","value":"//button[@data-kt=\"addNewYardOverflowToolbarButton\"]"}
RESULT: {"using":"xpath","value":"//button[@data-kt=\"addNewYardOverflowToolbarButton\"]"}
COMMAND: POST /session/296c3ef822005440bb291597a564fd04/elements - {"using":"xpath","value":"//button[@data-kt=\"addNewYardOverflowToolbarButton\"]"}
RESULT: {"using":"xpath","value":"//button[@data-kt=\"addNewYardOverflowToolbarButton\"]"}
COMMAND: POST /session/296c3ef822005440bb291597a564fd04/elements - {"using":"xpath","value":"//button[@data-kt=\"addNewYardOverflowToolbarButton\"]"}
RESULT: {"using":"xpath","value":"//button[@data-kt=\"addNewYardOverflowToolbarButton\"]"}
COMMAND: POST /session/296c3ef822005440bb291597a564fd04/elements - {"using":"xpath","value":"//button[@data-kt=\"addNewYardOverflowToolbarButton\"]"}
RESULT: {"using":"xpath","value":"//button[@data-kt=\"addNewYardOverflowToolbarButton\"]"}
COMMAND: POST /session/296c3ef822005440bb291597a564fd04/elements - {"using":"xpath","value":"//button[@data-kt=\"addNewYardOverflowToolbarButton\"]"}
RESULT: {"using":"xpath","value":"//button[@data-kt=\"addNewYardOverflowToolbarButton\"]"}
COMMAND: POST /session/296c3ef822005440bb291597a564fd04/elements - {"using":"xpath","value":"//button[@data-kt=\"addNewYardOverflowToolbarButton\"]"}
RESULT: {"using":"xpath","value":"//button[@data-kt=\"addNewYardOverflowToolbarButton\"]"}
COMMAND: POST /session/296c3ef822005440bb291597a564fd04/elements - {"using":"xpath","value":"//button[@data-kt=\"addNewYardOverflowToolbarButton\"]"}
RESULT: {"using":"xpath","value":"//button[@data-kt=\"addNewYardOverflowToolbarButton\"]"}
COMMAND: POST /session/296c3ef822005440bb291597a564fd04/elements - {"using":"xpath","value":"//button[@data-kt=\"addNewYardOverflowToolbarButton\"]"}
RESULT: {"using":"xpath","value":"//button[@data-kt=\"addNewYardOverflowToolbarButton\"]"}
COMMAND: POST /session/296c3ef822005440bb291597a564fd04/elements - {"using":"xpath","value":"//button[@data-kt=\"addNewYardOverflowToolbarButton\"]"}
RESULT: {"using":"xpath","value":"//button[@data-kt=\"addNewYardOverflowToolbarButton\"]"}
COMMAND: POST /session/296c3ef822005440bb291597a564fd04/elements - {"using":"xpath","value":"//button[@data-kt=\"addNewYardOverflowToolbarButton\"]"}
RESULT: {"using":"xpath","value":"//button[@data-kt=\"addNewYardOverflowToolbarButton\"]"}
COMMAND: POST /session/296c3ef822005440bb291597a564fd04/elements - {"using":"xpath","value":"//button[@data-kt=\"addNewYardOverflowToolbarButton\"]"}
RESULT: {"using":"xpath","value":"//button[@data-kt=\"addNewYardOverflowToolbarButton\"]"}
COMMAND: POST /session/296c3ef822005440bb291597a564fd04/elements - {"using":"xpath","value":"//button[@data-kt=\"addNewYardOverflowToolbarButton\"]"}
RESULT: {"using":"xpath","value":"//button[@data-kt=\"addNewYardOverflowToolbarButton\"]"}
COMMAND: POST /session/296c3ef822005440bb291597a564fd04/elements - {"using":"xpath","value":"//button[@data-kt=\"addNewYardOverflowToolbarButton\"]"}
RESULT: {"using":"xpath","value":"//button[@data-kt=\"addNewYardOverflowToolbarButton\"]"}
COMMAND: POST /session/296c3ef822005440bb291597a564fd04/elements - {"using":"xpath","value":"//button[@data-kt=\"addNewYardOverflowToolbarButton\"]"}
RESULT: {"using":"xpath","value":"//button[@data-kt=\"addNewYardOverflowToolbarButton\"]"}
COMMAND: POST /session/296c3ef822005440bb291597a564fd04/elements - {"using":"xpath","value":"//button[@data-kt=\"addNewYardOverflowToolbarButton\"]"}
RESULT: {"using":"xpath","value":"//button[@data-kt=\"addNewYardOverflowToolbarButton\"]"}
COMMAND: POST /session/296c3ef822005440bb291597a564fd04/elements - {"using":"xpath","value":"//button[@data-kt=\"addNewYardOverflowToolbarButton\"]"}
RESULT: {"using":"xpath","value":"//button[@data-kt=\"addNewYardOverflowToolbarButton\"]"}
COMMAND: POST /session/296c3ef822005440bb291597a564fd04/elements - {"using":"xpath","value":"//button[@data-kt=\"addNewYardOverflowToolbarButton\"]"}
RESULT: {"using":"xpath","value":"//button[@data-kt=\"addNewYardOverflowToolbarButton\"]"}
COMMAND: POST /session/296c3ef822005440bb291597a564fd04/elements - {"using":"xpath","value":"//button[@data-kt=\"addNewYardOverflowToolbarButton\"]"}
RESULT: {"using":"xpath","value":"//button[@data-kt=\"addNewYardOverflowToolbarButton\"]"}
COMMAND: POST /session/296c3ef822005440bb291597a564fd04/element - {"using":"xpath","value":"//button[@data-kt=\"addNewYardOverflowToolbarButton\"]"}
RESULT: {"using":"xpath","value":"//button[@data-kt=\"addNewYardOverflowToolbarButton\"]"}
COMMAND: POST /session/296c3ef822005440bb291597a564fd04/execute/sync - {"script":"<script> [8489 bytes]","args":[{"element-6066-11e4-a52e-4f735466cecf":"f.A5EAE1E31C780A7B6C1CBBD175F5DD1B.d.8517C267BC13C7A3ABB57C11F3E68CFD.e.297","ELEMENT":"f.A5EAE1E31C780A7B6C1CBBD175F5DD1B.d.8517C267BC13C7A3ABB57C11F3E68CFD.e.297"}]}
RESULT: {"script":"<script> [8489 bytes]","args":[{"element-6066-11e4-a52e-4f735466cecf":"f.A5EAE1E31C780A7B6C1CBBD175F5DD1B.d.8517C267BC13C7A3ABB57C11F3E68CFD.e.297","ELEMENT":"f.A5EAE1E31C780A7B6C1CBBD175F5DD1B.d.8517C267BC13C7A3ABB57C11F3E68CFD.e.297"}]}
COMMAND: GET /session/296c3ef822005440bb291597a564fd04/element/f.A5EAE1E31C780A7B6C1CBBD175F5DD1B.d.8517C267BC13C7A3ABB57C11F3E68CFD.e.297/enabled - {}
COMMAND: GET /session/296c3ef822005440bb291597a564fd04/screenshot - {}
RESULT: {}
COMMAND: POST /session/296c3ef822005440bb291597a564fd04/execute/sync - {"script":"<script> [8489 bytes]","args":[{"element-6066-11e4-a52e-4f735466cecf":"f.A5EAE1E31C780A7B6C1CBBD175F5DD1B.d.8517C267BC13C7A3ABB57C11F3E68CFD.e.297","ELEMENT":"f.A5EAE1E31C780A7B6C1CBBD175F5DD1B.d.8517C267BC13C7A3ABB57C11F3E68CFD.e.297"}]}
COMMAND: GET /session/296c3ef822005440bb291597a564fd04/screenshot - {}
RESULT: {}
RESULT: {"script":"<script> [8489 bytes]","args":[{"element-6066-11e4-a52e-4f735466cecf":"f.A5EAE1E31C780A7B6C1CBBD175F5DD1B.d.8517C267BC13C7A3ABB57C11F3E68CFD.e.297","ELEMENT":"f.A5EAE1E31C780A7B6C1CBBD175F5DD1B.d.8517C267BC13C7A3ABB57C11F3E68CFD.e.297"}]}
COMMAND: POST /session/296c3ef822005440bb291597a564fd04/execute/sync - {"script":"<script> [5351 bytes]","args":[{"element-6066-11e4-a52e-4f735466cecf":"f.A5EAE1E31C780A7B6C1CBBD175F5DD1B.d.8517C267BC13C7A3ABB57C11F3E68CFD.e.297","ELEMENT":"f.A5EAE1E31C780A7B6C1CBBD175F5DD1B.d.8517C267BC13C7A3ABB57C11F3E68CFD.e.297"}]}
COMMAND: GET /session/296c3ef822005440bb291597a564fd04/screenshot - {}
RESULT: {}
RESULT: {"script":"<script> [5351 bytes]","args":[{"element-6066-11e4-a52e-4f735466cecf":"f.A5EAE1E31C780A7B6C1CBBD175F5DD1B.d.8517C267BC13C7A3ABB57C11F3E68CFD.e.297","ELEMENT":"f.A5EAE1E31C780A7B6C1CBBD175F5DD1B.d.8517C267BC13C7A3ABB57C11F3E68CFD.e.297"}]}
COMMAND: POST /session/296c3ef822005440bb291597a564fd04/element/f.A5EAE1E31C780A7B6C1CBBD175F5DD1B.d.8517C267BC13C7A3ABB57C11F3E68CFD.e.297/click - {}
COMMAND: GET /session/296c3ef822005440bb291597a564fd04/screenshot - {}
RESULT: {}
RESULT: {}
COMMAND: GET /session/296c3ef822005440bb291597a564fd04/screenshot - {}
RESULT: {}
RESULT: {}
COMMAND: POST /session/296c3ef822005440bb291597a564fd04/element - {"using":"xpath","value":"//input[@id=\"application-manageyards-display-component---NewYard--yardId-inner\"]"}
RESULT: {"using":"xpath","value":"//input[@id=\"application-manageyards-display-component---NewYard--yardId-inner\"]"}
COMMAND: POST /session/296c3ef822005440bb291597a564fd04/element - {"using":"xpath","value":"//input[@id=\"application-manageyards-display-component---NewYard--yardId-inner\"]"}
RESULT: {"using":"xpath","value":"//input[@id=\"application-manageyards-display-component---NewYard--yardId-inner\"]"}
COMMAND: POST /session/296c3ef822005440bb291597a564fd04/execute/async - {"script":"<script> [1562 bytes]","args":[{"selector":{"id":"application-manageyards-display-component---NewYard--addressDetailDetailsName1","interaction":{"idSuffix":"inner"}},"wdio_ui5_key":"applicationmanageyards-display-component---NewYard--addressDetailDetailsName1"}]}
RESULT: {"script":"<script> [1562 bytes]","args":[{"selector":{"id":"application-manageyards-display-component---NewYard--addressDetailDetailsName1","interaction":{"idSuffix":"inner"}},"wdio_ui5_key":"applicationmanageyards-display-component---NewYard--addressDetailDetailsName1"}]}
RESULT: undefined
COMMAND: POST /session/296c3ef822005440bb291597a564fd04/execute/async - {"script":"<script> [776 bytes]","args":[{"enterText":"DailyPrice WDIO","selector":{"id":"application-manageyards-display-component---NewYard--addressDetailDetailsName1","interaction":{"idSuffix":"inner"}},"clearTextFirst":true,"interactionType":"ENTER_TEXT"}]}
RESULT: {"script":"<script> [776 bytes]","args":[{"enterText":"DailyPrice WDIO","selector":{"id":"application-manageyards-display-component---NewYard--addressDetailDetailsName1","interaction":{"idSuffix":"inner"}},"clearTextFirst":true,"interactionType":"ENTER_TEXT"}]}
COMMAND: POST /session/296c3ef822005440bb291597a564fd04/execute/async - {"script":"<script> [1562 bytes]","args":[{"selector":{"id":"application-manageyards-display-component---NewYard--addressDetailDetailsLanguage-arrow"},"wdio_ui5_key":"applicationmanageyards-display-component---NewYard--addressDetailDetailsLanguage-arrow"}]}
RESULT: {"script":"<script> [1562 bytes]","args":[{"selector":{"id":"application-manageyards-display-component---NewYard--addressDetailDetailsLanguage-arrow"},"wdio_ui5_key":"applicationmanageyards-display-component---NewYard--addressDetailDetailsLanguage-arrow"}]}
RESULT: undefined
COMMAND: POST /session/296c3ef822005440bb291597a564fd04/element - {"using":"xpath","value":"//*[@id=\"application-manageyards-display-component---NewYard--addressDetailDetailsLanguage-arrow\"]"}
RESULT: {"using":"xpath","value":"//*[@id=\"application-manageyards-display-component---NewYard--addressDetailDetailsLanguage-arrow\"]"}
COMMAND: POST /session/296c3ef822005440bb291597a564fd04/element/f.A5EAE1E31C780A7B6C1CBBD175F5DD1B.d.8517C267BC13C7A3ABB57C11F3E68CFD.e.728/click - {}
RESULT: {}
COMMAND: POST /session/296c3ef822005440bb291597a564fd04/element - {"using":"xpath","value":"//span[contains(text(), \"English\")]"}
COMMAND: GET /session/296c3ef822005440bb291597a564fd04/screenshot - {}
RESULT: {"using":"xpath","value":"//span[contains(text(), \"English\")]"}
COMMAND: POST /session/296c3ef822005440bb291597a564fd04/element/f.A5EAE1E31C780A7B6C1CBBD175F5DD1B.d.8517C267BC13C7A3ABB57C11F3E68CFD.e.729/click - {}
RESULT: {}
RESULT: {}
COMMAND: POST /session/296c3ef822005440bb291597a564fd04/execute/async - {"script":"<script> [1562 bytes]","args":[{"selector":{"id":"application-manageyards-display-component---NewYard--addressDetailDetailsCity1","interaction":{"idSuffix":"inner"}},"wdio_ui5_key":"applicationmanageyards-display-component---NewYard--addressDetailDetailsCity1"}]}
COMMAND: GET /session/296c3ef822005440bb291597a564fd04/screenshot - {}
RESULT: {"script":"<script> [1562 bytes]","args":[{"selector":{"id":"application-manageyards-display-component---NewYard--addressDetailDetailsCity1","interaction":{"idSuffix":"inner"}},"wdio_ui5_key":"applicationmanageyards-display-component---NewYard--addressDetailDetailsCity1"}]}
RESULT: undefined
COMMAND: POST /session/296c3ef822005440bb291597a564fd04/execute/async - {"script":"<script> [776 bytes]","args":[{"enterText":"Rosario","selector":{"id":"application-manageyards-display-component---NewYard--addressDetailDetailsCity1","interaction":{"idSuffix":"inner"}},"clearTextFirst":true,"interactionType":"ENTER_TEXT"}]}
RESULT: {}
RESULT: {"script":"<script> [776 bytes]","args":[{"enterText":"Rosario","selector":{"id":"application-manageyards-display-component---NewYard--addressDetailDetailsCity1","interaction":{"idSuffix":"inner"}},"clearTextFirst":true,"interactionType":"ENTER_TEXT"}]}
COMMAND: POST /session/296c3ef822005440bb291597a564fd04/execute/async - {"script":"<script> [1562 bytes]","args":[{"selector":{"id":"application-manageyards-display-component---NewYard--addressDetailDetailsCountry-arrow"},"wdio_ui5_key":"applicationmanageyards-display-component---NewYard--addressDetailDetailsCountry-arrow"}]}
RESULT: {"script":"<script> [1562 bytes]","args":[{"selector":{"id":"application-manageyards-display-component---NewYard--addressDetailDetailsCountry-arrow"},"wdio_ui5_key":"applicationmanageyards-display-component---NewYard--addressDetailDetailsCountry-arrow"}]}
RESULT: undefined
COMMAND: POST /session/296c3ef822005440bb291597a564fd04/element - {"using":"xpath","value":"//*[@id=\"application-manageyards-display-component---NewYard--addressDetailDetailsCountry-arrow\"]"}
RESULT: {"using":"xpath","value":"//*[@id=\"application-manageyards-display-component---NewYard--addressDetailDetailsCountry-arrow\"]"}
COMMAND: POST /session/296c3ef822005440bb291597a564fd04/element/f.A5EAE1E31C780A7B6C1CBBD175F5DD1B.d.8517C267BC13C7A3ABB57C11F3E68CFD.e.731/click - {}
RESULT: {}
COMMAND: POST /session/296c3ef822005440bb291597a564fd04/element - {"using":"xpath","value":"//span[contains(text(), \"Argentina\")]"}
COMMAND: GET /session/296c3ef822005440bb291597a564fd04/screenshot - {}
RESULT: {"using":"xpath","value":"//span[contains(text(), \"Argentina\")]"}
COMMAND: POST /session/296c3ef822005440bb291597a564fd04/element/f.A5EAE1E31C780A7B6C1CBBD175F5DD1B.d.8517C267BC13C7A3ABB57C11F3E68CFD.e.732/click - {}
RESULT: {}
RESULT: {}
COMMAND: POST /session/296c3ef822005440bb291597a564fd04/execute/async - {"script":"<script> [1562 bytes]","args":[{"selector":{"id":"application-manageyards-display-component---NewYard--addressEditDetailsCostObjectCstType-arrow"},"wdio_ui5_key":"applicationmanageyards-display-component---NewYard--addressEditDetailsCostObjectCstType-arrow"}]}
COMMAND: GET /session/296c3ef822005440bb291597a564fd04/screenshot - {}
RESULT: {"script":"<script> [1562 bytes]","args":[{"selector":{"id":"application-manageyards-display-component---NewYard--addressEditDetailsCostObjectCstType-arrow"},"wdio_ui5_key":"applicationmanageyards-display-component---NewYard--addressEditDetailsCostObjectCstType-arrow"}]}
RESULT: undefined
COMMAND: POST /session/296c3ef822005440bb291597a564fd04/element - {"using":"xpath","value":"//*[@id=\"application-manageyards-display-component---NewYard--addressEditDetailsCostObjectCstType-arrow\"]"}
RESULT: {}
RESULT: {"using":"xpath","value":"//*[@id=\"application-manageyards-display-component---NewYard--addressEditDetailsCostObjectCstType-arrow\"]"}
COMMAND: POST /session/296c3ef822005440bb291597a564fd04/element/f.A5EAE1E31C780A7B6C1CBBD175F5DD1B.d.8517C267BC13C7A3ABB57C11F3E68CFD.e.734/click - {}
RESULT: {}
COMMAND: POST /session/296c3ef822005440bb291597a564fd04/element - {"using":"xpath","value":"//span[contains(text(), \"Cost Center\")]"}
COMMAND: GET /session/296c3ef822005440bb291597a564fd04/screenshot - {}
RESULT: {"using":"xpath","value":"//span[contains(text(), \"Cost Center\")]"}
COMMAND: POST /session/296c3ef822005440bb291597a564fd04/element/f.A5EAE1E31C780A7B6C1CBBD175F5DD1B.d.8517C267BC13C7A3ABB57C11F3E68CFD.e.735/click - {}
RESULT: {}
RESULT: {}
COMMAND: GET /session/296c3ef822005440bb291597a564fd04/screenshot - {}
RESULT: {}
COMMAND: POST /session/296c3ef822005440bb291597a564fd04/element - {"using":"xpath","value":"//span[@id=\"application-manageyards-display-component---NewYard--addressNewCostObjectCstID-vhi\"]"}
RESULT: {"using":"xpath","value":"//span[@id=\"application-manageyards-display-component---NewYard--addressNewCostObjectCstID-vhi\"]"}
COMMAND: POST /session/296c3ef822005440bb291597a564fd04/execute/sync - {"script":"<script> [8489 bytes]","args":[{"element-6066-11e4-a52e-4f735466cecf":"f.A5EAE1E31C780A7B6C1CBBD175F5DD1B.d.8517C267BC13C7A3ABB57C11F3E68CFD.e.739","ELEMENT":"f.A5EAE1E31C780A7B6C1CBBD175F5DD1B.d.8517C267BC13C7A3ABB57C11F3E68CFD.e.739"}]}
RESULT: {"script":"<script> [8489 bytes]","args":[{"element-6066-11e4-a52e-4f735466cecf":"f.A5EAE1E31C780A7B6C1CBBD175F5DD1B.d.8517C267BC13C7A3ABB57C11F3E68CFD.e.739","ELEMENT":"f.A5EAE1E31C780A7B6C1CBBD175F5DD1B.d.8517C267BC13C7A3ABB57C11F3E68CFD.e.739"}]}
COMMAND: POST /session/296c3ef822005440bb291597a564fd04/execute/async - {"script":"<script> [1562 bytes]","args":[{"selector":{"id":"application-manageyards-display-component---NewYard--addressNewCostObjectCstID-vhi"},"wdio_ui5_key":"applicationmanageyards-display-component---NewYard--addressNewCostObjectCstID-vhi"}]}
COMMAND: GET /session/296c3ef822005440bb291597a564fd04/screenshot - {}
RESULT: {"script":"<script> [1562 bytes]","args":[{"selector":{"id":"application-manageyards-display-component---NewYard--addressNewCostObjectCstID-vhi"},"wdio_ui5_key":"applicationmanageyards-display-component---NewYard--addressNewCostObjectCstID-vhi"}]}
RESULT: undefined
COMMAND: POST /session/296c3ef822005440bb291597a564fd04/element - {"using":"xpath","value":"//*[@id=\"application-manageyards-display-component---NewYard--addressNewCostObjectCstID-vhi\"]"}
RESULT: {}
RESULT: {"using":"xpath","value":"//*[@id=\"application-manageyards-display-component---NewYard--addressNewCostObjectCstID-vhi\"]"}
COMMAND: POST /session/296c3ef822005440bb291597a564fd04/element/f.A5EAE1E31C780A7B6C1CBBD175F5DD1B.d.8517C267BC13C7A3ABB57C11F3E68CFD.e.739/click - {}
RESULT: {}
COMMAND: GET /session/296c3ef822005440bb291597a564fd04/screenshot - {}
RESULT: {}
COMMAND: POST /session/296c3ef822005440bb291597a564fd04/execute/async - {"script":"<script> [1562 bytes]","args":[{"selector":{"controlType":"sap.m.SearchField","properties":{"placeholder":"Search"},"searchOpenDialogs":true,"interaction":{"idSuffix":"I"}},"wdio_ui5_key":"sapm.SearchField{\"placeholder\":\"Search\"}"}]}
RESULT: {"script":"<script> [1562 bytes]","args":[{"selector":{"controlType":"sap.m.SearchField","properties":{"placeholder":"Search"},"searchOpenDialogs":true,"interaction":{"idSuffix":"I"}},"wdio_ui5_key":"sapm.SearchField{\"placeholder\":\"Search\"}"}]}
RESULT: undefined
COMMAND: POST /session/296c3ef822005440bb291597a564fd04/execute/async - {"script":"<script> [776 bytes]","args":[{"enterText":"10001013","selector":{"controlType":"sap.m.SearchField","properties":{"placeholder":"Search"},"searchOpenDialogs":true,"interaction":{"idSuffix":"I"}},"clearTextFirst":true,"interactionType":"ENTER_TEXT"}]}
RESULT: {"script":"<script> [776 bytes]","args":[{"enterText":"10001013","selector":{"controlType":"sap.m.SearchField","properties":{"placeholder":"Search"},"searchOpenDialogs":true,"interaction":{"idSuffix":"I"}},"clearTextFirst":true,"interactionType":"ENTER_TEXT"}]}
COMMAND: POST /session/296c3ef822005440bb291597a564fd04/actions - {"actions":[{"id":"action1","type":"key","parameters":{},"actions":[{"type":"keyDown","value":"î€‡"},{"type":"pause","duration":10},{"type":"keyUp","value":"î€‡"}]}]}
RESULT: {"actions":[{"id":"action1","type":"key","parameters":{},"actions":[{"type":"keyDown","value":"î€‡"},{"type":"pause","duration":10},{"type":"keyUp","value":"î€‡"}]}]}
COMMAND: GET /session/296c3ef822005440bb291597a564fd04/screenshot - {}
RESULT: {}
COMMAND: POST /session/296c3ef822005440bb291597a564fd04/element - {"using":"xpath","value":"//span[contains(text(), \"General Management\")]"}
RESULT: {"using":"xpath","value":"//span[contains(text(), \"General Management\")]"}
COMMAND: POST /session/296c3ef822005440bb291597a564fd04/element/f.A5EAE1E31C780A7B6C1CBBD175F5DD1B.d.8517C267BC13C7A3ABB57C11F3E68CFD.e.779/click - {}
RESULT: {}
COMMAND: GET /session/296c3ef822005440bb291597a564fd04/screenshot - {}
RESULT: {}
COMMAND: POST /session/296c3ef822005440bb291597a564fd04/element - {"using":"xpath","value":"//bdi[contains(text(), \"OK\")]"}
RESULT: {"using":"xpath","value":"//bdi[contains(text(), \"OK\")]"}
COMMAND: POST /session/296c3ef822005440bb291597a564fd04/element/f.A5EAE1E31C780A7B6C1CBBD175F5DD1B.d.8517C267BC13C7A3ABB57C11F3E68CFD.e.780/click - {}
RESULT: {}
COMMAND: GET /session/296c3ef822005440bb291597a564fd04/screenshot - {}
RESULT: {}
COMMAND: POST /session/296c3ef822005440bb291597a564fd04/execute/async - {"script":"<script> [1562 bytes]","args":[{"selector":{"id":"application-manageyards-display-component---NewYard--addressEditDetailsCurrency-arrow"},"wdio_ui5_key":"applicationmanageyards-display-component---NewYard--addressEditDetailsCurrency-arrow"}]}
RESULT: {"script":"<script> [1562 bytes]","args":[{"selector":{"id":"application-manageyards-display-component---NewYard--addressEditDetailsCurrency-arrow"},"wdio_ui5_key":"applicationmanageyards-display-component---NewYard--addressEditDetailsCurrency-arrow"}]}
RESULT: undefined
COMMAND: POST /session/296c3ef822005440bb291597a564fd04/element - {"using":"xpath","value":"//*[@id=\"application-manageyards-display-component---NewYard--addressEditDetailsCurrency-arrow\"]"}
RESULT: {"using":"xpath","value":"//*[@id=\"application-manageyards-display-component---NewYard--addressEditDetailsCurrency-arrow\"]"}
COMMAND: POST /session/296c3ef822005440bb291597a564fd04/element/f.A5EAE1E31C780A7B6C1CBBD175F5DD1B.d.8517C267BC13C7A3ABB57C11F3E68CFD.e.783/click - {}
RESULT: {}
COMMAND: POST /session/296c3ef822005440bb291597a564fd04/element - {"using":"xpath","value":"//span[contains(text(), \"Euro\")]"}
COMMAND: GET /session/296c3ef822005440bb291597a564fd04/screenshot - {}
RESULT: {"using":"xpath","value":"//span[contains(text(), \"Euro\")]"}
COMMAND: POST /session/296c3ef822005440bb291597a564fd04/element/f.A5EAE1E31C780A7B6C1CBBD175F5DD1B.d.8517C267BC13C7A3ABB57C11F3E68CFD.e.784/click - {}
RESULT: {}
RESULT: {}
COMMAND: POST /session/296c3ef822005440bb291597a564fd04/execute/async - {"script":"<script> [1562 bytes]","args":[{"selector":{"controlType":"sap.m.Input","viewName":"etm.portal.ui.manageyards.view.New","viewId":"application-manageyards-display-component---NewYard","bindingPath":{"path":"","propertyPath":"/CONTROLLING_AREA","modelName":"NewYardModel"},"interaction":{"idSuffix":"inner"}},"wdio_ui5_key":"etmportal.ui.manageyards.view.Newsap.m.Input{\"path\":\"\",\"propertyPath\":\"/CONTROLLING_AREA\",\"modelName\":\"NewYardModel\"}"}]}
COMMAND: GET /session/296c3ef822005440bb291597a564fd04/screenshot - {}
RESULT: {"script":"<script> [1562 bytes]","args":[{"selector":{"controlType":"sap.m.Input","viewName":"etm.portal.ui.manageyards.view.New","viewId":"application-manageyards-display-component---NewYard","bindingPath":{"path":"","propertyPath":"/CONTROLLING_AREA","modelName":"NewYardModel"},"interaction":{"idSuffix":"inner"}},"wdio_ui5_key":"etmportal.ui.manageyards.view.Newsap.m.Input{\"path\":\"\",\"propertyPath\":\"/CONTROLLING_AREA\",\"modelName\":\"NewYardModel\"}"}]}
RESULT: undefined
COMMAND: POST /session/296c3ef822005440bb291597a564fd04/execute/async - {"script":"<script> [776 bytes]","args":[{"enterText":"Z001","selector":{"controlType":"sap.m.Input","viewName":"etm.portal.ui.manageyards.view.New","viewId":"application-manageyards-display-component---NewYard","bindingPath":{"path":"","propertyPath":"/CONTROLLING_AREA","modelName":"NewYardModel"},"interaction":{"idSuffix":"inner"}},"clearTextFirst":true,"interactionType":"ENTER_TEXT"}]}
RESULT: {}
RESULT: {"script":"<script> [776 bytes]","args":[{"enterText":"Z001","selector":{"controlType":"sap.m.Input","viewName":"etm.portal.ui.manageyards.view.New","viewId":"application-manageyards-display-component---NewYard","bindingPath":{"path":"","propertyPath":"/CONTROLLING_AREA","modelName":"NewYardModel"},"interaction":{"idSuffix":"inner"}},"clearTextFirst":true,"interactionType":"ENTER_TEXT"}]}
COMMAND: POST /session/296c3ef822005440bb291597a564fd04/execute/async - {"script":"<script> [1562 bytes]","args":[{"selector":{"id":"application-manageyards-display-component---NewYard--companyCodeComboBox","interaction":{"idSuffix":"inner"}},"wdio_ui5_key":"applicationmanageyards-display-component---NewYard--companyCodeComboBox"}]}
RESULT: {"script":"<script> [1562 bytes]","args":[{"selector":{"id":"application-manageyards-display-component---NewYard--companyCodeComboBox","interaction":{"idSuffix":"inner"}},"wdio_ui5_key":"applicationmanageyards-display-component---NewYard--companyCodeComboBox"}]}
RESULT: undefined
COMMAND: POST /session/296c3ef822005440bb291597a564fd04/execute/async - {"script":"<script> [776 bytes]","args":[{"enterText":"1000","selector":{"id":"application-manageyards-display-component---NewYard--companyCodeComboBox","interaction":{"idSuffix":"inner"}},"clearTextFirst":true,"interactionType":"ENTER_TEXT"}]}
RESULT: {"script":"<script> [776 bytes]","args":[{"enterText":"1000","selector":{"id":"application-manageyards-display-component---NewYard--companyCodeComboBox","interaction":{"idSuffix":"inner"}},"clearTextFirst":true,"interactionType":"ENTER_TEXT"}]}
COMMAND: POST /session/296c3ef822005440bb291597a564fd04/execute/async - {"script":"<script> [1562 bytes]","args":[{"selector":{"controlType":"sap.m.Input","viewName":"etm.portal.ui.manageyards.view.New","viewId":"application-manageyards-display-component---NewYard","bindingPath":{"path":"","propertyPath":"/PLANT","modelName":"NewYardModel"},"interaction":{"idSuffix":"inner"}},"wdio_ui5_key":"etmportal.ui.manageyards.view.Newsap.m.Input{\"path\":\"\",\"propertyPath\":\"/PLANT\",\"modelName\":\"NewYardModel\"}"}]}
RESULT: {"script":"<script> [1562 bytes]","args":[{"selector":{"controlType":"sap.m.Input","viewName":"etm.portal.ui.manageyards.view.New","viewId":"application-manageyards-display-component---NewYard","bindingPath":{"path":"","propertyPath":"/PLANT","modelName":"NewYardModel"},"interaction":{"idSuffix":"inner"}},"wdio_ui5_key":"etmportal.ui.manageyards.view.Newsap.m.Input{\"path\":\"\",\"propertyPath\":\"/PLANT\",\"modelName\":\"NewYardModel\"}"}]}
RESULT: undefined
COMMAND: POST /session/296c3ef822005440bb291597a564fd04/execute/async - {"script":"<script> [776 bytes]","args":[{"enterText":"1001","selector":{"controlType":"sap.m.Input","viewName":"etm.portal.ui.manageyards.view.New","viewId":"application-manageyards-display-component---NewYard","bindingPath":{"path":"","propertyPath":"/PLANT","modelName":"NewYardModel"},"interaction":{"idSuffix":"inner"}},"clearTextFirst":true,"interactionType":"ENTER_TEXT"}]}
RESULT: {"script":"<script> [776 bytes]","args":[{"enterText":"1001","selector":{"controlType":"sap.m.Input","viewName":"etm.portal.ui.manageyards.view.New","viewId":"application-manageyards-display-component---NewYard","bindingPath":{"path":"","propertyPath":"/PLANT","modelName":"NewYardModel"},"interaction":{"idSuffix":"inner"}},"clearTextFirst":true,"interactionType":"ENTER_TEXT"}]}
COMMAND: POST /session/296c3ef822005440bb291597a564fd04/execute/async - {"script":"<script> [1562 bytes]","args":[{"selector":{"controlType":"sap.m.Input","viewName":"etm.portal.ui.manageyards.view.New","viewId":"application-manageyards-display-component---NewYard","bindingPath":{"path":"","propertyPath":"/SALES_AREA_VKORG","modelName":"NewYardModel"},"interaction":{"idSuffix":"inner"}},"wdio_ui5_key":"etmportal.ui.manageyards.view.Newsap.m.Input{\"path\":\"\",\"propertyPath\":\"/SALES_AREA_VKORG\",\"modelName\":\"NewYardModel\"}"}]}
RESULT: {"script":"<script> [1562 bytes]","args":[{"selector":{"controlType":"sap.m.Input","viewName":"etm.portal.ui.manageyards.view.New","viewId":"application-manageyards-display-component---NewYard","bindingPath":{"path":"","propertyPath":"/SALES_AREA_VKORG","modelName":"NewYardModel"},"interaction":{"idSuffix":"inner"}},"wdio_ui5_key":"etmportal.ui.manageyards.view.Newsap.m.Input{\"path\":\"\",\"propertyPath\":\"/SALES_AREA_VKORG\",\"modelName\":\"NewYardModel\"}"}]}
RESULT: undefined
COMMAND: POST /session/296c3ef822005440bb291597a564fd04/execute/async - {"script":"<script> [776 bytes]","args":[{"enterText":"C002","selector":{"controlType":"sap.m.Input","viewName":"etm.portal.ui.manageyards.view.New","viewId":"application-manageyards-display-component---NewYard","bindingPath":{"path":"","propertyPath":"/SALES_AREA_VKORG","modelName":"NewYardModel"},"interaction":{"idSuffix":"inner"}},"clearTextFirst":true,"interactionType":"ENTER_TEXT"}]}
RESULT: {"script":"<script> [776 bytes]","args":[{"enterText":"C002","selector":{"controlType":"sap.m.Input","viewName":"etm.portal.ui.manageyards.view.New","viewId":"application-manageyards-display-component---NewYard","bindingPath":{"path":"","propertyPath":"/SALES_AREA_VKORG","modelName":"NewYardModel"},"interaction":{"idSuffix":"inner"}},"clearTextFirst":true,"interactionType":"ENTER_TEXT"}]}
COMMAND: POST /session/296c3ef822005440bb291597a564fd04/execute/async - {"script":"<script> [1562 bytes]","args":[{"selector":{"controlType":"sap.m.Input","viewName":"etm.portal.ui.manageyards.view.New","viewId":"application-manageyards-display-component---NewYard","bindingPath":{"path":"","propertyPath":"/SALES_AREA_VTWEG","modelName":"NewYardModel"},"interaction":{"idSuffix":"inner"}},"wdio_ui5_key":"etmportal.ui.manageyards.view.Newsap.m.Input{\"path\":\"\",\"propertyPath\":\"/SALES_AREA_VTWEG\",\"modelName\":\"NewYardModel\"}"}]}
RESULT: {"script":"<script> [1562 bytes]","args":[{"selector":{"controlType":"sap.m.Input","viewName":"etm.portal.ui.manageyards.view.New","viewId":"application-manageyards-display-component---NewYard","bindingPath":{"path":"","propertyPath":"/SALES_AREA_VTWEG","modelName":"NewYardModel"},"interaction":{"idSuffix":"inner"}},"wdio_ui5_key":"etmportal.ui.manageyards.view.Newsap.m.Input{\"path\":\"\",\"propertyPath\":\"/SALES_AREA_VTWEG\",\"modelName\":\"NewYardModel\"}"}]}
RESULT: undefined
COMMAND: POST /session/296c3ef822005440bb291597a564fd04/execute/async - {"script":"<script> [776 bytes]","args":[{"enterText":"C2","selector":{"controlType":"sap.m.Input","viewName":"etm.portal.ui.manageyards.view.New","viewId":"application-manageyards-display-component---NewYard","bindingPath":{"path":"","propertyPath":"/SALES_AREA_VTWEG","modelName":"NewYardModel"},"interaction":{"idSuffix":"inner"}},"clearTextFirst":true,"interactionType":"ENTER_TEXT"}]}
RESULT: {"script":"<script> [776 bytes]","args":[{"enterText":"C2","selector":{"controlType":"sap.m.Input","viewName":"etm.portal.ui.manageyards.view.New","viewId":"application-manageyards-display-component---NewYard","bindingPath":{"path":"","propertyPath":"/SALES_AREA_VTWEG","modelName":"NewYardModel"},"interaction":{"idSuffix":"inner"}},"clearTextFirst":true,"interactionType":"ENTER_TEXT"}]}
COMMAND: POST /session/296c3ef822005440bb291597a564fd04/execute/async - {"script":"<script> [1562 bytes]","args":[{"selector":{"controlType":"sap.m.Input","viewName":"etm.portal.ui.manageyards.view.New","viewId":"application-manageyards-display-component---NewYard","bindingPath":{"path":"","propertyPath":"/SALES_AREA_SPART","modelName":"NewYardModel"},"interaction":{"idSuffix":"inner"}},"wdio_ui5_key":"etmportal.ui.manageyards.view.Newsap.m.Input{\"path\":\"\",\"propertyPath\":\"/SALES_AREA_SPART\",\"modelName\":\"NewYardModel\"}"}]}
RESULT: {"script":"<script> [1562 bytes]","args":[{"selector":{"controlType":"sap.m.Input","viewName":"etm.portal.ui.manageyards.view.New","viewId":"application-manageyards-display-component---NewYard","bindingPath":{"path":"","propertyPath":"/SALES_AREA_SPART","modelName":"NewYardModel"},"interaction":{"idSuffix":"inner"}},"wdio_ui5_key":"etmportal.ui.manageyards.view.Newsap.m.Input{\"path\":\"\",\"propertyPath\":\"/SALES_AREA_SPART\",\"modelName\":\"NewYardModel\"}"}]}
RESULT: undefined
COMMAND: POST /session/296c3ef822005440bb291597a564fd04/execute/async - {"script":"<script> [776 bytes]","args":[{"enterText":"C2","selector":{"controlType":"sap.m.Input","viewName":"etm.portal.ui.manageyards.view.New","viewId":"application-manageyards-display-component---NewYard","bindingPath":{"path":"","propertyPath":"/SALES_AREA_SPART","modelName":"NewYardModel"},"interaction":{"idSuffix":"inner"}},"clearTextFirst":true,"interactionType":"ENTER_TEXT"}]}
RESULT: {"script":"<script> [776 bytes]","args":[{"enterText":"C2","selector":{"controlType":"sap.m.Input","viewName":"etm.portal.ui.manageyards.view.New","viewId":"application-manageyards-display-component---NewYard","bindingPath":{"path":"","propertyPath":"/SALES_AREA_SPART","modelName":"NewYardModel"},"interaction":{"idSuffix":"inner"}},"clearTextFirst":true,"interactionType":"ENTER_TEXT"}]}
COMMAND: POST /session/296c3ef822005440bb291597a564fd04/execute/async - {"script":"<script> [1562 bytes]","args":[{"selector":{"controlType":"sap.m.Input","viewName":"etm.portal.ui.manageyards.view.New","viewId":"application-manageyards-display-component---NewYard","bindingPath":{"path":"","propertyPath":"/SHIP_POINT","modelName":"NewYardModel"},"interaction":{"idSuffix":"inner"}},"wdio_ui5_key":"etmportal.ui.manageyards.view.Newsap.m.Input{\"path\":\"\",\"propertyPath\":\"/SHIP_POINT\",\"modelName\":\"NewYardModel\"}"}]}
RESULT: {"script":"<script> [1562 bytes]","args":[{"selector":{"controlType":"sap.m.Input","viewName":"etm.portal.ui.manageyards.view.New","viewId":"application-manageyards-display-component---NewYard","bindingPath":{"path":"","propertyPath":"/SHIP_POINT","modelName":"NewYardModel"},"interaction":{"idSuffix":"inner"}},"wdio_ui5_key":"etmportal.ui.manageyards.view.Newsap.m.Input{\"path\":\"\",\"propertyPath\":\"/SHIP_POINT\",\"modelName\":\"NewYardModel\"}"}]}
RESULT: undefined
COMMAND: POST /session/296c3ef822005440bb291597a564fd04/execute/async - {"script":"<script> [776 bytes]","args":[{"enterText":"1710","selector":{"controlType":"sap.m.Input","viewName":"etm.portal.ui.manageyards.view.New","viewId":"application-manageyards-display-component---NewYard","bindingPath":{"path":"","propertyPath":"/SHIP_POINT","modelName":"NewYardModel"},"interaction":{"idSuffix":"inner"}},"clearTextFirst":true,"interactionType":"ENTER_TEXT"}]}
RESULT: {"script":"<script> [776 bytes]","args":[{"enterText":"1710","selector":{"controlType":"sap.m.Input","viewName":"etm.portal.ui.manageyards.view.New","viewId":"application-manageyards-display-component---NewYard","bindingPath":{"path":"","propertyPath":"/SHIP_POINT","modelName":"NewYardModel"},"interaction":{"idSuffix":"inner"}},"clearTextFirst":true,"interactionType":"ENTER_TEXT"}]}
COMMAND: POST /session/296c3ef822005440bb291597a564fd04/execute/async - {"script":"<script> [1562 bytes]","args":[{"selector":{"controlType":"sap.m.Input","viewName":"etm.portal.ui.manageyards.view.New","viewId":"application-manageyards-display-component---NewYard","bindingPath":{"path":"","propertyPath":"/DELIVERY_TYPE","modelName":"NewYardModel"},"interaction":{"idSuffix":"inner"}},"wdio_ui5_key":"etmportal.ui.manageyards.view.Newsap.m.Input{\"path\":\"\",\"propertyPath\":\"/DELIVERY_TYPE\",\"modelName\":\"NewYardModel\"}"}]}
RESULT: {"script":"<script> [1562 bytes]","args":[{"selector":{"controlType":"sap.m.Input","viewName":"etm.portal.ui.manageyards.view.New","viewId":"application-manageyards-display-component---NewYard","bindingPath":{"path":"","propertyPath":"/DELIVERY_TYPE","modelName":"NewYardModel"},"interaction":{"idSuffix":"inner"}},"wdio_ui5_key":"etmportal.ui.manageyards.view.Newsap.m.Input{\"path\":\"\",\"propertyPath\":\"/DELIVERY_TYPE\",\"modelName\":\"NewYardModel\"}"}]}
RESULT: undefined
COMMAND: POST /session/296c3ef822005440bb291597a564fd04/execute/async - {"script":"<script> [776 bytes]","args":[{"enterText":"ZL01","selector":{"controlType":"sap.m.Input","viewName":"etm.portal.ui.manageyards.view.New","viewId":"application-manageyards-display-component---NewYard","bindingPath":{"path":"","propertyPath":"/DELIVERY_TYPE","modelName":"NewYardModel"},"interaction":{"idSuffix":"inner"}},"clearTextFirst":true,"interactionType":"ENTER_TEXT"}]}
RESULT: {"script":"<script> [776 bytes]","args":[{"enterText":"ZL01","selector":{"controlType":"sap.m.Input","viewName":"etm.portal.ui.manageyards.view.New","viewId":"application-manageyards-display-component---NewYard","bindingPath":{"path":"","propertyPath":"/DELIVERY_TYPE","modelName":"NewYardModel"},"interaction":{"idSuffix":"inner"}},"clearTextFirst":true,"interactionType":"ENTER_TEXT"}]}
COMMAND: POST /session/296c3ef822005440bb291597a564fd04/execute/async - {"script":"<script> [1562 bytes]","args":[{"selector":{"controlType":"sap.m.Input","viewName":"etm.portal.ui.manageyards.view.New","viewId":"application-manageyards-display-component---NewYard","bindingPath":{"path":"","propertyPath":"/AUART","modelName":"NewYardModel"},"interaction":{"idSuffix":"inner"}},"wdio_ui5_key":"etmportal.ui.manageyards.view.Newsap.m.Input{\"path\":\"\",\"propertyPath\":\"/AUART\",\"modelName\":\"NewYardModel\"}"}]}
RESULT: {"script":"<script> [1562 bytes]","args":[{"selector":{"controlType":"sap.m.Input","viewName":"etm.portal.ui.manageyards.view.New","viewId":"application-manageyards-display-component---NewYard","bindingPath":{"path":"","propertyPath":"/AUART","modelName":"NewYardModel"},"interaction":{"idSuffix":"inner"}},"wdio_ui5_key":"etmportal.ui.manageyards.view.Newsap.m.Input{\"path\":\"\",\"propertyPath\":\"/AUART\",\"modelName\":\"NewYardModel\"}"}]}
RESULT: undefined
COMMAND: POST /session/296c3ef822005440bb291597a564fd04/execute/async - {"script":"<script> [776 bytes]","args":[{"enterText":"TA","selector":{"controlType":"sap.m.Input","viewName":"etm.portal.ui.manageyards.view.New","viewId":"application-manageyards-display-component---NewYard","bindingPath":{"path":"","propertyPath":"/AUART","modelName":"NewYardModel"},"interaction":{"idSuffix":"inner"}},"clearTextFirst":true,"interactionType":"ENTER_TEXT"}]}
RESULT: {"script":"<script> [776 bytes]","args":[{"enterText":"TA","selector":{"controlType":"sap.m.Input","viewName":"etm.portal.ui.manageyards.view.New","viewId":"application-manageyards-display-component---NewYard","bindingPath":{"path":"","propertyPath":"/AUART","modelName":"NewYardModel"},"interaction":{"idSuffix":"inner"}},"clearTextFirst":true,"interactionType":"ENTER_TEXT"}]}
COMMAND: POST /session/296c3ef822005440bb291597a564fd04/element - {"using":"xpath","value":"//button[@data-kt=\"newYardSaveButton\"]"}
RESULT: {"using":"xpath","value":"//button[@data-kt=\"newYardSaveButton\"]"}
COMMAND: POST /session/296c3ef822005440bb291597a564fd04/element/f.A5EAE1E31C780A7B6C1CBBD175F5DD1B.d.8517C267BC13C7A3ABB57C11F3E68CFD.e.713/click - {}
RESULT: {}
COMMAND: GET /session/296c3ef822005440bb291597a564fd04/screenshot - {}
RESULT: {}
COMMAND: POST /session/296c3ef822005440bb291597a564fd04/element - {"using":"xpath","value":"//header[contains(@id, 'ObjectPageLayout-headerTitle')]/div[1]/div[2]/div[1]/span[1]"}
RESULT: {"using":"xpath","value":"//header[contains(@id, 'ObjectPageLayout-headerTitle')]/div[1]/div[2]/div[1]/span[1]"}
COMMAND: POST /session/296c3ef822005440bb291597a564fd04/elements - {"using":"xpath","value":"//header[contains(@id, 'ObjectPageLayout-headerTitle')]/div[1]/div[2]/div[1]/span[1]"}
RESULT: {"using":"xpath","value":"//header[contains(@id, 'ObjectPageLayout-headerTitle')]/div[1]/div[2]/div[1]/span[1]"}
COMMAND: POST /session/296c3ef822005440bb291597a564fd04/execute/sync - {"script":"<script> [56 bytes]","args":[{"element-6066-11e4-a52e-4f735466cecf":"f.A5EAE1E31C780A7B6C1CBBD175F5DD1B.d.8517C267BC13C7A3ABB57C11F3E68CFD.e.1008","ELEMENT":"f.A5EAE1E31C780A7B6C1CBBD175F5DD1B.d.8517C267BC13C7A3ABB57C11F3E68CFD.e.1008"}]}
RESULT: {"script":"<script> [56 bytes]","args":[{"element-6066-11e4-a52e-4f735466cecf":"f.A5EAE1E31C780A7B6C1CBBD175F5DD1B.d.8517C267BC13C7A3ABB57C11F3E68CFD.e.1008","ELEMENT":"f.A5EAE1E31C780A7B6C1CBBD175F5DD1B.d.8517C267BC13C7A3ABB57C11F3E68CFD.e.1008"}]}
COMMAND: GET /session/296c3ef822005440bb291597a564fd04/screenshot - {}
RESULT: {}
COMMAND: POST /session/296c3ef822005440bb291597a564fd04/element - {"using":"css selector","value":"#shell-header-logo"}
RESULT: {"using":"css selector","value":"#shell-header-logo"}
COMMAND: POST /session/296c3ef822005440bb291597a564fd04/element/f.A5EAE1E31C780A7B6C1CBBD175F5DD1B.d.8517C267BC13C7A3ABB57C11F3E68CFD.e.266/click - {}
RESULT: {}
COMMAND: GET /session/296c3ef822005440bb291597a564fd04/screenshot - {}
RESULT: {}
COMMAND: POST /session/296c3ef822005440bb291597a564fd04/execute/sync - {"script":"<script> [299 bytes]","args":[["getModel","getResource"]]}
RESULT: {"script":"<script> [299 bytes]","args":[["getModel","getResource"]]}
]]></system-out>
    </testcase>
    <testcase classname="chrome.135_0_7049_96.windows.Create_condition_pricing_US117289_US134625" name="Should create a new equipment used for all following tests" time="127.376">
      <system-out><![CDATA[
COMMAND: GET /session/296c3ef822005440bb291597a564fd04/screenshot - {}
COMMAND: POST /session/296c3ef822005440bb291597a564fd04/execute/async - {"script":"<script> [1562 bytes]","args":[{"selector":{"controlType":"sap.m.GenericTile","properties":{"header":"Manage Resources"}},"wdio_ui5_key":"sapm.GenericTile{\"header\":\"Manage Resources\"}"}]}
RESULT: {"script":"<script> [1562 bytes]","args":[{"selector":{"controlType":"sap.m.GenericTile","properties":{"header":"Manage Resources"}},"wdio_ui5_key":"sapm.GenericTile{\"header\":\"Manage Resources\"}"}]}
RESULT: undefined
COMMAND: POST /session/296c3ef822005440bb291597a564fd04/element - {"using":"xpath","value":"//*[@id=\"__tile39\"]"}
RESULT: {}
RESULT: {"using":"xpath","value":"//*[@id=\"__tile39\"]"}
COMMAND: POST /session/296c3ef822005440bb291597a564fd04/element/f.A5EAE1E31C780A7B6C1CBBD175F5DD1B.d.8517C267BC13C7A3ABB57C11F3E68CFD.e.156/click - {}
RESULT: {}
COMMAND: POST /session/296c3ef822005440bb291597a564fd04/element - {"using":"xpath","value":"//button[@data-kt=\"addNewRUOverflowToolbarButton\"]"}
COMMAND: GET /session/296c3ef822005440bb291597a564fd04/screenshot - {}
RESULT: {}
RESULT: {"using":"xpath","value":"//button[@data-kt=\"addNewRUOverflowToolbarButton\"]"}
COMMAND: POST /session/296c3ef822005440bb291597a564fd04/elements - {"using":"xpath","value":"//button[@data-kt=\"addNewRUOverflowToolbarButton\"]"}
RESULT: {"using":"xpath","value":"//button[@data-kt=\"addNewRUOverflowToolbarButton\"]"}
COMMAND: POST /session/296c3ef822005440bb291597a564fd04/elements - {"using":"xpath","value":"//button[@data-kt=\"addNewRUOverflowToolbarButton\"]"}
RESULT: {"using":"xpath","value":"//button[@data-kt=\"addNewRUOverflowToolbarButton\"]"}
COMMAND: POST /session/296c3ef822005440bb291597a564fd04/elements - {"using":"xpath","value":"//button[@data-kt=\"addNewRUOverflowToolbarButton\"]"}
RESULT: {"using":"xpath","value":"//button[@data-kt=\"addNewRUOverflowToolbarButton\"]"}
COMMAND: POST /session/296c3ef822005440bb291597a564fd04/elements - {"using":"xpath","value":"//button[@data-kt=\"addNewRUOverflowToolbarButton\"]"}
RESULT: {"using":"xpath","value":"//button[@data-kt=\"addNewRUOverflowToolbarButton\"]"}
COMMAND: POST /session/296c3ef822005440bb291597a564fd04/elements - {"using":"xpath","value":"//button[@data-kt=\"addNewRUOverflowToolbarButton\"]"}
RESULT: {"using":"xpath","value":"//button[@data-kt=\"addNewRUOverflowToolbarButton\"]"}
COMMAND: POST /session/296c3ef822005440bb291597a564fd04/elements - {"using":"xpath","value":"//button[@data-kt=\"addNewRUOverflowToolbarButton\"]"}
RESULT: {"using":"xpath","value":"//button[@data-kt=\"addNewRUOverflowToolbarButton\"]"}
COMMAND: POST /session/296c3ef822005440bb291597a564fd04/elements - {"using":"xpath","value":"//button[@data-kt=\"addNewRUOverflowToolbarButton\"]"}
RESULT: {"using":"xpath","value":"//button[@data-kt=\"addNewRUOverflowToolbarButton\"]"}
COMMAND: POST /session/296c3ef822005440bb291597a564fd04/elements - {"using":"xpath","value":"//button[@data-kt=\"addNewRUOverflowToolbarButton\"]"}
RESULT: {"using":"xpath","value":"//button[@data-kt=\"addNewRUOverflowToolbarButton\"]"}
COMMAND: POST /session/296c3ef822005440bb291597a564fd04/element - {"using":"xpath","value":"//button[@data-kt=\"addNewRUOverflowToolbarButton\"]"}
RESULT: {"using":"xpath","value":"//button[@data-kt=\"addNewRUOverflowToolbarButton\"]"}
COMMAND: POST /session/296c3ef822005440bb291597a564fd04/execute/sync - {"script":"<script> [8489 bytes]","args":[{"element-6066-11e4-a52e-4f735466cecf":"f.A5EAE1E31C780A7B6C1CBBD175F5DD1B.d.8517C267BC13C7A3ABB57C11F3E68CFD.e.1040","ELEMENT":"f.A5EAE1E31C780A7B6C1CBBD175F5DD1B.d.8517C267BC13C7A3ABB57C11F3E68CFD.e.1040"}]}
RESULT: {"script":"<script> [8489 bytes]","args":[{"element-6066-11e4-a52e-4f735466cecf":"f.A5EAE1E31C780A7B6C1CBBD175F5DD1B.d.8517C267BC13C7A3ABB57C11F3E68CFD.e.1040","ELEMENT":"f.A5EAE1E31C780A7B6C1CBBD175F5DD1B.d.8517C267BC13C7A3ABB57C11F3E68CFD.e.1040"}]}
COMMAND: GET /session/296c3ef822005440bb291597a564fd04/element/f.A5EAE1E31C780A7B6C1CBBD175F5DD1B.d.8517C267BC13C7A3ABB57C11F3E68CFD.e.1040/enabled - {}
COMMAND: GET /session/296c3ef822005440bb291597a564fd04/screenshot - {}
RESULT: {}
COMMAND: POST /session/296c3ef822005440bb291597a564fd04/execute/sync - {"script":"<script> [8489 bytes]","args":[{"element-6066-11e4-a52e-4f735466cecf":"f.A5EAE1E31C780A7B6C1CBBD175F5DD1B.d.8517C267BC13C7A3ABB57C11F3E68CFD.e.1040","ELEMENT":"f.A5EAE1E31C780A7B6C1CBBD175F5DD1B.d.8517C267BC13C7A3ABB57C11F3E68CFD.e.1040"}]}
COMMAND: GET /session/296c3ef822005440bb291597a564fd04/screenshot - {}
RESULT: {}
RESULT: {"script":"<script> [8489 bytes]","args":[{"element-6066-11e4-a52e-4f735466cecf":"f.A5EAE1E31C780A7B6C1CBBD175F5DD1B.d.8517C267BC13C7A3ABB57C11F3E68CFD.e.1040","ELEMENT":"f.A5EAE1E31C780A7B6C1CBBD175F5DD1B.d.8517C267BC13C7A3ABB57C11F3E68CFD.e.1040"}]}
COMMAND: POST /session/296c3ef822005440bb291597a564fd04/execute/sync - {"script":"<script> [5351 bytes]","args":[{"element-6066-11e4-a52e-4f735466cecf":"f.A5EAE1E31C780A7B6C1CBBD175F5DD1B.d.8517C267BC13C7A3ABB57C11F3E68CFD.e.1040","ELEMENT":"f.A5EAE1E31C780A7B6C1CBBD175F5DD1B.d.8517C267BC13C7A3ABB57C11F3E68CFD.e.1040"}]}
COMMAND: GET /session/296c3ef822005440bb291597a564fd04/screenshot - {}
RESULT: {}
RESULT: {"script":"<script> [5351 bytes]","args":[{"element-6066-11e4-a52e-4f735466cecf":"f.A5EAE1E31C780A7B6C1CBBD175F5DD1B.d.8517C267BC13C7A3ABB57C11F3E68CFD.e.1040","ELEMENT":"f.A5EAE1E31C780A7B6C1CBBD175F5DD1B.d.8517C267BC13C7A3ABB57C11F3E68CFD.e.1040"}]}
COMMAND: POST /session/296c3ef822005440bb291597a564fd04/element/f.A5EAE1E31C780A7B6C1CBBD175F5DD1B.d.8517C267BC13C7A3ABB57C11F3E68CFD.e.1040/click - {}
COMMAND: GET /session/296c3ef822005440bb291597a564fd04/screenshot - {}
RESULT: {}
RESULT: {}
COMMAND: GET /session/296c3ef822005440bb291597a564fd04/screenshot - {}
COMMAND: POST /session/296c3ef822005440bb291597a564fd04/execute/async - {"script":"<script> [1562 bytes]","args":[{"selector":{"id":"application-manageresources-display-component---newResourceUnit--TYPE-arrow"},"wdio_ui5_key":"applicationmanageresources-display-component---newResourceUnit--TYPE-arrow"}]}
RESULT: {}
RESULT: {}
RESULT: {"script":"<script> [1562 bytes]","args":[{"selector":{"id":"application-manageresources-display-component---newResourceUnit--TYPE-arrow"},"wdio_ui5_key":"applicationmanageresources-display-component---newResourceUnit--TYPE-arrow"}]}
RESULT: undefined
COMMAND: POST /session/296c3ef822005440bb291597a564fd04/element - {"using":"xpath","value":"//*[@id=\"application-manageresources-display-component---newResourceUnit--TYPE-arrow\"]"}
RESULT: {"using":"xpath","value":"//*[@id=\"application-manageresources-display-component---newResourceUnit--TYPE-arrow\"]"}
COMMAND: POST /session/296c3ef822005440bb291597a564fd04/element/f.A5EAE1E31C780A7B6C1CBBD175F5DD1B.d.8517C267BC13C7A3ABB57C11F3E68CFD.e.1410/click - {}
RESULT: {}
COMMAND: POST /session/296c3ef822005440bb291597a564fd04/element - {"using":"xpath","value":"//input[@id=\"application-manageresources-display-component---newResourceUnit--TYPE-inner\"]"}
COMMAND: GET /session/296c3ef822005440bb291597a564fd04/screenshot - {}
RESULT: {"using":"xpath","value":"//input[@id=\"application-manageresources-display-component---newResourceUnit--TYPE-inner\"]"}
COMMAND: POST /session/296c3ef822005440bb291597a564fd04/element/f.A5EAE1E31C780A7B6C1CBBD175F5DD1B.d.8517C267BC13C7A3ABB57C11F3E68CFD.e.1393/clear - {}
RESULT: {}
RESULT: {}
COMMAND: POST /session/296c3ef822005440bb291597a564fd04/element/f.A5EAE1E31C780A7B6C1CBBD175F5DD1B.d.8517C267BC13C7A3ABB57C11F3E68CFD.e.1393/value - {"text":"Equipment"}
COMMAND: GET /session/296c3ef822005440bb291597a564fd04/screenshot - {}
RESULT: {"text":"Equipment"}
COMMAND: GET /session/296c3ef822005440bb291597a564fd04/screenshot - {}
RESULT: {}
RESULT: {}
COMMAND: POST /session/296c3ef822005440bb291597a564fd04/actions - {"actions":[{"id":"action2","type":"key","parameters":{},"actions":[{"type":"keyDown","value":"î€‡"},{"type":"pause","duration":10},{"type":"keyUp","value":"î€‡"}]}]}
RESULT: {"actions":[{"id":"action2","type":"key","parameters":{},"actions":[{"type":"keyDown","value":"î€‡"},{"type":"pause","duration":10},{"type":"keyUp","value":"î€‡"}]}]}
COMMAND: POST /session/296c3ef822005440bb291597a564fd04/execute/async - {"script":"<script> [1562 bytes]","args":[{"selector":{"id":"application-manageresources-display-component---newResourceUnit--resourceId","interaction":{"idSuffix":"inner"}},"wdio_ui5_key":"applicationmanageresources-display-component---newResourceUnit--resourceId"}]}
COMMAND: GET /session/296c3ef822005440bb291597a564fd04/screenshot - {}
RESULT: {"script":"<script> [1562 bytes]","args":[{"selector":{"id":"application-manageresources-display-component---newResourceUnit--resourceId","interaction":{"idSuffix":"inner"}},"wdio_ui5_key":"applicationmanageresources-display-component---newResourceUnit--resourceId"}]}
RESULT: undefined
COMMAND: POST /session/296c3ef822005440bb291597a564fd04/execute/async - {"script":"<script> [776 bytes]","args":[{"enterText":"TJNYPTdCKJ","selector":{"id":"application-manageresources-display-component---newResourceUnit--resourceId","interaction":{"idSuffix":"inner"}},"clearTextFirst":true,"interactionType":"ENTER_TEXT"}]}
RESULT: {}
RESULT: {"script":"<script> [776 bytes]","args":[{"enterText":"TJNYPTdCKJ","selector":{"id":"application-manageresources-display-component---newResourceUnit--resourceId","interaction":{"idSuffix":"inner"}},"clearTextFirst":true,"interactionType":"ENTER_TEXT"}]}
COMMAND: POST /session/296c3ef822005440bb291597a564fd04/execute/async - {"script":"<script> [1562 bytes]","args":[{"selector":{"id":"application-manageresources-display-component---newResourceUnit--SHORT_TEXT","interaction":{"idSuffix":"inner"}},"wdio_ui5_key":"applicationmanageresources-display-component---newResourceUnit--SHORT_TEXT"}]}
RESULT: {"script":"<script> [1562 bytes]","args":[{"selector":{"id":"application-manageresources-display-component---newResourceUnit--SHORT_TEXT","interaction":{"idSuffix":"inner"}},"wdio_ui5_key":"applicationmanageresources-display-component---newResourceUnit--SHORT_TEXT"}]}
RESULT: undefined
COMMAND: POST /session/296c3ef822005440bb291597a564fd04/execute/async - {"script":"<script> [776 bytes]","args":[{"enterText":"Intercompany Equipment WDIO","selector":{"id":"application-manageresources-display-component---newResourceUnit--SHORT_TEXT","interaction":{"idSuffix":"inner"}},"clearTextFirst":true,"interactionType":"ENTER_TEXT"}]}
RESULT: {"script":"<script> [776 bytes]","args":[{"enterText":"Intercompany Equipment WDIO","selector":{"id":"application-manageresources-display-component---newResourceUnit--SHORT_TEXT","interaction":{"idSuffix":"inner"}},"clearTextFirst":true,"interactionType":"ENTER_TEXT"}]}
COMMAND: POST /session/296c3ef822005440bb291597a564fd04/execute/async - {"script":"<script> [1562 bytes]","args":[{"selector":{"id":"application-manageresources-display-component---newResourceUnit--BASE_UNIT_OF_MEASURE","interaction":{"idSuffix":"inner"}},"wdio_ui5_key":"applicationmanageresources-display-component---newResourceUnit--BASE_UNIT_OF_MEASURE"}]}
RESULT: {"script":"<script> [1562 bytes]","args":[{"selector":{"id":"application-manageresources-display-component---newResourceUnit--BASE_UNIT_OF_MEASURE","interaction":{"idSuffix":"inner"}},"wdio_ui5_key":"applicationmanageresources-display-component---newResourceUnit--BASE_UNIT_OF_MEASURE"}]}
RESULT: undefined
COMMAND: POST /session/296c3ef822005440bb291597a564fd04/execute/async - {"script":"<script> [776 bytes]","args":[{"enterText":"Piece","selector":{"id":"application-manageresources-display-component---newResourceUnit--BASE_UNIT_OF_MEASURE","interaction":{"idSuffix":"inner"}},"clearTextFirst":true,"interactionType":"ENTER_TEXT"}]}
RESULT: {"script":"<script> [776 bytes]","args":[{"enterText":"Piece","selector":{"id":"application-manageresources-display-component---newResourceUnit--BASE_UNIT_OF_MEASURE","interaction":{"idSuffix":"inner"}},"clearTextFirst":true,"interactionType":"ENTER_TEXT"}]}
COMMAND: POST /session/296c3ef822005440bb291597a564fd04/execute/async - {"script":"<script> [1562 bytes]","args":[{"selector":{"id":"application-manageresources-display-component---newResourceUnit--WEIGHT_UNIT","interaction":{"idSuffix":"inner"}},"wdio_ui5_key":"applicationmanageresources-display-component---newResourceUnit--WEIGHT_UNIT"}]}
RESULT: {"script":"<script> [1562 bytes]","args":[{"selector":{"id":"application-manageresources-display-component---newResourceUnit--WEIGHT_UNIT","interaction":{"idSuffix":"inner"}},"wdio_ui5_key":"applicationmanageresources-display-component---newResourceUnit--WEIGHT_UNIT"}]}
RESULT: undefined
COMMAND: POST /session/296c3ef822005440bb291597a564fd04/execute/async - {"script":"<script> [776 bytes]","args":[{"enterText":"Gram","selector":{"id":"application-manageresources-display-component---newResourceUnit--WEIGHT_UNIT","interaction":{"idSuffix":"inner"}},"clearTextFirst":true,"interactionType":"ENTER_TEXT"}]}
RESULT: {"script":"<script> [776 bytes]","args":[{"enterText":"Gram","selector":{"id":"application-manageresources-display-component---newResourceUnit--WEIGHT_UNIT","interaction":{"idSuffix":"inner"}},"clearTextFirst":true,"interactionType":"ENTER_TEXT"}]}
COMMAND: POST /session/296c3ef822005440bb291597a564fd04/execute/async - {"script":"<script> [1562 bytes]","args":[{"selector":{"id":"application-manageresources-display-component---newResourceUnit--DIMENSION_UNIT","interaction":{"idSuffix":"inner"}},"wdio_ui5_key":"applicationmanageresources-display-component---newResourceUnit--DIMENSION_UNIT"}]}
RESULT: {"script":"<script> [1562 bytes]","args":[{"selector":{"id":"application-manageresources-display-component---newResourceUnit--DIMENSION_UNIT","interaction":{"idSuffix":"inner"}},"wdio_ui5_key":"applicationmanageresources-display-component---newResourceUnit--DIMENSION_UNIT"}]}
RESULT: undefined
COMMAND: POST /session/296c3ef822005440bb291597a564fd04/execute/async - {"script":"<script> [776 bytes]","args":[{"enterText":"Meter","selector":{"id":"application-manageresources-display-component---newResourceUnit--DIMENSION_UNIT","interaction":{"idSuffix":"inner"}},"clearTextFirst":true,"interactionType":"ENTER_TEXT"}]}
RESULT: {"script":"<script> [776 bytes]","args":[{"enterText":"Meter","selector":{"id":"application-manageresources-display-component---newResourceUnit--DIMENSION_UNIT","interaction":{"idSuffix":"inner"}},"clearTextFirst":true,"interactionType":"ENTER_TEXT"}]}
COMMAND: POST /session/296c3ef822005440bb291597a564fd04/execute/async - {"script":"<script> [1562 bytes]","args":[{"selector":{"id":"application-manageresources-display-component---newResourceUnit--newRRUPage-anchBar-application-manageresources-display-component---newResourceUnit--control-anchor","interaction":{"idSuffix":"BDI-content"}},"wdio_ui5_key":"applicationmanageresources-display-component---newResourceUnit--newRRUPage-anchBar-application-manageresources-display-component---newResourceUnit--control-anchor"}]}
RESULT: {"script":"<script> [1562 bytes]","args":[{"selector":{"id":"application-manageresources-display-component---newResourceUnit--newRRUPage-anchBar-application-manageresources-display-component---newResourceUnit--control-anchor","interaction":{"idSuffix":"BDI-content"}},"wdio_ui5_key":"applicationmanageresources-display-component---newResourceUnit--newRRUPage-anchBar-application-manageresources-display-component---newResourceUnit--control-anchor"}]}
RESULT: undefined
COMMAND: POST /session/296c3ef822005440bb291597a564fd04/element - {"using":"xpath","value":"//*[@id=\"application-manageresources-display-component---newResourceUnit--newRRUPage-anchBar-application-manageresources-display-component---newResourceUnit--control-anchor\"]"}
RESULT: {"using":"xpath","value":"//*[@id=\"application-manageresources-display-component---newResourceUnit--newRRUPage-anchBar-application-manageresources-display-component---newResourceUnit--control-anchor\"]"}
COMMAND: POST /session/296c3ef822005440bb291597a564fd04/element/f.A5EAE1E31C780A7B6C1CBBD175F5DD1B.d.8517C267BC13C7A3ABB57C11F3E68CFD.e.1542/click - {}
RESULT: {}
COMMAND: POST /session/296c3ef822005440bb291597a564fd04/execute/async - {"script":"<script> [1562 bytes]","args":[{"selector":{"id":"application-manageresources-display-component---newResourceUnit--PLANNING_GROUP","interaction":{"idSuffix":"inner"}},"wdio_ui5_key":"applicationmanageresources-display-component---newResourceUnit--PLANNING_GROUP"}]}
COMMAND: GET /session/296c3ef822005440bb291597a564fd04/screenshot - {}
RESULT: {"script":"<script> [1562 bytes]","args":[{"selector":{"id":"application-manageresources-display-component---newResourceUnit--PLANNING_GROUP","interaction":{"idSuffix":"inner"}},"wdio_ui5_key":"applicationmanageresources-display-component---newResourceUnit--PLANNING_GROUP"}]}
RESULT: undefined
COMMAND: POST /session/296c3ef822005440bb291597a564fd04/execute/async - {"script":"<script> [776 bytes]","args":[{"enterText":"Heavy Equi","selector":{"id":"application-manageresources-display-component---newResourceUnit--PLANNING_GROUP","interaction":{"idSuffix":"inner"}},"clearTextFirst":true,"interactionType":"ENTER_TEXT"}]}
RESULT: {}
RESULT: {"script":"<script> [776 bytes]","args":[{"enterText":"Heavy Equi","selector":{"id":"application-manageresources-display-component---newResourceUnit--PLANNING_GROUP","interaction":{"idSuffix":"inner"}},"clearTextFirst":true,"interactionType":"ENTER_TEXT"}]}
COMMAND: POST /session/296c3ef822005440bb291597a564fd04/execute/async - {"script":"<script> [1562 bytes]","args":[{"selector":{"id":"application-manageresources-display-component---newResourceUnit--ITEM_TYPE-arrow"},"wdio_ui5_key":"applicationmanageresources-display-component---newResourceUnit--ITEM_TYPE-arrow"}]}
RESULT: {"script":"<script> [1562 bytes]","args":[{"selector":{"id":"application-manageresources-display-component---newResourceUnit--ITEM_TYPE-arrow"},"wdio_ui5_key":"applicationmanageresources-display-component---newResourceUnit--ITEM_TYPE-arrow"}]}
RESULT: undefined
COMMAND: POST /session/296c3ef822005440bb291597a564fd04/element - {"using":"xpath","value":"//*[@id=\"application-manageresources-display-component---newResourceUnit--ITEM_TYPE-arrow\"]"}
RESULT: {"using":"xpath","value":"//*[@id=\"application-manageresources-display-component---newResourceUnit--ITEM_TYPE-arrow\"]"}
COMMAND: POST /session/296c3ef822005440bb291597a564fd04/element/f.A5EAE1E31C780A7B6C1CBBD175F5DD1B.d.8517C267BC13C7A3ABB57C11F3E68CFD.e.1551/click - {}
RESULT: {}
COMMAND: POST /session/296c3ef822005440bb291597a564fd04/element - {"using":"xpath","value":"(//span[contains(text(), \"Resource Unit\")])[2]"}
COMMAND: GET /session/296c3ef822005440bb291597a564fd04/screenshot - {}
RESULT: {"using":"xpath","value":"(//span[contains(text(), \"Resource Unit\")])[2]"}
COMMAND: POST /session/296c3ef822005440bb291597a564fd04/element/f.A5EAE1E31C780A7B6C1CBBD175F5DD1B.d.8517C267BC13C7A3ABB57C11F3E68CFD.e.1552/click - {}
RESULT: {}
RESULT: {}
COMMAND: GET /session/296c3ef822005440bb291597a564fd04/screenshot - {}
RESULT: {}
COMMAND: POST /session/296c3ef822005440bb291597a564fd04/element - {"using":"css selector","value":"#application-manageresources-display-component---newResourceUnit--btnAddTimeSegment"}
RESULT: {"using":"css selector","value":"#application-manageresources-display-component---newResourceUnit--btnAddTimeSegment"}
COMMAND: GET /session/296c3ef822005440bb291597a564fd04/element/f.A5EAE1E31C780A7B6C1CBBD175F5DD1B.d.8517C267BC13C7A3ABB57C11F3E68CFD.e.1553/rect - {}
RESULT: {}
COMMAND: GET /session/296c3ef822005440bb291597a564fd04/window/rect - {}
RESULT: {}
COMMAND: POST /session/296c3ef822005440bb291597a564fd04/execute/sync - {"script":"<script> [92 bytes]","args":[]}
RESULT: {"script":"<script> [92 bytes]","args":[]}
COMMAND: POST /session/296c3ef822005440bb291597a564fd04/actions - {"actions":[{"id":"action3","type":"wheel","parameters":{},"actions":[{"type":"scroll","x":-1888,"y":-32,"deltaX":0,"deltaY":0,"duration":0,"origin":{"element-6066-11e4-a52e-4f735466cecf":"f.A5EAE1E31C780A7B6C1CBBD175F5DD1B.d.8517C267BC13C7A3ABB57C11F3E68CFD.e.1553"}}]}]}
COMMAND: GET /session/296c3ef822005440bb291597a564fd04/screenshot - {}
RESULT: {}
COMMAND: POST /session/296c3ef822005440bb291597a564fd04/execute/sync - {"script":"<script> [79 bytes]","args":[{"element-6066-11e4-a52e-4f735466cecf":"f.A5EAE1E31C780A7B6C1CBBD175F5DD1B.d.8517C267BC13C7A3ABB57C11F3E68CFD.e.1553","ELEMENT":"f.A5EAE1E31C780A7B6C1CBBD175F5DD1B.d.8517C267BC13C7A3ABB57C11F3E68CFD.e.1553"},{"block":"start","inline":"nearest"}]}
RESULT: {"script":"<script> [79 bytes]","args":[{"element-6066-11e4-a52e-4f735466cecf":"f.A5EAE1E31C780A7B6C1CBBD175F5DD1B.d.8517C267BC13C7A3ABB57C11F3E68CFD.e.1553","ELEMENT":"f.A5EAE1E31C780A7B6C1CBBD175F5DD1B.d.8517C267BC13C7A3ABB57C11F3E68CFD.e.1553"},{"block":"start","inline":"nearest"}]}
COMMAND: POST /session/296c3ef822005440bb291597a564fd04/execute/async - {"script":"<script> [1562 bytes]","args":[{"selector":{"id":"application-manageresources-display-component---newResourceUnit--btnAddTimeSegment","interaction":{"idSuffix":"inner"}},"wdio_ui5_key":"applicationmanageresources-display-component---newResourceUnit--btnAddTimeSegment"}]}
COMMAND: GET /session/296c3ef822005440bb291597a564fd04/screenshot - {}
RESULT: {"script":"<script> [1562 bytes]","args":[{"selector":{"id":"application-manageresources-display-component---newResourceUnit--btnAddTimeSegment","interaction":{"idSuffix":"inner"}},"wdio_ui5_key":"applicationmanageresources-display-component---newResourceUnit--btnAddTimeSegment"}]}
RESULT: undefined
COMMAND: POST /session/296c3ef822005440bb291597a564fd04/element - {"using":"xpath","value":"//*[@id=\"application-manageresources-display-component---newResourceUnit--btnAddTimeSegment\"]"}
RESULT: {}
RESULT: {"using":"xpath","value":"//*[@id=\"application-manageresources-display-component---newResourceUnit--btnAddTimeSegment\"]"}
COMMAND: POST /session/296c3ef822005440bb291597a564fd04/element/f.A5EAE1E31C780A7B6C1CBBD175F5DD1B.d.8517C267BC13C7A3ABB57C11F3E68CFD.e.1553/click - {}
RESULT: {}
COMMAND: GET /session/296c3ef822005440bb291597a564fd04/screenshot - {}
RESULT: {}
COMMAND: POST /session/296c3ef822005440bb291597a564fd04/element - {"using":"xpath","value":"//input[@id=\"application-manageresources-display-component---newResourceUnit--idRuTSAdmin-application-manageresources-display-component---newResourceUnit--RUTimeSegment-0-inner\"]"}
RESULT: {"using":"xpath","value":"//input[@id=\"application-manageresources-display-component---newResourceUnit--idRuTSAdmin-application-manageresources-display-component---newResourceUnit--RUTimeSegment-0-inner\"]"}
COMMAND: POST /session/296c3ef822005440bb291597a564fd04/element/f.A5EAE1E31C780A7B6C1CBBD175F5DD1B.d.8517C267BC13C7A3ABB57C11F3E68CFD.e.1559/clear - {}
RESULT: {}
COMMAND: POST /session/296c3ef822005440bb291597a564fd04/element/f.A5EAE1E31C780A7B6C1CBBD175F5DD1B.d.8517C267BC13C7A3ABB57C11F3E68CFD.e.1559/value - {"text":"555"}
COMMAND: GET /session/296c3ef822005440bb291597a564fd04/screenshot - {}
RESULT: {"text":"555"}
COMMAND: GET /session/296c3ef822005440bb291597a564fd04/screenshot - {}
RESULT: {}
RESULT: {}
COMMAND: POST /session/296c3ef822005440bb291597a564fd04/element - {"using":"xpath","value":"//li[.//span[text()='555']]"}
RESULT: {"using":"xpath","value":"//li[.//span[text()='555']]"}
COMMAND: POST /session/296c3ef822005440bb291597a564fd04/element/f.A5EAE1E31C780A7B6C1CBBD175F5DD1B.d.8517C267BC13C7A3ABB57C11F3E68CFD.e.1571/click - {}
RESULT: {}
COMMAND: GET /session/296c3ef822005440bb291597a564fd04/screenshot - {}
RESULT: {}
COMMAND: POST /session/296c3ef822005440bb291597a564fd04/element - {"using":"xpath","value":"(//span[contains(@id, \"-application-manageresources-display-component---newResourceUnit--RUTimeSegment-0-arrow\")])[6]"}
RESULT: {"using":"xpath","value":"(//span[contains(@id, \"-application-manageresources-display-component---newResourceUnit--RUTimeSegment-0-arrow\")])[6]"}
COMMAND: POST /session/296c3ef822005440bb291597a564fd04/element/f.A5EAE1E31C780A7B6C1CBBD175F5DD1B.d.8517C267BC13C7A3ABB57C11F3E68CFD.e.1572/click - {}
RESULT: {}
COMMAND: GET /session/296c3ef822005440bb291597a564fd04/screenshot - {}
RESULT: {}
COMMAND: POST /session/296c3ef822005440bb291597a564fd04/element - {"using":"xpath","value":"//span[contains(text(), \"PM Order\")]"}
RESULT: {"using":"xpath","value":"//span[contains(text(), \"PM Order\")]"}
COMMAND: POST /session/296c3ef822005440bb291597a564fd04/element/f.A5EAE1E31C780A7B6C1CBBD175F5DD1B.d.8517C267BC13C7A3ABB57C11F3E68CFD.e.1575/click - {}
RESULT: {}
COMMAND: GET /session/296c3ef822005440bb291597a564fd04/screenshot - {}
RESULT: {}
COMMAND: POST /session/296c3ef822005440bb291597a564fd04/element - {"using":"xpath","value":"(//span[contains(@id ,\"manageresources-display-component---newResourceUnit--RUTimeSegment-0-vhi\")])[1]"}
RESULT: {"using":"xpath","value":"(//span[contains(@id ,\"manageresources-display-component---newResourceUnit--RUTimeSegment-0-vhi\")])[1]"}
COMMAND: GET /session/296c3ef822005440bb291597a564fd04/element/f.A5EAE1E31C780A7B6C1CBBD175F5DD1B.d.8517C267BC13C7A3ABB57C11F3E68CFD.e.1579/rect - {}
RESULT: {}
COMMAND: GET /session/296c3ef822005440bb291597a564fd04/window/rect - {}
RESULT: {}
COMMAND: POST /session/296c3ef822005440bb291597a564fd04/execute/sync - {"script":"<script> [92 bytes]","args":[]}
RESULT: {"script":"<script> [92 bytes]","args":[]}
COMMAND: POST /session/296c3ef822005440bb291597a564fd04/actions - {"actions":[{"id":"action4","type":"wheel","parameters":{},"actions":[{"type":"scroll","x":-869,"y":-24,"deltaX":0,"deltaY":0,"duration":0,"origin":{"element-6066-11e4-a52e-4f735466cecf":"f.A5EAE1E31C780A7B6C1CBBD175F5DD1B.d.8517C267BC13C7A3ABB57C11F3E68CFD.e.1579"}}]}]}
COMMAND: GET /session/296c3ef822005440bb291597a564fd04/screenshot - {}
RESULT: {"actions":[{"id":"action4","type":"wheel","parameters":{},"actions":[{"type":"scroll","x":-869,"y":-24,"deltaX":0,"deltaY":0,"duration":0,"origin":{"element-6066-11e4-a52e-4f735466cecf":"f.A5EAE1E31C780A7B6C1CBBD175F5DD1B.d.8517C267BC13C7A3ABB57C11F3E68CFD.e.1579"}}]}]}
COMMAND: DELETE /session/296c3ef822005440bb291597a564fd04/actions - {}
COMMAND: GET /session/296c3ef822005440bb291597a564fd04/screenshot - {}
RESULT: {}
RESULT: {}
COMMAND: GET /session/296c3ef822005440bb291597a564fd04/screenshot - {}
RESULT: {}
RESULT: {}
COMMAND: POST /session/296c3ef822005440bb291597a564fd04/element/f.A5EAE1E31C780A7B6C1CBBD175F5DD1B.d.8517C267BC13C7A3ABB57C11F3E68CFD.e.1579/click - {}
RESULT: {}
COMMAND: GET /session/296c3ef822005440bb291597a564fd04/screenshot - {}
RESULT: {}
RESULT: undefined
COMMAND: POST /session/296c3ef822005440bb291597a564fd04/execute/async - {"script":"<script> [776 bytes]","args":[{"enterText":"4000360","selector":{"controlType":"sap.m.SearchField","properties":{"placeholder":"Search"},"searchOpenDialogs":true,"interaction":{"idSuffix":"I"}},"clearTextFirst":true,"interactionType":"ENTER_TEXT"}]}
RESULT: {"script":"<script> [776 bytes]","args":[{"enterText":"4000360","selector":{"controlType":"sap.m.SearchField","properties":{"placeholder":"Search"},"searchOpenDialogs":true,"interaction":{"idSuffix":"I"}},"clearTextFirst":true,"interactionType":"ENTER_TEXT"}]}
COMMAND: POST /session/296c3ef822005440bb291597a564fd04/actions - {"actions":[{"id":"action5","type":"key","parameters":{},"actions":[{"type":"keyDown","value":"î€‡"},{"type":"pause","duration":10},{"type":"keyUp","value":"î€‡"}]}]}
RESULT: {"actions":[{"id":"action5","type":"key","parameters":{},"actions":[{"type":"keyDown","value":"î€‡"},{"type":"pause","duration":10},{"type":"keyUp","value":"î€‡"}]}]}
COMMAND: GET /session/296c3ef822005440bb291597a564fd04/screenshot - {}
RESULT: {}
COMMAND: POST /session/296c3ef822005440bb291597a564fd04/element - {"using":"xpath","value":"//td/div/span[contains(text(), \"BGL Vehicles\")]"}
RESULT: {"using":"xpath","value":"//td/div/span[contains(text(), \"BGL Vehicles\")]"}
COMMAND: POST /session/296c3ef822005440bb291597a564fd04/element/f.A5EAE1E31C780A7B6C1CBBD175F5DD1B.d.8517C267BC13C7A3ABB57C11F3E68CFD.e.1598/click - {}
RESULT: {}
COMMAND: GET /session/296c3ef822005440bb291597a564fd04/screenshot - {}
RESULT: {}
COMMAND: POST /session/296c3ef822005440bb291597a564fd04/element - {"using":"xpath","value":"//bdi[contains(text(), \"OK\")]"}
RESULT: {"using":"xpath","value":"//bdi[contains(text(), \"OK\")]"}
COMMAND: POST /session/296c3ef822005440bb291597a564fd04/element/f.A5EAE1E31C780A7B6C1CBBD175F5DD1B.d.8517C267BC13C7A3ABB57C11F3E68CFD.e.1599/click - {}
RESULT: {}
COMMAND: GET /session/296c3ef822005440bb291597a564fd04/screenshot - {}
RESULT: {}
COMMAND: POST /session/296c3ef822005440bb291597a564fd04/execute/async - {"script":"<script> [1562 bytes]","args":[{"selector":{"id":"application-manageresources-display-component---newResourceUnit--newRRUPage-anchBar-application-manageresources-display-component---newResourceUnit--resource-anchor","interaction":{"idSuffix":"BDI-content"}},"wdio_ui5_key":"applicationmanageresources-display-component---newResourceUnit--newRRUPage-anchBar-application-manageresources-display-component---newResourceUnit--resource-anchor"}]}
RESULT: {"script":"<script> [1562 bytes]","args":[{"selector":{"id":"application-manageresources-display-component---newResourceUnit--newRRUPage-anchBar-application-manageresources-display-component---newResourceUnit--resource-anchor","interaction":{"idSuffix":"BDI-content"}},"wdio_ui5_key":"applicationmanageresources-display-component---newResourceUnit--newRRUPage-anchBar-application-manageresources-display-component---newResourceUnit--resource-anchor"}]}
RESULT: undefined
COMMAND: POST /session/296c3ef822005440bb291597a564fd04/element - {"using":"xpath","value":"//*[@id=\"application-manageresources-display-component---newResourceUnit--newRRUPage-anchBar-application-manageresources-display-component---newResourceUnit--resource-anchor\"]"}
RESULT: {"using":"xpath","value":"//*[@id=\"application-manageresources-display-component---newResourceUnit--newRRUPage-anchBar-application-manageresources-display-component---newResourceUnit--resource-anchor\"]"}
COMMAND: POST /session/296c3ef822005440bb291597a564fd04/element/f.A5EAE1E31C780A7B6C1CBBD175F5DD1B.d.8517C267BC13C7A3ABB57C11F3E68CFD.e.1603/click - {}
RESULT: {}
COMMAND: POST /session/296c3ef822005440bb291597a564fd04/execute/async - {"script":"<script> [1562 bytes]","args":[{"selector":{"id":"application-manageresources-display-component---newResourceUnit--PLANNED_DELIVERY_DATE","interaction":{"idSuffix":"inner"}},"wdio_ui5_key":"applicationmanageresources-display-component---newResourceUnit--PLANNED_DELIVERY_DATE"}]}
COMMAND: GET /session/296c3ef822005440bb291597a564fd04/screenshot - {}
RESULT: {"script":"<script> [1562 bytes]","args":[{"selector":{"id":"application-manageresources-display-component---newResourceUnit--PLANNED_DELIVERY_DATE","interaction":{"idSuffix":"inner"}},"wdio_ui5_key":"applicationmanageresources-display-component---newResourceUnit--PLANNED_DELIVERY_DATE"}]}
RESULT: undefined
COMMAND: POST /session/296c3ef822005440bb291597a564fd04/execute/async - {"script":"<script> [6424 bytes]","args":[{"element-6066-11e4-a52e-4f735466cecf":"f.A5EAE1E31C780A7B6C1CBBD175F5DD1B.d.8517C267BC13C7A3ABB57C11F3E68CFD.e.1465"},"setValue",["5/5/25"]]}
RESULT: {}
RESULT: {"script":"<script> [6424 bytes]","args":[{"element-6066-11e4-a52e-4f735466cecf":"f.A5EAE1E31C780A7B6C1CBBD175F5DD1B.d.8517C267BC13C7A3ABB57C11F3E68CFD.e.1465"},"setValue",["5/5/25"]]}
COMMAND: POST /session/296c3ef822005440bb291597a564fd04/element - {"using":"xpath","value":"//button[@data-kt=\"resourceUnitSaveButton\"]"}
RESULT: {"using":"xpath","value":"//button[@data-kt=\"resourceUnitSaveButton\"]"}
COMMAND: POST /session/296c3ef822005440bb291597a564fd04/element/f.A5EAE1E31C780A7B6C1CBBD175F5DD1B.d.8517C267BC13C7A3ABB57C11F3E68CFD.e.1426/click - {}
RESULT: {}
COMMAND: GET /session/296c3ef822005440bb291597a564fd04/screenshot - {}
RESULT: {}
COMMAND: POST /session/296c3ef822005440bb291597a564fd04/element - {"using":"xpath","value":"//bdi[contains(text(), \"Close\")]"}
RESULT: {"using":"xpath","value":"//bdi[contains(text(), \"Close\")]"}
COMMAND: POST /session/296c3ef822005440bb291597a564fd04/element/f.A5EAE1E31C780A7B6C1CBBD175F5DD1B.d.8517C267BC13C7A3ABB57C11F3E68CFD.e.1611/click - {}
RESULT: {}
COMMAND: GET /session/296c3ef822005440bb291597a564fd04/screenshot - {}
RESULT: {}
COMMAND: POST /session/296c3ef822005440bb291597a564fd04/element - {"using":"xpath","value":"(//button[contains(@id ,\"actionsToolbar-overflowButton\")])[1]"}
RESULT: {"using":"xpath","value":"(//button[contains(@id ,\"actionsToolbar-overflowButton\")])[1]"}
COMMAND: POST /session/296c3ef822005440bb291597a564fd04/element/f.A5EAE1E31C780A7B6C1CBBD175F5DD1B.d.8517C267BC13C7A3ABB57C11F3E68CFD.e.1664/click - {}
RESULT: {}
COMMAND: GET /session/296c3ef822005440bb291597a564fd04/screenshot - {}
RESULT: {}
COMMAND: POST /session/296c3ef822005440bb291597a564fd04/element - {"using":"xpath","value":"//button[@data-kt=\"priceInfoButton\"]"}
RESULT: {"using":"xpath","value":"//button[@data-kt=\"priceInfoButton\"]"}
COMMAND: POST /session/296c3ef822005440bb291597a564fd04/element/f.A5EAE1E31C780A7B6C1CBBD175F5DD1B.d.8517C267BC13C7A3ABB57C11F3E68CFD.e.1666/click - {}
RESULT: {}
COMMAND: GET /session/296c3ef822005440bb291597a564fd04/screenshot - {}
RESULT: {}
COMMAND: POST /session/296c3ef822005440bb291597a564fd04/element - {"using":"css selector","value":"#shell-header-logo"}
RESULT: {"using":"css selector","value":"#shell-header-logo"}
COMMAND: POST /session/296c3ef822005440bb291597a564fd04/element/f.A5EAE1E31C780A7B6C1CBBD175F5DD1B.d.8517C267BC13C7A3ABB57C11F3E68CFD.e.1012/click - {}
RESULT: {}
COMMAND: GET /session/296c3ef822005440bb291597a564fd04/screenshot - {}
]]></system-out>
    </testcase>
    <testcase classname="chrome.135_0_7049_96.windows.Create_condition_pricing_US117289_US134625" name="Should create new condition" time="64.695">
      <system-out><![CDATA[
COMMAND: POST /session/296c3ef822005440bb291597a564fd04/execute/async - {"script":"<script> [1562 bytes]","args":[{"selector":{"controlType":"sap.m.Text","properties":{"text":"Manage Conditions & Prices"},"interaction":{"idSuffix":"inner"}},"wdio_ui5_key":"sapm.Text{\"text\":\"Manage Conditions & Prices\"}"}]}
RESULT: {"script":"<script> [1562 bytes]","args":[{"selector":{"controlType":"sap.m.Text","properties":{"text":"Manage Conditions & Prices"},"interaction":{"idSuffix":"inner"}},"wdio_ui5_key":"sapm.Text{\"text\":\"Manage Conditions & Prices\"}"}]}
RESULT: undefined
COMMAND: POST /session/296c3ef822005440bb291597a564fd04/element - {"using":"xpath","value":"//*[@id=\"__tile53-title\"]"}
RESULT: {}
RESULT: {"using":"xpath","value":"//*[@id=\"__tile53-title\"]"}
COMMAND: POST /session/296c3ef822005440bb291597a564fd04/element/f.A5EAE1E31C780A7B6C1CBBD175F5DD1B.d.8517C267BC13C7A3ABB57C11F3E68CFD.e.1704/click - {}
RESULT: {}
COMMAND: POST /session/296c3ef822005440bb291597a564fd04/element - {"using":"xpath","value":"//button[@aria-label=\"Create\"]"}
COMMAND: GET /session/296c3ef822005440bb291597a564fd04/screenshot - {}
RESULT: {"using":"xpath","value":"//button[@aria-label=\"Create\"]"}
COMMAND: POST /session/296c3ef822005440bb291597a564fd04/elements - {"using":"xpath","value":"//button[@aria-label=\"Create\"]"}
RESULT: {}
RESULT: {"using":"xpath","value":"//button[@aria-label=\"Create\"]"}
COMMAND: POST /session/296c3ef822005440bb291597a564fd04/elements - {"using":"xpath","value":"//button[@aria-label=\"Create\"]"}
RESULT: {"using":"xpath","value":"//button[@aria-label=\"Create\"]"}
COMMAND: POST /session/296c3ef822005440bb291597a564fd04/elements - {"using":"xpath","value":"//button[@aria-label=\"Create\"]"}
RESULT: {"using":"xpath","value":"//button[@aria-label=\"Create\"]"}
COMMAND: POST /session/296c3ef822005440bb291597a564fd04/elements - {"using":"xpath","value":"//button[@aria-label=\"Create\"]"}
RESULT: {"using":"xpath","value":"//button[@aria-label=\"Create\"]"}
COMMAND: POST /session/296c3ef822005440bb291597a564fd04/element - {"using":"xpath","value":"//button[@aria-label=\"Create\"]"}
RESULT: {"using":"xpath","value":"//button[@aria-label=\"Create\"]"}
COMMAND: POST /session/296c3ef822005440bb291597a564fd04/execute/sync - {"script":"<script> [8489 bytes]","args":[{"element-6066-11e4-a52e-4f735466cecf":"f.A5EAE1E31C780A7B6C1CBBD175F5DD1B.d.8517C267BC13C7A3ABB57C11F3E68CFD.e.1743","ELEMENT":"f.A5EAE1E31C780A7B6C1CBBD175F5DD1B.d.8517C267BC13C7A3ABB57C11F3E68CFD.e.1743"}]}
RESULT: {"script":"<script> [8489 bytes]","args":[{"element-6066-11e4-a52e-4f735466cecf":"f.A5EAE1E31C780A7B6C1CBBD175F5DD1B.d.8517C267BC13C7A3ABB57C11F3E68CFD.e.1743","ELEMENT":"f.A5EAE1E31C780A7B6C1CBBD175F5DD1B.d.8517C267BC13C7A3ABB57C11F3E68CFD.e.1743"}]}
COMMAND: GET /session/296c3ef822005440bb291597a564fd04/element/f.A5EAE1E31C780A7B6C1CBBD175F5DD1B.d.8517C267BC13C7A3ABB57C11F3E68CFD.e.1743/enabled - {}
COMMAND: GET /session/296c3ef822005440bb291597a564fd04/screenshot - {}
RESULT: {}
COMMAND: POST /session/296c3ef822005440bb291597a564fd04/execute/sync - {"script":"<script> [8489 bytes]","args":[{"element-6066-11e4-a52e-4f735466cecf":"f.A5EAE1E31C780A7B6C1CBBD175F5DD1B.d.8517C267BC13C7A3ABB57C11F3E68CFD.e.1743","ELEMENT":"f.A5EAE1E31C780A7B6C1CBBD175F5DD1B.d.8517C267BC13C7A3ABB57C11F3E68CFD.e.1743"}]}
COMMAND: GET /session/296c3ef822005440bb291597a564fd04/screenshot - {}
RESULT: {}
RESULT: {"script":"<script> [8489 bytes]","args":[{"element-6066-11e4-a52e-4f735466cecf":"f.A5EAE1E31C780A7B6C1CBBD175F5DD1B.d.8517C267BC13C7A3ABB57C11F3E68CFD.e.1743","ELEMENT":"f.A5EAE1E31C780A7B6C1CBBD175F5DD1B.d.8517C267BC13C7A3ABB57C11F3E68CFD.e.1743"}]}
COMMAND: POST /session/296c3ef822005440bb291597a564fd04/execute/sync - {"script":"<script> [5351 bytes]","args":[{"element-6066-11e4-a52e-4f735466cecf":"f.A5EAE1E31C780A7B6C1CBBD175F5DD1B.d.8517C267BC13C7A3ABB57C11F3E68CFD.e.1743","ELEMENT":"f.A5EAE1E31C780A7B6C1CBBD175F5DD1B.d.8517C267BC13C7A3ABB57C11F3E68CFD.e.1743"}]}
COMMAND: GET /session/296c3ef822005440bb291597a564fd04/screenshot - {}
RESULT: {}
RESULT: {"script":"<script> [5351 bytes]","args":[{"element-6066-11e4-a52e-4f735466cecf":"f.A5EAE1E31C780A7B6C1CBBD175F5DD1B.d.8517C267BC13C7A3ABB57C11F3E68CFD.e.1743","ELEMENT":"f.A5EAE1E31C780A7B6C1CBBD175F5DD1B.d.8517C267BC13C7A3ABB57C11F3E68CFD.e.1743"}]}
COMMAND: POST /session/296c3ef822005440bb291597a564fd04/element/f.A5EAE1E31C780A7B6C1CBBD175F5DD1B.d.8517C267BC13C7A3ABB57C11F3E68CFD.e.1743/click - {}
COMMAND: GET /session/296c3ef822005440bb291597a564fd04/screenshot - {}
RESULT: {}
RESULT: {}
COMMAND: GET /session/296c3ef822005440bb291597a564fd04/screenshot - {}
RESULT: {}
RESULT: {}
COMMAND: POST /session/296c3ef822005440bb291597a564fd04/actions - {"actions":[{"id":"action6","type":"key","parameters":{},"actions":[{"type":"keyDown","value":"î€‡"},{"type":"pause","duration":10},{"type":"keyUp","value":"î€‡"}]}]}
RESULT: {"actions":[{"id":"action6","type":"key","parameters":{},"actions":[{"type":"keyDown","value":"î€‡"},{"type":"pause","duration":10},{"type":"keyUp","value":"î€‡"}]}]}
COMMAND: GET /session/296c3ef822005440bb291597a564fd04/screenshot - {}
RESULT: {}
COMMAND: POST /session/296c3ef822005440bb291597a564fd04/execute/async - {"script":"<script> [1562 bytes]","args":[{"selector":{"id":"application-manageconditionprice-display-component---newCondition--condBillCond-arrow"},"wdio_ui5_key":"applicationmanageconditionprice-display-component---newCondition--condBillCond-arrow"}]}
RESULT: {"script":"<script> [1562 bytes]","args":[{"selector":{"id":"application-manageconditionprice-display-component---newCondition--condBillCond-arrow"},"wdio_ui5_key":"applicationmanageconditionprice-display-component---newCondition--condBillCond-arrow"}]}
RESULT: undefined
COMMAND: POST /session/296c3ef822005440bb291597a564fd04/element - {"using":"xpath","value":"//*[@id=\"application-manageconditionprice-display-component---newCondition--condBillCond-arrow\"]"}
RESULT: {"using":"xpath","value":"//*[@id=\"application-manageconditionprice-display-component---newCondition--condBillCond-arrow\"]"}
COMMAND: POST /session/296c3ef822005440bb291597a564fd04/element/f.A5EAE1E31C780A7B6C1CBBD175F5DD1B.d.8517C267BC13C7A3ABB57C11F3E68CFD.e.1958/click - {}
RESULT: {}
COMMAND: GET /session/296c3ef822005440bb291597a564fd04/screenshot - {}
RESULT: {}
COMMAND: POST /session/296c3ef822005440bb291597a564fd04/element - {"using":"xpath","value":"//li[.//span[contains(text(), \"SAPR - Sales price\")]]"}
RESULT: {"using":"xpath","value":"//li[.//span[contains(text(), \"SAPR - Sales price\")]]"}
COMMAND: POST /session/296c3ef822005440bb291597a564fd04/element/f.A5EAE1E31C780A7B6C1CBBD175F5DD1B.d.8517C267BC13C7A3ABB57C11F3E68CFD.e.1961/click - {}
RESULT: {}
COMMAND: GET /session/296c3ef822005440bb291597a564fd04/screenshot - {}
RESULT: {}
COMMAND: POST /session/296c3ef822005440bb291597a564fd04/execute/async - {"script":"<script> [1562 bytes]","args":[{"selector":{"id":"application-manageconditionprice-display-component---newCondition--condValidTo","interaction":{"idSuffix":"inner"}},"wdio_ui5_key":"applicationmanageconditionprice-display-component---newCondition--condValidTo"}]}
RESULT: {"script":"<script> [1562 bytes]","args":[{"selector":{"id":"application-manageconditionprice-display-component---newCondition--condValidTo","interaction":{"idSuffix":"inner"}},"wdio_ui5_key":"applicationmanageconditionprice-display-component---newCondition--condValidTo"}]}
RESULT: undefined
COMMAND: POST /session/296c3ef822005440bb291597a564fd04/execute/async - {"script":"<script> [776 bytes]","args":[{"enterText":"01/05/26","selector":{"id":"application-manageconditionprice-display-component---newCondition--condValidTo","interaction":{"idSuffix":"inner"}},"clearTextFirst":true,"interactionType":"ENTER_TEXT"}]}
RESULT: {"script":"<script> [776 bytes]","args":[{"enterText":"01/05/26","selector":{"id":"application-manageconditionprice-display-component---newCondition--condValidTo","interaction":{"idSuffix":"inner"}},"clearTextFirst":true,"interactionType":"ENTER_TEXT"}]}
COMMAND: POST /session/296c3ef822005440bb291597a564fd04/element - {"using":"xpath","value":"//input[@id=\"application-manageconditionprice-display-component---newCondition--condRU-inner\"]"}
RESULT: {"using":"xpath","value":"//input[@id=\"application-manageconditionprice-display-component---newCondition--condRU-inner\"]"}
COMMAND: POST /session/296c3ef822005440bb291597a564fd04/element/f.A5EAE1E31C780A7B6C1CBBD175F5DD1B.d.8517C267BC13C7A3ABB57C11F3E68CFD.e.1822/clear - {}
RESULT: {}
COMMAND: POST /session/296c3ef822005440bb291597a564fd04/element/f.A5EAE1E31C780A7B6C1CBBD175F5DD1B.d.8517C267BC13C7A3ABB57C11F3E68CFD.e.1822/value - {"text":"TJNYPTdCKJ"}
COMMAND: GET /session/296c3ef822005440bb291597a564fd04/screenshot - {}
RESULT: {"text":"TJNYPTdCKJ"}
COMMAND: GET /session/296c3ef822005440bb291597a564fd04/screenshot - {}
RESULT: {}
RESULT: {}
COMMAND: POST /session/296c3ef822005440bb291597a564fd04/actions - {"actions":[{"id":"action7","type":"key","parameters":{},"actions":[{"type":"keyDown","value":"î€‡"},{"type":"pause","duration":10},{"type":"keyUp","value":"î€‡"}]}]}
RESULT: {"actions":[{"id":"action7","type":"key","parameters":{},"actions":[{"type":"keyDown","value":"î€‡"},{"type":"pause","duration":10},{"type":"keyUp","value":"î€‡"}]}]}
COMMAND: POST /session/296c3ef822005440bb291597a564fd04/execute/async - {"script":"<script> [1562 bytes]","args":[{"selector":{"id":"application-manageconditionprice-display-component---newCondition--condBaseQty","interaction":{"idSuffix":"inner"}},"wdio_ui5_key":"applicationmanageconditionprice-display-component---newCondition--condBaseQty"}]}
COMMAND: GET /session/296c3ef822005440bb291597a564fd04/screenshot - {}
RESULT: {"script":"<script> [1562 bytes]","args":[{"selector":{"id":"application-manageconditionprice-display-component---newCondition--condBaseQty","interaction":{"idSuffix":"inner"}},"wdio_ui5_key":"applicationmanageconditionprice-display-component---newCondition--condBaseQty"}]}
RESULT: undefined
COMMAND: POST /session/296c3ef822005440bb291597a564fd04/execute/async - {"script":"<script> [776 bytes]","args":[{"enterText":"1","selector":{"id":"application-manageconditionprice-display-component---newCondition--condBaseQty","interaction":{"idSuffix":"inner"}},"clearTextFirst":true,"interactionType":"ENTER_TEXT"}]}
RESULT: {}
RESULT: {"script":"<script> [776 bytes]","args":[{"enterText":"1","selector":{"id":"application-manageconditionprice-display-component---newCondition--condBaseQty","interaction":{"idSuffix":"inner"}},"clearTextFirst":true,"interactionType":"ENTER_TEXT"}]}
COMMAND: POST /session/296c3ef822005440bb291597a564fd04/execute/async - {"script":"<script> [1562 bytes]","args":[{"selector":{"id":"application-manageconditionprice-display-component---newCondition--condValue","interaction":{"idSuffix":"inner"}},"wdio_ui5_key":"applicationmanageconditionprice-display-component---newCondition--condValue"}]}
RESULT: {"script":"<script> [1562 bytes]","args":[{"selector":{"id":"application-manageconditionprice-display-component---newCondition--condValue","interaction":{"idSuffix":"inner"}},"wdio_ui5_key":"applicationmanageconditionprice-display-component---newCondition--condValue"}]}
RESULT: undefined
COMMAND: POST /session/296c3ef822005440bb291597a564fd04/execute/async - {"script":"<script> [776 bytes]","args":[{"enterText":"200","selector":{"id":"application-manageconditionprice-display-component---newCondition--condValue","interaction":{"idSuffix":"inner"}},"clearTextFirst":true,"interactionType":"ENTER_TEXT"}]}
RESULT: {"script":"<script> [776 bytes]","args":[{"enterText":"200","selector":{"id":"application-manageconditionprice-display-component---newCondition--condValue","interaction":{"idSuffix":"inner"}},"clearTextFirst":true,"interactionType":"ENTER_TEXT"}]}
COMMAND: POST /session/296c3ef822005440bb291597a564fd04/execute/async - {"script":"<script> [1562 bytes]","args":[{"selector":{"id":"application-manageconditionprice-display-component---newCondition--condCurr-arrow"},"wdio_ui5_key":"applicationmanageconditionprice-display-component---newCondition--condCurr-arrow"}]}
RESULT: {"script":"<script> [1562 bytes]","args":[{"selector":{"id":"application-manageconditionprice-display-component---newCondition--condCurr-arrow"},"wdio_ui5_key":"applicationmanageconditionprice-display-component---newCondition--condCurr-arrow"}]}
RESULT: undefined
COMMAND: POST /session/296c3ef822005440bb291597a564fd04/element - {"using":"xpath","value":"//*[@id=\"application-manageconditionprice-display-component---newCondition--condCurr-arrow\"]"}
RESULT: {"using":"xpath","value":"//*[@id=\"application-manageconditionprice-display-component---newCondition--condCurr-arrow\"]"}
COMMAND: POST /session/296c3ef822005440bb291597a564fd04/element/f.A5EAE1E31C780A7B6C1CBBD175F5DD1B.d.8517C267BC13C7A3ABB57C11F3E68CFD.e.1930/click - {}
RESULT: {}
COMMAND: POST /session/296c3ef822005440bb291597a564fd04/element - {"using":"xpath","value":"//span[contains(text(), \"Euro\")]"}
COMMAND: GET /session/296c3ef822005440bb291597a564fd04/screenshot - {}
RESULT: {"using":"xpath","value":"//span[contains(text(), \"Euro\")]"}
COMMAND: POST /session/296c3ef822005440bb291597a564fd04/element/f.A5EAE1E31C780A7B6C1CBBD175F5DD1B.d.8517C267BC13C7A3ABB57C11F3E68CFD.e.1999/click - {}
RESULT: {}
RESULT: {}
COMMAND: POST /session/296c3ef822005440bb291597a564fd04/element - {"using":"xpath","value":"//button[@data-kt=\"saveButton\"]"}
COMMAND: GET /session/296c3ef822005440bb291597a564fd04/screenshot - {}
RESULT: {"using":"xpath","value":"//button[@data-kt=\"saveButton\"]"}
COMMAND: POST /session/296c3ef822005440bb291597a564fd04/element/f.A5EAE1E31C780A7B6C1CBBD175F5DD1B.d.8517C267BC13C7A3ABB57C11F3E68CFD.e.1931/click - {}
RESULT: {}
RESULT: {}
COMMAND: GET /session/296c3ef822005440bb291597a564fd04/screenshot - {}
RESULT: {}
COMMAND: POST /session/296c3ef822005440bb291597a564fd04/execute/async - {"script":"<script> [1562 bytes]","args":[{"selector":{"id":"application-manageconditionprice-display-component---conditions--smartFilterBar-btnBasicSearch","interaction":{"idSuffix":"I"}},"wdio_ui5_key":"applicationmanageconditionprice-display-component---conditions--smartFilterBar-btnBasicSearch"}]}
RESULT: {"script":"<script> [1562 bytes]","args":[{"selector":{"id":"application-manageconditionprice-display-component---conditions--smartFilterBar-btnBasicSearch","interaction":{"idSuffix":"I"}},"wdio_ui5_key":"applicationmanageconditionprice-display-component---conditions--smartFilterBar-btnBasicSearch"}]}
RESULT: undefined
COMMAND: POST /session/296c3ef822005440bb291597a564fd04/execute/async - {"script":"<script> [776 bytes]","args":[{"enterText":"TJNYPTdCKJ","selector":{"id":"application-manageconditionprice-display-component---conditions--smartFilterBar-btnBasicSearch","interaction":{"idSuffix":"I"}},"clearTextFirst":true,"interactionType":"ENTER_TEXT"}]}
RESULT: {"script":"<script> [776 bytes]","args":[{"enterText":"TJNYPTdCKJ","selector":{"id":"application-manageconditionprice-display-component---conditions--smartFilterBar-btnBasicSearch","interaction":{"idSuffix":"I"}},"clearTextFirst":true,"interactionType":"ENTER_TEXT"}]}
COMMAND: POST /session/296c3ef822005440bb291597a564fd04/actions - {"actions":[{"id":"action8","type":"key","parameters":{},"actions":[{"type":"keyDown","value":"î€‡"},{"type":"pause","duration":10},{"type":"keyUp","value":"î€‡"}]}]}
RESULT: {"actions":[{"id":"action8","type":"key","parameters":{},"actions":[{"type":"keyDown","value":"î€‡"},{"type":"pause","duration":10},{"type":"keyUp","value":"î€‡"}]}]}
COMMAND: GET /session/296c3ef822005440bb291597a564fd04/screenshot - {}
RESULT: {}
COMMAND: POST /session/296c3ef822005440bb291597a564fd04/execute/async - {"script":"<script> [1562 bytes]","args":[{"selector":{"id":"application-manageconditionprice-display-component---conditions--smartFilterBar-filterItemControl_BASIC-BILL_TYPES-vhi"},"wdio_ui5_key":"applicationmanageconditionprice-display-component---conditions--smartFilterBar-filterItemControl_BASIC-BILL_TYPES-vhi"}]}
RESULT: {"script":"<script> [1562 bytes]","args":[{"selector":{"id":"application-manageconditionprice-display-component---conditions--smartFilterBar-filterItemControl_BASIC-BILL_TYPES-vhi"},"wdio_ui5_key":"applicationmanageconditionprice-display-component---conditions--smartFilterBar-filterItemControl_BASIC-BILL_TYPES-vhi"}]}
RESULT: undefined
COMMAND: POST /session/296c3ef822005440bb291597a564fd04/element - {"using":"xpath","value":"//*[@id=\"application-manageconditionprice-display-component---conditions--smartFilterBar-filterItemControl_BASIC-BILL_TYPES-vhi\"]"}
RESULT: {"using":"xpath","value":"//*[@id=\"application-manageconditionprice-display-component---conditions--smartFilterBar-filterItemControl_BASIC-BILL_TYPES-vhi\"]"}
COMMAND: POST /session/296c3ef822005440bb291597a564fd04/element/f.A5EAE1E31C780A7B6C1CBBD175F5DD1B.d.8517C267BC13C7A3ABB57C11F3E68CFD.e.2106/click - {}
RESULT: {}
COMMAND: POST /session/296c3ef822005440bb291597a564fd04/execute/async - {"script":"<script> [1562 bytes]","args":[{"selector":{"id":"application-manageconditionprice-display-component---conditions--smartFilterBar-filterItemControl_BASIC-BILL_TYPES-valueHelpDialog-smartFilterBar-btnBasicSearch","searchOpenDialogs":true,"interaction":{"idSuffix":"I"}},"wdio_ui5_key":"applicationmanageconditionprice-display-component---conditions--smartFilterBar-filterItemControl_BASIC-BILL_TYPES-valueHelpDialog-smartFilterBar-btnBasicSearch"}]}
COMMAND: GET /session/296c3ef822005440bb291597a564fd04/screenshot - {}
RESULT: {"script":"<script> [1562 bytes]","args":[{"selector":{"id":"application-manageconditionprice-display-component---conditions--smartFilterBar-filterItemControl_BASIC-BILL_TYPES-valueHelpDialog-smartFilterBar-btnBasicSearch","searchOpenDialogs":true,"interaction":{"idSuffix":"I"}},"wdio_ui5_key":"applicationmanageconditionprice-display-component---conditions--smartFilterBar-filterItemControl_BASIC-BILL_TYPES-valueHelpDialog-smartFilterBar-btnBasicSearch"}]}
RESULT: undefined
COMMAND: POST /session/296c3ef822005440bb291597a564fd04/execute/async - {"script":"<script> [776 bytes]","args":[{"enterText":"one","selector":{"id":"application-manageconditionprice-display-component---conditions--smartFilterBar-filterItemControl_BASIC-BILL_TYPES-valueHelpDialog-smartFilterBar-btnBasicSearch","searchOpenDialogs":true,"interaction":{"idSuffix":"I"}},"clearTextFirst":true,"interactionType":"ENTER_TEXT"}]}
RESULT: {}
RESULT: {"script":"<script> [776 bytes]","args":[{"enterText":"one","selector":{"id":"application-manageconditionprice-display-component---conditions--smartFilterBar-filterItemControl_BASIC-BILL_TYPES-valueHelpDialog-smartFilterBar-btnBasicSearch","searchOpenDialogs":true,"interaction":{"idSuffix":"I"}},"clearTextFirst":true,"interactionType":"ENTER_TEXT"}]}
COMMAND: POST /session/296c3ef822005440bb291597a564fd04/actions - {"actions":[{"id":"action9","type":"key","parameters":{},"actions":[{"type":"keyDown","value":"î€‡"},{"type":"pause","duration":10},{"type":"keyUp","value":"î€‡"}]}]}
RESULT: {"actions":[{"id":"action9","type":"key","parameters":{},"actions":[{"type":"keyDown","value":"î€‡"},{"type":"pause","duration":10},{"type":"keyUp","value":"î€‡"}]}]}
COMMAND: GET /session/296c3ef822005440bb291597a564fd04/screenshot - {}
RESULT: {}
COMMAND: POST /session/296c3ef822005440bb291597a564fd04/element - {"using":"xpath","value":"//div[contains(@id, 'application-manageconditionprice-display-component---conditions--smartFilterBar-filterItemControl_BASIC-BILL_TYPES-valueHelpDialog-table-rowsel0')]"}
RESULT: {"using":"xpath","value":"//div[contains(@id, 'application-manageconditionprice-display-component---conditions--smartFilterBar-filterItemControl_BASIC-BILL_TYPES-valueHelpDialog-table-rowsel0')]"}
COMMAND: POST /session/296c3ef822005440bb291597a564fd04/element/f.A5EAE1E31C780A7B6C1CBBD175F5DD1B.d.8517C267BC13C7A3ABB57C11F3E68CFD.e.2116/click - {}
RESULT: {}
COMMAND: GET /session/296c3ef822005440bb291597a564fd04/screenshot - {}
RESULT: {}
COMMAND: POST /session/296c3ef822005440bb291597a564fd04/element - {"using":"xpath","value":"//bdi[contains(text(), \"OK\")]"}
RESULT: {"using":"xpath","value":"//bdi[contains(text(), \"OK\")]"}
COMMAND: POST /session/296c3ef822005440bb291597a564fd04/element/f.A5EAE1E31C780A7B6C1CBBD175F5DD1B.d.8517C267BC13C7A3ABB57C11F3E68CFD.e.2118/click - {}
RESULT: {}
COMMAND: GET /session/296c3ef822005440bb291597a564fd04/screenshot - {}
RESULT: {}
COMMAND: POST /session/296c3ef822005440bb291597a564fd04/element - {"using":"xpath","value":"//span[@id=\"application-manageconditionprice-display-component---conditions--smartTable-header-inner\"]"}
RESULT: {"using":"xpath","value":"//span[@id=\"application-manageconditionprice-display-component---conditions--smartTable-header-inner\"]"}
COMMAND: POST /session/296c3ef822005440bb291597a564fd04/elements - {"using":"xpath","value":"//span[@id=\"application-manageconditionprice-display-component---conditions--smartTable-header-inner\"]"}
RESULT: {"using":"xpath","value":"//span[@id=\"application-manageconditionprice-display-component---conditions--smartTable-header-inner\"]"}
COMMAND: POST /session/296c3ef822005440bb291597a564fd04/execute/sync - {"script":"<script> [56 bytes]","args":[{"element-6066-11e4-a52e-4f735466cecf":"f.A5EAE1E31C780A7B6C1CBBD175F5DD1B.d.8517C267BC13C7A3ABB57C11F3E68CFD.e.2121","ELEMENT":"f.A5EAE1E31C780A7B6C1CBBD175F5DD1B.d.8517C267BC13C7A3ABB57C11F3E68CFD.e.2121"}]}
RESULT: {"script":"<script> [56 bytes]","args":[{"element-6066-11e4-a52e-4f735466cecf":"f.A5EAE1E31C780A7B6C1CBBD175F5DD1B.d.8517C267BC13C7A3ABB57C11F3E68CFD.e.2121","ELEMENT":"f.A5EAE1E31C780A7B6C1CBBD175F5DD1B.d.8517C267BC13C7A3ABB57C11F3E68CFD.e.2121"}]}
COMMAND: POST /session/296c3ef822005440bb291597a564fd04/element - {"using":"css selector","value":"#shell-header-logo"}
COMMAND: GET /session/296c3ef822005440bb291597a564fd04/screenshot - {}
RESULT: {"using":"css selector","value":"#shell-header-logo"}
COMMAND: POST /session/296c3ef822005440bb291597a564fd04/element/f.A5EAE1E31C780A7B6C1CBBD175F5DD1B.d.8517C267BC13C7A3ABB57C11F3E68CFD.e.1707/click - {}
RESULT: {}
RESULT: {}
COMMAND: GET /session/296c3ef822005440bb291597a564fd04/screenshot - {}
RESULT: {}
COMMAND: POST /session/296c3ef822005440bb291597a564fd04/element - {"using":"css selector","value":"#j_username"}
COMMAND: POST /session/296c3ef822005440bb291597a564fd04/url - {"url":"https://qa-testing-00-live-etm-ui.cfapps.eu10-004.hana.ondemand.com/"}
RESULT: {"using":"css selector","value":"#j_username"}
COMMAND: POST /session/296c3ef822005440bb291597a564fd04/element - {"using":"css selector","value":"#j_username"}
RESULT: {"url":"https://qa-testing-00-live-etm-ui.cfapps.eu10-004.hana.ondemand.com/"}
RESULT: undefined
COMMAND: GET /session/296c3ef822005440bb291597a564fd04/screenshot - {}
RESULT: {"using":"css selector","value":"#j_username"}
COMMAND: POST /session/296c3ef822005440bb291597a564fd04/element - {"using":"css selector","value":"#shell-header-logo"}
RESULT: {}
RESULT: {"using":"css selector","value":"#shell-header-logo"}
COMMAND: POST /session/296c3ef822005440bb291597a564fd04/execute/sync - {"script":"<script> [8489 bytes]","args":[{"element-6066-11e4-a52e-4f735466cecf":"f.A5EAE1E31C780A7B6C1CBBD175F5DD1B.d.5FD42F945ABF0CA2E1DB4FD9187316C1.e.2200","ELEMENT":"f.A5EAE1E31C780A7B6C1CBBD175F5DD1B.d.5FD42F945ABF0CA2E1DB4FD9187316C1.e.2200"}]}
RESULT: {"script":"<script> [8489 bytes]","args":[{"element-6066-11e4-a52e-4f735466cecf":"f.A5EAE1E31C780A7B6C1CBBD175F5DD1B.d.5FD42F945ABF0CA2E1DB4FD9187316C1.e.2200","ELEMENT":"f.A5EAE1E31C780A7B6C1CBBD175F5DD1B.d.5FD42F945ABF0CA2E1DB4FD9187316C1.e.2200"}]}
COMMAND: POST /session/296c3ef822005440bb291597a564fd04/element - {"using":"css selector","value":"#shell-header-logo"}
COMMAND: GET /session/296c3ef822005440bb291597a564fd04/screenshot - {}
RESULT: {"using":"css selector","value":"#shell-header-logo"}
COMMAND: POST /session/296c3ef822005440bb291597a564fd04/execute/sync - {"script":"<script> [8489 bytes]","args":[{"element-6066-11e4-a52e-4f735466cecf":"f.A5EAE1E31C780A7B6C1CBBD175F5DD1B.d.5FD42F945ABF0CA2E1DB4FD9187316C1.e.2200","ELEMENT":"f.A5EAE1E31C780A7B6C1CBBD175F5DD1B.d.5FD42F945ABF0CA2E1DB4FD9187316C1.e.2200"}]}
RESULT: {}
RESULT: {"script":"<script> [8489 bytes]","args":[{"element-6066-11e4-a52e-4f735466cecf":"f.A5EAE1E31C780A7B6C1CBBD175F5DD1B.d.5FD42F945ABF0CA2E1DB4FD9187316C1.e.2200","ELEMENT":"f.A5EAE1E31C780A7B6C1CBBD175F5DD1B.d.5FD42F945ABF0CA2E1DB4FD9187316C1.e.2200"}]}
COMMAND: POST /session/296c3ef822005440bb291597a564fd04/execute/sync - {"script":"<script> [5351 bytes]","args":[{"element-6066-11e4-a52e-4f735466cecf":"f.A5EAE1E31C780A7B6C1CBBD175F5DD1B.d.5FD42F945ABF0CA2E1DB4FD9187316C1.e.2200","ELEMENT":"f.A5EAE1E31C780A7B6C1CBBD175F5DD1B.d.5FD42F945ABF0CA2E1DB4FD9187316C1.e.2200"}]}
COMMAND: GET /session/296c3ef822005440bb291597a564fd04/screenshot - {}
RESULT: {"script":"<script> [5351 bytes]","args":[{"element-6066-11e4-a52e-4f735466cecf":"f.A5EAE1E31C780A7B6C1CBBD175F5DD1B.d.5FD42F945ABF0CA2E1DB4FD9187316C1.e.2200","ELEMENT":"f.A5EAE1E31C780A7B6C1CBBD175F5DD1B.d.5FD42F945ABF0CA2E1DB4FD9187316C1.e.2200"}]}
COMMAND: POST /session/296c3ef822005440bb291597a564fd04/element - {"using":"css selector","value":"#shell-header-logo"}
COMMAND: GET /session/296c3ef822005440bb291597a564fd04/screenshot - {}
RESULT: {}
RESULT: {"using":"css selector","value":"#shell-header-logo"}
COMMAND: POST /session/296c3ef822005440bb291597a564fd04/element/f.A5EAE1E31C780A7B6C1CBBD175F5DD1B.d.5FD42F945ABF0CA2E1DB4FD9187316C1.e.2200/click - {}
RESULT: {}
RESULT: {}
COMMAND: GET /session/296c3ef822005440bb291597a564fd04/screenshot - {}
RESULT: {}
COMMAND: POST /session/296c3ef822005440bb291597a564fd04/execute/async - {"script":"<script> [189 bytes]","args":[]}
RESULT: {"script":"<script> [189 bytes]","args":[]}
COMMAND: POST /session/296c3ef822005440bb291597a564fd04/execute/async - {"script":"<script> [123 bytes]","args":[]}
RESULT: {"script":"<script> [123 bytes]","args":[]}
COMMAND: POST /session/296c3ef822005440bb291597a564fd04/timeouts - {"script":"<number>"}
RESULT: {"script":"<number>"}
COMMAND: GET /session/296c3ef822005440bb291597a564fd04/timeouts - {}
RESULT: {}
RESULT: undefined
COMMAND: POST /session/296c3ef822005440bb291597a564fd04/execute/async - {"script":"<script> [2676 bytes]","args":[]}
RESULT: {"script":"<script> [2676 bytes]","args":[]}
COMMAND: POST /session/296c3ef822005440bb291597a564fd04/execute/async - {"script":"<script> [2342 bytes]","args":[{"protocol":"http","hostname":"0.0.0.0","path":"/","capabilities":{"browserName":"chrome","goog:chromeOptions":{"binary":"C:\\Program Files\\Google\\Chrome\\Application\\chrome.exe","args":["--start-maximized"]}},"logLevel":"warn","connectionRetryTimeout":120000,"connectionRetryCount":3,"logLevels":{},"enableDirectConnect":true,"strictSSL":true,"_":"65 more keys: [\"cacheDir\",\"port\",\"requestedCapabilities\",\"automationProtocol\",\"baseUrl\",\"waitforInterval\",\"waitforTimeout\",\"onReload\",\"beforeCommand\",\"afterCommand\",\"rootDir\",\"specs\",\"suites\",\"exclude\",\"groupLogsByTestSpec\",\"excludeDriverLogs\",\"bail\",\"framework\",\"reporters\",\"services\",\"maxInstances\",\"maxInstancesPerCapability\",\"injectGlobals\",\"filesToWatch\",\"execArgv\",\"runnerEnv\",\"runner\",\"shard\",\"specFileRetries\",\"specFileRetriesDelay\",\"specFileRetriesDeferred\",\"reporterSyncInterval\",\"reporterSyncTimeout\",\"cucumberFeaturesWithLineNumbers\",\"autoCompileOpts\",\"mochaOpts\",\"jasmineOpts\",\"cucumberOpts\",\"onPrepare\",\"onWorkerStart\",\"onWorkerEnd\",\"before\",\"beforeSession\",\"beforeSuite\",\"beforeHook\",\"beforeTest\",\"afterTest\",\"afterHook\",\"afterSuite\",\"afterSession\",\"after\",\"onComplete\",\"beforeAssertion\",\"afterAssertion\",\"beforeFeature\",\"beforeScenario\",\"beforeStep\",\"afterStep\",\"afterScenario\",\"afterFeature\",\"_\",\"suite\",\"$0\",\"ignoredWorkerServices\",\"wdi5\"]"}]}
RESULT: {"script":"<script> [2342 bytes]","args":[{"protocol":"http","hostname":"0.0.0.0","path":"/","capabilities":{"browserName":"chrome","goog:chromeOptions":{"binary":"C:\\Program Files\\Google\\Chrome\\Application\\chrome.exe","args":["--start-maximized"]}},"logLevel":"warn","connectionRetryTimeout":120000,"connectionRetryCount":3,"logLevels":{},"enableDirectConnect":true,"strictSSL":true,"_":"65 more keys: [\"cacheDir\",\"port\",\"requestedCapabilities\",\"automationProtocol\",\"baseUrl\",\"waitforInterval\",\"waitforTimeout\",\"onReload\",\"beforeCommand\",\"afterCommand\",\"rootDir\",\"specs\",\"suites\",\"exclude\",\"groupLogsByTestSpec\",\"excludeDriverLogs\",\"bail\",\"framework\",\"reporters\",\"services\",\"maxInstances\",\"maxInstancesPerCapability\",\"injectGlobals\",\"filesToWatch\",\"execArgv\",\"runnerEnv\",\"runner\",\"shard\",\"specFileRetries\",\"specFileRetriesDelay\",\"specFileRetriesDeferred\",\"reporterSyncInterval\",\"reporterSyncTimeout\",\"cucumberFeaturesWithLineNumbers\",\"autoCompileOpts\",\"mochaOpts\",\"jasmineOpts\",\"cucumberOpts\",\"onPrepare\",\"onWorkerStart\",\"onWorkerEnd\",\"before\",\"beforeSession\",\"beforeSuite\",\"beforeHook\",\"beforeTest\",\"afterTest\",\"afterHook\",\"afterSuite\",\"afterSession\",\"after\",\"onComplete\",\"beforeAssertion\",\"afterAssertion\",\"beforeFeature\",\"beforeScenario\",\"beforeStep\",\"afterStep\",\"afterScenario\",\"afterFeature\",\"_\",\"suite\",\"$0\",\"ignoredWorkerServices\",\"wdi5\"]"}]}
COMMAND: POST /session/296c3ef822005440bb291597a564fd04/execute/async - {"script":"<script> [21126 bytes]","args":[35000]}
RESULT: {"script":"<script> [21126 bytes]","args":[35000]}
COMMAND: POST /session/296c3ef822005440bb291597a564fd04/window/maximize - {}
RESULT: {}
COMMAND: POST /session/296c3ef822005440bb291597a564fd04/execute/async - {"script":"<script> [1562 bytes]","args":[{"selector":{"id":"shell-header","interaction":{"idSuffix":"icon"}},"wdio_ui5_key":"shellheader"}]}
COMMAND: GET /session/296c3ef822005440bb291597a564fd04/screenshot - {}
RESULT: {"script":"<script> [1562 bytes]","args":[{"selector":{"id":"shell-header","interaction":{"idSuffix":"icon"}},"wdio_ui5_key":"shellheader"}]}
RESULT: undefined
COMMAND: POST /session/296c3ef822005440bb291597a564fd04/refresh - {}
RESULT: {}
RESULT: {}
COMMAND: GET /session/296c3ef822005440bb291597a564fd04/screenshot - {}
RESULT: {}
COMMAND: POST /session/296c3ef822005440bb291597a564fd04/refresh - {}
RESULT: {}
COMMAND: GET /session/296c3ef822005440bb291597a564fd04/screenshot - {}
RESULT: {}
COMMAND: POST /session/296c3ef822005440bb291597a564fd04/window/fullscreen - {}
RESULT: {}
COMMAND: POST /session/296c3ef822005440bb291597a564fd04/execute/async - {"script":"<script> [189 bytes]","args":[]}
RESULT: {"script":"<script> [189 bytes]","args":[]}
COMMAND: POST /session/296c3ef822005440bb291597a564fd04/execute/async - {"script":"<script> [123 bytes]","args":[]}
RESULT: {"script":"<script> [123 bytes]","args":[]}
COMMAND: POST /session/296c3ef822005440bb291597a564fd04/timeouts - {"script":"<number>"}
RESULT: {"script":"<number>"}
COMMAND: GET /session/296c3ef822005440bb291597a564fd04/timeouts - {}
RESULT: {}
RESULT: undefined
COMMAND: POST /session/296c3ef822005440bb291597a564fd04/execute/async - {"script":"<script> [2676 bytes]","args":[]}
RESULT: {"script":"<script> [2676 bytes]","args":[]}
COMMAND: POST /session/296c3ef822005440bb291597a564fd04/execute/async - {"script":"<script> [2342 bytes]","args":[{"protocol":"http","hostname":"0.0.0.0","path":"/","capabilities":{"browserName":"chrome","goog:chromeOptions":{"binary":"C:\\Program Files\\Google\\Chrome\\Application\\chrome.exe","args":["--start-maximized"]}},"logLevel":"warn","connectionRetryTimeout":120000,"connectionRetryCount":3,"logLevels":{},"enableDirectConnect":true,"strictSSL":true,"_":"65 more keys: [\"cacheDir\",\"port\",\"requestedCapabilities\",\"automationProtocol\",\"baseUrl\",\"waitforInterval\",\"waitforTimeout\",\"onReload\",\"beforeCommand\",\"afterCommand\",\"rootDir\",\"specs\",\"suites\",\"exclude\",\"groupLogsByTestSpec\",\"excludeDriverLogs\",\"bail\",\"framework\",\"reporters\",\"services\",\"maxInstances\",\"maxInstancesPerCapability\",\"injectGlobals\",\"filesToWatch\",\"execArgv\",\"runnerEnv\",\"runner\",\"shard\",\"specFileRetries\",\"specFileRetriesDelay\",\"specFileRetriesDeferred\",\"reporterSyncInterval\",\"reporterSyncTimeout\",\"cucumberFeaturesWithLineNumbers\",\"autoCompileOpts\",\"mochaOpts\",\"jasmineOpts\",\"cucumberOpts\",\"onPrepare\",\"onWorkerStart\",\"onWorkerEnd\",\"before\",\"beforeSession\",\"beforeSuite\",\"beforeHook\",\"beforeTest\",\"afterTest\",\"afterHook\",\"afterSuite\",\"afterSession\",\"after\",\"onComplete\",\"beforeAssertion\",\"afterAssertion\",\"beforeFeature\",\"beforeScenario\",\"beforeStep\",\"afterStep\",\"afterScenario\",\"afterFeature\",\"_\",\"suite\",\"$0\",\"ignoredWorkerServices\",\"wdi5\"]"}]}
RESULT: {"script":"<script> [2342 bytes]","args":[{"protocol":"http","hostname":"0.0.0.0","path":"/","capabilities":{"browserName":"chrome","goog:chromeOptions":{"binary":"C:\\Program Files\\Google\\Chrome\\Application\\chrome.exe","args":["--start-maximized"]}},"logLevel":"warn","connectionRetryTimeout":120000,"connectionRetryCount":3,"logLevels":{},"enableDirectConnect":true,"strictSSL":true,"_":"65 more keys: [\"cacheDir\",\"port\",\"requestedCapabilities\",\"automationProtocol\",\"baseUrl\",\"waitforInterval\",\"waitforTimeout\",\"onReload\",\"beforeCommand\",\"afterCommand\",\"rootDir\",\"specs\",\"suites\",\"exclude\",\"groupLogsByTestSpec\",\"excludeDriverLogs\",\"bail\",\"framework\",\"reporters\",\"services\",\"maxInstances\",\"maxInstancesPerCapability\",\"injectGlobals\",\"filesToWatch\",\"execArgv\",\"runnerEnv\",\"runner\",\"shard\",\"specFileRetries\",\"specFileRetriesDelay\",\"specFileRetriesDeferred\",\"reporterSyncInterval\",\"reporterSyncTimeout\",\"cucumberFeaturesWithLineNumbers\",\"autoCompileOpts\",\"mochaOpts\",\"jasmineOpts\",\"cucumberOpts\",\"onPrepare\",\"onWorkerStart\",\"onWorkerEnd\",\"before\",\"beforeSession\",\"beforeSuite\",\"beforeHook\",\"beforeTest\",\"afterTest\",\"afterHook\",\"afterSuite\",\"afterSession\",\"after\",\"onComplete\",\"beforeAssertion\",\"afterAssertion\",\"beforeFeature\",\"beforeScenario\",\"beforeStep\",\"afterStep\",\"afterScenario\",\"afterFeature\",\"_\",\"suite\",\"$0\",\"ignoredWorkerServices\",\"wdi5\"]"}]}
COMMAND: POST /session/296c3ef822005440bb291597a564fd04/execute/async - {"script":"<script> [21126 bytes]","args":[35000]}
RESULT: {"script":"<script> [21126 bytes]","args":[35000]}
]]></system-out>
    </testcase>
  </testsuite>
  <testsuite timestamp="2025-05-05T05:42:22" time="116.068" tests="3" failures="0" errors="0" skipped="0">
    <properties>
      <property name="specId" value="0" />
      <property name="suiteName" value="Set up pricing rule(OT) 104624" />
      <property name="capabilities" value="chrome.135_0_7049_96.windows" />
      <property name="file" value="file:///D:/a/1/s/test/specs/BTS/create-pricing-rule.spec.js" />
    </properties>
    <testcase classname="chrome.135_0_7049_96.windows.Set_up_pricing_rule(OT)_104624" name="Should create a new yard used for all following tests" time="0.023">
      <system-out><![CDATA[
COMMAND: POST /session/296c3ef822005440bb291597a564fd04/window/fullscreen - {}
RESULT: {}
]]></system-out>
    </testcase>
    <testcase classname="chrome.135_0_7049_96.windows.Set_up_pricing_rule(OT)_104624" name="Should create a new equipment used for all following tests" time="0.004" />
    <testcase classname="chrome.135_0_7049_96.windows.Set_up_pricing_rule(OT)_104624" name="Should create new pricing rule on the created resource from earlier module or above" time="63.603">
      <system-out><![CDATA[
COMMAND: POST /session/296c3ef822005440bb291597a564fd04/execute/async - {"script":"<script> [1562 bytes]","args":[{"selector":{"controlType":"sap.m.Text","properties":{"text":"Manage Pricing Rules"},"interaction":{"idSuffix":"inner"}},"wdio_ui5_key":"sapm.Text{\"text\":\"Manage Pricing Rules\"}"}]}
RESULT: {"script":"<script> [1562 bytes]","args":[{"selector":{"controlType":"sap.m.Text","properties":{"text":"Manage Pricing Rules"},"interaction":{"idSuffix":"inner"}},"wdio_ui5_key":"sapm.Text{\"text\":\"Manage Pricing Rules\"}"}]}
RESULT: undefined
COMMAND: POST /session/296c3ef822005440bb291597a564fd04/element - {"using":"xpath","value":"//*[@id=\"__tile55-title\"]"}
RESULT: {"using":"xpath","value":"//*[@id=\"__tile55-title\"]"}
COMMAND: POST /session/296c3ef822005440bb291597a564fd04/element/f.A5EAE1E31C780A7B6C1CBBD175F5DD1B.d.570A9DFA07B068E35559AF61860165A0.e.2425/click - {}
RESULT: {}
COMMAND: POST /session/296c3ef822005440bb291597a564fd04/execute/async - {"script":"<script> [1562 bytes]","args":[{"selector":{"controlType":"sap.ui.core.Icon","viewName":"etm.portal.ui.managepricingrules.view.MasterHeader","viewId":"application-managepricingrules-display-component---priceInfoHeader","properties":{"src":{"regex":{"source":"activity\\-items"}}}},"wdio_ui5_key":"etmportal.ui.managepricingrules.view.MasterHeadersap.ui.core.Icon{\"src\":{\"regex\":{\"source\":\"activity\\\\-items\"}}}"}]}
COMMAND: GET /session/296c3ef822005440bb291597a564fd04/screenshot - {}
RESULT: {"script":"<script> [1562 bytes]","args":[{"selector":{"controlType":"sap.ui.core.Icon","viewName":"etm.portal.ui.managepricingrules.view.MasterHeader","viewId":"application-managepricingrules-display-component---priceInfoHeader","properties":{"src":{"regex":{"source":"activity\\-items"}}}},"wdio_ui5_key":"etmportal.ui.managepricingrules.view.MasterHeadersap.ui.core.Icon{\"src\":{\"regex\":{\"source\":\"activity\\\\-items\"}}}"}]}
RESULT: undefined
COMMAND: POST /session/296c3ef822005440bb291597a564fd04/element - {"using":"xpath","value":"//*[@id=\"__filter1-icon\"]"}
RESULT: {}
RESULT: {"using":"xpath","value":"//*[@id=\"__filter1-icon\"]"}
COMMAND: POST /session/296c3ef822005440bb291597a564fd04/element/f.A5EAE1E31C780A7B6C1CBBD175F5DD1B.d.570A9DFA07B068E35559AF61860165A0.e.2474/click - {}
RESULT: {}
COMMAND: GET /session/296c3ef822005440bb291597a564fd04/screenshot - {}
RESULT: {}
COMMAND: POST /session/296c3ef822005440bb291597a564fd04/element - {"using":"xpath","value":"//button[@data-kt=\"addButton\"]"}
RESULT: {"using":"xpath","value":"//button[@data-kt=\"addButton\"]"}
COMMAND: POST /session/296c3ef822005440bb291597a564fd04/elements - {"using":"xpath","value":"//button[@data-kt=\"addButton\"]"}
RESULT: {"using":"xpath","value":"//button[@data-kt=\"addButton\"]"}
COMMAND: POST /session/296c3ef822005440bb291597a564fd04/execute/sync - {"script":"<script> [8489 bytes]","args":[{"element-6066-11e4-a52e-4f735466cecf":"f.A5EAE1E31C780A7B6C1CBBD175F5DD1B.d.570A9DFA07B068E35559AF61860165A0.e.2516","ELEMENT":"f.A5EAE1E31C780A7B6C1CBBD175F5DD1B.d.570A9DFA07B068E35559AF61860165A0.e.2516"}]}
RESULT: {"script":"<script> [8489 bytes]","args":[{"element-6066-11e4-a52e-4f735466cecf":"f.A5EAE1E31C780A7B6C1CBBD175F5DD1B.d.570A9DFA07B068E35559AF61860165A0.e.2516","ELEMENT":"f.A5EAE1E31C780A7B6C1CBBD175F5DD1B.d.570A9DFA07B068E35559AF61860165A0.e.2516"}]}
COMMAND: GET /session/296c3ef822005440bb291597a564fd04/element/f.A5EAE1E31C780A7B6C1CBBD175F5DD1B.d.570A9DFA07B068E35559AF61860165A0.e.2516/enabled - {}
COMMAND: GET /session/296c3ef822005440bb291597a564fd04/screenshot - {}
RESULT: {}
COMMAND: POST /session/296c3ef822005440bb291597a564fd04/execute/sync - {"script":"<script> [8489 bytes]","args":[{"element-6066-11e4-a52e-4f735466cecf":"f.A5EAE1E31C780A7B6C1CBBD175F5DD1B.d.570A9DFA07B068E35559AF61860165A0.e.2516","ELEMENT":"f.A5EAE1E31C780A7B6C1CBBD175F5DD1B.d.570A9DFA07B068E35559AF61860165A0.e.2516"}]}
COMMAND: GET /session/296c3ef822005440bb291597a564fd04/screenshot - {}
RESULT: {}
RESULT: {"script":"<script> [8489 bytes]","args":[{"element-6066-11e4-a52e-4f735466cecf":"f.A5EAE1E31C780A7B6C1CBBD175F5DD1B.d.570A9DFA07B068E35559AF61860165A0.e.2516","ELEMENT":"f.A5EAE1E31C780A7B6C1CBBD175F5DD1B.d.570A9DFA07B068E35559AF61860165A0.e.2516"}]}
COMMAND: POST /session/296c3ef822005440bb291597a564fd04/execute/sync - {"script":"<script> [5351 bytes]","args":[{"element-6066-11e4-a52e-4f735466cecf":"f.A5EAE1E31C780A7B6C1CBBD175F5DD1B.d.570A9DFA07B068E35559AF61860165A0.e.2516","ELEMENT":"f.A5EAE1E31C780A7B6C1CBBD175F5DD1B.d.570A9DFA07B068E35559AF61860165A0.e.2516"}]}
COMMAND: GET /session/296c3ef822005440bb291597a564fd04/screenshot - {}
RESULT: {}
RESULT: {"script":"<script> [5351 bytes]","args":[{"element-6066-11e4-a52e-4f735466cecf":"f.A5EAE1E31C780A7B6C1CBBD175F5DD1B.d.570A9DFA07B068E35559AF61860165A0.e.2516","ELEMENT":"f.A5EAE1E31C780A7B6C1CBBD175F5DD1B.d.570A9DFA07B068E35559AF61860165A0.e.2516"}]}
COMMAND: POST /session/296c3ef822005440bb291597a564fd04/element/f.A5EAE1E31C780A7B6C1CBBD175F5DD1B.d.570A9DFA07B068E35559AF61860165A0.e.2516/click - {}
COMMAND: GET /session/296c3ef822005440bb291597a564fd04/screenshot - {}
RESULT: {}
RESULT: {}
COMMAND: GET /session/296c3ef822005440bb291597a564fd04/screenshot - {}
RESULT: {}
RESULT: {}
COMMAND: POST /session/296c3ef822005440bb291597a564fd04/execute/async - {"script":"<script> [1562 bytes]","args":[{"selector":{"controlType":"sap.m.Title","viewName":"etm.portal.ui.managepricingrules.view.NewItem","viewId":"application-managepricingrules-display-component---newInfoPriceItem","properties":{"text":"New Pricing Rules - Item Level"}},"wdio_ui5_key":"etmportal.ui.managepricingrules.view.NewItemsap.m.Title{\"text\":\"New Pricing Rules - Item Level\"}"}]}
RESULT: {"script":"<script> [1562 bytes]","args":[{"selector":{"controlType":"sap.m.Title","viewName":"etm.portal.ui.managepricingrules.view.NewItem","viewId":"application-managepricingrules-display-component---newInfoPriceItem","properties":{"text":"New Pricing Rules - Item Level"}},"wdio_ui5_key":"etmportal.ui.managepricingrules.view.NewItemsap.m.Title{\"text\":\"New Pricing Rules - Item Level\"}"}]}
RESULT: undefined
COMMAND: POST /session/296c3ef822005440bb291597a564fd04/execute/async - {"script":"<script> [6424 bytes]","args":[{"element-6066-11e4-a52e-4f735466cecf":"f.A5EAE1E31C780A7B6C1CBBD175F5DD1B.d.570A9DFA07B068E35559AF61860165A0.e.2662"},"getText",[]]}
RESULT: {"script":"<script> [6424 bytes]","args":[{"element-6066-11e4-a52e-4f735466cecf":"f.A5EAE1E31C780A7B6C1CBBD175F5DD1B.d.570A9DFA07B068E35559AF61860165A0.e.2662"},"getText",[]]}
COMMAND: POST /session/296c3ef822005440bb291597a564fd04/execute/async - {"script":"<script> [1562 bytes]","args":[{"selector":{"id":"application-managepricingrules-display-component---newInfoPriceItem--condValidTo","interaction":{"idSuffix":"inner"}},"wdio_ui5_key":"applicationmanagepricingrules-display-component---newInfoPriceItem--condValidTo"}]}
RESULT: {"script":"<script> [1562 bytes]","args":[{"selector":{"id":"application-managepricingrules-display-component---newInfoPriceItem--condValidTo","interaction":{"idSuffix":"inner"}},"wdio_ui5_key":"applicationmanagepricingrules-display-component---newInfoPriceItem--condValidTo"}]}
RESULT: undefined
COMMAND: POST /session/296c3ef822005440bb291597a564fd04/execute/async - {"script":"<script> [776 bytes]","args":[{"enterText":"01/05/26","selector":{"id":"application-managepricingrules-display-component---newInfoPriceItem--condValidTo","interaction":{"idSuffix":"inner"}},"clearTextFirst":true,"interactionType":"ENTER_TEXT"}]}
RESULT: {"script":"<script> [776 bytes]","args":[{"enterText":"01/05/26","selector":{"id":"application-managepricingrules-display-component---newInfoPriceItem--condValidTo","interaction":{"idSuffix":"inner"}},"clearTextFirst":true,"interactionType":"ENTER_TEXT"}]}
COMMAND: POST /session/296c3ef822005440bb291597a564fd04/element - {"using":"xpath","value":"//input[@id=\"application-managepricingrules-display-component---newInfoPriceItem--condRU-inner\"]"}
RESULT: {"using":"xpath","value":"//input[@id=\"application-managepricingrules-display-component---newInfoPriceItem--condRU-inner\"]"}
COMMAND: POST /session/296c3ef822005440bb291597a564fd04/element/f.A5EAE1E31C780A7B6C1CBBD175F5DD1B.d.570A9DFA07B068E35559AF61860165A0.e.2626/clear - {}
RESULT: {}
COMMAND: POST /session/296c3ef822005440bb291597a564fd04/element/f.A5EAE1E31C780A7B6C1CBBD175F5DD1B.d.570A9DFA07B068E35559AF61860165A0.e.2626/value - {"text":"TJNYPTdCKJ"}
COMMAND: GET /session/296c3ef822005440bb291597a564fd04/screenshot - {}
RESULT: {"text":"TJNYPTdCKJ"}
COMMAND: GET /session/296c3ef822005440bb291597a564fd04/screenshot - {}
RESULT: {}
RESULT: {}
COMMAND: POST /session/296c3ef822005440bb291597a564fd04/execute/async - {"script":"<script> [1562 bytes]","args":[{"selector":{"id":"application-managepricingrules-display-component---newInfoPriceItem--billType-arrow"},"wdio_ui5_key":"applicationmanagepricingrules-display-component---newInfoPriceItem--billType-arrow"}]}
RESULT: {"script":"<script> [1562 bytes]","args":[{"selector":{"id":"application-managepricingrules-display-component---newInfoPriceItem--billType-arrow"},"wdio_ui5_key":"applicationmanagepricingrules-display-component---newInfoPriceItem--billType-arrow"}]}
RESULT: undefined
COMMAND: POST /session/296c3ef822005440bb291597a564fd04/element - {"using":"xpath","value":"//*[@id=\"application-managepricingrules-display-component---newInfoPriceItem--billType-arrow\"]"}
RESULT: {"using":"xpath","value":"//*[@id=\"application-managepricingrules-display-component---newInfoPriceItem--billType-arrow\"]"}
COMMAND: POST /session/296c3ef822005440bb291597a564fd04/element/f.A5EAE1E31C780A7B6C1CBBD175F5DD1B.d.570A9DFA07B068E35559AF61860165A0.e.2731/click - {}
RESULT: {}
COMMAND: POST /session/296c3ef822005440bb291597a564fd04/element - {"using":"xpath","value":"//span[contains(text(), \"OT - Sales (one-time)\")]"}
COMMAND: GET /session/296c3ef822005440bb291597a564fd04/screenshot - {}
RESULT: {"using":"xpath","value":"//span[contains(text(), \"OT - Sales (one-time)\")]"}
COMMAND: POST /session/296c3ef822005440bb291597a564fd04/element/f.A5EAE1E31C780A7B6C1CBBD175F5DD1B.d.570A9DFA07B068E35559AF61860165A0.e.2772/click - {}
RESULT: {}
RESULT: {}
COMMAND: POST /session/296c3ef822005440bb291597a564fd04/execute/async - {"script":"<script> [1562 bytes]","args":[{"selector":{"id":"application-managepricingrules-display-component---newInfoPriceItem--priceProc-arrow"},"wdio_ui5_key":"applicationmanagepricingrules-display-component---newInfoPriceItem--priceProc-arrow"}]}
COMMAND: GET /session/296c3ef822005440bb291597a564fd04/screenshot - {}
RESULT: {"script":"<script> [1562 bytes]","args":[{"selector":{"id":"application-managepricingrules-display-component---newInfoPriceItem--priceProc-arrow"},"wdio_ui5_key":"applicationmanagepricingrules-display-component---newInfoPriceItem--priceProc-arrow"}]}
RESULT: undefined
COMMAND: POST /session/296c3ef822005440bb291597a564fd04/element - {"using":"xpath","value":"//*[@id=\"application-managepricingrules-display-component---newInfoPriceItem--priceProc-arrow\"]"}
RESULT: {}
RESULT: {"using":"xpath","value":"//*[@id=\"application-managepricingrules-display-component---newInfoPriceItem--priceProc-arrow\"]"}
COMMAND: POST /session/296c3ef822005440bb291597a564fd04/element/f.A5EAE1E31C780A7B6C1CBBD175F5DD1B.d.570A9DFA07B068E35559AF61860165A0.e.2738/click - {}
RESULT: {}
COMMAND: POST /session/296c3ef822005440bb291597a564fd04/element - {"using":"xpath","value":"//span[contains(text(), \"MAT - Material\")]"}
COMMAND: GET /session/296c3ef822005440bb291597a564fd04/screenshot - {}
RESULT: {"using":"xpath","value":"//span[contains(text(), \"MAT - Material\")]"}
COMMAND: POST /session/296c3ef822005440bb291597a564fd04/element/f.A5EAE1E31C780A7B6C1CBBD175F5DD1B.d.570A9DFA07B068E35559AF61860165A0.e.2773/click - {}
RESULT: {}
RESULT: {}
COMMAND: POST /session/296c3ef822005440bb291597a564fd04/execute/async - {"script":"<script> [1562 bytes]","args":[{"selector":{"id":"application-managepricingrules-display-component---newInfoPriceItem--calcBase-arrow"},"wdio_ui5_key":"applicationmanagepricingrules-display-component---newInfoPriceItem--calcBase-arrow"}]}
COMMAND: GET /session/296c3ef822005440bb291597a564fd04/screenshot - {}
RESULT: {"script":"<script> [1562 bytes]","args":[{"selector":{"id":"application-managepricingrules-display-component---newInfoPriceItem--calcBase-arrow"},"wdio_ui5_key":"applicationmanagepricingrules-display-component---newInfoPriceItem--calcBase-arrow"}]}
RESULT: undefined
COMMAND: POST /session/296c3ef822005440bb291597a564fd04/element - {"using":"xpath","value":"//*[@id=\"application-managepricingrules-display-component---newInfoPriceItem--calcBase-arrow\"]"}
RESULT: {}
RESULT: {"using":"xpath","value":"//*[@id=\"application-managepricingrules-display-component---newInfoPriceItem--calcBase-arrow\"]"}
COMMAND: POST /session/296c3ef822005440bb291597a564fd04/element/f.A5EAE1E31C780A7B6C1CBBD175F5DD1B.d.570A9DFA07B068E35559AF61860165A0.e.2745/click - {}
RESULT: {}
COMMAND: GET /session/296c3ef822005440bb291597a564fd04/screenshot - {}
RESULT: {}
COMMAND: POST /session/296c3ef822005440bb291597a564fd04/element - {"using":"xpath","value":"//span[contains(text(), \"0001 - TB(exact month + cal_days)\")]"}
RESULT: {"using":"xpath","value":"//span[contains(text(), \"0001 - TB(exact month + cal_days)\")]"}
COMMAND: POST /session/296c3ef822005440bb291597a564fd04/element/f.A5EAE1E31C780A7B6C1CBBD175F5DD1B.d.570A9DFA07B068E35559AF61860165A0.e.2774/click - {}
RESULT: {}
COMMAND: GET /session/296c3ef822005440bb291597a564fd04/screenshot - {}
RESULT: {}
COMMAND: POST /session/296c3ef822005440bb291597a564fd04/element - {"using":"xpath","value":"//button[@data-kt=\"saveNewRuleButton\"]"}
RESULT: {"using":"xpath","value":"//button[@data-kt=\"saveNewRuleButton\"]"}
COMMAND: POST /session/296c3ef822005440bb291597a564fd04/element/f.A5EAE1E31C780A7B6C1CBBD175F5DD1B.d.570A9DFA07B068E35559AF61860165A0.e.2765/click - {}
RESULT: {}
COMMAND: GET /session/296c3ef822005440bb291597a564fd04/screenshot - {}
RESULT: {}
COMMAND: POST /session/296c3ef822005440bb291597a564fd04/execute/async - {"script":"<script> [1562 bytes]","args":[{"selector":{"id":"application-managepricingrules-display-component---priceInfoItem--smartFilterBar-btnBasicSearch","interaction":{"idSuffix":"I"}},"wdio_ui5_key":"applicationmanagepricingrules-display-component---priceInfoItem--smartFilterBar-btnBasicSearch"}]}
RESULT: {"script":"<script> [1562 bytes]","args":[{"selector":{"id":"application-managepricingrules-display-component---priceInfoItem--smartFilterBar-btnBasicSearch","interaction":{"idSuffix":"I"}},"wdio_ui5_key":"applicationmanagepricingrules-display-component---priceInfoItem--smartFilterBar-btnBasicSearch"}]}
RESULT: undefined
COMMAND: POST /session/296c3ef822005440bb291597a564fd04/execute/async - {"script":"<script> [776 bytes]","args":[{"enterText":"TJNYPTdCKJ","selector":{"id":"application-managepricingrules-display-component---priceInfoItem--smartFilterBar-btnBasicSearch","interaction":{"idSuffix":"I"}},"clearTextFirst":true,"interactionType":"ENTER_TEXT"}]}
RESULT: {"script":"<script> [776 bytes]","args":[{"enterText":"TJNYPTdCKJ","selector":{"id":"application-managepricingrules-display-component---priceInfoItem--smartFilterBar-btnBasicSearch","interaction":{"idSuffix":"I"}},"clearTextFirst":true,"interactionType":"ENTER_TEXT"}]}
COMMAND: POST /session/296c3ef822005440bb291597a564fd04/actions - {"actions":[{"id":"action10","type":"key","parameters":{},"actions":[{"type":"keyDown","value":"î€‡"},{"type":"pause","duration":10},{"type":"keyUp","value":"î€‡"}]}]}
RESULT: {"actions":[{"id":"action10","type":"key","parameters":{},"actions":[{"type":"keyDown","value":"î€‡"},{"type":"pause","duration":10},{"type":"keyUp","value":"î€‡"}]}]}
COMMAND: GET /session/296c3ef822005440bb291597a564fd04/screenshot - {}
RESULT: {}
COMMAND: POST /session/296c3ef822005440bb291597a564fd04/element - {"using":"xpath","value":"//span[@id=\"application-managepricingrules-display-component---priceInfoItem--smartTable-header-inner\"]"}
RESULT: {"using":"xpath","value":"//span[@id=\"application-managepricingrules-display-component---priceInfoItem--smartTable-header-inner\"]"}
COMMAND: POST /session/296c3ef822005440bb291597a564fd04/elements - {"using":"xpath","value":"//span[@id=\"application-managepricingrules-display-component---priceInfoItem--smartTable-header-inner\"]"}
RESULT: {"using":"xpath","value":"//span[@id=\"application-managepricingrules-display-component---priceInfoItem--smartTable-header-inner\"]"}
COMMAND: POST /session/296c3ef822005440bb291597a564fd04/execute/sync - {"script":"<script> [56 bytes]","args":[{"element-6066-11e4-a52e-4f735466cecf":"f.A5EAE1E31C780A7B6C1CBBD175F5DD1B.d.570A9DFA07B068E35559AF61860165A0.e.2817","ELEMENT":"f.A5EAE1E31C780A7B6C1CBBD175F5DD1B.d.570A9DFA07B068E35559AF61860165A0.e.2817"}]}
RESULT: {"script":"<script> [56 bytes]","args":[{"element-6066-11e4-a52e-4f735466cecf":"f.A5EAE1E31C780A7B6C1CBBD175F5DD1B.d.570A9DFA07B068E35559AF61860165A0.e.2817","ELEMENT":"f.A5EAE1E31C780A7B6C1CBBD175F5DD1B.d.570A9DFA07B068E35559AF61860165A0.e.2817"}]}
COMMAND: POST /session/296c3ef822005440bb291597a564fd04/element - {"using":"css selector","value":"#shell-header-logo"}
COMMAND: GET /session/296c3ef822005440bb291597a564fd04/screenshot - {}
RESULT: {"using":"css selector","value":"#shell-header-logo"}
COMMAND: POST /session/296c3ef822005440bb291597a564fd04/element/f.A5EAE1E31C780A7B6C1CBBD175F5DD1B.d.570A9DFA07B068E35559AF61860165A0.e.2426/click - {}
RESULT: {}
RESULT: {}
COMMAND: GET /session/296c3ef822005440bb291597a564fd04/screenshot - {}
RESULT: {}
COMMAND: POST /session/296c3ef822005440bb291597a564fd04/element - {"using":"css selector","value":"#j_username"}
COMMAND: POST /session/296c3ef822005440bb291597a564fd04/url - {"url":"https://qa-testing-00-live-etm-ui.cfapps.eu10-004.hana.ondemand.com/"}
RESULT: {"using":"css selector","value":"#j_username"}
COMMAND: POST /session/296c3ef822005440bb291597a564fd04/element - {"using":"css selector","value":"#j_username"}
RESULT: {"url":"https://qa-testing-00-live-etm-ui.cfapps.eu10-004.hana.ondemand.com/"}
RESULT: undefined
COMMAND: GET /session/296c3ef822005440bb291597a564fd04/screenshot - {}
RESULT: {"using":"css selector","value":"#j_username"}
COMMAND: POST /session/296c3ef822005440bb291597a564fd04/element - {"using":"css selector","value":"#shell-header-logo"}
RESULT: {}
RESULT: {"using":"css selector","value":"#shell-header-logo"}
COMMAND: POST /session/296c3ef822005440bb291597a564fd04/execute/sync - {"script":"<script> [8489 bytes]","args":[{"element-6066-11e4-a52e-4f735466cecf":"f.A5EAE1E31C780A7B6C1CBBD175F5DD1B.d.3005B24EE8356C430B36331DE819A583.e.2830","ELEMENT":"f.A5EAE1E31C780A7B6C1CBBD175F5DD1B.d.3005B24EE8356C430B36331DE819A583.e.2830"}]}
RESULT: {"script":"<script> [8489 bytes]","args":[{"element-6066-11e4-a52e-4f735466cecf":"f.A5EAE1E31C780A7B6C1CBBD175F5DD1B.d.3005B24EE8356C430B36331DE819A583.e.2830","ELEMENT":"f.A5EAE1E31C780A7B6C1CBBD175F5DD1B.d.3005B24EE8356C430B36331DE819A583.e.2830"}]}
COMMAND: POST /session/296c3ef822005440bb291597a564fd04/element - {"using":"css selector","value":"#shell-header-logo"}
COMMAND: GET /session/296c3ef822005440bb291597a564fd04/screenshot - {}
RESULT: {"using":"css selector","value":"#shell-header-logo"}
COMMAND: POST /session/296c3ef822005440bb291597a564fd04/execute/sync - {"script":"<script> [8489 bytes]","args":[{"element-6066-11e4-a52e-4f735466cecf":"f.A5EAE1E31C780A7B6C1CBBD175F5DD1B.d.3005B24EE8356C430B36331DE819A583.e.2830","ELEMENT":"f.A5EAE1E31C780A7B6C1CBBD175F5DD1B.d.3005B24EE8356C430B36331DE819A583.e.2830"}]}
RESULT: {}
RESULT: {"script":"<script> [8489 bytes]","args":[{"element-6066-11e4-a52e-4f735466cecf":"f.A5EAE1E31C780A7B6C1CBBD175F5DD1B.d.3005B24EE8356C430B36331DE819A583.e.2830","ELEMENT":"f.A5EAE1E31C780A7B6C1CBBD175F5DD1B.d.3005B24EE8356C430B36331DE819A583.e.2830"}]}
COMMAND: POST /session/296c3ef822005440bb291597a564fd04/execute/sync - {"script":"<script> [5351 bytes]","args":[{"element-6066-11e4-a52e-4f735466cecf":"f.A5EAE1E31C780A7B6C1CBBD175F5DD1B.d.3005B24EE8356C430B36331DE819A583.e.2830","ELEMENT":"f.A5EAE1E31C780A7B6C1CBBD175F5DD1B.d.3005B24EE8356C430B36331DE819A583.e.2830"}]}
COMMAND: GET /session/296c3ef822005440bb291597a564fd04/screenshot - {}
RESULT: {"script":"<script> [5351 bytes]","args":[{"element-6066-11e4-a52e-4f735466cecf":"f.A5EAE1E31C780A7B6C1CBBD175F5DD1B.d.3005B24EE8356C430B36331DE819A583.e.2830","ELEMENT":"f.A5EAE1E31C780A7B6C1CBBD175F5DD1B.d.3005B24EE8356C430B36331DE819A583.e.2830"}]}
COMMAND: POST /session/296c3ef822005440bb291597a564fd04/element - {"using":"css selector","value":"#shell-header-logo"}
COMMAND: GET /session/296c3ef822005440bb291597a564fd04/screenshot - {}
RESULT: {}
RESULT: {"using":"css selector","value":"#shell-header-logo"}
COMMAND: POST /session/296c3ef822005440bb291597a564fd04/element/f.A5EAE1E31C780A7B6C1CBBD175F5DD1B.d.3005B24EE8356C430B36331DE819A583.e.2830/click - {}
RESULT: {}
RESULT: {}
COMMAND: GET /session/296c3ef822005440bb291597a564fd04/screenshot - {}
RESULT: {}
COMMAND: POST /session/296c3ef822005440bb291597a564fd04/execute/async - {"script":"<script> [189 bytes]","args":[]}
RESULT: {"script":"<script> [189 bytes]","args":[]}
COMMAND: POST /session/296c3ef822005440bb291597a564fd04/execute/async - {"script":"<script> [123 bytes]","args":[]}
RESULT: {"script":"<script> [123 bytes]","args":[]}
COMMAND: POST /session/296c3ef822005440bb291597a564fd04/timeouts - {"script":"<number>"}
RESULT: {"script":"<number>"}
COMMAND: GET /session/296c3ef822005440bb291597a564fd04/timeouts - {}
RESULT: {}
RESULT: undefined
COMMAND: POST /session/296c3ef822005440bb291597a564fd04/execute/async - {"script":"<script> [2676 bytes]","args":[]}
RESULT: {"script":"<script> [2676 bytes]","args":[]}
COMMAND: POST /session/296c3ef822005440bb291597a564fd04/execute/async - {"script":"<script> [2342 bytes]","args":[{"protocol":"http","hostname":"0.0.0.0","path":"/","capabilities":{"browserName":"chrome","goog:chromeOptions":{"binary":"C:\\Program Files\\Google\\Chrome\\Application\\chrome.exe","args":["--start-maximized"]}},"logLevel":"warn","connectionRetryTimeout":120000,"connectionRetryCount":3,"logLevels":{},"enableDirectConnect":true,"strictSSL":true,"_":"65 more keys: [\"cacheDir\",\"port\",\"requestedCapabilities\",\"automationProtocol\",\"baseUrl\",\"waitforInterval\",\"waitforTimeout\",\"onReload\",\"beforeCommand\",\"afterCommand\",\"rootDir\",\"specs\",\"suites\",\"exclude\",\"groupLogsByTestSpec\",\"excludeDriverLogs\",\"bail\",\"framework\",\"reporters\",\"services\",\"maxInstances\",\"maxInstancesPerCapability\",\"injectGlobals\",\"filesToWatch\",\"execArgv\",\"runnerEnv\",\"runner\",\"shard\",\"specFileRetries\",\"specFileRetriesDelay\",\"specFileRetriesDeferred\",\"reporterSyncInterval\",\"reporterSyncTimeout\",\"cucumberFeaturesWithLineNumbers\",\"autoCompileOpts\",\"mochaOpts\",\"jasmineOpts\",\"cucumberOpts\",\"onPrepare\",\"onWorkerStart\",\"onWorkerEnd\",\"before\",\"beforeSession\",\"beforeSuite\",\"beforeHook\",\"beforeTest\",\"afterTest\",\"afterHook\",\"afterSuite\",\"afterSession\",\"after\",\"onComplete\",\"beforeAssertion\",\"afterAssertion\",\"beforeFeature\",\"beforeScenario\",\"beforeStep\",\"afterStep\",\"afterScenario\",\"afterFeature\",\"_\",\"suite\",\"$0\",\"ignoredWorkerServices\",\"wdi5\"]"}]}
RESULT: {"script":"<script> [2342 bytes]","args":[{"protocol":"http","hostname":"0.0.0.0","path":"/","capabilities":{"browserName":"chrome","goog:chromeOptions":{"binary":"C:\\Program Files\\Google\\Chrome\\Application\\chrome.exe","args":["--start-maximized"]}},"logLevel":"warn","connectionRetryTimeout":120000,"connectionRetryCount":3,"logLevels":{},"enableDirectConnect":true,"strictSSL":true,"_":"65 more keys: [\"cacheDir\",\"port\",\"requestedCapabilities\",\"automationProtocol\",\"baseUrl\",\"waitforInterval\",\"waitforTimeout\",\"onReload\",\"beforeCommand\",\"afterCommand\",\"rootDir\",\"specs\",\"suites\",\"exclude\",\"groupLogsByTestSpec\",\"excludeDriverLogs\",\"bail\",\"framework\",\"reporters\",\"services\",\"maxInstances\",\"maxInstancesPerCapability\",\"injectGlobals\",\"filesToWatch\",\"execArgv\",\"runnerEnv\",\"runner\",\"shard\",\"specFileRetries\",\"specFileRetriesDelay\",\"specFileRetriesDeferred\",\"reporterSyncInterval\",\"reporterSyncTimeout\",\"cucumberFeaturesWithLineNumbers\",\"autoCompileOpts\",\"mochaOpts\",\"jasmineOpts\",\"cucumberOpts\",\"onPrepare\",\"onWorkerStart\",\"onWorkerEnd\",\"before\",\"beforeSession\",\"beforeSuite\",\"beforeHook\",\"beforeTest\",\"afterTest\",\"afterHook\",\"afterSuite\",\"afterSession\",\"after\",\"onComplete\",\"beforeAssertion\",\"afterAssertion\",\"beforeFeature\",\"beforeScenario\",\"beforeStep\",\"afterStep\",\"afterScenario\",\"afterFeature\",\"_\",\"suite\",\"$0\",\"ignoredWorkerServices\",\"wdi5\"]"}]}
COMMAND: POST /session/296c3ef822005440bb291597a564fd04/execute/async - {"script":"<script> [21126 bytes]","args":[35000]}
RESULT: {"script":"<script> [21126 bytes]","args":[35000]}
COMMAND: POST /session/296c3ef822005440bb291597a564fd04/window/maximize - {}
RESULT: {}
COMMAND: POST /session/296c3ef822005440bb291597a564fd04/execute/async - {"script":"<script> [1562 bytes]","args":[{"selector":{"id":"shell-header","interaction":{"idSuffix":"icon"}},"wdio_ui5_key":"shellheader"}]}
COMMAND: GET /session/296c3ef822005440bb291597a564fd04/screenshot - {}
RESULT: {"script":"<script> [1562 bytes]","args":[{"selector":{"id":"shell-header","interaction":{"idSuffix":"icon"}},"wdio_ui5_key":"shellheader"}]}
RESULT: undefined
COMMAND: POST /session/296c3ef822005440bb291597a564fd04/refresh - {}
RESULT: {}
RESULT: {}
COMMAND: GET /session/296c3ef822005440bb291597a564fd04/screenshot - {}
RESULT: {}
COMMAND: POST /session/296c3ef822005440bb291597a564fd04/refresh - {}
RESULT: {}
COMMAND: GET /session/296c3ef822005440bb291597a564fd04/screenshot - {}
RESULT: {}
COMMAND: POST /session/296c3ef822005440bb291597a564fd04/window/fullscreen - {}
RESULT: {}
COMMAND: POST /session/296c3ef822005440bb291597a564fd04/execute/async - {"script":"<script> [189 bytes]","args":[]}
RESULT: {"script":"<script> [189 bytes]","args":[]}
COMMAND: POST /session/296c3ef822005440bb291597a564fd04/execute/async - {"script":"<script> [123 bytes]","args":[]}
RESULT: {"script":"<script> [123 bytes]","args":[]}
COMMAND: POST /session/296c3ef822005440bb291597a564fd04/timeouts - {"script":"<number>"}
RESULT: {"script":"<number>"}
COMMAND: GET /session/296c3ef822005440bb291597a564fd04/timeouts - {}
RESULT: {}
RESULT: undefined
COMMAND: POST /session/296c3ef822005440bb291597a564fd04/execute/async - {"script":"<script> [2676 bytes]","args":[]}
RESULT: {"script":"<script> [2676 bytes]","args":[]}
COMMAND: POST /session/296c3ef822005440bb291597a564fd04/execute/async - {"script":"<script> [2342 bytes]","args":[{"protocol":"http","hostname":"0.0.0.0","path":"/","capabilities":{"browserName":"chrome","goog:chromeOptions":{"binary":"C:\\Program Files\\Google\\Chrome\\Application\\chrome.exe","args":["--start-maximized"]}},"logLevel":"warn","connectionRetryTimeout":120000,"connectionRetryCount":3,"logLevels":{},"enableDirectConnect":true,"strictSSL":true,"_":"65 more keys: [\"cacheDir\",\"port\",\"requestedCapabilities\",\"automationProtocol\",\"baseUrl\",\"waitforInterval\",\"waitforTimeout\",\"onReload\",\"beforeCommand\",\"afterCommand\",\"rootDir\",\"specs\",\"suites\",\"exclude\",\"groupLogsByTestSpec\",\"excludeDriverLogs\",\"bail\",\"framework\",\"reporters\",\"services\",\"maxInstances\",\"maxInstancesPerCapability\",\"injectGlobals\",\"filesToWatch\",\"execArgv\",\"runnerEnv\",\"runner\",\"shard\",\"specFileRetries\",\"specFileRetriesDelay\",\"specFileRetriesDeferred\",\"reporterSyncInterval\",\"reporterSyncTimeout\",\"cucumberFeaturesWithLineNumbers\",\"autoCompileOpts\",\"mochaOpts\",\"jasmineOpts\",\"cucumberOpts\",\"onPrepare\",\"onWorkerStart\",\"onWorkerEnd\",\"before\",\"beforeSession\",\"beforeSuite\",\"beforeHook\",\"beforeTest\",\"afterTest\",\"afterHook\",\"afterSuite\",\"afterSession\",\"after\",\"onComplete\",\"beforeAssertion\",\"afterAssertion\",\"beforeFeature\",\"beforeScenario\",\"beforeStep\",\"afterStep\",\"afterScenario\",\"afterFeature\",\"_\",\"suite\",\"$0\",\"ignoredWorkerServices\",\"wdi5\"]"}]}
RESULT: {"script":"<script> [2342 bytes]","args":[{"protocol":"http","hostname":"0.0.0.0","path":"/","capabilities":{"browserName":"chrome","goog:chromeOptions":{"binary":"C:\\Program Files\\Google\\Chrome\\Application\\chrome.exe","args":["--start-maximized"]}},"logLevel":"warn","connectionRetryTimeout":120000,"connectionRetryCount":3,"logLevels":{},"enableDirectConnect":true,"strictSSL":true,"_":"65 more keys: [\"cacheDir\",\"port\",\"requestedCapabilities\",\"automationProtocol\",\"baseUrl\",\"waitforInterval\",\"waitforTimeout\",\"onReload\",\"beforeCommand\",\"afterCommand\",\"rootDir\",\"specs\",\"suites\",\"exclude\",\"groupLogsByTestSpec\",\"excludeDriverLogs\",\"bail\",\"framework\",\"reporters\",\"services\",\"maxInstances\",\"maxInstancesPerCapability\",\"injectGlobals\",\"filesToWatch\",\"execArgv\",\"runnerEnv\",\"runner\",\"shard\",\"specFileRetries\",\"specFileRetriesDelay\",\"specFileRetriesDeferred\",\"reporterSyncInterval\",\"reporterSyncTimeout\",\"cucumberFeaturesWithLineNumbers\",\"autoCompileOpts\",\"mochaOpts\",\"jasmineOpts\",\"cucumberOpts\",\"onPrepare\",\"onWorkerStart\",\"onWorkerEnd\",\"before\",\"beforeSession\",\"beforeSuite\",\"beforeHook\",\"beforeTest\",\"afterTest\",\"afterHook\",\"afterSuite\",\"afterSession\",\"after\",\"onComplete\",\"beforeAssertion\",\"afterAssertion\",\"beforeFeature\",\"beforeScenario\",\"beforeStep\",\"afterStep\",\"afterScenario\",\"afterFeature\",\"_\",\"suite\",\"$0\",\"ignoredWorkerServices\",\"wdi5\"]"}]}
COMMAND: POST /session/296c3ef822005440bb291597a564fd04/execute/async - {"script":"<script> [21126 bytes]","args":[35000]}
RESULT: {"script":"<script> [21126 bytes]","args":[35000]}
]]></system-out>
    </testcase>
  </testsuite>
  <testsuite timestamp="2025-05-05T05:44:18" time="339.618" tests="6" failures="3" errors="3" skipped="0">
    <properties>
      <property name="specId" value="0" />
      <property name="suiteName" value="Edit and delete daily price US134629 US134627" />
      <property name="capabilities" value="chrome.135_0_7049_96.windows" />
      <property name="file" value="file:///D:/a/1/s/test/specs/BTS/conditions-prices-daily-price.spec.js" />
    </properties>
    <testcase classname="chrome.135_0_7049_96.windows.Edit_and_delete_daily_price_US134629_US134627" name="Should create a new yard used for all following tests" time="0.023">
      <system-out><![CDATA[
COMMAND: POST /session/296c3ef822005440bb291597a564fd04/window/fullscreen - {}
RESULT: {}
]]></system-out>
    </testcase>
    <testcase classname="chrome.135_0_7049_96.windows.Edit_and_delete_daily_price_US134629_US134627" name="Should create a new partner" time="119.474">
      <system-out><![CDATA[
COMMAND: POST /session/296c3ef822005440bb291597a564fd04/window/fullscreen - {}
RESULT: {}
COMMAND: POST /session/296c3ef822005440bb291597a564fd04/execute/async - {"script":"<script> [1562 bytes]","args":[{"selector":{"controlType":"sap.m.GenericTile","properties":{"header":"Manage Partners"}},"wdio_ui5_key":"sapm.GenericTile{\"header\":\"Manage Partners\"}"}]}
RESULT: {"script":"<script> [1562 bytes]","args":[{"selector":{"controlType":"sap.m.GenericTile","properties":{"header":"Manage Partners"}},"wdio_ui5_key":"sapm.GenericTile{\"header\":\"Manage Partners\"}"}]}
RESULT: undefined
COMMAND: POST /session/296c3ef822005440bb291597a564fd04/element - {"using":"xpath","value":"//*[@id=\"__tile38\"]"}
RESULT: {"using":"xpath","value":"//*[@id=\"__tile38\"]"}
COMMAND: POST /session/296c3ef822005440bb291597a564fd04/element/f.A5EAE1E31C780A7B6C1CBBD175F5DD1B.d.AC91292159298EA8B6BEDDCADED1D0AF.e.2975/click - {}
RESULT: {}
COMMAND: POST /session/296c3ef822005440bb291597a564fd04/element - {"using":"xpath","value":"//button[@data-kt=\"addButton\"]"}
COMMAND: GET /session/296c3ef822005440bb291597a564fd04/screenshot - {}
RESULT: {"using":"xpath","value":"//button[@data-kt=\"addButton\"]"}
COMMAND: POST /session/296c3ef822005440bb291597a564fd04/elements - {"using":"xpath","value":"//button[@data-kt=\"addButton\"]"}
RESULT: {}
RESULT: {"using":"xpath","value":"//button[@data-kt=\"addButton\"]"}
COMMAND: POST /session/296c3ef822005440bb291597a564fd04/elements - {"using":"xpath","value":"//button[@data-kt=\"addButton\"]"}
RESULT: {"using":"xpath","value":"//button[@data-kt=\"addButton\"]"}
COMMAND: POST /session/296c3ef822005440bb291597a564fd04/elements - {"using":"xpath","value":"//button[@data-kt=\"addButton\"]"}
RESULT: {"using":"xpath","value":"//button[@data-kt=\"addButton\"]"}
COMMAND: POST /session/296c3ef822005440bb291597a564fd04/elements - {"using":"xpath","value":"//button[@data-kt=\"addButton\"]"}
RESULT: {"using":"xpath","value":"//button[@data-kt=\"addButton\"]"}
COMMAND: POST /session/296c3ef822005440bb291597a564fd04/elements - {"using":"xpath","value":"//button[@data-kt=\"addButton\"]"}
RESULT: {"using":"xpath","value":"//button[@data-kt=\"addButton\"]"}
COMMAND: POST /session/296c3ef822005440bb291597a564fd04/elements - {"using":"xpath","value":"//button[@data-kt=\"addButton\"]"}
RESULT: {"using":"xpath","value":"//button[@data-kt=\"addButton\"]"}
COMMAND: POST /session/296c3ef822005440bb291597a564fd04/elements - {"using":"xpath","value":"//button[@data-kt=\"addButton\"]"}
RESULT: {"using":"xpath","value":"//button[@data-kt=\"addButton\"]"}
COMMAND: POST /session/296c3ef822005440bb291597a564fd04/elements - {"using":"xpath","value":"//button[@data-kt=\"addButton\"]"}
RESULT: {"using":"xpath","value":"//button[@data-kt=\"addButton\"]"}
COMMAND: POST /session/296c3ef822005440bb291597a564fd04/elements - {"using":"xpath","value":"//button[@data-kt=\"addButton\"]"}
RESULT: {"using":"xpath","value":"//button[@data-kt=\"addButton\"]"}
COMMAND: POST /session/296c3ef822005440bb291597a564fd04/elements - {"using":"xpath","value":"//button[@data-kt=\"addButton\"]"}
RESULT: {"using":"xpath","value":"//button[@data-kt=\"addButton\"]"}
COMMAND: POST /session/296c3ef822005440bb291597a564fd04/elements - {"using":"xpath","value":"//button[@data-kt=\"addButton\"]"}
RESULT: {"using":"xpath","value":"//button[@data-kt=\"addButton\"]"}
COMMAND: POST /session/296c3ef822005440bb291597a564fd04/elements - {"using":"xpath","value":"//button[@data-kt=\"addButton\"]"}
RESULT: {"using":"xpath","value":"//button[@data-kt=\"addButton\"]"}
COMMAND: POST /session/296c3ef822005440bb291597a564fd04/elements - {"using":"xpath","value":"//button[@data-kt=\"addButton\"]"}
RESULT: {"using":"xpath","value":"//button[@data-kt=\"addButton\"]"}
COMMAND: POST /session/296c3ef822005440bb291597a564fd04/elements - {"using":"xpath","value":"//button[@data-kt=\"addButton\"]"}
RESULT: {"using":"xpath","value":"//button[@data-kt=\"addButton\"]"}
COMMAND: POST /session/296c3ef822005440bb291597a564fd04/elements - {"using":"xpath","value":"//button[@data-kt=\"addButton\"]"}
RESULT: {"using":"xpath","value":"//button[@data-kt=\"addButton\"]"}
COMMAND: POST /session/296c3ef822005440bb291597a564fd04/elements - {"using":"xpath","value":"//button[@data-kt=\"addButton\"]"}
RESULT: {"using":"xpath","value":"//button[@data-kt=\"addButton\"]"}
COMMAND: POST /session/296c3ef822005440bb291597a564fd04/elements - {"using":"xpath","value":"//button[@data-kt=\"addButton\"]"}
RESULT: {"using":"xpath","value":"//button[@data-kt=\"addButton\"]"}
COMMAND: POST /session/296c3ef822005440bb291597a564fd04/elements - {"using":"xpath","value":"//button[@data-kt=\"addButton\"]"}
RESULT: {"using":"xpath","value":"//button[@data-kt=\"addButton\"]"}
COMMAND: POST /session/296c3ef822005440bb291597a564fd04/elements - {"using":"xpath","value":"//button[@data-kt=\"addButton\"]"}
RESULT: {"using":"xpath","value":"//button[@data-kt=\"addButton\"]"}
COMMAND: POST /session/296c3ef822005440bb291597a564fd04/elements - {"using":"xpath","value":"//button[@data-kt=\"addButton\"]"}
RESULT: {"using":"xpath","value":"//button[@data-kt=\"addButton\"]"}
COMMAND: POST /session/296c3ef822005440bb291597a564fd04/element - {"using":"xpath","value":"//button[@data-kt=\"addButton\"]"}
RESULT: {"using":"xpath","value":"//button[@data-kt=\"addButton\"]"}
COMMAND: POST /session/296c3ef822005440bb291597a564fd04/execute/sync - {"script":"<script> [8489 bytes]","args":[{"element-6066-11e4-a52e-4f735466cecf":"f.A5EAE1E31C780A7B6C1CBBD175F5DD1B.d.AC91292159298EA8B6BEDDCADED1D0AF.e.3122","ELEMENT":"f.A5EAE1E31C780A7B6C1CBBD175F5DD1B.d.AC91292159298EA8B6BEDDCADED1D0AF.e.3122"}]}
RESULT: {"script":"<script> [8489 bytes]","args":[{"element-6066-11e4-a52e-4f735466cecf":"f.A5EAE1E31C780A7B6C1CBBD175F5DD1B.d.AC91292159298EA8B6BEDDCADED1D0AF.e.3122","ELEMENT":"f.A5EAE1E31C780A7B6C1CBBD175F5DD1B.d.AC91292159298EA8B6BEDDCADED1D0AF.e.3122"}]}
COMMAND: GET /session/296c3ef822005440bb291597a564fd04/element/f.A5EAE1E31C780A7B6C1CBBD175F5DD1B.d.AC91292159298EA8B6BEDDCADED1D0AF.e.3122/enabled - {}
COMMAND: GET /session/296c3ef822005440bb291597a564fd04/screenshot - {}
RESULT: {}
COMMAND: POST /session/296c3ef822005440bb291597a564fd04/execute/sync - {"script":"<script> [8489 bytes]","args":[{"element-6066-11e4-a52e-4f735466cecf":"f.A5EAE1E31C780A7B6C1CBBD175F5DD1B.d.AC91292159298EA8B6BEDDCADED1D0AF.e.3122","ELEMENT":"f.A5EAE1E31C780A7B6C1CBBD175F5DD1B.d.AC91292159298EA8B6BEDDCADED1D0AF.e.3122"}]}
COMMAND: GET /session/296c3ef822005440bb291597a564fd04/screenshot - {}
RESULT: {}
RESULT: {"script":"<script> [8489 bytes]","args":[{"element-6066-11e4-a52e-4f735466cecf":"f.A5EAE1E31C780A7B6C1CBBD175F5DD1B.d.AC91292159298EA8B6BEDDCADED1D0AF.e.3122","ELEMENT":"f.A5EAE1E31C780A7B6C1CBBD175F5DD1B.d.AC91292159298EA8B6BEDDCADED1D0AF.e.3122"}]}
COMMAND: POST /session/296c3ef822005440bb291597a564fd04/execute/sync - {"script":"<script> [5351 bytes]","args":[{"element-6066-11e4-a52e-4f735466cecf":"f.A5EAE1E31C780A7B6C1CBBD175F5DD1B.d.AC91292159298EA8B6BEDDCADED1D0AF.e.3122","ELEMENT":"f.A5EAE1E31C780A7B6C1CBBD175F5DD1B.d.AC91292159298EA8B6BEDDCADED1D0AF.e.3122"}]}
COMMAND: GET /session/296c3ef822005440bb291597a564fd04/screenshot - {}
RESULT: {}
RESULT: {"script":"<script> [5351 bytes]","args":[{"element-6066-11e4-a52e-4f735466cecf":"f.A5EAE1E31C780A7B6C1CBBD175F5DD1B.d.AC91292159298EA8B6BEDDCADED1D0AF.e.3122","ELEMENT":"f.A5EAE1E31C780A7B6C1CBBD175F5DD1B.d.AC91292159298EA8B6BEDDCADED1D0AF.e.3122"}]}
COMMAND: POST /session/296c3ef822005440bb291597a564fd04/element/f.A5EAE1E31C780A7B6C1CBBD175F5DD1B.d.AC91292159298EA8B6BEDDCADED1D0AF.e.3122/click - {}
COMMAND: GET /session/296c3ef822005440bb291597a564fd04/screenshot - {}
RESULT: {}
RESULT: {}
COMMAND: GET /session/296c3ef822005440bb291597a564fd04/screenshot - {}
COMMAND: POST /session/296c3ef822005440bb291597a564fd04/execute/async - {"script":"<script> [1562 bytes]","args":[{"selector":{"id":"application-managepartners-display-component---NewPartner--addressDetailDetailsName1","interaction":{"idSuffix":"inner"}},"wdio_ui5_key":"applicationmanagepartners-display-component---NewPartner--addressDetailDetailsName1"}]}
RESULT: {}
RESULT: {}
RESULT: {"script":"<script> [1562 bytes]","args":[{"selector":{"id":"application-managepartners-display-component---NewPartner--addressDetailDetailsName1","interaction":{"idSuffix":"inner"}},"wdio_ui5_key":"applicationmanagepartners-display-component---NewPartner--addressDetailDetailsName1"}]}
RESULT: undefined
COMMAND: POST /session/296c3ef822005440bb291597a564fd04/execute/async - {"script":"<script> [776 bytes]","args":[{"enterText":"DailyPrice Partner WDIO","selector":{"id":"application-managepartners-display-component---NewPartner--addressDetailDetailsName1","interaction":{"idSuffix":"inner"}},"clearTextFirst":true,"interactionType":"ENTER_TEXT"}]}
RESULT: {"script":"<script> [776 bytes]","args":[{"enterText":"DailyPrice Partner WDIO","selector":{"id":"application-managepartners-display-component---NewPartner--addressDetailDetailsName1","interaction":{"idSuffix":"inner"}},"clearTextFirst":true,"interactionType":"ENTER_TEXT"}]}
COMMAND: POST /session/296c3ef822005440bb291597a564fd04/execute/async - {"script":"<script> [1562 bytes]","args":[{"selector":{"id":"application-managepartners-display-component---NewPartner--addressDetailDetailsLanguage-arrow"},"wdio_ui5_key":"applicationmanagepartners-display-component---NewPartner--addressDetailDetailsLanguage-arrow"}]}
RESULT: {"script":"<script> [1562 bytes]","args":[{"selector":{"id":"application-managepartners-display-component---NewPartner--addressDetailDetailsLanguage-arrow"},"wdio_ui5_key":"applicationmanagepartners-display-component---NewPartner--addressDetailDetailsLanguage-arrow"}]}
RESULT: undefined
COMMAND: POST /session/296c3ef822005440bb291597a564fd04/element - {"using":"xpath","value":"//*[@id=\"application-managepartners-display-component---NewPartner--addressDetailDetailsLanguage-arrow\"]"}
RESULT: {"using":"xpath","value":"//*[@id=\"application-managepartners-display-component---NewPartner--addressDetailDetailsLanguage-arrow\"]"}
COMMAND: POST /session/296c3ef822005440bb291597a564fd04/element/f.A5EAE1E31C780A7B6C1CBBD175F5DD1B.d.AC91292159298EA8B6BEDDCADED1D0AF.e.3583/click - {}
RESULT: {}
COMMAND: POST /session/296c3ef822005440bb291597a564fd04/element - {"using":"xpath","value":"//span[contains(text(), \"English\")]"}
COMMAND: GET /session/296c3ef822005440bb291597a564fd04/screenshot - {}
RESULT: {"using":"xpath","value":"//span[contains(text(), \"English\")]"}
COMMAND: POST /session/296c3ef822005440bb291597a564fd04/element/f.A5EAE1E31C780A7B6C1CBBD175F5DD1B.d.AC91292159298EA8B6BEDDCADED1D0AF.e.3584/click - {}
RESULT: {}
RESULT: {}
COMMAND: GET /session/296c3ef822005440bb291597a564fd04/screenshot - {}
RESULT: {}
COMMAND: POST /session/296c3ef822005440bb291597a564fd04/execute/async - {"script":"<script> [1562 bytes]","args":[{"selector":{"id":"application-managepartners-display-component---NewPartner--addressDetailDetailsCity1","interaction":{"idSuffix":"inner"}},"wdio_ui5_key":"applicationmanagepartners-display-component---NewPartner--addressDetailDetailsCity1"}]}
RESULT: {"script":"<script> [1562 bytes]","args":[{"selector":{"id":"application-managepartners-display-component---NewPartner--addressDetailDetailsCity1","interaction":{"idSuffix":"inner"}},"wdio_ui5_key":"applicationmanagepartners-display-component---NewPartner--addressDetailDetailsCity1"}]}
RESULT: undefined
COMMAND: POST /session/296c3ef822005440bb291597a564fd04/execute/async - {"script":"<script> [776 bytes]","args":[{"enterText":"Rosario","selector":{"id":"application-managepartners-display-component---NewPartner--addressDetailDetailsCity1","interaction":{"idSuffix":"inner"}},"clearTextFirst":true,"interactionType":"ENTER_TEXT"}]}
RESULT: {"script":"<script> [776 bytes]","args":[{"enterText":"Rosario","selector":{"id":"application-managepartners-display-component---NewPartner--addressDetailDetailsCity1","interaction":{"idSuffix":"inner"}},"clearTextFirst":true,"interactionType":"ENTER_TEXT"}]}
COMMAND: POST /session/296c3ef822005440bb291597a564fd04/execute/async - {"script":"<script> [1562 bytes]","args":[{"selector":{"id":"application-managepartners-display-component---NewPartner--addressDetailDetailsCountry-arrow"},"wdio_ui5_key":"applicationmanagepartners-display-component---NewPartner--addressDetailDetailsCountry-arrow"}]}
RESULT: {"script":"<script> [1562 bytes]","args":[{"selector":{"id":"application-managepartners-display-component---NewPartner--addressDetailDetailsCountry-arrow"},"wdio_ui5_key":"applicationmanagepartners-display-component---NewPartner--addressDetailDetailsCountry-arrow"}]}
RESULT: undefined
COMMAND: POST /session/296c3ef822005440bb291597a564fd04/element - {"using":"xpath","value":"//*[@id=\"application-managepartners-display-component---NewPartner--addressDetailDetailsCountry-arrow\"]"}
RESULT: {"using":"xpath","value":"//*[@id=\"application-managepartners-display-component---NewPartner--addressDetailDetailsCountry-arrow\"]"}
COMMAND: POST /session/296c3ef822005440bb291597a564fd04/element/f.A5EAE1E31C780A7B6C1CBBD175F5DD1B.d.AC91292159298EA8B6BEDDCADED1D0AF.e.3570/click - {}
RESULT: {}
COMMAND: POST /session/296c3ef822005440bb291597a564fd04/element - {"using":"xpath","value":"//span[contains(text(), \"Argentina\")]"}
COMMAND: GET /session/296c3ef822005440bb291597a564fd04/screenshot - {}
RESULT: {"using":"xpath","value":"//span[contains(text(), \"Argentina\")]"}
COMMAND: POST /session/296c3ef822005440bb291597a564fd04/element/f.A5EAE1E31C780A7B6C1CBBD175F5DD1B.d.AC91292159298EA8B6BEDDCADED1D0AF.e.3586/click - {}
RESULT: {}
RESULT: {}
COMMAND: GET /session/296c3ef822005440bb291597a564fd04/screenshot - {}
RESULT: {}
COMMAND: POST /session/296c3ef822005440bb291597a564fd04/element - {"using":"xpath","value":"//bdi[contains(text(), \"Commercial\")]"}
RESULT: {"using":"xpath","value":"//bdi[contains(text(), \"Commercial\")]"}
COMMAND: POST /session/296c3ef822005440bb291597a564fd04/element/f.A5EAE1E31C780A7B6C1CBBD175F5DD1B.d.AC91292159298EA8B6BEDDCADED1D0AF.e.3587/click - {}
RESULT: {}
COMMAND: GET /session/296c3ef822005440bb291597a564fd04/screenshot - {}
RESULT: {}
COMMAND: POST /session/296c3ef822005440bb291597a564fd04/execute/async - {"script":"<script> [1562 bytes]","args":[{"selector":{"id":"application-managepartners-display-component---NewPartner--partnerDetailInternal-arrow"},"wdio_ui5_key":"applicationmanagepartners-display-component---NewPartner--partnerDetailInternal-arrow"}]}
RESULT: {"script":"<script> [1562 bytes]","args":[{"selector":{"id":"application-managepartners-display-component---NewPartner--partnerDetailInternal-arrow"},"wdio_ui5_key":"applicationmanagepartners-display-component---NewPartner--partnerDetailInternal-arrow"}]}
RESULT: undefined
COMMAND: POST /session/296c3ef822005440bb291597a564fd04/element - {"using":"xpath","value":"//*[@id=\"application-managepartners-display-component---NewPartner--partnerDetailInternal-arrow\"]"}
RESULT: {"using":"xpath","value":"//*[@id=\"application-managepartners-display-component---NewPartner--partnerDetailInternal-arrow\"]"}
COMMAND: POST /session/296c3ef822005440bb291597a564fd04/element/f.A5EAE1E31C780A7B6C1CBBD175F5DD1B.d.AC91292159298EA8B6BEDDCADED1D0AF.e.3593/click - {}
RESULT: {}
COMMAND: POST /session/296c3ef822005440bb291597a564fd04/element - {"using":"xpath","value":"//span[contains(text(), \"Affiliated company\")]"}
COMMAND: GET /session/296c3ef822005440bb291597a564fd04/screenshot - {}
RESULT: {"using":"xpath","value":"//span[contains(text(), \"Affiliated company\")]"}
COMMAND: POST /session/296c3ef822005440bb291597a564fd04/element/f.A5EAE1E31C780A7B6C1CBBD175F5DD1B.d.AC91292159298EA8B6BEDDCADED1D0AF.e.3594/click - {}
RESULT: {}
RESULT: {}
COMMAND: POST /session/296c3ef822005440bb291597a564fd04/execute/async - {"script":"<script> [1562 bytes]","args":[{"selector":{"id":"application-managepartners-display-component---NewPartner--partnerDetailsCurrency-arrow"},"wdio_ui5_key":"applicationmanagepartners-display-component---NewPartner--partnerDetailsCurrency-arrow"}]}
COMMAND: GET /session/296c3ef822005440bb291597a564fd04/screenshot - {}
RESULT: {"script":"<script> [1562 bytes]","args":[{"selector":{"id":"application-managepartners-display-component---NewPartner--partnerDetailsCurrency-arrow"},"wdio_ui5_key":"applicationmanagepartners-display-component---NewPartner--partnerDetailsCurrency-arrow"}]}
RESULT: undefined
COMMAND: POST /session/296c3ef822005440bb291597a564fd04/element - {"using":"xpath","value":"//*[@id=\"application-managepartners-display-component---NewPartner--partnerDetailsCurrency-arrow\"]"}
RESULT: {}
RESULT: {"using":"xpath","value":"//*[@id=\"application-managepartners-display-component---NewPartner--partnerDetailsCurrency-arrow\"]"}
COMMAND: POST /session/296c3ef822005440bb291597a564fd04/element/f.A5EAE1E31C780A7B6C1CBBD175F5DD1B.d.AC91292159298EA8B6BEDDCADED1D0AF.e.3601/click - {}
RESULT: {}
COMMAND: POST /session/296c3ef822005440bb291597a564fd04/element - {"using":"xpath","value":"//span[contains(text(), \"Euro\")]"}
COMMAND: GET /session/296c3ef822005440bb291597a564fd04/screenshot - {}
RESULT: {"using":"xpath","value":"//span[contains(text(), \"Euro\")]"}
COMMAND: POST /session/296c3ef822005440bb291597a564fd04/element/f.A5EAE1E31C780A7B6C1CBBD175F5DD1B.d.AC91292159298EA8B6BEDDCADED1D0AF.e.3602/click - {}
RESULT: {}
RESULT: {}
COMMAND: POST /session/296c3ef822005440bb291597a564fd04/execute/async - {"script":"<script> [1562 bytes]","args":[{"selector":{"id":"application-managepartners-display-component---NewPartner--addressEditDetailsCostObjectCstType-arrow"},"wdio_ui5_key":"applicationmanagepartners-display-component---NewPartner--addressEditDetailsCostObjectCstType-arrow"}]}
COMMAND: GET /session/296c3ef822005440bb291597a564fd04/screenshot - {}
RESULT: {"script":"<script> [1562 bytes]","args":[{"selector":{"id":"application-managepartners-display-component---NewPartner--addressEditDetailsCostObjectCstType-arrow"},"wdio_ui5_key":"applicationmanagepartners-display-component---NewPartner--addressEditDetailsCostObjectCstType-arrow"}]}
RESULT: undefined
COMMAND: POST /session/296c3ef822005440bb291597a564fd04/element - {"using":"xpath","value":"//*[@id=\"application-managepartners-display-component---NewPartner--addressEditDetailsCostObjectCstType-arrow\"]"}
RESULT: {}
RESULT: {"using":"xpath","value":"//*[@id=\"application-managepartners-display-component---NewPartner--addressEditDetailsCostObjectCstType-arrow\"]"}
COMMAND: POST /session/296c3ef822005440bb291597a564fd04/element/f.A5EAE1E31C780A7B6C1CBBD175F5DD1B.d.AC91292159298EA8B6BEDDCADED1D0AF.e.3603/click - {}
RESULT: {}
COMMAND: POST /session/296c3ef822005440bb291597a564fd04/element - {"using":"xpath","value":"//span[contains(text(), \"Cost Center\")]"}
COMMAND: GET /session/296c3ef822005440bb291597a564fd04/screenshot - {}
RESULT: {"using":"xpath","value":"//span[contains(text(), \"Cost Center\")]"}
COMMAND: POST /session/296c3ef822005440bb291597a564fd04/element/f.A5EAE1E31C780A7B6C1CBBD175F5DD1B.d.AC91292159298EA8B6BEDDCADED1D0AF.e.3604/click - {}
RESULT: {}
RESULT: {}
COMMAND: GET /session/296c3ef822005440bb291597a564fd04/screenshot - {}
RESULT: {}
COMMAND: POST /session/296c3ef822005440bb291597a564fd04/element - {"using":"xpath","value":"//span[@id=\"application-managepartners-display-component---NewPartner--addressNewCostObjectCstID-vhi\"]"}
RESULT: {"using":"xpath","value":"//span[@id=\"application-managepartners-display-component---NewPartner--addressNewCostObjectCstID-vhi\"]"}
COMMAND: POST /session/296c3ef822005440bb291597a564fd04/execute/sync - {"script":"<script> [8489 bytes]","args":[{"element-6066-11e4-a52e-4f735466cecf":"f.A5EAE1E31C780A7B6C1CBBD175F5DD1B.d.AC91292159298EA8B6BEDDCADED1D0AF.e.3608","ELEMENT":"f.A5EAE1E31C780A7B6C1CBBD175F5DD1B.d.AC91292159298EA8B6BEDDCADED1D0AF.e.3608"}]}
RESULT: {"script":"<script> [8489 bytes]","args":[{"element-6066-11e4-a52e-4f735466cecf":"f.A5EAE1E31C780A7B6C1CBBD175F5DD1B.d.AC91292159298EA8B6BEDDCADED1D0AF.e.3608","ELEMENT":"f.A5EAE1E31C780A7B6C1CBBD175F5DD1B.d.AC91292159298EA8B6BEDDCADED1D0AF.e.3608"}]}
COMMAND: POST /session/296c3ef822005440bb291597a564fd04/execute/async - {"script":"<script> [1562 bytes]","args":[{"selector":{"id":"application-managepartners-display-component---NewPartner--addressNewCostObjectCstID-vhi"},"wdio_ui5_key":"applicationmanagepartners-display-component---NewPartner--addressNewCostObjectCstID-vhi"}]}
COMMAND: GET /session/296c3ef822005440bb291597a564fd04/screenshot - {}
RESULT: {"script":"<script> [1562 bytes]","args":[{"selector":{"id":"application-managepartners-display-component---NewPartner--addressNewCostObjectCstID-vhi"},"wdio_ui5_key":"applicationmanagepartners-display-component---NewPartner--addressNewCostObjectCstID-vhi"}]}
RESULT: undefined
COMMAND: POST /session/296c3ef822005440bb291597a564fd04/element - {"using":"xpath","value":"//*[@id=\"application-managepartners-display-component---NewPartner--addressNewCostObjectCstID-vhi\"]"}
RESULT: {}
RESULT: {"using":"xpath","value":"//*[@id=\"application-managepartners-display-component---NewPartner--addressNewCostObjectCstID-vhi\"]"}
COMMAND: POST /session/296c3ef822005440bb291597a564fd04/element/f.A5EAE1E31C780A7B6C1CBBD175F5DD1B.d.AC91292159298EA8B6BEDDCADED1D0AF.e.3608/click - {}
RESULT: {}
COMMAND: GET /session/296c3ef822005440bb291597a564fd04/screenshot - {}
RESULT: {}
COMMAND: POST /session/296c3ef822005440bb291597a564fd04/execute/async - {"script":"<script> [1562 bytes]","args":[{"selector":{"controlType":"sap.m.SearchField","properties":{"placeholder":"Search"},"searchOpenDialogs":true,"interaction":{"idSuffix":"I"}},"wdio_ui5_key":"sapm.SearchField{\"placeholder\":\"Search\"}"}]}
RESULT: {"script":"<script> [1562 bytes]","args":[{"selector":{"controlType":"sap.m.SearchField","properties":{"placeholder":"Search"},"searchOpenDialogs":true,"interaction":{"idSuffix":"I"}},"wdio_ui5_key":"sapm.SearchField{\"placeholder\":\"Search\"}"}]}
RESULT: undefined
COMMAND: POST /session/296c3ef822005440bb291597a564fd04/execute/async - {"script":"<script> [776 bytes]","args":[{"enterText":"10001013","selector":{"controlType":"sap.m.SearchField","properties":{"placeholder":"Search"},"searchOpenDialogs":true,"interaction":{"idSuffix":"I"}},"clearTextFirst":true,"interactionType":"ENTER_TEXT"}]}
RESULT: {"script":"<script> [776 bytes]","args":[{"enterText":"10001013","selector":{"controlType":"sap.m.SearchField","properties":{"placeholder":"Search"},"searchOpenDialogs":true,"interaction":{"idSuffix":"I"}},"clearTextFirst":true,"interactionType":"ENTER_TEXT"}]}
COMMAND: POST /session/296c3ef822005440bb291597a564fd04/actions - {"actions":[{"id":"action11","type":"key","parameters":{},"actions":[{"type":"keyDown","value":"î€‡"},{"type":"pause","duration":10},{"type":"keyUp","value":"î€‡"}]}]}
RESULT: {"actions":[{"id":"action11","type":"key","parameters":{},"actions":[{"type":"keyDown","value":"î€‡"},{"type":"pause","duration":10},{"type":"keyUp","value":"î€‡"}]}]}
COMMAND: GET /session/296c3ef822005440bb291597a564fd04/screenshot - {}
RESULT: {}
COMMAND: POST /session/296c3ef822005440bb291597a564fd04/element - {"using":"xpath","value":"//span[contains(text(), \"General Management\")]"}
RESULT: {"using":"xpath","value":"//span[contains(text(), \"General Management\")]"}
COMMAND: POST /session/296c3ef822005440bb291597a564fd04/element/f.A5EAE1E31C780A7B6C1CBBD175F5DD1B.d.AC91292159298EA8B6BEDDCADED1D0AF.e.3650/click - {}
RESULT: {}
COMMAND: GET /session/296c3ef822005440bb291597a564fd04/screenshot - {}
RESULT: {}
COMMAND: POST /session/296c3ef822005440bb291597a564fd04/element - {"using":"xpath","value":"//bdi[contains(text(), \"OK\")]"}
RESULT: {"using":"xpath","value":"//bdi[contains(text(), \"OK\")]"}
COMMAND: POST /session/296c3ef822005440bb291597a564fd04/element/f.A5EAE1E31C780A7B6C1CBBD175F5DD1B.d.AC91292159298EA8B6BEDDCADED1D0AF.e.3651/click - {}
RESULT: {}
COMMAND: GET /session/296c3ef822005440bb291597a564fd04/screenshot - {}
RESULT: {}
COMMAND: POST /session/296c3ef822005440bb291597a564fd04/element - {"using":"xpath","value":"//input[@id=\"application-managepartners-display-component---NewPartner--companyCodeComboBox-inner\"]"}
RESULT: {"using":"xpath","value":"//input[@id=\"application-managepartners-display-component---NewPartner--companyCodeComboBox-inner\"]"}
COMMAND: POST /session/296c3ef822005440bb291597a564fd04/element/f.A5EAE1E31C780A7B6C1CBBD175F5DD1B.d.AC91292159298EA8B6BEDDCADED1D0AF.e.3438/clear - {}
RESULT: {}
COMMAND: POST /session/296c3ef822005440bb291597a564fd04/element/f.A5EAE1E31C780A7B6C1CBBD175F5DD1B.d.AC91292159298EA8B6BEDDCADED1D0AF.e.3438/value - {"text":"C002"}
COMMAND: GET /session/296c3ef822005440bb291597a564fd04/screenshot - {}
RESULT: {"text":"C002"}
COMMAND: GET /session/296c3ef822005440bb291597a564fd04/screenshot - {}
RESULT: {}
RESULT: {}
COMMAND: POST /session/296c3ef822005440bb291597a564fd04/element - {"using":"xpath","value":"//span[contains(text(), \"C002\")]"}
RESULT: {"using":"xpath","value":"//span[contains(text(), \"C002\")]"}
COMMAND: POST /session/296c3ef822005440bb291597a564fd04/element/f.A5EAE1E31C780A7B6C1CBBD175F5DD1B.d.AC91292159298EA8B6BEDDCADED1D0AF.e.3657/click - {}
RESULT: {}
COMMAND: GET /session/296c3ef822005440bb291597a564fd04/screenshot - {}
RESULT: {}
COMMAND: POST /session/296c3ef822005440bb291597a564fd04/execute/async - {"script":"<script> [1562 bytes]","args":[{"selector":{"id":"application-managepartners-display-component---NewPartner--btnAddTableRow-img"},"wdio_ui5_key":"applicationmanagepartners-display-component---NewPartner--btnAddTableRow-img"}]}
RESULT: {"script":"<script> [1562 bytes]","args":[{"selector":{"id":"application-managepartners-display-component---NewPartner--btnAddTableRow-img"},"wdio_ui5_key":"applicationmanagepartners-display-component---NewPartner--btnAddTableRow-img"}]}
RESULT: undefined
COMMAND: POST /session/296c3ef822005440bb291597a564fd04/element - {"using":"xpath","value":"//*[@id=\"application-managepartners-display-component---NewPartner--btnAddTableRow-img\"]"}
RESULT: {"using":"xpath","value":"//*[@id=\"application-managepartners-display-component---NewPartner--btnAddTableRow-img\"]"}
COMMAND: POST /session/296c3ef822005440bb291597a564fd04/element/f.A5EAE1E31C780A7B6C1CBBD175F5DD1B.d.AC91292159298EA8B6BEDDCADED1D0AF.e.3658/click - {}
RESULT: {}
COMMAND: GET /session/296c3ef822005440bb291597a564fd04/screenshot - {}
RESULT: {}
COMMAND: POST /session/296c3ef822005440bb291597a564fd04/element - {"using":"xpath","value":"//input[@id=\"application-managepartners-display-component---NewPartner--assignmentYard-application-managepartners-display-component---NewPartner--assignmentsTable-0-inner\"]"}
RESULT: {"using":"xpath","value":"//input[@id=\"application-managepartners-display-component---NewPartner--assignmentYard-application-managepartners-display-component---NewPartner--assignmentsTable-0-inner\"]"}
COMMAND: POST /session/296c3ef822005440bb291597a564fd04/element/f.A5EAE1E31C780A7B6C1CBBD175F5DD1B.d.AC91292159298EA8B6BEDDCADED1D0AF.e.3661/clear - {}
RESULT: {}
COMMAND: POST /session/296c3ef822005440bb291597a564fd04/element/f.A5EAE1E31C780A7B6C1CBBD175F5DD1B.d.AC91292159298EA8B6BEDDCADED1D0AF.e.3661/value - {"text":"555"}
COMMAND: GET /session/296c3ef822005440bb291597a564fd04/screenshot - {}
RESULT: {"text":"555"}
COMMAND: GET /session/296c3ef822005440bb291597a564fd04/screenshot - {}
RESULT: {}
RESULT: {}
COMMAND: POST /session/296c3ef822005440bb291597a564fd04/element - {"using":"xpath","value":"//li[.//span[text()='555']]"}
RESULT: {"using":"xpath","value":"//li[.//span[text()='555']]"}
COMMAND: POST /session/296c3ef822005440bb291597a564fd04/element/f.A5EAE1E31C780A7B6C1CBBD175F5DD1B.d.AC91292159298EA8B6BEDDCADED1D0AF.e.3670/click - {}
RESULT: {}
COMMAND: GET /session/296c3ef822005440bb291597a564fd04/screenshot - {}
RESULT: {}
COMMAND: POST /session/296c3ef822005440bb291597a564fd04/actions - {"actions":[{"id":"action12","type":"key","parameters":{},"actions":[{"type":"keyDown","value":"î€‡"},{"type":"pause","duration":10},{"type":"keyUp","value":"î€‡"}]}]}
RESULT: {"actions":[{"id":"action12","type":"key","parameters":{},"actions":[{"type":"keyDown","value":"î€‡"},{"type":"pause","duration":10},{"type":"keyUp","value":"î€‡"}]}]}
COMMAND: POST /session/296c3ef822005440bb291597a564fd04/execute/async - {"script":"<script> [1562 bytes]","args":[{"selector":{"id":"application-managepartners-display-component---NewPartner--externalCustomerComboBox-application-managepartners-display-component---NewPartner--assignmentsTable-0-vhi"},"wdio_ui5_key":"applicationmanagepartners-display-component---NewPartner--externalCustomerComboBox-application-managepartners-display-component---NewPartner--assignmentsTable-0-vhi"}]}
COMMAND: GET /session/296c3ef822005440bb291597a564fd04/screenshot - {}
RESULT: {"script":"<script> [1562 bytes]","args":[{"selector":{"id":"application-managepartners-display-component---NewPartner--externalCustomerComboBox-application-managepartners-display-component---NewPartner--assignmentsTable-0-vhi"},"wdio_ui5_key":"applicationmanagepartners-display-component---NewPartner--externalCustomerComboBox-application-managepartners-display-component---NewPartner--assignmentsTable-0-vhi"}]}
RESULT: undefined
COMMAND: POST /session/296c3ef822005440bb291597a564fd04/element - {"using":"xpath","value":"//*[@id=\"application-managepartners-display-component---NewPartner--externalCustomerComboBox-application-managepartners-display-component---NewPartner--assignmentsTable-0-vhi\"]"}
RESULT: {}
RESULT: {"using":"xpath","value":"//*[@id=\"application-managepartners-display-component---NewPartner--externalCustomerComboBox-application-managepartners-display-component---NewPartner--assignmentsTable-0-vhi\"]"}
COMMAND: POST /session/296c3ef822005440bb291597a564fd04/element/f.A5EAE1E31C780A7B6C1CBBD175F5DD1B.d.AC91292159298EA8B6BEDDCADED1D0AF.e.3674/click - {}
RESULT: {}
RESULT: undefined
COMMAND: POST /session/296c3ef822005440bb291597a564fd04/execute/async - {"script":"<script> [776 bytes]","args":[{"enterText":"300003","selector":{"controlType":"sap.m.SearchField","properties":{"placeholder":"Search"},"searchOpenDialogs":true,"interaction":{"idSuffix":"I"}},"clearTextFirst":true,"interactionType":"ENTER_TEXT"}]}
COMMAND: GET /session/296c3ef822005440bb291597a564fd04/screenshot - {}
RESULT: {"script":"<script> [776 bytes]","args":[{"enterText":"300003","selector":{"controlType":"sap.m.SearchField","properties":{"placeholder":"Search"},"searchOpenDialogs":true,"interaction":{"idSuffix":"I"}},"clearTextFirst":true,"interactionType":"ENTER_TEXT"}]}
COMMAND: POST /session/296c3ef822005440bb291597a564fd04/actions - {"actions":[{"id":"action13","type":"key","parameters":{},"actions":[{"type":"keyDown","value":"î€‡"},{"type":"pause","duration":10},{"type":"keyUp","value":"î€‡"}]}]}
RESULT: {}
RESULT: {"actions":[{"id":"action13","type":"key","parameters":{},"actions":[{"type":"keyDown","value":"î€‡"},{"type":"pause","duration":10},{"type":"keyUp","value":"î€‡"}]}]}
COMMAND: GET /session/296c3ef822005440bb291597a564fd04/screenshot - {}
RESULT: {}
COMMAND: POST /session/296c3ef822005440bb291597a564fd04/element - {"using":"xpath","value":"//span[contains(text(), \"300003\")]"}
RESULT: {"using":"xpath","value":"//span[contains(text(), \"300003\")]"}
COMMAND: POST /session/296c3ef822005440bb291597a564fd04/element/f.A5EAE1E31C780A7B6C1CBBD175F5DD1B.d.AC91292159298EA8B6BEDDCADED1D0AF.e.3691/click - {}
RESULT: {}
COMMAND: GET /session/296c3ef822005440bb291597a564fd04/screenshot - {}
RESULT: {}
COMMAND: POST /session/296c3ef822005440bb291597a564fd04/element - {"using":"xpath","value":"//bdi[contains(text(), \"OK\")]"}
RESULT: {"using":"xpath","value":"//bdi[contains(text(), \"OK\")]"}
COMMAND: POST /session/296c3ef822005440bb291597a564fd04/element/f.A5EAE1E31C780A7B6C1CBBD175F5DD1B.d.AC91292159298EA8B6BEDDCADED1D0AF.e.3693/click - {}
RESULT: {}
COMMAND: GET /session/296c3ef822005440bb291597a564fd04/screenshot - {}
RESULT: {}
COMMAND: POST /session/296c3ef822005440bb291597a564fd04/execute/async - {"script":"<script> [1562 bytes]","args":[{"selector":{"id":"application-managepartners-display-component---NewPartner--intercompVendorComboBox-application-managepartners-display-component---NewPartner--assignmentsTable-0-vhi"},"wdio_ui5_key":"applicationmanagepartners-display-component---NewPartner--intercompVendorComboBox-application-managepartners-display-component---NewPartner--assignmentsTable-0-vhi"}]}
RESULT: {"script":"<script> [1562 bytes]","args":[{"selector":{"id":"application-managepartners-display-component---NewPartner--intercompVendorComboBox-application-managepartners-display-component---NewPartner--assignmentsTable-0-vhi"},"wdio_ui5_key":"applicationmanagepartners-display-component---NewPartner--intercompVendorComboBox-application-managepartners-display-component---NewPartner--assignmentsTable-0-vhi"}]}
RESULT: undefined
COMMAND: POST /session/296c3ef822005440bb291597a564fd04/element - {"using":"xpath","value":"//*[@id=\"application-managepartners-display-component---NewPartner--intercompVendorComboBox-application-managepartners-display-component---NewPartner--assignmentsTable-0-vhi\"]"}
RESULT: {"using":"xpath","value":"//*[@id=\"application-managepartners-display-component---NewPartner--intercompVendorComboBox-application-managepartners-display-component---NewPartner--assignmentsTable-0-vhi\"]"}
COMMAND: POST /session/296c3ef822005440bb291597a564fd04/element/f.A5EAE1E31C780A7B6C1CBBD175F5DD1B.d.AC91292159298EA8B6BEDDCADED1D0AF.e.3696/click - {}
RESULT: {}
RESULT: undefined
COMMAND: POST /session/296c3ef822005440bb291597a564fd04/execute/async - {"script":"<script> [776 bytes]","args":[{"enterText":"100005","selector":{"controlType":"sap.m.SearchField","properties":{"placeholder":"Search"},"searchOpenDialogs":true,"interaction":{"idSuffix":"I"}},"clearTextFirst":true,"interactionType":"ENTER_TEXT"}]}
COMMAND: GET /session/296c3ef822005440bb291597a564fd04/screenshot - {}
RESULT: {"script":"<script> [776 bytes]","args":[{"enterText":"100005","selector":{"controlType":"sap.m.SearchField","properties":{"placeholder":"Search"},"searchOpenDialogs":true,"interaction":{"idSuffix":"I"}},"clearTextFirst":true,"interactionType":"ENTER_TEXT"}]}
COMMAND: POST /session/296c3ef822005440bb291597a564fd04/actions - {"actions":[{"id":"action14","type":"key","parameters":{},"actions":[{"type":"keyDown","value":"î€‡"},{"type":"pause","duration":10},{"type":"keyUp","value":"î€‡"}]}]}
RESULT: {}
RESULT: {"actions":[{"id":"action14","type":"key","parameters":{},"actions":[{"type":"keyDown","value":"î€‡"},{"type":"pause","duration":10},{"type":"keyUp","value":"î€‡"}]}]}
COMMAND: GET /session/296c3ef822005440bb291597a564fd04/screenshot - {}
RESULT: {}
COMMAND: POST /session/296c3ef822005440bb291597a564fd04/element - {"using":"xpath","value":"//span[contains(text(), \"Penguins - Field/12345 Berlin\")]"}
RESULT: {"using":"xpath","value":"//span[contains(text(), \"Penguins - Field/12345 Berlin\")]"}
COMMAND: POST /session/296c3ef822005440bb291597a564fd04/element/f.A5EAE1E31C780A7B6C1CBBD175F5DD1B.d.AC91292159298EA8B6BEDDCADED1D0AF.e.3713/click - {}
RESULT: {}
COMMAND: GET /session/296c3ef822005440bb291597a564fd04/screenshot - {}
RESULT: {}
COMMAND: POST /session/296c3ef822005440bb291597a564fd04/element - {"using":"xpath","value":"//bdi[contains(text(), \"OK\")]"}
RESULT: {"using":"xpath","value":"//bdi[contains(text(), \"OK\")]"}
COMMAND: POST /session/296c3ef822005440bb291597a564fd04/element/f.A5EAE1E31C780A7B6C1CBBD175F5DD1B.d.AC91292159298EA8B6BEDDCADED1D0AF.e.3714/click - {}
RESULT: {}
COMMAND: GET /session/296c3ef822005440bb291597a564fd04/screenshot - {}
RESULT: {}
COMMAND: POST /session/296c3ef822005440bb291597a564fd04/element - {"using":"xpath","value":"//button[@data-kt=\"saveButton\"]"}
RESULT: {"using":"xpath","value":"//button[@data-kt=\"saveButton\"]"}
COMMAND: POST /session/296c3ef822005440bb291597a564fd04/element/f.A5EAE1E31C780A7B6C1CBBD175F5DD1B.d.AC91292159298EA8B6BEDDCADED1D0AF.e.3566/click - {}
RESULT: {}
COMMAND: GET /session/296c3ef822005440bb291597a564fd04/screenshot - {}
RESULT: {}
COMMAND: POST /session/296c3ef822005440bb291597a564fd04/element - {"using":"xpath","value":"//header[contains(@id, 'ObjectPageLayout-headerTitle')]/div[1]/div[2]/div[2]/span[1]"}
RESULT: {"using":"xpath","value":"//header[contains(@id, 'ObjectPageLayout-headerTitle')]/div[1]/div[2]/div[2]/span[1]"}
COMMAND: POST /session/296c3ef822005440bb291597a564fd04/elements - {"using":"xpath","value":"//header[contains(@id, 'ObjectPageLayout-headerTitle')]/div[1]/div[2]/div[2]/span[1]"}
RESULT: {"using":"xpath","value":"//header[contains(@id, 'ObjectPageLayout-headerTitle')]/div[1]/div[2]/div[2]/span[1]"}
COMMAND: POST /session/296c3ef822005440bb291597a564fd04/execute/sync - {"script":"<script> [56 bytes]","args":[{"element-6066-11e4-a52e-4f735466cecf":"f.A5EAE1E31C780A7B6C1CBBD175F5DD1B.d.AC91292159298EA8B6BEDDCADED1D0AF.e.3876","ELEMENT":"f.A5EAE1E31C780A7B6C1CBBD175F5DD1B.d.AC91292159298EA8B6BEDDCADED1D0AF.e.3876"}]}
RESULT: {"script":"<script> [56 bytes]","args":[{"element-6066-11e4-a52e-4f735466cecf":"f.A5EAE1E31C780A7B6C1CBBD175F5DD1B.d.AC91292159298EA8B6BEDDCADED1D0AF.e.3876","ELEMENT":"f.A5EAE1E31C780A7B6C1CBBD175F5DD1B.d.AC91292159298EA8B6BEDDCADED1D0AF.e.3876"}]}
COMMAND: POST /session/296c3ef822005440bb291597a564fd04/element - {"using":"css selector","value":"#shell-header-logo"}
COMMAND: GET /session/296c3ef822005440bb291597a564fd04/screenshot - {}
RESULT: {"using":"css selector","value":"#shell-header-logo"}
COMMAND: POST /session/296c3ef822005440bb291597a564fd04/element/f.A5EAE1E31C780A7B6C1CBBD175F5DD1B.d.AC91292159298EA8B6BEDDCADED1D0AF.e.3087/click - {}
RESULT: {}
RESULT: {}
COMMAND: GET /session/296c3ef822005440bb291597a564fd04/screenshot - {}
RESULT: {}
COMMAND: POST /session/296c3ef822005440bb291597a564fd04/execute/sync - {"script":"<script> [299 bytes]","args":[["getModel","getResource"]]}
RESULT: {"script":"<script> [299 bytes]","args":[["getModel","getResource"]]}
]]></system-out>
    </testcase>
    <testcase classname="chrome.135_0_7049_96.windows.Edit_and_delete_daily_price_US134629_US134627" name="Should go into edit and delete all the rows that match the yard we have created for this scenario check if all rows deleted" time="12.84">
      <system-out><![CDATA[
COMMAND: POST /session/296c3ef822005440bb291597a564fd04/execute/async - {"script":"<script> [1562 bytes]","args":[{"selector":{"id":"application-manageconditionprice-display-component---dailyPrices--editBtn","interaction":{"idSuffix":"BDI-content"}},"wdio_ui5_key":"applicationmanageconditionprice-display-component---dailyPrices--editBtn"}]}
COMMAND: GET /session/296c3ef822005440bb291597a564fd04/screenshot - {}
RESULT: {"script":"<script> [1562 bytes]","args":[{"selector":{"id":"application-manageconditionprice-display-component---dailyPrices--editBtn","interaction":{"idSuffix":"BDI-content"}},"wdio_ui5_key":"applicationmanageconditionprice-display-component---dailyPrices--editBtn"}]}
RESULT: undefined
RESULT: {}
COMMAND: POST /session/296c3ef822005440bb291597a564fd04/elements - {"using":"css selector","value":"table tr"}
RESULT: {"using":"css selector","value":"table tr"}
COMMAND: POST /session/296c3ef822005440bb291597a564fd04/execute/async - {"script":"<script> [1562 bytes]","args":[{"selector":{"id":"application-manageconditionprice-display-component---dailyPrices--deleteBtn","interaction":{"idSuffix":"content"}},"wdio_ui5_key":"applicationmanageconditionprice-display-component---dailyPrices--deleteBtn"}]}
RESULT: {"script":"<script> [1562 bytes]","args":[{"selector":{"id":"application-manageconditionprice-display-component---dailyPrices--deleteBtn","interaction":{"idSuffix":"content"}},"wdio_ui5_key":"applicationmanageconditionprice-display-component---dailyPrices--deleteBtn"}]}
RESULT: undefined
COMMAND: POST /session/296c3ef822005440bb291597a564fd04/execute/async - {"script":"<script> [1562 bytes]","args":[{"selector":{"controlType":"sap.m.Button","properties":{"text":"OK"},"searchOpenDialogs":true,"interaction":{"idSuffix":"BDI-content"}},"wdio_ui5_key":"sapm.Button{\"text\":\"OK\"}"}]}
RESULT: {"script":"<script> [1562 bytes]","args":[{"selector":{"controlType":"sap.m.Button","properties":{"text":"OK"},"searchOpenDialogs":true,"interaction":{"idSuffix":"BDI-content"}},"wdio_ui5_key":"sapm.Button{\"text\":\"OK\"}"}]}
RESULT: undefined
COMMAND: POST /session/296c3ef822005440bb291597a564fd04/execute/async - {"script":"<script> [1562 bytes]","args":[{"selector":{"controlType":"sap.m.Button","viewName":"etm.portal.ui.manageconditionprice.view.DailyPrices","viewId":"application-manageconditionprice-display-component---dailyPrices","i18NText":{"propertyName":"tooltip","key":"save"},"interaction":{"idSuffix":"BDI-content"}},"wdio_ui5_key":"etmportal.ui.manageconditionprice.view.DailyPricessap.m.Button{\"propertyName\":\"tooltip\",\"key\":\"save\"}"}]}
RESULT: {"script":"<script> [1562 bytes]","args":[{"selector":{"controlType":"sap.m.Button","viewName":"etm.portal.ui.manageconditionprice.view.DailyPrices","viewId":"application-manageconditionprice-display-component---dailyPrices","i18NText":{"propertyName":"tooltip","key":"save"},"interaction":{"idSuffix":"BDI-content"}},"wdio_ui5_key":"etmportal.ui.manageconditionprice.view.DailyPricessap.m.Button{\"propertyName\":\"tooltip\",\"key\":\"save\"}"}]}
RESULT: undefined
COMMAND: POST /session/296c3ef822005440bb291597a564fd04/elements - {"using":"css selector","value":"table tr"}
RESULT: {"using":"css selector","value":"table tr"}
COMMAND: POST /session/296c3ef822005440bb291597a564fd04/element - {"using":"css selector","value":"#j_username"}
COMMAND: POST /session/296c3ef822005440bb291597a564fd04/url - {"url":"https://qa-testing-00-live-etm-ui.cfapps.eu10-004.hana.ondemand.com/"}
COMMAND: GET /session/296c3ef822005440bb291597a564fd04/screenshot - {}
RESULT: {"using":"css selector","value":"#j_username"}
COMMAND: POST /session/296c3ef822005440bb291597a564fd04/element - {"using":"css selector","value":"#j_username"}
RESULT: {"url":"https://qa-testing-00-live-etm-ui.cfapps.eu10-004.hana.ondemand.com/"}
RESULT: undefined
COMMAND: GET /session/296c3ef822005440bb291597a564fd04/screenshot - {}
RESULT: {}
RESULT: {"using":"css selector","value":"#j_username"}
COMMAND: POST /session/296c3ef822005440bb291597a564fd04/element - {"using":"css selector","value":"#shell-header-logo"}
RESULT: {}
RESULT: {"using":"css selector","value":"#shell-header-logo"}
COMMAND: POST /session/296c3ef822005440bb291597a564fd04/execute/sync - {"script":"<script> [8489 bytes]","args":[{"element-6066-11e4-a52e-4f735466cecf":"f.A5EAE1E31C780A7B6C1CBBD175F5DD1B.d.90CC59EAAB45A62A84B9D177A5B47FC2.e.4605","ELEMENT":"f.A5EAE1E31C780A7B6C1CBBD175F5DD1B.d.90CC59EAAB45A62A84B9D177A5B47FC2.e.4605"}]}
RESULT: {"script":"<script> [8489 bytes]","args":[{"element-6066-11e4-a52e-4f735466cecf":"f.A5EAE1E31C780A7B6C1CBBD175F5DD1B.d.90CC59EAAB45A62A84B9D177A5B47FC2.e.4605","ELEMENT":"f.A5EAE1E31C780A7B6C1CBBD175F5DD1B.d.90CC59EAAB45A62A84B9D177A5B47FC2.e.4605"}]}
COMMAND: POST /session/296c3ef822005440bb291597a564fd04/element - {"using":"css selector","value":"#shell-header-logo"}
COMMAND: GET /session/296c3ef822005440bb291597a564fd04/screenshot - {}
RESULT: {"using":"css selector","value":"#shell-header-logo"}
COMMAND: POST /session/296c3ef822005440bb291597a564fd04/execute/sync - {"script":"<script> [8489 bytes]","args":[{"element-6066-11e4-a52e-4f735466cecf":"f.A5EAE1E31C780A7B6C1CBBD175F5DD1B.d.90CC59EAAB45A62A84B9D177A5B47FC2.e.4605","ELEMENT":"f.A5EAE1E31C780A7B6C1CBBD175F5DD1B.d.90CC59EAAB45A62A84B9D177A5B47FC2.e.4605"}]}
RESULT: {}
RESULT: {"script":"<script> [8489 bytes]","args":[{"element-6066-11e4-a52e-4f735466cecf":"f.A5EAE1E31C780A7B6C1CBBD175F5DD1B.d.90CC59EAAB45A62A84B9D177A5B47FC2.e.4605","ELEMENT":"f.A5EAE1E31C780A7B6C1CBBD175F5DD1B.d.90CC59EAAB45A62A84B9D177A5B47FC2.e.4605"}]}
COMMAND: POST /session/296c3ef822005440bb291597a564fd04/execute/sync - {"script":"<script> [5351 bytes]","args":[{"element-6066-11e4-a52e-4f735466cecf":"f.A5EAE1E31C780A7B6C1CBBD175F5DD1B.d.90CC59EAAB45A62A84B9D177A5B47FC2.e.4605","ELEMENT":"f.A5EAE1E31C780A7B6C1CBBD175F5DD1B.d.90CC59EAAB45A62A84B9D177A5B47FC2.e.4605"}]}
COMMAND: GET /session/296c3ef822005440bb291597a564fd04/screenshot - {}
RESULT: {"script":"<script> [5351 bytes]","args":[{"element-6066-11e4-a52e-4f735466cecf":"f.A5EAE1E31C780A7B6C1CBBD175F5DD1B.d.90CC59EAAB45A62A84B9D177A5B47FC2.e.4605","ELEMENT":"f.A5EAE1E31C780A7B6C1CBBD175F5DD1B.d.90CC59EAAB45A62A84B9D177A5B47FC2.e.4605"}]}
COMMAND: POST /session/296c3ef822005440bb291597a564fd04/element - {"using":"css selector","value":"#shell-header-logo"}
COMMAND: GET /session/296c3ef822005440bb291597a564fd04/screenshot - {}
RESULT: {}
RESULT: {"using":"css selector","value":"#shell-header-logo"}
COMMAND: POST /session/296c3ef822005440bb291597a564fd04/element/f.A5EAE1E31C780A7B6C1CBBD175F5DD1B.d.90CC59EAAB45A62A84B9D177A5B47FC2.e.4605/click - {}
RESULT: {}
RESULT: {}
COMMAND: GET /session/296c3ef822005440bb291597a564fd04/screenshot - {}
RESULT: {}
COMMAND: POST /session/296c3ef822005440bb291597a564fd04/execute/async - {"script":"<script> [189 bytes]","args":[]}
RESULT: {"script":"<script> [189 bytes]","args":[]}
COMMAND: POST /session/296c3ef822005440bb291597a564fd04/execute/async - {"script":"<script> [123 bytes]","args":[]}
RESULT: {"script":"<script> [123 bytes]","args":[]}
COMMAND: POST /session/296c3ef822005440bb291597a564fd04/timeouts - {"script":"<number>"}
RESULT: {"script":"<number>"}
COMMAND: GET /session/296c3ef822005440bb291597a564fd04/timeouts - {}
RESULT: {}
RESULT: undefined
COMMAND: POST /session/296c3ef822005440bb291597a564fd04/execute/async - {"script":"<script> [2676 bytes]","args":[]}
RESULT: {"script":"<script> [2676 bytes]","args":[]}
COMMAND: POST /session/296c3ef822005440bb291597a564fd04/execute/async - {"script":"<script> [2342 bytes]","args":[{"protocol":"http","hostname":"0.0.0.0","path":"/","capabilities":{"browserName":"chrome","goog:chromeOptions":{"binary":"C:\\Program Files\\Google\\Chrome\\Application\\chrome.exe","args":["--start-maximized"]}},"logLevel":"warn","connectionRetryTimeout":120000,"connectionRetryCount":3,"logLevels":{},"enableDirectConnect":true,"strictSSL":true,"_":"65 more keys: [\"cacheDir\",\"port\",\"requestedCapabilities\",\"automationProtocol\",\"baseUrl\",\"waitforInterval\",\"waitforTimeout\",\"onReload\",\"beforeCommand\",\"afterCommand\",\"rootDir\",\"specs\",\"suites\",\"exclude\",\"groupLogsByTestSpec\",\"excludeDriverLogs\",\"bail\",\"framework\",\"reporters\",\"services\",\"maxInstances\",\"maxInstancesPerCapability\",\"injectGlobals\",\"filesToWatch\",\"execArgv\",\"runnerEnv\",\"runner\",\"shard\",\"specFileRetries\",\"specFileRetriesDelay\",\"specFileRetriesDeferred\",\"reporterSyncInterval\",\"reporterSyncTimeout\",\"cucumberFeaturesWithLineNumbers\",\"autoCompileOpts\",\"mochaOpts\",\"jasmineOpts\",\"cucumberOpts\",\"onPrepare\",\"onWorkerStart\",\"onWorkerEnd\",\"before\",\"beforeSession\",\"beforeSuite\",\"beforeHook\",\"beforeTest\",\"afterTest\",\"afterHook\",\"afterSuite\",\"afterSession\",\"after\",\"onComplete\",\"beforeAssertion\",\"afterAssertion\",\"beforeFeature\",\"beforeScenario\",\"beforeStep\",\"afterStep\",\"afterScenario\",\"afterFeature\",\"_\",\"suite\",\"$0\",\"ignoredWorkerServices\",\"wdi5\"]"}]}
RESULT: {"script":"<script> [2342 bytes]","args":[{"protocol":"http","hostname":"0.0.0.0","path":"/","capabilities":{"browserName":"chrome","goog:chromeOptions":{"binary":"C:\\Program Files\\Google\\Chrome\\Application\\chrome.exe","args":["--start-maximized"]}},"logLevel":"warn","connectionRetryTimeout":120000,"connectionRetryCount":3,"logLevels":{},"enableDirectConnect":true,"strictSSL":true,"_":"65 more keys: [\"cacheDir\",\"port\",\"requestedCapabilities\",\"automationProtocol\",\"baseUrl\",\"waitforInterval\",\"waitforTimeout\",\"onReload\",\"beforeCommand\",\"afterCommand\",\"rootDir\",\"specs\",\"suites\",\"exclude\",\"groupLogsByTestSpec\",\"excludeDriverLogs\",\"bail\",\"framework\",\"reporters\",\"services\",\"maxInstances\",\"maxInstancesPerCapability\",\"injectGlobals\",\"filesToWatch\",\"execArgv\",\"runnerEnv\",\"runner\",\"shard\",\"specFileRetries\",\"specFileRetriesDelay\",\"specFileRetriesDeferred\",\"reporterSyncInterval\",\"reporterSyncTimeout\",\"cucumberFeaturesWithLineNumbers\",\"autoCompileOpts\",\"mochaOpts\",\"jasmineOpts\",\"cucumberOpts\",\"onPrepare\",\"onWorkerStart\",\"onWorkerEnd\",\"before\",\"beforeSession\",\"beforeSuite\",\"beforeHook\",\"beforeTest\",\"afterTest\",\"afterHook\",\"afterSuite\",\"afterSession\",\"after\",\"onComplete\",\"beforeAssertion\",\"afterAssertion\",\"beforeFeature\",\"beforeScenario\",\"beforeStep\",\"afterStep\",\"afterScenario\",\"afterFeature\",\"_\",\"suite\",\"$0\",\"ignoredWorkerServices\",\"wdi5\"]"}]}
COMMAND: POST /session/296c3ef822005440bb291597a564fd04/execute/async - {"script":"<script> [21126 bytes]","args":[35000]}
RESULT: {"script":"<script> [21126 bytes]","args":[35000]}
COMMAND: POST /session/296c3ef822005440bb291597a564fd04/window/maximize - {}
RESULT: {}
COMMAND: POST /session/296c3ef822005440bb291597a564fd04/execute/async - {"script":"<script> [1562 bytes]","args":[{"selector":{"id":"shell-header","interaction":{"idSuffix":"icon"}},"wdio_ui5_key":"shellheader"}]}
COMMAND: GET /session/296c3ef822005440bb291597a564fd04/screenshot - {}
RESULT: {"script":"<script> [1562 bytes]","args":[{"selector":{"id":"shell-header","interaction":{"idSuffix":"icon"}},"wdio_ui5_key":"shellheader"}]}
RESULT: undefined
COMMAND: POST /session/296c3ef822005440bb291597a564fd04/refresh - {}
RESULT: {}
RESULT: {}
COMMAND: GET /session/296c3ef822005440bb291597a564fd04/screenshot - {}
RESULT: {}
COMMAND: POST /session/296c3ef822005440bb291597a564fd04/refresh - {}
RESULT: {}
COMMAND: GET /session/296c3ef822005440bb291597a564fd04/screenshot - {}
RESULT: {}
COMMAND: POST /session/296c3ef822005440bb291597a564fd04/window/fullscreen - {}
RESULT: {}
COMMAND: POST /session/296c3ef822005440bb291597a564fd04/execute/async - {"script":"<script> [189 bytes]","args":[]}
RESULT: {"script":"<script> [189 bytes]","args":[]}
COMMAND: POST /session/296c3ef822005440bb291597a564fd04/execute/async - {"script":"<script> [123 bytes]","args":[]}
RESULT: {"script":"<script> [123 bytes]","args":[]}
COMMAND: POST /session/296c3ef822005440bb291597a564fd04/timeouts - {"script":"<number>"}
RESULT: {"script":"<number>"}
COMMAND: GET /session/296c3ef822005440bb291597a564fd04/timeouts - {}
RESULT: {}
RESULT: undefined
COMMAND: POST /session/296c3ef822005440bb291597a564fd04/execute/async - {"script":"<script> [2676 bytes]","args":[]}
RESULT: {"script":"<script> [2676 bytes]","args":[]}
COMMAND: POST /session/296c3ef822005440bb291597a564fd04/execute/async - {"script":"<script> [2342 bytes]","args":[{"protocol":"http","hostname":"0.0.0.0","path":"/","capabilities":{"browserName":"chrome","goog:chromeOptions":{"binary":"C:\\Program Files\\Google\\Chrome\\Application\\chrome.exe","args":["--start-maximized"]}},"logLevel":"warn","connectionRetryTimeout":120000,"connectionRetryCount":3,"logLevels":{},"enableDirectConnect":true,"strictSSL":true,"_":"65 more keys: [\"cacheDir\",\"port\",\"requestedCapabilities\",\"automationProtocol\",\"baseUrl\",\"waitforInterval\",\"waitforTimeout\",\"onReload\",\"beforeCommand\",\"afterCommand\",\"rootDir\",\"specs\",\"suites\",\"exclude\",\"groupLogsByTestSpec\",\"excludeDriverLogs\",\"bail\",\"framework\",\"reporters\",\"services\",\"maxInstances\",\"maxInstancesPerCapability\",\"injectGlobals\",\"filesToWatch\",\"execArgv\",\"runnerEnv\",\"runner\",\"shard\",\"specFileRetries\",\"specFileRetriesDelay\",\"specFileRetriesDeferred\",\"reporterSyncInterval\",\"reporterSyncTimeout\",\"cucumberFeaturesWithLineNumbers\",\"autoCompileOpts\",\"mochaOpts\",\"jasmineOpts\",\"cucumberOpts\",\"onPrepare\",\"onWorkerStart\",\"onWorkerEnd\",\"before\",\"beforeSession\",\"beforeSuite\",\"beforeHook\",\"beforeTest\",\"afterTest\",\"afterHook\",\"afterSuite\",\"afterSession\",\"after\",\"onComplete\",\"beforeAssertion\",\"afterAssertion\",\"beforeFeature\",\"beforeScenario\",\"beforeStep\",\"afterStep\",\"afterScenario\",\"afterFeature\",\"_\",\"suite\",\"$0\",\"ignoredWorkerServices\",\"wdi5\"]"}]}
RESULT: {"script":"<script> [2342 bytes]","args":[{"protocol":"http","hostname":"0.0.0.0","path":"/","capabilities":{"browserName":"chrome","goog:chromeOptions":{"binary":"C:\\Program Files\\Google\\Chrome\\Application\\chrome.exe","args":["--start-maximized"]}},"logLevel":"warn","connectionRetryTimeout":120000,"connectionRetryCount":3,"logLevels":{},"enableDirectConnect":true,"strictSSL":true,"_":"65 more keys: [\"cacheDir\",\"port\",\"requestedCapabilities\",\"automationProtocol\",\"baseUrl\",\"waitforInterval\",\"waitforTimeout\",\"onReload\",\"beforeCommand\",\"afterCommand\",\"rootDir\",\"specs\",\"suites\",\"exclude\",\"groupLogsByTestSpec\",\"excludeDriverLogs\",\"bail\",\"framework\",\"reporters\",\"services\",\"maxInstances\",\"maxInstancesPerCapability\",\"injectGlobals\",\"filesToWatch\",\"execArgv\",\"runnerEnv\",\"runner\",\"shard\",\"specFileRetries\",\"specFileRetriesDelay\",\"specFileRetriesDeferred\",\"reporterSyncInterval\",\"reporterSyncTimeout\",\"cucumberFeaturesWithLineNumbers\",\"autoCompileOpts\",\"mochaOpts\",\"jasmineOpts\",\"cucumberOpts\",\"onPrepare\",\"onWorkerStart\",\"onWorkerEnd\",\"before\",\"beforeSession\",\"beforeSuite\",\"beforeHook\",\"beforeTest\",\"afterTest\",\"afterHook\",\"afterSuite\",\"afterSession\",\"after\",\"onComplete\",\"beforeAssertion\",\"afterAssertion\",\"beforeFeature\",\"beforeScenario\",\"beforeStep\",\"afterStep\",\"afterScenario\",\"afterFeature\",\"_\",\"suite\",\"$0\",\"ignoredWorkerServices\",\"wdi5\"]"}]}
COMMAND: POST /session/296c3ef822005440bb291597a564fd04/execute/async - {"script":"<script> [21126 bytes]","args":[35000]}
RESULT: {"script":"<script> [21126 bytes]","args":[35000]}
]]></system-out>
    </testcase>
  </testsuite>
  <testsuite timestamp="2025-05-05T05:49:58" time="473.675" tests="9" failures="0" errors="0" skipped="0">
    <properties>
      <property name="specId" value="0" />
      <property name="suiteName" value="US134625 Set up price condition - one time" />
      <property name="capabilities" value="chrome.135_0_7049_96.windows" />
      <property name="file" value="file:///D:/a/1/s/test/specs/BTS/set-up-price-condition-one-time.spec.js" />
    </properties>
    <testcase classname="chrome.135_0_7049_96.windows.US134625_Set_up_price_condition_-_one_time" name="Should create a new yard used for all following tests" time="0.011">
      <system-out><![CDATA[
COMMAND: POST /session/296c3ef822005440bb291597a564fd04/window/fullscreen - {}
RESULT: {}
]]></system-out>
    </testcase>
    <testcase classname="chrome.135_0_7049_96.windows.US134625_Set_up_price_condition_-_one_time" name="Should create a new partner" time="0.003" />
    <testcase classname="chrome.135_0_7049_96.windows.US134625_Set_up_price_condition_-_one_time" name="Should create a new site used for following tests" time="93.576">
      <system-out><![CDATA[
COMMAND: POST /session/296c3ef822005440bb291597a564fd04/execute/async - {"script":"<script> [1562 bytes]","args":[{"selector":{"controlType":"sap.m.TileContent","bindingPath":{"path":"","propertyPath":"/properties/info"},"ancestor":{"controlType":"sap.m.GenericTile","properties":{"header":"Manage Sites"}}},"wdio_ui5_key":"sapm.TileContent{\"path\":\"\",\"propertyPath\":\"/properties/info\"}{\"controlType\":\"sap.m.GenericTile\",\"properties\":{\"header\":\"Manage Sites\"}}"}]}
RESULT: {"script":"<script> [1562 bytes]","args":[{"selector":{"controlType":"sap.m.TileContent","bindingPath":{"path":"","propertyPath":"/properties/info"},"ancestor":{"controlType":"sap.m.GenericTile","properties":{"header":"Manage Sites"}}},"wdio_ui5_key":"sapm.TileContent{\"path\":\"\",\"propertyPath\":\"/properties/info\"}{\"controlType\":\"sap.m.GenericTile\",\"properties\":{\"header\":\"Manage Sites\"}}"}]}
RESULT: undefined
COMMAND: POST /session/296c3ef822005440bb291597a564fd04/element - {"using":"xpath","value":"//*[@id=\"__xmlview7--numericTileContent\"]"}
RESULT: {"using":"xpath","value":"//*[@id=\"__xmlview7--numericTileContent\"]"}
COMMAND: POST /session/296c3ef822005440bb291597a564fd04/element/f.A5EAE1E31C780A7B6C1CBBD175F5DD1B.d.93355DAD25CF8164D6A5BC7D17444FE7.e.4875/click - {}
RESULT: {}
COMMAND: POST /session/296c3ef822005440bb291597a564fd04/element - {"using":"xpath","value":"//button[@data-kt=\"addOverflowToolbarButton\"]"}
COMMAND: GET /session/296c3ef822005440bb291597a564fd04/screenshot - {}
RESULT: {"using":"xpath","value":"//button[@data-kt=\"addOverflowToolbarButton\"]"}
COMMAND: POST /session/296c3ef822005440bb291597a564fd04/elements - {"using":"xpath","value":"//button[@data-kt=\"addOverflowToolbarButton\"]"}
RESULT: {}
RESULT: {"using":"xpath","value":"//button[@data-kt=\"addOverflowToolbarButton\"]"}
COMMAND: POST /session/296c3ef822005440bb291597a564fd04/elements - {"using":"xpath","value":"//button[@data-kt=\"addOverflowToolbarButton\"]"}
RESULT: {"using":"xpath","value":"//button[@data-kt=\"addOverflowToolbarButton\"]"}
COMMAND: POST /session/296c3ef822005440bb291597a564fd04/elements - {"using":"xpath","value":"//button[@data-kt=\"addOverflowToolbarButton\"]"}
RESULT: {"using":"xpath","value":"//button[@data-kt=\"addOverflowToolbarButton\"]"}
COMMAND: POST /session/296c3ef822005440bb291597a564fd04/elements - {"using":"xpath","value":"//button[@data-kt=\"addOverflowToolbarButton\"]"}
RESULT: {"using":"xpath","value":"//button[@data-kt=\"addOverflowToolbarButton\"]"}
COMMAND: POST /session/296c3ef822005440bb291597a564fd04/elements - {"using":"xpath","value":"//button[@data-kt=\"addOverflowToolbarButton\"]"}
RESULT: {"using":"xpath","value":"//button[@data-kt=\"addOverflowToolbarButton\"]"}
COMMAND: POST /session/296c3ef822005440bb291597a564fd04/elements - {"using":"xpath","value":"//button[@data-kt=\"addOverflowToolbarButton\"]"}
RESULT: {"using":"xpath","value":"//button[@data-kt=\"addOverflowToolbarButton\"]"}
COMMAND: POST /session/296c3ef822005440bb291597a564fd04/elements - {"using":"xpath","value":"//button[@data-kt=\"addOverflowToolbarButton\"]"}
RESULT: {"using":"xpath","value":"//button[@data-kt=\"addOverflowToolbarButton\"]"}
COMMAND: POST /session/296c3ef822005440bb291597a564fd04/elements - {"using":"xpath","value":"//button[@data-kt=\"addOverflowToolbarButton\"]"}
RESULT: {"using":"xpath","value":"//button[@data-kt=\"addOverflowToolbarButton\"]"}
COMMAND: POST /session/296c3ef822005440bb291597a564fd04/elements - {"using":"xpath","value":"//button[@data-kt=\"addOverflowToolbarButton\"]"}
RESULT: {"using":"xpath","value":"//button[@data-kt=\"addOverflowToolbarButton\"]"}
COMMAND: POST /session/296c3ef822005440bb291597a564fd04/element - {"using":"xpath","value":"//button[@data-kt=\"addOverflowToolbarButton\"]"}
RESULT: {"using":"xpath","value":"//button[@data-kt=\"addOverflowToolbarButton\"]"}
COMMAND: POST /session/296c3ef822005440bb291597a564fd04/execute/sync - {"script":"<script> [8489 bytes]","args":[{"element-6066-11e4-a52e-4f735466cecf":"f.A5EAE1E31C780A7B6C1CBBD175F5DD1B.d.93355DAD25CF8164D6A5BC7D17444FE7.e.4909","ELEMENT":"f.A5EAE1E31C780A7B6C1CBBD175F5DD1B.d.93355DAD25CF8164D6A5BC7D17444FE7.e.4909"}]}
RESULT: {"script":"<script> [8489 bytes]","args":[{"element-6066-11e4-a52e-4f735466cecf":"f.A5EAE1E31C780A7B6C1CBBD175F5DD1B.d.93355DAD25CF8164D6A5BC7D17444FE7.e.4909","ELEMENT":"f.A5EAE1E31C780A7B6C1CBBD175F5DD1B.d.93355DAD25CF8164D6A5BC7D17444FE7.e.4909"}]}
COMMAND: GET /session/296c3ef822005440bb291597a564fd04/element/f.A5EAE1E31C780A7B6C1CBBD175F5DD1B.d.93355DAD25CF8164D6A5BC7D17444FE7.e.4909/enabled - {}
COMMAND: GET /session/296c3ef822005440bb291597a564fd04/screenshot - {}
RESULT: {}
COMMAND: POST /session/296c3ef822005440bb291597a564fd04/execute/sync - {"script":"<script> [8489 bytes]","args":[{"element-6066-11e4-a52e-4f735466cecf":"f.A5EAE1E31C780A7B6C1CBBD175F5DD1B.d.93355DAD25CF8164D6A5BC7D17444FE7.e.4909","ELEMENT":"f.A5EAE1E31C780A7B6C1CBBD175F5DD1B.d.93355DAD25CF8164D6A5BC7D17444FE7.e.4909"}]}
COMMAND: GET /session/296c3ef822005440bb291597a564fd04/screenshot - {}
RESULT: {}
RESULT: {"script":"<script> [8489 bytes]","args":[{"element-6066-11e4-a52e-4f735466cecf":"f.A5EAE1E31C780A7B6C1CBBD175F5DD1B.d.93355DAD25CF8164D6A5BC7D17444FE7.e.4909","ELEMENT":"f.A5EAE1E31C780A7B6C1CBBD175F5DD1B.d.93355DAD25CF8164D6A5BC7D17444FE7.e.4909"}]}
COMMAND: POST /session/296c3ef822005440bb291597a564fd04/execute/sync - {"script":"<script> [5351 bytes]","args":[{"element-6066-11e4-a52e-4f735466cecf":"f.A5EAE1E31C780A7B6C1CBBD175F5DD1B.d.93355DAD25CF8164D6A5BC7D17444FE7.e.4909","ELEMENT":"f.A5EAE1E31C780A7B6C1CBBD175F5DD1B.d.93355DAD25CF8164D6A5BC7D17444FE7.e.4909"}]}
COMMAND: GET /session/296c3ef822005440bb291597a564fd04/screenshot - {}
RESULT: {}
RESULT: {"script":"<script> [5351 bytes]","args":[{"element-6066-11e4-a52e-4f735466cecf":"f.A5EAE1E31C780A7B6C1CBBD175F5DD1B.d.93355DAD25CF8164D6A5BC7D17444FE7.e.4909","ELEMENT":"f.A5EAE1E31C780A7B6C1CBBD175F5DD1B.d.93355DAD25CF8164D6A5BC7D17444FE7.e.4909"}]}
COMMAND: POST /session/296c3ef822005440bb291597a564fd04/element/f.A5EAE1E31C780A7B6C1CBBD175F5DD1B.d.93355DAD25CF8164D6A5BC7D17444FE7.e.4909/click - {}
COMMAND: GET /session/296c3ef822005440bb291597a564fd04/screenshot - {}
RESULT: {}
RESULT: {}
RESULT: {}
COMMAND: GET /session/296c3ef822005440bb291597a564fd04/screenshot - {}
RESULT: {}
COMMAND: POST /session/296c3ef822005440bb291597a564fd04/execute/async - {"script":"<script> [1562 bytes]","args":[{"selector":{"id":"application-managesites-display-component---NewSite--addressDetailDetailsName1","interaction":{"idSuffix":"inner"}},"wdio_ui5_key":"applicationmanagesites-display-component---NewSite--addressDetailDetailsName1"}]}
RESULT: {"script":"<script> [1562 bytes]","args":[{"selector":{"id":"application-managesites-display-component---NewSite--addressDetailDetailsName1","interaction":{"idSuffix":"inner"}},"wdio_ui5_key":"applicationmanagesites-display-component---NewSite--addressDetailDetailsName1"}]}
RESULT: undefined
COMMAND: POST /session/296c3ef822005440bb291597a564fd04/execute/async - {"script":"<script> [776 bytes]","args":[{"enterText":"DailyPrice WDIO","selector":{"id":"application-managesites-display-component---NewSite--addressDetailDetailsName1","interaction":{"idSuffix":"inner"}},"clearTextFirst":true,"interactionType":"ENTER_TEXT"}]}
RESULT: {"script":"<script> [776 bytes]","args":[{"enterText":"DailyPrice WDIO","selector":{"id":"application-managesites-display-component---NewSite--addressDetailDetailsName1","interaction":{"idSuffix":"inner"}},"clearTextFirst":true,"interactionType":"ENTER_TEXT"}]}
COMMAND: POST /session/296c3ef822005440bb291597a564fd04/execute/async - {"script":"<script> [1562 bytes]","args":[{"selector":{"id":"application-managesites-display-component---NewSite--addressDetailDetailsLanguage-arrow"},"wdio_ui5_key":"applicationmanagesites-display-component---NewSite--addressDetailDetailsLanguage-arrow"}]}
RESULT: {"script":"<script> [1562 bytes]","args":[{"selector":{"id":"application-managesites-display-component---NewSite--addressDetailDetailsLanguage-arrow"},"wdio_ui5_key":"applicationmanagesites-display-component---NewSite--addressDetailDetailsLanguage-arrow"}]}
RESULT: undefined
COMMAND: POST /session/296c3ef822005440bb291597a564fd04/element - {"using":"xpath","value":"//*[@id=\"application-managesites-display-component---NewSite--addressDetailDetailsLanguage-arrow\"]"}
RESULT: {"using":"xpath","value":"//*[@id=\"application-managesites-display-component---NewSite--addressDetailDetailsLanguage-arrow\"]"}
COMMAND: POST /session/296c3ef822005440bb291597a564fd04/element/f.A5EAE1E31C780A7B6C1CBBD175F5DD1B.d.93355DAD25CF8164D6A5BC7D17444FE7.e.5304/click - {}
RESULT: {}
COMMAND: POST /session/296c3ef822005440bb291597a564fd04/element - {"using":"xpath","value":"//span[contains(text(), \"English\")]"}
COMMAND: GET /session/296c3ef822005440bb291597a564fd04/screenshot - {}
RESULT: {"using":"xpath","value":"//span[contains(text(), \"English\")]"}
COMMAND: POST /session/296c3ef822005440bb291597a564fd04/element/f.A5EAE1E31C780A7B6C1CBBD175F5DD1B.d.93355DAD25CF8164D6A5BC7D17444FE7.e.5305/click - {}
RESULT: {}
RESULT: {}
COMMAND: POST /session/296c3ef822005440bb291597a564fd04/execute/async - {"script":"<script> [1562 bytes]","args":[{"selector":{"id":"application-managesites-display-component---NewSite--addressDetailDetailsCity1","interaction":{"idSuffix":"inner"}},"wdio_ui5_key":"applicationmanagesites-display-component---NewSite--addressDetailDetailsCity1"}]}
COMMAND: GET /session/296c3ef822005440bb291597a564fd04/screenshot - {}
RESULT: {"script":"<script> [1562 bytes]","args":[{"selector":{"id":"application-managesites-display-component---NewSite--addressDetailDetailsCity1","interaction":{"idSuffix":"inner"}},"wdio_ui5_key":"applicationmanagesites-display-component---NewSite--addressDetailDetailsCity1"}]}
RESULT: undefined
COMMAND: POST /session/296c3ef822005440bb291597a564fd04/execute/async - {"script":"<script> [776 bytes]","args":[{"enterText":"Rosario","selector":{"id":"application-managesites-display-component---NewSite--addressDetailDetailsCity1","interaction":{"idSuffix":"inner"}},"clearTextFirst":true,"interactionType":"ENTER_TEXT"}]}
RESULT: {}
RESULT: {"script":"<script> [776 bytes]","args":[{"enterText":"Rosario","selector":{"id":"application-managesites-display-component---NewSite--addressDetailDetailsCity1","interaction":{"idSuffix":"inner"}},"clearTextFirst":true,"interactionType":"ENTER_TEXT"}]}
COMMAND: POST /session/296c3ef822005440bb291597a564fd04/execute/async - {"script":"<script> [1562 bytes]","args":[{"selector":{"id":"application-managesites-display-component---NewSite--addressDetailDetailsCountry-arrow"},"wdio_ui5_key":"applicationmanagesites-display-component---NewSite--addressDetailDetailsCountry-arrow"}]}
RESULT: {"script":"<script> [1562 bytes]","args":[{"selector":{"id":"application-managesites-display-component---NewSite--addressDetailDetailsCountry-arrow"},"wdio_ui5_key":"applicationmanagesites-display-component---NewSite--addressDetailDetailsCountry-arrow"}]}
RESULT: undefined
COMMAND: POST /session/296c3ef822005440bb291597a564fd04/element - {"using":"xpath","value":"//*[@id=\"application-managesites-display-component---NewSite--addressDetailDetailsCountry-arrow\"]"}
RESULT: {"using":"xpath","value":"//*[@id=\"application-managesites-display-component---NewSite--addressDetailDetailsCountry-arrow\"]"}
COMMAND: POST /session/296c3ef822005440bb291597a564fd04/element/f.A5EAE1E31C780A7B6C1CBBD175F5DD1B.d.93355DAD25CF8164D6A5BC7D17444FE7.e.5307/click - {}
RESULT: {}
COMMAND: POST /session/296c3ef822005440bb291597a564fd04/element - {"using":"xpath","value":"//span[contains(text(), \"Argentina\")]"}
COMMAND: GET /session/296c3ef822005440bb291597a564fd04/screenshot - {}
RESULT: {"using":"xpath","value":"//span[contains(text(), \"Argentina\")]"}
COMMAND: POST /session/296c3ef822005440bb291597a564fd04/element/f.A5EAE1E31C780A7B6C1CBBD175F5DD1B.d.93355DAD25CF8164D6A5BC7D17444FE7.e.5308/click - {}
RESULT: {}
RESULT: {}
COMMAND: GET /session/296c3ef822005440bb291597a564fd04/screenshot - {}
RESULT: {}
COMMAND: POST /session/296c3ef822005440bb291597a564fd04/execute/async - {"script":"<script> [1562 bytes]","args":[{"selector":{"id":"application-managesites-display-component---NewSite--addressEditDetailsCostObjectCstType-arrow"},"wdio_ui5_key":"applicationmanagesites-display-component---NewSite--addressEditDetailsCostObjectCstType-arrow"}]}
RESULT: {"script":"<script> [1562 bytes]","args":[{"selector":{"id":"application-managesites-display-component---NewSite--addressEditDetailsCostObjectCstType-arrow"},"wdio_ui5_key":"applicationmanagesites-display-component---NewSite--addressEditDetailsCostObjectCstType-arrow"}]}
RESULT: undefined
COMMAND: POST /session/296c3ef822005440bb291597a564fd04/element - {"using":"xpath","value":"//*[@id=\"application-managesites-display-component---NewSite--addressEditDetailsCostObjectCstType-arrow\"]"}
RESULT: {"using":"xpath","value":"//*[@id=\"application-managesites-display-component---NewSite--addressEditDetailsCostObjectCstType-arrow\"]"}
COMMAND: POST /session/296c3ef822005440bb291597a564fd04/element/f.A5EAE1E31C780A7B6C1CBBD175F5DD1B.d.93355DAD25CF8164D6A5BC7D17444FE7.e.5310/click - {}
RESULT: {}
COMMAND: POST /session/296c3ef822005440bb291597a564fd04/element - {"using":"xpath","value":"//span[contains(text(), \"Cost Center\")]"}
COMMAND: GET /session/296c3ef822005440bb291597a564fd04/screenshot - {}
RESULT: {"using":"xpath","value":"//span[contains(text(), \"Cost Center\")]"}
COMMAND: POST /session/296c3ef822005440bb291597a564fd04/element/f.A5EAE1E31C780A7B6C1CBBD175F5DD1B.d.93355DAD25CF8164D6A5BC7D17444FE7.e.5311/click - {}
RESULT: {}
RESULT: {}
COMMAND: GET /session/296c3ef822005440bb291597a564fd04/screenshot - {}
RESULT: {}
COMMAND: POST /session/296c3ef822005440bb291597a564fd04/element - {"using":"xpath","value":"//span[@id=\"application-managesites-display-component---NewSite--addressNewCostObjectCstID-vhi\"]"}
RESULT: {"using":"xpath","value":"//span[@id=\"application-managesites-display-component---NewSite--addressNewCostObjectCstID-vhi\"]"}
COMMAND: POST /session/296c3ef822005440bb291597a564fd04/execute/sync - {"script":"<script> [8489 bytes]","args":[{"element-6066-11e4-a52e-4f735466cecf":"f.A5EAE1E31C780A7B6C1CBBD175F5DD1B.d.93355DAD25CF8164D6A5BC7D17444FE7.e.5316","ELEMENT":"f.A5EAE1E31C780A7B6C1CBBD175F5DD1B.d.93355DAD25CF8164D6A5BC7D17444FE7.e.5316"}]}
RESULT: {"script":"<script> [8489 bytes]","args":[{"element-6066-11e4-a52e-4f735466cecf":"f.A5EAE1E31C780A7B6C1CBBD175F5DD1B.d.93355DAD25CF8164D6A5BC7D17444FE7.e.5316","ELEMENT":"f.A5EAE1E31C780A7B6C1CBBD175F5DD1B.d.93355DAD25CF8164D6A5BC7D17444FE7.e.5316"}]}
COMMAND: POST /session/296c3ef822005440bb291597a564fd04/execute/async - {"script":"<script> [1562 bytes]","args":[{"selector":{"id":"application-managesites-display-component---NewSite--addressNewCostObjectCstID-vhi"},"wdio_ui5_key":"applicationmanagesites-display-component---NewSite--addressNewCostObjectCstID-vhi"}]}
COMMAND: GET /session/296c3ef822005440bb291597a564fd04/screenshot - {}
RESULT: {"script":"<script> [1562 bytes]","args":[{"selector":{"id":"application-managesites-display-component---NewSite--addressNewCostObjectCstID-vhi"},"wdio_ui5_key":"applicationmanagesites-display-component---NewSite--addressNewCostObjectCstID-vhi"}]}
RESULT: undefined
COMMAND: POST /session/296c3ef822005440bb291597a564fd04/element - {"using":"xpath","value":"//*[@id=\"application-managesites-display-component---NewSite--addressNewCostObjectCstID-vhi\"]"}
RESULT: {}
RESULT: {"using":"xpath","value":"//*[@id=\"application-managesites-display-component---NewSite--addressNewCostObjectCstID-vhi\"]"}
COMMAND: POST /session/296c3ef822005440bb291597a564fd04/element/f.A5EAE1E31C780A7B6C1CBBD175F5DD1B.d.93355DAD25CF8164D6A5BC7D17444FE7.e.5316/click - {}
RESULT: {}
COMMAND: GET /session/296c3ef822005440bb291597a564fd04/screenshot - {}
RESULT: {}
COMMAND: POST /session/296c3ef822005440bb291597a564fd04/execute/async - {"script":"<script> [1562 bytes]","args":[{"selector":{"controlType":"sap.m.SearchField","properties":{"placeholder":"Search"},"searchOpenDialogs":true,"interaction":{"idSuffix":"I"}},"wdio_ui5_key":"sapm.SearchField{\"placeholder\":\"Search\"}"}]}
RESULT: {"script":"<script> [1562 bytes]","args":[{"selector":{"controlType":"sap.m.SearchField","properties":{"placeholder":"Search"},"searchOpenDialogs":true,"interaction":{"idSuffix":"I"}},"wdio_ui5_key":"sapm.SearchField{\"placeholder\":\"Search\"}"}]}
RESULT: undefined
COMMAND: POST /session/296c3ef822005440bb291597a564fd04/execute/async - {"script":"<script> [776 bytes]","args":[{"enterText":"10001013","selector":{"controlType":"sap.m.SearchField","properties":{"placeholder":"Search"},"searchOpenDialogs":true,"interaction":{"idSuffix":"I"}},"clearTextFirst":true,"interactionType":"ENTER_TEXT"}]}
RESULT: {"script":"<script> [776 bytes]","args":[{"enterText":"10001013","selector":{"controlType":"sap.m.SearchField","properties":{"placeholder":"Search"},"searchOpenDialogs":true,"interaction":{"idSuffix":"I"}},"clearTextFirst":true,"interactionType":"ENTER_TEXT"}]}
COMMAND: POST /session/296c3ef822005440bb291597a564fd04/actions - {"actions":[{"id":"action17","type":"key","parameters":{},"actions":[{"type":"keyDown","value":"î€‡"},{"type":"pause","duration":10},{"type":"keyUp","value":"î€‡"}]}]}
RESULT: {"actions":[{"id":"action17","type":"key","parameters":{},"actions":[{"type":"keyDown","value":"î€‡"},{"type":"pause","duration":10},{"type":"keyUp","value":"î€‡"}]}]}
COMMAND: GET /session/296c3ef822005440bb291597a564fd04/screenshot - {}
RESULT: {}
COMMAND: POST /session/296c3ef822005440bb291597a564fd04/element - {"using":"xpath","value":"//span[contains(text(), \"General Management\")]"}
RESULT: {"using":"xpath","value":"//span[contains(text(), \"General Management\")]"}
COMMAND: POST /session/296c3ef822005440bb291597a564fd04/element/f.A5EAE1E31C780A7B6C1CBBD175F5DD1B.d.93355DAD25CF8164D6A5BC7D17444FE7.e.5357/click - {}
RESULT: {}
COMMAND: GET /session/296c3ef822005440bb291597a564fd04/screenshot - {}
RESULT: {}
COMMAND: POST /session/296c3ef822005440bb291597a564fd04/element - {"using":"xpath","value":"//bdi[contains(text(), \"OK\")]"}
RESULT: {"using":"xpath","value":"//bdi[contains(text(), \"OK\")]"}
COMMAND: POST /session/296c3ef822005440bb291597a564fd04/element/f.A5EAE1E31C780A7B6C1CBBD175F5DD1B.d.93355DAD25CF8164D6A5BC7D17444FE7.e.5358/click - {}
RESULT: {}
COMMAND: GET /session/296c3ef822005440bb291597a564fd04/screenshot - {}
RESULT: {}
COMMAND: POST /session/296c3ef822005440bb291597a564fd04/element - {"using":"xpath","value":"//input[@id=\"application-managesites-display-component---NewSite--addressDetailDetailsCalendar-inner\"]"}
RESULT: {"using":"xpath","value":"//input[@id=\"application-managesites-display-component---NewSite--addressDetailDetailsCalendar-inner\"]"}
COMMAND: POST /session/296c3ef822005440bb291597a564fd04/element/f.A5EAE1E31C780A7B6C1CBBD175F5DD1B.d.93355DAD25CF8164D6A5BC7D17444FE7.e.5104/clear - {}
RESULT: {}
COMMAND: POST /session/296c3ef822005440bb291597a564fd04/element/f.A5EAE1E31C780A7B6C1CBBD175F5DD1B.d.93355DAD25CF8164D6A5BC7D17444FE7.e.5104/value - {"text":"Unit"}
COMMAND: GET /session/296c3ef822005440bb291597a564fd04/screenshot - {}
RESULT: {"text":"Unit"}
COMMAND: GET /session/296c3ef822005440bb291597a564fd04/screenshot - {}
RESULT: {}
RESULT: {}
COMMAND: POST /session/296c3ef822005440bb291597a564fd04/actions - {"actions":[{"id":"action18","type":"key","parameters":{},"actions":[{"type":"keyDown","value":"î€‡"},{"type":"pause","duration":10},{"type":"keyUp","value":"î€‡"}]}]}
RESULT: {"actions":[{"id":"action18","type":"key","parameters":{},"actions":[{"type":"keyDown","value":"î€‡"},{"type":"pause","duration":10},{"type":"keyUp","value":"î€‡"}]}]}
COMMAND: POST /session/296c3ef822005440bb291597a564fd04/element - {"using":"xpath","value":"//input[@id=\"application-managesites-display-component---NewSite--addressDetailDetailsYard-inner\"]"}
COMMAND: GET /session/296c3ef822005440bb291597a564fd04/screenshot - {}
RESULT: {"using":"xpath","value":"//input[@id=\"application-managesites-display-component---NewSite--addressDetailDetailsYard-inner\"]"}
COMMAND: POST /session/296c3ef822005440bb291597a564fd04/element/f.A5EAE1E31C780A7B6C1CBBD175F5DD1B.d.93355DAD25CF8164D6A5BC7D17444FE7.e.5105/clear - {}
RESULT: {}
RESULT: {}
COMMAND: POST /session/296c3ef822005440bb291597a564fd04/element/f.A5EAE1E31C780A7B6C1CBBD175F5DD1B.d.93355DAD25CF8164D6A5BC7D17444FE7.e.5105/value - {"text":"555"}
COMMAND: GET /session/296c3ef822005440bb291597a564fd04/screenshot - {}
RESULT: {"text":"555"}
COMMAND: GET /session/296c3ef822005440bb291597a564fd04/screenshot - {}
RESULT: {}
RESULT: {}
COMMAND: POST /session/296c3ef822005440bb291597a564fd04/element - {"using":"xpath","value":"//li[.//span[text()='555']]"}
RESULT: {"using":"xpath","value":"//li[.//span[text()='555']]"}
COMMAND: POST /session/296c3ef822005440bb291597a564fd04/element/f.A5EAE1E31C780A7B6C1CBBD175F5DD1B.d.93355DAD25CF8164D6A5BC7D17444FE7.e.5366/click - {}
RESULT: {}
COMMAND: GET /session/296c3ef822005440bb291597a564fd04/screenshot - {}
RESULT: {}
COMMAND: POST /session/296c3ef822005440bb291597a564fd04/element - {"using":"xpath","value":"//input[@id=\"application-managesites-display-component---NewSite--addressDetailDetailsPartner-inner\"]"}
RESULT: {"using":"xpath","value":"//input[@id=\"application-managesites-display-component---NewSite--addressDetailDetailsPartner-inner\"]"}
COMMAND: POST /session/296c3ef822005440bb291597a564fd04/element - {"using":"xpath","value":"//input[@id=\"application-managesites-display-component---NewSite--addressDetailDetailsPartner-inner\"]"}
RESULT: {"using":"xpath","value":"//input[@id=\"application-managesites-display-component---NewSite--addressDetailDetailsPartner-inner\"]"}
COMMAND: POST /session/296c3ef822005440bb291597a564fd04/element - {"using":"xpath","value":"//button[@data-kt=\"saveButton\"]"}
RESULT: {"using":"xpath","value":"//button[@data-kt=\"saveButton\"]"}
COMMAND: POST /session/296c3ef822005440bb291597a564fd04/element/f.A5EAE1E31C780A7B6C1CBBD175F5DD1B.d.93355DAD25CF8164D6A5BC7D17444FE7.e.5257/click - {}
RESULT: {}
COMMAND: GET /session/296c3ef822005440bb291597a564fd04/screenshot - {}
RESULT: {}
COMMAND: POST /session/296c3ef822005440bb291597a564fd04/element - {"using":"xpath","value":"//header[contains(@id, 'ObjectPageLayout-headerTitle')]/div[1]/div[2]/div[2]/span[1]"}
RESULT: {"using":"xpath","value":"//header[contains(@id, 'ObjectPageLayout-headerTitle')]/div[1]/div[2]/div[2]/span[1]"}
COMMAND: POST /session/296c3ef822005440bb291597a564fd04/elements - {"using":"xpath","value":"//header[contains(@id, 'ObjectPageLayout-headerTitle')]/div[1]/div[2]/div[2]/span[1]"}
RESULT: {"using":"xpath","value":"//header[contains(@id, 'ObjectPageLayout-headerTitle')]/div[1]/div[2]/div[2]/span[1]"}
COMMAND: POST /session/296c3ef822005440bb291597a564fd04/execute/sync - {"script":"<script> [56 bytes]","args":[{"element-6066-11e4-a52e-4f735466cecf":"f.A5EAE1E31C780A7B6C1CBBD175F5DD1B.d.93355DAD25CF8164D6A5BC7D17444FE7.e.5572","ELEMENT":"f.A5EAE1E31C780A7B6C1CBBD175F5DD1B.d.93355DAD25CF8164D6A5BC7D17444FE7.e.5572"}]}
RESULT: {"script":"<script> [56 bytes]","args":[{"element-6066-11e4-a52e-4f735466cecf":"f.A5EAE1E31C780A7B6C1CBBD175F5DD1B.d.93355DAD25CF8164D6A5BC7D17444FE7.e.5572","ELEMENT":"f.A5EAE1E31C780A7B6C1CBBD175F5DD1B.d.93355DAD25CF8164D6A5BC7D17444FE7.e.5572"}]}
COMMAND: POST /session/296c3ef822005440bb291597a564fd04/element - {"using":"css selector","value":"#shell-header-logo"}
COMMAND: GET /session/296c3ef822005440bb291597a564fd04/screenshot - {}
RESULT: {"using":"css selector","value":"#shell-header-logo"}
COMMAND: POST /session/296c3ef822005440bb291597a564fd04/element/f.A5EAE1E31C780A7B6C1CBBD175F5DD1B.d.93355DAD25CF8164D6A5BC7D17444FE7.e.4876/click - {}
RESULT: {}
RESULT: {}
COMMAND: GET /session/296c3ef822005440bb291597a564fd04/screenshot - {}
RESULT: {}
COMMAND: POST /session/296c3ef822005440bb291597a564fd04/execute/sync - {"script":"<script> [299 bytes]","args":[["getModel","getResource"]]}
RESULT: {"script":"<script> [299 bytes]","args":[["getModel","getResource"]]}
]]></system-out>
    </testcase>
    <testcase classname="chrome.135_0_7049_96.windows.US134625_Set_up_price_condition_-_one_time" name="Should create a new material for billing type one time" time="95.023">
      <system-out><![CDATA[
COMMAND: GET /session/296c3ef822005440bb291597a564fd04/screenshot - {}
COMMAND: POST /session/296c3ef822005440bb291597a564fd04/execute/async - {"script":"<script> [1562 bytes]","args":[{"selector":{"controlType":"sap.m.GenericTile","properties":{"header":"Manage Resources"}},"wdio_ui5_key":"sapm.GenericTile{\"header\":\"Manage Resources\"}"}]}
RESULT: {"script":"<script> [1562 bytes]","args":[{"selector":{"controlType":"sap.m.GenericTile","properties":{"header":"Manage Resources"}},"wdio_ui5_key":"sapm.GenericTile{\"header\":\"Manage Resources\"}"}]}
RESULT: undefined
COMMAND: POST /session/296c3ef822005440bb291597a564fd04/element - {"using":"xpath","value":"//*[@id=\"__tile39\"]"}
RESULT: {}
RESULT: {"using":"xpath","value":"//*[@id=\"__tile39\"]"}
COMMAND: POST /session/296c3ef822005440bb291597a564fd04/element/f.A5EAE1E31C780A7B6C1CBBD175F5DD1B.d.93355DAD25CF8164D6A5BC7D17444FE7.e.4766/click - {}
RESULT: {}
COMMAND: POST /session/296c3ef822005440bb291597a564fd04/element - {"using":"xpath","value":"//button[@data-kt=\"addNewRUOverflowToolbarButton\"]"}
COMMAND: GET /session/296c3ef822005440bb291597a564fd04/screenshot - {}
RESULT: {"using":"xpath","value":"//button[@data-kt=\"addNewRUOverflowToolbarButton\"]"}
COMMAND: POST /session/296c3ef822005440bb291597a564fd04/elements - {"using":"xpath","value":"//button[@data-kt=\"addNewRUOverflowToolbarButton\"]"}
RESULT: {}
RESULT: {"using":"xpath","value":"//button[@data-kt=\"addNewRUOverflowToolbarButton\"]"}
COMMAND: POST /session/296c3ef822005440bb291597a564fd04/elements - {"using":"xpath","value":"//button[@data-kt=\"addNewRUOverflowToolbarButton\"]"}
RESULT: {"using":"xpath","value":"//button[@data-kt=\"addNewRUOverflowToolbarButton\"]"}
COMMAND: POST /session/296c3ef822005440bb291597a564fd04/elements - {"using":"xpath","value":"//button[@data-kt=\"addNewRUOverflowToolbarButton\"]"}
RESULT: {"using":"xpath","value":"//button[@data-kt=\"addNewRUOverflowToolbarButton\"]"}
COMMAND: POST /session/296c3ef822005440bb291597a564fd04/elements - {"using":"xpath","value":"//button[@data-kt=\"addNewRUOverflowToolbarButton\"]"}
RESULT: {"using":"xpath","value":"//button[@data-kt=\"addNewRUOverflowToolbarButton\"]"}
COMMAND: POST /session/296c3ef822005440bb291597a564fd04/element - {"using":"xpath","value":"//button[@data-kt=\"addNewRUOverflowToolbarButton\"]"}
RESULT: {"using":"xpath","value":"//button[@data-kt=\"addNewRUOverflowToolbarButton\"]"}
COMMAND: POST /session/296c3ef822005440bb291597a564fd04/execute/sync - {"script":"<script> [8489 bytes]","args":[{"element-6066-11e4-a52e-4f735466cecf":"f.A5EAE1E31C780A7B6C1CBBD175F5DD1B.d.93355DAD25CF8164D6A5BC7D17444FE7.e.5613","ELEMENT":"f.A5EAE1E31C780A7B6C1CBBD175F5DD1B.d.93355DAD25CF8164D6A5BC7D17444FE7.e.5613"}]}
RESULT: {"script":"<script> [8489 bytes]","args":[{"element-6066-11e4-a52e-4f735466cecf":"f.A5EAE1E31C780A7B6C1CBBD175F5DD1B.d.93355DAD25CF8164D6A5BC7D17444FE7.e.5613","ELEMENT":"f.A5EAE1E31C780A7B6C1CBBD175F5DD1B.d.93355DAD25CF8164D6A5BC7D17444FE7.e.5613"}]}
COMMAND: GET /session/296c3ef822005440bb291597a564fd04/element/f.A5EAE1E31C780A7B6C1CBBD175F5DD1B.d.93355DAD25CF8164D6A5BC7D17444FE7.e.5613/enabled - {}
COMMAND: GET /session/296c3ef822005440bb291597a564fd04/screenshot - {}
RESULT: {}
COMMAND: POST /session/296c3ef822005440bb291597a564fd04/execute/sync - {"script":"<script> [8489 bytes]","args":[{"element-6066-11e4-a52e-4f735466cecf":"f.A5EAE1E31C780A7B6C1CBBD175F5DD1B.d.93355DAD25CF8164D6A5BC7D17444FE7.e.5613","ELEMENT":"f.A5EAE1E31C780A7B6C1CBBD175F5DD1B.d.93355DAD25CF8164D6A5BC7D17444FE7.e.5613"}]}
COMMAND: GET /session/296c3ef822005440bb291597a564fd04/screenshot - {}
RESULT: {}
RESULT: {"script":"<script> [8489 bytes]","args":[{"element-6066-11e4-a52e-4f735466cecf":"f.A5EAE1E31C780A7B6C1CBBD175F5DD1B.d.93355DAD25CF8164D6A5BC7D17444FE7.e.5613","ELEMENT":"f.A5EAE1E31C780A7B6C1CBBD175F5DD1B.d.93355DAD25CF8164D6A5BC7D17444FE7.e.5613"}]}
COMMAND: POST /session/296c3ef822005440bb291597a564fd04/execute/sync - {"script":"<script> [5351 bytes]","args":[{"element-6066-11e4-a52e-4f735466cecf":"f.A5EAE1E31C780A7B6C1CBBD175F5DD1B.d.93355DAD25CF8164D6A5BC7D17444FE7.e.5613","ELEMENT":"f.A5EAE1E31C780A7B6C1CBBD175F5DD1B.d.93355DAD25CF8164D6A5BC7D17444FE7.e.5613"}]}
COMMAND: GET /session/296c3ef822005440bb291597a564fd04/screenshot - {}
RESULT: {}
RESULT: {"script":"<script> [5351 bytes]","args":[{"element-6066-11e4-a52e-4f735466cecf":"f.A5EAE1E31C780A7B6C1CBBD175F5DD1B.d.93355DAD25CF8164D6A5BC7D17444FE7.e.5613","ELEMENT":"f.A5EAE1E31C780A7B6C1CBBD175F5DD1B.d.93355DAD25CF8164D6A5BC7D17444FE7.e.5613"}]}
COMMAND: POST /session/296c3ef822005440bb291597a564fd04/element/f.A5EAE1E31C780A7B6C1CBBD175F5DD1B.d.93355DAD25CF8164D6A5BC7D17444FE7.e.5613/click - {}
COMMAND: GET /session/296c3ef822005440bb291597a564fd04/screenshot - {}
RESULT: {}
RESULT: {}
COMMAND: GET /session/296c3ef822005440bb291597a564fd04/screenshot - {}
RESULT: {}
COMMAND: POST /session/296c3ef822005440bb291597a564fd04/execute/async - {"script":"<script> [1562 bytes]","args":[{"selector":{"id":"application-manageresources-display-component---newResourceUnit--TYPE-arrow"},"wdio_ui5_key":"applicationmanageresources-display-component---newResourceUnit--TYPE-arrow"}]}
RESULT: {}
RESULT: {"script":"<script> [1562 bytes]","args":[{"selector":{"id":"application-manageresources-display-component---newResourceUnit--TYPE-arrow"},"wdio_ui5_key":"applicationmanageresources-display-component---newResourceUnit--TYPE-arrow"}]}
RESULT: undefined
COMMAND: POST /session/296c3ef822005440bb291597a564fd04/element - {"using":"xpath","value":"//*[@id=\"application-manageresources-display-component---newResourceUnit--TYPE-arrow\"]"}
RESULT: {"using":"xpath","value":"//*[@id=\"application-manageresources-display-component---newResourceUnit--TYPE-arrow\"]"}
COMMAND: POST /session/296c3ef822005440bb291597a564fd04/element/f.A5EAE1E31C780A7B6C1CBBD175F5DD1B.d.93355DAD25CF8164D6A5BC7D17444FE7.e.5980/click - {}
RESULT: {}
COMMAND: POST /session/296c3ef822005440bb291597a564fd04/element - {"using":"xpath","value":"//input[@id=\"application-manageresources-display-component---newResourceUnit--TYPE-inner\"]"}
COMMAND: GET /session/296c3ef822005440bb291597a564fd04/screenshot - {}
RESULT: {}
RESULT: {"using":"xpath","value":"//input[@id=\"application-manageresources-display-component---newResourceUnit--TYPE-inner\"]"}
COMMAND: POST /session/296c3ef822005440bb291597a564fd04/element/f.A5EAE1E31C780A7B6C1CBBD175F5DD1B.d.93355DAD25CF8164D6A5BC7D17444FE7.e.5954/clear - {}
RESULT: {}
COMMAND: POST /session/296c3ef822005440bb291597a564fd04/element/f.A5EAE1E31C780A7B6C1CBBD175F5DD1B.d.93355DAD25CF8164D6A5BC7D17444FE7.e.5954/value - {"text":"Material"}
COMMAND: GET /session/296c3ef822005440bb291597a564fd04/screenshot - {}
RESULT: {"text":"Material"}
COMMAND: GET /session/296c3ef822005440bb291597a564fd04/screenshot - {}
RESULT: {}
RESULT: {}
COMMAND: POST /session/296c3ef822005440bb291597a564fd04/actions - {"actions":[{"id":"action19","type":"key","parameters":{},"actions":[{"type":"keyDown","value":"î€‡"},{"type":"pause","duration":10},{"type":"keyUp","value":"î€‡"}]}]}
RESULT: {"actions":[{"id":"action19","type":"key","parameters":{},"actions":[{"type":"keyDown","value":"î€‡"},{"type":"pause","duration":10},{"type":"keyUp","value":"î€‡"}]}]}
COMMAND: POST /session/296c3ef822005440bb291597a564fd04/execute/async - {"script":"<script> [1562 bytes]","args":[{"selector":{"id":"application-manageresources-display-component---newResourceUnit--SHORT_TEXT","interaction":{"idSuffix":"inner"}},"wdio_ui5_key":"applicationmanageresources-display-component---newResourceUnit--SHORT_TEXT"}]}
COMMAND: GET /session/296c3ef822005440bb291597a564fd04/screenshot - {}
RESULT: {"script":"<script> [1562 bytes]","args":[{"selector":{"id":"application-manageresources-display-component---newResourceUnit--SHORT_TEXT","interaction":{"idSuffix":"inner"}},"wdio_ui5_key":"applicationmanageresources-display-component---newResourceUnit--SHORT_TEXT"}]}
RESULT: undefined
COMMAND: POST /session/296c3ef822005440bb291597a564fd04/execute/async - {"script":"<script> [776 bytes]","args":[{"enterText":"Cement WDIO","selector":{"id":"application-manageresources-display-component---newResourceUnit--SHORT_TEXT","interaction":{"idSuffix":"inner"}},"clearTextFirst":true,"interactionType":"ENTER_TEXT"}]}
RESULT: {}
RESULT: {"script":"<script> [776 bytes]","args":[{"enterText":"Cement WDIO","selector":{"id":"application-manageresources-display-component---newResourceUnit--SHORT_TEXT","interaction":{"idSuffix":"inner"}},"clearTextFirst":true,"interactionType":"ENTER_TEXT"}]}
COMMAND: POST /session/296c3ef822005440bb291597a564fd04/execute/async - {"script":"<script> [1562 bytes]","args":[{"selector":{"id":"application-manageresources-display-component---newResourceUnit--BASE_UNIT_OF_MEASURE","interaction":{"idSuffix":"inner"}},"wdio_ui5_key":"applicationmanageresources-display-component---newResourceUnit--BASE_UNIT_OF_MEASURE"}]}
RESULT: {"script":"<script> [1562 bytes]","args":[{"selector":{"id":"application-manageresources-display-component---newResourceUnit--BASE_UNIT_OF_MEASURE","interaction":{"idSuffix":"inner"}},"wdio_ui5_key":"applicationmanageresources-display-component---newResourceUnit--BASE_UNIT_OF_MEASURE"}]}
RESULT: undefined
COMMAND: POST /session/296c3ef822005440bb291597a564fd04/execute/async - {"script":"<script> [776 bytes]","args":[{"enterText":"Piece","selector":{"id":"application-manageresources-display-component---newResourceUnit--BASE_UNIT_OF_MEASURE","interaction":{"idSuffix":"inner"}},"clearTextFirst":true,"interactionType":"ENTER_TEXT"}]}
RESULT: {"script":"<script> [776 bytes]","args":[{"enterText":"Piece","selector":{"id":"application-manageresources-display-component---newResourceUnit--BASE_UNIT_OF_MEASURE","interaction":{"idSuffix":"inner"}},"clearTextFirst":true,"interactionType":"ENTER_TEXT"}]}
COMMAND: POST /session/296c3ef822005440bb291597a564fd04/execute/async - {"script":"<script> [1562 bytes]","args":[{"selector":{"id":"application-manageresources-display-component---newResourceUnit--WEIGHT_UNIT","interaction":{"idSuffix":"inner"}},"wdio_ui5_key":"applicationmanageresources-display-component---newResourceUnit--WEIGHT_UNIT"}]}
RESULT: {"script":"<script> [1562 bytes]","args":[{"selector":{"id":"application-manageresources-display-component---newResourceUnit--WEIGHT_UNIT","interaction":{"idSuffix":"inner"}},"wdio_ui5_key":"applicationmanageresources-display-component---newResourceUnit--WEIGHT_UNIT"}]}
RESULT: undefined
COMMAND: POST /session/296c3ef822005440bb291597a564fd04/execute/async - {"script":"<script> [776 bytes]","args":[{"enterText":"Gram","selector":{"id":"application-manageresources-display-component---newResourceUnit--WEIGHT_UNIT","interaction":{"idSuffix":"inner"}},"clearTextFirst":true,"interactionType":"ENTER_TEXT"}]}
RESULT: {"script":"<script> [776 bytes]","args":[{"enterText":"Gram","selector":{"id":"application-manageresources-display-component---newResourceUnit--WEIGHT_UNIT","interaction":{"idSuffix":"inner"}},"clearTextFirst":true,"interactionType":"ENTER_TEXT"}]}
COMMAND: POST /session/296c3ef822005440bb291597a564fd04/execute/async - {"script":"<script> [1562 bytes]","args":[{"selector":{"id":"application-manageresources-display-component---newResourceUnit--DIMENSION_UNIT","interaction":{"idSuffix":"inner"}},"wdio_ui5_key":"applicationmanageresources-display-component---newResourceUnit--DIMENSION_UNIT"}]}
RESULT: {"script":"<script> [1562 bytes]","args":[{"selector":{"id":"application-manageresources-display-component---newResourceUnit--DIMENSION_UNIT","interaction":{"idSuffix":"inner"}},"wdio_ui5_key":"applicationmanageresources-display-component---newResourceUnit--DIMENSION_UNIT"}]}
RESULT: undefined
COMMAND: POST /session/296c3ef822005440bb291597a564fd04/execute/async - {"script":"<script> [776 bytes]","args":[{"enterText":"Meter","selector":{"id":"application-manageresources-display-component---newResourceUnit--DIMENSION_UNIT","interaction":{"idSuffix":"inner"}},"clearTextFirst":true,"interactionType":"ENTER_TEXT"}]}
RESULT: {"script":"<script> [776 bytes]","args":[{"enterText":"Meter","selector":{"id":"application-manageresources-display-component---newResourceUnit--DIMENSION_UNIT","interaction":{"idSuffix":"inner"}},"clearTextFirst":true,"interactionType":"ENTER_TEXT"}]}
COMMAND: POST /session/296c3ef822005440bb291597a564fd04/execute/async - {"script":"<script> [1562 bytes]","args":[{"selector":{"id":"application-manageresources-display-component---newResourceUnit--newRRUPage-anchBar-application-manageresources-display-component---newResourceUnit--control-anchor","interaction":{"idSuffix":"BDI-content"}},"wdio_ui5_key":"applicationmanageresources-display-component---newResourceUnit--newRRUPage-anchBar-application-manageresources-display-component---newResourceUnit--control-anchor"}]}
RESULT: {"script":"<script> [1562 bytes]","args":[{"selector":{"id":"application-manageresources-display-component---newResourceUnit--newRRUPage-anchBar-application-manageresources-display-component---newResourceUnit--control-anchor","interaction":{"idSuffix":"BDI-content"}},"wdio_ui5_key":"applicationmanageresources-display-component---newResourceUnit--newRRUPage-anchBar-application-manageresources-display-component---newResourceUnit--control-anchor"}]}
RESULT: undefined
COMMAND: POST /session/296c3ef822005440bb291597a564fd04/element - {"using":"xpath","value":"//*[@id=\"application-manageresources-display-component---newResourceUnit--newRRUPage-anchBar-application-manageresources-display-component---newResourceUnit--control-anchor\"]"}
RESULT: {"using":"xpath","value":"//*[@id=\"application-manageresources-display-component---newResourceUnit--newRRUPage-anchBar-application-manageresources-display-component---newResourceUnit--control-anchor\"]"}
COMMAND: POST /session/296c3ef822005440bb291597a564fd04/element/f.A5EAE1E31C780A7B6C1CBBD175F5DD1B.d.93355DAD25CF8164D6A5BC7D17444FE7.e.6047/click - {}
RESULT: {}
COMMAND: POST /session/296c3ef822005440bb291597a564fd04/execute/async - {"script":"<script> [1562 bytes]","args":[{"selector":{"id":"application-manageresources-display-component---newResourceUnit--PLANNING_GROUP","interaction":{"idSuffix":"inner"}},"wdio_ui5_key":"applicationmanageresources-display-component---newResourceUnit--PLANNING_GROUP"}]}
COMMAND: GET /session/296c3ef822005440bb291597a564fd04/screenshot - {}
RESULT: {"script":"<script> [1562 bytes]","args":[{"selector":{"id":"application-manageresources-display-component---newResourceUnit--PLANNING_GROUP","interaction":{"idSuffix":"inner"}},"wdio_ui5_key":"applicationmanageresources-display-component---newResourceUnit--PLANNING_GROUP"}]}
RESULT: undefined
COMMAND: POST /session/296c3ef822005440bb291597a564fd04/execute/async - {"script":"<script> [776 bytes]","args":[{"enterText":"Material","selector":{"id":"application-manageresources-display-component---newResourceUnit--PLANNING_GROUP","interaction":{"idSuffix":"inner"}},"clearTextFirst":true,"interactionType":"ENTER_TEXT"}]}
RESULT: {}
RESULT: {"script":"<script> [776 bytes]","args":[{"enterText":"Material","selector":{"id":"application-manageresources-display-component---newResourceUnit--PLANNING_GROUP","interaction":{"idSuffix":"inner"}},"clearTextFirst":true,"interactionType":"ENTER_TEXT"}]}
COMMAND: POST /session/296c3ef822005440bb291597a564fd04/execute/async - {"script":"<script> [1562 bytes]","args":[{"selector":{"id":"application-manageresources-display-component---newResourceUnit--PLANNING_INDICATOR","interaction":{"idSuffix":"inner"}},"wdio_ui5_key":"applicationmanageresources-display-component---newResourceUnit--PLANNING_INDICATOR"}]}
RESULT: {"script":"<script> [1562 bytes]","args":[{"selector":{"id":"application-manageresources-display-component---newResourceUnit--PLANNING_INDICATOR","interaction":{"idSuffix":"inner"}},"wdio_ui5_key":"applicationmanageresources-display-component---newResourceUnit--PLANNING_INDICATOR"}]}
RESULT: undefined
COMMAND: POST /session/296c3ef822005440bb291597a564fd04/execute/async - {"script":"<script> [776 bytes]","args":[{"enterText":"10 - infinite","selector":{"id":"application-manageresources-display-component---newResourceUnit--PLANNING_INDICATOR","interaction":{"idSuffix":"inner"}},"clearTextFirst":true,"interactionType":"ENTER_TEXT"}]}
RESULT: {"script":"<script> [776 bytes]","args":[{"enterText":"10 - infinite","selector":{"id":"application-manageresources-display-component---newResourceUnit--PLANNING_INDICATOR","interaction":{"idSuffix":"inner"}},"clearTextFirst":true,"interactionType":"ENTER_TEXT"}]}
COMMAND: POST /session/296c3ef822005440bb291597a564fd04/element - {"using":"css selector","value":"#application-manageresources-display-component---newResourceUnit--btnAddTimeSegment"}
RESULT: {"using":"css selector","value":"#application-manageresources-display-component---newResourceUnit--btnAddTimeSegment"}
COMMAND: GET /session/296c3ef822005440bb291597a564fd04/element/f.A5EAE1E31C780A7B6C1CBBD175F5DD1B.d.93355DAD25CF8164D6A5BC7D17444FE7.e.6057/rect - {}
RESULT: {}
COMMAND: GET /session/296c3ef822005440bb291597a564fd04/window/rect - {}
RESULT: {}
COMMAND: POST /session/296c3ef822005440bb291597a564fd04/execute/sync - {"script":"<script> [92 bytes]","args":[]}
RESULT: {"script":"<script> [92 bytes]","args":[]}
COMMAND: POST /session/296c3ef822005440bb291597a564fd04/actions - {"actions":[{"id":"action20","type":"wheel","parameters":{},"actions":[{"type":"scroll","x":-1888,"y":-32,"deltaX":0,"deltaY":0,"duration":0,"origin":{"element-6066-11e4-a52e-4f735466cecf":"f.A5EAE1E31C780A7B6C1CBBD175F5DD1B.d.93355DAD25CF8164D6A5BC7D17444FE7.e.6057"}}]}]}
COMMAND: GET /session/296c3ef822005440bb291597a564fd04/screenshot - {}
RESULT: {}
COMMAND: POST /session/296c3ef822005440bb291597a564fd04/execute/sync - {"script":"<script> [79 bytes]","args":[{"element-6066-11e4-a52e-4f735466cecf":"f.A5EAE1E31C780A7B6C1CBBD175F5DD1B.d.93355DAD25CF8164D6A5BC7D17444FE7.e.6057","ELEMENT":"f.A5EAE1E31C780A7B6C1CBBD175F5DD1B.d.93355DAD25CF8164D6A5BC7D17444FE7.e.6057"},{"block":"start","inline":"nearest"}]}
RESULT: {"script":"<script> [79 bytes]","args":[{"element-6066-11e4-a52e-4f735466cecf":"f.A5EAE1E31C780A7B6C1CBBD175F5DD1B.d.93355DAD25CF8164D6A5BC7D17444FE7.e.6057","ELEMENT":"f.A5EAE1E31C780A7B6C1CBBD175F5DD1B.d.93355DAD25CF8164D6A5BC7D17444FE7.e.6057"},{"block":"start","inline":"nearest"}]}
COMMAND: POST /session/296c3ef822005440bb291597a564fd04/execute/async - {"script":"<script> [1562 bytes]","args":[{"selector":{"id":"application-manageresources-display-component---newResourceUnit--btnAddTimeSegment","interaction":{"idSuffix":"inner"}},"wdio_ui5_key":"applicationmanageresources-display-component---newResourceUnit--btnAddTimeSegment"}]}
COMMAND: GET /session/296c3ef822005440bb291597a564fd04/screenshot - {}
RESULT: {"script":"<script> [1562 bytes]","args":[{"selector":{"id":"application-manageresources-display-component---newResourceUnit--btnAddTimeSegment","interaction":{"idSuffix":"inner"}},"wdio_ui5_key":"applicationmanageresources-display-component---newResourceUnit--btnAddTimeSegment"}]}
RESULT: undefined
COMMAND: POST /session/296c3ef822005440bb291597a564fd04/element - {"using":"xpath","value":"//*[@id=\"application-manageresources-display-component---newResourceUnit--btnAddTimeSegment\"]"}
RESULT: {}
RESULT: {"using":"xpath","value":"//*[@id=\"application-manageresources-display-component---newResourceUnit--btnAddTimeSegment\"]"}
COMMAND: POST /session/296c3ef822005440bb291597a564fd04/element/f.A5EAE1E31C780A7B6C1CBBD175F5DD1B.d.93355DAD25CF8164D6A5BC7D17444FE7.e.6057/click - {}
RESULT: {}
COMMAND: GET /session/296c3ef822005440bb291597a564fd04/screenshot - {}
RESULT: {}
COMMAND: POST /session/296c3ef822005440bb291597a564fd04/element - {"using":"xpath","value":"//input[@id=\"application-manageresources-display-component---newResourceUnit--idRuTSAdmin-application-manageresources-display-component---newResourceUnit--RUTimeSegment-0-inner\"]"}
RESULT: {"using":"xpath","value":"//input[@id=\"application-manageresources-display-component---newResourceUnit--idRuTSAdmin-application-manageresources-display-component---newResourceUnit--RUTimeSegment-0-inner\"]"}
COMMAND: POST /session/296c3ef822005440bb291597a564fd04/element/f.A5EAE1E31C780A7B6C1CBBD175F5DD1B.d.93355DAD25CF8164D6A5BC7D17444FE7.e.6062/clear - {}
RESULT: {}
COMMAND: POST /session/296c3ef822005440bb291597a564fd04/element/f.A5EAE1E31C780A7B6C1CBBD175F5DD1B.d.93355DAD25CF8164D6A5BC7D17444FE7.e.6062/value - {"text":"555"}
COMMAND: GET /session/296c3ef822005440bb291597a564fd04/screenshot - {}
RESULT: {"text":"555"}
COMMAND: GET /session/296c3ef822005440bb291597a564fd04/screenshot - {}
RESULT: {}
RESULT: {}
COMMAND: POST /session/296c3ef822005440bb291597a564fd04/element - {"using":"xpath","value":"//li[.//span[text()='555']]"}
RESULT: {"using":"xpath","value":"//li[.//span[text()='555']]"}
COMMAND: POST /session/296c3ef822005440bb291597a564fd04/element/f.A5EAE1E31C780A7B6C1CBBD175F5DD1B.d.93355DAD25CF8164D6A5BC7D17444FE7.e.6071/click - {}
RESULT: {}
COMMAND: GET /session/296c3ef822005440bb291597a564fd04/screenshot - {}
RESULT: {}
COMMAND: POST /session/296c3ef822005440bb291597a564fd04/element - {"using":"xpath","value":"(//span[contains(@id, \"-application-manageresources-display-component---newResourceUnit--RUTimeSegment-0-arrow\")])[2]"}
RESULT: {"using":"xpath","value":"(//span[contains(@id, \"-application-manageresources-display-component---newResourceUnit--RUTimeSegment-0-arrow\")])[2]"}
COMMAND: POST /session/296c3ef822005440bb291597a564fd04/element/f.A5EAE1E31C780A7B6C1CBBD175F5DD1B.d.93355DAD25CF8164D6A5BC7D17444FE7.e.6072/click - {}
RESULT: {}
COMMAND: POST /session/296c3ef822005440bb291597a564fd04/element - {"using":"xpath","value":"//span[contains(text(), \"PM Order\")]"}
COMMAND: GET /session/296c3ef822005440bb291597a564fd04/screenshot - {}
RESULT: {"using":"xpath","value":"//span[contains(text(), \"PM Order\")]"}
COMMAND: POST /session/296c3ef822005440bb291597a564fd04/element/f.A5EAE1E31C780A7B6C1CBBD175F5DD1B.d.93355DAD25CF8164D6A5BC7D17444FE7.e.6073/click - {}
RESULT: {}
RESULT: {}
COMMAND: GET /session/296c3ef822005440bb291597a564fd04/screenshot - {}
RESULT: {}
COMMAND: POST /session/296c3ef822005440bb291597a564fd04/element - {"using":"xpath","value":"//td/div/div/div/span[contains(@id, \"newResourceUnit--RUTimeSegment-0-vhi\")][1]"}
RESULT: {"using":"xpath","value":"//td/div/div/div/span[contains(@id, \"newResourceUnit--RUTimeSegment-0-vhi\")][1]"}
COMMAND: GET /session/296c3ef822005440bb291597a564fd04/element/f.A5EAE1E31C780A7B6C1CBBD175F5DD1B.d.93355DAD25CF8164D6A5BC7D17444FE7.e.6077/rect - {}
RESULT: {}
COMMAND: GET /session/296c3ef822005440bb291597a564fd04/window/rect - {}
RESULT: {}
COMMAND: POST /session/296c3ef822005440bb291597a564fd04/execute/sync - {"script":"<script> [92 bytes]","args":[]}
RESULT: {"script":"<script> [92 bytes]","args":[]}
COMMAND: POST /session/296c3ef822005440bb291597a564fd04/actions - {"actions":[{"id":"action21","type":"wheel","parameters":{},"actions":[{"type":"scroll","x":-1888,"y":-24,"deltaX":0,"deltaY":0,"duration":0,"origin":{"element-6066-11e4-a52e-4f735466cecf":"f.A5EAE1E31C780A7B6C1CBBD175F5DD1B.d.93355DAD25CF8164D6A5BC7D17444FE7.e.6077"}}]}]}
COMMAND: GET /session/296c3ef822005440bb291597a564fd04/screenshot - {}
RESULT: {}
COMMAND: POST /session/296c3ef822005440bb291597a564fd04/execute/sync - {"script":"<script> [79 bytes]","args":[{"element-6066-11e4-a52e-4f735466cecf":"f.A5EAE1E31C780A7B6C1CBBD175F5DD1B.d.93355DAD25CF8164D6A5BC7D17444FE7.e.6077","ELEMENT":"f.A5EAE1E31C780A7B6C1CBBD175F5DD1B.d.93355DAD25CF8164D6A5BC7D17444FE7.e.6077"},{"block":"start","inline":"nearest"}]}
RESULT: {"script":"<script> [79 bytes]","args":[{"element-6066-11e4-a52e-4f735466cecf":"f.A5EAE1E31C780A7B6C1CBBD175F5DD1B.d.93355DAD25CF8164D6A5BC7D17444FE7.e.6077","ELEMENT":"f.A5EAE1E31C780A7B6C1CBBD175F5DD1B.d.93355DAD25CF8164D6A5BC7D17444FE7.e.6077"},{"block":"start","inline":"nearest"}]}
COMMAND: GET /session/296c3ef822005440bb291597a564fd04/screenshot - {}
RESULT: {}
COMMAND: POST /session/296c3ef822005440bb291597a564fd04/element/f.A5EAE1E31C780A7B6C1CBBD175F5DD1B.d.93355DAD25CF8164D6A5BC7D17444FE7.e.6077/click - {}
RESULT: {}
COMMAND: GET /session/296c3ef822005440bb291597a564fd04/screenshot - {}
RESULT: {}
RESULT: undefined
COMMAND: POST /session/296c3ef822005440bb291597a564fd04/execute/async - {"script":"<script> [776 bytes]","args":[{"enterText":"4000360","selector":{"controlType":"sap.m.SearchField","properties":{"placeholder":"Search"},"searchOpenDialogs":true,"interaction":{"idSuffix":"I"}},"clearTextFirst":true,"interactionType":"ENTER_TEXT"}]}
RESULT: {"script":"<script> [776 bytes]","args":[{"enterText":"4000360","selector":{"controlType":"sap.m.SearchField","properties":{"placeholder":"Search"},"searchOpenDialogs":true,"interaction":{"idSuffix":"I"}},"clearTextFirst":true,"interactionType":"ENTER_TEXT"}]}
COMMAND: POST /session/296c3ef822005440bb291597a564fd04/actions - {"actions":[{"id":"action22","type":"key","parameters":{},"actions":[{"type":"keyDown","value":"î€‡"},{"type":"pause","duration":10},{"type":"keyUp","value":"î€‡"}]}]}
RESULT: {"actions":[{"id":"action22","type":"key","parameters":{},"actions":[{"type":"keyDown","value":"î€‡"},{"type":"pause","duration":10},{"type":"keyUp","value":"î€‡"}]}]}
COMMAND: GET /session/296c3ef822005440bb291597a564fd04/screenshot - {}
RESULT: {}
COMMAND: POST /session/296c3ef822005440bb291597a564fd04/element - {"using":"xpath","value":"//td/div/span[contains(text(), \"BGL Vehicles\")]"}
RESULT: {"using":"xpath","value":"//td/div/span[contains(text(), \"BGL Vehicles\")]"}
COMMAND: POST /session/296c3ef822005440bb291597a564fd04/element/f.A5EAE1E31C780A7B6C1CBBD175F5DD1B.d.93355DAD25CF8164D6A5BC7D17444FE7.e.6096/click - {}
RESULT: {}
COMMAND: GET /session/296c3ef822005440bb291597a564fd04/screenshot - {}
RESULT: {}
COMMAND: POST /session/296c3ef822005440bb291597a564fd04/element - {"using":"xpath","value":"//bdi[contains(text(), \"OK\")]"}
RESULT: {"using":"xpath","value":"//bdi[contains(text(), \"OK\")]"}
COMMAND: POST /session/296c3ef822005440bb291597a564fd04/element/f.A5EAE1E31C780A7B6C1CBBD175F5DD1B.d.93355DAD25CF8164D6A5BC7D17444FE7.e.6097/click - {}
RESULT: {}
COMMAND: GET /session/296c3ef822005440bb291597a564fd04/screenshot - {}
RESULT: {}
COMMAND: POST /session/296c3ef822005440bb291597a564fd04/element - {"using":"xpath","value":"//button[@data-kt=\"resourceUnitSaveButton\"]"}
RESULT: {"using":"xpath","value":"//button[@data-kt=\"resourceUnitSaveButton\"]"}
COMMAND: POST /session/296c3ef822005440bb291597a564fd04/element/f.A5EAE1E31C780A7B6C1CBBD175F5DD1B.d.93355DAD25CF8164D6A5BC7D17444FE7.e.5998/click - {}
RESULT: {}
COMMAND: GET /session/296c3ef822005440bb291597a564fd04/screenshot - {}
RESULT: {}
COMMAND: POST /session/296c3ef822005440bb291597a564fd04/element - {"using":"xpath","value":"//bdi[contains(text(), \"Close\")]"}
RESULT: {"using":"xpath","value":"//bdi[contains(text(), \"Close\")]"}
COMMAND: POST /session/296c3ef822005440bb291597a564fd04/element/f.A5EAE1E31C780A7B6C1CBBD175F5DD1B.d.93355DAD25CF8164D6A5BC7D17444FE7.e.6104/click - {}
RESULT: {}
COMMAND: GET /session/296c3ef822005440bb291597a564fd04/screenshot - {}
RESULT: {}
COMMAND: POST /session/296c3ef822005440bb291597a564fd04/element - {"using":"xpath","value":"//header[contains(@id, 'detailRruPage-headerTitle')]/div[1]/div[2]/div[2]/span[1]"}
RESULT: {"using":"xpath","value":"//header[contains(@id, 'detailRruPage-headerTitle')]/div[1]/div[2]/div[2]/span[1]"}
COMMAND: POST /session/296c3ef822005440bb291597a564fd04/elements - {"using":"xpath","value":"//header[contains(@id, 'detailRruPage-headerTitle')]/div[1]/div[2]/div[2]/span[1]"}
RESULT: {"using":"xpath","value":"//header[contains(@id, 'detailRruPage-headerTitle')]/div[1]/div[2]/div[2]/span[1]"}
COMMAND: POST /session/296c3ef822005440bb291597a564fd04/execute/sync - {"script":"<script> [56 bytes]","args":[{"element-6066-11e4-a52e-4f735466cecf":"f.A5EAE1E31C780A7B6C1CBBD175F5DD1B.d.93355DAD25CF8164D6A5BC7D17444FE7.e.6134","ELEMENT":"f.A5EAE1E31C780A7B6C1CBBD175F5DD1B.d.93355DAD25CF8164D6A5BC7D17444FE7.e.6134"}]}
RESULT: {"script":"<script> [56 bytes]","args":[{"element-6066-11e4-a52e-4f735466cecf":"f.A5EAE1E31C780A7B6C1CBBD175F5DD1B.d.93355DAD25CF8164D6A5BC7D17444FE7.e.6134","ELEMENT":"f.A5EAE1E31C780A7B6C1CBBD175F5DD1B.d.93355DAD25CF8164D6A5BC7D17444FE7.e.6134"}]}
COMMAND: GET /session/296c3ef822005440bb291597a564fd04/screenshot - {}
]]></system-out>
    </testcase>
    <testcase classname="chrome.135_0_7049_96.windows.US134625_Set_up_price_condition_-_one_time" name="Should create new pricing rule one time" time="55.397">
      <system-out><![CDATA[
COMMAND: POST /session/296c3ef822005440bb291597a564fd04/element - {"using":"xpath","value":"(//button[contains(@id ,\"actionsToolbar-overflowButton\")])[1]"}
RESULT: {}
RESULT: {"using":"xpath","value":"(//button[contains(@id ,\"actionsToolbar-overflowButton\")])[1]"}
COMMAND: POST /session/296c3ef822005440bb291597a564fd04/element/f.A5EAE1E31C780A7B6C1CBBD175F5DD1B.d.93355DAD25CF8164D6A5BC7D17444FE7.e.6137/click - {}
RESULT: {}
COMMAND: GET /session/296c3ef822005440bb291597a564fd04/screenshot - {}
RESULT: {}
COMMAND: POST /session/296c3ef822005440bb291597a564fd04/element - {"using":"xpath","value":"//button[@data-kt=\"priceInfoButton\"]"}
RESULT: {"using":"xpath","value":"//button[@data-kt=\"priceInfoButton\"]"}
COMMAND: POST /session/296c3ef822005440bb291597a564fd04/element/f.A5EAE1E31C780A7B6C1CBBD175F5DD1B.d.93355DAD25CF8164D6A5BC7D17444FE7.e.6139/click - {}
RESULT: {}
COMMAND: GET /session/296c3ef822005440bb291597a564fd04/screenshot - {}
COMMAND: POST /session/296c3ef822005440bb291597a564fd04/element - {"using":"xpath","value":"//button[@data-kt=\"addButton\"]"}
RESULT: {}
RESULT: {"using":"xpath","value":"//button[@data-kt=\"addButton\"]"}
COMMAND: POST /session/296c3ef822005440bb291597a564fd04/elements - {"using":"xpath","value":"//button[@data-kt=\"addButton\"]"}
RESULT: {"using":"xpath","value":"//button[@data-kt=\"addButton\"]"}
COMMAND: POST /session/296c3ef822005440bb291597a564fd04/execute/sync - {"script":"<script> [8489 bytes]","args":[{"element-6066-11e4-a52e-4f735466cecf":"f.A5EAE1E31C780A7B6C1CBBD175F5DD1B.d.93355DAD25CF8164D6A5BC7D17444FE7.e.6176","ELEMENT":"f.A5EAE1E31C780A7B6C1CBBD175F5DD1B.d.93355DAD25CF8164D6A5BC7D17444FE7.e.6176"}]}
RESULT: {"script":"<script> [8489 bytes]","args":[{"element-6066-11e4-a52e-4f735466cecf":"f.A5EAE1E31C780A7B6C1CBBD175F5DD1B.d.93355DAD25CF8164D6A5BC7D17444FE7.e.6176","ELEMENT":"f.A5EAE1E31C780A7B6C1CBBD175F5DD1B.d.93355DAD25CF8164D6A5BC7D17444FE7.e.6176"}]}
COMMAND: GET /session/296c3ef822005440bb291597a564fd04/element/f.A5EAE1E31C780A7B6C1CBBD175F5DD1B.d.93355DAD25CF8164D6A5BC7D17444FE7.e.6176/enabled - {}
COMMAND: GET /session/296c3ef822005440bb291597a564fd04/screenshot - {}
RESULT: {}
COMMAND: POST /session/296c3ef822005440bb291597a564fd04/execute/sync - {"script":"<script> [8489 bytes]","args":[{"element-6066-11e4-a52e-4f735466cecf":"f.A5EAE1E31C780A7B6C1CBBD175F5DD1B.d.93355DAD25CF8164D6A5BC7D17444FE7.e.6176","ELEMENT":"f.A5EAE1E31C780A7B6C1CBBD175F5DD1B.d.93355DAD25CF8164D6A5BC7D17444FE7.e.6176"}]}
COMMAND: GET /session/296c3ef822005440bb291597a564fd04/screenshot - {}
RESULT: {}
RESULT: {"script":"<script> [8489 bytes]","args":[{"element-6066-11e4-a52e-4f735466cecf":"f.A5EAE1E31C780A7B6C1CBBD175F5DD1B.d.93355DAD25CF8164D6A5BC7D17444FE7.e.6176","ELEMENT":"f.A5EAE1E31C780A7B6C1CBBD175F5DD1B.d.93355DAD25CF8164D6A5BC7D17444FE7.e.6176"}]}
COMMAND: POST /session/296c3ef822005440bb291597a564fd04/execute/sync - {"script":"<script> [5351 bytes]","args":[{"element-6066-11e4-a52e-4f735466cecf":"f.A5EAE1E31C780A7B6C1CBBD175F5DD1B.d.93355DAD25CF8164D6A5BC7D17444FE7.e.6176","ELEMENT":"f.A5EAE1E31C780A7B6C1CBBD175F5DD1B.d.93355DAD25CF8164D6A5BC7D17444FE7.e.6176"}]}
COMMAND: GET /session/296c3ef822005440bb291597a564fd04/screenshot - {}
RESULT: {}
RESULT: {"script":"<script> [5351 bytes]","args":[{"element-6066-11e4-a52e-4f735466cecf":"f.A5EAE1E31C780A7B6C1CBBD175F5DD1B.d.93355DAD25CF8164D6A5BC7D17444FE7.e.6176","ELEMENT":"f.A5EAE1E31C780A7B6C1CBBD175F5DD1B.d.93355DAD25CF8164D6A5BC7D17444FE7.e.6176"}]}
COMMAND: POST /session/296c3ef822005440bb291597a564fd04/element/f.A5EAE1E31C780A7B6C1CBBD175F5DD1B.d.93355DAD25CF8164D6A5BC7D17444FE7.e.6176/click - {}
COMMAND: GET /session/296c3ef822005440bb291597a564fd04/screenshot - {}
RESULT: {}
RESULT: {}
COMMAND: GET /session/296c3ef822005440bb291597a564fd04/screenshot - {}
RESULT: {}
RESULT: {}
COMMAND: POST /session/296c3ef822005440bb291597a564fd04/execute/async - {"script":"<script> [1562 bytes]","args":[{"selector":{"controlType":"sap.m.Title","viewName":"etm.portal.ui.managepricingrules.view.NewItem","viewId":"application-managepricingrules-display-component---newInfoPriceItem","properties":{"text":"New Pricing Rules - Item Level"}},"wdio_ui5_key":"etmportal.ui.managepricingrules.view.NewItemsap.m.Title{\"text\":\"New Pricing Rules - Item Level\"}"}]}
RESULT: {"script":"<script> [1562 bytes]","args":[{"selector":{"controlType":"sap.m.Title","viewName":"etm.portal.ui.managepricingrules.view.NewItem","viewId":"application-managepricingrules-display-component---newInfoPriceItem","properties":{"text":"New Pricing Rules - Item Level"}},"wdio_ui5_key":"etmportal.ui.managepricingrules.view.NewItemsap.m.Title{\"text\":\"New Pricing Rules - Item Level\"}"}]}
RESULT: undefined
COMMAND: POST /session/296c3ef822005440bb291597a564fd04/execute/async - {"script":"<script> [6424 bytes]","args":[{"element-6066-11e4-a52e-4f735466cecf":"f.A5EAE1E31C780A7B6C1CBBD175F5DD1B.d.93355DAD25CF8164D6A5BC7D17444FE7.e.6349"},"getText",[]]}
RESULT: {"script":"<script> [6424 bytes]","args":[{"element-6066-11e4-a52e-4f735466cecf":"f.A5EAE1E31C780A7B6C1CBBD175F5DD1B.d.93355DAD25CF8164D6A5BC7D17444FE7.e.6349"},"getText",[]]}
COMMAND: POST /session/296c3ef822005440bb291597a564fd04/execute/async - {"script":"<script> [1562 bytes]","args":[{"selector":{"id":"application-managepricingrules-display-component---newInfoPriceItem--condValidTo","interaction":{"idSuffix":"inner"}},"wdio_ui5_key":"applicationmanagepricingrules-display-component---newInfoPriceItem--condValidTo"}]}
RESULT: {"script":"<script> [1562 bytes]","args":[{"selector":{"id":"application-managepricingrules-display-component---newInfoPriceItem--condValidTo","interaction":{"idSuffix":"inner"}},"wdio_ui5_key":"applicationmanagepricingrules-display-component---newInfoPriceItem--condValidTo"}]}
RESULT: undefined
COMMAND: POST /session/296c3ef822005440bb291597a564fd04/execute/async - {"script":"<script> [776 bytes]","args":[{"enterText":"01/05/26","selector":{"id":"application-managepricingrules-display-component---newInfoPriceItem--condValidTo","interaction":{"idSuffix":"inner"}},"clearTextFirst":true,"interactionType":"ENTER_TEXT"}]}
RESULT: {"script":"<script> [776 bytes]","args":[{"enterText":"01/05/26","selector":{"id":"application-managepricingrules-display-component---newInfoPriceItem--condValidTo","interaction":{"idSuffix":"inner"}},"clearTextFirst":true,"interactionType":"ENTER_TEXT"}]}
COMMAND: POST /session/296c3ef822005440bb291597a564fd04/execute/async - {"script":"<script> [1562 bytes]","args":[{"selector":{"id":"application-managepricingrules-display-component---newInfoPriceItem--billType-arrow"},"wdio_ui5_key":"applicationmanagepricingrules-display-component---newInfoPriceItem--billType-arrow"}]}
RESULT: {"script":"<script> [1562 bytes]","args":[{"selector":{"id":"application-managepricingrules-display-component---newInfoPriceItem--billType-arrow"},"wdio_ui5_key":"applicationmanagepricingrules-display-component---newInfoPriceItem--billType-arrow"}]}
RESULT: undefined
COMMAND: POST /session/296c3ef822005440bb291597a564fd04/element - {"using":"xpath","value":"//*[@id=\"application-managepricingrules-display-component---newInfoPriceItem--billType-arrow\"]"}
RESULT: {"using":"xpath","value":"//*[@id=\"application-managepricingrules-display-component---newInfoPriceItem--billType-arrow\"]"}
COMMAND: POST /session/296c3ef822005440bb291597a564fd04/element/f.A5EAE1E31C780A7B6C1CBBD175F5DD1B.d.93355DAD25CF8164D6A5BC7D17444FE7.e.6307/click - {}
RESULT: {}
COMMAND: POST /session/296c3ef822005440bb291597a564fd04/element - {"using":"xpath","value":"//span[contains(text(), \"OT - Sales (one-time)\")]"}
COMMAND: GET /session/296c3ef822005440bb291597a564fd04/screenshot - {}
RESULT: {"using":"xpath","value":"//span[contains(text(), \"OT - Sales (one-time)\")]"}
COMMAND: POST /session/296c3ef822005440bb291597a564fd04/element/f.A5EAE1E31C780A7B6C1CBBD175F5DD1B.d.93355DAD25CF8164D6A5BC7D17444FE7.e.6351/click - {}
RESULT: {}
RESULT: {}
COMMAND: POST /session/296c3ef822005440bb291597a564fd04/execute/async - {"script":"<script> [1562 bytes]","args":[{"selector":{"id":"application-managepricingrules-display-component---newInfoPriceItem--priceProc-arrow"},"wdio_ui5_key":"applicationmanagepricingrules-display-component---newInfoPriceItem--priceProc-arrow"}]}
COMMAND: GET /session/296c3ef822005440bb291597a564fd04/screenshot - {}
RESULT: {"script":"<script> [1562 bytes]","args":[{"selector":{"id":"application-managepricingrules-display-component---newInfoPriceItem--priceProc-arrow"},"wdio_ui5_key":"applicationmanagepricingrules-display-component---newInfoPriceItem--priceProc-arrow"}]}
RESULT: undefined
COMMAND: POST /session/296c3ef822005440bb291597a564fd04/element - {"using":"xpath","value":"//*[@id=\"application-managepricingrules-display-component---newInfoPriceItem--priceProc-arrow\"]"}
RESULT: {}
RESULT: {"using":"xpath","value":"//*[@id=\"application-managepricingrules-display-component---newInfoPriceItem--priceProc-arrow\"]"}
COMMAND: POST /session/296c3ef822005440bb291597a564fd04/element/f.A5EAE1E31C780A7B6C1CBBD175F5DD1B.d.93355DAD25CF8164D6A5BC7D17444FE7.e.6314/click - {}
RESULT: {}
COMMAND: POST /session/296c3ef822005440bb291597a564fd04/element - {"using":"xpath","value":"//span[contains(text(), \"MAT - Material\")]"}
COMMAND: GET /session/296c3ef822005440bb291597a564fd04/screenshot - {}
RESULT: {"using":"xpath","value":"//span[contains(text(), \"MAT - Material\")]"}
COMMAND: POST /session/296c3ef822005440bb291597a564fd04/element/f.A5EAE1E31C780A7B6C1CBBD175F5DD1B.d.93355DAD25CF8164D6A5BC7D17444FE7.e.6352/click - {}
RESULT: {}
RESULT: {}
COMMAND: POST /session/296c3ef822005440bb291597a564fd04/execute/async - {"script":"<script> [1562 bytes]","args":[{"selector":{"id":"application-managepricingrules-display-component---newInfoPriceItem--calcBase-arrow"},"wdio_ui5_key":"applicationmanagepricingrules-display-component---newInfoPriceItem--calcBase-arrow"}]}
COMMAND: GET /session/296c3ef822005440bb291597a564fd04/screenshot - {}
RESULT: {"script":"<script> [1562 bytes]","args":[{"selector":{"id":"application-managepricingrules-display-component---newInfoPriceItem--calcBase-arrow"},"wdio_ui5_key":"applicationmanagepricingrules-display-component---newInfoPriceItem--calcBase-arrow"}]}
RESULT: undefined
COMMAND: POST /session/296c3ef822005440bb291597a564fd04/element - {"using":"xpath","value":"//*[@id=\"application-managepricingrules-display-component---newInfoPriceItem--calcBase-arrow\"]"}
RESULT: {}
RESULT: {"using":"xpath","value":"//*[@id=\"application-managepricingrules-display-component---newInfoPriceItem--calcBase-arrow\"]"}
COMMAND: POST /session/296c3ef822005440bb291597a564fd04/element/f.A5EAE1E31C780A7B6C1CBBD175F5DD1B.d.93355DAD25CF8164D6A5BC7D17444FE7.e.6321/click - {}
RESULT: {}
COMMAND: GET /session/296c3ef822005440bb291597a564fd04/screenshot - {}
RESULT: {}
COMMAND: POST /session/296c3ef822005440bb291597a564fd04/element - {"using":"xpath","value":"//span[contains(text(), \"0001 - TB(exact month + cal_days)\")]"}
RESULT: {"using":"xpath","value":"//span[contains(text(), \"0001 - TB(exact month + cal_days)\")]"}
COMMAND: POST /session/296c3ef822005440bb291597a564fd04/element/f.A5EAE1E31C780A7B6C1CBBD175F5DD1B.d.93355DAD25CF8164D6A5BC7D17444FE7.e.6353/click - {}
RESULT: {}
COMMAND: GET /session/296c3ef822005440bb291597a564fd04/screenshot - {}
RESULT: {}
COMMAND: POST /session/296c3ef822005440bb291597a564fd04/element - {"using":"xpath","value":"//button[@data-kt=\"saveNewRuleButton\"]"}
RESULT: {"using":"xpath","value":"//button[@data-kt=\"saveNewRuleButton\"]"}
COMMAND: POST /session/296c3ef822005440bb291597a564fd04/element/f.A5EAE1E31C780A7B6C1CBBD175F5DD1B.d.93355DAD25CF8164D6A5BC7D17444FE7.e.6341/click - {}
RESULT: {}
COMMAND: GET /session/296c3ef822005440bb291597a564fd04/screenshot - {}
RESULT: {}
COMMAND: POST /session/296c3ef822005440bb291597a564fd04/execute/async - {"script":"<script> [1562 bytes]","args":[{"selector":{"id":"application-managepricingrules-display-component---priceInfoItem--smartFilterBar-btnBasicSearch","interaction":{"idSuffix":"I"}},"wdio_ui5_key":"applicationmanagepricingrules-display-component---priceInfoItem--smartFilterBar-btnBasicSearch"}]}
RESULT: {"script":"<script> [1562 bytes]","args":[{"selector":{"id":"application-managepricingrules-display-component---priceInfoItem--smartFilterBar-btnBasicSearch","interaction":{"idSuffix":"I"}},"wdio_ui5_key":"applicationmanagepricingrules-display-component---priceInfoItem--smartFilterBar-btnBasicSearch"}]}
RESULT: undefined
COMMAND: POST /session/296c3ef822005440bb291597a564fd04/execute/async - {"script":"<script> [776 bytes]","args":[{"enterText":"200310","selector":{"id":"application-managepricingrules-display-component---priceInfoItem--smartFilterBar-btnBasicSearch","interaction":{"idSuffix":"I"}},"clearTextFirst":true,"interactionType":"ENTER_TEXT"}]}
RESULT: {"script":"<script> [776 bytes]","args":[{"enterText":"200310","selector":{"id":"application-managepricingrules-display-component---priceInfoItem--smartFilterBar-btnBasicSearch","interaction":{"idSuffix":"I"}},"clearTextFirst":true,"interactionType":"ENTER_TEXT"}]}
COMMAND: POST /session/296c3ef822005440bb291597a564fd04/actions - {"actions":[{"id":"action23","type":"key","parameters":{},"actions":[{"type":"keyDown","value":"î€‡"},{"type":"pause","duration":10},{"type":"keyUp","value":"î€‡"}]}]}
RESULT: {"actions":[{"id":"action23","type":"key","parameters":{},"actions":[{"type":"keyDown","value":"î€‡"},{"type":"pause","duration":10},{"type":"keyUp","value":"î€‡"}]}]}
COMMAND: GET /session/296c3ef822005440bb291597a564fd04/screenshot - {}
RESULT: {}
COMMAND: POST /session/296c3ef822005440bb291597a564fd04/element - {"using":"xpath","value":"//span[@id=\"application-managepricingrules-display-component---priceInfoItem--smartTable-header-inner\"]"}
RESULT: {"using":"xpath","value":"//span[@id=\"application-managepricingrules-display-component---priceInfoItem--smartTable-header-inner\"]"}
COMMAND: POST /session/296c3ef822005440bb291597a564fd04/elements - {"using":"xpath","value":"//span[@id=\"application-managepricingrules-display-component---priceInfoItem--smartTable-header-inner\"]"}
RESULT: {"using":"xpath","value":"//span[@id=\"application-managepricingrules-display-component---priceInfoItem--smartTable-header-inner\"]"}
COMMAND: POST /session/296c3ef822005440bb291597a564fd04/execute/sync - {"script":"<script> [56 bytes]","args":[{"element-6066-11e4-a52e-4f735466cecf":"f.A5EAE1E31C780A7B6C1CBBD175F5DD1B.d.93355DAD25CF8164D6A5BC7D17444FE7.e.6376","ELEMENT":"f.A5EAE1E31C780A7B6C1CBBD175F5DD1B.d.93355DAD25CF8164D6A5BC7D17444FE7.e.6376"}]}
RESULT: {"script":"<script> [56 bytes]","args":[{"element-6066-11e4-a52e-4f735466cecf":"f.A5EAE1E31C780A7B6C1CBBD175F5DD1B.d.93355DAD25CF8164D6A5BC7D17444FE7.e.6376","ELEMENT":"f.A5EAE1E31C780A7B6C1CBBD175F5DD1B.d.93355DAD25CF8164D6A5BC7D17444FE7.e.6376"}]}
COMMAND: POST /session/296c3ef822005440bb291597a564fd04/element - {"using":"css selector","value":"#shell-header-logo"}
COMMAND: GET /session/296c3ef822005440bb291597a564fd04/screenshot - {}
RESULT: {"using":"css selector","value":"#shell-header-logo"}
COMMAND: POST /session/296c3ef822005440bb291597a564fd04/element/f.A5EAE1E31C780A7B6C1CBBD175F5DD1B.d.93355DAD25CF8164D6A5BC7D17444FE7.e.5575/click - {}
RESULT: {}
RESULT: {}
COMMAND: GET /session/296c3ef822005440bb291597a564fd04/screenshot - {}
RESULT: {}
]]></system-out>
    </testcase>
    <testcase classname="chrome.135_0_7049_96.windows.US134625_Set_up_price_condition_-_one_time" name="Should create new condition one time" time="60.324">
      <system-out><![CDATA[
COMMAND: POST /session/296c3ef822005440bb291597a564fd04/execute/async - {"script":"<script> [1562 bytes]","args":[{"selector":{"controlType":"sap.m.Text","properties":{"text":"Manage Conditions & Prices"},"interaction":{"idSuffix":"inner"}},"wdio_ui5_key":"sapm.Text{\"text\":\"Manage Conditions & Prices\"}"}]}
RESULT: {"script":"<script> [1562 bytes]","args":[{"selector":{"controlType":"sap.m.Text","properties":{"text":"Manage Conditions & Prices"},"interaction":{"idSuffix":"inner"}},"wdio_ui5_key":"sapm.Text{\"text\":\"Manage Conditions & Prices\"}"}]}
RESULT: undefined
COMMAND: POST /session/296c3ef822005440bb291597a564fd04/element - {"using":"xpath","value":"//*[@id=\"__tile53-title\"]"}
RESULT: {"using":"xpath","value":"//*[@id=\"__tile53-title\"]"}
COMMAND: POST /session/296c3ef822005440bb291597a564fd04/element/f.A5EAE1E31C780A7B6C1CBBD175F5DD1B.d.93355DAD25CF8164D6A5BC7D17444FE7.e.6379/click - {}
RESULT: {}
COMMAND: POST /session/296c3ef822005440bb291597a564fd04/element - {"using":"xpath","value":"//button[@aria-label=\"Create\"]"}
COMMAND: GET /session/296c3ef822005440bb291597a564fd04/screenshot - {}
RESULT: {"using":"xpath","value":"//button[@aria-label=\"Create\"]"}
COMMAND: POST /session/296c3ef822005440bb291597a564fd04/elements - {"using":"xpath","value":"//button[@aria-label=\"Create\"]"}
RESULT: {}
RESULT: {"using":"xpath","value":"//button[@aria-label=\"Create\"]"}
COMMAND: POST /session/296c3ef822005440bb291597a564fd04/elements - {"using":"xpath","value":"//button[@aria-label=\"Create\"]"}
RESULT: {"using":"xpath","value":"//button[@aria-label=\"Create\"]"}
COMMAND: POST /session/296c3ef822005440bb291597a564fd04/elements - {"using":"xpath","value":"//button[@aria-label=\"Create\"]"}
RESULT: {"using":"xpath","value":"//button[@aria-label=\"Create\"]"}
COMMAND: POST /session/296c3ef822005440bb291597a564fd04/elements - {"using":"xpath","value":"//button[@aria-label=\"Create\"]"}
RESULT: {"using":"xpath","value":"//button[@aria-label=\"Create\"]"}
COMMAND: POST /session/296c3ef822005440bb291597a564fd04/elements - {"using":"xpath","value":"//button[@aria-label=\"Create\"]"}
RESULT: {"using":"xpath","value":"//button[@aria-label=\"Create\"]"}
COMMAND: POST /session/296c3ef822005440bb291597a564fd04/elements - {"using":"xpath","value":"//button[@aria-label=\"Create\"]"}
RESULT: {"using":"xpath","value":"//button[@aria-label=\"Create\"]"}
COMMAND: POST /session/296c3ef822005440bb291597a564fd04/element - {"using":"xpath","value":"//button[@aria-label=\"Create\"]"}
RESULT: {"using":"xpath","value":"//button[@aria-label=\"Create\"]"}
COMMAND: POST /session/296c3ef822005440bb291597a564fd04/execute/sync - {"script":"<script> [8489 bytes]","args":[{"element-6066-11e4-a52e-4f735466cecf":"f.A5EAE1E31C780A7B6C1CBBD175F5DD1B.d.93355DAD25CF8164D6A5BC7D17444FE7.e.6413","ELEMENT":"f.A5EAE1E31C780A7B6C1CBBD175F5DD1B.d.93355DAD25CF8164D6A5BC7D17444FE7.e.6413"}]}
RESULT: {"script":"<script> [8489 bytes]","args":[{"element-6066-11e4-a52e-4f735466cecf":"f.A5EAE1E31C780A7B6C1CBBD175F5DD1B.d.93355DAD25CF8164D6A5BC7D17444FE7.e.6413","ELEMENT":"f.A5EAE1E31C780A7B6C1CBBD175F5DD1B.d.93355DAD25CF8164D6A5BC7D17444FE7.e.6413"}]}
COMMAND: GET /session/296c3ef822005440bb291597a564fd04/element/f.A5EAE1E31C780A7B6C1CBBD175F5DD1B.d.93355DAD25CF8164D6A5BC7D17444FE7.e.6413/enabled - {}
COMMAND: GET /session/296c3ef822005440bb291597a564fd04/screenshot - {}
RESULT: {}
COMMAND: POST /session/296c3ef822005440bb291597a564fd04/execute/sync - {"script":"<script> [8489 bytes]","args":[{"element-6066-11e4-a52e-4f735466cecf":"f.A5EAE1E31C780A7B6C1CBBD175F5DD1B.d.93355DAD25CF8164D6A5BC7D17444FE7.e.6413","ELEMENT":"f.A5EAE1E31C780A7B6C1CBBD175F5DD1B.d.93355DAD25CF8164D6A5BC7D17444FE7.e.6413"}]}
COMMAND: GET /session/296c3ef822005440bb291597a564fd04/screenshot - {}
RESULT: {}
RESULT: {"script":"<script> [8489 bytes]","args":[{"element-6066-11e4-a52e-4f735466cecf":"f.A5EAE1E31C780A7B6C1CBBD175F5DD1B.d.93355DAD25CF8164D6A5BC7D17444FE7.e.6413","ELEMENT":"f.A5EAE1E31C780A7B6C1CBBD175F5DD1B.d.93355DAD25CF8164D6A5BC7D17444FE7.e.6413"}]}
COMMAND: POST /session/296c3ef822005440bb291597a564fd04/execute/sync - {"script":"<script> [5351 bytes]","args":[{"element-6066-11e4-a52e-4f735466cecf":"f.A5EAE1E31C780A7B6C1CBBD175F5DD1B.d.93355DAD25CF8164D6A5BC7D17444FE7.e.6413","ELEMENT":"f.A5EAE1E31C780A7B6C1CBBD175F5DD1B.d.93355DAD25CF8164D6A5BC7D17444FE7.e.6413"}]}
COMMAND: GET /session/296c3ef822005440bb291597a564fd04/screenshot - {}
RESULT: {}
RESULT: {"script":"<script> [5351 bytes]","args":[{"element-6066-11e4-a52e-4f735466cecf":"f.A5EAE1E31C780A7B6C1CBBD175F5DD1B.d.93355DAD25CF8164D6A5BC7D17444FE7.e.6413","ELEMENT":"f.A5EAE1E31C780A7B6C1CBBD175F5DD1B.d.93355DAD25CF8164D6A5BC7D17444FE7.e.6413"}]}
COMMAND: POST /session/296c3ef822005440bb291597a564fd04/element/f.A5EAE1E31C780A7B6C1CBBD175F5DD1B.d.93355DAD25CF8164D6A5BC7D17444FE7.e.6413/click - {}
COMMAND: GET /session/296c3ef822005440bb291597a564fd04/screenshot - {}
RESULT: {}
RESULT: {}
COMMAND: GET /session/296c3ef822005440bb291597a564fd04/screenshot - {}
RESULT: {}
RESULT: {}
COMMAND: POST /session/296c3ef822005440bb291597a564fd04/actions - {"actions":[{"id":"action24","type":"key","parameters":{},"actions":[{"type":"keyDown","value":"î€‡"},{"type":"pause","duration":10},{"type":"keyUp","value":"î€‡"}]}]}
RESULT: {"actions":[{"id":"action24","type":"key","parameters":{},"actions":[{"type":"keyDown","value":"î€‡"},{"type":"pause","duration":10},{"type":"keyUp","value":"î€‡"}]}]}
COMMAND: GET /session/296c3ef822005440bb291597a564fd04/screenshot - {}
RESULT: {}
COMMAND: POST /session/296c3ef822005440bb291597a564fd04/execute/async - {"script":"<script> [1562 bytes]","args":[{"selector":{"id":"application-manageconditionprice-display-component---newCondition--condBillCond-arrow"},"wdio_ui5_key":"applicationmanageconditionprice-display-component---newCondition--condBillCond-arrow"}]}
RESULT: {"script":"<script> [1562 bytes]","args":[{"selector":{"id":"application-manageconditionprice-display-component---newCondition--condBillCond-arrow"},"wdio_ui5_key":"applicationmanageconditionprice-display-component---newCondition--condBillCond-arrow"}]}
RESULT: undefined
COMMAND: POST /session/296c3ef822005440bb291597a564fd04/element - {"using":"xpath","value":"//*[@id=\"application-manageconditionprice-display-component---newCondition--condBillCond-arrow\"]"}
RESULT: {"using":"xpath","value":"//*[@id=\"application-manageconditionprice-display-component---newCondition--condBillCond-arrow\"]"}
COMMAND: POST /session/296c3ef822005440bb291597a564fd04/element/f.A5EAE1E31C780A7B6C1CBBD175F5DD1B.d.93355DAD25CF8164D6A5BC7D17444FE7.e.6590/click - {}
RESULT: {}
COMMAND: GET /session/296c3ef822005440bb291597a564fd04/screenshot - {}
RESULT: {}
COMMAND: POST /session/296c3ef822005440bb291597a564fd04/element - {"using":"xpath","value":"//li[.//span[contains(text(), \"SAPR - Sales price\")]]"}
RESULT: {"using":"xpath","value":"//li[.//span[contains(text(), \"SAPR - Sales price\")]]"}
COMMAND: POST /session/296c3ef822005440bb291597a564fd04/element/f.A5EAE1E31C780A7B6C1CBBD175F5DD1B.d.93355DAD25CF8164D6A5BC7D17444FE7.e.6593/click - {}
RESULT: {}
COMMAND: GET /session/296c3ef822005440bb291597a564fd04/screenshot - {}
RESULT: {}
COMMAND: POST /session/296c3ef822005440bb291597a564fd04/execute/async - {"script":"<script> [1562 bytes]","args":[{"selector":{"id":"application-manageconditionprice-display-component---newCondition--condValidTo","interaction":{"idSuffix":"inner"}},"wdio_ui5_key":"applicationmanageconditionprice-display-component---newCondition--condValidTo"}]}
RESULT: {"script":"<script> [1562 bytes]","args":[{"selector":{"id":"application-manageconditionprice-display-component---newCondition--condValidTo","interaction":{"idSuffix":"inner"}},"wdio_ui5_key":"applicationmanageconditionprice-display-component---newCondition--condValidTo"}]}
RESULT: undefined
COMMAND: POST /session/296c3ef822005440bb291597a564fd04/execute/async - {"script":"<script> [776 bytes]","args":[{"enterText":"01/05/26","selector":{"id":"application-manageconditionprice-display-component---newCondition--condValidTo","interaction":{"idSuffix":"inner"}},"clearTextFirst":true,"interactionType":"ENTER_TEXT"}]}
RESULT: {"script":"<script> [776 bytes]","args":[{"enterText":"01/05/26","selector":{"id":"application-manageconditionprice-display-component---newCondition--condValidTo","interaction":{"idSuffix":"inner"}},"clearTextFirst":true,"interactionType":"ENTER_TEXT"}]}
COMMAND: POST /session/296c3ef822005440bb291597a564fd04/element - {"using":"xpath","value":"//input[@id=\"application-manageconditionprice-display-component---newCondition--condRU-inner\"]"}
RESULT: {"using":"xpath","value":"//input[@id=\"application-manageconditionprice-display-component---newCondition--condRU-inner\"]"}
COMMAND: POST /session/296c3ef822005440bb291597a564fd04/element/f.A5EAE1E31C780A7B6C1CBBD175F5DD1B.d.93355DAD25CF8164D6A5BC7D17444FE7.e.6454/clear - {}
RESULT: {}
COMMAND: POST /session/296c3ef822005440bb291597a564fd04/element/f.A5EAE1E31C780A7B6C1CBBD175F5DD1B.d.93355DAD25CF8164D6A5BC7D17444FE7.e.6454/value - {"text":"200310"}
COMMAND: GET /session/296c3ef822005440bb291597a564fd04/screenshot - {}
RESULT: {"text":"200310"}
COMMAND: GET /session/296c3ef822005440bb291597a564fd04/screenshot - {}
RESULT: {}
RESULT: {}
COMMAND: POST /session/296c3ef822005440bb291597a564fd04/actions - {"actions":[{"id":"action25","type":"key","parameters":{},"actions":[{"type":"keyDown","value":"î€‡"},{"type":"pause","duration":10},{"type":"keyUp","value":"î€‡"}]}]}
RESULT: {"actions":[{"id":"action25","type":"key","parameters":{},"actions":[{"type":"keyDown","value":"î€‡"},{"type":"pause","duration":10},{"type":"keyUp","value":"î€‡"}]}]}
COMMAND: POST /session/296c3ef822005440bb291597a564fd04/execute/async - {"script":"<script> [1562 bytes]","args":[{"selector":{"id":"application-manageconditionprice-display-component---newCondition--condBaseQty","interaction":{"idSuffix":"inner"}},"wdio_ui5_key":"applicationmanageconditionprice-display-component---newCondition--condBaseQty"}]}
COMMAND: GET /session/296c3ef822005440bb291597a564fd04/screenshot - {}
RESULT: {"script":"<script> [1562 bytes]","args":[{"selector":{"id":"application-manageconditionprice-display-component---newCondition--condBaseQty","interaction":{"idSuffix":"inner"}},"wdio_ui5_key":"applicationmanageconditionprice-display-component---newCondition--condBaseQty"}]}
RESULT: undefined
COMMAND: POST /session/296c3ef822005440bb291597a564fd04/execute/async - {"script":"<script> [776 bytes]","args":[{"enterText":"1","selector":{"id":"application-manageconditionprice-display-component---newCondition--condBaseQty","interaction":{"idSuffix":"inner"}},"clearTextFirst":true,"interactionType":"ENTER_TEXT"}]}
RESULT: {}
RESULT: {"script":"<script> [776 bytes]","args":[{"enterText":"1","selector":{"id":"application-manageconditionprice-display-component---newCondition--condBaseQty","interaction":{"idSuffix":"inner"}},"clearTextFirst":true,"interactionType":"ENTER_TEXT"}]}
COMMAND: POST /session/296c3ef822005440bb291597a564fd04/execute/async - {"script":"<script> [1562 bytes]","args":[{"selector":{"id":"application-manageconditionprice-display-component---newCondition--condValue","interaction":{"idSuffix":"inner"}},"wdio_ui5_key":"applicationmanageconditionprice-display-component---newCondition--condValue"}]}
RESULT: {"script":"<script> [1562 bytes]","args":[{"selector":{"id":"application-manageconditionprice-display-component---newCondition--condValue","interaction":{"idSuffix":"inner"}},"wdio_ui5_key":"applicationmanageconditionprice-display-component---newCondition--condValue"}]}
RESULT: undefined
COMMAND: POST /session/296c3ef822005440bb291597a564fd04/execute/async - {"script":"<script> [776 bytes]","args":[{"enterText":"100.00","selector":{"id":"application-manageconditionprice-display-component---newCondition--condValue","interaction":{"idSuffix":"inner"}},"clearTextFirst":true,"interactionType":"ENTER_TEXT"}]}
RESULT: {"script":"<script> [776 bytes]","args":[{"enterText":"100.00","selector":{"id":"application-manageconditionprice-display-component---newCondition--condValue","interaction":{"idSuffix":"inner"}},"clearTextFirst":true,"interactionType":"ENTER_TEXT"}]}
COMMAND: POST /session/296c3ef822005440bb291597a564fd04/execute/async - {"script":"<script> [1562 bytes]","args":[{"selector":{"id":"application-manageconditionprice-display-component---newCondition--condCurr-arrow"},"wdio_ui5_key":"applicationmanageconditionprice-display-component---newCondition--condCurr-arrow"}]}
RESULT: {"script":"<script> [1562 bytes]","args":[{"selector":{"id":"application-manageconditionprice-display-component---newCondition--condCurr-arrow"},"wdio_ui5_key":"applicationmanageconditionprice-display-component---newCondition--condCurr-arrow"}]}
RESULT: undefined
COMMAND: POST /session/296c3ef822005440bb291597a564fd04/element - {"using":"xpath","value":"//*[@id=\"application-manageconditionprice-display-component---newCondition--condCurr-arrow\"]"}
RESULT: {"using":"xpath","value":"//*[@id=\"application-manageconditionprice-display-component---newCondition--condCurr-arrow\"]"}
COMMAND: POST /session/296c3ef822005440bb291597a564fd04/element/f.A5EAE1E31C780A7B6C1CBBD175F5DD1B.d.93355DAD25CF8164D6A5BC7D17444FE7.e.6546/click - {}
RESULT: {}
COMMAND: POST /session/296c3ef822005440bb291597a564fd04/element - {"using":"xpath","value":"//span[contains(text(), \"Euro\")]"}
COMMAND: GET /session/296c3ef822005440bb291597a564fd04/screenshot - {}
RESULT: {"using":"xpath","value":"//span[contains(text(), \"Euro\")]"}
COMMAND: POST /session/296c3ef822005440bb291597a564fd04/element/f.A5EAE1E31C780A7B6C1CBBD175F5DD1B.d.93355DAD25CF8164D6A5BC7D17444FE7.e.6631/click - {}
RESULT: {}
RESULT: {}
COMMAND: POST /session/296c3ef822005440bb291597a564fd04/element - {"using":"xpath","value":"//button[@data-kt=\"saveButton\"]"}
COMMAND: GET /session/296c3ef822005440bb291597a564fd04/screenshot - {}
RESULT: {"using":"xpath","value":"//button[@data-kt=\"saveButton\"]"}
COMMAND: POST /session/296c3ef822005440bb291597a564fd04/element/f.A5EAE1E31C780A7B6C1CBBD175F5DD1B.d.93355DAD25CF8164D6A5BC7D17444FE7.e.6547/click - {}
RESULT: {}
RESULT: {}
COMMAND: GET /session/296c3ef822005440bb291597a564fd04/screenshot - {}
RESULT: {}
COMMAND: POST /session/296c3ef822005440bb291597a564fd04/execute/async - {"script":"<script> [1562 bytes]","args":[{"selector":{"id":"application-manageconditionprice-display-component---conditions--smartFilterBar-btnBasicSearch","interaction":{"idSuffix":"I"}},"wdio_ui5_key":"applicationmanageconditionprice-display-component---conditions--smartFilterBar-btnBasicSearch"}]}
RESULT: {"script":"<script> [1562 bytes]","args":[{"selector":{"id":"application-manageconditionprice-display-component---conditions--smartFilterBar-btnBasicSearch","interaction":{"idSuffix":"I"}},"wdio_ui5_key":"applicationmanageconditionprice-display-component---conditions--smartFilterBar-btnBasicSearch"}]}
RESULT: undefined
COMMAND: POST /session/296c3ef822005440bb291597a564fd04/execute/async - {"script":"<script> [776 bytes]","args":[{"enterText":"200310","selector":{"id":"application-manageconditionprice-display-component---conditions--smartFilterBar-btnBasicSearch","interaction":{"idSuffix":"I"}},"clearTextFirst":true,"interactionType":"ENTER_TEXT"}]}
RESULT: {"script":"<script> [776 bytes]","args":[{"enterText":"200310","selector":{"id":"application-manageconditionprice-display-component---conditions--smartFilterBar-btnBasicSearch","interaction":{"idSuffix":"I"}},"clearTextFirst":true,"interactionType":"ENTER_TEXT"}]}
COMMAND: POST /session/296c3ef822005440bb291597a564fd04/actions - {"actions":[{"id":"action26","type":"key","parameters":{},"actions":[{"type":"keyDown","value":"î€‡"},{"type":"pause","duration":10},{"type":"keyUp","value":"î€‡"}]}]}
RESULT: {"actions":[{"id":"action26","type":"key","parameters":{},"actions":[{"type":"keyDown","value":"î€‡"},{"type":"pause","duration":10},{"type":"keyUp","value":"î€‡"}]}]}
COMMAND: GET /session/296c3ef822005440bb291597a564fd04/screenshot - {}
RESULT: {}
COMMAND: POST /session/296c3ef822005440bb291597a564fd04/execute/async - {"script":"<script> [1562 bytes]","args":[{"selector":{"id":"application-manageconditionprice-display-component---conditions--smartFilterBar-filterItemControl_BASIC-BILL_TYPES-vhi"},"wdio_ui5_key":"applicationmanageconditionprice-display-component---conditions--smartFilterBar-filterItemControl_BASIC-BILL_TYPES-vhi"}]}
RESULT: {"script":"<script> [1562 bytes]","args":[{"selector":{"id":"application-manageconditionprice-display-component---conditions--smartFilterBar-filterItemControl_BASIC-BILL_TYPES-vhi"},"wdio_ui5_key":"applicationmanageconditionprice-display-component---conditions--smartFilterBar-filterItemControl_BASIC-BILL_TYPES-vhi"}]}
RESULT: undefined
COMMAND: POST /session/296c3ef822005440bb291597a564fd04/element - {"using":"xpath","value":"//*[@id=\"application-manageconditionprice-display-component---conditions--smartFilterBar-filterItemControl_BASIC-BILL_TYPES-vhi\"]"}
RESULT: {"using":"xpath","value":"//*[@id=\"application-manageconditionprice-display-component---conditions--smartFilterBar-filterItemControl_BASIC-BILL_TYPES-vhi\"]"}
COMMAND: POST /session/296c3ef822005440bb291597a564fd04/element/f.A5EAE1E31C780A7B6C1CBBD175F5DD1B.d.93355DAD25CF8164D6A5BC7D17444FE7.e.6647/click - {}
RESULT: {}
COMMAND: POST /session/296c3ef822005440bb291597a564fd04/execute/async - {"script":"<script> [1562 bytes]","args":[{"selector":{"id":"application-manageconditionprice-display-component---conditions--smartFilterBar-filterItemControl_BASIC-BILL_TYPES-valueHelpDialog-smartFilterBar-btnBasicSearch","searchOpenDialogs":true,"interaction":{"idSuffix":"I"}},"wdio_ui5_key":"applicationmanageconditionprice-display-component---conditions--smartFilterBar-filterItemControl_BASIC-BILL_TYPES-valueHelpDialog-smartFilterBar-btnBasicSearch"}]}
COMMAND: GET /session/296c3ef822005440bb291597a564fd04/screenshot - {}
RESULT: {"script":"<script> [1562 bytes]","args":[{"selector":{"id":"application-manageconditionprice-display-component---conditions--smartFilterBar-filterItemControl_BASIC-BILL_TYPES-valueHelpDialog-smartFilterBar-btnBasicSearch","searchOpenDialogs":true,"interaction":{"idSuffix":"I"}},"wdio_ui5_key":"applicationmanageconditionprice-display-component---conditions--smartFilterBar-filterItemControl_BASIC-BILL_TYPES-valueHelpDialog-smartFilterBar-btnBasicSearch"}]}
RESULT: undefined
COMMAND: POST /session/296c3ef822005440bb291597a564fd04/execute/async - {"script":"<script> [776 bytes]","args":[{"enterText":"one","selector":{"id":"application-manageconditionprice-display-component---conditions--smartFilterBar-filterItemControl_BASIC-BILL_TYPES-valueHelpDialog-smartFilterBar-btnBasicSearch","searchOpenDialogs":true,"interaction":{"idSuffix":"I"}},"clearTextFirst":true,"interactionType":"ENTER_TEXT"}]}
RESULT: {}
RESULT: {"script":"<script> [776 bytes]","args":[{"enterText":"one","selector":{"id":"application-manageconditionprice-display-component---conditions--smartFilterBar-filterItemControl_BASIC-BILL_TYPES-valueHelpDialog-smartFilterBar-btnBasicSearch","searchOpenDialogs":true,"interaction":{"idSuffix":"I"}},"clearTextFirst":true,"interactionType":"ENTER_TEXT"}]}
COMMAND: POST /session/296c3ef822005440bb291597a564fd04/actions - {"actions":[{"id":"action27","type":"key","parameters":{},"actions":[{"type":"keyDown","value":"î€‡"},{"type":"pause","duration":10},{"type":"keyUp","value":"î€‡"}]}]}
RESULT: {"actions":[{"id":"action27","type":"key","parameters":{},"actions":[{"type":"keyDown","value":"î€‡"},{"type":"pause","duration":10},{"type":"keyUp","value":"î€‡"}]}]}
COMMAND: GET /session/296c3ef822005440bb291597a564fd04/screenshot - {}
RESULT: {}
COMMAND: POST /session/296c3ef822005440bb291597a564fd04/element - {"using":"xpath","value":"//div[contains(@id, 'application-manageconditionprice-display-component---conditions--smartFilterBar-filterItemControl_BASIC-BILL_TYPES-valueHelpDialog-table-rowsel0')]"}
RESULT: {"using":"xpath","value":"//div[contains(@id, 'application-manageconditionprice-display-component---conditions--smartFilterBar-filterItemControl_BASIC-BILL_TYPES-valueHelpDialog-table-rowsel0')]"}
COMMAND: POST /session/296c3ef822005440bb291597a564fd04/element/f.A5EAE1E31C780A7B6C1CBBD175F5DD1B.d.93355DAD25CF8164D6A5BC7D17444FE7.e.6655/click - {}
RESULT: {}
COMMAND: GET /session/296c3ef822005440bb291597a564fd04/screenshot - {}
RESULT: {}
COMMAND: POST /session/296c3ef822005440bb291597a564fd04/element - {"using":"xpath","value":"//bdi[contains(text(), \"OK\")]"}
RESULT: {"using":"xpath","value":"//bdi[contains(text(), \"OK\")]"}
COMMAND: POST /session/296c3ef822005440bb291597a564fd04/element/f.A5EAE1E31C780A7B6C1CBBD175F5DD1B.d.93355DAD25CF8164D6A5BC7D17444FE7.e.6657/click - {}
RESULT: {}
COMMAND: GET /session/296c3ef822005440bb291597a564fd04/screenshot - {}
RESULT: {}
COMMAND: POST /session/296c3ef822005440bb291597a564fd04/element - {"using":"xpath","value":"//span[@id=\"application-manageconditionprice-display-component---conditions--smartTable-header-inner\"]"}
RESULT: {"using":"xpath","value":"//span[@id=\"application-manageconditionprice-display-component---conditions--smartTable-header-inner\"]"}
COMMAND: POST /session/296c3ef822005440bb291597a564fd04/elements - {"using":"xpath","value":"//span[@id=\"application-manageconditionprice-display-component---conditions--smartTable-header-inner\"]"}
RESULT: {"using":"xpath","value":"//span[@id=\"application-manageconditionprice-display-component---conditions--smartTable-header-inner\"]"}
COMMAND: POST /session/296c3ef822005440bb291597a564fd04/execute/sync - {"script":"<script> [56 bytes]","args":[{"element-6066-11e4-a52e-4f735466cecf":"f.A5EAE1E31C780A7B6C1CBBD175F5DD1B.d.93355DAD25CF8164D6A5BC7D17444FE7.e.6660","ELEMENT":"f.A5EAE1E31C780A7B6C1CBBD175F5DD1B.d.93355DAD25CF8164D6A5BC7D17444FE7.e.6660"}]}
RESULT: {"script":"<script> [56 bytes]","args":[{"element-6066-11e4-a52e-4f735466cecf":"f.A5EAE1E31C780A7B6C1CBBD175F5DD1B.d.93355DAD25CF8164D6A5BC7D17444FE7.e.6660","ELEMENT":"f.A5EAE1E31C780A7B6C1CBBD175F5DD1B.d.93355DAD25CF8164D6A5BC7D17444FE7.e.6660"}]}
COMMAND: POST /session/296c3ef822005440bb291597a564fd04/element - {"using":"css selector","value":"#shell-header-logo"}
COMMAND: GET /session/296c3ef822005440bb291597a564fd04/screenshot - {}
RESULT: {"using":"css selector","value":"#shell-header-logo"}
COMMAND: POST /session/296c3ef822005440bb291597a564fd04/element/f.A5EAE1E31C780A7B6C1CBBD175F5DD1B.d.93355DAD25CF8164D6A5BC7D17444FE7.e.6381/click - {}
RESULT: {}
RESULT: {}
COMMAND: GET /session/296c3ef822005440bb291597a564fd04/screenshot - {}
RESULT: {}
]]></system-out>
    </testcase>
    <testcase classname="chrome.135_0_7049_96.windows.US134625_Set_up_price_condition_-_one_time" name="Should create a new contract" time="55.791">
      <system-out><![CDATA[
COMMAND: POST /session/296c3ef822005440bb291597a564fd04/execute/async - {"script":"<script> [1562 bytes]","args":[{"selector":{"controlType":"sap.m.Text","viewName":"etm.portal.ui.managecontractstile.view.Master","properties":{"text":"Manage Contracts"},"interaction":{"idSuffix":"inner"}},"wdio_ui5_key":"etmportal.ui.managecontractstile.view.Mastersap.m.Text{\"text\":\"Manage Contracts\"}"}]}
RESULT: {"script":"<script> [1562 bytes]","args":[{"selector":{"controlType":"sap.m.Text","viewName":"etm.portal.ui.managecontractstile.view.Master","properties":{"text":"Manage Contracts"},"interaction":{"idSuffix":"inner"}},"wdio_ui5_key":"etmportal.ui.managecontractstile.view.Mastersap.m.Text{\"text\":\"Manage Contracts\"}"}]}
RESULT: undefined
COMMAND: POST /session/296c3ef822005440bb291597a564fd04/element - {"using":"xpath","value":"//*[@id=\"__tile130-title\"]"}
RESULT: {"using":"xpath","value":"//*[@id=\"__tile130-title\"]"}
COMMAND: POST /session/296c3ef822005440bb291597a564fd04/element/f.A5EAE1E31C780A7B6C1CBBD175F5DD1B.d.93355DAD25CF8164D6A5BC7D17444FE7.e.6665/click - {}
RESULT: {}
COMMAND: GET /session/296c3ef822005440bb291597a564fd04/screenshot - {}
RESULT: {}
COMMAND: POST /session/296c3ef822005440bb291597a564fd04/element - {"using":"xpath","value":"//button[@data-kt=\"addButton\"]"}
RESULT: {"using":"xpath","value":"//button[@data-kt=\"addButton\"]"}
COMMAND: POST /session/296c3ef822005440bb291597a564fd04/elements - {"using":"xpath","value":"//button[@data-kt=\"addButton\"]"}
RESULT: {"using":"xpath","value":"//button[@data-kt=\"addButton\"]"}
COMMAND: POST /session/296c3ef822005440bb291597a564fd04/elements - {"using":"xpath","value":"//button[@data-kt=\"addButton\"]"}
RESULT: {"using":"xpath","value":"//button[@data-kt=\"addButton\"]"}
COMMAND: POST /session/296c3ef822005440bb291597a564fd04/element - {"using":"xpath","value":"//button[@data-kt=\"addButton\"]"}
RESULT: {"using":"xpath","value":"//button[@data-kt=\"addButton\"]"}
COMMAND: POST /session/296c3ef822005440bb291597a564fd04/execute/sync - {"script":"<script> [8489 bytes]","args":[{"element-6066-11e4-a52e-4f735466cecf":"f.A5EAE1E31C780A7B6C1CBBD175F5DD1B.d.93355DAD25CF8164D6A5BC7D17444FE7.e.6706","ELEMENT":"f.A5EAE1E31C780A7B6C1CBBD175F5DD1B.d.93355DAD25CF8164D6A5BC7D17444FE7.e.6706"}]}
RESULT: {"script":"<script> [8489 bytes]","args":[{"element-6066-11e4-a52e-4f735466cecf":"f.A5EAE1E31C780A7B6C1CBBD175F5DD1B.d.93355DAD25CF8164D6A5BC7D17444FE7.e.6706","ELEMENT":"f.A5EAE1E31C780A7B6C1CBBD175F5DD1B.d.93355DAD25CF8164D6A5BC7D17444FE7.e.6706"}]}
COMMAND: GET /session/296c3ef822005440bb291597a564fd04/element/f.A5EAE1E31C780A7B6C1CBBD175F5DD1B.d.93355DAD25CF8164D6A5BC7D17444FE7.e.6706/enabled - {}
COMMAND: GET /session/296c3ef822005440bb291597a564fd04/screenshot - {}
RESULT: {}
COMMAND: POST /session/296c3ef822005440bb291597a564fd04/execute/sync - {"script":"<script> [8489 bytes]","args":[{"element-6066-11e4-a52e-4f735466cecf":"f.A5EAE1E31C780A7B6C1CBBD175F5DD1B.d.93355DAD25CF8164D6A5BC7D17444FE7.e.6706","ELEMENT":"f.A5EAE1E31C780A7B6C1CBBD175F5DD1B.d.93355DAD25CF8164D6A5BC7D17444FE7.e.6706"}]}
COMMAND: GET /session/296c3ef822005440bb291597a564fd04/screenshot - {}
RESULT: {}
RESULT: {"script":"<script> [8489 bytes]","args":[{"element-6066-11e4-a52e-4f735466cecf":"f.A5EAE1E31C780A7B6C1CBBD175F5DD1B.d.93355DAD25CF8164D6A5BC7D17444FE7.e.6706","ELEMENT":"f.A5EAE1E31C780A7B6C1CBBD175F5DD1B.d.93355DAD25CF8164D6A5BC7D17444FE7.e.6706"}]}
COMMAND: POST /session/296c3ef822005440bb291597a564fd04/execute/sync - {"script":"<script> [5351 bytes]","args":[{"element-6066-11e4-a52e-4f735466cecf":"f.A5EAE1E31C780A7B6C1CBBD175F5DD1B.d.93355DAD25CF8164D6A5BC7D17444FE7.e.6706","ELEMENT":"f.A5EAE1E31C780A7B6C1CBBD175F5DD1B.d.93355DAD25CF8164D6A5BC7D17444FE7.e.6706"}]}
COMMAND: GET /session/296c3ef822005440bb291597a564fd04/screenshot - {}
RESULT: {}
RESULT: {"script":"<script> [5351 bytes]","args":[{"element-6066-11e4-a52e-4f735466cecf":"f.A5EAE1E31C780A7B6C1CBBD175F5DD1B.d.93355DAD25CF8164D6A5BC7D17444FE7.e.6706","ELEMENT":"f.A5EAE1E31C780A7B6C1CBBD175F5DD1B.d.93355DAD25CF8164D6A5BC7D17444FE7.e.6706"}]}
COMMAND: GET /session/296c3ef822005440bb291597a564fd04/screenshot - {}
RESULT: {}
RESULT: {}
COMMAND: POST /session/296c3ef822005440bb291597a564fd04/element/f.A5EAE1E31C780A7B6C1CBBD175F5DD1B.d.93355DAD25CF8164D6A5BC7D17444FE7.e.6706/click - {}
RESULT: {}
COMMAND: GET /session/296c3ef822005440bb291597a564fd04/screenshot - {}
COMMAND: POST /session/296c3ef822005440bb291597a564fd04/execute/async - {"script":"<script> [1562 bytes]","args":[{"selector":{"id":"application-managecontracts-display-component---AddNewContract--projectDescription","interaction":{"idSuffix":"inner"}},"wdio_ui5_key":"applicationmanagecontracts-display-component---AddNewContract--projectDescription"}]}
RESULT: {}
RESULT: {"script":"<script> [1562 bytes]","args":[{"selector":{"id":"application-managecontracts-display-component---AddNewContract--projectDescription","interaction":{"idSuffix":"inner"}},"wdio_ui5_key":"applicationmanagecontracts-display-component---AddNewContract--projectDescription"}]}
RESULT: undefined
COMMAND: POST /session/296c3ef822005440bb291597a564fd04/execute/async - {"script":"<script> [776 bytes]","args":[{"enterText":"Intercompany Contract WDIO","selector":{"id":"application-managecontracts-display-component---AddNewContract--projectDescription","interaction":{"idSuffix":"inner"}},"clearTextFirst":true,"interactionType":"ENTER_TEXT"}]}
RESULT: {"script":"<script> [776 bytes]","args":[{"enterText":"Intercompany Contract WDIO","selector":{"id":"application-managecontracts-display-component---AddNewContract--projectDescription","interaction":{"idSuffix":"inner"}},"clearTextFirst":true,"interactionType":"ENTER_TEXT"}]}
COMMAND: POST /session/296c3ef822005440bb291597a564fd04/element - {"using":"xpath","value":"//input[@id=\"application-managecontracts-display-component---AddNewContract--site-inner\"]"}
RESULT: {"using":"xpath","value":"//input[@id=\"application-managecontracts-display-component---AddNewContract--site-inner\"]"}
COMMAND: POST /session/296c3ef822005440bb291597a564fd04/element/f.A5EAE1E31C780A7B6C1CBBD175F5DD1B.d.93355DAD25CF8164D6A5BC7D17444FE7.e.7048/clear - {}
RESULT: {}
COMMAND: POST /session/296c3ef822005440bb291597a564fd04/element/f.A5EAE1E31C780A7B6C1CBBD175F5DD1B.d.93355DAD25CF8164D6A5BC7D17444FE7.e.7048/value - {"text":"2395"}
COMMAND: GET /session/296c3ef822005440bb291597a564fd04/screenshot - {}
RESULT: {"text":"2395"}
COMMAND: GET /session/296c3ef822005440bb291597a564fd04/screenshot - {}
RESULT: {}
RESULT: {}
COMMAND: POST /session/296c3ef822005440bb291597a564fd04/element - {"using":"xpath","value":"//li[.//span[text()='2395']]"}
RESULT: {"using":"xpath","value":"//li[.//span[text()='2395']]"}
COMMAND: POST /session/296c3ef822005440bb291597a564fd04/element/f.A5EAE1E31C780A7B6C1CBBD175F5DD1B.d.93355DAD25CF8164D6A5BC7D17444FE7.e.7083/click - {}
RESULT: {}
COMMAND: GET /session/296c3ef822005440bb291597a564fd04/screenshot - {}
RESULT: {}
COMMAND: POST /session/296c3ef822005440bb291597a564fd04/element - {"using":"xpath","value":"//input[@id=\"application-managecontracts-display-component---AddNewContract--yardId-inner\"]"}
RESULT: {"using":"xpath","value":"//input[@id=\"application-managecontracts-display-component---AddNewContract--yardId-inner\"]"}
COMMAND: GET /session/296c3ef822005440bb291597a564fd04/element/f.A5EAE1E31C780A7B6C1CBBD175F5DD1B.d.93355DAD25CF8164D6A5BC7D17444FE7.e.7049/property/value - {}
RESULT: {}
COMMAND: POST /session/296c3ef822005440bb291597a564fd04/element - {"using":"xpath","value":"//input[@id=\"application-managecontracts-display-component---AddNewContract--customerSelect-inner\"]"}
COMMAND: GET /session/296c3ef822005440bb291597a564fd04/screenshot - {}
RESULT: {"using":"xpath","value":"//input[@id=\"application-managecontracts-display-component---AddNewContract--customerSelect-inner\"]"}
COMMAND: POST /session/296c3ef822005440bb291597a564fd04/element/f.A5EAE1E31C780A7B6C1CBBD175F5DD1B.d.93355DAD25CF8164D6A5BC7D17444FE7.e.7047/clear - {}
RESULT: {}
RESULT: {}
COMMAND: POST /session/296c3ef822005440bb291597a564fd04/element/f.A5EAE1E31C780A7B6C1CBBD175F5DD1B.d.93355DAD25CF8164D6A5BC7D17444FE7.e.7047/value - {"text":"1436"}
COMMAND: GET /session/296c3ef822005440bb291597a564fd04/screenshot - {}
RESULT: {"text":"1436"}
COMMAND: GET /session/296c3ef822005440bb291597a564fd04/screenshot - {}
RESULT: {}
RESULT: {}
COMMAND: POST /session/296c3ef822005440bb291597a564fd04/element - {"using":"xpath","value":"//li[.//span[text()='1436']]"}
RESULT: {"using":"xpath","value":"//li[.//span[text()='1436']]"}
COMMAND: POST /session/296c3ef822005440bb291597a564fd04/element/f.A5EAE1E31C780A7B6C1CBBD175F5DD1B.d.93355DAD25CF8164D6A5BC7D17444FE7.e.7086/click - {}
RESULT: {}
COMMAND: GET /session/296c3ef822005440bb291597a564fd04/screenshot - {}
RESULT: {}
COMMAND: POST /session/296c3ef822005440bb291597a564fd04/element - {"using":"xpath","value":"//button[@data-kt=\"saveButton\"]"}
RESULT: {"using":"xpath","value":"//button[@data-kt=\"saveButton\"]"}
COMMAND: POST /session/296c3ef822005440bb291597a564fd04/element/f.A5EAE1E31C780A7B6C1CBBD175F5DD1B.d.93355DAD25CF8164D6A5BC7D17444FE7.e.7075/click - {}
RESULT: {}
COMMAND: GET /session/296c3ef822005440bb291597a564fd04/screenshot - {}
RESULT: {}
COMMAND: POST /session/296c3ef822005440bb291597a564fd04/element - {"using":"xpath","value":"//span[contains(@id ,\"contractDetailTitleNoExpanded\")]"}
RESULT: {"using":"xpath","value":"//span[contains(@id ,\"contractDetailTitleNoExpanded\")]"}
COMMAND: POST /session/296c3ef822005440bb291597a564fd04/elements - {"using":"xpath","value":"//span[contains(@id ,\"contractDetailTitleNoExpanded\")]"}
RESULT: {"using":"xpath","value":"//span[contains(@id ,\"contractDetailTitleNoExpanded\")]"}
COMMAND: POST /session/296c3ef822005440bb291597a564fd04/execute/sync - {"script":"<script> [56 bytes]","args":[{"element-6066-11e4-a52e-4f735466cecf":"f.A5EAE1E31C780A7B6C1CBBD175F5DD1B.d.93355DAD25CF8164D6A5BC7D17444FE7.e.7155","ELEMENT":"f.A5EAE1E31C780A7B6C1CBBD175F5DD1B.d.93355DAD25CF8164D6A5BC7D17444FE7.e.7155"}]}
RESULT: {"script":"<script> [56 bytes]","args":[{"element-6066-11e4-a52e-4f735466cecf":"f.A5EAE1E31C780A7B6C1CBBD175F5DD1B.d.93355DAD25CF8164D6A5BC7D17444FE7.e.7155","ELEMENT":"f.A5EAE1E31C780A7B6C1CBBD175F5DD1B.d.93355DAD25CF8164D6A5BC7D17444FE7.e.7155"}]}
COMMAND: GET /session/296c3ef822005440bb291597a564fd04/screenshot - {}
RESULT: {}
]]></system-out>
    </testcase>
    <testcase classname="chrome.135_0_7049_96.windows.US134625_Set_up_price_condition_-_one_time" name="Should add the material to the contract" time="53.648">
      <system-out><![CDATA[
COMMAND: POST /session/296c3ef822005440bb291597a564fd04/element - {"using":"xpath","value":"//button[@data-kt=\"contractDetailEditBtnButton\"]"}
RESULT: {"using":"xpath","value":"//button[@data-kt=\"contractDetailEditBtnButton\"]"}
COMMAND: POST /session/296c3ef822005440bb291597a564fd04/element/f.A5EAE1E31C780A7B6C1CBBD175F5DD1B.d.93355DAD25CF8164D6A5BC7D17444FE7.e.7158/click - {}
RESULT: {}
COMMAND: GET /session/296c3ef822005440bb291597a564fd04/screenshot - {}
RESULT: {}
COMMAND: POST /session/296c3ef822005440bb291597a564fd04/element - {"using":"xpath","value":"(//span[contains(text(), \"Additional Addresses\")])[2]"}
RESULT: {"using":"xpath","value":"(//span[contains(text(), \"Additional Addresses\")])[2]"}
COMMAND: POST /session/296c3ef822005440bb291597a564fd04/element/f.A5EAE1E31C780A7B6C1CBBD175F5DD1B.d.93355DAD25CF8164D6A5BC7D17444FE7.e.7212/click - {}
RESULT: {}
COMMAND: GET /session/296c3ef822005440bb291597a564fd04/screenshot - {}
RESULT: {}
COMMAND: POST /session/296c3ef822005440bb291597a564fd04/element - {"using":"xpath","value":"//button[@data-kt=\"btnAddTableRowOverflowToolbarButton\"]"}
RESULT: {"using":"xpath","value":"//button[@data-kt=\"btnAddTableRowOverflowToolbarButton\"]"}
COMMAND: POST /session/296c3ef822005440bb291597a564fd04/element/f.A5EAE1E31C780A7B6C1CBBD175F5DD1B.d.93355DAD25CF8164D6A5BC7D17444FE7.e.7216/click - {}
RESULT: {}
COMMAND: GET /session/296c3ef822005440bb291597a564fd04/screenshot - {}
RESULT: {}
COMMAND: POST /session/296c3ef822005440bb291597a564fd04/element - {"using":"xpath","value":"//div[(text() = 'Standard Entry' or . = 'Standard Entry')]"}
RESULT: {"using":"xpath","value":"//div[(text() = 'Standard Entry' or . = 'Standard Entry')]"}
COMMAND: POST /session/296c3ef822005440bb291597a564fd04/element/f.A5EAE1E31C780A7B6C1CBBD175F5DD1B.d.93355DAD25CF8164D6A5BC7D17444FE7.e.7218/click - {}
RESULT: {}
COMMAND: GET /session/296c3ef822005440bb291597a564fd04/screenshot - {}
RESULT: {}
COMMAND: POST /session/296c3ef822005440bb291597a564fd04/element - {"using":"xpath","value":"//td[6]/div/div/div/span"}
RESULT: {"using":"xpath","value":"//td[6]/div/div/div/span"}
COMMAND: POST /session/296c3ef822005440bb291597a564fd04/element/f.A5EAE1E31C780A7B6C1CBBD175F5DD1B.d.93355DAD25CF8164D6A5BC7D17444FE7.e.7230/click - {}
RESULT: {}
COMMAND: GET /session/296c3ef822005440bb291597a564fd04/screenshot - {}
RESULT: {}
COMMAND: POST /session/296c3ef822005440bb291597a564fd04/element - {"using":"xpath","value":"(//span[contains(text(), \"Material\")])"}
RESULT: {"using":"xpath","value":"(//span[contains(text(), \"Material\")])"}
COMMAND: POST /session/296c3ef822005440bb291597a564fd04/element/f.A5EAE1E31C780A7B6C1CBBD175F5DD1B.d.93355DAD25CF8164D6A5BC7D17444FE7.e.7231/click - {}
RESULT: {}
COMMAND: GET /session/296c3ef822005440bb291597a564fd04/screenshot - {}
RESULT: {}
COMMAND: POST /session/296c3ef822005440bb291597a564fd04/element - {"using":"xpath","value":"//td[7]/div/div/input"}
RESULT: {"using":"xpath","value":"//td[7]/div/div/input"}
COMMAND: POST /session/296c3ef822005440bb291597a564fd04/element/f.A5EAE1E31C780A7B6C1CBBD175F5DD1B.d.93355DAD25CF8164D6A5BC7D17444FE7.e.7235/clear - {}
RESULT: {}
COMMAND: POST /session/296c3ef822005440bb291597a564fd04/element/f.A5EAE1E31C780A7B6C1CBBD175F5DD1B.d.93355DAD25CF8164D6A5BC7D17444FE7.e.7235/value - {"text":"200310"}
COMMAND: GET /session/296c3ef822005440bb291597a564fd04/screenshot - {}
RESULT: {"text":"200310"}
COMMAND: GET /session/296c3ef822005440bb291597a564fd04/screenshot - {}
RESULT: {}
RESULT: {}
COMMAND: POST /session/296c3ef822005440bb291597a564fd04/actions - {"actions":[{"id":"action28","type":"key","parameters":{},"actions":[{"type":"keyDown","value":"î€‡"},{"type":"pause","duration":10},{"type":"keyUp","value":"î€‡"}]}]}
RESULT: {"actions":[{"id":"action28","type":"key","parameters":{},"actions":[{"type":"keyDown","value":"î€‡"},{"type":"pause","duration":10},{"type":"keyUp","value":"î€‡"}]}]}
COMMAND: GET /session/296c3ef822005440bb291597a564fd04/screenshot - {}
RESULT: {}
COMMAND: POST /session/296c3ef822005440bb291597a564fd04/execute/sync - {"script":"<script> [276 bytes]","args":["No pricing information was found"]}
RESULT: {"script":"<script> [276 bytes]","args":["No pricing information was found"]}
COMMAND: POST /session/296c3ef822005440bb291597a564fd04/element - {"using":"xpath","value":"(//button[@data-kt=\"saveButton\"])[2]"}
COMMAND: GET /session/296c3ef822005440bb291597a564fd04/screenshot - {}
RESULT: {"using":"xpath","value":"(//button[@data-kt=\"saveButton\"])[2]"}
COMMAND: POST /session/296c3ef822005440bb291597a564fd04/element/f.A5EAE1E31C780A7B6C1CBBD175F5DD1B.d.93355DAD25CF8164D6A5BC7D17444FE7.e.7258/click - {}
RESULT: {}
RESULT: {}
COMMAND: GET /session/296c3ef822005440bb291597a564fd04/screenshot - {}
RESULT: {}
COMMAND: POST /session/296c3ef822005440bb291597a564fd04/execute/sync - {"script":"<script> [276 bytes]","args":["Some contract items are having rental validity exceeding header rental validity"]}
RESULT: {"script":"<script> [276 bytes]","args":["Some contract items are having rental validity exceeding header rental validity"]}
COMMAND: GET /session/296c3ef822005440bb291597a564fd04/screenshot - {}
RESULT: {}
COMMAND: POST /session/296c3ef822005440bb291597a564fd04/element - {"using":"xpath","value":"//span[contains(@id ,\"contractItemsSmartTable-header-inner\")]"}
RESULT: {"using":"xpath","value":"//span[contains(@id ,\"contractItemsSmartTable-header-inner\")]"}
COMMAND: POST /session/296c3ef822005440bb291597a564fd04/elements - {"using":"xpath","value":"//span[contains(@id ,\"contractItemsSmartTable-header-inner\")]"}
RESULT: {"using":"xpath","value":"//span[contains(@id ,\"contractItemsSmartTable-header-inner\")]"}
COMMAND: POST /session/296c3ef822005440bb291597a564fd04/execute/sync - {"script":"<script> [56 bytes]","args":[{"element-6066-11e4-a52e-4f735466cecf":"f.A5EAE1E31C780A7B6C1CBBD175F5DD1B.d.93355DAD25CF8164D6A5BC7D17444FE7.e.7264","ELEMENT":"f.A5EAE1E31C780A7B6C1CBBD175F5DD1B.d.93355DAD25CF8164D6A5BC7D17444FE7.e.7264"}]}
RESULT: {"script":"<script> [56 bytes]","args":[{"element-6066-11e4-a52e-4f735466cecf":"f.A5EAE1E31C780A7B6C1CBBD175F5DD1B.d.93355DAD25CF8164D6A5BC7D17444FE7.e.7264","ELEMENT":"f.A5EAE1E31C780A7B6C1CBBD175F5DD1B.d.93355DAD25CF8164D6A5BC7D17444FE7.e.7264"}]}
]]></system-out>
    </testcase>
    <testcase classname="chrome.135_0_7049_96.windows.US134625_Set_up_price_condition_-_one_time" name="Should verify the bill item creation and pricing condition" time="10.299">
      <system-out><![CDATA[
COMMAND: POST /session/296c3ef822005440bb291597a564fd04/execute/async - {"script":"<script> [1562 bytes]","args":[{"selector":{"controlType":"sap.ui.core.Icon","viewName":"etm.portal.ui.managecontracts.view.Detail","properties":{"src":{"regex":{"source":"slim\\-arrow\\-right"}}}},"wdio_ui5_key":"etmportal.ui.managecontracts.view.Detailsap.ui.core.Icon{\"src\":{\"regex\":{\"source\":\"slim\\\\-arrow\\\\-right\"}}}"}]}
COMMAND: GET /session/296c3ef822005440bb291597a564fd04/screenshot - {}
RESULT: {"script":"<script> [1562 bytes]","args":[{"selector":{"controlType":"sap.ui.core.Icon","viewName":"etm.portal.ui.managecontracts.view.Detail","properties":{"src":{"regex":{"source":"slim\\-arrow\\-right"}}}},"wdio_ui5_key":"etmportal.ui.managecontracts.view.Detailsap.ui.core.Icon{\"src\":{\"regex\":{\"source\":\"slim\\\\-arrow\\\\-right\"}}}"}]}
RESULT: undefined
COMMAND: POST /session/296c3ef822005440bb291597a564fd04/element - {"using":"xpath","value":"//*[@id=\"__item2639-__clone6531-imgNav\"]"}
RESULT: {}
RESULT: {"using":"xpath","value":"//*[@id=\"__item2639-__clone6531-imgNav\"]"}
COMMAND: POST /session/296c3ef822005440bb291597a564fd04/element/f.A5EAE1E31C780A7B6C1CBBD175F5DD1B.d.93355DAD25CF8164D6A5BC7D17444FE7.e.7265/click - {}
RESULT: {}
COMMAND: GET /session/296c3ef822005440bb291597a564fd04/screenshot - {}
RESULT: {}
COMMAND: POST /session/296c3ef822005440bb291597a564fd04/execute/async - {"script":"<script> [1562 bytes]","args":[{"selector":{"controlType":"sap.m.Text","viewName":"etm.portal.ui.managecontracts.view.BillingItem","viewId":"application-managecontracts-display-component---BillingItem","bindingPath":{"propertyPath":"LINK_TO_C_BILL_TYPES/DESCRIPTION"}},"wdio_ui5_key":"etmportal.ui.managecontracts.view.BillingItemsap.m.Text{\"propertyPath\":\"LINK_TO_C_BILL_TYPES/DESCRIPTION\"}"}]}
RESULT: {"script":"<script> [1562 bytes]","args":[{"selector":{"controlType":"sap.m.Text","viewName":"etm.portal.ui.managecontracts.view.BillingItem","viewId":"application-managecontracts-display-component---BillingItem","bindingPath":{"propertyPath":"LINK_TO_C_BILL_TYPES/DESCRIPTION"}},"wdio_ui5_key":"etmportal.ui.managecontracts.view.BillingItemsap.m.Text{\"propertyPath\":\"LINK_TO_C_BILL_TYPES/DESCRIPTION\"}"}]}
RESULT: undefined
COMMAND: POST /session/296c3ef822005440bb291597a564fd04/execute/async - {"script":"<script> [6424 bytes]","args":[{"element-6066-11e4-a52e-4f735466cecf":"f.A5EAE1E31C780A7B6C1CBBD175F5DD1B.d.93355DAD25CF8164D6A5BC7D17444FE7.e.7312"},"getText",[]]}
RESULT: {"script":"<script> [6424 bytes]","args":[{"element-6066-11e4-a52e-4f735466cecf":"f.A5EAE1E31C780A7B6C1CBBD175F5DD1B.d.93355DAD25CF8164D6A5BC7D17444FE7.e.7312"},"getText",[]]}
COMMAND: POST /session/296c3ef822005440bb291597a564fd04/execute/async - {"script":"<script> [1562 bytes]","args":[{"selector":{"controlType":"sap.m.ObjectNumber","viewName":"etm.portal.ui.managecontracts.view.BillingItem","viewId":"application-managecontracts-display-component---BillingItem","bindingPath":{"propertyPath":"BASE_PRICE"}},"wdio_ui5_key":"etmportal.ui.managecontracts.view.BillingItemsap.m.ObjectNumber{\"propertyPath\":\"BASE_PRICE\"}"}]}
RESULT: {"script":"<script> [1562 bytes]","args":[{"selector":{"controlType":"sap.m.ObjectNumber","viewName":"etm.portal.ui.managecontracts.view.BillingItem","viewId":"application-managecontracts-display-component---BillingItem","bindingPath":{"propertyPath":"BASE_PRICE"}},"wdio_ui5_key":"etmportal.ui.managecontracts.view.BillingItemsap.m.ObjectNumber{\"propertyPath\":\"BASE_PRICE\"}"}]}
RESULT: undefined
COMMAND: POST /session/296c3ef822005440bb291597a564fd04/execute/async - {"script":"<script> [6424 bytes]","args":[{"element-6066-11e4-a52e-4f735466cecf":"f.A5EAE1E31C780A7B6C1CBBD175F5DD1B.d.93355DAD25CF8164D6A5BC7D17444FE7.e.7313"},"getNumber",[]]}
RESULT: {"script":"<script> [6424 bytes]","args":[{"element-6066-11e4-a52e-4f735466cecf":"f.A5EAE1E31C780A7B6C1CBBD175F5DD1B.d.93355DAD25CF8164D6A5BC7D17444FE7.e.7313"},"getNumber",[]]}
COMMAND: POST /session/296c3ef822005440bb291597a564fd04/execute/async - {"script":"<script> [1562 bytes]","args":[{"selector":{"controlType":"sap.m.ObjectNumber","viewName":"etm.portal.ui.managecontracts.view.BillingItem","viewId":"application-managecontracts-display-component---BillingItem","bindingPath":{"propertyPath":"BASE_QUANTITY"}},"wdio_ui5_key":"etmportal.ui.managecontracts.view.BillingItemsap.m.ObjectNumber{\"propertyPath\":\"BASE_QUANTITY\"}"}]}
RESULT: {"script":"<script> [1562 bytes]","args":[{"selector":{"controlType":"sap.m.ObjectNumber","viewName":"etm.portal.ui.managecontracts.view.BillingItem","viewId":"application-managecontracts-display-component---BillingItem","bindingPath":{"propertyPath":"BASE_QUANTITY"}},"wdio_ui5_key":"etmportal.ui.managecontracts.view.BillingItemsap.m.ObjectNumber{\"propertyPath\":\"BASE_QUANTITY\"}"}]}
RESULT: undefined
COMMAND: POST /session/296c3ef822005440bb291597a564fd04/execute/async - {"script":"<script> [6424 bytes]","args":[{"element-6066-11e4-a52e-4f735466cecf":"f.A5EAE1E31C780A7B6C1CBBD175F5DD1B.d.93355DAD25CF8164D6A5BC7D17444FE7.e.7314"},"getNumber",[]]}
RESULT: {"script":"<script> [6424 bytes]","args":[{"element-6066-11e4-a52e-4f735466cecf":"f.A5EAE1E31C780A7B6C1CBBD175F5DD1B.d.93355DAD25CF8164D6A5BC7D17444FE7.e.7314"},"getNumber",[]]}
COMMAND: DELETE /session/296c3ef822005440bb291597a564fd04 - {}
RESULT: {}
]]></system-out>
    </testcase>
  </testsuite>
</testsuites>