<?xml version="1.0" encoding="UTF-8"?>
<testsuites tests="4" failures="3" errors="3" skipped="0">
  <testsuite timestamp="2025-05-09T15:49:39" time="127.466" tests="1" failures="1" errors="1" skipped="0">
    <properties>
      <property name="specId" value="0" />
      <property name="suiteName" value="Create a new catalogs section" />
      <property name="capabilities" value="chrome.136_0_7103_49.windows" />
      <property name="file" value="file:///D:/a/1/s/test/specs/R2C/create-new-webshop-catalog-section.spec.js" />
    </properties>
  </testsuite>
  <testsuite timestamp="2025-05-09T15:51:47" time="4.932" tests="1" failures="1" errors="1" skipped="0">
    <properties>
      <property name="specId" value="0" />
      <property name="suiteName" value="Manage catalogs - yard assignment classification US138930" />
      <property name="capabilities" value="chrome.136_0_7103_49.windows" />
      <property name="file" value="file:///D:/a/1/s/test/specs/R2C/manage-catalogs-yard-assignment-classification.spec.js" />
    </properties>
  </testsuite>
  <testsuite timestamp="2025-05-09T15:51:52" time="10.188" tests="1" failures="0" errors="0" skipped="0">
    <properties>
      <property name="specId" value="0" />
      <property name="suiteName" value="Catalogs section" />
      <property name="capabilities" value="chrome.136_0_7103_49.windows" />
      <property name="file" value="file:///D:/a/1/s/test/specs/R2C/manage-catalogs-values-section.spec.js" />
    </properties>
    <testcase classname="chrome.136_0_7103_49.windows.Catalogs_section" name="Should add values to a catalog item" time="10.187">
      <system-out><![CDATA[
COMMAND: POST /session/2101d6d4656bd9f408f76ae449fa4784/element - {"using":"xpath","value":"//li[contains(@data-kt ,\"exitNavigationListItem\")]"}
RESULT: {"using":"xpath","value":"//li[contains(@data-kt ,\"exitNavigationListItem\")]"}
COMMAND: POST /session/2101d6d4656bd9f408f76ae449fa4784/element - {"using":"xpath","value":"//li[contains(@data-kt ,\"exitNavigationListItem\")]"}
RESULT: {"using":"xpath","value":"//li[contains(@data-kt ,\"exitNavigationListItem\")]"}
COMMAND: POST /session/2101d6d4656bd9f408f76ae449fa4784/element - {"using":"xpath","value":"//span[contains(@id ,\"requestCreationDialog--createRequestPopUp-title-inner\")]"}
RESULT: {"using":"xpath","value":"//span[contains(@id ,\"requestCreationDialog--createRequestPopUp-title-inner\")]"}
COMMAND: POST /session/2101d6d4656bd9f408f76ae449fa4784/elements - {"using":"xpath","value":"//span[contains(@id ,\"requestCreationDialog--createRequestPopUp-title-inner\")]"}
RESULT: {"using":"xpath","value":"//span[contains(@id ,\"requestCreationDialog--createRequestPopUp-title-inner\")]"}
COMMAND: POST /session/2101d6d4656bd9f408f76ae449fa4784/element - {"using":"css selector","value":"#shell-header-logo"}
RESULT: {"using":"css selector","value":"#shell-header-logo"}
COMMAND: POST /session/2101d6d4656bd9f408f76ae449fa4784/element/f.E7149857A9FC1361BE6E57A3EEAAFF3E.d.94CBF27E39C4997A51038AD2A0FECA4B.e.115/click - {}
COMMAND: DELETE /session/2101d6d4656bd9f408f76ae449fa4784 - {}
RESULT: {}
]]></system-out>
    </testcase>
  </testsuite>
  <testsuite timestamp="2025-05-09T15:52:02" time="4.556" tests="1" failures="1" errors="1" skipped="0">
    <properties>
      <property name="specId" value="0" />
      <property name="suiteName" value="Verify RU inventory split cost information US139363" />
      <property name="capabilities" value="chrome.136_0_7103_49.windows" />
      <property name="file" value="file:///D:/a/1/s/test/specs/R2C/verify-ru-inventory-split-cost-information.spec.js" />
    </properties>
  </testsuite>
</testsuites>