<?xml version="1.0" encoding="UTF-8"?>
<testsuites tests="58" failures="16" errors="16" skipped="0">
  <testsuite timestamp="2025-05-05T17:08:09" time="974.887" tests="11" failures="0" errors="0" skipped="0">
    <properties>
      <property name="specId" value="0" />
      <property name="suiteName" value="Billing confirm US117289" />
      <property name="capabilities" value="chrome.135_0_7049_96.windows" />
      <property name="file" value="file:///D:/a/1/s/test/specs/BTS/billing-confirm.spec.js" />
    </properties>
    <testcase classname="chrome.135_0_7049_96.windows.Billing_confirm_US117289" name="Should create a new yard" time="115.585">
      <system-out><![CDATA[
COMMAND: POST /session/343af6daf6fbc7ee30938bcb5a9c3885/window/fullscreen - {}
RESULT: {}
COMMAND: POST /session/343af6daf6fbc7ee30938bcb5a9c3885/execute/async - {"script":"<script> [1562 bytes]","args":[{"selector":{"controlType":"sap.m.GenericTile","properties":{"header":"Manage Yards"}},"wdio_ui5_key":"sapm.GenericTile{\"header\":\"Manage Yards\"}"}]}
RESULT: {"script":"<script> [1562 bytes]","args":[{"selector":{"controlType":"sap.m.GenericTile","properties":{"header":"Manage Yards"}},"wdio_ui5_key":"sapm.GenericTile{\"header\":\"Manage Yards\"}"}]}
RESULT: undefined
COMMAND: POST /session/343af6daf6fbc7ee30938bcb5a9c3885/element - {"using":"xpath","value":"//*[@id=\"__tile41\"]"}
RESULT: {"using":"xpath","value":"//*[@id=\"__tile41\"]"}
COMMAND: POST /session/343af6daf6fbc7ee30938bcb5a9c3885/element/f.8C4C75981FBDA5C274A9290576C3313B.d.2FC97A521A2858C49DB95BB83C95471A.e.155/click - {}
RESULT: {}
COMMAND: POST /session/343af6daf6fbc7ee30938bcb5a9c3885/element - {"using":"xpath","value":"//button[@data-kt=\"addNewYardOverflowToolbarButton\"]"}
COMMAND: GET /session/343af6daf6fbc7ee30938bcb5a9c3885/screenshot - {}
RESULT: {"using":"xpath","value":"//button[@data-kt=\"addNewYardOverflowToolbarButton\"]"}
COMMAND: POST /session/343af6daf6fbc7ee30938bcb5a9c3885/elements - {"using":"xpath","value":"//button[@data-kt=\"addNewYardOverflowToolbarButton\"]"}
RESULT: {}
RESULT: {"using":"xpath","value":"//button[@data-kt=\"addNewYardOverflowToolbarButton\"]"}
COMMAND: POST /session/343af6daf6fbc7ee30938bcb5a9c3885/elements - {"using":"xpath","value":"//button[@data-kt=\"addNewYardOverflowToolbarButton\"]"}
RESULT: {"using":"xpath","value":"//button[@data-kt=\"addNewYardOverflowToolbarButton\"]"}
COMMAND: POST /session/343af6daf6fbc7ee30938bcb5a9c3885/elements - {"using":"xpath","value":"//button[@data-kt=\"addNewYardOverflowToolbarButton\"]"}
RESULT: {"using":"xpath","value":"//button[@data-kt=\"addNewYardOverflowToolbarButton\"]"}
COMMAND: POST /session/343af6daf6fbc7ee30938bcb5a9c3885/elements - {"using":"xpath","value":"//button[@data-kt=\"addNewYardOverflowToolbarButton\"]"}
RESULT: {"using":"xpath","value":"//button[@data-kt=\"addNewYardOverflowToolbarButton\"]"}
COMMAND: POST /session/343af6daf6fbc7ee30938bcb5a9c3885/elements - {"using":"xpath","value":"//button[@data-kt=\"addNewYardOverflowToolbarButton\"]"}
RESULT: {"using":"xpath","value":"//button[@data-kt=\"addNewYardOverflowToolbarButton\"]"}
COMMAND: POST /session/343af6daf6fbc7ee30938bcb5a9c3885/elements - {"using":"xpath","value":"//button[@data-kt=\"addNewYardOverflowToolbarButton\"]"}
RESULT: {"using":"xpath","value":"//button[@data-kt=\"addNewYardOverflowToolbarButton\"]"}
COMMAND: POST /session/343af6daf6fbc7ee30938bcb5a9c3885/elements - {"using":"xpath","value":"//button[@data-kt=\"addNewYardOverflowToolbarButton\"]"}
RESULT: {"using":"xpath","value":"//button[@data-kt=\"addNewYardOverflowToolbarButton\"]"}
COMMAND: POST /session/343af6daf6fbc7ee30938bcb5a9c3885/elements - {"using":"xpath","value":"//button[@data-kt=\"addNewYardOverflowToolbarButton\"]"}
RESULT: {"using":"xpath","value":"//button[@data-kt=\"addNewYardOverflowToolbarButton\"]"}
COMMAND: POST /session/343af6daf6fbc7ee30938bcb5a9c3885/elements - {"using":"xpath","value":"//button[@data-kt=\"addNewYardOverflowToolbarButton\"]"}
RESULT: {"using":"xpath","value":"//button[@data-kt=\"addNewYardOverflowToolbarButton\"]"}
COMMAND: POST /session/343af6daf6fbc7ee30938bcb5a9c3885/elements - {"using":"xpath","value":"//button[@data-kt=\"addNewYardOverflowToolbarButton\"]"}
RESULT: {"using":"xpath","value":"//button[@data-kt=\"addNewYardOverflowToolbarButton\"]"}
COMMAND: POST /session/343af6daf6fbc7ee30938bcb5a9c3885/elements - {"using":"xpath","value":"//button[@data-kt=\"addNewYardOverflowToolbarButton\"]"}
RESULT: {"using":"xpath","value":"//button[@data-kt=\"addNewYardOverflowToolbarButton\"]"}
COMMAND: POST /session/343af6daf6fbc7ee30938bcb5a9c3885/elements - {"using":"xpath","value":"//button[@data-kt=\"addNewYardOverflowToolbarButton\"]"}
RESULT: {"using":"xpath","value":"//button[@data-kt=\"addNewYardOverflowToolbarButton\"]"}
COMMAND: POST /session/343af6daf6fbc7ee30938bcb5a9c3885/elements - {"using":"xpath","value":"//button[@data-kt=\"addNewYardOverflowToolbarButton\"]"}
RESULT: {"using":"xpath","value":"//button[@data-kt=\"addNewYardOverflowToolbarButton\"]"}
COMMAND: POST /session/343af6daf6fbc7ee30938bcb5a9c3885/elements - {"using":"xpath","value":"//button[@data-kt=\"addNewYardOverflowToolbarButton\"]"}
RESULT: {"using":"xpath","value":"//button[@data-kt=\"addNewYardOverflowToolbarButton\"]"}
COMMAND: POST /session/343af6daf6fbc7ee30938bcb5a9c3885/elements - {"using":"xpath","value":"//button[@data-kt=\"addNewYardOverflowToolbarButton\"]"}
RESULT: {"using":"xpath","value":"//button[@data-kt=\"addNewYardOverflowToolbarButton\"]"}
COMMAND: POST /session/343af6daf6fbc7ee30938bcb5a9c3885/elements - {"using":"xpath","value":"//button[@data-kt=\"addNewYardOverflowToolbarButton\"]"}
RESULT: {"using":"xpath","value":"//button[@data-kt=\"addNewYardOverflowToolbarButton\"]"}
COMMAND: POST /session/343af6daf6fbc7ee30938bcb5a9c3885/elements - {"using":"xpath","value":"//button[@data-kt=\"addNewYardOverflowToolbarButton\"]"}
RESULT: {"using":"xpath","value":"//button[@data-kt=\"addNewYardOverflowToolbarButton\"]"}
COMMAND: POST /session/343af6daf6fbc7ee30938bcb5a9c3885/elements - {"using":"xpath","value":"//button[@data-kt=\"addNewYardOverflowToolbarButton\"]"}
RESULT: {"using":"xpath","value":"//button[@data-kt=\"addNewYardOverflowToolbarButton\"]"}
COMMAND: POST /session/343af6daf6fbc7ee30938bcb5a9c3885/elements - {"using":"xpath","value":"//button[@data-kt=\"addNewYardOverflowToolbarButton\"]"}
RESULT: {"using":"xpath","value":"//button[@data-kt=\"addNewYardOverflowToolbarButton\"]"}
COMMAND: POST /session/343af6daf6fbc7ee30938bcb5a9c3885/elements - {"using":"xpath","value":"//button[@data-kt=\"addNewYardOverflowToolbarButton\"]"}
RESULT: {"using":"xpath","value":"//button[@data-kt=\"addNewYardOverflowToolbarButton\"]"}
COMMAND: POST /session/343af6daf6fbc7ee30938bcb5a9c3885/elements - {"using":"xpath","value":"//button[@data-kt=\"addNewYardOverflowToolbarButton\"]"}
RESULT: {"using":"xpath","value":"//button[@data-kt=\"addNewYardOverflowToolbarButton\"]"}
COMMAND: POST /session/343af6daf6fbc7ee30938bcb5a9c3885/elements - {"using":"xpath","value":"//button[@data-kt=\"addNewYardOverflowToolbarButton\"]"}
RESULT: {"using":"xpath","value":"//button[@data-kt=\"addNewYardOverflowToolbarButton\"]"}
COMMAND: POST /session/343af6daf6fbc7ee30938bcb5a9c3885/elements - {"using":"xpath","value":"//button[@data-kt=\"addNewYardOverflowToolbarButton\"]"}
RESULT: {"using":"xpath","value":"//button[@data-kt=\"addNewYardOverflowToolbarButton\"]"}
COMMAND: POST /session/343af6daf6fbc7ee30938bcb5a9c3885/elements - {"using":"xpath","value":"//button[@data-kt=\"addNewYardOverflowToolbarButton\"]"}
RESULT: {"using":"xpath","value":"//button[@data-kt=\"addNewYardOverflowToolbarButton\"]"}
COMMAND: POST /session/343af6daf6fbc7ee30938bcb5a9c3885/elements - {"using":"xpath","value":"//button[@data-kt=\"addNewYardOverflowToolbarButton\"]"}
RESULT: {"using":"xpath","value":"//button[@data-kt=\"addNewYardOverflowToolbarButton\"]"}
COMMAND: POST /session/343af6daf6fbc7ee30938bcb5a9c3885/elements - {"using":"xpath","value":"//button[@data-kt=\"addNewYardOverflowToolbarButton\"]"}
RESULT: {"using":"xpath","value":"//button[@data-kt=\"addNewYardOverflowToolbarButton\"]"}
COMMAND: POST /session/343af6daf6fbc7ee30938bcb5a9c3885/element - {"using":"xpath","value":"//button[@data-kt=\"addNewYardOverflowToolbarButton\"]"}
RESULT: {"using":"xpath","value":"//button[@data-kt=\"addNewYardOverflowToolbarButton\"]"}
COMMAND: POST /session/343af6daf6fbc7ee30938bcb5a9c3885/execute/sync - {"script":"<script> [8489 bytes]","args":[{"element-6066-11e4-a52e-4f735466cecf":"f.8C4C75981FBDA5C274A9290576C3313B.d.2FC97A521A2858C49DB95BB83C95471A.e.305","ELEMENT":"f.8C4C75981FBDA5C274A9290576C3313B.d.2FC97A521A2858C49DB95BB83C95471A.e.305"}]}
RESULT: {"script":"<script> [8489 bytes]","args":[{"element-6066-11e4-a52e-4f735466cecf":"f.8C4C75981FBDA5C274A9290576C3313B.d.2FC97A521A2858C49DB95BB83C95471A.e.305","ELEMENT":"f.8C4C75981FBDA5C274A9290576C3313B.d.2FC97A521A2858C49DB95BB83C95471A.e.305"}]}
COMMAND: GET /session/343af6daf6fbc7ee30938bcb5a9c3885/element/f.8C4C75981FBDA5C274A9290576C3313B.d.2FC97A521A2858C49DB95BB83C95471A.e.305/enabled - {}
COMMAND: GET /session/343af6daf6fbc7ee30938bcb5a9c3885/screenshot - {}
RESULT: {}
COMMAND: POST /session/343af6daf6fbc7ee30938bcb5a9c3885/execute/sync - {"script":"<script> [8489 bytes]","args":[{"element-6066-11e4-a52e-4f735466cecf":"f.8C4C75981FBDA5C274A9290576C3313B.d.2FC97A521A2858C49DB95BB83C95471A.e.305","ELEMENT":"f.8C4C75981FBDA5C274A9290576C3313B.d.2FC97A521A2858C49DB95BB83C95471A.e.305"}]}
COMMAND: GET /session/343af6daf6fbc7ee30938bcb5a9c3885/screenshot - {}
RESULT: {}
RESULT: {"script":"<script> [8489 bytes]","args":[{"element-6066-11e4-a52e-4f735466cecf":"f.8C4C75981FBDA5C274A9290576C3313B.d.2FC97A521A2858C49DB95BB83C95471A.e.305","ELEMENT":"f.8C4C75981FBDA5C274A9290576C3313B.d.2FC97A521A2858C49DB95BB83C95471A.e.305"}]}
COMMAND: POST /session/343af6daf6fbc7ee30938bcb5a9c3885/execute/sync - {"script":"<script> [5351 bytes]","args":[{"element-6066-11e4-a52e-4f735466cecf":"f.8C4C75981FBDA5C274A9290576C3313B.d.2FC97A521A2858C49DB95BB83C95471A.e.305","ELEMENT":"f.8C4C75981FBDA5C274A9290576C3313B.d.2FC97A521A2858C49DB95BB83C95471A.e.305"}]}
COMMAND: GET /session/343af6daf6fbc7ee30938bcb5a9c3885/screenshot - {}
RESULT: {}
RESULT: {"script":"<script> [5351 bytes]","args":[{"element-6066-11e4-a52e-4f735466cecf":"f.8C4C75981FBDA5C274A9290576C3313B.d.2FC97A521A2858C49DB95BB83C95471A.e.305","ELEMENT":"f.8C4C75981FBDA5C274A9290576C3313B.d.2FC97A521A2858C49DB95BB83C95471A.e.305"}]}
COMMAND: POST /session/343af6daf6fbc7ee30938bcb5a9c3885/element/f.8C4C75981FBDA5C274A9290576C3313B.d.2FC97A521A2858C49DB95BB83C95471A.e.305/click - {}
COMMAND: GET /session/343af6daf6fbc7ee30938bcb5a9c3885/screenshot - {}
RESULT: {}
RESULT: {}
COMMAND: GET /session/343af6daf6fbc7ee30938bcb5a9c3885/screenshot - {}
COMMAND: POST /session/343af6daf6fbc7ee30938bcb5a9c3885/element - {"using":"xpath","value":"//input[@id=\"application-manageyards-display-component---NewYard--yardId-inner\"]"}
RESULT: {}
RESULT: {}
RESULT: {"using":"xpath","value":"//input[@id=\"application-manageyards-display-component---NewYard--yardId-inner\"]"}
COMMAND: POST /session/343af6daf6fbc7ee30938bcb5a9c3885/element - {"using":"xpath","value":"//input[@id=\"application-manageyards-display-component---NewYard--yardId-inner\"]"}
RESULT: {"using":"xpath","value":"//input[@id=\"application-manageyards-display-component---NewYard--yardId-inner\"]"}
COMMAND: POST /session/343af6daf6fbc7ee30938bcb5a9c3885/execute/async - {"script":"<script> [1562 bytes]","args":[{"selector":{"id":"application-manageyards-display-component---NewYard--addressDetailDetailsName1","interaction":{"idSuffix":"inner"}},"wdio_ui5_key":"applicationmanageyards-display-component---NewYard--addressDetailDetailsName1"}]}
RESULT: {"script":"<script> [1562 bytes]","args":[{"selector":{"id":"application-manageyards-display-component---NewYard--addressDetailDetailsName1","interaction":{"idSuffix":"inner"}},"wdio_ui5_key":"applicationmanageyards-display-component---NewYard--addressDetailDetailsName1"}]}
RESULT: undefined
COMMAND: POST /session/343af6daf6fbc7ee30938bcb5a9c3885/execute/async - {"script":"<script> [776 bytes]","args":[{"enterText":"Intracompany Yard wdIO","selector":{"id":"application-manageyards-display-component---NewYard--addressDetailDetailsName1","interaction":{"idSuffix":"inner"}},"clearTextFirst":true,"interactionType":"ENTER_TEXT"}]}
RESULT: {"script":"<script> [776 bytes]","args":[{"enterText":"Intracompany Yard wdIO","selector":{"id":"application-manageyards-display-component---NewYard--addressDetailDetailsName1","interaction":{"idSuffix":"inner"}},"clearTextFirst":true,"interactionType":"ENTER_TEXT"}]}
COMMAND: POST /session/343af6daf6fbc7ee30938bcb5a9c3885/execute/async - {"script":"<script> [1562 bytes]","args":[{"selector":{"id":"application-manageyards-display-component---NewYard--addressDetailDetailsLanguage-arrow"},"wdio_ui5_key":"applicationmanageyards-display-component---NewYard--addressDetailDetailsLanguage-arrow"}]}
RESULT: {"script":"<script> [1562 bytes]","args":[{"selector":{"id":"application-manageyards-display-component---NewYard--addressDetailDetailsLanguage-arrow"},"wdio_ui5_key":"applicationmanageyards-display-component---NewYard--addressDetailDetailsLanguage-arrow"}]}
RESULT: undefined
COMMAND: POST /session/343af6daf6fbc7ee30938bcb5a9c3885/element - {"using":"xpath","value":"//*[@id=\"application-manageyards-display-component---NewYard--addressDetailDetailsLanguage-arrow\"]"}
RESULT: {"using":"xpath","value":"//*[@id=\"application-manageyards-display-component---NewYard--addressDetailDetailsLanguage-arrow\"]"}
COMMAND: POST /session/343af6daf6fbc7ee30938bcb5a9c3885/element/f.8C4C75981FBDA5C274A9290576C3313B.d.2FC97A521A2858C49DB95BB83C95471A.e.727/click - {}
RESULT: {}
COMMAND: POST /session/343af6daf6fbc7ee30938bcb5a9c3885/element - {"using":"xpath","value":"//span[contains(text(), \"English\")]"}
COMMAND: GET /session/343af6daf6fbc7ee30938bcb5a9c3885/screenshot - {}
RESULT: {"using":"xpath","value":"//span[contains(text(), \"English\")]"}
COMMAND: POST /session/343af6daf6fbc7ee30938bcb5a9c3885/element/f.8C4C75981FBDA5C274A9290576C3313B.d.2FC97A521A2858C49DB95BB83C95471A.e.728/click - {}
RESULT: {}
RESULT: {}
COMMAND: POST /session/343af6daf6fbc7ee30938bcb5a9c3885/execute/async - {"script":"<script> [1562 bytes]","args":[{"selector":{"id":"application-manageyards-display-component---NewYard--addressDetailDetailsCity1","interaction":{"idSuffix":"inner"}},"wdio_ui5_key":"applicationmanageyards-display-component---NewYard--addressDetailDetailsCity1"}]}
COMMAND: GET /session/343af6daf6fbc7ee30938bcb5a9c3885/screenshot - {}
RESULT: {"script":"<script> [1562 bytes]","args":[{"selector":{"id":"application-manageyards-display-component---NewYard--addressDetailDetailsCity1","interaction":{"idSuffix":"inner"}},"wdio_ui5_key":"applicationmanageyards-display-component---NewYard--addressDetailDetailsCity1"}]}
RESULT: undefined
COMMAND: POST /session/343af6daf6fbc7ee30938bcb5a9c3885/execute/async - {"script":"<script> [776 bytes]","args":[{"enterText":"Rosario","selector":{"id":"application-manageyards-display-component---NewYard--addressDetailDetailsCity1","interaction":{"idSuffix":"inner"}},"clearTextFirst":true,"interactionType":"ENTER_TEXT"}]}
RESULT: {}
RESULT: {"script":"<script> [776 bytes]","args":[{"enterText":"Rosario","selector":{"id":"application-manageyards-display-component---NewYard--addressDetailDetailsCity1","interaction":{"idSuffix":"inner"}},"clearTextFirst":true,"interactionType":"ENTER_TEXT"}]}
COMMAND: POST /session/343af6daf6fbc7ee30938bcb5a9c3885/execute/async - {"script":"<script> [1562 bytes]","args":[{"selector":{"id":"application-manageyards-display-component---NewYard--addressDetailDetailsCountry-arrow"},"wdio_ui5_key":"applicationmanageyards-display-component---NewYard--addressDetailDetailsCountry-arrow"}]}
RESULT: {"script":"<script> [1562 bytes]","args":[{"selector":{"id":"application-manageyards-display-component---NewYard--addressDetailDetailsCountry-arrow"},"wdio_ui5_key":"applicationmanageyards-display-component---NewYard--addressDetailDetailsCountry-arrow"}]}
RESULT: undefined
COMMAND: POST /session/343af6daf6fbc7ee30938bcb5a9c3885/element - {"using":"xpath","value":"//*[@id=\"application-manageyards-display-component---NewYard--addressDetailDetailsCountry-arrow\"]"}
RESULT: {"using":"xpath","value":"//*[@id=\"application-manageyards-display-component---NewYard--addressDetailDetailsCountry-arrow\"]"}
COMMAND: POST /session/343af6daf6fbc7ee30938bcb5a9c3885/element/f.8C4C75981FBDA5C274A9290576C3313B.d.2FC97A521A2858C49DB95BB83C95471A.e.730/click - {}
RESULT: {}
COMMAND: POST /session/343af6daf6fbc7ee30938bcb5a9c3885/element - {"using":"xpath","value":"//span[contains(text(), \"Argentina\")]"}
COMMAND: GET /session/343af6daf6fbc7ee30938bcb5a9c3885/screenshot - {}
RESULT: {"using":"xpath","value":"//span[contains(text(), \"Argentina\")]"}
COMMAND: POST /session/343af6daf6fbc7ee30938bcb5a9c3885/element/f.8C4C75981FBDA5C274A9290576C3313B.d.2FC97A521A2858C49DB95BB83C95471A.e.731/click - {}
RESULT: {}
RESULT: {}
COMMAND: POST /session/343af6daf6fbc7ee30938bcb5a9c3885/execute/async - {"script":"<script> [1562 bytes]","args":[{"selector":{"id":"application-manageyards-display-component---NewYard--addressEditDetailsCostObjectCstType-arrow"},"wdio_ui5_key":"applicationmanageyards-display-component---NewYard--addressEditDetailsCostObjectCstType-arrow"}]}
COMMAND: GET /session/343af6daf6fbc7ee30938bcb5a9c3885/screenshot - {}
RESULT: {"script":"<script> [1562 bytes]","args":[{"selector":{"id":"application-manageyards-display-component---NewYard--addressEditDetailsCostObjectCstType-arrow"},"wdio_ui5_key":"applicationmanageyards-display-component---NewYard--addressEditDetailsCostObjectCstType-arrow"}]}
RESULT: undefined
COMMAND: POST /session/343af6daf6fbc7ee30938bcb5a9c3885/element - {"using":"xpath","value":"//*[@id=\"application-manageyards-display-component---NewYard--addressEditDetailsCostObjectCstType-arrow\"]"}
RESULT: {}
RESULT: {"using":"xpath","value":"//*[@id=\"application-manageyards-display-component---NewYard--addressEditDetailsCostObjectCstType-arrow\"]"}
COMMAND: POST /session/343af6daf6fbc7ee30938bcb5a9c3885/element/f.8C4C75981FBDA5C274A9290576C3313B.d.2FC97A521A2858C49DB95BB83C95471A.e.733/click - {}
RESULT: {}
COMMAND: POST /session/343af6daf6fbc7ee30938bcb5a9c3885/element - {"using":"xpath","value":"//span[contains(text(), \"Cost Center\")]"}
COMMAND: GET /session/343af6daf6fbc7ee30938bcb5a9c3885/screenshot - {}
RESULT: {"using":"xpath","value":"//span[contains(text(), \"Cost Center\")]"}
COMMAND: POST /session/343af6daf6fbc7ee30938bcb5a9c3885/element/f.8C4C75981FBDA5C274A9290576C3313B.d.2FC97A521A2858C49DB95BB83C95471A.e.734/click - {}
RESULT: {}
RESULT: {}
COMMAND: GET /session/343af6daf6fbc7ee30938bcb5a9c3885/screenshot - {}
RESULT: {}
COMMAND: POST /session/343af6daf6fbc7ee30938bcb5a9c3885/element - {"using":"xpath","value":"//span[@id=\"application-manageyards-display-component---NewYard--addressNewCostObjectCstID-vhi\"]"}
RESULT: {"using":"xpath","value":"//span[@id=\"application-manageyards-display-component---NewYard--addressNewCostObjectCstID-vhi\"]"}
COMMAND: POST /session/343af6daf6fbc7ee30938bcb5a9c3885/execute/sync - {"script":"<script> [8489 bytes]","args":[{"element-6066-11e4-a52e-4f735466cecf":"f.8C4C75981FBDA5C274A9290576C3313B.d.2FC97A521A2858C49DB95BB83C95471A.e.738","ELEMENT":"f.8C4C75981FBDA5C274A9290576C3313B.d.2FC97A521A2858C49DB95BB83C95471A.e.738"}]}
RESULT: {"script":"<script> [8489 bytes]","args":[{"element-6066-11e4-a52e-4f735466cecf":"f.8C4C75981FBDA5C274A9290576C3313B.d.2FC97A521A2858C49DB95BB83C95471A.e.738","ELEMENT":"f.8C4C75981FBDA5C274A9290576C3313B.d.2FC97A521A2858C49DB95BB83C95471A.e.738"}]}
COMMAND: POST /session/343af6daf6fbc7ee30938bcb5a9c3885/execute/async - {"script":"<script> [1562 bytes]","args":[{"selector":{"id":"application-manageyards-display-component---NewYard--addressNewCostObjectCstID-vhi"},"wdio_ui5_key":"applicationmanageyards-display-component---NewYard--addressNewCostObjectCstID-vhi"}]}
COMMAND: GET /session/343af6daf6fbc7ee30938bcb5a9c3885/screenshot - {}
RESULT: {"script":"<script> [1562 bytes]","args":[{"selector":{"id":"application-manageyards-display-component---NewYard--addressNewCostObjectCstID-vhi"},"wdio_ui5_key":"applicationmanageyards-display-component---NewYard--addressNewCostObjectCstID-vhi"}]}
RESULT: undefined
COMMAND: POST /session/343af6daf6fbc7ee30938bcb5a9c3885/element - {"using":"xpath","value":"//*[@id=\"application-manageyards-display-component---NewYard--addressNewCostObjectCstID-vhi\"]"}
RESULT: {}
RESULT: {"using":"xpath","value":"//*[@id=\"application-manageyards-display-component---NewYard--addressNewCostObjectCstID-vhi\"]"}
COMMAND: POST /session/343af6daf6fbc7ee30938bcb5a9c3885/element/f.8C4C75981FBDA5C274A9290576C3313B.d.2FC97A521A2858C49DB95BB83C95471A.e.738/click - {}
RESULT: {}
COMMAND: GET /session/343af6daf6fbc7ee30938bcb5a9c3885/screenshot - {}
RESULT: {}
COMMAND: POST /session/343af6daf6fbc7ee30938bcb5a9c3885/execute/async - {"script":"<script> [1562 bytes]","args":[{"selector":{"controlType":"sap.m.SearchField","properties":{"placeholder":"Search"},"searchOpenDialogs":true,"interaction":{"idSuffix":"I"}},"wdio_ui5_key":"sapm.SearchField{\"placeholder\":\"Search\"}"}]}
RESULT: {"script":"<script> [1562 bytes]","args":[{"selector":{"controlType":"sap.m.SearchField","properties":{"placeholder":"Search"},"searchOpenDialogs":true,"interaction":{"idSuffix":"I"}},"wdio_ui5_key":"sapm.SearchField{\"placeholder\":\"Search\"}"}]}
RESULT: undefined
COMMAND: POST /session/343af6daf6fbc7ee30938bcb5a9c3885/execute/async - {"script":"<script> [776 bytes]","args":[{"enterText":"10001013","selector":{"controlType":"sap.m.SearchField","properties":{"placeholder":"Search"},"searchOpenDialogs":true,"interaction":{"idSuffix":"I"}},"clearTextFirst":true,"interactionType":"ENTER_TEXT"}]}
RESULT: {"script":"<script> [776 bytes]","args":[{"enterText":"10001013","selector":{"controlType":"sap.m.SearchField","properties":{"placeholder":"Search"},"searchOpenDialogs":true,"interaction":{"idSuffix":"I"}},"clearTextFirst":true,"interactionType":"ENTER_TEXT"}]}
COMMAND: POST /session/343af6daf6fbc7ee30938bcb5a9c3885/actions - {"actions":[{"id":"action1","type":"key","parameters":{},"actions":[{"type":"keyDown","value":"î€‡"},{"type":"pause","duration":10},{"type":"keyUp","value":"î€‡"}]}]}
RESULT: {"actions":[{"id":"action1","type":"key","parameters":{},"actions":[{"type":"keyDown","value":"î€‡"},{"type":"pause","duration":10},{"type":"keyUp","value":"î€‡"}]}]}
COMMAND: GET /session/343af6daf6fbc7ee30938bcb5a9c3885/screenshot - {}
RESULT: {}
COMMAND: POST /session/343af6daf6fbc7ee30938bcb5a9c3885/element - {"using":"xpath","value":"//span[contains(text(), \"General Management\")]"}
RESULT: {"using":"xpath","value":"//span[contains(text(), \"General Management\")]"}
COMMAND: POST /session/343af6daf6fbc7ee30938bcb5a9c3885/element/f.8C4C75981FBDA5C274A9290576C3313B.d.2FC97A521A2858C49DB95BB83C95471A.e.780/click - {}
RESULT: {}
COMMAND: GET /session/343af6daf6fbc7ee30938bcb5a9c3885/screenshot - {}
RESULT: {}
COMMAND: POST /session/343af6daf6fbc7ee30938bcb5a9c3885/element - {"using":"xpath","value":"//bdi[contains(text(), \"OK\")]"}
RESULT: {"using":"xpath","value":"//bdi[contains(text(), \"OK\")]"}
COMMAND: POST /session/343af6daf6fbc7ee30938bcb5a9c3885/element/f.8C4C75981FBDA5C274A9290576C3313B.d.2FC97A521A2858C49DB95BB83C95471A.e.781/click - {}
RESULT: {}
COMMAND: GET /session/343af6daf6fbc7ee30938bcb5a9c3885/screenshot - {}
RESULT: {}
COMMAND: POST /session/343af6daf6fbc7ee30938bcb5a9c3885/execute/async - {"script":"<script> [1562 bytes]","args":[{"selector":{"id":"application-manageyards-display-component---NewYard--addressEditDetailsCurrency-arrow"},"wdio_ui5_key":"applicationmanageyards-display-component---NewYard--addressEditDetailsCurrency-arrow"}]}
RESULT: {"script":"<script> [1562 bytes]","args":[{"selector":{"id":"application-manageyards-display-component---NewYard--addressEditDetailsCurrency-arrow"},"wdio_ui5_key":"applicationmanageyards-display-component---NewYard--addressEditDetailsCurrency-arrow"}]}
RESULT: undefined
COMMAND: POST /session/343af6daf6fbc7ee30938bcb5a9c3885/element - {"using":"xpath","value":"//*[@id=\"application-manageyards-display-component---NewYard--addressEditDetailsCurrency-arrow\"]"}
RESULT: {"using":"xpath","value":"//*[@id=\"application-manageyards-display-component---NewYard--addressEditDetailsCurrency-arrow\"]"}
COMMAND: POST /session/343af6daf6fbc7ee30938bcb5a9c3885/element/f.8C4C75981FBDA5C274A9290576C3313B.d.2FC97A521A2858C49DB95BB83C95471A.e.784/click - {}
RESULT: {}
COMMAND: POST /session/343af6daf6fbc7ee30938bcb5a9c3885/element - {"using":"xpath","value":"//span[contains(text(), \"Euro\")]"}
COMMAND: GET /session/343af6daf6fbc7ee30938bcb5a9c3885/screenshot - {}
RESULT: {"using":"xpath","value":"//span[contains(text(), \"Euro\")]"}
COMMAND: POST /session/343af6daf6fbc7ee30938bcb5a9c3885/element/f.8C4C75981FBDA5C274A9290576C3313B.d.2FC97A521A2858C49DB95BB83C95471A.e.785/click - {}
RESULT: {}
RESULT: {}
COMMAND: POST /session/343af6daf6fbc7ee30938bcb5a9c3885/execute/async - {"script":"<script> [1562 bytes]","args":[{"selector":{"controlType":"sap.m.Input","viewName":"etm.portal.ui.manageyards.view.New","viewId":"application-manageyards-display-component---NewYard","bindingPath":{"path":"","propertyPath":"/CONTROLLING_AREA","modelName":"NewYardModel"},"interaction":{"idSuffix":"inner"}},"wdio_ui5_key":"etmportal.ui.manageyards.view.Newsap.m.Input{\"path\":\"\",\"propertyPath\":\"/CONTROLLING_AREA\",\"modelName\":\"NewYardModel\"}"}]}
COMMAND: GET /session/343af6daf6fbc7ee30938bcb5a9c3885/screenshot - {}
RESULT: {"script":"<script> [1562 bytes]","args":[{"selector":{"controlType":"sap.m.Input","viewName":"etm.portal.ui.manageyards.view.New","viewId":"application-manageyards-display-component---NewYard","bindingPath":{"path":"","propertyPath":"/CONTROLLING_AREA","modelName":"NewYardModel"},"interaction":{"idSuffix":"inner"}},"wdio_ui5_key":"etmportal.ui.manageyards.view.Newsap.m.Input{\"path\":\"\",\"propertyPath\":\"/CONTROLLING_AREA\",\"modelName\":\"NewYardModel\"}"}]}
RESULT: undefined
COMMAND: POST /session/343af6daf6fbc7ee30938bcb5a9c3885/execute/async - {"script":"<script> [776 bytes]","args":[{"enterText":"Z001","selector":{"controlType":"sap.m.Input","viewName":"etm.portal.ui.manageyards.view.New","viewId":"application-manageyards-display-component---NewYard","bindingPath":{"path":"","propertyPath":"/CONTROLLING_AREA","modelName":"NewYardModel"},"interaction":{"idSuffix":"inner"}},"clearTextFirst":true,"interactionType":"ENTER_TEXT"}]}
RESULT: {}
RESULT: {"script":"<script> [776 bytes]","args":[{"enterText":"Z001","selector":{"controlType":"sap.m.Input","viewName":"etm.portal.ui.manageyards.view.New","viewId":"application-manageyards-display-component---NewYard","bindingPath":{"path":"","propertyPath":"/CONTROLLING_AREA","modelName":"NewYardModel"},"interaction":{"idSuffix":"inner"}},"clearTextFirst":true,"interactionType":"ENTER_TEXT"}]}
COMMAND: POST /session/343af6daf6fbc7ee30938bcb5a9c3885/execute/async - {"script":"<script> [1562 bytes]","args":[{"selector":{"id":"application-manageyards-display-component---NewYard--companyCodeComboBox","interaction":{"idSuffix":"inner"}},"wdio_ui5_key":"applicationmanageyards-display-component---NewYard--companyCodeComboBox"}]}
RESULT: {"script":"<script> [1562 bytes]","args":[{"selector":{"id":"application-manageyards-display-component---NewYard--companyCodeComboBox","interaction":{"idSuffix":"inner"}},"wdio_ui5_key":"applicationmanageyards-display-component---NewYard--companyCodeComboBox"}]}
RESULT: undefined
COMMAND: POST /session/343af6daf6fbc7ee30938bcb5a9c3885/execute/async - {"script":"<script> [776 bytes]","args":[{"enterText":"1000","selector":{"id":"application-manageyards-display-component---NewYard--companyCodeComboBox","interaction":{"idSuffix":"inner"}},"clearTextFirst":true,"interactionType":"ENTER_TEXT"}]}
RESULT: {"script":"<script> [776 bytes]","args":[{"enterText":"1000","selector":{"id":"application-manageyards-display-component---NewYard--companyCodeComboBox","interaction":{"idSuffix":"inner"}},"clearTextFirst":true,"interactionType":"ENTER_TEXT"}]}
COMMAND: POST /session/343af6daf6fbc7ee30938bcb5a9c3885/execute/async - {"script":"<script> [1562 bytes]","args":[{"selector":{"controlType":"sap.m.Input","viewName":"etm.portal.ui.manageyards.view.New","viewId":"application-manageyards-display-component---NewYard","bindingPath":{"path":"","propertyPath":"/PLANT","modelName":"NewYardModel"},"interaction":{"idSuffix":"inner"}},"wdio_ui5_key":"etmportal.ui.manageyards.view.Newsap.m.Input{\"path\":\"\",\"propertyPath\":\"/PLANT\",\"modelName\":\"NewYardModel\"}"}]}
RESULT: {"script":"<script> [1562 bytes]","args":[{"selector":{"controlType":"sap.m.Input","viewName":"etm.portal.ui.manageyards.view.New","viewId":"application-manageyards-display-component---NewYard","bindingPath":{"path":"","propertyPath":"/PLANT","modelName":"NewYardModel"},"interaction":{"idSuffix":"inner"}},"wdio_ui5_key":"etmportal.ui.manageyards.view.Newsap.m.Input{\"path\":\"\",\"propertyPath\":\"/PLANT\",\"modelName\":\"NewYardModel\"}"}]}
RESULT: undefined
COMMAND: POST /session/343af6daf6fbc7ee30938bcb5a9c3885/execute/async - {"script":"<script> [776 bytes]","args":[{"enterText":"1001","selector":{"controlType":"sap.m.Input","viewName":"etm.portal.ui.manageyards.view.New","viewId":"application-manageyards-display-component---NewYard","bindingPath":{"path":"","propertyPath":"/PLANT","modelName":"NewYardModel"},"interaction":{"idSuffix":"inner"}},"clearTextFirst":true,"interactionType":"ENTER_TEXT"}]}
RESULT: {"script":"<script> [776 bytes]","args":[{"enterText":"1001","selector":{"controlType":"sap.m.Input","viewName":"etm.portal.ui.manageyards.view.New","viewId":"application-manageyards-display-component---NewYard","bindingPath":{"path":"","propertyPath":"/PLANT","modelName":"NewYardModel"},"interaction":{"idSuffix":"inner"}},"clearTextFirst":true,"interactionType":"ENTER_TEXT"}]}
COMMAND: POST /session/343af6daf6fbc7ee30938bcb5a9c3885/execute/async - {"script":"<script> [1562 bytes]","args":[{"selector":{"controlType":"sap.m.Input","viewName":"etm.portal.ui.manageyards.view.New","viewId":"application-manageyards-display-component---NewYard","bindingPath":{"path":"","propertyPath":"/SALES_AREA_VKORG","modelName":"NewYardModel"},"interaction":{"idSuffix":"inner"}},"wdio_ui5_key":"etmportal.ui.manageyards.view.Newsap.m.Input{\"path\":\"\",\"propertyPath\":\"/SALES_AREA_VKORG\",\"modelName\":\"NewYardModel\"}"}]}
RESULT: {"script":"<script> [1562 bytes]","args":[{"selector":{"controlType":"sap.m.Input","viewName":"etm.portal.ui.manageyards.view.New","viewId":"application-manageyards-display-component---NewYard","bindingPath":{"path":"","propertyPath":"/SALES_AREA_VKORG","modelName":"NewYardModel"},"interaction":{"idSuffix":"inner"}},"wdio_ui5_key":"etmportal.ui.manageyards.view.Newsap.m.Input{\"path\":\"\",\"propertyPath\":\"/SALES_AREA_VKORG\",\"modelName\":\"NewYardModel\"}"}]}
RESULT: undefined
COMMAND: POST /session/343af6daf6fbc7ee30938bcb5a9c3885/execute/async - {"script":"<script> [776 bytes]","args":[{"enterText":"C002","selector":{"controlType":"sap.m.Input","viewName":"etm.portal.ui.manageyards.view.New","viewId":"application-manageyards-display-component---NewYard","bindingPath":{"path":"","propertyPath":"/SALES_AREA_VKORG","modelName":"NewYardModel"},"interaction":{"idSuffix":"inner"}},"clearTextFirst":true,"interactionType":"ENTER_TEXT"}]}
RESULT: {"script":"<script> [776 bytes]","args":[{"enterText":"C002","selector":{"controlType":"sap.m.Input","viewName":"etm.portal.ui.manageyards.view.New","viewId":"application-manageyards-display-component---NewYard","bindingPath":{"path":"","propertyPath":"/SALES_AREA_VKORG","modelName":"NewYardModel"},"interaction":{"idSuffix":"inner"}},"clearTextFirst":true,"interactionType":"ENTER_TEXT"}]}
COMMAND: POST /session/343af6daf6fbc7ee30938bcb5a9c3885/execute/async - {"script":"<script> [1562 bytes]","args":[{"selector":{"controlType":"sap.m.Input","viewName":"etm.portal.ui.manageyards.view.New","viewId":"application-manageyards-display-component---NewYard","bindingPath":{"path":"","propertyPath":"/SALES_AREA_VTWEG","modelName":"NewYardModel"},"interaction":{"idSuffix":"inner"}},"wdio_ui5_key":"etmportal.ui.manageyards.view.Newsap.m.Input{\"path\":\"\",\"propertyPath\":\"/SALES_AREA_VTWEG\",\"modelName\":\"NewYardModel\"}"}]}
RESULT: {"script":"<script> [1562 bytes]","args":[{"selector":{"controlType":"sap.m.Input","viewName":"etm.portal.ui.manageyards.view.New","viewId":"application-manageyards-display-component---NewYard","bindingPath":{"path":"","propertyPath":"/SALES_AREA_VTWEG","modelName":"NewYardModel"},"interaction":{"idSuffix":"inner"}},"wdio_ui5_key":"etmportal.ui.manageyards.view.Newsap.m.Input{\"path\":\"\",\"propertyPath\":\"/SALES_AREA_VTWEG\",\"modelName\":\"NewYardModel\"}"}]}
RESULT: undefined
COMMAND: POST /session/343af6daf6fbc7ee30938bcb5a9c3885/execute/async - {"script":"<script> [776 bytes]","args":[{"enterText":"C2","selector":{"controlType":"sap.m.Input","viewName":"etm.portal.ui.manageyards.view.New","viewId":"application-manageyards-display-component---NewYard","bindingPath":{"path":"","propertyPath":"/SALES_AREA_VTWEG","modelName":"NewYardModel"},"interaction":{"idSuffix":"inner"}},"clearTextFirst":true,"interactionType":"ENTER_TEXT"}]}
RESULT: {"script":"<script> [776 bytes]","args":[{"enterText":"C2","selector":{"controlType":"sap.m.Input","viewName":"etm.portal.ui.manageyards.view.New","viewId":"application-manageyards-display-component---NewYard","bindingPath":{"path":"","propertyPath":"/SALES_AREA_VTWEG","modelName":"NewYardModel"},"interaction":{"idSuffix":"inner"}},"clearTextFirst":true,"interactionType":"ENTER_TEXT"}]}
COMMAND: POST /session/343af6daf6fbc7ee30938bcb5a9c3885/execute/async - {"script":"<script> [1562 bytes]","args":[{"selector":{"controlType":"sap.m.Input","viewName":"etm.portal.ui.manageyards.view.New","viewId":"application-manageyards-display-component---NewYard","bindingPath":{"path":"","propertyPath":"/SALES_AREA_SPART","modelName":"NewYardModel"},"interaction":{"idSuffix":"inner"}},"wdio_ui5_key":"etmportal.ui.manageyards.view.Newsap.m.Input{\"path\":\"\",\"propertyPath\":\"/SALES_AREA_SPART\",\"modelName\":\"NewYardModel\"}"}]}
RESULT: {"script":"<script> [1562 bytes]","args":[{"selector":{"controlType":"sap.m.Input","viewName":"etm.portal.ui.manageyards.view.New","viewId":"application-manageyards-display-component---NewYard","bindingPath":{"path":"","propertyPath":"/SALES_AREA_SPART","modelName":"NewYardModel"},"interaction":{"idSuffix":"inner"}},"wdio_ui5_key":"etmportal.ui.manageyards.view.Newsap.m.Input{\"path\":\"\",\"propertyPath\":\"/SALES_AREA_SPART\",\"modelName\":\"NewYardModel\"}"}]}
RESULT: undefined
COMMAND: POST /session/343af6daf6fbc7ee30938bcb5a9c3885/execute/async - {"script":"<script> [776 bytes]","args":[{"enterText":"C2","selector":{"controlType":"sap.m.Input","viewName":"etm.portal.ui.manageyards.view.New","viewId":"application-manageyards-display-component---NewYard","bindingPath":{"path":"","propertyPath":"/SALES_AREA_SPART","modelName":"NewYardModel"},"interaction":{"idSuffix":"inner"}},"clearTextFirst":true,"interactionType":"ENTER_TEXT"}]}
RESULT: {"script":"<script> [776 bytes]","args":[{"enterText":"C2","selector":{"controlType":"sap.m.Input","viewName":"etm.portal.ui.manageyards.view.New","viewId":"application-manageyards-display-component---NewYard","bindingPath":{"path":"","propertyPath":"/SALES_AREA_SPART","modelName":"NewYardModel"},"interaction":{"idSuffix":"inner"}},"clearTextFirst":true,"interactionType":"ENTER_TEXT"}]}
COMMAND: POST /session/343af6daf6fbc7ee30938bcb5a9c3885/execute/async - {"script":"<script> [1562 bytes]","args":[{"selector":{"controlType":"sap.m.Input","viewName":"etm.portal.ui.manageyards.view.New","viewId":"application-manageyards-display-component---NewYard","bindingPath":{"path":"","propertyPath":"/SHIP_POINT","modelName":"NewYardModel"},"interaction":{"idSuffix":"inner"}},"wdio_ui5_key":"etmportal.ui.manageyards.view.Newsap.m.Input{\"path\":\"\",\"propertyPath\":\"/SHIP_POINT\",\"modelName\":\"NewYardModel\"}"}]}
RESULT: {"script":"<script> [1562 bytes]","args":[{"selector":{"controlType":"sap.m.Input","viewName":"etm.portal.ui.manageyards.view.New","viewId":"application-manageyards-display-component---NewYard","bindingPath":{"path":"","propertyPath":"/SHIP_POINT","modelName":"NewYardModel"},"interaction":{"idSuffix":"inner"}},"wdio_ui5_key":"etmportal.ui.manageyards.view.Newsap.m.Input{\"path\":\"\",\"propertyPath\":\"/SHIP_POINT\",\"modelName\":\"NewYardModel\"}"}]}
RESULT: undefined
COMMAND: POST /session/343af6daf6fbc7ee30938bcb5a9c3885/execute/async - {"script":"<script> [776 bytes]","args":[{"enterText":"1710","selector":{"controlType":"sap.m.Input","viewName":"etm.portal.ui.manageyards.view.New","viewId":"application-manageyards-display-component---NewYard","bindingPath":{"path":"","propertyPath":"/SHIP_POINT","modelName":"NewYardModel"},"interaction":{"idSuffix":"inner"}},"clearTextFirst":true,"interactionType":"ENTER_TEXT"}]}
RESULT: {"script":"<script> [776 bytes]","args":[{"enterText":"1710","selector":{"controlType":"sap.m.Input","viewName":"etm.portal.ui.manageyards.view.New","viewId":"application-manageyards-display-component---NewYard","bindingPath":{"path":"","propertyPath":"/SHIP_POINT","modelName":"NewYardModel"},"interaction":{"idSuffix":"inner"}},"clearTextFirst":true,"interactionType":"ENTER_TEXT"}]}
COMMAND: POST /session/343af6daf6fbc7ee30938bcb5a9c3885/execute/async - {"script":"<script> [1562 bytes]","args":[{"selector":{"controlType":"sap.m.Input","viewName":"etm.portal.ui.manageyards.view.New","viewId":"application-manageyards-display-component---NewYard","bindingPath":{"path":"","propertyPath":"/DELIVERY_TYPE","modelName":"NewYardModel"},"interaction":{"idSuffix":"inner"}},"wdio_ui5_key":"etmportal.ui.manageyards.view.Newsap.m.Input{\"path\":\"\",\"propertyPath\":\"/DELIVERY_TYPE\",\"modelName\":\"NewYardModel\"}"}]}
RESULT: {"script":"<script> [1562 bytes]","args":[{"selector":{"controlType":"sap.m.Input","viewName":"etm.portal.ui.manageyards.view.New","viewId":"application-manageyards-display-component---NewYard","bindingPath":{"path":"","propertyPath":"/DELIVERY_TYPE","modelName":"NewYardModel"},"interaction":{"idSuffix":"inner"}},"wdio_ui5_key":"etmportal.ui.manageyards.view.Newsap.m.Input{\"path\":\"\",\"propertyPath\":\"/DELIVERY_TYPE\",\"modelName\":\"NewYardModel\"}"}]}
RESULT: undefined
COMMAND: POST /session/343af6daf6fbc7ee30938bcb5a9c3885/execute/async - {"script":"<script> [776 bytes]","args":[{"enterText":"ZL01","selector":{"controlType":"sap.m.Input","viewName":"etm.portal.ui.manageyards.view.New","viewId":"application-manageyards-display-component---NewYard","bindingPath":{"path":"","propertyPath":"/DELIVERY_TYPE","modelName":"NewYardModel"},"interaction":{"idSuffix":"inner"}},"clearTextFirst":true,"interactionType":"ENTER_TEXT"}]}
RESULT: {"script":"<script> [776 bytes]","args":[{"enterText":"ZL01","selector":{"controlType":"sap.m.Input","viewName":"etm.portal.ui.manageyards.view.New","viewId":"application-manageyards-display-component---NewYard","bindingPath":{"path":"","propertyPath":"/DELIVERY_TYPE","modelName":"NewYardModel"},"interaction":{"idSuffix":"inner"}},"clearTextFirst":true,"interactionType":"ENTER_TEXT"}]}
COMMAND: POST /session/343af6daf6fbc7ee30938bcb5a9c3885/execute/async - {"script":"<script> [1562 bytes]","args":[{"selector":{"controlType":"sap.m.Input","viewName":"etm.portal.ui.manageyards.view.New","viewId":"application-manageyards-display-component---NewYard","bindingPath":{"path":"","propertyPath":"/AUART","modelName":"NewYardModel"},"interaction":{"idSuffix":"inner"}},"wdio_ui5_key":"etmportal.ui.manageyards.view.Newsap.m.Input{\"path\":\"\",\"propertyPath\":\"/AUART\",\"modelName\":\"NewYardModel\"}"}]}
RESULT: {"script":"<script> [1562 bytes]","args":[{"selector":{"controlType":"sap.m.Input","viewName":"etm.portal.ui.manageyards.view.New","viewId":"application-manageyards-display-component---NewYard","bindingPath":{"path":"","propertyPath":"/AUART","modelName":"NewYardModel"},"interaction":{"idSuffix":"inner"}},"wdio_ui5_key":"etmportal.ui.manageyards.view.Newsap.m.Input{\"path\":\"\",\"propertyPath\":\"/AUART\",\"modelName\":\"NewYardModel\"}"}]}
RESULT: undefined
COMMAND: POST /session/343af6daf6fbc7ee30938bcb5a9c3885/execute/async - {"script":"<script> [776 bytes]","args":[{"enterText":"TA","selector":{"controlType":"sap.m.Input","viewName":"etm.portal.ui.manageyards.view.New","viewId":"application-manageyards-display-component---NewYard","bindingPath":{"path":"","propertyPath":"/AUART","modelName":"NewYardModel"},"interaction":{"idSuffix":"inner"}},"clearTextFirst":true,"interactionType":"ENTER_TEXT"}]}
RESULT: {"script":"<script> [776 bytes]","args":[{"enterText":"TA","selector":{"controlType":"sap.m.Input","viewName":"etm.portal.ui.manageyards.view.New","viewId":"application-manageyards-display-component---NewYard","bindingPath":{"path":"","propertyPath":"/AUART","modelName":"NewYardModel"},"interaction":{"idSuffix":"inner"}},"clearTextFirst":true,"interactionType":"ENTER_TEXT"}]}
COMMAND: POST /session/343af6daf6fbc7ee30938bcb5a9c3885/element - {"using":"xpath","value":"//button[@data-kt=\"newYardSaveButton\"]"}
RESULT: {"using":"xpath","value":"//button[@data-kt=\"newYardSaveButton\"]"}
COMMAND: POST /session/343af6daf6fbc7ee30938bcb5a9c3885/element/f.8C4C75981FBDA5C274A9290576C3313B.d.2FC97A521A2858C49DB95BB83C95471A.e.708/click - {}
RESULT: {}
COMMAND: GET /session/343af6daf6fbc7ee30938bcb5a9c3885/screenshot - {}
RESULT: {}
COMMAND: POST /session/343af6daf6fbc7ee30938bcb5a9c3885/element - {"using":"xpath","value":"//header[contains(@id, 'ObjectPageLayout-headerTitle')]/div[1]/div[2]/div[1]/span[1]"}
RESULT: {"using":"xpath","value":"//header[contains(@id, 'ObjectPageLayout-headerTitle')]/div[1]/div[2]/div[1]/span[1]"}
COMMAND: POST /session/343af6daf6fbc7ee30938bcb5a9c3885/elements - {"using":"xpath","value":"//header[contains(@id, 'ObjectPageLayout-headerTitle')]/div[1]/div[2]/div[1]/span[1]"}
RESULT: {"using":"xpath","value":"//header[contains(@id, 'ObjectPageLayout-headerTitle')]/div[1]/div[2]/div[1]/span[1]"}
COMMAND: POST /session/343af6daf6fbc7ee30938bcb5a9c3885/execute/sync - {"script":"<script> [56 bytes]","args":[{"element-6066-11e4-a52e-4f735466cecf":"f.8C4C75981FBDA5C274A9290576C3313B.d.2FC97A521A2858C49DB95BB83C95471A.e.1007","ELEMENT":"f.8C4C75981FBDA5C274A9290576C3313B.d.2FC97A521A2858C49DB95BB83C95471A.e.1007"}]}
RESULT: {"script":"<script> [56 bytes]","args":[{"element-6066-11e4-a52e-4f735466cecf":"f.8C4C75981FBDA5C274A9290576C3313B.d.2FC97A521A2858C49DB95BB83C95471A.e.1007","ELEMENT":"f.8C4C75981FBDA5C274A9290576C3313B.d.2FC97A521A2858C49DB95BB83C95471A.e.1007"}]}
COMMAND: GET /session/343af6daf6fbc7ee30938bcb5a9c3885/screenshot - {}
COMMAND: POST /session/343af6daf6fbc7ee30938bcb5a9c3885/execute/sync - {"script":"<script> [56 bytes]","args":[{"element-6066-11e4-a52e-4f735466cecf":"f.8C4C75981FBDA5C274A9290576C3313B.d.2FC97A521A2858C49DB95BB83C95471A.e.1007","ELEMENT":"f.8C4C75981FBDA5C274A9290576C3313B.d.2FC97A521A2858C49DB95BB83C95471A.e.1007"}]}
RESULT: {}
RESULT: {"script":"<script> [56 bytes]","args":[{"element-6066-11e4-a52e-4f735466cecf":"f.8C4C75981FBDA5C274A9290576C3313B.d.2FC97A521A2858C49DB95BB83C95471A.e.1007","ELEMENT":"f.8C4C75981FBDA5C274A9290576C3313B.d.2FC97A521A2858C49DB95BB83C95471A.e.1007"}]}
COMMAND: GET /session/343af6daf6fbc7ee30938bcb5a9c3885/screenshot - {}
RESULT: {}
COMMAND: POST /session/343af6daf6fbc7ee30938bcb5a9c3885/element - {"using":"css selector","value":"#shell-header-logo"}
RESULT: {"using":"css selector","value":"#shell-header-logo"}
COMMAND: POST /session/343af6daf6fbc7ee30938bcb5a9c3885/element/f.8C4C75981FBDA5C274A9290576C3313B.d.2FC97A521A2858C49DB95BB83C95471A.e.260/click - {}
RESULT: {}
COMMAND: GET /session/343af6daf6fbc7ee30938bcb5a9c3885/screenshot - {}
RESULT: {}
COMMAND: POST /session/343af6daf6fbc7ee30938bcb5a9c3885/execute/sync - {"script":"<script> [299 bytes]","args":[["getModel","getResource"]]}
RESULT: {"script":"<script> [299 bytes]","args":[["getModel","getResource"]]}
COMMAND: GET /session/343af6daf6fbc7ee30938bcb5a9c3885/screenshot - {}
]]></system-out>
    </testcase>
    <testcase classname="chrome.135_0_7049_96.windows.Billing_confirm_US117289" name="Should create a new partner" time="120.698">
      <system-out><![CDATA[
COMMAND: POST /session/343af6daf6fbc7ee30938bcb5a9c3885/window/fullscreen - {}
RESULT: {}
RESULT: {}
COMMAND: POST /session/343af6daf6fbc7ee30938bcb5a9c3885/execute/async - {"script":"<script> [1562 bytes]","args":[{"selector":{"controlType":"sap.m.GenericTile","properties":{"header":"Manage Partners"}},"wdio_ui5_key":"sapm.GenericTile{\"header\":\"Manage Partners\"}"}]}
RESULT: {"script":"<script> [1562 bytes]","args":[{"selector":{"controlType":"sap.m.GenericTile","properties":{"header":"Manage Partners"}},"wdio_ui5_key":"sapm.GenericTile{\"header\":\"Manage Partners\"}"}]}
RESULT: undefined
COMMAND: POST /session/343af6daf6fbc7ee30938bcb5a9c3885/element - {"using":"xpath","value":"//*[@id=\"__tile38\"]"}
RESULT: {"using":"xpath","value":"//*[@id=\"__tile38\"]"}
COMMAND: POST /session/343af6daf6fbc7ee30938bcb5a9c3885/element/f.8C4C75981FBDA5C274A9290576C3313B.d.2FC97A521A2858C49DB95BB83C95471A.e.146/click - {}
RESULT: {}
COMMAND: POST /session/343af6daf6fbc7ee30938bcb5a9c3885/element - {"using":"xpath","value":"//button[@data-kt=\"addButton\"]"}
COMMAND: GET /session/343af6daf6fbc7ee30938bcb5a9c3885/screenshot - {}
RESULT: {"using":"xpath","value":"//button[@data-kt=\"addButton\"]"}
COMMAND: POST /session/343af6daf6fbc7ee30938bcb5a9c3885/elements - {"using":"xpath","value":"//button[@data-kt=\"addButton\"]"}
RESULT: {}
RESULT: {"using":"xpath","value":"//button[@data-kt=\"addButton\"]"}
COMMAND: POST /session/343af6daf6fbc7ee30938bcb5a9c3885/elements - {"using":"xpath","value":"//button[@data-kt=\"addButton\"]"}
RESULT: {"using":"xpath","value":"//button[@data-kt=\"addButton\"]"}
COMMAND: POST /session/343af6daf6fbc7ee30938bcb5a9c3885/elements - {"using":"xpath","value":"//button[@data-kt=\"addButton\"]"}
RESULT: {"using":"xpath","value":"//button[@data-kt=\"addButton\"]"}
COMMAND: POST /session/343af6daf6fbc7ee30938bcb5a9c3885/elements - {"using":"xpath","value":"//button[@data-kt=\"addButton\"]"}
RESULT: {"using":"xpath","value":"//button[@data-kt=\"addButton\"]"}
COMMAND: POST /session/343af6daf6fbc7ee30938bcb5a9c3885/elements - {"using":"xpath","value":"//button[@data-kt=\"addButton\"]"}
RESULT: {"using":"xpath","value":"//button[@data-kt=\"addButton\"]"}
COMMAND: POST /session/343af6daf6fbc7ee30938bcb5a9c3885/elements - {"using":"xpath","value":"//button[@data-kt=\"addButton\"]"}
RESULT: {"using":"xpath","value":"//button[@data-kt=\"addButton\"]"}
COMMAND: POST /session/343af6daf6fbc7ee30938bcb5a9c3885/elements - {"using":"xpath","value":"//button[@data-kt=\"addButton\"]"}
RESULT: {"using":"xpath","value":"//button[@data-kt=\"addButton\"]"}
COMMAND: POST /session/343af6daf6fbc7ee30938bcb5a9c3885/elements - {"using":"xpath","value":"//button[@data-kt=\"addButton\"]"}
RESULT: {"using":"xpath","value":"//button[@data-kt=\"addButton\"]"}
COMMAND: POST /session/343af6daf6fbc7ee30938bcb5a9c3885/elements - {"using":"xpath","value":"//button[@data-kt=\"addButton\"]"}
RESULT: {"using":"xpath","value":"//button[@data-kt=\"addButton\"]"}
COMMAND: POST /session/343af6daf6fbc7ee30938bcb5a9c3885/elements - {"using":"xpath","value":"//button[@data-kt=\"addButton\"]"}
RESULT: {"using":"xpath","value":"//button[@data-kt=\"addButton\"]"}
COMMAND: POST /session/343af6daf6fbc7ee30938bcb5a9c3885/elements - {"using":"xpath","value":"//button[@data-kt=\"addButton\"]"}
RESULT: {"using":"xpath","value":"//button[@data-kt=\"addButton\"]"}
COMMAND: POST /session/343af6daf6fbc7ee30938bcb5a9c3885/elements - {"using":"xpath","value":"//button[@data-kt=\"addButton\"]"}
RESULT: {"using":"xpath","value":"//button[@data-kt=\"addButton\"]"}
COMMAND: POST /session/343af6daf6fbc7ee30938bcb5a9c3885/elements - {"using":"xpath","value":"//button[@data-kt=\"addButton\"]"}
RESULT: {"using":"xpath","value":"//button[@data-kt=\"addButton\"]"}
COMMAND: POST /session/343af6daf6fbc7ee30938bcb5a9c3885/elements - {"using":"xpath","value":"//button[@data-kt=\"addButton\"]"}
RESULT: {"using":"xpath","value":"//button[@data-kt=\"addButton\"]"}
COMMAND: POST /session/343af6daf6fbc7ee30938bcb5a9c3885/elements - {"using":"xpath","value":"//button[@data-kt=\"addButton\"]"}
RESULT: {"using":"xpath","value":"//button[@data-kt=\"addButton\"]"}
COMMAND: POST /session/343af6daf6fbc7ee30938bcb5a9c3885/elements - {"using":"xpath","value":"//button[@data-kt=\"addButton\"]"}
RESULT: {"using":"xpath","value":"//button[@data-kt=\"addButton\"]"}
COMMAND: POST /session/343af6daf6fbc7ee30938bcb5a9c3885/elements - {"using":"xpath","value":"//button[@data-kt=\"addButton\"]"}
RESULT: {"using":"xpath","value":"//button[@data-kt=\"addButton\"]"}
COMMAND: POST /session/343af6daf6fbc7ee30938bcb5a9c3885/elements - {"using":"xpath","value":"//button[@data-kt=\"addButton\"]"}
RESULT: {"using":"xpath","value":"//button[@data-kt=\"addButton\"]"}
COMMAND: POST /session/343af6daf6fbc7ee30938bcb5a9c3885/elements - {"using":"xpath","value":"//button[@data-kt=\"addButton\"]"}
RESULT: {"using":"xpath","value":"//button[@data-kt=\"addButton\"]"}
COMMAND: POST /session/343af6daf6fbc7ee30938bcb5a9c3885/element - {"using":"xpath","value":"//button[@data-kt=\"addButton\"]"}
RESULT: {"using":"xpath","value":"//button[@data-kt=\"addButton\"]"}
COMMAND: POST /session/343af6daf6fbc7ee30938bcb5a9c3885/execute/sync - {"script":"<script> [8489 bytes]","args":[{"element-6066-11e4-a52e-4f735466cecf":"f.8C4C75981FBDA5C274A9290576C3313B.d.2FC97A521A2858C49DB95BB83C95471A.e.1058","ELEMENT":"f.8C4C75981FBDA5C274A9290576C3313B.d.2FC97A521A2858C49DB95BB83C95471A.e.1058"}]}
RESULT: {"script":"<script> [8489 bytes]","args":[{"element-6066-11e4-a52e-4f735466cecf":"f.8C4C75981FBDA5C274A9290576C3313B.d.2FC97A521A2858C49DB95BB83C95471A.e.1058","ELEMENT":"f.8C4C75981FBDA5C274A9290576C3313B.d.2FC97A521A2858C49DB95BB83C95471A.e.1058"}]}
COMMAND: GET /session/343af6daf6fbc7ee30938bcb5a9c3885/element/f.8C4C75981FBDA5C274A9290576C3313B.d.2FC97A521A2858C49DB95BB83C95471A.e.1058/enabled - {}
COMMAND: GET /session/343af6daf6fbc7ee30938bcb5a9c3885/screenshot - {}
RESULT: {}
COMMAND: POST /session/343af6daf6fbc7ee30938bcb5a9c3885/execute/sync - {"script":"<script> [8489 bytes]","args":[{"element-6066-11e4-a52e-4f735466cecf":"f.8C4C75981FBDA5C274A9290576C3313B.d.2FC97A521A2858C49DB95BB83C95471A.e.1058","ELEMENT":"f.8C4C75981FBDA5C274A9290576C3313B.d.2FC97A521A2858C49DB95BB83C95471A.e.1058"}]}
COMMAND: GET /session/343af6daf6fbc7ee30938bcb5a9c3885/screenshot - {}
RESULT: {}
RESULT: {"script":"<script> [8489 bytes]","args":[{"element-6066-11e4-a52e-4f735466cecf":"f.8C4C75981FBDA5C274A9290576C3313B.d.2FC97A521A2858C49DB95BB83C95471A.e.1058","ELEMENT":"f.8C4C75981FBDA5C274A9290576C3313B.d.2FC97A521A2858C49DB95BB83C95471A.e.1058"}]}
COMMAND: POST /session/343af6daf6fbc7ee30938bcb5a9c3885/execute/sync - {"script":"<script> [5351 bytes]","args":[{"element-6066-11e4-a52e-4f735466cecf":"f.8C4C75981FBDA5C274A9290576C3313B.d.2FC97A521A2858C49DB95BB83C95471A.e.1058","ELEMENT":"f.8C4C75981FBDA5C274A9290576C3313B.d.2FC97A521A2858C49DB95BB83C95471A.e.1058"}]}
COMMAND: GET /session/343af6daf6fbc7ee30938bcb5a9c3885/screenshot - {}
RESULT: {}
RESULT: {"script":"<script> [5351 bytes]","args":[{"element-6066-11e4-a52e-4f735466cecf":"f.8C4C75981FBDA5C274A9290576C3313B.d.2FC97A521A2858C49DB95BB83C95471A.e.1058","ELEMENT":"f.8C4C75981FBDA5C274A9290576C3313B.d.2FC97A521A2858C49DB95BB83C95471A.e.1058"}]}
COMMAND: POST /session/343af6daf6fbc7ee30938bcb5a9c3885/element/f.8C4C75981FBDA5C274A9290576C3313B.d.2FC97A521A2858C49DB95BB83C95471A.e.1058/click - {}
COMMAND: GET /session/343af6daf6fbc7ee30938bcb5a9c3885/screenshot - {}
RESULT: {}
RESULT: {}
COMMAND: GET /session/343af6daf6fbc7ee30938bcb5a9c3885/screenshot - {}
COMMAND: POST /session/343af6daf6fbc7ee30938bcb5a9c3885/execute/async - {"script":"<script> [1562 bytes]","args":[{"selector":{"id":"application-managepartners-display-component---NewPartner--addressDetailDetailsName1","interaction":{"idSuffix":"inner"}},"wdio_ui5_key":"applicationmanagepartners-display-component---NewPartner--addressDetailDetailsName1"}]}
RESULT: {}
RESULT: {}
RESULT: {"script":"<script> [1562 bytes]","args":[{"selector":{"id":"application-managepartners-display-component---NewPartner--addressDetailDetailsName1","interaction":{"idSuffix":"inner"}},"wdio_ui5_key":"applicationmanagepartners-display-component---NewPartner--addressDetailDetailsName1"}]}
RESULT: undefined
COMMAND: POST /session/343af6daf6fbc7ee30938bcb5a9c3885/execute/async - {"script":"<script> [776 bytes]","args":[{"enterText":"Intracompany Partner WDIO","selector":{"id":"application-managepartners-display-component---NewPartner--addressDetailDetailsName1","interaction":{"idSuffix":"inner"}},"clearTextFirst":true,"interactionType":"ENTER_TEXT"}]}
RESULT: {"script":"<script> [776 bytes]","args":[{"enterText":"Intracompany Partner WDIO","selector":{"id":"application-managepartners-display-component---NewPartner--addressDetailDetailsName1","interaction":{"idSuffix":"inner"}},"clearTextFirst":true,"interactionType":"ENTER_TEXT"}]}
COMMAND: POST /session/343af6daf6fbc7ee30938bcb5a9c3885/execute/async - {"script":"<script> [1562 bytes]","args":[{"selector":{"id":"application-managepartners-display-component---NewPartner--addressDetailDetailsLanguage-arrow"},"wdio_ui5_key":"applicationmanagepartners-display-component---NewPartner--addressDetailDetailsLanguage-arrow"}]}
RESULT: {"script":"<script> [1562 bytes]","args":[{"selector":{"id":"application-managepartners-display-component---NewPartner--addressDetailDetailsLanguage-arrow"},"wdio_ui5_key":"applicationmanagepartners-display-component---NewPartner--addressDetailDetailsLanguage-arrow"}]}
RESULT: undefined
COMMAND: POST /session/343af6daf6fbc7ee30938bcb5a9c3885/element - {"using":"xpath","value":"//*[@id=\"application-managepartners-display-component---NewPartner--addressDetailDetailsLanguage-arrow\"]"}
RESULT: {"using":"xpath","value":"//*[@id=\"application-managepartners-display-component---NewPartner--addressDetailDetailsLanguage-arrow\"]"}
COMMAND: POST /session/343af6daf6fbc7ee30938bcb5a9c3885/element/f.8C4C75981FBDA5C274A9290576C3313B.d.2FC97A521A2858C49DB95BB83C95471A.e.1500/click - {}
RESULT: {}
COMMAND: POST /session/343af6daf6fbc7ee30938bcb5a9c3885/element - {"using":"xpath","value":"//span[contains(text(), \"English\")]"}
COMMAND: GET /session/343af6daf6fbc7ee30938bcb5a9c3885/screenshot - {}
RESULT: {"using":"xpath","value":"//span[contains(text(), \"English\")]"}
COMMAND: POST /session/343af6daf6fbc7ee30938bcb5a9c3885/element/f.8C4C75981FBDA5C274A9290576C3313B.d.2FC97A521A2858C49DB95BB83C95471A.e.1501/click - {}
RESULT: {}
RESULT: {}
COMMAND: GET /session/343af6daf6fbc7ee30938bcb5a9c3885/screenshot - {}
RESULT: {}
COMMAND: POST /session/343af6daf6fbc7ee30938bcb5a9c3885/execute/async - {"script":"<script> [1562 bytes]","args":[{"selector":{"id":"application-managepartners-display-component---NewPartner--addressDetailDetailsCity1","interaction":{"idSuffix":"inner"}},"wdio_ui5_key":"applicationmanagepartners-display-component---NewPartner--addressDetailDetailsCity1"}]}
RESULT: {"script":"<script> [1562 bytes]","args":[{"selector":{"id":"application-managepartners-display-component---NewPartner--addressDetailDetailsCity1","interaction":{"idSuffix":"inner"}},"wdio_ui5_key":"applicationmanagepartners-display-component---NewPartner--addressDetailDetailsCity1"}]}
RESULT: undefined
COMMAND: POST /session/343af6daf6fbc7ee30938bcb5a9c3885/execute/async - {"script":"<script> [776 bytes]","args":[{"enterText":"Rosario","selector":{"id":"application-managepartners-display-component---NewPartner--addressDetailDetailsCity1","interaction":{"idSuffix":"inner"}},"clearTextFirst":true,"interactionType":"ENTER_TEXT"}]}
RESULT: {"script":"<script> [776 bytes]","args":[{"enterText":"Rosario","selector":{"id":"application-managepartners-display-component---NewPartner--addressDetailDetailsCity1","interaction":{"idSuffix":"inner"}},"clearTextFirst":true,"interactionType":"ENTER_TEXT"}]}
COMMAND: POST /session/343af6daf6fbc7ee30938bcb5a9c3885/execute/async - {"script":"<script> [1562 bytes]","args":[{"selector":{"id":"application-managepartners-display-component---NewPartner--addressDetailDetailsCountry-arrow"},"wdio_ui5_key":"applicationmanagepartners-display-component---NewPartner--addressDetailDetailsCountry-arrow"}]}
RESULT: {"script":"<script> [1562 bytes]","args":[{"selector":{"id":"application-managepartners-display-component---NewPartner--addressDetailDetailsCountry-arrow"},"wdio_ui5_key":"applicationmanagepartners-display-component---NewPartner--addressDetailDetailsCountry-arrow"}]}
RESULT: undefined
COMMAND: POST /session/343af6daf6fbc7ee30938bcb5a9c3885/element - {"using":"xpath","value":"//*[@id=\"application-managepartners-display-component---NewPartner--addressDetailDetailsCountry-arrow\"]"}
RESULT: {"using":"xpath","value":"//*[@id=\"application-managepartners-display-component---NewPartner--addressDetailDetailsCountry-arrow\"]"}
COMMAND: POST /session/343af6daf6fbc7ee30938bcb5a9c3885/element/f.8C4C75981FBDA5C274A9290576C3313B.d.2FC97A521A2858C49DB95BB83C95471A.e.1487/click - {}
RESULT: {}
COMMAND: POST /session/343af6daf6fbc7ee30938bcb5a9c3885/element - {"using":"xpath","value":"//span[contains(text(), \"Argentina\")]"}
COMMAND: GET /session/343af6daf6fbc7ee30938bcb5a9c3885/screenshot - {}
RESULT: {"using":"xpath","value":"//span[contains(text(), \"Argentina\")]"}
COMMAND: POST /session/343af6daf6fbc7ee30938bcb5a9c3885/element/f.8C4C75981FBDA5C274A9290576C3313B.d.2FC97A521A2858C49DB95BB83C95471A.e.1503/click - {}
RESULT: {}
RESULT: {}
COMMAND: GET /session/343af6daf6fbc7ee30938bcb5a9c3885/screenshot - {}
RESULT: {}
COMMAND: POST /session/343af6daf6fbc7ee30938bcb5a9c3885/element - {"using":"xpath","value":"//bdi[contains(text(), \"Commercial\")]"}
RESULT: {"using":"xpath","value":"//bdi[contains(text(), \"Commercial\")]"}
COMMAND: POST /session/343af6daf6fbc7ee30938bcb5a9c3885/element/f.8C4C75981FBDA5C274A9290576C3313B.d.2FC97A521A2858C49DB95BB83C95471A.e.1504/click - {}
RESULT: {}
COMMAND: GET /session/343af6daf6fbc7ee30938bcb5a9c3885/screenshot - {}
RESULT: {}
COMMAND: POST /session/343af6daf6fbc7ee30938bcb5a9c3885/execute/async - {"script":"<script> [1562 bytes]","args":[{"selector":{"id":"application-managepartners-display-component---NewPartner--partnerDetailInternal-arrow"},"wdio_ui5_key":"applicationmanagepartners-display-component---NewPartner--partnerDetailInternal-arrow"}]}
RESULT: {"script":"<script> [1562 bytes]","args":[{"selector":{"id":"application-managepartners-display-component---NewPartner--partnerDetailInternal-arrow"},"wdio_ui5_key":"applicationmanagepartners-display-component---NewPartner--partnerDetailInternal-arrow"}]}
RESULT: undefined
COMMAND: POST /session/343af6daf6fbc7ee30938bcb5a9c3885/element - {"using":"xpath","value":"//*[@id=\"application-managepartners-display-component---NewPartner--partnerDetailInternal-arrow\"]"}
RESULT: {"using":"xpath","value":"//*[@id=\"application-managepartners-display-component---NewPartner--partnerDetailInternal-arrow\"]"}
COMMAND: POST /session/343af6daf6fbc7ee30938bcb5a9c3885/element/f.8C4C75981FBDA5C274A9290576C3313B.d.2FC97A521A2858C49DB95BB83C95471A.e.1510/click - {}
RESULT: {}
COMMAND: POST /session/343af6daf6fbc7ee30938bcb5a9c3885/element - {"using":"xpath","value":"//span[contains(text(), \"Affiliated company\")]"}
COMMAND: GET /session/343af6daf6fbc7ee30938bcb5a9c3885/screenshot - {}
RESULT: {"using":"xpath","value":"//span[contains(text(), \"Affiliated company\")]"}
COMMAND: POST /session/343af6daf6fbc7ee30938bcb5a9c3885/element/f.8C4C75981FBDA5C274A9290576C3313B.d.2FC97A521A2858C49DB95BB83C95471A.e.1513/click - {}
RESULT: {}
RESULT: {}
COMMAND: POST /session/343af6daf6fbc7ee30938bcb5a9c3885/execute/async - {"script":"<script> [1562 bytes]","args":[{"selector":{"id":"application-managepartners-display-component---NewPartner--partnerDetailsCurrency-arrow"},"wdio_ui5_key":"applicationmanagepartners-display-component---NewPartner--partnerDetailsCurrency-arrow"}]}
COMMAND: GET /session/343af6daf6fbc7ee30938bcb5a9c3885/screenshot - {}
RESULT: {"script":"<script> [1562 bytes]","args":[{"selector":{"id":"application-managepartners-display-component---NewPartner--partnerDetailsCurrency-arrow"},"wdio_ui5_key":"applicationmanagepartners-display-component---NewPartner--partnerDetailsCurrency-arrow"}]}
RESULT: undefined
COMMAND: POST /session/343af6daf6fbc7ee30938bcb5a9c3885/element - {"using":"xpath","value":"//*[@id=\"application-managepartners-display-component---NewPartner--partnerDetailsCurrency-arrow\"]"}
RESULT: {}
RESULT: {"using":"xpath","value":"//*[@id=\"application-managepartners-display-component---NewPartner--partnerDetailsCurrency-arrow\"]"}
COMMAND: POST /session/343af6daf6fbc7ee30938bcb5a9c3885/element/f.8C4C75981FBDA5C274A9290576C3313B.d.2FC97A521A2858C49DB95BB83C95471A.e.1520/click - {}
RESULT: {}
COMMAND: POST /session/343af6daf6fbc7ee30938bcb5a9c3885/element - {"using":"xpath","value":"//span[contains(text(), \"Euro\")]"}
COMMAND: GET /session/343af6daf6fbc7ee30938bcb5a9c3885/screenshot - {}
RESULT: {"using":"xpath","value":"//span[contains(text(), \"Euro\")]"}
COMMAND: POST /session/343af6daf6fbc7ee30938bcb5a9c3885/element/f.8C4C75981FBDA5C274A9290576C3313B.d.2FC97A521A2858C49DB95BB83C95471A.e.1521/click - {}
RESULT: {}
RESULT: {}
COMMAND: POST /session/343af6daf6fbc7ee30938bcb5a9c3885/execute/async - {"script":"<script> [1562 bytes]","args":[{"selector":{"id":"application-managepartners-display-component---NewPartner--addressEditDetailsCostObjectCstType-arrow"},"wdio_ui5_key":"applicationmanagepartners-display-component---NewPartner--addressEditDetailsCostObjectCstType-arrow"}]}
COMMAND: GET /session/343af6daf6fbc7ee30938bcb5a9c3885/screenshot - {}
RESULT: {"script":"<script> [1562 bytes]","args":[{"selector":{"id":"application-managepartners-display-component---NewPartner--addressEditDetailsCostObjectCstType-arrow"},"wdio_ui5_key":"applicationmanagepartners-display-component---NewPartner--addressEditDetailsCostObjectCstType-arrow"}]}
RESULT: undefined
COMMAND: POST /session/343af6daf6fbc7ee30938bcb5a9c3885/element - {"using":"xpath","value":"//*[@id=\"application-managepartners-display-component---NewPartner--addressEditDetailsCostObjectCstType-arrow\"]"}
RESULT: {}
RESULT: {"using":"xpath","value":"//*[@id=\"application-managepartners-display-component---NewPartner--addressEditDetailsCostObjectCstType-arrow\"]"}
COMMAND: POST /session/343af6daf6fbc7ee30938bcb5a9c3885/element/f.8C4C75981FBDA5C274A9290576C3313B.d.2FC97A521A2858C49DB95BB83C95471A.e.1522/click - {}
RESULT: {}
COMMAND: POST /session/343af6daf6fbc7ee30938bcb5a9c3885/element - {"using":"xpath","value":"//span[contains(text(), \"Cost Center\")]"}
COMMAND: GET /session/343af6daf6fbc7ee30938bcb5a9c3885/screenshot - {}
RESULT: {"using":"xpath","value":"//span[contains(text(), \"Cost Center\")]"}
COMMAND: POST /session/343af6daf6fbc7ee30938bcb5a9c3885/element/f.8C4C75981FBDA5C274A9290576C3313B.d.2FC97A521A2858C49DB95BB83C95471A.e.1523/click - {}
RESULT: {}
RESULT: {}
COMMAND: GET /session/343af6daf6fbc7ee30938bcb5a9c3885/screenshot - {}
RESULT: {}
COMMAND: POST /session/343af6daf6fbc7ee30938bcb5a9c3885/element - {"using":"xpath","value":"//span[@id=\"application-managepartners-display-component---NewPartner--addressNewCostObjectCstID-vhi\"]"}
RESULT: {"using":"xpath","value":"//span[@id=\"application-managepartners-display-component---NewPartner--addressNewCostObjectCstID-vhi\"]"}
COMMAND: POST /session/343af6daf6fbc7ee30938bcb5a9c3885/execute/sync - {"script":"<script> [8489 bytes]","args":[{"element-6066-11e4-a52e-4f735466cecf":"f.8C4C75981FBDA5C274A9290576C3313B.d.2FC97A521A2858C49DB95BB83C95471A.e.1527","ELEMENT":"f.8C4C75981FBDA5C274A9290576C3313B.d.2FC97A521A2858C49DB95BB83C95471A.e.1527"}]}
RESULT: {"script":"<script> [8489 bytes]","args":[{"element-6066-11e4-a52e-4f735466cecf":"f.8C4C75981FBDA5C274A9290576C3313B.d.2FC97A521A2858C49DB95BB83C95471A.e.1527","ELEMENT":"f.8C4C75981FBDA5C274A9290576C3313B.d.2FC97A521A2858C49DB95BB83C95471A.e.1527"}]}
COMMAND: POST /session/343af6daf6fbc7ee30938bcb5a9c3885/execute/async - {"script":"<script> [1562 bytes]","args":[{"selector":{"id":"application-managepartners-display-component---NewPartner--addressNewCostObjectCstID-vhi"},"wdio_ui5_key":"applicationmanagepartners-display-component---NewPartner--addressNewCostObjectCstID-vhi"}]}
COMMAND: GET /session/343af6daf6fbc7ee30938bcb5a9c3885/screenshot - {}
RESULT: {"script":"<script> [1562 bytes]","args":[{"selector":{"id":"application-managepartners-display-component---NewPartner--addressNewCostObjectCstID-vhi"},"wdio_ui5_key":"applicationmanagepartners-display-component---NewPartner--addressNewCostObjectCstID-vhi"}]}
RESULT: undefined
COMMAND: POST /session/343af6daf6fbc7ee30938bcb5a9c3885/element - {"using":"xpath","value":"//*[@id=\"application-managepartners-display-component---NewPartner--addressNewCostObjectCstID-vhi\"]"}
RESULT: {}
RESULT: {"using":"xpath","value":"//*[@id=\"application-managepartners-display-component---NewPartner--addressNewCostObjectCstID-vhi\"]"}
COMMAND: POST /session/343af6daf6fbc7ee30938bcb5a9c3885/element/f.8C4C75981FBDA5C274A9290576C3313B.d.2FC97A521A2858C49DB95BB83C95471A.e.1527/click - {}
RESULT: {}
COMMAND: GET /session/343af6daf6fbc7ee30938bcb5a9c3885/screenshot - {}
RESULT: {}
RESULT: undefined
COMMAND: POST /session/343af6daf6fbc7ee30938bcb5a9c3885/execute/async - {"script":"<script> [776 bytes]","args":[{"enterText":"10001013","selector":{"controlType":"sap.m.SearchField","properties":{"placeholder":"Search"},"searchOpenDialogs":true,"interaction":{"idSuffix":"I"}},"clearTextFirst":true,"interactionType":"ENTER_TEXT"}]}
RESULT: {"script":"<script> [776 bytes]","args":[{"enterText":"10001013","selector":{"controlType":"sap.m.SearchField","properties":{"placeholder":"Search"},"searchOpenDialogs":true,"interaction":{"idSuffix":"I"}},"clearTextFirst":true,"interactionType":"ENTER_TEXT"}]}
COMMAND: POST /session/343af6daf6fbc7ee30938bcb5a9c3885/actions - {"actions":[{"id":"action2","type":"key","parameters":{},"actions":[{"type":"keyDown","value":"î€‡"},{"type":"pause","duration":10},{"type":"keyUp","value":"î€‡"}]}]}
RESULT: {"actions":[{"id":"action2","type":"key","parameters":{},"actions":[{"type":"keyDown","value":"î€‡"},{"type":"pause","duration":10},{"type":"keyUp","value":"î€‡"}]}]}
COMMAND: GET /session/343af6daf6fbc7ee30938bcb5a9c3885/screenshot - {}
RESULT: {}
COMMAND: POST /session/343af6daf6fbc7ee30938bcb5a9c3885/element - {"using":"xpath","value":"//span[contains(text(), \"General Management\")]"}
RESULT: {"using":"xpath","value":"//span[contains(text(), \"General Management\")]"}
COMMAND: POST /session/343af6daf6fbc7ee30938bcb5a9c3885/element/f.8C4C75981FBDA5C274A9290576C3313B.d.2FC97A521A2858C49DB95BB83C95471A.e.1567/click - {}
RESULT: {}
COMMAND: GET /session/343af6daf6fbc7ee30938bcb5a9c3885/screenshot - {}
RESULT: {}
COMMAND: POST /session/343af6daf6fbc7ee30938bcb5a9c3885/element - {"using":"xpath","value":"//bdi[contains(text(), \"OK\")]"}
RESULT: {"using":"xpath","value":"//bdi[contains(text(), \"OK\")]"}
COMMAND: POST /session/343af6daf6fbc7ee30938bcb5a9c3885/element/f.8C4C75981FBDA5C274A9290576C3313B.d.2FC97A521A2858C49DB95BB83C95471A.e.1568/click - {}
RESULT: {}
COMMAND: GET /session/343af6daf6fbc7ee30938bcb5a9c3885/screenshot - {}
RESULT: {}
COMMAND: POST /session/343af6daf6fbc7ee30938bcb5a9c3885/element - {"using":"xpath","value":"//input[@id=\"application-managepartners-display-component---NewPartner--companyCodeComboBox-inner\"]"}
RESULT: {"using":"xpath","value":"//input[@id=\"application-managepartners-display-component---NewPartner--companyCodeComboBox-inner\"]"}
COMMAND: POST /session/343af6daf6fbc7ee30938bcb5a9c3885/element/f.8C4C75981FBDA5C274A9290576C3313B.d.2FC97A521A2858C49DB95BB83C95471A.e.1358/clear - {}
RESULT: {}
COMMAND: POST /session/343af6daf6fbc7ee30938bcb5a9c3885/element/f.8C4C75981FBDA5C274A9290576C3313B.d.2FC97A521A2858C49DB95BB83C95471A.e.1358/value - {"text":"1000"}
COMMAND: GET /session/343af6daf6fbc7ee30938bcb5a9c3885/screenshot - {}
RESULT: {"text":"1000"}
COMMAND: GET /session/343af6daf6fbc7ee30938bcb5a9c3885/screenshot - {}
RESULT: {}
RESULT: {}
COMMAND: POST /session/343af6daf6fbc7ee30938bcb5a9c3885/element - {"using":"xpath","value":"//span[contains(text(), \"1000\")]"}
RESULT: {"using":"xpath","value":"//span[contains(text(), \"1000\")]"}
COMMAND: POST /session/343af6daf6fbc7ee30938bcb5a9c3885/element/f.8C4C75981FBDA5C274A9290576C3313B.d.2FC97A521A2858C49DB95BB83C95471A.e.1574/click - {}
RESULT: {}
COMMAND: GET /session/343af6daf6fbc7ee30938bcb5a9c3885/screenshot - {}
RESULT: {}
COMMAND: POST /session/343af6daf6fbc7ee30938bcb5a9c3885/execute/async - {"script":"<script> [1562 bytes]","args":[{"selector":{"id":"application-managepartners-display-component---NewPartner--btnAddTableRow-img"},"wdio_ui5_key":"applicationmanagepartners-display-component---NewPartner--btnAddTableRow-img"}]}
RESULT: {"script":"<script> [1562 bytes]","args":[{"selector":{"id":"application-managepartners-display-component---NewPartner--btnAddTableRow-img"},"wdio_ui5_key":"applicationmanagepartners-display-component---NewPartner--btnAddTableRow-img"}]}
RESULT: undefined
COMMAND: POST /session/343af6daf6fbc7ee30938bcb5a9c3885/element - {"using":"xpath","value":"//*[@id=\"application-managepartners-display-component---NewPartner--btnAddTableRow-img\"]"}
RESULT: {"using":"xpath","value":"//*[@id=\"application-managepartners-display-component---NewPartner--btnAddTableRow-img\"]"}
COMMAND: POST /session/343af6daf6fbc7ee30938bcb5a9c3885/element/f.8C4C75981FBDA5C274A9290576C3313B.d.2FC97A521A2858C49DB95BB83C95471A.e.1575/click - {}
RESULT: {}
COMMAND: GET /session/343af6daf6fbc7ee30938bcb5a9c3885/screenshot - {}
RESULT: {}
COMMAND: POST /session/343af6daf6fbc7ee30938bcb5a9c3885/element - {"using":"xpath","value":"//input[@id=\"application-managepartners-display-component---NewPartner--assignmentYard-application-managepartners-display-component---NewPartner--assignmentsTable-0-inner\"]"}
RESULT: {"using":"xpath","value":"//input[@id=\"application-managepartners-display-component---NewPartner--assignmentYard-application-managepartners-display-component---NewPartner--assignmentsTable-0-inner\"]"}
COMMAND: POST /session/343af6daf6fbc7ee30938bcb5a9c3885/element/f.8C4C75981FBDA5C274A9290576C3313B.d.2FC97A521A2858C49DB95BB83C95471A.e.1578/clear - {}
RESULT: {}
COMMAND: POST /session/343af6daf6fbc7ee30938bcb5a9c3885/element/f.8C4C75981FBDA5C274A9290576C3313B.d.2FC97A521A2858C49DB95BB83C95471A.e.1578/value - {"text":"594"}
COMMAND: GET /session/343af6daf6fbc7ee30938bcb5a9c3885/screenshot - {}
RESULT: {"text":"594"}
COMMAND: GET /session/343af6daf6fbc7ee30938bcb5a9c3885/screenshot - {}
RESULT: {}
RESULT: {}
COMMAND: POST /session/343af6daf6fbc7ee30938bcb5a9c3885/element - {"using":"xpath","value":"//li[.//span[text()='594']]"}
RESULT: {"using":"xpath","value":"//li[.//span[text()='594']]"}
COMMAND: POST /session/343af6daf6fbc7ee30938bcb5a9c3885/element/f.8C4C75981FBDA5C274A9290576C3313B.d.2FC97A521A2858C49DB95BB83C95471A.e.1587/click - {}
RESULT: {}
COMMAND: GET /session/343af6daf6fbc7ee30938bcb5a9c3885/screenshot - {}
RESULT: {}
COMMAND: POST /session/343af6daf6fbc7ee30938bcb5a9c3885/actions - {"actions":[{"id":"action3","type":"key","parameters":{},"actions":[{"type":"keyDown","value":"î€‡"},{"type":"pause","duration":10},{"type":"keyUp","value":"î€‡"}]}]}
RESULT: {"actions":[{"id":"action3","type":"key","parameters":{},"actions":[{"type":"keyDown","value":"î€‡"},{"type":"pause","duration":10},{"type":"keyUp","value":"î€‡"}]}]}
COMMAND: POST /session/343af6daf6fbc7ee30938bcb5a9c3885/execute/async - {"script":"<script> [1562 bytes]","args":[{"selector":{"id":"application-managepartners-display-component---NewPartner--externalCustomerComboBox-application-managepartners-display-component---NewPartner--assignmentsTable-0-vhi"},"wdio_ui5_key":"applicationmanagepartners-display-component---NewPartner--externalCustomerComboBox-application-managepartners-display-component---NewPartner--assignmentsTable-0-vhi"}]}
COMMAND: GET /session/343af6daf6fbc7ee30938bcb5a9c3885/screenshot - {}
RESULT: {"script":"<script> [1562 bytes]","args":[{"selector":{"id":"application-managepartners-display-component---NewPartner--externalCustomerComboBox-application-managepartners-display-component---NewPartner--assignmentsTable-0-vhi"},"wdio_ui5_key":"applicationmanagepartners-display-component---NewPartner--externalCustomerComboBox-application-managepartners-display-component---NewPartner--assignmentsTable-0-vhi"}]}
RESULT: undefined
COMMAND: POST /session/343af6daf6fbc7ee30938bcb5a9c3885/element - {"using":"xpath","value":"//*[@id=\"application-managepartners-display-component---NewPartner--externalCustomerComboBox-application-managepartners-display-component---NewPartner--assignmentsTable-0-vhi\"]"}
RESULT: {}
RESULT: {"using":"xpath","value":"//*[@id=\"application-managepartners-display-component---NewPartner--externalCustomerComboBox-application-managepartners-display-component---NewPartner--assignmentsTable-0-vhi\"]"}
COMMAND: POST /session/343af6daf6fbc7ee30938bcb5a9c3885/element/f.8C4C75981FBDA5C274A9290576C3313B.d.2FC97A521A2858C49DB95BB83C95471A.e.1591/click - {}
RESULT: {}
RESULT: undefined
COMMAND: POST /session/343af6daf6fbc7ee30938bcb5a9c3885/execute/async - {"script":"<script> [776 bytes]","args":[{"enterText":"300003","selector":{"controlType":"sap.m.SearchField","properties":{"placeholder":"Search"},"searchOpenDialogs":true,"interaction":{"idSuffix":"I"}},"clearTextFirst":true,"interactionType":"ENTER_TEXT"}]}
COMMAND: GET /session/343af6daf6fbc7ee30938bcb5a9c3885/screenshot - {}
RESULT: {"script":"<script> [776 bytes]","args":[{"enterText":"300003","selector":{"controlType":"sap.m.SearchField","properties":{"placeholder":"Search"},"searchOpenDialogs":true,"interaction":{"idSuffix":"I"}},"clearTextFirst":true,"interactionType":"ENTER_TEXT"}]}
COMMAND: POST /session/343af6daf6fbc7ee30938bcb5a9c3885/actions - {"actions":[{"id":"action4","type":"key","parameters":{},"actions":[{"type":"keyDown","value":"î€‡"},{"type":"pause","duration":10},{"type":"keyUp","value":"î€‡"}]}]}
RESULT: {}
RESULT: {"actions":[{"id":"action4","type":"key","parameters":{},"actions":[{"type":"keyDown","value":"î€‡"},{"type":"pause","duration":10},{"type":"keyUp","value":"î€‡"}]}]}
COMMAND: GET /session/343af6daf6fbc7ee30938bcb5a9c3885/screenshot - {}
RESULT: {}
COMMAND: POST /session/343af6daf6fbc7ee30938bcb5a9c3885/element - {"using":"xpath","value":"//span[contains(text(), \"300003\")]"}
RESULT: {"using":"xpath","value":"//span[contains(text(), \"300003\")]"}
COMMAND: POST /session/343af6daf6fbc7ee30938bcb5a9c3885/element/f.8C4C75981FBDA5C274A9290576C3313B.d.2FC97A521A2858C49DB95BB83C95471A.e.1609/click - {}
RESULT: {}
COMMAND: GET /session/343af6daf6fbc7ee30938bcb5a9c3885/screenshot - {}
RESULT: {}
COMMAND: POST /session/343af6daf6fbc7ee30938bcb5a9c3885/element - {"using":"xpath","value":"//bdi[contains(text(), \"OK\")]"}
RESULT: {"using":"xpath","value":"//bdi[contains(text(), \"OK\")]"}
COMMAND: POST /session/343af6daf6fbc7ee30938bcb5a9c3885/element/f.8C4C75981FBDA5C274A9290576C3313B.d.2FC97A521A2858C49DB95BB83C95471A.e.1611/click - {}
RESULT: {}
COMMAND: GET /session/343af6daf6fbc7ee30938bcb5a9c3885/screenshot - {}
RESULT: {}
COMMAND: POST /session/343af6daf6fbc7ee30938bcb5a9c3885/execute/async - {"script":"<script> [1562 bytes]","args":[{"selector":{"id":"application-managepartners-display-component---NewPartner--intercompVendorComboBox-application-managepartners-display-component---NewPartner--assignmentsTable-0-vhi"},"wdio_ui5_key":"applicationmanagepartners-display-component---NewPartner--intercompVendorComboBox-application-managepartners-display-component---NewPartner--assignmentsTable-0-vhi"}]}
RESULT: {"script":"<script> [1562 bytes]","args":[{"selector":{"id":"application-managepartners-display-component---NewPartner--intercompVendorComboBox-application-managepartners-display-component---NewPartner--assignmentsTable-0-vhi"},"wdio_ui5_key":"applicationmanagepartners-display-component---NewPartner--intercompVendorComboBox-application-managepartners-display-component---NewPartner--assignmentsTable-0-vhi"}]}
RESULT: undefined
COMMAND: POST /session/343af6daf6fbc7ee30938bcb5a9c3885/element - {"using":"xpath","value":"//*[@id=\"application-managepartners-display-component---NewPartner--intercompVendorComboBox-application-managepartners-display-component---NewPartner--assignmentsTable-0-vhi\"]"}
RESULT: {"using":"xpath","value":"//*[@id=\"application-managepartners-display-component---NewPartner--intercompVendorComboBox-application-managepartners-display-component---NewPartner--assignmentsTable-0-vhi\"]"}
COMMAND: POST /session/343af6daf6fbc7ee30938bcb5a9c3885/element/f.8C4C75981FBDA5C274A9290576C3313B.d.2FC97A521A2858C49DB95BB83C95471A.e.1614/click - {}
RESULT: {}
RESULT: undefined
COMMAND: POST /session/343af6daf6fbc7ee30938bcb5a9c3885/execute/async - {"script":"<script> [776 bytes]","args":[{"enterText":"100005","selector":{"controlType":"sap.m.SearchField","properties":{"placeholder":"Search"},"searchOpenDialogs":true,"interaction":{"idSuffix":"I"}},"clearTextFirst":true,"interactionType":"ENTER_TEXT"}]}
COMMAND: GET /session/343af6daf6fbc7ee30938bcb5a9c3885/screenshot - {}
RESULT: {"script":"<script> [776 bytes]","args":[{"enterText":"100005","selector":{"controlType":"sap.m.SearchField","properties":{"placeholder":"Search"},"searchOpenDialogs":true,"interaction":{"idSuffix":"I"}},"clearTextFirst":true,"interactionType":"ENTER_TEXT"}]}
COMMAND: POST /session/343af6daf6fbc7ee30938bcb5a9c3885/actions - {"actions":[{"id":"action5","type":"key","parameters":{},"actions":[{"type":"keyDown","value":"î€‡"},{"type":"pause","duration":10},{"type":"keyUp","value":"î€‡"}]}]}
RESULT: {}
RESULT: {"actions":[{"id":"action5","type":"key","parameters":{},"actions":[{"type":"keyDown","value":"î€‡"},{"type":"pause","duration":10},{"type":"keyUp","value":"î€‡"}]}]}
COMMAND: GET /session/343af6daf6fbc7ee30938bcb5a9c3885/screenshot - {}
RESULT: {}
COMMAND: POST /session/343af6daf6fbc7ee30938bcb5a9c3885/element - {"using":"xpath","value":"//span[contains(text(), \"Penguins - Field/12345 Berlin\")]"}
RESULT: {"using":"xpath","value":"//span[contains(text(), \"Penguins - Field/12345 Berlin\")]"}
COMMAND: POST /session/343af6daf6fbc7ee30938bcb5a9c3885/element/f.8C4C75981FBDA5C274A9290576C3313B.d.2FC97A521A2858C49DB95BB83C95471A.e.1631/click - {}
RESULT: {}
COMMAND: GET /session/343af6daf6fbc7ee30938bcb5a9c3885/screenshot - {}
RESULT: {}
COMMAND: POST /session/343af6daf6fbc7ee30938bcb5a9c3885/element - {"using":"xpath","value":"//bdi[contains(text(), \"OK\")]"}
RESULT: {"using":"xpath","value":"//bdi[contains(text(), \"OK\")]"}
COMMAND: POST /session/343af6daf6fbc7ee30938bcb5a9c3885/element/f.8C4C75981FBDA5C274A9290576C3313B.d.2FC97A521A2858C49DB95BB83C95471A.e.1632/click - {}
RESULT: {}
COMMAND: GET /session/343af6daf6fbc7ee30938bcb5a9c3885/screenshot - {}
RESULT: {}
COMMAND: POST /session/343af6daf6fbc7ee30938bcb5a9c3885/element - {"using":"xpath","value":"//button[@data-kt=\"saveButton\"]"}
RESULT: {"using":"xpath","value":"//button[@data-kt=\"saveButton\"]"}
COMMAND: POST /session/343af6daf6fbc7ee30938bcb5a9c3885/element/f.8C4C75981FBDA5C274A9290576C3313B.d.2FC97A521A2858C49DB95BB83C95471A.e.1425/click - {}
RESULT: {}
COMMAND: GET /session/343af6daf6fbc7ee30938bcb5a9c3885/screenshot - {}
RESULT: {}
COMMAND: POST /session/343af6daf6fbc7ee30938bcb5a9c3885/element - {"using":"xpath","value":"//header[contains(@id, 'ObjectPageLayout-headerTitle')]/div[1]/div[2]/div[2]/span[1]"}
RESULT: {"using":"xpath","value":"//header[contains(@id, 'ObjectPageLayout-headerTitle')]/div[1]/div[2]/div[2]/span[1]"}
COMMAND: POST /session/343af6daf6fbc7ee30938bcb5a9c3885/elements - {"using":"xpath","value":"//header[contains(@id, 'ObjectPageLayout-headerTitle')]/div[1]/div[2]/div[2]/span[1]"}
RESULT: {"using":"xpath","value":"//header[contains(@id, 'ObjectPageLayout-headerTitle')]/div[1]/div[2]/div[2]/span[1]"}
COMMAND: POST /session/343af6daf6fbc7ee30938bcb5a9c3885/execute/sync - {"script":"<script> [56 bytes]","args":[{"element-6066-11e4-a52e-4f735466cecf":"f.8C4C75981FBDA5C274A9290576C3313B.d.2FC97A521A2858C49DB95BB83C95471A.e.1797","ELEMENT":"f.8C4C75981FBDA5C274A9290576C3313B.d.2FC97A521A2858C49DB95BB83C95471A.e.1797"}]}
RESULT: {"script":"<script> [56 bytes]","args":[{"element-6066-11e4-a52e-4f735466cecf":"f.8C4C75981FBDA5C274A9290576C3313B.d.2FC97A521A2858C49DB95BB83C95471A.e.1797","ELEMENT":"f.8C4C75981FBDA5C274A9290576C3313B.d.2FC97A521A2858C49DB95BB83C95471A.e.1797"}]}
COMMAND: POST /session/343af6daf6fbc7ee30938bcb5a9c3885/element - {"using":"css selector","value":"#shell-header-logo"}
COMMAND: GET /session/343af6daf6fbc7ee30938bcb5a9c3885/screenshot - {}
RESULT: {"using":"css selector","value":"#shell-header-logo"}
COMMAND: POST /session/343af6daf6fbc7ee30938bcb5a9c3885/element/f.8C4C75981FBDA5C274A9290576C3313B.d.2FC97A521A2858C49DB95BB83C95471A.e.1014/click - {}
RESULT: {}
RESULT: {}
COMMAND: GET /session/343af6daf6fbc7ee30938bcb5a9c3885/screenshot - {}
RESULT: {}
COMMAND: POST /session/343af6daf6fbc7ee30938bcb5a9c3885/execute/sync - {"script":"<script> [299 bytes]","args":[["getModel","getResource"]]}
RESULT: {"script":"<script> [299 bytes]","args":[["getModel","getResource"]]}
COMMAND: GET /session/343af6daf6fbc7ee30938bcb5a9c3885/screenshot - {}
]]></system-out>
    </testcase>
    <testcase classname="chrome.135_0_7049_96.windows.Billing_confirm_US117289" name="Should create a new site" time="140.597">
      <system-out><![CDATA[
COMMAND: POST /session/343af6daf6fbc7ee30938bcb5a9c3885/execute/async - {"script":"<script> [1562 bytes]","args":[{"selector":{"controlType":"sap.m.TileContent","bindingPath":{"path":"","propertyPath":"/properties/info"},"ancestor":{"controlType":"sap.m.GenericTile","properties":{"header":"Manage Sites"}}},"wdio_ui5_key":"sapm.TileContent{\"path\":\"\",\"propertyPath\":\"/properties/info\"}{\"controlType\":\"sap.m.GenericTile\",\"properties\":{\"header\":\"Manage Sites\"}}"}]}
RESULT: {}
RESULT: {"script":"<script> [1562 bytes]","args":[{"selector":{"controlType":"sap.m.TileContent","bindingPath":{"path":"","propertyPath":"/properties/info"},"ancestor":{"controlType":"sap.m.GenericTile","properties":{"header":"Manage Sites"}}},"wdio_ui5_key":"sapm.TileContent{\"path\":\"\",\"propertyPath\":\"/properties/info\"}{\"controlType\":\"sap.m.GenericTile\",\"properties\":{\"header\":\"Manage Sites\"}}"}]}
RESULT: undefined
COMMAND: POST /session/343af6daf6fbc7ee30938bcb5a9c3885/element - {"using":"xpath","value":"//*[@id=\"__xmlview7--numericTileContent\"]"}
RESULT: {"using":"xpath","value":"//*[@id=\"__xmlview7--numericTileContent\"]"}
COMMAND: POST /session/343af6daf6fbc7ee30938bcb5a9c3885/element/f.8C4C75981FBDA5C274A9290576C3313B.d.2FC97A521A2858C49DB95BB83C95471A.e.1799/click - {}
RESULT: {}
COMMAND: POST /session/343af6daf6fbc7ee30938bcb5a9c3885/element - {"using":"xpath","value":"//button[@data-kt=\"addOverflowToolbarButton\"]"}
COMMAND: GET /session/343af6daf6fbc7ee30938bcb5a9c3885/screenshot - {}
RESULT: {"using":"xpath","value":"//button[@data-kt=\"addOverflowToolbarButton\"]"}
COMMAND: POST /session/343af6daf6fbc7ee30938bcb5a9c3885/elements - {"using":"xpath","value":"//button[@data-kt=\"addOverflowToolbarButton\"]"}
RESULT: {}
RESULT: {"using":"xpath","value":"//button[@data-kt=\"addOverflowToolbarButton\"]"}
COMMAND: POST /session/343af6daf6fbc7ee30938bcb5a9c3885/elements - {"using":"xpath","value":"//button[@data-kt=\"addOverflowToolbarButton\"]"}
RESULT: {"using":"xpath","value":"//button[@data-kt=\"addOverflowToolbarButton\"]"}
COMMAND: POST /session/343af6daf6fbc7ee30938bcb5a9c3885/elements - {"using":"xpath","value":"//button[@data-kt=\"addOverflowToolbarButton\"]"}
RESULT: {"using":"xpath","value":"//button[@data-kt=\"addOverflowToolbarButton\"]"}
COMMAND: POST /session/343af6daf6fbc7ee30938bcb5a9c3885/elements - {"using":"xpath","value":"//button[@data-kt=\"addOverflowToolbarButton\"]"}
RESULT: {"using":"xpath","value":"//button[@data-kt=\"addOverflowToolbarButton\"]"}
COMMAND: POST /session/343af6daf6fbc7ee30938bcb5a9c3885/element - {"using":"xpath","value":"//button[@data-kt=\"addOverflowToolbarButton\"]"}
RESULT: {"using":"xpath","value":"//button[@data-kt=\"addOverflowToolbarButton\"]"}
COMMAND: POST /session/343af6daf6fbc7ee30938bcb5a9c3885/execute/sync - {"script":"<script> [8489 bytes]","args":[{"element-6066-11e4-a52e-4f735466cecf":"f.8C4C75981FBDA5C274A9290576C3313B.d.2FC97A521A2858C49DB95BB83C95471A.e.1845","ELEMENT":"f.8C4C75981FBDA5C274A9290576C3313B.d.2FC97A521A2858C49DB95BB83C95471A.e.1845"}]}
RESULT: {"script":"<script> [8489 bytes]","args":[{"element-6066-11e4-a52e-4f735466cecf":"f.8C4C75981FBDA5C274A9290576C3313B.d.2FC97A521A2858C49DB95BB83C95471A.e.1845","ELEMENT":"f.8C4C75981FBDA5C274A9290576C3313B.d.2FC97A521A2858C49DB95BB83C95471A.e.1845"}]}
COMMAND: GET /session/343af6daf6fbc7ee30938bcb5a9c3885/element/f.8C4C75981FBDA5C274A9290576C3313B.d.2FC97A521A2858C49DB95BB83C95471A.e.1845/enabled - {}
COMMAND: GET /session/343af6daf6fbc7ee30938bcb5a9c3885/screenshot - {}
RESULT: {}
COMMAND: POST /session/343af6daf6fbc7ee30938bcb5a9c3885/execute/sync - {"script":"<script> [8489 bytes]","args":[{"element-6066-11e4-a52e-4f735466cecf":"f.8C4C75981FBDA5C274A9290576C3313B.d.2FC97A521A2858C49DB95BB83C95471A.e.1845","ELEMENT":"f.8C4C75981FBDA5C274A9290576C3313B.d.2FC97A521A2858C49DB95BB83C95471A.e.1845"}]}
COMMAND: GET /session/343af6daf6fbc7ee30938bcb5a9c3885/screenshot - {}
RESULT: {}
RESULT: {"script":"<script> [8489 bytes]","args":[{"element-6066-11e4-a52e-4f735466cecf":"f.8C4C75981FBDA5C274A9290576C3313B.d.2FC97A521A2858C49DB95BB83C95471A.e.1845","ELEMENT":"f.8C4C75981FBDA5C274A9290576C3313B.d.2FC97A521A2858C49DB95BB83C95471A.e.1845"}]}
COMMAND: POST /session/343af6daf6fbc7ee30938bcb5a9c3885/execute/sync - {"script":"<script> [5351 bytes]","args":[{"element-6066-11e4-a52e-4f735466cecf":"f.8C4C75981FBDA5C274A9290576C3313B.d.2FC97A521A2858C49DB95BB83C95471A.e.1845","ELEMENT":"f.8C4C75981FBDA5C274A9290576C3313B.d.2FC97A521A2858C49DB95BB83C95471A.e.1845"}]}
COMMAND: GET /session/343af6daf6fbc7ee30938bcb5a9c3885/screenshot - {}
RESULT: {}
RESULT: {"script":"<script> [5351 bytes]","args":[{"element-6066-11e4-a52e-4f735466cecf":"f.8C4C75981FBDA5C274A9290576C3313B.d.2FC97A521A2858C49DB95BB83C95471A.e.1845","ELEMENT":"f.8C4C75981FBDA5C274A9290576C3313B.d.2FC97A521A2858C49DB95BB83C95471A.e.1845"}]}
COMMAND: POST /session/343af6daf6fbc7ee30938bcb5a9c3885/element/f.8C4C75981FBDA5C274A9290576C3313B.d.2FC97A521A2858C49DB95BB83C95471A.e.1845/click - {}
COMMAND: GET /session/343af6daf6fbc7ee30938bcb5a9c3885/screenshot - {}
RESULT: {}
RESULT: {}
COMMAND: GET /session/343af6daf6fbc7ee30938bcb5a9c3885/screenshot - {}
COMMAND: POST /session/343af6daf6fbc7ee30938bcb5a9c3885/execute/async - {"script":"<script> [1562 bytes]","args":[{"selector":{"id":"application-managesites-display-component---NewSite--addressDetailDetailsName1","interaction":{"idSuffix":"inner"}},"wdio_ui5_key":"applicationmanagesites-display-component---NewSite--addressDetailDetailsName1"}]}
RESULT: {}
RESULT: {}
RESULT: {"script":"<script> [1562 bytes]","args":[{"selector":{"id":"application-managesites-display-component---NewSite--addressDetailDetailsName1","interaction":{"idSuffix":"inner"}},"wdio_ui5_key":"applicationmanagesites-display-component---NewSite--addressDetailDetailsName1"}]}
RESULT: undefined
COMMAND: POST /session/343af6daf6fbc7ee30938bcb5a9c3885/execute/async - {"script":"<script> [776 bytes]","args":[{"enterText":"Intracompany Site wdIO","selector":{"id":"application-managesites-display-component---NewSite--addressDetailDetailsName1","interaction":{"idSuffix":"inner"}},"clearTextFirst":true,"interactionType":"ENTER_TEXT"}]}
RESULT: {"script":"<script> [776 bytes]","args":[{"enterText":"Intracompany Site wdIO","selector":{"id":"application-managesites-display-component---NewSite--addressDetailDetailsName1","interaction":{"idSuffix":"inner"}},"clearTextFirst":true,"interactionType":"ENTER_TEXT"}]}
COMMAND: POST /session/343af6daf6fbc7ee30938bcb5a9c3885/execute/async - {"script":"<script> [1562 bytes]","args":[{"selector":{"id":"application-managesites-display-component---NewSite--addressDetailDetailsLanguage-arrow"},"wdio_ui5_key":"applicationmanagesites-display-component---NewSite--addressDetailDetailsLanguage-arrow"}]}
RESULT: {"script":"<script> [1562 bytes]","args":[{"selector":{"id":"application-managesites-display-component---NewSite--addressDetailDetailsLanguage-arrow"},"wdio_ui5_key":"applicationmanagesites-display-component---NewSite--addressDetailDetailsLanguage-arrow"}]}
RESULT: undefined
COMMAND: POST /session/343af6daf6fbc7ee30938bcb5a9c3885/element - {"using":"xpath","value":"//*[@id=\"application-managesites-display-component---NewSite--addressDetailDetailsLanguage-arrow\"]"}
RESULT: {"using":"xpath","value":"//*[@id=\"application-managesites-display-component---NewSite--addressDetailDetailsLanguage-arrow\"]"}
COMMAND: POST /session/343af6daf6fbc7ee30938bcb5a9c3885/element/f.8C4C75981FBDA5C274A9290576C3313B.d.2FC97A521A2858C49DB95BB83C95471A.e.2454/click - {}
RESULT: {}
COMMAND: POST /session/343af6daf6fbc7ee30938bcb5a9c3885/element - {"using":"xpath","value":"//span[contains(text(), \"English\")]"}
COMMAND: GET /session/343af6daf6fbc7ee30938bcb5a9c3885/screenshot - {}
RESULT: {"using":"xpath","value":"//span[contains(text(), \"English\")]"}
COMMAND: POST /session/343af6daf6fbc7ee30938bcb5a9c3885/element/f.8C4C75981FBDA5C274A9290576C3313B.d.2FC97A521A2858C49DB95BB83C95471A.e.2455/click - {}
RESULT: {}
RESULT: {}
COMMAND: POST /session/343af6daf6fbc7ee30938bcb5a9c3885/execute/async - {"script":"<script> [1562 bytes]","args":[{"selector":{"id":"application-managesites-display-component---NewSite--addressDetailDetailsCity1","interaction":{"idSuffix":"inner"}},"wdio_ui5_key":"applicationmanagesites-display-component---NewSite--addressDetailDetailsCity1"}]}
COMMAND: GET /session/343af6daf6fbc7ee30938bcb5a9c3885/screenshot - {}
RESULT: {"script":"<script> [1562 bytes]","args":[{"selector":{"id":"application-managesites-display-component---NewSite--addressDetailDetailsCity1","interaction":{"idSuffix":"inner"}},"wdio_ui5_key":"applicationmanagesites-display-component---NewSite--addressDetailDetailsCity1"}]}
RESULT: undefined
COMMAND: POST /session/343af6daf6fbc7ee30938bcb5a9c3885/execute/async - {"script":"<script> [776 bytes]","args":[{"enterText":"Rosario","selector":{"id":"application-managesites-display-component---NewSite--addressDetailDetailsCity1","interaction":{"idSuffix":"inner"}},"clearTextFirst":true,"interactionType":"ENTER_TEXT"}]}
RESULT: {}
RESULT: {"script":"<script> [776 bytes]","args":[{"enterText":"Rosario","selector":{"id":"application-managesites-display-component---NewSite--addressDetailDetailsCity1","interaction":{"idSuffix":"inner"}},"clearTextFirst":true,"interactionType":"ENTER_TEXT"}]}
COMMAND: POST /session/343af6daf6fbc7ee30938bcb5a9c3885/execute/async - {"script":"<script> [1562 bytes]","args":[{"selector":{"id":"application-managesites-display-component---NewSite--addressDetailDetailsCountry-arrow"},"wdio_ui5_key":"applicationmanagesites-display-component---NewSite--addressDetailDetailsCountry-arrow"}]}
RESULT: {"script":"<script> [1562 bytes]","args":[{"selector":{"id":"application-managesites-display-component---NewSite--addressDetailDetailsCountry-arrow"},"wdio_ui5_key":"applicationmanagesites-display-component---NewSite--addressDetailDetailsCountry-arrow"}]}
RESULT: undefined
COMMAND: POST /session/343af6daf6fbc7ee30938bcb5a9c3885/element - {"using":"xpath","value":"//*[@id=\"application-managesites-display-component---NewSite--addressDetailDetailsCountry-arrow\"]"}
RESULT: {"using":"xpath","value":"//*[@id=\"application-managesites-display-component---NewSite--addressDetailDetailsCountry-arrow\"]"}
COMMAND: POST /session/343af6daf6fbc7ee30938bcb5a9c3885/element/f.8C4C75981FBDA5C274A9290576C3313B.d.2FC97A521A2858C49DB95BB83C95471A.e.2457/click - {}
RESULT: {}
COMMAND: POST /session/343af6daf6fbc7ee30938bcb5a9c3885/element - {"using":"xpath","value":"//span[contains(text(), \"Argentina\")]"}
COMMAND: GET /session/343af6daf6fbc7ee30938bcb5a9c3885/screenshot - {}
RESULT: {"using":"xpath","value":"//span[contains(text(), \"Argentina\")]"}
COMMAND: POST /session/343af6daf6fbc7ee30938bcb5a9c3885/element/f.8C4C75981FBDA5C274A9290576C3313B.d.2FC97A521A2858C49DB95BB83C95471A.e.2458/click - {}
RESULT: {}
RESULT: {}
COMMAND: GET /session/343af6daf6fbc7ee30938bcb5a9c3885/screenshot - {}
RESULT: {}
COMMAND: POST /session/343af6daf6fbc7ee30938bcb5a9c3885/execute/async - {"script":"<script> [1562 bytes]","args":[{"selector":{"id":"application-managesites-display-component---NewSite--addressEditDetailsCostObjectCstType-arrow"},"wdio_ui5_key":"applicationmanagesites-display-component---NewSite--addressEditDetailsCostObjectCstType-arrow"}]}
RESULT: {"script":"<script> [1562 bytes]","args":[{"selector":{"id":"application-managesites-display-component---NewSite--addressEditDetailsCostObjectCstType-arrow"},"wdio_ui5_key":"applicationmanagesites-display-component---NewSite--addressEditDetailsCostObjectCstType-arrow"}]}
RESULT: undefined
COMMAND: POST /session/343af6daf6fbc7ee30938bcb5a9c3885/element - {"using":"xpath","value":"//*[@id=\"application-managesites-display-component---NewSite--addressEditDetailsCostObjectCstType-arrow\"]"}
RESULT: {"using":"xpath","value":"//*[@id=\"application-managesites-display-component---NewSite--addressEditDetailsCostObjectCstType-arrow\"]"}
COMMAND: POST /session/343af6daf6fbc7ee30938bcb5a9c3885/element/f.8C4C75981FBDA5C274A9290576C3313B.d.2FC97A521A2858C49DB95BB83C95471A.e.2460/click - {}
RESULT: {}
COMMAND: POST /session/343af6daf6fbc7ee30938bcb5a9c3885/element - {"using":"xpath","value":"//span[contains(text(), \"Cost Center\")]"}
COMMAND: GET /session/343af6daf6fbc7ee30938bcb5a9c3885/screenshot - {}
RESULT: {"using":"xpath","value":"//span[contains(text(), \"Cost Center\")]"}
COMMAND: POST /session/343af6daf6fbc7ee30938bcb5a9c3885/element/f.8C4C75981FBDA5C274A9290576C3313B.d.2FC97A521A2858C49DB95BB83C95471A.e.2461/click - {}
RESULT: {}
RESULT: {}
COMMAND: GET /session/343af6daf6fbc7ee30938bcb5a9c3885/screenshot - {}
RESULT: {}
COMMAND: POST /session/343af6daf6fbc7ee30938bcb5a9c3885/element - {"using":"xpath","value":"//span[@id=\"application-managesites-display-component---NewSite--addressNewCostObjectCstID-vhi\"]"}
RESULT: {"using":"xpath","value":"//span[@id=\"application-managesites-display-component---NewSite--addressNewCostObjectCstID-vhi\"]"}
COMMAND: POST /session/343af6daf6fbc7ee30938bcb5a9c3885/execute/sync - {"script":"<script> [8489 bytes]","args":[{"element-6066-11e4-a52e-4f735466cecf":"f.8C4C75981FBDA5C274A9290576C3313B.d.2FC97A521A2858C49DB95BB83C95471A.e.2466","ELEMENT":"f.8C4C75981FBDA5C274A9290576C3313B.d.2FC97A521A2858C49DB95BB83C95471A.e.2466"}]}
RESULT: {"script":"<script> [8489 bytes]","args":[{"element-6066-11e4-a52e-4f735466cecf":"f.8C4C75981FBDA5C274A9290576C3313B.d.2FC97A521A2858C49DB95BB83C95471A.e.2466","ELEMENT":"f.8C4C75981FBDA5C274A9290576C3313B.d.2FC97A521A2858C49DB95BB83C95471A.e.2466"}]}
COMMAND: POST /session/343af6daf6fbc7ee30938bcb5a9c3885/execute/async - {"script":"<script> [1562 bytes]","args":[{"selector":{"id":"application-managesites-display-component---NewSite--addressNewCostObjectCstID-vhi"},"wdio_ui5_key":"applicationmanagesites-display-component---NewSite--addressNewCostObjectCstID-vhi"}]}
COMMAND: GET /session/343af6daf6fbc7ee30938bcb5a9c3885/screenshot - {}
RESULT: {"script":"<script> [1562 bytes]","args":[{"selector":{"id":"application-managesites-display-component---NewSite--addressNewCostObjectCstID-vhi"},"wdio_ui5_key":"applicationmanagesites-display-component---NewSite--addressNewCostObjectCstID-vhi"}]}
RESULT: undefined
COMMAND: POST /session/343af6daf6fbc7ee30938bcb5a9c3885/element - {"using":"xpath","value":"//*[@id=\"application-managesites-display-component---NewSite--addressNewCostObjectCstID-vhi\"]"}
RESULT: {}
RESULT: {"using":"xpath","value":"//*[@id=\"application-managesites-display-component---NewSite--addressNewCostObjectCstID-vhi\"]"}
COMMAND: POST /session/343af6daf6fbc7ee30938bcb5a9c3885/element/f.8C4C75981FBDA5C274A9290576C3313B.d.2FC97A521A2858C49DB95BB83C95471A.e.2466/click - {}
RESULT: {}
COMMAND: GET /session/343af6daf6fbc7ee30938bcb5a9c3885/screenshot - {}
RESULT: {}
RESULT: undefined
COMMAND: POST /session/343af6daf6fbc7ee30938bcb5a9c3885/execute/async - {"script":"<script> [776 bytes]","args":[{"enterText":"10001013","selector":{"controlType":"sap.m.SearchField","properties":{"placeholder":"Search"},"searchOpenDialogs":true,"interaction":{"idSuffix":"I"}},"clearTextFirst":true,"interactionType":"ENTER_TEXT"}]}
RESULT: {"script":"<script> [776 bytes]","args":[{"enterText":"10001013","selector":{"controlType":"sap.m.SearchField","properties":{"placeholder":"Search"},"searchOpenDialogs":true,"interaction":{"idSuffix":"I"}},"clearTextFirst":true,"interactionType":"ENTER_TEXT"}]}
COMMAND: POST /session/343af6daf6fbc7ee30938bcb5a9c3885/actions - {"actions":[{"id":"action6","type":"key","parameters":{},"actions":[{"type":"keyDown","value":"î€‡"},{"type":"pause","duration":10},{"type":"keyUp","value":"î€‡"}]}]}
RESULT: {"actions":[{"id":"action6","type":"key","parameters":{},"actions":[{"type":"keyDown","value":"î€‡"},{"type":"pause","duration":10},{"type":"keyUp","value":"î€‡"}]}]}
COMMAND: GET /session/343af6daf6fbc7ee30938bcb5a9c3885/screenshot - {}
RESULT: {}
COMMAND: POST /session/343af6daf6fbc7ee30938bcb5a9c3885/element - {"using":"xpath","value":"//span[contains(text(), \"General Management\")]"}
RESULT: {"using":"xpath","value":"//span[contains(text(), \"General Management\")]"}
COMMAND: POST /session/343af6daf6fbc7ee30938bcb5a9c3885/element/f.8C4C75981FBDA5C274A9290576C3313B.d.2FC97A521A2858C49DB95BB83C95471A.e.2506/click - {}
RESULT: {}
COMMAND: GET /session/343af6daf6fbc7ee30938bcb5a9c3885/screenshot - {}
RESULT: {}
COMMAND: POST /session/343af6daf6fbc7ee30938bcb5a9c3885/element - {"using":"xpath","value":"//bdi[contains(text(), \"OK\")]"}
RESULT: {"using":"xpath","value":"//bdi[contains(text(), \"OK\")]"}
COMMAND: POST /session/343af6daf6fbc7ee30938bcb5a9c3885/element/f.8C4C75981FBDA5C274A9290576C3313B.d.2FC97A521A2858C49DB95BB83C95471A.e.2507/click - {}
RESULT: {}
COMMAND: GET /session/343af6daf6fbc7ee30938bcb5a9c3885/screenshot - {}
RESULT: {}
COMMAND: POST /session/343af6daf6fbc7ee30938bcb5a9c3885/element - {"using":"xpath","value":"//input[@id=\"application-managesites-display-component---NewSite--addressDetailDetailsCalendar-inner\"]"}
RESULT: {"using":"xpath","value":"//input[@id=\"application-managesites-display-component---NewSite--addressDetailDetailsCalendar-inner\"]"}
COMMAND: POST /session/343af6daf6fbc7ee30938bcb5a9c3885/element/f.8C4C75981FBDA5C274A9290576C3313B.d.2FC97A521A2858C49DB95BB83C95471A.e.2254/clear - {}
RESULT: {}
COMMAND: POST /session/343af6daf6fbc7ee30938bcb5a9c3885/element/f.8C4C75981FBDA5C274A9290576C3313B.d.2FC97A521A2858C49DB95BB83C95471A.e.2254/value - {"text":"Unit"}
COMMAND: GET /session/343af6daf6fbc7ee30938bcb5a9c3885/screenshot - {}
RESULT: {"text":"Unit"}
COMMAND: GET /session/343af6daf6fbc7ee30938bcb5a9c3885/screenshot - {}
RESULT: {}
RESULT: {}
COMMAND: POST /session/343af6daf6fbc7ee30938bcb5a9c3885/actions - {"actions":[{"id":"action7","type":"key","parameters":{},"actions":[{"type":"keyDown","value":"î€‡"},{"type":"pause","duration":10},{"type":"keyUp","value":"î€‡"}]}]}
RESULT: {"actions":[{"id":"action7","type":"key","parameters":{},"actions":[{"type":"keyDown","value":"î€‡"},{"type":"pause","duration":10},{"type":"keyUp","value":"î€‡"}]}]}
COMMAND: POST /session/343af6daf6fbc7ee30938bcb5a9c3885/element - {"using":"xpath","value":"//input[@id=\"application-managesites-display-component---NewSite--addressDetailDetailsYard-inner\"]"}
COMMAND: GET /session/343af6daf6fbc7ee30938bcb5a9c3885/screenshot - {}
RESULT: {"using":"xpath","value":"//input[@id=\"application-managesites-display-component---NewSite--addressDetailDetailsYard-inner\"]"}
COMMAND: POST /session/343af6daf6fbc7ee30938bcb5a9c3885/element/f.8C4C75981FBDA5C274A9290576C3313B.d.2FC97A521A2858C49DB95BB83C95471A.e.2255/clear - {}
RESULT: {}
RESULT: {}
COMMAND: POST /session/343af6daf6fbc7ee30938bcb5a9c3885/element/f.8C4C75981FBDA5C274A9290576C3313B.d.2FC97A521A2858C49DB95BB83C95471A.e.2255/value - {"text":"594"}
COMMAND: GET /session/343af6daf6fbc7ee30938bcb5a9c3885/screenshot - {}
RESULT: {"text":"594"}
COMMAND: GET /session/343af6daf6fbc7ee30938bcb5a9c3885/screenshot - {}
RESULT: {}
RESULT: {}
COMMAND: POST /session/343af6daf6fbc7ee30938bcb5a9c3885/element - {"using":"xpath","value":"//li[.//span[text()='594']]"}
RESULT: {"using":"xpath","value":"//li[.//span[text()='594']]"}
COMMAND: POST /session/343af6daf6fbc7ee30938bcb5a9c3885/element/f.8C4C75981FBDA5C274A9290576C3313B.d.2FC97A521A2858C49DB95BB83C95471A.e.2515/click - {}
RESULT: {}
COMMAND: GET /session/343af6daf6fbc7ee30938bcb5a9c3885/screenshot - {}
RESULT: {}
COMMAND: POST /session/343af6daf6fbc7ee30938bcb5a9c3885/element - {"using":"xpath","value":"//input[@id=\"application-managesites-display-component---NewSite--addressDetailDetailsPartner-inner\"]"}
RESULT: {"using":"xpath","value":"//input[@id=\"application-managesites-display-component---NewSite--addressDetailDetailsPartner-inner\"]"}
COMMAND: POST /session/343af6daf6fbc7ee30938bcb5a9c3885/element - {"using":"xpath","value":"//input[@id=\"application-managesites-display-component---NewSite--addressDetailDetailsPartner-inner\"]"}
RESULT: {"using":"xpath","value":"//input[@id=\"application-managesites-display-component---NewSite--addressDetailDetailsPartner-inner\"]"}
COMMAND: POST /session/343af6daf6fbc7ee30938bcb5a9c3885/element - {"using":"xpath","value":"//button[@data-kt=\"saveButton\"]"}
RESULT: {"using":"xpath","value":"//button[@data-kt=\"saveButton\"]"}
COMMAND: POST /session/343af6daf6fbc7ee30938bcb5a9c3885/element/f.8C4C75981FBDA5C274A9290576C3313B.d.2FC97A521A2858C49DB95BB83C95471A.e.2439/click - {}
RESULT: {}
COMMAND: GET /session/343af6daf6fbc7ee30938bcb5a9c3885/screenshot - {}
RESULT: {}
COMMAND: POST /session/343af6daf6fbc7ee30938bcb5a9c3885/element - {"using":"xpath","value":"//header[contains(@id, 'ObjectPageLayout-headerTitle')]/div[1]/div[2]/div[2]/span[1]"}
RESULT: {"using":"xpath","value":"//header[contains(@id, 'ObjectPageLayout-headerTitle')]/div[1]/div[2]/div[2]/span[1]"}
COMMAND: POST /session/343af6daf6fbc7ee30938bcb5a9c3885/elements - {"using":"xpath","value":"//header[contains(@id, 'ObjectPageLayout-headerTitle')]/div[1]/div[2]/div[2]/span[1]"}
RESULT: {"using":"xpath","value":"//header[contains(@id, 'ObjectPageLayout-headerTitle')]/div[1]/div[2]/div[2]/span[1]"}
COMMAND: POST /session/343af6daf6fbc7ee30938bcb5a9c3885/execute/sync - {"script":"<script> [56 bytes]","args":[{"element-6066-11e4-a52e-4f735466cecf":"f.8C4C75981FBDA5C274A9290576C3313B.d.2FC97A521A2858C49DB95BB83C95471A.e.2716","ELEMENT":"f.8C4C75981FBDA5C274A9290576C3313B.d.2FC97A521A2858C49DB95BB83C95471A.e.2716"}]}
RESULT: {"script":"<script> [56 bytes]","args":[{"element-6066-11e4-a52e-4f735466cecf":"f.8C4C75981FBDA5C274A9290576C3313B.d.2FC97A521A2858C49DB95BB83C95471A.e.2716","ELEMENT":"f.8C4C75981FBDA5C274A9290576C3313B.d.2FC97A521A2858C49DB95BB83C95471A.e.2716"}]}
COMMAND: POST /session/343af6daf6fbc7ee30938bcb5a9c3885/element - {"using":"css selector","value":"#shell-header-logo"}
COMMAND: GET /session/343af6daf6fbc7ee30938bcb5a9c3885/screenshot - {}
RESULT: {"using":"css selector","value":"#shell-header-logo"}
COMMAND: POST /session/343af6daf6fbc7ee30938bcb5a9c3885/element/f.8C4C75981FBDA5C274A9290576C3313B.d.2FC97A521A2858C49DB95BB83C95471A.e.1803/click - {}
RESULT: {}
RESULT: {}
COMMAND: GET /session/343af6daf6fbc7ee30938bcb5a9c3885/screenshot - {}
RESULT: {}
COMMAND: POST /session/343af6daf6fbc7ee30938bcb5a9c3885/execute/sync - {"script":"<script> [299 bytes]","args":[["getModel","getResource"]]}
RESULT: {"script":"<script> [299 bytes]","args":[["getModel","getResource"]]}
COMMAND: POST /session/343af6daf6fbc7ee30938bcb5a9c3885/element - {"using":"xpath","value":"//button[.//bdi[contains(text(), \"Close\")]]"}
COMMAND: GET /session/343af6daf6fbc7ee30938bcb5a9c3885/screenshot - {}
RESULT: {"using":"xpath","value":"//button[.//bdi[contains(text(), \"Close\")]]"}
COMMAND: POST /session/343af6daf6fbc7ee30938bcb5a9c3885/element/f.8C4C75981FBDA5C274A9290576C3313B.d.2FC97A521A2858C49DB95BB83C95471A.e.2718/click - {}
RESULT: {}
RESULT: {}
COMMAND: GET /session/343af6daf6fbc7ee30938bcb5a9c3885/screenshot - {}
RESULT: {}
COMMAND: POST /session/343af6daf6fbc7ee30938bcb5a9c3885/refresh - {}
RESULT: {}
COMMAND: GET /session/343af6daf6fbc7ee30938bcb5a9c3885/screenshot - {}
RESULT: {}
COMMAND: POST /session/343af6daf6fbc7ee30938bcb5a9c3885/refresh - {}
RESULT: {}
COMMAND: GET /session/343af6daf6fbc7ee30938bcb5a9c3885/screenshot - {}
RESULT: {}
COMMAND: POST /session/343af6daf6fbc7ee30938bcb5a9c3885/window/fullscreen - {}
RESULT: {}
COMMAND: POST /session/343af6daf6fbc7ee30938bcb5a9c3885/execute/async - {"script":"<script> [189 bytes]","args":[]}
RESULT: {"script":"<script> [189 bytes]","args":[]}
COMMAND: POST /session/343af6daf6fbc7ee30938bcb5a9c3885/execute/async - {"script":"<script> [123 bytes]","args":[]}
RESULT: {"script":"<script> [123 bytes]","args":[]}
COMMAND: POST /session/343af6daf6fbc7ee30938bcb5a9c3885/timeouts - {"script":"<number>"}
RESULT: {"script":"<number>"}
COMMAND: GET /session/343af6daf6fbc7ee30938bcb5a9c3885/timeouts - {}
RESULT: {}
RESULT: undefined
COMMAND: POST /session/343af6daf6fbc7ee30938bcb5a9c3885/execute/async - {"script":"<script> [2676 bytes]","args":[]}
RESULT: {"script":"<script> [2676 bytes]","args":[]}
COMMAND: POST /session/343af6daf6fbc7ee30938bcb5a9c3885/execute/async - {"script":"<script> [2342 bytes]","args":[{"protocol":"http","hostname":"0.0.0.0","path":"/","capabilities":{"browserName":"chrome","goog:chromeOptions":{"binary":"C:\\Program Files\\Google\\Chrome\\Application\\chrome.exe","args":["--start-maximized"]}},"logLevel":"warn","connectionRetryTimeout":120000,"connectionRetryCount":3,"logLevels":{},"enableDirectConnect":true,"strictSSL":true,"_":"65 more keys: [\"cacheDir\",\"port\",\"requestedCapabilities\",\"automationProtocol\",\"baseUrl\",\"waitforInterval\",\"waitforTimeout\",\"onReload\",\"beforeCommand\",\"afterCommand\",\"rootDir\",\"specs\",\"suites\",\"exclude\",\"groupLogsByTestSpec\",\"excludeDriverLogs\",\"bail\",\"framework\",\"reporters\",\"services\",\"maxInstances\",\"maxInstancesPerCapability\",\"injectGlobals\",\"filesToWatch\",\"execArgv\",\"runnerEnv\",\"runner\",\"shard\",\"specFileRetries\",\"specFileRetriesDelay\",\"specFileRetriesDeferred\",\"reporterSyncInterval\",\"reporterSyncTimeout\",\"cucumberFeaturesWithLineNumbers\",\"autoCompileOpts\",\"mochaOpts\",\"jasmineOpts\",\"cucumberOpts\",\"onPrepare\",\"onWorkerStart\",\"onWorkerEnd\",\"before\",\"beforeSession\",\"beforeSuite\",\"beforeHook\",\"beforeTest\",\"afterTest\",\"afterHook\",\"afterSuite\",\"afterSession\",\"after\",\"onComplete\",\"beforeAssertion\",\"afterAssertion\",\"beforeFeature\",\"beforeScenario\",\"beforeStep\",\"afterStep\",\"afterScenario\",\"afterFeature\",\"_\",\"suite\",\"$0\",\"ignoredWorkerServices\",\"wdi5\"]"}]}
RESULT: {"script":"<script> [2342 bytes]","args":[{"protocol":"http","hostname":"0.0.0.0","path":"/","capabilities":{"browserName":"chrome","goog:chromeOptions":{"binary":"C:\\Program Files\\Google\\Chrome\\Application\\chrome.exe","args":["--start-maximized"]}},"logLevel":"warn","connectionRetryTimeout":120000,"connectionRetryCount":3,"logLevels":{},"enableDirectConnect":true,"strictSSL":true,"_":"65 more keys: [\"cacheDir\",\"port\",\"requestedCapabilities\",\"automationProtocol\",\"baseUrl\",\"waitforInterval\",\"waitforTimeout\",\"onReload\",\"beforeCommand\",\"afterCommand\",\"rootDir\",\"specs\",\"suites\",\"exclude\",\"groupLogsByTestSpec\",\"excludeDriverLogs\",\"bail\",\"framework\",\"reporters\",\"services\",\"maxInstances\",\"maxInstancesPerCapability\",\"injectGlobals\",\"filesToWatch\",\"execArgv\",\"runnerEnv\",\"runner\",\"shard\",\"specFileRetries\",\"specFileRetriesDelay\",\"specFileRetriesDeferred\",\"reporterSyncInterval\",\"reporterSyncTimeout\",\"cucumberFeaturesWithLineNumbers\",\"autoCompileOpts\",\"mochaOpts\",\"jasmineOpts\",\"cucumberOpts\",\"onPrepare\",\"onWorkerStart\",\"onWorkerEnd\",\"before\",\"beforeSession\",\"beforeSuite\",\"beforeHook\",\"beforeTest\",\"afterTest\",\"afterHook\",\"afterSuite\",\"afterSession\",\"after\",\"onComplete\",\"beforeAssertion\",\"afterAssertion\",\"beforeFeature\",\"beforeScenario\",\"beforeStep\",\"afterStep\",\"afterScenario\",\"afterFeature\",\"_\",\"suite\",\"$0\",\"ignoredWorkerServices\",\"wdi5\"]"}]}
COMMAND: POST /session/343af6daf6fbc7ee30938bcb5a9c3885/execute/async - {"script":"<script> [21126 bytes]","args":[35000]}
RESULT: {"script":"<script> [21126 bytes]","args":[35000]}
COMMAND: POST /session/343af6daf6fbc7ee30938bcb5a9c3885/window/fullscreen - {}
RESULT: {}
]]></system-out>
    </testcase>
    <testcase classname="chrome.135_0_7049_96.windows.Billing_confirm_US117289" name="Should create a new equipment" time="122.713">
      <system-out><![CDATA[
COMMAND: POST /session/343af6daf6fbc7ee30938bcb5a9c3885/execute/async - {"script":"<script> [1562 bytes]","args":[{"selector":{"controlType":"sap.m.GenericTile","properties":{"header":"Manage Resources"}},"wdio_ui5_key":"sapm.GenericTile{\"header\":\"Manage Resources\"}"}]}
RESULT: {"script":"<script> [1562 bytes]","args":[{"selector":{"controlType":"sap.m.GenericTile","properties":{"header":"Manage Resources"}},"wdio_ui5_key":"sapm.GenericTile{\"header\":\"Manage Resources\"}"}]}
RESULT: undefined
COMMAND: POST /session/343af6daf6fbc7ee30938bcb5a9c3885/element - {"using":"xpath","value":"//*[@id=\"__tile31\"]"}
RESULT: {"using":"xpath","value":"//*[@id=\"__tile31\"]"}
COMMAND: POST /session/343af6daf6fbc7ee30938bcb5a9c3885/element/f.8C4C75981FBDA5C274A9290576C3313B.d.EED04959E70356FF9D7E5EC5C0C4FD2F.e.2785/click - {}
RESULT: {}
COMMAND: POST /session/343af6daf6fbc7ee30938bcb5a9c3885/element - {"using":"xpath","value":"//button[@data-kt=\"addNewRUOverflowToolbarButton\"]"}
COMMAND: GET /session/343af6daf6fbc7ee30938bcb5a9c3885/screenshot - {}
RESULT: {"using":"xpath","value":"//button[@data-kt=\"addNewRUOverflowToolbarButton\"]"}
COMMAND: POST /session/343af6daf6fbc7ee30938bcb5a9c3885/elements - {"using":"xpath","value":"//button[@data-kt=\"addNewRUOverflowToolbarButton\"]"}
RESULT: {}
RESULT: {"using":"xpath","value":"//button[@data-kt=\"addNewRUOverflowToolbarButton\"]"}
COMMAND: POST /session/343af6daf6fbc7ee30938bcb5a9c3885/elements - {"using":"xpath","value":"//button[@data-kt=\"addNewRUOverflowToolbarButton\"]"}
RESULT: {"using":"xpath","value":"//button[@data-kt=\"addNewRUOverflowToolbarButton\"]"}
COMMAND: POST /session/343af6daf6fbc7ee30938bcb5a9c3885/elements - {"using":"xpath","value":"//button[@data-kt=\"addNewRUOverflowToolbarButton\"]"}
RESULT: {"using":"xpath","value":"//button[@data-kt=\"addNewRUOverflowToolbarButton\"]"}
COMMAND: POST /session/343af6daf6fbc7ee30938bcb5a9c3885/elements - {"using":"xpath","value":"//button[@data-kt=\"addNewRUOverflowToolbarButton\"]"}
RESULT: {"using":"xpath","value":"//button[@data-kt=\"addNewRUOverflowToolbarButton\"]"}
COMMAND: POST /session/343af6daf6fbc7ee30938bcb5a9c3885/elements - {"using":"xpath","value":"//button[@data-kt=\"addNewRUOverflowToolbarButton\"]"}
RESULT: {"using":"xpath","value":"//button[@data-kt=\"addNewRUOverflowToolbarButton\"]"}
COMMAND: POST /session/343af6daf6fbc7ee30938bcb5a9c3885/elements - {"using":"xpath","value":"//button[@data-kt=\"addNewRUOverflowToolbarButton\"]"}
RESULT: {"using":"xpath","value":"//button[@data-kt=\"addNewRUOverflowToolbarButton\"]"}
COMMAND: POST /session/343af6daf6fbc7ee30938bcb5a9c3885/elements - {"using":"xpath","value":"//button[@data-kt=\"addNewRUOverflowToolbarButton\"]"}
RESULT: {"using":"xpath","value":"//button[@data-kt=\"addNewRUOverflowToolbarButton\"]"}
COMMAND: POST /session/343af6daf6fbc7ee30938bcb5a9c3885/elements - {"using":"xpath","value":"//button[@data-kt=\"addNewRUOverflowToolbarButton\"]"}
RESULT: {"using":"xpath","value":"//button[@data-kt=\"addNewRUOverflowToolbarButton\"]"}
COMMAND: POST /session/343af6daf6fbc7ee30938bcb5a9c3885/elements - {"using":"xpath","value":"//button[@data-kt=\"addNewRUOverflowToolbarButton\"]"}
RESULT: {"using":"xpath","value":"//button[@data-kt=\"addNewRUOverflowToolbarButton\"]"}
COMMAND: POST /session/343af6daf6fbc7ee30938bcb5a9c3885/elements - {"using":"xpath","value":"//button[@data-kt=\"addNewRUOverflowToolbarButton\"]"}
RESULT: {"using":"xpath","value":"//button[@data-kt=\"addNewRUOverflowToolbarButton\"]"}
COMMAND: POST /session/343af6daf6fbc7ee30938bcb5a9c3885/elements - {"using":"xpath","value":"//button[@data-kt=\"addNewRUOverflowToolbarButton\"]"}
RESULT: {"using":"xpath","value":"//button[@data-kt=\"addNewRUOverflowToolbarButton\"]"}
COMMAND: POST /session/343af6daf6fbc7ee30938bcb5a9c3885/elements - {"using":"xpath","value":"//button[@data-kt=\"addNewRUOverflowToolbarButton\"]"}
RESULT: {"using":"xpath","value":"//button[@data-kt=\"addNewRUOverflowToolbarButton\"]"}
COMMAND: POST /session/343af6daf6fbc7ee30938bcb5a9c3885/elements - {"using":"xpath","value":"//button[@data-kt=\"addNewRUOverflowToolbarButton\"]"}
RESULT: {"using":"xpath","value":"//button[@data-kt=\"addNewRUOverflowToolbarButton\"]"}
COMMAND: POST /session/343af6daf6fbc7ee30938bcb5a9c3885/elements - {"using":"xpath","value":"//button[@data-kt=\"addNewRUOverflowToolbarButton\"]"}
RESULT: {"using":"xpath","value":"//button[@data-kt=\"addNewRUOverflowToolbarButton\"]"}
COMMAND: POST /session/343af6daf6fbc7ee30938bcb5a9c3885/elements - {"using":"xpath","value":"//button[@data-kt=\"addNewRUOverflowToolbarButton\"]"}
RESULT: {"using":"xpath","value":"//button[@data-kt=\"addNewRUOverflowToolbarButton\"]"}
COMMAND: POST /session/343af6daf6fbc7ee30938bcb5a9c3885/elements - {"using":"xpath","value":"//button[@data-kt=\"addNewRUOverflowToolbarButton\"]"}
RESULT: {"using":"xpath","value":"//button[@data-kt=\"addNewRUOverflowToolbarButton\"]"}
COMMAND: POST /session/343af6daf6fbc7ee30938bcb5a9c3885/elements - {"using":"xpath","value":"//button[@data-kt=\"addNewRUOverflowToolbarButton\"]"}
RESULT: {"using":"xpath","value":"//button[@data-kt=\"addNewRUOverflowToolbarButton\"]"}
COMMAND: POST /session/343af6daf6fbc7ee30938bcb5a9c3885/elements - {"using":"xpath","value":"//button[@data-kt=\"addNewRUOverflowToolbarButton\"]"}
RESULT: {"using":"xpath","value":"//button[@data-kt=\"addNewRUOverflowToolbarButton\"]"}
COMMAND: POST /session/343af6daf6fbc7ee30938bcb5a9c3885/elements - {"using":"xpath","value":"//button[@data-kt=\"addNewRUOverflowToolbarButton\"]"}
RESULT: {"using":"xpath","value":"//button[@data-kt=\"addNewRUOverflowToolbarButton\"]"}
COMMAND: POST /session/343af6daf6fbc7ee30938bcb5a9c3885/elements - {"using":"xpath","value":"//button[@data-kt=\"addNewRUOverflowToolbarButton\"]"}
RESULT: {"using":"xpath","value":"//button[@data-kt=\"addNewRUOverflowToolbarButton\"]"}
COMMAND: POST /session/343af6daf6fbc7ee30938bcb5a9c3885/elements - {"using":"xpath","value":"//button[@data-kt=\"addNewRUOverflowToolbarButton\"]"}
RESULT: {"using":"xpath","value":"//button[@data-kt=\"addNewRUOverflowToolbarButton\"]"}
COMMAND: POST /session/343af6daf6fbc7ee30938bcb5a9c3885/element - {"using":"xpath","value":"//button[@data-kt=\"addNewRUOverflowToolbarButton\"]"}
RESULT: {"using":"xpath","value":"//button[@data-kt=\"addNewRUOverflowToolbarButton\"]"}
COMMAND: POST /session/343af6daf6fbc7ee30938bcb5a9c3885/execute/sync - {"script":"<script> [8489 bytes]","args":[{"element-6066-11e4-a52e-4f735466cecf":"f.8C4C75981FBDA5C274A9290576C3313B.d.EED04959E70356FF9D7E5EC5C0C4FD2F.e.2893","ELEMENT":"f.8C4C75981FBDA5C274A9290576C3313B.d.EED04959E70356FF9D7E5EC5C0C4FD2F.e.2893"}]}
RESULT: {"script":"<script> [8489 bytes]","args":[{"element-6066-11e4-a52e-4f735466cecf":"f.8C4C75981FBDA5C274A9290576C3313B.d.EED04959E70356FF9D7E5EC5C0C4FD2F.e.2893","ELEMENT":"f.8C4C75981FBDA5C274A9290576C3313B.d.EED04959E70356FF9D7E5EC5C0C4FD2F.e.2893"}]}
COMMAND: GET /session/343af6daf6fbc7ee30938bcb5a9c3885/element/f.8C4C75981FBDA5C274A9290576C3313B.d.EED04959E70356FF9D7E5EC5C0C4FD2F.e.2893/enabled - {}
COMMAND: GET /session/343af6daf6fbc7ee30938bcb5a9c3885/screenshot - {}
RESULT: {}
COMMAND: POST /session/343af6daf6fbc7ee30938bcb5a9c3885/execute/sync - {"script":"<script> [8489 bytes]","args":[{"element-6066-11e4-a52e-4f735466cecf":"f.8C4C75981FBDA5C274A9290576C3313B.d.EED04959E70356FF9D7E5EC5C0C4FD2F.e.2893","ELEMENT":"f.8C4C75981FBDA5C274A9290576C3313B.d.EED04959E70356FF9D7E5EC5C0C4FD2F.e.2893"}]}
COMMAND: GET /session/343af6daf6fbc7ee30938bcb5a9c3885/screenshot - {}
RESULT: {}
RESULT: {"script":"<script> [8489 bytes]","args":[{"element-6066-11e4-a52e-4f735466cecf":"f.8C4C75981FBDA5C274A9290576C3313B.d.EED04959E70356FF9D7E5EC5C0C4FD2F.e.2893","ELEMENT":"f.8C4C75981FBDA5C274A9290576C3313B.d.EED04959E70356FF9D7E5EC5C0C4FD2F.e.2893"}]}
COMMAND: POST /session/343af6daf6fbc7ee30938bcb5a9c3885/execute/sync - {"script":"<script> [5351 bytes]","args":[{"element-6066-11e4-a52e-4f735466cecf":"f.8C4C75981FBDA5C274A9290576C3313B.d.EED04959E70356FF9D7E5EC5C0C4FD2F.e.2893","ELEMENT":"f.8C4C75981FBDA5C274A9290576C3313B.d.EED04959E70356FF9D7E5EC5C0C4FD2F.e.2893"}]}
COMMAND: GET /session/343af6daf6fbc7ee30938bcb5a9c3885/screenshot - {}
RESULT: {}
RESULT: {"script":"<script> [5351 bytes]","args":[{"element-6066-11e4-a52e-4f735466cecf":"f.8C4C75981FBDA5C274A9290576C3313B.d.EED04959E70356FF9D7E5EC5C0C4FD2F.e.2893","ELEMENT":"f.8C4C75981FBDA5C274A9290576C3313B.d.EED04959E70356FF9D7E5EC5C0C4FD2F.e.2893"}]}
COMMAND: POST /session/343af6daf6fbc7ee30938bcb5a9c3885/element/f.8C4C75981FBDA5C274A9290576C3313B.d.EED04959E70356FF9D7E5EC5C0C4FD2F.e.2893/click - {}
COMMAND: GET /session/343af6daf6fbc7ee30938bcb5a9c3885/screenshot - {}
RESULT: {}
RESULT: {}
COMMAND: GET /session/343af6daf6fbc7ee30938bcb5a9c3885/screenshot - {}
RESULT: {}
RESULT: {}
COMMAND: POST /session/343af6daf6fbc7ee30938bcb5a9c3885/execute/async - {"script":"<script> [1562 bytes]","args":[{"selector":{"id":"application-manageresources-display-component---newResourceUnit--TYPE-arrow"},"wdio_ui5_key":"applicationmanageresources-display-component---newResourceUnit--TYPE-arrow"}]}
RESULT: {"script":"<script> [1562 bytes]","args":[{"selector":{"id":"application-manageresources-display-component---newResourceUnit--TYPE-arrow"},"wdio_ui5_key":"applicationmanageresources-display-component---newResourceUnit--TYPE-arrow"}]}
RESULT: undefined
COMMAND: POST /session/343af6daf6fbc7ee30938bcb5a9c3885/element - {"using":"xpath","value":"//*[@id=\"application-manageresources-display-component---newResourceUnit--TYPE-arrow\"]"}
RESULT: {"using":"xpath","value":"//*[@id=\"application-manageresources-display-component---newResourceUnit--TYPE-arrow\"]"}
COMMAND: POST /session/343af6daf6fbc7ee30938bcb5a9c3885/element/f.8C4C75981FBDA5C274A9290576C3313B.d.EED04959E70356FF9D7E5EC5C0C4FD2F.e.3264/click - {}
RESULT: {}
COMMAND: POST /session/343af6daf6fbc7ee30938bcb5a9c3885/element - {"using":"xpath","value":"//input[@id=\"application-manageresources-display-component---newResourceUnit--TYPE-inner\"]"}
COMMAND: GET /session/343af6daf6fbc7ee30938bcb5a9c3885/screenshot - {}
RESULT: {"using":"xpath","value":"//input[@id=\"application-manageresources-display-component---newResourceUnit--TYPE-inner\"]"}
COMMAND: POST /session/343af6daf6fbc7ee30938bcb5a9c3885/element/f.8C4C75981FBDA5C274A9290576C3313B.d.EED04959E70356FF9D7E5EC5C0C4FD2F.e.3246/clear - {}
RESULT: {}
RESULT: {}
COMMAND: POST /session/343af6daf6fbc7ee30938bcb5a9c3885/element/f.8C4C75981FBDA5C274A9290576C3313B.d.EED04959E70356FF9D7E5EC5C0C4FD2F.e.3246/value - {"text":"Equipment"}
COMMAND: GET /session/343af6daf6fbc7ee30938bcb5a9c3885/screenshot - {}
RESULT: {"text":"Equipment"}
COMMAND: GET /session/343af6daf6fbc7ee30938bcb5a9c3885/screenshot - {}
RESULT: {}
RESULT: {}
COMMAND: POST /session/343af6daf6fbc7ee30938bcb5a9c3885/actions - {"actions":[{"id":"action8","type":"key","parameters":{},"actions":[{"type":"keyDown","value":"î€‡"},{"type":"pause","duration":10},{"type":"keyUp","value":"î€‡"}]}]}
RESULT: {"actions":[{"id":"action8","type":"key","parameters":{},"actions":[{"type":"keyDown","value":"î€‡"},{"type":"pause","duration":10},{"type":"keyUp","value":"î€‡"}]}]}
COMMAND: POST /session/343af6daf6fbc7ee30938bcb5a9c3885/execute/async - {"script":"<script> [1562 bytes]","args":[{"selector":{"id":"application-manageresources-display-component---newResourceUnit--resourceId","interaction":{"idSuffix":"inner"}},"wdio_ui5_key":"applicationmanageresources-display-component---newResourceUnit--resourceId"}]}
COMMAND: GET /session/343af6daf6fbc7ee30938bcb5a9c3885/screenshot - {}
RESULT: {"script":"<script> [1562 bytes]","args":[{"selector":{"id":"application-manageresources-display-component---newResourceUnit--resourceId","interaction":{"idSuffix":"inner"}},"wdio_ui5_key":"applicationmanageresources-display-component---newResourceUnit--resourceId"}]}
RESULT: undefined
COMMAND: POST /session/343af6daf6fbc7ee30938bcb5a9c3885/execute/async - {"script":"<script> [776 bytes]","args":[{"enterText":"aByOmpDE6w","selector":{"id":"application-manageresources-display-component---newResourceUnit--resourceId","interaction":{"idSuffix":"inner"}},"clearTextFirst":true,"interactionType":"ENTER_TEXT"}]}
RESULT: {}
RESULT: {"script":"<script> [776 bytes]","args":[{"enterText":"aByOmpDE6w","selector":{"id":"application-manageresources-display-component---newResourceUnit--resourceId","interaction":{"idSuffix":"inner"}},"clearTextFirst":true,"interactionType":"ENTER_TEXT"}]}
COMMAND: POST /session/343af6daf6fbc7ee30938bcb5a9c3885/execute/async - {"script":"<script> [1562 bytes]","args":[{"selector":{"id":"application-manageresources-display-component---newResourceUnit--SHORT_TEXT","interaction":{"idSuffix":"inner"}},"wdio_ui5_key":"applicationmanageresources-display-component---newResourceUnit--SHORT_TEXT"}]}
RESULT: {"script":"<script> [1562 bytes]","args":[{"selector":{"id":"application-manageresources-display-component---newResourceUnit--SHORT_TEXT","interaction":{"idSuffix":"inner"}},"wdio_ui5_key":"applicationmanageresources-display-component---newResourceUnit--SHORT_TEXT"}]}
RESULT: undefined
COMMAND: POST /session/343af6daf6fbc7ee30938bcb5a9c3885/execute/async - {"script":"<script> [776 bytes]","args":[{"enterText":"Intercompany Equipment WDIO","selector":{"id":"application-manageresources-display-component---newResourceUnit--SHORT_TEXT","interaction":{"idSuffix":"inner"}},"clearTextFirst":true,"interactionType":"ENTER_TEXT"}]}
RESULT: {"script":"<script> [776 bytes]","args":[{"enterText":"Intercompany Equipment WDIO","selector":{"id":"application-manageresources-display-component---newResourceUnit--SHORT_TEXT","interaction":{"idSuffix":"inner"}},"clearTextFirst":true,"interactionType":"ENTER_TEXT"}]}
COMMAND: POST /session/343af6daf6fbc7ee30938bcb5a9c3885/execute/async - {"script":"<script> [1562 bytes]","args":[{"selector":{"id":"application-manageresources-display-component---newResourceUnit--BASE_UNIT_OF_MEASURE","interaction":{"idSuffix":"inner"}},"wdio_ui5_key":"applicationmanageresources-display-component---newResourceUnit--BASE_UNIT_OF_MEASURE"}]}
RESULT: {"script":"<script> [1562 bytes]","args":[{"selector":{"id":"application-manageresources-display-component---newResourceUnit--BASE_UNIT_OF_MEASURE","interaction":{"idSuffix":"inner"}},"wdio_ui5_key":"applicationmanageresources-display-component---newResourceUnit--BASE_UNIT_OF_MEASURE"}]}
RESULT: undefined
COMMAND: POST /session/343af6daf6fbc7ee30938bcb5a9c3885/execute/async - {"script":"<script> [776 bytes]","args":[{"enterText":"Piece","selector":{"id":"application-manageresources-display-component---newResourceUnit--BASE_UNIT_OF_MEASURE","interaction":{"idSuffix":"inner"}},"clearTextFirst":true,"interactionType":"ENTER_TEXT"}]}
RESULT: {"script":"<script> [776 bytes]","args":[{"enterText":"Piece","selector":{"id":"application-manageresources-display-component---newResourceUnit--BASE_UNIT_OF_MEASURE","interaction":{"idSuffix":"inner"}},"clearTextFirst":true,"interactionType":"ENTER_TEXT"}]}
COMMAND: POST /session/343af6daf6fbc7ee30938bcb5a9c3885/execute/async - {"script":"<script> [1562 bytes]","args":[{"selector":{"id":"application-manageresources-display-component---newResourceUnit--WEIGHT_UNIT","interaction":{"idSuffix":"inner"}},"wdio_ui5_key":"applicationmanageresources-display-component---newResourceUnit--WEIGHT_UNIT"}]}
RESULT: {"script":"<script> [1562 bytes]","args":[{"selector":{"id":"application-manageresources-display-component---newResourceUnit--WEIGHT_UNIT","interaction":{"idSuffix":"inner"}},"wdio_ui5_key":"applicationmanageresources-display-component---newResourceUnit--WEIGHT_UNIT"}]}
RESULT: undefined
COMMAND: POST /session/343af6daf6fbc7ee30938bcb5a9c3885/execute/async - {"script":"<script> [776 bytes]","args":[{"enterText":"Gram","selector":{"id":"application-manageresources-display-component---newResourceUnit--WEIGHT_UNIT","interaction":{"idSuffix":"inner"}},"clearTextFirst":true,"interactionType":"ENTER_TEXT"}]}
RESULT: {"script":"<script> [776 bytes]","args":[{"enterText":"Gram","selector":{"id":"application-manageresources-display-component---newResourceUnit--WEIGHT_UNIT","interaction":{"idSuffix":"inner"}},"clearTextFirst":true,"interactionType":"ENTER_TEXT"}]}
COMMAND: POST /session/343af6daf6fbc7ee30938bcb5a9c3885/execute/async - {"script":"<script> [1562 bytes]","args":[{"selector":{"id":"application-manageresources-display-component---newResourceUnit--DIMENSION_UNIT","interaction":{"idSuffix":"inner"}},"wdio_ui5_key":"applicationmanageresources-display-component---newResourceUnit--DIMENSION_UNIT"}]}
RESULT: {"script":"<script> [1562 bytes]","args":[{"selector":{"id":"application-manageresources-display-component---newResourceUnit--DIMENSION_UNIT","interaction":{"idSuffix":"inner"}},"wdio_ui5_key":"applicationmanageresources-display-component---newResourceUnit--DIMENSION_UNIT"}]}
RESULT: undefined
COMMAND: POST /session/343af6daf6fbc7ee30938bcb5a9c3885/execute/async - {"script":"<script> [776 bytes]","args":[{"enterText":"Meter","selector":{"id":"application-manageresources-display-component---newResourceUnit--DIMENSION_UNIT","interaction":{"idSuffix":"inner"}},"clearTextFirst":true,"interactionType":"ENTER_TEXT"}]}
RESULT: {"script":"<script> [776 bytes]","args":[{"enterText":"Meter","selector":{"id":"application-manageresources-display-component---newResourceUnit--DIMENSION_UNIT","interaction":{"idSuffix":"inner"}},"clearTextFirst":true,"interactionType":"ENTER_TEXT"}]}
COMMAND: POST /session/343af6daf6fbc7ee30938bcb5a9c3885/execute/async - {"script":"<script> [1562 bytes]","args":[{"selector":{"id":"application-manageresources-display-component---newResourceUnit--newRRUPage-anchBar-application-manageresources-display-component---newResourceUnit--control-anchor","interaction":{"idSuffix":"BDI-content"}},"wdio_ui5_key":"applicationmanageresources-display-component---newResourceUnit--newRRUPage-anchBar-application-manageresources-display-component---newResourceUnit--control-anchor"}]}
RESULT: {"script":"<script> [1562 bytes]","args":[{"selector":{"id":"application-manageresources-display-component---newResourceUnit--newRRUPage-anchBar-application-manageresources-display-component---newResourceUnit--control-anchor","interaction":{"idSuffix":"BDI-content"}},"wdio_ui5_key":"applicationmanageresources-display-component---newResourceUnit--newRRUPage-anchBar-application-manageresources-display-component---newResourceUnit--control-anchor"}]}
RESULT: undefined
COMMAND: POST /session/343af6daf6fbc7ee30938bcb5a9c3885/element - {"using":"xpath","value":"//*[@id=\"application-manageresources-display-component---newResourceUnit--newRRUPage-anchBar-application-manageresources-display-component---newResourceUnit--control-anchor\"]"}
RESULT: {"using":"xpath","value":"//*[@id=\"application-manageresources-display-component---newResourceUnit--newRRUPage-anchBar-application-manageresources-display-component---newResourceUnit--control-anchor\"]"}
COMMAND: POST /session/343af6daf6fbc7ee30938bcb5a9c3885/element/f.8C4C75981FBDA5C274A9290576C3313B.d.EED04959E70356FF9D7E5EC5C0C4FD2F.e.3398/click - {}
RESULT: {}
COMMAND: POST /session/343af6daf6fbc7ee30938bcb5a9c3885/execute/async - {"script":"<script> [1562 bytes]","args":[{"selector":{"id":"application-manageresources-display-component---newResourceUnit--PLANNING_GROUP","interaction":{"idSuffix":"inner"}},"wdio_ui5_key":"applicationmanageresources-display-component---newResourceUnit--PLANNING_GROUP"}]}
COMMAND: GET /session/343af6daf6fbc7ee30938bcb5a9c3885/screenshot - {}
RESULT: {"script":"<script> [1562 bytes]","args":[{"selector":{"id":"application-manageresources-display-component---newResourceUnit--PLANNING_GROUP","interaction":{"idSuffix":"inner"}},"wdio_ui5_key":"applicationmanageresources-display-component---newResourceUnit--PLANNING_GROUP"}]}
RESULT: undefined
COMMAND: POST /session/343af6daf6fbc7ee30938bcb5a9c3885/execute/async - {"script":"<script> [776 bytes]","args":[{"enterText":"Heavy Equi","selector":{"id":"application-manageresources-display-component---newResourceUnit--PLANNING_GROUP","interaction":{"idSuffix":"inner"}},"clearTextFirst":true,"interactionType":"ENTER_TEXT"}]}
RESULT: {}
RESULT: {"script":"<script> [776 bytes]","args":[{"enterText":"Heavy Equi","selector":{"id":"application-manageresources-display-component---newResourceUnit--PLANNING_GROUP","interaction":{"idSuffix":"inner"}},"clearTextFirst":true,"interactionType":"ENTER_TEXT"}]}
COMMAND: POST /session/343af6daf6fbc7ee30938bcb5a9c3885/execute/async - {"script":"<script> [1562 bytes]","args":[{"selector":{"id":"application-manageresources-display-component---newResourceUnit--ITEM_TYPE-arrow"},"wdio_ui5_key":"applicationmanageresources-display-component---newResourceUnit--ITEM_TYPE-arrow"}]}
RESULT: {"script":"<script> [1562 bytes]","args":[{"selector":{"id":"application-manageresources-display-component---newResourceUnit--ITEM_TYPE-arrow"},"wdio_ui5_key":"applicationmanageresources-display-component---newResourceUnit--ITEM_TYPE-arrow"}]}
RESULT: undefined
COMMAND: POST /session/343af6daf6fbc7ee30938bcb5a9c3885/element - {"using":"xpath","value":"//*[@id=\"application-manageresources-display-component---newResourceUnit--ITEM_TYPE-arrow\"]"}
RESULT: {"using":"xpath","value":"//*[@id=\"application-manageresources-display-component---newResourceUnit--ITEM_TYPE-arrow\"]"}
COMMAND: POST /session/343af6daf6fbc7ee30938bcb5a9c3885/element/f.8C4C75981FBDA5C274A9290576C3313B.d.EED04959E70356FF9D7E5EC5C0C4FD2F.e.3407/click - {}
RESULT: {}
COMMAND: POST /session/343af6daf6fbc7ee30938bcb5a9c3885/element - {"using":"xpath","value":"(//span[contains(text(), \"Resource Unit\")])[2]"}
COMMAND: GET /session/343af6daf6fbc7ee30938bcb5a9c3885/screenshot - {}
RESULT: {"using":"xpath","value":"(//span[contains(text(), \"Resource Unit\")])[2]"}
COMMAND: POST /session/343af6daf6fbc7ee30938bcb5a9c3885/element/f.8C4C75981FBDA5C274A9290576C3313B.d.EED04959E70356FF9D7E5EC5C0C4FD2F.e.3408/click - {}
RESULT: {}
RESULT: {}
COMMAND: GET /session/343af6daf6fbc7ee30938bcb5a9c3885/screenshot - {}
RESULT: {}
COMMAND: POST /session/343af6daf6fbc7ee30938bcb5a9c3885/element - {"using":"css selector","value":"#application-manageresources-display-component---newResourceUnit--btnAddTimeSegment"}
RESULT: {"using":"css selector","value":"#application-manageresources-display-component---newResourceUnit--btnAddTimeSegment"}
COMMAND: GET /session/343af6daf6fbc7ee30938bcb5a9c3885/element/f.8C4C75981FBDA5C274A9290576C3313B.d.EED04959E70356FF9D7E5EC5C0C4FD2F.e.3409/rect - {}
RESULT: {}
COMMAND: GET /session/343af6daf6fbc7ee30938bcb5a9c3885/window/rect - {}
RESULT: {}
COMMAND: POST /session/343af6daf6fbc7ee30938bcb5a9c3885/execute/sync - {"script":"<script> [92 bytes]","args":[]}
RESULT: {"script":"<script> [92 bytes]","args":[]}
COMMAND: POST /session/343af6daf6fbc7ee30938bcb5a9c3885/actions - {"actions":[{"id":"action9","type":"wheel","parameters":{},"actions":[{"type":"scroll","x":-1888,"y":-32,"deltaX":0,"deltaY":0,"duration":0,"origin":{"element-6066-11e4-a52e-4f735466cecf":"f.8C4C75981FBDA5C274A9290576C3313B.d.EED04959E70356FF9D7E5EC5C0C4FD2F.e.3409"}}]}]}
COMMAND: GET /session/343af6daf6fbc7ee30938bcb5a9c3885/screenshot - {}
RESULT: {}
COMMAND: POST /session/343af6daf6fbc7ee30938bcb5a9c3885/execute/sync - {"script":"<script> [79 bytes]","args":[{"element-6066-11e4-a52e-4f735466cecf":"f.8C4C75981FBDA5C274A9290576C3313B.d.EED04959E70356FF9D7E5EC5C0C4FD2F.e.3409","ELEMENT":"f.8C4C75981FBDA5C274A9290576C3313B.d.EED04959E70356FF9D7E5EC5C0C4FD2F.e.3409"},{"block":"start","inline":"nearest"}]}
RESULT: {"script":"<script> [79 bytes]","args":[{"element-6066-11e4-a52e-4f735466cecf":"f.8C4C75981FBDA5C274A9290576C3313B.d.EED04959E70356FF9D7E5EC5C0C4FD2F.e.3409","ELEMENT":"f.8C4C75981FBDA5C274A9290576C3313B.d.EED04959E70356FF9D7E5EC5C0C4FD2F.e.3409"},{"block":"start","inline":"nearest"}]}
COMMAND: POST /session/343af6daf6fbc7ee30938bcb5a9c3885/execute/async - {"script":"<script> [1562 bytes]","args":[{"selector":{"id":"application-manageresources-display-component---newResourceUnit--btnAddTimeSegment","interaction":{"idSuffix":"inner"}},"wdio_ui5_key":"applicationmanageresources-display-component---newResourceUnit--btnAddTimeSegment"}]}
COMMAND: GET /session/343af6daf6fbc7ee30938bcb5a9c3885/screenshot - {}
RESULT: {"script":"<script> [1562 bytes]","args":[{"selector":{"id":"application-manageresources-display-component---newResourceUnit--btnAddTimeSegment","interaction":{"idSuffix":"inner"}},"wdio_ui5_key":"applicationmanageresources-display-component---newResourceUnit--btnAddTimeSegment"}]}
RESULT: undefined
COMMAND: POST /session/343af6daf6fbc7ee30938bcb5a9c3885/element - {"using":"xpath","value":"//*[@id=\"application-manageresources-display-component---newResourceUnit--btnAddTimeSegment\"]"}
RESULT: {}
RESULT: {"using":"xpath","value":"//*[@id=\"application-manageresources-display-component---newResourceUnit--btnAddTimeSegment\"]"}
COMMAND: POST /session/343af6daf6fbc7ee30938bcb5a9c3885/element/f.8C4C75981FBDA5C274A9290576C3313B.d.EED04959E70356FF9D7E5EC5C0C4FD2F.e.3409/click - {}
RESULT: {}
COMMAND: GET /session/343af6daf6fbc7ee30938bcb5a9c3885/screenshot - {}
RESULT: {}
COMMAND: POST /session/343af6daf6fbc7ee30938bcb5a9c3885/element - {"using":"xpath","value":"//input[@id=\"application-manageresources-display-component---newResourceUnit--idRuTSAdmin-application-manageresources-display-component---newResourceUnit--RUTimeSegment-0-inner\"]"}
RESULT: {"using":"xpath","value":"//input[@id=\"application-manageresources-display-component---newResourceUnit--idRuTSAdmin-application-manageresources-display-component---newResourceUnit--RUTimeSegment-0-inner\"]"}
COMMAND: POST /session/343af6daf6fbc7ee30938bcb5a9c3885/element/f.8C4C75981FBDA5C274A9290576C3313B.d.EED04959E70356FF9D7E5EC5C0C4FD2F.e.3415/clear - {}
RESULT: {}
COMMAND: POST /session/343af6daf6fbc7ee30938bcb5a9c3885/element/f.8C4C75981FBDA5C274A9290576C3313B.d.EED04959E70356FF9D7E5EC5C0C4FD2F.e.3415/value - {"text":"594"}
COMMAND: GET /session/343af6daf6fbc7ee30938bcb5a9c3885/screenshot - {}
RESULT: {"text":"594"}
COMMAND: GET /session/343af6daf6fbc7ee30938bcb5a9c3885/screenshot - {}
RESULT: {}
RESULT: {}
COMMAND: POST /session/343af6daf6fbc7ee30938bcb5a9c3885/element - {"using":"xpath","value":"//li[.//span[text()='594']]"}
RESULT: {"using":"xpath","value":"//li[.//span[text()='594']]"}
COMMAND: POST /session/343af6daf6fbc7ee30938bcb5a9c3885/element/f.8C4C75981FBDA5C274A9290576C3313B.d.EED04959E70356FF9D7E5EC5C0C4FD2F.e.3427/click - {}
RESULT: {}
COMMAND: GET /session/343af6daf6fbc7ee30938bcb5a9c3885/screenshot - {}
RESULT: {}
COMMAND: POST /session/343af6daf6fbc7ee30938bcb5a9c3885/element - {"using":"xpath","value":"(//span[contains(@id, \"-application-manageresources-display-component---newResourceUnit--RUTimeSegment-0-arrow\")])[6]"}
RESULT: {"using":"xpath","value":"(//span[contains(@id, \"-application-manageresources-display-component---newResourceUnit--RUTimeSegment-0-arrow\")])[6]"}
COMMAND: POST /session/343af6daf6fbc7ee30938bcb5a9c3885/element/f.8C4C75981FBDA5C274A9290576C3313B.d.EED04959E70356FF9D7E5EC5C0C4FD2F.e.3428/click - {}
RESULT: {}
COMMAND: GET /session/343af6daf6fbc7ee30938bcb5a9c3885/screenshot - {}
RESULT: {}
COMMAND: POST /session/343af6daf6fbc7ee30938bcb5a9c3885/element - {"using":"xpath","value":"//span[contains(text(), \"PM Order\")]"}
RESULT: {"using":"xpath","value":"//span[contains(text(), \"PM Order\")]"}
COMMAND: POST /session/343af6daf6fbc7ee30938bcb5a9c3885/element/f.8C4C75981FBDA5C274A9290576C3313B.d.EED04959E70356FF9D7E5EC5C0C4FD2F.e.3431/click - {}
RESULT: {}
COMMAND: GET /session/343af6daf6fbc7ee30938bcb5a9c3885/screenshot - {}
RESULT: {}
COMMAND: POST /session/343af6daf6fbc7ee30938bcb5a9c3885/element - {"using":"xpath","value":"(//span[contains(@id ,\"manageresources-display-component---newResourceUnit--RUTimeSegment-0-vhi\")])[1]"}
RESULT: {"using":"xpath","value":"(//span[contains(@id ,\"manageresources-display-component---newResourceUnit--RUTimeSegment-0-vhi\")])[1]"}
COMMAND: GET /session/343af6daf6fbc7ee30938bcb5a9c3885/element/f.8C4C75981FBDA5C274A9290576C3313B.d.EED04959E70356FF9D7E5EC5C0C4FD2F.e.3435/rect - {}
RESULT: {}
COMMAND: GET /session/343af6daf6fbc7ee30938bcb5a9c3885/window/rect - {}
RESULT: {}
COMMAND: POST /session/343af6daf6fbc7ee30938bcb5a9c3885/execute/sync - {"script":"<script> [92 bytes]","args":[]}
RESULT: {"script":"<script> [92 bytes]","args":[]}
COMMAND: POST /session/343af6daf6fbc7ee30938bcb5a9c3885/actions - {"actions":[{"id":"action10","type":"wheel","parameters":{},"actions":[{"type":"scroll","x":-869,"y":-24,"deltaX":0,"deltaY":0,"duration":0,"origin":{"element-6066-11e4-a52e-4f735466cecf":"f.8C4C75981FBDA5C274A9290576C3313B.d.EED04959E70356FF9D7E5EC5C0C4FD2F.e.3435"}}]}]}
COMMAND: GET /session/343af6daf6fbc7ee30938bcb5a9c3885/screenshot - {}
RESULT: {"actions":[{"id":"action10","type":"wheel","parameters":{},"actions":[{"type":"scroll","x":-869,"y":-24,"deltaX":0,"deltaY":0,"duration":0,"origin":{"element-6066-11e4-a52e-4f735466cecf":"f.8C4C75981FBDA5C274A9290576C3313B.d.EED04959E70356FF9D7E5EC5C0C4FD2F.e.3435"}}]}]}
COMMAND: DELETE /session/343af6daf6fbc7ee30938bcb5a9c3885/actions - {}
COMMAND: GET /session/343af6daf6fbc7ee30938bcb5a9c3885/screenshot - {}
RESULT: {}
RESULT: {}
COMMAND: GET /session/343af6daf6fbc7ee30938bcb5a9c3885/screenshot - {}
RESULT: {}
RESULT: {}
COMMAND: POST /session/343af6daf6fbc7ee30938bcb5a9c3885/element/f.8C4C75981FBDA5C274A9290576C3313B.d.EED04959E70356FF9D7E5EC5C0C4FD2F.e.3435/click - {}
RESULT: {}
COMMAND: GET /session/343af6daf6fbc7ee30938bcb5a9c3885/screenshot - {}
RESULT: {}
COMMAND: POST /session/343af6daf6fbc7ee30938bcb5a9c3885/execute/async - {"script":"<script> [1562 bytes]","args":[{"selector":{"controlType":"sap.m.SearchField","properties":{"placeholder":"Search"},"searchOpenDialogs":true,"interaction":{"idSuffix":"I"}},"wdio_ui5_key":"sapm.SearchField{\"placeholder\":\"Search\"}"}]}
RESULT: {"script":"<script> [1562 bytes]","args":[{"selector":{"controlType":"sap.m.SearchField","properties":{"placeholder":"Search"},"searchOpenDialogs":true,"interaction":{"idSuffix":"I"}},"wdio_ui5_key":"sapm.SearchField{\"placeholder\":\"Search\"}"}]}
RESULT: undefined
COMMAND: POST /session/343af6daf6fbc7ee30938bcb5a9c3885/execute/async - {"script":"<script> [776 bytes]","args":[{"enterText":"4000360","selector":{"controlType":"sap.m.SearchField","properties":{"placeholder":"Search"},"searchOpenDialogs":true,"interaction":{"idSuffix":"I"}},"clearTextFirst":true,"interactionType":"ENTER_TEXT"}]}
RESULT: {"script":"<script> [776 bytes]","args":[{"enterText":"4000360","selector":{"controlType":"sap.m.SearchField","properties":{"placeholder":"Search"},"searchOpenDialogs":true,"interaction":{"idSuffix":"I"}},"clearTextFirst":true,"interactionType":"ENTER_TEXT"}]}
COMMAND: POST /session/343af6daf6fbc7ee30938bcb5a9c3885/actions - {"actions":[{"id":"action11","type":"key","parameters":{},"actions":[{"type":"keyDown","value":"î€‡"},{"type":"pause","duration":10},{"type":"keyUp","value":"î€‡"}]}]}
RESULT: {"actions":[{"id":"action11","type":"key","parameters":{},"actions":[{"type":"keyDown","value":"î€‡"},{"type":"pause","duration":10},{"type":"keyUp","value":"î€‡"}]}]}
COMMAND: GET /session/343af6daf6fbc7ee30938bcb5a9c3885/screenshot - {}
RESULT: {}
COMMAND: POST /session/343af6daf6fbc7ee30938bcb5a9c3885/element - {"using":"xpath","value":"//td/div/span[contains(text(), \"BGL Vehicles\")]"}
RESULT: {"using":"xpath","value":"//td/div/span[contains(text(), \"BGL Vehicles\")]"}
COMMAND: POST /session/343af6daf6fbc7ee30938bcb5a9c3885/element/f.8C4C75981FBDA5C274A9290576C3313B.d.EED04959E70356FF9D7E5EC5C0C4FD2F.e.3457/click - {}
RESULT: {}
COMMAND: GET /session/343af6daf6fbc7ee30938bcb5a9c3885/screenshot - {}
RESULT: {}
COMMAND: POST /session/343af6daf6fbc7ee30938bcb5a9c3885/element - {"using":"xpath","value":"//bdi[contains(text(), \"OK\")]"}
RESULT: {"using":"xpath","value":"//bdi[contains(text(), \"OK\")]"}
COMMAND: POST /session/343af6daf6fbc7ee30938bcb5a9c3885/element/f.8C4C75981FBDA5C274A9290576C3313B.d.EED04959E70356FF9D7E5EC5C0C4FD2F.e.3458/click - {}
RESULT: {}
COMMAND: GET /session/343af6daf6fbc7ee30938bcb5a9c3885/screenshot - {}
RESULT: {}
COMMAND: POST /session/343af6daf6fbc7ee30938bcb5a9c3885/execute/async - {"script":"<script> [1562 bytes]","args":[{"selector":{"id":"application-manageresources-display-component---newResourceUnit--newRRUPage-anchBar-application-manageresources-display-component---newResourceUnit--resource-anchor","interaction":{"idSuffix":"BDI-content"}},"wdio_ui5_key":"applicationmanageresources-display-component---newResourceUnit--newRRUPage-anchBar-application-manageresources-display-component---newResourceUnit--resource-anchor"}]}
RESULT: {"script":"<script> [1562 bytes]","args":[{"selector":{"id":"application-manageresources-display-component---newResourceUnit--newRRUPage-anchBar-application-manageresources-display-component---newResourceUnit--resource-anchor","interaction":{"idSuffix":"BDI-content"}},"wdio_ui5_key":"applicationmanageresources-display-component---newResourceUnit--newRRUPage-anchBar-application-manageresources-display-component---newResourceUnit--resource-anchor"}]}
RESULT: undefined
COMMAND: POST /session/343af6daf6fbc7ee30938bcb5a9c3885/element - {"using":"xpath","value":"//*[@id=\"application-manageresources-display-component---newResourceUnit--newRRUPage-anchBar-application-manageresources-display-component---newResourceUnit--resource-anchor\"]"}
RESULT: {"using":"xpath","value":"//*[@id=\"application-manageresources-display-component---newResourceUnit--newRRUPage-anchBar-application-manageresources-display-component---newResourceUnit--resource-anchor\"]"}
COMMAND: POST /session/343af6daf6fbc7ee30938bcb5a9c3885/element/f.8C4C75981FBDA5C274A9290576C3313B.d.EED04959E70356FF9D7E5EC5C0C4FD2F.e.3462/click - {}
RESULT: {}
COMMAND: POST /session/343af6daf6fbc7ee30938bcb5a9c3885/execute/async - {"script":"<script> [1562 bytes]","args":[{"selector":{"id":"application-manageresources-display-component---newResourceUnit--PLANNED_DELIVERY_DATE","interaction":{"idSuffix":"inner"}},"wdio_ui5_key":"applicationmanageresources-display-component---newResourceUnit--PLANNED_DELIVERY_DATE"}]}
COMMAND: GET /session/343af6daf6fbc7ee30938bcb5a9c3885/screenshot - {}
RESULT: {"script":"<script> [1562 bytes]","args":[{"selector":{"id":"application-manageresources-display-component---newResourceUnit--PLANNED_DELIVERY_DATE","interaction":{"idSuffix":"inner"}},"wdio_ui5_key":"applicationmanageresources-display-component---newResourceUnit--PLANNED_DELIVERY_DATE"}]}
RESULT: undefined
COMMAND: POST /session/343af6daf6fbc7ee30938bcb5a9c3885/execute/async - {"script":"<script> [6424 bytes]","args":[{"element-6066-11e4-a52e-4f735466cecf":"f.8C4C75981FBDA5C274A9290576C3313B.d.EED04959E70356FF9D7E5EC5C0C4FD2F.e.3321"},"setValue",["5/5/25"]]}
RESULT: {}
RESULT: {"script":"<script> [6424 bytes]","args":[{"element-6066-11e4-a52e-4f735466cecf":"f.8C4C75981FBDA5C274A9290576C3313B.d.EED04959E70356FF9D7E5EC5C0C4FD2F.e.3321"},"setValue",["5/5/25"]]}
COMMAND: POST /session/343af6daf6fbc7ee30938bcb5a9c3885/element - {"using":"xpath","value":"//button[@data-kt=\"resourceUnitSaveButton\"]"}
RESULT: {"using":"xpath","value":"//button[@data-kt=\"resourceUnitSaveButton\"]"}
COMMAND: POST /session/343af6daf6fbc7ee30938bcb5a9c3885/element/f.8C4C75981FBDA5C274A9290576C3313B.d.EED04959E70356FF9D7E5EC5C0C4FD2F.e.3282/click - {}
RESULT: {}
COMMAND: GET /session/343af6daf6fbc7ee30938bcb5a9c3885/screenshot - {}
RESULT: {}
COMMAND: POST /session/343af6daf6fbc7ee30938bcb5a9c3885/element - {"using":"xpath","value":"//bdi[contains(text(), \"Close\")]"}
RESULT: {"using":"xpath","value":"//bdi[contains(text(), \"Close\")]"}
COMMAND: POST /session/343af6daf6fbc7ee30938bcb5a9c3885/element/f.8C4C75981FBDA5C274A9290576C3313B.d.EED04959E70356FF9D7E5EC5C0C4FD2F.e.3471/click - {}
RESULT: {}
COMMAND: GET /session/343af6daf6fbc7ee30938bcb5a9c3885/screenshot - {}
RESULT: {}
COMMAND: POST /session/343af6daf6fbc7ee30938bcb5a9c3885/element - {"using":"xpath","value":"(//button[contains(@id ,\"actionsToolbar-overflowButton\")])[1]"}
RESULT: {"using":"xpath","value":"(//button[contains(@id ,\"actionsToolbar-overflowButton\")])[1]"}
COMMAND: POST /session/343af6daf6fbc7ee30938bcb5a9c3885/element/f.8C4C75981FBDA5C274A9290576C3313B.d.EED04959E70356FF9D7E5EC5C0C4FD2F.e.3526/click - {}
RESULT: {}
COMMAND: GET /session/343af6daf6fbc7ee30938bcb5a9c3885/screenshot - {}
RESULT: {}
COMMAND: POST /session/343af6daf6fbc7ee30938bcb5a9c3885/element - {"using":"xpath","value":"//button[@data-kt=\"priceInfoButton\"]"}
RESULT: {"using":"xpath","value":"//button[@data-kt=\"priceInfoButton\"]"}
COMMAND: POST /session/343af6daf6fbc7ee30938bcb5a9c3885/element/f.8C4C75981FBDA5C274A9290576C3313B.d.EED04959E70356FF9D7E5EC5C0C4FD2F.e.3528/click - {}
RESULT: {}
COMMAND: GET /session/343af6daf6fbc7ee30938bcb5a9c3885/screenshot - {}
RESULT: {}
]]></system-out>
    </testcase>
    <testcase classname="chrome.135_0_7049_96.windows.Billing_confirm_US117289" name="Should create new pricing rule" time="55.869">
      <system-out><![CDATA[
COMMAND: POST /session/343af6daf6fbc7ee30938bcb5a9c3885/element - {"using":"xpath","value":"//button[@data-kt=\"addButton\"]"}
RESULT: {"using":"xpath","value":"//button[@data-kt=\"addButton\"]"}
COMMAND: POST /session/343af6daf6fbc7ee30938bcb5a9c3885/elements - {"using":"xpath","value":"//button[@data-kt=\"addButton\"]"}
RESULT: {"using":"xpath","value":"//button[@data-kt=\"addButton\"]"}
COMMAND: POST /session/343af6daf6fbc7ee30938bcb5a9c3885/elements - {"using":"xpath","value":"//button[@data-kt=\"addButton\"]"}
RESULT: {"using":"xpath","value":"//button[@data-kt=\"addButton\"]"}
COMMAND: POST /session/343af6daf6fbc7ee30938bcb5a9c3885/element - {"using":"xpath","value":"//button[@data-kt=\"addButton\"]"}
RESULT: {"using":"xpath","value":"//button[@data-kt=\"addButton\"]"}
COMMAND: POST /session/343af6daf6fbc7ee30938bcb5a9c3885/execute/sync - {"script":"<script> [8489 bytes]","args":[{"element-6066-11e4-a52e-4f735466cecf":"f.8C4C75981FBDA5C274A9290576C3313B.d.EED04959E70356FF9D7E5EC5C0C4FD2F.e.3566","ELEMENT":"f.8C4C75981FBDA5C274A9290576C3313B.d.EED04959E70356FF9D7E5EC5C0C4FD2F.e.3566"}]}
RESULT: {"script":"<script> [8489 bytes]","args":[{"element-6066-11e4-a52e-4f735466cecf":"f.8C4C75981FBDA5C274A9290576C3313B.d.EED04959E70356FF9D7E5EC5C0C4FD2F.e.3566","ELEMENT":"f.8C4C75981FBDA5C274A9290576C3313B.d.EED04959E70356FF9D7E5EC5C0C4FD2F.e.3566"}]}
COMMAND: GET /session/343af6daf6fbc7ee30938bcb5a9c3885/element/f.8C4C75981FBDA5C274A9290576C3313B.d.EED04959E70356FF9D7E5EC5C0C4FD2F.e.3566/enabled - {}
COMMAND: GET /session/343af6daf6fbc7ee30938bcb5a9c3885/screenshot - {}
RESULT: {}
COMMAND: POST /session/343af6daf6fbc7ee30938bcb5a9c3885/execute/sync - {"script":"<script> [8489 bytes]","args":[{"element-6066-11e4-a52e-4f735466cecf":"f.8C4C75981FBDA5C274A9290576C3313B.d.EED04959E70356FF9D7E5EC5C0C4FD2F.e.3566","ELEMENT":"f.8C4C75981FBDA5C274A9290576C3313B.d.EED04959E70356FF9D7E5EC5C0C4FD2F.e.3566"}]}
COMMAND: GET /session/343af6daf6fbc7ee30938bcb5a9c3885/screenshot - {}
RESULT: {}
RESULT: {"script":"<script> [8489 bytes]","args":[{"element-6066-11e4-a52e-4f735466cecf":"f.8C4C75981FBDA5C274A9290576C3313B.d.EED04959E70356FF9D7E5EC5C0C4FD2F.e.3566","ELEMENT":"f.8C4C75981FBDA5C274A9290576C3313B.d.EED04959E70356FF9D7E5EC5C0C4FD2F.e.3566"}]}
COMMAND: POST /session/343af6daf6fbc7ee30938bcb5a9c3885/execute/sync - {"script":"<script> [5351 bytes]","args":[{"element-6066-11e4-a52e-4f735466cecf":"f.8C4C75981FBDA5C274A9290576C3313B.d.EED04959E70356FF9D7E5EC5C0C4FD2F.e.3566","ELEMENT":"f.8C4C75981FBDA5C274A9290576C3313B.d.EED04959E70356FF9D7E5EC5C0C4FD2F.e.3566"}]}
COMMAND: GET /session/343af6daf6fbc7ee30938bcb5a9c3885/screenshot - {}
RESULT: {}
RESULT: {"script":"<script> [5351 bytes]","args":[{"element-6066-11e4-a52e-4f735466cecf":"f.8C4C75981FBDA5C274A9290576C3313B.d.EED04959E70356FF9D7E5EC5C0C4FD2F.e.3566","ELEMENT":"f.8C4C75981FBDA5C274A9290576C3313B.d.EED04959E70356FF9D7E5EC5C0C4FD2F.e.3566"}]}
COMMAND: POST /session/343af6daf6fbc7ee30938bcb5a9c3885/element/f.8C4C75981FBDA5C274A9290576C3313B.d.EED04959E70356FF9D7E5EC5C0C4FD2F.e.3566/click - {}
COMMAND: GET /session/343af6daf6fbc7ee30938bcb5a9c3885/screenshot - {}
RESULT: {}
RESULT: {}
COMMAND: GET /session/343af6daf6fbc7ee30938bcb5a9c3885/screenshot - {}
RESULT: {}
RESULT: {}
COMMAND: POST /session/343af6daf6fbc7ee30938bcb5a9c3885/execute/async - {"script":"<script> [1562 bytes]","args":[{"selector":{"controlType":"sap.m.Title","viewName":"etm.portal.ui.managepricingrules.view.NewItem","viewId":"application-managepricingrules-display-component---newInfoPriceItem","properties":{"text":"New Pricing Rules - Item Level"}},"wdio_ui5_key":"etmportal.ui.managepricingrules.view.NewItemsap.m.Title{\"text\":\"New Pricing Rules - Item Level\"}"}]}
RESULT: {"script":"<script> [1562 bytes]","args":[{"selector":{"controlType":"sap.m.Title","viewName":"etm.portal.ui.managepricingrules.view.NewItem","viewId":"application-managepricingrules-display-component---newInfoPriceItem","properties":{"text":"New Pricing Rules - Item Level"}},"wdio_ui5_key":"etmportal.ui.managepricingrules.view.NewItemsap.m.Title{\"text\":\"New Pricing Rules - Item Level\"}"}]}
RESULT: undefined
COMMAND: POST /session/343af6daf6fbc7ee30938bcb5a9c3885/execute/async - {"script":"<script> [6424 bytes]","args":[{"element-6066-11e4-a52e-4f735466cecf":"f.8C4C75981FBDA5C274A9290576C3313B.d.EED04959E70356FF9D7E5EC5C0C4FD2F.e.3729"},"getText",[]]}
RESULT: {"script":"<script> [6424 bytes]","args":[{"element-6066-11e4-a52e-4f735466cecf":"f.8C4C75981FBDA5C274A9290576C3313B.d.EED04959E70356FF9D7E5EC5C0C4FD2F.e.3729"},"getText",[]]}
COMMAND: POST /session/343af6daf6fbc7ee30938bcb5a9c3885/execute/async - {"script":"<script> [1562 bytes]","args":[{"selector":{"id":"application-managepricingrules-display-component---newInfoPriceItem--condValidTo","interaction":{"idSuffix":"inner"}},"wdio_ui5_key":"applicationmanagepricingrules-display-component---newInfoPriceItem--condValidTo"}]}
RESULT: {"script":"<script> [1562 bytes]","args":[{"selector":{"id":"application-managepricingrules-display-component---newInfoPriceItem--condValidTo","interaction":{"idSuffix":"inner"}},"wdio_ui5_key":"applicationmanagepricingrules-display-component---newInfoPriceItem--condValidTo"}]}
RESULT: undefined
COMMAND: POST /session/343af6daf6fbc7ee30938bcb5a9c3885/execute/async - {"script":"<script> [776 bytes]","args":[{"enterText":"01/05/26","selector":{"id":"application-managepricingrules-display-component---newInfoPriceItem--condValidTo","interaction":{"idSuffix":"inner"}},"clearTextFirst":true,"interactionType":"ENTER_TEXT"}]}
RESULT: {"script":"<script> [776 bytes]","args":[{"enterText":"01/05/26","selector":{"id":"application-managepricingrules-display-component---newInfoPriceItem--condValidTo","interaction":{"idSuffix":"inner"}},"clearTextFirst":true,"interactionType":"ENTER_TEXT"}]}
COMMAND: POST /session/343af6daf6fbc7ee30938bcb5a9c3885/execute/async - {"script":"<script> [1562 bytes]","args":[{"selector":{"id":"application-managepricingrules-display-component---newInfoPriceItem--billType-arrow"},"wdio_ui5_key":"applicationmanagepricingrules-display-component---newInfoPriceItem--billType-arrow"}]}
RESULT: {"script":"<script> [1562 bytes]","args":[{"selector":{"id":"application-managepricingrules-display-component---newInfoPriceItem--billType-arrow"},"wdio_ui5_key":"applicationmanagepricingrules-display-component---newInfoPriceItem--billType-arrow"}]}
RESULT: undefined
COMMAND: POST /session/343af6daf6fbc7ee30938bcb5a9c3885/element - {"using":"xpath","value":"//*[@id=\"application-managepricingrules-display-component---newInfoPriceItem--billType-arrow\"]"}
RESULT: {"using":"xpath","value":"//*[@id=\"application-managepricingrules-display-component---newInfoPriceItem--billType-arrow\"]"}
COMMAND: POST /session/343af6daf6fbc7ee30938bcb5a9c3885/element/f.8C4C75981FBDA5C274A9290576C3313B.d.EED04959E70356FF9D7E5EC5C0C4FD2F.e.3731/click - {}
RESULT: {}
COMMAND: POST /session/343af6daf6fbc7ee30938bcb5a9c3885/element - {"using":"xpath","value":"//span[contains(text(), \"TB - Time based\")]"}
COMMAND: GET /session/343af6daf6fbc7ee30938bcb5a9c3885/screenshot - {}
RESULT: {"using":"xpath","value":"//span[contains(text(), \"TB - Time based\")]"}
COMMAND: POST /session/343af6daf6fbc7ee30938bcb5a9c3885/element/f.8C4C75981FBDA5C274A9290576C3313B.d.EED04959E70356FF9D7E5EC5C0C4FD2F.e.3732/click - {}
RESULT: {}
RESULT: {}
COMMAND: POST /session/343af6daf6fbc7ee30938bcb5a9c3885/execute/async - {"script":"<script> [1562 bytes]","args":[{"selector":{"id":"application-managepricingrules-display-component---newInfoPriceItem--priceProc-arrow"},"wdio_ui5_key":"applicationmanagepricingrules-display-component---newInfoPriceItem--priceProc-arrow"}]}
COMMAND: GET /session/343af6daf6fbc7ee30938bcb5a9c3885/screenshot - {}
RESULT: {"script":"<script> [1562 bytes]","args":[{"selector":{"id":"application-managepricingrules-display-component---newInfoPriceItem--priceProc-arrow"},"wdio_ui5_key":"applicationmanagepricingrules-display-component---newInfoPriceItem--priceProc-arrow"}]}
RESULT: undefined
COMMAND: POST /session/343af6daf6fbc7ee30938bcb5a9c3885/element - {"using":"xpath","value":"//*[@id=\"application-managepricingrules-display-component---newInfoPriceItem--priceProc-arrow\"]"}
RESULT: {}
RESULT: {"using":"xpath","value":"//*[@id=\"application-managepricingrules-display-component---newInfoPriceItem--priceProc-arrow\"]"}
COMMAND: POST /session/343af6daf6fbc7ee30938bcb5a9c3885/element/f.8C4C75981FBDA5C274A9290576C3313B.d.EED04959E70356FF9D7E5EC5C0C4FD2F.e.3697/click - {}
RESULT: {}
COMMAND: POST /session/343af6daf6fbc7ee30938bcb5a9c3885/element - {"using":"xpath","value":"//span[contains(text(), \"TBS - Time based standard\")]"}
COMMAND: GET /session/343af6daf6fbc7ee30938bcb5a9c3885/screenshot - {}
RESULT: {"using":"xpath","value":"//span[contains(text(), \"TBS - Time based standard\")]"}
COMMAND: POST /session/343af6daf6fbc7ee30938bcb5a9c3885/element/f.8C4C75981FBDA5C274A9290576C3313B.d.EED04959E70356FF9D7E5EC5C0C4FD2F.e.3733/click - {}
RESULT: {}
RESULT: {}
COMMAND: POST /session/343af6daf6fbc7ee30938bcb5a9c3885/execute/async - {"script":"<script> [1562 bytes]","args":[{"selector":{"id":"application-managepricingrules-display-component---newInfoPriceItem--calcBase-arrow"},"wdio_ui5_key":"applicationmanagepricingrules-display-component---newInfoPriceItem--calcBase-arrow"}]}
COMMAND: GET /session/343af6daf6fbc7ee30938bcb5a9c3885/screenshot - {}
RESULT: {"script":"<script> [1562 bytes]","args":[{"selector":{"id":"application-managepricingrules-display-component---newInfoPriceItem--calcBase-arrow"},"wdio_ui5_key":"applicationmanagepricingrules-display-component---newInfoPriceItem--calcBase-arrow"}]}
RESULT: undefined
COMMAND: POST /session/343af6daf6fbc7ee30938bcb5a9c3885/element - {"using":"xpath","value":"//*[@id=\"application-managepricingrules-display-component---newInfoPriceItem--calcBase-arrow\"]"}
RESULT: {}
RESULT: {"using":"xpath","value":"//*[@id=\"application-managepricingrules-display-component---newInfoPriceItem--calcBase-arrow\"]"}
COMMAND: POST /session/343af6daf6fbc7ee30938bcb5a9c3885/element/f.8C4C75981FBDA5C274A9290576C3313B.d.EED04959E70356FF9D7E5EC5C0C4FD2F.e.3704/click - {}
RESULT: {}
COMMAND: GET /session/343af6daf6fbc7ee30938bcb5a9c3885/screenshot - {}
RESULT: {}
COMMAND: POST /session/343af6daf6fbc7ee30938bcb5a9c3885/element - {"using":"xpath","value":"//span[contains(text(), \"0006 - TB(calendar days)\")]"}
RESULT: {"using":"xpath","value":"//span[contains(text(), \"0006 - TB(calendar days)\")]"}
COMMAND: POST /session/343af6daf6fbc7ee30938bcb5a9c3885/element/f.8C4C75981FBDA5C274A9290576C3313B.d.EED04959E70356FF9D7E5EC5C0C4FD2F.e.3734/click - {}
RESULT: {}
COMMAND: GET /session/343af6daf6fbc7ee30938bcb5a9c3885/screenshot - {}
RESULT: {}
COMMAND: POST /session/343af6daf6fbc7ee30938bcb5a9c3885/execute/async - {"script":"<script> [1562 bytes]","args":[{"selector":{"id":"application-managepricingrules-display-component---newInfoPriceItem--daysMonth","interaction":{"idSuffix":"inner"}},"wdio_ui5_key":"applicationmanagepricingrules-display-component---newInfoPriceItem--daysMonth"}]}
RESULT: {"script":"<script> [1562 bytes]","args":[{"selector":{"id":"application-managepricingrules-display-component---newInfoPriceItem--daysMonth","interaction":{"idSuffix":"inner"}},"wdio_ui5_key":"applicationmanagepricingrules-display-component---newInfoPriceItem--daysMonth"}]}
RESULT: undefined
COMMAND: POST /session/343af6daf6fbc7ee30938bcb5a9c3885/execute/async - {"script":"<script> [776 bytes]","args":[{"enterText":"30","selector":{"id":"application-managepricingrules-display-component---newInfoPriceItem--daysMonth","interaction":{"idSuffix":"inner"}},"clearTextFirst":true,"interactionType":"ENTER_TEXT"}]}
RESULT: {"script":"<script> [776 bytes]","args":[{"enterText":"30","selector":{"id":"application-managepricingrules-display-component---newInfoPriceItem--daysMonth","interaction":{"idSuffix":"inner"}},"clearTextFirst":true,"interactionType":"ENTER_TEXT"}]}
COMMAND: POST /session/343af6daf6fbc7ee30938bcb5a9c3885/element - {"using":"xpath","value":"//button[@data-kt=\"saveNewRuleButton\"]"}
RESULT: {"using":"xpath","value":"//button[@data-kt=\"saveNewRuleButton\"]"}
COMMAND: POST /session/343af6daf6fbc7ee30938bcb5a9c3885/element/f.8C4C75981FBDA5C274A9290576C3313B.d.EED04959E70356FF9D7E5EC5C0C4FD2F.e.3720/click - {}
RESULT: {}
COMMAND: GET /session/343af6daf6fbc7ee30938bcb5a9c3885/screenshot - {}
RESULT: {}
COMMAND: POST /session/343af6daf6fbc7ee30938bcb5a9c3885/execute/async - {"script":"<script> [1562 bytes]","args":[{"selector":{"id":"application-managepricingrules-display-component---priceInfoItem--smartFilterBar-btnBasicSearch","interaction":{"idSuffix":"I"}},"wdio_ui5_key":"applicationmanagepricingrules-display-component---priceInfoItem--smartFilterBar-btnBasicSearch"}]}
RESULT: {"script":"<script> [1562 bytes]","args":[{"selector":{"id":"application-managepricingrules-display-component---priceInfoItem--smartFilterBar-btnBasicSearch","interaction":{"idSuffix":"I"}},"wdio_ui5_key":"applicationmanagepricingrules-display-component---priceInfoItem--smartFilterBar-btnBasicSearch"}]}
RESULT: undefined
COMMAND: POST /session/343af6daf6fbc7ee30938bcb5a9c3885/execute/async - {"script":"<script> [776 bytes]","args":[{"enterText":"aByOmpDE6w","selector":{"id":"application-managepricingrules-display-component---priceInfoItem--smartFilterBar-btnBasicSearch","interaction":{"idSuffix":"I"}},"clearTextFirst":true,"interactionType":"ENTER_TEXT"}]}
RESULT: {"script":"<script> [776 bytes]","args":[{"enterText":"aByOmpDE6w","selector":{"id":"application-managepricingrules-display-component---priceInfoItem--smartFilterBar-btnBasicSearch","interaction":{"idSuffix":"I"}},"clearTextFirst":true,"interactionType":"ENTER_TEXT"}]}
COMMAND: POST /session/343af6daf6fbc7ee30938bcb5a9c3885/actions - {"actions":[{"id":"action12","type":"key","parameters":{},"actions":[{"type":"keyDown","value":"î€‡"},{"type":"pause","duration":10},{"type":"keyUp","value":"î€‡"}]}]}
RESULT: {"actions":[{"id":"action12","type":"key","parameters":{},"actions":[{"type":"keyDown","value":"î€‡"},{"type":"pause","duration":10},{"type":"keyUp","value":"î€‡"}]}]}
COMMAND: GET /session/343af6daf6fbc7ee30938bcb5a9c3885/screenshot - {}
RESULT: {}
COMMAND: POST /session/343af6daf6fbc7ee30938bcb5a9c3885/element - {"using":"xpath","value":"//span[@id=\"application-managepricingrules-display-component---priceInfoItem--smartTable-header-inner\"]"}
RESULT: {"using":"xpath","value":"//span[@id=\"application-managepricingrules-display-component---priceInfoItem--smartTable-header-inner\"]"}
COMMAND: POST /session/343af6daf6fbc7ee30938bcb5a9c3885/elements - {"using":"xpath","value":"//span[@id=\"application-managepricingrules-display-component---priceInfoItem--smartTable-header-inner\"]"}
RESULT: {"using":"xpath","value":"//span[@id=\"application-managepricingrules-display-component---priceInfoItem--smartTable-header-inner\"]"}
COMMAND: POST /session/343af6daf6fbc7ee30938bcb5a9c3885/execute/sync - {"script":"<script> [56 bytes]","args":[{"element-6066-11e4-a52e-4f735466cecf":"f.8C4C75981FBDA5C274A9290576C3313B.d.EED04959E70356FF9D7E5EC5C0C4FD2F.e.3747","ELEMENT":"f.8C4C75981FBDA5C274A9290576C3313B.d.EED04959E70356FF9D7E5EC5C0C4FD2F.e.3747"}]}
RESULT: {"script":"<script> [56 bytes]","args":[{"element-6066-11e4-a52e-4f735466cecf":"f.8C4C75981FBDA5C274A9290576C3313B.d.EED04959E70356FF9D7E5EC5C0C4FD2F.e.3747","ELEMENT":"f.8C4C75981FBDA5C274A9290576C3313B.d.EED04959E70356FF9D7E5EC5C0C4FD2F.e.3747"}]}
COMMAND: POST /session/343af6daf6fbc7ee30938bcb5a9c3885/element - {"using":"css selector","value":"#shell-header-logo"}
COMMAND: GET /session/343af6daf6fbc7ee30938bcb5a9c3885/screenshot - {}
RESULT: {"using":"css selector","value":"#shell-header-logo"}
COMMAND: POST /session/343af6daf6fbc7ee30938bcb5a9c3885/element/f.8C4C75981FBDA5C274A9290576C3313B.d.EED04959E70356FF9D7E5EC5C0C4FD2F.e.2863/click - {}
RESULT: {}
RESULT: {}
COMMAND: GET /session/343af6daf6fbc7ee30938bcb5a9c3885/screenshot - {}
RESULT: {}
]]></system-out>
    </testcase>
    <testcase classname="chrome.135_0_7049_96.windows.Billing_confirm_US117289" name="Should create new condition for equipment" time="64.1">
      <system-out><![CDATA[
COMMAND: POST /session/343af6daf6fbc7ee30938bcb5a9c3885/execute/async - {"script":"<script> [1562 bytes]","args":[{"selector":{"controlType":"sap.m.Text","properties":{"text":"Manage Conditions & Prices"},"interaction":{"idSuffix":"inner"}},"wdio_ui5_key":"sapm.Text{\"text\":\"Manage Conditions & Prices\"}"}]}
RESULT: {"script":"<script> [1562 bytes]","args":[{"selector":{"controlType":"sap.m.Text","properties":{"text":"Manage Conditions & Prices"},"interaction":{"idSuffix":"inner"}},"wdio_ui5_key":"sapm.Text{\"text\":\"Manage Conditions & Prices\"}"}]}
RESULT: undefined
COMMAND: POST /session/343af6daf6fbc7ee30938bcb5a9c3885/element - {"using":"xpath","value":"//*[@id=\"__tile93-title\"]"}
RESULT: {"using":"xpath","value":"//*[@id=\"__tile93-title\"]"}
COMMAND: POST /session/343af6daf6fbc7ee30938bcb5a9c3885/element/f.8C4C75981FBDA5C274A9290576C3313B.d.EED04959E70356FF9D7E5EC5C0C4FD2F.e.3750/click - {}
RESULT: {}
COMMAND: POST /session/343af6daf6fbc7ee30938bcb5a9c3885/element - {"using":"xpath","value":"//button[@aria-label=\"Create\"]"}
COMMAND: GET /session/343af6daf6fbc7ee30938bcb5a9c3885/screenshot - {}
RESULT: {"using":"xpath","value":"//button[@aria-label=\"Create\"]"}
COMMAND: POST /session/343af6daf6fbc7ee30938bcb5a9c3885/elements - {"using":"xpath","value":"//button[@aria-label=\"Create\"]"}
RESULT: {}
RESULT: {"using":"xpath","value":"//button[@aria-label=\"Create\"]"}
COMMAND: POST /session/343af6daf6fbc7ee30938bcb5a9c3885/elements - {"using":"xpath","value":"//button[@aria-label=\"Create\"]"}
RESULT: {"using":"xpath","value":"//button[@aria-label=\"Create\"]"}
COMMAND: POST /session/343af6daf6fbc7ee30938bcb5a9c3885/elements - {"using":"xpath","value":"//button[@aria-label=\"Create\"]"}
RESULT: {"using":"xpath","value":"//button[@aria-label=\"Create\"]"}
COMMAND: POST /session/343af6daf6fbc7ee30938bcb5a9c3885/elements - {"using":"xpath","value":"//button[@aria-label=\"Create\"]"}
RESULT: {"using":"xpath","value":"//button[@aria-label=\"Create\"]"}
COMMAND: POST /session/343af6daf6fbc7ee30938bcb5a9c3885/element - {"using":"xpath","value":"//button[@aria-label=\"Create\"]"}
RESULT: {"using":"xpath","value":"//button[@aria-label=\"Create\"]"}
COMMAND: POST /session/343af6daf6fbc7ee30938bcb5a9c3885/execute/sync - {"script":"<script> [8489 bytes]","args":[{"element-6066-11e4-a52e-4f735466cecf":"f.8C4C75981FBDA5C274A9290576C3313B.d.EED04959E70356FF9D7E5EC5C0C4FD2F.e.3789","ELEMENT":"f.8C4C75981FBDA5C274A9290576C3313B.d.EED04959E70356FF9D7E5EC5C0C4FD2F.e.3789"}]}
RESULT: {"script":"<script> [8489 bytes]","args":[{"element-6066-11e4-a52e-4f735466cecf":"f.8C4C75981FBDA5C274A9290576C3313B.d.EED04959E70356FF9D7E5EC5C0C4FD2F.e.3789","ELEMENT":"f.8C4C75981FBDA5C274A9290576C3313B.d.EED04959E70356FF9D7E5EC5C0C4FD2F.e.3789"}]}
COMMAND: GET /session/343af6daf6fbc7ee30938bcb5a9c3885/element/f.8C4C75981FBDA5C274A9290576C3313B.d.EED04959E70356FF9D7E5EC5C0C4FD2F.e.3789/enabled - {}
RESULT: {}
COMMAND: POST /session/343af6daf6fbc7ee30938bcb5a9c3885/execute/sync - {"script":"<script> [8489 bytes]","args":[{"element-6066-11e4-a52e-4f735466cecf":"f.8C4C75981FBDA5C274A9290576C3313B.d.EED04959E70356FF9D7E5EC5C0C4FD2F.e.3789","ELEMENT":"f.8C4C75981FBDA5C274A9290576C3313B.d.EED04959E70356FF9D7E5EC5C0C4FD2F.e.3789"}]}
COMMAND: GET /session/343af6daf6fbc7ee30938bcb5a9c3885/screenshot - {}
COMMAND: GET /session/343af6daf6fbc7ee30938bcb5a9c3885/screenshot - {}
RESULT: {"script":"<script> [8489 bytes]","args":[{"element-6066-11e4-a52e-4f735466cecf":"f.8C4C75981FBDA5C274A9290576C3313B.d.EED04959E70356FF9D7E5EC5C0C4FD2F.e.3789","ELEMENT":"f.8C4C75981FBDA5C274A9290576C3313B.d.EED04959E70356FF9D7E5EC5C0C4FD2F.e.3789"}]}
COMMAND: POST /session/343af6daf6fbc7ee30938bcb5a9c3885/execute/sync - {"script":"<script> [5351 bytes]","args":[{"element-6066-11e4-a52e-4f735466cecf":"f.8C4C75981FBDA5C274A9290576C3313B.d.EED04959E70356FF9D7E5EC5C0C4FD2F.e.3789","ELEMENT":"f.8C4C75981FBDA5C274A9290576C3313B.d.EED04959E70356FF9D7E5EC5C0C4FD2F.e.3789"}]}
COMMAND: GET /session/343af6daf6fbc7ee30938bcb5a9c3885/screenshot - {}
RESULT: {}
RESULT: {"script":"<script> [5351 bytes]","args":[{"element-6066-11e4-a52e-4f735466cecf":"f.8C4C75981FBDA5C274A9290576C3313B.d.EED04959E70356FF9D7E5EC5C0C4FD2F.e.3789","ELEMENT":"f.8C4C75981FBDA5C274A9290576C3313B.d.EED04959E70356FF9D7E5EC5C0C4FD2F.e.3789"}]}
COMMAND: POST /session/343af6daf6fbc7ee30938bcb5a9c3885/element/f.8C4C75981FBDA5C274A9290576C3313B.d.EED04959E70356FF9D7E5EC5C0C4FD2F.e.3789/click - {}
RESULT: {}
COMMAND: GET /session/343af6daf6fbc7ee30938bcb5a9c3885/screenshot - {}
RESULT: {}
COMMAND: GET /session/343af6daf6fbc7ee30938bcb5a9c3885/screenshot - {}
RESULT: {}
RESULT: {}
RESULT: {}
COMMAND: POST /session/343af6daf6fbc7ee30938bcb5a9c3885/actions - {"actions":[{"id":"action13","type":"key","parameters":{},"actions":[{"type":"keyDown","value":"î€‡"},{"type":"pause","duration":10},{"type":"keyUp","value":"î€‡"}]}]}
RESULT: {"actions":[{"id":"action13","type":"key","parameters":{},"actions":[{"type":"keyDown","value":"î€‡"},{"type":"pause","duration":10},{"type":"keyUp","value":"î€‡"}]}]}
COMMAND: GET /session/343af6daf6fbc7ee30938bcb5a9c3885/screenshot - {}
RESULT: {}
COMMAND: POST /session/343af6daf6fbc7ee30938bcb5a9c3885/execute/async - {"script":"<script> [1562 bytes]","args":[{"selector":{"id":"application-manageconditionprice-display-component---newCondition--condBillCond-arrow"},"wdio_ui5_key":"applicationmanageconditionprice-display-component---newCondition--condBillCond-arrow"}]}
RESULT: {"script":"<script> [1562 bytes]","args":[{"selector":{"id":"application-manageconditionprice-display-component---newCondition--condBillCond-arrow"},"wdio_ui5_key":"applicationmanageconditionprice-display-component---newCondition--condBillCond-arrow"}]}
RESULT: undefined
COMMAND: POST /session/343af6daf6fbc7ee30938bcb5a9c3885/element - {"using":"xpath","value":"//*[@id=\"application-manageconditionprice-display-component---newCondition--condBillCond-arrow\"]"}
RESULT: {"using":"xpath","value":"//*[@id=\"application-manageconditionprice-display-component---newCondition--condBillCond-arrow\"]"}
COMMAND: POST /session/343af6daf6fbc7ee30938bcb5a9c3885/element/f.8C4C75981FBDA5C274A9290576C3313B.d.EED04959E70356FF9D7E5EC5C0C4FD2F.e.3981/click - {}
RESULT: {}
COMMAND: GET /session/343af6daf6fbc7ee30938bcb5a9c3885/screenshot - {}
RESULT: {}
COMMAND: POST /session/343af6daf6fbc7ee30938bcb5a9c3885/element - {"using":"xpath","value":"//li[.//span[contains(text(), \"DISP - D&I special price\")]]"}
RESULT: {"using":"xpath","value":"//li[.//span[contains(text(), \"DISP - D&I special price\")]]"}
COMMAND: POST /session/343af6daf6fbc7ee30938bcb5a9c3885/element/f.8C4C75981FBDA5C274A9290576C3313B.d.EED04959E70356FF9D7E5EC5C0C4FD2F.e.3984/click - {}
RESULT: {}
COMMAND: GET /session/343af6daf6fbc7ee30938bcb5a9c3885/screenshot - {}
RESULT: {}
COMMAND: POST /session/343af6daf6fbc7ee30938bcb5a9c3885/execute/async - {"script":"<script> [1562 bytes]","args":[{"selector":{"id":"application-manageconditionprice-display-component---newCondition--condValidTo","interaction":{"idSuffix":"inner"}},"wdio_ui5_key":"applicationmanageconditionprice-display-component---newCondition--condValidTo"}]}
RESULT: {"script":"<script> [1562 bytes]","args":[{"selector":{"id":"application-manageconditionprice-display-component---newCondition--condValidTo","interaction":{"idSuffix":"inner"}},"wdio_ui5_key":"applicationmanageconditionprice-display-component---newCondition--condValidTo"}]}
RESULT: undefined
COMMAND: POST /session/343af6daf6fbc7ee30938bcb5a9c3885/execute/async - {"script":"<script> [776 bytes]","args":[{"enterText":"01/05/26","selector":{"id":"application-manageconditionprice-display-component---newCondition--condValidTo","interaction":{"idSuffix":"inner"}},"clearTextFirst":true,"interactionType":"ENTER_TEXT"}]}
RESULT: {"script":"<script> [776 bytes]","args":[{"enterText":"01/05/26","selector":{"id":"application-manageconditionprice-display-component---newCondition--condValidTo","interaction":{"idSuffix":"inner"}},"clearTextFirst":true,"interactionType":"ENTER_TEXT"}]}
COMMAND: POST /session/343af6daf6fbc7ee30938bcb5a9c3885/element - {"using":"xpath","value":"//input[@id=\"application-manageconditionprice-display-component---newCondition--condRU-inner\"]"}
RESULT: {"using":"xpath","value":"//input[@id=\"application-manageconditionprice-display-component---newCondition--condRU-inner\"]"}
COMMAND: POST /session/343af6daf6fbc7ee30938bcb5a9c3885/element/f.8C4C75981FBDA5C274A9290576C3313B.d.EED04959E70356FF9D7E5EC5C0C4FD2F.e.3848/clear - {}
RESULT: {}
COMMAND: POST /session/343af6daf6fbc7ee30938bcb5a9c3885/element/f.8C4C75981FBDA5C274A9290576C3313B.d.EED04959E70356FF9D7E5EC5C0C4FD2F.e.3848/value - {"text":"aByOmpDE6w"}
COMMAND: GET /session/343af6daf6fbc7ee30938bcb5a9c3885/screenshot - {}
RESULT: {"text":"aByOmpDE6w"}
COMMAND: GET /session/343af6daf6fbc7ee30938bcb5a9c3885/screenshot - {}
RESULT: {}
RESULT: {}
COMMAND: POST /session/343af6daf6fbc7ee30938bcb5a9c3885/actions - {"actions":[{"id":"action14","type":"key","parameters":{},"actions":[{"type":"keyDown","value":"î€‡"},{"type":"pause","duration":10},{"type":"keyUp","value":"î€‡"}]}]}
RESULT: {"actions":[{"id":"action14","type":"key","parameters":{},"actions":[{"type":"keyDown","value":"î€‡"},{"type":"pause","duration":10},{"type":"keyUp","value":"î€‡"}]}]}
COMMAND: POST /session/343af6daf6fbc7ee30938bcb5a9c3885/execute/async - {"script":"<script> [1562 bytes]","args":[{"selector":{"id":"application-manageconditionprice-display-component---newCondition--condBaseQty","interaction":{"idSuffix":"inner"}},"wdio_ui5_key":"applicationmanageconditionprice-display-component---newCondition--condBaseQty"}]}
COMMAND: GET /session/343af6daf6fbc7ee30938bcb5a9c3885/screenshot - {}
RESULT: {"script":"<script> [1562 bytes]","args":[{"selector":{"id":"application-manageconditionprice-display-component---newCondition--condBaseQty","interaction":{"idSuffix":"inner"}},"wdio_ui5_key":"applicationmanageconditionprice-display-component---newCondition--condBaseQty"}]}
RESULT: undefined
COMMAND: POST /session/343af6daf6fbc7ee30938bcb5a9c3885/execute/async - {"script":"<script> [776 bytes]","args":[{"enterText":"1","selector":{"id":"application-manageconditionprice-display-component---newCondition--condBaseQty","interaction":{"idSuffix":"inner"}},"clearTextFirst":true,"interactionType":"ENTER_TEXT"}]}
RESULT: {}
RESULT: {"script":"<script> [776 bytes]","args":[{"enterText":"1","selector":{"id":"application-manageconditionprice-display-component---newCondition--condBaseQty","interaction":{"idSuffix":"inner"}},"clearTextFirst":true,"interactionType":"ENTER_TEXT"}]}
COMMAND: POST /session/343af6daf6fbc7ee30938bcb5a9c3885/execute/async - {"script":"<script> [1562 bytes]","args":[{"selector":{"id":"application-manageconditionprice-display-component---newCondition--condValue","interaction":{"idSuffix":"inner"}},"wdio_ui5_key":"applicationmanageconditionprice-display-component---newCondition--condValue"}]}
RESULT: {"script":"<script> [1562 bytes]","args":[{"selector":{"id":"application-manageconditionprice-display-component---newCondition--condValue","interaction":{"idSuffix":"inner"}},"wdio_ui5_key":"applicationmanageconditionprice-display-component---newCondition--condValue"}]}
RESULT: undefined
COMMAND: POST /session/343af6daf6fbc7ee30938bcb5a9c3885/execute/async - {"script":"<script> [776 bytes]","args":[{"enterText":"100","selector":{"id":"application-manageconditionprice-display-component---newCondition--condValue","interaction":{"idSuffix":"inner"}},"clearTextFirst":true,"interactionType":"ENTER_TEXT"}]}
RESULT: {"script":"<script> [776 bytes]","args":[{"enterText":"100","selector":{"id":"application-manageconditionprice-display-component---newCondition--condValue","interaction":{"idSuffix":"inner"}},"clearTextFirst":true,"interactionType":"ENTER_TEXT"}]}
COMMAND: POST /session/343af6daf6fbc7ee30938bcb5a9c3885/execute/async - {"script":"<script> [1562 bytes]","args":[{"selector":{"id":"application-manageconditionprice-display-component---newCondition--condCurr-arrow"},"wdio_ui5_key":"applicationmanageconditionprice-display-component---newCondition--condCurr-arrow"}]}
RESULT: {"script":"<script> [1562 bytes]","args":[{"selector":{"id":"application-manageconditionprice-display-component---newCondition--condCurr-arrow"},"wdio_ui5_key":"applicationmanageconditionprice-display-component---newCondition--condCurr-arrow"}]}
RESULT: undefined
COMMAND: POST /session/343af6daf6fbc7ee30938bcb5a9c3885/element - {"using":"xpath","value":"//*[@id=\"application-manageconditionprice-display-component---newCondition--condCurr-arrow\"]"}
RESULT: {"using":"xpath","value":"//*[@id=\"application-manageconditionprice-display-component---newCondition--condCurr-arrow\"]"}
COMMAND: POST /session/343af6daf6fbc7ee30938bcb5a9c3885/element/f.8C4C75981FBDA5C274A9290576C3313B.d.EED04959E70356FF9D7E5EC5C0C4FD2F.e.3956/click - {}
RESULT: {}
COMMAND: POST /session/343af6daf6fbc7ee30938bcb5a9c3885/element - {"using":"xpath","value":"//span[contains(text(), \"Euro\")]"}
COMMAND: GET /session/343af6daf6fbc7ee30938bcb5a9c3885/screenshot - {}
RESULT: {"using":"xpath","value":"//span[contains(text(), \"Euro\")]"}
COMMAND: POST /session/343af6daf6fbc7ee30938bcb5a9c3885/element/f.8C4C75981FBDA5C274A9290576C3313B.d.EED04959E70356FF9D7E5EC5C0C4FD2F.e.4021/click - {}
RESULT: {}
RESULT: {}
COMMAND: POST /session/343af6daf6fbc7ee30938bcb5a9c3885/element - {"using":"xpath","value":"//button[@data-kt=\"saveButton\"]"}
COMMAND: GET /session/343af6daf6fbc7ee30938bcb5a9c3885/screenshot - {}
RESULT: {"using":"xpath","value":"//button[@data-kt=\"saveButton\"]"}
COMMAND: POST /session/343af6daf6fbc7ee30938bcb5a9c3885/element/f.8C4C75981FBDA5C274A9290576C3313B.d.EED04959E70356FF9D7E5EC5C0C4FD2F.e.3957/click - {}
RESULT: {}
RESULT: {}
COMMAND: GET /session/343af6daf6fbc7ee30938bcb5a9c3885/screenshot - {}
RESULT: {}
COMMAND: POST /session/343af6daf6fbc7ee30938bcb5a9c3885/execute/async - {"script":"<script> [1562 bytes]","args":[{"selector":{"id":"application-manageconditionprice-display-component---conditions--smartFilterBar-btnBasicSearch","interaction":{"idSuffix":"I"}},"wdio_ui5_key":"applicationmanageconditionprice-display-component---conditions--smartFilterBar-btnBasicSearch"}]}
RESULT: {"script":"<script> [1562 bytes]","args":[{"selector":{"id":"application-manageconditionprice-display-component---conditions--smartFilterBar-btnBasicSearch","interaction":{"idSuffix":"I"}},"wdio_ui5_key":"applicationmanageconditionprice-display-component---conditions--smartFilterBar-btnBasicSearch"}]}
RESULT: undefined
COMMAND: POST /session/343af6daf6fbc7ee30938bcb5a9c3885/execute/async - {"script":"<script> [776 bytes]","args":[{"enterText":"aByOmpDE6w","selector":{"id":"application-manageconditionprice-display-component---conditions--smartFilterBar-btnBasicSearch","interaction":{"idSuffix":"I"}},"clearTextFirst":true,"interactionType":"ENTER_TEXT"}]}
RESULT: {"script":"<script> [776 bytes]","args":[{"enterText":"aByOmpDE6w","selector":{"id":"application-manageconditionprice-display-component---conditions--smartFilterBar-btnBasicSearch","interaction":{"idSuffix":"I"}},"clearTextFirst":true,"interactionType":"ENTER_TEXT"}]}
COMMAND: POST /session/343af6daf6fbc7ee30938bcb5a9c3885/actions - {"actions":[{"id":"action15","type":"key","parameters":{},"actions":[{"type":"keyDown","value":"î€‡"},{"type":"pause","duration":10},{"type":"keyUp","value":"î€‡"}]}]}
RESULT: {"actions":[{"id":"action15","type":"key","parameters":{},"actions":[{"type":"keyDown","value":"î€‡"},{"type":"pause","duration":10},{"type":"keyUp","value":"î€‡"}]}]}
COMMAND: GET /session/343af6daf6fbc7ee30938bcb5a9c3885/screenshot - {}
RESULT: {}
COMMAND: POST /session/343af6daf6fbc7ee30938bcb5a9c3885/execute/async - {"script":"<script> [1562 bytes]","args":[{"selector":{"id":"application-manageconditionprice-display-component---conditions--smartFilterBar-filterItemControl_BASIC-BILL_TYPES-vhi"},"wdio_ui5_key":"applicationmanageconditionprice-display-component---conditions--smartFilterBar-filterItemControl_BASIC-BILL_TYPES-vhi"}]}
RESULT: {"script":"<script> [1562 bytes]","args":[{"selector":{"id":"application-manageconditionprice-display-component---conditions--smartFilterBar-filterItemControl_BASIC-BILL_TYPES-vhi"},"wdio_ui5_key":"applicationmanageconditionprice-display-component---conditions--smartFilterBar-filterItemControl_BASIC-BILL_TYPES-vhi"}]}
RESULT: undefined
COMMAND: POST /session/343af6daf6fbc7ee30938bcb5a9c3885/element - {"using":"xpath","value":"//*[@id=\"application-manageconditionprice-display-component---conditions--smartFilterBar-filterItemControl_BASIC-BILL_TYPES-vhi\"]"}
RESULT: {"using":"xpath","value":"//*[@id=\"application-manageconditionprice-display-component---conditions--smartFilterBar-filterItemControl_BASIC-BILL_TYPES-vhi\"]"}
COMMAND: POST /session/343af6daf6fbc7ee30938bcb5a9c3885/element/f.8C4C75981FBDA5C274A9290576C3313B.d.EED04959E70356FF9D7E5EC5C0C4FD2F.e.4128/click - {}
RESULT: {}
COMMAND: POST /session/343af6daf6fbc7ee30938bcb5a9c3885/execute/async - {"script":"<script> [1562 bytes]","args":[{"selector":{"id":"application-manageconditionprice-display-component---conditions--smartFilterBar-filterItemControl_BASIC-BILL_TYPES-valueHelpDialog-smartFilterBar-btnBasicSearch","searchOpenDialogs":true,"interaction":{"idSuffix":"I"}},"wdio_ui5_key":"applicationmanageconditionprice-display-component---conditions--smartFilterBar-filterItemControl_BASIC-BILL_TYPES-valueHelpDialog-smartFilterBar-btnBasicSearch"}]}
COMMAND: GET /session/343af6daf6fbc7ee30938bcb5a9c3885/screenshot - {}
RESULT: {"script":"<script> [1562 bytes]","args":[{"selector":{"id":"application-manageconditionprice-display-component---conditions--smartFilterBar-filterItemControl_BASIC-BILL_TYPES-valueHelpDialog-smartFilterBar-btnBasicSearch","searchOpenDialogs":true,"interaction":{"idSuffix":"I"}},"wdio_ui5_key":"applicationmanageconditionprice-display-component---conditions--smartFilterBar-filterItemControl_BASIC-BILL_TYPES-valueHelpDialog-smartFilterBar-btnBasicSearch"}]}
RESULT: undefined
COMMAND: POST /session/343af6daf6fbc7ee30938bcb5a9c3885/execute/async - {"script":"<script> [776 bytes]","args":[{"enterText":"TB","selector":{"id":"application-manageconditionprice-display-component---conditions--smartFilterBar-filterItemControl_BASIC-BILL_TYPES-valueHelpDialog-smartFilterBar-btnBasicSearch","searchOpenDialogs":true,"interaction":{"idSuffix":"I"}},"clearTextFirst":true,"interactionType":"ENTER_TEXT"}]}
RESULT: {}
RESULT: {"script":"<script> [776 bytes]","args":[{"enterText":"TB","selector":{"id":"application-manageconditionprice-display-component---conditions--smartFilterBar-filterItemControl_BASIC-BILL_TYPES-valueHelpDialog-smartFilterBar-btnBasicSearch","searchOpenDialogs":true,"interaction":{"idSuffix":"I"}},"clearTextFirst":true,"interactionType":"ENTER_TEXT"}]}
COMMAND: POST /session/343af6daf6fbc7ee30938bcb5a9c3885/actions - {"actions":[{"id":"action16","type":"key","parameters":{},"actions":[{"type":"keyDown","value":"î€‡"},{"type":"pause","duration":10},{"type":"keyUp","value":"î€‡"}]}]}
RESULT: {"actions":[{"id":"action16","type":"key","parameters":{},"actions":[{"type":"keyDown","value":"î€‡"},{"type":"pause","duration":10},{"type":"keyUp","value":"î€‡"}]}]}
COMMAND: GET /session/343af6daf6fbc7ee30938bcb5a9c3885/screenshot - {}
RESULT: {}
COMMAND: POST /session/343af6daf6fbc7ee30938bcb5a9c3885/element - {"using":"xpath","value":"//div[contains(@id, 'application-manageconditionprice-display-component---conditions--smartFilterBar-filterItemControl_BASIC-BILL_TYPES-valueHelpDialog-table-rowsel0')]"}
RESULT: {"using":"xpath","value":"//div[contains(@id, 'application-manageconditionprice-display-component---conditions--smartFilterBar-filterItemControl_BASIC-BILL_TYPES-valueHelpDialog-table-rowsel0')]"}
COMMAND: POST /session/343af6daf6fbc7ee30938bcb5a9c3885/element/f.8C4C75981FBDA5C274A9290576C3313B.d.EED04959E70356FF9D7E5EC5C0C4FD2F.e.4137/click - {}
RESULT: {}
COMMAND: GET /session/343af6daf6fbc7ee30938bcb5a9c3885/screenshot - {}
RESULT: {}
COMMAND: POST /session/343af6daf6fbc7ee30938bcb5a9c3885/element - {"using":"xpath","value":"//bdi[contains(text(), \"OK\")]"}
RESULT: {"using":"xpath","value":"//bdi[contains(text(), \"OK\")]"}
COMMAND: POST /session/343af6daf6fbc7ee30938bcb5a9c3885/element/f.8C4C75981FBDA5C274A9290576C3313B.d.EED04959E70356FF9D7E5EC5C0C4FD2F.e.4139/click - {}
RESULT: {}
COMMAND: GET /session/343af6daf6fbc7ee30938bcb5a9c3885/screenshot - {}
RESULT: {}
COMMAND: POST /session/343af6daf6fbc7ee30938bcb5a9c3885/element - {"using":"xpath","value":"//span[@id=\"application-manageconditionprice-display-component---conditions--smartTable-header-inner\"]"}
RESULT: {"using":"xpath","value":"//span[@id=\"application-manageconditionprice-display-component---conditions--smartTable-header-inner\"]"}
COMMAND: POST /session/343af6daf6fbc7ee30938bcb5a9c3885/elements - {"using":"xpath","value":"//span[@id=\"application-manageconditionprice-display-component---conditions--smartTable-header-inner\"]"}
RESULT: {"using":"xpath","value":"//span[@id=\"application-manageconditionprice-display-component---conditions--smartTable-header-inner\"]"}
COMMAND: POST /session/343af6daf6fbc7ee30938bcb5a9c3885/execute/sync - {"script":"<script> [56 bytes]","args":[{"element-6066-11e4-a52e-4f735466cecf":"f.8C4C75981FBDA5C274A9290576C3313B.d.EED04959E70356FF9D7E5EC5C0C4FD2F.e.4142","ELEMENT":"f.8C4C75981FBDA5C274A9290576C3313B.d.EED04959E70356FF9D7E5EC5C0C4FD2F.e.4142"}]}
RESULT: {"script":"<script> [56 bytes]","args":[{"element-6066-11e4-a52e-4f735466cecf":"f.8C4C75981FBDA5C274A9290576C3313B.d.EED04959E70356FF9D7E5EC5C0C4FD2F.e.4142","ELEMENT":"f.8C4C75981FBDA5C274A9290576C3313B.d.EED04959E70356FF9D7E5EC5C0C4FD2F.e.4142"}]}
COMMAND: POST /session/343af6daf6fbc7ee30938bcb5a9c3885/element - {"using":"css selector","value":"#shell-header-logo"}
COMMAND: GET /session/343af6daf6fbc7ee30938bcb5a9c3885/screenshot - {}
RESULT: {"using":"css selector","value":"#shell-header-logo"}
COMMAND: POST /session/343af6daf6fbc7ee30938bcb5a9c3885/element/f.8C4C75981FBDA5C274A9290576C3313B.d.EED04959E70356FF9D7E5EC5C0C4FD2F.e.3753/click - {}
RESULT: {}
RESULT: {}
COMMAND: GET /session/343af6daf6fbc7ee30938bcb5a9c3885/screenshot - {}
RESULT: {}
]]></system-out>
    </testcase>
    <testcase classname="chrome.135_0_7049_96.windows.Billing_confirm_US117289" name="Should do a stock increase" time="80.146">
      <system-out><![CDATA[
COMMAND: POST /session/343af6daf6fbc7ee30938bcb5a9c3885/execute/async - {"script":"<script> [1562 bytes]","args":[{"selector":{"controlType":"sap.m.Text","viewName":"etm.portal.ui.managehandoverstile.view.Master","properties":{"text":"Manage Handovers"},"interaction":{"idSuffix":"inner"}},"wdio_ui5_key":"etmportal.ui.managehandoverstile.view.Mastersap.m.Text{\"text\":\"Manage Handovers\"}"}]}
RESULT: {"script":"<script> [1562 bytes]","args":[{"selector":{"controlType":"sap.m.Text","viewName":"etm.portal.ui.managehandoverstile.view.Master","properties":{"text":"Manage Handovers"},"interaction":{"idSuffix":"inner"}},"wdio_ui5_key":"etmportal.ui.managehandoverstile.view.Mastersap.m.Text{\"text\":\"Manage Handovers\"}"}]}
RESULT: undefined
COMMAND: POST /session/343af6daf6fbc7ee30938bcb5a9c3885/element - {"using":"xpath","value":"//*[@id=\"__tile131-title\"]"}
RESULT: {"using":"xpath","value":"//*[@id=\"__tile131-title\"]"}
COMMAND: POST /session/343af6daf6fbc7ee30938bcb5a9c3885/element/f.8C4C75981FBDA5C274A9290576C3313B.d.EED04959E70356FF9D7E5EC5C0C4FD2F.e.4147/click - {}
RESULT: {}
COMMAND: POST /session/343af6daf6fbc7ee30938bcb5a9c3885/element - {"using":"xpath","value":"//button[@data-kt=\"masterHOAddButton\"]"}
COMMAND: GET /session/343af6daf6fbc7ee30938bcb5a9c3885/screenshot - {}
RESULT: {}
RESULT: {"using":"xpath","value":"//button[@data-kt=\"masterHOAddButton\"]"}
COMMAND: POST /session/343af6daf6fbc7ee30938bcb5a9c3885/elements - {"using":"xpath","value":"//button[@data-kt=\"masterHOAddButton\"]"}
RESULT: {"using":"xpath","value":"//button[@data-kt=\"masterHOAddButton\"]"}
COMMAND: POST /session/343af6daf6fbc7ee30938bcb5a9c3885/elements - {"using":"xpath","value":"//button[@data-kt=\"masterHOAddButton\"]"}
RESULT: {"using":"xpath","value":"//button[@data-kt=\"masterHOAddButton\"]"}
COMMAND: POST /session/343af6daf6fbc7ee30938bcb5a9c3885/elements - {"using":"xpath","value":"//button[@data-kt=\"masterHOAddButton\"]"}
RESULT: {"using":"xpath","value":"//button[@data-kt=\"masterHOAddButton\"]"}
COMMAND: POST /session/343af6daf6fbc7ee30938bcb5a9c3885/elements - {"using":"xpath","value":"//button[@data-kt=\"masterHOAddButton\"]"}
RESULT: {"using":"xpath","value":"//button[@data-kt=\"masterHOAddButton\"]"}
COMMAND: POST /session/343af6daf6fbc7ee30938bcb5a9c3885/elements - {"using":"xpath","value":"//button[@data-kt=\"masterHOAddButton\"]"}
RESULT: {"using":"xpath","value":"//button[@data-kt=\"masterHOAddButton\"]"}
COMMAND: POST /session/343af6daf6fbc7ee30938bcb5a9c3885/elements - {"using":"xpath","value":"//button[@data-kt=\"masterHOAddButton\"]"}
RESULT: {"using":"xpath","value":"//button[@data-kt=\"masterHOAddButton\"]"}
COMMAND: POST /session/343af6daf6fbc7ee30938bcb5a9c3885/elements - {"using":"xpath","value":"//button[@data-kt=\"masterHOAddButton\"]"}
RESULT: {"using":"xpath","value":"//button[@data-kt=\"masterHOAddButton\"]"}
COMMAND: POST /session/343af6daf6fbc7ee30938bcb5a9c3885/elements - {"using":"xpath","value":"//button[@data-kt=\"masterHOAddButton\"]"}
RESULT: {"using":"xpath","value":"//button[@data-kt=\"masterHOAddButton\"]"}
COMMAND: POST /session/343af6daf6fbc7ee30938bcb5a9c3885/elements - {"using":"xpath","value":"//button[@data-kt=\"masterHOAddButton\"]"}
RESULT: {"using":"xpath","value":"//button[@data-kt=\"masterHOAddButton\"]"}
COMMAND: POST /session/343af6daf6fbc7ee30938bcb5a9c3885/elements - {"using":"xpath","value":"//button[@data-kt=\"masterHOAddButton\"]"}
RESULT: {"using":"xpath","value":"//button[@data-kt=\"masterHOAddButton\"]"}
COMMAND: POST /session/343af6daf6fbc7ee30938bcb5a9c3885/element - {"using":"xpath","value":"//button[@data-kt=\"masterHOAddButton\"]"}
RESULT: {"using":"xpath","value":"//button[@data-kt=\"masterHOAddButton\"]"}
COMMAND: POST /session/343af6daf6fbc7ee30938bcb5a9c3885/execute/sync - {"script":"<script> [8489 bytes]","args":[{"element-6066-11e4-a52e-4f735466cecf":"f.8C4C75981FBDA5C274A9290576C3313B.d.EED04959E70356FF9D7E5EC5C0C4FD2F.e.4174","ELEMENT":"f.8C4C75981FBDA5C274A9290576C3313B.d.EED04959E70356FF9D7E5EC5C0C4FD2F.e.4174"}]}
RESULT: {"script":"<script> [8489 bytes]","args":[{"element-6066-11e4-a52e-4f735466cecf":"f.8C4C75981FBDA5C274A9290576C3313B.d.EED04959E70356FF9D7E5EC5C0C4FD2F.e.4174","ELEMENT":"f.8C4C75981FBDA5C274A9290576C3313B.d.EED04959E70356FF9D7E5EC5C0C4FD2F.e.4174"}]}
COMMAND: GET /session/343af6daf6fbc7ee30938bcb5a9c3885/element/f.8C4C75981FBDA5C274A9290576C3313B.d.EED04959E70356FF9D7E5EC5C0C4FD2F.e.4174/enabled - {}
COMMAND: GET /session/343af6daf6fbc7ee30938bcb5a9c3885/screenshot - {}
RESULT: {}
COMMAND: POST /session/343af6daf6fbc7ee30938bcb5a9c3885/execute/sync - {"script":"<script> [8489 bytes]","args":[{"element-6066-11e4-a52e-4f735466cecf":"f.8C4C75981FBDA5C274A9290576C3313B.d.EED04959E70356FF9D7E5EC5C0C4FD2F.e.4174","ELEMENT":"f.8C4C75981FBDA5C274A9290576C3313B.d.EED04959E70356FF9D7E5EC5C0C4FD2F.e.4174"}]}
COMMAND: GET /session/343af6daf6fbc7ee30938bcb5a9c3885/screenshot - {}
RESULT: {}
RESULT: {"script":"<script> [8489 bytes]","args":[{"element-6066-11e4-a52e-4f735466cecf":"f.8C4C75981FBDA5C274A9290576C3313B.d.EED04959E70356FF9D7E5EC5C0C4FD2F.e.4174","ELEMENT":"f.8C4C75981FBDA5C274A9290576C3313B.d.EED04959E70356FF9D7E5EC5C0C4FD2F.e.4174"}]}
COMMAND: POST /session/343af6daf6fbc7ee30938bcb5a9c3885/execute/sync - {"script":"<script> [5351 bytes]","args":[{"element-6066-11e4-a52e-4f735466cecf":"f.8C4C75981FBDA5C274A9290576C3313B.d.EED04959E70356FF9D7E5EC5C0C4FD2F.e.4174","ELEMENT":"f.8C4C75981FBDA5C274A9290576C3313B.d.EED04959E70356FF9D7E5EC5C0C4FD2F.e.4174"}]}
COMMAND: GET /session/343af6daf6fbc7ee30938bcb5a9c3885/screenshot - {}
RESULT: {}
RESULT: {"script":"<script> [5351 bytes]","args":[{"element-6066-11e4-a52e-4f735466cecf":"f.8C4C75981FBDA5C274A9290576C3313B.d.EED04959E70356FF9D7E5EC5C0C4FD2F.e.4174","ELEMENT":"f.8C4C75981FBDA5C274A9290576C3313B.d.EED04959E70356FF9D7E5EC5C0C4FD2F.e.4174"}]}
COMMAND: POST /session/343af6daf6fbc7ee30938bcb5a9c3885/element/f.8C4C75981FBDA5C274A9290576C3313B.d.EED04959E70356FF9D7E5EC5C0C4FD2F.e.4174/click - {}
COMMAND: GET /session/343af6daf6fbc7ee30938bcb5a9c3885/screenshot - {}
RESULT: {}
RESULT: {}
COMMAND: GET /session/343af6daf6fbc7ee30938bcb5a9c3885/screenshot - {}
RESULT: {}
RESULT: {}
COMMAND: POST /session/343af6daf6fbc7ee30938bcb5a9c3885/element - {"using":"xpath","value":"//span[contains(@id ,\"AddNewHO--typeSelect-arrow\")]"}
RESULT: {"using":"xpath","value":"//span[contains(@id ,\"AddNewHO--typeSelect-arrow\")]"}
COMMAND: POST /session/343af6daf6fbc7ee30938bcb5a9c3885/element/f.8C4C75981FBDA5C274A9290576C3313B.d.EED04959E70356FF9D7E5EC5C0C4FD2F.e.4548/click - {}
RESULT: {}
COMMAND: GET /session/343af6daf6fbc7ee30938bcb5a9c3885/screenshot - {}
RESULT: {}
COMMAND: POST /session/343af6daf6fbc7ee30938bcb5a9c3885/element - {"using":"xpath","value":"(//li[contains(text(), \"stock increase yard\")])[1]"}
RESULT: {"using":"xpath","value":"(//li[contains(text(), \"stock increase yard\")])[1]"}
COMMAND: POST /session/343af6daf6fbc7ee30938bcb5a9c3885/element/f.8C4C75981FBDA5C274A9290576C3313B.d.EED04959E70356FF9D7E5EC5C0C4FD2F.e.4549/click - {}
RESULT: {}
COMMAND: GET /session/343af6daf6fbc7ee30938bcb5a9c3885/screenshot - {}
RESULT: {}
COMMAND: POST /session/343af6daf6fbc7ee30938bcb5a9c3885/execute/async - {"script":"<script> [1562 bytes]","args":[{"selector":{"id":"application-managehandovers-display-component---AddNewHO--dueDate","interaction":{"idSuffix":"inner"}},"wdio_ui5_key":"applicationmanagehandovers-display-component---AddNewHO--dueDate"}]}
RESULT: {"script":"<script> [1562 bytes]","args":[{"selector":{"id":"application-managehandovers-display-component---AddNewHO--dueDate","interaction":{"idSuffix":"inner"}},"wdio_ui5_key":"applicationmanagehandovers-display-component---AddNewHO--dueDate"}]}
RESULT: undefined
COMMAND: POST /session/343af6daf6fbc7ee30938bcb5a9c3885/execute/async - {"script":"<script> [6424 bytes]","args":[{"element-6066-11e4-a52e-4f735466cecf":"f.8C4C75981FBDA5C274A9290576C3313B.d.EED04959E70356FF9D7E5EC5C0C4FD2F.e.4551"},"setValue",["05/05/2025"]]}
RESULT: {"script":"<script> [6424 bytes]","args":[{"element-6066-11e4-a52e-4f735466cecf":"f.8C4C75981FBDA5C274A9290576C3313B.d.EED04959E70356FF9D7E5EC5C0C4FD2F.e.4551"},"setValue",["05/05/2025"]]}
COMMAND: POST /session/343af6daf6fbc7ee30938bcb5a9c3885/element - {"using":"xpath","value":"//input[@id=\"generalSectionFrg--receiveYard-inner\"]"}
RESULT: {"using":"xpath","value":"//input[@id=\"generalSectionFrg--receiveYard-inner\"]"}
COMMAND: POST /session/343af6daf6fbc7ee30938bcb5a9c3885/element/f.8C4C75981FBDA5C274A9290576C3313B.d.EED04959E70356FF9D7E5EC5C0C4FD2F.e.4557/clear - {}
RESULT: {}
COMMAND: POST /session/343af6daf6fbc7ee30938bcb5a9c3885/element/f.8C4C75981FBDA5C274A9290576C3313B.d.EED04959E70356FF9D7E5EC5C0C4FD2F.e.4557/value - {"text":"594"}
COMMAND: GET /session/343af6daf6fbc7ee30938bcb5a9c3885/screenshot - {}
RESULT: {"text":"594"}
COMMAND: GET /session/343af6daf6fbc7ee30938bcb5a9c3885/screenshot - {}
RESULT: {}
RESULT: {}
COMMAND: POST /session/343af6daf6fbc7ee30938bcb5a9c3885/element - {"using":"xpath","value":"//li[.//span[text()='594']]"}
RESULT: {"using":"xpath","value":"//li[.//span[text()='594']]"}
COMMAND: POST /session/343af6daf6fbc7ee30938bcb5a9c3885/element/f.8C4C75981FBDA5C274A9290576C3313B.d.EED04959E70356FF9D7E5EC5C0C4FD2F.e.4573/click - {}
RESULT: {}
COMMAND: GET /session/343af6daf6fbc7ee30938bcb5a9c3885/screenshot - {}
RESULT: {}
COMMAND: POST /session/343af6daf6fbc7ee30938bcb5a9c3885/execute/async - {"script":"<script> [1562 bytes]","args":[{"selector":{"id":"application-managehandovers-display-component---AddNewHO--ObjectPageLayout-anchBar-application-managehandovers-display-component---AddNewHO--section4-anchor","interaction":{"idSuffix":"BDI-content"}},"wdio_ui5_key":"applicationmanagehandovers-display-component---AddNewHO--ObjectPageLayout-anchBar-application-managehandovers-display-component---AddNewHO--section4-anchor"}]}
RESULT: {"script":"<script> [1562 bytes]","args":[{"selector":{"id":"application-managehandovers-display-component---AddNewHO--ObjectPageLayout-anchBar-application-managehandovers-display-component---AddNewHO--section4-anchor","interaction":{"idSuffix":"BDI-content"}},"wdio_ui5_key":"applicationmanagehandovers-display-component---AddNewHO--ObjectPageLayout-anchBar-application-managehandovers-display-component---AddNewHO--section4-anchor"}]}
RESULT: undefined
COMMAND: POST /session/343af6daf6fbc7ee30938bcb5a9c3885/element - {"using":"xpath","value":"//*[@id=\"application-managehandovers-display-component---AddNewHO--ObjectPageLayout-anchBar-application-managehandovers-display-component---AddNewHO--section4-anchor\"]"}
RESULT: {"using":"xpath","value":"//*[@id=\"application-managehandovers-display-component---AddNewHO--ObjectPageLayout-anchBar-application-managehandovers-display-component---AddNewHO--section4-anchor\"]"}
COMMAND: POST /session/343af6daf6fbc7ee30938bcb5a9c3885/element/f.8C4C75981FBDA5C274A9290576C3313B.d.EED04959E70356FF9D7E5EC5C0C4FD2F.e.4575/click - {}
RESULT: {}
COMMAND: POST /session/343af6daf6fbc7ee30938bcb5a9c3885/element - {"using":"xpath","value":"//button[@aria-label=\"Add\"]"}
COMMAND: GET /session/343af6daf6fbc7ee30938bcb5a9c3885/screenshot - {}
RESULT: {"using":"xpath","value":"//button[@aria-label=\"Add\"]"}
COMMAND: POST /session/343af6daf6fbc7ee30938bcb5a9c3885/element/f.8C4C75981FBDA5C274A9290576C3313B.d.EED04959E70356FF9D7E5EC5C0C4FD2F.e.4577/click - {}
RESULT: {}
RESULT: {}
COMMAND: GET /session/343af6daf6fbc7ee30938bcb5a9c3885/screenshot - {}
RESULT: {}
COMMAND: POST /session/343af6daf6fbc7ee30938bcb5a9c3885/execute/async - {"script":"<script> [1562 bytes]","args":[{"selector":{"id":"application-managehandovers-display-component---AddNewHO--smartFilterBar-btnBasicSearch","searchOpenDialogs":true,"interaction":{"idSuffix":"I"}},"wdio_ui5_key":"applicationmanagehandovers-display-component---AddNewHO--smartFilterBar-btnBasicSearch"}]}
RESULT: {"script":"<script> [1562 bytes]","args":[{"selector":{"id":"application-managehandovers-display-component---AddNewHO--smartFilterBar-btnBasicSearch","searchOpenDialogs":true,"interaction":{"idSuffix":"I"}},"wdio_ui5_key":"applicationmanagehandovers-display-component---AddNewHO--smartFilterBar-btnBasicSearch"}]}
RESULT: undefined
COMMAND: POST /session/343af6daf6fbc7ee30938bcb5a9c3885/execute/async - {"script":"<script> [776 bytes]","args":[{"enterText":"aByOmpDE6w","selector":{"id":"application-managehandovers-display-component---AddNewHO--smartFilterBar-btnBasicSearch","searchOpenDialogs":true,"interaction":{"idSuffix":"I"}},"clearTextFirst":true,"interactionType":"ENTER_TEXT"}]}
RESULT: {"script":"<script> [776 bytes]","args":[{"enterText":"aByOmpDE6w","selector":{"id":"application-managehandovers-display-component---AddNewHO--smartFilterBar-btnBasicSearch","searchOpenDialogs":true,"interaction":{"idSuffix":"I"}},"clearTextFirst":true,"interactionType":"ENTER_TEXT"}]}
COMMAND: POST /session/343af6daf6fbc7ee30938bcb5a9c3885/actions - {"actions":[{"id":"action17","type":"key","parameters":{},"actions":[{"type":"keyDown","value":"î€‡"},{"type":"pause","duration":10},{"type":"keyUp","value":"î€‡"}]}]}
RESULT: {"actions":[{"id":"action17","type":"key","parameters":{},"actions":[{"type":"keyDown","value":"î€‡"},{"type":"pause","duration":10},{"type":"keyUp","value":"î€‡"}]}]}
COMMAND: GET /session/343af6daf6fbc7ee30938bcb5a9c3885/screenshot - {}
RESULT: {}
COMMAND: POST /session/343af6daf6fbc7ee30938bcb5a9c3885/execute/async - {"script":"<script> [1562 bytes]","args":[{"selector":{"id":"application-managehandovers-display-component---AddNewHO--popup-sa","searchOpenDialogs":true,"interaction":{"idSuffix":"CbBg"}},"wdio_ui5_key":"applicationmanagehandovers-display-component---AddNewHO--popup-sa"}]}
RESULT: {"script":"<script> [1562 bytes]","args":[{"selector":{"id":"application-managehandovers-display-component---AddNewHO--popup-sa","searchOpenDialogs":true,"interaction":{"idSuffix":"CbBg"}},"wdio_ui5_key":"applicationmanagehandovers-display-component---AddNewHO--popup-sa"}]}
RESULT: undefined
COMMAND: POST /session/343af6daf6fbc7ee30938bcb5a9c3885/element - {"using":"xpath","value":"//*[@id=\"application-managehandovers-display-component---AddNewHO--popup-sa\"]"}
RESULT: {"using":"xpath","value":"//*[@id=\"application-managehandovers-display-component---AddNewHO--popup-sa\"]"}
COMMAND: POST /session/343af6daf6fbc7ee30938bcb5a9c3885/element/f.8C4C75981FBDA5C274A9290576C3313B.d.EED04959E70356FF9D7E5EC5C0C4FD2F.e.4732/click - {}
RESULT: {}
COMMAND: GET /session/343af6daf6fbc7ee30938bcb5a9c3885/screenshot - {}
RESULT: {}
COMMAND: POST /session/343af6daf6fbc7ee30938bcb5a9c3885/element - {"using":"xpath","value":"//bdi[contains(text(), \"Select\")]"}
RESULT: {"using":"xpath","value":"//bdi[contains(text(), \"Select\")]"}
COMMAND: POST /session/343af6daf6fbc7ee30938bcb5a9c3885/element/f.8C4C75981FBDA5C274A9290576C3313B.d.EED04959E70356FF9D7E5EC5C0C4FD2F.e.4733/click - {}
RESULT: {}
COMMAND: GET /session/343af6daf6fbc7ee30938bcb5a9c3885/screenshot - {}
RESULT: {}
COMMAND: POST /session/343af6daf6fbc7ee30938bcb5a9c3885/element - {"using":"xpath","value":"//button[@data-kt=\"AddNewHOSaveButton\"]"}
RESULT: {"using":"xpath","value":"//button[@data-kt=\"AddNewHOSaveButton\"]"}
COMMAND: POST /session/343af6daf6fbc7ee30938bcb5a9c3885/element/f.8C4C75981FBDA5C274A9290576C3313B.d.EED04959E70356FF9D7E5EC5C0C4FD2F.e.4737/click - {}
RESULT: {}
COMMAND: GET /session/343af6daf6fbc7ee30938bcb5a9c3885/screenshot - {}
RESULT: {}
COMMAND: POST /session/343af6daf6fbc7ee30938bcb5a9c3885/execute/async - {"script":"<script> [1562 bytes]","args":[{"selector":{"id":"receiptDatePicker","viewName":"etm.portal.ui.managehandovers.view.DetailExecuteHO","interaction":{"idSuffix":"inner"}},"wdio_ui5_key":"receiptDatePickeretmportal.ui.managehandovers.view.DetailExecuteHO"}]}
RESULT: {"script":"<script> [1562 bytes]","args":[{"selector":{"id":"receiptDatePicker","viewName":"etm.portal.ui.managehandovers.view.DetailExecuteHO","interaction":{"idSuffix":"inner"}},"wdio_ui5_key":"receiptDatePickeretmportal.ui.managehandovers.view.DetailExecuteHO"}]}
RESULT: undefined
COMMAND: POST /session/343af6daf6fbc7ee30938bcb5a9c3885/execute/async - {"script":"<script> [6424 bytes]","args":[{"element-6066-11e4-a52e-4f735466cecf":"f.8C4C75981FBDA5C274A9290576C3313B.d.EED04959E70356FF9D7E5EC5C0C4FD2F.e.4767"},"setValue",["05/05/2025"]]}
RESULT: {"script":"<script> [6424 bytes]","args":[{"element-6066-11e4-a52e-4f735466cecf":"f.8C4C75981FBDA5C274A9290576C3313B.d.EED04959E70356FF9D7E5EC5C0C4FD2F.e.4767"},"setValue",["05/05/2025"]]}
COMMAND: POST /session/343af6daf6fbc7ee30938bcb5a9c3885/element - {"using":"xpath","value":"//button[@data-kt=\"PickingTableConfirmAllButton\"]"}
RESULT: {"using":"xpath","value":"//button[@data-kt=\"PickingTableConfirmAllButton\"]"}
COMMAND: POST /session/343af6daf6fbc7ee30938bcb5a9c3885/element/f.8C4C75981FBDA5C274A9290576C3313B.d.EED04959E70356FF9D7E5EC5C0C4FD2F.e.4782/click - {}
RESULT: {}
COMMAND: GET /session/343af6daf6fbc7ee30938bcb5a9c3885/screenshot - {}
RESULT: {}
COMMAND: POST /session/343af6daf6fbc7ee30938bcb5a9c3885/element - {"using":"xpath","value":"//bdi[contains(text(), \"OK\")]"}
RESULT: {"using":"xpath","value":"//bdi[contains(text(), \"OK\")]"}
COMMAND: POST /session/343af6daf6fbc7ee30938bcb5a9c3885/element/f.8C4C75981FBDA5C274A9290576C3313B.d.EED04959E70356FF9D7E5EC5C0C4FD2F.e.4784/click - {}
RESULT: {}
COMMAND: GET /session/343af6daf6fbc7ee30938bcb5a9c3885/screenshot - {}
RESULT: {}
COMMAND: POST /session/343af6daf6fbc7ee30938bcb5a9c3885/element - {"using":"xpath","value":"(//bdi[contains(text(), \"Receive\")])[2]"}
RESULT: {"using":"xpath","value":"(//bdi[contains(text(), \"Receive\")])[2]"}
COMMAND: POST /session/343af6daf6fbc7ee30938bcb5a9c3885/element/f.8C4C75981FBDA5C274A9290576C3313B.d.EED04959E70356FF9D7E5EC5C0C4FD2F.e.4786/click - {}
RESULT: {}
COMMAND: GET /session/343af6daf6fbc7ee30938bcb5a9c3885/screenshot - {}
RESULT: {}
COMMAND: POST /session/343af6daf6fbc7ee30938bcb5a9c3885/element - {"using":"css selector","value":"#shell-header-logo"}
RESULT: {"using":"css selector","value":"#shell-header-logo"}
COMMAND: POST /session/343af6daf6fbc7ee30938bcb5a9c3885/element/f.8C4C75981FBDA5C274A9290576C3313B.d.EED04959E70356FF9D7E5EC5C0C4FD2F.e.4150/click - {}
RESULT: {}
COMMAND: GET /session/343af6daf6fbc7ee30938bcb5a9c3885/screenshot - {}
RESULT: {}
]]></system-out>
    </testcase>
    <testcase classname="chrome.135_0_7049_96.windows.Billing_confirm_US117289" name="Should create a new contract" time="53.546">
      <system-out><![CDATA[
COMMAND: POST /session/343af6daf6fbc7ee30938bcb5a9c3885/execute/async - {"script":"<script> [1562 bytes]","args":[{"selector":{"controlType":"sap.m.Text","viewName":"etm.portal.ui.managecontractstile.view.Master","properties":{"text":"Manage Contracts"},"interaction":{"idSuffix":"inner"}},"wdio_ui5_key":"etmportal.ui.managecontractstile.view.Mastersap.m.Text{\"text\":\"Manage Contracts\"}"}]}
RESULT: {"script":"<script> [1562 bytes]","args":[{"selector":{"controlType":"sap.m.Text","viewName":"etm.portal.ui.managecontractstile.view.Master","properties":{"text":"Manage Contracts"},"interaction":{"idSuffix":"inner"}},"wdio_ui5_key":"etmportal.ui.managecontractstile.view.Mastersap.m.Text{\"text\":\"Manage Contracts\"}"}]}
RESULT: undefined
COMMAND: POST /session/343af6daf6fbc7ee30938bcb5a9c3885/element - {"using":"xpath","value":"//*[@id=\"__tile130-title\"]"}
RESULT: {"using":"xpath","value":"//*[@id=\"__tile130-title\"]"}
COMMAND: POST /session/343af6daf6fbc7ee30938bcb5a9c3885/element/f.8C4C75981FBDA5C274A9290576C3313B.d.EED04959E70356FF9D7E5EC5C0C4FD2F.e.4960/click - {}
RESULT: {}
COMMAND: GET /session/343af6daf6fbc7ee30938bcb5a9c3885/screenshot - {}
RESULT: {}
COMMAND: POST /session/343af6daf6fbc7ee30938bcb5a9c3885/element - {"using":"xpath","value":"//button[@data-kt=\"addButton\"]"}
RESULT: {"using":"xpath","value":"//button[@data-kt=\"addButton\"]"}
COMMAND: POST /session/343af6daf6fbc7ee30938bcb5a9c3885/elements - {"using":"xpath","value":"//button[@data-kt=\"addButton\"]"}
RESULT: {"using":"xpath","value":"//button[@data-kt=\"addButton\"]"}
COMMAND: POST /session/343af6daf6fbc7ee30938bcb5a9c3885/execute/sync - {"script":"<script> [8489 bytes]","args":[{"element-6066-11e4-a52e-4f735466cecf":"f.8C4C75981FBDA5C274A9290576C3313B.d.EED04959E70356FF9D7E5EC5C0C4FD2F.e.5029","ELEMENT":"f.8C4C75981FBDA5C274A9290576C3313B.d.EED04959E70356FF9D7E5EC5C0C4FD2F.e.5029"}]}
RESULT: {"script":"<script> [8489 bytes]","args":[{"element-6066-11e4-a52e-4f735466cecf":"f.8C4C75981FBDA5C274A9290576C3313B.d.EED04959E70356FF9D7E5EC5C0C4FD2F.e.5029","ELEMENT":"f.8C4C75981FBDA5C274A9290576C3313B.d.EED04959E70356FF9D7E5EC5C0C4FD2F.e.5029"}]}
COMMAND: GET /session/343af6daf6fbc7ee30938bcb5a9c3885/element/f.8C4C75981FBDA5C274A9290576C3313B.d.EED04959E70356FF9D7E5EC5C0C4FD2F.e.5029/enabled - {}
COMMAND: GET /session/343af6daf6fbc7ee30938bcb5a9c3885/screenshot - {}
RESULT: {}
COMMAND: POST /session/343af6daf6fbc7ee30938bcb5a9c3885/execute/sync - {"script":"<script> [8489 bytes]","args":[{"element-6066-11e4-a52e-4f735466cecf":"f.8C4C75981FBDA5C274A9290576C3313B.d.EED04959E70356FF9D7E5EC5C0C4FD2F.e.5029","ELEMENT":"f.8C4C75981FBDA5C274A9290576C3313B.d.EED04959E70356FF9D7E5EC5C0C4FD2F.e.5029"}]}
COMMAND: GET /session/343af6daf6fbc7ee30938bcb5a9c3885/screenshot - {}
RESULT: {}
RESULT: {"script":"<script> [8489 bytes]","args":[{"element-6066-11e4-a52e-4f735466cecf":"f.8C4C75981FBDA5C274A9290576C3313B.d.EED04959E70356FF9D7E5EC5C0C4FD2F.e.5029","ELEMENT":"f.8C4C75981FBDA5C274A9290576C3313B.d.EED04959E70356FF9D7E5EC5C0C4FD2F.e.5029"}]}
COMMAND: POST /session/343af6daf6fbc7ee30938bcb5a9c3885/execute/sync - {"script":"<script> [5351 bytes]","args":[{"element-6066-11e4-a52e-4f735466cecf":"f.8C4C75981FBDA5C274A9290576C3313B.d.EED04959E70356FF9D7E5EC5C0C4FD2F.e.5029","ELEMENT":"f.8C4C75981FBDA5C274A9290576C3313B.d.EED04959E70356FF9D7E5EC5C0C4FD2F.e.5029"}]}
COMMAND: GET /session/343af6daf6fbc7ee30938bcb5a9c3885/screenshot - {}
RESULT: {}
RESULT: {"script":"<script> [5351 bytes]","args":[{"element-6066-11e4-a52e-4f735466cecf":"f.8C4C75981FBDA5C274A9290576C3313B.d.EED04959E70356FF9D7E5EC5C0C4FD2F.e.5029","ELEMENT":"f.8C4C75981FBDA5C274A9290576C3313B.d.EED04959E70356FF9D7E5EC5C0C4FD2F.e.5029"}]}
COMMAND: GET /session/343af6daf6fbc7ee30938bcb5a9c3885/screenshot - {}
RESULT: {}
RESULT: {}
COMMAND: POST /session/343af6daf6fbc7ee30938bcb5a9c3885/element/f.8C4C75981FBDA5C274A9290576C3313B.d.EED04959E70356FF9D7E5EC5C0C4FD2F.e.5029/click - {}
RESULT: {}
COMMAND: GET /session/343af6daf6fbc7ee30938bcb5a9c3885/screenshot - {}
COMMAND: POST /session/343af6daf6fbc7ee30938bcb5a9c3885/execute/async - {"script":"<script> [1562 bytes]","args":[{"selector":{"id":"application-managecontracts-display-component---AddNewContract--projectDescription","interaction":{"idSuffix":"inner"}},"wdio_ui5_key":"applicationmanagecontracts-display-component---AddNewContract--projectDescription"}]}
RESULT: {}
RESULT: {"script":"<script> [1562 bytes]","args":[{"selector":{"id":"application-managecontracts-display-component---AddNewContract--projectDescription","interaction":{"idSuffix":"inner"}},"wdio_ui5_key":"applicationmanagecontracts-display-component---AddNewContract--projectDescription"}]}
RESULT: undefined
COMMAND: POST /session/343af6daf6fbc7ee30938bcb5a9c3885/execute/async - {"script":"<script> [776 bytes]","args":[{"enterText":"Contract WDIO","selector":{"id":"application-managecontracts-display-component---AddNewContract--projectDescription","interaction":{"idSuffix":"inner"}},"clearTextFirst":true,"interactionType":"ENTER_TEXT"}]}
RESULT: {"script":"<script> [776 bytes]","args":[{"enterText":"Contract WDIO","selector":{"id":"application-managecontracts-display-component---AddNewContract--projectDescription","interaction":{"idSuffix":"inner"}},"clearTextFirst":true,"interactionType":"ENTER_TEXT"}]}
COMMAND: POST /session/343af6daf6fbc7ee30938bcb5a9c3885/element - {"using":"xpath","value":"//input[@id=\"application-managecontracts-display-component---AddNewContract--site-inner\"]"}
RESULT: {"using":"xpath","value":"//input[@id=\"application-managecontracts-display-component---AddNewContract--site-inner\"]"}
COMMAND: POST /session/343af6daf6fbc7ee30938bcb5a9c3885/element/f.8C4C75981FBDA5C274A9290576C3313B.d.EED04959E70356FF9D7E5EC5C0C4FD2F.e.5324/clear - {}
RESULT: {}
COMMAND: POST /session/343af6daf6fbc7ee30938bcb5a9c3885/element/f.8C4C75981FBDA5C274A9290576C3313B.d.EED04959E70356FF9D7E5EC5C0C4FD2F.e.5324/value - {"text":"2429"}
COMMAND: GET /session/343af6daf6fbc7ee30938bcb5a9c3885/screenshot - {}
RESULT: {"text":"2429"}
COMMAND: GET /session/343af6daf6fbc7ee30938bcb5a9c3885/screenshot - {}
RESULT: {}
RESULT: {}
COMMAND: POST /session/343af6daf6fbc7ee30938bcb5a9c3885/element - {"using":"xpath","value":"//li[.//span[text()='2429']]"}
RESULT: {"using":"xpath","value":"//li[.//span[text()='2429']]"}
COMMAND: POST /session/343af6daf6fbc7ee30938bcb5a9c3885/element/f.8C4C75981FBDA5C274A9290576C3313B.d.EED04959E70356FF9D7E5EC5C0C4FD2F.e.5349/click - {}
RESULT: {}
COMMAND: GET /session/343af6daf6fbc7ee30938bcb5a9c3885/screenshot - {}
RESULT: {}
COMMAND: POST /session/343af6daf6fbc7ee30938bcb5a9c3885/element - {"using":"xpath","value":"//input[@id=\"application-managecontracts-display-component---AddNewContract--yardId-inner\"]"}
RESULT: {"using":"xpath","value":"//input[@id=\"application-managecontracts-display-component---AddNewContract--yardId-inner\"]"}
COMMAND: GET /session/343af6daf6fbc7ee30938bcb5a9c3885/element/f.8C4C75981FBDA5C274A9290576C3313B.d.EED04959E70356FF9D7E5EC5C0C4FD2F.e.5325/property/value - {}
RESULT: {}
COMMAND: POST /session/343af6daf6fbc7ee30938bcb5a9c3885/element - {"using":"xpath","value":"//input[@id=\"application-managecontracts-display-component---AddNewContract--customerSelect-inner\"]"}
COMMAND: GET /session/343af6daf6fbc7ee30938bcb5a9c3885/screenshot - {}
RESULT: {"using":"xpath","value":"//input[@id=\"application-managecontracts-display-component---AddNewContract--customerSelect-inner\"]"}
COMMAND: POST /session/343af6daf6fbc7ee30938bcb5a9c3885/element/f.8C4C75981FBDA5C274A9290576C3313B.d.EED04959E70356FF9D7E5EC5C0C4FD2F.e.5323/clear - {}
RESULT: {}
RESULT: {}
COMMAND: POST /session/343af6daf6fbc7ee30938bcb5a9c3885/element/f.8C4C75981FBDA5C274A9290576C3313B.d.EED04959E70356FF9D7E5EC5C0C4FD2F.e.5323/value - {"text":"1468"}
COMMAND: GET /session/343af6daf6fbc7ee30938bcb5a9c3885/screenshot - {}
RESULT: {"text":"1468"}
COMMAND: GET /session/343af6daf6fbc7ee30938bcb5a9c3885/screenshot - {}
RESULT: {}
RESULT: {}
COMMAND: POST /session/343af6daf6fbc7ee30938bcb5a9c3885/element - {"using":"xpath","value":"//li[.//span[text()='1468']]"}
RESULT: {"using":"xpath","value":"//li[.//span[text()='1468']]"}
COMMAND: POST /session/343af6daf6fbc7ee30938bcb5a9c3885/element/f.8C4C75981FBDA5C274A9290576C3313B.d.EED04959E70356FF9D7E5EC5C0C4FD2F.e.5352/click - {}
RESULT: {}
COMMAND: GET /session/343af6daf6fbc7ee30938bcb5a9c3885/screenshot - {}
RESULT: {}
COMMAND: POST /session/343af6daf6fbc7ee30938bcb5a9c3885/element - {"using":"xpath","value":"//button[@data-kt=\"saveButton\"]"}
RESULT: {"using":"xpath","value":"//button[@data-kt=\"saveButton\"]"}
COMMAND: POST /session/343af6daf6fbc7ee30938bcb5a9c3885/element/f.8C4C75981FBDA5C274A9290576C3313B.d.EED04959E70356FF9D7E5EC5C0C4FD2F.e.5341/click - {}
RESULT: {}
COMMAND: GET /session/343af6daf6fbc7ee30938bcb5a9c3885/screenshot - {}
RESULT: {}
COMMAND: POST /session/343af6daf6fbc7ee30938bcb5a9c3885/element - {"using":"xpath","value":"//span[contains(@id ,\"contractDetailTitleNoExpanded\")]"}
RESULT: {"using":"xpath","value":"//span[contains(@id ,\"contractDetailTitleNoExpanded\")]"}
COMMAND: POST /session/343af6daf6fbc7ee30938bcb5a9c3885/elements - {"using":"xpath","value":"//span[contains(@id ,\"contractDetailTitleNoExpanded\")]"}
RESULT: {"using":"xpath","value":"//span[contains(@id ,\"contractDetailTitleNoExpanded\")]"}
COMMAND: POST /session/343af6daf6fbc7ee30938bcb5a9c3885/execute/sync - {"script":"<script> [56 bytes]","args":[{"element-6066-11e4-a52e-4f735466cecf":"f.8C4C75981FBDA5C274A9290576C3313B.d.EED04959E70356FF9D7E5EC5C0C4FD2F.e.5361","ELEMENT":"f.8C4C75981FBDA5C274A9290576C3313B.d.EED04959E70356FF9D7E5EC5C0C4FD2F.e.5361"}]}
RESULT: {"script":"<script> [56 bytes]","args":[{"element-6066-11e4-a52e-4f735466cecf":"f.8C4C75981FBDA5C274A9290576C3313B.d.EED04959E70356FF9D7E5EC5C0C4FD2F.e.5361","ELEMENT":"f.8C4C75981FBDA5C274A9290576C3313B.d.EED04959E70356FF9D7E5EC5C0C4FD2F.e.5361"}]}
COMMAND: GET /session/343af6daf6fbc7ee30938bcb5a9c3885/screenshot - {}
RESULT: {}
]]></system-out>
    </testcase>
    <testcase classname="chrome.135_0_7049_96.windows.Billing_confirm_US117289" name="Should add created equipment to contract" time="46.83">
      <system-out><![CDATA[
COMMAND: POST /session/343af6daf6fbc7ee30938bcb5a9c3885/element - {"using":"xpath","value":"//button[@data-kt=\"contractDetailEditBtnButton\"]"}
RESULT: {"using":"xpath","value":"//button[@data-kt=\"contractDetailEditBtnButton\"]"}
COMMAND: POST /session/343af6daf6fbc7ee30938bcb5a9c3885/element/f.8C4C75981FBDA5C274A9290576C3313B.d.EED04959E70356FF9D7E5EC5C0C4FD2F.e.5364/click - {}
RESULT: {}
COMMAND: GET /session/343af6daf6fbc7ee30938bcb5a9c3885/screenshot - {}
RESULT: {}
COMMAND: POST /session/343af6daf6fbc7ee30938bcb5a9c3885/element - {"using":"xpath","value":"(//span[contains(text(), \"Additional Addresses\")])[2]"}
RESULT: {"using":"xpath","value":"(//span[contains(text(), \"Additional Addresses\")])[2]"}
COMMAND: POST /session/343af6daf6fbc7ee30938bcb5a9c3885/element/f.8C4C75981FBDA5C274A9290576C3313B.d.EED04959E70356FF9D7E5EC5C0C4FD2F.e.5419/click - {}
RESULT: {}
COMMAND: GET /session/343af6daf6fbc7ee30938bcb5a9c3885/screenshot - {}
RESULT: {}
COMMAND: POST /session/343af6daf6fbc7ee30938bcb5a9c3885/element - {"using":"xpath","value":"//button[@data-kt=\"btnAddTableRowOverflowToolbarButton\"]"}
RESULT: {"using":"xpath","value":"//button[@data-kt=\"btnAddTableRowOverflowToolbarButton\"]"}
COMMAND: POST /session/343af6daf6fbc7ee30938bcb5a9c3885/element/f.8C4C75981FBDA5C274A9290576C3313B.d.EED04959E70356FF9D7E5EC5C0C4FD2F.e.5421/click - {}
RESULT: {}
COMMAND: GET /session/343af6daf6fbc7ee30938bcb5a9c3885/screenshot - {}
RESULT: {}
COMMAND: POST /session/343af6daf6fbc7ee30938bcb5a9c3885/element - {"using":"xpath","value":"//div[(text() = 'Standard Entry' or . = 'Standard Entry')]"}
RESULT: {"using":"xpath","value":"//div[(text() = 'Standard Entry' or . = 'Standard Entry')]"}
COMMAND: POST /session/343af6daf6fbc7ee30938bcb5a9c3885/element/f.8C4C75981FBDA5C274A9290576C3313B.d.EED04959E70356FF9D7E5EC5C0C4FD2F.e.5423/click - {}
RESULT: {}
COMMAND: GET /session/343af6daf6fbc7ee30938bcb5a9c3885/screenshot - {}
RESULT: {}
COMMAND: POST /session/343af6daf6fbc7ee30938bcb5a9c3885/element - {"using":"xpath","value":"//td[7]/div/div/input"}
RESULT: {"using":"xpath","value":"//td[7]/div/div/input"}
COMMAND: POST /session/343af6daf6fbc7ee30938bcb5a9c3885/element/f.8C4C75981FBDA5C274A9290576C3313B.d.EED04959E70356FF9D7E5EC5C0C4FD2F.e.5432/clear - {}
RESULT: {}
COMMAND: POST /session/343af6daf6fbc7ee30938bcb5a9c3885/element/f.8C4C75981FBDA5C274A9290576C3313B.d.EED04959E70356FF9D7E5EC5C0C4FD2F.e.5432/value - {"text":"aByOmpDE6w"}
COMMAND: GET /session/343af6daf6fbc7ee30938bcb5a9c3885/screenshot - {}
RESULT: {"text":"aByOmpDE6w"}
COMMAND: GET /session/343af6daf6fbc7ee30938bcb5a9c3885/screenshot - {}
RESULT: {}
RESULT: {}
COMMAND: POST /session/343af6daf6fbc7ee30938bcb5a9c3885/actions - {"actions":[{"id":"action18","type":"key","parameters":{},"actions":[{"type":"keyDown","value":"î€‡"},{"type":"pause","duration":10},{"type":"keyUp","value":"î€‡"}]}]}
RESULT: {"actions":[{"id":"action18","type":"key","parameters":{},"actions":[{"type":"keyDown","value":"î€‡"},{"type":"pause","duration":10},{"type":"keyUp","value":"î€‡"}]}]}
COMMAND: GET /session/343af6daf6fbc7ee30938bcb5a9c3885/screenshot - {}
RESULT: {}
COMMAND: POST /session/343af6daf6fbc7ee30938bcb5a9c3885/execute/sync - {"script":"<script> [276 bytes]","args":["No pricing information was found"]}
RESULT: {"script":"<script> [276 bytes]","args":["No pricing information was found"]}
COMMAND: POST /session/343af6daf6fbc7ee30938bcb5a9c3885/element - {"using":"xpath","value":"(//button[@data-kt=\"saveButton\"])[2]"}
COMMAND: GET /session/343af6daf6fbc7ee30938bcb5a9c3885/screenshot - {}
RESULT: {"using":"xpath","value":"(//button[@data-kt=\"saveButton\"])[2]"}
COMMAND: POST /session/343af6daf6fbc7ee30938bcb5a9c3885/element/f.8C4C75981FBDA5C274A9290576C3313B.d.EED04959E70356FF9D7E5EC5C0C4FD2F.e.5447/click - {}
RESULT: {}
RESULT: {}
COMMAND: GET /session/343af6daf6fbc7ee30938bcb5a9c3885/screenshot - {}
RESULT: {}
COMMAND: POST /session/343af6daf6fbc7ee30938bcb5a9c3885/execute/sync - {"script":"<script> [276 bytes]","args":["Some contract items are having rental validity exceeding header rental validity"]}
RESULT: {"script":"<script> [276 bytes]","args":["Some contract items are having rental validity exceeding header rental validity"]}
COMMAND: GET /session/343af6daf6fbc7ee30938bcb5a9c3885/screenshot - {}
RESULT: {}
COMMAND: POST /session/343af6daf6fbc7ee30938bcb5a9c3885/element - {"using":"xpath","value":"//span[contains(@id ,\"contractItemsSmartTable-header-inner\")]"}
RESULT: {"using":"xpath","value":"//span[contains(@id ,\"contractItemsSmartTable-header-inner\")]"}
COMMAND: POST /session/343af6daf6fbc7ee30938bcb5a9c3885/elements - {"using":"xpath","value":"//span[contains(@id ,\"contractItemsSmartTable-header-inner\")]"}
RESULT: {"using":"xpath","value":"//span[contains(@id ,\"contractItemsSmartTable-header-inner\")]"}
COMMAND: POST /session/343af6daf6fbc7ee30938bcb5a9c3885/execute/sync - {"script":"<script> [56 bytes]","args":[{"element-6066-11e4-a52e-4f735466cecf":"f.8C4C75981FBDA5C274A9290576C3313B.d.EED04959E70356FF9D7E5EC5C0C4FD2F.e.5456","ELEMENT":"f.8C4C75981FBDA5C274A9290576C3313B.d.EED04959E70356FF9D7E5EC5C0C4FD2F.e.5456"}]}
RESULT: {"script":"<script> [56 bytes]","args":[{"element-6066-11e4-a52e-4f735466cecf":"f.8C4C75981FBDA5C274A9290576C3313B.d.EED04959E70356FF9D7E5EC5C0C4FD2F.e.5456","ELEMENT":"f.8C4C75981FBDA5C274A9290576C3313B.d.EED04959E70356FF9D7E5EC5C0C4FD2F.e.5456"}]}
]]></system-out>
    </testcase>
    <testcase classname="chrome.135_0_7049_96.windows.Billing_confirm_US117289" name="Should do a provide to site handover" time="51.12">
      <system-out><![CDATA[
COMMAND: POST /session/343af6daf6fbc7ee30938bcb5a9c3885/element - {"using":"xpath","value":"//button[@data-kt=\"provideButton\"]"}
COMMAND: GET /session/343af6daf6fbc7ee30938bcb5a9c3885/screenshot - {}
RESULT: {"using":"xpath","value":"//button[@data-kt=\"provideButton\"]"}
COMMAND: POST /session/343af6daf6fbc7ee30938bcb5a9c3885/element/f.8C4C75981FBDA5C274A9290576C3313B.d.EED04959E70356FF9D7E5EC5C0C4FD2F.e.5457/click - {}
RESULT: {}
RESULT: {}
COMMAND: GET /session/343af6daf6fbc7ee30938bcb5a9c3885/screenshot - {}
RESULT: undefined
COMMAND: POST /session/343af6daf6fbc7ee30938bcb5a9c3885/execute/async - {"script":"<script> [6424 bytes]","args":[{"element-6066-11e4-a52e-4f735466cecf":"f.8C4C75981FBDA5C274A9290576C3313B.d.EED04959E70356FF9D7E5EC5C0C4FD2F.e.4551"},"setValue",["05/05/2025"]]}
RESULT: {}
COMMAND: POST /session/343af6daf6fbc7ee30938bcb5a9c3885/execute/async - {"script":"<script> [1562 bytes]","args":[{"selector":{"id":"application-managehandovers-display-component---AddNewHO--dueDate","interaction":{"idSuffix":"inner"}},"wdio_ui5_key":"applicationmanagehandovers-display-component---AddNewHO--dueDate"}]}
RESULT: {"script":"<script> [1562 bytes]","args":[{"selector":{"id":"application-managehandovers-display-component---AddNewHO--dueDate","interaction":{"idSuffix":"inner"}},"wdio_ui5_key":"applicationmanagehandovers-display-component---AddNewHO--dueDate"}]}
COMMAND: POST /session/343af6daf6fbc7ee30938bcb5a9c3885/execute/async - {"script":"<script> [6424 bytes]","args":[{"element-6066-11e4-a52e-4f735466cecf":"f.8C4C75981FBDA5C274A9290576C3313B.d.EED04959E70356FF9D7E5EC5C0C4FD2F.e.5514"},"setValue",["05/05/2025"]]}
RESULT: {"script":"<script> [6424 bytes]","args":[{"element-6066-11e4-a52e-4f735466cecf":"f.8C4C75981FBDA5C274A9290576C3313B.d.EED04959E70356FF9D7E5EC5C0C4FD2F.e.5514"},"setValue",["05/05/2025"]]}
COMMAND: POST /session/343af6daf6fbc7ee30938bcb5a9c3885/element - {"using":"xpath","value":"//bdi[contains(text(), \"Instructions\")]"}
RESULT: {"using":"xpath","value":"//bdi[contains(text(), \"Instructions\")]"}
COMMAND: POST /session/343af6daf6fbc7ee30938bcb5a9c3885/element/f.8C4C75981FBDA5C274A9290576C3313B.d.EED04959E70356FF9D7E5EC5C0C4FD2F.e.5770/click - {}
RESULT: {}
COMMAND: GET /session/343af6daf6fbc7ee30938bcb5a9c3885/screenshot - {}
RESULT: {}
COMMAND: POST /session/343af6daf6fbc7ee30938bcb5a9c3885/element - {"using":"xpath","value":"//button[@data-kt=\"AddNewHOProvideAddItemsButton\"]"}
RESULT: {"using":"xpath","value":"//button[@data-kt=\"AddNewHOProvideAddItemsButton\"]"}
COMMAND: POST /session/343af6daf6fbc7ee30938bcb5a9c3885/element/f.8C4C75981FBDA5C274A9290576C3313B.d.EED04959E70356FF9D7E5EC5C0C4FD2F.e.5774/click - {}
RESULT: {}
COMMAND: GET /session/343af6daf6fbc7ee30938bcb5a9c3885/screenshot - {}
RESULT: {}
RESULT: undefined
COMMAND: POST /session/343af6daf6fbc7ee30938bcb5a9c3885/element - {"using":"xpath","value":"//*[@id=\"application-managehandovers-display-component---AddNewHO--popup-sa\"]"}
RESULT: {"using":"xpath","value":"//*[@id=\"application-managehandovers-display-component---AddNewHO--popup-sa\"]"}
COMMAND: POST /session/343af6daf6fbc7ee30938bcb5a9c3885/element/f.8C4C75981FBDA5C274A9290576C3313B.d.EED04959E70356FF9D7E5EC5C0C4FD2F.e.5783/click - {}
RESULT: {}
COMMAND: GET /session/343af6daf6fbc7ee30938bcb5a9c3885/screenshot - {}
RESULT: {}
COMMAND: POST /session/343af6daf6fbc7ee30938bcb5a9c3885/element - {"using":"xpath","value":"//*[contains(@id ,\"BDI-content\")][contains(text(), \"Select\")]"}
RESULT: {"using":"xpath","value":"//*[contains(@id ,\"BDI-content\")][contains(text(), \"Select\")]"}
COMMAND: POST /session/343af6daf6fbc7ee30938bcb5a9c3885/element/f.8C4C75981FBDA5C274A9290576C3313B.d.EED04959E70356FF9D7E5EC5C0C4FD2F.e.5785/click - {}
RESULT: {}
COMMAND: GET /session/343af6daf6fbc7ee30938bcb5a9c3885/screenshot - {}
RESULT: {}
COMMAND: POST /session/343af6daf6fbc7ee30938bcb5a9c3885/execute/async - {"script":"<script> [1562 bytes]","args":[{"selector":{"id":"application-managehandovers-display-component---AddNewHO--confirmCreationButton","interaction":{"idSuffix":"BDI-content"}},"wdio_ui5_key":"applicationmanagehandovers-display-component---AddNewHO--confirmCreationButton"}]}
RESULT: {"script":"<script> [1562 bytes]","args":[{"selector":{"id":"application-managehandovers-display-component---AddNewHO--confirmCreationButton","interaction":{"idSuffix":"BDI-content"}},"wdio_ui5_key":"applicationmanagehandovers-display-component---AddNewHO--confirmCreationButton"}]}
RESULT: undefined
COMMAND: POST /session/343af6daf6fbc7ee30938bcb5a9c3885/element - {"using":"xpath","value":"//*[@id=\"application-managehandovers-display-component---AddNewHO--confirmCreationButton\"]"}
RESULT: {"using":"xpath","value":"//*[@id=\"application-managehandovers-display-component---AddNewHO--confirmCreationButton\"]"}
COMMAND: POST /session/343af6daf6fbc7ee30938bcb5a9c3885/element/f.8C4C75981FBDA5C274A9290576C3313B.d.EED04959E70356FF9D7E5EC5C0C4FD2F.e.5580/click - {}
RESULT: {}
COMMAND: GET /session/343af6daf6fbc7ee30938bcb5a9c3885/screenshot - {}
RESULT: {}
COMMAND: POST /session/343af6daf6fbc7ee30938bcb5a9c3885/element - {"using":"xpath","value":"//button[@data-kt=\"PickingTableConfirmAllButton\"]"}
RESULT: {"using":"xpath","value":"//button[@data-kt=\"PickingTableConfirmAllButton\"]"}
COMMAND: POST /session/343af6daf6fbc7ee30938bcb5a9c3885/elements - {"using":"xpath","value":"//button[@data-kt=\"PickingTableConfirmAllButton\"]"}
RESULT: {"using":"xpath","value":"//button[@data-kt=\"PickingTableConfirmAllButton\"]"}
COMMAND: POST /session/343af6daf6fbc7ee30938bcb5a9c3885/elements - {"using":"xpath","value":"//button[@data-kt=\"PickingTableConfirmAllButton\"]"}
RESULT: {"using":"xpath","value":"//button[@data-kt=\"PickingTableConfirmAllButton\"]"}
COMMAND: POST /session/343af6daf6fbc7ee30938bcb5a9c3885/element - {"using":"xpath","value":"//button[@data-kt=\"PickingTableConfirmAllButton\"]"}
RESULT: {"using":"xpath","value":"//button[@data-kt=\"PickingTableConfirmAllButton\"]"}
COMMAND: POST /session/343af6daf6fbc7ee30938bcb5a9c3885/element/f.8C4C75981FBDA5C274A9290576C3313B.d.EED04959E70356FF9D7E5EC5C0C4FD2F.e.5822/click - {}
COMMAND: POST /session/343af6daf6fbc7ee30938bcb5a9c3885/element - {"using":"xpath","value":"//button[@data-kt=\"PickingTableConfirmAllButton\"]"}
RESULT: {"using":"xpath","value":"//button[@data-kt=\"PickingTableConfirmAllButton\"]"}
COMMAND: POST /session/343af6daf6fbc7ee30938bcb5a9c3885/element/f.8C4C75981FBDA5C274A9290576C3313B.d.EED04959E70356FF9D7E5EC5C0C4FD2F.e.5822/click - {}
COMMAND: POST /session/343af6daf6fbc7ee30938bcb5a9c3885/element - {"using":"xpath","value":"//button[@data-kt=\"PickingTableConfirmAllButton\"]"}
RESULT: {"using":"xpath","value":"//button[@data-kt=\"PickingTableConfirmAllButton\"]"}
COMMAND: POST /session/343af6daf6fbc7ee30938bcb5a9c3885/element/f.8C4C75981FBDA5C274A9290576C3313B.d.EED04959E70356FF9D7E5EC5C0C4FD2F.e.5844/click - {}
RESULT: {}
COMMAND: GET /session/343af6daf6fbc7ee30938bcb5a9c3885/screenshot - {}
RESULT: {}
COMMAND: POST /session/343af6daf6fbc7ee30938bcb5a9c3885/element - {"using":"xpath","value":"//bdi[contains(text(), \"OK\")]"}
RESULT: {"using":"xpath","value":"//bdi[contains(text(), \"OK\")]"}
COMMAND: POST /session/343af6daf6fbc7ee30938bcb5a9c3885/element/f.8C4C75981FBDA5C274A9290576C3313B.d.EED04959E70356FF9D7E5EC5C0C4FD2F.e.5847/click - {}
RESULT: {}
COMMAND: GET /session/343af6daf6fbc7ee30938bcb5a9c3885/screenshot - {}
RESULT: {}
COMMAND: POST /session/343af6daf6fbc7ee30938bcb5a9c3885/element - {"using":"xpath","value":"//bdi[contains(text(), \"Issue\")]"}
RESULT: {"using":"xpath","value":"//bdi[contains(text(), \"Issue\")]"}
COMMAND: POST /session/343af6daf6fbc7ee30938bcb5a9c3885/element/f.8C4C75981FBDA5C274A9290576C3313B.d.EED04959E70356FF9D7E5EC5C0C4FD2F.e.5848/click - {}
RESULT: {}
COMMAND: GET /session/343af6daf6fbc7ee30938bcb5a9c3885/screenshot - {}
RESULT: {}
COMMAND: POST /session/343af6daf6fbc7ee30938bcb5a9c3885/element - {"using":"css selector","value":"#shell-header-logo"}
RESULT: {"using":"css selector","value":"#shell-header-logo"}
COMMAND: POST /session/343af6daf6fbc7ee30938bcb5a9c3885/element/f.8C4C75981FBDA5C274A9290576C3313B.d.EED04959E70356FF9D7E5EC5C0C4FD2F.e.4963/click - {}
RESULT: {}
COMMAND: GET /session/343af6daf6fbc7ee30938bcb5a9c3885/screenshot - {}
RESULT: {}
]]></system-out>
    </testcase>
    <testcase classname="chrome.135_0_7049_96.windows.Billing_confirm_US117289" name="Should trigger calculation" time="72.34">
      <system-out><![CDATA[
COMMAND: POST /session/343af6daf6fbc7ee30938bcb5a9c3885/execute/async - {"script":"<script> [1562 bytes]","args":[{"selector":{"controlType":"sap.m.GenericTile","properties":{"header":"Manage Billings"}},"wdio_ui5_key":"sapm.GenericTile{\"header\":\"Manage Billings\"}"}]}
RESULT: {"script":"<script> [1562 bytes]","args":[{"selector":{"controlType":"sap.m.GenericTile","properties":{"header":"Manage Billings"}},"wdio_ui5_key":"sapm.GenericTile{\"header\":\"Manage Billings\"}"}]}
RESULT: undefined
COMMAND: POST /session/343af6daf6fbc7ee30938bcb5a9c3885/element - {"using":"xpath","value":"//*[@id=\"__tile91\"]"}
RESULT: {"using":"xpath","value":"//*[@id=\"__tile91\"]"}
COMMAND: POST /session/343af6daf6fbc7ee30938bcb5a9c3885/element/f.8C4C75981FBDA5C274A9290576C3313B.d.EED04959E70356FF9D7E5EC5C0C4FD2F.e.2842/click - {}
RESULT: {}
COMMAND: GET /session/343af6daf6fbc7ee30938bcb5a9c3885/screenshot - {}
RESULT: {}
COMMAND: POST /session/343af6daf6fbc7ee30938bcb5a9c3885/execute/async - {"script":"<script> [1562 bytes]","args":[{"selector":{"id":"application-managebillings-display-component---billRunCalcResult--smartFilterBar-btnBasicSearch","interaction":{"idSuffix":"I"}},"wdio_ui5_key":"applicationmanagebillings-display-component---billRunCalcResult--smartFilterBar-btnBasicSearch"}]}
RESULT: {"script":"<script> [1562 bytes]","args":[{"selector":{"id":"application-managebillings-display-component---billRunCalcResult--smartFilterBar-btnBasicSearch","interaction":{"idSuffix":"I"}},"wdio_ui5_key":"applicationmanagebillings-display-component---billRunCalcResult--smartFilterBar-btnBasicSearch"}]}
RESULT: undefined
COMMAND: POST /session/343af6daf6fbc7ee30938bcb5a9c3885/execute/async - {"script":"<script> [776 bytes]","args":[{"enterText":"10544","selector":{"id":"application-managebillings-display-component---billRunCalcResult--smartFilterBar-btnBasicSearch","interaction":{"idSuffix":"I"}},"clearTextFirst":true,"interactionType":"ENTER_TEXT"}]}
RESULT: {"script":"<script> [776 bytes]","args":[{"enterText":"10544","selector":{"id":"application-managebillings-display-component---billRunCalcResult--smartFilterBar-btnBasicSearch","interaction":{"idSuffix":"I"}},"clearTextFirst":true,"interactionType":"ENTER_TEXT"}]}
COMMAND: POST /session/343af6daf6fbc7ee30938bcb5a9c3885/actions - {"actions":[{"id":"action19","type":"key","parameters":{},"actions":[{"type":"keyDown","value":"î€‡"},{"type":"pause","duration":10},{"type":"keyUp","value":"î€‡"}]}]}
RESULT: {"actions":[{"id":"action19","type":"key","parameters":{},"actions":[{"type":"keyDown","value":"î€‡"},{"type":"pause","duration":10},{"type":"keyUp","value":"î€‡"}]}]}
COMMAND: GET /session/343af6daf6fbc7ee30938bcb5a9c3885/screenshot - {}
RESULT: {}
COMMAND: POST /session/343af6daf6fbc7ee30938bcb5a9c3885/element - {"using":"xpath","value":"//td[@aria-colindex=\"1\"]/div/div[contains(@class, \"sapMCbBg\")]"}
RESULT: {"using":"xpath","value":"//td[@aria-colindex=\"1\"]/div/div[contains(@class, \"sapMCbBg\")]"}
COMMAND: POST /session/343af6daf6fbc7ee30938bcb5a9c3885/element/f.8C4C75981FBDA5C274A9290576C3313B.d.EED04959E70356FF9D7E5EC5C0C4FD2F.e.6257/click - {}
RESULT: {}
COMMAND: GET /session/343af6daf6fbc7ee30938bcb5a9c3885/screenshot - {}
RESULT: {}
COMMAND: POST /session/343af6daf6fbc7ee30938bcb5a9c3885/execute/async - {"script":"<script> [1562 bytes]","args":[{"selector":{"id":"application-managebillings-display-component---billRunCalcResult--contractBillRunDate","interaction":{"idSuffix":"inner"}},"wdio_ui5_key":"applicationmanagebillings-display-component---billRunCalcResult--contractBillRunDate"}]}
RESULT: {"script":"<script> [1562 bytes]","args":[{"selector":{"id":"application-managebillings-display-component---billRunCalcResult--contractBillRunDate","interaction":{"idSuffix":"inner"}},"wdio_ui5_key":"applicationmanagebillings-display-component---billRunCalcResult--contractBillRunDate"}]}
RESULT: undefined
COMMAND: POST /session/343af6daf6fbc7ee30938bcb5a9c3885/execute/async - {"script":"<script> [776 bytes]","args":[{"enterText":"06/05/25","selector":{"id":"application-managebillings-display-component---billRunCalcResult--contractBillRunDate","interaction":{"idSuffix":"inner"}},"clearTextFirst":true,"interactionType":"ENTER_TEXT"}]}
RESULT: {"script":"<script> [776 bytes]","args":[{"enterText":"06/05/25","selector":{"id":"application-managebillings-display-component---billRunCalcResult--contractBillRunDate","interaction":{"idSuffix":"inner"}},"clearTextFirst":true,"interactionType":"ENTER_TEXT"}]}
COMMAND: POST /session/343af6daf6fbc7ee30938bcb5a9c3885/element - {"using":"xpath","value":"//bdi[contains(text(), \"Trigger Calculation\")]"}
RESULT: {"using":"xpath","value":"//bdi[contains(text(), \"Trigger Calculation\")]"}
COMMAND: POST /session/343af6daf6fbc7ee30938bcb5a9c3885/element/f.8C4C75981FBDA5C274A9290576C3313B.d.EED04959E70356FF9D7E5EC5C0C4FD2F.e.6271/click - {}
RESULT: {}
COMMAND: GET /session/343af6daf6fbc7ee30938bcb5a9c3885/screenshot - {}
RESULT: {}
COMMAND: POST /session/343af6daf6fbc7ee30938bcb5a9c3885/element - {"using":"xpath","value":"(//span[contains(@id, \"imgNav\")])[1]"}
RESULT: {"using":"xpath","value":"(//span[contains(@id, \"imgNav\")])[1]"}
COMMAND: POST /session/343af6daf6fbc7ee30938bcb5a9c3885/element/f.8C4C75981FBDA5C274A9290576C3313B.d.EED04959E70356FF9D7E5EC5C0C4FD2F.e.6255/click - {}
RESULT: {}
COMMAND: GET /session/343af6daf6fbc7ee30938bcb5a9c3885/screenshot - {}
RESULT: {}
COMMAND: POST /session/343af6daf6fbc7ee30938bcb5a9c3885/element - {"using":"xpath","value":"//tr/td[6]/div[1]/span[1]/span[1]"}
RESULT: {"using":"xpath","value":"//tr/td[6]/div[1]/span[1]/span[1]"}
COMMAND: GET /session/343af6daf6fbc7ee30938bcb5a9c3885/element/f.8C4C75981FBDA5C274A9290576C3313B.d.EED04959E70356FF9D7E5EC5C0C4FD2F.e.6275/text - {}
RESULT: {}
COMMAND: POST /session/343af6daf6fbc7ee30938bcb5a9c3885/element - {"using":"xpath","value":"(//span[contains(@id, \"imgNav\")])[2]"}
RESULT: {"using":"xpath","value":"(//span[contains(@id, \"imgNav\")])[2]"}
COMMAND: POST /session/343af6daf6fbc7ee30938bcb5a9c3885/element/f.8C4C75981FBDA5C274A9290576C3313B.d.EED04959E70356FF9D7E5EC5C0C4FD2F.e.6276/click - {}
RESULT: {}
COMMAND: GET /session/343af6daf6fbc7ee30938bcb5a9c3885/screenshot - {}
RESULT: {}
COMMAND: POST /session/343af6daf6fbc7ee30938bcb5a9c3885/element - {"using":"xpath","value":"//bdi[contains(text(), \"Business Confirm\")]"}
RESULT: {"using":"xpath","value":"//bdi[contains(text(), \"Business Confirm\")]"}
COMMAND: POST /session/343af6daf6fbc7ee30938bcb5a9c3885/element/f.8C4C75981FBDA5C274A9290576C3313B.d.EED04959E70356FF9D7E5EC5C0C4FD2F.e.6340/click - {}
RESULT: {}
COMMAND: GET /session/343af6daf6fbc7ee30938bcb5a9c3885/screenshot - {}
RESULT: {}
COMMAND: POST /session/343af6daf6fbc7ee30938bcb5a9c3885/element - {"using":"xpath","value":"//bdi[contains(text(), \"Business Confirmed\")]"}
RESULT: {"using":"xpath","value":"//bdi[contains(text(), \"Business Confirmed\")]"}
COMMAND: POST /session/343af6daf6fbc7ee30938bcb5a9c3885/execute/sync - {"script":"<script> [56 bytes]","args":[{"element-6066-11e4-a52e-4f735466cecf":"f.8C4C75981FBDA5C274A9290576C3313B.d.EED04959E70356FF9D7E5EC5C0C4FD2F.e.6340","ELEMENT":"f.8C4C75981FBDA5C274A9290576C3313B.d.EED04959E70356FF9D7E5EC5C0C4FD2F.e.6340"}]}
RESULT: {"script":"<script> [56 bytes]","args":[{"element-6066-11e4-a52e-4f735466cecf":"f.8C4C75981FBDA5C274A9290576C3313B.d.EED04959E70356FF9D7E5EC5C0C4FD2F.e.6340","ELEMENT":"f.8C4C75981FBDA5C274A9290576C3313B.d.EED04959E70356FF9D7E5EC5C0C4FD2F.e.6340"}]}
COMMAND: POST /session/343af6daf6fbc7ee30938bcb5a9c3885/element - {"using":"css selector","value":"#shell-header-logo"}
COMMAND: GET /session/343af6daf6fbc7ee30938bcb5a9c3885/screenshot - {}
RESULT: {"using":"css selector","value":"#shell-header-logo"}
COMMAND: POST /session/343af6daf6fbc7ee30938bcb5a9c3885/element/f.8C4C75981FBDA5C274A9290576C3313B.d.EED04959E70356FF9D7E5EC5C0C4FD2F.e.6030/click - {}
RESULT: {}
RESULT: {}
COMMAND: GET /session/343af6daf6fbc7ee30938bcb5a9c3885/screenshot - {}
RESULT: {}
COMMAND: POST /session/343af6daf6fbc7ee30938bcb5a9c3885/element - {"using":"css selector","value":"#j_username"}
COMMAND: POST /session/343af6daf6fbc7ee30938bcb5a9c3885/url - {"url":"https://qa-testing-00-live-etm-ui.cfapps.eu10-004.hana.ondemand.com/"}
RESULT: {"using":"css selector","value":"#j_username"}
COMMAND: POST /session/343af6daf6fbc7ee30938bcb5a9c3885/element - {"using":"css selector","value":"#j_username"}
RESULT: {"url":"https://qa-testing-00-live-etm-ui.cfapps.eu10-004.hana.ondemand.com/"}
RESULT: undefined
COMMAND: GET /session/343af6daf6fbc7ee30938bcb5a9c3885/screenshot - {}
RESULT: {"using":"css selector","value":"#j_username"}
COMMAND: POST /session/343af6daf6fbc7ee30938bcb5a9c3885/element - {"using":"css selector","value":"#shell-header-logo"}
RESULT: {}
RESULT: {"using":"css selector","value":"#shell-header-logo"}
COMMAND: POST /session/343af6daf6fbc7ee30938bcb5a9c3885/execute/sync - {"script":"<script> [8489 bytes]","args":[{"element-6066-11e4-a52e-4f735466cecf":"f.8C4C75981FBDA5C274A9290576C3313B.d.F049398B449A90CAD7FF366300ADA107.e.6359","ELEMENT":"f.8C4C75981FBDA5C274A9290576C3313B.d.F049398B449A90CAD7FF366300ADA107.e.6359"}]}
RESULT: {"script":"<script> [8489 bytes]","args":[{"element-6066-11e4-a52e-4f735466cecf":"f.8C4C75981FBDA5C274A9290576C3313B.d.F049398B449A90CAD7FF366300ADA107.e.6359","ELEMENT":"f.8C4C75981FBDA5C274A9290576C3313B.d.F049398B449A90CAD7FF366300ADA107.e.6359"}]}
COMMAND: POST /session/343af6daf6fbc7ee30938bcb5a9c3885/element - {"using":"css selector","value":"#shell-header-logo"}
COMMAND: GET /session/343af6daf6fbc7ee30938bcb5a9c3885/screenshot - {}
RESULT: {"using":"css selector","value":"#shell-header-logo"}
COMMAND: POST /session/343af6daf6fbc7ee30938bcb5a9c3885/execute/sync - {"script":"<script> [8489 bytes]","args":[{"element-6066-11e4-a52e-4f735466cecf":"f.8C4C75981FBDA5C274A9290576C3313B.d.F049398B449A90CAD7FF366300ADA107.e.6359","ELEMENT":"f.8C4C75981FBDA5C274A9290576C3313B.d.F049398B449A90CAD7FF366300ADA107.e.6359"}]}
RESULT: {}
RESULT: {"script":"<script> [8489 bytes]","args":[{"element-6066-11e4-a52e-4f735466cecf":"f.8C4C75981FBDA5C274A9290576C3313B.d.F049398B449A90CAD7FF366300ADA107.e.6359","ELEMENT":"f.8C4C75981FBDA5C274A9290576C3313B.d.F049398B449A90CAD7FF366300ADA107.e.6359"}]}
COMMAND: POST /session/343af6daf6fbc7ee30938bcb5a9c3885/execute/sync - {"script":"<script> [5351 bytes]","args":[{"element-6066-11e4-a52e-4f735466cecf":"f.8C4C75981FBDA5C274A9290576C3313B.d.F049398B449A90CAD7FF366300ADA107.e.6359","ELEMENT":"f.8C4C75981FBDA5C274A9290576C3313B.d.F049398B449A90CAD7FF366300ADA107.e.6359"}]}
COMMAND: GET /session/343af6daf6fbc7ee30938bcb5a9c3885/screenshot - {}
RESULT: {"script":"<script> [5351 bytes]","args":[{"element-6066-11e4-a52e-4f735466cecf":"f.8C4C75981FBDA5C274A9290576C3313B.d.F049398B449A90CAD7FF366300ADA107.e.6359","ELEMENT":"f.8C4C75981FBDA5C274A9290576C3313B.d.F049398B449A90CAD7FF366300ADA107.e.6359"}]}
COMMAND: POST /session/343af6daf6fbc7ee30938bcb5a9c3885/element - {"using":"css selector","value":"#shell-header-logo"}
COMMAND: GET /session/343af6daf6fbc7ee30938bcb5a9c3885/screenshot - {}
RESULT: {}
RESULT: {"using":"css selector","value":"#shell-header-logo"}
COMMAND: POST /session/343af6daf6fbc7ee30938bcb5a9c3885/element/f.8C4C75981FBDA5C274A9290576C3313B.d.F049398B449A90CAD7FF366300ADA107.e.6359/click - {}
RESULT: {}
RESULT: {}
COMMAND: GET /session/343af6daf6fbc7ee30938bcb5a9c3885/screenshot - {}
RESULT: {}
COMMAND: POST /session/343af6daf6fbc7ee30938bcb5a9c3885/execute/async - {"script":"<script> [189 bytes]","args":[]}
RESULT: {"script":"<script> [189 bytes]","args":[]}
COMMAND: POST /session/343af6daf6fbc7ee30938bcb5a9c3885/execute/async - {"script":"<script> [123 bytes]","args":[]}
RESULT: {"script":"<script> [123 bytes]","args":[]}
COMMAND: POST /session/343af6daf6fbc7ee30938bcb5a9c3885/timeouts - {"script":"<number>"}
RESULT: {"script":"<number>"}
COMMAND: GET /session/343af6daf6fbc7ee30938bcb5a9c3885/timeouts - {}
RESULT: {}
RESULT: undefined
COMMAND: POST /session/343af6daf6fbc7ee30938bcb5a9c3885/execute/async - {"script":"<script> [2676 bytes]","args":[]}
RESULT: {"script":"<script> [2676 bytes]","args":[]}
COMMAND: POST /session/343af6daf6fbc7ee30938bcb5a9c3885/execute/async - {"script":"<script> [2342 bytes]","args":[{"protocol":"http","hostname":"0.0.0.0","path":"/","capabilities":{"browserName":"chrome","goog:chromeOptions":{"binary":"C:\\Program Files\\Google\\Chrome\\Application\\chrome.exe","args":["--start-maximized"]}},"logLevel":"warn","connectionRetryTimeout":120000,"connectionRetryCount":3,"logLevels":{},"enableDirectConnect":true,"strictSSL":true,"_":"65 more keys: [\"cacheDir\",\"port\",\"requestedCapabilities\",\"automationProtocol\",\"baseUrl\",\"waitforInterval\",\"waitforTimeout\",\"onReload\",\"beforeCommand\",\"afterCommand\",\"rootDir\",\"specs\",\"suites\",\"exclude\",\"groupLogsByTestSpec\",\"excludeDriverLogs\",\"bail\",\"framework\",\"reporters\",\"services\",\"maxInstances\",\"maxInstancesPerCapability\",\"injectGlobals\",\"filesToWatch\",\"execArgv\",\"runnerEnv\",\"runner\",\"shard\",\"specFileRetries\",\"specFileRetriesDelay\",\"specFileRetriesDeferred\",\"reporterSyncInterval\",\"reporterSyncTimeout\",\"cucumberFeaturesWithLineNumbers\",\"autoCompileOpts\",\"mochaOpts\",\"jasmineOpts\",\"cucumberOpts\",\"onPrepare\",\"onWorkerStart\",\"onWorkerEnd\",\"before\",\"beforeSession\",\"beforeSuite\",\"beforeHook\",\"beforeTest\",\"afterTest\",\"afterHook\",\"afterSuite\",\"afterSession\",\"after\",\"onComplete\",\"beforeAssertion\",\"afterAssertion\",\"beforeFeature\",\"beforeScenario\",\"beforeStep\",\"afterStep\",\"afterScenario\",\"afterFeature\",\"_\",\"suite\",\"$0\",\"ignoredWorkerServices\",\"wdi5\"]"}]}
RESULT: {"script":"<script> [2342 bytes]","args":[{"protocol":"http","hostname":"0.0.0.0","path":"/","capabilities":{"browserName":"chrome","goog:chromeOptions":{"binary":"C:\\Program Files\\Google\\Chrome\\Application\\chrome.exe","args":["--start-maximized"]}},"logLevel":"warn","connectionRetryTimeout":120000,"connectionRetryCount":3,"logLevels":{},"enableDirectConnect":true,"strictSSL":true,"_":"65 more keys: [\"cacheDir\",\"port\",\"requestedCapabilities\",\"automationProtocol\",\"baseUrl\",\"waitforInterval\",\"waitforTimeout\",\"onReload\",\"beforeCommand\",\"afterCommand\",\"rootDir\",\"specs\",\"suites\",\"exclude\",\"groupLogsByTestSpec\",\"excludeDriverLogs\",\"bail\",\"framework\",\"reporters\",\"services\",\"maxInstances\",\"maxInstancesPerCapability\",\"injectGlobals\",\"filesToWatch\",\"execArgv\",\"runnerEnv\",\"runner\",\"shard\",\"specFileRetries\",\"specFileRetriesDelay\",\"specFileRetriesDeferred\",\"reporterSyncInterval\",\"reporterSyncTimeout\",\"cucumberFeaturesWithLineNumbers\",\"autoCompileOpts\",\"mochaOpts\",\"jasmineOpts\",\"cucumberOpts\",\"onPrepare\",\"onWorkerStart\",\"onWorkerEnd\",\"before\",\"beforeSession\",\"beforeSuite\",\"beforeHook\",\"beforeTest\",\"afterTest\",\"afterHook\",\"afterSuite\",\"afterSession\",\"after\",\"onComplete\",\"beforeAssertion\",\"afterAssertion\",\"beforeFeature\",\"beforeScenario\",\"beforeStep\",\"afterStep\",\"afterScenario\",\"afterFeature\",\"_\",\"suite\",\"$0\",\"ignoredWorkerServices\",\"wdi5\"]"}]}
COMMAND: POST /session/343af6daf6fbc7ee30938bcb5a9c3885/execute/async - {"script":"<script> [21126 bytes]","args":[35000]}
RESULT: {"script":"<script> [21126 bytes]","args":[35000]}
COMMAND: POST /session/343af6daf6fbc7ee30938bcb5a9c3885/window/maximize - {}
RESULT: {}
COMMAND: POST /session/343af6daf6fbc7ee30938bcb5a9c3885/execute/async - {"script":"<script> [1562 bytes]","args":[{"selector":{"id":"shell-header","interaction":{"idSuffix":"icon"}},"wdio_ui5_key":"shellheader"}]}
COMMAND: GET /session/343af6daf6fbc7ee30938bcb5a9c3885/screenshot - {}
RESULT: {"script":"<script> [1562 bytes]","args":[{"selector":{"id":"shell-header","interaction":{"idSuffix":"icon"}},"wdio_ui5_key":"shellheader"}]}
RESULT: undefined
COMMAND: POST /session/343af6daf6fbc7ee30938bcb5a9c3885/refresh - {}
RESULT: {}
RESULT: {}
COMMAND: GET /session/343af6daf6fbc7ee30938bcb5a9c3885/screenshot - {}
RESULT: {}
COMMAND: POST /session/343af6daf6fbc7ee30938bcb5a9c3885/refresh - {}
RESULT: {}
COMMAND: GET /session/343af6daf6fbc7ee30938bcb5a9c3885/screenshot - {}
RESULT: {}
COMMAND: POST /session/343af6daf6fbc7ee30938bcb5a9c3885/window/fullscreen - {}
RESULT: {}
COMMAND: POST /session/343af6daf6fbc7ee30938bcb5a9c3885/execute/async - {"script":"<script> [189 bytes]","args":[]}
RESULT: {"script":"<script> [189 bytes]","args":[]}
COMMAND: POST /session/343af6daf6fbc7ee30938bcb5a9c3885/execute/async - {"script":"<script> [123 bytes]","args":[]}
RESULT: {"script":"<script> [123 bytes]","args":[]}
COMMAND: POST /session/343af6daf6fbc7ee30938bcb5a9c3885/timeouts - {"script":"<number>"}
RESULT: {"script":"<number>"}
COMMAND: GET /session/343af6daf6fbc7ee30938bcb5a9c3885/timeouts - {}
RESULT: {}
RESULT: undefined
COMMAND: POST /session/343af6daf6fbc7ee30938bcb5a9c3885/execute/async - {"script":"<script> [2676 bytes]","args":[]}
RESULT: {"script":"<script> [2676 bytes]","args":[]}
COMMAND: POST /session/343af6daf6fbc7ee30938bcb5a9c3885/execute/async - {"script":"<script> [2342 bytes]","args":[{"protocol":"http","hostname":"0.0.0.0","path":"/","capabilities":{"browserName":"chrome","goog:chromeOptions":{"binary":"C:\\Program Files\\Google\\Chrome\\Application\\chrome.exe","args":["--start-maximized"]}},"logLevel":"warn","connectionRetryTimeout":120000,"connectionRetryCount":3,"logLevels":{},"enableDirectConnect":true,"strictSSL":true,"_":"65 more keys: [\"cacheDir\",\"port\",\"requestedCapabilities\",\"automationProtocol\",\"baseUrl\",\"waitforInterval\",\"waitforTimeout\",\"onReload\",\"beforeCommand\",\"afterCommand\",\"rootDir\",\"specs\",\"suites\",\"exclude\",\"groupLogsByTestSpec\",\"excludeDriverLogs\",\"bail\",\"framework\",\"reporters\",\"services\",\"maxInstances\",\"maxInstancesPerCapability\",\"injectGlobals\",\"filesToWatch\",\"execArgv\",\"runnerEnv\",\"runner\",\"shard\",\"specFileRetries\",\"specFileRetriesDelay\",\"specFileRetriesDeferred\",\"reporterSyncInterval\",\"reporterSyncTimeout\",\"cucumberFeaturesWithLineNumbers\",\"autoCompileOpts\",\"mochaOpts\",\"jasmineOpts\",\"cucumberOpts\",\"onPrepare\",\"onWorkerStart\",\"onWorkerEnd\",\"before\",\"beforeSession\",\"beforeSuite\",\"beforeHook\",\"beforeTest\",\"afterTest\",\"afterHook\",\"afterSuite\",\"afterSession\",\"after\",\"onComplete\",\"beforeAssertion\",\"afterAssertion\",\"beforeFeature\",\"beforeScenario\",\"beforeStep\",\"afterStep\",\"afterScenario\",\"afterFeature\",\"_\",\"suite\",\"$0\",\"ignoredWorkerServices\",\"wdi5\"]"}]}
RESULT: {"script":"<script> [2342 bytes]","args":[{"protocol":"http","hostname":"0.0.0.0","path":"/","capabilities":{"browserName":"chrome","goog:chromeOptions":{"binary":"C:\\Program Files\\Google\\Chrome\\Application\\chrome.exe","args":["--start-maximized"]}},"logLevel":"warn","connectionRetryTimeout":120000,"connectionRetryCount":3,"logLevels":{},"enableDirectConnect":true,"strictSSL":true,"_":"65 more keys: [\"cacheDir\",\"port\",\"requestedCapabilities\",\"automationProtocol\",\"baseUrl\",\"waitforInterval\",\"waitforTimeout\",\"onReload\",\"beforeCommand\",\"afterCommand\",\"rootDir\",\"specs\",\"suites\",\"exclude\",\"groupLogsByTestSpec\",\"excludeDriverLogs\",\"bail\",\"framework\",\"reporters\",\"services\",\"maxInstances\",\"maxInstancesPerCapability\",\"injectGlobals\",\"filesToWatch\",\"execArgv\",\"runnerEnv\",\"runner\",\"shard\",\"specFileRetries\",\"specFileRetriesDelay\",\"specFileRetriesDeferred\",\"reporterSyncInterval\",\"reporterSyncTimeout\",\"cucumberFeaturesWithLineNumbers\",\"autoCompileOpts\",\"mochaOpts\",\"jasmineOpts\",\"cucumberOpts\",\"onPrepare\",\"onWorkerStart\",\"onWorkerEnd\",\"before\",\"beforeSession\",\"beforeSuite\",\"beforeHook\",\"beforeTest\",\"afterTest\",\"afterHook\",\"afterSuite\",\"afterSession\",\"after\",\"onComplete\",\"beforeAssertion\",\"afterAssertion\",\"beforeFeature\",\"beforeScenario\",\"beforeStep\",\"afterStep\",\"afterScenario\",\"afterFeature\",\"_\",\"suite\",\"$0\",\"ignoredWorkerServices\",\"wdi5\"]"}]}
COMMAND: POST /session/343af6daf6fbc7ee30938bcb5a9c3885/execute/async - {"script":"<script> [21126 bytes]","args":[35000]}
RESULT: {"script":"<script> [21126 bytes]","args":[35000]}
]]></system-out>
    </testcase>
  </testsuite>
  <testsuite timestamp="2025-05-05T17:24:23" time="917.278" tests="14" failures="12" errors="12" skipped="0">
    <properties>
      <property name="specId" value="0" />
      <property name="suiteName" value="Create master data for mixed billing &amp; do billing calculation US151661" />
      <property name="capabilities" value="chrome.135_0_7049_96.windows" />
      <property name="file" value="file:///D:/a/1/s/test/specs/BTS/billing-calculation-mixed.spec.js" />
    </properties>
    <testcase classname="chrome.135_0_7049_96.windows.Create_master_data_for_mixed_billing_&amp;_do_billing_calculation_US151661" name="Should create a new yard" time="100.452">
      <system-out><![CDATA[
COMMAND: POST /session/343af6daf6fbc7ee30938bcb5a9c3885/window/fullscreen - {}
RESULT: {}
COMMAND: POST /session/343af6daf6fbc7ee30938bcb5a9c3885/execute/async - {"script":"<script> [1562 bytes]","args":[{"selector":{"controlType":"sap.m.GenericTile","properties":{"header":"Manage Yards"}},"wdio_ui5_key":"sapm.GenericTile{\"header\":\"Manage Yards\"}"}]}
RESULT: {"script":"<script> [1562 bytes]","args":[{"selector":{"controlType":"sap.m.GenericTile","properties":{"header":"Manage Yards"}},"wdio_ui5_key":"sapm.GenericTile{\"header\":\"Manage Yards\"}"}]}
RESULT: undefined
COMMAND: POST /session/343af6daf6fbc7ee30938bcb5a9c3885/element - {"using":"xpath","value":"//*[@id=\"__tile41\"]"}
RESULT: {"using":"xpath","value":"//*[@id=\"__tile41\"]"}
COMMAND: POST /session/343af6daf6fbc7ee30938bcb5a9c3885/element/f.8C4C75981FBDA5C274A9290576C3313B.d.D339BCAFCF66E216A958678CB21218B3.e.6519/click - {}
RESULT: {}
COMMAND: POST /session/343af6daf6fbc7ee30938bcb5a9c3885/element - {"using":"xpath","value":"//button[@data-kt=\"addNewYardOverflowToolbarButton\"]"}
COMMAND: GET /session/343af6daf6fbc7ee30938bcb5a9c3885/screenshot - {}
RESULT: {"using":"xpath","value":"//button[@data-kt=\"addNewYardOverflowToolbarButton\"]"}
COMMAND: POST /session/343af6daf6fbc7ee30938bcb5a9c3885/elements - {"using":"xpath","value":"//button[@data-kt=\"addNewYardOverflowToolbarButton\"]"}
RESULT: {}
RESULT: {"using":"xpath","value":"//button[@data-kt=\"addNewYardOverflowToolbarButton\"]"}
COMMAND: POST /session/343af6daf6fbc7ee30938bcb5a9c3885/elements - {"using":"xpath","value":"//button[@data-kt=\"addNewYardOverflowToolbarButton\"]"}
RESULT: {"using":"xpath","value":"//button[@data-kt=\"addNewYardOverflowToolbarButton\"]"}
COMMAND: POST /session/343af6daf6fbc7ee30938bcb5a9c3885/elements - {"using":"xpath","value":"//button[@data-kt=\"addNewYardOverflowToolbarButton\"]"}
RESULT: {"using":"xpath","value":"//button[@data-kt=\"addNewYardOverflowToolbarButton\"]"}
COMMAND: POST /session/343af6daf6fbc7ee30938bcb5a9c3885/elements - {"using":"xpath","value":"//button[@data-kt=\"addNewYardOverflowToolbarButton\"]"}
RESULT: {"using":"xpath","value":"//button[@data-kt=\"addNewYardOverflowToolbarButton\"]"}
COMMAND: POST /session/343af6daf6fbc7ee30938bcb5a9c3885/elements - {"using":"xpath","value":"//button[@data-kt=\"addNewYardOverflowToolbarButton\"]"}
RESULT: {"using":"xpath","value":"//button[@data-kt=\"addNewYardOverflowToolbarButton\"]"}
COMMAND: POST /session/343af6daf6fbc7ee30938bcb5a9c3885/elements - {"using":"xpath","value":"//button[@data-kt=\"addNewYardOverflowToolbarButton\"]"}
RESULT: {"using":"xpath","value":"//button[@data-kt=\"addNewYardOverflowToolbarButton\"]"}
COMMAND: POST /session/343af6daf6fbc7ee30938bcb5a9c3885/elements - {"using":"xpath","value":"//button[@data-kt=\"addNewYardOverflowToolbarButton\"]"}
RESULT: {"using":"xpath","value":"//button[@data-kt=\"addNewYardOverflowToolbarButton\"]"}
COMMAND: POST /session/343af6daf6fbc7ee30938bcb5a9c3885/elements - {"using":"xpath","value":"//button[@data-kt=\"addNewYardOverflowToolbarButton\"]"}
RESULT: {"using":"xpath","value":"//button[@data-kt=\"addNewYardOverflowToolbarButton\"]"}
COMMAND: POST /session/343af6daf6fbc7ee30938bcb5a9c3885/elements - {"using":"xpath","value":"//button[@data-kt=\"addNewYardOverflowToolbarButton\"]"}
RESULT: {"using":"xpath","value":"//button[@data-kt=\"addNewYardOverflowToolbarButton\"]"}
COMMAND: POST /session/343af6daf6fbc7ee30938bcb5a9c3885/elements - {"using":"xpath","value":"//button[@data-kt=\"addNewYardOverflowToolbarButton\"]"}
RESULT: {"using":"xpath","value":"//button[@data-kt=\"addNewYardOverflowToolbarButton\"]"}
COMMAND: POST /session/343af6daf6fbc7ee30938bcb5a9c3885/elements - {"using":"xpath","value":"//button[@data-kt=\"addNewYardOverflowToolbarButton\"]"}
RESULT: {"using":"xpath","value":"//button[@data-kt=\"addNewYardOverflowToolbarButton\"]"}
COMMAND: POST /session/343af6daf6fbc7ee30938bcb5a9c3885/elements - {"using":"xpath","value":"//button[@data-kt=\"addNewYardOverflowToolbarButton\"]"}
RESULT: {"using":"xpath","value":"//button[@data-kt=\"addNewYardOverflowToolbarButton\"]"}
COMMAND: POST /session/343af6daf6fbc7ee30938bcb5a9c3885/elements - {"using":"xpath","value":"//button[@data-kt=\"addNewYardOverflowToolbarButton\"]"}
RESULT: {"using":"xpath","value":"//button[@data-kt=\"addNewYardOverflowToolbarButton\"]"}
COMMAND: POST /session/343af6daf6fbc7ee30938bcb5a9c3885/elements - {"using":"xpath","value":"//button[@data-kt=\"addNewYardOverflowToolbarButton\"]"}
RESULT: {"using":"xpath","value":"//button[@data-kt=\"addNewYardOverflowToolbarButton\"]"}
COMMAND: POST /session/343af6daf6fbc7ee30938bcb5a9c3885/elements - {"using":"xpath","value":"//button[@data-kt=\"addNewYardOverflowToolbarButton\"]"}
RESULT: {"using":"xpath","value":"//button[@data-kt=\"addNewYardOverflowToolbarButton\"]"}
COMMAND: POST /session/343af6daf6fbc7ee30938bcb5a9c3885/elements - {"using":"xpath","value":"//button[@data-kt=\"addNewYardOverflowToolbarButton\"]"}
RESULT: {"using":"xpath","value":"//button[@data-kt=\"addNewYardOverflowToolbarButton\"]"}
COMMAND: POST /session/343af6daf6fbc7ee30938bcb5a9c3885/elements - {"using":"xpath","value":"//button[@data-kt=\"addNewYardOverflowToolbarButton\"]"}
RESULT: {"using":"xpath","value":"//button[@data-kt=\"addNewYardOverflowToolbarButton\"]"}
COMMAND: POST /session/343af6daf6fbc7ee30938bcb5a9c3885/elements - {"using":"xpath","value":"//button[@data-kt=\"addNewYardOverflowToolbarButton\"]"}
RESULT: {"using":"xpath","value":"//button[@data-kt=\"addNewYardOverflowToolbarButton\"]"}
COMMAND: POST /session/343af6daf6fbc7ee30938bcb5a9c3885/element - {"using":"xpath","value":"//button[@data-kt=\"addNewYardOverflowToolbarButton\"]"}
RESULT: {"using":"xpath","value":"//button[@data-kt=\"addNewYardOverflowToolbarButton\"]"}
COMMAND: POST /session/343af6daf6fbc7ee30938bcb5a9c3885/execute/sync - {"script":"<script> [8489 bytes]","args":[{"element-6066-11e4-a52e-4f735466cecf":"f.8C4C75981FBDA5C274A9290576C3313B.d.D339BCAFCF66E216A958678CB21218B3.e.6654","ELEMENT":"f.8C4C75981FBDA5C274A9290576C3313B.d.D339BCAFCF66E216A958678CB21218B3.e.6654"}]}
RESULT: {"script":"<script> [8489 bytes]","args":[{"element-6066-11e4-a52e-4f735466cecf":"f.8C4C75981FBDA5C274A9290576C3313B.d.D339BCAFCF66E216A958678CB21218B3.e.6654","ELEMENT":"f.8C4C75981FBDA5C274A9290576C3313B.d.D339BCAFCF66E216A958678CB21218B3.e.6654"}]}
COMMAND: GET /session/343af6daf6fbc7ee30938bcb5a9c3885/element/f.8C4C75981FBDA5C274A9290576C3313B.d.D339BCAFCF66E216A958678CB21218B3.e.6654/enabled - {}
COMMAND: GET /session/343af6daf6fbc7ee30938bcb5a9c3885/screenshot - {}
RESULT: {}
COMMAND: POST /session/343af6daf6fbc7ee30938bcb5a9c3885/execute/sync - {"script":"<script> [8489 bytes]","args":[{"element-6066-11e4-a52e-4f735466cecf":"f.8C4C75981FBDA5C274A9290576C3313B.d.D339BCAFCF66E216A958678CB21218B3.e.6654","ELEMENT":"f.8C4C75981FBDA5C274A9290576C3313B.d.D339BCAFCF66E216A958678CB21218B3.e.6654"}]}
COMMAND: GET /session/343af6daf6fbc7ee30938bcb5a9c3885/screenshot - {}
RESULT: {}
RESULT: {"script":"<script> [8489 bytes]","args":[{"element-6066-11e4-a52e-4f735466cecf":"f.8C4C75981FBDA5C274A9290576C3313B.d.D339BCAFCF66E216A958678CB21218B3.e.6654","ELEMENT":"f.8C4C75981FBDA5C274A9290576C3313B.d.D339BCAFCF66E216A958678CB21218B3.e.6654"}]}
COMMAND: POST /session/343af6daf6fbc7ee30938bcb5a9c3885/execute/sync - {"script":"<script> [5351 bytes]","args":[{"element-6066-11e4-a52e-4f735466cecf":"f.8C4C75981FBDA5C274A9290576C3313B.d.D339BCAFCF66E216A958678CB21218B3.e.6654","ELEMENT":"f.8C4C75981FBDA5C274A9290576C3313B.d.D339BCAFCF66E216A958678CB21218B3.e.6654"}]}
COMMAND: GET /session/343af6daf6fbc7ee30938bcb5a9c3885/screenshot - {}
RESULT: {}
RESULT: {"script":"<script> [5351 bytes]","args":[{"element-6066-11e4-a52e-4f735466cecf":"f.8C4C75981FBDA5C274A9290576C3313B.d.D339BCAFCF66E216A958678CB21218B3.e.6654","ELEMENT":"f.8C4C75981FBDA5C274A9290576C3313B.d.D339BCAFCF66E216A958678CB21218B3.e.6654"}]}
COMMAND: POST /session/343af6daf6fbc7ee30938bcb5a9c3885/element/f.8C4C75981FBDA5C274A9290576C3313B.d.D339BCAFCF66E216A958678CB21218B3.e.6654/click - {}
RESULT: {}
COMMAND: GET /session/343af6daf6fbc7ee30938bcb5a9c3885/screenshot - {}
RESULT: {}
COMMAND: GET /session/343af6daf6fbc7ee30938bcb5a9c3885/screenshot - {}
RESULT: {}
RESULT: {}
COMMAND: POST /session/343af6daf6fbc7ee30938bcb5a9c3885/element - {"using":"xpath","value":"//input[@id=\"application-manageyards-display-component---NewYard--yardId-inner\"]"}
RESULT: {"using":"xpath","value":"//input[@id=\"application-manageyards-display-component---NewYard--yardId-inner\"]"}
COMMAND: POST /session/343af6daf6fbc7ee30938bcb5a9c3885/element - {"using":"xpath","value":"//input[@id=\"application-manageyards-display-component---NewYard--yardId-inner\"]"}
RESULT: {"using":"xpath","value":"//input[@id=\"application-manageyards-display-component---NewYard--yardId-inner\"]"}
COMMAND: POST /session/343af6daf6fbc7ee30938bcb5a9c3885/execute/async - {"script":"<script> [1562 bytes]","args":[{"selector":{"id":"application-manageyards-display-component---NewYard--addressDetailDetailsName1","interaction":{"idSuffix":"inner"}},"wdio_ui5_key":"applicationmanageyards-display-component---NewYard--addressDetailDetailsName1"}]}
RESULT: {"script":"<script> [1562 bytes]","args":[{"selector":{"id":"application-manageyards-display-component---NewYard--addressDetailDetailsName1","interaction":{"idSuffix":"inner"}},"wdio_ui5_key":"applicationmanageyards-display-component---NewYard--addressDetailDetailsName1"}]}
RESULT: undefined
COMMAND: POST /session/343af6daf6fbc7ee30938bcb5a9c3885/execute/async - {"script":"<script> [776 bytes]","args":[{"enterText":"Intercompany Yard wdIO","selector":{"id":"application-manageyards-display-component---NewYard--addressDetailDetailsName1","interaction":{"idSuffix":"inner"}},"clearTextFirst":true,"interactionType":"ENTER_TEXT"}]}
RESULT: {"script":"<script> [776 bytes]","args":[{"enterText":"Intercompany Yard wdIO","selector":{"id":"application-manageyards-display-component---NewYard--addressDetailDetailsName1","interaction":{"idSuffix":"inner"}},"clearTextFirst":true,"interactionType":"ENTER_TEXT"}]}
COMMAND: POST /session/343af6daf6fbc7ee30938bcb5a9c3885/execute/async - {"script":"<script> [1562 bytes]","args":[{"selector":{"id":"application-manageyards-display-component---NewYard--addressDetailDetailsLanguage-arrow"},"wdio_ui5_key":"applicationmanageyards-display-component---NewYard--addressDetailDetailsLanguage-arrow"}]}
RESULT: {"script":"<script> [1562 bytes]","args":[{"selector":{"id":"application-manageyards-display-component---NewYard--addressDetailDetailsLanguage-arrow"},"wdio_ui5_key":"applicationmanageyards-display-component---NewYard--addressDetailDetailsLanguage-arrow"}]}
RESULT: undefined
COMMAND: POST /session/343af6daf6fbc7ee30938bcb5a9c3885/element - {"using":"xpath","value":"//*[@id=\"application-manageyards-display-component---NewYard--addressDetailDetailsLanguage-arrow\"]"}
RESULT: {"using":"xpath","value":"//*[@id=\"application-manageyards-display-component---NewYard--addressDetailDetailsLanguage-arrow\"]"}
COMMAND: POST /session/343af6daf6fbc7ee30938bcb5a9c3885/element/f.8C4C75981FBDA5C274A9290576C3313B.d.D339BCAFCF66E216A958678CB21218B3.e.6957/click - {}
RESULT: {}
COMMAND: POST /session/343af6daf6fbc7ee30938bcb5a9c3885/element - {"using":"xpath","value":"//span[contains(text(), \"English\")]"}
COMMAND: GET /session/343af6daf6fbc7ee30938bcb5a9c3885/screenshot - {}
RESULT: {"using":"xpath","value":"//span[contains(text(), \"English\")]"}
COMMAND: POST /session/343af6daf6fbc7ee30938bcb5a9c3885/element/f.8C4C75981FBDA5C274A9290576C3313B.d.D339BCAFCF66E216A958678CB21218B3.e.6958/click - {}
RESULT: {}
RESULT: {}
COMMAND: POST /session/343af6daf6fbc7ee30938bcb5a9c3885/execute/async - {"script":"<script> [1562 bytes]","args":[{"selector":{"id":"application-manageyards-display-component---NewYard--addressDetailDetailsCity1","interaction":{"idSuffix":"inner"}},"wdio_ui5_key":"applicationmanageyards-display-component---NewYard--addressDetailDetailsCity1"}]}
COMMAND: GET /session/343af6daf6fbc7ee30938bcb5a9c3885/screenshot - {}
RESULT: {"script":"<script> [1562 bytes]","args":[{"selector":{"id":"application-manageyards-display-component---NewYard--addressDetailDetailsCity1","interaction":{"idSuffix":"inner"}},"wdio_ui5_key":"applicationmanageyards-display-component---NewYard--addressDetailDetailsCity1"}]}
RESULT: undefined
COMMAND: POST /session/343af6daf6fbc7ee30938bcb5a9c3885/execute/async - {"script":"<script> [776 bytes]","args":[{"enterText":"Rosario","selector":{"id":"application-manageyards-display-component---NewYard--addressDetailDetailsCity1","interaction":{"idSuffix":"inner"}},"clearTextFirst":true,"interactionType":"ENTER_TEXT"}]}
RESULT: {}
RESULT: {"script":"<script> [776 bytes]","args":[{"enterText":"Rosario","selector":{"id":"application-manageyards-display-component---NewYard--addressDetailDetailsCity1","interaction":{"idSuffix":"inner"}},"clearTextFirst":true,"interactionType":"ENTER_TEXT"}]}
COMMAND: POST /session/343af6daf6fbc7ee30938bcb5a9c3885/execute/async - {"script":"<script> [1562 bytes]","args":[{"selector":{"id":"application-manageyards-display-component---NewYard--addressDetailDetailsCountry-arrow"},"wdio_ui5_key":"applicationmanageyards-display-component---NewYard--addressDetailDetailsCountry-arrow"}]}
RESULT: {"script":"<script> [1562 bytes]","args":[{"selector":{"id":"application-manageyards-display-component---NewYard--addressDetailDetailsCountry-arrow"},"wdio_ui5_key":"applicationmanageyards-display-component---NewYard--addressDetailDetailsCountry-arrow"}]}
RESULT: undefined
COMMAND: POST /session/343af6daf6fbc7ee30938bcb5a9c3885/element - {"using":"xpath","value":"//*[@id=\"application-manageyards-display-component---NewYard--addressDetailDetailsCountry-arrow\"]"}
RESULT: {"using":"xpath","value":"//*[@id=\"application-manageyards-display-component---NewYard--addressDetailDetailsCountry-arrow\"]"}
COMMAND: POST /session/343af6daf6fbc7ee30938bcb5a9c3885/element/f.8C4C75981FBDA5C274A9290576C3313B.d.D339BCAFCF66E216A958678CB21218B3.e.6960/click - {}
RESULT: {}
COMMAND: POST /session/343af6daf6fbc7ee30938bcb5a9c3885/element - {"using":"xpath","value":"//span[contains(text(), \"Argentina\")]"}
COMMAND: GET /session/343af6daf6fbc7ee30938bcb5a9c3885/screenshot - {}
RESULT: {"using":"xpath","value":"//span[contains(text(), \"Argentina\")]"}
COMMAND: POST /session/343af6daf6fbc7ee30938bcb5a9c3885/element/f.8C4C75981FBDA5C274A9290576C3313B.d.D339BCAFCF66E216A958678CB21218B3.e.6961/click - {}
RESULT: {}
RESULT: {}
COMMAND: POST /session/343af6daf6fbc7ee30938bcb5a9c3885/execute/async - {"script":"<script> [1562 bytes]","args":[{"selector":{"id":"application-manageyards-display-component---NewYard--addressEditDetailsCostObjectCstType-arrow"},"wdio_ui5_key":"applicationmanageyards-display-component---NewYard--addressEditDetailsCostObjectCstType-arrow"}]}
COMMAND: GET /session/343af6daf6fbc7ee30938bcb5a9c3885/screenshot - {}
RESULT: {"script":"<script> [1562 bytes]","args":[{"selector":{"id":"application-manageyards-display-component---NewYard--addressEditDetailsCostObjectCstType-arrow"},"wdio_ui5_key":"applicationmanageyards-display-component---NewYard--addressEditDetailsCostObjectCstType-arrow"}]}
RESULT: undefined
COMMAND: POST /session/343af6daf6fbc7ee30938bcb5a9c3885/element - {"using":"xpath","value":"//*[@id=\"application-manageyards-display-component---NewYard--addressEditDetailsCostObjectCstType-arrow\"]"}
RESULT: {}
RESULT: {"using":"xpath","value":"//*[@id=\"application-manageyards-display-component---NewYard--addressEditDetailsCostObjectCstType-arrow\"]"}
COMMAND: POST /session/343af6daf6fbc7ee30938bcb5a9c3885/element/f.8C4C75981FBDA5C274A9290576C3313B.d.D339BCAFCF66E216A958678CB21218B3.e.6963/click - {}
RESULT: {}
COMMAND: POST /session/343af6daf6fbc7ee30938bcb5a9c3885/element - {"using":"xpath","value":"//span[contains(text(), \"Cost Center\")]"}
COMMAND: GET /session/343af6daf6fbc7ee30938bcb5a9c3885/screenshot - {}
RESULT: {"using":"xpath","value":"//span[contains(text(), \"Cost Center\")]"}
COMMAND: POST /session/343af6daf6fbc7ee30938bcb5a9c3885/element/f.8C4C75981FBDA5C274A9290576C3313B.d.D339BCAFCF66E216A958678CB21218B3.e.6964/click - {}
RESULT: {}
RESULT: {}
COMMAND: GET /session/343af6daf6fbc7ee30938bcb5a9c3885/screenshot - {}
RESULT: {}
COMMAND: POST /session/343af6daf6fbc7ee30938bcb5a9c3885/element - {"using":"xpath","value":"//span[@id=\"application-manageyards-display-component---NewYard--addressNewCostObjectCstID-vhi\"]"}
RESULT: {"using":"xpath","value":"//span[@id=\"application-manageyards-display-component---NewYard--addressNewCostObjectCstID-vhi\"]"}
COMMAND: POST /session/343af6daf6fbc7ee30938bcb5a9c3885/execute/sync - {"script":"<script> [8489 bytes]","args":[{"element-6066-11e4-a52e-4f735466cecf":"f.8C4C75981FBDA5C274A9290576C3313B.d.D339BCAFCF66E216A958678CB21218B3.e.6968","ELEMENT":"f.8C4C75981FBDA5C274A9290576C3313B.d.D339BCAFCF66E216A958678CB21218B3.e.6968"}]}
RESULT: {"script":"<script> [8489 bytes]","args":[{"element-6066-11e4-a52e-4f735466cecf":"f.8C4C75981FBDA5C274A9290576C3313B.d.D339BCAFCF66E216A958678CB21218B3.e.6968","ELEMENT":"f.8C4C75981FBDA5C274A9290576C3313B.d.D339BCAFCF66E216A958678CB21218B3.e.6968"}]}
COMMAND: POST /session/343af6daf6fbc7ee30938bcb5a9c3885/execute/async - {"script":"<script> [1562 bytes]","args":[{"selector":{"id":"application-manageyards-display-component---NewYard--addressNewCostObjectCstID-vhi"},"wdio_ui5_key":"applicationmanageyards-display-component---NewYard--addressNewCostObjectCstID-vhi"}]}
COMMAND: GET /session/343af6daf6fbc7ee30938bcb5a9c3885/screenshot - {}
RESULT: {"script":"<script> [1562 bytes]","args":[{"selector":{"id":"application-manageyards-display-component---NewYard--addressNewCostObjectCstID-vhi"},"wdio_ui5_key":"applicationmanageyards-display-component---NewYard--addressNewCostObjectCstID-vhi"}]}
RESULT: undefined
COMMAND: POST /session/343af6daf6fbc7ee30938bcb5a9c3885/element - {"using":"xpath","value":"//*[@id=\"application-manageyards-display-component---NewYard--addressNewCostObjectCstID-vhi\"]"}
RESULT: {}
RESULT: {"using":"xpath","value":"//*[@id=\"application-manageyards-display-component---NewYard--addressNewCostObjectCstID-vhi\"]"}
COMMAND: POST /session/343af6daf6fbc7ee30938bcb5a9c3885/element/f.8C4C75981FBDA5C274A9290576C3313B.d.D339BCAFCF66E216A958678CB21218B3.e.6968/click - {}
RESULT: {}
COMMAND: GET /session/343af6daf6fbc7ee30938bcb5a9c3885/screenshot - {}
RESULT: {}
COMMAND: POST /session/343af6daf6fbc7ee30938bcb5a9c3885/execute/async - {"script":"<script> [1562 bytes]","args":[{"selector":{"controlType":"sap.m.SearchField","properties":{"placeholder":"Search"},"searchOpenDialogs":true,"interaction":{"idSuffix":"I"}},"wdio_ui5_key":"sapm.SearchField{\"placeholder\":\"Search\"}"}]}
RESULT: {"script":"<script> [1562 bytes]","args":[{"selector":{"controlType":"sap.m.SearchField","properties":{"placeholder":"Search"},"searchOpenDialogs":true,"interaction":{"idSuffix":"I"}},"wdio_ui5_key":"sapm.SearchField{\"placeholder\":\"Search\"}"}]}
RESULT: undefined
COMMAND: POST /session/343af6daf6fbc7ee30938bcb5a9c3885/execute/async - {"script":"<script> [776 bytes]","args":[{"enterText":"10001013","selector":{"controlType":"sap.m.SearchField","properties":{"placeholder":"Search"},"searchOpenDialogs":true,"interaction":{"idSuffix":"I"}},"clearTextFirst":true,"interactionType":"ENTER_TEXT"}]}
RESULT: {"script":"<script> [776 bytes]","args":[{"enterText":"10001013","selector":{"controlType":"sap.m.SearchField","properties":{"placeholder":"Search"},"searchOpenDialogs":true,"interaction":{"idSuffix":"I"}},"clearTextFirst":true,"interactionType":"ENTER_TEXT"}]}
COMMAND: POST /session/343af6daf6fbc7ee30938bcb5a9c3885/actions - {"actions":[{"id":"action20","type":"key","parameters":{},"actions":[{"type":"keyDown","value":"î€‡"},{"type":"pause","duration":10},{"type":"keyUp","value":"î€‡"}]}]}
RESULT: {"actions":[{"id":"action20","type":"key","parameters":{},"actions":[{"type":"keyDown","value":"î€‡"},{"type":"pause","duration":10},{"type":"keyUp","value":"î€‡"}]}]}
COMMAND: GET /session/343af6daf6fbc7ee30938bcb5a9c3885/screenshot - {}
RESULT: {}
COMMAND: POST /session/343af6daf6fbc7ee30938bcb5a9c3885/element - {"using":"xpath","value":"//span[contains(text(), \"General Management\")]"}
RESULT: {"using":"xpath","value":"//span[contains(text(), \"General Management\")]"}
COMMAND: POST /session/343af6daf6fbc7ee30938bcb5a9c3885/element/f.8C4C75981FBDA5C274A9290576C3313B.d.D339BCAFCF66E216A958678CB21218B3.e.7008/click - {}
RESULT: {}
COMMAND: GET /session/343af6daf6fbc7ee30938bcb5a9c3885/screenshot - {}
RESULT: {}
COMMAND: POST /session/343af6daf6fbc7ee30938bcb5a9c3885/element - {"using":"xpath","value":"//bdi[contains(text(), \"OK\")]"}
RESULT: {"using":"xpath","value":"//bdi[contains(text(), \"OK\")]"}
COMMAND: POST /session/343af6daf6fbc7ee30938bcb5a9c3885/element/f.8C4C75981FBDA5C274A9290576C3313B.d.D339BCAFCF66E216A958678CB21218B3.e.7009/click - {}
RESULT: {}
COMMAND: GET /session/343af6daf6fbc7ee30938bcb5a9c3885/screenshot - {}
RESULT: {}
COMMAND: POST /session/343af6daf6fbc7ee30938bcb5a9c3885/execute/async - {"script":"<script> [1562 bytes]","args":[{"selector":{"id":"application-manageyards-display-component---NewYard--addressEditDetailsCurrency-arrow"},"wdio_ui5_key":"applicationmanageyards-display-component---NewYard--addressEditDetailsCurrency-arrow"}]}
RESULT: {"script":"<script> [1562 bytes]","args":[{"selector":{"id":"application-manageyards-display-component---NewYard--addressEditDetailsCurrency-arrow"},"wdio_ui5_key":"applicationmanageyards-display-component---NewYard--addressEditDetailsCurrency-arrow"}]}
RESULT: undefined
COMMAND: POST /session/343af6daf6fbc7ee30938bcb5a9c3885/element - {"using":"xpath","value":"//*[@id=\"application-manageyards-display-component---NewYard--addressEditDetailsCurrency-arrow\"]"}
RESULT: {"using":"xpath","value":"//*[@id=\"application-manageyards-display-component---NewYard--addressEditDetailsCurrency-arrow\"]"}
COMMAND: POST /session/343af6daf6fbc7ee30938bcb5a9c3885/element/f.8C4C75981FBDA5C274A9290576C3313B.d.D339BCAFCF66E216A958678CB21218B3.e.7012/click - {}
RESULT: {}
COMMAND: POST /session/343af6daf6fbc7ee30938bcb5a9c3885/element - {"using":"xpath","value":"//span[contains(text(), \"Euro\")]"}
COMMAND: GET /session/343af6daf6fbc7ee30938bcb5a9c3885/screenshot - {}
RESULT: {"using":"xpath","value":"//span[contains(text(), \"Euro\")]"}
COMMAND: POST /session/343af6daf6fbc7ee30938bcb5a9c3885/element/f.8C4C75981FBDA5C274A9290576C3313B.d.D339BCAFCF66E216A958678CB21218B3.e.7013/click - {}
RESULT: {}
RESULT: {}
COMMAND: POST /session/343af6daf6fbc7ee30938bcb5a9c3885/execute/async - {"script":"<script> [1562 bytes]","args":[{"selector":{"controlType":"sap.m.Input","viewName":"etm.portal.ui.manageyards.view.New","viewId":"application-manageyards-display-component---NewYard","bindingPath":{"path":"","propertyPath":"/CONTROLLING_AREA","modelName":"NewYardModel"},"interaction":{"idSuffix":"inner"}},"wdio_ui5_key":"etmportal.ui.manageyards.view.Newsap.m.Input{\"path\":\"\",\"propertyPath\":\"/CONTROLLING_AREA\",\"modelName\":\"NewYardModel\"}"}]}
COMMAND: GET /session/343af6daf6fbc7ee30938bcb5a9c3885/screenshot - {}
RESULT: {"script":"<script> [1562 bytes]","args":[{"selector":{"controlType":"sap.m.Input","viewName":"etm.portal.ui.manageyards.view.New","viewId":"application-manageyards-display-component---NewYard","bindingPath":{"path":"","propertyPath":"/CONTROLLING_AREA","modelName":"NewYardModel"},"interaction":{"idSuffix":"inner"}},"wdio_ui5_key":"etmportal.ui.manageyards.view.Newsap.m.Input{\"path\":\"\",\"propertyPath\":\"/CONTROLLING_AREA\",\"modelName\":\"NewYardModel\"}"}]}
RESULT: undefined
COMMAND: POST /session/343af6daf6fbc7ee30938bcb5a9c3885/execute/async - {"script":"<script> [776 bytes]","args":[{"enterText":"Z001","selector":{"controlType":"sap.m.Input","viewName":"etm.portal.ui.manageyards.view.New","viewId":"application-manageyards-display-component---NewYard","bindingPath":{"path":"","propertyPath":"/CONTROLLING_AREA","modelName":"NewYardModel"},"interaction":{"idSuffix":"inner"}},"clearTextFirst":true,"interactionType":"ENTER_TEXT"}]}
RESULT: {}
RESULT: {"script":"<script> [776 bytes]","args":[{"enterText":"Z001","selector":{"controlType":"sap.m.Input","viewName":"etm.portal.ui.manageyards.view.New","viewId":"application-manageyards-display-component---NewYard","bindingPath":{"path":"","propertyPath":"/CONTROLLING_AREA","modelName":"NewYardModel"},"interaction":{"idSuffix":"inner"}},"clearTextFirst":true,"interactionType":"ENTER_TEXT"}]}
COMMAND: POST /session/343af6daf6fbc7ee30938bcb5a9c3885/execute/async - {"script":"<script> [1562 bytes]","args":[{"selector":{"id":"application-manageyards-display-component---NewYard--companyCodeComboBox","interaction":{"idSuffix":"inner"}},"wdio_ui5_key":"applicationmanageyards-display-component---NewYard--companyCodeComboBox"}]}
RESULT: {"script":"<script> [1562 bytes]","args":[{"selector":{"id":"application-manageyards-display-component---NewYard--companyCodeComboBox","interaction":{"idSuffix":"inner"}},"wdio_ui5_key":"applicationmanageyards-display-component---NewYard--companyCodeComboBox"}]}
RESULT: undefined
COMMAND: POST /session/343af6daf6fbc7ee30938bcb5a9c3885/execute/async - {"script":"<script> [776 bytes]","args":[{"enterText":"1000","selector":{"id":"application-manageyards-display-component---NewYard--companyCodeComboBox","interaction":{"idSuffix":"inner"}},"clearTextFirst":true,"interactionType":"ENTER_TEXT"}]}
RESULT: {"script":"<script> [776 bytes]","args":[{"enterText":"1000","selector":{"id":"application-manageyards-display-component---NewYard--companyCodeComboBox","interaction":{"idSuffix":"inner"}},"clearTextFirst":true,"interactionType":"ENTER_TEXT"}]}
COMMAND: POST /session/343af6daf6fbc7ee30938bcb5a9c3885/execute/async - {"script":"<script> [1562 bytes]","args":[{"selector":{"controlType":"sap.m.Input","viewName":"etm.portal.ui.manageyards.view.New","viewId":"application-manageyards-display-component---NewYard","bindingPath":{"path":"","propertyPath":"/PLANT","modelName":"NewYardModel"},"interaction":{"idSuffix":"inner"}},"wdio_ui5_key":"etmportal.ui.manageyards.view.Newsap.m.Input{\"path\":\"\",\"propertyPath\":\"/PLANT\",\"modelName\":\"NewYardModel\"}"}]}
RESULT: {"script":"<script> [1562 bytes]","args":[{"selector":{"controlType":"sap.m.Input","viewName":"etm.portal.ui.manageyards.view.New","viewId":"application-manageyards-display-component---NewYard","bindingPath":{"path":"","propertyPath":"/PLANT","modelName":"NewYardModel"},"interaction":{"idSuffix":"inner"}},"wdio_ui5_key":"etmportal.ui.manageyards.view.Newsap.m.Input{\"path\":\"\",\"propertyPath\":\"/PLANT\",\"modelName\":\"NewYardModel\"}"}]}
RESULT: undefined
COMMAND: POST /session/343af6daf6fbc7ee30938bcb5a9c3885/execute/async - {"script":"<script> [776 bytes]","args":[{"enterText":"1001","selector":{"controlType":"sap.m.Input","viewName":"etm.portal.ui.manageyards.view.New","viewId":"application-manageyards-display-component---NewYard","bindingPath":{"path":"","propertyPath":"/PLANT","modelName":"NewYardModel"},"interaction":{"idSuffix":"inner"}},"clearTextFirst":true,"interactionType":"ENTER_TEXT"}]}
RESULT: {"script":"<script> [776 bytes]","args":[{"enterText":"1001","selector":{"controlType":"sap.m.Input","viewName":"etm.portal.ui.manageyards.view.New","viewId":"application-manageyards-display-component---NewYard","bindingPath":{"path":"","propertyPath":"/PLANT","modelName":"NewYardModel"},"interaction":{"idSuffix":"inner"}},"clearTextFirst":true,"interactionType":"ENTER_TEXT"}]}
COMMAND: POST /session/343af6daf6fbc7ee30938bcb5a9c3885/execute/async - {"script":"<script> [1562 bytes]","args":[{"selector":{"controlType":"sap.m.Input","viewName":"etm.portal.ui.manageyards.view.New","viewId":"application-manageyards-display-component---NewYard","bindingPath":{"path":"","propertyPath":"/SALES_AREA_VKORG","modelName":"NewYardModel"},"interaction":{"idSuffix":"inner"}},"wdio_ui5_key":"etmportal.ui.manageyards.view.Newsap.m.Input{\"path\":\"\",\"propertyPath\":\"/SALES_AREA_VKORG\",\"modelName\":\"NewYardModel\"}"}]}
RESULT: {"script":"<script> [1562 bytes]","args":[{"selector":{"controlType":"sap.m.Input","viewName":"etm.portal.ui.manageyards.view.New","viewId":"application-manageyards-display-component---NewYard","bindingPath":{"path":"","propertyPath":"/SALES_AREA_VKORG","modelName":"NewYardModel"},"interaction":{"idSuffix":"inner"}},"wdio_ui5_key":"etmportal.ui.manageyards.view.Newsap.m.Input{\"path\":\"\",\"propertyPath\":\"/SALES_AREA_VKORG\",\"modelName\":\"NewYardModel\"}"}]}
RESULT: undefined
COMMAND: POST /session/343af6daf6fbc7ee30938bcb5a9c3885/execute/async - {"script":"<script> [776 bytes]","args":[{"enterText":"C002","selector":{"controlType":"sap.m.Input","viewName":"etm.portal.ui.manageyards.view.New","viewId":"application-manageyards-display-component---NewYard","bindingPath":{"path":"","propertyPath":"/SALES_AREA_VKORG","modelName":"NewYardModel"},"interaction":{"idSuffix":"inner"}},"clearTextFirst":true,"interactionType":"ENTER_TEXT"}]}
RESULT: {"script":"<script> [776 bytes]","args":[{"enterText":"C002","selector":{"controlType":"sap.m.Input","viewName":"etm.portal.ui.manageyards.view.New","viewId":"application-manageyards-display-component---NewYard","bindingPath":{"path":"","propertyPath":"/SALES_AREA_VKORG","modelName":"NewYardModel"},"interaction":{"idSuffix":"inner"}},"clearTextFirst":true,"interactionType":"ENTER_TEXT"}]}
COMMAND: POST /session/343af6daf6fbc7ee30938bcb5a9c3885/execute/async - {"script":"<script> [1562 bytes]","args":[{"selector":{"controlType":"sap.m.Input","viewName":"etm.portal.ui.manageyards.view.New","viewId":"application-manageyards-display-component---NewYard","bindingPath":{"path":"","propertyPath":"/SALES_AREA_VTWEG","modelName":"NewYardModel"},"interaction":{"idSuffix":"inner"}},"wdio_ui5_key":"etmportal.ui.manageyards.view.Newsap.m.Input{\"path\":\"\",\"propertyPath\":\"/SALES_AREA_VTWEG\",\"modelName\":\"NewYardModel\"}"}]}
RESULT: {"script":"<script> [1562 bytes]","args":[{"selector":{"controlType":"sap.m.Input","viewName":"etm.portal.ui.manageyards.view.New","viewId":"application-manageyards-display-component---NewYard","bindingPath":{"path":"","propertyPath":"/SALES_AREA_VTWEG","modelName":"NewYardModel"},"interaction":{"idSuffix":"inner"}},"wdio_ui5_key":"etmportal.ui.manageyards.view.Newsap.m.Input{\"path\":\"\",\"propertyPath\":\"/SALES_AREA_VTWEG\",\"modelName\":\"NewYardModel\"}"}]}
RESULT: undefined
COMMAND: POST /session/343af6daf6fbc7ee30938bcb5a9c3885/execute/async - {"script":"<script> [776 bytes]","args":[{"enterText":"C2","selector":{"controlType":"sap.m.Input","viewName":"etm.portal.ui.manageyards.view.New","viewId":"application-manageyards-display-component---NewYard","bindingPath":{"path":"","propertyPath":"/SALES_AREA_VTWEG","modelName":"NewYardModel"},"interaction":{"idSuffix":"inner"}},"clearTextFirst":true,"interactionType":"ENTER_TEXT"}]}
RESULT: {"script":"<script> [776 bytes]","args":[{"enterText":"C2","selector":{"controlType":"sap.m.Input","viewName":"etm.portal.ui.manageyards.view.New","viewId":"application-manageyards-display-component---NewYard","bindingPath":{"path":"","propertyPath":"/SALES_AREA_VTWEG","modelName":"NewYardModel"},"interaction":{"idSuffix":"inner"}},"clearTextFirst":true,"interactionType":"ENTER_TEXT"}]}
COMMAND: POST /session/343af6daf6fbc7ee30938bcb5a9c3885/execute/async - {"script":"<script> [1562 bytes]","args":[{"selector":{"controlType":"sap.m.Input","viewName":"etm.portal.ui.manageyards.view.New","viewId":"application-manageyards-display-component---NewYard","bindingPath":{"path":"","propertyPath":"/SALES_AREA_SPART","modelName":"NewYardModel"},"interaction":{"idSuffix":"inner"}},"wdio_ui5_key":"etmportal.ui.manageyards.view.Newsap.m.Input{\"path\":\"\",\"propertyPath\":\"/SALES_AREA_SPART\",\"modelName\":\"NewYardModel\"}"}]}
RESULT: {"script":"<script> [1562 bytes]","args":[{"selector":{"controlType":"sap.m.Input","viewName":"etm.portal.ui.manageyards.view.New","viewId":"application-manageyards-display-component---NewYard","bindingPath":{"path":"","propertyPath":"/SALES_AREA_SPART","modelName":"NewYardModel"},"interaction":{"idSuffix":"inner"}},"wdio_ui5_key":"etmportal.ui.manageyards.view.Newsap.m.Input{\"path\":\"\",\"propertyPath\":\"/SALES_AREA_SPART\",\"modelName\":\"NewYardModel\"}"}]}
RESULT: undefined
COMMAND: POST /session/343af6daf6fbc7ee30938bcb5a9c3885/execute/async - {"script":"<script> [776 bytes]","args":[{"enterText":"C2","selector":{"controlType":"sap.m.Input","viewName":"etm.portal.ui.manageyards.view.New","viewId":"application-manageyards-display-component---NewYard","bindingPath":{"path":"","propertyPath":"/SALES_AREA_SPART","modelName":"NewYardModel"},"interaction":{"idSuffix":"inner"}},"clearTextFirst":true,"interactionType":"ENTER_TEXT"}]}
RESULT: {"script":"<script> [776 bytes]","args":[{"enterText":"C2","selector":{"controlType":"sap.m.Input","viewName":"etm.portal.ui.manageyards.view.New","viewId":"application-manageyards-display-component---NewYard","bindingPath":{"path":"","propertyPath":"/SALES_AREA_SPART","modelName":"NewYardModel"},"interaction":{"idSuffix":"inner"}},"clearTextFirst":true,"interactionType":"ENTER_TEXT"}]}
COMMAND: POST /session/343af6daf6fbc7ee30938bcb5a9c3885/execute/async - {"script":"<script> [1562 bytes]","args":[{"selector":{"controlType":"sap.m.Input","viewName":"etm.portal.ui.manageyards.view.New","viewId":"application-manageyards-display-component---NewYard","bindingPath":{"path":"","propertyPath":"/SHIP_POINT","modelName":"NewYardModel"},"interaction":{"idSuffix":"inner"}},"wdio_ui5_key":"etmportal.ui.manageyards.view.Newsap.m.Input{\"path\":\"\",\"propertyPath\":\"/SHIP_POINT\",\"modelName\":\"NewYardModel\"}"}]}
RESULT: {"script":"<script> [1562 bytes]","args":[{"selector":{"controlType":"sap.m.Input","viewName":"etm.portal.ui.manageyards.view.New","viewId":"application-manageyards-display-component---NewYard","bindingPath":{"path":"","propertyPath":"/SHIP_POINT","modelName":"NewYardModel"},"interaction":{"idSuffix":"inner"}},"wdio_ui5_key":"etmportal.ui.manageyards.view.Newsap.m.Input{\"path\":\"\",\"propertyPath\":\"/SHIP_POINT\",\"modelName\":\"NewYardModel\"}"}]}
RESULT: undefined
COMMAND: POST /session/343af6daf6fbc7ee30938bcb5a9c3885/execute/async - {"script":"<script> [776 bytes]","args":[{"enterText":"1710","selector":{"controlType":"sap.m.Input","viewName":"etm.portal.ui.manageyards.view.New","viewId":"application-manageyards-display-component---NewYard","bindingPath":{"path":"","propertyPath":"/SHIP_POINT","modelName":"NewYardModel"},"interaction":{"idSuffix":"inner"}},"clearTextFirst":true,"interactionType":"ENTER_TEXT"}]}
RESULT: {"script":"<script> [776 bytes]","args":[{"enterText":"1710","selector":{"controlType":"sap.m.Input","viewName":"etm.portal.ui.manageyards.view.New","viewId":"application-manageyards-display-component---NewYard","bindingPath":{"path":"","propertyPath":"/SHIP_POINT","modelName":"NewYardModel"},"interaction":{"idSuffix":"inner"}},"clearTextFirst":true,"interactionType":"ENTER_TEXT"}]}
COMMAND: POST /session/343af6daf6fbc7ee30938bcb5a9c3885/execute/async - {"script":"<script> [1562 bytes]","args":[{"selector":{"controlType":"sap.m.Input","viewName":"etm.portal.ui.manageyards.view.New","viewId":"application-manageyards-display-component---NewYard","bindingPath":{"path":"","propertyPath":"/DELIVERY_TYPE","modelName":"NewYardModel"},"interaction":{"idSuffix":"inner"}},"wdio_ui5_key":"etmportal.ui.manageyards.view.Newsap.m.Input{\"path\":\"\",\"propertyPath\":\"/DELIVERY_TYPE\",\"modelName\":\"NewYardModel\"}"}]}
RESULT: {"script":"<script> [1562 bytes]","args":[{"selector":{"controlType":"sap.m.Input","viewName":"etm.portal.ui.manageyards.view.New","viewId":"application-manageyards-display-component---NewYard","bindingPath":{"path":"","propertyPath":"/DELIVERY_TYPE","modelName":"NewYardModel"},"interaction":{"idSuffix":"inner"}},"wdio_ui5_key":"etmportal.ui.manageyards.view.Newsap.m.Input{\"path\":\"\",\"propertyPath\":\"/DELIVERY_TYPE\",\"modelName\":\"NewYardModel\"}"}]}
RESULT: undefined
COMMAND: POST /session/343af6daf6fbc7ee30938bcb5a9c3885/execute/async - {"script":"<script> [776 bytes]","args":[{"enterText":"ZL01","selector":{"controlType":"sap.m.Input","viewName":"etm.portal.ui.manageyards.view.New","viewId":"application-manageyards-display-component---NewYard","bindingPath":{"path":"","propertyPath":"/DELIVERY_TYPE","modelName":"NewYardModel"},"interaction":{"idSuffix":"inner"}},"clearTextFirst":true,"interactionType":"ENTER_TEXT"}]}
RESULT: {"script":"<script> [776 bytes]","args":[{"enterText":"ZL01","selector":{"controlType":"sap.m.Input","viewName":"etm.portal.ui.manageyards.view.New","viewId":"application-manageyards-display-component---NewYard","bindingPath":{"path":"","propertyPath":"/DELIVERY_TYPE","modelName":"NewYardModel"},"interaction":{"idSuffix":"inner"}},"clearTextFirst":true,"interactionType":"ENTER_TEXT"}]}
COMMAND: POST /session/343af6daf6fbc7ee30938bcb5a9c3885/execute/async - {"script":"<script> [1562 bytes]","args":[{"selector":{"controlType":"sap.m.Input","viewName":"etm.portal.ui.manageyards.view.New","viewId":"application-manageyards-display-component---NewYard","bindingPath":{"path":"","propertyPath":"/AUART","modelName":"NewYardModel"},"interaction":{"idSuffix":"inner"}},"wdio_ui5_key":"etmportal.ui.manageyards.view.Newsap.m.Input{\"path\":\"\",\"propertyPath\":\"/AUART\",\"modelName\":\"NewYardModel\"}"}]}
RESULT: {"script":"<script> [1562 bytes]","args":[{"selector":{"controlType":"sap.m.Input","viewName":"etm.portal.ui.manageyards.view.New","viewId":"application-manageyards-display-component---NewYard","bindingPath":{"path":"","propertyPath":"/AUART","modelName":"NewYardModel"},"interaction":{"idSuffix":"inner"}},"wdio_ui5_key":"etmportal.ui.manageyards.view.Newsap.m.Input{\"path\":\"\",\"propertyPath\":\"/AUART\",\"modelName\":\"NewYardModel\"}"}]}
RESULT: undefined
COMMAND: POST /session/343af6daf6fbc7ee30938bcb5a9c3885/execute/async - {"script":"<script> [776 bytes]","args":[{"enterText":"TA","selector":{"controlType":"sap.m.Input","viewName":"etm.portal.ui.manageyards.view.New","viewId":"application-manageyards-display-component---NewYard","bindingPath":{"path":"","propertyPath":"/AUART","modelName":"NewYardModel"},"interaction":{"idSuffix":"inner"}},"clearTextFirst":true,"interactionType":"ENTER_TEXT"}]}
RESULT: {"script":"<script> [776 bytes]","args":[{"enterText":"TA","selector":{"controlType":"sap.m.Input","viewName":"etm.portal.ui.manageyards.view.New","viewId":"application-manageyards-display-component---NewYard","bindingPath":{"path":"","propertyPath":"/AUART","modelName":"NewYardModel"},"interaction":{"idSuffix":"inner"}},"clearTextFirst":true,"interactionType":"ENTER_TEXT"}]}
COMMAND: POST /session/343af6daf6fbc7ee30938bcb5a9c3885/element - {"using":"xpath","value":"//button[@data-kt=\"newYardSaveButton\"]"}
RESULT: {"using":"xpath","value":"//button[@data-kt=\"newYardSaveButton\"]"}
COMMAND: POST /session/343af6daf6fbc7ee30938bcb5a9c3885/element/f.8C4C75981FBDA5C274A9290576C3313B.d.D339BCAFCF66E216A958678CB21218B3.e.6942/click - {}
RESULT: {}
COMMAND: GET /session/343af6daf6fbc7ee30938bcb5a9c3885/screenshot - {}
RESULT: {}
COMMAND: POST /session/343af6daf6fbc7ee30938bcb5a9c3885/element - {"using":"xpath","value":"//header[contains(@id, 'ObjectPageLayout-headerTitle')]/div[1]/div[2]/div[1]/span[1]"}
RESULT: {"using":"xpath","value":"//header[contains(@id, 'ObjectPageLayout-headerTitle')]/div[1]/div[2]/div[1]/span[1]"}
COMMAND: POST /session/343af6daf6fbc7ee30938bcb5a9c3885/elements - {"using":"xpath","value":"//header[contains(@id, 'ObjectPageLayout-headerTitle')]/div[1]/div[2]/div[1]/span[1]"}
RESULT: {"using":"xpath","value":"//header[contains(@id, 'ObjectPageLayout-headerTitle')]/div[1]/div[2]/div[1]/span[1]"}
COMMAND: POST /session/343af6daf6fbc7ee30938bcb5a9c3885/execute/sync - {"script":"<script> [56 bytes]","args":[{"element-6066-11e4-a52e-4f735466cecf":"f.8C4C75981FBDA5C274A9290576C3313B.d.D339BCAFCF66E216A958678CB21218B3.e.7234","ELEMENT":"f.8C4C75981FBDA5C274A9290576C3313B.d.D339BCAFCF66E216A958678CB21218B3.e.7234"}]}
RESULT: {"script":"<script> [56 bytes]","args":[{"element-6066-11e4-a52e-4f735466cecf":"f.8C4C75981FBDA5C274A9290576C3313B.d.D339BCAFCF66E216A958678CB21218B3.e.7234","ELEMENT":"f.8C4C75981FBDA5C274A9290576C3313B.d.D339BCAFCF66E216A958678CB21218B3.e.7234"}]}
COMMAND: GET /session/343af6daf6fbc7ee30938bcb5a9c3885/screenshot - {}
RESULT: {}
COMMAND: POST /session/343af6daf6fbc7ee30938bcb5a9c3885/element - {"using":"css selector","value":"#shell-header-logo"}
RESULT: {"using":"css selector","value":"#shell-header-logo"}
COMMAND: POST /session/343af6daf6fbc7ee30938bcb5a9c3885/element/f.8C4C75981FBDA5C274A9290576C3313B.d.D339BCAFCF66E216A958678CB21218B3.e.6622/click - {}
RESULT: {}
COMMAND: GET /session/343af6daf6fbc7ee30938bcb5a9c3885/screenshot - {}
RESULT: {}
COMMAND: POST /session/343af6daf6fbc7ee30938bcb5a9c3885/execute/sync - {"script":"<script> [299 bytes]","args":[["getModel","getResource"]]}
RESULT: {"script":"<script> [299 bytes]","args":[["getModel","getResource"]]}
]]></system-out>
    </testcase>
    <testcase classname="chrome.135_0_7049_96.windows.Create_master_data_for_mixed_billing_&amp;_do_billing_calculation_US151661" name="Should create a new partner" time="121.251">
      <system-out><![CDATA[
COMMAND: POST /session/343af6daf6fbc7ee30938bcb5a9c3885/window/fullscreen - {}
COMMAND: GET /session/343af6daf6fbc7ee30938bcb5a9c3885/screenshot - {}
RESULT: {}
COMMAND: POST /session/343af6daf6fbc7ee30938bcb5a9c3885/execute/async - {"script":"<script> [1562 bytes]","args":[{"selector":{"controlType":"sap.m.GenericTile","properties":{"header":"Manage Partners"}},"wdio_ui5_key":"sapm.GenericTile{\"header\":\"Manage Partners\"}"}]}
RESULT: {}
RESULT: {"script":"<script> [1562 bytes]","args":[{"selector":{"controlType":"sap.m.GenericTile","properties":{"header":"Manage Partners"}},"wdio_ui5_key":"sapm.GenericTile{\"header\":\"Manage Partners\"}"}]}
RESULT: undefined
COMMAND: POST /session/343af6daf6fbc7ee30938bcb5a9c3885/element - {"using":"xpath","value":"//*[@id=\"__tile38\"]"}
RESULT: {"using":"xpath","value":"//*[@id=\"__tile38\"]"}
COMMAND: POST /session/343af6daf6fbc7ee30938bcb5a9c3885/element/f.8C4C75981FBDA5C274A9290576C3313B.d.D339BCAFCF66E216A958678CB21218B3.e.6510/click - {}
RESULT: {}
COMMAND: POST /session/343af6daf6fbc7ee30938bcb5a9c3885/element - {"using":"xpath","value":"//button[@data-kt=\"addButton\"]"}
COMMAND: GET /session/343af6daf6fbc7ee30938bcb5a9c3885/screenshot - {}
RESULT: {"using":"xpath","value":"//button[@data-kt=\"addButton\"]"}
COMMAND: POST /session/343af6daf6fbc7ee30938bcb5a9c3885/elements - {"using":"xpath","value":"//button[@data-kt=\"addButton\"]"}
RESULT: {}
RESULT: {"using":"xpath","value":"//button[@data-kt=\"addButton\"]"}
COMMAND: POST /session/343af6daf6fbc7ee30938bcb5a9c3885/elements - {"using":"xpath","value":"//button[@data-kt=\"addButton\"]"}
RESULT: {"using":"xpath","value":"//button[@data-kt=\"addButton\"]"}
COMMAND: POST /session/343af6daf6fbc7ee30938bcb5a9c3885/elements - {"using":"xpath","value":"//button[@data-kt=\"addButton\"]"}
RESULT: {"using":"xpath","value":"//button[@data-kt=\"addButton\"]"}
COMMAND: POST /session/343af6daf6fbc7ee30938bcb5a9c3885/elements - {"using":"xpath","value":"//button[@data-kt=\"addButton\"]"}
RESULT: {"using":"xpath","value":"//button[@data-kt=\"addButton\"]"}
COMMAND: POST /session/343af6daf6fbc7ee30938bcb5a9c3885/elements - {"using":"xpath","value":"//button[@data-kt=\"addButton\"]"}
RESULT: {"using":"xpath","value":"//button[@data-kt=\"addButton\"]"}
COMMAND: POST /session/343af6daf6fbc7ee30938bcb5a9c3885/elements - {"using":"xpath","value":"//button[@data-kt=\"addButton\"]"}
RESULT: {"using":"xpath","value":"//button[@data-kt=\"addButton\"]"}
COMMAND: POST /session/343af6daf6fbc7ee30938bcb5a9c3885/elements - {"using":"xpath","value":"//button[@data-kt=\"addButton\"]"}
RESULT: {"using":"xpath","value":"//button[@data-kt=\"addButton\"]"}
COMMAND: POST /session/343af6daf6fbc7ee30938bcb5a9c3885/elements - {"using":"xpath","value":"//button[@data-kt=\"addButton\"]"}
RESULT: {"using":"xpath","value":"//button[@data-kt=\"addButton\"]"}
COMMAND: POST /session/343af6daf6fbc7ee30938bcb5a9c3885/elements - {"using":"xpath","value":"//button[@data-kt=\"addButton\"]"}
RESULT: {"using":"xpath","value":"//button[@data-kt=\"addButton\"]"}
COMMAND: POST /session/343af6daf6fbc7ee30938bcb5a9c3885/elements - {"using":"xpath","value":"//button[@data-kt=\"addButton\"]"}
RESULT: {"using":"xpath","value":"//button[@data-kt=\"addButton\"]"}
COMMAND: POST /session/343af6daf6fbc7ee30938bcb5a9c3885/elements - {"using":"xpath","value":"//button[@data-kt=\"addButton\"]"}
RESULT: {"using":"xpath","value":"//button[@data-kt=\"addButton\"]"}
COMMAND: POST /session/343af6daf6fbc7ee30938bcb5a9c3885/elements - {"using":"xpath","value":"//button[@data-kt=\"addButton\"]"}
RESULT: {"using":"xpath","value":"//button[@data-kt=\"addButton\"]"}
COMMAND: POST /session/343af6daf6fbc7ee30938bcb5a9c3885/element - {"using":"xpath","value":"//button[@data-kt=\"addButton\"]"}
RESULT: {"using":"xpath","value":"//button[@data-kt=\"addButton\"]"}
COMMAND: POST /session/343af6daf6fbc7ee30938bcb5a9c3885/execute/sync - {"script":"<script> [8489 bytes]","args":[{"element-6066-11e4-a52e-4f735466cecf":"f.8C4C75981FBDA5C274A9290576C3313B.d.D339BCAFCF66E216A958678CB21218B3.e.7271","ELEMENT":"f.8C4C75981FBDA5C274A9290576C3313B.d.D339BCAFCF66E216A958678CB21218B3.e.7271"}]}
RESULT: {"script":"<script> [8489 bytes]","args":[{"element-6066-11e4-a52e-4f735466cecf":"f.8C4C75981FBDA5C274A9290576C3313B.d.D339BCAFCF66E216A958678CB21218B3.e.7271","ELEMENT":"f.8C4C75981FBDA5C274A9290576C3313B.d.D339BCAFCF66E216A958678CB21218B3.e.7271"}]}
COMMAND: GET /session/343af6daf6fbc7ee30938bcb5a9c3885/element/f.8C4C75981FBDA5C274A9290576C3313B.d.D339BCAFCF66E216A958678CB21218B3.e.7271/enabled - {}
COMMAND: GET /session/343af6daf6fbc7ee30938bcb5a9c3885/screenshot - {}
RESULT: {}
COMMAND: POST /session/343af6daf6fbc7ee30938bcb5a9c3885/execute/sync - {"script":"<script> [8489 bytes]","args":[{"element-6066-11e4-a52e-4f735466cecf":"f.8C4C75981FBDA5C274A9290576C3313B.d.D339BCAFCF66E216A958678CB21218B3.e.7271","ELEMENT":"f.8C4C75981FBDA5C274A9290576C3313B.d.D339BCAFCF66E216A958678CB21218B3.e.7271"}]}
COMMAND: GET /session/343af6daf6fbc7ee30938bcb5a9c3885/screenshot - {}
RESULT: {}
RESULT: {}
RESULT: {"script":"<script> [8489 bytes]","args":[{"element-6066-11e4-a52e-4f735466cecf":"f.8C4C75981FBDA5C274A9290576C3313B.d.D339BCAFCF66E216A958678CB21218B3.e.7271","ELEMENT":"f.8C4C75981FBDA5C274A9290576C3313B.d.D339BCAFCF66E216A958678CB21218B3.e.7271"}]}
COMMAND: POST /session/343af6daf6fbc7ee30938bcb5a9c3885/execute/sync - {"script":"<script> [5351 bytes]","args":[{"element-6066-11e4-a52e-4f735466cecf":"f.8C4C75981FBDA5C274A9290576C3313B.d.D339BCAFCF66E216A958678CB21218B3.e.7271","ELEMENT":"f.8C4C75981FBDA5C274A9290576C3313B.d.D339BCAFCF66E216A958678CB21218B3.e.7271"}]}
COMMAND: GET /session/343af6daf6fbc7ee30938bcb5a9c3885/screenshot - {}
RESULT: {"script":"<script> [5351 bytes]","args":[{"element-6066-11e4-a52e-4f735466cecf":"f.8C4C75981FBDA5C274A9290576C3313B.d.D339BCAFCF66E216A958678CB21218B3.e.7271","ELEMENT":"f.8C4C75981FBDA5C274A9290576C3313B.d.D339BCAFCF66E216A958678CB21218B3.e.7271"}]}
COMMAND: POST /session/343af6daf6fbc7ee30938bcb5a9c3885/element/f.8C4C75981FBDA5C274A9290576C3313B.d.D339BCAFCF66E216A958678CB21218B3.e.7271/click - {}
COMMAND: GET /session/343af6daf6fbc7ee30938bcb5a9c3885/screenshot - {}
RESULT: {}
RESULT: {}
COMMAND: GET /session/343af6daf6fbc7ee30938bcb5a9c3885/screenshot - {}
COMMAND: POST /session/343af6daf6fbc7ee30938bcb5a9c3885/execute/async - {"script":"<script> [1562 bytes]","args":[{"selector":{"id":"application-managepartners-display-component---NewPartner--addressDetailDetailsName1","interaction":{"idSuffix":"inner"}},"wdio_ui5_key":"applicationmanagepartners-display-component---NewPartner--addressDetailDetailsName1"}]}
RESULT: {}
RESULT: {}
RESULT: {"script":"<script> [1562 bytes]","args":[{"selector":{"id":"application-managepartners-display-component---NewPartner--addressDetailDetailsName1","interaction":{"idSuffix":"inner"}},"wdio_ui5_key":"applicationmanagepartners-display-component---NewPartner--addressDetailDetailsName1"}]}
RESULT: undefined
COMMAND: POST /session/343af6daf6fbc7ee30938bcb5a9c3885/execute/async - {"script":"<script> [776 bytes]","args":[{"enterText":"Intercompany Partner WDIO","selector":{"id":"application-managepartners-display-component---NewPartner--addressDetailDetailsName1","interaction":{"idSuffix":"inner"}},"clearTextFirst":true,"interactionType":"ENTER_TEXT"}]}
RESULT: {"script":"<script> [776 bytes]","args":[{"enterText":"Intercompany Partner WDIO","selector":{"id":"application-managepartners-display-component---NewPartner--addressDetailDetailsName1","interaction":{"idSuffix":"inner"}},"clearTextFirst":true,"interactionType":"ENTER_TEXT"}]}
COMMAND: POST /session/343af6daf6fbc7ee30938bcb5a9c3885/execute/async - {"script":"<script> [1562 bytes]","args":[{"selector":{"id":"application-managepartners-display-component---NewPartner--addressDetailDetailsLanguage-arrow"},"wdio_ui5_key":"applicationmanagepartners-display-component---NewPartner--addressDetailDetailsLanguage-arrow"}]}
RESULT: {"script":"<script> [1562 bytes]","args":[{"selector":{"id":"application-managepartners-display-component---NewPartner--addressDetailDetailsLanguage-arrow"},"wdio_ui5_key":"applicationmanagepartners-display-component---NewPartner--addressDetailDetailsLanguage-arrow"}]}
RESULT: undefined
COMMAND: POST /session/343af6daf6fbc7ee30938bcb5a9c3885/element - {"using":"xpath","value":"//*[@id=\"application-managepartners-display-component---NewPartner--addressDetailDetailsLanguage-arrow\"]"}
RESULT: {"using":"xpath","value":"//*[@id=\"application-managepartners-display-component---NewPartner--addressDetailDetailsLanguage-arrow\"]"}
COMMAND: POST /session/343af6daf6fbc7ee30938bcb5a9c3885/element/f.8C4C75981FBDA5C274A9290576C3313B.d.D339BCAFCF66E216A958678CB21218B3.e.7724/click - {}
RESULT: {}
COMMAND: POST /session/343af6daf6fbc7ee30938bcb5a9c3885/element - {"using":"xpath","value":"//span[contains(text(), \"English\")]"}
COMMAND: GET /session/343af6daf6fbc7ee30938bcb5a9c3885/screenshot - {}
RESULT: {"using":"xpath","value":"//span[contains(text(), \"English\")]"}
COMMAND: POST /session/343af6daf6fbc7ee30938bcb5a9c3885/element/f.8C4C75981FBDA5C274A9290576C3313B.d.D339BCAFCF66E216A958678CB21218B3.e.7725/click - {}
RESULT: {}
RESULT: {}
COMMAND: GET /session/343af6daf6fbc7ee30938bcb5a9c3885/screenshot - {}
RESULT: {}
COMMAND: POST /session/343af6daf6fbc7ee30938bcb5a9c3885/execute/async - {"script":"<script> [1562 bytes]","args":[{"selector":{"id":"application-managepartners-display-component---NewPartner--addressDetailDetailsCity1","interaction":{"idSuffix":"inner"}},"wdio_ui5_key":"applicationmanagepartners-display-component---NewPartner--addressDetailDetailsCity1"}]}
RESULT: {"script":"<script> [1562 bytes]","args":[{"selector":{"id":"application-managepartners-display-component---NewPartner--addressDetailDetailsCity1","interaction":{"idSuffix":"inner"}},"wdio_ui5_key":"applicationmanagepartners-display-component---NewPartner--addressDetailDetailsCity1"}]}
RESULT: undefined
COMMAND: POST /session/343af6daf6fbc7ee30938bcb5a9c3885/execute/async - {"script":"<script> [776 bytes]","args":[{"enterText":"Rosario","selector":{"id":"application-managepartners-display-component---NewPartner--addressDetailDetailsCity1","interaction":{"idSuffix":"inner"}},"clearTextFirst":true,"interactionType":"ENTER_TEXT"}]}
RESULT: {"script":"<script> [776 bytes]","args":[{"enterText":"Rosario","selector":{"id":"application-managepartners-display-component---NewPartner--addressDetailDetailsCity1","interaction":{"idSuffix":"inner"}},"clearTextFirst":true,"interactionType":"ENTER_TEXT"}]}
COMMAND: POST /session/343af6daf6fbc7ee30938bcb5a9c3885/execute/async - {"script":"<script> [1562 bytes]","args":[{"selector":{"id":"application-managepartners-display-component---NewPartner--addressDetailDetailsCountry-arrow"},"wdio_ui5_key":"applicationmanagepartners-display-component---NewPartner--addressDetailDetailsCountry-arrow"}]}
RESULT: {"script":"<script> [1562 bytes]","args":[{"selector":{"id":"application-managepartners-display-component---NewPartner--addressDetailDetailsCountry-arrow"},"wdio_ui5_key":"applicationmanagepartners-display-component---NewPartner--addressDetailDetailsCountry-arrow"}]}
RESULT: undefined
COMMAND: POST /session/343af6daf6fbc7ee30938bcb5a9c3885/element - {"using":"xpath","value":"//*[@id=\"application-managepartners-display-component---NewPartner--addressDetailDetailsCountry-arrow\"]"}
RESULT: {"using":"xpath","value":"//*[@id=\"application-managepartners-display-component---NewPartner--addressDetailDetailsCountry-arrow\"]"}
COMMAND: POST /session/343af6daf6fbc7ee30938bcb5a9c3885/element/f.8C4C75981FBDA5C274A9290576C3313B.d.D339BCAFCF66E216A958678CB21218B3.e.7711/click - {}
RESULT: {}
COMMAND: POST /session/343af6daf6fbc7ee30938bcb5a9c3885/element - {"using":"xpath","value":"//span[contains(text(), \"Argentina\")]"}
COMMAND: GET /session/343af6daf6fbc7ee30938bcb5a9c3885/screenshot - {}
RESULT: {"using":"xpath","value":"//span[contains(text(), \"Argentina\")]"}
COMMAND: POST /session/343af6daf6fbc7ee30938bcb5a9c3885/element/f.8C4C75981FBDA5C274A9290576C3313B.d.D339BCAFCF66E216A958678CB21218B3.e.7727/click - {}
RESULT: {}
RESULT: {}
COMMAND: GET /session/343af6daf6fbc7ee30938bcb5a9c3885/screenshot - {}
RESULT: {}
COMMAND: POST /session/343af6daf6fbc7ee30938bcb5a9c3885/element - {"using":"xpath","value":"//bdi[contains(text(), \"Commercial\")]"}
RESULT: {"using":"xpath","value":"//bdi[contains(text(), \"Commercial\")]"}
COMMAND: POST /session/343af6daf6fbc7ee30938bcb5a9c3885/element/f.8C4C75981FBDA5C274A9290576C3313B.d.D339BCAFCF66E216A958678CB21218B3.e.7728/click - {}
RESULT: {}
COMMAND: GET /session/343af6daf6fbc7ee30938bcb5a9c3885/screenshot - {}
RESULT: {}
COMMAND: POST /session/343af6daf6fbc7ee30938bcb5a9c3885/execute/async - {"script":"<script> [1562 bytes]","args":[{"selector":{"id":"application-managepartners-display-component---NewPartner--partnerDetailInternal-arrow"},"wdio_ui5_key":"applicationmanagepartners-display-component---NewPartner--partnerDetailInternal-arrow"}]}
RESULT: {"script":"<script> [1562 bytes]","args":[{"selector":{"id":"application-managepartners-display-component---NewPartner--partnerDetailInternal-arrow"},"wdio_ui5_key":"applicationmanagepartners-display-component---NewPartner--partnerDetailInternal-arrow"}]}
RESULT: undefined
COMMAND: POST /session/343af6daf6fbc7ee30938bcb5a9c3885/element - {"using":"xpath","value":"//*[@id=\"application-managepartners-display-component---NewPartner--partnerDetailInternal-arrow\"]"}
RESULT: {"using":"xpath","value":"//*[@id=\"application-managepartners-display-component---NewPartner--partnerDetailInternal-arrow\"]"}
COMMAND: POST /session/343af6daf6fbc7ee30938bcb5a9c3885/element/f.8C4C75981FBDA5C274A9290576C3313B.d.D339BCAFCF66E216A958678CB21218B3.e.7734/click - {}
RESULT: {}
COMMAND: POST /session/343af6daf6fbc7ee30938bcb5a9c3885/element - {"using":"xpath","value":"//span[contains(text(), \"Affiliated company\")]"}
COMMAND: GET /session/343af6daf6fbc7ee30938bcb5a9c3885/screenshot - {}
RESULT: {"using":"xpath","value":"//span[contains(text(), \"Affiliated company\")]"}
COMMAND: POST /session/343af6daf6fbc7ee30938bcb5a9c3885/element/f.8C4C75981FBDA5C274A9290576C3313B.d.D339BCAFCF66E216A958678CB21218B3.e.7735/click - {}
RESULT: {}
RESULT: {}
COMMAND: POST /session/343af6daf6fbc7ee30938bcb5a9c3885/execute/async - {"script":"<script> [1562 bytes]","args":[{"selector":{"id":"application-managepartners-display-component---NewPartner--partnerDetailsCurrency-arrow"},"wdio_ui5_key":"applicationmanagepartners-display-component---NewPartner--partnerDetailsCurrency-arrow"}]}
COMMAND: GET /session/343af6daf6fbc7ee30938bcb5a9c3885/screenshot - {}
RESULT: {"script":"<script> [1562 bytes]","args":[{"selector":{"id":"application-managepartners-display-component---NewPartner--partnerDetailsCurrency-arrow"},"wdio_ui5_key":"applicationmanagepartners-display-component---NewPartner--partnerDetailsCurrency-arrow"}]}
RESULT: undefined
COMMAND: POST /session/343af6daf6fbc7ee30938bcb5a9c3885/element - {"using":"xpath","value":"//*[@id=\"application-managepartners-display-component---NewPartner--partnerDetailsCurrency-arrow\"]"}
RESULT: {}
RESULT: {"using":"xpath","value":"//*[@id=\"application-managepartners-display-component---NewPartner--partnerDetailsCurrency-arrow\"]"}
COMMAND: POST /session/343af6daf6fbc7ee30938bcb5a9c3885/element/f.8C4C75981FBDA5C274A9290576C3313B.d.D339BCAFCF66E216A958678CB21218B3.e.7742/click - {}
RESULT: {}
COMMAND: POST /session/343af6daf6fbc7ee30938bcb5a9c3885/element - {"using":"xpath","value":"//span[contains(text(), \"Euro\")]"}
COMMAND: GET /session/343af6daf6fbc7ee30938bcb5a9c3885/screenshot - {}
RESULT: {"using":"xpath","value":"//span[contains(text(), \"Euro\")]"}
COMMAND: POST /session/343af6daf6fbc7ee30938bcb5a9c3885/element/f.8C4C75981FBDA5C274A9290576C3313B.d.D339BCAFCF66E216A958678CB21218B3.e.7743/click - {}
RESULT: {}
RESULT: {}
COMMAND: POST /session/343af6daf6fbc7ee30938bcb5a9c3885/execute/async - {"script":"<script> [1562 bytes]","args":[{"selector":{"id":"application-managepartners-display-component---NewPartner--addressEditDetailsCostObjectCstType-arrow"},"wdio_ui5_key":"applicationmanagepartners-display-component---NewPartner--addressEditDetailsCostObjectCstType-arrow"}]}
COMMAND: GET /session/343af6daf6fbc7ee30938bcb5a9c3885/screenshot - {}
RESULT: {"script":"<script> [1562 bytes]","args":[{"selector":{"id":"application-managepartners-display-component---NewPartner--addressEditDetailsCostObjectCstType-arrow"},"wdio_ui5_key":"applicationmanagepartners-display-component---NewPartner--addressEditDetailsCostObjectCstType-arrow"}]}
RESULT: undefined
COMMAND: POST /session/343af6daf6fbc7ee30938bcb5a9c3885/element - {"using":"xpath","value":"//*[@id=\"application-managepartners-display-component---NewPartner--addressEditDetailsCostObjectCstType-arrow\"]"}
RESULT: {}
RESULT: {"using":"xpath","value":"//*[@id=\"application-managepartners-display-component---NewPartner--addressEditDetailsCostObjectCstType-arrow\"]"}
COMMAND: POST /session/343af6daf6fbc7ee30938bcb5a9c3885/element/f.8C4C75981FBDA5C274A9290576C3313B.d.D339BCAFCF66E216A958678CB21218B3.e.7744/click - {}
RESULT: {}
COMMAND: POST /session/343af6daf6fbc7ee30938bcb5a9c3885/element - {"using":"xpath","value":"//span[contains(text(), \"Cost Center\")]"}
COMMAND: GET /session/343af6daf6fbc7ee30938bcb5a9c3885/screenshot - {}
RESULT: {"using":"xpath","value":"//span[contains(text(), \"Cost Center\")]"}
COMMAND: POST /session/343af6daf6fbc7ee30938bcb5a9c3885/element/f.8C4C75981FBDA5C274A9290576C3313B.d.D339BCAFCF66E216A958678CB21218B3.e.7745/click - {}
RESULT: {}
RESULT: {}
COMMAND: GET /session/343af6daf6fbc7ee30938bcb5a9c3885/screenshot - {}
RESULT: {}
COMMAND: POST /session/343af6daf6fbc7ee30938bcb5a9c3885/element - {"using":"xpath","value":"//span[@id=\"application-managepartners-display-component---NewPartner--addressNewCostObjectCstID-vhi\"]"}
RESULT: {"using":"xpath","value":"//span[@id=\"application-managepartners-display-component---NewPartner--addressNewCostObjectCstID-vhi\"]"}
COMMAND: POST /session/343af6daf6fbc7ee30938bcb5a9c3885/execute/sync - {"script":"<script> [8489 bytes]","args":[{"element-6066-11e4-a52e-4f735466cecf":"f.8C4C75981FBDA5C274A9290576C3313B.d.D339BCAFCF66E216A958678CB21218B3.e.7749","ELEMENT":"f.8C4C75981FBDA5C274A9290576C3313B.d.D339BCAFCF66E216A958678CB21218B3.e.7749"}]}
RESULT: {"script":"<script> [8489 bytes]","args":[{"element-6066-11e4-a52e-4f735466cecf":"f.8C4C75981FBDA5C274A9290576C3313B.d.D339BCAFCF66E216A958678CB21218B3.e.7749","ELEMENT":"f.8C4C75981FBDA5C274A9290576C3313B.d.D339BCAFCF66E216A958678CB21218B3.e.7749"}]}
COMMAND: POST /session/343af6daf6fbc7ee30938bcb5a9c3885/execute/async - {"script":"<script> [1562 bytes]","args":[{"selector":{"id":"application-managepartners-display-component---NewPartner--addressNewCostObjectCstID-vhi"},"wdio_ui5_key":"applicationmanagepartners-display-component---NewPartner--addressNewCostObjectCstID-vhi"}]}
COMMAND: GET /session/343af6daf6fbc7ee30938bcb5a9c3885/screenshot - {}
RESULT: {"script":"<script> [1562 bytes]","args":[{"selector":{"id":"application-managepartners-display-component---NewPartner--addressNewCostObjectCstID-vhi"},"wdio_ui5_key":"applicationmanagepartners-display-component---NewPartner--addressNewCostObjectCstID-vhi"}]}
RESULT: undefined
COMMAND: POST /session/343af6daf6fbc7ee30938bcb5a9c3885/element - {"using":"xpath","value":"//*[@id=\"application-managepartners-display-component---NewPartner--addressNewCostObjectCstID-vhi\"]"}
RESULT: {}
RESULT: {"using":"xpath","value":"//*[@id=\"application-managepartners-display-component---NewPartner--addressNewCostObjectCstID-vhi\"]"}
COMMAND: POST /session/343af6daf6fbc7ee30938bcb5a9c3885/element/f.8C4C75981FBDA5C274A9290576C3313B.d.D339BCAFCF66E216A958678CB21218B3.e.7749/click - {}
RESULT: {}
COMMAND: GET /session/343af6daf6fbc7ee30938bcb5a9c3885/screenshot - {}
RESULT: {}
RESULT: undefined
COMMAND: POST /session/343af6daf6fbc7ee30938bcb5a9c3885/execute/async - {"script":"<script> [776 bytes]","args":[{"enterText":"10001013","selector":{"controlType":"sap.m.SearchField","properties":{"placeholder":"Search"},"searchOpenDialogs":true,"interaction":{"idSuffix":"I"}},"clearTextFirst":true,"interactionType":"ENTER_TEXT"}]}
RESULT: {"script":"<script> [776 bytes]","args":[{"enterText":"10001013","selector":{"controlType":"sap.m.SearchField","properties":{"placeholder":"Search"},"searchOpenDialogs":true,"interaction":{"idSuffix":"I"}},"clearTextFirst":true,"interactionType":"ENTER_TEXT"}]}
COMMAND: POST /session/343af6daf6fbc7ee30938bcb5a9c3885/actions - {"actions":[{"id":"action21","type":"key","parameters":{},"actions":[{"type":"keyDown","value":"î€‡"},{"type":"pause","duration":10},{"type":"keyUp","value":"î€‡"}]}]}
RESULT: {"actions":[{"id":"action21","type":"key","parameters":{},"actions":[{"type":"keyDown","value":"î€‡"},{"type":"pause","duration":10},{"type":"keyUp","value":"î€‡"}]}]}
COMMAND: GET /session/343af6daf6fbc7ee30938bcb5a9c3885/screenshot - {}
RESULT: {}
COMMAND: POST /session/343af6daf6fbc7ee30938bcb5a9c3885/element - {"using":"xpath","value":"//span[contains(text(), \"General Management\")]"}
RESULT: {"using":"xpath","value":"//span[contains(text(), \"General Management\")]"}
COMMAND: POST /session/343af6daf6fbc7ee30938bcb5a9c3885/element/f.8C4C75981FBDA5C274A9290576C3313B.d.D339BCAFCF66E216A958678CB21218B3.e.7790/click - {}
RESULT: {}
COMMAND: GET /session/343af6daf6fbc7ee30938bcb5a9c3885/screenshot - {}
RESULT: {}
COMMAND: POST /session/343af6daf6fbc7ee30938bcb5a9c3885/element - {"using":"xpath","value":"//bdi[contains(text(), \"OK\")]"}
RESULT: {"using":"xpath","value":"//bdi[contains(text(), \"OK\")]"}
COMMAND: POST /session/343af6daf6fbc7ee30938bcb5a9c3885/element/f.8C4C75981FBDA5C274A9290576C3313B.d.D339BCAFCF66E216A958678CB21218B3.e.7791/click - {}
RESULT: {}
COMMAND: GET /session/343af6daf6fbc7ee30938bcb5a9c3885/screenshot - {}
RESULT: {}
COMMAND: POST /session/343af6daf6fbc7ee30938bcb5a9c3885/element - {"using":"xpath","value":"//input[@id=\"application-managepartners-display-component---NewPartner--companyCodeComboBox-inner\"]"}
RESULT: {"using":"xpath","value":"//input[@id=\"application-managepartners-display-component---NewPartner--companyCodeComboBox-inner\"]"}
COMMAND: POST /session/343af6daf6fbc7ee30938bcb5a9c3885/element/f.8C4C75981FBDA5C274A9290576C3313B.d.D339BCAFCF66E216A958678CB21218B3.e.7582/clear - {}
RESULT: {}
COMMAND: POST /session/343af6daf6fbc7ee30938bcb5a9c3885/element/f.8C4C75981FBDA5C274A9290576C3313B.d.D339BCAFCF66E216A958678CB21218B3.e.7582/value - {"text":"C002"}
COMMAND: GET /session/343af6daf6fbc7ee30938bcb5a9c3885/screenshot - {}
RESULT: {"text":"C002"}
COMMAND: GET /session/343af6daf6fbc7ee30938bcb5a9c3885/screenshot - {}
RESULT: {}
RESULT: {}
COMMAND: POST /session/343af6daf6fbc7ee30938bcb5a9c3885/element - {"using":"xpath","value":"//span[contains(text(), \"C002\")]"}
RESULT: {"using":"xpath","value":"//span[contains(text(), \"C002\")]"}
COMMAND: POST /session/343af6daf6fbc7ee30938bcb5a9c3885/element/f.8C4C75981FBDA5C274A9290576C3313B.d.D339BCAFCF66E216A958678CB21218B3.e.7797/click - {}
RESULT: {}
COMMAND: GET /session/343af6daf6fbc7ee30938bcb5a9c3885/screenshot - {}
RESULT: {}
COMMAND: POST /session/343af6daf6fbc7ee30938bcb5a9c3885/execute/async - {"script":"<script> [1562 bytes]","args":[{"selector":{"id":"application-managepartners-display-component---NewPartner--btnAddTableRow-img"},"wdio_ui5_key":"applicationmanagepartners-display-component---NewPartner--btnAddTableRow-img"}]}
RESULT: {"script":"<script> [1562 bytes]","args":[{"selector":{"id":"application-managepartners-display-component---NewPartner--btnAddTableRow-img"},"wdio_ui5_key":"applicationmanagepartners-display-component---NewPartner--btnAddTableRow-img"}]}
RESULT: undefined
COMMAND: POST /session/343af6daf6fbc7ee30938bcb5a9c3885/element - {"using":"xpath","value":"//*[@id=\"application-managepartners-display-component---NewPartner--btnAddTableRow-img\"]"}
RESULT: {"using":"xpath","value":"//*[@id=\"application-managepartners-display-component---NewPartner--btnAddTableRow-img\"]"}
COMMAND: POST /session/343af6daf6fbc7ee30938bcb5a9c3885/element/f.8C4C75981FBDA5C274A9290576C3313B.d.D339BCAFCF66E216A958678CB21218B3.e.7798/click - {}
RESULT: {}
COMMAND: GET /session/343af6daf6fbc7ee30938bcb5a9c3885/screenshot - {}
RESULT: {}
COMMAND: POST /session/343af6daf6fbc7ee30938bcb5a9c3885/element - {"using":"xpath","value":"//input[@id=\"application-managepartners-display-component---NewPartner--assignmentYard-application-managepartners-display-component---NewPartner--assignmentsTable-0-inner\"]"}
RESULT: {"using":"xpath","value":"//input[@id=\"application-managepartners-display-component---NewPartner--assignmentYard-application-managepartners-display-component---NewPartner--assignmentsTable-0-inner\"]"}
COMMAND: POST /session/343af6daf6fbc7ee30938bcb5a9c3885/element/f.8C4C75981FBDA5C274A9290576C3313B.d.D339BCAFCF66E216A958678CB21218B3.e.7801/clear - {}
RESULT: {}
COMMAND: POST /session/343af6daf6fbc7ee30938bcb5a9c3885/element/f.8C4C75981FBDA5C274A9290576C3313B.d.D339BCAFCF66E216A958678CB21218B3.e.7801/value - {"text":"598"}
COMMAND: GET /session/343af6daf6fbc7ee30938bcb5a9c3885/screenshot - {}
RESULT: {"text":"598"}
COMMAND: GET /session/343af6daf6fbc7ee30938bcb5a9c3885/screenshot - {}
RESULT: {}
RESULT: {}
COMMAND: POST /session/343af6daf6fbc7ee30938bcb5a9c3885/element - {"using":"xpath","value":"//li[.//span[text()='598']]"}
RESULT: {"using":"xpath","value":"//li[.//span[text()='598']]"}
COMMAND: POST /session/343af6daf6fbc7ee30938bcb5a9c3885/element/f.8C4C75981FBDA5C274A9290576C3313B.d.D339BCAFCF66E216A958678CB21218B3.e.7809/click - {}
RESULT: {}
COMMAND: GET /session/343af6daf6fbc7ee30938bcb5a9c3885/screenshot - {}
RESULT: {}
COMMAND: POST /session/343af6daf6fbc7ee30938bcb5a9c3885/actions - {"actions":[{"id":"action22","type":"key","parameters":{},"actions":[{"type":"keyDown","value":"î€‡"},{"type":"pause","duration":10},{"type":"keyUp","value":"î€‡"}]}]}
RESULT: {"actions":[{"id":"action22","type":"key","parameters":{},"actions":[{"type":"keyDown","value":"î€‡"},{"type":"pause","duration":10},{"type":"keyUp","value":"î€‡"}]}]}
COMMAND: POST /session/343af6daf6fbc7ee30938bcb5a9c3885/execute/async - {"script":"<script> [1562 bytes]","args":[{"selector":{"id":"application-managepartners-display-component---NewPartner--externalCustomerComboBox-application-managepartners-display-component---NewPartner--assignmentsTable-0-vhi"},"wdio_ui5_key":"applicationmanagepartners-display-component---NewPartner--externalCustomerComboBox-application-managepartners-display-component---NewPartner--assignmentsTable-0-vhi"}]}
COMMAND: GET /session/343af6daf6fbc7ee30938bcb5a9c3885/screenshot - {}
RESULT: {"script":"<script> [1562 bytes]","args":[{"selector":{"id":"application-managepartners-display-component---NewPartner--externalCustomerComboBox-application-managepartners-display-component---NewPartner--assignmentsTable-0-vhi"},"wdio_ui5_key":"applicationmanagepartners-display-component---NewPartner--externalCustomerComboBox-application-managepartners-display-component---NewPartner--assignmentsTable-0-vhi"}]}
RESULT: undefined
COMMAND: POST /session/343af6daf6fbc7ee30938bcb5a9c3885/element - {"using":"xpath","value":"//*[@id=\"application-managepartners-display-component---NewPartner--externalCustomerComboBox-application-managepartners-display-component---NewPartner--assignmentsTable-0-vhi\"]"}
RESULT: {}
RESULT: {"using":"xpath","value":"//*[@id=\"application-managepartners-display-component---NewPartner--externalCustomerComboBox-application-managepartners-display-component---NewPartner--assignmentsTable-0-vhi\"]"}
COMMAND: POST /session/343af6daf6fbc7ee30938bcb5a9c3885/element/f.8C4C75981FBDA5C274A9290576C3313B.d.D339BCAFCF66E216A958678CB21218B3.e.7813/click - {}
RESULT: {}
RESULT: undefined
COMMAND: POST /session/343af6daf6fbc7ee30938bcb5a9c3885/execute/async - {"script":"<script> [776 bytes]","args":[{"enterText":"300003","selector":{"controlType":"sap.m.SearchField","properties":{"placeholder":"Search"},"searchOpenDialogs":true,"interaction":{"idSuffix":"I"}},"clearTextFirst":true,"interactionType":"ENTER_TEXT"}]}
COMMAND: GET /session/343af6daf6fbc7ee30938bcb5a9c3885/screenshot - {}
RESULT: {"script":"<script> [776 bytes]","args":[{"enterText":"300003","selector":{"controlType":"sap.m.SearchField","properties":{"placeholder":"Search"},"searchOpenDialogs":true,"interaction":{"idSuffix":"I"}},"clearTextFirst":true,"interactionType":"ENTER_TEXT"}]}
COMMAND: POST /session/343af6daf6fbc7ee30938bcb5a9c3885/actions - {"actions":[{"id":"action23","type":"key","parameters":{},"actions":[{"type":"keyDown","value":"î€‡"},{"type":"pause","duration":10},{"type":"keyUp","value":"î€‡"}]}]}
RESULT: {}
RESULT: {"actions":[{"id":"action23","type":"key","parameters":{},"actions":[{"type":"keyDown","value":"î€‡"},{"type":"pause","duration":10},{"type":"keyUp","value":"î€‡"}]}]}
COMMAND: GET /session/343af6daf6fbc7ee30938bcb5a9c3885/screenshot - {}
RESULT: {}
COMMAND: POST /session/343af6daf6fbc7ee30938bcb5a9c3885/element - {"using":"xpath","value":"//span[contains(text(), \"300003\")]"}
RESULT: {"using":"xpath","value":"//span[contains(text(), \"300003\")]"}
COMMAND: POST /session/343af6daf6fbc7ee30938bcb5a9c3885/element/f.8C4C75981FBDA5C274A9290576C3313B.d.D339BCAFCF66E216A958678CB21218B3.e.7831/click - {}
RESULT: {}
COMMAND: GET /session/343af6daf6fbc7ee30938bcb5a9c3885/screenshot - {}
RESULT: {}
COMMAND: POST /session/343af6daf6fbc7ee30938bcb5a9c3885/element - {"using":"xpath","value":"//bdi[contains(text(), \"OK\")]"}
RESULT: {"using":"xpath","value":"//bdi[contains(text(), \"OK\")]"}
COMMAND: POST /session/343af6daf6fbc7ee30938bcb5a9c3885/element/f.8C4C75981FBDA5C274A9290576C3313B.d.D339BCAFCF66E216A958678CB21218B3.e.7833/click - {}
RESULT: {}
COMMAND: GET /session/343af6daf6fbc7ee30938bcb5a9c3885/screenshot - {}
RESULT: {}
COMMAND: POST /session/343af6daf6fbc7ee30938bcb5a9c3885/execute/async - {"script":"<script> [1562 bytes]","args":[{"selector":{"id":"application-managepartners-display-component---NewPartner--intercompVendorComboBox-application-managepartners-display-component---NewPartner--assignmentsTable-0-vhi"},"wdio_ui5_key":"applicationmanagepartners-display-component---NewPartner--intercompVendorComboBox-application-managepartners-display-component---NewPartner--assignmentsTable-0-vhi"}]}
RESULT: {"script":"<script> [1562 bytes]","args":[{"selector":{"id":"application-managepartners-display-component---NewPartner--intercompVendorComboBox-application-managepartners-display-component---NewPartner--assignmentsTable-0-vhi"},"wdio_ui5_key":"applicationmanagepartners-display-component---NewPartner--intercompVendorComboBox-application-managepartners-display-component---NewPartner--assignmentsTable-0-vhi"}]}
RESULT: undefined
COMMAND: POST /session/343af6daf6fbc7ee30938bcb5a9c3885/element - {"using":"xpath","value":"//*[@id=\"application-managepartners-display-component---NewPartner--intercompVendorComboBox-application-managepartners-display-component---NewPartner--assignmentsTable-0-vhi\"]"}
RESULT: {"using":"xpath","value":"//*[@id=\"application-managepartners-display-component---NewPartner--intercompVendorComboBox-application-managepartners-display-component---NewPartner--assignmentsTable-0-vhi\"]"}
COMMAND: POST /session/343af6daf6fbc7ee30938bcb5a9c3885/element/f.8C4C75981FBDA5C274A9290576C3313B.d.D339BCAFCF66E216A958678CB21218B3.e.7836/click - {}
RESULT: {}
RESULT: undefined
COMMAND: POST /session/343af6daf6fbc7ee30938bcb5a9c3885/execute/async - {"script":"<script> [776 bytes]","args":[{"enterText":"100005","selector":{"controlType":"sap.m.SearchField","properties":{"placeholder":"Search"},"searchOpenDialogs":true,"interaction":{"idSuffix":"I"}},"clearTextFirst":true,"interactionType":"ENTER_TEXT"}]}
COMMAND: GET /session/343af6daf6fbc7ee30938bcb5a9c3885/screenshot - {}
RESULT: {"script":"<script> [776 bytes]","args":[{"enterText":"100005","selector":{"controlType":"sap.m.SearchField","properties":{"placeholder":"Search"},"searchOpenDialogs":true,"interaction":{"idSuffix":"I"}},"clearTextFirst":true,"interactionType":"ENTER_TEXT"}]}
COMMAND: POST /session/343af6daf6fbc7ee30938bcb5a9c3885/actions - {"actions":[{"id":"action24","type":"key","parameters":{},"actions":[{"type":"keyDown","value":"î€‡"},{"type":"pause","duration":10},{"type":"keyUp","value":"î€‡"}]}]}
RESULT: {}
RESULT: {"actions":[{"id":"action24","type":"key","parameters":{},"actions":[{"type":"keyDown","value":"î€‡"},{"type":"pause","duration":10},{"type":"keyUp","value":"î€‡"}]}]}
COMMAND: GET /session/343af6daf6fbc7ee30938bcb5a9c3885/screenshot - {}
RESULT: {}
COMMAND: POST /session/343af6daf6fbc7ee30938bcb5a9c3885/element - {"using":"xpath","value":"//span[contains(text(), \"Penguins - Field/12345 Berlin\")]"}
RESULT: {"using":"xpath","value":"//span[contains(text(), \"Penguins - Field/12345 Berlin\")]"}
COMMAND: POST /session/343af6daf6fbc7ee30938bcb5a9c3885/element/f.8C4C75981FBDA5C274A9290576C3313B.d.D339BCAFCF66E216A958678CB21218B3.e.7853/click - {}
RESULT: {}
COMMAND: GET /session/343af6daf6fbc7ee30938bcb5a9c3885/screenshot - {}
RESULT: {}
COMMAND: POST /session/343af6daf6fbc7ee30938bcb5a9c3885/element - {"using":"xpath","value":"//bdi[contains(text(), \"OK\")]"}
RESULT: {"using":"xpath","value":"//bdi[contains(text(), \"OK\")]"}
COMMAND: POST /session/343af6daf6fbc7ee30938bcb5a9c3885/element/f.8C4C75981FBDA5C274A9290576C3313B.d.D339BCAFCF66E216A958678CB21218B3.e.7854/click - {}
RESULT: {}
COMMAND: GET /session/343af6daf6fbc7ee30938bcb5a9c3885/screenshot - {}
RESULT: {}
COMMAND: POST /session/343af6daf6fbc7ee30938bcb5a9c3885/element - {"using":"xpath","value":"//button[@data-kt=\"saveButton\"]"}
RESULT: {"using":"xpath","value":"//button[@data-kt=\"saveButton\"]"}
COMMAND: POST /session/343af6daf6fbc7ee30938bcb5a9c3885/element/f.8C4C75981FBDA5C274A9290576C3313B.d.D339BCAFCF66E216A958678CB21218B3.e.7637/click - {}
RESULT: {}
COMMAND: GET /session/343af6daf6fbc7ee30938bcb5a9c3885/screenshot - {}
RESULT: {}
COMMAND: POST /session/343af6daf6fbc7ee30938bcb5a9c3885/element - {"using":"xpath","value":"//header[contains(@id, 'ObjectPageLayout-headerTitle')]/div[1]/div[2]/div[2]/span[1]"}
RESULT: {"using":"xpath","value":"//header[contains(@id, 'ObjectPageLayout-headerTitle')]/div[1]/div[2]/div[2]/span[1]"}
COMMAND: POST /session/343af6daf6fbc7ee30938bcb5a9c3885/elements - {"using":"xpath","value":"//header[contains(@id, 'ObjectPageLayout-headerTitle')]/div[1]/div[2]/div[2]/span[1]"}
RESULT: {"using":"xpath","value":"//header[contains(@id, 'ObjectPageLayout-headerTitle')]/div[1]/div[2]/div[2]/span[1]"}
COMMAND: POST /session/343af6daf6fbc7ee30938bcb5a9c3885/execute/sync - {"script":"<script> [56 bytes]","args":[{"element-6066-11e4-a52e-4f735466cecf":"f.8C4C75981FBDA5C274A9290576C3313B.d.D339BCAFCF66E216A958678CB21218B3.e.8022","ELEMENT":"f.8C4C75981FBDA5C274A9290576C3313B.d.D339BCAFCF66E216A958678CB21218B3.e.8022"}]}
RESULT: {"script":"<script> [56 bytes]","args":[{"element-6066-11e4-a52e-4f735466cecf":"f.8C4C75981FBDA5C274A9290576C3313B.d.D339BCAFCF66E216A958678CB21218B3.e.8022","ELEMENT":"f.8C4C75981FBDA5C274A9290576C3313B.d.D339BCAFCF66E216A958678CB21218B3.e.8022"}]}
COMMAND: POST /session/343af6daf6fbc7ee30938bcb5a9c3885/element - {"using":"css selector","value":"#shell-header-logo"}
COMMAND: GET /session/343af6daf6fbc7ee30938bcb5a9c3885/screenshot - {}
RESULT: {"using":"css selector","value":"#shell-header-logo"}
COMMAND: POST /session/343af6daf6fbc7ee30938bcb5a9c3885/element/f.8C4C75981FBDA5C274A9290576C3313B.d.D339BCAFCF66E216A958678CB21218B3.e.7238/click - {}
RESULT: {}
RESULT: {}
COMMAND: GET /session/343af6daf6fbc7ee30938bcb5a9c3885/screenshot - {}
RESULT: {}
COMMAND: POST /session/343af6daf6fbc7ee30938bcb5a9c3885/execute/sync - {"script":"<script> [299 bytes]","args":[["getModel","getResource"]]}
RESULT: {"script":"<script> [299 bytes]","args":[["getModel","getResource"]]}
]]></system-out>
    </testcase>
  </testsuite>
  <testsuite timestamp="2025-05-05T17:39:41" time="883.16" tests="13" failures="0" errors="0" skipped="0">
    <properties>
      <property name="specId" value="0" />
      <property name="suiteName" value="Performance based billing (work days) US139742" />
      <property name="capabilities" value="chrome.135_0_7049_96.windows" />
      <property name="file" value="file:///D:/a/1/s/test/specs/BTS/billing-performance-workdays.spec.js" />
    </properties>
    <testcase classname="chrome.135_0_7049_96.windows.Performance_based_billing_(work_days)_US139742" name="Should create a new yard" time="0.011">
      <system-out><![CDATA[
COMMAND: POST /session/343af6daf6fbc7ee30938bcb5a9c3885/window/fullscreen - {}
RESULT: {}
]]></system-out>
    </testcase>
    <testcase classname="chrome.135_0_7049_96.windows.Performance_based_billing_(work_days)_US139742" name="Should create a new partner" time="0.003" />
    <testcase classname="chrome.135_0_7049_96.windows.Performance_based_billing_(work_days)_US139742" name="Should create a new site" time="143.075">
      <system-out><![CDATA[
COMMAND: POST /session/343af6daf6fbc7ee30938bcb5a9c3885/execute/async - {"script":"<script> [1562 bytes]","args":[{"selector":{"controlType":"sap.m.TileContent","bindingPath":{"path":"","propertyPath":"/properties/info"},"ancestor":{"controlType":"sap.m.GenericTile","properties":{"header":"Manage Sites"}}},"wdio_ui5_key":"sapm.TileContent{\"path\":\"\",\"propertyPath\":\"/properties/info\"}{\"controlType\":\"sap.m.GenericTile\",\"properties\":{\"header\":\"Manage Sites\"}}"}]}
RESULT: {"script":"<script> [1562 bytes]","args":[{"selector":{"controlType":"sap.m.TileContent","bindingPath":{"path":"","propertyPath":"/properties/info"},"ancestor":{"controlType":"sap.m.GenericTile","properties":{"header":"Manage Sites"}}},"wdio_ui5_key":"sapm.TileContent{\"path\":\"\",\"propertyPath\":\"/properties/info\"}{\"controlType\":\"sap.m.GenericTile\",\"properties\":{\"header\":\"Manage Sites\"}}"}]}
RESULT: undefined
COMMAND: POST /session/343af6daf6fbc7ee30938bcb5a9c3885/element - {"using":"xpath","value":"//*[@id=\"__xmlview7--numericTileContent\"]"}
RESULT: {"using":"xpath","value":"//*[@id=\"__xmlview7--numericTileContent\"]"}
COMMAND: POST /session/343af6daf6fbc7ee30938bcb5a9c3885/element/f.8C4C75981FBDA5C274A9290576C3313B.d.FD8CCB434203A215ECABC5AC7F19203D.e.9241/click - {}
RESULT: {}
COMMAND: POST /session/343af6daf6fbc7ee30938bcb5a9c3885/element - {"using":"xpath","value":"//button[@data-kt=\"addOverflowToolbarButton\"]"}
COMMAND: GET /session/343af6daf6fbc7ee30938bcb5a9c3885/screenshot - {}
RESULT: {"using":"xpath","value":"//button[@data-kt=\"addOverflowToolbarButton\"]"}
COMMAND: POST /session/343af6daf6fbc7ee30938bcb5a9c3885/elements - {"using":"xpath","value":"//button[@data-kt=\"addOverflowToolbarButton\"]"}
RESULT: {}
RESULT: {"using":"xpath","value":"//button[@data-kt=\"addOverflowToolbarButton\"]"}
COMMAND: POST /session/343af6daf6fbc7ee30938bcb5a9c3885/elements - {"using":"xpath","value":"//button[@data-kt=\"addOverflowToolbarButton\"]"}
RESULT: {"using":"xpath","value":"//button[@data-kt=\"addOverflowToolbarButton\"]"}
COMMAND: POST /session/343af6daf6fbc7ee30938bcb5a9c3885/elements - {"using":"xpath","value":"//button[@data-kt=\"addOverflowToolbarButton\"]"}
RESULT: {"using":"xpath","value":"//button[@data-kt=\"addOverflowToolbarButton\"]"}
COMMAND: POST /session/343af6daf6fbc7ee30938bcb5a9c3885/elements - {"using":"xpath","value":"//button[@data-kt=\"addOverflowToolbarButton\"]"}
RESULT: {"using":"xpath","value":"//button[@data-kt=\"addOverflowToolbarButton\"]"}
COMMAND: POST /session/343af6daf6fbc7ee30938bcb5a9c3885/elements - {"using":"xpath","value":"//button[@data-kt=\"addOverflowToolbarButton\"]"}
RESULT: {"using":"xpath","value":"//button[@data-kt=\"addOverflowToolbarButton\"]"}
COMMAND: POST /session/343af6daf6fbc7ee30938bcb5a9c3885/elements - {"using":"xpath","value":"//button[@data-kt=\"addOverflowToolbarButton\"]"}
RESULT: {"using":"xpath","value":"//button[@data-kt=\"addOverflowToolbarButton\"]"}
COMMAND: POST /session/343af6daf6fbc7ee30938bcb5a9c3885/elements - {"using":"xpath","value":"//button[@data-kt=\"addOverflowToolbarButton\"]"}
RESULT: {"using":"xpath","value":"//button[@data-kt=\"addOverflowToolbarButton\"]"}
COMMAND: POST /session/343af6daf6fbc7ee30938bcb5a9c3885/elements - {"using":"xpath","value":"//button[@data-kt=\"addOverflowToolbarButton\"]"}
RESULT: {"using":"xpath","value":"//button[@data-kt=\"addOverflowToolbarButton\"]"}
COMMAND: POST /session/343af6daf6fbc7ee30938bcb5a9c3885/elements - {"using":"xpath","value":"//button[@data-kt=\"addOverflowToolbarButton\"]"}
RESULT: {"using":"xpath","value":"//button[@data-kt=\"addOverflowToolbarButton\"]"}
COMMAND: POST /session/343af6daf6fbc7ee30938bcb5a9c3885/elements - {"using":"xpath","value":"//button[@data-kt=\"addOverflowToolbarButton\"]"}
RESULT: {"using":"xpath","value":"//button[@data-kt=\"addOverflowToolbarButton\"]"}
COMMAND: POST /session/343af6daf6fbc7ee30938bcb5a9c3885/elements - {"using":"xpath","value":"//button[@data-kt=\"addOverflowToolbarButton\"]"}
RESULT: {"using":"xpath","value":"//button[@data-kt=\"addOverflowToolbarButton\"]"}
COMMAND: POST /session/343af6daf6fbc7ee30938bcb5a9c3885/elements - {"using":"xpath","value":"//button[@data-kt=\"addOverflowToolbarButton\"]"}
RESULT: {"using":"xpath","value":"//button[@data-kt=\"addOverflowToolbarButton\"]"}
COMMAND: POST /session/343af6daf6fbc7ee30938bcb5a9c3885/elements - {"using":"xpath","value":"//button[@data-kt=\"addOverflowToolbarButton\"]"}
RESULT: {"using":"xpath","value":"//button[@data-kt=\"addOverflowToolbarButton\"]"}
COMMAND: POST /session/343af6daf6fbc7ee30938bcb5a9c3885/elements - {"using":"xpath","value":"//button[@data-kt=\"addOverflowToolbarButton\"]"}
RESULT: {"using":"xpath","value":"//button[@data-kt=\"addOverflowToolbarButton\"]"}
COMMAND: POST /session/343af6daf6fbc7ee30938bcb5a9c3885/elements - {"using":"xpath","value":"//button[@data-kt=\"addOverflowToolbarButton\"]"}
RESULT: {"using":"xpath","value":"//button[@data-kt=\"addOverflowToolbarButton\"]"}
COMMAND: POST /session/343af6daf6fbc7ee30938bcb5a9c3885/elements - {"using":"xpath","value":"//button[@data-kt=\"addOverflowToolbarButton\"]"}
RESULT: {"using":"xpath","value":"//button[@data-kt=\"addOverflowToolbarButton\"]"}
COMMAND: POST /session/343af6daf6fbc7ee30938bcb5a9c3885/elements - {"using":"xpath","value":"//button[@data-kt=\"addOverflowToolbarButton\"]"}
RESULT: {"using":"xpath","value":"//button[@data-kt=\"addOverflowToolbarButton\"]"}
COMMAND: POST /session/343af6daf6fbc7ee30938bcb5a9c3885/elements - {"using":"xpath","value":"//button[@data-kt=\"addOverflowToolbarButton\"]"}
RESULT: {"using":"xpath","value":"//button[@data-kt=\"addOverflowToolbarButton\"]"}
COMMAND: POST /session/343af6daf6fbc7ee30938bcb5a9c3885/elements - {"using":"xpath","value":"//button[@data-kt=\"addOverflowToolbarButton\"]"}
RESULT: {"using":"xpath","value":"//button[@data-kt=\"addOverflowToolbarButton\"]"}
COMMAND: POST /session/343af6daf6fbc7ee30938bcb5a9c3885/elements - {"using":"xpath","value":"//button[@data-kt=\"addOverflowToolbarButton\"]"}
RESULT: {"using":"xpath","value":"//button[@data-kt=\"addOverflowToolbarButton\"]"}
COMMAND: POST /session/343af6daf6fbc7ee30938bcb5a9c3885/elements - {"using":"xpath","value":"//button[@data-kt=\"addOverflowToolbarButton\"]"}
RESULT: {"using":"xpath","value":"//button[@data-kt=\"addOverflowToolbarButton\"]"}
COMMAND: POST /session/343af6daf6fbc7ee30938bcb5a9c3885/elements - {"using":"xpath","value":"//button[@data-kt=\"addOverflowToolbarButton\"]"}
RESULT: {"using":"xpath","value":"//button[@data-kt=\"addOverflowToolbarButton\"]"}
COMMAND: POST /session/343af6daf6fbc7ee30938bcb5a9c3885/elements - {"using":"xpath","value":"//button[@data-kt=\"addOverflowToolbarButton\"]"}
RESULT: {"using":"xpath","value":"//button[@data-kt=\"addOverflowToolbarButton\"]"}
COMMAND: POST /session/343af6daf6fbc7ee30938bcb5a9c3885/element - {"using":"xpath","value":"//button[@data-kt=\"addOverflowToolbarButton\"]"}
RESULT: {"using":"xpath","value":"//button[@data-kt=\"addOverflowToolbarButton\"]"}
COMMAND: POST /session/343af6daf6fbc7ee30938bcb5a9c3885/execute/sync - {"script":"<script> [8489 bytes]","args":[{"element-6066-11e4-a52e-4f735466cecf":"f.8C4C75981FBDA5C274A9290576C3313B.d.FD8CCB434203A215ECABC5AC7F19203D.e.9275","ELEMENT":"f.8C4C75981FBDA5C274A9290576C3313B.d.FD8CCB434203A215ECABC5AC7F19203D.e.9275"}]}
RESULT: {"script":"<script> [8489 bytes]","args":[{"element-6066-11e4-a52e-4f735466cecf":"f.8C4C75981FBDA5C274A9290576C3313B.d.FD8CCB434203A215ECABC5AC7F19203D.e.9275","ELEMENT":"f.8C4C75981FBDA5C274A9290576C3313B.d.FD8CCB434203A215ECABC5AC7F19203D.e.9275"}]}
COMMAND: GET /session/343af6daf6fbc7ee30938bcb5a9c3885/element/f.8C4C75981FBDA5C274A9290576C3313B.d.FD8CCB434203A215ECABC5AC7F19203D.e.9275/enabled - {}
COMMAND: GET /session/343af6daf6fbc7ee30938bcb5a9c3885/screenshot - {}
RESULT: {}
COMMAND: POST /session/343af6daf6fbc7ee30938bcb5a9c3885/execute/sync - {"script":"<script> [8489 bytes]","args":[{"element-6066-11e4-a52e-4f735466cecf":"f.8C4C75981FBDA5C274A9290576C3313B.d.FD8CCB434203A215ECABC5AC7F19203D.e.9275","ELEMENT":"f.8C4C75981FBDA5C274A9290576C3313B.d.FD8CCB434203A215ECABC5AC7F19203D.e.9275"}]}
COMMAND: GET /session/343af6daf6fbc7ee30938bcb5a9c3885/screenshot - {}
RESULT: {}
RESULT: {"script":"<script> [8489 bytes]","args":[{"element-6066-11e4-a52e-4f735466cecf":"f.8C4C75981FBDA5C274A9290576C3313B.d.FD8CCB434203A215ECABC5AC7F19203D.e.9275","ELEMENT":"f.8C4C75981FBDA5C274A9290576C3313B.d.FD8CCB434203A215ECABC5AC7F19203D.e.9275"}]}
COMMAND: POST /session/343af6daf6fbc7ee30938bcb5a9c3885/execute/sync - {"script":"<script> [5351 bytes]","args":[{"element-6066-11e4-a52e-4f735466cecf":"f.8C4C75981FBDA5C274A9290576C3313B.d.FD8CCB434203A215ECABC5AC7F19203D.e.9275","ELEMENT":"f.8C4C75981FBDA5C274A9290576C3313B.d.FD8CCB434203A215ECABC5AC7F19203D.e.9275"}]}
COMMAND: GET /session/343af6daf6fbc7ee30938bcb5a9c3885/screenshot - {}
RESULT: {}
RESULT: {"script":"<script> [5351 bytes]","args":[{"element-6066-11e4-a52e-4f735466cecf":"f.8C4C75981FBDA5C274A9290576C3313B.d.FD8CCB434203A215ECABC5AC7F19203D.e.9275","ELEMENT":"f.8C4C75981FBDA5C274A9290576C3313B.d.FD8CCB434203A215ECABC5AC7F19203D.e.9275"}]}
COMMAND: POST /session/343af6daf6fbc7ee30938bcb5a9c3885/element/f.8C4C75981FBDA5C274A9290576C3313B.d.FD8CCB434203A215ECABC5AC7F19203D.e.9275/click - {}
COMMAND: GET /session/343af6daf6fbc7ee30938bcb5a9c3885/screenshot - {}
RESULT: {}
RESULT: {}
COMMAND: GET /session/343af6daf6fbc7ee30938bcb5a9c3885/screenshot - {}
COMMAND: POST /session/343af6daf6fbc7ee30938bcb5a9c3885/execute/async - {"script":"<script> [1562 bytes]","args":[{"selector":{"id":"application-managesites-display-component---NewSite--addressDetailDetailsName1","interaction":{"idSuffix":"inner"}},"wdio_ui5_key":"applicationmanagesites-display-component---NewSite--addressDetailDetailsName1"}]}
RESULT: {}
RESULT: {}
RESULT: {"script":"<script> [1562 bytes]","args":[{"selector":{"id":"application-managesites-display-component---NewSite--addressDetailDetailsName1","interaction":{"idSuffix":"inner"}},"wdio_ui5_key":"applicationmanagesites-display-component---NewSite--addressDetailDetailsName1"}]}
RESULT: undefined
COMMAND: POST /session/343af6daf6fbc7ee30938bcb5a9c3885/execute/async - {"script":"<script> [776 bytes]","args":[{"enterText":"Intercompany Site wdIO","selector":{"id":"application-managesites-display-component---NewSite--addressDetailDetailsName1","interaction":{"idSuffix":"inner"}},"clearTextFirst":true,"interactionType":"ENTER_TEXT"}]}
RESULT: {"script":"<script> [776 bytes]","args":[{"enterText":"Intercompany Site wdIO","selector":{"id":"application-managesites-display-component---NewSite--addressDetailDetailsName1","interaction":{"idSuffix":"inner"}},"clearTextFirst":true,"interactionType":"ENTER_TEXT"}]}
COMMAND: POST /session/343af6daf6fbc7ee30938bcb5a9c3885/execute/async - {"script":"<script> [1562 bytes]","args":[{"selector":{"id":"application-managesites-display-component---NewSite--addressDetailDetailsLanguage-arrow"},"wdio_ui5_key":"applicationmanagesites-display-component---NewSite--addressDetailDetailsLanguage-arrow"}]}
RESULT: {"script":"<script> [1562 bytes]","args":[{"selector":{"id":"application-managesites-display-component---NewSite--addressDetailDetailsLanguage-arrow"},"wdio_ui5_key":"applicationmanagesites-display-component---NewSite--addressDetailDetailsLanguage-arrow"}]}
RESULT: undefined
COMMAND: POST /session/343af6daf6fbc7ee30938bcb5a9c3885/element - {"using":"xpath","value":"//*[@id=\"application-managesites-display-component---NewSite--addressDetailDetailsLanguage-arrow\"]"}
RESULT: {"using":"xpath","value":"//*[@id=\"application-managesites-display-component---NewSite--addressDetailDetailsLanguage-arrow\"]"}
COMMAND: POST /session/343af6daf6fbc7ee30938bcb5a9c3885/element/f.8C4C75981FBDA5C274A9290576C3313B.d.FD8CCB434203A215ECABC5AC7F19203D.e.9672/click - {}
RESULT: {}
COMMAND: POST /session/343af6daf6fbc7ee30938bcb5a9c3885/element - {"using":"xpath","value":"//span[contains(text(), \"English\")]"}
COMMAND: GET /session/343af6daf6fbc7ee30938bcb5a9c3885/screenshot - {}
RESULT: {"using":"xpath","value":"//span[contains(text(), \"English\")]"}
COMMAND: POST /session/343af6daf6fbc7ee30938bcb5a9c3885/element/f.8C4C75981FBDA5C274A9290576C3313B.d.FD8CCB434203A215ECABC5AC7F19203D.e.9673/click - {}
RESULT: {}
RESULT: {}
COMMAND: POST /session/343af6daf6fbc7ee30938bcb5a9c3885/execute/async - {"script":"<script> [1562 bytes]","args":[{"selector":{"id":"application-managesites-display-component---NewSite--addressDetailDetailsCity1","interaction":{"idSuffix":"inner"}},"wdio_ui5_key":"applicationmanagesites-display-component---NewSite--addressDetailDetailsCity1"}]}
COMMAND: GET /session/343af6daf6fbc7ee30938bcb5a9c3885/screenshot - {}
RESULT: {"script":"<script> [1562 bytes]","args":[{"selector":{"id":"application-managesites-display-component---NewSite--addressDetailDetailsCity1","interaction":{"idSuffix":"inner"}},"wdio_ui5_key":"applicationmanagesites-display-component---NewSite--addressDetailDetailsCity1"}]}
RESULT: undefined
COMMAND: POST /session/343af6daf6fbc7ee30938bcb5a9c3885/execute/async - {"script":"<script> [776 bytes]","args":[{"enterText":"Rosario","selector":{"id":"application-managesites-display-component---NewSite--addressDetailDetailsCity1","interaction":{"idSuffix":"inner"}},"clearTextFirst":true,"interactionType":"ENTER_TEXT"}]}
RESULT: {}
RESULT: {"script":"<script> [776 bytes]","args":[{"enterText":"Rosario","selector":{"id":"application-managesites-display-component---NewSite--addressDetailDetailsCity1","interaction":{"idSuffix":"inner"}},"clearTextFirst":true,"interactionType":"ENTER_TEXT"}]}
COMMAND: POST /session/343af6daf6fbc7ee30938bcb5a9c3885/execute/async - {"script":"<script> [1562 bytes]","args":[{"selector":{"id":"application-managesites-display-component---NewSite--addressDetailDetailsCountry-arrow"},"wdio_ui5_key":"applicationmanagesites-display-component---NewSite--addressDetailDetailsCountry-arrow"}]}
RESULT: {"script":"<script> [1562 bytes]","args":[{"selector":{"id":"application-managesites-display-component---NewSite--addressDetailDetailsCountry-arrow"},"wdio_ui5_key":"applicationmanagesites-display-component---NewSite--addressDetailDetailsCountry-arrow"}]}
RESULT: undefined
COMMAND: POST /session/343af6daf6fbc7ee30938bcb5a9c3885/element - {"using":"xpath","value":"//*[@id=\"application-managesites-display-component---NewSite--addressDetailDetailsCountry-arrow\"]"}
RESULT: {"using":"xpath","value":"//*[@id=\"application-managesites-display-component---NewSite--addressDetailDetailsCountry-arrow\"]"}
COMMAND: POST /session/343af6daf6fbc7ee30938bcb5a9c3885/element/f.8C4C75981FBDA5C274A9290576C3313B.d.FD8CCB434203A215ECABC5AC7F19203D.e.9675/click - {}
RESULT: {}
COMMAND: POST /session/343af6daf6fbc7ee30938bcb5a9c3885/element - {"using":"xpath","value":"//span[contains(text(), \"Argentina\")]"}
COMMAND: GET /session/343af6daf6fbc7ee30938bcb5a9c3885/screenshot - {}
RESULT: {"using":"xpath","value":"//span[contains(text(), \"Argentina\")]"}
COMMAND: POST /session/343af6daf6fbc7ee30938bcb5a9c3885/element/f.8C4C75981FBDA5C274A9290576C3313B.d.FD8CCB434203A215ECABC5AC7F19203D.e.9677/click - {}
RESULT: {}
RESULT: {}
COMMAND: GET /session/343af6daf6fbc7ee30938bcb5a9c3885/screenshot - {}
RESULT: {}
COMMAND: POST /session/343af6daf6fbc7ee30938bcb5a9c3885/execute/async - {"script":"<script> [1562 bytes]","args":[{"selector":{"id":"application-managesites-display-component---NewSite--addressEditDetailsCostObjectCstType-arrow"},"wdio_ui5_key":"applicationmanagesites-display-component---NewSite--addressEditDetailsCostObjectCstType-arrow"}]}
RESULT: {"script":"<script> [1562 bytes]","args":[{"selector":{"id":"application-managesites-display-component---NewSite--addressEditDetailsCostObjectCstType-arrow"},"wdio_ui5_key":"applicationmanagesites-display-component---NewSite--addressEditDetailsCostObjectCstType-arrow"}]}
RESULT: undefined
COMMAND: POST /session/343af6daf6fbc7ee30938bcb5a9c3885/element - {"using":"xpath","value":"//*[@id=\"application-managesites-display-component---NewSite--addressEditDetailsCostObjectCstType-arrow\"]"}
RESULT: {"using":"xpath","value":"//*[@id=\"application-managesites-display-component---NewSite--addressEditDetailsCostObjectCstType-arrow\"]"}
COMMAND: POST /session/343af6daf6fbc7ee30938bcb5a9c3885/element/f.8C4C75981FBDA5C274A9290576C3313B.d.FD8CCB434203A215ECABC5AC7F19203D.e.9678/click - {}
RESULT: {}
COMMAND: POST /session/343af6daf6fbc7ee30938bcb5a9c3885/element - {"using":"xpath","value":"//span[contains(text(), \"Cost Center\")]"}
COMMAND: GET /session/343af6daf6fbc7ee30938bcb5a9c3885/screenshot - {}
RESULT: {"using":"xpath","value":"//span[contains(text(), \"Cost Center\")]"}
COMMAND: POST /session/343af6daf6fbc7ee30938bcb5a9c3885/element/f.8C4C75981FBDA5C274A9290576C3313B.d.FD8CCB434203A215ECABC5AC7F19203D.e.9679/click - {}
RESULT: {}
RESULT: {}
COMMAND: GET /session/343af6daf6fbc7ee30938bcb5a9c3885/screenshot - {}
RESULT: {}
COMMAND: POST /session/343af6daf6fbc7ee30938bcb5a9c3885/element - {"using":"xpath","value":"//span[@id=\"application-managesites-display-component---NewSite--addressNewCostObjectCstID-vhi\"]"}
RESULT: {"using":"xpath","value":"//span[@id=\"application-managesites-display-component---NewSite--addressNewCostObjectCstID-vhi\"]"}
COMMAND: POST /session/343af6daf6fbc7ee30938bcb5a9c3885/execute/sync - {"script":"<script> [8489 bytes]","args":[{"element-6066-11e4-a52e-4f735466cecf":"f.8C4C75981FBDA5C274A9290576C3313B.d.FD8CCB434203A215ECABC5AC7F19203D.e.9684","ELEMENT":"f.8C4C75981FBDA5C274A9290576C3313B.d.FD8CCB434203A215ECABC5AC7F19203D.e.9684"}]}
RESULT: {"script":"<script> [8489 bytes]","args":[{"element-6066-11e4-a52e-4f735466cecf":"f.8C4C75981FBDA5C274A9290576C3313B.d.FD8CCB434203A215ECABC5AC7F19203D.e.9684","ELEMENT":"f.8C4C75981FBDA5C274A9290576C3313B.d.FD8CCB434203A215ECABC5AC7F19203D.e.9684"}]}
COMMAND: POST /session/343af6daf6fbc7ee30938bcb5a9c3885/execute/async - {"script":"<script> [1562 bytes]","args":[{"selector":{"id":"application-managesites-display-component---NewSite--addressNewCostObjectCstID-vhi"},"wdio_ui5_key":"applicationmanagesites-display-component---NewSite--addressNewCostObjectCstID-vhi"}]}
COMMAND: GET /session/343af6daf6fbc7ee30938bcb5a9c3885/screenshot - {}
RESULT: {"script":"<script> [1562 bytes]","args":[{"selector":{"id":"application-managesites-display-component---NewSite--addressNewCostObjectCstID-vhi"},"wdio_ui5_key":"applicationmanagesites-display-component---NewSite--addressNewCostObjectCstID-vhi"}]}
RESULT: undefined
COMMAND: POST /session/343af6daf6fbc7ee30938bcb5a9c3885/element - {"using":"xpath","value":"//*[@id=\"application-managesites-display-component---NewSite--addressNewCostObjectCstID-vhi\"]"}
RESULT: {}
RESULT: {"using":"xpath","value":"//*[@id=\"application-managesites-display-component---NewSite--addressNewCostObjectCstID-vhi\"]"}
COMMAND: POST /session/343af6daf6fbc7ee30938bcb5a9c3885/element/f.8C4C75981FBDA5C274A9290576C3313B.d.FD8CCB434203A215ECABC5AC7F19203D.e.9684/click - {}
RESULT: {}
COMMAND: GET /session/343af6daf6fbc7ee30938bcb5a9c3885/screenshot - {}
RESULT: {}
COMMAND: POST /session/343af6daf6fbc7ee30938bcb5a9c3885/execute/async - {"script":"<script> [1562 bytes]","args":[{"selector":{"controlType":"sap.m.SearchField","properties":{"placeholder":"Search"},"searchOpenDialogs":true,"interaction":{"idSuffix":"I"}},"wdio_ui5_key":"sapm.SearchField{\"placeholder\":\"Search\"}"}]}
RESULT: {"script":"<script> [1562 bytes]","args":[{"selector":{"controlType":"sap.m.SearchField","properties":{"placeholder":"Search"},"searchOpenDialogs":true,"interaction":{"idSuffix":"I"}},"wdio_ui5_key":"sapm.SearchField{\"placeholder\":\"Search\"}"}]}
RESULT: undefined
COMMAND: POST /session/343af6daf6fbc7ee30938bcb5a9c3885/execute/async - {"script":"<script> [776 bytes]","args":[{"enterText":"10001013","selector":{"controlType":"sap.m.SearchField","properties":{"placeholder":"Search"},"searchOpenDialogs":true,"interaction":{"idSuffix":"I"}},"clearTextFirst":true,"interactionType":"ENTER_TEXT"}]}
RESULT: {"script":"<script> [776 bytes]","args":[{"enterText":"10001013","selector":{"controlType":"sap.m.SearchField","properties":{"placeholder":"Search"},"searchOpenDialogs":true,"interaction":{"idSuffix":"I"}},"clearTextFirst":true,"interactionType":"ENTER_TEXT"}]}
COMMAND: POST /session/343af6daf6fbc7ee30938bcb5a9c3885/actions - {"actions":[{"id":"action29","type":"key","parameters":{},"actions":[{"type":"keyDown","value":"î€‡"},{"type":"pause","duration":10},{"type":"keyUp","value":"î€‡"}]}]}
RESULT: {"actions":[{"id":"action29","type":"key","parameters":{},"actions":[{"type":"keyDown","value":"î€‡"},{"type":"pause","duration":10},{"type":"keyUp","value":"î€‡"}]}]}
COMMAND: GET /session/343af6daf6fbc7ee30938bcb5a9c3885/screenshot - {}
RESULT: {}
COMMAND: POST /session/343af6daf6fbc7ee30938bcb5a9c3885/element - {"using":"xpath","value":"//span[contains(text(), \"General Management\")]"}
RESULT: {"using":"xpath","value":"//span[contains(text(), \"General Management\")]"}
COMMAND: POST /session/343af6daf6fbc7ee30938bcb5a9c3885/element/f.8C4C75981FBDA5C274A9290576C3313B.d.FD8CCB434203A215ECABC5AC7F19203D.e.9725/click - {}
RESULT: {}
COMMAND: GET /session/343af6daf6fbc7ee30938bcb5a9c3885/screenshot - {}
RESULT: {}
COMMAND: POST /session/343af6daf6fbc7ee30938bcb5a9c3885/element - {"using":"xpath","value":"//bdi[contains(text(), \"OK\")]"}
RESULT: {"using":"xpath","value":"//bdi[contains(text(), \"OK\")]"}
COMMAND: POST /session/343af6daf6fbc7ee30938bcb5a9c3885/element/f.8C4C75981FBDA5C274A9290576C3313B.d.FD8CCB434203A215ECABC5AC7F19203D.e.9726/click - {}
RESULT: {}
COMMAND: GET /session/343af6daf6fbc7ee30938bcb5a9c3885/screenshot - {}
RESULT: {}
COMMAND: POST /session/343af6daf6fbc7ee30938bcb5a9c3885/element - {"using":"xpath","value":"//input[@id=\"application-managesites-display-component---NewSite--addressDetailDetailsCalendar-inner\"]"}
RESULT: {"using":"xpath","value":"//input[@id=\"application-managesites-display-component---NewSite--addressDetailDetailsCalendar-inner\"]"}
COMMAND: POST /session/343af6daf6fbc7ee30938bcb5a9c3885/element/f.8C4C75981FBDA5C274A9290576C3313B.d.FD8CCB434203A215ECABC5AC7F19203D.e.9472/clear - {}
RESULT: {}
COMMAND: POST /session/343af6daf6fbc7ee30938bcb5a9c3885/element/f.8C4C75981FBDA5C274A9290576C3313B.d.FD8CCB434203A215ECABC5AC7F19203D.e.9472/value - {"text":"Unit"}
COMMAND: GET /session/343af6daf6fbc7ee30938bcb5a9c3885/screenshot - {}
RESULT: {"text":"Unit"}
COMMAND: GET /session/343af6daf6fbc7ee30938bcb5a9c3885/screenshot - {}
RESULT: {}
RESULT: {}
COMMAND: POST /session/343af6daf6fbc7ee30938bcb5a9c3885/actions - {"actions":[{"id":"action30","type":"key","parameters":{},"actions":[{"type":"keyDown","value":"î€‡"},{"type":"pause","duration":10},{"type":"keyUp","value":"î€‡"}]}]}
RESULT: {"actions":[{"id":"action30","type":"key","parameters":{},"actions":[{"type":"keyDown","value":"î€‡"},{"type":"pause","duration":10},{"type":"keyUp","value":"î€‡"}]}]}
COMMAND: POST /session/343af6daf6fbc7ee30938bcb5a9c3885/element - {"using":"xpath","value":"//input[@id=\"application-managesites-display-component---NewSite--addressDetailDetailsYard-inner\"]"}
COMMAND: GET /session/343af6daf6fbc7ee30938bcb5a9c3885/screenshot - {}
RESULT: {"using":"xpath","value":"//input[@id=\"application-managesites-display-component---NewSite--addressDetailDetailsYard-inner\"]"}
COMMAND: POST /session/343af6daf6fbc7ee30938bcb5a9c3885/element/f.8C4C75981FBDA5C274A9290576C3313B.d.FD8CCB434203A215ECABC5AC7F19203D.e.9473/clear - {}
RESULT: {}
RESULT: {}
COMMAND: POST /session/343af6daf6fbc7ee30938bcb5a9c3885/element/f.8C4C75981FBDA5C274A9290576C3313B.d.FD8CCB434203A215ECABC5AC7F19203D.e.9473/value - {"text":"598"}
COMMAND: GET /session/343af6daf6fbc7ee30938bcb5a9c3885/screenshot - {}
RESULT: {"text":"598"}
COMMAND: GET /session/343af6daf6fbc7ee30938bcb5a9c3885/screenshot - {}
RESULT: {}
RESULT: {}
COMMAND: POST /session/343af6daf6fbc7ee30938bcb5a9c3885/element - {"using":"xpath","value":"//li[.//span[text()='598']]"}
RESULT: {"using":"xpath","value":"//li[.//span[text()='598']]"}
COMMAND: POST /session/343af6daf6fbc7ee30938bcb5a9c3885/element/f.8C4C75981FBDA5C274A9290576C3313B.d.FD8CCB434203A215ECABC5AC7F19203D.e.9734/click - {}
RESULT: {}
COMMAND: GET /session/343af6daf6fbc7ee30938bcb5a9c3885/screenshot - {}
RESULT: {}
COMMAND: POST /session/343af6daf6fbc7ee30938bcb5a9c3885/element - {"using":"xpath","value":"//input[@id=\"application-managesites-display-component---NewSite--addressDetailDetailsPartner-inner\"]"}
RESULT: {"using":"xpath","value":"//input[@id=\"application-managesites-display-component---NewSite--addressDetailDetailsPartner-inner\"]"}
COMMAND: POST /session/343af6daf6fbc7ee30938bcb5a9c3885/element - {"using":"xpath","value":"//input[@id=\"application-managesites-display-component---NewSite--addressDetailDetailsPartner-inner\"]"}
RESULT: {"using":"xpath","value":"//input[@id=\"application-managesites-display-component---NewSite--addressDetailDetailsPartner-inner\"]"}
COMMAND: POST /session/343af6daf6fbc7ee30938bcb5a9c3885/element - {"using":"xpath","value":"//button[@data-kt=\"saveButton\"]"}
RESULT: {"using":"xpath","value":"//button[@data-kt=\"saveButton\"]"}
COMMAND: POST /session/343af6daf6fbc7ee30938bcb5a9c3885/element/f.8C4C75981FBDA5C274A9290576C3313B.d.FD8CCB434203A215ECABC5AC7F19203D.e.9655/click - {}
RESULT: {}
COMMAND: GET /session/343af6daf6fbc7ee30938bcb5a9c3885/screenshot - {}
RESULT: {}
COMMAND: POST /session/343af6daf6fbc7ee30938bcb5a9c3885/element - {"using":"xpath","value":"//header[contains(@id, 'ObjectPageLayout-headerTitle')]/div[1]/div[2]/div[2]/span[1]"}
RESULT: {"using":"xpath","value":"//header[contains(@id, 'ObjectPageLayout-headerTitle')]/div[1]/div[2]/div[2]/span[1]"}
COMMAND: POST /session/343af6daf6fbc7ee30938bcb5a9c3885/elements - {"using":"xpath","value":"//header[contains(@id, 'ObjectPageLayout-headerTitle')]/div[1]/div[2]/div[2]/span[1]"}
RESULT: {"using":"xpath","value":"//header[contains(@id, 'ObjectPageLayout-headerTitle')]/div[1]/div[2]/div[2]/span[1]"}
COMMAND: POST /session/343af6daf6fbc7ee30938bcb5a9c3885/execute/sync - {"script":"<script> [56 bytes]","args":[{"element-6066-11e4-a52e-4f735466cecf":"f.8C4C75981FBDA5C274A9290576C3313B.d.FD8CCB434203A215ECABC5AC7F19203D.e.9940","ELEMENT":"f.8C4C75981FBDA5C274A9290576C3313B.d.FD8CCB434203A215ECABC5AC7F19203D.e.9940"}]}
RESULT: {"script":"<script> [56 bytes]","args":[{"element-6066-11e4-a52e-4f735466cecf":"f.8C4C75981FBDA5C274A9290576C3313B.d.FD8CCB434203A215ECABC5AC7F19203D.e.9940","ELEMENT":"f.8C4C75981FBDA5C274A9290576C3313B.d.FD8CCB434203A215ECABC5AC7F19203D.e.9940"}]}
COMMAND: POST /session/343af6daf6fbc7ee30938bcb5a9c3885/element - {"using":"css selector","value":"#shell-header-logo"}
COMMAND: GET /session/343af6daf6fbc7ee30938bcb5a9c3885/screenshot - {}
RESULT: {"using":"css selector","value":"#shell-header-logo"}
COMMAND: POST /session/343af6daf6fbc7ee30938bcb5a9c3885/element/f.8C4C75981FBDA5C274A9290576C3313B.d.FD8CCB434203A215ECABC5AC7F19203D.e.9242/click - {}
RESULT: {}
RESULT: {}
COMMAND: GET /session/343af6daf6fbc7ee30938bcb5a9c3885/screenshot - {}
RESULT: {}
COMMAND: POST /session/343af6daf6fbc7ee30938bcb5a9c3885/execute/sync - {"script":"<script> [299 bytes]","args":[["getModel","getResource"]]}
RESULT: {"script":"<script> [299 bytes]","args":[["getModel","getResource"]]}
COMMAND: POST /session/343af6daf6fbc7ee30938bcb5a9c3885/element - {"using":"xpath","value":"//button[.//bdi[contains(text(), \"Close\")]]"}
COMMAND: GET /session/343af6daf6fbc7ee30938bcb5a9c3885/screenshot - {}
RESULT: {"using":"xpath","value":"//button[.//bdi[contains(text(), \"Close\")]]"}
COMMAND: POST /session/343af6daf6fbc7ee30938bcb5a9c3885/element/f.8C4C75981FBDA5C274A9290576C3313B.d.FD8CCB434203A215ECABC5AC7F19203D.e.9943/click - {}
RESULT: {}
RESULT: {}
COMMAND: GET /session/343af6daf6fbc7ee30938bcb5a9c3885/screenshot - {}
RESULT: {}
COMMAND: POST /session/343af6daf6fbc7ee30938bcb5a9c3885/refresh - {}
RESULT: {}
COMMAND: GET /session/343af6daf6fbc7ee30938bcb5a9c3885/screenshot - {}
RESULT: {}
COMMAND: POST /session/343af6daf6fbc7ee30938bcb5a9c3885/refresh - {}
RESULT: {}
COMMAND: GET /session/343af6daf6fbc7ee30938bcb5a9c3885/screenshot - {}
RESULT: {}
COMMAND: POST /session/343af6daf6fbc7ee30938bcb5a9c3885/window/fullscreen - {}
RESULT: {}
COMMAND: POST /session/343af6daf6fbc7ee30938bcb5a9c3885/execute/async - {"script":"<script> [189 bytes]","args":[]}
RESULT: {"script":"<script> [189 bytes]","args":[]}
COMMAND: POST /session/343af6daf6fbc7ee30938bcb5a9c3885/execute/async - {"script":"<script> [123 bytes]","args":[]}
RESULT: {"script":"<script> [123 bytes]","args":[]}
COMMAND: POST /session/343af6daf6fbc7ee30938bcb5a9c3885/timeouts - {"script":"<number>"}
RESULT: {"script":"<number>"}
COMMAND: GET /session/343af6daf6fbc7ee30938bcb5a9c3885/timeouts - {}
RESULT: {}
RESULT: undefined
COMMAND: POST /session/343af6daf6fbc7ee30938bcb5a9c3885/execute/async - {"script":"<script> [2676 bytes]","args":[]}
RESULT: {"script":"<script> [2676 bytes]","args":[]}
COMMAND: POST /session/343af6daf6fbc7ee30938bcb5a9c3885/execute/async - {"script":"<script> [2342 bytes]","args":[{"protocol":"http","hostname":"0.0.0.0","path":"/","capabilities":{"browserName":"chrome","goog:chromeOptions":{"binary":"C:\\Program Files\\Google\\Chrome\\Application\\chrome.exe","args":["--start-maximized"]}},"logLevel":"warn","connectionRetryTimeout":120000,"connectionRetryCount":3,"logLevels":{},"enableDirectConnect":true,"strictSSL":true,"_":"65 more keys: [\"cacheDir\",\"port\",\"requestedCapabilities\",\"automationProtocol\",\"baseUrl\",\"waitforInterval\",\"waitforTimeout\",\"onReload\",\"beforeCommand\",\"afterCommand\",\"rootDir\",\"specs\",\"suites\",\"exclude\",\"groupLogsByTestSpec\",\"excludeDriverLogs\",\"bail\",\"framework\",\"reporters\",\"services\",\"maxInstances\",\"maxInstancesPerCapability\",\"injectGlobals\",\"filesToWatch\",\"execArgv\",\"runnerEnv\",\"runner\",\"shard\",\"specFileRetries\",\"specFileRetriesDelay\",\"specFileRetriesDeferred\",\"reporterSyncInterval\",\"reporterSyncTimeout\",\"cucumberFeaturesWithLineNumbers\",\"autoCompileOpts\",\"mochaOpts\",\"jasmineOpts\",\"cucumberOpts\",\"onPrepare\",\"onWorkerStart\",\"onWorkerEnd\",\"before\",\"beforeSession\",\"beforeSuite\",\"beforeHook\",\"beforeTest\",\"afterTest\",\"afterHook\",\"afterSuite\",\"afterSession\",\"after\",\"onComplete\",\"beforeAssertion\",\"afterAssertion\",\"beforeFeature\",\"beforeScenario\",\"beforeStep\",\"afterStep\",\"afterScenario\",\"afterFeature\",\"_\",\"suite\",\"$0\",\"ignoredWorkerServices\",\"wdi5\"]"}]}
RESULT: {"script":"<script> [2342 bytes]","args":[{"protocol":"http","hostname":"0.0.0.0","path":"/","capabilities":{"browserName":"chrome","goog:chromeOptions":{"binary":"C:\\Program Files\\Google\\Chrome\\Application\\chrome.exe","args":["--start-maximized"]}},"logLevel":"warn","connectionRetryTimeout":120000,"connectionRetryCount":3,"logLevels":{},"enableDirectConnect":true,"strictSSL":true,"_":"65 more keys: [\"cacheDir\",\"port\",\"requestedCapabilities\",\"automationProtocol\",\"baseUrl\",\"waitforInterval\",\"waitforTimeout\",\"onReload\",\"beforeCommand\",\"afterCommand\",\"rootDir\",\"specs\",\"suites\",\"exclude\",\"groupLogsByTestSpec\",\"excludeDriverLogs\",\"bail\",\"framework\",\"reporters\",\"services\",\"maxInstances\",\"maxInstancesPerCapability\",\"injectGlobals\",\"filesToWatch\",\"execArgv\",\"runnerEnv\",\"runner\",\"shard\",\"specFileRetries\",\"specFileRetriesDelay\",\"specFileRetriesDeferred\",\"reporterSyncInterval\",\"reporterSyncTimeout\",\"cucumberFeaturesWithLineNumbers\",\"autoCompileOpts\",\"mochaOpts\",\"jasmineOpts\",\"cucumberOpts\",\"onPrepare\",\"onWorkerStart\",\"onWorkerEnd\",\"before\",\"beforeSession\",\"beforeSuite\",\"beforeHook\",\"beforeTest\",\"afterTest\",\"afterHook\",\"afterSuite\",\"afterSession\",\"after\",\"onComplete\",\"beforeAssertion\",\"afterAssertion\",\"beforeFeature\",\"beforeScenario\",\"beforeStep\",\"afterStep\",\"afterScenario\",\"afterFeature\",\"_\",\"suite\",\"$0\",\"ignoredWorkerServices\",\"wdi5\"]"}]}
COMMAND: POST /session/343af6daf6fbc7ee30938bcb5a9c3885/execute/async - {"script":"<script> [21126 bytes]","args":[35000]}
RESULT: {"script":"<script> [21126 bytes]","args":[35000]}
COMMAND: POST /session/343af6daf6fbc7ee30938bcb5a9c3885/window/fullscreen - {}
RESULT: {}
]]></system-out>
    </testcase>
    <testcase classname="chrome.135_0_7049_96.windows.Performance_based_billing_(work_days)_US139742" name="Should do prerequisite steps add equipment" time="125.305">
      <system-out><![CDATA[
COMMAND: POST /session/343af6daf6fbc7ee30938bcb5a9c3885/execute/async - {"script":"<script> [1562 bytes]","args":[{"selector":{"controlType":"sap.m.GenericTile","properties":{"header":"Manage Resources"}},"wdio_ui5_key":"sapm.GenericTile{\"header\":\"Manage Resources\"}"}]}
RESULT: {"script":"<script> [1562 bytes]","args":[{"selector":{"controlType":"sap.m.GenericTile","properties":{"header":"Manage Resources"}},"wdio_ui5_key":"sapm.GenericTile{\"header\":\"Manage Resources\"}"}]}
RESULT: undefined
COMMAND: POST /session/343af6daf6fbc7ee30938bcb5a9c3885/element - {"using":"xpath","value":"//*[@id=\"__tile31\"]"}
RESULT: {"using":"xpath","value":"//*[@id=\"__tile31\"]"}
COMMAND: POST /session/343af6daf6fbc7ee30938bcb5a9c3885/element/f.8C4C75981FBDA5C274A9290576C3313B.d.C53A21C8A00327C6B09910172FC05913.e.10015/click - {}
RESULT: {}
COMMAND: POST /session/343af6daf6fbc7ee30938bcb5a9c3885/element - {"using":"xpath","value":"//button[@data-kt=\"addNewRUOverflowToolbarButton\"]"}
COMMAND: GET /session/343af6daf6fbc7ee30938bcb5a9c3885/screenshot - {}
RESULT: {"using":"xpath","value":"//button[@data-kt=\"addNewRUOverflowToolbarButton\"]"}
COMMAND: POST /session/343af6daf6fbc7ee30938bcb5a9c3885/elements - {"using":"xpath","value":"//button[@data-kt=\"addNewRUOverflowToolbarButton\"]"}
RESULT: {}
RESULT: {"using":"xpath","value":"//button[@data-kt=\"addNewRUOverflowToolbarButton\"]"}
COMMAND: POST /session/343af6daf6fbc7ee30938bcb5a9c3885/elements - {"using":"xpath","value":"//button[@data-kt=\"addNewRUOverflowToolbarButton\"]"}
RESULT: {"using":"xpath","value":"//button[@data-kt=\"addNewRUOverflowToolbarButton\"]"}
COMMAND: POST /session/343af6daf6fbc7ee30938bcb5a9c3885/elements - {"using":"xpath","value":"//button[@data-kt=\"addNewRUOverflowToolbarButton\"]"}
RESULT: {"using":"xpath","value":"//button[@data-kt=\"addNewRUOverflowToolbarButton\"]"}
COMMAND: POST /session/343af6daf6fbc7ee30938bcb5a9c3885/elements - {"using":"xpath","value":"//button[@data-kt=\"addNewRUOverflowToolbarButton\"]"}
RESULT: {"using":"xpath","value":"//button[@data-kt=\"addNewRUOverflowToolbarButton\"]"}
COMMAND: POST /session/343af6daf6fbc7ee30938bcb5a9c3885/elements - {"using":"xpath","value":"//button[@data-kt=\"addNewRUOverflowToolbarButton\"]"}
RESULT: {"using":"xpath","value":"//button[@data-kt=\"addNewRUOverflowToolbarButton\"]"}
COMMAND: POST /session/343af6daf6fbc7ee30938bcb5a9c3885/elements - {"using":"xpath","value":"//button[@data-kt=\"addNewRUOverflowToolbarButton\"]"}
RESULT: {"using":"xpath","value":"//button[@data-kt=\"addNewRUOverflowToolbarButton\"]"}
COMMAND: POST /session/343af6daf6fbc7ee30938bcb5a9c3885/elements - {"using":"xpath","value":"//button[@data-kt=\"addNewRUOverflowToolbarButton\"]"}
RESULT: {"using":"xpath","value":"//button[@data-kt=\"addNewRUOverflowToolbarButton\"]"}
COMMAND: POST /session/343af6daf6fbc7ee30938bcb5a9c3885/elements - {"using":"xpath","value":"//button[@data-kt=\"addNewRUOverflowToolbarButton\"]"}
RESULT: {"using":"xpath","value":"//button[@data-kt=\"addNewRUOverflowToolbarButton\"]"}
COMMAND: POST /session/343af6daf6fbc7ee30938bcb5a9c3885/elements - {"using":"xpath","value":"//button[@data-kt=\"addNewRUOverflowToolbarButton\"]"}
RESULT: {"using":"xpath","value":"//button[@data-kt=\"addNewRUOverflowToolbarButton\"]"}
COMMAND: POST /session/343af6daf6fbc7ee30938bcb5a9c3885/elements - {"using":"xpath","value":"//button[@data-kt=\"addNewRUOverflowToolbarButton\"]"}
RESULT: {"using":"xpath","value":"//button[@data-kt=\"addNewRUOverflowToolbarButton\"]"}
COMMAND: POST /session/343af6daf6fbc7ee30938bcb5a9c3885/elements - {"using":"xpath","value":"//button[@data-kt=\"addNewRUOverflowToolbarButton\"]"}
RESULT: {"using":"xpath","value":"//button[@data-kt=\"addNewRUOverflowToolbarButton\"]"}
COMMAND: POST /session/343af6daf6fbc7ee30938bcb5a9c3885/elements - {"using":"xpath","value":"//button[@data-kt=\"addNewRUOverflowToolbarButton\"]"}
RESULT: {"using":"xpath","value":"//button[@data-kt=\"addNewRUOverflowToolbarButton\"]"}
COMMAND: POST /session/343af6daf6fbc7ee30938bcb5a9c3885/elements - {"using":"xpath","value":"//button[@data-kt=\"addNewRUOverflowToolbarButton\"]"}
RESULT: {"using":"xpath","value":"//button[@data-kt=\"addNewRUOverflowToolbarButton\"]"}
COMMAND: POST /session/343af6daf6fbc7ee30938bcb5a9c3885/elements - {"using":"xpath","value":"//button[@data-kt=\"addNewRUOverflowToolbarButton\"]"}
RESULT: {"using":"xpath","value":"//button[@data-kt=\"addNewRUOverflowToolbarButton\"]"}
COMMAND: POST /session/343af6daf6fbc7ee30938bcb5a9c3885/elements - {"using":"xpath","value":"//button[@data-kt=\"addNewRUOverflowToolbarButton\"]"}
RESULT: {"using":"xpath","value":"//button[@data-kt=\"addNewRUOverflowToolbarButton\"]"}
COMMAND: POST /session/343af6daf6fbc7ee30938bcb5a9c3885/elements - {"using":"xpath","value":"//button[@data-kt=\"addNewRUOverflowToolbarButton\"]"}
RESULT: {"using":"xpath","value":"//button[@data-kt=\"addNewRUOverflowToolbarButton\"]"}
COMMAND: POST /session/343af6daf6fbc7ee30938bcb5a9c3885/elements - {"using":"xpath","value":"//button[@data-kt=\"addNewRUOverflowToolbarButton\"]"}
RESULT: {"using":"xpath","value":"//button[@data-kt=\"addNewRUOverflowToolbarButton\"]"}
COMMAND: POST /session/343af6daf6fbc7ee30938bcb5a9c3885/element - {"using":"xpath","value":"//button[@data-kt=\"addNewRUOverflowToolbarButton\"]"}
RESULT: {"using":"xpath","value":"//button[@data-kt=\"addNewRUOverflowToolbarButton\"]"}
COMMAND: POST /session/343af6daf6fbc7ee30938bcb5a9c3885/execute/sync - {"script":"<script> [8489 bytes]","args":[{"element-6066-11e4-a52e-4f735466cecf":"f.8C4C75981FBDA5C274A9290576C3313B.d.C53A21C8A00327C6B09910172FC05913.e.10135","ELEMENT":"f.8C4C75981FBDA5C274A9290576C3313B.d.C53A21C8A00327C6B09910172FC05913.e.10135"}]}
RESULT: {"script":"<script> [8489 bytes]","args":[{"element-6066-11e4-a52e-4f735466cecf":"f.8C4C75981FBDA5C274A9290576C3313B.d.C53A21C8A00327C6B09910172FC05913.e.10135","ELEMENT":"f.8C4C75981FBDA5C274A9290576C3313B.d.C53A21C8A00327C6B09910172FC05913.e.10135"}]}
COMMAND: GET /session/343af6daf6fbc7ee30938bcb5a9c3885/element/f.8C4C75981FBDA5C274A9290576C3313B.d.C53A21C8A00327C6B09910172FC05913.e.10135/enabled - {}
COMMAND: GET /session/343af6daf6fbc7ee30938bcb5a9c3885/screenshot - {}
RESULT: {}
COMMAND: POST /session/343af6daf6fbc7ee30938bcb5a9c3885/execute/sync - {"script":"<script> [8489 bytes]","args":[{"element-6066-11e4-a52e-4f735466cecf":"f.8C4C75981FBDA5C274A9290576C3313B.d.C53A21C8A00327C6B09910172FC05913.e.10135","ELEMENT":"f.8C4C75981FBDA5C274A9290576C3313B.d.C53A21C8A00327C6B09910172FC05913.e.10135"}]}
COMMAND: GET /session/343af6daf6fbc7ee30938bcb5a9c3885/screenshot - {}
RESULT: {}
RESULT: {"script":"<script> [8489 bytes]","args":[{"element-6066-11e4-a52e-4f735466cecf":"f.8C4C75981FBDA5C274A9290576C3313B.d.C53A21C8A00327C6B09910172FC05913.e.10135","ELEMENT":"f.8C4C75981FBDA5C274A9290576C3313B.d.C53A21C8A00327C6B09910172FC05913.e.10135"}]}
COMMAND: POST /session/343af6daf6fbc7ee30938bcb5a9c3885/execute/sync - {"script":"<script> [5351 bytes]","args":[{"element-6066-11e4-a52e-4f735466cecf":"f.8C4C75981FBDA5C274A9290576C3313B.d.C53A21C8A00327C6B09910172FC05913.e.10135","ELEMENT":"f.8C4C75981FBDA5C274A9290576C3313B.d.C53A21C8A00327C6B09910172FC05913.e.10135"}]}
COMMAND: GET /session/343af6daf6fbc7ee30938bcb5a9c3885/screenshot - {}
RESULT: {}
RESULT: {"script":"<script> [5351 bytes]","args":[{"element-6066-11e4-a52e-4f735466cecf":"f.8C4C75981FBDA5C274A9290576C3313B.d.C53A21C8A00327C6B09910172FC05913.e.10135","ELEMENT":"f.8C4C75981FBDA5C274A9290576C3313B.d.C53A21C8A00327C6B09910172FC05913.e.10135"}]}
COMMAND: POST /session/343af6daf6fbc7ee30938bcb5a9c3885/element/f.8C4C75981FBDA5C274A9290576C3313B.d.C53A21C8A00327C6B09910172FC05913.e.10135/click - {}
COMMAND: GET /session/343af6daf6fbc7ee30938bcb5a9c3885/screenshot - {}
RESULT: {}
RESULT: {}
COMMAND: GET /session/343af6daf6fbc7ee30938bcb5a9c3885/screenshot - {}
COMMAND: POST /session/343af6daf6fbc7ee30938bcb5a9c3885/execute/async - {"script":"<script> [1562 bytes]","args":[{"selector":{"id":"application-manageresources-display-component---newResourceUnit--TYPE-arrow"},"wdio_ui5_key":"applicationmanageresources-display-component---newResourceUnit--TYPE-arrow"}]}
RESULT: {}
RESULT: {}
RESULT: {"script":"<script> [1562 bytes]","args":[{"selector":{"id":"application-manageresources-display-component---newResourceUnit--TYPE-arrow"},"wdio_ui5_key":"applicationmanageresources-display-component---newResourceUnit--TYPE-arrow"}]}
RESULT: undefined
COMMAND: POST /session/343af6daf6fbc7ee30938bcb5a9c3885/element - {"using":"xpath","value":"//*[@id=\"application-manageresources-display-component---newResourceUnit--TYPE-arrow\"]"}
RESULT: {"using":"xpath","value":"//*[@id=\"application-manageresources-display-component---newResourceUnit--TYPE-arrow\"]"}
COMMAND: POST /session/343af6daf6fbc7ee30938bcb5a9c3885/element/f.8C4C75981FBDA5C274A9290576C3313B.d.C53A21C8A00327C6B09910172FC05913.e.10499/click - {}
RESULT: {}
COMMAND: POST /session/343af6daf6fbc7ee30938bcb5a9c3885/element - {"using":"xpath","value":"//input[@id=\"application-manageresources-display-component---newResourceUnit--TYPE-inner\"]"}
COMMAND: GET /session/343af6daf6fbc7ee30938bcb5a9c3885/screenshot - {}
RESULT: {"using":"xpath","value":"//input[@id=\"application-manageresources-display-component---newResourceUnit--TYPE-inner\"]"}
COMMAND: POST /session/343af6daf6fbc7ee30938bcb5a9c3885/element/f.8C4C75981FBDA5C274A9290576C3313B.d.C53A21C8A00327C6B09910172FC05913.e.10473/clear - {}
RESULT: {}
RESULT: {}
COMMAND: POST /session/343af6daf6fbc7ee30938bcb5a9c3885/element/f.8C4C75981FBDA5C274A9290576C3313B.d.C53A21C8A00327C6B09910172FC05913.e.10473/value - {"text":"Equipment"}
COMMAND: GET /session/343af6daf6fbc7ee30938bcb5a9c3885/screenshot - {}
RESULT: {"text":"Equipment"}
COMMAND: GET /session/343af6daf6fbc7ee30938bcb5a9c3885/screenshot - {}
RESULT: {}
RESULT: {}
COMMAND: POST /session/343af6daf6fbc7ee30938bcb5a9c3885/actions - {"actions":[{"id":"action31","type":"key","parameters":{},"actions":[{"type":"keyDown","value":"î€‡"},{"type":"pause","duration":10},{"type":"keyUp","value":"î€‡"}]}]}
RESULT: {"actions":[{"id":"action31","type":"key","parameters":{},"actions":[{"type":"keyDown","value":"î€‡"},{"type":"pause","duration":10},{"type":"keyUp","value":"î€‡"}]}]}
COMMAND: POST /session/343af6daf6fbc7ee30938bcb5a9c3885/execute/async - {"script":"<script> [1562 bytes]","args":[{"selector":{"id":"application-manageresources-display-component---newResourceUnit--resourceId","interaction":{"idSuffix":"inner"}},"wdio_ui5_key":"applicationmanageresources-display-component---newResourceUnit--resourceId"}]}
COMMAND: GET /session/343af6daf6fbc7ee30938bcb5a9c3885/screenshot - {}
RESULT: {"script":"<script> [1562 bytes]","args":[{"selector":{"id":"application-manageresources-display-component---newResourceUnit--resourceId","interaction":{"idSuffix":"inner"}},"wdio_ui5_key":"applicationmanageresources-display-component---newResourceUnit--resourceId"}]}
RESULT: undefined
COMMAND: POST /session/343af6daf6fbc7ee30938bcb5a9c3885/execute/async - {"script":"<script> [776 bytes]","args":[{"enterText":"slVyhbBJTV","selector":{"id":"application-manageresources-display-component---newResourceUnit--resourceId","interaction":{"idSuffix":"inner"}},"clearTextFirst":true,"interactionType":"ENTER_TEXT"}]}
RESULT: {}
RESULT: {"script":"<script> [776 bytes]","args":[{"enterText":"slVyhbBJTV","selector":{"id":"application-manageresources-display-component---newResourceUnit--resourceId","interaction":{"idSuffix":"inner"}},"clearTextFirst":true,"interactionType":"ENTER_TEXT"}]}
COMMAND: POST /session/343af6daf6fbc7ee30938bcb5a9c3885/execute/async - {"script":"<script> [1562 bytes]","args":[{"selector":{"id":"application-manageresources-display-component---newResourceUnit--SHORT_TEXT","interaction":{"idSuffix":"inner"}},"wdio_ui5_key":"applicationmanageresources-display-component---newResourceUnit--SHORT_TEXT"}]}
RESULT: {"script":"<script> [1562 bytes]","args":[{"selector":{"id":"application-manageresources-display-component---newResourceUnit--SHORT_TEXT","interaction":{"idSuffix":"inner"}},"wdio_ui5_key":"applicationmanageresources-display-component---newResourceUnit--SHORT_TEXT"}]}
RESULT: undefined
COMMAND: POST /session/343af6daf6fbc7ee30938bcb5a9c3885/execute/async - {"script":"<script> [776 bytes]","args":[{"enterText":"Intercompany Equipment WDIO","selector":{"id":"application-manageresources-display-component---newResourceUnit--SHORT_TEXT","interaction":{"idSuffix":"inner"}},"clearTextFirst":true,"interactionType":"ENTER_TEXT"}]}
RESULT: {"script":"<script> [776 bytes]","args":[{"enterText":"Intercompany Equipment WDIO","selector":{"id":"application-manageresources-display-component---newResourceUnit--SHORT_TEXT","interaction":{"idSuffix":"inner"}},"clearTextFirst":true,"interactionType":"ENTER_TEXT"}]}
COMMAND: POST /session/343af6daf6fbc7ee30938bcb5a9c3885/execute/async - {"script":"<script> [1562 bytes]","args":[{"selector":{"id":"application-manageresources-display-component---newResourceUnit--BASE_UNIT_OF_MEASURE","interaction":{"idSuffix":"inner"}},"wdio_ui5_key":"applicationmanageresources-display-component---newResourceUnit--BASE_UNIT_OF_MEASURE"}]}
RESULT: {"script":"<script> [1562 bytes]","args":[{"selector":{"id":"application-manageresources-display-component---newResourceUnit--BASE_UNIT_OF_MEASURE","interaction":{"idSuffix":"inner"}},"wdio_ui5_key":"applicationmanageresources-display-component---newResourceUnit--BASE_UNIT_OF_MEASURE"}]}
RESULT: undefined
COMMAND: POST /session/343af6daf6fbc7ee30938bcb5a9c3885/execute/async - {"script":"<script> [776 bytes]","args":[{"enterText":"Piece","selector":{"id":"application-manageresources-display-component---newResourceUnit--BASE_UNIT_OF_MEASURE","interaction":{"idSuffix":"inner"}},"clearTextFirst":true,"interactionType":"ENTER_TEXT"}]}
RESULT: {"script":"<script> [776 bytes]","args":[{"enterText":"Piece","selector":{"id":"application-manageresources-display-component---newResourceUnit--BASE_UNIT_OF_MEASURE","interaction":{"idSuffix":"inner"}},"clearTextFirst":true,"interactionType":"ENTER_TEXT"}]}
COMMAND: POST /session/343af6daf6fbc7ee30938bcb5a9c3885/execute/async - {"script":"<script> [1562 bytes]","args":[{"selector":{"id":"application-manageresources-display-component---newResourceUnit--WEIGHT_UNIT","interaction":{"idSuffix":"inner"}},"wdio_ui5_key":"applicationmanageresources-display-component---newResourceUnit--WEIGHT_UNIT"}]}
RESULT: {"script":"<script> [1562 bytes]","args":[{"selector":{"id":"application-manageresources-display-component---newResourceUnit--WEIGHT_UNIT","interaction":{"idSuffix":"inner"}},"wdio_ui5_key":"applicationmanageresources-display-component---newResourceUnit--WEIGHT_UNIT"}]}
RESULT: undefined
COMMAND: POST /session/343af6daf6fbc7ee30938bcb5a9c3885/execute/async - {"script":"<script> [776 bytes]","args":[{"enterText":"Gram","selector":{"id":"application-manageresources-display-component---newResourceUnit--WEIGHT_UNIT","interaction":{"idSuffix":"inner"}},"clearTextFirst":true,"interactionType":"ENTER_TEXT"}]}
RESULT: {"script":"<script> [776 bytes]","args":[{"enterText":"Gram","selector":{"id":"application-manageresources-display-component---newResourceUnit--WEIGHT_UNIT","interaction":{"idSuffix":"inner"}},"clearTextFirst":true,"interactionType":"ENTER_TEXT"}]}
COMMAND: POST /session/343af6daf6fbc7ee30938bcb5a9c3885/execute/async - {"script":"<script> [1562 bytes]","args":[{"selector":{"id":"application-manageresources-display-component---newResourceUnit--DIMENSION_UNIT","interaction":{"idSuffix":"inner"}},"wdio_ui5_key":"applicationmanageresources-display-component---newResourceUnit--DIMENSION_UNIT"}]}
RESULT: {"script":"<script> [1562 bytes]","args":[{"selector":{"id":"application-manageresources-display-component---newResourceUnit--DIMENSION_UNIT","interaction":{"idSuffix":"inner"}},"wdio_ui5_key":"applicationmanageresources-display-component---newResourceUnit--DIMENSION_UNIT"}]}
RESULT: undefined
COMMAND: POST /session/343af6daf6fbc7ee30938bcb5a9c3885/execute/async - {"script":"<script> [776 bytes]","args":[{"enterText":"Meter","selector":{"id":"application-manageresources-display-component---newResourceUnit--DIMENSION_UNIT","interaction":{"idSuffix":"inner"}},"clearTextFirst":true,"interactionType":"ENTER_TEXT"}]}
RESULT: {"script":"<script> [776 bytes]","args":[{"enterText":"Meter","selector":{"id":"application-manageresources-display-component---newResourceUnit--DIMENSION_UNIT","interaction":{"idSuffix":"inner"}},"clearTextFirst":true,"interactionType":"ENTER_TEXT"}]}
COMMAND: POST /session/343af6daf6fbc7ee30938bcb5a9c3885/execute/async - {"script":"<script> [1562 bytes]","args":[{"selector":{"id":"application-manageresources-display-component---newResourceUnit--newRRUPage-anchBar-application-manageresources-display-component---newResourceUnit--control-anchor","interaction":{"idSuffix":"BDI-content"}},"wdio_ui5_key":"applicationmanageresources-display-component---newResourceUnit--newRRUPage-anchBar-application-manageresources-display-component---newResourceUnit--control-anchor"}]}
RESULT: {"script":"<script> [1562 bytes]","args":[{"selector":{"id":"application-manageresources-display-component---newResourceUnit--newRRUPage-anchBar-application-manageresources-display-component---newResourceUnit--control-anchor","interaction":{"idSuffix":"BDI-content"}},"wdio_ui5_key":"applicationmanageresources-display-component---newResourceUnit--newRRUPage-anchBar-application-manageresources-display-component---newResourceUnit--control-anchor"}]}
RESULT: undefined
COMMAND: POST /session/343af6daf6fbc7ee30938bcb5a9c3885/element - {"using":"xpath","value":"//*[@id=\"application-manageresources-display-component---newResourceUnit--newRRUPage-anchBar-application-manageresources-display-component---newResourceUnit--control-anchor\"]"}
RESULT: {"using":"xpath","value":"//*[@id=\"application-manageresources-display-component---newResourceUnit--newRRUPage-anchBar-application-manageresources-display-component---newResourceUnit--control-anchor\"]"}
COMMAND: POST /session/343af6daf6fbc7ee30938bcb5a9c3885/element/f.8C4C75981FBDA5C274A9290576C3313B.d.C53A21C8A00327C6B09910172FC05913.e.10633/click - {}
RESULT: {}
COMMAND: POST /session/343af6daf6fbc7ee30938bcb5a9c3885/execute/async - {"script":"<script> [1562 bytes]","args":[{"selector":{"id":"application-manageresources-display-component---newResourceUnit--PLANNING_GROUP","interaction":{"idSuffix":"inner"}},"wdio_ui5_key":"applicationmanageresources-display-component---newResourceUnit--PLANNING_GROUP"}]}
COMMAND: GET /session/343af6daf6fbc7ee30938bcb5a9c3885/screenshot - {}
RESULT: {"script":"<script> [1562 bytes]","args":[{"selector":{"id":"application-manageresources-display-component---newResourceUnit--PLANNING_GROUP","interaction":{"idSuffix":"inner"}},"wdio_ui5_key":"applicationmanageresources-display-component---newResourceUnit--PLANNING_GROUP"}]}
RESULT: undefined
COMMAND: POST /session/343af6daf6fbc7ee30938bcb5a9c3885/execute/async - {"script":"<script> [776 bytes]","args":[{"enterText":"Heavy Equi","selector":{"id":"application-manageresources-display-component---newResourceUnit--PLANNING_GROUP","interaction":{"idSuffix":"inner"}},"clearTextFirst":true,"interactionType":"ENTER_TEXT"}]}
RESULT: {}
RESULT: {"script":"<script> [776 bytes]","args":[{"enterText":"Heavy Equi","selector":{"id":"application-manageresources-display-component---newResourceUnit--PLANNING_GROUP","interaction":{"idSuffix":"inner"}},"clearTextFirst":true,"interactionType":"ENTER_TEXT"}]}
COMMAND: POST /session/343af6daf6fbc7ee30938bcb5a9c3885/execute/async - {"script":"<script> [1562 bytes]","args":[{"selector":{"id":"application-manageresources-display-component---newResourceUnit--ITEM_TYPE-arrow"},"wdio_ui5_key":"applicationmanageresources-display-component---newResourceUnit--ITEM_TYPE-arrow"}]}
RESULT: {"script":"<script> [1562 bytes]","args":[{"selector":{"id":"application-manageresources-display-component---newResourceUnit--ITEM_TYPE-arrow"},"wdio_ui5_key":"applicationmanageresources-display-component---newResourceUnit--ITEM_TYPE-arrow"}]}
RESULT: undefined
COMMAND: POST /session/343af6daf6fbc7ee30938bcb5a9c3885/element - {"using":"xpath","value":"//*[@id=\"application-manageresources-display-component---newResourceUnit--ITEM_TYPE-arrow\"]"}
RESULT: {"using":"xpath","value":"//*[@id=\"application-manageresources-display-component---newResourceUnit--ITEM_TYPE-arrow\"]"}
COMMAND: POST /session/343af6daf6fbc7ee30938bcb5a9c3885/element/f.8C4C75981FBDA5C274A9290576C3313B.d.C53A21C8A00327C6B09910172FC05913.e.10642/click - {}
RESULT: {}
COMMAND: POST /session/343af6daf6fbc7ee30938bcb5a9c3885/element - {"using":"xpath","value":"(//span[contains(text(), \"Resource Unit\")])[2]"}
COMMAND: GET /session/343af6daf6fbc7ee30938bcb5a9c3885/screenshot - {}
RESULT: {"using":"xpath","value":"(//span[contains(text(), \"Resource Unit\")])[2]"}
COMMAND: POST /session/343af6daf6fbc7ee30938bcb5a9c3885/element/f.8C4C75981FBDA5C274A9290576C3313B.d.C53A21C8A00327C6B09910172FC05913.e.10643/click - {}
RESULT: {}
RESULT: {}
COMMAND: GET /session/343af6daf6fbc7ee30938bcb5a9c3885/screenshot - {}
RESULT: {}
COMMAND: POST /session/343af6daf6fbc7ee30938bcb5a9c3885/element - {"using":"css selector","value":"#application-manageresources-display-component---newResourceUnit--btnAddTimeSegment"}
RESULT: {"using":"css selector","value":"#application-manageresources-display-component---newResourceUnit--btnAddTimeSegment"}
COMMAND: GET /session/343af6daf6fbc7ee30938bcb5a9c3885/element/f.8C4C75981FBDA5C274A9290576C3313B.d.C53A21C8A00327C6B09910172FC05913.e.10644/rect - {}
RESULT: {}
COMMAND: GET /session/343af6daf6fbc7ee30938bcb5a9c3885/window/rect - {}
RESULT: {}
COMMAND: POST /session/343af6daf6fbc7ee30938bcb5a9c3885/execute/sync - {"script":"<script> [92 bytes]","args":[]}
RESULT: {"script":"<script> [92 bytes]","args":[]}
COMMAND: POST /session/343af6daf6fbc7ee30938bcb5a9c3885/actions - {"actions":[{"id":"action32","type":"wheel","parameters":{},"actions":[{"type":"scroll","x":-1888,"y":-32,"deltaX":0,"deltaY":0,"duration":0,"origin":{"element-6066-11e4-a52e-4f735466cecf":"f.8C4C75981FBDA5C274A9290576C3313B.d.C53A21C8A00327C6B09910172FC05913.e.10644"}}]}]}
COMMAND: GET /session/343af6daf6fbc7ee30938bcb5a9c3885/screenshot - {}
RESULT: {}
COMMAND: POST /session/343af6daf6fbc7ee30938bcb5a9c3885/execute/sync - {"script":"<script> [79 bytes]","args":[{"element-6066-11e4-a52e-4f735466cecf":"f.8C4C75981FBDA5C274A9290576C3313B.d.C53A21C8A00327C6B09910172FC05913.e.10644","ELEMENT":"f.8C4C75981FBDA5C274A9290576C3313B.d.C53A21C8A00327C6B09910172FC05913.e.10644"},{"block":"start","inline":"nearest"}]}
RESULT: {"script":"<script> [79 bytes]","args":[{"element-6066-11e4-a52e-4f735466cecf":"f.8C4C75981FBDA5C274A9290576C3313B.d.C53A21C8A00327C6B09910172FC05913.e.10644","ELEMENT":"f.8C4C75981FBDA5C274A9290576C3313B.d.C53A21C8A00327C6B09910172FC05913.e.10644"},{"block":"start","inline":"nearest"}]}
COMMAND: POST /session/343af6daf6fbc7ee30938bcb5a9c3885/execute/async - {"script":"<script> [1562 bytes]","args":[{"selector":{"id":"application-manageresources-display-component---newResourceUnit--btnAddTimeSegment","interaction":{"idSuffix":"inner"}},"wdio_ui5_key":"applicationmanageresources-display-component---newResourceUnit--btnAddTimeSegment"}]}
COMMAND: GET /session/343af6daf6fbc7ee30938bcb5a9c3885/screenshot - {}
RESULT: {"script":"<script> [1562 bytes]","args":[{"selector":{"id":"application-manageresources-display-component---newResourceUnit--btnAddTimeSegment","interaction":{"idSuffix":"inner"}},"wdio_ui5_key":"applicationmanageresources-display-component---newResourceUnit--btnAddTimeSegment"}]}
RESULT: undefined
COMMAND: POST /session/343af6daf6fbc7ee30938bcb5a9c3885/element - {"using":"xpath","value":"//*[@id=\"application-manageresources-display-component---newResourceUnit--btnAddTimeSegment\"]"}
RESULT: {}
RESULT: {"using":"xpath","value":"//*[@id=\"application-manageresources-display-component---newResourceUnit--btnAddTimeSegment\"]"}
COMMAND: POST /session/343af6daf6fbc7ee30938bcb5a9c3885/element/f.8C4C75981FBDA5C274A9290576C3313B.d.C53A21C8A00327C6B09910172FC05913.e.10644/click - {}
RESULT: {}
COMMAND: GET /session/343af6daf6fbc7ee30938bcb5a9c3885/screenshot - {}
RESULT: {}
COMMAND: POST /session/343af6daf6fbc7ee30938bcb5a9c3885/element - {"using":"xpath","value":"//input[@id=\"application-manageresources-display-component---newResourceUnit--idRuTSAdmin-application-manageresources-display-component---newResourceUnit--RUTimeSegment-0-inner\"]"}
RESULT: {"using":"xpath","value":"//input[@id=\"application-manageresources-display-component---newResourceUnit--idRuTSAdmin-application-manageresources-display-component---newResourceUnit--RUTimeSegment-0-inner\"]"}
COMMAND: POST /session/343af6daf6fbc7ee30938bcb5a9c3885/element/f.8C4C75981FBDA5C274A9290576C3313B.d.C53A21C8A00327C6B09910172FC05913.e.10650/clear - {}
RESULT: {}
COMMAND: POST /session/343af6daf6fbc7ee30938bcb5a9c3885/element/f.8C4C75981FBDA5C274A9290576C3313B.d.C53A21C8A00327C6B09910172FC05913.e.10650/value - {"text":"598"}
COMMAND: GET /session/343af6daf6fbc7ee30938bcb5a9c3885/screenshot - {}
RESULT: {"text":"598"}
COMMAND: GET /session/343af6daf6fbc7ee30938bcb5a9c3885/screenshot - {}
RESULT: {}
RESULT: {}
COMMAND: POST /session/343af6daf6fbc7ee30938bcb5a9c3885/element - {"using":"xpath","value":"//li[.//span[text()='598']]"}
RESULT: {"using":"xpath","value":"//li[.//span[text()='598']]"}
COMMAND: POST /session/343af6daf6fbc7ee30938bcb5a9c3885/element/f.8C4C75981FBDA5C274A9290576C3313B.d.C53A21C8A00327C6B09910172FC05913.e.10662/click - {}
RESULT: {}
COMMAND: GET /session/343af6daf6fbc7ee30938bcb5a9c3885/screenshot - {}
RESULT: {}
COMMAND: POST /session/343af6daf6fbc7ee30938bcb5a9c3885/element - {"using":"xpath","value":"(//span[contains(@id, \"-application-manageresources-display-component---newResourceUnit--RUTimeSegment-0-arrow\")])[6]"}
RESULT: {"using":"xpath","value":"(//span[contains(@id, \"-application-manageresources-display-component---newResourceUnit--RUTimeSegment-0-arrow\")])[6]"}
COMMAND: POST /session/343af6daf6fbc7ee30938bcb5a9c3885/element/f.8C4C75981FBDA5C274A9290576C3313B.d.C53A21C8A00327C6B09910172FC05913.e.10663/click - {}
RESULT: {}
COMMAND: GET /session/343af6daf6fbc7ee30938bcb5a9c3885/screenshot - {}
RESULT: {}
COMMAND: POST /session/343af6daf6fbc7ee30938bcb5a9c3885/element - {"using":"xpath","value":"//span[contains(text(), \"PM Order\")]"}
RESULT: {"using":"xpath","value":"//span[contains(text(), \"PM Order\")]"}
COMMAND: POST /session/343af6daf6fbc7ee30938bcb5a9c3885/element/f.8C4C75981FBDA5C274A9290576C3313B.d.C53A21C8A00327C6B09910172FC05913.e.10666/click - {}
RESULT: {}
COMMAND: GET /session/343af6daf6fbc7ee30938bcb5a9c3885/screenshot - {}
RESULT: {}
COMMAND: POST /session/343af6daf6fbc7ee30938bcb5a9c3885/element - {"using":"xpath","value":"(//span[contains(@id ,\"manageresources-display-component---newResourceUnit--RUTimeSegment-0-vhi\")])[1]"}
RESULT: {"using":"xpath","value":"(//span[contains(@id ,\"manageresources-display-component---newResourceUnit--RUTimeSegment-0-vhi\")])[1]"}
COMMAND: GET /session/343af6daf6fbc7ee30938bcb5a9c3885/element/f.8C4C75981FBDA5C274A9290576C3313B.d.C53A21C8A00327C6B09910172FC05913.e.10670/rect - {}
RESULT: {}
COMMAND: GET /session/343af6daf6fbc7ee30938bcb5a9c3885/window/rect - {}
RESULT: {}
COMMAND: POST /session/343af6daf6fbc7ee30938bcb5a9c3885/execute/sync - {"script":"<script> [92 bytes]","args":[]}
RESULT: {"script":"<script> [92 bytes]","args":[]}
COMMAND: POST /session/343af6daf6fbc7ee30938bcb5a9c3885/actions - {"actions":[{"id":"action33","type":"wheel","parameters":{},"actions":[{"type":"scroll","x":-869,"y":-24,"deltaX":0,"deltaY":0,"duration":0,"origin":{"element-6066-11e4-a52e-4f735466cecf":"f.8C4C75981FBDA5C274A9290576C3313B.d.C53A21C8A00327C6B09910172FC05913.e.10670"}}]}]}
COMMAND: GET /session/343af6daf6fbc7ee30938bcb5a9c3885/screenshot - {}
RESULT: {"actions":[{"id":"action33","type":"wheel","parameters":{},"actions":[{"type":"scroll","x":-869,"y":-24,"deltaX":0,"deltaY":0,"duration":0,"origin":{"element-6066-11e4-a52e-4f735466cecf":"f.8C4C75981FBDA5C274A9290576C3313B.d.C53A21C8A00327C6B09910172FC05913.e.10670"}}]}]}
COMMAND: DELETE /session/343af6daf6fbc7ee30938bcb5a9c3885/actions - {}
COMMAND: GET /session/343af6daf6fbc7ee30938bcb5a9c3885/screenshot - {}
RESULT: {}
RESULT: {}
COMMAND: GET /session/343af6daf6fbc7ee30938bcb5a9c3885/screenshot - {}
RESULT: {}
RESULT: {}
COMMAND: POST /session/343af6daf6fbc7ee30938bcb5a9c3885/element/f.8C4C75981FBDA5C274A9290576C3313B.d.C53A21C8A00327C6B09910172FC05913.e.10670/click - {}
RESULT: {}
COMMAND: GET /session/343af6daf6fbc7ee30938bcb5a9c3885/screenshot - {}
RESULT: {}
COMMAND: POST /session/343af6daf6fbc7ee30938bcb5a9c3885/execute/async - {"script":"<script> [1562 bytes]","args":[{"selector":{"controlType":"sap.m.SearchField","properties":{"placeholder":"Search"},"searchOpenDialogs":true,"interaction":{"idSuffix":"I"}},"wdio_ui5_key":"sapm.SearchField{\"placeholder\":\"Search\"}"}]}
RESULT: {"script":"<script> [1562 bytes]","args":[{"selector":{"controlType":"sap.m.SearchField","properties":{"placeholder":"Search"},"searchOpenDialogs":true,"interaction":{"idSuffix":"I"}},"wdio_ui5_key":"sapm.SearchField{\"placeholder\":\"Search\"}"}]}
RESULT: undefined
COMMAND: POST /session/343af6daf6fbc7ee30938bcb5a9c3885/execute/async - {"script":"<script> [776 bytes]","args":[{"enterText":"4000360","selector":{"controlType":"sap.m.SearchField","properties":{"placeholder":"Search"},"searchOpenDialogs":true,"interaction":{"idSuffix":"I"}},"clearTextFirst":true,"interactionType":"ENTER_TEXT"}]}
RESULT: {"script":"<script> [776 bytes]","args":[{"enterText":"4000360","selector":{"controlType":"sap.m.SearchField","properties":{"placeholder":"Search"},"searchOpenDialogs":true,"interaction":{"idSuffix":"I"}},"clearTextFirst":true,"interactionType":"ENTER_TEXT"}]}
COMMAND: POST /session/343af6daf6fbc7ee30938bcb5a9c3885/actions - {"actions":[{"id":"action34","type":"key","parameters":{},"actions":[{"type":"keyDown","value":"î€‡"},{"type":"pause","duration":10},{"type":"keyUp","value":"î€‡"}]}]}
RESULT: {"actions":[{"id":"action34","type":"key","parameters":{},"actions":[{"type":"keyDown","value":"î€‡"},{"type":"pause","duration":10},{"type":"keyUp","value":"î€‡"}]}]}
COMMAND: GET /session/343af6daf6fbc7ee30938bcb5a9c3885/screenshot - {}
RESULT: {}
COMMAND: POST /session/343af6daf6fbc7ee30938bcb5a9c3885/element - {"using":"xpath","value":"//td/div/span[contains(text(), \"BGL Vehicles\")]"}
RESULT: {"using":"xpath","value":"//td/div/span[contains(text(), \"BGL Vehicles\")]"}
COMMAND: POST /session/343af6daf6fbc7ee30938bcb5a9c3885/element/f.8C4C75981FBDA5C274A9290576C3313B.d.C53A21C8A00327C6B09910172FC05913.e.10693/click - {}
RESULT: {}
COMMAND: GET /session/343af6daf6fbc7ee30938bcb5a9c3885/screenshot - {}
RESULT: {}
COMMAND: POST /session/343af6daf6fbc7ee30938bcb5a9c3885/element - {"using":"xpath","value":"//bdi[contains(text(), \"OK\")]"}
RESULT: {"using":"xpath","value":"//bdi[contains(text(), \"OK\")]"}
COMMAND: POST /session/343af6daf6fbc7ee30938bcb5a9c3885/element/f.8C4C75981FBDA5C274A9290576C3313B.d.C53A21C8A00327C6B09910172FC05913.e.10694/click - {}
RESULT: {}
COMMAND: GET /session/343af6daf6fbc7ee30938bcb5a9c3885/screenshot - {}
RESULT: {}
COMMAND: POST /session/343af6daf6fbc7ee30938bcb5a9c3885/execute/async - {"script":"<script> [1562 bytes]","args":[{"selector":{"id":"application-manageresources-display-component---newResourceUnit--newRRUPage-anchBar-application-manageresources-display-component---newResourceUnit--resource-anchor","interaction":{"idSuffix":"BDI-content"}},"wdio_ui5_key":"applicationmanageresources-display-component---newResourceUnit--newRRUPage-anchBar-application-manageresources-display-component---newResourceUnit--resource-anchor"}]}
RESULT: {"script":"<script> [1562 bytes]","args":[{"selector":{"id":"application-manageresources-display-component---newResourceUnit--newRRUPage-anchBar-application-manageresources-display-component---newResourceUnit--resource-anchor","interaction":{"idSuffix":"BDI-content"}},"wdio_ui5_key":"applicationmanageresources-display-component---newResourceUnit--newRRUPage-anchBar-application-manageresources-display-component---newResourceUnit--resource-anchor"}]}
RESULT: undefined
COMMAND: POST /session/343af6daf6fbc7ee30938bcb5a9c3885/element - {"using":"xpath","value":"//*[@id=\"application-manageresources-display-component---newResourceUnit--newRRUPage-anchBar-application-manageresources-display-component---newResourceUnit--resource-anchor\"]"}
RESULT: {"using":"xpath","value":"//*[@id=\"application-manageresources-display-component---newResourceUnit--newRRUPage-anchBar-application-manageresources-display-component---newResourceUnit--resource-anchor\"]"}
COMMAND: POST /session/343af6daf6fbc7ee30938bcb5a9c3885/element/f.8C4C75981FBDA5C274A9290576C3313B.d.C53A21C8A00327C6B09910172FC05913.e.10698/click - {}
RESULT: {}
COMMAND: POST /session/343af6daf6fbc7ee30938bcb5a9c3885/execute/async - {"script":"<script> [1562 bytes]","args":[{"selector":{"id":"application-manageresources-display-component---newResourceUnit--PLANNED_DELIVERY_DATE","interaction":{"idSuffix":"inner"}},"wdio_ui5_key":"applicationmanageresources-display-component---newResourceUnit--PLANNED_DELIVERY_DATE"}]}
COMMAND: GET /session/343af6daf6fbc7ee30938bcb5a9c3885/screenshot - {}
RESULT: {"script":"<script> [1562 bytes]","args":[{"selector":{"id":"application-manageresources-display-component---newResourceUnit--PLANNED_DELIVERY_DATE","interaction":{"idSuffix":"inner"}},"wdio_ui5_key":"applicationmanageresources-display-component---newResourceUnit--PLANNED_DELIVERY_DATE"}]}
RESULT: undefined
COMMAND: POST /session/343af6daf6fbc7ee30938bcb5a9c3885/execute/async - {"script":"<script> [6424 bytes]","args":[{"element-6066-11e4-a52e-4f735466cecf":"f.8C4C75981FBDA5C274A9290576C3313B.d.C53A21C8A00327C6B09910172FC05913.e.10556"},"setValue",["5/5/25"]]}
RESULT: {}
RESULT: {"script":"<script> [6424 bytes]","args":[{"element-6066-11e4-a52e-4f735466cecf":"f.8C4C75981FBDA5C274A9290576C3313B.d.C53A21C8A00327C6B09910172FC05913.e.10556"},"setValue",["5/5/25"]]}
COMMAND: POST /session/343af6daf6fbc7ee30938bcb5a9c3885/element - {"using":"xpath","value":"//button[@data-kt=\"resourceUnitSaveButton\"]"}
RESULT: {"using":"xpath","value":"//button[@data-kt=\"resourceUnitSaveButton\"]"}
COMMAND: POST /session/343af6daf6fbc7ee30938bcb5a9c3885/element/f.8C4C75981FBDA5C274A9290576C3313B.d.C53A21C8A00327C6B09910172FC05913.e.10517/click - {}
RESULT: {}
COMMAND: GET /session/343af6daf6fbc7ee30938bcb5a9c3885/screenshot - {}
RESULT: {}
COMMAND: POST /session/343af6daf6fbc7ee30938bcb5a9c3885/element - {"using":"xpath","value":"//bdi[contains(text(), \"Close\")]"}
RESULT: {"using":"xpath","value":"//bdi[contains(text(), \"Close\")]"}
COMMAND: POST /session/343af6daf6fbc7ee30938bcb5a9c3885/element/f.8C4C75981FBDA5C274A9290576C3313B.d.C53A21C8A00327C6B09910172FC05913.e.10706/click - {}
RESULT: {}
COMMAND: GET /session/343af6daf6fbc7ee30938bcb5a9c3885/screenshot - {}
RESULT: {}
COMMAND: POST /session/343af6daf6fbc7ee30938bcb5a9c3885/element - {"using":"xpath","value":"(//button[contains(@id ,\"actionsToolbar-overflowButton\")])[1]"}
RESULT: {"using":"xpath","value":"(//button[contains(@id ,\"actionsToolbar-overflowButton\")])[1]"}
COMMAND: POST /session/343af6daf6fbc7ee30938bcb5a9c3885/element/f.8C4C75981FBDA5C274A9290576C3313B.d.C53A21C8A00327C6B09910172FC05913.e.10761/click - {}
RESULT: {}
COMMAND: GET /session/343af6daf6fbc7ee30938bcb5a9c3885/screenshot - {}
RESULT: {}
COMMAND: POST /session/343af6daf6fbc7ee30938bcb5a9c3885/element - {"using":"xpath","value":"//button[@data-kt=\"priceInfoButton\"]"}
RESULT: {"using":"xpath","value":"//button[@data-kt=\"priceInfoButton\"]"}
COMMAND: POST /session/343af6daf6fbc7ee30938bcb5a9c3885/element/f.8C4C75981FBDA5C274A9290576C3313B.d.C53A21C8A00327C6B09910172FC05913.e.10763/click - {}
RESULT: {}
COMMAND: GET /session/343af6daf6fbc7ee30938bcb5a9c3885/screenshot - {}
RESULT: {}
]]></system-out>
    </testcase>
    <testcase classname="chrome.135_0_7049_96.windows.Performance_based_billing_(work_days)_US139742" name="Should create a pricing rule perf based on the equipment" time="50.609">
      <system-out><![CDATA[
COMMAND: POST /session/343af6daf6fbc7ee30938bcb5a9c3885/element - {"using":"xpath","value":"//button[@data-kt=\"addButton\"]"}
RESULT: {"using":"xpath","value":"//button[@data-kt=\"addButton\"]"}
COMMAND: POST /session/343af6daf6fbc7ee30938bcb5a9c3885/elements - {"using":"xpath","value":"//button[@data-kt=\"addButton\"]"}
RESULT: {"using":"xpath","value":"//button[@data-kt=\"addButton\"]"}
COMMAND: POST /session/343af6daf6fbc7ee30938bcb5a9c3885/execute/sync - {"script":"<script> [8489 bytes]","args":[{"element-6066-11e4-a52e-4f735466cecf":"f.8C4C75981FBDA5C274A9290576C3313B.d.C53A21C8A00327C6B09910172FC05913.e.10799","ELEMENT":"f.8C4C75981FBDA5C274A9290576C3313B.d.C53A21C8A00327C6B09910172FC05913.e.10799"}]}
RESULT: {"script":"<script> [8489 bytes]","args":[{"element-6066-11e4-a52e-4f735466cecf":"f.8C4C75981FBDA5C274A9290576C3313B.d.C53A21C8A00327C6B09910172FC05913.e.10799","ELEMENT":"f.8C4C75981FBDA5C274A9290576C3313B.d.C53A21C8A00327C6B09910172FC05913.e.10799"}]}
COMMAND: GET /session/343af6daf6fbc7ee30938bcb5a9c3885/element/f.8C4C75981FBDA5C274A9290576C3313B.d.C53A21C8A00327C6B09910172FC05913.e.10799/enabled - {}
COMMAND: GET /session/343af6daf6fbc7ee30938bcb5a9c3885/screenshot - {}
RESULT: {}
COMMAND: POST /session/343af6daf6fbc7ee30938bcb5a9c3885/execute/sync - {"script":"<script> [8489 bytes]","args":[{"element-6066-11e4-a52e-4f735466cecf":"f.8C4C75981FBDA5C274A9290576C3313B.d.C53A21C8A00327C6B09910172FC05913.e.10799","ELEMENT":"f.8C4C75981FBDA5C274A9290576C3313B.d.C53A21C8A00327C6B09910172FC05913.e.10799"}]}
COMMAND: GET /session/343af6daf6fbc7ee30938bcb5a9c3885/screenshot - {}
RESULT: {}
RESULT: {"script":"<script> [8489 bytes]","args":[{"element-6066-11e4-a52e-4f735466cecf":"f.8C4C75981FBDA5C274A9290576C3313B.d.C53A21C8A00327C6B09910172FC05913.e.10799","ELEMENT":"f.8C4C75981FBDA5C274A9290576C3313B.d.C53A21C8A00327C6B09910172FC05913.e.10799"}]}
COMMAND: POST /session/343af6daf6fbc7ee30938bcb5a9c3885/execute/sync - {"script":"<script> [5351 bytes]","args":[{"element-6066-11e4-a52e-4f735466cecf":"f.8C4C75981FBDA5C274A9290576C3313B.d.C53A21C8A00327C6B09910172FC05913.e.10799","ELEMENT":"f.8C4C75981FBDA5C274A9290576C3313B.d.C53A21C8A00327C6B09910172FC05913.e.10799"}]}
COMMAND: GET /session/343af6daf6fbc7ee30938bcb5a9c3885/screenshot - {}
RESULT: {}
RESULT: {"script":"<script> [5351 bytes]","args":[{"element-6066-11e4-a52e-4f735466cecf":"f.8C4C75981FBDA5C274A9290576C3313B.d.C53A21C8A00327C6B09910172FC05913.e.10799","ELEMENT":"f.8C4C75981FBDA5C274A9290576C3313B.d.C53A21C8A00327C6B09910172FC05913.e.10799"}]}
COMMAND: POST /session/343af6daf6fbc7ee30938bcb5a9c3885/element/f.8C4C75981FBDA5C274A9290576C3313B.d.C53A21C8A00327C6B09910172FC05913.e.10799/click - {}
COMMAND: GET /session/343af6daf6fbc7ee30938bcb5a9c3885/screenshot - {}
RESULT: {}
RESULT: {}
COMMAND: GET /session/343af6daf6fbc7ee30938bcb5a9c3885/screenshot - {}
RESULT: {}
RESULT: {}
COMMAND: POST /session/343af6daf6fbc7ee30938bcb5a9c3885/execute/async - {"script":"<script> [1562 bytes]","args":[{"selector":{"controlType":"sap.m.Title","viewName":"etm.portal.ui.managepricingrules.view.NewItem","viewId":"application-managepricingrules-display-component---newInfoPriceItem","properties":{"text":"New Pricing Rules - Item Level"}},"wdio_ui5_key":"etmportal.ui.managepricingrules.view.NewItemsap.m.Title{\"text\":\"New Pricing Rules - Item Level\"}"}]}
RESULT: {"script":"<script> [1562 bytes]","args":[{"selector":{"controlType":"sap.m.Title","viewName":"etm.portal.ui.managepricingrules.view.NewItem","viewId":"application-managepricingrules-display-component---newInfoPriceItem","properties":{"text":"New Pricing Rules - Item Level"}},"wdio_ui5_key":"etmportal.ui.managepricingrules.view.NewItemsap.m.Title{\"text\":\"New Pricing Rules - Item Level\"}"}]}
RESULT: undefined
COMMAND: POST /session/343af6daf6fbc7ee30938bcb5a9c3885/execute/async - {"script":"<script> [6424 bytes]","args":[{"element-6066-11e4-a52e-4f735466cecf":"f.8C4C75981FBDA5C274A9290576C3313B.d.C53A21C8A00327C6B09910172FC05913.e.10873"},"getText",[]]}
RESULT: {"script":"<script> [6424 bytes]","args":[{"element-6066-11e4-a52e-4f735466cecf":"f.8C4C75981FBDA5C274A9290576C3313B.d.C53A21C8A00327C6B09910172FC05913.e.10873"},"getText",[]]}
COMMAND: POST /session/343af6daf6fbc7ee30938bcb5a9c3885/execute/async - {"script":"<script> [1562 bytes]","args":[{"selector":{"id":"application-managepricingrules-display-component---newInfoPriceItem--condValidTo","interaction":{"idSuffix":"inner"}},"wdio_ui5_key":"applicationmanagepricingrules-display-component---newInfoPriceItem--condValidTo"}]}
RESULT: {"script":"<script> [1562 bytes]","args":[{"selector":{"id":"application-managepricingrules-display-component---newInfoPriceItem--condValidTo","interaction":{"idSuffix":"inner"}},"wdio_ui5_key":"applicationmanagepricingrules-display-component---newInfoPriceItem--condValidTo"}]}
RESULT: undefined
COMMAND: POST /session/343af6daf6fbc7ee30938bcb5a9c3885/execute/async - {"script":"<script> [776 bytes]","args":[{"enterText":"01/05/26","selector":{"id":"application-managepricingrules-display-component---newInfoPriceItem--condValidTo","interaction":{"idSuffix":"inner"}},"clearTextFirst":true,"interactionType":"ENTER_TEXT"}]}
RESULT: {"script":"<script> [776 bytes]","args":[{"enterText":"01/05/26","selector":{"id":"application-managepricingrules-display-component---newInfoPriceItem--condValidTo","interaction":{"idSuffix":"inner"}},"clearTextFirst":true,"interactionType":"ENTER_TEXT"}]}
COMMAND: POST /session/343af6daf6fbc7ee30938bcb5a9c3885/execute/async - {"script":"<script> [1562 bytes]","args":[{"selector":{"id":"application-managepricingrules-display-component---newInfoPriceItem--billType-arrow"},"wdio_ui5_key":"applicationmanagepricingrules-display-component---newInfoPriceItem--billType-arrow"}]}
RESULT: {"script":"<script> [1562 bytes]","args":[{"selector":{"id":"application-managepricingrules-display-component---newInfoPriceItem--billType-arrow"},"wdio_ui5_key":"applicationmanagepricingrules-display-component---newInfoPriceItem--billType-arrow"}]}
RESULT: undefined
COMMAND: POST /session/343af6daf6fbc7ee30938bcb5a9c3885/element - {"using":"xpath","value":"//*[@id=\"application-managepricingrules-display-component---newInfoPriceItem--billType-arrow\"]"}
RESULT: {"using":"xpath","value":"//*[@id=\"application-managepricingrules-display-component---newInfoPriceItem--billType-arrow\"]"}
COMMAND: POST /session/343af6daf6fbc7ee30938bcb5a9c3885/element/f.8C4C75981FBDA5C274A9290576C3313B.d.C53A21C8A00327C6B09910172FC05913.e.10932/click - {}
RESULT: {}
COMMAND: POST /session/343af6daf6fbc7ee30938bcb5a9c3885/element - {"using":"xpath","value":"//span[contains(text(), \"PB - Performance based\")]"}
COMMAND: GET /session/343af6daf6fbc7ee30938bcb5a9c3885/screenshot - {}
RESULT: {"using":"xpath","value":"//span[contains(text(), \"PB - Performance based\")]"}
COMMAND: POST /session/343af6daf6fbc7ee30938bcb5a9c3885/element/f.8C4C75981FBDA5C274A9290576C3313B.d.C53A21C8A00327C6B09910172FC05913.e.10972/click - {}
RESULT: {}
RESULT: {}
COMMAND: POST /session/343af6daf6fbc7ee30938bcb5a9c3885/execute/async - {"script":"<script> [1562 bytes]","args":[{"selector":{"id":"application-managepricingrules-display-component---newInfoPriceItem--priceProc-arrow"},"wdio_ui5_key":"applicationmanagepricingrules-display-component---newInfoPriceItem--priceProc-arrow"}]}
COMMAND: GET /session/343af6daf6fbc7ee30938bcb5a9c3885/screenshot - {}
RESULT: {"script":"<script> [1562 bytes]","args":[{"selector":{"id":"application-managepricingrules-display-component---newInfoPriceItem--priceProc-arrow"},"wdio_ui5_key":"applicationmanagepricingrules-display-component---newInfoPriceItem--priceProc-arrow"}]}
RESULT: undefined
COMMAND: POST /session/343af6daf6fbc7ee30938bcb5a9c3885/element - {"using":"xpath","value":"//*[@id=\"application-managepricingrules-display-component---newInfoPriceItem--priceProc-arrow\"]"}
RESULT: {}
RESULT: {"using":"xpath","value":"//*[@id=\"application-managepricingrules-display-component---newInfoPriceItem--priceProc-arrow\"]"}
COMMAND: POST /session/343af6daf6fbc7ee30938bcb5a9c3885/element/f.8C4C75981FBDA5C274A9290576C3313B.d.C53A21C8A00327C6B09910172FC05913.e.10939/click - {}
RESULT: {}
COMMAND: POST /session/343af6daf6fbc7ee30938bcb5a9c3885/element - {"using":"xpath","value":"//span[contains(text(), \"PRF - Performance based\")]"}
COMMAND: GET /session/343af6daf6fbc7ee30938bcb5a9c3885/screenshot - {}
RESULT: {"using":"xpath","value":"//span[contains(text(), \"PRF - Performance based\")]"}
COMMAND: POST /session/343af6daf6fbc7ee30938bcb5a9c3885/element/f.8C4C75981FBDA5C274A9290576C3313B.d.C53A21C8A00327C6B09910172FC05913.e.10973/click - {}
RESULT: {}
RESULT: {}
COMMAND: POST /session/343af6daf6fbc7ee30938bcb5a9c3885/execute/async - {"script":"<script> [1562 bytes]","args":[{"selector":{"id":"application-managepricingrules-display-component---newInfoPriceItem--calcBase-arrow"},"wdio_ui5_key":"applicationmanagepricingrules-display-component---newInfoPriceItem--calcBase-arrow"}]}
COMMAND: GET /session/343af6daf6fbc7ee30938bcb5a9c3885/screenshot - {}
RESULT: {"script":"<script> [1562 bytes]","args":[{"selector":{"id":"application-managepricingrules-display-component---newInfoPriceItem--calcBase-arrow"},"wdio_ui5_key":"applicationmanagepricingrules-display-component---newInfoPriceItem--calcBase-arrow"}]}
RESULT: undefined
COMMAND: POST /session/343af6daf6fbc7ee30938bcb5a9c3885/element - {"using":"xpath","value":"//*[@id=\"application-managepricingrules-display-component---newInfoPriceItem--calcBase-arrow\"]"}
RESULT: {}
RESULT: {"using":"xpath","value":"//*[@id=\"application-managepricingrules-display-component---newInfoPriceItem--calcBase-arrow\"]"}
COMMAND: POST /session/343af6daf6fbc7ee30938bcb5a9c3885/element/f.8C4C75981FBDA5C274A9290576C3313B.d.C53A21C8A00327C6B09910172FC05913.e.10946/click - {}
RESULT: {}
COMMAND: GET /session/343af6daf6fbc7ee30938bcb5a9c3885/screenshot - {}
RESULT: {}
COMMAND: POST /session/343af6daf6fbc7ee30938bcb5a9c3885/element - {"using":"xpath","value":"//span[contains(text(), \"0007 - PB(work days)\")]"}
RESULT: {"using":"xpath","value":"//span[contains(text(), \"0007 - PB(work days)\")]"}
COMMAND: POST /session/343af6daf6fbc7ee30938bcb5a9c3885/element/f.8C4C75981FBDA5C274A9290576C3313B.d.C53A21C8A00327C6B09910172FC05913.e.10974/click - {}
RESULT: {}
COMMAND: GET /session/343af6daf6fbc7ee30938bcb5a9c3885/screenshot - {}
RESULT: {}
COMMAND: POST /session/343af6daf6fbc7ee30938bcb5a9c3885/execute/async - {"script":"<script> [1562 bytes]","args":[{"selector":{"id":"application-managepricingrules-display-component---newInfoPriceItem--hoursMonth","interaction":{"idSuffix":"inner"}},"wdio_ui5_key":"applicationmanagepricingrules-display-component---newInfoPriceItem--hoursMonth"}]}
RESULT: {"script":"<script> [1562 bytes]","args":[{"selector":{"id":"application-managepricingrules-display-component---newInfoPriceItem--hoursMonth","interaction":{"idSuffix":"inner"}},"wdio_ui5_key":"applicationmanagepricingrules-display-component---newInfoPriceItem--hoursMonth"}]}
RESULT: undefined
COMMAND: POST /session/343af6daf6fbc7ee30938bcb5a9c3885/execute/async - {"script":"<script> [776 bytes]","args":[{"enterText":"160","selector":{"id":"application-managepricingrules-display-component---newInfoPriceItem--hoursMonth","interaction":{"idSuffix":"inner"}},"clearTextFirst":true,"interactionType":"ENTER_TEXT"}]}
RESULT: {"script":"<script> [776 bytes]","args":[{"enterText":"160","selector":{"id":"application-managepricingrules-display-component---newInfoPriceItem--hoursMonth","interaction":{"idSuffix":"inner"}},"clearTextFirst":true,"interactionType":"ENTER_TEXT"}]}
COMMAND: POST /session/343af6daf6fbc7ee30938bcb5a9c3885/element - {"using":"xpath","value":"//button[@data-kt=\"saveNewRuleButton\"]"}
RESULT: {"using":"xpath","value":"//button[@data-kt=\"saveNewRuleButton\"]"}
COMMAND: POST /session/343af6daf6fbc7ee30938bcb5a9c3885/element/f.8C4C75981FBDA5C274A9290576C3313B.d.C53A21C8A00327C6B09910172FC05913.e.10966/click - {}
RESULT: {}
COMMAND: GET /session/343af6daf6fbc7ee30938bcb5a9c3885/screenshot - {}
RESULT: {}
COMMAND: POST /session/343af6daf6fbc7ee30938bcb5a9c3885/execute/async - {"script":"<script> [1562 bytes]","args":[{"selector":{"id":"application-managepricingrules-display-component---priceInfoItem--smartFilterBar-btnBasicSearch","interaction":{"idSuffix":"I"}},"wdio_ui5_key":"applicationmanagepricingrules-display-component---priceInfoItem--smartFilterBar-btnBasicSearch"}]}
RESULT: {"script":"<script> [1562 bytes]","args":[{"selector":{"id":"application-managepricingrules-display-component---priceInfoItem--smartFilterBar-btnBasicSearch","interaction":{"idSuffix":"I"}},"wdio_ui5_key":"applicationmanagepricingrules-display-component---priceInfoItem--smartFilterBar-btnBasicSearch"}]}
RESULT: undefined
COMMAND: POST /session/343af6daf6fbc7ee30938bcb5a9c3885/execute/async - {"script":"<script> [776 bytes]","args":[{"enterText":"slVyhbBJTV","selector":{"id":"application-managepricingrules-display-component---priceInfoItem--smartFilterBar-btnBasicSearch","interaction":{"idSuffix":"I"}},"clearTextFirst":true,"interactionType":"ENTER_TEXT"}]}
RESULT: {"script":"<script> [776 bytes]","args":[{"enterText":"slVyhbBJTV","selector":{"id":"application-managepricingrules-display-component---priceInfoItem--smartFilterBar-btnBasicSearch","interaction":{"idSuffix":"I"}},"clearTextFirst":true,"interactionType":"ENTER_TEXT"}]}
COMMAND: POST /session/343af6daf6fbc7ee30938bcb5a9c3885/actions - {"actions":[{"id":"action35","type":"key","parameters":{},"actions":[{"type":"keyDown","value":"î€‡"},{"type":"pause","duration":10},{"type":"keyUp","value":"î€‡"}]}]}
RESULT: {"actions":[{"id":"action35","type":"key","parameters":{},"actions":[{"type":"keyDown","value":"î€‡"},{"type":"pause","duration":10},{"type":"keyUp","value":"î€‡"}]}]}
COMMAND: GET /session/343af6daf6fbc7ee30938bcb5a9c3885/screenshot - {}
RESULT: {}
COMMAND: POST /session/343af6daf6fbc7ee30938bcb5a9c3885/element - {"using":"xpath","value":"//span[@id=\"application-managepricingrules-display-component---priceInfoItem--smartTable-header-inner\"]"}
RESULT: {"using":"xpath","value":"//span[@id=\"application-managepricingrules-display-component---priceInfoItem--smartTable-header-inner\"]"}
COMMAND: POST /session/343af6daf6fbc7ee30938bcb5a9c3885/elements - {"using":"xpath","value":"//span[@id=\"application-managepricingrules-display-component---priceInfoItem--smartTable-header-inner\"]"}
RESULT: {"using":"xpath","value":"//span[@id=\"application-managepricingrules-display-component---priceInfoItem--smartTable-header-inner\"]"}
COMMAND: POST /session/343af6daf6fbc7ee30938bcb5a9c3885/execute/sync - {"script":"<script> [56 bytes]","args":[{"element-6066-11e4-a52e-4f735466cecf":"f.8C4C75981FBDA5C274A9290576C3313B.d.C53A21C8A00327C6B09910172FC05913.e.10988","ELEMENT":"f.8C4C75981FBDA5C274A9290576C3313B.d.C53A21C8A00327C6B09910172FC05913.e.10988"}]}
RESULT: {"script":"<script> [56 bytes]","args":[{"element-6066-11e4-a52e-4f735466cecf":"f.8C4C75981FBDA5C274A9290576C3313B.d.C53A21C8A00327C6B09910172FC05913.e.10988","ELEMENT":"f.8C4C75981FBDA5C274A9290576C3313B.d.C53A21C8A00327C6B09910172FC05913.e.10988"}]}
COMMAND: POST /session/343af6daf6fbc7ee30938bcb5a9c3885/element - {"using":"css selector","value":"#shell-header-logo"}
COMMAND: GET /session/343af6daf6fbc7ee30938bcb5a9c3885/screenshot - {}
RESULT: {"using":"css selector","value":"#shell-header-logo"}
COMMAND: POST /session/343af6daf6fbc7ee30938bcb5a9c3885/element/f.8C4C75981FBDA5C274A9290576C3313B.d.C53A21C8A00327C6B09910172FC05913.e.10092/click - {}
RESULT: {}
RESULT: {}
COMMAND: GET /session/343af6daf6fbc7ee30938bcb5a9c3885/screenshot - {}
RESULT: {}
]]></system-out>
    </testcase>
    <testcase classname="chrome.135_0_7049_96.windows.Performance_based_billing_(work_days)_US139742" name="Should create a performance based billing condition on the equipment" time="65.341">
      <system-out><![CDATA[
COMMAND: POST /session/343af6daf6fbc7ee30938bcb5a9c3885/execute/async - {"script":"<script> [1562 bytes]","args":[{"selector":{"controlType":"sap.m.Text","properties":{"text":"Manage Conditions & Prices"},"interaction":{"idSuffix":"inner"}},"wdio_ui5_key":"sapm.Text{\"text\":\"Manage Conditions & Prices\"}"}]}
RESULT: {"script":"<script> [1562 bytes]","args":[{"selector":{"controlType":"sap.m.Text","properties":{"text":"Manage Conditions & Prices"},"interaction":{"idSuffix":"inner"}},"wdio_ui5_key":"sapm.Text{\"text\":\"Manage Conditions & Prices\"}"}]}
RESULT: undefined
COMMAND: POST /session/343af6daf6fbc7ee30938bcb5a9c3885/element - {"using":"xpath","value":"//*[@id=\"__tile93-title\"]"}
RESULT: {"using":"xpath","value":"//*[@id=\"__tile93-title\"]"}
COMMAND: POST /session/343af6daf6fbc7ee30938bcb5a9c3885/element/f.8C4C75981FBDA5C274A9290576C3313B.d.C53A21C8A00327C6B09910172FC05913.e.10991/click - {}
RESULT: {}
COMMAND: POST /session/343af6daf6fbc7ee30938bcb5a9c3885/element - {"using":"xpath","value":"//button[@aria-label=\"Create\"]"}
COMMAND: GET /session/343af6daf6fbc7ee30938bcb5a9c3885/screenshot - {}
RESULT: {"using":"xpath","value":"//button[@aria-label=\"Create\"]"}
COMMAND: POST /session/343af6daf6fbc7ee30938bcb5a9c3885/elements - {"using":"xpath","value":"//button[@aria-label=\"Create\"]"}
RESULT: {}
RESULT: {"using":"xpath","value":"//button[@aria-label=\"Create\"]"}
COMMAND: POST /session/343af6daf6fbc7ee30938bcb5a9c3885/element - {"using":"xpath","value":"//button[@aria-label=\"Create\"]"}
RESULT: {"using":"xpath","value":"//button[@aria-label=\"Create\"]"}
COMMAND: POST /session/343af6daf6fbc7ee30938bcb5a9c3885/execute/sync - {"script":"<script> [8489 bytes]","args":[{"element-6066-11e4-a52e-4f735466cecf":"f.8C4C75981FBDA5C274A9290576C3313B.d.C53A21C8A00327C6B09910172FC05913.e.11025","ELEMENT":"f.8C4C75981FBDA5C274A9290576C3313B.d.C53A21C8A00327C6B09910172FC05913.e.11025"}]}
RESULT: {"script":"<script> [8489 bytes]","args":[{"element-6066-11e4-a52e-4f735466cecf":"f.8C4C75981FBDA5C274A9290576C3313B.d.C53A21C8A00327C6B09910172FC05913.e.11025","ELEMENT":"f.8C4C75981FBDA5C274A9290576C3313B.d.C53A21C8A00327C6B09910172FC05913.e.11025"}]}
COMMAND: GET /session/343af6daf6fbc7ee30938bcb5a9c3885/element/f.8C4C75981FBDA5C274A9290576C3313B.d.C53A21C8A00327C6B09910172FC05913.e.11025/enabled - {}
COMMAND: GET /session/343af6daf6fbc7ee30938bcb5a9c3885/screenshot - {}
RESULT: {}
COMMAND: POST /session/343af6daf6fbc7ee30938bcb5a9c3885/execute/sync - {"script":"<script> [8489 bytes]","args":[{"element-6066-11e4-a52e-4f735466cecf":"f.8C4C75981FBDA5C274A9290576C3313B.d.C53A21C8A00327C6B09910172FC05913.e.11025","ELEMENT":"f.8C4C75981FBDA5C274A9290576C3313B.d.C53A21C8A00327C6B09910172FC05913.e.11025"}]}
COMMAND: GET /session/343af6daf6fbc7ee30938bcb5a9c3885/screenshot - {}
RESULT: {}
RESULT: {"script":"<script> [8489 bytes]","args":[{"element-6066-11e4-a52e-4f735466cecf":"f.8C4C75981FBDA5C274A9290576C3313B.d.C53A21C8A00327C6B09910172FC05913.e.11025","ELEMENT":"f.8C4C75981FBDA5C274A9290576C3313B.d.C53A21C8A00327C6B09910172FC05913.e.11025"}]}
COMMAND: POST /session/343af6daf6fbc7ee30938bcb5a9c3885/execute/sync - {"script":"<script> [5351 bytes]","args":[{"element-6066-11e4-a52e-4f735466cecf":"f.8C4C75981FBDA5C274A9290576C3313B.d.C53A21C8A00327C6B09910172FC05913.e.11025","ELEMENT":"f.8C4C75981FBDA5C274A9290576C3313B.d.C53A21C8A00327C6B09910172FC05913.e.11025"}]}
COMMAND: GET /session/343af6daf6fbc7ee30938bcb5a9c3885/screenshot - {}
RESULT: {}
RESULT: {"script":"<script> [5351 bytes]","args":[{"element-6066-11e4-a52e-4f735466cecf":"f.8C4C75981FBDA5C274A9290576C3313B.d.C53A21C8A00327C6B09910172FC05913.e.11025","ELEMENT":"f.8C4C75981FBDA5C274A9290576C3313B.d.C53A21C8A00327C6B09910172FC05913.e.11025"}]}
COMMAND: POST /session/343af6daf6fbc7ee30938bcb5a9c3885/element/f.8C4C75981FBDA5C274A9290576C3313B.d.C53A21C8A00327C6B09910172FC05913.e.11025/click - {}
COMMAND: GET /session/343af6daf6fbc7ee30938bcb5a9c3885/screenshot - {}
RESULT: {}
RESULT: {}
COMMAND: GET /session/343af6daf6fbc7ee30938bcb5a9c3885/screenshot - {}
RESULT: {}
RESULT: {}
COMMAND: POST /session/343af6daf6fbc7ee30938bcb5a9c3885/actions - {"actions":[{"id":"action36","type":"key","parameters":{},"actions":[{"type":"keyDown","value":"î€‡"},{"type":"pause","duration":10},{"type":"keyUp","value":"î€‡"}]}]}
RESULT: {"actions":[{"id":"action36","type":"key","parameters":{},"actions":[{"type":"keyDown","value":"î€‡"},{"type":"pause","duration":10},{"type":"keyUp","value":"î€‡"}]}]}
COMMAND: GET /session/343af6daf6fbc7ee30938bcb5a9c3885/screenshot - {}
RESULT: {}
COMMAND: POST /session/343af6daf6fbc7ee30938bcb5a9c3885/execute/async - {"script":"<script> [1562 bytes]","args":[{"selector":{"id":"application-manageconditionprice-display-component---newCondition--condBillCond-arrow"},"wdio_ui5_key":"applicationmanageconditionprice-display-component---newCondition--condBillCond-arrow"}]}
RESULT: {"script":"<script> [1562 bytes]","args":[{"selector":{"id":"application-manageconditionprice-display-component---newCondition--condBillCond-arrow"},"wdio_ui5_key":"applicationmanageconditionprice-display-component---newCondition--condBillCond-arrow"}]}
RESULT: undefined
COMMAND: POST /session/343af6daf6fbc7ee30938bcb5a9c3885/element - {"using":"xpath","value":"//*[@id=\"application-manageconditionprice-display-component---newCondition--condBillCond-arrow\"]"}
RESULT: {"using":"xpath","value":"//*[@id=\"application-manageconditionprice-display-component---newCondition--condBillCond-arrow\"]"}
COMMAND: POST /session/343af6daf6fbc7ee30938bcb5a9c3885/element/f.8C4C75981FBDA5C274A9290576C3313B.d.C53A21C8A00327C6B09910172FC05913.e.11199/click - {}
RESULT: {}
COMMAND: GET /session/343af6daf6fbc7ee30938bcb5a9c3885/screenshot - {}
RESULT: {}
COMMAND: POST /session/343af6daf6fbc7ee30938bcb5a9c3885/element - {"using":"xpath","value":"//li[.//span[contains(text(), \"PC06 - Performance Price - fuel\")]]"}
RESULT: {"using":"xpath","value":"//li[.//span[contains(text(), \"PC06 - Performance Price - fuel\")]]"}
COMMAND: POST /session/343af6daf6fbc7ee30938bcb5a9c3885/element/f.8C4C75981FBDA5C274A9290576C3313B.d.C53A21C8A00327C6B09910172FC05913.e.11202/click - {}
RESULT: {}
COMMAND: GET /session/343af6daf6fbc7ee30938bcb5a9c3885/screenshot - {}
RESULT: {}
COMMAND: POST /session/343af6daf6fbc7ee30938bcb5a9c3885/execute/async - {"script":"<script> [1562 bytes]","args":[{"selector":{"id":"application-manageconditionprice-display-component---newCondition--condValidTo","interaction":{"idSuffix":"inner"}},"wdio_ui5_key":"applicationmanageconditionprice-display-component---newCondition--condValidTo"}]}
RESULT: {"script":"<script> [1562 bytes]","args":[{"selector":{"id":"application-manageconditionprice-display-component---newCondition--condValidTo","interaction":{"idSuffix":"inner"}},"wdio_ui5_key":"applicationmanageconditionprice-display-component---newCondition--condValidTo"}]}
RESULT: undefined
COMMAND: POST /session/343af6daf6fbc7ee30938bcb5a9c3885/execute/async - {"script":"<script> [776 bytes]","args":[{"enterText":"01/05/26","selector":{"id":"application-manageconditionprice-display-component---newCondition--condValidTo","interaction":{"idSuffix":"inner"}},"clearTextFirst":true,"interactionType":"ENTER_TEXT"}]}
RESULT: {"script":"<script> [776 bytes]","args":[{"enterText":"01/05/26","selector":{"id":"application-manageconditionprice-display-component---newCondition--condValidTo","interaction":{"idSuffix":"inner"}},"clearTextFirst":true,"interactionType":"ENTER_TEXT"}]}
COMMAND: POST /session/343af6daf6fbc7ee30938bcb5a9c3885/element - {"using":"xpath","value":"//input[@id=\"application-manageconditionprice-display-component---newCondition--condRU-inner\"]"}
RESULT: {"using":"xpath","value":"//input[@id=\"application-manageconditionprice-display-component---newCondition--condRU-inner\"]"}
COMMAND: POST /session/343af6daf6fbc7ee30938bcb5a9c3885/element/f.8C4C75981FBDA5C274A9290576C3313B.d.C53A21C8A00327C6B09910172FC05913.e.11067/clear - {}
RESULT: {}
COMMAND: POST /session/343af6daf6fbc7ee30938bcb5a9c3885/element/f.8C4C75981FBDA5C274A9290576C3313B.d.C53A21C8A00327C6B09910172FC05913.e.11067/value - {"text":"slVyhbBJTV"}
COMMAND: GET /session/343af6daf6fbc7ee30938bcb5a9c3885/screenshot - {}
RESULT: {"text":"slVyhbBJTV"}
COMMAND: GET /session/343af6daf6fbc7ee30938bcb5a9c3885/screenshot - {}
RESULT: {}
RESULT: {}
COMMAND: POST /session/343af6daf6fbc7ee30938bcb5a9c3885/actions - {"actions":[{"id":"action37","type":"key","parameters":{},"actions":[{"type":"keyDown","value":"î€‡"},{"type":"pause","duration":10},{"type":"keyUp","value":"î€‡"}]}]}
RESULT: {"actions":[{"id":"action37","type":"key","parameters":{},"actions":[{"type":"keyDown","value":"î€‡"},{"type":"pause","duration":10},{"type":"keyUp","value":"î€‡"}]}]}
COMMAND: POST /session/343af6daf6fbc7ee30938bcb5a9c3885/execute/async - {"script":"<script> [1562 bytes]","args":[{"selector":{"id":"application-manageconditionprice-display-component---newCondition--condBaseQty","interaction":{"idSuffix":"inner"}},"wdio_ui5_key":"applicationmanageconditionprice-display-component---newCondition--condBaseQty"}]}
COMMAND: GET /session/343af6daf6fbc7ee30938bcb5a9c3885/screenshot - {}
RESULT: {"script":"<script> [1562 bytes]","args":[{"selector":{"id":"application-manageconditionprice-display-component---newCondition--condBaseQty","interaction":{"idSuffix":"inner"}},"wdio_ui5_key":"applicationmanageconditionprice-display-component---newCondition--condBaseQty"}]}
RESULT: undefined
COMMAND: POST /session/343af6daf6fbc7ee30938bcb5a9c3885/execute/async - {"script":"<script> [776 bytes]","args":[{"enterText":"1","selector":{"id":"application-manageconditionprice-display-component---newCondition--condBaseQty","interaction":{"idSuffix":"inner"}},"clearTextFirst":true,"interactionType":"ENTER_TEXT"}]}
RESULT: {}
RESULT: {"script":"<script> [776 bytes]","args":[{"enterText":"1","selector":{"id":"application-manageconditionprice-display-component---newCondition--condBaseQty","interaction":{"idSuffix":"inner"}},"clearTextFirst":true,"interactionType":"ENTER_TEXT"}]}
COMMAND: POST /session/343af6daf6fbc7ee30938bcb5a9c3885/execute/async - {"script":"<script> [1562 bytes]","args":[{"selector":{"id":"application-manageconditionprice-display-component---newCondition--condValue","interaction":{"idSuffix":"inner"}},"wdio_ui5_key":"applicationmanageconditionprice-display-component---newCondition--condValue"}]}
RESULT: {"script":"<script> [1562 bytes]","args":[{"selector":{"id":"application-manageconditionprice-display-component---newCondition--condValue","interaction":{"idSuffix":"inner"}},"wdio_ui5_key":"applicationmanageconditionprice-display-component---newCondition--condValue"}]}
RESULT: undefined
COMMAND: POST /session/343af6daf6fbc7ee30938bcb5a9c3885/execute/async - {"script":"<script> [776 bytes]","args":[{"enterText":"10","selector":{"id":"application-manageconditionprice-display-component---newCondition--condValue","interaction":{"idSuffix":"inner"}},"clearTextFirst":true,"interactionType":"ENTER_TEXT"}]}
RESULT: {"script":"<script> [776 bytes]","args":[{"enterText":"10","selector":{"id":"application-manageconditionprice-display-component---newCondition--condValue","interaction":{"idSuffix":"inner"}},"clearTextFirst":true,"interactionType":"ENTER_TEXT"}]}
COMMAND: POST /session/343af6daf6fbc7ee30938bcb5a9c3885/execute/async - {"script":"<script> [1562 bytes]","args":[{"selector":{"id":"application-manageconditionprice-display-component---newCondition--condCurr-arrow"},"wdio_ui5_key":"applicationmanageconditionprice-display-component---newCondition--condCurr-arrow"}]}
RESULT: {"script":"<script> [1562 bytes]","args":[{"selector":{"id":"application-manageconditionprice-display-component---newCondition--condCurr-arrow"},"wdio_ui5_key":"applicationmanageconditionprice-display-component---newCondition--condCurr-arrow"}]}
RESULT: undefined
COMMAND: POST /session/343af6daf6fbc7ee30938bcb5a9c3885/element - {"using":"xpath","value":"//*[@id=\"application-manageconditionprice-display-component---newCondition--condCurr-arrow\"]"}
RESULT: {"using":"xpath","value":"//*[@id=\"application-manageconditionprice-display-component---newCondition--condCurr-arrow\"]"}
COMMAND: POST /session/343af6daf6fbc7ee30938bcb5a9c3885/element/f.8C4C75981FBDA5C274A9290576C3313B.d.C53A21C8A00327C6B09910172FC05913.e.11169/click - {}
RESULT: {}
COMMAND: POST /session/343af6daf6fbc7ee30938bcb5a9c3885/element - {"using":"xpath","value":"//span[contains(text(), \"Euro\")]"}
COMMAND: GET /session/343af6daf6fbc7ee30938bcb5a9c3885/screenshot - {}
RESULT: {"using":"xpath","value":"//span[contains(text(), \"Euro\")]"}
COMMAND: POST /session/343af6daf6fbc7ee30938bcb5a9c3885/element/f.8C4C75981FBDA5C274A9290576C3313B.d.C53A21C8A00327C6B09910172FC05913.e.11237/click - {}
RESULT: {}
RESULT: {}
COMMAND: POST /session/343af6daf6fbc7ee30938bcb5a9c3885/element - {"using":"xpath","value":"//button[@data-kt=\"saveButton\"]"}
COMMAND: GET /session/343af6daf6fbc7ee30938bcb5a9c3885/screenshot - {}
RESULT: {"using":"xpath","value":"//button[@data-kt=\"saveButton\"]"}
COMMAND: POST /session/343af6daf6fbc7ee30938bcb5a9c3885/element/f.8C4C75981FBDA5C274A9290576C3313B.d.C53A21C8A00327C6B09910172FC05913.e.11170/click - {}
RESULT: {}
RESULT: {}
COMMAND: GET /session/343af6daf6fbc7ee30938bcb5a9c3885/screenshot - {}
RESULT: {}
COMMAND: POST /session/343af6daf6fbc7ee30938bcb5a9c3885/execute/async - {"script":"<script> [1562 bytes]","args":[{"selector":{"id":"application-manageconditionprice-display-component---conditions--smartFilterBar-btnBasicSearch","interaction":{"idSuffix":"I"}},"wdio_ui5_key":"applicationmanageconditionprice-display-component---conditions--smartFilterBar-btnBasicSearch"}]}
RESULT: {"script":"<script> [1562 bytes]","args":[{"selector":{"id":"application-manageconditionprice-display-component---conditions--smartFilterBar-btnBasicSearch","interaction":{"idSuffix":"I"}},"wdio_ui5_key":"applicationmanageconditionprice-display-component---conditions--smartFilterBar-btnBasicSearch"}]}
RESULT: undefined
COMMAND: POST /session/343af6daf6fbc7ee30938bcb5a9c3885/execute/async - {"script":"<script> [776 bytes]","args":[{"enterText":"slVyhbBJTV","selector":{"id":"application-manageconditionprice-display-component---conditions--smartFilterBar-btnBasicSearch","interaction":{"idSuffix":"I"}},"clearTextFirst":true,"interactionType":"ENTER_TEXT"}]}
RESULT: {"script":"<script> [776 bytes]","args":[{"enterText":"slVyhbBJTV","selector":{"id":"application-manageconditionprice-display-component---conditions--smartFilterBar-btnBasicSearch","interaction":{"idSuffix":"I"}},"clearTextFirst":true,"interactionType":"ENTER_TEXT"}]}
COMMAND: POST /session/343af6daf6fbc7ee30938bcb5a9c3885/actions - {"actions":[{"id":"action38","type":"key","parameters":{},"actions":[{"type":"keyDown","value":"î€‡"},{"type":"pause","duration":10},{"type":"keyUp","value":"î€‡"}]}]}
RESULT: {"actions":[{"id":"action38","type":"key","parameters":{},"actions":[{"type":"keyDown","value":"î€‡"},{"type":"pause","duration":10},{"type":"keyUp","value":"î€‡"}]}]}
COMMAND: GET /session/343af6daf6fbc7ee30938bcb5a9c3885/screenshot - {}
RESULT: {}
COMMAND: POST /session/343af6daf6fbc7ee30938bcb5a9c3885/execute/async - {"script":"<script> [1562 bytes]","args":[{"selector":{"id":"application-manageconditionprice-display-component---conditions--smartFilterBar-filterItemControl_BASIC-BILL_TYPES-vhi"},"wdio_ui5_key":"applicationmanageconditionprice-display-component---conditions--smartFilterBar-filterItemControl_BASIC-BILL_TYPES-vhi"}]}
RESULT: {"script":"<script> [1562 bytes]","args":[{"selector":{"id":"application-manageconditionprice-display-component---conditions--smartFilterBar-filterItemControl_BASIC-BILL_TYPES-vhi"},"wdio_ui5_key":"applicationmanageconditionprice-display-component---conditions--smartFilterBar-filterItemControl_BASIC-BILL_TYPES-vhi"}]}
RESULT: undefined
COMMAND: POST /session/343af6daf6fbc7ee30938bcb5a9c3885/element - {"using":"xpath","value":"//*[@id=\"application-manageconditionprice-display-component---conditions--smartFilterBar-filterItemControl_BASIC-BILL_TYPES-vhi\"]"}
RESULT: {"using":"xpath","value":"//*[@id=\"application-manageconditionprice-display-component---conditions--smartFilterBar-filterItemControl_BASIC-BILL_TYPES-vhi\"]"}
COMMAND: POST /session/343af6daf6fbc7ee30938bcb5a9c3885/element/f.8C4C75981FBDA5C274A9290576C3313B.d.C53A21C8A00327C6B09910172FC05913.e.11333/click - {}
RESULT: {}
COMMAND: POST /session/343af6daf6fbc7ee30938bcb5a9c3885/execute/async - {"script":"<script> [1562 bytes]","args":[{"selector":{"id":"application-manageconditionprice-display-component---conditions--smartFilterBar-filterItemControl_BASIC-BILL_TYPES-valueHelpDialog-smartFilterBar-btnBasicSearch","searchOpenDialogs":true,"interaction":{"idSuffix":"I"}},"wdio_ui5_key":"applicationmanageconditionprice-display-component---conditions--smartFilterBar-filterItemControl_BASIC-BILL_TYPES-valueHelpDialog-smartFilterBar-btnBasicSearch"}]}
COMMAND: GET /session/343af6daf6fbc7ee30938bcb5a9c3885/screenshot - {}
RESULT: {"script":"<script> [1562 bytes]","args":[{"selector":{"id":"application-manageconditionprice-display-component---conditions--smartFilterBar-filterItemControl_BASIC-BILL_TYPES-valueHelpDialog-smartFilterBar-btnBasicSearch","searchOpenDialogs":true,"interaction":{"idSuffix":"I"}},"wdio_ui5_key":"applicationmanageconditionprice-display-component---conditions--smartFilterBar-filterItemControl_BASIC-BILL_TYPES-valueHelpDialog-smartFilterBar-btnBasicSearch"}]}
RESULT: undefined
COMMAND: POST /session/343af6daf6fbc7ee30938bcb5a9c3885/execute/async - {"script":"<script> [776 bytes]","args":[{"enterText":"PB","selector":{"id":"application-manageconditionprice-display-component---conditions--smartFilterBar-filterItemControl_BASIC-BILL_TYPES-valueHelpDialog-smartFilterBar-btnBasicSearch","searchOpenDialogs":true,"interaction":{"idSuffix":"I"}},"clearTextFirst":true,"interactionType":"ENTER_TEXT"}]}
RESULT: {}
RESULT: {"script":"<script> [776 bytes]","args":[{"enterText":"PB","selector":{"id":"application-manageconditionprice-display-component---conditions--smartFilterBar-filterItemControl_BASIC-BILL_TYPES-valueHelpDialog-smartFilterBar-btnBasicSearch","searchOpenDialogs":true,"interaction":{"idSuffix":"I"}},"clearTextFirst":true,"interactionType":"ENTER_TEXT"}]}
COMMAND: POST /session/343af6daf6fbc7ee30938bcb5a9c3885/actions - {"actions":[{"id":"action39","type":"key","parameters":{},"actions":[{"type":"keyDown","value":"î€‡"},{"type":"pause","duration":10},{"type":"keyUp","value":"î€‡"}]}]}
RESULT: {"actions":[{"id":"action39","type":"key","parameters":{},"actions":[{"type":"keyDown","value":"î€‡"},{"type":"pause","duration":10},{"type":"keyUp","value":"î€‡"}]}]}
COMMAND: GET /session/343af6daf6fbc7ee30938bcb5a9c3885/screenshot - {}
RESULT: {}
COMMAND: POST /session/343af6daf6fbc7ee30938bcb5a9c3885/element - {"using":"xpath","value":"//div[contains(@id, 'application-manageconditionprice-display-component---conditions--smartFilterBar-filterItemControl_BASIC-BILL_TYPES-valueHelpDialog-table-rowsel0')]"}
RESULT: {"using":"xpath","value":"//div[contains(@id, 'application-manageconditionprice-display-component---conditions--smartFilterBar-filterItemControl_BASIC-BILL_TYPES-valueHelpDialog-table-rowsel0')]"}
COMMAND: POST /session/343af6daf6fbc7ee30938bcb5a9c3885/element/f.8C4C75981FBDA5C274A9290576C3313B.d.C53A21C8A00327C6B09910172FC05913.e.11343/click - {}
RESULT: {}
COMMAND: GET /session/343af6daf6fbc7ee30938bcb5a9c3885/screenshot - {}
RESULT: {}
COMMAND: POST /session/343af6daf6fbc7ee30938bcb5a9c3885/element - {"using":"xpath","value":"//bdi[contains(text(), \"OK\")]"}
RESULT: {"using":"xpath","value":"//bdi[contains(text(), \"OK\")]"}
COMMAND: POST /session/343af6daf6fbc7ee30938bcb5a9c3885/element/f.8C4C75981FBDA5C274A9290576C3313B.d.C53A21C8A00327C6B09910172FC05913.e.11345/click - {}
RESULT: {}
COMMAND: GET /session/343af6daf6fbc7ee30938bcb5a9c3885/screenshot - {}
RESULT: {}
COMMAND: POST /session/343af6daf6fbc7ee30938bcb5a9c3885/element - {"using":"xpath","value":"//span[@id=\"application-manageconditionprice-display-component---conditions--smartTable-header-inner\"]"}
RESULT: {"using":"xpath","value":"//span[@id=\"application-manageconditionprice-display-component---conditions--smartTable-header-inner\"]"}
COMMAND: POST /session/343af6daf6fbc7ee30938bcb5a9c3885/elements - {"using":"xpath","value":"//span[@id=\"application-manageconditionprice-display-component---conditions--smartTable-header-inner\"]"}
RESULT: {"using":"xpath","value":"//span[@id=\"application-manageconditionprice-display-component---conditions--smartTable-header-inner\"]"}
COMMAND: POST /session/343af6daf6fbc7ee30938bcb5a9c3885/execute/sync - {"script":"<script> [56 bytes]","args":[{"element-6066-11e4-a52e-4f735466cecf":"f.8C4C75981FBDA5C274A9290576C3313B.d.C53A21C8A00327C6B09910172FC05913.e.11348","ELEMENT":"f.8C4C75981FBDA5C274A9290576C3313B.d.C53A21C8A00327C6B09910172FC05913.e.11348"}]}
RESULT: {"script":"<script> [56 bytes]","args":[{"element-6066-11e4-a52e-4f735466cecf":"f.8C4C75981FBDA5C274A9290576C3313B.d.C53A21C8A00327C6B09910172FC05913.e.11348","ELEMENT":"f.8C4C75981FBDA5C274A9290576C3313B.d.C53A21C8A00327C6B09910172FC05913.e.11348"}]}
COMMAND: POST /session/343af6daf6fbc7ee30938bcb5a9c3885/element - {"using":"css selector","value":"#shell-header-logo"}
COMMAND: GET /session/343af6daf6fbc7ee30938bcb5a9c3885/screenshot - {}
RESULT: {"using":"css selector","value":"#shell-header-logo"}
COMMAND: POST /session/343af6daf6fbc7ee30938bcb5a9c3885/element/f.8C4C75981FBDA5C274A9290576C3313B.d.C53A21C8A00327C6B09910172FC05913.e.10993/click - {}
RESULT: {}
RESULT: {}
COMMAND: GET /session/343af6daf6fbc7ee30938bcb5a9c3885/screenshot - {}
RESULT: {}
]]></system-out>
    </testcase>
    <testcase classname="chrome.135_0_7049_96.windows.Performance_based_billing_(work_days)_US139742" name="Should add a counter to the equipment" time="49.478">
      <system-out><![CDATA[
RESULT: undefined
COMMAND: POST /session/343af6daf6fbc7ee30938bcb5a9c3885/element - {"using":"xpath","value":"//*[@id=\"__tile31\"]"}
RESULT: {"using":"xpath","value":"//*[@id=\"__tile31\"]"}
COMMAND: POST /session/343af6daf6fbc7ee30938bcb5a9c3885/element/f.8C4C75981FBDA5C274A9290576C3313B.d.C53A21C8A00327C6B09910172FC05913.e.10015/click - {}
RESULT: {}
COMMAND: POST /session/343af6daf6fbc7ee30938bcb5a9c3885/execute/async - {"script":"<script> [1562 bytes]","args":[{"selector":{"id":"application-manageresources-display-component---masterRU--smartFilterBar-btnBasicSearch","interaction":{"idSuffix":"I"}},"wdio_ui5_key":"applicationmanageresources-display-component---masterRU--smartFilterBar-btnBasicSearch"}]}
COMMAND: GET /session/343af6daf6fbc7ee30938bcb5a9c3885/screenshot - {}
RESULT: {"script":"<script> [1562 bytes]","args":[{"selector":{"id":"application-manageresources-display-component---masterRU--smartFilterBar-btnBasicSearch","interaction":{"idSuffix":"I"}},"wdio_ui5_key":"applicationmanageresources-display-component---masterRU--smartFilterBar-btnBasicSearch"}]}
RESULT: undefined
COMMAND: POST /session/343af6daf6fbc7ee30938bcb5a9c3885/execute/async - {"script":"<script> [776 bytes]","args":[{"enterText":"slVyhbBJTV","selector":{"id":"application-manageresources-display-component---masterRU--smartFilterBar-btnBasicSearch","interaction":{"idSuffix":"I"}},"clearTextFirst":true,"interactionType":"ENTER_TEXT"}]}
RESULT: {}
RESULT: {"script":"<script> [776 bytes]","args":[{"enterText":"slVyhbBJTV","selector":{"id":"application-manageresources-display-component---masterRU--smartFilterBar-btnBasicSearch","interaction":{"idSuffix":"I"}},"clearTextFirst":true,"interactionType":"ENTER_TEXT"}]}
COMMAND: POST /session/343af6daf6fbc7ee30938bcb5a9c3885/actions - {"actions":[{"id":"action40","type":"key","parameters":{},"actions":[{"type":"keyDown","value":"î€‡"},{"type":"pause","duration":10},{"type":"keyUp","value":"î€‡"}]}]}
RESULT: {"actions":[{"id":"action40","type":"key","parameters":{},"actions":[{"type":"keyDown","value":"î€‡"},{"type":"pause","duration":10},{"type":"keyUp","value":"î€‡"}]}]}
COMMAND: GET /session/343af6daf6fbc7ee30938bcb5a9c3885/screenshot - {}
RESULT: {}
COMMAND: POST /session/343af6daf6fbc7ee30938bcb5a9c3885/execute/async - {"script":"<script> [1562 bytes]","args":[{"selector":{"id":"application-manageresources-display-component---masterRU--smartTable-header"},"wdio_ui5_key":"applicationmanageresources-display-component---masterRU--smartTable-header"}]}
RESULT: {"script":"<script> [1562 bytes]","args":[{"selector":{"id":"application-manageresources-display-component---masterRU--smartTable-header"},"wdio_ui5_key":"applicationmanageresources-display-component---masterRU--smartTable-header"}]}
RESULT: undefined
COMMAND: POST /session/343af6daf6fbc7ee30938bcb5a9c3885/execute/async - {"script":"<script> [6424 bytes]","args":[{"element-6066-11e4-a52e-4f735466cecf":"f.8C4C75981FBDA5C274A9290576C3313B.d.C53A21C8A00327C6B09910172FC05913.e.11546"},"getText",[]]}
RESULT: {"script":"<script> [6424 bytes]","args":[{"element-6066-11e4-a52e-4f735466cecf":"f.8C4C75981FBDA5C274A9290576C3313B.d.C53A21C8A00327C6B09910172FC05913.e.11546"},"getText",[]]}
COMMAND: POST /session/343af6daf6fbc7ee30938bcb5a9c3885/execute/async - {"script":"<script> [1562 bytes]","args":[{"selector":{"controlType":"sap.ui.core.Icon","viewName":"etm.portal.ui.manageresources.view.Master","viewId":"application-manageresources-display-component---masterRU","properties":{"src":{"regex":{"source":"slim\\-arrow\\-right"}}}},"wdio_ui5_key":"etmportal.ui.manageresources.view.Mastersap.ui.core.Icon{\"src\":{\"regex\":{\"source\":\"slim\\\\-arrow\\\\-right\"}}}"}]}
RESULT: {"script":"<script> [1562 bytes]","args":[{"selector":{"controlType":"sap.ui.core.Icon","viewName":"etm.portal.ui.manageresources.view.Master","viewId":"application-manageresources-display-component---masterRU","properties":{"src":{"regex":{"source":"slim\\-arrow\\-right"}}}},"wdio_ui5_key":"etmportal.ui.manageresources.view.Mastersap.ui.core.Icon{\"src\":{\"regex\":{\"source\":\"slim\\\\-arrow\\\\-right\"}}}"}]}
RESULT: undefined
COMMAND: POST /session/343af6daf6fbc7ee30938bcb5a9c3885/element - {"using":"xpath","value":"//*[@id=\"__item1095-__clone2871-imgNav\"]"}
RESULT: {"using":"xpath","value":"//*[@id=\"__item1095-__clone2871-imgNav\"]"}
COMMAND: POST /session/343af6daf6fbc7ee30938bcb5a9c3885/element/f.8C4C75981FBDA5C274A9290576C3313B.d.C53A21C8A00327C6B09910172FC05913.e.11545/click - {}
RESULT: {}
COMMAND: GET /session/343af6daf6fbc7ee30938bcb5a9c3885/screenshot - {}
COMMAND: POST /session/343af6daf6fbc7ee30938bcb5a9c3885/element - {"using":"xpath","value":"//bdi[contains(text(), \"Edit\")]"}
RESULT: {}
RESULT: {"using":"xpath","value":"//bdi[contains(text(), \"Edit\")]"}
COMMAND: POST /session/343af6daf6fbc7ee30938bcb5a9c3885/execute/sync - {"script":"<script> [8489 bytes]","args":[{"element-6066-11e4-a52e-4f735466cecf":"f.8C4C75981FBDA5C274A9290576C3313B.d.C53A21C8A00327C6B09910172FC05913.e.11645","ELEMENT":"f.8C4C75981FBDA5C274A9290576C3313B.d.C53A21C8A00327C6B09910172FC05913.e.11645"}]}
RESULT: {"script":"<script> [8489 bytes]","args":[{"element-6066-11e4-a52e-4f735466cecf":"f.8C4C75981FBDA5C274A9290576C3313B.d.C53A21C8A00327C6B09910172FC05913.e.11645","ELEMENT":"f.8C4C75981FBDA5C274A9290576C3313B.d.C53A21C8A00327C6B09910172FC05913.e.11645"}]}
COMMAND: POST /session/343af6daf6fbc7ee30938bcb5a9c3885/element/f.8C4C75981FBDA5C274A9290576C3313B.d.C53A21C8A00327C6B09910172FC05913.e.11645/click - {}
COMMAND: GET /session/343af6daf6fbc7ee30938bcb5a9c3885/screenshot - {}
RESULT: {}
COMMAND: GET /session/343af6daf6fbc7ee30938bcb5a9c3885/screenshot - {}
RESULT: {}
RESULT: {}
COMMAND: POST /session/343af6daf6fbc7ee30938bcb5a9c3885/execute/async - {"script":"<script> [1562 bytes]","args":[{"selector":{"id":"application-manageresources-display-component---editResource--editRruPage-anchBar-application-manageresources-display-component---editResource--counters-anchor","interaction":{"idSuffix":"BDI-content"}},"wdio_ui5_key":"applicationmanageresources-display-component---editResource--editRruPage-anchBar-application-manageresources-display-component---editResource--counters-anchor"}]}
RESULT: {"script":"<script> [1562 bytes]","args":[{"selector":{"id":"application-manageresources-display-component---editResource--editRruPage-anchBar-application-manageresources-display-component---editResource--counters-anchor","interaction":{"idSuffix":"BDI-content"}},"wdio_ui5_key":"applicationmanageresources-display-component---editResource--editRruPage-anchBar-application-manageresources-display-component---editResource--counters-anchor"}]}
RESULT: undefined
COMMAND: POST /session/343af6daf6fbc7ee30938bcb5a9c3885/element - {"using":"xpath","value":"//*[@id=\"application-manageresources-display-component---editResource--editRruPage-anchBar-application-manageresources-display-component---editResource--counters-anchor\"]"}
RESULT: {"using":"xpath","value":"//*[@id=\"application-manageresources-display-component---editResource--editRruPage-anchBar-application-manageresources-display-component---editResource--counters-anchor\"]"}
COMMAND: POST /session/343af6daf6fbc7ee30938bcb5a9c3885/element/f.8C4C75981FBDA5C274A9290576C3313B.d.C53A21C8A00327C6B09910172FC05913.e.11805/click - {}
RESULT: {}
COMMAND: GET /session/343af6daf6fbc7ee30938bcb5a9c3885/screenshot - {}
RESULT: {}
COMMAND: POST /session/343af6daf6fbc7ee30938bcb5a9c3885/execute/async - {"script":"<script> [1562 bytes]","args":[{"selector":{"id":"application-manageresources-display-component---editResource--btnAddCounter-img"},"wdio_ui5_key":"applicationmanageresources-display-component---editResource--btnAddCounter-img"}]}
RESULT: {"script":"<script> [1562 bytes]","args":[{"selector":{"id":"application-manageresources-display-component---editResource--btnAddCounter-img"},"wdio_ui5_key":"applicationmanageresources-display-component---editResource--btnAddCounter-img"}]}
RESULT: undefined
COMMAND: POST /session/343af6daf6fbc7ee30938bcb5a9c3885/element - {"using":"xpath","value":"//*[@id=\"application-manageresources-display-component---editResource--btnAddCounter-img\"]"}
RESULT: {"using":"xpath","value":"//*[@id=\"application-manageresources-display-component---editResource--btnAddCounter-img\"]"}
COMMAND: POST /session/343af6daf6fbc7ee30938bcb5a9c3885/element/f.8C4C75981FBDA5C274A9290576C3313B.d.C53A21C8A00327C6B09910172FC05913.e.11810/click - {}
RESULT: {}
COMMAND: POST /session/343af6daf6fbc7ee30938bcb5a9c3885/execute/async - {"script":"<script> [1562 bytes]","args":[{"selector":{"id":"application-manageresources-display-component---editResource--COUNTER_ID-application-manageresources-display-component---editResource--RUCounters-0-arrow"},"wdio_ui5_key":"applicationmanageresources-display-component---editResource--COUNTER_ID-application-manageresources-display-component---editResource--RUCounters-0-arrow"}]}
COMMAND: GET /session/343af6daf6fbc7ee30938bcb5a9c3885/screenshot - {}
RESULT: {"script":"<script> [1562 bytes]","args":[{"selector":{"id":"application-manageresources-display-component---editResource--COUNTER_ID-application-manageresources-display-component---editResource--RUCounters-0-arrow"},"wdio_ui5_key":"applicationmanageresources-display-component---editResource--COUNTER_ID-application-manageresources-display-component---editResource--RUCounters-0-arrow"}]}
RESULT: undefined
COMMAND: POST /session/343af6daf6fbc7ee30938bcb5a9c3885/element - {"using":"xpath","value":"//*[@id=\"application-manageresources-display-component---editResource--COUNTER_ID-application-manageresources-display-component---editResource--RUCounters-0-arrow\"]"}
RESULT: {}
RESULT: {"using":"xpath","value":"//*[@id=\"application-manageresources-display-component---editResource--COUNTER_ID-application-manageresources-display-component---editResource--RUCounters-0-arrow\"]"}
COMMAND: POST /session/343af6daf6fbc7ee30938bcb5a9c3885/element/f.8C4C75981FBDA5C274A9290576C3313B.d.C53A21C8A00327C6B09910172FC05913.e.11825/click - {}
RESULT: {}
COMMAND: POST /session/343af6daf6fbc7ee30938bcb5a9c3885/execute/async - {"script":"<script> [1562 bytes]","args":[{"selector":{"controlType":"sap.m.StandardListItem","viewName":"etm.portal.ui.manageresources.view.EditResource","viewId":"application-manageresources-display-component---editResource","properties":{"title":"fuel"},"searchOpenDialogs":true,"interaction":{"idSuffix":"content"}},"wdio_ui5_key":"etmportal.ui.manageresources.view.EditResourcesap.m.StandardListItem{\"title\":\"fuel\"}"}]}
COMMAND: GET /session/343af6daf6fbc7ee30938bcb5a9c3885/screenshot - {}
RESULT: {"script":"<script> [1562 bytes]","args":[{"selector":{"controlType":"sap.m.StandardListItem","viewName":"etm.portal.ui.manageresources.view.EditResource","viewId":"application-manageresources-display-component---editResource","properties":{"title":"fuel"},"searchOpenDialogs":true,"interaction":{"idSuffix":"content"}},"wdio_ui5_key":"etmportal.ui.manageresources.view.EditResourcesap.m.StandardListItem{\"title\":\"fuel\"}"}]}
RESULT: undefined
COMMAND: POST /session/343af6daf6fbc7ee30938bcb5a9c3885/element - {"using":"xpath","value":"//*[@id=\"__item1400\"]"}
RESULT: {}
RESULT: {"using":"xpath","value":"//*[@id=\"__item1400\"]"}
COMMAND: POST /session/343af6daf6fbc7ee30938bcb5a9c3885/element/f.8C4C75981FBDA5C274A9290576C3313B.d.C53A21C8A00327C6B09910172FC05913.e.11827/click - {}
RESULT: {}
COMMAND: POST /session/343af6daf6fbc7ee30938bcb5a9c3885/execute/async - {"script":"<script> [1562 bytes]","args":[{"selector":{"controlType":"sap.m.Button","viewName":"etm.portal.ui.manageresources.view.EditResource","viewId":"application-manageresources-display-component---editResource","i18NText":{"propertyName":"text","key":"save"},"interaction":{"idSuffix":"BDI-content"}},"wdio_ui5_key":"etmportal.ui.manageresources.view.EditResourcesap.m.Button{\"propertyName\":\"text\",\"key\":\"save\"}"}]}
COMMAND: GET /session/343af6daf6fbc7ee30938bcb5a9c3885/screenshot - {}
RESULT: {"script":"<script> [1562 bytes]","args":[{"selector":{"controlType":"sap.m.Button","viewName":"etm.portal.ui.manageresources.view.EditResource","viewId":"application-manageresources-display-component---editResource","i18NText":{"propertyName":"text","key":"save"},"interaction":{"idSuffix":"BDI-content"}},"wdio_ui5_key":"etmportal.ui.manageresources.view.EditResourcesap.m.Button{\"propertyName\":\"text\",\"key\":\"save\"}"}]}
RESULT: undefined
COMMAND: POST /session/343af6daf6fbc7ee30938bcb5a9c3885/element - {"using":"xpath","value":"//*[@id=\"__button183\"]"}
RESULT: {}
RESULT: {"using":"xpath","value":"//*[@id=\"__button183\"]"}
COMMAND: POST /session/343af6daf6fbc7ee30938bcb5a9c3885/element/f.8C4C75981FBDA5C274A9290576C3313B.d.C53A21C8A00327C6B09910172FC05913.e.11829/click - {}
RESULT: {}
COMMAND: GET /session/343af6daf6fbc7ee30938bcb5a9c3885/screenshot - {}
RESULT: {}
COMMAND: POST /session/343af6daf6fbc7ee30938bcb5a9c3885/element - {"using":"css selector","value":"#shell-header-logo"}
RESULT: {"using":"css selector","value":"#shell-header-logo"}
COMMAND: POST /session/343af6daf6fbc7ee30938bcb5a9c3885/element/f.8C4C75981FBDA5C274A9290576C3313B.d.C53A21C8A00327C6B09910172FC05913.e.11354/click - {}
RESULT: {}
COMMAND: GET /session/343af6daf6fbc7ee30938bcb5a9c3885/screenshot - {}
RESULT: {}
]]></system-out>
    </testcase>
    <testcase classname="chrome.135_0_7049_96.windows.Performance_based_billing_(work_days)_US139742" name="Should do a stock increase on the yard for the equipment" time="86.958">
      <system-out><![CDATA[
COMMAND: POST /session/343af6daf6fbc7ee30938bcb5a9c3885/execute/async - {"script":"<script> [1562 bytes]","args":[{"selector":{"controlType":"sap.m.Text","viewName":"etm.portal.ui.managehandoverstile.view.Master","properties":{"text":"Manage Handovers"},"interaction":{"idSuffix":"inner"}},"wdio_ui5_key":"etmportal.ui.managehandoverstile.view.Mastersap.m.Text{\"text\":\"Manage Handovers\"}"}]}
RESULT: {"script":"<script> [1562 bytes]","args":[{"selector":{"controlType":"sap.m.Text","viewName":"etm.portal.ui.managehandoverstile.view.Master","properties":{"text":"Manage Handovers"},"interaction":{"idSuffix":"inner"}},"wdio_ui5_key":"etmportal.ui.managehandoverstile.view.Mastersap.m.Text{\"text\":\"Manage Handovers\"}"}]}
RESULT: undefined
COMMAND: POST /session/343af6daf6fbc7ee30938bcb5a9c3885/element - {"using":"xpath","value":"//*[@id=\"__tile132-title\"]"}
RESULT: {"using":"xpath","value":"//*[@id=\"__tile132-title\"]"}
COMMAND: POST /session/343af6daf6fbc7ee30938bcb5a9c3885/element/f.8C4C75981FBDA5C274A9290576C3313B.d.C53A21C8A00327C6B09910172FC05913.e.11838/click - {}
RESULT: {}
COMMAND: POST /session/343af6daf6fbc7ee30938bcb5a9c3885/element - {"using":"xpath","value":"//button[@data-kt=\"masterHOAddButton\"]"}
COMMAND: GET /session/343af6daf6fbc7ee30938bcb5a9c3885/screenshot - {}
RESULT: {"using":"xpath","value":"//button[@data-kt=\"masterHOAddButton\"]"}
COMMAND: POST /session/343af6daf6fbc7ee30938bcb5a9c3885/elements - {"using":"xpath","value":"//button[@data-kt=\"masterHOAddButton\"]"}
RESULT: {}
RESULT: {"using":"xpath","value":"//button[@data-kt=\"masterHOAddButton\"]"}
COMMAND: POST /session/343af6daf6fbc7ee30938bcb5a9c3885/elements - {"using":"xpath","value":"//button[@data-kt=\"masterHOAddButton\"]"}
RESULT: {"using":"xpath","value":"//button[@data-kt=\"masterHOAddButton\"]"}
COMMAND: POST /session/343af6daf6fbc7ee30938bcb5a9c3885/elements - {"using":"xpath","value":"//button[@data-kt=\"masterHOAddButton\"]"}
RESULT: {"using":"xpath","value":"//button[@data-kt=\"masterHOAddButton\"]"}
COMMAND: POST /session/343af6daf6fbc7ee30938bcb5a9c3885/elements - {"using":"xpath","value":"//button[@data-kt=\"masterHOAddButton\"]"}
RESULT: {"using":"xpath","value":"//button[@data-kt=\"masterHOAddButton\"]"}
COMMAND: POST /session/343af6daf6fbc7ee30938bcb5a9c3885/elements - {"using":"xpath","value":"//button[@data-kt=\"masterHOAddButton\"]"}
RESULT: {"using":"xpath","value":"//button[@data-kt=\"masterHOAddButton\"]"}
COMMAND: POST /session/343af6daf6fbc7ee30938bcb5a9c3885/elements - {"using":"xpath","value":"//button[@data-kt=\"masterHOAddButton\"]"}
RESULT: {"using":"xpath","value":"//button[@data-kt=\"masterHOAddButton\"]"}
COMMAND: POST /session/343af6daf6fbc7ee30938bcb5a9c3885/elements - {"using":"xpath","value":"//button[@data-kt=\"masterHOAddButton\"]"}
RESULT: {"using":"xpath","value":"//button[@data-kt=\"masterHOAddButton\"]"}
COMMAND: POST /session/343af6daf6fbc7ee30938bcb5a9c3885/elements - {"using":"xpath","value":"//button[@data-kt=\"masterHOAddButton\"]"}
RESULT: {"using":"xpath","value":"//button[@data-kt=\"masterHOAddButton\"]"}
COMMAND: POST /session/343af6daf6fbc7ee30938bcb5a9c3885/elements - {"using":"xpath","value":"//button[@data-kt=\"masterHOAddButton\"]"}
RESULT: {"using":"xpath","value":"//button[@data-kt=\"masterHOAddButton\"]"}
COMMAND: POST /session/343af6daf6fbc7ee30938bcb5a9c3885/elements - {"using":"xpath","value":"//button[@data-kt=\"masterHOAddButton\"]"}
RESULT: {"using":"xpath","value":"//button[@data-kt=\"masterHOAddButton\"]"}
COMMAND: POST /session/343af6daf6fbc7ee30938bcb5a9c3885/elements - {"using":"xpath","value":"//button[@data-kt=\"masterHOAddButton\"]"}
RESULT: {"using":"xpath","value":"//button[@data-kt=\"masterHOAddButton\"]"}
COMMAND: POST /session/343af6daf6fbc7ee30938bcb5a9c3885/elements - {"using":"xpath","value":"//button[@data-kt=\"masterHOAddButton\"]"}
RESULT: {"using":"xpath","value":"//button[@data-kt=\"masterHOAddButton\"]"}
COMMAND: POST /session/343af6daf6fbc7ee30938bcb5a9c3885/element - {"using":"xpath","value":"//button[@data-kt=\"masterHOAddButton\"]"}
RESULT: {"using":"xpath","value":"//button[@data-kt=\"masterHOAddButton\"]"}
COMMAND: POST /session/343af6daf6fbc7ee30938bcb5a9c3885/execute/sync - {"script":"<script> [8489 bytes]","args":[{"element-6066-11e4-a52e-4f735466cecf":"f.8C4C75981FBDA5C274A9290576C3313B.d.C53A21C8A00327C6B09910172FC05913.e.11877","ELEMENT":"f.8C4C75981FBDA5C274A9290576C3313B.d.C53A21C8A00327C6B09910172FC05913.e.11877"}]}
RESULT: {"script":"<script> [8489 bytes]","args":[{"element-6066-11e4-a52e-4f735466cecf":"f.8C4C75981FBDA5C274A9290576C3313B.d.C53A21C8A00327C6B09910172FC05913.e.11877","ELEMENT":"f.8C4C75981FBDA5C274A9290576C3313B.d.C53A21C8A00327C6B09910172FC05913.e.11877"}]}
COMMAND: GET /session/343af6daf6fbc7ee30938bcb5a9c3885/element/f.8C4C75981FBDA5C274A9290576C3313B.d.C53A21C8A00327C6B09910172FC05913.e.11877/enabled - {}
COMMAND: GET /session/343af6daf6fbc7ee30938bcb5a9c3885/screenshot - {}
RESULT: {}
COMMAND: POST /session/343af6daf6fbc7ee30938bcb5a9c3885/execute/sync - {"script":"<script> [8489 bytes]","args":[{"element-6066-11e4-a52e-4f735466cecf":"f.8C4C75981FBDA5C274A9290576C3313B.d.C53A21C8A00327C6B09910172FC05913.e.11877","ELEMENT":"f.8C4C75981FBDA5C274A9290576C3313B.d.C53A21C8A00327C6B09910172FC05913.e.11877"}]}
COMMAND: GET /session/343af6daf6fbc7ee30938bcb5a9c3885/screenshot - {}
RESULT: {}
RESULT: {"script":"<script> [8489 bytes]","args":[{"element-6066-11e4-a52e-4f735466cecf":"f.8C4C75981FBDA5C274A9290576C3313B.d.C53A21C8A00327C6B09910172FC05913.e.11877","ELEMENT":"f.8C4C75981FBDA5C274A9290576C3313B.d.C53A21C8A00327C6B09910172FC05913.e.11877"}]}
COMMAND: POST /session/343af6daf6fbc7ee30938bcb5a9c3885/execute/sync - {"script":"<script> [5351 bytes]","args":[{"element-6066-11e4-a52e-4f735466cecf":"f.8C4C75981FBDA5C274A9290576C3313B.d.C53A21C8A00327C6B09910172FC05913.e.11877","ELEMENT":"f.8C4C75981FBDA5C274A9290576C3313B.d.C53A21C8A00327C6B09910172FC05913.e.11877"}]}
COMMAND: GET /session/343af6daf6fbc7ee30938bcb5a9c3885/screenshot - {}
RESULT: {}
RESULT: {"script":"<script> [5351 bytes]","args":[{"element-6066-11e4-a52e-4f735466cecf":"f.8C4C75981FBDA5C274A9290576C3313B.d.C53A21C8A00327C6B09910172FC05913.e.11877","ELEMENT":"f.8C4C75981FBDA5C274A9290576C3313B.d.C53A21C8A00327C6B09910172FC05913.e.11877"}]}
COMMAND: POST /session/343af6daf6fbc7ee30938bcb5a9c3885/element/f.8C4C75981FBDA5C274A9290576C3313B.d.C53A21C8A00327C6B09910172FC05913.e.11877/click - {}
COMMAND: GET /session/343af6daf6fbc7ee30938bcb5a9c3885/screenshot - {}
RESULT: {}
RESULT: {}
COMMAND: GET /session/343af6daf6fbc7ee30938bcb5a9c3885/screenshot - {}
RESULT: {}
RESULT: {}
COMMAND: POST /session/343af6daf6fbc7ee30938bcb5a9c3885/element - {"using":"xpath","value":"//span[contains(@id ,\"AddNewHO--typeSelect-arrow\")]"}
RESULT: {"using":"xpath","value":"//span[contains(@id ,\"AddNewHO--typeSelect-arrow\")]"}
COMMAND: POST /session/343af6daf6fbc7ee30938bcb5a9c3885/element/f.8C4C75981FBDA5C274A9290576C3313B.d.C53A21C8A00327C6B09910172FC05913.e.12184/click - {}
RESULT: {}
COMMAND: GET /session/343af6daf6fbc7ee30938bcb5a9c3885/screenshot - {}
RESULT: {}
COMMAND: POST /session/343af6daf6fbc7ee30938bcb5a9c3885/element - {"using":"xpath","value":"(//li[contains(text(), \"stock increase yard\")])[1]"}
RESULT: {"using":"xpath","value":"(//li[contains(text(), \"stock increase yard\")])[1]"}
COMMAND: POST /session/343af6daf6fbc7ee30938bcb5a9c3885/element/f.8C4C75981FBDA5C274A9290576C3313B.d.C53A21C8A00327C6B09910172FC05913.e.12185/click - {}
RESULT: {}
COMMAND: GET /session/343af6daf6fbc7ee30938bcb5a9c3885/screenshot - {}
RESULT: {}
COMMAND: POST /session/343af6daf6fbc7ee30938bcb5a9c3885/execute/async - {"script":"<script> [1562 bytes]","args":[{"selector":{"id":"application-managehandovers-display-component---AddNewHO--dueDate","interaction":{"idSuffix":"inner"}},"wdio_ui5_key":"applicationmanagehandovers-display-component---AddNewHO--dueDate"}]}
RESULT: {"script":"<script> [1562 bytes]","args":[{"selector":{"id":"application-managehandovers-display-component---AddNewHO--dueDate","interaction":{"idSuffix":"inner"}},"wdio_ui5_key":"applicationmanagehandovers-display-component---AddNewHO--dueDate"}]}
RESULT: undefined
COMMAND: POST /session/343af6daf6fbc7ee30938bcb5a9c3885/execute/async - {"script":"<script> [6424 bytes]","args":[{"element-6066-11e4-a52e-4f735466cecf":"f.8C4C75981FBDA5C274A9290576C3313B.d.C53A21C8A00327C6B09910172FC05913.e.12187"},"setValue",["05/05/2025"]]}
RESULT: {"script":"<script> [6424 bytes]","args":[{"element-6066-11e4-a52e-4f735466cecf":"f.8C4C75981FBDA5C274A9290576C3313B.d.C53A21C8A00327C6B09910172FC05913.e.12187"},"setValue",["05/05/2025"]]}
COMMAND: POST /session/343af6daf6fbc7ee30938bcb5a9c3885/element - {"using":"xpath","value":"//input[@id=\"generalSectionFrg--receiveYard-inner\"]"}
RESULT: {"using":"xpath","value":"//input[@id=\"generalSectionFrg--receiveYard-inner\"]"}
COMMAND: POST /session/343af6daf6fbc7ee30938bcb5a9c3885/element/f.8C4C75981FBDA5C274A9290576C3313B.d.C53A21C8A00327C6B09910172FC05913.e.12193/clear - {}
RESULT: {}
COMMAND: POST /session/343af6daf6fbc7ee30938bcb5a9c3885/element/f.8C4C75981FBDA5C274A9290576C3313B.d.C53A21C8A00327C6B09910172FC05913.e.12193/value - {"text":"598"}
COMMAND: GET /session/343af6daf6fbc7ee30938bcb5a9c3885/screenshot - {}
RESULT: {}
RESULT: {"text":"598"}
COMMAND: GET /session/343af6daf6fbc7ee30938bcb5a9c3885/screenshot - {}
RESULT: {}
COMMAND: POST /session/343af6daf6fbc7ee30938bcb5a9c3885/element - {"using":"xpath","value":"//li[.//span[text()='598']]"}
RESULT: {"using":"xpath","value":"//li[.//span[text()='598']]"}
COMMAND: POST /session/343af6daf6fbc7ee30938bcb5a9c3885/element/f.8C4C75981FBDA5C274A9290576C3313B.d.C53A21C8A00327C6B09910172FC05913.e.12210/click - {}
RESULT: {}
COMMAND: GET /session/343af6daf6fbc7ee30938bcb5a9c3885/screenshot - {}
RESULT: {}
COMMAND: POST /session/343af6daf6fbc7ee30938bcb5a9c3885/execute/async - {"script":"<script> [1562 bytes]","args":[{"selector":{"id":"application-managehandovers-display-component---AddNewHO--ObjectPageLayout-anchBar-application-managehandovers-display-component---AddNewHO--section4-anchor","interaction":{"idSuffix":"BDI-content"}},"wdio_ui5_key":"applicationmanagehandovers-display-component---AddNewHO--ObjectPageLayout-anchBar-application-managehandovers-display-component---AddNewHO--section4-anchor"}]}
RESULT: {"script":"<script> [1562 bytes]","args":[{"selector":{"id":"application-managehandovers-display-component---AddNewHO--ObjectPageLayout-anchBar-application-managehandovers-display-component---AddNewHO--section4-anchor","interaction":{"idSuffix":"BDI-content"}},"wdio_ui5_key":"applicationmanagehandovers-display-component---AddNewHO--ObjectPageLayout-anchBar-application-managehandovers-display-component---AddNewHO--section4-anchor"}]}
RESULT: undefined
COMMAND: POST /session/343af6daf6fbc7ee30938bcb5a9c3885/element - {"using":"xpath","value":"//*[@id=\"application-managehandovers-display-component---AddNewHO--ObjectPageLayout-anchBar-application-managehandovers-display-component---AddNewHO--section4-anchor\"]"}
RESULT: {"using":"xpath","value":"//*[@id=\"application-managehandovers-display-component---AddNewHO--ObjectPageLayout-anchBar-application-managehandovers-display-component---AddNewHO--section4-anchor\"]"}
COMMAND: POST /session/343af6daf6fbc7ee30938bcb5a9c3885/element/f.8C4C75981FBDA5C274A9290576C3313B.d.C53A21C8A00327C6B09910172FC05913.e.12212/click - {}
RESULT: {}
COMMAND: POST /session/343af6daf6fbc7ee30938bcb5a9c3885/element - {"using":"xpath","value":"//button[@aria-label=\"Add\"]"}
COMMAND: GET /session/343af6daf6fbc7ee30938bcb5a9c3885/screenshot - {}
RESULT: {"using":"xpath","value":"//button[@aria-label=\"Add\"]"}
COMMAND: POST /session/343af6daf6fbc7ee30938bcb5a9c3885/element/f.8C4C75981FBDA5C274A9290576C3313B.d.C53A21C8A00327C6B09910172FC05913.e.12214/click - {}
RESULT: {}
RESULT: {}
COMMAND: GET /session/343af6daf6fbc7ee30938bcb5a9c3885/screenshot - {}
RESULT: {}
COMMAND: POST /session/343af6daf6fbc7ee30938bcb5a9c3885/execute/async - {"script":"<script> [1562 bytes]","args":[{"selector":{"id":"application-managehandovers-display-component---AddNewHO--smartFilterBar-btnBasicSearch","searchOpenDialogs":true,"interaction":{"idSuffix":"I"}},"wdio_ui5_key":"applicationmanagehandovers-display-component---AddNewHO--smartFilterBar-btnBasicSearch"}]}
RESULT: {"script":"<script> [1562 bytes]","args":[{"selector":{"id":"application-managehandovers-display-component---AddNewHO--smartFilterBar-btnBasicSearch","searchOpenDialogs":true,"interaction":{"idSuffix":"I"}},"wdio_ui5_key":"applicationmanagehandovers-display-component---AddNewHO--smartFilterBar-btnBasicSearch"}]}
RESULT: undefined
COMMAND: POST /session/343af6daf6fbc7ee30938bcb5a9c3885/execute/async - {"script":"<script> [776 bytes]","args":[{"enterText":"slVyhbBJTV","selector":{"id":"application-managehandovers-display-component---AddNewHO--smartFilterBar-btnBasicSearch","searchOpenDialogs":true,"interaction":{"idSuffix":"I"}},"clearTextFirst":true,"interactionType":"ENTER_TEXT"}]}
RESULT: {"script":"<script> [776 bytes]","args":[{"enterText":"slVyhbBJTV","selector":{"id":"application-managehandovers-display-component---AddNewHO--smartFilterBar-btnBasicSearch","searchOpenDialogs":true,"interaction":{"idSuffix":"I"}},"clearTextFirst":true,"interactionType":"ENTER_TEXT"}]}
COMMAND: POST /session/343af6daf6fbc7ee30938bcb5a9c3885/actions - {"actions":[{"id":"action41","type":"key","parameters":{},"actions":[{"type":"keyDown","value":"î€‡"},{"type":"pause","duration":10},{"type":"keyUp","value":"î€‡"}]}]}
RESULT: {"actions":[{"id":"action41","type":"key","parameters":{},"actions":[{"type":"keyDown","value":"î€‡"},{"type":"pause","duration":10},{"type":"keyUp","value":"î€‡"}]}]}
COMMAND: GET /session/343af6daf6fbc7ee30938bcb5a9c3885/screenshot - {}
RESULT: {}
COMMAND: POST /session/343af6daf6fbc7ee30938bcb5a9c3885/execute/async - {"script":"<script> [1562 bytes]","args":[{"selector":{"id":"application-managehandovers-display-component---AddNewHO--popup-sa","searchOpenDialogs":true,"interaction":{"idSuffix":"CbBg"}},"wdio_ui5_key":"applicationmanagehandovers-display-component---AddNewHO--popup-sa"}]}
RESULT: {"script":"<script> [1562 bytes]","args":[{"selector":{"id":"application-managehandovers-display-component---AddNewHO--popup-sa","searchOpenDialogs":true,"interaction":{"idSuffix":"CbBg"}},"wdio_ui5_key":"applicationmanagehandovers-display-component---AddNewHO--popup-sa"}]}
RESULT: undefined
COMMAND: POST /session/343af6daf6fbc7ee30938bcb5a9c3885/element - {"using":"xpath","value":"//*[@id=\"application-managehandovers-display-component---AddNewHO--popup-sa\"]"}
RESULT: {"using":"xpath","value":"//*[@id=\"application-managehandovers-display-component---AddNewHO--popup-sa\"]"}
COMMAND: POST /session/343af6daf6fbc7ee30938bcb5a9c3885/element/f.8C4C75981FBDA5C274A9290576C3313B.d.C53A21C8A00327C6B09910172FC05913.e.12368/click - {}
RESULT: {}
COMMAND: GET /session/343af6daf6fbc7ee30938bcb5a9c3885/screenshot - {}
RESULT: {}
COMMAND: POST /session/343af6daf6fbc7ee30938bcb5a9c3885/element - {"using":"xpath","value":"//bdi[contains(text(), \"Select\")]"}
RESULT: {"using":"xpath","value":"//bdi[contains(text(), \"Select\")]"}
COMMAND: POST /session/343af6daf6fbc7ee30938bcb5a9c3885/element/f.8C4C75981FBDA5C274A9290576C3313B.d.C53A21C8A00327C6B09910172FC05913.e.12369/click - {}
RESULT: {}
COMMAND: GET /session/343af6daf6fbc7ee30938bcb5a9c3885/screenshot - {}
RESULT: {}
COMMAND: POST /session/343af6daf6fbc7ee30938bcb5a9c3885/element - {"using":"xpath","value":"//button[@data-kt=\"AddNewHOSaveButton\"]"}
RESULT: {"using":"xpath","value":"//button[@data-kt=\"AddNewHOSaveButton\"]"}
COMMAND: POST /session/343af6daf6fbc7ee30938bcb5a9c3885/element/f.8C4C75981FBDA5C274A9290576C3313B.d.C53A21C8A00327C6B09910172FC05913.e.12373/click - {}
RESULT: {}
COMMAND: GET /session/343af6daf6fbc7ee30938bcb5a9c3885/screenshot - {}
RESULT: {}
COMMAND: POST /session/343af6daf6fbc7ee30938bcb5a9c3885/execute/async - {"script":"<script> [1562 bytes]","args":[{"selector":{"id":"receiptDatePicker","viewName":"etm.portal.ui.managehandovers.view.DetailExecuteHO","interaction":{"idSuffix":"inner"}},"wdio_ui5_key":"receiptDatePickeretmportal.ui.managehandovers.view.DetailExecuteHO"}]}
RESULT: {"script":"<script> [1562 bytes]","args":[{"selector":{"id":"receiptDatePicker","viewName":"etm.portal.ui.managehandovers.view.DetailExecuteHO","interaction":{"idSuffix":"inner"}},"wdio_ui5_key":"receiptDatePickeretmportal.ui.managehandovers.view.DetailExecuteHO"}]}
RESULT: undefined
COMMAND: POST /session/343af6daf6fbc7ee30938bcb5a9c3885/execute/async - {"script":"<script> [6424 bytes]","args":[{"element-6066-11e4-a52e-4f735466cecf":"f.8C4C75981FBDA5C274A9290576C3313B.d.C53A21C8A00327C6B09910172FC05913.e.12400"},"setValue",["05/05/2025"]]}
RESULT: {"script":"<script> [6424 bytes]","args":[{"element-6066-11e4-a52e-4f735466cecf":"f.8C4C75981FBDA5C274A9290576C3313B.d.C53A21C8A00327C6B09910172FC05913.e.12400"},"setValue",["05/05/2025"]]}
COMMAND: POST /session/343af6daf6fbc7ee30938bcb5a9c3885/element - {"using":"xpath","value":"//button[@data-kt=\"PickingTableConfirmAllButton\"]"}
RESULT: {"using":"xpath","value":"//button[@data-kt=\"PickingTableConfirmAllButton\"]"}
COMMAND: POST /session/343af6daf6fbc7ee30938bcb5a9c3885/element/f.8C4C75981FBDA5C274A9290576C3313B.d.C53A21C8A00327C6B09910172FC05913.e.12415/click - {}
RESULT: {}
COMMAND: GET /session/343af6daf6fbc7ee30938bcb5a9c3885/screenshot - {}
RESULT: {}
COMMAND: POST /session/343af6daf6fbc7ee30938bcb5a9c3885/element - {"using":"xpath","value":"//bdi[contains(text(), \"OK\")]"}
RESULT: {"using":"xpath","value":"//bdi[contains(text(), \"OK\")]"}
COMMAND: POST /session/343af6daf6fbc7ee30938bcb5a9c3885/element/f.8C4C75981FBDA5C274A9290576C3313B.d.C53A21C8A00327C6B09910172FC05913.e.12418/click - {}
RESULT: {}
COMMAND: GET /session/343af6daf6fbc7ee30938bcb5a9c3885/screenshot - {}
RESULT: {}
COMMAND: POST /session/343af6daf6fbc7ee30938bcb5a9c3885/element - {"using":"xpath","value":"(//bdi[contains(text(), \"Receive\")])[2]"}
RESULT: {"using":"xpath","value":"(//bdi[contains(text(), \"Receive\")])[2]"}
COMMAND: POST /session/343af6daf6fbc7ee30938bcb5a9c3885/element/f.8C4C75981FBDA5C274A9290576C3313B.d.C53A21C8A00327C6B09910172FC05913.e.12419/click - {}
RESULT: {}
COMMAND: GET /session/343af6daf6fbc7ee30938bcb5a9c3885/screenshot - {}
RESULT: {}
COMMAND: POST /session/343af6daf6fbc7ee30938bcb5a9c3885/element - {"using":"css selector","value":"#shell-header-logo"}
RESULT: {"using":"css selector","value":"#shell-header-logo"}
COMMAND: POST /session/343af6daf6fbc7ee30938bcb5a9c3885/element/f.8C4C75981FBDA5C274A9290576C3313B.d.C53A21C8A00327C6B09910172FC05913.e.11840/click - {}
RESULT: {}
COMMAND: GET /session/343af6daf6fbc7ee30938bcb5a9c3885/screenshot - {}
RESULT: {}
]]></system-out>
    </testcase>
    <testcase classname="chrome.135_0_7049_96.windows.Performance_based_billing_(work_days)_US139742" name="Should create a new contract" time="54.522">
      <system-out><![CDATA[
COMMAND: POST /session/343af6daf6fbc7ee30938bcb5a9c3885/execute/async - {"script":"<script> [1562 bytes]","args":[{"selector":{"controlType":"sap.m.Text","viewName":"etm.portal.ui.managecontractstile.view.Master","properties":{"text":"Manage Contracts"},"interaction":{"idSuffix":"inner"}},"wdio_ui5_key":"etmportal.ui.managecontractstile.view.Mastersap.m.Text{\"text\":\"Manage Contracts\"}"}]}
RESULT: {"script":"<script> [1562 bytes]","args":[{"selector":{"controlType":"sap.m.Text","viewName":"etm.portal.ui.managecontractstile.view.Master","properties":{"text":"Manage Contracts"},"interaction":{"idSuffix":"inner"}},"wdio_ui5_key":"etmportal.ui.managecontractstile.view.Mastersap.m.Text{\"text\":\"Manage Contracts\"}"}]}
RESULT: undefined
COMMAND: POST /session/343af6daf6fbc7ee30938bcb5a9c3885/element - {"using":"xpath","value":"//*[@id=\"__tile131-title\"]"}
RESULT: {"using":"xpath","value":"//*[@id=\"__tile131-title\"]"}
COMMAND: POST /session/343af6daf6fbc7ee30938bcb5a9c3885/element/f.8C4C75981FBDA5C274A9290576C3313B.d.C53A21C8A00327C6B09910172FC05913.e.12746/click - {}
RESULT: {}
COMMAND: GET /session/343af6daf6fbc7ee30938bcb5a9c3885/screenshot - {}
COMMAND: POST /session/343af6daf6fbc7ee30938bcb5a9c3885/element - {"using":"xpath","value":"//button[@data-kt=\"addButton\"]"}
RESULT: {}
RESULT: {"using":"xpath","value":"//button[@data-kt=\"addButton\"]"}
COMMAND: POST /session/343af6daf6fbc7ee30938bcb5a9c3885/elements - {"using":"xpath","value":"//button[@data-kt=\"addButton\"]"}
RESULT: {"using":"xpath","value":"//button[@data-kt=\"addButton\"]"}
COMMAND: POST /session/343af6daf6fbc7ee30938bcb5a9c3885/execute/sync - {"script":"<script> [8489 bytes]","args":[{"element-6066-11e4-a52e-4f735466cecf":"f.8C4C75981FBDA5C274A9290576C3313B.d.C53A21C8A00327C6B09910172FC05913.e.12816","ELEMENT":"f.8C4C75981FBDA5C274A9290576C3313B.d.C53A21C8A00327C6B09910172FC05913.e.12816"}]}
RESULT: {"script":"<script> [8489 bytes]","args":[{"element-6066-11e4-a52e-4f735466cecf":"f.8C4C75981FBDA5C274A9290576C3313B.d.C53A21C8A00327C6B09910172FC05913.e.12816","ELEMENT":"f.8C4C75981FBDA5C274A9290576C3313B.d.C53A21C8A00327C6B09910172FC05913.e.12816"}]}
COMMAND: GET /session/343af6daf6fbc7ee30938bcb5a9c3885/element/f.8C4C75981FBDA5C274A9290576C3313B.d.C53A21C8A00327C6B09910172FC05913.e.12816/enabled - {}
COMMAND: GET /session/343af6daf6fbc7ee30938bcb5a9c3885/screenshot - {}
RESULT: {}
COMMAND: POST /session/343af6daf6fbc7ee30938bcb5a9c3885/execute/sync - {"script":"<script> [8489 bytes]","args":[{"element-6066-11e4-a52e-4f735466cecf":"f.8C4C75981FBDA5C274A9290576C3313B.d.C53A21C8A00327C6B09910172FC05913.e.12816","ELEMENT":"f.8C4C75981FBDA5C274A9290576C3313B.d.C53A21C8A00327C6B09910172FC05913.e.12816"}]}
COMMAND: GET /session/343af6daf6fbc7ee30938bcb5a9c3885/screenshot - {}
RESULT: {}
RESULT: {"script":"<script> [8489 bytes]","args":[{"element-6066-11e4-a52e-4f735466cecf":"f.8C4C75981FBDA5C274A9290576C3313B.d.C53A21C8A00327C6B09910172FC05913.e.12816","ELEMENT":"f.8C4C75981FBDA5C274A9290576C3313B.d.C53A21C8A00327C6B09910172FC05913.e.12816"}]}
COMMAND: POST /session/343af6daf6fbc7ee30938bcb5a9c3885/execute/sync - {"script":"<script> [5351 bytes]","args":[{"element-6066-11e4-a52e-4f735466cecf":"f.8C4C75981FBDA5C274A9290576C3313B.d.C53A21C8A00327C6B09910172FC05913.e.12816","ELEMENT":"f.8C4C75981FBDA5C274A9290576C3313B.d.C53A21C8A00327C6B09910172FC05913.e.12816"}]}
COMMAND: GET /session/343af6daf6fbc7ee30938bcb5a9c3885/screenshot - {}
RESULT: {}
RESULT: {"script":"<script> [5351 bytes]","args":[{"element-6066-11e4-a52e-4f735466cecf":"f.8C4C75981FBDA5C274A9290576C3313B.d.C53A21C8A00327C6B09910172FC05913.e.12816","ELEMENT":"f.8C4C75981FBDA5C274A9290576C3313B.d.C53A21C8A00327C6B09910172FC05913.e.12816"}]}
COMMAND: GET /session/343af6daf6fbc7ee30938bcb5a9c3885/screenshot - {}
RESULT: {}
RESULT: {}
COMMAND: POST /session/343af6daf6fbc7ee30938bcb5a9c3885/element/f.8C4C75981FBDA5C274A9290576C3313B.d.C53A21C8A00327C6B09910172FC05913.e.12816/click - {}
RESULT: {}
COMMAND: GET /session/343af6daf6fbc7ee30938bcb5a9c3885/screenshot - {}
COMMAND: POST /session/343af6daf6fbc7ee30938bcb5a9c3885/execute/async - {"script":"<script> [1562 bytes]","args":[{"selector":{"id":"application-managecontracts-display-component---AddNewContract--projectDescription","interaction":{"idSuffix":"inner"}},"wdio_ui5_key":"applicationmanagecontracts-display-component---AddNewContract--projectDescription"}]}
RESULT: {}
RESULT: {"script":"<script> [1562 bytes]","args":[{"selector":{"id":"application-managecontracts-display-component---AddNewContract--projectDescription","interaction":{"idSuffix":"inner"}},"wdio_ui5_key":"applicationmanagecontracts-display-component---AddNewContract--projectDescription"}]}
RESULT: undefined
COMMAND: POST /session/343af6daf6fbc7ee30938bcb5a9c3885/execute/async - {"script":"<script> [776 bytes]","args":[{"enterText":"Performance Contract WDIO","selector":{"id":"application-managecontracts-display-component---AddNewContract--projectDescription","interaction":{"idSuffix":"inner"}},"clearTextFirst":true,"interactionType":"ENTER_TEXT"}]}
RESULT: {"script":"<script> [776 bytes]","args":[{"enterText":"Performance Contract WDIO","selector":{"id":"application-managecontracts-display-component---AddNewContract--projectDescription","interaction":{"idSuffix":"inner"}},"clearTextFirst":true,"interactionType":"ENTER_TEXT"}]}
COMMAND: POST /session/343af6daf6fbc7ee30938bcb5a9c3885/element - {"using":"xpath","value":"//input[@id=\"application-managecontracts-display-component---AddNewContract--site-inner\"]"}
RESULT: {"using":"xpath","value":"//input[@id=\"application-managecontracts-display-component---AddNewContract--site-inner\"]"}
COMMAND: POST /session/343af6daf6fbc7ee30938bcb5a9c3885/element/f.8C4C75981FBDA5C274A9290576C3313B.d.C53A21C8A00327C6B09910172FC05913.e.13109/clear - {}
RESULT: {}
COMMAND: POST /session/343af6daf6fbc7ee30938bcb5a9c3885/element/f.8C4C75981FBDA5C274A9290576C3313B.d.C53A21C8A00327C6B09910172FC05913.e.13109/value - {"text":"2435"}
COMMAND: GET /session/343af6daf6fbc7ee30938bcb5a9c3885/screenshot - {}
RESULT: {"text":"2435"}
COMMAND: GET /session/343af6daf6fbc7ee30938bcb5a9c3885/screenshot - {}
RESULT: {}
RESULT: {}
COMMAND: POST /session/343af6daf6fbc7ee30938bcb5a9c3885/element - {"using":"xpath","value":"//li[.//span[text()='2435']]"}
RESULT: {"using":"xpath","value":"//li[.//span[text()='2435']]"}
COMMAND: POST /session/343af6daf6fbc7ee30938bcb5a9c3885/element/f.8C4C75981FBDA5C274A9290576C3313B.d.C53A21C8A00327C6B09910172FC05913.e.13133/click - {}
RESULT: {}
COMMAND: GET /session/343af6daf6fbc7ee30938bcb5a9c3885/screenshot - {}
RESULT: {}
COMMAND: POST /session/343af6daf6fbc7ee30938bcb5a9c3885/element - {"using":"xpath","value":"//input[@id=\"application-managecontracts-display-component---AddNewContract--yardId-inner\"]"}
RESULT: {"using":"xpath","value":"//input[@id=\"application-managecontracts-display-component---AddNewContract--yardId-inner\"]"}
COMMAND: GET /session/343af6daf6fbc7ee30938bcb5a9c3885/element/f.8C4C75981FBDA5C274A9290576C3313B.d.C53A21C8A00327C6B09910172FC05913.e.13110/property/value - {}
RESULT: {}
COMMAND: POST /session/343af6daf6fbc7ee30938bcb5a9c3885/element - {"using":"xpath","value":"//input[@id=\"application-managecontracts-display-component---AddNewContract--customerSelect-inner\"]"}
COMMAND: GET /session/343af6daf6fbc7ee30938bcb5a9c3885/screenshot - {}
RESULT: {"using":"xpath","value":"//input[@id=\"application-managecontracts-display-component---AddNewContract--customerSelect-inner\"]"}
COMMAND: POST /session/343af6daf6fbc7ee30938bcb5a9c3885/element/f.8C4C75981FBDA5C274A9290576C3313B.d.C53A21C8A00327C6B09910172FC05913.e.13108/clear - {}
RESULT: {}
RESULT: {}
COMMAND: POST /session/343af6daf6fbc7ee30938bcb5a9c3885/element/f.8C4C75981FBDA5C274A9290576C3313B.d.C53A21C8A00327C6B09910172FC05913.e.13108/value - {"text":"1471"}
COMMAND: GET /session/343af6daf6fbc7ee30938bcb5a9c3885/screenshot - {}
RESULT: {"text":"1471"}
COMMAND: GET /session/343af6daf6fbc7ee30938bcb5a9c3885/screenshot - {}
RESULT: {}
RESULT: {}
COMMAND: POST /session/343af6daf6fbc7ee30938bcb5a9c3885/element - {"using":"xpath","value":"//li[.//span[text()='1471']]"}
RESULT: {"using":"xpath","value":"//li[.//span[text()='1471']]"}
COMMAND: POST /session/343af6daf6fbc7ee30938bcb5a9c3885/element/f.8C4C75981FBDA5C274A9290576C3313B.d.C53A21C8A00327C6B09910172FC05913.e.13136/click - {}
RESULT: {}
COMMAND: GET /session/343af6daf6fbc7ee30938bcb5a9c3885/screenshot - {}
RESULT: {}
COMMAND: POST /session/343af6daf6fbc7ee30938bcb5a9c3885/element - {"using":"xpath","value":"//button[@data-kt=\"saveButton\"]"}
RESULT: {"using":"xpath","value":"//button[@data-kt=\"saveButton\"]"}
COMMAND: POST /session/343af6daf6fbc7ee30938bcb5a9c3885/element/f.8C4C75981FBDA5C274A9290576C3313B.d.C53A21C8A00327C6B09910172FC05913.e.13126/click - {}
RESULT: {}
COMMAND: GET /session/343af6daf6fbc7ee30938bcb5a9c3885/screenshot - {}
RESULT: {}
COMMAND: POST /session/343af6daf6fbc7ee30938bcb5a9c3885/element - {"using":"xpath","value":"//span[contains(@id ,\"contractDetailTitleNoExpanded\")]"}
RESULT: {"using":"xpath","value":"//span[contains(@id ,\"contractDetailTitleNoExpanded\")]"}
COMMAND: POST /session/343af6daf6fbc7ee30938bcb5a9c3885/elements - {"using":"xpath","value":"//span[contains(@id ,\"contractDetailTitleNoExpanded\")]"}
RESULT: {"using":"xpath","value":"//span[contains(@id ,\"contractDetailTitleNoExpanded\")]"}
COMMAND: POST /session/343af6daf6fbc7ee30938bcb5a9c3885/execute/sync - {"script":"<script> [56 bytes]","args":[{"element-6066-11e4-a52e-4f735466cecf":"f.8C4C75981FBDA5C274A9290576C3313B.d.C53A21C8A00327C6B09910172FC05913.e.13146","ELEMENT":"f.8C4C75981FBDA5C274A9290576C3313B.d.C53A21C8A00327C6B09910172FC05913.e.13146"}]}
RESULT: {"script":"<script> [56 bytes]","args":[{"element-6066-11e4-a52e-4f735466cecf":"f.8C4C75981FBDA5C274A9290576C3313B.d.C53A21C8A00327C6B09910172FC05913.e.13146","ELEMENT":"f.8C4C75981FBDA5C274A9290576C3313B.d.C53A21C8A00327C6B09910172FC05913.e.13146"}]}
COMMAND: GET /session/343af6daf6fbc7ee30938bcb5a9c3885/screenshot - {}
RESULT: {}
]]></system-out>
    </testcase>
    <testcase classname="chrome.135_0_7049_96.windows.Performance_based_billing_(work_days)_US139742" name="Should add equipment to the contract" time="48.977">
      <system-out><![CDATA[
COMMAND: POST /session/343af6daf6fbc7ee30938bcb5a9c3885/element - {"using":"xpath","value":"//button[@data-kt=\"contractDetailEditBtnButton\"]"}
RESULT: {"using":"xpath","value":"//button[@data-kt=\"contractDetailEditBtnButton\"]"}
COMMAND: POST /session/343af6daf6fbc7ee30938bcb5a9c3885/element/f.8C4C75981FBDA5C274A9290576C3313B.d.C53A21C8A00327C6B09910172FC05913.e.13148/click - {}
RESULT: {}
COMMAND: GET /session/343af6daf6fbc7ee30938bcb5a9c3885/screenshot - {}
RESULT: {}
COMMAND: POST /session/343af6daf6fbc7ee30938bcb5a9c3885/element - {"using":"xpath","value":"(//span[contains(text(), \"Additional Addresses\")])[2]"}
RESULT: {"using":"xpath","value":"(//span[contains(text(), \"Additional Addresses\")])[2]"}
COMMAND: POST /session/343af6daf6fbc7ee30938bcb5a9c3885/element/f.8C4C75981FBDA5C274A9290576C3313B.d.C53A21C8A00327C6B09910172FC05913.e.13203/click - {}
RESULT: {}
COMMAND: GET /session/343af6daf6fbc7ee30938bcb5a9c3885/screenshot - {}
RESULT: {}
COMMAND: POST /session/343af6daf6fbc7ee30938bcb5a9c3885/element - {"using":"xpath","value":"//button[@data-kt=\"btnAddTableRowOverflowToolbarButton\"]"}
RESULT: {"using":"xpath","value":"//button[@data-kt=\"btnAddTableRowOverflowToolbarButton\"]"}
COMMAND: POST /session/343af6daf6fbc7ee30938bcb5a9c3885/element/f.8C4C75981FBDA5C274A9290576C3313B.d.C53A21C8A00327C6B09910172FC05913.e.13205/click - {}
RESULT: {}
COMMAND: GET /session/343af6daf6fbc7ee30938bcb5a9c3885/screenshot - {}
RESULT: {}
COMMAND: POST /session/343af6daf6fbc7ee30938bcb5a9c3885/element - {"using":"xpath","value":"//div[(text() = 'Standard Entry' or . = 'Standard Entry')]"}
RESULT: {"using":"xpath","value":"//div[(text() = 'Standard Entry' or . = 'Standard Entry')]"}
COMMAND: POST /session/343af6daf6fbc7ee30938bcb5a9c3885/element/f.8C4C75981FBDA5C274A9290576C3313B.d.C53A21C8A00327C6B09910172FC05913.e.13207/click - {}
RESULT: {}
COMMAND: GET /session/343af6daf6fbc7ee30938bcb5a9c3885/screenshot - {}
RESULT: {}
COMMAND: POST /session/343af6daf6fbc7ee30938bcb5a9c3885/element - {"using":"xpath","value":"//td[7]/div/div/input"}
RESULT: {"using":"xpath","value":"//td[7]/div/div/input"}
COMMAND: POST /session/343af6daf6fbc7ee30938bcb5a9c3885/element/f.8C4C75981FBDA5C274A9290576C3313B.d.C53A21C8A00327C6B09910172FC05913.e.13216/clear - {}
RESULT: {}
COMMAND: POST /session/343af6daf6fbc7ee30938bcb5a9c3885/element/f.8C4C75981FBDA5C274A9290576C3313B.d.C53A21C8A00327C6B09910172FC05913.e.13216/value - {"text":"slVyhbBJTV"}
COMMAND: GET /session/343af6daf6fbc7ee30938bcb5a9c3885/screenshot - {}
RESULT: {"text":"slVyhbBJTV"}
COMMAND: GET /session/343af6daf6fbc7ee30938bcb5a9c3885/screenshot - {}
RESULT: {}
RESULT: {}
COMMAND: POST /session/343af6daf6fbc7ee30938bcb5a9c3885/actions - {"actions":[{"id":"action42","type":"key","parameters":{},"actions":[{"type":"keyDown","value":"î€‡"},{"type":"pause","duration":10},{"type":"keyUp","value":"î€‡"}]}]}
RESULT: {"actions":[{"id":"action42","type":"key","parameters":{},"actions":[{"type":"keyDown","value":"î€‡"},{"type":"pause","duration":10},{"type":"keyUp","value":"î€‡"}]}]}
COMMAND: GET /session/343af6daf6fbc7ee30938bcb5a9c3885/screenshot - {}
RESULT: {}
COMMAND: POST /session/343af6daf6fbc7ee30938bcb5a9c3885/execute/sync - {"script":"<script> [276 bytes]","args":["No pricing information was found"]}
RESULT: {"script":"<script> [276 bytes]","args":["No pricing information was found"]}
COMMAND: POST /session/343af6daf6fbc7ee30938bcb5a9c3885/element - {"using":"xpath","value":"(//button[@data-kt=\"saveButton\"])[2]"}
COMMAND: GET /session/343af6daf6fbc7ee30938bcb5a9c3885/screenshot - {}
RESULT: {"using":"xpath","value":"(//button[@data-kt=\"saveButton\"])[2]"}
COMMAND: POST /session/343af6daf6fbc7ee30938bcb5a9c3885/element/f.8C4C75981FBDA5C274A9290576C3313B.d.C53A21C8A00327C6B09910172FC05913.e.13231/click - {}
RESULT: {}
RESULT: {}
COMMAND: GET /session/343af6daf6fbc7ee30938bcb5a9c3885/screenshot - {}
RESULT: {}
COMMAND: POST /session/343af6daf6fbc7ee30938bcb5a9c3885/execute/sync - {"script":"<script> [276 bytes]","args":["Some contract items are having rental validity exceeding header rental validity"]}
RESULT: {"script":"<script> [276 bytes]","args":["Some contract items are having rental validity exceeding header rental validity"]}
COMMAND: GET /session/343af6daf6fbc7ee30938bcb5a9c3885/screenshot - {}
RESULT: {}
COMMAND: POST /session/343af6daf6fbc7ee30938bcb5a9c3885/element - {"using":"xpath","value":"//span[contains(@id ,\"contractItemsSmartTable-header-inner\")]"}
RESULT: {"using":"xpath","value":"//span[contains(@id ,\"contractItemsSmartTable-header-inner\")]"}
COMMAND: POST /session/343af6daf6fbc7ee30938bcb5a9c3885/elements - {"using":"xpath","value":"//span[contains(@id ,\"contractItemsSmartTable-header-inner\")]"}
RESULT: {"using":"xpath","value":"//span[contains(@id ,\"contractItemsSmartTable-header-inner\")]"}
COMMAND: POST /session/343af6daf6fbc7ee30938bcb5a9c3885/execute/sync - {"script":"<script> [56 bytes]","args":[{"element-6066-11e4-a52e-4f735466cecf":"f.8C4C75981FBDA5C274A9290576C3313B.d.C53A21C8A00327C6B09910172FC05913.e.13237","ELEMENT":"f.8C4C75981FBDA5C274A9290576C3313B.d.C53A21C8A00327C6B09910172FC05913.e.13237"}]}
RESULT: {"script":"<script> [56 bytes]","args":[{"element-6066-11e4-a52e-4f735466cecf":"f.8C4C75981FBDA5C274A9290576C3313B.d.C53A21C8A00327C6B09910172FC05913.e.13237","ELEMENT":"f.8C4C75981FBDA5C274A9290576C3313B.d.C53A21C8A00327C6B09910172FC05913.e.13237"}]}
]]></system-out>
    </testcase>
    <testcase classname="chrome.135_0_7049_96.windows.Performance_based_billing_(work_days)_US139742" name="Should do a provide to site handover" time="57.171">
      <system-out><![CDATA[
COMMAND: POST /session/343af6daf6fbc7ee30938bcb5a9c3885/element - {"using":"xpath","value":"//button[@data-kt=\"provideButton\"]"}
COMMAND: GET /session/343af6daf6fbc7ee30938bcb5a9c3885/screenshot - {}
RESULT: {"using":"xpath","value":"//button[@data-kt=\"provideButton\"]"}
COMMAND: POST /session/343af6daf6fbc7ee30938bcb5a9c3885/element/f.8C4C75981FBDA5C274A9290576C3313B.d.C53A21C8A00327C6B09910172FC05913.e.13238/click - {}
RESULT: {}
RESULT: {}
COMMAND: GET /session/343af6daf6fbc7ee30938bcb5a9c3885/screenshot - {}
RESULT: {}
RESULT: undefined
COMMAND: POST /session/343af6daf6fbc7ee30938bcb5a9c3885/execute/async - {"script":"<script> [6424 bytes]","args":[{"element-6066-11e4-a52e-4f735466cecf":"f.8C4C75981FBDA5C274A9290576C3313B.d.C53A21C8A00327C6B09910172FC05913.e.12187"},"setValue",["05/05/2025"]]}
COMMAND: POST /session/343af6daf6fbc7ee30938bcb5a9c3885/execute/async - {"script":"<script> [1562 bytes]","args":[{"selector":{"id":"application-managehandovers-display-component---AddNewHO--dueDate","interaction":{"idSuffix":"inner"}},"wdio_ui5_key":"applicationmanagehandovers-display-component---AddNewHO--dueDate"}]}
RESULT: {"script":"<script> [1562 bytes]","args":[{"selector":{"id":"application-managehandovers-display-component---AddNewHO--dueDate","interaction":{"idSuffix":"inner"}},"wdio_ui5_key":"applicationmanagehandovers-display-component---AddNewHO--dueDate"}]}
COMMAND: POST /session/343af6daf6fbc7ee30938bcb5a9c3885/execute/async - {"script":"<script> [6424 bytes]","args":[{"element-6066-11e4-a52e-4f735466cecf":"f.8C4C75981FBDA5C274A9290576C3313B.d.C53A21C8A00327C6B09910172FC05913.e.13295"},"setValue",["05/05/2025"]]}
RESULT: {"script":"<script> [6424 bytes]","args":[{"element-6066-11e4-a52e-4f735466cecf":"f.8C4C75981FBDA5C274A9290576C3313B.d.C53A21C8A00327C6B09910172FC05913.e.13295"},"setValue",["05/05/2025"]]}
COMMAND: POST /session/343af6daf6fbc7ee30938bcb5a9c3885/element - {"using":"xpath","value":"//bdi[contains(text(), \"Instructions\")]"}
RESULT: {"using":"xpath","value":"//bdi[contains(text(), \"Instructions\")]"}
COMMAND: POST /session/343af6daf6fbc7ee30938bcb5a9c3885/element/f.8C4C75981FBDA5C274A9290576C3313B.d.C53A21C8A00327C6B09910172FC05913.e.13549/click - {}
RESULT: {}
COMMAND: GET /session/343af6daf6fbc7ee30938bcb5a9c3885/screenshot - {}
RESULT: {}
COMMAND: POST /session/343af6daf6fbc7ee30938bcb5a9c3885/element - {"using":"xpath","value":"//button[@data-kt=\"AddNewHOProvideAddItemsButton\"]"}
RESULT: {"using":"xpath","value":"//button[@data-kt=\"AddNewHOProvideAddItemsButton\"]"}
COMMAND: POST /session/343af6daf6fbc7ee30938bcb5a9c3885/element/f.8C4C75981FBDA5C274A9290576C3313B.d.C53A21C8A00327C6B09910172FC05913.e.13553/click - {}
RESULT: {}
COMMAND: GET /session/343af6daf6fbc7ee30938bcb5a9c3885/screenshot - {}
RESULT: {}
RESULT: undefined
COMMAND: POST /session/343af6daf6fbc7ee30938bcb5a9c3885/element - {"using":"xpath","value":"//*[@id=\"application-managehandovers-display-component---AddNewHO--popup-sa\"]"}
RESULT: {"using":"xpath","value":"//*[@id=\"application-managehandovers-display-component---AddNewHO--popup-sa\"]"}
COMMAND: POST /session/343af6daf6fbc7ee30938bcb5a9c3885/element/f.8C4C75981FBDA5C274A9290576C3313B.d.C53A21C8A00327C6B09910172FC05913.e.13562/click - {}
RESULT: {}
COMMAND: GET /session/343af6daf6fbc7ee30938bcb5a9c3885/screenshot - {}
RESULT: {}
COMMAND: POST /session/343af6daf6fbc7ee30938bcb5a9c3885/element - {"using":"xpath","value":"//*[contains(@id ,\"BDI-content\")][contains(text(), \"Select\")]"}
RESULT: {"using":"xpath","value":"//*[contains(@id ,\"BDI-content\")][contains(text(), \"Select\")]"}
COMMAND: POST /session/343af6daf6fbc7ee30938bcb5a9c3885/element/f.8C4C75981FBDA5C274A9290576C3313B.d.C53A21C8A00327C6B09910172FC05913.e.13564/click - {}
RESULT: {}
COMMAND: GET /session/343af6daf6fbc7ee30938bcb5a9c3885/screenshot - {}
RESULT: {}
COMMAND: POST /session/343af6daf6fbc7ee30938bcb5a9c3885/execute/async - {"script":"<script> [1562 bytes]","args":[{"selector":{"id":"application-managehandovers-display-component---AddNewHO--confirmCreationButton","interaction":{"idSuffix":"BDI-content"}},"wdio_ui5_key":"applicationmanagehandovers-display-component---AddNewHO--confirmCreationButton"}]}
RESULT: {"script":"<script> [1562 bytes]","args":[{"selector":{"id":"application-managehandovers-display-component---AddNewHO--confirmCreationButton","interaction":{"idSuffix":"BDI-content"}},"wdio_ui5_key":"applicationmanagehandovers-display-component---AddNewHO--confirmCreationButton"}]}
RESULT: undefined
COMMAND: POST /session/343af6daf6fbc7ee30938bcb5a9c3885/element - {"using":"xpath","value":"//*[@id=\"application-managehandovers-display-component---AddNewHO--confirmCreationButton\"]"}
RESULT: {"using":"xpath","value":"//*[@id=\"application-managehandovers-display-component---AddNewHO--confirmCreationButton\"]"}
COMMAND: POST /session/343af6daf6fbc7ee30938bcb5a9c3885/element/f.8C4C75981FBDA5C274A9290576C3313B.d.C53A21C8A00327C6B09910172FC05913.e.13375/click - {}
RESULT: {}
COMMAND: GET /session/343af6daf6fbc7ee30938bcb5a9c3885/screenshot - {}
RESULT: {}
COMMAND: POST /session/343af6daf6fbc7ee30938bcb5a9c3885/element - {"using":"xpath","value":"//button[@data-kt=\"PickingTableConfirmAllButton\"]"}
RESULT: {"using":"xpath","value":"//button[@data-kt=\"PickingTableConfirmAllButton\"]"}
COMMAND: POST /session/343af6daf6fbc7ee30938bcb5a9c3885/element/f.8C4C75981FBDA5C274A9290576C3313B.d.C53A21C8A00327C6B09910172FC05913.e.13622/click - {}
RESULT: {}
COMMAND: GET /session/343af6daf6fbc7ee30938bcb5a9c3885/screenshot - {}
RESULT: {}
COMMAND: POST /session/343af6daf6fbc7ee30938bcb5a9c3885/element - {"using":"xpath","value":"//bdi[contains(text(), \"OK\")]"}
RESULT: {"using":"xpath","value":"//bdi[contains(text(), \"OK\")]"}
COMMAND: POST /session/343af6daf6fbc7ee30938bcb5a9c3885/element/f.8C4C75981FBDA5C274A9290576C3313B.d.C53A21C8A00327C6B09910172FC05913.e.13626/click - {}
RESULT: {}
COMMAND: GET /session/343af6daf6fbc7ee30938bcb5a9c3885/screenshot - {}
RESULT: {}
COMMAND: POST /session/343af6daf6fbc7ee30938bcb5a9c3885/element - {"using":"xpath","value":"//bdi[contains(text(), \"Ok\")]"}
RESULT: {"using":"xpath","value":"//bdi[contains(text(), \"Ok\")]"}
COMMAND: POST /session/343af6daf6fbc7ee30938bcb5a9c3885/element/f.8C4C75981FBDA5C274A9290576C3313B.d.C53A21C8A00327C6B09910172FC05913.e.13634/click - {}
RESULT: {}
COMMAND: GET /session/343af6daf6fbc7ee30938bcb5a9c3885/screenshot - {}
RESULT: {}
COMMAND: POST /session/343af6daf6fbc7ee30938bcb5a9c3885/element - {"using":"xpath","value":"//bdi[contains(text(), \"Issue\")]"}
RESULT: {"using":"xpath","value":"//bdi[contains(text(), \"Issue\")]"}
COMMAND: POST /session/343af6daf6fbc7ee30938bcb5a9c3885/element/f.8C4C75981FBDA5C274A9290576C3313B.d.C53A21C8A00327C6B09910172FC05913.e.13636/click - {}
RESULT: {}
COMMAND: GET /session/343af6daf6fbc7ee30938bcb5a9c3885/screenshot - {}
RESULT: {}
COMMAND: POST /session/343af6daf6fbc7ee30938bcb5a9c3885/element - {"using":"css selector","value":"#shell-header-logo"}
RESULT: {"using":"css selector","value":"#shell-header-logo"}
COMMAND: POST /session/343af6daf6fbc7ee30938bcb5a9c3885/element/f.8C4C75981FBDA5C274A9290576C3313B.d.C53A21C8A00327C6B09910172FC05913.e.12750/click - {}
RESULT: {}
COMMAND: GET /session/343af6daf6fbc7ee30938bcb5a9c3885/screenshot - {}
RESULT: {}
]]></system-out>
    </testcase>
    <testcase classname="chrome.135_0_7049_96.windows.Performance_based_billing_(work_days)_US139742" name="Should create a few performance documents" time="97.066">
      <system-out><![CDATA[
COMMAND: POST /session/343af6daf6fbc7ee30938bcb5a9c3885/window/fullscreen - {}
RESULT: {}
COMMAND: POST /session/343af6daf6fbc7ee30938bcb5a9c3885/execute/async - {"script":"<script> [1562 bytes]","args":[{"selector":{"controlType":"sap.m.GenericTile","properties":{"header":"Manage States & Performance"}},"wdio_ui5_key":"sapm.GenericTile{\"header\":\"Manage States & Performance\"}"}]}
RESULT: {"script":"<script> [1562 bytes]","args":[{"selector":{"controlType":"sap.m.GenericTile","properties":{"header":"Manage States & Performance"}},"wdio_ui5_key":"sapm.GenericTile{\"header\":\"Manage States & Performance\"}"}]}
RESULT: undefined
COMMAND: POST /session/343af6daf6fbc7ee30938bcb5a9c3885/element - {"using":"xpath","value":"//*[@id=\"__tile96\"]"}
RESULT: {"using":"xpath","value":"//*[@id=\"__tile96\"]"}
COMMAND: POST /session/343af6daf6fbc7ee30938bcb5a9c3885/element/f.8C4C75981FBDA5C274A9290576C3313B.d.C53A21C8A00327C6B09910172FC05913.e.10087/click - {}
RESULT: {}
COMMAND: POST /session/343af6daf6fbc7ee30938bcb5a9c3885/element - {"using":"xpath","value":"//div[@id=\"application-managestatesandperformance-display-component---stateAndPerform--smartFilterBarResources-btnBasicSearch\"]"}
COMMAND: GET /session/343af6daf6fbc7ee30938bcb5a9c3885/screenshot - {}
RESULT: {"using":"xpath","value":"//div[@id=\"application-managestatesandperformance-display-component---stateAndPerform--smartFilterBarResources-btnBasicSearch\"]"}
COMMAND: POST /session/343af6daf6fbc7ee30938bcb5a9c3885/elements - {"using":"xpath","value":"//div[@id=\"application-managestatesandperformance-display-component---stateAndPerform--smartFilterBarResources-btnBasicSearch\"]"}
RESULT: {}
RESULT: {"using":"xpath","value":"//div[@id=\"application-managestatesandperformance-display-component---stateAndPerform--smartFilterBarResources-btnBasicSearch\"]"}
COMMAND: POST /session/343af6daf6fbc7ee30938bcb5a9c3885/elements - {"using":"xpath","value":"//div[@id=\"application-managestatesandperformance-display-component---stateAndPerform--smartFilterBarResources-btnBasicSearch\"]"}
RESULT: {"using":"xpath","value":"//div[@id=\"application-managestatesandperformance-display-component---stateAndPerform--smartFilterBarResources-btnBasicSearch\"]"}
COMMAND: POST /session/343af6daf6fbc7ee30938bcb5a9c3885/elements - {"using":"xpath","value":"//div[@id=\"application-managestatesandperformance-display-component---stateAndPerform--smartFilterBarResources-btnBasicSearch\"]"}
RESULT: {"using":"xpath","value":"//div[@id=\"application-managestatesandperformance-display-component---stateAndPerform--smartFilterBarResources-btnBasicSearch\"]"}
COMMAND: POST /session/343af6daf6fbc7ee30938bcb5a9c3885/element - {"using":"xpath","value":"//div[@id=\"application-managestatesandperformance-display-component---stateAndPerform--smartFilterBarResources-btnBasicSearch\"]"}
RESULT: {"using":"xpath","value":"//div[@id=\"application-managestatesandperformance-display-component---stateAndPerform--smartFilterBarResources-btnBasicSearch\"]"}
COMMAND: POST /session/343af6daf6fbc7ee30938bcb5a9c3885/execute/sync - {"script":"<script> [8489 bytes]","args":[{"element-6066-11e4-a52e-4f735466cecf":"f.8C4C75981FBDA5C274A9290576C3313B.d.C53A21C8A00327C6B09910172FC05913.e.13854","ELEMENT":"f.8C4C75981FBDA5C274A9290576C3313B.d.C53A21C8A00327C6B09910172FC05913.e.13854"}]}
RESULT: {"script":"<script> [8489 bytes]","args":[{"element-6066-11e4-a52e-4f735466cecf":"f.8C4C75981FBDA5C274A9290576C3313B.d.C53A21C8A00327C6B09910172FC05913.e.13854","ELEMENT":"f.8C4C75981FBDA5C274A9290576C3313B.d.C53A21C8A00327C6B09910172FC05913.e.13854"}]}
COMMAND: GET /session/343af6daf6fbc7ee30938bcb5a9c3885/element/f.8C4C75981FBDA5C274A9290576C3313B.d.C53A21C8A00327C6B09910172FC05913.e.13854/enabled - {}
COMMAND: GET /session/343af6daf6fbc7ee30938bcb5a9c3885/screenshot - {}
RESULT: {}
COMMAND: POST /session/343af6daf6fbc7ee30938bcb5a9c3885/execute/sync - {"script":"<script> [8489 bytes]","args":[{"element-6066-11e4-a52e-4f735466cecf":"f.8C4C75981FBDA5C274A9290576C3313B.d.C53A21C8A00327C6B09910172FC05913.e.13854","ELEMENT":"f.8C4C75981FBDA5C274A9290576C3313B.d.C53A21C8A00327C6B09910172FC05913.e.13854"}]}
COMMAND: GET /session/343af6daf6fbc7ee30938bcb5a9c3885/screenshot - {}
RESULT: {}
RESULT: {"script":"<script> [8489 bytes]","args":[{"element-6066-11e4-a52e-4f735466cecf":"f.8C4C75981FBDA5C274A9290576C3313B.d.C53A21C8A00327C6B09910172FC05913.e.13854","ELEMENT":"f.8C4C75981FBDA5C274A9290576C3313B.d.C53A21C8A00327C6B09910172FC05913.e.13854"}]}
COMMAND: POST /session/343af6daf6fbc7ee30938bcb5a9c3885/execute/sync - {"script":"<script> [5351 bytes]","args":[{"element-6066-11e4-a52e-4f735466cecf":"f.8C4C75981FBDA5C274A9290576C3313B.d.C53A21C8A00327C6B09910172FC05913.e.13854","ELEMENT":"f.8C4C75981FBDA5C274A9290576C3313B.d.C53A21C8A00327C6B09910172FC05913.e.13854"}]}
COMMAND: GET /session/343af6daf6fbc7ee30938bcb5a9c3885/screenshot - {}
RESULT: {}
RESULT: {"script":"<script> [5351 bytes]","args":[{"element-6066-11e4-a52e-4f735466cecf":"f.8C4C75981FBDA5C274A9290576C3313B.d.C53A21C8A00327C6B09910172FC05913.e.13854","ELEMENT":"f.8C4C75981FBDA5C274A9290576C3313B.d.C53A21C8A00327C6B09910172FC05913.e.13854"}]}
COMMAND: POST /session/343af6daf6fbc7ee30938bcb5a9c3885/execute/async - {"script":"<script> [1562 bytes]","args":[{"selector":{"id":"application-managestatesandperformance-display-component---stateAndPerform--smartFilterBarResources-btnBasicSearch","interaction":{"idSuffix":"I"}},"wdio_ui5_key":"applicationmanagestatesandperformance-display-component---stateAndPerform--smartFilterBarResources-btnBasicSearch"}]}
COMMAND: GET /session/343af6daf6fbc7ee30938bcb5a9c3885/screenshot - {}
RESULT: {}
RESULT: {"script":"<script> [1562 bytes]","args":[{"selector":{"id":"application-managestatesandperformance-display-component---stateAndPerform--smartFilterBarResources-btnBasicSearch","interaction":{"idSuffix":"I"}},"wdio_ui5_key":"applicationmanagestatesandperformance-display-component---stateAndPerform--smartFilterBarResources-btnBasicSearch"}]}
RESULT: undefined
COMMAND: POST /session/343af6daf6fbc7ee30938bcb5a9c3885/execute/async - {"script":"<script> [776 bytes]","args":[{"enterText":"slVyhbBJTV","selector":{"id":"application-managestatesandperformance-display-component---stateAndPerform--smartFilterBarResources-btnBasicSearch","interaction":{"idSuffix":"I"}},"clearTextFirst":true,"interactionType":"ENTER_TEXT"}]}
RESULT: {}
RESULT: {"script":"<script> [776 bytes]","args":[{"enterText":"slVyhbBJTV","selector":{"id":"application-managestatesandperformance-display-component---stateAndPerform--smartFilterBarResources-btnBasicSearch","interaction":{"idSuffix":"I"}},"clearTextFirst":true,"interactionType":"ENTER_TEXT"}]}
COMMAND: POST /session/343af6daf6fbc7ee30938bcb5a9c3885/actions - {"actions":[{"id":"action43","type":"key","parameters":{},"actions":[{"type":"keyDown","value":"î€‡"},{"type":"pause","duration":10},{"type":"keyUp","value":"î€‡"}]}]}
RESULT: {"actions":[{"id":"action43","type":"key","parameters":{},"actions":[{"type":"keyDown","value":"î€‡"},{"type":"pause","duration":10},{"type":"keyUp","value":"î€‡"}]}]}
COMMAND: GET /session/343af6daf6fbc7ee30938bcb5a9c3885/screenshot - {}
RESULT: {}
COMMAND: POST /session/343af6daf6fbc7ee30938bcb5a9c3885/execute/async - {"script":"<script> [1562 bytes]","args":[{"selector":{"id":"application-managestatesandperformance-display-component---stateAndPerform--stateAndPerformResourcesSmartTable-header"},"wdio_ui5_key":"applicationmanagestatesandperformance-display-component---stateAndPerform--stateAndPerformResourcesSmartTable-header"}]}
RESULT: {"script":"<script> [1562 bytes]","args":[{"selector":{"id":"application-managestatesandperformance-display-component---stateAndPerform--stateAndPerformResourcesSmartTable-header"},"wdio_ui5_key":"applicationmanagestatesandperformance-display-component---stateAndPerform--stateAndPerformResourcesSmartTable-header"}]}
RESULT: undefined
COMMAND: POST /session/343af6daf6fbc7ee30938bcb5a9c3885/execute/async - {"script":"<script> [6424 bytes]","args":[{"element-6066-11e4-a52e-4f735466cecf":"f.8C4C75981FBDA5C274A9290576C3313B.d.C53A21C8A00327C6B09910172FC05913.e.13918"},"getText",[]]}
RESULT: {"script":"<script> [6424 bytes]","args":[{"element-6066-11e4-a52e-4f735466cecf":"f.8C4C75981FBDA5C274A9290576C3313B.d.C53A21C8A00327C6B09910172FC05913.e.13918"},"getText",[]]}
COMMAND: POST /session/343af6daf6fbc7ee30938bcb5a9c3885/execute/async - {"script":"<script> [1562 bytes]","args":[{"selector":{"controlType":"sap.ui.core.Icon","viewName":"etm.portal.ui.managestatesandperformance.view.Master","viewId":"application-managestatesandperformance-display-component---stateAndPerform","properties":{"src":{"regex":{"source":"slim\\-arrow\\-right"}}}},"wdio_ui5_key":"etmportal.ui.managestatesandperformance.view.Mastersap.ui.core.Icon{\"src\":{\"regex\":{\"source\":\"slim\\\\-arrow\\\\-right\"}}}"}]}
RESULT: {"script":"<script> [1562 bytes]","args":[{"selector":{"controlType":"sap.ui.core.Icon","viewName":"etm.portal.ui.managestatesandperformance.view.Master","viewId":"application-managestatesandperformance-display-component---stateAndPerform","properties":{"src":{"regex":{"source":"slim\\-arrow\\-right"}}}},"wdio_ui5_key":"etmportal.ui.managestatesandperformance.view.Mastersap.ui.core.Icon{\"src\":{\"regex\":{\"source\":\"slim\\\\-arrow\\\\-right\"}}}"}]}
RESULT: undefined
COMMAND: POST /session/343af6daf6fbc7ee30938bcb5a9c3885/element - {"using":"xpath","value":"//*[@id=\"__item2703-__clone4824-imgNav\"]"}
RESULT: {"using":"xpath","value":"//*[@id=\"__item2703-__clone4824-imgNav\"]"}
COMMAND: POST /session/343af6daf6fbc7ee30938bcb5a9c3885/element/f.8C4C75981FBDA5C274A9290576C3313B.d.C53A21C8A00327C6B09910172FC05913.e.13917/click - {}
RESULT: {}
COMMAND: GET /session/343af6daf6fbc7ee30938bcb5a9c3885/screenshot - {}
RESULT: {}
COMMAND: POST /session/343af6daf6fbc7ee30938bcb5a9c3885/execute/async - {"script":"<script> [1562 bytes]","args":[{"selector":{"controlType":"sap.m.Button","viewName":"etm.portal.ui.managestatesandperformance.view.Detail","viewId":"application-managestatesandperformance-display-component---detailStateAndPerform","properties":{"text":"Performance Documents"}},"wdio_ui5_key":"etmportal.ui.managestatesandperformance.view.Detailsap.m.Button{\"text\":\"Performance Documents\"}"}]}
RESULT: {"script":"<script> [1562 bytes]","args":[{"selector":{"controlType":"sap.m.Button","viewName":"etm.portal.ui.managestatesandperformance.view.Detail","viewId":"application-managestatesandperformance-display-component---detailStateAndPerform","properties":{"text":"Performance Documents"}},"wdio_ui5_key":"etmportal.ui.managestatesandperformance.view.Detailsap.m.Button{\"text\":\"Performance Documents\"}"}]}
RESULT: undefined
COMMAND: POST /session/343af6daf6fbc7ee30938bcb5a9c3885/element - {"using":"xpath","value":"//*[@id=\"__item2726-button\"]"}
RESULT: {"using":"xpath","value":"//*[@id=\"__item2726-button\"]"}
COMMAND: POST /session/343af6daf6fbc7ee30938bcb5a9c3885/element/f.8C4C75981FBDA5C274A9290576C3313B.d.C53A21C8A00327C6B09910172FC05913.e.13959/click - {}
RESULT: {}
COMMAND: POST /session/343af6daf6fbc7ee30938bcb5a9c3885/execute/async - {"script":"<script> [1562 bytes]","args":[{"selector":{"controlType":"sap.m.Button","viewName":"etm.portal.ui.managestatesandperformance.view.Detail","viewId":"application-managestatesandperformance-display-component---detailStateAndPerform","i18NText":{"propertyName":"text","key":"createPerformanceDoc"},"interaction":{"idSuffix":"BDI-content"}},"wdio_ui5_key":"etmportal.ui.managestatesandperformance.view.Detailsap.m.Button{\"propertyName\":\"text\",\"key\":\"createPerformanceDoc\"}"}]}
COMMAND: GET /session/343af6daf6fbc7ee30938bcb5a9c3885/screenshot - {}
RESULT: {"script":"<script> [1562 bytes]","args":[{"selector":{"controlType":"sap.m.Button","viewName":"etm.portal.ui.managestatesandperformance.view.Detail","viewId":"application-managestatesandperformance-display-component---detailStateAndPerform","i18NText":{"propertyName":"text","key":"createPerformanceDoc"},"interaction":{"idSuffix":"BDI-content"}},"wdio_ui5_key":"etmportal.ui.managestatesandperformance.view.Detailsap.m.Button{\"propertyName\":\"text\",\"key\":\"createPerformanceDoc\"}"}]}
RESULT: undefined
COMMAND: POST /session/343af6daf6fbc7ee30938bcb5a9c3885/element - {"using":"xpath","value":"//*[@id=\"__button380\"]"}
RESULT: {}
RESULT: {"using":"xpath","value":"//*[@id=\"__button380\"]"}
COMMAND: POST /session/343af6daf6fbc7ee30938bcb5a9c3885/element/f.8C4C75981FBDA5C274A9290576C3313B.d.C53A21C8A00327C6B09910172FC05913.e.13963/click - {}
RESULT: {}
COMMAND: POST /session/343af6daf6fbc7ee30938bcb5a9c3885/execute/async - {"script":"<script> [1562 bytes]","args":[{"selector":{"id":"application-managestatesandperformance-display-component---detailStateAndPerform--perfDocDatePicker","searchOpenDialogs":true,"interaction":{"idSuffix":"inner"}},"wdio_ui5_key":"applicationmanagestatesandperformance-display-component---detailStateAndPerform--perfDocDatePicker"}]}
COMMAND: GET /session/343af6daf6fbc7ee30938bcb5a9c3885/screenshot - {}
RESULT: {"script":"<script> [1562 bytes]","args":[{"selector":{"id":"application-managestatesandperformance-display-component---detailStateAndPerform--perfDocDatePicker","searchOpenDialogs":true,"interaction":{"idSuffix":"inner"}},"wdio_ui5_key":"applicationmanagestatesandperformance-display-component---detailStateAndPerform--perfDocDatePicker"}]}
RESULT: undefined
COMMAND: POST /session/343af6daf6fbc7ee30938bcb5a9c3885/execute/async - {"script":"<script> [776 bytes]","args":[{"enterText":"05/07/25","selector":{"id":"application-managestatesandperformance-display-component---detailStateAndPerform--perfDocDatePicker","searchOpenDialogs":true,"interaction":{"idSuffix":"inner"}},"clearTextFirst":true,"interactionType":"ENTER_TEXT"}]}
RESULT: {}
RESULT: {"script":"<script> [776 bytes]","args":[{"enterText":"05/07/25","selector":{"id":"application-managestatesandperformance-display-component---detailStateAndPerform--perfDocDatePicker","searchOpenDialogs":true,"interaction":{"idSuffix":"inner"}},"clearTextFirst":true,"interactionType":"ENTER_TEXT"}]}
COMMAND: POST /session/343af6daf6fbc7ee30938bcb5a9c3885/execute/async - {"script":"<script> [1562 bytes]","args":[{"selector":{"id":"application-managestatesandperformance-display-component---detailStateAndPerform--counterValue-input","searchOpenDialogs":true,"interaction":{"idSuffix":"inner"}},"wdio_ui5_key":"applicationmanagestatesandperformance-display-component---detailStateAndPerform--counterValue-input"}]}
RESULT: {"script":"<script> [1562 bytes]","args":[{"selector":{"id":"application-managestatesandperformance-display-component---detailStateAndPerform--counterValue-input","searchOpenDialogs":true,"interaction":{"idSuffix":"inner"}},"wdio_ui5_key":"applicationmanagestatesandperformance-display-component---detailStateAndPerform--counterValue-input"}]}
RESULT: undefined
COMMAND: POST /session/343af6daf6fbc7ee30938bcb5a9c3885/execute/async - {"script":"<script> [776 bytes]","args":[{"enterText":"15.00","selector":{"id":"application-managestatesandperformance-display-component---detailStateAndPerform--counterValue-input","searchOpenDialogs":true,"interaction":{"idSuffix":"inner"}},"clearTextFirst":true,"interactionType":"ENTER_TEXT"}]}
RESULT: {"script":"<script> [776 bytes]","args":[{"enterText":"15.00","selector":{"id":"application-managestatesandperformance-display-component---detailStateAndPerform--counterValue-input","searchOpenDialogs":true,"interaction":{"idSuffix":"inner"}},"clearTextFirst":true,"interactionType":"ENTER_TEXT"}]}
COMMAND: POST /session/343af6daf6fbc7ee30938bcb5a9c3885/execute/async - {"script":"<script> [1562 bytes]","args":[{"selector":{"controlType":"sap.m.Button","viewName":"etm.portal.ui.managestatesandperformance.view.Detail","viewId":"application-managestatesandperformance-display-component---detailStateAndPerform","bindingPath":{"path":"","propertyPath":"/allowAddEdit","modelName":"oScreenModel"},"searchOpenDialogs":true,"interaction":{"idSuffix":"BDI-content"}},"wdio_ui5_key":"etmportal.ui.managestatesandperformance.view.Detailsap.m.Button{\"path\":\"\",\"propertyPath\":\"/allowAddEdit\",\"modelName\":\"oScreenModel\"}"}]}
RESULT: {"script":"<script> [1562 bytes]","args":[{"selector":{"controlType":"sap.m.Button","viewName":"etm.portal.ui.managestatesandperformance.view.Detail","viewId":"application-managestatesandperformance-display-component---detailStateAndPerform","bindingPath":{"path":"","propertyPath":"/allowAddEdit","modelName":"oScreenModel"},"searchOpenDialogs":true,"interaction":{"idSuffix":"BDI-content"}},"wdio_ui5_key":"etmportal.ui.managestatesandperformance.view.Detailsap.m.Button{\"path\":\"\",\"propertyPath\":\"/allowAddEdit\",\"modelName\":\"oScreenModel\"}"}]}
RESULT: undefined
COMMAND: POST /session/343af6daf6fbc7ee30938bcb5a9c3885/element - {"using":"xpath","value":"//*[@id=\"__button387\"]"}
RESULT: {"using":"xpath","value":"//*[@id=\"__button387\"]"}
COMMAND: POST /session/343af6daf6fbc7ee30938bcb5a9c3885/element/f.8C4C75981FBDA5C274A9290576C3313B.d.C53A21C8A00327C6B09910172FC05913.e.13978/click - {}
RESULT: {}
RESULT: undefined
COMMAND: POST /session/343af6daf6fbc7ee30938bcb5a9c3885/element - {"using":"xpath","value":"//*[@id=\"__button380\"]"}
COMMAND: GET /session/343af6daf6fbc7ee30938bcb5a9c3885/screenshot - {}
RESULT: {"using":"xpath","value":"//*[@id=\"__button380\"]"}
COMMAND: POST /session/343af6daf6fbc7ee30938bcb5a9c3885/element/f.8C4C75981FBDA5C274A9290576C3313B.d.C53A21C8A00327C6B09910172FC05913.e.13963/click - {}
RESULT: {}
RESULT: {}
RESULT: undefined
COMMAND: POST /session/343af6daf6fbc7ee30938bcb5a9c3885/execute/async - {"script":"<script> [776 bytes]","args":[{"enterText":"05/11/25","selector":{"id":"application-managestatesandperformance-display-component---detailStateAndPerform--perfDocDatePicker","searchOpenDialogs":true,"interaction":{"idSuffix":"inner"}},"clearTextFirst":true,"interactionType":"ENTER_TEXT"}]}
COMMAND: GET /session/343af6daf6fbc7ee30938bcb5a9c3885/screenshot - {}
RESULT: {"script":"<script> [776 bytes]","args":[{"enterText":"05/11/25","selector":{"id":"application-managestatesandperformance-display-component---detailStateAndPerform--perfDocDatePicker","searchOpenDialogs":true,"interaction":{"idSuffix":"inner"}},"clearTextFirst":true,"interactionType":"ENTER_TEXT"}]}
RESULT: undefined
COMMAND: POST /session/343af6daf6fbc7ee30938bcb5a9c3885/execute/async - {"script":"<script> [776 bytes]","args":[{"enterText":"20.00","selector":{"id":"application-managestatesandperformance-display-component---detailStateAndPerform--counterValue-input","searchOpenDialogs":true,"interaction":{"idSuffix":"inner"}},"clearTextFirst":true,"interactionType":"ENTER_TEXT"}]}
RESULT: {}
RESULT: {"script":"<script> [776 bytes]","args":[{"enterText":"20.00","selector":{"id":"application-managestatesandperformance-display-component---detailStateAndPerform--counterValue-input","searchOpenDialogs":true,"interaction":{"idSuffix":"inner"}},"clearTextFirst":true,"interactionType":"ENTER_TEXT"}]}
COMMAND: POST /session/343af6daf6fbc7ee30938bcb5a9c3885/actions - {"actions":[{"id":"action44","type":"key","parameters":{},"actions":[{"type":"keyDown","value":"î€„"},{"type":"keyDown","value":"î€„"},{"type":"pause","duration":10},{"type":"keyUp","value":"î€„"},{"type":"keyUp","value":"î€„"}]}]}
RESULT: {"actions":[{"id":"action44","type":"key","parameters":{},"actions":[{"type":"keyDown","value":"î€„"},{"type":"keyDown","value":"î€„"},{"type":"pause","duration":10},{"type":"keyUp","value":"î€„"},{"type":"keyUp","value":"î€„"}]}]}
COMMAND: POST /session/343af6daf6fbc7ee30938bcb5a9c3885/actions - {"actions":[{"id":"action45","type":"key","parameters":{},"actions":[{"type":"keyDown","value":"î€‡"},{"type":"pause","duration":10},{"type":"keyUp","value":"î€‡"}]}]}
COMMAND: GET /session/343af6daf6fbc7ee30938bcb5a9c3885/screenshot - {}
RESULT: {"actions":[{"id":"action45","type":"key","parameters":{},"actions":[{"type":"keyDown","value":"î€‡"},{"type":"pause","duration":10},{"type":"keyUp","value":"î€‡"}]}]}
RESULT: undefined
COMMAND: POST /session/343af6daf6fbc7ee30938bcb5a9c3885/element - {"using":"xpath","value":"//*[@id=\"__button387\"]"}
COMMAND: GET /session/343af6daf6fbc7ee30938bcb5a9c3885/screenshot - {}
RESULT: {}
RESULT: {"using":"xpath","value":"//*[@id=\"__button387\"]"}
COMMAND: POST /session/343af6daf6fbc7ee30938bcb5a9c3885/elements - {"using":"xpath","value":"//*[@id=\"__button387\"]"}
RESULT: {}
RESULT: {"using":"xpath","value":"//*[@id=\"__button387\"]"}
COMMAND: POST /session/343af6daf6fbc7ee30938bcb5a9c3885/elements - {"using":"xpath","value":"//*[@id=\"__button387\"]"}
RESULT: {"using":"xpath","value":"//*[@id=\"__button387\"]"}
COMMAND: POST /session/343af6daf6fbc7ee30938bcb5a9c3885/elements - {"using":"xpath","value":"//*[@id=\"__button387\"]"}
RESULT: {"using":"xpath","value":"//*[@id=\"__button387\"]"}
COMMAND: POST /session/343af6daf6fbc7ee30938bcb5a9c3885/elements - {"using":"xpath","value":"//*[@id=\"__button387\"]"}
RESULT: {"using":"xpath","value":"//*[@id=\"__button387\"]"}
COMMAND: POST /session/343af6daf6fbc7ee30938bcb5a9c3885/elements - {"using":"xpath","value":"//*[@id=\"__button387\"]"}
RESULT: {"using":"xpath","value":"//*[@id=\"__button387\"]"}
COMMAND: POST /session/343af6daf6fbc7ee30938bcb5a9c3885/elements - {"using":"xpath","value":"//*[@id=\"__button387\"]"}
RESULT: {"using":"xpath","value":"//*[@id=\"__button387\"]"}
COMMAND: POST /session/343af6daf6fbc7ee30938bcb5a9c3885/elements - {"using":"xpath","value":"//*[@id=\"__button387\"]"}
RESULT: {"using":"xpath","value":"//*[@id=\"__button387\"]"}
COMMAND: POST /session/343af6daf6fbc7ee30938bcb5a9c3885/elements - {"using":"xpath","value":"//*[@id=\"__button387\"]"}
RESULT: {"using":"xpath","value":"//*[@id=\"__button387\"]"}
COMMAND: POST /session/343af6daf6fbc7ee30938bcb5a9c3885/elements - {"using":"xpath","value":"//*[@id=\"__button387\"]"}
RESULT: {"using":"xpath","value":"//*[@id=\"__button387\"]"}
COMMAND: POST /session/343af6daf6fbc7ee30938bcb5a9c3885/elements - {"using":"xpath","value":"//*[@id=\"__button387\"]"}
RESULT: {"using":"xpath","value":"//*[@id=\"__button387\"]"}
COMMAND: POST /session/343af6daf6fbc7ee30938bcb5a9c3885/elements - {"using":"xpath","value":"//*[@id=\"__button387\"]"}
RESULT: {"using":"xpath","value":"//*[@id=\"__button387\"]"}
COMMAND: POST /session/343af6daf6fbc7ee30938bcb5a9c3885/elements - {"using":"xpath","value":"//*[@id=\"__button387\"]"}
RESULT: {"using":"xpath","value":"//*[@id=\"__button387\"]"}
COMMAND: POST /session/343af6daf6fbc7ee30938bcb5a9c3885/elements - {"using":"xpath","value":"//*[@id=\"__button387\"]"}
RESULT: {"using":"xpath","value":"//*[@id=\"__button387\"]"}
COMMAND: POST /session/343af6daf6fbc7ee30938bcb5a9c3885/elements - {"using":"xpath","value":"//*[@id=\"__button387\"]"}
RESULT: {"using":"xpath","value":"//*[@id=\"__button387\"]"}
COMMAND: POST /session/343af6daf6fbc7ee30938bcb5a9c3885/elements - {"using":"xpath","value":"//*[@id=\"__button387\"]"}
RESULT: {"using":"xpath","value":"//*[@id=\"__button387\"]"}
COMMAND: POST /session/343af6daf6fbc7ee30938bcb5a9c3885/elements - {"using":"xpath","value":"//*[@id=\"__button387\"]"}
RESULT: {"using":"xpath","value":"//*[@id=\"__button387\"]"}
COMMAND: POST /session/343af6daf6fbc7ee30938bcb5a9c3885/elements - {"using":"xpath","value":"//*[@id=\"__button387\"]"}
RESULT: {"using":"xpath","value":"//*[@id=\"__button387\"]"}
COMMAND: POST /session/343af6daf6fbc7ee30938bcb5a9c3885/elements - {"using":"xpath","value":"//*[@id=\"__button387\"]"}
RESULT: {"using":"xpath","value":"//*[@id=\"__button387\"]"}
COMMAND: POST /session/343af6daf6fbc7ee30938bcb5a9c3885/elements - {"using":"xpath","value":"//*[@id=\"__button387\"]"}
RESULT: {"using":"xpath","value":"//*[@id=\"__button387\"]"}
COMMAND: POST /session/343af6daf6fbc7ee30938bcb5a9c3885/elements - {"using":"xpath","value":"//*[@id=\"__button387\"]"}
RESULT: {"using":"xpath","value":"//*[@id=\"__button387\"]"}
COMMAND: POST /session/343af6daf6fbc7ee30938bcb5a9c3885/elements - {"using":"xpath","value":"//*[@id=\"__button387\"]"}
RESULT: {"using":"xpath","value":"//*[@id=\"__button387\"]"}
COMMAND: POST /session/343af6daf6fbc7ee30938bcb5a9c3885/elements - {"using":"xpath","value":"//*[@id=\"__button387\"]"}
RESULT: {"using":"xpath","value":"//*[@id=\"__button387\"]"}
COMMAND: POST /session/343af6daf6fbc7ee30938bcb5a9c3885/elements - {"using":"xpath","value":"//*[@id=\"__button387\"]"}
RESULT: {"using":"xpath","value":"//*[@id=\"__button387\"]"}
COMMAND: POST /session/343af6daf6fbc7ee30938bcb5a9c3885/elements - {"using":"xpath","value":"//*[@id=\"__button387\"]"}
RESULT: {"using":"xpath","value":"//*[@id=\"__button387\"]"}
COMMAND: POST /session/343af6daf6fbc7ee30938bcb5a9c3885/elements - {"using":"xpath","value":"//*[@id=\"__button387\"]"}
RESULT: {"using":"xpath","value":"//*[@id=\"__button387\"]"}
COMMAND: POST /session/343af6daf6fbc7ee30938bcb5a9c3885/elements - {"using":"xpath","value":"//*[@id=\"__button387\"]"}
RESULT: {"using":"xpath","value":"//*[@id=\"__button387\"]"}
COMMAND: POST /session/343af6daf6fbc7ee30938bcb5a9c3885/elements - {"using":"xpath","value":"//*[@id=\"__button387\"]"}
RESULT: {"using":"xpath","value":"//*[@id=\"__button387\"]"}
COMMAND: POST /session/343af6daf6fbc7ee30938bcb5a9c3885/elements - {"using":"xpath","value":"//*[@id=\"__button387\"]"}
RESULT: {"using":"xpath","value":"//*[@id=\"__button387\"]"}
COMMAND: POST /session/343af6daf6fbc7ee30938bcb5a9c3885/elements - {"using":"xpath","value":"//*[@id=\"__button387\"]"}
RESULT: {"using":"xpath","value":"//*[@id=\"__button387\"]"}
COMMAND: POST /session/343af6daf6fbc7ee30938bcb5a9c3885/elements - {"using":"xpath","value":"//*[@id=\"__button387\"]"}
RESULT: {"using":"xpath","value":"//*[@id=\"__button387\"]"}
COMMAND: POST /session/343af6daf6fbc7ee30938bcb5a9c3885/elements - {"using":"xpath","value":"//*[@id=\"__button387\"]"}
RESULT: {"using":"xpath","value":"//*[@id=\"__button387\"]"}
COMMAND: POST /session/343af6daf6fbc7ee30938bcb5a9c3885/elements - {"using":"xpath","value":"//*[@id=\"__button387\"]"}
RESULT: {"using":"xpath","value":"//*[@id=\"__button387\"]"}
COMMAND: POST /session/343af6daf6fbc7ee30938bcb5a9c3885/elements - {"using":"xpath","value":"//*[@id=\"__button387\"]"}
RESULT: {"using":"xpath","value":"//*[@id=\"__button387\"]"}
COMMAND: POST /session/343af6daf6fbc7ee30938bcb5a9c3885/elements - {"using":"xpath","value":"//*[@id=\"__button387\"]"}
RESULT: {"using":"xpath","value":"//*[@id=\"__button387\"]"}
COMMAND: POST /session/343af6daf6fbc7ee30938bcb5a9c3885/elements - {"using":"xpath","value":"//*[@id=\"__button387\"]"}
RESULT: {"using":"xpath","value":"//*[@id=\"__button387\"]"}
COMMAND: POST /session/343af6daf6fbc7ee30938bcb5a9c3885/elements - {"using":"xpath","value":"//*[@id=\"__button387\"]"}
RESULT: {"using":"xpath","value":"//*[@id=\"__button387\"]"}
COMMAND: POST /session/343af6daf6fbc7ee30938bcb5a9c3885/elements - {"using":"xpath","value":"//*[@id=\"__button387\"]"}
RESULT: {"using":"xpath","value":"//*[@id=\"__button387\"]"}
COMMAND: POST /session/343af6daf6fbc7ee30938bcb5a9c3885/elements - {"using":"xpath","value":"//*[@id=\"__button387\"]"}
RESULT: {"using":"xpath","value":"//*[@id=\"__button387\"]"}
COMMAND: POST /session/343af6daf6fbc7ee30938bcb5a9c3885/elements - {"using":"xpath","value":"//*[@id=\"__button387\"]"}
RESULT: {"using":"xpath","value":"//*[@id=\"__button387\"]"}
COMMAND: POST /session/343af6daf6fbc7ee30938bcb5a9c3885/elements - {"using":"xpath","value":"//*[@id=\"__button387\"]"}
RESULT: {"using":"xpath","value":"//*[@id=\"__button387\"]"}
COMMAND: POST /session/343af6daf6fbc7ee30938bcb5a9c3885/elements - {"using":"xpath","value":"//*[@id=\"__button387\"]"}
RESULT: {"using":"xpath","value":"//*[@id=\"__button387\"]"}
COMMAND: POST /session/343af6daf6fbc7ee30938bcb5a9c3885/elements - {"using":"xpath","value":"//*[@id=\"__button387\"]"}
RESULT: {"using":"xpath","value":"//*[@id=\"__button387\"]"}
COMMAND: POST /session/343af6daf6fbc7ee30938bcb5a9c3885/elements - {"using":"xpath","value":"//*[@id=\"__button387\"]"}
RESULT: {"using":"xpath","value":"//*[@id=\"__button387\"]"}
COMMAND: POST /session/343af6daf6fbc7ee30938bcb5a9c3885/elements - {"using":"xpath","value":"//*[@id=\"__button387\"]"}
RESULT: {"using":"xpath","value":"//*[@id=\"__button387\"]"}
COMMAND: POST /session/343af6daf6fbc7ee30938bcb5a9c3885/elements - {"using":"xpath","value":"//*[@id=\"__button387\"]"}
RESULT: {"using":"xpath","value":"//*[@id=\"__button387\"]"}
COMMAND: POST /session/343af6daf6fbc7ee30938bcb5a9c3885/elements - {"using":"xpath","value":"//*[@id=\"__button387\"]"}
RESULT: {"using":"xpath","value":"//*[@id=\"__button387\"]"}
COMMAND: POST /session/343af6daf6fbc7ee30938bcb5a9c3885/elements - {"using":"xpath","value":"//*[@id=\"__button387\"]"}
RESULT: {"using":"xpath","value":"//*[@id=\"__button387\"]"}
COMMAND: POST /session/343af6daf6fbc7ee30938bcb5a9c3885/elements - {"using":"xpath","value":"//*[@id=\"__button387\"]"}
RESULT: {"using":"xpath","value":"//*[@id=\"__button387\"]"}
COMMAND: POST /session/343af6daf6fbc7ee30938bcb5a9c3885/elements - {"using":"xpath","value":"//*[@id=\"__button387\"]"}
RESULT: {"using":"xpath","value":"//*[@id=\"__button387\"]"}
COMMAND: POST /session/343af6daf6fbc7ee30938bcb5a9c3885/elements - {"using":"xpath","value":"//*[@id=\"__button387\"]"}
RESULT: {"using":"xpath","value":"//*[@id=\"__button387\"]"}
COMMAND: POST /session/343af6daf6fbc7ee30938bcb5a9c3885/elements - {"using":"xpath","value":"//*[@id=\"__button387\"]"}
RESULT: {"using":"xpath","value":"//*[@id=\"__button387\"]"}
COMMAND: POST /session/343af6daf6fbc7ee30938bcb5a9c3885/elements - {"using":"xpath","value":"//*[@id=\"__button387\"]"}
RESULT: {"using":"xpath","value":"//*[@id=\"__button387\"]"}
COMMAND: POST /session/343af6daf6fbc7ee30938bcb5a9c3885/elements - {"using":"xpath","value":"//*[@id=\"__button387\"]"}
RESULT: {"using":"xpath","value":"//*[@id=\"__button387\"]"}
COMMAND: POST /session/343af6daf6fbc7ee30938bcb5a9c3885/elements - {"using":"xpath","value":"//*[@id=\"__button387\"]"}
RESULT: {"using":"xpath","value":"//*[@id=\"__button387\"]"}
COMMAND: POST /session/343af6daf6fbc7ee30938bcb5a9c3885/elements - {"using":"xpath","value":"//*[@id=\"__button387\"]"}
RESULT: {"using":"xpath","value":"//*[@id=\"__button387\"]"}
COMMAND: POST /session/343af6daf6fbc7ee30938bcb5a9c3885/elements - {"using":"xpath","value":"//*[@id=\"__button387\"]"}
RESULT: {"using":"xpath","value":"//*[@id=\"__button387\"]"}
COMMAND: POST /session/343af6daf6fbc7ee30938bcb5a9c3885/elements - {"using":"xpath","value":"//*[@id=\"__button387\"]"}
RESULT: {"using":"xpath","value":"//*[@id=\"__button387\"]"}
COMMAND: POST /session/343af6daf6fbc7ee30938bcb5a9c3885/elements - {"using":"xpath","value":"//*[@id=\"__button387\"]"}
RESULT: {"using":"xpath","value":"//*[@id=\"__button387\"]"}
COMMAND: POST /session/343af6daf6fbc7ee30938bcb5a9c3885/elements - {"using":"xpath","value":"//*[@id=\"__button387\"]"}
RESULT: {"using":"xpath","value":"//*[@id=\"__button387\"]"}
COMMAND: POST /session/343af6daf6fbc7ee30938bcb5a9c3885/elements - {"using":"xpath","value":"//*[@id=\"__button387\"]"}
RESULT: {"using":"xpath","value":"//*[@id=\"__button387\"]"}
COMMAND: POST /session/343af6daf6fbc7ee30938bcb5a9c3885/elements - {"using":"xpath","value":"//*[@id=\"__button387\"]"}
RESULT: {"using":"xpath","value":"//*[@id=\"__button387\"]"}
COMMAND: POST /session/343af6daf6fbc7ee30938bcb5a9c3885/elements - {"using":"xpath","value":"//*[@id=\"__button387\"]"}
RESULT: {"using":"xpath","value":"//*[@id=\"__button387\"]"}
COMMAND: POST /session/343af6daf6fbc7ee30938bcb5a9c3885/elements - {"using":"xpath","value":"//*[@id=\"__button387\"]"}
RESULT: {"using":"xpath","value":"//*[@id=\"__button387\"]"}
COMMAND: POST /session/343af6daf6fbc7ee30938bcb5a9c3885/elements - {"using":"xpath","value":"//*[@id=\"__button387\"]"}
RESULT: {"using":"xpath","value":"//*[@id=\"__button387\"]"}
COMMAND: POST /session/343af6daf6fbc7ee30938bcb5a9c3885/elements - {"using":"xpath","value":"//*[@id=\"__button387\"]"}
RESULT: {"using":"xpath","value":"//*[@id=\"__button387\"]"}
COMMAND: POST /session/343af6daf6fbc7ee30938bcb5a9c3885/elements - {"using":"xpath","value":"//*[@id=\"__button387\"]"}
RESULT: {"using":"xpath","value":"//*[@id=\"__button387\"]"}
COMMAND: POST /session/343af6daf6fbc7ee30938bcb5a9c3885/elements - {"using":"xpath","value":"//*[@id=\"__button387\"]"}
RESULT: {"using":"xpath","value":"//*[@id=\"__button387\"]"}
COMMAND: POST /session/343af6daf6fbc7ee30938bcb5a9c3885/elements - {"using":"xpath","value":"//*[@id=\"__button387\"]"}
RESULT: {"using":"xpath","value":"//*[@id=\"__button387\"]"}
COMMAND: POST /session/343af6daf6fbc7ee30938bcb5a9c3885/elements - {"using":"xpath","value":"//*[@id=\"__button387\"]"}
RESULT: {"using":"xpath","value":"//*[@id=\"__button387\"]"}
COMMAND: POST /session/343af6daf6fbc7ee30938bcb5a9c3885/elements - {"using":"xpath","value":"//*[@id=\"__button387\"]"}
RESULT: {"using":"xpath","value":"//*[@id=\"__button387\"]"}
COMMAND: POST /session/343af6daf6fbc7ee30938bcb5a9c3885/elements - {"using":"xpath","value":"//*[@id=\"__button387\"]"}
RESULT: {"using":"xpath","value":"//*[@id=\"__button387\"]"}
COMMAND: POST /session/343af6daf6fbc7ee30938bcb5a9c3885/elements - {"using":"xpath","value":"//*[@id=\"__button387\"]"}
RESULT: {"using":"xpath","value":"//*[@id=\"__button387\"]"}
COMMAND: POST /session/343af6daf6fbc7ee30938bcb5a9c3885/elements - {"using":"xpath","value":"//*[@id=\"__button387\"]"}
RESULT: {"using":"xpath","value":"//*[@id=\"__button387\"]"}
COMMAND: POST /session/343af6daf6fbc7ee30938bcb5a9c3885/elements - {"using":"xpath","value":"//*[@id=\"__button387\"]"}
RESULT: {"using":"xpath","value":"//*[@id=\"__button387\"]"}
COMMAND: POST /session/343af6daf6fbc7ee30938bcb5a9c3885/elements - {"using":"xpath","value":"//*[@id=\"__button387\"]"}
RESULT: {"using":"xpath","value":"//*[@id=\"__button387\"]"}
COMMAND: POST /session/343af6daf6fbc7ee30938bcb5a9c3885/elements - {"using":"xpath","value":"//*[@id=\"__button387\"]"}
RESULT: {"using":"xpath","value":"//*[@id=\"__button387\"]"}
COMMAND: POST /session/343af6daf6fbc7ee30938bcb5a9c3885/elements - {"using":"xpath","value":"//*[@id=\"__button387\"]"}
RESULT: {"using":"xpath","value":"//*[@id=\"__button387\"]"}
COMMAND: POST /session/343af6daf6fbc7ee30938bcb5a9c3885/elements - {"using":"xpath","value":"//*[@id=\"__button387\"]"}
RESULT: {"using":"xpath","value":"//*[@id=\"__button387\"]"}
COMMAND: POST /session/343af6daf6fbc7ee30938bcb5a9c3885/elements - {"using":"xpath","value":"//*[@id=\"__button387\"]"}
RESULT: {"using":"xpath","value":"//*[@id=\"__button387\"]"}
COMMAND: POST /session/343af6daf6fbc7ee30938bcb5a9c3885/elements - {"using":"xpath","value":"//*[@id=\"__button387\"]"}
RESULT: {"using":"xpath","value":"//*[@id=\"__button387\"]"}
COMMAND: POST /session/343af6daf6fbc7ee30938bcb5a9c3885/elements - {"using":"xpath","value":"//*[@id=\"__button387\"]"}
RESULT: {"using":"xpath","value":"//*[@id=\"__button387\"]"}
COMMAND: POST /session/343af6daf6fbc7ee30938bcb5a9c3885/elements - {"using":"xpath","value":"//*[@id=\"__button387\"]"}
RESULT: {"using":"xpath","value":"//*[@id=\"__button387\"]"}
COMMAND: POST /session/343af6daf6fbc7ee30938bcb5a9c3885/elements - {"using":"xpath","value":"//*[@id=\"__button387\"]"}
RESULT: {"using":"xpath","value":"//*[@id=\"__button387\"]"}
COMMAND: POST /session/343af6daf6fbc7ee30938bcb5a9c3885/elements - {"using":"xpath","value":"//*[@id=\"__button387\"]"}
RESULT: {"using":"xpath","value":"//*[@id=\"__button387\"]"}
COMMAND: POST /session/343af6daf6fbc7ee30938bcb5a9c3885/elements - {"using":"xpath","value":"//*[@id=\"__button387\"]"}
RESULT: {"using":"xpath","value":"//*[@id=\"__button387\"]"}
COMMAND: POST /session/343af6daf6fbc7ee30938bcb5a9c3885/elements - {"using":"xpath","value":"//*[@id=\"__button387\"]"}
RESULT: {"using":"xpath","value":"//*[@id=\"__button387\"]"}
COMMAND: POST /session/343af6daf6fbc7ee30938bcb5a9c3885/elements - {"using":"xpath","value":"//*[@id=\"__button387\"]"}
RESULT: {"using":"xpath","value":"//*[@id=\"__button387\"]"}
COMMAND: POST /session/343af6daf6fbc7ee30938bcb5a9c3885/elements - {"using":"xpath","value":"//*[@id=\"__button387\"]"}
RESULT: {"using":"xpath","value":"//*[@id=\"__button387\"]"}
COMMAND: POST /session/343af6daf6fbc7ee30938bcb5a9c3885/elements - {"using":"xpath","value":"//*[@id=\"__button387\"]"}
RESULT: {"using":"xpath","value":"//*[@id=\"__button387\"]"}
COMMAND: POST /session/343af6daf6fbc7ee30938bcb5a9c3885/elements - {"using":"xpath","value":"//*[@id=\"__button387\"]"}
RESULT: {"using":"xpath","value":"//*[@id=\"__button387\"]"}
COMMAND: POST /session/343af6daf6fbc7ee30938bcb5a9c3885/elements - {"using":"xpath","value":"//*[@id=\"__button387\"]"}
RESULT: {"using":"xpath","value":"//*[@id=\"__button387\"]"}
COMMAND: POST /session/343af6daf6fbc7ee30938bcb5a9c3885/elements - {"using":"xpath","value":"//*[@id=\"__button387\"]"}
RESULT: {"using":"xpath","value":"//*[@id=\"__button387\"]"}
COMMAND: POST /session/343af6daf6fbc7ee30938bcb5a9c3885/elements - {"using":"xpath","value":"//*[@id=\"__button387\"]"}
RESULT: {"using":"xpath","value":"//*[@id=\"__button387\"]"}
COMMAND: POST /session/343af6daf6fbc7ee30938bcb5a9c3885/elements - {"using":"xpath","value":"//*[@id=\"__button387\"]"}
RESULT: {"using":"xpath","value":"//*[@id=\"__button387\"]"}
COMMAND: POST /session/343af6daf6fbc7ee30938bcb5a9c3885/elements - {"using":"xpath","value":"//*[@id=\"__button387\"]"}
RESULT: {"using":"xpath","value":"//*[@id=\"__button387\"]"}
COMMAND: POST /session/343af6daf6fbc7ee30938bcb5a9c3885/elements - {"using":"xpath","value":"//*[@id=\"__button387\"]"}
RESULT: {"using":"xpath","value":"//*[@id=\"__button387\"]"}
COMMAND: POST /session/343af6daf6fbc7ee30938bcb5a9c3885/elements - {"using":"xpath","value":"//*[@id=\"__button387\"]"}
RESULT: {"using":"xpath","value":"//*[@id=\"__button387\"]"}
COMMAND: POST /session/343af6daf6fbc7ee30938bcb5a9c3885/elements - {"using":"xpath","value":"//*[@id=\"__button387\"]"}
RESULT: {"using":"xpath","value":"//*[@id=\"__button387\"]"}
COMMAND: POST /session/343af6daf6fbc7ee30938bcb5a9c3885/elements - {"using":"xpath","value":"//*[@id=\"__button387\"]"}
RESULT: {"using":"xpath","value":"//*[@id=\"__button387\"]"}
COMMAND: POST /session/343af6daf6fbc7ee30938bcb5a9c3885/elements - {"using":"xpath","value":"//*[@id=\"__button387\"]"}
RESULT: {"using":"xpath","value":"//*[@id=\"__button387\"]"}
COMMAND: POST /session/343af6daf6fbc7ee30938bcb5a9c3885/elements - {"using":"xpath","value":"//*[@id=\"__button387\"]"}
RESULT: {"using":"xpath","value":"//*[@id=\"__button387\"]"}
COMMAND: POST /session/343af6daf6fbc7ee30938bcb5a9c3885/elements - {"using":"xpath","value":"//*[@id=\"__button387\"]"}
RESULT: {"using":"xpath","value":"//*[@id=\"__button387\"]"}
COMMAND: POST /session/343af6daf6fbc7ee30938bcb5a9c3885/elements - {"using":"xpath","value":"//*[@id=\"__button387\"]"}
RESULT: {"using":"xpath","value":"//*[@id=\"__button387\"]"}
COMMAND: POST /session/343af6daf6fbc7ee30938bcb5a9c3885/elements - {"using":"xpath","value":"//*[@id=\"__button387\"]"}
RESULT: {"using":"xpath","value":"//*[@id=\"__button387\"]"}
COMMAND: POST /session/343af6daf6fbc7ee30938bcb5a9c3885/elements - {"using":"xpath","value":"//*[@id=\"__button387\"]"}
RESULT: {"using":"xpath","value":"//*[@id=\"__button387\"]"}
COMMAND: POST /session/343af6daf6fbc7ee30938bcb5a9c3885/elements - {"using":"xpath","value":"//*[@id=\"__button387\"]"}
RESULT: {"using":"xpath","value":"//*[@id=\"__button387\"]"}
COMMAND: POST /session/343af6daf6fbc7ee30938bcb5a9c3885/elements - {"using":"xpath","value":"//*[@id=\"__button387\"]"}
RESULT: {"using":"xpath","value":"//*[@id=\"__button387\"]"}
COMMAND: POST /session/343af6daf6fbc7ee30938bcb5a9c3885/elements - {"using":"xpath","value":"//*[@id=\"__button387\"]"}
RESULT: {"using":"xpath","value":"//*[@id=\"__button387\"]"}
COMMAND: POST /session/343af6daf6fbc7ee30938bcb5a9c3885/elements - {"using":"xpath","value":"//*[@id=\"__button387\"]"}
RESULT: {"using":"xpath","value":"//*[@id=\"__button387\"]"}
COMMAND: POST /session/343af6daf6fbc7ee30938bcb5a9c3885/elements - {"using":"xpath","value":"//*[@id=\"__button387\"]"}
RESULT: {"using":"xpath","value":"//*[@id=\"__button387\"]"}
COMMAND: POST /session/343af6daf6fbc7ee30938bcb5a9c3885/elements - {"using":"xpath","value":"//*[@id=\"__button387\"]"}
RESULT: {"using":"xpath","value":"//*[@id=\"__button387\"]"}
COMMAND: POST /session/343af6daf6fbc7ee30938bcb5a9c3885/elements - {"using":"xpath","value":"//*[@id=\"__button387\"]"}
RESULT: {"using":"xpath","value":"//*[@id=\"__button387\"]"}
COMMAND: POST /session/343af6daf6fbc7ee30938bcb5a9c3885/elements - {"using":"xpath","value":"//*[@id=\"__button387\"]"}
RESULT: {"using":"xpath","value":"//*[@id=\"__button387\"]"}
COMMAND: POST /session/343af6daf6fbc7ee30938bcb5a9c3885/elements - {"using":"xpath","value":"//*[@id=\"__button387\"]"}
RESULT: {"using":"xpath","value":"//*[@id=\"__button387\"]"}
COMMAND: POST /session/343af6daf6fbc7ee30938bcb5a9c3885/elements - {"using":"xpath","value":"//*[@id=\"__button387\"]"}
RESULT: {"using":"xpath","value":"//*[@id=\"__button387\"]"}
COMMAND: POST /session/343af6daf6fbc7ee30938bcb5a9c3885/elements - {"using":"xpath","value":"//*[@id=\"__button387\"]"}
RESULT: {"using":"xpath","value":"//*[@id=\"__button387\"]"}
COMMAND: POST /session/343af6daf6fbc7ee30938bcb5a9c3885/elements - {"using":"xpath","value":"//*[@id=\"__button387\"]"}
RESULT: {"using":"xpath","value":"//*[@id=\"__button387\"]"}
COMMAND: POST /session/343af6daf6fbc7ee30938bcb5a9c3885/elements - {"using":"xpath","value":"//*[@id=\"__button387\"]"}
RESULT: {"using":"xpath","value":"//*[@id=\"__button387\"]"}
COMMAND: POST /session/343af6daf6fbc7ee30938bcb5a9c3885/elements - {"using":"xpath","value":"//*[@id=\"__button387\"]"}
RESULT: {"using":"xpath","value":"//*[@id=\"__button387\"]"}
COMMAND: POST /session/343af6daf6fbc7ee30938bcb5a9c3885/elements - {"using":"xpath","value":"//*[@id=\"__button387\"]"}
RESULT: {"using":"xpath","value":"//*[@id=\"__button387\"]"}
COMMAND: POST /session/343af6daf6fbc7ee30938bcb5a9c3885/elements - {"using":"xpath","value":"//*[@id=\"__button387\"]"}
COMMAND: POST /session/343af6daf6fbc7ee30938bcb5a9c3885/element - {"using":"css selector","value":"#shell-header-logo"}
RESULT: {"using":"xpath","value":"//*[@id=\"__button387\"]"}
RESULT: {"using":"css selector","value":"#shell-header-logo"}
COMMAND: POST /session/343af6daf6fbc7ee30938bcb5a9c3885/execute/sync - {"script":"<script> [8489 bytes]","args":[{"element-6066-11e4-a52e-4f735466cecf":"f.8C4C75981FBDA5C274A9290576C3313B.d.C53A21C8A00327C6B09910172FC05913.e.13816","ELEMENT":"f.8C4C75981FBDA5C274A9290576C3313B.d.C53A21C8A00327C6B09910172FC05913.e.13816"}]}
RESULT: {"script":"<script> [8489 bytes]","args":[{"element-6066-11e4-a52e-4f735466cecf":"f.8C4C75981FBDA5C274A9290576C3313B.d.C53A21C8A00327C6B09910172FC05913.e.13816","ELEMENT":"f.8C4C75981FBDA5C274A9290576C3313B.d.C53A21C8A00327C6B09910172FC05913.e.13816"}]}
COMMAND: POST /session/343af6daf6fbc7ee30938bcb5a9c3885/execute/sync - {"script":"<script> [5351 bytes]","args":[{"element-6066-11e4-a52e-4f735466cecf":"f.8C4C75981FBDA5C274A9290576C3313B.d.C53A21C8A00327C6B09910172FC05913.e.13816","ELEMENT":"f.8C4C75981FBDA5C274A9290576C3313B.d.C53A21C8A00327C6B09910172FC05913.e.13816"}]}
COMMAND: GET /session/343af6daf6fbc7ee30938bcb5a9c3885/screenshot - {}
RESULT: {"script":"<script> [5351 bytes]","args":[{"element-6066-11e4-a52e-4f735466cecf":"f.8C4C75981FBDA5C274A9290576C3313B.d.C53A21C8A00327C6B09910172FC05913.e.13816","ELEMENT":"f.8C4C75981FBDA5C274A9290576C3313B.d.C53A21C8A00327C6B09910172FC05913.e.13816"}]}
COMMAND: POST /session/343af6daf6fbc7ee30938bcb5a9c3885/element/f.8C4C75981FBDA5C274A9290576C3313B.d.C53A21C8A00327C6B09910172FC05913.e.13816/click - {}
COMMAND: GET /session/343af6daf6fbc7ee30938bcb5a9c3885/screenshot - {}
RESULT: {}
RESULT: {}
COMMAND: GET /session/343af6daf6fbc7ee30938bcb5a9c3885/screenshot - {}
]]></system-out>
    </testcase>
    <testcase classname="chrome.135_0_7049_96.windows.Performance_based_billing_(work_days)_US139742" name="Should go to Manage Billings and trigger calculation check the conditions applied" time="54.421">
      <system-out><![CDATA[
COMMAND: POST /session/343af6daf6fbc7ee30938bcb5a9c3885/execute/async - {"script":"<script> [1562 bytes]","args":[{"selector":{"controlType":"sap.m.GenericTile","properties":{"header":"Manage Billings"}},"wdio_ui5_key":"sapm.GenericTile{\"header\":\"Manage Billings\"}"}]}
RESULT: {}
RESULT: {"script":"<script> [1562 bytes]","args":[{"selector":{"controlType":"sap.m.GenericTile","properties":{"header":"Manage Billings"}},"wdio_ui5_key":"sapm.GenericTile{\"header\":\"Manage Billings\"}"}]}
RESULT: undefined
COMMAND: POST /session/343af6daf6fbc7ee30938bcb5a9c3885/element - {"using":"xpath","value":"//*[@id=\"__tile91\"]"}
RESULT: {}
RESULT: {"using":"xpath","value":"//*[@id=\"__tile91\"]"}
COMMAND: POST /session/343af6daf6fbc7ee30938bcb5a9c3885/element/f.8C4C75981FBDA5C274A9290576C3313B.d.C53A21C8A00327C6B09910172FC05913.e.10072/click - {}
RESULT: {}
COMMAND: GET /session/343af6daf6fbc7ee30938bcb5a9c3885/screenshot - {}
COMMAND: POST /session/343af6daf6fbc7ee30938bcb5a9c3885/execute/async - {"script":"<script> [1562 bytes]","args":[{"selector":{"id":"application-managebillings-display-component---billRunCalcResult--smartFilterBar-btnBasicSearch","interaction":{"idSuffix":"I"}},"wdio_ui5_key":"applicationmanagebillings-display-component---billRunCalcResult--smartFilterBar-btnBasicSearch"}]}
RESULT: {}
RESULT: {"script":"<script> [1562 bytes]","args":[{"selector":{"id":"application-managebillings-display-component---billRunCalcResult--smartFilterBar-btnBasicSearch","interaction":{"idSuffix":"I"}},"wdio_ui5_key":"applicationmanagebillings-display-component---billRunCalcResult--smartFilterBar-btnBasicSearch"}]}
RESULT: undefined
COMMAND: POST /session/343af6daf6fbc7ee30938bcb5a9c3885/execute/async - {"script":"<script> [776 bytes]","args":[{"enterText":"10548","selector":{"id":"application-managebillings-display-component---billRunCalcResult--smartFilterBar-btnBasicSearch","interaction":{"idSuffix":"I"}},"clearTextFirst":true,"interactionType":"ENTER_TEXT"}]}
RESULT: {"script":"<script> [776 bytes]","args":[{"enterText":"10548","selector":{"id":"application-managebillings-display-component---billRunCalcResult--smartFilterBar-btnBasicSearch","interaction":{"idSuffix":"I"}},"clearTextFirst":true,"interactionType":"ENTER_TEXT"}]}
COMMAND: POST /session/343af6daf6fbc7ee30938bcb5a9c3885/actions - {"actions":[{"id":"action46","type":"key","parameters":{},"actions":[{"type":"keyDown","value":"î€‡"},{"type":"pause","duration":10},{"type":"keyUp","value":"î€‡"}]}]}
RESULT: {"actions":[{"id":"action46","type":"key","parameters":{},"actions":[{"type":"keyDown","value":"î€‡"},{"type":"pause","duration":10},{"type":"keyUp","value":"î€‡"}]}]}
COMMAND: GET /session/343af6daf6fbc7ee30938bcb5a9c3885/screenshot - {}
RESULT: {}
COMMAND: POST /session/343af6daf6fbc7ee30938bcb5a9c3885/element - {"using":"xpath","value":"//td[@aria-colindex=\"1\"]/div/div[contains(@class, \"sapMCbBg\")]"}
RESULT: {"using":"xpath","value":"//td[@aria-colindex=\"1\"]/div/div[contains(@class, \"sapMCbBg\")]"}
COMMAND: POST /session/343af6daf6fbc7ee30938bcb5a9c3885/element/f.8C4C75981FBDA5C274A9290576C3313B.d.C53A21C8A00327C6B09910172FC05913.e.14202/click - {}
RESULT: {}
COMMAND: GET /session/343af6daf6fbc7ee30938bcb5a9c3885/screenshot - {}
RESULT: {}
COMMAND: POST /session/343af6daf6fbc7ee30938bcb5a9c3885/execute/async - {"script":"<script> [1562 bytes]","args":[{"selector":{"id":"application-managebillings-display-component---billRunCalcResult--contractBillRunDate","interaction":{"idSuffix":"inner"}},"wdio_ui5_key":"applicationmanagebillings-display-component---billRunCalcResult--contractBillRunDate"}]}
RESULT: {"script":"<script> [1562 bytes]","args":[{"selector":{"id":"application-managebillings-display-component---billRunCalcResult--contractBillRunDate","interaction":{"idSuffix":"inner"}},"wdio_ui5_key":"applicationmanagebillings-display-component---billRunCalcResult--contractBillRunDate"}]}
RESULT: undefined
COMMAND: POST /session/343af6daf6fbc7ee30938bcb5a9c3885/execute/async - {"script":"<script> [776 bytes]","args":[{"enterText":"06/05/25","selector":{"id":"application-managebillings-display-component---billRunCalcResult--contractBillRunDate","interaction":{"idSuffix":"inner"}},"clearTextFirst":true,"interactionType":"ENTER_TEXT"}]}
RESULT: {"script":"<script> [776 bytes]","args":[{"enterText":"06/05/25","selector":{"id":"application-managebillings-display-component---billRunCalcResult--contractBillRunDate","interaction":{"idSuffix":"inner"}},"clearTextFirst":true,"interactionType":"ENTER_TEXT"}]}
COMMAND: POST /session/343af6daf6fbc7ee30938bcb5a9c3885/element - {"using":"xpath","value":"//bdi[contains(text(), \"Trigger Calculation\")]"}
RESULT: {"using":"xpath","value":"//bdi[contains(text(), \"Trigger Calculation\")]"}
COMMAND: POST /session/343af6daf6fbc7ee30938bcb5a9c3885/element/f.8C4C75981FBDA5C274A9290576C3313B.d.C53A21C8A00327C6B09910172FC05913.e.14252/click - {}
RESULT: {}
COMMAND: GET /session/343af6daf6fbc7ee30938bcb5a9c3885/screenshot - {}
RESULT: {}
COMMAND: POST /session/343af6daf6fbc7ee30938bcb5a9c3885/element - {"using":"xpath","value":"(//span[contains(@id, \"imgNav\")])[1]"}
RESULT: {"using":"xpath","value":"(//span[contains(@id, \"imgNav\")])[1]"}
COMMAND: POST /session/343af6daf6fbc7ee30938bcb5a9c3885/element/f.8C4C75981FBDA5C274A9290576C3313B.d.C53A21C8A00327C6B09910172FC05913.e.14203/click - {}
RESULT: {}
COMMAND: GET /session/343af6daf6fbc7ee30938bcb5a9c3885/screenshot - {}
RESULT: {}
COMMAND: POST /session/343af6daf6fbc7ee30938bcb5a9c3885/element - {"using":"xpath","value":"//tr/td[6]/div[1]/span[1]/span[1]"}
RESULT: {"using":"xpath","value":"//tr/td[6]/div[1]/span[1]/span[1]"}
COMMAND: GET /session/343af6daf6fbc7ee30938bcb5a9c3885/element/f.8C4C75981FBDA5C274A9290576C3313B.d.C53A21C8A00327C6B09910172FC05913.e.14257/text - {}
RESULT: {}
COMMAND: POST /session/343af6daf6fbc7ee30938bcb5a9c3885/element - {"using":"xpath","value":"(//span[contains(@id, \"imgNav\")])[2]"}
RESULT: {"using":"xpath","value":"(//span[contains(@id, \"imgNav\")])[2]"}
COMMAND: POST /session/343af6daf6fbc7ee30938bcb5a9c3885/element/f.8C4C75981FBDA5C274A9290576C3313B.d.C53A21C8A00327C6B09910172FC05913.e.14258/click - {}
RESULT: {}
COMMAND: POST /session/343af6daf6fbc7ee30938bcb5a9c3885/element - {"using":"xpath","value":"//bdi[contains(text(), \"Business Confirm\")]"}
COMMAND: GET /session/343af6daf6fbc7ee30938bcb5a9c3885/screenshot - {}
RESULT: {"using":"xpath","value":"//bdi[contains(text(), \"Business Confirm\")]"}
COMMAND: POST /session/343af6daf6fbc7ee30938bcb5a9c3885/elements - {"using":"xpath","value":"//bdi[contains(text(), \"Business Confirm\")]"}
RESULT: {}
RESULT: {"using":"xpath","value":"//bdi[contains(text(), \"Business Confirm\")]"}
COMMAND: POST /session/343af6daf6fbc7ee30938bcb5a9c3885/element - {"using":"xpath","value":"//bdi[contains(text(), \"Business Confirm\")]"}
RESULT: {"using":"xpath","value":"//bdi[contains(text(), \"Business Confirm\")]"}
COMMAND: POST /session/343af6daf6fbc7ee30938bcb5a9c3885/element/f.8C4C75981FBDA5C274A9290576C3313B.d.C53A21C8A00327C6B09910172FC05913.e.14315/click - {}
RESULT: {}
COMMAND: POST /session/343af6daf6fbc7ee30938bcb5a9c3885/element - {"using":"css selector","value":"#shell-header-logo"}
COMMAND: GET /session/343af6daf6fbc7ee30938bcb5a9c3885/screenshot - {}
RESULT: {"using":"css selector","value":"#shell-header-logo"}
COMMAND: POST /session/343af6daf6fbc7ee30938bcb5a9c3885/element/f.8C4C75981FBDA5C274A9290576C3313B.d.C53A21C8A00327C6B09910172FC05913.e.13999/click - {}
RESULT: {}
RESULT: {}
COMMAND: GET /session/343af6daf6fbc7ee30938bcb5a9c3885/screenshot - {}
RESULT: {}
COMMAND: POST /session/343af6daf6fbc7ee30938bcb5a9c3885/element - {"using":"css selector","value":"#j_username"}
COMMAND: POST /session/343af6daf6fbc7ee30938bcb5a9c3885/url - {"url":"https://qa-testing-00-live-etm-ui.cfapps.eu10-004.hana.ondemand.com/"}
RESULT: {"using":"css selector","value":"#j_username"}
COMMAND: POST /session/343af6daf6fbc7ee30938bcb5a9c3885/element - {"using":"css selector","value":"#j_username"}
RESULT: {"url":"https://qa-testing-00-live-etm-ui.cfapps.eu10-004.hana.ondemand.com/"}
RESULT: undefined
COMMAND: GET /session/343af6daf6fbc7ee30938bcb5a9c3885/screenshot - {}
RESULT: {"using":"css selector","value":"#j_username"}
COMMAND: POST /session/343af6daf6fbc7ee30938bcb5a9c3885/element - {"using":"css selector","value":"#shell-header-logo"}
RESULT: {}
RESULT: {"using":"css selector","value":"#shell-header-logo"}
COMMAND: POST /session/343af6daf6fbc7ee30938bcb5a9c3885/execute/sync - {"script":"<script> [8489 bytes]","args":[{"element-6066-11e4-a52e-4f735466cecf":"f.8C4C75981FBDA5C274A9290576C3313B.d.70CCFF0020A63B4DBB0EC5D499C9A4FC.e.14331","ELEMENT":"f.8C4C75981FBDA5C274A9290576C3313B.d.70CCFF0020A63B4DBB0EC5D499C9A4FC.e.14331"}]}
RESULT: {"script":"<script> [8489 bytes]","args":[{"element-6066-11e4-a52e-4f735466cecf":"f.8C4C75981FBDA5C274A9290576C3313B.d.70CCFF0020A63B4DBB0EC5D499C9A4FC.e.14331","ELEMENT":"f.8C4C75981FBDA5C274A9290576C3313B.d.70CCFF0020A63B4DBB0EC5D499C9A4FC.e.14331"}]}
COMMAND: POST /session/343af6daf6fbc7ee30938bcb5a9c3885/element - {"using":"css selector","value":"#shell-header-logo"}
COMMAND: GET /session/343af6daf6fbc7ee30938bcb5a9c3885/screenshot - {}
RESULT: {"using":"css selector","value":"#shell-header-logo"}
COMMAND: POST /session/343af6daf6fbc7ee30938bcb5a9c3885/execute/sync - {"script":"<script> [8489 bytes]","args":[{"element-6066-11e4-a52e-4f735466cecf":"f.8C4C75981FBDA5C274A9290576C3313B.d.70CCFF0020A63B4DBB0EC5D499C9A4FC.e.14331","ELEMENT":"f.8C4C75981FBDA5C274A9290576C3313B.d.70CCFF0020A63B4DBB0EC5D499C9A4FC.e.14331"}]}
RESULT: {}
RESULT: {"script":"<script> [8489 bytes]","args":[{"element-6066-11e4-a52e-4f735466cecf":"f.8C4C75981FBDA5C274A9290576C3313B.d.70CCFF0020A63B4DBB0EC5D499C9A4FC.e.14331","ELEMENT":"f.8C4C75981FBDA5C274A9290576C3313B.d.70CCFF0020A63B4DBB0EC5D499C9A4FC.e.14331"}]}
COMMAND: POST /session/343af6daf6fbc7ee30938bcb5a9c3885/execute/sync - {"script":"<script> [5351 bytes]","args":[{"element-6066-11e4-a52e-4f735466cecf":"f.8C4C75981FBDA5C274A9290576C3313B.d.70CCFF0020A63B4DBB0EC5D499C9A4FC.e.14331","ELEMENT":"f.8C4C75981FBDA5C274A9290576C3313B.d.70CCFF0020A63B4DBB0EC5D499C9A4FC.e.14331"}]}
COMMAND: GET /session/343af6daf6fbc7ee30938bcb5a9c3885/screenshot - {}
RESULT: {"script":"<script> [5351 bytes]","args":[{"element-6066-11e4-a52e-4f735466cecf":"f.8C4C75981FBDA5C274A9290576C3313B.d.70CCFF0020A63B4DBB0EC5D499C9A4FC.e.14331","ELEMENT":"f.8C4C75981FBDA5C274A9290576C3313B.d.70CCFF0020A63B4DBB0EC5D499C9A4FC.e.14331"}]}
COMMAND: POST /session/343af6daf6fbc7ee30938bcb5a9c3885/element - {"using":"css selector","value":"#shell-header-logo"}
COMMAND: GET /session/343af6daf6fbc7ee30938bcb5a9c3885/screenshot - {}
RESULT: {}
RESULT: {"using":"css selector","value":"#shell-header-logo"}
COMMAND: POST /session/343af6daf6fbc7ee30938bcb5a9c3885/element/f.8C4C75981FBDA5C274A9290576C3313B.d.70CCFF0020A63B4DBB0EC5D499C9A4FC.e.14331/click - {}
RESULT: {}
RESULT: {}
COMMAND: GET /session/343af6daf6fbc7ee30938bcb5a9c3885/screenshot - {}
RESULT: {}
COMMAND: POST /session/343af6daf6fbc7ee30938bcb5a9c3885/execute/async - {"script":"<script> [189 bytes]","args":[]}
RESULT: {"script":"<script> [189 bytes]","args":[]}
COMMAND: POST /session/343af6daf6fbc7ee30938bcb5a9c3885/execute/async - {"script":"<script> [123 bytes]","args":[]}
RESULT: {"script":"<script> [123 bytes]","args":[]}
COMMAND: POST /session/343af6daf6fbc7ee30938bcb5a9c3885/timeouts - {"script":"<number>"}
RESULT: {"script":"<number>"}
COMMAND: GET /session/343af6daf6fbc7ee30938bcb5a9c3885/timeouts - {}
RESULT: {}
RESULT: undefined
COMMAND: POST /session/343af6daf6fbc7ee30938bcb5a9c3885/execute/async - {"script":"<script> [2676 bytes]","args":[]}
RESULT: {"script":"<script> [2676 bytes]","args":[]}
COMMAND: POST /session/343af6daf6fbc7ee30938bcb5a9c3885/execute/async - {"script":"<script> [2342 bytes]","args":[{"protocol":"http","hostname":"0.0.0.0","path":"/","capabilities":{"browserName":"chrome","goog:chromeOptions":{"binary":"C:\\Program Files\\Google\\Chrome\\Application\\chrome.exe","args":["--start-maximized"]}},"logLevel":"warn","connectionRetryTimeout":120000,"connectionRetryCount":3,"logLevels":{},"enableDirectConnect":true,"strictSSL":true,"_":"65 more keys: [\"cacheDir\",\"port\",\"requestedCapabilities\",\"automationProtocol\",\"baseUrl\",\"waitforInterval\",\"waitforTimeout\",\"onReload\",\"beforeCommand\",\"afterCommand\",\"rootDir\",\"specs\",\"suites\",\"exclude\",\"groupLogsByTestSpec\",\"excludeDriverLogs\",\"bail\",\"framework\",\"reporters\",\"services\",\"maxInstances\",\"maxInstancesPerCapability\",\"injectGlobals\",\"filesToWatch\",\"execArgv\",\"runnerEnv\",\"runner\",\"shard\",\"specFileRetries\",\"specFileRetriesDelay\",\"specFileRetriesDeferred\",\"reporterSyncInterval\",\"reporterSyncTimeout\",\"cucumberFeaturesWithLineNumbers\",\"autoCompileOpts\",\"mochaOpts\",\"jasmineOpts\",\"cucumberOpts\",\"onPrepare\",\"onWorkerStart\",\"onWorkerEnd\",\"before\",\"beforeSession\",\"beforeSuite\",\"beforeHook\",\"beforeTest\",\"afterTest\",\"afterHook\",\"afterSuite\",\"afterSession\",\"after\",\"onComplete\",\"beforeAssertion\",\"afterAssertion\",\"beforeFeature\",\"beforeScenario\",\"beforeStep\",\"afterStep\",\"afterScenario\",\"afterFeature\",\"_\",\"suite\",\"$0\",\"ignoredWorkerServices\",\"wdi5\"]"}]}
RESULT: {"script":"<script> [2342 bytes]","args":[{"protocol":"http","hostname":"0.0.0.0","path":"/","capabilities":{"browserName":"chrome","goog:chromeOptions":{"binary":"C:\\Program Files\\Google\\Chrome\\Application\\chrome.exe","args":["--start-maximized"]}},"logLevel":"warn","connectionRetryTimeout":120000,"connectionRetryCount":3,"logLevels":{},"enableDirectConnect":true,"strictSSL":true,"_":"65 more keys: [\"cacheDir\",\"port\",\"requestedCapabilities\",\"automationProtocol\",\"baseUrl\",\"waitforInterval\",\"waitforTimeout\",\"onReload\",\"beforeCommand\",\"afterCommand\",\"rootDir\",\"specs\",\"suites\",\"exclude\",\"groupLogsByTestSpec\",\"excludeDriverLogs\",\"bail\",\"framework\",\"reporters\",\"services\",\"maxInstances\",\"maxInstancesPerCapability\",\"injectGlobals\",\"filesToWatch\",\"execArgv\",\"runnerEnv\",\"runner\",\"shard\",\"specFileRetries\",\"specFileRetriesDelay\",\"specFileRetriesDeferred\",\"reporterSyncInterval\",\"reporterSyncTimeout\",\"cucumberFeaturesWithLineNumbers\",\"autoCompileOpts\",\"mochaOpts\",\"jasmineOpts\",\"cucumberOpts\",\"onPrepare\",\"onWorkerStart\",\"onWorkerEnd\",\"before\",\"beforeSession\",\"beforeSuite\",\"beforeHook\",\"beforeTest\",\"afterTest\",\"afterHook\",\"afterSuite\",\"afterSession\",\"after\",\"onComplete\",\"beforeAssertion\",\"afterAssertion\",\"beforeFeature\",\"beforeScenario\",\"beforeStep\",\"afterStep\",\"afterScenario\",\"afterFeature\",\"_\",\"suite\",\"$0\",\"ignoredWorkerServices\",\"wdi5\"]"}]}
COMMAND: POST /session/343af6daf6fbc7ee30938bcb5a9c3885/execute/async - {"script":"<script> [21126 bytes]","args":[35000]}
RESULT: {"script":"<script> [21126 bytes]","args":[35000]}
COMMAND: POST /session/343af6daf6fbc7ee30938bcb5a9c3885/window/maximize - {}
RESULT: {}
COMMAND: POST /session/343af6daf6fbc7ee30938bcb5a9c3885/execute/async - {"script":"<script> [1562 bytes]","args":[{"selector":{"id":"shell-header","interaction":{"idSuffix":"icon"}},"wdio_ui5_key":"shellheader"}]}
COMMAND: GET /session/343af6daf6fbc7ee30938bcb5a9c3885/screenshot - {}
RESULT: {"script":"<script> [1562 bytes]","args":[{"selector":{"id":"shell-header","interaction":{"idSuffix":"icon"}},"wdio_ui5_key":"shellheader"}]}
RESULT: undefined
COMMAND: POST /session/343af6daf6fbc7ee30938bcb5a9c3885/refresh - {}
RESULT: {}
RESULT: {}
COMMAND: GET /session/343af6daf6fbc7ee30938bcb5a9c3885/screenshot - {}
RESULT: {}
COMMAND: POST /session/343af6daf6fbc7ee30938bcb5a9c3885/refresh - {}
RESULT: {}
COMMAND: GET /session/343af6daf6fbc7ee30938bcb5a9c3885/screenshot - {}
RESULT: {}
COMMAND: POST /session/343af6daf6fbc7ee30938bcb5a9c3885/window/fullscreen - {}
RESULT: {}
COMMAND: POST /session/343af6daf6fbc7ee30938bcb5a9c3885/execute/async - {"script":"<script> [189 bytes]","args":[]}
RESULT: {"script":"<script> [189 bytes]","args":[]}
COMMAND: POST /session/343af6daf6fbc7ee30938bcb5a9c3885/execute/async - {"script":"<script> [123 bytes]","args":[]}
RESULT: {"script":"<script> [123 bytes]","args":[]}
COMMAND: POST /session/343af6daf6fbc7ee30938bcb5a9c3885/timeouts - {"script":"<number>"}
RESULT: {"script":"<number>"}
COMMAND: GET /session/343af6daf6fbc7ee30938bcb5a9c3885/timeouts - {}
RESULT: {}
RESULT: undefined
COMMAND: POST /session/343af6daf6fbc7ee30938bcb5a9c3885/execute/async - {"script":"<script> [2676 bytes]","args":[]}
RESULT: {"script":"<script> [2676 bytes]","args":[]}
COMMAND: POST /session/343af6daf6fbc7ee30938bcb5a9c3885/execute/async - {"script":"<script> [2342 bytes]","args":[{"protocol":"http","hostname":"0.0.0.0","path":"/","capabilities":{"browserName":"chrome","goog:chromeOptions":{"binary":"C:\\Program Files\\Google\\Chrome\\Application\\chrome.exe","args":["--start-maximized"]}},"logLevel":"warn","connectionRetryTimeout":120000,"connectionRetryCount":3,"logLevels":{},"enableDirectConnect":true,"strictSSL":true,"_":"65 more keys: [\"cacheDir\",\"port\",\"requestedCapabilities\",\"automationProtocol\",\"baseUrl\",\"waitforInterval\",\"waitforTimeout\",\"onReload\",\"beforeCommand\",\"afterCommand\",\"rootDir\",\"specs\",\"suites\",\"exclude\",\"groupLogsByTestSpec\",\"excludeDriverLogs\",\"bail\",\"framework\",\"reporters\",\"services\",\"maxInstances\",\"maxInstancesPerCapability\",\"injectGlobals\",\"filesToWatch\",\"execArgv\",\"runnerEnv\",\"runner\",\"shard\",\"specFileRetries\",\"specFileRetriesDelay\",\"specFileRetriesDeferred\",\"reporterSyncInterval\",\"reporterSyncTimeout\",\"cucumberFeaturesWithLineNumbers\",\"autoCompileOpts\",\"mochaOpts\",\"jasmineOpts\",\"cucumberOpts\",\"onPrepare\",\"onWorkerStart\",\"onWorkerEnd\",\"before\",\"beforeSession\",\"beforeSuite\",\"beforeHook\",\"beforeTest\",\"afterTest\",\"afterHook\",\"afterSuite\",\"afterSession\",\"after\",\"onComplete\",\"beforeAssertion\",\"afterAssertion\",\"beforeFeature\",\"beforeScenario\",\"beforeStep\",\"afterStep\",\"afterScenario\",\"afterFeature\",\"_\",\"suite\",\"$0\",\"ignoredWorkerServices\",\"wdi5\"]"}]}
RESULT: {"script":"<script> [2342 bytes]","args":[{"protocol":"http","hostname":"0.0.0.0","path":"/","capabilities":{"browserName":"chrome","goog:chromeOptions":{"binary":"C:\\Program Files\\Google\\Chrome\\Application\\chrome.exe","args":["--start-maximized"]}},"logLevel":"warn","connectionRetryTimeout":120000,"connectionRetryCount":3,"logLevels":{},"enableDirectConnect":true,"strictSSL":true,"_":"65 more keys: [\"cacheDir\",\"port\",\"requestedCapabilities\",\"automationProtocol\",\"baseUrl\",\"waitforInterval\",\"waitforTimeout\",\"onReload\",\"beforeCommand\",\"afterCommand\",\"rootDir\",\"specs\",\"suites\",\"exclude\",\"groupLogsByTestSpec\",\"excludeDriverLogs\",\"bail\",\"framework\",\"reporters\",\"services\",\"maxInstances\",\"maxInstancesPerCapability\",\"injectGlobals\",\"filesToWatch\",\"execArgv\",\"runnerEnv\",\"runner\",\"shard\",\"specFileRetries\",\"specFileRetriesDelay\",\"specFileRetriesDeferred\",\"reporterSyncInterval\",\"reporterSyncTimeout\",\"cucumberFeaturesWithLineNumbers\",\"autoCompileOpts\",\"mochaOpts\",\"jasmineOpts\",\"cucumberOpts\",\"onPrepare\",\"onWorkerStart\",\"onWorkerEnd\",\"before\",\"beforeSession\",\"beforeSuite\",\"beforeHook\",\"beforeTest\",\"afterTest\",\"afterHook\",\"afterSuite\",\"afterSession\",\"after\",\"onComplete\",\"beforeAssertion\",\"afterAssertion\",\"beforeFeature\",\"beforeScenario\",\"beforeStep\",\"afterStep\",\"afterScenario\",\"afterFeature\",\"_\",\"suite\",\"$0\",\"ignoredWorkerServices\",\"wdi5\"]"}]}
COMMAND: POST /session/343af6daf6fbc7ee30938bcb5a9c3885/execute/async - {"script":"<script> [21126 bytes]","args":[35000]}
RESULT: {"script":"<script> [21126 bytes]","args":[35000]}
]]></system-out>
    </testcase>
  </testsuite>
  <testsuite timestamp="2025-05-05T17:54:24" time="1298.154" tests="20" failures="4" errors="4" skipped="0">
    <properties>
      <property name="specId" value="0" />
      <property name="suiteName" value="Billing Calculation - Time based (considering transport times) US139738" />
      <property name="capabilities" value="chrome.135_0_7049_96.windows" />
      <property name="file" value="file:///D:/a/1/s/test/specs/BTS/billing-calculation-transp-times.spec.js" />
    </properties>
    <testcase classname="chrome.135_0_7049_96.windows.Billing_Calculation_-_Time_based_(considering_transport_times)_US139738" name="Should create a new yard" time="0.02">
      <system-out><![CDATA[
COMMAND: POST /session/343af6daf6fbc7ee30938bcb5a9c3885/window/fullscreen - {}
RESULT: {}
]]></system-out>
    </testcase>
    <testcase classname="chrome.135_0_7049_96.windows.Billing_Calculation_-_Time_based_(considering_transport_times)_US139738" name="Should create a new partner" time="0.004" />
    <testcase classname="chrome.135_0_7049_96.windows.Billing_Calculation_-_Time_based_(considering_transport_times)_US139738" name="Should create a new site" time="0.003" />
    <testcase classname="chrome.135_0_7049_96.windows.Billing_Calculation_-_Time_based_(considering_transport_times)_US139738" name="Should create the equipment" time="121.494">
      <system-out><![CDATA[
COMMAND: POST /session/343af6daf6fbc7ee30938bcb5a9c3885/execute/async - {"script":"<script> [1562 bytes]","args":[{"selector":{"controlType":"sap.m.GenericTile","properties":{"header":"Manage Resources"}},"wdio_ui5_key":"sapm.GenericTile{\"header\":\"Manage Resources\"}"}]}
RESULT: {"script":"<script> [1562 bytes]","args":[{"selector":{"controlType":"sap.m.GenericTile","properties":{"header":"Manage Resources"}},"wdio_ui5_key":"sapm.GenericTile{\"header\":\"Manage Resources\"}"}]}
RESULT: undefined
COMMAND: POST /session/343af6daf6fbc7ee30938bcb5a9c3885/element - {"using":"xpath","value":"//*[@id=\"__tile39\"]"}
RESULT: {"using":"xpath","value":"//*[@id=\"__tile39\"]"}
COMMAND: POST /session/343af6daf6fbc7ee30938bcb5a9c3885/element/f.8C4C75981FBDA5C274A9290576C3313B.d.2076322CFDD7422C652811C7971ED461.e.14478/click - {}
RESULT: {}
COMMAND: POST /session/343af6daf6fbc7ee30938bcb5a9c3885/element - {"using":"xpath","value":"//button[@data-kt=\"addNewRUOverflowToolbarButton\"]"}
COMMAND: GET /session/343af6daf6fbc7ee30938bcb5a9c3885/screenshot - {}
RESULT: {"using":"xpath","value":"//button[@data-kt=\"addNewRUOverflowToolbarButton\"]"}
COMMAND: POST /session/343af6daf6fbc7ee30938bcb5a9c3885/elements - {"using":"xpath","value":"//button[@data-kt=\"addNewRUOverflowToolbarButton\"]"}
RESULT: {}
RESULT: {"using":"xpath","value":"//button[@data-kt=\"addNewRUOverflowToolbarButton\"]"}
COMMAND: POST /session/343af6daf6fbc7ee30938bcb5a9c3885/elements - {"using":"xpath","value":"//button[@data-kt=\"addNewRUOverflowToolbarButton\"]"}
RESULT: {"using":"xpath","value":"//button[@data-kt=\"addNewRUOverflowToolbarButton\"]"}
COMMAND: POST /session/343af6daf6fbc7ee30938bcb5a9c3885/elements - {"using":"xpath","value":"//button[@data-kt=\"addNewRUOverflowToolbarButton\"]"}
RESULT: {"using":"xpath","value":"//button[@data-kt=\"addNewRUOverflowToolbarButton\"]"}
COMMAND: POST /session/343af6daf6fbc7ee30938bcb5a9c3885/elements - {"using":"xpath","value":"//button[@data-kt=\"addNewRUOverflowToolbarButton\"]"}
RESULT: {"using":"xpath","value":"//button[@data-kt=\"addNewRUOverflowToolbarButton\"]"}
COMMAND: POST /session/343af6daf6fbc7ee30938bcb5a9c3885/elements - {"using":"xpath","value":"//button[@data-kt=\"addNewRUOverflowToolbarButton\"]"}
RESULT: {"using":"xpath","value":"//button[@data-kt=\"addNewRUOverflowToolbarButton\"]"}
COMMAND: POST /session/343af6daf6fbc7ee30938bcb5a9c3885/elements - {"using":"xpath","value":"//button[@data-kt=\"addNewRUOverflowToolbarButton\"]"}
RESULT: {"using":"xpath","value":"//button[@data-kt=\"addNewRUOverflowToolbarButton\"]"}
COMMAND: POST /session/343af6daf6fbc7ee30938bcb5a9c3885/elements - {"using":"xpath","value":"//button[@data-kt=\"addNewRUOverflowToolbarButton\"]"}
RESULT: {"using":"xpath","value":"//button[@data-kt=\"addNewRUOverflowToolbarButton\"]"}
COMMAND: POST /session/343af6daf6fbc7ee30938bcb5a9c3885/elements - {"using":"xpath","value":"//button[@data-kt=\"addNewRUOverflowToolbarButton\"]"}
RESULT: {"using":"xpath","value":"//button[@data-kt=\"addNewRUOverflowToolbarButton\"]"}
COMMAND: POST /session/343af6daf6fbc7ee30938bcb5a9c3885/elements - {"using":"xpath","value":"//button[@data-kt=\"addNewRUOverflowToolbarButton\"]"}
RESULT: {"using":"xpath","value":"//button[@data-kt=\"addNewRUOverflowToolbarButton\"]"}
COMMAND: POST /session/343af6daf6fbc7ee30938bcb5a9c3885/elements - {"using":"xpath","value":"//button[@data-kt=\"addNewRUOverflowToolbarButton\"]"}
RESULT: {"using":"xpath","value":"//button[@data-kt=\"addNewRUOverflowToolbarButton\"]"}
COMMAND: POST /session/343af6daf6fbc7ee30938bcb5a9c3885/elements - {"using":"xpath","value":"//button[@data-kt=\"addNewRUOverflowToolbarButton\"]"}
RESULT: {"using":"xpath","value":"//button[@data-kt=\"addNewRUOverflowToolbarButton\"]"}
COMMAND: POST /session/343af6daf6fbc7ee30938bcb5a9c3885/elements - {"using":"xpath","value":"//button[@data-kt=\"addNewRUOverflowToolbarButton\"]"}
RESULT: {"using":"xpath","value":"//button[@data-kt=\"addNewRUOverflowToolbarButton\"]"}
COMMAND: POST /session/343af6daf6fbc7ee30938bcb5a9c3885/elements - {"using":"xpath","value":"//button[@data-kt=\"addNewRUOverflowToolbarButton\"]"}
RESULT: {"using":"xpath","value":"//button[@data-kt=\"addNewRUOverflowToolbarButton\"]"}
COMMAND: POST /session/343af6daf6fbc7ee30938bcb5a9c3885/elements - {"using":"xpath","value":"//button[@data-kt=\"addNewRUOverflowToolbarButton\"]"}
RESULT: {"using":"xpath","value":"//button[@data-kt=\"addNewRUOverflowToolbarButton\"]"}
COMMAND: POST /session/343af6daf6fbc7ee30938bcb5a9c3885/elements - {"using":"xpath","value":"//button[@data-kt=\"addNewRUOverflowToolbarButton\"]"}
RESULT: {"using":"xpath","value":"//button[@data-kt=\"addNewRUOverflowToolbarButton\"]"}
COMMAND: POST /session/343af6daf6fbc7ee30938bcb5a9c3885/elements - {"using":"xpath","value":"//button[@data-kt=\"addNewRUOverflowToolbarButton\"]"}
RESULT: {"using":"xpath","value":"//button[@data-kt=\"addNewRUOverflowToolbarButton\"]"}
COMMAND: POST /session/343af6daf6fbc7ee30938bcb5a9c3885/element - {"using":"xpath","value":"//button[@data-kt=\"addNewRUOverflowToolbarButton\"]"}
RESULT: {"using":"xpath","value":"//button[@data-kt=\"addNewRUOverflowToolbarButton\"]"}
COMMAND: POST /session/343af6daf6fbc7ee30938bcb5a9c3885/execute/sync - {"script":"<script> [8489 bytes]","args":[{"element-6066-11e4-a52e-4f735466cecf":"f.8C4C75981FBDA5C274A9290576C3313B.d.2076322CFDD7422C652811C7971ED461.e.14616","ELEMENT":"f.8C4C75981FBDA5C274A9290576C3313B.d.2076322CFDD7422C652811C7971ED461.e.14616"}]}
RESULT: {"script":"<script> [8489 bytes]","args":[{"element-6066-11e4-a52e-4f735466cecf":"f.8C4C75981FBDA5C274A9290576C3313B.d.2076322CFDD7422C652811C7971ED461.e.14616","ELEMENT":"f.8C4C75981FBDA5C274A9290576C3313B.d.2076322CFDD7422C652811C7971ED461.e.14616"}]}
COMMAND: GET /session/343af6daf6fbc7ee30938bcb5a9c3885/element/f.8C4C75981FBDA5C274A9290576C3313B.d.2076322CFDD7422C652811C7971ED461.e.14616/enabled - {}
COMMAND: GET /session/343af6daf6fbc7ee30938bcb5a9c3885/screenshot - {}
RESULT: {}
COMMAND: POST /session/343af6daf6fbc7ee30938bcb5a9c3885/execute/sync - {"script":"<script> [8489 bytes]","args":[{"element-6066-11e4-a52e-4f735466cecf":"f.8C4C75981FBDA5C274A9290576C3313B.d.2076322CFDD7422C652811C7971ED461.e.14616","ELEMENT":"f.8C4C75981FBDA5C274A9290576C3313B.d.2076322CFDD7422C652811C7971ED461.e.14616"}]}
COMMAND: GET /session/343af6daf6fbc7ee30938bcb5a9c3885/screenshot - {}
RESULT: {}
RESULT: {"script":"<script> [8489 bytes]","args":[{"element-6066-11e4-a52e-4f735466cecf":"f.8C4C75981FBDA5C274A9290576C3313B.d.2076322CFDD7422C652811C7971ED461.e.14616","ELEMENT":"f.8C4C75981FBDA5C274A9290576C3313B.d.2076322CFDD7422C652811C7971ED461.e.14616"}]}
COMMAND: POST /session/343af6daf6fbc7ee30938bcb5a9c3885/execute/sync - {"script":"<script> [5351 bytes]","args":[{"element-6066-11e4-a52e-4f735466cecf":"f.8C4C75981FBDA5C274A9290576C3313B.d.2076322CFDD7422C652811C7971ED461.e.14616","ELEMENT":"f.8C4C75981FBDA5C274A9290576C3313B.d.2076322CFDD7422C652811C7971ED461.e.14616"}]}
COMMAND: GET /session/343af6daf6fbc7ee30938bcb5a9c3885/screenshot - {}
RESULT: {}
RESULT: {"script":"<script> [5351 bytes]","args":[{"element-6066-11e4-a52e-4f735466cecf":"f.8C4C75981FBDA5C274A9290576C3313B.d.2076322CFDD7422C652811C7971ED461.e.14616","ELEMENT":"f.8C4C75981FBDA5C274A9290576C3313B.d.2076322CFDD7422C652811C7971ED461.e.14616"}]}
COMMAND: POST /session/343af6daf6fbc7ee30938bcb5a9c3885/element/f.8C4C75981FBDA5C274A9290576C3313B.d.2076322CFDD7422C652811C7971ED461.e.14616/click - {}
COMMAND: GET /session/343af6daf6fbc7ee30938bcb5a9c3885/screenshot - {}
RESULT: {}
RESULT: {}
COMMAND: GET /session/343af6daf6fbc7ee30938bcb5a9c3885/screenshot - {}
RESULT: {}
RESULT: {}
COMMAND: POST /session/343af6daf6fbc7ee30938bcb5a9c3885/execute/async - {"script":"<script> [1562 bytes]","args":[{"selector":{"id":"application-manageresources-display-component---newResourceUnit--TYPE-arrow"},"wdio_ui5_key":"applicationmanageresources-display-component---newResourceUnit--TYPE-arrow"}]}
RESULT: {"script":"<script> [1562 bytes]","args":[{"selector":{"id":"application-manageresources-display-component---newResourceUnit--TYPE-arrow"},"wdio_ui5_key":"applicationmanageresources-display-component---newResourceUnit--TYPE-arrow"}]}
RESULT: undefined
COMMAND: POST /session/343af6daf6fbc7ee30938bcb5a9c3885/element - {"using":"xpath","value":"//*[@id=\"application-manageresources-display-component---newResourceUnit--TYPE-arrow\"]"}
RESULT: {"using":"xpath","value":"//*[@id=\"application-manageresources-display-component---newResourceUnit--TYPE-arrow\"]"}
COMMAND: POST /session/343af6daf6fbc7ee30938bcb5a9c3885/element/f.8C4C75981FBDA5C274A9290576C3313B.d.2076322CFDD7422C652811C7971ED461.e.14987/click - {}
RESULT: {}
COMMAND: POST /session/343af6daf6fbc7ee30938bcb5a9c3885/element - {"using":"xpath","value":"//input[@id=\"application-manageresources-display-component---newResourceUnit--TYPE-inner\"]"}
COMMAND: GET /session/343af6daf6fbc7ee30938bcb5a9c3885/screenshot - {}
RESULT: {"using":"xpath","value":"//input[@id=\"application-manageresources-display-component---newResourceUnit--TYPE-inner\"]"}
COMMAND: POST /session/343af6daf6fbc7ee30938bcb5a9c3885/element/f.8C4C75981FBDA5C274A9290576C3313B.d.2076322CFDD7422C652811C7971ED461.e.14968/clear - {}
RESULT: {}
RESULT: {}
COMMAND: POST /session/343af6daf6fbc7ee30938bcb5a9c3885/element/f.8C4C75981FBDA5C274A9290576C3313B.d.2076322CFDD7422C652811C7971ED461.e.14968/value - {"text":"Equipment"}
COMMAND: GET /session/343af6daf6fbc7ee30938bcb5a9c3885/screenshot - {}
RESULT: {"text":"Equipment"}
COMMAND: GET /session/343af6daf6fbc7ee30938bcb5a9c3885/screenshot - {}
RESULT: {}
RESULT: {}
COMMAND: POST /session/343af6daf6fbc7ee30938bcb5a9c3885/actions - {"actions":[{"id":"action47","type":"key","parameters":{},"actions":[{"type":"keyDown","value":"î€‡"},{"type":"pause","duration":10},{"type":"keyUp","value":"î€‡"}]}]}
RESULT: {"actions":[{"id":"action47","type":"key","parameters":{},"actions":[{"type":"keyDown","value":"î€‡"},{"type":"pause","duration":10},{"type":"keyUp","value":"î€‡"}]}]}
COMMAND: POST /session/343af6daf6fbc7ee30938bcb5a9c3885/execute/async - {"script":"<script> [1562 bytes]","args":[{"selector":{"id":"application-manageresources-display-component---newResourceUnit--resourceId","interaction":{"idSuffix":"inner"}},"wdio_ui5_key":"applicationmanageresources-display-component---newResourceUnit--resourceId"}]}
COMMAND: GET /session/343af6daf6fbc7ee30938bcb5a9c3885/screenshot - {}
RESULT: {"script":"<script> [1562 bytes]","args":[{"selector":{"id":"application-manageresources-display-component---newResourceUnit--resourceId","interaction":{"idSuffix":"inner"}},"wdio_ui5_key":"applicationmanageresources-display-component---newResourceUnit--resourceId"}]}
RESULT: undefined
COMMAND: POST /session/343af6daf6fbc7ee30938bcb5a9c3885/execute/async - {"script":"<script> [776 bytes]","args":[{"enterText":"D85brGedea","selector":{"id":"application-manageresources-display-component---newResourceUnit--resourceId","interaction":{"idSuffix":"inner"}},"clearTextFirst":true,"interactionType":"ENTER_TEXT"}]}
RESULT: {}
RESULT: {"script":"<script> [776 bytes]","args":[{"enterText":"D85brGedea","selector":{"id":"application-manageresources-display-component---newResourceUnit--resourceId","interaction":{"idSuffix":"inner"}},"clearTextFirst":true,"interactionType":"ENTER_TEXT"}]}
COMMAND: POST /session/343af6daf6fbc7ee30938bcb5a9c3885/execute/async - {"script":"<script> [1562 bytes]","args":[{"selector":{"id":"application-manageresources-display-component---newResourceUnit--SHORT_TEXT","interaction":{"idSuffix":"inner"}},"wdio_ui5_key":"applicationmanageresources-display-component---newResourceUnit--SHORT_TEXT"}]}
RESULT: {"script":"<script> [1562 bytes]","args":[{"selector":{"id":"application-manageresources-display-component---newResourceUnit--SHORT_TEXT","interaction":{"idSuffix":"inner"}},"wdio_ui5_key":"applicationmanageresources-display-component---newResourceUnit--SHORT_TEXT"}]}
RESULT: undefined
COMMAND: POST /session/343af6daf6fbc7ee30938bcb5a9c3885/execute/async - {"script":"<script> [776 bytes]","args":[{"enterText":"Intercompany Equipment WDIO","selector":{"id":"application-manageresources-display-component---newResourceUnit--SHORT_TEXT","interaction":{"idSuffix":"inner"}},"clearTextFirst":true,"interactionType":"ENTER_TEXT"}]}
RESULT: {"script":"<script> [776 bytes]","args":[{"enterText":"Intercompany Equipment WDIO","selector":{"id":"application-manageresources-display-component---newResourceUnit--SHORT_TEXT","interaction":{"idSuffix":"inner"}},"clearTextFirst":true,"interactionType":"ENTER_TEXT"}]}
COMMAND: POST /session/343af6daf6fbc7ee30938bcb5a9c3885/execute/async - {"script":"<script> [1562 bytes]","args":[{"selector":{"id":"application-manageresources-display-component---newResourceUnit--BASE_UNIT_OF_MEASURE","interaction":{"idSuffix":"inner"}},"wdio_ui5_key":"applicationmanageresources-display-component---newResourceUnit--BASE_UNIT_OF_MEASURE"}]}
RESULT: {"script":"<script> [1562 bytes]","args":[{"selector":{"id":"application-manageresources-display-component---newResourceUnit--BASE_UNIT_OF_MEASURE","interaction":{"idSuffix":"inner"}},"wdio_ui5_key":"applicationmanageresources-display-component---newResourceUnit--BASE_UNIT_OF_MEASURE"}]}
RESULT: undefined
COMMAND: POST /session/343af6daf6fbc7ee30938bcb5a9c3885/execute/async - {"script":"<script> [776 bytes]","args":[{"enterText":"Piece","selector":{"id":"application-manageresources-display-component---newResourceUnit--BASE_UNIT_OF_MEASURE","interaction":{"idSuffix":"inner"}},"clearTextFirst":true,"interactionType":"ENTER_TEXT"}]}
RESULT: {"script":"<script> [776 bytes]","args":[{"enterText":"Piece","selector":{"id":"application-manageresources-display-component---newResourceUnit--BASE_UNIT_OF_MEASURE","interaction":{"idSuffix":"inner"}},"clearTextFirst":true,"interactionType":"ENTER_TEXT"}]}
COMMAND: POST /session/343af6daf6fbc7ee30938bcb5a9c3885/execute/async - {"script":"<script> [1562 bytes]","args":[{"selector":{"id":"application-manageresources-display-component---newResourceUnit--WEIGHT_UNIT","interaction":{"idSuffix":"inner"}},"wdio_ui5_key":"applicationmanageresources-display-component---newResourceUnit--WEIGHT_UNIT"}]}
RESULT: {"script":"<script> [1562 bytes]","args":[{"selector":{"id":"application-manageresources-display-component---newResourceUnit--WEIGHT_UNIT","interaction":{"idSuffix":"inner"}},"wdio_ui5_key":"applicationmanageresources-display-component---newResourceUnit--WEIGHT_UNIT"}]}
RESULT: undefined
COMMAND: POST /session/343af6daf6fbc7ee30938bcb5a9c3885/execute/async - {"script":"<script> [776 bytes]","args":[{"enterText":"Gram","selector":{"id":"application-manageresources-display-component---newResourceUnit--WEIGHT_UNIT","interaction":{"idSuffix":"inner"}},"clearTextFirst":true,"interactionType":"ENTER_TEXT"}]}
RESULT: {"script":"<script> [776 bytes]","args":[{"enterText":"Gram","selector":{"id":"application-manageresources-display-component---newResourceUnit--WEIGHT_UNIT","interaction":{"idSuffix":"inner"}},"clearTextFirst":true,"interactionType":"ENTER_TEXT"}]}
COMMAND: POST /session/343af6daf6fbc7ee30938bcb5a9c3885/execute/async - {"script":"<script> [1562 bytes]","args":[{"selector":{"id":"application-manageresources-display-component---newResourceUnit--DIMENSION_UNIT","interaction":{"idSuffix":"inner"}},"wdio_ui5_key":"applicationmanageresources-display-component---newResourceUnit--DIMENSION_UNIT"}]}
RESULT: {"script":"<script> [1562 bytes]","args":[{"selector":{"id":"application-manageresources-display-component---newResourceUnit--DIMENSION_UNIT","interaction":{"idSuffix":"inner"}},"wdio_ui5_key":"applicationmanageresources-display-component---newResourceUnit--DIMENSION_UNIT"}]}
RESULT: undefined
COMMAND: POST /session/343af6daf6fbc7ee30938bcb5a9c3885/execute/async - {"script":"<script> [776 bytes]","args":[{"enterText":"Meter","selector":{"id":"application-manageresources-display-component---newResourceUnit--DIMENSION_UNIT","interaction":{"idSuffix":"inner"}},"clearTextFirst":true,"interactionType":"ENTER_TEXT"}]}
RESULT: {"script":"<script> [776 bytes]","args":[{"enterText":"Meter","selector":{"id":"application-manageresources-display-component---newResourceUnit--DIMENSION_UNIT","interaction":{"idSuffix":"inner"}},"clearTextFirst":true,"interactionType":"ENTER_TEXT"}]}
COMMAND: POST /session/343af6daf6fbc7ee30938bcb5a9c3885/execute/async - {"script":"<script> [1562 bytes]","args":[{"selector":{"id":"application-manageresources-display-component---newResourceUnit--newRRUPage-anchBar-application-manageresources-display-component---newResourceUnit--control-anchor","interaction":{"idSuffix":"BDI-content"}},"wdio_ui5_key":"applicationmanageresources-display-component---newResourceUnit--newRRUPage-anchBar-application-manageresources-display-component---newResourceUnit--control-anchor"}]}
RESULT: {"script":"<script> [1562 bytes]","args":[{"selector":{"id":"application-manageresources-display-component---newResourceUnit--newRRUPage-anchBar-application-manageresources-display-component---newResourceUnit--control-anchor","interaction":{"idSuffix":"BDI-content"}},"wdio_ui5_key":"applicationmanageresources-display-component---newResourceUnit--newRRUPage-anchBar-application-manageresources-display-component---newResourceUnit--control-anchor"}]}
RESULT: undefined
COMMAND: POST /session/343af6daf6fbc7ee30938bcb5a9c3885/element - {"using":"xpath","value":"//*[@id=\"application-manageresources-display-component---newResourceUnit--newRRUPage-anchBar-application-manageresources-display-component---newResourceUnit--control-anchor\"]"}
RESULT: {"using":"xpath","value":"//*[@id=\"application-manageresources-display-component---newResourceUnit--newRRUPage-anchBar-application-manageresources-display-component---newResourceUnit--control-anchor\"]"}
COMMAND: POST /session/343af6daf6fbc7ee30938bcb5a9c3885/element/f.8C4C75981FBDA5C274A9290576C3313B.d.2076322CFDD7422C652811C7971ED461.e.15122/click - {}
RESULT: {}
COMMAND: POST /session/343af6daf6fbc7ee30938bcb5a9c3885/execute/async - {"script":"<script> [1562 bytes]","args":[{"selector":{"id":"application-manageresources-display-component---newResourceUnit--PLANNING_GROUP","interaction":{"idSuffix":"inner"}},"wdio_ui5_key":"applicationmanageresources-display-component---newResourceUnit--PLANNING_GROUP"}]}
COMMAND: GET /session/343af6daf6fbc7ee30938bcb5a9c3885/screenshot - {}
RESULT: {"script":"<script> [1562 bytes]","args":[{"selector":{"id":"application-manageresources-display-component---newResourceUnit--PLANNING_GROUP","interaction":{"idSuffix":"inner"}},"wdio_ui5_key":"applicationmanageresources-display-component---newResourceUnit--PLANNING_GROUP"}]}
RESULT: undefined
COMMAND: POST /session/343af6daf6fbc7ee30938bcb5a9c3885/execute/async - {"script":"<script> [776 bytes]","args":[{"enterText":"Heavy Equi","selector":{"id":"application-manageresources-display-component---newResourceUnit--PLANNING_GROUP","interaction":{"idSuffix":"inner"}},"clearTextFirst":true,"interactionType":"ENTER_TEXT"}]}
RESULT: {}
RESULT: {"script":"<script> [776 bytes]","args":[{"enterText":"Heavy Equi","selector":{"id":"application-manageresources-display-component---newResourceUnit--PLANNING_GROUP","interaction":{"idSuffix":"inner"}},"clearTextFirst":true,"interactionType":"ENTER_TEXT"}]}
COMMAND: POST /session/343af6daf6fbc7ee30938bcb5a9c3885/execute/async - {"script":"<script> [1562 bytes]","args":[{"selector":{"id":"application-manageresources-display-component---newResourceUnit--ITEM_TYPE-arrow"},"wdio_ui5_key":"applicationmanageresources-display-component---newResourceUnit--ITEM_TYPE-arrow"}]}
RESULT: {"script":"<script> [1562 bytes]","args":[{"selector":{"id":"application-manageresources-display-component---newResourceUnit--ITEM_TYPE-arrow"},"wdio_ui5_key":"applicationmanageresources-display-component---newResourceUnit--ITEM_TYPE-arrow"}]}
RESULT: undefined
COMMAND: POST /session/343af6daf6fbc7ee30938bcb5a9c3885/element - {"using":"xpath","value":"//*[@id=\"application-manageresources-display-component---newResourceUnit--ITEM_TYPE-arrow\"]"}
RESULT: {"using":"xpath","value":"//*[@id=\"application-manageresources-display-component---newResourceUnit--ITEM_TYPE-arrow\"]"}
COMMAND: POST /session/343af6daf6fbc7ee30938bcb5a9c3885/element/f.8C4C75981FBDA5C274A9290576C3313B.d.2076322CFDD7422C652811C7971ED461.e.15129/click - {}
RESULT: {}
COMMAND: POST /session/343af6daf6fbc7ee30938bcb5a9c3885/element - {"using":"xpath","value":"(//span[contains(text(), \"Resource Unit\")])[2]"}
COMMAND: GET /session/343af6daf6fbc7ee30938bcb5a9c3885/screenshot - {}
RESULT: {"using":"xpath","value":"(//span[contains(text(), \"Resource Unit\")])[2]"}
COMMAND: POST /session/343af6daf6fbc7ee30938bcb5a9c3885/element/f.8C4C75981FBDA5C274A9290576C3313B.d.2076322CFDD7422C652811C7971ED461.e.15130/click - {}
RESULT: {}
RESULT: {}
COMMAND: GET /session/343af6daf6fbc7ee30938bcb5a9c3885/screenshot - {}
RESULT: {}
COMMAND: POST /session/343af6daf6fbc7ee30938bcb5a9c3885/element - {"using":"css selector","value":"#application-manageresources-display-component---newResourceUnit--btnAddTimeSegment"}
RESULT: {"using":"css selector","value":"#application-manageresources-display-component---newResourceUnit--btnAddTimeSegment"}
COMMAND: GET /session/343af6daf6fbc7ee30938bcb5a9c3885/element/f.8C4C75981FBDA5C274A9290576C3313B.d.2076322CFDD7422C652811C7971ED461.e.15131/rect - {}
RESULT: {}
COMMAND: GET /session/343af6daf6fbc7ee30938bcb5a9c3885/window/rect - {}
RESULT: {}
COMMAND: POST /session/343af6daf6fbc7ee30938bcb5a9c3885/execute/sync - {"script":"<script> [92 bytes]","args":[]}
RESULT: {"script":"<script> [92 bytes]","args":[]}
COMMAND: POST /session/343af6daf6fbc7ee30938bcb5a9c3885/actions - {"actions":[{"id":"action48","type":"wheel","parameters":{},"actions":[{"type":"scroll","x":-1888,"y":-32,"deltaX":0,"deltaY":0,"duration":0,"origin":{"element-6066-11e4-a52e-4f735466cecf":"f.8C4C75981FBDA5C274A9290576C3313B.d.2076322CFDD7422C652811C7971ED461.e.15131"}}]}]}
COMMAND: GET /session/343af6daf6fbc7ee30938bcb5a9c3885/screenshot - {}
RESULT: {}
COMMAND: POST /session/343af6daf6fbc7ee30938bcb5a9c3885/execute/sync - {"script":"<script> [79 bytes]","args":[{"element-6066-11e4-a52e-4f735466cecf":"f.8C4C75981FBDA5C274A9290576C3313B.d.2076322CFDD7422C652811C7971ED461.e.15131","ELEMENT":"f.8C4C75981FBDA5C274A9290576C3313B.d.2076322CFDD7422C652811C7971ED461.e.15131"},{"block":"start","inline":"nearest"}]}
RESULT: {"script":"<script> [79 bytes]","args":[{"element-6066-11e4-a52e-4f735466cecf":"f.8C4C75981FBDA5C274A9290576C3313B.d.2076322CFDD7422C652811C7971ED461.e.15131","ELEMENT":"f.8C4C75981FBDA5C274A9290576C3313B.d.2076322CFDD7422C652811C7971ED461.e.15131"},{"block":"start","inline":"nearest"}]}
COMMAND: POST /session/343af6daf6fbc7ee30938bcb5a9c3885/execute/async - {"script":"<script> [1562 bytes]","args":[{"selector":{"id":"application-manageresources-display-component---newResourceUnit--btnAddTimeSegment","interaction":{"idSuffix":"inner"}},"wdio_ui5_key":"applicationmanageresources-display-component---newResourceUnit--btnAddTimeSegment"}]}
COMMAND: GET /session/343af6daf6fbc7ee30938bcb5a9c3885/screenshot - {}
RESULT: {"script":"<script> [1562 bytes]","args":[{"selector":{"id":"application-manageresources-display-component---newResourceUnit--btnAddTimeSegment","interaction":{"idSuffix":"inner"}},"wdio_ui5_key":"applicationmanageresources-display-component---newResourceUnit--btnAddTimeSegment"}]}
RESULT: undefined
COMMAND: POST /session/343af6daf6fbc7ee30938bcb5a9c3885/element - {"using":"xpath","value":"//*[@id=\"application-manageresources-display-component---newResourceUnit--btnAddTimeSegment\"]"}
RESULT: {}
RESULT: {"using":"xpath","value":"//*[@id=\"application-manageresources-display-component---newResourceUnit--btnAddTimeSegment\"]"}
COMMAND: POST /session/343af6daf6fbc7ee30938bcb5a9c3885/element/f.8C4C75981FBDA5C274A9290576C3313B.d.2076322CFDD7422C652811C7971ED461.e.15131/click - {}
RESULT: {}
COMMAND: GET /session/343af6daf6fbc7ee30938bcb5a9c3885/screenshot - {}
RESULT: {}
COMMAND: POST /session/343af6daf6fbc7ee30938bcb5a9c3885/element - {"using":"xpath","value":"//input[@id=\"application-manageresources-display-component---newResourceUnit--idRuTSAdmin-application-manageresources-display-component---newResourceUnit--RUTimeSegment-0-inner\"]"}
RESULT: {"using":"xpath","value":"//input[@id=\"application-manageresources-display-component---newResourceUnit--idRuTSAdmin-application-manageresources-display-component---newResourceUnit--RUTimeSegment-0-inner\"]"}
COMMAND: POST /session/343af6daf6fbc7ee30938bcb5a9c3885/element/f.8C4C75981FBDA5C274A9290576C3313B.d.2076322CFDD7422C652811C7971ED461.e.15137/clear - {}
RESULT: {}
COMMAND: POST /session/343af6daf6fbc7ee30938bcb5a9c3885/element/f.8C4C75981FBDA5C274A9290576C3313B.d.2076322CFDD7422C652811C7971ED461.e.15137/value - {"text":"594"}
COMMAND: GET /session/343af6daf6fbc7ee30938bcb5a9c3885/screenshot - {}
RESULT: {"text":"594"}
COMMAND: GET /session/343af6daf6fbc7ee30938bcb5a9c3885/screenshot - {}
RESULT: {}
RESULT: {}
COMMAND: POST /session/343af6daf6fbc7ee30938bcb5a9c3885/element - {"using":"xpath","value":"//li[.//span[text()='594']]"}
RESULT: {"using":"xpath","value":"//li[.//span[text()='594']]"}
COMMAND: POST /session/343af6daf6fbc7ee30938bcb5a9c3885/element/f.8C4C75981FBDA5C274A9290576C3313B.d.2076322CFDD7422C652811C7971ED461.e.15149/click - {}
RESULT: {}
COMMAND: GET /session/343af6daf6fbc7ee30938bcb5a9c3885/screenshot - {}
RESULT: {}
COMMAND: POST /session/343af6daf6fbc7ee30938bcb5a9c3885/element - {"using":"xpath","value":"(//span[contains(@id, \"-application-manageresources-display-component---newResourceUnit--RUTimeSegment-0-arrow\")])[6]"}
RESULT: {"using":"xpath","value":"(//span[contains(@id, \"-application-manageresources-display-component---newResourceUnit--RUTimeSegment-0-arrow\")])[6]"}
COMMAND: POST /session/343af6daf6fbc7ee30938bcb5a9c3885/element/f.8C4C75981FBDA5C274A9290576C3313B.d.2076322CFDD7422C652811C7971ED461.e.15150/click - {}
RESULT: {}
COMMAND: GET /session/343af6daf6fbc7ee30938bcb5a9c3885/screenshot - {}
RESULT: {}
COMMAND: POST /session/343af6daf6fbc7ee30938bcb5a9c3885/element - {"using":"xpath","value":"//span[contains(text(), \"PM Order\")]"}
RESULT: {"using":"xpath","value":"//span[contains(text(), \"PM Order\")]"}
COMMAND: POST /session/343af6daf6fbc7ee30938bcb5a9c3885/element/f.8C4C75981FBDA5C274A9290576C3313B.d.2076322CFDD7422C652811C7971ED461.e.15153/click - {}
RESULT: {}
COMMAND: GET /session/343af6daf6fbc7ee30938bcb5a9c3885/screenshot - {}
RESULT: {}
COMMAND: POST /session/343af6daf6fbc7ee30938bcb5a9c3885/element - {"using":"xpath","value":"(//span[contains(@id ,\"manageresources-display-component---newResourceUnit--RUTimeSegment-0-vhi\")])[1]"}
RESULT: {"using":"xpath","value":"(//span[contains(@id ,\"manageresources-display-component---newResourceUnit--RUTimeSegment-0-vhi\")])[1]"}
COMMAND: GET /session/343af6daf6fbc7ee30938bcb5a9c3885/element/f.8C4C75981FBDA5C274A9290576C3313B.d.2076322CFDD7422C652811C7971ED461.e.15157/rect - {}
RESULT: {}
COMMAND: GET /session/343af6daf6fbc7ee30938bcb5a9c3885/window/rect - {}
RESULT: {}
COMMAND: POST /session/343af6daf6fbc7ee30938bcb5a9c3885/execute/sync - {"script":"<script> [92 bytes]","args":[]}
RESULT: {"script":"<script> [92 bytes]","args":[]}
COMMAND: POST /session/343af6daf6fbc7ee30938bcb5a9c3885/actions - {"actions":[{"id":"action49","type":"wheel","parameters":{},"actions":[{"type":"scroll","x":-869,"y":-24,"deltaX":0,"deltaY":0,"duration":0,"origin":{"element-6066-11e4-a52e-4f735466cecf":"f.8C4C75981FBDA5C274A9290576C3313B.d.2076322CFDD7422C652811C7971ED461.e.15157"}}]}]}
COMMAND: GET /session/343af6daf6fbc7ee30938bcb5a9c3885/screenshot - {}
RESULT: {"actions":[{"id":"action49","type":"wheel","parameters":{},"actions":[{"type":"scroll","x":-869,"y":-24,"deltaX":0,"deltaY":0,"duration":0,"origin":{"element-6066-11e4-a52e-4f735466cecf":"f.8C4C75981FBDA5C274A9290576C3313B.d.2076322CFDD7422C652811C7971ED461.e.15157"}}]}]}
COMMAND: DELETE /session/343af6daf6fbc7ee30938bcb5a9c3885/actions - {}
COMMAND: GET /session/343af6daf6fbc7ee30938bcb5a9c3885/screenshot - {}
RESULT: {}
RESULT: {}
COMMAND: GET /session/343af6daf6fbc7ee30938bcb5a9c3885/screenshot - {}
RESULT: {}
RESULT: {}
COMMAND: POST /session/343af6daf6fbc7ee30938bcb5a9c3885/element/f.8C4C75981FBDA5C274A9290576C3313B.d.2076322CFDD7422C652811C7971ED461.e.15157/click - {}
RESULT: {}
COMMAND: GET /session/343af6daf6fbc7ee30938bcb5a9c3885/screenshot - {}
RESULT: {}
COMMAND: POST /session/343af6daf6fbc7ee30938bcb5a9c3885/execute/async - {"script":"<script> [1562 bytes]","args":[{"selector":{"controlType":"sap.m.SearchField","properties":{"placeholder":"Search"},"searchOpenDialogs":true,"interaction":{"idSuffix":"I"}},"wdio_ui5_key":"sapm.SearchField{\"placeholder\":\"Search\"}"}]}
RESULT: {"script":"<script> [1562 bytes]","args":[{"selector":{"controlType":"sap.m.SearchField","properties":{"placeholder":"Search"},"searchOpenDialogs":true,"interaction":{"idSuffix":"I"}},"wdio_ui5_key":"sapm.SearchField{\"placeholder\":\"Search\"}"}]}
RESULT: undefined
COMMAND: POST /session/343af6daf6fbc7ee30938bcb5a9c3885/execute/async - {"script":"<script> [776 bytes]","args":[{"enterText":"4000360","selector":{"controlType":"sap.m.SearchField","properties":{"placeholder":"Search"},"searchOpenDialogs":true,"interaction":{"idSuffix":"I"}},"clearTextFirst":true,"interactionType":"ENTER_TEXT"}]}
RESULT: {"script":"<script> [776 bytes]","args":[{"enterText":"4000360","selector":{"controlType":"sap.m.SearchField","properties":{"placeholder":"Search"},"searchOpenDialogs":true,"interaction":{"idSuffix":"I"}},"clearTextFirst":true,"interactionType":"ENTER_TEXT"}]}
COMMAND: POST /session/343af6daf6fbc7ee30938bcb5a9c3885/actions - {"actions":[{"id":"action50","type":"key","parameters":{},"actions":[{"type":"keyDown","value":"î€‡"},{"type":"pause","duration":10},{"type":"keyUp","value":"î€‡"}]}]}
RESULT: {"actions":[{"id":"action50","type":"key","parameters":{},"actions":[{"type":"keyDown","value":"î€‡"},{"type":"pause","duration":10},{"type":"keyUp","value":"î€‡"}]}]}
COMMAND: GET /session/343af6daf6fbc7ee30938bcb5a9c3885/screenshot - {}
RESULT: {}
COMMAND: POST /session/343af6daf6fbc7ee30938bcb5a9c3885/element - {"using":"xpath","value":"//td/div/span[contains(text(), \"BGL Vehicles\")]"}
RESULT: {"using":"xpath","value":"//td/div/span[contains(text(), \"BGL Vehicles\")]"}
COMMAND: POST /session/343af6daf6fbc7ee30938bcb5a9c3885/element/f.8C4C75981FBDA5C274A9290576C3313B.d.2076322CFDD7422C652811C7971ED461.e.15180/click - {}
RESULT: {}
COMMAND: GET /session/343af6daf6fbc7ee30938bcb5a9c3885/screenshot - {}
RESULT: {}
COMMAND: POST /session/343af6daf6fbc7ee30938bcb5a9c3885/element - {"using":"xpath","value":"//bdi[contains(text(), \"OK\")]"}
RESULT: {"using":"xpath","value":"//bdi[contains(text(), \"OK\")]"}
COMMAND: POST /session/343af6daf6fbc7ee30938bcb5a9c3885/element/f.8C4C75981FBDA5C274A9290576C3313B.d.2076322CFDD7422C652811C7971ED461.e.15181/click - {}
RESULT: {}
COMMAND: GET /session/343af6daf6fbc7ee30938bcb5a9c3885/screenshot - {}
RESULT: {}
COMMAND: POST /session/343af6daf6fbc7ee30938bcb5a9c3885/execute/async - {"script":"<script> [1562 bytes]","args":[{"selector":{"id":"application-manageresources-display-component---newResourceUnit--newRRUPage-anchBar-application-manageresources-display-component---newResourceUnit--resource-anchor","interaction":{"idSuffix":"BDI-content"}},"wdio_ui5_key":"applicationmanageresources-display-component---newResourceUnit--newRRUPage-anchBar-application-manageresources-display-component---newResourceUnit--resource-anchor"}]}
RESULT: {"script":"<script> [1562 bytes]","args":[{"selector":{"id":"application-manageresources-display-component---newResourceUnit--newRRUPage-anchBar-application-manageresources-display-component---newResourceUnit--resource-anchor","interaction":{"idSuffix":"BDI-content"}},"wdio_ui5_key":"applicationmanageresources-display-component---newResourceUnit--newRRUPage-anchBar-application-manageresources-display-component---newResourceUnit--resource-anchor"}]}
RESULT: undefined
COMMAND: POST /session/343af6daf6fbc7ee30938bcb5a9c3885/element - {"using":"xpath","value":"//*[@id=\"application-manageresources-display-component---newResourceUnit--newRRUPage-anchBar-application-manageresources-display-component---newResourceUnit--resource-anchor\"]"}
RESULT: {"using":"xpath","value":"//*[@id=\"application-manageresources-display-component---newResourceUnit--newRRUPage-anchBar-application-manageresources-display-component---newResourceUnit--resource-anchor\"]"}
COMMAND: POST /session/343af6daf6fbc7ee30938bcb5a9c3885/element/f.8C4C75981FBDA5C274A9290576C3313B.d.2076322CFDD7422C652811C7971ED461.e.15185/click - {}
RESULT: {}
COMMAND: POST /session/343af6daf6fbc7ee30938bcb5a9c3885/execute/async - {"script":"<script> [1562 bytes]","args":[{"selector":{"id":"application-manageresources-display-component---newResourceUnit--PLANNED_DELIVERY_DATE","interaction":{"idSuffix":"inner"}},"wdio_ui5_key":"applicationmanageresources-display-component---newResourceUnit--PLANNED_DELIVERY_DATE"}]}
COMMAND: GET /session/343af6daf6fbc7ee30938bcb5a9c3885/screenshot - {}
RESULT: {"script":"<script> [1562 bytes]","args":[{"selector":{"id":"application-manageresources-display-component---newResourceUnit--PLANNED_DELIVERY_DATE","interaction":{"idSuffix":"inner"}},"wdio_ui5_key":"applicationmanageresources-display-component---newResourceUnit--PLANNED_DELIVERY_DATE"}]}
RESULT: undefined
COMMAND: POST /session/343af6daf6fbc7ee30938bcb5a9c3885/execute/async - {"script":"<script> [6424 bytes]","args":[{"element-6066-11e4-a52e-4f735466cecf":"f.8C4C75981FBDA5C274A9290576C3313B.d.2076322CFDD7422C652811C7971ED461.e.15045"},"setValue",["5/5/25"]]}
RESULT: {}
RESULT: {"script":"<script> [6424 bytes]","args":[{"element-6066-11e4-a52e-4f735466cecf":"f.8C4C75981FBDA5C274A9290576C3313B.d.2076322CFDD7422C652811C7971ED461.e.15045"},"setValue",["5/5/25"]]}
COMMAND: POST /session/343af6daf6fbc7ee30938bcb5a9c3885/element - {"using":"xpath","value":"//button[@data-kt=\"resourceUnitSaveButton\"]"}
RESULT: {"using":"xpath","value":"//button[@data-kt=\"resourceUnitSaveButton\"]"}
COMMAND: POST /session/343af6daf6fbc7ee30938bcb5a9c3885/element/f.8C4C75981FBDA5C274A9290576C3313B.d.2076322CFDD7422C652811C7971ED461.e.15005/click - {}
RESULT: {}
COMMAND: GET /session/343af6daf6fbc7ee30938bcb5a9c3885/screenshot - {}
RESULT: {}
COMMAND: POST /session/343af6daf6fbc7ee30938bcb5a9c3885/element - {"using":"xpath","value":"//bdi[contains(text(), \"Close\")]"}
RESULT: {"using":"xpath","value":"//bdi[contains(text(), \"Close\")]"}
COMMAND: POST /session/343af6daf6fbc7ee30938bcb5a9c3885/element/f.8C4C75981FBDA5C274A9290576C3313B.d.2076322CFDD7422C652811C7971ED461.e.15193/click - {}
RESULT: {}
COMMAND: GET /session/343af6daf6fbc7ee30938bcb5a9c3885/screenshot - {}
RESULT: {}
COMMAND: POST /session/343af6daf6fbc7ee30938bcb5a9c3885/element - {"using":"xpath","value":"(//button[contains(@id ,\"actionsToolbar-overflowButton\")])[1]"}
RESULT: {"using":"xpath","value":"(//button[contains(@id ,\"actionsToolbar-overflowButton\")])[1]"}
COMMAND: POST /session/343af6daf6fbc7ee30938bcb5a9c3885/element/f.8C4C75981FBDA5C274A9290576C3313B.d.2076322CFDD7422C652811C7971ED461.e.15224/click - {}
RESULT: {}
COMMAND: GET /session/343af6daf6fbc7ee30938bcb5a9c3885/screenshot - {}
RESULT: {}
COMMAND: POST /session/343af6daf6fbc7ee30938bcb5a9c3885/element - {"using":"xpath","value":"//button[@data-kt=\"priceInfoButton\"]"}
RESULT: {"using":"xpath","value":"//button[@data-kt=\"priceInfoButton\"]"}
COMMAND: POST /session/343af6daf6fbc7ee30938bcb5a9c3885/element/f.8C4C75981FBDA5C274A9290576C3313B.d.2076322CFDD7422C652811C7971ED461.e.15226/click - {}
RESULT: {}
COMMAND: GET /session/343af6daf6fbc7ee30938bcb5a9c3885/screenshot - {}
RESULT: {}
]]></system-out>
    </testcase>
    <testcase classname="chrome.135_0_7049_96.windows.Billing_Calculation_-_Time_based_(considering_transport_times)_US139738" name="Should create new pricing rule for the equipment" time="50.388">
      <system-out><![CDATA[
COMMAND: POST /session/343af6daf6fbc7ee30938bcb5a9c3885/element - {"using":"xpath","value":"//button[@data-kt=\"addButton\"]"}
RESULT: {"using":"xpath","value":"//button[@data-kt=\"addButton\"]"}
COMMAND: POST /session/343af6daf6fbc7ee30938bcb5a9c3885/elements - {"using":"xpath","value":"//button[@data-kt=\"addButton\"]"}
RESULT: {"using":"xpath","value":"//button[@data-kt=\"addButton\"]"}
COMMAND: POST /session/343af6daf6fbc7ee30938bcb5a9c3885/execute/sync - {"script":"<script> [8489 bytes]","args":[{"element-6066-11e4-a52e-4f735466cecf":"f.8C4C75981FBDA5C274A9290576C3313B.d.2076322CFDD7422C652811C7971ED461.e.15262","ELEMENT":"f.8C4C75981FBDA5C274A9290576C3313B.d.2076322CFDD7422C652811C7971ED461.e.15262"}]}
RESULT: {"script":"<script> [8489 bytes]","args":[{"element-6066-11e4-a52e-4f735466cecf":"f.8C4C75981FBDA5C274A9290576C3313B.d.2076322CFDD7422C652811C7971ED461.e.15262","ELEMENT":"f.8C4C75981FBDA5C274A9290576C3313B.d.2076322CFDD7422C652811C7971ED461.e.15262"}]}
COMMAND: GET /session/343af6daf6fbc7ee30938bcb5a9c3885/element/f.8C4C75981FBDA5C274A9290576C3313B.d.2076322CFDD7422C652811C7971ED461.e.15262/enabled - {}
COMMAND: GET /session/343af6daf6fbc7ee30938bcb5a9c3885/screenshot - {}
RESULT: {}
COMMAND: POST /session/343af6daf6fbc7ee30938bcb5a9c3885/execute/sync - {"script":"<script> [8489 bytes]","args":[{"element-6066-11e4-a52e-4f735466cecf":"f.8C4C75981FBDA5C274A9290576C3313B.d.2076322CFDD7422C652811C7971ED461.e.15262","ELEMENT":"f.8C4C75981FBDA5C274A9290576C3313B.d.2076322CFDD7422C652811C7971ED461.e.15262"}]}
COMMAND: GET /session/343af6daf6fbc7ee30938bcb5a9c3885/screenshot - {}
RESULT: {}
RESULT: {"script":"<script> [8489 bytes]","args":[{"element-6066-11e4-a52e-4f735466cecf":"f.8C4C75981FBDA5C274A9290576C3313B.d.2076322CFDD7422C652811C7971ED461.e.15262","ELEMENT":"f.8C4C75981FBDA5C274A9290576C3313B.d.2076322CFDD7422C652811C7971ED461.e.15262"}]}
COMMAND: POST /session/343af6daf6fbc7ee30938bcb5a9c3885/execute/sync - {"script":"<script> [5351 bytes]","args":[{"element-6066-11e4-a52e-4f735466cecf":"f.8C4C75981FBDA5C274A9290576C3313B.d.2076322CFDD7422C652811C7971ED461.e.15262","ELEMENT":"f.8C4C75981FBDA5C274A9290576C3313B.d.2076322CFDD7422C652811C7971ED461.e.15262"}]}
COMMAND: GET /session/343af6daf6fbc7ee30938bcb5a9c3885/screenshot - {}
RESULT: {}
RESULT: {"script":"<script> [5351 bytes]","args":[{"element-6066-11e4-a52e-4f735466cecf":"f.8C4C75981FBDA5C274A9290576C3313B.d.2076322CFDD7422C652811C7971ED461.e.15262","ELEMENT":"f.8C4C75981FBDA5C274A9290576C3313B.d.2076322CFDD7422C652811C7971ED461.e.15262"}]}
COMMAND: POST /session/343af6daf6fbc7ee30938bcb5a9c3885/element/f.8C4C75981FBDA5C274A9290576C3313B.d.2076322CFDD7422C652811C7971ED461.e.15262/click - {}
COMMAND: GET /session/343af6daf6fbc7ee30938bcb5a9c3885/screenshot - {}
RESULT: {}
RESULT: {}
COMMAND: GET /session/343af6daf6fbc7ee30938bcb5a9c3885/screenshot - {}
RESULT: {}
RESULT: {}
COMMAND: POST /session/343af6daf6fbc7ee30938bcb5a9c3885/execute/async - {"script":"<script> [1562 bytes]","args":[{"selector":{"controlType":"sap.m.Title","viewName":"etm.portal.ui.managepricingrules.view.NewItem","viewId":"application-managepricingrules-display-component---newInfoPriceItem","properties":{"text":"New Pricing Rules - Item Level"}},"wdio_ui5_key":"etmportal.ui.managepricingrules.view.NewItemsap.m.Title{\"text\":\"New Pricing Rules - Item Level\"}"}]}
RESULT: {"script":"<script> [1562 bytes]","args":[{"selector":{"controlType":"sap.m.Title","viewName":"etm.portal.ui.managepricingrules.view.NewItem","viewId":"application-managepricingrules-display-component---newInfoPriceItem","properties":{"text":"New Pricing Rules - Item Level"}},"wdio_ui5_key":"etmportal.ui.managepricingrules.view.NewItemsap.m.Title{\"text\":\"New Pricing Rules - Item Level\"}"}]}
RESULT: undefined
COMMAND: POST /session/343af6daf6fbc7ee30938bcb5a9c3885/execute/async - {"script":"<script> [6424 bytes]","args":[{"element-6066-11e4-a52e-4f735466cecf":"f.8C4C75981FBDA5C274A9290576C3313B.d.2076322CFDD7422C652811C7971ED461.e.15431"},"getText",[]]}
RESULT: {"script":"<script> [6424 bytes]","args":[{"element-6066-11e4-a52e-4f735466cecf":"f.8C4C75981FBDA5C274A9290576C3313B.d.2076322CFDD7422C652811C7971ED461.e.15431"},"getText",[]]}
COMMAND: POST /session/343af6daf6fbc7ee30938bcb5a9c3885/execute/async - {"script":"<script> [1562 bytes]","args":[{"selector":{"id":"application-managepricingrules-display-component---newInfoPriceItem--condValidTo","interaction":{"idSuffix":"inner"}},"wdio_ui5_key":"applicationmanagepricingrules-display-component---newInfoPriceItem--condValidTo"}]}
RESULT: {"script":"<script> [1562 bytes]","args":[{"selector":{"id":"application-managepricingrules-display-component---newInfoPriceItem--condValidTo","interaction":{"idSuffix":"inner"}},"wdio_ui5_key":"applicationmanagepricingrules-display-component---newInfoPriceItem--condValidTo"}]}
RESULT: undefined
COMMAND: POST /session/343af6daf6fbc7ee30938bcb5a9c3885/execute/async - {"script":"<script> [776 bytes]","args":[{"enterText":"01/05/26","selector":{"id":"application-managepricingrules-display-component---newInfoPriceItem--condValidTo","interaction":{"idSuffix":"inner"}},"clearTextFirst":true,"interactionType":"ENTER_TEXT"}]}
RESULT: {"script":"<script> [776 bytes]","args":[{"enterText":"01/05/26","selector":{"id":"application-managepricingrules-display-component---newInfoPriceItem--condValidTo","interaction":{"idSuffix":"inner"}},"clearTextFirst":true,"interactionType":"ENTER_TEXT"}]}
COMMAND: POST /session/343af6daf6fbc7ee30938bcb5a9c3885/execute/async - {"script":"<script> [1562 bytes]","args":[{"selector":{"id":"application-managepricingrules-display-component---newInfoPriceItem--billType-arrow"},"wdio_ui5_key":"applicationmanagepricingrules-display-component---newInfoPriceItem--billType-arrow"}]}
RESULT: {"script":"<script> [1562 bytes]","args":[{"selector":{"id":"application-managepricingrules-display-component---newInfoPriceItem--billType-arrow"},"wdio_ui5_key":"applicationmanagepricingrules-display-component---newInfoPriceItem--billType-arrow"}]}
RESULT: undefined
COMMAND: POST /session/343af6daf6fbc7ee30938bcb5a9c3885/element - {"using":"xpath","value":"//*[@id=\"application-managepricingrules-display-component---newInfoPriceItem--billType-arrow\"]"}
RESULT: {"using":"xpath","value":"//*[@id=\"application-managepricingrules-display-component---newInfoPriceItem--billType-arrow\"]"}
COMMAND: POST /session/343af6daf6fbc7ee30938bcb5a9c3885/element/f.8C4C75981FBDA5C274A9290576C3313B.d.2076322CFDD7422C652811C7971ED461.e.15391/click - {}
RESULT: {}
COMMAND: POST /session/343af6daf6fbc7ee30938bcb5a9c3885/element - {"using":"xpath","value":"//span[contains(text(), \"TB - Time based\")]"}
COMMAND: GET /session/343af6daf6fbc7ee30938bcb5a9c3885/screenshot - {}
RESULT: {"using":"xpath","value":"//span[contains(text(), \"TB - Time based\")]"}
COMMAND: POST /session/343af6daf6fbc7ee30938bcb5a9c3885/element/f.8C4C75981FBDA5C274A9290576C3313B.d.2076322CFDD7422C652811C7971ED461.e.15433/click - {}
RESULT: {}
RESULT: {}
COMMAND: POST /session/343af6daf6fbc7ee30938bcb5a9c3885/execute/async - {"script":"<script> [1562 bytes]","args":[{"selector":{"id":"application-managepricingrules-display-component---newInfoPriceItem--priceProc-arrow"},"wdio_ui5_key":"applicationmanagepricingrules-display-component---newInfoPriceItem--priceProc-arrow"}]}
COMMAND: GET /session/343af6daf6fbc7ee30938bcb5a9c3885/screenshot - {}
RESULT: {"script":"<script> [1562 bytes]","args":[{"selector":{"id":"application-managepricingrules-display-component---newInfoPriceItem--priceProc-arrow"},"wdio_ui5_key":"applicationmanagepricingrules-display-component---newInfoPriceItem--priceProc-arrow"}]}
RESULT: undefined
COMMAND: POST /session/343af6daf6fbc7ee30938bcb5a9c3885/element - {"using":"xpath","value":"//*[@id=\"application-managepricingrules-display-component---newInfoPriceItem--priceProc-arrow\"]"}
RESULT: {}
RESULT: {"using":"xpath","value":"//*[@id=\"application-managepricingrules-display-component---newInfoPriceItem--priceProc-arrow\"]"}
COMMAND: POST /session/343af6daf6fbc7ee30938bcb5a9c3885/element/f.8C4C75981FBDA5C274A9290576C3313B.d.2076322CFDD7422C652811C7971ED461.e.15398/click - {}
RESULT: {}
COMMAND: POST /session/343af6daf6fbc7ee30938bcb5a9c3885/element - {"using":"xpath","value":"//span[contains(text(), \"TBS - Time based standard\")]"}
COMMAND: GET /session/343af6daf6fbc7ee30938bcb5a9c3885/screenshot - {}
RESULT: {"using":"xpath","value":"//span[contains(text(), \"TBS - Time based standard\")]"}
COMMAND: POST /session/343af6daf6fbc7ee30938bcb5a9c3885/element/f.8C4C75981FBDA5C274A9290576C3313B.d.2076322CFDD7422C652811C7971ED461.e.15434/click - {}
RESULT: {}
RESULT: {}
COMMAND: POST /session/343af6daf6fbc7ee30938bcb5a9c3885/execute/async - {"script":"<script> [1562 bytes]","args":[{"selector":{"id":"application-managepricingrules-display-component---newInfoPriceItem--calcBase-arrow"},"wdio_ui5_key":"applicationmanagepricingrules-display-component---newInfoPriceItem--calcBase-arrow"}]}
COMMAND: GET /session/343af6daf6fbc7ee30938bcb5a9c3885/screenshot - {}
RESULT: {"script":"<script> [1562 bytes]","args":[{"selector":{"id":"application-managepricingrules-display-component---newInfoPriceItem--calcBase-arrow"},"wdio_ui5_key":"applicationmanagepricingrules-display-component---newInfoPriceItem--calcBase-arrow"}]}
RESULT: undefined
COMMAND: POST /session/343af6daf6fbc7ee30938bcb5a9c3885/element - {"using":"xpath","value":"//*[@id=\"application-managepricingrules-display-component---newInfoPriceItem--calcBase-arrow\"]"}
RESULT: {}
RESULT: {"using":"xpath","value":"//*[@id=\"application-managepricingrules-display-component---newInfoPriceItem--calcBase-arrow\"]"}
COMMAND: POST /session/343af6daf6fbc7ee30938bcb5a9c3885/element/f.8C4C75981FBDA5C274A9290576C3313B.d.2076322CFDD7422C652811C7971ED461.e.15405/click - {}
RESULT: {}
COMMAND: GET /session/343af6daf6fbc7ee30938bcb5a9c3885/screenshot - {}
RESULT: {}
COMMAND: POST /session/343af6daf6fbc7ee30938bcb5a9c3885/element - {"using":"xpath","value":"//span[contains(text(), \"0006 - TB(calendar days)\")]"}
RESULT: {"using":"xpath","value":"//span[contains(text(), \"0006 - TB(calendar days)\")]"}
COMMAND: POST /session/343af6daf6fbc7ee30938bcb5a9c3885/element/f.8C4C75981FBDA5C274A9290576C3313B.d.2076322CFDD7422C652811C7971ED461.e.15435/click - {}
RESULT: {}
COMMAND: GET /session/343af6daf6fbc7ee30938bcb5a9c3885/screenshot - {}
RESULT: {}
COMMAND: POST /session/343af6daf6fbc7ee30938bcb5a9c3885/execute/async - {"script":"<script> [1562 bytes]","args":[{"selector":{"id":"application-managepricingrules-display-component---newInfoPriceItem--daysMonth","interaction":{"idSuffix":"inner"}},"wdio_ui5_key":"applicationmanagepricingrules-display-component---newInfoPriceItem--daysMonth"}]}
RESULT: {"script":"<script> [1562 bytes]","args":[{"selector":{"id":"application-managepricingrules-display-component---newInfoPriceItem--daysMonth","interaction":{"idSuffix":"inner"}},"wdio_ui5_key":"applicationmanagepricingrules-display-component---newInfoPriceItem--daysMonth"}]}
RESULT: undefined
COMMAND: POST /session/343af6daf6fbc7ee30938bcb5a9c3885/execute/async - {"script":"<script> [776 bytes]","args":[{"enterText":"30","selector":{"id":"application-managepricingrules-display-component---newInfoPriceItem--daysMonth","interaction":{"idSuffix":"inner"}},"clearTextFirst":true,"interactionType":"ENTER_TEXT"}]}
RESULT: {"script":"<script> [776 bytes]","args":[{"enterText":"30","selector":{"id":"application-managepricingrules-display-component---newInfoPriceItem--daysMonth","interaction":{"idSuffix":"inner"}},"clearTextFirst":true,"interactionType":"ENTER_TEXT"}]}
COMMAND: POST /session/343af6daf6fbc7ee30938bcb5a9c3885/element - {"using":"xpath","value":"//button[@data-kt=\"saveNewRuleButton\"]"}
RESULT: {"using":"xpath","value":"//button[@data-kt=\"saveNewRuleButton\"]"}
COMMAND: POST /session/343af6daf6fbc7ee30938bcb5a9c3885/element/f.8C4C75981FBDA5C274A9290576C3313B.d.2076322CFDD7422C652811C7971ED461.e.15425/click - {}
RESULT: {}
COMMAND: GET /session/343af6daf6fbc7ee30938bcb5a9c3885/screenshot - {}
RESULT: {}
COMMAND: POST /session/343af6daf6fbc7ee30938bcb5a9c3885/execute/async - {"script":"<script> [1562 bytes]","args":[{"selector":{"id":"application-managepricingrules-display-component---priceInfoItem--smartFilterBar-btnBasicSearch","interaction":{"idSuffix":"I"}},"wdio_ui5_key":"applicationmanagepricingrules-display-component---priceInfoItem--smartFilterBar-btnBasicSearch"}]}
RESULT: {"script":"<script> [1562 bytes]","args":[{"selector":{"id":"application-managepricingrules-display-component---priceInfoItem--smartFilterBar-btnBasicSearch","interaction":{"idSuffix":"I"}},"wdio_ui5_key":"applicationmanagepricingrules-display-component---priceInfoItem--smartFilterBar-btnBasicSearch"}]}
RESULT: undefined
COMMAND: POST /session/343af6daf6fbc7ee30938bcb5a9c3885/execute/async - {"script":"<script> [776 bytes]","args":[{"enterText":"D85brGedea","selector":{"id":"application-managepricingrules-display-component---priceInfoItem--smartFilterBar-btnBasicSearch","interaction":{"idSuffix":"I"}},"clearTextFirst":true,"interactionType":"ENTER_TEXT"}]}
RESULT: {"script":"<script> [776 bytes]","args":[{"enterText":"D85brGedea","selector":{"id":"application-managepricingrules-display-component---priceInfoItem--smartFilterBar-btnBasicSearch","interaction":{"idSuffix":"I"}},"clearTextFirst":true,"interactionType":"ENTER_TEXT"}]}
COMMAND: POST /session/343af6daf6fbc7ee30938bcb5a9c3885/actions - {"actions":[{"id":"action51","type":"key","parameters":{},"actions":[{"type":"keyDown","value":"î€‡"},{"type":"pause","duration":10},{"type":"keyUp","value":"î€‡"}]}]}
RESULT: {"actions":[{"id":"action51","type":"key","parameters":{},"actions":[{"type":"keyDown","value":"î€‡"},{"type":"pause","duration":10},{"type":"keyUp","value":"î€‡"}]}]}
COMMAND: GET /session/343af6daf6fbc7ee30938bcb5a9c3885/screenshot - {}
RESULT: {}
COMMAND: POST /session/343af6daf6fbc7ee30938bcb5a9c3885/element - {"using":"xpath","value":"//span[@id=\"application-managepricingrules-display-component---priceInfoItem--smartTable-header-inner\"]"}
RESULT: {"using":"xpath","value":"//span[@id=\"application-managepricingrules-display-component---priceInfoItem--smartTable-header-inner\"]"}
COMMAND: POST /session/343af6daf6fbc7ee30938bcb5a9c3885/elements - {"using":"xpath","value":"//span[@id=\"application-managepricingrules-display-component---priceInfoItem--smartTable-header-inner\"]"}
RESULT: {"using":"xpath","value":"//span[@id=\"application-managepricingrules-display-component---priceInfoItem--smartTable-header-inner\"]"}
COMMAND: POST /session/343af6daf6fbc7ee30938bcb5a9c3885/execute/sync - {"script":"<script> [56 bytes]","args":[{"element-6066-11e4-a52e-4f735466cecf":"f.8C4C75981FBDA5C274A9290576C3313B.d.2076322CFDD7422C652811C7971ED461.e.15460","ELEMENT":"f.8C4C75981FBDA5C274A9290576C3313B.d.2076322CFDD7422C652811C7971ED461.e.15460"}]}
RESULT: {"script":"<script> [56 bytes]","args":[{"element-6066-11e4-a52e-4f735466cecf":"f.8C4C75981FBDA5C274A9290576C3313B.d.2076322CFDD7422C652811C7971ED461.e.15460","ELEMENT":"f.8C4C75981FBDA5C274A9290576C3313B.d.2076322CFDD7422C652811C7971ED461.e.15460"}]}
COMMAND: POST /session/343af6daf6fbc7ee30938bcb5a9c3885/element - {"using":"css selector","value":"#shell-header-logo"}
COMMAND: GET /session/343af6daf6fbc7ee30938bcb5a9c3885/screenshot - {}
RESULT: {"using":"css selector","value":"#shell-header-logo"}
COMMAND: POST /session/343af6daf6fbc7ee30938bcb5a9c3885/element/f.8C4C75981FBDA5C274A9290576C3313B.d.2076322CFDD7422C652811C7971ED461.e.14586/click - {}
RESULT: {}
RESULT: {}
COMMAND: GET /session/343af6daf6fbc7ee30938bcb5a9c3885/screenshot - {}
RESULT: {}
]]></system-out>
    </testcase>
    <testcase classname="chrome.135_0_7049_96.windows.Billing_Calculation_-_Time_based_(considering_transport_times)_US139738" name="Should create new pricing condition for the equipment" time="62.049">
      <system-out><![CDATA[
COMMAND: POST /session/343af6daf6fbc7ee30938bcb5a9c3885/execute/async - {"script":"<script> [1562 bytes]","args":[{"selector":{"controlType":"sap.m.Text","properties":{"text":"Manage Conditions & Prices"},"interaction":{"idSuffix":"inner"}},"wdio_ui5_key":"sapm.Text{\"text\":\"Manage Conditions & Prices\"}"}]}
RESULT: {"script":"<script> [1562 bytes]","args":[{"selector":{"controlType":"sap.m.Text","properties":{"text":"Manage Conditions & Prices"},"interaction":{"idSuffix":"inner"}},"wdio_ui5_key":"sapm.Text{\"text\":\"Manage Conditions & Prices\"}"}]}
RESULT: undefined
COMMAND: POST /session/343af6daf6fbc7ee30938bcb5a9c3885/element - {"using":"xpath","value":"//*[@id=\"__tile53-title\"]"}
RESULT: {"using":"xpath","value":"//*[@id=\"__tile53-title\"]"}
COMMAND: POST /session/343af6daf6fbc7ee30938bcb5a9c3885/element/f.8C4C75981FBDA5C274A9290576C3313B.d.2076322CFDD7422C652811C7971ED461.e.15463/click - {}
RESULT: {}
COMMAND: POST /session/343af6daf6fbc7ee30938bcb5a9c3885/element - {"using":"xpath","value":"//button[@aria-label=\"Create\"]"}
COMMAND: GET /session/343af6daf6fbc7ee30938bcb5a9c3885/screenshot - {}
RESULT: {"using":"xpath","value":"//button[@aria-label=\"Create\"]"}
COMMAND: POST /session/343af6daf6fbc7ee30938bcb5a9c3885/elements - {"using":"xpath","value":"//button[@aria-label=\"Create\"]"}
RESULT: {}
RESULT: {"using":"xpath","value":"//button[@aria-label=\"Create\"]"}
COMMAND: POST /session/343af6daf6fbc7ee30938bcb5a9c3885/elements - {"using":"xpath","value":"//button[@aria-label=\"Create\"]"}
RESULT: {"using":"xpath","value":"//button[@aria-label=\"Create\"]"}
COMMAND: POST /session/343af6daf6fbc7ee30938bcb5a9c3885/elements - {"using":"xpath","value":"//button[@aria-label=\"Create\"]"}
RESULT: {"using":"xpath","value":"//button[@aria-label=\"Create\"]"}
COMMAND: POST /session/343af6daf6fbc7ee30938bcb5a9c3885/elements - {"using":"xpath","value":"//button[@aria-label=\"Create\"]"}
RESULT: {"using":"xpath","value":"//button[@aria-label=\"Create\"]"}
COMMAND: POST /session/343af6daf6fbc7ee30938bcb5a9c3885/elements - {"using":"xpath","value":"//button[@aria-label=\"Create\"]"}
RESULT: {"using":"xpath","value":"//button[@aria-label=\"Create\"]"}
COMMAND: POST /session/343af6daf6fbc7ee30938bcb5a9c3885/elements - {"using":"xpath","value":"//button[@aria-label=\"Create\"]"}
RESULT: {"using":"xpath","value":"//button[@aria-label=\"Create\"]"}
COMMAND: POST /session/343af6daf6fbc7ee30938bcb5a9c3885/elements - {"using":"xpath","value":"//button[@aria-label=\"Create\"]"}
RESULT: {"using":"xpath","value":"//button[@aria-label=\"Create\"]"}
COMMAND: POST /session/343af6daf6fbc7ee30938bcb5a9c3885/element - {"using":"xpath","value":"//button[@aria-label=\"Create\"]"}
RESULT: {"using":"xpath","value":"//button[@aria-label=\"Create\"]"}
COMMAND: POST /session/343af6daf6fbc7ee30938bcb5a9c3885/execute/sync - {"script":"<script> [8489 bytes]","args":[{"element-6066-11e4-a52e-4f735466cecf":"f.8C4C75981FBDA5C274A9290576C3313B.d.2076322CFDD7422C652811C7971ED461.e.15497","ELEMENT":"f.8C4C75981FBDA5C274A9290576C3313B.d.2076322CFDD7422C652811C7971ED461.e.15497"}]}
RESULT: {"script":"<script> [8489 bytes]","args":[{"element-6066-11e4-a52e-4f735466cecf":"f.8C4C75981FBDA5C274A9290576C3313B.d.2076322CFDD7422C652811C7971ED461.e.15497","ELEMENT":"f.8C4C75981FBDA5C274A9290576C3313B.d.2076322CFDD7422C652811C7971ED461.e.15497"}]}
COMMAND: GET /session/343af6daf6fbc7ee30938bcb5a9c3885/element/f.8C4C75981FBDA5C274A9290576C3313B.d.2076322CFDD7422C652811C7971ED461.e.15497/enabled - {}
COMMAND: GET /session/343af6daf6fbc7ee30938bcb5a9c3885/screenshot - {}
RESULT: {}
COMMAND: POST /session/343af6daf6fbc7ee30938bcb5a9c3885/execute/sync - {"script":"<script> [8489 bytes]","args":[{"element-6066-11e4-a52e-4f735466cecf":"f.8C4C75981FBDA5C274A9290576C3313B.d.2076322CFDD7422C652811C7971ED461.e.15497","ELEMENT":"f.8C4C75981FBDA5C274A9290576C3313B.d.2076322CFDD7422C652811C7971ED461.e.15497"}]}
COMMAND: GET /session/343af6daf6fbc7ee30938bcb5a9c3885/screenshot - {}
RESULT: {}
RESULT: {"script":"<script> [8489 bytes]","args":[{"element-6066-11e4-a52e-4f735466cecf":"f.8C4C75981FBDA5C274A9290576C3313B.d.2076322CFDD7422C652811C7971ED461.e.15497","ELEMENT":"f.8C4C75981FBDA5C274A9290576C3313B.d.2076322CFDD7422C652811C7971ED461.e.15497"}]}
COMMAND: POST /session/343af6daf6fbc7ee30938bcb5a9c3885/execute/sync - {"script":"<script> [5351 bytes]","args":[{"element-6066-11e4-a52e-4f735466cecf":"f.8C4C75981FBDA5C274A9290576C3313B.d.2076322CFDD7422C652811C7971ED461.e.15497","ELEMENT":"f.8C4C75981FBDA5C274A9290576C3313B.d.2076322CFDD7422C652811C7971ED461.e.15497"}]}
COMMAND: GET /session/343af6daf6fbc7ee30938bcb5a9c3885/screenshot - {}
RESULT: {}
RESULT: {"script":"<script> [5351 bytes]","args":[{"element-6066-11e4-a52e-4f735466cecf":"f.8C4C75981FBDA5C274A9290576C3313B.d.2076322CFDD7422C652811C7971ED461.e.15497","ELEMENT":"f.8C4C75981FBDA5C274A9290576C3313B.d.2076322CFDD7422C652811C7971ED461.e.15497"}]}
COMMAND: POST /session/343af6daf6fbc7ee30938bcb5a9c3885/element/f.8C4C75981FBDA5C274A9290576C3313B.d.2076322CFDD7422C652811C7971ED461.e.15497/click - {}
COMMAND: GET /session/343af6daf6fbc7ee30938bcb5a9c3885/screenshot - {}
RESULT: {}
RESULT: {}
COMMAND: GET /session/343af6daf6fbc7ee30938bcb5a9c3885/screenshot - {}
RESULT: {}
RESULT: {}
COMMAND: POST /session/343af6daf6fbc7ee30938bcb5a9c3885/actions - {"actions":[{"id":"action52","type":"key","parameters":{},"actions":[{"type":"keyDown","value":"î€‡"},{"type":"pause","duration":10},{"type":"keyUp","value":"î€‡"}]}]}
RESULT: {"actions":[{"id":"action52","type":"key","parameters":{},"actions":[{"type":"keyDown","value":"î€‡"},{"type":"pause","duration":10},{"type":"keyUp","value":"î€‡"}]}]}
COMMAND: GET /session/343af6daf6fbc7ee30938bcb5a9c3885/screenshot - {}
RESULT: {}
COMMAND: POST /session/343af6daf6fbc7ee30938bcb5a9c3885/execute/async - {"script":"<script> [1562 bytes]","args":[{"selector":{"id":"application-manageconditionprice-display-component---newCondition--condBillCond-arrow"},"wdio_ui5_key":"applicationmanageconditionprice-display-component---newCondition--condBillCond-arrow"}]}
RESULT: {"script":"<script> [1562 bytes]","args":[{"selector":{"id":"application-manageconditionprice-display-component---newCondition--condBillCond-arrow"},"wdio_ui5_key":"applicationmanageconditionprice-display-component---newCondition--condBillCond-arrow"}]}
RESULT: undefined
COMMAND: POST /session/343af6daf6fbc7ee30938bcb5a9c3885/element - {"using":"xpath","value":"//*[@id=\"application-manageconditionprice-display-component---newCondition--condBillCond-arrow\"]"}
RESULT: {"using":"xpath","value":"//*[@id=\"application-manageconditionprice-display-component---newCondition--condBillCond-arrow\"]"}
COMMAND: POST /session/343af6daf6fbc7ee30938bcb5a9c3885/element/f.8C4C75981FBDA5C274A9290576C3313B.d.2076322CFDD7422C652811C7971ED461.e.15673/click - {}
RESULT: {}
COMMAND: GET /session/343af6daf6fbc7ee30938bcb5a9c3885/screenshot - {}
RESULT: {}
COMMAND: POST /session/343af6daf6fbc7ee30938bcb5a9c3885/element - {"using":"xpath","value":"//li[.//span[contains(text(), \"DISP - D&I special price\")]]"}
RESULT: {"using":"xpath","value":"//li[.//span[contains(text(), \"DISP - D&I special price\")]]"}
COMMAND: POST /session/343af6daf6fbc7ee30938bcb5a9c3885/element/f.8C4C75981FBDA5C274A9290576C3313B.d.2076322CFDD7422C652811C7971ED461.e.15677/click - {}
RESULT: {}
COMMAND: GET /session/343af6daf6fbc7ee30938bcb5a9c3885/screenshot - {}
RESULT: {}
COMMAND: POST /session/343af6daf6fbc7ee30938bcb5a9c3885/execute/async - {"script":"<script> [1562 bytes]","args":[{"selector":{"id":"application-manageconditionprice-display-component---newCondition--condValidTo","interaction":{"idSuffix":"inner"}},"wdio_ui5_key":"applicationmanageconditionprice-display-component---newCondition--condValidTo"}]}
RESULT: {"script":"<script> [1562 bytes]","args":[{"selector":{"id":"application-manageconditionprice-display-component---newCondition--condValidTo","interaction":{"idSuffix":"inner"}},"wdio_ui5_key":"applicationmanageconditionprice-display-component---newCondition--condValidTo"}]}
RESULT: undefined
COMMAND: POST /session/343af6daf6fbc7ee30938bcb5a9c3885/execute/async - {"script":"<script> [776 bytes]","args":[{"enterText":"01/05/26","selector":{"id":"application-manageconditionprice-display-component---newCondition--condValidTo","interaction":{"idSuffix":"inner"}},"clearTextFirst":true,"interactionType":"ENTER_TEXT"}]}
RESULT: {"script":"<script> [776 bytes]","args":[{"enterText":"01/05/26","selector":{"id":"application-manageconditionprice-display-component---newCondition--condValidTo","interaction":{"idSuffix":"inner"}},"clearTextFirst":true,"interactionType":"ENTER_TEXT"}]}
COMMAND: POST /session/343af6daf6fbc7ee30938bcb5a9c3885/element - {"using":"xpath","value":"//input[@id=\"application-manageconditionprice-display-component---newCondition--condRU-inner\"]"}
RESULT: {"using":"xpath","value":"//input[@id=\"application-manageconditionprice-display-component---newCondition--condRU-inner\"]"}
COMMAND: POST /session/343af6daf6fbc7ee30938bcb5a9c3885/element/f.8C4C75981FBDA5C274A9290576C3313B.d.2076322CFDD7422C652811C7971ED461.e.15513/clear - {}
RESULT: {}
COMMAND: POST /session/343af6daf6fbc7ee30938bcb5a9c3885/element/f.8C4C75981FBDA5C274A9290576C3313B.d.2076322CFDD7422C652811C7971ED461.e.15513/value - {"text":"D85brGedea"}
COMMAND: GET /session/343af6daf6fbc7ee30938bcb5a9c3885/screenshot - {}
RESULT: {"text":"D85brGedea"}
COMMAND: GET /session/343af6daf6fbc7ee30938bcb5a9c3885/screenshot - {}
RESULT: {}
RESULT: {}
COMMAND: POST /session/343af6daf6fbc7ee30938bcb5a9c3885/actions - {"actions":[{"id":"action53","type":"key","parameters":{},"actions":[{"type":"keyDown","value":"î€‡"},{"type":"pause","duration":10},{"type":"keyUp","value":"î€‡"}]}]}
RESULT: {"actions":[{"id":"action53","type":"key","parameters":{},"actions":[{"type":"keyDown","value":"î€‡"},{"type":"pause","duration":10},{"type":"keyUp","value":"î€‡"}]}]}
COMMAND: POST /session/343af6daf6fbc7ee30938bcb5a9c3885/execute/async - {"script":"<script> [1562 bytes]","args":[{"selector":{"id":"application-manageconditionprice-display-component---newCondition--condBaseQty","interaction":{"idSuffix":"inner"}},"wdio_ui5_key":"applicationmanageconditionprice-display-component---newCondition--condBaseQty"}]}
COMMAND: GET /session/343af6daf6fbc7ee30938bcb5a9c3885/screenshot - {}
RESULT: {"script":"<script> [1562 bytes]","args":[{"selector":{"id":"application-manageconditionprice-display-component---newCondition--condBaseQty","interaction":{"idSuffix":"inner"}},"wdio_ui5_key":"applicationmanageconditionprice-display-component---newCondition--condBaseQty"}]}
RESULT: undefined
COMMAND: POST /session/343af6daf6fbc7ee30938bcb5a9c3885/execute/async - {"script":"<script> [776 bytes]","args":[{"enterText":"1","selector":{"id":"application-manageconditionprice-display-component---newCondition--condBaseQty","interaction":{"idSuffix":"inner"}},"clearTextFirst":true,"interactionType":"ENTER_TEXT"}]}
RESULT: {}
RESULT: {"script":"<script> [776 bytes]","args":[{"enterText":"1","selector":{"id":"application-manageconditionprice-display-component---newCondition--condBaseQty","interaction":{"idSuffix":"inner"}},"clearTextFirst":true,"interactionType":"ENTER_TEXT"}]}
COMMAND: POST /session/343af6daf6fbc7ee30938bcb5a9c3885/execute/async - {"script":"<script> [1562 bytes]","args":[{"selector":{"id":"application-manageconditionprice-display-component---newCondition--condValue","interaction":{"idSuffix":"inner"}},"wdio_ui5_key":"applicationmanageconditionprice-display-component---newCondition--condValue"}]}
RESULT: {"script":"<script> [1562 bytes]","args":[{"selector":{"id":"application-manageconditionprice-display-component---newCondition--condValue","interaction":{"idSuffix":"inner"}},"wdio_ui5_key":"applicationmanageconditionprice-display-component---newCondition--condValue"}]}
RESULT: undefined
COMMAND: POST /session/343af6daf6fbc7ee30938bcb5a9c3885/execute/async - {"script":"<script> [776 bytes]","args":[{"enterText":"100","selector":{"id":"application-manageconditionprice-display-component---newCondition--condValue","interaction":{"idSuffix":"inner"}},"clearTextFirst":true,"interactionType":"ENTER_TEXT"}]}
RESULT: {"script":"<script> [776 bytes]","args":[{"enterText":"100","selector":{"id":"application-manageconditionprice-display-component---newCondition--condValue","interaction":{"idSuffix":"inner"}},"clearTextFirst":true,"interactionType":"ENTER_TEXT"}]}
COMMAND: POST /session/343af6daf6fbc7ee30938bcb5a9c3885/execute/async - {"script":"<script> [1562 bytes]","args":[{"selector":{"id":"application-manageconditionprice-display-component---newCondition--condCurr-arrow"},"wdio_ui5_key":"applicationmanageconditionprice-display-component---newCondition--condCurr-arrow"}]}
RESULT: {"script":"<script> [1562 bytes]","args":[{"selector":{"id":"application-manageconditionprice-display-component---newCondition--condCurr-arrow"},"wdio_ui5_key":"applicationmanageconditionprice-display-component---newCondition--condCurr-arrow"}]}
RESULT: undefined
COMMAND: POST /session/343af6daf6fbc7ee30938bcb5a9c3885/element - {"using":"xpath","value":"//*[@id=\"application-manageconditionprice-display-component---newCondition--condCurr-arrow\"]"}
RESULT: {"using":"xpath","value":"//*[@id=\"application-manageconditionprice-display-component---newCondition--condCurr-arrow\"]"}
COMMAND: POST /session/343af6daf6fbc7ee30938bcb5a9c3885/element/f.8C4C75981FBDA5C274A9290576C3313B.d.2076322CFDD7422C652811C7971ED461.e.15656/click - {}
RESULT: {}
COMMAND: POST /session/343af6daf6fbc7ee30938bcb5a9c3885/element - {"using":"xpath","value":"//span[contains(text(), \"Euro\")]"}
COMMAND: GET /session/343af6daf6fbc7ee30938bcb5a9c3885/screenshot - {}
RESULT: {"using":"xpath","value":"//span[contains(text(), \"Euro\")]"}
COMMAND: POST /session/343af6daf6fbc7ee30938bcb5a9c3885/element/f.8C4C75981FBDA5C274A9290576C3313B.d.2076322CFDD7422C652811C7971ED461.e.15714/click - {}
RESULT: {}
RESULT: {}
COMMAND: POST /session/343af6daf6fbc7ee30938bcb5a9c3885/element - {"using":"xpath","value":"//button[@data-kt=\"saveButton\"]"}
COMMAND: GET /session/343af6daf6fbc7ee30938bcb5a9c3885/screenshot - {}
RESULT: {"using":"xpath","value":"//button[@data-kt=\"saveButton\"]"}
COMMAND: POST /session/343af6daf6fbc7ee30938bcb5a9c3885/element/f.8C4C75981FBDA5C274A9290576C3313B.d.2076322CFDD7422C652811C7971ED461.e.15657/click - {}
RESULT: {}
RESULT: {}
COMMAND: GET /session/343af6daf6fbc7ee30938bcb5a9c3885/screenshot - {}
RESULT: {}
COMMAND: POST /session/343af6daf6fbc7ee30938bcb5a9c3885/execute/async - {"script":"<script> [1562 bytes]","args":[{"selector":{"id":"application-manageconditionprice-display-component---conditions--smartFilterBar-btnBasicSearch","interaction":{"idSuffix":"I"}},"wdio_ui5_key":"applicationmanageconditionprice-display-component---conditions--smartFilterBar-btnBasicSearch"}]}
RESULT: {"script":"<script> [1562 bytes]","args":[{"selector":{"id":"application-manageconditionprice-display-component---conditions--smartFilterBar-btnBasicSearch","interaction":{"idSuffix":"I"}},"wdio_ui5_key":"applicationmanageconditionprice-display-component---conditions--smartFilterBar-btnBasicSearch"}]}
RESULT: undefined
COMMAND: POST /session/343af6daf6fbc7ee30938bcb5a9c3885/execute/async - {"script":"<script> [776 bytes]","args":[{"enterText":"D85brGedea","selector":{"id":"application-manageconditionprice-display-component---conditions--smartFilterBar-btnBasicSearch","interaction":{"idSuffix":"I"}},"clearTextFirst":true,"interactionType":"ENTER_TEXT"}]}
RESULT: {"script":"<script> [776 bytes]","args":[{"enterText":"D85brGedea","selector":{"id":"application-manageconditionprice-display-component---conditions--smartFilterBar-btnBasicSearch","interaction":{"idSuffix":"I"}},"clearTextFirst":true,"interactionType":"ENTER_TEXT"}]}
COMMAND: POST /session/343af6daf6fbc7ee30938bcb5a9c3885/actions - {"actions":[{"id":"action54","type":"key","parameters":{},"actions":[{"type":"keyDown","value":"î€‡"},{"type":"pause","duration":10},{"type":"keyUp","value":"î€‡"}]}]}
RESULT: {"actions":[{"id":"action54","type":"key","parameters":{},"actions":[{"type":"keyDown","value":"î€‡"},{"type":"pause","duration":10},{"type":"keyUp","value":"î€‡"}]}]}
COMMAND: GET /session/343af6daf6fbc7ee30938bcb5a9c3885/screenshot - {}
RESULT: {}
COMMAND: POST /session/343af6daf6fbc7ee30938bcb5a9c3885/execute/async - {"script":"<script> [1562 bytes]","args":[{"selector":{"id":"application-manageconditionprice-display-component---conditions--smartFilterBar-filterItemControl_BASIC-BILL_TYPES-vhi"},"wdio_ui5_key":"applicationmanageconditionprice-display-component---conditions--smartFilterBar-filterItemControl_BASIC-BILL_TYPES-vhi"}]}
RESULT: {"script":"<script> [1562 bytes]","args":[{"selector":{"id":"application-manageconditionprice-display-component---conditions--smartFilterBar-filterItemControl_BASIC-BILL_TYPES-vhi"},"wdio_ui5_key":"applicationmanageconditionprice-display-component---conditions--smartFilterBar-filterItemControl_BASIC-BILL_TYPES-vhi"}]}
RESULT: undefined
COMMAND: POST /session/343af6daf6fbc7ee30938bcb5a9c3885/element - {"using":"xpath","value":"//*[@id=\"application-manageconditionprice-display-component---conditions--smartFilterBar-filterItemControl_BASIC-BILL_TYPES-vhi\"]"}
RESULT: {"using":"xpath","value":"//*[@id=\"application-manageconditionprice-display-component---conditions--smartFilterBar-filterItemControl_BASIC-BILL_TYPES-vhi\"]"}
COMMAND: POST /session/343af6daf6fbc7ee30938bcb5a9c3885/element/f.8C4C75981FBDA5C274A9290576C3313B.d.2076322CFDD7422C652811C7971ED461.e.15731/click - {}
RESULT: {}
COMMAND: POST /session/343af6daf6fbc7ee30938bcb5a9c3885/execute/async - {"script":"<script> [1562 bytes]","args":[{"selector":{"id":"application-manageconditionprice-display-component---conditions--smartFilterBar-filterItemControl_BASIC-BILL_TYPES-valueHelpDialog-smartFilterBar-btnBasicSearch","searchOpenDialogs":true,"interaction":{"idSuffix":"I"}},"wdio_ui5_key":"applicationmanageconditionprice-display-component---conditions--smartFilterBar-filterItemControl_BASIC-BILL_TYPES-valueHelpDialog-smartFilterBar-btnBasicSearch"}]}
COMMAND: GET /session/343af6daf6fbc7ee30938bcb5a9c3885/screenshot - {}
RESULT: {"script":"<script> [1562 bytes]","args":[{"selector":{"id":"application-manageconditionprice-display-component---conditions--smartFilterBar-filterItemControl_BASIC-BILL_TYPES-valueHelpDialog-smartFilterBar-btnBasicSearch","searchOpenDialogs":true,"interaction":{"idSuffix":"I"}},"wdio_ui5_key":"applicationmanageconditionprice-display-component---conditions--smartFilterBar-filterItemControl_BASIC-BILL_TYPES-valueHelpDialog-smartFilterBar-btnBasicSearch"}]}
RESULT: undefined
COMMAND: POST /session/343af6daf6fbc7ee30938bcb5a9c3885/execute/async - {"script":"<script> [776 bytes]","args":[{"enterText":"TB","selector":{"id":"application-manageconditionprice-display-component---conditions--smartFilterBar-filterItemControl_BASIC-BILL_TYPES-valueHelpDialog-smartFilterBar-btnBasicSearch","searchOpenDialogs":true,"interaction":{"idSuffix":"I"}},"clearTextFirst":true,"interactionType":"ENTER_TEXT"}]}
RESULT: {}
RESULT: {"script":"<script> [776 bytes]","args":[{"enterText":"TB","selector":{"id":"application-manageconditionprice-display-component---conditions--smartFilterBar-filterItemControl_BASIC-BILL_TYPES-valueHelpDialog-smartFilterBar-btnBasicSearch","searchOpenDialogs":true,"interaction":{"idSuffix":"I"}},"clearTextFirst":true,"interactionType":"ENTER_TEXT"}]}
COMMAND: POST /session/343af6daf6fbc7ee30938bcb5a9c3885/actions - {"actions":[{"id":"action55","type":"key","parameters":{},"actions":[{"type":"keyDown","value":"î€‡"},{"type":"pause","duration":10},{"type":"keyUp","value":"î€‡"}]}]}
RESULT: {"actions":[{"id":"action55","type":"key","parameters":{},"actions":[{"type":"keyDown","value":"î€‡"},{"type":"pause","duration":10},{"type":"keyUp","value":"î€‡"}]}]}
COMMAND: GET /session/343af6daf6fbc7ee30938bcb5a9c3885/screenshot - {}
RESULT: {}
COMMAND: POST /session/343af6daf6fbc7ee30938bcb5a9c3885/element - {"using":"xpath","value":"//div[contains(@id, 'application-manageconditionprice-display-component---conditions--smartFilterBar-filterItemControl_BASIC-BILL_TYPES-valueHelpDialog-table-rowsel0')]"}
RESULT: {"using":"xpath","value":"//div[contains(@id, 'application-manageconditionprice-display-component---conditions--smartFilterBar-filterItemControl_BASIC-BILL_TYPES-valueHelpDialog-table-rowsel0')]"}
COMMAND: POST /session/343af6daf6fbc7ee30938bcb5a9c3885/element/f.8C4C75981FBDA5C274A9290576C3313B.d.2076322CFDD7422C652811C7971ED461.e.15740/click - {}
RESULT: {}
COMMAND: GET /session/343af6daf6fbc7ee30938bcb5a9c3885/screenshot - {}
RESULT: {}
COMMAND: POST /session/343af6daf6fbc7ee30938bcb5a9c3885/element - {"using":"xpath","value":"//bdi[contains(text(), \"OK\")]"}
RESULT: {"using":"xpath","value":"//bdi[contains(text(), \"OK\")]"}
COMMAND: POST /session/343af6daf6fbc7ee30938bcb5a9c3885/element/f.8C4C75981FBDA5C274A9290576C3313B.d.2076322CFDD7422C652811C7971ED461.e.15742/click - {}
RESULT: {}
COMMAND: GET /session/343af6daf6fbc7ee30938bcb5a9c3885/screenshot - {}
RESULT: {}
COMMAND: POST /session/343af6daf6fbc7ee30938bcb5a9c3885/element - {"using":"xpath","value":"//span[@id=\"application-manageconditionprice-display-component---conditions--smartTable-header-inner\"]"}
RESULT: {"using":"xpath","value":"//span[@id=\"application-manageconditionprice-display-component---conditions--smartTable-header-inner\"]"}
COMMAND: POST /session/343af6daf6fbc7ee30938bcb5a9c3885/elements - {"using":"xpath","value":"//span[@id=\"application-manageconditionprice-display-component---conditions--smartTable-header-inner\"]"}
RESULT: {"using":"xpath","value":"//span[@id=\"application-manageconditionprice-display-component---conditions--smartTable-header-inner\"]"}
COMMAND: POST /session/343af6daf6fbc7ee30938bcb5a9c3885/execute/sync - {"script":"<script> [56 bytes]","args":[{"element-6066-11e4-a52e-4f735466cecf":"f.8C4C75981FBDA5C274A9290576C3313B.d.2076322CFDD7422C652811C7971ED461.e.15745","ELEMENT":"f.8C4C75981FBDA5C274A9290576C3313B.d.2076322CFDD7422C652811C7971ED461.e.15745"}]}
RESULT: {"script":"<script> [56 bytes]","args":[{"element-6066-11e4-a52e-4f735466cecf":"f.8C4C75981FBDA5C274A9290576C3313B.d.2076322CFDD7422C652811C7971ED461.e.15745","ELEMENT":"f.8C4C75981FBDA5C274A9290576C3313B.d.2076322CFDD7422C652811C7971ED461.e.15745"}]}
COMMAND: POST /session/343af6daf6fbc7ee30938bcb5a9c3885/element - {"using":"css selector","value":"#shell-header-logo"}
COMMAND: GET /session/343af6daf6fbc7ee30938bcb5a9c3885/screenshot - {}
RESULT: {"using":"css selector","value":"#shell-header-logo"}
COMMAND: POST /session/343af6daf6fbc7ee30938bcb5a9c3885/element/f.8C4C75981FBDA5C274A9290576C3313B.d.2076322CFDD7422C652811C7971ED461.e.15465/click - {}
RESULT: {}
RESULT: {}
COMMAND: GET /session/343af6daf6fbc7ee30938bcb5a9c3885/screenshot - {}
RESULT: {}
]]></system-out>
    </testcase>
    <testcase classname="chrome.135_0_7049_96.windows.Billing_Calculation_-_Time_based_(considering_transport_times)_US139738" name="Should do a stock increase for the equipment" time="78.241">
      <system-out><![CDATA[
COMMAND: POST /session/343af6daf6fbc7ee30938bcb5a9c3885/execute/async - {"script":"<script> [1562 bytes]","args":[{"selector":{"controlType":"sap.m.Text","viewName":"etm.portal.ui.managehandoverstile.view.Master","properties":{"text":"Manage Handovers"},"interaction":{"idSuffix":"inner"}},"wdio_ui5_key":"etmportal.ui.managehandoverstile.view.Mastersap.m.Text{\"text\":\"Manage Handovers\"}"}]}
RESULT: {"script":"<script> [1562 bytes]","args":[{"selector":{"controlType":"sap.m.Text","viewName":"etm.portal.ui.managehandoverstile.view.Master","properties":{"text":"Manage Handovers"},"interaction":{"idSuffix":"inner"}},"wdio_ui5_key":"etmportal.ui.managehandoverstile.view.Mastersap.m.Text{\"text\":\"Manage Handovers\"}"}]}
RESULT: undefined
COMMAND: POST /session/343af6daf6fbc7ee30938bcb5a9c3885/element - {"using":"xpath","value":"//*[@id=\"__tile131-title\"]"}
RESULT: {"using":"xpath","value":"//*[@id=\"__tile131-title\"]"}
COMMAND: POST /session/343af6daf6fbc7ee30938bcb5a9c3885/element/f.8C4C75981FBDA5C274A9290576C3313B.d.2076322CFDD7422C652811C7971ED461.e.15750/click - {}
RESULT: {}
COMMAND: POST /session/343af6daf6fbc7ee30938bcb5a9c3885/element - {"using":"xpath","value":"//button[@data-kt=\"masterHOAddButton\"]"}
COMMAND: GET /session/343af6daf6fbc7ee30938bcb5a9c3885/screenshot - {}
RESULT: {"using":"xpath","value":"//button[@data-kt=\"masterHOAddButton\"]"}
COMMAND: POST /session/343af6daf6fbc7ee30938bcb5a9c3885/elements - {"using":"xpath","value":"//button[@data-kt=\"masterHOAddButton\"]"}
RESULT: {}
RESULT: {"using":"xpath","value":"//button[@data-kt=\"masterHOAddButton\"]"}
COMMAND: POST /session/343af6daf6fbc7ee30938bcb5a9c3885/elements - {"using":"xpath","value":"//button[@data-kt=\"masterHOAddButton\"]"}
RESULT: {"using":"xpath","value":"//button[@data-kt=\"masterHOAddButton\"]"}
COMMAND: POST /session/343af6daf6fbc7ee30938bcb5a9c3885/elements - {"using":"xpath","value":"//button[@data-kt=\"masterHOAddButton\"]"}
RESULT: {"using":"xpath","value":"//button[@data-kt=\"masterHOAddButton\"]"}
COMMAND: POST /session/343af6daf6fbc7ee30938bcb5a9c3885/elements - {"using":"xpath","value":"//button[@data-kt=\"masterHOAddButton\"]"}
RESULT: {"using":"xpath","value":"//button[@data-kt=\"masterHOAddButton\"]"}
COMMAND: POST /session/343af6daf6fbc7ee30938bcb5a9c3885/elements - {"using":"xpath","value":"//button[@data-kt=\"masterHOAddButton\"]"}
RESULT: {"using":"xpath","value":"//button[@data-kt=\"masterHOAddButton\"]"}
COMMAND: POST /session/343af6daf6fbc7ee30938bcb5a9c3885/elements - {"using":"xpath","value":"//button[@data-kt=\"masterHOAddButton\"]"}
RESULT: {"using":"xpath","value":"//button[@data-kt=\"masterHOAddButton\"]"}
COMMAND: POST /session/343af6daf6fbc7ee30938bcb5a9c3885/elements - {"using":"xpath","value":"//button[@data-kt=\"masterHOAddButton\"]"}
RESULT: {"using":"xpath","value":"//button[@data-kt=\"masterHOAddButton\"]"}
COMMAND: POST /session/343af6daf6fbc7ee30938bcb5a9c3885/elements - {"using":"xpath","value":"//button[@data-kt=\"masterHOAddButton\"]"}
RESULT: {"using":"xpath","value":"//button[@data-kt=\"masterHOAddButton\"]"}
COMMAND: POST /session/343af6daf6fbc7ee30938bcb5a9c3885/elements - {"using":"xpath","value":"//button[@data-kt=\"masterHOAddButton\"]"}
RESULT: {"using":"xpath","value":"//button[@data-kt=\"masterHOAddButton\"]"}
COMMAND: POST /session/343af6daf6fbc7ee30938bcb5a9c3885/elements - {"using":"xpath","value":"//button[@data-kt=\"masterHOAddButton\"]"}
RESULT: {"using":"xpath","value":"//button[@data-kt=\"masterHOAddButton\"]"}
COMMAND: POST /session/343af6daf6fbc7ee30938bcb5a9c3885/elements - {"using":"xpath","value":"//button[@data-kt=\"masterHOAddButton\"]"}
RESULT: {"using":"xpath","value":"//button[@data-kt=\"masterHOAddButton\"]"}
COMMAND: POST /session/343af6daf6fbc7ee30938bcb5a9c3885/elements - {"using":"xpath","value":"//button[@data-kt=\"masterHOAddButton\"]"}
RESULT: {"using":"xpath","value":"//button[@data-kt=\"masterHOAddButton\"]"}
COMMAND: POST /session/343af6daf6fbc7ee30938bcb5a9c3885/elements - {"using":"xpath","value":"//button[@data-kt=\"masterHOAddButton\"]"}
RESULT: {"using":"xpath","value":"//button[@data-kt=\"masterHOAddButton\"]"}
COMMAND: POST /session/343af6daf6fbc7ee30938bcb5a9c3885/elements - {"using":"xpath","value":"//button[@data-kt=\"masterHOAddButton\"]"}
RESULT: {"using":"xpath","value":"//button[@data-kt=\"masterHOAddButton\"]"}
COMMAND: POST /session/343af6daf6fbc7ee30938bcb5a9c3885/elements - {"using":"xpath","value":"//button[@data-kt=\"masterHOAddButton\"]"}
RESULT: {"using":"xpath","value":"//button[@data-kt=\"masterHOAddButton\"]"}
COMMAND: POST /session/343af6daf6fbc7ee30938bcb5a9c3885/elements - {"using":"xpath","value":"//button[@data-kt=\"masterHOAddButton\"]"}
RESULT: {"using":"xpath","value":"//button[@data-kt=\"masterHOAddButton\"]"}
COMMAND: POST /session/343af6daf6fbc7ee30938bcb5a9c3885/element - {"using":"xpath","value":"//button[@data-kt=\"masterHOAddButton\"]"}
RESULT: {"using":"xpath","value":"//button[@data-kt=\"masterHOAddButton\"]"}
COMMAND: POST /session/343af6daf6fbc7ee30938bcb5a9c3885/execute/sync - {"script":"<script> [8489 bytes]","args":[{"element-6066-11e4-a52e-4f735466cecf":"f.8C4C75981FBDA5C274A9290576C3313B.d.2076322CFDD7422C652811C7971ED461.e.15780","ELEMENT":"f.8C4C75981FBDA5C274A9290576C3313B.d.2076322CFDD7422C652811C7971ED461.e.15780"}]}
RESULT: {"script":"<script> [8489 bytes]","args":[{"element-6066-11e4-a52e-4f735466cecf":"f.8C4C75981FBDA5C274A9290576C3313B.d.2076322CFDD7422C652811C7971ED461.e.15780","ELEMENT":"f.8C4C75981FBDA5C274A9290576C3313B.d.2076322CFDD7422C652811C7971ED461.e.15780"}]}
COMMAND: GET /session/343af6daf6fbc7ee30938bcb5a9c3885/element/f.8C4C75981FBDA5C274A9290576C3313B.d.2076322CFDD7422C652811C7971ED461.e.15780/enabled - {}
COMMAND: GET /session/343af6daf6fbc7ee30938bcb5a9c3885/screenshot - {}
RESULT: {}
COMMAND: POST /session/343af6daf6fbc7ee30938bcb5a9c3885/execute/sync - {"script":"<script> [8489 bytes]","args":[{"element-6066-11e4-a52e-4f735466cecf":"f.8C4C75981FBDA5C274A9290576C3313B.d.2076322CFDD7422C652811C7971ED461.e.15780","ELEMENT":"f.8C4C75981FBDA5C274A9290576C3313B.d.2076322CFDD7422C652811C7971ED461.e.15780"}]}
COMMAND: GET /session/343af6daf6fbc7ee30938bcb5a9c3885/screenshot - {}
RESULT: {}
RESULT: {"script":"<script> [8489 bytes]","args":[{"element-6066-11e4-a52e-4f735466cecf":"f.8C4C75981FBDA5C274A9290576C3313B.d.2076322CFDD7422C652811C7971ED461.e.15780","ELEMENT":"f.8C4C75981FBDA5C274A9290576C3313B.d.2076322CFDD7422C652811C7971ED461.e.15780"}]}
COMMAND: POST /session/343af6daf6fbc7ee30938bcb5a9c3885/execute/sync - {"script":"<script> [5351 bytes]","args":[{"element-6066-11e4-a52e-4f735466cecf":"f.8C4C75981FBDA5C274A9290576C3313B.d.2076322CFDD7422C652811C7971ED461.e.15780","ELEMENT":"f.8C4C75981FBDA5C274A9290576C3313B.d.2076322CFDD7422C652811C7971ED461.e.15780"}]}
COMMAND: GET /session/343af6daf6fbc7ee30938bcb5a9c3885/screenshot - {}
RESULT: {}
RESULT: {"script":"<script> [5351 bytes]","args":[{"element-6066-11e4-a52e-4f735466cecf":"f.8C4C75981FBDA5C274A9290576C3313B.d.2076322CFDD7422C652811C7971ED461.e.15780","ELEMENT":"f.8C4C75981FBDA5C274A9290576C3313B.d.2076322CFDD7422C652811C7971ED461.e.15780"}]}
COMMAND: POST /session/343af6daf6fbc7ee30938bcb5a9c3885/element/f.8C4C75981FBDA5C274A9290576C3313B.d.2076322CFDD7422C652811C7971ED461.e.15780/click - {}
COMMAND: GET /session/343af6daf6fbc7ee30938bcb5a9c3885/screenshot - {}
RESULT: {}
RESULT: {}
COMMAND: GET /session/343af6daf6fbc7ee30938bcb5a9c3885/screenshot - {}
RESULT: {}
RESULT: {}
COMMAND: POST /session/343af6daf6fbc7ee30938bcb5a9c3885/element - {"using":"xpath","value":"//span[contains(@id ,\"AddNewHO--typeSelect-arrow\")]"}
RESULT: {"using":"xpath","value":"//span[contains(@id ,\"AddNewHO--typeSelect-arrow\")]"}
COMMAND: POST /session/343af6daf6fbc7ee30938bcb5a9c3885/element/f.8C4C75981FBDA5C274A9290576C3313B.d.2076322CFDD7422C652811C7971ED461.e.16141/click - {}
RESULT: {}
COMMAND: GET /session/343af6daf6fbc7ee30938bcb5a9c3885/screenshot - {}
RESULT: {}
COMMAND: POST /session/343af6daf6fbc7ee30938bcb5a9c3885/element - {"using":"xpath","value":"(//li[contains(text(), \"stock increase yard\")])[1]"}
RESULT: {"using":"xpath","value":"(//li[contains(text(), \"stock increase yard\")])[1]"}
COMMAND: POST /session/343af6daf6fbc7ee30938bcb5a9c3885/element/f.8C4C75981FBDA5C274A9290576C3313B.d.2076322CFDD7422C652811C7971ED461.e.16142/click - {}
RESULT: {}
COMMAND: GET /session/343af6daf6fbc7ee30938bcb5a9c3885/screenshot - {}
RESULT: {}
COMMAND: POST /session/343af6daf6fbc7ee30938bcb5a9c3885/execute/async - {"script":"<script> [1562 bytes]","args":[{"selector":{"id":"application-managehandovers-display-component---AddNewHO--dueDate","interaction":{"idSuffix":"inner"}},"wdio_ui5_key":"applicationmanagehandovers-display-component---AddNewHO--dueDate"}]}
RESULT: {"script":"<script> [1562 bytes]","args":[{"selector":{"id":"application-managehandovers-display-component---AddNewHO--dueDate","interaction":{"idSuffix":"inner"}},"wdio_ui5_key":"applicationmanagehandovers-display-component---AddNewHO--dueDate"}]}
RESULT: undefined
COMMAND: POST /session/343af6daf6fbc7ee30938bcb5a9c3885/execute/async - {"script":"<script> [6424 bytes]","args":[{"element-6066-11e4-a52e-4f735466cecf":"f.8C4C75981FBDA5C274A9290576C3313B.d.2076322CFDD7422C652811C7971ED461.e.16144"},"setValue",["05/05/2025"]]}
RESULT: {"script":"<script> [6424 bytes]","args":[{"element-6066-11e4-a52e-4f735466cecf":"f.8C4C75981FBDA5C274A9290576C3313B.d.2076322CFDD7422C652811C7971ED461.e.16144"},"setValue",["05/05/2025"]]}
COMMAND: POST /session/343af6daf6fbc7ee30938bcb5a9c3885/element - {"using":"xpath","value":"//input[@id=\"generalSectionFrg--receiveYard-inner\"]"}
RESULT: {"using":"xpath","value":"//input[@id=\"generalSectionFrg--receiveYard-inner\"]"}
COMMAND: POST /session/343af6daf6fbc7ee30938bcb5a9c3885/element/f.8C4C75981FBDA5C274A9290576C3313B.d.2076322CFDD7422C652811C7971ED461.e.16150/clear - {}
RESULT: {}
COMMAND: POST /session/343af6daf6fbc7ee30938bcb5a9c3885/element/f.8C4C75981FBDA5C274A9290576C3313B.d.2076322CFDD7422C652811C7971ED461.e.16150/value - {"text":"594"}
COMMAND: GET /session/343af6daf6fbc7ee30938bcb5a9c3885/screenshot - {}
RESULT: {"text":"594"}
COMMAND: GET /session/343af6daf6fbc7ee30938bcb5a9c3885/screenshot - {}
RESULT: {}
RESULT: {}
COMMAND: POST /session/343af6daf6fbc7ee30938bcb5a9c3885/element - {"using":"xpath","value":"//li[.//span[text()='594']]"}
RESULT: {"using":"xpath","value":"//li[.//span[text()='594']]"}
COMMAND: POST /session/343af6daf6fbc7ee30938bcb5a9c3885/element/f.8C4C75981FBDA5C274A9290576C3313B.d.2076322CFDD7422C652811C7971ED461.e.16168/click - {}
RESULT: {}
COMMAND: GET /session/343af6daf6fbc7ee30938bcb5a9c3885/screenshot - {}
RESULT: {}
COMMAND: POST /session/343af6daf6fbc7ee30938bcb5a9c3885/execute/async - {"script":"<script> [1562 bytes]","args":[{"selector":{"id":"application-managehandovers-display-component---AddNewHO--ObjectPageLayout-anchBar-application-managehandovers-display-component---AddNewHO--section4-anchor","interaction":{"idSuffix":"BDI-content"}},"wdio_ui5_key":"applicationmanagehandovers-display-component---AddNewHO--ObjectPageLayout-anchBar-application-managehandovers-display-component---AddNewHO--section4-anchor"}]}
RESULT: {"script":"<script> [1562 bytes]","args":[{"selector":{"id":"application-managehandovers-display-component---AddNewHO--ObjectPageLayout-anchBar-application-managehandovers-display-component---AddNewHO--section4-anchor","interaction":{"idSuffix":"BDI-content"}},"wdio_ui5_key":"applicationmanagehandovers-display-component---AddNewHO--ObjectPageLayout-anchBar-application-managehandovers-display-component---AddNewHO--section4-anchor"}]}
RESULT: undefined
COMMAND: POST /session/343af6daf6fbc7ee30938bcb5a9c3885/element - {"using":"xpath","value":"//*[@id=\"application-managehandovers-display-component---AddNewHO--ObjectPageLayout-anchBar-application-managehandovers-display-component---AddNewHO--section4-anchor\"]"}
RESULT: {"using":"xpath","value":"//*[@id=\"application-managehandovers-display-component---AddNewHO--ObjectPageLayout-anchBar-application-managehandovers-display-component---AddNewHO--section4-anchor\"]"}
COMMAND: POST /session/343af6daf6fbc7ee30938bcb5a9c3885/element/f.8C4C75981FBDA5C274A9290576C3313B.d.2076322CFDD7422C652811C7971ED461.e.16170/click - {}
RESULT: {}
COMMAND: POST /session/343af6daf6fbc7ee30938bcb5a9c3885/element - {"using":"xpath","value":"//button[@aria-label=\"Add\"]"}
COMMAND: GET /session/343af6daf6fbc7ee30938bcb5a9c3885/screenshot - {}
RESULT: {"using":"xpath","value":"//button[@aria-label=\"Add\"]"}
COMMAND: POST /session/343af6daf6fbc7ee30938bcb5a9c3885/element/f.8C4C75981FBDA5C274A9290576C3313B.d.2076322CFDD7422C652811C7971ED461.e.16172/click - {}
RESULT: {}
RESULT: {}
COMMAND: GET /session/343af6daf6fbc7ee30938bcb5a9c3885/screenshot - {}
RESULT: {}
COMMAND: POST /session/343af6daf6fbc7ee30938bcb5a9c3885/execute/async - {"script":"<script> [1562 bytes]","args":[{"selector":{"id":"application-managehandovers-display-component---AddNewHO--smartFilterBar-btnBasicSearch","searchOpenDialogs":true,"interaction":{"idSuffix":"I"}},"wdio_ui5_key":"applicationmanagehandovers-display-component---AddNewHO--smartFilterBar-btnBasicSearch"}]}
RESULT: {"script":"<script> [1562 bytes]","args":[{"selector":{"id":"application-managehandovers-display-component---AddNewHO--smartFilterBar-btnBasicSearch","searchOpenDialogs":true,"interaction":{"idSuffix":"I"}},"wdio_ui5_key":"applicationmanagehandovers-display-component---AddNewHO--smartFilterBar-btnBasicSearch"}]}
RESULT: undefined
COMMAND: POST /session/343af6daf6fbc7ee30938bcb5a9c3885/execute/async - {"script":"<script> [776 bytes]","args":[{"enterText":"D85brGedea","selector":{"id":"application-managehandovers-display-component---AddNewHO--smartFilterBar-btnBasicSearch","searchOpenDialogs":true,"interaction":{"idSuffix":"I"}},"clearTextFirst":true,"interactionType":"ENTER_TEXT"}]}
RESULT: {"script":"<script> [776 bytes]","args":[{"enterText":"D85brGedea","selector":{"id":"application-managehandovers-display-component---AddNewHO--smartFilterBar-btnBasicSearch","searchOpenDialogs":true,"interaction":{"idSuffix":"I"}},"clearTextFirst":true,"interactionType":"ENTER_TEXT"}]}
COMMAND: POST /session/343af6daf6fbc7ee30938bcb5a9c3885/actions - {"actions":[{"id":"action56","type":"key","parameters":{},"actions":[{"type":"keyDown","value":"î€‡"},{"type":"pause","duration":10},{"type":"keyUp","value":"î€‡"}]}]}
RESULT: {"actions":[{"id":"action56","type":"key","parameters":{},"actions":[{"type":"keyDown","value":"î€‡"},{"type":"pause","duration":10},{"type":"keyUp","value":"î€‡"}]}]}
COMMAND: GET /session/343af6daf6fbc7ee30938bcb5a9c3885/screenshot - {}
RESULT: {}
COMMAND: POST /session/343af6daf6fbc7ee30938bcb5a9c3885/execute/async - {"script":"<script> [1562 bytes]","args":[{"selector":{"id":"application-managehandovers-display-component---AddNewHO--popup-sa","searchOpenDialogs":true,"interaction":{"idSuffix":"CbBg"}},"wdio_ui5_key":"applicationmanagehandovers-display-component---AddNewHO--popup-sa"}]}
RESULT: {"script":"<script> [1562 bytes]","args":[{"selector":{"id":"application-managehandovers-display-component---AddNewHO--popup-sa","searchOpenDialogs":true,"interaction":{"idSuffix":"CbBg"}},"wdio_ui5_key":"applicationmanagehandovers-display-component---AddNewHO--popup-sa"}]}
RESULT: undefined
COMMAND: POST /session/343af6daf6fbc7ee30938bcb5a9c3885/element - {"using":"xpath","value":"//*[@id=\"application-managehandovers-display-component---AddNewHO--popup-sa\"]"}
RESULT: {"using":"xpath","value":"//*[@id=\"application-managehandovers-display-component---AddNewHO--popup-sa\"]"}
COMMAND: POST /session/343af6daf6fbc7ee30938bcb5a9c3885/element/f.8C4C75981FBDA5C274A9290576C3313B.d.2076322CFDD7422C652811C7971ED461.e.16325/click - {}
RESULT: {}
COMMAND: GET /session/343af6daf6fbc7ee30938bcb5a9c3885/screenshot - {}
RESULT: {}
COMMAND: POST /session/343af6daf6fbc7ee30938bcb5a9c3885/element - {"using":"xpath","value":"//bdi[contains(text(), \"Select\")]"}
RESULT: {"using":"xpath","value":"//bdi[contains(text(), \"Select\")]"}
COMMAND: POST /session/343af6daf6fbc7ee30938bcb5a9c3885/element/f.8C4C75981FBDA5C274A9290576C3313B.d.2076322CFDD7422C652811C7971ED461.e.16326/click - {}
RESULT: {}
COMMAND: GET /session/343af6daf6fbc7ee30938bcb5a9c3885/screenshot - {}
RESULT: {}
COMMAND: POST /session/343af6daf6fbc7ee30938bcb5a9c3885/element - {"using":"xpath","value":"//button[@data-kt=\"AddNewHOSaveButton\"]"}
RESULT: {"using":"xpath","value":"//button[@data-kt=\"AddNewHOSaveButton\"]"}
COMMAND: POST /session/343af6daf6fbc7ee30938bcb5a9c3885/element/f.8C4C75981FBDA5C274A9290576C3313B.d.2076322CFDD7422C652811C7971ED461.e.16330/click - {}
RESULT: {}
COMMAND: GET /session/343af6daf6fbc7ee30938bcb5a9c3885/screenshot - {}
RESULT: {}
COMMAND: POST /session/343af6daf6fbc7ee30938bcb5a9c3885/execute/async - {"script":"<script> [1562 bytes]","args":[{"selector":{"id":"receiptDatePicker","viewName":"etm.portal.ui.managehandovers.view.DetailExecuteHO","interaction":{"idSuffix":"inner"}},"wdio_ui5_key":"receiptDatePickeretmportal.ui.managehandovers.view.DetailExecuteHO"}]}
RESULT: {"script":"<script> [1562 bytes]","args":[{"selector":{"id":"receiptDatePicker","viewName":"etm.portal.ui.managehandovers.view.DetailExecuteHO","interaction":{"idSuffix":"inner"}},"wdio_ui5_key":"receiptDatePickeretmportal.ui.managehandovers.view.DetailExecuteHO"}]}
RESULT: undefined
COMMAND: POST /session/343af6daf6fbc7ee30938bcb5a9c3885/execute/async - {"script":"<script> [6424 bytes]","args":[{"element-6066-11e4-a52e-4f735466cecf":"f.8C4C75981FBDA5C274A9290576C3313B.d.2076322CFDD7422C652811C7971ED461.e.16362"},"setValue",["05/05/2025"]]}
RESULT: {"script":"<script> [6424 bytes]","args":[{"element-6066-11e4-a52e-4f735466cecf":"f.8C4C75981FBDA5C274A9290576C3313B.d.2076322CFDD7422C652811C7971ED461.e.16362"},"setValue",["05/05/2025"]]}
COMMAND: POST /session/343af6daf6fbc7ee30938bcb5a9c3885/element - {"using":"xpath","value":"//button[@data-kt=\"PickingTableConfirmAllButton\"]"}
RESULT: {"using":"xpath","value":"//button[@data-kt=\"PickingTableConfirmAllButton\"]"}
COMMAND: POST /session/343af6daf6fbc7ee30938bcb5a9c3885/element/f.8C4C75981FBDA5C274A9290576C3313B.d.2076322CFDD7422C652811C7971ED461.e.16377/click - {}
RESULT: {}
COMMAND: GET /session/343af6daf6fbc7ee30938bcb5a9c3885/screenshot - {}
RESULT: {}
COMMAND: POST /session/343af6daf6fbc7ee30938bcb5a9c3885/element - {"using":"xpath","value":"//bdi[contains(text(), \"OK\")]"}
RESULT: {"using":"xpath","value":"//bdi[contains(text(), \"OK\")]"}
COMMAND: POST /session/343af6daf6fbc7ee30938bcb5a9c3885/element/f.8C4C75981FBDA5C274A9290576C3313B.d.2076322CFDD7422C652811C7971ED461.e.16379/click - {}
RESULT: {}
COMMAND: GET /session/343af6daf6fbc7ee30938bcb5a9c3885/screenshot - {}
RESULT: {}
COMMAND: POST /session/343af6daf6fbc7ee30938bcb5a9c3885/element - {"using":"xpath","value":"(//bdi[contains(text(), \"Receive\")])[2]"}
RESULT: {"using":"xpath","value":"(//bdi[contains(text(), \"Receive\")])[2]"}
COMMAND: POST /session/343af6daf6fbc7ee30938bcb5a9c3885/element/f.8C4C75981FBDA5C274A9290576C3313B.d.2076322CFDD7422C652811C7971ED461.e.16381/click - {}
RESULT: {}
COMMAND: GET /session/343af6daf6fbc7ee30938bcb5a9c3885/screenshot - {}
RESULT: {}
COMMAND: POST /session/343af6daf6fbc7ee30938bcb5a9c3885/element - {"using":"css selector","value":"#shell-header-logo"}
RESULT: {"using":"css selector","value":"#shell-header-logo"}
COMMAND: POST /session/343af6daf6fbc7ee30938bcb5a9c3885/element/f.8C4C75981FBDA5C274A9290576C3313B.d.2076322CFDD7422C652811C7971ED461.e.15752/click - {}
RESULT: {}
COMMAND: GET /session/343af6daf6fbc7ee30938bcb5a9c3885/screenshot - {}
RESULT: {}
]]></system-out>
    </testcase>
    <testcase classname="chrome.135_0_7049_96.windows.Billing_Calculation_-_Time_based_(considering_transport_times)_US139738" name="Should create a new contract" time="56.597">
      <system-out><![CDATA[
COMMAND: POST /session/343af6daf6fbc7ee30938bcb5a9c3885/execute/async - {"script":"<script> [1562 bytes]","args":[{"selector":{"controlType":"sap.m.Text","viewName":"etm.portal.ui.managecontractstile.view.Master","properties":{"text":"Manage Contracts"},"interaction":{"idSuffix":"inner"}},"wdio_ui5_key":"etmportal.ui.managecontractstile.view.Mastersap.m.Text{\"text\":\"Manage Contracts\"}"}]}
RESULT: {"script":"<script> [1562 bytes]","args":[{"selector":{"controlType":"sap.m.Text","viewName":"etm.portal.ui.managecontractstile.view.Master","properties":{"text":"Manage Contracts"},"interaction":{"idSuffix":"inner"}},"wdio_ui5_key":"etmportal.ui.managecontractstile.view.Mastersap.m.Text{\"text\":\"Manage Contracts\"}"}]}
RESULT: undefined
COMMAND: POST /session/343af6daf6fbc7ee30938bcb5a9c3885/element - {"using":"xpath","value":"//*[@id=\"__tile130-title\"]"}
RESULT: {"using":"xpath","value":"//*[@id=\"__tile130-title\"]"}
COMMAND: POST /session/343af6daf6fbc7ee30938bcb5a9c3885/element/f.8C4C75981FBDA5C274A9290576C3313B.d.2076322CFDD7422C652811C7971ED461.e.16706/click - {}
RESULT: {}
COMMAND: GET /session/343af6daf6fbc7ee30938bcb5a9c3885/screenshot - {}
RESULT: {}
COMMAND: POST /session/343af6daf6fbc7ee30938bcb5a9c3885/element - {"using":"xpath","value":"//button[@data-kt=\"addButton\"]"}
RESULT: {"using":"xpath","value":"//button[@data-kt=\"addButton\"]"}
COMMAND: POST /session/343af6daf6fbc7ee30938bcb5a9c3885/elements - {"using":"xpath","value":"//button[@data-kt=\"addButton\"]"}
RESULT: {"using":"xpath","value":"//button[@data-kt=\"addButton\"]"}
COMMAND: POST /session/343af6daf6fbc7ee30938bcb5a9c3885/execute/sync - {"script":"<script> [8489 bytes]","args":[{"element-6066-11e4-a52e-4f735466cecf":"f.8C4C75981FBDA5C274A9290576C3313B.d.2076322CFDD7422C652811C7971ED461.e.16777","ELEMENT":"f.8C4C75981FBDA5C274A9290576C3313B.d.2076322CFDD7422C652811C7971ED461.e.16777"}]}
RESULT: {"script":"<script> [8489 bytes]","args":[{"element-6066-11e4-a52e-4f735466cecf":"f.8C4C75981FBDA5C274A9290576C3313B.d.2076322CFDD7422C652811C7971ED461.e.16777","ELEMENT":"f.8C4C75981FBDA5C274A9290576C3313B.d.2076322CFDD7422C652811C7971ED461.e.16777"}]}
COMMAND: GET /session/343af6daf6fbc7ee30938bcb5a9c3885/element/f.8C4C75981FBDA5C274A9290576C3313B.d.2076322CFDD7422C652811C7971ED461.e.16777/enabled - {}
COMMAND: GET /session/343af6daf6fbc7ee30938bcb5a9c3885/screenshot - {}
RESULT: {}
COMMAND: POST /session/343af6daf6fbc7ee30938bcb5a9c3885/execute/sync - {"script":"<script> [8489 bytes]","args":[{"element-6066-11e4-a52e-4f735466cecf":"f.8C4C75981FBDA5C274A9290576C3313B.d.2076322CFDD7422C652811C7971ED461.e.16777","ELEMENT":"f.8C4C75981FBDA5C274A9290576C3313B.d.2076322CFDD7422C652811C7971ED461.e.16777"}]}
COMMAND: GET /session/343af6daf6fbc7ee30938bcb5a9c3885/screenshot - {}
RESULT: {}
RESULT: {"script":"<script> [8489 bytes]","args":[{"element-6066-11e4-a52e-4f735466cecf":"f.8C4C75981FBDA5C274A9290576C3313B.d.2076322CFDD7422C652811C7971ED461.e.16777","ELEMENT":"f.8C4C75981FBDA5C274A9290576C3313B.d.2076322CFDD7422C652811C7971ED461.e.16777"}]}
COMMAND: POST /session/343af6daf6fbc7ee30938bcb5a9c3885/execute/sync - {"script":"<script> [5351 bytes]","args":[{"element-6066-11e4-a52e-4f735466cecf":"f.8C4C75981FBDA5C274A9290576C3313B.d.2076322CFDD7422C652811C7971ED461.e.16777","ELEMENT":"f.8C4C75981FBDA5C274A9290576C3313B.d.2076322CFDD7422C652811C7971ED461.e.16777"}]}
COMMAND: GET /session/343af6daf6fbc7ee30938bcb5a9c3885/screenshot - {}
RESULT: {}
RESULT: {"script":"<script> [5351 bytes]","args":[{"element-6066-11e4-a52e-4f735466cecf":"f.8C4C75981FBDA5C274A9290576C3313B.d.2076322CFDD7422C652811C7971ED461.e.16777","ELEMENT":"f.8C4C75981FBDA5C274A9290576C3313B.d.2076322CFDD7422C652811C7971ED461.e.16777"}]}
COMMAND: GET /session/343af6daf6fbc7ee30938bcb5a9c3885/screenshot - {}
RESULT: {}
RESULT: {}
COMMAND: POST /session/343af6daf6fbc7ee30938bcb5a9c3885/element/f.8C4C75981FBDA5C274A9290576C3313B.d.2076322CFDD7422C652811C7971ED461.e.16777/click - {}
RESULT: {}
COMMAND: GET /session/343af6daf6fbc7ee30938bcb5a9c3885/screenshot - {}
COMMAND: POST /session/343af6daf6fbc7ee30938bcb5a9c3885/execute/async - {"script":"<script> [1562 bytes]","args":[{"selector":{"id":"application-managecontracts-display-component---AddNewContract--projectDescription","interaction":{"idSuffix":"inner"}},"wdio_ui5_key":"applicationmanagecontracts-display-component---AddNewContract--projectDescription"}]}
RESULT: {}
RESULT: {"script":"<script> [1562 bytes]","args":[{"selector":{"id":"application-managecontracts-display-component---AddNewContract--projectDescription","interaction":{"idSuffix":"inner"}},"wdio_ui5_key":"applicationmanagecontracts-display-component---AddNewContract--projectDescription"}]}
RESULT: undefined
COMMAND: POST /session/343af6daf6fbc7ee30938bcb5a9c3885/execute/async - {"script":"<script> [776 bytes]","args":[{"enterText":"Contract WDIO","selector":{"id":"application-managecontracts-display-component---AddNewContract--projectDescription","interaction":{"idSuffix":"inner"}},"clearTextFirst":true,"interactionType":"ENTER_TEXT"}]}
RESULT: {"script":"<script> [776 bytes]","args":[{"enterText":"Contract WDIO","selector":{"id":"application-managecontracts-display-component---AddNewContract--projectDescription","interaction":{"idSuffix":"inner"}},"clearTextFirst":true,"interactionType":"ENTER_TEXT"}]}
COMMAND: POST /session/343af6daf6fbc7ee30938bcb5a9c3885/element - {"using":"xpath","value":"//input[@id=\"application-managecontracts-display-component---AddNewContract--site-inner\"]"}
RESULT: {"using":"xpath","value":"//input[@id=\"application-managecontracts-display-component---AddNewContract--site-inner\"]"}
COMMAND: POST /session/343af6daf6fbc7ee30938bcb5a9c3885/element/f.8C4C75981FBDA5C274A9290576C3313B.d.2076322CFDD7422C652811C7971ED461.e.17074/clear - {}
RESULT: {}
COMMAND: POST /session/343af6daf6fbc7ee30938bcb5a9c3885/element/f.8C4C75981FBDA5C274A9290576C3313B.d.2076322CFDD7422C652811C7971ED461.e.17074/value - {"text":"2429"}
COMMAND: GET /session/343af6daf6fbc7ee30938bcb5a9c3885/screenshot - {}
RESULT: {"text":"2429"}
COMMAND: GET /session/343af6daf6fbc7ee30938bcb5a9c3885/screenshot - {}
RESULT: {}
RESULT: {}
COMMAND: POST /session/343af6daf6fbc7ee30938bcb5a9c3885/element - {"using":"xpath","value":"//li[.//span[text()='2429']]"}
RESULT: {"using":"xpath","value":"//li[.//span[text()='2429']]"}
COMMAND: POST /session/343af6daf6fbc7ee30938bcb5a9c3885/element/f.8C4C75981FBDA5C274A9290576C3313B.d.2076322CFDD7422C652811C7971ED461.e.17098/click - {}
RESULT: {}
COMMAND: GET /session/343af6daf6fbc7ee30938bcb5a9c3885/screenshot - {}
RESULT: {}
COMMAND: POST /session/343af6daf6fbc7ee30938bcb5a9c3885/element - {"using":"xpath","value":"//input[@id=\"application-managecontracts-display-component---AddNewContract--yardId-inner\"]"}
RESULT: {"using":"xpath","value":"//input[@id=\"application-managecontracts-display-component---AddNewContract--yardId-inner\"]"}
COMMAND: GET /session/343af6daf6fbc7ee30938bcb5a9c3885/element/f.8C4C75981FBDA5C274A9290576C3313B.d.2076322CFDD7422C652811C7971ED461.e.17075/property/value - {}
RESULT: {}
COMMAND: POST /session/343af6daf6fbc7ee30938bcb5a9c3885/element - {"using":"xpath","value":"//input[@id=\"application-managecontracts-display-component---AddNewContract--customerSelect-inner\"]"}
COMMAND: GET /session/343af6daf6fbc7ee30938bcb5a9c3885/screenshot - {}
RESULT: {"using":"xpath","value":"//input[@id=\"application-managecontracts-display-component---AddNewContract--customerSelect-inner\"]"}
COMMAND: POST /session/343af6daf6fbc7ee30938bcb5a9c3885/element/f.8C4C75981FBDA5C274A9290576C3313B.d.2076322CFDD7422C652811C7971ED461.e.17073/clear - {}
RESULT: {}
RESULT: {}
COMMAND: POST /session/343af6daf6fbc7ee30938bcb5a9c3885/element/f.8C4C75981FBDA5C274A9290576C3313B.d.2076322CFDD7422C652811C7971ED461.e.17073/value - {"text":"1468"}
COMMAND: GET /session/343af6daf6fbc7ee30938bcb5a9c3885/screenshot - {}
RESULT: {"text":"1468"}
COMMAND: GET /session/343af6daf6fbc7ee30938bcb5a9c3885/screenshot - {}
RESULT: {}
RESULT: {}
COMMAND: POST /session/343af6daf6fbc7ee30938bcb5a9c3885/element - {"using":"xpath","value":"//li[.//span[text()='1468']]"}
RESULT: {"using":"xpath","value":"//li[.//span[text()='1468']]"}
COMMAND: POST /session/343af6daf6fbc7ee30938bcb5a9c3885/element/f.8C4C75981FBDA5C274A9290576C3313B.d.2076322CFDD7422C652811C7971ED461.e.17101/click - {}
RESULT: {}
COMMAND: GET /session/343af6daf6fbc7ee30938bcb5a9c3885/screenshot - {}
RESULT: {}
COMMAND: POST /session/343af6daf6fbc7ee30938bcb5a9c3885/element - {"using":"xpath","value":"//button[@data-kt=\"saveButton\"]"}
RESULT: {"using":"xpath","value":"//button[@data-kt=\"saveButton\"]"}
COMMAND: POST /session/343af6daf6fbc7ee30938bcb5a9c3885/element/f.8C4C75981FBDA5C274A9290576C3313B.d.2076322CFDD7422C652811C7971ED461.e.17091/click - {}
RESULT: {}
COMMAND: GET /session/343af6daf6fbc7ee30938bcb5a9c3885/screenshot - {}
RESULT: {}
COMMAND: POST /session/343af6daf6fbc7ee30938bcb5a9c3885/element - {"using":"xpath","value":"//span[contains(@id ,\"contractDetailTitleNoExpanded\")]"}
RESULT: {"using":"xpath","value":"//span[contains(@id ,\"contractDetailTitleNoExpanded\")]"}
COMMAND: POST /session/343af6daf6fbc7ee30938bcb5a9c3885/elements - {"using":"xpath","value":"//span[contains(@id ,\"contractDetailTitleNoExpanded\")]"}
RESULT: {"using":"xpath","value":"//span[contains(@id ,\"contractDetailTitleNoExpanded\")]"}
COMMAND: POST /session/343af6daf6fbc7ee30938bcb5a9c3885/execute/sync - {"script":"<script> [56 bytes]","args":[{"element-6066-11e4-a52e-4f735466cecf":"f.8C4C75981FBDA5C274A9290576C3313B.d.2076322CFDD7422C652811C7971ED461.e.17173","ELEMENT":"f.8C4C75981FBDA5C274A9290576C3313B.d.2076322CFDD7422C652811C7971ED461.e.17173"}]}
RESULT: {"script":"<script> [56 bytes]","args":[{"element-6066-11e4-a52e-4f735466cecf":"f.8C4C75981FBDA5C274A9290576C3313B.d.2076322CFDD7422C652811C7971ED461.e.17173","ELEMENT":"f.8C4C75981FBDA5C274A9290576C3313B.d.2076322CFDD7422C652811C7971ED461.e.17173"}]}
COMMAND: GET /session/343af6daf6fbc7ee30938bcb5a9c3885/screenshot - {}
RESULT: {}
]]></system-out>
    </testcase>
    <testcase classname="chrome.135_0_7049_96.windows.Billing_Calculation_-_Time_based_(considering_transport_times)_US139738" name="Should add transport time checkbox on contract details" time="16.188">
      <system-out><![CDATA[
COMMAND: POST /session/343af6daf6fbc7ee30938bcb5a9c3885/element - {"using":"xpath","value":"//button[@data-kt=\"contractDetailEditBtnButton\"]"}
RESULT: {"using":"xpath","value":"//button[@data-kt=\"contractDetailEditBtnButton\"]"}
COMMAND: POST /session/343af6daf6fbc7ee30938bcb5a9c3885/element/f.8C4C75981FBDA5C274A9290576C3313B.d.2076322CFDD7422C652811C7971ED461.e.17175/click - {}
RESULT: {}
COMMAND: GET /session/343af6daf6fbc7ee30938bcb5a9c3885/screenshot - {}
RESULT: {}
COMMAND: POST /session/343af6daf6fbc7ee30938bcb5a9c3885/element - {"using":"xpath","value":"(//span[contains(text(), \"Contract Billing\")])[2]"}
RESULT: {"using":"xpath","value":"(//span[contains(text(), \"Contract Billing\")])[2]"}
COMMAND: POST /session/343af6daf6fbc7ee30938bcb5a9c3885/element/f.8C4C75981FBDA5C274A9290576C3313B.d.2076322CFDD7422C652811C7971ED461.e.17229/click - {}
RESULT: {}
COMMAND: GET /session/343af6daf6fbc7ee30938bcb5a9c3885/screenshot - {}
RESULT: {}
COMMAND: POST /session/343af6daf6fbc7ee30938bcb5a9c3885/element - {"using":"xpath","value":"(//div[contains(@id, \"transportTimesBilled-CbBg\")])"}
RESULT: {"using":"xpath","value":"(//div[contains(@id, \"transportTimesBilled-CbBg\")])"}
COMMAND: POST /session/343af6daf6fbc7ee30938bcb5a9c3885/element/f.8C4C75981FBDA5C274A9290576C3313B.d.2076322CFDD7422C652811C7971ED461.e.17261/click - {}
RESULT: {}
COMMAND: GET /session/343af6daf6fbc7ee30938bcb5a9c3885/screenshot - {}
RESULT: {}
COMMAND: POST /session/343af6daf6fbc7ee30938bcb5a9c3885/element - {"using":"xpath","value":"(//button[@data-kt=\"saveButton\"])[2]"}
RESULT: {"using":"xpath","value":"(//button[@data-kt=\"saveButton\"])[2]"}
COMMAND: POST /session/343af6daf6fbc7ee30938bcb5a9c3885/element/f.8C4C75981FBDA5C274A9290576C3313B.d.2076322CFDD7422C652811C7971ED461.e.17262/click - {}
RESULT: {}
COMMAND: GET /session/343af6daf6fbc7ee30938bcb5a9c3885/screenshot - {}
RESULT: {}
]]></system-out>
    </testcase>
    <testcase classname="chrome.135_0_7049_96.windows.Billing_Calculation_-_Time_based_(considering_transport_times)_US139738" name="Should add created equipment to contract" time="47.864">
      <system-out><![CDATA[
COMMAND: POST /session/343af6daf6fbc7ee30938bcb5a9c3885/element - {"using":"xpath","value":"//button[@data-kt=\"contractDetailEditBtnButton\"]"}
RESULT: {"using":"xpath","value":"//button[@data-kt=\"contractDetailEditBtnButton\"]"}
COMMAND: POST /session/343af6daf6fbc7ee30938bcb5a9c3885/element/f.8C4C75981FBDA5C274A9290576C3313B.d.2076322CFDD7422C652811C7971ED461.e.17175/click - {}
RESULT: {}
COMMAND: GET /session/343af6daf6fbc7ee30938bcb5a9c3885/screenshot - {}
RESULT: {}
COMMAND: POST /session/343af6daf6fbc7ee30938bcb5a9c3885/element - {"using":"xpath","value":"(//span[contains(text(), \"Additional Addresses\")])[2]"}
RESULT: {"using":"xpath","value":"(//span[contains(text(), \"Additional Addresses\")])[2]"}
COMMAND: POST /session/343af6daf6fbc7ee30938bcb5a9c3885/element/f.8C4C75981FBDA5C274A9290576C3313B.d.2076322CFDD7422C652811C7971ED461.e.17280/click - {}
RESULT: {}
COMMAND: GET /session/343af6daf6fbc7ee30938bcb5a9c3885/screenshot - {}
RESULT: {}
COMMAND: POST /session/343af6daf6fbc7ee30938bcb5a9c3885/element - {"using":"xpath","value":"//button[@data-kt=\"btnAddTableRowOverflowToolbarButton\"]"}
RESULT: {"using":"xpath","value":"//button[@data-kt=\"btnAddTableRowOverflowToolbarButton\"]"}
COMMAND: POST /session/343af6daf6fbc7ee30938bcb5a9c3885/element/f.8C4C75981FBDA5C274A9290576C3313B.d.2076322CFDD7422C652811C7971ED461.e.17283/click - {}
RESULT: {}
COMMAND: GET /session/343af6daf6fbc7ee30938bcb5a9c3885/screenshot - {}
RESULT: {}
COMMAND: POST /session/343af6daf6fbc7ee30938bcb5a9c3885/element - {"using":"xpath","value":"//div[(text() = 'Standard Entry' or . = 'Standard Entry')]"}
RESULT: {"using":"xpath","value":"//div[(text() = 'Standard Entry' or . = 'Standard Entry')]"}
COMMAND: POST /session/343af6daf6fbc7ee30938bcb5a9c3885/element/f.8C4C75981FBDA5C274A9290576C3313B.d.2076322CFDD7422C652811C7971ED461.e.17285/click - {}
RESULT: {}
COMMAND: GET /session/343af6daf6fbc7ee30938bcb5a9c3885/screenshot - {}
RESULT: {}
COMMAND: POST /session/343af6daf6fbc7ee30938bcb5a9c3885/element - {"using":"xpath","value":"//td[7]/div/div/input"}
RESULT: {"using":"xpath","value":"//td[7]/div/div/input"}
COMMAND: POST /session/343af6daf6fbc7ee30938bcb5a9c3885/element/f.8C4C75981FBDA5C274A9290576C3313B.d.2076322CFDD7422C652811C7971ED461.e.17294/clear - {}
RESULT: {}
COMMAND: POST /session/343af6daf6fbc7ee30938bcb5a9c3885/element/f.8C4C75981FBDA5C274A9290576C3313B.d.2076322CFDD7422C652811C7971ED461.e.17294/value - {"text":"D85brGedea"}
COMMAND: GET /session/343af6daf6fbc7ee30938bcb5a9c3885/screenshot - {}
RESULT: {"text":"D85brGedea"}
COMMAND: GET /session/343af6daf6fbc7ee30938bcb5a9c3885/screenshot - {}
RESULT: {}
RESULT: {}
COMMAND: POST /session/343af6daf6fbc7ee30938bcb5a9c3885/actions - {"actions":[{"id":"action57","type":"key","parameters":{},"actions":[{"type":"keyDown","value":"î€‡"},{"type":"pause","duration":10},{"type":"keyUp","value":"î€‡"}]}]}
RESULT: {"actions":[{"id":"action57","type":"key","parameters":{},"actions":[{"type":"keyDown","value":"î€‡"},{"type":"pause","duration":10},{"type":"keyUp","value":"î€‡"}]}]}
COMMAND: GET /session/343af6daf6fbc7ee30938bcb5a9c3885/screenshot - {}
RESULT: {}
COMMAND: POST /session/343af6daf6fbc7ee30938bcb5a9c3885/execute/sync - {"script":"<script> [276 bytes]","args":["No pricing information was found"]}
RESULT: {"script":"<script> [276 bytes]","args":["No pricing information was found"]}
COMMAND: POST /session/343af6daf6fbc7ee30938bcb5a9c3885/element - {"using":"xpath","value":"(//button[@data-kt=\"saveButton\"])[2]"}
COMMAND: GET /session/343af6daf6fbc7ee30938bcb5a9c3885/screenshot - {}
RESULT: {"using":"xpath","value":"(//button[@data-kt=\"saveButton\"])[2]"}
COMMAND: POST /session/343af6daf6fbc7ee30938bcb5a9c3885/element/f.8C4C75981FBDA5C274A9290576C3313B.d.2076322CFDD7422C652811C7971ED461.e.17262/click - {}
RESULT: {}
RESULT: {}
COMMAND: GET /session/343af6daf6fbc7ee30938bcb5a9c3885/screenshot - {}
RESULT: {}
COMMAND: POST /session/343af6daf6fbc7ee30938bcb5a9c3885/execute/sync - {"script":"<script> [276 bytes]","args":["Some contract items are having rental validity exceeding header rental validity"]}
RESULT: {"script":"<script> [276 bytes]","args":["Some contract items are having rental validity exceeding header rental validity"]}
COMMAND: GET /session/343af6daf6fbc7ee30938bcb5a9c3885/screenshot - {}
RESULT: {}
COMMAND: POST /session/343af6daf6fbc7ee30938bcb5a9c3885/element - {"using":"xpath","value":"//span[contains(@id ,\"contractItemsSmartTable-header-inner\")]"}
RESULT: {"using":"xpath","value":"//span[contains(@id ,\"contractItemsSmartTable-header-inner\")]"}
COMMAND: POST /session/343af6daf6fbc7ee30938bcb5a9c3885/elements - {"using":"xpath","value":"//span[contains(@id ,\"contractItemsSmartTable-header-inner\")]"}
RESULT: {"using":"xpath","value":"//span[contains(@id ,\"contractItemsSmartTable-header-inner\")]"}
COMMAND: POST /session/343af6daf6fbc7ee30938bcb5a9c3885/execute/sync - {"script":"<script> [56 bytes]","args":[{"element-6066-11e4-a52e-4f735466cecf":"f.8C4C75981FBDA5C274A9290576C3313B.d.2076322CFDD7422C652811C7971ED461.e.17313","ELEMENT":"f.8C4C75981FBDA5C274A9290576C3313B.d.2076322CFDD7422C652811C7971ED461.e.17313"}]}
RESULT: {"script":"<script> [56 bytes]","args":[{"element-6066-11e4-a52e-4f735466cecf":"f.8C4C75981FBDA5C274A9290576C3313B.d.2076322CFDD7422C652811C7971ED461.e.17313","ELEMENT":"f.8C4C75981FBDA5C274A9290576C3313B.d.2076322CFDD7422C652811C7971ED461.e.17313"}]}
]]></system-out>
    </testcase>
    <testcase classname="chrome.135_0_7049_96.windows.Billing_Calculation_-_Time_based_(considering_transport_times)_US139738" name="Should do a provide to site 2 step" time="121.882">
      <system-out><![CDATA[
COMMAND: POST /session/343af6daf6fbc7ee30938bcb5a9c3885/element - {"using":"xpath","value":"//button[@data-kt=\"provideButton\"]"}
COMMAND: GET /session/343af6daf6fbc7ee30938bcb5a9c3885/screenshot - {}
RESULT: {"using":"xpath","value":"//button[@data-kt=\"provideButton\"]"}
COMMAND: POST /session/343af6daf6fbc7ee30938bcb5a9c3885/element/f.8C4C75981FBDA5C274A9290576C3313B.d.2076322CFDD7422C652811C7971ED461.e.17314/click - {}
RESULT: {}
RESULT: {}
COMMAND: GET /session/343af6daf6fbc7ee30938bcb5a9c3885/screenshot - {}
RESULT: {}
COMMAND: POST /session/343af6daf6fbc7ee30938bcb5a9c3885/element - {"using":"xpath","value":"(//div[contains(@id, \"application-managehandovers-display-component---AddNewHO--oneStep-CbBg\")])"}
RESULT: {"using":"xpath","value":"(//div[contains(@id, \"application-managehandovers-display-component---AddNewHO--oneStep-CbBg\")])"}
COMMAND: POST /session/343af6daf6fbc7ee30938bcb5a9c3885/element - {"using":"xpath","value":"(//div[contains(@id, \"application-managehandovers-display-component---AddNewHO--oneStep-CbBg\")])/input"}
RESULT: {"using":"xpath","value":"(//div[contains(@id, \"application-managehandovers-display-component---AddNewHO--oneStep-CbBg\")])/input"}
COMMAND: GET /session/343af6daf6fbc7ee30938bcb5a9c3885/element/f.8C4C75981FBDA5C274A9290576C3313B.d.2076322CFDD7422C652811C7971ED461.e.17375/attribute/checked - {}
RESULT: {}
RESULT: undefined
COMMAND: POST /session/343af6daf6fbc7ee30938bcb5a9c3885/execute/async - {"script":"<script> [6424 bytes]","args":[{"element-6066-11e4-a52e-4f735466cecf":"f.8C4C75981FBDA5C274A9290576C3313B.d.2076322CFDD7422C652811C7971ED461.e.16144"},"setValue",["05/05/2025"]]}
COMMAND: POST /session/343af6daf6fbc7ee30938bcb5a9c3885/element/f.8C4C75981FBDA5C274A9290576C3313B.d.2076322CFDD7422C652811C7971ED461.e.17622/click - {}
RESULT: {}
COMMAND: GET /session/343af6daf6fbc7ee30938bcb5a9c3885/screenshot - {}
COMMAND: POST /session/343af6daf6fbc7ee30938bcb5a9c3885/execute/async - {"script":"<script> [1562 bytes]","args":[{"selector":{"id":"application-managehandovers-display-component---AddNewHO--dueDate","interaction":{"idSuffix":"inner"}},"wdio_ui5_key":"applicationmanagehandovers-display-component---AddNewHO--dueDate"}]}
RESULT: {}
RESULT: {"script":"<script> [1562 bytes]","args":[{"selector":{"id":"application-managehandovers-display-component---AddNewHO--dueDate","interaction":{"idSuffix":"inner"}},"wdio_ui5_key":"applicationmanagehandovers-display-component---AddNewHO--dueDate"}]}
COMMAND: POST /session/343af6daf6fbc7ee30938bcb5a9c3885/execute/async - {"script":"<script> [6424 bytes]","args":[{"element-6066-11e4-a52e-4f735466cecf":"f.8C4C75981FBDA5C274A9290576C3313B.d.2076322CFDD7422C652811C7971ED461.e.17371"},"setValue",["05/05/2025"]]}
RESULT: {"script":"<script> [6424 bytes]","args":[{"element-6066-11e4-a52e-4f735466cecf":"f.8C4C75981FBDA5C274A9290576C3313B.d.2076322CFDD7422C652811C7971ED461.e.17371"},"setValue",["05/05/2025"]]}
COMMAND: POST /session/343af6daf6fbc7ee30938bcb5a9c3885/element - {"using":"xpath","value":"//bdi[contains(text(), \"Instructions\")]"}
RESULT: {"using":"xpath","value":"//bdi[contains(text(), \"Instructions\")]"}
COMMAND: POST /session/343af6daf6fbc7ee30938bcb5a9c3885/element/f.8C4C75981FBDA5C274A9290576C3313B.d.2076322CFDD7422C652811C7971ED461.e.17624/click - {}
RESULT: {}
COMMAND: GET /session/343af6daf6fbc7ee30938bcb5a9c3885/screenshot - {}
RESULT: {}
COMMAND: POST /session/343af6daf6fbc7ee30938bcb5a9c3885/element - {"using":"xpath","value":"//button[@data-kt=\"AddNewHOProvideAddItemsButton\"]"}
RESULT: {"using":"xpath","value":"//button[@data-kt=\"AddNewHOProvideAddItemsButton\"]"}
COMMAND: POST /session/343af6daf6fbc7ee30938bcb5a9c3885/element/f.8C4C75981FBDA5C274A9290576C3313B.d.2076322CFDD7422C652811C7971ED461.e.17628/click - {}
RESULT: {}
COMMAND: GET /session/343af6daf6fbc7ee30938bcb5a9c3885/screenshot - {}
RESULT: {}
RESULT: undefined
COMMAND: POST /session/343af6daf6fbc7ee30938bcb5a9c3885/element - {"using":"xpath","value":"//*[@id=\"application-managehandovers-display-component---AddNewHO--popup-sa\"]"}
RESULT: {"using":"xpath","value":"//*[@id=\"application-managehandovers-display-component---AddNewHO--popup-sa\"]"}
COMMAND: POST /session/343af6daf6fbc7ee30938bcb5a9c3885/element/f.8C4C75981FBDA5C274A9290576C3313B.d.2076322CFDD7422C652811C7971ED461.e.17637/click - {}
RESULT: {}
COMMAND: GET /session/343af6daf6fbc7ee30938bcb5a9c3885/screenshot - {}
RESULT: {}
COMMAND: POST /session/343af6daf6fbc7ee30938bcb5a9c3885/element - {"using":"xpath","value":"//*[contains(@id ,\"BDI-content\")][contains(text(), \"Select\")]"}
RESULT: {"using":"xpath","value":"//*[contains(@id ,\"BDI-content\")][contains(text(), \"Select\")]"}
COMMAND: POST /session/343af6daf6fbc7ee30938bcb5a9c3885/element/f.8C4C75981FBDA5C274A9290576C3313B.d.2076322CFDD7422C652811C7971ED461.e.17639/click - {}
RESULT: {}
COMMAND: GET /session/343af6daf6fbc7ee30938bcb5a9c3885/screenshot - {}
RESULT: {}
COMMAND: POST /session/343af6daf6fbc7ee30938bcb5a9c3885/execute/async - {"script":"<script> [1562 bytes]","args":[{"selector":{"id":"application-managehandovers-display-component---AddNewHO--confirmCreationButton","interaction":{"idSuffix":"BDI-content"}},"wdio_ui5_key":"applicationmanagehandovers-display-component---AddNewHO--confirmCreationButton"}]}
RESULT: {"script":"<script> [1562 bytes]","args":[{"selector":{"id":"application-managehandovers-display-component---AddNewHO--confirmCreationButton","interaction":{"idSuffix":"BDI-content"}},"wdio_ui5_key":"applicationmanagehandovers-display-component---AddNewHO--confirmCreationButton"}]}
RESULT: undefined
COMMAND: POST /session/343af6daf6fbc7ee30938bcb5a9c3885/element - {"using":"xpath","value":"//*[@id=\"application-managehandovers-display-component---AddNewHO--confirmCreationButton\"]"}
RESULT: {"using":"xpath","value":"//*[@id=\"application-managehandovers-display-component---AddNewHO--confirmCreationButton\"]"}
COMMAND: POST /session/343af6daf6fbc7ee30938bcb5a9c3885/element/f.8C4C75981FBDA5C274A9290576C3313B.d.2076322CFDD7422C652811C7971ED461.e.17451/click - {}
RESULT: {}
COMMAND: GET /session/343af6daf6fbc7ee30938bcb5a9c3885/screenshot - {}
RESULT: {}
COMMAND: POST /session/343af6daf6fbc7ee30938bcb5a9c3885/element - {"using":"xpath","value":"//button[@data-kt=\"PickingTableConfirmAllButton\"]"}
RESULT: {"using":"xpath","value":"//button[@data-kt=\"PickingTableConfirmAllButton\"]"}
COMMAND: POST /session/343af6daf6fbc7ee30938bcb5a9c3885/element/f.8C4C75981FBDA5C274A9290576C3313B.d.2076322CFDD7422C652811C7971ED461.e.17676/click - {}
COMMAND: POST /session/343af6daf6fbc7ee30938bcb5a9c3885/element - {"using":"xpath","value":"//button[@data-kt=\"PickingTableConfirmAllButton\"]"}
RESULT: {"using":"xpath","value":"//button[@data-kt=\"PickingTableConfirmAllButton\"]"}
COMMAND: POST /session/343af6daf6fbc7ee30938bcb5a9c3885/element/f.8C4C75981FBDA5C274A9290576C3313B.d.2076322CFDD7422C652811C7971ED461.e.17676/click - {}
COMMAND: POST /session/343af6daf6fbc7ee30938bcb5a9c3885/element - {"using":"xpath","value":"//button[@data-kt=\"PickingTableConfirmAllButton\"]"}
RESULT: {"using":"xpath","value":"//button[@data-kt=\"PickingTableConfirmAllButton\"]"}
COMMAND: POST /session/343af6daf6fbc7ee30938bcb5a9c3885/element/f.8C4C75981FBDA5C274A9290576C3313B.d.2076322CFDD7422C652811C7971ED461.e.17696/click - {}
RESULT: {}
COMMAND: GET /session/343af6daf6fbc7ee30938bcb5a9c3885/screenshot - {}
RESULT: {}
COMMAND: POST /session/343af6daf6fbc7ee30938bcb5a9c3885/element - {"using":"xpath","value":"//bdi[contains(text(), \"OK\")]"}
RESULT: {"using":"xpath","value":"//bdi[contains(text(), \"OK\")]"}
COMMAND: POST /session/343af6daf6fbc7ee30938bcb5a9c3885/element/f.8C4C75981FBDA5C274A9290576C3313B.d.2076322CFDD7422C652811C7971ED461.e.17701/click - {}
RESULT: {}
COMMAND: GET /session/343af6daf6fbc7ee30938bcb5a9c3885/screenshot - {}
RESULT: {}
COMMAND: POST /session/343af6daf6fbc7ee30938bcb5a9c3885/element - {"using":"xpath","value":"//button[@data-kt=\"execHoPickButton\"]"}
RESULT: {"using":"xpath","value":"//button[@data-kt=\"execHoPickButton\"]"}
COMMAND: POST /session/343af6daf6fbc7ee30938bcb5a9c3885/element/f.8C4C75981FBDA5C274A9290576C3313B.d.2076322CFDD7422C652811C7971ED461.e.17703/click - {}
RESULT: {}
COMMAND: GET /session/343af6daf6fbc7ee30938bcb5a9c3885/screenshot - {}
RESULT: {}
COMMAND: POST /session/343af6daf6fbc7ee30938bcb5a9c3885/element - {"using":"xpath","value":"//span[contains(@id ,\"filterItemControl_BASIC-RECEIVE_CONTRACT-vhi\")]"}
RESULT: {"using":"xpath","value":"//span[contains(@id ,\"filterItemControl_BASIC-RECEIVE_CONTRACT-vhi\")]"}
COMMAND: POST /session/343af6daf6fbc7ee30938bcb5a9c3885/element/f.8C4C75981FBDA5C274A9290576C3313B.d.2076322CFDD7422C652811C7971ED461.e.17877/click - {}
RESULT: {}
COMMAND: GET /session/343af6daf6fbc7ee30938bcb5a9c3885/screenshot - {}
RESULT: {}
COMMAND: POST /session/343af6daf6fbc7ee30938bcb5a9c3885/execute/async - {"script":"<script> [1562 bytes]","args":[{"selector":{"controlType":"sap.m.SearchField","viewName":"etm.portal.ui.managehandovers.view.MasterHO","bindingPath":{"path":"","propertyPath":"/_BASIC_SEARCH_FIELD","modelName":"fi1t3rM0d31"},"searchOpenDialogs":true,"interaction":{"idSuffix":"I"}},"wdio_ui5_key":"etmportal.ui.managehandovers.view.MasterHOsap.m.SearchField{\"path\":\"\",\"propertyPath\":\"/_BASIC_SEARCH_FIELD\",\"modelName\":\"fi1t3rM0d31\"}"}]}
RESULT: {"script":"<script> [1562 bytes]","args":[{"selector":{"controlType":"sap.m.SearchField","viewName":"etm.portal.ui.managehandovers.view.MasterHO","bindingPath":{"path":"","propertyPath":"/_BASIC_SEARCH_FIELD","modelName":"fi1t3rM0d31"},"searchOpenDialogs":true,"interaction":{"idSuffix":"I"}},"wdio_ui5_key":"etmportal.ui.managehandovers.view.MasterHOsap.m.SearchField{\"path\":\"\",\"propertyPath\":\"/_BASIC_SEARCH_FIELD\",\"modelName\":\"fi1t3rM0d31\"}"}]}
RESULT: undefined
COMMAND: POST /session/343af6daf6fbc7ee30938bcb5a9c3885/execute/async - {"script":"<script> [776 bytes]","args":[{"enterText":"10549","selector":{"controlType":"sap.m.SearchField","viewName":"etm.portal.ui.managehandovers.view.MasterHO","bindingPath":{"path":"","propertyPath":"/_BASIC_SEARCH_FIELD","modelName":"fi1t3rM0d31"},"searchOpenDialogs":true,"interaction":{"idSuffix":"I"}},"clearTextFirst":true,"interactionType":"ENTER_TEXT"}]}
RESULT: {"script":"<script> [776 bytes]","args":[{"enterText":"10549","selector":{"controlType":"sap.m.SearchField","viewName":"etm.portal.ui.managehandovers.view.MasterHO","bindingPath":{"path":"","propertyPath":"/_BASIC_SEARCH_FIELD","modelName":"fi1t3rM0d31"},"searchOpenDialogs":true,"interaction":{"idSuffix":"I"}},"clearTextFirst":true,"interactionType":"ENTER_TEXT"}]}
COMMAND: POST /session/343af6daf6fbc7ee30938bcb5a9c3885/actions - {"actions":[{"id":"action58","type":"key","parameters":{},"actions":[{"type":"keyDown","value":"î€‡"},{"type":"pause","duration":10},{"type":"keyUp","value":"î€‡"}]}]}
RESULT: {"actions":[{"id":"action58","type":"key","parameters":{},"actions":[{"type":"keyDown","value":"î€‡"},{"type":"pause","duration":10},{"type":"keyUp","value":"î€‡"}]}]}
COMMAND: GET /session/343af6daf6fbc7ee30938bcb5a9c3885/screenshot - {}
RESULT: {}
COMMAND: POST /session/343af6daf6fbc7ee30938bcb5a9c3885/element - {"using":"xpath","value":"//div[contains(@id, 'filterItemControl_BASIC-RECEIVE_CONTRACT-valueHelpDialog-table-rowsel0')]"}
RESULT: {"using":"xpath","value":"//div[contains(@id, 'filterItemControl_BASIC-RECEIVE_CONTRACT-valueHelpDialog-table-rowsel0')]"}
COMMAND: POST /session/343af6daf6fbc7ee30938bcb5a9c3885/element/f.8C4C75981FBDA5C274A9290576C3313B.d.2076322CFDD7422C652811C7971ED461.e.17886/click - {}
RESULT: {}
COMMAND: GET /session/343af6daf6fbc7ee30938bcb5a9c3885/screenshot - {}
RESULT: {}
COMMAND: POST /session/343af6daf6fbc7ee30938bcb5a9c3885/element - {"using":"xpath","value":"//bdi[contains(text(), \"OK\")]"}
RESULT: {"using":"xpath","value":"//bdi[contains(text(), \"OK\")]"}
COMMAND: POST /session/343af6daf6fbc7ee30938bcb5a9c3885/element/f.8C4C75981FBDA5C274A9290576C3313B.d.2076322CFDD7422C652811C7971ED461.e.17888/click - {}
RESULT: {}
COMMAND: GET /session/343af6daf6fbc7ee30938bcb5a9c3885/screenshot - {}
RESULT: {}
COMMAND: POST /session/343af6daf6fbc7ee30938bcb5a9c3885/element - {"using":"xpath","value":"//span[contains(@id, \"smartTable-header-inner\")]"}
RESULT: {"using":"xpath","value":"//span[contains(@id, \"smartTable-header-inner\")]"}
COMMAND: POST /session/343af6daf6fbc7ee30938bcb5a9c3885/elements - {"using":"xpath","value":"//span[contains(@id, \"smartTable-header-inner\")]"}
RESULT: {"using":"xpath","value":"//span[contains(@id, \"smartTable-header-inner\")]"}
COMMAND: POST /session/343af6daf6fbc7ee30938bcb5a9c3885/execute/sync - {"script":"<script> [56 bytes]","args":[{"element-6066-11e4-a52e-4f735466cecf":"f.8C4C75981FBDA5C274A9290576C3313B.d.2076322CFDD7422C652811C7971ED461.e.17917","ELEMENT":"f.8C4C75981FBDA5C274A9290576C3313B.d.2076322CFDD7422C652811C7971ED461.e.17917"}]}
RESULT: {"script":"<script> [56 bytes]","args":[{"element-6066-11e4-a52e-4f735466cecf":"f.8C4C75981FBDA5C274A9290576C3313B.d.2076322CFDD7422C652811C7971ED461.e.17917","ELEMENT":"f.8C4C75981FBDA5C274A9290576C3313B.d.2076322CFDD7422C652811C7971ED461.e.17917"}]}
COMMAND: POST /session/343af6daf6fbc7ee30938bcb5a9c3885/element - {"using":"xpath","value":"//table[contains(@id, \"customHandovers\")]//tbody/tr[1]/td[2]/span"}
COMMAND: GET /session/343af6daf6fbc7ee30938bcb5a9c3885/screenshot - {}
RESULT: {"using":"xpath","value":"//table[contains(@id, \"customHandovers\")]//tbody/tr[1]/td[2]/span"}
COMMAND: POST /session/343af6daf6fbc7ee30938bcb5a9c3885/execute/sync - {"script":"<script> [56 bytes]","args":[{"element-6066-11e4-a52e-4f735466cecf":"f.8C4C75981FBDA5C274A9290576C3313B.d.2076322CFDD7422C652811C7971ED461.e.17918","ELEMENT":"f.8C4C75981FBDA5C274A9290576C3313B.d.2076322CFDD7422C652811C7971ED461.e.17918"}]}
RESULT: {}
RESULT: {"script":"<script> [56 bytes]","args":[{"element-6066-11e4-a52e-4f735466cecf":"f.8C4C75981FBDA5C274A9290576C3313B.d.2076322CFDD7422C652811C7971ED461.e.17918","ELEMENT":"f.8C4C75981FBDA5C274A9290576C3313B.d.2076322CFDD7422C652811C7971ED461.e.17918"}]}
COMMAND: POST /session/343af6daf6fbc7ee30938bcb5a9c3885/element - {"using":"xpath","value":"(//span[contains(@id, \"imgNav\")])[1]"}
COMMAND: GET /session/343af6daf6fbc7ee30938bcb5a9c3885/screenshot - {}
RESULT: {"using":"xpath","value":"(//span[contains(@id, \"imgNav\")])[1]"}
COMMAND: POST /session/343af6daf6fbc7ee30938bcb5a9c3885/element/f.8C4C75981FBDA5C274A9290576C3313B.d.2076322CFDD7422C652811C7971ED461.e.17915/click - {}
RESULT: {}
RESULT: {}
COMMAND: GET /session/343af6daf6fbc7ee30938bcb5a9c3885/screenshot - {}
RESULT: {}
COMMAND: POST /session/343af6daf6fbc7ee30938bcb5a9c3885/element - {"using":"xpath","value":"//button[@data-kt=\"PickingTableConfirmAllButton\"]"}
RESULT: {"using":"xpath","value":"//button[@data-kt=\"PickingTableConfirmAllButton\"]"}
COMMAND: POST /session/343af6daf6fbc7ee30938bcb5a9c3885/element/f.8C4C75981FBDA5C274A9290576C3313B.d.2076322CFDD7422C652811C7971ED461.e.17936/click - {}
RESULT: {}
COMMAND: GET /session/343af6daf6fbc7ee30938bcb5a9c3885/screenshot - {}
RESULT: {}
COMMAND: POST /session/343af6daf6fbc7ee30938bcb5a9c3885/element - {"using":"xpath","value":"//bdi[contains(text(), \"OK\")]"}
RESULT: {"using":"xpath","value":"//bdi[contains(text(), \"OK\")]"}
COMMAND: POST /session/343af6daf6fbc7ee30938bcb5a9c3885/element/f.8C4C75981FBDA5C274A9290576C3313B.d.2076322CFDD7422C652811C7971ED461.e.17963/click - {}
RESULT: {}
COMMAND: GET /session/343af6daf6fbc7ee30938bcb5a9c3885/screenshot - {}
RESULT: {}
COMMAND: POST /session/343af6daf6fbc7ee30938bcb5a9c3885/element - {"using":"xpath","value":"//button[@data-kt=\"execHoIssueButton\"]"}
RESULT: {"using":"xpath","value":"//button[@data-kt=\"execHoIssueButton\"]"}
COMMAND: POST /session/343af6daf6fbc7ee30938bcb5a9c3885/element/f.8C4C75981FBDA5C274A9290576C3313B.d.2076322CFDD7422C652811C7971ED461.e.17965/click - {}
RESULT: {}
COMMAND: GET /session/343af6daf6fbc7ee30938bcb5a9c3885/screenshot - {}
RESULT: {}
COMMAND: POST /session/343af6daf6fbc7ee30938bcb5a9c3885/element - {"using":"xpath","value":"//input[contains(@id ,\"smartFilterBar-btnBasicSearch-I\")]"}
RESULT: {"using":"xpath","value":"//input[contains(@id ,\"smartFilterBar-btnBasicSearch-I\")]"}
COMMAND: POST /session/343af6daf6fbc7ee30938bcb5a9c3885/elements - {"using":"xpath","value":"//input[contains(@id ,\"smartFilterBar-btnBasicSearch-I\")]"}
RESULT: {"using":"xpath","value":"//input[contains(@id ,\"smartFilterBar-btnBasicSearch-I\")]"}
COMMAND: POST /session/343af6daf6fbc7ee30938bcb5a9c3885/execute/sync - {"script":"<script> [8489 bytes]","args":[{"element-6066-11e4-a52e-4f735466cecf":"f.8C4C75981FBDA5C274A9290576C3313B.d.2076322CFDD7422C652811C7971ED461.e.17370","ELEMENT":"f.8C4C75981FBDA5C274A9290576C3313B.d.2076322CFDD7422C652811C7971ED461.e.17370"}]}
RESULT: {"script":"<script> [8489 bytes]","args":[{"element-6066-11e4-a52e-4f735466cecf":"f.8C4C75981FBDA5C274A9290576C3313B.d.2076322CFDD7422C652811C7971ED461.e.17370","ELEMENT":"f.8C4C75981FBDA5C274A9290576C3313B.d.2076322CFDD7422C652811C7971ED461.e.17370"}]}
COMMAND: GET /session/343af6daf6fbc7ee30938bcb5a9c3885/element/f.8C4C75981FBDA5C274A9290576C3313B.d.2076322CFDD7422C652811C7971ED461.e.17370/enabled - {}
COMMAND: GET /session/343af6daf6fbc7ee30938bcb5a9c3885/screenshot - {}
RESULT: {}
COMMAND: POST /session/343af6daf6fbc7ee30938bcb5a9c3885/element/f.8C4C75981FBDA5C274A9290576C3313B.d.2076322CFDD7422C652811C7971ED461.e.17370/clear - {}
COMMAND: GET /session/343af6daf6fbc7ee30938bcb5a9c3885/screenshot - {}
RESULT: {}
RESULT: {}
COMMAND: POST /session/343af6daf6fbc7ee30938bcb5a9c3885/element/f.8C4C75981FBDA5C274A9290576C3313B.d.2076322CFDD7422C652811C7971ED461.e.17370/value - {"text":"30824"}
COMMAND: GET /session/343af6daf6fbc7ee30938bcb5a9c3885/screenshot - {}
RESULT: {}
RESULT: {}
RESULT: {"text":"30824"}
COMMAND: GET /session/343af6daf6fbc7ee30938bcb5a9c3885/screenshot - {}
RESULT: {}
COMMAND: POST /session/343af6daf6fbc7ee30938bcb5a9c3885/actions - {"actions":[{"id":"action59","type":"key","parameters":{},"actions":[{"type":"keyDown","value":"î€‡"},{"type":"pause","duration":10},{"type":"keyUp","value":"î€‡"}]}]}
RESULT: {"actions":[{"id":"action59","type":"key","parameters":{},"actions":[{"type":"keyDown","value":"î€‡"},{"type":"pause","duration":10},{"type":"keyUp","value":"î€‡"}]}]}
COMMAND: GET /session/343af6daf6fbc7ee30938bcb5a9c3885/screenshot - {}
RESULT: {}
COMMAND: POST /session/343af6daf6fbc7ee30938bcb5a9c3885/element - {"using":"xpath","value":"//span[contains(@id, \"smartTable-header-inner\")]"}
RESULT: {"using":"xpath","value":"//span[contains(@id, \"smartTable-header-inner\")]"}
COMMAND: POST /session/343af6daf6fbc7ee30938bcb5a9c3885/elements - {"using":"xpath","value":"//span[contains(@id, \"smartTable-header-inner\")]"}
RESULT: {"using":"xpath","value":"//span[contains(@id, \"smartTable-header-inner\")]"}
COMMAND: POST /session/343af6daf6fbc7ee30938bcb5a9c3885/execute/sync - {"script":"<script> [56 bytes]","args":[{"element-6066-11e4-a52e-4f735466cecf":"f.8C4C75981FBDA5C274A9290576C3313B.d.2076322CFDD7422C652811C7971ED461.e.17917","ELEMENT":"f.8C4C75981FBDA5C274A9290576C3313B.d.2076322CFDD7422C652811C7971ED461.e.17917"}]}
RESULT: {"script":"<script> [56 bytes]","args":[{"element-6066-11e4-a52e-4f735466cecf":"f.8C4C75981FBDA5C274A9290576C3313B.d.2076322CFDD7422C652811C7971ED461.e.17917","ELEMENT":"f.8C4C75981FBDA5C274A9290576C3313B.d.2076322CFDD7422C652811C7971ED461.e.17917"}]}
COMMAND: POST /session/343af6daf6fbc7ee30938bcb5a9c3885/elements - {"using":"xpath","value":"//thead[contains(@class, \"sapMTableTH\")]/tr/th"}
COMMAND: GET /session/343af6daf6fbc7ee30938bcb5a9c3885/screenshot - {}
RESULT: {"using":"xpath","value":"//thead[contains(@class, \"sapMTableTH\")]/tr/th"}
COMMAND: GET /session/343af6daf6fbc7ee30938bcb5a9c3885/element/f.8C4C75981FBDA5C274A9290576C3313B.d.2076322CFDD7422C652811C7971ED461.e.18001/text - {}
RESULT: {}
RESULT: {}
COMMAND: GET /session/343af6daf6fbc7ee30938bcb5a9c3885/element/f.8C4C75981FBDA5C274A9290576C3313B.d.2076322CFDD7422C652811C7971ED461.e.18002/text - {}
RESULT: {}
COMMAND: GET /session/343af6daf6fbc7ee30938bcb5a9c3885/element/f.8C4C75981FBDA5C274A9290576C3313B.d.2076322CFDD7422C652811C7971ED461.e.17417/text - {}
RESULT: {}
COMMAND: GET /session/343af6daf6fbc7ee30938bcb5a9c3885/element/f.8C4C75981FBDA5C274A9290576C3313B.d.2076322CFDD7422C652811C7971ED461.e.17419/text - {}
RESULT: {}
COMMAND: GET /session/343af6daf6fbc7ee30938bcb5a9c3885/element/f.8C4C75981FBDA5C274A9290576C3313B.d.2076322CFDD7422C652811C7971ED461.e.17967/text - {}
RESULT: {}
COMMAND: GET /session/343af6daf6fbc7ee30938bcb5a9c3885/element/f.8C4C75981FBDA5C274A9290576C3313B.d.2076322CFDD7422C652811C7971ED461.e.17968/text - {}
RESULT: {}
COMMAND: GET /session/343af6daf6fbc7ee30938bcb5a9c3885/element/f.8C4C75981FBDA5C274A9290576C3313B.d.2076322CFDD7422C652811C7971ED461.e.17969/text - {}
RESULT: {}
COMMAND: GET /session/343af6daf6fbc7ee30938bcb5a9c3885/element/f.8C4C75981FBDA5C274A9290576C3313B.d.2076322CFDD7422C652811C7971ED461.e.17970/text - {}
RESULT: {}
COMMAND: GET /session/343af6daf6fbc7ee30938bcb5a9c3885/element/f.8C4C75981FBDA5C274A9290576C3313B.d.2076322CFDD7422C652811C7971ED461.e.17971/text - {}
RESULT: {}
COMMAND: GET /session/343af6daf6fbc7ee30938bcb5a9c3885/element/f.8C4C75981FBDA5C274A9290576C3313B.d.2076322CFDD7422C652811C7971ED461.e.17972/text - {}
RESULT: {}
COMMAND: GET /session/343af6daf6fbc7ee30938bcb5a9c3885/element/f.8C4C75981FBDA5C274A9290576C3313B.d.2076322CFDD7422C652811C7971ED461.e.17973/text - {}
RESULT: {}
COMMAND: GET /session/343af6daf6fbc7ee30938bcb5a9c3885/element/f.8C4C75981FBDA5C274A9290576C3313B.d.2076322CFDD7422C652811C7971ED461.e.17974/text - {}
RESULT: {}
COMMAND: GET /session/343af6daf6fbc7ee30938bcb5a9c3885/element/f.8C4C75981FBDA5C274A9290576C3313B.d.2076322CFDD7422C652811C7971ED461.e.17975/text - {}
RESULT: {}
COMMAND: GET /session/343af6daf6fbc7ee30938bcb5a9c3885/element/f.8C4C75981FBDA5C274A9290576C3313B.d.2076322CFDD7422C652811C7971ED461.e.17420/text - {}
RESULT: {}
COMMAND: POST /session/343af6daf6fbc7ee30938bcb5a9c3885/element - {"using":"xpath","value":"//tbody[contains(@id, \"customHandoversTable-tblBody\")]/tr[1]/td[14]/div/span"}
RESULT: {"using":"xpath","value":"//tbody[contains(@id, \"customHandoversTable-tblBody\")]/tr[1]/td[14]/div/span"}
COMMAND: POST /session/343af6daf6fbc7ee30938bcb5a9c3885/execute/sync - {"script":"<script> [56 bytes]","args":[{"element-6066-11e4-a52e-4f735466cecf":"f.8C4C75981FBDA5C274A9290576C3313B.d.2076322CFDD7422C652811C7971ED461.e.18054","ELEMENT":"f.8C4C75981FBDA5C274A9290576C3313B.d.2076322CFDD7422C652811C7971ED461.e.18054"}]}
RESULT: {"script":"<script> [56 bytes]","args":[{"element-6066-11e4-a52e-4f735466cecf":"f.8C4C75981FBDA5C274A9290576C3313B.d.2076322CFDD7422C652811C7971ED461.e.18054","ELEMENT":"f.8C4C75981FBDA5C274A9290576C3313B.d.2076322CFDD7422C652811C7971ED461.e.18054"}]}
COMMAND: POST /session/343af6daf6fbc7ee30938bcb5a9c3885/element - {"using":"xpath","value":"(//span[contains(@id, \"imgNav\")])[1]"}
COMMAND: GET /session/343af6daf6fbc7ee30938bcb5a9c3885/screenshot - {}
RESULT: {"using":"xpath","value":"(//span[contains(@id, \"imgNav\")])[1]"}
COMMAND: POST /session/343af6daf6fbc7ee30938bcb5a9c3885/element/f.8C4C75981FBDA5C274A9290576C3313B.d.2076322CFDD7422C652811C7971ED461.e.18055/click - {}
RESULT: {}
RESULT: {}
COMMAND: GET /session/343af6daf6fbc7ee30938bcb5a9c3885/screenshot - {}
RESULT: {}
RESULT: undefined
COMMAND: POST /session/343af6daf6fbc7ee30938bcb5a9c3885/execute/async - {"script":"<script> [776 bytes]","args":[{"enterText":"05/12/25","selector":{"id":"receiptDatePicker","viewName":"etm.portal.ui.managehandovers.view.DetailExecuteHO","interaction":{"idSuffix":"inner"}},"clearTextFirst":true,"interactionType":"ENTER_TEXT"}]}
RESULT: {"script":"<script> [776 bytes]","args":[{"enterText":"05/12/25","selector":{"id":"receiptDatePicker","viewName":"etm.portal.ui.managehandovers.view.DetailExecuteHO","interaction":{"idSuffix":"inner"}},"clearTextFirst":true,"interactionType":"ENTER_TEXT"}]}
COMMAND: POST /session/343af6daf6fbc7ee30938bcb5a9c3885/element - {"using":"xpath","value":"//button[@data-kt=\"PickingTableConfirmAllButton\"]"}
RESULT: {"using":"xpath","value":"//button[@data-kt=\"PickingTableConfirmAllButton\"]"}
COMMAND: POST /session/343af6daf6fbc7ee30938bcb5a9c3885/element/f.8C4C75981FBDA5C274A9290576C3313B.d.2076322CFDD7422C652811C7971ED461.e.18075/click - {}
RESULT: {}
COMMAND: GET /session/343af6daf6fbc7ee30938bcb5a9c3885/screenshot - {}
RESULT: {}
COMMAND: POST /session/343af6daf6fbc7ee30938bcb5a9c3885/element - {"using":"xpath","value":"//bdi[contains(text(), \"OK\")]"}
RESULT: {"using":"xpath","value":"//bdi[contains(text(), \"OK\")]"}
COMMAND: POST /session/343af6daf6fbc7ee30938bcb5a9c3885/element/f.8C4C75981FBDA5C274A9290576C3313B.d.2076322CFDD7422C652811C7971ED461.e.18094/click - {}
RESULT: {}
COMMAND: GET /session/343af6daf6fbc7ee30938bcb5a9c3885/screenshot - {}
RESULT: {}
COMMAND: POST /session/343af6daf6fbc7ee30938bcb5a9c3885/element - {"using":"xpath","value":"//button[@data-kt= \"execHoReceiveButton\"]"}
RESULT: {"using":"xpath","value":"//button[@data-kt= \"execHoReceiveButton\"]"}
COMMAND: POST /session/343af6daf6fbc7ee30938bcb5a9c3885/element/f.8C4C75981FBDA5C274A9290576C3313B.d.2076322CFDD7422C652811C7971ED461.e.18096/click - {}
RESULT: {}
COMMAND: GET /session/343af6daf6fbc7ee30938bcb5a9c3885/screenshot - {}
RESULT: {}
COMMAND: POST /session/343af6daf6fbc7ee30938bcb5a9c3885/element - {"using":"xpath","value":"//input[contains(@id ,\"smartFilterBar-btnBasicSearch-I\")]"}
RESULT: {"using":"xpath","value":"//input[contains(@id ,\"smartFilterBar-btnBasicSearch-I\")]"}
COMMAND: POST /session/343af6daf6fbc7ee30938bcb5a9c3885/elements - {"using":"xpath","value":"//input[contains(@id ,\"smartFilterBar-btnBasicSearch-I\")]"}
RESULT: {"using":"xpath","value":"//input[contains(@id ,\"smartFilterBar-btnBasicSearch-I\")]"}
COMMAND: POST /session/343af6daf6fbc7ee30938bcb5a9c3885/execute/sync - {"script":"<script> [8489 bytes]","args":[{"element-6066-11e4-a52e-4f735466cecf":"f.8C4C75981FBDA5C274A9290576C3313B.d.2076322CFDD7422C652811C7971ED461.e.17370","ELEMENT":"f.8C4C75981FBDA5C274A9290576C3313B.d.2076322CFDD7422C652811C7971ED461.e.17370"}]}
RESULT: {"script":"<script> [8489 bytes]","args":[{"element-6066-11e4-a52e-4f735466cecf":"f.8C4C75981FBDA5C274A9290576C3313B.d.2076322CFDD7422C652811C7971ED461.e.17370","ELEMENT":"f.8C4C75981FBDA5C274A9290576C3313B.d.2076322CFDD7422C652811C7971ED461.e.17370"}]}
COMMAND: GET /session/343af6daf6fbc7ee30938bcb5a9c3885/element/f.8C4C75981FBDA5C274A9290576C3313B.d.2076322CFDD7422C652811C7971ED461.e.17370/enabled - {}
COMMAND: GET /session/343af6daf6fbc7ee30938bcb5a9c3885/screenshot - {}
RESULT: {}
COMMAND: POST /session/343af6daf6fbc7ee30938bcb5a9c3885/element/f.8C4C75981FBDA5C274A9290576C3313B.d.2076322CFDD7422C652811C7971ED461.e.17370/clear - {}
COMMAND: GET /session/343af6daf6fbc7ee30938bcb5a9c3885/screenshot - {}
RESULT: {}
RESULT: {}
COMMAND: POST /session/343af6daf6fbc7ee30938bcb5a9c3885/element/f.8C4C75981FBDA5C274A9290576C3313B.d.2076322CFDD7422C652811C7971ED461.e.17370/value - {"text":"30824"}
COMMAND: GET /session/343af6daf6fbc7ee30938bcb5a9c3885/screenshot - {}
RESULT: {}
RESULT: {"text":"30824"}
COMMAND: GET /session/343af6daf6fbc7ee30938bcb5a9c3885/screenshot - {}
RESULT: {}
RESULT: {}
COMMAND: POST /session/343af6daf6fbc7ee30938bcb5a9c3885/actions - {"actions":[{"id":"action60","type":"key","parameters":{},"actions":[{"type":"keyDown","value":"î€‡"},{"type":"pause","duration":10},{"type":"keyUp","value":"î€‡"}]}]}
RESULT: {"actions":[{"id":"action60","type":"key","parameters":{},"actions":[{"type":"keyDown","value":"î€‡"},{"type":"pause","duration":10},{"type":"keyUp","value":"î€‡"}]}]}
COMMAND: GET /session/343af6daf6fbc7ee30938bcb5a9c3885/screenshot - {}
RESULT: {}
COMMAND: POST /session/343af6daf6fbc7ee30938bcb5a9c3885/element - {"using":"xpath","value":"//span[contains(@id, \"smartTable-header-inner\")]"}
RESULT: {"using":"xpath","value":"//span[contains(@id, \"smartTable-header-inner\")]"}
COMMAND: POST /session/343af6daf6fbc7ee30938bcb5a9c3885/elements - {"using":"xpath","value":"//span[contains(@id, \"smartTable-header-inner\")]"}
RESULT: {"using":"xpath","value":"//span[contains(@id, \"smartTable-header-inner\")]"}
COMMAND: POST /session/343af6daf6fbc7ee30938bcb5a9c3885/execute/sync - {"script":"<script> [56 bytes]","args":[{"element-6066-11e4-a52e-4f735466cecf":"f.8C4C75981FBDA5C274A9290576C3313B.d.2076322CFDD7422C652811C7971ED461.e.17917","ELEMENT":"f.8C4C75981FBDA5C274A9290576C3313B.d.2076322CFDD7422C652811C7971ED461.e.17917"}]}
RESULT: {"script":"<script> [56 bytes]","args":[{"element-6066-11e4-a52e-4f735466cecf":"f.8C4C75981FBDA5C274A9290576C3313B.d.2076322CFDD7422C652811C7971ED461.e.17917","ELEMENT":"f.8C4C75981FBDA5C274A9290576C3313B.d.2076322CFDD7422C652811C7971ED461.e.17917"}]}
COMMAND: POST /session/343af6daf6fbc7ee30938bcb5a9c3885/elements - {"using":"xpath","value":"//thead[contains(@class, \"sapMTableTH\")]/tr/th"}
COMMAND: GET /session/343af6daf6fbc7ee30938bcb5a9c3885/screenshot - {}
RESULT: {"using":"xpath","value":"//thead[contains(@class, \"sapMTableTH\")]/tr/th"}
COMMAND: GET /session/343af6daf6fbc7ee30938bcb5a9c3885/element/f.8C4C75981FBDA5C274A9290576C3313B.d.2076322CFDD7422C652811C7971ED461.e.18001/text - {}
RESULT: {}
RESULT: {}
COMMAND: GET /session/343af6daf6fbc7ee30938bcb5a9c3885/element/f.8C4C75981FBDA5C274A9290576C3313B.d.2076322CFDD7422C652811C7971ED461.e.18002/text - {}
RESULT: {}
COMMAND: GET /session/343af6daf6fbc7ee30938bcb5a9c3885/element/f.8C4C75981FBDA5C274A9290576C3313B.d.2076322CFDD7422C652811C7971ED461.e.17417/text - {}
RESULT: {}
COMMAND: GET /session/343af6daf6fbc7ee30938bcb5a9c3885/element/f.8C4C75981FBDA5C274A9290576C3313B.d.2076322CFDD7422C652811C7971ED461.e.17419/text - {}
RESULT: {}
COMMAND: GET /session/343af6daf6fbc7ee30938bcb5a9c3885/element/f.8C4C75981FBDA5C274A9290576C3313B.d.2076322CFDD7422C652811C7971ED461.e.18101/text - {}
RESULT: {}
COMMAND: GET /session/343af6daf6fbc7ee30938bcb5a9c3885/element/f.8C4C75981FBDA5C274A9290576C3313B.d.2076322CFDD7422C652811C7971ED461.e.18102/text - {}
RESULT: {}
COMMAND: GET /session/343af6daf6fbc7ee30938bcb5a9c3885/element/f.8C4C75981FBDA5C274A9290576C3313B.d.2076322CFDD7422C652811C7971ED461.e.18103/text - {}
RESULT: {}
COMMAND: GET /session/343af6daf6fbc7ee30938bcb5a9c3885/element/f.8C4C75981FBDA5C274A9290576C3313B.d.2076322CFDD7422C652811C7971ED461.e.18104/text - {}
RESULT: {}
COMMAND: GET /session/343af6daf6fbc7ee30938bcb5a9c3885/element/f.8C4C75981FBDA5C274A9290576C3313B.d.2076322CFDD7422C652811C7971ED461.e.18105/text - {}
RESULT: {}
COMMAND: GET /session/343af6daf6fbc7ee30938bcb5a9c3885/element/f.8C4C75981FBDA5C274A9290576C3313B.d.2076322CFDD7422C652811C7971ED461.e.18106/text - {}
RESULT: {}
COMMAND: GET /session/343af6daf6fbc7ee30938bcb5a9c3885/element/f.8C4C75981FBDA5C274A9290576C3313B.d.2076322CFDD7422C652811C7971ED461.e.18107/text - {}
RESULT: {}
COMMAND: GET /session/343af6daf6fbc7ee30938bcb5a9c3885/element/f.8C4C75981FBDA5C274A9290576C3313B.d.2076322CFDD7422C652811C7971ED461.e.18108/text - {}
RESULT: {}
COMMAND: GET /session/343af6daf6fbc7ee30938bcb5a9c3885/element/f.8C4C75981FBDA5C274A9290576C3313B.d.2076322CFDD7422C652811C7971ED461.e.18109/text - {}
RESULT: {}
COMMAND: GET /session/343af6daf6fbc7ee30938bcb5a9c3885/element/f.8C4C75981FBDA5C274A9290576C3313B.d.2076322CFDD7422C652811C7971ED461.e.17420/text - {}
RESULT: {}
COMMAND: POST /session/343af6daf6fbc7ee30938bcb5a9c3885/element - {"using":"xpath","value":"//tbody[contains(@id, \"customHandoversTable-tblBody\")]/tr[1]/td[14]/div/span"}
RESULT: {"using":"xpath","value":"//tbody[contains(@id, \"customHandoversTable-tblBody\")]/tr[1]/td[14]/div/span"}
COMMAND: POST /session/343af6daf6fbc7ee30938bcb5a9c3885/execute/sync - {"script":"<script> [56 bytes]","args":[{"element-6066-11e4-a52e-4f735466cecf":"f.8C4C75981FBDA5C274A9290576C3313B.d.2076322CFDD7422C652811C7971ED461.e.18150","ELEMENT":"f.8C4C75981FBDA5C274A9290576C3313B.d.2076322CFDD7422C652811C7971ED461.e.18150"}]}
RESULT: {"script":"<script> [56 bytes]","args":[{"element-6066-11e4-a52e-4f735466cecf":"f.8C4C75981FBDA5C274A9290576C3313B.d.2076322CFDD7422C652811C7971ED461.e.18150","ELEMENT":"f.8C4C75981FBDA5C274A9290576C3313B.d.2076322CFDD7422C652811C7971ED461.e.18150"}]}
COMMAND: POST /session/343af6daf6fbc7ee30938bcb5a9c3885/element - {"using":"css selector","value":"#shell-header-logo"}
COMMAND: GET /session/343af6daf6fbc7ee30938bcb5a9c3885/screenshot - {}
RESULT: {"using":"css selector","value":"#shell-header-logo"}
COMMAND: POST /session/343af6daf6fbc7ee30938bcb5a9c3885/element/f.8C4C75981FBDA5C274A9290576C3313B.d.2076322CFDD7422C652811C7971ED461.e.16709/click - {}
RESULT: {}
RESULT: {}
COMMAND: GET /session/343af6daf6fbc7ee30938bcb5a9c3885/screenshot - {}
RESULT: {}
]]></system-out>
    </testcase>
    <testcase classname="chrome.135_0_7049_96.windows.Billing_Calculation_-_Time_based_(considering_transport_times)_US139738" name="Should navigate to Manage Billings and trigger contract calculation business confirm it" time="51.618">
      <system-out><![CDATA[
COMMAND: POST /session/343af6daf6fbc7ee30938bcb5a9c3885/execute/async - {"script":"<script> [1562 bytes]","args":[{"selector":{"controlType":"sap.m.GenericTile","properties":{"header":"Manage Billings"}},"wdio_ui5_key":"sapm.GenericTile{\"header\":\"Manage Billings\"}"}]}
RESULT: {"script":"<script> [1562 bytes]","args":[{"selector":{"controlType":"sap.m.GenericTile","properties":{"header":"Manage Billings"}},"wdio_ui5_key":"sapm.GenericTile{\"header\":\"Manage Billings\"}"}]}
RESULT: undefined
COMMAND: POST /session/343af6daf6fbc7ee30938bcb5a9c3885/element - {"using":"xpath","value":"//*[@id=\"__tile51\"]"}
RESULT: {"using":"xpath","value":"//*[@id=\"__tile51\"]"}
COMMAND: POST /session/343af6daf6fbc7ee30938bcb5a9c3885/element/f.8C4C75981FBDA5C274A9290576C3313B.d.2076322CFDD7422C652811C7971ED461.e.14521/click - {}
RESULT: {}
COMMAND: GET /session/343af6daf6fbc7ee30938bcb5a9c3885/screenshot - {}
RESULT: {}
COMMAND: POST /session/343af6daf6fbc7ee30938bcb5a9c3885/execute/async - {"script":"<script> [1562 bytes]","args":[{"selector":{"id":"application-managebillings-display-component---billRunCalcResult--smartFilterBar-btnBasicSearch","interaction":{"idSuffix":"I"}},"wdio_ui5_key":"applicationmanagebillings-display-component---billRunCalcResult--smartFilterBar-btnBasicSearch"}]}
RESULT: {"script":"<script> [1562 bytes]","args":[{"selector":{"id":"application-managebillings-display-component---billRunCalcResult--smartFilterBar-btnBasicSearch","interaction":{"idSuffix":"I"}},"wdio_ui5_key":"applicationmanagebillings-display-component---billRunCalcResult--smartFilterBar-btnBasicSearch"}]}
RESULT: undefined
COMMAND: POST /session/343af6daf6fbc7ee30938bcb5a9c3885/execute/async - {"script":"<script> [776 bytes]","args":[{"enterText":"10549","selector":{"id":"application-managebillings-display-component---billRunCalcResult--smartFilterBar-btnBasicSearch","interaction":{"idSuffix":"I"}},"clearTextFirst":true,"interactionType":"ENTER_TEXT"}]}
RESULT: {"script":"<script> [776 bytes]","args":[{"enterText":"10549","selector":{"id":"application-managebillings-display-component---billRunCalcResult--smartFilterBar-btnBasicSearch","interaction":{"idSuffix":"I"}},"clearTextFirst":true,"interactionType":"ENTER_TEXT"}]}
COMMAND: POST /session/343af6daf6fbc7ee30938bcb5a9c3885/actions - {"actions":[{"id":"action61","type":"key","parameters":{},"actions":[{"type":"keyDown","value":"î€‡"},{"type":"pause","duration":10},{"type":"keyUp","value":"î€‡"}]}]}
RESULT: {"actions":[{"id":"action61","type":"key","parameters":{},"actions":[{"type":"keyDown","value":"î€‡"},{"type":"pause","duration":10},{"type":"keyUp","value":"î€‡"}]}]}
COMMAND: GET /session/343af6daf6fbc7ee30938bcb5a9c3885/screenshot - {}
RESULT: {}
COMMAND: POST /session/343af6daf6fbc7ee30938bcb5a9c3885/element - {"using":"xpath","value":"//td[@aria-colindex=\"1\"]/div/div[contains(@class, \"sapMCbBg\")]"}
RESULT: {"using":"xpath","value":"//td[@aria-colindex=\"1\"]/div/div[contains(@class, \"sapMCbBg\")]"}
COMMAND: POST /session/343af6daf6fbc7ee30938bcb5a9c3885/element/f.8C4C75981FBDA5C274A9290576C3313B.d.2076322CFDD7422C652811C7971ED461.e.18365/click - {}
RESULT: {}
COMMAND: GET /session/343af6daf6fbc7ee30938bcb5a9c3885/screenshot - {}
RESULT: {}
COMMAND: POST /session/343af6daf6fbc7ee30938bcb5a9c3885/execute/async - {"script":"<script> [1562 bytes]","args":[{"selector":{"id":"application-managebillings-display-component---billRunCalcResult--contractBillRunDate","interaction":{"idSuffix":"inner"}},"wdio_ui5_key":"applicationmanagebillings-display-component---billRunCalcResult--contractBillRunDate"}]}
RESULT: {"script":"<script> [1562 bytes]","args":[{"selector":{"id":"application-managebillings-display-component---billRunCalcResult--contractBillRunDate","interaction":{"idSuffix":"inner"}},"wdio_ui5_key":"applicationmanagebillings-display-component---billRunCalcResult--contractBillRunDate"}]}
RESULT: undefined
COMMAND: POST /session/343af6daf6fbc7ee30938bcb5a9c3885/execute/async - {"script":"<script> [776 bytes]","args":[{"enterText":"05/05/25","selector":{"id":"application-managebillings-display-component---billRunCalcResult--contractBillRunDate","interaction":{"idSuffix":"inner"}},"clearTextFirst":true,"interactionType":"ENTER_TEXT"}]}
RESULT: {"script":"<script> [776 bytes]","args":[{"enterText":"05/05/25","selector":{"id":"application-managebillings-display-component---billRunCalcResult--contractBillRunDate","interaction":{"idSuffix":"inner"}},"clearTextFirst":true,"interactionType":"ENTER_TEXT"}]}
COMMAND: POST /session/343af6daf6fbc7ee30938bcb5a9c3885/element - {"using":"xpath","value":"//bdi[contains(text(), \"Trigger Calculation\")]"}
RESULT: {"using":"xpath","value":"//bdi[contains(text(), \"Trigger Calculation\")]"}
COMMAND: POST /session/343af6daf6fbc7ee30938bcb5a9c3885/element/f.8C4C75981FBDA5C274A9290576C3313B.d.2076322CFDD7422C652811C7971ED461.e.18416/click - {}
RESULT: {}
COMMAND: GET /session/343af6daf6fbc7ee30938bcb5a9c3885/screenshot - {}
RESULT: {}
COMMAND: POST /session/343af6daf6fbc7ee30938bcb5a9c3885/element - {"using":"xpath","value":"(//span[contains(@id, \"imgNav\")])[1]"}
RESULT: {"using":"xpath","value":"(//span[contains(@id, \"imgNav\")])[1]"}
COMMAND: POST /session/343af6daf6fbc7ee30938bcb5a9c3885/element/f.8C4C75981FBDA5C274A9290576C3313B.d.2076322CFDD7422C652811C7971ED461.e.18366/click - {}
RESULT: {}
COMMAND: GET /session/343af6daf6fbc7ee30938bcb5a9c3885/screenshot - {}
RESULT: {}
COMMAND: POST /session/343af6daf6fbc7ee30938bcb5a9c3885/element - {"using":"xpath","value":"//tr/td[6]/div[1]/span[1]/span[1]"}
RESULT: {"using":"xpath","value":"//tr/td[6]/div[1]/span[1]/span[1]"}
COMMAND: GET /session/343af6daf6fbc7ee30938bcb5a9c3885/element/f.8C4C75981FBDA5C274A9290576C3313B.d.2076322CFDD7422C652811C7971ED461.e.18421/text - {}
RESULT: {}
COMMAND: POST /session/343af6daf6fbc7ee30938bcb5a9c3885/element - {"using":"xpath","value":"(//span[contains(@id, \"imgNav\")])[2]"}
RESULT: {"using":"xpath","value":"(//span[contains(@id, \"imgNav\")])[2]"}
COMMAND: POST /session/343af6daf6fbc7ee30938bcb5a9c3885/element/f.8C4C75981FBDA5C274A9290576C3313B.d.2076322CFDD7422C652811C7971ED461.e.18422/click - {}
RESULT: {}
COMMAND: POST /session/343af6daf6fbc7ee30938bcb5a9c3885/element - {"using":"xpath","value":"//bdi[contains(text(), \"Business Confirm\")]"}
COMMAND: GET /session/343af6daf6fbc7ee30938bcb5a9c3885/screenshot - {}
RESULT: {"using":"xpath","value":"//bdi[contains(text(), \"Business Confirm\")]"}
COMMAND: POST /session/343af6daf6fbc7ee30938bcb5a9c3885/elements - {"using":"xpath","value":"//bdi[contains(text(), \"Business Confirm\")]"}
RESULT: {}
RESULT: {"using":"xpath","value":"//bdi[contains(text(), \"Business Confirm\")]"}
COMMAND: POST /session/343af6daf6fbc7ee30938bcb5a9c3885/element - {"using":"xpath","value":"//bdi[contains(text(), \"Business Confirm\")]"}
RESULT: {"using":"xpath","value":"//bdi[contains(text(), \"Business Confirm\")]"}
COMMAND: POST /session/343af6daf6fbc7ee30938bcb5a9c3885/element/f.8C4C75981FBDA5C274A9290576C3313B.d.2076322CFDD7422C652811C7971ED461.e.18455/click - {}
RESULT: {}
COMMAND: POST /session/343af6daf6fbc7ee30938bcb5a9c3885/element - {"using":"css selector","value":"#shell-header-logo"}
COMMAND: GET /session/343af6daf6fbc7ee30938bcb5a9c3885/screenshot - {}
RESULT: {"using":"css selector","value":"#shell-header-logo"}
COMMAND: POST /session/343af6daf6fbc7ee30938bcb5a9c3885/element/f.8C4C75981FBDA5C274A9290576C3313B.d.2076322CFDD7422C652811C7971ED461.e.18154/click - {}
RESULT: {}
RESULT: {}
COMMAND: GET /session/343af6daf6fbc7ee30938bcb5a9c3885/screenshot - {}
RESULT: {}
]]></system-out>
    </testcase>
    <testcase classname="chrome.135_0_7049_96.windows.Billing_Calculation_-_Time_based_(considering_transport_times)_US139738" name="Should transfer the billing all the way to completion" time="84.573">
      <system-out><![CDATA[
COMMAND: POST /session/343af6daf6fbc7ee30938bcb5a9c3885/execute/async - {"script":"<script> [1562 bytes]","args":[{"selector":{"controlType":"sap.m.GenericTile","properties":{"header":"Billing Transfer"}},"wdio_ui5_key":"sapm.GenericTile{\"header\":\"Billing Transfer\"}"}]}
RESULT: {"script":"<script> [1562 bytes]","args":[{"selector":{"controlType":"sap.m.GenericTile","properties":{"header":"Billing Transfer"}},"wdio_ui5_key":"sapm.GenericTile{\"header\":\"Billing Transfer\"}"}]}
RESULT: undefined
COMMAND: POST /session/343af6daf6fbc7ee30938bcb5a9c3885/element - {"using":"xpath","value":"//*[@id=\"__tile50\"]"}
RESULT: {"using":"xpath","value":"//*[@id=\"__tile50\"]"}
COMMAND: POST /session/343af6daf6fbc7ee30938bcb5a9c3885/element/f.8C4C75981FBDA5C274A9290576C3313B.d.2076322CFDD7422C652811C7971ED461.e.14519/click - {}
RESULT: {}
COMMAND: POST /session/343af6daf6fbc7ee30938bcb5a9c3885/element - {"using":"xpath","value":"//input[contains(@id ,\"application-billingtransfer-display-component---billingWorkbench--smartFilterBar-btnBasicSearch\")]"}
COMMAND: GET /session/343af6daf6fbc7ee30938bcb5a9c3885/screenshot - {}
RESULT: {"using":"xpath","value":"//input[contains(@id ,\"application-billingtransfer-display-component---billingWorkbench--smartFilterBar-btnBasicSearch\")]"}
COMMAND: POST /session/343af6daf6fbc7ee30938bcb5a9c3885/elements - {"using":"xpath","value":"//input[contains(@id ,\"application-billingtransfer-display-component---billingWorkbench--smartFilterBar-btnBasicSearch\")]"}
RESULT: {}
RESULT: {"using":"xpath","value":"//input[contains(@id ,\"application-billingtransfer-display-component---billingWorkbench--smartFilterBar-btnBasicSearch\")]"}
COMMAND: POST /session/343af6daf6fbc7ee30938bcb5a9c3885/elements - {"using":"xpath","value":"//input[contains(@id ,\"application-billingtransfer-display-component---billingWorkbench--smartFilterBar-btnBasicSearch\")]"}
RESULT: {"using":"xpath","value":"//input[contains(@id ,\"application-billingtransfer-display-component---billingWorkbench--smartFilterBar-btnBasicSearch\")]"}
COMMAND: POST /session/343af6daf6fbc7ee30938bcb5a9c3885/elements - {"using":"xpath","value":"//input[contains(@id ,\"application-billingtransfer-display-component---billingWorkbench--smartFilterBar-btnBasicSearch\")]"}
RESULT: {"using":"xpath","value":"//input[contains(@id ,\"application-billingtransfer-display-component---billingWorkbench--smartFilterBar-btnBasicSearch\")]"}
COMMAND: POST /session/343af6daf6fbc7ee30938bcb5a9c3885/elements - {"using":"xpath","value":"//input[contains(@id ,\"application-billingtransfer-display-component---billingWorkbench--smartFilterBar-btnBasicSearch\")]"}
RESULT: {"using":"xpath","value":"//input[contains(@id ,\"application-billingtransfer-display-component---billingWorkbench--smartFilterBar-btnBasicSearch\")]"}
COMMAND: POST /session/343af6daf6fbc7ee30938bcb5a9c3885/element - {"using":"xpath","value":"//input[contains(@id ,\"application-billingtransfer-display-component---billingWorkbench--smartFilterBar-btnBasicSearch\")]"}
RESULT: {"using":"xpath","value":"//input[contains(@id ,\"application-billingtransfer-display-component---billingWorkbench--smartFilterBar-btnBasicSearch\")]"}
COMMAND: POST /session/343af6daf6fbc7ee30938bcb5a9c3885/execute/sync - {"script":"<script> [8489 bytes]","args":[{"element-6066-11e4-a52e-4f735466cecf":"f.8C4C75981FBDA5C274A9290576C3313B.d.2076322CFDD7422C652811C7971ED461.e.18484","ELEMENT":"f.8C4C75981FBDA5C274A9290576C3313B.d.2076322CFDD7422C652811C7971ED461.e.18484"}]}
RESULT: {"script":"<script> [8489 bytes]","args":[{"element-6066-11e4-a52e-4f735466cecf":"f.8C4C75981FBDA5C274A9290576C3313B.d.2076322CFDD7422C652811C7971ED461.e.18484","ELEMENT":"f.8C4C75981FBDA5C274A9290576C3313B.d.2076322CFDD7422C652811C7971ED461.e.18484"}]}
COMMAND: GET /session/343af6daf6fbc7ee30938bcb5a9c3885/element/f.8C4C75981FBDA5C274A9290576C3313B.d.2076322CFDD7422C652811C7971ED461.e.18484/enabled - {}
COMMAND: GET /session/343af6daf6fbc7ee30938bcb5a9c3885/screenshot - {}
RESULT: {}
COMMAND: POST /session/343af6daf6fbc7ee30938bcb5a9c3885/element/f.8C4C75981FBDA5C274A9290576C3313B.d.2076322CFDD7422C652811C7971ED461.e.18484/click - {}
COMMAND: GET /session/343af6daf6fbc7ee30938bcb5a9c3885/screenshot - {}
RESULT: {}
RESULT: {}
COMMAND: GET /session/343af6daf6fbc7ee30938bcb5a9c3885/screenshot - {}
RESULT: {}
RESULT: {}
COMMAND: POST /session/343af6daf6fbc7ee30938bcb5a9c3885/element/f.8C4C75981FBDA5C274A9290576C3313B.d.2076322CFDD7422C652811C7971ED461.e.18484/clear - {}
RESULT: {}
COMMAND: POST /session/343af6daf6fbc7ee30938bcb5a9c3885/element/f.8C4C75981FBDA5C274A9290576C3313B.d.2076322CFDD7422C652811C7971ED461.e.18484/value - {"text":"10549"}
COMMAND: GET /session/343af6daf6fbc7ee30938bcb5a9c3885/screenshot - {}
RESULT: {"text":"10549"}
COMMAND: POST /session/343af6daf6fbc7ee30938bcb5a9c3885/actions - {"actions":[{"id":"action62","type":"key","parameters":{},"actions":[{"type":"keyDown","value":"î€‡"},{"type":"pause","duration":10},{"type":"keyUp","value":"î€‡"}]}]}
COMMAND: GET /session/343af6daf6fbc7ee30938bcb5a9c3885/screenshot - {}
RESULT: {}
RESULT: {"actions":[{"id":"action62","type":"key","parameters":{},"actions":[{"type":"keyDown","value":"î€‡"},{"type":"pause","duration":10},{"type":"keyUp","value":"î€‡"}]}]}
COMMAND: GET /session/343af6daf6fbc7ee30938bcb5a9c3885/screenshot - {}
RESULT: {}
RESULT: {}
COMMAND: POST /session/343af6daf6fbc7ee30938bcb5a9c3885/element - {"using":"xpath","value":"//span[contains(@id ,\"application-billingtransfer-display-component---billingWorkbench--smartTableBillingRuns-header-inner\")]"}
RESULT: {"using":"xpath","value":"//span[contains(@id ,\"application-billingtransfer-display-component---billingWorkbench--smartTableBillingRuns-header-inner\")]"}
COMMAND: POST /session/343af6daf6fbc7ee30938bcb5a9c3885/elements - {"using":"xpath","value":"//span[contains(@id ,\"application-billingtransfer-display-component---billingWorkbench--smartTableBillingRuns-header-inner\")]"}
RESULT: {"using":"xpath","value":"//span[contains(@id ,\"application-billingtransfer-display-component---billingWorkbench--smartTableBillingRuns-header-inner\")]"}
COMMAND: POST /session/343af6daf6fbc7ee30938bcb5a9c3885/execute/sync - {"script":"<script> [56 bytes]","args":[{"element-6066-11e4-a52e-4f735466cecf":"f.8C4C75981FBDA5C274A9290576C3313B.d.2076322CFDD7422C652811C7971ED461.e.18656","ELEMENT":"f.8C4C75981FBDA5C274A9290576C3313B.d.2076322CFDD7422C652811C7971ED461.e.18656"}]}
RESULT: {"script":"<script> [56 bytes]","args":[{"element-6066-11e4-a52e-4f735466cecf":"f.8C4C75981FBDA5C274A9290576C3313B.d.2076322CFDD7422C652811C7971ED461.e.18656","ELEMENT":"f.8C4C75981FBDA5C274A9290576C3313B.d.2076322CFDD7422C652811C7971ED461.e.18656"}]}
COMMAND: POST /session/343af6daf6fbc7ee30938bcb5a9c3885/element - {"using":"xpath","value":"//td[@aria-colindex=\"1\"]/div/div[contains(@class, \"sapMCbBg\")]"}
COMMAND: GET /session/343af6daf6fbc7ee30938bcb5a9c3885/screenshot - {}
RESULT: {"using":"xpath","value":"//td[@aria-colindex=\"1\"]/div/div[contains(@class, \"sapMCbBg\")]"}
COMMAND: POST /session/343af6daf6fbc7ee30938bcb5a9c3885/element/f.8C4C75981FBDA5C274A9290576C3313B.d.2076322CFDD7422C652811C7971ED461.e.18647/click - {}
RESULT: {}
RESULT: {}
COMMAND: GET /session/343af6daf6fbc7ee30938bcb5a9c3885/screenshot - {}
RESULT: {}
COMMAND: POST /session/343af6daf6fbc7ee30938bcb5a9c3885/element - {"using":"xpath","value":"//bdi[contains(text(), \"Check\")]"}
RESULT: {"using":"xpath","value":"//bdi[contains(text(), \"Check\")]"}
COMMAND: POST /session/343af6daf6fbc7ee30938bcb5a9c3885/element/f.8C4C75981FBDA5C274A9290576C3313B.d.2076322CFDD7422C652811C7971ED461.e.18657/click - {}
RESULT: {}
COMMAND: GET /session/343af6daf6fbc7ee30938bcb5a9c3885/screenshot - {}
RESULT: {}
COMMAND: POST /session/343af6daf6fbc7ee30938bcb5a9c3885/element - {"using":"xpath","value":"//bdi[contains(text(), \"OK\")]"}
RESULT: {"using":"xpath","value":"//bdi[contains(text(), \"OK\")]"}
COMMAND: POST /session/343af6daf6fbc7ee30938bcb5a9c3885/element/f.8C4C75981FBDA5C274A9290576C3313B.d.2076322CFDD7422C652811C7971ED461.e.18660/click - {}
RESULT: {}
COMMAND: GET /session/343af6daf6fbc7ee30938bcb5a9c3885/screenshot - {}
RESULT: {}
COMMAND: POST /session/343af6daf6fbc7ee30938bcb5a9c3885/element - {"using":"xpath","value":"(//span[contains(text(), \"CO/SD checked\")]/parent::div/preceding-sibling::div/span)[1]"}
RESULT: {"using":"xpath","value":"(//span[contains(text(), \"CO/SD checked\")]/parent::div/preceding-sibling::div/span)[1]"}
COMMAND: POST /session/343af6daf6fbc7ee30938bcb5a9c3885/element/f.8C4C75981FBDA5C274A9290576C3313B.d.2076322CFDD7422C652811C7971ED461.e.18661/click - {}
RESULT: {}
COMMAND: GET /session/343af6daf6fbc7ee30938bcb5a9c3885/screenshot - {}
RESULT: {}
COMMAND: POST /session/343af6daf6fbc7ee30938bcb5a9c3885/element - {"using":"xpath","value":"//input[contains(@id ,\"application-billingtransfer-display-component---billingWorkbench--smartFilterBar-btnBasicSearch\")]"}
RESULT: {"using":"xpath","value":"//input[contains(@id ,\"application-billingtransfer-display-component---billingWorkbench--smartFilterBar-btnBasicSearch\")]"}
COMMAND: POST /session/343af6daf6fbc7ee30938bcb5a9c3885/elements - {"using":"xpath","value":"//input[contains(@id ,\"application-billingtransfer-display-component---billingWorkbench--smartFilterBar-btnBasicSearch\")]"}
RESULT: {"using":"xpath","value":"//input[contains(@id ,\"application-billingtransfer-display-component---billingWorkbench--smartFilterBar-btnBasicSearch\")]"}
COMMAND: POST /session/343af6daf6fbc7ee30938bcb5a9c3885/execute/sync - {"script":"<script> [8489 bytes]","args":[{"element-6066-11e4-a52e-4f735466cecf":"f.8C4C75981FBDA5C274A9290576C3313B.d.2076322CFDD7422C652811C7971ED461.e.18484","ELEMENT":"f.8C4C75981FBDA5C274A9290576C3313B.d.2076322CFDD7422C652811C7971ED461.e.18484"}]}
RESULT: {"script":"<script> [8489 bytes]","args":[{"element-6066-11e4-a52e-4f735466cecf":"f.8C4C75981FBDA5C274A9290576C3313B.d.2076322CFDD7422C652811C7971ED461.e.18484","ELEMENT":"f.8C4C75981FBDA5C274A9290576C3313B.d.2076322CFDD7422C652811C7971ED461.e.18484"}]}
COMMAND: GET /session/343af6daf6fbc7ee30938bcb5a9c3885/element/f.8C4C75981FBDA5C274A9290576C3313B.d.2076322CFDD7422C652811C7971ED461.e.18484/enabled - {}
COMMAND: GET /session/343af6daf6fbc7ee30938bcb5a9c3885/screenshot - {}
RESULT: {}
COMMAND: POST /session/343af6daf6fbc7ee30938bcb5a9c3885/element/f.8C4C75981FBDA5C274A9290576C3313B.d.2076322CFDD7422C652811C7971ED461.e.18484/click - {}
COMMAND: GET /session/343af6daf6fbc7ee30938bcb5a9c3885/screenshot - {}
RESULT: {}
RESULT: {}
COMMAND: GET /session/343af6daf6fbc7ee30938bcb5a9c3885/screenshot - {}
RESULT: {}
RESULT: {}
COMMAND: POST /session/343af6daf6fbc7ee30938bcb5a9c3885/element/f.8C4C75981FBDA5C274A9290576C3313B.d.2076322CFDD7422C652811C7971ED461.e.18484/clear - {}
RESULT: {}
COMMAND: POST /session/343af6daf6fbc7ee30938bcb5a9c3885/element/f.8C4C75981FBDA5C274A9290576C3313B.d.2076322CFDD7422C652811C7971ED461.e.18484/value - {"text":"10549"}
COMMAND: GET /session/343af6daf6fbc7ee30938bcb5a9c3885/screenshot - {}
RESULT: {"text":"10549"}
COMMAND: POST /session/343af6daf6fbc7ee30938bcb5a9c3885/actions - {"actions":[{"id":"action63","type":"key","parameters":{},"actions":[{"type":"keyDown","value":"î€‡"},{"type":"pause","duration":10},{"type":"keyUp","value":"î€‡"}]}]}
COMMAND: GET /session/343af6daf6fbc7ee30938bcb5a9c3885/screenshot - {}
RESULT: {}
RESULT: {"actions":[{"id":"action63","type":"key","parameters":{},"actions":[{"type":"keyDown","value":"î€‡"},{"type":"pause","duration":10},{"type":"keyUp","value":"î€‡"}]}]}
COMMAND: GET /session/343af6daf6fbc7ee30938bcb5a9c3885/screenshot - {}
RESULT: {}
RESULT: {}
COMMAND: POST /session/343af6daf6fbc7ee30938bcb5a9c3885/element - {"using":"xpath","value":"//span[contains(@id ,\"application-billingtransfer-display-component---billingWorkbench--smartTableBillingRuns-header-inner\")]"}
RESULT: {"using":"xpath","value":"//span[contains(@id ,\"application-billingtransfer-display-component---billingWorkbench--smartTableBillingRuns-header-inner\")]"}
COMMAND: POST /session/343af6daf6fbc7ee30938bcb5a9c3885/elements - {"using":"xpath","value":"//span[contains(@id ,\"application-billingtransfer-display-component---billingWorkbench--smartTableBillingRuns-header-inner\")]"}
RESULT: {"using":"xpath","value":"//span[contains(@id ,\"application-billingtransfer-display-component---billingWorkbench--smartTableBillingRuns-header-inner\")]"}
COMMAND: POST /session/343af6daf6fbc7ee30938bcb5a9c3885/execute/sync - {"script":"<script> [56 bytes]","args":[{"element-6066-11e4-a52e-4f735466cecf":"f.8C4C75981FBDA5C274A9290576C3313B.d.2076322CFDD7422C652811C7971ED461.e.18656","ELEMENT":"f.8C4C75981FBDA5C274A9290576C3313B.d.2076322CFDD7422C652811C7971ED461.e.18656"}]}
RESULT: {"script":"<script> [56 bytes]","args":[{"element-6066-11e4-a52e-4f735466cecf":"f.8C4C75981FBDA5C274A9290576C3313B.d.2076322CFDD7422C652811C7971ED461.e.18656","ELEMENT":"f.8C4C75981FBDA5C274A9290576C3313B.d.2076322CFDD7422C652811C7971ED461.e.18656"}]}
COMMAND: GET /session/343af6daf6fbc7ee30938bcb5a9c3885/screenshot - {}
RESULT: {}
COMMAND: POST /session/343af6daf6fbc7ee30938bcb5a9c3885/execute/sync - {"script":"<script> [56 bytes]","args":[{"element-6066-11e4-a52e-4f735466cecf":"f.8C4C75981FBDA5C274A9290576C3313B.d.2076322CFDD7422C652811C7971ED461.e.18656","ELEMENT":"f.8C4C75981FBDA5C274A9290576C3313B.d.2076322CFDD7422C652811C7971ED461.e.18656"}]}
RESULT: {"script":"<script> [56 bytes]","args":[{"element-6066-11e4-a52e-4f735466cecf":"f.8C4C75981FBDA5C274A9290576C3313B.d.2076322CFDD7422C652811C7971ED461.e.18656","ELEMENT":"f.8C4C75981FBDA5C274A9290576C3313B.d.2076322CFDD7422C652811C7971ED461.e.18656"}]}
COMMAND: GET /session/343af6daf6fbc7ee30938bcb5a9c3885/screenshot - {}
RESULT: {}
COMMAND: POST /session/343af6daf6fbc7ee30938bcb5a9c3885/execute/sync - {"script":"<script> [56 bytes]","args":[{"element-6066-11e4-a52e-4f735466cecf":"f.8C4C75981FBDA5C274A9290576C3313B.d.2076322CFDD7422C652811C7971ED461.e.18656","ELEMENT":"f.8C4C75981FBDA5C274A9290576C3313B.d.2076322CFDD7422C652811C7971ED461.e.18656"}]}
RESULT: {"script":"<script> [56 bytes]","args":[{"element-6066-11e4-a52e-4f735466cecf":"f.8C4C75981FBDA5C274A9290576C3313B.d.2076322CFDD7422C652811C7971ED461.e.18656","ELEMENT":"f.8C4C75981FBDA5C274A9290576C3313B.d.2076322CFDD7422C652811C7971ED461.e.18656"}]}
COMMAND: GET /session/343af6daf6fbc7ee30938bcb5a9c3885/screenshot - {}
RESULT: {}
COMMAND: POST /session/343af6daf6fbc7ee30938bcb5a9c3885/execute/sync - {"script":"<script> [56 bytes]","args":[{"element-6066-11e4-a52e-4f735466cecf":"f.8C4C75981FBDA5C274A9290576C3313B.d.2076322CFDD7422C652811C7971ED461.e.18656","ELEMENT":"f.8C4C75981FBDA5C274A9290576C3313B.d.2076322CFDD7422C652811C7971ED461.e.18656"}]}
RESULT: {"script":"<script> [56 bytes]","args":[{"element-6066-11e4-a52e-4f735466cecf":"f.8C4C75981FBDA5C274A9290576C3313B.d.2076322CFDD7422C652811C7971ED461.e.18656","ELEMENT":"f.8C4C75981FBDA5C274A9290576C3313B.d.2076322CFDD7422C652811C7971ED461.e.18656"}]}
COMMAND: GET /session/343af6daf6fbc7ee30938bcb5a9c3885/screenshot - {}
RESULT: {}
COMMAND: POST /session/343af6daf6fbc7ee30938bcb5a9c3885/execute/sync - {"script":"<script> [56 bytes]","args":[{"element-6066-11e4-a52e-4f735466cecf":"f.8C4C75981FBDA5C274A9290576C3313B.d.2076322CFDD7422C652811C7971ED461.e.18656","ELEMENT":"f.8C4C75981FBDA5C274A9290576C3313B.d.2076322CFDD7422C652811C7971ED461.e.18656"}]}
RESULT: {"script":"<script> [56 bytes]","args":[{"element-6066-11e4-a52e-4f735466cecf":"f.8C4C75981FBDA5C274A9290576C3313B.d.2076322CFDD7422C652811C7971ED461.e.18656","ELEMENT":"f.8C4C75981FBDA5C274A9290576C3313B.d.2076322CFDD7422C652811C7971ED461.e.18656"}]}
COMMAND: GET /session/343af6daf6fbc7ee30938bcb5a9c3885/screenshot - {}
RESULT: {}
COMMAND: POST /session/343af6daf6fbc7ee30938bcb5a9c3885/execute/sync - {"script":"<script> [56 bytes]","args":[{"element-6066-11e4-a52e-4f735466cecf":"f.8C4C75981FBDA5C274A9290576C3313B.d.2076322CFDD7422C652811C7971ED461.e.18656","ELEMENT":"f.8C4C75981FBDA5C274A9290576C3313B.d.2076322CFDD7422C652811C7971ED461.e.18656"}]}
RESULT: {"script":"<script> [56 bytes]","args":[{"element-6066-11e4-a52e-4f735466cecf":"f.8C4C75981FBDA5C274A9290576C3313B.d.2076322CFDD7422C652811C7971ED461.e.18656","ELEMENT":"f.8C4C75981FBDA5C274A9290576C3313B.d.2076322CFDD7422C652811C7971ED461.e.18656"}]}
COMMAND: GET /session/343af6daf6fbc7ee30938bcb5a9c3885/screenshot - {}
RESULT: {}
COMMAND: POST /session/343af6daf6fbc7ee30938bcb5a9c3885/execute/sync - {"script":"<script> [56 bytes]","args":[{"element-6066-11e4-a52e-4f735466cecf":"f.8C4C75981FBDA5C274A9290576C3313B.d.2076322CFDD7422C652811C7971ED461.e.18656","ELEMENT":"f.8C4C75981FBDA5C274A9290576C3313B.d.2076322CFDD7422C652811C7971ED461.e.18656"}]}
RESULT: {"script":"<script> [56 bytes]","args":[{"element-6066-11e4-a52e-4f735466cecf":"f.8C4C75981FBDA5C274A9290576C3313B.d.2076322CFDD7422C652811C7971ED461.e.18656","ELEMENT":"f.8C4C75981FBDA5C274A9290576C3313B.d.2076322CFDD7422C652811C7971ED461.e.18656"}]}
COMMAND: GET /session/343af6daf6fbc7ee30938bcb5a9c3885/screenshot - {}
RESULT: {}
COMMAND: POST /session/343af6daf6fbc7ee30938bcb5a9c3885/execute/sync - {"script":"<script> [56 bytes]","args":[{"element-6066-11e4-a52e-4f735466cecf":"f.8C4C75981FBDA5C274A9290576C3313B.d.2076322CFDD7422C652811C7971ED461.e.18656","ELEMENT":"f.8C4C75981FBDA5C274A9290576C3313B.d.2076322CFDD7422C652811C7971ED461.e.18656"}]}
RESULT: {"script":"<script> [56 bytes]","args":[{"element-6066-11e4-a52e-4f735466cecf":"f.8C4C75981FBDA5C274A9290576C3313B.d.2076322CFDD7422C652811C7971ED461.e.18656","ELEMENT":"f.8C4C75981FBDA5C274A9290576C3313B.d.2076322CFDD7422C652811C7971ED461.e.18656"}]}
COMMAND: GET /session/343af6daf6fbc7ee30938bcb5a9c3885/screenshot - {}
RESULT: {}
COMMAND: POST /session/343af6daf6fbc7ee30938bcb5a9c3885/execute/sync - {"script":"<script> [56 bytes]","args":[{"element-6066-11e4-a52e-4f735466cecf":"f.8C4C75981FBDA5C274A9290576C3313B.d.2076322CFDD7422C652811C7971ED461.e.18656","ELEMENT":"f.8C4C75981FBDA5C274A9290576C3313B.d.2076322CFDD7422C652811C7971ED461.e.18656"}]}
RESULT: {"script":"<script> [56 bytes]","args":[{"element-6066-11e4-a52e-4f735466cecf":"f.8C4C75981FBDA5C274A9290576C3313B.d.2076322CFDD7422C652811C7971ED461.e.18656","ELEMENT":"f.8C4C75981FBDA5C274A9290576C3313B.d.2076322CFDD7422C652811C7971ED461.e.18656"}]}
COMMAND: GET /session/343af6daf6fbc7ee30938bcb5a9c3885/screenshot - {}
RESULT: {}
COMMAND: POST /session/343af6daf6fbc7ee30938bcb5a9c3885/execute/sync - {"script":"<script> [56 bytes]","args":[{"element-6066-11e4-a52e-4f735466cecf":"f.8C4C75981FBDA5C274A9290576C3313B.d.2076322CFDD7422C652811C7971ED461.e.18656","ELEMENT":"f.8C4C75981FBDA5C274A9290576C3313B.d.2076322CFDD7422C652811C7971ED461.e.18656"}]}
RESULT: {"script":"<script> [56 bytes]","args":[{"element-6066-11e4-a52e-4f735466cecf":"f.8C4C75981FBDA5C274A9290576C3313B.d.2076322CFDD7422C652811C7971ED461.e.18656","ELEMENT":"f.8C4C75981FBDA5C274A9290576C3313B.d.2076322CFDD7422C652811C7971ED461.e.18656"}]}
COMMAND: GET /session/343af6daf6fbc7ee30938bcb5a9c3885/screenshot - {}
RESULT: {}
COMMAND: POST /session/343af6daf6fbc7ee30938bcb5a9c3885/execute/sync - {"script":"<script> [56 bytes]","args":[{"element-6066-11e4-a52e-4f735466cecf":"f.8C4C75981FBDA5C274A9290576C3313B.d.2076322CFDD7422C652811C7971ED461.e.18656","ELEMENT":"f.8C4C75981FBDA5C274A9290576C3313B.d.2076322CFDD7422C652811C7971ED461.e.18656"}]}
RESULT: {"script":"<script> [56 bytes]","args":[{"element-6066-11e4-a52e-4f735466cecf":"f.8C4C75981FBDA5C274A9290576C3313B.d.2076322CFDD7422C652811C7971ED461.e.18656","ELEMENT":"f.8C4C75981FBDA5C274A9290576C3313B.d.2076322CFDD7422C652811C7971ED461.e.18656"}]}
COMMAND: GET /session/343af6daf6fbc7ee30938bcb5a9c3885/screenshot - {}
RESULT: {}
COMMAND: POST /session/343af6daf6fbc7ee30938bcb5a9c3885/execute/sync - {"script":"<script> [56 bytes]","args":[{"element-6066-11e4-a52e-4f735466cecf":"f.8C4C75981FBDA5C274A9290576C3313B.d.2076322CFDD7422C652811C7971ED461.e.18656","ELEMENT":"f.8C4C75981FBDA5C274A9290576C3313B.d.2076322CFDD7422C652811C7971ED461.e.18656"}]}
RESULT: {"script":"<script> [56 bytes]","args":[{"element-6066-11e4-a52e-4f735466cecf":"f.8C4C75981FBDA5C274A9290576C3313B.d.2076322CFDD7422C652811C7971ED461.e.18656","ELEMENT":"f.8C4C75981FBDA5C274A9290576C3313B.d.2076322CFDD7422C652811C7971ED461.e.18656"}]}
COMMAND: GET /session/343af6daf6fbc7ee30938bcb5a9c3885/screenshot - {}
RESULT: {}
COMMAND: POST /session/343af6daf6fbc7ee30938bcb5a9c3885/execute/sync - {"script":"<script> [56 bytes]","args":[{"element-6066-11e4-a52e-4f735466cecf":"f.8C4C75981FBDA5C274A9290576C3313B.d.2076322CFDD7422C652811C7971ED461.e.18656","ELEMENT":"f.8C4C75981FBDA5C274A9290576C3313B.d.2076322CFDD7422C652811C7971ED461.e.18656"}]}
RESULT: {"script":"<script> [56 bytes]","args":[{"element-6066-11e4-a52e-4f735466cecf":"f.8C4C75981FBDA5C274A9290576C3313B.d.2076322CFDD7422C652811C7971ED461.e.18656","ELEMENT":"f.8C4C75981FBDA5C274A9290576C3313B.d.2076322CFDD7422C652811C7971ED461.e.18656"}]}
COMMAND: GET /session/343af6daf6fbc7ee30938bcb5a9c3885/screenshot - {}
RESULT: {}
COMMAND: POST /session/343af6daf6fbc7ee30938bcb5a9c3885/execute/sync - {"script":"<script> [56 bytes]","args":[{"element-6066-11e4-a52e-4f735466cecf":"f.8C4C75981FBDA5C274A9290576C3313B.d.2076322CFDD7422C652811C7971ED461.e.18656","ELEMENT":"f.8C4C75981FBDA5C274A9290576C3313B.d.2076322CFDD7422C652811C7971ED461.e.18656"}]}
RESULT: {"script":"<script> [56 bytes]","args":[{"element-6066-11e4-a52e-4f735466cecf":"f.8C4C75981FBDA5C274A9290576C3313B.d.2076322CFDD7422C652811C7971ED461.e.18656","ELEMENT":"f.8C4C75981FBDA5C274A9290576C3313B.d.2076322CFDD7422C652811C7971ED461.e.18656"}]}
COMMAND: GET /session/343af6daf6fbc7ee30938bcb5a9c3885/screenshot - {}
RESULT: {}
COMMAND: POST /session/343af6daf6fbc7ee30938bcb5a9c3885/execute/sync - {"script":"<script> [56 bytes]","args":[{"element-6066-11e4-a52e-4f735466cecf":"f.8C4C75981FBDA5C274A9290576C3313B.d.2076322CFDD7422C652811C7971ED461.e.18656","ELEMENT":"f.8C4C75981FBDA5C274A9290576C3313B.d.2076322CFDD7422C652811C7971ED461.e.18656"}]}
RESULT: {"script":"<script> [56 bytes]","args":[{"element-6066-11e4-a52e-4f735466cecf":"f.8C4C75981FBDA5C274A9290576C3313B.d.2076322CFDD7422C652811C7971ED461.e.18656","ELEMENT":"f.8C4C75981FBDA5C274A9290576C3313B.d.2076322CFDD7422C652811C7971ED461.e.18656"}]}
COMMAND: GET /session/343af6daf6fbc7ee30938bcb5a9c3885/screenshot - {}
RESULT: {}
COMMAND: POST /session/343af6daf6fbc7ee30938bcb5a9c3885/execute/sync - {"script":"<script> [56 bytes]","args":[{"element-6066-11e4-a52e-4f735466cecf":"f.8C4C75981FBDA5C274A9290576C3313B.d.2076322CFDD7422C652811C7971ED461.e.18656","ELEMENT":"f.8C4C75981FBDA5C274A9290576C3313B.d.2076322CFDD7422C652811C7971ED461.e.18656"}]}
RESULT: {"script":"<script> [56 bytes]","args":[{"element-6066-11e4-a52e-4f735466cecf":"f.8C4C75981FBDA5C274A9290576C3313B.d.2076322CFDD7422C652811C7971ED461.e.18656","ELEMENT":"f.8C4C75981FBDA5C274A9290576C3313B.d.2076322CFDD7422C652811C7971ED461.e.18656"}]}
COMMAND: GET /session/343af6daf6fbc7ee30938bcb5a9c3885/screenshot - {}
RESULT: {}
COMMAND: POST /session/343af6daf6fbc7ee30938bcb5a9c3885/execute/sync - {"script":"<script> [56 bytes]","args":[{"element-6066-11e4-a52e-4f735466cecf":"f.8C4C75981FBDA5C274A9290576C3313B.d.2076322CFDD7422C652811C7971ED461.e.18656","ELEMENT":"f.8C4C75981FBDA5C274A9290576C3313B.d.2076322CFDD7422C652811C7971ED461.e.18656"}]}
RESULT: {"script":"<script> [56 bytes]","args":[{"element-6066-11e4-a52e-4f735466cecf":"f.8C4C75981FBDA5C274A9290576C3313B.d.2076322CFDD7422C652811C7971ED461.e.18656","ELEMENT":"f.8C4C75981FBDA5C274A9290576C3313B.d.2076322CFDD7422C652811C7971ED461.e.18656"}]}
COMMAND: GET /session/343af6daf6fbc7ee30938bcb5a9c3885/screenshot - {}
RESULT: {}
COMMAND: POST /session/343af6daf6fbc7ee30938bcb5a9c3885/execute/sync - {"script":"<script> [56 bytes]","args":[{"element-6066-11e4-a52e-4f735466cecf":"f.8C4C75981FBDA5C274A9290576C3313B.d.2076322CFDD7422C652811C7971ED461.e.18656","ELEMENT":"f.8C4C75981FBDA5C274A9290576C3313B.d.2076322CFDD7422C652811C7971ED461.e.18656"}]}
RESULT: {"script":"<script> [56 bytes]","args":[{"element-6066-11e4-a52e-4f735466cecf":"f.8C4C75981FBDA5C274A9290576C3313B.d.2076322CFDD7422C652811C7971ED461.e.18656","ELEMENT":"f.8C4C75981FBDA5C274A9290576C3313B.d.2076322CFDD7422C652811C7971ED461.e.18656"}]}
COMMAND: GET /session/343af6daf6fbc7ee30938bcb5a9c3885/screenshot - {}
RESULT: {}
COMMAND: POST /session/343af6daf6fbc7ee30938bcb5a9c3885/execute/sync - {"script":"<script> [56 bytes]","args":[{"element-6066-11e4-a52e-4f735466cecf":"f.8C4C75981FBDA5C274A9290576C3313B.d.2076322CFDD7422C652811C7971ED461.e.18656","ELEMENT":"f.8C4C75981FBDA5C274A9290576C3313B.d.2076322CFDD7422C652811C7971ED461.e.18656"}]}
RESULT: {"script":"<script> [56 bytes]","args":[{"element-6066-11e4-a52e-4f735466cecf":"f.8C4C75981FBDA5C274A9290576C3313B.d.2076322CFDD7422C652811C7971ED461.e.18656","ELEMENT":"f.8C4C75981FBDA5C274A9290576C3313B.d.2076322CFDD7422C652811C7971ED461.e.18656"}]}
COMMAND: GET /session/343af6daf6fbc7ee30938bcb5a9c3885/screenshot - {}
RESULT: {}
COMMAND: POST /session/343af6daf6fbc7ee30938bcb5a9c3885/execute/sync - {"script":"<script> [56 bytes]","args":[{"element-6066-11e4-a52e-4f735466cecf":"f.8C4C75981FBDA5C274A9290576C3313B.d.2076322CFDD7422C652811C7971ED461.e.18656","ELEMENT":"f.8C4C75981FBDA5C274A9290576C3313B.d.2076322CFDD7422C652811C7971ED461.e.18656"}]}
RESULT: {"script":"<script> [56 bytes]","args":[{"element-6066-11e4-a52e-4f735466cecf":"f.8C4C75981FBDA5C274A9290576C3313B.d.2076322CFDD7422C652811C7971ED461.e.18656","ELEMENT":"f.8C4C75981FBDA5C274A9290576C3313B.d.2076322CFDD7422C652811C7971ED461.e.18656"}]}
COMMAND: GET /session/343af6daf6fbc7ee30938bcb5a9c3885/screenshot - {}
RESULT: {}
COMMAND: POST /session/343af6daf6fbc7ee30938bcb5a9c3885/execute/sync - {"script":"<script> [56 bytes]","args":[{"element-6066-11e4-a52e-4f735466cecf":"f.8C4C75981FBDA5C274A9290576C3313B.d.2076322CFDD7422C652811C7971ED461.e.18656","ELEMENT":"f.8C4C75981FBDA5C274A9290576C3313B.d.2076322CFDD7422C652811C7971ED461.e.18656"}]}
RESULT: {"script":"<script> [56 bytes]","args":[{"element-6066-11e4-a52e-4f735466cecf":"f.8C4C75981FBDA5C274A9290576C3313B.d.2076322CFDD7422C652811C7971ED461.e.18656","ELEMENT":"f.8C4C75981FBDA5C274A9290576C3313B.d.2076322CFDD7422C652811C7971ED461.e.18656"}]}
COMMAND: GET /session/343af6daf6fbc7ee30938bcb5a9c3885/screenshot - {}
RESULT: {}
COMMAND: POST /session/343af6daf6fbc7ee30938bcb5a9c3885/execute/sync - {"script":"<script> [56 bytes]","args":[{"element-6066-11e4-a52e-4f735466cecf":"f.8C4C75981FBDA5C274A9290576C3313B.d.2076322CFDD7422C652811C7971ED461.e.18656","ELEMENT":"f.8C4C75981FBDA5C274A9290576C3313B.d.2076322CFDD7422C652811C7971ED461.e.18656"}]}
RESULT: {"script":"<script> [56 bytes]","args":[{"element-6066-11e4-a52e-4f735466cecf":"f.8C4C75981FBDA5C274A9290576C3313B.d.2076322CFDD7422C652811C7971ED461.e.18656","ELEMENT":"f.8C4C75981FBDA5C274A9290576C3313B.d.2076322CFDD7422C652811C7971ED461.e.18656"}]}
COMMAND: GET /session/343af6daf6fbc7ee30938bcb5a9c3885/screenshot - {}
RESULT: {}
COMMAND: POST /session/343af6daf6fbc7ee30938bcb5a9c3885/execute/sync - {"script":"<script> [56 bytes]","args":[{"element-6066-11e4-a52e-4f735466cecf":"f.8C4C75981FBDA5C274A9290576C3313B.d.2076322CFDD7422C652811C7971ED461.e.18656","ELEMENT":"f.8C4C75981FBDA5C274A9290576C3313B.d.2076322CFDD7422C652811C7971ED461.e.18656"}]}
RESULT: {"script":"<script> [56 bytes]","args":[{"element-6066-11e4-a52e-4f735466cecf":"f.8C4C75981FBDA5C274A9290576C3313B.d.2076322CFDD7422C652811C7971ED461.e.18656","ELEMENT":"f.8C4C75981FBDA5C274A9290576C3313B.d.2076322CFDD7422C652811C7971ED461.e.18656"}]}
COMMAND: GET /session/343af6daf6fbc7ee30938bcb5a9c3885/screenshot - {}
RESULT: {}
COMMAND: POST /session/343af6daf6fbc7ee30938bcb5a9c3885/execute/sync - {"script":"<script> [56 bytes]","args":[{"element-6066-11e4-a52e-4f735466cecf":"f.8C4C75981FBDA5C274A9290576C3313B.d.2076322CFDD7422C652811C7971ED461.e.18656","ELEMENT":"f.8C4C75981FBDA5C274A9290576C3313B.d.2076322CFDD7422C652811C7971ED461.e.18656"}]}
RESULT: {"script":"<script> [56 bytes]","args":[{"element-6066-11e4-a52e-4f735466cecf":"f.8C4C75981FBDA5C274A9290576C3313B.d.2076322CFDD7422C652811C7971ED461.e.18656","ELEMENT":"f.8C4C75981FBDA5C274A9290576C3313B.d.2076322CFDD7422C652811C7971ED461.e.18656"}]}
COMMAND: GET /session/343af6daf6fbc7ee30938bcb5a9c3885/screenshot - {}
RESULT: {}
COMMAND: POST /session/343af6daf6fbc7ee30938bcb5a9c3885/execute/sync - {"script":"<script> [56 bytes]","args":[{"element-6066-11e4-a52e-4f735466cecf":"f.8C4C75981FBDA5C274A9290576C3313B.d.2076322CFDD7422C652811C7971ED461.e.18656","ELEMENT":"f.8C4C75981FBDA5C274A9290576C3313B.d.2076322CFDD7422C652811C7971ED461.e.18656"}]}
RESULT: {"script":"<script> [56 bytes]","args":[{"element-6066-11e4-a52e-4f735466cecf":"f.8C4C75981FBDA5C274A9290576C3313B.d.2076322CFDD7422C652811C7971ED461.e.18656","ELEMENT":"f.8C4C75981FBDA5C274A9290576C3313B.d.2076322CFDD7422C652811C7971ED461.e.18656"}]}
COMMAND: GET /session/343af6daf6fbc7ee30938bcb5a9c3885/screenshot - {}
RESULT: {}
COMMAND: POST /session/343af6daf6fbc7ee30938bcb5a9c3885/execute/sync - {"script":"<script> [56 bytes]","args":[{"element-6066-11e4-a52e-4f735466cecf":"f.8C4C75981FBDA5C274A9290576C3313B.d.2076322CFDD7422C652811C7971ED461.e.18656","ELEMENT":"f.8C4C75981FBDA5C274A9290576C3313B.d.2076322CFDD7422C652811C7971ED461.e.18656"}]}
RESULT: {"script":"<script> [56 bytes]","args":[{"element-6066-11e4-a52e-4f735466cecf":"f.8C4C75981FBDA5C274A9290576C3313B.d.2076322CFDD7422C652811C7971ED461.e.18656","ELEMENT":"f.8C4C75981FBDA5C274A9290576C3313B.d.2076322CFDD7422C652811C7971ED461.e.18656"}]}
COMMAND: GET /session/343af6daf6fbc7ee30938bcb5a9c3885/screenshot - {}
RESULT: {}
COMMAND: POST /session/343af6daf6fbc7ee30938bcb5a9c3885/execute/sync - {"script":"<script> [56 bytes]","args":[{"element-6066-11e4-a52e-4f735466cecf":"f.8C4C75981FBDA5C274A9290576C3313B.d.2076322CFDD7422C652811C7971ED461.e.18656","ELEMENT":"f.8C4C75981FBDA5C274A9290576C3313B.d.2076322CFDD7422C652811C7971ED461.e.18656"}]}
RESULT: {"script":"<script> [56 bytes]","args":[{"element-6066-11e4-a52e-4f735466cecf":"f.8C4C75981FBDA5C274A9290576C3313B.d.2076322CFDD7422C652811C7971ED461.e.18656","ELEMENT":"f.8C4C75981FBDA5C274A9290576C3313B.d.2076322CFDD7422C652811C7971ED461.e.18656"}]}
COMMAND: GET /session/343af6daf6fbc7ee30938bcb5a9c3885/screenshot - {}
RESULT: {}
COMMAND: POST /session/343af6daf6fbc7ee30938bcb5a9c3885/execute/sync - {"script":"<script> [56 bytes]","args":[{"element-6066-11e4-a52e-4f735466cecf":"f.8C4C75981FBDA5C274A9290576C3313B.d.2076322CFDD7422C652811C7971ED461.e.18656","ELEMENT":"f.8C4C75981FBDA5C274A9290576C3313B.d.2076322CFDD7422C652811C7971ED461.e.18656"}]}
RESULT: {"script":"<script> [56 bytes]","args":[{"element-6066-11e4-a52e-4f735466cecf":"f.8C4C75981FBDA5C274A9290576C3313B.d.2076322CFDD7422C652811C7971ED461.e.18656","ELEMENT":"f.8C4C75981FBDA5C274A9290576C3313B.d.2076322CFDD7422C652811C7971ED461.e.18656"}]}
COMMAND: GET /session/343af6daf6fbc7ee30938bcb5a9c3885/screenshot - {}
RESULT: {}
COMMAND: POST /session/343af6daf6fbc7ee30938bcb5a9c3885/execute/sync - {"script":"<script> [56 bytes]","args":[{"element-6066-11e4-a52e-4f735466cecf":"f.8C4C75981FBDA5C274A9290576C3313B.d.2076322CFDD7422C652811C7971ED461.e.18656","ELEMENT":"f.8C4C75981FBDA5C274A9290576C3313B.d.2076322CFDD7422C652811C7971ED461.e.18656"}]}
RESULT: {"script":"<script> [56 bytes]","args":[{"element-6066-11e4-a52e-4f735466cecf":"f.8C4C75981FBDA5C274A9290576C3313B.d.2076322CFDD7422C652811C7971ED461.e.18656","ELEMENT":"f.8C4C75981FBDA5C274A9290576C3313B.d.2076322CFDD7422C652811C7971ED461.e.18656"}]}
COMMAND: POST /session/343af6daf6fbc7ee30938bcb5a9c3885/element - {"using":"xpath","value":"//td[@aria-colindex=\"1\"]/div/div[contains(@class, \"sapMCbBg\")]"}
COMMAND: GET /session/343af6daf6fbc7ee30938bcb5a9c3885/screenshot - {}
RESULT: {"using":"xpath","value":"//td[@aria-colindex=\"1\"]/div/div[contains(@class, \"sapMCbBg\")]"}
COMMAND: POST /session/343af6daf6fbc7ee30938bcb5a9c3885/element/f.8C4C75981FBDA5C274A9290576C3313B.d.2076322CFDD7422C652811C7971ED461.e.18664/click - {}
RESULT: {}
RESULT: {}
COMMAND: GET /session/343af6daf6fbc7ee30938bcb5a9c3885/screenshot - {}
RESULT: {}
COMMAND: POST /session/343af6daf6fbc7ee30938bcb5a9c3885/element - {"using":"xpath","value":"//bdi[text()=\"Transfer\"]"}
RESULT: {"using":"xpath","value":"//bdi[text()=\"Transfer\"]"}
COMMAND: POST /session/343af6daf6fbc7ee30938bcb5a9c3885/element/f.8C4C75981FBDA5C274A9290576C3313B.d.2076322CFDD7422C652811C7971ED461.e.18665/click - {}
RESULT: {}
COMMAND: GET /session/343af6daf6fbc7ee30938bcb5a9c3885/screenshot - {}
RESULT: {}
COMMAND: POST /session/343af6daf6fbc7ee30938bcb5a9c3885/element - {"using":"xpath","value":"//bdi[contains(text(), \"OK\")]"}
RESULT: {"using":"xpath","value":"//bdi[contains(text(), \"OK\")]"}
COMMAND: POST /session/343af6daf6fbc7ee30938bcb5a9c3885/element/f.8C4C75981FBDA5C274A9290576C3313B.d.2076322CFDD7422C652811C7971ED461.e.18668/click - {}
RESULT: {}
COMMAND: GET /session/343af6daf6fbc7ee30938bcb5a9c3885/screenshot - {}
RESULT: {}
COMMAND: POST /session/343af6daf6fbc7ee30938bcb5a9c3885/element - {"using":"xpath","value":"(//span[contains(text(), \"Completed\")]/parent::div/preceding-sibling::div/span)[1]"}
RESULT: {"using":"xpath","value":"(//span[contains(text(), \"Completed\")]/parent::div/preceding-sibling::div/span)[1]"}
COMMAND: POST /session/343af6daf6fbc7ee30938bcb5a9c3885/element/f.8C4C75981FBDA5C274A9290576C3313B.d.2076322CFDD7422C652811C7971ED461.e.18677/click - {}
RESULT: {}
COMMAND: POST /session/343af6daf6fbc7ee30938bcb5a9c3885/element - {"using":"xpath","value":"//input[contains(@id ,\"application-billingtransfer-display-component---billingWorkbench--smartFilterBar-btnBasicSearch\")]"}
COMMAND: GET /session/343af6daf6fbc7ee30938bcb5a9c3885/screenshot - {}
RESULT: {"using":"xpath","value":"//input[contains(@id ,\"application-billingtransfer-display-component---billingWorkbench--smartFilterBar-btnBasicSearch\")]"}
COMMAND: POST /session/343af6daf6fbc7ee30938bcb5a9c3885/elements - {"using":"xpath","value":"//input[contains(@id ,\"application-billingtransfer-display-component---billingWorkbench--smartFilterBar-btnBasicSearch\")]"}
RESULT: {}
RESULT: {"using":"xpath","value":"//input[contains(@id ,\"application-billingtransfer-display-component---billingWorkbench--smartFilterBar-btnBasicSearch\")]"}
COMMAND: POST /session/343af6daf6fbc7ee30938bcb5a9c3885/execute/sync - {"script":"<script> [8489 bytes]","args":[{"element-6066-11e4-a52e-4f735466cecf":"f.8C4C75981FBDA5C274A9290576C3313B.d.2076322CFDD7422C652811C7971ED461.e.18484","ELEMENT":"f.8C4C75981FBDA5C274A9290576C3313B.d.2076322CFDD7422C652811C7971ED461.e.18484"}]}
RESULT: {"script":"<script> [8489 bytes]","args":[{"element-6066-11e4-a52e-4f735466cecf":"f.8C4C75981FBDA5C274A9290576C3313B.d.2076322CFDD7422C652811C7971ED461.e.18484","ELEMENT":"f.8C4C75981FBDA5C274A9290576C3313B.d.2076322CFDD7422C652811C7971ED461.e.18484"}]}
COMMAND: GET /session/343af6daf6fbc7ee30938bcb5a9c3885/element/f.8C4C75981FBDA5C274A9290576C3313B.d.2076322CFDD7422C652811C7971ED461.e.18484/enabled - {}
COMMAND: GET /session/343af6daf6fbc7ee30938bcb5a9c3885/screenshot - {}
RESULT: {}
COMMAND: POST /session/343af6daf6fbc7ee30938bcb5a9c3885/element/f.8C4C75981FBDA5C274A9290576C3313B.d.2076322CFDD7422C652811C7971ED461.e.18484/click - {}
COMMAND: GET /session/343af6daf6fbc7ee30938bcb5a9c3885/screenshot - {}
RESULT: {}
RESULT: {}
COMMAND: GET /session/343af6daf6fbc7ee30938bcb5a9c3885/screenshot - {}
RESULT: {}
RESULT: {}
COMMAND: POST /session/343af6daf6fbc7ee30938bcb5a9c3885/element/f.8C4C75981FBDA5C274A9290576C3313B.d.2076322CFDD7422C652811C7971ED461.e.18484/clear - {}
RESULT: {}
COMMAND: POST /session/343af6daf6fbc7ee30938bcb5a9c3885/element/f.8C4C75981FBDA5C274A9290576C3313B.d.2076322CFDD7422C652811C7971ED461.e.18484/value - {"text":"10549"}
COMMAND: GET /session/343af6daf6fbc7ee30938bcb5a9c3885/screenshot - {}
RESULT: {"text":"10549"}
COMMAND: POST /session/343af6daf6fbc7ee30938bcb5a9c3885/actions - {"actions":[{"id":"action64","type":"key","parameters":{},"actions":[{"type":"keyDown","value":"î€‡"},{"type":"pause","duration":10},{"type":"keyUp","value":"î€‡"}]}]}
COMMAND: GET /session/343af6daf6fbc7ee30938bcb5a9c3885/screenshot - {}
RESULT: {}
RESULT: {"actions":[{"id":"action64","type":"key","parameters":{},"actions":[{"type":"keyDown","value":"î€‡"},{"type":"pause","duration":10},{"type":"keyUp","value":"î€‡"}]}]}
COMMAND: GET /session/343af6daf6fbc7ee30938bcb5a9c3885/screenshot - {}
RESULT: {}
RESULT: {}
COMMAND: POST /session/343af6daf6fbc7ee30938bcb5a9c3885/element - {"using":"xpath","value":"//span[contains(@id ,\"application-billingtransfer-display-component---billingWorkbench--smartTableBillingRuns-header-inner\")]"}
RESULT: {"using":"xpath","value":"//span[contains(@id ,\"application-billingtransfer-display-component---billingWorkbench--smartTableBillingRuns-header-inner\")]"}
COMMAND: POST /session/343af6daf6fbc7ee30938bcb5a9c3885/elements - {"using":"xpath","value":"//span[contains(@id ,\"application-billingtransfer-display-component---billingWorkbench--smartTableBillingRuns-header-inner\")]"}
RESULT: {"using":"xpath","value":"//span[contains(@id ,\"application-billingtransfer-display-component---billingWorkbench--smartTableBillingRuns-header-inner\")]"}
COMMAND: POST /session/343af6daf6fbc7ee30938bcb5a9c3885/execute/sync - {"script":"<script> [56 bytes]","args":[{"element-6066-11e4-a52e-4f735466cecf":"f.8C4C75981FBDA5C274A9290576C3313B.d.2076322CFDD7422C652811C7971ED461.e.18656","ELEMENT":"f.8C4C75981FBDA5C274A9290576C3313B.d.2076322CFDD7422C652811C7971ED461.e.18656"}]}
RESULT: {"script":"<script> [56 bytes]","args":[{"element-6066-11e4-a52e-4f735466cecf":"f.8C4C75981FBDA5C274A9290576C3313B.d.2076322CFDD7422C652811C7971ED461.e.18656","ELEMENT":"f.8C4C75981FBDA5C274A9290576C3313B.d.2076322CFDD7422C652811C7971ED461.e.18656"}]}
COMMAND: GET /session/343af6daf6fbc7ee30938bcb5a9c3885/screenshot - {}
COMMAND: POST /session/343af6daf6fbc7ee30938bcb5a9c3885/execute/sync - {"script":"<script> [56 bytes]","args":[{"element-6066-11e4-a52e-4f735466cecf":"f.8C4C75981FBDA5C274A9290576C3313B.d.2076322CFDD7422C652811C7971ED461.e.18656","ELEMENT":"f.8C4C75981FBDA5C274A9290576C3313B.d.2076322CFDD7422C652811C7971ED461.e.18656"}]}
RESULT: {}
RESULT: {"script":"<script> [56 bytes]","args":[{"element-6066-11e4-a52e-4f735466cecf":"f.8C4C75981FBDA5C274A9290576C3313B.d.2076322CFDD7422C652811C7971ED461.e.18656","ELEMENT":"f.8C4C75981FBDA5C274A9290576C3313B.d.2076322CFDD7422C652811C7971ED461.e.18656"}]}
COMMAND: GET /session/343af6daf6fbc7ee30938bcb5a9c3885/screenshot - {}
COMMAND: POST /session/343af6daf6fbc7ee30938bcb5a9c3885/execute/sync - {"script":"<script> [56 bytes]","args":[{"element-6066-11e4-a52e-4f735466cecf":"f.8C4C75981FBDA5C274A9290576C3313B.d.2076322CFDD7422C652811C7971ED461.e.18656","ELEMENT":"f.8C4C75981FBDA5C274A9290576C3313B.d.2076322CFDD7422C652811C7971ED461.e.18656"}]}
RESULT: {}
RESULT: {"script":"<script> [56 bytes]","args":[{"element-6066-11e4-a52e-4f735466cecf":"f.8C4C75981FBDA5C274A9290576C3313B.d.2076322CFDD7422C652811C7971ED461.e.18656","ELEMENT":"f.8C4C75981FBDA5C274A9290576C3313B.d.2076322CFDD7422C652811C7971ED461.e.18656"}]}
COMMAND: GET /session/343af6daf6fbc7ee30938bcb5a9c3885/screenshot - {}
RESULT: {}
COMMAND: POST /session/343af6daf6fbc7ee30938bcb5a9c3885/execute/sync - {"script":"<script> [56 bytes]","args":[{"element-6066-11e4-a52e-4f735466cecf":"f.8C4C75981FBDA5C274A9290576C3313B.d.2076322CFDD7422C652811C7971ED461.e.18656","ELEMENT":"f.8C4C75981FBDA5C274A9290576C3313B.d.2076322CFDD7422C652811C7971ED461.e.18656"}]}
RESULT: {"script":"<script> [56 bytes]","args":[{"element-6066-11e4-a52e-4f735466cecf":"f.8C4C75981FBDA5C274A9290576C3313B.d.2076322CFDD7422C652811C7971ED461.e.18656","ELEMENT":"f.8C4C75981FBDA5C274A9290576C3313B.d.2076322CFDD7422C652811C7971ED461.e.18656"}]}
COMMAND: GET /session/343af6daf6fbc7ee30938bcb5a9c3885/screenshot - {}
RESULT: {}
COMMAND: POST /session/343af6daf6fbc7ee30938bcb5a9c3885/execute/sync - {"script":"<script> [56 bytes]","args":[{"element-6066-11e4-a52e-4f735466cecf":"f.8C4C75981FBDA5C274A9290576C3313B.d.2076322CFDD7422C652811C7971ED461.e.18656","ELEMENT":"f.8C4C75981FBDA5C274A9290576C3313B.d.2076322CFDD7422C652811C7971ED461.e.18656"}]}
RESULT: {"script":"<script> [56 bytes]","args":[{"element-6066-11e4-a52e-4f735466cecf":"f.8C4C75981FBDA5C274A9290576C3313B.d.2076322CFDD7422C652811C7971ED461.e.18656","ELEMENT":"f.8C4C75981FBDA5C274A9290576C3313B.d.2076322CFDD7422C652811C7971ED461.e.18656"}]}
COMMAND: POST /session/343af6daf6fbc7ee30938bcb5a9c3885/element - {"using":"css selector","value":"#shell-header-logo"}
COMMAND: GET /session/343af6daf6fbc7ee30938bcb5a9c3885/screenshot - {}
RESULT: {"using":"css selector","value":"#shell-header-logo"}
COMMAND: POST /session/343af6daf6fbc7ee30938bcb5a9c3885/element/f.8C4C75981FBDA5C274A9290576C3313B.d.2076322CFDD7422C652811C7971ED461.e.18482/click - {}
RESULT: {}
RESULT: {}
COMMAND: GET /session/343af6daf6fbc7ee30938bcb5a9c3885/screenshot - {}
RESULT: {}
]]></system-out>
    </testcase>
    <testcase classname="chrome.135_0_7049_96.windows.Billing_Calculation_-_Time_based_(considering_transport_times)_US139738" name="Should navigate to the contract item check the billed until field value" time="37.543">
      <system-out><![CDATA[
RESULT: undefined
COMMAND: POST /session/343af6daf6fbc7ee30938bcb5a9c3885/element - {"using":"xpath","value":"//*[@id=\"__tile130-title\"]"}
RESULT: {"using":"xpath","value":"//*[@id=\"__tile130-title\"]"}
COMMAND: POST /session/343af6daf6fbc7ee30938bcb5a9c3885/element/f.8C4C75981FBDA5C274A9290576C3313B.d.2076322CFDD7422C652811C7971ED461.e.16706/click - {}
RESULT: {}
COMMAND: GET /session/343af6daf6fbc7ee30938bcb5a9c3885/screenshot - {}
COMMAND: POST /session/343af6daf6fbc7ee30938bcb5a9c3885/element - {"using":"xpath","value":"//button[@data-kt=\"addButton\"]"}
RESULT: {}
RESULT: {"using":"xpath","value":"//button[@data-kt=\"addButton\"]"}
COMMAND: POST /session/343af6daf6fbc7ee30938bcb5a9c3885/elements - {"using":"xpath","value":"//button[@data-kt=\"addButton\"]"}
RESULT: {"using":"xpath","value":"//button[@data-kt=\"addButton\"]"}
COMMAND: POST /session/343af6daf6fbc7ee30938bcb5a9c3885/execute/sync - {"script":"<script> [8489 bytes]","args":[{"element-6066-11e4-a52e-4f735466cecf":"f.8C4C75981FBDA5C274A9290576C3313B.d.2076322CFDD7422C652811C7971ED461.e.18758","ELEMENT":"f.8C4C75981FBDA5C274A9290576C3313B.d.2076322CFDD7422C652811C7971ED461.e.18758"}]}
RESULT: {"script":"<script> [8489 bytes]","args":[{"element-6066-11e4-a52e-4f735466cecf":"f.8C4C75981FBDA5C274A9290576C3313B.d.2076322CFDD7422C652811C7971ED461.e.18758","ELEMENT":"f.8C4C75981FBDA5C274A9290576C3313B.d.2076322CFDD7422C652811C7971ED461.e.18758"}]}
COMMAND: GET /session/343af6daf6fbc7ee30938bcb5a9c3885/element/f.8C4C75981FBDA5C274A9290576C3313B.d.2076322CFDD7422C652811C7971ED461.e.18758/enabled - {}
COMMAND: GET /session/343af6daf6fbc7ee30938bcb5a9c3885/screenshot - {}
RESULT: {}
COMMAND: POST /session/343af6daf6fbc7ee30938bcb5a9c3885/execute/sync - {"script":"<script> [8489 bytes]","args":[{"element-6066-11e4-a52e-4f735466cecf":"f.8C4C75981FBDA5C274A9290576C3313B.d.2076322CFDD7422C652811C7971ED461.e.18758","ELEMENT":"f.8C4C75981FBDA5C274A9290576C3313B.d.2076322CFDD7422C652811C7971ED461.e.18758"}]}
COMMAND: GET /session/343af6daf6fbc7ee30938bcb5a9c3885/screenshot - {}
RESULT: {}
RESULT: {"script":"<script> [8489 bytes]","args":[{"element-6066-11e4-a52e-4f735466cecf":"f.8C4C75981FBDA5C274A9290576C3313B.d.2076322CFDD7422C652811C7971ED461.e.18758","ELEMENT":"f.8C4C75981FBDA5C274A9290576C3313B.d.2076322CFDD7422C652811C7971ED461.e.18758"}]}
COMMAND: POST /session/343af6daf6fbc7ee30938bcb5a9c3885/execute/sync - {"script":"<script> [5351 bytes]","args":[{"element-6066-11e4-a52e-4f735466cecf":"f.8C4C75981FBDA5C274A9290576C3313B.d.2076322CFDD7422C652811C7971ED461.e.18758","ELEMENT":"f.8C4C75981FBDA5C274A9290576C3313B.d.2076322CFDD7422C652811C7971ED461.e.18758"}]}
COMMAND: GET /session/343af6daf6fbc7ee30938bcb5a9c3885/screenshot - {}
RESULT: {}
RESULT: {"script":"<script> [5351 bytes]","args":[{"element-6066-11e4-a52e-4f735466cecf":"f.8C4C75981FBDA5C274A9290576C3313B.d.2076322CFDD7422C652811C7971ED461.e.18758","ELEMENT":"f.8C4C75981FBDA5C274A9290576C3313B.d.2076322CFDD7422C652811C7971ED461.e.18758"}]}
COMMAND: POST /session/343af6daf6fbc7ee30938bcb5a9c3885/element - {"using":"xpath","value":"//input[contains(@id ,\"smartContractFilterBar-btnBasicSearch-I\")]"}
COMMAND: GET /session/343af6daf6fbc7ee30938bcb5a9c3885/screenshot - {}
RESULT: {}
RESULT: {"using":"xpath","value":"//input[contains(@id ,\"smartContractFilterBar-btnBasicSearch-I\")]"}
COMMAND: POST /session/343af6daf6fbc7ee30938bcb5a9c3885/elements - {"using":"xpath","value":"//input[contains(@id ,\"smartContractFilterBar-btnBasicSearch-I\")]"}
RESULT: {}
RESULT: {"using":"xpath","value":"//input[contains(@id ,\"smartContractFilterBar-btnBasicSearch-I\")]"}
COMMAND: POST /session/343af6daf6fbc7ee30938bcb5a9c3885/execute/sync - {"script":"<script> [8489 bytes]","args":[{"element-6066-11e4-a52e-4f735466cecf":"f.8C4C75981FBDA5C274A9290576C3313B.d.2076322CFDD7422C652811C7971ED461.e.18684","ELEMENT":"f.8C4C75981FBDA5C274A9290576C3313B.d.2076322CFDD7422C652811C7971ED461.e.18684"}]}
RESULT: {"script":"<script> [8489 bytes]","args":[{"element-6066-11e4-a52e-4f735466cecf":"f.8C4C75981FBDA5C274A9290576C3313B.d.2076322CFDD7422C652811C7971ED461.e.18684","ELEMENT":"f.8C4C75981FBDA5C274A9290576C3313B.d.2076322CFDD7422C652811C7971ED461.e.18684"}]}
COMMAND: GET /session/343af6daf6fbc7ee30938bcb5a9c3885/element/f.8C4C75981FBDA5C274A9290576C3313B.d.2076322CFDD7422C652811C7971ED461.e.18684/enabled - {}
COMMAND: GET /session/343af6daf6fbc7ee30938bcb5a9c3885/screenshot - {}
RESULT: {}
COMMAND: POST /session/343af6daf6fbc7ee30938bcb5a9c3885/element/f.8C4C75981FBDA5C274A9290576C3313B.d.2076322CFDD7422C652811C7971ED461.e.18684/clear - {}
COMMAND: GET /session/343af6daf6fbc7ee30938bcb5a9c3885/screenshot - {}
RESULT: {}
RESULT: {}
COMMAND: POST /session/343af6daf6fbc7ee30938bcb5a9c3885/element/f.8C4C75981FBDA5C274A9290576C3313B.d.2076322CFDD7422C652811C7971ED461.e.18684/value - {"text":"10549"}
COMMAND: GET /session/343af6daf6fbc7ee30938bcb5a9c3885/screenshot - {}
RESULT: {}
RESULT: {"text":"10549"}
COMMAND: GET /session/343af6daf6fbc7ee30938bcb5a9c3885/screenshot - {}
RESULT: {}
RESULT: {}
COMMAND: POST /session/343af6daf6fbc7ee30938bcb5a9c3885/actions - {"actions":[{"id":"action65","type":"key","parameters":{},"actions":[{"type":"keyDown","value":"î€‡"},{"type":"pause","duration":10},{"type":"keyUp","value":"î€‡"}]}]}
RESULT: {"actions":[{"id":"action65","type":"key","parameters":{},"actions":[{"type":"keyDown","value":"î€‡"},{"type":"pause","duration":10},{"type":"keyUp","value":"î€‡"}]}]}
COMMAND: GET /session/343af6daf6fbc7ee30938bcb5a9c3885/screenshot - {}
RESULT: {}
COMMAND: POST /session/343af6daf6fbc7ee30938bcb5a9c3885/element - {"using":"xpath","value":"//span[contains(@id, \"masterListContractsSmartTable-header-inner\")]"}
RESULT: {"using":"xpath","value":"//span[contains(@id, \"masterListContractsSmartTable-header-inner\")]"}
COMMAND: POST /session/343af6daf6fbc7ee30938bcb5a9c3885/elements - {"using":"xpath","value":"//span[contains(@id, \"masterListContractsSmartTable-header-inner\")]"}
RESULT: {"using":"xpath","value":"//span[contains(@id, \"masterListContractsSmartTable-header-inner\")]"}
COMMAND: POST /session/343af6daf6fbc7ee30938bcb5a9c3885/execute/sync - {"script":"<script> [56 bytes]","args":[{"element-6066-11e4-a52e-4f735466cecf":"f.8C4C75981FBDA5C274A9290576C3313B.d.2076322CFDD7422C652811C7971ED461.e.18818","ELEMENT":"f.8C4C75981FBDA5C274A9290576C3313B.d.2076322CFDD7422C652811C7971ED461.e.18818"}]}
RESULT: {"script":"<script> [56 bytes]","args":[{"element-6066-11e4-a52e-4f735466cecf":"f.8C4C75981FBDA5C274A9290576C3313B.d.2076322CFDD7422C652811C7971ED461.e.18818","ELEMENT":"f.8C4C75981FBDA5C274A9290576C3313B.d.2076322CFDD7422C652811C7971ED461.e.18818"}]}
COMMAND: POST /session/343af6daf6fbc7ee30938bcb5a9c3885/element - {"using":"xpath","value":"(//span[contains(@id, \"imgNav\")])[1]"}
COMMAND: GET /session/343af6daf6fbc7ee30938bcb5a9c3885/screenshot - {}
RESULT: {"using":"xpath","value":"(//span[contains(@id, \"imgNav\")])[1]"}
COMMAND: POST /session/343af6daf6fbc7ee30938bcb5a9c3885/element/f.8C4C75981FBDA5C274A9290576C3313B.d.2076322CFDD7422C652811C7971ED461.e.18817/click - {}
RESULT: {}
RESULT: {}
COMMAND: GET /session/343af6daf6fbc7ee30938bcb5a9c3885/screenshot - {}
RESULT: {}
COMMAND: POST /session/343af6daf6fbc7ee30938bcb5a9c3885/element - {"using":"xpath","value":"//tr[@data-kt=\"productsColumnListItem\"]//td//span[contains(@id, \"imgNav\")][1]"}
RESULT: {"using":"xpath","value":"//tr[@data-kt=\"productsColumnListItem\"]//td//span[contains(@id, \"imgNav\")][1]"}
COMMAND: POST /session/343af6daf6fbc7ee30938bcb5a9c3885/element/f.8C4C75981FBDA5C274A9290576C3313B.d.2076322CFDD7422C652811C7971ED461.e.18981/click - {}
RESULT: {}
COMMAND: GET /session/343af6daf6fbc7ee30938bcb5a9c3885/screenshot - {}
RESULT: {}
COMMAND: POST /session/343af6daf6fbc7ee30938bcb5a9c3885/element - {"using":"xpath","value":"//section[contains(@id, \"application-managecontracts-display-component---BillingItem--ObjectPageLayout-OPHeaderContent\")]/div/div/div/div/div[2]/div/div[2]/span"}
RESULT: {"using":"xpath","value":"//section[contains(@id, \"application-managecontracts-display-component---BillingItem--ObjectPageLayout-OPHeaderContent\")]/div/div/div/div/div[2]/div/div[2]/span"}
COMMAND: POST /session/343af6daf6fbc7ee30938bcb5a9c3885/execute/sync - {"script":"<script> [56 bytes]","args":[{"element-6066-11e4-a52e-4f735466cecf":"f.8C4C75981FBDA5C274A9290576C3313B.d.2076322CFDD7422C652811C7971ED461.e.19117","ELEMENT":"f.8C4C75981FBDA5C274A9290576C3313B.d.2076322CFDD7422C652811C7971ED461.e.19117"}]}
RESULT: {"script":"<script> [56 bytes]","args":[{"element-6066-11e4-a52e-4f735466cecf":"f.8C4C75981FBDA5C274A9290576C3313B.d.2076322CFDD7422C652811C7971ED461.e.19117","ELEMENT":"f.8C4C75981FBDA5C274A9290576C3313B.d.2076322CFDD7422C652811C7971ED461.e.19117"}]}
COMMAND: POST /session/343af6daf6fbc7ee30938bcb5a9c3885/element - {"using":"xpath","value":"//table[contains(@id, \"application-managecontracts-display-component---BillingItem--billingList-listUl\")]//td//*[contains(text(), \"partial billed\")]"}
COMMAND: GET /session/343af6daf6fbc7ee30938bcb5a9c3885/screenshot - {}
RESULT: {"using":"xpath","value":"//table[contains(@id, \"application-managecontracts-display-component---BillingItem--billingList-listUl\")]//td//*[contains(text(), \"partial billed\")]"}
COMMAND: POST /session/343af6daf6fbc7ee30938bcb5a9c3885/execute/sync - {"script":"<script> [56 bytes]","args":[{"element-6066-11e4-a52e-4f735466cecf":"f.8C4C75981FBDA5C274A9290576C3313B.d.2076322CFDD7422C652811C7971ED461.e.19118","ELEMENT":"f.8C4C75981FBDA5C274A9290576C3313B.d.2076322CFDD7422C652811C7971ED461.e.19118"}]}
RESULT: {}
RESULT: {"script":"<script> [56 bytes]","args":[{"element-6066-11e4-a52e-4f735466cecf":"f.8C4C75981FBDA5C274A9290576C3313B.d.2076322CFDD7422C652811C7971ED461.e.19118","ELEMENT":"f.8C4C75981FBDA5C274A9290576C3313B.d.2076322CFDD7422C652811C7971ED461.e.19118"}]}
COMMAND: POST /session/343af6daf6fbc7ee30938bcb5a9c3885/element - {"using":"css selector","value":"#shell-header-logo"}
COMMAND: GET /session/343af6daf6fbc7ee30938bcb5a9c3885/screenshot - {}
RESULT: {"using":"css selector","value":"#shell-header-logo"}
COMMAND: POST /session/343af6daf6fbc7ee30938bcb5a9c3885/element/f.8C4C75981FBDA5C274A9290576C3313B.d.2076322CFDD7422C652811C7971ED461.e.18682/click - {}
RESULT: {}
RESULT: {}
COMMAND: GET /session/343af6daf6fbc7ee30938bcb5a9c3885/screenshot - {}
RESULT: {}
]]></system-out>
    </testcase>
    <testcase classname="chrome.135_0_7049_96.windows.Billing_Calculation_-_Time_based_(considering_transport_times)_US139738" name="Should do a handover return 2 step 7 days after provide or 14 days from today receive it in 21 days" time="153.158">
      <system-out><![CDATA[
RESULT: undefined
COMMAND: POST /session/343af6daf6fbc7ee30938bcb5a9c3885/element - {"using":"xpath","value":"//*[@id=\"__tile130-title\"]"}
RESULT: {"using":"xpath","value":"//*[@id=\"__tile130-title\"]"}
COMMAND: POST /session/343af6daf6fbc7ee30938bcb5a9c3885/element/f.8C4C75981FBDA5C274A9290576C3313B.d.2076322CFDD7422C652811C7971ED461.e.16706/click - {}
RESULT: {}
COMMAND: GET /session/343af6daf6fbc7ee30938bcb5a9c3885/screenshot - {}
COMMAND: POST /session/343af6daf6fbc7ee30938bcb5a9c3885/element - {"using":"xpath","value":"//button[@data-kt=\"addButton\"]"}
RESULT: {}
RESULT: {"using":"xpath","value":"//button[@data-kt=\"addButton\"]"}
COMMAND: POST /session/343af6daf6fbc7ee30938bcb5a9c3885/elements - {"using":"xpath","value":"//button[@data-kt=\"addButton\"]"}
RESULT: {"using":"xpath","value":"//button[@data-kt=\"addButton\"]"}
COMMAND: POST /session/343af6daf6fbc7ee30938bcb5a9c3885/execute/sync - {"script":"<script> [8489 bytes]","args":[{"element-6066-11e4-a52e-4f735466cecf":"f.8C4C75981FBDA5C274A9290576C3313B.d.2076322CFDD7422C652811C7971ED461.e.19188","ELEMENT":"f.8C4C75981FBDA5C274A9290576C3313B.d.2076322CFDD7422C652811C7971ED461.e.19188"}]}
RESULT: {"script":"<script> [8489 bytes]","args":[{"element-6066-11e4-a52e-4f735466cecf":"f.8C4C75981FBDA5C274A9290576C3313B.d.2076322CFDD7422C652811C7971ED461.e.19188","ELEMENT":"f.8C4C75981FBDA5C274A9290576C3313B.d.2076322CFDD7422C652811C7971ED461.e.19188"}]}
COMMAND: GET /session/343af6daf6fbc7ee30938bcb5a9c3885/element/f.8C4C75981FBDA5C274A9290576C3313B.d.2076322CFDD7422C652811C7971ED461.e.19188/enabled - {}
COMMAND: GET /session/343af6daf6fbc7ee30938bcb5a9c3885/screenshot - {}
RESULT: {}
COMMAND: POST /session/343af6daf6fbc7ee30938bcb5a9c3885/execute/sync - {"script":"<script> [8489 bytes]","args":[{"element-6066-11e4-a52e-4f735466cecf":"f.8C4C75981FBDA5C274A9290576C3313B.d.2076322CFDD7422C652811C7971ED461.e.19188","ELEMENT":"f.8C4C75981FBDA5C274A9290576C3313B.d.2076322CFDD7422C652811C7971ED461.e.19188"}]}
COMMAND: GET /session/343af6daf6fbc7ee30938bcb5a9c3885/screenshot - {}
RESULT: {}
RESULT: {"script":"<script> [8489 bytes]","args":[{"element-6066-11e4-a52e-4f735466cecf":"f.8C4C75981FBDA5C274A9290576C3313B.d.2076322CFDD7422C652811C7971ED461.e.19188","ELEMENT":"f.8C4C75981FBDA5C274A9290576C3313B.d.2076322CFDD7422C652811C7971ED461.e.19188"}]}
COMMAND: POST /session/343af6daf6fbc7ee30938bcb5a9c3885/execute/sync - {"script":"<script> [5351 bytes]","args":[{"element-6066-11e4-a52e-4f735466cecf":"f.8C4C75981FBDA5C274A9290576C3313B.d.2076322CFDD7422C652811C7971ED461.e.19188","ELEMENT":"f.8C4C75981FBDA5C274A9290576C3313B.d.2076322CFDD7422C652811C7971ED461.e.19188"}]}
COMMAND: GET /session/343af6daf6fbc7ee30938bcb5a9c3885/screenshot - {}
RESULT: {}
RESULT: {"script":"<script> [5351 bytes]","args":[{"element-6066-11e4-a52e-4f735466cecf":"f.8C4C75981FBDA5C274A9290576C3313B.d.2076322CFDD7422C652811C7971ED461.e.19188","ELEMENT":"f.8C4C75981FBDA5C274A9290576C3313B.d.2076322CFDD7422C652811C7971ED461.e.19188"}]}
COMMAND: GET /session/343af6daf6fbc7ee30938bcb5a9c3885/screenshot - {}
RESULT: {}
RESULT: {}
COMMAND: POST /session/343af6daf6fbc7ee30938bcb5a9c3885/element - {"using":"xpath","value":"//input[contains(@id ,\"smartContractFilterBar-btnBasicSearch-I\")]"}
RESULT: {"using":"xpath","value":"//input[contains(@id ,\"smartContractFilterBar-btnBasicSearch-I\")]"}
COMMAND: POST /session/343af6daf6fbc7ee30938bcb5a9c3885/elements - {"using":"xpath","value":"//input[contains(@id ,\"smartContractFilterBar-btnBasicSearch-I\")]"}
RESULT: {"using":"xpath","value":"//input[contains(@id ,\"smartContractFilterBar-btnBasicSearch-I\")]"}
COMMAND: POST /session/343af6daf6fbc7ee30938bcb5a9c3885/execute/sync - {"script":"<script> [8489 bytes]","args":[{"element-6066-11e4-a52e-4f735466cecf":"f.8C4C75981FBDA5C274A9290576C3313B.d.2076322CFDD7422C652811C7971ED461.e.19124","ELEMENT":"f.8C4C75981FBDA5C274A9290576C3313B.d.2076322CFDD7422C652811C7971ED461.e.19124"}]}
RESULT: {"script":"<script> [8489 bytes]","args":[{"element-6066-11e4-a52e-4f735466cecf":"f.8C4C75981FBDA5C274A9290576C3313B.d.2076322CFDD7422C652811C7971ED461.e.19124","ELEMENT":"f.8C4C75981FBDA5C274A9290576C3313B.d.2076322CFDD7422C652811C7971ED461.e.19124"}]}
COMMAND: GET /session/343af6daf6fbc7ee30938bcb5a9c3885/element/f.8C4C75981FBDA5C274A9290576C3313B.d.2076322CFDD7422C652811C7971ED461.e.19124/enabled - {}
COMMAND: GET /session/343af6daf6fbc7ee30938bcb5a9c3885/screenshot - {}
RESULT: {}
COMMAND: POST /session/343af6daf6fbc7ee30938bcb5a9c3885/element/f.8C4C75981FBDA5C274A9290576C3313B.d.2076322CFDD7422C652811C7971ED461.e.19124/clear - {}
COMMAND: GET /session/343af6daf6fbc7ee30938bcb5a9c3885/screenshot - {}
RESULT: {}
RESULT: {}
COMMAND: POST /session/343af6daf6fbc7ee30938bcb5a9c3885/element/f.8C4C75981FBDA5C274A9290576C3313B.d.2076322CFDD7422C652811C7971ED461.e.19124/value - {"text":"10549"}
COMMAND: GET /session/343af6daf6fbc7ee30938bcb5a9c3885/screenshot - {}
RESULT: {}
RESULT: {"text":"10549"}
COMMAND: GET /session/343af6daf6fbc7ee30938bcb5a9c3885/screenshot - {}
RESULT: {}
RESULT: {}
COMMAND: POST /session/343af6daf6fbc7ee30938bcb5a9c3885/actions - {"actions":[{"id":"action66","type":"key","parameters":{},"actions":[{"type":"keyDown","value":"î€‡"},{"type":"pause","duration":10},{"type":"keyUp","value":"î€‡"}]}]}
RESULT: {"actions":[{"id":"action66","type":"key","parameters":{},"actions":[{"type":"keyDown","value":"î€‡"},{"type":"pause","duration":10},{"type":"keyUp","value":"î€‡"}]}]}
COMMAND: GET /session/343af6daf6fbc7ee30938bcb5a9c3885/screenshot - {}
RESULT: {}
COMMAND: POST /session/343af6daf6fbc7ee30938bcb5a9c3885/element - {"using":"xpath","value":"//span[contains(@id, \"masterListContractsSmartTable-header-inner\")]"}
RESULT: {"using":"xpath","value":"//span[contains(@id, \"masterListContractsSmartTable-header-inner\")]"}
COMMAND: POST /session/343af6daf6fbc7ee30938bcb5a9c3885/elements - {"using":"xpath","value":"//span[contains(@id, \"masterListContractsSmartTable-header-inner\")]"}
RESULT: {"using":"xpath","value":"//span[contains(@id, \"masterListContractsSmartTable-header-inner\")]"}
COMMAND: POST /session/343af6daf6fbc7ee30938bcb5a9c3885/execute/sync - {"script":"<script> [56 bytes]","args":[{"element-6066-11e4-a52e-4f735466cecf":"f.8C4C75981FBDA5C274A9290576C3313B.d.2076322CFDD7422C652811C7971ED461.e.19435","ELEMENT":"f.8C4C75981FBDA5C274A9290576C3313B.d.2076322CFDD7422C652811C7971ED461.e.19435"}]}
RESULT: {"script":"<script> [56 bytes]","args":[{"element-6066-11e4-a52e-4f735466cecf":"f.8C4C75981FBDA5C274A9290576C3313B.d.2076322CFDD7422C652811C7971ED461.e.19435","ELEMENT":"f.8C4C75981FBDA5C274A9290576C3313B.d.2076322CFDD7422C652811C7971ED461.e.19435"}]}
COMMAND: POST /session/343af6daf6fbc7ee30938bcb5a9c3885/element - {"using":"xpath","value":"(//span[contains(@id, \"imgNav\")])[1]"}
COMMAND: GET /session/343af6daf6fbc7ee30938bcb5a9c3885/screenshot - {}
RESULT: {"using":"xpath","value":"(//span[contains(@id, \"imgNav\")])[1]"}
COMMAND: POST /session/343af6daf6fbc7ee30938bcb5a9c3885/element/f.8C4C75981FBDA5C274A9290576C3313B.d.2076322CFDD7422C652811C7971ED461.e.19432/click - {}
RESULT: {}
RESULT: {}
COMMAND: GET /session/343af6daf6fbc7ee30938bcb5a9c3885/screenshot - {}
RESULT: {}
COMMAND: POST /session/343af6daf6fbc7ee30938bcb5a9c3885/element - {"using":"xpath","value":"//button[contains(@id, \"contractDetailReturnButton\")]"}
RESULT: {"using":"xpath","value":"//button[contains(@id, \"contractDetailReturnButton\")]"}
COMMAND: POST /session/343af6daf6fbc7ee30938bcb5a9c3885/element/f.8C4C75981FBDA5C274A9290576C3313B.d.2076322CFDD7422C652811C7971ED461.e.19514/click - {}
RESULT: {}
COMMAND: GET /session/343af6daf6fbc7ee30938bcb5a9c3885/screenshot - {}
RESULT: {}
RESULT: undefined
COMMAND: POST /session/343af6daf6fbc7ee30938bcb5a9c3885/execute/async - {"script":"<script> [776 bytes]","args":[{"enterText":"05/19/25","selector":{"id":"application-managehandovers-display-component---AddNewHO--dueDate","interaction":{"idSuffix":"inner"}},"clearTextFirst":true,"interactionType":"ENTER_TEXT"}]}
RESULT: {"script":"<script> [776 bytes]","args":[{"enterText":"05/19/25","selector":{"id":"application-managehandovers-display-component---AddNewHO--dueDate","interaction":{"idSuffix":"inner"}},"clearTextFirst":true,"interactionType":"ENTER_TEXT"}]}
COMMAND: POST /session/343af6daf6fbc7ee30938bcb5a9c3885/element - {"using":"xpath","value":"//bdi[contains(text(), \"Instructions\")]"}
RESULT: {"using":"xpath","value":"//bdi[contains(text(), \"Instructions\")]"}
COMMAND: POST /session/343af6daf6fbc7ee30938bcb5a9c3885/element/f.8C4C75981FBDA5C274A9290576C3313B.d.2076322CFDD7422C652811C7971ED461.e.19899/click - {}
RESULT: {}
COMMAND: GET /session/343af6daf6fbc7ee30938bcb5a9c3885/screenshot - {}
RESULT: {}
COMMAND: POST /session/343af6daf6fbc7ee30938bcb5a9c3885/element - {"using":"xpath","value":"//button[@data-kt=\"AddNewHOProvideAddItemsButton\"]"}
RESULT: {"using":"xpath","value":"//button[@data-kt=\"AddNewHOProvideAddItemsButton\"]"}
COMMAND: POST /session/343af6daf6fbc7ee30938bcb5a9c3885/element/f.8C4C75981FBDA5C274A9290576C3313B.d.2076322CFDD7422C652811C7971ED461.e.19722/click - {}
RESULT: {}
COMMAND: GET /session/343af6daf6fbc7ee30938bcb5a9c3885/screenshot - {}
RESULT: {}
RESULT: undefined
COMMAND: POST /session/343af6daf6fbc7ee30938bcb5a9c3885/element - {"using":"xpath","value":"//*[@id=\"application-managehandovers-display-component---AddNewHO--popup-sa\"]"}
RESULT: {"using":"xpath","value":"//*[@id=\"application-managehandovers-display-component---AddNewHO--popup-sa\"]"}
COMMAND: POST /session/343af6daf6fbc7ee30938bcb5a9c3885/element/f.8C4C75981FBDA5C274A9290576C3313B.d.2076322CFDD7422C652811C7971ED461.e.19919/click - {}
RESULT: {}
COMMAND: GET /session/343af6daf6fbc7ee30938bcb5a9c3885/screenshot - {}
RESULT: {}
COMMAND: POST /session/343af6daf6fbc7ee30938bcb5a9c3885/element - {"using":"xpath","value":"//*[contains(@id ,\"BDI-content\")][contains(text(), \"Select\")]"}
RESULT: {"using":"xpath","value":"//*[contains(@id ,\"BDI-content\")][contains(text(), \"Select\")]"}
COMMAND: POST /session/343af6daf6fbc7ee30938bcb5a9c3885/element/f.8C4C75981FBDA5C274A9290576C3313B.d.2076322CFDD7422C652811C7971ED461.e.19921/click - {}
RESULT: {}
COMMAND: GET /session/343af6daf6fbc7ee30938bcb5a9c3885/screenshot - {}
RESULT: {}
COMMAND: POST /session/343af6daf6fbc7ee30938bcb5a9c3885/element - {"using":"xpath","value":"(//div[contains(@id, \"application-managehandovers-display-component---AddNewHO--oneStep-CbBg\")])"}
RESULT: {"using":"xpath","value":"(//div[contains(@id, \"application-managehandovers-display-component---AddNewHO--oneStep-CbBg\")])"}
COMMAND: POST /session/343af6daf6fbc7ee30938bcb5a9c3885/element/f.8C4C75981FBDA5C274A9290576C3313B.d.2076322CFDD7422C652811C7971ED461.e.19929/click - {}
RESULT: {}
RESULT: undefined
COMMAND: POST /session/343af6daf6fbc7ee30938bcb5a9c3885/element - {"using":"xpath","value":"//*[@id=\"application-managehandovers-display-component---AddNewHO--confirmCreationButton\"]"}
COMMAND: GET /session/343af6daf6fbc7ee30938bcb5a9c3885/screenshot - {}
RESULT: {"using":"xpath","value":"//*[@id=\"application-managehandovers-display-component---AddNewHO--confirmCreationButton\"]"}
COMMAND: POST /session/343af6daf6fbc7ee30938bcb5a9c3885/element/f.8C4C75981FBDA5C274A9290576C3313B.d.2076322CFDD7422C652811C7971ED461.e.19729/click - {}
RESULT: {}
RESULT: {}
COMMAND: GET /session/343af6daf6fbc7ee30938bcb5a9c3885/screenshot - {}
RESULT: {}
COMMAND: POST /session/343af6daf6fbc7ee30938bcb5a9c3885/element - {"using":"xpath","value":"//button[@data-kt=\"PickingTableConfirmAllButton\"]"}
RESULT: {"using":"xpath","value":"//button[@data-kt=\"PickingTableConfirmAllButton\"]"}
COMMAND: POST /session/343af6daf6fbc7ee30938bcb5a9c3885/element/f.8C4C75981FBDA5C274A9290576C3313B.d.2076322CFDD7422C652811C7971ED461.e.19968/click - {}
COMMAND: POST /session/343af6daf6fbc7ee30938bcb5a9c3885/element - {"using":"xpath","value":"//button[@data-kt=\"PickingTableConfirmAllButton\"]"}
RESULT: {"using":"xpath","value":"//button[@data-kt=\"PickingTableConfirmAllButton\"]"}
COMMAND: POST /session/343af6daf6fbc7ee30938bcb5a9c3885/element/f.8C4C75981FBDA5C274A9290576C3313B.d.2076322CFDD7422C652811C7971ED461.e.19968/click - {}
COMMAND: POST /session/343af6daf6fbc7ee30938bcb5a9c3885/element - {"using":"xpath","value":"//button[@data-kt=\"PickingTableConfirmAllButton\"]"}
RESULT: {"using":"xpath","value":"//button[@data-kt=\"PickingTableConfirmAllButton\"]"}
COMMAND: POST /session/343af6daf6fbc7ee30938bcb5a9c3885/element/f.8C4C75981FBDA5C274A9290576C3313B.d.2076322CFDD7422C652811C7971ED461.e.19982/click - {}
RESULT: {}
COMMAND: GET /session/343af6daf6fbc7ee30938bcb5a9c3885/screenshot - {}
RESULT: {}
COMMAND: POST /session/343af6daf6fbc7ee30938bcb5a9c3885/element - {"using":"xpath","value":"//bdi[contains(text(), \"OK\")]"}
RESULT: {"using":"xpath","value":"//bdi[contains(text(), \"OK\")]"}
COMMAND: POST /session/343af6daf6fbc7ee30938bcb5a9c3885/element/f.8C4C75981FBDA5C274A9290576C3313B.d.2076322CFDD7422C652811C7971ED461.e.19984/click - {}
RESULT: {}
COMMAND: GET /session/343af6daf6fbc7ee30938bcb5a9c3885/screenshot - {}
RESULT: {}
COMMAND: POST /session/343af6daf6fbc7ee30938bcb5a9c3885/element - {"using":"xpath","value":"//button[@data-kt=\"execHoPickButton\"]"}
RESULT: {"using":"xpath","value":"//button[@data-kt=\"execHoPickButton\"]"}
COMMAND: POST /session/343af6daf6fbc7ee30938bcb5a9c3885/element/f.8C4C75981FBDA5C274A9290576C3313B.d.2076322CFDD7422C652811C7971ED461.e.19986/click - {}
RESULT: {}
COMMAND: GET /session/343af6daf6fbc7ee30938bcb5a9c3885/screenshot - {}
RESULT: {}
COMMAND: POST /session/343af6daf6fbc7ee30938bcb5a9c3885/element - {"using":"xpath","value":"//span[contains(@id ,\"filterItemControl_BASIC-SEND_CONTRACT-vhi\")]"}
RESULT: {"using":"xpath","value":"//span[contains(@id ,\"filterItemControl_BASIC-SEND_CONTRACT-vhi\")]"}
COMMAND: POST /session/343af6daf6fbc7ee30938bcb5a9c3885/element/f.8C4C75981FBDA5C274A9290576C3313B.d.2076322CFDD7422C652811C7971ED461.e.20160/click - {}
RESULT: {}
COMMAND: GET /session/343af6daf6fbc7ee30938bcb5a9c3885/screenshot - {}
RESULT: {}
RESULT: undefined
COMMAND: POST /session/343af6daf6fbc7ee30938bcb5a9c3885/execute/async - {"script":"<script> [776 bytes]","args":[{"enterText":"10549","selector":{"controlType":"sap.m.SearchField","viewName":"etm.portal.ui.managehandovers.view.MasterHO","bindingPath":{"path":"","propertyPath":"/_BASIC_SEARCH_FIELD","modelName":"fi1t3rM0d31"},"searchOpenDialogs":true,"interaction":{"idSuffix":"I"}},"clearTextFirst":true,"interactionType":"ENTER_TEXT"}]}
RESULT: {"script":"<script> [776 bytes]","args":[{"enterText":"10549","selector":{"controlType":"sap.m.SearchField","viewName":"etm.portal.ui.managehandovers.view.MasterHO","bindingPath":{"path":"","propertyPath":"/_BASIC_SEARCH_FIELD","modelName":"fi1t3rM0d31"},"searchOpenDialogs":true,"interaction":{"idSuffix":"I"}},"clearTextFirst":true,"interactionType":"ENTER_TEXT"}]}
COMMAND: POST /session/343af6daf6fbc7ee30938bcb5a9c3885/actions - {"actions":[{"id":"action67","type":"key","parameters":{},"actions":[{"type":"keyDown","value":"î€‡"},{"type":"pause","duration":10},{"type":"keyUp","value":"î€‡"}]}]}
RESULT: {"actions":[{"id":"action67","type":"key","parameters":{},"actions":[{"type":"keyDown","value":"î€‡"},{"type":"pause","duration":10},{"type":"keyUp","value":"î€‡"}]}]}
COMMAND: GET /session/343af6daf6fbc7ee30938bcb5a9c3885/screenshot - {}
RESULT: {}
COMMAND: POST /session/343af6daf6fbc7ee30938bcb5a9c3885/element - {"using":"xpath","value":"//div[contains(@id, 'filterItemControl_BASIC-SEND_CONTRACT-valueHelpDialog-table-rowsel0')]"}
RESULT: {"using":"xpath","value":"//div[contains(@id, 'filterItemControl_BASIC-SEND_CONTRACT-valueHelpDialog-table-rowsel0')]"}
COMMAND: POST /session/343af6daf6fbc7ee30938bcb5a9c3885/element/f.8C4C75981FBDA5C274A9290576C3313B.d.2076322CFDD7422C652811C7971ED461.e.20168/click - {}
RESULT: {}
COMMAND: GET /session/343af6daf6fbc7ee30938bcb5a9c3885/screenshot - {}
RESULT: {}
COMMAND: POST /session/343af6daf6fbc7ee30938bcb5a9c3885/element - {"using":"xpath","value":"//bdi[contains(text(), \"OK\")]"}
RESULT: {"using":"xpath","value":"//bdi[contains(text(), \"OK\")]"}
COMMAND: POST /session/343af6daf6fbc7ee30938bcb5a9c3885/element/f.8C4C75981FBDA5C274A9290576C3313B.d.2076322CFDD7422C652811C7971ED461.e.20170/click - {}
RESULT: {}
COMMAND: GET /session/343af6daf6fbc7ee30938bcb5a9c3885/screenshot - {}
RESULT: {}
COMMAND: POST /session/343af6daf6fbc7ee30938bcb5a9c3885/element - {"using":"xpath","value":"//span[contains(@id, \"smartTable-header-inner\")]"}
RESULT: {"using":"xpath","value":"//span[contains(@id, \"smartTable-header-inner\")]"}
COMMAND: POST /session/343af6daf6fbc7ee30938bcb5a9c3885/elements - {"using":"xpath","value":"//span[contains(@id, \"smartTable-header-inner\")]"}
RESULT: {"using":"xpath","value":"//span[contains(@id, \"smartTable-header-inner\")]"}
COMMAND: POST /session/343af6daf6fbc7ee30938bcb5a9c3885/execute/sync - {"script":"<script> [56 bytes]","args":[{"element-6066-11e4-a52e-4f735466cecf":"f.8C4C75981FBDA5C274A9290576C3313B.d.2076322CFDD7422C652811C7971ED461.e.20199","ELEMENT":"f.8C4C75981FBDA5C274A9290576C3313B.d.2076322CFDD7422C652811C7971ED461.e.20199"}]}
RESULT: {"script":"<script> [56 bytes]","args":[{"element-6066-11e4-a52e-4f735466cecf":"f.8C4C75981FBDA5C274A9290576C3313B.d.2076322CFDD7422C652811C7971ED461.e.20199","ELEMENT":"f.8C4C75981FBDA5C274A9290576C3313B.d.2076322CFDD7422C652811C7971ED461.e.20199"}]}
COMMAND: POST /session/343af6daf6fbc7ee30938bcb5a9c3885/element - {"using":"xpath","value":"//table[contains(@id, \"customHandovers\")]//tbody/tr[1]/td[2]/span"}
COMMAND: GET /session/343af6daf6fbc7ee30938bcb5a9c3885/screenshot - {}
RESULT: {"using":"xpath","value":"//table[contains(@id, \"customHandovers\")]//tbody/tr[1]/td[2]/span"}
COMMAND: POST /session/343af6daf6fbc7ee30938bcb5a9c3885/execute/sync - {"script":"<script> [56 bytes]","args":[{"element-6066-11e4-a52e-4f735466cecf":"f.8C4C75981FBDA5C274A9290576C3313B.d.2076322CFDD7422C652811C7971ED461.e.20200","ELEMENT":"f.8C4C75981FBDA5C274A9290576C3313B.d.2076322CFDD7422C652811C7971ED461.e.20200"}]}
RESULT: {}
RESULT: {"script":"<script> [56 bytes]","args":[{"element-6066-11e4-a52e-4f735466cecf":"f.8C4C75981FBDA5C274A9290576C3313B.d.2076322CFDD7422C652811C7971ED461.e.20200","ELEMENT":"f.8C4C75981FBDA5C274A9290576C3313B.d.2076322CFDD7422C652811C7971ED461.e.20200"}]}
COMMAND: POST /session/343af6daf6fbc7ee30938bcb5a9c3885/element - {"using":"xpath","value":"(//span[contains(@id, \"imgNav\")])[1]"}
COMMAND: GET /session/343af6daf6fbc7ee30938bcb5a9c3885/screenshot - {}
RESULT: {"using":"xpath","value":"(//span[contains(@id, \"imgNav\")])[1]"}
COMMAND: POST /session/343af6daf6fbc7ee30938bcb5a9c3885/element/f.8C4C75981FBDA5C274A9290576C3313B.d.2076322CFDD7422C652811C7971ED461.e.20197/click - {}
RESULT: {}
RESULT: {}
COMMAND: GET /session/343af6daf6fbc7ee30938bcb5a9c3885/screenshot - {}
RESULT: {}
COMMAND: POST /session/343af6daf6fbc7ee30938bcb5a9c3885/element - {"using":"xpath","value":"//button[@data-kt=\"PickingTableConfirmAllButton\"]"}
RESULT: {"using":"xpath","value":"//button[@data-kt=\"PickingTableConfirmAllButton\"]"}
COMMAND: POST /session/343af6daf6fbc7ee30938bcb5a9c3885/element/f.8C4C75981FBDA5C274A9290576C3313B.d.2076322CFDD7422C652811C7971ED461.e.20239/click - {}
RESULT: {}
COMMAND: GET /session/343af6daf6fbc7ee30938bcb5a9c3885/screenshot - {}
RESULT: {}
COMMAND: POST /session/343af6daf6fbc7ee30938bcb5a9c3885/element - {"using":"xpath","value":"//bdi[contains(text(), \"OK\")]"}
RESULT: {"using":"xpath","value":"//bdi[contains(text(), \"OK\")]"}
COMMAND: POST /session/343af6daf6fbc7ee30938bcb5a9c3885/element/f.8C4C75981FBDA5C274A9290576C3313B.d.2076322CFDD7422C652811C7971ED461.e.20251/click - {}
RESULT: {}
COMMAND: GET /session/343af6daf6fbc7ee30938bcb5a9c3885/screenshot - {}
RESULT: {}
COMMAND: POST /session/343af6daf6fbc7ee30938bcb5a9c3885/element - {"using":"xpath","value":"//button[@data-kt=\"execHoIssueButton\"]"}
RESULT: {"using":"xpath","value":"//button[@data-kt=\"execHoIssueButton\"]"}
COMMAND: POST /session/343af6daf6fbc7ee30938bcb5a9c3885/element/f.8C4C75981FBDA5C274A9290576C3313B.d.2076322CFDD7422C652811C7971ED461.e.20253/click - {}
RESULT: {}
COMMAND: GET /session/343af6daf6fbc7ee30938bcb5a9c3885/screenshot - {}
RESULT: {}
COMMAND: POST /session/343af6daf6fbc7ee30938bcb5a9c3885/element - {"using":"xpath","value":"//input[contains(@id ,\"smartFilterBar-btnBasicSearch-I\")]"}
RESULT: {"using":"xpath","value":"//input[contains(@id ,\"smartFilterBar-btnBasicSearch-I\")]"}
COMMAND: POST /session/343af6daf6fbc7ee30938bcb5a9c3885/elements - {"using":"xpath","value":"//input[contains(@id ,\"smartFilterBar-btnBasicSearch-I\")]"}
RESULT: {"using":"xpath","value":"//input[contains(@id ,\"smartFilterBar-btnBasicSearch-I\")]"}
COMMAND: POST /session/343af6daf6fbc7ee30938bcb5a9c3885/execute/sync - {"script":"<script> [8489 bytes]","args":[{"element-6066-11e4-a52e-4f735466cecf":"f.8C4C75981FBDA5C274A9290576C3313B.d.2076322CFDD7422C652811C7971ED461.e.19651","ELEMENT":"f.8C4C75981FBDA5C274A9290576C3313B.d.2076322CFDD7422C652811C7971ED461.e.19651"}]}
RESULT: {"script":"<script> [8489 bytes]","args":[{"element-6066-11e4-a52e-4f735466cecf":"f.8C4C75981FBDA5C274A9290576C3313B.d.2076322CFDD7422C652811C7971ED461.e.19651","ELEMENT":"f.8C4C75981FBDA5C274A9290576C3313B.d.2076322CFDD7422C652811C7971ED461.e.19651"}]}
COMMAND: GET /session/343af6daf6fbc7ee30938bcb5a9c3885/element/f.8C4C75981FBDA5C274A9290576C3313B.d.2076322CFDD7422C652811C7971ED461.e.19651/enabled - {}
COMMAND: GET /session/343af6daf6fbc7ee30938bcb5a9c3885/screenshot - {}
RESULT: {}
COMMAND: POST /session/343af6daf6fbc7ee30938bcb5a9c3885/element/f.8C4C75981FBDA5C274A9290576C3313B.d.2076322CFDD7422C652811C7971ED461.e.19651/clear - {}
COMMAND: GET /session/343af6daf6fbc7ee30938bcb5a9c3885/screenshot - {}
RESULT: {}
RESULT: {}
COMMAND: POST /session/343af6daf6fbc7ee30938bcb5a9c3885/element/f.8C4C75981FBDA5C274A9290576C3313B.d.2076322CFDD7422C652811C7971ED461.e.19651/value - {"text":"30825"}
COMMAND: GET /session/343af6daf6fbc7ee30938bcb5a9c3885/screenshot - {}
RESULT: {}
RESULT: {"text":"30825"}
COMMAND: GET /session/343af6daf6fbc7ee30938bcb5a9c3885/screenshot - {}
RESULT: {}
RESULT: {}
COMMAND: POST /session/343af6daf6fbc7ee30938bcb5a9c3885/actions - {"actions":[{"id":"action68","type":"key","parameters":{},"actions":[{"type":"keyDown","value":"î€‡"},{"type":"pause","duration":10},{"type":"keyUp","value":"î€‡"}]}]}
RESULT: {"actions":[{"id":"action68","type":"key","parameters":{},"actions":[{"type":"keyDown","value":"î€‡"},{"type":"pause","duration":10},{"type":"keyUp","value":"î€‡"}]}]}
COMMAND: GET /session/343af6daf6fbc7ee30938bcb5a9c3885/screenshot - {}
RESULT: {}
COMMAND: POST /session/343af6daf6fbc7ee30938bcb5a9c3885/element - {"using":"xpath","value":"//span[contains(@id, \"smartTable-header-inner\")]"}
RESULT: {"using":"xpath","value":"//span[contains(@id, \"smartTable-header-inner\")]"}
COMMAND: POST /session/343af6daf6fbc7ee30938bcb5a9c3885/elements - {"using":"xpath","value":"//span[contains(@id, \"smartTable-header-inner\")]"}
RESULT: {"using":"xpath","value":"//span[contains(@id, \"smartTable-header-inner\")]"}
COMMAND: POST /session/343af6daf6fbc7ee30938bcb5a9c3885/execute/sync - {"script":"<script> [56 bytes]","args":[{"element-6066-11e4-a52e-4f735466cecf":"f.8C4C75981FBDA5C274A9290576C3313B.d.2076322CFDD7422C652811C7971ED461.e.20199","ELEMENT":"f.8C4C75981FBDA5C274A9290576C3313B.d.2076322CFDD7422C652811C7971ED461.e.20199"}]}
RESULT: {"script":"<script> [56 bytes]","args":[{"element-6066-11e4-a52e-4f735466cecf":"f.8C4C75981FBDA5C274A9290576C3313B.d.2076322CFDD7422C652811C7971ED461.e.20199","ELEMENT":"f.8C4C75981FBDA5C274A9290576C3313B.d.2076322CFDD7422C652811C7971ED461.e.20199"}]}
COMMAND: POST /session/343af6daf6fbc7ee30938bcb5a9c3885/elements - {"using":"xpath","value":"//thead[contains(@class, \"sapMTableTH\")]/tr/th"}
COMMAND: GET /session/343af6daf6fbc7ee30938bcb5a9c3885/screenshot - {}
RESULT: {}
RESULT: {"using":"xpath","value":"//thead[contains(@class, \"sapMTableTH\")]/tr/th"}
COMMAND: GET /session/343af6daf6fbc7ee30938bcb5a9c3885/element/f.8C4C75981FBDA5C274A9290576C3313B.d.2076322CFDD7422C652811C7971ED461.e.20300/text - {}
RESULT: {}
COMMAND: GET /session/343af6daf6fbc7ee30938bcb5a9c3885/element/f.8C4C75981FBDA5C274A9290576C3313B.d.2076322CFDD7422C652811C7971ED461.e.20301/text - {}
RESULT: {}
COMMAND: GET /session/343af6daf6fbc7ee30938bcb5a9c3885/element/f.8C4C75981FBDA5C274A9290576C3313B.d.2076322CFDD7422C652811C7971ED461.e.19696/text - {}
RESULT: {}
COMMAND: GET /session/343af6daf6fbc7ee30938bcb5a9c3885/element/f.8C4C75981FBDA5C274A9290576C3313B.d.2076322CFDD7422C652811C7971ED461.e.19698/text - {}
RESULT: {}
COMMAND: GET /session/343af6daf6fbc7ee30938bcb5a9c3885/element/f.8C4C75981FBDA5C274A9290576C3313B.d.2076322CFDD7422C652811C7971ED461.e.20254/text - {}
RESULT: {}
COMMAND: GET /session/343af6daf6fbc7ee30938bcb5a9c3885/element/f.8C4C75981FBDA5C274A9290576C3313B.d.2076322CFDD7422C652811C7971ED461.e.20255/text - {}
RESULT: {}
COMMAND: GET /session/343af6daf6fbc7ee30938bcb5a9c3885/element/f.8C4C75981FBDA5C274A9290576C3313B.d.2076322CFDD7422C652811C7971ED461.e.20256/text - {}
RESULT: {}
COMMAND: GET /session/343af6daf6fbc7ee30938bcb5a9c3885/element/f.8C4C75981FBDA5C274A9290576C3313B.d.2076322CFDD7422C652811C7971ED461.e.20257/text - {}
RESULT: {}
COMMAND: GET /session/343af6daf6fbc7ee30938bcb5a9c3885/element/f.8C4C75981FBDA5C274A9290576C3313B.d.2076322CFDD7422C652811C7971ED461.e.20258/text - {}
RESULT: {}
COMMAND: GET /session/343af6daf6fbc7ee30938bcb5a9c3885/element/f.8C4C75981FBDA5C274A9290576C3313B.d.2076322CFDD7422C652811C7971ED461.e.20259/text - {}
RESULT: {}
COMMAND: GET /session/343af6daf6fbc7ee30938bcb5a9c3885/element/f.8C4C75981FBDA5C274A9290576C3313B.d.2076322CFDD7422C652811C7971ED461.e.20260/text - {}
RESULT: {}
COMMAND: GET /session/343af6daf6fbc7ee30938bcb5a9c3885/element/f.8C4C75981FBDA5C274A9290576C3313B.d.2076322CFDD7422C652811C7971ED461.e.20261/text - {}
RESULT: {}
COMMAND: GET /session/343af6daf6fbc7ee30938bcb5a9c3885/element/f.8C4C75981FBDA5C274A9290576C3313B.d.2076322CFDD7422C652811C7971ED461.e.20262/text - {}
RESULT: {}
COMMAND: GET /session/343af6daf6fbc7ee30938bcb5a9c3885/element/f.8C4C75981FBDA5C274A9290576C3313B.d.2076322CFDD7422C652811C7971ED461.e.19699/text - {}
RESULT: {}
COMMAND: POST /session/343af6daf6fbc7ee30938bcb5a9c3885/element - {"using":"xpath","value":"//tbody[contains(@id, \"customHandoversTable-tblBody\")]/tr[1]/td[14]/div/span"}
RESULT: {"using":"xpath","value":"//tbody[contains(@id, \"customHandoversTable-tblBody\")]/tr[1]/td[14]/div/span"}
COMMAND: POST /session/343af6daf6fbc7ee30938bcb5a9c3885/execute/sync - {"script":"<script> [56 bytes]","args":[{"element-6066-11e4-a52e-4f735466cecf":"f.8C4C75981FBDA5C274A9290576C3313B.d.2076322CFDD7422C652811C7971ED461.e.20354","ELEMENT":"f.8C4C75981FBDA5C274A9290576C3313B.d.2076322CFDD7422C652811C7971ED461.e.20354"}]}
RESULT: {"script":"<script> [56 bytes]","args":[{"element-6066-11e4-a52e-4f735466cecf":"f.8C4C75981FBDA5C274A9290576C3313B.d.2076322CFDD7422C652811C7971ED461.e.20354","ELEMENT":"f.8C4C75981FBDA5C274A9290576C3313B.d.2076322CFDD7422C652811C7971ED461.e.20354"}]}
COMMAND: POST /session/343af6daf6fbc7ee30938bcb5a9c3885/element - {"using":"xpath","value":"(//span[contains(@id, \"imgNav\")])[1]"}
COMMAND: GET /session/343af6daf6fbc7ee30938bcb5a9c3885/screenshot - {}
RESULT: {"using":"xpath","value":"(//span[contains(@id, \"imgNav\")])[1]"}
COMMAND: POST /session/343af6daf6fbc7ee30938bcb5a9c3885/element/f.8C4C75981FBDA5C274A9290576C3313B.d.2076322CFDD7422C652811C7971ED461.e.20284/click - {}
RESULT: {}
RESULT: {}
COMMAND: GET /session/343af6daf6fbc7ee30938bcb5a9c3885/screenshot - {}
RESULT: {}
RESULT: undefined
COMMAND: POST /session/343af6daf6fbc7ee30938bcb5a9c3885/execute/async - {"script":"<script> [776 bytes]","args":[{"enterText":"05/26/25","selector":{"id":"receiptDatePicker","viewName":"etm.portal.ui.managehandovers.view.DetailExecuteHO","interaction":{"idSuffix":"inner"}},"clearTextFirst":true,"interactionType":"ENTER_TEXT"}]}
RESULT: {"script":"<script> [776 bytes]","args":[{"enterText":"05/26/25","selector":{"id":"receiptDatePicker","viewName":"etm.portal.ui.managehandovers.view.DetailExecuteHO","interaction":{"idSuffix":"inner"}},"clearTextFirst":true,"interactionType":"ENTER_TEXT"}]}
COMMAND: POST /session/343af6daf6fbc7ee30938bcb5a9c3885/element - {"using":"xpath","value":"//bdi[contains(text(), \"OK\")]"}
RESULT: {"using":"xpath","value":"//bdi[contains(text(), \"OK\")]"}
COMMAND: POST /session/343af6daf6fbc7ee30938bcb5a9c3885/element/f.8C4C75981FBDA5C274A9290576C3313B.d.2076322CFDD7422C652811C7971ED461.e.20380/click - {}
RESULT: {}
COMMAND: GET /session/343af6daf6fbc7ee30938bcb5a9c3885/screenshot - {}
RESULT: {}
COMMAND: POST /session/343af6daf6fbc7ee30938bcb5a9c3885/element - {"using":"xpath","value":"//button[@data-kt=\"PickingTableConfirmAllButton\"]"}
RESULT: {"using":"xpath","value":"//button[@data-kt=\"PickingTableConfirmAllButton\"]"}
COMMAND: POST /session/343af6daf6fbc7ee30938bcb5a9c3885/element/f.8C4C75981FBDA5C274A9290576C3313B.d.2076322CFDD7422C652811C7971ED461.e.20364/click - {}
RESULT: {}
COMMAND: GET /session/343af6daf6fbc7ee30938bcb5a9c3885/screenshot - {}
RESULT: {}
COMMAND: POST /session/343af6daf6fbc7ee30938bcb5a9c3885/element - {"using":"xpath","value":"//bdi[contains(text(), \"OK\")]"}
RESULT: {"using":"xpath","value":"//bdi[contains(text(), \"OK\")]"}
COMMAND: POST /session/343af6daf6fbc7ee30938bcb5a9c3885/element/f.8C4C75981FBDA5C274A9290576C3313B.d.2076322CFDD7422C652811C7971ED461.e.20394/click - {}
RESULT: {}
COMMAND: GET /session/343af6daf6fbc7ee30938bcb5a9c3885/screenshot - {}
RESULT: {}
COMMAND: POST /session/343af6daf6fbc7ee30938bcb5a9c3885/element - {"using":"xpath","value":"//button[@data-kt= \"execHoReceiveButton\"]"}
RESULT: {"using":"xpath","value":"//button[@data-kt= \"execHoReceiveButton\"]"}
COMMAND: POST /session/343af6daf6fbc7ee30938bcb5a9c3885/element/f.8C4C75981FBDA5C274A9290576C3313B.d.2076322CFDD7422C652811C7971ED461.e.20395/click - {}
RESULT: {}
COMMAND: GET /session/343af6daf6fbc7ee30938bcb5a9c3885/screenshot - {}
RESULT: {}
COMMAND: POST /session/343af6daf6fbc7ee30938bcb5a9c3885/element - {"using":"xpath","value":"//input[contains(@id ,\"smartFilterBar-btnBasicSearch-I\")]"}
RESULT: {"using":"xpath","value":"//input[contains(@id ,\"smartFilterBar-btnBasicSearch-I\")]"}
COMMAND: POST /session/343af6daf6fbc7ee30938bcb5a9c3885/elements - {"using":"xpath","value":"//input[contains(@id ,\"smartFilterBar-btnBasicSearch-I\")]"}
RESULT: {"using":"xpath","value":"//input[contains(@id ,\"smartFilterBar-btnBasicSearch-I\")]"}
COMMAND: POST /session/343af6daf6fbc7ee30938bcb5a9c3885/execute/sync - {"script":"<script> [8489 bytes]","args":[{"element-6066-11e4-a52e-4f735466cecf":"f.8C4C75981FBDA5C274A9290576C3313B.d.2076322CFDD7422C652811C7971ED461.e.19651","ELEMENT":"f.8C4C75981FBDA5C274A9290576C3313B.d.2076322CFDD7422C652811C7971ED461.e.19651"}]}
RESULT: {"script":"<script> [8489 bytes]","args":[{"element-6066-11e4-a52e-4f735466cecf":"f.8C4C75981FBDA5C274A9290576C3313B.d.2076322CFDD7422C652811C7971ED461.e.19651","ELEMENT":"f.8C4C75981FBDA5C274A9290576C3313B.d.2076322CFDD7422C652811C7971ED461.e.19651"}]}
COMMAND: GET /session/343af6daf6fbc7ee30938bcb5a9c3885/element/f.8C4C75981FBDA5C274A9290576C3313B.d.2076322CFDD7422C652811C7971ED461.e.19651/enabled - {}
COMMAND: GET /session/343af6daf6fbc7ee30938bcb5a9c3885/screenshot - {}
RESULT: {}
COMMAND: POST /session/343af6daf6fbc7ee30938bcb5a9c3885/element/f.8C4C75981FBDA5C274A9290576C3313B.d.2076322CFDD7422C652811C7971ED461.e.19651/clear - {}
COMMAND: GET /session/343af6daf6fbc7ee30938bcb5a9c3885/screenshot - {}
RESULT: {}
RESULT: {}
COMMAND: POST /session/343af6daf6fbc7ee30938bcb5a9c3885/element/f.8C4C75981FBDA5C274A9290576C3313B.d.2076322CFDD7422C652811C7971ED461.e.19651/value - {"text":"30825"}
COMMAND: GET /session/343af6daf6fbc7ee30938bcb5a9c3885/screenshot - {}
RESULT: {}
RESULT: {"text":"30825"}
COMMAND: GET /session/343af6daf6fbc7ee30938bcb5a9c3885/screenshot - {}
RESULT: {}
RESULT: {}
COMMAND: POST /session/343af6daf6fbc7ee30938bcb5a9c3885/actions - {"actions":[{"id":"action69","type":"key","parameters":{},"actions":[{"type":"keyDown","value":"î€‡"},{"type":"pause","duration":10},{"type":"keyUp","value":"î€‡"}]}]}
RESULT: {"actions":[{"id":"action69","type":"key","parameters":{},"actions":[{"type":"keyDown","value":"î€‡"},{"type":"pause","duration":10},{"type":"keyUp","value":"î€‡"}]}]}
COMMAND: GET /session/343af6daf6fbc7ee30938bcb5a9c3885/screenshot - {}
RESULT: {}
COMMAND: POST /session/343af6daf6fbc7ee30938bcb5a9c3885/element - {"using":"xpath","value":"//span[contains(@id, \"smartTable-header-inner\")]"}
RESULT: {"using":"xpath","value":"//span[contains(@id, \"smartTable-header-inner\")]"}
COMMAND: POST /session/343af6daf6fbc7ee30938bcb5a9c3885/elements - {"using":"xpath","value":"//span[contains(@id, \"smartTable-header-inner\")]"}
RESULT: {"using":"xpath","value":"//span[contains(@id, \"smartTable-header-inner\")]"}
COMMAND: POST /session/343af6daf6fbc7ee30938bcb5a9c3885/execute/sync - {"script":"<script> [56 bytes]","args":[{"element-6066-11e4-a52e-4f735466cecf":"f.8C4C75981FBDA5C274A9290576C3313B.d.2076322CFDD7422C652811C7971ED461.e.20199","ELEMENT":"f.8C4C75981FBDA5C274A9290576C3313B.d.2076322CFDD7422C652811C7971ED461.e.20199"}]}
RESULT: {"script":"<script> [56 bytes]","args":[{"element-6066-11e4-a52e-4f735466cecf":"f.8C4C75981FBDA5C274A9290576C3313B.d.2076322CFDD7422C652811C7971ED461.e.20199","ELEMENT":"f.8C4C75981FBDA5C274A9290576C3313B.d.2076322CFDD7422C652811C7971ED461.e.20199"}]}
COMMAND: POST /session/343af6daf6fbc7ee30938bcb5a9c3885/elements - {"using":"xpath","value":"//thead[contains(@class, \"sapMTableTH\")]/tr/th"}
COMMAND: GET /session/343af6daf6fbc7ee30938bcb5a9c3885/screenshot - {}
RESULT: {"using":"xpath","value":"//thead[contains(@class, \"sapMTableTH\")]/tr/th"}
COMMAND: GET /session/343af6daf6fbc7ee30938bcb5a9c3885/element/f.8C4C75981FBDA5C274A9290576C3313B.d.2076322CFDD7422C652811C7971ED461.e.20300/text - {}
RESULT: {}
RESULT: {}
COMMAND: GET /session/343af6daf6fbc7ee30938bcb5a9c3885/element/f.8C4C75981FBDA5C274A9290576C3313B.d.2076322CFDD7422C652811C7971ED461.e.20301/text - {}
RESULT: {}
COMMAND: GET /session/343af6daf6fbc7ee30938bcb5a9c3885/element/f.8C4C75981FBDA5C274A9290576C3313B.d.2076322CFDD7422C652811C7971ED461.e.19696/text - {}
RESULT: {}
COMMAND: GET /session/343af6daf6fbc7ee30938bcb5a9c3885/element/f.8C4C75981FBDA5C274A9290576C3313B.d.2076322CFDD7422C652811C7971ED461.e.19698/text - {}
RESULT: {}
COMMAND: GET /session/343af6daf6fbc7ee30938bcb5a9c3885/element/f.8C4C75981FBDA5C274A9290576C3313B.d.2076322CFDD7422C652811C7971ED461.e.20400/text - {}
RESULT: {}
COMMAND: GET /session/343af6daf6fbc7ee30938bcb5a9c3885/element/f.8C4C75981FBDA5C274A9290576C3313B.d.2076322CFDD7422C652811C7971ED461.e.20401/text - {}
RESULT: {}
COMMAND: GET /session/343af6daf6fbc7ee30938bcb5a9c3885/element/f.8C4C75981FBDA5C274A9290576C3313B.d.2076322CFDD7422C652811C7971ED461.e.20402/text - {}
RESULT: {}
COMMAND: GET /session/343af6daf6fbc7ee30938bcb5a9c3885/element/f.8C4C75981FBDA5C274A9290576C3313B.d.2076322CFDD7422C652811C7971ED461.e.20403/text - {}
RESULT: {}
COMMAND: GET /session/343af6daf6fbc7ee30938bcb5a9c3885/element/f.8C4C75981FBDA5C274A9290576C3313B.d.2076322CFDD7422C652811C7971ED461.e.20404/text - {}
RESULT: {}
COMMAND: GET /session/343af6daf6fbc7ee30938bcb5a9c3885/element/f.8C4C75981FBDA5C274A9290576C3313B.d.2076322CFDD7422C652811C7971ED461.e.20405/text - {}
RESULT: {}
COMMAND: GET /session/343af6daf6fbc7ee30938bcb5a9c3885/element/f.8C4C75981FBDA5C274A9290576C3313B.d.2076322CFDD7422C652811C7971ED461.e.20406/text - {}
RESULT: {}
COMMAND: GET /session/343af6daf6fbc7ee30938bcb5a9c3885/element/f.8C4C75981FBDA5C274A9290576C3313B.d.2076322CFDD7422C652811C7971ED461.e.20407/text - {}
RESULT: {}
COMMAND: GET /session/343af6daf6fbc7ee30938bcb5a9c3885/element/f.8C4C75981FBDA5C274A9290576C3313B.d.2076322CFDD7422C652811C7971ED461.e.20408/text - {}
RESULT: {}
COMMAND: GET /session/343af6daf6fbc7ee30938bcb5a9c3885/element/f.8C4C75981FBDA5C274A9290576C3313B.d.2076322CFDD7422C652811C7971ED461.e.19699/text - {}
RESULT: {}
COMMAND: POST /session/343af6daf6fbc7ee30938bcb5a9c3885/element - {"using":"xpath","value":"//tbody[contains(@id, \"customHandoversTable-tblBody\")]/tr[1]/td[14]/div/span"}
RESULT: {"using":"xpath","value":"//tbody[contains(@id, \"customHandoversTable-tblBody\")]/tr[1]/td[14]/div/span"}
COMMAND: POST /session/343af6daf6fbc7ee30938bcb5a9c3885/execute/sync - {"script":"<script> [56 bytes]","args":[{"element-6066-11e4-a52e-4f735466cecf":"f.8C4C75981FBDA5C274A9290576C3313B.d.2076322CFDD7422C652811C7971ED461.e.20451","ELEMENT":"f.8C4C75981FBDA5C274A9290576C3313B.d.2076322CFDD7422C652811C7971ED461.e.20451"}]}
RESULT: {"script":"<script> [56 bytes]","args":[{"element-6066-11e4-a52e-4f735466cecf":"f.8C4C75981FBDA5C274A9290576C3313B.d.2076322CFDD7422C652811C7971ED461.e.20451","ELEMENT":"f.8C4C75981FBDA5C274A9290576C3313B.d.2076322CFDD7422C652811C7971ED461.e.20451"}]}
COMMAND: POST /session/343af6daf6fbc7ee30938bcb5a9c3885/element - {"using":"css selector","value":"#shell-header-logo"}
COMMAND: GET /session/343af6daf6fbc7ee30938bcb5a9c3885/screenshot - {}
RESULT: {"using":"css selector","value":"#shell-header-logo"}
COMMAND: POST /session/343af6daf6fbc7ee30938bcb5a9c3885/element/f.8C4C75981FBDA5C274A9290576C3313B.d.2076322CFDD7422C652811C7971ED461.e.19122/click - {}
RESULT: {}
RESULT: {}
COMMAND: GET /session/343af6daf6fbc7ee30938bcb5a9c3885/screenshot - {}
RESULT: {}
]]></system-out>
    </testcase>
    <testcase classname="chrome.135_0_7049_96.windows.Billing_Calculation_-_Time_based_(considering_transport_times)_US139738" name="Should do another billing run but in around 17 days from today" time="54.665">
      <system-out><![CDATA[
RESULT: undefined
COMMAND: POST /session/343af6daf6fbc7ee30938bcb5a9c3885/element - {"using":"xpath","value":"//*[@id=\"__tile51\"]"}
RESULT: {"using":"xpath","value":"//*[@id=\"__tile51\"]"}
COMMAND: POST /session/343af6daf6fbc7ee30938bcb5a9c3885/element/f.8C4C75981FBDA5C274A9290576C3313B.d.2076322CFDD7422C652811C7971ED461.e.14521/click - {}
RESULT: {}
COMMAND: GET /session/343af6daf6fbc7ee30938bcb5a9c3885/screenshot - {}
RESULT: undefined
COMMAND: POST /session/343af6daf6fbc7ee30938bcb5a9c3885/execute/async - {"script":"<script> [776 bytes]","args":[{"enterText":"10549","selector":{"id":"application-managebillings-display-component---billRunCalcResult--smartFilterBar-btnBasicSearch","interaction":{"idSuffix":"I"}},"clearTextFirst":true,"interactionType":"ENTER_TEXT"}]}
RESULT: {}
RESULT: {"script":"<script> [776 bytes]","args":[{"enterText":"10549","selector":{"id":"application-managebillings-display-component---billRunCalcResult--smartFilterBar-btnBasicSearch","interaction":{"idSuffix":"I"}},"clearTextFirst":true,"interactionType":"ENTER_TEXT"}]}
COMMAND: POST /session/343af6daf6fbc7ee30938bcb5a9c3885/actions - {"actions":[{"id":"action70","type":"key","parameters":{},"actions":[{"type":"keyDown","value":"î€‡"},{"type":"pause","duration":10},{"type":"keyUp","value":"î€‡"}]}]}
RESULT: {"actions":[{"id":"action70","type":"key","parameters":{},"actions":[{"type":"keyDown","value":"î€‡"},{"type":"pause","duration":10},{"type":"keyUp","value":"î€‡"}]}]}
COMMAND: GET /session/343af6daf6fbc7ee30938bcb5a9c3885/screenshot - {}
RESULT: {}
COMMAND: POST /session/343af6daf6fbc7ee30938bcb5a9c3885/element - {"using":"xpath","value":"//td[@aria-colindex=\"1\"]/div/div[contains(@class, \"sapMCbBg\")]"}
RESULT: {"using":"xpath","value":"//td[@aria-colindex=\"1\"]/div/div[contains(@class, \"sapMCbBg\")]"}
COMMAND: POST /session/343af6daf6fbc7ee30938bcb5a9c3885/element/f.8C4C75981FBDA5C274A9290576C3313B.d.2076322CFDD7422C652811C7971ED461.e.20652/click - {}
RESULT: {}
COMMAND: GET /session/343af6daf6fbc7ee30938bcb5a9c3885/screenshot - {}
RESULT: {}
RESULT: undefined
COMMAND: POST /session/343af6daf6fbc7ee30938bcb5a9c3885/execute/async - {"script":"<script> [776 bytes]","args":[{"enterText":"05/22/25","selector":{"id":"application-managebillings-display-component---billRunCalcResult--contractBillRunDate","interaction":{"idSuffix":"inner"}},"clearTextFirst":true,"interactionType":"ENTER_TEXT"}]}
RESULT: {"script":"<script> [776 bytes]","args":[{"enterText":"05/22/25","selector":{"id":"application-managebillings-display-component---billRunCalcResult--contractBillRunDate","interaction":{"idSuffix":"inner"}},"clearTextFirst":true,"interactionType":"ENTER_TEXT"}]}
COMMAND: POST /session/343af6daf6fbc7ee30938bcb5a9c3885/element - {"using":"xpath","value":"//bdi[contains(text(), \"Trigger Calculation\")]"}
RESULT: {"using":"xpath","value":"//bdi[contains(text(), \"Trigger Calculation\")]"}
COMMAND: POST /session/343af6daf6fbc7ee30938bcb5a9c3885/element/f.8C4C75981FBDA5C274A9290576C3313B.d.2076322CFDD7422C652811C7971ED461.e.20791/click - {}
RESULT: {}
COMMAND: GET /session/343af6daf6fbc7ee30938bcb5a9c3885/screenshot - {}
RESULT: {}
COMMAND: POST /session/343af6daf6fbc7ee30938bcb5a9c3885/element - {"using":"xpath","value":"(//span[contains(@id, \"imgNav\")])[1]"}
RESULT: {"using":"xpath","value":"(//span[contains(@id, \"imgNav\")])[1]"}
COMMAND: POST /session/343af6daf6fbc7ee30938bcb5a9c3885/element/f.8C4C75981FBDA5C274A9290576C3313B.d.2076322CFDD7422C652811C7971ED461.e.20679/click - {}
RESULT: {}
COMMAND: GET /session/343af6daf6fbc7ee30938bcb5a9c3885/screenshot - {}
RESULT: {}
COMMAND: POST /session/343af6daf6fbc7ee30938bcb5a9c3885/element - {"using":"xpath","value":"//tr/td[6]/div[1]/span[1]/span[1]"}
RESULT: {"using":"xpath","value":"//tr/td[6]/div[1]/span[1]/span[1]"}
COMMAND: GET /session/343af6daf6fbc7ee30938bcb5a9c3885/element/f.8C4C75981FBDA5C274A9290576C3313B.d.2076322CFDD7422C652811C7971ED461.e.20796/text - {}
RESULT: {}
COMMAND: POST /session/343af6daf6fbc7ee30938bcb5a9c3885/element - {"using":"xpath","value":"(//span[contains(@id, \"imgNav\")])[2]"}
RESULT: {"using":"xpath","value":"(//span[contains(@id, \"imgNav\")])[2]"}
COMMAND: POST /session/343af6daf6fbc7ee30938bcb5a9c3885/element/f.8C4C75981FBDA5C274A9290576C3313B.d.2076322CFDD7422C652811C7971ED461.e.20797/click - {}
RESULT: {}
COMMAND: POST /session/343af6daf6fbc7ee30938bcb5a9c3885/element - {"using":"xpath","value":"//bdi[contains(text(), \"Business Confirm\")]"}
COMMAND: GET /session/343af6daf6fbc7ee30938bcb5a9c3885/screenshot - {}
RESULT: {"using":"xpath","value":"//bdi[contains(text(), \"Business Confirm\")]"}
COMMAND: POST /session/343af6daf6fbc7ee30938bcb5a9c3885/elements - {"using":"xpath","value":"//bdi[contains(text(), \"Business Confirm\")]"}
RESULT: {}
RESULT: {"using":"xpath","value":"//bdi[contains(text(), \"Business Confirm\")]"}
COMMAND: POST /session/343af6daf6fbc7ee30938bcb5a9c3885/element - {"using":"xpath","value":"//bdi[contains(text(), \"Business Confirm\")]"}
RESULT: {"using":"xpath","value":"//bdi[contains(text(), \"Business Confirm\")]"}
COMMAND: POST /session/343af6daf6fbc7ee30938bcb5a9c3885/element/f.8C4C75981FBDA5C274A9290576C3313B.d.2076322CFDD7422C652811C7971ED461.e.20799/click - {}
COMMAND: POST /session/343af6daf6fbc7ee30938bcb5a9c3885/element - {"using":"xpath","value":"//bdi[contains(text(), \"Business Confirm\")]"}
RESULT: {"using":"xpath","value":"//bdi[contains(text(), \"Business Confirm\")]"}
COMMAND: POST /session/343af6daf6fbc7ee30938bcb5a9c3885/element/f.8C4C75981FBDA5C274A9290576C3313B.d.2076322CFDD7422C652811C7971ED461.e.20799/click - {}
COMMAND: POST /session/343af6daf6fbc7ee30938bcb5a9c3885/element - {"using":"xpath","value":"//bdi[contains(text(), \"Business Confirm\")]"}
RESULT: {"using":"xpath","value":"//bdi[contains(text(), \"Business Confirm\")]"}
COMMAND: POST /session/343af6daf6fbc7ee30938bcb5a9c3885/element/f.8C4C75981FBDA5C274A9290576C3313B.d.2076322CFDD7422C652811C7971ED461.e.20840/click - {}
RESULT: {}
COMMAND: POST /session/343af6daf6fbc7ee30938bcb5a9c3885/element - {"using":"css selector","value":"#shell-header-logo"}
COMMAND: GET /session/343af6daf6fbc7ee30938bcb5a9c3885/screenshot - {}
RESULT: {"using":"css selector","value":"#shell-header-logo"}
COMMAND: POST /session/343af6daf6fbc7ee30938bcb5a9c3885/element/f.8C4C75981FBDA5C274A9290576C3313B.d.2076322CFDD7422C652811C7971ED461.e.20464/click - {}
RESULT: {}
RESULT: {}
COMMAND: GET /session/343af6daf6fbc7ee30938bcb5a9c3885/screenshot - {}
RESULT: {}
]]></system-out>
    </testcase>
  </testsuite>
</testsuites>