<?xml version="1.0" encoding="UTF-8"?>
<testsuites tests="49" failures="0" errors="0" skipped="0">
  <testsuite timestamp="2025-06-14T17:07:09" time="1902.693" tests="49" failures="0" errors="0" skipped="0">
    <properties>
      <property name="specId" value="0"/>
      <property name="suiteName" value="Sanity Tests US104253"/>
      <property name="capabilities" value="chrome.137_0_7151_69.windows"/>
      <property name="file" value="file:///D:/a/1/s/test/specs/General/sanity.spec.js"/>
    </properties>
    <testcase classname="chrome.137_0_7151_69.windows.Sanity_Tests_US104253" name="Should open Manage Partners page" time="38.647">
      <system-out><![CDATA[
COMMAND: POST /session/90692fb9de96379983d6b56b728182f7/execute/async - {"script":"<script> [1562 bytes]","args":[{"selector":{"controlType":"sap.m.GenericTile","properties":{"header":"Manage Partners"}},"wdio_ui5_key":"sapm.GenericTile{\"header\":\"Manage Partners\"}"}]}
RESULT: {"script":"<script> [1562 bytes]","args":[{"selector":{"controlType":"sap.m.GenericTile","properties":{"header":"Manage Partners"}},"wdio_ui5_key":"sapm.GenericTile{\"header\":\"Manage Partners\"}"}]}
RESULT: undefined
COMMAND: POST /session/90692fb9de96379983d6b56b728182f7/element - {"using":"xpath","value":"//*[@id=\"__tile39\"]"}
RESULT: {"using":"xpath","value":"//*[@id=\"__tile39\"]"}
COMMAND: POST /session/90692fb9de96379983d6b56b728182f7/element/f.83867136431DBA8EE58576C3661977DE.d.7827F87A81F6A2C5D45D95AAD05B647D.e.112/click - {}
RESULT: {}
COMMAND: GET /session/90692fb9de96379983d6b56b728182f7/screenshot - {}
RESULT: {}
COMMAND: POST /session/90692fb9de96379983d6b56b728182f7/elements - {"using":"xpath","value":"//span[text()='Error']"}
RESULT: {"using":"xpath","value":"//span[text()='Error']"}
RESULT: undefined
COMMAND: POST /session/90692fb9de96379983d6b56b728182f7/element - {"using":"xpath","value":"//*[@id=\"__tile39\"]"}
RESULT: {"using":"xpath","value":"//*[@id=\"__tile39\"]"}
COMMAND: POST /session/90692fb9de96379983d6b56b728182f7/element/f.83867136431DBA8EE58576C3661977DE.d.7827F87A81F6A2C5D45D95AAD05B647D.e.112/click - {}
RESULT: undefined
COMMAND: POST /session/90692fb9de96379983d6b56b728182f7/element - {"using":"xpath","value":"//*[@id=\"__tile39\"]"}
RESULT: {"using":"xpath","value":"//*[@id=\"__tile39\"]"}
COMMAND: POST /session/90692fb9de96379983d6b56b728182f7/element/f.83867136431DBA8EE58576C3661977DE.d.7827F87A81F6A2C5D45D95AAD05B647D.e.112/click - {}
COMMAND: POST /session/90692fb9de96379983d6b56b728182f7/execute/async - {"script":"<script> [1562 bytes]","args":[{"selector":{"id":"shellAppTitle"},"wdio_ui5_key":"shellAppTitle"}]}
RESULT: {"script":"<script> [1562 bytes]","args":[{"selector":{"id":"shellAppTitle"},"wdio_ui5_key":"shellAppTitle"}]}
RESULT: undefined
COMMAND: POST /session/90692fb9de96379983d6b56b728182f7/execute/async - {"script":"<script> [6424 bytes]","args":[{"element-6066-11e4-a52e-4f735466cecf":"f.83867136431DBA8EE58576C3661977DE.d.7827F87A81F6A2C5D45D95AAD05B647D.e.285"},"getTitle",[]]}
RESULT: {"script":"<script> [6424 bytes]","args":[{"element-6066-11e4-a52e-4f735466cecf":"f.83867136431DBA8EE58576C3661977DE.d.7827F87A81F6A2C5D45D95AAD05B647D.e.285"},"getTitle",[]]}
COMMAND: POST /session/90692fb9de96379983d6b56b728182f7/execute/async - {"script":"<script> [1562 bytes]","args":[{"selector":{"id":"backBtn"},"wdio_ui5_key":"backBtn"}]}
RESULT: {"script":"<script> [1562 bytes]","args":[{"selector":{"id":"backBtn"},"wdio_ui5_key":"backBtn"}]}
RESULT: undefined
COMMAND: POST /session/90692fb9de96379983d6b56b728182f7/element - {"using":"xpath","value":"//*[@id=\"backBtn\"]"}
RESULT: {"using":"xpath","value":"//*[@id=\"backBtn\"]"}
COMMAND: POST /session/90692fb9de96379983d6b56b728182f7/element/f.83867136431DBA8EE58576C3661977DE.d.7827F87A81F6A2C5D45D95AAD05B647D.e.286/click - {}
RESULT: {}
COMMAND: GET /session/90692fb9de96379983d6b56b728182f7/screenshot - {}
RESULT: {}
]]></system-out>
    </testcase>
    <testcase classname="chrome.137_0_7151_69.windows.Sanity_Tests_US104253" name="Should open Manage Sites page" time="36.272">
      <system-out><![CDATA[
COMMAND: POST /session/90692fb9de96379983d6b56b728182f7/execute/async - {"script":"<script> [1562 bytes]","args":[{"selector":{"controlType":"sap.m.GenericTile","properties":{"header":"Manage Sites"}},"wdio_ui5_key":"sapm.GenericTile{\"header\":\"Manage Sites\"}"}]}
RESULT: {"script":"<script> [1562 bytes]","args":[{"selector":{"controlType":"sap.m.GenericTile","properties":{"header":"Manage Sites"}},"wdio_ui5_key":"sapm.GenericTile{\"header\":\"Manage Sites\"}"}]}
RESULT: undefined
COMMAND: POST /session/90692fb9de96379983d6b56b728182f7/element - {"using":"xpath","value":"//*[@id=\"__tile41\"]"}
RESULT: {"using":"xpath","value":"//*[@id=\"__tile41\"]"}
COMMAND: POST /session/90692fb9de96379983d6b56b728182f7/element/f.83867136431DBA8EE58576C3661977DE.d.7827F87A81F6A2C5D45D95AAD05B647D.e.288/click - {}
RESULT: {}
COMMAND: GET /session/90692fb9de96379983d6b56b728182f7/screenshot - {}
RESULT: {}
COMMAND: POST /session/90692fb9de96379983d6b56b728182f7/elements - {"using":"xpath","value":"//span[text()='Error']"}
RESULT: {"using":"xpath","value":"//span[text()='Error']"}
RESULT: undefined
COMMAND: POST /session/90692fb9de96379983d6b56b728182f7/element - {"using":"xpath","value":"//*[@id=\"__tile41\"]"}
RESULT: {"using":"xpath","value":"//*[@id=\"__tile41\"]"}
COMMAND: POST /session/90692fb9de96379983d6b56b728182f7/element/f.83867136431DBA8EE58576C3661977DE.d.7827F87A81F6A2C5D45D95AAD05B647D.e.288/click - {}
RESULT: undefined
COMMAND: POST /session/90692fb9de96379983d6b56b728182f7/element - {"using":"xpath","value":"//*[@id=\"__tile41\"]"}
RESULT: {"using":"xpath","value":"//*[@id=\"__tile41\"]"}
COMMAND: POST /session/90692fb9de96379983d6b56b728182f7/element/f.83867136431DBA8EE58576C3661977DE.d.7827F87A81F6A2C5D45D95AAD05B647D.e.288/click - {}
RESULT: undefined
COMMAND: POST /session/90692fb9de96379983d6b56b728182f7/execute/async - {"script":"<script> [6424 bytes]","args":[{"element-6066-11e4-a52e-4f735466cecf":"f.83867136431DBA8EE58576C3661977DE.d.7827F87A81F6A2C5D45D95AAD05B647D.e.285"},"getTitle",[]]}
COMMAND: POST /session/90692fb9de96379983d6b56b728182f7/execute/async - {"script":"<script> [1562 bytes]","args":[{"selector":{"id":"shellAppTitle"},"wdio_ui5_key":"shellAppTitle"}]}
RESULT: {"script":"<script> [1562 bytes]","args":[{"selector":{"id":"shellAppTitle"},"wdio_ui5_key":"shellAppTitle"}]}
COMMAND: POST /session/90692fb9de96379983d6b56b728182f7/execute/async - {"script":"<script> [6424 bytes]","args":[{"element-6066-11e4-a52e-4f735466cecf":"f.83867136431DBA8EE58576C3661977DE.d.7827F87A81F6A2C5D45D95AAD05B647D.e.481"},"getTitle",[]]}
RESULT: {"script":"<script> [6424 bytes]","args":[{"element-6066-11e4-a52e-4f735466cecf":"f.83867136431DBA8EE58576C3661977DE.d.7827F87A81F6A2C5D45D95AAD05B647D.e.481"},"getTitle",[]]}
RESULT: undefined
COMMAND: POST /session/90692fb9de96379983d6b56b728182f7/element/f.83867136431DBA8EE58576C3661977DE.d.7827F87A81F6A2C5D45D95AAD05B647D.e.286/click - {}
RESULT: {}
COMMAND: GET /session/90692fb9de96379983d6b56b728182f7/screenshot - {}
RESULT: {}
]]></system-out>
    </testcase>
    <testcase classname="chrome.137_0_7151_69.windows.Sanity_Tests_US104253" name="Should open Manage Resources page" time="36.373">
      <system-out><![CDATA[
COMMAND: POST /session/90692fb9de96379983d6b56b728182f7/execute/async - {"script":"<script> [1562 bytes]","args":[{"selector":{"controlType":"sap.m.GenericTile","properties":{"header":"Manage Resources"}},"wdio_ui5_key":"sapm.GenericTile{\"header\":\"Manage Resources\"}"}]}
RESULT: {"script":"<script> [1562 bytes]","args":[{"selector":{"controlType":"sap.m.GenericTile","properties":{"header":"Manage Resources"}},"wdio_ui5_key":"sapm.GenericTile{\"header\":\"Manage Resources\"}"}]}
RESULT: undefined
COMMAND: POST /session/90692fb9de96379983d6b56b728182f7/element - {"using":"xpath","value":"//*[@id=\"__tile40\"]"}
RESULT: {"using":"xpath","value":"//*[@id=\"__tile40\"]"}
COMMAND: POST /session/90692fb9de96379983d6b56b728182f7/element/f.83867136431DBA8EE58576C3661977DE.d.7827F87A81F6A2C5D45D95AAD05B647D.e.483/click - {}
RESULT: {}
COMMAND: GET /session/90692fb9de96379983d6b56b728182f7/screenshot - {}
RESULT: {}
COMMAND: POST /session/90692fb9de96379983d6b56b728182f7/elements - {"using":"xpath","value":"//span[text()='Error']"}
RESULT: {"using":"xpath","value":"//span[text()='Error']"}
RESULT: undefined
COMMAND: POST /session/90692fb9de96379983d6b56b728182f7/element - {"using":"xpath","value":"//*[@id=\"__tile40\"]"}
RESULT: {"using":"xpath","value":"//*[@id=\"__tile40\"]"}
COMMAND: POST /session/90692fb9de96379983d6b56b728182f7/element/f.83867136431DBA8EE58576C3661977DE.d.7827F87A81F6A2C5D45D95AAD05B647D.e.483/click - {}
RESULT: undefined
COMMAND: POST /session/90692fb9de96379983d6b56b728182f7/element - {"using":"xpath","value":"//*[@id=\"__tile40\"]"}
RESULT: {"using":"xpath","value":"//*[@id=\"__tile40\"]"}
COMMAND: POST /session/90692fb9de96379983d6b56b728182f7/element/f.83867136431DBA8EE58576C3661977DE.d.7827F87A81F6A2C5D45D95AAD05B647D.e.483/click - {}
RESULT: undefined
COMMAND: POST /session/90692fb9de96379983d6b56b728182f7/execute/async - {"script":"<script> [6424 bytes]","args":[{"element-6066-11e4-a52e-4f735466cecf":"f.83867136431DBA8EE58576C3661977DE.d.7827F87A81F6A2C5D45D95AAD05B647D.e.285"},"getTitle",[]]}
COMMAND: POST /session/90692fb9de96379983d6b56b728182f7/execute/async - {"script":"<script> [1562 bytes]","args":[{"selector":{"id":"shellAppTitle"},"wdio_ui5_key":"shellAppTitle"}]}
RESULT: {"script":"<script> [1562 bytes]","args":[{"selector":{"id":"shellAppTitle"},"wdio_ui5_key":"shellAppTitle"}]}
COMMAND: POST /session/90692fb9de96379983d6b56b728182f7/execute/async - {"script":"<script> [6424 bytes]","args":[{"element-6066-11e4-a52e-4f735466cecf":"f.83867136431DBA8EE58576C3661977DE.d.7827F87A81F6A2C5D45D95AAD05B647D.e.655"},"getTitle",[]]}
RESULT: {"script":"<script> [6424 bytes]","args":[{"element-6066-11e4-a52e-4f735466cecf":"f.83867136431DBA8EE58576C3661977DE.d.7827F87A81F6A2C5D45D95AAD05B647D.e.655"},"getTitle",[]]}
RESULT: undefined
COMMAND: POST /session/90692fb9de96379983d6b56b728182f7/element/f.83867136431DBA8EE58576C3661977DE.d.7827F87A81F6A2C5D45D95AAD05B647D.e.286/click - {}
COMMAND: POST /session/90692fb9de96379983d6b56b728182f7/element - {"using":"xpath","value":"//*[@id=\"backBtn\"]"}
RESULT: {"using":"xpath","value":"//*[@id=\"backBtn\"]"}
COMMAND: POST /session/90692fb9de96379983d6b56b728182f7/element/f.83867136431DBA8EE58576C3661977DE.d.7827F87A81F6A2C5D45D95AAD05B647D.e.286/click - {}
COMMAND: POST /session/90692fb9de96379983d6b56b728182f7/element - {"using":"xpath","value":"//*[@id=\"backBtn\"]"}
RESULT: {"using":"xpath","value":"//*[@id=\"backBtn\"]"}
COMMAND: POST /session/90692fb9de96379983d6b56b728182f7/element/f.83867136431DBA8EE58576C3661977DE.d.7827F87A81F6A2C5D45D95AAD05B647D.e.656/click - {}
RESULT: {}
COMMAND: GET /session/90692fb9de96379983d6b56b728182f7/screenshot - {}
RESULT: {}
]]></system-out>
    </testcase>
    <testcase classname="chrome.137_0_7151_69.windows.Sanity_Tests_US104253" name="Should open Manage Catalogs page" time="37.762">
      <system-out><![CDATA[
COMMAND: POST /session/90692fb9de96379983d6b56b728182f7/execute/async - {"script":"<script> [1562 bytes]","args":[{"selector":{"controlType":"sap.m.GenericTile","properties":{"header":"Manage Catalogs"}},"wdio_ui5_key":"sapm.GenericTile{\"header\":\"Manage Catalogs\"}"}]}
RESULT: {"script":"<script> [1562 bytes]","args":[{"selector":{"controlType":"sap.m.GenericTile","properties":{"header":"Manage Catalogs"}},"wdio_ui5_key":"sapm.GenericTile{\"header\":\"Manage Catalogs\"}"}]}
RESULT: undefined
COMMAND: POST /session/90692fb9de96379983d6b56b728182f7/element - {"using":"xpath","value":"//*[@id=\"__tile38\"]"}
RESULT: {"using":"xpath","value":"//*[@id=\"__tile38\"]"}
COMMAND: POST /session/90692fb9de96379983d6b56b728182f7/element/f.83867136431DBA8EE58576C3661977DE.d.7827F87A81F6A2C5D45D95AAD05B647D.e.658/click - {}
RESULT: {}
COMMAND: GET /session/90692fb9de96379983d6b56b728182f7/screenshot - {}
RESULT: {}
COMMAND: POST /session/90692fb9de96379983d6b56b728182f7/elements - {"using":"xpath","value":"//span[text()='Error']"}
RESULT: {"using":"xpath","value":"//span[text()='Error']"}
RESULT: undefined
COMMAND: POST /session/90692fb9de96379983d6b56b728182f7/element - {"using":"xpath","value":"//*[@id=\"__tile38\"]"}
RESULT: {"using":"xpath","value":"//*[@id=\"__tile38\"]"}
COMMAND: POST /session/90692fb9de96379983d6b56b728182f7/element/f.83867136431DBA8EE58576C3661977DE.d.7827F87A81F6A2C5D45D95AAD05B647D.e.658/click - {}
RESULT: undefined
COMMAND: POST /session/90692fb9de96379983d6b56b728182f7/element - {"using":"xpath","value":"//*[@id=\"__tile38\"]"}
RESULT: {"using":"xpath","value":"//*[@id=\"__tile38\"]"}
COMMAND: POST /session/90692fb9de96379983d6b56b728182f7/element/f.83867136431DBA8EE58576C3661977DE.d.7827F87A81F6A2C5D45D95AAD05B647D.e.658/click - {}
RESULT: undefined
COMMAND: POST /session/90692fb9de96379983d6b56b728182f7/execute/async - {"script":"<script> [6424 bytes]","args":[{"element-6066-11e4-a52e-4f735466cecf":"f.83867136431DBA8EE58576C3661977DE.d.7827F87A81F6A2C5D45D95AAD05B647D.e.285"},"getTitle",[]]}
COMMAND: POST /session/90692fb9de96379983d6b56b728182f7/execute/async - {"script":"<script> [1562 bytes]","args":[{"selector":{"id":"shellAppTitle"},"wdio_ui5_key":"shellAppTitle"}]}
RESULT: {"script":"<script> [1562 bytes]","args":[{"selector":{"id":"shellAppTitle"},"wdio_ui5_key":"shellAppTitle"}]}
COMMAND: POST /session/90692fb9de96379983d6b56b728182f7/execute/async - {"script":"<script> [6424 bytes]","args":[{"element-6066-11e4-a52e-4f735466cecf":"f.83867136431DBA8EE58576C3661977DE.d.7827F87A81F6A2C5D45D95AAD05B647D.e.771"},"getTitle",[]]}
RESULT: {"script":"<script> [6424 bytes]","args":[{"element-6066-11e4-a52e-4f735466cecf":"f.83867136431DBA8EE58576C3661977DE.d.7827F87A81F6A2C5D45D95AAD05B647D.e.771"},"getTitle",[]]}
RESULT: undefined
COMMAND: POST /session/90692fb9de96379983d6b56b728182f7/element/f.83867136431DBA8EE58576C3661977DE.d.7827F87A81F6A2C5D45D95AAD05B647D.e.656/click - {}
RESULT: {}
COMMAND: GET /session/90692fb9de96379983d6b56b728182f7/screenshot - {}
RESULT: {}
]]></system-out>
    </testcase>
    <testcase classname="chrome.137_0_7151_69.windows.Sanity_Tests_US104253" name="Should open Manage Calendars page" time="38.313">
      <system-out><![CDATA[
COMMAND: POST /session/90692fb9de96379983d6b56b728182f7/execute/async - {"script":"<script> [1562 bytes]","args":[{"selector":{"controlType":"sap.m.GenericTile","properties":{"header":"Manage Calendars"}},"wdio_ui5_key":"sapm.GenericTile{\"header\":\"Manage Calendars\"}"}]}
RESULT: {"script":"<script> [1562 bytes]","args":[{"selector":{"controlType":"sap.m.GenericTile","properties":{"header":"Manage Calendars"}},"wdio_ui5_key":"sapm.GenericTile{\"header\":\"Manage Calendars\"}"}]}
RESULT: undefined
COMMAND: POST /session/90692fb9de96379983d6b56b728182f7/element - {"using":"xpath","value":"//*[@id=\"__tile37\"]"}
RESULT: {"using":"xpath","value":"//*[@id=\"__tile37\"]"}
COMMAND: POST /session/90692fb9de96379983d6b56b728182f7/element/f.83867136431DBA8EE58576C3661977DE.d.7827F87A81F6A2C5D45D95AAD05B647D.e.774/click - {}
RESULT: {}
COMMAND: GET /session/90692fb9de96379983d6b56b728182f7/screenshot - {}
RESULT: {}
COMMAND: POST /session/90692fb9de96379983d6b56b728182f7/elements - {"using":"xpath","value":"//span[text()='Error']"}
RESULT: {"using":"xpath","value":"//span[text()='Error']"}
RESULT: undefined
COMMAND: POST /session/90692fb9de96379983d6b56b728182f7/element - {"using":"xpath","value":"//*[@id=\"__tile37\"]"}
RESULT: {"using":"xpath","value":"//*[@id=\"__tile37\"]"}
COMMAND: POST /session/90692fb9de96379983d6b56b728182f7/element/f.83867136431DBA8EE58576C3661977DE.d.7827F87A81F6A2C5D45D95AAD05B647D.e.774/click - {}
RESULT: undefined
COMMAND: POST /session/90692fb9de96379983d6b56b728182f7/element - {"using":"xpath","value":"//*[@id=\"__tile37\"]"}
RESULT: {"using":"xpath","value":"//*[@id=\"__tile37\"]"}
COMMAND: POST /session/90692fb9de96379983d6b56b728182f7/element/f.83867136431DBA8EE58576C3661977DE.d.7827F87A81F6A2C5D45D95AAD05B647D.e.774/click - {}
RESULT: undefined
COMMAND: POST /session/90692fb9de96379983d6b56b728182f7/execute/async - {"script":"<script> [6424 bytes]","args":[{"element-6066-11e4-a52e-4f735466cecf":"f.83867136431DBA8EE58576C3661977DE.d.7827F87A81F6A2C5D45D95AAD05B647D.e.285"},"getTitle",[]]}
COMMAND: POST /session/90692fb9de96379983d6b56b728182f7/execute/async - {"script":"<script> [1562 bytes]","args":[{"selector":{"id":"shellAppTitle"},"wdio_ui5_key":"shellAppTitle"}]}
RESULT: {"script":"<script> [1562 bytes]","args":[{"selector":{"id":"shellAppTitle"},"wdio_ui5_key":"shellAppTitle"}]}
COMMAND: POST /session/90692fb9de96379983d6b56b728182f7/execute/async - {"script":"<script> [6424 bytes]","args":[{"element-6066-11e4-a52e-4f735466cecf":"f.83867136431DBA8EE58576C3661977DE.d.7827F87A81F6A2C5D45D95AAD05B647D.e.851"},"getTitle",[]]}
RESULT: {"script":"<script> [6424 bytes]","args":[{"element-6066-11e4-a52e-4f735466cecf":"f.83867136431DBA8EE58576C3661977DE.d.7827F87A81F6A2C5D45D95AAD05B647D.e.851"},"getTitle",[]]}
RESULT: undefined
COMMAND: POST /session/90692fb9de96379983d6b56b728182f7/element/f.83867136431DBA8EE58576C3661977DE.d.7827F87A81F6A2C5D45D95AAD05B647D.e.656/click - {}
COMMAND: POST /session/90692fb9de96379983d6b56b728182f7/element - {"using":"xpath","value":"//*[@id=\"backBtn\"]"}
RESULT: {"using":"xpath","value":"//*[@id=\"backBtn\"]"}
COMMAND: POST /session/90692fb9de96379983d6b56b728182f7/element/f.83867136431DBA8EE58576C3661977DE.d.7827F87A81F6A2C5D45D95AAD05B647D.e.656/click - {}
COMMAND: POST /session/90692fb9de96379983d6b56b728182f7/element - {"using":"xpath","value":"//*[@id=\"backBtn\"]"}
RESULT: {"using":"xpath","value":"//*[@id=\"backBtn\"]"}
COMMAND: POST /session/90692fb9de96379983d6b56b728182f7/element/f.83867136431DBA8EE58576C3661977DE.d.7827F87A81F6A2C5D45D95AAD05B647D.e.852/click - {}
RESULT: {}
COMMAND: GET /session/90692fb9de96379983d6b56b728182f7/screenshot - {}
RESULT: {}
]]></system-out>
    </testcase>
    <testcase classname="chrome.137_0_7151_69.windows.Sanity_Tests_US104253" name="Should open Address Management page" time="36.654">
      <system-out><![CDATA[
COMMAND: POST /session/90692fb9de96379983d6b56b728182f7/execute/async - {"script":"<script> [1562 bytes]","args":[{"selector":{"controlType":"sap.m.GenericTile","properties":{"header":"Address Management"}},"wdio_ui5_key":"sapm.GenericTile{\"header\":\"Address Management\"}"}]}
RESULT: {"script":"<script> [1562 bytes]","args":[{"selector":{"controlType":"sap.m.GenericTile","properties":{"header":"Address Management"}},"wdio_ui5_key":"sapm.GenericTile{\"header\":\"Address Management\"}"}]}
RESULT: undefined
COMMAND: POST /session/90692fb9de96379983d6b56b728182f7/element - {"using":"xpath","value":"//*[@id=\"__tile34\"]"}
RESULT: {"using":"xpath","value":"//*[@id=\"__tile34\"]"}
COMMAND: POST /session/90692fb9de96379983d6b56b728182f7/element/f.83867136431DBA8EE58576C3661977DE.d.7827F87A81F6A2C5D45D95AAD05B647D.e.854/click - {}
RESULT: {}
COMMAND: GET /session/90692fb9de96379983d6b56b728182f7/screenshot - {}
RESULT: {}
COMMAND: POST /session/90692fb9de96379983d6b56b728182f7/elements - {"using":"xpath","value":"//span[text()='Error']"}
RESULT: {"using":"xpath","value":"//span[text()='Error']"}
RESULT: undefined
COMMAND: POST /session/90692fb9de96379983d6b56b728182f7/element - {"using":"xpath","value":"//*[@id=\"__tile34\"]"}
RESULT: {"using":"xpath","value":"//*[@id=\"__tile34\"]"}
COMMAND: POST /session/90692fb9de96379983d6b56b728182f7/element/f.83867136431DBA8EE58576C3661977DE.d.7827F87A81F6A2C5D45D95AAD05B647D.e.854/click - {}
RESULT: undefined
COMMAND: POST /session/90692fb9de96379983d6b56b728182f7/element - {"using":"xpath","value":"//*[@id=\"__tile34\"]"}
RESULT: {"using":"xpath","value":"//*[@id=\"__tile34\"]"}
COMMAND: POST /session/90692fb9de96379983d6b56b728182f7/element/f.83867136431DBA8EE58576C3661977DE.d.7827F87A81F6A2C5D45D95AAD05B647D.e.854/click - {}
RESULT: undefined
COMMAND: POST /session/90692fb9de96379983d6b56b728182f7/execute/async - {"script":"<script> [6424 bytes]","args":[{"element-6066-11e4-a52e-4f735466cecf":"f.83867136431DBA8EE58576C3661977DE.d.7827F87A81F6A2C5D45D95AAD05B647D.e.285"},"getTitle",[]]}
COMMAND: POST /session/90692fb9de96379983d6b56b728182f7/execute/async - {"script":"<script> [1562 bytes]","args":[{"selector":{"id":"shellAppTitle"},"wdio_ui5_key":"shellAppTitle"}]}
RESULT: {"script":"<script> [1562 bytes]","args":[{"selector":{"id":"shellAppTitle"},"wdio_ui5_key":"shellAppTitle"}]}
COMMAND: POST /session/90692fb9de96379983d6b56b728182f7/execute/async - {"script":"<script> [6424 bytes]","args":[{"element-6066-11e4-a52e-4f735466cecf":"f.83867136431DBA8EE58576C3661977DE.d.7827F87A81F6A2C5D45D95AAD05B647D.e.1049"},"getTitle",[]]}
RESULT: {"script":"<script> [6424 bytes]","args":[{"element-6066-11e4-a52e-4f735466cecf":"f.83867136431DBA8EE58576C3661977DE.d.7827F87A81F6A2C5D45D95AAD05B647D.e.1049"},"getTitle",[]]}
RESULT: undefined
COMMAND: POST /session/90692fb9de96379983d6b56b728182f7/element/f.83867136431DBA8EE58576C3661977DE.d.7827F87A81F6A2C5D45D95AAD05B647D.e.852/click - {}
RESULT: {}
COMMAND: GET /session/90692fb9de96379983d6b56b728182f7/screenshot - {}
RESULT: {}
]]></system-out>
    </testcase>
    <testcase classname="chrome.137_0_7151_69.windows.Sanity_Tests_US104253" name="Should open Bill Of Resources page" time="36.626">
      <system-out><![CDATA[
COMMAND: POST /session/90692fb9de96379983d6b56b728182f7/execute/async - {"script":"<script> [1562 bytes]","args":[{"selector":{"controlType":"sap.m.GenericTile","properties":{"header":"Bill Of Resources"}},"wdio_ui5_key":"sapm.GenericTile{\"header\":\"Bill Of Resources\"}"}]}
RESULT: {"script":"<script> [1562 bytes]","args":[{"selector":{"controlType":"sap.m.GenericTile","properties":{"header":"Bill Of Resources"}},"wdio_ui5_key":"sapm.GenericTile{\"header\":\"Bill Of Resources\"}"}]}
RESULT: undefined
COMMAND: POST /session/90692fb9de96379983d6b56b728182f7/element - {"using":"xpath","value":"//*[@id=\"__tile35\"]"}
RESULT: {"using":"xpath","value":"//*[@id=\"__tile35\"]"}
COMMAND: POST /session/90692fb9de96379983d6b56b728182f7/element/f.83867136431DBA8EE58576C3661977DE.d.7827F87A81F6A2C5D45D95AAD05B647D.e.1051/click - {}
RESULT: {}
COMMAND: GET /session/90692fb9de96379983d6b56b728182f7/screenshot - {}
RESULT: {}
COMMAND: POST /session/90692fb9de96379983d6b56b728182f7/elements - {"using":"xpath","value":"//span[text()='Error']"}
RESULT: {"using":"xpath","value":"//span[text()='Error']"}
RESULT: undefined
COMMAND: POST /session/90692fb9de96379983d6b56b728182f7/element - {"using":"xpath","value":"//*[@id=\"__tile35\"]"}
RESULT: {"using":"xpath","value":"//*[@id=\"__tile35\"]"}
COMMAND: POST /session/90692fb9de96379983d6b56b728182f7/element/f.83867136431DBA8EE58576C3661977DE.d.7827F87A81F6A2C5D45D95AAD05B647D.e.1051/click - {}
RESULT: undefined
COMMAND: POST /session/90692fb9de96379983d6b56b728182f7/element - {"using":"xpath","value":"//*[@id=\"__tile35\"]"}
RESULT: {"using":"xpath","value":"//*[@id=\"__tile35\"]"}
COMMAND: POST /session/90692fb9de96379983d6b56b728182f7/element/f.83867136431DBA8EE58576C3661977DE.d.7827F87A81F6A2C5D45D95AAD05B647D.e.1051/click - {}
RESULT: undefined
COMMAND: POST /session/90692fb9de96379983d6b56b728182f7/execute/async - {"script":"<script> [6424 bytes]","args":[{"element-6066-11e4-a52e-4f735466cecf":"f.83867136431DBA8EE58576C3661977DE.d.7827F87A81F6A2C5D45D95AAD05B647D.e.285"},"getTitle",[]]}
COMMAND: POST /session/90692fb9de96379983d6b56b728182f7/execute/async - {"script":"<script> [1562 bytes]","args":[{"selector":{"id":"shellAppTitle"},"wdio_ui5_key":"shellAppTitle"}]}
RESULT: {"script":"<script> [1562 bytes]","args":[{"selector":{"id":"shellAppTitle"},"wdio_ui5_key":"shellAppTitle"}]}
COMMAND: POST /session/90692fb9de96379983d6b56b728182f7/execute/async - {"script":"<script> [6424 bytes]","args":[{"element-6066-11e4-a52e-4f735466cecf":"f.83867136431DBA8EE58576C3661977DE.d.7827F87A81F6A2C5D45D95AAD05B647D.e.1135"},"getTitle",[]]}
RESULT: {"script":"<script> [6424 bytes]","args":[{"element-6066-11e4-a52e-4f735466cecf":"f.83867136431DBA8EE58576C3661977DE.d.7827F87A81F6A2C5D45D95AAD05B647D.e.1135"},"getTitle",[]]}
RESULT: undefined
COMMAND: POST /session/90692fb9de96379983d6b56b728182f7/element/f.83867136431DBA8EE58576C3661977DE.d.7827F87A81F6A2C5D45D95AAD05B647D.e.852/click - {}
COMMAND: POST /session/90692fb9de96379983d6b56b728182f7/element - {"using":"xpath","value":"//*[@id=\"backBtn\"]"}
RESULT: {"using":"xpath","value":"//*[@id=\"backBtn\"]"}
COMMAND: POST /session/90692fb9de96379983d6b56b728182f7/element/f.83867136431DBA8EE58576C3661977DE.d.7827F87A81F6A2C5D45D95AAD05B647D.e.852/click - {}
COMMAND: POST /session/90692fb9de96379983d6b56b728182f7/element - {"using":"xpath","value":"//*[@id=\"backBtn\"]"}
RESULT: {"using":"xpath","value":"//*[@id=\"backBtn\"]"}
COMMAND: POST /session/90692fb9de96379983d6b56b728182f7/element/f.83867136431DBA8EE58576C3661977DE.d.7827F87A81F6A2C5D45D95AAD05B647D.e.1136/click - {}
RESULT: {}
COMMAND: GET /session/90692fb9de96379983d6b56b728182f7/screenshot - {}
RESULT: {}
]]></system-out>
    </testcase>
    <testcase classname="chrome.137_0_7151_69.windows.Sanity_Tests_US104253" name="Should open Manage Yards page" time="36.794">
      <system-out><![CDATA[
COMMAND: POST /session/90692fb9de96379983d6b56b728182f7/execute/async - {"script":"<script> [1562 bytes]","args":[{"selector":{"controlType":"sap.m.GenericTile","properties":{"header":"Manage Yards"}},"wdio_ui5_key":"sapm.GenericTile{\"header\":\"Manage Yards\"}"}]}
RESULT: {"script":"<script> [1562 bytes]","args":[{"selector":{"controlType":"sap.m.GenericTile","properties":{"header":"Manage Yards"}},"wdio_ui5_key":"sapm.GenericTile{\"header\":\"Manage Yards\"}"}]}
RESULT: undefined
COMMAND: POST /session/90692fb9de96379983d6b56b728182f7/element - {"using":"xpath","value":"//*[@id=\"__tile42\"]"}
RESULT: {"using":"xpath","value":"//*[@id=\"__tile42\"]"}
COMMAND: POST /session/90692fb9de96379983d6b56b728182f7/element/f.83867136431DBA8EE58576C3661977DE.d.7827F87A81F6A2C5D45D95AAD05B647D.e.1138/click - {}
RESULT: {}
COMMAND: GET /session/90692fb9de96379983d6b56b728182f7/screenshot - {}
RESULT: {}
COMMAND: POST /session/90692fb9de96379983d6b56b728182f7/elements - {"using":"xpath","value":"//span[text()='Error']"}
RESULT: {"using":"xpath","value":"//span[text()='Error']"}
RESULT: undefined
COMMAND: POST /session/90692fb9de96379983d6b56b728182f7/element - {"using":"xpath","value":"//*[@id=\"__tile42\"]"}
RESULT: {"using":"xpath","value":"//*[@id=\"__tile42\"]"}
COMMAND: POST /session/90692fb9de96379983d6b56b728182f7/element/f.83867136431DBA8EE58576C3661977DE.d.7827F87A81F6A2C5D45D95AAD05B647D.e.1138/click - {}
RESULT: undefined
COMMAND: POST /session/90692fb9de96379983d6b56b728182f7/element - {"using":"xpath","value":"//*[@id=\"__tile42\"]"}
RESULT: {"using":"xpath","value":"//*[@id=\"__tile42\"]"}
COMMAND: POST /session/90692fb9de96379983d6b56b728182f7/element/f.83867136431DBA8EE58576C3661977DE.d.7827F87A81F6A2C5D45D95AAD05B647D.e.1138/click - {}
RESULT: undefined
COMMAND: POST /session/90692fb9de96379983d6b56b728182f7/execute/async - {"script":"<script> [6424 bytes]","args":[{"element-6066-11e4-a52e-4f735466cecf":"f.83867136431DBA8EE58576C3661977DE.d.7827F87A81F6A2C5D45D95AAD05B647D.e.285"},"getTitle",[]]}
COMMAND: POST /session/90692fb9de96379983d6b56b728182f7/execute/async - {"script":"<script> [1562 bytes]","args":[{"selector":{"id":"shellAppTitle"},"wdio_ui5_key":"shellAppTitle"}]}
RESULT: {"script":"<script> [1562 bytes]","args":[{"selector":{"id":"shellAppTitle"},"wdio_ui5_key":"shellAppTitle"}]}
COMMAND: POST /session/90692fb9de96379983d6b56b728182f7/execute/async - {"script":"<script> [6424 bytes]","args":[{"element-6066-11e4-a52e-4f735466cecf":"f.83867136431DBA8EE58576C3661977DE.d.7827F87A81F6A2C5D45D95AAD05B647D.e.1323"},"getTitle",[]]}
RESULT: {"script":"<script> [6424 bytes]","args":[{"element-6066-11e4-a52e-4f735466cecf":"f.83867136431DBA8EE58576C3661977DE.d.7827F87A81F6A2C5D45D95AAD05B647D.e.1323"},"getTitle",[]]}
RESULT: undefined
COMMAND: POST /session/90692fb9de96379983d6b56b728182f7/element/f.83867136431DBA8EE58576C3661977DE.d.7827F87A81F6A2C5D45D95AAD05B647D.e.1136/click - {}
RESULT: {}
COMMAND: GET /session/90692fb9de96379983d6b56b728182f7/screenshot - {}
RESULT: {}
]]></system-out>
    </testcase>
    <testcase classname="chrome.137_0_7151_69.windows.Sanity_Tests_US104253" name="Should open Manage Requests page" time="37.264">
      <system-out><![CDATA[
COMMAND: POST /session/90692fb9de96379983d6b56b728182f7/execute/async - {"script":"<script> [1562 bytes]","args":[{"selector":{"controlType":"sap.m.GenericTile","properties":{"header":"Manage Requests"}},"wdio_ui5_key":"sapm.GenericTile{\"header\":\"Manage Requests\"}"}]}
RESULT: {"script":"<script> [1562 bytes]","args":[{"selector":{"controlType":"sap.m.GenericTile","properties":{"header":"Manage Requests"}},"wdio_ui5_key":"sapm.GenericTile{\"header\":\"Manage Requests\"}"}]}
RESULT: undefined
COMMAND: POST /session/90692fb9de96379983d6b56b728182f7/element - {"using":"xpath","value":"//*[@id=\"__tile48\"]"}
RESULT: {"using":"xpath","value":"//*[@id=\"__tile48\"]"}
COMMAND: POST /session/90692fb9de96379983d6b56b728182f7/element/f.83867136431DBA8EE58576C3661977DE.d.7827F87A81F6A2C5D45D95AAD05B647D.e.1325/click - {}
RESULT: {}
COMMAND: GET /session/90692fb9de96379983d6b56b728182f7/screenshot - {}
RESULT: {}
COMMAND: POST /session/90692fb9de96379983d6b56b728182f7/elements - {"using":"xpath","value":"//span[text()='Error']"}
RESULT: {"using":"xpath","value":"//span[text()='Error']"}
RESULT: undefined
COMMAND: POST /session/90692fb9de96379983d6b56b728182f7/element - {"using":"xpath","value":"//*[@id=\"__tile48\"]"}
RESULT: {"using":"xpath","value":"//*[@id=\"__tile48\"]"}
COMMAND: POST /session/90692fb9de96379983d6b56b728182f7/element/f.83867136431DBA8EE58576C3661977DE.d.7827F87A81F6A2C5D45D95AAD05B647D.e.1325/click - {}
RESULT: undefined
COMMAND: POST /session/90692fb9de96379983d6b56b728182f7/element - {"using":"xpath","value":"//*[@id=\"__tile48\"]"}
RESULT: {"using":"xpath","value":"//*[@id=\"__tile48\"]"}
COMMAND: POST /session/90692fb9de96379983d6b56b728182f7/element/f.83867136431DBA8EE58576C3661977DE.d.7827F87A81F6A2C5D45D95AAD05B647D.e.1325/click - {}
RESULT: undefined
COMMAND: POST /session/90692fb9de96379983d6b56b728182f7/execute/async - {"script":"<script> [6424 bytes]","args":[{"element-6066-11e4-a52e-4f735466cecf":"f.83867136431DBA8EE58576C3661977DE.d.7827F87A81F6A2C5D45D95AAD05B647D.e.285"},"getTitle",[]]}
COMMAND: POST /session/90692fb9de96379983d6b56b728182f7/execute/async - {"script":"<script> [1562 bytes]","args":[{"selector":{"id":"shellAppTitle"},"wdio_ui5_key":"shellAppTitle"}]}
RESULT: {"script":"<script> [1562 bytes]","args":[{"selector":{"id":"shellAppTitle"},"wdio_ui5_key":"shellAppTitle"}]}
COMMAND: POST /session/90692fb9de96379983d6b56b728182f7/execute/async - {"script":"<script> [6424 bytes]","args":[{"element-6066-11e4-a52e-4f735466cecf":"f.83867136431DBA8EE58576C3661977DE.d.7827F87A81F6A2C5D45D95AAD05B647D.e.1422"},"getTitle",[]]}
RESULT: {"script":"<script> [6424 bytes]","args":[{"element-6066-11e4-a52e-4f735466cecf":"f.83867136431DBA8EE58576C3661977DE.d.7827F87A81F6A2C5D45D95AAD05B647D.e.1422"},"getTitle",[]]}
RESULT: undefined
COMMAND: POST /session/90692fb9de96379983d6b56b728182f7/element/f.83867136431DBA8EE58576C3661977DE.d.7827F87A81F6A2C5D45D95AAD05B647D.e.1136/click - {}
COMMAND: POST /session/90692fb9de96379983d6b56b728182f7/element - {"using":"xpath","value":"//*[@id=\"backBtn\"]"}
RESULT: {"using":"xpath","value":"//*[@id=\"backBtn\"]"}
COMMAND: POST /session/90692fb9de96379983d6b56b728182f7/element/f.83867136431DBA8EE58576C3661977DE.d.7827F87A81F6A2C5D45D95AAD05B647D.e.1136/click - {}
COMMAND: POST /session/90692fb9de96379983d6b56b728182f7/element - {"using":"xpath","value":"//*[@id=\"backBtn\"]"}
RESULT: {"using":"xpath","value":"//*[@id=\"backBtn\"]"}
COMMAND: POST /session/90692fb9de96379983d6b56b728182f7/element/f.83867136431DBA8EE58576C3661977DE.d.7827F87A81F6A2C5D45D95AAD05B647D.e.1423/click - {}
RESULT: {}
COMMAND: GET /session/90692fb9de96379983d6b56b728182f7/screenshot - {}
RESULT: {}
]]></system-out>
    </testcase>
    <testcase classname="chrome.137_0_7151_69.windows.Sanity_Tests_US104253" name="Should open Manage Purchasing page" time="36.096">
      <system-out><![CDATA[
COMMAND: POST /session/90692fb9de96379983d6b56b728182f7/execute/async - {"script":"<script> [1562 bytes]","args":[{"selector":{"controlType":"sap.m.GenericTile","properties":{"header":"Manage Purchasing"}},"wdio_ui5_key":"sapm.GenericTile{\"header\":\"Manage Purchasing\"}"}]}
RESULT: {"script":"<script> [1562 bytes]","args":[{"selector":{"controlType":"sap.m.GenericTile","properties":{"header":"Manage Purchasing"}},"wdio_ui5_key":"sapm.GenericTile{\"header\":\"Manage Purchasing\"}"}]}
RESULT: undefined
COMMAND: POST /session/90692fb9de96379983d6b56b728182f7/element - {"using":"xpath","value":"//*[@id=\"__tile47\"]"}
RESULT: {"using":"xpath","value":"//*[@id=\"__tile47\"]"}
COMMAND: POST /session/90692fb9de96379983d6b56b728182f7/element/f.83867136431DBA8EE58576C3661977DE.d.7827F87A81F6A2C5D45D95AAD05B647D.e.1426/click - {}
RESULT: {}
COMMAND: GET /session/90692fb9de96379983d6b56b728182f7/screenshot - {}
RESULT: {}
COMMAND: POST /session/90692fb9de96379983d6b56b728182f7/elements - {"using":"xpath","value":"//span[text()='Error']"}
RESULT: {"using":"xpath","value":"//span[text()='Error']"}
RESULT: undefined
COMMAND: POST /session/90692fb9de96379983d6b56b728182f7/element - {"using":"xpath","value":"//*[@id=\"__tile47\"]"}
RESULT: {"using":"xpath","value":"//*[@id=\"__tile47\"]"}
COMMAND: POST /session/90692fb9de96379983d6b56b728182f7/element/f.83867136431DBA8EE58576C3661977DE.d.7827F87A81F6A2C5D45D95AAD05B647D.e.1426/click - {}
RESULT: undefined
COMMAND: POST /session/90692fb9de96379983d6b56b728182f7/element - {"using":"xpath","value":"//*[@id=\"__tile47\"]"}
RESULT: {"using":"xpath","value":"//*[@id=\"__tile47\"]"}
COMMAND: POST /session/90692fb9de96379983d6b56b728182f7/element/f.83867136431DBA8EE58576C3661977DE.d.7827F87A81F6A2C5D45D95AAD05B647D.e.1426/click - {}
RESULT: undefined
COMMAND: POST /session/90692fb9de96379983d6b56b728182f7/execute/async - {"script":"<script> [6424 bytes]","args":[{"element-6066-11e4-a52e-4f735466cecf":"f.83867136431DBA8EE58576C3661977DE.d.7827F87A81F6A2C5D45D95AAD05B647D.e.285"},"getTitle",[]]}
COMMAND: POST /session/90692fb9de96379983d6b56b728182f7/execute/async - {"script":"<script> [1562 bytes]","args":[{"selector":{"id":"shellAppTitle"},"wdio_ui5_key":"shellAppTitle"}]}
RESULT: {"script":"<script> [1562 bytes]","args":[{"selector":{"id":"shellAppTitle"},"wdio_ui5_key":"shellAppTitle"}]}
COMMAND: POST /session/90692fb9de96379983d6b56b728182f7/execute/async - {"script":"<script> [6424 bytes]","args":[{"element-6066-11e4-a52e-4f735466cecf":"f.83867136431DBA8EE58576C3661977DE.d.7827F87A81F6A2C5D45D95AAD05B647D.e.1504"},"getTitle",[]]}
RESULT: {"script":"<script> [6424 bytes]","args":[{"element-6066-11e4-a52e-4f735466cecf":"f.83867136431DBA8EE58576C3661977DE.d.7827F87A81F6A2C5D45D95AAD05B647D.e.1504"},"getTitle",[]]}
RESULT: undefined
COMMAND: POST /session/90692fb9de96379983d6b56b728182f7/element/f.83867136431DBA8EE58576C3661977DE.d.7827F87A81F6A2C5D45D95AAD05B647D.e.1423/click - {}
RESULT: {}
COMMAND: GET /session/90692fb9de96379983d6b56b728182f7/screenshot - {}
RESULT: {}
]]></system-out>
    </testcase>
    <testcase classname="chrome.137_0_7151_69.windows.Sanity_Tests_US104253" name="Should open Planning Board page" time="36.378">
      <system-out><![CDATA[
COMMAND: POST /session/90692fb9de96379983d6b56b728182f7/execute/async - {"script":"<script> [1562 bytes]","args":[{"selector":{"controlType":"sap.m.GenericTile","properties":{"header":"Planning Board"}},"wdio_ui5_key":"sapm.GenericTile{\"header\":\"Planning Board\"}"}]}
RESULT: {"script":"<script> [1562 bytes]","args":[{"selector":{"controlType":"sap.m.GenericTile","properties":{"header":"Planning Board"}},"wdio_ui5_key":"sapm.GenericTile{\"header\":\"Planning Board\"}"}]}
RESULT: undefined
COMMAND: POST /session/90692fb9de96379983d6b56b728182f7/element - {"using":"xpath","value":"//*[@id=\"__tile135\"]"}
RESULT: {"using":"xpath","value":"//*[@id=\"__tile135\"]"}
COMMAND: POST /session/90692fb9de96379983d6b56b728182f7/element/f.83867136431DBA8EE58576C3661977DE.d.7827F87A81F6A2C5D45D95AAD05B647D.e.1506/click - {}
RESULT: {}
COMMAND: GET /session/90692fb9de96379983d6b56b728182f7/screenshot - {}
RESULT: {}
COMMAND: POST /session/90692fb9de96379983d6b56b728182f7/elements - {"using":"xpath","value":"//span[text()='Error']"}
RESULT: {"using":"xpath","value":"//span[text()='Error']"}
RESULT: undefined
COMMAND: POST /session/90692fb9de96379983d6b56b728182f7/element - {"using":"xpath","value":"//*[@id=\"__tile135\"]"}
RESULT: {"using":"xpath","value":"//*[@id=\"__tile135\"]"}
COMMAND: POST /session/90692fb9de96379983d6b56b728182f7/element/f.83867136431DBA8EE58576C3661977DE.d.7827F87A81F6A2C5D45D95AAD05B647D.e.1506/click - {}
RESULT: undefined
COMMAND: POST /session/90692fb9de96379983d6b56b728182f7/element - {"using":"xpath","value":"//*[@id=\"__tile135\"]"}
RESULT: {"using":"xpath","value":"//*[@id=\"__tile135\"]"}
COMMAND: POST /session/90692fb9de96379983d6b56b728182f7/element/f.83867136431DBA8EE58576C3661977DE.d.7827F87A81F6A2C5D45D95AAD05B647D.e.1506/click - {}
RESULT: undefined
COMMAND: POST /session/90692fb9de96379983d6b56b728182f7/execute/async - {"script":"<script> [6424 bytes]","args":[{"element-6066-11e4-a52e-4f735466cecf":"f.83867136431DBA8EE58576C3661977DE.d.7827F87A81F6A2C5D45D95AAD05B647D.e.285"},"getTitle",[]]}
COMMAND: POST /session/90692fb9de96379983d6b56b728182f7/execute/async - {"script":"<script> [1562 bytes]","args":[{"selector":{"id":"shellAppTitle"},"wdio_ui5_key":"shellAppTitle"}]}
RESULT: {"script":"<script> [1562 bytes]","args":[{"selector":{"id":"shellAppTitle"},"wdio_ui5_key":"shellAppTitle"}]}
COMMAND: POST /session/90692fb9de96379983d6b56b728182f7/execute/async - {"script":"<script> [6424 bytes]","args":[{"element-6066-11e4-a52e-4f735466cecf":"f.83867136431DBA8EE58576C3661977DE.d.7827F87A81F6A2C5D45D95AAD05B647D.e.1554"},"getTitle",[]]}
RESULT: {"script":"<script> [6424 bytes]","args":[{"element-6066-11e4-a52e-4f735466cecf":"f.83867136431DBA8EE58576C3661977DE.d.7827F87A81F6A2C5D45D95AAD05B647D.e.1554"},"getTitle",[]]}
RESULT: undefined
COMMAND: POST /session/90692fb9de96379983d6b56b728182f7/element/f.83867136431DBA8EE58576C3661977DE.d.7827F87A81F6A2C5D45D95AAD05B647D.e.1423/click - {}
COMMAND: POST /session/90692fb9de96379983d6b56b728182f7/element/f.83867136431DBA8EE58576C3661977DE.d.7827F87A81F6A2C5D45D95AAD05B647D.e.1423/click - {}
COMMAND: POST /session/90692fb9de96379983d6b56b728182f7/element - {"using":"xpath","value":"//*[@id=\"backBtn\"]"}
COMMAND: POST /session/90692fb9de96379983d6b56b728182f7/element - {"using":"xpath","value":"//*[@id=\"backBtn\"]"}
RESULT: {"using":"xpath","value":"//*[@id=\"backBtn\"]"}
COMMAND: POST /session/90692fb9de96379983d6b56b728182f7/element/f.83867136431DBA8EE58576C3661977DE.d.7827F87A81F6A2C5D45D95AAD05B647D.e.1423/click - {}
RESULT: {"using":"xpath","value":"//*[@id=\"backBtn\"]"}
COMMAND: POST /session/90692fb9de96379983d6b56b728182f7/element/f.83867136431DBA8EE58576C3661977DE.d.7827F87A81F6A2C5D45D95AAD05B647D.e.1423/click - {}
COMMAND: POST /session/90692fb9de96379983d6b56b728182f7/element - {"using":"xpath","value":"//*[@id=\"backBtn\"]"}
COMMAND: POST /session/90692fb9de96379983d6b56b728182f7/element - {"using":"xpath","value":"//*[@id=\"backBtn\"]"}
RESULT: {"using":"xpath","value":"//*[@id=\"backBtn\"]"}
COMMAND: POST /session/90692fb9de96379983d6b56b728182f7/element/f.83867136431DBA8EE58576C3661977DE.d.7827F87A81F6A2C5D45D95AAD05B647D.e.1555/click - {}
RESULT: {"using":"xpath","value":"//*[@id=\"backBtn\"]"}
COMMAND: POST /session/90692fb9de96379983d6b56b728182f7/element/f.83867136431DBA8EE58576C3661977DE.d.7827F87A81F6A2C5D45D95AAD05B647D.e.1555/click - {}
RESULT: {}
COMMAND: GET /session/90692fb9de96379983d6b56b728182f7/screenshot - {}
RESULT: {}
COMMAND: GET /session/90692fb9de96379983d6b56b728182f7/screenshot - {}
RESULT: {}
RESULT: {}
]]></system-out>
    </testcase>
    <testcase classname="chrome.137_0_7151_69.windows.Sanity_Tests_US104253" name="Should open Manage Contracts page" time="37.705">
      <system-out><![CDATA[
COMMAND: POST /session/90692fb9de96379983d6b56b728182f7/execute/async - {"script":"<script> [1562 bytes]","args":[{"selector":{"controlType":"sap.m.GenericTile","properties":{"header":"Manage Contracts"}},"wdio_ui5_key":"sapm.GenericTile{\"header\":\"Manage Contracts\"}"}]}
RESULT: {"script":"<script> [1562 bytes]","args":[{"selector":{"controlType":"sap.m.GenericTile","properties":{"header":"Manage Contracts"}},"wdio_ui5_key":"sapm.GenericTile{\"header\":\"Manage Contracts\"}"}]}
RESULT: undefined
COMMAND: POST /session/90692fb9de96379983d6b56b728182f7/element - {"using":"xpath","value":"//*[@id=\"__tile132\"]"}
RESULT: {"using":"xpath","value":"//*[@id=\"__tile132\"]"}
COMMAND: POST /session/90692fb9de96379983d6b56b728182f7/element/f.83867136431DBA8EE58576C3661977DE.d.7827F87A81F6A2C5D45D95AAD05B647D.e.1557/click - {}
RESULT: {}
COMMAND: GET /session/90692fb9de96379983d6b56b728182f7/screenshot - {}
RESULT: {}
COMMAND: POST /session/90692fb9de96379983d6b56b728182f7/elements - {"using":"xpath","value":"//span[text()='Error']"}
RESULT: {"using":"xpath","value":"//span[text()='Error']"}
RESULT: undefined
COMMAND: POST /session/90692fb9de96379983d6b56b728182f7/element - {"using":"xpath","value":"//*[@id=\"__tile132\"]"}
RESULT: {"using":"xpath","value":"//*[@id=\"__tile132\"]"}
COMMAND: POST /session/90692fb9de96379983d6b56b728182f7/element/f.83867136431DBA8EE58576C3661977DE.d.7827F87A81F6A2C5D45D95AAD05B647D.e.1557/click - {}
RESULT: undefined
COMMAND: POST /session/90692fb9de96379983d6b56b728182f7/element - {"using":"xpath","value":"//*[@id=\"__tile132\"]"}
RESULT: {"using":"xpath","value":"//*[@id=\"__tile132\"]"}
COMMAND: POST /session/90692fb9de96379983d6b56b728182f7/element/f.83867136431DBA8EE58576C3661977DE.d.7827F87A81F6A2C5D45D95AAD05B647D.e.1557/click - {}
RESULT: undefined
COMMAND: POST /session/90692fb9de96379983d6b56b728182f7/execute/async - {"script":"<script> [6424 bytes]","args":[{"element-6066-11e4-a52e-4f735466cecf":"f.83867136431DBA8EE58576C3661977DE.d.7827F87A81F6A2C5D45D95AAD05B647D.e.285"},"getTitle",[]]}
COMMAND: POST /session/90692fb9de96379983d6b56b728182f7/execute/async - {"script":"<script> [1562 bytes]","args":[{"selector":{"id":"shellAppTitle"},"wdio_ui5_key":"shellAppTitle"}]}
RESULT: {"script":"<script> [1562 bytes]","args":[{"selector":{"id":"shellAppTitle"},"wdio_ui5_key":"shellAppTitle"}]}
COMMAND: POST /session/90692fb9de96379983d6b56b728182f7/execute/async - {"script":"<script> [6424 bytes]","args":[{"element-6066-11e4-a52e-4f735466cecf":"f.83867136431DBA8EE58576C3661977DE.d.7827F87A81F6A2C5D45D95AAD05B647D.e.1622"},"getTitle",[]]}
RESULT: {"script":"<script> [6424 bytes]","args":[{"element-6066-11e4-a52e-4f735466cecf":"f.83867136431DBA8EE58576C3661977DE.d.7827F87A81F6A2C5D45D95AAD05B647D.e.1622"},"getTitle",[]]}
RESULT: undefined
COMMAND: POST /session/90692fb9de96379983d6b56b728182f7/element/f.83867136431DBA8EE58576C3661977DE.d.7827F87A81F6A2C5D45D95AAD05B647D.e.1555/click - {}
RESULT: {}
COMMAND: GET /session/90692fb9de96379983d6b56b728182f7/screenshot - {}
RESULT: {}
]]></system-out>
    </testcase>
    <testcase classname="chrome.137_0_7151_69.windows.Sanity_Tests_US104253" name="Should open Manage Quotations page" time="37.698">
      <system-out><![CDATA[
COMMAND: POST /session/90692fb9de96379983d6b56b728182f7/execute/async - {"script":"<script> [1562 bytes]","args":[{"selector":{"controlType":"sap.m.GenericTile","properties":{"header":"Manage Quotations"}},"wdio_ui5_key":"sapm.GenericTile{\"header\":\"Manage Quotations\"}"}]}
RESULT: {"script":"<script> [1562 bytes]","args":[{"selector":{"controlType":"sap.m.GenericTile","properties":{"header":"Manage Quotations"}},"wdio_ui5_key":"sapm.GenericTile{\"header\":\"Manage Quotations\"}"}]}
RESULT: undefined
COMMAND: POST /session/90692fb9de96379983d6b56b728182f7/element - {"using":"xpath","value":"//*[@id=\"__tile133\"]"}
RESULT: {"using":"xpath","value":"//*[@id=\"__tile133\"]"}
COMMAND: POST /session/90692fb9de96379983d6b56b728182f7/element/f.83867136431DBA8EE58576C3661977DE.d.7827F87A81F6A2C5D45D95AAD05B647D.e.1624/click - {}
RESULT: {}
COMMAND: GET /session/90692fb9de96379983d6b56b728182f7/screenshot - {}
RESULT: {}
COMMAND: POST /session/90692fb9de96379983d6b56b728182f7/elements - {"using":"xpath","value":"//span[text()='Error']"}
RESULT: {"using":"xpath","value":"//span[text()='Error']"}
RESULT: undefined
COMMAND: POST /session/90692fb9de96379983d6b56b728182f7/element - {"using":"xpath","value":"//*[@id=\"__tile133\"]"}
RESULT: {"using":"xpath","value":"//*[@id=\"__tile133\"]"}
COMMAND: POST /session/90692fb9de96379983d6b56b728182f7/element/f.83867136431DBA8EE58576C3661977DE.d.7827F87A81F6A2C5D45D95AAD05B647D.e.1624/click - {}
RESULT: undefined
COMMAND: POST /session/90692fb9de96379983d6b56b728182f7/element - {"using":"xpath","value":"//*[@id=\"__tile133\"]"}
RESULT: {"using":"xpath","value":"//*[@id=\"__tile133\"]"}
COMMAND: POST /session/90692fb9de96379983d6b56b728182f7/element/f.83867136431DBA8EE58576C3661977DE.d.7827F87A81F6A2C5D45D95AAD05B647D.e.1624/click - {}
RESULT: undefined
COMMAND: POST /session/90692fb9de96379983d6b56b728182f7/execute/async - {"script":"<script> [6424 bytes]","args":[{"element-6066-11e4-a52e-4f735466cecf":"f.83867136431DBA8EE58576C3661977DE.d.7827F87A81F6A2C5D45D95AAD05B647D.e.285"},"getTitle",[]]}
COMMAND: POST /session/90692fb9de96379983d6b56b728182f7/execute/async - {"script":"<script> [1562 bytes]","args":[{"selector":{"id":"shellAppTitle"},"wdio_ui5_key":"shellAppTitle"}]}
RESULT: {"script":"<script> [1562 bytes]","args":[{"selector":{"id":"shellAppTitle"},"wdio_ui5_key":"shellAppTitle"}]}
COMMAND: POST /session/90692fb9de96379983d6b56b728182f7/execute/async - {"script":"<script> [6424 bytes]","args":[{"element-6066-11e4-a52e-4f735466cecf":"f.83867136431DBA8EE58576C3661977DE.d.7827F87A81F6A2C5D45D95AAD05B647D.e.1697"},"getTitle",[]]}
RESULT: {"script":"<script> [6424 bytes]","args":[{"element-6066-11e4-a52e-4f735466cecf":"f.83867136431DBA8EE58576C3661977DE.d.7827F87A81F6A2C5D45D95AAD05B647D.e.1697"},"getTitle",[]]}
RESULT: undefined
COMMAND: POST /session/90692fb9de96379983d6b56b728182f7/element/f.83867136431DBA8EE58576C3661977DE.d.7827F87A81F6A2C5D45D95AAD05B647D.e.1555/click - {}
COMMAND: POST /session/90692fb9de96379983d6b56b728182f7/element - {"using":"xpath","value":"//*[@id=\"backBtn\"]"}
RESULT: {"using":"xpath","value":"//*[@id=\"backBtn\"]"}
COMMAND: POST /session/90692fb9de96379983d6b56b728182f7/element/f.83867136431DBA8EE58576C3661977DE.d.7827F87A81F6A2C5D45D95AAD05B647D.e.1555/click - {}
COMMAND: POST /session/90692fb9de96379983d6b56b728182f7/element - {"using":"xpath","value":"//*[@id=\"backBtn\"]"}
RESULT: {"using":"xpath","value":"//*[@id=\"backBtn\"]"}
COMMAND: POST /session/90692fb9de96379983d6b56b728182f7/element/f.83867136431DBA8EE58576C3661977DE.d.7827F87A81F6A2C5D45D95AAD05B647D.e.1698/click - {}
RESULT: {}
COMMAND: GET /session/90692fb9de96379983d6b56b728182f7/screenshot - {}
RESULT: {}
]]></system-out>
    </testcase>
    <testcase classname="chrome.137_0_7151_69.windows.Sanity_Tests_US104253" name="Should open Manage Handovers page" time="37.137">
      <system-out><![CDATA[
COMMAND: POST /session/90692fb9de96379983d6b56b728182f7/execute/async - {"script":"<script> [1562 bytes]","args":[{"selector":{"controlType":"sap.m.GenericTile","properties":{"header":"Manage Handovers"}},"wdio_ui5_key":"sapm.GenericTile{\"header\":\"Manage Handovers\"}"}]}
RESULT: {"script":"<script> [1562 bytes]","args":[{"selector":{"controlType":"sap.m.GenericTile","properties":{"header":"Manage Handovers"}},"wdio_ui5_key":"sapm.GenericTile{\"header\":\"Manage Handovers\"}"}]}
RESULT: undefined
COMMAND: POST /session/90692fb9de96379983d6b56b728182f7/element - {"using":"xpath","value":"//*[@id=\"__tile134\"]"}
RESULT: {"using":"xpath","value":"//*[@id=\"__tile134\"]"}
COMMAND: POST /session/90692fb9de96379983d6b56b728182f7/element/f.83867136431DBA8EE58576C3661977DE.d.7827F87A81F6A2C5D45D95AAD05B647D.e.1700/click - {}
RESULT: {}
COMMAND: GET /session/90692fb9de96379983d6b56b728182f7/screenshot - {}
RESULT: {}
COMMAND: POST /session/90692fb9de96379983d6b56b728182f7/elements - {"using":"xpath","value":"//span[text()='Error']"}
RESULT: {"using":"xpath","value":"//span[text()='Error']"}
RESULT: undefined
COMMAND: POST /session/90692fb9de96379983d6b56b728182f7/element - {"using":"xpath","value":"//*[@id=\"__tile134\"]"}
RESULT: {"using":"xpath","value":"//*[@id=\"__tile134\"]"}
COMMAND: POST /session/90692fb9de96379983d6b56b728182f7/element/f.83867136431DBA8EE58576C3661977DE.d.7827F87A81F6A2C5D45D95AAD05B647D.e.1700/click - {}
RESULT: undefined
COMMAND: POST /session/90692fb9de96379983d6b56b728182f7/element - {"using":"xpath","value":"//*[@id=\"__tile134\"]"}
RESULT: {"using":"xpath","value":"//*[@id=\"__tile134\"]"}
COMMAND: POST /session/90692fb9de96379983d6b56b728182f7/element/f.83867136431DBA8EE58576C3661977DE.d.7827F87A81F6A2C5D45D95AAD05B647D.e.1700/click - {}
RESULT: undefined
COMMAND: POST /session/90692fb9de96379983d6b56b728182f7/execute/async - {"script":"<script> [6424 bytes]","args":[{"element-6066-11e4-a52e-4f735466cecf":"f.83867136431DBA8EE58576C3661977DE.d.7827F87A81F6A2C5D45D95AAD05B647D.e.285"},"getTitle",[]]}
COMMAND: POST /session/90692fb9de96379983d6b56b728182f7/execute/async - {"script":"<script> [1562 bytes]","args":[{"selector":{"id":"shellAppTitle"},"wdio_ui5_key":"shellAppTitle"}]}
RESULT: {"script":"<script> [1562 bytes]","args":[{"selector":{"id":"shellAppTitle"},"wdio_ui5_key":"shellAppTitle"}]}
COMMAND: POST /session/90692fb9de96379983d6b56b728182f7/execute/async - {"script":"<script> [6424 bytes]","args":[{"element-6066-11e4-a52e-4f735466cecf":"f.83867136431DBA8EE58576C3661977DE.d.7827F87A81F6A2C5D45D95AAD05B647D.e.1804"},"getTitle",[]]}
RESULT: {"script":"<script> [6424 bytes]","args":[{"element-6066-11e4-a52e-4f735466cecf":"f.83867136431DBA8EE58576C3661977DE.d.7827F87A81F6A2C5D45D95AAD05B647D.e.1804"},"getTitle",[]]}
RESULT: undefined
COMMAND: POST /session/90692fb9de96379983d6b56b728182f7/element/f.83867136431DBA8EE58576C3661977DE.d.7827F87A81F6A2C5D45D95AAD05B647D.e.1698/click - {}
RESULT: {}
COMMAND: GET /session/90692fb9de96379983d6b56b728182f7/screenshot - {}
RESULT: {}
]]></system-out>
    </testcase>
    <testcase classname="chrome.137_0_7151_69.windows.Sanity_Tests_US104253" name="Should open Delivery Monitor page" time="42.886">
      <system-out><![CDATA[
COMMAND: POST /session/90692fb9de96379983d6b56b728182f7/execute/async - {"script":"<script> [1562 bytes]","args":[{"selector":{"controlType":"sap.m.GenericTile","properties":{"header":"Delivery Monitor"}},"wdio_ui5_key":"sapm.GenericTile{\"header\":\"Delivery Monitor\"}"}]}
RESULT: {"script":"<script> [1562 bytes]","args":[{"selector":{"controlType":"sap.m.GenericTile","properties":{"header":"Delivery Monitor"}},"wdio_ui5_key":"sapm.GenericTile{\"header\":\"Delivery Monitor\"}"}]}
RESULT: undefined
COMMAND: POST /session/90692fb9de96379983d6b56b728182f7/element - {"using":"xpath","value":"//*[@id=\"__tile44\"]"}
RESULT: {"using":"xpath","value":"//*[@id=\"__tile44\"]"}
COMMAND: POST /session/90692fb9de96379983d6b56b728182f7/element/f.83867136431DBA8EE58576C3661977DE.d.7827F87A81F6A2C5D45D95AAD05B647D.e.1806/click - {}
RESULT: {}
COMMAND: GET /session/90692fb9de96379983d6b56b728182f7/screenshot - {}
RESULT: {}
COMMAND: POST /session/90692fb9de96379983d6b56b728182f7/elements - {"using":"xpath","value":"//span[text()='Error']"}
RESULT: {"using":"xpath","value":"//span[text()='Error']"}
RESULT: undefined
COMMAND: POST /session/90692fb9de96379983d6b56b728182f7/element - {"using":"xpath","value":"//*[@id=\"__tile44\"]"}
RESULT: {"using":"xpath","value":"//*[@id=\"__tile44\"]"}
COMMAND: POST /session/90692fb9de96379983d6b56b728182f7/element/f.83867136431DBA8EE58576C3661977DE.d.7827F87A81F6A2C5D45D95AAD05B647D.e.1806/click - {}
RESULT: undefined
COMMAND: POST /session/90692fb9de96379983d6b56b728182f7/element - {"using":"xpath","value":"//*[@id=\"__tile44\"]"}
RESULT: {"using":"xpath","value":"//*[@id=\"__tile44\"]"}
COMMAND: POST /session/90692fb9de96379983d6b56b728182f7/element/f.83867136431DBA8EE58576C3661977DE.d.7827F87A81F6A2C5D45D95AAD05B647D.e.1806/click - {}
RESULT: undefined
COMMAND: POST /session/90692fb9de96379983d6b56b728182f7/execute/async - {"script":"<script> [6424 bytes]","args":[{"element-6066-11e4-a52e-4f735466cecf":"f.83867136431DBA8EE58576C3661977DE.d.7827F87A81F6A2C5D45D95AAD05B647D.e.285"},"getTitle",[]]}
COMMAND: POST /session/90692fb9de96379983d6b56b728182f7/execute/async - {"script":"<script> [1562 bytes]","args":[{"selector":{"id":"shellAppTitle"},"wdio_ui5_key":"shellAppTitle"}]}
RESULT: {"script":"<script> [1562 bytes]","args":[{"selector":{"id":"shellAppTitle"},"wdio_ui5_key":"shellAppTitle"}]}
COMMAND: POST /session/90692fb9de96379983d6b56b728182f7/execute/async - {"script":"<script> [6424 bytes]","args":[{"element-6066-11e4-a52e-4f735466cecf":"f.83867136431DBA8EE58576C3661977DE.d.7827F87A81F6A2C5D45D95AAD05B647D.e.1992"},"getTitle",[]]}
RESULT: {"script":"<script> [6424 bytes]","args":[{"element-6066-11e4-a52e-4f735466cecf":"f.83867136431DBA8EE58576C3661977DE.d.7827F87A81F6A2C5D45D95AAD05B647D.e.1992"},"getTitle",[]]}
RESULT: undefined
COMMAND: POST /session/90692fb9de96379983d6b56b728182f7/element/f.83867136431DBA8EE58576C3661977DE.d.7827F87A81F6A2C5D45D95AAD05B647D.e.1698/click - {}
COMMAND: POST /session/90692fb9de96379983d6b56b728182f7/element - {"using":"xpath","value":"//*[@id=\"backBtn\"]"}
RESULT: {"using":"xpath","value":"//*[@id=\"backBtn\"]"}
COMMAND: POST /session/90692fb9de96379983d6b56b728182f7/element/f.83867136431DBA8EE58576C3661977DE.d.7827F87A81F6A2C5D45D95AAD05B647D.e.1698/click - {}
COMMAND: POST /session/90692fb9de96379983d6b56b728182f7/element - {"using":"xpath","value":"//*[@id=\"backBtn\"]"}
RESULT: {"using":"xpath","value":"//*[@id=\"backBtn\"]"}
COMMAND: POST /session/90692fb9de96379983d6b56b728182f7/element/f.83867136431DBA8EE58576C3661977DE.d.7827F87A81F6A2C5D45D95AAD05B647D.e.1993/click - {}
RESULT: {}
COMMAND: GET /session/90692fb9de96379983d6b56b728182f7/screenshot - {}
RESULT: {}
]]></system-out>
    </testcase>
    <testcase classname="chrome.137_0_7151_69.windows.Sanity_Tests_US104253" name="Should open Manage Calendar Exceptions page" time="36.734">
      <system-out><![CDATA[
COMMAND: POST /session/90692fb9de96379983d6b56b728182f7/execute/async - {"script":"<script> [1562 bytes]","args":[{"selector":{"controlType":"sap.m.GenericTile","properties":{"header":"Manage Calendar Exceptions"}},"wdio_ui5_key":"sapm.GenericTile{\"header\":\"Manage Calendar Exceptions\"}"}]}
RESULT: {"script":"<script> [1562 bytes]","args":[{"selector":{"controlType":"sap.m.GenericTile","properties":{"header":"Manage Calendar Exceptions"}},"wdio_ui5_key":"sapm.GenericTile{\"header\":\"Manage Calendar Exceptions\"}"}]}
RESULT: undefined
COMMAND: POST /session/90692fb9de96379983d6b56b728182f7/element - {"using":"xpath","value":"//*[@id=\"__tile54\"]"}
RESULT: {"using":"xpath","value":"//*[@id=\"__tile54\"]"}
COMMAND: POST /session/90692fb9de96379983d6b56b728182f7/element/f.83867136431DBA8EE58576C3661977DE.d.7827F87A81F6A2C5D45D95AAD05B647D.e.1995/click - {}
RESULT: {}
COMMAND: GET /session/90692fb9de96379983d6b56b728182f7/screenshot - {}
RESULT: {}
COMMAND: POST /session/90692fb9de96379983d6b56b728182f7/elements - {"using":"xpath","value":"//span[text()='Error']"}
RESULT: {"using":"xpath","value":"//span[text()='Error']"}
RESULT: undefined
COMMAND: POST /session/90692fb9de96379983d6b56b728182f7/element - {"using":"xpath","value":"//*[@id=\"__tile54\"]"}
RESULT: {"using":"xpath","value":"//*[@id=\"__tile54\"]"}
COMMAND: POST /session/90692fb9de96379983d6b56b728182f7/element/f.83867136431DBA8EE58576C3661977DE.d.7827F87A81F6A2C5D45D95AAD05B647D.e.1995/click - {}
RESULT: undefined
COMMAND: POST /session/90692fb9de96379983d6b56b728182f7/element - {"using":"xpath","value":"//*[@id=\"__tile54\"]"}
RESULT: {"using":"xpath","value":"//*[@id=\"__tile54\"]"}
COMMAND: POST /session/90692fb9de96379983d6b56b728182f7/element/f.83867136431DBA8EE58576C3661977DE.d.7827F87A81F6A2C5D45D95AAD05B647D.e.1995/click - {}
RESULT: undefined
COMMAND: POST /session/90692fb9de96379983d6b56b728182f7/execute/async - {"script":"<script> [6424 bytes]","args":[{"element-6066-11e4-a52e-4f735466cecf":"f.83867136431DBA8EE58576C3661977DE.d.7827F87A81F6A2C5D45D95AAD05B647D.e.285"},"getTitle",[]]}
COMMAND: POST /session/90692fb9de96379983d6b56b728182f7/execute/async - {"script":"<script> [1562 bytes]","args":[{"selector":{"id":"shellAppTitle"},"wdio_ui5_key":"shellAppTitle"}]}
RESULT: {"script":"<script> [1562 bytes]","args":[{"selector":{"id":"shellAppTitle"},"wdio_ui5_key":"shellAppTitle"}]}
COMMAND: POST /session/90692fb9de96379983d6b56b728182f7/execute/async - {"script":"<script> [6424 bytes]","args":[{"element-6066-11e4-a52e-4f735466cecf":"f.83867136431DBA8EE58576C3661977DE.d.7827F87A81F6A2C5D45D95AAD05B647D.e.2050"},"getTitle",[]]}
RESULT: {"script":"<script> [6424 bytes]","args":[{"element-6066-11e4-a52e-4f735466cecf":"f.83867136431DBA8EE58576C3661977DE.d.7827F87A81F6A2C5D45D95AAD05B647D.e.2050"},"getTitle",[]]}
RESULT: undefined
COMMAND: POST /session/90692fb9de96379983d6b56b728182f7/element/f.83867136431DBA8EE58576C3661977DE.d.7827F87A81F6A2C5D45D95AAD05B647D.e.1993/click - {}
RESULT: {}
COMMAND: GET /session/90692fb9de96379983d6b56b728182f7/screenshot - {}
RESULT: {}
]]></system-out>
    </testcase>
    <testcase classname="chrome.137_0_7151_69.windows.Sanity_Tests_US104253" name="Should open Manage States Performance page" time="36.693">
      <system-out><![CDATA[
COMMAND: POST /session/90692fb9de96379983d6b56b728182f7/execute/async - {"script":"<script> [1562 bytes]","args":[{"selector":{"controlType":"sap.m.GenericTile","properties":{"header":"Manage States & Performance"}},"wdio_ui5_key":"sapm.GenericTile{\"header\":\"Manage States & Performance\"}"}]}
RESULT: {"script":"<script> [1562 bytes]","args":[{"selector":{"controlType":"sap.m.GenericTile","properties":{"header":"Manage States & Performance"}},"wdio_ui5_key":"sapm.GenericTile{\"header\":\"Manage States & Performance\"}"}]}
RESULT: undefined
COMMAND: POST /session/90692fb9de96379983d6b56b728182f7/element - {"using":"xpath","value":"//*[@id=\"__tile58\"]"}
RESULT: {"using":"xpath","value":"//*[@id=\"__tile58\"]"}
COMMAND: POST /session/90692fb9de96379983d6b56b728182f7/element/f.83867136431DBA8EE58576C3661977DE.d.7827F87A81F6A2C5D45D95AAD05B647D.e.2054/click - {}
RESULT: {}
COMMAND: GET /session/90692fb9de96379983d6b56b728182f7/screenshot - {}
RESULT: {}
COMMAND: POST /session/90692fb9de96379983d6b56b728182f7/elements - {"using":"xpath","value":"//span[text()='Error']"}
RESULT: {"using":"xpath","value":"//span[text()='Error']"}
RESULT: undefined
COMMAND: POST /session/90692fb9de96379983d6b56b728182f7/element - {"using":"xpath","value":"//*[@id=\"__tile58\"]"}
RESULT: {"using":"xpath","value":"//*[@id=\"__tile58\"]"}
COMMAND: POST /session/90692fb9de96379983d6b56b728182f7/element/f.83867136431DBA8EE58576C3661977DE.d.7827F87A81F6A2C5D45D95AAD05B647D.e.2054/click - {}
RESULT: undefined
COMMAND: POST /session/90692fb9de96379983d6b56b728182f7/element - {"using":"xpath","value":"//*[@id=\"__tile58\"]"}
RESULT: {"using":"xpath","value":"//*[@id=\"__tile58\"]"}
COMMAND: POST /session/90692fb9de96379983d6b56b728182f7/element/f.83867136431DBA8EE58576C3661977DE.d.7827F87A81F6A2C5D45D95AAD05B647D.e.2054/click - {}
RESULT: undefined
COMMAND: POST /session/90692fb9de96379983d6b56b728182f7/execute/async - {"script":"<script> [6424 bytes]","args":[{"element-6066-11e4-a52e-4f735466cecf":"f.83867136431DBA8EE58576C3661977DE.d.7827F87A81F6A2C5D45D95AAD05B647D.e.285"},"getTitle",[]]}
COMMAND: POST /session/90692fb9de96379983d6b56b728182f7/execute/async - {"script":"<script> [1562 bytes]","args":[{"selector":{"id":"shellAppTitle"},"wdio_ui5_key":"shellAppTitle"}]}
RESULT: {"script":"<script> [1562 bytes]","args":[{"selector":{"id":"shellAppTitle"},"wdio_ui5_key":"shellAppTitle"}]}
COMMAND: POST /session/90692fb9de96379983d6b56b728182f7/execute/async - {"script":"<script> [6424 bytes]","args":[{"element-6066-11e4-a52e-4f735466cecf":"f.83867136431DBA8EE58576C3661977DE.d.7827F87A81F6A2C5D45D95AAD05B647D.e.2154"},"getTitle",[]]}
RESULT: {"script":"<script> [6424 bytes]","args":[{"element-6066-11e4-a52e-4f735466cecf":"f.83867136431DBA8EE58576C3661977DE.d.7827F87A81F6A2C5D45D95AAD05B647D.e.2154"},"getTitle",[]]}
RESULT: undefined
COMMAND: POST /session/90692fb9de96379983d6b56b728182f7/element/f.83867136431DBA8EE58576C3661977DE.d.7827F87A81F6A2C5D45D95AAD05B647D.e.1993/click - {}
COMMAND: POST /session/90692fb9de96379983d6b56b728182f7/element - {"using":"xpath","value":"//*[@id=\"backBtn\"]"}
RESULT: {"using":"xpath","value":"//*[@id=\"backBtn\"]"}
COMMAND: POST /session/90692fb9de96379983d6b56b728182f7/element/f.83867136431DBA8EE58576C3661977DE.d.7827F87A81F6A2C5D45D95AAD05B647D.e.1993/click - {}
COMMAND: POST /session/90692fb9de96379983d6b56b728182f7/element - {"using":"xpath","value":"//*[@id=\"backBtn\"]"}
RESULT: {"using":"xpath","value":"//*[@id=\"backBtn\"]"}
COMMAND: POST /session/90692fb9de96379983d6b56b728182f7/element/f.83867136431DBA8EE58576C3661977DE.d.7827F87A81F6A2C5D45D95AAD05B647D.e.2155/click - {}
RESULT: {}
COMMAND: GET /session/90692fb9de96379983d6b56b728182f7/screenshot - {}
RESULT: {}
]]></system-out>
    </testcase>
    <testcase classname="chrome.137_0_7151_69.windows.Sanity_Tests_US104253" name="Should open Manage Billings page" time="36.786">
      <system-out><![CDATA[
COMMAND: POST /session/90692fb9de96379983d6b56b728182f7/execute/async - {"script":"<script> [1562 bytes]","args":[{"selector":{"controlType":"sap.m.GenericTile","properties":{"header":"Manage Billings"}},"wdio_ui5_key":"sapm.GenericTile{\"header\":\"Manage Billings\"}"}]}
RESULT: {"script":"<script> [1562 bytes]","args":[{"selector":{"controlType":"sap.m.GenericTile","properties":{"header":"Manage Billings"}},"wdio_ui5_key":"sapm.GenericTile{\"header\":\"Manage Billings\"}"}]}
RESULT: undefined
COMMAND: POST /session/90692fb9de96379983d6b56b728182f7/element - {"using":"xpath","value":"//*[@id=\"__tile53\"]"}
RESULT: {"using":"xpath","value":"//*[@id=\"__tile53\"]"}
COMMAND: POST /session/90692fb9de96379983d6b56b728182f7/element/f.83867136431DBA8EE58576C3661977DE.d.7827F87A81F6A2C5D45D95AAD05B647D.e.2157/click - {}
RESULT: {}
COMMAND: GET /session/90692fb9de96379983d6b56b728182f7/screenshot - {}
RESULT: {}
COMMAND: POST /session/90692fb9de96379983d6b56b728182f7/elements - {"using":"xpath","value":"//span[text()='Error']"}
RESULT: {"using":"xpath","value":"//span[text()='Error']"}
RESULT: undefined
COMMAND: POST /session/90692fb9de96379983d6b56b728182f7/element - {"using":"xpath","value":"//*[@id=\"__tile53\"]"}
RESULT: {"using":"xpath","value":"//*[@id=\"__tile53\"]"}
COMMAND: POST /session/90692fb9de96379983d6b56b728182f7/element/f.83867136431DBA8EE58576C3661977DE.d.7827F87A81F6A2C5D45D95AAD05B647D.e.2157/click - {}
RESULT: undefined
COMMAND: POST /session/90692fb9de96379983d6b56b728182f7/element - {"using":"xpath","value":"//*[@id=\"__tile53\"]"}
RESULT: {"using":"xpath","value":"//*[@id=\"__tile53\"]"}
COMMAND: POST /session/90692fb9de96379983d6b56b728182f7/element/f.83867136431DBA8EE58576C3661977DE.d.7827F87A81F6A2C5D45D95AAD05B647D.e.2157/click - {}
RESULT: undefined
COMMAND: POST /session/90692fb9de96379983d6b56b728182f7/execute/async - {"script":"<script> [6424 bytes]","args":[{"element-6066-11e4-a52e-4f735466cecf":"f.83867136431DBA8EE58576C3661977DE.d.7827F87A81F6A2C5D45D95AAD05B647D.e.285"},"getTitle",[]]}
COMMAND: POST /session/90692fb9de96379983d6b56b728182f7/execute/async - {"script":"<script> [1562 bytes]","args":[{"selector":{"id":"shellAppTitle"},"wdio_ui5_key":"shellAppTitle"}]}
RESULT: {"script":"<script> [1562 bytes]","args":[{"selector":{"id":"shellAppTitle"},"wdio_ui5_key":"shellAppTitle"}]}
COMMAND: POST /session/90692fb9de96379983d6b56b728182f7/execute/async - {"script":"<script> [6424 bytes]","args":[{"element-6066-11e4-a52e-4f735466cecf":"f.83867136431DBA8EE58576C3661977DE.d.7827F87A81F6A2C5D45D95AAD05B647D.e.2381"},"getTitle",[]]}
RESULT: {"script":"<script> [6424 bytes]","args":[{"element-6066-11e4-a52e-4f735466cecf":"f.83867136431DBA8EE58576C3661977DE.d.7827F87A81F6A2C5D45D95AAD05B647D.e.2381"},"getTitle",[]]}
RESULT: undefined
COMMAND: POST /session/90692fb9de96379983d6b56b728182f7/element/f.83867136431DBA8EE58576C3661977DE.d.7827F87A81F6A2C5D45D95AAD05B647D.e.2155/click - {}
COMMAND: POST /session/90692fb9de96379983d6b56b728182f7/element/f.83867136431DBA8EE58576C3661977DE.d.7827F87A81F6A2C5D45D95AAD05B647D.e.2155/click - {}
RESULT: {}
COMMAND: GET /session/90692fb9de96379983d6b56b728182f7/screenshot - {}
COMMAND: POST /session/90692fb9de96379983d6b56b728182f7/element - {"using":"xpath","value":"//*[@id=\"backBtn\"]"}
RESULT: {}
RESULT: {"using":"xpath","value":"//*[@id=\"backBtn\"]"}
COMMAND: POST /session/90692fb9de96379983d6b56b728182f7/elements - {"using":"xpath","value":"//*[@id=\"backBtn\"]"}
RESULT: {"using":"xpath","value":"//*[@id=\"backBtn\"]"}
COMMAND: POST /session/90692fb9de96379983d6b56b728182f7/elements - {"using":"xpath","value":"//*[@id=\"backBtn\"]"}
RESULT: {"using":"xpath","value":"//*[@id=\"backBtn\"]"}
COMMAND: POST /session/90692fb9de96379983d6b56b728182f7/elements - {"using":"xpath","value":"//*[@id=\"backBtn\"]"}
RESULT: {"using":"xpath","value":"//*[@id=\"backBtn\"]"}
COMMAND: POST /session/90692fb9de96379983d6b56b728182f7/elements - {"using":"xpath","value":"//*[@id=\"backBtn\"]"}
RESULT: {"using":"xpath","value":"//*[@id=\"backBtn\"]"}
COMMAND: POST /session/90692fb9de96379983d6b56b728182f7/elements - {"using":"xpath","value":"//*[@id=\"backBtn\"]"}
RESULT: {"using":"xpath","value":"//*[@id=\"backBtn\"]"}
COMMAND: POST /session/90692fb9de96379983d6b56b728182f7/elements - {"using":"xpath","value":"//*[@id=\"backBtn\"]"}
RESULT: {"using":"xpath","value":"//*[@id=\"backBtn\"]"}
COMMAND: POST /session/90692fb9de96379983d6b56b728182f7/elements - {"using":"xpath","value":"//*[@id=\"backBtn\"]"}
RESULT: {"using":"xpath","value":"//*[@id=\"backBtn\"]"}
COMMAND: POST /session/90692fb9de96379983d6b56b728182f7/elements - {"using":"xpath","value":"//*[@id=\"backBtn\"]"}
RESULT: {"using":"xpath","value":"//*[@id=\"backBtn\"]"}
COMMAND: POST /session/90692fb9de96379983d6b56b728182f7/elements - {"using":"xpath","value":"//*[@id=\"backBtn\"]"}
RESULT: {"using":"xpath","value":"//*[@id=\"backBtn\"]"}
COMMAND: POST /session/90692fb9de96379983d6b56b728182f7/elements - {"using":"xpath","value":"//*[@id=\"backBtn\"]"}
RESULT: {"using":"xpath","value":"//*[@id=\"backBtn\"]"}
COMMAND: POST /session/90692fb9de96379983d6b56b728182f7/elements - {"using":"xpath","value":"//*[@id=\"backBtn\"]"}
RESULT: {"using":"xpath","value":"//*[@id=\"backBtn\"]"}
COMMAND: POST /session/90692fb9de96379983d6b56b728182f7/elements - {"using":"xpath","value":"//*[@id=\"backBtn\"]"}
RESULT: {"using":"xpath","value":"//*[@id=\"backBtn\"]"}
COMMAND: POST /session/90692fb9de96379983d6b56b728182f7/elements - {"using":"xpath","value":"//*[@id=\"backBtn\"]"}
RESULT: {"using":"xpath","value":"//*[@id=\"backBtn\"]"}
COMMAND: POST /session/90692fb9de96379983d6b56b728182f7/elements - {"using":"xpath","value":"//*[@id=\"backBtn\"]"}
RESULT: {"using":"xpath","value":"//*[@id=\"backBtn\"]"}
COMMAND: POST /session/90692fb9de96379983d6b56b728182f7/elements - {"using":"xpath","value":"//*[@id=\"backBtn\"]"}
RESULT: {"using":"xpath","value":"//*[@id=\"backBtn\"]"}
COMMAND: POST /session/90692fb9de96379983d6b56b728182f7/elements - {"using":"xpath","value":"//*[@id=\"backBtn\"]"}
RESULT: {"using":"xpath","value":"//*[@id=\"backBtn\"]"}
COMMAND: POST /session/90692fb9de96379983d6b56b728182f7/elements - {"using":"xpath","value":"//*[@id=\"backBtn\"]"}
RESULT: {"using":"xpath","value":"//*[@id=\"backBtn\"]"}
]]></system-out>
    </testcase>
    <testcase classname="chrome.137_0_7151_69.windows.Sanity_Tests_US104253" name="Should open Manage Conditions Prices page" time="46.396">
      <system-out><![CDATA[
COMMAND: POST /session/90692fb9de96379983d6b56b728182f7/execute/async - {"script":"<script> [1562 bytes]","args":[{"selector":{"controlType":"sap.m.GenericTile","properties":{"header":"Manage Conditions & Prices"}},"wdio_ui5_key":"sapm.GenericTile{\"header\":\"Manage Conditions & Prices\"}"}]}
COMMAND: POST /session/90692fb9de96379983d6b56b728182f7/elements - {"using":"xpath","value":"//*[@id=\"backBtn\"]"}
RESULT: {"script":"<script> [1562 bytes]","args":[{"selector":{"controlType":"sap.m.GenericTile","properties":{"header":"Manage Conditions & Prices"}},"wdio_ui5_key":"sapm.GenericTile{\"header\":\"Manage Conditions & Prices\"}"}]}
RESULT: undefined
COMMAND: POST /session/90692fb9de96379983d6b56b728182f7/element - {"using":"xpath","value":"//*[@id=\"__tile55\"]"}
RESULT: {"using":"xpath","value":"//*[@id=\"backBtn\"]"}
RESULT: {"using":"xpath","value":"//*[@id=\"__tile55\"]"}
COMMAND: POST /session/90692fb9de96379983d6b56b728182f7/element/f.83867136431DBA8EE58576C3661977DE.d.7827F87A81F6A2C5D45D95AAD05B647D.e.2383/click - {}
RESULT: {}
COMMAND: GET /session/90692fb9de96379983d6b56b728182f7/screenshot - {}
COMMAND: POST /session/90692fb9de96379983d6b56b728182f7/elements - {"using":"xpath","value":"//*[@id=\"backBtn\"]"}
RESULT: {}
RESULT: {"using":"xpath","value":"//*[@id=\"backBtn\"]"}
COMMAND: POST /session/90692fb9de96379983d6b56b728182f7/elements - {"using":"xpath","value":"//*[@id=\"backBtn\"]"}
RESULT: {"using":"xpath","value":"//*[@id=\"backBtn\"]"}
COMMAND: POST /session/90692fb9de96379983d6b56b728182f7/elements - {"using":"xpath","value":"//*[@id=\"backBtn\"]"}
RESULT: {"using":"xpath","value":"//*[@id=\"backBtn\"]"}
COMMAND: POST /session/90692fb9de96379983d6b56b728182f7/elements - {"using":"xpath","value":"//*[@id=\"backBtn\"]"}
COMMAND: POST /session/90692fb9de96379983d6b56b728182f7/elements - {"using":"xpath","value":"//span[text()='Error']"}
RESULT: {"using":"xpath","value":"//*[@id=\"backBtn\"]"}
COMMAND: POST /session/90692fb9de96379983d6b56b728182f7/element - {"using":"xpath","value":"//*[@id=\"backBtn\"]"}
RESULT: {"using":"xpath","value":"//span[text()='Error']"}
RESULT: {"using":"xpath","value":"//*[@id=\"backBtn\"]"}
COMMAND: POST /session/90692fb9de96379983d6b56b728182f7/element/f.83867136431DBA8EE58576C3661977DE.d.7827F87A81F6A2C5D45D95AAD05B647D.e.2155/click - {}
COMMAND: POST /session/90692fb9de96379983d6b56b728182f7/element - {"using":"xpath","value":"//*[@id=\"backBtn\"]"}
RESULT: {"using":"xpath","value":"//*[@id=\"backBtn\"]"}
COMMAND: POST /session/90692fb9de96379983d6b56b728182f7/element/f.83867136431DBA8EE58576C3661977DE.d.7827F87A81F6A2C5D45D95AAD05B647D.e.2386/click - {}
RESULT: {}
COMMAND: GET /session/90692fb9de96379983d6b56b728182f7/screenshot - {}
RESULT: {}
RESULT: undefined
COMMAND: POST /session/90692fb9de96379983d6b56b728182f7/element - {"using":"xpath","value":"//*[@id=\"__tile55\"]"}
RESULT: {"using":"xpath","value":"//*[@id=\"__tile55\"]"}
COMMAND: POST /session/90692fb9de96379983d6b56b728182f7/element/f.83867136431DBA8EE58576C3661977DE.d.7827F87A81F6A2C5D45D95AAD05B647D.e.2383/click - {}
RESULT: {}
RESULT: undefined
COMMAND: POST /session/90692fb9de96379983d6b56b728182f7/element - {"using":"xpath","value":"//*[@id=\"__tile55\"]"}
COMMAND: GET /session/90692fb9de96379983d6b56b728182f7/screenshot - {}
RESULT: {"using":"xpath","value":"//*[@id=\"__tile55\"]"}
COMMAND: POST /session/90692fb9de96379983d6b56b728182f7/element/f.83867136431DBA8EE58576C3661977DE.d.7827F87A81F6A2C5D45D95AAD05B647D.e.2383/click - {}
RESULT: {}
RESULT: undefined
COMMAND: POST /session/90692fb9de96379983d6b56b728182f7/execute/async - {"script":"<script> [6424 bytes]","args":[{"element-6066-11e4-a52e-4f735466cecf":"f.83867136431DBA8EE58576C3661977DE.d.7827F87A81F6A2C5D45D95AAD05B647D.e.285"},"getTitle",[]]}
COMMAND: POST /session/90692fb9de96379983d6b56b728182f7/execute/async - {"script":"<script> [1562 bytes]","args":[{"selector":{"id":"shellAppTitle"},"wdio_ui5_key":"shellAppTitle"}]}
RESULT: {"script":"<script> [1562 bytes]","args":[{"selector":{"id":"shellAppTitle"},"wdio_ui5_key":"shellAppTitle"}]}
COMMAND: POST /session/90692fb9de96379983d6b56b728182f7/execute/async - {"script":"<script> [6424 bytes]","args":[{"element-6066-11e4-a52e-4f735466cecf":"f.83867136431DBA8EE58576C3661977DE.d.7827F87A81F6A2C5D45D95AAD05B647D.e.2562"},"getTitle",[]]}
RESULT: {"script":"<script> [6424 bytes]","args":[{"element-6066-11e4-a52e-4f735466cecf":"f.83867136431DBA8EE58576C3661977DE.d.7827F87A81F6A2C5D45D95AAD05B647D.e.2562"},"getTitle",[]]}
RESULT: undefined
COMMAND: POST /session/90692fb9de96379983d6b56b728182f7/element/f.83867136431DBA8EE58576C3661977DE.d.7827F87A81F6A2C5D45D95AAD05B647D.e.2386/click - {}
RESULT: {}
COMMAND: GET /session/90692fb9de96379983d6b56b728182f7/screenshot - {}
RESULT: {}
]]></system-out>
    </testcase>
    <testcase classname="chrome.137_0_7151_69.windows.Sanity_Tests_US104253" name="Should open Billing Transfer page" time="37.462">
      <system-out><![CDATA[
COMMAND: POST /session/90692fb9de96379983d6b56b728182f7/execute/async - {"script":"<script> [1562 bytes]","args":[{"selector":{"controlType":"sap.m.GenericTile","properties":{"header":"Billing Transfer"}},"wdio_ui5_key":"sapm.GenericTile{\"header\":\"Billing Transfer\"}"}]}
RESULT: {"script":"<script> [1562 bytes]","args":[{"selector":{"controlType":"sap.m.GenericTile","properties":{"header":"Billing Transfer"}},"wdio_ui5_key":"sapm.GenericTile{\"header\":\"Billing Transfer\"}"}]}
RESULT: undefined
COMMAND: POST /session/90692fb9de96379983d6b56b728182f7/element - {"using":"xpath","value":"//*[@id=\"__tile52\"]"}
RESULT: {"using":"xpath","value":"//*[@id=\"__tile52\"]"}
COMMAND: POST /session/90692fb9de96379983d6b56b728182f7/element/f.83867136431DBA8EE58576C3661977DE.d.7827F87A81F6A2C5D45D95AAD05B647D.e.2564/click - {}
RESULT: {}
COMMAND: GET /session/90692fb9de96379983d6b56b728182f7/screenshot - {}
RESULT: {}
COMMAND: POST /session/90692fb9de96379983d6b56b728182f7/elements - {"using":"xpath","value":"//span[text()='Error']"}
RESULT: {"using":"xpath","value":"//span[text()='Error']"}
RESULT: undefined
COMMAND: POST /session/90692fb9de96379983d6b56b728182f7/element - {"using":"xpath","value":"//*[@id=\"__tile52\"]"}
RESULT: {"using":"xpath","value":"//*[@id=\"__tile52\"]"}
COMMAND: POST /session/90692fb9de96379983d6b56b728182f7/element/f.83867136431DBA8EE58576C3661977DE.d.7827F87A81F6A2C5D45D95AAD05B647D.e.2564/click - {}
RESULT: undefined
COMMAND: POST /session/90692fb9de96379983d6b56b728182f7/element - {"using":"xpath","value":"//*[@id=\"__tile52\"]"}
RESULT: {"using":"xpath","value":"//*[@id=\"__tile52\"]"}
COMMAND: POST /session/90692fb9de96379983d6b56b728182f7/element/f.83867136431DBA8EE58576C3661977DE.d.7827F87A81F6A2C5D45D95AAD05B647D.e.2564/click - {}
RESULT: undefined
COMMAND: POST /session/90692fb9de96379983d6b56b728182f7/execute/async - {"script":"<script> [6424 bytes]","args":[{"element-6066-11e4-a52e-4f735466cecf":"f.83867136431DBA8EE58576C3661977DE.d.7827F87A81F6A2C5D45D95AAD05B647D.e.285"},"getTitle",[]]}
COMMAND: POST /session/90692fb9de96379983d6b56b728182f7/execute/async - {"script":"<script> [1562 bytes]","args":[{"selector":{"id":"shellAppTitle"},"wdio_ui5_key":"shellAppTitle"}]}
RESULT: {"script":"<script> [1562 bytes]","args":[{"selector":{"id":"shellAppTitle"},"wdio_ui5_key":"shellAppTitle"}]}
COMMAND: POST /session/90692fb9de96379983d6b56b728182f7/execute/async - {"script":"<script> [6424 bytes]","args":[{"element-6066-11e4-a52e-4f735466cecf":"f.83867136431DBA8EE58576C3661977DE.d.7827F87A81F6A2C5D45D95AAD05B647D.e.2663"},"getTitle",[]]}
RESULT: {"script":"<script> [6424 bytes]","args":[{"element-6066-11e4-a52e-4f735466cecf":"f.83867136431DBA8EE58576C3661977DE.d.7827F87A81F6A2C5D45D95AAD05B647D.e.2663"},"getTitle",[]]}
RESULT: undefined
COMMAND: POST /session/90692fb9de96379983d6b56b728182f7/element/f.83867136431DBA8EE58576C3661977DE.d.7827F87A81F6A2C5D45D95AAD05B647D.e.2386/click - {}
COMMAND: POST /session/90692fb9de96379983d6b56b728182f7/element - {"using":"xpath","value":"//*[@id=\"backBtn\"]"}
RESULT: {"using":"xpath","value":"//*[@id=\"backBtn\"]"}
COMMAND: POST /session/90692fb9de96379983d6b56b728182f7/element/f.83867136431DBA8EE58576C3661977DE.d.7827F87A81F6A2C5D45D95AAD05B647D.e.2386/click - {}
COMMAND: POST /session/90692fb9de96379983d6b56b728182f7/element - {"using":"xpath","value":"//*[@id=\"backBtn\"]"}
RESULT: {"using":"xpath","value":"//*[@id=\"backBtn\"]"}
COMMAND: POST /session/90692fb9de96379983d6b56b728182f7/element/f.83867136431DBA8EE58576C3661977DE.d.7827F87A81F6A2C5D45D95AAD05B647D.e.2664/click - {}
RESULT: {}
COMMAND: GET /session/90692fb9de96379983d6b56b728182f7/screenshot - {}
RESULT: {}
]]></system-out>
    </testcase>
    <testcase classname="chrome.137_0_7151_69.windows.Sanity_Tests_US104253" name="Should open Manage Pricing Rules page" time="38.36">
      <system-out><![CDATA[
COMMAND: POST /session/90692fb9de96379983d6b56b728182f7/execute/async - {"script":"<script> [1562 bytes]","args":[{"selector":{"controlType":"sap.m.GenericTile","properties":{"header":"Manage Pricing Rules"}},"wdio_ui5_key":"sapm.GenericTile{\"header\":\"Manage Pricing Rules\"}"}]}
RESULT: {"script":"<script> [1562 bytes]","args":[{"selector":{"controlType":"sap.m.GenericTile","properties":{"header":"Manage Pricing Rules"}},"wdio_ui5_key":"sapm.GenericTile{\"header\":\"Manage Pricing Rules\"}"}]}
RESULT: undefined
COMMAND: POST /session/90692fb9de96379983d6b56b728182f7/element - {"using":"xpath","value":"//*[@id=\"__tile57\"]"}
RESULT: {"using":"xpath","value":"//*[@id=\"__tile57\"]"}
COMMAND: POST /session/90692fb9de96379983d6b56b728182f7/element/f.83867136431DBA8EE58576C3661977DE.d.7827F87A81F6A2C5D45D95AAD05B647D.e.2666/click - {}
RESULT: {}
COMMAND: GET /session/90692fb9de96379983d6b56b728182f7/screenshot - {}
RESULT: {}
COMMAND: POST /session/90692fb9de96379983d6b56b728182f7/elements - {"using":"xpath","value":"//span[text()='Error']"}
RESULT: {"using":"xpath","value":"//span[text()='Error']"}
RESULT: undefined
COMMAND: POST /session/90692fb9de96379983d6b56b728182f7/element - {"using":"xpath","value":"//*[@id=\"__tile57\"]"}
RESULT: {"using":"xpath","value":"//*[@id=\"__tile57\"]"}
COMMAND: POST /session/90692fb9de96379983d6b56b728182f7/element/f.83867136431DBA8EE58576C3661977DE.d.7827F87A81F6A2C5D45D95AAD05B647D.e.2666/click - {}
RESULT: undefined
COMMAND: POST /session/90692fb9de96379983d6b56b728182f7/element - {"using":"xpath","value":"//*[@id=\"__tile57\"]"}
RESULT: {"using":"xpath","value":"//*[@id=\"__tile57\"]"}
COMMAND: POST /session/90692fb9de96379983d6b56b728182f7/element/f.83867136431DBA8EE58576C3661977DE.d.7827F87A81F6A2C5D45D95AAD05B647D.e.2666/click - {}
RESULT: undefined
COMMAND: POST /session/90692fb9de96379983d6b56b728182f7/execute/async - {"script":"<script> [6424 bytes]","args":[{"element-6066-11e4-a52e-4f735466cecf":"f.83867136431DBA8EE58576C3661977DE.d.7827F87A81F6A2C5D45D95AAD05B647D.e.285"},"getTitle",[]]}
COMMAND: POST /session/90692fb9de96379983d6b56b728182f7/execute/async - {"script":"<script> [1562 bytes]","args":[{"selector":{"id":"shellAppTitle"},"wdio_ui5_key":"shellAppTitle"}]}
RESULT: {"script":"<script> [1562 bytes]","args":[{"selector":{"id":"shellAppTitle"},"wdio_ui5_key":"shellAppTitle"}]}
COMMAND: POST /session/90692fb9de96379983d6b56b728182f7/execute/async - {"script":"<script> [6424 bytes]","args":[{"element-6066-11e4-a52e-4f735466cecf":"f.83867136431DBA8EE58576C3661977DE.d.7827F87A81F6A2C5D45D95AAD05B647D.e.2753"},"getTitle",[]]}
RESULT: {"script":"<script> [6424 bytes]","args":[{"element-6066-11e4-a52e-4f735466cecf":"f.83867136431DBA8EE58576C3661977DE.d.7827F87A81F6A2C5D45D95AAD05B647D.e.2753"},"getTitle",[]]}
RESULT: undefined
COMMAND: POST /session/90692fb9de96379983d6b56b728182f7/element/f.83867136431DBA8EE58576C3661977DE.d.7827F87A81F6A2C5D45D95AAD05B647D.e.2664/click - {}
RESULT: {}
COMMAND: GET /session/90692fb9de96379983d6b56b728182f7/screenshot - {}
RESULT: {}
]]></system-out>
    </testcase>
    <testcase classname="chrome.137_0_7151_69.windows.Sanity_Tests_US104253" name="Should open Manage Price Determination Matrices page" time="41.546">
      <system-out><![CDATA[
COMMAND: POST /session/90692fb9de96379983d6b56b728182f7/execute/async - {"script":"<script> [1562 bytes]","args":[{"selector":{"controlType":"sap.m.GenericTile","properties":{"header":"Manage Price Determination Matrices"}},"wdio_ui5_key":"sapm.GenericTile{\"header\":\"Manage Price Determination Matrices\"}"}]}
RESULT: {"script":"<script> [1562 bytes]","args":[{"selector":{"controlType":"sap.m.GenericTile","properties":{"header":"Manage Price Determination Matrices"}},"wdio_ui5_key":"sapm.GenericTile{\"header\":\"Manage Price Determination Matrices\"}"}]}
RESULT: undefined
COMMAND: POST /session/90692fb9de96379983d6b56b728182f7/element - {"using":"xpath","value":"//*[@id=\"__tile56\"]"}
RESULT: {"using":"xpath","value":"//*[@id=\"__tile56\"]"}
COMMAND: POST /session/90692fb9de96379983d6b56b728182f7/element/f.83867136431DBA8EE58576C3661977DE.d.7827F87A81F6A2C5D45D95AAD05B647D.e.2755/click - {}
RESULT: {}
COMMAND: GET /session/90692fb9de96379983d6b56b728182f7/screenshot - {}
RESULT: {}
COMMAND: POST /session/90692fb9de96379983d6b56b728182f7/elements - {"using":"xpath","value":"//span[text()='Error']"}
RESULT: {"using":"xpath","value":"//span[text()='Error']"}
RESULT: undefined
COMMAND: POST /session/90692fb9de96379983d6b56b728182f7/element - {"using":"xpath","value":"//*[@id=\"__tile56\"]"}
RESULT: {"using":"xpath","value":"//*[@id=\"__tile56\"]"}
COMMAND: POST /session/90692fb9de96379983d6b56b728182f7/element/f.83867136431DBA8EE58576C3661977DE.d.7827F87A81F6A2C5D45D95AAD05B647D.e.2755/click - {}
RESULT: undefined
COMMAND: POST /session/90692fb9de96379983d6b56b728182f7/element - {"using":"xpath","value":"//*[@id=\"__tile56\"]"}
RESULT: {"using":"xpath","value":"//*[@id=\"__tile56\"]"}
COMMAND: POST /session/90692fb9de96379983d6b56b728182f7/element/f.83867136431DBA8EE58576C3661977DE.d.7827F87A81F6A2C5D45D95AAD05B647D.e.2755/click - {}
RESULT: undefined
COMMAND: POST /session/90692fb9de96379983d6b56b728182f7/execute/async - {"script":"<script> [6424 bytes]","args":[{"element-6066-11e4-a52e-4f735466cecf":"f.83867136431DBA8EE58576C3661977DE.d.7827F87A81F6A2C5D45D95AAD05B647D.e.285"},"getTitle",[]]}
COMMAND: POST /session/90692fb9de96379983d6b56b728182f7/execute/async - {"script":"<script> [1562 bytes]","args":[{"selector":{"id":"shellAppTitle"},"wdio_ui5_key":"shellAppTitle"}]}
RESULT: {"script":"<script> [1562 bytes]","args":[{"selector":{"id":"shellAppTitle"},"wdio_ui5_key":"shellAppTitle"}]}
COMMAND: POST /session/90692fb9de96379983d6b56b728182f7/execute/async - {"script":"<script> [6424 bytes]","args":[{"element-6066-11e4-a52e-4f735466cecf":"f.83867136431DBA8EE58576C3661977DE.d.7827F87A81F6A2C5D45D95AAD05B647D.e.2841"},"getTitle",[]]}
RESULT: {"script":"<script> [6424 bytes]","args":[{"element-6066-11e4-a52e-4f735466cecf":"f.83867136431DBA8EE58576C3661977DE.d.7827F87A81F6A2C5D45D95AAD05B647D.e.2841"},"getTitle",[]]}
RESULT: undefined
COMMAND: POST /session/90692fb9de96379983d6b56b728182f7/element/f.83867136431DBA8EE58576C3661977DE.d.7827F87A81F6A2C5D45D95AAD05B647D.e.2664/click - {}
COMMAND: POST /session/90692fb9de96379983d6b56b728182f7/element - {"using":"xpath","value":"//*[@id=\"backBtn\"]"}
RESULT: {"using":"xpath","value":"//*[@id=\"backBtn\"]"}
COMMAND: POST /session/90692fb9de96379983d6b56b728182f7/element/f.83867136431DBA8EE58576C3661977DE.d.7827F87A81F6A2C5D45D95AAD05B647D.e.2664/click - {}
COMMAND: POST /session/90692fb9de96379983d6b56b728182f7/element - {"using":"xpath","value":"//*[@id=\"backBtn\"]"}
RESULT: {"using":"xpath","value":"//*[@id=\"backBtn\"]"}
COMMAND: POST /session/90692fb9de96379983d6b56b728182f7/element/f.83867136431DBA8EE58576C3661977DE.d.7827F87A81F6A2C5D45D95AAD05B647D.e.2842/click - {}
RESULT: {}
COMMAND: GET /session/90692fb9de96379983d6b56b728182f7/screenshot - {}
RESULT: {}
]]></system-out>
    </testcase>
    <testcase classname="chrome.137_0_7151_69.windows.Sanity_Tests_US104253" name="Should open Yard Overview page" time="37.62">
      <system-out><![CDATA[
COMMAND: POST /session/90692fb9de96379983d6b56b728182f7/execute/async - {"script":"<script> [1562 bytes]","args":[{"selector":{"controlType":"sap.m.GenericTile","properties":{"header":"Yard Overview"}},"wdio_ui5_key":"sapm.GenericTile{\"header\":\"Yard Overview\"}"}]}
RESULT: {"script":"<script> [1562 bytes]","args":[{"selector":{"controlType":"sap.m.GenericTile","properties":{"header":"Yard Overview"}},"wdio_ui5_key":"sapm.GenericTile{\"header\":\"Yard Overview\"}"}]}
RESULT: undefined
COMMAND: POST /session/90692fb9de96379983d6b56b728182f7/element - {"using":"xpath","value":"//*[@id=\"__tile104\"]"}
RESULT: {"using":"xpath","value":"//*[@id=\"__tile104\"]"}
COMMAND: POST /session/90692fb9de96379983d6b56b728182f7/element/f.83867136431DBA8EE58576C3661977DE.d.7827F87A81F6A2C5D45D95AAD05B647D.e.2844/click - {}
RESULT: {}
COMMAND: GET /session/90692fb9de96379983d6b56b728182f7/screenshot - {}
RESULT: {}
COMMAND: POST /session/90692fb9de96379983d6b56b728182f7/elements - {"using":"xpath","value":"//span[text()='Error']"}
RESULT: {"using":"xpath","value":"//span[text()='Error']"}
RESULT: undefined
COMMAND: POST /session/90692fb9de96379983d6b56b728182f7/element - {"using":"xpath","value":"//*[@id=\"__tile104\"]"}
RESULT: {"using":"xpath","value":"//*[@id=\"__tile104\"]"}
COMMAND: POST /session/90692fb9de96379983d6b56b728182f7/element/f.83867136431DBA8EE58576C3661977DE.d.7827F87A81F6A2C5D45D95AAD05B647D.e.2844/click - {}
RESULT: undefined
COMMAND: POST /session/90692fb9de96379983d6b56b728182f7/element - {"using":"xpath","value":"//*[@id=\"__tile104\"]"}
RESULT: {"using":"xpath","value":"//*[@id=\"__tile104\"]"}
COMMAND: POST /session/90692fb9de96379983d6b56b728182f7/element/f.83867136431DBA8EE58576C3661977DE.d.7827F87A81F6A2C5D45D95AAD05B647D.e.2844/click - {}
RESULT: undefined
COMMAND: POST /session/90692fb9de96379983d6b56b728182f7/execute/async - {"script":"<script> [6424 bytes]","args":[{"element-6066-11e4-a52e-4f735466cecf":"f.83867136431DBA8EE58576C3661977DE.d.7827F87A81F6A2C5D45D95AAD05B647D.e.285"},"getTitle",[]]}
COMMAND: POST /session/90692fb9de96379983d6b56b728182f7/execute/async - {"script":"<script> [1562 bytes]","args":[{"selector":{"id":"shellAppTitle"},"wdio_ui5_key":"shellAppTitle"}]}
RESULT: {"script":"<script> [1562 bytes]","args":[{"selector":{"id":"shellAppTitle"},"wdio_ui5_key":"shellAppTitle"}]}
COMMAND: POST /session/90692fb9de96379983d6b56b728182f7/execute/async - {"script":"<script> [6424 bytes]","args":[{"element-6066-11e4-a52e-4f735466cecf":"f.83867136431DBA8EE58576C3661977DE.d.7827F87A81F6A2C5D45D95AAD05B647D.e.2905"},"getTitle",[]]}
RESULT: {"script":"<script> [6424 bytes]","args":[{"element-6066-11e4-a52e-4f735466cecf":"f.83867136431DBA8EE58576C3661977DE.d.7827F87A81F6A2C5D45D95AAD05B647D.e.2905"},"getTitle",[]]}
RESULT: undefined
COMMAND: POST /session/90692fb9de96379983d6b56b728182f7/element/f.83867136431DBA8EE58576C3661977DE.d.7827F87A81F6A2C5D45D95AAD05B647D.e.2842/click - {}
RESULT: {}
COMMAND: GET /session/90692fb9de96379983d6b56b728182f7/screenshot - {}
RESULT: {}
]]></system-out>
    </testcase>
    <testcase classname="chrome.137_0_7151_69.windows.Sanity_Tests_US104253" name="Should open Site Overview page" time="38.572">
      <system-out><![CDATA[
COMMAND: POST /session/90692fb9de96379983d6b56b728182f7/execute/async - {"script":"<script> [1562 bytes]","args":[{"selector":{"controlType":"sap.m.GenericTile","properties":{"header":"Site Overview"}},"wdio_ui5_key":"sapm.GenericTile{\"header\":\"Site Overview\"}"}]}
RESULT: {"script":"<script> [1562 bytes]","args":[{"selector":{"controlType":"sap.m.GenericTile","properties":{"header":"Site Overview"}},"wdio_ui5_key":"sapm.GenericTile{\"header\":\"Site Overview\"}"}]}
RESULT: undefined
COMMAND: POST /session/90692fb9de96379983d6b56b728182f7/element - {"using":"xpath","value":"//*[@id=\"__tile102\"]"}
RESULT: {"using":"xpath","value":"//*[@id=\"__tile102\"]"}
COMMAND: POST /session/90692fb9de96379983d6b56b728182f7/element/f.83867136431DBA8EE58576C3661977DE.d.7827F87A81F6A2C5D45D95AAD05B647D.e.2908/click - {}
RESULT: {}
COMMAND: GET /session/90692fb9de96379983d6b56b728182f7/screenshot - {}
RESULT: {}
COMMAND: POST /session/90692fb9de96379983d6b56b728182f7/elements - {"using":"xpath","value":"//span[text()='Error']"}
RESULT: {"using":"xpath","value":"//span[text()='Error']"}
RESULT: undefined
COMMAND: POST /session/90692fb9de96379983d6b56b728182f7/element - {"using":"xpath","value":"//*[@id=\"__tile102\"]"}
RESULT: {"using":"xpath","value":"//*[@id=\"__tile102\"]"}
COMMAND: POST /session/90692fb9de96379983d6b56b728182f7/element/f.83867136431DBA8EE58576C3661977DE.d.7827F87A81F6A2C5D45D95AAD05B647D.e.2908/click - {}
RESULT: undefined
COMMAND: POST /session/90692fb9de96379983d6b56b728182f7/element - {"using":"xpath","value":"//*[@id=\"__tile102\"]"}
RESULT: {"using":"xpath","value":"//*[@id=\"__tile102\"]"}
COMMAND: POST /session/90692fb9de96379983d6b56b728182f7/element/f.83867136431DBA8EE58576C3661977DE.d.7827F87A81F6A2C5D45D95AAD05B647D.e.2908/click - {}
RESULT: undefined
COMMAND: POST /session/90692fb9de96379983d6b56b728182f7/execute/async - {"script":"<script> [6424 bytes]","args":[{"element-6066-11e4-a52e-4f735466cecf":"f.83867136431DBA8EE58576C3661977DE.d.7827F87A81F6A2C5D45D95AAD05B647D.e.285"},"getTitle",[]]}
COMMAND: POST /session/90692fb9de96379983d6b56b728182f7/execute/async - {"script":"<script> [1562 bytes]","args":[{"selector":{"id":"shellAppTitle"},"wdio_ui5_key":"shellAppTitle"}]}
RESULT: {"script":"<script> [1562 bytes]","args":[{"selector":{"id":"shellAppTitle"},"wdio_ui5_key":"shellAppTitle"}]}
COMMAND: POST /session/90692fb9de96379983d6b56b728182f7/execute/async - {"script":"<script> [6424 bytes]","args":[{"element-6066-11e4-a52e-4f735466cecf":"f.83867136431DBA8EE58576C3661977DE.d.7827F87A81F6A2C5D45D95AAD05B647D.e.3022"},"getTitle",[]]}
RESULT: {"script":"<script> [6424 bytes]","args":[{"element-6066-11e4-a52e-4f735466cecf":"f.83867136431DBA8EE58576C3661977DE.d.7827F87A81F6A2C5D45D95AAD05B647D.e.3022"},"getTitle",[]]}
RESULT: undefined
COMMAND: POST /session/90692fb9de96379983d6b56b728182f7/element/f.83867136431DBA8EE58576C3661977DE.d.7827F87A81F6A2C5D45D95AAD05B647D.e.2842/click - {}
COMMAND: POST /session/90692fb9de96379983d6b56b728182f7/element - {"using":"xpath","value":"//*[@id=\"backBtn\"]"}
RESULT: {"using":"xpath","value":"//*[@id=\"backBtn\"]"}
COMMAND: POST /session/90692fb9de96379983d6b56b728182f7/element/f.83867136431DBA8EE58576C3661977DE.d.7827F87A81F6A2C5D45D95AAD05B647D.e.2842/click - {}
COMMAND: POST /session/90692fb9de96379983d6b56b728182f7/element - {"using":"xpath","value":"//*[@id=\"backBtn\"]"}
RESULT: {"using":"xpath","value":"//*[@id=\"backBtn\"]"}
COMMAND: POST /session/90692fb9de96379983d6b56b728182f7/element/f.83867136431DBA8EE58576C3661977DE.d.7827F87A81F6A2C5D45D95AAD05B647D.e.3023/click - {}
RESULT: {}
COMMAND: GET /session/90692fb9de96379983d6b56b728182f7/screenshot - {}
RESULT: {}
]]></system-out>
    </testcase>
    <testcase classname="chrome.137_0_7151_69.windows.Sanity_Tests_US104253" name="Should open Trace Track Resources page" time="37.426">
      <system-out><![CDATA[
COMMAND: POST /session/90692fb9de96379983d6b56b728182f7/execute/async - {"script":"<script> [1562 bytes]","args":[{"selector":{"controlType":"sap.m.GenericTile","properties":{"header":"Trace & Track Resources"}},"wdio_ui5_key":"sapm.GenericTile{\"header\":\"Trace & Track Resources\"}"}]}
RESULT: {"script":"<script> [1562 bytes]","args":[{"selector":{"controlType":"sap.m.GenericTile","properties":{"header":"Trace & Track Resources"}},"wdio_ui5_key":"sapm.GenericTile{\"header\":\"Trace & Track Resources\"}"}]}
RESULT: undefined
COMMAND: POST /session/90692fb9de96379983d6b56b728182f7/element - {"using":"xpath","value":"//*[@id=\"__tile103\"]"}
RESULT: {"using":"xpath","value":"//*[@id=\"__tile103\"]"}
COMMAND: POST /session/90692fb9de96379983d6b56b728182f7/element/f.83867136431DBA8EE58576C3661977DE.d.7827F87A81F6A2C5D45D95AAD05B647D.e.3026/click - {}
RESULT: {}
COMMAND: GET /session/90692fb9de96379983d6b56b728182f7/screenshot - {}
RESULT: {}
COMMAND: POST /session/90692fb9de96379983d6b56b728182f7/elements - {"using":"xpath","value":"//span[text()='Error']"}
RESULT: {"using":"xpath","value":"//span[text()='Error']"}
RESULT: undefined
COMMAND: POST /session/90692fb9de96379983d6b56b728182f7/element - {"using":"xpath","value":"//*[@id=\"__tile103\"]"}
RESULT: {"using":"xpath","value":"//*[@id=\"__tile103\"]"}
COMMAND: POST /session/90692fb9de96379983d6b56b728182f7/element/f.83867136431DBA8EE58576C3661977DE.d.7827F87A81F6A2C5D45D95AAD05B647D.e.3026/click - {}
RESULT: undefined
COMMAND: POST /session/90692fb9de96379983d6b56b728182f7/element - {"using":"xpath","value":"//*[@id=\"__tile103\"]"}
RESULT: {"using":"xpath","value":"//*[@id=\"__tile103\"]"}
COMMAND: POST /session/90692fb9de96379983d6b56b728182f7/element/f.83867136431DBA8EE58576C3661977DE.d.7827F87A81F6A2C5D45D95AAD05B647D.e.3026/click - {}
RESULT: undefined
COMMAND: POST /session/90692fb9de96379983d6b56b728182f7/execute/async - {"script":"<script> [6424 bytes]","args":[{"element-6066-11e4-a52e-4f735466cecf":"f.83867136431DBA8EE58576C3661977DE.d.7827F87A81F6A2C5D45D95AAD05B647D.e.285"},"getTitle",[]]}
COMMAND: POST /session/90692fb9de96379983d6b56b728182f7/execute/async - {"script":"<script> [1562 bytes]","args":[{"selector":{"id":"shellAppTitle"},"wdio_ui5_key":"shellAppTitle"}]}
RESULT: {"script":"<script> [1562 bytes]","args":[{"selector":{"id":"shellAppTitle"},"wdio_ui5_key":"shellAppTitle"}]}
COMMAND: POST /session/90692fb9de96379983d6b56b728182f7/execute/async - {"script":"<script> [6424 bytes]","args":[{"element-6066-11e4-a52e-4f735466cecf":"f.83867136431DBA8EE58576C3661977DE.d.7827F87A81F6A2C5D45D95AAD05B647D.e.3062"},"getTitle",[]]}
RESULT: {"script":"<script> [6424 bytes]","args":[{"element-6066-11e4-a52e-4f735466cecf":"f.83867136431DBA8EE58576C3661977DE.d.7827F87A81F6A2C5D45D95AAD05B647D.e.3062"},"getTitle",[]]}
RESULT: undefined
COMMAND: POST /session/90692fb9de96379983d6b56b728182f7/element/f.83867136431DBA8EE58576C3661977DE.d.7827F87A81F6A2C5D45D95AAD05B647D.e.3023/click - {}
RESULT: {}
COMMAND: GET /session/90692fb9de96379983d6b56b728182f7/screenshot - {}
RESULT: {}
]]></system-out>
    </testcase>
    <testcase classname="chrome.137_0_7151_69.windows.Sanity_Tests_US104253" name="Should open RU Inventory List page" time="38.2">
      <system-out><![CDATA[
COMMAND: POST /session/90692fb9de96379983d6b56b728182f7/execute/async - {"script":"<script> [1562 bytes]","args":[{"selector":{"controlType":"sap.m.GenericTile","properties":{"header":"RU Inventory List"}},"wdio_ui5_key":"sapm.GenericTile{\"header\":\"RU Inventory List\"}"}]}
RESULT: {"script":"<script> [1562 bytes]","args":[{"selector":{"controlType":"sap.m.GenericTile","properties":{"header":"RU Inventory List"}},"wdio_ui5_key":"sapm.GenericTile{\"header\":\"RU Inventory List\"}"}]}
RESULT: undefined
COMMAND: POST /session/90692fb9de96379983d6b56b728182f7/element - {"using":"xpath","value":"//*[@id=\"__tile101\"]"}
RESULT: {"using":"xpath","value":"//*[@id=\"__tile101\"]"}
COMMAND: POST /session/90692fb9de96379983d6b56b728182f7/element/f.83867136431DBA8EE58576C3661977DE.d.7827F87A81F6A2C5D45D95AAD05B647D.e.3064/click - {}
RESULT: {}
COMMAND: GET /session/90692fb9de96379983d6b56b728182f7/screenshot - {}
RESULT: {}
COMMAND: POST /session/90692fb9de96379983d6b56b728182f7/elements - {"using":"xpath","value":"//span[text()='Error']"}
RESULT: {"using":"xpath","value":"//span[text()='Error']"}
RESULT: undefined
COMMAND: POST /session/90692fb9de96379983d6b56b728182f7/element - {"using":"xpath","value":"//*[@id=\"__tile101\"]"}
RESULT: {"using":"xpath","value":"//*[@id=\"__tile101\"]"}
COMMAND: POST /session/90692fb9de96379983d6b56b728182f7/element/f.83867136431DBA8EE58576C3661977DE.d.7827F87A81F6A2C5D45D95AAD05B647D.e.3064/click - {}
RESULT: undefined
COMMAND: POST /session/90692fb9de96379983d6b56b728182f7/element - {"using":"xpath","value":"//*[@id=\"__tile101\"]"}
RESULT: {"using":"xpath","value":"//*[@id=\"__tile101\"]"}
COMMAND: POST /session/90692fb9de96379983d6b56b728182f7/element/f.83867136431DBA8EE58576C3661977DE.d.7827F87A81F6A2C5D45D95AAD05B647D.e.3064/click - {}
RESULT: undefined
COMMAND: POST /session/90692fb9de96379983d6b56b728182f7/execute/async - {"script":"<script> [6424 bytes]","args":[{"element-6066-11e4-a52e-4f735466cecf":"f.83867136431DBA8EE58576C3661977DE.d.7827F87A81F6A2C5D45D95AAD05B647D.e.285"},"getTitle",[]]}
COMMAND: POST /session/90692fb9de96379983d6b56b728182f7/execute/async - {"script":"<script> [1562 bytes]","args":[{"selector":{"id":"shellAppTitle"},"wdio_ui5_key":"shellAppTitle"}]}
RESULT: {"script":"<script> [1562 bytes]","args":[{"selector":{"id":"shellAppTitle"},"wdio_ui5_key":"shellAppTitle"}]}
COMMAND: POST /session/90692fb9de96379983d6b56b728182f7/execute/async - {"script":"<script> [6424 bytes]","args":[{"element-6066-11e4-a52e-4f735466cecf":"f.83867136431DBA8EE58576C3661977DE.d.7827F87A81F6A2C5D45D95AAD05B647D.e.3269"},"getTitle",[]]}
RESULT: {"script":"<script> [6424 bytes]","args":[{"element-6066-11e4-a52e-4f735466cecf":"f.83867136431DBA8EE58576C3661977DE.d.7827F87A81F6A2C5D45D95AAD05B647D.e.3269"},"getTitle",[]]}
RESULT: undefined
COMMAND: POST /session/90692fb9de96379983d6b56b728182f7/element/f.83867136431DBA8EE58576C3661977DE.d.7827F87A81F6A2C5D45D95AAD05B647D.e.3023/click - {}
COMMAND: POST /session/90692fb9de96379983d6b56b728182f7/element - {"using":"xpath","value":"//*[@id=\"backBtn\"]"}
RESULT: {"using":"xpath","value":"//*[@id=\"backBtn\"]"}
COMMAND: POST /session/90692fb9de96379983d6b56b728182f7/element/f.83867136431DBA8EE58576C3661977DE.d.7827F87A81F6A2C5D45D95AAD05B647D.e.3023/click - {}
COMMAND: POST /session/90692fb9de96379983d6b56b728182f7/element - {"using":"xpath","value":"//*[@id=\"backBtn\"]"}
RESULT: {"using":"xpath","value":"//*[@id=\"backBtn\"]"}
COMMAND: POST /session/90692fb9de96379983d6b56b728182f7/element/f.83867136431DBA8EE58576C3661977DE.d.7827F87A81F6A2C5D45D95AAD05B647D.e.3270/click - {}
RESULT: {}
COMMAND: GET /session/90692fb9de96379983d6b56b728182f7/screenshot - {}
RESULT: {}
]]></system-out>
    </testcase>
    <testcase classname="chrome.137_0_7151_69.windows.Sanity_Tests_US104253" name="Should open Contracts Dashboard page" time="44.469">
      <system-out><![CDATA[
COMMAND: POST /session/90692fb9de96379983d6b56b728182f7/execute/async - {"script":"<script> [1562 bytes]","args":[{"selector":{"controlType":"sap.m.GenericTile","properties":{"header":"Contracts Dashboard"}},"wdio_ui5_key":"sapm.GenericTile{\"header\":\"Contracts Dashboard\"}"}]}
RESULT: {"script":"<script> [1562 bytes]","args":[{"selector":{"controlType":"sap.m.GenericTile","properties":{"header":"Contracts Dashboard"}},"wdio_ui5_key":"sapm.GenericTile{\"header\":\"Contracts Dashboard\"}"}]}
RESULT: undefined
COMMAND: POST /session/90692fb9de96379983d6b56b728182f7/element - {"using":"xpath","value":"//*[@id=\"__tile99\"]"}
RESULT: {"using":"xpath","value":"//*[@id=\"__tile99\"]"}
COMMAND: POST /session/90692fb9de96379983d6b56b728182f7/element/f.83867136431DBA8EE58576C3661977DE.d.7827F87A81F6A2C5D45D95AAD05B647D.e.3272/click - {}
RESULT: {}
COMMAND: GET /session/90692fb9de96379983d6b56b728182f7/screenshot - {}
RESULT: {}
COMMAND: POST /session/90692fb9de96379983d6b56b728182f7/elements - {"using":"xpath","value":"//span[text()='Error']"}
RESULT: {"using":"xpath","value":"//span[text()='Error']"}
RESULT: undefined
COMMAND: POST /session/90692fb9de96379983d6b56b728182f7/element - {"using":"xpath","value":"//*[@id=\"__tile99\"]"}
RESULT: {"using":"xpath","value":"//*[@id=\"__tile99\"]"}
COMMAND: POST /session/90692fb9de96379983d6b56b728182f7/element/f.83867136431DBA8EE58576C3661977DE.d.7827F87A81F6A2C5D45D95AAD05B647D.e.3272/click - {}
RESULT: undefined
COMMAND: POST /session/90692fb9de96379983d6b56b728182f7/element - {"using":"xpath","value":"//*[@id=\"__tile99\"]"}
RESULT: {"using":"xpath","value":"//*[@id=\"__tile99\"]"}
COMMAND: POST /session/90692fb9de96379983d6b56b728182f7/element/f.83867136431DBA8EE58576C3661977DE.d.7827F87A81F6A2C5D45D95AAD05B647D.e.3272/click - {}
RESULT: undefined
COMMAND: POST /session/90692fb9de96379983d6b56b728182f7/execute/async - {"script":"<script> [6424 bytes]","args":[{"element-6066-11e4-a52e-4f735466cecf":"f.83867136431DBA8EE58576C3661977DE.d.7827F87A81F6A2C5D45D95AAD05B647D.e.285"},"getTitle",[]]}
COMMAND: POST /session/90692fb9de96379983d6b56b728182f7/execute/async - {"script":"<script> [1562 bytes]","args":[{"selector":{"id":"shellAppTitle"},"wdio_ui5_key":"shellAppTitle"}]}
RESULT: {"script":"<script> [1562 bytes]","args":[{"selector":{"id":"shellAppTitle"},"wdio_ui5_key":"shellAppTitle"}]}
COMMAND: POST /session/90692fb9de96379983d6b56b728182f7/execute/async - {"script":"<script> [6424 bytes]","args":[{"element-6066-11e4-a52e-4f735466cecf":"f.83867136431DBA8EE58576C3661977DE.d.7827F87A81F6A2C5D45D95AAD05B647D.e.3296"},"getTitle",[]]}
RESULT: {"script":"<script> [6424 bytes]","args":[{"element-6066-11e4-a52e-4f735466cecf":"f.83867136431DBA8EE58576C3661977DE.d.7827F87A81F6A2C5D45D95AAD05B647D.e.3296"},"getTitle",[]]}
RESULT: undefined
COMMAND: POST /session/90692fb9de96379983d6b56b728182f7/element/f.83867136431DBA8EE58576C3661977DE.d.7827F87A81F6A2C5D45D95AAD05B647D.e.3270/click - {}
RESULT: {}
COMMAND: GET /session/90692fb9de96379983d6b56b728182f7/screenshot - {}
RESULT: {}
]]></system-out>
    </testcase>
    <testcase classname="chrome.137_0_7151_69.windows.Sanity_Tests_US104253" name="Should open Bin Status Report page" time="39.941">
      <system-out><![CDATA[
COMMAND: POST /session/90692fb9de96379983d6b56b728182f7/execute/async - {"script":"<script> [1562 bytes]","args":[{"selector":{"controlType":"sap.m.GenericTile","properties":{"header":"Bin Status Report"}},"wdio_ui5_key":"sapm.GenericTile{\"header\":\"Bin Status Report\"}"}]}
RESULT: {"script":"<script> [1562 bytes]","args":[{"selector":{"controlType":"sap.m.GenericTile","properties":{"header":"Bin Status Report"}},"wdio_ui5_key":"sapm.GenericTile{\"header\":\"Bin Status Report\"}"}]}
RESULT: undefined
COMMAND: POST /session/90692fb9de96379983d6b56b728182f7/element - {"using":"xpath","value":"//*[@id=\"__tile106\"]"}
RESULT: {"using":"xpath","value":"//*[@id=\"__tile106\"]"}
COMMAND: POST /session/90692fb9de96379983d6b56b728182f7/element/f.83867136431DBA8EE58576C3661977DE.d.7827F87A81F6A2C5D45D95AAD05B647D.e.3298/click - {}
RESULT: {}
COMMAND: GET /session/90692fb9de96379983d6b56b728182f7/screenshot - {}
RESULT: {}
COMMAND: POST /session/90692fb9de96379983d6b56b728182f7/elements - {"using":"xpath","value":"//span[text()='Error']"}
RESULT: {"using":"xpath","value":"//span[text()='Error']"}
RESULT: undefined
COMMAND: POST /session/90692fb9de96379983d6b56b728182f7/element - {"using":"xpath","value":"//*[@id=\"__tile106\"]"}
RESULT: {"using":"xpath","value":"//*[@id=\"__tile106\"]"}
COMMAND: POST /session/90692fb9de96379983d6b56b728182f7/element/f.83867136431DBA8EE58576C3661977DE.d.7827F87A81F6A2C5D45D95AAD05B647D.e.3298/click - {}
RESULT: undefined
COMMAND: POST /session/90692fb9de96379983d6b56b728182f7/element - {"using":"xpath","value":"//*[@id=\"__tile106\"]"}
RESULT: {"using":"xpath","value":"//*[@id=\"__tile106\"]"}
COMMAND: POST /session/90692fb9de96379983d6b56b728182f7/element/f.83867136431DBA8EE58576C3661977DE.d.7827F87A81F6A2C5D45D95AAD05B647D.e.3298/click - {}
RESULT: undefined
COMMAND: POST /session/90692fb9de96379983d6b56b728182f7/execute/async - {"script":"<script> [6424 bytes]","args":[{"element-6066-11e4-a52e-4f735466cecf":"f.83867136431DBA8EE58576C3661977DE.d.7827F87A81F6A2C5D45D95AAD05B647D.e.285"},"getTitle",[]]}
COMMAND: POST /session/90692fb9de96379983d6b56b728182f7/execute/async - {"script":"<script> [1562 bytes]","args":[{"selector":{"id":"shellAppTitle"},"wdio_ui5_key":"shellAppTitle"}]}
RESULT: {"script":"<script> [1562 bytes]","args":[{"selector":{"id":"shellAppTitle"},"wdio_ui5_key":"shellAppTitle"}]}
COMMAND: POST /session/90692fb9de96379983d6b56b728182f7/execute/async - {"script":"<script> [6424 bytes]","args":[{"element-6066-11e4-a52e-4f735466cecf":"f.83867136431DBA8EE58576C3661977DE.d.7827F87A81F6A2C5D45D95AAD05B647D.e.3384"},"getTitle",[]]}
RESULT: {"script":"<script> [6424 bytes]","args":[{"element-6066-11e4-a52e-4f735466cecf":"f.83867136431DBA8EE58576C3661977DE.d.7827F87A81F6A2C5D45D95AAD05B647D.e.3384"},"getTitle",[]]}
RESULT: undefined
COMMAND: POST /session/90692fb9de96379983d6b56b728182f7/element/f.83867136431DBA8EE58576C3661977DE.d.7827F87A81F6A2C5D45D95AAD05B647D.e.3270/click - {}
COMMAND: POST /session/90692fb9de96379983d6b56b728182f7/element - {"using":"xpath","value":"//*[@id=\"backBtn\"]"}
RESULT: {"using":"xpath","value":"//*[@id=\"backBtn\"]"}
COMMAND: POST /session/90692fb9de96379983d6b56b728182f7/element/f.83867136431DBA8EE58576C3661977DE.d.7827F87A81F6A2C5D45D95AAD05B647D.e.3270/click - {}
COMMAND: POST /session/90692fb9de96379983d6b56b728182f7/element - {"using":"xpath","value":"//*[@id=\"backBtn\"]"}
RESULT: {"using":"xpath","value":"//*[@id=\"backBtn\"]"}
COMMAND: POST /session/90692fb9de96379983d6b56b728182f7/element/f.83867136431DBA8EE58576C3661977DE.d.7827F87A81F6A2C5D45D95AAD05B647D.e.3385/click - {}
RESULT: {}
COMMAND: GET /session/90692fb9de96379983d6b56b728182f7/screenshot - {}
RESULT: {}
]]></system-out>
    </testcase>
    <testcase classname="chrome.137_0_7151_69.windows.Sanity_Tests_US104253" name="Should open Manage Warehouse Movements page" time="39.109">
      <system-out><![CDATA[
COMMAND: POST /session/90692fb9de96379983d6b56b728182f7/execute/async - {"script":"<script> [1562 bytes]","args":[{"selector":{"controlType":"sap.m.GenericTile","properties":{"header":"Manage Warehouse Movements"}},"wdio_ui5_key":"sapm.GenericTile{\"header\":\"Manage Warehouse Movements\"}"}]}
RESULT: {"script":"<script> [1562 bytes]","args":[{"selector":{"controlType":"sap.m.GenericTile","properties":{"header":"Manage Warehouse Movements"}},"wdio_ui5_key":"sapm.GenericTile{\"header\":\"Manage Warehouse Movements\"}"}]}
RESULT: undefined
COMMAND: POST /session/90692fb9de96379983d6b56b728182f7/element - {"using":"xpath","value":"//*[@id=\"__tile107\"]"}
RESULT: {"using":"xpath","value":"//*[@id=\"__tile107\"]"}
COMMAND: POST /session/90692fb9de96379983d6b56b728182f7/element/f.83867136431DBA8EE58576C3661977DE.d.7827F87A81F6A2C5D45D95AAD05B647D.e.3389/click - {}
RESULT: {}
COMMAND: GET /session/90692fb9de96379983d6b56b728182f7/screenshot - {}
RESULT: {}
COMMAND: POST /session/90692fb9de96379983d6b56b728182f7/elements - {"using":"xpath","value":"//span[text()='Error']"}
RESULT: {"using":"xpath","value":"//span[text()='Error']"}
RESULT: undefined
COMMAND: POST /session/90692fb9de96379983d6b56b728182f7/element - {"using":"xpath","value":"//*[@id=\"__tile107\"]"}
RESULT: {"using":"xpath","value":"//*[@id=\"__tile107\"]"}
COMMAND: POST /session/90692fb9de96379983d6b56b728182f7/element/f.83867136431DBA8EE58576C3661977DE.d.7827F87A81F6A2C5D45D95AAD05B647D.e.3389/click - {}
RESULT: undefined
COMMAND: POST /session/90692fb9de96379983d6b56b728182f7/element - {"using":"xpath","value":"//*[@id=\"__tile107\"]"}
RESULT: {"using":"xpath","value":"//*[@id=\"__tile107\"]"}
COMMAND: POST /session/90692fb9de96379983d6b56b728182f7/element/f.83867136431DBA8EE58576C3661977DE.d.7827F87A81F6A2C5D45D95AAD05B647D.e.3389/click - {}
RESULT: undefined
COMMAND: POST /session/90692fb9de96379983d6b56b728182f7/execute/async - {"script":"<script> [6424 bytes]","args":[{"element-6066-11e4-a52e-4f735466cecf":"f.83867136431DBA8EE58576C3661977DE.d.7827F87A81F6A2C5D45D95AAD05B647D.e.285"},"getTitle",[]]}
COMMAND: POST /session/90692fb9de96379983d6b56b728182f7/execute/async - {"script":"<script> [1562 bytes]","args":[{"selector":{"id":"shellAppTitle"},"wdio_ui5_key":"shellAppTitle"}]}
RESULT: {"script":"<script> [1562 bytes]","args":[{"selector":{"id":"shellAppTitle"},"wdio_ui5_key":"shellAppTitle"}]}
COMMAND: POST /session/90692fb9de96379983d6b56b728182f7/execute/async - {"script":"<script> [6424 bytes]","args":[{"element-6066-11e4-a52e-4f735466cecf":"f.83867136431DBA8EE58576C3661977DE.d.7827F87A81F6A2C5D45D95AAD05B647D.e.3485"},"getTitle",[]]}
RESULT: {"script":"<script> [6424 bytes]","args":[{"element-6066-11e4-a52e-4f735466cecf":"f.83867136431DBA8EE58576C3661977DE.d.7827F87A81F6A2C5D45D95AAD05B647D.e.3485"},"getTitle",[]]}
RESULT: undefined
COMMAND: POST /session/90692fb9de96379983d6b56b728182f7/element/f.83867136431DBA8EE58576C3661977DE.d.7827F87A81F6A2C5D45D95AAD05B647D.e.3385/click - {}
RESULT: {}
COMMAND: GET /session/90692fb9de96379983d6b56b728182f7/screenshot - {}
RESULT: {}
]]></system-out>
    </testcase>
    <testcase classname="chrome.137_0_7151_69.windows.Sanity_Tests_US104253" name="Should open Bin Inventory List page" time="37.803">
      <system-out><![CDATA[
COMMAND: POST /session/90692fb9de96379983d6b56b728182f7/execute/async - {"script":"<script> [1562 bytes]","args":[{"selector":{"controlType":"sap.m.GenericTile","properties":{"header":"Bin Inventory List"}},"wdio_ui5_key":"sapm.GenericTile{\"header\":\"Bin Inventory List\"}"}]}
RESULT: {"script":"<script> [1562 bytes]","args":[{"selector":{"controlType":"sap.m.GenericTile","properties":{"header":"Bin Inventory List"}},"wdio_ui5_key":"sapm.GenericTile{\"header\":\"Bin Inventory List\"}"}]}
RESULT: undefined
COMMAND: POST /session/90692fb9de96379983d6b56b728182f7/element - {"using":"xpath","value":"//*[@id=\"__tile105\"]"}
RESULT: {"using":"xpath","value":"//*[@id=\"__tile105\"]"}
COMMAND: POST /session/90692fb9de96379983d6b56b728182f7/element/f.83867136431DBA8EE58576C3661977DE.d.7827F87A81F6A2C5D45D95AAD05B647D.e.3487/click - {}
RESULT: {}
COMMAND: GET /session/90692fb9de96379983d6b56b728182f7/screenshot - {}
RESULT: {}
COMMAND: POST /session/90692fb9de96379983d6b56b728182f7/elements - {"using":"xpath","value":"//span[text()='Error']"}
RESULT: {"using":"xpath","value":"//span[text()='Error']"}
RESULT: undefined
COMMAND: POST /session/90692fb9de96379983d6b56b728182f7/element - {"using":"xpath","value":"//*[@id=\"__tile105\"]"}
RESULT: {"using":"xpath","value":"//*[@id=\"__tile105\"]"}
COMMAND: POST /session/90692fb9de96379983d6b56b728182f7/element/f.83867136431DBA8EE58576C3661977DE.d.7827F87A81F6A2C5D45D95AAD05B647D.e.3487/click - {}
RESULT: undefined
COMMAND: POST /session/90692fb9de96379983d6b56b728182f7/element - {"using":"xpath","value":"//*[@id=\"__tile105\"]"}
RESULT: {"using":"xpath","value":"//*[@id=\"__tile105\"]"}
COMMAND: POST /session/90692fb9de96379983d6b56b728182f7/element/f.83867136431DBA8EE58576C3661977DE.d.7827F87A81F6A2C5D45D95AAD05B647D.e.3487/click - {}
RESULT: undefined
COMMAND: POST /session/90692fb9de96379983d6b56b728182f7/execute/async - {"script":"<script> [6424 bytes]","args":[{"element-6066-11e4-a52e-4f735466cecf":"f.83867136431DBA8EE58576C3661977DE.d.7827F87A81F6A2C5D45D95AAD05B647D.e.285"},"getTitle",[]]}
COMMAND: POST /session/90692fb9de96379983d6b56b728182f7/execute/async - {"script":"<script> [1562 bytes]","args":[{"selector":{"id":"shellAppTitle"},"wdio_ui5_key":"shellAppTitle"}]}
RESULT: {"script":"<script> [1562 bytes]","args":[{"selector":{"id":"shellAppTitle"},"wdio_ui5_key":"shellAppTitle"}]}
COMMAND: POST /session/90692fb9de96379983d6b56b728182f7/execute/async - {"script":"<script> [6424 bytes]","args":[{"element-6066-11e4-a52e-4f735466cecf":"f.83867136431DBA8EE58576C3661977DE.d.7827F87A81F6A2C5D45D95AAD05B647D.e.3578"},"getTitle",[]]}
RESULT: {"script":"<script> [6424 bytes]","args":[{"element-6066-11e4-a52e-4f735466cecf":"f.83867136431DBA8EE58576C3661977DE.d.7827F87A81F6A2C5D45D95AAD05B647D.e.3578"},"getTitle",[]]}
RESULT: undefined
COMMAND: POST /session/90692fb9de96379983d6b56b728182f7/element/f.83867136431DBA8EE58576C3661977DE.d.7827F87A81F6A2C5D45D95AAD05B647D.e.3385/click - {}
COMMAND: POST /session/90692fb9de96379983d6b56b728182f7/element - {"using":"xpath","value":"//*[@id=\"backBtn\"]"}
RESULT: {"using":"xpath","value":"//*[@id=\"backBtn\"]"}
COMMAND: POST /session/90692fb9de96379983d6b56b728182f7/element/f.83867136431DBA8EE58576C3661977DE.d.7827F87A81F6A2C5D45D95AAD05B647D.e.3385/click - {}
COMMAND: POST /session/90692fb9de96379983d6b56b728182f7/element - {"using":"xpath","value":"//*[@id=\"backBtn\"]"}
RESULT: {"using":"xpath","value":"//*[@id=\"backBtn\"]"}
COMMAND: POST /session/90692fb9de96379983d6b56b728182f7/element/f.83867136431DBA8EE58576C3661977DE.d.7827F87A81F6A2C5D45D95AAD05B647D.e.3579/click - {}
RESULT: {}
COMMAND: GET /session/90692fb9de96379983d6b56b728182f7/screenshot - {}
RESULT: {}
]]></system-out>
    </testcase>
    <testcase classname="chrome.137_0_7151_69.windows.Sanity_Tests_US104253" name="Should open ISC Templates page" time="38.997">
      <system-out><![CDATA[
COMMAND: POST /session/90692fb9de96379983d6b56b728182f7/execute/async - {"script":"<script> [1562 bytes]","args":[{"selector":{"controlType":"sap.m.GenericTile","properties":{"header":"ISC Templates"}},"wdio_ui5_key":"sapm.GenericTile{\"header\":\"ISC Templates\"}"}]}
RESULT: {"script":"<script> [1562 bytes]","args":[{"selector":{"controlType":"sap.m.GenericTile","properties":{"header":"ISC Templates"}},"wdio_ui5_key":"sapm.GenericTile{\"header\":\"ISC Templates\"}"}]}
RESULT: undefined
COMMAND: POST /session/90692fb9de96379983d6b56b728182f7/element - {"using":"xpath","value":"//*[@id=\"__tile112\"]"}
RESULT: {"using":"xpath","value":"//*[@id=\"__tile112\"]"}
COMMAND: POST /session/90692fb9de96379983d6b56b728182f7/element/f.83867136431DBA8EE58576C3661977DE.d.7827F87A81F6A2C5D45D95AAD05B647D.e.3581/click - {}
RESULT: {}
COMMAND: GET /session/90692fb9de96379983d6b56b728182f7/screenshot - {}
RESULT: {}
COMMAND: POST /session/90692fb9de96379983d6b56b728182f7/elements - {"using":"xpath","value":"//span[text()='Error']"}
RESULT: {"using":"xpath","value":"//span[text()='Error']"}
RESULT: undefined
COMMAND: POST /session/90692fb9de96379983d6b56b728182f7/element - {"using":"xpath","value":"//*[@id=\"__tile112\"]"}
RESULT: {"using":"xpath","value":"//*[@id=\"__tile112\"]"}
COMMAND: POST /session/90692fb9de96379983d6b56b728182f7/element/f.83867136431DBA8EE58576C3661977DE.d.7827F87A81F6A2C5D45D95AAD05B647D.e.3581/click - {}
RESULT: undefined
COMMAND: POST /session/90692fb9de96379983d6b56b728182f7/element - {"using":"xpath","value":"//*[@id=\"__tile112\"]"}
RESULT: {"using":"xpath","value":"//*[@id=\"__tile112\"]"}
COMMAND: POST /session/90692fb9de96379983d6b56b728182f7/element/f.83867136431DBA8EE58576C3661977DE.d.7827F87A81F6A2C5D45D95AAD05B647D.e.3581/click - {}
RESULT: undefined
COMMAND: POST /session/90692fb9de96379983d6b56b728182f7/execute/async - {"script":"<script> [6424 bytes]","args":[{"element-6066-11e4-a52e-4f735466cecf":"f.83867136431DBA8EE58576C3661977DE.d.7827F87A81F6A2C5D45D95AAD05B647D.e.285"},"getTitle",[]]}
COMMAND: POST /session/90692fb9de96379983d6b56b728182f7/execute/async - {"script":"<script> [1562 bytes]","args":[{"selector":{"id":"shellAppTitle"},"wdio_ui5_key":"shellAppTitle"}]}
RESULT: {"script":"<script> [1562 bytes]","args":[{"selector":{"id":"shellAppTitle"},"wdio_ui5_key":"shellAppTitle"}]}
COMMAND: POST /session/90692fb9de96379983d6b56b728182f7/execute/async - {"script":"<script> [6424 bytes]","args":[{"element-6066-11e4-a52e-4f735466cecf":"f.83867136431DBA8EE58576C3661977DE.d.7827F87A81F6A2C5D45D95AAD05B647D.e.3650"},"getTitle",[]]}
RESULT: {"script":"<script> [6424 bytes]","args":[{"element-6066-11e4-a52e-4f735466cecf":"f.83867136431DBA8EE58576C3661977DE.d.7827F87A81F6A2C5D45D95AAD05B647D.e.3650"},"getTitle",[]]}
RESULT: undefined
COMMAND: POST /session/90692fb9de96379983d6b56b728182f7/element/f.83867136431DBA8EE58576C3661977DE.d.7827F87A81F6A2C5D45D95AAD05B647D.e.3579/click - {}
RESULT: {}
COMMAND: GET /session/90692fb9de96379983d6b56b728182f7/screenshot - {}
RESULT: {}
]]></system-out>
    </testcase>
    <testcase classname="chrome.137_0_7151_69.windows.Sanity_Tests_US104253" name="Should open ISC Schedules page" time="37.569">
      <system-out><![CDATA[
COMMAND: POST /session/90692fb9de96379983d6b56b728182f7/execute/async - {"script":"<script> [1562 bytes]","args":[{"selector":{"controlType":"sap.m.GenericTile","properties":{"header":"ISC Schedules"}},"wdio_ui5_key":"sapm.GenericTile{\"header\":\"ISC Schedules\"}"}]}
RESULT: {"script":"<script> [1562 bytes]","args":[{"selector":{"controlType":"sap.m.GenericTile","properties":{"header":"ISC Schedules"}},"wdio_ui5_key":"sapm.GenericTile{\"header\":\"ISC Schedules\"}"}]}
RESULT: undefined
COMMAND: POST /session/90692fb9de96379983d6b56b728182f7/element - {"using":"xpath","value":"//*[@id=\"__tile110\"]"}
RESULT: {"using":"xpath","value":"//*[@id=\"__tile110\"]"}
COMMAND: POST /session/90692fb9de96379983d6b56b728182f7/element/f.83867136431DBA8EE58576C3661977DE.d.7827F87A81F6A2C5D45D95AAD05B647D.e.3653/click - {}
RESULT: {}
COMMAND: GET /session/90692fb9de96379983d6b56b728182f7/screenshot - {}
RESULT: {}
COMMAND: POST /session/90692fb9de96379983d6b56b728182f7/elements - {"using":"xpath","value":"//span[text()='Error']"}
RESULT: {"using":"xpath","value":"//span[text()='Error']"}
RESULT: undefined
COMMAND: POST /session/90692fb9de96379983d6b56b728182f7/element - {"using":"xpath","value":"//*[@id=\"__tile110\"]"}
RESULT: {"using":"xpath","value":"//*[@id=\"__tile110\"]"}
COMMAND: POST /session/90692fb9de96379983d6b56b728182f7/element/f.83867136431DBA8EE58576C3661977DE.d.7827F87A81F6A2C5D45D95AAD05B647D.e.3653/click - {}
RESULT: undefined
COMMAND: POST /session/90692fb9de96379983d6b56b728182f7/element - {"using":"xpath","value":"//*[@id=\"__tile110\"]"}
RESULT: {"using":"xpath","value":"//*[@id=\"__tile110\"]"}
COMMAND: POST /session/90692fb9de96379983d6b56b728182f7/element/f.83867136431DBA8EE58576C3661977DE.d.7827F87A81F6A2C5D45D95AAD05B647D.e.3653/click - {}
RESULT: undefined
COMMAND: POST /session/90692fb9de96379983d6b56b728182f7/execute/async - {"script":"<script> [6424 bytes]","args":[{"element-6066-11e4-a52e-4f735466cecf":"f.83867136431DBA8EE58576C3661977DE.d.7827F87A81F6A2C5D45D95AAD05B647D.e.285"},"getTitle",[]]}
COMMAND: POST /session/90692fb9de96379983d6b56b728182f7/execute/async - {"script":"<script> [1562 bytes]","args":[{"selector":{"id":"shellAppTitle"},"wdio_ui5_key":"shellAppTitle"}]}
RESULT: {"script":"<script> [1562 bytes]","args":[{"selector":{"id":"shellAppTitle"},"wdio_ui5_key":"shellAppTitle"}]}
COMMAND: POST /session/90692fb9de96379983d6b56b728182f7/execute/async - {"script":"<script> [6424 bytes]","args":[{"element-6066-11e4-a52e-4f735466cecf":"f.83867136431DBA8EE58576C3661977DE.d.7827F87A81F6A2C5D45D95AAD05B647D.e.3735"},"getTitle",[]]}
RESULT: {"script":"<script> [6424 bytes]","args":[{"element-6066-11e4-a52e-4f735466cecf":"f.83867136431DBA8EE58576C3661977DE.d.7827F87A81F6A2C5D45D95AAD05B647D.e.3735"},"getTitle",[]]}
RESULT: undefined
COMMAND: POST /session/90692fb9de96379983d6b56b728182f7/element/f.83867136431DBA8EE58576C3661977DE.d.7827F87A81F6A2C5D45D95AAD05B647D.e.3579/click - {}
COMMAND: POST /session/90692fb9de96379983d6b56b728182f7/element - {"using":"xpath","value":"//*[@id=\"backBtn\"]"}
RESULT: {"using":"xpath","value":"//*[@id=\"backBtn\"]"}
COMMAND: POST /session/90692fb9de96379983d6b56b728182f7/element/f.83867136431DBA8EE58576C3661977DE.d.7827F87A81F6A2C5D45D95AAD05B647D.e.3579/click - {}
COMMAND: POST /session/90692fb9de96379983d6b56b728182f7/element - {"using":"xpath","value":"//*[@id=\"backBtn\"]"}
RESULT: {"using":"xpath","value":"//*[@id=\"backBtn\"]"}
COMMAND: POST /session/90692fb9de96379983d6b56b728182f7/element/f.83867136431DBA8EE58576C3661977DE.d.7827F87A81F6A2C5D45D95AAD05B647D.e.3736/click - {}
RESULT: {}
COMMAND: GET /session/90692fb9de96379983d6b56b728182f7/screenshot - {}
RESULT: {}
]]></system-out>
    </testcase>
    <testcase classname="chrome.137_0_7151_69.windows.Sanity_Tests_US104253" name="Should open ISC Dashboard page" time="38.813">
      <system-out><![CDATA[
COMMAND: POST /session/90692fb9de96379983d6b56b728182f7/execute/async - {"script":"<script> [1562 bytes]","args":[{"selector":{"controlType":"sap.m.GenericTile","properties":{"header":"ISC Dashboard"}},"wdio_ui5_key":"sapm.GenericTile{\"header\":\"ISC Dashboard\"}"}]}
RESULT: {"script":"<script> [1562 bytes]","args":[{"selector":{"controlType":"sap.m.GenericTile","properties":{"header":"ISC Dashboard"}},"wdio_ui5_key":"sapm.GenericTile{\"header\":\"ISC Dashboard\"}"}]}
RESULT: undefined
COMMAND: POST /session/90692fb9de96379983d6b56b728182f7/element - {"using":"xpath","value":"//*[@id=\"__tile115\"]"}
RESULT: {"using":"xpath","value":"//*[@id=\"__tile115\"]"}
COMMAND: POST /session/90692fb9de96379983d6b56b728182f7/element/f.83867136431DBA8EE58576C3661977DE.d.7827F87A81F6A2C5D45D95AAD05B647D.e.3738/click - {}
RESULT: {}
COMMAND: GET /session/90692fb9de96379983d6b56b728182f7/screenshot - {}
RESULT: {}
COMMAND: POST /session/90692fb9de96379983d6b56b728182f7/elements - {"using":"xpath","value":"//span[text()='Error']"}
RESULT: {"using":"xpath","value":"//span[text()='Error']"}
RESULT: undefined
COMMAND: POST /session/90692fb9de96379983d6b56b728182f7/element - {"using":"xpath","value":"//*[@id=\"__tile115\"]"}
RESULT: {"using":"xpath","value":"//*[@id=\"__tile115\"]"}
COMMAND: POST /session/90692fb9de96379983d6b56b728182f7/element/f.83867136431DBA8EE58576C3661977DE.d.7827F87A81F6A2C5D45D95AAD05B647D.e.3738/click - {}
RESULT: undefined
COMMAND: POST /session/90692fb9de96379983d6b56b728182f7/element - {"using":"xpath","value":"//*[@id=\"__tile115\"]"}
RESULT: {"using":"xpath","value":"//*[@id=\"__tile115\"]"}
COMMAND: POST /session/90692fb9de96379983d6b56b728182f7/element/f.83867136431DBA8EE58576C3661977DE.d.7827F87A81F6A2C5D45D95AAD05B647D.e.3738/click - {}
RESULT: undefined
COMMAND: POST /session/90692fb9de96379983d6b56b728182f7/execute/async - {"script":"<script> [6424 bytes]","args":[{"element-6066-11e4-a52e-4f735466cecf":"f.83867136431DBA8EE58576C3661977DE.d.7827F87A81F6A2C5D45D95AAD05B647D.e.285"},"getTitle",[]]}
COMMAND: POST /session/90692fb9de96379983d6b56b728182f7/execute/async - {"script":"<script> [1562 bytes]","args":[{"selector":{"id":"shellAppTitle"},"wdio_ui5_key":"shellAppTitle"}]}
RESULT: {"script":"<script> [1562 bytes]","args":[{"selector":{"id":"shellAppTitle"},"wdio_ui5_key":"shellAppTitle"}]}
COMMAND: POST /session/90692fb9de96379983d6b56b728182f7/execute/async - {"script":"<script> [6424 bytes]","args":[{"element-6066-11e4-a52e-4f735466cecf":"f.83867136431DBA8EE58576C3661977DE.d.7827F87A81F6A2C5D45D95AAD05B647D.e.3855"},"getTitle",[]]}
RESULT: {"script":"<script> [6424 bytes]","args":[{"element-6066-11e4-a52e-4f735466cecf":"f.83867136431DBA8EE58576C3661977DE.d.7827F87A81F6A2C5D45D95AAD05B647D.e.3855"},"getTitle",[]]}
RESULT: undefined
COMMAND: POST /session/90692fb9de96379983d6b56b728182f7/element/f.83867136431DBA8EE58576C3661977DE.d.7827F87A81F6A2C5D45D95AAD05B647D.e.3736/click - {}
RESULT: {}
COMMAND: GET /session/90692fb9de96379983d6b56b728182f7/screenshot - {}
RESULT: {}
]]></system-out>
    </testcase>
    <testcase classname="chrome.137_0_7151_69.windows.Sanity_Tests_US104253" name="Should open ISC Orders page" time="39.586">
      <system-out><![CDATA[
COMMAND: POST /session/90692fb9de96379983d6b56b728182f7/execute/async - {"script":"<script> [1562 bytes]","args":[{"selector":{"controlType":"sap.m.GenericTile","properties":{"header":"ISC Orders"}},"wdio_ui5_key":"sapm.GenericTile{\"header\":\"ISC Orders\"}"}]}
RESULT: {"script":"<script> [1562 bytes]","args":[{"selector":{"controlType":"sap.m.GenericTile","properties":{"header":"ISC Orders"}},"wdio_ui5_key":"sapm.GenericTile{\"header\":\"ISC Orders\"}"}]}
RESULT: undefined
COMMAND: POST /session/90692fb9de96379983d6b56b728182f7/element - {"using":"xpath","value":"//*[@id=\"__tile109\"]"}
RESULT: {"using":"xpath","value":"//*[@id=\"__tile109\"]"}
COMMAND: POST /session/90692fb9de96379983d6b56b728182f7/element/f.83867136431DBA8EE58576C3661977DE.d.7827F87A81F6A2C5D45D95AAD05B647D.e.3857/click - {}
RESULT: {}
COMMAND: GET /session/90692fb9de96379983d6b56b728182f7/screenshot - {}
RESULT: {}
COMMAND: POST /session/90692fb9de96379983d6b56b728182f7/elements - {"using":"xpath","value":"//span[text()='Error']"}
RESULT: {"using":"xpath","value":"//span[text()='Error']"}
RESULT: undefined
COMMAND: POST /session/90692fb9de96379983d6b56b728182f7/element - {"using":"xpath","value":"//*[@id=\"__tile109\"]"}
RESULT: {"using":"xpath","value":"//*[@id=\"__tile109\"]"}
COMMAND: POST /session/90692fb9de96379983d6b56b728182f7/element/f.83867136431DBA8EE58576C3661977DE.d.7827F87A81F6A2C5D45D95AAD05B647D.e.3857/click - {}
RESULT: undefined
COMMAND: POST /session/90692fb9de96379983d6b56b728182f7/element - {"using":"xpath","value":"//*[@id=\"__tile109\"]"}
RESULT: {"using":"xpath","value":"//*[@id=\"__tile109\"]"}
COMMAND: POST /session/90692fb9de96379983d6b56b728182f7/element/f.83867136431DBA8EE58576C3661977DE.d.7827F87A81F6A2C5D45D95AAD05B647D.e.3857/click - {}
RESULT: undefined
COMMAND: POST /session/90692fb9de96379983d6b56b728182f7/execute/async - {"script":"<script> [6424 bytes]","args":[{"element-6066-11e4-a52e-4f735466cecf":"f.83867136431DBA8EE58576C3661977DE.d.7827F87A81F6A2C5D45D95AAD05B647D.e.285"},"getTitle",[]]}
COMMAND: POST /session/90692fb9de96379983d6b56b728182f7/execute/async - {"script":"<script> [1562 bytes]","args":[{"selector":{"id":"shellAppTitle"},"wdio_ui5_key":"shellAppTitle"}]}
RESULT: {"script":"<script> [1562 bytes]","args":[{"selector":{"id":"shellAppTitle"},"wdio_ui5_key":"shellAppTitle"}]}
COMMAND: POST /session/90692fb9de96379983d6b56b728182f7/execute/async - {"script":"<script> [6424 bytes]","args":[{"element-6066-11e4-a52e-4f735466cecf":"f.83867136431DBA8EE58576C3661977DE.d.7827F87A81F6A2C5D45D95AAD05B647D.e.3973"},"getTitle",[]]}
RESULT: {"script":"<script> [6424 bytes]","args":[{"element-6066-11e4-a52e-4f735466cecf":"f.83867136431DBA8EE58576C3661977DE.d.7827F87A81F6A2C5D45D95AAD05B647D.e.3973"},"getTitle",[]]}
RESULT: undefined
COMMAND: POST /session/90692fb9de96379983d6b56b728182f7/element/f.83867136431DBA8EE58576C3661977DE.d.7827F87A81F6A2C5D45D95AAD05B647D.e.3736/click - {}
COMMAND: POST /session/90692fb9de96379983d6b56b728182f7/element - {"using":"xpath","value":"//*[@id=\"backBtn\"]"}
RESULT: {"using":"xpath","value":"//*[@id=\"backBtn\"]"}
COMMAND: POST /session/90692fb9de96379983d6b56b728182f7/element/f.83867136431DBA8EE58576C3661977DE.d.7827F87A81F6A2C5D45D95AAD05B647D.e.3736/click - {}
COMMAND: POST /session/90692fb9de96379983d6b56b728182f7/element - {"using":"xpath","value":"//*[@id=\"backBtn\"]"}
RESULT: {"using":"xpath","value":"//*[@id=\"backBtn\"]"}
COMMAND: POST /session/90692fb9de96379983d6b56b728182f7/element/f.83867136431DBA8EE58576C3661977DE.d.7827F87A81F6A2C5D45D95AAD05B647D.e.3974/click - {}
RESULT: {}
COMMAND: GET /session/90692fb9de96379983d6b56b728182f7/screenshot - {}
RESULT: {}
]]></system-out>
    </testcase>
    <testcase classname="chrome.137_0_7151_69.windows.Sanity_Tests_US104253" name="Should open ISC Tasks page" time="41.186">
      <system-out><![CDATA[
COMMAND: POST /session/90692fb9de96379983d6b56b728182f7/execute/async - {"script":"<script> [1562 bytes]","args":[{"selector":{"controlType":"sap.m.GenericTile","properties":{"header":"ISC Tasks"}},"wdio_ui5_key":"sapm.GenericTile{\"header\":\"ISC Tasks\"}"}]}
RESULT: {"script":"<script> [1562 bytes]","args":[{"selector":{"controlType":"sap.m.GenericTile","properties":{"header":"ISC Tasks"}},"wdio_ui5_key":"sapm.GenericTile{\"header\":\"ISC Tasks\"}"}]}
RESULT: undefined
COMMAND: POST /session/90692fb9de96379983d6b56b728182f7/element - {"using":"xpath","value":"//*[@id=\"__tile111\"]"}
RESULT: {"using":"xpath","value":"//*[@id=\"__tile111\"]"}
COMMAND: POST /session/90692fb9de96379983d6b56b728182f7/element/f.83867136431DBA8EE58576C3661977DE.d.7827F87A81F6A2C5D45D95AAD05B647D.e.3976/click - {}
RESULT: {}
COMMAND: GET /session/90692fb9de96379983d6b56b728182f7/screenshot - {}
RESULT: {}
COMMAND: POST /session/90692fb9de96379983d6b56b728182f7/elements - {"using":"xpath","value":"//span[text()='Error']"}
RESULT: {"using":"xpath","value":"//span[text()='Error']"}
RESULT: undefined
COMMAND: POST /session/90692fb9de96379983d6b56b728182f7/element - {"using":"xpath","value":"//*[@id=\"__tile111\"]"}
RESULT: {"using":"xpath","value":"//*[@id=\"__tile111\"]"}
COMMAND: POST /session/90692fb9de96379983d6b56b728182f7/element/f.83867136431DBA8EE58576C3661977DE.d.7827F87A81F6A2C5D45D95AAD05B647D.e.3976/click - {}
RESULT: undefined
COMMAND: POST /session/90692fb9de96379983d6b56b728182f7/element - {"using":"xpath","value":"//*[@id=\"__tile111\"]"}
RESULT: {"using":"xpath","value":"//*[@id=\"__tile111\"]"}
COMMAND: POST /session/90692fb9de96379983d6b56b728182f7/element/f.83867136431DBA8EE58576C3661977DE.d.7827F87A81F6A2C5D45D95AAD05B647D.e.3976/click - {}
RESULT: undefined
COMMAND: POST /session/90692fb9de96379983d6b56b728182f7/execute/async - {"script":"<script> [6424 bytes]","args":[{"element-6066-11e4-a52e-4f735466cecf":"f.83867136431DBA8EE58576C3661977DE.d.7827F87A81F6A2C5D45D95AAD05B647D.e.285"},"getTitle",[]]}
COMMAND: POST /session/90692fb9de96379983d6b56b728182f7/execute/async - {"script":"<script> [1562 bytes]","args":[{"selector":{"id":"shellAppTitle"},"wdio_ui5_key":"shellAppTitle"}]}
RESULT: {"script":"<script> [1562 bytes]","args":[{"selector":{"id":"shellAppTitle"},"wdio_ui5_key":"shellAppTitle"}]}
COMMAND: POST /session/90692fb9de96379983d6b56b728182f7/execute/async - {"script":"<script> [6424 bytes]","args":[{"element-6066-11e4-a52e-4f735466cecf":"f.83867136431DBA8EE58576C3661977DE.d.7827F87A81F6A2C5D45D95AAD05B647D.e.4060"},"getTitle",[]]}
RESULT: {"script":"<script> [6424 bytes]","args":[{"element-6066-11e4-a52e-4f735466cecf":"f.83867136431DBA8EE58576C3661977DE.d.7827F87A81F6A2C5D45D95AAD05B647D.e.4060"},"getTitle",[]]}
RESULT: undefined
COMMAND: POST /session/90692fb9de96379983d6b56b728182f7/element/f.83867136431DBA8EE58576C3661977DE.d.7827F87A81F6A2C5D45D95AAD05B647D.e.3974/click - {}
RESULT: {}
COMMAND: GET /session/90692fb9de96379983d6b56b728182f7/screenshot - {}
RESULT: {}
]]></system-out>
    </testcase>
    <testcase classname="chrome.137_0_7151_69.windows.Sanity_Tests_US104253" name="Should open Manage Resource Logbook page" time="36.595">
      <system-out><![CDATA[
COMMAND: POST /session/90692fb9de96379983d6b56b728182f7/execute/async - {"script":"<script> [1562 bytes]","args":[{"selector":{"controlType":"sap.m.GenericTile","properties":{"header":"Manage Resource Logbook"}},"wdio_ui5_key":"sapm.GenericTile{\"header\":\"Manage Resource Logbook\"}"}]}
RESULT: {"script":"<script> [1562 bytes]","args":[{"selector":{"controlType":"sap.m.GenericTile","properties":{"header":"Manage Resource Logbook"}},"wdio_ui5_key":"sapm.GenericTile{\"header\":\"Manage Resource Logbook\"}"}]}
RESULT: undefined
COMMAND: POST /session/90692fb9de96379983d6b56b728182f7/element - {"using":"xpath","value":"//*[@id=\"__tile114\"]"}
RESULT: {"using":"xpath","value":"//*[@id=\"__tile114\"]"}
COMMAND: POST /session/90692fb9de96379983d6b56b728182f7/element/f.83867136431DBA8EE58576C3661977DE.d.7827F87A81F6A2C5D45D95AAD05B647D.e.4062/click - {}
RESULT: {}
COMMAND: GET /session/90692fb9de96379983d6b56b728182f7/screenshot - {}
RESULT: {}
COMMAND: POST /session/90692fb9de96379983d6b56b728182f7/elements - {"using":"xpath","value":"//span[text()='Error']"}
RESULT: {"using":"xpath","value":"//span[text()='Error']"}
RESULT: undefined
COMMAND: POST /session/90692fb9de96379983d6b56b728182f7/element - {"using":"xpath","value":"//*[@id=\"__tile114\"]"}
RESULT: {"using":"xpath","value":"//*[@id=\"__tile114\"]"}
COMMAND: POST /session/90692fb9de96379983d6b56b728182f7/element/f.83867136431DBA8EE58576C3661977DE.d.7827F87A81F6A2C5D45D95AAD05B647D.e.4062/click - {}
RESULT: undefined
COMMAND: POST /session/90692fb9de96379983d6b56b728182f7/element - {"using":"xpath","value":"//*[@id=\"__tile114\"]"}
RESULT: {"using":"xpath","value":"//*[@id=\"__tile114\"]"}
COMMAND: POST /session/90692fb9de96379983d6b56b728182f7/element/f.83867136431DBA8EE58576C3661977DE.d.7827F87A81F6A2C5D45D95AAD05B647D.e.4062/click - {}
RESULT: undefined
COMMAND: POST /session/90692fb9de96379983d6b56b728182f7/execute/async - {"script":"<script> [6424 bytes]","args":[{"element-6066-11e4-a52e-4f735466cecf":"f.83867136431DBA8EE58576C3661977DE.d.7827F87A81F6A2C5D45D95AAD05B647D.e.285"},"getTitle",[]]}
COMMAND: POST /session/90692fb9de96379983d6b56b728182f7/execute/async - {"script":"<script> [1562 bytes]","args":[{"selector":{"id":"shellAppTitle"},"wdio_ui5_key":"shellAppTitle"}]}
RESULT: {"script":"<script> [1562 bytes]","args":[{"selector":{"id":"shellAppTitle"},"wdio_ui5_key":"shellAppTitle"}]}
COMMAND: POST /session/90692fb9de96379983d6b56b728182f7/execute/async - {"script":"<script> [6424 bytes]","args":[{"element-6066-11e4-a52e-4f735466cecf":"f.83867136431DBA8EE58576C3661977DE.d.7827F87A81F6A2C5D45D95AAD05B647D.e.4153"},"getTitle",[]]}
RESULT: {"script":"<script> [6424 bytes]","args":[{"element-6066-11e4-a52e-4f735466cecf":"f.83867136431DBA8EE58576C3661977DE.d.7827F87A81F6A2C5D45D95AAD05B647D.e.4153"},"getTitle",[]]}
RESULT: undefined
COMMAND: POST /session/90692fb9de96379983d6b56b728182f7/element/f.83867136431DBA8EE58576C3661977DE.d.7827F87A81F6A2C5D45D95AAD05B647D.e.3974/click - {}
COMMAND: POST /session/90692fb9de96379983d6b56b728182f7/element - {"using":"xpath","value":"//*[@id=\"backBtn\"]"}
RESULT: {"using":"xpath","value":"//*[@id=\"backBtn\"]"}
COMMAND: POST /session/90692fb9de96379983d6b56b728182f7/element/f.83867136431DBA8EE58576C3661977DE.d.7827F87A81F6A2C5D45D95AAD05B647D.e.3974/click - {}
COMMAND: POST /session/90692fb9de96379983d6b56b728182f7/element - {"using":"xpath","value":"//*[@id=\"backBtn\"]"}
RESULT: {"using":"xpath","value":"//*[@id=\"backBtn\"]"}
COMMAND: POST /session/90692fb9de96379983d6b56b728182f7/element/f.83867136431DBA8EE58576C3661977DE.d.7827F87A81F6A2C5D45D95AAD05B647D.e.4154/click - {}
RESULT: {}
COMMAND: GET /session/90692fb9de96379983d6b56b728182f7/screenshot - {}
RESULT: {}
]]></system-out>
    </testcase>
    <testcase classname="chrome.137_0_7151_69.windows.Sanity_Tests_US104253" name="Should open Manage Logbook page" time="36.23">
      <system-out><![CDATA[
COMMAND: POST /session/90692fb9de96379983d6b56b728182f7/execute/async - {"script":"<script> [1562 bytes]","args":[{"selector":{"controlType":"sap.m.GenericTile","properties":{"header":"Manage Logbook"}},"wdio_ui5_key":"sapm.GenericTile{\"header\":\"Manage Logbook\"}"}]}
RESULT: {"script":"<script> [1562 bytes]","args":[{"selector":{"controlType":"sap.m.GenericTile","properties":{"header":"Manage Logbook"}},"wdio_ui5_key":"sapm.GenericTile{\"header\":\"Manage Logbook\"}"}]}
RESULT: undefined
COMMAND: POST /session/90692fb9de96379983d6b56b728182f7/element - {"using":"xpath","value":"//*[@id=\"__tile113\"]"}
RESULT: {"using":"xpath","value":"//*[@id=\"__tile113\"]"}
COMMAND: POST /session/90692fb9de96379983d6b56b728182f7/element/f.83867136431DBA8EE58576C3661977DE.d.7827F87A81F6A2C5D45D95AAD05B647D.e.4156/click - {}
RESULT: {}
COMMAND: GET /session/90692fb9de96379983d6b56b728182f7/screenshot - {}
RESULT: {}
COMMAND: POST /session/90692fb9de96379983d6b56b728182f7/elements - {"using":"xpath","value":"//span[text()='Error']"}
RESULT: {"using":"xpath","value":"//span[text()='Error']"}
RESULT: undefined
COMMAND: POST /session/90692fb9de96379983d6b56b728182f7/element - {"using":"xpath","value":"//*[@id=\"__tile113\"]"}
RESULT: {"using":"xpath","value":"//*[@id=\"__tile113\"]"}
COMMAND: POST /session/90692fb9de96379983d6b56b728182f7/element/f.83867136431DBA8EE58576C3661977DE.d.7827F87A81F6A2C5D45D95AAD05B647D.e.4156/click - {}
RESULT: undefined
COMMAND: POST /session/90692fb9de96379983d6b56b728182f7/element - {"using":"xpath","value":"//*[@id=\"__tile113\"]"}
RESULT: {"using":"xpath","value":"//*[@id=\"__tile113\"]"}
COMMAND: POST /session/90692fb9de96379983d6b56b728182f7/element/f.83867136431DBA8EE58576C3661977DE.d.7827F87A81F6A2C5D45D95AAD05B647D.e.4156/click - {}
RESULT: undefined
COMMAND: POST /session/90692fb9de96379983d6b56b728182f7/execute/async - {"script":"<script> [6424 bytes]","args":[{"element-6066-11e4-a52e-4f735466cecf":"f.83867136431DBA8EE58576C3661977DE.d.7827F87A81F6A2C5D45D95AAD05B647D.e.285"},"getTitle",[]]}
COMMAND: POST /session/90692fb9de96379983d6b56b728182f7/execute/async - {"script":"<script> [1562 bytes]","args":[{"selector":{"id":"shellAppTitle"},"wdio_ui5_key":"shellAppTitle"}]}
RESULT: {"script":"<script> [1562 bytes]","args":[{"selector":{"id":"shellAppTitle"},"wdio_ui5_key":"shellAppTitle"}]}
COMMAND: POST /session/90692fb9de96379983d6b56b728182f7/execute/async - {"script":"<script> [6424 bytes]","args":[{"element-6066-11e4-a52e-4f735466cecf":"f.83867136431DBA8EE58576C3661977DE.d.7827F87A81F6A2C5D45D95AAD05B647D.e.4239"},"getTitle",[]]}
RESULT: {"script":"<script> [6424 bytes]","args":[{"element-6066-11e4-a52e-4f735466cecf":"f.83867136431DBA8EE58576C3661977DE.d.7827F87A81F6A2C5D45D95AAD05B647D.e.4239"},"getTitle",[]]}
RESULT: undefined
COMMAND: POST /session/90692fb9de96379983d6b56b728182f7/element/f.83867136431DBA8EE58576C3661977DE.d.7827F87A81F6A2C5D45D95AAD05B647D.e.4154/click - {}
RESULT: {}
COMMAND: GET /session/90692fb9de96379983d6b56b728182f7/screenshot - {}
RESULT: {}
]]></system-out>
    </testcase>
    <testcase classname="chrome.137_0_7151_69.windows.Sanity_Tests_US104253" name="Should open ISC Orders Calendar page" time="38.136">
      <system-out><![CDATA[
COMMAND: POST /session/90692fb9de96379983d6b56b728182f7/execute/async - {"script":"<script> [1562 bytes]","args":[{"selector":{"controlType":"sap.m.GenericTile","properties":{"header":"ISC Orders Calendar"}},"wdio_ui5_key":"sapm.GenericTile{\"header\":\"ISC Orders Calendar\"}"}]}
RESULT: {"script":"<script> [1562 bytes]","args":[{"selector":{"controlType":"sap.m.GenericTile","properties":{"header":"ISC Orders Calendar"}},"wdio_ui5_key":"sapm.GenericTile{\"header\":\"ISC Orders Calendar\"}"}]}
RESULT: undefined
COMMAND: POST /session/90692fb9de96379983d6b56b728182f7/element - {"using":"xpath","value":"//*[@id=\"__tile108\"]"}
RESULT: {"using":"xpath","value":"//*[@id=\"__tile108\"]"}
COMMAND: POST /session/90692fb9de96379983d6b56b728182f7/element/f.83867136431DBA8EE58576C3661977DE.d.7827F87A81F6A2C5D45D95AAD05B647D.e.4241/click - {}
RESULT: {}
COMMAND: GET /session/90692fb9de96379983d6b56b728182f7/screenshot - {}
RESULT: {}
COMMAND: POST /session/90692fb9de96379983d6b56b728182f7/elements - {"using":"xpath","value":"//span[text()='Error']"}
RESULT: {"using":"xpath","value":"//span[text()='Error']"}
RESULT: undefined
COMMAND: POST /session/90692fb9de96379983d6b56b728182f7/element - {"using":"xpath","value":"//*[@id=\"__tile108\"]"}
RESULT: {"using":"xpath","value":"//*[@id=\"__tile108\"]"}
COMMAND: POST /session/90692fb9de96379983d6b56b728182f7/element/f.83867136431DBA8EE58576C3661977DE.d.7827F87A81F6A2C5D45D95AAD05B647D.e.4241/click - {}
RESULT: undefined
COMMAND: POST /session/90692fb9de96379983d6b56b728182f7/element - {"using":"xpath","value":"//*[@id=\"__tile108\"]"}
RESULT: {"using":"xpath","value":"//*[@id=\"__tile108\"]"}
COMMAND: POST /session/90692fb9de96379983d6b56b728182f7/element/f.83867136431DBA8EE58576C3661977DE.d.7827F87A81F6A2C5D45D95AAD05B647D.e.4241/click - {}
RESULT: undefined
COMMAND: POST /session/90692fb9de96379983d6b56b728182f7/execute/async - {"script":"<script> [6424 bytes]","args":[{"element-6066-11e4-a52e-4f735466cecf":"f.83867136431DBA8EE58576C3661977DE.d.7827F87A81F6A2C5D45D95AAD05B647D.e.285"},"getTitle",[]]}
COMMAND: POST /session/90692fb9de96379983d6b56b728182f7/execute/async - {"script":"<script> [1562 bytes]","args":[{"selector":{"id":"shellAppTitle"},"wdio_ui5_key":"shellAppTitle"}]}
RESULT: {"script":"<script> [1562 bytes]","args":[{"selector":{"id":"shellAppTitle"},"wdio_ui5_key":"shellAppTitle"}]}
COMMAND: POST /session/90692fb9de96379983d6b56b728182f7/execute/async - {"script":"<script> [6424 bytes]","args":[{"element-6066-11e4-a52e-4f735466cecf":"f.83867136431DBA8EE58576C3661977DE.d.7827F87A81F6A2C5D45D95AAD05B647D.e.4451"},"getTitle",[]]}
RESULT: {"script":"<script> [6424 bytes]","args":[{"element-6066-11e4-a52e-4f735466cecf":"f.83867136431DBA8EE58576C3661977DE.d.7827F87A81F6A2C5D45D95AAD05B647D.e.4451"},"getTitle",[]]}
RESULT: undefined
COMMAND: POST /session/90692fb9de96379983d6b56b728182f7/element/f.83867136431DBA8EE58576C3661977DE.d.7827F87A81F6A2C5D45D95AAD05B647D.e.4154/click - {}
COMMAND: POST /session/90692fb9de96379983d6b56b728182f7/element - {"using":"xpath","value":"//*[@id=\"backBtn\"]"}
RESULT: {"using":"xpath","value":"//*[@id=\"backBtn\"]"}
COMMAND: POST /session/90692fb9de96379983d6b56b728182f7/element/f.83867136431DBA8EE58576C3661977DE.d.7827F87A81F6A2C5D45D95AAD05B647D.e.4154/click - {}
COMMAND: POST /session/90692fb9de96379983d6b56b728182f7/element - {"using":"xpath","value":"//*[@id=\"backBtn\"]"}
RESULT: {"using":"xpath","value":"//*[@id=\"backBtn\"]"}
COMMAND: POST /session/90692fb9de96379983d6b56b728182f7/element/f.83867136431DBA8EE58576C3661977DE.d.7827F87A81F6A2C5D45D95AAD05B647D.e.4452/click - {}
RESULT: {}
COMMAND: GET /session/90692fb9de96379983d6b56b728182f7/screenshot - {}
RESULT: {}
]]></system-out>
    </testcase>
    <testcase classname="chrome.137_0_7151_69.windows.Sanity_Tests_US104253" name="Should open Configure System page" time="37.883">
      <system-out><![CDATA[
COMMAND: POST /session/90692fb9de96379983d6b56b728182f7/execute/async - {"script":"<script> [1562 bytes]","args":[{"selector":{"controlType":"sap.m.GenericTile","properties":{"header":"Configure System"}},"wdio_ui5_key":"sapm.GenericTile{\"header\":\"Configure System\"}"}]}
RESULT: {"script":"<script> [1562 bytes]","args":[{"selector":{"controlType":"sap.m.GenericTile","properties":{"header":"Configure System"}},"wdio_ui5_key":"sapm.GenericTile{\"header\":\"Configure System\"}"}]}
RESULT: undefined
COMMAND: POST /session/90692fb9de96379983d6b56b728182f7/element - {"using":"xpath","value":"//*[@id=\"__tile116\"]"}
RESULT: {"using":"xpath","value":"//*[@id=\"__tile116\"]"}
COMMAND: POST /session/90692fb9de96379983d6b56b728182f7/element/f.83867136431DBA8EE58576C3661977DE.d.7827F87A81F6A2C5D45D95AAD05B647D.e.4454/click - {}
RESULT: {}
COMMAND: GET /session/90692fb9de96379983d6b56b728182f7/screenshot - {}
RESULT: {}
COMMAND: POST /session/90692fb9de96379983d6b56b728182f7/elements - {"using":"xpath","value":"//span[text()='Error']"}
RESULT: {"using":"xpath","value":"//span[text()='Error']"}
RESULT: undefined
COMMAND: POST /session/90692fb9de96379983d6b56b728182f7/element - {"using":"xpath","value":"//*[@id=\"__tile116\"]"}
RESULT: {"using":"xpath","value":"//*[@id=\"__tile116\"]"}
COMMAND: POST /session/90692fb9de96379983d6b56b728182f7/element/f.83867136431DBA8EE58576C3661977DE.d.7827F87A81F6A2C5D45D95AAD05B647D.e.4454/click - {}
RESULT: undefined
COMMAND: POST /session/90692fb9de96379983d6b56b728182f7/element - {"using":"xpath","value":"//*[@id=\"__tile116\"]"}
RESULT: {"using":"xpath","value":"//*[@id=\"__tile116\"]"}
COMMAND: POST /session/90692fb9de96379983d6b56b728182f7/element/f.83867136431DBA8EE58576C3661977DE.d.7827F87A81F6A2C5D45D95AAD05B647D.e.4454/click - {}
RESULT: undefined
COMMAND: POST /session/90692fb9de96379983d6b56b728182f7/execute/async - {"script":"<script> [6424 bytes]","args":[{"element-6066-11e4-a52e-4f735466cecf":"f.83867136431DBA8EE58576C3661977DE.d.7827F87A81F6A2C5D45D95AAD05B647D.e.285"},"getTitle",[]]}
COMMAND: POST /session/90692fb9de96379983d6b56b728182f7/execute/async - {"script":"<script> [1562 bytes]","args":[{"selector":{"id":"shellAppTitle"},"wdio_ui5_key":"shellAppTitle"}]}
RESULT: {"script":"<script> [1562 bytes]","args":[{"selector":{"id":"shellAppTitle"},"wdio_ui5_key":"shellAppTitle"}]}
COMMAND: POST /session/90692fb9de96379983d6b56b728182f7/execute/async - {"script":"<script> [6424 bytes]","args":[{"element-6066-11e4-a52e-4f735466cecf":"f.83867136431DBA8EE58576C3661977DE.d.7827F87A81F6A2C5D45D95AAD05B647D.e.4493"},"getTitle",[]]}
RESULT: {"script":"<script> [6424 bytes]","args":[{"element-6066-11e4-a52e-4f735466cecf":"f.83867136431DBA8EE58576C3661977DE.d.7827F87A81F6A2C5D45D95AAD05B647D.e.4493"},"getTitle",[]]}
RESULT: undefined
COMMAND: POST /session/90692fb9de96379983d6b56b728182f7/element/f.83867136431DBA8EE58576C3661977DE.d.7827F87A81F6A2C5D45D95AAD05B647D.e.4452/click - {}
RESULT: {}
COMMAND: GET /session/90692fb9de96379983d6b56b728182f7/screenshot - {}
RESULT: {}
]]></system-out>
    </testcase>
    <testcase classname="chrome.137_0_7151_69.windows.Sanity_Tests_US104253" name="Should open Manage Classifications page" time="36.914">
      <system-out><![CDATA[
COMMAND: POST /session/90692fb9de96379983d6b56b728182f7/execute/async - {"script":"<script> [1562 bytes]","args":[{"selector":{"controlType":"sap.m.GenericTile","properties":{"header":"Manage Classifications"}},"wdio_ui5_key":"sapm.GenericTile{\"header\":\"Manage Classifications\"}"}]}
RESULT: {"script":"<script> [1562 bytes]","args":[{"selector":{"controlType":"sap.m.GenericTile","properties":{"header":"Manage Classifications"}},"wdio_ui5_key":"sapm.GenericTile{\"header\":\"Manage Classifications\"}"}]}
RESULT: undefined
COMMAND: POST /session/90692fb9de96379983d6b56b728182f7/element - {"using":"xpath","value":"//*[@id=\"__tile117\"]"}
RESULT: {"using":"xpath","value":"//*[@id=\"__tile117\"]"}
COMMAND: POST /session/90692fb9de96379983d6b56b728182f7/element/f.83867136431DBA8EE58576C3661977DE.d.7827F87A81F6A2C5D45D95AAD05B647D.e.4497/click - {}
RESULT: {}
COMMAND: GET /session/90692fb9de96379983d6b56b728182f7/screenshot - {}
RESULT: {}
COMMAND: POST /session/90692fb9de96379983d6b56b728182f7/elements - {"using":"xpath","value":"//span[text()='Error']"}
RESULT: {"using":"xpath","value":"//span[text()='Error']"}
RESULT: undefined
COMMAND: POST /session/90692fb9de96379983d6b56b728182f7/element - {"using":"xpath","value":"//*[@id=\"__tile117\"]"}
RESULT: {"using":"xpath","value":"//*[@id=\"__tile117\"]"}
COMMAND: POST /session/90692fb9de96379983d6b56b728182f7/element/f.83867136431DBA8EE58576C3661977DE.d.7827F87A81F6A2C5D45D95AAD05B647D.e.4497/click - {}
RESULT: undefined
COMMAND: POST /session/90692fb9de96379983d6b56b728182f7/element - {"using":"xpath","value":"//*[@id=\"__tile117\"]"}
RESULT: {"using":"xpath","value":"//*[@id=\"__tile117\"]"}
COMMAND: POST /session/90692fb9de96379983d6b56b728182f7/element/f.83867136431DBA8EE58576C3661977DE.d.7827F87A81F6A2C5D45D95AAD05B647D.e.4497/click - {}
RESULT: undefined
COMMAND: POST /session/90692fb9de96379983d6b56b728182f7/execute/async - {"script":"<script> [6424 bytes]","args":[{"element-6066-11e4-a52e-4f735466cecf":"f.83867136431DBA8EE58576C3661977DE.d.7827F87A81F6A2C5D45D95AAD05B647D.e.285"},"getTitle",[]]}
COMMAND: POST /session/90692fb9de96379983d6b56b728182f7/execute/async - {"script":"<script> [1562 bytes]","args":[{"selector":{"id":"shellAppTitle"},"wdio_ui5_key":"shellAppTitle"}]}
RESULT: {"script":"<script> [1562 bytes]","args":[{"selector":{"id":"shellAppTitle"},"wdio_ui5_key":"shellAppTitle"}]}
COMMAND: POST /session/90692fb9de96379983d6b56b728182f7/execute/async - {"script":"<script> [6424 bytes]","args":[{"element-6066-11e4-a52e-4f735466cecf":"f.83867136431DBA8EE58576C3661977DE.d.7827F87A81F6A2C5D45D95AAD05B647D.e.4710"},"getTitle",[]]}
RESULT: {"script":"<script> [6424 bytes]","args":[{"element-6066-11e4-a52e-4f735466cecf":"f.83867136431DBA8EE58576C3661977DE.d.7827F87A81F6A2C5D45D95AAD05B647D.e.4710"},"getTitle",[]]}
RESULT: undefined
COMMAND: POST /session/90692fb9de96379983d6b56b728182f7/element/f.83867136431DBA8EE58576C3661977DE.d.7827F87A81F6A2C5D45D95AAD05B647D.e.4452/click - {}
COMMAND: POST /session/90692fb9de96379983d6b56b728182f7/element - {"using":"xpath","value":"//*[@id=\"backBtn\"]"}
RESULT: {"using":"xpath","value":"//*[@id=\"backBtn\"]"}
COMMAND: POST /session/90692fb9de96379983d6b56b728182f7/element/f.83867136431DBA8EE58576C3661977DE.d.7827F87A81F6A2C5D45D95AAD05B647D.e.4452/click - {}
COMMAND: POST /session/90692fb9de96379983d6b56b728182f7/element - {"using":"xpath","value":"//*[@id=\"backBtn\"]"}
RESULT: {"using":"xpath","value":"//*[@id=\"backBtn\"]"}
COMMAND: POST /session/90692fb9de96379983d6b56b728182f7/element/f.83867136431DBA8EE58576C3661977DE.d.7827F87A81F6A2C5D45D95AAD05B647D.e.4711/click - {}
RESULT: {}
COMMAND: GET /session/90692fb9de96379983d6b56b728182f7/screenshot - {}
RESULT: {}
]]></system-out>
    </testcase>
    <testcase classname="chrome.137_0_7151_69.windows.Sanity_Tests_US104253" name="Should open Data Explorer page" time="42.378">
      <system-out><![CDATA[
COMMAND: POST /session/90692fb9de96379983d6b56b728182f7/execute/async - {"script":"<script> [1562 bytes]","args":[{"selector":{"controlType":"sap.m.GenericTile","properties":{"header":"Data Explorer"}},"wdio_ui5_key":"sapm.GenericTile{\"header\":\"Data Explorer\"}"}]}
RESULT: {"script":"<script> [1562 bytes]","args":[{"selector":{"controlType":"sap.m.GenericTile","properties":{"header":"Data Explorer"}},"wdio_ui5_key":"sapm.GenericTile{\"header\":\"Data Explorer\"}"}]}
RESULT: undefined
COMMAND: POST /session/90692fb9de96379983d6b56b728182f7/element - {"using":"xpath","value":"//*[@id=\"__tile119\"]"}
RESULT: {"using":"xpath","value":"//*[@id=\"__tile119\"]"}
COMMAND: POST /session/90692fb9de96379983d6b56b728182f7/element/f.83867136431DBA8EE58576C3661977DE.d.7827F87A81F6A2C5D45D95AAD05B647D.e.4713/click - {}
RESULT: {}
COMMAND: GET /session/90692fb9de96379983d6b56b728182f7/screenshot - {}
RESULT: {}
COMMAND: POST /session/90692fb9de96379983d6b56b728182f7/elements - {"using":"xpath","value":"//span[text()='Error']"}
RESULT: {"using":"xpath","value":"//span[text()='Error']"}
RESULT: undefined
COMMAND: POST /session/90692fb9de96379983d6b56b728182f7/element - {"using":"xpath","value":"//*[@id=\"__tile119\"]"}
RESULT: {"using":"xpath","value":"//*[@id=\"__tile119\"]"}
COMMAND: POST /session/90692fb9de96379983d6b56b728182f7/element/f.83867136431DBA8EE58576C3661977DE.d.7827F87A81F6A2C5D45D95AAD05B647D.e.4713/click - {}
RESULT: undefined
COMMAND: POST /session/90692fb9de96379983d6b56b728182f7/element - {"using":"xpath","value":"//*[@id=\"__tile119\"]"}
RESULT: {"using":"xpath","value":"//*[@id=\"__tile119\"]"}
COMMAND: POST /session/90692fb9de96379983d6b56b728182f7/element/f.83867136431DBA8EE58576C3661977DE.d.7827F87A81F6A2C5D45D95AAD05B647D.e.4713/click - {}
RESULT: undefined
COMMAND: POST /session/90692fb9de96379983d6b56b728182f7/execute/async - {"script":"<script> [6424 bytes]","args":[{"element-6066-11e4-a52e-4f735466cecf":"f.83867136431DBA8EE58576C3661977DE.d.7827F87A81F6A2C5D45D95AAD05B647D.e.285"},"getTitle",[]]}
COMMAND: POST /session/90692fb9de96379983d6b56b728182f7/execute/async - {"script":"<script> [1562 bytes]","args":[{"selector":{"id":"shellAppTitle"},"wdio_ui5_key":"shellAppTitle"}]}
RESULT: {"script":"<script> [1562 bytes]","args":[{"selector":{"id":"shellAppTitle"},"wdio_ui5_key":"shellAppTitle"}]}
COMMAND: POST /session/90692fb9de96379983d6b56b728182f7/execute/async - {"script":"<script> [6424 bytes]","args":[{"element-6066-11e4-a52e-4f735466cecf":"f.83867136431DBA8EE58576C3661977DE.d.7827F87A81F6A2C5D45D95AAD05B647D.e.4883"},"getTitle",[]]}
RESULT: {"script":"<script> [6424 bytes]","args":[{"element-6066-11e4-a52e-4f735466cecf":"f.83867136431DBA8EE58576C3661977DE.d.7827F87A81F6A2C5D45D95AAD05B647D.e.4883"},"getTitle",[]]}
RESULT: undefined
COMMAND: POST /session/90692fb9de96379983d6b56b728182f7/element/f.83867136431DBA8EE58576C3661977DE.d.7827F87A81F6A2C5D45D95AAD05B647D.e.4711/click - {}
RESULT: {}
COMMAND: GET /session/90692fb9de96379983d6b56b728182f7/screenshot - {}
RESULT: {}
]]></system-out>
    </testcase>
    <testcase classname="chrome.137_0_7151_69.windows.Sanity_Tests_US104253" name="Should open Performance Monitor page" time="37.402">
      <system-out><![CDATA[
COMMAND: POST /session/90692fb9de96379983d6b56b728182f7/execute/async - {"script":"<script> [1562 bytes]","args":[{"selector":{"controlType":"sap.m.GenericTile","properties":{"header":"Performance Monitor"}},"wdio_ui5_key":"sapm.GenericTile{\"header\":\"Performance Monitor\"}"}]}
RESULT: {"script":"<script> [1562 bytes]","args":[{"selector":{"controlType":"sap.m.GenericTile","properties":{"header":"Performance Monitor"}},"wdio_ui5_key":"sapm.GenericTile{\"header\":\"Performance Monitor\"}"}]}
RESULT: undefined
COMMAND: POST /session/90692fb9de96379983d6b56b728182f7/element - {"using":"xpath","value":"//*[@id=\"__tile118\"]"}
RESULT: {"using":"xpath","value":"//*[@id=\"__tile118\"]"}
COMMAND: POST /session/90692fb9de96379983d6b56b728182f7/element/f.83867136431DBA8EE58576C3661977DE.d.7827F87A81F6A2C5D45D95AAD05B647D.e.4885/click - {}
RESULT: {}
COMMAND: GET /session/90692fb9de96379983d6b56b728182f7/screenshot - {}
RESULT: {}
COMMAND: POST /session/90692fb9de96379983d6b56b728182f7/elements - {"using":"xpath","value":"//span[text()='Error']"}
RESULT: {"using":"xpath","value":"//span[text()='Error']"}
RESULT: undefined
COMMAND: POST /session/90692fb9de96379983d6b56b728182f7/element - {"using":"xpath","value":"//*[@id=\"__tile118\"]"}
RESULT: {"using":"xpath","value":"//*[@id=\"__tile118\"]"}
COMMAND: POST /session/90692fb9de96379983d6b56b728182f7/element/f.83867136431DBA8EE58576C3661977DE.d.7827F87A81F6A2C5D45D95AAD05B647D.e.4885/click - {}
RESULT: undefined
COMMAND: POST /session/90692fb9de96379983d6b56b728182f7/element - {"using":"xpath","value":"//*[@id=\"__tile118\"]"}
RESULT: {"using":"xpath","value":"//*[@id=\"__tile118\"]"}
COMMAND: POST /session/90692fb9de96379983d6b56b728182f7/element/f.83867136431DBA8EE58576C3661977DE.d.7827F87A81F6A2C5D45D95AAD05B647D.e.4885/click - {}
RESULT: undefined
COMMAND: POST /session/90692fb9de96379983d6b56b728182f7/execute/async - {"script":"<script> [6424 bytes]","args":[{"element-6066-11e4-a52e-4f735466cecf":"f.83867136431DBA8EE58576C3661977DE.d.7827F87A81F6A2C5D45D95AAD05B647D.e.285"},"getTitle",[]]}
COMMAND: POST /session/90692fb9de96379983d6b56b728182f7/execute/async - {"script":"<script> [1562 bytes]","args":[{"selector":{"id":"shellAppTitle"},"wdio_ui5_key":"shellAppTitle"}]}
RESULT: {"script":"<script> [1562 bytes]","args":[{"selector":{"id":"shellAppTitle"},"wdio_ui5_key":"shellAppTitle"}]}
COMMAND: POST /session/90692fb9de96379983d6b56b728182f7/execute/async - {"script":"<script> [6424 bytes]","args":[{"element-6066-11e4-a52e-4f735466cecf":"f.83867136431DBA8EE58576C3661977DE.d.7827F87A81F6A2C5D45D95AAD05B647D.e.4926"},"getTitle",[]]}
RESULT: {"script":"<script> [6424 bytes]","args":[{"element-6066-11e4-a52e-4f735466cecf":"f.83867136431DBA8EE58576C3661977DE.d.7827F87A81F6A2C5D45D95AAD05B647D.e.4926"},"getTitle",[]]}
RESULT: undefined
COMMAND: POST /session/90692fb9de96379983d6b56b728182f7/element/f.83867136431DBA8EE58576C3661977DE.d.7827F87A81F6A2C5D45D95AAD05B647D.e.4711/click - {}
COMMAND: POST /session/90692fb9de96379983d6b56b728182f7/element - {"using":"xpath","value":"//*[@id=\"backBtn\"]"}
RESULT: {"using":"xpath","value":"//*[@id=\"backBtn\"]"}
COMMAND: POST /session/90692fb9de96379983d6b56b728182f7/element/f.83867136431DBA8EE58576C3661977DE.d.7827F87A81F6A2C5D45D95AAD05B647D.e.4711/click - {}
COMMAND: POST /session/90692fb9de96379983d6b56b728182f7/element - {"using":"xpath","value":"//*[@id=\"backBtn\"]"}
RESULT: {"using":"xpath","value":"//*[@id=\"backBtn\"]"}
COMMAND: POST /session/90692fb9de96379983d6b56b728182f7/element/f.83867136431DBA8EE58576C3661977DE.d.7827F87A81F6A2C5D45D95AAD05B647D.e.4927/click - {}
RESULT: {}
COMMAND: GET /session/90692fb9de96379983d6b56b728182f7/screenshot - {}
RESULT: {}
]]></system-out>
    </testcase>
    <testcase classname="chrome.137_0_7151_69.windows.Sanity_Tests_US104253" name="Should open Organizational Model page" time="35.894">
      <system-out><![CDATA[
COMMAND: POST /session/90692fb9de96379983d6b56b728182f7/execute/async - {"script":"<script> [1562 bytes]","args":[{"selector":{"controlType":"sap.m.GenericTile","properties":{"header":"Organizational Model"}},"wdio_ui5_key":"sapm.GenericTile{\"header\":\"Organizational Model\"}"}]}
RESULT: {"script":"<script> [1562 bytes]","args":[{"selector":{"controlType":"sap.m.GenericTile","properties":{"header":"Organizational Model"}},"wdio_ui5_key":"sapm.GenericTile{\"header\":\"Organizational Model\"}"}]}
RESULT: undefined
COMMAND: POST /session/90692fb9de96379983d6b56b728182f7/element - {"using":"xpath","value":"//*[@id=\"__tile122\"]"}
RESULT: {"using":"xpath","value":"//*[@id=\"__tile122\"]"}
COMMAND: POST /session/90692fb9de96379983d6b56b728182f7/element/f.83867136431DBA8EE58576C3661977DE.d.7827F87A81F6A2C5D45D95AAD05B647D.e.4930/click - {}
RESULT: {}
COMMAND: GET /session/90692fb9de96379983d6b56b728182f7/screenshot - {}
RESULT: {}
COMMAND: POST /session/90692fb9de96379983d6b56b728182f7/elements - {"using":"xpath","value":"//span[text()='Error']"}
RESULT: {"using":"xpath","value":"//span[text()='Error']"}
RESULT: undefined
COMMAND: POST /session/90692fb9de96379983d6b56b728182f7/element - {"using":"xpath","value":"//*[@id=\"__tile122\"]"}
RESULT: {"using":"xpath","value":"//*[@id=\"__tile122\"]"}
COMMAND: POST /session/90692fb9de96379983d6b56b728182f7/element/f.83867136431DBA8EE58576C3661977DE.d.7827F87A81F6A2C5D45D95AAD05B647D.e.4930/click - {}
RESULT: undefined
COMMAND: POST /session/90692fb9de96379983d6b56b728182f7/element - {"using":"xpath","value":"//*[@id=\"__tile122\"]"}
RESULT: {"using":"xpath","value":"//*[@id=\"__tile122\"]"}
COMMAND: POST /session/90692fb9de96379983d6b56b728182f7/element/f.83867136431DBA8EE58576C3661977DE.d.7827F87A81F6A2C5D45D95AAD05B647D.e.4930/click - {}
RESULT: undefined
COMMAND: POST /session/90692fb9de96379983d6b56b728182f7/execute/async - {"script":"<script> [6424 bytes]","args":[{"element-6066-11e4-a52e-4f735466cecf":"f.83867136431DBA8EE58576C3661977DE.d.7827F87A81F6A2C5D45D95AAD05B647D.e.285"},"getTitle",[]]}
COMMAND: POST /session/90692fb9de96379983d6b56b728182f7/execute/async - {"script":"<script> [1562 bytes]","args":[{"selector":{"id":"shellAppTitle"},"wdio_ui5_key":"shellAppTitle"}]}
RESULT: {"script":"<script> [1562 bytes]","args":[{"selector":{"id":"shellAppTitle"},"wdio_ui5_key":"shellAppTitle"}]}
COMMAND: POST /session/90692fb9de96379983d6b56b728182f7/execute/async - {"script":"<script> [6424 bytes]","args":[{"element-6066-11e4-a52e-4f735466cecf":"f.83867136431DBA8EE58576C3661977DE.d.7827F87A81F6A2C5D45D95AAD05B647D.e.4947"},"getTitle",[]]}
RESULT: {"script":"<script> [6424 bytes]","args":[{"element-6066-11e4-a52e-4f735466cecf":"f.83867136431DBA8EE58576C3661977DE.d.7827F87A81F6A2C5D45D95AAD05B647D.e.4947"},"getTitle",[]]}
RESULT: undefined
COMMAND: POST /session/90692fb9de96379983d6b56b728182f7/element/f.83867136431DBA8EE58576C3661977DE.d.7827F87A81F6A2C5D45D95AAD05B647D.e.4927/click - {}
RESULT: {}
COMMAND: GET /session/90692fb9de96379983d6b56b728182f7/screenshot - {}
RESULT: {}
]]></system-out>
    </testcase>
    <testcase classname="chrome.137_0_7151_69.windows.Sanity_Tests_US104253" name="Should open Manage Roles page" time="37.658">
      <system-out><![CDATA[
COMMAND: POST /session/90692fb9de96379983d6b56b728182f7/execute/async - {"script":"<script> [1562 bytes]","args":[{"selector":{"controlType":"sap.m.GenericTile","properties":{"header":"Manage Roles"}},"wdio_ui5_key":"sapm.GenericTile{\"header\":\"Manage Roles\"}"}]}
RESULT: {"script":"<script> [1562 bytes]","args":[{"selector":{"controlType":"sap.m.GenericTile","properties":{"header":"Manage Roles"}},"wdio_ui5_key":"sapm.GenericTile{\"header\":\"Manage Roles\"}"}]}
RESULT: undefined
COMMAND: POST /session/90692fb9de96379983d6b56b728182f7/element - {"using":"xpath","value":"//*[@id=\"__tile121\"]"}
RESULT: {"using":"xpath","value":"//*[@id=\"__tile121\"]"}
COMMAND: POST /session/90692fb9de96379983d6b56b728182f7/element/f.83867136431DBA8EE58576C3661977DE.d.7827F87A81F6A2C5D45D95AAD05B647D.e.4949/click - {}
RESULT: {}
COMMAND: GET /session/90692fb9de96379983d6b56b728182f7/screenshot - {}
RESULT: {}
COMMAND: POST /session/90692fb9de96379983d6b56b728182f7/elements - {"using":"xpath","value":"//span[text()='Error']"}
RESULT: {"using":"xpath","value":"//span[text()='Error']"}
RESULT: undefined
COMMAND: POST /session/90692fb9de96379983d6b56b728182f7/element - {"using":"xpath","value":"//*[@id=\"__tile121\"]"}
RESULT: {"using":"xpath","value":"//*[@id=\"__tile121\"]"}
COMMAND: POST /session/90692fb9de96379983d6b56b728182f7/element/f.83867136431DBA8EE58576C3661977DE.d.7827F87A81F6A2C5D45D95AAD05B647D.e.4949/click - {}
RESULT: undefined
COMMAND: POST /session/90692fb9de96379983d6b56b728182f7/element - {"using":"xpath","value":"//*[@id=\"__tile121\"]"}
RESULT: {"using":"xpath","value":"//*[@id=\"__tile121\"]"}
COMMAND: POST /session/90692fb9de96379983d6b56b728182f7/element/f.83867136431DBA8EE58576C3661977DE.d.7827F87A81F6A2C5D45D95AAD05B647D.e.4949/click - {}
RESULT: undefined
COMMAND: POST /session/90692fb9de96379983d6b56b728182f7/execute/async - {"script":"<script> [6424 bytes]","args":[{"element-6066-11e4-a52e-4f735466cecf":"f.83867136431DBA8EE58576C3661977DE.d.7827F87A81F6A2C5D45D95AAD05B647D.e.285"},"getTitle",[]]}
COMMAND: POST /session/90692fb9de96379983d6b56b728182f7/execute/async - {"script":"<script> [1562 bytes]","args":[{"selector":{"id":"shellAppTitle"},"wdio_ui5_key":"shellAppTitle"}]}
RESULT: {"script":"<script> [1562 bytes]","args":[{"selector":{"id":"shellAppTitle"},"wdio_ui5_key":"shellAppTitle"}]}
COMMAND: POST /session/90692fb9de96379983d6b56b728182f7/execute/async - {"script":"<script> [6424 bytes]","args":[{"element-6066-11e4-a52e-4f735466cecf":"f.83867136431DBA8EE58576C3661977DE.d.7827F87A81F6A2C5D45D95AAD05B647D.e.4996"},"getTitle",[]]}
RESULT: {"script":"<script> [6424 bytes]","args":[{"element-6066-11e4-a52e-4f735466cecf":"f.83867136431DBA8EE58576C3661977DE.d.7827F87A81F6A2C5D45D95AAD05B647D.e.4996"},"getTitle",[]]}
RESULT: undefined
COMMAND: POST /session/90692fb9de96379983d6b56b728182f7/element/f.83867136431DBA8EE58576C3661977DE.d.7827F87A81F6A2C5D45D95AAD05B647D.e.4927/click - {}
COMMAND: POST /session/90692fb9de96379983d6b56b728182f7/element - {"using":"xpath","value":"//*[@id=\"backBtn\"]"}
RESULT: {"using":"xpath","value":"//*[@id=\"backBtn\"]"}
COMMAND: POST /session/90692fb9de96379983d6b56b728182f7/element/f.83867136431DBA8EE58576C3661977DE.d.7827F87A81F6A2C5D45D95AAD05B647D.e.4927/click - {}
COMMAND: POST /session/90692fb9de96379983d6b56b728182f7/element - {"using":"xpath","value":"//*[@id=\"backBtn\"]"}
RESULT: {"using":"xpath","value":"//*[@id=\"backBtn\"]"}
COMMAND: POST /session/90692fb9de96379983d6b56b728182f7/element/f.83867136431DBA8EE58576C3661977DE.d.7827F87A81F6A2C5D45D95AAD05B647D.e.4997/click - {}
RESULT: {}
COMMAND: GET /session/90692fb9de96379983d6b56b728182f7/screenshot - {}
RESULT: {}
]]></system-out>
    </testcase>
    <testcase classname="chrome.137_0_7151_69.windows.Sanity_Tests_US104253" name="Should open Authorization Tables page" time="36.901">
      <system-out><![CDATA[
COMMAND: POST /session/90692fb9de96379983d6b56b728182f7/execute/async - {"script":"<script> [1562 bytes]","args":[{"selector":{"controlType":"sap.m.GenericTile","properties":{"header":"Authorization Tables"}},"wdio_ui5_key":"sapm.GenericTile{\"header\":\"Authorization Tables\"}"}]}
RESULT: {"script":"<script> [1562 bytes]","args":[{"selector":{"controlType":"sap.m.GenericTile","properties":{"header":"Authorization Tables"}},"wdio_ui5_key":"sapm.GenericTile{\"header\":\"Authorization Tables\"}"}]}
RESULT: undefined
COMMAND: POST /session/90692fb9de96379983d6b56b728182f7/element - {"using":"xpath","value":"//*[@id=\"__tile120\"]"}
RESULT: {"using":"xpath","value":"//*[@id=\"__tile120\"]"}
COMMAND: POST /session/90692fb9de96379983d6b56b728182f7/element/f.83867136431DBA8EE58576C3661977DE.d.7827F87A81F6A2C5D45D95AAD05B647D.e.4999/click - {}
RESULT: {}
COMMAND: GET /session/90692fb9de96379983d6b56b728182f7/screenshot - {}
COMMAND: POST /session/90692fb9de96379983d6b56b728182f7/elements - {"using":"xpath","value":"//span[text()='Error']"}
RESULT: {}
RESULT: {"using":"xpath","value":"//span[text()='Error']"}
RESULT: undefined
COMMAND: POST /session/90692fb9de96379983d6b56b728182f7/element - {"using":"xpath","value":"//*[@id=\"__tile120\"]"}
RESULT: {"using":"xpath","value":"//*[@id=\"__tile120\"]"}
COMMAND: POST /session/90692fb9de96379983d6b56b728182f7/element/f.83867136431DBA8EE58576C3661977DE.d.7827F87A81F6A2C5D45D95AAD05B647D.e.4999/click - {}
RESULT: undefined
COMMAND: POST /session/90692fb9de96379983d6b56b728182f7/element - {"using":"xpath","value":"//*[@id=\"__tile120\"]"}
RESULT: {"using":"xpath","value":"//*[@id=\"__tile120\"]"}
COMMAND: POST /session/90692fb9de96379983d6b56b728182f7/element/f.83867136431DBA8EE58576C3661977DE.d.7827F87A81F6A2C5D45D95AAD05B647D.e.4999/click - {}
RESULT: undefined
COMMAND: POST /session/90692fb9de96379983d6b56b728182f7/execute/async - {"script":"<script> [6424 bytes]","args":[{"element-6066-11e4-a52e-4f735466cecf":"f.83867136431DBA8EE58576C3661977DE.d.7827F87A81F6A2C5D45D95AAD05B647D.e.285"},"getTitle",[]]}
COMMAND: POST /session/90692fb9de96379983d6b56b728182f7/execute/async - {"script":"<script> [1562 bytes]","args":[{"selector":{"id":"shellAppTitle"},"wdio_ui5_key":"shellAppTitle"}]}
RESULT: {"script":"<script> [1562 bytes]","args":[{"selector":{"id":"shellAppTitle"},"wdio_ui5_key":"shellAppTitle"}]}
COMMAND: POST /session/90692fb9de96379983d6b56b728182f7/execute/async - {"script":"<script> [6424 bytes]","args":[{"element-6066-11e4-a52e-4f735466cecf":"f.83867136431DBA8EE58576C3661977DE.d.7827F87A81F6A2C5D45D95AAD05B647D.e.5085"},"getTitle",[]]}
RESULT: {"script":"<script> [6424 bytes]","args":[{"element-6066-11e4-a52e-4f735466cecf":"f.83867136431DBA8EE58576C3661977DE.d.7827F87A81F6A2C5D45D95AAD05B647D.e.5085"},"getTitle",[]]}
RESULT: undefined
COMMAND: POST /session/90692fb9de96379983d6b56b728182f7/element/f.83867136431DBA8EE58576C3661977DE.d.7827F87A81F6A2C5D45D95AAD05B647D.e.4997/click - {}
RESULT: {}
COMMAND: GET /session/90692fb9de96379983d6b56b728182f7/screenshot - {}
RESULT: {}
]]></system-out>
    </testcase>
    <testcase classname="chrome.137_0_7151_69.windows.Sanity_Tests_US104253" name="Should open User Maintenance page" time="38.287">
      <system-out><![CDATA[
COMMAND: POST /session/90692fb9de96379983d6b56b728182f7/execute/async - {"script":"<script> [1562 bytes]","args":[{"selector":{"controlType":"sap.m.GenericTile","properties":{"header":"User Maintenance"}},"wdio_ui5_key":"sapm.GenericTile{\"header\":\"User Maintenance\"}"}]}
RESULT: {"script":"<script> [1562 bytes]","args":[{"selector":{"controlType":"sap.m.GenericTile","properties":{"header":"User Maintenance"}},"wdio_ui5_key":"sapm.GenericTile{\"header\":\"User Maintenance\"}"}]}
RESULT: undefined
COMMAND: POST /session/90692fb9de96379983d6b56b728182f7/element - {"using":"xpath","value":"//*[@id=\"__tile123\"]"}
RESULT: {"using":"xpath","value":"//*[@id=\"__tile123\"]"}
COMMAND: POST /session/90692fb9de96379983d6b56b728182f7/element/f.83867136431DBA8EE58576C3661977DE.d.7827F87A81F6A2C5D45D95AAD05B647D.e.5087/click - {}
RESULT: {}
COMMAND: GET /session/90692fb9de96379983d6b56b728182f7/screenshot - {}
RESULT: {}
COMMAND: POST /session/90692fb9de96379983d6b56b728182f7/elements - {"using":"xpath","value":"//span[text()='Error']"}
RESULT: {"using":"xpath","value":"//span[text()='Error']"}
RESULT: undefined
COMMAND: POST /session/90692fb9de96379983d6b56b728182f7/element - {"using":"xpath","value":"//*[@id=\"__tile123\"]"}
RESULT: {"using":"xpath","value":"//*[@id=\"__tile123\"]"}
COMMAND: POST /session/90692fb9de96379983d6b56b728182f7/element/f.83867136431DBA8EE58576C3661977DE.d.7827F87A81F6A2C5D45D95AAD05B647D.e.5087/click - {}
RESULT: undefined
COMMAND: POST /session/90692fb9de96379983d6b56b728182f7/element - {"using":"xpath","value":"//*[@id=\"__tile123\"]"}
RESULT: {"using":"xpath","value":"//*[@id=\"__tile123\"]"}
COMMAND: POST /session/90692fb9de96379983d6b56b728182f7/element/f.83867136431DBA8EE58576C3661977DE.d.7827F87A81F6A2C5D45D95AAD05B647D.e.5087/click - {}
RESULT: undefined
COMMAND: POST /session/90692fb9de96379983d6b56b728182f7/execute/async - {"script":"<script> [6424 bytes]","args":[{"element-6066-11e4-a52e-4f735466cecf":"f.83867136431DBA8EE58576C3661977DE.d.7827F87A81F6A2C5D45D95AAD05B647D.e.285"},"getTitle",[]]}
COMMAND: POST /session/90692fb9de96379983d6b56b728182f7/execute/async - {"script":"<script> [1562 bytes]","args":[{"selector":{"id":"shellAppTitle"},"wdio_ui5_key":"shellAppTitle"}]}
RESULT: {"script":"<script> [1562 bytes]","args":[{"selector":{"id":"shellAppTitle"},"wdio_ui5_key":"shellAppTitle"}]}
COMMAND: POST /session/90692fb9de96379983d6b56b728182f7/execute/async - {"script":"<script> [6424 bytes]","args":[{"element-6066-11e4-a52e-4f735466cecf":"f.83867136431DBA8EE58576C3661977DE.d.7827F87A81F6A2C5D45D95AAD05B647D.e.5180"},"getTitle",[]]}
RESULT: {"script":"<script> [6424 bytes]","args":[{"element-6066-11e4-a52e-4f735466cecf":"f.83867136431DBA8EE58576C3661977DE.d.7827F87A81F6A2C5D45D95AAD05B647D.e.5180"},"getTitle",[]]}
RESULT: undefined
COMMAND: POST /session/90692fb9de96379983d6b56b728182f7/element/f.83867136431DBA8EE58576C3661977DE.d.7827F87A81F6A2C5D45D95AAD05B647D.e.4997/click - {}
COMMAND: POST /session/90692fb9de96379983d6b56b728182f7/element - {"using":"xpath","value":"//*[@id=\"backBtn\"]"}
RESULT: {"using":"xpath","value":"//*[@id=\"backBtn\"]"}
COMMAND: POST /session/90692fb9de96379983d6b56b728182f7/element/f.83867136431DBA8EE58576C3661977DE.d.7827F87A81F6A2C5D45D95AAD05B647D.e.4997/click - {}
COMMAND: POST /session/90692fb9de96379983d6b56b728182f7/element - {"using":"xpath","value":"//*[@id=\"backBtn\"]"}
RESULT: {"using":"xpath","value":"//*[@id=\"backBtn\"]"}
COMMAND: POST /session/90692fb9de96379983d6b56b728182f7/element/f.83867136431DBA8EE58576C3661977DE.d.7827F87A81F6A2C5D45D95AAD05B647D.e.5181/click - {}
RESULT: {}
COMMAND: GET /session/90692fb9de96379983d6b56b728182f7/screenshot - {}
RESULT: {}
]]></system-out>
    </testcase>
    <testcase classname="chrome.137_0_7151_69.windows.Sanity_Tests_US104253" name="Should open Schedule Jobs page" time="36.038">
      <system-out><![CDATA[
COMMAND: POST /session/90692fb9de96379983d6b56b728182f7/execute/async - {"script":"<script> [1562 bytes]","args":[{"selector":{"controlType":"sap.m.GenericTile","properties":{"header":"Schedule Jobs"}},"wdio_ui5_key":"sapm.GenericTile{\"header\":\"Schedule Jobs\"}"}]}
RESULT: {"script":"<script> [1562 bytes]","args":[{"selector":{"controlType":"sap.m.GenericTile","properties":{"header":"Schedule Jobs"}},"wdio_ui5_key":"sapm.GenericTile{\"header\":\"Schedule Jobs\"}"}]}
RESULT: undefined
COMMAND: POST /session/90692fb9de96379983d6b56b728182f7/element - {"using":"xpath","value":"//*[@id=\"__tile129\"]"}
RESULT: {"using":"xpath","value":"//*[@id=\"__tile129\"]"}
COMMAND: POST /session/90692fb9de96379983d6b56b728182f7/element/f.83867136431DBA8EE58576C3661977DE.d.7827F87A81F6A2C5D45D95AAD05B647D.e.5185/click - {}
RESULT: {}
COMMAND: GET /session/90692fb9de96379983d6b56b728182f7/screenshot - {}
RESULT: {}
COMMAND: POST /session/90692fb9de96379983d6b56b728182f7/elements - {"using":"xpath","value":"//span[text()='Error']"}
RESULT: {"using":"xpath","value":"//span[text()='Error']"}
RESULT: undefined
COMMAND: POST /session/90692fb9de96379983d6b56b728182f7/element - {"using":"xpath","value":"//*[@id=\"__tile129\"]"}
RESULT: {"using":"xpath","value":"//*[@id=\"__tile129\"]"}
COMMAND: POST /session/90692fb9de96379983d6b56b728182f7/element/f.83867136431DBA8EE58576C3661977DE.d.7827F87A81F6A2C5D45D95AAD05B647D.e.5185/click - {}
RESULT: undefined
COMMAND: POST /session/90692fb9de96379983d6b56b728182f7/element - {"using":"xpath","value":"//*[@id=\"__tile129\"]"}
RESULT: {"using":"xpath","value":"//*[@id=\"__tile129\"]"}
COMMAND: POST /session/90692fb9de96379983d6b56b728182f7/element/f.83867136431DBA8EE58576C3661977DE.d.7827F87A81F6A2C5D45D95AAD05B647D.e.5185/click - {}
RESULT: undefined
COMMAND: POST /session/90692fb9de96379983d6b56b728182f7/execute/async - {"script":"<script> [6424 bytes]","args":[{"element-6066-11e4-a52e-4f735466cecf":"f.83867136431DBA8EE58576C3661977DE.d.7827F87A81F6A2C5D45D95AAD05B647D.e.285"},"getTitle",[]]}
COMMAND: POST /session/90692fb9de96379983d6b56b728182f7/execute/async - {"script":"<script> [1562 bytes]","args":[{"selector":{"id":"shellAppTitle"},"wdio_ui5_key":"shellAppTitle"}]}
RESULT: {"script":"<script> [1562 bytes]","args":[{"selector":{"id":"shellAppTitle"},"wdio_ui5_key":"shellAppTitle"}]}
COMMAND: POST /session/90692fb9de96379983d6b56b728182f7/execute/async - {"script":"<script> [6424 bytes]","args":[{"element-6066-11e4-a52e-4f735466cecf":"f.83867136431DBA8EE58576C3661977DE.d.7827F87A81F6A2C5D45D95AAD05B647D.e.5254"},"getTitle",[]]}
RESULT: {"script":"<script> [6424 bytes]","args":[{"element-6066-11e4-a52e-4f735466cecf":"f.83867136431DBA8EE58576C3661977DE.d.7827F87A81F6A2C5D45D95AAD05B647D.e.5254"},"getTitle",[]]}
RESULT: undefined
COMMAND: POST /session/90692fb9de96379983d6b56b728182f7/element/f.83867136431DBA8EE58576C3661977DE.d.7827F87A81F6A2C5D45D95AAD05B647D.e.5181/click - {}
COMMAND: POST /session/90692fb9de96379983d6b56b728182f7/element/f.83867136431DBA8EE58576C3661977DE.d.7827F87A81F6A2C5D45D95AAD05B647D.e.5181/click - {}
RESULT: {}
COMMAND: GET /session/90692fb9de96379983d6b56b728182f7/screenshot - {}
COMMAND: POST /session/90692fb9de96379983d6b56b728182f7/element - {"using":"xpath","value":"//*[@id=\"backBtn\"]"}
RESULT: {}
RESULT: {"using":"xpath","value":"//*[@id=\"backBtn\"]"}
COMMAND: POST /session/90692fb9de96379983d6b56b728182f7/elements - {"using":"xpath","value":"//*[@id=\"backBtn\"]"}
RESULT: {"using":"xpath","value":"//*[@id=\"backBtn\"]"}
COMMAND: POST /session/90692fb9de96379983d6b56b728182f7/elements - {"using":"xpath","value":"//*[@id=\"backBtn\"]"}
RESULT: {"using":"xpath","value":"//*[@id=\"backBtn\"]"}
COMMAND: POST /session/90692fb9de96379983d6b56b728182f7/elements - {"using":"xpath","value":"//*[@id=\"backBtn\"]"}
RESULT: {"using":"xpath","value":"//*[@id=\"backBtn\"]"}
COMMAND: POST /session/90692fb9de96379983d6b56b728182f7/elements - {"using":"xpath","value":"//*[@id=\"backBtn\"]"}
RESULT: {"using":"xpath","value":"//*[@id=\"backBtn\"]"}
COMMAND: POST /session/90692fb9de96379983d6b56b728182f7/elements - {"using":"xpath","value":"//*[@id=\"backBtn\"]"}
RESULT: {"using":"xpath","value":"//*[@id=\"backBtn\"]"}
COMMAND: POST /session/90692fb9de96379983d6b56b728182f7/elements - {"using":"xpath","value":"//*[@id=\"backBtn\"]"}
RESULT: {"using":"xpath","value":"//*[@id=\"backBtn\"]"}
COMMAND: POST /session/90692fb9de96379983d6b56b728182f7/elements - {"using":"xpath","value":"//*[@id=\"backBtn\"]"}
RESULT: {"using":"xpath","value":"//*[@id=\"backBtn\"]"}
COMMAND: POST /session/90692fb9de96379983d6b56b728182f7/elements - {"using":"xpath","value":"//*[@id=\"backBtn\"]"}
RESULT: {"using":"xpath","value":"//*[@id=\"backBtn\"]"}
COMMAND: POST /session/90692fb9de96379983d6b56b728182f7/elements - {"using":"xpath","value":"//*[@id=\"backBtn\"]"}
RESULT: {"using":"xpath","value":"//*[@id=\"backBtn\"]"}
COMMAND: POST /session/90692fb9de96379983d6b56b728182f7/elements - {"using":"xpath","value":"//*[@id=\"backBtn\"]"}
RESULT: {"using":"xpath","value":"//*[@id=\"backBtn\"]"}
COMMAND: POST /session/90692fb9de96379983d6b56b728182f7/elements - {"using":"xpath","value":"//*[@id=\"backBtn\"]"}
RESULT: {"using":"xpath","value":"//*[@id=\"backBtn\"]"}
COMMAND: POST /session/90692fb9de96379983d6b56b728182f7/elements - {"using":"xpath","value":"//*[@id=\"backBtn\"]"}
RESULT: {"using":"xpath","value":"//*[@id=\"backBtn\"]"}
COMMAND: POST /session/90692fb9de96379983d6b56b728182f7/elements - {"using":"xpath","value":"//*[@id=\"backBtn\"]"}
RESULT: {"using":"xpath","value":"//*[@id=\"backBtn\"]"}
COMMAND: POST /session/90692fb9de96379983d6b56b728182f7/elements - {"using":"xpath","value":"//*[@id=\"backBtn\"]"}
RESULT: {"using":"xpath","value":"//*[@id=\"backBtn\"]"}
COMMAND: POST /session/90692fb9de96379983d6b56b728182f7/elements - {"using":"xpath","value":"//*[@id=\"backBtn\"]"}
RESULT: {"using":"xpath","value":"//*[@id=\"backBtn\"]"}
]]></system-out>
    </testcase>
    <testcase classname="chrome.137_0_7151_69.windows.Sanity_Tests_US104253" name="Should open Jobs Setup page" time="36.887">
      <system-out><![CDATA[
COMMAND: POST /session/90692fb9de96379983d6b56b728182f7/execute/async - {"script":"<script> [1562 bytes]","args":[{"selector":{"controlType":"sap.m.GenericTile","properties":{"header":"Jobs Setup"}},"wdio_ui5_key":"sapm.GenericTile{\"header\":\"Jobs Setup\"}"}]}
COMMAND: POST /session/90692fb9de96379983d6b56b728182f7/elements - {"using":"xpath","value":"//*[@id=\"backBtn\"]"}
RESULT: {"script":"<script> [1562 bytes]","args":[{"selector":{"controlType":"sap.m.GenericTile","properties":{"header":"Jobs Setup"}},"wdio_ui5_key":"sapm.GenericTile{\"header\":\"Jobs Setup\"}"}]}
RESULT: undefined
COMMAND: POST /session/90692fb9de96379983d6b56b728182f7/element - {"using":"xpath","value":"//*[@id=\"__tile130\"]"}
RESULT: {"using":"xpath","value":"//*[@id=\"backBtn\"]"}
RESULT: {"using":"xpath","value":"//*[@id=\"__tile130\"]"}
COMMAND: POST /session/90692fb9de96379983d6b56b728182f7/element/f.83867136431DBA8EE58576C3661977DE.d.7827F87A81F6A2C5D45D95AAD05B647D.e.5256/click - {}
RESULT: {}
COMMAND: GET /session/90692fb9de96379983d6b56b728182f7/screenshot - {}
COMMAND: POST /session/90692fb9de96379983d6b56b728182f7/elements - {"using":"xpath","value":"//*[@id=\"backBtn\"]"}
RESULT: {}
RESULT: {"using":"xpath","value":"//*[@id=\"backBtn\"]"}
COMMAND: POST /session/90692fb9de96379983d6b56b728182f7/elements - {"using":"xpath","value":"//*[@id=\"backBtn\"]"}
RESULT: {"using":"xpath","value":"//*[@id=\"backBtn\"]"}
COMMAND: POST /session/90692fb9de96379983d6b56b728182f7/element - {"using":"xpath","value":"//*[@id=\"backBtn\"]"}
RESULT: {"using":"xpath","value":"//*[@id=\"backBtn\"]"}
COMMAND: POST /session/90692fb9de96379983d6b56b728182f7/element/f.83867136431DBA8EE58576C3661977DE.d.7827F87A81F6A2C5D45D95AAD05B647D.e.5181/click - {}
COMMAND: POST /session/90692fb9de96379983d6b56b728182f7/element - {"using":"xpath","value":"//*[@id=\"backBtn\"]"}
RESULT: {"using":"xpath","value":"//*[@id=\"backBtn\"]"}
COMMAND: POST /session/90692fb9de96379983d6b56b728182f7/element/f.83867136431DBA8EE58576C3661977DE.d.7827F87A81F6A2C5D45D95AAD05B647D.e.5450/click - {}
RESULT: {}
COMMAND: GET /session/90692fb9de96379983d6b56b728182f7/screenshot - {}
RESULT: {}
COMMAND: POST /session/90692fb9de96379983d6b56b728182f7/elements - {"using":"xpath","value":"//span[text()='Error']"}
RESULT: {"using":"xpath","value":"//span[text()='Error']"}
RESULT: undefined
COMMAND: POST /session/90692fb9de96379983d6b56b728182f7/element - {"using":"xpath","value":"//*[@id=\"__tile130\"]"}
RESULT: {"using":"xpath","value":"//*[@id=\"__tile130\"]"}
COMMAND: POST /session/90692fb9de96379983d6b56b728182f7/element/f.83867136431DBA8EE58576C3661977DE.d.7827F87A81F6A2C5D45D95AAD05B647D.e.5256/click - {}
RESULT: undefined
COMMAND: POST /session/90692fb9de96379983d6b56b728182f7/element - {"using":"xpath","value":"//*[@id=\"__tile130\"]"}
RESULT: {"using":"xpath","value":"//*[@id=\"__tile130\"]"}
COMMAND: POST /session/90692fb9de96379983d6b56b728182f7/element/f.83867136431DBA8EE58576C3661977DE.d.7827F87A81F6A2C5D45D95AAD05B647D.e.5256/click - {}
RESULT: undefined
COMMAND: POST /session/90692fb9de96379983d6b56b728182f7/execute/async - {"script":"<script> [6424 bytes]","args":[{"element-6066-11e4-a52e-4f735466cecf":"f.83867136431DBA8EE58576C3661977DE.d.7827F87A81F6A2C5D45D95AAD05B647D.e.285"},"getTitle",[]]}
COMMAND: POST /session/90692fb9de96379983d6b56b728182f7/execute/async - {"script":"<script> [1562 bytes]","args":[{"selector":{"id":"shellAppTitle"},"wdio_ui5_key":"shellAppTitle"}]}
RESULT: {"script":"<script> [1562 bytes]","args":[{"selector":{"id":"shellAppTitle"},"wdio_ui5_key":"shellAppTitle"}]}
COMMAND: POST /session/90692fb9de96379983d6b56b728182f7/execute/async - {"script":"<script> [6424 bytes]","args":[{"element-6066-11e4-a52e-4f735466cecf":"f.83867136431DBA8EE58576C3661977DE.d.7827F87A81F6A2C5D45D95AAD05B647D.e.5451"},"getTitle",[]]}
RESULT: {"script":"<script> [6424 bytes]","args":[{"element-6066-11e4-a52e-4f735466cecf":"f.83867136431DBA8EE58576C3661977DE.d.7827F87A81F6A2C5D45D95AAD05B647D.e.5451"},"getTitle",[]]}
RESULT: undefined
COMMAND: POST /session/90692fb9de96379983d6b56b728182f7/element/f.83867136431DBA8EE58576C3661977DE.d.7827F87A81F6A2C5D45D95AAD05B647D.e.5450/click - {}
COMMAND: POST /session/90692fb9de96379983d6b56b728182f7/element/f.83867136431DBA8EE58576C3661977DE.d.7827F87A81F6A2C5D45D95AAD05B647D.e.5450/click - {}
RESULT: {}
COMMAND: GET /session/90692fb9de96379983d6b56b728182f7/screenshot - {}
RESULT: {}
COMMAND: GET /session/90692fb9de96379983d6b56b728182f7/screenshot - {}
RESULT: {}
RESULT: {}
]]></system-out>
    </testcase>
    <testcase classname="chrome.137_0_7151_69.windows.Sanity_Tests_US104253" name="Should open Target Systems Configuration page" time="35.949">
      <system-out><![CDATA[
COMMAND: POST /session/90692fb9de96379983d6b56b728182f7/execute/async - {"script":"<script> [1562 bytes]","args":[{"selector":{"controlType":"sap.m.GenericTile","properties":{"header":"Target Systems Configuration"}},"wdio_ui5_key":"sapm.GenericTile{\"header\":\"Target Systems Configuration\"}"}]}
RESULT: {"script":"<script> [1562 bytes]","args":[{"selector":{"controlType":"sap.m.GenericTile","properties":{"header":"Target Systems Configuration"}},"wdio_ui5_key":"sapm.GenericTile{\"header\":\"Target Systems Configuration\"}"}]}
RESULT: undefined
COMMAND: POST /session/90692fb9de96379983d6b56b728182f7/element - {"using":"xpath","value":"//*[@id=\"__tile131\"]"}
RESULT: {"using":"xpath","value":"//*[@id=\"__tile131\"]"}
COMMAND: POST /session/90692fb9de96379983d6b56b728182f7/element/f.83867136431DBA8EE58576C3661977DE.d.7827F87A81F6A2C5D45D95AAD05B647D.e.5453/click - {}
RESULT: {}
COMMAND: GET /session/90692fb9de96379983d6b56b728182f7/screenshot - {}
RESULT: {}
COMMAND: POST /session/90692fb9de96379983d6b56b728182f7/elements - {"using":"xpath","value":"//span[text()='Error']"}
RESULT: {"using":"xpath","value":"//span[text()='Error']"}
RESULT: undefined
COMMAND: POST /session/90692fb9de96379983d6b56b728182f7/element - {"using":"xpath","value":"//*[@id=\"__tile131\"]"}
RESULT: {"using":"xpath","value":"//*[@id=\"__tile131\"]"}
COMMAND: POST /session/90692fb9de96379983d6b56b728182f7/element/f.83867136431DBA8EE58576C3661977DE.d.7827F87A81F6A2C5D45D95AAD05B647D.e.5453/click - {}
RESULT: undefined
COMMAND: POST /session/90692fb9de96379983d6b56b728182f7/element - {"using":"xpath","value":"//*[@id=\"__tile131\"]"}
RESULT: {"using":"xpath","value":"//*[@id=\"__tile131\"]"}
COMMAND: POST /session/90692fb9de96379983d6b56b728182f7/element/f.83867136431DBA8EE58576C3661977DE.d.7827F87A81F6A2C5D45D95AAD05B647D.e.5453/click - {}
RESULT: undefined
COMMAND: POST /session/90692fb9de96379983d6b56b728182f7/execute/async - {"script":"<script> [6424 bytes]","args":[{"element-6066-11e4-a52e-4f735466cecf":"f.83867136431DBA8EE58576C3661977DE.d.7827F87A81F6A2C5D45D95AAD05B647D.e.285"},"getTitle",[]]}
COMMAND: POST /session/90692fb9de96379983d6b56b728182f7/execute/async - {"script":"<script> [1562 bytes]","args":[{"selector":{"id":"shellAppTitle"},"wdio_ui5_key":"shellAppTitle"}]}
RESULT: {"script":"<script> [1562 bytes]","args":[{"selector":{"id":"shellAppTitle"},"wdio_ui5_key":"shellAppTitle"}]}
COMMAND: POST /session/90692fb9de96379983d6b56b728182f7/execute/async - {"script":"<script> [6424 bytes]","args":[{"element-6066-11e4-a52e-4f735466cecf":"f.83867136431DBA8EE58576C3661977DE.d.7827F87A81F6A2C5D45D95AAD05B647D.e.5505"},"getTitle",[]]}
RESULT: {"script":"<script> [6424 bytes]","args":[{"element-6066-11e4-a52e-4f735466cecf":"f.83867136431DBA8EE58576C3661977DE.d.7827F87A81F6A2C5D45D95AAD05B647D.e.5505"},"getTitle",[]]}
RESULT: undefined
COMMAND: POST /session/90692fb9de96379983d6b56b728182f7/element/f.83867136431DBA8EE58576C3661977DE.d.7827F87A81F6A2C5D45D95AAD05B647D.e.5450/click - {}
COMMAND: POST /session/90692fb9de96379983d6b56b728182f7/element/f.83867136431DBA8EE58576C3661977DE.d.7827F87A81F6A2C5D45D95AAD05B647D.e.5450/click - {}
RESULT: {}
COMMAND: GET /session/90692fb9de96379983d6b56b728182f7/screenshot - {}
COMMAND: POST /session/90692fb9de96379983d6b56b728182f7/element - {"using":"xpath","value":"//*[@id=\"backBtn\"]"}
RESULT: {}
RESULT: {"using":"xpath","value":"//*[@id=\"backBtn\"]"}
COMMAND: POST /session/90692fb9de96379983d6b56b728182f7/elements - {"using":"xpath","value":"//*[@id=\"backBtn\"]"}
RESULT: {"using":"xpath","value":"//*[@id=\"backBtn\"]"}
COMMAND: POST /session/90692fb9de96379983d6b56b728182f7/elements - {"using":"xpath","value":"//*[@id=\"backBtn\"]"}
RESULT: {"using":"xpath","value":"//*[@id=\"backBtn\"]"}
COMMAND: POST /session/90692fb9de96379983d6b56b728182f7/elements - {"using":"xpath","value":"//*[@id=\"backBtn\"]"}
RESULT: {"using":"xpath","value":"//*[@id=\"backBtn\"]"}
COMMAND: POST /session/90692fb9de96379983d6b56b728182f7/elements - {"using":"xpath","value":"//*[@id=\"backBtn\"]"}
RESULT: {"using":"xpath","value":"//*[@id=\"backBtn\"]"}
COMMAND: POST /session/90692fb9de96379983d6b56b728182f7/elements - {"using":"xpath","value":"//*[@id=\"backBtn\"]"}
RESULT: {"using":"xpath","value":"//*[@id=\"backBtn\"]"}
COMMAND: POST /session/90692fb9de96379983d6b56b728182f7/elements - {"using":"xpath","value":"//*[@id=\"backBtn\"]"}
RESULT: {"using":"xpath","value":"//*[@id=\"backBtn\"]"}
COMMAND: POST /session/90692fb9de96379983d6b56b728182f7/elements - {"using":"xpath","value":"//*[@id=\"backBtn\"]"}
RESULT: {"using":"xpath","value":"//*[@id=\"backBtn\"]"}
COMMAND: POST /session/90692fb9de96379983d6b56b728182f7/elements - {"using":"xpath","value":"//*[@id=\"backBtn\"]"}
RESULT: {"using":"xpath","value":"//*[@id=\"backBtn\"]"}
COMMAND: POST /session/90692fb9de96379983d6b56b728182f7/elements - {"using":"xpath","value":"//*[@id=\"backBtn\"]"}
RESULT: {"using":"xpath","value":"//*[@id=\"backBtn\"]"}
COMMAND: POST /session/90692fb9de96379983d6b56b728182f7/elements - {"using":"xpath","value":"//*[@id=\"backBtn\"]"}
RESULT: {"using":"xpath","value":"//*[@id=\"backBtn\"]"}
COMMAND: POST /session/90692fb9de96379983d6b56b728182f7/elements - {"using":"xpath","value":"//*[@id=\"backBtn\"]"}
RESULT: {"using":"xpath","value":"//*[@id=\"backBtn\"]"}
COMMAND: POST /session/90692fb9de96379983d6b56b728182f7/elements - {"using":"xpath","value":"//*[@id=\"backBtn\"]"}
RESULT: {"using":"xpath","value":"//*[@id=\"backBtn\"]"}
COMMAND: POST /session/90692fb9de96379983d6b56b728182f7/elements - {"using":"xpath","value":"//*[@id=\"backBtn\"]"}
RESULT: {"using":"xpath","value":"//*[@id=\"backBtn\"]"}
COMMAND: POST /session/90692fb9de96379983d6b56b728182f7/elements - {"using":"xpath","value":"//*[@id=\"backBtn\"]"}
RESULT: {"using":"xpath","value":"//*[@id=\"backBtn\"]"}
COMMAND: POST /session/90692fb9de96379983d6b56b728182f7/elements - {"using":"xpath","value":"//*[@id=\"backBtn\"]"}
RESULT: {"using":"xpath","value":"//*[@id=\"backBtn\"]"}
COMMAND: POST /session/90692fb9de96379983d6b56b728182f7/elements - {"using":"xpath","value":"//*[@id=\"backBtn\"]"}
RESULT: {"using":"xpath","value":"//*[@id=\"backBtn\"]"}
COMMAND: POST /session/90692fb9de96379983d6b56b728182f7/elements - {"using":"xpath","value":"//*[@id=\"backBtn\"]"}
RESULT: {"using":"xpath","value":"//*[@id=\"backBtn\"]"}
COMMAND: POST /session/90692fb9de96379983d6b56b728182f7/elements - {"using":"xpath","value":"//*[@id=\"backBtn\"]"}
RESULT: {"using":"xpath","value":"//*[@id=\"backBtn\"]"}
COMMAND: POST /session/90692fb9de96379983d6b56b728182f7/elements - {"using":"xpath","value":"//*[@id=\"backBtn\"]"}
RESULT: {"using":"xpath","value":"//*[@id=\"backBtn\"]"}
COMMAND: POST /session/90692fb9de96379983d6b56b728182f7/elements - {"using":"xpath","value":"//*[@id=\"backBtn\"]"}
RESULT: {"using":"xpath","value":"//*[@id=\"backBtn\"]"}
COMMAND: POST /session/90692fb9de96379983d6b56b728182f7/elements - {"using":"xpath","value":"//*[@id=\"backBtn\"]"}
RESULT: {"using":"xpath","value":"//*[@id=\"backBtn\"]"}
COMMAND: POST /session/90692fb9de96379983d6b56b728182f7/elements - {"using":"xpath","value":"//*[@id=\"backBtn\"]"}
RESULT: {"using":"xpath","value":"//*[@id=\"backBtn\"]"}
COMMAND: POST /session/90692fb9de96379983d6b56b728182f7/elements - {"using":"xpath","value":"//*[@id=\"backBtn\"]"}
RESULT: {"using":"xpath","value":"//*[@id=\"backBtn\"]"}
COMMAND: POST /session/90692fb9de96379983d6b56b728182f7/elements - {"using":"xpath","value":"//*[@id=\"backBtn\"]"}
RESULT: {"using":"xpath","value":"//*[@id=\"backBtn\"]"}
COMMAND: POST /session/90692fb9de96379983d6b56b728182f7/elements - {"using":"xpath","value":"//*[@id=\"backBtn\"]"}
RESULT: {"using":"xpath","value":"//*[@id=\"backBtn\"]"}
COMMAND: POST /session/90692fb9de96379983d6b56b728182f7/elements - {"using":"xpath","value":"//*[@id=\"backBtn\"]"}
RESULT: {"using":"xpath","value":"//*[@id=\"backBtn\"]"}
COMMAND: POST /session/90692fb9de96379983d6b56b728182f7/elements - {"using":"xpath","value":"//*[@id=\"backBtn\"]"}
RESULT: {"using":"xpath","value":"//*[@id=\"backBtn\"]"}
COMMAND: POST /session/90692fb9de96379983d6b56b728182f7/elements - {"using":"xpath","value":"//*[@id=\"backBtn\"]"}
RESULT: {"using":"xpath","value":"//*[@id=\"backBtn\"]"}
COMMAND: POST /session/90692fb9de96379983d6b56b728182f7/elements - {"using":"xpath","value":"//*[@id=\"backBtn\"]"}
RESULT: {"using":"xpath","value":"//*[@id=\"backBtn\"]"}
COMMAND: POST /session/90692fb9de96379983d6b56b728182f7/elements - {"using":"xpath","value":"//*[@id=\"backBtn\"]"}
RESULT: {"using":"xpath","value":"//*[@id=\"backBtn\"]"}
COMMAND: POST /session/90692fb9de96379983d6b56b728182f7/elements - {"using":"xpath","value":"//*[@id=\"backBtn\"]"}
RESULT: {"using":"xpath","value":"//*[@id=\"backBtn\"]"}
COMMAND: POST /session/90692fb9de96379983d6b56b728182f7/elements - {"using":"xpath","value":"//*[@id=\"backBtn\"]"}
RESULT: {"using":"xpath","value":"//*[@id=\"backBtn\"]"}
COMMAND: POST /session/90692fb9de96379983d6b56b728182f7/elements - {"using":"xpath","value":"//*[@id=\"backBtn\"]"}
RESULT: {"using":"xpath","value":"//*[@id=\"backBtn\"]"}
COMMAND: POST /session/90692fb9de96379983d6b56b728182f7/elements - {"using":"xpath","value":"//*[@id=\"backBtn\"]"}
RESULT: {"using":"xpath","value":"//*[@id=\"backBtn\"]"}
COMMAND: POST /session/90692fb9de96379983d6b56b728182f7/elements - {"using":"xpath","value":"//*[@id=\"backBtn\"]"}
RESULT: {"using":"xpath","value":"//*[@id=\"backBtn\"]"}
COMMAND: POST /session/90692fb9de96379983d6b56b728182f7/elements - {"using":"xpath","value":"//*[@id=\"backBtn\"]"}
RESULT: {"using":"xpath","value":"//*[@id=\"backBtn\"]"}
COMMAND: POST /session/90692fb9de96379983d6b56b728182f7/elements - {"using":"xpath","value":"//*[@id=\"backBtn\"]"}
RESULT: {"using":"xpath","value":"//*[@id=\"backBtn\"]"}
COMMAND: POST /session/90692fb9de96379983d6b56b728182f7/elements - {"using":"xpath","value":"//*[@id=\"backBtn\"]"}
RESULT: {"using":"xpath","value":"//*[@id=\"backBtn\"]"}
COMMAND: POST /session/90692fb9de96379983d6b56b728182f7/elements - {"using":"xpath","value":"//*[@id=\"backBtn\"]"}
RESULT: {"using":"xpath","value":"//*[@id=\"backBtn\"]"}
COMMAND: DELETE /session/90692fb9de96379983d6b56b728182f7 - {}
COMMAND: POST /session/90692fb9de96379983d6b56b728182f7/elements - {"using":"xpath","value":"//*[@id=\"backBtn\"]"}
RESULT: {}
]]></system-out>
    </testcase>
  </testsuite>
</testsuites>