<?xml version="1.0" encoding="UTF-8"?>
<testsuites tests="51" failures="38" errors="38" skipped="0">
  <testsuite timestamp="2025-04-27T16:26:00" time="581.906" tests="9" failures="9" errors="9" skipped="0">
    <properties>
      <property name="specId" value="0" />
      <property name="suiteName" value="Create masterdata for Yard Overview - mass return US131057" />
      <property name="capabilities" value="chrome.135_0_7049_96.windows" />
      <property name="file" value="file:///D:/a/1/s/test/specs/HTR/yard-Mass-Return.spec.js" />
    </properties>
  </testsuite>
  <testsuite timestamp="2025-04-27T16:35:42" time="398.592" tests="9" failures="7" errors="7" skipped="0">
    <properties>
      <property name="specId" value="0" />
      <property name="suiteName" value="Create masterdata for Yard Overview - trigger provide US130988" />
      <property name="capabilities" value="chrome.135_0_7049_96.windows" />
      <property name="file" value="file:///D:/a/1/s/test/specs/HTR/stock-decrease.spec.js" />
    </properties>
    <testcase classname="chrome.135_0_7049_96.windows.Create_masterdata_for_Yard_Overview_-_trigger_provide_US130988" name="create a whm for yard" time="45.544">
      <system-out><![CDATA[
COMMAND: GET /session/991ae7458a2fe82266d4f38354923d31/screenshot - {}
COMMAND: POST /session/991ae7458a2fe82266d4f38354923d31/element - {"using":"css selector","value":"#shell-header-icon"}
RESULT: {}
RESULT: {"using":"css selector","value":"#shell-header-icon"}
COMMAND: POST /session/991ae7458a2fe82266d4f38354923d31/execute/sync - {"script":"<script> [8489 bytes]","args":[{"element-6066-11e4-a52e-4f735466cecf":"f.E50BEB4A78466B534596A34F5FDA1F41.d.4423F3D7284D4FCE4EB62549780D357C.e.621","ELEMENT":"f.E50BEB4A78466B534596A34F5FDA1F41.d.4423F3D7284D4FCE4EB62549780D357C.e.621"}]}
RESULT: {"script":"<script> [8489 bytes]","args":[{"element-6066-11e4-a52e-4f735466cecf":"f.E50BEB4A78466B534596A34F5FDA1F41.d.4423F3D7284D4FCE4EB62549780D357C.e.621","ELEMENT":"f.E50BEB4A78466B534596A34F5FDA1F41.d.4423F3D7284D4FCE4EB62549780D357C.e.621"}]}
COMMAND: GET /session/991ae7458a2fe82266d4f38354923d31/element/f.E50BEB4A78466B534596A34F5FDA1F41.d.4423F3D7284D4FCE4EB62549780D357C.e.621/enabled - {}
COMMAND: GET /session/991ae7458a2fe82266d4f38354923d31/screenshot - {}
RESULT: {}
COMMAND: POST /session/991ae7458a2fe82266d4f38354923d31/element/f.E50BEB4A78466B534596A34F5FDA1F41.d.4423F3D7284D4FCE4EB62549780D357C.e.621/click - {}
COMMAND: GET /session/991ae7458a2fe82266d4f38354923d31/screenshot - {}
RESULT: {}
RESULT: {}
COMMAND: GET /session/991ae7458a2fe82266d4f38354923d31/screenshot - {}
RESULT: {}
RESULT: {}
COMMAND: POST /session/991ae7458a2fe82266d4f38354923d31/element - {"using":"xpath","value":"//div[text()='Warehouse']"}
RESULT: {"using":"xpath","value":"//div[text()='Warehouse']"}
COMMAND: POST /session/991ae7458a2fe82266d4f38354923d31/elements - {"using":"xpath","value":"//div[text()='Warehouse']"}
RESULT: {"using":"xpath","value":"//div[text()='Warehouse']"}
COMMAND: POST /session/991ae7458a2fe82266d4f38354923d31/element/f.E50BEB4A78466B534596A34F5FDA1F41.d.4423F3D7284D4FCE4EB62549780D357C.e.1127/click - {}
RESULT: {}
COMMAND: POST /session/991ae7458a2fe82266d4f38354923d31/element - {"using":"xpath","value":"//span[text()='Manage Warehouse Movements']"}
COMMAND: GET /session/991ae7458a2fe82266d4f38354923d31/screenshot - {}
RESULT: {"using":"xpath","value":"//span[text()='Manage Warehouse Movements']"}
COMMAND: POST /session/991ae7458a2fe82266d4f38354923d31/elements - {"using":"xpath","value":"//span[text()='Manage Warehouse Movements']"}
RESULT: {}
RESULT: {"using":"xpath","value":"//span[text()='Manage Warehouse Movements']"}
COMMAND: POST /session/991ae7458a2fe82266d4f38354923d31/element - {"using":"xpath","value":"//input[@id='application-warehousemovements-display-component---warehouseMovements--smartFilterBar-filterItemControl_BASIC-YARD-inner']"}
RESULT: {"using":"xpath","value":"//input[@id='application-warehousemovements-display-component---warehouseMovements--smartFilterBar-filterItemControl_BASIC-YARD-inner']"}
COMMAND: POST /session/991ae7458a2fe82266d4f38354923d31/element - {"using":"xpath","value":"//input[@id='application-warehousemovements-display-component---warehouseMovements--smartFilterBar-filterItemControl_BASIC-YARD-inner']"}
RESULT: {"using":"xpath","value":"//input[@id='application-warehousemovements-display-component---warehouseMovements--smartFilterBar-filterItemControl_BASIC-YARD-inner']"}
COMMAND: POST /session/991ae7458a2fe82266d4f38354923d31/actions - {"actions":[{"id":"action3","type":"key","parameters":{},"actions":[{"type":"keyDown","value":"î€‡"},{"type":"pause","duration":10},{"type":"keyUp","value":"î€‡"}]}]}
RESULT: {"actions":[{"id":"action3","type":"key","parameters":{},"actions":[{"type":"keyDown","value":"î€‡"},{"type":"pause","duration":10},{"type":"keyUp","value":"î€‡"}]}]}
COMMAND: POST /session/991ae7458a2fe82266d4f38354923d31/element - {"using":"xpath","value":"(//*[@title=\"Add New Movement\"])[1]"}
COMMAND: GET /session/991ae7458a2fe82266d4f38354923d31/screenshot - {}
RESULT: {"using":"xpath","value":"(//*[@title=\"Add New Movement\"])[1]"}
COMMAND: POST /session/991ae7458a2fe82266d4f38354923d31/element - {"using":"xpath","value":"(//*[@title=\"Add New Movement\"])[1]"}
RESULT: {}
RESULT: {"using":"xpath","value":"(//*[@title=\"Add New Movement\"])[1]"}
COMMAND: POST /session/991ae7458a2fe82266d4f38354923d31/element - {"using":"xpath","value":"//*[@id=\"application-warehousemovements-display-component---addMovement--sectionsList-arrow\"]"}
RESULT: {"using":"xpath","value":"//*[@id=\"application-warehousemovements-display-component---addMovement--sectionsList-arrow\"]"}
COMMAND: POST /session/991ae7458a2fe82266d4f38354923d31/element - {"using":"xpath","value":"//*[@id=\"application-warehousemovements-display-component---addMovement--sectionsList-arrow\"]"}
RESULT: {"using":"xpath","value":"//*[@id=\"application-warehousemovements-display-component---addMovement--sectionsList-arrow\"]"}
COMMAND: POST /session/991ae7458a2fe82266d4f38354923d31/element - {"using":"xpath","value":"//*[@id=\"application-warehousemovements-display-component---addMovement--saveMovementBtn-BDI-content\" and text()=\"Save\"]"}
RESULT: {"using":"xpath","value":"//*[@id=\"application-warehousemovements-display-component---addMovement--saveMovementBtn-BDI-content\" and text()=\"Save\"]"}
COMMAND: POST /session/991ae7458a2fe82266d4f38354923d31/element - {"using":"xpath","value":"//*[@id=\"application-warehousemovements-display-component---addMovement--saveMovementBtn-BDI-content\" and text()=\"Save\"]"}
RESULT: {"using":"xpath","value":"//*[@id=\"application-warehousemovements-display-component---addMovement--saveMovementBtn-BDI-content\" and text()=\"Save\"]"}
COMMAND: POST /session/991ae7458a2fe82266d4f38354923d31/execute/sync - {"script":"<script> [8489 bytes]","args":[{"element-6066-11e4-a52e-4f735466cecf":"f.E50BEB4A78466B534596A34F5FDA1F41.d.4423F3D7284D4FCE4EB62549780D357C.e.621","ELEMENT":"f.E50BEB4A78466B534596A34F5FDA1F41.d.4423F3D7284D4FCE4EB62549780D357C.e.621"}]}
COMMAND: POST /session/991ae7458a2fe82266d4f38354923d31/element - {"using":"css selector","value":"#shell-header-icon"}
RESULT: {"using":"css selector","value":"#shell-header-icon"}
COMMAND: POST /session/991ae7458a2fe82266d4f38354923d31/execute/sync - {"script":"<script> [8489 bytes]","args":[{"element-6066-11e4-a52e-4f735466cecf":"f.E50BEB4A78466B534596A34F5FDA1F41.d.4423F3D7284D4FCE4EB62549780D357C.e.1128","ELEMENT":"f.E50BEB4A78466B534596A34F5FDA1F41.d.4423F3D7284D4FCE4EB62549780D357C.e.1128"}]}
RESULT: {"script":"<script> [8489 bytes]","args":[{"element-6066-11e4-a52e-4f735466cecf":"f.E50BEB4A78466B534596A34F5FDA1F41.d.4423F3D7284D4FCE4EB62549780D357C.e.1128","ELEMENT":"f.E50BEB4A78466B534596A34F5FDA1F41.d.4423F3D7284D4FCE4EB62549780D357C.e.1128"}]}
COMMAND: GET /session/991ae7458a2fe82266d4f38354923d31/element/f.E50BEB4A78466B534596A34F5FDA1F41.d.4423F3D7284D4FCE4EB62549780D357C.e.1128/enabled - {}
COMMAND: GET /session/991ae7458a2fe82266d4f38354923d31/screenshot - {}
RESULT: {}
COMMAND: POST /session/991ae7458a2fe82266d4f38354923d31/element/f.E50BEB4A78466B534596A34F5FDA1F41.d.4423F3D7284D4FCE4EB62549780D357C.e.1128/click - {}
COMMAND: GET /session/991ae7458a2fe82266d4f38354923d31/screenshot - {}
RESULT: {}
RESULT: {}
COMMAND: GET /session/991ae7458a2fe82266d4f38354923d31/screenshot - {}
RESULT: {}
RESULT: {}
]]></system-out>
    </testcase>
    <testcase classname="chrome.135_0_7049_96.windows.Create_masterdata_for_Yard_Overview_-_trigger_provide_US130988" name="Set status to defect" time="24.358">
      <system-out><![CDATA[
COMMAND: POST /session/991ae7458a2fe82266d4f38354923d31/execute/async - {"script":"<script> [1562 bytes]","args":[{"selector":{"controlType":"sap.ushell.ui.launchpad.AnchorItem","bindingPath":{"path":"/groups/3","propertyPath":"index"},"interaction":{"idSuffix":"inner"}},"wdio_ui5_key":"sapushell.ui.launchpad.AnchorItem{\"path\":\"/groups/3\",\"propertyPath\":\"index\"}"}]}
COMMAND: GET /session/991ae7458a2fe82266d4f38354923d31/screenshot - {}
RESULT: {"script":"<script> [1562 bytes]","args":[{"selector":{"controlType":"sap.ushell.ui.launchpad.AnchorItem","bindingPath":{"path":"/groups/3","propertyPath":"index"},"interaction":{"idSuffix":"inner"}},"wdio_ui5_key":"sapushell.ui.launchpad.AnchorItem{\"path\":\"/groups/3\",\"propertyPath\":\"index\"}"}]}
RESULT: undefined
RESULT: {}
COMMAND: POST /session/991ae7458a2fe82266d4f38354923d31/execute/async - {"script":"<script> [1562 bytes]","args":[{"selector":{"controlType":"sap.m.GenericTile","properties":{"header":"Manage States & Performance"}},"wdio_ui5_key":"sapm.GenericTile{\"header\":\"Manage States & Performance\"}"}]}
RESULT: {"script":"<script> [1562 bytes]","args":[{"selector":{"controlType":"sap.m.GenericTile","properties":{"header":"Manage States & Performance"}},"wdio_ui5_key":"sapm.GenericTile{\"header\":\"Manage States & Performance\"}"}]}
RESULT: undefined
COMMAND: POST /session/991ae7458a2fe82266d4f38354923d31/execute/async - {"script":"<script> [1562 bytes]","args":[{"selector":{"controlType":"sap.ui.core.Icon","viewName":"etm.portal.ui.managestatesandperformance.view.Master","viewId":"application-managestatesandperformance-display-component---stateAndPerform","properties":{"src":{"regex":{"source":"inventory"}}}},"wdio_ui5_key":"etmportal.ui.managestatesandperformance.view.Mastersap.ui.core.Icon{\"src\":{\"regex\":{\"source\":\"inventory\"}}}"}]}
RESULT: {"script":"<script> [1562 bytes]","args":[{"selector":{"controlType":"sap.ui.core.Icon","viewName":"etm.portal.ui.managestatesandperformance.view.Master","viewId":"application-managestatesandperformance-display-component---stateAndPerform","properties":{"src":{"regex":{"source":"inventory"}}}},"wdio_ui5_key":"etmportal.ui.managestatesandperformance.view.Mastersap.ui.core.Icon{\"src\":{\"regex\":{\"source\":\"inventory\"}}}"}]}
RESULT: undefined
COMMAND: POST /session/991ae7458a2fe82266d4f38354923d31/execute/async - {"script":"<script> [1562 bytes]","args":[{"selector":{"id":"application-managestatesandperformance-display-component---stateAndPerform--smartFilterBarYard-btnBasicSearch","interaction":{"idSuffix":"I"}},"wdio_ui5_key":"applicationmanagestatesandperformance-display-component---stateAndPerform--smartFilterBarYard-btnBasicSearch"}]}
RESULT: {"script":"<script> [1562 bytes]","args":[{"selector":{"id":"application-managestatesandperformance-display-component---stateAndPerform--smartFilterBarYard-btnBasicSearch","interaction":{"idSuffix":"I"}},"wdio_ui5_key":"applicationmanagestatesandperformance-display-component---stateAndPerform--smartFilterBarYard-btnBasicSearch"}]}
RESULT: undefined
COMMAND: POST /session/991ae7458a2fe82266d4f38354923d31/execute/async - {"script":"<script> [1562 bytes]","args":[{"selector":{"controlType":"sap.m.ColumnListItem","viewName":"etm.portal.ui.managestatesandperformance.view.Master","viewId":"application-managestatesandperformance-display-component---stateAndPerform","properties":{"type":"Navigation"},"interaction":{"idSuffix":"cell0"}},"wdio_ui5_key":"etmportal.ui.managestatesandperformance.view.Mastersap.m.ColumnListItem{\"type\":\"Navigation\"}"}]}
RESULT: {"script":"<script> [1562 bytes]","args":[{"selector":{"controlType":"sap.m.ColumnListItem","viewName":"etm.portal.ui.managestatesandperformance.view.Master","viewId":"application-managestatesandperformance-display-component---stateAndPerform","properties":{"type":"Navigation"},"interaction":{"idSuffix":"cell0"}},"wdio_ui5_key":"etmportal.ui.managestatesandperformance.view.Mastersap.m.ColumnListItem{\"type\":\"Navigation\"}"}]}
RESULT: undefined
COMMAND: POST /session/991ae7458a2fe82266d4f38354923d31/execute/async - {"script":"<script> [1562 bytes]","args":[{"selector":{"controlType":"sap.m.Button","viewName":"etm.portal.ui.managestatesandperformance.view.Detail","viewId":"application-managestatesandperformance-display-component---detailStateAndPerform","i18NText":{"propertyName":"text","key":"createStateChange"},"interaction":{"idSuffix":"content"}},"wdio_ui5_key":"etmportal.ui.managestatesandperformance.view.Detailsap.m.Button{\"propertyName\":\"text\",\"key\":\"createStateChange\"}"}]}
RESULT: {"script":"<script> [1562 bytes]","args":[{"selector":{"controlType":"sap.m.Button","viewName":"etm.portal.ui.managestatesandperformance.view.Detail","viewId":"application-managestatesandperformance-display-component---detailStateAndPerform","i18NText":{"propertyName":"text","key":"createStateChange"},"interaction":{"idSuffix":"content"}},"wdio_ui5_key":"etmportal.ui.managestatesandperformance.view.Detailsap.m.Button{\"propertyName\":\"text\",\"key\":\"createStateChange\"}"}]}
RESULT: undefined
COMMAND: POST /session/991ae7458a2fe82266d4f38354923d31/execute/async - {"script":"<script> [1562 bytes]","args":[{"selector":{"id":"addStateDialog--stateSelect","searchOpenDialogs":true,"interaction":{"idSuffix":"arrow"}},"wdio_ui5_key":"addStateDialogstateSelect"}]}
RESULT: {"script":"<script> [1562 bytes]","args":[{"selector":{"id":"addStateDialog--stateSelect","searchOpenDialogs":true,"interaction":{"idSuffix":"arrow"}},"wdio_ui5_key":"addStateDialogstateSelect"}]}
RESULT: undefined
COMMAND: POST /session/991ae7458a2fe82266d4f38354923d31/execute/async - {"script":"<script> [1562 bytes]","args":[{"selector":{"controlType":"sap.ui.core.Item","viewName":"etm.portal.ui.managestatesandperformance.view.Detail","viewId":"application-managestatesandperformance-display-component---detailStateAndPerform","bindingPath":{"path":"/StateTypes(70)","propertyPath":"STATE","modelName":"catalogModel"},"searchOpenDialogs":true},"wdio_ui5_key":"etmportal.ui.managestatesandperformance.view.Detailsap.ui.core.Item{\"path\":\"/StateTypes(70)\",\"propertyPath\":\"STATE\",\"modelName\":\"catalogModel\"}"}]}
RESULT: {"script":"<script> [1562 bytes]","args":[{"selector":{"controlType":"sap.ui.core.Item","viewName":"etm.portal.ui.managestatesandperformance.view.Detail","viewId":"application-managestatesandperformance-display-component---detailStateAndPerform","bindingPath":{"path":"/StateTypes(70)","propertyPath":"STATE","modelName":"catalogModel"},"searchOpenDialogs":true},"wdio_ui5_key":"etmportal.ui.managestatesandperformance.view.Detailsap.ui.core.Item{\"path\":\"/StateTypes(70)\",\"propertyPath\":\"STATE\",\"modelName\":\"catalogModel\"}"}]}
RESULT: undefined
COMMAND: POST /session/991ae7458a2fe82266d4f38354923d31/execute/async - {"script":"<script> [1562 bytes]","args":[{"selector":{"controlType":"sap.m.NumericInput","viewName":"etm.portal.ui.managestatesandperformance.view.Detail","viewId":"application-managestatesandperformance-display-component---detailStateAndPerform","properties":{"value":"0"},"searchOpenDialogs":true,"interaction":{"idSuffix":"inner"}},"wdio_ui5_key":"etmportal.ui.managestatesandperformance.view.Detailsap.m.NumericInput{\"value\":\"0\"}"}]}
RESULT: {"script":"<script> [1562 bytes]","args":[{"selector":{"controlType":"sap.m.NumericInput","viewName":"etm.portal.ui.managestatesandperformance.view.Detail","viewId":"application-managestatesandperformance-display-component---detailStateAndPerform","properties":{"value":"0"},"searchOpenDialogs":true,"interaction":{"idSuffix":"inner"}},"wdio_ui5_key":"etmportal.ui.managestatesandperformance.view.Detailsap.m.NumericInput{\"value\":\"0\"}"}]}
RESULT: undefined
COMMAND: POST /session/991ae7458a2fe82266d4f38354923d31/execute/async - {"script":"<script> [1562 bytes]","args":[{"selector":{"controlType":"sap.m.Button","viewName":"etm.portal.ui.managestatesandperformance.view.Detail","viewId":"application-managestatesandperformance-display-component---detailStateAndPerform","i18NText":{"propertyName":"text","key":"save"},"searchOpenDialogs":true,"interaction":{"idSuffix":"BDI-content"}},"wdio_ui5_key":"etmportal.ui.managestatesandperformance.view.Detailsap.m.Button{\"propertyName\":\"text\",\"key\":\"save\"}"}]}
RESULT: {"script":"<script> [1562 bytes]","args":[{"selector":{"controlType":"sap.m.Button","viewName":"etm.portal.ui.managestatesandperformance.view.Detail","viewId":"application-managestatesandperformance-display-component---detailStateAndPerform","i18NText":{"propertyName":"text","key":"save"},"searchOpenDialogs":true,"interaction":{"idSuffix":"BDI-content"}},"wdio_ui5_key":"etmportal.ui.managestatesandperformance.view.Detailsap.m.Button{\"propertyName\":\"text\",\"key\":\"save\"}"}]}
RESULT: undefined
COMMAND: POST /session/991ae7458a2fe82266d4f38354923d31/element - {"using":"css selector","value":"#shell-header-logo"}
RESULT: {"using":"css selector","value":"#shell-header-logo"}
COMMAND: POST /session/991ae7458a2fe82266d4f38354923d31/element/f.E50BEB4A78466B534596A34F5FDA1F41.d.4423F3D7284D4FCE4EB62549780D357C.e.1135/click - {}
RESULT: {}
COMMAND: GET /session/991ae7458a2fe82266d4f38354923d31/screenshot - {}
RESULT: {}
]]></system-out>
    </testcase>
  </testsuite>
  <testsuite timestamp="2025-04-27T16:42:20" time="580.696" tests="9" failures="8" errors="8" skipped="0">
    <properties>
      <property name="specId" value="0" />
      <property name="suiteName" value="Create masterdata for Mass Change State US104416" />
      <property name="capabilities" value="chrome.135_0_7049_96.windows" />
      <property name="file" value="file:///D:/a/1/s/test/specs/HTR/create-mass-state-change.spec.js" />
    </properties>
    <testcase classname="chrome.135_0_7049_96.windows.Create_masterdata_for_Mass_Change_State_US104416" name="Mass State Change" time="11.6">
      <system-out><![CDATA[
COMMAND: GET /session/991ae7458a2fe82266d4f38354923d31/screenshot - {}
COMMAND: POST /session/991ae7458a2fe82266d4f38354923d31/execute/async - {"script":"<script> [1562 bytes]","args":[{"selector":{"controlType":"sap.m.GenericTile","properties":{"header":"Manage States & Performance"}},"wdio_ui5_key":"sapm.GenericTile{\"header\":\"Manage States & Performance\"}"}]}
RESULT: {}
RESULT: {"script":"<script> [1562 bytes]","args":[{"selector":{"controlType":"sap.m.GenericTile","properties":{"header":"Manage States & Performance"}},"wdio_ui5_key":"sapm.GenericTile{\"header\":\"Manage States & Performance\"}"}]}
RESULT: undefined
COMMAND: POST /session/991ae7458a2fe82266d4f38354923d31/execute/async - {"script":"<script> [1562 bytes]","args":[{"selector":{"controlType":"sap.ui.core.Icon","viewName":"etm.portal.ui.managestatesandperformance.view.Master","viewId":"application-managestatesandperformance-display-component---stateAndPerform","properties":{"src":{"regex":{"source":"chart\\-table\\-view"}}}},"wdio_ui5_key":"etmportal.ui.managestatesandperformance.view.Mastersap.ui.core.Icon{\"src\":{\"regex\":{\"source\":\"chart\\\\-table\\\\-view\"}}}"}]}
RESULT: {"script":"<script> [1562 bytes]","args":[{"selector":{"controlType":"sap.ui.core.Icon","viewName":"etm.portal.ui.managestatesandperformance.view.Master","viewId":"application-managestatesandperformance-display-component---stateAndPerform","properties":{"src":{"regex":{"source":"chart\\-table\\-view"}}}},"wdio_ui5_key":"etmportal.ui.managestatesandperformance.view.Mastersap.ui.core.Icon{\"src\":{\"regex\":{\"source\":\"chart\\\\-table\\\\-view\"}}}"}]}
RESULT: undefined
COMMAND: POST /session/991ae7458a2fe82266d4f38354923d31/execute/async - {"script":"<script> [1562 bytes]","args":[{"selector":{"id":"application-managestatesandperformance-display-component---stateAndPerform--smartFilterBarContracts-btnBasicSearch","interaction":{"idSuffix":"I"}},"wdio_ui5_key":"applicationmanagestatesandperformance-display-component---stateAndPerform--smartFilterBarContracts-btnBasicSearch"}]}
RESULT: {"script":"<script> [1562 bytes]","args":[{"selector":{"id":"application-managestatesandperformance-display-component---stateAndPerform--smartFilterBarContracts-btnBasicSearch","interaction":{"idSuffix":"I"}},"wdio_ui5_key":"applicationmanagestatesandperformance-display-component---stateAndPerform--smartFilterBarContracts-btnBasicSearch"}]}
RESULT: undefined
COMMAND: POST /session/991ae7458a2fe82266d4f38354923d31/actions - {"actions":[{"id":"action4","type":"key","parameters":{},"actions":[{"type":"keyDown","value":"î€‡"},{"type":"pause","duration":10},{"type":"keyUp","value":"î€‡"}]}]}
RESULT: {"actions":[{"id":"action4","type":"key","parameters":{},"actions":[{"type":"keyDown","value":"î€‡"},{"type":"pause","duration":10},{"type":"keyUp","value":"î€‡"}]}]}
COMMAND: GET /session/991ae7458a2fe82266d4f38354923d31/screenshot - {}
RESULT: {}
COMMAND: POST /session/991ae7458a2fe82266d4f38354923d31/execute/async - {"script":"<script> [1562 bytes]","args":[{"selector":{"id":"application-managestatesandperformance-display-component---stateAndPerform--stateAndPerformContractItemsTable-sa","interaction":{"idSuffix":"CbBg"}},"wdio_ui5_key":"applicationmanagestatesandperformance-display-component---stateAndPerform--stateAndPerformContractItemsTable-sa"}]}
RESULT: {"script":"<script> [1562 bytes]","args":[{"selector":{"id":"application-managestatesandperformance-display-component---stateAndPerform--stateAndPerformContractItemsTable-sa","interaction":{"idSuffix":"CbBg"}},"wdio_ui5_key":"applicationmanagestatesandperformance-display-component---stateAndPerform--stateAndPerformContractItemsTable-sa"}]}
RESULT: undefined
COMMAND: POST /session/991ae7458a2fe82266d4f38354923d31/execute/async - {"script":"<script> [1562 bytes]","args":[{"selector":{"id":"application-managestatesandperformance-display-component---stateAndPerform--btnMassStateChangeOnContracts-img"},"wdio_ui5_key":"applicationmanagestatesandperformance-display-component---stateAndPerform--btnMassStateChangeOnContracts-img"}]}
RESULT: {"script":"<script> [1562 bytes]","args":[{"selector":{"id":"application-managestatesandperformance-display-component---stateAndPerform--btnMassStateChangeOnContracts-img"},"wdio_ui5_key":"applicationmanagestatesandperformance-display-component---stateAndPerform--btnMassStateChangeOnContracts-img"}]}
RESULT: undefined
COMMAND: POST /session/991ae7458a2fe82266d4f38354923d31/execute/async - {"script":"<script> [1562 bytes]","args":[{"selector":{"id":"application-managestatesandperformance-display-component---stateAndPerform--ruStateTypes","searchOpenDialogs":true,"interaction":{"idSuffix":"inner"}},"wdio_ui5_key":"applicationmanagestatesandperformance-display-component---stateAndPerform--ruStateTypes"}]}
RESULT: {"script":"<script> [1562 bytes]","args":[{"selector":{"id":"application-managestatesandperformance-display-component---stateAndPerform--ruStateTypes","searchOpenDialogs":true,"interaction":{"idSuffix":"inner"}},"wdio_ui5_key":"applicationmanagestatesandperformance-display-component---stateAndPerform--ruStateTypes"}]}
RESULT: undefined
COMMAND: POST /session/991ae7458a2fe82266d4f38354923d31/execute/async - {"script":"<script> [1562 bytes]","args":[{"selector":{"controlType":"sap.m.Button","viewName":"etm.portal.ui.managestatesandperformance.view.Master","viewId":"application-managestatesandperformance-display-component---stateAndPerform","i18NText":{"propertyName":"text","key":"ok"},"searchOpenDialogs":true,"interaction":{"idSuffix":"BDI-content"}},"wdio_ui5_key":"etmportal.ui.managestatesandperformance.view.Mastersap.m.Button{\"propertyName\":\"text\",\"key\":\"ok\"}"}]}
RESULT: {"script":"<script> [1562 bytes]","args":[{"selector":{"controlType":"sap.m.Button","viewName":"etm.portal.ui.managestatesandperformance.view.Master","viewId":"application-managestatesandperformance-display-component---stateAndPerform","i18NText":{"propertyName":"text","key":"ok"},"searchOpenDialogs":true,"interaction":{"idSuffix":"BDI-content"}},"wdio_ui5_key":"etmportal.ui.managestatesandperformance.view.Mastersap.m.Button{\"propertyName\":\"text\",\"key\":\"ok\"}"}]}
RESULT: undefined
COMMAND: POST /session/991ae7458a2fe82266d4f38354923d31/execute/async - {"script":"<script> [1562 bytes]","args":[{"selector":{"controlType":"sap.m.Button","properties":{"text":"OK"},"searchOpenDialogs":true,"ancestor":{"controlType":"sap.m.Dialog","properties":{"icon":"sap-icon://sys-help-2"},"searchOpenDialogs":true},"interaction":{"idSuffix":"BDI-content"}},"wdio_ui5_key":"sapm.Button{\"text\":\"OK\"}{\"controlType\":\"sap.m.Dialog\",\"properties\":{\"icon\":\"sap-icon://sys-help-2\"},\"searchOpenDialogs\":true}"}]}
RESULT: {"script":"<script> [1562 bytes]","args":[{"selector":{"controlType":"sap.m.Button","properties":{"text":"OK"},"searchOpenDialogs":true,"ancestor":{"controlType":"sap.m.Dialog","properties":{"icon":"sap-icon://sys-help-2"},"searchOpenDialogs":true},"interaction":{"idSuffix":"BDI-content"}},"wdio_ui5_key":"sapm.Button{\"text\":\"OK\"}{\"controlType\":\"sap.m.Dialog\",\"properties\":{\"icon\":\"sap-icon://sys-help-2\"},\"searchOpenDialogs\":true}"}]}
RESULT: undefined
COMMAND: POST /session/991ae7458a2fe82266d4f38354923d31/element - {"using":"css selector","value":"#j_username"}
COMMAND: POST /session/991ae7458a2fe82266d4f38354923d31/url - {"url":"https://qa-testing-00-live-etm-ui.cfapps.eu10-004.hana.ondemand.com/"}
COMMAND: GET /session/991ae7458a2fe82266d4f38354923d31/screenshot - {}
RESULT: {"url":"https://qa-testing-00-live-etm-ui.cfapps.eu10-004.hana.ondemand.com/"}
RESULT: undefined
COMMAND: GET /session/991ae7458a2fe82266d4f38354923d31/screenshot - {}
RESULT: {"using":"css selector","value":"#j_username"}
COMMAND: POST /session/991ae7458a2fe82266d4f38354923d31/element - {"using":"css selector","value":"#j_username"}
RESULT: {}
RESULT: {}
RESULT: {"using":"css selector","value":"#j_username"}
COMMAND: POST /session/991ae7458a2fe82266d4f38354923d31/element - {"using":"css selector","value":"#shell-header-logo"}
RESULT: {"using":"css selector","value":"#shell-header-logo"}
COMMAND: POST /session/991ae7458a2fe82266d4f38354923d31/execute/sync - {"script":"<script> [8489 bytes]","args":[{"element-6066-11e4-a52e-4f735466cecf":"f.E50BEB4A78466B534596A34F5FDA1F41.d.2C7C819DE0074C9F4A6CC7A62C801C9F.e.2458","ELEMENT":"f.E50BEB4A78466B534596A34F5FDA1F41.d.2C7C819DE0074C9F4A6CC7A62C801C9F.e.2458"}]}
RESULT: {"script":"<script> [8489 bytes]","args":[{"element-6066-11e4-a52e-4f735466cecf":"f.E50BEB4A78466B534596A34F5FDA1F41.d.2C7C819DE0074C9F4A6CC7A62C801C9F.e.2458","ELEMENT":"f.E50BEB4A78466B534596A34F5FDA1F41.d.2C7C819DE0074C9F4A6CC7A62C801C9F.e.2458"}]}
COMMAND: POST /session/991ae7458a2fe82266d4f38354923d31/element - {"using":"css selector","value":"#shell-header-logo"}
COMMAND: GET /session/991ae7458a2fe82266d4f38354923d31/screenshot - {}
RESULT: {"using":"css selector","value":"#shell-header-logo"}
COMMAND: POST /session/991ae7458a2fe82266d4f38354923d31/execute/sync - {"script":"<script> [8489 bytes]","args":[{"element-6066-11e4-a52e-4f735466cecf":"f.E50BEB4A78466B534596A34F5FDA1F41.d.2C7C819DE0074C9F4A6CC7A62C801C9F.e.2458","ELEMENT":"f.E50BEB4A78466B534596A34F5FDA1F41.d.2C7C819DE0074C9F4A6CC7A62C801C9F.e.2458"}]}
RESULT: {}
RESULT: {"script":"<script> [8489 bytes]","args":[{"element-6066-11e4-a52e-4f735466cecf":"f.E50BEB4A78466B534596A34F5FDA1F41.d.2C7C819DE0074C9F4A6CC7A62C801C9F.e.2458","ELEMENT":"f.E50BEB4A78466B534596A34F5FDA1F41.d.2C7C819DE0074C9F4A6CC7A62C801C9F.e.2458"}]}
COMMAND: POST /session/991ae7458a2fe82266d4f38354923d31/execute/sync - {"script":"<script> [5351 bytes]","args":[{"element-6066-11e4-a52e-4f735466cecf":"f.E50BEB4A78466B534596A34F5FDA1F41.d.2C7C819DE0074C9F4A6CC7A62C801C9F.e.2458","ELEMENT":"f.E50BEB4A78466B534596A34F5FDA1F41.d.2C7C819DE0074C9F4A6CC7A62C801C9F.e.2458"}]}
COMMAND: GET /session/991ae7458a2fe82266d4f38354923d31/screenshot - {}
RESULT: {"script":"<script> [5351 bytes]","args":[{"element-6066-11e4-a52e-4f735466cecf":"f.E50BEB4A78466B534596A34F5FDA1F41.d.2C7C819DE0074C9F4A6CC7A62C801C9F.e.2458","ELEMENT":"f.E50BEB4A78466B534596A34F5FDA1F41.d.2C7C819DE0074C9F4A6CC7A62C801C9F.e.2458"}]}
COMMAND: POST /session/991ae7458a2fe82266d4f38354923d31/element - {"using":"css selector","value":"#shell-header-logo"}
COMMAND: GET /session/991ae7458a2fe82266d4f38354923d31/screenshot - {}
RESULT: {}
RESULT: {"using":"css selector","value":"#shell-header-logo"}
COMMAND: POST /session/991ae7458a2fe82266d4f38354923d31/element/f.E50BEB4A78466B534596A34F5FDA1F41.d.2C7C819DE0074C9F4A6CC7A62C801C9F.e.2458/click - {}
RESULT: {}
RESULT: {}
COMMAND: GET /session/991ae7458a2fe82266d4f38354923d31/screenshot - {}
RESULT: {}
COMMAND: POST /session/991ae7458a2fe82266d4f38354923d31/execute/async - {"script":"<script> [189 bytes]","args":[]}
RESULT: {"script":"<script> [189 bytes]","args":[]}
COMMAND: POST /session/991ae7458a2fe82266d4f38354923d31/execute/async - {"script":"<script> [123 bytes]","args":[]}
RESULT: {"script":"<script> [123 bytes]","args":[]}
COMMAND: POST /session/991ae7458a2fe82266d4f38354923d31/timeouts - {"script":"<number>"}
RESULT: {"script":"<number>"}
COMMAND: GET /session/991ae7458a2fe82266d4f38354923d31/timeouts - {}
RESULT: {}
RESULT: undefined
COMMAND: POST /session/991ae7458a2fe82266d4f38354923d31/execute/async - {"script":"<script> [2676 bytes]","args":[]}
RESULT: {"script":"<script> [2676 bytes]","args":[]}
COMMAND: POST /session/991ae7458a2fe82266d4f38354923d31/execute/async - {"script":"<script> [2342 bytes]","args":[{"protocol":"http","hostname":"0.0.0.0","path":"/","capabilities":{"browserName":"chrome","goog:chromeOptions":{"binary":"C:\\Program Files\\Google\\Chrome\\Application\\chrome.exe","args":["--start-maximized"]}},"logLevel":"warn","connectionRetryTimeout":120000,"connectionRetryCount":3,"logLevels":{},"enableDirectConnect":true,"strictSSL":true,"_":"65 more keys: [\"cacheDir\",\"port\",\"requestedCapabilities\",\"automationProtocol\",\"baseUrl\",\"waitforInterval\",\"waitforTimeout\",\"onReload\",\"beforeCommand\",\"afterCommand\",\"rootDir\",\"specs\",\"suites\",\"exclude\",\"groupLogsByTestSpec\",\"excludeDriverLogs\",\"bail\",\"framework\",\"reporters\",\"services\",\"maxInstances\",\"maxInstancesPerCapability\",\"injectGlobals\",\"filesToWatch\",\"execArgv\",\"runnerEnv\",\"runner\",\"shard\",\"specFileRetries\",\"specFileRetriesDelay\",\"specFileRetriesDeferred\",\"reporterSyncInterval\",\"reporterSyncTimeout\",\"cucumberFeaturesWithLineNumbers\",\"autoCompileOpts\",\"mochaOpts\",\"jasmineOpts\",\"cucumberOpts\",\"onPrepare\",\"onWorkerStart\",\"onWorkerEnd\",\"before\",\"beforeSession\",\"beforeSuite\",\"beforeHook\",\"beforeTest\",\"afterTest\",\"afterHook\",\"afterSuite\",\"afterSession\",\"after\",\"onComplete\",\"beforeAssertion\",\"afterAssertion\",\"beforeFeature\",\"beforeScenario\",\"beforeStep\",\"afterStep\",\"afterScenario\",\"afterFeature\",\"_\",\"suite\",\"$0\",\"ignoredWorkerServices\",\"wdi5\"]"}]}
RESULT: {"script":"<script> [2342 bytes]","args":[{"protocol":"http","hostname":"0.0.0.0","path":"/","capabilities":{"browserName":"chrome","goog:chromeOptions":{"binary":"C:\\Program Files\\Google\\Chrome\\Application\\chrome.exe","args":["--start-maximized"]}},"logLevel":"warn","connectionRetryTimeout":120000,"connectionRetryCount":3,"logLevels":{},"enableDirectConnect":true,"strictSSL":true,"_":"65 more keys: [\"cacheDir\",\"port\",\"requestedCapabilities\",\"automationProtocol\",\"baseUrl\",\"waitforInterval\",\"waitforTimeout\",\"onReload\",\"beforeCommand\",\"afterCommand\",\"rootDir\",\"specs\",\"suites\",\"exclude\",\"groupLogsByTestSpec\",\"excludeDriverLogs\",\"bail\",\"framework\",\"reporters\",\"services\",\"maxInstances\",\"maxInstancesPerCapability\",\"injectGlobals\",\"filesToWatch\",\"execArgv\",\"runnerEnv\",\"runner\",\"shard\",\"specFileRetries\",\"specFileRetriesDelay\",\"specFileRetriesDeferred\",\"reporterSyncInterval\",\"reporterSyncTimeout\",\"cucumberFeaturesWithLineNumbers\",\"autoCompileOpts\",\"mochaOpts\",\"jasmineOpts\",\"cucumberOpts\",\"onPrepare\",\"onWorkerStart\",\"onWorkerEnd\",\"before\",\"beforeSession\",\"beforeSuite\",\"beforeHook\",\"beforeTest\",\"afterTest\",\"afterHook\",\"afterSuite\",\"afterSession\",\"after\",\"onComplete\",\"beforeAssertion\",\"afterAssertion\",\"beforeFeature\",\"beforeScenario\",\"beforeStep\",\"afterStep\",\"afterScenario\",\"afterFeature\",\"_\",\"suite\",\"$0\",\"ignoredWorkerServices\",\"wdi5\"]"}]}
COMMAND: POST /session/991ae7458a2fe82266d4f38354923d31/execute/async - {"script":"<script> [21126 bytes]","args":[35000]}
RESULT: {"script":"<script> [21126 bytes]","args":[35000]}
COMMAND: POST /session/991ae7458a2fe82266d4f38354923d31/window/maximize - {}
RESULT: {}
COMMAND: POST /session/991ae7458a2fe82266d4f38354923d31/execute/async - {"script":"<script> [1562 bytes]","args":[{"selector":{"id":"shell-header","interaction":{"idSuffix":"icon"}},"wdio_ui5_key":"shellheader"}]}
COMMAND: GET /session/991ae7458a2fe82266d4f38354923d31/screenshot - {}
RESULT: {"script":"<script> [1562 bytes]","args":[{"selector":{"id":"shell-header","interaction":{"idSuffix":"icon"}},"wdio_ui5_key":"shellheader"}]}
RESULT: undefined
]]></system-out>
    </testcase>
  </testsuite>
  <testsuite timestamp="2025-04-27T16:52:01" time="161.549" tests="3" failures="3" errors="3" skipped="0">
    <properties>
      <property name="specId" value="0" />
      <property name="suiteName" value="Transfer Yard to Yard US131076" />
      <property name="capabilities" value="chrome.135_0_7049_96.windows" />
      <property name="file" value="file:///D:/a/1/s/test/specs/HTR/transfer-yard-to-yard.spec.js" />
    </properties>
  </testsuite>
  <testsuite timestamp="2025-04-27T16:54:42" time="106.068" tests="3" failures="3" errors="3" skipped="0">
    <properties>
      <property name="specId" value="0" />
      <property name="suiteName" value="Create bundle US131067" />
      <property name="capabilities" value="chrome.135_0_7049_96.windows" />
      <property name="file" value="file:///D:/a/1/s/test/specs/HTR/create-bundle-replenishment.spec.js" />
    </properties>
  </testsuite>
  <testsuite timestamp="2025-04-27T16:56:28" time="125.205" tests="1" failures="1" errors="1" skipped="0">
    <properties>
      <property name="specId" value="0" />
      <property name="suiteName" value="Create Replenishment US131070" />
      <property name="capabilities" value="chrome.135_0_7049_96.windows" />
      <property name="file" value="file:///D:/a/1/s/test/specs/HTR/create-bundle-replenishment.spec.js" />
    </properties>
  </testsuite>
  <testsuite timestamp="2025-04-27T16:58:34" time="257.24" tests="3" failures="1" errors="1" skipped="0">
    <properties>
      <property name="specId" value="0" />
      <property name="suiteName" value="Yard Overview Autoplanning US130989" />
      <property name="capabilities" value="chrome.135_0_7049_96.windows" />
      <property name="file" value="file:///D:/a/1/s/test/specs/HTR/yard-overview-autoplanning.spec.js" />
    </properties>
    <testcase classname="chrome.135_0_7049_96.windows.Yard_Overview_Autoplanning_US130989" name="Should create a new Material" time="97.082">
      <system-out><![CDATA[
COMMAND: POST /session/991ae7458a2fe82266d4f38354923d31/execute/async - {"script":"<script> [1562 bytes]","args":[{"selector":{"controlType":"sap.m.GenericTile","properties":{"header":"Manage Resources"}},"wdio_ui5_key":"sapm.GenericTile{\"header\":\"Manage Resources\"}"}]}
RESULT: {}
RESULT: {"script":"<script> [1562 bytes]","args":[{"selector":{"controlType":"sap.m.GenericTile","properties":{"header":"Manage Resources"}},"wdio_ui5_key":"sapm.GenericTile{\"header\":\"Manage Resources\"}"}]}
RESULT: undefined
COMMAND: POST /session/991ae7458a2fe82266d4f38354923d31/element - {"using":"xpath","value":"//*[@id=\"__tile31\"]"}
RESULT: {"using":"xpath","value":"//*[@id=\"__tile31\"]"}
COMMAND: POST /session/991ae7458a2fe82266d4f38354923d31/element/f.E50BEB4A78466B534596A34F5FDA1F41.d.F8CFF1DC8FBA383DF095734631182373.e.4252/click - {}
RESULT: {}
COMMAND: GET /session/991ae7458a2fe82266d4f38354923d31/screenshot - {}
RESULT: {}
COMMAND: POST /session/991ae7458a2fe82266d4f38354923d31/execute/async - {"script":"<script> [1562 bytes]","args":[{"selector":{"controlType":"sap.ui.core.Icon","viewName":"etm.portal.ui.manageresources.view.Master","viewId":"application-manageresources-display-component---masterRU","properties":{"src":{"regex":{"source":"add"}}}},"wdio_ui5_key":"etmportal.ui.manageresources.view.Mastersap.ui.core.Icon{\"src\":{\"regex\":{\"source\":\"add\"}}}"}]}
RESULT: {"script":"<script> [1562 bytes]","args":[{"selector":{"controlType":"sap.ui.core.Icon","viewName":"etm.portal.ui.manageresources.view.Master","viewId":"application-manageresources-display-component---masterRU","properties":{"src":{"regex":{"source":"add"}}}},"wdio_ui5_key":"etmportal.ui.manageresources.view.Mastersap.ui.core.Icon{\"src\":{\"regex\":{\"source\":\"add\"}}}"}]}
RESULT: undefined
COMMAND: POST /session/991ae7458a2fe82266d4f38354923d31/element - {"using":"xpath","value":"//*[@id=\"__button5-img\"]"}
RESULT: {"using":"xpath","value":"//*[@id=\"__button5-img\"]"}
COMMAND: POST /session/991ae7458a2fe82266d4f38354923d31/element/f.E50BEB4A78466B534596A34F5FDA1F41.d.F8CFF1DC8FBA383DF095734631182373.e.4390/click - {}
RESULT: {}
COMMAND: GET /session/991ae7458a2fe82266d4f38354923d31/screenshot - {}
RESULT: {}
COMMAND: POST /session/991ae7458a2fe82266d4f38354923d31/execute/async - {"script":"<script> [1562 bytes]","args":[{"selector":{"id":"application-manageresources-display-component---newResourceUnit--TYPE-arrow"},"wdio_ui5_key":"applicationmanageresources-display-component---newResourceUnit--TYPE-arrow"}]}
RESULT: {"script":"<script> [1562 bytes]","args":[{"selector":{"id":"application-manageresources-display-component---newResourceUnit--TYPE-arrow"},"wdio_ui5_key":"applicationmanageresources-display-component---newResourceUnit--TYPE-arrow"}]}
RESULT: undefined
COMMAND: POST /session/991ae7458a2fe82266d4f38354923d31/element - {"using":"xpath","value":"//*[@id=\"application-manageresources-display-component---newResourceUnit--TYPE-arrow\"]"}
RESULT: {"using":"xpath","value":"//*[@id=\"application-manageresources-display-component---newResourceUnit--TYPE-arrow\"]"}
COMMAND: POST /session/991ae7458a2fe82266d4f38354923d31/element/f.E50BEB4A78466B534596A34F5FDA1F41.d.F8CFF1DC8FBA383DF095734631182373.e.4719/click - {}
RESULT: {}
COMMAND: POST /session/991ae7458a2fe82266d4f38354923d31/execute/async - {"script":"<script> [1562 bytes]","args":[{"selector":{"controlType":"sap.m.StandardListItem","viewName":"reusables.view.manageresources.NewResourceUnit","viewId":"application-manageresources-display-component---newResourceUnit","properties":{"title":"Material"},"searchOpenDialogs":true,"interaction":{"idSuffix":"titleText"}},"wdio_ui5_key":"reusablesview.manageresources.NewResourceUnitsap.m.StandardListItem{\"title\":\"Material\"}"}]}
COMMAND: GET /session/991ae7458a2fe82266d4f38354923d31/screenshot - {}
RESULT: {"script":"<script> [1562 bytes]","args":[{"selector":{"controlType":"sap.m.StandardListItem","viewName":"reusables.view.manageresources.NewResourceUnit","viewId":"application-manageresources-display-component---newResourceUnit","properties":{"title":"Material"},"searchOpenDialogs":true,"interaction":{"idSuffix":"titleText"}},"wdio_ui5_key":"reusablesview.manageresources.NewResourceUnitsap.m.StandardListItem{\"title\":\"Material\"}"}]}
RESULT: undefined
COMMAND: POST /session/991ae7458a2fe82266d4f38354923d31/element - {"using":"xpath","value":"//*[@id=\"__item142\"]"}
RESULT: {}
RESULT: {"using":"xpath","value":"//*[@id=\"__item142\"]"}
COMMAND: POST /session/991ae7458a2fe82266d4f38354923d31/element/f.E50BEB4A78466B534596A34F5FDA1F41.d.F8CFF1DC8FBA383DF095734631182373.e.4722/click - {}
RESULT: {}
COMMAND: GET /session/991ae7458a2fe82266d4f38354923d31/screenshot - {}
RESULT: {}
COMMAND: POST /session/991ae7458a2fe82266d4f38354923d31/execute/async - {"script":"<script> [1562 bytes]","args":[{"selector":{"id":"application-manageresources-display-component---newResourceUnit--SHORT_TEXT","interaction":{"idSuffix":"inner"}},"wdio_ui5_key":"applicationmanageresources-display-component---newResourceUnit--SHORT_TEXT"}]}
RESULT: {"script":"<script> [1562 bytes]","args":[{"selector":{"id":"application-manageresources-display-component---newResourceUnit--SHORT_TEXT","interaction":{"idSuffix":"inner"}},"wdio_ui5_key":"applicationmanageresources-display-component---newResourceUnit--SHORT_TEXT"}]}
RESULT: undefined
COMMAND: POST /session/991ae7458a2fe82266d4f38354923d31/execute/async - {"script":"<script> [776 bytes]","args":[{"enterText":"AutoplanYOmaterial","selector":{"id":"application-manageresources-display-component---newResourceUnit--SHORT_TEXT","interaction":{"idSuffix":"inner"}},"clearTextFirst":true,"interactionType":"ENTER_TEXT"}]}
RESULT: {"script":"<script> [776 bytes]","args":[{"enterText":"AutoplanYOmaterial","selector":{"id":"application-manageresources-display-component---newResourceUnit--SHORT_TEXT","interaction":{"idSuffix":"inner"}},"clearTextFirst":true,"interactionType":"ENTER_TEXT"}]}
COMMAND: POST /session/991ae7458a2fe82266d4f38354923d31/execute/async - {"script":"<script> [1562 bytes]","args":[{"selector":{"id":"application-manageresources-display-component---newResourceUnit--BASE_UNIT_OF_MEASURE","interaction":{"idSuffix":"inner"}},"wdio_ui5_key":"applicationmanageresources-display-component---newResourceUnit--BASE_UNIT_OF_MEASURE"}]}
RESULT: {"script":"<script> [1562 bytes]","args":[{"selector":{"id":"application-manageresources-display-component---newResourceUnit--BASE_UNIT_OF_MEASURE","interaction":{"idSuffix":"inner"}},"wdio_ui5_key":"applicationmanageresources-display-component---newResourceUnit--BASE_UNIT_OF_MEASURE"}]}
RESULT: undefined
COMMAND: POST /session/991ae7458a2fe82266d4f38354923d31/execute/async - {"script":"<script> [776 bytes]","args":[{"enterText":"Piece","selector":{"id":"application-manageresources-display-component---newResourceUnit--BASE_UNIT_OF_MEASURE","interaction":{"idSuffix":"inner"}},"clearTextFirst":true,"interactionType":"ENTER_TEXT"}]}
RESULT: {"script":"<script> [776 bytes]","args":[{"enterText":"Piece","selector":{"id":"application-manageresources-display-component---newResourceUnit--BASE_UNIT_OF_MEASURE","interaction":{"idSuffix":"inner"}},"clearTextFirst":true,"interactionType":"ENTER_TEXT"}]}
COMMAND: POST /session/991ae7458a2fe82266d4f38354923d31/execute/async - {"script":"<script> [1562 bytes]","args":[{"selector":{"id":"application-manageresources-display-component---newResourceUnit--WEIGHT_UNIT","interaction":{"idSuffix":"inner"}},"wdio_ui5_key":"applicationmanageresources-display-component---newResourceUnit--WEIGHT_UNIT"}]}
RESULT: {"script":"<script> [1562 bytes]","args":[{"selector":{"id":"application-manageresources-display-component---newResourceUnit--WEIGHT_UNIT","interaction":{"idSuffix":"inner"}},"wdio_ui5_key":"applicationmanageresources-display-component---newResourceUnit--WEIGHT_UNIT"}]}
RESULT: undefined
COMMAND: POST /session/991ae7458a2fe82266d4f38354923d31/execute/async - {"script":"<script> [776 bytes]","args":[{"enterText":"Gram","selector":{"id":"application-manageresources-display-component---newResourceUnit--WEIGHT_UNIT","interaction":{"idSuffix":"inner"}},"clearTextFirst":true,"interactionType":"ENTER_TEXT"}]}
RESULT: {"script":"<script> [776 bytes]","args":[{"enterText":"Gram","selector":{"id":"application-manageresources-display-component---newResourceUnit--WEIGHT_UNIT","interaction":{"idSuffix":"inner"}},"clearTextFirst":true,"interactionType":"ENTER_TEXT"}]}
COMMAND: POST /session/991ae7458a2fe82266d4f38354923d31/execute/async - {"script":"<script> [1562 bytes]","args":[{"selector":{"id":"application-manageresources-display-component---newResourceUnit--DIMENSION_UNIT","interaction":{"idSuffix":"inner"}},"wdio_ui5_key":"applicationmanageresources-display-component---newResourceUnit--DIMENSION_UNIT"}]}
RESULT: {"script":"<script> [1562 bytes]","args":[{"selector":{"id":"application-manageresources-display-component---newResourceUnit--DIMENSION_UNIT","interaction":{"idSuffix":"inner"}},"wdio_ui5_key":"applicationmanageresources-display-component---newResourceUnit--DIMENSION_UNIT"}]}
RESULT: undefined
COMMAND: POST /session/991ae7458a2fe82266d4f38354923d31/execute/async - {"script":"<script> [776 bytes]","args":[{"enterText":"Meter","selector":{"id":"application-manageresources-display-component---newResourceUnit--DIMENSION_UNIT","interaction":{"idSuffix":"inner"}},"clearTextFirst":true,"interactionType":"ENTER_TEXT"}]}
RESULT: {"script":"<script> [776 bytes]","args":[{"enterText":"Meter","selector":{"id":"application-manageresources-display-component---newResourceUnit--DIMENSION_UNIT","interaction":{"idSuffix":"inner"}},"clearTextFirst":true,"interactionType":"ENTER_TEXT"}]}
COMMAND: POST /session/991ae7458a2fe82266d4f38354923d31/execute/async - {"script":"<script> [1562 bytes]","args":[{"selector":{"id":"application-manageresources-display-component---newResourceUnit--PLANNING_GROUP","interaction":{"idSuffix":"inner"}},"wdio_ui5_key":"applicationmanageresources-display-component---newResourceUnit--PLANNING_GROUP"}]}
RESULT: {"script":"<script> [1562 bytes]","args":[{"selector":{"id":"application-manageresources-display-component---newResourceUnit--PLANNING_GROUP","interaction":{"idSuffix":"inner"}},"wdio_ui5_key":"applicationmanageresources-display-component---newResourceUnit--PLANNING_GROUP"}]}
RESULT: undefined
COMMAND: POST /session/991ae7458a2fe82266d4f38354923d31/execute/async - {"script":"<script> [776 bytes]","args":[{"enterText":"Heavy","selector":{"id":"application-manageresources-display-component---newResourceUnit--PLANNING_GROUP","interaction":{"idSuffix":"inner"}},"clearTextFirst":true,"interactionType":"ENTER_TEXT"}]}
RESULT: {"script":"<script> [776 bytes]","args":[{"enterText":"Heavy","selector":{"id":"application-manageresources-display-component---newResourceUnit--PLANNING_GROUP","interaction":{"idSuffix":"inner"}},"clearTextFirst":true,"interactionType":"ENTER_TEXT"}]}
COMMAND: POST /session/991ae7458a2fe82266d4f38354923d31/execute/async - {"script":"<script> [1562 bytes]","args":[{"selector":{"id":"application-manageresources-display-component---newResourceUnit--PLANNING_INDICATOR","interaction":{"idSuffix":"inner"}},"wdio_ui5_key":"applicationmanageresources-display-component---newResourceUnit--PLANNING_INDICATOR"}]}
RESULT: {"script":"<script> [1562 bytes]","args":[{"selector":{"id":"application-manageresources-display-component---newResourceUnit--PLANNING_INDICATOR","interaction":{"idSuffix":"inner"}},"wdio_ui5_key":"applicationmanageresources-display-component---newResourceUnit--PLANNING_INDICATOR"}]}
RESULT: undefined
COMMAND: POST /session/991ae7458a2fe82266d4f38354923d31/execute/async - {"script":"<script> [776 bytes]","args":[{"enterText":"10 - infinite","selector":{"id":"application-manageresources-display-component---newResourceUnit--PLANNING_INDICATOR","interaction":{"idSuffix":"inner"}},"clearTextFirst":true,"interactionType":"ENTER_TEXT"}]}
RESULT: {"script":"<script> [776 bytes]","args":[{"enterText":"10 - infinite","selector":{"id":"application-manageresources-display-component---newResourceUnit--PLANNING_INDICATOR","interaction":{"idSuffix":"inner"}},"clearTextFirst":true,"interactionType":"ENTER_TEXT"}]}
COMMAND: POST /session/991ae7458a2fe82266d4f38354923d31/actions - {"actions":[{"id":"action8","type":"key","parameters":{},"actions":[{"type":"keyDown","value":"î€‡"},{"type":"pause","duration":10},{"type":"keyUp","value":"î€‡"}]}]}
RESULT: {"actions":[{"id":"action8","type":"key","parameters":{},"actions":[{"type":"keyDown","value":"î€‡"},{"type":"pause","duration":10},{"type":"keyUp","value":"î€‡"}]}]}
COMMAND: POST /session/991ae7458a2fe82266d4f38354923d31/execute/async - {"script":"<script> [1562 bytes]","args":[{"selector":{"id":"application-manageresources-display-component---newResourceUnit--newRRUPage-anchBar-application-manageresources-display-component---newResourceUnit--control-anchor","interaction":{"idSuffix":"BDI-content"}},"wdio_ui5_key":"applicationmanageresources-display-component---newResourceUnit--newRRUPage-anchBar-application-manageresources-display-component---newResourceUnit--control-anchor"}]}
COMMAND: GET /session/991ae7458a2fe82266d4f38354923d31/screenshot - {}
RESULT: {"script":"<script> [1562 bytes]","args":[{"selector":{"id":"application-manageresources-display-component---newResourceUnit--newRRUPage-anchBar-application-manageresources-display-component---newResourceUnit--control-anchor","interaction":{"idSuffix":"BDI-content"}},"wdio_ui5_key":"applicationmanageresources-display-component---newResourceUnit--newRRUPage-anchBar-application-manageresources-display-component---newResourceUnit--control-anchor"}]}
RESULT: undefined
COMMAND: POST /session/991ae7458a2fe82266d4f38354923d31/element - {"using":"xpath","value":"//*[@id=\"application-manageresources-display-component---newResourceUnit--newRRUPage-anchBar-application-manageresources-display-component---newResourceUnit--control-anchor\"]"}
RESULT: {}
RESULT: {"using":"xpath","value":"//*[@id=\"application-manageresources-display-component---newResourceUnit--newRRUPage-anchBar-application-manageresources-display-component---newResourceUnit--control-anchor\"]"}
COMMAND: POST /session/991ae7458a2fe82266d4f38354923d31/element/f.E50BEB4A78466B534596A34F5FDA1F41.d.F8CFF1DC8FBA383DF095734631182373.e.4794/click - {}
RESULT: {}
COMMAND: POST /session/991ae7458a2fe82266d4f38354923d31/execute/async - {"script":"<script> [1562 bytes]","args":[{"selector":{"id":"application-manageresources-display-component---newResourceUnit--btnAddTimeSegment-img"},"wdio_ui5_key":"applicationmanageresources-display-component---newResourceUnit--btnAddTimeSegment-img"}]}
COMMAND: GET /session/991ae7458a2fe82266d4f38354923d31/screenshot - {}
RESULT: {"script":"<script> [1562 bytes]","args":[{"selector":{"id":"application-manageresources-display-component---newResourceUnit--btnAddTimeSegment-img"},"wdio_ui5_key":"applicationmanageresources-display-component---newResourceUnit--btnAddTimeSegment-img"}]}
RESULT: undefined
COMMAND: POST /session/991ae7458a2fe82266d4f38354923d31/element - {"using":"xpath","value":"//*[@id=\"application-manageresources-display-component---newResourceUnit--btnAddTimeSegment-img\"]"}
RESULT: {}
RESULT: {"using":"xpath","value":"//*[@id=\"application-manageresources-display-component---newResourceUnit--btnAddTimeSegment-img\"]"}
COMMAND: POST /session/991ae7458a2fe82266d4f38354923d31/element/f.E50BEB4A78466B534596A34F5FDA1F41.d.F8CFF1DC8FBA383DF095734631182373.e.4798/click - {}
RESULT: {}
COMMAND: POST /session/991ae7458a2fe82266d4f38354923d31/element - {"using":"xpath","value":"//input[@id=\"application-manageresources-display-component---newResourceUnit--idRuTSAdmin-application-manageresources-display-component---newResourceUnit--RUTimeSegment-0-inner\"]"}
COMMAND: GET /session/991ae7458a2fe82266d4f38354923d31/screenshot - {}
RESULT: {"using":"xpath","value":"//input[@id=\"application-manageresources-display-component---newResourceUnit--idRuTSAdmin-application-manageresources-display-component---newResourceUnit--RUTimeSegment-0-inner\"]"}
COMMAND: POST /session/991ae7458a2fe82266d4f38354923d31/element/f.E50BEB4A78466B534596A34F5FDA1F41.d.F8CFF1DC8FBA383DF095734631182373.e.4803/clear - {}
RESULT: {}
RESULT: {}
COMMAND: POST /session/991ae7458a2fe82266d4f38354923d31/element/f.E50BEB4A78466B534596A34F5FDA1F41.d.F8CFF1DC8FBA383DF095734631182373.e.4803/value - {"text":"Webdriver Yard"}
COMMAND: GET /session/991ae7458a2fe82266d4f38354923d31/screenshot - {}
RESULT: {"text":"Webdriver Yard"}
COMMAND: GET /session/991ae7458a2fe82266d4f38354923d31/screenshot - {}
RESULT: {}
RESULT: {}
COMMAND: POST /session/991ae7458a2fe82266d4f38354923d31/actions - {"actions":[{"id":"action9","type":"key","parameters":{},"actions":[{"type":"keyDown","value":"î€‡"},{"type":"pause","duration":10},{"type":"keyUp","value":"î€‡"}]}]}
RESULT: {"actions":[{"id":"action9","type":"key","parameters":{},"actions":[{"type":"keyDown","value":"î€‡"},{"type":"pause","duration":10},{"type":"keyUp","value":"î€‡"}]}]}
COMMAND: GET /session/991ae7458a2fe82266d4f38354923d31/screenshot - {}
RESULT: {}
COMMAND: POST /session/991ae7458a2fe82266d4f38354923d31/element - {"using":"xpath","value":"//*[contains(text(), \"Catalogs\")][contains(@id ,\"application-manageresources-display-component---newResourceUnit--newRRUPage-anchBar\")]"}
RESULT: {"using":"xpath","value":"//*[contains(text(), \"Catalogs\")][contains(@id ,\"application-manageresources-display-component---newResourceUnit--newRRUPage-anchBar\")]"}
COMMAND: POST /session/991ae7458a2fe82266d4f38354923d31/element/f.E50BEB4A78466B534596A34F5FDA1F41.d.F8CFF1DC8FBA383DF095734631182373.e.4814/click - {}
RESULT: {}
COMMAND: GET /session/991ae7458a2fe82266d4f38354923d31/screenshot - {}
RESULT: {}
COMMAND: POST /session/991ae7458a2fe82266d4f38354923d31/element - {"using":"xpath","value":"//*[contains(text(), \"Assign\")][contains(@id ,\"button\")]"}
RESULT: {"using":"xpath","value":"//*[contains(text(), \"Assign\")][contains(@id ,\"button\")]"}
COMMAND: POST /session/991ae7458a2fe82266d4f38354923d31/element/f.E50BEB4A78466B534596A34F5FDA1F41.d.F8CFF1DC8FBA383DF095734631182373.e.4819/click - {}
RESULT: {}
COMMAND: GET /session/991ae7458a2fe82266d4f38354923d31/screenshot - {}
RESULT: {}
COMMAND: POST /session/991ae7458a2fe82266d4f38354923d31/element - {"using":"xpath","value":"//input[@id=\"application-manageresources-display-component---newResourceUnit--catalogSelect-inner\"]"}
RESULT: {"using":"xpath","value":"//input[@id=\"application-manageresources-display-component---newResourceUnit--catalogSelect-inner\"]"}
COMMAND: POST /session/991ae7458a2fe82266d4f38354923d31/element/f.E50BEB4A78466B534596A34F5FDA1F41.d.F8CFF1DC8FBA383DF095734631182373.e.4821/clear - {}
RESULT: {}
COMMAND: POST /session/991ae7458a2fe82266d4f38354923d31/element/f.E50BEB4A78466B534596A34F5FDA1F41.d.F8CFF1DC8FBA383DF095734631182373.e.4821/value - {"text":"Webshop"}
COMMAND: GET /session/991ae7458a2fe82266d4f38354923d31/screenshot - {}
RESULT: {"text":"Webshop"}
COMMAND: GET /session/991ae7458a2fe82266d4f38354923d31/screenshot - {}
RESULT: {}
RESULT: {}
COMMAND: POST /session/991ae7458a2fe82266d4f38354923d31/actions - {"actions":[{"id":"action10","type":"key","parameters":{},"actions":[{"type":"keyDown","value":"î€‡"},{"type":"pause","duration":10},{"type":"keyUp","value":"î€‡"}]}]}
RESULT: {"actions":[{"id":"action10","type":"key","parameters":{},"actions":[{"type":"keyDown","value":"î€‡"},{"type":"pause","duration":10},{"type":"keyUp","value":"î€‡"}]}]}
COMMAND: GET /session/991ae7458a2fe82266d4f38354923d31/screenshot - {}
RESULT: {}
COMMAND: POST /session/991ae7458a2fe82266d4f38354923d31/element - {"using":"xpath","value":"//input[@id=\"application-manageresources-display-component---newResourceUnit--catalogItemSelect-inner\"]"}
RESULT: {"using":"xpath","value":"//input[@id=\"application-manageresources-display-component---newResourceUnit--catalogItemSelect-inner\"]"}
COMMAND: POST /session/991ae7458a2fe82266d4f38354923d31/element/f.E50BEB4A78466B534596A34F5FDA1F41.d.F8CFF1DC8FBA383DF095734631182373.e.4823/clear - {}
RESULT: {}
COMMAND: POST /session/991ae7458a2fe82266d4f38354923d31/element/f.E50BEB4A78466B534596A34F5FDA1F41.d.F8CFF1DC8FBA383DF095734631182373.e.4823/value - {"text":"Concert"}
COMMAND: GET /session/991ae7458a2fe82266d4f38354923d31/screenshot - {}
RESULT: {"text":"Concert"}
COMMAND: GET /session/991ae7458a2fe82266d4f38354923d31/screenshot - {}
RESULT: {}
RESULT: {}
COMMAND: POST /session/991ae7458a2fe82266d4f38354923d31/actions - {"actions":[{"id":"action11","type":"key","parameters":{},"actions":[{"type":"keyDown","value":"î€•"},{"type":"pause","duration":10},{"type":"keyUp","value":"î€•"}]}]}
RESULT: {"actions":[{"id":"action11","type":"key","parameters":{},"actions":[{"type":"keyDown","value":"î€•"},{"type":"pause","duration":10},{"type":"keyUp","value":"î€•"}]}]}
COMMAND: POST /session/991ae7458a2fe82266d4f38354923d31/actions - {"actions":[{"id":"action12","type":"key","parameters":{},"actions":[{"type":"keyDown","value":"î€‡"},{"type":"pause","duration":10},{"type":"keyUp","value":"î€‡"}]}]}
COMMAND: GET /session/991ae7458a2fe82266d4f38354923d31/screenshot - {}
RESULT: {"actions":[{"id":"action12","type":"key","parameters":{},"actions":[{"type":"keyDown","value":"î€‡"},{"type":"pause","duration":10},{"type":"keyUp","value":"î€‡"}]}]}
COMMAND: POST /session/991ae7458a2fe82266d4f38354923d31/execute/async - {"script":"<script> [1562 bytes]","args":[{"selector":{"id":"application-manageresources-display-component---newResourceUnit--RUAssignmentSaveButton","searchOpenDialogs":true,"interaction":{"idSuffix":"BDI-content"}},"wdio_ui5_key":"applicationmanageresources-display-component---newResourceUnit--RUAssignmentSaveButton"}]}
COMMAND: GET /session/991ae7458a2fe82266d4f38354923d31/screenshot - {}
RESULT: {}
RESULT: {"script":"<script> [1562 bytes]","args":[{"selector":{"id":"application-manageresources-display-component---newResourceUnit--RUAssignmentSaveButton","searchOpenDialogs":true,"interaction":{"idSuffix":"BDI-content"}},"wdio_ui5_key":"applicationmanageresources-display-component---newResourceUnit--RUAssignmentSaveButton"}]}
RESULT: undefined
COMMAND: POST /session/991ae7458a2fe82266d4f38354923d31/element - {"using":"xpath","value":"//*[@id=\"application-manageresources-display-component---newResourceUnit--RUAssignmentSaveButton\"]"}
RESULT: {}
RESULT: {"using":"xpath","value":"//*[@id=\"application-manageresources-display-component---newResourceUnit--RUAssignmentSaveButton\"]"}
COMMAND: POST /session/991ae7458a2fe82266d4f38354923d31/element/f.E50BEB4A78466B534596A34F5FDA1F41.d.F8CFF1DC8FBA383DF095734631182373.e.4844/click - {}
RESULT: {}
COMMAND: GET /session/991ae7458a2fe82266d4f38354923d31/screenshot - {}
RESULT: {}
COMMAND: POST /session/991ae7458a2fe82266d4f38354923d31/element - {"using":"xpath","value":"//bdi[@id=\"application-manageresources-display-component---newResourceUnit--createRuButton-BDI-content\" and text()=\"Save\"]"}
RESULT: {"using":"xpath","value":"//bdi[@id=\"application-manageresources-display-component---newResourceUnit--createRuButton-BDI-content\" and text()=\"Save\"]"}
COMMAND: POST /session/991ae7458a2fe82266d4f38354923d31/execute/sync - {"script":"<script> [8489 bytes]","args":[{"element-6066-11e4-a52e-4f735466cecf":"f.E50BEB4A78466B534596A34F5FDA1F41.d.F8CFF1DC8FBA383DF095734631182373.e.4854","ELEMENT":"f.E50BEB4A78466B534596A34F5FDA1F41.d.F8CFF1DC8FBA383DF095734631182373.e.4854"}]}
RESULT: {"script":"<script> [8489 bytes]","args":[{"element-6066-11e4-a52e-4f735466cecf":"f.E50BEB4A78466B534596A34F5FDA1F41.d.F8CFF1DC8FBA383DF095734631182373.e.4854","ELEMENT":"f.E50BEB4A78466B534596A34F5FDA1F41.d.F8CFF1DC8FBA383DF095734631182373.e.4854"}]}
COMMAND: POST /session/991ae7458a2fe82266d4f38354923d31/execute/sync - {"script":"<script> [5351 bytes]","args":[{"element-6066-11e4-a52e-4f735466cecf":"f.E50BEB4A78466B534596A34F5FDA1F41.d.F8CFF1DC8FBA383DF095734631182373.e.4854","ELEMENT":"f.E50BEB4A78466B534596A34F5FDA1F41.d.F8CFF1DC8FBA383DF095734631182373.e.4854"}]}
COMMAND: GET /session/991ae7458a2fe82266d4f38354923d31/screenshot - {}
RESULT: {"script":"<script> [5351 bytes]","args":[{"element-6066-11e4-a52e-4f735466cecf":"f.E50BEB4A78466B534596A34F5FDA1F41.d.F8CFF1DC8FBA383DF095734631182373.e.4854","ELEMENT":"f.E50BEB4A78466B534596A34F5FDA1F41.d.F8CFF1DC8FBA383DF095734631182373.e.4854"}]}
COMMAND: POST /session/991ae7458a2fe82266d4f38354923d31/element/f.E50BEB4A78466B534596A34F5FDA1F41.d.F8CFF1DC8FBA383DF095734631182373.e.4854/click - {}
COMMAND: GET /session/991ae7458a2fe82266d4f38354923d31/screenshot - {}
RESULT: {}
RESULT: {}
COMMAND: GET /session/991ae7458a2fe82266d4f38354923d31/screenshot - {}
RESULT: {}
RESULT: {}
COMMAND: POST /session/991ae7458a2fe82266d4f38354923d31/element - {"using":"xpath","value":"//bdi[contains(@id, \"BDI-content\") and text()=\"Close\"]"}
RESULT: {"using":"xpath","value":"//bdi[contains(@id, \"BDI-content\") and text()=\"Close\"]"}
COMMAND: POST /session/991ae7458a2fe82266d4f38354923d31/execute/sync - {"script":"<script> [8489 bytes]","args":[{"element-6066-11e4-a52e-4f735466cecf":"f.E50BEB4A78466B534596A34F5FDA1F41.d.F8CFF1DC8FBA383DF095734631182373.e.4858","ELEMENT":"f.E50BEB4A78466B534596A34F5FDA1F41.d.F8CFF1DC8FBA383DF095734631182373.e.4858"}]}
RESULT: {"script":"<script> [8489 bytes]","args":[{"element-6066-11e4-a52e-4f735466cecf":"f.E50BEB4A78466B534596A34F5FDA1F41.d.F8CFF1DC8FBA383DF095734631182373.e.4858","ELEMENT":"f.E50BEB4A78466B534596A34F5FDA1F41.d.F8CFF1DC8FBA383DF095734631182373.e.4858"}]}
COMMAND: POST /session/991ae7458a2fe82266d4f38354923d31/execute/sync - {"script":"<script> [5351 bytes]","args":[{"element-6066-11e4-a52e-4f735466cecf":"f.E50BEB4A78466B534596A34F5FDA1F41.d.F8CFF1DC8FBA383DF095734631182373.e.4858","ELEMENT":"f.E50BEB4A78466B534596A34F5FDA1F41.d.F8CFF1DC8FBA383DF095734631182373.e.4858"}]}
COMMAND: GET /session/991ae7458a2fe82266d4f38354923d31/screenshot - {}
RESULT: {"script":"<script> [5351 bytes]","args":[{"element-6066-11e4-a52e-4f735466cecf":"f.E50BEB4A78466B534596A34F5FDA1F41.d.F8CFF1DC8FBA383DF095734631182373.e.4858","ELEMENT":"f.E50BEB4A78466B534596A34F5FDA1F41.d.F8CFF1DC8FBA383DF095734631182373.e.4858"}]}
COMMAND: POST /session/991ae7458a2fe82266d4f38354923d31/element/f.E50BEB4A78466B534596A34F5FDA1F41.d.F8CFF1DC8FBA383DF095734631182373.e.4858/click - {}
COMMAND: GET /session/991ae7458a2fe82266d4f38354923d31/screenshot - {}
RESULT: {}
RESULT: {}
COMMAND: GET /session/991ae7458a2fe82266d4f38354923d31/screenshot - {}
RESULT: {}
RESULT: {}
COMMAND: POST /session/991ae7458a2fe82266d4f38354923d31/execute/async - {"script":"<script> [1562 bytes]","args":[{"selector":{"controlType":"sap.m.Text","viewName":"etm.portal.ui.manageresources.view.Detail","viewId":"application-manageresources-display-component---detailRU","bindingPath":{"propertyPath":"ID","modelName":"catalogModel"}},"wdio_ui5_key":"etmportal.ui.manageresources.view.Detailsap.m.Text{\"propertyPath\":\"ID\",\"modelName\":\"catalogModel\"}"}]}
RESULT: {"script":"<script> [1562 bytes]","args":[{"selector":{"controlType":"sap.m.Text","viewName":"etm.portal.ui.manageresources.view.Detail","viewId":"application-manageresources-display-component---detailRU","bindingPath":{"propertyPath":"ID","modelName":"catalogModel"}},"wdio_ui5_key":"etmportal.ui.manageresources.view.Detailsap.m.Text{\"propertyPath\":\"ID\",\"modelName\":\"catalogModel\"}"}]}
RESULT: undefined
COMMAND: POST /session/991ae7458a2fe82266d4f38354923d31/execute/async - {"script":"<script> [6424 bytes]","args":[{"element-6066-11e4-a52e-4f735466cecf":"f.E50BEB4A78466B534596A34F5FDA1F41.d.F8CFF1DC8FBA383DF095734631182373.e.4889"},"getText",[]]}
RESULT: {"script":"<script> [6424 bytes]","args":[{"element-6066-11e4-a52e-4f735466cecf":"f.E50BEB4A78466B534596A34F5FDA1F41.d.F8CFF1DC8FBA383DF095734631182373.e.4889"},"getText",[]]}
COMMAND: POST /session/991ae7458a2fe82266d4f38354923d31/element - {"using":"css selector","value":"#shell-header-logo"}
RESULT: {"using":"css selector","value":"#shell-header-logo"}
COMMAND: POST /session/991ae7458a2fe82266d4f38354923d31/element/f.E50BEB4A78466B534596A34F5FDA1F41.d.F8CFF1DC8FBA383DF095734631182373.e.4234/click - {}
RESULT: {}
COMMAND: GET /session/991ae7458a2fe82266d4f38354923d31/screenshot - {}
RESULT: {}
]]></system-out>
    </testcase>
    <testcase classname="chrome.135_0_7049_96.windows.Yard_Overview_Autoplanning_US130989" name="Should create a new request and add the material" time="77.519">
      <system-out><![CDATA[
COMMAND: POST /session/991ae7458a2fe82266d4f38354923d31/execute/async - {"script":"<script> [1562 bytes]","args":[{"selector":{"controlType":"sap.m.Text","properties":{"text":"Manage Requests"},"interaction":{"idSuffix":"inner"}},"wdio_ui5_key":"sapm.Text{\"text\":\"Manage Requests\"}"}]}
RESULT: {"script":"<script> [1562 bytes]","args":[{"selector":{"controlType":"sap.m.Text","properties":{"text":"Manage Requests"},"interaction":{"idSuffix":"inner"}},"wdio_ui5_key":"sapm.Text{\"text\":\"Manage Requests\"}"}]}
RESULT: undefined
COMMAND: POST /session/991ae7458a2fe82266d4f38354923d31/element - {"using":"xpath","value":"//*[@id=\"__tile39-title\"]"}
RESULT: {"using":"xpath","value":"//*[@id=\"__tile39-title\"]"}
COMMAND: POST /session/991ae7458a2fe82266d4f38354923d31/element/f.E50BEB4A78466B534596A34F5FDA1F41.d.F8CFF1DC8FBA383DF095734631182373.e.4894/click - {}
RESULT: {}
COMMAND: GET /session/991ae7458a2fe82266d4f38354923d31/screenshot - {}
RESULT: {}
COMMAND: POST /session/991ae7458a2fe82266d4f38354923d31/execute/async - {"script":"<script> [1562 bytes]","args":[{"selector":{"id":"btnCreateNew","viewName":"etm.portal.ui.managerequests.view.Master","interaction":{"idSuffix":"inner"}},"wdio_ui5_key":"btnCreateNewetmportal.ui.managerequests.view.Master"}]}
RESULT: {"script":"<script> [1562 bytes]","args":[{"selector":{"id":"btnCreateNew","viewName":"etm.portal.ui.managerequests.view.Master","interaction":{"idSuffix":"inner"}},"wdio_ui5_key":"btnCreateNewetmportal.ui.managerequests.view.Master"}]}
RESULT: undefined
COMMAND: POST /session/991ae7458a2fe82266d4f38354923d31/element - {"using":"xpath","value":"//*[@id=\"__xmlview58--btnCreateNew\"]"}
RESULT: {"using":"xpath","value":"//*[@id=\"__xmlview58--btnCreateNew\"]"}
COMMAND: POST /session/991ae7458a2fe82266d4f38354923d31/element/f.E50BEB4A78466B534596A34F5FDA1F41.d.F8CFF1DC8FBA383DF095734631182373.e.4951/click - {}
RESULT: {}
COMMAND: GET /session/991ae7458a2fe82266d4f38354923d31/screenshot - {}
RESULT: {}
COMMAND: POST /session/991ae7458a2fe82266d4f38354923d31/execute/async - {"script":"<script> [1562 bytes]","args":[{"selector":{"controlType":"sap.ui.core.Icon","viewName":"etm.portal.ui.managerequests.view.NewRequest","properties":{"src":{"regex":{"source":"full\\-screen"}}}},"wdio_ui5_key":"etmportal.ui.managerequests.view.NewRequestsap.ui.core.Icon{\"src\":{\"regex\":{\"source\":\"full\\\\-screen\"}}}"}]}
RESULT: {"script":"<script> [1562 bytes]","args":[{"selector":{"controlType":"sap.ui.core.Icon","viewName":"etm.portal.ui.managerequests.view.NewRequest","properties":{"src":{"regex":{"source":"full\\-screen"}}}},"wdio_ui5_key":"etmportal.ui.managerequests.view.NewRequestsap.ui.core.Icon{\"src\":{\"regex\":{\"source\":\"full\\\\-screen\"}}}"}]}
RESULT: undefined
COMMAND: POST /session/991ae7458a2fe82266d4f38354923d31/element - {"using":"xpath","value":"//*[@id=\"__button75-img\"]"}
RESULT: {"using":"xpath","value":"//*[@id=\"__button75-img\"]"}
COMMAND: POST /session/991ae7458a2fe82266d4f38354923d31/element/f.E50BEB4A78466B534596A34F5FDA1F41.d.F8CFF1DC8FBA383DF095734631182373.e.5342/click - {}
RESULT: {}
COMMAND: GET /session/991ae7458a2fe82266d4f38354923d31/screenshot - {}
RESULT: {}
COMMAND: POST /session/991ae7458a2fe82266d4f38354923d31/element - {"using":"xpath","value":"//input[contains(@id ,\"yardId-inner\")]"}
RESULT: {"using":"xpath","value":"//input[contains(@id ,\"yardId-inner\")]"}
COMMAND: POST /session/991ae7458a2fe82266d4f38354923d31/element/f.E50BEB4A78466B534596A34F5FDA1F41.d.F8CFF1DC8FBA383DF095734631182373.e.5184/value - {"text":"Webdriver Yard"}
RESULT: {"text":"Webdriver Yard"}
COMMAND: GET /session/991ae7458a2fe82266d4f38354923d31/screenshot - {}
RESULT: {}
COMMAND: POST /session/991ae7458a2fe82266d4f38354923d31/actions - {"actions":[{"id":"action13","type":"key","parameters":{},"actions":[{"type":"keyDown","value":"î€‡"},{"type":"pause","duration":10},{"type":"keyUp","value":"î€‡"}]}]}
RESULT: {"actions":[{"id":"action13","type":"key","parameters":{},"actions":[{"type":"keyDown","value":"î€‡"},{"type":"pause","duration":10},{"type":"keyUp","value":"î€‡"}]}]}
COMMAND: GET /session/991ae7458a2fe82266d4f38354923d31/screenshot - {}
RESULT: {}
COMMAND: POST /session/991ae7458a2fe82266d4f38354923d31/element - {"using":"xpath","value":"//input[contains(@id ,\"customerNumber-inner\")]"}
RESULT: {"using":"xpath","value":"//input[contains(@id ,\"customerNumber-inner\")]"}
COMMAND: POST /session/991ae7458a2fe82266d4f38354923d31/element/f.E50BEB4A78466B534596A34F5FDA1F41.d.F8CFF1DC8FBA383DF095734631182373.e.5178/clear - {}
RESULT: {}
COMMAND: POST /session/991ae7458a2fe82266d4f38354923d31/element/f.E50BEB4A78466B534596A34F5FDA1F41.d.F8CFF1DC8FBA383DF095734631182373.e.5178/value - {"text":"WebdriverPartner"}
COMMAND: GET /session/991ae7458a2fe82266d4f38354923d31/screenshot - {}
RESULT: {"text":"WebdriverPartner"}
COMMAND: GET /session/991ae7458a2fe82266d4f38354923d31/screenshot - {}
RESULT: {}
RESULT: {}
COMMAND: POST /session/991ae7458a2fe82266d4f38354923d31/actions - {"actions":[{"id":"action14","type":"key","parameters":{},"actions":[{"type":"keyDown","value":"î€‡"},{"type":"pause","duration":10},{"type":"keyUp","value":"î€‡"}]}]}
RESULT: {"actions":[{"id":"action14","type":"key","parameters":{},"actions":[{"type":"keyDown","value":"î€‡"},{"type":"pause","duration":10},{"type":"keyUp","value":"î€‡"}]}]}
COMMAND: GET /session/991ae7458a2fe82266d4f38354923d31/screenshot - {}
RESULT: {}
COMMAND: POST /session/991ae7458a2fe82266d4f38354923d31/element - {"using":"xpath","value":"//button[contains(@id ,\"btnAddTableRow\")]"}
RESULT: {"using":"xpath","value":"//button[contains(@id ,\"btnAddTableRow\")]"}
COMMAND: POST /session/991ae7458a2fe82266d4f38354923d31/element/f.E50BEB4A78466B534596A34F5FDA1F41.d.F8CFF1DC8FBA383DF095734631182373.e.5156/click - {}
RESULT: {}
COMMAND: GET /session/991ae7458a2fe82266d4f38354923d31/screenshot - {}
RESULT: {}
COMMAND: POST /session/991ae7458a2fe82266d4f38354923d31/actions - {"actions":[{"id":"action15","type":"key","parameters":{},"actions":[{"type":"keyDown","value":"î€•"},{"type":"pause","duration":10},{"type":"keyUp","value":"î€•"}]}]}
RESULT: {"actions":[{"id":"action15","type":"key","parameters":{},"actions":[{"type":"keyDown","value":"î€•"},{"type":"pause","duration":10},{"type":"keyUp","value":"î€•"}]}]}
COMMAND: POST /session/991ae7458a2fe82266d4f38354923d31/actions - {"actions":[{"id":"action16","type":"key","parameters":{},"actions":[{"type":"keyDown","value":"î€‡"},{"type":"pause","duration":10},{"type":"keyUp","value":"î€‡"}]}]}
COMMAND: GET /session/991ae7458a2fe82266d4f38354923d31/screenshot - {}
RESULT: {"actions":[{"id":"action16","type":"key","parameters":{},"actions":[{"type":"keyDown","value":"î€‡"},{"type":"pause","duration":10},{"type":"keyUp","value":"î€‡"}]}]}
COMMAND: POST /session/991ae7458a2fe82266d4f38354923d31/execute/async - {"script":"<script> [1562 bytes]","args":[{"selector":{"controlType":"etm.portal.ui.reusables.customControls.LiveSearchComboBox","viewName":"etm.portal.ui.managerequests.view.NewRequest","bindingPath":{"path":"/RequestItems/0","propertyPath":"CATALOG_ITEM","modelName":"newRequestItems"},"interaction":{"idSuffix":"inner"}},"wdio_ui5_key":"etmportal.ui.managerequests.view.NewRequestetm.portal.ui.reusables.customControls.LiveSearchComboBox{\"path\":\"/RequestItems/0\",\"propertyPath\":\"CATALOG_ITEM\",\"modelName\":\"newRequestItems\"}"}]}
COMMAND: GET /session/991ae7458a2fe82266d4f38354923d31/screenshot - {}
RESULT: {}
RESULT: {"script":"<script> [1562 bytes]","args":[{"selector":{"controlType":"etm.portal.ui.reusables.customControls.LiveSearchComboBox","viewName":"etm.portal.ui.managerequests.view.NewRequest","bindingPath":{"path":"/RequestItems/0","propertyPath":"CATALOG_ITEM","modelName":"newRequestItems"},"interaction":{"idSuffix":"inner"}},"wdio_ui5_key":"etmportal.ui.managerequests.view.NewRequestetm.portal.ui.reusables.customControls.LiveSearchComboBox{\"path\":\"/RequestItems/0\",\"propertyPath\":\"CATALOG_ITEM\",\"modelName\":\"newRequestItems\"}"}]}
RESULT: undefined
COMMAND: POST /session/991ae7458a2fe82266d4f38354923d31/execute/async - {"script":"<script> [776 bytes]","args":[{"enterText":"Concert","selector":{"controlType":"etm.portal.ui.reusables.customControls.LiveSearchComboBox","viewName":"etm.portal.ui.managerequests.view.NewRequest","bindingPath":{"path":"/RequestItems/0","propertyPath":"CATALOG_ITEM","modelName":"newRequestItems"},"interaction":{"idSuffix":"inner"}},"clearTextFirst":true,"interactionType":"ENTER_TEXT"}]}
RESULT: {}
RESULT: {"script":"<script> [776 bytes]","args":[{"enterText":"Concert","selector":{"controlType":"etm.portal.ui.reusables.customControls.LiveSearchComboBox","viewName":"etm.portal.ui.managerequests.view.NewRequest","bindingPath":{"path":"/RequestItems/0","propertyPath":"CATALOG_ITEM","modelName":"newRequestItems"},"interaction":{"idSuffix":"inner"}},"clearTextFirst":true,"interactionType":"ENTER_TEXT"}]}
COMMAND: POST /session/991ae7458a2fe82266d4f38354923d31/execute/async - {"script":"<script> [1562 bytes]","args":[{"selector":{"controlType":"sap.ui.core.Icon","viewName":"etm.portal.ui.managerequests.view.NewRequest","properties":{"src":{"regex":{"source":"slim\\-arrow\\-down"}}},"ancestor":{"controlType":"sap.m.ColumnListItem","viewName":"etm.portal.ui.managerequests.view.NewRequest","bindingPath":{"modelName":"newRequestItems","path":"/RequestItems/0"},"ancestor":{"id":"requestItemsTable","viewName":"etm.portal.ui.managerequests.view.NewRequest"}}},"wdio_ui5_key":"etmportal.ui.managerequests.view.NewRequestsap.ui.core.Icon{\"src\":{\"regex\":{\"source\":\"slim\\\\-arrow\\\\-down\"}}}{\"controlType\":\"sap.m.ColumnListItem\",\"viewName\":\"etm.portal.ui.managerequests.view.NewRequest\",\"bindingPath\":{\"modelName\":\"newRequestItems\",\"path\":\"/RequestItems/0\"},\"ancestor\":{\"id\":\"requestItemsTable\",\"viewName\":\"etm.portal.ui.managerequests.view.NewRequest\"}}"}]}
RESULT: {"script":"<script> [1562 bytes]","args":[{"selector":{"controlType":"sap.ui.core.Icon","viewName":"etm.portal.ui.managerequests.view.NewRequest","properties":{"src":{"regex":{"source":"slim\\-arrow\\-down"}}},"ancestor":{"controlType":"sap.m.ColumnListItem","viewName":"etm.portal.ui.managerequests.view.NewRequest","bindingPath":{"modelName":"newRequestItems","path":"/RequestItems/0"},"ancestor":{"id":"requestItemsTable","viewName":"etm.portal.ui.managerequests.view.NewRequest"}}},"wdio_ui5_key":"etmportal.ui.managerequests.view.NewRequestsap.ui.core.Icon{\"src\":{\"regex\":{\"source\":\"slim\\\\-arrow\\\\-down\"}}}{\"controlType\":\"sap.m.ColumnListItem\",\"viewName\":\"etm.portal.ui.managerequests.view.NewRequest\",\"bindingPath\":{\"modelName\":\"newRequestItems\",\"path\":\"/RequestItems/0\"},\"ancestor\":{\"id\":\"requestItemsTable\",\"viewName\":\"etm.portal.ui.managerequests.view.NewRequest\"}}"}]}
RESULT: undefined
COMMAND: POST /session/991ae7458a2fe82266d4f38354923d31/element - {"using":"xpath","value":"//*[@id=\"__box14-__xmlview59--requestItemsTable-0-arrow\"]"}
RESULT: {"using":"xpath","value":"//*[@id=\"__box14-__xmlview59--requestItemsTable-0-arrow\"]"}
COMMAND: POST /session/991ae7458a2fe82266d4f38354923d31/element/f.E50BEB4A78466B534596A34F5FDA1F41.d.F8CFF1DC8FBA383DF095734631182373.e.5399/click - {}
RESULT: {}
COMMAND: POST /session/991ae7458a2fe82266d4f38354923d31/execute/async - {"script":"<script> [1562 bytes]","args":[{"selector":{"controlType":"sap.m.StandardListItem","viewName":"etm.portal.ui.managerequests.view.NewRequest","properties":{"title":"Concert - Concert "},"searchOpenDialogs":true,"interaction":{"idSuffix":"content"}},"wdio_ui5_key":"etmportal.ui.managerequests.view.NewRequestsap.m.StandardListItem{\"title\":\"Concert - Concert \"}"}]}
COMMAND: GET /session/991ae7458a2fe82266d4f38354923d31/screenshot - {}
RESULT: {"script":"<script> [1562 bytes]","args":[{"selector":{"controlType":"sap.m.StandardListItem","viewName":"etm.portal.ui.managerequests.view.NewRequest","properties":{"title":"Concert - Concert "},"searchOpenDialogs":true,"interaction":{"idSuffix":"content"}},"wdio_ui5_key":"etmportal.ui.managerequests.view.NewRequestsap.m.StandardListItem{\"title\":\"Concert - Concert \"}"}]}
RESULT: undefined
COMMAND: POST /session/991ae7458a2fe82266d4f38354923d31/execute/async - {"script":"<script> [1562 bytes]","args":[{"selector":{"controlType":"sap.ui.core.Icon","viewName":"etm.portal.ui.managerequests.view.NewRequest","properties":{"src":{"regex":{"source":"message\\-error"}}},"ancestor":{"controlType":"sap.m.ColumnListItem","viewName":"etm.portal.ui.managerequests.view.NewRequest","bindingPath":{"modelName":"newRequestItems","path":"/RequestItems/0"},"ancestor":{"id":"requestItemsTable","viewName":"etm.portal.ui.managerequests.view.NewRequest"}}},"wdio_ui5_key":"etmportal.ui.managerequests.view.NewRequestsap.ui.core.Icon{\"src\":{\"regex\":{\"source\":\"message\\\\-error\"}}}{\"controlType\":\"sap.m.ColumnListItem\",\"viewName\":\"etm.portal.ui.managerequests.view.NewRequest\",\"bindingPath\":{\"modelName\":\"newRequestItems\",\"path\":\"/RequestItems/0\"},\"ancestor\":{\"id\":\"requestItemsTable\",\"viewName\":\"etm.portal.ui.managerequests.view.NewRequest\"}}"}]}
RESULT: {}
RESULT: {"script":"<script> [1562 bytes]","args":[{"selector":{"controlType":"sap.ui.core.Icon","viewName":"etm.portal.ui.managerequests.view.NewRequest","properties":{"src":{"regex":{"source":"message\\-error"}}},"ancestor":{"controlType":"sap.m.ColumnListItem","viewName":"etm.portal.ui.managerequests.view.NewRequest","bindingPath":{"modelName":"newRequestItems","path":"/RequestItems/0"},"ancestor":{"id":"requestItemsTable","viewName":"etm.portal.ui.managerequests.view.NewRequest"}}},"wdio_ui5_key":"etmportal.ui.managerequests.view.NewRequestsap.ui.core.Icon{\"src\":{\"regex\":{\"source\":\"message\\\\-error\"}}}{\"controlType\":\"sap.m.ColumnListItem\",\"viewName\":\"etm.portal.ui.managerequests.view.NewRequest\",\"bindingPath\":{\"modelName\":\"newRequestItems\",\"path\":\"/RequestItems/0\"},\"ancestor\":{\"id\":\"requestItemsTable\",\"viewName\":\"etm.portal.ui.managerequests.view.NewRequest\"}}"}]}
RESULT: undefined
COMMAND: POST /session/991ae7458a2fe82266d4f38354923d31/element - {"using":"xpath","value":"//*[@id=\"__status10-__xmlview59--requestItemsTable-0-icon\"]"}
RESULT: {"using":"xpath","value":"//*[@id=\"__status10-__xmlview59--requestItemsTable-0-icon\"]"}
COMMAND: POST /session/991ae7458a2fe82266d4f38354923d31/element/f.E50BEB4A78466B534596A34F5FDA1F41.d.F8CFF1DC8FBA383DF095734631182373.e.5400/click - {}
RESULT: {}
COMMAND: POST /session/991ae7458a2fe82266d4f38354923d31/execute/async - {"script":"<script> [1562 bytes]","args":[{"selector":{"controlType":"sap.ui.core.Icon","viewName":"etm.portal.ui.managerequests.view.NewRequest","properties":{"src":{"regex":{"source":"slim\\-arrow\\-down"}}},"searchOpenDialogs":true,"ancestor":{"id":"costObjectAdminTypeComboBox","viewName":"etm.portal.ui.managerequests.view.NewRequest","searchOpenDialogs":true}},"wdio_ui5_key":"etmportal.ui.managerequests.view.NewRequestsap.ui.core.Icon{\"src\":{\"regex\":{\"source\":\"slim\\\\-arrow\\\\-down\"}}}{\"id\":\"costObjectAdminTypeComboBox\",\"viewName\":\"etm.portal.ui.managerequests.view.NewRequest\",\"searchOpenDialogs\":true}"}]}
COMMAND: GET /session/991ae7458a2fe82266d4f38354923d31/screenshot - {}
RESULT: {"script":"<script> [1562 bytes]","args":[{"selector":{"controlType":"sap.ui.core.Icon","viewName":"etm.portal.ui.managerequests.view.NewRequest","properties":{"src":{"regex":{"source":"slim\\-arrow\\-down"}}},"searchOpenDialogs":true,"ancestor":{"id":"costObjectAdminTypeComboBox","viewName":"etm.portal.ui.managerequests.view.NewRequest","searchOpenDialogs":true}},"wdio_ui5_key":"etmportal.ui.managerequests.view.NewRequestsap.ui.core.Icon{\"src\":{\"regex\":{\"source\":\"slim\\\\-arrow\\\\-down\"}}}{\"id\":\"costObjectAdminTypeComboBox\",\"viewName\":\"etm.portal.ui.managerequests.view.NewRequest\",\"searchOpenDialogs\":true}"}]}
RESULT: undefined
COMMAND: POST /session/991ae7458a2fe82266d4f38354923d31/element - {"using":"xpath","value":"//*[@id=\"__xmlview59--costObjectAdminTypeComboBox-arrow\"]"}
RESULT: {}
RESULT: {"using":"xpath","value":"//*[@id=\"__xmlview59--costObjectAdminTypeComboBox-arrow\"]"}
COMMAND: POST /session/991ae7458a2fe82266d4f38354923d31/element/f.E50BEB4A78466B534596A34F5FDA1F41.d.F8CFF1DC8FBA383DF095734631182373.e.5405/click - {}
RESULT: {}
COMMAND: GET /session/991ae7458a2fe82266d4f38354923d31/screenshot - {}
RESULT: {}
COMMAND: POST /session/991ae7458a2fe82266d4f38354923d31/execute/async - {"script":"<script> [1562 bytes]","args":[{"selector":{"controlType":"sap.m.StandardListItem","viewName":"etm.portal.ui.managerequests.view.NewRequest","properties":{"title":"Cost Center"},"searchOpenDialogs":true,"interaction":{"idSuffix":"content"}},"wdio_ui5_key":"etmportal.ui.managerequests.view.NewRequestsap.m.StandardListItem{\"title\":\"Cost Center\"}"}]}
RESULT: {"script":"<script> [1562 bytes]","args":[{"selector":{"controlType":"sap.m.StandardListItem","viewName":"etm.portal.ui.managerequests.view.NewRequest","properties":{"title":"Cost Center"},"searchOpenDialogs":true,"interaction":{"idSuffix":"content"}},"wdio_ui5_key":"etmportal.ui.managerequests.view.NewRequestsap.m.StandardListItem{\"title\":\"Cost Center\"}"}]}
RESULT: undefined
COMMAND: POST /session/991ae7458a2fe82266d4f38354923d31/element - {"using":"xpath","value":"//*[@id=\"__item1109\"]"}
RESULT: {"using":"xpath","value":"//*[@id=\"__item1109\"]"}
COMMAND: POST /session/991ae7458a2fe82266d4f38354923d31/element/f.E50BEB4A78466B534596A34F5FDA1F41.d.F8CFF1DC8FBA383DF095734631182373.e.5408/click - {}
RESULT: {}
COMMAND: POST /session/991ae7458a2fe82266d4f38354923d31/execute/async - {"script":"<script> [1562 bytes]","args":[{"selector":{"controlType":"sap.m.Button","viewName":"etm.portal.ui.managerequests.view.NewRequest","i18NText":{"propertyName":"text","key":"save"},"searchOpenDialogs":true,"interaction":{"idSuffix":"inner"}},"wdio_ui5_key":"etmportal.ui.managerequests.view.NewRequestsap.m.Button{\"propertyName\":\"text\",\"key\":\"save\"}"}]}
COMMAND: GET /session/991ae7458a2fe82266d4f38354923d31/screenshot - {}
RESULT: {"script":"<script> [1562 bytes]","args":[{"selector":{"controlType":"sap.m.Button","viewName":"etm.portal.ui.managerequests.view.NewRequest","i18NText":{"propertyName":"text","key":"save"},"searchOpenDialogs":true,"interaction":{"idSuffix":"inner"}},"wdio_ui5_key":"etmportal.ui.managerequests.view.NewRequestsap.m.Button{\"propertyName\":\"text\",\"key\":\"save\"}"}]}
RESULT: undefined
COMMAND: POST /session/991ae7458a2fe82266d4f38354923d31/element - {"using":"xpath","value":"//*[@id=\"__button93\"]"}
RESULT: {}
RESULT: {"using":"xpath","value":"//*[@id=\"__button93\"]"}
COMMAND: POST /session/991ae7458a2fe82266d4f38354923d31/element/f.E50BEB4A78466B534596A34F5FDA1F41.d.F8CFF1DC8FBA383DF095734631182373.e.5415/click - {}
RESULT: {}
COMMAND: POST /session/991ae7458a2fe82266d4f38354923d31/execute/async - {"script":"<script> [1562 bytes]","args":[{"selector":{"controlType":"sap.m.Button","viewName":"etm.portal.ui.managerequests.view.NewRequest","i18NText":{"propertyName":"tooltip","key":"save"},"interaction":{"idSuffix":"BDI-content"}},"wdio_ui5_key":"etmportal.ui.managerequests.view.NewRequestsap.m.Button{\"propertyName\":\"tooltip\",\"key\":\"save\"}"}]}
COMMAND: GET /session/991ae7458a2fe82266d4f38354923d31/screenshot - {}
RESULT: {"script":"<script> [1562 bytes]","args":[{"selector":{"controlType":"sap.m.Button","viewName":"etm.portal.ui.managerequests.view.NewRequest","i18NText":{"propertyName":"tooltip","key":"save"},"interaction":{"idSuffix":"BDI-content"}},"wdio_ui5_key":"etmportal.ui.managerequests.view.NewRequestsap.m.Button{\"propertyName\":\"tooltip\",\"key\":\"save\"}"}]}
RESULT: undefined
COMMAND: POST /session/991ae7458a2fe82266d4f38354923d31/element - {"using":"xpath","value":"//*[@id=\"__button82\"]"}
RESULT: {}
RESULT: {"using":"xpath","value":"//*[@id=\"__button82\"]"}
COMMAND: POST /session/991ae7458a2fe82266d4f38354923d31/element/f.E50BEB4A78466B534596A34F5FDA1F41.d.F8CFF1DC8FBA383DF095734631182373.e.5291/click - {}
RESULT: {}
COMMAND: POST /session/991ae7458a2fe82266d4f38354923d31/execute/async - {"script":"<script> [1562 bytes]","args":[{"selector":{"controlType":"sap.m.Button","properties":{"text":"Close"},"searchOpenDialogs":true,"interaction":{"idSuffix":"inner"}},"wdio_ui5_key":"sapm.Button{\"text\":\"Close\"}"}]}
COMMAND: GET /session/991ae7458a2fe82266d4f38354923d31/screenshot - {}
RESULT: {"script":"<script> [1562 bytes]","args":[{"selector":{"controlType":"sap.m.Button","properties":{"text":"Close"},"searchOpenDialogs":true,"interaction":{"idSuffix":"inner"}},"wdio_ui5_key":"sapm.Button{\"text\":\"Close\"}"}]}
RESULT: undefined
COMMAND: POST /session/991ae7458a2fe82266d4f38354923d31/element - {"using":"xpath","value":"//*[@id=\"__mbox-btn-1\"]"}
RESULT: {}
RESULT: {"using":"xpath","value":"//*[@id=\"__mbox-btn-1\"]"}
COMMAND: POST /session/991ae7458a2fe82266d4f38354923d31/element/f.E50BEB4A78466B534596A34F5FDA1F41.d.F8CFF1DC8FBA383DF095734631182373.e.5419/click - {}
RESULT: {}
COMMAND: GET /session/991ae7458a2fe82266d4f38354923d31/screenshot - {}
RESULT: {}
COMMAND: POST /session/991ae7458a2fe82266d4f38354923d31/execute/async - {"script":"<script> [1562 bytes]","args":[{"selector":{"controlType":"sap.m.Text","viewName":"etm.portal.ui.managerequests.view.Detail","bindingPath":{"propertyPath":"NO","modelName":"catalogModel"}},"wdio_ui5_key":"etmportal.ui.managerequests.view.Detailsap.m.Text{\"propertyPath\":\"NO\",\"modelName\":\"catalogModel\"}"}]}
RESULT: {"script":"<script> [1562 bytes]","args":[{"selector":{"controlType":"sap.m.Text","viewName":"etm.portal.ui.managerequests.view.Detail","bindingPath":{"propertyPath":"NO","modelName":"catalogModel"}},"wdio_ui5_key":"etmportal.ui.managerequests.view.Detailsap.m.Text{\"propertyPath\":\"NO\",\"modelName\":\"catalogModel\"}"}]}
RESULT: undefined
COMMAND: POST /session/991ae7458a2fe82266d4f38354923d31/execute/async - {"script":"<script> [6424 bytes]","args":[{"element-6066-11e4-a52e-4f735466cecf":"f.E50BEB4A78466B534596A34F5FDA1F41.d.F8CFF1DC8FBA383DF095734631182373.e.5611"},"getText",[]]}
RESULT: {"script":"<script> [6424 bytes]","args":[{"element-6066-11e4-a52e-4f735466cecf":"f.E50BEB4A78466B534596A34F5FDA1F41.d.F8CFF1DC8FBA383DF095734631182373.e.5611"},"getText",[]]}
COMMAND: POST /session/991ae7458a2fe82266d4f38354923d31/element - {"using":"css selector","value":"#shell-header-logo"}
RESULT: {"using":"css selector","value":"#shell-header-logo"}
COMMAND: POST /session/991ae7458a2fe82266d4f38354923d31/element/f.E50BEB4A78466B534596A34F5FDA1F41.d.F8CFF1DC8FBA383DF095734631182373.e.4897/click - {}
RESULT: {}
COMMAND: GET /session/991ae7458a2fe82266d4f38354923d31/screenshot - {}
RESULT: {}
]]></system-out>
    </testcase>
  </testsuite>
  <testsuite timestamp="2025-04-27T17:02:51" time="465.619" tests="7" failures="1" errors="1" skipped="0">
    <properties>
      <property name="specId" value="0" />
      <property name="suiteName" value="Create masterdata for Yard Overview - trigger provide US130988" />
      <property name="capabilities" value="chrome.135_0_7049_96.windows" />
      <property name="file" value="file:///D:/a/1/s/test/specs/HTR/yard-movement-putaways.spec.js" />
    </properties>
    <testcase classname="chrome.135_0_7049_96.windows.Create_masterdata_for_Yard_Overview_-_trigger_provide_US130988" name="Should create a yard" time="94.122">
      <system-out><![CDATA[
COMMAND: POST /session/991ae7458a2fe82266d4f38354923d31/execute/async - {"script":"<script> [1562 bytes]","args":[{"selector":{"controlType":"sap.ui.core.Icon","viewName":"etm.portal.ui.manageyards.view.Master","viewId":"application-manageyards-display-component---masterYard","properties":{"src":{"regex":{"source":"add"}}}},"wdio_ui5_key":"etmportal.ui.manageyards.view.Mastersap.ui.core.Icon{\"src\":{\"regex\":{\"source\":\"add\"}}}"}]}
COMMAND: GET /session/991ae7458a2fe82266d4f38354923d31/screenshot - {}
RESULT: {"script":"<script> [1562 bytes]","args":[{"selector":{"controlType":"sap.ui.core.Icon","viewName":"etm.portal.ui.manageyards.view.Master","viewId":"application-manageyards-display-component---masterYard","properties":{"src":{"regex":{"source":"add"}}}},"wdio_ui5_key":"etmportal.ui.manageyards.view.Mastersap.ui.core.Icon{\"src\":{\"regex\":{\"source\":\"add\"}}}"}]}
RESULT: undefined
COMMAND: POST /session/991ae7458a2fe82266d4f38354923d31/element - {"using":"xpath","value":"//*[@id=\"__button4-img\"]"}
RESULT: {}
RESULT: {"using":"xpath","value":"//*[@id=\"__button4-img\"]"}
COMMAND: POST /session/991ae7458a2fe82266d4f38354923d31/element/f.E50BEB4A78466B534596A34F5FDA1F41.d.A5FA1B6423DE5534211703969D836D55.e.6232/click - {}
RESULT: {}
COMMAND: POST /session/991ae7458a2fe82266d4f38354923d31/execute/async - {"script":"<script> [1562 bytes]","args":[{"selector":{"id":"application-manageyards-display-component---NewYard--addressDetailDetailsName1","interaction":{"idSuffix":"inner"}},"wdio_ui5_key":"applicationmanageyards-display-component---NewYard--addressDetailDetailsName1"}]}
COMMAND: GET /session/991ae7458a2fe82266d4f38354923d31/screenshot - {}
RESULT: {"script":"<script> [1562 bytes]","args":[{"selector":{"id":"application-manageyards-display-component---NewYard--addressDetailDetailsName1","interaction":{"idSuffix":"inner"}},"wdio_ui5_key":"applicationmanageyards-display-component---NewYard--addressDetailDetailsName1"}]}
RESULT: undefined
COMMAND: POST /session/991ae7458a2fe82266d4f38354923d31/execute/async - {"script":"<script> [776 bytes]","args":[{"enterText":"Webdriver - WHM Putaway","selector":{"id":"application-manageyards-display-component---NewYard--addressDetailDetailsName1","interaction":{"idSuffix":"inner"}},"clearTextFirst":true,"interactionType":"ENTER_TEXT"}]}
RESULT: {}
RESULT: {"script":"<script> [776 bytes]","args":[{"enterText":"Webdriver - WHM Putaway","selector":{"id":"application-manageyards-display-component---NewYard--addressDetailDetailsName1","interaction":{"idSuffix":"inner"}},"clearTextFirst":true,"interactionType":"ENTER_TEXT"}]}
COMMAND: POST /session/991ae7458a2fe82266d4f38354923d31/execute/async - {"script":"<script> [1562 bytes]","args":[{"selector":{"id":"application-manageyards-display-component---NewYard--addressDetailDetailsLanguage-arrow"},"wdio_ui5_key":"applicationmanageyards-display-component---NewYard--addressDetailDetailsLanguage-arrow"}]}
RESULT: {"script":"<script> [1562 bytes]","args":[{"selector":{"id":"application-manageyards-display-component---NewYard--addressDetailDetailsLanguage-arrow"},"wdio_ui5_key":"applicationmanageyards-display-component---NewYard--addressDetailDetailsLanguage-arrow"}]}
RESULT: undefined
COMMAND: POST /session/991ae7458a2fe82266d4f38354923d31/element - {"using":"xpath","value":"//*[@id=\"application-manageyards-display-component---NewYard--addressDetailDetailsLanguage-arrow\"]"}
RESULT: {"using":"xpath","value":"//*[@id=\"application-manageyards-display-component---NewYard--addressDetailDetailsLanguage-arrow\"]"}
COMMAND: POST /session/991ae7458a2fe82266d4f38354923d31/element/f.E50BEB4A78466B534596A34F5FDA1F41.d.A5FA1B6423DE5534211703969D836D55.e.6633/click - {}
RESULT: {}
COMMAND: POST /session/991ae7458a2fe82266d4f38354923d31/execute/async - {"script":"<script> [1562 bytes]","args":[{"selector":{"controlType":"sap.m.StandardListItem","viewName":"etm.portal.ui.manageyards.view.New","viewId":"application-manageyards-display-component---NewYard","properties":{"title":"English"},"searchOpenDialogs":true,"interaction":{"idSuffix":"content"}},"wdio_ui5_key":"etmportal.ui.manageyards.view.Newsap.m.StandardListItem{\"title\":\"English\"}"}]}
COMMAND: GET /session/991ae7458a2fe82266d4f38354923d31/screenshot - {}
RESULT: {"script":"<script> [1562 bytes]","args":[{"selector":{"controlType":"sap.m.StandardListItem","viewName":"etm.portal.ui.manageyards.view.New","viewId":"application-manageyards-display-component---NewYard","properties":{"title":"English"},"searchOpenDialogs":true,"interaction":{"idSuffix":"content"}},"wdio_ui5_key":"etmportal.ui.manageyards.view.Newsap.m.StandardListItem{\"title\":\"English\"}"}]}
RESULT: undefined
COMMAND: POST /session/991ae7458a2fe82266d4f38354923d31/element - {"using":"xpath","value":"//*[@id=\"__item101\"]"}
RESULT: {}
RESULT: {"using":"xpath","value":"//*[@id=\"__item101\"]"}
COMMAND: POST /session/991ae7458a2fe82266d4f38354923d31/element/f.E50BEB4A78466B534596A34F5FDA1F41.d.A5FA1B6423DE5534211703969D836D55.e.6635/click - {}
RESULT: {}
COMMAND: POST /session/991ae7458a2fe82266d4f38354923d31/execute/async - {"script":"<script> [1562 bytes]","args":[{"selector":{"id":"application-manageyards-display-component---NewYard--addressDetailDetailsCity1","interaction":{"idSuffix":"inner"}},"wdio_ui5_key":"applicationmanageyards-display-component---NewYard--addressDetailDetailsCity1"}]}
COMMAND: GET /session/991ae7458a2fe82266d4f38354923d31/screenshot - {}
RESULT: {"script":"<script> [1562 bytes]","args":[{"selector":{"id":"application-manageyards-display-component---NewYard--addressDetailDetailsCity1","interaction":{"idSuffix":"inner"}},"wdio_ui5_key":"applicationmanageyards-display-component---NewYard--addressDetailDetailsCity1"}]}
RESULT: undefined
COMMAND: POST /session/991ae7458a2fe82266d4f38354923d31/execute/async - {"script":"<script> [776 bytes]","args":[{"enterText":"Rosario","selector":{"id":"application-manageyards-display-component---NewYard--addressDetailDetailsCity1","interaction":{"idSuffix":"inner"}},"clearTextFirst":true,"interactionType":"ENTER_TEXT"}]}
RESULT: {}
RESULT: {"script":"<script> [776 bytes]","args":[{"enterText":"Rosario","selector":{"id":"application-manageyards-display-component---NewYard--addressDetailDetailsCity1","interaction":{"idSuffix":"inner"}},"clearTextFirst":true,"interactionType":"ENTER_TEXT"}]}
COMMAND: POST /session/991ae7458a2fe82266d4f38354923d31/execute/async - {"script":"<script> [1562 bytes]","args":[{"selector":{"id":"application-manageyards-display-component---NewYard--addressDetailDetailsCountry-arrow"},"wdio_ui5_key":"applicationmanageyards-display-component---NewYard--addressDetailDetailsCountry-arrow"}]}
RESULT: {"script":"<script> [1562 bytes]","args":[{"selector":{"id":"application-manageyards-display-component---NewYard--addressDetailDetailsCountry-arrow"},"wdio_ui5_key":"applicationmanageyards-display-component---NewYard--addressDetailDetailsCountry-arrow"}]}
RESULT: undefined
COMMAND: POST /session/991ae7458a2fe82266d4f38354923d31/element - {"using":"xpath","value":"//*[@id=\"application-manageyards-display-component---NewYard--addressDetailDetailsCountry-arrow\"]"}
RESULT: {"using":"xpath","value":"//*[@id=\"application-manageyards-display-component---NewYard--addressDetailDetailsCountry-arrow\"]"}
COMMAND: POST /session/991ae7458a2fe82266d4f38354923d31/element/f.E50BEB4A78466B534596A34F5FDA1F41.d.A5FA1B6423DE5534211703969D836D55.e.6621/click - {}
RESULT: {}
COMMAND: POST /session/991ae7458a2fe82266d4f38354923d31/execute/async - {"script":"<script> [1562 bytes]","args":[{"selector":{"controlType":"sap.m.StandardListItem","viewName":"etm.portal.ui.manageyards.view.New","viewId":"application-manageyards-display-component---NewYard","properties":{"title":"Argentina"},"searchOpenDialogs":true,"interaction":{"idSuffix":"content"}},"wdio_ui5_key":"etmportal.ui.manageyards.view.Newsap.m.StandardListItem{\"title\":\"Argentina\"}"}]}
COMMAND: GET /session/991ae7458a2fe82266d4f38354923d31/screenshot - {}
RESULT: {"script":"<script> [1562 bytes]","args":[{"selector":{"controlType":"sap.m.StandardListItem","viewName":"etm.portal.ui.manageyards.view.New","viewId":"application-manageyards-display-component---NewYard","properties":{"title":"Argentina"},"searchOpenDialogs":true,"interaction":{"idSuffix":"content"}},"wdio_ui5_key":"etmportal.ui.manageyards.view.Newsap.m.StandardListItem{\"title\":\"Argentina\"}"}]}
RESULT: undefined
COMMAND: POST /session/991ae7458a2fe82266d4f38354923d31/element - {"using":"xpath","value":"//*[@id=\"__item144\"]"}
RESULT: {}
RESULT: {"using":"xpath","value":"//*[@id=\"__item144\"]"}
COMMAND: POST /session/991ae7458a2fe82266d4f38354923d31/element/f.E50BEB4A78466B534596A34F5FDA1F41.d.A5FA1B6423DE5534211703969D836D55.e.6639/click - {}
RESULT: {}
COMMAND: POST /session/991ae7458a2fe82266d4f38354923d31/execute/async - {"script":"<script> [1562 bytes]","args":[{"selector":{"controlType":"sap.m.Button","viewName":"etm.portal.ui.manageyards.view.New","viewId":"application-manageyards-display-component---NewYard","properties":{"text":"Commercial"},"interaction":{"idSuffix":"BDI-content"}},"wdio_ui5_key":"etmportal.ui.manageyards.view.Newsap.m.Button{\"text\":\"Commercial\"}"}]}
COMMAND: GET /session/991ae7458a2fe82266d4f38354923d31/screenshot - {}
RESULT: {"script":"<script> [1562 bytes]","args":[{"selector":{"controlType":"sap.m.Button","viewName":"etm.portal.ui.manageyards.view.New","viewId":"application-manageyards-display-component---NewYard","properties":{"text":"Commercial"},"interaction":{"idSuffix":"BDI-content"}},"wdio_ui5_key":"etmportal.ui.manageyards.view.Newsap.m.Button{\"text\":\"Commercial\"}"}]}
RESULT: undefined
COMMAND: POST /session/991ae7458a2fe82266d4f38354923d31/element - {"using":"xpath","value":"//*[@id=\"application-manageyards-display-component---NewYard--ObjectPageLayout-anchBar-__section5-anchor\"]"}
RESULT: {}
RESULT: {"using":"xpath","value":"//*[@id=\"application-manageyards-display-component---NewYard--ObjectPageLayout-anchBar-__section5-anchor\"]"}
COMMAND: POST /session/991ae7458a2fe82266d4f38354923d31/element/f.E50BEB4A78466B534596A34F5FDA1F41.d.A5FA1B6423DE5534211703969D836D55.e.6641/click - {}
RESULT: {}
COMMAND: GET /session/991ae7458a2fe82266d4f38354923d31/screenshot - {}
RESULT: {}
COMMAND: POST /session/991ae7458a2fe82266d4f38354923d31/execute/async - {"script":"<script> [1562 bytes]","args":[{"selector":{"id":"application-manageyards-display-component---NewYard--addressEditDetailsCostObjectCstType-arrow"},"wdio_ui5_key":"applicationmanageyards-display-component---NewYard--addressEditDetailsCostObjectCstType-arrow"}]}
RESULT: {"script":"<script> [1562 bytes]","args":[{"selector":{"id":"application-manageyards-display-component---NewYard--addressEditDetailsCostObjectCstType-arrow"},"wdio_ui5_key":"applicationmanageyards-display-component---NewYard--addressEditDetailsCostObjectCstType-arrow"}]}
RESULT: undefined
COMMAND: POST /session/991ae7458a2fe82266d4f38354923d31/element - {"using":"xpath","value":"//*[@id=\"application-manageyards-display-component---NewYard--addressEditDetailsCostObjectCstType-arrow\"]"}
RESULT: {"using":"xpath","value":"//*[@id=\"application-manageyards-display-component---NewYard--addressEditDetailsCostObjectCstType-arrow\"]"}
COMMAND: POST /session/991ae7458a2fe82266d4f38354923d31/element/f.E50BEB4A78466B534596A34F5FDA1F41.d.A5FA1B6423DE5534211703969D836D55.e.6652/click - {}
RESULT: {}
COMMAND: GET /session/991ae7458a2fe82266d4f38354923d31/screenshot - {}
RESULT: {}
COMMAND: POST /session/991ae7458a2fe82266d4f38354923d31/execute/async - {"script":"<script> [1562 bytes]","args":[{"selector":{"controlType":"sap.m.StandardListItem","viewName":"etm.portal.ui.manageyards.view.New","viewId":"application-manageyards-display-component---NewYard","properties":{"title":"Cost Center"},"searchOpenDialogs":true,"interaction":{"idSuffix":"titleText"}},"wdio_ui5_key":"etmportal.ui.manageyards.view.Newsap.m.StandardListItem{\"title\":\"Cost Center\"}"}]}
RESULT: {"script":"<script> [1562 bytes]","args":[{"selector":{"controlType":"sap.m.StandardListItem","viewName":"etm.portal.ui.manageyards.view.New","viewId":"application-manageyards-display-component---NewYard","properties":{"title":"Cost Center"},"searchOpenDialogs":true,"interaction":{"idSuffix":"titleText"}},"wdio_ui5_key":"etmportal.ui.manageyards.view.Newsap.m.StandardListItem{\"title\":\"Cost Center\"}"}]}
RESULT: undefined
COMMAND: POST /session/991ae7458a2fe82266d4f38354923d31/element - {"using":"xpath","value":"//*[@id=\"__item234\"]"}
RESULT: {"using":"xpath","value":"//*[@id=\"__item234\"]"}
COMMAND: POST /session/991ae7458a2fe82266d4f38354923d31/element/f.E50BEB4A78466B534596A34F5FDA1F41.d.A5FA1B6423DE5534211703969D836D55.e.6654/click - {}
RESULT: {}
COMMAND: POST /session/991ae7458a2fe82266d4f38354923d31/element - {"using":"xpath","value":"//input[@id=\"application-manageyards-display-component---NewYard--addressNewCostObjectCstID-inner\"]"}
COMMAND: GET /session/991ae7458a2fe82266d4f38354923d31/screenshot - {}
RESULT: {"using":"xpath","value":"//input[@id=\"application-manageyards-display-component---NewYard--addressNewCostObjectCstID-inner\"]"}
COMMAND: POST /session/991ae7458a2fe82266d4f38354923d31/element/f.E50BEB4A78466B534596A34F5FDA1F41.d.A5FA1B6423DE5534211703969D836D55.e.6458/value - {"text":"10001013"}
RESULT: {}
COMMAND: POST /session/991ae7458a2fe82266d4f38354923d31/element - {"using":"xpath","value":"//input[@id=\"application-manageyards-display-component---NewYard--addressNewCostObjectCstID-inner\"]"}
RESULT: {"using":"xpath","value":"//input[@id=\"application-manageyards-display-component---NewYard--addressNewCostObjectCstID-inner\"]"}
COMMAND: POST /session/991ae7458a2fe82266d4f38354923d31/element/f.E50BEB4A78466B534596A34F5FDA1F41.d.A5FA1B6423DE5534211703969D836D55.e.6458/value - {"text":"10001013"}
COMMAND: POST /session/991ae7458a2fe82266d4f38354923d31/element - {"using":"xpath","value":"//input[@id=\"application-manageyards-display-component---NewYard--addressNewCostObjectCstID-inner\"]"}
RESULT: {"using":"xpath","value":"//input[@id=\"application-manageyards-display-component---NewYard--addressNewCostObjectCstID-inner\"]"}
COMMAND: POST /session/991ae7458a2fe82266d4f38354923d31/element/f.E50BEB4A78466B534596A34F5FDA1F41.d.A5FA1B6423DE5534211703969D836D55.e.6658/value - {"text":"10001013"}
RESULT: {"text":"10001013"}
COMMAND: GET /session/991ae7458a2fe82266d4f38354923d31/screenshot - {}
RESULT: {}
COMMAND: POST /session/991ae7458a2fe82266d4f38354923d31/actions - {"actions":[{"id":"action20","type":"key","parameters":{},"actions":[{"type":"keyDown","value":"î€‡"},{"type":"pause","duration":10},{"type":"keyUp","value":"î€‡"}]}]}
RESULT: {"actions":[{"id":"action20","type":"key","parameters":{},"actions":[{"type":"keyDown","value":"î€‡"},{"type":"pause","duration":10},{"type":"keyUp","value":"î€‡"}]}]}
COMMAND: POST /session/991ae7458a2fe82266d4f38354923d31/execute/async - {"script":"<script> [1562 bytes]","args":[{"selector":{"controlType":"sap.m.StandardListItem","viewName":"etm.portal.ui.manageyards.view.New","viewId":"application-manageyards-display-component---NewYard","properties":{"type":"Active"},"searchOpenDialogs":true,"interaction":{"idSuffix":"titleText"}},"wdio_ui5_key":"etmportal.ui.manageyards.view.Newsap.m.StandardListItem{\"type\":\"Active\"}"}]}
COMMAND: GET /session/991ae7458a2fe82266d4f38354923d31/screenshot - {}
RESULT: {"script":"<script> [1562 bytes]","args":[{"selector":{"controlType":"sap.m.StandardListItem","viewName":"etm.portal.ui.manageyards.view.New","viewId":"application-manageyards-display-component---NewYard","properties":{"type":"Active"},"searchOpenDialogs":true,"interaction":{"idSuffix":"titleText"}},"wdio_ui5_key":"etmportal.ui.manageyards.view.Newsap.m.StandardListItem{\"type\":\"Active\"}"}]}
RESULT: undefined
COMMAND: POST /session/991ae7458a2fe82266d4f38354923d31/execute/async - {"script":"<script> [1562 bytes]","args":[{"selector":{"id":"application-manageyards-display-component---NewYard--addressEditDetailsCurrency-arrow"},"wdio_ui5_key":"applicationmanageyards-display-component---NewYard--addressEditDetailsCurrency-arrow"}]}
RESULT: {}
RESULT: {"script":"<script> [1562 bytes]","args":[{"selector":{"id":"application-manageyards-display-component---NewYard--addressEditDetailsCurrency-arrow"},"wdio_ui5_key":"applicationmanageyards-display-component---NewYard--addressEditDetailsCurrency-arrow"}]}
RESULT: undefined
COMMAND: POST /session/991ae7458a2fe82266d4f38354923d31/element - {"using":"xpath","value":"//*[@id=\"application-manageyards-display-component---NewYard--addressEditDetailsCurrency-arrow\"]"}
RESULT: {"using":"xpath","value":"//*[@id=\"application-manageyards-display-component---NewYard--addressEditDetailsCurrency-arrow\"]"}
COMMAND: POST /session/991ae7458a2fe82266d4f38354923d31/element/f.E50BEB4A78466B534596A34F5FDA1F41.d.A5FA1B6423DE5534211703969D836D55.e.6662/click - {}
RESULT: {}
COMMAND: POST /session/991ae7458a2fe82266d4f38354923d31/execute/async - {"script":"<script> [1562 bytes]","args":[{"selector":{"controlType":"sap.m.StandardListItem","viewName":"etm.portal.ui.manageyards.view.New","viewId":"application-manageyards-display-component---NewYard","properties":{"title":"Euro"},"searchOpenDialogs":true,"interaction":{"idSuffix":"content"}},"wdio_ui5_key":"etmportal.ui.manageyards.view.Newsap.m.StandardListItem{\"title\":\"Euro\"}"}]}
COMMAND: GET /session/991ae7458a2fe82266d4f38354923d31/screenshot - {}
RESULT: {"script":"<script> [1562 bytes]","args":[{"selector":{"controlType":"sap.m.StandardListItem","viewName":"etm.portal.ui.manageyards.view.New","viewId":"application-manageyards-display-component---NewYard","properties":{"title":"Euro"},"searchOpenDialogs":true,"interaction":{"idSuffix":"content"}},"wdio_ui5_key":"etmportal.ui.manageyards.view.Newsap.m.StandardListItem{\"title\":\"Euro\"}"}]}
RESULT: undefined
COMMAND: POST /session/991ae7458a2fe82266d4f38354923d31/element - {"using":"xpath","value":"//*[@id=\"__item340\"]"}
RESULT: {}
RESULT: {"using":"xpath","value":"//*[@id=\"__item340\"]"}
COMMAND: POST /session/991ae7458a2fe82266d4f38354923d31/element/f.E50BEB4A78466B534596A34F5FDA1F41.d.A5FA1B6423DE5534211703969D836D55.e.6664/click - {}
RESULT: {}
COMMAND: POST /session/991ae7458a2fe82266d4f38354923d31/execute/async - {"script":"<script> [1562 bytes]","args":[{"selector":{"controlType":"sap.m.Input","viewName":"etm.portal.ui.manageyards.view.New","viewId":"application-manageyards-display-component---NewYard","bindingPath":{"path":"","propertyPath":"/CONTROLLING_AREA","modelName":"NewYardModel"},"interaction":{"idSuffix":"inner"}},"wdio_ui5_key":"etmportal.ui.manageyards.view.Newsap.m.Input{\"path\":\"\",\"propertyPath\":\"/CONTROLLING_AREA\",\"modelName\":\"NewYardModel\"}"}]}
COMMAND: GET /session/991ae7458a2fe82266d4f38354923d31/screenshot - {}
RESULT: {"script":"<script> [1562 bytes]","args":[{"selector":{"controlType":"sap.m.Input","viewName":"etm.portal.ui.manageyards.view.New","viewId":"application-manageyards-display-component---NewYard","bindingPath":{"path":"","propertyPath":"/CONTROLLING_AREA","modelName":"NewYardModel"},"interaction":{"idSuffix":"inner"}},"wdio_ui5_key":"etmportal.ui.manageyards.view.Newsap.m.Input{\"path\":\"\",\"propertyPath\":\"/CONTROLLING_AREA\",\"modelName\":\"NewYardModel\"}"}]}
RESULT: undefined
COMMAND: POST /session/991ae7458a2fe82266d4f38354923d31/execute/async - {"script":"<script> [776 bytes]","args":[{"enterText":"Z001","selector":{"controlType":"sap.m.Input","viewName":"etm.portal.ui.manageyards.view.New","viewId":"application-manageyards-display-component---NewYard","bindingPath":{"path":"","propertyPath":"/CONTROLLING_AREA","modelName":"NewYardModel"},"interaction":{"idSuffix":"inner"}},"clearTextFirst":true,"interactionType":"ENTER_TEXT"}]}
RESULT: {}
RESULT: {"script":"<script> [776 bytes]","args":[{"enterText":"Z001","selector":{"controlType":"sap.m.Input","viewName":"etm.portal.ui.manageyards.view.New","viewId":"application-manageyards-display-component---NewYard","bindingPath":{"path":"","propertyPath":"/CONTROLLING_AREA","modelName":"NewYardModel"},"interaction":{"idSuffix":"inner"}},"clearTextFirst":true,"interactionType":"ENTER_TEXT"}]}
COMMAND: POST /session/991ae7458a2fe82266d4f38354923d31/execute/async - {"script":"<script> [1562 bytes]","args":[{"selector":{"id":"application-manageyards-display-component---NewYard--companyCodeComboBox","interaction":{"idSuffix":"inner"}},"wdio_ui5_key":"applicationmanageyards-display-component---NewYard--companyCodeComboBox"}]}
RESULT: {"script":"<script> [1562 bytes]","args":[{"selector":{"id":"application-manageyards-display-component---NewYard--companyCodeComboBox","interaction":{"idSuffix":"inner"}},"wdio_ui5_key":"applicationmanageyards-display-component---NewYard--companyCodeComboBox"}]}
RESULT: undefined
COMMAND: POST /session/991ae7458a2fe82266d4f38354923d31/execute/async - {"script":"<script> [776 bytes]","args":[{"enterText":"1000","selector":{"id":"application-manageyards-display-component---NewYard--companyCodeComboBox","interaction":{"idSuffix":"inner"}},"clearTextFirst":true,"interactionType":"ENTER_TEXT"}]}
RESULT: {"script":"<script> [776 bytes]","args":[{"enterText":"1000","selector":{"id":"application-manageyards-display-component---NewYard--companyCodeComboBox","interaction":{"idSuffix":"inner"}},"clearTextFirst":true,"interactionType":"ENTER_TEXT"}]}
COMMAND: POST /session/991ae7458a2fe82266d4f38354923d31/execute/async - {"script":"<script> [1562 bytes]","args":[{"selector":{"controlType":"sap.m.Input","viewName":"etm.portal.ui.manageyards.view.New","viewId":"application-manageyards-display-component---NewYard","bindingPath":{"path":"","propertyPath":"/PLANT","modelName":"NewYardModel"},"interaction":{"idSuffix":"inner"}},"wdio_ui5_key":"etmportal.ui.manageyards.view.Newsap.m.Input{\"path\":\"\",\"propertyPath\":\"/PLANT\",\"modelName\":\"NewYardModel\"}"}]}
RESULT: {"script":"<script> [1562 bytes]","args":[{"selector":{"controlType":"sap.m.Input","viewName":"etm.portal.ui.manageyards.view.New","viewId":"application-manageyards-display-component---NewYard","bindingPath":{"path":"","propertyPath":"/PLANT","modelName":"NewYardModel"},"interaction":{"idSuffix":"inner"}},"wdio_ui5_key":"etmportal.ui.manageyards.view.Newsap.m.Input{\"path\":\"\",\"propertyPath\":\"/PLANT\",\"modelName\":\"NewYardModel\"}"}]}
RESULT: undefined
COMMAND: POST /session/991ae7458a2fe82266d4f38354923d31/execute/async - {"script":"<script> [776 bytes]","args":[{"enterText":"1001","selector":{"controlType":"sap.m.Input","viewName":"etm.portal.ui.manageyards.view.New","viewId":"application-manageyards-display-component---NewYard","bindingPath":{"path":"","propertyPath":"/PLANT","modelName":"NewYardModel"},"interaction":{"idSuffix":"inner"}},"clearTextFirst":true,"interactionType":"ENTER_TEXT"}]}
RESULT: {"script":"<script> [776 bytes]","args":[{"enterText":"1001","selector":{"controlType":"sap.m.Input","viewName":"etm.portal.ui.manageyards.view.New","viewId":"application-manageyards-display-component---NewYard","bindingPath":{"path":"","propertyPath":"/PLANT","modelName":"NewYardModel"},"interaction":{"idSuffix":"inner"}},"clearTextFirst":true,"interactionType":"ENTER_TEXT"}]}
COMMAND: POST /session/991ae7458a2fe82266d4f38354923d31/execute/async - {"script":"<script> [1562 bytes]","args":[{"selector":{"controlType":"sap.m.Input","viewName":"etm.portal.ui.manageyards.view.New","viewId":"application-manageyards-display-component---NewYard","bindingPath":{"path":"","propertyPath":"/SALES_AREA_VKORG","modelName":"NewYardModel"},"interaction":{"idSuffix":"inner"}},"wdio_ui5_key":"etmportal.ui.manageyards.view.Newsap.m.Input{\"path\":\"\",\"propertyPath\":\"/SALES_AREA_VKORG\",\"modelName\":\"NewYardModel\"}"}]}
RESULT: {"script":"<script> [1562 bytes]","args":[{"selector":{"controlType":"sap.m.Input","viewName":"etm.portal.ui.manageyards.view.New","viewId":"application-manageyards-display-component---NewYard","bindingPath":{"path":"","propertyPath":"/SALES_AREA_VKORG","modelName":"NewYardModel"},"interaction":{"idSuffix":"inner"}},"wdio_ui5_key":"etmportal.ui.manageyards.view.Newsap.m.Input{\"path\":\"\",\"propertyPath\":\"/SALES_AREA_VKORG\",\"modelName\":\"NewYardModel\"}"}]}
RESULT: undefined
COMMAND: POST /session/991ae7458a2fe82266d4f38354923d31/execute/async - {"script":"<script> [776 bytes]","args":[{"enterText":"C002","selector":{"controlType":"sap.m.Input","viewName":"etm.portal.ui.manageyards.view.New","viewId":"application-manageyards-display-component---NewYard","bindingPath":{"path":"","propertyPath":"/SALES_AREA_VKORG","modelName":"NewYardModel"},"interaction":{"idSuffix":"inner"}},"clearTextFirst":true,"interactionType":"ENTER_TEXT"}]}
RESULT: {"script":"<script> [776 bytes]","args":[{"enterText":"C002","selector":{"controlType":"sap.m.Input","viewName":"etm.portal.ui.manageyards.view.New","viewId":"application-manageyards-display-component---NewYard","bindingPath":{"path":"","propertyPath":"/SALES_AREA_VKORG","modelName":"NewYardModel"},"interaction":{"idSuffix":"inner"}},"clearTextFirst":true,"interactionType":"ENTER_TEXT"}]}
COMMAND: POST /session/991ae7458a2fe82266d4f38354923d31/execute/async - {"script":"<script> [1562 bytes]","args":[{"selector":{"controlType":"sap.m.Input","viewName":"etm.portal.ui.manageyards.view.New","viewId":"application-manageyards-display-component---NewYard","bindingPath":{"path":"","propertyPath":"/SALES_AREA_VTWEG","modelName":"NewYardModel"},"interaction":{"idSuffix":"inner"}},"wdio_ui5_key":"etmportal.ui.manageyards.view.Newsap.m.Input{\"path\":\"\",\"propertyPath\":\"/SALES_AREA_VTWEG\",\"modelName\":\"NewYardModel\"}"}]}
RESULT: {"script":"<script> [1562 bytes]","args":[{"selector":{"controlType":"sap.m.Input","viewName":"etm.portal.ui.manageyards.view.New","viewId":"application-manageyards-display-component---NewYard","bindingPath":{"path":"","propertyPath":"/SALES_AREA_VTWEG","modelName":"NewYardModel"},"interaction":{"idSuffix":"inner"}},"wdio_ui5_key":"etmportal.ui.manageyards.view.Newsap.m.Input{\"path\":\"\",\"propertyPath\":\"/SALES_AREA_VTWEG\",\"modelName\":\"NewYardModel\"}"}]}
RESULT: undefined
COMMAND: POST /session/991ae7458a2fe82266d4f38354923d31/execute/async - {"script":"<script> [776 bytes]","args":[{"enterText":"C2","selector":{"controlType":"sap.m.Input","viewName":"etm.portal.ui.manageyards.view.New","viewId":"application-manageyards-display-component---NewYard","bindingPath":{"path":"","propertyPath":"/SALES_AREA_VTWEG","modelName":"NewYardModel"},"interaction":{"idSuffix":"inner"}},"clearTextFirst":true,"interactionType":"ENTER_TEXT"}]}
RESULT: {"script":"<script> [776 bytes]","args":[{"enterText":"C2","selector":{"controlType":"sap.m.Input","viewName":"etm.portal.ui.manageyards.view.New","viewId":"application-manageyards-display-component---NewYard","bindingPath":{"path":"","propertyPath":"/SALES_AREA_VTWEG","modelName":"NewYardModel"},"interaction":{"idSuffix":"inner"}},"clearTextFirst":true,"interactionType":"ENTER_TEXT"}]}
COMMAND: POST /session/991ae7458a2fe82266d4f38354923d31/execute/async - {"script":"<script> [1562 bytes]","args":[{"selector":{"controlType":"sap.m.Input","viewName":"etm.portal.ui.manageyards.view.New","viewId":"application-manageyards-display-component---NewYard","bindingPath":{"path":"","propertyPath":"/SALES_AREA_SPART","modelName":"NewYardModel"},"interaction":{"idSuffix":"inner"}},"wdio_ui5_key":"etmportal.ui.manageyards.view.Newsap.m.Input{\"path\":\"\",\"propertyPath\":\"/SALES_AREA_SPART\",\"modelName\":\"NewYardModel\"}"}]}
RESULT: {"script":"<script> [1562 bytes]","args":[{"selector":{"controlType":"sap.m.Input","viewName":"etm.portal.ui.manageyards.view.New","viewId":"application-manageyards-display-component---NewYard","bindingPath":{"path":"","propertyPath":"/SALES_AREA_SPART","modelName":"NewYardModel"},"interaction":{"idSuffix":"inner"}},"wdio_ui5_key":"etmportal.ui.manageyards.view.Newsap.m.Input{\"path\":\"\",\"propertyPath\":\"/SALES_AREA_SPART\",\"modelName\":\"NewYardModel\"}"}]}
RESULT: undefined
COMMAND: POST /session/991ae7458a2fe82266d4f38354923d31/execute/async - {"script":"<script> [776 bytes]","args":[{"enterText":"C2","selector":{"controlType":"sap.m.Input","viewName":"etm.portal.ui.manageyards.view.New","viewId":"application-manageyards-display-component---NewYard","bindingPath":{"path":"","propertyPath":"/SALES_AREA_SPART","modelName":"NewYardModel"},"interaction":{"idSuffix":"inner"}},"clearTextFirst":true,"interactionType":"ENTER_TEXT"}]}
RESULT: {"script":"<script> [776 bytes]","args":[{"enterText":"C2","selector":{"controlType":"sap.m.Input","viewName":"etm.portal.ui.manageyards.view.New","viewId":"application-manageyards-display-component---NewYard","bindingPath":{"path":"","propertyPath":"/SALES_AREA_SPART","modelName":"NewYardModel"},"interaction":{"idSuffix":"inner"}},"clearTextFirst":true,"interactionType":"ENTER_TEXT"}]}
COMMAND: POST /session/991ae7458a2fe82266d4f38354923d31/execute/async - {"script":"<script> [1562 bytes]","args":[{"selector":{"controlType":"sap.m.Input","viewName":"etm.portal.ui.manageyards.view.New","viewId":"application-manageyards-display-component---NewYard","bindingPath":{"path":"","propertyPath":"/SHIP_POINT","modelName":"NewYardModel"},"interaction":{"idSuffix":"inner"}},"wdio_ui5_key":"etmportal.ui.manageyards.view.Newsap.m.Input{\"path\":\"\",\"propertyPath\":\"/SHIP_POINT\",\"modelName\":\"NewYardModel\"}"}]}
RESULT: {"script":"<script> [1562 bytes]","args":[{"selector":{"controlType":"sap.m.Input","viewName":"etm.portal.ui.manageyards.view.New","viewId":"application-manageyards-display-component---NewYard","bindingPath":{"path":"","propertyPath":"/SHIP_POINT","modelName":"NewYardModel"},"interaction":{"idSuffix":"inner"}},"wdio_ui5_key":"etmportal.ui.manageyards.view.Newsap.m.Input{\"path\":\"\",\"propertyPath\":\"/SHIP_POINT\",\"modelName\":\"NewYardModel\"}"}]}
RESULT: undefined
COMMAND: POST /session/991ae7458a2fe82266d4f38354923d31/execute/async - {"script":"<script> [776 bytes]","args":[{"enterText":"1710","selector":{"controlType":"sap.m.Input","viewName":"etm.portal.ui.manageyards.view.New","viewId":"application-manageyards-display-component---NewYard","bindingPath":{"path":"","propertyPath":"/SHIP_POINT","modelName":"NewYardModel"},"interaction":{"idSuffix":"inner"}},"clearTextFirst":true,"interactionType":"ENTER_TEXT"}]}
RESULT: {"script":"<script> [776 bytes]","args":[{"enterText":"1710","selector":{"controlType":"sap.m.Input","viewName":"etm.portal.ui.manageyards.view.New","viewId":"application-manageyards-display-component---NewYard","bindingPath":{"path":"","propertyPath":"/SHIP_POINT","modelName":"NewYardModel"},"interaction":{"idSuffix":"inner"}},"clearTextFirst":true,"interactionType":"ENTER_TEXT"}]}
COMMAND: POST /session/991ae7458a2fe82266d4f38354923d31/execute/async - {"script":"<script> [1562 bytes]","args":[{"selector":{"controlType":"sap.m.Input","viewName":"etm.portal.ui.manageyards.view.New","viewId":"application-manageyards-display-component---NewYard","bindingPath":{"path":"","propertyPath":"/DELIVERY_TYPE","modelName":"NewYardModel"},"interaction":{"idSuffix":"inner"}},"wdio_ui5_key":"etmportal.ui.manageyards.view.Newsap.m.Input{\"path\":\"\",\"propertyPath\":\"/DELIVERY_TYPE\",\"modelName\":\"NewYardModel\"}"}]}
RESULT: {"script":"<script> [1562 bytes]","args":[{"selector":{"controlType":"sap.m.Input","viewName":"etm.portal.ui.manageyards.view.New","viewId":"application-manageyards-display-component---NewYard","bindingPath":{"path":"","propertyPath":"/DELIVERY_TYPE","modelName":"NewYardModel"},"interaction":{"idSuffix":"inner"}},"wdio_ui5_key":"etmportal.ui.manageyards.view.Newsap.m.Input{\"path\":\"\",\"propertyPath\":\"/DELIVERY_TYPE\",\"modelName\":\"NewYardModel\"}"}]}
RESULT: undefined
COMMAND: POST /session/991ae7458a2fe82266d4f38354923d31/execute/async - {"script":"<script> [776 bytes]","args":[{"enterText":"ZL01","selector":{"controlType":"sap.m.Input","viewName":"etm.portal.ui.manageyards.view.New","viewId":"application-manageyards-display-component---NewYard","bindingPath":{"path":"","propertyPath":"/DELIVERY_TYPE","modelName":"NewYardModel"},"interaction":{"idSuffix":"inner"}},"clearTextFirst":true,"interactionType":"ENTER_TEXT"}]}
RESULT: {"script":"<script> [776 bytes]","args":[{"enterText":"ZL01","selector":{"controlType":"sap.m.Input","viewName":"etm.portal.ui.manageyards.view.New","viewId":"application-manageyards-display-component---NewYard","bindingPath":{"path":"","propertyPath":"/DELIVERY_TYPE","modelName":"NewYardModel"},"interaction":{"idSuffix":"inner"}},"clearTextFirst":true,"interactionType":"ENTER_TEXT"}]}
COMMAND: POST /session/991ae7458a2fe82266d4f38354923d31/execute/async - {"script":"<script> [1562 bytes]","args":[{"selector":{"controlType":"sap.m.Input","viewName":"etm.portal.ui.manageyards.view.New","viewId":"application-manageyards-display-component---NewYard","bindingPath":{"path":"","propertyPath":"/AUART","modelName":"NewYardModel"},"interaction":{"idSuffix":"inner"}},"wdio_ui5_key":"etmportal.ui.manageyards.view.Newsap.m.Input{\"path\":\"\",\"propertyPath\":\"/AUART\",\"modelName\":\"NewYardModel\"}"}]}
RESULT: {"script":"<script> [1562 bytes]","args":[{"selector":{"controlType":"sap.m.Input","viewName":"etm.portal.ui.manageyards.view.New","viewId":"application-manageyards-display-component---NewYard","bindingPath":{"path":"","propertyPath":"/AUART","modelName":"NewYardModel"},"interaction":{"idSuffix":"inner"}},"wdio_ui5_key":"etmportal.ui.manageyards.view.Newsap.m.Input{\"path\":\"\",\"propertyPath\":\"/AUART\",\"modelName\":\"NewYardModel\"}"}]}
RESULT: undefined
COMMAND: POST /session/991ae7458a2fe82266d4f38354923d31/execute/async - {"script":"<script> [776 bytes]","args":[{"enterText":"TA","selector":{"controlType":"sap.m.Input","viewName":"etm.portal.ui.manageyards.view.New","viewId":"application-manageyards-display-component---NewYard","bindingPath":{"path":"","propertyPath":"/AUART","modelName":"NewYardModel"},"interaction":{"idSuffix":"inner"}},"clearTextFirst":true,"interactionType":"ENTER_TEXT"}]}
RESULT: {"script":"<script> [776 bytes]","args":[{"enterText":"TA","selector":{"controlType":"sap.m.Input","viewName":"etm.portal.ui.manageyards.view.New","viewId":"application-manageyards-display-component---NewYard","bindingPath":{"path":"","propertyPath":"/AUART","modelName":"NewYardModel"},"interaction":{"idSuffix":"inner"}},"clearTextFirst":true,"interactionType":"ENTER_TEXT"}]}
COMMAND: POST /session/991ae7458a2fe82266d4f38354923d31/execute/async - {"script":"<script> [1562 bytes]","args":[{"selector":{"id":"application-manageyards-display-component---NewYard--whmCheckBox","interaction":{"idSuffix":"CbBg"}},"wdio_ui5_key":"applicationmanageyards-display-component---NewYard--whmCheckBox"}]}
RESULT: {"script":"<script> [1562 bytes]","args":[{"selector":{"id":"application-manageyards-display-component---NewYard--whmCheckBox","interaction":{"idSuffix":"CbBg"}},"wdio_ui5_key":"applicationmanageyards-display-component---NewYard--whmCheckBox"}]}
RESULT: undefined
COMMAND: POST /session/991ae7458a2fe82266d4f38354923d31/element - {"using":"xpath","value":"//*[@id=\"application-manageyards-display-component---NewYard--whmCheckBox\"]"}
RESULT: {"using":"xpath","value":"//*[@id=\"application-manageyards-display-component---NewYard--whmCheckBox\"]"}
COMMAND: POST /session/991ae7458a2fe82266d4f38354923d31/element/f.E50BEB4A78466B534596A34F5FDA1F41.d.A5FA1B6423DE5534211703969D836D55.e.6675/click - {}
RESULT: {}
COMMAND: POST /session/991ae7458a2fe82266d4f38354923d31/execute/async - {"script":"<script> [1562 bytes]","args":[{"selector":{"controlType":"sap.m.Button","viewName":"etm.portal.ui.manageyards.view.New","viewId":"application-manageyards-display-component---NewYard","i18NText":{"propertyName":"text","key":"save"},"interaction":{"idSuffix":"BDI-content"}},"wdio_ui5_key":"etmportal.ui.manageyards.view.Newsap.m.Button{\"propertyName\":\"text\",\"key\":\"save\"}"}]}
COMMAND: GET /session/991ae7458a2fe82266d4f38354923d31/screenshot - {}
RESULT: {"script":"<script> [1562 bytes]","args":[{"selector":{"controlType":"sap.m.Button","viewName":"etm.portal.ui.manageyards.view.New","viewId":"application-manageyards-display-component---NewYard","i18NText":{"propertyName":"text","key":"save"},"interaction":{"idSuffix":"BDI-content"}},"wdio_ui5_key":"etmportal.ui.manageyards.view.Newsap.m.Button{\"propertyName\":\"text\",\"key\":\"save\"}"}]}
RESULT: undefined
COMMAND: POST /session/991ae7458a2fe82266d4f38354923d31/element - {"using":"xpath","value":"//*[@id=\"__button18\"]"}
RESULT: {}
RESULT: {"using":"xpath","value":"//*[@id=\"__button18\"]"}
COMMAND: POST /session/991ae7458a2fe82266d4f38354923d31/element/f.E50BEB4A78466B534596A34F5FDA1F41.d.A5FA1B6423DE5534211703969D836D55.e.6598/click - {}
RESULT: {}
COMMAND: GET /session/991ae7458a2fe82266d4f38354923d31/screenshot - {}
RESULT: {}
COMMAND: POST /session/991ae7458a2fe82266d4f38354923d31/execute/async - {"script":"<script> [1562 bytes]","args":[{"selector":{"controlType":"sap.m.Text","viewName":"etm.portal.ui.manageyards.view.Detail","viewId":"application-manageyards-display-component---detailYard","bindingPath":{"propertyPath":"ID","modelName":"catalogModel"}},"wdio_ui5_key":"etmportal.ui.manageyards.view.Detailsap.m.Text{\"propertyPath\":\"ID\",\"modelName\":\"catalogModel\"}"}]}
RESULT: {"script":"<script> [1562 bytes]","args":[{"selector":{"controlType":"sap.m.Text","viewName":"etm.portal.ui.manageyards.view.Detail","viewId":"application-manageyards-display-component---detailYard","bindingPath":{"propertyPath":"ID","modelName":"catalogModel"}},"wdio_ui5_key":"etmportal.ui.manageyards.view.Detailsap.m.Text{\"propertyPath\":\"ID\",\"modelName\":\"catalogModel\"}"}]}
RESULT: undefined
COMMAND: POST /session/991ae7458a2fe82266d4f38354923d31/execute/async - {"script":"<script> [6424 bytes]","args":[{"element-6066-11e4-a52e-4f735466cecf":"f.E50BEB4A78466B534596A34F5FDA1F41.d.A5FA1B6423DE5534211703969D836D55.e.6866"},"getText",[]]}
RESULT: {"script":"<script> [6424 bytes]","args":[{"element-6066-11e4-a52e-4f735466cecf":"f.E50BEB4A78466B534596A34F5FDA1F41.d.A5FA1B6423DE5534211703969D836D55.e.6866"},"getText",[]]}
COMMAND: POST /session/991ae7458a2fe82266d4f38354923d31/element - {"using":"css selector","value":"#shell-header-logo"}
RESULT: {"using":"css selector","value":"#shell-header-logo"}
COMMAND: POST /session/991ae7458a2fe82266d4f38354923d31/element/f.E50BEB4A78466B534596A34F5FDA1F41.d.A5FA1B6423DE5534211703969D836D55.e.6174/click - {}
RESULT: {}
COMMAND: GET /session/991ae7458a2fe82266d4f38354923d31/screenshot - {}
RESULT: {}
]]></system-out>
    </testcase>
    <testcase classname="chrome.135_0_7049_96.windows.Create_masterdata_for_Yard_Overview_-_trigger_provide_US130988" name="Should create site" time="49.845">
      <system-out><![CDATA[
COMMAND: POST /session/991ae7458a2fe82266d4f38354923d31/execute/async - {"script":"<script> [1562 bytes]","args":[{"selector":{"controlType":"sap.m.GenericTile","properties":{"header":"Manage Sites"}},"wdio_ui5_key":"sapm.GenericTile{\"header\":\"Manage Sites\"}"}]}
RESULT: {"script":"<script> [1562 bytes]","args":[{"selector":{"controlType":"sap.m.GenericTile","properties":{"header":"Manage Sites"}},"wdio_ui5_key":"sapm.GenericTile{\"header\":\"Manage Sites\"}"}]}
RESULT: undefined
COMMAND: POST /session/991ae7458a2fe82266d4f38354923d31/element - {"using":"xpath","value":"//*[@id=\"__tile40\"]"}
RESULT: {"using":"xpath","value":"//*[@id=\"__tile40\"]"}
COMMAND: POST /session/991ae7458a2fe82266d4f38354923d31/element/f.E50BEB4A78466B534596A34F5FDA1F41.d.A5FA1B6423DE5534211703969D836D55.e.6869/click - {}
RESULT: {}
COMMAND: GET /session/991ae7458a2fe82266d4f38354923d31/screenshot - {}
RESULT: {}
COMMAND: POST /session/991ae7458a2fe82266d4f38354923d31/execute/async - {"script":"<script> [1562 bytes]","args":[{"selector":{"controlType":"sap.ui.core.Icon","viewName":"etm.portal.ui.managesites.view.Master","viewId":"application-managesites-display-component---masterSite","properties":{"src":{"regex":{"source":"add"}}}},"wdio_ui5_key":"etmportal.ui.managesites.view.Mastersap.ui.core.Icon{\"src\":{\"regex\":{\"source\":\"add\"}}}"}]}
RESULT: {"script":"<script> [1562 bytes]","args":[{"selector":{"controlType":"sap.ui.core.Icon","viewName":"etm.portal.ui.managesites.view.Master","viewId":"application-managesites-display-component---masterSite","properties":{"src":{"regex":{"source":"add"}}}},"wdio_ui5_key":"etmportal.ui.managesites.view.Mastersap.ui.core.Icon{\"src\":{\"regex\":{\"source\":\"add\"}}}"}]}
RESULT: undefined
COMMAND: POST /session/991ae7458a2fe82266d4f38354923d31/element - {"using":"xpath","value":"//*[@id=\"__button64-img\"]"}
RESULT: {"using":"xpath","value":"//*[@id=\"__button64-img\"]"}
COMMAND: POST /session/991ae7458a2fe82266d4f38354923d31/element/f.E50BEB4A78466B534596A34F5FDA1F41.d.A5FA1B6423DE5534211703969D836D55.e.6917/click - {}
RESULT: {}
COMMAND: GET /session/991ae7458a2fe82266d4f38354923d31/screenshot - {}
COMMAND: POST /session/991ae7458a2fe82266d4f38354923d31/execute/async - {"script":"<script> [1562 bytes]","args":[{"selector":{"controlType":"sap.m.Button","viewName":"etm.portal.ui.managesites.view.NewSmartSite","viewId":"application-managesites-display-component---NewSite","properties":{"text":"General Information"},"interaction":{"idSuffix":"BDI-content"}},"wdio_ui5_key":"etmportal.ui.managesites.view.NewSmartSitesap.m.Button{\"text\":\"General Information\"}"}]}
RESULT: {}
RESULT: {"script":"<script> [1562 bytes]","args":[{"selector":{"controlType":"sap.m.Button","viewName":"etm.portal.ui.managesites.view.NewSmartSite","viewId":"application-managesites-display-component---NewSite","properties":{"text":"General Information"},"interaction":{"idSuffix":"BDI-content"}},"wdio_ui5_key":"etmportal.ui.managesites.view.NewSmartSitesap.m.Button{\"text\":\"General Information\"}"}]}
RESULT: undefined
COMMAND: POST /session/991ae7458a2fe82266d4f38354923d31/element - {"using":"xpath","value":"//*[@id=\"application-managesites-display-component---NewSite--ObjectPageLayout-anchBar-__section31-anchor\"]"}
RESULT: {"using":"xpath","value":"//*[@id=\"application-managesites-display-component---NewSite--ObjectPageLayout-anchBar-__section31-anchor\"]"}
COMMAND: POST /session/991ae7458a2fe82266d4f38354923d31/element/f.E50BEB4A78466B534596A34F5FDA1F41.d.A5FA1B6423DE5534211703969D836D55.e.7299/click - {}
RESULT: {}
COMMAND: POST /session/991ae7458a2fe82266d4f38354923d31/execute/async - {"script":"<script> [1562 bytes]","args":[{"selector":{"id":"application-managesites-display-component---NewSite--addressDetailDetailsName1","interaction":{"idSuffix":"inner"}},"wdio_ui5_key":"applicationmanagesites-display-component---NewSite--addressDetailDetailsName1"}]}
COMMAND: GET /session/991ae7458a2fe82266d4f38354923d31/screenshot - {}
RESULT: {"script":"<script> [1562 bytes]","args":[{"selector":{"id":"application-managesites-display-component---NewSite--addressDetailDetailsName1","interaction":{"idSuffix":"inner"}},"wdio_ui5_key":"applicationmanagesites-display-component---NewSite--addressDetailDetailsName1"}]}
RESULT: undefined
COMMAND: POST /session/991ae7458a2fe82266d4f38354923d31/execute/async - {"script":"<script> [776 bytes]","args":[{"enterText":"Webdriver - WHM putaway","selector":{"id":"application-managesites-display-component---NewSite--addressDetailDetailsName1","interaction":{"idSuffix":"inner"}},"clearTextFirst":true,"interactionType":"ENTER_TEXT"}]}
RESULT: {}
RESULT: {"script":"<script> [776 bytes]","args":[{"enterText":"Webdriver - WHM putaway","selector":{"id":"application-managesites-display-component---NewSite--addressDetailDetailsName1","interaction":{"idSuffix":"inner"}},"clearTextFirst":true,"interactionType":"ENTER_TEXT"}]}
COMMAND: POST /session/991ae7458a2fe82266d4f38354923d31/execute/async - {"script":"<script> [1562 bytes]","args":[{"selector":{"id":"application-managesites-display-component---NewSite--addressDetailDetailsLanguage","interaction":{"idSuffix":"inner"}},"wdio_ui5_key":"applicationmanagesites-display-component---NewSite--addressDetailDetailsLanguage"}]}
RESULT: {"script":"<script> [1562 bytes]","args":[{"selector":{"id":"application-managesites-display-component---NewSite--addressDetailDetailsLanguage","interaction":{"idSuffix":"inner"}},"wdio_ui5_key":"applicationmanagesites-display-component---NewSite--addressDetailDetailsLanguage"}]}
RESULT: undefined
COMMAND: POST /session/991ae7458a2fe82266d4f38354923d31/execute/async - {"script":"<script> [776 bytes]","args":[{"enterText":"Romanian","selector":{"id":"application-managesites-display-component---NewSite--addressDetailDetailsLanguage","interaction":{"idSuffix":"inner"}},"clearTextFirst":true,"interactionType":"ENTER_TEXT"}]}
RESULT: {"script":"<script> [776 bytes]","args":[{"enterText":"Romanian","selector":{"id":"application-managesites-display-component---NewSite--addressDetailDetailsLanguage","interaction":{"idSuffix":"inner"}},"clearTextFirst":true,"interactionType":"ENTER_TEXT"}]}
COMMAND: POST /session/991ae7458a2fe82266d4f38354923d31/execute/async - {"script":"<script> [1562 bytes]","args":[{"selector":{"id":"application-managesites-display-component---NewSite--addressDetailDetailsCity1","interaction":{"idSuffix":"inner"}},"wdio_ui5_key":"applicationmanagesites-display-component---NewSite--addressDetailDetailsCity1"}]}
RESULT: {"script":"<script> [1562 bytes]","args":[{"selector":{"id":"application-managesites-display-component---NewSite--addressDetailDetailsCity1","interaction":{"idSuffix":"inner"}},"wdio_ui5_key":"applicationmanagesites-display-component---NewSite--addressDetailDetailsCity1"}]}
RESULT: undefined
COMMAND: POST /session/991ae7458a2fe82266d4f38354923d31/execute/async - {"script":"<script> [776 bytes]","args":[{"enterText":"Bucharest","selector":{"id":"application-managesites-display-component---NewSite--addressDetailDetailsCity1","interaction":{"idSuffix":"inner"}},"clearTextFirst":true,"interactionType":"ENTER_TEXT"}]}
RESULT: {"script":"<script> [776 bytes]","args":[{"enterText":"Bucharest","selector":{"id":"application-managesites-display-component---NewSite--addressDetailDetailsCity1","interaction":{"idSuffix":"inner"}},"clearTextFirst":true,"interactionType":"ENTER_TEXT"}]}
COMMAND: POST /session/991ae7458a2fe82266d4f38354923d31/execute/async - {"script":"<script> [1562 bytes]","args":[{"selector":{"id":"application-managesites-display-component---NewSite--addressDetailDetailsCountry","interaction":{"idSuffix":"inner"}},"wdio_ui5_key":"applicationmanagesites-display-component---NewSite--addressDetailDetailsCountry"}]}
RESULT: {"script":"<script> [1562 bytes]","args":[{"selector":{"id":"application-managesites-display-component---NewSite--addressDetailDetailsCountry","interaction":{"idSuffix":"inner"}},"wdio_ui5_key":"applicationmanagesites-display-component---NewSite--addressDetailDetailsCountry"}]}
RESULT: undefined
COMMAND: POST /session/991ae7458a2fe82266d4f38354923d31/execute/async - {"script":"<script> [6424 bytes]","args":[{"element-6066-11e4-a52e-4f735466cecf":"f.E50BEB4A78466B534596A34F5FDA1F41.d.A5FA1B6423DE5534211703969D836D55.e.7155"},"setValue",["Romania"]]}
RESULT: {"script":"<script> [6424 bytes]","args":[{"element-6066-11e4-a52e-4f735466cecf":"f.E50BEB4A78466B534596A34F5FDA1F41.d.A5FA1B6423DE5534211703969D836D55.e.7155"},"setValue",["Romania"]]}
COMMAND: POST /session/991ae7458a2fe82266d4f38354923d31/execute/async - {"script":"<script> [1562 bytes]","args":[{"selector":{"id":"application-managesites-display-component---NewSite--addressDetailDetailsCalendar","interaction":{"idSuffix":"inner"}},"wdio_ui5_key":"applicationmanagesites-display-component---NewSite--addressDetailDetailsCalendar"}]}
RESULT: {"script":"<script> [1562 bytes]","args":[{"selector":{"id":"application-managesites-display-component---NewSite--addressDetailDetailsCalendar","interaction":{"idSuffix":"inner"}},"wdio_ui5_key":"applicationmanagesites-display-component---NewSite--addressDetailDetailsCalendar"}]}
RESULT: undefined
COMMAND: POST /session/991ae7458a2fe82266d4f38354923d31/execute/async - {"script":"<script> [776 bytes]","args":[{"enterText":"8 - Germany (Standard)","selector":{"id":"application-managesites-display-component---NewSite--addressDetailDetailsCalendar","interaction":{"idSuffix":"inner"}},"clearTextFirst":true,"interactionType":"ENTER_TEXT"}]}
RESULT: {"script":"<script> [776 bytes]","args":[{"enterText":"8 - Germany (Standard)","selector":{"id":"application-managesites-display-component---NewSite--addressDetailDetailsCalendar","interaction":{"idSuffix":"inner"}},"clearTextFirst":true,"interactionType":"ENTER_TEXT"}]}
COMMAND: POST /session/991ae7458a2fe82266d4f38354923d31/element - {"using":"xpath","value":"//input[@id=\"application-managesites-display-component---NewSite--addressDetailDetailsYard-inner\"]"}
RESULT: {"using":"xpath","value":"//input[@id=\"application-managesites-display-component---NewSite--addressDetailDetailsYard-inner\"]"}
COMMAND: POST /session/991ae7458a2fe82266d4f38354923d31/element/f.E50BEB4A78466B534596A34F5FDA1F41.d.A5FA1B6423DE5534211703969D836D55.e.7166/value - {"text":"292"}
RESULT: {"text":"292"}
COMMAND: GET /session/991ae7458a2fe82266d4f38354923d31/screenshot - {}
RESULT: {}
COMMAND: POST /session/991ae7458a2fe82266d4f38354923d31/actions - {"actions":[{"id":"action21","type":"key","parameters":{},"actions":[{"type":"keyDown","value":"î€‡"},{"type":"pause","duration":10},{"type":"keyUp","value":"î€‡"}]}]}
RESULT: {"actions":[{"id":"action21","type":"key","parameters":{},"actions":[{"type":"keyDown","value":"î€‡"},{"type":"pause","duration":10},{"type":"keyUp","value":"î€‡"}]}]}
COMMAND: POST /session/991ae7458a2fe82266d4f38354923d31/execute/async - {"script":"<script> [1562 bytes]","args":[{"selector":{"controlType":"sap.m.Button","viewName":"etm.portal.ui.managesites.view.NewSmartSite","viewId":"application-managesites-display-component---NewSite","properties":{"text":"Commercial"},"interaction":{"idSuffix":"BDI-content"}},"wdio_ui5_key":"etmportal.ui.managesites.view.NewSmartSitesap.m.Button{\"text\":\"Commercial\"}"}]}
COMMAND: GET /session/991ae7458a2fe82266d4f38354923d31/screenshot - {}
RESULT: {"script":"<script> [1562 bytes]","args":[{"selector":{"controlType":"sap.m.Button","viewName":"etm.portal.ui.managesites.view.NewSmartSite","viewId":"application-managesites-display-component---NewSite","properties":{"text":"Commercial"},"interaction":{"idSuffix":"BDI-content"}},"wdio_ui5_key":"etmportal.ui.managesites.view.NewSmartSitesap.m.Button{\"text\":\"Commercial\"}"}]}
RESULT: undefined
COMMAND: POST /session/991ae7458a2fe82266d4f38354923d31/element - {"using":"xpath","value":"//*[@id=\"application-managesites-display-component---NewSite--ObjectPageLayout-anchBar-__section33-anchor\"]"}
RESULT: {}
RESULT: {"using":"xpath","value":"//*[@id=\"application-managesites-display-component---NewSite--ObjectPageLayout-anchBar-__section33-anchor\"]"}
COMMAND: POST /session/991ae7458a2fe82266d4f38354923d31/element/f.E50BEB4A78466B534596A34F5FDA1F41.d.A5FA1B6423DE5534211703969D836D55.e.7308/click - {}
RESULT: {}
COMMAND: POST /session/991ae7458a2fe82266d4f38354923d31/execute/async - {"script":"<script> [1562 bytes]","args":[{"selector":{"controlType":"sap.m.Button","viewName":"etm.portal.ui.managesites.view.NewSmartSite","viewId":"application-managesites-display-component---NewSite","i18NText":{"propertyName":"text","key":"save"},"interaction":{"idSuffix":"BDI-content"}},"wdio_ui5_key":"etmportal.ui.managesites.view.NewSmartSitesap.m.Button{\"propertyName\":\"text\",\"key\":\"save\"}"}]}
COMMAND: GET /session/991ae7458a2fe82266d4f38354923d31/screenshot - {}
RESULT: {"script":"<script> [1562 bytes]","args":[{"selector":{"controlType":"sap.m.Button","viewName":"etm.portal.ui.managesites.view.NewSmartSite","viewId":"application-managesites-display-component---NewSite","i18NText":{"propertyName":"text","key":"save"},"interaction":{"idSuffix":"BDI-content"}},"wdio_ui5_key":"etmportal.ui.managesites.view.NewSmartSitesap.m.Button{\"propertyName\":\"text\",\"key\":\"save\"}"}]}
RESULT: undefined
COMMAND: POST /session/991ae7458a2fe82266d4f38354923d31/element - {"using":"xpath","value":"//*[@id=\"__button76\"]"}
RESULT: {}
RESULT: {"using":"xpath","value":"//*[@id=\"__button76\"]"}
COMMAND: POST /session/991ae7458a2fe82266d4f38354923d31/element/f.E50BEB4A78466B534596A34F5FDA1F41.d.A5FA1B6423DE5534211703969D836D55.e.7286/click - {}
RESULT: {}
COMMAND: GET /session/991ae7458a2fe82266d4f38354923d31/screenshot - {}
RESULT: {}
COMMAND: POST /session/991ae7458a2fe82266d4f38354923d31/execute/async - {"script":"<script> [1562 bytes]","args":[{"selector":{"controlType":"sap.m.Text","viewName":"etm.portal.ui.managesites.view.Detail","viewId":"application-managesites-display-component---detailSite","bindingPath":{"propertyPath":"ID","modelName":"catalogModel"}},"wdio_ui5_key":"etmportal.ui.managesites.view.Detailsap.m.Text{\"propertyPath\":\"ID\",\"modelName\":\"catalogModel\"}"}]}
RESULT: {"script":"<script> [1562 bytes]","args":[{"selector":{"controlType":"sap.m.Text","viewName":"etm.portal.ui.managesites.view.Detail","viewId":"application-managesites-display-component---detailSite","bindingPath":{"propertyPath":"ID","modelName":"catalogModel"}},"wdio_ui5_key":"etmportal.ui.managesites.view.Detailsap.m.Text{\"propertyPath\":\"ID\",\"modelName\":\"catalogModel\"}"}]}
RESULT: undefined
COMMAND: POST /session/991ae7458a2fe82266d4f38354923d31/execute/async - {"script":"<script> [6424 bytes]","args":[{"element-6066-11e4-a52e-4f735466cecf":"f.E50BEB4A78466B534596A34F5FDA1F41.d.A5FA1B6423DE5534211703969D836D55.e.7508"},"getText",[]]}
RESULT: {"script":"<script> [6424 bytes]","args":[{"element-6066-11e4-a52e-4f735466cecf":"f.E50BEB4A78466B534596A34F5FDA1F41.d.A5FA1B6423DE5534211703969D836D55.e.7508"},"getText",[]]}
COMMAND: POST /session/991ae7458a2fe82266d4f38354923d31/execute/async - {"script":"<script> [1562 bytes]","args":[{"selector":{"controlType":"sap.m.Label","viewName":"etm.portal.ui.managesites.view.Detail","viewId":"application-managesites-display-component---detailSite","i18NText":{"propertyName":"text","key":"status"}},"wdio_ui5_key":"etmportal.ui.managesites.view.Detailsap.m.Label{\"propertyName\":\"text\",\"key\":\"status\"}"}]}
RESULT: {"script":"<script> [1562 bytes]","args":[{"selector":{"controlType":"sap.m.Label","viewName":"etm.portal.ui.managesites.view.Detail","viewId":"application-managesites-display-component---detailSite","i18NText":{"propertyName":"text","key":"status"}},"wdio_ui5_key":"etmportal.ui.managesites.view.Detailsap.m.Label{\"propertyName\":\"text\",\"key\":\"status\"}"}]}
RESULT: undefined
COMMAND: POST /session/991ae7458a2fe82266d4f38354923d31/execute/async - {"script":"<script> [6424 bytes]","args":[{"element-6066-11e4-a52e-4f735466cecf":"f.E50BEB4A78466B534596A34F5FDA1F41.d.A5FA1B6423DE5534211703969D836D55.e.7497"},"getText",[]]}
RESULT: {"script":"<script> [6424 bytes]","args":[{"element-6066-11e4-a52e-4f735466cecf":"f.E50BEB4A78466B534596A34F5FDA1F41.d.A5FA1B6423DE5534211703969D836D55.e.7497"},"getText",[]]}
COMMAND: POST /session/991ae7458a2fe82266d4f38354923d31/element - {"using":"css selector","value":"#shell-header-logo"}
RESULT: {"using":"css selector","value":"#shell-header-logo"}
COMMAND: POST /session/991ae7458a2fe82266d4f38354923d31/element/f.E50BEB4A78466B534596A34F5FDA1F41.d.A5FA1B6423DE5534211703969D836D55.e.6872/click - {}
RESULT: {}
COMMAND: GET /session/991ae7458a2fe82266d4f38354923d31/screenshot - {}
RESULT: {}
]]></system-out>
    </testcase>
    <testcase classname="chrome.135_0_7049_96.windows.Create_masterdata_for_Yard_Overview_-_trigger_provide_US130988" name="Should create Partner" time="60.68">
      <system-out><![CDATA[
COMMAND: POST /session/991ae7458a2fe82266d4f38354923d31/execute/async - {"script":"<script> [1562 bytes]","args":[{"selector":{"controlType":"sap.m.GenericTile","properties":{"header":"Manage Partners"}},"wdio_ui5_key":"sapm.GenericTile{\"header\":\"Manage Partners\"}"}]}
RESULT: {"script":"<script> [1562 bytes]","args":[{"selector":{"controlType":"sap.m.GenericTile","properties":{"header":"Manage Partners"}},"wdio_ui5_key":"sapm.GenericTile{\"header\":\"Manage Partners\"}"}]}
RESULT: undefined
COMMAND: POST /session/991ae7458a2fe82266d4f38354923d31/element - {"using":"xpath","value":"//*[@id=\"__tile38\"]"}
RESULT: {"using":"xpath","value":"//*[@id=\"__tile38\"]"}
COMMAND: POST /session/991ae7458a2fe82266d4f38354923d31/element/f.E50BEB4A78466B534596A34F5FDA1F41.d.A5FA1B6423DE5534211703969D836D55.e.7511/click - {}
RESULT: {}
COMMAND: GET /session/991ae7458a2fe82266d4f38354923d31/screenshot - {}
RESULT: {}
COMMAND: POST /session/991ae7458a2fe82266d4f38354923d31/execute/async - {"script":"<script> [1562 bytes]","args":[{"selector":{"controlType":"sap.ui.core.Icon","viewName":"etm.portal.ui.managepartners.view.Master","viewId":"application-managepartners-display-component---masterPtm","properties":{"src":{"regex":{"source":"add"}}}},"wdio_ui5_key":"etmportal.ui.managepartners.view.Mastersap.ui.core.Icon{\"src\":{\"regex\":{\"source\":\"add\"}}}"}]}
RESULT: {"script":"<script> [1562 bytes]","args":[{"selector":{"controlType":"sap.ui.core.Icon","viewName":"etm.portal.ui.managepartners.view.Master","viewId":"application-managepartners-display-component---masterPtm","properties":{"src":{"regex":{"source":"add"}}}},"wdio_ui5_key":"etmportal.ui.managepartners.view.Mastersap.ui.core.Icon{\"src\":{\"regex\":{\"source\":\"add\"}}}"}]}
RESULT: undefined
COMMAND: POST /session/991ae7458a2fe82266d4f38354923d31/element - {"using":"xpath","value":"//*[@id=\"__button119-img\"]"}
RESULT: {"using":"xpath","value":"//*[@id=\"__button119-img\"]"}
COMMAND: POST /session/991ae7458a2fe82266d4f38354923d31/element/f.E50BEB4A78466B534596A34F5FDA1F41.d.A5FA1B6423DE5534211703969D836D55.e.7561/click - {}
RESULT: {}
COMMAND: GET /session/991ae7458a2fe82266d4f38354923d31/screenshot - {}
RESULT: {}
COMMAND: POST /session/991ae7458a2fe82266d4f38354923d31/execute/async - {"script":"<script> [1562 bytes]","args":[{"selector":{"id":"application-managepartners-display-component---NewPartner--addressDetailDetailsName1","interaction":{"idSuffix":"inner"}},"wdio_ui5_key":"applicationmanagepartners-display-component---NewPartner--addressDetailDetailsName1"}]}
RESULT: {"script":"<script> [1562 bytes]","args":[{"selector":{"id":"application-managepartners-display-component---NewPartner--addressDetailDetailsName1","interaction":{"idSuffix":"inner"}},"wdio_ui5_key":"applicationmanagepartners-display-component---NewPartner--addressDetailDetailsName1"}]}
RESULT: undefined
COMMAND: POST /session/991ae7458a2fe82266d4f38354923d31/execute/async - {"script":"<script> [776 bytes]","args":[{"enterText":"Webdriver - WHM putaway","selector":{"id":"application-managepartners-display-component---NewPartner--addressDetailDetailsName1","interaction":{"idSuffix":"inner"}},"clearTextFirst":true,"interactionType":"ENTER_TEXT"}]}
RESULT: {"script":"<script> [776 bytes]","args":[{"enterText":"Webdriver - WHM putaway","selector":{"id":"application-managepartners-display-component---NewPartner--addressDetailDetailsName1","interaction":{"idSuffix":"inner"}},"clearTextFirst":true,"interactionType":"ENTER_TEXT"}]}
COMMAND: POST /session/991ae7458a2fe82266d4f38354923d31/execute/async - {"script":"<script> [1562 bytes]","args":[{"selector":{"id":"application-managepartners-display-component---NewPartner--addressDetailDetailsLanguage-arrow"},"wdio_ui5_key":"applicationmanagepartners-display-component---NewPartner--addressDetailDetailsLanguage-arrow"}]}
RESULT: {"script":"<script> [1562 bytes]","args":[{"selector":{"id":"application-managepartners-display-component---NewPartner--addressDetailDetailsLanguage-arrow"},"wdio_ui5_key":"applicationmanagepartners-display-component---NewPartner--addressDetailDetailsLanguage-arrow"}]}
RESULT: undefined
COMMAND: POST /session/991ae7458a2fe82266d4f38354923d31/element - {"using":"xpath","value":"//*[@id=\"application-managepartners-display-component---NewPartner--addressDetailDetailsLanguage-arrow\"]"}
RESULT: {"using":"xpath","value":"//*[@id=\"application-managepartners-display-component---NewPartner--addressDetailDetailsLanguage-arrow\"]"}
COMMAND: POST /session/991ae7458a2fe82266d4f38354923d31/element/f.E50BEB4A78466B534596A34F5FDA1F41.d.A5FA1B6423DE5534211703969D836D55.e.7982/click - {}
RESULT: {}
COMMAND: POST /session/991ae7458a2fe82266d4f38354923d31/execute/async - {"script":"<script> [1562 bytes]","args":[{"selector":{"controlType":"sap.m.StandardListItem","viewName":"etm.portal.ui.managepartners.view.NewPartner","viewId":"application-managepartners-display-component---NewPartner","properties":{"title":"English"},"searchOpenDialogs":true,"interaction":{"idSuffix":"content"}},"wdio_ui5_key":"etmportal.ui.managepartners.view.NewPartnersap.m.StandardListItem{\"title\":\"English\"}"}]}
COMMAND: GET /session/991ae7458a2fe82266d4f38354923d31/screenshot - {}
RESULT: {"script":"<script> [1562 bytes]","args":[{"selector":{"controlType":"sap.m.StandardListItem","viewName":"etm.portal.ui.managepartners.view.NewPartner","viewId":"application-managepartners-display-component---NewPartner","properties":{"title":"English"},"searchOpenDialogs":true,"interaction":{"idSuffix":"content"}},"wdio_ui5_key":"etmportal.ui.managepartners.view.NewPartnersap.m.StandardListItem{\"title\":\"English\"}"}]}
RESULT: undefined
COMMAND: POST /session/991ae7458a2fe82266d4f38354923d31/element - {"using":"xpath","value":"//*[@id=\"__item906\"]"}
RESULT: {}
RESULT: {"using":"xpath","value":"//*[@id=\"__item906\"]"}
COMMAND: POST /session/991ae7458a2fe82266d4f38354923d31/element/f.E50BEB4A78466B534596A34F5FDA1F41.d.A5FA1B6423DE5534211703969D836D55.e.7984/click - {}
RESULT: {}
COMMAND: POST /session/991ae7458a2fe82266d4f38354923d31/execute/async - {"script":"<script> [1562 bytes]","args":[{"selector":{"id":"application-managepartners-display-component---NewPartner--addressDetailDetailsCity1","interaction":{"idSuffix":"inner"}},"wdio_ui5_key":"applicationmanagepartners-display-component---NewPartner--addressDetailDetailsCity1"}]}
COMMAND: GET /session/991ae7458a2fe82266d4f38354923d31/screenshot - {}
RESULT: {"script":"<script> [1562 bytes]","args":[{"selector":{"id":"application-managepartners-display-component---NewPartner--addressDetailDetailsCity1","interaction":{"idSuffix":"inner"}},"wdio_ui5_key":"applicationmanagepartners-display-component---NewPartner--addressDetailDetailsCity1"}]}
RESULT: undefined
COMMAND: POST /session/991ae7458a2fe82266d4f38354923d31/execute/async - {"script":"<script> [776 bytes]","args":[{"enterText":"Bangalore","selector":{"id":"application-managepartners-display-component---NewPartner--addressDetailDetailsCity1","interaction":{"idSuffix":"inner"}},"clearTextFirst":true,"interactionType":"ENTER_TEXT"}]}
RESULT: {}
RESULT: {"script":"<script> [776 bytes]","args":[{"enterText":"Bangalore","selector":{"id":"application-managepartners-display-component---NewPartner--addressDetailDetailsCity1","interaction":{"idSuffix":"inner"}},"clearTextFirst":true,"interactionType":"ENTER_TEXT"}]}
COMMAND: POST /session/991ae7458a2fe82266d4f38354923d31/execute/async - {"script":"<script> [1562 bytes]","args":[{"selector":{"id":"application-managepartners-display-component---NewPartner--addressDetailDetailsCountry-arrow"},"wdio_ui5_key":"applicationmanagepartners-display-component---NewPartner--addressDetailDetailsCountry-arrow"}]}
RESULT: {"script":"<script> [1562 bytes]","args":[{"selector":{"id":"application-managepartners-display-component---NewPartner--addressDetailDetailsCountry-arrow"},"wdio_ui5_key":"applicationmanagepartners-display-component---NewPartner--addressDetailDetailsCountry-arrow"}]}
RESULT: undefined
COMMAND: POST /session/991ae7458a2fe82266d4f38354923d31/element - {"using":"xpath","value":"//*[@id=\"application-managepartners-display-component---NewPartner--addressDetailDetailsCountry-arrow\"]"}
RESULT: {"using":"xpath","value":"//*[@id=\"application-managepartners-display-component---NewPartner--addressDetailDetailsCountry-arrow\"]"}
COMMAND: POST /session/991ae7458a2fe82266d4f38354923d31/element/f.E50BEB4A78466B534596A34F5FDA1F41.d.A5FA1B6423DE5534211703969D836D55.e.7986/click - {}
RESULT: {}
COMMAND: POST /session/991ae7458a2fe82266d4f38354923d31/execute/async - {"script":"<script> [1562 bytes]","args":[{"selector":{"id":"application-managepartners-display-component---NewPartner--addressDetailDetailsCountry","interaction":{"idSuffix":"inner"}},"wdio_ui5_key":"applicationmanagepartners-display-component---NewPartner--addressDetailDetailsCountry"}]}
COMMAND: GET /session/991ae7458a2fe82266d4f38354923d31/screenshot - {}
RESULT: {"script":"<script> [1562 bytes]","args":[{"selector":{"id":"application-managepartners-display-component---NewPartner--addressDetailDetailsCountry","interaction":{"idSuffix":"inner"}},"wdio_ui5_key":"applicationmanagepartners-display-component---NewPartner--addressDetailDetailsCountry"}]}
RESULT: undefined
COMMAND: POST /session/991ae7458a2fe82266d4f38354923d31/execute/async - {"script":"<script> [776 bytes]","args":[{"enterText":"India","selector":{"id":"application-managepartners-display-component---NewPartner--addressDetailDetailsCountry","interaction":{"idSuffix":"inner"}},"clearTextFirst":true,"interactionType":"ENTER_TEXT"}]}
RESULT: {}
RESULT: {"script":"<script> [776 bytes]","args":[{"enterText":"India","selector":{"id":"application-managepartners-display-component---NewPartner--addressDetailDetailsCountry","interaction":{"idSuffix":"inner"}},"clearTextFirst":true,"interactionType":"ENTER_TEXT"}]}
COMMAND: POST /session/991ae7458a2fe82266d4f38354923d31/execute/async - {"script":"<script> [1562 bytes]","args":[{"selector":{"controlType":"sap.m.StandardListItem","viewName":"etm.portal.ui.managepartners.view.NewPartner","viewId":"application-managepartners-display-component---NewPartner","properties":{"title":"India"},"searchOpenDialogs":true,"interaction":{"idSuffix":"content"}},"wdio_ui5_key":"etmportal.ui.managepartners.view.NewPartnersap.m.StandardListItem{\"title\":\"India\"}"}]}
RESULT: {"script":"<script> [1562 bytes]","args":[{"selector":{"controlType":"sap.m.StandardListItem","viewName":"etm.portal.ui.managepartners.view.NewPartner","viewId":"application-managepartners-display-component---NewPartner","properties":{"title":"India"},"searchOpenDialogs":true,"interaction":{"idSuffix":"content"}},"wdio_ui5_key":"etmportal.ui.managepartners.view.NewPartnersap.m.StandardListItem{\"title\":\"India\"}"}]}
RESULT: undefined
COMMAND: POST /session/991ae7458a2fe82266d4f38354923d31/execute/async - {"script":"<script> [1562 bytes]","args":[{"selector":{"controlType":"sap.m.Button","viewName":"etm.portal.ui.managepartners.view.NewPartner","viewId":"application-managepartners-display-component---NewPartner","properties":{"text":"Commercial"},"interaction":{"idSuffix":"BDI-content"}},"wdio_ui5_key":"etmportal.ui.managepartners.view.NewPartnersap.m.Button{\"text\":\"Commercial\"}"}]}
RESULT: {"script":"<script> [1562 bytes]","args":[{"selector":{"controlType":"sap.m.Button","viewName":"etm.portal.ui.managepartners.view.NewPartner","viewId":"application-managepartners-display-component---NewPartner","properties":{"text":"Commercial"},"interaction":{"idSuffix":"BDI-content"}},"wdio_ui5_key":"etmportal.ui.managepartners.view.NewPartnersap.m.Button{\"text\":\"Commercial\"}"}]}
RESULT: undefined
COMMAND: POST /session/991ae7458a2fe82266d4f38354923d31/element - {"using":"xpath","value":"//*[@id=\"application-managepartners-display-component---NewPartner--ObjectPageLayout-anchBar-__section57-anchor\"]"}
RESULT: {"using":"xpath","value":"//*[@id=\"application-managepartners-display-component---NewPartner--ObjectPageLayout-anchBar-__section57-anchor\"]"}
COMMAND: POST /session/991ae7458a2fe82266d4f38354923d31/element/f.E50BEB4A78466B534596A34F5FDA1F41.d.A5FA1B6423DE5534211703969D836D55.e.7991/click - {}
RESULT: {}
COMMAND: POST /session/991ae7458a2fe82266d4f38354923d31/execute/async - {"script":"<script> [1562 bytes]","args":[{"selector":{"id":"application-managepartners-display-component---NewPartner--partnerDetailInternal-arrow"},"wdio_ui5_key":"applicationmanagepartners-display-component---NewPartner--partnerDetailInternal-arrow"}]}
COMMAND: GET /session/991ae7458a2fe82266d4f38354923d31/screenshot - {}
RESULT: {"script":"<script> [1562 bytes]","args":[{"selector":{"id":"application-managepartners-display-component---NewPartner--partnerDetailInternal-arrow"},"wdio_ui5_key":"applicationmanagepartners-display-component---NewPartner--partnerDetailInternal-arrow"}]}
RESULT: undefined
COMMAND: POST /session/991ae7458a2fe82266d4f38354923d31/element - {"using":"xpath","value":"//*[@id=\"application-managepartners-display-component---NewPartner--partnerDetailInternal-arrow\"]"}
RESULT: {}
RESULT: {"using":"xpath","value":"//*[@id=\"application-managepartners-display-component---NewPartner--partnerDetailInternal-arrow\"]"}
COMMAND: POST /session/991ae7458a2fe82266d4f38354923d31/element/f.E50BEB4A78466B534596A34F5FDA1F41.d.A5FA1B6423DE5534211703969D836D55.e.7996/click - {}
RESULT: {}
COMMAND: POST /session/991ae7458a2fe82266d4f38354923d31/execute/async - {"script":"<script> [1562 bytes]","args":[{"selector":{"controlType":"sap.m.StandardListItem","viewName":"etm.portal.ui.managepartners.view.NewPartner","viewId":"application-managepartners-display-component---NewPartner","properties":{"title":"External partner"},"searchOpenDialogs":true,"interaction":{"idSuffix":"content"}},"wdio_ui5_key":"etmportal.ui.managepartners.view.NewPartnersap.m.StandardListItem{\"title\":\"External partner\"}"}]}
COMMAND: GET /session/991ae7458a2fe82266d4f38354923d31/screenshot - {}
RESULT: {"script":"<script> [1562 bytes]","args":[{"selector":{"controlType":"sap.m.StandardListItem","viewName":"etm.portal.ui.managepartners.view.NewPartner","viewId":"application-managepartners-display-component---NewPartner","properties":{"title":"External partner"},"searchOpenDialogs":true,"interaction":{"idSuffix":"content"}},"wdio_ui5_key":"etmportal.ui.managepartners.view.NewPartnersap.m.StandardListItem{\"title\":\"External partner\"}"}]}
RESULT: undefined
COMMAND: POST /session/991ae7458a2fe82266d4f38354923d31/element - {"using":"xpath","value":"//*[@id=\"__item1040\"]"}
RESULT: {}
RESULT: {"using":"xpath","value":"//*[@id=\"__item1040\"]"}
COMMAND: POST /session/991ae7458a2fe82266d4f38354923d31/element/f.E50BEB4A78466B534596A34F5FDA1F41.d.A5FA1B6423DE5534211703969D836D55.e.7998/click - {}
RESULT: {}
COMMAND: POST /session/991ae7458a2fe82266d4f38354923d31/execute/async - {"script":"<script> [1562 bytes]","args":[{"selector":{"id":"application-managepartners-display-component---NewPartner--partnerDetailsCurrency-arrow"},"wdio_ui5_key":"applicationmanagepartners-display-component---NewPartner--partnerDetailsCurrency-arrow"}]}
COMMAND: GET /session/991ae7458a2fe82266d4f38354923d31/screenshot - {}
RESULT: {}
RESULT: {"script":"<script> [1562 bytes]","args":[{"selector":{"id":"application-managepartners-display-component---NewPartner--partnerDetailsCurrency-arrow"},"wdio_ui5_key":"applicationmanagepartners-display-component---NewPartner--partnerDetailsCurrency-arrow"}]}
RESULT: undefined
COMMAND: POST /session/991ae7458a2fe82266d4f38354923d31/element - {"using":"xpath","value":"//*[@id=\"application-managepartners-display-component---NewPartner--partnerDetailsCurrency-arrow\"]"}
RESULT: {"using":"xpath","value":"//*[@id=\"application-managepartners-display-component---NewPartner--partnerDetailsCurrency-arrow\"]"}
COMMAND: POST /session/991ae7458a2fe82266d4f38354923d31/element/f.E50BEB4A78466B534596A34F5FDA1F41.d.A5FA1B6423DE5534211703969D836D55.e.8003/click - {}
RESULT: {}
COMMAND: POST /session/991ae7458a2fe82266d4f38354923d31/execute/async - {"script":"<script> [1562 bytes]","args":[{"selector":{"controlType":"sap.m.StandardListItem","viewName":"etm.portal.ui.managepartners.view.NewPartner","viewId":"application-managepartners-display-component---NewPartner","properties":{"title":"Euro"},"searchOpenDialogs":true,"interaction":{"idSuffix":"content"}},"wdio_ui5_key":"etmportal.ui.managepartners.view.NewPartnersap.m.StandardListItem{\"title\":\"Euro\"}"}]}
COMMAND: GET /session/991ae7458a2fe82266d4f38354923d31/screenshot - {}
RESULT: {"script":"<script> [1562 bytes]","args":[{"selector":{"controlType":"sap.m.StandardListItem","viewName":"etm.portal.ui.managepartners.view.NewPartner","viewId":"application-managepartners-display-component---NewPartner","properties":{"title":"Euro"},"searchOpenDialogs":true,"interaction":{"idSuffix":"content"}},"wdio_ui5_key":"etmportal.ui.managepartners.view.NewPartnersap.m.StandardListItem{\"title\":\"Euro\"}"}]}
RESULT: undefined
COMMAND: POST /session/991ae7458a2fe82266d4f38354923d31/element - {"using":"xpath","value":"//*[@id=\"__item1042\"]"}
RESULT: {}
RESULT: {"using":"xpath","value":"//*[@id=\"__item1042\"]"}
COMMAND: POST /session/991ae7458a2fe82266d4f38354923d31/element/f.E50BEB4A78466B534596A34F5FDA1F41.d.A5FA1B6423DE5534211703969D836D55.e.8005/click - {}
RESULT: {}
COMMAND: POST /session/991ae7458a2fe82266d4f38354923d31/execute/async - {"script":"<script> [1562 bytes]","args":[{"selector":{"controlType":"sap.m.Button","viewName":"etm.portal.ui.managepartners.view.NewPartner","viewId":"application-managepartners-display-component---NewPartner","properties":{"text":"Assignments"},"interaction":{"idSuffix":"BDI-content"}},"wdio_ui5_key":"etmportal.ui.managepartners.view.NewPartnersap.m.Button{\"text\":\"Assignments\"}"}]}
COMMAND: GET /session/991ae7458a2fe82266d4f38354923d31/screenshot - {}
RESULT: {"script":"<script> [1562 bytes]","args":[{"selector":{"controlType":"sap.m.Button","viewName":"etm.portal.ui.managepartners.view.NewPartner","viewId":"application-managepartners-display-component---NewPartner","properties":{"text":"Assignments"},"interaction":{"idSuffix":"BDI-content"}},"wdio_ui5_key":"etmportal.ui.managepartners.view.NewPartnersap.m.Button{\"text\":\"Assignments\"}"}]}
RESULT: undefined
COMMAND: POST /session/991ae7458a2fe82266d4f38354923d31/element - {"using":"xpath","value":"//*[@id=\"application-managepartners-display-component---NewPartner--ObjectPageLayout-anchBar-__section61-anchor\"]"}
RESULT: {}
RESULT: {"using":"xpath","value":"//*[@id=\"application-managepartners-display-component---NewPartner--ObjectPageLayout-anchBar-__section61-anchor\"]"}
COMMAND: POST /session/991ae7458a2fe82266d4f38354923d31/element/f.E50BEB4A78466B534596A34F5FDA1F41.d.A5FA1B6423DE5534211703969D836D55.e.8007/click - {}
RESULT: {}
COMMAND: POST /session/991ae7458a2fe82266d4f38354923d31/execute/async - {"script":"<script> [1562 bytes]","args":[{"selector":{"id":"application-managepartners-display-component---NewPartner--btnAddTableRow","interaction":{"idSuffix":"inner"}},"wdio_ui5_key":"applicationmanagepartners-display-component---NewPartner--btnAddTableRow"}]}
COMMAND: GET /session/991ae7458a2fe82266d4f38354923d31/screenshot - {}
RESULT: {"script":"<script> [1562 bytes]","args":[{"selector":{"id":"application-managepartners-display-component---NewPartner--btnAddTableRow","interaction":{"idSuffix":"inner"}},"wdio_ui5_key":"applicationmanagepartners-display-component---NewPartner--btnAddTableRow"}]}
RESULT: undefined
COMMAND: POST /session/991ae7458a2fe82266d4f38354923d31/element - {"using":"xpath","value":"//*[@id=\"application-managepartners-display-component---NewPartner--btnAddTableRow\"]"}
RESULT: {}
RESULT: {"using":"xpath","value":"//*[@id=\"application-managepartners-display-component---NewPartner--btnAddTableRow\"]"}
COMMAND: POST /session/991ae7458a2fe82266d4f38354923d31/element/f.E50BEB4A78466B534596A34F5FDA1F41.d.A5FA1B6423DE5534211703969D836D55.e.8014/click - {}
RESULT: {}
COMMAND: POST /session/991ae7458a2fe82266d4f38354923d31/element - {"using":"css selector","value":"#application-managepartners-display-component---NewPartner--assignmentYard-application-managepartners-display-component---NewPartner--assignmentsTable-0-inner"}
COMMAND: GET /session/991ae7458a2fe82266d4f38354923d31/screenshot - {}
RESULT: {"using":"css selector","value":"#application-managepartners-display-component---NewPartner--assignmentYard-application-managepartners-display-component---NewPartner--assignmentsTable-0-inner"}
COMMAND: POST /session/991ae7458a2fe82266d4f38354923d31/element/f.E50BEB4A78466B534596A34F5FDA1F41.d.A5FA1B6423DE5534211703969D836D55.e.8016/value - {"text":"292"}
RESULT: {}
RESULT: {"text":"292"}
COMMAND: GET /session/991ae7458a2fe82266d4f38354923d31/screenshot - {}
RESULT: {}
COMMAND: POST /session/991ae7458a2fe82266d4f38354923d31/actions - {"actions":[{"id":"action22","type":"key","parameters":{},"actions":[{"type":"keyDown","value":"î€‡"},{"type":"pause","duration":10},{"type":"keyUp","value":"î€‡"}]}]}
RESULT: {"actions":[{"id":"action22","type":"key","parameters":{},"actions":[{"type":"keyDown","value":"î€‡"},{"type":"pause","duration":10},{"type":"keyUp","value":"î€‡"}]}]}
COMMAND: POST /session/991ae7458a2fe82266d4f38354923d31/execute/async - {"script":"<script> [1562 bytes]","args":[{"selector":{"id":"application-managepartners-display-component---NewPartner--assignmentYard-application-managepartners-display-component---NewPartner--assignmentsTable-0-arrow"},"wdio_ui5_key":"applicationmanagepartners-display-component---NewPartner--assignmentYard-application-managepartners-display-component---NewPartner--assignmentsTable-0-arrow"}]}
COMMAND: GET /session/991ae7458a2fe82266d4f38354923d31/screenshot - {}
RESULT: {"script":"<script> [1562 bytes]","args":[{"selector":{"id":"application-managepartners-display-component---NewPartner--assignmentYard-application-managepartners-display-component---NewPartner--assignmentsTable-0-arrow"},"wdio_ui5_key":"applicationmanagepartners-display-component---NewPartner--assignmentYard-application-managepartners-display-component---NewPartner--assignmentsTable-0-arrow"}]}
RESULT: undefined
COMMAND: POST /session/991ae7458a2fe82266d4f38354923d31/element - {"using":"xpath","value":"//*[@id=\"application-managepartners-display-component---NewPartner--assignmentYard-application-managepartners-display-component---NewPartner--assignmentsTable-0-arrow\"]"}
RESULT: {}
RESULT: {"using":"xpath","value":"//*[@id=\"application-managepartners-display-component---NewPartner--assignmentYard-application-managepartners-display-component---NewPartner--assignmentsTable-0-arrow\"]"}
COMMAND: POST /session/991ae7458a2fe82266d4f38354923d31/element/f.E50BEB4A78466B534596A34F5FDA1F41.d.A5FA1B6423DE5534211703969D836D55.e.8024/click - {}
RESULT: {}
COMMAND: GET /session/991ae7458a2fe82266d4f38354923d31/screenshot - {}
RESULT: {}
COMMAND: POST /session/991ae7458a2fe82266d4f38354923d31/execute/async - {"script":"<script> [1562 bytes]","args":[{"selector":{"controlType":"sap.m.Button","viewName":"etm.portal.ui.managepartners.view.NewPartner","viewId":"application-managepartners-display-component---NewPartner","i18NText":{"propertyName":"text","key":"save"},"interaction":{"idSuffix":"BDI-content"}},"wdio_ui5_key":"etmportal.ui.managepartners.view.NewPartnersap.m.Button{\"propertyName\":\"text\",\"key\":\"save\"}"}]}
RESULT: {"script":"<script> [1562 bytes]","args":[{"selector":{"controlType":"sap.m.Button","viewName":"etm.portal.ui.managepartners.view.NewPartner","viewId":"application-managepartners-display-component---NewPartner","i18NText":{"propertyName":"text","key":"save"},"interaction":{"idSuffix":"BDI-content"}},"wdio_ui5_key":"etmportal.ui.managepartners.view.NewPartnersap.m.Button{\"propertyName\":\"text\",\"key\":\"save\"}"}]}
RESULT: undefined
COMMAND: POST /session/991ae7458a2fe82266d4f38354923d31/element - {"using":"xpath","value":"//*[@id=\"__button127\"]"}
RESULT: {"using":"xpath","value":"//*[@id=\"__button127\"]"}
COMMAND: POST /session/991ae7458a2fe82266d4f38354923d31/element/f.E50BEB4A78466B534596A34F5FDA1F41.d.A5FA1B6423DE5534211703969D836D55.e.7929/click - {}
RESULT: {}
COMMAND: GET /session/991ae7458a2fe82266d4f38354923d31/screenshot - {}
RESULT: {}
COMMAND: POST /session/991ae7458a2fe82266d4f38354923d31/execute/async - {"script":"<script> [1562 bytes]","args":[{"selector":{"controlType":"sap.m.Text","viewName":"etm.portal.ui.managepartners.view.Detail","viewId":"application-managepartners-display-component---detailPtm","bindingPath":{"propertyPath":"ID","modelName":"catalogModel"}},"wdio_ui5_key":"etmportal.ui.managepartners.view.Detailsap.m.Text{\"propertyPath\":\"ID\",\"modelName\":\"catalogModel\"}"}]}
RESULT: {"script":"<script> [1562 bytes]","args":[{"selector":{"controlType":"sap.m.Text","viewName":"etm.portal.ui.managepartners.view.Detail","viewId":"application-managepartners-display-component---detailPtm","bindingPath":{"propertyPath":"ID","modelName":"catalogModel"}},"wdio_ui5_key":"etmportal.ui.managepartners.view.Detailsap.m.Text{\"propertyPath\":\"ID\",\"modelName\":\"catalogModel\"}"}]}
RESULT: undefined
COMMAND: POST /session/991ae7458a2fe82266d4f38354923d31/execute/async - {"script":"<script> [6424 bytes]","args":[{"element-6066-11e4-a52e-4f735466cecf":"f.E50BEB4A78466B534596A34F5FDA1F41.d.A5FA1B6423DE5534211703969D836D55.e.8188"},"getText",[]]}
RESULT: {"script":"<script> [6424 bytes]","args":[{"element-6066-11e4-a52e-4f735466cecf":"f.E50BEB4A78466B534596A34F5FDA1F41.d.A5FA1B6423DE5534211703969D836D55.e.8188"},"getText",[]]}
COMMAND: POST /session/991ae7458a2fe82266d4f38354923d31/element - {"using":"css selector","value":"#shell-header-logo"}
RESULT: {"using":"css selector","value":"#shell-header-logo"}
COMMAND: POST /session/991ae7458a2fe82266d4f38354923d31/element/f.E50BEB4A78466B534596A34F5FDA1F41.d.A5FA1B6423DE5534211703969D836D55.e.7514/click - {}
RESULT: {}
COMMAND: GET /session/991ae7458a2fe82266d4f38354923d31/screenshot - {}
RESULT: {}
]]></system-out>
    </testcase>
    <testcase classname="chrome.135_0_7049_96.windows.Create_masterdata_for_Yard_Overview_-_trigger_provide_US130988" name="Create material" time="74.849">
      <system-out><![CDATA[
COMMAND: POST /session/991ae7458a2fe82266d4f38354923d31/execute/async - {"script":"<script> [1562 bytes]","args":[{"selector":{"controlType":"sap.m.GenericTile","properties":{"header":"Manage Resources"}},"wdio_ui5_key":"sapm.GenericTile{\"header\":\"Manage Resources\"}"}]}
RESULT: {"script":"<script> [1562 bytes]","args":[{"selector":{"controlType":"sap.m.GenericTile","properties":{"header":"Manage Resources"}},"wdio_ui5_key":"sapm.GenericTile{\"header\":\"Manage Resources\"}"}]}
RESULT: undefined
COMMAND: POST /session/991ae7458a2fe82266d4f38354923d31/element - {"using":"xpath","value":"//*[@id=\"__tile39\"]"}
RESULT: {"using":"xpath","value":"//*[@id=\"__tile39\"]"}
COMMAND: POST /session/991ae7458a2fe82266d4f38354923d31/element/f.E50BEB4A78466B534596A34F5FDA1F41.d.A5FA1B6423DE5534211703969D836D55.e.8190/click - {}
RESULT: {}
COMMAND: GET /session/991ae7458a2fe82266d4f38354923d31/screenshot - {}
RESULT: {}
COMMAND: POST /session/991ae7458a2fe82266d4f38354923d31/execute/async - {"script":"<script> [1562 bytes]","args":[{"selector":{"controlType":"sap.ui.core.Icon","viewName":"etm.portal.ui.manageresources.view.Master","viewId":"application-manageresources-display-component---masterRU","properties":{"src":{"regex":{"source":"add"}}}},"wdio_ui5_key":"etmportal.ui.manageresources.view.Mastersap.ui.core.Icon{\"src\":{\"regex\":{\"source\":\"add\"}}}"}]}
RESULT: {"script":"<script> [1562 bytes]","args":[{"selector":{"controlType":"sap.ui.core.Icon","viewName":"etm.portal.ui.manageresources.view.Master","viewId":"application-manageresources-display-component---masterRU","properties":{"src":{"regex":{"source":"add"}}}},"wdio_ui5_key":"etmportal.ui.manageresources.view.Mastersap.ui.core.Icon{\"src\":{\"regex\":{\"source\":\"add\"}}}"}]}
RESULT: undefined
COMMAND: POST /session/991ae7458a2fe82266d4f38354923d31/element - {"using":"xpath","value":"//*[@id=\"__button168-img\"]"}
RESULT: {"using":"xpath","value":"//*[@id=\"__button168-img\"]"}
COMMAND: POST /session/991ae7458a2fe82266d4f38354923d31/element/f.E50BEB4A78466B534596A34F5FDA1F41.d.A5FA1B6423DE5534211703969D836D55.e.8233/click - {}
RESULT: {}
COMMAND: GET /session/991ae7458a2fe82266d4f38354923d31/screenshot - {}
COMMAND: POST /session/991ae7458a2fe82266d4f38354923d31/execute/async - {"script":"<script> [1562 bytes]","args":[{"selector":{"id":"application-manageresources-display-component---newResourceUnit--TYPE-arrow"},"wdio_ui5_key":"applicationmanageresources-display-component---newResourceUnit--TYPE-arrow"}]}
RESULT: {}
RESULT: {"script":"<script> [1562 bytes]","args":[{"selector":{"id":"application-manageresources-display-component---newResourceUnit--TYPE-arrow"},"wdio_ui5_key":"applicationmanageresources-display-component---newResourceUnit--TYPE-arrow"}]}
RESULT: undefined
COMMAND: POST /session/991ae7458a2fe82266d4f38354923d31/element - {"using":"xpath","value":"//*[@id=\"application-manageresources-display-component---newResourceUnit--TYPE-arrow\"]"}
RESULT: {"using":"xpath","value":"//*[@id=\"application-manageresources-display-component---newResourceUnit--TYPE-arrow\"]"}
COMMAND: POST /session/991ae7458a2fe82266d4f38354923d31/element/f.E50BEB4A78466B534596A34F5FDA1F41.d.A5FA1B6423DE5534211703969D836D55.e.8558/click - {}
RESULT: {}
COMMAND: POST /session/991ae7458a2fe82266d4f38354923d31/execute/async - {"script":"<script> [1562 bytes]","args":[{"selector":{"controlType":"sap.m.StandardListItem","viewName":"reusables.view.manageresources.NewResourceUnit","viewId":"application-manageresources-display-component---newResourceUnit","properties":{"title":"Material"},"searchOpenDialogs":true,"interaction":{"idSuffix":"titleText"}},"wdio_ui5_key":"reusablesview.manageresources.NewResourceUnitsap.m.StandardListItem{\"title\":\"Material\"}"}]}
COMMAND: GET /session/991ae7458a2fe82266d4f38354923d31/screenshot - {}
RESULT: {"script":"<script> [1562 bytes]","args":[{"selector":{"controlType":"sap.m.StandardListItem","viewName":"reusables.view.manageresources.NewResourceUnit","viewId":"application-manageresources-display-component---newResourceUnit","properties":{"title":"Material"},"searchOpenDialogs":true,"interaction":{"idSuffix":"titleText"}},"wdio_ui5_key":"reusablesview.manageresources.NewResourceUnitsap.m.StandardListItem{\"title\":\"Material\"}"}]}
RESULT: undefined
COMMAND: POST /session/991ae7458a2fe82266d4f38354923d31/element - {"using":"xpath","value":"//*[@id=\"__item1323\"]"}
RESULT: {}
RESULT: {"using":"xpath","value":"//*[@id=\"__item1323\"]"}
COMMAND: POST /session/991ae7458a2fe82266d4f38354923d31/element/f.E50BEB4A78466B534596A34F5FDA1F41.d.A5FA1B6423DE5534211703969D836D55.e.8561/click - {}
RESULT: {}
COMMAND: POST /session/991ae7458a2fe82266d4f38354923d31/execute/async - {"script":"<script> [1562 bytes]","args":[{"selector":{"id":"application-manageresources-display-component---newResourceUnit--SHORT_TEXT","interaction":{"idSuffix":"inner"}},"wdio_ui5_key":"applicationmanageresources-display-component---newResourceUnit--SHORT_TEXT"}]}
COMMAND: GET /session/991ae7458a2fe82266d4f38354923d31/screenshot - {}
RESULT: {"script":"<script> [1562 bytes]","args":[{"selector":{"id":"application-manageresources-display-component---newResourceUnit--SHORT_TEXT","interaction":{"idSuffix":"inner"}},"wdio_ui5_key":"applicationmanageresources-display-component---newResourceUnit--SHORT_TEXT"}]}
RESULT: undefined
COMMAND: POST /session/991ae7458a2fe82266d4f38354923d31/execute/async - {"script":"<script> [776 bytes]","args":[{"enterText":"Material-292-1745771127227","selector":{"id":"application-manageresources-display-component---newResourceUnit--SHORT_TEXT","interaction":{"idSuffix":"inner"}},"clearTextFirst":true,"interactionType":"ENTER_TEXT"}]}
RESULT: {}
RESULT: {"script":"<script> [776 bytes]","args":[{"enterText":"Material-292-1745771127227","selector":{"id":"application-manageresources-display-component---newResourceUnit--SHORT_TEXT","interaction":{"idSuffix":"inner"}},"clearTextFirst":true,"interactionType":"ENTER_TEXT"}]}
COMMAND: POST /session/991ae7458a2fe82266d4f38354923d31/execute/async - {"script":"<script> [1562 bytes]","args":[{"selector":{"id":"application-manageresources-display-component---newResourceUnit--BASE_UNIT_OF_MEASURE-arrow"},"wdio_ui5_key":"applicationmanageresources-display-component---newResourceUnit--BASE_UNIT_OF_MEASURE-arrow"}]}
RESULT: {"script":"<script> [1562 bytes]","args":[{"selector":{"id":"application-manageresources-display-component---newResourceUnit--BASE_UNIT_OF_MEASURE-arrow"},"wdio_ui5_key":"applicationmanageresources-display-component---newResourceUnit--BASE_UNIT_OF_MEASURE-arrow"}]}
RESULT: undefined
COMMAND: POST /session/991ae7458a2fe82266d4f38354923d31/element - {"using":"xpath","value":"//*[@id=\"application-manageresources-display-component---newResourceUnit--BASE_UNIT_OF_MEASURE-arrow\"]"}
RESULT: {"using":"xpath","value":"//*[@id=\"application-manageresources-display-component---newResourceUnit--BASE_UNIT_OF_MEASURE-arrow\"]"}
COMMAND: POST /session/991ae7458a2fe82266d4f38354923d31/element/f.E50BEB4A78466B534596A34F5FDA1F41.d.A5FA1B6423DE5534211703969D836D55.e.8617/click - {}
RESULT: {}
COMMAND: POST /session/991ae7458a2fe82266d4f38354923d31/execute/async - {"script":"<script> [1562 bytes]","args":[{"selector":{"controlType":"sap.m.StandardListItem","viewName":"reusables.view.manageresources.NewResourceUnit","viewId":"application-manageresources-display-component---newResourceUnit","properties":{"title":"Centimeter"},"searchOpenDialogs":true,"interaction":{"idSuffix":"content"}},"wdio_ui5_key":"reusablesview.manageresources.NewResourceUnitsap.m.StandardListItem{\"title\":\"Centimeter\"}"}]}
COMMAND: GET /session/991ae7458a2fe82266d4f38354923d31/screenshot - {}
RESULT: {"script":"<script> [1562 bytes]","args":[{"selector":{"controlType":"sap.m.StandardListItem","viewName":"reusables.view.manageresources.NewResourceUnit","viewId":"application-manageresources-display-component---newResourceUnit","properties":{"title":"Centimeter"},"searchOpenDialogs":true,"interaction":{"idSuffix":"content"}},"wdio_ui5_key":"reusablesview.manageresources.NewResourceUnitsap.m.StandardListItem{\"title\":\"Centimeter\"}"}]}
RESULT: undefined
COMMAND: POST /session/991ae7458a2fe82266d4f38354923d31/element - {"using":"xpath","value":"//*[@id=\"__item1351\"]"}
RESULT: {}
RESULT: {"using":"xpath","value":"//*[@id=\"__item1351\"]"}
COMMAND: POST /session/991ae7458a2fe82266d4f38354923d31/element/f.E50BEB4A78466B534596A34F5FDA1F41.d.A5FA1B6423DE5534211703969D836D55.e.8619/click - {}
RESULT: {}
COMMAND: POST /session/991ae7458a2fe82266d4f38354923d31/execute/async - {"script":"<script> [1562 bytes]","args":[{"selector":{"id":"application-manageresources-display-component---newResourceUnit--WEIGHT_UNIT-arrow"},"wdio_ui5_key":"applicationmanageresources-display-component---newResourceUnit--WEIGHT_UNIT-arrow"}]}
COMMAND: GET /session/991ae7458a2fe82266d4f38354923d31/screenshot - {}
RESULT: {"script":"<script> [1562 bytes]","args":[{"selector":{"id":"application-manageresources-display-component---newResourceUnit--WEIGHT_UNIT-arrow"},"wdio_ui5_key":"applicationmanageresources-display-component---newResourceUnit--WEIGHT_UNIT-arrow"}]}
RESULT: undefined
COMMAND: POST /session/991ae7458a2fe82266d4f38354923d31/element - {"using":"xpath","value":"//*[@id=\"application-manageresources-display-component---newResourceUnit--WEIGHT_UNIT-arrow\"]"}
RESULT: {}
RESULT: {"using":"xpath","value":"//*[@id=\"application-manageresources-display-component---newResourceUnit--WEIGHT_UNIT-arrow\"]"}
COMMAND: POST /session/991ae7458a2fe82266d4f38354923d31/element/f.E50BEB4A78466B534596A34F5FDA1F41.d.A5FA1B6423DE5534211703969D836D55.e.8620/click - {}
RESULT: {}
COMMAND: POST /session/991ae7458a2fe82266d4f38354923d31/execute/async - {"script":"<script> [1562 bytes]","args":[{"selector":{"controlType":"sap.m.StandardListItem","viewName":"reusables.view.manageresources.NewResourceUnit","viewId":"application-manageresources-display-component---newResourceUnit","properties":{"title":"Gram"},"searchOpenDialogs":true,"interaction":{"idSuffix":"content"}},"wdio_ui5_key":"reusablesview.manageresources.NewResourceUnitsap.m.StandardListItem{\"title\":\"Gram\"}"}]}
COMMAND: GET /session/991ae7458a2fe82266d4f38354923d31/screenshot - {}
RESULT: {"script":"<script> [1562 bytes]","args":[{"selector":{"controlType":"sap.m.StandardListItem","viewName":"reusables.view.manageresources.NewResourceUnit","viewId":"application-manageresources-display-component---newResourceUnit","properties":{"title":"Gram"},"searchOpenDialogs":true,"interaction":{"idSuffix":"content"}},"wdio_ui5_key":"reusablesview.manageresources.NewResourceUnitsap.m.StandardListItem{\"title\":\"Gram\"}"}]}
RESULT: undefined
COMMAND: POST /session/991ae7458a2fe82266d4f38354923d31/element - {"using":"xpath","value":"//*[@id=\"__item1432\"]"}
RESULT: {}
RESULT: {"using":"xpath","value":"//*[@id=\"__item1432\"]"}
COMMAND: POST /session/991ae7458a2fe82266d4f38354923d31/element/f.E50BEB4A78466B534596A34F5FDA1F41.d.A5FA1B6423DE5534211703969D836D55.e.8622/click - {}
RESULT: {}
COMMAND: POST /session/991ae7458a2fe82266d4f38354923d31/execute/async - {"script":"<script> [1562 bytes]","args":[{"selector":{"id":"application-manageresources-display-component---newResourceUnit--DIMENSION_UNIT-arrow"},"wdio_ui5_key":"applicationmanageresources-display-component---newResourceUnit--DIMENSION_UNIT-arrow"}]}
COMMAND: GET /session/991ae7458a2fe82266d4f38354923d31/screenshot - {}
RESULT: {"script":"<script> [1562 bytes]","args":[{"selector":{"id":"application-manageresources-display-component---newResourceUnit--DIMENSION_UNIT-arrow"},"wdio_ui5_key":"applicationmanageresources-display-component---newResourceUnit--DIMENSION_UNIT-arrow"}]}
RESULT: undefined
COMMAND: POST /session/991ae7458a2fe82266d4f38354923d31/element - {"using":"xpath","value":"//*[@id=\"application-manageresources-display-component---newResourceUnit--DIMENSION_UNIT-arrow\"]"}
RESULT: {}
RESULT: {"using":"xpath","value":"//*[@id=\"application-manageresources-display-component---newResourceUnit--DIMENSION_UNIT-arrow\"]"}
COMMAND: POST /session/991ae7458a2fe82266d4f38354923d31/element/f.E50BEB4A78466B534596A34F5FDA1F41.d.A5FA1B6423DE5534211703969D836D55.e.8623/click - {}
COMMAND: POST /session/991ae7458a2fe82266d4f38354923d31/element - {"using":"css selector","value":"#application-manageresources-display-component---newResourceUnit--DIMENSION_UNIT-inner"}
RESULT: {"using":"css selector","value":"#application-manageresources-display-component---newResourceUnit--DIMENSION_UNIT-inner"}
COMMAND: POST /session/991ae7458a2fe82266d4f38354923d31/element/f.E50BEB4A78466B534596A34F5FDA1F41.d.A5FA1B6423DE5534211703969D836D55.e.8589/clear - {}
RESULT: {}
COMMAND: POST /session/991ae7458a2fe82266d4f38354923d31/element/f.E50BEB4A78466B534596A34F5FDA1F41.d.A5FA1B6423DE5534211703969D836D55.e.8589/value - {"text":"Centimet"}
COMMAND: GET /session/991ae7458a2fe82266d4f38354923d31/screenshot - {}
RESULT: {"text":"Centimet"}
COMMAND: POST /session/991ae7458a2fe82266d4f38354923d31/execute/async - {"script":"<script> [1562 bytes]","args":[{"selector":{"id":"application-manageresources-display-component---newResourceUnit--newRRUPage-anchBar-application-manageresources-display-component---newResourceUnit--reference-anchor","interaction":{"idSuffix":"BDI-content"}},"wdio_ui5_key":"applicationmanageresources-display-component---newResourceUnit--newRRUPage-anchBar-application-manageresources-display-component---newResourceUnit--reference-anchor"}]}
COMMAND: GET /session/991ae7458a2fe82266d4f38354923d31/screenshot - {}
RESULT: {}
RESULT: {"script":"<script> [1562 bytes]","args":[{"selector":{"id":"application-manageresources-display-component---newResourceUnit--newRRUPage-anchBar-application-manageresources-display-component---newResourceUnit--reference-anchor","interaction":{"idSuffix":"BDI-content"}},"wdio_ui5_key":"applicationmanageresources-display-component---newResourceUnit--newRRUPage-anchBar-application-manageresources-display-component---newResourceUnit--reference-anchor"}]}
RESULT: undefined
COMMAND: POST /session/991ae7458a2fe82266d4f38354923d31/element - {"using":"xpath","value":"//*[@id=\"application-manageresources-display-component---newResourceUnit--newRRUPage-anchBar-application-manageresources-display-component---newResourceUnit--reference-anchor\"]"}
RESULT: {}
RESULT: {"using":"xpath","value":"//*[@id=\"application-manageresources-display-component---newResourceUnit--newRRUPage-anchBar-application-manageresources-display-component---newResourceUnit--reference-anchor\"]"}
COMMAND: POST /session/991ae7458a2fe82266d4f38354923d31/element/f.E50BEB4A78466B534596A34F5FDA1F41.d.A5FA1B6423DE5534211703969D836D55.e.8629/click - {}
RESULT: {}
COMMAND: POST /session/991ae7458a2fe82266d4f38354923d31/execute/async - {"script":"<script> [1562 bytes]","args":[{"selector":{"id":"application-manageresources-display-component---newResourceUnit--PLANNING_GROUP-arrow"},"wdio_ui5_key":"applicationmanageresources-display-component---newResourceUnit--PLANNING_GROUP-arrow"}]}
COMMAND: GET /session/991ae7458a2fe82266d4f38354923d31/screenshot - {}
RESULT: {"script":"<script> [1562 bytes]","args":[{"selector":{"id":"application-manageresources-display-component---newResourceUnit--PLANNING_GROUP-arrow"},"wdio_ui5_key":"applicationmanageresources-display-component---newResourceUnit--PLANNING_GROUP-arrow"}]}
RESULT: undefined
COMMAND: POST /session/991ae7458a2fe82266d4f38354923d31/element - {"using":"xpath","value":"//*[@id=\"application-manageresources-display-component---newResourceUnit--PLANNING_GROUP-arrow\"]"}
RESULT: {}
RESULT: {"using":"xpath","value":"//*[@id=\"application-manageresources-display-component---newResourceUnit--PLANNING_GROUP-arrow\"]"}
COMMAND: POST /session/991ae7458a2fe82266d4f38354923d31/element/f.E50BEB4A78466B534596A34F5FDA1F41.d.A5FA1B6423DE5534211703969D836D55.e.8635/click - {}
RESULT: {}
COMMAND: POST /session/991ae7458a2fe82266d4f38354923d31/execute/async - {"script":"<script> [1562 bytes]","args":[{"selector":{"controlType":"sap.m.StandardListItem","viewName":"reusables.view.manageresources.NewResourceUnit","viewId":"application-manageresources-display-component---newResourceUnit","properties":{"title":"Heavy Equi"},"searchOpenDialogs":true,"interaction":{"idSuffix":"content"}},"wdio_ui5_key":"reusablesview.manageresources.NewResourceUnitsap.m.StandardListItem{\"title\":\"Heavy Equi\"}"}]}
COMMAND: GET /session/991ae7458a2fe82266d4f38354923d31/screenshot - {}
RESULT: {"script":"<script> [1562 bytes]","args":[{"selector":{"controlType":"sap.m.StandardListItem","viewName":"reusables.view.manageresources.NewResourceUnit","viewId":"application-manageresources-display-component---newResourceUnit","properties":{"title":"Heavy Equi"},"searchOpenDialogs":true,"interaction":{"idSuffix":"content"}},"wdio_ui5_key":"reusablesview.manageresources.NewResourceUnitsap.m.StandardListItem{\"title\":\"Heavy Equi\"}"}]}
RESULT: undefined
COMMAND: POST /session/991ae7458a2fe82266d4f38354923d31/element - {"using":"xpath","value":"//*[@id=\"__item1444\"]"}
RESULT: {}
RESULT: {"using":"xpath","value":"//*[@id=\"__item1444\"]"}
COMMAND: POST /session/991ae7458a2fe82266d4f38354923d31/element/f.E50BEB4A78466B534596A34F5FDA1F41.d.A5FA1B6423DE5534211703969D836D55.e.8637/click - {}
RESULT: {}
COMMAND: GET /session/991ae7458a2fe82266d4f38354923d31/screenshot - {}
RESULT: {}
COMMAND: POST /session/991ae7458a2fe82266d4f38354923d31/execute/async - {"script":"<script> [1562 bytes]","args":[{"selector":{"id":"application-manageresources-display-component---newResourceUnit--PLANNING_INDICATOR-arrow"},"wdio_ui5_key":"applicationmanageresources-display-component---newResourceUnit--PLANNING_INDICATOR-arrow"}]}
RESULT: {"script":"<script> [1562 bytes]","args":[{"selector":{"id":"application-manageresources-display-component---newResourceUnit--PLANNING_INDICATOR-arrow"},"wdio_ui5_key":"applicationmanageresources-display-component---newResourceUnit--PLANNING_INDICATOR-arrow"}]}
RESULT: undefined
COMMAND: POST /session/991ae7458a2fe82266d4f38354923d31/element - {"using":"xpath","value":"//*[@id=\"application-manageresources-display-component---newResourceUnit--PLANNING_INDICATOR-arrow\"]"}
RESULT: {"using":"xpath","value":"//*[@id=\"application-manageresources-display-component---newResourceUnit--PLANNING_INDICATOR-arrow\"]"}
COMMAND: POST /session/991ae7458a2fe82266d4f38354923d31/element/f.E50BEB4A78466B534596A34F5FDA1F41.d.A5FA1B6423DE5534211703969D836D55.e.8638/click - {}
RESULT: {}
COMMAND: POST /session/991ae7458a2fe82266d4f38354923d31/execute/async - {"script":"<script> [1562 bytes]","args":[{"selector":{"controlType":"sap.m.StandardListItem","viewName":"reusables.view.manageresources.NewResourceUnit","viewId":"application-manageresources-display-component---newResourceUnit","properties":{"title":"10 - infinite"},"searchOpenDialogs":true,"interaction":{"idSuffix":"content"}},"wdio_ui5_key":"reusablesview.manageresources.NewResourceUnitsap.m.StandardListItem{\"title\":\"10 - infinite\"}"}]}
COMMAND: GET /session/991ae7458a2fe82266d4f38354923d31/screenshot - {}
RESULT: {"script":"<script> [1562 bytes]","args":[{"selector":{"controlType":"sap.m.StandardListItem","viewName":"reusables.view.manageresources.NewResourceUnit","viewId":"application-manageresources-display-component---newResourceUnit","properties":{"title":"10 - infinite"},"searchOpenDialogs":true,"interaction":{"idSuffix":"content"}},"wdio_ui5_key":"reusablesview.manageresources.NewResourceUnitsap.m.StandardListItem{\"title\":\"10 - infinite\"}"}]}
RESULT: undefined
COMMAND: POST /session/991ae7458a2fe82266d4f38354923d31/element - {"using":"xpath","value":"//*[@id=\"__item1454\"]"}
RESULT: {}
RESULT: {"using":"xpath","value":"//*[@id=\"__item1454\"]"}
COMMAND: POST /session/991ae7458a2fe82266d4f38354923d31/element/f.E50BEB4A78466B534596A34F5FDA1F41.d.A5FA1B6423DE5534211703969D836D55.e.8640/click - {}
RESULT: {}
COMMAND: GET /session/991ae7458a2fe82266d4f38354923d31/screenshot - {}
RESULT: {}
COMMAND: POST /session/991ae7458a2fe82266d4f38354923d31/execute/async - {"script":"<script> [1562 bytes]","args":[{"selector":{"id":"application-manageresources-display-component---newResourceUnit--newRRUPage-anchBar-application-manageresources-display-component---newResourceUnit--control-anchor","interaction":{"idSuffix":"BDI-content"}},"wdio_ui5_key":"applicationmanageresources-display-component---newResourceUnit--newRRUPage-anchBar-application-manageresources-display-component---newResourceUnit--control-anchor"}]}
RESULT: {"script":"<script> [1562 bytes]","args":[{"selector":{"id":"application-manageresources-display-component---newResourceUnit--newRRUPage-anchBar-application-manageresources-display-component---newResourceUnit--control-anchor","interaction":{"idSuffix":"BDI-content"}},"wdio_ui5_key":"applicationmanageresources-display-component---newResourceUnit--newRRUPage-anchBar-application-manageresources-display-component---newResourceUnit--control-anchor"}]}
RESULT: undefined
COMMAND: POST /session/991ae7458a2fe82266d4f38354923d31/element - {"using":"xpath","value":"//*[@id=\"application-manageresources-display-component---newResourceUnit--newRRUPage-anchBar-application-manageresources-display-component---newResourceUnit--control-anchor\"]"}
RESULT: {"using":"xpath","value":"//*[@id=\"application-manageresources-display-component---newResourceUnit--newRRUPage-anchBar-application-manageresources-display-component---newResourceUnit--control-anchor\"]"}
COMMAND: POST /session/991ae7458a2fe82266d4f38354923d31/element/f.E50BEB4A78466B534596A34F5FDA1F41.d.A5FA1B6423DE5534211703969D836D55.e.8642/click - {}
RESULT: {}
COMMAND: GET /session/991ae7458a2fe82266d4f38354923d31/screenshot - {}
RESULT: {}
COMMAND: POST /session/991ae7458a2fe82266d4f38354923d31/execute/async - {"script":"<script> [1562 bytes]","args":[{"selector":{"id":"application-manageresources-display-component---newResourceUnit--btnAddTimeSegment","interaction":{"idSuffix":"inner"}},"wdio_ui5_key":"applicationmanageresources-display-component---newResourceUnit--btnAddTimeSegment"}]}
RESULT: {"script":"<script> [1562 bytes]","args":[{"selector":{"id":"application-manageresources-display-component---newResourceUnit--btnAddTimeSegment","interaction":{"idSuffix":"inner"}},"wdio_ui5_key":"applicationmanageresources-display-component---newResourceUnit--btnAddTimeSegment"}]}
RESULT: undefined
COMMAND: POST /session/991ae7458a2fe82266d4f38354923d31/element - {"using":"xpath","value":"//*[@id=\"application-manageresources-display-component---newResourceUnit--btnAddTimeSegment\"]"}
RESULT: {"using":"xpath","value":"//*[@id=\"application-manageresources-display-component---newResourceUnit--btnAddTimeSegment\"]"}
COMMAND: POST /session/991ae7458a2fe82266d4f38354923d31/element/f.E50BEB4A78466B534596A34F5FDA1F41.d.A5FA1B6423DE5534211703969D836D55.e.8647/click - {}
RESULT: {}
COMMAND: GET /session/991ae7458a2fe82266d4f38354923d31/screenshot - {}
COMMAND: POST /session/991ae7458a2fe82266d4f38354923d31/element - {"using":"xpath","value":"//input[@id=\"application-manageresources-display-component---newResourceUnit--idRuTSAdmin-application-manageresources-display-component---newResourceUnit--RUTimeSegment-0-inner\"]"}
RESULT: {}
RESULT: {"using":"xpath","value":"//input[@id=\"application-manageresources-display-component---newResourceUnit--idRuTSAdmin-application-manageresources-display-component---newResourceUnit--RUTimeSegment-0-inner\"]"}
COMMAND: POST /session/991ae7458a2fe82266d4f38354923d31/element/f.E50BEB4A78466B534596A34F5FDA1F41.d.A5FA1B6423DE5534211703969D836D55.e.8651/value - {"text":"292"}
RESULT: {"text":"292"}
COMMAND: GET /session/991ae7458a2fe82266d4f38354923d31/screenshot - {}
RESULT: {}
COMMAND: POST /session/991ae7458a2fe82266d4f38354923d31/actions - {"actions":[{"id":"action23","type":"key","parameters":{},"actions":[{"type":"keyDown","value":"î€‡"},{"type":"pause","duration":10},{"type":"keyUp","value":"î€‡"}]}]}
RESULT: {"actions":[{"id":"action23","type":"key","parameters":{},"actions":[{"type":"keyDown","value":"î€‡"},{"type":"pause","duration":10},{"type":"keyUp","value":"î€‡"}]}]}
COMMAND: GET /session/991ae7458a2fe82266d4f38354923d31/screenshot - {}
RESULT: {}
COMMAND: POST /session/991ae7458a2fe82266d4f38354923d31/execute/async - {"script":"<script> [1562 bytes]","args":[{"selector":{"controlType":"sap.m.Button","viewName":"reusables.view.manageresources.NewResourceUnit","viewId":"application-manageresources-display-component---newResourceUnit","i18NText":{"propertyName":"tooltip","key":"save"},"interaction":{"idSuffix":"BDI-content"}},"wdio_ui5_key":"reusablesview.manageresources.NewResourceUnitsap.m.Button{\"propertyName\":\"tooltip\",\"key\":\"save\"}"}]}
RESULT: {"script":"<script> [1562 bytes]","args":[{"selector":{"controlType":"sap.m.Button","viewName":"reusables.view.manageresources.NewResourceUnit","viewId":"application-manageresources-display-component---newResourceUnit","i18NText":{"propertyName":"tooltip","key":"save"},"interaction":{"idSuffix":"BDI-content"}},"wdio_ui5_key":"reusablesview.manageresources.NewResourceUnitsap.m.Button{\"propertyName\":\"tooltip\",\"key\":\"save\"}"}]}
RESULT: undefined
COMMAND: POST /session/991ae7458a2fe82266d4f38354923d31/element - {"using":"xpath","value":"//*[@id=\"application-manageresources-display-component---newResourceUnit--createRuButton\"]"}
RESULT: {"using":"xpath","value":"//*[@id=\"application-manageresources-display-component---newResourceUnit--createRuButton\"]"}
COMMAND: POST /session/991ae7458a2fe82266d4f38354923d31/element/f.E50BEB4A78466B534596A34F5FDA1F41.d.A5FA1B6423DE5534211703969D836D55.e.8574/click - {}
RESULT: {}
COMMAND: GET /session/991ae7458a2fe82266d4f38354923d31/screenshot - {}
RESULT: {}
COMMAND: POST /session/991ae7458a2fe82266d4f38354923d31/execute/async - {"script":"<script> [1562 bytes]","args":[{"selector":{"controlType":"sap.m.Title","properties":{"text":"Success"},"searchOpenDialogs":true},"wdio_ui5_key":"sapm.Title{\"text\":\"Success\"}"}]}
RESULT: {"script":"<script> [1562 bytes]","args":[{"selector":{"controlType":"sap.m.Title","properties":{"text":"Success"},"searchOpenDialogs":true},"wdio_ui5_key":"sapm.Title{\"text\":\"Success\"}"}]}
RESULT: undefined
COMMAND: POST /session/991ae7458a2fe82266d4f38354923d31/execute/async - {"script":"<script> [6424 bytes]","args":[{"element-6066-11e4-a52e-4f735466cecf":"f.E50BEB4A78466B534596A34F5FDA1F41.d.A5FA1B6423DE5534211703969D836D55.e.8667"},"getText",[]]}
RESULT: {"script":"<script> [6424 bytes]","args":[{"element-6066-11e4-a52e-4f735466cecf":"f.E50BEB4A78466B534596A34F5FDA1F41.d.A5FA1B6423DE5534211703969D836D55.e.8667"},"getText",[]]}
COMMAND: POST /session/991ae7458a2fe82266d4f38354923d31/element - {"using":"xpath","value":"//*[contains(@id, '__text') and (contains(text(), 'successfully created') or contains(., 'successfully created'))]"}
RESULT: {"using":"xpath","value":"//*[contains(@id, '__text') and (contains(text(), 'successfully created') or contains(., 'successfully created'))]"}
COMMAND: GET /session/991ae7458a2fe82266d4f38354923d31/element/f.E50BEB4A78466B534596A34F5FDA1F41.d.A5FA1B6423DE5534211703969D836D55.e.8666/text - {}
RESULT: {}
COMMAND: POST /session/991ae7458a2fe82266d4f38354923d31/execute/async - {"script":"<script> [1562 bytes]","args":[{"selector":{"controlType":"sap.m.Button","properties":{"text":"Close"},"searchOpenDialogs":true,"interaction":{"idSuffix":"BDI-content"}},"wdio_ui5_key":"sapm.Button{\"text\":\"Close\"}"}]}
RESULT: {"script":"<script> [1562 bytes]","args":[{"selector":{"controlType":"sap.m.Button","properties":{"text":"Close"},"searchOpenDialogs":true,"interaction":{"idSuffix":"BDI-content"}},"wdio_ui5_key":"sapm.Button{\"text\":\"Close\"}"}]}
RESULT: undefined
COMMAND: POST /session/991ae7458a2fe82266d4f38354923d31/element - {"using":"xpath","value":"//*[@id=\"__mbox-btn-0\"]"}
RESULT: {"using":"xpath","value":"//*[@id=\"__mbox-btn-0\"]"}
COMMAND: POST /session/991ae7458a2fe82266d4f38354923d31/element/f.E50BEB4A78466B534596A34F5FDA1F41.d.A5FA1B6423DE5534211703969D836D55.e.8663/click - {}
RESULT: {}
COMMAND: GET /session/991ae7458a2fe82266d4f38354923d31/screenshot - {}
RESULT: {}
COMMAND: POST /session/991ae7458a2fe82266d4f38354923d31/execute/async - {"script":"<script> [1562 bytes]","args":[{"selector":{"controlType":"sap.ui.core.Icon","viewName":"etm.portal.ui.manageresources.view.Detail","viewId":"application-manageresources-display-component---detailRU","properties":{"src":{"regex":{"source":"overflow"}}}},"wdio_ui5_key":"etmportal.ui.manageresources.view.Detailsap.ui.core.Icon{\"src\":{\"regex\":{\"source\":\"overflow\"}}}"}]}
RESULT: {"script":"<script> [1562 bytes]","args":[{"selector":{"controlType":"sap.ui.core.Icon","viewName":"etm.portal.ui.manageresources.view.Detail","viewId":"application-manageresources-display-component---detailRU","properties":{"src":{"regex":{"source":"overflow"}}}},"wdio_ui5_key":"etmportal.ui.manageresources.view.Detailsap.ui.core.Icon{\"src\":{\"regex\":{\"source\":\"overflow\"}}}"}]}
RESULT: undefined
COMMAND: POST /session/991ae7458a2fe82266d4f38354923d31/element - {"using":"xpath","value":"//*[@id=\"__title46-_actionsToolbar-overflowButton-img\"]"}
RESULT: {"using":"xpath","value":"//*[@id=\"__title46-_actionsToolbar-overflowButton-img\"]"}
COMMAND: POST /session/991ae7458a2fe82266d4f38354923d31/element/f.E50BEB4A78466B534596A34F5FDA1F41.d.A5FA1B6423DE5534211703969D836D55.e.8697/click - {}
RESULT: {}
COMMAND: POST /session/991ae7458a2fe82266d4f38354923d31/execute/async - {"script":"<script> [1562 bytes]","args":[{"selector":{"controlType":"sap.m.Button","viewName":"etm.portal.ui.manageresources.view.Detail","viewId":"application-manageresources-display-component---detailRU","i18NText":{"propertyName":"tooltip","key":"closeColumn"},"searchOpenDialogs":true,"interaction":{"idSuffix":"inner"}},"wdio_ui5_key":"etmportal.ui.manageresources.view.Detailsap.m.Button{\"propertyName\":\"tooltip\",\"key\":\"closeColumn\"}"}]}
COMMAND: GET /session/991ae7458a2fe82266d4f38354923d31/screenshot - {}
RESULT: {"script":"<script> [1562 bytes]","args":[{"selector":{"controlType":"sap.m.Button","viewName":"etm.portal.ui.manageresources.view.Detail","viewId":"application-manageresources-display-component---detailRU","i18NText":{"propertyName":"tooltip","key":"closeColumn"},"searchOpenDialogs":true,"interaction":{"idSuffix":"inner"}},"wdio_ui5_key":"etmportal.ui.manageresources.view.Detailsap.m.Button{\"propertyName\":\"tooltip\",\"key\":\"closeColumn\"}"}]}
RESULT: undefined
COMMAND: POST /session/991ae7458a2fe82266d4f38354923d31/element - {"using":"xpath","value":"//*[@id=\"__button206\"]"}
RESULT: {}
RESULT: {"using":"xpath","value":"//*[@id=\"__button206\"]"}
COMMAND: POST /session/991ae7458a2fe82266d4f38354923d31/element/f.E50BEB4A78466B534596A34F5FDA1F41.d.A5FA1B6423DE5534211703969D836D55.e.8699/click - {}
RESULT: {}
COMMAND: GET /session/991ae7458a2fe82266d4f38354923d31/screenshot - {}
RESULT: {}
COMMAND: POST /session/991ae7458a2fe82266d4f38354923d31/element - {"using":"css selector","value":"#shell-header-logo"}
RESULT: {"using":"css selector","value":"#shell-header-logo"}
COMMAND: POST /session/991ae7458a2fe82266d4f38354923d31/element/f.E50BEB4A78466B534596A34F5FDA1F41.d.A5FA1B6423DE5534211703969D836D55.e.8192/click - {}
RESULT: {}
COMMAND: GET /session/991ae7458a2fe82266d4f38354923d31/screenshot - {}
RESULT: {}
]]></system-out>
    </testcase>
    <testcase classname="chrome.135_0_7049_96.windows.Create_masterdata_for_Yard_Overview_-_trigger_provide_US130988" name="Should create a BIN STATUS" time="44.56">
      <system-out><![CDATA[
COMMAND: POST /session/991ae7458a2fe82266d4f38354923d31/execute/async - {"script":"<script> [1562 bytes]","args":[{"selector":{"controlType":"sap.m.GenericTile","properties":{"header":"Bin Status Report"}},"wdio_ui5_key":"sapm.GenericTile{\"header\":\"Bin Status Report\"}"}]}
RESULT: {"script":"<script> [1562 bytes]","args":[{"selector":{"controlType":"sap.m.GenericTile","properties":{"header":"Bin Status Report"}},"wdio_ui5_key":"sapm.GenericTile{\"header\":\"Bin Status Report\"}"}]}
RESULT: undefined
COMMAND: POST /session/991ae7458a2fe82266d4f38354923d31/element - {"using":"xpath","value":"//*[@id=\"__tile104\"]"}
RESULT: {"using":"xpath","value":"//*[@id=\"__tile104\"]"}
COMMAND: POST /session/991ae7458a2fe82266d4f38354923d31/element/f.E50BEB4A78466B534596A34F5FDA1F41.d.A5FA1B6423DE5534211703969D836D55.e.8828/click - {}
RESULT: {}
COMMAND: GET /session/991ae7458a2fe82266d4f38354923d31/screenshot - {}
RESULT: {}
COMMAND: POST /session/991ae7458a2fe82266d4f38354923d31/execute/async - {"script":"<script> [1562 bytes]","args":[{"selector":{"id":"application-binstatusreport-display-component---warehousing--createOrgBtn","interaction":{"idSuffix":"BDI-content"}},"wdio_ui5_key":"applicationbinstatusreport-display-component---warehousing--createOrgBtn"}]}
RESULT: {"script":"<script> [1562 bytes]","args":[{"selector":{"id":"application-binstatusreport-display-component---warehousing--createOrgBtn","interaction":{"idSuffix":"BDI-content"}},"wdio_ui5_key":"applicationbinstatusreport-display-component---warehousing--createOrgBtn"}]}
RESULT: undefined
COMMAND: POST /session/991ae7458a2fe82266d4f38354923d31/element - {"using":"xpath","value":"//*[@id=\"application-binstatusreport-display-component---warehousing--createOrgBtn\"]"}
RESULT: {"using":"xpath","value":"//*[@id=\"application-binstatusreport-display-component---warehousing--createOrgBtn\"]"}
COMMAND: POST /session/991ae7458a2fe82266d4f38354923d31/element/f.E50BEB4A78466B534596A34F5FDA1F41.d.A5FA1B6423DE5534211703969D836D55.e.8889/click - {}
RESULT: {}
COMMAND: GET /session/991ae7458a2fe82266d4f38354923d31/screenshot - {}
RESULT: {}
COMMAND: POST /session/991ae7458a2fe82266d4f38354923d31/execute/async - {"script":"<script> [1562 bytes]","args":[{"selector":{"id":"createOrganizationPop--sectionInput","searchOpenDialogs":true,"interaction":{"idSuffix":"inner"}},"wdio_ui5_key":"createOrganizationPopsectionInput"}]}
RESULT: {"script":"<script> [1562 bytes]","args":[{"selector":{"id":"createOrganizationPop--sectionInput","searchOpenDialogs":true,"interaction":{"idSuffix":"inner"}},"wdio_ui5_key":"createOrganizationPopsectionInput"}]}
RESULT: undefined
COMMAND: POST /session/991ae7458a2fe82266d4f38354923d31/execute/async - {"script":"<script> [776 bytes]","args":[{"enterText":"111","selector":{"id":"createOrganizationPop--sectionInput","searchOpenDialogs":true,"interaction":{"idSuffix":"inner"}},"clearTextFirst":true,"interactionType":"ENTER_TEXT"}]}
RESULT: {"script":"<script> [776 bytes]","args":[{"enterText":"111","selector":{"id":"createOrganizationPop--sectionInput","searchOpenDialogs":true,"interaction":{"idSuffix":"inner"}},"clearTextFirst":true,"interactionType":"ENTER_TEXT"}]}
COMMAND: POST /session/991ae7458a2fe82266d4f38354923d31/execute/async - {"script":"<script> [1562 bytes]","args":[{"selector":{"id":"createOrganizationPop--descriptionInput","searchOpenDialogs":true,"interaction":{"idSuffix":"inner"}},"wdio_ui5_key":"createOrganizationPopdescriptionInput"}]}
RESULT: {"script":"<script> [1562 bytes]","args":[{"selector":{"id":"createOrganizationPop--descriptionInput","searchOpenDialogs":true,"interaction":{"idSuffix":"inner"}},"wdio_ui5_key":"createOrganizationPopdescriptionInput"}]}
RESULT: undefined
COMMAND: POST /session/991ae7458a2fe82266d4f38354923d31/execute/async - {"script":"<script> [776 bytes]","args":[{"enterText":"PUTAWAY_WEBDRIVER_DESC","selector":{"id":"createOrganizationPop--descriptionInput","searchOpenDialogs":true,"interaction":{"idSuffix":"inner"}},"clearTextFirst":true,"interactionType":"ENTER_TEXT"}]}
RESULT: {"script":"<script> [776 bytes]","args":[{"enterText":"PUTAWAY_WEBDRIVER_DESC","selector":{"id":"createOrganizationPop--descriptionInput","searchOpenDialogs":true,"interaction":{"idSuffix":"inner"}},"clearTextFirst":true,"interactionType":"ENTER_TEXT"}]}
COMMAND: POST /session/991ae7458a2fe82266d4f38354923d31/execute/async - {"script":"<script> [1562 bytes]","args":[{"selector":{"id":"createOrganizationPop--yardOrg-arrow","searchOpenDialogs":true},"wdio_ui5_key":"createOrganizationPopyardOrg-arrow"}]}
RESULT: {"script":"<script> [1562 bytes]","args":[{"selector":{"id":"createOrganizationPop--yardOrg-arrow","searchOpenDialogs":true},"wdio_ui5_key":"createOrganizationPopyardOrg-arrow"}]}
RESULT: undefined
COMMAND: POST /session/991ae7458a2fe82266d4f38354923d31/element - {"using":"xpath","value":"//*[@id=\"createOrganizationPop--yardOrg-arrow\"]"}
RESULT: {"using":"xpath","value":"//*[@id=\"createOrganizationPop--yardOrg-arrow\"]"}
COMMAND: POST /session/991ae7458a2fe82266d4f38354923d31/element/f.E50BEB4A78466B534596A34F5FDA1F41.d.A5FA1B6423DE5534211703969D836D55.e.8944/click - {}
RESULT: {}
COMMAND: POST /session/991ae7458a2fe82266d4f38354923d31/element - {"using":"xpath","value":"//input[@id=\"createOrganizationPop--yardOrg-inner\"]"}
COMMAND: GET /session/991ae7458a2fe82266d4f38354923d31/screenshot - {}
RESULT: {"using":"xpath","value":"//input[@id=\"createOrganizationPop--yardOrg-inner\"]"}
COMMAND: POST /session/991ae7458a2fe82266d4f38354923d31/element/f.E50BEB4A78466B534596A34F5FDA1F41.d.A5FA1B6423DE5534211703969D836D55.e.8925/value - {"text":"292"}
RESULT: {}
RESULT: {"text":"292"}
COMMAND: GET /session/991ae7458a2fe82266d4f38354923d31/screenshot - {}
RESULT: {}
COMMAND: POST /session/991ae7458a2fe82266d4f38354923d31/actions - {"actions":[{"id":"action24","type":"key","parameters":{},"actions":[{"type":"keyDown","value":"î€‡"},{"type":"pause","duration":10},{"type":"keyUp","value":"î€‡"}]}]}
RESULT: {"actions":[{"id":"action24","type":"key","parameters":{},"actions":[{"type":"keyDown","value":"î€‡"},{"type":"pause","duration":10},{"type":"keyUp","value":"î€‡"}]}]}
COMMAND: POST /session/991ae7458a2fe82266d4f38354923d31/execute/async - {"script":"<script> [1562 bytes]","args":[{"selector":{"id":"createOrganizationPop--grZone","searchOpenDialogs":true,"interaction":{"idSuffix":"CbBg"}},"wdio_ui5_key":"createOrganizationPopgrZone"}]}
COMMAND: GET /session/991ae7458a2fe82266d4f38354923d31/screenshot - {}
RESULT: {"script":"<script> [1562 bytes]","args":[{"selector":{"id":"createOrganizationPop--grZone","searchOpenDialogs":true,"interaction":{"idSuffix":"CbBg"}},"wdio_ui5_key":"createOrganizationPopgrZone"}]}
RESULT: undefined
COMMAND: POST /session/991ae7458a2fe82266d4f38354923d31/element - {"using":"xpath","value":"//*[@id=\"createOrganizationPop--grZone\"]"}
RESULT: {}
RESULT: {"using":"xpath","value":"//*[@id=\"createOrganizationPop--grZone\"]"}
COMMAND: POST /session/991ae7458a2fe82266d4f38354923d31/element/f.E50BEB4A78466B534596A34F5FDA1F41.d.A5FA1B6423DE5534211703969D836D55.e.8947/click - {}
RESULT: {}
COMMAND: POST /session/991ae7458a2fe82266d4f38354923d31/execute/async - {"script":"<script> [1562 bytes]","args":[{"selector":{"id":"createOrganizationPop--giZone","searchOpenDialogs":true,"interaction":{"idSuffix":"CbBg"}},"wdio_ui5_key":"createOrganizationPopgiZone"}]}
COMMAND: GET /session/991ae7458a2fe82266d4f38354923d31/screenshot - {}
RESULT: {"script":"<script> [1562 bytes]","args":[{"selector":{"id":"createOrganizationPop--giZone","searchOpenDialogs":true,"interaction":{"idSuffix":"CbBg"}},"wdio_ui5_key":"createOrganizationPopgiZone"}]}
RESULT: undefined
COMMAND: POST /session/991ae7458a2fe82266d4f38354923d31/element - {"using":"xpath","value":"//*[@id=\"createOrganizationPop--giZone\"]"}
RESULT: {}
RESULT: {"using":"xpath","value":"//*[@id=\"createOrganizationPop--giZone\"]"}
COMMAND: POST /session/991ae7458a2fe82266d4f38354923d31/element/f.E50BEB4A78466B534596A34F5FDA1F41.d.A5FA1B6423DE5534211703969D836D55.e.8949/click - {}
RESULT: {}
COMMAND: POST /session/991ae7458a2fe82266d4f38354923d31/execute/async - {"script":"<script> [1562 bytes]","args":[{"selector":{"id":"createOrganizationPop--binNoInput","searchOpenDialogs":true,"interaction":{"idSuffix":"inner"}},"wdio_ui5_key":"createOrganizationPopbinNoInput"}]}
COMMAND: GET /session/991ae7458a2fe82266d4f38354923d31/screenshot - {}
RESULT: {"script":"<script> [1562 bytes]","args":[{"selector":{"id":"createOrganizationPop--binNoInput","searchOpenDialogs":true,"interaction":{"idSuffix":"inner"}},"wdio_ui5_key":"createOrganizationPopbinNoInput"}]}
RESULT: undefined
COMMAND: POST /session/991ae7458a2fe82266d4f38354923d31/execute/async - {"script":"<script> [776 bytes]","args":[{"enterText":"TP001","selector":{"id":"createOrganizationPop--binNoInput","searchOpenDialogs":true,"interaction":{"idSuffix":"inner"}},"clearTextFirst":true,"interactionType":"ENTER_TEXT"}]}
RESULT: {}
RESULT: {"script":"<script> [776 bytes]","args":[{"enterText":"TP001","selector":{"id":"createOrganizationPop--binNoInput","searchOpenDialogs":true,"interaction":{"idSuffix":"inner"}},"clearTextFirst":true,"interactionType":"ENTER_TEXT"}]}
COMMAND: POST /session/991ae7458a2fe82266d4f38354923d31/execute/async - {"script":"<script> [1562 bytes]","args":[{"selector":{"id":"createOrganizationPop--descriptionId","searchOpenDialogs":true,"interaction":{"idSuffix":"inner"}},"wdio_ui5_key":"createOrganizationPopdescriptionId"}]}
RESULT: {"script":"<script> [1562 bytes]","args":[{"selector":{"id":"createOrganizationPop--descriptionId","searchOpenDialogs":true,"interaction":{"idSuffix":"inner"}},"wdio_ui5_key":"createOrganizationPopdescriptionId"}]}
RESULT: undefined
COMMAND: POST /session/991ae7458a2fe82266d4f38354923d31/execute/async - {"script":"<script> [776 bytes]","args":[{"enterText":"PUTAWAY","selector":{"id":"createOrganizationPop--descriptionId","searchOpenDialogs":true,"interaction":{"idSuffix":"inner"}},"clearTextFirst":true,"interactionType":"ENTER_TEXT"}]}
RESULT: {"script":"<script> [776 bytes]","args":[{"enterText":"PUTAWAY","selector":{"id":"createOrganizationPop--descriptionId","searchOpenDialogs":true,"interaction":{"idSuffix":"inner"}},"clearTextFirst":true,"interactionType":"ENTER_TEXT"}]}
COMMAND: POST /session/991ae7458a2fe82266d4f38354923d31/execute/async - {"script":"<script> [1562 bytes]","args":[{"selector":{"controlType":"sap.m.CheckBox","viewName":"etm.portal.ui.binstatusreport.view.MasterWareBins","viewId":"application-binstatusreport-display-component---warehousing","bindingPath":{"path":"","propertyPath":"/ZONE","modelName":"newBin"},"searchOpenDialogs":true,"interaction":{"idSuffix":"CbBg"}},"wdio_ui5_key":"etmportal.ui.binstatusreport.view.MasterWareBinssap.m.CheckBox{\"path\":\"\",\"propertyPath\":\"/ZONE\",\"modelName\":\"newBin\"}"}]}
RESULT: {"script":"<script> [1562 bytes]","args":[{"selector":{"controlType":"sap.m.CheckBox","viewName":"etm.portal.ui.binstatusreport.view.MasterWareBins","viewId":"application-binstatusreport-display-component---warehousing","bindingPath":{"path":"","propertyPath":"/ZONE","modelName":"newBin"},"searchOpenDialogs":true,"interaction":{"idSuffix":"CbBg"}},"wdio_ui5_key":"etmportal.ui.binstatusreport.view.MasterWareBinssap.m.CheckBox{\"path\":\"\",\"propertyPath\":\"/ZONE\",\"modelName\":\"newBin\"}"}]}
RESULT: undefined
COMMAND: POST /session/991ae7458a2fe82266d4f38354923d31/element - {"using":"xpath","value":"//*[@id=\"__box56\"]"}
RESULT: {"using":"xpath","value":"//*[@id=\"__box56\"]"}
COMMAND: POST /session/991ae7458a2fe82266d4f38354923d31/element/f.E50BEB4A78466B534596A34F5FDA1F41.d.A5FA1B6423DE5534211703969D836D55.e.8953/click - {}
RESULT: {}
COMMAND: POST /session/991ae7458a2fe82266d4f38354923d31/execute/async - {"script":"<script> [1562 bytes]","args":[{"selector":{"id":"createOrganizationPop--binTypesCB-arrow","searchOpenDialogs":true},"wdio_ui5_key":"createOrganizationPopbinTypesCB-arrow"}]}
COMMAND: GET /session/991ae7458a2fe82266d4f38354923d31/screenshot - {}
RESULT: {"script":"<script> [1562 bytes]","args":[{"selector":{"id":"createOrganizationPop--binTypesCB-arrow","searchOpenDialogs":true},"wdio_ui5_key":"createOrganizationPopbinTypesCB-arrow"}]}
RESULT: undefined
COMMAND: POST /session/991ae7458a2fe82266d4f38354923d31/element - {"using":"xpath","value":"//*[@id=\"createOrganizationPop--binTypesCB-arrow\"]"}
RESULT: {}
RESULT: {"using":"xpath","value":"//*[@id=\"createOrganizationPop--binTypesCB-arrow\"]"}
COMMAND: POST /session/991ae7458a2fe82266d4f38354923d31/element/f.E50BEB4A78466B534596A34F5FDA1F41.d.A5FA1B6423DE5534211703969D836D55.e.8954/click - {}
RESULT: {}
COMMAND: POST /session/991ae7458a2fe82266d4f38354923d31/execute/async - {"script":"<script> [1562 bytes]","args":[{"selector":{"controlType":"sap.m.StandardListItem","viewName":"etm.portal.ui.binstatusreport.view.MasterWareBins","viewId":"application-binstatusreport-display-component---warehousing","properties":{"title":"1 - General / No capacity check"},"searchOpenDialogs":true,"interaction":{"idSuffix":"content"}},"wdio_ui5_key":"etmportal.ui.binstatusreport.view.MasterWareBinssap.m.StandardListItem{\"title\":\"1 - General / No capacity check\"}"}]}
COMMAND: GET /session/991ae7458a2fe82266d4f38354923d31/screenshot - {}
RESULT: {"script":"<script> [1562 bytes]","args":[{"selector":{"controlType":"sap.m.StandardListItem","viewName":"etm.portal.ui.binstatusreport.view.MasterWareBins","viewId":"application-binstatusreport-display-component---warehousing","properties":{"title":"1 - General / No capacity check"},"searchOpenDialogs":true,"interaction":{"idSuffix":"content"}},"wdio_ui5_key":"etmportal.ui.binstatusreport.view.MasterWareBinssap.m.StandardListItem{\"title\":\"1 - General / No capacity check\"}"}]}
RESULT: undefined
COMMAND: POST /session/991ae7458a2fe82266d4f38354923d31/element - {"using":"xpath","value":"//*[@id=\"__item1724\"]"}
RESULT: {}
RESULT: {"using":"xpath","value":"//*[@id=\"__item1724\"]"}
COMMAND: POST /session/991ae7458a2fe82266d4f38354923d31/element/f.E50BEB4A78466B534596A34F5FDA1F41.d.A5FA1B6423DE5534211703969D836D55.e.8956/click - {}
RESULT: {}
COMMAND: POST /session/991ae7458a2fe82266d4f38354923d31/execute/async - {"script":"<script> [1562 bytes]","args":[{"selector":{"id":"createOrganizationPop--finishBtn","searchOpenDialogs":true,"interaction":{"idSuffix":"BDI-content"}},"wdio_ui5_key":"createOrganizationPopfinishBtn"}]}
COMMAND: GET /session/991ae7458a2fe82266d4f38354923d31/screenshot - {}
RESULT: {"script":"<script> [1562 bytes]","args":[{"selector":{"id":"createOrganizationPop--finishBtn","searchOpenDialogs":true,"interaction":{"idSuffix":"BDI-content"}},"wdio_ui5_key":"createOrganizationPopfinishBtn"}]}
RESULT: undefined
COMMAND: POST /session/991ae7458a2fe82266d4f38354923d31/element - {"using":"xpath","value":"//*[@id=\"createOrganizationPop--finishBtn\"]"}
RESULT: {}
RESULT: {"using":"xpath","value":"//*[@id=\"createOrganizationPop--finishBtn\"]"}
COMMAND: POST /session/991ae7458a2fe82266d4f38354923d31/element/f.E50BEB4A78466B534596A34F5FDA1F41.d.A5FA1B6423DE5534211703969D836D55.e.8958/click - {}
RESULT: {}
COMMAND: GET /session/991ae7458a2fe82266d4f38354923d31/screenshot - {}
RESULT: {}
COMMAND: POST /session/991ae7458a2fe82266d4f38354923d31/element - {"using":"css selector","value":"#shell-header-logo"}
RESULT: {"using":"css selector","value":"#shell-header-logo"}
COMMAND: POST /session/991ae7458a2fe82266d4f38354923d31/element/f.E50BEB4A78466B534596A34F5FDA1F41.d.A5FA1B6423DE5534211703969D836D55.e.8834/click - {}
RESULT: {}
COMMAND: GET /session/991ae7458a2fe82266d4f38354923d31/screenshot - {}
RESULT: {}
]]></system-out>
    </testcase>
    <testcase classname="chrome.135_0_7049_96.windows.Create_masterdata_for_Yard_Overview_-_trigger_provide_US130988" name="Stock increase" time="50.321">
      <system-out><![CDATA[
COMMAND: POST /session/991ae7458a2fe82266d4f38354923d31/execute/async - {"script":"<script> [1562 bytes]","args":[{"selector":{"controlType":"sap.m.GenericTile","properties":{"header":"Manage Handovers"}},"wdio_ui5_key":"sapm.GenericTile{\"header\":\"Manage Handovers\"}"}]}
RESULT: {"script":"<script> [1562 bytes]","args":[{"selector":{"controlType":"sap.m.GenericTile","properties":{"header":"Manage Handovers"}},"wdio_ui5_key":"sapm.GenericTile{\"header\":\"Manage Handovers\"}"}]}
RESULT: undefined
COMMAND: POST /session/991ae7458a2fe82266d4f38354923d31/element - {"using":"xpath","value":"//*[@id=\"__tile131\"]"}
RESULT: {"using":"xpath","value":"//*[@id=\"__tile131\"]"}
COMMAND: POST /session/991ae7458a2fe82266d4f38354923d31/element/f.E50BEB4A78466B534596A34F5FDA1F41.d.A5FA1B6423DE5534211703969D836D55.e.8991/click - {}
RESULT: {}
COMMAND: GET /session/991ae7458a2fe82266d4f38354923d31/screenshot - {}
RESULT: {}
COMMAND: POST /session/991ae7458a2fe82266d4f38354923d31/execute/async - {"script":"<script> [1562 bytes]","args":[{"selector":{"controlType":"sap.ui.core.Icon","viewName":"etm.portal.ui.managehandovers.view.MasterHO","properties":{"src":{"regex":{"source":"add"}}}},"wdio_ui5_key":"etmportal.ui.managehandovers.view.MasterHOsap.ui.core.Icon{\"src\":{\"regex\":{\"source\":\"add\"}}}"}]}
RESULT: {"script":"<script> [1562 bytes]","args":[{"selector":{"controlType":"sap.ui.core.Icon","viewName":"etm.portal.ui.managehandovers.view.MasterHO","properties":{"src":{"regex":{"source":"add"}}}},"wdio_ui5_key":"etmportal.ui.managehandovers.view.MasterHOsap.ui.core.Icon{\"src\":{\"regex\":{\"source\":\"add\"}}}"}]}
RESULT: undefined
COMMAND: POST /session/991ae7458a2fe82266d4f38354923d31/element - {"using":"xpath","value":"//*[@id=\"__button238-img\"]"}
RESULT: {"using":"xpath","value":"//*[@id=\"__button238-img\"]"}
COMMAND: POST /session/991ae7458a2fe82266d4f38354923d31/element/f.E50BEB4A78466B534596A34F5FDA1F41.d.A5FA1B6423DE5534211703969D836D55.e.9028/click - {}
RESULT: {}
COMMAND: GET /session/991ae7458a2fe82266d4f38354923d31/screenshot - {}
RESULT: {}
COMMAND: POST /session/991ae7458a2fe82266d4f38354923d31/execute/async - {"script":"<script> [1562 bytes]","args":[{"selector":{"id":"application-managehandovers-display-component---AddNewHO--typeSelect","interaction":{"idSuffix":"arrow"}},"wdio_ui5_key":"applicationmanagehandovers-display-component---AddNewHO--typeSelect"}]}
RESULT: {"script":"<script> [1562 bytes]","args":[{"selector":{"id":"application-managehandovers-display-component---AddNewHO--typeSelect","interaction":{"idSuffix":"arrow"}},"wdio_ui5_key":"applicationmanagehandovers-display-component---AddNewHO--typeSelect"}]}
RESULT: undefined
COMMAND: POST /session/991ae7458a2fe82266d4f38354923d31/element - {"using":"xpath","value":"//*[@id=\"application-managehandovers-display-component---AddNewHO--typeSelect\"]"}
RESULT: {"using":"xpath","value":"//*[@id=\"application-managehandovers-display-component---AddNewHO--typeSelect\"]"}
COMMAND: POST /session/991ae7458a2fe82266d4f38354923d31/element/f.E50BEB4A78466B534596A34F5FDA1F41.d.A5FA1B6423DE5534211703969D836D55.e.9342/click - {}
RESULT: {}
COMMAND: POST /session/991ae7458a2fe82266d4f38354923d31/execute/async - {"script":"<script> [1562 bytes]","args":[{"selector":{"controlType":"sap.ui.core.Item","viewName":"etm.portal.ui.managehandovers.view.AddNewHO","viewId":"application-managehandovers-display-component---AddNewHO","bindingPath":{"path":"/HandOverTypes('100')","propertyPath":"ID","modelName":"catalogModel"},"searchOpenDialogs":true},"wdio_ui5_key":"etmportal.ui.managehandovers.view.AddNewHOsap.ui.core.Item{\"path\":\"/HandOverTypes('100')\",\"propertyPath\":\"ID\",\"modelName\":\"catalogModel\"}"}]}
COMMAND: GET /session/991ae7458a2fe82266d4f38354923d31/screenshot - {}
RESULT: {"script":"<script> [1562 bytes]","args":[{"selector":{"controlType":"sap.ui.core.Item","viewName":"etm.portal.ui.managehandovers.view.AddNewHO","viewId":"application-managehandovers-display-component---AddNewHO","bindingPath":{"path":"/HandOverTypes('100')","propertyPath":"ID","modelName":"catalogModel"},"searchOpenDialogs":true},"wdio_ui5_key":"etmportal.ui.managehandovers.view.AddNewHOsap.ui.core.Item{\"path\":\"/HandOverTypes('100')\",\"propertyPath\":\"ID\",\"modelName\":\"catalogModel\"}"}]}
RESULT: undefined
COMMAND: POST /session/991ae7458a2fe82266d4f38354923d31/element - {"using":"xpath","value":"//*[@id=\"__item1749-application-managehandovers-display-component---AddNewHO--typeSelect-1\"]"}
RESULT: {}
RESULT: {"using":"xpath","value":"//*[@id=\"__item1749-application-managehandovers-display-component---AddNewHO--typeSelect-1\"]"}
COMMAND: POST /session/991ae7458a2fe82266d4f38354923d31/element/f.E50BEB4A78466B534596A34F5FDA1F41.d.A5FA1B6423DE5534211703969D836D55.e.9343/click - {}
RESULT: {}
COMMAND: POST /session/991ae7458a2fe82266d4f38354923d31/execute/async - {"script":"<script> [1562 bytes]","args":[{"selector":{"id":"application-managehandovers-display-component---AddNewHO--dueDate","interaction":{"idSuffix":"inner"}},"wdio_ui5_key":"applicationmanagehandovers-display-component---AddNewHO--dueDate"}]}
COMMAND: GET /session/991ae7458a2fe82266d4f38354923d31/screenshot - {}
RESULT: {"script":"<script> [1562 bytes]","args":[{"selector":{"id":"application-managehandovers-display-component---AddNewHO--dueDate","interaction":{"idSuffix":"inner"}},"wdio_ui5_key":"applicationmanagehandovers-display-component---AddNewHO--dueDate"}]}
RESULT: undefined
COMMAND: POST /session/991ae7458a2fe82266d4f38354923d31/execute/async - {"script":"<script> [776 bytes]","args":[{"enterText":"04/27/25","selector":{"id":"application-managehandovers-display-component---AddNewHO--dueDate","interaction":{"idSuffix":"inner"}},"clearTextFirst":true,"interactionType":"ENTER_TEXT"}]}
RESULT: {}
RESULT: {"script":"<script> [776 bytes]","args":[{"enterText":"04/27/25","selector":{"id":"application-managehandovers-display-component---AddNewHO--dueDate","interaction":{"idSuffix":"inner"}},"clearTextFirst":true,"interactionType":"ENTER_TEXT"}]}
COMMAND: POST /session/991ae7458a2fe82266d4f38354923d31/element - {"using":"xpath","value":"//input[@id=\"generalSectionFrg--receiveYard-inner\"]"}
RESULT: {"using":"xpath","value":"//input[@id=\"generalSectionFrg--receiveYard-inner\"]"}
COMMAND: POST /session/991ae7458a2fe82266d4f38354923d31/element/f.E50BEB4A78466B534596A34F5FDA1F41.d.A5FA1B6423DE5534211703969D836D55.e.9353/value - {"text":"292"}
RESULT: {"text":"292"}
COMMAND: GET /session/991ae7458a2fe82266d4f38354923d31/screenshot - {}
RESULT: {}
COMMAND: POST /session/991ae7458a2fe82266d4f38354923d31/actions - {"actions":[{"id":"action25","type":"key","parameters":{},"actions":[{"type":"keyDown","value":"î€‡"},{"type":"pause","duration":10},{"type":"keyUp","value":"î€‡"}]}]}
RESULT: {"actions":[{"id":"action25","type":"key","parameters":{},"actions":[{"type":"keyDown","value":"î€‡"},{"type":"pause","duration":10},{"type":"keyUp","value":"î€‡"}]}]}
COMMAND: POST /session/991ae7458a2fe82266d4f38354923d31/execute/async - {"script":"<script> [1562 bytes]","args":[{"selector":{"id":"application-managehandovers-display-component---AddNewHO--ObjectPageLayout-anchBar-application-managehandovers-display-component---AddNewHO--section4-anchor","interaction":{"idSuffix":"BDI-content"}},"wdio_ui5_key":"applicationmanagehandovers-display-component---AddNewHO--ObjectPageLayout-anchBar-application-managehandovers-display-component---AddNewHO--section4-anchor"}]}
COMMAND: GET /session/991ae7458a2fe82266d4f38354923d31/screenshot - {}
RESULT: {"script":"<script> [1562 bytes]","args":[{"selector":{"id":"application-managehandovers-display-component---AddNewHO--ObjectPageLayout-anchBar-application-managehandovers-display-component---AddNewHO--section4-anchor","interaction":{"idSuffix":"BDI-content"}},"wdio_ui5_key":"applicationmanagehandovers-display-component---AddNewHO--ObjectPageLayout-anchBar-application-managehandovers-display-component---AddNewHO--section4-anchor"}]}
RESULT: undefined
COMMAND: POST /session/991ae7458a2fe82266d4f38354923d31/element - {"using":"xpath","value":"//*[@id=\"application-managehandovers-display-component---AddNewHO--ObjectPageLayout-anchBar-application-managehandovers-display-component---AddNewHO--section4-anchor\"]"}
RESULT: {}
RESULT: {"using":"xpath","value":"//*[@id=\"application-managehandovers-display-component---AddNewHO--ObjectPageLayout-anchBar-application-managehandovers-display-component---AddNewHO--section4-anchor\"]"}
COMMAND: POST /session/991ae7458a2fe82266d4f38354923d31/element/f.E50BEB4A78466B534596A34F5FDA1F41.d.A5FA1B6423DE5534211703969D836D55.e.9370/click - {}
RESULT: {}
COMMAND: POST /session/991ae7458a2fe82266d4f38354923d31/execute/async - {"script":"<script> [1562 bytes]","args":[{"selector":{"controlType":"sap.m.Button","viewName":"etm.portal.ui.managehandovers.view.AddNewHO","viewId":"application-managehandovers-display-component---AddNewHO","properties":{"icon":"sap-icon://add"},"interaction":{"idSuffix":"inner"}},"wdio_ui5_key":"etmportal.ui.managehandovers.view.AddNewHOsap.m.Button{\"icon\":\"sap-icon://add\"}"}]}
COMMAND: GET /session/991ae7458a2fe82266d4f38354923d31/screenshot - {}
RESULT: {"script":"<script> [1562 bytes]","args":[{"selector":{"controlType":"sap.m.Button","viewName":"etm.portal.ui.managehandovers.view.AddNewHO","viewId":"application-managehandovers-display-component---AddNewHO","properties":{"icon":"sap-icon://add"},"interaction":{"idSuffix":"inner"}},"wdio_ui5_key":"etmportal.ui.managehandovers.view.AddNewHOsap.m.Button{\"icon\":\"sap-icon://add\"}"}]}
RESULT: undefined
COMMAND: POST /session/991ae7458a2fe82266d4f38354923d31/element - {"using":"xpath","value":"//*[@id=\"__button257\"]"}
RESULT: {}
RESULT: {"using":"xpath","value":"//*[@id=\"__button257\"]"}
COMMAND: POST /session/991ae7458a2fe82266d4f38354923d31/element/f.E50BEB4A78466B534596A34F5FDA1F41.d.A5FA1B6423DE5534211703969D836D55.e.9377/click - {}
RESULT: {}
COMMAND: GET /session/991ae7458a2fe82266d4f38354923d31/screenshot - {}
RESULT: {}
COMMAND: POST /session/991ae7458a2fe82266d4f38354923d31/execute/async - {"script":"<script> [1562 bytes]","args":[{"selector":{"id":"application-managehandovers-display-component---AddNewHO--smartFilterBar-btnBasicSearch","searchOpenDialogs":true,"interaction":{"idSuffix":"I"}},"wdio_ui5_key":"applicationmanagehandovers-display-component---AddNewHO--smartFilterBar-btnBasicSearch"}]}
RESULT: {"script":"<script> [1562 bytes]","args":[{"selector":{"id":"application-managehandovers-display-component---AddNewHO--smartFilterBar-btnBasicSearch","searchOpenDialogs":true,"interaction":{"idSuffix":"I"}},"wdio_ui5_key":"applicationmanagehandovers-display-component---AddNewHO--smartFilterBar-btnBasicSearch"}]}
RESULT: undefined
COMMAND: POST /session/991ae7458a2fe82266d4f38354923d31/execute/async - {"script":"<script> [776 bytes]","args":[{"enterText":"200130","selector":{"id":"application-managehandovers-display-component---AddNewHO--smartFilterBar-btnBasicSearch","searchOpenDialogs":true,"interaction":{"idSuffix":"I"}},"clearTextFirst":true,"interactionType":"ENTER_TEXT"}]}
RESULT: {"script":"<script> [776 bytes]","args":[{"enterText":"200130","selector":{"id":"application-managehandovers-display-component---AddNewHO--smartFilterBar-btnBasicSearch","searchOpenDialogs":true,"interaction":{"idSuffix":"I"}},"clearTextFirst":true,"interactionType":"ENTER_TEXT"}]}
COMMAND: POST /session/991ae7458a2fe82266d4f38354923d31/execute/async - {"script":"<script> [1562 bytes]","args":[{"selector":{"id":"application-managehandovers-display-component---AddNewHO--popup-sa","searchOpenDialogs":true},"wdio_ui5_key":"applicationmanagehandovers-display-component---AddNewHO--popup-sa"}]}
RESULT: {"script":"<script> [1562 bytes]","args":[{"selector":{"id":"application-managehandovers-display-component---AddNewHO--popup-sa","searchOpenDialogs":true},"wdio_ui5_key":"applicationmanagehandovers-display-component---AddNewHO--popup-sa"}]}
RESULT: undefined
COMMAND: POST /session/991ae7458a2fe82266d4f38354923d31/element - {"using":"xpath","value":"//*[@id=\"application-managehandovers-display-component---AddNewHO--popup-sa\"]"}
RESULT: {"using":"xpath","value":"//*[@id=\"application-managehandovers-display-component---AddNewHO--popup-sa\"]"}
COMMAND: POST /session/991ae7458a2fe82266d4f38354923d31/element/f.E50BEB4A78466B534596A34F5FDA1F41.d.A5FA1B6423DE5534211703969D836D55.e.9527/click - {}
RESULT: {}
COMMAND: GET /session/991ae7458a2fe82266d4f38354923d31/screenshot - {}
RESULT: {}
COMMAND: POST /session/991ae7458a2fe82266d4f38354923d31/execute/async - {"script":"<script> [1562 bytes]","args":[{"selector":{"controlType":"sap.m.Button","viewName":"etm.portal.ui.managehandovers.view.AddNewHO","viewId":"application-managehandovers-display-component---AddNewHO","i18NText":{"propertyName":"text","key":"select"},"searchOpenDialogs":true,"interaction":{"idSuffix":"BDI-content"}},"wdio_ui5_key":"etmportal.ui.managehandovers.view.AddNewHOsap.m.Button{\"propertyName\":\"text\",\"key\":\"select\"}"}]}
RESULT: {"script":"<script> [1562 bytes]","args":[{"selector":{"controlType":"sap.m.Button","viewName":"etm.portal.ui.managehandovers.view.AddNewHO","viewId":"application-managehandovers-display-component---AddNewHO","i18NText":{"propertyName":"text","key":"select"},"searchOpenDialogs":true,"interaction":{"idSuffix":"BDI-content"}},"wdio_ui5_key":"etmportal.ui.managehandovers.view.AddNewHOsap.m.Button{\"propertyName\":\"text\",\"key\":\"select\"}"}]}
RESULT: undefined
COMMAND: POST /session/991ae7458a2fe82266d4f38354923d31/element - {"using":"xpath","value":"//*[@id=\"__button260\"]"}
RESULT: {"using":"xpath","value":"//*[@id=\"__button260\"]"}
COMMAND: POST /session/991ae7458a2fe82266d4f38354923d31/element/f.E50BEB4A78466B534596A34F5FDA1F41.d.A5FA1B6423DE5534211703969D836D55.e.9529/click - {}
RESULT: {}
COMMAND: POST /session/991ae7458a2fe82266d4f38354923d31/execute/async - {"script":"<script> [1562 bytes]","args":[{"selector":{"id":"application-managehandovers-display-component---AddNewHO--confirmCreationButton","interaction":{"idSuffix":"BDI-content"}},"wdio_ui5_key":"applicationmanagehandovers-display-component---AddNewHO--confirmCreationButton"}]}
COMMAND: GET /session/991ae7458a2fe82266d4f38354923d31/screenshot - {}
RESULT: {"script":"<script> [1562 bytes]","args":[{"selector":{"id":"application-managehandovers-display-component---AddNewHO--confirmCreationButton","interaction":{"idSuffix":"BDI-content"}},"wdio_ui5_key":"applicationmanagehandovers-display-component---AddNewHO--confirmCreationButton"}]}
RESULT: undefined
COMMAND: POST /session/991ae7458a2fe82266d4f38354923d31/element - {"using":"xpath","value":"//*[@id=\"application-managehandovers-display-component---AddNewHO--confirmCreationButton\"]"}
RESULT: {}
RESULT: {"using":"xpath","value":"//*[@id=\"application-managehandovers-display-component---AddNewHO--confirmCreationButton\"]"}
COMMAND: POST /session/991ae7458a2fe82266d4f38354923d31/element/f.E50BEB4A78466B534596A34F5FDA1F41.d.A5FA1B6423DE5534211703969D836D55.e.9533/click - {}
RESULT: {}
COMMAND: GET /session/991ae7458a2fe82266d4f38354923d31/screenshot - {}
RESULT: {}
COMMAND: POST /session/991ae7458a2fe82266d4f38354923d31/element - {"using":"xpath","value":"//input[contains(@id ,\"receiptDatePicker-inner\")]"}
RESULT: {"using":"xpath","value":"//input[contains(@id ,\"receiptDatePicker-inner\")]"}
COMMAND: POST /session/991ae7458a2fe82266d4f38354923d31/element/f.E50BEB4A78466B534596A34F5FDA1F41.d.A5FA1B6423DE5534211703969D836D55.e.9560/click - {}
RESULT: {}
COMMAND: POST /session/991ae7458a2fe82266d4f38354923d31/element - {"using":"xpath","value":"//input[contains(@id ,\"receiptDatePicker-inner\")]"}
COMMAND: GET /session/991ae7458a2fe82266d4f38354923d31/screenshot - {}
RESULT: {"using":"xpath","value":"//input[contains(@id ,\"receiptDatePicker-inner\")]"}
COMMAND: POST /session/991ae7458a2fe82266d4f38354923d31/element/f.E50BEB4A78466B534596A34F5FDA1F41.d.A5FA1B6423DE5534211703969D836D55.e.9560/clear - {}
RESULT: {}
RESULT: {}
COMMAND: POST /session/991ae7458a2fe82266d4f38354923d31/element/f.E50BEB4A78466B534596A34F5FDA1F41.d.A5FA1B6423DE5534211703969D836D55.e.9560/value - {"text":"04/27/25"}
COMMAND: GET /session/991ae7458a2fe82266d4f38354923d31/screenshot - {}
RESULT: {"text":"04/27/25"}
COMMAND: POST /session/991ae7458a2fe82266d4f38354923d31/execute/async - {"script":"<script> [1562 bytes]","args":[{"selector":{"controlType":"sap.m.Button","viewName":"etm.portal.ui.managehandovers.view.DetailExecuteHO","i18NText":{"propertyName":"text","key":"confirmAll"},"interaction":{"idSuffix":"BDI-content"}},"wdio_ui5_key":"etmportal.ui.managehandovers.view.DetailExecuteHOsap.m.Button{\"propertyName\":\"text\",\"key\":\"confirmAll\"}"}]}
COMMAND: GET /session/991ae7458a2fe82266d4f38354923d31/screenshot - {}
RESULT: {}
RESULT: {"script":"<script> [1562 bytes]","args":[{"selector":{"controlType":"sap.m.Button","viewName":"etm.portal.ui.managehandovers.view.DetailExecuteHO","i18NText":{"propertyName":"text","key":"confirmAll"},"interaction":{"idSuffix":"BDI-content"}},"wdio_ui5_key":"etmportal.ui.managehandovers.view.DetailExecuteHOsap.m.Button{\"propertyName\":\"text\",\"key\":\"confirmAll\"}"}]}
RESULT: undefined
COMMAND: POST /session/991ae7458a2fe82266d4f38354923d31/element - {"using":"xpath","value":"//*[@id=\"__button289\"]"}
RESULT: {}
RESULT: {"using":"xpath","value":"//*[@id=\"__button289\"]"}
COMMAND: POST /session/991ae7458a2fe82266d4f38354923d31/element/f.E50BEB4A78466B534596A34F5FDA1F41.d.A5FA1B6423DE5534211703969D836D55.e.9579/click - {}
RESULT: {}
COMMAND: POST /session/991ae7458a2fe82266d4f38354923d31/execute/async - {"script":"<script> [1562 bytes]","args":[{"selector":{"controlType":"sap.m.Button","properties":{"text":"OK"},"searchOpenDialogs":true,"interaction":{"idSuffix":"inner"}},"wdio_ui5_key":"sapm.Button{\"text\":\"OK\"}"}]}
COMMAND: GET /session/991ae7458a2fe82266d4f38354923d31/screenshot - {}
RESULT: {"script":"<script> [1562 bytes]","args":[{"selector":{"controlType":"sap.m.Button","properties":{"text":"OK"},"searchOpenDialogs":true,"interaction":{"idSuffix":"inner"}},"wdio_ui5_key":"sapm.Button{\"text\":\"OK\"}"}]}
RESULT: undefined
COMMAND: POST /session/991ae7458a2fe82266d4f38354923d31/element - {"using":"xpath","value":"//*[@id=\"__mbox-btn-1\"]"}
RESULT: {}
RESULT: {"using":"xpath","value":"//*[@id=\"__mbox-btn-1\"]"}
COMMAND: POST /session/991ae7458a2fe82266d4f38354923d31/element/f.E50BEB4A78466B534596A34F5FDA1F41.d.A5FA1B6423DE5534211703969D836D55.e.9580/click - {}
RESULT: {}
COMMAND: POST /session/991ae7458a2fe82266d4f38354923d31/execute/async - {"script":"<script> [1562 bytes]","args":[{"selector":{"id":"confirmationButton","viewName":"etm.portal.ui.managehandovers.view.DetailExecuteHO","interaction":{"idSuffix":"BDI-content"}},"wdio_ui5_key":"confirmationButtonetmportal.ui.managehandovers.view.DetailExecuteHO"}]}
COMMAND: GET /session/991ae7458a2fe82266d4f38354923d31/screenshot - {}
RESULT: {"script":"<script> [1562 bytes]","args":[{"selector":{"id":"confirmationButton","viewName":"etm.portal.ui.managehandovers.view.DetailExecuteHO","interaction":{"idSuffix":"BDI-content"}},"wdio_ui5_key":"confirmationButtonetmportal.ui.managehandovers.view.DetailExecuteHO"}]}
RESULT: undefined
RESULT: {}
COMMAND: POST /session/991ae7458a2fe82266d4f38354923d31/element - {"using":"css selector","value":"#shell-header-logo"}
RESULT: {"using":"css selector","value":"#shell-header-logo"}
COMMAND: POST /session/991ae7458a2fe82266d4f38354923d31/element/f.E50BEB4A78466B534596A34F5FDA1F41.d.A5FA1B6423DE5534211703969D836D55.e.8993/click - {}
RESULT: {}
COMMAND: GET /session/991ae7458a2fe82266d4f38354923d31/screenshot - {}
RESULT: {}
]]></system-out>
    </testcase>
  </testsuite>
  <testsuite timestamp="2025-04-27T17:10:37" time="81.996" tests="1" failures="0" errors="0" skipped="0">
    <properties>
      <property name="specId" value="0" />
      <property name="suiteName" value="Create Reverse Billing US127248" />
      <property name="capabilities" value="chrome.135_0_7049_96.windows" />
      <property name="file" value="file:///D:/a/1/s/test/specs/HTR/billing-completness.spec.js" />
    </properties>
    <testcase classname="chrome.135_0_7049_96.windows.Create_Reverse_Billing_US127248" name="Should check the completness" time="41.374">
      <system-out><![CDATA[
COMMAND: POST /session/991ae7458a2fe82266d4f38354923d31/execute/async - {"script":"<script> [1562 bytes]","args":[{"selector":{"id":"application-billofresources-display-component---BillOfResources--smartFilterBar-filterItemControl_BASIC-BOR_TYPE-vhi"},"wdio_ui5_key":"applicationbillofresources-display-component---BillOfResources--smartFilterBar-filterItemControl_BASIC-BOR_TYPE-vhi"}]}
RESULT: {"script":"<script> [1562 bytes]","args":[{"selector":{"id":"application-billofresources-display-component---BillOfResources--smartFilterBar-filterItemControl_BASIC-BOR_TYPE-vhi"},"wdio_ui5_key":"applicationbillofresources-display-component---BillOfResources--smartFilterBar-filterItemControl_BASIC-BOR_TYPE-vhi"}]}
RESULT: undefined
COMMAND: POST /session/991ae7458a2fe82266d4f38354923d31/element - {"using":"xpath","value":"//*[@id=\"application-billofresources-display-component---BillOfResources--smartFilterBar-filterItemControl_BASIC-BOR_TYPE-vhi\"]"}
RESULT: {"using":"xpath","value":"//*[@id=\"application-billofresources-display-component---BillOfResources--smartFilterBar-filterItemControl_BASIC-BOR_TYPE-vhi\"]"}
COMMAND: POST /session/991ae7458a2fe82266d4f38354923d31/element/f.E50BEB4A78466B534596A34F5FDA1F41.d.15BFE663E8E0F5FD6BDC48F173CDEABC.e.9995/click - {}
RESULT: {}
COMMAND: GET /session/991ae7458a2fe82266d4f38354923d31/screenshot - {}
RESULT: {}
COMMAND: POST /session/991ae7458a2fe82266d4f38354923d31/element - {"using":"xpath","value":"//div[@id=\"application-billofresources-display-component---BillOfResources--smartFilterBar-filterItemControl_BASIC-BOR_TYPE-valueHelpDialog-table-rowsel4\"]"}
RESULT: {"using":"xpath","value":"//div[@id=\"application-billofresources-display-component---BillOfResources--smartFilterBar-filterItemControl_BASIC-BOR_TYPE-valueHelpDialog-table-rowsel4\"]"}
COMMAND: POST /session/991ae7458a2fe82266d4f38354923d31/element/f.E50BEB4A78466B534596A34F5FDA1F41.d.15BFE663E8E0F5FD6BDC48F173CDEABC.e.10003/click - {}
RESULT: {}
COMMAND: GET /session/991ae7458a2fe82266d4f38354923d31/screenshot - {}
RESULT: {}
COMMAND: POST /session/991ae7458a2fe82266d4f38354923d31/execute/async - {"script":"<script> [1562 bytes]","args":[{"selector":{"id":"application-billofresources-display-component---BillOfResources--smartFilterBar-filterItemControl_BASIC-BOR_TYPE-valueHelpDialog-ok","searchOpenDialogs":true,"interaction":{"idSuffix":"BDI-content"}},"wdio_ui5_key":"applicationbillofresources-display-component---BillOfResources--smartFilterBar-filterItemControl_BASIC-BOR_TYPE-valueHelpDialog-ok"}]}
RESULT: {"script":"<script> [1562 bytes]","args":[{"selector":{"id":"application-billofresources-display-component---BillOfResources--smartFilterBar-filterItemControl_BASIC-BOR_TYPE-valueHelpDialog-ok","searchOpenDialogs":true,"interaction":{"idSuffix":"BDI-content"}},"wdio_ui5_key":"applicationbillofresources-display-component---BillOfResources--smartFilterBar-filterItemControl_BASIC-BOR_TYPE-valueHelpDialog-ok"}]}
RESULT: undefined
COMMAND: POST /session/991ae7458a2fe82266d4f38354923d31/element - {"using":"xpath","value":"//*[@id=\"application-billofresources-display-component---BillOfResources--smartFilterBar-filterItemControl_BASIC-BOR_TYPE-valueHelpDialog-ok\"]"}
RESULT: {"using":"xpath","value":"//*[@id=\"application-billofresources-display-component---BillOfResources--smartFilterBar-filterItemControl_BASIC-BOR_TYPE-valueHelpDialog-ok\"]"}
COMMAND: POST /session/991ae7458a2fe82266d4f38354923d31/element/f.E50BEB4A78466B534596A34F5FDA1F41.d.15BFE663E8E0F5FD6BDC48F173CDEABC.e.10008/click - {}
RESULT: {}
COMMAND: GET /session/991ae7458a2fe82266d4f38354923d31/screenshot - {}
RESULT: {}
COMMAND: POST /session/991ae7458a2fe82266d4f38354923d31/execute/async - {"script":"<script> [1562 bytes]","args":[{"selector":{"id":"application-billofresources-display-component---BillOfResources--smartFilterBar-filterItemControl_BASIC-RESOURCE_UNIT-vhi"},"wdio_ui5_key":"applicationbillofresources-display-component---BillOfResources--smartFilterBar-filterItemControl_BASIC-RESOURCE_UNIT-vhi"}]}
RESULT: {"script":"<script> [1562 bytes]","args":[{"selector":{"id":"application-billofresources-display-component---BillOfResources--smartFilterBar-filterItemControl_BASIC-RESOURCE_UNIT-vhi"},"wdio_ui5_key":"applicationbillofresources-display-component---BillOfResources--smartFilterBar-filterItemControl_BASIC-RESOURCE_UNIT-vhi"}]}
RESULT: undefined
COMMAND: POST /session/991ae7458a2fe82266d4f38354923d31/element - {"using":"xpath","value":"//*[@id=\"application-billofresources-display-component---BillOfResources--smartFilterBar-filterItemControl_BASIC-RESOURCE_UNIT-vhi\"]"}
RESULT: {"using":"xpath","value":"//*[@id=\"application-billofresources-display-component---BillOfResources--smartFilterBar-filterItemControl_BASIC-RESOURCE_UNIT-vhi\"]"}
COMMAND: POST /session/991ae7458a2fe82266d4f38354923d31/element/f.E50BEB4A78466B534596A34F5FDA1F41.d.15BFE663E8E0F5FD6BDC48F173CDEABC.e.10013/click - {}
RESULT: {}
COMMAND: GET /session/991ae7458a2fe82266d4f38354923d31/screenshot - {}
RESULT: {}
COMMAND: POST /session/991ae7458a2fe82266d4f38354923d31/element - {"using":"xpath","value":"//div[@id=\"application-billofresources-display-component---BillOfResources--smartFilterBar-filterItemControl_BASIC-RESOURCE_UNIT-valueHelpDialog-table-rowsel1\"]"}
RESULT: {"using":"xpath","value":"//div[@id=\"application-billofresources-display-component---BillOfResources--smartFilterBar-filterItemControl_BASIC-RESOURCE_UNIT-valueHelpDialog-table-rowsel1\"]"}
COMMAND: POST /session/991ae7458a2fe82266d4f38354923d31/element/f.E50BEB4A78466B534596A34F5FDA1F41.d.15BFE663E8E0F5FD6BDC48F173CDEABC.e.10019/click - {}
RESULT: {}
COMMAND: GET /session/991ae7458a2fe82266d4f38354923d31/screenshot - {}
RESULT: {}
COMMAND: POST /session/991ae7458a2fe82266d4f38354923d31/execute/async - {"script":"<script> [1562 bytes]","args":[{"selector":{"id":"application-billofresources-display-component---BillOfResources--smartFilterBar-filterItemControl_BASIC-RESOURCE_UNIT-valueHelpDialog-ok","searchOpenDialogs":true},"wdio_ui5_key":"applicationbillofresources-display-component---BillOfResources--smartFilterBar-filterItemControl_BASIC-RESOURCE_UNIT-valueHelpDialog-ok"}]}
RESULT: {"script":"<script> [1562 bytes]","args":[{"selector":{"id":"application-billofresources-display-component---BillOfResources--smartFilterBar-filterItemControl_BASIC-RESOURCE_UNIT-valueHelpDialog-ok","searchOpenDialogs":true},"wdio_ui5_key":"applicationbillofresources-display-component---BillOfResources--smartFilterBar-filterItemControl_BASIC-RESOURCE_UNIT-valueHelpDialog-ok"}]}
RESULT: undefined
COMMAND: POST /session/991ae7458a2fe82266d4f38354923d31/element - {"using":"xpath","value":"//*[@id=\"application-billofresources-display-component---BillOfResources--smartFilterBar-filterItemControl_BASIC-RESOURCE_UNIT-valueHelpDialog-ok\"]"}
RESULT: {"using":"xpath","value":"//*[@id=\"application-billofresources-display-component---BillOfResources--smartFilterBar-filterItemControl_BASIC-RESOURCE_UNIT-valueHelpDialog-ok\"]"}
COMMAND: POST /session/991ae7458a2fe82266d4f38354923d31/element/f.E50BEB4A78466B534596A34F5FDA1F41.d.15BFE663E8E0F5FD6BDC48F173CDEABC.e.10022/click - {}
RESULT: {}
COMMAND: GET /session/991ae7458a2fe82266d4f38354923d31/screenshot - {}
RESULT: {}
COMMAND: POST /session/991ae7458a2fe82266d4f38354923d31/execute/async - {"script":"<script> [1562 bytes]","args":[{"selector":{"controlType":"sap.m.ColumnListItem","viewName":"etm.portal.ui.billofresources.view.MasterBoR","viewId":"application-billofresources-display-component---BillOfResources","properties":{"type":"Navigation"},"interaction":{"idSuffix":"cell2"}},"wdio_ui5_key":"etmportal.ui.billofresources.view.MasterBoRsap.m.ColumnListItem{\"type\":\"Navigation\"}"}]}
RESULT: {"script":"<script> [1562 bytes]","args":[{"selector":{"controlType":"sap.m.ColumnListItem","viewName":"etm.portal.ui.billofresources.view.MasterBoR","viewId":"application-billofresources-display-component---BillOfResources","properties":{"type":"Navigation"},"interaction":{"idSuffix":"cell2"}},"wdio_ui5_key":"etmportal.ui.billofresources.view.MasterBoRsap.m.ColumnListItem{\"type\":\"Navigation\"}"}]}
RESULT: undefined
COMMAND: POST /session/991ae7458a2fe82266d4f38354923d31/execute/async - {"script":"<script> [1562 bytes]","args":[{"selector":{"controlType":"sap.m.Button","viewName":"etm.portal.ui.billofresources.view.DetailBoR","viewId":"application-billofresources-display-component---detailBoR","i18NText":{"propertyName":"text","key":"inspectContent"},"interaction":{"idSuffix":"content"}},"wdio_ui5_key":"etmportal.ui.billofresources.view.DetailBoRsap.m.Button{\"propertyName\":\"text\",\"key\":\"inspectContent\"}"}]}
RESULT: {"script":"<script> [1562 bytes]","args":[{"selector":{"controlType":"sap.m.Button","viewName":"etm.portal.ui.billofresources.view.DetailBoR","viewId":"application-billofresources-display-component---detailBoR","i18NText":{"propertyName":"text","key":"inspectContent"},"interaction":{"idSuffix":"content"}},"wdio_ui5_key":"etmportal.ui.billofresources.view.DetailBoRsap.m.Button{\"propertyName\":\"text\",\"key\":\"inspectContent\"}"}]}
RESULT: undefined
COMMAND: POST /session/991ae7458a2fe82266d4f38354923d31/execute/async - {"script":"<script> [1562 bytes]","args":[{"selector":{"controlType":"sap.m.Button","properties":{"text":"OK"},"searchOpenDialogs":true,"interaction":{"idSuffix":"BDI-content"}},"wdio_ui5_key":"sapm.Button{\"text\":\"OK\"}"}]}
RESULT: {"script":"<script> [1562 bytes]","args":[{"selector":{"controlType":"sap.m.Button","properties":{"text":"OK"},"searchOpenDialogs":true,"interaction":{"idSuffix":"BDI-content"}},"wdio_ui5_key":"sapm.Button{\"text\":\"OK\"}"}]}
RESULT: undefined
COMMAND: POST /session/991ae7458a2fe82266d4f38354923d31/execute/async - {"script":"<script> [1562 bytes]","args":[{"selector":{"id":"application-iscorders-display-component---createOrder--orderTitle","interaction":{"idSuffix":"inner"}},"wdio_ui5_key":"applicationiscorders-display-component---createOrder--orderTitle"}]}
RESULT: {"script":"<script> [1562 bytes]","args":[{"selector":{"id":"application-iscorders-display-component---createOrder--orderTitle","interaction":{"idSuffix":"inner"}},"wdio_ui5_key":"applicationiscorders-display-component---createOrder--orderTitle"}]}
RESULT: undefined
COMMAND: POST /session/991ae7458a2fe82266d4f38354923d31/execute/async - {"script":"<script> [1562 bytes]","args":[{"selector":{"id":"application-iscorders-display-component---createOrder--orderDesc","interaction":{"idSuffix":"inner"}},"wdio_ui5_key":"applicationiscorders-display-component---createOrder--orderDesc"}]}
RESULT: {"script":"<script> [1562 bytes]","args":[{"selector":{"id":"application-iscorders-display-component---createOrder--orderDesc","interaction":{"idSuffix":"inner"}},"wdio_ui5_key":"applicationiscorders-display-component---createOrder--orderDesc"}]}
RESULT: undefined
COMMAND: POST /session/991ae7458a2fe82266d4f38354923d31/execute/async - {"script":"<script> [1562 bytes]","args":[{"selector":{"controlType":"sap.m.Button","viewName":"etm.portal.ui.iscorders.view.New","viewId":"application-iscorders-display-component---createOrder","properties":{"text":"Cost information"},"interaction":{"idSuffix":"BDI-content"}},"wdio_ui5_key":"etmportal.ui.iscorders.view.Newsap.m.Button{\"text\":\"Cost information\"}"}]}
RESULT: {"script":"<script> [1562 bytes]","args":[{"selector":{"controlType":"sap.m.Button","viewName":"etm.portal.ui.iscorders.view.New","viewId":"application-iscorders-display-component---createOrder","properties":{"text":"Cost information"},"interaction":{"idSuffix":"BDI-content"}},"wdio_ui5_key":"etmportal.ui.iscorders.view.Newsap.m.Button{\"text\":\"Cost information\"}"}]}
RESULT: undefined
COMMAND: POST /session/991ae7458a2fe82266d4f38354923d31/execute/async - {"script":"<script> [1562 bytes]","args":[{"selector":{"id":"application-iscorders-display-component---createOrder--durationDimension-arrow"},"wdio_ui5_key":"applicationiscorders-display-component---createOrder--durationDimension-arrow"}]}
RESULT: {"script":"<script> [1562 bytes]","args":[{"selector":{"id":"application-iscorders-display-component---createOrder--durationDimension-arrow"},"wdio_ui5_key":"applicationiscorders-display-component---createOrder--durationDimension-arrow"}]}
RESULT: undefined
COMMAND: POST /session/991ae7458a2fe82266d4f38354923d31/execute/async - {"script":"<script> [1562 bytes]","args":[{"selector":{"controlType":"sap.m.StandardListItem","viewName":"etm.portal.ui.iscorders.view.New","viewId":"application-iscorders-display-component---createOrder","properties":{"title":"Days"},"searchOpenDialogs":true,"interaction":{"idSuffix":"titleText"}},"wdio_ui5_key":"etmportal.ui.iscorders.view.Newsap.m.StandardListItem{\"title\":\"Days\"}"}]}
RESULT: {"script":"<script> [1562 bytes]","args":[{"selector":{"controlType":"sap.m.StandardListItem","viewName":"etm.portal.ui.iscorders.view.New","viewId":"application-iscorders-display-component---createOrder","properties":{"title":"Days"},"searchOpenDialogs":true,"interaction":{"idSuffix":"titleText"}},"wdio_ui5_key":"etmportal.ui.iscorders.view.Newsap.m.StandardListItem{\"title\":\"Days\"}"}]}
RESULT: undefined
COMMAND: POST /session/991ae7458a2fe82266d4f38354923d31/execute/async - {"script":"<script> [1562 bytes]","args":[{"selector":{"id":"application-iscorders-display-component---createOrder--addPersonButton","interaction":{"idSuffix":"inner"}},"wdio_ui5_key":"applicationiscorders-display-component---createOrder--addPersonButton"}]}
RESULT: {"script":"<script> [1562 bytes]","args":[{"selector":{"id":"application-iscorders-display-component---createOrder--addPersonButton","interaction":{"idSuffix":"inner"}},"wdio_ui5_key":"applicationiscorders-display-component---createOrder--addPersonButton"}]}
RESULT: undefined
COMMAND: POST /session/991ae7458a2fe82266d4f38354923d31/execute/async - {"script":"<script> [1562 bytes]","args":[{"selector":{"controlType":"sap.m.SearchField","viewName":"etm.portal.ui.iscorders.view.New","viewId":"application-iscorders-display-component---createOrder","properties":{"value":"Test unit update"},"searchOpenDialogs":true,"interaction":{"idSuffix":"I"}},"wdio_ui5_key":"etmportal.ui.iscorders.view.Newsap.m.SearchField{\"value\":\"Test unit update\"}"}]}
RESULT: {"script":"<script> [1562 bytes]","args":[{"selector":{"controlType":"sap.m.SearchField","viewName":"etm.portal.ui.iscorders.view.New","viewId":"application-iscorders-display-component---createOrder","properties":{"value":"Test unit update"},"searchOpenDialogs":true,"interaction":{"idSuffix":"I"}},"wdio_ui5_key":"etmportal.ui.iscorders.view.Newsap.m.SearchField{\"value\":\"Test unit update\"}"}]}
RESULT: undefined
COMMAND: POST /session/991ae7458a2fe82266d4f38354923d31/actions - {"actions":[{"id":"action26","type":"key","parameters":{},"actions":[{"type":"keyDown","value":"î€‡"},{"type":"pause","duration":10},{"type":"keyUp","value":"î€‡"}]}]}
RESULT: {"actions":[{"id":"action26","type":"key","parameters":{},"actions":[{"type":"keyDown","value":"î€‡"},{"type":"pause","duration":10},{"type":"keyUp","value":"î€‡"}]}]}
COMMAND: POST /session/991ae7458a2fe82266d4f38354923d31/execute/async - {"script":"<script> [1562 bytes]","args":[{"selector":{"controlType":"sap.m.ObjectAttribute","viewName":"etm.portal.ui.iscorders.view.New","viewId":"application-iscorders-display-component---createOrder","i18NText":{"propertyName":"title","key":"email"},"searchOpenDialogs":true},"wdio_ui5_key":"etmportal.ui.iscorders.view.Newsap.m.ObjectAttribute{\"propertyName\":\"title\",\"key\":\"email\"}"}]}
COMMAND: GET /session/991ae7458a2fe82266d4f38354923d31/screenshot - {}
RESULT: {"script":"<script> [1562 bytes]","args":[{"selector":{"controlType":"sap.m.ObjectAttribute","viewName":"etm.portal.ui.iscorders.view.New","viewId":"application-iscorders-display-component---createOrder","i18NText":{"propertyName":"title","key":"email"},"searchOpenDialogs":true},"wdio_ui5_key":"etmportal.ui.iscorders.view.Newsap.m.ObjectAttribute{\"propertyName\":\"title\",\"key\":\"email\"}"}]}
RESULT: undefined
COMMAND: POST /session/991ae7458a2fe82266d4f38354923d31/execute/async - {"script":"<script> [1562 bytes]","args":[{"selector":{"id":"application-iscorders-display-component---createOrder--addTaskButton-img"},"wdio_ui5_key":"applicationiscorders-display-component---createOrder--addTaskButton-img"}]}
RESULT: {}
RESULT: {"script":"<script> [1562 bytes]","args":[{"selector":{"id":"application-iscorders-display-component---createOrder--addTaskButton-img"},"wdio_ui5_key":"applicationiscorders-display-component---createOrder--addTaskButton-img"}]}
RESULT: undefined
COMMAND: POST /session/991ae7458a2fe82266d4f38354923d31/execute/async - {"script":"<script> [1562 bytes]","args":[{"selector":{"controlType":"sap.m.Input","viewName":"etm.portal.ui.iscorders.view.New","viewId":"application-iscorders-display-component---createOrder","bindingPath":{"path":"/OrderTasks/0","propertyPath":"NAME","modelName":"TaskListModel"},"interaction":{"idSuffix":"inner"}},"wdio_ui5_key":"etmportal.ui.iscorders.view.Newsap.m.Input{\"path\":\"/OrderTasks/0\",\"propertyPath\":\"NAME\",\"modelName\":\"TaskListModel\"}"}]}
RESULT: {"script":"<script> [1562 bytes]","args":[{"selector":{"controlType":"sap.m.Input","viewName":"etm.portal.ui.iscorders.view.New","viewId":"application-iscorders-display-component---createOrder","bindingPath":{"path":"/OrderTasks/0","propertyPath":"NAME","modelName":"TaskListModel"},"interaction":{"idSuffix":"inner"}},"wdio_ui5_key":"etmportal.ui.iscorders.view.Newsap.m.Input{\"path\":\"/OrderTasks/0\",\"propertyPath\":\"NAME\",\"modelName\":\"TaskListModel\"}"}]}
RESULT: undefined
COMMAND: POST /session/991ae7458a2fe82266d4f38354923d31/execute/async - {"script":"<script> [1562 bytes]","args":[{"selector":{"id":"application-iscorders-display-component---createOrder--taskResponsiblePerson-application-iscorders-display-component---createOrder--sacTempTasksAdd-0","interaction":{"idSuffix":"inner"}},"wdio_ui5_key":"applicationiscorders-display-component---createOrder--taskResponsiblePerson-application-iscorders-display-component---createOrder--sacTempTasksAdd-0"}]}
RESULT: {"script":"<script> [1562 bytes]","args":[{"selector":{"id":"application-iscorders-display-component---createOrder--taskResponsiblePerson-application-iscorders-display-component---createOrder--sacTempTasksAdd-0","interaction":{"idSuffix":"inner"}},"wdio_ui5_key":"applicationiscorders-display-component---createOrder--taskResponsiblePerson-application-iscorders-display-component---createOrder--sacTempTasksAdd-0"}]}
RESULT: undefined
COMMAND: POST /session/991ae7458a2fe82266d4f38354923d31/execute/async - {"script":"<script> [1562 bytes]","args":[{"selector":{"controlType":"sap.m.TextArea","viewName":"etm.portal.ui.iscorders.view.New","viewId":"application-iscorders-display-component---createOrder","bindingPath":{"path":"/OrderTasks/0","propertyPath":"DESCRIPTION","modelName":"TaskListModel"},"interaction":{"idSuffix":"inner"}},"wdio_ui5_key":"etmportal.ui.iscorders.view.Newsap.m.TextArea{\"path\":\"/OrderTasks/0\",\"propertyPath\":\"DESCRIPTION\",\"modelName\":\"TaskListModel\"}"}]}
RESULT: {"script":"<script> [1562 bytes]","args":[{"selector":{"controlType":"sap.m.TextArea","viewName":"etm.portal.ui.iscorders.view.New","viewId":"application-iscorders-display-component---createOrder","bindingPath":{"path":"/OrderTasks/0","propertyPath":"DESCRIPTION","modelName":"TaskListModel"},"interaction":{"idSuffix":"inner"}},"wdio_ui5_key":"etmportal.ui.iscorders.view.Newsap.m.TextArea{\"path\":\"/OrderTasks/0\",\"propertyPath\":\"DESCRIPTION\",\"modelName\":\"TaskListModel\"}"}]}
RESULT: undefined
COMMAND: POST /session/991ae7458a2fe82266d4f38354923d31/execute/async - {"script":"<script> [1562 bytes]","args":[{"selector":{"controlType":"sap.m.Input","viewName":"etm.portal.ui.iscorders.view.New","viewId":"application-iscorders-display-component---createOrder","bindingPath":{"path":"/OrderTasks/0","propertyPath":"DURATION","modelName":"TaskListModel"},"interaction":{"idSuffix":"inner"}},"wdio_ui5_key":"etmportal.ui.iscorders.view.Newsap.m.Input{\"path\":\"/OrderTasks/0\",\"propertyPath\":\"DURATION\",\"modelName\":\"TaskListModel\"}"}]}
RESULT: {"script":"<script> [1562 bytes]","args":[{"selector":{"controlType":"sap.m.Input","viewName":"etm.portal.ui.iscorders.view.New","viewId":"application-iscorders-display-component---createOrder","bindingPath":{"path":"/OrderTasks/0","propertyPath":"DURATION","modelName":"TaskListModel"},"interaction":{"idSuffix":"inner"}},"wdio_ui5_key":"etmportal.ui.iscorders.view.Newsap.m.Input{\"path\":\"/OrderTasks/0\",\"propertyPath\":\"DURATION\",\"modelName\":\"TaskListModel\"}"}]}
RESULT: undefined
COMMAND: POST /session/991ae7458a2fe82266d4f38354923d31/execute/async - {"script":"<script> [1562 bytes]","args":[{"selector":{"controlType":"sap.m.ComboBox","viewName":"etm.portal.ui.iscorders.view.New","viewId":"application-iscorders-display-component---createOrder","bindingPath":{"path":"/OrderTasks/0","propertyPath":"DURATION_UNIT_OF_MEASURE","modelName":"TaskListModel"},"interaction":{"idSuffix":"inner"}},"wdio_ui5_key":"etmportal.ui.iscorders.view.Newsap.m.ComboBox{\"path\":\"/OrderTasks/0\",\"propertyPath\":\"DURATION_UNIT_OF_MEASURE\",\"modelName\":\"TaskListModel\"}"}]}
RESULT: {"script":"<script> [1562 bytes]","args":[{"selector":{"controlType":"sap.m.ComboBox","viewName":"etm.portal.ui.iscorders.view.New","viewId":"application-iscorders-display-component---createOrder","bindingPath":{"path":"/OrderTasks/0","propertyPath":"DURATION_UNIT_OF_MEASURE","modelName":"TaskListModel"},"interaction":{"idSuffix":"inner"}},"wdio_ui5_key":"etmportal.ui.iscorders.view.Newsap.m.ComboBox{\"path\":\"/OrderTasks/0\",\"propertyPath\":\"DURATION_UNIT_OF_MEASURE\",\"modelName\":\"TaskListModel\"}"}]}
RESULT: undefined
COMMAND: POST /session/991ae7458a2fe82266d4f38354923d31/execute/async - {"script":"<script> [1562 bytes]","args":[{"selector":{"id":"application-iscorders-display-component---createOrder--saveOrderButton","interaction":{"idSuffix":"inner"}},"wdio_ui5_key":"applicationiscorders-display-component---createOrder--saveOrderButton"}]}
RESULT: {"script":"<script> [1562 bytes]","args":[{"selector":{"id":"application-iscorders-display-component---createOrder--saveOrderButton","interaction":{"idSuffix":"inner"}},"wdio_ui5_key":"applicationiscorders-display-component---createOrder--saveOrderButton"}]}
RESULT: undefined
COMMAND: POST /session/991ae7458a2fe82266d4f38354923d31/element - {"using":"css selector","value":"#shell-header-logo"}
RESULT: {"using":"css selector","value":"#shell-header-logo"}
COMMAND: POST /session/991ae7458a2fe82266d4f38354923d31/element/f.E50BEB4A78466B534596A34F5FDA1F41.d.15BFE663E8E0F5FD6BDC48F173CDEABC.e.9948/click - {}
RESULT: {}
COMMAND: GET /session/991ae7458a2fe82266d4f38354923d31/screenshot - {}
RESULT: {}
COMMAND: POST /session/991ae7458a2fe82266d4f38354923d31/element - {"using":"css selector","value":"#j_username"}
COMMAND: POST /session/991ae7458a2fe82266d4f38354923d31/url - {"url":"https://qa-testing-00-live-etm-ui.cfapps.eu10-004.hana.ondemand.com/"}
RESULT: {"using":"css selector","value":"#j_username"}
COMMAND: POST /session/991ae7458a2fe82266d4f38354923d31/element - {"using":"css selector","value":"#j_username"}
RESULT: {"url":"https://qa-testing-00-live-etm-ui.cfapps.eu10-004.hana.ondemand.com/"}
RESULT: undefined
COMMAND: GET /session/991ae7458a2fe82266d4f38354923d31/screenshot - {}
RESULT: {"using":"css selector","value":"#j_username"}
COMMAND: POST /session/991ae7458a2fe82266d4f38354923d31/element - {"using":"css selector","value":"#shell-header-logo"}
RESULT: {}
RESULT: {"using":"css selector","value":"#shell-header-logo"}
COMMAND: POST /session/991ae7458a2fe82266d4f38354923d31/execute/sync - {"script":"<script> [8489 bytes]","args":[{"element-6066-11e4-a52e-4f735466cecf":"f.E50BEB4A78466B534596A34F5FDA1F41.d.681E315CAF00D19F8A2A003EF0F3EA1E.e.10037","ELEMENT":"f.E50BEB4A78466B534596A34F5FDA1F41.d.681E315CAF00D19F8A2A003EF0F3EA1E.e.10037"}]}
RESULT: {"script":"<script> [8489 bytes]","args":[{"element-6066-11e4-a52e-4f735466cecf":"f.E50BEB4A78466B534596A34F5FDA1F41.d.681E315CAF00D19F8A2A003EF0F3EA1E.e.10037","ELEMENT":"f.E50BEB4A78466B534596A34F5FDA1F41.d.681E315CAF00D19F8A2A003EF0F3EA1E.e.10037"}]}
COMMAND: POST /session/991ae7458a2fe82266d4f38354923d31/element - {"using":"css selector","value":"#shell-header-logo"}
COMMAND: GET /session/991ae7458a2fe82266d4f38354923d31/screenshot - {}
RESULT: {"using":"css selector","value":"#shell-header-logo"}
COMMAND: POST /session/991ae7458a2fe82266d4f38354923d31/execute/sync - {"script":"<script> [8489 bytes]","args":[{"element-6066-11e4-a52e-4f735466cecf":"f.E50BEB4A78466B534596A34F5FDA1F41.d.681E315CAF00D19F8A2A003EF0F3EA1E.e.10037","ELEMENT":"f.E50BEB4A78466B534596A34F5FDA1F41.d.681E315CAF00D19F8A2A003EF0F3EA1E.e.10037"}]}
RESULT: {}
RESULT: {"script":"<script> [8489 bytes]","args":[{"element-6066-11e4-a52e-4f735466cecf":"f.E50BEB4A78466B534596A34F5FDA1F41.d.681E315CAF00D19F8A2A003EF0F3EA1E.e.10037","ELEMENT":"f.E50BEB4A78466B534596A34F5FDA1F41.d.681E315CAF00D19F8A2A003EF0F3EA1E.e.10037"}]}
COMMAND: POST /session/991ae7458a2fe82266d4f38354923d31/execute/sync - {"script":"<script> [5351 bytes]","args":[{"element-6066-11e4-a52e-4f735466cecf":"f.E50BEB4A78466B534596A34F5FDA1F41.d.681E315CAF00D19F8A2A003EF0F3EA1E.e.10037","ELEMENT":"f.E50BEB4A78466B534596A34F5FDA1F41.d.681E315CAF00D19F8A2A003EF0F3EA1E.e.10037"}]}
COMMAND: GET /session/991ae7458a2fe82266d4f38354923d31/screenshot - {}
RESULT: {"script":"<script> [5351 bytes]","args":[{"element-6066-11e4-a52e-4f735466cecf":"f.E50BEB4A78466B534596A34F5FDA1F41.d.681E315CAF00D19F8A2A003EF0F3EA1E.e.10037","ELEMENT":"f.E50BEB4A78466B534596A34F5FDA1F41.d.681E315CAF00D19F8A2A003EF0F3EA1E.e.10037"}]}
COMMAND: POST /session/991ae7458a2fe82266d4f38354923d31/element - {"using":"css selector","value":"#shell-header-logo"}
COMMAND: GET /session/991ae7458a2fe82266d4f38354923d31/screenshot - {}
RESULT: {}
RESULT: {"using":"css selector","value":"#shell-header-logo"}
COMMAND: POST /session/991ae7458a2fe82266d4f38354923d31/element/f.E50BEB4A78466B534596A34F5FDA1F41.d.681E315CAF00D19F8A2A003EF0F3EA1E.e.10037/click - {}
RESULT: {}
RESULT: {}
COMMAND: GET /session/991ae7458a2fe82266d4f38354923d31/screenshot - {}
RESULT: {}
COMMAND: POST /session/991ae7458a2fe82266d4f38354923d31/execute/async - {"script":"<script> [189 bytes]","args":[]}
RESULT: {"script":"<script> [189 bytes]","args":[]}
COMMAND: POST /session/991ae7458a2fe82266d4f38354923d31/execute/async - {"script":"<script> [123 bytes]","args":[]}
RESULT: {"script":"<script> [123 bytes]","args":[]}
COMMAND: POST /session/991ae7458a2fe82266d4f38354923d31/timeouts - {"script":"<number>"}
RESULT: {"script":"<number>"}
COMMAND: GET /session/991ae7458a2fe82266d4f38354923d31/timeouts - {}
RESULT: {}
RESULT: undefined
COMMAND: POST /session/991ae7458a2fe82266d4f38354923d31/execute/async - {"script":"<script> [2676 bytes]","args":[]}
RESULT: {"script":"<script> [2676 bytes]","args":[]}
COMMAND: POST /session/991ae7458a2fe82266d4f38354923d31/execute/async - {"script":"<script> [2342 bytes]","args":[{"protocol":"http","hostname":"0.0.0.0","path":"/","capabilities":{"browserName":"chrome","goog:chromeOptions":{"binary":"C:\\Program Files\\Google\\Chrome\\Application\\chrome.exe","args":["--start-maximized"]}},"logLevel":"warn","connectionRetryTimeout":120000,"connectionRetryCount":3,"logLevels":{},"enableDirectConnect":true,"strictSSL":true,"_":"65 more keys: [\"cacheDir\",\"port\",\"requestedCapabilities\",\"automationProtocol\",\"baseUrl\",\"waitforInterval\",\"waitforTimeout\",\"onReload\",\"beforeCommand\",\"afterCommand\",\"rootDir\",\"specs\",\"suites\",\"exclude\",\"groupLogsByTestSpec\",\"excludeDriverLogs\",\"bail\",\"framework\",\"reporters\",\"services\",\"maxInstances\",\"maxInstancesPerCapability\",\"injectGlobals\",\"filesToWatch\",\"execArgv\",\"runnerEnv\",\"runner\",\"shard\",\"specFileRetries\",\"specFileRetriesDelay\",\"specFileRetriesDeferred\",\"reporterSyncInterval\",\"reporterSyncTimeout\",\"cucumberFeaturesWithLineNumbers\",\"autoCompileOpts\",\"mochaOpts\",\"jasmineOpts\",\"cucumberOpts\",\"onPrepare\",\"onWorkerStart\",\"onWorkerEnd\",\"before\",\"beforeSession\",\"beforeSuite\",\"beforeHook\",\"beforeTest\",\"afterTest\",\"afterHook\",\"afterSuite\",\"afterSession\",\"after\",\"onComplete\",\"beforeAssertion\",\"afterAssertion\",\"beforeFeature\",\"beforeScenario\",\"beforeStep\",\"afterStep\",\"afterScenario\",\"afterFeature\",\"_\",\"suite\",\"$0\",\"ignoredWorkerServices\",\"wdi5\"]"}]}
RESULT: {"script":"<script> [2342 bytes]","args":[{"protocol":"http","hostname":"0.0.0.0","path":"/","capabilities":{"browserName":"chrome","goog:chromeOptions":{"binary":"C:\\Program Files\\Google\\Chrome\\Application\\chrome.exe","args":["--start-maximized"]}},"logLevel":"warn","connectionRetryTimeout":120000,"connectionRetryCount":3,"logLevels":{},"enableDirectConnect":true,"strictSSL":true,"_":"65 more keys: [\"cacheDir\",\"port\",\"requestedCapabilities\",\"automationProtocol\",\"baseUrl\",\"waitforInterval\",\"waitforTimeout\",\"onReload\",\"beforeCommand\",\"afterCommand\",\"rootDir\",\"specs\",\"suites\",\"exclude\",\"groupLogsByTestSpec\",\"excludeDriverLogs\",\"bail\",\"framework\",\"reporters\",\"services\",\"maxInstances\",\"maxInstancesPerCapability\",\"injectGlobals\",\"filesToWatch\",\"execArgv\",\"runnerEnv\",\"runner\",\"shard\",\"specFileRetries\",\"specFileRetriesDelay\",\"specFileRetriesDeferred\",\"reporterSyncInterval\",\"reporterSyncTimeout\",\"cucumberFeaturesWithLineNumbers\",\"autoCompileOpts\",\"mochaOpts\",\"jasmineOpts\",\"cucumberOpts\",\"onPrepare\",\"onWorkerStart\",\"onWorkerEnd\",\"before\",\"beforeSession\",\"beforeSuite\",\"beforeHook\",\"beforeTest\",\"afterTest\",\"afterHook\",\"afterSuite\",\"afterSession\",\"after\",\"onComplete\",\"beforeAssertion\",\"afterAssertion\",\"beforeFeature\",\"beforeScenario\",\"beforeStep\",\"afterStep\",\"afterScenario\",\"afterFeature\",\"_\",\"suite\",\"$0\",\"ignoredWorkerServices\",\"wdi5\"]"}]}
COMMAND: POST /session/991ae7458a2fe82266d4f38354923d31/execute/async - {"script":"<script> [21126 bytes]","args":[35000]}
RESULT: {"script":"<script> [21126 bytes]","args":[35000]}
COMMAND: POST /session/991ae7458a2fe82266d4f38354923d31/window/maximize - {}
RESULT: {}
COMMAND: POST /session/991ae7458a2fe82266d4f38354923d31/execute/async - {"script":"<script> [1562 bytes]","args":[{"selector":{"id":"shell-header","interaction":{"idSuffix":"icon"}},"wdio_ui5_key":"shellheader"}]}
COMMAND: GET /session/991ae7458a2fe82266d4f38354923d31/screenshot - {}
RESULT: {"script":"<script> [1562 bytes]","args":[{"selector":{"id":"shell-header","interaction":{"idSuffix":"icon"}},"wdio_ui5_key":"shellheader"}]}
RESULT: undefined
COMMAND: POST /session/991ae7458a2fe82266d4f38354923d31/refresh - {}
RESULT: {}
RESULT: {}
COMMAND: GET /session/991ae7458a2fe82266d4f38354923d31/screenshot - {}
RESULT: {}
COMMAND: POST /session/991ae7458a2fe82266d4f38354923d31/refresh - {}
RESULT: {}
COMMAND: GET /session/991ae7458a2fe82266d4f38354923d31/screenshot - {}
RESULT: {}
COMMAND: POST /session/991ae7458a2fe82266d4f38354923d31/window/fullscreen - {}
RESULT: {}
COMMAND: POST /session/991ae7458a2fe82266d4f38354923d31/execute/async - {"script":"<script> [189 bytes]","args":[]}
RESULT: {"script":"<script> [189 bytes]","args":[]}
COMMAND: POST /session/991ae7458a2fe82266d4f38354923d31/execute/async - {"script":"<script> [123 bytes]","args":[]}
RESULT: {"script":"<script> [123 bytes]","args":[]}
COMMAND: POST /session/991ae7458a2fe82266d4f38354923d31/timeouts - {"script":"<number>"}
RESULT: {"script":"<number>"}
COMMAND: GET /session/991ae7458a2fe82266d4f38354923d31/timeouts - {}
RESULT: {}
RESULT: undefined
COMMAND: POST /session/991ae7458a2fe82266d4f38354923d31/execute/async - {"script":"<script> [2676 bytes]","args":[]}
RESULT: {"script":"<script> [2676 bytes]","args":[]}
COMMAND: POST /session/991ae7458a2fe82266d4f38354923d31/execute/async - {"script":"<script> [2342 bytes]","args":[{"protocol":"http","hostname":"0.0.0.0","path":"/","capabilities":{"browserName":"chrome","goog:chromeOptions":{"binary":"C:\\Program Files\\Google\\Chrome\\Application\\chrome.exe","args":["--start-maximized"]}},"logLevel":"warn","connectionRetryTimeout":120000,"connectionRetryCount":3,"logLevels":{},"enableDirectConnect":true,"strictSSL":true,"_":"65 more keys: [\"cacheDir\",\"port\",\"requestedCapabilities\",\"automationProtocol\",\"baseUrl\",\"waitforInterval\",\"waitforTimeout\",\"onReload\",\"beforeCommand\",\"afterCommand\",\"rootDir\",\"specs\",\"suites\",\"exclude\",\"groupLogsByTestSpec\",\"excludeDriverLogs\",\"bail\",\"framework\",\"reporters\",\"services\",\"maxInstances\",\"maxInstancesPerCapability\",\"injectGlobals\",\"filesToWatch\",\"execArgv\",\"runnerEnv\",\"runner\",\"shard\",\"specFileRetries\",\"specFileRetriesDelay\",\"specFileRetriesDeferred\",\"reporterSyncInterval\",\"reporterSyncTimeout\",\"cucumberFeaturesWithLineNumbers\",\"autoCompileOpts\",\"mochaOpts\",\"jasmineOpts\",\"cucumberOpts\",\"onPrepare\",\"onWorkerStart\",\"onWorkerEnd\",\"before\",\"beforeSession\",\"beforeSuite\",\"beforeHook\",\"beforeTest\",\"afterTest\",\"afterHook\",\"afterSuite\",\"afterSession\",\"after\",\"onComplete\",\"beforeAssertion\",\"afterAssertion\",\"beforeFeature\",\"beforeScenario\",\"beforeStep\",\"afterStep\",\"afterScenario\",\"afterFeature\",\"_\",\"suite\",\"$0\",\"ignoredWorkerServices\",\"wdi5\"]"}]}
RESULT: {"script":"<script> [2342 bytes]","args":[{"protocol":"http","hostname":"0.0.0.0","path":"/","capabilities":{"browserName":"chrome","goog:chromeOptions":{"binary":"C:\\Program Files\\Google\\Chrome\\Application\\chrome.exe","args":["--start-maximized"]}},"logLevel":"warn","connectionRetryTimeout":120000,"connectionRetryCount":3,"logLevels":{},"enableDirectConnect":true,"strictSSL":true,"_":"65 more keys: [\"cacheDir\",\"port\",\"requestedCapabilities\",\"automationProtocol\",\"baseUrl\",\"waitforInterval\",\"waitforTimeout\",\"onReload\",\"beforeCommand\",\"afterCommand\",\"rootDir\",\"specs\",\"suites\",\"exclude\",\"groupLogsByTestSpec\",\"excludeDriverLogs\",\"bail\",\"framework\",\"reporters\",\"services\",\"maxInstances\",\"maxInstancesPerCapability\",\"injectGlobals\",\"filesToWatch\",\"execArgv\",\"runnerEnv\",\"runner\",\"shard\",\"specFileRetries\",\"specFileRetriesDelay\",\"specFileRetriesDeferred\",\"reporterSyncInterval\",\"reporterSyncTimeout\",\"cucumberFeaturesWithLineNumbers\",\"autoCompileOpts\",\"mochaOpts\",\"jasmineOpts\",\"cucumberOpts\",\"onPrepare\",\"onWorkerStart\",\"onWorkerEnd\",\"before\",\"beforeSession\",\"beforeSuite\",\"beforeHook\",\"beforeTest\",\"afterTest\",\"afterHook\",\"afterSuite\",\"afterSession\",\"after\",\"onComplete\",\"beforeAssertion\",\"afterAssertion\",\"beforeFeature\",\"beforeScenario\",\"beforeStep\",\"afterStep\",\"afterScenario\",\"afterFeature\",\"_\",\"suite\",\"$0\",\"ignoredWorkerServices\",\"wdi5\"]"}]}
COMMAND: POST /session/991ae7458a2fe82266d4f38354923d31/execute/async - {"script":"<script> [21126 bytes]","args":[35000]}
RESULT: {"script":"<script> [21126 bytes]","args":[35000]}
COMMAND: POST /session/991ae7458a2fe82266d4f38354923d31/window/fullscreen - {}
RESULT: {}
]]></system-out>
    </testcase>
  </testsuite>
  <testsuite timestamp="2025-04-27T17:11:59" time="580.152" tests="6" failures="5" errors="5" skipped="0">
    <properties>
      <property name="specId" value="0" />
      <property name="suiteName" value="RU Inventory Mass State Change Multiple Items US151066" />
      <property name="capabilities" value="chrome.135_0_7049_96.windows" />
      <property name="file" value="file:///D:/a/1/s/test/specs/BTS/ru-inv-list-mass-state-change.spec.js" />
    </properties>
    <testcase classname="chrome.135_0_7049_96.windows.RU_Inventory_Mass_State_Change_Multiple_Items_US151066" name="Step 1 Should do a RU inventory mass state change on chosen yard 109 with the resources available one equipment multipart one tool pool" time="259.747">
      <system-out><![CDATA[
COMMAND: POST /session/991ae7458a2fe82266d4f38354923d31/execute/async - {"script":"<script> [1562 bytes]","args":[{"selector":{"controlType":"sap.m.GenericTile","properties":{"header":"RU Inventory List"}},"wdio_ui5_key":"sapm.GenericTile{\"header\":\"RU Inventory List\"}"}]}
RESULT: {"script":"<script> [1562 bytes]","args":[{"selector":{"controlType":"sap.m.GenericTile","properties":{"header":"RU Inventory List"}},"wdio_ui5_key":"sapm.GenericTile{\"header\":\"RU Inventory List\"}"}]}
RESULT: undefined
COMMAND: POST /session/991ae7458a2fe82266d4f38354923d31/element - {"using":"xpath","value":"//*[@id=\"__tile99\"]"}
RESULT: {"using":"xpath","value":"//*[@id=\"__tile99\"]"}
COMMAND: POST /session/991ae7458a2fe82266d4f38354923d31/element/f.E50BEB4A78466B534596A34F5FDA1F41.d.623194E7588D397EE4564F96FBF2BFD5.e.10184/click - {}
RESULT: {}
COMMAND: POST /session/991ae7458a2fe82266d4f38354923d31/element - {"using":"xpath","value":"//button[contains(@id, \"massStateBtn\")]"}
COMMAND: GET /session/991ae7458a2fe82266d4f38354923d31/screenshot - {}
RESULT: {"using":"xpath","value":"//button[contains(@id, \"massStateBtn\")]"}
COMMAND: POST /session/991ae7458a2fe82266d4f38354923d31/elements - {"using":"xpath","value":"//button[contains(@id, \"massStateBtn\")]"}
RESULT: {}
RESULT: {"using":"xpath","value":"//button[contains(@id, \"massStateBtn\")]"}
COMMAND: POST /session/991ae7458a2fe82266d4f38354923d31/elements - {"using":"xpath","value":"//button[contains(@id, \"massStateBtn\")]"}
RESULT: {"using":"xpath","value":"//button[contains(@id, \"massStateBtn\")]"}
COMMAND: POST /session/991ae7458a2fe82266d4f38354923d31/elements - {"using":"xpath","value":"//button[contains(@id, \"massStateBtn\")]"}
RESULT: {"using":"xpath","value":"//button[contains(@id, \"massStateBtn\")]"}
COMMAND: POST /session/991ae7458a2fe82266d4f38354923d31/elements - {"using":"xpath","value":"//button[contains(@id, \"massStateBtn\")]"}
RESULT: {"using":"xpath","value":"//button[contains(@id, \"massStateBtn\")]"}
COMMAND: POST /session/991ae7458a2fe82266d4f38354923d31/elements - {"using":"xpath","value":"//button[contains(@id, \"massStateBtn\")]"}
RESULT: {"using":"xpath","value":"//button[contains(@id, \"massStateBtn\")]"}
COMMAND: POST /session/991ae7458a2fe82266d4f38354923d31/elements - {"using":"xpath","value":"//button[contains(@id, \"massStateBtn\")]"}
RESULT: {"using":"xpath","value":"//button[contains(@id, \"massStateBtn\")]"}
COMMAND: POST /session/991ae7458a2fe82266d4f38354923d31/elements - {"using":"xpath","value":"//button[contains(@id, \"massStateBtn\")]"}
RESULT: {"using":"xpath","value":"//button[contains(@id, \"massStateBtn\")]"}
COMMAND: POST /session/991ae7458a2fe82266d4f38354923d31/elements - {"using":"xpath","value":"//button[contains(@id, \"massStateBtn\")]"}
RESULT: {"using":"xpath","value":"//button[contains(@id, \"massStateBtn\")]"}
COMMAND: POST /session/991ae7458a2fe82266d4f38354923d31/elements - {"using":"xpath","value":"//button[contains(@id, \"massStateBtn\")]"}
RESULT: {"using":"xpath","value":"//button[contains(@id, \"massStateBtn\")]"}
COMMAND: POST /session/991ae7458a2fe82266d4f38354923d31/elements - {"using":"xpath","value":"//button[contains(@id, \"massStateBtn\")]"}
RESULT: {"using":"xpath","value":"//button[contains(@id, \"massStateBtn\")]"}
COMMAND: POST /session/991ae7458a2fe82266d4f38354923d31/elements - {"using":"xpath","value":"//button[contains(@id, \"massStateBtn\")]"}
RESULT: {"using":"xpath","value":"//button[contains(@id, \"massStateBtn\")]"}
COMMAND: POST /session/991ae7458a2fe82266d4f38354923d31/elements - {"using":"xpath","value":"//button[contains(@id, \"massStateBtn\")]"}
RESULT: {"using":"xpath","value":"//button[contains(@id, \"massStateBtn\")]"}
COMMAND: POST /session/991ae7458a2fe82266d4f38354923d31/elements - {"using":"xpath","value":"//button[contains(@id, \"massStateBtn\")]"}
RESULT: {"using":"xpath","value":"//button[contains(@id, \"massStateBtn\")]"}
COMMAND: POST /session/991ae7458a2fe82266d4f38354923d31/elements - {"using":"xpath","value":"//button[contains(@id, \"massStateBtn\")]"}
RESULT: {"using":"xpath","value":"//button[contains(@id, \"massStateBtn\")]"}
COMMAND: POST /session/991ae7458a2fe82266d4f38354923d31/elements - {"using":"xpath","value":"//button[contains(@id, \"massStateBtn\")]"}
RESULT: {"using":"xpath","value":"//button[contains(@id, \"massStateBtn\")]"}
COMMAND: POST /session/991ae7458a2fe82266d4f38354923d31/elements - {"using":"xpath","value":"//button[contains(@id, \"massStateBtn\")]"}
RESULT: {"using":"xpath","value":"//button[contains(@id, \"massStateBtn\")]"}
COMMAND: POST /session/991ae7458a2fe82266d4f38354923d31/elements - {"using":"xpath","value":"//button[contains(@id, \"massStateBtn\")]"}
RESULT: {"using":"xpath","value":"//button[contains(@id, \"massStateBtn\")]"}
COMMAND: POST /session/991ae7458a2fe82266d4f38354923d31/elements - {"using":"xpath","value":"//button[contains(@id, \"massStateBtn\")]"}
RESULT: {"using":"xpath","value":"//button[contains(@id, \"massStateBtn\")]"}
COMMAND: POST /session/991ae7458a2fe82266d4f38354923d31/elements - {"using":"xpath","value":"//button[contains(@id, \"massStateBtn\")]"}
RESULT: {"using":"xpath","value":"//button[contains(@id, \"massStateBtn\")]"}
COMMAND: POST /session/991ae7458a2fe82266d4f38354923d31/elements - {"using":"xpath","value":"//button[contains(@id, \"massStateBtn\")]"}
RESULT: {"using":"xpath","value":"//button[contains(@id, \"massStateBtn\")]"}
COMMAND: POST /session/991ae7458a2fe82266d4f38354923d31/element - {"using":"xpath","value":"//button[contains(@id, \"massStateBtn\")]"}
RESULT: {"using":"xpath","value":"//button[contains(@id, \"massStateBtn\")]"}
COMMAND: POST /session/991ae7458a2fe82266d4f38354923d31/execute/sync - {"script":"<script> [8489 bytes]","args":[{"element-6066-11e4-a52e-4f735466cecf":"f.E50BEB4A78466B534596A34F5FDA1F41.d.623194E7588D397EE4564F96FBF2BFD5.e.10220","ELEMENT":"f.E50BEB4A78466B534596A34F5FDA1F41.d.623194E7588D397EE4564F96FBF2BFD5.e.10220"}]}
RESULT: {"script":"<script> [8489 bytes]","args":[{"element-6066-11e4-a52e-4f735466cecf":"f.E50BEB4A78466B534596A34F5FDA1F41.d.623194E7588D397EE4564F96FBF2BFD5.e.10220","ELEMENT":"f.E50BEB4A78466B534596A34F5FDA1F41.d.623194E7588D397EE4564F96FBF2BFD5.e.10220"}]}
COMMAND: GET /session/991ae7458a2fe82266d4f38354923d31/element/f.E50BEB4A78466B534596A34F5FDA1F41.d.623194E7588D397EE4564F96FBF2BFD5.e.10220/enabled - {}
COMMAND: GET /session/991ae7458a2fe82266d4f38354923d31/screenshot - {}
RESULT: {}
COMMAND: POST /session/991ae7458a2fe82266d4f38354923d31/execute/sync - {"script":"<script> [8489 bytes]","args":[{"element-6066-11e4-a52e-4f735466cecf":"f.E50BEB4A78466B534596A34F5FDA1F41.d.623194E7588D397EE4564F96FBF2BFD5.e.10220","ELEMENT":"f.E50BEB4A78466B534596A34F5FDA1F41.d.623194E7588D397EE4564F96FBF2BFD5.e.10220"}]}
COMMAND: GET /session/991ae7458a2fe82266d4f38354923d31/screenshot - {}
RESULT: {}
RESULT: {"script":"<script> [8489 bytes]","args":[{"element-6066-11e4-a52e-4f735466cecf":"f.E50BEB4A78466B534596A34F5FDA1F41.d.623194E7588D397EE4564F96FBF2BFD5.e.10220","ELEMENT":"f.E50BEB4A78466B534596A34F5FDA1F41.d.623194E7588D397EE4564F96FBF2BFD5.e.10220"}]}
COMMAND: POST /session/991ae7458a2fe82266d4f38354923d31/execute/sync - {"script":"<script> [5351 bytes]","args":[{"element-6066-11e4-a52e-4f735466cecf":"f.E50BEB4A78466B534596A34F5FDA1F41.d.623194E7588D397EE4564F96FBF2BFD5.e.10220","ELEMENT":"f.E50BEB4A78466B534596A34F5FDA1F41.d.623194E7588D397EE4564F96FBF2BFD5.e.10220"}]}
COMMAND: GET /session/991ae7458a2fe82266d4f38354923d31/screenshot - {}
RESULT: {}
RESULT: {"script":"<script> [5351 bytes]","args":[{"element-6066-11e4-a52e-4f735466cecf":"f.E50BEB4A78466B534596A34F5FDA1F41.d.623194E7588D397EE4564F96FBF2BFD5.e.10220","ELEMENT":"f.E50BEB4A78466B534596A34F5FDA1F41.d.623194E7588D397EE4564F96FBF2BFD5.e.10220"}]}
COMMAND: POST /session/991ae7458a2fe82266d4f38354923d31/element/f.E50BEB4A78466B534596A34F5FDA1F41.d.623194E7588D397EE4564F96FBF2BFD5.e.10220/click - {}
COMMAND: GET /session/991ae7458a2fe82266d4f38354923d31/screenshot - {}
RESULT: {}
RESULT: {}
COMMAND: GET /session/991ae7458a2fe82266d4f38354923d31/screenshot - {}
RESULT: {}
RESULT: {}
COMMAND: POST /session/991ae7458a2fe82266d4f38354923d31/execute/async - {"script":"<script> [1562 bytes]","args":[{"selector":{"id":"application-ruinventorylist-display-component---Master--ruLocationTypeComboBox-arrow"},"wdio_ui5_key":"applicationruinventorylist-display-component---Master--ruLocationTypeComboBox-arrow"}]}
RESULT: {"script":"<script> [1562 bytes]","args":[{"selector":{"id":"application-ruinventorylist-display-component---Master--ruLocationTypeComboBox-arrow"},"wdio_ui5_key":"applicationruinventorylist-display-component---Master--ruLocationTypeComboBox-arrow"}]}
RESULT: undefined
COMMAND: POST /session/991ae7458a2fe82266d4f38354923d31/element - {"using":"xpath","value":"//*[@id=\"application-ruinventorylist-display-component---Master--ruLocationTypeComboBox-arrow\"]"}
RESULT: {"using":"xpath","value":"//*[@id=\"application-ruinventorylist-display-component---Master--ruLocationTypeComboBox-arrow\"]"}
COMMAND: POST /session/991ae7458a2fe82266d4f38354923d31/element/f.E50BEB4A78466B534596A34F5FDA1F41.d.623194E7588D397EE4564F96FBF2BFD5.e.10460/click - {}
RESULT: {}
COMMAND: GET /session/991ae7458a2fe82266d4f38354923d31/screenshot - {}
RESULT: {}
COMMAND: POST /session/991ae7458a2fe82266d4f38354923d31/element - {"using":"xpath","value":"//li[.//span[text()='Yard']]"}
RESULT: {"using":"xpath","value":"//li[.//span[text()='Yard']]"}
COMMAND: POST /session/991ae7458a2fe82266d4f38354923d31/element/f.E50BEB4A78466B534596A34F5FDA1F41.d.623194E7588D397EE4564F96FBF2BFD5.e.10461/click - {}
RESULT: {}
COMMAND: GET /session/991ae7458a2fe82266d4f38354923d31/screenshot - {}
RESULT: {}
COMMAND: POST /session/991ae7458a2fe82266d4f38354923d31/execute/async - {"script":"<script> [1562 bytes]","args":[{"selector":{"id":"application-ruinventorylist-display-component---Master--smartFilterBar-filterItemControl_BASIC-YARD-vhi"},"wdio_ui5_key":"applicationruinventorylist-display-component---Master--smartFilterBar-filterItemControl_BASIC-YARD-vhi"}]}
RESULT: {"script":"<script> [1562 bytes]","args":[{"selector":{"id":"application-ruinventorylist-display-component---Master--smartFilterBar-filterItemControl_BASIC-YARD-vhi"},"wdio_ui5_key":"applicationruinventorylist-display-component---Master--smartFilterBar-filterItemControl_BASIC-YARD-vhi"}]}
RESULT: undefined
COMMAND: POST /session/991ae7458a2fe82266d4f38354923d31/element - {"using":"xpath","value":"//*[@id=\"application-ruinventorylist-display-component---Master--smartFilterBar-filterItemControl_BASIC-YARD-vhi\"]"}
RESULT: {"using":"xpath","value":"//*[@id=\"application-ruinventorylist-display-component---Master--smartFilterBar-filterItemControl_BASIC-YARD-vhi\"]"}
COMMAND: POST /session/991ae7458a2fe82266d4f38354923d31/element/f.E50BEB4A78466B534596A34F5FDA1F41.d.623194E7588D397EE4564F96FBF2BFD5.e.10529/click - {}
RESULT: {}
COMMAND: GET /session/991ae7458a2fe82266d4f38354923d31/screenshot - {}
RESULT: {}
COMMAND: POST /session/991ae7458a2fe82266d4f38354923d31/execute/async - {"script":"<script> [1562 bytes]","args":[{"selector":{"id":"application-ruinventorylist-display-component---Master--smartFilterBar-filterItemControl_BASIC-YARD-valueHelpDialog-smartFilterBar-btnBasicSearch","searchOpenDialogs":true,"interaction":{"idSuffix":"I"}},"wdio_ui5_key":"applicationruinventorylist-display-component---Master--smartFilterBar-filterItemControl_BASIC-YARD-valueHelpDialog-smartFilterBar-btnBasicSearch"}]}
RESULT: {"script":"<script> [1562 bytes]","args":[{"selector":{"id":"application-ruinventorylist-display-component---Master--smartFilterBar-filterItemControl_BASIC-YARD-valueHelpDialog-smartFilterBar-btnBasicSearch","searchOpenDialogs":true,"interaction":{"idSuffix":"I"}},"wdio_ui5_key":"applicationruinventorylist-display-component---Master--smartFilterBar-filterItemControl_BASIC-YARD-valueHelpDialog-smartFilterBar-btnBasicSearch"}]}
RESULT: undefined
COMMAND: POST /session/991ae7458a2fe82266d4f38354923d31/execute/async - {"script":"<script> [776 bytes]","args":[{"enterText":"109","selector":{"id":"application-ruinventorylist-display-component---Master--smartFilterBar-filterItemControl_BASIC-YARD-valueHelpDialog-smartFilterBar-btnBasicSearch","searchOpenDialogs":true,"interaction":{"idSuffix":"I"}},"clearTextFirst":true,"interactionType":"ENTER_TEXT"}]}
RESULT: {"script":"<script> [776 bytes]","args":[{"enterText":"109","selector":{"id":"application-ruinventorylist-display-component---Master--smartFilterBar-filterItemControl_BASIC-YARD-valueHelpDialog-smartFilterBar-btnBasicSearch","searchOpenDialogs":true,"interaction":{"idSuffix":"I"}},"clearTextFirst":true,"interactionType":"ENTER_TEXT"}]}
COMMAND: POST /session/991ae7458a2fe82266d4f38354923d31/actions - {"actions":[{"id":"action27","type":"key","parameters":{},"actions":[{"type":"keyDown","value":"î€‡"},{"type":"pause","duration":10},{"type":"keyUp","value":"î€‡"}]}]}
RESULT: {"actions":[{"id":"action27","type":"key","parameters":{},"actions":[{"type":"keyDown","value":"î€‡"},{"type":"pause","duration":10},{"type":"keyUp","value":"î€‡"}]}]}
COMMAND: GET /session/991ae7458a2fe82266d4f38354923d31/screenshot - {}
RESULT: {}
COMMAND: POST /session/991ae7458a2fe82266d4f38354923d31/elements - {"using":"xpath","value":"//table[contains(@id, \"filterItemControl_BASIC-YARD-valueHelpDialog-table-table\")]/tbody/tr"}
RESULT: {"using":"xpath","value":"//table[contains(@id, \"filterItemControl_BASIC-YARD-valueHelpDialog-table-table\")]/tbody/tr"}
COMMAND: POST /session/991ae7458a2fe82266d4f38354923d31/element - {"using":"xpath","value":"//table[contains(@id, \"filterItemControl_BASIC-YARD-valueHelpDialog-table-table\")]/tbody/tr[1]/td[1]/div/span"}
RESULT: {"using":"xpath","value":"//table[contains(@id, \"filterItemControl_BASIC-YARD-valueHelpDialog-table-table\")]/tbody/tr[1]/td[1]/div/span"}
COMMAND: POST /session/991ae7458a2fe82266d4f38354923d31/elements - {"using":"xpath","value":"//table[contains(@id, \"filterItemControl_BASIC-YARD-valueHelpDialog-table-table\")]/tbody/tr[1]/td[1]/div/span"}
RESULT: {"using":"xpath","value":"//table[contains(@id, \"filterItemControl_BASIC-YARD-valueHelpDialog-table-table\")]/tbody/tr[1]/td[1]/div/span"}
COMMAND: POST /session/991ae7458a2fe82266d4f38354923d31/execute/sync - {"script":"<script> [56 bytes]","args":[{"element-6066-11e4-a52e-4f735466cecf":"f.E50BEB4A78466B534596A34F5FDA1F41.d.623194E7588D397EE4564F96FBF2BFD5.e.10551","ELEMENT":"f.E50BEB4A78466B534596A34F5FDA1F41.d.623194E7588D397EE4564F96FBF2BFD5.e.10551"}]}
RESULT: {"script":"<script> [56 bytes]","args":[{"element-6066-11e4-a52e-4f735466cecf":"f.E50BEB4A78466B534596A34F5FDA1F41.d.623194E7588D397EE4564F96FBF2BFD5.e.10551","ELEMENT":"f.E50BEB4A78466B534596A34F5FDA1F41.d.623194E7588D397EE4564F96FBF2BFD5.e.10551"}]}
COMMAND: POST /session/991ae7458a2fe82266d4f38354923d31/element - {"using":"xpath","value":"//div[contains(@id, \"filterItemControl_BASIC-YARD-valueHelpDialog-table-rowsel0\")]"}
COMMAND: GET /session/991ae7458a2fe82266d4f38354923d31/screenshot - {}
RESULT: {"using":"xpath","value":"//div[contains(@id, \"filterItemControl_BASIC-YARD-valueHelpDialog-table-rowsel0\")]"}
COMMAND: POST /session/991ae7458a2fe82266d4f38354923d31/element/f.E50BEB4A78466B534596A34F5FDA1F41.d.623194E7588D397EE4564F96FBF2BFD5.e.10552/click - {}
RESULT: {}
RESULT: {}
COMMAND: GET /session/991ae7458a2fe82266d4f38354923d31/screenshot - {}
RESULT: {}
COMMAND: POST /session/991ae7458a2fe82266d4f38354923d31/element - {"using":"xpath","value":"//div[contains(@id, \"smartFilterBar-filterItemControl_BASIC-YARD-valueHelpDialog-smartFilterBar-btnBasicSearch-reset\")]"}
RESULT: {"using":"xpath","value":"//div[contains(@id, \"smartFilterBar-filterItemControl_BASIC-YARD-valueHelpDialog-smartFilterBar-btnBasicSearch-reset\")]"}
COMMAND: POST /session/991ae7458a2fe82266d4f38354923d31/element/f.E50BEB4A78466B534596A34F5FDA1F41.d.623194E7588D397EE4564F96FBF2BFD5.e.10554/click - {}
RESULT: {}
RESULT: undefined
COMMAND: POST /session/991ae7458a2fe82266d4f38354923d31/execute/async - {"script":"<script> [776 bytes]","args":[{"enterText":"OPA5_BST01_YARD1","selector":{"id":"application-ruinventorylist-display-component---Master--smartFilterBar-filterItemControl_BASIC-YARD-valueHelpDialog-smartFilterBar-btnBasicSearch","searchOpenDialogs":true,"interaction":{"idSuffix":"I"}},"clearTextFirst":true,"interactionType":"ENTER_TEXT"}]}
COMMAND: GET /session/991ae7458a2fe82266d4f38354923d31/screenshot - {}
RESULT: {"script":"<script> [776 bytes]","args":[{"enterText":"OPA5_BST01_YARD1","selector":{"id":"application-ruinventorylist-display-component---Master--smartFilterBar-filterItemControl_BASIC-YARD-valueHelpDialog-smartFilterBar-btnBasicSearch","searchOpenDialogs":true,"interaction":{"idSuffix":"I"}},"clearTextFirst":true,"interactionType":"ENTER_TEXT"}]}
COMMAND: POST /session/991ae7458a2fe82266d4f38354923d31/actions - {"actions":[{"id":"action28","type":"key","parameters":{},"actions":[{"type":"keyDown","value":"î€‡"},{"type":"pause","duration":10},{"type":"keyUp","value":"î€‡"}]}]}
RESULT: {}
RESULT: {"actions":[{"id":"action28","type":"key","parameters":{},"actions":[{"type":"keyDown","value":"î€‡"},{"type":"pause","duration":10},{"type":"keyUp","value":"î€‡"}]}]}
COMMAND: GET /session/991ae7458a2fe82266d4f38354923d31/screenshot - {}
RESULT: {}
COMMAND: POST /session/991ae7458a2fe82266d4f38354923d31/elements - {"using":"xpath","value":"//table[contains(@id, \"filterItemControl_BASIC-YARD-valueHelpDialog-table-table\")]/tbody/tr"}
RESULT: {"using":"xpath","value":"//table[contains(@id, \"filterItemControl_BASIC-YARD-valueHelpDialog-table-table\")]/tbody/tr"}
COMMAND: POST /session/991ae7458a2fe82266d4f38354923d31/element - {"using":"xpath","value":"//table[contains(@id, \"filterItemControl_BASIC-YARD-valueHelpDialog-table-table\")]/tbody/tr[1]/td[1]/div/span"}
RESULT: {"using":"xpath","value":"//table[contains(@id, \"filterItemControl_BASIC-YARD-valueHelpDialog-table-table\")]/tbody/tr[1]/td[1]/div/span"}
COMMAND: POST /session/991ae7458a2fe82266d4f38354923d31/elements - {"using":"xpath","value":"//table[contains(@id, \"filterItemControl_BASIC-YARD-valueHelpDialog-table-table\")]/tbody/tr[1]/td[1]/div/span"}
RESULT: {"using":"xpath","value":"//table[contains(@id, \"filterItemControl_BASIC-YARD-valueHelpDialog-table-table\")]/tbody/tr[1]/td[1]/div/span"}
COMMAND: POST /session/991ae7458a2fe82266d4f38354923d31/execute/sync - {"script":"<script> [56 bytes]","args":[{"element-6066-11e4-a52e-4f735466cecf":"f.E50BEB4A78466B534596A34F5FDA1F41.d.623194E7588D397EE4564F96FBF2BFD5.e.10551","ELEMENT":"f.E50BEB4A78466B534596A34F5FDA1F41.d.623194E7588D397EE4564F96FBF2BFD5.e.10551"}]}
RESULT: {"script":"<script> [56 bytes]","args":[{"element-6066-11e4-a52e-4f735466cecf":"f.E50BEB4A78466B534596A34F5FDA1F41.d.623194E7588D397EE4564F96FBF2BFD5.e.10551","ELEMENT":"f.E50BEB4A78466B534596A34F5FDA1F41.d.623194E7588D397EE4564F96FBF2BFD5.e.10551"}]}
COMMAND: POST /session/991ae7458a2fe82266d4f38354923d31/element - {"using":"xpath","value":"//div[contains(@id, \"filterItemControl_BASIC-YARD-valueHelpDialog-table-rowsel0\")]"}
COMMAND: GET /session/991ae7458a2fe82266d4f38354923d31/screenshot - {}
RESULT: {"using":"xpath","value":"//div[contains(@id, \"filterItemControl_BASIC-YARD-valueHelpDialog-table-rowsel0\")]"}
COMMAND: POST /session/991ae7458a2fe82266d4f38354923d31/element/f.E50BEB4A78466B534596A34F5FDA1F41.d.623194E7588D397EE4564F96FBF2BFD5.e.10552/click - {}
RESULT: {}
RESULT: {}
COMMAND: GET /session/991ae7458a2fe82266d4f38354923d31/screenshot - {}
RESULT: {}
COMMAND: POST /session/991ae7458a2fe82266d4f38354923d31/element - {"using":"xpath","value":"(//bdi[contains(text(), \"OK\")])[1]"}
RESULT: {"using":"xpath","value":"(//bdi[contains(text(), \"OK\")])[1]"}
COMMAND: POST /session/991ae7458a2fe82266d4f38354923d31/element/f.E50BEB4A78466B534596A34F5FDA1F41.d.623194E7588D397EE4564F96FBF2BFD5.e.10555/click - {}
RESULT: {}
COMMAND: GET /session/991ae7458a2fe82266d4f38354923d31/screenshot - {}
RESULT: {}
COMMAND: POST /session/991ae7458a2fe82266d4f38354923d31/element - {"using":"xpath","value":"//span[@id=\"application-ruinventorylist-display-component---Master--smartTableRuInventoryList-header-inner\"]"}
RESULT: {"using":"xpath","value":"//span[@id=\"application-ruinventorylist-display-component---Master--smartTableRuInventoryList-header-inner\"]"}
COMMAND: POST /session/991ae7458a2fe82266d4f38354923d31/elements - {"using":"xpath","value":"//span[@id=\"application-ruinventorylist-display-component---Master--smartTableRuInventoryList-header-inner\"]"}
RESULT: {"using":"xpath","value":"//span[@id=\"application-ruinventorylist-display-component---Master--smartTableRuInventoryList-header-inner\"]"}
COMMAND: POST /session/991ae7458a2fe82266d4f38354923d31/execute/sync - {"script":"<script> [56 bytes]","args":[{"element-6066-11e4-a52e-4f735466cecf":"f.E50BEB4A78466B534596A34F5FDA1F41.d.623194E7588D397EE4564F96FBF2BFD5.e.10677","ELEMENT":"f.E50BEB4A78466B534596A34F5FDA1F41.d.623194E7588D397EE4564F96FBF2BFD5.e.10677"}]}
RESULT: {"script":"<script> [56 bytes]","args":[{"element-6066-11e4-a52e-4f735466cecf":"f.E50BEB4A78466B534596A34F5FDA1F41.d.623194E7588D397EE4564F96FBF2BFD5.e.10677","ELEMENT":"f.E50BEB4A78466B534596A34F5FDA1F41.d.623194E7588D397EE4564F96FBF2BFD5.e.10677"}]}
COMMAND: POST /session/991ae7458a2fe82266d4f38354923d31/execute/async - {"script":"<script> [1562 bytes]","args":[{"selector":{"id":"application-ruinventorylist-display-component---Master--smartFilterBar-btnBasicSearch","interaction":{"idSuffix":"I"}},"wdio_ui5_key":"applicationruinventorylist-display-component---Master--smartFilterBar-btnBasicSearch"}]}
COMMAND: GET /session/991ae7458a2fe82266d4f38354923d31/screenshot - {}
RESULT: {"script":"<script> [1562 bytes]","args":[{"selector":{"id":"application-ruinventorylist-display-component---Master--smartFilterBar-btnBasicSearch","interaction":{"idSuffix":"I"}},"wdio_ui5_key":"applicationruinventorylist-display-component---Master--smartFilterBar-btnBasicSearch"}]}
RESULT: undefined
COMMAND: POST /session/991ae7458a2fe82266d4f38354923d31/execute/async - {"script":"<script> [776 bytes]","args":[{"enterText":"600002","selector":{"id":"application-ruinventorylist-display-component---Master--smartFilterBar-btnBasicSearch","interaction":{"idSuffix":"I"}},"clearTextFirst":true,"interactionType":"ENTER_TEXT"}]}
RESULT: {}
RESULT: {"script":"<script> [776 bytes]","args":[{"enterText":"600002","selector":{"id":"application-ruinventorylist-display-component---Master--smartFilterBar-btnBasicSearch","interaction":{"idSuffix":"I"}},"clearTextFirst":true,"interactionType":"ENTER_TEXT"}]}
COMMAND: POST /session/991ae7458a2fe82266d4f38354923d31/actions - {"actions":[{"id":"action29","type":"key","parameters":{},"actions":[{"type":"keyDown","value":"î€‡"},{"type":"pause","duration":10},{"type":"keyUp","value":"î€‡"}]}]}
RESULT: {"actions":[{"id":"action29","type":"key","parameters":{},"actions":[{"type":"keyDown","value":"î€‡"},{"type":"pause","duration":10},{"type":"keyUp","value":"î€‡"}]}]}
COMMAND: GET /session/991ae7458a2fe82266d4f38354923d31/screenshot - {}
RESULT: {}
COMMAND: POST /session/991ae7458a2fe82266d4f38354923d31/element - {"using":"xpath","value":"//span[@id=\"application-ruinventorylist-display-component---Master--smartTableRuInventoryList-header-inner\"]"}
RESULT: {"using":"xpath","value":"//span[@id=\"application-ruinventorylist-display-component---Master--smartTableRuInventoryList-header-inner\"]"}
COMMAND: POST /session/991ae7458a2fe82266d4f38354923d31/elements - {"using":"xpath","value":"//span[@id=\"application-ruinventorylist-display-component---Master--smartTableRuInventoryList-header-inner\"]"}
RESULT: {"using":"xpath","value":"//span[@id=\"application-ruinventorylist-display-component---Master--smartTableRuInventoryList-header-inner\"]"}
COMMAND: POST /session/991ae7458a2fe82266d4f38354923d31/execute/sync - {"script":"<script> [56 bytes]","args":[{"element-6066-11e4-a52e-4f735466cecf":"f.E50BEB4A78466B534596A34F5FDA1F41.d.623194E7588D397EE4564F96FBF2BFD5.e.10677","ELEMENT":"f.E50BEB4A78466B534596A34F5FDA1F41.d.623194E7588D397EE4564F96FBF2BFD5.e.10677"}]}
RESULT: {"script":"<script> [56 bytes]","args":[{"element-6066-11e4-a52e-4f735466cecf":"f.E50BEB4A78466B534596A34F5FDA1F41.d.623194E7588D397EE4564F96FBF2BFD5.e.10677","ELEMENT":"f.E50BEB4A78466B534596A34F5FDA1F41.d.623194E7588D397EE4564F96FBF2BFD5.e.10677"}]}
COMMAND: POST /session/991ae7458a2fe82266d4f38354923d31/element - {"using":"xpath","value":"//table[contains(@id, \"application-ruinventorylist-display-component---Master--tableRuInventoryList-listUl\")]/tbody/tr[1]/td[2]/div/div"}
COMMAND: GET /session/991ae7458a2fe82266d4f38354923d31/screenshot - {}
RESULT: {"using":"xpath","value":"//table[contains(@id, \"application-ruinventorylist-display-component---Master--tableRuInventoryList-listUl\")]/tbody/tr[1]/td[2]/div/div"}
COMMAND: POST /session/991ae7458a2fe82266d4f38354923d31/element/f.E50BEB4A78466B534596A34F5FDA1F41.d.623194E7588D397EE4564F96FBF2BFD5.e.10682/click - {}
RESULT: {}
RESULT: {}
COMMAND: GET /session/991ae7458a2fe82266d4f38354923d31/screenshot - {}
RESULT: {}
COMMAND: POST /session/991ae7458a2fe82266d4f38354923d31/element - {"using":"xpath","value":"//div[contains(@id, \"smartFilterBar-btnBasicSearch-reset\")]"}
RESULT: {"using":"xpath","value":"//div[contains(@id, \"smartFilterBar-btnBasicSearch-reset\")]"}
COMMAND: POST /session/991ae7458a2fe82266d4f38354923d31/element/f.E50BEB4A78466B534596A34F5FDA1F41.d.623194E7588D397EE4564F96FBF2BFD5.e.10692/click - {}
RESULT: {}
COMMAND: GET /session/991ae7458a2fe82266d4f38354923d31/screenshot - {}
RESULT: {}
RESULT: undefined
COMMAND: POST /session/991ae7458a2fe82266d4f38354923d31/execute/async - {"script":"<script> [776 bytes]","args":[{"enterText":"401002","selector":{"id":"application-ruinventorylist-display-component---Master--smartFilterBar-btnBasicSearch","interaction":{"idSuffix":"I"}},"clearTextFirst":true,"interactionType":"ENTER_TEXT"}]}
RESULT: {"script":"<script> [776 bytes]","args":[{"enterText":"401002","selector":{"id":"application-ruinventorylist-display-component---Master--smartFilterBar-btnBasicSearch","interaction":{"idSuffix":"I"}},"clearTextFirst":true,"interactionType":"ENTER_TEXT"}]}
COMMAND: POST /session/991ae7458a2fe82266d4f38354923d31/actions - {"actions":[{"id":"action30","type":"key","parameters":{},"actions":[{"type":"keyDown","value":"î€‡"},{"type":"pause","duration":10},{"type":"keyUp","value":"î€‡"}]}]}
RESULT: {"actions":[{"id":"action30","type":"key","parameters":{},"actions":[{"type":"keyDown","value":"î€‡"},{"type":"pause","duration":10},{"type":"keyUp","value":"î€‡"}]}]}
COMMAND: GET /session/991ae7458a2fe82266d4f38354923d31/screenshot - {}
RESULT: {}
COMMAND: POST /session/991ae7458a2fe82266d4f38354923d31/element - {"using":"xpath","value":"//span[@id=\"application-ruinventorylist-display-component---Master--smartTableRuInventoryList-header-inner\"]"}
RESULT: {"using":"xpath","value":"//span[@id=\"application-ruinventorylist-display-component---Master--smartTableRuInventoryList-header-inner\"]"}
COMMAND: POST /session/991ae7458a2fe82266d4f38354923d31/elements - {"using":"xpath","value":"//span[@id=\"application-ruinventorylist-display-component---Master--smartTableRuInventoryList-header-inner\"]"}
RESULT: {"using":"xpath","value":"//span[@id=\"application-ruinventorylist-display-component---Master--smartTableRuInventoryList-header-inner\"]"}
COMMAND: POST /session/991ae7458a2fe82266d4f38354923d31/execute/sync - {"script":"<script> [56 bytes]","args":[{"element-6066-11e4-a52e-4f735466cecf":"f.E50BEB4A78466B534596A34F5FDA1F41.d.623194E7588D397EE4564F96FBF2BFD5.e.10677","ELEMENT":"f.E50BEB4A78466B534596A34F5FDA1F41.d.623194E7588D397EE4564F96FBF2BFD5.e.10677"}]}
RESULT: {"script":"<script> [56 bytes]","args":[{"element-6066-11e4-a52e-4f735466cecf":"f.E50BEB4A78466B534596A34F5FDA1F41.d.623194E7588D397EE4564F96FBF2BFD5.e.10677","ELEMENT":"f.E50BEB4A78466B534596A34F5FDA1F41.d.623194E7588D397EE4564F96FBF2BFD5.e.10677"}]}
COMMAND: POST /session/991ae7458a2fe82266d4f38354923d31/element - {"using":"xpath","value":"//table[contains(@id, \"application-ruinventorylist-display-component---Master--tableRuInventoryList-listUl\")]/tbody/tr[1]/td[2]/div/div"}
COMMAND: GET /session/991ae7458a2fe82266d4f38354923d31/screenshot - {}
RESULT: {"using":"xpath","value":"//table[contains(@id, \"application-ruinventorylist-display-component---Master--tableRuInventoryList-listUl\")]/tbody/tr[1]/td[2]/div/div"}
COMMAND: POST /session/991ae7458a2fe82266d4f38354923d31/element/f.E50BEB4A78466B534596A34F5FDA1F41.d.623194E7588D397EE4564F96FBF2BFD5.e.10819/click - {}
RESULT: {}
RESULT: {}
COMMAND: GET /session/991ae7458a2fe82266d4f38354923d31/screenshot - {}
RESULT: {}
COMMAND: POST /session/991ae7458a2fe82266d4f38354923d31/element - {"using":"xpath","value":"//div[contains(@id, \"smartFilterBar-btnBasicSearch-reset\")]"}
RESULT: {"using":"xpath","value":"//div[contains(@id, \"smartFilterBar-btnBasicSearch-reset\")]"}
COMMAND: POST /session/991ae7458a2fe82266d4f38354923d31/element/f.E50BEB4A78466B534596A34F5FDA1F41.d.623194E7588D397EE4564F96FBF2BFD5.e.10692/click - {}
RESULT: {}
COMMAND: GET /session/991ae7458a2fe82266d4f38354923d31/screenshot - {}
RESULT: {}
COMMAND: POST /session/991ae7458a2fe82266d4f38354923d31/element/f.E50BEB4A78466B534596A34F5FDA1F41.d.623194E7588D397EE4564F96FBF2BFD5.e.10220/click - {}
RESULT: {}
COMMAND: GET /session/991ae7458a2fe82266d4f38354923d31/screenshot - {}
RESULT: {}
COMMAND: POST /session/991ae7458a2fe82266d4f38354923d31/execute/async - {"script":"<script> [1562 bytes]","args":[{"selector":{"controlType":"sap.m.Title","viewName":"etm.portal.ui.ruinventorylist.view.Master","viewId":"application-ruinventorylist-display-component---Master","properties":{"text":"Mass State Change"},"searchOpenDialogs":true},"wdio_ui5_key":"etmportal.ui.ruinventorylist.view.Mastersap.m.Title{\"text\":\"Mass State Change\"}"}]}
RESULT: {"script":"<script> [1562 bytes]","args":[{"selector":{"controlType":"sap.m.Title","viewName":"etm.portal.ui.ruinventorylist.view.Master","viewId":"application-ruinventorylist-display-component---Master","properties":{"text":"Mass State Change"},"searchOpenDialogs":true},"wdio_ui5_key":"etmportal.ui.ruinventorylist.view.Mastersap.m.Title{\"text\":\"Mass State Change\"}"}]}
RESULT: undefined
COMMAND: POST /session/991ae7458a2fe82266d4f38354923d31/execute/async - {"script":"<script> [6424 bytes]","args":[{"element-6066-11e4-a52e-4f735466cecf":"f.E50BEB4A78466B534596A34F5FDA1F41.d.623194E7588D397EE4564F96FBF2BFD5.e.10968"},"getText",[]]}
RESULT: {"script":"<script> [6424 bytes]","args":[{"element-6066-11e4-a52e-4f735466cecf":"f.E50BEB4A78466B534596A34F5FDA1F41.d.623194E7588D397EE4564F96FBF2BFD5.e.10968"},"getText",[]]}
COMMAND: POST /session/991ae7458a2fe82266d4f38354923d31/element - {"using":"xpath","value":"(//bdi[contains(text(), \"OK\")])[1]"}
RESULT: {"using":"xpath","value":"(//bdi[contains(text(), \"OK\")])[1]"}
COMMAND: POST /session/991ae7458a2fe82266d4f38354923d31/element/f.E50BEB4A78466B534596A34F5FDA1F41.d.623194E7588D397EE4564F96FBF2BFD5.e.10969/click - {}
RESULT: {}
COMMAND: GET /session/991ae7458a2fe82266d4f38354923d31/screenshot - {}
RESULT: {}
COMMAND: POST /session/991ae7458a2fe82266d4f38354923d31/element - {"using":"css selector","value":"div.sapMMessageBoxError"}
RESULT: {"using":"css selector","value":"div.sapMMessageBoxError"}
COMMAND: POST /session/991ae7458a2fe82266d4f38354923d31/elements - {"using":"css selector","value":"div.sapMMessageBoxError"}
RESULT: {"using":"css selector","value":"div.sapMMessageBoxError"}
COMMAND: POST /session/991ae7458a2fe82266d4f38354923d31/element - {"using":"xpath","value":"(//bdi[contains(text(), \"Close\")])[1]"}
RESULT: {"using":"xpath","value":"(//bdi[contains(text(), \"Close\")])[1]"}
COMMAND: POST /session/991ae7458a2fe82266d4f38354923d31/element/f.E50BEB4A78466B534596A34F5FDA1F41.d.623194E7588D397EE4564F96FBF2BFD5.e.10973/click - {}
RESULT: {}
COMMAND: GET /session/991ae7458a2fe82266d4f38354923d31/screenshot - {}
RESULT: {}
COMMAND: POST /session/991ae7458a2fe82266d4f38354923d31/execute/async - {"script":"<script> [1562 bytes]","args":[{"selector":{"id":"application-ruinventorylist-display-component---Master--ruStateTypes-arrow","searchOpenDialogs":true},"wdio_ui5_key":"applicationruinventorylist-display-component---Master--ruStateTypes-arrow"}]}
RESULT: {"script":"<script> [1562 bytes]","args":[{"selector":{"id":"application-ruinventorylist-display-component---Master--ruStateTypes-arrow","searchOpenDialogs":true},"wdio_ui5_key":"applicationruinventorylist-display-component---Master--ruStateTypes-arrow"}]}
RESULT: undefined
COMMAND: POST /session/991ae7458a2fe82266d4f38354923d31/element - {"using":"xpath","value":"//*[@id=\"application-ruinventorylist-display-component---Master--ruStateTypes-arrow\"]"}
RESULT: {"using":"xpath","value":"//*[@id=\"application-ruinventorylist-display-component---Master--ruStateTypes-arrow\"]"}
COMMAND: POST /session/991ae7458a2fe82266d4f38354923d31/element/f.E50BEB4A78466B534596A34F5FDA1F41.d.623194E7588D397EE4564F96FBF2BFD5.e.10975/click - {}
RESULT: {}
COMMAND: GET /session/991ae7458a2fe82266d4f38354923d31/screenshot - {}
RESULT: {}
COMMAND: POST /session/991ae7458a2fe82266d4f38354923d31/element - {"using":"xpath","value":"//li[.//span[text()=\"defect\"]]"}
RESULT: {"using":"xpath","value":"//li[.//span[text()=\"defect\"]]"}
COMMAND: POST /session/991ae7458a2fe82266d4f38354923d31/element/f.E50BEB4A78466B534596A34F5FDA1F41.d.623194E7588D397EE4564F96FBF2BFD5.e.10976/click - {}
RESULT: {}
COMMAND: GET /session/991ae7458a2fe82266d4f38354923d31/screenshot - {}
RESULT: {}
COMMAND: POST /session/991ae7458a2fe82266d4f38354923d31/element - {"using":"xpath","value":"(//span[@data-kt=\"trashMassStateChangeIcon\"])[1]"}
RESULT: {"using":"xpath","value":"(//span[@data-kt=\"trashMassStateChangeIcon\"])[1]"}
COMMAND: POST /session/991ae7458a2fe82266d4f38354923d31/element/f.E50BEB4A78466B534596A34F5FDA1F41.d.623194E7588D397EE4564F96FBF2BFD5.e.10977/click - {}
RESULT: {}
COMMAND: GET /session/991ae7458a2fe82266d4f38354923d31/screenshot - {}
RESULT: {}
COMMAND: POST /session/991ae7458a2fe82266d4f38354923d31/element - {"using":"xpath","value":"//table[contains(@id, \"massStateChangeTable-listUl\")]/tbody/tr[1]/td[11]/div/div/div/input"}
RESULT: {"using":"xpath","value":"//table[contains(@id, \"massStateChangeTable-listUl\")]/tbody/tr[1]/td[11]/div/div/div/input"}
COMMAND: GET /session/991ae7458a2fe82266d4f38354923d31/element/f.E50BEB4A78466B534596A34F5FDA1F41.d.623194E7588D397EE4564F96FBF2BFD5.e.10961/property/value - {}
RESULT: {}
COMMAND: POST /session/991ae7458a2fe82266d4f38354923d31/element - {"using":"xpath","value":"(//span[@data-kt=\"trashMassStateChangeIcon\"])[2]"}
COMMAND: GET /session/991ae7458a2fe82266d4f38354923d31/screenshot - {}
RESULT: {"using":"xpath","value":"(//span[@data-kt=\"trashMassStateChangeIcon\"])[2]"}
COMMAND: POST /session/991ae7458a2fe82266d4f38354923d31/element/f.E50BEB4A78466B534596A34F5FDA1F41.d.623194E7588D397EE4564F96FBF2BFD5.e.10979/click - {}
RESULT: {}
RESULT: {}
COMMAND: GET /session/991ae7458a2fe82266d4f38354923d31/screenshot - {}
RESULT: {}
COMMAND: POST /session/991ae7458a2fe82266d4f38354923d31/element - {"using":"xpath","value":"//table[contains(@id, \"massStateChangeTable-listUl\")]/tbody/tr[2]/td[11]/div/div/div/input"}
RESULT: {"using":"xpath","value":"//table[contains(@id, \"massStateChangeTable-listUl\")]/tbody/tr[2]/td[11]/div/div/div/input"}
COMMAND: GET /session/991ae7458a2fe82266d4f38354923d31/element/f.E50BEB4A78466B534596A34F5FDA1F41.d.623194E7588D397EE4564F96FBF2BFD5.e.10965/property/value - {}
RESULT: {}
COMMAND: POST /session/991ae7458a2fe82266d4f38354923d31/element - {"using":"xpath","value":"//table[contains(@id, \"massStateChangeTable-listUl\")]/tbody/tr[1]/td[10]/div/span/span[1]"}
COMMAND: GET /session/991ae7458a2fe82266d4f38354923d31/screenshot - {}
RESULT: {"using":"xpath","value":"//table[contains(@id, \"massStateChangeTable-listUl\")]/tbody/tr[1]/td[10]/div/span/span[1]"}
COMMAND: POST /session/991ae7458a2fe82266d4f38354923d31/execute/sync - {"script":"<script> [56 bytes]","args":[{"element-6066-11e4-a52e-4f735466cecf":"f.E50BEB4A78466B534596A34F5FDA1F41.d.623194E7588D397EE4564F96FBF2BFD5.e.10981","ELEMENT":"f.E50BEB4A78466B534596A34F5FDA1F41.d.623194E7588D397EE4564F96FBF2BFD5.e.10981"}]}
RESULT: {}
RESULT: {"script":"<script> [56 bytes]","args":[{"element-6066-11e4-a52e-4f735466cecf":"f.E50BEB4A78466B534596A34F5FDA1F41.d.623194E7588D397EE4564F96FBF2BFD5.e.10981","ELEMENT":"f.E50BEB4A78466B534596A34F5FDA1F41.d.623194E7588D397EE4564F96FBF2BFD5.e.10981"}]}
COMMAND: POST /session/991ae7458a2fe82266d4f38354923d31/element - {"using":"xpath","value":"//table[contains(@id, \"massStateChangeTable-listUl\")]/tbody/tr[1]/td[11]/div/div/div/div[2]/span"}
COMMAND: GET /session/991ae7458a2fe82266d4f38354923d31/screenshot - {}
RESULT: {"using":"xpath","value":"//table[contains(@id, \"massStateChangeTable-listUl\")]/tbody/tr[1]/td[11]/div/div/div/div[2]/span"}
COMMAND: POST /session/991ae7458a2fe82266d4f38354923d31/element/f.E50BEB4A78466B534596A34F5FDA1F41.d.623194E7588D397EE4564F96FBF2BFD5.e.10982/click - {}
RESULT: {}
RESULT: {}
COMMAND: GET /session/991ae7458a2fe82266d4f38354923d31/screenshot - {}
RESULT: {}
COMMAND: POST /session/991ae7458a2fe82266d4f38354923d31/element - {"using":"xpath","value":"//table[contains(@id, \"massStateChangeTable-listUl\")]/tbody/tr[1]/td[11]/div/div/div/div[2]/span"}
RESULT: {"using":"xpath","value":"//table[contains(@id, \"massStateChangeTable-listUl\")]/tbody/tr[1]/td[11]/div/div/div/div[2]/span"}
COMMAND: POST /session/991ae7458a2fe82266d4f38354923d31/element/f.E50BEB4A78466B534596A34F5FDA1F41.d.623194E7588D397EE4564F96FBF2BFD5.e.10982/click - {}
RESULT: {}
COMMAND: GET /session/991ae7458a2fe82266d4f38354923d31/screenshot - {}
RESULT: {}
COMMAND: POST /session/991ae7458a2fe82266d4f38354923d31/element - {"using":"xpath","value":"//table[contains(@id, \"massStateChangeTable-listUl\")]/tbody/tr[1]/td[11]/div/div/div/div[2]/span"}
RESULT: {"using":"xpath","value":"//table[contains(@id, \"massStateChangeTable-listUl\")]/tbody/tr[1]/td[11]/div/div/div/div[2]/span"}
COMMAND: POST /session/991ae7458a2fe82266d4f38354923d31/element/f.E50BEB4A78466B534596A34F5FDA1F41.d.623194E7588D397EE4564F96FBF2BFD5.e.10982/click - {}
RESULT: {}
COMMAND: GET /session/991ae7458a2fe82266d4f38354923d31/screenshot - {}
RESULT: {}
COMMAND: POST /session/991ae7458a2fe82266d4f38354923d31/element - {"using":"xpath","value":"//table[contains(@id, \"massStateChangeTable-listUl\")]/tbody/tr[1]/td[11]/div/div/div/div[2]/span"}
RESULT: {"using":"xpath","value":"//table[contains(@id, \"massStateChangeTable-listUl\")]/tbody/tr[1]/td[11]/div/div/div/div[2]/span"}
COMMAND: POST /session/991ae7458a2fe82266d4f38354923d31/element/f.E50BEB4A78466B534596A34F5FDA1F41.d.623194E7588D397EE4564F96FBF2BFD5.e.10982/click - {}
RESULT: {}
COMMAND: GET /session/991ae7458a2fe82266d4f38354923d31/screenshot - {}
RESULT: {}
COMMAND: POST /session/991ae7458a2fe82266d4f38354923d31/element - {"using":"xpath","value":"//table[contains(@id, \"massStateChangeTable-listUl\")]/tbody/tr[1]/td[11]/div/div/div/div[2]/span"}
RESULT: {"using":"xpath","value":"//table[contains(@id, \"massStateChangeTable-listUl\")]/tbody/tr[1]/td[11]/div/div/div/div[2]/span"}
COMMAND: POST /session/991ae7458a2fe82266d4f38354923d31/element/f.E50BEB4A78466B534596A34F5FDA1F41.d.623194E7588D397EE4564F96FBF2BFD5.e.10982/click - {}
RESULT: {}
COMMAND: GET /session/991ae7458a2fe82266d4f38354923d31/screenshot - {}
RESULT: {}
COMMAND: POST /session/991ae7458a2fe82266d4f38354923d31/element - {"using":"xpath","value":"//table[contains(@id, \"massStateChangeTable-listUl\")]/tbody/tr[1]/td[11]/div/div/div/div[2]/span"}
RESULT: {"using":"xpath","value":"//table[contains(@id, \"massStateChangeTable-listUl\")]/tbody/tr[1]/td[11]/div/div/div/div[2]/span"}
COMMAND: POST /session/991ae7458a2fe82266d4f38354923d31/element/f.E50BEB4A78466B534596A34F5FDA1F41.d.623194E7588D397EE4564F96FBF2BFD5.e.10982/click - {}
RESULT: {}
COMMAND: GET /session/991ae7458a2fe82266d4f38354923d31/screenshot - {}
RESULT: {}
COMMAND: POST /session/991ae7458a2fe82266d4f38354923d31/element - {"using":"xpath","value":"//table[contains(@id, \"massStateChangeTable-listUl\")]/tbody/tr[1]/td[11]/div/div/div/div[2]/span"}
RESULT: {"using":"xpath","value":"//table[contains(@id, \"massStateChangeTable-listUl\")]/tbody/tr[1]/td[11]/div/div/div/div[2]/span"}
COMMAND: POST /session/991ae7458a2fe82266d4f38354923d31/element/f.E50BEB4A78466B534596A34F5FDA1F41.d.623194E7588D397EE4564F96FBF2BFD5.e.10982/click - {}
RESULT: {}
COMMAND: GET /session/991ae7458a2fe82266d4f38354923d31/screenshot - {}
RESULT: {}
COMMAND: POST /session/991ae7458a2fe82266d4f38354923d31/element - {"using":"xpath","value":"//table[contains(@id, \"massStateChangeTable-listUl\")]/tbody/tr[1]/td[11]/div/div/div/div[2]/span"}
RESULT: {"using":"xpath","value":"//table[contains(@id, \"massStateChangeTable-listUl\")]/tbody/tr[1]/td[11]/div/div/div/div[2]/span"}
COMMAND: POST /session/991ae7458a2fe82266d4f38354923d31/element/f.E50BEB4A78466B534596A34F5FDA1F41.d.623194E7588D397EE4564F96FBF2BFD5.e.10982/click - {}
RESULT: {}
COMMAND: GET /session/991ae7458a2fe82266d4f38354923d31/screenshot - {}
RESULT: {}
COMMAND: POST /session/991ae7458a2fe82266d4f38354923d31/element - {"using":"xpath","value":"//table[contains(@id, \"massStateChangeTable-listUl\")]/tbody/tr[1]/td[11]/div/div/div/div[2]/span"}
RESULT: {"using":"xpath","value":"//table[contains(@id, \"massStateChangeTable-listUl\")]/tbody/tr[1]/td[11]/div/div/div/div[2]/span"}
COMMAND: POST /session/991ae7458a2fe82266d4f38354923d31/element/f.E50BEB4A78466B534596A34F5FDA1F41.d.623194E7588D397EE4564F96FBF2BFD5.e.10982/click - {}
RESULT: {}
COMMAND: GET /session/991ae7458a2fe82266d4f38354923d31/screenshot - {}
RESULT: {}
COMMAND: POST /session/991ae7458a2fe82266d4f38354923d31/element - {"using":"xpath","value":"//table[contains(@id, \"massStateChangeTable-listUl\")]/tbody/tr[1]/td[11]/div/div/div/div[2]/span"}
RESULT: {"using":"xpath","value":"//table[contains(@id, \"massStateChangeTable-listUl\")]/tbody/tr[1]/td[11]/div/div/div/div[2]/span"}
COMMAND: POST /session/991ae7458a2fe82266d4f38354923d31/element/f.E50BEB4A78466B534596A34F5FDA1F41.d.623194E7588D397EE4564F96FBF2BFD5.e.10982/click - {}
RESULT: {}
COMMAND: GET /session/991ae7458a2fe82266d4f38354923d31/screenshot - {}
RESULT: {}
COMMAND: POST /session/991ae7458a2fe82266d4f38354923d31/element - {"using":"xpath","value":"//table[contains(@id, \"massStateChangeTable-listUl\")]/tbody/tr[1]/td[11]/div/div/div/div[2]/span"}
RESULT: {"using":"xpath","value":"//table[contains(@id, \"massStateChangeTable-listUl\")]/tbody/tr[1]/td[11]/div/div/div/div[2]/span"}
COMMAND: POST /session/991ae7458a2fe82266d4f38354923d31/element/f.E50BEB4A78466B534596A34F5FDA1F41.d.623194E7588D397EE4564F96FBF2BFD5.e.10982/click - {}
RESULT: {}
COMMAND: GET /session/991ae7458a2fe82266d4f38354923d31/screenshot - {}
RESULT: {}
COMMAND: POST /session/991ae7458a2fe82266d4f38354923d31/element - {"using":"xpath","value":"//table[contains(@id, \"massStateChangeTable-listUl\")]/tbody/tr[1]/td[11]/div/div/div/div[2]/span"}
RESULT: {"using":"xpath","value":"//table[contains(@id, \"massStateChangeTable-listUl\")]/tbody/tr[1]/td[11]/div/div/div/div[2]/span"}
COMMAND: POST /session/991ae7458a2fe82266d4f38354923d31/element/f.E50BEB4A78466B534596A34F5FDA1F41.d.623194E7588D397EE4564F96FBF2BFD5.e.10982/click - {}
RESULT: {}
COMMAND: GET /session/991ae7458a2fe82266d4f38354923d31/screenshot - {}
RESULT: {}
COMMAND: POST /session/991ae7458a2fe82266d4f38354923d31/element - {"using":"xpath","value":"//table[contains(@id, \"massStateChangeTable-listUl\")]/tbody/tr[1]/td[11]/div/div/div/div[2]/span"}
RESULT: {"using":"xpath","value":"//table[contains(@id, \"massStateChangeTable-listUl\")]/tbody/tr[1]/td[11]/div/div/div/div[2]/span"}
COMMAND: POST /session/991ae7458a2fe82266d4f38354923d31/element/f.E50BEB4A78466B534596A34F5FDA1F41.d.623194E7588D397EE4564F96FBF2BFD5.e.10982/click - {}
RESULT: {}
COMMAND: GET /session/991ae7458a2fe82266d4f38354923d31/screenshot - {}
RESULT: {}
COMMAND: POST /session/991ae7458a2fe82266d4f38354923d31/element - {"using":"xpath","value":"//table[contains(@id, \"massStateChangeTable-listUl\")]/tbody/tr[1]/td[11]/div/div/div/div[2]/span"}
RESULT: {"using":"xpath","value":"//table[contains(@id, \"massStateChangeTable-listUl\")]/tbody/tr[1]/td[11]/div/div/div/div[2]/span"}
COMMAND: POST /session/991ae7458a2fe82266d4f38354923d31/element/f.E50BEB4A78466B534596A34F5FDA1F41.d.623194E7588D397EE4564F96FBF2BFD5.e.10982/click - {}
RESULT: {}
COMMAND: GET /session/991ae7458a2fe82266d4f38354923d31/screenshot - {}
RESULT: {}
COMMAND: POST /session/991ae7458a2fe82266d4f38354923d31/element - {"using":"xpath","value":"//table[contains(@id, \"massStateChangeTable-listUl\")]/tbody/tr[1]/td[11]/div/div/div/div[2]/span"}
RESULT: {"using":"xpath","value":"//table[contains(@id, \"massStateChangeTable-listUl\")]/tbody/tr[1]/td[11]/div/div/div/div[2]/span"}
COMMAND: POST /session/991ae7458a2fe82266d4f38354923d31/element/f.E50BEB4A78466B534596A34F5FDA1F41.d.623194E7588D397EE4564F96FBF2BFD5.e.10982/click - {}
RESULT: {}
COMMAND: GET /session/991ae7458a2fe82266d4f38354923d31/screenshot - {}
RESULT: {}
COMMAND: POST /session/991ae7458a2fe82266d4f38354923d31/element - {"using":"xpath","value":"//table[contains(@id, \"massStateChangeTable-listUl\")]/tbody/tr[1]/td[11]/div/div/div/div[2]/span"}
RESULT: {"using":"xpath","value":"//table[contains(@id, \"massStateChangeTable-listUl\")]/tbody/tr[1]/td[11]/div/div/div/div[2]/span"}
COMMAND: POST /session/991ae7458a2fe82266d4f38354923d31/element/f.E50BEB4A78466B534596A34F5FDA1F41.d.623194E7588D397EE4564F96FBF2BFD5.e.10982/click - {}
RESULT: {}
COMMAND: GET /session/991ae7458a2fe82266d4f38354923d31/screenshot - {}
RESULT: {}
COMMAND: POST /session/991ae7458a2fe82266d4f38354923d31/element - {"using":"xpath","value":"//table[contains(@id, \"massStateChangeTable-listUl\")]/tbody/tr[1]/td[11]/div/div/div/div[2]/span"}
RESULT: {"using":"xpath","value":"//table[contains(@id, \"massStateChangeTable-listUl\")]/tbody/tr[1]/td[11]/div/div/div/div[2]/span"}
COMMAND: POST /session/991ae7458a2fe82266d4f38354923d31/element/f.E50BEB4A78466B534596A34F5FDA1F41.d.623194E7588D397EE4564F96FBF2BFD5.e.10982/click - {}
RESULT: {}
COMMAND: GET /session/991ae7458a2fe82266d4f38354923d31/screenshot - {}
RESULT: {}
COMMAND: POST /session/991ae7458a2fe82266d4f38354923d31/element - {"using":"xpath","value":"//table[contains(@id, \"massStateChangeTable-listUl\")]/tbody/tr[1]/td[11]/div/div/div/div[2]/span"}
RESULT: {"using":"xpath","value":"//table[contains(@id, \"massStateChangeTable-listUl\")]/tbody/tr[1]/td[11]/div/div/div/div[2]/span"}
COMMAND: POST /session/991ae7458a2fe82266d4f38354923d31/element/f.E50BEB4A78466B534596A34F5FDA1F41.d.623194E7588D397EE4564F96FBF2BFD5.e.10982/click - {}
RESULT: {}
COMMAND: GET /session/991ae7458a2fe82266d4f38354923d31/screenshot - {}
RESULT: {}
COMMAND: POST /session/991ae7458a2fe82266d4f38354923d31/element - {"using":"xpath","value":"//table[contains(@id, \"massStateChangeTable-listUl\")]/tbody/tr[1]/td[11]/div/div/div/div[2]/span"}
RESULT: {"using":"xpath","value":"//table[contains(@id, \"massStateChangeTable-listUl\")]/tbody/tr[1]/td[11]/div/div/div/div[2]/span"}
COMMAND: POST /session/991ae7458a2fe82266d4f38354923d31/element/f.E50BEB4A78466B534596A34F5FDA1F41.d.623194E7588D397EE4564F96FBF2BFD5.e.10982/click - {}
RESULT: {}
COMMAND: GET /session/991ae7458a2fe82266d4f38354923d31/screenshot - {}
RESULT: {}
COMMAND: POST /session/991ae7458a2fe82266d4f38354923d31/element - {"using":"xpath","value":"//table[contains(@id, \"massStateChangeTable-listUl\")]/tbody/tr[1]/td[11]/div/div/div/div[2]/span"}
RESULT: {"using":"xpath","value":"//table[contains(@id, \"massStateChangeTable-listUl\")]/tbody/tr[1]/td[11]/div/div/div/div[2]/span"}
COMMAND: POST /session/991ae7458a2fe82266d4f38354923d31/element/f.E50BEB4A78466B534596A34F5FDA1F41.d.623194E7588D397EE4564F96FBF2BFD5.e.10982/click - {}
RESULT: {}
COMMAND: GET /session/991ae7458a2fe82266d4f38354923d31/screenshot - {}
RESULT: {}
COMMAND: POST /session/991ae7458a2fe82266d4f38354923d31/element - {"using":"xpath","value":"//table[contains(@id, \"massStateChangeTable-listUl\")]/tbody/tr[1]/td[11]/div/div/div/div[2]/span"}
RESULT: {"using":"xpath","value":"//table[contains(@id, \"massStateChangeTable-listUl\")]/tbody/tr[1]/td[11]/div/div/div/div[2]/span"}
COMMAND: POST /session/991ae7458a2fe82266d4f38354923d31/element/f.E50BEB4A78466B534596A34F5FDA1F41.d.623194E7588D397EE4564F96FBF2BFD5.e.10982/click - {}
RESULT: {}
COMMAND: GET /session/991ae7458a2fe82266d4f38354923d31/screenshot - {}
RESULT: {}
COMMAND: POST /session/991ae7458a2fe82266d4f38354923d31/element - {"using":"xpath","value":"//table[contains(@id, \"massStateChangeTable-listUl\")]/tbody/tr[1]/td[11]/div/div/div/div[2]/span"}
RESULT: {"using":"xpath","value":"//table[contains(@id, \"massStateChangeTable-listUl\")]/tbody/tr[1]/td[11]/div/div/div/div[2]/span"}
COMMAND: POST /session/991ae7458a2fe82266d4f38354923d31/element/f.E50BEB4A78466B534596A34F5FDA1F41.d.623194E7588D397EE4564F96FBF2BFD5.e.10982/click - {}
RESULT: {}
COMMAND: GET /session/991ae7458a2fe82266d4f38354923d31/screenshot - {}
RESULT: {}
COMMAND: POST /session/991ae7458a2fe82266d4f38354923d31/element - {"using":"xpath","value":"//table[contains(@id, \"massStateChangeTable-listUl\")]/tbody/tr[1]/td[11]/div/div/div/div[2]/span"}
RESULT: {"using":"xpath","value":"//table[contains(@id, \"massStateChangeTable-listUl\")]/tbody/tr[1]/td[11]/div/div/div/div[2]/span"}
COMMAND: POST /session/991ae7458a2fe82266d4f38354923d31/element/f.E50BEB4A78466B534596A34F5FDA1F41.d.623194E7588D397EE4564F96FBF2BFD5.e.10982/click - {}
RESULT: {}
COMMAND: GET /session/991ae7458a2fe82266d4f38354923d31/screenshot - {}
RESULT: {}
COMMAND: POST /session/991ae7458a2fe82266d4f38354923d31/element - {"using":"xpath","value":"//table[contains(@id, \"massStateChangeTable-listUl\")]/tbody/tr[1]/td[11]/div/div/div/div[2]/span"}
RESULT: {"using":"xpath","value":"//table[contains(@id, \"massStateChangeTable-listUl\")]/tbody/tr[1]/td[11]/div/div/div/div[2]/span"}
COMMAND: POST /session/991ae7458a2fe82266d4f38354923d31/element/f.E50BEB4A78466B534596A34F5FDA1F41.d.623194E7588D397EE4564F96FBF2BFD5.e.10982/click - {}
RESULT: {}
COMMAND: GET /session/991ae7458a2fe82266d4f38354923d31/screenshot - {}
RESULT: {}
COMMAND: POST /session/991ae7458a2fe82266d4f38354923d31/element - {"using":"xpath","value":"//table[contains(@id, \"massStateChangeTable-listUl\")]/tbody/tr[1]/td[11]/div/div/div/div[2]/span"}
RESULT: {"using":"xpath","value":"//table[contains(@id, \"massStateChangeTable-listUl\")]/tbody/tr[1]/td[11]/div/div/div/div[2]/span"}
COMMAND: POST /session/991ae7458a2fe82266d4f38354923d31/element/f.E50BEB4A78466B534596A34F5FDA1F41.d.623194E7588D397EE4564F96FBF2BFD5.e.10982/click - {}
RESULT: {}
COMMAND: GET /session/991ae7458a2fe82266d4f38354923d31/screenshot - {}
RESULT: {}
COMMAND: POST /session/991ae7458a2fe82266d4f38354923d31/element - {"using":"xpath","value":"//table[contains(@id, \"massStateChangeTable-listUl\")]/tbody/tr[1]/td[11]/div/div/div/div[2]/span"}
RESULT: {"using":"xpath","value":"//table[contains(@id, \"massStateChangeTable-listUl\")]/tbody/tr[1]/td[11]/div/div/div/div[2]/span"}
COMMAND: POST /session/991ae7458a2fe82266d4f38354923d31/element/f.E50BEB4A78466B534596A34F5FDA1F41.d.623194E7588D397EE4564F96FBF2BFD5.e.10982/click - {}
RESULT: {}
COMMAND: GET /session/991ae7458a2fe82266d4f38354923d31/screenshot - {}
RESULT: {}
COMMAND: POST /session/991ae7458a2fe82266d4f38354923d31/element - {"using":"xpath","value":"//table[contains(@id, \"massStateChangeTable-listUl\")]/tbody/tr[1]/td[11]/div/div/div/div[2]/span"}
RESULT: {"using":"xpath","value":"//table[contains(@id, \"massStateChangeTable-listUl\")]/tbody/tr[1]/td[11]/div/div/div/div[2]/span"}
COMMAND: POST /session/991ae7458a2fe82266d4f38354923d31/element/f.E50BEB4A78466B534596A34F5FDA1F41.d.623194E7588D397EE4564F96FBF2BFD5.e.10982/click - {}
RESULT: {}
COMMAND: GET /session/991ae7458a2fe82266d4f38354923d31/screenshot - {}
RESULT: {}
COMMAND: POST /session/991ae7458a2fe82266d4f38354923d31/element - {"using":"xpath","value":"//table[contains(@id, \"massStateChangeTable-listUl\")]/tbody/tr[1]/td[11]/div/div/div/div[2]/span"}
RESULT: {"using":"xpath","value":"//table[contains(@id, \"massStateChangeTable-listUl\")]/tbody/tr[1]/td[11]/div/div/div/div[2]/span"}
COMMAND: POST /session/991ae7458a2fe82266d4f38354923d31/element/f.E50BEB4A78466B534596A34F5FDA1F41.d.623194E7588D397EE4564F96FBF2BFD5.e.10982/click - {}
RESULT: {}
COMMAND: GET /session/991ae7458a2fe82266d4f38354923d31/screenshot - {}
RESULT: {}
COMMAND: POST /session/991ae7458a2fe82266d4f38354923d31/element - {"using":"xpath","value":"//table[contains(@id, \"massStateChangeTable-listUl\")]/tbody/tr[1]/td[11]/div/div/div/div[2]/span"}
RESULT: {"using":"xpath","value":"//table[contains(@id, \"massStateChangeTable-listUl\")]/tbody/tr[1]/td[11]/div/div/div/div[2]/span"}
COMMAND: POST /session/991ae7458a2fe82266d4f38354923d31/element/f.E50BEB4A78466B534596A34F5FDA1F41.d.623194E7588D397EE4564F96FBF2BFD5.e.10982/click - {}
RESULT: {}
COMMAND: GET /session/991ae7458a2fe82266d4f38354923d31/screenshot - {}
RESULT: {}
COMMAND: POST /session/991ae7458a2fe82266d4f38354923d31/element - {"using":"xpath","value":"//table[contains(@id, \"massStateChangeTable-listUl\")]/tbody/tr[1]/td[11]/div/div/div/div[2]/span"}
RESULT: {"using":"xpath","value":"//table[contains(@id, \"massStateChangeTable-listUl\")]/tbody/tr[1]/td[11]/div/div/div/div[2]/span"}
COMMAND: POST /session/991ae7458a2fe82266d4f38354923d31/element/f.E50BEB4A78466B534596A34F5FDA1F41.d.623194E7588D397EE4564F96FBF2BFD5.e.10982/click - {}
RESULT: {}
COMMAND: GET /session/991ae7458a2fe82266d4f38354923d31/screenshot - {}
RESULT: {}
COMMAND: POST /session/991ae7458a2fe82266d4f38354923d31/element - {"using":"xpath","value":"//table[contains(@id, \"massStateChangeTable-listUl\")]/tbody/tr[1]/td[11]/div/div/div/div[2]/span"}
RESULT: {"using":"xpath","value":"//table[contains(@id, \"massStateChangeTable-listUl\")]/tbody/tr[1]/td[11]/div/div/div/div[2]/span"}
COMMAND: POST /session/991ae7458a2fe82266d4f38354923d31/element/f.E50BEB4A78466B534596A34F5FDA1F41.d.623194E7588D397EE4564F96FBF2BFD5.e.10982/click - {}
RESULT: {}
COMMAND: GET /session/991ae7458a2fe82266d4f38354923d31/screenshot - {}
RESULT: {}
COMMAND: POST /session/991ae7458a2fe82266d4f38354923d31/element - {"using":"xpath","value":"//table[contains(@id, \"massStateChangeTable-listUl\")]/tbody/tr[1]/td[11]/div/div/div/div[2]/span"}
RESULT: {"using":"xpath","value":"//table[contains(@id, \"massStateChangeTable-listUl\")]/tbody/tr[1]/td[11]/div/div/div/div[2]/span"}
COMMAND: POST /session/991ae7458a2fe82266d4f38354923d31/element/f.E50BEB4A78466B534596A34F5FDA1F41.d.623194E7588D397EE4564F96FBF2BFD5.e.10982/click - {}
RESULT: {}
COMMAND: GET /session/991ae7458a2fe82266d4f38354923d31/screenshot - {}
RESULT: {}
COMMAND: POST /session/991ae7458a2fe82266d4f38354923d31/element - {"using":"xpath","value":"//table[contains(@id, \"massStateChangeTable-listUl\")]/tbody/tr[1]/td[11]/div/div/div/div[2]/span"}
RESULT: {"using":"xpath","value":"//table[contains(@id, \"massStateChangeTable-listUl\")]/tbody/tr[1]/td[11]/div/div/div/div[2]/span"}
COMMAND: POST /session/991ae7458a2fe82266d4f38354923d31/element/f.E50BEB4A78466B534596A34F5FDA1F41.d.623194E7588D397EE4564F96FBF2BFD5.e.10982/click - {}
RESULT: {}
COMMAND: GET /session/991ae7458a2fe82266d4f38354923d31/screenshot - {}
RESULT: {}
COMMAND: POST /session/991ae7458a2fe82266d4f38354923d31/element - {"using":"xpath","value":"//table[contains(@id, \"massStateChangeTable-listUl\")]/tbody/tr[1]/td[11]/div/div/div/div[2]/span"}
RESULT: {"using":"xpath","value":"//table[contains(@id, \"massStateChangeTable-listUl\")]/tbody/tr[1]/td[11]/div/div/div/div[2]/span"}
COMMAND: POST /session/991ae7458a2fe82266d4f38354923d31/element/f.E50BEB4A78466B534596A34F5FDA1F41.d.623194E7588D397EE4564F96FBF2BFD5.e.10982/click - {}
RESULT: {}
COMMAND: GET /session/991ae7458a2fe82266d4f38354923d31/screenshot - {}
RESULT: {}
COMMAND: POST /session/991ae7458a2fe82266d4f38354923d31/element - {"using":"xpath","value":"//table[contains(@id, \"massStateChangeTable-listUl\")]/tbody/tr[1]/td[11]/div/div/div/div[2]/span"}
RESULT: {"using":"xpath","value":"//table[contains(@id, \"massStateChangeTable-listUl\")]/tbody/tr[1]/td[11]/div/div/div/div[2]/span"}
COMMAND: POST /session/991ae7458a2fe82266d4f38354923d31/element/f.E50BEB4A78466B534596A34F5FDA1F41.d.623194E7588D397EE4564F96FBF2BFD5.e.10982/click - {}
RESULT: {}
COMMAND: GET /session/991ae7458a2fe82266d4f38354923d31/screenshot - {}
RESULT: {}
COMMAND: POST /session/991ae7458a2fe82266d4f38354923d31/element - {"using":"xpath","value":"//table[contains(@id, \"massStateChangeTable-listUl\")]/tbody/tr[1]/td[11]/div/div/div/div[2]/span"}
RESULT: {"using":"xpath","value":"//table[contains(@id, \"massStateChangeTable-listUl\")]/tbody/tr[1]/td[11]/div/div/div/div[2]/span"}
COMMAND: POST /session/991ae7458a2fe82266d4f38354923d31/element/f.E50BEB4A78466B534596A34F5FDA1F41.d.623194E7588D397EE4564F96FBF2BFD5.e.10982/click - {}
RESULT: {}
COMMAND: GET /session/991ae7458a2fe82266d4f38354923d31/screenshot - {}
RESULT: {}
COMMAND: POST /session/991ae7458a2fe82266d4f38354923d31/element - {"using":"xpath","value":"//table[contains(@id, \"massStateChangeTable-listUl\")]/tbody/tr[1]/td[11]/div/div/div/div[2]/span"}
RESULT: {"using":"xpath","value":"//table[contains(@id, \"massStateChangeTable-listUl\")]/tbody/tr[1]/td[11]/div/div/div/div[2]/span"}
COMMAND: POST /session/991ae7458a2fe82266d4f38354923d31/element/f.E50BEB4A78466B534596A34F5FDA1F41.d.623194E7588D397EE4564F96FBF2BFD5.e.10982/click - {}
RESULT: {}
COMMAND: GET /session/991ae7458a2fe82266d4f38354923d31/screenshot - {}
RESULT: {}
COMMAND: POST /session/991ae7458a2fe82266d4f38354923d31/element - {"using":"xpath","value":"//table[contains(@id, \"massStateChangeTable-listUl\")]/tbody/tr[1]/td[11]/div/div/div/div[2]/span"}
RESULT: {"using":"xpath","value":"//table[contains(@id, \"massStateChangeTable-listUl\")]/tbody/tr[1]/td[11]/div/div/div/div[2]/span"}
COMMAND: POST /session/991ae7458a2fe82266d4f38354923d31/element/f.E50BEB4A78466B534596A34F5FDA1F41.d.623194E7588D397EE4564F96FBF2BFD5.e.10982/click - {}
RESULT: {}
COMMAND: GET /session/991ae7458a2fe82266d4f38354923d31/screenshot - {}
RESULT: {}
COMMAND: POST /session/991ae7458a2fe82266d4f38354923d31/element - {"using":"xpath","value":"//table[contains(@id, \"massStateChangeTable-listUl\")]/tbody/tr[1]/td[11]/div/div/div/div[2]/span"}
RESULT: {"using":"xpath","value":"//table[contains(@id, \"massStateChangeTable-listUl\")]/tbody/tr[1]/td[11]/div/div/div/div[2]/span"}
COMMAND: POST /session/991ae7458a2fe82266d4f38354923d31/element/f.E50BEB4A78466B534596A34F5FDA1F41.d.623194E7588D397EE4564F96FBF2BFD5.e.10982/click - {}
RESULT: {}
COMMAND: GET /session/991ae7458a2fe82266d4f38354923d31/screenshot - {}
RESULT: {}
COMMAND: POST /session/991ae7458a2fe82266d4f38354923d31/element - {"using":"xpath","value":"//table[contains(@id, \"massStateChangeTable-listUl\")]/tbody/tr[1]/td[11]/div/div/div/div[2]/span"}
RESULT: {"using":"xpath","value":"//table[contains(@id, \"massStateChangeTable-listUl\")]/tbody/tr[1]/td[11]/div/div/div/div[2]/span"}
COMMAND: POST /session/991ae7458a2fe82266d4f38354923d31/element/f.E50BEB4A78466B534596A34F5FDA1F41.d.623194E7588D397EE4564F96FBF2BFD5.e.10982/click - {}
RESULT: {}
COMMAND: GET /session/991ae7458a2fe82266d4f38354923d31/screenshot - {}
RESULT: {}
COMMAND: POST /session/991ae7458a2fe82266d4f38354923d31/element - {"using":"xpath","value":"//table[contains(@id, \"massStateChangeTable-listUl\")]/tbody/tr[1]/td[11]/div/div/div/div[2]/span"}
RESULT: {"using":"xpath","value":"//table[contains(@id, \"massStateChangeTable-listUl\")]/tbody/tr[1]/td[11]/div/div/div/div[2]/span"}
COMMAND: POST /session/991ae7458a2fe82266d4f38354923d31/element/f.E50BEB4A78466B534596A34F5FDA1F41.d.623194E7588D397EE4564F96FBF2BFD5.e.10982/click - {}
RESULT: {}
COMMAND: GET /session/991ae7458a2fe82266d4f38354923d31/screenshot - {}
RESULT: {}
COMMAND: POST /session/991ae7458a2fe82266d4f38354923d31/element - {"using":"xpath","value":"//table[contains(@id, \"massStateChangeTable-listUl\")]/tbody/tr[1]/td[11]/div/div/div/div[2]/span"}
RESULT: {"using":"xpath","value":"//table[contains(@id, \"massStateChangeTable-listUl\")]/tbody/tr[1]/td[11]/div/div/div/div[2]/span"}
COMMAND: POST /session/991ae7458a2fe82266d4f38354923d31/element/f.E50BEB4A78466B534596A34F5FDA1F41.d.623194E7588D397EE4564F96FBF2BFD5.e.10982/click - {}
RESULT: {}
COMMAND: GET /session/991ae7458a2fe82266d4f38354923d31/screenshot - {}
RESULT: {}
COMMAND: POST /session/991ae7458a2fe82266d4f38354923d31/element - {"using":"xpath","value":"//table[contains(@id, \"massStateChangeTable-listUl\")]/tbody/tr[1]/td[11]/div/div/div/div[2]/span"}
RESULT: {"using":"xpath","value":"//table[contains(@id, \"massStateChangeTable-listUl\")]/tbody/tr[1]/td[11]/div/div/div/div[2]/span"}
COMMAND: POST /session/991ae7458a2fe82266d4f38354923d31/element/f.E50BEB4A78466B534596A34F5FDA1F41.d.623194E7588D397EE4564F96FBF2BFD5.e.10982/click - {}
RESULT: {}
COMMAND: GET /session/991ae7458a2fe82266d4f38354923d31/screenshot - {}
RESULT: {}
COMMAND: POST /session/991ae7458a2fe82266d4f38354923d31/element - {"using":"xpath","value":"//table[contains(@id, \"massStateChangeTable-listUl\")]/tbody/tr[1]/td[11]/div/div/div/div[2]/span"}
RESULT: {"using":"xpath","value":"//table[contains(@id, \"massStateChangeTable-listUl\")]/tbody/tr[1]/td[11]/div/div/div/div[2]/span"}
COMMAND: POST /session/991ae7458a2fe82266d4f38354923d31/element/f.E50BEB4A78466B534596A34F5FDA1F41.d.623194E7588D397EE4564F96FBF2BFD5.e.10982/click - {}
RESULT: {}
COMMAND: GET /session/991ae7458a2fe82266d4f38354923d31/screenshot - {}
RESULT: {}
COMMAND: POST /session/991ae7458a2fe82266d4f38354923d31/element - {"using":"xpath","value":"//table[contains(@id, \"massStateChangeTable-listUl\")]/tbody/tr[1]/td[11]/div/div/div/div[2]/span"}
RESULT: {"using":"xpath","value":"//table[contains(@id, \"massStateChangeTable-listUl\")]/tbody/tr[1]/td[11]/div/div/div/div[2]/span"}
COMMAND: POST /session/991ae7458a2fe82266d4f38354923d31/element/f.E50BEB4A78466B534596A34F5FDA1F41.d.623194E7588D397EE4564F96FBF2BFD5.e.10982/click - {}
RESULT: {}
COMMAND: GET /session/991ae7458a2fe82266d4f38354923d31/screenshot - {}
RESULT: {}
COMMAND: POST /session/991ae7458a2fe82266d4f38354923d31/element - {"using":"xpath","value":"//table[contains(@id, \"massStateChangeTable-listUl\")]/tbody/tr[1]/td[11]/div/div/div/div[2]/span"}
RESULT: {"using":"xpath","value":"//table[contains(@id, \"massStateChangeTable-listUl\")]/tbody/tr[1]/td[11]/div/div/div/div[2]/span"}
COMMAND: POST /session/991ae7458a2fe82266d4f38354923d31/element/f.E50BEB4A78466B534596A34F5FDA1F41.d.623194E7588D397EE4564F96FBF2BFD5.e.10982/click - {}
RESULT: {}
COMMAND: GET /session/991ae7458a2fe82266d4f38354923d31/screenshot - {}
RESULT: {}
COMMAND: POST /session/991ae7458a2fe82266d4f38354923d31/element - {"using":"xpath","value":"//table[contains(@id, \"massStateChangeTable-listUl\")]/tbody/tr[1]/td[11]/div/div/div/div[2]/span"}
RESULT: {"using":"xpath","value":"//table[contains(@id, \"massStateChangeTable-listUl\")]/tbody/tr[1]/td[11]/div/div/div/div[2]/span"}
COMMAND: POST /session/991ae7458a2fe82266d4f38354923d31/element/f.E50BEB4A78466B534596A34F5FDA1F41.d.623194E7588D397EE4564F96FBF2BFD5.e.10982/click - {}
RESULT: {}
COMMAND: GET /session/991ae7458a2fe82266d4f38354923d31/screenshot - {}
RESULT: {}
COMMAND: POST /session/991ae7458a2fe82266d4f38354923d31/element - {"using":"xpath","value":"//table[contains(@id, \"massStateChangeTable-listUl\")]/tbody/tr[1]/td[11]/div/div/div/div[2]/span"}
RESULT: {"using":"xpath","value":"//table[contains(@id, \"massStateChangeTable-listUl\")]/tbody/tr[1]/td[11]/div/div/div/div[2]/span"}
COMMAND: POST /session/991ae7458a2fe82266d4f38354923d31/element/f.E50BEB4A78466B534596A34F5FDA1F41.d.623194E7588D397EE4564F96FBF2BFD5.e.10982/click - {}
RESULT: {}
COMMAND: GET /session/991ae7458a2fe82266d4f38354923d31/screenshot - {}
RESULT: {}
COMMAND: POST /session/991ae7458a2fe82266d4f38354923d31/element - {"using":"xpath","value":"//table[contains(@id, \"massStateChangeTable-listUl\")]/tbody/tr[1]/td[11]/div/div/div/div[2]/span"}
RESULT: {"using":"xpath","value":"//table[contains(@id, \"massStateChangeTable-listUl\")]/tbody/tr[1]/td[11]/div/div/div/div[2]/span"}
COMMAND: POST /session/991ae7458a2fe82266d4f38354923d31/element/f.E50BEB4A78466B534596A34F5FDA1F41.d.623194E7588D397EE4564F96FBF2BFD5.e.10982/click - {}
RESULT: {}
COMMAND: GET /session/991ae7458a2fe82266d4f38354923d31/screenshot - {}
RESULT: {}
COMMAND: POST /session/991ae7458a2fe82266d4f38354923d31/element - {"using":"xpath","value":"//table[contains(@id, \"massStateChangeTable-listUl\")]/tbody/tr[1]/td[11]/div/div/div/div[2]/span"}
RESULT: {"using":"xpath","value":"//table[contains(@id, \"massStateChangeTable-listUl\")]/tbody/tr[1]/td[11]/div/div/div/div[2]/span"}
COMMAND: POST /session/991ae7458a2fe82266d4f38354923d31/element/f.E50BEB4A78466B534596A34F5FDA1F41.d.623194E7588D397EE4564F96FBF2BFD5.e.10982/click - {}
RESULT: {}
COMMAND: GET /session/991ae7458a2fe82266d4f38354923d31/screenshot - {}
RESULT: {}
COMMAND: POST /session/991ae7458a2fe82266d4f38354923d31/element - {"using":"xpath","value":"//table[contains(@id, \"massStateChangeTable-listUl\")]/tbody/tr[2]/td[11]/div/div/div/div[2]/span"}
RESULT: {"using":"xpath","value":"//table[contains(@id, \"massStateChangeTable-listUl\")]/tbody/tr[2]/td[11]/div/div/div/div[2]/span"}
COMMAND: POST /session/991ae7458a2fe82266d4f38354923d31/element/f.E50BEB4A78466B534596A34F5FDA1F41.d.623194E7588D397EE4564F96FBF2BFD5.e.10983/click - {}
RESULT: {}
COMMAND: GET /session/991ae7458a2fe82266d4f38354923d31/screenshot - {}
RESULT: {}
COMMAND: POST /session/991ae7458a2fe82266d4f38354923d31/element - {"using":"xpath","value":"//table[contains(@id, \"massStateChangeTable-listUl\")]/tbody/tr[1]/td[11]/div/div/div/input"}
RESULT: {"using":"xpath","value":"//table[contains(@id, \"massStateChangeTable-listUl\")]/tbody/tr[1]/td[11]/div/div/div/input"}
COMMAND: GET /session/991ae7458a2fe82266d4f38354923d31/element/f.E50BEB4A78466B534596A34F5FDA1F41.d.623194E7588D397EE4564F96FBF2BFD5.e.10961/property/value - {}
RESULT: {}
COMMAND: POST /session/991ae7458a2fe82266d4f38354923d31/element - {"using":"xpath","value":"//table[contains(@id, \"massStateChangeTable-listUl\")]/tbody/tr[2]/td[11]/div/div/div/input"}
COMMAND: GET /session/991ae7458a2fe82266d4f38354923d31/screenshot - {}
RESULT: {"using":"xpath","value":"//table[contains(@id, \"massStateChangeTable-listUl\")]/tbody/tr[2]/td[11]/div/div/div/input"}
COMMAND: GET /session/991ae7458a2fe82266d4f38354923d31/element/f.E50BEB4A78466B534596A34F5FDA1F41.d.623194E7588D397EE4564F96FBF2BFD5.e.10965/property/value - {}
RESULT: {}
RESULT: {}
COMMAND: POST /session/991ae7458a2fe82266d4f38354923d31/element - {"using":"xpath","value":"(//bdi[contains(text(), \"OK\")])[1]"}
COMMAND: GET /session/991ae7458a2fe82266d4f38354923d31/screenshot - {}
RESULT: {"using":"xpath","value":"(//bdi[contains(text(), \"OK\")])[1]"}
COMMAND: POST /session/991ae7458a2fe82266d4f38354923d31/element/f.E50BEB4A78466B534596A34F5FDA1F41.d.623194E7588D397EE4564F96FBF2BFD5.e.10969/click - {}
RESULT: {}
RESULT: {}
COMMAND: GET /session/991ae7458a2fe82266d4f38354923d31/screenshot - {}
RESULT: {}
COMMAND: POST /session/991ae7458a2fe82266d4f38354923d31/element - {"using":"xpath","value":"(//bdi[contains(text(), \"OK\")])[2]"}
RESULT: {"using":"xpath","value":"(//bdi[contains(text(), \"OK\")])[2]"}
COMMAND: POST /session/991ae7458a2fe82266d4f38354923d31/element/f.E50BEB4A78466B534596A34F5FDA1F41.d.623194E7588D397EE4564F96FBF2BFD5.e.10986/click - {}
RESULT: {}
COMMAND: GET /session/991ae7458a2fe82266d4f38354923d31/screenshot - {}
RESULT: {}
RESULT: undefined
COMMAND: POST /session/991ae7458a2fe82266d4f38354923d31/execute/async - {"script":"<script> [776 bytes]","args":[{"enterText":"600002","selector":{"id":"application-ruinventorylist-display-component---Master--smartFilterBar-btnBasicSearch","interaction":{"idSuffix":"I"}},"clearTextFirst":true,"interactionType":"ENTER_TEXT"}]}
RESULT: {"script":"<script> [776 bytes]","args":[{"enterText":"600002","selector":{"id":"application-ruinventorylist-display-component---Master--smartFilterBar-btnBasicSearch","interaction":{"idSuffix":"I"}},"clearTextFirst":true,"interactionType":"ENTER_TEXT"}]}
COMMAND: POST /session/991ae7458a2fe82266d4f38354923d31/actions - {"actions":[{"id":"action31","type":"key","parameters":{},"actions":[{"type":"keyDown","value":"î€‡"},{"type":"pause","duration":10},{"type":"keyUp","value":"î€‡"}]}]}
RESULT: {"actions":[{"id":"action31","type":"key","parameters":{},"actions":[{"type":"keyDown","value":"î€‡"},{"type":"pause","duration":10},{"type":"keyUp","value":"î€‡"}]}]}
COMMAND: GET /session/991ae7458a2fe82266d4f38354923d31/screenshot - {}
RESULT: {}
COMMAND: POST /session/991ae7458a2fe82266d4f38354923d31/element - {"using":"xpath","value":"//span[@id=\"application-ruinventorylist-display-component---Master--smartTableRuInventoryList-header-inner\"]"}
RESULT: {"using":"xpath","value":"//span[@id=\"application-ruinventorylist-display-component---Master--smartTableRuInventoryList-header-inner\"]"}
COMMAND: POST /session/991ae7458a2fe82266d4f38354923d31/elements - {"using":"xpath","value":"//span[@id=\"application-ruinventorylist-display-component---Master--smartTableRuInventoryList-header-inner\"]"}
RESULT: {"using":"xpath","value":"//span[@id=\"application-ruinventorylist-display-component---Master--smartTableRuInventoryList-header-inner\"]"}
COMMAND: POST /session/991ae7458a2fe82266d4f38354923d31/execute/sync - {"script":"<script> [56 bytes]","args":[{"element-6066-11e4-a52e-4f735466cecf":"f.E50BEB4A78466B534596A34F5FDA1F41.d.623194E7588D397EE4564F96FBF2BFD5.e.10677","ELEMENT":"f.E50BEB4A78466B534596A34F5FDA1F41.d.623194E7588D397EE4564F96FBF2BFD5.e.10677"}]}
RESULT: {"script":"<script> [56 bytes]","args":[{"element-6066-11e4-a52e-4f735466cecf":"f.E50BEB4A78466B534596A34F5FDA1F41.d.623194E7588D397EE4564F96FBF2BFD5.e.10677","ELEMENT":"f.E50BEB4A78466B534596A34F5FDA1F41.d.623194E7588D397EE4564F96FBF2BFD5.e.10677"}]}
COMMAND: POST /session/991ae7458a2fe82266d4f38354923d31/element - {"using":"xpath","value":"//table[contains(@id, \"application-ruinventorylist-display-component---Master--tableRuInventoryList-listUl\")]/tbody/tr[1]/td[6]/div/span"}
COMMAND: GET /session/991ae7458a2fe82266d4f38354923d31/screenshot - {}
RESULT: {"using":"xpath","value":"//table[contains(@id, \"application-ruinventorylist-display-component---Master--tableRuInventoryList-listUl\")]/tbody/tr[1]/td[6]/div/span"}
COMMAND: POST /session/991ae7458a2fe82266d4f38354923d31/execute/sync - {"script":"<script> [56 bytes]","args":[{"element-6066-11e4-a52e-4f735466cecf":"f.E50BEB4A78466B534596A34F5FDA1F41.d.623194E7588D397EE4564F96FBF2BFD5.e.11003","ELEMENT":"f.E50BEB4A78466B534596A34F5FDA1F41.d.623194E7588D397EE4564F96FBF2BFD5.e.11003"}]}
RESULT: {}
RESULT: {"script":"<script> [56 bytes]","args":[{"element-6066-11e4-a52e-4f735466cecf":"f.E50BEB4A78466B534596A34F5FDA1F41.d.623194E7588D397EE4564F96FBF2BFD5.e.11003","ELEMENT":"f.E50BEB4A78466B534596A34F5FDA1F41.d.623194E7588D397EE4564F96FBF2BFD5.e.11003"}]}
COMMAND: POST /session/991ae7458a2fe82266d4f38354923d31/element - {"using":"xpath","value":"//div[contains(@id, \"smartFilterBar-btnBasicSearch-reset\")]"}
COMMAND: GET /session/991ae7458a2fe82266d4f38354923d31/screenshot - {}
RESULT: {"using":"xpath","value":"//div[contains(@id, \"smartFilterBar-btnBasicSearch-reset\")]"}
COMMAND: POST /session/991ae7458a2fe82266d4f38354923d31/element/f.E50BEB4A78466B534596A34F5FDA1F41.d.623194E7588D397EE4564F96FBF2BFD5.e.10692/click - {}
RESULT: {}
RESULT: {}
COMMAND: GET /session/991ae7458a2fe82266d4f38354923d31/screenshot - {}
RESULT: {}
RESULT: undefined
COMMAND: POST /session/991ae7458a2fe82266d4f38354923d31/execute/async - {"script":"<script> [776 bytes]","args":[{"enterText":"401002","selector":{"id":"application-ruinventorylist-display-component---Master--smartFilterBar-btnBasicSearch","interaction":{"idSuffix":"I"}},"clearTextFirst":true,"interactionType":"ENTER_TEXT"}]}
RESULT: {"script":"<script> [776 bytes]","args":[{"enterText":"401002","selector":{"id":"application-ruinventorylist-display-component---Master--smartFilterBar-btnBasicSearch","interaction":{"idSuffix":"I"}},"clearTextFirst":true,"interactionType":"ENTER_TEXT"}]}
COMMAND: POST /session/991ae7458a2fe82266d4f38354923d31/actions - {"actions":[{"id":"action32","type":"key","parameters":{},"actions":[{"type":"keyDown","value":"î€‡"},{"type":"pause","duration":10},{"type":"keyUp","value":"î€‡"}]}]}
RESULT: {"actions":[{"id":"action32","type":"key","parameters":{},"actions":[{"type":"keyDown","value":"î€‡"},{"type":"pause","duration":10},{"type":"keyUp","value":"î€‡"}]}]}
COMMAND: GET /session/991ae7458a2fe82266d4f38354923d31/screenshot - {}
RESULT: {}
COMMAND: POST /session/991ae7458a2fe82266d4f38354923d31/element - {"using":"xpath","value":"//span[@id=\"application-ruinventorylist-display-component---Master--smartTableRuInventoryList-header-inner\"]"}
RESULT: {"using":"xpath","value":"//span[@id=\"application-ruinventorylist-display-component---Master--smartTableRuInventoryList-header-inner\"]"}
COMMAND: POST /session/991ae7458a2fe82266d4f38354923d31/elements - {"using":"xpath","value":"//span[@id=\"application-ruinventorylist-display-component---Master--smartTableRuInventoryList-header-inner\"]"}
RESULT: {"using":"xpath","value":"//span[@id=\"application-ruinventorylist-display-component---Master--smartTableRuInventoryList-header-inner\"]"}
COMMAND: POST /session/991ae7458a2fe82266d4f38354923d31/execute/sync - {"script":"<script> [56 bytes]","args":[{"element-6066-11e4-a52e-4f735466cecf":"f.E50BEB4A78466B534596A34F5FDA1F41.d.623194E7588D397EE4564F96FBF2BFD5.e.10677","ELEMENT":"f.E50BEB4A78466B534596A34F5FDA1F41.d.623194E7588D397EE4564F96FBF2BFD5.e.10677"}]}
RESULT: {"script":"<script> [56 bytes]","args":[{"element-6066-11e4-a52e-4f735466cecf":"f.E50BEB4A78466B534596A34F5FDA1F41.d.623194E7588D397EE4564F96FBF2BFD5.e.10677","ELEMENT":"f.E50BEB4A78466B534596A34F5FDA1F41.d.623194E7588D397EE4564F96FBF2BFD5.e.10677"}]}
COMMAND: POST /session/991ae7458a2fe82266d4f38354923d31/element - {"using":"xpath","value":"//table[contains(@id, \"application-ruinventorylist-display-component---Master--tableRuInventoryList-listUl\")]/tbody/tr[1]/td[6]/div/span"}
COMMAND: GET /session/991ae7458a2fe82266d4f38354923d31/screenshot - {}
RESULT: {"using":"xpath","value":"//table[contains(@id, \"application-ruinventorylist-display-component---Master--tableRuInventoryList-listUl\")]/tbody/tr[1]/td[6]/div/span"}
COMMAND: POST /session/991ae7458a2fe82266d4f38354923d31/execute/sync - {"script":"<script> [56 bytes]","args":[{"element-6066-11e4-a52e-4f735466cecf":"f.E50BEB4A78466B534596A34F5FDA1F41.d.623194E7588D397EE4564F96FBF2BFD5.e.11082","ELEMENT":"f.E50BEB4A78466B534596A34F5FDA1F41.d.623194E7588D397EE4564F96FBF2BFD5.e.11082"}]}
RESULT: {}
RESULT: {"script":"<script> [56 bytes]","args":[{"element-6066-11e4-a52e-4f735466cecf":"f.E50BEB4A78466B534596A34F5FDA1F41.d.623194E7588D397EE4564F96FBF2BFD5.e.11082","ELEMENT":"f.E50BEB4A78466B534596A34F5FDA1F41.d.623194E7588D397EE4564F96FBF2BFD5.e.11082"}]}
COMMAND: POST /session/991ae7458a2fe82266d4f38354923d31/element - {"using":"xpath","value":"//div[contains(@id, \"smartFilterBar-btnBasicSearch-reset\")]"}
COMMAND: GET /session/991ae7458a2fe82266d4f38354923d31/screenshot - {}
RESULT: {"using":"xpath","value":"//div[contains(@id, \"smartFilterBar-btnBasicSearch-reset\")]"}
COMMAND: POST /session/991ae7458a2fe82266d4f38354923d31/element/f.E50BEB4A78466B534596A34F5FDA1F41.d.623194E7588D397EE4564F96FBF2BFD5.e.10692/click - {}
RESULT: {}
RESULT: {}
COMMAND: GET /session/991ae7458a2fe82266d4f38354923d31/screenshot - {}
RESULT: {}
COMMAND: POST /session/991ae7458a2fe82266d4f38354923d31/element/f.E50BEB4A78466B534596A34F5FDA1F41.d.623194E7588D397EE4564F96FBF2BFD5.e.10220/click - {}
RESULT: {}
COMMAND: GET /session/991ae7458a2fe82266d4f38354923d31/screenshot - {}
RESULT: {}
RESULT: undefined
COMMAND: POST /session/991ae7458a2fe82266d4f38354923d31/execute/async - {"script":"<script> [776 bytes]","args":[{"enterText":"600002","selector":{"id":"application-ruinventorylist-display-component---Master--smartFilterBar-btnBasicSearch","interaction":{"idSuffix":"I"}},"clearTextFirst":true,"interactionType":"ENTER_TEXT"}]}
RESULT: {"script":"<script> [776 bytes]","args":[{"enterText":"600002","selector":{"id":"application-ruinventorylist-display-component---Master--smartFilterBar-btnBasicSearch","interaction":{"idSuffix":"I"}},"clearTextFirst":true,"interactionType":"ENTER_TEXT"}]}
COMMAND: POST /session/991ae7458a2fe82266d4f38354923d31/actions - {"actions":[{"id":"action33","type":"key","parameters":{},"actions":[{"type":"keyDown","value":"î€‡"},{"type":"pause","duration":10},{"type":"keyUp","value":"î€‡"}]}]}
RESULT: {"actions":[{"id":"action33","type":"key","parameters":{},"actions":[{"type":"keyDown","value":"î€‡"},{"type":"pause","duration":10},{"type":"keyUp","value":"î€‡"}]}]}
COMMAND: GET /session/991ae7458a2fe82266d4f38354923d31/screenshot - {}
RESULT: {}
COMMAND: POST /session/991ae7458a2fe82266d4f38354923d31/element - {"using":"xpath","value":"//span[@id=\"application-ruinventorylist-display-component---Master--smartTableRuInventoryList-header-inner\"]"}
RESULT: {"using":"xpath","value":"//span[@id=\"application-ruinventorylist-display-component---Master--smartTableRuInventoryList-header-inner\"]"}
COMMAND: POST /session/991ae7458a2fe82266d4f38354923d31/elements - {"using":"xpath","value":"//span[@id=\"application-ruinventorylist-display-component---Master--smartTableRuInventoryList-header-inner\"]"}
RESULT: {"using":"xpath","value":"//span[@id=\"application-ruinventorylist-display-component---Master--smartTableRuInventoryList-header-inner\"]"}
COMMAND: POST /session/991ae7458a2fe82266d4f38354923d31/execute/sync - {"script":"<script> [56 bytes]","args":[{"element-6066-11e4-a52e-4f735466cecf":"f.E50BEB4A78466B534596A34F5FDA1F41.d.623194E7588D397EE4564F96FBF2BFD5.e.10677","ELEMENT":"f.E50BEB4A78466B534596A34F5FDA1F41.d.623194E7588D397EE4564F96FBF2BFD5.e.10677"}]}
RESULT: {"script":"<script> [56 bytes]","args":[{"element-6066-11e4-a52e-4f735466cecf":"f.E50BEB4A78466B534596A34F5FDA1F41.d.623194E7588D397EE4564F96FBF2BFD5.e.10677","ELEMENT":"f.E50BEB4A78466B534596A34F5FDA1F41.d.623194E7588D397EE4564F96FBF2BFD5.e.10677"}]}
COMMAND: POST /session/991ae7458a2fe82266d4f38354923d31/element - {"using":"xpath","value":"//table[contains(@id, \"application-ruinventorylist-display-component---Master--tableRuInventoryList-listUl\")]/tbody/tr[1]/td[2]/div/div"}
COMMAND: GET /session/991ae7458a2fe82266d4f38354923d31/screenshot - {}
RESULT: {"using":"xpath","value":"//table[contains(@id, \"application-ruinventorylist-display-component---Master--tableRuInventoryList-listUl\")]/tbody/tr[1]/td[2]/div/div"}
COMMAND: POST /session/991ae7458a2fe82266d4f38354923d31/element/f.E50BEB4A78466B534596A34F5FDA1F41.d.623194E7588D397EE4564F96FBF2BFD5.e.11324/click - {}
RESULT: {}
RESULT: {}
COMMAND: GET /session/991ae7458a2fe82266d4f38354923d31/screenshot - {}
RESULT: {}
COMMAND: POST /session/991ae7458a2fe82266d4f38354923d31/element - {"using":"xpath","value":"//div[contains(@id, \"smartFilterBar-btnBasicSearch-reset\")]"}
RESULT: {"using":"xpath","value":"//div[contains(@id, \"smartFilterBar-btnBasicSearch-reset\")]"}
COMMAND: POST /session/991ae7458a2fe82266d4f38354923d31/element/f.E50BEB4A78466B534596A34F5FDA1F41.d.623194E7588D397EE4564F96FBF2BFD5.e.10692/click - {}
RESULT: {}
COMMAND: GET /session/991ae7458a2fe82266d4f38354923d31/screenshot - {}
RESULT: {}
RESULT: undefined
COMMAND: POST /session/991ae7458a2fe82266d4f38354923d31/execute/async - {"script":"<script> [776 bytes]","args":[{"enterText":"401002","selector":{"id":"application-ruinventorylist-display-component---Master--smartFilterBar-btnBasicSearch","interaction":{"idSuffix":"I"}},"clearTextFirst":true,"interactionType":"ENTER_TEXT"}]}
RESULT: {"script":"<script> [776 bytes]","args":[{"enterText":"401002","selector":{"id":"application-ruinventorylist-display-component---Master--smartFilterBar-btnBasicSearch","interaction":{"idSuffix":"I"}},"clearTextFirst":true,"interactionType":"ENTER_TEXT"}]}
COMMAND: POST /session/991ae7458a2fe82266d4f38354923d31/actions - {"actions":[{"id":"action34","type":"key","parameters":{},"actions":[{"type":"keyDown","value":"î€‡"},{"type":"pause","duration":10},{"type":"keyUp","value":"î€‡"}]}]}
RESULT: {"actions":[{"id":"action34","type":"key","parameters":{},"actions":[{"type":"keyDown","value":"î€‡"},{"type":"pause","duration":10},{"type":"keyUp","value":"î€‡"}]}]}
COMMAND: GET /session/991ae7458a2fe82266d4f38354923d31/screenshot - {}
RESULT: {}
COMMAND: POST /session/991ae7458a2fe82266d4f38354923d31/element - {"using":"xpath","value":"//span[@id=\"application-ruinventorylist-display-component---Master--smartTableRuInventoryList-header-inner\"]"}
RESULT: {"using":"xpath","value":"//span[@id=\"application-ruinventorylist-display-component---Master--smartTableRuInventoryList-header-inner\"]"}
COMMAND: POST /session/991ae7458a2fe82266d4f38354923d31/elements - {"using":"xpath","value":"//span[@id=\"application-ruinventorylist-display-component---Master--smartTableRuInventoryList-header-inner\"]"}
RESULT: {"using":"xpath","value":"//span[@id=\"application-ruinventorylist-display-component---Master--smartTableRuInventoryList-header-inner\"]"}
COMMAND: POST /session/991ae7458a2fe82266d4f38354923d31/execute/sync - {"script":"<script> [56 bytes]","args":[{"element-6066-11e4-a52e-4f735466cecf":"f.E50BEB4A78466B534596A34F5FDA1F41.d.623194E7588D397EE4564F96FBF2BFD5.e.10677","ELEMENT":"f.E50BEB4A78466B534596A34F5FDA1F41.d.623194E7588D397EE4564F96FBF2BFD5.e.10677"}]}
RESULT: {"script":"<script> [56 bytes]","args":[{"element-6066-11e4-a52e-4f735466cecf":"f.E50BEB4A78466B534596A34F5FDA1F41.d.623194E7588D397EE4564F96FBF2BFD5.e.10677","ELEMENT":"f.E50BEB4A78466B534596A34F5FDA1F41.d.623194E7588D397EE4564F96FBF2BFD5.e.10677"}]}
COMMAND: POST /session/991ae7458a2fe82266d4f38354923d31/element - {"using":"xpath","value":"//table[contains(@id, \"application-ruinventorylist-display-component---Master--tableRuInventoryList-listUl\")]/tbody/tr[1]/td[2]/div/div"}
COMMAND: GET /session/991ae7458a2fe82266d4f38354923d31/screenshot - {}
RESULT: {"using":"xpath","value":"//table[contains(@id, \"application-ruinventorylist-display-component---Master--tableRuInventoryList-listUl\")]/tbody/tr[1]/td[2]/div/div"}
COMMAND: POST /session/991ae7458a2fe82266d4f38354923d31/element/f.E50BEB4A78466B534596A34F5FDA1F41.d.623194E7588D397EE4564F96FBF2BFD5.e.11459/click - {}
RESULT: {}
RESULT: {}
COMMAND: GET /session/991ae7458a2fe82266d4f38354923d31/screenshot - {}
RESULT: {}
COMMAND: POST /session/991ae7458a2fe82266d4f38354923d31/element - {"using":"xpath","value":"//div[contains(@id, \"smartFilterBar-btnBasicSearch-reset\")]"}
RESULT: {"using":"xpath","value":"//div[contains(@id, \"smartFilterBar-btnBasicSearch-reset\")]"}
COMMAND: POST /session/991ae7458a2fe82266d4f38354923d31/element/f.E50BEB4A78466B534596A34F5FDA1F41.d.623194E7588D397EE4564F96FBF2BFD5.e.10692/click - {}
RESULT: {}
COMMAND: GET /session/991ae7458a2fe82266d4f38354923d31/screenshot - {}
RESULT: {}
COMMAND: POST /session/991ae7458a2fe82266d4f38354923d31/element/f.E50BEB4A78466B534596A34F5FDA1F41.d.623194E7588D397EE4564F96FBF2BFD5.e.10220/click - {}
RESULT: {}
COMMAND: GET /session/991ae7458a2fe82266d4f38354923d31/screenshot - {}
RESULT: {}
RESULT: undefined
COMMAND: POST /session/991ae7458a2fe82266d4f38354923d31/element - {"using":"xpath","value":"//*[@id=\"application-ruinventorylist-display-component---Master--ruStateTypes-arrow\"]"}
RESULT: {"using":"xpath","value":"//*[@id=\"application-ruinventorylist-display-component---Master--ruStateTypes-arrow\"]"}
COMMAND: POST /session/991ae7458a2fe82266d4f38354923d31/element/f.E50BEB4A78466B534596A34F5FDA1F41.d.623194E7588D397EE4564F96FBF2BFD5.e.11607/click - {}
RESULT: {}
COMMAND: GET /session/991ae7458a2fe82266d4f38354923d31/screenshot - {}
RESULT: {}
COMMAND: POST /session/991ae7458a2fe82266d4f38354923d31/element - {"using":"xpath","value":"//li[.//span[text()=\"available\"]]"}
RESULT: {"using":"xpath","value":"//li[.//span[text()=\"available\"]]"}
COMMAND: POST /session/991ae7458a2fe82266d4f38354923d31/element/f.E50BEB4A78466B534596A34F5FDA1F41.d.623194E7588D397EE4564F96FBF2BFD5.e.11608/click - {}
RESULT: {}
COMMAND: GET /session/991ae7458a2fe82266d4f38354923d31/screenshot - {}
RESULT: {}
COMMAND: POST /session/991ae7458a2fe82266d4f38354923d31/element - {"using":"xpath","value":"(//bdi[contains(text(), \"OK\")])[1]"}
RESULT: {"using":"xpath","value":"(//bdi[contains(text(), \"OK\")])[1]"}
COMMAND: POST /session/991ae7458a2fe82266d4f38354923d31/element/f.E50BEB4A78466B534596A34F5FDA1F41.d.623194E7588D397EE4564F96FBF2BFD5.e.11609/click - {}
RESULT: {}
COMMAND: GET /session/991ae7458a2fe82266d4f38354923d31/screenshot - {}
RESULT: {}
COMMAND: POST /session/991ae7458a2fe82266d4f38354923d31/element - {"using":"xpath","value":"(//bdi[contains(text(), \"OK\")])[2]"}
RESULT: {"using":"xpath","value":"(//bdi[contains(text(), \"OK\")])[2]"}
COMMAND: POST /session/991ae7458a2fe82266d4f38354923d31/element/f.E50BEB4A78466B534596A34F5FDA1F41.d.623194E7588D397EE4564F96FBF2BFD5.e.11614/click - {}
RESULT: {}
COMMAND: GET /session/991ae7458a2fe82266d4f38354923d31/screenshot - {}
RESULT: {}
RESULT: undefined
COMMAND: POST /session/991ae7458a2fe82266d4f38354923d31/execute/async - {"script":"<script> [776 bytes]","args":[{"enterText":"600002","selector":{"id":"application-ruinventorylist-display-component---Master--smartFilterBar-btnBasicSearch","interaction":{"idSuffix":"I"}},"clearTextFirst":true,"interactionType":"ENTER_TEXT"}]}
RESULT: {"script":"<script> [776 bytes]","args":[{"enterText":"600002","selector":{"id":"application-ruinventorylist-display-component---Master--smartFilterBar-btnBasicSearch","interaction":{"idSuffix":"I"}},"clearTextFirst":true,"interactionType":"ENTER_TEXT"}]}
COMMAND: POST /session/991ae7458a2fe82266d4f38354923d31/actions - {"actions":[{"id":"action35","type":"key","parameters":{},"actions":[{"type":"keyDown","value":"î€‡"},{"type":"pause","duration":10},{"type":"keyUp","value":"î€‡"}]}]}
RESULT: {"actions":[{"id":"action35","type":"key","parameters":{},"actions":[{"type":"keyDown","value":"î€‡"},{"type":"pause","duration":10},{"type":"keyUp","value":"î€‡"}]}]}
COMMAND: GET /session/991ae7458a2fe82266d4f38354923d31/screenshot - {}
RESULT: {}
COMMAND: POST /session/991ae7458a2fe82266d4f38354923d31/element - {"using":"xpath","value":"//span[@id=\"application-ruinventorylist-display-component---Master--smartTableRuInventoryList-header-inner\"]"}
RESULT: {"using":"xpath","value":"//span[@id=\"application-ruinventorylist-display-component---Master--smartTableRuInventoryList-header-inner\"]"}
COMMAND: POST /session/991ae7458a2fe82266d4f38354923d31/elements - {"using":"xpath","value":"//span[@id=\"application-ruinventorylist-display-component---Master--smartTableRuInventoryList-header-inner\"]"}
RESULT: {"using":"xpath","value":"//span[@id=\"application-ruinventorylist-display-component---Master--smartTableRuInventoryList-header-inner\"]"}
COMMAND: POST /session/991ae7458a2fe82266d4f38354923d31/execute/sync - {"script":"<script> [56 bytes]","args":[{"element-6066-11e4-a52e-4f735466cecf":"f.E50BEB4A78466B534596A34F5FDA1F41.d.623194E7588D397EE4564F96FBF2BFD5.e.10677","ELEMENT":"f.E50BEB4A78466B534596A34F5FDA1F41.d.623194E7588D397EE4564F96FBF2BFD5.e.10677"}]}
RESULT: {"script":"<script> [56 bytes]","args":[{"element-6066-11e4-a52e-4f735466cecf":"f.E50BEB4A78466B534596A34F5FDA1F41.d.623194E7588D397EE4564F96FBF2BFD5.e.10677","ELEMENT":"f.E50BEB4A78466B534596A34F5FDA1F41.d.623194E7588D397EE4564F96FBF2BFD5.e.10677"}]}
COMMAND: POST /session/991ae7458a2fe82266d4f38354923d31/element - {"using":"xpath","value":"//table[contains(@id, \"application-ruinventorylist-display-component---Master--tableRuInventoryList-listUl\")]/tbody/tr[1]/td[6]/div/span"}
COMMAND: GET /session/991ae7458a2fe82266d4f38354923d31/screenshot - {}
RESULT: {"using":"xpath","value":"//table[contains(@id, \"application-ruinventorylist-display-component---Master--tableRuInventoryList-listUl\")]/tbody/tr[1]/td[6]/div/span"}
COMMAND: POST /session/991ae7458a2fe82266d4f38354923d31/execute/sync - {"script":"<script> [56 bytes]","args":[{"element-6066-11e4-a52e-4f735466cecf":"f.E50BEB4A78466B534596A34F5FDA1F41.d.623194E7588D397EE4564F96FBF2BFD5.e.11634","ELEMENT":"f.E50BEB4A78466B534596A34F5FDA1F41.d.623194E7588D397EE4564F96FBF2BFD5.e.11634"}]}
RESULT: {}
RESULT: {"script":"<script> [56 bytes]","args":[{"element-6066-11e4-a52e-4f735466cecf":"f.E50BEB4A78466B534596A34F5FDA1F41.d.623194E7588D397EE4564F96FBF2BFD5.e.11634","ELEMENT":"f.E50BEB4A78466B534596A34F5FDA1F41.d.623194E7588D397EE4564F96FBF2BFD5.e.11634"}]}
COMMAND: POST /session/991ae7458a2fe82266d4f38354923d31/element - {"using":"xpath","value":"//div[contains(@id, \"smartFilterBar-btnBasicSearch-reset\")]"}
COMMAND: GET /session/991ae7458a2fe82266d4f38354923d31/screenshot - {}
RESULT: {"using":"xpath","value":"//div[contains(@id, \"smartFilterBar-btnBasicSearch-reset\")]"}
COMMAND: POST /session/991ae7458a2fe82266d4f38354923d31/element/f.E50BEB4A78466B534596A34F5FDA1F41.d.623194E7588D397EE4564F96FBF2BFD5.e.10692/click - {}
RESULT: {}
RESULT: {}
COMMAND: GET /session/991ae7458a2fe82266d4f38354923d31/screenshot - {}
RESULT: {}
RESULT: undefined
COMMAND: POST /session/991ae7458a2fe82266d4f38354923d31/execute/async - {"script":"<script> [776 bytes]","args":[{"enterText":"401002","selector":{"id":"application-ruinventorylist-display-component---Master--smartFilterBar-btnBasicSearch","interaction":{"idSuffix":"I"}},"clearTextFirst":true,"interactionType":"ENTER_TEXT"}]}
RESULT: {"script":"<script> [776 bytes]","args":[{"enterText":"401002","selector":{"id":"application-ruinventorylist-display-component---Master--smartFilterBar-btnBasicSearch","interaction":{"idSuffix":"I"}},"clearTextFirst":true,"interactionType":"ENTER_TEXT"}]}
COMMAND: POST /session/991ae7458a2fe82266d4f38354923d31/actions - {"actions":[{"id":"action36","type":"key","parameters":{},"actions":[{"type":"keyDown","value":"î€‡"},{"type":"pause","duration":10},{"type":"keyUp","value":"î€‡"}]}]}
RESULT: {"actions":[{"id":"action36","type":"key","parameters":{},"actions":[{"type":"keyDown","value":"î€‡"},{"type":"pause","duration":10},{"type":"keyUp","value":"î€‡"}]}]}
COMMAND: GET /session/991ae7458a2fe82266d4f38354923d31/screenshot - {}
RESULT: {}
COMMAND: POST /session/991ae7458a2fe82266d4f38354923d31/element - {"using":"xpath","value":"//span[@id=\"application-ruinventorylist-display-component---Master--smartTableRuInventoryList-header-inner\"]"}
RESULT: {"using":"xpath","value":"//span[@id=\"application-ruinventorylist-display-component---Master--smartTableRuInventoryList-header-inner\"]"}
COMMAND: POST /session/991ae7458a2fe82266d4f38354923d31/elements - {"using":"xpath","value":"//span[@id=\"application-ruinventorylist-display-component---Master--smartTableRuInventoryList-header-inner\"]"}
RESULT: {"using":"xpath","value":"//span[@id=\"application-ruinventorylist-display-component---Master--smartTableRuInventoryList-header-inner\"]"}
COMMAND: POST /session/991ae7458a2fe82266d4f38354923d31/execute/sync - {"script":"<script> [56 bytes]","args":[{"element-6066-11e4-a52e-4f735466cecf":"f.E50BEB4A78466B534596A34F5FDA1F41.d.623194E7588D397EE4564F96FBF2BFD5.e.10677","ELEMENT":"f.E50BEB4A78466B534596A34F5FDA1F41.d.623194E7588D397EE4564F96FBF2BFD5.e.10677"}]}
RESULT: {"script":"<script> [56 bytes]","args":[{"element-6066-11e4-a52e-4f735466cecf":"f.E50BEB4A78466B534596A34F5FDA1F41.d.623194E7588D397EE4564F96FBF2BFD5.e.10677","ELEMENT":"f.E50BEB4A78466B534596A34F5FDA1F41.d.623194E7588D397EE4564F96FBF2BFD5.e.10677"}]}
COMMAND: POST /session/991ae7458a2fe82266d4f38354923d31/element - {"using":"xpath","value":"//table[contains(@id, \"application-ruinventorylist-display-component---Master--tableRuInventoryList-listUl\")]/tbody/tr[1]/td[6]/div/span"}
COMMAND: GET /session/991ae7458a2fe82266d4f38354923d31/screenshot - {}
RESULT: {"using":"xpath","value":"//table[contains(@id, \"application-ruinventorylist-display-component---Master--tableRuInventoryList-listUl\")]/tbody/tr[1]/td[6]/div/span"}
COMMAND: POST /session/991ae7458a2fe82266d4f38354923d31/execute/sync - {"script":"<script> [56 bytes]","args":[{"element-6066-11e4-a52e-4f735466cecf":"f.E50BEB4A78466B534596A34F5FDA1F41.d.623194E7588D397EE4564F96FBF2BFD5.e.11712","ELEMENT":"f.E50BEB4A78466B534596A34F5FDA1F41.d.623194E7588D397EE4564F96FBF2BFD5.e.11712"}]}
RESULT: {}
RESULT: {"script":"<script> [56 bytes]","args":[{"element-6066-11e4-a52e-4f735466cecf":"f.E50BEB4A78466B534596A34F5FDA1F41.d.623194E7588D397EE4564F96FBF2BFD5.e.11712","ELEMENT":"f.E50BEB4A78466B534596A34F5FDA1F41.d.623194E7588D397EE4564F96FBF2BFD5.e.11712"}]}
COMMAND: POST /session/991ae7458a2fe82266d4f38354923d31/element - {"using":"xpath","value":"//div[contains(@id, \"smartFilterBar-btnBasicSearch-reset\")]"}
COMMAND: GET /session/991ae7458a2fe82266d4f38354923d31/screenshot - {}
RESULT: {"using":"xpath","value":"//div[contains(@id, \"smartFilterBar-btnBasicSearch-reset\")]"}
COMMAND: POST /session/991ae7458a2fe82266d4f38354923d31/element/f.E50BEB4A78466B534596A34F5FDA1F41.d.623194E7588D397EE4564F96FBF2BFD5.e.10692/click - {}
RESULT: {}
RESULT: {}
COMMAND: GET /session/991ae7458a2fe82266d4f38354923d31/screenshot - {}
RESULT: {}
COMMAND: POST /session/991ae7458a2fe82266d4f38354923d31/element - {"using":"css selector","value":"#shell-header-logo"}
RESULT: {"using":"css selector","value":"#shell-header-logo"}
COMMAND: POST /session/991ae7458a2fe82266d4f38354923d31/element/f.E50BEB4A78466B534596A34F5FDA1F41.d.623194E7588D397EE4564F96FBF2BFD5.e.10188/click - {}
RESULT: {}
COMMAND: GET /session/991ae7458a2fe82266d4f38354923d31/screenshot - {}
RESULT: {}
]]></system-out>
    </testcase>
  </testsuite>
</testsuites>