<?xml version="1.0" encoding="UTF-8"?>
<testsuites tests="15" failures="10" errors="10" skipped="0">
  <testsuite timestamp="2025-06-04T17:58:00" time="974.566" tests="9" failures="5" errors="5" skipped="0">
    <properties>
      <property name="specId" value="0" />
      <property name="suiteName" value="Tests for Mass State Change on Manage States &amp; Performances US104416 US" />
      <property name="capabilities" value="chrome.137_0_7151_56.windows" />
      <property name="file" value="file:///D:/a/1/s/test/specs/HTR/create-mass-state-change.spec.js" />
    </properties>
    <testcase classname="chrome.137_0_7151_56.windows.Tests_for_Mass_State_Change_on_Manage_States_&amp;_Performances_US104416_US" name="Prereq Should create a new yard used for all following tests" time="153.221">
      <system-out><![CDATA[
COMMAND: POST /session/216472d7d847287ace3a34c5cc31053d/window/fullscreen - {}
RESULT: {}
COMMAND: POST /session/216472d7d847287ace3a34c5cc31053d/execute/async - {"script":"<script> [1562 bytes]","args":[{"selector":{"controlType":"sap.m.GenericTile","properties":{"header":"Manage Yards"}},"wdio_ui5_key":"sapm.GenericTile{\"header\":\"Manage Yards\"}"}]}
RESULT: {"script":"<script> [1562 bytes]","args":[{"selector":{"controlType":"sap.m.GenericTile","properties":{"header":"Manage Yards"}},"wdio_ui5_key":"sapm.GenericTile{\"header\":\"Manage Yards\"}"}]}
RESULT: undefined
COMMAND: POST /session/216472d7d847287ace3a34c5cc31053d/element - {"using":"xpath","value":"//*[@id=\"__tile41\"]"}
RESULT: {"using":"xpath","value":"//*[@id=\"__tile41\"]"}
COMMAND: POST /session/216472d7d847287ace3a34c5cc31053d/element/f.65BB919C5CBEEA7CAD9584A6682CE4E0.d.49F2567343139E7FA5B88EFD4BA046F0.e.164/click - {}
RESULT: {}
COMMAND: GET /session/216472d7d847287ace3a34c5cc31053d/screenshot - {}
RESULT: {}
COMMAND: POST /session/216472d7d847287ace3a34c5cc31053d/elements - {"using":"xpath","value":"//span[text()='Error']"}
RESULT: {"using":"xpath","value":"//span[text()='Error']"}
COMMAND: POST /session/216472d7d847287ace3a34c5cc31053d/element - {"using":"xpath","value":"//button[@data-kt=\"addNewYardOverflowToolbarButton\"]"}
RESULT: {"using":"xpath","value":"//button[@data-kt=\"addNewYardOverflowToolbarButton\"]"}
COMMAND: POST /session/216472d7d847287ace3a34c5cc31053d/elements - {"using":"xpath","value":"//button[@data-kt=\"addNewYardOverflowToolbarButton\"]"}
RESULT: {"using":"xpath","value":"//button[@data-kt=\"addNewYardOverflowToolbarButton\"]"}
COMMAND: POST /session/216472d7d847287ace3a34c5cc31053d/elements - {"using":"xpath","value":"//button[@data-kt=\"addNewYardOverflowToolbarButton\"]"}
RESULT: {"using":"xpath","value":"//button[@data-kt=\"addNewYardOverflowToolbarButton\"]"}
COMMAND: POST /session/216472d7d847287ace3a34c5cc31053d/elements - {"using":"xpath","value":"//button[@data-kt=\"addNewYardOverflowToolbarButton\"]"}
RESULT: {"using":"xpath","value":"//button[@data-kt=\"addNewYardOverflowToolbarButton\"]"}
COMMAND: POST /session/216472d7d847287ace3a34c5cc31053d/elements - {"using":"xpath","value":"//button[@data-kt=\"addNewYardOverflowToolbarButton\"]"}
RESULT: {"using":"xpath","value":"//button[@data-kt=\"addNewYardOverflowToolbarButton\"]"}
COMMAND: POST /session/216472d7d847287ace3a34c5cc31053d/elements - {"using":"xpath","value":"//button[@data-kt=\"addNewYardOverflowToolbarButton\"]"}
RESULT: {"using":"xpath","value":"//button[@data-kt=\"addNewYardOverflowToolbarButton\"]"}
COMMAND: POST /session/216472d7d847287ace3a34c5cc31053d/elements - {"using":"xpath","value":"//button[@data-kt=\"addNewYardOverflowToolbarButton\"]"}
RESULT: {"using":"xpath","value":"//button[@data-kt=\"addNewYardOverflowToolbarButton\"]"}
COMMAND: POST /session/216472d7d847287ace3a34c5cc31053d/elements - {"using":"xpath","value":"//button[@data-kt=\"addNewYardOverflowToolbarButton\"]"}
RESULT: {"using":"xpath","value":"//button[@data-kt=\"addNewYardOverflowToolbarButton\"]"}
COMMAND: POST /session/216472d7d847287ace3a34c5cc31053d/elements - {"using":"xpath","value":"//button[@data-kt=\"addNewYardOverflowToolbarButton\"]"}
RESULT: {"using":"xpath","value":"//button[@data-kt=\"addNewYardOverflowToolbarButton\"]"}
COMMAND: POST /session/216472d7d847287ace3a34c5cc31053d/elements - {"using":"xpath","value":"//button[@data-kt=\"addNewYardOverflowToolbarButton\"]"}
RESULT: {"using":"xpath","value":"//button[@data-kt=\"addNewYardOverflowToolbarButton\"]"}
COMMAND: POST /session/216472d7d847287ace3a34c5cc31053d/elements - {"using":"xpath","value":"//button[@data-kt=\"addNewYardOverflowToolbarButton\"]"}
RESULT: {"using":"xpath","value":"//button[@data-kt=\"addNewYardOverflowToolbarButton\"]"}
COMMAND: POST /session/216472d7d847287ace3a34c5cc31053d/elements - {"using":"xpath","value":"//button[@data-kt=\"addNewYardOverflowToolbarButton\"]"}
RESULT: {"using":"xpath","value":"//button[@data-kt=\"addNewYardOverflowToolbarButton\"]"}
COMMAND: POST /session/216472d7d847287ace3a34c5cc31053d/elements - {"using":"xpath","value":"//button[@data-kt=\"addNewYardOverflowToolbarButton\"]"}
RESULT: {"using":"xpath","value":"//button[@data-kt=\"addNewYardOverflowToolbarButton\"]"}
COMMAND: POST /session/216472d7d847287ace3a34c5cc31053d/elements - {"using":"xpath","value":"//button[@data-kt=\"addNewYardOverflowToolbarButton\"]"}
RESULT: {"using":"xpath","value":"//button[@data-kt=\"addNewYardOverflowToolbarButton\"]"}
COMMAND: POST /session/216472d7d847287ace3a34c5cc31053d/elements - {"using":"xpath","value":"//button[@data-kt=\"addNewYardOverflowToolbarButton\"]"}
RESULT: {"using":"xpath","value":"//button[@data-kt=\"addNewYardOverflowToolbarButton\"]"}
COMMAND: POST /session/216472d7d847287ace3a34c5cc31053d/elements - {"using":"xpath","value":"//button[@data-kt=\"addNewYardOverflowToolbarButton\"]"}
RESULT: {"using":"xpath","value":"//button[@data-kt=\"addNewYardOverflowToolbarButton\"]"}
COMMAND: POST /session/216472d7d847287ace3a34c5cc31053d/elements - {"using":"xpath","value":"//button[@data-kt=\"addNewYardOverflowToolbarButton\"]"}
RESULT: {"using":"xpath","value":"//button[@data-kt=\"addNewYardOverflowToolbarButton\"]"}
COMMAND: POST /session/216472d7d847287ace3a34c5cc31053d/elements - {"using":"xpath","value":"//button[@data-kt=\"addNewYardOverflowToolbarButton\"]"}
RESULT: {"using":"xpath","value":"//button[@data-kt=\"addNewYardOverflowToolbarButton\"]"}
COMMAND: POST /session/216472d7d847287ace3a34c5cc31053d/elements - {"using":"xpath","value":"//button[@data-kt=\"addNewYardOverflowToolbarButton\"]"}
RESULT: {"using":"xpath","value":"//button[@data-kt=\"addNewYardOverflowToolbarButton\"]"}
COMMAND: POST /session/216472d7d847287ace3a34c5cc31053d/elements - {"using":"xpath","value":"//button[@data-kt=\"addNewYardOverflowToolbarButton\"]"}
RESULT: {"using":"xpath","value":"//button[@data-kt=\"addNewYardOverflowToolbarButton\"]"}
COMMAND: POST /session/216472d7d847287ace3a34c5cc31053d/elements - {"using":"xpath","value":"//button[@data-kt=\"addNewYardOverflowToolbarButton\"]"}
RESULT: {"using":"xpath","value":"//button[@data-kt=\"addNewYardOverflowToolbarButton\"]"}
COMMAND: POST /session/216472d7d847287ace3a34c5cc31053d/elements - {"using":"xpath","value":"//button[@data-kt=\"addNewYardOverflowToolbarButton\"]"}
RESULT: {"using":"xpath","value":"//button[@data-kt=\"addNewYardOverflowToolbarButton\"]"}
COMMAND: POST /session/216472d7d847287ace3a34c5cc31053d/elements - {"using":"xpath","value":"//button[@data-kt=\"addNewYardOverflowToolbarButton\"]"}
RESULT: {"using":"xpath","value":"//button[@data-kt=\"addNewYardOverflowToolbarButton\"]"}
COMMAND: POST /session/216472d7d847287ace3a34c5cc31053d/elements - {"using":"xpath","value":"//button[@data-kt=\"addNewYardOverflowToolbarButton\"]"}
RESULT: {"using":"xpath","value":"//button[@data-kt=\"addNewYardOverflowToolbarButton\"]"}
COMMAND: POST /session/216472d7d847287ace3a34c5cc31053d/elements - {"using":"xpath","value":"//button[@data-kt=\"addNewYardOverflowToolbarButton\"]"}
RESULT: {"using":"xpath","value":"//button[@data-kt=\"addNewYardOverflowToolbarButton\"]"}
COMMAND: POST /session/216472d7d847287ace3a34c5cc31053d/elements - {"using":"xpath","value":"//button[@data-kt=\"addNewYardOverflowToolbarButton\"]"}
RESULT: {"using":"xpath","value":"//button[@data-kt=\"addNewYardOverflowToolbarButton\"]"}
COMMAND: POST /session/216472d7d847287ace3a34c5cc31053d/elements - {"using":"xpath","value":"//button[@data-kt=\"addNewYardOverflowToolbarButton\"]"}
RESULT: {"using":"xpath","value":"//button[@data-kt=\"addNewYardOverflowToolbarButton\"]"}
COMMAND: POST /session/216472d7d847287ace3a34c5cc31053d/elements - {"using":"xpath","value":"//button[@data-kt=\"addNewYardOverflowToolbarButton\"]"}
RESULT: {"using":"xpath","value":"//button[@data-kt=\"addNewYardOverflowToolbarButton\"]"}
COMMAND: POST /session/216472d7d847287ace3a34c5cc31053d/elements - {"using":"xpath","value":"//button[@data-kt=\"addNewYardOverflowToolbarButton\"]"}
RESULT: {"using":"xpath","value":"//button[@data-kt=\"addNewYardOverflowToolbarButton\"]"}
COMMAND: POST /session/216472d7d847287ace3a34c5cc31053d/elements - {"using":"xpath","value":"//button[@data-kt=\"addNewYardOverflowToolbarButton\"]"}
RESULT: {"using":"xpath","value":"//button[@data-kt=\"addNewYardOverflowToolbarButton\"]"}
COMMAND: POST /session/216472d7d847287ace3a34c5cc31053d/elements - {"using":"xpath","value":"//button[@data-kt=\"addNewYardOverflowToolbarButton\"]"}
RESULT: {"using":"xpath","value":"//button[@data-kt=\"addNewYardOverflowToolbarButton\"]"}
COMMAND: POST /session/216472d7d847287ace3a34c5cc31053d/element - {"using":"xpath","value":"//button[@data-kt=\"addNewYardOverflowToolbarButton\"]"}
RESULT: {"using":"xpath","value":"//button[@data-kt=\"addNewYardOverflowToolbarButton\"]"}
COMMAND: POST /session/216472d7d847287ace3a34c5cc31053d/execute/sync - {"script":"<script> [8489 bytes]","args":[{"element-6066-11e4-a52e-4f735466cecf":"f.65BB919C5CBEEA7CAD9584A6682CE4E0.d.49F2567343139E7FA5B88EFD4BA046F0.e.408","ELEMENT":"f.65BB919C5CBEEA7CAD9584A6682CE4E0.d.49F2567343139E7FA5B88EFD4BA046F0.e.408"}]}
RESULT: {"script":"<script> [8489 bytes]","args":[{"element-6066-11e4-a52e-4f735466cecf":"f.65BB919C5CBEEA7CAD9584A6682CE4E0.d.49F2567343139E7FA5B88EFD4BA046F0.e.408","ELEMENT":"f.65BB919C5CBEEA7CAD9584A6682CE4E0.d.49F2567343139E7FA5B88EFD4BA046F0.e.408"}]}
COMMAND: GET /session/216472d7d847287ace3a34c5cc31053d/element/f.65BB919C5CBEEA7CAD9584A6682CE4E0.d.49F2567343139E7FA5B88EFD4BA046F0.e.408/enabled - {}
COMMAND: GET /session/216472d7d847287ace3a34c5cc31053d/screenshot - {}
RESULT: {}
COMMAND: POST /session/216472d7d847287ace3a34c5cc31053d/execute/sync - {"script":"<script> [8489 bytes]","args":[{"element-6066-11e4-a52e-4f735466cecf":"f.65BB919C5CBEEA7CAD9584A6682CE4E0.d.49F2567343139E7FA5B88EFD4BA046F0.e.408","ELEMENT":"f.65BB919C5CBEEA7CAD9584A6682CE4E0.d.49F2567343139E7FA5B88EFD4BA046F0.e.408"}]}
COMMAND: GET /session/216472d7d847287ace3a34c5cc31053d/screenshot - {}
RESULT: {}
RESULT: {"script":"<script> [8489 bytes]","args":[{"element-6066-11e4-a52e-4f735466cecf":"f.65BB919C5CBEEA7CAD9584A6682CE4E0.d.49F2567343139E7FA5B88EFD4BA046F0.e.408","ELEMENT":"f.65BB919C5CBEEA7CAD9584A6682CE4E0.d.49F2567343139E7FA5B88EFD4BA046F0.e.408"}]}
COMMAND: POST /session/216472d7d847287ace3a34c5cc31053d/execute/sync - {"script":"<script> [5351 bytes]","args":[{"element-6066-11e4-a52e-4f735466cecf":"f.65BB919C5CBEEA7CAD9584A6682CE4E0.d.49F2567343139E7FA5B88EFD4BA046F0.e.408","ELEMENT":"f.65BB919C5CBEEA7CAD9584A6682CE4E0.d.49F2567343139E7FA5B88EFD4BA046F0.e.408"}]}
COMMAND: GET /session/216472d7d847287ace3a34c5cc31053d/screenshot - {}
RESULT: {}
RESULT: {"script":"<script> [5351 bytes]","args":[{"element-6066-11e4-a52e-4f735466cecf":"f.65BB919C5CBEEA7CAD9584A6682CE4E0.d.49F2567343139E7FA5B88EFD4BA046F0.e.408","ELEMENT":"f.65BB919C5CBEEA7CAD9584A6682CE4E0.d.49F2567343139E7FA5B88EFD4BA046F0.e.408"}]}
COMMAND: POST /session/216472d7d847287ace3a34c5cc31053d/element/f.65BB919C5CBEEA7CAD9584A6682CE4E0.d.49F2567343139E7FA5B88EFD4BA046F0.e.408/click - {}
COMMAND: GET /session/216472d7d847287ace3a34c5cc31053d/screenshot - {}
RESULT: {}
RESULT: {}
COMMAND: GET /session/216472d7d847287ace3a34c5cc31053d/screenshot - {}
COMMAND: POST /session/216472d7d847287ace3a34c5cc31053d/element - {"using":"xpath","value":"//input[@id=\"application-manageyards-display-component---NewYard--yardId-inner\"]"}
RESULT: {}
RESULT: {}
RESULT: {"using":"xpath","value":"//input[@id=\"application-manageyards-display-component---NewYard--yardId-inner\"]"}
COMMAND: POST /session/216472d7d847287ace3a34c5cc31053d/element - {"using":"xpath","value":"//input[@id=\"application-manageyards-display-component---NewYard--yardId-inner\"]"}
RESULT: {"using":"xpath","value":"//input[@id=\"application-manageyards-display-component---NewYard--yardId-inner\"]"}
COMMAND: POST /session/216472d7d847287ace3a34c5cc31053d/execute/async - {"script":"<script> [1562 bytes]","args":[{"selector":{"id":"application-manageyards-display-component---NewYard--addressDetailDetailsName1","interaction":{"idSuffix":"inner"}},"wdio_ui5_key":"applicationmanageyards-display-component---NewYard--addressDetailDetailsName1"}]}
RESULT: {"script":"<script> [1562 bytes]","args":[{"selector":{"id":"application-manageyards-display-component---NewYard--addressDetailDetailsName1","interaction":{"idSuffix":"inner"}},"wdio_ui5_key":"applicationmanageyards-display-component---NewYard--addressDetailDetailsName1"}]}
RESULT: undefined
COMMAND: POST /session/216472d7d847287ace3a34c5cc31053d/execute/async - {"script":"<script> [776 bytes]","args":[{"enterText":"Other Yard WDIO","selector":{"id":"application-manageyards-display-component---NewYard--addressDetailDetailsName1","interaction":{"idSuffix":"inner"}},"clearTextFirst":true,"interactionType":"ENTER_TEXT"}]}
RESULT: {"script":"<script> [776 bytes]","args":[{"enterText":"Other Yard WDIO","selector":{"id":"application-manageyards-display-component---NewYard--addressDetailDetailsName1","interaction":{"idSuffix":"inner"}},"clearTextFirst":true,"interactionType":"ENTER_TEXT"}]}
COMMAND: POST /session/216472d7d847287ace3a34c5cc31053d/execute/async - {"script":"<script> [1562 bytes]","args":[{"selector":{"id":"application-manageyards-display-component---NewYard--addressDetailDetailsLanguage-arrow"},"wdio_ui5_key":"applicationmanageyards-display-component---NewYard--addressDetailDetailsLanguage-arrow"}]}
RESULT: {"script":"<script> [1562 bytes]","args":[{"selector":{"id":"application-manageyards-display-component---NewYard--addressDetailDetailsLanguage-arrow"},"wdio_ui5_key":"applicationmanageyards-display-component---NewYard--addressDetailDetailsLanguage-arrow"}]}
RESULT: undefined
COMMAND: POST /session/216472d7d847287ace3a34c5cc31053d/element - {"using":"xpath","value":"//*[@id=\"application-manageyards-display-component---NewYard--addressDetailDetailsLanguage-arrow\"]"}
RESULT: {"using":"xpath","value":"//*[@id=\"application-manageyards-display-component---NewYard--addressDetailDetailsLanguage-arrow\"]"}
COMMAND: POST /session/216472d7d847287ace3a34c5cc31053d/element/f.65BB919C5CBEEA7CAD9584A6682CE4E0.d.49F2567343139E7FA5B88EFD4BA046F0.e.730/click - {}
RESULT: {}
COMMAND: POST /session/216472d7d847287ace3a34c5cc31053d/element - {"using":"xpath","value":"//span[contains(text(), \"English\")]"}
COMMAND: GET /session/216472d7d847287ace3a34c5cc31053d/screenshot - {}
RESULT: {"using":"xpath","value":"//span[contains(text(), \"English\")]"}
COMMAND: POST /session/216472d7d847287ace3a34c5cc31053d/element/f.65BB919C5CBEEA7CAD9584A6682CE4E0.d.49F2567343139E7FA5B88EFD4BA046F0.e.731/click - {}
RESULT: {}
RESULT: {}
COMMAND: POST /session/216472d7d847287ace3a34c5cc31053d/execute/async - {"script":"<script> [1562 bytes]","args":[{"selector":{"id":"application-manageyards-display-component---NewYard--addressDetailDetailsCity1","interaction":{"idSuffix":"inner"}},"wdio_ui5_key":"applicationmanageyards-display-component---NewYard--addressDetailDetailsCity1"}]}
COMMAND: GET /session/216472d7d847287ace3a34c5cc31053d/screenshot - {}
RESULT: {"script":"<script> [1562 bytes]","args":[{"selector":{"id":"application-manageyards-display-component---NewYard--addressDetailDetailsCity1","interaction":{"idSuffix":"inner"}},"wdio_ui5_key":"applicationmanageyards-display-component---NewYard--addressDetailDetailsCity1"}]}
RESULT: undefined
COMMAND: POST /session/216472d7d847287ace3a34c5cc31053d/execute/async - {"script":"<script> [776 bytes]","args":[{"enterText":"Rosario","selector":{"id":"application-manageyards-display-component---NewYard--addressDetailDetailsCity1","interaction":{"idSuffix":"inner"}},"clearTextFirst":true,"interactionType":"ENTER_TEXT"}]}
RESULT: {}
RESULT: {"script":"<script> [776 bytes]","args":[{"enterText":"Rosario","selector":{"id":"application-manageyards-display-component---NewYard--addressDetailDetailsCity1","interaction":{"idSuffix":"inner"}},"clearTextFirst":true,"interactionType":"ENTER_TEXT"}]}
COMMAND: POST /session/216472d7d847287ace3a34c5cc31053d/execute/async - {"script":"<script> [1562 bytes]","args":[{"selector":{"id":"application-manageyards-display-component---NewYard--addressDetailDetailsCountry-arrow"},"wdio_ui5_key":"applicationmanageyards-display-component---NewYard--addressDetailDetailsCountry-arrow"}]}
RESULT: {"script":"<script> [1562 bytes]","args":[{"selector":{"id":"application-manageyards-display-component---NewYard--addressDetailDetailsCountry-arrow"},"wdio_ui5_key":"applicationmanageyards-display-component---NewYard--addressDetailDetailsCountry-arrow"}]}
RESULT: undefined
COMMAND: POST /session/216472d7d847287ace3a34c5cc31053d/element - {"using":"xpath","value":"//*[@id=\"application-manageyards-display-component---NewYard--addressDetailDetailsCountry-arrow\"]"}
RESULT: {"using":"xpath","value":"//*[@id=\"application-manageyards-display-component---NewYard--addressDetailDetailsCountry-arrow\"]"}
COMMAND: POST /session/216472d7d847287ace3a34c5cc31053d/element/f.65BB919C5CBEEA7CAD9584A6682CE4E0.d.49F2567343139E7FA5B88EFD4BA046F0.e.733/click - {}
RESULT: {}
COMMAND: POST /session/216472d7d847287ace3a34c5cc31053d/element - {"using":"xpath","value":"//span[contains(text(), \"Argentina\")]"}
COMMAND: GET /session/216472d7d847287ace3a34c5cc31053d/screenshot - {}
RESULT: {"using":"xpath","value":"//span[contains(text(), \"Argentina\")]"}
COMMAND: POST /session/216472d7d847287ace3a34c5cc31053d/element/f.65BB919C5CBEEA7CAD9584A6682CE4E0.d.49F2567343139E7FA5B88EFD4BA046F0.e.734/click - {}
RESULT: {}
RESULT: {}
COMMAND: POST /session/216472d7d847287ace3a34c5cc31053d/execute/async - {"script":"<script> [1562 bytes]","args":[{"selector":{"id":"application-manageyards-display-component---NewYard--addressEditDetailsCostObjectCstType-arrow"},"wdio_ui5_key":"applicationmanageyards-display-component---NewYard--addressEditDetailsCostObjectCstType-arrow"}]}
COMMAND: GET /session/216472d7d847287ace3a34c5cc31053d/screenshot - {}
RESULT: {"script":"<script> [1562 bytes]","args":[{"selector":{"id":"application-manageyards-display-component---NewYard--addressEditDetailsCostObjectCstType-arrow"},"wdio_ui5_key":"applicationmanageyards-display-component---NewYard--addressEditDetailsCostObjectCstType-arrow"}]}
RESULT: undefined
COMMAND: POST /session/216472d7d847287ace3a34c5cc31053d/element - {"using":"xpath","value":"//*[@id=\"application-manageyards-display-component---NewYard--addressEditDetailsCostObjectCstType-arrow\"]"}
RESULT: {}
RESULT: {"using":"xpath","value":"//*[@id=\"application-manageyards-display-component---NewYard--addressEditDetailsCostObjectCstType-arrow\"]"}
COMMAND: POST /session/216472d7d847287ace3a34c5cc31053d/element/f.65BB919C5CBEEA7CAD9584A6682CE4E0.d.49F2567343139E7FA5B88EFD4BA046F0.e.736/click - {}
RESULT: {}
COMMAND: POST /session/216472d7d847287ace3a34c5cc31053d/element - {"using":"xpath","value":"//span[contains(text(), \"Cost Center\")]"}
COMMAND: GET /session/216472d7d847287ace3a34c5cc31053d/screenshot - {}
RESULT: {"using":"xpath","value":"//span[contains(text(), \"Cost Center\")]"}
COMMAND: POST /session/216472d7d847287ace3a34c5cc31053d/element/f.65BB919C5CBEEA7CAD9584A6682CE4E0.d.49F2567343139E7FA5B88EFD4BA046F0.e.737/click - {}
RESULT: {}
RESULT: {}
COMMAND: GET /session/216472d7d847287ace3a34c5cc31053d/screenshot - {}
RESULT: {}
COMMAND: POST /session/216472d7d847287ace3a34c5cc31053d/element - {"using":"xpath","value":"//span[@id=\"application-manageyards-display-component---NewYard--addressNewCostObjectCstID-vhi\"]"}
RESULT: {"using":"xpath","value":"//span[@id=\"application-manageyards-display-component---NewYard--addressNewCostObjectCstID-vhi\"]"}
COMMAND: POST /session/216472d7d847287ace3a34c5cc31053d/execute/sync - {"script":"<script> [8489 bytes]","args":[{"element-6066-11e4-a52e-4f735466cecf":"f.65BB919C5CBEEA7CAD9584A6682CE4E0.d.49F2567343139E7FA5B88EFD4BA046F0.e.741","ELEMENT":"f.65BB919C5CBEEA7CAD9584A6682CE4E0.d.49F2567343139E7FA5B88EFD4BA046F0.e.741"}]}
RESULT: {"script":"<script> [8489 bytes]","args":[{"element-6066-11e4-a52e-4f735466cecf":"f.65BB919C5CBEEA7CAD9584A6682CE4E0.d.49F2567343139E7FA5B88EFD4BA046F0.e.741","ELEMENT":"f.65BB919C5CBEEA7CAD9584A6682CE4E0.d.49F2567343139E7FA5B88EFD4BA046F0.e.741"}]}
COMMAND: POST /session/216472d7d847287ace3a34c5cc31053d/execute/async - {"script":"<script> [1562 bytes]","args":[{"selector":{"id":"application-manageyards-display-component---NewYard--addressNewCostObjectCstID-vhi"},"wdio_ui5_key":"applicationmanageyards-display-component---NewYard--addressNewCostObjectCstID-vhi"}]}
COMMAND: GET /session/216472d7d847287ace3a34c5cc31053d/screenshot - {}
RESULT: {"script":"<script> [1562 bytes]","args":[{"selector":{"id":"application-manageyards-display-component---NewYard--addressNewCostObjectCstID-vhi"},"wdio_ui5_key":"applicationmanageyards-display-component---NewYard--addressNewCostObjectCstID-vhi"}]}
RESULT: undefined
COMMAND: POST /session/216472d7d847287ace3a34c5cc31053d/element - {"using":"xpath","value":"//*[@id=\"application-manageyards-display-component---NewYard--addressNewCostObjectCstID-vhi\"]"}
RESULT: {}
RESULT: {"using":"xpath","value":"//*[@id=\"application-manageyards-display-component---NewYard--addressNewCostObjectCstID-vhi\"]"}
COMMAND: POST /session/216472d7d847287ace3a34c5cc31053d/element/f.65BB919C5CBEEA7CAD9584A6682CE4E0.d.49F2567343139E7FA5B88EFD4BA046F0.e.741/click - {}
RESULT: {}
COMMAND: GET /session/216472d7d847287ace3a34c5cc31053d/screenshot - {}
RESULT: {}
COMMAND: POST /session/216472d7d847287ace3a34c5cc31053d/execute/async - {"script":"<script> [1562 bytes]","args":[{"selector":{"controlType":"sap.m.SearchField","properties":{"placeholder":"Search"},"searchOpenDialogs":true,"interaction":{"idSuffix":"I"}},"wdio_ui5_key":"sapm.SearchField{\"placeholder\":\"Search\"}"}]}
RESULT: {"script":"<script> [1562 bytes]","args":[{"selector":{"controlType":"sap.m.SearchField","properties":{"placeholder":"Search"},"searchOpenDialogs":true,"interaction":{"idSuffix":"I"}},"wdio_ui5_key":"sapm.SearchField{\"placeholder\":\"Search\"}"}]}
RESULT: undefined
COMMAND: POST /session/216472d7d847287ace3a34c5cc31053d/execute/async - {"script":"<script> [776 bytes]","args":[{"enterText":"bauh_b","selector":{"controlType":"sap.m.SearchField","properties":{"placeholder":"Search"},"searchOpenDialogs":true,"interaction":{"idSuffix":"I"}},"clearTextFirst":true,"interactionType":"ENTER_TEXT"}]}
RESULT: {"script":"<script> [776 bytes]","args":[{"enterText":"bauh_b","selector":{"controlType":"sap.m.SearchField","properties":{"placeholder":"Search"},"searchOpenDialogs":true,"interaction":{"idSuffix":"I"}},"clearTextFirst":true,"interactionType":"ENTER_TEXT"}]}
COMMAND: POST /session/216472d7d847287ace3a34c5cc31053d/actions - {"actions":[{"id":"action1","type":"key","parameters":{},"actions":[{"type":"keyDown","value":"î€‡"},{"type":"pause","duration":10},{"type":"keyUp","value":"î€‡"}]}]}
RESULT: {"actions":[{"id":"action1","type":"key","parameters":{},"actions":[{"type":"keyDown","value":"î€‡"},{"type":"pause","duration":10},{"type":"keyUp","value":"î€‡"}]}]}
COMMAND: GET /session/216472d7d847287ace3a34c5cc31053d/screenshot - {}
RESULT: {}
COMMAND: POST /session/216472d7d847287ace3a34c5cc31053d/element - {"using":"xpath","value":"//span[contains(text(), \"Demo Yard\")]"}
RESULT: {"using":"xpath","value":"//span[contains(text(), \"Demo Yard\")]"}
COMMAND: POST /session/216472d7d847287ace3a34c5cc31053d/element/f.65BB919C5CBEEA7CAD9584A6682CE4E0.d.49F2567343139E7FA5B88EFD4BA046F0.e.782/click - {}
RESULT: {}
COMMAND: GET /session/216472d7d847287ace3a34c5cc31053d/screenshot - {}
RESULT: {}
COMMAND: POST /session/216472d7d847287ace3a34c5cc31053d/element - {"using":"xpath","value":"//bdi[contains(text(), \"OK\")]"}
RESULT: {"using":"xpath","value":"//bdi[contains(text(), \"OK\")]"}
COMMAND: POST /session/216472d7d847287ace3a34c5cc31053d/element/f.65BB919C5CBEEA7CAD9584A6682CE4E0.d.49F2567343139E7FA5B88EFD4BA046F0.e.783/click - {}
RESULT: {}
COMMAND: GET /session/216472d7d847287ace3a34c5cc31053d/screenshot - {}
RESULT: {}
COMMAND: POST /session/216472d7d847287ace3a34c5cc31053d/execute/async - {"script":"<script> [1562 bytes]","args":[{"selector":{"id":"application-manageyards-display-component---NewYard--addressEditDetailsCurrency-arrow"},"wdio_ui5_key":"applicationmanageyards-display-component---NewYard--addressEditDetailsCurrency-arrow"}]}
RESULT: {"script":"<script> [1562 bytes]","args":[{"selector":{"id":"application-manageyards-display-component---NewYard--addressEditDetailsCurrency-arrow"},"wdio_ui5_key":"applicationmanageyards-display-component---NewYard--addressEditDetailsCurrency-arrow"}]}
RESULT: undefined
COMMAND: POST /session/216472d7d847287ace3a34c5cc31053d/element - {"using":"xpath","value":"//*[@id=\"application-manageyards-display-component---NewYard--addressEditDetailsCurrency-arrow\"]"}
RESULT: {"using":"xpath","value":"//*[@id=\"application-manageyards-display-component---NewYard--addressEditDetailsCurrency-arrow\"]"}
COMMAND: POST /session/216472d7d847287ace3a34c5cc31053d/element/f.65BB919C5CBEEA7CAD9584A6682CE4E0.d.49F2567343139E7FA5B88EFD4BA046F0.e.786/click - {}
RESULT: {}
COMMAND: POST /session/216472d7d847287ace3a34c5cc31053d/element - {"using":"xpath","value":"//span[contains(text(), \"Euro\")]"}
COMMAND: GET /session/216472d7d847287ace3a34c5cc31053d/screenshot - {}
RESULT: {"using":"xpath","value":"//span[contains(text(), \"Euro\")]"}
COMMAND: POST /session/216472d7d847287ace3a34c5cc31053d/element/f.65BB919C5CBEEA7CAD9584A6682CE4E0.d.49F2567343139E7FA5B88EFD4BA046F0.e.787/click - {}
RESULT: {}
RESULT: {}
COMMAND: POST /session/216472d7d847287ace3a34c5cc31053d/execute/async - {"script":"<script> [1562 bytes]","args":[{"selector":{"controlType":"sap.m.Input","viewName":"etm.portal.ui.manageyards.view.New","viewId":"application-manageyards-display-component---NewYard","bindingPath":{"path":"","propertyPath":"/CONTROLLING_AREA","modelName":"NewYardModel"},"interaction":{"idSuffix":"inner"}},"wdio_ui5_key":"etmportal.ui.manageyards.view.Newsap.m.Input{\"path\":\"\",\"propertyPath\":\"/CONTROLLING_AREA\",\"modelName\":\"NewYardModel\"}"}]}
COMMAND: GET /session/216472d7d847287ace3a34c5cc31053d/screenshot - {}
RESULT: {"script":"<script> [1562 bytes]","args":[{"selector":{"controlType":"sap.m.Input","viewName":"etm.portal.ui.manageyards.view.New","viewId":"application-manageyards-display-component---NewYard","bindingPath":{"path":"","propertyPath":"/CONTROLLING_AREA","modelName":"NewYardModel"},"interaction":{"idSuffix":"inner"}},"wdio_ui5_key":"etmportal.ui.manageyards.view.Newsap.m.Input{\"path\":\"\",\"propertyPath\":\"/CONTROLLING_AREA\",\"modelName\":\"NewYardModel\"}"}]}
RESULT: undefined
COMMAND: POST /session/216472d7d847287ace3a34c5cc31053d/execute/async - {"script":"<script> [776 bytes]","args":[{"enterText":"Z001","selector":{"controlType":"sap.m.Input","viewName":"etm.portal.ui.manageyards.view.New","viewId":"application-manageyards-display-component---NewYard","bindingPath":{"path":"","propertyPath":"/CONTROLLING_AREA","modelName":"NewYardModel"},"interaction":{"idSuffix":"inner"}},"clearTextFirst":true,"interactionType":"ENTER_TEXT"}]}
RESULT: {}
RESULT: {"script":"<script> [776 bytes]","args":[{"enterText":"Z001","selector":{"controlType":"sap.m.Input","viewName":"etm.portal.ui.manageyards.view.New","viewId":"application-manageyards-display-component---NewYard","bindingPath":{"path":"","propertyPath":"/CONTROLLING_AREA","modelName":"NewYardModel"},"interaction":{"idSuffix":"inner"}},"clearTextFirst":true,"interactionType":"ENTER_TEXT"}]}
COMMAND: POST /session/216472d7d847287ace3a34c5cc31053d/execute/async - {"script":"<script> [1562 bytes]","args":[{"selector":{"id":"application-manageyards-display-component---NewYard--companyCodeComboBox","interaction":{"idSuffix":"inner"}},"wdio_ui5_key":"applicationmanageyards-display-component---NewYard--companyCodeComboBox"}]}
RESULT: {"script":"<script> [1562 bytes]","args":[{"selector":{"id":"application-manageyards-display-component---NewYard--companyCodeComboBox","interaction":{"idSuffix":"inner"}},"wdio_ui5_key":"applicationmanageyards-display-component---NewYard--companyCodeComboBox"}]}
RESULT: undefined
COMMAND: POST /session/216472d7d847287ace3a34c5cc31053d/execute/async - {"script":"<script> [776 bytes]","args":[{"enterText":"1000","selector":{"id":"application-manageyards-display-component---NewYard--companyCodeComboBox","interaction":{"idSuffix":"inner"}},"clearTextFirst":true,"interactionType":"ENTER_TEXT"}]}
RESULT: {"script":"<script> [776 bytes]","args":[{"enterText":"1000","selector":{"id":"application-manageyards-display-component---NewYard--companyCodeComboBox","interaction":{"idSuffix":"inner"}},"clearTextFirst":true,"interactionType":"ENTER_TEXT"}]}
COMMAND: POST /session/216472d7d847287ace3a34c5cc31053d/execute/async - {"script":"<script> [1562 bytes]","args":[{"selector":{"controlType":"sap.m.Input","viewName":"etm.portal.ui.manageyards.view.New","viewId":"application-manageyards-display-component---NewYard","bindingPath":{"path":"","propertyPath":"/PLANT","modelName":"NewYardModel"},"interaction":{"idSuffix":"inner"}},"wdio_ui5_key":"etmportal.ui.manageyards.view.Newsap.m.Input{\"path\":\"\",\"propertyPath\":\"/PLANT\",\"modelName\":\"NewYardModel\"}"}]}
RESULT: {"script":"<script> [1562 bytes]","args":[{"selector":{"controlType":"sap.m.Input","viewName":"etm.portal.ui.manageyards.view.New","viewId":"application-manageyards-display-component---NewYard","bindingPath":{"path":"","propertyPath":"/PLANT","modelName":"NewYardModel"},"interaction":{"idSuffix":"inner"}},"wdio_ui5_key":"etmportal.ui.manageyards.view.Newsap.m.Input{\"path\":\"\",\"propertyPath\":\"/PLANT\",\"modelName\":\"NewYardModel\"}"}]}
RESULT: undefined
COMMAND: POST /session/216472d7d847287ace3a34c5cc31053d/execute/async - {"script":"<script> [776 bytes]","args":[{"enterText":"1001","selector":{"controlType":"sap.m.Input","viewName":"etm.portal.ui.manageyards.view.New","viewId":"application-manageyards-display-component---NewYard","bindingPath":{"path":"","propertyPath":"/PLANT","modelName":"NewYardModel"},"interaction":{"idSuffix":"inner"}},"clearTextFirst":true,"interactionType":"ENTER_TEXT"}]}
RESULT: {"script":"<script> [776 bytes]","args":[{"enterText":"1001","selector":{"controlType":"sap.m.Input","viewName":"etm.portal.ui.manageyards.view.New","viewId":"application-manageyards-display-component---NewYard","bindingPath":{"path":"","propertyPath":"/PLANT","modelName":"NewYardModel"},"interaction":{"idSuffix":"inner"}},"clearTextFirst":true,"interactionType":"ENTER_TEXT"}]}
COMMAND: POST /session/216472d7d847287ace3a34c5cc31053d/execute/async - {"script":"<script> [1562 bytes]","args":[{"selector":{"controlType":"sap.m.Input","viewName":"etm.portal.ui.manageyards.view.New","viewId":"application-manageyards-display-component---NewYard","bindingPath":{"path":"","propertyPath":"/SALES_AREA_VKORG","modelName":"NewYardModel"},"interaction":{"idSuffix":"inner"}},"wdio_ui5_key":"etmportal.ui.manageyards.view.Newsap.m.Input{\"path\":\"\",\"propertyPath\":\"/SALES_AREA_VKORG\",\"modelName\":\"NewYardModel\"}"}]}
RESULT: {"script":"<script> [1562 bytes]","args":[{"selector":{"controlType":"sap.m.Input","viewName":"etm.portal.ui.manageyards.view.New","viewId":"application-manageyards-display-component---NewYard","bindingPath":{"path":"","propertyPath":"/SALES_AREA_VKORG","modelName":"NewYardModel"},"interaction":{"idSuffix":"inner"}},"wdio_ui5_key":"etmportal.ui.manageyards.view.Newsap.m.Input{\"path\":\"\",\"propertyPath\":\"/SALES_AREA_VKORG\",\"modelName\":\"NewYardModel\"}"}]}
RESULT: undefined
COMMAND: POST /session/216472d7d847287ace3a34c5cc31053d/execute/async - {"script":"<script> [776 bytes]","args":[{"enterText":"C002","selector":{"controlType":"sap.m.Input","viewName":"etm.portal.ui.manageyards.view.New","viewId":"application-manageyards-display-component---NewYard","bindingPath":{"path":"","propertyPath":"/SALES_AREA_VKORG","modelName":"NewYardModel"},"interaction":{"idSuffix":"inner"}},"clearTextFirst":true,"interactionType":"ENTER_TEXT"}]}
RESULT: {"script":"<script> [776 bytes]","args":[{"enterText":"C002","selector":{"controlType":"sap.m.Input","viewName":"etm.portal.ui.manageyards.view.New","viewId":"application-manageyards-display-component---NewYard","bindingPath":{"path":"","propertyPath":"/SALES_AREA_VKORG","modelName":"NewYardModel"},"interaction":{"idSuffix":"inner"}},"clearTextFirst":true,"interactionType":"ENTER_TEXT"}]}
COMMAND: POST /session/216472d7d847287ace3a34c5cc31053d/execute/async - {"script":"<script> [1562 bytes]","args":[{"selector":{"controlType":"sap.m.Input","viewName":"etm.portal.ui.manageyards.view.New","viewId":"application-manageyards-display-component---NewYard","bindingPath":{"path":"","propertyPath":"/SALES_AREA_VTWEG","modelName":"NewYardModel"},"interaction":{"idSuffix":"inner"}},"wdio_ui5_key":"etmportal.ui.manageyards.view.Newsap.m.Input{\"path\":\"\",\"propertyPath\":\"/SALES_AREA_VTWEG\",\"modelName\":\"NewYardModel\"}"}]}
RESULT: {"script":"<script> [1562 bytes]","args":[{"selector":{"controlType":"sap.m.Input","viewName":"etm.portal.ui.manageyards.view.New","viewId":"application-manageyards-display-component---NewYard","bindingPath":{"path":"","propertyPath":"/SALES_AREA_VTWEG","modelName":"NewYardModel"},"interaction":{"idSuffix":"inner"}},"wdio_ui5_key":"etmportal.ui.manageyards.view.Newsap.m.Input{\"path\":\"\",\"propertyPath\":\"/SALES_AREA_VTWEG\",\"modelName\":\"NewYardModel\"}"}]}
RESULT: undefined
COMMAND: POST /session/216472d7d847287ace3a34c5cc31053d/execute/async - {"script":"<script> [776 bytes]","args":[{"enterText":"C2","selector":{"controlType":"sap.m.Input","viewName":"etm.portal.ui.manageyards.view.New","viewId":"application-manageyards-display-component---NewYard","bindingPath":{"path":"","propertyPath":"/SALES_AREA_VTWEG","modelName":"NewYardModel"},"interaction":{"idSuffix":"inner"}},"clearTextFirst":true,"interactionType":"ENTER_TEXT"}]}
RESULT: {"script":"<script> [776 bytes]","args":[{"enterText":"C2","selector":{"controlType":"sap.m.Input","viewName":"etm.portal.ui.manageyards.view.New","viewId":"application-manageyards-display-component---NewYard","bindingPath":{"path":"","propertyPath":"/SALES_AREA_VTWEG","modelName":"NewYardModel"},"interaction":{"idSuffix":"inner"}},"clearTextFirst":true,"interactionType":"ENTER_TEXT"}]}
COMMAND: POST /session/216472d7d847287ace3a34c5cc31053d/execute/async - {"script":"<script> [1562 bytes]","args":[{"selector":{"controlType":"sap.m.Input","viewName":"etm.portal.ui.manageyards.view.New","viewId":"application-manageyards-display-component---NewYard","bindingPath":{"path":"","propertyPath":"/SALES_AREA_SPART","modelName":"NewYardModel"},"interaction":{"idSuffix":"inner"}},"wdio_ui5_key":"etmportal.ui.manageyards.view.Newsap.m.Input{\"path\":\"\",\"propertyPath\":\"/SALES_AREA_SPART\",\"modelName\":\"NewYardModel\"}"}]}
RESULT: {"script":"<script> [1562 bytes]","args":[{"selector":{"controlType":"sap.m.Input","viewName":"etm.portal.ui.manageyards.view.New","viewId":"application-manageyards-display-component---NewYard","bindingPath":{"path":"","propertyPath":"/SALES_AREA_SPART","modelName":"NewYardModel"},"interaction":{"idSuffix":"inner"}},"wdio_ui5_key":"etmportal.ui.manageyards.view.Newsap.m.Input{\"path\":\"\",\"propertyPath\":\"/SALES_AREA_SPART\",\"modelName\":\"NewYardModel\"}"}]}
RESULT: undefined
COMMAND: POST /session/216472d7d847287ace3a34c5cc31053d/execute/async - {"script":"<script> [776 bytes]","args":[{"enterText":"C2","selector":{"controlType":"sap.m.Input","viewName":"etm.portal.ui.manageyards.view.New","viewId":"application-manageyards-display-component---NewYard","bindingPath":{"path":"","propertyPath":"/SALES_AREA_SPART","modelName":"NewYardModel"},"interaction":{"idSuffix":"inner"}},"clearTextFirst":true,"interactionType":"ENTER_TEXT"}]}
RESULT: {"script":"<script> [776 bytes]","args":[{"enterText":"C2","selector":{"controlType":"sap.m.Input","viewName":"etm.portal.ui.manageyards.view.New","viewId":"application-manageyards-display-component---NewYard","bindingPath":{"path":"","propertyPath":"/SALES_AREA_SPART","modelName":"NewYardModel"},"interaction":{"idSuffix":"inner"}},"clearTextFirst":true,"interactionType":"ENTER_TEXT"}]}
COMMAND: POST /session/216472d7d847287ace3a34c5cc31053d/execute/async - {"script":"<script> [1562 bytes]","args":[{"selector":{"controlType":"sap.m.Input","viewName":"etm.portal.ui.manageyards.view.New","viewId":"application-manageyards-display-component---NewYard","bindingPath":{"path":"","propertyPath":"/SHIP_POINT","modelName":"NewYardModel"},"interaction":{"idSuffix":"inner"}},"wdio_ui5_key":"etmportal.ui.manageyards.view.Newsap.m.Input{\"path\":\"\",\"propertyPath\":\"/SHIP_POINT\",\"modelName\":\"NewYardModel\"}"}]}
RESULT: {"script":"<script> [1562 bytes]","args":[{"selector":{"controlType":"sap.m.Input","viewName":"etm.portal.ui.manageyards.view.New","viewId":"application-manageyards-display-component---NewYard","bindingPath":{"path":"","propertyPath":"/SHIP_POINT","modelName":"NewYardModel"},"interaction":{"idSuffix":"inner"}},"wdio_ui5_key":"etmportal.ui.manageyards.view.Newsap.m.Input{\"path\":\"\",\"propertyPath\":\"/SHIP_POINT\",\"modelName\":\"NewYardModel\"}"}]}
RESULT: undefined
COMMAND: POST /session/216472d7d847287ace3a34c5cc31053d/execute/async - {"script":"<script> [776 bytes]","args":[{"enterText":"1710","selector":{"controlType":"sap.m.Input","viewName":"etm.portal.ui.manageyards.view.New","viewId":"application-manageyards-display-component---NewYard","bindingPath":{"path":"","propertyPath":"/SHIP_POINT","modelName":"NewYardModel"},"interaction":{"idSuffix":"inner"}},"clearTextFirst":true,"interactionType":"ENTER_TEXT"}]}
RESULT: {"script":"<script> [776 bytes]","args":[{"enterText":"1710","selector":{"controlType":"sap.m.Input","viewName":"etm.portal.ui.manageyards.view.New","viewId":"application-manageyards-display-component---NewYard","bindingPath":{"path":"","propertyPath":"/SHIP_POINT","modelName":"NewYardModel"},"interaction":{"idSuffix":"inner"}},"clearTextFirst":true,"interactionType":"ENTER_TEXT"}]}
COMMAND: POST /session/216472d7d847287ace3a34c5cc31053d/execute/async - {"script":"<script> [1562 bytes]","args":[{"selector":{"controlType":"sap.m.Input","viewName":"etm.portal.ui.manageyards.view.New","viewId":"application-manageyards-display-component---NewYard","bindingPath":{"path":"","propertyPath":"/DELIVERY_TYPE","modelName":"NewYardModel"},"interaction":{"idSuffix":"inner"}},"wdio_ui5_key":"etmportal.ui.manageyards.view.Newsap.m.Input{\"path\":\"\",\"propertyPath\":\"/DELIVERY_TYPE\",\"modelName\":\"NewYardModel\"}"}]}
RESULT: {"script":"<script> [1562 bytes]","args":[{"selector":{"controlType":"sap.m.Input","viewName":"etm.portal.ui.manageyards.view.New","viewId":"application-manageyards-display-component---NewYard","bindingPath":{"path":"","propertyPath":"/DELIVERY_TYPE","modelName":"NewYardModel"},"interaction":{"idSuffix":"inner"}},"wdio_ui5_key":"etmportal.ui.manageyards.view.Newsap.m.Input{\"path\":\"\",\"propertyPath\":\"/DELIVERY_TYPE\",\"modelName\":\"NewYardModel\"}"}]}
RESULT: undefined
COMMAND: POST /session/216472d7d847287ace3a34c5cc31053d/execute/async - {"script":"<script> [776 bytes]","args":[{"enterText":"ZL01","selector":{"controlType":"sap.m.Input","viewName":"etm.portal.ui.manageyards.view.New","viewId":"application-manageyards-display-component---NewYard","bindingPath":{"path":"","propertyPath":"/DELIVERY_TYPE","modelName":"NewYardModel"},"interaction":{"idSuffix":"inner"}},"clearTextFirst":true,"interactionType":"ENTER_TEXT"}]}
RESULT: {"script":"<script> [776 bytes]","args":[{"enterText":"ZL01","selector":{"controlType":"sap.m.Input","viewName":"etm.portal.ui.manageyards.view.New","viewId":"application-manageyards-display-component---NewYard","bindingPath":{"path":"","propertyPath":"/DELIVERY_TYPE","modelName":"NewYardModel"},"interaction":{"idSuffix":"inner"}},"clearTextFirst":true,"interactionType":"ENTER_TEXT"}]}
COMMAND: POST /session/216472d7d847287ace3a34c5cc31053d/execute/async - {"script":"<script> [1562 bytes]","args":[{"selector":{"controlType":"sap.m.Input","viewName":"etm.portal.ui.manageyards.view.New","viewId":"application-manageyards-display-component---NewYard","bindingPath":{"path":"","propertyPath":"/AUART","modelName":"NewYardModel"},"interaction":{"idSuffix":"inner"}},"wdio_ui5_key":"etmportal.ui.manageyards.view.Newsap.m.Input{\"path\":\"\",\"propertyPath\":\"/AUART\",\"modelName\":\"NewYardModel\"}"}]}
RESULT: {"script":"<script> [1562 bytes]","args":[{"selector":{"controlType":"sap.m.Input","viewName":"etm.portal.ui.manageyards.view.New","viewId":"application-manageyards-display-component---NewYard","bindingPath":{"path":"","propertyPath":"/AUART","modelName":"NewYardModel"},"interaction":{"idSuffix":"inner"}},"wdio_ui5_key":"etmportal.ui.manageyards.view.Newsap.m.Input{\"path\":\"\",\"propertyPath\":\"/AUART\",\"modelName\":\"NewYardModel\"}"}]}
RESULT: undefined
COMMAND: POST /session/216472d7d847287ace3a34c5cc31053d/execute/async - {"script":"<script> [776 bytes]","args":[{"enterText":"TA","selector":{"controlType":"sap.m.Input","viewName":"etm.portal.ui.manageyards.view.New","viewId":"application-manageyards-display-component---NewYard","bindingPath":{"path":"","propertyPath":"/AUART","modelName":"NewYardModel"},"interaction":{"idSuffix":"inner"}},"clearTextFirst":true,"interactionType":"ENTER_TEXT"}]}
RESULT: {"script":"<script> [776 bytes]","args":[{"enterText":"TA","selector":{"controlType":"sap.m.Input","viewName":"etm.portal.ui.manageyards.view.New","viewId":"application-manageyards-display-component---NewYard","bindingPath":{"path":"","propertyPath":"/AUART","modelName":"NewYardModel"},"interaction":{"idSuffix":"inner"}},"clearTextFirst":true,"interactionType":"ENTER_TEXT"}]}
COMMAND: POST /session/216472d7d847287ace3a34c5cc31053d/element - {"using":"xpath","value":"//button[@data-kt=\"newYardSaveButton\"]"}
RESULT: {"using":"xpath","value":"//button[@data-kt=\"newYardSaveButton\"]"}
COMMAND: POST /session/216472d7d847287ace3a34c5cc31053d/element/f.65BB919C5CBEEA7CAD9584A6682CE4E0.d.49F2567343139E7FA5B88EFD4BA046F0.e.715/click - {}
RESULT: {}
COMMAND: GET /session/216472d7d847287ace3a34c5cc31053d/screenshot - {}
RESULT: {}
COMMAND: POST /session/216472d7d847287ace3a34c5cc31053d/element - {"using":"xpath","value":"//header[contains(@id, 'ObjectPageLayout-headerTitle')]/div[1]/div[2]/div[1]/span[1]"}
RESULT: {"using":"xpath","value":"//header[contains(@id, 'ObjectPageLayout-headerTitle')]/div[1]/div[2]/div[1]/span[1]"}
COMMAND: POST /session/216472d7d847287ace3a34c5cc31053d/elements - {"using":"xpath","value":"//header[contains(@id, 'ObjectPageLayout-headerTitle')]/div[1]/div[2]/div[1]/span[1]"}
RESULT: {"using":"xpath","value":"//header[contains(@id, 'ObjectPageLayout-headerTitle')]/div[1]/div[2]/div[1]/span[1]"}
COMMAND: POST /session/216472d7d847287ace3a34c5cc31053d/execute/sync - {"script":"<script> [56 bytes]","args":[{"element-6066-11e4-a52e-4f735466cecf":"f.65BB919C5CBEEA7CAD9584A6682CE4E0.d.49F2567343139E7FA5B88EFD4BA046F0.e.1006","ELEMENT":"f.65BB919C5CBEEA7CAD9584A6682CE4E0.d.49F2567343139E7FA5B88EFD4BA046F0.e.1006"}]}
RESULT: {"script":"<script> [56 bytes]","args":[{"element-6066-11e4-a52e-4f735466cecf":"f.65BB919C5CBEEA7CAD9584A6682CE4E0.d.49F2567343139E7FA5B88EFD4BA046F0.e.1006","ELEMENT":"f.65BB919C5CBEEA7CAD9584A6682CE4E0.d.49F2567343139E7FA5B88EFD4BA046F0.e.1006"}]}
COMMAND: GET /session/216472d7d847287ace3a34c5cc31053d/screenshot - {}
RESULT: {}
COMMAND: POST /session/216472d7d847287ace3a34c5cc31053d/element - {"using":"css selector","value":"#shell-header-logo"}
RESULT: {"using":"css selector","value":"#shell-header-logo"}
COMMAND: POST /session/216472d7d847287ace3a34c5cc31053d/element/f.65BB919C5CBEEA7CAD9584A6682CE4E0.d.49F2567343139E7FA5B88EFD4BA046F0.e.267/click - {}
RESULT: {}
COMMAND: GET /session/216472d7d847287ace3a34c5cc31053d/screenshot - {}
RESULT: {}
COMMAND: POST /session/216472d7d847287ace3a34c5cc31053d/execute/sync - {"script":"<script> [299 bytes]","args":[["getModel","getResource"]]}
RESULT: {"script":"<script> [299 bytes]","args":[["getModel","getResource"]]}
COMMAND: GET /session/216472d7d847287ace3a34c5cc31053d/screenshot - {}
]]></system-out>
    </testcase>
    <testcase classname="chrome.137_0_7151_56.windows.Tests_for_Mass_State_Change_on_Manage_States_&amp;_Performances_US104416_US" name="Prereq Should create a new partner" time="147.541">
      <system-out><![CDATA[
RESULT: {}
COMMAND: POST /session/216472d7d847287ace3a34c5cc31053d/window/fullscreen - {}
RESULT: {}
COMMAND: POST /session/216472d7d847287ace3a34c5cc31053d/execute/async - {"script":"<script> [1562 bytes]","args":[{"selector":{"controlType":"sap.m.GenericTile","properties":{"header":"Manage Partners"}},"wdio_ui5_key":"sapm.GenericTile{\"header\":\"Manage Partners\"}"}]}
RESULT: {"script":"<script> [1562 bytes]","args":[{"selector":{"controlType":"sap.m.GenericTile","properties":{"header":"Manage Partners"}},"wdio_ui5_key":"sapm.GenericTile{\"header\":\"Manage Partners\"}"}]}
RESULT: undefined
COMMAND: POST /session/216472d7d847287ace3a34c5cc31053d/element - {"using":"xpath","value":"//*[@id=\"__tile38\"]"}
RESULT: {"using":"xpath","value":"//*[@id=\"__tile38\"]"}
COMMAND: POST /session/216472d7d847287ace3a34c5cc31053d/element/f.65BB919C5CBEEA7CAD9584A6682CE4E0.d.49F2567343139E7FA5B88EFD4BA046F0.e.155/click - {}
RESULT: {}
COMMAND: GET /session/216472d7d847287ace3a34c5cc31053d/screenshot - {}
RESULT: {}
COMMAND: POST /session/216472d7d847287ace3a34c5cc31053d/elements - {"using":"xpath","value":"//span[text()='Error']"}
RESULT: {"using":"xpath","value":"//span[text()='Error']"}
COMMAND: POST /session/216472d7d847287ace3a34c5cc31053d/element - {"using":"xpath","value":"//button[@data-kt=\"addButton\"]"}
RESULT: {"using":"xpath","value":"//button[@data-kt=\"addButton\"]"}
COMMAND: POST /session/216472d7d847287ace3a34c5cc31053d/elements - {"using":"xpath","value":"//button[@data-kt=\"addButton\"]"}
RESULT: {"using":"xpath","value":"//button[@data-kt=\"addButton\"]"}
COMMAND: POST /session/216472d7d847287ace3a34c5cc31053d/elements - {"using":"xpath","value":"//button[@data-kt=\"addButton\"]"}
RESULT: {"using":"xpath","value":"//button[@data-kt=\"addButton\"]"}
COMMAND: POST /session/216472d7d847287ace3a34c5cc31053d/element - {"using":"xpath","value":"//button[@data-kt=\"addButton\"]"}
RESULT: {"using":"xpath","value":"//button[@data-kt=\"addButton\"]"}
COMMAND: POST /session/216472d7d847287ace3a34c5cc31053d/execute/sync - {"script":"<script> [8489 bytes]","args":[{"element-6066-11e4-a52e-4f735466cecf":"f.65BB919C5CBEEA7CAD9584A6682CE4E0.d.49F2567343139E7FA5B88EFD4BA046F0.e.1044","ELEMENT":"f.65BB919C5CBEEA7CAD9584A6682CE4E0.d.49F2567343139E7FA5B88EFD4BA046F0.e.1044"}]}
RESULT: {"script":"<script> [8489 bytes]","args":[{"element-6066-11e4-a52e-4f735466cecf":"f.65BB919C5CBEEA7CAD9584A6682CE4E0.d.49F2567343139E7FA5B88EFD4BA046F0.e.1044","ELEMENT":"f.65BB919C5CBEEA7CAD9584A6682CE4E0.d.49F2567343139E7FA5B88EFD4BA046F0.e.1044"}]}
COMMAND: GET /session/216472d7d847287ace3a34c5cc31053d/element/f.65BB919C5CBEEA7CAD9584A6682CE4E0.d.49F2567343139E7FA5B88EFD4BA046F0.e.1044/enabled - {}
COMMAND: GET /session/216472d7d847287ace3a34c5cc31053d/screenshot - {}
RESULT: {}
COMMAND: POST /session/216472d7d847287ace3a34c5cc31053d/execute/sync - {"script":"<script> [8489 bytes]","args":[{"element-6066-11e4-a52e-4f735466cecf":"f.65BB919C5CBEEA7CAD9584A6682CE4E0.d.49F2567343139E7FA5B88EFD4BA046F0.e.1044","ELEMENT":"f.65BB919C5CBEEA7CAD9584A6682CE4E0.d.49F2567343139E7FA5B88EFD4BA046F0.e.1044"}]}
COMMAND: GET /session/216472d7d847287ace3a34c5cc31053d/screenshot - {}
RESULT: {}
RESULT: {"script":"<script> [8489 bytes]","args":[{"element-6066-11e4-a52e-4f735466cecf":"f.65BB919C5CBEEA7CAD9584A6682CE4E0.d.49F2567343139E7FA5B88EFD4BA046F0.e.1044","ELEMENT":"f.65BB919C5CBEEA7CAD9584A6682CE4E0.d.49F2567343139E7FA5B88EFD4BA046F0.e.1044"}]}
COMMAND: POST /session/216472d7d847287ace3a34c5cc31053d/execute/sync - {"script":"<script> [5351 bytes]","args":[{"element-6066-11e4-a52e-4f735466cecf":"f.65BB919C5CBEEA7CAD9584A6682CE4E0.d.49F2567343139E7FA5B88EFD4BA046F0.e.1044","ELEMENT":"f.65BB919C5CBEEA7CAD9584A6682CE4E0.d.49F2567343139E7FA5B88EFD4BA046F0.e.1044"}]}
COMMAND: GET /session/216472d7d847287ace3a34c5cc31053d/screenshot - {}
RESULT: {}
RESULT: {"script":"<script> [5351 bytes]","args":[{"element-6066-11e4-a52e-4f735466cecf":"f.65BB919C5CBEEA7CAD9584A6682CE4E0.d.49F2567343139E7FA5B88EFD4BA046F0.e.1044","ELEMENT":"f.65BB919C5CBEEA7CAD9584A6682CE4E0.d.49F2567343139E7FA5B88EFD4BA046F0.e.1044"}]}
COMMAND: POST /session/216472d7d847287ace3a34c5cc31053d/element/f.65BB919C5CBEEA7CAD9584A6682CE4E0.d.49F2567343139E7FA5B88EFD4BA046F0.e.1044/click - {}
RESULT: {}
RESULT: {}
COMMAND: GET /session/216472d7d847287ace3a34c5cc31053d/screenshot - {}
COMMAND: GET /session/216472d7d847287ace3a34c5cc31053d/screenshot - {}
RESULT: {}
RESULT: {}
COMMAND: POST /session/216472d7d847287ace3a34c5cc31053d/execute/async - {"script":"<script> [1562 bytes]","args":[{"selector":{"id":"application-managepartners-display-component---NewPartner--addressDetailDetailsName1","interaction":{"idSuffix":"inner"}},"wdio_ui5_key":"applicationmanagepartners-display-component---NewPartner--addressDetailDetailsName1"}]}
RESULT: {"script":"<script> [1562 bytes]","args":[{"selector":{"id":"application-managepartners-display-component---NewPartner--addressDetailDetailsName1","interaction":{"idSuffix":"inner"}},"wdio_ui5_key":"applicationmanagepartners-display-component---NewPartner--addressDetailDetailsName1"}]}
RESULT: undefined
COMMAND: POST /session/216472d7d847287ace3a34c5cc31053d/execute/async - {"script":"<script> [776 bytes]","args":[{"enterText":"Intracompany Partner WDIO","selector":{"id":"application-managepartners-display-component---NewPartner--addressDetailDetailsName1","interaction":{"idSuffix":"inner"}},"clearTextFirst":true,"interactionType":"ENTER_TEXT"}]}
RESULT: {"script":"<script> [776 bytes]","args":[{"enterText":"Intracompany Partner WDIO","selector":{"id":"application-managepartners-display-component---NewPartner--addressDetailDetailsName1","interaction":{"idSuffix":"inner"}},"clearTextFirst":true,"interactionType":"ENTER_TEXT"}]}
COMMAND: POST /session/216472d7d847287ace3a34c5cc31053d/execute/async - {"script":"<script> [1562 bytes]","args":[{"selector":{"id":"application-managepartners-display-component---NewPartner--addressDetailDetailsLanguage-arrow"},"wdio_ui5_key":"applicationmanagepartners-display-component---NewPartner--addressDetailDetailsLanguage-arrow"}]}
RESULT: {"script":"<script> [1562 bytes]","args":[{"selector":{"id":"application-managepartners-display-component---NewPartner--addressDetailDetailsLanguage-arrow"},"wdio_ui5_key":"applicationmanagepartners-display-component---NewPartner--addressDetailDetailsLanguage-arrow"}]}
RESULT: undefined
COMMAND: POST /session/216472d7d847287ace3a34c5cc31053d/element - {"using":"xpath","value":"//*[@id=\"application-managepartners-display-component---NewPartner--addressDetailDetailsLanguage-arrow\"]"}
RESULT: {"using":"xpath","value":"//*[@id=\"application-managepartners-display-component---NewPartner--addressDetailDetailsLanguage-arrow\"]"}
COMMAND: POST /session/216472d7d847287ace3a34c5cc31053d/element/f.65BB919C5CBEEA7CAD9584A6682CE4E0.d.49F2567343139E7FA5B88EFD4BA046F0.e.1493/click - {}
RESULT: {}
COMMAND: POST /session/216472d7d847287ace3a34c5cc31053d/element - {"using":"xpath","value":"//span[contains(text(), \"English\")]"}
COMMAND: GET /session/216472d7d847287ace3a34c5cc31053d/screenshot - {}
RESULT: {"using":"xpath","value":"//span[contains(text(), \"English\")]"}
COMMAND: POST /session/216472d7d847287ace3a34c5cc31053d/element/f.65BB919C5CBEEA7CAD9584A6682CE4E0.d.49F2567343139E7FA5B88EFD4BA046F0.e.1494/click - {}
RESULT: {}
RESULT: {}
COMMAND: GET /session/216472d7d847287ace3a34c5cc31053d/screenshot - {}
RESULT: {}
COMMAND: POST /session/216472d7d847287ace3a34c5cc31053d/execute/async - {"script":"<script> [1562 bytes]","args":[{"selector":{"id":"application-managepartners-display-component---NewPartner--addressDetailDetailsCity1","interaction":{"idSuffix":"inner"}},"wdio_ui5_key":"applicationmanagepartners-display-component---NewPartner--addressDetailDetailsCity1"}]}
RESULT: {"script":"<script> [1562 bytes]","args":[{"selector":{"id":"application-managepartners-display-component---NewPartner--addressDetailDetailsCity1","interaction":{"idSuffix":"inner"}},"wdio_ui5_key":"applicationmanagepartners-display-component---NewPartner--addressDetailDetailsCity1"}]}
RESULT: undefined
COMMAND: POST /session/216472d7d847287ace3a34c5cc31053d/execute/async - {"script":"<script> [776 bytes]","args":[{"enterText":"Rosario","selector":{"id":"application-managepartners-display-component---NewPartner--addressDetailDetailsCity1","interaction":{"idSuffix":"inner"}},"clearTextFirst":true,"interactionType":"ENTER_TEXT"}]}
RESULT: {"script":"<script> [776 bytes]","args":[{"enterText":"Rosario","selector":{"id":"application-managepartners-display-component---NewPartner--addressDetailDetailsCity1","interaction":{"idSuffix":"inner"}},"clearTextFirst":true,"interactionType":"ENTER_TEXT"}]}
COMMAND: POST /session/216472d7d847287ace3a34c5cc31053d/execute/async - {"script":"<script> [1562 bytes]","args":[{"selector":{"id":"application-managepartners-display-component---NewPartner--addressDetailDetailsCountry-arrow"},"wdio_ui5_key":"applicationmanagepartners-display-component---NewPartner--addressDetailDetailsCountry-arrow"}]}
RESULT: {"script":"<script> [1562 bytes]","args":[{"selector":{"id":"application-managepartners-display-component---NewPartner--addressDetailDetailsCountry-arrow"},"wdio_ui5_key":"applicationmanagepartners-display-component---NewPartner--addressDetailDetailsCountry-arrow"}]}
RESULT: undefined
COMMAND: POST /session/216472d7d847287ace3a34c5cc31053d/element - {"using":"xpath","value":"//*[@id=\"application-managepartners-display-component---NewPartner--addressDetailDetailsCountry-arrow\"]"}
RESULT: {"using":"xpath","value":"//*[@id=\"application-managepartners-display-component---NewPartner--addressDetailDetailsCountry-arrow\"]"}
COMMAND: POST /session/216472d7d847287ace3a34c5cc31053d/element/f.65BB919C5CBEEA7CAD9584A6682CE4E0.d.49F2567343139E7FA5B88EFD4BA046F0.e.1472/click - {}
RESULT: {}
COMMAND: POST /session/216472d7d847287ace3a34c5cc31053d/element - {"using":"xpath","value":"//span[contains(text(), \"Argentina\")]"}
COMMAND: GET /session/216472d7d847287ace3a34c5cc31053d/screenshot - {}
RESULT: {"using":"xpath","value":"//span[contains(text(), \"Argentina\")]"}
COMMAND: POST /session/216472d7d847287ace3a34c5cc31053d/element/f.65BB919C5CBEEA7CAD9584A6682CE4E0.d.49F2567343139E7FA5B88EFD4BA046F0.e.1496/click - {}
RESULT: {}
RESULT: {}
COMMAND: GET /session/216472d7d847287ace3a34c5cc31053d/screenshot - {}
RESULT: {}
COMMAND: POST /session/216472d7d847287ace3a34c5cc31053d/element - {"using":"xpath","value":"//bdi[contains(text(), \"Commercial\")]"}
RESULT: {"using":"xpath","value":"//bdi[contains(text(), \"Commercial\")]"}
COMMAND: POST /session/216472d7d847287ace3a34c5cc31053d/element/f.65BB919C5CBEEA7CAD9584A6682CE4E0.d.49F2567343139E7FA5B88EFD4BA046F0.e.1497/click - {}
RESULT: {}
COMMAND: GET /session/216472d7d847287ace3a34c5cc31053d/screenshot - {}
RESULT: {}
COMMAND: POST /session/216472d7d847287ace3a34c5cc31053d/execute/async - {"script":"<script> [1562 bytes]","args":[{"selector":{"id":"application-managepartners-display-component---NewPartner--partnerDetailInternal-arrow"},"wdio_ui5_key":"applicationmanagepartners-display-component---NewPartner--partnerDetailInternal-arrow"}]}
RESULT: {"script":"<script> [1562 bytes]","args":[{"selector":{"id":"application-managepartners-display-component---NewPartner--partnerDetailInternal-arrow"},"wdio_ui5_key":"applicationmanagepartners-display-component---NewPartner--partnerDetailInternal-arrow"}]}
RESULT: undefined
COMMAND: POST /session/216472d7d847287ace3a34c5cc31053d/element - {"using":"xpath","value":"//*[@id=\"application-managepartners-display-component---NewPartner--partnerDetailInternal-arrow\"]"}
RESULT: {"using":"xpath","value":"//*[@id=\"application-managepartners-display-component---NewPartner--partnerDetailInternal-arrow\"]"}
COMMAND: POST /session/216472d7d847287ace3a34c5cc31053d/element/f.65BB919C5CBEEA7CAD9584A6682CE4E0.d.49F2567343139E7FA5B88EFD4BA046F0.e.1503/click - {}
RESULT: {}
COMMAND: POST /session/216472d7d847287ace3a34c5cc31053d/element - {"using":"xpath","value":"//span[contains(text(), \"Affiliated company\")]"}
COMMAND: GET /session/216472d7d847287ace3a34c5cc31053d/screenshot - {}
RESULT: {"using":"xpath","value":"//span[contains(text(), \"Affiliated company\")]"}
COMMAND: POST /session/216472d7d847287ace3a34c5cc31053d/element/f.65BB919C5CBEEA7CAD9584A6682CE4E0.d.49F2567343139E7FA5B88EFD4BA046F0.e.1506/click - {}
RESULT: {}
RESULT: {}
COMMAND: POST /session/216472d7d847287ace3a34c5cc31053d/execute/async - {"script":"<script> [1562 bytes]","args":[{"selector":{"id":"application-managepartners-display-component---NewPartner--partnerDetailsCurrency-arrow"},"wdio_ui5_key":"applicationmanagepartners-display-component---NewPartner--partnerDetailsCurrency-arrow"}]}
COMMAND: GET /session/216472d7d847287ace3a34c5cc31053d/screenshot - {}
RESULT: {"script":"<script> [1562 bytes]","args":[{"selector":{"id":"application-managepartners-display-component---NewPartner--partnerDetailsCurrency-arrow"},"wdio_ui5_key":"applicationmanagepartners-display-component---NewPartner--partnerDetailsCurrency-arrow"}]}
RESULT: undefined
COMMAND: POST /session/216472d7d847287ace3a34c5cc31053d/element - {"using":"xpath","value":"//*[@id=\"application-managepartners-display-component---NewPartner--partnerDetailsCurrency-arrow\"]"}
RESULT: {}
RESULT: {"using":"xpath","value":"//*[@id=\"application-managepartners-display-component---NewPartner--partnerDetailsCurrency-arrow\"]"}
COMMAND: POST /session/216472d7d847287ace3a34c5cc31053d/element/f.65BB919C5CBEEA7CAD9584A6682CE4E0.d.49F2567343139E7FA5B88EFD4BA046F0.e.1513/click - {}
RESULT: {}
COMMAND: POST /session/216472d7d847287ace3a34c5cc31053d/element - {"using":"xpath","value":"//span[contains(text(), \"Euro\")]"}
COMMAND: GET /session/216472d7d847287ace3a34c5cc31053d/screenshot - {}
RESULT: {"using":"xpath","value":"//span[contains(text(), \"Euro\")]"}
COMMAND: POST /session/216472d7d847287ace3a34c5cc31053d/element/f.65BB919C5CBEEA7CAD9584A6682CE4E0.d.49F2567343139E7FA5B88EFD4BA046F0.e.1514/click - {}
RESULT: {}
RESULT: {}
COMMAND: POST /session/216472d7d847287ace3a34c5cc31053d/execute/async - {"script":"<script> [1562 bytes]","args":[{"selector":{"id":"application-managepartners-display-component---NewPartner--addressEditDetailsCostObjectCstType-arrow"},"wdio_ui5_key":"applicationmanagepartners-display-component---NewPartner--addressEditDetailsCostObjectCstType-arrow"}]}
COMMAND: GET /session/216472d7d847287ace3a34c5cc31053d/screenshot - {}
RESULT: {"script":"<script> [1562 bytes]","args":[{"selector":{"id":"application-managepartners-display-component---NewPartner--addressEditDetailsCostObjectCstType-arrow"},"wdio_ui5_key":"applicationmanagepartners-display-component---NewPartner--addressEditDetailsCostObjectCstType-arrow"}]}
RESULT: undefined
COMMAND: POST /session/216472d7d847287ace3a34c5cc31053d/element - {"using":"xpath","value":"//*[@id=\"application-managepartners-display-component---NewPartner--addressEditDetailsCostObjectCstType-arrow\"]"}
RESULT: {}
RESULT: {"using":"xpath","value":"//*[@id=\"application-managepartners-display-component---NewPartner--addressEditDetailsCostObjectCstType-arrow\"]"}
COMMAND: POST /session/216472d7d847287ace3a34c5cc31053d/element/f.65BB919C5CBEEA7CAD9584A6682CE4E0.d.49F2567343139E7FA5B88EFD4BA046F0.e.1515/click - {}
RESULT: {}
COMMAND: POST /session/216472d7d847287ace3a34c5cc31053d/element - {"using":"xpath","value":"//span[contains(text(), \"Cost Center\")]"}
COMMAND: GET /session/216472d7d847287ace3a34c5cc31053d/screenshot - {}
RESULT: {"using":"xpath","value":"//span[contains(text(), \"Cost Center\")]"}
COMMAND: POST /session/216472d7d847287ace3a34c5cc31053d/element/f.65BB919C5CBEEA7CAD9584A6682CE4E0.d.49F2567343139E7FA5B88EFD4BA046F0.e.1516/click - {}
RESULT: {}
RESULT: {}
COMMAND: GET /session/216472d7d847287ace3a34c5cc31053d/screenshot - {}
RESULT: {}
COMMAND: POST /session/216472d7d847287ace3a34c5cc31053d/element - {"using":"xpath","value":"//span[@id=\"application-managepartners-display-component---NewPartner--addressNewCostObjectCstID-vhi\"]"}
RESULT: {"using":"xpath","value":"//span[@id=\"application-managepartners-display-component---NewPartner--addressNewCostObjectCstID-vhi\"]"}
COMMAND: POST /session/216472d7d847287ace3a34c5cc31053d/execute/sync - {"script":"<script> [8489 bytes]","args":[{"element-6066-11e4-a52e-4f735466cecf":"f.65BB919C5CBEEA7CAD9584A6682CE4E0.d.49F2567343139E7FA5B88EFD4BA046F0.e.1520","ELEMENT":"f.65BB919C5CBEEA7CAD9584A6682CE4E0.d.49F2567343139E7FA5B88EFD4BA046F0.e.1520"}]}
RESULT: {"script":"<script> [8489 bytes]","args":[{"element-6066-11e4-a52e-4f735466cecf":"f.65BB919C5CBEEA7CAD9584A6682CE4E0.d.49F2567343139E7FA5B88EFD4BA046F0.e.1520","ELEMENT":"f.65BB919C5CBEEA7CAD9584A6682CE4E0.d.49F2567343139E7FA5B88EFD4BA046F0.e.1520"}]}
COMMAND: POST /session/216472d7d847287ace3a34c5cc31053d/execute/async - {"script":"<script> [1562 bytes]","args":[{"selector":{"id":"application-managepartners-display-component---NewPartner--addressNewCostObjectCstID-vhi"},"wdio_ui5_key":"applicationmanagepartners-display-component---NewPartner--addressNewCostObjectCstID-vhi"}]}
COMMAND: GET /session/216472d7d847287ace3a34c5cc31053d/screenshot - {}
RESULT: {"script":"<script> [1562 bytes]","args":[{"selector":{"id":"application-managepartners-display-component---NewPartner--addressNewCostObjectCstID-vhi"},"wdio_ui5_key":"applicationmanagepartners-display-component---NewPartner--addressNewCostObjectCstID-vhi"}]}
RESULT: undefined
COMMAND: POST /session/216472d7d847287ace3a34c5cc31053d/element - {"using":"xpath","value":"//*[@id=\"application-managepartners-display-component---NewPartner--addressNewCostObjectCstID-vhi\"]"}
RESULT: {}
RESULT: {"using":"xpath","value":"//*[@id=\"application-managepartners-display-component---NewPartner--addressNewCostObjectCstID-vhi\"]"}
COMMAND: POST /session/216472d7d847287ace3a34c5cc31053d/element/f.65BB919C5CBEEA7CAD9584A6682CE4E0.d.49F2567343139E7FA5B88EFD4BA046F0.e.1520/click - {}
RESULT: {}
COMMAND: GET /session/216472d7d847287ace3a34c5cc31053d/screenshot - {}
RESULT: {}
RESULT: undefined
COMMAND: POST /session/216472d7d847287ace3a34c5cc31053d/execute/async - {"script":"<script> [776 bytes]","args":[{"enterText":"10001013","selector":{"controlType":"sap.m.SearchField","properties":{"placeholder":"Search"},"searchOpenDialogs":true,"interaction":{"idSuffix":"I"}},"clearTextFirst":true,"interactionType":"ENTER_TEXT"}]}
RESULT: {"script":"<script> [776 bytes]","args":[{"enterText":"10001013","selector":{"controlType":"sap.m.SearchField","properties":{"placeholder":"Search"},"searchOpenDialogs":true,"interaction":{"idSuffix":"I"}},"clearTextFirst":true,"interactionType":"ENTER_TEXT"}]}
COMMAND: POST /session/216472d7d847287ace3a34c5cc31053d/actions - {"actions":[{"id":"action2","type":"key","parameters":{},"actions":[{"type":"keyDown","value":"î€‡"},{"type":"pause","duration":10},{"type":"keyUp","value":"î€‡"}]}]}
RESULT: {"actions":[{"id":"action2","type":"key","parameters":{},"actions":[{"type":"keyDown","value":"î€‡"},{"type":"pause","duration":10},{"type":"keyUp","value":"î€‡"}]}]}
COMMAND: GET /session/216472d7d847287ace3a34c5cc31053d/screenshot - {}
RESULT: {}
COMMAND: POST /session/216472d7d847287ace3a34c5cc31053d/element - {"using":"xpath","value":"//span[contains(text(), \"General Management\")]"}
RESULT: {"using":"xpath","value":"//span[contains(text(), \"General Management\")]"}
COMMAND: POST /session/216472d7d847287ace3a34c5cc31053d/element/f.65BB919C5CBEEA7CAD9584A6682CE4E0.d.49F2567343139E7FA5B88EFD4BA046F0.e.1559/click - {}
RESULT: {}
COMMAND: GET /session/216472d7d847287ace3a34c5cc31053d/screenshot - {}
RESULT: {}
COMMAND: POST /session/216472d7d847287ace3a34c5cc31053d/element - {"using":"xpath","value":"//bdi[contains(text(), \"OK\")]"}
RESULT: {"using":"xpath","value":"//bdi[contains(text(), \"OK\")]"}
COMMAND: POST /session/216472d7d847287ace3a34c5cc31053d/element/f.65BB919C5CBEEA7CAD9584A6682CE4E0.d.49F2567343139E7FA5B88EFD4BA046F0.e.1560/click - {}
RESULT: {}
COMMAND: GET /session/216472d7d847287ace3a34c5cc31053d/screenshot - {}
RESULT: {}
COMMAND: POST /session/216472d7d847287ace3a34c5cc31053d/element - {"using":"xpath","value":"//input[@id=\"application-managepartners-display-component---NewPartner--companyCodeComboBox-inner\"]"}
RESULT: {"using":"xpath","value":"//input[@id=\"application-managepartners-display-component---NewPartner--companyCodeComboBox-inner\"]"}
COMMAND: POST /session/216472d7d847287ace3a34c5cc31053d/element/f.65BB919C5CBEEA7CAD9584A6682CE4E0.d.49F2567343139E7FA5B88EFD4BA046F0.e.1358/clear - {}
RESULT: {}
COMMAND: POST /session/216472d7d847287ace3a34c5cc31053d/element/f.65BB919C5CBEEA7CAD9584A6682CE4E0.d.49F2567343139E7FA5B88EFD4BA046F0.e.1358/value - {"text":"1000"}
COMMAND: GET /session/216472d7d847287ace3a34c5cc31053d/screenshot - {}
RESULT: {"text":"1000"}
COMMAND: GET /session/216472d7d847287ace3a34c5cc31053d/screenshot - {}
RESULT: {}
RESULT: {}
COMMAND: POST /session/216472d7d847287ace3a34c5cc31053d/element - {"using":"xpath","value":"//li[.//span[text()= \"1000\"]]"}
RESULT: {"using":"xpath","value":"//li[.//span[text()= \"1000\"]]"}
COMMAND: POST /session/216472d7d847287ace3a34c5cc31053d/element/f.65BB919C5CBEEA7CAD9584A6682CE4E0.d.49F2567343139E7FA5B88EFD4BA046F0.e.1566/click - {}
RESULT: {}
COMMAND: GET /session/216472d7d847287ace3a34c5cc31053d/screenshot - {}
RESULT: {}
COMMAND: POST /session/216472d7d847287ace3a34c5cc31053d/execute/async - {"script":"<script> [1562 bytes]","args":[{"selector":{"id":"application-managepartners-display-component---NewPartner--btnAddTableRow-img"},"wdio_ui5_key":"applicationmanagepartners-display-component---NewPartner--btnAddTableRow-img"}]}
RESULT: {"script":"<script> [1562 bytes]","args":[{"selector":{"id":"application-managepartners-display-component---NewPartner--btnAddTableRow-img"},"wdio_ui5_key":"applicationmanagepartners-display-component---NewPartner--btnAddTableRow-img"}]}
RESULT: undefined
COMMAND: POST /session/216472d7d847287ace3a34c5cc31053d/element - {"using":"xpath","value":"//*[@id=\"application-managepartners-display-component---NewPartner--btnAddTableRow-img\"]"}
RESULT: {"using":"xpath","value":"//*[@id=\"application-managepartners-display-component---NewPartner--btnAddTableRow-img\"]"}
COMMAND: POST /session/216472d7d847287ace3a34c5cc31053d/element/f.65BB919C5CBEEA7CAD9584A6682CE4E0.d.49F2567343139E7FA5B88EFD4BA046F0.e.1567/click - {}
RESULT: {}
COMMAND: GET /session/216472d7d847287ace3a34c5cc31053d/screenshot - {}
RESULT: {}
COMMAND: POST /session/216472d7d847287ace3a34c5cc31053d/element - {"using":"xpath","value":"//input[@id=\"application-managepartners-display-component---NewPartner--assignmentYard-application-managepartners-display-component---NewPartner--assignmentsTable-0-inner\"]"}
RESULT: {"using":"xpath","value":"//input[@id=\"application-managepartners-display-component---NewPartner--assignmentYard-application-managepartners-display-component---NewPartner--assignmentsTable-0-inner\"]"}
COMMAND: POST /session/216472d7d847287ace3a34c5cc31053d/element/f.65BB919C5CBEEA7CAD9584A6682CE4E0.d.49F2567343139E7FA5B88EFD4BA046F0.e.1570/clear - {}
RESULT: {}
COMMAND: POST /session/216472d7d847287ace3a34c5cc31053d/element/f.65BB919C5CBEEA7CAD9584A6682CE4E0.d.49F2567343139E7FA5B88EFD4BA046F0.e.1570/value - {"text":"671"}
COMMAND: GET /session/216472d7d847287ace3a34c5cc31053d/screenshot - {}
RESULT: {"text":"671"}
COMMAND: GET /session/216472d7d847287ace3a34c5cc31053d/screenshot - {}
RESULT: {}
RESULT: {}
COMMAND: POST /session/216472d7d847287ace3a34c5cc31053d/element - {"using":"xpath","value":"//li[.//span[text()='671']]"}
RESULT: {"using":"xpath","value":"//li[.//span[text()='671']]"}
COMMAND: POST /session/216472d7d847287ace3a34c5cc31053d/element/f.65BB919C5CBEEA7CAD9584A6682CE4E0.d.49F2567343139E7FA5B88EFD4BA046F0.e.1579/click - {}
RESULT: {}
COMMAND: GET /session/216472d7d847287ace3a34c5cc31053d/screenshot - {}
RESULT: {}
COMMAND: POST /session/216472d7d847287ace3a34c5cc31053d/actions - {"actions":[{"id":"action3","type":"key","parameters":{},"actions":[{"type":"keyDown","value":"î€‡"},{"type":"pause","duration":10},{"type":"keyUp","value":"î€‡"}]}]}
RESULT: {"actions":[{"id":"action3","type":"key","parameters":{},"actions":[{"type":"keyDown","value":"î€‡"},{"type":"pause","duration":10},{"type":"keyUp","value":"î€‡"}]}]}
COMMAND: POST /session/216472d7d847287ace3a34c5cc31053d/execute/async - {"script":"<script> [1562 bytes]","args":[{"selector":{"id":"application-managepartners-display-component---NewPartner--externalCustomerComboBox-application-managepartners-display-component---NewPartner--assignmentsTable-0-vhi"},"wdio_ui5_key":"applicationmanagepartners-display-component---NewPartner--externalCustomerComboBox-application-managepartners-display-component---NewPartner--assignmentsTable-0-vhi"}]}
COMMAND: GET /session/216472d7d847287ace3a34c5cc31053d/screenshot - {}
RESULT: {"script":"<script> [1562 bytes]","args":[{"selector":{"id":"application-managepartners-display-component---NewPartner--externalCustomerComboBox-application-managepartners-display-component---NewPartner--assignmentsTable-0-vhi"},"wdio_ui5_key":"applicationmanagepartners-display-component---NewPartner--externalCustomerComboBox-application-managepartners-display-component---NewPartner--assignmentsTable-0-vhi"}]}
RESULT: undefined
COMMAND: POST /session/216472d7d847287ace3a34c5cc31053d/element - {"using":"xpath","value":"//*[@id=\"application-managepartners-display-component---NewPartner--externalCustomerComboBox-application-managepartners-display-component---NewPartner--assignmentsTable-0-vhi\"]"}
RESULT: {}
RESULT: {"using":"xpath","value":"//*[@id=\"application-managepartners-display-component---NewPartner--externalCustomerComboBox-application-managepartners-display-component---NewPartner--assignmentsTable-0-vhi\"]"}
COMMAND: POST /session/216472d7d847287ace3a34c5cc31053d/element/f.65BB919C5CBEEA7CAD9584A6682CE4E0.d.49F2567343139E7FA5B88EFD4BA046F0.e.1583/click - {}
RESULT: {}
RESULT: undefined
COMMAND: POST /session/216472d7d847287ace3a34c5cc31053d/execute/async - {"script":"<script> [776 bytes]","args":[{"enterText":"300003","selector":{"controlType":"sap.m.SearchField","properties":{"placeholder":"Search"},"searchOpenDialogs":true,"interaction":{"idSuffix":"I"}},"clearTextFirst":true,"interactionType":"ENTER_TEXT"}]}
COMMAND: GET /session/216472d7d847287ace3a34c5cc31053d/screenshot - {}
RESULT: {"script":"<script> [776 bytes]","args":[{"enterText":"300003","selector":{"controlType":"sap.m.SearchField","properties":{"placeholder":"Search"},"searchOpenDialogs":true,"interaction":{"idSuffix":"I"}},"clearTextFirst":true,"interactionType":"ENTER_TEXT"}]}
COMMAND: POST /session/216472d7d847287ace3a34c5cc31053d/actions - {"actions":[{"id":"action4","type":"key","parameters":{},"actions":[{"type":"keyDown","value":"î€‡"},{"type":"pause","duration":10},{"type":"keyUp","value":"î€‡"}]}]}
RESULT: {}
RESULT: {"actions":[{"id":"action4","type":"key","parameters":{},"actions":[{"type":"keyDown","value":"î€‡"},{"type":"pause","duration":10},{"type":"keyUp","value":"î€‡"}]}]}
COMMAND: GET /session/216472d7d847287ace3a34c5cc31053d/screenshot - {}
RESULT: {}
COMMAND: POST /session/216472d7d847287ace3a34c5cc31053d/element - {"using":"xpath","value":"//span[contains(text(), \"300003\")]"}
RESULT: {"using":"xpath","value":"//span[contains(text(), \"300003\")]"}
COMMAND: POST /session/216472d7d847287ace3a34c5cc31053d/element/f.65BB919C5CBEEA7CAD9584A6682CE4E0.d.49F2567343139E7FA5B88EFD4BA046F0.e.1601/click - {}
RESULT: {}
COMMAND: GET /session/216472d7d847287ace3a34c5cc31053d/screenshot - {}
RESULT: {}
COMMAND: POST /session/216472d7d847287ace3a34c5cc31053d/element - {"using":"xpath","value":"//bdi[contains(text(), \"OK\")]"}
RESULT: {"using":"xpath","value":"//bdi[contains(text(), \"OK\")]"}
COMMAND: POST /session/216472d7d847287ace3a34c5cc31053d/element/f.65BB919C5CBEEA7CAD9584A6682CE4E0.d.49F2567343139E7FA5B88EFD4BA046F0.e.1603/click - {}
RESULT: {}
COMMAND: GET /session/216472d7d847287ace3a34c5cc31053d/screenshot - {}
RESULT: {}
COMMAND: POST /session/216472d7d847287ace3a34c5cc31053d/execute/async - {"script":"<script> [1562 bytes]","args":[{"selector":{"id":"application-managepartners-display-component---NewPartner--intercompVendorComboBox-application-managepartners-display-component---NewPartner--assignmentsTable-0-vhi"},"wdio_ui5_key":"applicationmanagepartners-display-component---NewPartner--intercompVendorComboBox-application-managepartners-display-component---NewPartner--assignmentsTable-0-vhi"}]}
RESULT: {"script":"<script> [1562 bytes]","args":[{"selector":{"id":"application-managepartners-display-component---NewPartner--intercompVendorComboBox-application-managepartners-display-component---NewPartner--assignmentsTable-0-vhi"},"wdio_ui5_key":"applicationmanagepartners-display-component---NewPartner--intercompVendorComboBox-application-managepartners-display-component---NewPartner--assignmentsTable-0-vhi"}]}
RESULT: undefined
COMMAND: POST /session/216472d7d847287ace3a34c5cc31053d/element - {"using":"xpath","value":"//*[@id=\"application-managepartners-display-component---NewPartner--intercompVendorComboBox-application-managepartners-display-component---NewPartner--assignmentsTable-0-vhi\"]"}
RESULT: {"using":"xpath","value":"//*[@id=\"application-managepartners-display-component---NewPartner--intercompVendorComboBox-application-managepartners-display-component---NewPartner--assignmentsTable-0-vhi\"]"}
COMMAND: POST /session/216472d7d847287ace3a34c5cc31053d/element/f.65BB919C5CBEEA7CAD9584A6682CE4E0.d.49F2567343139E7FA5B88EFD4BA046F0.e.1606/click - {}
RESULT: {}
RESULT: undefined
COMMAND: POST /session/216472d7d847287ace3a34c5cc31053d/execute/async - {"script":"<script> [776 bytes]","args":[{"enterText":"100005","selector":{"controlType":"sap.m.SearchField","properties":{"placeholder":"Search"},"searchOpenDialogs":true,"interaction":{"idSuffix":"I"}},"clearTextFirst":true,"interactionType":"ENTER_TEXT"}]}
COMMAND: GET /session/216472d7d847287ace3a34c5cc31053d/screenshot - {}
RESULT: {"script":"<script> [776 bytes]","args":[{"enterText":"100005","selector":{"controlType":"sap.m.SearchField","properties":{"placeholder":"Search"},"searchOpenDialogs":true,"interaction":{"idSuffix":"I"}},"clearTextFirst":true,"interactionType":"ENTER_TEXT"}]}
COMMAND: POST /session/216472d7d847287ace3a34c5cc31053d/actions - {"actions":[{"id":"action5","type":"key","parameters":{},"actions":[{"type":"keyDown","value":"î€‡"},{"type":"pause","duration":10},{"type":"keyUp","value":"î€‡"}]}]}
RESULT: {}
RESULT: {"actions":[{"id":"action5","type":"key","parameters":{},"actions":[{"type":"keyDown","value":"î€‡"},{"type":"pause","duration":10},{"type":"keyUp","value":"î€‡"}]}]}
COMMAND: GET /session/216472d7d847287ace3a34c5cc31053d/screenshot - {}
RESULT: {}
COMMAND: POST /session/216472d7d847287ace3a34c5cc31053d/element - {"using":"xpath","value":"//span[contains(text(), \"Penguins - Field/12345 Berlin\")]"}
RESULT: {"using":"xpath","value":"//span[contains(text(), \"Penguins - Field/12345 Berlin\")]"}
COMMAND: POST /session/216472d7d847287ace3a34c5cc31053d/element/f.65BB919C5CBEEA7CAD9584A6682CE4E0.d.49F2567343139E7FA5B88EFD4BA046F0.e.1624/click - {}
RESULT: {}
COMMAND: GET /session/216472d7d847287ace3a34c5cc31053d/screenshot - {}
RESULT: {}
COMMAND: POST /session/216472d7d847287ace3a34c5cc31053d/element - {"using":"xpath","value":"//bdi[contains(text(), \"OK\")]"}
RESULT: {"using":"xpath","value":"//bdi[contains(text(), \"OK\")]"}
COMMAND: POST /session/216472d7d847287ace3a34c5cc31053d/element/f.65BB919C5CBEEA7CAD9584A6682CE4E0.d.49F2567343139E7FA5B88EFD4BA046F0.e.1625/click - {}
RESULT: {}
COMMAND: GET /session/216472d7d847287ace3a34c5cc31053d/screenshot - {}
RESULT: {}
COMMAND: POST /session/216472d7d847287ace3a34c5cc31053d/element - {"using":"xpath","value":"//button[@data-kt=\"saveButton\"]"}
RESULT: {"using":"xpath","value":"//button[@data-kt=\"saveButton\"]"}
COMMAND: POST /session/216472d7d847287ace3a34c5cc31053d/element/f.65BB919C5CBEEA7CAD9584A6682CE4E0.d.49F2567343139E7FA5B88EFD4BA046F0.e.1468/click - {}
RESULT: {}
COMMAND: GET /session/216472d7d847287ace3a34c5cc31053d/screenshot - {}
RESULT: {}
COMMAND: POST /session/216472d7d847287ace3a34c5cc31053d/element - {"using":"xpath","value":"//header[contains(@id, 'ObjectPageLayout-headerTitle')]/div[1]/div[2]/div[2]/span[1]"}
RESULT: {"using":"xpath","value":"//header[contains(@id, 'ObjectPageLayout-headerTitle')]/div[1]/div[2]/div[2]/span[1]"}
COMMAND: POST /session/216472d7d847287ace3a34c5cc31053d/elements - {"using":"xpath","value":"//header[contains(@id, 'ObjectPageLayout-headerTitle')]/div[1]/div[2]/div[2]/span[1]"}
RESULT: {"using":"xpath","value":"//header[contains(@id, 'ObjectPageLayout-headerTitle')]/div[1]/div[2]/div[2]/span[1]"}
COMMAND: POST /session/216472d7d847287ace3a34c5cc31053d/execute/sync - {"script":"<script> [56 bytes]","args":[{"element-6066-11e4-a52e-4f735466cecf":"f.65BB919C5CBEEA7CAD9584A6682CE4E0.d.49F2567343139E7FA5B88EFD4BA046F0.e.1792","ELEMENT":"f.65BB919C5CBEEA7CAD9584A6682CE4E0.d.49F2567343139E7FA5B88EFD4BA046F0.e.1792"}]}
RESULT: {"script":"<script> [56 bytes]","args":[{"element-6066-11e4-a52e-4f735466cecf":"f.65BB919C5CBEEA7CAD9584A6682CE4E0.d.49F2567343139E7FA5B88EFD4BA046F0.e.1792","ELEMENT":"f.65BB919C5CBEEA7CAD9584A6682CE4E0.d.49F2567343139E7FA5B88EFD4BA046F0.e.1792"}]}
COMMAND: POST /session/216472d7d847287ace3a34c5cc31053d/element - {"using":"css selector","value":"#shell-header-logo"}
COMMAND: GET /session/216472d7d847287ace3a34c5cc31053d/screenshot - {}
RESULT: {"using":"css selector","value":"#shell-header-logo"}
COMMAND: POST /session/216472d7d847287ace3a34c5cc31053d/element/f.65BB919C5CBEEA7CAD9584A6682CE4E0.d.49F2567343139E7FA5B88EFD4BA046F0.e.1010/click - {}
RESULT: {}
RESULT: {}
COMMAND: GET /session/216472d7d847287ace3a34c5cc31053d/screenshot - {}
RESULT: {}
COMMAND: POST /session/216472d7d847287ace3a34c5cc31053d/execute/sync - {"script":"<script> [299 bytes]","args":[["getModel","getResource"]]}
RESULT: {"script":"<script> [299 bytes]","args":[["getModel","getResource"]]}
COMMAND: GET /session/216472d7d847287ace3a34c5cc31053d/screenshot - {}
]]></system-out>
    </testcase>
    <testcase classname="chrome.137_0_7151_56.windows.Tests_for_Mass_State_Change_on_Manage_States_&amp;_Performances_US104416_US" name="Prereq Should create a new site" time="111.896">
      <system-out><![CDATA[
COMMAND: POST /session/216472d7d847287ace3a34c5cc31053d/execute/async - {"script":"<script> [1562 bytes]","args":[{"selector":{"controlType":"sap.m.GenericTile","properties":{"header":"Manage Sites"}},"wdio_ui5_key":"sapm.GenericTile{\"header\":\"Manage Sites\"}"}]}
RESULT: {}
RESULT: {"script":"<script> [1562 bytes]","args":[{"selector":{"controlType":"sap.m.GenericTile","properties":{"header":"Manage Sites"}},"wdio_ui5_key":"sapm.GenericTile{\"header\":\"Manage Sites\"}"}]}
RESULT: undefined
COMMAND: POST /session/216472d7d847287ace3a34c5cc31053d/element - {"using":"xpath","value":"//*[@id=\"__tile40\"]"}
RESULT: {"using":"xpath","value":"//*[@id=\"__tile40\"]"}
COMMAND: POST /session/216472d7d847287ace3a34c5cc31053d/element/f.65BB919C5CBEEA7CAD9584A6682CE4E0.d.49F2567343139E7FA5B88EFD4BA046F0.e.161/click - {}
RESULT: {}
COMMAND: GET /session/216472d7d847287ace3a34c5cc31053d/screenshot - {}
RESULT: {}
COMMAND: POST /session/216472d7d847287ace3a34c5cc31053d/elements - {"using":"xpath","value":"//span[text()='Error']"}
RESULT: {"using":"xpath","value":"//span[text()='Error']"}
COMMAND: POST /session/216472d7d847287ace3a34c5cc31053d/element - {"using":"xpath","value":"//button[@data-kt=\"addOverflowToolbarButton\"]"}
RESULT: {"using":"xpath","value":"//button[@data-kt=\"addOverflowToolbarButton\"]"}
COMMAND: POST /session/216472d7d847287ace3a34c5cc31053d/elements - {"using":"xpath","value":"//button[@data-kt=\"addOverflowToolbarButton\"]"}
RESULT: {"using":"xpath","value":"//button[@data-kt=\"addOverflowToolbarButton\"]"}
COMMAND: POST /session/216472d7d847287ace3a34c5cc31053d/execute/sync - {"script":"<script> [8489 bytes]","args":[{"element-6066-11e4-a52e-4f735466cecf":"f.65BB919C5CBEEA7CAD9584A6682CE4E0.d.49F2567343139E7FA5B88EFD4BA046F0.e.1832","ELEMENT":"f.65BB919C5CBEEA7CAD9584A6682CE4E0.d.49F2567343139E7FA5B88EFD4BA046F0.e.1832"}]}
RESULT: {"script":"<script> [8489 bytes]","args":[{"element-6066-11e4-a52e-4f735466cecf":"f.65BB919C5CBEEA7CAD9584A6682CE4E0.d.49F2567343139E7FA5B88EFD4BA046F0.e.1832","ELEMENT":"f.65BB919C5CBEEA7CAD9584A6682CE4E0.d.49F2567343139E7FA5B88EFD4BA046F0.e.1832"}]}
COMMAND: GET /session/216472d7d847287ace3a34c5cc31053d/element/f.65BB919C5CBEEA7CAD9584A6682CE4E0.d.49F2567343139E7FA5B88EFD4BA046F0.e.1832/enabled - {}
COMMAND: GET /session/216472d7d847287ace3a34c5cc31053d/screenshot - {}
RESULT: {}
COMMAND: POST /session/216472d7d847287ace3a34c5cc31053d/execute/sync - {"script":"<script> [8489 bytes]","args":[{"element-6066-11e4-a52e-4f735466cecf":"f.65BB919C5CBEEA7CAD9584A6682CE4E0.d.49F2567343139E7FA5B88EFD4BA046F0.e.1832","ELEMENT":"f.65BB919C5CBEEA7CAD9584A6682CE4E0.d.49F2567343139E7FA5B88EFD4BA046F0.e.1832"}]}
COMMAND: GET /session/216472d7d847287ace3a34c5cc31053d/screenshot - {}
RESULT: {}
RESULT: {"script":"<script> [8489 bytes]","args":[{"element-6066-11e4-a52e-4f735466cecf":"f.65BB919C5CBEEA7CAD9584A6682CE4E0.d.49F2567343139E7FA5B88EFD4BA046F0.e.1832","ELEMENT":"f.65BB919C5CBEEA7CAD9584A6682CE4E0.d.49F2567343139E7FA5B88EFD4BA046F0.e.1832"}]}
COMMAND: POST /session/216472d7d847287ace3a34c5cc31053d/execute/sync - {"script":"<script> [5351 bytes]","args":[{"element-6066-11e4-a52e-4f735466cecf":"f.65BB919C5CBEEA7CAD9584A6682CE4E0.d.49F2567343139E7FA5B88EFD4BA046F0.e.1832","ELEMENT":"f.65BB919C5CBEEA7CAD9584A6682CE4E0.d.49F2567343139E7FA5B88EFD4BA046F0.e.1832"}]}
COMMAND: GET /session/216472d7d847287ace3a34c5cc31053d/screenshot - {}
RESULT: {}
RESULT: {"script":"<script> [5351 bytes]","args":[{"element-6066-11e4-a52e-4f735466cecf":"f.65BB919C5CBEEA7CAD9584A6682CE4E0.d.49F2567343139E7FA5B88EFD4BA046F0.e.1832","ELEMENT":"f.65BB919C5CBEEA7CAD9584A6682CE4E0.d.49F2567343139E7FA5B88EFD4BA046F0.e.1832"}]}
COMMAND: POST /session/216472d7d847287ace3a34c5cc31053d/element/f.65BB919C5CBEEA7CAD9584A6682CE4E0.d.49F2567343139E7FA5B88EFD4BA046F0.e.1832/click - {}
COMMAND: GET /session/216472d7d847287ace3a34c5cc31053d/screenshot - {}
RESULT: {}
RESULT: {}
COMMAND: GET /session/216472d7d847287ace3a34c5cc31053d/screenshot - {}
COMMAND: POST /session/216472d7d847287ace3a34c5cc31053d/element - {"using":"xpath","value":"//input[@id=\"application-managesites-display-component---NewSite--siteId-inner\"]"}
RESULT: {}
RESULT: {}
RESULT: {"using":"xpath","value":"//input[@id=\"application-managesites-display-component---NewSite--siteId-inner\"]"}
COMMAND: POST /session/216472d7d847287ace3a34c5cc31053d/element - {"using":"xpath","value":"//input[@id=\"application-managesites-display-component---NewSite--siteId-inner\"]"}
RESULT: {"using":"xpath","value":"//input[@id=\"application-managesites-display-component---NewSite--siteId-inner\"]"}
COMMAND: POST /session/216472d7d847287ace3a34c5cc31053d/execute/async - {"script":"<script> [1562 bytes]","args":[{"selector":{"id":"application-managesites-display-component---NewSite--addressDetailDetailsName1","interaction":{"idSuffix":"inner"}},"wdio_ui5_key":"applicationmanagesites-display-component---NewSite--addressDetailDetailsName1"}]}
RESULT: {"script":"<script> [1562 bytes]","args":[{"selector":{"id":"application-managesites-display-component---NewSite--addressDetailDetailsName1","interaction":{"idSuffix":"inner"}},"wdio_ui5_key":"applicationmanagesites-display-component---NewSite--addressDetailDetailsName1"}]}
RESULT: undefined
COMMAND: POST /session/216472d7d847287ace3a34c5cc31053d/execute/async - {"script":"<script> [776 bytes]","args":[{"enterText":"Intracompany Site wdIO","selector":{"id":"application-managesites-display-component---NewSite--addressDetailDetailsName1","interaction":{"idSuffix":"inner"}},"clearTextFirst":true,"interactionType":"ENTER_TEXT"}]}
RESULT: {"script":"<script> [776 bytes]","args":[{"enterText":"Intracompany Site wdIO","selector":{"id":"application-managesites-display-component---NewSite--addressDetailDetailsName1","interaction":{"idSuffix":"inner"}},"clearTextFirst":true,"interactionType":"ENTER_TEXT"}]}
COMMAND: POST /session/216472d7d847287ace3a34c5cc31053d/execute/async - {"script":"<script> [1562 bytes]","args":[{"selector":{"id":"application-managesites-display-component---NewSite--addressDetailDetailsLanguage-arrow"},"wdio_ui5_key":"applicationmanagesites-display-component---NewSite--addressDetailDetailsLanguage-arrow"}]}
RESULT: {"script":"<script> [1562 bytes]","args":[{"selector":{"id":"application-managesites-display-component---NewSite--addressDetailDetailsLanguage-arrow"},"wdio_ui5_key":"applicationmanagesites-display-component---NewSite--addressDetailDetailsLanguage-arrow"}]}
RESULT: undefined
COMMAND: POST /session/216472d7d847287ace3a34c5cc31053d/element - {"using":"xpath","value":"//*[@id=\"application-managesites-display-component---NewSite--addressDetailDetailsLanguage-arrow\"]"}
RESULT: {"using":"xpath","value":"//*[@id=\"application-managesites-display-component---NewSite--addressDetailDetailsLanguage-arrow\"]"}
COMMAND: POST /session/216472d7d847287ace3a34c5cc31053d/element/f.65BB919C5CBEEA7CAD9584A6682CE4E0.d.49F2567343139E7FA5B88EFD4BA046F0.e.2228/click - {}
RESULT: {}
COMMAND: POST /session/216472d7d847287ace3a34c5cc31053d/element - {"using":"xpath","value":"//span[contains(text(), \"English\")]"}
COMMAND: GET /session/216472d7d847287ace3a34c5cc31053d/screenshot - {}
RESULT: {"using":"xpath","value":"//span[contains(text(), \"English\")]"}
COMMAND: POST /session/216472d7d847287ace3a34c5cc31053d/element/f.65BB919C5CBEEA7CAD9584A6682CE4E0.d.49F2567343139E7FA5B88EFD4BA046F0.e.2229/click - {}
RESULT: {}
RESULT: {}
COMMAND: POST /session/216472d7d847287ace3a34c5cc31053d/execute/async - {"script":"<script> [1562 bytes]","args":[{"selector":{"id":"application-managesites-display-component---NewSite--addressDetailDetailsCity1","interaction":{"idSuffix":"inner"}},"wdio_ui5_key":"applicationmanagesites-display-component---NewSite--addressDetailDetailsCity1"}]}
COMMAND: GET /session/216472d7d847287ace3a34c5cc31053d/screenshot - {}
RESULT: {"script":"<script> [1562 bytes]","args":[{"selector":{"id":"application-managesites-display-component---NewSite--addressDetailDetailsCity1","interaction":{"idSuffix":"inner"}},"wdio_ui5_key":"applicationmanagesites-display-component---NewSite--addressDetailDetailsCity1"}]}
RESULT: undefined
COMMAND: POST /session/216472d7d847287ace3a34c5cc31053d/execute/async - {"script":"<script> [776 bytes]","args":[{"enterText":"Rosario","selector":{"id":"application-managesites-display-component---NewSite--addressDetailDetailsCity1","interaction":{"idSuffix":"inner"}},"clearTextFirst":true,"interactionType":"ENTER_TEXT"}]}
RESULT: {}
RESULT: {"script":"<script> [776 bytes]","args":[{"enterText":"Rosario","selector":{"id":"application-managesites-display-component---NewSite--addressDetailDetailsCity1","interaction":{"idSuffix":"inner"}},"clearTextFirst":true,"interactionType":"ENTER_TEXT"}]}
COMMAND: POST /session/216472d7d847287ace3a34c5cc31053d/execute/async - {"script":"<script> [1562 bytes]","args":[{"selector":{"id":"application-managesites-display-component---NewSite--addressDetailDetailsCountry-arrow"},"wdio_ui5_key":"applicationmanagesites-display-component---NewSite--addressDetailDetailsCountry-arrow"}]}
RESULT: {"script":"<script> [1562 bytes]","args":[{"selector":{"id":"application-managesites-display-component---NewSite--addressDetailDetailsCountry-arrow"},"wdio_ui5_key":"applicationmanagesites-display-component---NewSite--addressDetailDetailsCountry-arrow"}]}
RESULT: undefined
COMMAND: POST /session/216472d7d847287ace3a34c5cc31053d/element - {"using":"xpath","value":"//*[@id=\"application-managesites-display-component---NewSite--addressDetailDetailsCountry-arrow\"]"}
RESULT: {"using":"xpath","value":"//*[@id=\"application-managesites-display-component---NewSite--addressDetailDetailsCountry-arrow\"]"}
COMMAND: POST /session/216472d7d847287ace3a34c5cc31053d/element/f.65BB919C5CBEEA7CAD9584A6682CE4E0.d.49F2567343139E7FA5B88EFD4BA046F0.e.2231/click - {}
RESULT: {}
COMMAND: POST /session/216472d7d847287ace3a34c5cc31053d/element - {"using":"xpath","value":"//span[contains(text(), \"Argentina\")]"}
COMMAND: GET /session/216472d7d847287ace3a34c5cc31053d/screenshot - {}
RESULT: {"using":"xpath","value":"//span[contains(text(), \"Argentina\")]"}
COMMAND: POST /session/216472d7d847287ace3a34c5cc31053d/element/f.65BB919C5CBEEA7CAD9584A6682CE4E0.d.49F2567343139E7FA5B88EFD4BA046F0.e.2232/click - {}
RESULT: {}
RESULT: {}
COMMAND: GET /session/216472d7d847287ace3a34c5cc31053d/screenshot - {}
RESULT: {}
COMMAND: POST /session/216472d7d847287ace3a34c5cc31053d/execute/async - {"script":"<script> [1562 bytes]","args":[{"selector":{"id":"application-managesites-display-component---NewSite--addressEditDetailsCostObjectCstType-arrow"},"wdio_ui5_key":"applicationmanagesites-display-component---NewSite--addressEditDetailsCostObjectCstType-arrow"}]}
RESULT: {"script":"<script> [1562 bytes]","args":[{"selector":{"id":"application-managesites-display-component---NewSite--addressEditDetailsCostObjectCstType-arrow"},"wdio_ui5_key":"applicationmanagesites-display-component---NewSite--addressEditDetailsCostObjectCstType-arrow"}]}
RESULT: undefined
COMMAND: POST /session/216472d7d847287ace3a34c5cc31053d/element - {"using":"xpath","value":"//*[@id=\"application-managesites-display-component---NewSite--addressEditDetailsCostObjectCstType-arrow\"]"}
RESULT: {"using":"xpath","value":"//*[@id=\"application-managesites-display-component---NewSite--addressEditDetailsCostObjectCstType-arrow\"]"}
COMMAND: POST /session/216472d7d847287ace3a34c5cc31053d/element/f.65BB919C5CBEEA7CAD9584A6682CE4E0.d.49F2567343139E7FA5B88EFD4BA046F0.e.2234/click - {}
RESULT: {}
COMMAND: POST /session/216472d7d847287ace3a34c5cc31053d/element - {"using":"xpath","value":"//span[contains(text(), \"Cost Center\")]"}
COMMAND: GET /session/216472d7d847287ace3a34c5cc31053d/screenshot - {}
RESULT: {"using":"xpath","value":"//span[contains(text(), \"Cost Center\")]"}
COMMAND: POST /session/216472d7d847287ace3a34c5cc31053d/element/f.65BB919C5CBEEA7CAD9584A6682CE4E0.d.49F2567343139E7FA5B88EFD4BA046F0.e.2235/click - {}
RESULT: {}
RESULT: {}
COMMAND: GET /session/216472d7d847287ace3a34c5cc31053d/screenshot - {}
RESULT: {}
COMMAND: POST /session/216472d7d847287ace3a34c5cc31053d/element - {"using":"xpath","value":"//span[@id=\"application-managesites-display-component---NewSite--addressNewCostObjectCstID-vhi\"]"}
RESULT: {"using":"xpath","value":"//span[@id=\"application-managesites-display-component---NewSite--addressNewCostObjectCstID-vhi\"]"}
COMMAND: POST /session/216472d7d847287ace3a34c5cc31053d/execute/sync - {"script":"<script> [8489 bytes]","args":[{"element-6066-11e4-a52e-4f735466cecf":"f.65BB919C5CBEEA7CAD9584A6682CE4E0.d.49F2567343139E7FA5B88EFD4BA046F0.e.2240","ELEMENT":"f.65BB919C5CBEEA7CAD9584A6682CE4E0.d.49F2567343139E7FA5B88EFD4BA046F0.e.2240"}]}
RESULT: {"script":"<script> [8489 bytes]","args":[{"element-6066-11e4-a52e-4f735466cecf":"f.65BB919C5CBEEA7CAD9584A6682CE4E0.d.49F2567343139E7FA5B88EFD4BA046F0.e.2240","ELEMENT":"f.65BB919C5CBEEA7CAD9584A6682CE4E0.d.49F2567343139E7FA5B88EFD4BA046F0.e.2240"}]}
COMMAND: POST /session/216472d7d847287ace3a34c5cc31053d/execute/async - {"script":"<script> [1562 bytes]","args":[{"selector":{"id":"application-managesites-display-component---NewSite--addressNewCostObjectCstID-vhi"},"wdio_ui5_key":"applicationmanagesites-display-component---NewSite--addressNewCostObjectCstID-vhi"}]}
COMMAND: GET /session/216472d7d847287ace3a34c5cc31053d/screenshot - {}
RESULT: {"script":"<script> [1562 bytes]","args":[{"selector":{"id":"application-managesites-display-component---NewSite--addressNewCostObjectCstID-vhi"},"wdio_ui5_key":"applicationmanagesites-display-component---NewSite--addressNewCostObjectCstID-vhi"}]}
RESULT: undefined
COMMAND: POST /session/216472d7d847287ace3a34c5cc31053d/element - {"using":"xpath","value":"//*[@id=\"application-managesites-display-component---NewSite--addressNewCostObjectCstID-vhi\"]"}
RESULT: {}
RESULT: {"using":"xpath","value":"//*[@id=\"application-managesites-display-component---NewSite--addressNewCostObjectCstID-vhi\"]"}
COMMAND: POST /session/216472d7d847287ace3a34c5cc31053d/element/f.65BB919C5CBEEA7CAD9584A6682CE4E0.d.49F2567343139E7FA5B88EFD4BA046F0.e.2240/click - {}
RESULT: {}
COMMAND: GET /session/216472d7d847287ace3a34c5cc31053d/screenshot - {}
RESULT: {}
RESULT: undefined
COMMAND: POST /session/216472d7d847287ace3a34c5cc31053d/execute/async - {"script":"<script> [776 bytes]","args":[{"enterText":"10001013","selector":{"controlType":"sap.m.SearchField","properties":{"placeholder":"Search"},"searchOpenDialogs":true,"interaction":{"idSuffix":"I"}},"clearTextFirst":true,"interactionType":"ENTER_TEXT"}]}
RESULT: {"script":"<script> [776 bytes]","args":[{"enterText":"10001013","selector":{"controlType":"sap.m.SearchField","properties":{"placeholder":"Search"},"searchOpenDialogs":true,"interaction":{"idSuffix":"I"}},"clearTextFirst":true,"interactionType":"ENTER_TEXT"}]}
COMMAND: POST /session/216472d7d847287ace3a34c5cc31053d/actions - {"actions":[{"id":"action6","type":"key","parameters":{},"actions":[{"type":"keyDown","value":"î€‡"},{"type":"pause","duration":10},{"type":"keyUp","value":"î€‡"}]}]}
RESULT: {"actions":[{"id":"action6","type":"key","parameters":{},"actions":[{"type":"keyDown","value":"î€‡"},{"type":"pause","duration":10},{"type":"keyUp","value":"î€‡"}]}]}
COMMAND: GET /session/216472d7d847287ace3a34c5cc31053d/screenshot - {}
RESULT: {}
COMMAND: POST /session/216472d7d847287ace3a34c5cc31053d/element - {"using":"xpath","value":"//span[contains(text(), \"General Management\")]"}
RESULT: {"using":"xpath","value":"//span[contains(text(), \"General Management\")]"}
COMMAND: POST /session/216472d7d847287ace3a34c5cc31053d/element/f.65BB919C5CBEEA7CAD9584A6682CE4E0.d.49F2567343139E7FA5B88EFD4BA046F0.e.2281/click - {}
RESULT: {}
COMMAND: GET /session/216472d7d847287ace3a34c5cc31053d/screenshot - {}
RESULT: {}
COMMAND: POST /session/216472d7d847287ace3a34c5cc31053d/element - {"using":"xpath","value":"//bdi[contains(text(), \"OK\")]"}
RESULT: {"using":"xpath","value":"//bdi[contains(text(), \"OK\")]"}
COMMAND: POST /session/216472d7d847287ace3a34c5cc31053d/element/f.65BB919C5CBEEA7CAD9584A6682CE4E0.d.49F2567343139E7FA5B88EFD4BA046F0.e.2282/click - {}
RESULT: {}
COMMAND: GET /session/216472d7d847287ace3a34c5cc31053d/screenshot - {}
RESULT: {}
COMMAND: POST /session/216472d7d847287ace3a34c5cc31053d/element - {"using":"xpath","value":"//input[@id=\"application-managesites-display-component---NewSite--addressDetailDetailsCalendar-inner\"]"}
RESULT: {"using":"xpath","value":"//input[@id=\"application-managesites-display-component---NewSite--addressDetailDetailsCalendar-inner\"]"}
COMMAND: POST /session/216472d7d847287ace3a34c5cc31053d/element/f.65BB919C5CBEEA7CAD9584A6682CE4E0.d.49F2567343139E7FA5B88EFD4BA046F0.e.2026/clear - {}
RESULT: {}
COMMAND: POST /session/216472d7d847287ace3a34c5cc31053d/element/f.65BB919C5CBEEA7CAD9584A6682CE4E0.d.49F2567343139E7FA5B88EFD4BA046F0.e.2026/value - {"text":"Unit"}
COMMAND: GET /session/216472d7d847287ace3a34c5cc31053d/screenshot - {}
RESULT: {"text":"Unit"}
RESULT: {}
COMMAND: GET /session/216472d7d847287ace3a34c5cc31053d/screenshot - {}
RESULT: {}
COMMAND: POST /session/216472d7d847287ace3a34c5cc31053d/actions - {"actions":[{"id":"action7","type":"key","parameters":{},"actions":[{"type":"keyDown","value":"î€‡"},{"type":"pause","duration":10},{"type":"keyUp","value":"î€‡"}]}]}
RESULT: {"actions":[{"id":"action7","type":"key","parameters":{},"actions":[{"type":"keyDown","value":"î€‡"},{"type":"pause","duration":10},{"type":"keyUp","value":"î€‡"}]}]}
COMMAND: POST /session/216472d7d847287ace3a34c5cc31053d/element - {"using":"xpath","value":"//input[@id=\"application-managesites-display-component---NewSite--addressDetailDetailsYard-inner\"]"}
COMMAND: GET /session/216472d7d847287ace3a34c5cc31053d/screenshot - {}
RESULT: {"using":"xpath","value":"//input[@id=\"application-managesites-display-component---NewSite--addressDetailDetailsYard-inner\"]"}
COMMAND: POST /session/216472d7d847287ace3a34c5cc31053d/element/f.65BB919C5CBEEA7CAD9584A6682CE4E0.d.49F2567343139E7FA5B88EFD4BA046F0.e.2027/clear - {}
RESULT: {}
RESULT: {}
COMMAND: POST /session/216472d7d847287ace3a34c5cc31053d/element/f.65BB919C5CBEEA7CAD9584A6682CE4E0.d.49F2567343139E7FA5B88EFD4BA046F0.e.2027/value - {"text":"671"}
COMMAND: GET /session/216472d7d847287ace3a34c5cc31053d/screenshot - {}
RESULT: {"text":"671"}
COMMAND: GET /session/216472d7d847287ace3a34c5cc31053d/screenshot - {}
RESULT: {}
RESULT: {}
COMMAND: POST /session/216472d7d847287ace3a34c5cc31053d/element - {"using":"xpath","value":"//li[.//span[text()='671']]"}
RESULT: {"using":"xpath","value":"//li[.//span[text()='671']]"}
COMMAND: POST /session/216472d7d847287ace3a34c5cc31053d/element/f.65BB919C5CBEEA7CAD9584A6682CE4E0.d.49F2567343139E7FA5B88EFD4BA046F0.e.2290/click - {}
RESULT: {}
COMMAND: GET /session/216472d7d847287ace3a34c5cc31053d/screenshot - {}
RESULT: {}
COMMAND: POST /session/216472d7d847287ace3a34c5cc31053d/element - {"using":"xpath","value":"//input[@id=\"application-managesites-display-component---NewSite--addressDetailDetailsPartner-inner\"]"}
RESULT: {"using":"xpath","value":"//input[@id=\"application-managesites-display-component---NewSite--addressDetailDetailsPartner-inner\"]"}
COMMAND: POST /session/216472d7d847287ace3a34c5cc31053d/element - {"using":"xpath","value":"//input[@id=\"application-managesites-display-component---NewSite--addressDetailDetailsPartner-inner\"]"}
RESULT: {"using":"xpath","value":"//input[@id=\"application-managesites-display-component---NewSite--addressDetailDetailsPartner-inner\"]"}
COMMAND: POST /session/216472d7d847287ace3a34c5cc31053d/element - {"using":"xpath","value":"//button[@data-kt=\"saveButton\"]"}
RESULT: {"using":"xpath","value":"//button[@data-kt=\"saveButton\"]"}
COMMAND: POST /session/216472d7d847287ace3a34c5cc31053d/element/f.65BB919C5CBEEA7CAD9584A6682CE4E0.d.49F2567343139E7FA5B88EFD4BA046F0.e.2221/click - {}
RESULT: {}
COMMAND: GET /session/216472d7d847287ace3a34c5cc31053d/screenshot - {}
RESULT: {}
COMMAND: POST /session/216472d7d847287ace3a34c5cc31053d/element - {"using":"xpath","value":"//header[contains(@id, 'ObjectPageLayout-headerTitle')]/div[1]/div[2]/div[2]/span[1]"}
RESULT: {"using":"xpath","value":"//header[contains(@id, 'ObjectPageLayout-headerTitle')]/div[1]/div[2]/div[2]/span[1]"}
COMMAND: POST /session/216472d7d847287ace3a34c5cc31053d/elements - {"using":"xpath","value":"//header[contains(@id, 'ObjectPageLayout-headerTitle')]/div[1]/div[2]/div[2]/span[1]"}
RESULT: {"using":"xpath","value":"//header[contains(@id, 'ObjectPageLayout-headerTitle')]/div[1]/div[2]/div[2]/span[1]"}
COMMAND: POST /session/216472d7d847287ace3a34c5cc31053d/execute/sync - {"script":"<script> [56 bytes]","args":[{"element-6066-11e4-a52e-4f735466cecf":"f.65BB919C5CBEEA7CAD9584A6682CE4E0.d.49F2567343139E7FA5B88EFD4BA046F0.e.2495","ELEMENT":"f.65BB919C5CBEEA7CAD9584A6682CE4E0.d.49F2567343139E7FA5B88EFD4BA046F0.e.2495"}]}
RESULT: {"script":"<script> [56 bytes]","args":[{"element-6066-11e4-a52e-4f735466cecf":"f.65BB919C5CBEEA7CAD9584A6682CE4E0.d.49F2567343139E7FA5B88EFD4BA046F0.e.2495","ELEMENT":"f.65BB919C5CBEEA7CAD9584A6682CE4E0.d.49F2567343139E7FA5B88EFD4BA046F0.e.2495"}]}
COMMAND: POST /session/216472d7d847287ace3a34c5cc31053d/element - {"using":"css selector","value":"#shell-header-logo"}
COMMAND: GET /session/216472d7d847287ace3a34c5cc31053d/screenshot - {}
RESULT: {"using":"css selector","value":"#shell-header-logo"}
COMMAND: POST /session/216472d7d847287ace3a34c5cc31053d/element/f.65BB919C5CBEEA7CAD9584A6682CE4E0.d.49F2567343139E7FA5B88EFD4BA046F0.e.1798/click - {}
RESULT: {}
RESULT: {}
COMMAND: GET /session/216472d7d847287ace3a34c5cc31053d/screenshot - {}
RESULT: {}
COMMAND: POST /session/216472d7d847287ace3a34c5cc31053d/execute/sync - {"script":"<script> [299 bytes]","args":[["getModel","getResource"]]}
RESULT: {"script":"<script> [299 bytes]","args":[["getModel","getResource"]]}
]]></system-out>
    </testcase>
    <testcase classname="chrome.137_0_7151_56.windows.Tests_for_Mass_State_Change_on_Manage_States_&amp;_Performances_US104416_US" name="Prereq Should create a new equipment multipart" time="146.739">
      <system-out><![CDATA[
COMMAND: GET /session/216472d7d847287ace3a34c5cc31053d/screenshot - {}
COMMAND: POST /session/216472d7d847287ace3a34c5cc31053d/execute/async - {"script":"<script> [1562 bytes]","args":[{"selector":{"controlType":"sap.m.GenericTile","properties":{"header":"Manage Resources"}},"wdio_ui5_key":"sapm.GenericTile{\"header\":\"Manage Resources\"}"}]}
RESULT: {}
RESULT: {"script":"<script> [1562 bytes]","args":[{"selector":{"controlType":"sap.m.GenericTile","properties":{"header":"Manage Resources"}},"wdio_ui5_key":"sapm.GenericTile{\"header\":\"Manage Resources\"}"}]}
RESULT: undefined
COMMAND: POST /session/216472d7d847287ace3a34c5cc31053d/element - {"using":"xpath","value":"//*[@id=\"__tile39\"]"}
RESULT: {"using":"xpath","value":"//*[@id=\"__tile39\"]"}
COMMAND: POST /session/216472d7d847287ace3a34c5cc31053d/element/f.65BB919C5CBEEA7CAD9584A6682CE4E0.d.49F2567343139E7FA5B88EFD4BA046F0.e.158/click - {}
RESULT: {}
COMMAND: GET /session/216472d7d847287ace3a34c5cc31053d/screenshot - {}
RESULT: {}
COMMAND: POST /session/216472d7d847287ace3a34c5cc31053d/elements - {"using":"xpath","value":"//span[text()='Error']"}
RESULT: {"using":"xpath","value":"//span[text()='Error']"}
COMMAND: POST /session/216472d7d847287ace3a34c5cc31053d/element - {"using":"xpath","value":"//button[@data-kt=\"addNewRUOverflowToolbarButton\"]"}
RESULT: {"using":"xpath","value":"//button[@data-kt=\"addNewRUOverflowToolbarButton\"]"}
COMMAND: POST /session/216472d7d847287ace3a34c5cc31053d/elements - {"using":"xpath","value":"//button[@data-kt=\"addNewRUOverflowToolbarButton\"]"}
RESULT: {"using":"xpath","value":"//button[@data-kt=\"addNewRUOverflowToolbarButton\"]"}
COMMAND: POST /session/216472d7d847287ace3a34c5cc31053d/elements - {"using":"xpath","value":"//button[@data-kt=\"addNewRUOverflowToolbarButton\"]"}
RESULT: {"using":"xpath","value":"//button[@data-kt=\"addNewRUOverflowToolbarButton\"]"}
COMMAND: POST /session/216472d7d847287ace3a34c5cc31053d/element - {"using":"xpath","value":"//button[@data-kt=\"addNewRUOverflowToolbarButton\"]"}
RESULT: {"using":"xpath","value":"//button[@data-kt=\"addNewRUOverflowToolbarButton\"]"}
COMMAND: POST /session/216472d7d847287ace3a34c5cc31053d/execute/sync - {"script":"<script> [8489 bytes]","args":[{"element-6066-11e4-a52e-4f735466cecf":"f.65BB919C5CBEEA7CAD9584A6682CE4E0.d.49F2567343139E7FA5B88EFD4BA046F0.e.2529","ELEMENT":"f.65BB919C5CBEEA7CAD9584A6682CE4E0.d.49F2567343139E7FA5B88EFD4BA046F0.e.2529"}]}
RESULT: {"script":"<script> [8489 bytes]","args":[{"element-6066-11e4-a52e-4f735466cecf":"f.65BB919C5CBEEA7CAD9584A6682CE4E0.d.49F2567343139E7FA5B88EFD4BA046F0.e.2529","ELEMENT":"f.65BB919C5CBEEA7CAD9584A6682CE4E0.d.49F2567343139E7FA5B88EFD4BA046F0.e.2529"}]}
COMMAND: GET /session/216472d7d847287ace3a34c5cc31053d/element/f.65BB919C5CBEEA7CAD9584A6682CE4E0.d.49F2567343139E7FA5B88EFD4BA046F0.e.2529/enabled - {}
COMMAND: GET /session/216472d7d847287ace3a34c5cc31053d/screenshot - {}
RESULT: {}
COMMAND: POST /session/216472d7d847287ace3a34c5cc31053d/execute/sync - {"script":"<script> [8489 bytes]","args":[{"element-6066-11e4-a52e-4f735466cecf":"f.65BB919C5CBEEA7CAD9584A6682CE4E0.d.49F2567343139E7FA5B88EFD4BA046F0.e.2529","ELEMENT":"f.65BB919C5CBEEA7CAD9584A6682CE4E0.d.49F2567343139E7FA5B88EFD4BA046F0.e.2529"}]}
COMMAND: GET /session/216472d7d847287ace3a34c5cc31053d/screenshot - {}
RESULT: {}
RESULT: {}
RESULT: {"script":"<script> [8489 bytes]","args":[{"element-6066-11e4-a52e-4f735466cecf":"f.65BB919C5CBEEA7CAD9584A6682CE4E0.d.49F2567343139E7FA5B88EFD4BA046F0.e.2529","ELEMENT":"f.65BB919C5CBEEA7CAD9584A6682CE4E0.d.49F2567343139E7FA5B88EFD4BA046F0.e.2529"}]}
COMMAND: POST /session/216472d7d847287ace3a34c5cc31053d/execute/sync - {"script":"<script> [5351 bytes]","args":[{"element-6066-11e4-a52e-4f735466cecf":"f.65BB919C5CBEEA7CAD9584A6682CE4E0.d.49F2567343139E7FA5B88EFD4BA046F0.e.2529","ELEMENT":"f.65BB919C5CBEEA7CAD9584A6682CE4E0.d.49F2567343139E7FA5B88EFD4BA046F0.e.2529"}]}
COMMAND: GET /session/216472d7d847287ace3a34c5cc31053d/screenshot - {}
RESULT: {"script":"<script> [5351 bytes]","args":[{"element-6066-11e4-a52e-4f735466cecf":"f.65BB919C5CBEEA7CAD9584A6682CE4E0.d.49F2567343139E7FA5B88EFD4BA046F0.e.2529","ELEMENT":"f.65BB919C5CBEEA7CAD9584A6682CE4E0.d.49F2567343139E7FA5B88EFD4BA046F0.e.2529"}]}
COMMAND: POST /session/216472d7d847287ace3a34c5cc31053d/element/f.65BB919C5CBEEA7CAD9584A6682CE4E0.d.49F2567343139E7FA5B88EFD4BA046F0.e.2529/click - {}
COMMAND: GET /session/216472d7d847287ace3a34c5cc31053d/screenshot - {}
RESULT: {}
RESULT: {}
COMMAND: GET /session/216472d7d847287ace3a34c5cc31053d/screenshot - {}
COMMAND: POST /session/216472d7d847287ace3a34c5cc31053d/execute/async - {"script":"<script> [1562 bytes]","args":[{"selector":{"id":"application-manageresources-display-component---newResourceUnit--TYPE-arrow"},"wdio_ui5_key":"applicationmanageresources-display-component---newResourceUnit--TYPE-arrow"}]}
RESULT: {}
RESULT: {}
RESULT: {"script":"<script> [1562 bytes]","args":[{"selector":{"id":"application-manageresources-display-component---newResourceUnit--TYPE-arrow"},"wdio_ui5_key":"applicationmanageresources-display-component---newResourceUnit--TYPE-arrow"}]}
RESULT: undefined
COMMAND: POST /session/216472d7d847287ace3a34c5cc31053d/element - {"using":"xpath","value":"//*[@id=\"application-manageresources-display-component---newResourceUnit--TYPE-arrow\"]"}
RESULT: {"using":"xpath","value":"//*[@id=\"application-manageresources-display-component---newResourceUnit--TYPE-arrow\"]"}
COMMAND: POST /session/216472d7d847287ace3a34c5cc31053d/element/f.65BB919C5CBEEA7CAD9584A6682CE4E0.d.49F2567343139E7FA5B88EFD4BA046F0.e.2885/click - {}
RESULT: {}
COMMAND: POST /session/216472d7d847287ace3a34c5cc31053d/element - {"using":"xpath","value":"//input[@id=\"application-manageresources-display-component---newResourceUnit--TYPE-inner\"]"}
COMMAND: GET /session/216472d7d847287ace3a34c5cc31053d/screenshot - {}
RESULT: {"using":"xpath","value":"//input[@id=\"application-manageresources-display-component---newResourceUnit--TYPE-inner\"]"}
COMMAND: POST /session/216472d7d847287ace3a34c5cc31053d/element/f.65BB919C5CBEEA7CAD9584A6682CE4E0.d.49F2567343139E7FA5B88EFD4BA046F0.e.2880/clear - {}
RESULT: {}
RESULT: {}
COMMAND: POST /session/216472d7d847287ace3a34c5cc31053d/element/f.65BB919C5CBEEA7CAD9584A6682CE4E0.d.49F2567343139E7FA5B88EFD4BA046F0.e.2880/value - {"text":"Equi Multipart"}
COMMAND: GET /session/216472d7d847287ace3a34c5cc31053d/screenshot - {}
RESULT: {"text":"Equi Multipart"}
COMMAND: GET /session/216472d7d847287ace3a34c5cc31053d/screenshot - {}
RESULT: {}
RESULT: {}
COMMAND: POST /session/216472d7d847287ace3a34c5cc31053d/actions - {"actions":[{"id":"action8","type":"key","parameters":{},"actions":[{"type":"keyDown","value":"î€‡"},{"type":"pause","duration":10},{"type":"keyUp","value":"î€‡"}]}]}
RESULT: {"actions":[{"id":"action8","type":"key","parameters":{},"actions":[{"type":"keyDown","value":"î€‡"},{"type":"pause","duration":10},{"type":"keyUp","value":"î€‡"}]}]}
COMMAND: POST /session/216472d7d847287ace3a34c5cc31053d/execute/async - {"script":"<script> [1562 bytes]","args":[{"selector":{"id":"application-manageresources-display-component---newResourceUnit--SHORT_TEXT","interaction":{"idSuffix":"inner"}},"wdio_ui5_key":"applicationmanageresources-display-component---newResourceUnit--SHORT_TEXT"}]}
COMMAND: GET /session/216472d7d847287ace3a34c5cc31053d/screenshot - {}
RESULT: {"script":"<script> [1562 bytes]","args":[{"selector":{"id":"application-manageresources-display-component---newResourceUnit--SHORT_TEXT","interaction":{"idSuffix":"inner"}},"wdio_ui5_key":"applicationmanageresources-display-component---newResourceUnit--SHORT_TEXT"}]}
RESULT: undefined
COMMAND: POST /session/216472d7d847287ace3a34c5cc31053d/execute/async - {"script":"<script> [776 bytes]","args":[{"enterText":"Equipment Multipart WDIO","selector":{"id":"application-manageresources-display-component---newResourceUnit--SHORT_TEXT","interaction":{"idSuffix":"inner"}},"clearTextFirst":true,"interactionType":"ENTER_TEXT"}]}
RESULT: {}
RESULT: {"script":"<script> [776 bytes]","args":[{"enterText":"Equipment Multipart WDIO","selector":{"id":"application-manageresources-display-component---newResourceUnit--SHORT_TEXT","interaction":{"idSuffix":"inner"}},"clearTextFirst":true,"interactionType":"ENTER_TEXT"}]}
COMMAND: POST /session/216472d7d847287ace3a34c5cc31053d/execute/async - {"script":"<script> [1562 bytes]","args":[{"selector":{"id":"application-manageresources-display-component---newResourceUnit--BASE_UNIT_OF_MEASURE","interaction":{"idSuffix":"inner"}},"wdio_ui5_key":"applicationmanageresources-display-component---newResourceUnit--BASE_UNIT_OF_MEASURE"}]}
RESULT: {"script":"<script> [1562 bytes]","args":[{"selector":{"id":"application-manageresources-display-component---newResourceUnit--BASE_UNIT_OF_MEASURE","interaction":{"idSuffix":"inner"}},"wdio_ui5_key":"applicationmanageresources-display-component---newResourceUnit--BASE_UNIT_OF_MEASURE"}]}
RESULT: undefined
COMMAND: POST /session/216472d7d847287ace3a34c5cc31053d/execute/async - {"script":"<script> [776 bytes]","args":[{"enterText":"Piece","selector":{"id":"application-manageresources-display-component---newResourceUnit--BASE_UNIT_OF_MEASURE","interaction":{"idSuffix":"inner"}},"clearTextFirst":true,"interactionType":"ENTER_TEXT"}]}
RESULT: {"script":"<script> [776 bytes]","args":[{"enterText":"Piece","selector":{"id":"application-manageresources-display-component---newResourceUnit--BASE_UNIT_OF_MEASURE","interaction":{"idSuffix":"inner"}},"clearTextFirst":true,"interactionType":"ENTER_TEXT"}]}
COMMAND: POST /session/216472d7d847287ace3a34c5cc31053d/execute/async - {"script":"<script> [1562 bytes]","args":[{"selector":{"id":"application-manageresources-display-component---newResourceUnit--WEIGHT_UNIT","interaction":{"idSuffix":"inner"}},"wdio_ui5_key":"applicationmanageresources-display-component---newResourceUnit--WEIGHT_UNIT"}]}
RESULT: {"script":"<script> [1562 bytes]","args":[{"selector":{"id":"application-manageresources-display-component---newResourceUnit--WEIGHT_UNIT","interaction":{"idSuffix":"inner"}},"wdio_ui5_key":"applicationmanageresources-display-component---newResourceUnit--WEIGHT_UNIT"}]}
RESULT: undefined
COMMAND: POST /session/216472d7d847287ace3a34c5cc31053d/execute/async - {"script":"<script> [776 bytes]","args":[{"enterText":"Gram","selector":{"id":"application-manageresources-display-component---newResourceUnit--WEIGHT_UNIT","interaction":{"idSuffix":"inner"}},"clearTextFirst":true,"interactionType":"ENTER_TEXT"}]}
RESULT: {"script":"<script> [776 bytes]","args":[{"enterText":"Gram","selector":{"id":"application-manageresources-display-component---newResourceUnit--WEIGHT_UNIT","interaction":{"idSuffix":"inner"}},"clearTextFirst":true,"interactionType":"ENTER_TEXT"}]}
COMMAND: POST /session/216472d7d847287ace3a34c5cc31053d/execute/async - {"script":"<script> [1562 bytes]","args":[{"selector":{"id":"application-manageresources-display-component---newResourceUnit--DIMENSION_UNIT","interaction":{"idSuffix":"inner"}},"wdio_ui5_key":"applicationmanageresources-display-component---newResourceUnit--DIMENSION_UNIT"}]}
RESULT: {"script":"<script> [1562 bytes]","args":[{"selector":{"id":"application-manageresources-display-component---newResourceUnit--DIMENSION_UNIT","interaction":{"idSuffix":"inner"}},"wdio_ui5_key":"applicationmanageresources-display-component---newResourceUnit--DIMENSION_UNIT"}]}
RESULT: undefined
COMMAND: POST /session/216472d7d847287ace3a34c5cc31053d/execute/async - {"script":"<script> [776 bytes]","args":[{"enterText":"Meter","selector":{"id":"application-manageresources-display-component---newResourceUnit--DIMENSION_UNIT","interaction":{"idSuffix":"inner"}},"clearTextFirst":true,"interactionType":"ENTER_TEXT"}]}
RESULT: {"script":"<script> [776 bytes]","args":[{"enterText":"Meter","selector":{"id":"application-manageresources-display-component---newResourceUnit--DIMENSION_UNIT","interaction":{"idSuffix":"inner"}},"clearTextFirst":true,"interactionType":"ENTER_TEXT"}]}
COMMAND: POST /session/216472d7d847287ace3a34c5cc31053d/execute/async - {"script":"<script> [1562 bytes]","args":[{"selector":{"id":"application-manageresources-display-component---newResourceUnit--newRRUPage-anchBar-application-manageresources-display-component---newResourceUnit--control-anchor","interaction":{"idSuffix":"BDI-content"}},"wdio_ui5_key":"applicationmanageresources-display-component---newResourceUnit--newRRUPage-anchBar-application-manageresources-display-component---newResourceUnit--control-anchor"}]}
RESULT: {"script":"<script> [1562 bytes]","args":[{"selector":{"id":"application-manageresources-display-component---newResourceUnit--newRRUPage-anchBar-application-manageresources-display-component---newResourceUnit--control-anchor","interaction":{"idSuffix":"BDI-content"}},"wdio_ui5_key":"applicationmanageresources-display-component---newResourceUnit--newRRUPage-anchBar-application-manageresources-display-component---newResourceUnit--control-anchor"}]}
RESULT: undefined
COMMAND: POST /session/216472d7d847287ace3a34c5cc31053d/element - {"using":"xpath","value":"//*[@id=\"application-manageresources-display-component---newResourceUnit--newRRUPage-anchBar-application-manageresources-display-component---newResourceUnit--control-anchor\"]"}
RESULT: {"using":"xpath","value":"//*[@id=\"application-manageresources-display-component---newResourceUnit--newRRUPage-anchBar-application-manageresources-display-component---newResourceUnit--control-anchor\"]"}
COMMAND: POST /session/216472d7d847287ace3a34c5cc31053d/element/f.65BB919C5CBEEA7CAD9584A6682CE4E0.d.49F2567343139E7FA5B88EFD4BA046F0.e.3019/click - {}
RESULT: {}
COMMAND: POST /session/216472d7d847287ace3a34c5cc31053d/execute/async - {"script":"<script> [1562 bytes]","args":[{"selector":{"id":"application-manageresources-display-component---newResourceUnit--PLANNING_GROUP","interaction":{"idSuffix":"inner"}},"wdio_ui5_key":"applicationmanageresources-display-component---newResourceUnit--PLANNING_GROUP"}]}
COMMAND: GET /session/216472d7d847287ace3a34c5cc31053d/screenshot - {}
RESULT: {}
RESULT: {"script":"<script> [1562 bytes]","args":[{"selector":{"id":"application-manageresources-display-component---newResourceUnit--PLANNING_GROUP","interaction":{"idSuffix":"inner"}},"wdio_ui5_key":"applicationmanageresources-display-component---newResourceUnit--PLANNING_GROUP"}]}
RESULT: undefined
COMMAND: POST /session/216472d7d847287ace3a34c5cc31053d/execute/async - {"script":"<script> [776 bytes]","args":[{"enterText":"Heavy Equi","selector":{"id":"application-manageresources-display-component---newResourceUnit--PLANNING_GROUP","interaction":{"idSuffix":"inner"}},"clearTextFirst":true,"interactionType":"ENTER_TEXT"}]}
RESULT: {"script":"<script> [776 bytes]","args":[{"enterText":"Heavy Equi","selector":{"id":"application-manageresources-display-component---newResourceUnit--PLANNING_GROUP","interaction":{"idSuffix":"inner"}},"clearTextFirst":true,"interactionType":"ENTER_TEXT"}]}
COMMAND: POST /session/216472d7d847287ace3a34c5cc31053d/execute/async - {"script":"<script> [1562 bytes]","args":[{"selector":{"id":"application-manageresources-display-component---newResourceUnit--PLANNING_INDICATOR","interaction":{"idSuffix":"inner"}},"wdio_ui5_key":"applicationmanageresources-display-component---newResourceUnit--PLANNING_INDICATOR"}]}
RESULT: {"script":"<script> [1562 bytes]","args":[{"selector":{"id":"application-manageresources-display-component---newResourceUnit--PLANNING_INDICATOR","interaction":{"idSuffix":"inner"}},"wdio_ui5_key":"applicationmanageresources-display-component---newResourceUnit--PLANNING_INDICATOR"}]}
RESULT: undefined
COMMAND: POST /session/216472d7d847287ace3a34c5cc31053d/execute/async - {"script":"<script> [776 bytes]","args":[{"enterText":"10 - infinite","selector":{"id":"application-manageresources-display-component---newResourceUnit--PLANNING_INDICATOR","interaction":{"idSuffix":"inner"}},"clearTextFirst":true,"interactionType":"ENTER_TEXT"}]}
RESULT: {"script":"<script> [776 bytes]","args":[{"enterText":"10 - infinite","selector":{"id":"application-manageresources-display-component---newResourceUnit--PLANNING_INDICATOR","interaction":{"idSuffix":"inner"}},"clearTextFirst":true,"interactionType":"ENTER_TEXT"}]}
COMMAND: POST /session/216472d7d847287ace3a34c5cc31053d/execute/async - {"script":"<script> [1562 bytes]","args":[{"selector":{"id":"application-manageresources-display-component---newResourceUnit--ITEM_TYPE-arrow"},"wdio_ui5_key":"applicationmanageresources-display-component---newResourceUnit--ITEM_TYPE-arrow"}]}
RESULT: {"script":"<script> [1562 bytes]","args":[{"selector":{"id":"application-manageresources-display-component---newResourceUnit--ITEM_TYPE-arrow"},"wdio_ui5_key":"applicationmanageresources-display-component---newResourceUnit--ITEM_TYPE-arrow"}]}
RESULT: undefined
COMMAND: POST /session/216472d7d847287ace3a34c5cc31053d/element - {"using":"xpath","value":"//*[@id=\"application-manageresources-display-component---newResourceUnit--ITEM_TYPE-arrow\"]"}
RESULT: {"using":"xpath","value":"//*[@id=\"application-manageresources-display-component---newResourceUnit--ITEM_TYPE-arrow\"]"}
COMMAND: POST /session/216472d7d847287ace3a34c5cc31053d/element/f.65BB919C5CBEEA7CAD9584A6682CE4E0.d.49F2567343139E7FA5B88EFD4BA046F0.e.3027/click - {}
RESULT: {}
COMMAND: GET /session/216472d7d847287ace3a34c5cc31053d/screenshot - {}
RESULT: {}
COMMAND: POST /session/216472d7d847287ace3a34c5cc31053d/execute/async - {"script":"<script> [1562 bytes]","args":[{"selector":{"controlType":"sap.m.StandardListItem","viewName":"reusables.view.manageresources.NewResourceUnit","viewId":"application-manageresources-display-component---newResourceUnit","properties":{"title":"Pool Equipment"},"searchOpenDialogs":true,"interaction":{"idSuffix":"content"}},"wdio_ui5_key":"reusablesview.manageresources.NewResourceUnitsap.m.StandardListItem{\"title\":\"Pool Equipment\"}"}]}
RESULT: {"script":"<script> [1562 bytes]","args":[{"selector":{"controlType":"sap.m.StandardListItem","viewName":"reusables.view.manageresources.NewResourceUnit","viewId":"application-manageresources-display-component---newResourceUnit","properties":{"title":"Pool Equipment"},"searchOpenDialogs":true,"interaction":{"idSuffix":"content"}},"wdio_ui5_key":"reusablesview.manageresources.NewResourceUnitsap.m.StandardListItem{\"title\":\"Pool Equipment\"}"}]}
RESULT: undefined
COMMAND: POST /session/216472d7d847287ace3a34c5cc31053d/element - {"using":"xpath","value":"//*[@id=\"__item1905\"]"}
RESULT: {"using":"xpath","value":"//*[@id=\"__item1905\"]"}
COMMAND: POST /session/216472d7d847287ace3a34c5cc31053d/element/f.65BB919C5CBEEA7CAD9584A6682CE4E0.d.49F2567343139E7FA5B88EFD4BA046F0.e.3029/click - {}
RESULT: {}
COMMAND: GET /session/216472d7d847287ace3a34c5cc31053d/screenshot - {}
RESULT: {}
COMMAND: POST /session/216472d7d847287ace3a34c5cc31053d/element - {"using":"css selector","value":"#application-manageresources-display-component---newResourceUnit--btnAddTimeSegment"}
RESULT: {"using":"css selector","value":"#application-manageresources-display-component---newResourceUnit--btnAddTimeSegment"}
COMMAND: GET /session/216472d7d847287ace3a34c5cc31053d/element/f.65BB919C5CBEEA7CAD9584A6682CE4E0.d.49F2567343139E7FA5B88EFD4BA046F0.e.3091/rect - {}
RESULT: {}
COMMAND: GET /session/216472d7d847287ace3a34c5cc31053d/window/rect - {}
RESULT: {}
COMMAND: POST /session/216472d7d847287ace3a34c5cc31053d/execute/sync - {"script":"<script> [92 bytes]","args":[]}
RESULT: {"script":"<script> [92 bytes]","args":[]}
COMMAND: POST /session/216472d7d847287ace3a34c5cc31053d/actions - {"actions":[{"id":"action9","type":"wheel","parameters":{},"actions":[{"type":"scroll","x":-1888,"y":-32,"deltaX":0,"deltaY":0,"duration":0,"origin":{"element-6066-11e4-a52e-4f735466cecf":"f.65BB919C5CBEEA7CAD9584A6682CE4E0.d.49F2567343139E7FA5B88EFD4BA046F0.e.3091"}}]}]}
COMMAND: GET /session/216472d7d847287ace3a34c5cc31053d/screenshot - {}
RESULT: {}
COMMAND: POST /session/216472d7d847287ace3a34c5cc31053d/execute/sync - {"script":"<script> [79 bytes]","args":[{"element-6066-11e4-a52e-4f735466cecf":"f.65BB919C5CBEEA7CAD9584A6682CE4E0.d.49F2567343139E7FA5B88EFD4BA046F0.e.3091","ELEMENT":"f.65BB919C5CBEEA7CAD9584A6682CE4E0.d.49F2567343139E7FA5B88EFD4BA046F0.e.3091"},{"block":"start","inline":"nearest"}]}
RESULT: {"script":"<script> [79 bytes]","args":[{"element-6066-11e4-a52e-4f735466cecf":"f.65BB919C5CBEEA7CAD9584A6682CE4E0.d.49F2567343139E7FA5B88EFD4BA046F0.e.3091","ELEMENT":"f.65BB919C5CBEEA7CAD9584A6682CE4E0.d.49F2567343139E7FA5B88EFD4BA046F0.e.3091"},{"block":"start","inline":"nearest"}]}
COMMAND: POST /session/216472d7d847287ace3a34c5cc31053d/execute/async - {"script":"<script> [1562 bytes]","args":[{"selector":{"id":"application-manageresources-display-component---newResourceUnit--btnAddTimeSegment","interaction":{"idSuffix":"inner"}},"wdio_ui5_key":"applicationmanageresources-display-component---newResourceUnit--btnAddTimeSegment"}]}
COMMAND: GET /session/216472d7d847287ace3a34c5cc31053d/screenshot - {}
RESULT: {"script":"<script> [1562 bytes]","args":[{"selector":{"id":"application-manageresources-display-component---newResourceUnit--btnAddTimeSegment","interaction":{"idSuffix":"inner"}},"wdio_ui5_key":"applicationmanageresources-display-component---newResourceUnit--btnAddTimeSegment"}]}
RESULT: undefined
COMMAND: POST /session/216472d7d847287ace3a34c5cc31053d/element - {"using":"xpath","value":"//*[@id=\"application-manageresources-display-component---newResourceUnit--btnAddTimeSegment\"]"}
RESULT: {}
RESULT: {"using":"xpath","value":"//*[@id=\"application-manageresources-display-component---newResourceUnit--btnAddTimeSegment\"]"}
COMMAND: POST /session/216472d7d847287ace3a34c5cc31053d/element/f.65BB919C5CBEEA7CAD9584A6682CE4E0.d.49F2567343139E7FA5B88EFD4BA046F0.e.3091/click - {}
RESULT: {}
COMMAND: GET /session/216472d7d847287ace3a34c5cc31053d/screenshot - {}
RESULT: {}
COMMAND: POST /session/216472d7d847287ace3a34c5cc31053d/element - {"using":"xpath","value":"//input[@id=\"application-manageresources-display-component---newResourceUnit--idRuTSAdmin-application-manageresources-display-component---newResourceUnit--RUTimeSegment-0-inner\"]"}
RESULT: {"using":"xpath","value":"//input[@id=\"application-manageresources-display-component---newResourceUnit--idRuTSAdmin-application-manageresources-display-component---newResourceUnit--RUTimeSegment-0-inner\"]"}
COMMAND: POST /session/216472d7d847287ace3a34c5cc31053d/element/f.65BB919C5CBEEA7CAD9584A6682CE4E0.d.49F2567343139E7FA5B88EFD4BA046F0.e.3097/clear - {}
RESULT: {}
COMMAND: POST /session/216472d7d847287ace3a34c5cc31053d/element/f.65BB919C5CBEEA7CAD9584A6682CE4E0.d.49F2567343139E7FA5B88EFD4BA046F0.e.3097/value - {"text":"671"}
COMMAND: GET /session/216472d7d847287ace3a34c5cc31053d/screenshot - {}
RESULT: {"text":"671"}
COMMAND: GET /session/216472d7d847287ace3a34c5cc31053d/screenshot - {}
RESULT: {}
RESULT: {}
COMMAND: POST /session/216472d7d847287ace3a34c5cc31053d/element - {"using":"xpath","value":"//li[.//span[text()='671']]"}
RESULT: {"using":"xpath","value":"//li[.//span[text()='671']]"}
COMMAND: POST /session/216472d7d847287ace3a34c5cc31053d/element/f.65BB919C5CBEEA7CAD9584A6682CE4E0.d.49F2567343139E7FA5B88EFD4BA046F0.e.3110/click - {}
RESULT: {}
COMMAND: GET /session/216472d7d847287ace3a34c5cc31053d/screenshot - {}
RESULT: {}
COMMAND: POST /session/216472d7d847287ace3a34c5cc31053d/element - {"using":"xpath","value":"(//span[contains(@id, \"-application-manageresources-display-component---newResourceUnit--RUTimeSegment-0-arrow\")])[5]"}
RESULT: {"using":"xpath","value":"(//span[contains(@id, \"-application-manageresources-display-component---newResourceUnit--RUTimeSegment-0-arrow\")])[5]"}
COMMAND: POST /session/216472d7d847287ace3a34c5cc31053d/element/f.65BB919C5CBEEA7CAD9584A6682CE4E0.d.49F2567343139E7FA5B88EFD4BA046F0.e.3111/click - {}
RESULT: {}
COMMAND: GET /session/216472d7d847287ace3a34c5cc31053d/screenshot - {}
RESULT: {}
COMMAND: POST /session/216472d7d847287ace3a34c5cc31053d/element - {"using":"xpath","value":"//span[contains(text(), \"PM Order\")]"}
RESULT: {"using":"xpath","value":"//span[contains(text(), \"PM Order\")]"}
COMMAND: POST /session/216472d7d847287ace3a34c5cc31053d/element/f.65BB919C5CBEEA7CAD9584A6682CE4E0.d.49F2567343139E7FA5B88EFD4BA046F0.e.3112/click - {}
RESULT: {}
COMMAND: GET /session/216472d7d847287ace3a34c5cc31053d/screenshot - {}
RESULT: {}
COMMAND: POST /session/216472d7d847287ace3a34c5cc31053d/element - {"using":"xpath","value":"(//span[contains(@id ,\"manageresources-display-component---newResourceUnit--RUTimeSegment-0-vhi\")])[1]"}
RESULT: {"using":"xpath","value":"(//span[contains(@id ,\"manageresources-display-component---newResourceUnit--RUTimeSegment-0-vhi\")])[1]"}
COMMAND: GET /session/216472d7d847287ace3a34c5cc31053d/element/f.65BB919C5CBEEA7CAD9584A6682CE4E0.d.49F2567343139E7FA5B88EFD4BA046F0.e.3116/rect - {}
RESULT: {}
COMMAND: GET /session/216472d7d847287ace3a34c5cc31053d/window/rect - {}
RESULT: {}
COMMAND: POST /session/216472d7d847287ace3a34c5cc31053d/execute/sync - {"script":"<script> [92 bytes]","args":[]}
RESULT: {"script":"<script> [92 bytes]","args":[]}
COMMAND: POST /session/216472d7d847287ace3a34c5cc31053d/actions - {"actions":[{"id":"action10","type":"wheel","parameters":{},"actions":[{"type":"scroll","x":-1888,"y":-24,"deltaX":0,"deltaY":0,"duration":0,"origin":{"element-6066-11e4-a52e-4f735466cecf":"f.65BB919C5CBEEA7CAD9584A6682CE4E0.d.49F2567343139E7FA5B88EFD4BA046F0.e.3116"}}]}]}
COMMAND: GET /session/216472d7d847287ace3a34c5cc31053d/screenshot - {}
RESULT: {}
COMMAND: POST /session/216472d7d847287ace3a34c5cc31053d/execute/sync - {"script":"<script> [79 bytes]","args":[{"element-6066-11e4-a52e-4f735466cecf":"f.65BB919C5CBEEA7CAD9584A6682CE4E0.d.49F2567343139E7FA5B88EFD4BA046F0.e.3116","ELEMENT":"f.65BB919C5CBEEA7CAD9584A6682CE4E0.d.49F2567343139E7FA5B88EFD4BA046F0.e.3116"},{"block":"start","inline":"nearest"}]}
RESULT: {"script":"<script> [79 bytes]","args":[{"element-6066-11e4-a52e-4f735466cecf":"f.65BB919C5CBEEA7CAD9584A6682CE4E0.d.49F2567343139E7FA5B88EFD4BA046F0.e.3116","ELEMENT":"f.65BB919C5CBEEA7CAD9584A6682CE4E0.d.49F2567343139E7FA5B88EFD4BA046F0.e.3116"},{"block":"start","inline":"nearest"}]}
COMMAND: GET /session/216472d7d847287ace3a34c5cc31053d/screenshot - {}
RESULT: {}
COMMAND: POST /session/216472d7d847287ace3a34c5cc31053d/element/f.65BB919C5CBEEA7CAD9584A6682CE4E0.d.49F2567343139E7FA5B88EFD4BA046F0.e.3116/click - {}
RESULT: {}
COMMAND: GET /session/216472d7d847287ace3a34c5cc31053d/screenshot - {}
RESULT: {}
RESULT: undefined
COMMAND: POST /session/216472d7d847287ace3a34c5cc31053d/execute/async - {"script":"<script> [776 bytes]","args":[{"enterText":"4000360","selector":{"controlType":"sap.m.SearchField","properties":{"placeholder":"Search"},"searchOpenDialogs":true,"interaction":{"idSuffix":"I"}},"clearTextFirst":true,"interactionType":"ENTER_TEXT"}]}
RESULT: {"script":"<script> [776 bytes]","args":[{"enterText":"4000360","selector":{"controlType":"sap.m.SearchField","properties":{"placeholder":"Search"},"searchOpenDialogs":true,"interaction":{"idSuffix":"I"}},"clearTextFirst":true,"interactionType":"ENTER_TEXT"}]}
COMMAND: POST /session/216472d7d847287ace3a34c5cc31053d/actions - {"actions":[{"id":"action11","type":"key","parameters":{},"actions":[{"type":"keyDown","value":"î€‡"},{"type":"pause","duration":10},{"type":"keyUp","value":"î€‡"}]}]}
RESULT: {"actions":[{"id":"action11","type":"key","parameters":{},"actions":[{"type":"keyDown","value":"î€‡"},{"type":"pause","duration":10},{"type":"keyUp","value":"î€‡"}]}]}
COMMAND: GET /session/216472d7d847287ace3a34c5cc31053d/screenshot - {}
RESULT: {}
COMMAND: POST /session/216472d7d847287ace3a34c5cc31053d/element - {"using":"xpath","value":"//td/div/span[contains(text(), \"BGL Vehicles\")]"}
RESULT: {"using":"xpath","value":"//td/div/span[contains(text(), \"BGL Vehicles\")]"}
COMMAND: POST /session/216472d7d847287ace3a34c5cc31053d/element/f.65BB919C5CBEEA7CAD9584A6682CE4E0.d.49F2567343139E7FA5B88EFD4BA046F0.e.3135/click - {}
RESULT: {}
COMMAND: GET /session/216472d7d847287ace3a34c5cc31053d/screenshot - {}
RESULT: {}
COMMAND: POST /session/216472d7d847287ace3a34c5cc31053d/element - {"using":"xpath","value":"//bdi[contains(text(), \"OK\")]"}
RESULT: {"using":"xpath","value":"//bdi[contains(text(), \"OK\")]"}
COMMAND: POST /session/216472d7d847287ace3a34c5cc31053d/element/f.65BB919C5CBEEA7CAD9584A6682CE4E0.d.49F2567343139E7FA5B88EFD4BA046F0.e.3136/click - {}
RESULT: {}
COMMAND: GET /session/216472d7d847287ace3a34c5cc31053d/screenshot - {}
RESULT: {}
COMMAND: POST /session/216472d7d847287ace3a34c5cc31053d/element - {"using":"xpath","value":"//label[contains(@class, 'sapMLabelRequired') and .//bdi[contains(text(), 'Planned Retirement')]]"}
RESULT: {"using":"xpath","value":"//label[contains(@class, 'sapMLabelRequired') and .//bdi[contains(text(), 'Planned Retirement')]]"}
COMMAND: POST /session/216472d7d847287ace3a34c5cc31053d/elements - {"using":"xpath","value":"//label[contains(@class, 'sapMLabelRequired') and .//bdi[contains(text(), 'Planned Retirement')]]"}
RESULT: {"using":"xpath","value":"//label[contains(@class, 'sapMLabelRequired') and .//bdi[contains(text(), 'Planned Retirement')]]"}
COMMAND: POST /session/216472d7d847287ace3a34c5cc31053d/element - {"using":"xpath","value":"//button[@data-kt=\"resourceUnitSaveButton\"]"}
RESULT: {"using":"xpath","value":"//button[@data-kt=\"resourceUnitSaveButton\"]"}
COMMAND: POST /session/216472d7d847287ace3a34c5cc31053d/element/f.65BB919C5CBEEA7CAD9584A6682CE4E0.d.49F2567343139E7FA5B88EFD4BA046F0.e.2902/click - {}
RESULT: {}
COMMAND: GET /session/216472d7d847287ace3a34c5cc31053d/screenshot - {}
RESULT: {}
COMMAND: POST /session/216472d7d847287ace3a34c5cc31053d/element - {"using":"xpath","value":"//bdi[contains(text(), \"Close\")]"}
RESULT: {"using":"xpath","value":"//bdi[contains(text(), \"Close\")]"}
COMMAND: POST /session/216472d7d847287ace3a34c5cc31053d/element/f.65BB919C5CBEEA7CAD9584A6682CE4E0.d.49F2567343139E7FA5B88EFD4BA046F0.e.3142/click - {}
RESULT: {}
COMMAND: GET /session/216472d7d847287ace3a34c5cc31053d/screenshot - {}
RESULT: {}
COMMAND: POST /session/216472d7d847287ace3a34c5cc31053d/element - {"using":"xpath","value":"//header[contains(@id, 'detailRruPage-headerTitle')]/div[1]/div[2]/div[2]/span[1]"}
RESULT: {"using":"xpath","value":"//header[contains(@id, 'detailRruPage-headerTitle')]/div[1]/div[2]/div[2]/span[1]"}
COMMAND: POST /session/216472d7d847287ace3a34c5cc31053d/elements - {"using":"xpath","value":"//header[contains(@id, 'detailRruPage-headerTitle')]/div[1]/div[2]/div[2]/span[1]"}
RESULT: {"using":"xpath","value":"//header[contains(@id, 'detailRruPage-headerTitle')]/div[1]/div[2]/div[2]/span[1]"}
COMMAND: POST /session/216472d7d847287ace3a34c5cc31053d/execute/sync - {"script":"<script> [56 bytes]","args":[{"element-6066-11e4-a52e-4f735466cecf":"f.65BB919C5CBEEA7CAD9584A6682CE4E0.d.49F2567343139E7FA5B88EFD4BA046F0.e.3168","ELEMENT":"f.65BB919C5CBEEA7CAD9584A6682CE4E0.d.49F2567343139E7FA5B88EFD4BA046F0.e.3168"}]}
RESULT: {"script":"<script> [56 bytes]","args":[{"element-6066-11e4-a52e-4f735466cecf":"f.65BB919C5CBEEA7CAD9584A6682CE4E0.d.49F2567343139E7FA5B88EFD4BA046F0.e.3168","ELEMENT":"f.65BB919C5CBEEA7CAD9584A6682CE4E0.d.49F2567343139E7FA5B88EFD4BA046F0.e.3168"}]}
COMMAND: POST /session/216472d7d847287ace3a34c5cc31053d/element - {"using":"css selector","value":"#shell-header-logo"}
COMMAND: GET /session/216472d7d847287ace3a34c5cc31053d/screenshot - {}
RESULT: {"using":"css selector","value":"#shell-header-logo"}
COMMAND: POST /session/216472d7d847287ace3a34c5cc31053d/element/f.65BB919C5CBEEA7CAD9584A6682CE4E0.d.49F2567343139E7FA5B88EFD4BA046F0.e.2500/click - {}
RESULT: {}
RESULT: {}
COMMAND: GET /session/216472d7d847287ace3a34c5cc31053d/screenshot - {}
RESULT: {}
]]></system-out>
    </testcase>
  </testsuite>
  <testsuite timestamp="2025-06-04T18:14:14" time="863.573" tests="6" failures="5" errors="5" skipped="0">
    <properties>
      <property name="specId" value="0" />
      <property name="suiteName" value="Manage States &amp; Performance Tests US151247 US151423 US151467" />
      <property name="capabilities" value="chrome.137_0_7151_56.windows" />
      <property name="file" value="file:///D:/a/1/s/test/specs/HTR/manage-states-perf.spec.js" />
    </properties>
    <testcase classname="chrome.137_0_7151_56.windows.Manage_States_&amp;_Performance_Tests_US151247_US151423_US151467" name="Prereq Should create a yard partner and site" time="373.187">
      <system-out><![CDATA[
COMMAND: POST /session/216472d7d847287ace3a34c5cc31053d/execute/async - {"script":"<script> [1562 bytes]","args":[{"selector":{"controlType":"sap.m.GenericTile","properties":{"header":"Manage Yards"}},"wdio_ui5_key":"sapm.GenericTile{\"header\":\"Manage Yards\"}"}]}
RESULT: {"script":"<script> [1562 bytes]","args":[{"selector":{"controlType":"sap.m.GenericTile","properties":{"header":"Manage Yards"}},"wdio_ui5_key":"sapm.GenericTile{\"header\":\"Manage Yards\"}"}]}
RESULT: undefined
COMMAND: POST /session/216472d7d847287ace3a34c5cc31053d/element - {"using":"xpath","value":"//*[@id=\"__tile33\"]"}
RESULT: {"using":"xpath","value":"//*[@id=\"__tile33\"]"}
COMMAND: POST /session/216472d7d847287ace3a34c5cc31053d/element/f.65BB919C5CBEEA7CAD9584A6682CE4E0.d.AE60101F4AFE8FA6262C1A37F090146A.e.3611/click - {}
RESULT: {}
COMMAND: GET /session/216472d7d847287ace3a34c5cc31053d/screenshot - {}
RESULT: {}
COMMAND: POST /session/216472d7d847287ace3a34c5cc31053d/elements - {"using":"xpath","value":"//span[text()='Error']"}
RESULT: {"using":"xpath","value":"//span[text()='Error']"}
COMMAND: POST /session/216472d7d847287ace3a34c5cc31053d/element - {"using":"xpath","value":"//button[@data-kt=\"addNewYardOverflowToolbarButton\"]"}
RESULT: {"using":"xpath","value":"//button[@data-kt=\"addNewYardOverflowToolbarButton\"]"}
COMMAND: POST /session/216472d7d847287ace3a34c5cc31053d/elements - {"using":"xpath","value":"//button[@data-kt=\"addNewYardOverflowToolbarButton\"]"}
RESULT: {"using":"xpath","value":"//button[@data-kt=\"addNewYardOverflowToolbarButton\"]"}
COMMAND: POST /session/216472d7d847287ace3a34c5cc31053d/elements - {"using":"xpath","value":"//button[@data-kt=\"addNewYardOverflowToolbarButton\"]"}
RESULT: {"using":"xpath","value":"//button[@data-kt=\"addNewYardOverflowToolbarButton\"]"}
COMMAND: POST /session/216472d7d847287ace3a34c5cc31053d/element - {"using":"xpath","value":"//button[@data-kt=\"addNewYardOverflowToolbarButton\"]"}
RESULT: {"using":"xpath","value":"//button[@data-kt=\"addNewYardOverflowToolbarButton\"]"}
COMMAND: POST /session/216472d7d847287ace3a34c5cc31053d/execute/sync - {"script":"<script> [8489 bytes]","args":[{"element-6066-11e4-a52e-4f735466cecf":"f.65BB919C5CBEEA7CAD9584A6682CE4E0.d.AE60101F4AFE8FA6262C1A37F090146A.e.3737","ELEMENT":"f.65BB919C5CBEEA7CAD9584A6682CE4E0.d.AE60101F4AFE8FA6262C1A37F090146A.e.3737"}]}
RESULT: {"script":"<script> [8489 bytes]","args":[{"element-6066-11e4-a52e-4f735466cecf":"f.65BB919C5CBEEA7CAD9584A6682CE4E0.d.AE60101F4AFE8FA6262C1A37F090146A.e.3737","ELEMENT":"f.65BB919C5CBEEA7CAD9584A6682CE4E0.d.AE60101F4AFE8FA6262C1A37F090146A.e.3737"}]}
COMMAND: GET /session/216472d7d847287ace3a34c5cc31053d/element/f.65BB919C5CBEEA7CAD9584A6682CE4E0.d.AE60101F4AFE8FA6262C1A37F090146A.e.3737/enabled - {}
COMMAND: GET /session/216472d7d847287ace3a34c5cc31053d/screenshot - {}
RESULT: {}
COMMAND: POST /session/216472d7d847287ace3a34c5cc31053d/execute/sync - {"script":"<script> [8489 bytes]","args":[{"element-6066-11e4-a52e-4f735466cecf":"f.65BB919C5CBEEA7CAD9584A6682CE4E0.d.AE60101F4AFE8FA6262C1A37F090146A.e.3737","ELEMENT":"f.65BB919C5CBEEA7CAD9584A6682CE4E0.d.AE60101F4AFE8FA6262C1A37F090146A.e.3737"}]}
COMMAND: GET /session/216472d7d847287ace3a34c5cc31053d/screenshot - {}
RESULT: {}
RESULT: {"script":"<script> [8489 bytes]","args":[{"element-6066-11e4-a52e-4f735466cecf":"f.65BB919C5CBEEA7CAD9584A6682CE4E0.d.AE60101F4AFE8FA6262C1A37F090146A.e.3737","ELEMENT":"f.65BB919C5CBEEA7CAD9584A6682CE4E0.d.AE60101F4AFE8FA6262C1A37F090146A.e.3737"}]}
COMMAND: POST /session/216472d7d847287ace3a34c5cc31053d/execute/sync - {"script":"<script> [5351 bytes]","args":[{"element-6066-11e4-a52e-4f735466cecf":"f.65BB919C5CBEEA7CAD9584A6682CE4E0.d.AE60101F4AFE8FA6262C1A37F090146A.e.3737","ELEMENT":"f.65BB919C5CBEEA7CAD9584A6682CE4E0.d.AE60101F4AFE8FA6262C1A37F090146A.e.3737"}]}
COMMAND: GET /session/216472d7d847287ace3a34c5cc31053d/screenshot - {}
RESULT: {}
RESULT: {"script":"<script> [5351 bytes]","args":[{"element-6066-11e4-a52e-4f735466cecf":"f.65BB919C5CBEEA7CAD9584A6682CE4E0.d.AE60101F4AFE8FA6262C1A37F090146A.e.3737","ELEMENT":"f.65BB919C5CBEEA7CAD9584A6682CE4E0.d.AE60101F4AFE8FA6262C1A37F090146A.e.3737"}]}
COMMAND: POST /session/216472d7d847287ace3a34c5cc31053d/element/f.65BB919C5CBEEA7CAD9584A6682CE4E0.d.AE60101F4AFE8FA6262C1A37F090146A.e.3737/click - {}
COMMAND: GET /session/216472d7d847287ace3a34c5cc31053d/screenshot - {}
RESULT: {}
RESULT: {}
COMMAND: GET /session/216472d7d847287ace3a34c5cc31053d/screenshot - {}
COMMAND: POST /session/216472d7d847287ace3a34c5cc31053d/element - {"using":"xpath","value":"//input[@id=\"application-manageyards-display-component---NewYard--yardId-inner\"]"}
RESULT: {}
RESULT: {}
RESULT: {"using":"xpath","value":"//input[@id=\"application-manageyards-display-component---NewYard--yardId-inner\"]"}
COMMAND: POST /session/216472d7d847287ace3a34c5cc31053d/element - {"using":"xpath","value":"//input[@id=\"application-manageyards-display-component---NewYard--yardId-inner\"]"}
RESULT: {"using":"xpath","value":"//input[@id=\"application-manageyards-display-component---NewYard--yardId-inner\"]"}
COMMAND: POST /session/216472d7d847287ace3a34c5cc31053d/execute/async - {"script":"<script> [1562 bytes]","args":[{"selector":{"id":"application-manageyards-display-component---NewYard--addressDetailDetailsName1","interaction":{"idSuffix":"inner"}},"wdio_ui5_key":"applicationmanageyards-display-component---NewYard--addressDetailDetailsName1"}]}
RESULT: {"script":"<script> [1562 bytes]","args":[{"selector":{"id":"application-manageyards-display-component---NewYard--addressDetailDetailsName1","interaction":{"idSuffix":"inner"}},"wdio_ui5_key":"applicationmanageyards-display-component---NewYard--addressDetailDetailsName1"}]}
RESULT: undefined
COMMAND: POST /session/216472d7d847287ace3a34c5cc31053d/execute/async - {"script":"<script> [776 bytes]","args":[{"enterText":"Intercompany Yard wdIO","selector":{"id":"application-manageyards-display-component---NewYard--addressDetailDetailsName1","interaction":{"idSuffix":"inner"}},"clearTextFirst":true,"interactionType":"ENTER_TEXT"}]}
RESULT: {"script":"<script> [776 bytes]","args":[{"enterText":"Intercompany Yard wdIO","selector":{"id":"application-manageyards-display-component---NewYard--addressDetailDetailsName1","interaction":{"idSuffix":"inner"}},"clearTextFirst":true,"interactionType":"ENTER_TEXT"}]}
COMMAND: POST /session/216472d7d847287ace3a34c5cc31053d/execute/async - {"script":"<script> [1562 bytes]","args":[{"selector":{"id":"application-manageyards-display-component---NewYard--addressDetailDetailsLanguage-arrow"},"wdio_ui5_key":"applicationmanageyards-display-component---NewYard--addressDetailDetailsLanguage-arrow"}]}
RESULT: {"script":"<script> [1562 bytes]","args":[{"selector":{"id":"application-manageyards-display-component---NewYard--addressDetailDetailsLanguage-arrow"},"wdio_ui5_key":"applicationmanageyards-display-component---NewYard--addressDetailDetailsLanguage-arrow"}]}
RESULT: undefined
COMMAND: POST /session/216472d7d847287ace3a34c5cc31053d/element - {"using":"xpath","value":"//*[@id=\"application-manageyards-display-component---NewYard--addressDetailDetailsLanguage-arrow\"]"}
RESULT: {"using":"xpath","value":"//*[@id=\"application-manageyards-display-component---NewYard--addressDetailDetailsLanguage-arrow\"]"}
COMMAND: POST /session/216472d7d847287ace3a34c5cc31053d/element/f.65BB919C5CBEEA7CAD9584A6682CE4E0.d.AE60101F4AFE8FA6262C1A37F090146A.e.4168/click - {}
RESULT: {}
COMMAND: POST /session/216472d7d847287ace3a34c5cc31053d/element - {"using":"xpath","value":"//span[contains(text(), \"English\")]"}
COMMAND: GET /session/216472d7d847287ace3a34c5cc31053d/screenshot - {}
RESULT: {"using":"xpath","value":"//span[contains(text(), \"English\")]"}
COMMAND: POST /session/216472d7d847287ace3a34c5cc31053d/element/f.65BB919C5CBEEA7CAD9584A6682CE4E0.d.AE60101F4AFE8FA6262C1A37F090146A.e.4169/click - {}
RESULT: {}
RESULT: {}
COMMAND: POST /session/216472d7d847287ace3a34c5cc31053d/execute/async - {"script":"<script> [1562 bytes]","args":[{"selector":{"id":"application-manageyards-display-component---NewYard--addressDetailDetailsCity1","interaction":{"idSuffix":"inner"}},"wdio_ui5_key":"applicationmanageyards-display-component---NewYard--addressDetailDetailsCity1"}]}
COMMAND: GET /session/216472d7d847287ace3a34c5cc31053d/screenshot - {}
RESULT: {"script":"<script> [1562 bytes]","args":[{"selector":{"id":"application-manageyards-display-component---NewYard--addressDetailDetailsCity1","interaction":{"idSuffix":"inner"}},"wdio_ui5_key":"applicationmanageyards-display-component---NewYard--addressDetailDetailsCity1"}]}
RESULT: undefined
COMMAND: POST /session/216472d7d847287ace3a34c5cc31053d/execute/async - {"script":"<script> [776 bytes]","args":[{"enterText":"Rosario","selector":{"id":"application-manageyards-display-component---NewYard--addressDetailDetailsCity1","interaction":{"idSuffix":"inner"}},"clearTextFirst":true,"interactionType":"ENTER_TEXT"}]}
RESULT: {}
RESULT: {"script":"<script> [776 bytes]","args":[{"enterText":"Rosario","selector":{"id":"application-manageyards-display-component---NewYard--addressDetailDetailsCity1","interaction":{"idSuffix":"inner"}},"clearTextFirst":true,"interactionType":"ENTER_TEXT"}]}
COMMAND: POST /session/216472d7d847287ace3a34c5cc31053d/execute/async - {"script":"<script> [1562 bytes]","args":[{"selector":{"id":"application-manageyards-display-component---NewYard--addressDetailDetailsCountry-arrow"},"wdio_ui5_key":"applicationmanageyards-display-component---NewYard--addressDetailDetailsCountry-arrow"}]}
RESULT: {"script":"<script> [1562 bytes]","args":[{"selector":{"id":"application-manageyards-display-component---NewYard--addressDetailDetailsCountry-arrow"},"wdio_ui5_key":"applicationmanageyards-display-component---NewYard--addressDetailDetailsCountry-arrow"}]}
RESULT: undefined
COMMAND: POST /session/216472d7d847287ace3a34c5cc31053d/element - {"using":"xpath","value":"//*[@id=\"application-manageyards-display-component---NewYard--addressDetailDetailsCountry-arrow\"]"}
RESULT: {"using":"xpath","value":"//*[@id=\"application-manageyards-display-component---NewYard--addressDetailDetailsCountry-arrow\"]"}
COMMAND: POST /session/216472d7d847287ace3a34c5cc31053d/element/f.65BB919C5CBEEA7CAD9584A6682CE4E0.d.AE60101F4AFE8FA6262C1A37F090146A.e.4171/click - {}
RESULT: {}
COMMAND: POST /session/216472d7d847287ace3a34c5cc31053d/element - {"using":"xpath","value":"//span[contains(text(), \"Argentina\")]"}
COMMAND: GET /session/216472d7d847287ace3a34c5cc31053d/screenshot - {}
RESULT: {"using":"xpath","value":"//span[contains(text(), \"Argentina\")]"}
COMMAND: POST /session/216472d7d847287ace3a34c5cc31053d/element/f.65BB919C5CBEEA7CAD9584A6682CE4E0.d.AE60101F4AFE8FA6262C1A37F090146A.e.4173/click - {}
RESULT: {}
RESULT: {}
COMMAND: POST /session/216472d7d847287ace3a34c5cc31053d/execute/async - {"script":"<script> [1562 bytes]","args":[{"selector":{"id":"application-manageyards-display-component---NewYard--addressEditDetailsCostObjectCstType-arrow"},"wdio_ui5_key":"applicationmanageyards-display-component---NewYard--addressEditDetailsCostObjectCstType-arrow"}]}
COMMAND: GET /session/216472d7d847287ace3a34c5cc31053d/screenshot - {}
RESULT: {"script":"<script> [1562 bytes]","args":[{"selector":{"id":"application-manageyards-display-component---NewYard--addressEditDetailsCostObjectCstType-arrow"},"wdio_ui5_key":"applicationmanageyards-display-component---NewYard--addressEditDetailsCostObjectCstType-arrow"}]}
RESULT: undefined
COMMAND: POST /session/216472d7d847287ace3a34c5cc31053d/element - {"using":"xpath","value":"//*[@id=\"application-manageyards-display-component---NewYard--addressEditDetailsCostObjectCstType-arrow\"]"}
RESULT: {}
RESULT: {"using":"xpath","value":"//*[@id=\"application-manageyards-display-component---NewYard--addressEditDetailsCostObjectCstType-arrow\"]"}
COMMAND: POST /session/216472d7d847287ace3a34c5cc31053d/element/f.65BB919C5CBEEA7CAD9584A6682CE4E0.d.AE60101F4AFE8FA6262C1A37F090146A.e.4174/click - {}
RESULT: {}
COMMAND: POST /session/216472d7d847287ace3a34c5cc31053d/element - {"using":"xpath","value":"//span[contains(text(), \"Cost Center\")]"}
COMMAND: GET /session/216472d7d847287ace3a34c5cc31053d/screenshot - {}
RESULT: {"using":"xpath","value":"//span[contains(text(), \"Cost Center\")]"}
COMMAND: POST /session/216472d7d847287ace3a34c5cc31053d/element/f.65BB919C5CBEEA7CAD9584A6682CE4E0.d.AE60101F4AFE8FA6262C1A37F090146A.e.4175/click - {}
RESULT: {}
RESULT: {}
COMMAND: GET /session/216472d7d847287ace3a34c5cc31053d/screenshot - {}
RESULT: {}
COMMAND: POST /session/216472d7d847287ace3a34c5cc31053d/element - {"using":"xpath","value":"//span[@id=\"application-manageyards-display-component---NewYard--addressNewCostObjectCstID-vhi\"]"}
RESULT: {"using":"xpath","value":"//span[@id=\"application-manageyards-display-component---NewYard--addressNewCostObjectCstID-vhi\"]"}
COMMAND: POST /session/216472d7d847287ace3a34c5cc31053d/execute/sync - {"script":"<script> [8489 bytes]","args":[{"element-6066-11e4-a52e-4f735466cecf":"f.65BB919C5CBEEA7CAD9584A6682CE4E0.d.AE60101F4AFE8FA6262C1A37F090146A.e.4179","ELEMENT":"f.65BB919C5CBEEA7CAD9584A6682CE4E0.d.AE60101F4AFE8FA6262C1A37F090146A.e.4179"}]}
RESULT: {"script":"<script> [8489 bytes]","args":[{"element-6066-11e4-a52e-4f735466cecf":"f.65BB919C5CBEEA7CAD9584A6682CE4E0.d.AE60101F4AFE8FA6262C1A37F090146A.e.4179","ELEMENT":"f.65BB919C5CBEEA7CAD9584A6682CE4E0.d.AE60101F4AFE8FA6262C1A37F090146A.e.4179"}]}
COMMAND: POST /session/216472d7d847287ace3a34c5cc31053d/execute/async - {"script":"<script> [1562 bytes]","args":[{"selector":{"id":"application-manageyards-display-component---NewYard--addressNewCostObjectCstID-vhi"},"wdio_ui5_key":"applicationmanageyards-display-component---NewYard--addressNewCostObjectCstID-vhi"}]}
COMMAND: GET /session/216472d7d847287ace3a34c5cc31053d/screenshot - {}
RESULT: {"script":"<script> [1562 bytes]","args":[{"selector":{"id":"application-manageyards-display-component---NewYard--addressNewCostObjectCstID-vhi"},"wdio_ui5_key":"applicationmanageyards-display-component---NewYard--addressNewCostObjectCstID-vhi"}]}
RESULT: undefined
COMMAND: POST /session/216472d7d847287ace3a34c5cc31053d/element - {"using":"xpath","value":"//*[@id=\"application-manageyards-display-component---NewYard--addressNewCostObjectCstID-vhi\"]"}
RESULT: {}
RESULT: {"using":"xpath","value":"//*[@id=\"application-manageyards-display-component---NewYard--addressNewCostObjectCstID-vhi\"]"}
COMMAND: POST /session/216472d7d847287ace3a34c5cc31053d/element/f.65BB919C5CBEEA7CAD9584A6682CE4E0.d.AE60101F4AFE8FA6262C1A37F090146A.e.4179/click - {}
RESULT: {}
COMMAND: GET /session/216472d7d847287ace3a34c5cc31053d/screenshot - {}
RESULT: {}
COMMAND: POST /session/216472d7d847287ace3a34c5cc31053d/execute/async - {"script":"<script> [1562 bytes]","args":[{"selector":{"controlType":"sap.m.SearchField","properties":{"placeholder":"Search"},"searchOpenDialogs":true,"interaction":{"idSuffix":"I"}},"wdio_ui5_key":"sapm.SearchField{\"placeholder\":\"Search\"}"}]}
RESULT: {"script":"<script> [1562 bytes]","args":[{"selector":{"controlType":"sap.m.SearchField","properties":{"placeholder":"Search"},"searchOpenDialogs":true,"interaction":{"idSuffix":"I"}},"wdio_ui5_key":"sapm.SearchField{\"placeholder\":\"Search\"}"}]}
RESULT: undefined
COMMAND: POST /session/216472d7d847287ace3a34c5cc31053d/execute/async - {"script":"<script> [776 bytes]","args":[{"enterText":"bauh_b","selector":{"controlType":"sap.m.SearchField","properties":{"placeholder":"Search"},"searchOpenDialogs":true,"interaction":{"idSuffix":"I"}},"clearTextFirst":true,"interactionType":"ENTER_TEXT"}]}
RESULT: {"script":"<script> [776 bytes]","args":[{"enterText":"bauh_b","selector":{"controlType":"sap.m.SearchField","properties":{"placeholder":"Search"},"searchOpenDialogs":true,"interaction":{"idSuffix":"I"}},"clearTextFirst":true,"interactionType":"ENTER_TEXT"}]}
COMMAND: POST /session/216472d7d847287ace3a34c5cc31053d/actions - {"actions":[{"id":"action12","type":"key","parameters":{},"actions":[{"type":"keyDown","value":"î€‡"},{"type":"pause","duration":10},{"type":"keyUp","value":"î€‡"}]}]}
RESULT: {"actions":[{"id":"action12","type":"key","parameters":{},"actions":[{"type":"keyDown","value":"î€‡"},{"type":"pause","duration":10},{"type":"keyUp","value":"î€‡"}]}]}
COMMAND: GET /session/216472d7d847287ace3a34c5cc31053d/screenshot - {}
RESULT: {}
COMMAND: POST /session/216472d7d847287ace3a34c5cc31053d/element - {"using":"xpath","value":"//span[contains(text(), \"Demo Yard\")]"}
RESULT: {"using":"xpath","value":"//span[contains(text(), \"Demo Yard\")]"}
COMMAND: POST /session/216472d7d847287ace3a34c5cc31053d/element/f.65BB919C5CBEEA7CAD9584A6682CE4E0.d.AE60101F4AFE8FA6262C1A37F090146A.e.4220/click - {}
RESULT: {}
COMMAND: GET /session/216472d7d847287ace3a34c5cc31053d/screenshot - {}
RESULT: {}
COMMAND: POST /session/216472d7d847287ace3a34c5cc31053d/element - {"using":"xpath","value":"//bdi[contains(text(), \"OK\")]"}
RESULT: {"using":"xpath","value":"//bdi[contains(text(), \"OK\")]"}
COMMAND: POST /session/216472d7d847287ace3a34c5cc31053d/element/f.65BB919C5CBEEA7CAD9584A6682CE4E0.d.AE60101F4AFE8FA6262C1A37F090146A.e.4221/click - {}
RESULT: {}
COMMAND: GET /session/216472d7d847287ace3a34c5cc31053d/screenshot - {}
RESULT: {}
COMMAND: POST /session/216472d7d847287ace3a34c5cc31053d/execute/async - {"script":"<script> [1562 bytes]","args":[{"selector":{"id":"application-manageyards-display-component---NewYard--addressEditDetailsCurrency-arrow"},"wdio_ui5_key":"applicationmanageyards-display-component---NewYard--addressEditDetailsCurrency-arrow"}]}
RESULT: {"script":"<script> [1562 bytes]","args":[{"selector":{"id":"application-manageyards-display-component---NewYard--addressEditDetailsCurrency-arrow"},"wdio_ui5_key":"applicationmanageyards-display-component---NewYard--addressEditDetailsCurrency-arrow"}]}
RESULT: undefined
COMMAND: POST /session/216472d7d847287ace3a34c5cc31053d/element - {"using":"xpath","value":"//*[@id=\"application-manageyards-display-component---NewYard--addressEditDetailsCurrency-arrow\"]"}
RESULT: {"using":"xpath","value":"//*[@id=\"application-manageyards-display-component---NewYard--addressEditDetailsCurrency-arrow\"]"}
COMMAND: POST /session/216472d7d847287ace3a34c5cc31053d/element/f.65BB919C5CBEEA7CAD9584A6682CE4E0.d.AE60101F4AFE8FA6262C1A37F090146A.e.4224/click - {}
RESULT: {}
COMMAND: POST /session/216472d7d847287ace3a34c5cc31053d/element - {"using":"xpath","value":"//span[contains(text(), \"Euro\")]"}
COMMAND: GET /session/216472d7d847287ace3a34c5cc31053d/screenshot - {}
RESULT: {"using":"xpath","value":"//span[contains(text(), \"Euro\")]"}
COMMAND: POST /session/216472d7d847287ace3a34c5cc31053d/element/f.65BB919C5CBEEA7CAD9584A6682CE4E0.d.AE60101F4AFE8FA6262C1A37F090146A.e.4225/click - {}
RESULT: {}
RESULT: {}
COMMAND: POST /session/216472d7d847287ace3a34c5cc31053d/execute/async - {"script":"<script> [1562 bytes]","args":[{"selector":{"controlType":"sap.m.Input","viewName":"etm.portal.ui.manageyards.view.New","viewId":"application-manageyards-display-component---NewYard","bindingPath":{"path":"","propertyPath":"/CONTROLLING_AREA","modelName":"NewYardModel"},"interaction":{"idSuffix":"inner"}},"wdio_ui5_key":"etmportal.ui.manageyards.view.Newsap.m.Input{\"path\":\"\",\"propertyPath\":\"/CONTROLLING_AREA\",\"modelName\":\"NewYardModel\"}"}]}
COMMAND: GET /session/216472d7d847287ace3a34c5cc31053d/screenshot - {}
RESULT: {"script":"<script> [1562 bytes]","args":[{"selector":{"controlType":"sap.m.Input","viewName":"etm.portal.ui.manageyards.view.New","viewId":"application-manageyards-display-component---NewYard","bindingPath":{"path":"","propertyPath":"/CONTROLLING_AREA","modelName":"NewYardModel"},"interaction":{"idSuffix":"inner"}},"wdio_ui5_key":"etmportal.ui.manageyards.view.Newsap.m.Input{\"path\":\"\",\"propertyPath\":\"/CONTROLLING_AREA\",\"modelName\":\"NewYardModel\"}"}]}
RESULT: undefined
COMMAND: POST /session/216472d7d847287ace3a34c5cc31053d/execute/async - {"script":"<script> [776 bytes]","args":[{"enterText":"Z001","selector":{"controlType":"sap.m.Input","viewName":"etm.portal.ui.manageyards.view.New","viewId":"application-manageyards-display-component---NewYard","bindingPath":{"path":"","propertyPath":"/CONTROLLING_AREA","modelName":"NewYardModel"},"interaction":{"idSuffix":"inner"}},"clearTextFirst":true,"interactionType":"ENTER_TEXT"}]}
RESULT: {}
RESULT: {"script":"<script> [776 bytes]","args":[{"enterText":"Z001","selector":{"controlType":"sap.m.Input","viewName":"etm.portal.ui.manageyards.view.New","viewId":"application-manageyards-display-component---NewYard","bindingPath":{"path":"","propertyPath":"/CONTROLLING_AREA","modelName":"NewYardModel"},"interaction":{"idSuffix":"inner"}},"clearTextFirst":true,"interactionType":"ENTER_TEXT"}]}
COMMAND: POST /session/216472d7d847287ace3a34c5cc31053d/execute/async - {"script":"<script> [1562 bytes]","args":[{"selector":{"id":"application-manageyards-display-component---NewYard--companyCodeComboBox","interaction":{"idSuffix":"inner"}},"wdio_ui5_key":"applicationmanageyards-display-component---NewYard--companyCodeComboBox"}]}
RESULT: {"script":"<script> [1562 bytes]","args":[{"selector":{"id":"application-manageyards-display-component---NewYard--companyCodeComboBox","interaction":{"idSuffix":"inner"}},"wdio_ui5_key":"applicationmanageyards-display-component---NewYard--companyCodeComboBox"}]}
RESULT: undefined
COMMAND: POST /session/216472d7d847287ace3a34c5cc31053d/execute/async - {"script":"<script> [776 bytes]","args":[{"enterText":"1000","selector":{"id":"application-manageyards-display-component---NewYard--companyCodeComboBox","interaction":{"idSuffix":"inner"}},"clearTextFirst":true,"interactionType":"ENTER_TEXT"}]}
RESULT: {"script":"<script> [776 bytes]","args":[{"enterText":"1000","selector":{"id":"application-manageyards-display-component---NewYard--companyCodeComboBox","interaction":{"idSuffix":"inner"}},"clearTextFirst":true,"interactionType":"ENTER_TEXT"}]}
COMMAND: POST /session/216472d7d847287ace3a34c5cc31053d/execute/async - {"script":"<script> [1562 bytes]","args":[{"selector":{"controlType":"sap.m.Input","viewName":"etm.portal.ui.manageyards.view.New","viewId":"application-manageyards-display-component---NewYard","bindingPath":{"path":"","propertyPath":"/PLANT","modelName":"NewYardModel"},"interaction":{"idSuffix":"inner"}},"wdio_ui5_key":"etmportal.ui.manageyards.view.Newsap.m.Input{\"path\":\"\",\"propertyPath\":\"/PLANT\",\"modelName\":\"NewYardModel\"}"}]}
RESULT: {"script":"<script> [1562 bytes]","args":[{"selector":{"controlType":"sap.m.Input","viewName":"etm.portal.ui.manageyards.view.New","viewId":"application-manageyards-display-component---NewYard","bindingPath":{"path":"","propertyPath":"/PLANT","modelName":"NewYardModel"},"interaction":{"idSuffix":"inner"}},"wdio_ui5_key":"etmportal.ui.manageyards.view.Newsap.m.Input{\"path\":\"\",\"propertyPath\":\"/PLANT\",\"modelName\":\"NewYardModel\"}"}]}
RESULT: undefined
COMMAND: POST /session/216472d7d847287ace3a34c5cc31053d/execute/async - {"script":"<script> [776 bytes]","args":[{"enterText":"1001","selector":{"controlType":"sap.m.Input","viewName":"etm.portal.ui.manageyards.view.New","viewId":"application-manageyards-display-component---NewYard","bindingPath":{"path":"","propertyPath":"/PLANT","modelName":"NewYardModel"},"interaction":{"idSuffix":"inner"}},"clearTextFirst":true,"interactionType":"ENTER_TEXT"}]}
RESULT: {"script":"<script> [776 bytes]","args":[{"enterText":"1001","selector":{"controlType":"sap.m.Input","viewName":"etm.portal.ui.manageyards.view.New","viewId":"application-manageyards-display-component---NewYard","bindingPath":{"path":"","propertyPath":"/PLANT","modelName":"NewYardModel"},"interaction":{"idSuffix":"inner"}},"clearTextFirst":true,"interactionType":"ENTER_TEXT"}]}
COMMAND: POST /session/216472d7d847287ace3a34c5cc31053d/execute/async - {"script":"<script> [1562 bytes]","args":[{"selector":{"controlType":"sap.m.Input","viewName":"etm.portal.ui.manageyards.view.New","viewId":"application-manageyards-display-component---NewYard","bindingPath":{"path":"","propertyPath":"/SALES_AREA_VKORG","modelName":"NewYardModel"},"interaction":{"idSuffix":"inner"}},"wdio_ui5_key":"etmportal.ui.manageyards.view.Newsap.m.Input{\"path\":\"\",\"propertyPath\":\"/SALES_AREA_VKORG\",\"modelName\":\"NewYardModel\"}"}]}
RESULT: {"script":"<script> [1562 bytes]","args":[{"selector":{"controlType":"sap.m.Input","viewName":"etm.portal.ui.manageyards.view.New","viewId":"application-manageyards-display-component---NewYard","bindingPath":{"path":"","propertyPath":"/SALES_AREA_VKORG","modelName":"NewYardModel"},"interaction":{"idSuffix":"inner"}},"wdio_ui5_key":"etmportal.ui.manageyards.view.Newsap.m.Input{\"path\":\"\",\"propertyPath\":\"/SALES_AREA_VKORG\",\"modelName\":\"NewYardModel\"}"}]}
RESULT: undefined
COMMAND: POST /session/216472d7d847287ace3a34c5cc31053d/execute/async - {"script":"<script> [776 bytes]","args":[{"enterText":"C002","selector":{"controlType":"sap.m.Input","viewName":"etm.portal.ui.manageyards.view.New","viewId":"application-manageyards-display-component---NewYard","bindingPath":{"path":"","propertyPath":"/SALES_AREA_VKORG","modelName":"NewYardModel"},"interaction":{"idSuffix":"inner"}},"clearTextFirst":true,"interactionType":"ENTER_TEXT"}]}
RESULT: {"script":"<script> [776 bytes]","args":[{"enterText":"C002","selector":{"controlType":"sap.m.Input","viewName":"etm.portal.ui.manageyards.view.New","viewId":"application-manageyards-display-component---NewYard","bindingPath":{"path":"","propertyPath":"/SALES_AREA_VKORG","modelName":"NewYardModel"},"interaction":{"idSuffix":"inner"}},"clearTextFirst":true,"interactionType":"ENTER_TEXT"}]}
COMMAND: POST /session/216472d7d847287ace3a34c5cc31053d/execute/async - {"script":"<script> [1562 bytes]","args":[{"selector":{"controlType":"sap.m.Input","viewName":"etm.portal.ui.manageyards.view.New","viewId":"application-manageyards-display-component---NewYard","bindingPath":{"path":"","propertyPath":"/SALES_AREA_VTWEG","modelName":"NewYardModel"},"interaction":{"idSuffix":"inner"}},"wdio_ui5_key":"etmportal.ui.manageyards.view.Newsap.m.Input{\"path\":\"\",\"propertyPath\":\"/SALES_AREA_VTWEG\",\"modelName\":\"NewYardModel\"}"}]}
RESULT: {"script":"<script> [1562 bytes]","args":[{"selector":{"controlType":"sap.m.Input","viewName":"etm.portal.ui.manageyards.view.New","viewId":"application-manageyards-display-component---NewYard","bindingPath":{"path":"","propertyPath":"/SALES_AREA_VTWEG","modelName":"NewYardModel"},"interaction":{"idSuffix":"inner"}},"wdio_ui5_key":"etmportal.ui.manageyards.view.Newsap.m.Input{\"path\":\"\",\"propertyPath\":\"/SALES_AREA_VTWEG\",\"modelName\":\"NewYardModel\"}"}]}
RESULT: undefined
COMMAND: POST /session/216472d7d847287ace3a34c5cc31053d/execute/async - {"script":"<script> [776 bytes]","args":[{"enterText":"C2","selector":{"controlType":"sap.m.Input","viewName":"etm.portal.ui.manageyards.view.New","viewId":"application-manageyards-display-component---NewYard","bindingPath":{"path":"","propertyPath":"/SALES_AREA_VTWEG","modelName":"NewYardModel"},"interaction":{"idSuffix":"inner"}},"clearTextFirst":true,"interactionType":"ENTER_TEXT"}]}
RESULT: {"script":"<script> [776 bytes]","args":[{"enterText":"C2","selector":{"controlType":"sap.m.Input","viewName":"etm.portal.ui.manageyards.view.New","viewId":"application-manageyards-display-component---NewYard","bindingPath":{"path":"","propertyPath":"/SALES_AREA_VTWEG","modelName":"NewYardModel"},"interaction":{"idSuffix":"inner"}},"clearTextFirst":true,"interactionType":"ENTER_TEXT"}]}
COMMAND: POST /session/216472d7d847287ace3a34c5cc31053d/execute/async - {"script":"<script> [1562 bytes]","args":[{"selector":{"controlType":"sap.m.Input","viewName":"etm.portal.ui.manageyards.view.New","viewId":"application-manageyards-display-component---NewYard","bindingPath":{"path":"","propertyPath":"/SALES_AREA_SPART","modelName":"NewYardModel"},"interaction":{"idSuffix":"inner"}},"wdio_ui5_key":"etmportal.ui.manageyards.view.Newsap.m.Input{\"path\":\"\",\"propertyPath\":\"/SALES_AREA_SPART\",\"modelName\":\"NewYardModel\"}"}]}
RESULT: {"script":"<script> [1562 bytes]","args":[{"selector":{"controlType":"sap.m.Input","viewName":"etm.portal.ui.manageyards.view.New","viewId":"application-manageyards-display-component---NewYard","bindingPath":{"path":"","propertyPath":"/SALES_AREA_SPART","modelName":"NewYardModel"},"interaction":{"idSuffix":"inner"}},"wdio_ui5_key":"etmportal.ui.manageyards.view.Newsap.m.Input{\"path\":\"\",\"propertyPath\":\"/SALES_AREA_SPART\",\"modelName\":\"NewYardModel\"}"}]}
RESULT: undefined
COMMAND: POST /session/216472d7d847287ace3a34c5cc31053d/execute/async - {"script":"<script> [776 bytes]","args":[{"enterText":"C2","selector":{"controlType":"sap.m.Input","viewName":"etm.portal.ui.manageyards.view.New","viewId":"application-manageyards-display-component---NewYard","bindingPath":{"path":"","propertyPath":"/SALES_AREA_SPART","modelName":"NewYardModel"},"interaction":{"idSuffix":"inner"}},"clearTextFirst":true,"interactionType":"ENTER_TEXT"}]}
RESULT: {"script":"<script> [776 bytes]","args":[{"enterText":"C2","selector":{"controlType":"sap.m.Input","viewName":"etm.portal.ui.manageyards.view.New","viewId":"application-manageyards-display-component---NewYard","bindingPath":{"path":"","propertyPath":"/SALES_AREA_SPART","modelName":"NewYardModel"},"interaction":{"idSuffix":"inner"}},"clearTextFirst":true,"interactionType":"ENTER_TEXT"}]}
COMMAND: POST /session/216472d7d847287ace3a34c5cc31053d/execute/async - {"script":"<script> [1562 bytes]","args":[{"selector":{"controlType":"sap.m.Input","viewName":"etm.portal.ui.manageyards.view.New","viewId":"application-manageyards-display-component---NewYard","bindingPath":{"path":"","propertyPath":"/SHIP_POINT","modelName":"NewYardModel"},"interaction":{"idSuffix":"inner"}},"wdio_ui5_key":"etmportal.ui.manageyards.view.Newsap.m.Input{\"path\":\"\",\"propertyPath\":\"/SHIP_POINT\",\"modelName\":\"NewYardModel\"}"}]}
RESULT: {"script":"<script> [1562 bytes]","args":[{"selector":{"controlType":"sap.m.Input","viewName":"etm.portal.ui.manageyards.view.New","viewId":"application-manageyards-display-component---NewYard","bindingPath":{"path":"","propertyPath":"/SHIP_POINT","modelName":"NewYardModel"},"interaction":{"idSuffix":"inner"}},"wdio_ui5_key":"etmportal.ui.manageyards.view.Newsap.m.Input{\"path\":\"\",\"propertyPath\":\"/SHIP_POINT\",\"modelName\":\"NewYardModel\"}"}]}
RESULT: undefined
COMMAND: POST /session/216472d7d847287ace3a34c5cc31053d/execute/async - {"script":"<script> [776 bytes]","args":[{"enterText":"1710","selector":{"controlType":"sap.m.Input","viewName":"etm.portal.ui.manageyards.view.New","viewId":"application-manageyards-display-component---NewYard","bindingPath":{"path":"","propertyPath":"/SHIP_POINT","modelName":"NewYardModel"},"interaction":{"idSuffix":"inner"}},"clearTextFirst":true,"interactionType":"ENTER_TEXT"}]}
RESULT: {"script":"<script> [776 bytes]","args":[{"enterText":"1710","selector":{"controlType":"sap.m.Input","viewName":"etm.portal.ui.manageyards.view.New","viewId":"application-manageyards-display-component---NewYard","bindingPath":{"path":"","propertyPath":"/SHIP_POINT","modelName":"NewYardModel"},"interaction":{"idSuffix":"inner"}},"clearTextFirst":true,"interactionType":"ENTER_TEXT"}]}
COMMAND: POST /session/216472d7d847287ace3a34c5cc31053d/execute/async - {"script":"<script> [1562 bytes]","args":[{"selector":{"controlType":"sap.m.Input","viewName":"etm.portal.ui.manageyards.view.New","viewId":"application-manageyards-display-component---NewYard","bindingPath":{"path":"","propertyPath":"/DELIVERY_TYPE","modelName":"NewYardModel"},"interaction":{"idSuffix":"inner"}},"wdio_ui5_key":"etmportal.ui.manageyards.view.Newsap.m.Input{\"path\":\"\",\"propertyPath\":\"/DELIVERY_TYPE\",\"modelName\":\"NewYardModel\"}"}]}
RESULT: {"script":"<script> [1562 bytes]","args":[{"selector":{"controlType":"sap.m.Input","viewName":"etm.portal.ui.manageyards.view.New","viewId":"application-manageyards-display-component---NewYard","bindingPath":{"path":"","propertyPath":"/DELIVERY_TYPE","modelName":"NewYardModel"},"interaction":{"idSuffix":"inner"}},"wdio_ui5_key":"etmportal.ui.manageyards.view.Newsap.m.Input{\"path\":\"\",\"propertyPath\":\"/DELIVERY_TYPE\",\"modelName\":\"NewYardModel\"}"}]}
RESULT: undefined
COMMAND: POST /session/216472d7d847287ace3a34c5cc31053d/execute/async - {"script":"<script> [776 bytes]","args":[{"enterText":"ZL01","selector":{"controlType":"sap.m.Input","viewName":"etm.portal.ui.manageyards.view.New","viewId":"application-manageyards-display-component---NewYard","bindingPath":{"path":"","propertyPath":"/DELIVERY_TYPE","modelName":"NewYardModel"},"interaction":{"idSuffix":"inner"}},"clearTextFirst":true,"interactionType":"ENTER_TEXT"}]}
RESULT: {"script":"<script> [776 bytes]","args":[{"enterText":"ZL01","selector":{"controlType":"sap.m.Input","viewName":"etm.portal.ui.manageyards.view.New","viewId":"application-manageyards-display-component---NewYard","bindingPath":{"path":"","propertyPath":"/DELIVERY_TYPE","modelName":"NewYardModel"},"interaction":{"idSuffix":"inner"}},"clearTextFirst":true,"interactionType":"ENTER_TEXT"}]}
COMMAND: POST /session/216472d7d847287ace3a34c5cc31053d/execute/async - {"script":"<script> [1562 bytes]","args":[{"selector":{"controlType":"sap.m.Input","viewName":"etm.portal.ui.manageyards.view.New","viewId":"application-manageyards-display-component---NewYard","bindingPath":{"path":"","propertyPath":"/AUART","modelName":"NewYardModel"},"interaction":{"idSuffix":"inner"}},"wdio_ui5_key":"etmportal.ui.manageyards.view.Newsap.m.Input{\"path\":\"\",\"propertyPath\":\"/AUART\",\"modelName\":\"NewYardModel\"}"}]}
RESULT: {"script":"<script> [1562 bytes]","args":[{"selector":{"controlType":"sap.m.Input","viewName":"etm.portal.ui.manageyards.view.New","viewId":"application-manageyards-display-component---NewYard","bindingPath":{"path":"","propertyPath":"/AUART","modelName":"NewYardModel"},"interaction":{"idSuffix":"inner"}},"wdio_ui5_key":"etmportal.ui.manageyards.view.Newsap.m.Input{\"path\":\"\",\"propertyPath\":\"/AUART\",\"modelName\":\"NewYardModel\"}"}]}
RESULT: undefined
COMMAND: POST /session/216472d7d847287ace3a34c5cc31053d/execute/async - {"script":"<script> [776 bytes]","args":[{"enterText":"TA","selector":{"controlType":"sap.m.Input","viewName":"etm.portal.ui.manageyards.view.New","viewId":"application-manageyards-display-component---NewYard","bindingPath":{"path":"","propertyPath":"/AUART","modelName":"NewYardModel"},"interaction":{"idSuffix":"inner"}},"clearTextFirst":true,"interactionType":"ENTER_TEXT"}]}
RESULT: {"script":"<script> [776 bytes]","args":[{"enterText":"TA","selector":{"controlType":"sap.m.Input","viewName":"etm.portal.ui.manageyards.view.New","viewId":"application-manageyards-display-component---NewYard","bindingPath":{"path":"","propertyPath":"/AUART","modelName":"NewYardModel"},"interaction":{"idSuffix":"inner"}},"clearTextFirst":true,"interactionType":"ENTER_TEXT"}]}
COMMAND: POST /session/216472d7d847287ace3a34c5cc31053d/element - {"using":"xpath","value":"//button[@data-kt=\"newYardSaveButton\"]"}
RESULT: {"using":"xpath","value":"//button[@data-kt=\"newYardSaveButton\"]"}
COMMAND: POST /session/216472d7d847287ace3a34c5cc31053d/element/f.65BB919C5CBEEA7CAD9584A6682CE4E0.d.AE60101F4AFE8FA6262C1A37F090146A.e.4153/click - {}
RESULT: {}
COMMAND: GET /session/216472d7d847287ace3a34c5cc31053d/screenshot - {}
RESULT: {}
COMMAND: POST /session/216472d7d847287ace3a34c5cc31053d/element - {"using":"xpath","value":"//header[contains(@id, 'ObjectPageLayout-headerTitle')]/div[1]/div[2]/div[1]/span[1]"}
RESULT: {"using":"xpath","value":"//header[contains(@id, 'ObjectPageLayout-headerTitle')]/div[1]/div[2]/div[1]/span[1]"}
COMMAND: POST /session/216472d7d847287ace3a34c5cc31053d/elements - {"using":"xpath","value":"//header[contains(@id, 'ObjectPageLayout-headerTitle')]/div[1]/div[2]/div[1]/span[1]"}
RESULT: {"using":"xpath","value":"//header[contains(@id, 'ObjectPageLayout-headerTitle')]/div[1]/div[2]/div[1]/span[1]"}
COMMAND: POST /session/216472d7d847287ace3a34c5cc31053d/execute/sync - {"script":"<script> [56 bytes]","args":[{"element-6066-11e4-a52e-4f735466cecf":"f.65BB919C5CBEEA7CAD9584A6682CE4E0.d.AE60101F4AFE8FA6262C1A37F090146A.e.4445","ELEMENT":"f.65BB919C5CBEEA7CAD9584A6682CE4E0.d.AE60101F4AFE8FA6262C1A37F090146A.e.4445"}]}
RESULT: {"script":"<script> [56 bytes]","args":[{"element-6066-11e4-a52e-4f735466cecf":"f.65BB919C5CBEEA7CAD9584A6682CE4E0.d.AE60101F4AFE8FA6262C1A37F090146A.e.4445","ELEMENT":"f.65BB919C5CBEEA7CAD9584A6682CE4E0.d.AE60101F4AFE8FA6262C1A37F090146A.e.4445"}]}
COMMAND: GET /session/216472d7d847287ace3a34c5cc31053d/screenshot - {}
RESULT: {}
COMMAND: POST /session/216472d7d847287ace3a34c5cc31053d/element - {"using":"css selector","value":"#shell-header-logo"}
RESULT: {"using":"css selector","value":"#shell-header-logo"}
COMMAND: POST /session/216472d7d847287ace3a34c5cc31053d/element/f.65BB919C5CBEEA7CAD9584A6682CE4E0.d.AE60101F4AFE8FA6262C1A37F090146A.e.3589/click - {}
RESULT: {}
COMMAND: GET /session/216472d7d847287ace3a34c5cc31053d/screenshot - {}
RESULT: {}
COMMAND: POST /session/216472d7d847287ace3a34c5cc31053d/execute/sync - {"script":"<script> [299 bytes]","args":[["getModel","getResource"]]}
RESULT: {"script":"<script> [299 bytes]","args":[["getModel","getResource"]]}
COMMAND: POST /session/216472d7d847287ace3a34c5cc31053d/window/fullscreen - {}
COMMAND: GET /session/216472d7d847287ace3a34c5cc31053d/screenshot - {}
RESULT: {}
COMMAND: POST /session/216472d7d847287ace3a34c5cc31053d/execute/async - {"script":"<script> [1562 bytes]","args":[{"selector":{"controlType":"sap.m.GenericTile","properties":{"header":"Manage Partners"}},"wdio_ui5_key":"sapm.GenericTile{\"header\":\"Manage Partners\"}"}]}
RESULT: {}
RESULT: {"script":"<script> [1562 bytes]","args":[{"selector":{"controlType":"sap.m.GenericTile","properties":{"header":"Manage Partners"}},"wdio_ui5_key":"sapm.GenericTile{\"header\":\"Manage Partners\"}"}]}
RESULT: undefined
COMMAND: POST /session/216472d7d847287ace3a34c5cc31053d/element - {"using":"xpath","value":"//*[@id=\"__tile30\"]"}
RESULT: {"using":"xpath","value":"//*[@id=\"__tile30\"]"}
COMMAND: POST /session/216472d7d847287ace3a34c5cc31053d/element/f.65BB919C5CBEEA7CAD9584A6682CE4E0.d.AE60101F4AFE8FA6262C1A37F090146A.e.3602/click - {}
RESULT: {}
COMMAND: GET /session/216472d7d847287ace3a34c5cc31053d/screenshot - {}
RESULT: {}
COMMAND: POST /session/216472d7d847287ace3a34c5cc31053d/elements - {"using":"xpath","value":"//span[text()='Error']"}
RESULT: {"using":"xpath","value":"//span[text()='Error']"}
COMMAND: POST /session/216472d7d847287ace3a34c5cc31053d/element - {"using":"xpath","value":"//button[@data-kt=\"addButton\"]"}
RESULT: {"using":"xpath","value":"//button[@data-kt=\"addButton\"]"}
COMMAND: POST /session/216472d7d847287ace3a34c5cc31053d/elements - {"using":"xpath","value":"//button[@data-kt=\"addButton\"]"}
RESULT: {"using":"xpath","value":"//button[@data-kt=\"addButton\"]"}
COMMAND: POST /session/216472d7d847287ace3a34c5cc31053d/execute/sync - {"script":"<script> [8489 bytes]","args":[{"element-6066-11e4-a52e-4f735466cecf":"f.65BB919C5CBEEA7CAD9584A6682CE4E0.d.AE60101F4AFE8FA6262C1A37F090146A.e.4494","ELEMENT":"f.65BB919C5CBEEA7CAD9584A6682CE4E0.d.AE60101F4AFE8FA6262C1A37F090146A.e.4494"}]}
RESULT: {"script":"<script> [8489 bytes]","args":[{"element-6066-11e4-a52e-4f735466cecf":"f.65BB919C5CBEEA7CAD9584A6682CE4E0.d.AE60101F4AFE8FA6262C1A37F090146A.e.4494","ELEMENT":"f.65BB919C5CBEEA7CAD9584A6682CE4E0.d.AE60101F4AFE8FA6262C1A37F090146A.e.4494"}]}
COMMAND: GET /session/216472d7d847287ace3a34c5cc31053d/element/f.65BB919C5CBEEA7CAD9584A6682CE4E0.d.AE60101F4AFE8FA6262C1A37F090146A.e.4494/enabled - {}
COMMAND: GET /session/216472d7d847287ace3a34c5cc31053d/screenshot - {}
RESULT: {}
COMMAND: POST /session/216472d7d847287ace3a34c5cc31053d/execute/sync - {"script":"<script> [8489 bytes]","args":[{"element-6066-11e4-a52e-4f735466cecf":"f.65BB919C5CBEEA7CAD9584A6682CE4E0.d.AE60101F4AFE8FA6262C1A37F090146A.e.4494","ELEMENT":"f.65BB919C5CBEEA7CAD9584A6682CE4E0.d.AE60101F4AFE8FA6262C1A37F090146A.e.4494"}]}
COMMAND: GET /session/216472d7d847287ace3a34c5cc31053d/screenshot - {}
RESULT: {}
RESULT: {"script":"<script> [8489 bytes]","args":[{"element-6066-11e4-a52e-4f735466cecf":"f.65BB919C5CBEEA7CAD9584A6682CE4E0.d.AE60101F4AFE8FA6262C1A37F090146A.e.4494","ELEMENT":"f.65BB919C5CBEEA7CAD9584A6682CE4E0.d.AE60101F4AFE8FA6262C1A37F090146A.e.4494"}]}
COMMAND: POST /session/216472d7d847287ace3a34c5cc31053d/execute/sync - {"script":"<script> [5351 bytes]","args":[{"element-6066-11e4-a52e-4f735466cecf":"f.65BB919C5CBEEA7CAD9584A6682CE4E0.d.AE60101F4AFE8FA6262C1A37F090146A.e.4494","ELEMENT":"f.65BB919C5CBEEA7CAD9584A6682CE4E0.d.AE60101F4AFE8FA6262C1A37F090146A.e.4494"}]}
COMMAND: GET /session/216472d7d847287ace3a34c5cc31053d/screenshot - {}
RESULT: {}
RESULT: {"script":"<script> [5351 bytes]","args":[{"element-6066-11e4-a52e-4f735466cecf":"f.65BB919C5CBEEA7CAD9584A6682CE4E0.d.AE60101F4AFE8FA6262C1A37F090146A.e.4494","ELEMENT":"f.65BB919C5CBEEA7CAD9584A6682CE4E0.d.AE60101F4AFE8FA6262C1A37F090146A.e.4494"}]}
COMMAND: POST /session/216472d7d847287ace3a34c5cc31053d/element/f.65BB919C5CBEEA7CAD9584A6682CE4E0.d.AE60101F4AFE8FA6262C1A37F090146A.e.4494/click - {}
COMMAND: GET /session/216472d7d847287ace3a34c5cc31053d/screenshot - {}
RESULT: {}
RESULT: {}
COMMAND: GET /session/216472d7d847287ace3a34c5cc31053d/screenshot - {}
COMMAND: POST /session/216472d7d847287ace3a34c5cc31053d/execute/async - {"script":"<script> [1562 bytes]","args":[{"selector":{"id":"application-managepartners-display-component---NewPartner--addressDetailDetailsName1","interaction":{"idSuffix":"inner"}},"wdio_ui5_key":"applicationmanagepartners-display-component---NewPartner--addressDetailDetailsName1"}]}
RESULT: {}
RESULT: {}
RESULT: {"script":"<script> [1562 bytes]","args":[{"selector":{"id":"application-managepartners-display-component---NewPartner--addressDetailDetailsName1","interaction":{"idSuffix":"inner"}},"wdio_ui5_key":"applicationmanagepartners-display-component---NewPartner--addressDetailDetailsName1"}]}
RESULT: undefined
COMMAND: POST /session/216472d7d847287ace3a34c5cc31053d/execute/async - {"script":"<script> [776 bytes]","args":[{"enterText":"Intercompany Partner WDIO","selector":{"id":"application-managepartners-display-component---NewPartner--addressDetailDetailsName1","interaction":{"idSuffix":"inner"}},"clearTextFirst":true,"interactionType":"ENTER_TEXT"}]}
RESULT: {"script":"<script> [776 bytes]","args":[{"enterText":"Intercompany Partner WDIO","selector":{"id":"application-managepartners-display-component---NewPartner--addressDetailDetailsName1","interaction":{"idSuffix":"inner"}},"clearTextFirst":true,"interactionType":"ENTER_TEXT"}]}
COMMAND: POST /session/216472d7d847287ace3a34c5cc31053d/execute/async - {"script":"<script> [1562 bytes]","args":[{"selector":{"id":"application-managepartners-display-component---NewPartner--addressDetailDetailsLanguage-arrow"},"wdio_ui5_key":"applicationmanagepartners-display-component---NewPartner--addressDetailDetailsLanguage-arrow"}]}
RESULT: {"script":"<script> [1562 bytes]","args":[{"selector":{"id":"application-managepartners-display-component---NewPartner--addressDetailDetailsLanguage-arrow"},"wdio_ui5_key":"applicationmanagepartners-display-component---NewPartner--addressDetailDetailsLanguage-arrow"}]}
RESULT: undefined
COMMAND: POST /session/216472d7d847287ace3a34c5cc31053d/element - {"using":"xpath","value":"//*[@id=\"application-managepartners-display-component---NewPartner--addressDetailDetailsLanguage-arrow\"]"}
RESULT: {"using":"xpath","value":"//*[@id=\"application-managepartners-display-component---NewPartner--addressDetailDetailsLanguage-arrow\"]"}
COMMAND: POST /session/216472d7d847287ace3a34c5cc31053d/element/f.65BB919C5CBEEA7CAD9584A6682CE4E0.d.AE60101F4AFE8FA6262C1A37F090146A.e.4933/click - {}
RESULT: {}
COMMAND: POST /session/216472d7d847287ace3a34c5cc31053d/element - {"using":"xpath","value":"//span[contains(text(), \"English\")]"}
COMMAND: GET /session/216472d7d847287ace3a34c5cc31053d/screenshot - {}
RESULT: {"using":"xpath","value":"//span[contains(text(), \"English\")]"}
COMMAND: POST /session/216472d7d847287ace3a34c5cc31053d/element/f.65BB919C5CBEEA7CAD9584A6682CE4E0.d.AE60101F4AFE8FA6262C1A37F090146A.e.4934/click - {}
RESULT: {}
RESULT: {}
COMMAND: GET /session/216472d7d847287ace3a34c5cc31053d/screenshot - {}
RESULT: {}
COMMAND: POST /session/216472d7d847287ace3a34c5cc31053d/execute/async - {"script":"<script> [1562 bytes]","args":[{"selector":{"id":"application-managepartners-display-component---NewPartner--addressDetailDetailsCity1","interaction":{"idSuffix":"inner"}},"wdio_ui5_key":"applicationmanagepartners-display-component---NewPartner--addressDetailDetailsCity1"}]}
RESULT: {"script":"<script> [1562 bytes]","args":[{"selector":{"id":"application-managepartners-display-component---NewPartner--addressDetailDetailsCity1","interaction":{"idSuffix":"inner"}},"wdio_ui5_key":"applicationmanagepartners-display-component---NewPartner--addressDetailDetailsCity1"}]}
RESULT: undefined
COMMAND: POST /session/216472d7d847287ace3a34c5cc31053d/execute/async - {"script":"<script> [776 bytes]","args":[{"enterText":"Rosario","selector":{"id":"application-managepartners-display-component---NewPartner--addressDetailDetailsCity1","interaction":{"idSuffix":"inner"}},"clearTextFirst":true,"interactionType":"ENTER_TEXT"}]}
RESULT: {"script":"<script> [776 bytes]","args":[{"enterText":"Rosario","selector":{"id":"application-managepartners-display-component---NewPartner--addressDetailDetailsCity1","interaction":{"idSuffix":"inner"}},"clearTextFirst":true,"interactionType":"ENTER_TEXT"}]}
COMMAND: POST /session/216472d7d847287ace3a34c5cc31053d/execute/async - {"script":"<script> [1562 bytes]","args":[{"selector":{"id":"application-managepartners-display-component---NewPartner--addressDetailDetailsCountry-arrow"},"wdio_ui5_key":"applicationmanagepartners-display-component---NewPartner--addressDetailDetailsCountry-arrow"}]}
RESULT: {"script":"<script> [1562 bytes]","args":[{"selector":{"id":"application-managepartners-display-component---NewPartner--addressDetailDetailsCountry-arrow"},"wdio_ui5_key":"applicationmanagepartners-display-component---NewPartner--addressDetailDetailsCountry-arrow"}]}
RESULT: undefined
COMMAND: POST /session/216472d7d847287ace3a34c5cc31053d/element - {"using":"xpath","value":"//*[@id=\"application-managepartners-display-component---NewPartner--addressDetailDetailsCountry-arrow\"]"}
RESULT: {"using":"xpath","value":"//*[@id=\"application-managepartners-display-component---NewPartner--addressDetailDetailsCountry-arrow\"]"}
COMMAND: POST /session/216472d7d847287ace3a34c5cc31053d/element/f.65BB919C5CBEEA7CAD9584A6682CE4E0.d.AE60101F4AFE8FA6262C1A37F090146A.e.4912/click - {}
RESULT: {}
COMMAND: POST /session/216472d7d847287ace3a34c5cc31053d/element - {"using":"xpath","value":"//span[contains(text(), \"Argentina\")]"}
COMMAND: GET /session/216472d7d847287ace3a34c5cc31053d/screenshot - {}
RESULT: {"using":"xpath","value":"//span[contains(text(), \"Argentina\")]"}
COMMAND: POST /session/216472d7d847287ace3a34c5cc31053d/element/f.65BB919C5CBEEA7CAD9584A6682CE4E0.d.AE60101F4AFE8FA6262C1A37F090146A.e.4936/click - {}
RESULT: {}
RESULT: {}
COMMAND: GET /session/216472d7d847287ace3a34c5cc31053d/screenshot - {}
RESULT: {}
COMMAND: POST /session/216472d7d847287ace3a34c5cc31053d/element - {"using":"xpath","value":"//bdi[contains(text(), \"Commercial\")]"}
RESULT: {"using":"xpath","value":"//bdi[contains(text(), \"Commercial\")]"}
COMMAND: POST /session/216472d7d847287ace3a34c5cc31053d/element/f.65BB919C5CBEEA7CAD9584A6682CE4E0.d.AE60101F4AFE8FA6262C1A37F090146A.e.4937/click - {}
RESULT: {}
COMMAND: GET /session/216472d7d847287ace3a34c5cc31053d/screenshot - {}
RESULT: {}
COMMAND: POST /session/216472d7d847287ace3a34c5cc31053d/execute/async - {"script":"<script> [1562 bytes]","args":[{"selector":{"id":"application-managepartners-display-component---NewPartner--partnerDetailInternal-arrow"},"wdio_ui5_key":"applicationmanagepartners-display-component---NewPartner--partnerDetailInternal-arrow"}]}
RESULT: {"script":"<script> [1562 bytes]","args":[{"selector":{"id":"application-managepartners-display-component---NewPartner--partnerDetailInternal-arrow"},"wdio_ui5_key":"applicationmanagepartners-display-component---NewPartner--partnerDetailInternal-arrow"}]}
RESULT: undefined
COMMAND: POST /session/216472d7d847287ace3a34c5cc31053d/element - {"using":"xpath","value":"//*[@id=\"application-managepartners-display-component---NewPartner--partnerDetailInternal-arrow\"]"}
RESULT: {"using":"xpath","value":"//*[@id=\"application-managepartners-display-component---NewPartner--partnerDetailInternal-arrow\"]"}
COMMAND: POST /session/216472d7d847287ace3a34c5cc31053d/element/f.65BB919C5CBEEA7CAD9584A6682CE4E0.d.AE60101F4AFE8FA6262C1A37F090146A.e.4943/click - {}
RESULT: {}
COMMAND: POST /session/216472d7d847287ace3a34c5cc31053d/element - {"using":"xpath","value":"//span[contains(text(), \"Affiliated company\")]"}
COMMAND: GET /session/216472d7d847287ace3a34c5cc31053d/screenshot - {}
RESULT: {"using":"xpath","value":"//span[contains(text(), \"Affiliated company\")]"}
COMMAND: POST /session/216472d7d847287ace3a34c5cc31053d/element/f.65BB919C5CBEEA7CAD9584A6682CE4E0.d.AE60101F4AFE8FA6262C1A37F090146A.e.4944/click - {}
RESULT: {}
RESULT: {}
COMMAND: POST /session/216472d7d847287ace3a34c5cc31053d/execute/async - {"script":"<script> [1562 bytes]","args":[{"selector":{"id":"application-managepartners-display-component---NewPartner--partnerDetailsCurrency-arrow"},"wdio_ui5_key":"applicationmanagepartners-display-component---NewPartner--partnerDetailsCurrency-arrow"}]}
COMMAND: GET /session/216472d7d847287ace3a34c5cc31053d/screenshot - {}
RESULT: {"script":"<script> [1562 bytes]","args":[{"selector":{"id":"application-managepartners-display-component---NewPartner--partnerDetailsCurrency-arrow"},"wdio_ui5_key":"applicationmanagepartners-display-component---NewPartner--partnerDetailsCurrency-arrow"}]}
RESULT: undefined
COMMAND: POST /session/216472d7d847287ace3a34c5cc31053d/element - {"using":"xpath","value":"//*[@id=\"application-managepartners-display-component---NewPartner--partnerDetailsCurrency-arrow\"]"}
RESULT: {}
RESULT: {"using":"xpath","value":"//*[@id=\"application-managepartners-display-component---NewPartner--partnerDetailsCurrency-arrow\"]"}
COMMAND: POST /session/216472d7d847287ace3a34c5cc31053d/element/f.65BB919C5CBEEA7CAD9584A6682CE4E0.d.AE60101F4AFE8FA6262C1A37F090146A.e.4951/click - {}
RESULT: {}
COMMAND: POST /session/216472d7d847287ace3a34c5cc31053d/element - {"using":"xpath","value":"//span[contains(text(), \"Euro\")]"}
COMMAND: GET /session/216472d7d847287ace3a34c5cc31053d/screenshot - {}
RESULT: {"using":"xpath","value":"//span[contains(text(), \"Euro\")]"}
COMMAND: POST /session/216472d7d847287ace3a34c5cc31053d/element/f.65BB919C5CBEEA7CAD9584A6682CE4E0.d.AE60101F4AFE8FA6262C1A37F090146A.e.4952/click - {}
RESULT: {}
RESULT: {}
COMMAND: POST /session/216472d7d847287ace3a34c5cc31053d/execute/async - {"script":"<script> [1562 bytes]","args":[{"selector":{"id":"application-managepartners-display-component---NewPartner--addressEditDetailsCostObjectCstType-arrow"},"wdio_ui5_key":"applicationmanagepartners-display-component---NewPartner--addressEditDetailsCostObjectCstType-arrow"}]}
COMMAND: GET /session/216472d7d847287ace3a34c5cc31053d/screenshot - {}
RESULT: {"script":"<script> [1562 bytes]","args":[{"selector":{"id":"application-managepartners-display-component---NewPartner--addressEditDetailsCostObjectCstType-arrow"},"wdio_ui5_key":"applicationmanagepartners-display-component---NewPartner--addressEditDetailsCostObjectCstType-arrow"}]}
RESULT: undefined
COMMAND: POST /session/216472d7d847287ace3a34c5cc31053d/element - {"using":"xpath","value":"//*[@id=\"application-managepartners-display-component---NewPartner--addressEditDetailsCostObjectCstType-arrow\"]"}
RESULT: {}
RESULT: {"using":"xpath","value":"//*[@id=\"application-managepartners-display-component---NewPartner--addressEditDetailsCostObjectCstType-arrow\"]"}
COMMAND: POST /session/216472d7d847287ace3a34c5cc31053d/element/f.65BB919C5CBEEA7CAD9584A6682CE4E0.d.AE60101F4AFE8FA6262C1A37F090146A.e.4953/click - {}
RESULT: {}
COMMAND: POST /session/216472d7d847287ace3a34c5cc31053d/element - {"using":"xpath","value":"//span[contains(text(), \"Cost Center\")]"}
COMMAND: GET /session/216472d7d847287ace3a34c5cc31053d/screenshot - {}
RESULT: {"using":"xpath","value":"//span[contains(text(), \"Cost Center\")]"}
COMMAND: POST /session/216472d7d847287ace3a34c5cc31053d/element/f.65BB919C5CBEEA7CAD9584A6682CE4E0.d.AE60101F4AFE8FA6262C1A37F090146A.e.4954/click - {}
RESULT: {}
RESULT: {}
COMMAND: GET /session/216472d7d847287ace3a34c5cc31053d/screenshot - {}
RESULT: {}
COMMAND: POST /session/216472d7d847287ace3a34c5cc31053d/element - {"using":"xpath","value":"//span[@id=\"application-managepartners-display-component---NewPartner--addressNewCostObjectCstID-vhi\"]"}
RESULT: {"using":"xpath","value":"//span[@id=\"application-managepartners-display-component---NewPartner--addressNewCostObjectCstID-vhi\"]"}
COMMAND: POST /session/216472d7d847287ace3a34c5cc31053d/execute/sync - {"script":"<script> [8489 bytes]","args":[{"element-6066-11e4-a52e-4f735466cecf":"f.65BB919C5CBEEA7CAD9584A6682CE4E0.d.AE60101F4AFE8FA6262C1A37F090146A.e.4958","ELEMENT":"f.65BB919C5CBEEA7CAD9584A6682CE4E0.d.AE60101F4AFE8FA6262C1A37F090146A.e.4958"}]}
RESULT: {"script":"<script> [8489 bytes]","args":[{"element-6066-11e4-a52e-4f735466cecf":"f.65BB919C5CBEEA7CAD9584A6682CE4E0.d.AE60101F4AFE8FA6262C1A37F090146A.e.4958","ELEMENT":"f.65BB919C5CBEEA7CAD9584A6682CE4E0.d.AE60101F4AFE8FA6262C1A37F090146A.e.4958"}]}
COMMAND: POST /session/216472d7d847287ace3a34c5cc31053d/execute/async - {"script":"<script> [1562 bytes]","args":[{"selector":{"id":"application-managepartners-display-component---NewPartner--addressNewCostObjectCstID-vhi"},"wdio_ui5_key":"applicationmanagepartners-display-component---NewPartner--addressNewCostObjectCstID-vhi"}]}
COMMAND: GET /session/216472d7d847287ace3a34c5cc31053d/screenshot - {}
RESULT: {"script":"<script> [1562 bytes]","args":[{"selector":{"id":"application-managepartners-display-component---NewPartner--addressNewCostObjectCstID-vhi"},"wdio_ui5_key":"applicationmanagepartners-display-component---NewPartner--addressNewCostObjectCstID-vhi"}]}
RESULT: undefined
COMMAND: POST /session/216472d7d847287ace3a34c5cc31053d/element - {"using":"xpath","value":"//*[@id=\"application-managepartners-display-component---NewPartner--addressNewCostObjectCstID-vhi\"]"}
RESULT: {}
RESULT: {"using":"xpath","value":"//*[@id=\"application-managepartners-display-component---NewPartner--addressNewCostObjectCstID-vhi\"]"}
COMMAND: POST /session/216472d7d847287ace3a34c5cc31053d/element/f.65BB919C5CBEEA7CAD9584A6682CE4E0.d.AE60101F4AFE8FA6262C1A37F090146A.e.4958/click - {}
RESULT: {}
COMMAND: GET /session/216472d7d847287ace3a34c5cc31053d/screenshot - {}
RESULT: {}
RESULT: undefined
COMMAND: POST /session/216472d7d847287ace3a34c5cc31053d/execute/async - {"script":"<script> [776 bytes]","args":[{"enterText":"10001013","selector":{"controlType":"sap.m.SearchField","properties":{"placeholder":"Search"},"searchOpenDialogs":true,"interaction":{"idSuffix":"I"}},"clearTextFirst":true,"interactionType":"ENTER_TEXT"}]}
RESULT: {"script":"<script> [776 bytes]","args":[{"enterText":"10001013","selector":{"controlType":"sap.m.SearchField","properties":{"placeholder":"Search"},"searchOpenDialogs":true,"interaction":{"idSuffix":"I"}},"clearTextFirst":true,"interactionType":"ENTER_TEXT"}]}
COMMAND: POST /session/216472d7d847287ace3a34c5cc31053d/actions - {"actions":[{"id":"action13","type":"key","parameters":{},"actions":[{"type":"keyDown","value":"î€‡"},{"type":"pause","duration":10},{"type":"keyUp","value":"î€‡"}]}]}
RESULT: {"actions":[{"id":"action13","type":"key","parameters":{},"actions":[{"type":"keyDown","value":"î€‡"},{"type":"pause","duration":10},{"type":"keyUp","value":"î€‡"}]}]}
COMMAND: GET /session/216472d7d847287ace3a34c5cc31053d/screenshot - {}
RESULT: {}
COMMAND: POST /session/216472d7d847287ace3a34c5cc31053d/element - {"using":"xpath","value":"//span[contains(text(), \"General Management\")]"}
RESULT: {"using":"xpath","value":"//span[contains(text(), \"General Management\")]"}
COMMAND: POST /session/216472d7d847287ace3a34c5cc31053d/element/f.65BB919C5CBEEA7CAD9584A6682CE4E0.d.AE60101F4AFE8FA6262C1A37F090146A.e.4997/click - {}
RESULT: {}
COMMAND: GET /session/216472d7d847287ace3a34c5cc31053d/screenshot - {}
RESULT: {}
COMMAND: POST /session/216472d7d847287ace3a34c5cc31053d/element - {"using":"xpath","value":"//bdi[contains(text(), \"OK\")]"}
RESULT: {"using":"xpath","value":"//bdi[contains(text(), \"OK\")]"}
COMMAND: POST /session/216472d7d847287ace3a34c5cc31053d/element/f.65BB919C5CBEEA7CAD9584A6682CE4E0.d.AE60101F4AFE8FA6262C1A37F090146A.e.4998/click - {}
RESULT: {}
COMMAND: GET /session/216472d7d847287ace3a34c5cc31053d/screenshot - {}
RESULT: {}
COMMAND: POST /session/216472d7d847287ace3a34c5cc31053d/element - {"using":"xpath","value":"//input[@id=\"application-managepartners-display-component---NewPartner--companyCodeComboBox-inner\"]"}
RESULT: {"using":"xpath","value":"//input[@id=\"application-managepartners-display-component---NewPartner--companyCodeComboBox-inner\"]"}
COMMAND: POST /session/216472d7d847287ace3a34c5cc31053d/element/f.65BB919C5CBEEA7CAD9584A6682CE4E0.d.AE60101F4AFE8FA6262C1A37F090146A.e.4846/clear - {}
RESULT: {}
COMMAND: POST /session/216472d7d847287ace3a34c5cc31053d/element/f.65BB919C5CBEEA7CAD9584A6682CE4E0.d.AE60101F4AFE8FA6262C1A37F090146A.e.4846/value - {"text":"C002"}
COMMAND: GET /session/216472d7d847287ace3a34c5cc31053d/screenshot - {}
RESULT: {"text":"C002"}
COMMAND: GET /session/216472d7d847287ace3a34c5cc31053d/screenshot - {}
RESULT: {}
RESULT: {}
COMMAND: POST /session/216472d7d847287ace3a34c5cc31053d/element - {"using":"xpath","value":"//li[.//span[text()= \"C002\"]]"}
RESULT: {"using":"xpath","value":"//li[.//span[text()= \"C002\"]]"}
COMMAND: POST /session/216472d7d847287ace3a34c5cc31053d/element/f.65BB919C5CBEEA7CAD9584A6682CE4E0.d.AE60101F4AFE8FA6262C1A37F090146A.e.5004/click - {}
RESULT: {}
COMMAND: GET /session/216472d7d847287ace3a34c5cc31053d/screenshot - {}
RESULT: {}
COMMAND: POST /session/216472d7d847287ace3a34c5cc31053d/execute/async - {"script":"<script> [1562 bytes]","args":[{"selector":{"id":"application-managepartners-display-component---NewPartner--btnAddTableRow-img"},"wdio_ui5_key":"applicationmanagepartners-display-component---NewPartner--btnAddTableRow-img"}]}
RESULT: {"script":"<script> [1562 bytes]","args":[{"selector":{"id":"application-managepartners-display-component---NewPartner--btnAddTableRow-img"},"wdio_ui5_key":"applicationmanagepartners-display-component---NewPartner--btnAddTableRow-img"}]}
RESULT: undefined
COMMAND: POST /session/216472d7d847287ace3a34c5cc31053d/element - {"using":"xpath","value":"//*[@id=\"application-managepartners-display-component---NewPartner--btnAddTableRow-img\"]"}
RESULT: {"using":"xpath","value":"//*[@id=\"application-managepartners-display-component---NewPartner--btnAddTableRow-img\"]"}
COMMAND: POST /session/216472d7d847287ace3a34c5cc31053d/element/f.65BB919C5CBEEA7CAD9584A6682CE4E0.d.AE60101F4AFE8FA6262C1A37F090146A.e.5005/click - {}
RESULT: {}
COMMAND: GET /session/216472d7d847287ace3a34c5cc31053d/screenshot - {}
RESULT: {}
COMMAND: POST /session/216472d7d847287ace3a34c5cc31053d/element - {"using":"xpath","value":"//input[@id=\"application-managepartners-display-component---NewPartner--assignmentYard-application-managepartners-display-component---NewPartner--assignmentsTable-0-inner\"]"}
RESULT: {"using":"xpath","value":"//input[@id=\"application-managepartners-display-component---NewPartner--assignmentYard-application-managepartners-display-component---NewPartner--assignmentsTable-0-inner\"]"}
COMMAND: POST /session/216472d7d847287ace3a34c5cc31053d/element/f.65BB919C5CBEEA7CAD9584A6682CE4E0.d.AE60101F4AFE8FA6262C1A37F090146A.e.5008/clear - {}
RESULT: {}
COMMAND: POST /session/216472d7d847287ace3a34c5cc31053d/element/f.65BB919C5CBEEA7CAD9584A6682CE4E0.d.AE60101F4AFE8FA6262C1A37F090146A.e.5008/value - {"text":"673"}
COMMAND: GET /session/216472d7d847287ace3a34c5cc31053d/screenshot - {}
RESULT: {"text":"673"}
COMMAND: GET /session/216472d7d847287ace3a34c5cc31053d/screenshot - {}
RESULT: {}
RESULT: {}
COMMAND: POST /session/216472d7d847287ace3a34c5cc31053d/element - {"using":"xpath","value":"//li[.//span[text()='673']]"}
RESULT: {"using":"xpath","value":"//li[.//span[text()='673']]"}
COMMAND: POST /session/216472d7d847287ace3a34c5cc31053d/element/f.65BB919C5CBEEA7CAD9584A6682CE4E0.d.AE60101F4AFE8FA6262C1A37F090146A.e.5017/click - {}
RESULT: {}
COMMAND: GET /session/216472d7d847287ace3a34c5cc31053d/screenshot - {}
RESULT: {}
COMMAND: POST /session/216472d7d847287ace3a34c5cc31053d/actions - {"actions":[{"id":"action14","type":"key","parameters":{},"actions":[{"type":"keyDown","value":"î€‡"},{"type":"pause","duration":10},{"type":"keyUp","value":"î€‡"}]}]}
RESULT: {"actions":[{"id":"action14","type":"key","parameters":{},"actions":[{"type":"keyDown","value":"î€‡"},{"type":"pause","duration":10},{"type":"keyUp","value":"î€‡"}]}]}
COMMAND: POST /session/216472d7d847287ace3a34c5cc31053d/execute/async - {"script":"<script> [1562 bytes]","args":[{"selector":{"id":"application-managepartners-display-component---NewPartner--externalCustomerComboBox-application-managepartners-display-component---NewPartner--assignmentsTable-0-vhi"},"wdio_ui5_key":"applicationmanagepartners-display-component---NewPartner--externalCustomerComboBox-application-managepartners-display-component---NewPartner--assignmentsTable-0-vhi"}]}
COMMAND: GET /session/216472d7d847287ace3a34c5cc31053d/screenshot - {}
RESULT: {"script":"<script> [1562 bytes]","args":[{"selector":{"id":"application-managepartners-display-component---NewPartner--externalCustomerComboBox-application-managepartners-display-component---NewPartner--assignmentsTable-0-vhi"},"wdio_ui5_key":"applicationmanagepartners-display-component---NewPartner--externalCustomerComboBox-application-managepartners-display-component---NewPartner--assignmentsTable-0-vhi"}]}
RESULT: undefined
COMMAND: POST /session/216472d7d847287ace3a34c5cc31053d/element - {"using":"xpath","value":"//*[@id=\"application-managepartners-display-component---NewPartner--externalCustomerComboBox-application-managepartners-display-component---NewPartner--assignmentsTable-0-vhi\"]"}
RESULT: {}
RESULT: {"using":"xpath","value":"//*[@id=\"application-managepartners-display-component---NewPartner--externalCustomerComboBox-application-managepartners-display-component---NewPartner--assignmentsTable-0-vhi\"]"}
COMMAND: POST /session/216472d7d847287ace3a34c5cc31053d/element/f.65BB919C5CBEEA7CAD9584A6682CE4E0.d.AE60101F4AFE8FA6262C1A37F090146A.e.5021/click - {}
RESULT: {}
RESULT: undefined
COMMAND: POST /session/216472d7d847287ace3a34c5cc31053d/execute/async - {"script":"<script> [776 bytes]","args":[{"enterText":"300003","selector":{"controlType":"sap.m.SearchField","properties":{"placeholder":"Search"},"searchOpenDialogs":true,"interaction":{"idSuffix":"I"}},"clearTextFirst":true,"interactionType":"ENTER_TEXT"}]}
COMMAND: GET /session/216472d7d847287ace3a34c5cc31053d/screenshot - {}
RESULT: {"script":"<script> [776 bytes]","args":[{"enterText":"300003","selector":{"controlType":"sap.m.SearchField","properties":{"placeholder":"Search"},"searchOpenDialogs":true,"interaction":{"idSuffix":"I"}},"clearTextFirst":true,"interactionType":"ENTER_TEXT"}]}
COMMAND: POST /session/216472d7d847287ace3a34c5cc31053d/actions - {"actions":[{"id":"action15","type":"key","parameters":{},"actions":[{"type":"keyDown","value":"î€‡"},{"type":"pause","duration":10},{"type":"keyUp","value":"î€‡"}]}]}
RESULT: {}
RESULT: {"actions":[{"id":"action15","type":"key","parameters":{},"actions":[{"type":"keyDown","value":"î€‡"},{"type":"pause","duration":10},{"type":"keyUp","value":"î€‡"}]}]}
COMMAND: GET /session/216472d7d847287ace3a34c5cc31053d/screenshot - {}
RESULT: {}
COMMAND: POST /session/216472d7d847287ace3a34c5cc31053d/element - {"using":"xpath","value":"//span[contains(text(), \"300003\")]"}
RESULT: {"using":"xpath","value":"//span[contains(text(), \"300003\")]"}
COMMAND: POST /session/216472d7d847287ace3a34c5cc31053d/element/f.65BB919C5CBEEA7CAD9584A6682CE4E0.d.AE60101F4AFE8FA6262C1A37F090146A.e.5038/click - {}
RESULT: {}
COMMAND: GET /session/216472d7d847287ace3a34c5cc31053d/screenshot - {}
RESULT: {}
COMMAND: POST /session/216472d7d847287ace3a34c5cc31053d/element - {"using":"xpath","value":"//bdi[contains(text(), \"OK\")]"}
RESULT: {"using":"xpath","value":"//bdi[contains(text(), \"OK\")]"}
COMMAND: POST /session/216472d7d847287ace3a34c5cc31053d/element/f.65BB919C5CBEEA7CAD9584A6682CE4E0.d.AE60101F4AFE8FA6262C1A37F090146A.e.5040/click - {}
RESULT: {}
COMMAND: GET /session/216472d7d847287ace3a34c5cc31053d/screenshot - {}
COMMAND: POST /session/216472d7d847287ace3a34c5cc31053d/execute/async - {"script":"<script> [1562 bytes]","args":[{"selector":{"id":"application-managepartners-display-component---NewPartner--intercompVendorComboBox-application-managepartners-display-component---NewPartner--assignmentsTable-0-vhi"},"wdio_ui5_key":"applicationmanagepartners-display-component---NewPartner--intercompVendorComboBox-application-managepartners-display-component---NewPartner--assignmentsTable-0-vhi"}]}
RESULT: {}
RESULT: {"script":"<script> [1562 bytes]","args":[{"selector":{"id":"application-managepartners-display-component---NewPartner--intercompVendorComboBox-application-managepartners-display-component---NewPartner--assignmentsTable-0-vhi"},"wdio_ui5_key":"applicationmanagepartners-display-component---NewPartner--intercompVendorComboBox-application-managepartners-display-component---NewPartner--assignmentsTable-0-vhi"}]}
RESULT: undefined
COMMAND: POST /session/216472d7d847287ace3a34c5cc31053d/element - {"using":"xpath","value":"//*[@id=\"application-managepartners-display-component---NewPartner--intercompVendorComboBox-application-managepartners-display-component---NewPartner--assignmentsTable-0-vhi\"]"}
RESULT: {"using":"xpath","value":"//*[@id=\"application-managepartners-display-component---NewPartner--intercompVendorComboBox-application-managepartners-display-component---NewPartner--assignmentsTable-0-vhi\"]"}
COMMAND: POST /session/216472d7d847287ace3a34c5cc31053d/element/f.65BB919C5CBEEA7CAD9584A6682CE4E0.d.AE60101F4AFE8FA6262C1A37F090146A.e.5044/click - {}
RESULT: {}
RESULT: undefined
COMMAND: POST /session/216472d7d847287ace3a34c5cc31053d/execute/async - {"script":"<script> [776 bytes]","args":[{"enterText":"100005","selector":{"controlType":"sap.m.SearchField","properties":{"placeholder":"Search"},"searchOpenDialogs":true,"interaction":{"idSuffix":"I"}},"clearTextFirst":true,"interactionType":"ENTER_TEXT"}]}
COMMAND: GET /session/216472d7d847287ace3a34c5cc31053d/screenshot - {}
RESULT: {"script":"<script> [776 bytes]","args":[{"enterText":"100005","selector":{"controlType":"sap.m.SearchField","properties":{"placeholder":"Search"},"searchOpenDialogs":true,"interaction":{"idSuffix":"I"}},"clearTextFirst":true,"interactionType":"ENTER_TEXT"}]}
COMMAND: POST /session/216472d7d847287ace3a34c5cc31053d/actions - {"actions":[{"id":"action16","type":"key","parameters":{},"actions":[{"type":"keyDown","value":"î€‡"},{"type":"pause","duration":10},{"type":"keyUp","value":"î€‡"}]}]}
RESULT: {}
RESULT: {"actions":[{"id":"action16","type":"key","parameters":{},"actions":[{"type":"keyDown","value":"î€‡"},{"type":"pause","duration":10},{"type":"keyUp","value":"î€‡"}]}]}
COMMAND: GET /session/216472d7d847287ace3a34c5cc31053d/screenshot - {}
RESULT: {}
COMMAND: POST /session/216472d7d847287ace3a34c5cc31053d/element - {"using":"xpath","value":"//span[contains(text(), \"Penguins - Field/12345 Berlin\")]"}
RESULT: {"using":"xpath","value":"//span[contains(text(), \"Penguins - Field/12345 Berlin\")]"}
COMMAND: POST /session/216472d7d847287ace3a34c5cc31053d/element/f.65BB919C5CBEEA7CAD9584A6682CE4E0.d.AE60101F4AFE8FA6262C1A37F090146A.e.5062/click - {}
RESULT: {}
COMMAND: GET /session/216472d7d847287ace3a34c5cc31053d/screenshot - {}
RESULT: {}
COMMAND: POST /session/216472d7d847287ace3a34c5cc31053d/element - {"using":"xpath","value":"//bdi[contains(text(), \"OK\")]"}
RESULT: {"using":"xpath","value":"//bdi[contains(text(), \"OK\")]"}
COMMAND: POST /session/216472d7d847287ace3a34c5cc31053d/element/f.65BB919C5CBEEA7CAD9584A6682CE4E0.d.AE60101F4AFE8FA6262C1A37F090146A.e.5063/click - {}
RESULT: {}
COMMAND: GET /session/216472d7d847287ace3a34c5cc31053d/screenshot - {}
RESULT: {}
COMMAND: POST /session/216472d7d847287ace3a34c5cc31053d/element - {"using":"xpath","value":"//button[@data-kt=\"saveButton\"]"}
RESULT: {"using":"xpath","value":"//button[@data-kt=\"saveButton\"]"}
COMMAND: POST /session/216472d7d847287ace3a34c5cc31053d/element/f.65BB919C5CBEEA7CAD9584A6682CE4E0.d.AE60101F4AFE8FA6262C1A37F090146A.e.4908/click - {}
RESULT: {}
COMMAND: GET /session/216472d7d847287ace3a34c5cc31053d/screenshot - {}
RESULT: {}
COMMAND: POST /session/216472d7d847287ace3a34c5cc31053d/element - {"using":"xpath","value":"//header[contains(@id, 'ObjectPageLayout-headerTitle')]/div[1]/div[2]/div[2]/span[1]"}
RESULT: {"using":"xpath","value":"//header[contains(@id, 'ObjectPageLayout-headerTitle')]/div[1]/div[2]/div[2]/span[1]"}
COMMAND: POST /session/216472d7d847287ace3a34c5cc31053d/elements - {"using":"xpath","value":"//header[contains(@id, 'ObjectPageLayout-headerTitle')]/div[1]/div[2]/div[2]/span[1]"}
RESULT: {"using":"xpath","value":"//header[contains(@id, 'ObjectPageLayout-headerTitle')]/div[1]/div[2]/div[2]/span[1]"}
COMMAND: POST /session/216472d7d847287ace3a34c5cc31053d/execute/sync - {"script":"<script> [56 bytes]","args":[{"element-6066-11e4-a52e-4f735466cecf":"f.65BB919C5CBEEA7CAD9584A6682CE4E0.d.AE60101F4AFE8FA6262C1A37F090146A.e.5227","ELEMENT":"f.65BB919C5CBEEA7CAD9584A6682CE4E0.d.AE60101F4AFE8FA6262C1A37F090146A.e.5227"}]}
RESULT: {"script":"<script> [56 bytes]","args":[{"element-6066-11e4-a52e-4f735466cecf":"f.65BB919C5CBEEA7CAD9584A6682CE4E0.d.AE60101F4AFE8FA6262C1A37F090146A.e.5227","ELEMENT":"f.65BB919C5CBEEA7CAD9584A6682CE4E0.d.AE60101F4AFE8FA6262C1A37F090146A.e.5227"}]}
COMMAND: POST /session/216472d7d847287ace3a34c5cc31053d/element - {"using":"css selector","value":"#shell-header-logo"}
COMMAND: GET /session/216472d7d847287ace3a34c5cc31053d/screenshot - {}
RESULT: {"using":"css selector","value":"#shell-header-logo"}
COMMAND: POST /session/216472d7d847287ace3a34c5cc31053d/element/f.65BB919C5CBEEA7CAD9584A6682CE4E0.d.AE60101F4AFE8FA6262C1A37F090146A.e.4449/click - {}
RESULT: {}
RESULT: {}
COMMAND: GET /session/216472d7d847287ace3a34c5cc31053d/screenshot - {}
RESULT: {}
COMMAND: POST /session/216472d7d847287ace3a34c5cc31053d/execute/sync - {"script":"<script> [299 bytes]","args":[["getModel","getResource"]]}
RESULT: {"script":"<script> [299 bytes]","args":[["getModel","getResource"]]}
COMMAND: POST /session/216472d7d847287ace3a34c5cc31053d/execute/async - {"script":"<script> [1562 bytes]","args":[{"selector":{"controlType":"sap.m.GenericTile","properties":{"header":"Manage Sites"}},"wdio_ui5_key":"sapm.GenericTile{\"header\":\"Manage Sites\"}"}]}
COMMAND: GET /session/216472d7d847287ace3a34c5cc31053d/screenshot - {}
RESULT: {"script":"<script> [1562 bytes]","args":[{"selector":{"controlType":"sap.m.GenericTile","properties":{"header":"Manage Sites"}},"wdio_ui5_key":"sapm.GenericTile{\"header\":\"Manage Sites\"}"}]}
RESULT: undefined
COMMAND: POST /session/216472d7d847287ace3a34c5cc31053d/element - {"using":"xpath","value":"//*[@id=\"__tile32\"]"}
RESULT: {}
RESULT: {"using":"xpath","value":"//*[@id=\"__tile32\"]"}
COMMAND: POST /session/216472d7d847287ace3a34c5cc31053d/element/f.65BB919C5CBEEA7CAD9584A6682CE4E0.d.AE60101F4AFE8FA6262C1A37F090146A.e.3608/click - {}
RESULT: {}
COMMAND: GET /session/216472d7d847287ace3a34c5cc31053d/screenshot - {}
RESULT: {}
COMMAND: POST /session/216472d7d847287ace3a34c5cc31053d/elements - {"using":"xpath","value":"//span[text()='Error']"}
RESULT: {"using":"xpath","value":"//span[text()='Error']"}
COMMAND: POST /session/216472d7d847287ace3a34c5cc31053d/element - {"using":"xpath","value":"//button[@data-kt=\"addOverflowToolbarButton\"]"}
RESULT: {"using":"xpath","value":"//button[@data-kt=\"addOverflowToolbarButton\"]"}
COMMAND: POST /session/216472d7d847287ace3a34c5cc31053d/elements - {"using":"xpath","value":"//button[@data-kt=\"addOverflowToolbarButton\"]"}
RESULT: {"using":"xpath","value":"//button[@data-kt=\"addOverflowToolbarButton\"]"}
COMMAND: POST /session/216472d7d847287ace3a34c5cc31053d/execute/sync - {"script":"<script> [8489 bytes]","args":[{"element-6066-11e4-a52e-4f735466cecf":"f.65BB919C5CBEEA7CAD9584A6682CE4E0.d.AE60101F4AFE8FA6262C1A37F090146A.e.5266","ELEMENT":"f.65BB919C5CBEEA7CAD9584A6682CE4E0.d.AE60101F4AFE8FA6262C1A37F090146A.e.5266"}]}
RESULT: {"script":"<script> [8489 bytes]","args":[{"element-6066-11e4-a52e-4f735466cecf":"f.65BB919C5CBEEA7CAD9584A6682CE4E0.d.AE60101F4AFE8FA6262C1A37F090146A.e.5266","ELEMENT":"f.65BB919C5CBEEA7CAD9584A6682CE4E0.d.AE60101F4AFE8FA6262C1A37F090146A.e.5266"}]}
COMMAND: GET /session/216472d7d847287ace3a34c5cc31053d/element/f.65BB919C5CBEEA7CAD9584A6682CE4E0.d.AE60101F4AFE8FA6262C1A37F090146A.e.5266/enabled - {}
COMMAND: GET /session/216472d7d847287ace3a34c5cc31053d/screenshot - {}
RESULT: {}
COMMAND: POST /session/216472d7d847287ace3a34c5cc31053d/execute/sync - {"script":"<script> [8489 bytes]","args":[{"element-6066-11e4-a52e-4f735466cecf":"f.65BB919C5CBEEA7CAD9584A6682CE4E0.d.AE60101F4AFE8FA6262C1A37F090146A.e.5266","ELEMENT":"f.65BB919C5CBEEA7CAD9584A6682CE4E0.d.AE60101F4AFE8FA6262C1A37F090146A.e.5266"}]}
COMMAND: GET /session/216472d7d847287ace3a34c5cc31053d/screenshot - {}
RESULT: {}
RESULT: {"script":"<script> [8489 bytes]","args":[{"element-6066-11e4-a52e-4f735466cecf":"f.65BB919C5CBEEA7CAD9584A6682CE4E0.d.AE60101F4AFE8FA6262C1A37F090146A.e.5266","ELEMENT":"f.65BB919C5CBEEA7CAD9584A6682CE4E0.d.AE60101F4AFE8FA6262C1A37F090146A.e.5266"}]}
COMMAND: POST /session/216472d7d847287ace3a34c5cc31053d/execute/sync - {"script":"<script> [5351 bytes]","args":[{"element-6066-11e4-a52e-4f735466cecf":"f.65BB919C5CBEEA7CAD9584A6682CE4E0.d.AE60101F4AFE8FA6262C1A37F090146A.e.5266","ELEMENT":"f.65BB919C5CBEEA7CAD9584A6682CE4E0.d.AE60101F4AFE8FA6262C1A37F090146A.e.5266"}]}
COMMAND: GET /session/216472d7d847287ace3a34c5cc31053d/screenshot - {}
RESULT: {}
RESULT: {"script":"<script> [5351 bytes]","args":[{"element-6066-11e4-a52e-4f735466cecf":"f.65BB919C5CBEEA7CAD9584A6682CE4E0.d.AE60101F4AFE8FA6262C1A37F090146A.e.5266","ELEMENT":"f.65BB919C5CBEEA7CAD9584A6682CE4E0.d.AE60101F4AFE8FA6262C1A37F090146A.e.5266"}]}
COMMAND: POST /session/216472d7d847287ace3a34c5cc31053d/element/f.65BB919C5CBEEA7CAD9584A6682CE4E0.d.AE60101F4AFE8FA6262C1A37F090146A.e.5266/click - {}
COMMAND: GET /session/216472d7d847287ace3a34c5cc31053d/screenshot - {}
RESULT: {}
RESULT: {}
COMMAND: GET /session/216472d7d847287ace3a34c5cc31053d/screenshot - {}
COMMAND: POST /session/216472d7d847287ace3a34c5cc31053d/element - {"using":"xpath","value":"//input[@id=\"application-managesites-display-component---NewSite--siteId-inner\"]"}
RESULT: {}
RESULT: {}
RESULT: {"using":"xpath","value":"//input[@id=\"application-managesites-display-component---NewSite--siteId-inner\"]"}
COMMAND: POST /session/216472d7d847287ace3a34c5cc31053d/element - {"using":"xpath","value":"//input[@id=\"application-managesites-display-component---NewSite--siteId-inner\"]"}
RESULT: {"using":"xpath","value":"//input[@id=\"application-managesites-display-component---NewSite--siteId-inner\"]"}
COMMAND: POST /session/216472d7d847287ace3a34c5cc31053d/execute/async - {"script":"<script> [1562 bytes]","args":[{"selector":{"id":"application-managesites-display-component---NewSite--addressDetailDetailsName1","interaction":{"idSuffix":"inner"}},"wdio_ui5_key":"applicationmanagesites-display-component---NewSite--addressDetailDetailsName1"}]}
RESULT: {"script":"<script> [1562 bytes]","args":[{"selector":{"id":"application-managesites-display-component---NewSite--addressDetailDetailsName1","interaction":{"idSuffix":"inner"}},"wdio_ui5_key":"applicationmanagesites-display-component---NewSite--addressDetailDetailsName1"}]}
RESULT: undefined
COMMAND: POST /session/216472d7d847287ace3a34c5cc31053d/execute/async - {"script":"<script> [776 bytes]","args":[{"enterText":"Intercompany Site wdIO","selector":{"id":"application-managesites-display-component---NewSite--addressDetailDetailsName1","interaction":{"idSuffix":"inner"}},"clearTextFirst":true,"interactionType":"ENTER_TEXT"}]}
RESULT: {"script":"<script> [776 bytes]","args":[{"enterText":"Intercompany Site wdIO","selector":{"id":"application-managesites-display-component---NewSite--addressDetailDetailsName1","interaction":{"idSuffix":"inner"}},"clearTextFirst":true,"interactionType":"ENTER_TEXT"}]}
COMMAND: POST /session/216472d7d847287ace3a34c5cc31053d/execute/async - {"script":"<script> [1562 bytes]","args":[{"selector":{"id":"application-managesites-display-component---NewSite--addressDetailDetailsLanguage-arrow"},"wdio_ui5_key":"applicationmanagesites-display-component---NewSite--addressDetailDetailsLanguage-arrow"}]}
RESULT: {"script":"<script> [1562 bytes]","args":[{"selector":{"id":"application-managesites-display-component---NewSite--addressDetailDetailsLanguage-arrow"},"wdio_ui5_key":"applicationmanagesites-display-component---NewSite--addressDetailDetailsLanguage-arrow"}]}
RESULT: undefined
COMMAND: POST /session/216472d7d847287ace3a34c5cc31053d/element - {"using":"xpath","value":"//*[@id=\"application-managesites-display-component---NewSite--addressDetailDetailsLanguage-arrow\"]"}
RESULT: {"using":"xpath","value":"//*[@id=\"application-managesites-display-component---NewSite--addressDetailDetailsLanguage-arrow\"]"}
COMMAND: POST /session/216472d7d847287ace3a34c5cc31053d/element/f.65BB919C5CBEEA7CAD9584A6682CE4E0.d.AE60101F4AFE8FA6262C1A37F090146A.e.5665/click - {}
RESULT: {}
COMMAND: POST /session/216472d7d847287ace3a34c5cc31053d/element - {"using":"xpath","value":"//span[contains(text(), \"English\")]"}
COMMAND: GET /session/216472d7d847287ace3a34c5cc31053d/screenshot - {}
RESULT: {"using":"xpath","value":"//span[contains(text(), \"English\")]"}
COMMAND: POST /session/216472d7d847287ace3a34c5cc31053d/element/f.65BB919C5CBEEA7CAD9584A6682CE4E0.d.AE60101F4AFE8FA6262C1A37F090146A.e.5666/click - {}
RESULT: {}
RESULT: {}
COMMAND: POST /session/216472d7d847287ace3a34c5cc31053d/execute/async - {"script":"<script> [1562 bytes]","args":[{"selector":{"id":"application-managesites-display-component---NewSite--addressDetailDetailsCity1","interaction":{"idSuffix":"inner"}},"wdio_ui5_key":"applicationmanagesites-display-component---NewSite--addressDetailDetailsCity1"}]}
COMMAND: GET /session/216472d7d847287ace3a34c5cc31053d/screenshot - {}
RESULT: {"script":"<script> [1562 bytes]","args":[{"selector":{"id":"application-managesites-display-component---NewSite--addressDetailDetailsCity1","interaction":{"idSuffix":"inner"}},"wdio_ui5_key":"applicationmanagesites-display-component---NewSite--addressDetailDetailsCity1"}]}
RESULT: undefined
COMMAND: POST /session/216472d7d847287ace3a34c5cc31053d/execute/async - {"script":"<script> [776 bytes]","args":[{"enterText":"Rosario","selector":{"id":"application-managesites-display-component---NewSite--addressDetailDetailsCity1","interaction":{"idSuffix":"inner"}},"clearTextFirst":true,"interactionType":"ENTER_TEXT"}]}
RESULT: {}
RESULT: {"script":"<script> [776 bytes]","args":[{"enterText":"Rosario","selector":{"id":"application-managesites-display-component---NewSite--addressDetailDetailsCity1","interaction":{"idSuffix":"inner"}},"clearTextFirst":true,"interactionType":"ENTER_TEXT"}]}
COMMAND: POST /session/216472d7d847287ace3a34c5cc31053d/execute/async - {"script":"<script> [1562 bytes]","args":[{"selector":{"id":"application-managesites-display-component---NewSite--addressDetailDetailsCountry-arrow"},"wdio_ui5_key":"applicationmanagesites-display-component---NewSite--addressDetailDetailsCountry-arrow"}]}
RESULT: {"script":"<script> [1562 bytes]","args":[{"selector":{"id":"application-managesites-display-component---NewSite--addressDetailDetailsCountry-arrow"},"wdio_ui5_key":"applicationmanagesites-display-component---NewSite--addressDetailDetailsCountry-arrow"}]}
RESULT: undefined
COMMAND: POST /session/216472d7d847287ace3a34c5cc31053d/element - {"using":"xpath","value":"//*[@id=\"application-managesites-display-component---NewSite--addressDetailDetailsCountry-arrow\"]"}
RESULT: {"using":"xpath","value":"//*[@id=\"application-managesites-display-component---NewSite--addressDetailDetailsCountry-arrow\"]"}
COMMAND: POST /session/216472d7d847287ace3a34c5cc31053d/element/f.65BB919C5CBEEA7CAD9584A6682CE4E0.d.AE60101F4AFE8FA6262C1A37F090146A.e.5668/click - {}
RESULT: {}
COMMAND: POST /session/216472d7d847287ace3a34c5cc31053d/element - {"using":"xpath","value":"//span[contains(text(), \"Argentina\")]"}
COMMAND: GET /session/216472d7d847287ace3a34c5cc31053d/screenshot - {}
RESULT: {"using":"xpath","value":"//span[contains(text(), \"Argentina\")]"}
COMMAND: POST /session/216472d7d847287ace3a34c5cc31053d/element/f.65BB919C5CBEEA7CAD9584A6682CE4E0.d.AE60101F4AFE8FA6262C1A37F090146A.e.5670/click - {}
RESULT: {}
RESULT: {}
COMMAND: GET /session/216472d7d847287ace3a34c5cc31053d/screenshot - {}
RESULT: {}
COMMAND: POST /session/216472d7d847287ace3a34c5cc31053d/execute/async - {"script":"<script> [1562 bytes]","args":[{"selector":{"id":"application-managesites-display-component---NewSite--addressEditDetailsCostObjectCstType-arrow"},"wdio_ui5_key":"applicationmanagesites-display-component---NewSite--addressEditDetailsCostObjectCstType-arrow"}]}
RESULT: {"script":"<script> [1562 bytes]","args":[{"selector":{"id":"application-managesites-display-component---NewSite--addressEditDetailsCostObjectCstType-arrow"},"wdio_ui5_key":"applicationmanagesites-display-component---NewSite--addressEditDetailsCostObjectCstType-arrow"}]}
RESULT: undefined
COMMAND: POST /session/216472d7d847287ace3a34c5cc31053d/element - {"using":"xpath","value":"//*[@id=\"application-managesites-display-component---NewSite--addressEditDetailsCostObjectCstType-arrow\"]"}
RESULT: {"using":"xpath","value":"//*[@id=\"application-managesites-display-component---NewSite--addressEditDetailsCostObjectCstType-arrow\"]"}
COMMAND: POST /session/216472d7d847287ace3a34c5cc31053d/element/f.65BB919C5CBEEA7CAD9584A6682CE4E0.d.AE60101F4AFE8FA6262C1A37F090146A.e.5671/click - {}
RESULT: {}
COMMAND: POST /session/216472d7d847287ace3a34c5cc31053d/element - {"using":"xpath","value":"//span[contains(text(), \"Cost Center\")]"}
COMMAND: GET /session/216472d7d847287ace3a34c5cc31053d/screenshot - {}
RESULT: {"using":"xpath","value":"//span[contains(text(), \"Cost Center\")]"}
COMMAND: POST /session/216472d7d847287ace3a34c5cc31053d/element/f.65BB919C5CBEEA7CAD9584A6682CE4E0.d.AE60101F4AFE8FA6262C1A37F090146A.e.5672/click - {}
RESULT: {}
RESULT: {}
COMMAND: GET /session/216472d7d847287ace3a34c5cc31053d/screenshot - {}
RESULT: {}
COMMAND: POST /session/216472d7d847287ace3a34c5cc31053d/element - {"using":"xpath","value":"//span[@id=\"application-managesites-display-component---NewSite--addressNewCostObjectCstID-vhi\"]"}
RESULT: {"using":"xpath","value":"//span[@id=\"application-managesites-display-component---NewSite--addressNewCostObjectCstID-vhi\"]"}
COMMAND: POST /session/216472d7d847287ace3a34c5cc31053d/execute/sync - {"script":"<script> [8489 bytes]","args":[{"element-6066-11e4-a52e-4f735466cecf":"f.65BB919C5CBEEA7CAD9584A6682CE4E0.d.AE60101F4AFE8FA6262C1A37F090146A.e.5677","ELEMENT":"f.65BB919C5CBEEA7CAD9584A6682CE4E0.d.AE60101F4AFE8FA6262C1A37F090146A.e.5677"}]}
RESULT: {"script":"<script> [8489 bytes]","args":[{"element-6066-11e4-a52e-4f735466cecf":"f.65BB919C5CBEEA7CAD9584A6682CE4E0.d.AE60101F4AFE8FA6262C1A37F090146A.e.5677","ELEMENT":"f.65BB919C5CBEEA7CAD9584A6682CE4E0.d.AE60101F4AFE8FA6262C1A37F090146A.e.5677"}]}
COMMAND: POST /session/216472d7d847287ace3a34c5cc31053d/execute/async - {"script":"<script> [1562 bytes]","args":[{"selector":{"id":"application-managesites-display-component---NewSite--addressNewCostObjectCstID-vhi"},"wdio_ui5_key":"applicationmanagesites-display-component---NewSite--addressNewCostObjectCstID-vhi"}]}
COMMAND: GET /session/216472d7d847287ace3a34c5cc31053d/screenshot - {}
RESULT: {"script":"<script> [1562 bytes]","args":[{"selector":{"id":"application-managesites-display-component---NewSite--addressNewCostObjectCstID-vhi"},"wdio_ui5_key":"applicationmanagesites-display-component---NewSite--addressNewCostObjectCstID-vhi"}]}
RESULT: undefined
COMMAND: POST /session/216472d7d847287ace3a34c5cc31053d/element - {"using":"xpath","value":"//*[@id=\"application-managesites-display-component---NewSite--addressNewCostObjectCstID-vhi\"]"}
RESULT: {}
RESULT: {"using":"xpath","value":"//*[@id=\"application-managesites-display-component---NewSite--addressNewCostObjectCstID-vhi\"]"}
COMMAND: POST /session/216472d7d847287ace3a34c5cc31053d/element/f.65BB919C5CBEEA7CAD9584A6682CE4E0.d.AE60101F4AFE8FA6262C1A37F090146A.e.5677/click - {}
RESULT: {}
COMMAND: GET /session/216472d7d847287ace3a34c5cc31053d/screenshot - {}
RESULT: {}
RESULT: undefined
COMMAND: POST /session/216472d7d847287ace3a34c5cc31053d/execute/async - {"script":"<script> [776 bytes]","args":[{"enterText":"10001013","selector":{"controlType":"sap.m.SearchField","properties":{"placeholder":"Search"},"searchOpenDialogs":true,"interaction":{"idSuffix":"I"}},"clearTextFirst":true,"interactionType":"ENTER_TEXT"}]}
RESULT: {"script":"<script> [776 bytes]","args":[{"enterText":"10001013","selector":{"controlType":"sap.m.SearchField","properties":{"placeholder":"Search"},"searchOpenDialogs":true,"interaction":{"idSuffix":"I"}},"clearTextFirst":true,"interactionType":"ENTER_TEXT"}]}
COMMAND: POST /session/216472d7d847287ace3a34c5cc31053d/actions - {"actions":[{"id":"action17","type":"key","parameters":{},"actions":[{"type":"keyDown","value":"î€‡"},{"type":"pause","duration":10},{"type":"keyUp","value":"î€‡"}]}]}
RESULT: {"actions":[{"id":"action17","type":"key","parameters":{},"actions":[{"type":"keyDown","value":"î€‡"},{"type":"pause","duration":10},{"type":"keyUp","value":"î€‡"}]}]}
COMMAND: GET /session/216472d7d847287ace3a34c5cc31053d/screenshot - {}
RESULT: {}
COMMAND: POST /session/216472d7d847287ace3a34c5cc31053d/element - {"using":"xpath","value":"//span[contains(text(), \"General Management\")]"}
RESULT: {"using":"xpath","value":"//span[contains(text(), \"General Management\")]"}
COMMAND: POST /session/216472d7d847287ace3a34c5cc31053d/element/f.65BB919C5CBEEA7CAD9584A6682CE4E0.d.AE60101F4AFE8FA6262C1A37F090146A.e.5716/click - {}
RESULT: {}
COMMAND: GET /session/216472d7d847287ace3a34c5cc31053d/screenshot - {}
RESULT: {}
COMMAND: POST /session/216472d7d847287ace3a34c5cc31053d/element - {"using":"xpath","value":"//bdi[contains(text(), \"OK\")]"}
RESULT: {"using":"xpath","value":"//bdi[contains(text(), \"OK\")]"}
COMMAND: POST /session/216472d7d847287ace3a34c5cc31053d/element/f.65BB919C5CBEEA7CAD9584A6682CE4E0.d.AE60101F4AFE8FA6262C1A37F090146A.e.5717/click - {}
RESULT: {}
COMMAND: GET /session/216472d7d847287ace3a34c5cc31053d/screenshot - {}
RESULT: {}
COMMAND: POST /session/216472d7d847287ace3a34c5cc31053d/element - {"using":"xpath","value":"//input[@id=\"application-managesites-display-component---NewSite--addressDetailDetailsCalendar-inner\"]"}
RESULT: {"using":"xpath","value":"//input[@id=\"application-managesites-display-component---NewSite--addressDetailDetailsCalendar-inner\"]"}
COMMAND: POST /session/216472d7d847287ace3a34c5cc31053d/element/f.65BB919C5CBEEA7CAD9584A6682CE4E0.d.AE60101F4AFE8FA6262C1A37F090146A.e.5461/clear - {}
RESULT: {}
COMMAND: POST /session/216472d7d847287ace3a34c5cc31053d/element/f.65BB919C5CBEEA7CAD9584A6682CE4E0.d.AE60101F4AFE8FA6262C1A37F090146A.e.5461/value - {"text":"Unit"}
COMMAND: GET /session/216472d7d847287ace3a34c5cc31053d/screenshot - {}
RESULT: {"text":"Unit"}
COMMAND: GET /session/216472d7d847287ace3a34c5cc31053d/screenshot - {}
RESULT: {}
RESULT: {}
COMMAND: POST /session/216472d7d847287ace3a34c5cc31053d/actions - {"actions":[{"id":"action18","type":"key","parameters":{},"actions":[{"type":"keyDown","value":"î€‡"},{"type":"pause","duration":10},{"type":"keyUp","value":"î€‡"}]}]}
RESULT: {"actions":[{"id":"action18","type":"key","parameters":{},"actions":[{"type":"keyDown","value":"î€‡"},{"type":"pause","duration":10},{"type":"keyUp","value":"î€‡"}]}]}
COMMAND: POST /session/216472d7d847287ace3a34c5cc31053d/element - {"using":"xpath","value":"//input[@id=\"application-managesites-display-component---NewSite--addressDetailDetailsYard-inner\"]"}
COMMAND: GET /session/216472d7d847287ace3a34c5cc31053d/screenshot - {}
RESULT: {"using":"xpath","value":"//input[@id=\"application-managesites-display-component---NewSite--addressDetailDetailsYard-inner\"]"}
COMMAND: POST /session/216472d7d847287ace3a34c5cc31053d/element/f.65BB919C5CBEEA7CAD9584A6682CE4E0.d.AE60101F4AFE8FA6262C1A37F090146A.e.5462/clear - {}
RESULT: {}
RESULT: {}
COMMAND: POST /session/216472d7d847287ace3a34c5cc31053d/element/f.65BB919C5CBEEA7CAD9584A6682CE4E0.d.AE60101F4AFE8FA6262C1A37F090146A.e.5462/value - {"text":"673"}
COMMAND: GET /session/216472d7d847287ace3a34c5cc31053d/screenshot - {}
RESULT: {"text":"673"}
COMMAND: GET /session/216472d7d847287ace3a34c5cc31053d/screenshot - {}
RESULT: {}
RESULT: {}
COMMAND: POST /session/216472d7d847287ace3a34c5cc31053d/element - {"using":"xpath","value":"//li[.//span[text()='673']]"}
RESULT: {"using":"xpath","value":"//li[.//span[text()='673']]"}
COMMAND: POST /session/216472d7d847287ace3a34c5cc31053d/element/f.65BB919C5CBEEA7CAD9584A6682CE4E0.d.AE60101F4AFE8FA6262C1A37F090146A.e.5725/click - {}
RESULT: {}
COMMAND: GET /session/216472d7d847287ace3a34c5cc31053d/screenshot - {}
RESULT: {}
COMMAND: POST /session/216472d7d847287ace3a34c5cc31053d/element - {"using":"xpath","value":"//input[@id=\"application-managesites-display-component---NewSite--addressDetailDetailsPartner-inner\"]"}
RESULT: {"using":"xpath","value":"//input[@id=\"application-managesites-display-component---NewSite--addressDetailDetailsPartner-inner\"]"}
COMMAND: POST /session/216472d7d847287ace3a34c5cc31053d/element - {"using":"xpath","value":"//input[@id=\"application-managesites-display-component---NewSite--addressDetailDetailsPartner-inner\"]"}
RESULT: {"using":"xpath","value":"//input[@id=\"application-managesites-display-component---NewSite--addressDetailDetailsPartner-inner\"]"}
COMMAND: POST /session/216472d7d847287ace3a34c5cc31053d/element - {"using":"xpath","value":"//button[@data-kt=\"saveButton\"]"}
RESULT: {"using":"xpath","value":"//button[@data-kt=\"saveButton\"]"}
COMMAND: POST /session/216472d7d847287ace3a34c5cc31053d/element/f.65BB919C5CBEEA7CAD9584A6682CE4E0.d.AE60101F4AFE8FA6262C1A37F090146A.e.5650/click - {}
RESULT: {}
COMMAND: GET /session/216472d7d847287ace3a34c5cc31053d/screenshot - {}
COMMAND: POST /session/216472d7d847287ace3a34c5cc31053d/element - {"using":"xpath","value":"//header[contains(@id, 'ObjectPageLayout-headerTitle')]/div[1]/div[2]/div[2]/span[1]"}
RESULT: {}
RESULT: {"using":"xpath","value":"//header[contains(@id, 'ObjectPageLayout-headerTitle')]/div[1]/div[2]/div[2]/span[1]"}
COMMAND: POST /session/216472d7d847287ace3a34c5cc31053d/elements - {"using":"xpath","value":"//header[contains(@id, 'ObjectPageLayout-headerTitle')]/div[1]/div[2]/div[2]/span[1]"}
RESULT: {"using":"xpath","value":"//header[contains(@id, 'ObjectPageLayout-headerTitle')]/div[1]/div[2]/div[2]/span[1]"}
COMMAND: POST /session/216472d7d847287ace3a34c5cc31053d/execute/sync - {"script":"<script> [56 bytes]","args":[{"element-6066-11e4-a52e-4f735466cecf":"f.65BB919C5CBEEA7CAD9584A6682CE4E0.d.AE60101F4AFE8FA6262C1A37F090146A.e.5926","ELEMENT":"f.65BB919C5CBEEA7CAD9584A6682CE4E0.d.AE60101F4AFE8FA6262C1A37F090146A.e.5926"}]}
RESULT: {"script":"<script> [56 bytes]","args":[{"element-6066-11e4-a52e-4f735466cecf":"f.65BB919C5CBEEA7CAD9584A6682CE4E0.d.AE60101F4AFE8FA6262C1A37F090146A.e.5926","ELEMENT":"f.65BB919C5CBEEA7CAD9584A6682CE4E0.d.AE60101F4AFE8FA6262C1A37F090146A.e.5926"}]}
COMMAND: POST /session/216472d7d847287ace3a34c5cc31053d/element - {"using":"css selector","value":"#shell-header-logo"}
COMMAND: GET /session/216472d7d847287ace3a34c5cc31053d/screenshot - {}
RESULT: {"using":"css selector","value":"#shell-header-logo"}
COMMAND: POST /session/216472d7d847287ace3a34c5cc31053d/element/f.65BB919C5CBEEA7CAD9584A6682CE4E0.d.AE60101F4AFE8FA6262C1A37F090146A.e.5232/click - {}
RESULT: {}
RESULT: {}
COMMAND: GET /session/216472d7d847287ace3a34c5cc31053d/screenshot - {}
RESULT: {}
COMMAND: POST /session/216472d7d847287ace3a34c5cc31053d/execute/sync - {"script":"<script> [299 bytes]","args":[["getModel","getResource"]]}
RESULT: {"script":"<script> [299 bytes]","args":[["getModel","getResource"]]}
COMMAND: GET /session/216472d7d847287ace3a34c5cc31053d/screenshot - {}
]]></system-out>
    </testcase>
  </testsuite>
</testsuites>