<?xml version="1.0" encoding="UTF-8"?>
<testsuites tests="18" failures="2" errors="2" skipped="0">
  <testsuite timestamp="2025-04-30T05:35:29" time="50.236" tests="2" failures="0" errors="0" skipped="0">
    <properties>
      <property name="specId" value="0" />
      <property name="suiteName" value="Assign the user test user id to an address" />
      <property name="capabilities" value="chrome.135_0_7049_96.windows" />
      <property name="file" value="file:///D:/a/1/s/test/specs/R2C/assign-user-id-to-an-address.spec.js" />
    </properties>
    <testcase classname="chrome.135_0_7049_96.windows.Assign_the_user_test_user_id_to_an_address" name="Should search for test1ETM create only if not present" time="12.264">
      <system-out><![CDATA[
COMMAND: POST /session/3c28004edfbf3c6cdcf5221cd875a4b1/execute/async - {"script":"<script> [1562 bytes]","args":[{"selector":{"id":"application-addressmanagement-display-component---masterAdm--smartFilterBar-filterItemControl_BASIC-NAME-vhi"},"wdio_ui5_key":"applicationaddressmanagement-display-component---masterAdm--smartFilterBar-filterItemControl_BASIC-NAME-vhi"}]}
RESULT: {"script":"<script> [1562 bytes]","args":[{"selector":{"id":"application-addressmanagement-display-component---masterAdm--smartFilterBar-filterItemControl_BASIC-NAME-vhi"},"wdio_ui5_key":"applicationaddressmanagement-display-component---masterAdm--smartFilterBar-filterItemControl_BASIC-NAME-vhi"}]}
RESULT: undefined
COMMAND: POST /session/3c28004edfbf3c6cdcf5221cd875a4b1/element - {"using":"xpath","value":"//*[@id=\"application-addressmanagement-display-component---masterAdm--smartFilterBar-filterItemControl_BASIC-NAME-vhi\"]"}
RESULT: {"using":"xpath","value":"//*[@id=\"application-addressmanagement-display-component---masterAdm--smartFilterBar-filterItemControl_BASIC-NAME-vhi\"]"}
COMMAND: POST /session/3c28004edfbf3c6cdcf5221cd875a4b1/element/f.B144892EA8D4B745C91A45796582BC5B.d.B45BDF1E9C1CEDFCD95E4944820F04E8.e.290/click - {}
RESULT: {}
COMMAND: POST /session/3c28004edfbf3c6cdcf5221cd875a4b1/execute/async - {"script":"<script> [1562 bytes]","args":[{"selector":{"controlType":"sap.m.Input","viewName":"etm.portal.ui.addressmanagement.view.Master","viewId":"application-addressmanagement-display-component---masterAdm","properties":{"valueState":"None"},"searchOpenDialogs":true,"interaction":{"idSuffix":"inner"}},"wdio_ui5_key":"etmportal.ui.addressmanagement.view.Mastersap.m.Input{\"valueState\":\"None\"}"}]}
COMMAND: GET /session/3c28004edfbf3c6cdcf5221cd875a4b1/screenshot - {}
RESULT: {"script":"<script> [1562 bytes]","args":[{"selector":{"controlType":"sap.m.Input","viewName":"etm.portal.ui.addressmanagement.view.Master","viewId":"application-addressmanagement-display-component---masterAdm","properties":{"valueState":"None"},"searchOpenDialogs":true,"interaction":{"idSuffix":"inner"}},"wdio_ui5_key":"etmportal.ui.addressmanagement.view.Mastersap.m.Input{\"valueState\":\"None\"}"}]}
RESULT: undefined
COMMAND: POST /session/3c28004edfbf3c6cdcf5221cd875a4b1/execute/async - {"script":"<script> [776 bytes]","args":[{"enterText":"Test1ETM","selector":{"controlType":"sap.m.Input","viewName":"etm.portal.ui.addressmanagement.view.Master","viewId":"application-addressmanagement-display-component---masterAdm","properties":{"valueState":"None"},"searchOpenDialogs":true,"interaction":{"idSuffix":"inner"}},"clearTextFirst":true,"interactionType":"ENTER_TEXT"}]}
RESULT: {}
RESULT: {"script":"<script> [776 bytes]","args":[{"enterText":"Test1ETM","selector":{"controlType":"sap.m.Input","viewName":"etm.portal.ui.addressmanagement.view.Master","viewId":"application-addressmanagement-display-component---masterAdm","properties":{"valueState":"None"},"searchOpenDialogs":true,"interaction":{"idSuffix":"inner"}},"clearTextFirst":true,"interactionType":"ENTER_TEXT"}]}
COMMAND: POST /session/3c28004edfbf3c6cdcf5221cd875a4b1/actions - {"actions":[{"id":"action1","type":"key","parameters":{},"actions":[{"type":"keyDown","value":"î€‡"},{"type":"pause","duration":10},{"type":"keyUp","value":"î€‡"}]}]}
RESULT: {"actions":[{"id":"action1","type":"key","parameters":{},"actions":[{"type":"keyDown","value":"î€‡"},{"type":"pause","duration":10},{"type":"keyUp","value":"î€‡"}]}]}
COMMAND: POST /session/3c28004edfbf3c6cdcf5221cd875a4b1/execute/async - {"script":"<script> [1562 bytes]","args":[{"selector":{"id":"application-addressmanagement-display-component---masterAdm--smartFilterBar-filterItemControl_BASIC-NAME-valueHelpDialog-ok","searchOpenDialogs":true,"interaction":{"idSuffix":"BDI-content"}},"wdio_ui5_key":"applicationaddressmanagement-display-component---masterAdm--smartFilterBar-filterItemControl_BASIC-NAME-valueHelpDialog-ok"}]}
COMMAND: GET /session/3c28004edfbf3c6cdcf5221cd875a4b1/screenshot - {}
RESULT: {"script":"<script> [1562 bytes]","args":[{"selector":{"id":"application-addressmanagement-display-component---masterAdm--smartFilterBar-filterItemControl_BASIC-NAME-valueHelpDialog-ok","searchOpenDialogs":true,"interaction":{"idSuffix":"BDI-content"}},"wdio_ui5_key":"applicationaddressmanagement-display-component---masterAdm--smartFilterBar-filterItemControl_BASIC-NAME-valueHelpDialog-ok"}]}
RESULT: undefined
COMMAND: POST /session/3c28004edfbf3c6cdcf5221cd875a4b1/element - {"using":"xpath","value":"//*[@id=\"application-addressmanagement-display-component---masterAdm--smartFilterBar-filterItemControl_BASIC-NAME-valueHelpDialog-ok\"]"}
RESULT: {}
RESULT: {"using":"xpath","value":"//*[@id=\"application-addressmanagement-display-component---masterAdm--smartFilterBar-filterItemControl_BASIC-NAME-valueHelpDialog-ok\"]"}
COMMAND: POST /session/3c28004edfbf3c6cdcf5221cd875a4b1/element/f.B144892EA8D4B745C91A45796582BC5B.d.B45BDF1E9C1CEDFCD95E4944820F04E8.e.301/click - {}
RESULT: {}
COMMAND: GET /session/3c28004edfbf3c6cdcf5221cd875a4b1/screenshot - {}
RESULT: {}
COMMAND: POST /session/3c28004edfbf3c6cdcf5221cd875a4b1/element - {"using":"xpath","value":"(//span[text()=\"Active\"])[1]"}
RESULT: {"using":"xpath","value":"(//span[text()=\"Active\"])[1]"}
COMMAND: POST /session/3c28004edfbf3c6cdcf5221cd875a4b1/elements - {"using":"xpath","value":"(//span[text()=\"Active\"])[1]"}
RESULT: {"using":"xpath","value":"(//span[text()=\"Active\"])[1]"}
COMMAND: POST /session/3c28004edfbf3c6cdcf5221cd875a4b1/execute/sync - {"script":"<script> [8489 bytes]","args":[{"element-6066-11e4-a52e-4f735466cecf":"f.B144892EA8D4B745C91A45796582BC5B.d.B45BDF1E9C1CEDFCD95E4944820F04E8.e.316","ELEMENT":"f.B144892EA8D4B745C91A45796582BC5B.d.B45BDF1E9C1CEDFCD95E4944820F04E8.e.316"}]}
RESULT: {"script":"<script> [8489 bytes]","args":[{"element-6066-11e4-a52e-4f735466cecf":"f.B144892EA8D4B745C91A45796582BC5B.d.B45BDF1E9C1CEDFCD95E4944820F04E8.e.316","ELEMENT":"f.B144892EA8D4B745C91A45796582BC5B.d.B45BDF1E9C1CEDFCD95E4944820F04E8.e.316"}]}
COMMAND: POST /session/3c28004edfbf3c6cdcf5221cd875a4b1/execute/sync - {"script":"<script> [5351 bytes]","args":[{"element-6066-11e4-a52e-4f735466cecf":"f.B144892EA8D4B745C91A45796582BC5B.d.B45BDF1E9C1CEDFCD95E4944820F04E8.e.316","ELEMENT":"f.B144892EA8D4B745C91A45796582BC5B.d.B45BDF1E9C1CEDFCD95E4944820F04E8.e.316"}]}
COMMAND: GET /session/3c28004edfbf3c6cdcf5221cd875a4b1/screenshot - {}
RESULT: {"script":"<script> [5351 bytes]","args":[{"element-6066-11e4-a52e-4f735466cecf":"f.B144892EA8D4B745C91A45796582BC5B.d.B45BDF1E9C1CEDFCD95E4944820F04E8.e.316","ELEMENT":"f.B144892EA8D4B745C91A45796582BC5B.d.B45BDF1E9C1CEDFCD95E4944820F04E8.e.316"}]}
COMMAND: POST /session/3c28004edfbf3c6cdcf5221cd875a4b1/element/f.B144892EA8D4B745C91A45796582BC5B.d.B45BDF1E9C1CEDFCD95E4944820F04E8.e.316/click - {}
COMMAND: GET /session/3c28004edfbf3c6cdcf5221cd875a4b1/screenshot - {}
RESULT: {}
RESULT: {}
COMMAND: POST /session/3c28004edfbf3c6cdcf5221cd875a4b1/element - {"using":"xpath","value":"//span[@id=\"application-addressmanagement-display-component---detailAdm--addressDetailDetailsName1\"]"}
COMMAND: GET /session/3c28004edfbf3c6cdcf5221cd875a4b1/screenshot - {}
RESULT: {}
RESULT: {"using":"xpath","value":"//span[@id=\"application-addressmanagement-display-component---detailAdm--addressDetailDetailsName1\"]"}
COMMAND: POST /session/3c28004edfbf3c6cdcf5221cd875a4b1/execute/sync - {"script":"<script> [8489 bytes]","args":[{"element-6066-11e4-a52e-4f735466cecf":"f.B144892EA8D4B745C91A45796582BC5B.d.B45BDF1E9C1CEDFCD95E4944820F04E8.e.396","ELEMENT":"f.B144892EA8D4B745C91A45796582BC5B.d.B45BDF1E9C1CEDFCD95E4944820F04E8.e.396"}]}
RESULT: {}
RESULT: {"script":"<script> [8489 bytes]","args":[{"element-6066-11e4-a52e-4f735466cecf":"f.B144892EA8D4B745C91A45796582BC5B.d.B45BDF1E9C1CEDFCD95E4944820F04E8.e.396","ELEMENT":"f.B144892EA8D4B745C91A45796582BC5B.d.B45BDF1E9C1CEDFCD95E4944820F04E8.e.396"}]}
COMMAND: GET /session/3c28004edfbf3c6cdcf5221cd875a4b1/screenshot - {}
]]></system-out>
    </testcase>
    <testcase classname="chrome.135_0_7049_96.windows.Assign_the_user_test_user_id_to_an_address" name="Should edit the title of the created found address" time="11.115">
      <system-out><![CDATA[
COMMAND: POST /session/3c28004edfbf3c6cdcf5221cd875a4b1/execute/async - {"script":"<script> [1562 bytes]","args":[{"selector":{"controlType":"sap.m.Button","viewName":"etm.portal.ui.addressmanagement.view.Detail","viewId":"application-addressmanagement-display-component---detailAdm","i18NText":{"propertyName":"text","key":"edit"}},"wdio_ui5_key":"etmportal.ui.addressmanagement.view.Detailsap.m.Button{\"propertyName\":\"text\",\"key\":\"edit\"}"}]}
RESULT: {"script":"<script> [1562 bytes]","args":[{"selector":{"controlType":"sap.m.Button","viewName":"etm.portal.ui.addressmanagement.view.Detail","viewId":"application-addressmanagement-display-component---detailAdm","i18NText":{"propertyName":"text","key":"edit"}},"wdio_ui5_key":"etmportal.ui.addressmanagement.view.Detailsap.m.Button{\"propertyName\":\"text\",\"key\":\"edit\"}"}]}
RESULT: undefined
COMMAND: POST /session/3c28004edfbf3c6cdcf5221cd875a4b1/element - {"using":"xpath","value":"//*[@id=\"__button16\"]"}
RESULT: {}
RESULT: {"using":"xpath","value":"//*[@id=\"__button16\"]"}
COMMAND: POST /session/3c28004edfbf3c6cdcf5221cd875a4b1/element/f.B144892EA8D4B745C91A45796582BC5B.d.B45BDF1E9C1CEDFCD95E4944820F04E8.e.403/click - {}
RESULT: {}
COMMAND: POST /session/3c28004edfbf3c6cdcf5221cd875a4b1/execute/async - {"script":"<script> [1562 bytes]","args":[{"selector":{"controlType":"sap.ui.core.Icon","viewName":"etm.portal.ui.addressmanagement.view.EditDetail","properties":{"src":{"regex":{"source":"slim\\-arrow\\-down"}}},"ancestor":{"id":"addressTitle","viewName":"etm.portal.ui.addressmanagement.view.EditDetail"}},"wdio_ui5_key":"etmportal.ui.addressmanagement.view.EditDetailsap.ui.core.Icon{\"src\":{\"regex\":{\"source\":\"slim\\\\-arrow\\\\-down\"}}}{\"id\":\"addressTitle\",\"viewName\":\"etm.portal.ui.addressmanagement.view.EditDetail\"}"}]}
COMMAND: GET /session/3c28004edfbf3c6cdcf5221cd875a4b1/screenshot - {}
RESULT: {"script":"<script> [1562 bytes]","args":[{"selector":{"controlType":"sap.ui.core.Icon","viewName":"etm.portal.ui.addressmanagement.view.EditDetail","properties":{"src":{"regex":{"source":"slim\\-arrow\\-down"}}},"ancestor":{"id":"addressTitle","viewName":"etm.portal.ui.addressmanagement.view.EditDetail"}},"wdio_ui5_key":"etmportal.ui.addressmanagement.view.EditDetailsap.ui.core.Icon{\"src\":{\"regex\":{\"source\":\"slim\\\\-arrow\\\\-down\"}}}{\"id\":\"addressTitle\",\"viewName\":\"etm.portal.ui.addressmanagement.view.EditDetail\"}"}]}
RESULT: undefined
COMMAND: POST /session/3c28004edfbf3c6cdcf5221cd875a4b1/element - {"using":"xpath","value":"//*[@id=\"__xmlview58--addressTitle-arrow\"]"}
RESULT: {}
RESULT: {"using":"xpath","value":"//*[@id=\"__xmlview58--addressTitle-arrow\"]"}
COMMAND: POST /session/3c28004edfbf3c6cdcf5221cd875a4b1/element/f.B144892EA8D4B745C91A45796582BC5B.d.B45BDF1E9C1CEDFCD95E4944820F04E8.e.456/click - {}
RESULT: {}
COMMAND: POST /session/3c28004edfbf3c6cdcf5221cd875a4b1/execute/async - {"script":"<script> [1562 bytes]","args":[{"selector":{"controlType":"sap.m.StandardListItem","viewName":"etm.portal.ui.addressmanagement.view.EditDetail","properties":{"title":"Dr."},"searchOpenDialogs":true},"wdio_ui5_key":"etmportal.ui.addressmanagement.view.EditDetailsap.m.StandardListItem{\"title\":\"Dr.\"}"}]}
COMMAND: GET /session/3c28004edfbf3c6cdcf5221cd875a4b1/screenshot - {}
RESULT: {"script":"<script> [1562 bytes]","args":[{"selector":{"controlType":"sap.m.StandardListItem","viewName":"etm.portal.ui.addressmanagement.view.EditDetail","properties":{"title":"Dr."},"searchOpenDialogs":true},"wdio_ui5_key":"etmportal.ui.addressmanagement.view.EditDetailsap.m.StandardListItem{\"title\":\"Dr.\"}"}]}
RESULT: undefined
COMMAND: POST /session/3c28004edfbf3c6cdcf5221cd875a4b1/element - {"using":"xpath","value":"//*[@id=\"__item229\"]"}
RESULT: {}
RESULT: {"using":"xpath","value":"//*[@id=\"__item229\"]"}
COMMAND: POST /session/3c28004edfbf3c6cdcf5221cd875a4b1/element/f.B144892EA8D4B745C91A45796582BC5B.d.B45BDF1E9C1CEDFCD95E4944820F04E8.e.458/click - {}
RESULT: {}
COMMAND: POST /session/3c28004edfbf3c6cdcf5221cd875a4b1/execute/async - {"script":"<script> [1562 bytes]","args":[{"selector":{"controlType":"sap.m.Button","viewName":"etm.portal.ui.addressmanagement.view.EditDetail","i18NText":{"propertyName":"text","key":"save"}},"wdio_ui5_key":"etmportal.ui.addressmanagement.view.EditDetailsap.m.Button{\"propertyName\":\"text\",\"key\":\"save\"}"}]}
COMMAND: GET /session/3c28004edfbf3c6cdcf5221cd875a4b1/screenshot - {}
RESULT: {"script":"<script> [1562 bytes]","args":[{"selector":{"controlType":"sap.m.Button","viewName":"etm.portal.ui.addressmanagement.view.EditDetail","i18NText":{"propertyName":"text","key":"save"}},"wdio_ui5_key":"etmportal.ui.addressmanagement.view.EditDetailsap.m.Button{\"propertyName\":\"text\",\"key\":\"save\"}"}]}
RESULT: undefined
COMMAND: POST /session/3c28004edfbf3c6cdcf5221cd875a4b1/element - {"using":"xpath","value":"//*[@id=\"__button39\"]"}
RESULT: {}
RESULT: {"using":"xpath","value":"//*[@id=\"__button39\"]"}
COMMAND: POST /session/3c28004edfbf3c6cdcf5221cd875a4b1/element/f.B144892EA8D4B745C91A45796582BC5B.d.B45BDF1E9C1CEDFCD95E4944820F04E8.e.459/click - {}
RESULT: {}
COMMAND: GET /session/3c28004edfbf3c6cdcf5221cd875a4b1/screenshot - {}
RESULT: {}
COMMAND: POST /session/3c28004edfbf3c6cdcf5221cd875a4b1/element - {"using":"xpath","value":"//span[@id=\"application-addressmanagement-display-component---detailAdm--addressTitle\"]"}
RESULT: {"using":"xpath","value":"//span[@id=\"application-addressmanagement-display-component---detailAdm--addressTitle\"]"}
COMMAND: GET /session/3c28004edfbf3c6cdcf5221cd875a4b1/element/f.B144892EA8D4B745C91A45796582BC5B.d.B45BDF1E9C1CEDFCD95E4944820F04E8.e.470/text - {}
RESULT: {}
COMMAND: POST /session/3c28004edfbf3c6cdcf5221cd875a4b1/element - {"using":"xpath","value":"//span[@id=\"application-addressmanagement-display-component---detailAdm--addressDetailDetailsName1\"]"}
RESULT: {"using":"xpath","value":"//span[@id=\"application-addressmanagement-display-component---detailAdm--addressDetailDetailsName1\"]"}
COMMAND: GET /session/3c28004edfbf3c6cdcf5221cd875a4b1/element/f.B144892EA8D4B745C91A45796582BC5B.d.B45BDF1E9C1CEDFCD95E4944820F04E8.e.396/text - {}
RESULT: {}
COMMAND: POST /session/3c28004edfbf3c6cdcf5221cd875a4b1/refresh - {}
RESULT: {}
COMMAND: GET /session/3c28004edfbf3c6cdcf5221cd875a4b1/screenshot - {}
RESULT: {}
COMMAND: POST /session/3c28004edfbf3c6cdcf5221cd875a4b1/refresh - {}
RESULT: {}
COMMAND: GET /session/3c28004edfbf3c6cdcf5221cd875a4b1/screenshot - {}
RESULT: {}
COMMAND: POST /session/3c28004edfbf3c6cdcf5221cd875a4b1/window/fullscreen - {}
RESULT: {}
COMMAND: POST /session/3c28004edfbf3c6cdcf5221cd875a4b1/execute/async - {"script":"<script> [189 bytes]","args":[]}
RESULT: {"script":"<script> [189 bytes]","args":[]}
COMMAND: POST /session/3c28004edfbf3c6cdcf5221cd875a4b1/execute/async - {"script":"<script> [123 bytes]","args":[]}
RESULT: {"script":"<script> [123 bytes]","args":[]}
COMMAND: POST /session/3c28004edfbf3c6cdcf5221cd875a4b1/timeouts - {"script":"<number>"}
RESULT: {"script":"<number>"}
COMMAND: GET /session/3c28004edfbf3c6cdcf5221cd875a4b1/timeouts - {}
RESULT: {}
RESULT: undefined
COMMAND: POST /session/3c28004edfbf3c6cdcf5221cd875a4b1/execute/async - {"script":"<script> [2676 bytes]","args":[]}
RESULT: {"script":"<script> [2676 bytes]","args":[]}
COMMAND: POST /session/3c28004edfbf3c6cdcf5221cd875a4b1/execute/async - {"script":"<script> [2342 bytes]","args":[{"protocol":"http","hostname":"0.0.0.0","path":"/","capabilities":{"browserName":"chrome","goog:chromeOptions":{"binary":"C:\\Program Files\\Google\\Chrome\\Application\\chrome.exe","args":["--start-maximized"]}},"logLevel":"warn","connectionRetryTimeout":120000,"connectionRetryCount":3,"logLevels":{},"enableDirectConnect":true,"strictSSL":true,"_":"65 more keys: [\"cacheDir\",\"port\",\"requestedCapabilities\",\"automationProtocol\",\"baseUrl\",\"waitforInterval\",\"waitforTimeout\",\"onReload\",\"beforeCommand\",\"afterCommand\",\"rootDir\",\"specs\",\"suites\",\"exclude\",\"groupLogsByTestSpec\",\"excludeDriverLogs\",\"bail\",\"framework\",\"reporters\",\"services\",\"maxInstances\",\"maxInstancesPerCapability\",\"injectGlobals\",\"filesToWatch\",\"execArgv\",\"runnerEnv\",\"runner\",\"shard\",\"specFileRetries\",\"specFileRetriesDelay\",\"specFileRetriesDeferred\",\"reporterSyncInterval\",\"reporterSyncTimeout\",\"cucumberFeaturesWithLineNumbers\",\"autoCompileOpts\",\"mochaOpts\",\"jasmineOpts\",\"cucumberOpts\",\"onPrepare\",\"onWorkerStart\",\"onWorkerEnd\",\"before\",\"beforeSession\",\"beforeSuite\",\"beforeHook\",\"beforeTest\",\"afterTest\",\"afterHook\",\"afterSuite\",\"afterSession\",\"after\",\"onComplete\",\"beforeAssertion\",\"afterAssertion\",\"beforeFeature\",\"beforeScenario\",\"beforeStep\",\"afterStep\",\"afterScenario\",\"afterFeature\",\"_\",\"suite\",\"$0\",\"ignoredWorkerServices\",\"wdi5\"]"}]}
RESULT: {"script":"<script> [2342 bytes]","args":[{"protocol":"http","hostname":"0.0.0.0","path":"/","capabilities":{"browserName":"chrome","goog:chromeOptions":{"binary":"C:\\Program Files\\Google\\Chrome\\Application\\chrome.exe","args":["--start-maximized"]}},"logLevel":"warn","connectionRetryTimeout":120000,"connectionRetryCount":3,"logLevels":{},"enableDirectConnect":true,"strictSSL":true,"_":"65 more keys: [\"cacheDir\",\"port\",\"requestedCapabilities\",\"automationProtocol\",\"baseUrl\",\"waitforInterval\",\"waitforTimeout\",\"onReload\",\"beforeCommand\",\"afterCommand\",\"rootDir\",\"specs\",\"suites\",\"exclude\",\"groupLogsByTestSpec\",\"excludeDriverLogs\",\"bail\",\"framework\",\"reporters\",\"services\",\"maxInstances\",\"maxInstancesPerCapability\",\"injectGlobals\",\"filesToWatch\",\"execArgv\",\"runnerEnv\",\"runner\",\"shard\",\"specFileRetries\",\"specFileRetriesDelay\",\"specFileRetriesDeferred\",\"reporterSyncInterval\",\"reporterSyncTimeout\",\"cucumberFeaturesWithLineNumbers\",\"autoCompileOpts\",\"mochaOpts\",\"jasmineOpts\",\"cucumberOpts\",\"onPrepare\",\"onWorkerStart\",\"onWorkerEnd\",\"before\",\"beforeSession\",\"beforeSuite\",\"beforeHook\",\"beforeTest\",\"afterTest\",\"afterHook\",\"afterSuite\",\"afterSession\",\"after\",\"onComplete\",\"beforeAssertion\",\"afterAssertion\",\"beforeFeature\",\"beforeScenario\",\"beforeStep\",\"afterStep\",\"afterScenario\",\"afterFeature\",\"_\",\"suite\",\"$0\",\"ignoredWorkerServices\",\"wdi5\"]"}]}
COMMAND: POST /session/3c28004edfbf3c6cdcf5221cd875a4b1/execute/async - {"script":"<script> [21126 bytes]","args":[35000]}
RESULT: {"script":"<script> [21126 bytes]","args":[35000]}
COMMAND: POST /session/3c28004edfbf3c6cdcf5221cd875a4b1/element - {"using":"css selector","value":"#shell-header-logo"}
RESULT: {"using":"css selector","value":"#shell-header-logo"}
COMMAND: POST /session/3c28004edfbf3c6cdcf5221cd875a4b1/element/f.B144892EA8D4B745C91A45796582BC5B.d.116F4F54531684ED8759665B74920757.e.1112/click - {}
RESULT: {}
COMMAND: GET /session/3c28004edfbf3c6cdcf5221cd875a4b1/screenshot - {}
RESULT: {}
COMMAND: POST /session/3c28004edfbf3c6cdcf5221cd875a4b1/execute/async - {"script":"<script> [1562 bytes]","args":[{"selector":{"controlType":"sap.m.GenericTile","properties":{"header":"Manage Yards"}},"wdio_ui5_key":"sapm.GenericTile{\"header\":\"Manage Yards\"}"}]}
RESULT: {"script":"<script> [1562 bytes]","args":[{"selector":{"controlType":"sap.m.GenericTile","properties":{"header":"Manage Yards"}},"wdio_ui5_key":"sapm.GenericTile{\"header\":\"Manage Yards\"}"}]}
RESULT: undefined
COMMAND: POST /session/3c28004edfbf3c6cdcf5221cd875a4b1/element - {"using":"xpath","value":"//*[@id=\"__tile52\"]"}
RESULT: {"using":"xpath","value":"//*[@id=\"__tile52\"]"}
COMMAND: POST /session/3c28004edfbf3c6cdcf5221cd875a4b1/element/f.B144892EA8D4B745C91A45796582BC5B.d.116F4F54531684ED8759665B74920757.e.1131/click - {}
RESULT: {}
]]></system-out>
    </testcase>
  </testsuite>
  <testsuite timestamp="2025-04-30T05:36:19" time="240.254" tests="2" failures="0" errors="0" skipped="0">
    <properties>
      <property name="specId" value="0" />
      <property name="suiteName" value="Create 2 Yards US112496" />
      <property name="capabilities" value="chrome.135_0_7049_96.windows" />
      <property name="file" value="file:///D:/a/1/s/test/specs/R2C/create-yard.spec.js" />
    </properties>
    <testcase classname="chrome.135_0_7049_96.windows.Create_2_Yards_US112496" name="Should create a new simple yard" time="114.255">
      <system-out><![CDATA[
COMMAND: GET /session/3c28004edfbf3c6cdcf5221cd875a4b1/screenshot - {}
RESULT: {}
COMMAND: POST /session/3c28004edfbf3c6cdcf5221cd875a4b1/execute/async - {"script":"<script> [1562 bytes]","args":[{"selector":{"controlType":"sap.ui.core.Icon","viewName":"etm.portal.ui.manageyards.view.Master","viewId":"application-manageyards-display-component---masterYard","properties":{"src":{"regex":{"source":"add"}}}},"wdio_ui5_key":"etmportal.ui.manageyards.view.Mastersap.ui.core.Icon{\"src\":{\"regex\":{\"source\":\"add\"}}}"}]}
RESULT: {"script":"<script> [1562 bytes]","args":[{"selector":{"controlType":"sap.ui.core.Icon","viewName":"etm.portal.ui.manageyards.view.Master","viewId":"application-manageyards-display-component---masterYard","properties":{"src":{"regex":{"source":"add"}}}},"wdio_ui5_key":"etmportal.ui.manageyards.view.Mastersap.ui.core.Icon{\"src\":{\"regex\":{\"source\":\"add\"}}}"}]}
RESULT: undefined
COMMAND: POST /session/3c28004edfbf3c6cdcf5221cd875a4b1/element - {"using":"xpath","value":"//*[@id=\"__button25-img\"]"}
RESULT: {"using":"xpath","value":"//*[@id=\"__button25-img\"]"}
COMMAND: POST /session/3c28004edfbf3c6cdcf5221cd875a4b1/element/f.B144892EA8D4B745C91A45796582BC5B.d.116F4F54531684ED8759665B74920757.e.1179/click - {}
RESULT: {}
COMMAND: GET /session/3c28004edfbf3c6cdcf5221cd875a4b1/screenshot - {}
RESULT: {}
COMMAND: POST /session/3c28004edfbf3c6cdcf5221cd875a4b1/execute/async - {"script":"<script> [1562 bytes]","args":[{"selector":{"id":"application-manageyards-display-component---NewYard--yardId","interaction":{"idSuffix":"inner"}},"wdio_ui5_key":"applicationmanageyards-display-component---NewYard--yardId"}]}
RESULT: {"script":"<script> [1562 bytes]","args":[{"selector":{"id":"application-manageyards-display-component---NewYard--yardId","interaction":{"idSuffix":"inner"}},"wdio_ui5_key":"applicationmanageyards-display-component---NewYard--yardId"}]}
RESULT: undefined
COMMAND: POST /session/3c28004edfbf3c6cdcf5221cd875a4b1/element - {"using":"xpath","value":"//*[@id=\"application-manageyards-display-component---NewYard--addressDetailDetailsName1-inner\"]"}
RESULT: {"using":"xpath","value":"//*[@id=\"application-manageyards-display-component---NewYard--addressDetailDetailsName1-inner\"]"}
COMMAND: POST /session/3c28004edfbf3c6cdcf5221cd875a4b1/element/f.B144892EA8D4B745C91A45796582BC5B.d.116F4F54531684ED8759665B74920757.e.1405/clear - {}
RESULT: {}
COMMAND: POST /session/3c28004edfbf3c6cdcf5221cd875a4b1/element/f.B144892EA8D4B745C91A45796582BC5B.d.116F4F54531684ED8759665B74920757.e.1405/value - {"text":"Webdriver Yard stssai"}
COMMAND: GET /session/3c28004edfbf3c6cdcf5221cd875a4b1/screenshot - {}
RESULT: {"text":"Webdriver Yard stssai"}
COMMAND: POST /session/3c28004edfbf3c6cdcf5221cd875a4b1/element - {"using":"xpath","value":"//*[@id=\"application-manageyards-display-component---NewYard--addressDetailDetailsLanguage-inner\"]"}
COMMAND: GET /session/3c28004edfbf3c6cdcf5221cd875a4b1/screenshot - {}
RESULT: {}
RESULT: {"using":"xpath","value":"//*[@id=\"application-manageyards-display-component---NewYard--addressDetailDetailsLanguage-inner\"]"}
COMMAND: POST /session/3c28004edfbf3c6cdcf5221cd875a4b1/element/f.B144892EA8D4B745C91A45796582BC5B.d.116F4F54531684ED8759665B74920757.e.1406/clear - {}
RESULT: {}
RESULT: {}
COMMAND: POST /session/3c28004edfbf3c6cdcf5221cd875a4b1/element/f.B144892EA8D4B745C91A45796582BC5B.d.116F4F54531684ED8759665B74920757.e.1406/value - {"text":"Romanian"}
COMMAND: GET /session/3c28004edfbf3c6cdcf5221cd875a4b1/screenshot - {}
RESULT: {"text":"Romanian"}
COMMAND: GET /session/3c28004edfbf3c6cdcf5221cd875a4b1/screenshot - {}
RESULT: {}
RESULT: {}
COMMAND: POST /session/3c28004edfbf3c6cdcf5221cd875a4b1/element - {"using":"xpath","value":"//*[@id=\"application-manageyards-display-component---NewYard--addressDetailDetailsCity1-inner\"]"}
RESULT: {"using":"xpath","value":"//*[@id=\"application-manageyards-display-component---NewYard--addressDetailDetailsCity1-inner\"]"}
COMMAND: POST /session/3c28004edfbf3c6cdcf5221cd875a4b1/element/f.B144892EA8D4B745C91A45796582BC5B.d.116F4F54531684ED8759665B74920757.e.1408/clear - {}
RESULT: {}
COMMAND: POST /session/3c28004edfbf3c6cdcf5221cd875a4b1/element/f.B144892EA8D4B745C91A45796582BC5B.d.116F4F54531684ED8759665B74920757.e.1408/value - {"text":"Bucuresti"}
COMMAND: GET /session/3c28004edfbf3c6cdcf5221cd875a4b1/screenshot - {}
RESULT: {"text":"Bucuresti"}
COMMAND: GET /session/3c28004edfbf3c6cdcf5221cd875a4b1/screenshot - {}
RESULT: {}
RESULT: {}
COMMAND: POST /session/3c28004edfbf3c6cdcf5221cd875a4b1/element - {"using":"xpath","value":"//*[@id=\"application-manageyards-display-component---NewYard--addressDetailDetailsCountry-inner\"]"}
RESULT: {"using":"xpath","value":"//*[@id=\"application-manageyards-display-component---NewYard--addressDetailDetailsCountry-inner\"]"}
COMMAND: POST /session/3c28004edfbf3c6cdcf5221cd875a4b1/element/f.B144892EA8D4B745C91A45796582BC5B.d.116F4F54531684ED8759665B74920757.e.1412/clear - {}
RESULT: {}
COMMAND: POST /session/3c28004edfbf3c6cdcf5221cd875a4b1/element/f.B144892EA8D4B745C91A45796582BC5B.d.116F4F54531684ED8759665B74920757.e.1412/value - {"text":"Romania"}
COMMAND: GET /session/3c28004edfbf3c6cdcf5221cd875a4b1/screenshot - {}
RESULT: {"text":"Romania"}
COMMAND: GET /session/3c28004edfbf3c6cdcf5221cd875a4b1/screenshot - {}
RESULT: {}
RESULT: {}
COMMAND: POST /session/3c28004edfbf3c6cdcf5221cd875a4b1/element - {"using":"xpath","value":"//div[contains(text(), \"Commercial\")]"}
RESULT: {"using":"xpath","value":"//div[contains(text(), \"Commercial\")]"}
COMMAND: GET /session/3c28004edfbf3c6cdcf5221cd875a4b1/element/f.B144892EA8D4B745C91A45796582BC5B.d.116F4F54531684ED8759665B74920757.e.1594/rect - {}
RESULT: {}
COMMAND: GET /session/3c28004edfbf3c6cdcf5221cd875a4b1/window/rect - {}
RESULT: {}
COMMAND: POST /session/3c28004edfbf3c6cdcf5221cd875a4b1/execute/sync - {"script":"<script> [92 bytes]","args":[]}
RESULT: {"script":"<script> [92 bytes]","args":[]}
COMMAND: POST /session/3c28004edfbf3c6cdcf5221cd875a4b1/actions - {"actions":[{"id":"action2","type":"wheel","parameters":{},"actions":[{"type":"scroll","x":-1825,"y":-44,"deltaX":0,"deltaY":0,"duration":0,"origin":{"element-6066-11e4-a52e-4f735466cecf":"f.B144892EA8D4B745C91A45796582BC5B.d.116F4F54531684ED8759665B74920757.e.1594"}}]}]}
COMMAND: GET /session/3c28004edfbf3c6cdcf5221cd875a4b1/screenshot - {}
RESULT: {}
COMMAND: POST /session/3c28004edfbf3c6cdcf5221cd875a4b1/execute/sync - {"script":"<script> [79 bytes]","args":[{"element-6066-11e4-a52e-4f735466cecf":"f.B144892EA8D4B745C91A45796582BC5B.d.116F4F54531684ED8759665B74920757.e.1594","ELEMENT":"f.B144892EA8D4B745C91A45796582BC5B.d.116F4F54531684ED8759665B74920757.e.1594"},{"block":"start","inline":"nearest"}]}
RESULT: {"script":"<script> [79 bytes]","args":[{"element-6066-11e4-a52e-4f735466cecf":"f.B144892EA8D4B745C91A45796582BC5B.d.116F4F54531684ED8759665B74920757.e.1594","ELEMENT":"f.B144892EA8D4B745C91A45796582BC5B.d.116F4F54531684ED8759665B74920757.e.1594"},{"block":"start","inline":"nearest"}]}
COMMAND: GET /session/3c28004edfbf3c6cdcf5221cd875a4b1/screenshot - {}
RESULT: {}
COMMAND: POST /session/3c28004edfbf3c6cdcf5221cd875a4b1/element - {"using":"xpath","value":"//input[@id='application-manageyards-display-component---NewYard--addressEditDetailsCostObjectCstType-inner']"}
RESULT: {"using":"xpath","value":"//input[@id='application-manageyards-display-component---NewYard--addressEditDetailsCostObjectCstType-inner']"}
COMMAND: POST /session/3c28004edfbf3c6cdcf5221cd875a4b1/execute/sync - {"script":"<script> [8489 bytes]","args":[{"element-6066-11e4-a52e-4f735466cecf":"f.B144892EA8D4B745C91A45796582BC5B.d.116F4F54531684ED8759665B74920757.e.1418","ELEMENT":"f.B144892EA8D4B745C91A45796582BC5B.d.116F4F54531684ED8759665B74920757.e.1418"}]}
RESULT: {"script":"<script> [8489 bytes]","args":[{"element-6066-11e4-a52e-4f735466cecf":"f.B144892EA8D4B745C91A45796582BC5B.d.116F4F54531684ED8759665B74920757.e.1418","ELEMENT":"f.B144892EA8D4B745C91A45796582BC5B.d.116F4F54531684ED8759665B74920757.e.1418"}]}
COMMAND: POST /session/3c28004edfbf3c6cdcf5221cd875a4b1/element/f.B144892EA8D4B745C91A45796582BC5B.d.116F4F54531684ED8759665B74920757.e.1418/clear - {}
COMMAND: GET /session/3c28004edfbf3c6cdcf5221cd875a4b1/screenshot - {}
RESULT: {}
COMMAND: POST /session/3c28004edfbf3c6cdcf5221cd875a4b1/element/f.B144892EA8D4B745C91A45796582BC5B.d.116F4F54531684ED8759665B74920757.e.1418/value - {"text":"Cost"}
COMMAND: GET /session/3c28004edfbf3c6cdcf5221cd875a4b1/screenshot - {}
RESULT: {}
RESULT: {"text":"Cost"}
COMMAND: GET /session/3c28004edfbf3c6cdcf5221cd875a4b1/screenshot - {}
RESULT: {}
RESULT: {}
COMMAND: POST /session/3c28004edfbf3c6cdcf5221cd875a4b1/execute/async - {"script":"<script> [1562 bytes]","args":[{"selector":{"id":"application-manageyards-display-component---NewYard--addressNewCostObjectCstID","interaction":{"idSuffix":"inner"}},"wdio_ui5_key":"applicationmanageyards-display-component---NewYard--addressNewCostObjectCstID"}]}
RESULT: {"script":"<script> [1562 bytes]","args":[{"selector":{"id":"application-manageyards-display-component---NewYard--addressNewCostObjectCstID","interaction":{"idSuffix":"inner"}},"wdio_ui5_key":"applicationmanageyards-display-component---NewYard--addressNewCostObjectCstID"}]}
RESULT: undefined
COMMAND: POST /session/3c28004edfbf3c6cdcf5221cd875a4b1/execute/async - {"script":"<script> [776 bytes]","args":[{"enterText":"10001013","selector":{"id":"application-manageyards-display-component---NewYard--addressNewCostObjectCstID","interaction":{"idSuffix":"inner"}},"clearTextFirst":true,"interactionType":"ENTER_TEXT"}]}
RESULT: {"script":"<script> [776 bytes]","args":[{"enterText":"10001013","selector":{"id":"application-manageyards-display-component---NewYard--addressNewCostObjectCstID","interaction":{"idSuffix":"inner"}},"clearTextFirst":true,"interactionType":"ENTER_TEXT"}]}
COMMAND: POST /session/3c28004edfbf3c6cdcf5221cd875a4b1/actions - {"actions":[{"id":"action3","type":"key","parameters":{},"actions":[{"type":"keyDown","value":"î€‡"},{"type":"pause","duration":10},{"type":"keyUp","value":"î€‡"}]}]}
RESULT: {"actions":[{"id":"action3","type":"key","parameters":{},"actions":[{"type":"keyDown","value":"î€‡"},{"type":"pause","duration":10},{"type":"keyUp","value":"î€‡"}]}]}
COMMAND: GET /session/3c28004edfbf3c6cdcf5221cd875a4b1/screenshot - {}
RESULT: {}
COMMAND: POST /session/3c28004edfbf3c6cdcf5221cd875a4b1/execute/async - {"script":"<script> [1562 bytes]","args":[{"selector":{"controlType":"sap.m.Button","viewName":"etm.portal.ui.manageyards.view.New","viewId":"application-manageyards-display-component---NewYard","i18NText":{"propertyName":"text","key":"save"},"interaction":{"idSuffix":"inner"}},"wdio_ui5_key":"etmportal.ui.manageyards.view.Newsap.m.Button{\"propertyName\":\"text\",\"key\":\"save\"}"}]}
RESULT: {"script":"<script> [1562 bytes]","args":[{"selector":{"controlType":"sap.m.Button","viewName":"etm.portal.ui.manageyards.view.New","viewId":"application-manageyards-display-component---NewYard","i18NText":{"propertyName":"text","key":"save"},"interaction":{"idSuffix":"inner"}},"wdio_ui5_key":"etmportal.ui.manageyards.view.Newsap.m.Button{\"propertyName\":\"text\",\"key\":\"save\"}"}]}
RESULT: undefined
COMMAND: POST /session/3c28004edfbf3c6cdcf5221cd875a4b1/element - {"using":"xpath","value":"//*[@id=\"__button39\"]"}
RESULT: {"using":"xpath","value":"//*[@id=\"__button39\"]"}
COMMAND: POST /session/3c28004edfbf3c6cdcf5221cd875a4b1/element/f.B144892EA8D4B745C91A45796582BC5B.d.116F4F54531684ED8759665B74920757.e.1572/click - {}
RESULT: {}
COMMAND: GET /session/3c28004edfbf3c6cdcf5221cd875a4b1/screenshot - {}
RESULT: {}
COMMAND: POST /session/3c28004edfbf3c6cdcf5221cd875a4b1/element - {"using":"xpath","value":"//header/div/div/div/div/div/div[2]/div/span"}
RESULT: {"using":"xpath","value":"//header/div/div/div/div/div/div[2]/div/span"}
COMMAND: GET /session/3c28004edfbf3c6cdcf5221cd875a4b1/element/f.B144892EA8D4B745C91A45796582BC5B.d.116F4F54531684ED8759665B74920757.e.1814/text - {}
RESULT: {}
COMMAND: POST /session/3c28004edfbf3c6cdcf5221cd875a4b1/element - {"using":"xpath","value":"//header/div/div[2]/div[2]/span"}
RESULT: {"using":"xpath","value":"//header/div/div[2]/div[2]/span"}
COMMAND: GET /session/3c28004edfbf3c6cdcf5221cd875a4b1/element/f.B144892EA8D4B745C91A45796582BC5B.d.116F4F54531684ED8759665B74920757.e.1815/text - {}
RESULT: {}
COMMAND: POST /session/3c28004edfbf3c6cdcf5221cd875a4b1/execute/async - {"script":"<script> [1562 bytes]","args":[{"selector":{"controlType":"sap.m.OverflowToolbarButton","viewName":"etm.portal.ui.manageyards.view.Detail","viewId":"application-manageyards-display-component---detailYard","i18NText":{"propertyName":"tooltip","key":"closeColumn"},"interaction":{"idSuffix":"inner"}},"wdio_ui5_key":"etmportal.ui.manageyards.view.Detailsap.m.OverflowToolbarButton{\"propertyName\":\"tooltip\",\"key\":\"closeColumn\"}"}]}
RESULT: {"script":"<script> [1562 bytes]","args":[{"selector":{"controlType":"sap.m.OverflowToolbarButton","viewName":"etm.portal.ui.manageyards.view.Detail","viewId":"application-manageyards-display-component---detailYard","i18NText":{"propertyName":"tooltip","key":"closeColumn"},"interaction":{"idSuffix":"inner"}},"wdio_ui5_key":"etmportal.ui.manageyards.view.Detailsap.m.OverflowToolbarButton{\"propertyName\":\"tooltip\",\"key\":\"closeColumn\"}"}]}
RESULT: undefined
COMMAND: POST /session/3c28004edfbf3c6cdcf5221cd875a4b1/element - {"using":"xpath","value":"//*[@id=\"__button62\"]"}
RESULT: {"using":"xpath","value":"//*[@id=\"__button62\"]"}
COMMAND: POST /session/3c28004edfbf3c6cdcf5221cd875a4b1/element/f.B144892EA8D4B745C91A45796582BC5B.d.116F4F54531684ED8759665B74920757.e.1818/click - {}
RESULT: {}
COMMAND: POST /session/3c28004edfbf3c6cdcf5221cd875a4b1/refresh - {}
COMMAND: GET /session/3c28004edfbf3c6cdcf5221cd875a4b1/screenshot - {}
RESULT: {}
COMMAND: GET /session/3c28004edfbf3c6cdcf5221cd875a4b1/screenshot - {}
RESULT: {}
RESULT: {}
COMMAND: POST /session/3c28004edfbf3c6cdcf5221cd875a4b1/refresh - {}
RESULT: {}
COMMAND: GET /session/3c28004edfbf3c6cdcf5221cd875a4b1/screenshot - {}
RESULT: {}
COMMAND: POST /session/3c28004edfbf3c6cdcf5221cd875a4b1/window/fullscreen - {}
RESULT: {}
COMMAND: POST /session/3c28004edfbf3c6cdcf5221cd875a4b1/execute/async - {"script":"<script> [189 bytes]","args":[]}
RESULT: {"script":"<script> [189 bytes]","args":[]}
COMMAND: POST /session/3c28004edfbf3c6cdcf5221cd875a4b1/execute/async - {"script":"<script> [123 bytes]","args":[]}
RESULT: {"script":"<script> [123 bytes]","args":[]}
COMMAND: POST /session/3c28004edfbf3c6cdcf5221cd875a4b1/timeouts - {"script":"<number>"}
RESULT: {"script":"<number>"}
COMMAND: GET /session/3c28004edfbf3c6cdcf5221cd875a4b1/timeouts - {}
RESULT: {}
RESULT: undefined
COMMAND: POST /session/3c28004edfbf3c6cdcf5221cd875a4b1/execute/async - {"script":"<script> [2676 bytes]","args":[]}
RESULT: {"script":"<script> [2676 bytes]","args":[]}
COMMAND: POST /session/3c28004edfbf3c6cdcf5221cd875a4b1/execute/async - {"script":"<script> [2342 bytes]","args":[{"protocol":"http","hostname":"0.0.0.0","path":"/","capabilities":{"browserName":"chrome","goog:chromeOptions":{"binary":"C:\\Program Files\\Google\\Chrome\\Application\\chrome.exe","args":["--start-maximized"]}},"logLevel":"warn","connectionRetryTimeout":120000,"connectionRetryCount":3,"logLevels":{},"enableDirectConnect":true,"strictSSL":true,"_":"65 more keys: [\"cacheDir\",\"port\",\"requestedCapabilities\",\"automationProtocol\",\"baseUrl\",\"waitforInterval\",\"waitforTimeout\",\"onReload\",\"beforeCommand\",\"afterCommand\",\"rootDir\",\"specs\",\"suites\",\"exclude\",\"groupLogsByTestSpec\",\"excludeDriverLogs\",\"bail\",\"framework\",\"reporters\",\"services\",\"maxInstances\",\"maxInstancesPerCapability\",\"injectGlobals\",\"filesToWatch\",\"execArgv\",\"runnerEnv\",\"runner\",\"shard\",\"specFileRetries\",\"specFileRetriesDelay\",\"specFileRetriesDeferred\",\"reporterSyncInterval\",\"reporterSyncTimeout\",\"cucumberFeaturesWithLineNumbers\",\"autoCompileOpts\",\"mochaOpts\",\"jasmineOpts\",\"cucumberOpts\",\"onPrepare\",\"onWorkerStart\",\"onWorkerEnd\",\"before\",\"beforeSession\",\"beforeSuite\",\"beforeHook\",\"beforeTest\",\"afterTest\",\"afterHook\",\"afterSuite\",\"afterSession\",\"after\",\"onComplete\",\"beforeAssertion\",\"afterAssertion\",\"beforeFeature\",\"beforeScenario\",\"beforeStep\",\"afterStep\",\"afterScenario\",\"afterFeature\",\"_\",\"suite\",\"$0\",\"ignoredWorkerServices\",\"wdi5\"]"}]}
RESULT: {"script":"<script> [2342 bytes]","args":[{"protocol":"http","hostname":"0.0.0.0","path":"/","capabilities":{"browserName":"chrome","goog:chromeOptions":{"binary":"C:\\Program Files\\Google\\Chrome\\Application\\chrome.exe","args":["--start-maximized"]}},"logLevel":"warn","connectionRetryTimeout":120000,"connectionRetryCount":3,"logLevels":{},"enableDirectConnect":true,"strictSSL":true,"_":"65 more keys: [\"cacheDir\",\"port\",\"requestedCapabilities\",\"automationProtocol\",\"baseUrl\",\"waitforInterval\",\"waitforTimeout\",\"onReload\",\"beforeCommand\",\"afterCommand\",\"rootDir\",\"specs\",\"suites\",\"exclude\",\"groupLogsByTestSpec\",\"excludeDriverLogs\",\"bail\",\"framework\",\"reporters\",\"services\",\"maxInstances\",\"maxInstancesPerCapability\",\"injectGlobals\",\"filesToWatch\",\"execArgv\",\"runnerEnv\",\"runner\",\"shard\",\"specFileRetries\",\"specFileRetriesDelay\",\"specFileRetriesDeferred\",\"reporterSyncInterval\",\"reporterSyncTimeout\",\"cucumberFeaturesWithLineNumbers\",\"autoCompileOpts\",\"mochaOpts\",\"jasmineOpts\",\"cucumberOpts\",\"onPrepare\",\"onWorkerStart\",\"onWorkerEnd\",\"before\",\"beforeSession\",\"beforeSuite\",\"beforeHook\",\"beforeTest\",\"afterTest\",\"afterHook\",\"afterSuite\",\"afterSession\",\"after\",\"onComplete\",\"beforeAssertion\",\"afterAssertion\",\"beforeFeature\",\"beforeScenario\",\"beforeStep\",\"afterStep\",\"afterScenario\",\"afterFeature\",\"_\",\"suite\",\"$0\",\"ignoredWorkerServices\",\"wdi5\"]"}]}
COMMAND: POST /session/3c28004edfbf3c6cdcf5221cd875a4b1/execute/async - {"script":"<script> [21126 bytes]","args":[35000]}
RESULT: {"script":"<script> [21126 bytes]","args":[35000]}
]]></system-out>
    </testcase>
    <testcase classname="chrome.135_0_7049_96.windows.Create_2_Yards_US112496" name="Should create a WHM yard" time="67.481">
      <system-out><![CDATA[
COMMAND: POST /session/3c28004edfbf3c6cdcf5221cd875a4b1/execute/async - {"script":"<script> [1562 bytes]","args":[{"selector":{"controlType":"sap.ui.core.Icon","viewName":"etm.portal.ui.manageyards.view.Master","viewId":"application-manageyards-display-component---masterYard","properties":{"src":{"regex":{"source":"add"}}}},"wdio_ui5_key":"etmportal.ui.manageyards.view.Mastersap.ui.core.Icon{\"src\":{\"regex\":{\"source\":\"add\"}}}"}]}
RESULT: {"script":"<script> [1562 bytes]","args":[{"selector":{"controlType":"sap.ui.core.Icon","viewName":"etm.portal.ui.manageyards.view.Master","viewId":"application-manageyards-display-component---masterYard","properties":{"src":{"regex":{"source":"add"}}}},"wdio_ui5_key":"etmportal.ui.manageyards.view.Mastersap.ui.core.Icon{\"src\":{\"regex\":{\"source\":\"add\"}}}"}]}
RESULT: undefined
COMMAND: POST /session/3c28004edfbf3c6cdcf5221cd875a4b1/element - {"using":"xpath","value":"//*[@id=\"__button9-img\"]"}
RESULT: {"using":"xpath","value":"//*[@id=\"__button9-img\"]"}
COMMAND: POST /session/3c28004edfbf3c6cdcf5221cd875a4b1/element/f.B144892EA8D4B745C91A45796582BC5B.d.4A8B262A6B75EF1A3E27C1F0E7B346F0.e.2616/click - {}
RESULT: {}
COMMAND: GET /session/3c28004edfbf3c6cdcf5221cd875a4b1/screenshot - {}
RESULT: {}
COMMAND: POST /session/3c28004edfbf3c6cdcf5221cd875a4b1/execute/async - {"script":"<script> [1562 bytes]","args":[{"selector":{"id":"application-manageyards-display-component---NewYard--yardId","interaction":{"idSuffix":"inner"}},"wdio_ui5_key":"applicationmanageyards-display-component---NewYard--yardId"}]}
RESULT: {"script":"<script> [1562 bytes]","args":[{"selector":{"id":"application-manageyards-display-component---NewYard--yardId","interaction":{"idSuffix":"inner"}},"wdio_ui5_key":"applicationmanageyards-display-component---NewYard--yardId"}]}
RESULT: undefined
COMMAND: POST /session/3c28004edfbf3c6cdcf5221cd875a4b1/element - {"using":"xpath","value":"//*[@id=\"application-manageyards-display-component---NewYard--addressDetailDetailsName1-inner\"]"}
RESULT: {"using":"xpath","value":"//*[@id=\"application-manageyards-display-component---NewYard--addressDetailDetailsName1-inner\"]"}
COMMAND: POST /session/3c28004edfbf3c6cdcf5221cd875a4b1/element/f.B144892EA8D4B745C91A45796582BC5B.d.4A8B262A6B75EF1A3E27C1F0E7B346F0.e.2803/clear - {}
RESULT: {}
COMMAND: POST /session/3c28004edfbf3c6cdcf5221cd875a4b1/element/f.B144892EA8D4B745C91A45796582BC5B.d.4A8B262A6B75EF1A3E27C1F0E7B346F0.e.2803/value - {"text":"Webdriver WHM Yard 3zxzh"}
COMMAND: GET /session/3c28004edfbf3c6cdcf5221cd875a4b1/screenshot - {}
RESULT: {}
RESULT: {"text":"Webdriver WHM Yard 3zxzh"}
COMMAND: POST /session/3c28004edfbf3c6cdcf5221cd875a4b1/element - {"using":"xpath","value":"//*[@id=\"application-manageyards-display-component---NewYard--addressDetailDetailsLanguage-inner\"]"}
COMMAND: GET /session/3c28004edfbf3c6cdcf5221cd875a4b1/screenshot - {}
RESULT: {"using":"xpath","value":"//*[@id=\"application-manageyards-display-component---NewYard--addressDetailDetailsLanguage-inner\"]"}
COMMAND: POST /session/3c28004edfbf3c6cdcf5221cd875a4b1/element/f.B144892EA8D4B745C91A45796582BC5B.d.4A8B262A6B75EF1A3E27C1F0E7B346F0.e.2804/clear - {}
RESULT: {}
RESULT: {}
COMMAND: POST /session/3c28004edfbf3c6cdcf5221cd875a4b1/element/f.B144892EA8D4B745C91A45796582BC5B.d.4A8B262A6B75EF1A3E27C1F0E7B346F0.e.2804/value - {"text":"Romanian"}
COMMAND: GET /session/3c28004edfbf3c6cdcf5221cd875a4b1/screenshot - {}
RESULT: {"text":"Romanian"}
COMMAND: GET /session/3c28004edfbf3c6cdcf5221cd875a4b1/screenshot - {}
RESULT: {}
RESULT: {}
COMMAND: POST /session/3c28004edfbf3c6cdcf5221cd875a4b1/element - {"using":"xpath","value":"//*[@id=\"application-manageyards-display-component---NewYard--addressDetailDetailsCity1-inner\"]"}
RESULT: {"using":"xpath","value":"//*[@id=\"application-manageyards-display-component---NewYard--addressDetailDetailsCity1-inner\"]"}
COMMAND: POST /session/3c28004edfbf3c6cdcf5221cd875a4b1/element/f.B144892EA8D4B745C91A45796582BC5B.d.4A8B262A6B75EF1A3E27C1F0E7B346F0.e.2806/clear - {}
RESULT: {}
COMMAND: POST /session/3c28004edfbf3c6cdcf5221cd875a4b1/element/f.B144892EA8D4B745C91A45796582BC5B.d.4A8B262A6B75EF1A3E27C1F0E7B346F0.e.2806/value - {"text":"Bucuresti"}
COMMAND: GET /session/3c28004edfbf3c6cdcf5221cd875a4b1/screenshot - {}
RESULT: {"text":"Bucuresti"}
COMMAND: GET /session/3c28004edfbf3c6cdcf5221cd875a4b1/screenshot - {}
RESULT: {}
RESULT: {}
COMMAND: POST /session/3c28004edfbf3c6cdcf5221cd875a4b1/element - {"using":"xpath","value":"//*[@id=\"application-manageyards-display-component---NewYard--addressDetailDetailsCountry-inner\"]"}
RESULT: {"using":"xpath","value":"//*[@id=\"application-manageyards-display-component---NewYard--addressDetailDetailsCountry-inner\"]"}
COMMAND: POST /session/3c28004edfbf3c6cdcf5221cd875a4b1/element/f.B144892EA8D4B745C91A45796582BC5B.d.4A8B262A6B75EF1A3E27C1F0E7B346F0.e.2810/clear - {}
RESULT: {}
COMMAND: POST /session/3c28004edfbf3c6cdcf5221cd875a4b1/element/f.B144892EA8D4B745C91A45796582BC5B.d.4A8B262A6B75EF1A3E27C1F0E7B346F0.e.2810/value - {"text":"Romania"}
COMMAND: GET /session/3c28004edfbf3c6cdcf5221cd875a4b1/screenshot - {}
RESULT: {"text":"Romania"}
COMMAND: GET /session/3c28004edfbf3c6cdcf5221cd875a4b1/screenshot - {}
RESULT: {}
RESULT: {}
COMMAND: POST /session/3c28004edfbf3c6cdcf5221cd875a4b1/execute/async - {"script":"<script> [1562 bytes]","args":[{"selector":{"controlType":"sap.m.Button","viewName":"etm.portal.ui.manageyards.view.New","viewId":"application-manageyards-display-component---NewYard","properties":{"text":"Commercial"},"interaction":{"idSuffix":"BDI-content"}},"wdio_ui5_key":"etmportal.ui.manageyards.view.Newsap.m.Button{\"text\":\"Commercial\"}"}]}
RESULT: {"script":"<script> [1562 bytes]","args":[{"selector":{"controlType":"sap.m.Button","viewName":"etm.portal.ui.manageyards.view.New","viewId":"application-manageyards-display-component---NewYard","properties":{"text":"Commercial"},"interaction":{"idSuffix":"BDI-content"}},"wdio_ui5_key":"etmportal.ui.manageyards.view.Newsap.m.Button{\"text\":\"Commercial\"}"}]}
RESULT: undefined
COMMAND: POST /session/3c28004edfbf3c6cdcf5221cd875a4b1/element - {"using":"xpath","value":"//*[@id=\"application-manageyards-display-component---NewYard--ObjectPageLayout-anchBar-__section18-anchor\"]"}
RESULT: {"using":"xpath","value":"//*[@id=\"application-manageyards-display-component---NewYard--ObjectPageLayout-anchBar-__section18-anchor\"]"}
COMMAND: POST /session/3c28004edfbf3c6cdcf5221cd875a4b1/element/f.B144892EA8D4B745C91A45796582BC5B.d.4A8B262A6B75EF1A3E27C1F0E7B346F0.e.2955/click - {}
RESULT: {}
COMMAND: GET /session/3c28004edfbf3c6cdcf5221cd875a4b1/screenshot - {}
RESULT: {}
COMMAND: POST /session/3c28004edfbf3c6cdcf5221cd875a4b1/element - {"using":"xpath","value":"//input[@id='application-manageyards-display-component---NewYard--addressEditDetailsCostObjectCstType-inner']"}
RESULT: {"using":"xpath","value":"//input[@id='application-manageyards-display-component---NewYard--addressEditDetailsCostObjectCstType-inner']"}
COMMAND: POST /session/3c28004edfbf3c6cdcf5221cd875a4b1/execute/sync - {"script":"<script> [8489 bytes]","args":[{"element-6066-11e4-a52e-4f735466cecf":"f.B144892EA8D4B745C91A45796582BC5B.d.4A8B262A6B75EF1A3E27C1F0E7B346F0.e.2816","ELEMENT":"f.B144892EA8D4B745C91A45796582BC5B.d.4A8B262A6B75EF1A3E27C1F0E7B346F0.e.2816"}]}
RESULT: {"script":"<script> [8489 bytes]","args":[{"element-6066-11e4-a52e-4f735466cecf":"f.B144892EA8D4B745C91A45796582BC5B.d.4A8B262A6B75EF1A3E27C1F0E7B346F0.e.2816","ELEMENT":"f.B144892EA8D4B745C91A45796582BC5B.d.4A8B262A6B75EF1A3E27C1F0E7B346F0.e.2816"}]}
COMMAND: POST /session/3c28004edfbf3c6cdcf5221cd875a4b1/element/f.B144892EA8D4B745C91A45796582BC5B.d.4A8B262A6B75EF1A3E27C1F0E7B346F0.e.2816/clear - {}
COMMAND: GET /session/3c28004edfbf3c6cdcf5221cd875a4b1/screenshot - {}
RESULT: {}
COMMAND: POST /session/3c28004edfbf3c6cdcf5221cd875a4b1/element/f.B144892EA8D4B745C91A45796582BC5B.d.4A8B262A6B75EF1A3E27C1F0E7B346F0.e.2816/value - {"text":"Cost"}
COMMAND: GET /session/3c28004edfbf3c6cdcf5221cd875a4b1/screenshot - {}
RESULT: {}
RESULT: {"text":"Cost"}
COMMAND: GET /session/3c28004edfbf3c6cdcf5221cd875a4b1/screenshot - {}
RESULT: {}
RESULT: {}
COMMAND: POST /session/3c28004edfbf3c6cdcf5221cd875a4b1/execute/async - {"script":"<script> [1562 bytes]","args":[{"selector":{"id":"application-manageyards-display-component---NewYard--addressNewCostObjectCstID","interaction":{"idSuffix":"inner"}},"wdio_ui5_key":"applicationmanageyards-display-component---NewYard--addressNewCostObjectCstID"}]}
RESULT: {"script":"<script> [1562 bytes]","args":[{"selector":{"id":"application-manageyards-display-component---NewYard--addressNewCostObjectCstID","interaction":{"idSuffix":"inner"}},"wdio_ui5_key":"applicationmanageyards-display-component---NewYard--addressNewCostObjectCstID"}]}
RESULT: undefined
COMMAND: POST /session/3c28004edfbf3c6cdcf5221cd875a4b1/execute/async - {"script":"<script> [776 bytes]","args":[{"enterText":"10001013","selector":{"id":"application-manageyards-display-component---NewYard--addressNewCostObjectCstID","interaction":{"idSuffix":"inner"}},"clearTextFirst":true,"interactionType":"ENTER_TEXT"}]}
RESULT: {"script":"<script> [776 bytes]","args":[{"enterText":"10001013","selector":{"id":"application-manageyards-display-component---NewYard--addressNewCostObjectCstID","interaction":{"idSuffix":"inner"}},"clearTextFirst":true,"interactionType":"ENTER_TEXT"}]}
COMMAND: POST /session/3c28004edfbf3c6cdcf5221cd875a4b1/actions - {"actions":[{"id":"action4","type":"key","parameters":{},"actions":[{"type":"keyDown","value":"î€‡"},{"type":"pause","duration":10},{"type":"keyUp","value":"î€‡"}]}]}
RESULT: {"actions":[{"id":"action4","type":"key","parameters":{},"actions":[{"type":"keyDown","value":"î€‡"},{"type":"pause","duration":10},{"type":"keyUp","value":"î€‡"}]}]}
COMMAND: POST /session/3c28004edfbf3c6cdcf5221cd875a4b1/execute/async - {"script":"<script> [1562 bytes]","args":[{"selector":{"id":"application-manageyards-display-component---NewYard--addressEditDetailsCurrency","interaction":{"idSuffix":"inner"}},"wdio_ui5_key":"applicationmanageyards-display-component---NewYard--addressEditDetailsCurrency"}]}
COMMAND: GET /session/3c28004edfbf3c6cdcf5221cd875a4b1/screenshot - {}
RESULT: {"script":"<script> [1562 bytes]","args":[{"selector":{"id":"application-manageyards-display-component---NewYard--addressEditDetailsCurrency","interaction":{"idSuffix":"inner"}},"wdio_ui5_key":"applicationmanageyards-display-component---NewYard--addressEditDetailsCurrency"}]}
RESULT: undefined
COMMAND: POST /session/3c28004edfbf3c6cdcf5221cd875a4b1/execute/async - {"script":"<script> [776 bytes]","args":[{"enterText":"Euro","selector":{"id":"application-manageyards-display-component---NewYard--addressEditDetailsCurrency","interaction":{"idSuffix":"inner"}},"clearTextFirst":true,"interactionType":"ENTER_TEXT"}]}
RESULT: {}
RESULT: {"script":"<script> [776 bytes]","args":[{"enterText":"Euro","selector":{"id":"application-manageyards-display-component---NewYard--addressEditDetailsCurrency","interaction":{"idSuffix":"inner"}},"clearTextFirst":true,"interactionType":"ENTER_TEXT"}]}
COMMAND: POST /session/3c28004edfbf3c6cdcf5221cd875a4b1/execute/async - {"script":"<script> [1562 bytes]","args":[{"selector":{"controlType":"sap.m.Input","viewName":"etm.portal.ui.manageyards.view.New","viewId":"application-manageyards-display-component---NewYard","bindingPath":{"path":"","propertyPath":"/CONTROLLING_AREA","modelName":"NewYardModel"},"interaction":{"idSuffix":"inner"}},"wdio_ui5_key":"etmportal.ui.manageyards.view.Newsap.m.Input{\"path\":\"\",\"propertyPath\":\"/CONTROLLING_AREA\",\"modelName\":\"NewYardModel\"}"}]}
RESULT: {"script":"<script> [1562 bytes]","args":[{"selector":{"controlType":"sap.m.Input","viewName":"etm.portal.ui.manageyards.view.New","viewId":"application-manageyards-display-component---NewYard","bindingPath":{"path":"","propertyPath":"/CONTROLLING_AREA","modelName":"NewYardModel"},"interaction":{"idSuffix":"inner"}},"wdio_ui5_key":"etmportal.ui.manageyards.view.Newsap.m.Input{\"path\":\"\",\"propertyPath\":\"/CONTROLLING_AREA\",\"modelName\":\"NewYardModel\"}"}]}
RESULT: undefined
COMMAND: POST /session/3c28004edfbf3c6cdcf5221cd875a4b1/execute/async - {"script":"<script> [776 bytes]","args":[{"enterText":"Z001","selector":{"controlType":"sap.m.Input","viewName":"etm.portal.ui.manageyards.view.New","viewId":"application-manageyards-display-component---NewYard","bindingPath":{"path":"","propertyPath":"/CONTROLLING_AREA","modelName":"NewYardModel"},"interaction":{"idSuffix":"inner"}},"clearTextFirst":true,"interactionType":"ENTER_TEXT"}]}
RESULT: {"script":"<script> [776 bytes]","args":[{"enterText":"Z001","selector":{"controlType":"sap.m.Input","viewName":"etm.portal.ui.manageyards.view.New","viewId":"application-manageyards-display-component---NewYard","bindingPath":{"path":"","propertyPath":"/CONTROLLING_AREA","modelName":"NewYardModel"},"interaction":{"idSuffix":"inner"}},"clearTextFirst":true,"interactionType":"ENTER_TEXT"}]}
COMMAND: POST /session/3c28004edfbf3c6cdcf5221cd875a4b1/execute/async - {"script":"<script> [1562 bytes]","args":[{"selector":{"id":"application-manageyards-display-component---NewYard--companyCodeComboBox","interaction":{"idSuffix":"inner"}},"wdio_ui5_key":"applicationmanageyards-display-component---NewYard--companyCodeComboBox"}]}
RESULT: {"script":"<script> [1562 bytes]","args":[{"selector":{"id":"application-manageyards-display-component---NewYard--companyCodeComboBox","interaction":{"idSuffix":"inner"}},"wdio_ui5_key":"applicationmanageyards-display-component---NewYard--companyCodeComboBox"}]}
RESULT: undefined
COMMAND: POST /session/3c28004edfbf3c6cdcf5221cd875a4b1/execute/async - {"script":"<script> [776 bytes]","args":[{"enterText":"1000","selector":{"id":"application-manageyards-display-component---NewYard--companyCodeComboBox","interaction":{"idSuffix":"inner"}},"clearTextFirst":true,"interactionType":"ENTER_TEXT"}]}
RESULT: {"script":"<script> [776 bytes]","args":[{"enterText":"1000","selector":{"id":"application-manageyards-display-component---NewYard--companyCodeComboBox","interaction":{"idSuffix":"inner"}},"clearTextFirst":true,"interactionType":"ENTER_TEXT"}]}
COMMAND: POST /session/3c28004edfbf3c6cdcf5221cd875a4b1/actions - {"actions":[{"id":"action5","type":"key","parameters":{},"actions":[{"type":"keyDown","value":"î€‡"},{"type":"pause","duration":10},{"type":"keyUp","value":"î€‡"}]}]}
RESULT: {"actions":[{"id":"action5","type":"key","parameters":{},"actions":[{"type":"keyDown","value":"î€‡"},{"type":"pause","duration":10},{"type":"keyUp","value":"î€‡"}]}]}
COMMAND: POST /session/3c28004edfbf3c6cdcf5221cd875a4b1/execute/async - {"script":"<script> [1562 bytes]","args":[{"selector":{"controlType":"sap.m.Input","viewName":"etm.portal.ui.manageyards.view.New","viewId":"application-manageyards-display-component---NewYard","bindingPath":{"path":"","propertyPath":"/PLANT","modelName":"NewYardModel"},"interaction":{"idSuffix":"inner"}},"wdio_ui5_key":"etmportal.ui.manageyards.view.Newsap.m.Input{\"path\":\"\",\"propertyPath\":\"/PLANT\",\"modelName\":\"NewYardModel\"}"}]}
COMMAND: GET /session/3c28004edfbf3c6cdcf5221cd875a4b1/screenshot - {}
RESULT: {"script":"<script> [1562 bytes]","args":[{"selector":{"controlType":"sap.m.Input","viewName":"etm.portal.ui.manageyards.view.New","viewId":"application-manageyards-display-component---NewYard","bindingPath":{"path":"","propertyPath":"/PLANT","modelName":"NewYardModel"},"interaction":{"idSuffix":"inner"}},"wdio_ui5_key":"etmportal.ui.manageyards.view.Newsap.m.Input{\"path\":\"\",\"propertyPath\":\"/PLANT\",\"modelName\":\"NewYardModel\"}"}]}
RESULT: undefined
COMMAND: POST /session/3c28004edfbf3c6cdcf5221cd875a4b1/execute/async - {"script":"<script> [776 bytes]","args":[{"enterText":"1001","selector":{"controlType":"sap.m.Input","viewName":"etm.portal.ui.manageyards.view.New","viewId":"application-manageyards-display-component---NewYard","bindingPath":{"path":"","propertyPath":"/PLANT","modelName":"NewYardModel"},"interaction":{"idSuffix":"inner"}},"clearTextFirst":true,"interactionType":"ENTER_TEXT"}]}
RESULT: {}
RESULT: {"script":"<script> [776 bytes]","args":[{"enterText":"1001","selector":{"controlType":"sap.m.Input","viewName":"etm.portal.ui.manageyards.view.New","viewId":"application-manageyards-display-component---NewYard","bindingPath":{"path":"","propertyPath":"/PLANT","modelName":"NewYardModel"},"interaction":{"idSuffix":"inner"}},"clearTextFirst":true,"interactionType":"ENTER_TEXT"}]}
COMMAND: POST /session/3c28004edfbf3c6cdcf5221cd875a4b1/execute/async - {"script":"<script> [1562 bytes]","args":[{"selector":{"controlType":"sap.m.Input","viewName":"etm.portal.ui.manageyards.view.New","viewId":"application-manageyards-display-component---NewYard","bindingPath":{"path":"","propertyPath":"/SALES_AREA_VKORG","modelName":"NewYardModel"},"interaction":{"idSuffix":"inner"}},"wdio_ui5_key":"etmportal.ui.manageyards.view.Newsap.m.Input{\"path\":\"\",\"propertyPath\":\"/SALES_AREA_VKORG\",\"modelName\":\"NewYardModel\"}"}]}
RESULT: {"script":"<script> [1562 bytes]","args":[{"selector":{"controlType":"sap.m.Input","viewName":"etm.portal.ui.manageyards.view.New","viewId":"application-manageyards-display-component---NewYard","bindingPath":{"path":"","propertyPath":"/SALES_AREA_VKORG","modelName":"NewYardModel"},"interaction":{"idSuffix":"inner"}},"wdio_ui5_key":"etmportal.ui.manageyards.view.Newsap.m.Input{\"path\":\"\",\"propertyPath\":\"/SALES_AREA_VKORG\",\"modelName\":\"NewYardModel\"}"}]}
RESULT: undefined
COMMAND: POST /session/3c28004edfbf3c6cdcf5221cd875a4b1/execute/async - {"script":"<script> [776 bytes]","args":[{"enterText":"C002","selector":{"controlType":"sap.m.Input","viewName":"etm.portal.ui.manageyards.view.New","viewId":"application-manageyards-display-component---NewYard","bindingPath":{"path":"","propertyPath":"/SALES_AREA_VKORG","modelName":"NewYardModel"},"interaction":{"idSuffix":"inner"}},"clearTextFirst":true,"interactionType":"ENTER_TEXT"}]}
RESULT: {"script":"<script> [776 bytes]","args":[{"enterText":"C002","selector":{"controlType":"sap.m.Input","viewName":"etm.portal.ui.manageyards.view.New","viewId":"application-manageyards-display-component---NewYard","bindingPath":{"path":"","propertyPath":"/SALES_AREA_VKORG","modelName":"NewYardModel"},"interaction":{"idSuffix":"inner"}},"clearTextFirst":true,"interactionType":"ENTER_TEXT"}]}
COMMAND: POST /session/3c28004edfbf3c6cdcf5221cd875a4b1/execute/async - {"script":"<script> [1562 bytes]","args":[{"selector":{"controlType":"sap.m.Input","viewName":"etm.portal.ui.manageyards.view.New","viewId":"application-manageyards-display-component---NewYard","bindingPath":{"path":"","propertyPath":"/SALES_AREA_VTWEG","modelName":"NewYardModel"},"interaction":{"idSuffix":"inner"}},"wdio_ui5_key":"etmportal.ui.manageyards.view.Newsap.m.Input{\"path\":\"\",\"propertyPath\":\"/SALES_AREA_VTWEG\",\"modelName\":\"NewYardModel\"}"}]}
RESULT: {"script":"<script> [1562 bytes]","args":[{"selector":{"controlType":"sap.m.Input","viewName":"etm.portal.ui.manageyards.view.New","viewId":"application-manageyards-display-component---NewYard","bindingPath":{"path":"","propertyPath":"/SALES_AREA_VTWEG","modelName":"NewYardModel"},"interaction":{"idSuffix":"inner"}},"wdio_ui5_key":"etmportal.ui.manageyards.view.Newsap.m.Input{\"path\":\"\",\"propertyPath\":\"/SALES_AREA_VTWEG\",\"modelName\":\"NewYardModel\"}"}]}
RESULT: undefined
COMMAND: POST /session/3c28004edfbf3c6cdcf5221cd875a4b1/execute/async - {"script":"<script> [776 bytes]","args":[{"enterText":"C2","selector":{"controlType":"sap.m.Input","viewName":"etm.portal.ui.manageyards.view.New","viewId":"application-manageyards-display-component---NewYard","bindingPath":{"path":"","propertyPath":"/SALES_AREA_VTWEG","modelName":"NewYardModel"},"interaction":{"idSuffix":"inner"}},"clearTextFirst":true,"interactionType":"ENTER_TEXT"}]}
RESULT: {"script":"<script> [776 bytes]","args":[{"enterText":"C2","selector":{"controlType":"sap.m.Input","viewName":"etm.portal.ui.manageyards.view.New","viewId":"application-manageyards-display-component---NewYard","bindingPath":{"path":"","propertyPath":"/SALES_AREA_VTWEG","modelName":"NewYardModel"},"interaction":{"idSuffix":"inner"}},"clearTextFirst":true,"interactionType":"ENTER_TEXT"}]}
COMMAND: POST /session/3c28004edfbf3c6cdcf5221cd875a4b1/execute/async - {"script":"<script> [1562 bytes]","args":[{"selector":{"controlType":"sap.m.Input","viewName":"etm.portal.ui.manageyards.view.New","viewId":"application-manageyards-display-component---NewYard","bindingPath":{"path":"","propertyPath":"/SALES_AREA_SPART","modelName":"NewYardModel"},"interaction":{"idSuffix":"inner"}},"wdio_ui5_key":"etmportal.ui.manageyards.view.Newsap.m.Input{\"path\":\"\",\"propertyPath\":\"/SALES_AREA_SPART\",\"modelName\":\"NewYardModel\"}"}]}
RESULT: {"script":"<script> [1562 bytes]","args":[{"selector":{"controlType":"sap.m.Input","viewName":"etm.portal.ui.manageyards.view.New","viewId":"application-manageyards-display-component---NewYard","bindingPath":{"path":"","propertyPath":"/SALES_AREA_SPART","modelName":"NewYardModel"},"interaction":{"idSuffix":"inner"}},"wdio_ui5_key":"etmportal.ui.manageyards.view.Newsap.m.Input{\"path\":\"\",\"propertyPath\":\"/SALES_AREA_SPART\",\"modelName\":\"NewYardModel\"}"}]}
RESULT: undefined
COMMAND: POST /session/3c28004edfbf3c6cdcf5221cd875a4b1/execute/async - {"script":"<script> [776 bytes]","args":[{"enterText":"C2","selector":{"controlType":"sap.m.Input","viewName":"etm.portal.ui.manageyards.view.New","viewId":"application-manageyards-display-component---NewYard","bindingPath":{"path":"","propertyPath":"/SALES_AREA_SPART","modelName":"NewYardModel"},"interaction":{"idSuffix":"inner"}},"clearTextFirst":true,"interactionType":"ENTER_TEXT"}]}
RESULT: {"script":"<script> [776 bytes]","args":[{"enterText":"C2","selector":{"controlType":"sap.m.Input","viewName":"etm.portal.ui.manageyards.view.New","viewId":"application-manageyards-display-component---NewYard","bindingPath":{"path":"","propertyPath":"/SALES_AREA_SPART","modelName":"NewYardModel"},"interaction":{"idSuffix":"inner"}},"clearTextFirst":true,"interactionType":"ENTER_TEXT"}]}
COMMAND: POST /session/3c28004edfbf3c6cdcf5221cd875a4b1/execute/async - {"script":"<script> [1562 bytes]","args":[{"selector":{"id":"application-manageyards-display-component---NewYard--whmCheckBox","interaction":{"idSuffix":"CbBg"}},"wdio_ui5_key":"applicationmanageyards-display-component---NewYard--whmCheckBox"}]}
RESULT: {"script":"<script> [1562 bytes]","args":[{"selector":{"id":"application-manageyards-display-component---NewYard--whmCheckBox","interaction":{"idSuffix":"CbBg"}},"wdio_ui5_key":"applicationmanageyards-display-component---NewYard--whmCheckBox"}]}
RESULT: undefined
COMMAND: POST /session/3c28004edfbf3c6cdcf5221cd875a4b1/element - {"using":"xpath","value":"//*[@id=\"application-manageyards-display-component---NewYard--whmCheckBox\"]"}
RESULT: {"using":"xpath","value":"//*[@id=\"application-manageyards-display-component---NewYard--whmCheckBox\"]"}
COMMAND: POST /session/3c28004edfbf3c6cdcf5221cd875a4b1/element/f.B144892EA8D4B745C91A45796582BC5B.d.4A8B262A6B75EF1A3E27C1F0E7B346F0.e.2984/click - {}
RESULT: {}
COMMAND: POST /session/3c28004edfbf3c6cdcf5221cd875a4b1/execute/async - {"script":"<script> [1562 bytes]","args":[{"selector":{"controlType":"sap.m.Button","viewName":"etm.portal.ui.manageyards.view.New","viewId":"application-manageyards-display-component---NewYard","i18NText":{"propertyName":"text","key":"save"},"interaction":{"idSuffix":"inner"}},"wdio_ui5_key":"etmportal.ui.manageyards.view.Newsap.m.Button{\"propertyName\":\"text\",\"key\":\"save\"}"}]}
COMMAND: GET /session/3c28004edfbf3c6cdcf5221cd875a4b1/screenshot - {}
RESULT: {"script":"<script> [1562 bytes]","args":[{"selector":{"controlType":"sap.m.Button","viewName":"etm.portal.ui.manageyards.view.New","viewId":"application-manageyards-display-component---NewYard","i18NText":{"propertyName":"text","key":"save"},"interaction":{"idSuffix":"inner"}},"wdio_ui5_key":"etmportal.ui.manageyards.view.Newsap.m.Button{\"propertyName\":\"text\",\"key\":\"save\"}"}]}
RESULT: undefined
COMMAND: POST /session/3c28004edfbf3c6cdcf5221cd875a4b1/element - {"using":"xpath","value":"//*[@id=\"__button43\"]"}
RESULT: {}
RESULT: {"using":"xpath","value":"//*[@id=\"__button43\"]"}
COMMAND: POST /session/3c28004edfbf3c6cdcf5221cd875a4b1/element/f.B144892EA8D4B745C91A45796582BC5B.d.4A8B262A6B75EF1A3E27C1F0E7B346F0.e.2940/click - {}
RESULT: {}
COMMAND: GET /session/3c28004edfbf3c6cdcf5221cd875a4b1/screenshot - {}
RESULT: {}
COMMAND: POST /session/3c28004edfbf3c6cdcf5221cd875a4b1/element - {"using":"xpath","value":"//header/div/div/div/div/div/div[2]/div/span"}
RESULT: {"using":"xpath","value":"//header/div/div/div/div/div/div[2]/div/span"}
COMMAND: GET /session/3c28004edfbf3c6cdcf5221cd875a4b1/element/f.B144892EA8D4B745C91A45796582BC5B.d.4A8B262A6B75EF1A3E27C1F0E7B346F0.e.3189/text - {}
RESULT: {}
COMMAND: POST /session/3c28004edfbf3c6cdcf5221cd875a4b1/element - {"using":"xpath","value":"//header/div/div[2]/div[2]/span"}
RESULT: {"using":"xpath","value":"//header/div/div[2]/div[2]/span"}
COMMAND: GET /session/3c28004edfbf3c6cdcf5221cd875a4b1/element/f.B144892EA8D4B745C91A45796582BC5B.d.4A8B262A6B75EF1A3E27C1F0E7B346F0.e.3190/text - {}
RESULT: {}
COMMAND: POST /session/3c28004edfbf3c6cdcf5221cd875a4b1/element - {"using":"css selector","value":"#j_username"}
COMMAND: POST /session/3c28004edfbf3c6cdcf5221cd875a4b1/url - {"url":"https://qa-testing-00-live-etm-ui.cfapps.eu10-004.hana.ondemand.com/"}
RESULT: {"using":"css selector","value":"#j_username"}
COMMAND: POST /session/3c28004edfbf3c6cdcf5221cd875a4b1/element - {"using":"css selector","value":"#j_username"}
RESULT: {"url":"https://qa-testing-00-live-etm-ui.cfapps.eu10-004.hana.ondemand.com/"}
RESULT: undefined
COMMAND: GET /session/3c28004edfbf3c6cdcf5221cd875a4b1/screenshot - {}
RESULT: {"using":"css selector","value":"#j_username"}
COMMAND: POST /session/3c28004edfbf3c6cdcf5221cd875a4b1/element - {"using":"css selector","value":"#shell-header-logo"}
RESULT: {}
RESULT: {"using":"css selector","value":"#shell-header-logo"}
COMMAND: POST /session/3c28004edfbf3c6cdcf5221cd875a4b1/execute/sync - {"script":"<script> [8489 bytes]","args":[{"element-6066-11e4-a52e-4f735466cecf":"f.B144892EA8D4B745C91A45796582BC5B.d.2C40528CEC05649888EF8A0325960D60.e.3201","ELEMENT":"f.B144892EA8D4B745C91A45796582BC5B.d.2C40528CEC05649888EF8A0325960D60.e.3201"}]}
RESULT: {"script":"<script> [8489 bytes]","args":[{"element-6066-11e4-a52e-4f735466cecf":"f.B144892EA8D4B745C91A45796582BC5B.d.2C40528CEC05649888EF8A0325960D60.e.3201","ELEMENT":"f.B144892EA8D4B745C91A45796582BC5B.d.2C40528CEC05649888EF8A0325960D60.e.3201"}]}
COMMAND: POST /session/3c28004edfbf3c6cdcf5221cd875a4b1/element - {"using":"css selector","value":"#shell-header-logo"}
COMMAND: GET /session/3c28004edfbf3c6cdcf5221cd875a4b1/screenshot - {}
RESULT: {"using":"css selector","value":"#shell-header-logo"}
COMMAND: POST /session/3c28004edfbf3c6cdcf5221cd875a4b1/execute/sync - {"script":"<script> [8489 bytes]","args":[{"element-6066-11e4-a52e-4f735466cecf":"f.B144892EA8D4B745C91A45796582BC5B.d.2C40528CEC05649888EF8A0325960D60.e.3201","ELEMENT":"f.B144892EA8D4B745C91A45796582BC5B.d.2C40528CEC05649888EF8A0325960D60.e.3201"}]}
RESULT: {}
RESULT: {"script":"<script> [8489 bytes]","args":[{"element-6066-11e4-a52e-4f735466cecf":"f.B144892EA8D4B745C91A45796582BC5B.d.2C40528CEC05649888EF8A0325960D60.e.3201","ELEMENT":"f.B144892EA8D4B745C91A45796582BC5B.d.2C40528CEC05649888EF8A0325960D60.e.3201"}]}
COMMAND: POST /session/3c28004edfbf3c6cdcf5221cd875a4b1/execute/sync - {"script":"<script> [5351 bytes]","args":[{"element-6066-11e4-a52e-4f735466cecf":"f.B144892EA8D4B745C91A45796582BC5B.d.2C40528CEC05649888EF8A0325960D60.e.3201","ELEMENT":"f.B144892EA8D4B745C91A45796582BC5B.d.2C40528CEC05649888EF8A0325960D60.e.3201"}]}
COMMAND: GET /session/3c28004edfbf3c6cdcf5221cd875a4b1/screenshot - {}
RESULT: {"script":"<script> [5351 bytes]","args":[{"element-6066-11e4-a52e-4f735466cecf":"f.B144892EA8D4B745C91A45796582BC5B.d.2C40528CEC05649888EF8A0325960D60.e.3201","ELEMENT":"f.B144892EA8D4B745C91A45796582BC5B.d.2C40528CEC05649888EF8A0325960D60.e.3201"}]}
COMMAND: POST /session/3c28004edfbf3c6cdcf5221cd875a4b1/element - {"using":"css selector","value":"#shell-header-logo"}
COMMAND: GET /session/3c28004edfbf3c6cdcf5221cd875a4b1/screenshot - {}
RESULT: {}
RESULT: {"using":"css selector","value":"#shell-header-logo"}
COMMAND: POST /session/3c28004edfbf3c6cdcf5221cd875a4b1/element/f.B144892EA8D4B745C91A45796582BC5B.d.2C40528CEC05649888EF8A0325960D60.e.3201/click - {}
RESULT: {}
RESULT: {}
COMMAND: GET /session/3c28004edfbf3c6cdcf5221cd875a4b1/screenshot - {}
RESULT: {}
COMMAND: POST /session/3c28004edfbf3c6cdcf5221cd875a4b1/execute/async - {"script":"<script> [189 bytes]","args":[]}
RESULT: {"script":"<script> [189 bytes]","args":[]}
COMMAND: POST /session/3c28004edfbf3c6cdcf5221cd875a4b1/execute/async - {"script":"<script> [123 bytes]","args":[]}
RESULT: {"script":"<script> [123 bytes]","args":[]}
COMMAND: POST /session/3c28004edfbf3c6cdcf5221cd875a4b1/timeouts - {"script":"<number>"}
RESULT: {"script":"<number>"}
COMMAND: GET /session/3c28004edfbf3c6cdcf5221cd875a4b1/timeouts - {}
RESULT: {}
RESULT: undefined
COMMAND: POST /session/3c28004edfbf3c6cdcf5221cd875a4b1/execute/async - {"script":"<script> [2676 bytes]","args":[]}
RESULT: {"script":"<script> [2676 bytes]","args":[]}
COMMAND: POST /session/3c28004edfbf3c6cdcf5221cd875a4b1/execute/async - {"script":"<script> [2342 bytes]","args":[{"protocol":"http","hostname":"0.0.0.0","path":"/","capabilities":{"browserName":"chrome","goog:chromeOptions":{"binary":"C:\\Program Files\\Google\\Chrome\\Application\\chrome.exe","args":["--start-maximized"]}},"logLevel":"warn","connectionRetryTimeout":120000,"connectionRetryCount":3,"logLevels":{},"enableDirectConnect":true,"strictSSL":true,"_":"65 more keys: [\"cacheDir\",\"port\",\"requestedCapabilities\",\"automationProtocol\",\"baseUrl\",\"waitforInterval\",\"waitforTimeout\",\"onReload\",\"beforeCommand\",\"afterCommand\",\"rootDir\",\"specs\",\"suites\",\"exclude\",\"groupLogsByTestSpec\",\"excludeDriverLogs\",\"bail\",\"framework\",\"reporters\",\"services\",\"maxInstances\",\"maxInstancesPerCapability\",\"injectGlobals\",\"filesToWatch\",\"execArgv\",\"runnerEnv\",\"runner\",\"shard\",\"specFileRetries\",\"specFileRetriesDelay\",\"specFileRetriesDeferred\",\"reporterSyncInterval\",\"reporterSyncTimeout\",\"cucumberFeaturesWithLineNumbers\",\"autoCompileOpts\",\"mochaOpts\",\"jasmineOpts\",\"cucumberOpts\",\"onPrepare\",\"onWorkerStart\",\"onWorkerEnd\",\"before\",\"beforeSession\",\"beforeSuite\",\"beforeHook\",\"beforeTest\",\"afterTest\",\"afterHook\",\"afterSuite\",\"afterSession\",\"after\",\"onComplete\",\"beforeAssertion\",\"afterAssertion\",\"beforeFeature\",\"beforeScenario\",\"beforeStep\",\"afterStep\",\"afterScenario\",\"afterFeature\",\"_\",\"suite\",\"$0\",\"ignoredWorkerServices\",\"wdi5\"]"}]}
RESULT: {"script":"<script> [2342 bytes]","args":[{"protocol":"http","hostname":"0.0.0.0","path":"/","capabilities":{"browserName":"chrome","goog:chromeOptions":{"binary":"C:\\Program Files\\Google\\Chrome\\Application\\chrome.exe","args":["--start-maximized"]}},"logLevel":"warn","connectionRetryTimeout":120000,"connectionRetryCount":3,"logLevels":{},"enableDirectConnect":true,"strictSSL":true,"_":"65 more keys: [\"cacheDir\",\"port\",\"requestedCapabilities\",\"automationProtocol\",\"baseUrl\",\"waitforInterval\",\"waitforTimeout\",\"onReload\",\"beforeCommand\",\"afterCommand\",\"rootDir\",\"specs\",\"suites\",\"exclude\",\"groupLogsByTestSpec\",\"excludeDriverLogs\",\"bail\",\"framework\",\"reporters\",\"services\",\"maxInstances\",\"maxInstancesPerCapability\",\"injectGlobals\",\"filesToWatch\",\"execArgv\",\"runnerEnv\",\"runner\",\"shard\",\"specFileRetries\",\"specFileRetriesDelay\",\"specFileRetriesDeferred\",\"reporterSyncInterval\",\"reporterSyncTimeout\",\"cucumberFeaturesWithLineNumbers\",\"autoCompileOpts\",\"mochaOpts\",\"jasmineOpts\",\"cucumberOpts\",\"onPrepare\",\"onWorkerStart\",\"onWorkerEnd\",\"before\",\"beforeSession\",\"beforeSuite\",\"beforeHook\",\"beforeTest\",\"afterTest\",\"afterHook\",\"afterSuite\",\"afterSession\",\"after\",\"onComplete\",\"beforeAssertion\",\"afterAssertion\",\"beforeFeature\",\"beforeScenario\",\"beforeStep\",\"afterStep\",\"afterScenario\",\"afterFeature\",\"_\",\"suite\",\"$0\",\"ignoredWorkerServices\",\"wdi5\"]"}]}
COMMAND: POST /session/3c28004edfbf3c6cdcf5221cd875a4b1/execute/async - {"script":"<script> [21126 bytes]","args":[35000]}
RESULT: {"script":"<script> [21126 bytes]","args":[35000]}
COMMAND: POST /session/3c28004edfbf3c6cdcf5221cd875a4b1/window/maximize - {}
RESULT: {}
COMMAND: POST /session/3c28004edfbf3c6cdcf5221cd875a4b1/execute/async - {"script":"<script> [1562 bytes]","args":[{"selector":{"id":"shell-header","interaction":{"idSuffix":"icon"}},"wdio_ui5_key":"shellheader"}]}
COMMAND: GET /session/3c28004edfbf3c6cdcf5221cd875a4b1/screenshot - {}
RESULT: {"script":"<script> [1562 bytes]","args":[{"selector":{"id":"shell-header","interaction":{"idSuffix":"icon"}},"wdio_ui5_key":"shellheader"}]}
RESULT: undefined
COMMAND: POST /session/3c28004edfbf3c6cdcf5221cd875a4b1/refresh - {}
RESULT: {}
RESULT: {}
COMMAND: GET /session/3c28004edfbf3c6cdcf5221cd875a4b1/screenshot - {}
RESULT: {}
COMMAND: POST /session/3c28004edfbf3c6cdcf5221cd875a4b1/refresh - {}
RESULT: {}
COMMAND: GET /session/3c28004edfbf3c6cdcf5221cd875a4b1/screenshot - {}
RESULT: {}
COMMAND: POST /session/3c28004edfbf3c6cdcf5221cd875a4b1/window/fullscreen - {}
RESULT: {}
COMMAND: POST /session/3c28004edfbf3c6cdcf5221cd875a4b1/execute/async - {"script":"<script> [189 bytes]","args":[]}
RESULT: {"script":"<script> [189 bytes]","args":[]}
COMMAND: POST /session/3c28004edfbf3c6cdcf5221cd875a4b1/execute/async - {"script":"<script> [123 bytes]","args":[]}
RESULT: {"script":"<script> [123 bytes]","args":[]}
COMMAND: POST /session/3c28004edfbf3c6cdcf5221cd875a4b1/timeouts - {"script":"<number>"}
RESULT: {"script":"<number>"}
COMMAND: GET /session/3c28004edfbf3c6cdcf5221cd875a4b1/timeouts - {}
RESULT: {}
RESULT: undefined
COMMAND: POST /session/3c28004edfbf3c6cdcf5221cd875a4b1/execute/async - {"script":"<script> [2676 bytes]","args":[]}
RESULT: {"script":"<script> [2676 bytes]","args":[]}
COMMAND: POST /session/3c28004edfbf3c6cdcf5221cd875a4b1/execute/async - {"script":"<script> [2342 bytes]","args":[{"protocol":"http","hostname":"0.0.0.0","path":"/","capabilities":{"browserName":"chrome","goog:chromeOptions":{"binary":"C:\\Program Files\\Google\\Chrome\\Application\\chrome.exe","args":["--start-maximized"]}},"logLevel":"warn","connectionRetryTimeout":120000,"connectionRetryCount":3,"logLevels":{},"enableDirectConnect":true,"strictSSL":true,"_":"65 more keys: [\"cacheDir\",\"port\",\"requestedCapabilities\",\"automationProtocol\",\"baseUrl\",\"waitforInterval\",\"waitforTimeout\",\"onReload\",\"beforeCommand\",\"afterCommand\",\"rootDir\",\"specs\",\"suites\",\"exclude\",\"groupLogsByTestSpec\",\"excludeDriverLogs\",\"bail\",\"framework\",\"reporters\",\"services\",\"maxInstances\",\"maxInstancesPerCapability\",\"injectGlobals\",\"filesToWatch\",\"execArgv\",\"runnerEnv\",\"runner\",\"shard\",\"specFileRetries\",\"specFileRetriesDelay\",\"specFileRetriesDeferred\",\"reporterSyncInterval\",\"reporterSyncTimeout\",\"cucumberFeaturesWithLineNumbers\",\"autoCompileOpts\",\"mochaOpts\",\"jasmineOpts\",\"cucumberOpts\",\"onPrepare\",\"onWorkerStart\",\"onWorkerEnd\",\"before\",\"beforeSession\",\"beforeSuite\",\"beforeHook\",\"beforeTest\",\"afterTest\",\"afterHook\",\"afterSuite\",\"afterSession\",\"after\",\"onComplete\",\"beforeAssertion\",\"afterAssertion\",\"beforeFeature\",\"beforeScenario\",\"beforeStep\",\"afterStep\",\"afterScenario\",\"afterFeature\",\"_\",\"suite\",\"$0\",\"ignoredWorkerServices\",\"wdi5\"]"}]}
RESULT: {"script":"<script> [2342 bytes]","args":[{"protocol":"http","hostname":"0.0.0.0","path":"/","capabilities":{"browserName":"chrome","goog:chromeOptions":{"binary":"C:\\Program Files\\Google\\Chrome\\Application\\chrome.exe","args":["--start-maximized"]}},"logLevel":"warn","connectionRetryTimeout":120000,"connectionRetryCount":3,"logLevels":{},"enableDirectConnect":true,"strictSSL":true,"_":"65 more keys: [\"cacheDir\",\"port\",\"requestedCapabilities\",\"automationProtocol\",\"baseUrl\",\"waitforInterval\",\"waitforTimeout\",\"onReload\",\"beforeCommand\",\"afterCommand\",\"rootDir\",\"specs\",\"suites\",\"exclude\",\"groupLogsByTestSpec\",\"excludeDriverLogs\",\"bail\",\"framework\",\"reporters\",\"services\",\"maxInstances\",\"maxInstancesPerCapability\",\"injectGlobals\",\"filesToWatch\",\"execArgv\",\"runnerEnv\",\"runner\",\"shard\",\"specFileRetries\",\"specFileRetriesDelay\",\"specFileRetriesDeferred\",\"reporterSyncInterval\",\"reporterSyncTimeout\",\"cucumberFeaturesWithLineNumbers\",\"autoCompileOpts\",\"mochaOpts\",\"jasmineOpts\",\"cucumberOpts\",\"onPrepare\",\"onWorkerStart\",\"onWorkerEnd\",\"before\",\"beforeSession\",\"beforeSuite\",\"beforeHook\",\"beforeTest\",\"afterTest\",\"afterHook\",\"afterSuite\",\"afterSession\",\"after\",\"onComplete\",\"beforeAssertion\",\"afterAssertion\",\"beforeFeature\",\"beforeScenario\",\"beforeStep\",\"afterStep\",\"afterScenario\",\"afterFeature\",\"_\",\"suite\",\"$0\",\"ignoredWorkerServices\",\"wdi5\"]"}]}
COMMAND: POST /session/3c28004edfbf3c6cdcf5221cd875a4b1/execute/async - {"script":"<script> [21126 bytes]","args":[35000]}
RESULT: {"script":"<script> [21126 bytes]","args":[35000]}
]]></system-out>
    </testcase>
  </testsuite>
  <testsuite timestamp="2025-04-30T05:40:20" time="196.133" tests="2" failures="0" errors="0" skipped="0">
    <properties>
      <property name="specId" value="0" />
      <property name="suiteName" value="Create partner US118246" />
      <property name="capabilities" value="chrome.135_0_7049_96.windows" />
      <property name="file" value="file:///D:/a/1/s/test/specs/BTS/create-partner.spec.js" />
    </properties>
    <testcase classname="chrome.135_0_7049_96.windows.Create_partner_US118246" name="Should create new external partner" time="78.663">
      <system-out><![CDATA[
COMMAND: POST /session/3c28004edfbf3c6cdcf5221cd875a4b1/window/fullscreen - {}
RESULT: {}
COMMAND: POST /session/3c28004edfbf3c6cdcf5221cd875a4b1/execute/async - {"script":"<script> [1562 bytes]","args":[{"selector":{"controlType":"sap.m.GenericTile","properties":{"header":"Manage Partners"}},"wdio_ui5_key":"sapm.GenericTile{\"header\":\"Manage Partners\"}"}]}
RESULT: {"script":"<script> [1562 bytes]","args":[{"selector":{"controlType":"sap.m.GenericTile","properties":{"header":"Manage Partners"}},"wdio_ui5_key":"sapm.GenericTile{\"header\":\"Manage Partners\"}"}]}
RESULT: undefined
COMMAND: POST /session/3c28004edfbf3c6cdcf5221cd875a4b1/element - {"using":"xpath","value":"//*[@id=\"__tile38\"]"}
RESULT: {"using":"xpath","value":"//*[@id=\"__tile38\"]"}
COMMAND: POST /session/3c28004edfbf3c6cdcf5221cd875a4b1/element/f.B144892EA8D4B745C91A45796582BC5B.d.1428917EBBCCF96098BCBFBC823E2DDB.e.3360/click - {}
RESULT: {}
COMMAND: POST /session/3c28004edfbf3c6cdcf5221cd875a4b1/element - {"using":"xpath","value":"//button[@data-kt=\"addButton\"]"}
COMMAND: GET /session/3c28004edfbf3c6cdcf5221cd875a4b1/screenshot - {}
RESULT: {"using":"xpath","value":"//button[@data-kt=\"addButton\"]"}
COMMAND: POST /session/3c28004edfbf3c6cdcf5221cd875a4b1/elements - {"using":"xpath","value":"//button[@data-kt=\"addButton\"]"}
RESULT: {}
RESULT: {"using":"xpath","value":"//button[@data-kt=\"addButton\"]"}
COMMAND: POST /session/3c28004edfbf3c6cdcf5221cd875a4b1/elements - {"using":"xpath","value":"//button[@data-kt=\"addButton\"]"}
RESULT: {"using":"xpath","value":"//button[@data-kt=\"addButton\"]"}
COMMAND: POST /session/3c28004edfbf3c6cdcf5221cd875a4b1/elements - {"using":"xpath","value":"//button[@data-kt=\"addButton\"]"}
RESULT: {"using":"xpath","value":"//button[@data-kt=\"addButton\"]"}
COMMAND: POST /session/3c28004edfbf3c6cdcf5221cd875a4b1/elements - {"using":"xpath","value":"//button[@data-kt=\"addButton\"]"}
RESULT: {"using":"xpath","value":"//button[@data-kt=\"addButton\"]"}
COMMAND: POST /session/3c28004edfbf3c6cdcf5221cd875a4b1/elements - {"using":"xpath","value":"//button[@data-kt=\"addButton\"]"}
RESULT: {"using":"xpath","value":"//button[@data-kt=\"addButton\"]"}
COMMAND: POST /session/3c28004edfbf3c6cdcf5221cd875a4b1/elements - {"using":"xpath","value":"//button[@data-kt=\"addButton\"]"}
RESULT: {"using":"xpath","value":"//button[@data-kt=\"addButton\"]"}
COMMAND: POST /session/3c28004edfbf3c6cdcf5221cd875a4b1/elements - {"using":"xpath","value":"//button[@data-kt=\"addButton\"]"}
RESULT: {"using":"xpath","value":"//button[@data-kt=\"addButton\"]"}
COMMAND: POST /session/3c28004edfbf3c6cdcf5221cd875a4b1/elements - {"using":"xpath","value":"//button[@data-kt=\"addButton\"]"}
RESULT: {"using":"xpath","value":"//button[@data-kt=\"addButton\"]"}
COMMAND: POST /session/3c28004edfbf3c6cdcf5221cd875a4b1/elements - {"using":"xpath","value":"//button[@data-kt=\"addButton\"]"}
RESULT: {"using":"xpath","value":"//button[@data-kt=\"addButton\"]"}
COMMAND: POST /session/3c28004edfbf3c6cdcf5221cd875a4b1/elements - {"using":"xpath","value":"//button[@data-kt=\"addButton\"]"}
RESULT: {"using":"xpath","value":"//button[@data-kt=\"addButton\"]"}
COMMAND: POST /session/3c28004edfbf3c6cdcf5221cd875a4b1/elements - {"using":"xpath","value":"//button[@data-kt=\"addButton\"]"}
RESULT: {"using":"xpath","value":"//button[@data-kt=\"addButton\"]"}
COMMAND: POST /session/3c28004edfbf3c6cdcf5221cd875a4b1/elements - {"using":"xpath","value":"//button[@data-kt=\"addButton\"]"}
RESULT: {"using":"xpath","value":"//button[@data-kt=\"addButton\"]"}
COMMAND: POST /session/3c28004edfbf3c6cdcf5221cd875a4b1/elements - {"using":"xpath","value":"//button[@data-kt=\"addButton\"]"}
RESULT: {"using":"xpath","value":"//button[@data-kt=\"addButton\"]"}
COMMAND: POST /session/3c28004edfbf3c6cdcf5221cd875a4b1/elements - {"using":"xpath","value":"//button[@data-kt=\"addButton\"]"}
RESULT: {"using":"xpath","value":"//button[@data-kt=\"addButton\"]"}
COMMAND: POST /session/3c28004edfbf3c6cdcf5221cd875a4b1/elements - {"using":"xpath","value":"//button[@data-kt=\"addButton\"]"}
RESULT: {"using":"xpath","value":"//button[@data-kt=\"addButton\"]"}
COMMAND: POST /session/3c28004edfbf3c6cdcf5221cd875a4b1/elements - {"using":"xpath","value":"//button[@data-kt=\"addButton\"]"}
RESULT: {"using":"xpath","value":"//button[@data-kt=\"addButton\"]"}
COMMAND: POST /session/3c28004edfbf3c6cdcf5221cd875a4b1/elements - {"using":"xpath","value":"//button[@data-kt=\"addButton\"]"}
RESULT: {"using":"xpath","value":"//button[@data-kt=\"addButton\"]"}
COMMAND: POST /session/3c28004edfbf3c6cdcf5221cd875a4b1/elements - {"using":"xpath","value":"//button[@data-kt=\"addButton\"]"}
RESULT: {"using":"xpath","value":"//button[@data-kt=\"addButton\"]"}
COMMAND: POST /session/3c28004edfbf3c6cdcf5221cd875a4b1/elements - {"using":"xpath","value":"//button[@data-kt=\"addButton\"]"}
RESULT: {"using":"xpath","value":"//button[@data-kt=\"addButton\"]"}
COMMAND: POST /session/3c28004edfbf3c6cdcf5221cd875a4b1/element - {"using":"xpath","value":"//button[@data-kt=\"addButton\"]"}
RESULT: {"using":"xpath","value":"//button[@data-kt=\"addButton\"]"}
COMMAND: POST /session/3c28004edfbf3c6cdcf5221cd875a4b1/execute/sync - {"script":"<script> [8489 bytes]","args":[{"element-6066-11e4-a52e-4f735466cecf":"f.B144892EA8D4B745C91A45796582BC5B.d.1428917EBBCCF96098BCBFBC823E2DDB.e.3508","ELEMENT":"f.B144892EA8D4B745C91A45796582BC5B.d.1428917EBBCCF96098BCBFBC823E2DDB.e.3508"}]}
RESULT: {"script":"<script> [8489 bytes]","args":[{"element-6066-11e4-a52e-4f735466cecf":"f.B144892EA8D4B745C91A45796582BC5B.d.1428917EBBCCF96098BCBFBC823E2DDB.e.3508","ELEMENT":"f.B144892EA8D4B745C91A45796582BC5B.d.1428917EBBCCF96098BCBFBC823E2DDB.e.3508"}]}
COMMAND: GET /session/3c28004edfbf3c6cdcf5221cd875a4b1/element/f.B144892EA8D4B745C91A45796582BC5B.d.1428917EBBCCF96098BCBFBC823E2DDB.e.3508/enabled - {}
COMMAND: GET /session/3c28004edfbf3c6cdcf5221cd875a4b1/screenshot - {}
RESULT: {}
COMMAND: POST /session/3c28004edfbf3c6cdcf5221cd875a4b1/execute/sync - {"script":"<script> [8489 bytes]","args":[{"element-6066-11e4-a52e-4f735466cecf":"f.B144892EA8D4B745C91A45796582BC5B.d.1428917EBBCCF96098BCBFBC823E2DDB.e.3508","ELEMENT":"f.B144892EA8D4B745C91A45796582BC5B.d.1428917EBBCCF96098BCBFBC823E2DDB.e.3508"}]}
COMMAND: GET /session/3c28004edfbf3c6cdcf5221cd875a4b1/screenshot - {}
RESULT: {}
RESULT: {"script":"<script> [8489 bytes]","args":[{"element-6066-11e4-a52e-4f735466cecf":"f.B144892EA8D4B745C91A45796582BC5B.d.1428917EBBCCF96098BCBFBC823E2DDB.e.3508","ELEMENT":"f.B144892EA8D4B745C91A45796582BC5B.d.1428917EBBCCF96098BCBFBC823E2DDB.e.3508"}]}
COMMAND: POST /session/3c28004edfbf3c6cdcf5221cd875a4b1/execute/sync - {"script":"<script> [5351 bytes]","args":[{"element-6066-11e4-a52e-4f735466cecf":"f.B144892EA8D4B745C91A45796582BC5B.d.1428917EBBCCF96098BCBFBC823E2DDB.e.3508","ELEMENT":"f.B144892EA8D4B745C91A45796582BC5B.d.1428917EBBCCF96098BCBFBC823E2DDB.e.3508"}]}
COMMAND: GET /session/3c28004edfbf3c6cdcf5221cd875a4b1/screenshot - {}
RESULT: {}
RESULT: {"script":"<script> [5351 bytes]","args":[{"element-6066-11e4-a52e-4f735466cecf":"f.B144892EA8D4B745C91A45796582BC5B.d.1428917EBBCCF96098BCBFBC823E2DDB.e.3508","ELEMENT":"f.B144892EA8D4B745C91A45796582BC5B.d.1428917EBBCCF96098BCBFBC823E2DDB.e.3508"}]}
COMMAND: POST /session/3c28004edfbf3c6cdcf5221cd875a4b1/element/f.B144892EA8D4B745C91A45796582BC5B.d.1428917EBBCCF96098BCBFBC823E2DDB.e.3508/click - {}
COMMAND: GET /session/3c28004edfbf3c6cdcf5221cd875a4b1/screenshot - {}
RESULT: {}
RESULT: {}
COMMAND: GET /session/3c28004edfbf3c6cdcf5221cd875a4b1/screenshot - {}
COMMAND: POST /session/3c28004edfbf3c6cdcf5221cd875a4b1/execute/async - {"script":"<script> [1562 bytes]","args":[{"selector":{"id":"application-managepartners-display-component---NewPartner--addressDetailDetailsName1","interaction":{"idSuffix":"inner"}},"wdio_ui5_key":"applicationmanagepartners-display-component---NewPartner--addressDetailDetailsName1"}]}
RESULT: {}
RESULT: {}
RESULT: {"script":"<script> [1562 bytes]","args":[{"selector":{"id":"application-managepartners-display-component---NewPartner--addressDetailDetailsName1","interaction":{"idSuffix":"inner"}},"wdio_ui5_key":"applicationmanagepartners-display-component---NewPartner--addressDetailDetailsName1"}]}
RESULT: undefined
COMMAND: POST /session/3c28004edfbf3c6cdcf5221cd875a4b1/execute/async - {"script":"<script> [776 bytes]","args":[{"enterText":"External Partner WDIO","selector":{"id":"application-managepartners-display-component---NewPartner--addressDetailDetailsName1","interaction":{"idSuffix":"inner"}},"clearTextFirst":true,"interactionType":"ENTER_TEXT"}]}
RESULT: {"script":"<script> [776 bytes]","args":[{"enterText":"External Partner WDIO","selector":{"id":"application-managepartners-display-component---NewPartner--addressDetailDetailsName1","interaction":{"idSuffix":"inner"}},"clearTextFirst":true,"interactionType":"ENTER_TEXT"}]}
COMMAND: POST /session/3c28004edfbf3c6cdcf5221cd875a4b1/execute/async - {"script":"<script> [1562 bytes]","args":[{"selector":{"id":"application-managepartners-display-component---NewPartner--addressDetailDetailsLanguage-arrow"},"wdio_ui5_key":"applicationmanagepartners-display-component---NewPartner--addressDetailDetailsLanguage-arrow"}]}
RESULT: {"script":"<script> [1562 bytes]","args":[{"selector":{"id":"application-managepartners-display-component---NewPartner--addressDetailDetailsLanguage-arrow"},"wdio_ui5_key":"applicationmanagepartners-display-component---NewPartner--addressDetailDetailsLanguage-arrow"}]}
RESULT: undefined
COMMAND: POST /session/3c28004edfbf3c6cdcf5221cd875a4b1/element - {"using":"xpath","value":"//*[@id=\"application-managepartners-display-component---NewPartner--addressDetailDetailsLanguage-arrow\"]"}
RESULT: {"using":"xpath","value":"//*[@id=\"application-managepartners-display-component---NewPartner--addressDetailDetailsLanguage-arrow\"]"}
COMMAND: POST /session/3c28004edfbf3c6cdcf5221cd875a4b1/element/f.B144892EA8D4B745C91A45796582BC5B.d.1428917EBBCCF96098BCBFBC823E2DDB.e.3963/click - {}
RESULT: {}
COMMAND: POST /session/3c28004edfbf3c6cdcf5221cd875a4b1/element - {"using":"xpath","value":"//span[contains(text(), \"English\")]"}
COMMAND: GET /session/3c28004edfbf3c6cdcf5221cd875a4b1/screenshot - {}
RESULT: {"using":"xpath","value":"//span[contains(text(), \"English\")]"}
COMMAND: POST /session/3c28004edfbf3c6cdcf5221cd875a4b1/element/f.B144892EA8D4B745C91A45796582BC5B.d.1428917EBBCCF96098BCBFBC823E2DDB.e.3964/click - {}
RESULT: {}
RESULT: {}
COMMAND: GET /session/3c28004edfbf3c6cdcf5221cd875a4b1/screenshot - {}
RESULT: {}
COMMAND: POST /session/3c28004edfbf3c6cdcf5221cd875a4b1/execute/async - {"script":"<script> [1562 bytes]","args":[{"selector":{"id":"application-managepartners-display-component---NewPartner--addressDetailDetailsCity1","interaction":{"idSuffix":"inner"}},"wdio_ui5_key":"applicationmanagepartners-display-component---NewPartner--addressDetailDetailsCity1"}]}
RESULT: {"script":"<script> [1562 bytes]","args":[{"selector":{"id":"application-managepartners-display-component---NewPartner--addressDetailDetailsCity1","interaction":{"idSuffix":"inner"}},"wdio_ui5_key":"applicationmanagepartners-display-component---NewPartner--addressDetailDetailsCity1"}]}
RESULT: undefined
COMMAND: POST /session/3c28004edfbf3c6cdcf5221cd875a4b1/execute/async - {"script":"<script> [776 bytes]","args":[{"enterText":"Rosario","selector":{"id":"application-managepartners-display-component---NewPartner--addressDetailDetailsCity1","interaction":{"idSuffix":"inner"}},"clearTextFirst":true,"interactionType":"ENTER_TEXT"}]}
RESULT: {"script":"<script> [776 bytes]","args":[{"enterText":"Rosario","selector":{"id":"application-managepartners-display-component---NewPartner--addressDetailDetailsCity1","interaction":{"idSuffix":"inner"}},"clearTextFirst":true,"interactionType":"ENTER_TEXT"}]}
COMMAND: POST /session/3c28004edfbf3c6cdcf5221cd875a4b1/execute/async - {"script":"<script> [1562 bytes]","args":[{"selector":{"id":"application-managepartners-display-component---NewPartner--addressDetailDetailsCountry-arrow"},"wdio_ui5_key":"applicationmanagepartners-display-component---NewPartner--addressDetailDetailsCountry-arrow"}]}
RESULT: {"script":"<script> [1562 bytes]","args":[{"selector":{"id":"application-managepartners-display-component---NewPartner--addressDetailDetailsCountry-arrow"},"wdio_ui5_key":"applicationmanagepartners-display-component---NewPartner--addressDetailDetailsCountry-arrow"}]}
RESULT: undefined
COMMAND: POST /session/3c28004edfbf3c6cdcf5221cd875a4b1/element - {"using":"xpath","value":"//*[@id=\"application-managepartners-display-component---NewPartner--addressDetailDetailsCountry-arrow\"]"}
RESULT: {"using":"xpath","value":"//*[@id=\"application-managepartners-display-component---NewPartner--addressDetailDetailsCountry-arrow\"]"}
COMMAND: POST /session/3c28004edfbf3c6cdcf5221cd875a4b1/element/f.B144892EA8D4B745C91A45796582BC5B.d.1428917EBBCCF96098BCBFBC823E2DDB.e.3950/click - {}
RESULT: {}
COMMAND: POST /session/3c28004edfbf3c6cdcf5221cd875a4b1/element - {"using":"xpath","value":"//span[contains(text(), \"Argentina\")]"}
COMMAND: GET /session/3c28004edfbf3c6cdcf5221cd875a4b1/screenshot - {}
RESULT: {"using":"xpath","value":"//span[contains(text(), \"Argentina\")]"}
COMMAND: POST /session/3c28004edfbf3c6cdcf5221cd875a4b1/element/f.B144892EA8D4B745C91A45796582BC5B.d.1428917EBBCCF96098BCBFBC823E2DDB.e.3966/click - {}
RESULT: {}
RESULT: {}
COMMAND: GET /session/3c28004edfbf3c6cdcf5221cd875a4b1/screenshot - {}
RESULT: {}
COMMAND: POST /session/3c28004edfbf3c6cdcf5221cd875a4b1/element - {"using":"xpath","value":"//bdi[contains(text(), \"Commercial\")]"}
RESULT: {"using":"xpath","value":"//bdi[contains(text(), \"Commercial\")]"}
COMMAND: POST /session/3c28004edfbf3c6cdcf5221cd875a4b1/element/f.B144892EA8D4B745C91A45796582BC5B.d.1428917EBBCCF96098BCBFBC823E2DDB.e.3967/click - {}
RESULT: {}
COMMAND: GET /session/3c28004edfbf3c6cdcf5221cd875a4b1/screenshot - {}
RESULT: {}
COMMAND: POST /session/3c28004edfbf3c6cdcf5221cd875a4b1/execute/async - {"script":"<script> [1562 bytes]","args":[{"selector":{"id":"application-managepartners-display-component---NewPartner--partnerDetailInternal-arrow"},"wdio_ui5_key":"applicationmanagepartners-display-component---NewPartner--partnerDetailInternal-arrow"}]}
RESULT: {"script":"<script> [1562 bytes]","args":[{"selector":{"id":"application-managepartners-display-component---NewPartner--partnerDetailInternal-arrow"},"wdio_ui5_key":"applicationmanagepartners-display-component---NewPartner--partnerDetailInternal-arrow"}]}
RESULT: undefined
COMMAND: POST /session/3c28004edfbf3c6cdcf5221cd875a4b1/element - {"using":"xpath","value":"//*[@id=\"application-managepartners-display-component---NewPartner--partnerDetailInternal-arrow\"]"}
RESULT: {"using":"xpath","value":"//*[@id=\"application-managepartners-display-component---NewPartner--partnerDetailInternal-arrow\"]"}
COMMAND: POST /session/3c28004edfbf3c6cdcf5221cd875a4b1/element/f.B144892EA8D4B745C91A45796582BC5B.d.1428917EBBCCF96098BCBFBC823E2DDB.e.3975/click - {}
RESULT: {}
COMMAND: POST /session/3c28004edfbf3c6cdcf5221cd875a4b1/element - {"using":"xpath","value":"//span[contains(text(), \"External partner\")]"}
COMMAND: GET /session/3c28004edfbf3c6cdcf5221cd875a4b1/screenshot - {}
RESULT: {"using":"xpath","value":"//span[contains(text(), \"External partner\")]"}
COMMAND: POST /session/3c28004edfbf3c6cdcf5221cd875a4b1/element/f.B144892EA8D4B745C91A45796582BC5B.d.1428917EBBCCF96098BCBFBC823E2DDB.e.3976/click - {}
RESULT: {}
RESULT: {}
COMMAND: POST /session/3c28004edfbf3c6cdcf5221cd875a4b1/execute/async - {"script":"<script> [1562 bytes]","args":[{"selector":{"id":"application-managepartners-display-component---NewPartner--partnerDetailsCurrency-arrow"},"wdio_ui5_key":"applicationmanagepartners-display-component---NewPartner--partnerDetailsCurrency-arrow"}]}
COMMAND: GET /session/3c28004edfbf3c6cdcf5221cd875a4b1/screenshot - {}
RESULT: {"script":"<script> [1562 bytes]","args":[{"selector":{"id":"application-managepartners-display-component---NewPartner--partnerDetailsCurrency-arrow"},"wdio_ui5_key":"applicationmanagepartners-display-component---NewPartner--partnerDetailsCurrency-arrow"}]}
RESULT: undefined
COMMAND: POST /session/3c28004edfbf3c6cdcf5221cd875a4b1/element - {"using":"xpath","value":"//*[@id=\"application-managepartners-display-component---NewPartner--partnerDetailsCurrency-arrow\"]"}
RESULT: {}
RESULT: {"using":"xpath","value":"//*[@id=\"application-managepartners-display-component---NewPartner--partnerDetailsCurrency-arrow\"]"}
COMMAND: POST /session/3c28004edfbf3c6cdcf5221cd875a4b1/element/f.B144892EA8D4B745C91A45796582BC5B.d.1428917EBBCCF96098BCBFBC823E2DDB.e.3981/click - {}
RESULT: {}
COMMAND: POST /session/3c28004edfbf3c6cdcf5221cd875a4b1/element - {"using":"xpath","value":"//span[contains(text(), \"US Dollar\")]"}
COMMAND: GET /session/3c28004edfbf3c6cdcf5221cd875a4b1/screenshot - {}
RESULT: {"using":"xpath","value":"//span[contains(text(), \"US Dollar\")]"}
COMMAND: POST /session/3c28004edfbf3c6cdcf5221cd875a4b1/element/f.B144892EA8D4B745C91A45796582BC5B.d.1428917EBBCCF96098BCBFBC823E2DDB.e.3982/click - {}
RESULT: {}
RESULT: {}
COMMAND: GET /session/3c28004edfbf3c6cdcf5221cd875a4b1/screenshot - {}
RESULT: {}
COMMAND: POST /session/3c28004edfbf3c6cdcf5221cd875a4b1/element - {"using":"xpath","value":"//input[@id=\"application-managepartners-display-component---NewPartner--companyCodeComboBox-inner\"]"}
RESULT: {"using":"xpath","value":"//input[@id=\"application-managepartners-display-component---NewPartner--companyCodeComboBox-inner\"]"}
COMMAND: POST /session/3c28004edfbf3c6cdcf5221cd875a4b1/element/f.B144892EA8D4B745C91A45796582BC5B.d.1428917EBBCCF96098BCBFBC823E2DDB.e.3821/clear - {}
RESULT: {}
COMMAND: POST /session/3c28004edfbf3c6cdcf5221cd875a4b1/element/f.B144892EA8D4B745C91A45796582BC5B.d.1428917EBBCCF96098BCBFBC823E2DDB.e.3821/value - {"text":"C002"}
COMMAND: GET /session/3c28004edfbf3c6cdcf5221cd875a4b1/screenshot - {}
RESULT: {"text":"C002"}
COMMAND: GET /session/3c28004edfbf3c6cdcf5221cd875a4b1/screenshot - {}
RESULT: {}
RESULT: {}
COMMAND: POST /session/3c28004edfbf3c6cdcf5221cd875a4b1/element - {"using":"xpath","value":"//span[contains(text(), \"C002\")]"}
RESULT: {"using":"xpath","value":"//span[contains(text(), \"C002\")]"}
COMMAND: POST /session/3c28004edfbf3c6cdcf5221cd875a4b1/element/f.B144892EA8D4B745C91A45796582BC5B.d.1428917EBBCCF96098BCBFBC823E2DDB.e.3986/click - {}
RESULT: {}
COMMAND: GET /session/3c28004edfbf3c6cdcf5221cd875a4b1/screenshot - {}
RESULT: {}
COMMAND: POST /session/3c28004edfbf3c6cdcf5221cd875a4b1/execute/async - {"script":"<script> [1562 bytes]","args":[{"selector":{"id":"application-managepartners-display-component---NewPartner--btnAddTableRow-img"},"wdio_ui5_key":"applicationmanagepartners-display-component---NewPartner--btnAddTableRow-img"}]}
RESULT: {"script":"<script> [1562 bytes]","args":[{"selector":{"id":"application-managepartners-display-component---NewPartner--btnAddTableRow-img"},"wdio_ui5_key":"applicationmanagepartners-display-component---NewPartner--btnAddTableRow-img"}]}
RESULT: undefined
COMMAND: POST /session/3c28004edfbf3c6cdcf5221cd875a4b1/element - {"using":"xpath","value":"//*[@id=\"application-managepartners-display-component---NewPartner--btnAddTableRow-img\"]"}
RESULT: {"using":"xpath","value":"//*[@id=\"application-managepartners-display-component---NewPartner--btnAddTableRow-img\"]"}
COMMAND: POST /session/3c28004edfbf3c6cdcf5221cd875a4b1/element/f.B144892EA8D4B745C91A45796582BC5B.d.1428917EBBCCF96098BCBFBC823E2DDB.e.3987/click - {}
RESULT: {}
COMMAND: GET /session/3c28004edfbf3c6cdcf5221cd875a4b1/screenshot - {}
RESULT: {}
COMMAND: POST /session/3c28004edfbf3c6cdcf5221cd875a4b1/element - {"using":"xpath","value":"//input[@id=\"application-managepartners-display-component---NewPartner--assignmentYard-application-managepartners-display-component---NewPartner--assignmentsTable-0-inner\"]"}
RESULT: {"using":"xpath","value":"//input[@id=\"application-managepartners-display-component---NewPartner--assignmentYard-application-managepartners-display-component---NewPartner--assignmentsTable-0-inner\"]"}
COMMAND: POST /session/3c28004edfbf3c6cdcf5221cd875a4b1/element/f.B144892EA8D4B745C91A45796582BC5B.d.1428917EBBCCF96098BCBFBC823E2DDB.e.3990/clear - {}
RESULT: {}
COMMAND: POST /session/3c28004edfbf3c6cdcf5221cd875a4b1/element/f.B144892EA8D4B745C91A45796582BC5B.d.1428917EBBCCF96098BCBFBC823E2DDB.e.3990/value - {"text":"429"}
COMMAND: GET /session/3c28004edfbf3c6cdcf5221cd875a4b1/screenshot - {}
RESULT: {"text":"429"}
COMMAND: GET /session/3c28004edfbf3c6cdcf5221cd875a4b1/screenshot - {}
RESULT: {}
RESULT: {}
COMMAND: POST /session/3c28004edfbf3c6cdcf5221cd875a4b1/element - {"using":"xpath","value":"//li[.//span[text()='429']]"}
RESULT: {"using":"xpath","value":"//li[.//span[text()='429']]"}
COMMAND: POST /session/3c28004edfbf3c6cdcf5221cd875a4b1/element/f.B144892EA8D4B745C91A45796582BC5B.d.1428917EBBCCF96098BCBFBC823E2DDB.e.3998/click - {}
RESULT: {}
COMMAND: GET /session/3c28004edfbf3c6cdcf5221cd875a4b1/screenshot - {}
RESULT: {}
COMMAND: POST /session/3c28004edfbf3c6cdcf5221cd875a4b1/actions - {"actions":[{"id":"action6","type":"key","parameters":{},"actions":[{"type":"keyDown","value":"î€‡"},{"type":"pause","duration":10},{"type":"keyUp","value":"î€‡"}]}]}
RESULT: {"actions":[{"id":"action6","type":"key","parameters":{},"actions":[{"type":"keyDown","value":"î€‡"},{"type":"pause","duration":10},{"type":"keyUp","value":"î€‡"}]}]}
COMMAND: POST /session/3c28004edfbf3c6cdcf5221cd875a4b1/element - {"using":"xpath","value":"//td[contains(@id, \"assignmentsTable-0-cell2\")]/div/div"}
COMMAND: GET /session/3c28004edfbf3c6cdcf5221cd875a4b1/screenshot - {}
RESULT: {"using":"xpath","value":"//td[contains(@id, \"assignmentsTable-0-cell2\")]/div/div"}
COMMAND: POST /session/3c28004edfbf3c6cdcf5221cd875a4b1/element/f.B144892EA8D4B745C91A45796582BC5B.d.1428917EBBCCF96098BCBFBC823E2DDB.e.4001/click - {}
RESULT: {}
RESULT: {}
COMMAND: GET /session/3c28004edfbf3c6cdcf5221cd875a4b1/screenshot - {}
RESULT: {}
COMMAND: POST /session/3c28004edfbf3c6cdcf5221cd875a4b1/element - {"using":"xpath","value":"//button[@data-kt=\"saveButton\"]"}
RESULT: {"using":"xpath","value":"//button[@data-kt=\"saveButton\"]"}
COMMAND: POST /session/3c28004edfbf3c6cdcf5221cd875a4b1/element/f.B144892EA8D4B745C91A45796582BC5B.d.1428917EBBCCF96098BCBFBC823E2DDB.e.3900/click - {}
RESULT: {}
COMMAND: GET /session/3c28004edfbf3c6cdcf5221cd875a4b1/screenshot - {}
RESULT: {}
COMMAND: POST /session/3c28004edfbf3c6cdcf5221cd875a4b1/element - {"using":"xpath","value":"//header[contains(@id, 'ObjectPageLayout-headerTitle')]/div[1]/div[2]/div[2]/span[1]"}
RESULT: {"using":"xpath","value":"//header[contains(@id, 'ObjectPageLayout-headerTitle')]/div[1]/div[2]/div[2]/span[1]"}
COMMAND: POST /session/3c28004edfbf3c6cdcf5221cd875a4b1/elements - {"using":"xpath","value":"//header[contains(@id, 'ObjectPageLayout-headerTitle')]/div[1]/div[2]/div[2]/span[1]"}
RESULT: {"using":"xpath","value":"//header[contains(@id, 'ObjectPageLayout-headerTitle')]/div[1]/div[2]/div[2]/span[1]"}
COMMAND: POST /session/3c28004edfbf3c6cdcf5221cd875a4b1/execute/sync - {"script":"<script> [56 bytes]","args":[{"element-6066-11e4-a52e-4f735466cecf":"f.B144892EA8D4B745C91A45796582BC5B.d.1428917EBBCCF96098BCBFBC823E2DDB.e.4161","ELEMENT":"f.B144892EA8D4B745C91A45796582BC5B.d.1428917EBBCCF96098BCBFBC823E2DDB.e.4161"}]}
RESULT: {"script":"<script> [56 bytes]","args":[{"element-6066-11e4-a52e-4f735466cecf":"f.B144892EA8D4B745C91A45796582BC5B.d.1428917EBBCCF96098BCBFBC823E2DDB.e.4161","ELEMENT":"f.B144892EA8D4B745C91A45796582BC5B.d.1428917EBBCCF96098BCBFBC823E2DDB.e.4161"}]}
COMMAND: POST /session/3c28004edfbf3c6cdcf5221cd875a4b1/element - {"using":"css selector","value":"#shell-header-logo"}
COMMAND: GET /session/3c28004edfbf3c6cdcf5221cd875a4b1/screenshot - {}
RESULT: {"using":"css selector","value":"#shell-header-logo"}
COMMAND: POST /session/3c28004edfbf3c6cdcf5221cd875a4b1/element/f.B144892EA8D4B745C91A45796582BC5B.d.1428917EBBCCF96098BCBFBC823E2DDB.e.3473/click - {}
RESULT: {}
RESULT: {}
COMMAND: GET /session/3c28004edfbf3c6cdcf5221cd875a4b1/screenshot - {}
RESULT: {}
COMMAND: POST /session/3c28004edfbf3c6cdcf5221cd875a4b1/execute/sync - {"script":"<script> [299 bytes]","args":[["getModel","getResource"]]}
RESULT: {"script":"<script> [299 bytes]","args":[["getModel","getResource"]]}
COMMAND: GET /session/3c28004edfbf3c6cdcf5221cd875a4b1/screenshot - {}
]]></system-out>
    </testcase>
    <testcase classname="chrome.135_0_7049_96.windows.Create_partner_US118246" name="Should create new external WHM partner" time="70.947">
      <system-out><![CDATA[
COMMAND: POST /session/3c28004edfbf3c6cdcf5221cd875a4b1/window/fullscreen - {}
RESULT: {}
RESULT: {}
RESULT: undefined
COMMAND: POST /session/3c28004edfbf3c6cdcf5221cd875a4b1/element - {"using":"xpath","value":"//*[@id=\"__tile38\"]"}
RESULT: {"using":"xpath","value":"//*[@id=\"__tile38\"]"}
COMMAND: POST /session/3c28004edfbf3c6cdcf5221cd875a4b1/element/f.B144892EA8D4B745C91A45796582BC5B.d.1428917EBBCCF96098BCBFBC823E2DDB.e.3360/click - {}
RESULT: {}
COMMAND: POST /session/3c28004edfbf3c6cdcf5221cd875a4b1/element - {"using":"xpath","value":"//button[@data-kt=\"addButton\"]"}
COMMAND: GET /session/3c28004edfbf3c6cdcf5221cd875a4b1/screenshot - {}
RESULT: {"using":"xpath","value":"//button[@data-kt=\"addButton\"]"}
COMMAND: POST /session/3c28004edfbf3c6cdcf5221cd875a4b1/elements - {"using":"xpath","value":"//button[@data-kt=\"addButton\"]"}
RESULT: {}
RESULT: {"using":"xpath","value":"//button[@data-kt=\"addButton\"]"}
COMMAND: POST /session/3c28004edfbf3c6cdcf5221cd875a4b1/elements - {"using":"xpath","value":"//button[@data-kt=\"addButton\"]"}
RESULT: {"using":"xpath","value":"//button[@data-kt=\"addButton\"]"}
COMMAND: POST /session/3c28004edfbf3c6cdcf5221cd875a4b1/elements - {"using":"xpath","value":"//button[@data-kt=\"addButton\"]"}
RESULT: {"using":"xpath","value":"//button[@data-kt=\"addButton\"]"}
COMMAND: POST /session/3c28004edfbf3c6cdcf5221cd875a4b1/elements - {"using":"xpath","value":"//button[@data-kt=\"addButton\"]"}
RESULT: {"using":"xpath","value":"//button[@data-kt=\"addButton\"]"}
COMMAND: POST /session/3c28004edfbf3c6cdcf5221cd875a4b1/elements - {"using":"xpath","value":"//button[@data-kt=\"addButton\"]"}
RESULT: {"using":"xpath","value":"//button[@data-kt=\"addButton\"]"}
COMMAND: POST /session/3c28004edfbf3c6cdcf5221cd875a4b1/elements - {"using":"xpath","value":"//button[@data-kt=\"addButton\"]"}
RESULT: {"using":"xpath","value":"//button[@data-kt=\"addButton\"]"}
COMMAND: POST /session/3c28004edfbf3c6cdcf5221cd875a4b1/elements - {"using":"xpath","value":"//button[@data-kt=\"addButton\"]"}
RESULT: {"using":"xpath","value":"//button[@data-kt=\"addButton\"]"}
COMMAND: POST /session/3c28004edfbf3c6cdcf5221cd875a4b1/elements - {"using":"xpath","value":"//button[@data-kt=\"addButton\"]"}
RESULT: {"using":"xpath","value":"//button[@data-kt=\"addButton\"]"}
COMMAND: POST /session/3c28004edfbf3c6cdcf5221cd875a4b1/elements - {"using":"xpath","value":"//button[@data-kt=\"addButton\"]"}
RESULT: {"using":"xpath","value":"//button[@data-kt=\"addButton\"]"}
COMMAND: POST /session/3c28004edfbf3c6cdcf5221cd875a4b1/elements - {"using":"xpath","value":"//button[@data-kt=\"addButton\"]"}
RESULT: {"using":"xpath","value":"//button[@data-kt=\"addButton\"]"}
COMMAND: POST /session/3c28004edfbf3c6cdcf5221cd875a4b1/elements - {"using":"xpath","value":"//button[@data-kt=\"addButton\"]"}
RESULT: {"using":"xpath","value":"//button[@data-kt=\"addButton\"]"}
COMMAND: POST /session/3c28004edfbf3c6cdcf5221cd875a4b1/element - {"using":"xpath","value":"//button[@data-kt=\"addButton\"]"}
RESULT: {"using":"xpath","value":"//button[@data-kt=\"addButton\"]"}
COMMAND: POST /session/3c28004edfbf3c6cdcf5221cd875a4b1/execute/sync - {"script":"<script> [8489 bytes]","args":[{"element-6066-11e4-a52e-4f735466cecf":"f.B144892EA8D4B745C91A45796582BC5B.d.1428917EBBCCF96098BCBFBC823E2DDB.e.4208","ELEMENT":"f.B144892EA8D4B745C91A45796582BC5B.d.1428917EBBCCF96098BCBFBC823E2DDB.e.4208"}]}
RESULT: {"script":"<script> [8489 bytes]","args":[{"element-6066-11e4-a52e-4f735466cecf":"f.B144892EA8D4B745C91A45796582BC5B.d.1428917EBBCCF96098BCBFBC823E2DDB.e.4208","ELEMENT":"f.B144892EA8D4B745C91A45796582BC5B.d.1428917EBBCCF96098BCBFBC823E2DDB.e.4208"}]}
COMMAND: GET /session/3c28004edfbf3c6cdcf5221cd875a4b1/element/f.B144892EA8D4B745C91A45796582BC5B.d.1428917EBBCCF96098BCBFBC823E2DDB.e.4208/enabled - {}
COMMAND: GET /session/3c28004edfbf3c6cdcf5221cd875a4b1/screenshot - {}
RESULT: {}
COMMAND: POST /session/3c28004edfbf3c6cdcf5221cd875a4b1/execute/sync - {"script":"<script> [8489 bytes]","args":[{"element-6066-11e4-a52e-4f735466cecf":"f.B144892EA8D4B745C91A45796582BC5B.d.1428917EBBCCF96098BCBFBC823E2DDB.e.4208","ELEMENT":"f.B144892EA8D4B745C91A45796582BC5B.d.1428917EBBCCF96098BCBFBC823E2DDB.e.4208"}]}
COMMAND: GET /session/3c28004edfbf3c6cdcf5221cd875a4b1/screenshot - {}
RESULT: {}
RESULT: {"script":"<script> [8489 bytes]","args":[{"element-6066-11e4-a52e-4f735466cecf":"f.B144892EA8D4B745C91A45796582BC5B.d.1428917EBBCCF96098BCBFBC823E2DDB.e.4208","ELEMENT":"f.B144892EA8D4B745C91A45796582BC5B.d.1428917EBBCCF96098BCBFBC823E2DDB.e.4208"}]}
COMMAND: POST /session/3c28004edfbf3c6cdcf5221cd875a4b1/execute/sync - {"script":"<script> [5351 bytes]","args":[{"element-6066-11e4-a52e-4f735466cecf":"f.B144892EA8D4B745C91A45796582BC5B.d.1428917EBBCCF96098BCBFBC823E2DDB.e.4208","ELEMENT":"f.B144892EA8D4B745C91A45796582BC5B.d.1428917EBBCCF96098BCBFBC823E2DDB.e.4208"}]}
COMMAND: GET /session/3c28004edfbf3c6cdcf5221cd875a4b1/screenshot - {}
RESULT: {}
RESULT: {"script":"<script> [5351 bytes]","args":[{"element-6066-11e4-a52e-4f735466cecf":"f.B144892EA8D4B745C91A45796582BC5B.d.1428917EBBCCF96098BCBFBC823E2DDB.e.4208","ELEMENT":"f.B144892EA8D4B745C91A45796582BC5B.d.1428917EBBCCF96098BCBFBC823E2DDB.e.4208"}]}
COMMAND: POST /session/3c28004edfbf3c6cdcf5221cd875a4b1/element/f.B144892EA8D4B745C91A45796582BC5B.d.1428917EBBCCF96098BCBFBC823E2DDB.e.4208/click - {}
COMMAND: GET /session/3c28004edfbf3c6cdcf5221cd875a4b1/screenshot - {}
RESULT: {}
RESULT: {}
COMMAND: GET /session/3c28004edfbf3c6cdcf5221cd875a4b1/screenshot - {}
RESULT: undefined
COMMAND: POST /session/3c28004edfbf3c6cdcf5221cd875a4b1/execute/async - {"script":"<script> [776 bytes]","args":[{"enterText":"WHM Partner WDIO","selector":{"id":"application-managepartners-display-component---NewPartner--addressDetailDetailsName1","interaction":{"idSuffix":"inner"}},"clearTextFirst":true,"interactionType":"ENTER_TEXT"}]}
RESULT: {}
RESULT: {}
RESULT: {"script":"<script> [776 bytes]","args":[{"enterText":"WHM Partner WDIO","selector":{"id":"application-managepartners-display-component---NewPartner--addressDetailDetailsName1","interaction":{"idSuffix":"inner"}},"clearTextFirst":true,"interactionType":"ENTER_TEXT"}]}
RESULT: undefined
COMMAND: POST /session/3c28004edfbf3c6cdcf5221cd875a4b1/element - {"using":"xpath","value":"//*[@id=\"application-managepartners-display-component---NewPartner--addressDetailDetailsLanguage-arrow\"]"}
RESULT: {"using":"xpath","value":"//*[@id=\"application-managepartners-display-component---NewPartner--addressDetailDetailsLanguage-arrow\"]"}
COMMAND: POST /session/3c28004edfbf3c6cdcf5221cd875a4b1/element/f.B144892EA8D4B745C91A45796582BC5B.d.1428917EBBCCF96098BCBFBC823E2DDB.e.4639/click - {}
RESULT: {}
COMMAND: POST /session/3c28004edfbf3c6cdcf5221cd875a4b1/element - {"using":"xpath","value":"//span[contains(text(), \"English\")]"}
COMMAND: GET /session/3c28004edfbf3c6cdcf5221cd875a4b1/screenshot - {}
RESULT: {"using":"xpath","value":"//span[contains(text(), \"English\")]"}
COMMAND: POST /session/3c28004edfbf3c6cdcf5221cd875a4b1/element/f.B144892EA8D4B745C91A45796582BC5B.d.1428917EBBCCF96098BCBFBC823E2DDB.e.4640/click - {}
RESULT: {}
RESULT: {}
COMMAND: GET /session/3c28004edfbf3c6cdcf5221cd875a4b1/screenshot - {}
RESULT: {}
RESULT: undefined
COMMAND: POST /session/3c28004edfbf3c6cdcf5221cd875a4b1/execute/async - {"script":"<script> [776 bytes]","args":[{"enterText":"Rosario","selector":{"id":"application-managepartners-display-component---NewPartner--addressDetailDetailsCity1","interaction":{"idSuffix":"inner"}},"clearTextFirst":true,"interactionType":"ENTER_TEXT"}]}
RESULT: {"script":"<script> [776 bytes]","args":[{"enterText":"Rosario","selector":{"id":"application-managepartners-display-component---NewPartner--addressDetailDetailsCity1","interaction":{"idSuffix":"inner"}},"clearTextFirst":true,"interactionType":"ENTER_TEXT"}]}
RESULT: undefined
COMMAND: POST /session/3c28004edfbf3c6cdcf5221cd875a4b1/element - {"using":"xpath","value":"//*[@id=\"application-managepartners-display-component---NewPartner--addressDetailDetailsCountry-arrow\"]"}
RESULT: {"using":"xpath","value":"//*[@id=\"application-managepartners-display-component---NewPartner--addressDetailDetailsCountry-arrow\"]"}
COMMAND: POST /session/3c28004edfbf3c6cdcf5221cd875a4b1/element/f.B144892EA8D4B745C91A45796582BC5B.d.1428917EBBCCF96098BCBFBC823E2DDB.e.4627/click - {}
RESULT: {}
COMMAND: POST /session/3c28004edfbf3c6cdcf5221cd875a4b1/element - {"using":"xpath","value":"//span[contains(text(), \"Argentina\")]"}
COMMAND: GET /session/3c28004edfbf3c6cdcf5221cd875a4b1/screenshot - {}
RESULT: {"using":"xpath","value":"//span[contains(text(), \"Argentina\")]"}
COMMAND: POST /session/3c28004edfbf3c6cdcf5221cd875a4b1/element/f.B144892EA8D4B745C91A45796582BC5B.d.1428917EBBCCF96098BCBFBC823E2DDB.e.4641/click - {}
RESULT: {}
RESULT: {}
COMMAND: GET /session/3c28004edfbf3c6cdcf5221cd875a4b1/screenshot - {}
RESULT: {}
COMMAND: POST /session/3c28004edfbf3c6cdcf5221cd875a4b1/element - {"using":"xpath","value":"//bdi[contains(text(), \"Commercial\")]"}
RESULT: {"using":"xpath","value":"//bdi[contains(text(), \"Commercial\")]"}
COMMAND: POST /session/3c28004edfbf3c6cdcf5221cd875a4b1/element/f.B144892EA8D4B745C91A45796582BC5B.d.1428917EBBCCF96098BCBFBC823E2DDB.e.4642/click - {}
RESULT: {}
COMMAND: GET /session/3c28004edfbf3c6cdcf5221cd875a4b1/screenshot - {}
RESULT: {}
RESULT: undefined
COMMAND: POST /session/3c28004edfbf3c6cdcf5221cd875a4b1/element - {"using":"xpath","value":"//*[@id=\"application-managepartners-display-component---NewPartner--partnerDetailInternal-arrow\"]"}
RESULT: {"using":"xpath","value":"//*[@id=\"application-managepartners-display-component---NewPartner--partnerDetailInternal-arrow\"]"}
COMMAND: POST /session/3c28004edfbf3c6cdcf5221cd875a4b1/element/f.B144892EA8D4B745C91A45796582BC5B.d.1428917EBBCCF96098BCBFBC823E2DDB.e.4650/click - {}
RESULT: {}
COMMAND: POST /session/3c28004edfbf3c6cdcf5221cd875a4b1/element - {"using":"xpath","value":"//span[contains(text(), \"External partner\")]"}
COMMAND: GET /session/3c28004edfbf3c6cdcf5221cd875a4b1/screenshot - {}
RESULT: {"using":"xpath","value":"//span[contains(text(), \"External partner\")]"}
COMMAND: POST /session/3c28004edfbf3c6cdcf5221cd875a4b1/element/f.B144892EA8D4B745C91A45796582BC5B.d.1428917EBBCCF96098BCBFBC823E2DDB.e.4651/click - {}
RESULT: {}
RESULT: {}
RESULT: undefined
COMMAND: POST /session/3c28004edfbf3c6cdcf5221cd875a4b1/element - {"using":"xpath","value":"//*[@id=\"application-managepartners-display-component---NewPartner--partnerDetailsCurrency-arrow\"]"}
COMMAND: GET /session/3c28004edfbf3c6cdcf5221cd875a4b1/screenshot - {}
RESULT: {"using":"xpath","value":"//*[@id=\"application-managepartners-display-component---NewPartner--partnerDetailsCurrency-arrow\"]"}
COMMAND: POST /session/3c28004edfbf3c6cdcf5221cd875a4b1/element/f.B144892EA8D4B745C91A45796582BC5B.d.1428917EBBCCF96098BCBFBC823E2DDB.e.4656/click - {}
RESULT: {}
RESULT: {}
COMMAND: POST /session/3c28004edfbf3c6cdcf5221cd875a4b1/element - {"using":"xpath","value":"//span[contains(text(), \"US Dollar\")]"}
COMMAND: GET /session/3c28004edfbf3c6cdcf5221cd875a4b1/screenshot - {}
RESULT: {"using":"xpath","value":"//span[contains(text(), \"US Dollar\")]"}
COMMAND: POST /session/3c28004edfbf3c6cdcf5221cd875a4b1/element/f.B144892EA8D4B745C91A45796582BC5B.d.1428917EBBCCF96098BCBFBC823E2DDB.e.4657/click - {}
RESULT: {}
RESULT: {}
COMMAND: GET /session/3c28004edfbf3c6cdcf5221cd875a4b1/screenshot - {}
RESULT: {}
COMMAND: POST /session/3c28004edfbf3c6cdcf5221cd875a4b1/element - {"using":"xpath","value":"//input[@id=\"application-managepartners-display-component---NewPartner--companyCodeComboBox-inner\"]"}
RESULT: {"using":"xpath","value":"//input[@id=\"application-managepartners-display-component---NewPartner--companyCodeComboBox-inner\"]"}
COMMAND: POST /session/3c28004edfbf3c6cdcf5221cd875a4b1/element/f.B144892EA8D4B745C91A45796582BC5B.d.1428917EBBCCF96098BCBFBC823E2DDB.e.4506/clear - {}
RESULT: {}
COMMAND: POST /session/3c28004edfbf3c6cdcf5221cd875a4b1/element/f.B144892EA8D4B745C91A45796582BC5B.d.1428917EBBCCF96098BCBFBC823E2DDB.e.4506/value - {"text":"C002"}
COMMAND: GET /session/3c28004edfbf3c6cdcf5221cd875a4b1/screenshot - {}
RESULT: {"text":"C002"}
COMMAND: GET /session/3c28004edfbf3c6cdcf5221cd875a4b1/screenshot - {}
RESULT: {}
RESULT: {}
COMMAND: POST /session/3c28004edfbf3c6cdcf5221cd875a4b1/element - {"using":"xpath","value":"//span[contains(text(), \"C002\")]"}
RESULT: {"using":"xpath","value":"//span[contains(text(), \"C002\")]"}
COMMAND: POST /session/3c28004edfbf3c6cdcf5221cd875a4b1/element/f.B144892EA8D4B745C91A45796582BC5B.d.1428917EBBCCF96098BCBFBC823E2DDB.e.4661/click - {}
RESULT: {}
COMMAND: GET /session/3c28004edfbf3c6cdcf5221cd875a4b1/screenshot - {}
RESULT: {}
RESULT: undefined
COMMAND: POST /session/3c28004edfbf3c6cdcf5221cd875a4b1/element - {"using":"xpath","value":"//*[@id=\"application-managepartners-display-component---NewPartner--btnAddTableRow-img\"]"}
RESULT: {"using":"xpath","value":"//*[@id=\"application-managepartners-display-component---NewPartner--btnAddTableRow-img\"]"}
COMMAND: POST /session/3c28004edfbf3c6cdcf5221cd875a4b1/element/f.B144892EA8D4B745C91A45796582BC5B.d.1428917EBBCCF96098BCBFBC823E2DDB.e.4662/click - {}
RESULT: {}
COMMAND: GET /session/3c28004edfbf3c6cdcf5221cd875a4b1/screenshot - {}
RESULT: {}
COMMAND: POST /session/3c28004edfbf3c6cdcf5221cd875a4b1/element - {"using":"xpath","value":"//input[@id=\"application-managepartners-display-component---NewPartner--assignmentYard-application-managepartners-display-component---NewPartner--assignmentsTable-0-inner\"]"}
RESULT: {"using":"xpath","value":"//input[@id=\"application-managepartners-display-component---NewPartner--assignmentYard-application-managepartners-display-component---NewPartner--assignmentsTable-0-inner\"]"}
COMMAND: POST /session/3c28004edfbf3c6cdcf5221cd875a4b1/element/f.B144892EA8D4B745C91A45796582BC5B.d.1428917EBBCCF96098BCBFBC823E2DDB.e.4665/clear - {}
RESULT: {}
COMMAND: POST /session/3c28004edfbf3c6cdcf5221cd875a4b1/element/f.B144892EA8D4B745C91A45796582BC5B.d.1428917EBBCCF96098BCBFBC823E2DDB.e.4665/value - {"text":"430"}
COMMAND: GET /session/3c28004edfbf3c6cdcf5221cd875a4b1/screenshot - {}
RESULT: {"text":"430"}
COMMAND: GET /session/3c28004edfbf3c6cdcf5221cd875a4b1/screenshot - {}
RESULT: {}
RESULT: {}
COMMAND: POST /session/3c28004edfbf3c6cdcf5221cd875a4b1/element - {"using":"xpath","value":"//li[.//span[text()='430']]"}
RESULT: {"using":"xpath","value":"//li[.//span[text()='430']]"}
COMMAND: POST /session/3c28004edfbf3c6cdcf5221cd875a4b1/element/f.B144892EA8D4B745C91A45796582BC5B.d.1428917EBBCCF96098BCBFBC823E2DDB.e.4673/click - {}
RESULT: {}
COMMAND: GET /session/3c28004edfbf3c6cdcf5221cd875a4b1/screenshot - {}
RESULT: {}
COMMAND: POST /session/3c28004edfbf3c6cdcf5221cd875a4b1/actions - {"actions":[{"id":"action7","type":"key","parameters":{},"actions":[{"type":"keyDown","value":"î€‡"},{"type":"pause","duration":10},{"type":"keyUp","value":"î€‡"}]}]}
RESULT: {"actions":[{"id":"action7","type":"key","parameters":{},"actions":[{"type":"keyDown","value":"î€‡"},{"type":"pause","duration":10},{"type":"keyUp","value":"î€‡"}]}]}
COMMAND: POST /session/3c28004edfbf3c6cdcf5221cd875a4b1/element - {"using":"xpath","value":"//td[contains(@id, \"assignmentsTable-0-cell2\")]/div/div"}
COMMAND: GET /session/3c28004edfbf3c6cdcf5221cd875a4b1/screenshot - {}
RESULT: {"using":"xpath","value":"//td[contains(@id, \"assignmentsTable-0-cell2\")]/div/div"}
COMMAND: POST /session/3c28004edfbf3c6cdcf5221cd875a4b1/element/f.B144892EA8D4B745C91A45796582BC5B.d.1428917EBBCCF96098BCBFBC823E2DDB.e.4676/click - {}
RESULT: {}
RESULT: {}
COMMAND: GET /session/3c28004edfbf3c6cdcf5221cd875a4b1/screenshot - {}
RESULT: {}
COMMAND: POST /session/3c28004edfbf3c6cdcf5221cd875a4b1/element - {"using":"xpath","value":"//button[@data-kt=\"saveButton\"]"}
RESULT: {"using":"xpath","value":"//button[@data-kt=\"saveButton\"]"}
COMMAND: POST /session/3c28004edfbf3c6cdcf5221cd875a4b1/element/f.B144892EA8D4B745C91A45796582BC5B.d.1428917EBBCCF96098BCBFBC823E2DDB.e.4577/click - {}
RESULT: {}
COMMAND: GET /session/3c28004edfbf3c6cdcf5221cd875a4b1/screenshot - {}
RESULT: {}
COMMAND: POST /session/3c28004edfbf3c6cdcf5221cd875a4b1/element - {"using":"xpath","value":"//header[contains(@id, 'ObjectPageLayout-headerTitle')]/div[1]/div[2]/div[2]/span[1]"}
RESULT: {"using":"xpath","value":"//header[contains(@id, 'ObjectPageLayout-headerTitle')]/div[1]/div[2]/div[2]/span[1]"}
COMMAND: POST /session/3c28004edfbf3c6cdcf5221cd875a4b1/elements - {"using":"xpath","value":"//header[contains(@id, 'ObjectPageLayout-headerTitle')]/div[1]/div[2]/div[2]/span[1]"}
RESULT: {"using":"xpath","value":"//header[contains(@id, 'ObjectPageLayout-headerTitle')]/div[1]/div[2]/div[2]/span[1]"}
COMMAND: POST /session/3c28004edfbf3c6cdcf5221cd875a4b1/execute/sync - {"script":"<script> [56 bytes]","args":[{"element-6066-11e4-a52e-4f735466cecf":"f.B144892EA8D4B745C91A45796582BC5B.d.1428917EBBCCF96098BCBFBC823E2DDB.e.4838","ELEMENT":"f.B144892EA8D4B745C91A45796582BC5B.d.1428917EBBCCF96098BCBFBC823E2DDB.e.4838"}]}
RESULT: {"script":"<script> [56 bytes]","args":[{"element-6066-11e4-a52e-4f735466cecf":"f.B144892EA8D4B745C91A45796582BC5B.d.1428917EBBCCF96098BCBFBC823E2DDB.e.4838","ELEMENT":"f.B144892EA8D4B745C91A45796582BC5B.d.1428917EBBCCF96098BCBFBC823E2DDB.e.4838"}]}
COMMAND: POST /session/3c28004edfbf3c6cdcf5221cd875a4b1/element - {"using":"css selector","value":"#shell-header-logo"}
COMMAND: GET /session/3c28004edfbf3c6cdcf5221cd875a4b1/screenshot - {}
RESULT: {"using":"css selector","value":"#shell-header-logo"}
COMMAND: POST /session/3c28004edfbf3c6cdcf5221cd875a4b1/element/f.B144892EA8D4B745C91A45796582BC5B.d.1428917EBBCCF96098BCBFBC823E2DDB.e.4164/click - {}
RESULT: {}
RESULT: {}
COMMAND: GET /session/3c28004edfbf3c6cdcf5221cd875a4b1/screenshot - {}
RESULT: {}
COMMAND: POST /session/3c28004edfbf3c6cdcf5221cd875a4b1/execute/sync - {"script":"<script> [299 bytes]","args":[["getModel","getResource"]]}
RESULT: {"script":"<script> [299 bytes]","args":[["getModel","getResource"]]}
COMMAND: POST /session/3c28004edfbf3c6cdcf5221cd875a4b1/refresh - {}
COMMAND: GET /session/3c28004edfbf3c6cdcf5221cd875a4b1/screenshot - {}
RESULT: {}
COMMAND: GET /session/3c28004edfbf3c6cdcf5221cd875a4b1/screenshot - {}
RESULT: {}
RESULT: {}
COMMAND: POST /session/3c28004edfbf3c6cdcf5221cd875a4b1/refresh - {}
RESULT: {}
COMMAND: GET /session/3c28004edfbf3c6cdcf5221cd875a4b1/screenshot - {}
RESULT: {}
COMMAND: POST /session/3c28004edfbf3c6cdcf5221cd875a4b1/window/fullscreen - {}
RESULT: {}
COMMAND: POST /session/3c28004edfbf3c6cdcf5221cd875a4b1/execute/async - {"script":"<script> [189 bytes]","args":[]}
RESULT: {"script":"<script> [189 bytes]","args":[]}
COMMAND: POST /session/3c28004edfbf3c6cdcf5221cd875a4b1/execute/async - {"script":"<script> [123 bytes]","args":[]}
RESULT: {"script":"<script> [123 bytes]","args":[]}
COMMAND: POST /session/3c28004edfbf3c6cdcf5221cd875a4b1/timeouts - {"script":"<number>"}
RESULT: {"script":"<number>"}
COMMAND: GET /session/3c28004edfbf3c6cdcf5221cd875a4b1/timeouts - {}
RESULT: {}
RESULT: undefined
COMMAND: POST /session/3c28004edfbf3c6cdcf5221cd875a4b1/execute/async - {"script":"<script> [2676 bytes]","args":[]}
RESULT: {"script":"<script> [2676 bytes]","args":[]}
COMMAND: POST /session/3c28004edfbf3c6cdcf5221cd875a4b1/execute/async - {"script":"<script> [2342 bytes]","args":[{"protocol":"http","hostname":"0.0.0.0","path":"/","capabilities":{"browserName":"chrome","goog:chromeOptions":{"binary":"C:\\Program Files\\Google\\Chrome\\Application\\chrome.exe","args":["--start-maximized"]}},"logLevel":"warn","connectionRetryTimeout":120000,"connectionRetryCount":3,"logLevels":{},"enableDirectConnect":true,"strictSSL":true,"_":"65 more keys: [\"cacheDir\",\"port\",\"requestedCapabilities\",\"automationProtocol\",\"baseUrl\",\"waitforInterval\",\"waitforTimeout\",\"onReload\",\"beforeCommand\",\"afterCommand\",\"rootDir\",\"specs\",\"suites\",\"exclude\",\"groupLogsByTestSpec\",\"excludeDriverLogs\",\"bail\",\"framework\",\"reporters\",\"services\",\"maxInstances\",\"maxInstancesPerCapability\",\"injectGlobals\",\"filesToWatch\",\"execArgv\",\"runnerEnv\",\"runner\",\"shard\",\"specFileRetries\",\"specFileRetriesDelay\",\"specFileRetriesDeferred\",\"reporterSyncInterval\",\"reporterSyncTimeout\",\"cucumberFeaturesWithLineNumbers\",\"autoCompileOpts\",\"mochaOpts\",\"jasmineOpts\",\"cucumberOpts\",\"onPrepare\",\"onWorkerStart\",\"onWorkerEnd\",\"before\",\"beforeSession\",\"beforeSuite\",\"beforeHook\",\"beforeTest\",\"afterTest\",\"afterHook\",\"afterSuite\",\"afterSession\",\"after\",\"onComplete\",\"beforeAssertion\",\"afterAssertion\",\"beforeFeature\",\"beforeScenario\",\"beforeStep\",\"afterStep\",\"afterScenario\",\"afterFeature\",\"_\",\"suite\",\"$0\",\"ignoredWorkerServices\",\"wdi5\"]"}]}
RESULT: {"script":"<script> [2342 bytes]","args":[{"protocol":"http","hostname":"0.0.0.0","path":"/","capabilities":{"browserName":"chrome","goog:chromeOptions":{"binary":"C:\\Program Files\\Google\\Chrome\\Application\\chrome.exe","args":["--start-maximized"]}},"logLevel":"warn","connectionRetryTimeout":120000,"connectionRetryCount":3,"logLevels":{},"enableDirectConnect":true,"strictSSL":true,"_":"65 more keys: [\"cacheDir\",\"port\",\"requestedCapabilities\",\"automationProtocol\",\"baseUrl\",\"waitforInterval\",\"waitforTimeout\",\"onReload\",\"beforeCommand\",\"afterCommand\",\"rootDir\",\"specs\",\"suites\",\"exclude\",\"groupLogsByTestSpec\",\"excludeDriverLogs\",\"bail\",\"framework\",\"reporters\",\"services\",\"maxInstances\",\"maxInstancesPerCapability\",\"injectGlobals\",\"filesToWatch\",\"execArgv\",\"runnerEnv\",\"runner\",\"shard\",\"specFileRetries\",\"specFileRetriesDelay\",\"specFileRetriesDeferred\",\"reporterSyncInterval\",\"reporterSyncTimeout\",\"cucumberFeaturesWithLineNumbers\",\"autoCompileOpts\",\"mochaOpts\",\"jasmineOpts\",\"cucumberOpts\",\"onPrepare\",\"onWorkerStart\",\"onWorkerEnd\",\"before\",\"beforeSession\",\"beforeSuite\",\"beforeHook\",\"beforeTest\",\"afterTest\",\"afterHook\",\"afterSuite\",\"afterSession\",\"after\",\"onComplete\",\"beforeAssertion\",\"afterAssertion\",\"beforeFeature\",\"beforeScenario\",\"beforeStep\",\"afterStep\",\"afterScenario\",\"afterFeature\",\"_\",\"suite\",\"$0\",\"ignoredWorkerServices\",\"wdi5\"]"}]}
COMMAND: POST /session/3c28004edfbf3c6cdcf5221cd875a4b1/execute/async - {"script":"<script> [21126 bytes]","args":[35000]}
RESULT: {"script":"<script> [21126 bytes]","args":[35000]}
COMMAND: POST /session/3c28004edfbf3c6cdcf5221cd875a4b1/element - {"using":"css selector","value":"#shell-header-logo"}
RESULT: {"using":"css selector","value":"#shell-header-logo"}
COMMAND: POST /session/3c28004edfbf3c6cdcf5221cd875a4b1/element/f.B144892EA8D4B745C91A45796582BC5B.d.28D3B915BE9601421604AE3BC9A44C48.e.4984/click - {}
RESULT: {}
COMMAND: GET /session/3c28004edfbf3c6cdcf5221cd875a4b1/screenshot - {}
RESULT: {}
COMMAND: POST /session/3c28004edfbf3c6cdcf5221cd875a4b1/execute/async - {"script":"<script> [1562 bytes]","args":[{"selector":{"controlType":"sap.m.GenericTile","properties":{"header":"Manage Sites"}},"wdio_ui5_key":"sapm.GenericTile{\"header\":\"Manage Sites\"}"}]}
RESULT: {"script":"<script> [1562 bytes]","args":[{"selector":{"controlType":"sap.m.GenericTile","properties":{"header":"Manage Sites"}},"wdio_ui5_key":"sapm.GenericTile{\"header\":\"Manage Sites\"}"}]}
RESULT: undefined
COMMAND: POST /session/3c28004edfbf3c6cdcf5221cd875a4b1/element - {"using":"xpath","value":"//*[@id=\"__tile32\"]"}
RESULT: {"using":"xpath","value":"//*[@id=\"__tile32\"]"}
COMMAND: POST /session/3c28004edfbf3c6cdcf5221cd875a4b1/element/f.B144892EA8D4B745C91A45796582BC5B.d.28D3B915BE9601421604AE3BC9A44C48.e.4912/click - {}
RESULT: {}
]]></system-out>
    </testcase>
  </testsuite>
  <testsuite timestamp="2025-04-30T05:43:36" time="182.76" tests="2" failures="0" errors="0" skipped="0">
    <properties>
      <property name="specId" value="0" />
      <property name="suiteName" value="Create 2 sites US118246" />
      <property name="capabilities" value="chrome.135_0_7049_96.windows" />
      <property name="file" value="file:///D:/a/1/s/test/specs/R2C/create-site.spec.js" />
    </properties>
    <testcase classname="chrome.135_0_7049_96.windows.Create_2_sites_US118246" name="Should create new site" time="82.73">
      <system-out><![CDATA[
COMMAND: POST /session/3c28004edfbf3c6cdcf5221cd875a4b1/execute/async - {"script":"<script> [1562 bytes]","args":[{"selector":{"controlType":"sap.m.Title","viewName":"etm.portal.ui.managesites.view.Master","viewId":"application-managesites-display-component---masterSite","i18NText":{"propertyName":"text","key":"sites"}},"wdio_ui5_key":"etmportal.ui.managesites.view.Mastersap.m.Title{\"propertyName\":\"text\",\"key\":\"sites\"}"}]}
COMMAND: GET /session/3c28004edfbf3c6cdcf5221cd875a4b1/screenshot - {}
RESULT: {"script":"<script> [1562 bytes]","args":[{"selector":{"controlType":"sap.m.Title","viewName":"etm.portal.ui.managesites.view.Master","viewId":"application-managesites-display-component---masterSite","i18NText":{"propertyName":"text","key":"sites"}},"wdio_ui5_key":"etmportal.ui.managesites.view.Mastersap.m.Title{\"propertyName\":\"text\",\"key\":\"sites\"}"}]}
RESULT: undefined
COMMAND: POST /session/3c28004edfbf3c6cdcf5221cd875a4b1/execute/async - {"script":"<script> [6424 bytes]","args":[{"element-6066-11e4-a52e-4f735466cecf":"f.B144892EA8D4B745C91A45796582BC5B.d.28D3B915BE9601421604AE3BC9A44C48.e.5157"},"getText",[]]}
RESULT: {}
RESULT: {"script":"<script> [6424 bytes]","args":[{"element-6066-11e4-a52e-4f735466cecf":"f.B144892EA8D4B745C91A45796582BC5B.d.28D3B915BE9601421604AE3BC9A44C48.e.5157"},"getText",[]]}
COMMAND: POST /session/3c28004edfbf3c6cdcf5221cd875a4b1/execute/async - {"script":"<script> [1562 bytes]","args":[{"selector":{"controlType":"sap.ui.core.Icon","viewName":"etm.portal.ui.managesites.view.Master","viewId":"application-managesites-display-component---masterSite","properties":{"src":{"regex":{"source":"add"}}}},"wdio_ui5_key":"etmportal.ui.managesites.view.Mastersap.ui.core.Icon{\"src\":{\"regex\":{\"source\":\"add\"}}}"}]}
RESULT: {"script":"<script> [1562 bytes]","args":[{"selector":{"controlType":"sap.ui.core.Icon","viewName":"etm.portal.ui.managesites.view.Master","viewId":"application-managesites-display-component---masterSite","properties":{"src":{"regex":{"source":"add"}}}},"wdio_ui5_key":"etmportal.ui.managesites.view.Mastersap.ui.core.Icon{\"src\":{\"regex\":{\"source\":\"add\"}}}"}]}
RESULT: undefined
COMMAND: POST /session/3c28004edfbf3c6cdcf5221cd875a4b1/element - {"using":"xpath","value":"//*[@id=\"__button4-img\"]"}
RESULT: {"using":"xpath","value":"//*[@id=\"__button4-img\"]"}
COMMAND: POST /session/3c28004edfbf3c6cdcf5221cd875a4b1/element/f.B144892EA8D4B745C91A45796582BC5B.d.28D3B915BE9601421604AE3BC9A44C48.e.5033/click - {}
RESULT: {}
COMMAND: POST /session/3c28004edfbf3c6cdcf5221cd875a4b1/execute/async - {"script":"<script> [1562 bytes]","args":[{"selector":{"id":"application-managesites-display-component---NewSite--siteId","interaction":{"idSuffix":"inner"}},"wdio_ui5_key":"applicationmanagesites-display-component---NewSite--siteId"}]}
COMMAND: GET /session/3c28004edfbf3c6cdcf5221cd875a4b1/screenshot - {}
RESULT: {"script":"<script> [1562 bytes]","args":[{"selector":{"id":"application-managesites-display-component---NewSite--siteId","interaction":{"idSuffix":"inner"}},"wdio_ui5_key":"applicationmanagesites-display-component---NewSite--siteId"}]}
RESULT: undefined
COMMAND: POST /session/3c28004edfbf3c6cdcf5221cd875a4b1/execute/async - {"script":"<script> [1562 bytes]","args":[{"selector":{"id":"application-managesites-display-component---NewSite--addressDetailDetailsName1","interaction":{"idSuffix":"inner"}},"wdio_ui5_key":"applicationmanagesites-display-component---NewSite--addressDetailDetailsName1"}]}
RESULT: {}
RESULT: {"script":"<script> [1562 bytes]","args":[{"selector":{"id":"application-managesites-display-component---NewSite--addressDetailDetailsName1","interaction":{"idSuffix":"inner"}},"wdio_ui5_key":"applicationmanagesites-display-component---NewSite--addressDetailDetailsName1"}]}
RESULT: undefined
COMMAND: POST /session/3c28004edfbf3c6cdcf5221cd875a4b1/execute/async - {"script":"<script> [776 bytes]","args":[{"enterText":"Webdriver Site n9brj","selector":{"id":"application-managesites-display-component---NewSite--addressDetailDetailsName1","interaction":{"idSuffix":"inner"}},"clearTextFirst":true,"interactionType":"ENTER_TEXT"}]}
RESULT: {"script":"<script> [776 bytes]","args":[{"enterText":"Webdriver Site n9brj","selector":{"id":"application-managesites-display-component---NewSite--addressDetailDetailsName1","interaction":{"idSuffix":"inner"}},"clearTextFirst":true,"interactionType":"ENTER_TEXT"}]}
COMMAND: POST /session/3c28004edfbf3c6cdcf5221cd875a4b1/execute/async - {"script":"<script> [1562 bytes]","args":[{"selector":{"id":"application-managesites-display-component---NewSite--addressDetailDetailsLanguage","interaction":{"idSuffix":"inner"}},"wdio_ui5_key":"applicationmanagesites-display-component---NewSite--addressDetailDetailsLanguage"}]}
RESULT: {"script":"<script> [1562 bytes]","args":[{"selector":{"id":"application-managesites-display-component---NewSite--addressDetailDetailsLanguage","interaction":{"idSuffix":"inner"}},"wdio_ui5_key":"applicationmanagesites-display-component---NewSite--addressDetailDetailsLanguage"}]}
RESULT: undefined
COMMAND: POST /session/3c28004edfbf3c6cdcf5221cd875a4b1/execute/async - {"script":"<script> [776 bytes]","args":[{"enterText":"Romanian","selector":{"id":"application-managesites-display-component---NewSite--addressDetailDetailsLanguage","interaction":{"idSuffix":"inner"}},"clearTextFirst":true,"interactionType":"ENTER_TEXT"}]}
RESULT: {"script":"<script> [776 bytes]","args":[{"enterText":"Romanian","selector":{"id":"application-managesites-display-component---NewSite--addressDetailDetailsLanguage","interaction":{"idSuffix":"inner"}},"clearTextFirst":true,"interactionType":"ENTER_TEXT"}]}
COMMAND: POST /session/3c28004edfbf3c6cdcf5221cd875a4b1/execute/async - {"script":"<script> [1562 bytes]","args":[{"selector":{"id":"application-managesites-display-component---NewSite--addressDetailDetailsCity1","interaction":{"idSuffix":"inner"}},"wdio_ui5_key":"applicationmanagesites-display-component---NewSite--addressDetailDetailsCity1"}]}
RESULT: {"script":"<script> [1562 bytes]","args":[{"selector":{"id":"application-managesites-display-component---NewSite--addressDetailDetailsCity1","interaction":{"idSuffix":"inner"}},"wdio_ui5_key":"applicationmanagesites-display-component---NewSite--addressDetailDetailsCity1"}]}
RESULT: undefined
COMMAND: POST /session/3c28004edfbf3c6cdcf5221cd875a4b1/execute/async - {"script":"<script> [776 bytes]","args":[{"enterText":"Bucharest","selector":{"id":"application-managesites-display-component---NewSite--addressDetailDetailsCity1","interaction":{"idSuffix":"inner"}},"clearTextFirst":true,"interactionType":"ENTER_TEXT"}]}
RESULT: {"script":"<script> [776 bytes]","args":[{"enterText":"Bucharest","selector":{"id":"application-managesites-display-component---NewSite--addressDetailDetailsCity1","interaction":{"idSuffix":"inner"}},"clearTextFirst":true,"interactionType":"ENTER_TEXT"}]}
COMMAND: POST /session/3c28004edfbf3c6cdcf5221cd875a4b1/execute/async - {"script":"<script> [1562 bytes]","args":[{"selector":{"id":"application-managesites-display-component---NewSite--addressDetailDetailsCountry","interaction":{"idSuffix":"inner"}},"wdio_ui5_key":"applicationmanagesites-display-component---NewSite--addressDetailDetailsCountry"}]}
RESULT: {"script":"<script> [1562 bytes]","args":[{"selector":{"id":"application-managesites-display-component---NewSite--addressDetailDetailsCountry","interaction":{"idSuffix":"inner"}},"wdio_ui5_key":"applicationmanagesites-display-component---NewSite--addressDetailDetailsCountry"}]}
RESULT: undefined
COMMAND: POST /session/3c28004edfbf3c6cdcf5221cd875a4b1/execute/async - {"script":"<script> [776 bytes]","args":[{"enterText":"Romania","selector":{"id":"application-managesites-display-component---NewSite--addressDetailDetailsCountry","interaction":{"idSuffix":"inner"}},"clearTextFirst":true,"interactionType":"ENTER_TEXT"}]}
RESULT: {"script":"<script> [776 bytes]","args":[{"enterText":"Romania","selector":{"id":"application-managesites-display-component---NewSite--addressDetailDetailsCountry","interaction":{"idSuffix":"inner"}},"clearTextFirst":true,"interactionType":"ENTER_TEXT"}]}
COMMAND: POST /session/3c28004edfbf3c6cdcf5221cd875a4b1/execute/async - {"script":"<script> [1562 bytes]","args":[{"selector":{"id":"application-managesites-display-component---NewSite--addressDetailDetailsCalendar","interaction":{"idSuffix":"inner"}},"wdio_ui5_key":"applicationmanagesites-display-component---NewSite--addressDetailDetailsCalendar"}]}
RESULT: {"script":"<script> [1562 bytes]","args":[{"selector":{"id":"application-managesites-display-component---NewSite--addressDetailDetailsCalendar","interaction":{"idSuffix":"inner"}},"wdio_ui5_key":"applicationmanagesites-display-component---NewSite--addressDetailDetailsCalendar"}]}
RESULT: undefined
COMMAND: POST /session/3c28004edfbf3c6cdcf5221cd875a4b1/execute/async - {"script":"<script> [776 bytes]","args":[{"enterText":"Germany","selector":{"id":"application-managesites-display-component---NewSite--addressDetailDetailsCalendar","interaction":{"idSuffix":"inner"}},"clearTextFirst":true,"interactionType":"ENTER_TEXT"}]}
RESULT: {"script":"<script> [776 bytes]","args":[{"enterText":"Germany","selector":{"id":"application-managesites-display-component---NewSite--addressDetailDetailsCalendar","interaction":{"idSuffix":"inner"}},"clearTextFirst":true,"interactionType":"ENTER_TEXT"}]}
COMMAND: POST /session/3c28004edfbf3c6cdcf5221cd875a4b1/execute/async - {"script":"<script> [1562 bytes]","args":[{"selector":{"id":"application-managesites-display-component---NewSite--addressEditDetailsCostObjectCstType-arrow"},"wdio_ui5_key":"applicationmanagesites-display-component---NewSite--addressEditDetailsCostObjectCstType-arrow"}]}
RESULT: {"script":"<script> [1562 bytes]","args":[{"selector":{"id":"application-managesites-display-component---NewSite--addressEditDetailsCostObjectCstType-arrow"},"wdio_ui5_key":"applicationmanagesites-display-component---NewSite--addressEditDetailsCostObjectCstType-arrow"}]}
RESULT: undefined
COMMAND: POST /session/3c28004edfbf3c6cdcf5221cd875a4b1/element - {"using":"xpath","value":"//*[@id=\"application-managesites-display-component---NewSite--addressEditDetailsCostObjectCstType-arrow\"]"}
RESULT: {"using":"xpath","value":"//*[@id=\"application-managesites-display-component---NewSite--addressEditDetailsCostObjectCstType-arrow\"]"}
COMMAND: POST /session/3c28004edfbf3c6cdcf5221cd875a4b1/element/f.B144892EA8D4B745C91A45796582BC5B.d.28D3B915BE9601421604AE3BC9A44C48.e.5423/click - {}
RESULT: {}
COMMAND: POST /session/3c28004edfbf3c6cdcf5221cd875a4b1/element - {"using":"xpath","value":"//span[contains(text(), \"Work Breakdown Structure\")]"}
COMMAND: GET /session/3c28004edfbf3c6cdcf5221cd875a4b1/screenshot - {}
RESULT: {"using":"xpath","value":"//span[contains(text(), \"Work Breakdown Structure\")]"}
COMMAND: POST /session/3c28004edfbf3c6cdcf5221cd875a4b1/element/f.B144892EA8D4B745C91A45796582BC5B.d.28D3B915BE9601421604AE3BC9A44C48.e.5425/click - {}
RESULT: {}
RESULT: {}
COMMAND: GET /session/3c28004edfbf3c6cdcf5221cd875a4b1/screenshot - {}
RESULT: {}
COMMAND: POST /session/3c28004edfbf3c6cdcf5221cd875a4b1/execute/async - {"script":"<script> [1562 bytes]","args":[{"selector":{"id":"application-managesites-display-component---NewSite--addressNewCostObjectCstID-vhi"},"wdio_ui5_key":"applicationmanagesites-display-component---NewSite--addressNewCostObjectCstID-vhi"}]}
RESULT: {"script":"<script> [1562 bytes]","args":[{"selector":{"id":"application-managesites-display-component---NewSite--addressNewCostObjectCstID-vhi"},"wdio_ui5_key":"applicationmanagesites-display-component---NewSite--addressNewCostObjectCstID-vhi"}]}
RESULT: undefined
COMMAND: POST /session/3c28004edfbf3c6cdcf5221cd875a4b1/element - {"using":"xpath","value":"//*[@id=\"application-managesites-display-component---NewSite--addressNewCostObjectCstID-vhi\"]"}
RESULT: {"using":"xpath","value":"//*[@id=\"application-managesites-display-component---NewSite--addressNewCostObjectCstID-vhi\"]"}
COMMAND: POST /session/3c28004edfbf3c6cdcf5221cd875a4b1/element/f.B144892EA8D4B745C91A45796582BC5B.d.28D3B915BE9601421604AE3BC9A44C48.e.5429/click - {}
RESULT: {}
COMMAND: GET /session/3c28004edfbf3c6cdcf5221cd875a4b1/screenshot - {}
RESULT: {}
COMMAND: POST /session/3c28004edfbf3c6cdcf5221cd875a4b1/execute/async - {"script":"<script> [1562 bytes]","args":[{"selector":{"controlType":"sap.m.SearchField","properties":{"placeholder":"Search"},"searchOpenDialogs":true,"interaction":{"idSuffix":"I"}},"wdio_ui5_key":"sapm.SearchField{\"placeholder\":\"Search\"}"}]}
RESULT: {"script":"<script> [1562 bytes]","args":[{"selector":{"controlType":"sap.m.SearchField","properties":{"placeholder":"Search"},"searchOpenDialogs":true,"interaction":{"idSuffix":"I"}},"wdio_ui5_key":"sapm.SearchField{\"placeholder\":\"Search\"}"}]}
RESULT: undefined
COMMAND: POST /session/3c28004edfbf3c6cdcf5221cd875a4b1/execute/async - {"script":"<script> [776 bytes]","args":[{"enterText":"A1-000100-01","selector":{"controlType":"sap.m.SearchField","properties":{"placeholder":"Search"},"searchOpenDialogs":true,"interaction":{"idSuffix":"I"}},"clearTextFirst":true,"interactionType":"ENTER_TEXT"}]}
RESULT: {"script":"<script> [776 bytes]","args":[{"enterText":"A1-000100-01","selector":{"controlType":"sap.m.SearchField","properties":{"placeholder":"Search"},"searchOpenDialogs":true,"interaction":{"idSuffix":"I"}},"clearTextFirst":true,"interactionType":"ENTER_TEXT"}]}
COMMAND: POST /session/3c28004edfbf3c6cdcf5221cd875a4b1/actions - {"actions":[{"id":"action8","type":"key","parameters":{},"actions":[{"type":"keyDown","value":"î€‡"},{"type":"pause","duration":10},{"type":"keyUp","value":"î€‡"}]}]}
RESULT: {"actions":[{"id":"action8","type":"key","parameters":{},"actions":[{"type":"keyDown","value":"î€‡"},{"type":"pause","duration":10},{"type":"keyUp","value":"î€‡"}]}]}
COMMAND: GET /session/3c28004edfbf3c6cdcf5221cd875a4b1/screenshot - {}
RESULT: {}
COMMAND: POST /session/3c28004edfbf3c6cdcf5221cd875a4b1/element - {"using":"xpath","value":"//span[contains(text(), \"Template for ETO-Process\")]"}
RESULT: {"using":"xpath","value":"//span[contains(text(), \"Template for ETO-Process\")]"}
COMMAND: POST /session/3c28004edfbf3c6cdcf5221cd875a4b1/element/f.B144892EA8D4B745C91A45796582BC5B.d.28D3B915BE9601421604AE3BC9A44C48.e.5449/click - {}
RESULT: {}
COMMAND: GET /session/3c28004edfbf3c6cdcf5221cd875a4b1/screenshot - {}
RESULT: {}
COMMAND: POST /session/3c28004edfbf3c6cdcf5221cd875a4b1/element - {"using":"xpath","value":"//bdi[contains(text(), \"OK\")]"}
RESULT: {"using":"xpath","value":"//bdi[contains(text(), \"OK\")]"}
COMMAND: POST /session/3c28004edfbf3c6cdcf5221cd875a4b1/element/f.B144892EA8D4B745C91A45796582BC5B.d.28D3B915BE9601421604AE3BC9A44C48.e.5450/click - {}
RESULT: {}
COMMAND: GET /session/3c28004edfbf3c6cdcf5221cd875a4b1/screenshot - {}
RESULT: {}
COMMAND: POST /session/3c28004edfbf3c6cdcf5221cd875a4b1/element - {"using":"xpath","value":"//input[@id=\"application-managesites-display-component---NewSite--addressDetailDetailsYard-inner\"]"}
RESULT: {"using":"xpath","value":"//input[@id=\"application-managesites-display-component---NewSite--addressDetailDetailsYard-inner\"]"}
COMMAND: POST /session/3c28004edfbf3c6cdcf5221cd875a4b1/element/f.B144892EA8D4B745C91A45796582BC5B.d.28D3B915BE9601421604AE3BC9A44C48.e.5217/value - {"text":"429"}
RESULT: {"text":"429"}
COMMAND: GET /session/3c28004edfbf3c6cdcf5221cd875a4b1/screenshot - {}
RESULT: {}
COMMAND: POST /session/3c28004edfbf3c6cdcf5221cd875a4b1/actions - {"actions":[{"id":"action9","type":"key","parameters":{},"actions":[{"type":"keyDown","value":"î€‡"},{"type":"pause","duration":10},{"type":"keyUp","value":"î€‡"}]}]}
RESULT: {"actions":[{"id":"action9","type":"key","parameters":{},"actions":[{"type":"keyDown","value":"î€‡"},{"type":"pause","duration":10},{"type":"keyUp","value":"î€‡"}]}]}
COMMAND: GET /session/3c28004edfbf3c6cdcf5221cd875a4b1/screenshot - {}
RESULT: {}
COMMAND: POST /session/3c28004edfbf3c6cdcf5221cd875a4b1/element - {"using":"xpath","value":"//input[@id=\"application-managesites-display-component---NewSite--addressDetailDetailsPartner-inner\"]"}
RESULT: {"using":"xpath","value":"//input[@id=\"application-managesites-display-component---NewSite--addressDetailDetailsPartner-inner\"]"}
COMMAND: POST /session/3c28004edfbf3c6cdcf5221cd875a4b1/elements - {"using":"xpath","value":"//input[@id=\"application-managesites-display-component---NewSite--addressDetailDetailsPartner-inner\"]"}
RESULT: {"using":"xpath","value":"//input[@id=\"application-managesites-display-component---NewSite--addressDetailDetailsPartner-inner\"]"}
COMMAND: POST /session/3c28004edfbf3c6cdcf5221cd875a4b1/execute/async - {"script":"<script> [1562 bytes]","args":[{"selector":{"controlType":"sap.m.Button","viewName":"etm.portal.ui.managesites.view.NewSmartSite","viewId":"application-managesites-display-component---NewSite","properties":{"text":"Commercial"},"interaction":{"idSuffix":"BDI-content"}},"wdio_ui5_key":"etmportal.ui.managesites.view.NewSmartSitesap.m.Button{\"text\":\"Commercial\"}"}]}
RESULT: {"script":"<script> [1562 bytes]","args":[{"selector":{"controlType":"sap.m.Button","viewName":"etm.portal.ui.managesites.view.NewSmartSite","viewId":"application-managesites-display-component---NewSite","properties":{"text":"Commercial"},"interaction":{"idSuffix":"BDI-content"}},"wdio_ui5_key":"etmportal.ui.managesites.view.NewSmartSitesap.m.Button{\"text\":\"Commercial\"}"}]}
RESULT: undefined
COMMAND: POST /session/3c28004edfbf3c6cdcf5221cd875a4b1/element - {"using":"xpath","value":"//*[@id=\"application-managesites-display-component---NewSite--ObjectPageLayout-anchBar-__section5-anchor\"]"}
RESULT: {"using":"xpath","value":"//*[@id=\"application-managesites-display-component---NewSite--ObjectPageLayout-anchBar-__section5-anchor\"]"}
COMMAND: POST /session/3c28004edfbf3c6cdcf5221cd875a4b1/element/f.B144892EA8D4B745C91A45796582BC5B.d.28D3B915BE9601421604AE3BC9A44C48.e.5457/click - {}
RESULT: {}
COMMAND: POST /session/3c28004edfbf3c6cdcf5221cd875a4b1/execute/async - {"script":"<script> [1562 bytes]","args":[{"selector":{"controlType":"sap.m.Button","viewName":"etm.portal.ui.managesites.view.NewSmartSite","viewId":"application-managesites-display-component---NewSite","i18NText":{"propertyName":"text","key":"save"},"interaction":{"idSuffix":"BDI-content"}},"wdio_ui5_key":"etmportal.ui.managesites.view.NewSmartSitesap.m.Button{\"propertyName\":\"text\",\"key\":\"save\"}"}]}
COMMAND: GET /session/3c28004edfbf3c6cdcf5221cd875a4b1/screenshot - {}
RESULT: {"script":"<script> [1562 bytes]","args":[{"selector":{"controlType":"sap.m.Button","viewName":"etm.portal.ui.managesites.view.NewSmartSite","viewId":"application-managesites-display-component---NewSite","i18NText":{"propertyName":"text","key":"save"},"interaction":{"idSuffix":"BDI-content"}},"wdio_ui5_key":"etmportal.ui.managesites.view.NewSmartSitesap.m.Button{\"propertyName\":\"text\",\"key\":\"save\"}"}]}
RESULT: undefined
COMMAND: POST /session/3c28004edfbf3c6cdcf5221cd875a4b1/element - {"using":"xpath","value":"//*[@id=\"__button16\"]"}
RESULT: {}
RESULT: {"using":"xpath","value":"//*[@id=\"__button16\"]"}
COMMAND: POST /session/3c28004edfbf3c6cdcf5221cd875a4b1/element/f.B144892EA8D4B745C91A45796582BC5B.d.28D3B915BE9601421604AE3BC9A44C48.e.5399/click - {}
RESULT: {}
COMMAND: GET /session/3c28004edfbf3c6cdcf5221cd875a4b1/screenshot - {}
RESULT: {}
COMMAND: POST /session/3c28004edfbf3c6cdcf5221cd875a4b1/execute/async - {"script":"<script> [1562 bytes]","args":[{"selector":{"id":"application-managesites-display-component---detailSite--addressDetailDetailsYardText"},"wdio_ui5_key":"applicationmanagesites-display-component---detailSite--addressDetailDetailsYardText"}]}
RESULT: {"script":"<script> [1562 bytes]","args":[{"selector":{"id":"application-managesites-display-component---detailSite--addressDetailDetailsYardText"},"wdio_ui5_key":"applicationmanagesites-display-component---detailSite--addressDetailDetailsYardText"}]}
RESULT: undefined
COMMAND: POST /session/3c28004edfbf3c6cdcf5221cd875a4b1/element - {"using":"xpath","value":"//header/div/div[2]/div[2]/span"}
RESULT: {"using":"xpath","value":"//header/div/div[2]/div[2]/span"}
COMMAND: GET /session/3c28004edfbf3c6cdcf5221cd875a4b1/element/f.B144892EA8D4B745C91A45796582BC5B.d.28D3B915BE9601421604AE3BC9A44C48.e.5675/text - {}
RESULT: {}
COMMAND: POST /session/3c28004edfbf3c6cdcf5221cd875a4b1/execute/async - {"script":"<script> [1562 bytes]","args":[{"selector":{"controlType":"sap.m.Label","viewName":"etm.portal.ui.managesites.view.Detail","viewId":"application-managesites-display-component---detailSite","i18NText":{"propertyName":"text","key":"status"}},"wdio_ui5_key":"etmportal.ui.managesites.view.Detailsap.m.Label{\"propertyName\":\"text\",\"key\":\"status\"}"}]}
RESULT: {"script":"<script> [1562 bytes]","args":[{"selector":{"controlType":"sap.m.Label","viewName":"etm.portal.ui.managesites.view.Detail","viewId":"application-managesites-display-component---detailSite","i18NText":{"propertyName":"text","key":"status"}},"wdio_ui5_key":"etmportal.ui.managesites.view.Detailsap.m.Label{\"propertyName\":\"text\",\"key\":\"status\"}"}]}
RESULT: undefined
COMMAND: POST /session/3c28004edfbf3c6cdcf5221cd875a4b1/execute/async - {"script":"<script> [6424 bytes]","args":[{"element-6066-11e4-a52e-4f735466cecf":"f.B144892EA8D4B745C91A45796582BC5B.d.28D3B915BE9601421604AE3BC9A44C48.e.5663"},"getText",[]]}
RESULT: {"script":"<script> [6424 bytes]","args":[{"element-6066-11e4-a52e-4f735466cecf":"f.B144892EA8D4B745C91A45796582BC5B.d.28D3B915BE9601421604AE3BC9A44C48.e.5663"},"getText",[]]}
]]></system-out>
    </testcase>
    <testcase classname="chrome.135_0_7049_96.windows.Create_2_sites_US118246" name="Should create WHM site" time="54.302">
      <system-out><![CDATA[
RESULT: undefined
COMMAND: POST /session/3c28004edfbf3c6cdcf5221cd875a4b1/element - {"using":"xpath","value":"//*[@id=\"__button4-img\"]"}
RESULT: {"using":"xpath","value":"//*[@id=\"__button4-img\"]"}
COMMAND: POST /session/3c28004edfbf3c6cdcf5221cd875a4b1/element/f.B144892EA8D4B745C91A45796582BC5B.d.28D3B915BE9601421604AE3BC9A44C48.e.5676/click - {}
RESULT: {}
COMMAND: GET /session/3c28004edfbf3c6cdcf5221cd875a4b1/screenshot - {}
RESULT: {}
RESULT: undefined
COMMAND: POST /session/3c28004edfbf3c6cdcf5221cd875a4b1/execute/async - {"script":"<script> [1562 bytes]","args":[{"selector":{"controlType":"sap.m.Button","viewName":"etm.portal.ui.managesites.view.NewSmartSite","viewId":"application-managesites-display-component---NewSite","properties":{"text":"General Information"},"interaction":{"idSuffix":"BDI-content"}},"wdio_ui5_key":"etmportal.ui.managesites.view.NewSmartSitesap.m.Button{\"text\":\"General Information\"}"}]}
RESULT: {"script":"<script> [1562 bytes]","args":[{"selector":{"controlType":"sap.m.Button","viewName":"etm.portal.ui.managesites.view.NewSmartSite","viewId":"application-managesites-display-component---NewSite","properties":{"text":"General Information"},"interaction":{"idSuffix":"BDI-content"}},"wdio_ui5_key":"etmportal.ui.managesites.view.NewSmartSitesap.m.Button{\"text\":\"General Information\"}"}]}
RESULT: undefined
COMMAND: POST /session/3c28004edfbf3c6cdcf5221cd875a4b1/element - {"using":"xpath","value":"//*[@id=\"application-managesites-display-component---NewSite--ObjectPageLayout-anchBar-__section3-anchor\"]"}
RESULT: {"using":"xpath","value":"//*[@id=\"application-managesites-display-component---NewSite--ObjectPageLayout-anchBar-__section3-anchor\"]"}
COMMAND: POST /session/3c28004edfbf3c6cdcf5221cd875a4b1/element/f.B144892EA8D4B745C91A45796582BC5B.d.28D3B915BE9601421604AE3BC9A44C48.e.5857/click - {}
RESULT: {}
RESULT: undefined
COMMAND: POST /session/3c28004edfbf3c6cdcf5221cd875a4b1/execute/async - {"script":"<script> [776 bytes]","args":[{"enterText":"Webdriver WHM Site g4jj2","selector":{"id":"application-managesites-display-component---NewSite--addressDetailDetailsName1","interaction":{"idSuffix":"inner"}},"clearTextFirst":true,"interactionType":"ENTER_TEXT"}]}
COMMAND: GET /session/3c28004edfbf3c6cdcf5221cd875a4b1/screenshot - {}
RESULT: {"script":"<script> [776 bytes]","args":[{"enterText":"Webdriver WHM Site g4jj2","selector":{"id":"application-managesites-display-component---NewSite--addressDetailDetailsName1","interaction":{"idSuffix":"inner"}},"clearTextFirst":true,"interactionType":"ENTER_TEXT"}]}
RESULT: {}
RESULT: undefined
COMMAND: POST /session/3c28004edfbf3c6cdcf5221cd875a4b1/execute/async - {"script":"<script> [776 bytes]","args":[{"enterText":"Romanian","selector":{"id":"application-managesites-display-component---NewSite--addressDetailDetailsLanguage","interaction":{"idSuffix":"inner"}},"clearTextFirst":true,"interactionType":"ENTER_TEXT"}]}
RESULT: {"script":"<script> [776 bytes]","args":[{"enterText":"Romanian","selector":{"id":"application-managesites-display-component---NewSite--addressDetailDetailsLanguage","interaction":{"idSuffix":"inner"}},"clearTextFirst":true,"interactionType":"ENTER_TEXT"}]}
COMMAND: POST /session/3c28004edfbf3c6cdcf5221cd875a4b1/actions - {"actions":[{"id":"action10","type":"key","parameters":{},"actions":[{"type":"keyDown","value":"î€‡"},{"type":"pause","duration":10},{"type":"keyUp","value":"î€‡"}]}]}
RESULT: {"actions":[{"id":"action10","type":"key","parameters":{},"actions":[{"type":"keyDown","value":"î€‡"},{"type":"pause","duration":10},{"type":"keyUp","value":"î€‡"}]}]}
RESULT: undefined
COMMAND: POST /session/3c28004edfbf3c6cdcf5221cd875a4b1/execute/async - {"script":"<script> [776 bytes]","args":[{"enterText":"Bucharest","selector":{"id":"application-managesites-display-component---NewSite--addressDetailDetailsCity1","interaction":{"idSuffix":"inner"}},"clearTextFirst":true,"interactionType":"ENTER_TEXT"}]}
COMMAND: GET /session/3c28004edfbf3c6cdcf5221cd875a4b1/screenshot - {}
RESULT: {"script":"<script> [776 bytes]","args":[{"enterText":"Bucharest","selector":{"id":"application-managesites-display-component---NewSite--addressDetailDetailsCity1","interaction":{"idSuffix":"inner"}},"clearTextFirst":true,"interactionType":"ENTER_TEXT"}]}
RESULT: {}
COMMAND: POST /session/3c28004edfbf3c6cdcf5221cd875a4b1/actions - {"actions":[{"id":"action11","type":"key","parameters":{},"actions":[{"type":"keyDown","value":"î€‡"},{"type":"pause","duration":10},{"type":"keyUp","value":"î€‡"}]}]}
RESULT: {"actions":[{"id":"action11","type":"key","parameters":{},"actions":[{"type":"keyDown","value":"î€‡"},{"type":"pause","duration":10},{"type":"keyUp","value":"î€‡"}]}]}
RESULT: undefined
COMMAND: POST /session/3c28004edfbf3c6cdcf5221cd875a4b1/execute/async - {"script":"<script> [6424 bytes]","args":[{"element-6066-11e4-a52e-4f735466cecf":"f.B144892EA8D4B745C91A45796582BC5B.d.28D3B915BE9601421604AE3BC9A44C48.e.5206"},"setValue",["Romania"]]}
COMMAND: GET /session/3c28004edfbf3c6cdcf5221cd875a4b1/screenshot - {}
COMMAND: POST /session/3c28004edfbf3c6cdcf5221cd875a4b1/execute/async - {"script":"<script> [1562 bytes]","args":[{"selector":{"id":"application-managesites-display-component---NewSite--addressDetailDetailsCountry","interaction":{"idSuffix":"inner"}},"wdio_ui5_key":"applicationmanagesites-display-component---NewSite--addressDetailDetailsCountry"}]}
RESULT: {}
RESULT: {"script":"<script> [1562 bytes]","args":[{"selector":{"id":"application-managesites-display-component---NewSite--addressDetailDetailsCountry","interaction":{"idSuffix":"inner"}},"wdio_ui5_key":"applicationmanagesites-display-component---NewSite--addressDetailDetailsCountry"}]}
COMMAND: POST /session/3c28004edfbf3c6cdcf5221cd875a4b1/execute/async - {"script":"<script> [6424 bytes]","args":[{"element-6066-11e4-a52e-4f735466cecf":"f.B144892EA8D4B745C91A45796582BC5B.d.28D3B915BE9601421604AE3BC9A44C48.e.5731"},"setValue",["Romania"]]}
RESULT: {"script":"<script> [6424 bytes]","args":[{"element-6066-11e4-a52e-4f735466cecf":"f.B144892EA8D4B745C91A45796582BC5B.d.28D3B915BE9601421604AE3BC9A44C48.e.5731"},"setValue",["Romania"]]}
COMMAND: POST /session/3c28004edfbf3c6cdcf5221cd875a4b1/actions - {"actions":[{"id":"action12","type":"key","parameters":{},"actions":[{"type":"keyDown","value":"î€‡"},{"type":"pause","duration":10},{"type":"keyUp","value":"î€‡"}]}]}
RESULT: {"actions":[{"id":"action12","type":"key","parameters":{},"actions":[{"type":"keyDown","value":"î€‡"},{"type":"pause","duration":10},{"type":"keyUp","value":"î€‡"}]}]}
RESULT: undefined
COMMAND: POST /session/3c28004edfbf3c6cdcf5221cd875a4b1/execute/async - {"script":"<script> [776 bytes]","args":[{"enterText":"Germany","selector":{"id":"application-managesites-display-component---NewSite--addressDetailDetailsCalendar","interaction":{"idSuffix":"inner"}},"clearTextFirst":true,"interactionType":"ENTER_TEXT"}]}
COMMAND: GET /session/3c28004edfbf3c6cdcf5221cd875a4b1/screenshot - {}
RESULT: {"script":"<script> [776 bytes]","args":[{"enterText":"Germany","selector":{"id":"application-managesites-display-component---NewSite--addressDetailDetailsCalendar","interaction":{"idSuffix":"inner"}},"clearTextFirst":true,"interactionType":"ENTER_TEXT"}]}
RESULT: {}
COMMAND: POST /session/3c28004edfbf3c6cdcf5221cd875a4b1/actions - {"actions":[{"id":"action13","type":"key","parameters":{},"actions":[{"type":"keyDown","value":"î€‡"},{"type":"pause","duration":10},{"type":"keyUp","value":"î€‡"}]}]}
RESULT: {"actions":[{"id":"action13","type":"key","parameters":{},"actions":[{"type":"keyDown","value":"î€‡"},{"type":"pause","duration":10},{"type":"keyUp","value":"î€‡"}]}]}
COMMAND: POST /session/3c28004edfbf3c6cdcf5221cd875a4b1/execute/async - {"script":"<script> [1562 bytes]","args":[{"selector":{"id":"application-managesites-display-component---NewSite--addressEditDetailsCostObjectCstType","interaction":{"idSuffix":"inner"}},"wdio_ui5_key":"applicationmanagesites-display-component---NewSite--addressEditDetailsCostObjectCstType"}]}
COMMAND: GET /session/3c28004edfbf3c6cdcf5221cd875a4b1/screenshot - {}
RESULT: {"script":"<script> [1562 bytes]","args":[{"selector":{"id":"application-managesites-display-component---NewSite--addressEditDetailsCostObjectCstType","interaction":{"idSuffix":"inner"}},"wdio_ui5_key":"applicationmanagesites-display-component---NewSite--addressEditDetailsCostObjectCstType"}]}
RESULT: undefined
COMMAND: POST /session/3c28004edfbf3c6cdcf5221cd875a4b1/execute/async - {"script":"<script> [776 bytes]","args":[{"enterText":"Cost","selector":{"id":"application-managesites-display-component---NewSite--addressEditDetailsCostObjectCstType","interaction":{"idSuffix":"inner"}},"clearTextFirst":true,"interactionType":"ENTER_TEXT"}]}
RESULT: {}
RESULT: {"script":"<script> [776 bytes]","args":[{"enterText":"Cost","selector":{"id":"application-managesites-display-component---NewSite--addressEditDetailsCostObjectCstType","interaction":{"idSuffix":"inner"}},"clearTextFirst":true,"interactionType":"ENTER_TEXT"}]}
COMMAND: POST /session/3c28004edfbf3c6cdcf5221cd875a4b1/actions - {"actions":[{"id":"action14","type":"key","parameters":{},"actions":[{"type":"keyDown","value":"î€‡"},{"type":"pause","duration":10},{"type":"keyUp","value":"î€‡"}]}]}
RESULT: {"actions":[{"id":"action14","type":"key","parameters":{},"actions":[{"type":"keyDown","value":"î€‡"},{"type":"pause","duration":10},{"type":"keyUp","value":"î€‡"}]}]}
COMMAND: POST /session/3c28004edfbf3c6cdcf5221cd875a4b1/execute/async - {"script":"<script> [1562 bytes]","args":[{"selector":{"id":"application-managesites-display-component---NewSite--addressNewCostObjectCstID","interaction":{"idSuffix":"inner"}},"wdio_ui5_key":"applicationmanagesites-display-component---NewSite--addressNewCostObjectCstID"}]}
COMMAND: GET /session/3c28004edfbf3c6cdcf5221cd875a4b1/screenshot - {}
RESULT: {"script":"<script> [1562 bytes]","args":[{"selector":{"id":"application-managesites-display-component---NewSite--addressNewCostObjectCstID","interaction":{"idSuffix":"inner"}},"wdio_ui5_key":"applicationmanagesites-display-component---NewSite--addressNewCostObjectCstID"}]}
RESULT: undefined
COMMAND: POST /session/3c28004edfbf3c6cdcf5221cd875a4b1/execute/async - {"script":"<script> [776 bytes]","args":[{"enterText":"1001","selector":{"id":"application-managesites-display-component---NewSite--addressNewCostObjectCstID","interaction":{"idSuffix":"inner"}},"clearTextFirst":true,"interactionType":"ENTER_TEXT"}]}
RESULT: {}
RESULT: {"script":"<script> [776 bytes]","args":[{"enterText":"1001","selector":{"id":"application-managesites-display-component---NewSite--addressNewCostObjectCstID","interaction":{"idSuffix":"inner"}},"clearTextFirst":true,"interactionType":"ENTER_TEXT"}]}
COMMAND: POST /session/3c28004edfbf3c6cdcf5221cd875a4b1/actions - {"actions":[{"id":"action15","type":"key","parameters":{},"actions":[{"type":"keyDown","value":"î€‡"},{"type":"pause","duration":10},{"type":"keyUp","value":"î€‡"}]}]}
RESULT: {"actions":[{"id":"action15","type":"key","parameters":{},"actions":[{"type":"keyDown","value":"î€‡"},{"type":"pause","duration":10},{"type":"keyUp","value":"î€‡"}]}]}
COMMAND: POST /session/3c28004edfbf3c6cdcf5221cd875a4b1/element - {"using":"xpath","value":"//input[@id=\"application-managesites-display-component---NewSite--addressDetailDetailsYard-inner\"]"}
COMMAND: GET /session/3c28004edfbf3c6cdcf5221cd875a4b1/screenshot - {}
RESULT: {"using":"xpath","value":"//input[@id=\"application-managesites-display-component---NewSite--addressDetailDetailsYard-inner\"]"}
COMMAND: POST /session/3c28004edfbf3c6cdcf5221cd875a4b1/element/f.B144892EA8D4B745C91A45796582BC5B.d.28D3B915BE9601421604AE3BC9A44C48.e.5742/value - {"text":"430"}
RESULT: {}
RESULT: {"text":"430"}
COMMAND: GET /session/3c28004edfbf3c6cdcf5221cd875a4b1/screenshot - {}
RESULT: {}
COMMAND: POST /session/3c28004edfbf3c6cdcf5221cd875a4b1/actions - {"actions":[{"id":"action16","type":"key","parameters":{},"actions":[{"type":"keyDown","value":"î€‡"},{"type":"pause","duration":10},{"type":"keyUp","value":"î€‡"}]}]}
RESULT: {"actions":[{"id":"action16","type":"key","parameters":{},"actions":[{"type":"keyDown","value":"î€‡"},{"type":"pause","duration":10},{"type":"keyUp","value":"î€‡"}]}]}
COMMAND: GET /session/3c28004edfbf3c6cdcf5221cd875a4b1/screenshot - {}
RESULT: {}
COMMAND: POST /session/3c28004edfbf3c6cdcf5221cd875a4b1/element - {"using":"xpath","value":"//input[@id=\"application-managesites-display-component---NewSite--addressDetailDetailsPartner-inner\"]"}
RESULT: {"using":"xpath","value":"//input[@id=\"application-managesites-display-component---NewSite--addressDetailDetailsPartner-inner\"]"}
COMMAND: POST /session/3c28004edfbf3c6cdcf5221cd875a4b1/elements - {"using":"xpath","value":"//input[@id=\"application-managesites-display-component---NewSite--addressDetailDetailsPartner-inner\"]"}
RESULT: {"using":"xpath","value":"//input[@id=\"application-managesites-display-component---NewSite--addressDetailDetailsPartner-inner\"]"}
RESULT: undefined
COMMAND: POST /session/3c28004edfbf3c6cdcf5221cd875a4b1/element - {"using":"xpath","value":"//*[@id=\"application-managesites-display-component---NewSite--ObjectPageLayout-anchBar-__section5-anchor\"]"}
RESULT: {"using":"xpath","value":"//*[@id=\"application-managesites-display-component---NewSite--ObjectPageLayout-anchBar-__section5-anchor\"]"}
COMMAND: POST /session/3c28004edfbf3c6cdcf5221cd875a4b1/element/f.B144892EA8D4B745C91A45796582BC5B.d.28D3B915BE9601421604AE3BC9A44C48.e.5864/click - {}
RESULT: {}
COMMAND: POST /session/3c28004edfbf3c6cdcf5221cd875a4b1/execute/async - {"script":"<script> [1562 bytes]","args":[{"selector":{"id":"application-managesites-display-component---NewSite--siteWhmCheckBox-label","interaction":{"idSuffix":"bdi"}},"wdio_ui5_key":"applicationmanagesites-display-component---NewSite--siteWhmCheckBox-label"}]}
COMMAND: GET /session/3c28004edfbf3c6cdcf5221cd875a4b1/screenshot - {}
RESULT: {"script":"<script> [1562 bytes]","args":[{"selector":{"id":"application-managesites-display-component---NewSite--siteWhmCheckBox-label","interaction":{"idSuffix":"bdi"}},"wdio_ui5_key":"applicationmanagesites-display-component---NewSite--siteWhmCheckBox-label"}]}
RESULT: undefined
COMMAND: POST /session/3c28004edfbf3c6cdcf5221cd875a4b1/element - {"using":"xpath","value":"//*[@id=\"application-managesites-display-component---NewSite--siteWhmCheckBox-label\"]"}
RESULT: {}
RESULT: {"using":"xpath","value":"//*[@id=\"application-managesites-display-component---NewSite--siteWhmCheckBox-label\"]"}
COMMAND: POST /session/3c28004edfbf3c6cdcf5221cd875a4b1/element/f.B144892EA8D4B745C91A45796582BC5B.d.28D3B915BE9601421604AE3BC9A44C48.e.5867/click - {}
RESULT: {}
RESULT: undefined
COMMAND: POST /session/3c28004edfbf3c6cdcf5221cd875a4b1/element - {"using":"xpath","value":"//*[@id=\"__button16\"]"}
COMMAND: GET /session/3c28004edfbf3c6cdcf5221cd875a4b1/screenshot - {}
RESULT: {"using":"xpath","value":"//*[@id=\"__button16\"]"}
COMMAND: POST /session/3c28004edfbf3c6cdcf5221cd875a4b1/element/f.B144892EA8D4B745C91A45796582BC5B.d.28D3B915BE9601421604AE3BC9A44C48.e.5868/click - {}
RESULT: {}
RESULT: {}
COMMAND: GET /session/3c28004edfbf3c6cdcf5221cd875a4b1/screenshot - {}
RESULT: {}
COMMAND: POST /session/3c28004edfbf3c6cdcf5221cd875a4b1/element - {"using":"xpath","value":"//header/div/div[2]/div[2]/span"}
RESULT: {"using":"xpath","value":"//header/div/div[2]/div[2]/span"}
COMMAND: GET /session/3c28004edfbf3c6cdcf5221cd875a4b1/element/f.B144892EA8D4B745C91A45796582BC5B.d.28D3B915BE9601421604AE3BC9A44C48.e.6069/text - {}
RESULT: {}
RESULT: undefined
RESULT: undefined
COMMAND: POST /session/3c28004edfbf3c6cdcf5221cd875a4b1/execute/async - {"script":"<script> [6424 bytes]","args":[{"element-6066-11e4-a52e-4f735466cecf":"f.B144892EA8D4B745C91A45796582BC5B.d.28D3B915BE9601421604AE3BC9A44C48.e.5663"},"getText",[]]}
COMMAND: POST /session/3c28004edfbf3c6cdcf5221cd875a4b1/execute/async - {"script":"<script> [1562 bytes]","args":[{"selector":{"controlType":"sap.m.Label","viewName":"etm.portal.ui.managesites.view.Detail","viewId":"application-managesites-display-component---detailSite","i18NText":{"propertyName":"text","key":"status"}},"wdio_ui5_key":"etmportal.ui.managesites.view.Detailsap.m.Label{\"propertyName\":\"text\",\"key\":\"status\"}"}]}
RESULT: {"script":"<script> [1562 bytes]","args":[{"selector":{"controlType":"sap.m.Label","viewName":"etm.portal.ui.managesites.view.Detail","viewId":"application-managesites-display-component---detailSite","i18NText":{"propertyName":"text","key":"status"}},"wdio_ui5_key":"etmportal.ui.managesites.view.Detailsap.m.Label{\"propertyName\":\"text\",\"key\":\"status\"}"}]}
COMMAND: POST /session/3c28004edfbf3c6cdcf5221cd875a4b1/execute/async - {"script":"<script> [6424 bytes]","args":[{"element-6066-11e4-a52e-4f735466cecf":"f.B144892EA8D4B745C91A45796582BC5B.d.28D3B915BE9601421604AE3BC9A44C48.e.6058"},"getText",[]]}
RESULT: {"script":"<script> [6424 bytes]","args":[{"element-6066-11e4-a52e-4f735466cecf":"f.B144892EA8D4B745C91A45796582BC5B.d.28D3B915BE9601421604AE3BC9A44C48.e.6058"},"getText",[]]}
COMMAND: POST /session/3c28004edfbf3c6cdcf5221cd875a4b1/execute/async - {"script":"<script> [1562 bytes]","args":[{"selector":{"id":"shell-header","interaction":{"idSuffix":"icon"}},"wdio_ui5_key":"shellheader"}]}
RESULT: {"script":"<script> [1562 bytes]","args":[{"selector":{"id":"shell-header","interaction":{"idSuffix":"icon"}},"wdio_ui5_key":"shellheader"}]}
RESULT: undefined
COMMAND: POST /session/3c28004edfbf3c6cdcf5221cd875a4b1/element - {"using":"xpath","value":"//*[@id=\"shell-header\"]"}
RESULT: {"using":"xpath","value":"//*[@id=\"shell-header\"]"}
COMMAND: POST /session/3c28004edfbf3c6cdcf5221cd875a4b1/element/f.B144892EA8D4B745C91A45796582BC5B.d.28D3B915BE9601421604AE3BC9A44C48.e.6070/click - {}
RESULT: {}
COMMAND: GET /session/3c28004edfbf3c6cdcf5221cd875a4b1/screenshot - {}
COMMAND: POST /session/3c28004edfbf3c6cdcf5221cd875a4b1/refresh - {}
RESULT: {}
RESULT: {}
COMMAND: GET /session/3c28004edfbf3c6cdcf5221cd875a4b1/screenshot - {}
RESULT: {}
COMMAND: POST /session/3c28004edfbf3c6cdcf5221cd875a4b1/refresh - {}
RESULT: {}
COMMAND: GET /session/3c28004edfbf3c6cdcf5221cd875a4b1/screenshot - {}
RESULT: {}
COMMAND: POST /session/3c28004edfbf3c6cdcf5221cd875a4b1/window/fullscreen - {}
RESULT: {}
COMMAND: POST /session/3c28004edfbf3c6cdcf5221cd875a4b1/execute/async - {"script":"<script> [189 bytes]","args":[]}
RESULT: {"script":"<script> [189 bytes]","args":[]}
COMMAND: POST /session/3c28004edfbf3c6cdcf5221cd875a4b1/execute/async - {"script":"<script> [123 bytes]","args":[]}
RESULT: {"script":"<script> [123 bytes]","args":[]}
COMMAND: POST /session/3c28004edfbf3c6cdcf5221cd875a4b1/timeouts - {"script":"<number>"}
RESULT: {"script":"<number>"}
COMMAND: GET /session/3c28004edfbf3c6cdcf5221cd875a4b1/timeouts - {}
RESULT: {}
RESULT: undefined
COMMAND: POST /session/3c28004edfbf3c6cdcf5221cd875a4b1/execute/async - {"script":"<script> [2676 bytes]","args":[]}
RESULT: {"script":"<script> [2676 bytes]","args":[]}
COMMAND: POST /session/3c28004edfbf3c6cdcf5221cd875a4b1/execute/async - {"script":"<script> [2342 bytes]","args":[{"protocol":"http","hostname":"0.0.0.0","path":"/","capabilities":{"browserName":"chrome","goog:chromeOptions":{"binary":"C:\\Program Files\\Google\\Chrome\\Application\\chrome.exe","args":["--start-maximized"]}},"logLevel":"warn","connectionRetryTimeout":120000,"connectionRetryCount":3,"logLevels":{},"enableDirectConnect":true,"strictSSL":true,"_":"65 more keys: [\"cacheDir\",\"port\",\"requestedCapabilities\",\"automationProtocol\",\"baseUrl\",\"waitforInterval\",\"waitforTimeout\",\"onReload\",\"beforeCommand\",\"afterCommand\",\"rootDir\",\"specs\",\"suites\",\"exclude\",\"groupLogsByTestSpec\",\"excludeDriverLogs\",\"bail\",\"framework\",\"reporters\",\"services\",\"maxInstances\",\"maxInstancesPerCapability\",\"injectGlobals\",\"filesToWatch\",\"execArgv\",\"runnerEnv\",\"runner\",\"shard\",\"specFileRetries\",\"specFileRetriesDelay\",\"specFileRetriesDeferred\",\"reporterSyncInterval\",\"reporterSyncTimeout\",\"cucumberFeaturesWithLineNumbers\",\"autoCompileOpts\",\"mochaOpts\",\"jasmineOpts\",\"cucumberOpts\",\"onPrepare\",\"onWorkerStart\",\"onWorkerEnd\",\"before\",\"beforeSession\",\"beforeSuite\",\"beforeHook\",\"beforeTest\",\"afterTest\",\"afterHook\",\"afterSuite\",\"afterSession\",\"after\",\"onComplete\",\"beforeAssertion\",\"afterAssertion\",\"beforeFeature\",\"beforeScenario\",\"beforeStep\",\"afterStep\",\"afterScenario\",\"afterFeature\",\"_\",\"suite\",\"$0\",\"ignoredWorkerServices\",\"wdi5\"]"}]}
RESULT: {"script":"<script> [2342 bytes]","args":[{"protocol":"http","hostname":"0.0.0.0","path":"/","capabilities":{"browserName":"chrome","goog:chromeOptions":{"binary":"C:\\Program Files\\Google\\Chrome\\Application\\chrome.exe","args":["--start-maximized"]}},"logLevel":"warn","connectionRetryTimeout":120000,"connectionRetryCount":3,"logLevels":{},"enableDirectConnect":true,"strictSSL":true,"_":"65 more keys: [\"cacheDir\",\"port\",\"requestedCapabilities\",\"automationProtocol\",\"baseUrl\",\"waitforInterval\",\"waitforTimeout\",\"onReload\",\"beforeCommand\",\"afterCommand\",\"rootDir\",\"specs\",\"suites\",\"exclude\",\"groupLogsByTestSpec\",\"excludeDriverLogs\",\"bail\",\"framework\",\"reporters\",\"services\",\"maxInstances\",\"maxInstancesPerCapability\",\"injectGlobals\",\"filesToWatch\",\"execArgv\",\"runnerEnv\",\"runner\",\"shard\",\"specFileRetries\",\"specFileRetriesDelay\",\"specFileRetriesDeferred\",\"reporterSyncInterval\",\"reporterSyncTimeout\",\"cucumberFeaturesWithLineNumbers\",\"autoCompileOpts\",\"mochaOpts\",\"jasmineOpts\",\"cucumberOpts\",\"onPrepare\",\"onWorkerStart\",\"onWorkerEnd\",\"before\",\"beforeSession\",\"beforeSuite\",\"beforeHook\",\"beforeTest\",\"afterTest\",\"afterHook\",\"afterSuite\",\"afterSession\",\"after\",\"onComplete\",\"beforeAssertion\",\"afterAssertion\",\"beforeFeature\",\"beforeScenario\",\"beforeStep\",\"afterStep\",\"afterScenario\",\"afterFeature\",\"_\",\"suite\",\"$0\",\"ignoredWorkerServices\",\"wdi5\"]"}]}
COMMAND: POST /session/3c28004edfbf3c6cdcf5221cd875a4b1/execute/async - {"script":"<script> [21126 bytes]","args":[35000]}
RESULT: {"script":"<script> [21126 bytes]","args":[35000]}
COMMAND: POST /session/3c28004edfbf3c6cdcf5221cd875a4b1/element - {"using":"css selector","value":"#j_username"}
COMMAND: POST /session/3c28004edfbf3c6cdcf5221cd875a4b1/url - {"url":"https://qa-testing-00-live-etm-ui.cfapps.eu10-004.hana.ondemand.com/"}
RESULT: {"using":"css selector","value":"#j_username"}
COMMAND: POST /session/3c28004edfbf3c6cdcf5221cd875a4b1/element - {"using":"css selector","value":"#j_username"}
RESULT: {"url":"https://qa-testing-00-live-etm-ui.cfapps.eu10-004.hana.ondemand.com/"}
RESULT: undefined
COMMAND: GET /session/3c28004edfbf3c6cdcf5221cd875a4b1/screenshot - {}
RESULT: {"using":"css selector","value":"#j_username"}
COMMAND: POST /session/3c28004edfbf3c6cdcf5221cd875a4b1/element - {"using":"css selector","value":"#shell-header-logo"}
RESULT: {}
RESULT: {"using":"css selector","value":"#shell-header-logo"}
COMMAND: POST /session/3c28004edfbf3c6cdcf5221cd875a4b1/execute/sync - {"script":"<script> [8489 bytes]","args":[{"element-6066-11e4-a52e-4f735466cecf":"f.B144892EA8D4B745C91A45796582BC5B.d.DA0C1CC36DDD0E1EE25E99DD9D87F3F3.e.6486","ELEMENT":"f.B144892EA8D4B745C91A45796582BC5B.d.DA0C1CC36DDD0E1EE25E99DD9D87F3F3.e.6486"}]}
RESULT: {"script":"<script> [8489 bytes]","args":[{"element-6066-11e4-a52e-4f735466cecf":"f.B144892EA8D4B745C91A45796582BC5B.d.DA0C1CC36DDD0E1EE25E99DD9D87F3F3.e.6486","ELEMENT":"f.B144892EA8D4B745C91A45796582BC5B.d.DA0C1CC36DDD0E1EE25E99DD9D87F3F3.e.6486"}]}
COMMAND: POST /session/3c28004edfbf3c6cdcf5221cd875a4b1/element - {"using":"css selector","value":"#shell-header-logo"}
COMMAND: GET /session/3c28004edfbf3c6cdcf5221cd875a4b1/screenshot - {}
RESULT: {"using":"css selector","value":"#shell-header-logo"}
COMMAND: POST /session/3c28004edfbf3c6cdcf5221cd875a4b1/execute/sync - {"script":"<script> [8489 bytes]","args":[{"element-6066-11e4-a52e-4f735466cecf":"f.B144892EA8D4B745C91A45796582BC5B.d.DA0C1CC36DDD0E1EE25E99DD9D87F3F3.e.6486","ELEMENT":"f.B144892EA8D4B745C91A45796582BC5B.d.DA0C1CC36DDD0E1EE25E99DD9D87F3F3.e.6486"}]}
RESULT: {}
RESULT: {"script":"<script> [8489 bytes]","args":[{"element-6066-11e4-a52e-4f735466cecf":"f.B144892EA8D4B745C91A45796582BC5B.d.DA0C1CC36DDD0E1EE25E99DD9D87F3F3.e.6486","ELEMENT":"f.B144892EA8D4B745C91A45796582BC5B.d.DA0C1CC36DDD0E1EE25E99DD9D87F3F3.e.6486"}]}
COMMAND: POST /session/3c28004edfbf3c6cdcf5221cd875a4b1/execute/sync - {"script":"<script> [5351 bytes]","args":[{"element-6066-11e4-a52e-4f735466cecf":"f.B144892EA8D4B745C91A45796582BC5B.d.DA0C1CC36DDD0E1EE25E99DD9D87F3F3.e.6486","ELEMENT":"f.B144892EA8D4B745C91A45796582BC5B.d.DA0C1CC36DDD0E1EE25E99DD9D87F3F3.e.6486"}]}
COMMAND: GET /session/3c28004edfbf3c6cdcf5221cd875a4b1/screenshot - {}
RESULT: {"script":"<script> [5351 bytes]","args":[{"element-6066-11e4-a52e-4f735466cecf":"f.B144892EA8D4B745C91A45796582BC5B.d.DA0C1CC36DDD0E1EE25E99DD9D87F3F3.e.6486","ELEMENT":"f.B144892EA8D4B745C91A45796582BC5B.d.DA0C1CC36DDD0E1EE25E99DD9D87F3F3.e.6486"}]}
COMMAND: POST /session/3c28004edfbf3c6cdcf5221cd875a4b1/element - {"using":"css selector","value":"#shell-header-logo"}
COMMAND: GET /session/3c28004edfbf3c6cdcf5221cd875a4b1/screenshot - {}
RESULT: {}
RESULT: {"using":"css selector","value":"#shell-header-logo"}
COMMAND: POST /session/3c28004edfbf3c6cdcf5221cd875a4b1/element/f.B144892EA8D4B745C91A45796582BC5B.d.DA0C1CC36DDD0E1EE25E99DD9D87F3F3.e.6486/click - {}
RESULT: {}
RESULT: {}
COMMAND: GET /session/3c28004edfbf3c6cdcf5221cd875a4b1/screenshot - {}
RESULT: {}
COMMAND: POST /session/3c28004edfbf3c6cdcf5221cd875a4b1/execute/async - {"script":"<script> [189 bytes]","args":[]}
RESULT: {"script":"<script> [189 bytes]","args":[]}
COMMAND: POST /session/3c28004edfbf3c6cdcf5221cd875a4b1/execute/async - {"script":"<script> [123 bytes]","args":[]}
RESULT: {"script":"<script> [123 bytes]","args":[]}
COMMAND: POST /session/3c28004edfbf3c6cdcf5221cd875a4b1/timeouts - {"script":"<number>"}
RESULT: {"script":"<number>"}
COMMAND: GET /session/3c28004edfbf3c6cdcf5221cd875a4b1/timeouts - {}
RESULT: {}
RESULT: undefined
COMMAND: POST /session/3c28004edfbf3c6cdcf5221cd875a4b1/execute/async - {"script":"<script> [2676 bytes]","args":[]}
RESULT: {"script":"<script> [2676 bytes]","args":[]}
COMMAND: POST /session/3c28004edfbf3c6cdcf5221cd875a4b1/execute/async - {"script":"<script> [2342 bytes]","args":[{"protocol":"http","hostname":"0.0.0.0","path":"/","capabilities":{"browserName":"chrome","goog:chromeOptions":{"binary":"C:\\Program Files\\Google\\Chrome\\Application\\chrome.exe","args":["--start-maximized"]}},"logLevel":"warn","connectionRetryTimeout":120000,"connectionRetryCount":3,"logLevels":{},"enableDirectConnect":true,"strictSSL":true,"_":"65 more keys: [\"cacheDir\",\"port\",\"requestedCapabilities\",\"automationProtocol\",\"baseUrl\",\"waitforInterval\",\"waitforTimeout\",\"onReload\",\"beforeCommand\",\"afterCommand\",\"rootDir\",\"specs\",\"suites\",\"exclude\",\"groupLogsByTestSpec\",\"excludeDriverLogs\",\"bail\",\"framework\",\"reporters\",\"services\",\"maxInstances\",\"maxInstancesPerCapability\",\"injectGlobals\",\"filesToWatch\",\"execArgv\",\"runnerEnv\",\"runner\",\"shard\",\"specFileRetries\",\"specFileRetriesDelay\",\"specFileRetriesDeferred\",\"reporterSyncInterval\",\"reporterSyncTimeout\",\"cucumberFeaturesWithLineNumbers\",\"autoCompileOpts\",\"mochaOpts\",\"jasmineOpts\",\"cucumberOpts\",\"onPrepare\",\"onWorkerStart\",\"onWorkerEnd\",\"before\",\"beforeSession\",\"beforeSuite\",\"beforeHook\",\"beforeTest\",\"afterTest\",\"afterHook\",\"afterSuite\",\"afterSession\",\"after\",\"onComplete\",\"beforeAssertion\",\"afterAssertion\",\"beforeFeature\",\"beforeScenario\",\"beforeStep\",\"afterStep\",\"afterScenario\",\"afterFeature\",\"_\",\"suite\",\"$0\",\"ignoredWorkerServices\",\"wdi5\"]"}]}
RESULT: {"script":"<script> [2342 bytes]","args":[{"protocol":"http","hostname":"0.0.0.0","path":"/","capabilities":{"browserName":"chrome","goog:chromeOptions":{"binary":"C:\\Program Files\\Google\\Chrome\\Application\\chrome.exe","args":["--start-maximized"]}},"logLevel":"warn","connectionRetryTimeout":120000,"connectionRetryCount":3,"logLevels":{},"enableDirectConnect":true,"strictSSL":true,"_":"65 more keys: [\"cacheDir\",\"port\",\"requestedCapabilities\",\"automationProtocol\",\"baseUrl\",\"waitforInterval\",\"waitforTimeout\",\"onReload\",\"beforeCommand\",\"afterCommand\",\"rootDir\",\"specs\",\"suites\",\"exclude\",\"groupLogsByTestSpec\",\"excludeDriverLogs\",\"bail\",\"framework\",\"reporters\",\"services\",\"maxInstances\",\"maxInstancesPerCapability\",\"injectGlobals\",\"filesToWatch\",\"execArgv\",\"runnerEnv\",\"runner\",\"shard\",\"specFileRetries\",\"specFileRetriesDelay\",\"specFileRetriesDeferred\",\"reporterSyncInterval\",\"reporterSyncTimeout\",\"cucumberFeaturesWithLineNumbers\",\"autoCompileOpts\",\"mochaOpts\",\"jasmineOpts\",\"cucumberOpts\",\"onPrepare\",\"onWorkerStart\",\"onWorkerEnd\",\"before\",\"beforeSession\",\"beforeSuite\",\"beforeHook\",\"beforeTest\",\"afterTest\",\"afterHook\",\"afterSuite\",\"afterSession\",\"after\",\"onComplete\",\"beforeAssertion\",\"afterAssertion\",\"beforeFeature\",\"beforeScenario\",\"beforeStep\",\"afterStep\",\"afterScenario\",\"afterFeature\",\"_\",\"suite\",\"$0\",\"ignoredWorkerServices\",\"wdi5\"]"}]}
COMMAND: POST /session/3c28004edfbf3c6cdcf5221cd875a4b1/execute/async - {"script":"<script> [21126 bytes]","args":[35000]}
RESULT: {"script":"<script> [21126 bytes]","args":[35000]}
COMMAND: POST /session/3c28004edfbf3c6cdcf5221cd875a4b1/window/maximize - {}
RESULT: {}
COMMAND: POST /session/3c28004edfbf3c6cdcf5221cd875a4b1/execute/async - {"script":"<script> [1562 bytes]","args":[{"selector":{"id":"shell-header","interaction":{"idSuffix":"icon"}},"wdio_ui5_key":"shellheader"}]}
COMMAND: GET /session/3c28004edfbf3c6cdcf5221cd875a4b1/screenshot - {}
RESULT: {"script":"<script> [1562 bytes]","args":[{"selector":{"id":"shell-header","interaction":{"idSuffix":"icon"}},"wdio_ui5_key":"shellheader"}]}
RESULT: undefined
RESULT: {}
COMMAND: POST /session/3c28004edfbf3c6cdcf5221cd875a4b1/execute/async - {"script":"<script> [1562 bytes]","args":[{"selector":{"controlType":"sap.m.Title","i18NText":{"propertyName":"text","key":"dataCollectionAgreement"},"searchOpenDialogs":true},"wdio_ui5_key":"sapm.Title{\"propertyName\":\"text\",\"key\":\"dataCollectionAgreement\"}"}]}
RESULT: {"script":"<script> [1562 bytes]","args":[{"selector":{"controlType":"sap.m.Title","i18NText":{"propertyName":"text","key":"dataCollectionAgreement"},"searchOpenDialogs":true},"wdio_ui5_key":"sapm.Title{\"propertyName\":\"text\",\"key\":\"dataCollectionAgreement\"}"}]}
RESULT: undefined
COMMAND: POST /session/3c28004edfbf3c6cdcf5221cd875a4b1/execute/async - {"script":"<script> [1562 bytes]","args":[{"selector":{"controlType":"sap.m.GenericTile","properties":{"header":"Manage Resources"}},"wdio_ui5_key":"sapm.GenericTile{\"header\":\"Manage Resources\"}"}]}
RESULT: {"script":"<script> [1562 bytes]","args":[{"selector":{"controlType":"sap.m.GenericTile","properties":{"header":"Manage Resources"}},"wdio_ui5_key":"sapm.GenericTile{\"header\":\"Manage Resources\"}"}]}
RESULT: undefined
COMMAND: POST /session/3c28004edfbf3c6cdcf5221cd875a4b1/element - {"using":"xpath","value":"//*[@id=\"__tile31\"]"}
RESULT: {"using":"xpath","value":"//*[@id=\"__tile31\"]"}
COMMAND: POST /session/3c28004edfbf3c6cdcf5221cd875a4b1/element/f.B144892EA8D4B745C91A45796582BC5B.d.DA0C1CC36DDD0E1EE25E99DD9D87F3F3.e.6505/click - {}
RESULT: {}
COMMAND: GET /session/3c28004edfbf3c6cdcf5221cd875a4b1/screenshot - {}
RESULT: {}
]]></system-out>
    </testcase>
  </testsuite>
  <testsuite timestamp="2025-04-30T05:46:38" time="503.614" tests="2" failures="0" errors="0" skipped="0">
    <properties>
      <property name="specId" value="0" />
      <property name="suiteName" value="Create 2 RU material US118246" />
      <property name="capabilities" value="chrome.135_0_7049_96.windows" />
      <property name="file" value="file:///D:/a/1/s/test/specs/R2C/create-material.spec.js" />
    </properties>
    <testcase classname="chrome.135_0_7049_96.windows.Create_2_RU_material_US118246" name="Create material" time="232.623">
      <system-out><![CDATA[
COMMAND: POST /session/3c28004edfbf3c6cdcf5221cd875a4b1/element - {"using":"xpath","value":"//button[@data-kt=\"addNewRUOverflowToolbarButton\"]"}
RESULT: {"using":"xpath","value":"//button[@data-kt=\"addNewRUOverflowToolbarButton\"]"}
COMMAND: POST /session/3c28004edfbf3c6cdcf5221cd875a4b1/execute/sync - {"script":"<script> [8489 bytes]","args":[{"element-6066-11e4-a52e-4f735466cecf":"f.B144892EA8D4B745C91A45796582BC5B.d.DA0C1CC36DDD0E1EE25E99DD9D87F3F3.e.6632","ELEMENT":"f.B144892EA8D4B745C91A45796582BC5B.d.DA0C1CC36DDD0E1EE25E99DD9D87F3F3.e.6632"}]}
RESULT: {"script":"<script> [8489 bytes]","args":[{"element-6066-11e4-a52e-4f735466cecf":"f.B144892EA8D4B745C91A45796582BC5B.d.DA0C1CC36DDD0E1EE25E99DD9D87F3F3.e.6632","ELEMENT":"f.B144892EA8D4B745C91A45796582BC5B.d.DA0C1CC36DDD0E1EE25E99DD9D87F3F3.e.6632"}]}
COMMAND: POST /session/3c28004edfbf3c6cdcf5221cd875a4b1/element/f.B144892EA8D4B745C91A45796582BC5B.d.DA0C1CC36DDD0E1EE25E99DD9D87F3F3.e.6632/click - {}
COMMAND: GET /session/3c28004edfbf3c6cdcf5221cd875a4b1/screenshot - {}
RESULT: {}
COMMAND: GET /session/3c28004edfbf3c6cdcf5221cd875a4b1/screenshot - {}
RESULT: {}
RESULT: {}
COMMAND: POST /session/3c28004edfbf3c6cdcf5221cd875a4b1/execute/async - {"script":"<script> [1562 bytes]","args":[{"selector":{"controlType":"sap.m.ComboBox","viewName":"reusables.view.manageresources.NewResourceUnit","viewId":"application-manageresources-display-component---newResourceUnit","bindingPath":{"path":"","propertyPath":"/RuTypes","modelName":"catalogModel"},"searchOpenDialogs":true},"wdio_ui5_key":"reusablesview.manageresources.NewResourceUnitsap.m.ComboBox{\"path\":\"\",\"propertyPath\":\"/RuTypes\",\"modelName\":\"catalogModel\"}"}]}
RESULT: {"script":"<script> [1562 bytes]","args":[{"selector":{"controlType":"sap.m.ComboBox","viewName":"reusables.view.manageresources.NewResourceUnit","viewId":"application-manageresources-display-component---newResourceUnit","bindingPath":{"path":"","propertyPath":"/RuTypes","modelName":"catalogModel"},"searchOpenDialogs":true},"wdio_ui5_key":"reusablesview.manageresources.NewResourceUnitsap.m.ComboBox{\"path\":\"\",\"propertyPath\":\"/RuTypes\",\"modelName\":\"catalogModel\"}"}]}
RESULT: undefined
COMMAND: POST /session/3c28004edfbf3c6cdcf5221cd875a4b1/execute/async - {"script":"<script> [1562 bytes]","args":[{"selector":{"controlType":"sap.m.ComboBox","viewName":"reusables.view.manageresources.NewResourceUnit","viewId":"application-manageresources-display-component---newResourceUnit","bindingPath":{"path":"","propertyPath":"/Yards","modelName":"catalogModel"},"searchOpenDialogs":true},"wdio_ui5_key":"reusablesview.manageresources.NewResourceUnitsap.m.ComboBox{\"path\":\"\",\"propertyPath\":\"/Yards\",\"modelName\":\"catalogModel\"}"}]}
RESULT: {"script":"<script> [1562 bytes]","args":[{"selector":{"controlType":"sap.m.ComboBox","viewName":"reusables.view.manageresources.NewResourceUnit","viewId":"application-manageresources-display-component---newResourceUnit","bindingPath":{"path":"","propertyPath":"/Yards","modelName":"catalogModel"},"searchOpenDialogs":true},"wdio_ui5_key":"reusablesview.manageresources.NewResourceUnitsap.m.ComboBox{\"path\":\"\",\"propertyPath\":\"/Yards\",\"modelName\":\"catalogModel\"}"}]}
RESULT: undefined
COMMAND: POST /session/3c28004edfbf3c6cdcf5221cd875a4b1/execute/async - {"script":"<script> [1562 bytes]","args":[{"selector":{"controlType":"etm.portal.ui.reusables.customControls.LiveSearchComboBox","viewName":"reusables.view.manageresources.NewResourceUnit","viewId":"application-manageresources-display-component---newResourceUnit","bindingPath":{"path":"","propertyPath":"/CatalogItems","modelName":"catalogModel"},"searchOpenDialogs":true},"wdio_ui5_key":"reusablesview.manageresources.NewResourceUnitetm.portal.ui.reusables.customControls.LiveSearchComboBox{\"path\":\"\",\"propertyPath\":\"/CatalogItems\",\"modelName\":\"catalogModel\"}"}]}
RESULT: {"script":"<script> [1562 bytes]","args":[{"selector":{"controlType":"etm.portal.ui.reusables.customControls.LiveSearchComboBox","viewName":"reusables.view.manageresources.NewResourceUnit","viewId":"application-manageresources-display-component---newResourceUnit","bindingPath":{"path":"","propertyPath":"/CatalogItems","modelName":"catalogModel"},"searchOpenDialogs":true},"wdio_ui5_key":"reusablesview.manageresources.NewResourceUnitetm.portal.ui.reusables.customControls.LiveSearchComboBox{\"path\":\"\",\"propertyPath\":\"/CatalogItems\",\"modelName\":\"catalogModel\"}"}]}
RESULT: undefined
COMMAND: POST /session/3c28004edfbf3c6cdcf5221cd875a4b1/element - {"using":"xpath","value":"//bdi[text()=\"OK\"]"}
RESULT: {"using":"xpath","value":"//bdi[text()=\"OK\"]"}
COMMAND: POST /session/3c28004edfbf3c6cdcf5221cd875a4b1/elements - {"using":"xpath","value":"//bdi[text()=\"OK\"]"}
RESULT: {"using":"xpath","value":"//bdi[text()=\"OK\"]"}
COMMAND: POST /session/3c28004edfbf3c6cdcf5221cd875a4b1/elements - {"using":"xpath","value":"//bdi[text()=\"OK\"]"}
RESULT: {"using":"xpath","value":"//bdi[text()=\"OK\"]"}
COMMAND: POST /session/3c28004edfbf3c6cdcf5221cd875a4b1/elements - {"using":"xpath","value":"//bdi[text()=\"OK\"]"}
RESULT: {"using":"xpath","value":"//bdi[text()=\"OK\"]"}
COMMAND: POST /session/3c28004edfbf3c6cdcf5221cd875a4b1/elements - {"using":"xpath","value":"//bdi[text()=\"OK\"]"}
RESULT: {"using":"xpath","value":"//bdi[text()=\"OK\"]"}
COMMAND: POST /session/3c28004edfbf3c6cdcf5221cd875a4b1/elements - {"using":"xpath","value":"//bdi[text()=\"OK\"]"}
RESULT: {"using":"xpath","value":"//bdi[text()=\"OK\"]"}
COMMAND: POST /session/3c28004edfbf3c6cdcf5221cd875a4b1/elements - {"using":"xpath","value":"//bdi[text()=\"OK\"]"}
RESULT: {"using":"xpath","value":"//bdi[text()=\"OK\"]"}
COMMAND: POST /session/3c28004edfbf3c6cdcf5221cd875a4b1/elements - {"using":"xpath","value":"//bdi[text()=\"OK\"]"}
RESULT: {"using":"xpath","value":"//bdi[text()=\"OK\"]"}
COMMAND: POST /session/3c28004edfbf3c6cdcf5221cd875a4b1/elements - {"using":"xpath","value":"//bdi[text()=\"OK\"]"}
RESULT: {"using":"xpath","value":"//bdi[text()=\"OK\"]"}
COMMAND: POST /session/3c28004edfbf3c6cdcf5221cd875a4b1/elements - {"using":"xpath","value":"//bdi[text()=\"OK\"]"}
RESULT: {"using":"xpath","value":"//bdi[text()=\"OK\"]"}
COMMAND: POST /session/3c28004edfbf3c6cdcf5221cd875a4b1/elements - {"using":"xpath","value":"//bdi[text()=\"OK\"]"}
RESULT: {"using":"xpath","value":"//bdi[text()=\"OK\"]"}
COMMAND: POST /session/3c28004edfbf3c6cdcf5221cd875a4b1/elements - {"using":"xpath","value":"//bdi[text()=\"OK\"]"}
RESULT: {"using":"xpath","value":"//bdi[text()=\"OK\"]"}
COMMAND: POST /session/3c28004edfbf3c6cdcf5221cd875a4b1/elements - {"using":"xpath","value":"//bdi[text()=\"OK\"]"}
RESULT: {"using":"xpath","value":"//bdi[text()=\"OK\"]"}
COMMAND: POST /session/3c28004edfbf3c6cdcf5221cd875a4b1/elements - {"using":"xpath","value":"//bdi[text()=\"OK\"]"}
RESULT: {"using":"xpath","value":"//bdi[text()=\"OK\"]"}
COMMAND: POST /session/3c28004edfbf3c6cdcf5221cd875a4b1/elements - {"using":"xpath","value":"//bdi[text()=\"OK\"]"}
RESULT: {"using":"xpath","value":"//bdi[text()=\"OK\"]"}
COMMAND: POST /session/3c28004edfbf3c6cdcf5221cd875a4b1/elements - {"using":"xpath","value":"//bdi[text()=\"OK\"]"}
RESULT: {"using":"xpath","value":"//bdi[text()=\"OK\"]"}
COMMAND: POST /session/3c28004edfbf3c6cdcf5221cd875a4b1/elements - {"using":"xpath","value":"//bdi[text()=\"OK\"]"}
RESULT: {"using":"xpath","value":"//bdi[text()=\"OK\"]"}
COMMAND: POST /session/3c28004edfbf3c6cdcf5221cd875a4b1/elements - {"using":"xpath","value":"//bdi[text()=\"OK\"]"}
RESULT: {"using":"xpath","value":"//bdi[text()=\"OK\"]"}
COMMAND: POST /session/3c28004edfbf3c6cdcf5221cd875a4b1/elements - {"using":"xpath","value":"//bdi[text()=\"OK\"]"}
RESULT: {"using":"xpath","value":"//bdi[text()=\"OK\"]"}
COMMAND: POST /session/3c28004edfbf3c6cdcf5221cd875a4b1/elements - {"using":"xpath","value":"//bdi[text()=\"OK\"]"}
RESULT: {"using":"xpath","value":"//bdi[text()=\"OK\"]"}
COMMAND: POST /session/3c28004edfbf3c6cdcf5221cd875a4b1/elements - {"using":"xpath","value":"//bdi[text()=\"OK\"]"}
RESULT: {"using":"xpath","value":"//bdi[text()=\"OK\"]"}
COMMAND: POST /session/3c28004edfbf3c6cdcf5221cd875a4b1/elements - {"using":"xpath","value":"//bdi[text()=\"OK\"]"}
RESULT: {"using":"xpath","value":"//bdi[text()=\"OK\"]"}
COMMAND: POST /session/3c28004edfbf3c6cdcf5221cd875a4b1/elements - {"using":"xpath","value":"//bdi[text()=\"OK\"]"}
RESULT: {"using":"xpath","value":"//bdi[text()=\"OK\"]"}
COMMAND: POST /session/3c28004edfbf3c6cdcf5221cd875a4b1/elements - {"using":"xpath","value":"//bdi[text()=\"OK\"]"}
RESULT: {"using":"xpath","value":"//bdi[text()=\"OK\"]"}
COMMAND: POST /session/3c28004edfbf3c6cdcf5221cd875a4b1/elements - {"using":"xpath","value":"//bdi[text()=\"OK\"]"}
RESULT: {"using":"xpath","value":"//bdi[text()=\"OK\"]"}
COMMAND: POST /session/3c28004edfbf3c6cdcf5221cd875a4b1/elements - {"using":"xpath","value":"//bdi[text()=\"OK\"]"}
RESULT: {"using":"xpath","value":"//bdi[text()=\"OK\"]"}
COMMAND: POST /session/3c28004edfbf3c6cdcf5221cd875a4b1/elements - {"using":"xpath","value":"//bdi[text()=\"OK\"]"}
RESULT: {"using":"xpath","value":"//bdi[text()=\"OK\"]"}
COMMAND: POST /session/3c28004edfbf3c6cdcf5221cd875a4b1/elements - {"using":"xpath","value":"//bdi[text()=\"OK\"]"}
RESULT: {"using":"xpath","value":"//bdi[text()=\"OK\"]"}
COMMAND: POST /session/3c28004edfbf3c6cdcf5221cd875a4b1/elements - {"using":"xpath","value":"//bdi[text()=\"OK\"]"}
RESULT: {"using":"xpath","value":"//bdi[text()=\"OK\"]"}
COMMAND: POST /session/3c28004edfbf3c6cdcf5221cd875a4b1/elements - {"using":"xpath","value":"//bdi[text()=\"OK\"]"}
RESULT: {"using":"xpath","value":"//bdi[text()=\"OK\"]"}
COMMAND: POST /session/3c28004edfbf3c6cdcf5221cd875a4b1/elements - {"using":"xpath","value":"//bdi[text()=\"OK\"]"}
RESULT: {"using":"xpath","value":"//bdi[text()=\"OK\"]"}
COMMAND: POST /session/3c28004edfbf3c6cdcf5221cd875a4b1/elements - {"using":"xpath","value":"//bdi[text()=\"OK\"]"}
RESULT: {"using":"xpath","value":"//bdi[text()=\"OK\"]"}
COMMAND: POST /session/3c28004edfbf3c6cdcf5221cd875a4b1/elements - {"using":"xpath","value":"//bdi[text()=\"OK\"]"}
RESULT: {"using":"xpath","value":"//bdi[text()=\"OK\"]"}
COMMAND: POST /session/3c28004edfbf3c6cdcf5221cd875a4b1/elements - {"using":"xpath","value":"//bdi[text()=\"OK\"]"}
RESULT: {"using":"xpath","value":"//bdi[text()=\"OK\"]"}
COMMAND: POST /session/3c28004edfbf3c6cdcf5221cd875a4b1/elements - {"using":"xpath","value":"//bdi[text()=\"OK\"]"}
RESULT: {"using":"xpath","value":"//bdi[text()=\"OK\"]"}
COMMAND: POST /session/3c28004edfbf3c6cdcf5221cd875a4b1/elements - {"using":"xpath","value":"//bdi[text()=\"OK\"]"}
RESULT: {"using":"xpath","value":"//bdi[text()=\"OK\"]"}
COMMAND: POST /session/3c28004edfbf3c6cdcf5221cd875a4b1/elements - {"using":"xpath","value":"//bdi[text()=\"OK\"]"}
RESULT: {"using":"xpath","value":"//bdi[text()=\"OK\"]"}
COMMAND: POST /session/3c28004edfbf3c6cdcf5221cd875a4b1/elements - {"using":"xpath","value":"//bdi[text()=\"OK\"]"}
RESULT: {"using":"xpath","value":"//bdi[text()=\"OK\"]"}
COMMAND: POST /session/3c28004edfbf3c6cdcf5221cd875a4b1/elements - {"using":"xpath","value":"//bdi[text()=\"OK\"]"}
RESULT: {"using":"xpath","value":"//bdi[text()=\"OK\"]"}
COMMAND: POST /session/3c28004edfbf3c6cdcf5221cd875a4b1/elements - {"using":"xpath","value":"//bdi[text()=\"OK\"]"}
RESULT: {"using":"xpath","value":"//bdi[text()=\"OK\"]"}
COMMAND: POST /session/3c28004edfbf3c6cdcf5221cd875a4b1/elements - {"using":"xpath","value":"//bdi[text()=\"OK\"]"}
RESULT: {"using":"xpath","value":"//bdi[text()=\"OK\"]"}
COMMAND: POST /session/3c28004edfbf3c6cdcf5221cd875a4b1/elements - {"using":"xpath","value":"//bdi[text()=\"OK\"]"}
RESULT: {"using":"xpath","value":"//bdi[text()=\"OK\"]"}
COMMAND: POST /session/3c28004edfbf3c6cdcf5221cd875a4b1/elements - {"using":"xpath","value":"//bdi[text()=\"OK\"]"}
RESULT: {"using":"xpath","value":"//bdi[text()=\"OK\"]"}
COMMAND: POST /session/3c28004edfbf3c6cdcf5221cd875a4b1/elements - {"using":"xpath","value":"//bdi[text()=\"OK\"]"}
RESULT: {"using":"xpath","value":"//bdi[text()=\"OK\"]"}
COMMAND: POST /session/3c28004edfbf3c6cdcf5221cd875a4b1/elements - {"using":"xpath","value":"//bdi[text()=\"OK\"]"}
RESULT: {"using":"xpath","value":"//bdi[text()=\"OK\"]"}
COMMAND: POST /session/3c28004edfbf3c6cdcf5221cd875a4b1/elements - {"using":"xpath","value":"//bdi[text()=\"OK\"]"}
RESULT: {"using":"xpath","value":"//bdi[text()=\"OK\"]"}
COMMAND: POST /session/3c28004edfbf3c6cdcf5221cd875a4b1/elements - {"using":"xpath","value":"//bdi[text()=\"OK\"]"}
RESULT: {"using":"xpath","value":"//bdi[text()=\"OK\"]"}
COMMAND: POST /session/3c28004edfbf3c6cdcf5221cd875a4b1/elements - {"using":"xpath","value":"//bdi[text()=\"OK\"]"}
RESULT: {"using":"xpath","value":"//bdi[text()=\"OK\"]"}
COMMAND: POST /session/3c28004edfbf3c6cdcf5221cd875a4b1/elements - {"using":"xpath","value":"//bdi[text()=\"OK\"]"}
RESULT: {"using":"xpath","value":"//bdi[text()=\"OK\"]"}
COMMAND: POST /session/3c28004edfbf3c6cdcf5221cd875a4b1/elements - {"using":"xpath","value":"//bdi[text()=\"OK\"]"}
RESULT: {"using":"xpath","value":"//bdi[text()=\"OK\"]"}
COMMAND: POST /session/3c28004edfbf3c6cdcf5221cd875a4b1/elements - {"using":"xpath","value":"//bdi[text()=\"OK\"]"}
RESULT: {"using":"xpath","value":"//bdi[text()=\"OK\"]"}
COMMAND: POST /session/3c28004edfbf3c6cdcf5221cd875a4b1/elements - {"using":"xpath","value":"//bdi[text()=\"OK\"]"}
RESULT: {"using":"xpath","value":"//bdi[text()=\"OK\"]"}
COMMAND: POST /session/3c28004edfbf3c6cdcf5221cd875a4b1/elements - {"using":"xpath","value":"//bdi[text()=\"OK\"]"}
RESULT: {"using":"xpath","value":"//bdi[text()=\"OK\"]"}
COMMAND: POST /session/3c28004edfbf3c6cdcf5221cd875a4b1/elements - {"using":"xpath","value":"//bdi[text()=\"OK\"]"}
RESULT: {"using":"xpath","value":"//bdi[text()=\"OK\"]"}
COMMAND: POST /session/3c28004edfbf3c6cdcf5221cd875a4b1/elements - {"using":"xpath","value":"//bdi[text()=\"OK\"]"}
RESULT: {"using":"xpath","value":"//bdi[text()=\"OK\"]"}
COMMAND: POST /session/3c28004edfbf3c6cdcf5221cd875a4b1/elements - {"using":"xpath","value":"//bdi[text()=\"OK\"]"}
RESULT: {"using":"xpath","value":"//bdi[text()=\"OK\"]"}
COMMAND: POST /session/3c28004edfbf3c6cdcf5221cd875a4b1/elements - {"using":"xpath","value":"//bdi[text()=\"OK\"]"}
RESULT: {"using":"xpath","value":"//bdi[text()=\"OK\"]"}
COMMAND: POST /session/3c28004edfbf3c6cdcf5221cd875a4b1/elements - {"using":"xpath","value":"//bdi[text()=\"OK\"]"}
RESULT: {"using":"xpath","value":"//bdi[text()=\"OK\"]"}
COMMAND: POST /session/3c28004edfbf3c6cdcf5221cd875a4b1/elements - {"using":"xpath","value":"//bdi[text()=\"OK\"]"}
RESULT: {"using":"xpath","value":"//bdi[text()=\"OK\"]"}
COMMAND: POST /session/3c28004edfbf3c6cdcf5221cd875a4b1/elements - {"using":"xpath","value":"//bdi[text()=\"OK\"]"}
RESULT: {"using":"xpath","value":"//bdi[text()=\"OK\"]"}
COMMAND: POST /session/3c28004edfbf3c6cdcf5221cd875a4b1/elements - {"using":"xpath","value":"//bdi[text()=\"OK\"]"}
RESULT: {"using":"xpath","value":"//bdi[text()=\"OK\"]"}
COMMAND: POST /session/3c28004edfbf3c6cdcf5221cd875a4b1/elements - {"using":"xpath","value":"//bdi[text()=\"OK\"]"}
RESULT: {"using":"xpath","value":"//bdi[text()=\"OK\"]"}
COMMAND: POST /session/3c28004edfbf3c6cdcf5221cd875a4b1/elements - {"using":"xpath","value":"//bdi[text()=\"OK\"]"}
RESULT: {"using":"xpath","value":"//bdi[text()=\"OK\"]"}
COMMAND: POST /session/3c28004edfbf3c6cdcf5221cd875a4b1/elements - {"using":"xpath","value":"//bdi[text()=\"OK\"]"}
RESULT: {"using":"xpath","value":"//bdi[text()=\"OK\"]"}
COMMAND: POST /session/3c28004edfbf3c6cdcf5221cd875a4b1/elements - {"using":"xpath","value":"//bdi[text()=\"OK\"]"}
RESULT: {"using":"xpath","value":"//bdi[text()=\"OK\"]"}
COMMAND: POST /session/3c28004edfbf3c6cdcf5221cd875a4b1/elements - {"using":"xpath","value":"//bdi[text()=\"OK\"]"}
RESULT: {"using":"xpath","value":"//bdi[text()=\"OK\"]"}
COMMAND: POST /session/3c28004edfbf3c6cdcf5221cd875a4b1/elements - {"using":"xpath","value":"//bdi[text()=\"OK\"]"}
RESULT: {"using":"xpath","value":"//bdi[text()=\"OK\"]"}
COMMAND: POST /session/3c28004edfbf3c6cdcf5221cd875a4b1/elements - {"using":"xpath","value":"//bdi[text()=\"OK\"]"}
RESULT: {"using":"xpath","value":"//bdi[text()=\"OK\"]"}
COMMAND: POST /session/3c28004edfbf3c6cdcf5221cd875a4b1/elements - {"using":"xpath","value":"//bdi[text()=\"OK\"]"}
RESULT: {"using":"xpath","value":"//bdi[text()=\"OK\"]"}
COMMAND: POST /session/3c28004edfbf3c6cdcf5221cd875a4b1/elements - {"using":"xpath","value":"//bdi[text()=\"OK\"]"}
RESULT: {"using":"xpath","value":"//bdi[text()=\"OK\"]"}
COMMAND: POST /session/3c28004edfbf3c6cdcf5221cd875a4b1/elements - {"using":"xpath","value":"//bdi[text()=\"OK\"]"}
RESULT: {"using":"xpath","value":"//bdi[text()=\"OK\"]"}
COMMAND: POST /session/3c28004edfbf3c6cdcf5221cd875a4b1/elements - {"using":"xpath","value":"//bdi[text()=\"OK\"]"}
RESULT: {"using":"xpath","value":"//bdi[text()=\"OK\"]"}
COMMAND: POST /session/3c28004edfbf3c6cdcf5221cd875a4b1/elements - {"using":"xpath","value":"//bdi[text()=\"OK\"]"}
RESULT: {"using":"xpath","value":"//bdi[text()=\"OK\"]"}
COMMAND: POST /session/3c28004edfbf3c6cdcf5221cd875a4b1/elements - {"using":"xpath","value":"//bdi[text()=\"OK\"]"}
RESULT: {"using":"xpath","value":"//bdi[text()=\"OK\"]"}
COMMAND: POST /session/3c28004edfbf3c6cdcf5221cd875a4b1/elements - {"using":"xpath","value":"//bdi[text()=\"OK\"]"}
RESULT: {"using":"xpath","value":"//bdi[text()=\"OK\"]"}
COMMAND: POST /session/3c28004edfbf3c6cdcf5221cd875a4b1/elements - {"using":"xpath","value":"//bdi[text()=\"OK\"]"}
RESULT: {"using":"xpath","value":"//bdi[text()=\"OK\"]"}
COMMAND: POST /session/3c28004edfbf3c6cdcf5221cd875a4b1/elements - {"using":"xpath","value":"//bdi[text()=\"OK\"]"}
RESULT: {"using":"xpath","value":"//bdi[text()=\"OK\"]"}
COMMAND: POST /session/3c28004edfbf3c6cdcf5221cd875a4b1/elements - {"using":"xpath","value":"//bdi[text()=\"OK\"]"}
RESULT: {"using":"xpath","value":"//bdi[text()=\"OK\"]"}
COMMAND: POST /session/3c28004edfbf3c6cdcf5221cd875a4b1/elements - {"using":"xpath","value":"//bdi[text()=\"OK\"]"}
RESULT: {"using":"xpath","value":"//bdi[text()=\"OK\"]"}
COMMAND: POST /session/3c28004edfbf3c6cdcf5221cd875a4b1/elements - {"using":"xpath","value":"//bdi[text()=\"OK\"]"}
RESULT: {"using":"xpath","value":"//bdi[text()=\"OK\"]"}
COMMAND: POST /session/3c28004edfbf3c6cdcf5221cd875a4b1/elements - {"using":"xpath","value":"//bdi[text()=\"OK\"]"}
RESULT: {"using":"xpath","value":"//bdi[text()=\"OK\"]"}
COMMAND: POST /session/3c28004edfbf3c6cdcf5221cd875a4b1/elements - {"using":"xpath","value":"//bdi[text()=\"OK\"]"}
RESULT: {"using":"xpath","value":"//bdi[text()=\"OK\"]"}
COMMAND: POST /session/3c28004edfbf3c6cdcf5221cd875a4b1/elements - {"using":"xpath","value":"//bdi[text()=\"OK\"]"}
RESULT: {"using":"xpath","value":"//bdi[text()=\"OK\"]"}
COMMAND: POST /session/3c28004edfbf3c6cdcf5221cd875a4b1/elements - {"using":"xpath","value":"//bdi[text()=\"OK\"]"}
RESULT: {"using":"xpath","value":"//bdi[text()=\"OK\"]"}
COMMAND: POST /session/3c28004edfbf3c6cdcf5221cd875a4b1/elements - {"using":"xpath","value":"//bdi[text()=\"OK\"]"}
RESULT: {"using":"xpath","value":"//bdi[text()=\"OK\"]"}
COMMAND: POST /session/3c28004edfbf3c6cdcf5221cd875a4b1/elements - {"using":"xpath","value":"//bdi[text()=\"OK\"]"}
RESULT: {"using":"xpath","value":"//bdi[text()=\"OK\"]"}
COMMAND: POST /session/3c28004edfbf3c6cdcf5221cd875a4b1/elements - {"using":"xpath","value":"//bdi[text()=\"OK\"]"}
RESULT: {"using":"xpath","value":"//bdi[text()=\"OK\"]"}
COMMAND: POST /session/3c28004edfbf3c6cdcf5221cd875a4b1/elements - {"using":"xpath","value":"//bdi[text()=\"OK\"]"}
RESULT: {"using":"xpath","value":"//bdi[text()=\"OK\"]"}
COMMAND: POST /session/3c28004edfbf3c6cdcf5221cd875a4b1/elements - {"using":"xpath","value":"//bdi[text()=\"OK\"]"}
RESULT: {"using":"xpath","value":"//bdi[text()=\"OK\"]"}
COMMAND: POST /session/3c28004edfbf3c6cdcf5221cd875a4b1/elements - {"using":"xpath","value":"//bdi[text()=\"OK\"]"}
RESULT: {"using":"xpath","value":"//bdi[text()=\"OK\"]"}
COMMAND: POST /session/3c28004edfbf3c6cdcf5221cd875a4b1/elements - {"using":"xpath","value":"//bdi[text()=\"OK\"]"}
RESULT: {"using":"xpath","value":"//bdi[text()=\"OK\"]"}
COMMAND: POST /session/3c28004edfbf3c6cdcf5221cd875a4b1/elements - {"using":"xpath","value":"//bdi[text()=\"OK\"]"}
RESULT: {"using":"xpath","value":"//bdi[text()=\"OK\"]"}
COMMAND: POST /session/3c28004edfbf3c6cdcf5221cd875a4b1/elements - {"using":"xpath","value":"//bdi[text()=\"OK\"]"}
RESULT: {"using":"xpath","value":"//bdi[text()=\"OK\"]"}
COMMAND: POST /session/3c28004edfbf3c6cdcf5221cd875a4b1/elements - {"using":"xpath","value":"//bdi[text()=\"OK\"]"}
RESULT: {"using":"xpath","value":"//bdi[text()=\"OK\"]"}
COMMAND: POST /session/3c28004edfbf3c6cdcf5221cd875a4b1/elements - {"using":"xpath","value":"//bdi[text()=\"OK\"]"}
RESULT: {"using":"xpath","value":"//bdi[text()=\"OK\"]"}
COMMAND: POST /session/3c28004edfbf3c6cdcf5221cd875a4b1/elements - {"using":"xpath","value":"//bdi[text()=\"OK\"]"}
RESULT: {"using":"xpath","value":"//bdi[text()=\"OK\"]"}
COMMAND: POST /session/3c28004edfbf3c6cdcf5221cd875a4b1/elements - {"using":"xpath","value":"//bdi[text()=\"OK\"]"}
RESULT: {"using":"xpath","value":"//bdi[text()=\"OK\"]"}
COMMAND: POST /session/3c28004edfbf3c6cdcf5221cd875a4b1/elements - {"using":"xpath","value":"//bdi[text()=\"OK\"]"}
RESULT: {"using":"xpath","value":"//bdi[text()=\"OK\"]"}
COMMAND: POST /session/3c28004edfbf3c6cdcf5221cd875a4b1/elements - {"using":"xpath","value":"//bdi[text()=\"OK\"]"}
RESULT: {"using":"xpath","value":"//bdi[text()=\"OK\"]"}
COMMAND: POST /session/3c28004edfbf3c6cdcf5221cd875a4b1/elements - {"using":"xpath","value":"//bdi[text()=\"OK\"]"}
RESULT: {"using":"xpath","value":"//bdi[text()=\"OK\"]"}
COMMAND: POST /session/3c28004edfbf3c6cdcf5221cd875a4b1/elements - {"using":"xpath","value":"//bdi[text()=\"OK\"]"}
RESULT: {"using":"xpath","value":"//bdi[text()=\"OK\"]"}
COMMAND: POST /session/3c28004edfbf3c6cdcf5221cd875a4b1/elements - {"using":"xpath","value":"//bdi[text()=\"OK\"]"}
RESULT: {"using":"xpath","value":"//bdi[text()=\"OK\"]"}
COMMAND: POST /session/3c28004edfbf3c6cdcf5221cd875a4b1/elements - {"using":"xpath","value":"//bdi[text()=\"OK\"]"}
RESULT: {"using":"xpath","value":"//bdi[text()=\"OK\"]"}
COMMAND: POST /session/3c28004edfbf3c6cdcf5221cd875a4b1/elements - {"using":"xpath","value":"//bdi[text()=\"OK\"]"}
RESULT: {"using":"xpath","value":"//bdi[text()=\"OK\"]"}
COMMAND: POST /session/3c28004edfbf3c6cdcf5221cd875a4b1/elements - {"using":"xpath","value":"//bdi[text()=\"OK\"]"}
RESULT: {"using":"xpath","value":"//bdi[text()=\"OK\"]"}
COMMAND: POST /session/3c28004edfbf3c6cdcf5221cd875a4b1/elements - {"using":"xpath","value":"//bdi[text()=\"OK\"]"}
RESULT: {"using":"xpath","value":"//bdi[text()=\"OK\"]"}
COMMAND: POST /session/3c28004edfbf3c6cdcf5221cd875a4b1/elements - {"using":"xpath","value":"//bdi[text()=\"OK\"]"}
RESULT: {"using":"xpath","value":"//bdi[text()=\"OK\"]"}
COMMAND: POST /session/3c28004edfbf3c6cdcf5221cd875a4b1/elements - {"using":"xpath","value":"//bdi[text()=\"OK\"]"}
RESULT: {"using":"xpath","value":"//bdi[text()=\"OK\"]"}
COMMAND: POST /session/3c28004edfbf3c6cdcf5221cd875a4b1/elements - {"using":"xpath","value":"//bdi[text()=\"OK\"]"}
RESULT: {"using":"xpath","value":"//bdi[text()=\"OK\"]"}
COMMAND: POST /session/3c28004edfbf3c6cdcf5221cd875a4b1/elements - {"using":"xpath","value":"//bdi[text()=\"OK\"]"}
RESULT: {"using":"xpath","value":"//bdi[text()=\"OK\"]"}
COMMAND: POST /session/3c28004edfbf3c6cdcf5221cd875a4b1/elements - {"using":"xpath","value":"//bdi[text()=\"OK\"]"}
RESULT: {"using":"xpath","value":"//bdi[text()=\"OK\"]"}
COMMAND: POST /session/3c28004edfbf3c6cdcf5221cd875a4b1/elements - {"using":"xpath","value":"//bdi[text()=\"OK\"]"}
RESULT: {"using":"xpath","value":"//bdi[text()=\"OK\"]"}
COMMAND: POST /session/3c28004edfbf3c6cdcf5221cd875a4b1/elements - {"using":"xpath","value":"//bdi[text()=\"OK\"]"}
RESULT: {"using":"xpath","value":"//bdi[text()=\"OK\"]"}
COMMAND: POST /session/3c28004edfbf3c6cdcf5221cd875a4b1/elements - {"using":"xpath","value":"//bdi[text()=\"OK\"]"}
RESULT: {"using":"xpath","value":"//bdi[text()=\"OK\"]"}
COMMAND: POST /session/3c28004edfbf3c6cdcf5221cd875a4b1/elements - {"using":"xpath","value":"//bdi[text()=\"OK\"]"}
RESULT: {"using":"xpath","value":"//bdi[text()=\"OK\"]"}
COMMAND: POST /session/3c28004edfbf3c6cdcf5221cd875a4b1/elements - {"using":"xpath","value":"//bdi[text()=\"OK\"]"}
RESULT: {"using":"xpath","value":"//bdi[text()=\"OK\"]"}
COMMAND: POST /session/3c28004edfbf3c6cdcf5221cd875a4b1/elements - {"using":"xpath","value":"//bdi[text()=\"OK\"]"}
RESULT: {"using":"xpath","value":"//bdi[text()=\"OK\"]"}
COMMAND: POST /session/3c28004edfbf3c6cdcf5221cd875a4b1/elements - {"using":"xpath","value":"//bdi[text()=\"OK\"]"}
RESULT: {"using":"xpath","value":"//bdi[text()=\"OK\"]"}
COMMAND: POST /session/3c28004edfbf3c6cdcf5221cd875a4b1/elements - {"using":"xpath","value":"//bdi[text()=\"OK\"]"}
RESULT: {"using":"xpath","value":"//bdi[text()=\"OK\"]"}
COMMAND: POST /session/3c28004edfbf3c6cdcf5221cd875a4b1/elements - {"using":"xpath","value":"//bdi[text()=\"OK\"]"}
RESULT: {"using":"xpath","value":"//bdi[text()=\"OK\"]"}
COMMAND: POST /session/3c28004edfbf3c6cdcf5221cd875a4b1/elements - {"using":"xpath","value":"//bdi[text()=\"OK\"]"}
RESULT: {"using":"xpath","value":"//bdi[text()=\"OK\"]"}
COMMAND: POST /session/3c28004edfbf3c6cdcf5221cd875a4b1/elements - {"using":"xpath","value":"//bdi[text()=\"OK\"]"}
COMMAND: POST /session/3c28004edfbf3c6cdcf5221cd875a4b1/element - {"using":"xpath","value":"//bdi[text()=\"OK\"]"}
RESULT: {"using":"xpath","value":"//bdi[text()=\"OK\"]"}
RESULT: {"using":"xpath","value":"//bdi[text()=\"OK\"]"}
COMMAND: POST /session/3c28004edfbf3c6cdcf5221cd875a4b1/elements - {"using":"xpath","value":"//bdi[text()=\"OK\"]"}
RESULT: {"using":"xpath","value":"//bdi[text()=\"OK\"]"}
COMMAND: POST /session/3c28004edfbf3c6cdcf5221cd875a4b1/elements - {"using":"xpath","value":"//bdi[text()=\"OK\"]"}
RESULT: {"using":"xpath","value":"//bdi[text()=\"OK\"]"}
COMMAND: POST /session/3c28004edfbf3c6cdcf5221cd875a4b1/elements - {"using":"xpath","value":"//bdi[text()=\"OK\"]"}
RESULT: {"using":"xpath","value":"//bdi[text()=\"OK\"]"}
COMMAND: POST /session/3c28004edfbf3c6cdcf5221cd875a4b1/elements - {"using":"xpath","value":"//bdi[text()=\"OK\"]"}
RESULT: {"using":"xpath","value":"//bdi[text()=\"OK\"]"}
COMMAND: POST /session/3c28004edfbf3c6cdcf5221cd875a4b1/elements - {"using":"xpath","value":"//bdi[text()=\"OK\"]"}
RESULT: {"using":"xpath","value":"//bdi[text()=\"OK\"]"}
COMMAND: POST /session/3c28004edfbf3c6cdcf5221cd875a4b1/elements - {"using":"xpath","value":"//bdi[text()=\"OK\"]"}
RESULT: {"using":"xpath","value":"//bdi[text()=\"OK\"]"}
COMMAND: POST /session/3c28004edfbf3c6cdcf5221cd875a4b1/elements - {"using":"xpath","value":"//bdi[text()=\"OK\"]"}
RESULT: {"using":"xpath","value":"//bdi[text()=\"OK\"]"}
COMMAND: POST /session/3c28004edfbf3c6cdcf5221cd875a4b1/elements - {"using":"xpath","value":"//bdi[text()=\"OK\"]"}
RESULT: {"using":"xpath","value":"//bdi[text()=\"OK\"]"}
COMMAND: POST /session/3c28004edfbf3c6cdcf5221cd875a4b1/elements - {"using":"xpath","value":"//bdi[text()=\"OK\"]"}
RESULT: {"using":"xpath","value":"//bdi[text()=\"OK\"]"}
COMMAND: POST /session/3c28004edfbf3c6cdcf5221cd875a4b1/elements - {"using":"xpath","value":"//bdi[text()=\"OK\"]"}
RESULT: {"using":"xpath","value":"//bdi[text()=\"OK\"]"}
COMMAND: POST /session/3c28004edfbf3c6cdcf5221cd875a4b1/elements - {"using":"xpath","value":"//bdi[text()=\"OK\"]"}
RESULT: {"using":"xpath","value":"//bdi[text()=\"OK\"]"}
COMMAND: POST /session/3c28004edfbf3c6cdcf5221cd875a4b1/elements - {"using":"xpath","value":"//bdi[text()=\"OK\"]"}
RESULT: {"using":"xpath","value":"//bdi[text()=\"OK\"]"}
COMMAND: POST /session/3c28004edfbf3c6cdcf5221cd875a4b1/elements - {"using":"xpath","value":"//bdi[text()=\"OK\"]"}
RESULT: {"using":"xpath","value":"//bdi[text()=\"OK\"]"}
COMMAND: POST /session/3c28004edfbf3c6cdcf5221cd875a4b1/elements - {"using":"xpath","value":"//bdi[text()=\"OK\"]"}
RESULT: {"using":"xpath","value":"//bdi[text()=\"OK\"]"}
COMMAND: POST /session/3c28004edfbf3c6cdcf5221cd875a4b1/elements - {"using":"xpath","value":"//bdi[text()=\"OK\"]"}
RESULT: {"using":"xpath","value":"//bdi[text()=\"OK\"]"}
COMMAND: POST /session/3c28004edfbf3c6cdcf5221cd875a4b1/elements - {"using":"xpath","value":"//bdi[text()=\"OK\"]"}
RESULT: {"using":"xpath","value":"//bdi[text()=\"OK\"]"}
COMMAND: POST /session/3c28004edfbf3c6cdcf5221cd875a4b1/elements - {"using":"xpath","value":"//bdi[text()=\"OK\"]"}
RESULT: {"using":"xpath","value":"//bdi[text()=\"OK\"]"}
COMMAND: POST /session/3c28004edfbf3c6cdcf5221cd875a4b1/elements - {"using":"xpath","value":"//bdi[text()=\"OK\"]"}
RESULT: {"using":"xpath","value":"//bdi[text()=\"OK\"]"}
COMMAND: POST /session/3c28004edfbf3c6cdcf5221cd875a4b1/elements - {"using":"xpath","value":"//bdi[text()=\"OK\"]"}
RESULT: {"using":"xpath","value":"//bdi[text()=\"OK\"]"}
COMMAND: POST /session/3c28004edfbf3c6cdcf5221cd875a4b1/elements - {"using":"xpath","value":"//bdi[text()=\"OK\"]"}
RESULT: {"using":"xpath","value":"//bdi[text()=\"OK\"]"}
COMMAND: POST /session/3c28004edfbf3c6cdcf5221cd875a4b1/elements - {"using":"xpath","value":"//bdi[text()=\"OK\"]"}
RESULT: {"using":"xpath","value":"//bdi[text()=\"OK\"]"}
COMMAND: POST /session/3c28004edfbf3c6cdcf5221cd875a4b1/elements - {"using":"xpath","value":"//bdi[text()=\"OK\"]"}
RESULT: {"using":"xpath","value":"//bdi[text()=\"OK\"]"}
COMMAND: POST /session/3c28004edfbf3c6cdcf5221cd875a4b1/elements - {"using":"xpath","value":"//bdi[text()=\"OK\"]"}
RESULT: {"using":"xpath","value":"//bdi[text()=\"OK\"]"}
COMMAND: POST /session/3c28004edfbf3c6cdcf5221cd875a4b1/elements - {"using":"xpath","value":"//bdi[text()=\"OK\"]"}
RESULT: {"using":"xpath","value":"//bdi[text()=\"OK\"]"}
COMMAND: POST /session/3c28004edfbf3c6cdcf5221cd875a4b1/elements - {"using":"xpath","value":"//bdi[text()=\"OK\"]"}
RESULT: {"using":"xpath","value":"//bdi[text()=\"OK\"]"}
COMMAND: POST /session/3c28004edfbf3c6cdcf5221cd875a4b1/elements - {"using":"xpath","value":"//bdi[text()=\"OK\"]"}
RESULT: {"using":"xpath","value":"//bdi[text()=\"OK\"]"}
COMMAND: POST /session/3c28004edfbf3c6cdcf5221cd875a4b1/elements - {"using":"xpath","value":"//bdi[text()=\"OK\"]"}
RESULT: {"using":"xpath","value":"//bdi[text()=\"OK\"]"}
COMMAND: POST /session/3c28004edfbf3c6cdcf5221cd875a4b1/elements - {"using":"xpath","value":"//bdi[text()=\"OK\"]"}
RESULT: {"using":"xpath","value":"//bdi[text()=\"OK\"]"}
COMMAND: POST /session/3c28004edfbf3c6cdcf5221cd875a4b1/elements - {"using":"xpath","value":"//bdi[text()=\"OK\"]"}
RESULT: {"using":"xpath","value":"//bdi[text()=\"OK\"]"}
COMMAND: POST /session/3c28004edfbf3c6cdcf5221cd875a4b1/elements - {"using":"xpath","value":"//bdi[text()=\"OK\"]"}
RESULT: {"using":"xpath","value":"//bdi[text()=\"OK\"]"}
COMMAND: POST /session/3c28004edfbf3c6cdcf5221cd875a4b1/elements - {"using":"xpath","value":"//bdi[text()=\"OK\"]"}
RESULT: {"using":"xpath","value":"//bdi[text()=\"OK\"]"}
COMMAND: POST /session/3c28004edfbf3c6cdcf5221cd875a4b1/elements - {"using":"xpath","value":"//bdi[text()=\"OK\"]"}
RESULT: {"using":"xpath","value":"//bdi[text()=\"OK\"]"}
COMMAND: POST /session/3c28004edfbf3c6cdcf5221cd875a4b1/elements - {"using":"xpath","value":"//bdi[text()=\"OK\"]"}
RESULT: {"using":"xpath","value":"//bdi[text()=\"OK\"]"}
COMMAND: POST /session/3c28004edfbf3c6cdcf5221cd875a4b1/elements - {"using":"xpath","value":"//bdi[text()=\"OK\"]"}
RESULT: {"using":"xpath","value":"//bdi[text()=\"OK\"]"}
COMMAND: POST /session/3c28004edfbf3c6cdcf5221cd875a4b1/elements - {"using":"xpath","value":"//bdi[text()=\"OK\"]"}
RESULT: {"using":"xpath","value":"//bdi[text()=\"OK\"]"}
COMMAND: POST /session/3c28004edfbf3c6cdcf5221cd875a4b1/elements - {"using":"xpath","value":"//bdi[text()=\"OK\"]"}
RESULT: {"using":"xpath","value":"//bdi[text()=\"OK\"]"}
COMMAND: POST /session/3c28004edfbf3c6cdcf5221cd875a4b1/elements - {"using":"xpath","value":"//bdi[text()=\"OK\"]"}
RESULT: {"using":"xpath","value":"//bdi[text()=\"OK\"]"}
COMMAND: POST /session/3c28004edfbf3c6cdcf5221cd875a4b1/elements - {"using":"xpath","value":"//bdi[text()=\"OK\"]"}
RESULT: {"using":"xpath","value":"//bdi[text()=\"OK\"]"}
COMMAND: POST /session/3c28004edfbf3c6cdcf5221cd875a4b1/elements - {"using":"xpath","value":"//bdi[text()=\"OK\"]"}
RESULT: {"using":"xpath","value":"//bdi[text()=\"OK\"]"}
COMMAND: POST /session/3c28004edfbf3c6cdcf5221cd875a4b1/elements - {"using":"xpath","value":"//bdi[text()=\"OK\"]"}
RESULT: {"using":"xpath","value":"//bdi[text()=\"OK\"]"}
COMMAND: POST /session/3c28004edfbf3c6cdcf5221cd875a4b1/elements - {"using":"xpath","value":"//bdi[text()=\"OK\"]"}
RESULT: {"using":"xpath","value":"//bdi[text()=\"OK\"]"}
COMMAND: POST /session/3c28004edfbf3c6cdcf5221cd875a4b1/elements - {"using":"xpath","value":"//bdi[text()=\"OK\"]"}
RESULT: {"using":"xpath","value":"//bdi[text()=\"OK\"]"}
COMMAND: POST /session/3c28004edfbf3c6cdcf5221cd875a4b1/elements - {"using":"xpath","value":"//bdi[text()=\"OK\"]"}
RESULT: {"using":"xpath","value":"//bdi[text()=\"OK\"]"}
COMMAND: POST /session/3c28004edfbf3c6cdcf5221cd875a4b1/elements - {"using":"xpath","value":"//bdi[text()=\"OK\"]"}
RESULT: {"using":"xpath","value":"//bdi[text()=\"OK\"]"}
COMMAND: POST /session/3c28004edfbf3c6cdcf5221cd875a4b1/elements - {"using":"xpath","value":"//bdi[text()=\"OK\"]"}
RESULT: {"using":"xpath","value":"//bdi[text()=\"OK\"]"}
COMMAND: POST /session/3c28004edfbf3c6cdcf5221cd875a4b1/elements - {"using":"xpath","value":"//bdi[text()=\"OK\"]"}
RESULT: {"using":"xpath","value":"//bdi[text()=\"OK\"]"}
COMMAND: POST /session/3c28004edfbf3c6cdcf5221cd875a4b1/elements - {"using":"xpath","value":"//bdi[text()=\"OK\"]"}
RESULT: {"using":"xpath","value":"//bdi[text()=\"OK\"]"}
COMMAND: POST /session/3c28004edfbf3c6cdcf5221cd875a4b1/elements - {"using":"xpath","value":"//bdi[text()=\"OK\"]"}
RESULT: {"using":"xpath","value":"//bdi[text()=\"OK\"]"}
COMMAND: POST /session/3c28004edfbf3c6cdcf5221cd875a4b1/elements - {"using":"xpath","value":"//bdi[text()=\"OK\"]"}
RESULT: {"using":"xpath","value":"//bdi[text()=\"OK\"]"}
COMMAND: POST /session/3c28004edfbf3c6cdcf5221cd875a4b1/elements - {"using":"xpath","value":"//bdi[text()=\"OK\"]"}
RESULT: {"using":"xpath","value":"//bdi[text()=\"OK\"]"}
COMMAND: POST /session/3c28004edfbf3c6cdcf5221cd875a4b1/elements - {"using":"xpath","value":"//bdi[text()=\"OK\"]"}
RESULT: {"using":"xpath","value":"//bdi[text()=\"OK\"]"}
COMMAND: POST /session/3c28004edfbf3c6cdcf5221cd875a4b1/elements - {"using":"xpath","value":"//bdi[text()=\"OK\"]"}
RESULT: {"using":"xpath","value":"//bdi[text()=\"OK\"]"}
COMMAND: POST /session/3c28004edfbf3c6cdcf5221cd875a4b1/elements - {"using":"xpath","value":"//bdi[text()=\"OK\"]"}
RESULT: {"using":"xpath","value":"//bdi[text()=\"OK\"]"}
COMMAND: POST /session/3c28004edfbf3c6cdcf5221cd875a4b1/elements - {"using":"xpath","value":"//bdi[text()=\"OK\"]"}
RESULT: {"using":"xpath","value":"//bdi[text()=\"OK\"]"}
COMMAND: POST /session/3c28004edfbf3c6cdcf5221cd875a4b1/elements - {"using":"xpath","value":"//bdi[text()=\"OK\"]"}
RESULT: {"using":"xpath","value":"//bdi[text()=\"OK\"]"}
COMMAND: POST /session/3c28004edfbf3c6cdcf5221cd875a4b1/elements - {"using":"xpath","value":"//bdi[text()=\"OK\"]"}
RESULT: {"using":"xpath","value":"//bdi[text()=\"OK\"]"}
COMMAND: POST /session/3c28004edfbf3c6cdcf5221cd875a4b1/elements - {"using":"xpath","value":"//bdi[text()=\"OK\"]"}
RESULT: {"using":"xpath","value":"//bdi[text()=\"OK\"]"}
COMMAND: POST /session/3c28004edfbf3c6cdcf5221cd875a4b1/elements - {"using":"xpath","value":"//bdi[text()=\"OK\"]"}
RESULT: {"using":"xpath","value":"//bdi[text()=\"OK\"]"}
COMMAND: POST /session/3c28004edfbf3c6cdcf5221cd875a4b1/elements - {"using":"xpath","value":"//bdi[text()=\"OK\"]"}
RESULT: {"using":"xpath","value":"//bdi[text()=\"OK\"]"}
COMMAND: POST /session/3c28004edfbf3c6cdcf5221cd875a4b1/elements - {"using":"xpath","value":"//bdi[text()=\"OK\"]"}
RESULT: {"using":"xpath","value":"//bdi[text()=\"OK\"]"}
COMMAND: POST /session/3c28004edfbf3c6cdcf5221cd875a4b1/elements - {"using":"xpath","value":"//bdi[text()=\"OK\"]"}
RESULT: {"using":"xpath","value":"//bdi[text()=\"OK\"]"}
COMMAND: POST /session/3c28004edfbf3c6cdcf5221cd875a4b1/elements - {"using":"xpath","value":"//bdi[text()=\"OK\"]"}
RESULT: {"using":"xpath","value":"//bdi[text()=\"OK\"]"}
COMMAND: POST /session/3c28004edfbf3c6cdcf5221cd875a4b1/elements - {"using":"xpath","value":"//bdi[text()=\"OK\"]"}
RESULT: {"using":"xpath","value":"//bdi[text()=\"OK\"]"}
COMMAND: POST /session/3c28004edfbf3c6cdcf5221cd875a4b1/elements - {"using":"xpath","value":"//bdi[text()=\"OK\"]"}
RESULT: {"using":"xpath","value":"//bdi[text()=\"OK\"]"}
COMMAND: POST /session/3c28004edfbf3c6cdcf5221cd875a4b1/elements - {"using":"xpath","value":"//bdi[text()=\"OK\"]"}
RESULT: {"using":"xpath","value":"//bdi[text()=\"OK\"]"}
COMMAND: POST /session/3c28004edfbf3c6cdcf5221cd875a4b1/elements - {"using":"xpath","value":"//bdi[text()=\"OK\"]"}
RESULT: {"using":"xpath","value":"//bdi[text()=\"OK\"]"}
COMMAND: POST /session/3c28004edfbf3c6cdcf5221cd875a4b1/elements - {"using":"xpath","value":"//bdi[text()=\"OK\"]"}
RESULT: {"using":"xpath","value":"//bdi[text()=\"OK\"]"}
COMMAND: POST /session/3c28004edfbf3c6cdcf5221cd875a4b1/elements - {"using":"xpath","value":"//bdi[text()=\"OK\"]"}
RESULT: {"using":"xpath","value":"//bdi[text()=\"OK\"]"}
COMMAND: POST /session/3c28004edfbf3c6cdcf5221cd875a4b1/elements - {"using":"xpath","value":"//bdi[text()=\"OK\"]"}
RESULT: {"using":"xpath","value":"//bdi[text()=\"OK\"]"}
COMMAND: POST /session/3c28004edfbf3c6cdcf5221cd875a4b1/elements - {"using":"xpath","value":"//bdi[text()=\"OK\"]"}
RESULT: {"using":"xpath","value":"//bdi[text()=\"OK\"]"}
COMMAND: POST /session/3c28004edfbf3c6cdcf5221cd875a4b1/elements - {"using":"xpath","value":"//bdi[text()=\"OK\"]"}
RESULT: {"using":"xpath","value":"//bdi[text()=\"OK\"]"}
COMMAND: POST /session/3c28004edfbf3c6cdcf5221cd875a4b1/elements - {"using":"xpath","value":"//bdi[text()=\"OK\"]"}
RESULT: {"using":"xpath","value":"//bdi[text()=\"OK\"]"}
COMMAND: POST /session/3c28004edfbf3c6cdcf5221cd875a4b1/elements - {"using":"xpath","value":"//bdi[text()=\"OK\"]"}
RESULT: {"using":"xpath","value":"//bdi[text()=\"OK\"]"}
COMMAND: POST /session/3c28004edfbf3c6cdcf5221cd875a4b1/elements - {"using":"xpath","value":"//bdi[text()=\"OK\"]"}
RESULT: {"using":"xpath","value":"//bdi[text()=\"OK\"]"}
COMMAND: POST /session/3c28004edfbf3c6cdcf5221cd875a4b1/elements - {"using":"xpath","value":"//bdi[text()=\"OK\"]"}
RESULT: {"using":"xpath","value":"//bdi[text()=\"OK\"]"}
COMMAND: POST /session/3c28004edfbf3c6cdcf5221cd875a4b1/elements - {"using":"xpath","value":"//bdi[text()=\"OK\"]"}
RESULT: {"using":"xpath","value":"//bdi[text()=\"OK\"]"}
COMMAND: POST /session/3c28004edfbf3c6cdcf5221cd875a4b1/elements - {"using":"xpath","value":"//bdi[text()=\"OK\"]"}
RESULT: {"using":"xpath","value":"//bdi[text()=\"OK\"]"}
COMMAND: POST /session/3c28004edfbf3c6cdcf5221cd875a4b1/elements - {"using":"xpath","value":"//bdi[text()=\"OK\"]"}
RESULT: {"using":"xpath","value":"//bdi[text()=\"OK\"]"}
COMMAND: POST /session/3c28004edfbf3c6cdcf5221cd875a4b1/elements - {"using":"xpath","value":"//bdi[text()=\"OK\"]"}
RESULT: {"using":"xpath","value":"//bdi[text()=\"OK\"]"}
COMMAND: POST /session/3c28004edfbf3c6cdcf5221cd875a4b1/elements - {"using":"xpath","value":"//bdi[text()=\"OK\"]"}
RESULT: {"using":"xpath","value":"//bdi[text()=\"OK\"]"}
COMMAND: POST /session/3c28004edfbf3c6cdcf5221cd875a4b1/elements - {"using":"xpath","value":"//bdi[text()=\"OK\"]"}
RESULT: {"using":"xpath","value":"//bdi[text()=\"OK\"]"}
COMMAND: POST /session/3c28004edfbf3c6cdcf5221cd875a4b1/elements - {"using":"xpath","value":"//bdi[text()=\"OK\"]"}
RESULT: {"using":"xpath","value":"//bdi[text()=\"OK\"]"}
COMMAND: POST /session/3c28004edfbf3c6cdcf5221cd875a4b1/elements - {"using":"xpath","value":"//bdi[text()=\"OK\"]"}
RESULT: {"using":"xpath","value":"//bdi[text()=\"OK\"]"}
COMMAND: POST /session/3c28004edfbf3c6cdcf5221cd875a4b1/elements - {"using":"xpath","value":"//bdi[text()=\"OK\"]"}
RESULT: {"using":"xpath","value":"//bdi[text()=\"OK\"]"}
COMMAND: POST /session/3c28004edfbf3c6cdcf5221cd875a4b1/elements - {"using":"xpath","value":"//bdi[text()=\"OK\"]"}
RESULT: {"using":"xpath","value":"//bdi[text()=\"OK\"]"}
COMMAND: POST /session/3c28004edfbf3c6cdcf5221cd875a4b1/elements - {"using":"xpath","value":"//bdi[text()=\"OK\"]"}
RESULT: {"using":"xpath","value":"//bdi[text()=\"OK\"]"}
COMMAND: POST /session/3c28004edfbf3c6cdcf5221cd875a4b1/elements - {"using":"xpath","value":"//bdi[text()=\"OK\"]"}
RESULT: {"using":"xpath","value":"//bdi[text()=\"OK\"]"}
COMMAND: POST /session/3c28004edfbf3c6cdcf5221cd875a4b1/elements - {"using":"xpath","value":"//bdi[text()=\"OK\"]"}
RESULT: {"using":"xpath","value":"//bdi[text()=\"OK\"]"}
COMMAND: POST /session/3c28004edfbf3c6cdcf5221cd875a4b1/elements - {"using":"xpath","value":"//bdi[text()=\"OK\"]"}
RESULT: {"using":"xpath","value":"//bdi[text()=\"OK\"]"}
COMMAND: POST /session/3c28004edfbf3c6cdcf5221cd875a4b1/elements - {"using":"xpath","value":"//bdi[text()=\"OK\"]"}
RESULT: {"using":"xpath","value":"//bdi[text()=\"OK\"]"}
COMMAND: POST /session/3c28004edfbf3c6cdcf5221cd875a4b1/elements - {"using":"xpath","value":"//bdi[text()=\"OK\"]"}
RESULT: {"using":"xpath","value":"//bdi[text()=\"OK\"]"}
COMMAND: POST /session/3c28004edfbf3c6cdcf5221cd875a4b1/elements - {"using":"xpath","value":"//bdi[text()=\"OK\"]"}
RESULT: {"using":"xpath","value":"//bdi[text()=\"OK\"]"}
COMMAND: POST /session/3c28004edfbf3c6cdcf5221cd875a4b1/elements - {"using":"xpath","value":"//bdi[text()=\"OK\"]"}
RESULT: {"using":"xpath","value":"//bdi[text()=\"OK\"]"}
COMMAND: POST /session/3c28004edfbf3c6cdcf5221cd875a4b1/elements - {"using":"xpath","value":"//bdi[text()=\"OK\"]"}
RESULT: {"using":"xpath","value":"//bdi[text()=\"OK\"]"}
COMMAND: POST /session/3c28004edfbf3c6cdcf5221cd875a4b1/elements - {"using":"xpath","value":"//bdi[text()=\"OK\"]"}
RESULT: {"using":"xpath","value":"//bdi[text()=\"OK\"]"}
COMMAND: POST /session/3c28004edfbf3c6cdcf5221cd875a4b1/elements - {"using":"xpath","value":"//bdi[text()=\"OK\"]"}
RESULT: {"using":"xpath","value":"//bdi[text()=\"OK\"]"}
COMMAND: POST /session/3c28004edfbf3c6cdcf5221cd875a4b1/elements - {"using":"xpath","value":"//bdi[text()=\"OK\"]"}
RESULT: {"using":"xpath","value":"//bdi[text()=\"OK\"]"}
COMMAND: POST /session/3c28004edfbf3c6cdcf5221cd875a4b1/elements - {"using":"xpath","value":"//bdi[text()=\"OK\"]"}
RESULT: {"using":"xpath","value":"//bdi[text()=\"OK\"]"}
COMMAND: POST /session/3c28004edfbf3c6cdcf5221cd875a4b1/elements - {"using":"xpath","value":"//bdi[text()=\"OK\"]"}
RESULT: {"using":"xpath","value":"//bdi[text()=\"OK\"]"}
COMMAND: POST /session/3c28004edfbf3c6cdcf5221cd875a4b1/elements - {"using":"xpath","value":"//bdi[text()=\"OK\"]"}
RESULT: {"using":"xpath","value":"//bdi[text()=\"OK\"]"}
COMMAND: POST /session/3c28004edfbf3c6cdcf5221cd875a4b1/elements - {"using":"xpath","value":"//bdi[text()=\"OK\"]"}
RESULT: {"using":"xpath","value":"//bdi[text()=\"OK\"]"}
COMMAND: POST /session/3c28004edfbf3c6cdcf5221cd875a4b1/elements - {"using":"xpath","value":"//bdi[text()=\"OK\"]"}
RESULT: {"using":"xpath","value":"//bdi[text()=\"OK\"]"}
COMMAND: POST /session/3c28004edfbf3c6cdcf5221cd875a4b1/elements - {"using":"xpath","value":"//bdi[text()=\"OK\"]"}
RESULT: {"using":"xpath","value":"//bdi[text()=\"OK\"]"}
COMMAND: POST /session/3c28004edfbf3c6cdcf5221cd875a4b1/elements - {"using":"xpath","value":"//bdi[text()=\"OK\"]"}
RESULT: {"using":"xpath","value":"//bdi[text()=\"OK\"]"}
COMMAND: POST /session/3c28004edfbf3c6cdcf5221cd875a4b1/elements - {"using":"xpath","value":"//bdi[text()=\"OK\"]"}
RESULT: {"using":"xpath","value":"//bdi[text()=\"OK\"]"}
COMMAND: POST /session/3c28004edfbf3c6cdcf5221cd875a4b1/elements - {"using":"xpath","value":"//bdi[text()=\"OK\"]"}
RESULT: {"using":"xpath","value":"//bdi[text()=\"OK\"]"}
COMMAND: POST /session/3c28004edfbf3c6cdcf5221cd875a4b1/elements - {"using":"xpath","value":"//bdi[text()=\"OK\"]"}
RESULT: {"using":"xpath","value":"//bdi[text()=\"OK\"]"}
COMMAND: POST /session/3c28004edfbf3c6cdcf5221cd875a4b1/elements - {"using":"xpath","value":"//bdi[text()=\"OK\"]"}
RESULT: {"using":"xpath","value":"//bdi[text()=\"OK\"]"}
COMMAND: POST /session/3c28004edfbf3c6cdcf5221cd875a4b1/elements - {"using":"xpath","value":"//bdi[text()=\"OK\"]"}
RESULT: {"using":"xpath","value":"//bdi[text()=\"OK\"]"}
COMMAND: POST /session/3c28004edfbf3c6cdcf5221cd875a4b1/elements - {"using":"xpath","value":"//bdi[text()=\"OK\"]"}
RESULT: {"using":"xpath","value":"//bdi[text()=\"OK\"]"}
COMMAND: POST /session/3c28004edfbf3c6cdcf5221cd875a4b1/elements - {"using":"xpath","value":"//bdi[text()=\"OK\"]"}
RESULT: {"using":"xpath","value":"//bdi[text()=\"OK\"]"}
COMMAND: POST /session/3c28004edfbf3c6cdcf5221cd875a4b1/elements - {"using":"xpath","value":"//bdi[text()=\"OK\"]"}
RESULT: {"using":"xpath","value":"//bdi[text()=\"OK\"]"}
COMMAND: POST /session/3c28004edfbf3c6cdcf5221cd875a4b1/elements - {"using":"xpath","value":"//bdi[text()=\"OK\"]"}
RESULT: {"using":"xpath","value":"//bdi[text()=\"OK\"]"}
COMMAND: POST /session/3c28004edfbf3c6cdcf5221cd875a4b1/elements - {"using":"xpath","value":"//bdi[text()=\"OK\"]"}
RESULT: {"using":"xpath","value":"//bdi[text()=\"OK\"]"}
COMMAND: POST /session/3c28004edfbf3c6cdcf5221cd875a4b1/elements - {"using":"xpath","value":"//bdi[text()=\"OK\"]"}
RESULT: {"using":"xpath","value":"//bdi[text()=\"OK\"]"}
COMMAND: POST /session/3c28004edfbf3c6cdcf5221cd875a4b1/elements - {"using":"xpath","value":"//bdi[text()=\"OK\"]"}
RESULT: {"using":"xpath","value":"//bdi[text()=\"OK\"]"}
COMMAND: POST /session/3c28004edfbf3c6cdcf5221cd875a4b1/elements - {"using":"xpath","value":"//bdi[text()=\"OK\"]"}
RESULT: {"using":"xpath","value":"//bdi[text()=\"OK\"]"}
COMMAND: POST /session/3c28004edfbf3c6cdcf5221cd875a4b1/elements - {"using":"xpath","value":"//bdi[text()=\"OK\"]"}
RESULT: {"using":"xpath","value":"//bdi[text()=\"OK\"]"}
COMMAND: POST /session/3c28004edfbf3c6cdcf5221cd875a4b1/elements - {"using":"xpath","value":"//bdi[text()=\"OK\"]"}
RESULT: {"using":"xpath","value":"//bdi[text()=\"OK\"]"}
COMMAND: POST /session/3c28004edfbf3c6cdcf5221cd875a4b1/elements - {"using":"xpath","value":"//bdi[text()=\"OK\"]"}
RESULT: {"using":"xpath","value":"//bdi[text()=\"OK\"]"}
COMMAND: POST /session/3c28004edfbf3c6cdcf5221cd875a4b1/elements - {"using":"xpath","value":"//bdi[text()=\"OK\"]"}
COMMAND: POST /session/3c28004edfbf3c6cdcf5221cd875a4b1/execute/async - {"script":"<script> [1562 bytes]","args":[{"selector":{"id":"application-manageresources-display-component---newResourceUnit--TYPE-arrow"},"wdio_ui5_key":"applicationmanageresources-display-component---newResourceUnit--TYPE-arrow"}]}
RESULT: {"using":"xpath","value":"//bdi[text()=\"OK\"]"}
RESULT: {"script":"<script> [1562 bytes]","args":[{"selector":{"id":"application-manageresources-display-component---newResourceUnit--TYPE-arrow"},"wdio_ui5_key":"applicationmanageresources-display-component---newResourceUnit--TYPE-arrow"}]}
RESULT: undefined
COMMAND: POST /session/3c28004edfbf3c6cdcf5221cd875a4b1/element - {"using":"xpath","value":"//*[@id=\"application-manageresources-display-component---newResourceUnit--TYPE-arrow\"]"}
RESULT: {"using":"xpath","value":"//*[@id=\"application-manageresources-display-component---newResourceUnit--TYPE-arrow\"]"}
COMMAND: POST /session/3c28004edfbf3c6cdcf5221cd875a4b1/element/f.B144892EA8D4B745C91A45796582BC5B.d.DA0C1CC36DDD0E1EE25E99DD9D87F3F3.e.6802/click - {}
RESULT: {}
COMMAND: POST /session/3c28004edfbf3c6cdcf5221cd875a4b1/execute/async - {"script":"<script> [1562 bytes]","args":[{"selector":{"controlType":"sap.m.StandardListItem","viewName":"reusables.view.manageresources.NewResourceUnit","viewId":"application-manageresources-display-component---newResourceUnit","properties":{"title":"Material"},"searchOpenDialogs":true,"interaction":{"idSuffix":"titleText"}},"wdio_ui5_key":"reusablesview.manageresources.NewResourceUnitsap.m.StandardListItem{\"title\":\"Material\"}"}]}
COMMAND: GET /session/3c28004edfbf3c6cdcf5221cd875a4b1/screenshot - {}
RESULT: {"script":"<script> [1562 bytes]","args":[{"selector":{"controlType":"sap.m.StandardListItem","viewName":"reusables.view.manageresources.NewResourceUnit","viewId":"application-manageresources-display-component---newResourceUnit","properties":{"title":"Material"},"searchOpenDialogs":true,"interaction":{"idSuffix":"titleText"}},"wdio_ui5_key":"reusablesview.manageresources.NewResourceUnitsap.m.StandardListItem{\"title\":\"Material\"}"}]}
RESULT: undefined
COMMAND: POST /session/3c28004edfbf3c6cdcf5221cd875a4b1/element - {"using":"xpath","value":"//*[@id=\"__item142\"]"}
RESULT: {}
RESULT: {"using":"xpath","value":"//*[@id=\"__item142\"]"}
COMMAND: POST /session/3c28004edfbf3c6cdcf5221cd875a4b1/element/f.B144892EA8D4B745C91A45796582BC5B.d.DA0C1CC36DDD0E1EE25E99DD9D87F3F3.e.6805/click - {}
RESULT: {}
COMMAND: POST /session/3c28004edfbf3c6cdcf5221cd875a4b1/execute/async - {"script":"<script> [1562 bytes]","args":[{"selector":{"id":"application-manageresources-display-component---newResourceUnit--SHORT_TEXT","interaction":{"idSuffix":"inner"}},"wdio_ui5_key":"applicationmanageresources-display-component---newResourceUnit--SHORT_TEXT"}]}
COMMAND: GET /session/3c28004edfbf3c6cdcf5221cd875a4b1/screenshot - {}
RESULT: {"script":"<script> [1562 bytes]","args":[{"selector":{"id":"application-manageresources-display-component---newResourceUnit--SHORT_TEXT","interaction":{"idSuffix":"inner"}},"wdio_ui5_key":"applicationmanageresources-display-component---newResourceUnit--SHORT_TEXT"}]}
RESULT: undefined
COMMAND: POST /session/3c28004edfbf3c6cdcf5221cd875a4b1/execute/async - {"script":"<script> [776 bytes]","args":[{"enterText":"WebdriverRU R2Ci4kivf","selector":{"id":"application-manageresources-display-component---newResourceUnit--SHORT_TEXT","interaction":{"idSuffix":"inner"}},"clearTextFirst":true,"interactionType":"ENTER_TEXT"}]}
RESULT: {}
RESULT: {"script":"<script> [776 bytes]","args":[{"enterText":"WebdriverRU R2Ci4kivf","selector":{"id":"application-manageresources-display-component---newResourceUnit--SHORT_TEXT","interaction":{"idSuffix":"inner"}},"clearTextFirst":true,"interactionType":"ENTER_TEXT"}]}
COMMAND: POST /session/3c28004edfbf3c6cdcf5221cd875a4b1/execute/async - {"script":"<script> [1562 bytes]","args":[{"selector":{"id":"application-manageresources-display-component---newResourceUnit--BASE_UNIT_OF_MEASURE-arrow"},"wdio_ui5_key":"applicationmanageresources-display-component---newResourceUnit--BASE_UNIT_OF_MEASURE-arrow"}]}
RESULT: {"script":"<script> [1562 bytes]","args":[{"selector":{"id":"application-manageresources-display-component---newResourceUnit--BASE_UNIT_OF_MEASURE-arrow"},"wdio_ui5_key":"applicationmanageresources-display-component---newResourceUnit--BASE_UNIT_OF_MEASURE-arrow"}]}
RESULT: undefined
COMMAND: POST /session/3c28004edfbf3c6cdcf5221cd875a4b1/element - {"using":"xpath","value":"//*[@id=\"application-manageresources-display-component---newResourceUnit--BASE_UNIT_OF_MEASURE-arrow\"]"}
RESULT: {"using":"xpath","value":"//*[@id=\"application-manageresources-display-component---newResourceUnit--BASE_UNIT_OF_MEASURE-arrow\"]"}
COMMAND: POST /session/3c28004edfbf3c6cdcf5221cd875a4b1/element/f.B144892EA8D4B745C91A45796582BC5B.d.DA0C1CC36DDD0E1EE25E99DD9D87F3F3.e.6863/click - {}
RESULT: {}
COMMAND: POST /session/3c28004edfbf3c6cdcf5221cd875a4b1/execute/async - {"script":"<script> [1562 bytes]","args":[{"selector":{"controlType":"sap.m.StandardListItem","viewName":"reusables.view.manageresources.NewResourceUnit","viewId":"application-manageresources-display-component---newResourceUnit","properties":{"title":"Piece"},"searchOpenDialogs":true,"interaction":{"idSuffix":"titleText"}},"wdio_ui5_key":"reusablesview.manageresources.NewResourceUnitsap.m.StandardListItem{\"title\":\"Piece\"}"}]}
COMMAND: GET /session/3c28004edfbf3c6cdcf5221cd875a4b1/screenshot - {}
RESULT: {"script":"<script> [1562 bytes]","args":[{"selector":{"controlType":"sap.m.StandardListItem","viewName":"reusables.view.manageresources.NewResourceUnit","viewId":"application-manageresources-display-component---newResourceUnit","properties":{"title":"Piece"},"searchOpenDialogs":true,"interaction":{"idSuffix":"titleText"}},"wdio_ui5_key":"reusablesview.manageresources.NewResourceUnitsap.m.StandardListItem{\"title\":\"Piece\"}"}]}
RESULT: undefined
COMMAND: POST /session/3c28004edfbf3c6cdcf5221cd875a4b1/element - {"using":"xpath","value":"//*[@id=\"__item186\"]"}
RESULT: {}
RESULT: {"using":"xpath","value":"//*[@id=\"__item186\"]"}
COMMAND: POST /session/3c28004edfbf3c6cdcf5221cd875a4b1/element/f.B144892EA8D4B745C91A45796582BC5B.d.DA0C1CC36DDD0E1EE25E99DD9D87F3F3.e.6865/click - {}
RESULT: {}
COMMAND: POST /session/3c28004edfbf3c6cdcf5221cd875a4b1/execute/async - {"script":"<script> [1562 bytes]","args":[{"selector":{"id":"application-manageresources-display-component---newResourceUnit--WEIGHT_UNIT-arrow"},"wdio_ui5_key":"applicationmanageresources-display-component---newResourceUnit--WEIGHT_UNIT-arrow"}]}
COMMAND: GET /session/3c28004edfbf3c6cdcf5221cd875a4b1/screenshot - {}
RESULT: {"script":"<script> [1562 bytes]","args":[{"selector":{"id":"application-manageresources-display-component---newResourceUnit--WEIGHT_UNIT-arrow"},"wdio_ui5_key":"applicationmanageresources-display-component---newResourceUnit--WEIGHT_UNIT-arrow"}]}
RESULT: undefined
COMMAND: POST /session/3c28004edfbf3c6cdcf5221cd875a4b1/element - {"using":"xpath","value":"//*[@id=\"application-manageresources-display-component---newResourceUnit--WEIGHT_UNIT-arrow\"]"}
RESULT: {}
RESULT: {"using":"xpath","value":"//*[@id=\"application-manageresources-display-component---newResourceUnit--WEIGHT_UNIT-arrow\"]"}
COMMAND: POST /session/3c28004edfbf3c6cdcf5221cd875a4b1/element/f.B144892EA8D4B745C91A45796582BC5B.d.DA0C1CC36DDD0E1EE25E99DD9D87F3F3.e.6866/click - {}
RESULT: {}
COMMAND: POST /session/3c28004edfbf3c6cdcf5221cd875a4b1/execute/async - {"script":"<script> [1562 bytes]","args":[{"selector":{"controlType":"sap.m.StandardListItem","viewName":"reusables.view.manageresources.NewResourceUnit","viewId":"application-manageresources-display-component---newResourceUnit","properties":{"title":"Gram"},"searchOpenDialogs":true,"interaction":{"idSuffix":"content"}},"wdio_ui5_key":"reusablesview.manageresources.NewResourceUnitsap.m.StandardListItem{\"title\":\"Gram\"}"}]}
COMMAND: GET /session/3c28004edfbf3c6cdcf5221cd875a4b1/screenshot - {}
RESULT: {"script":"<script> [1562 bytes]","args":[{"selector":{"controlType":"sap.m.StandardListItem","viewName":"reusables.view.manageresources.NewResourceUnit","viewId":"application-manageresources-display-component---newResourceUnit","properties":{"title":"Gram"},"searchOpenDialogs":true,"interaction":{"idSuffix":"content"}},"wdio_ui5_key":"reusablesview.manageresources.NewResourceUnitsap.m.StandardListItem{\"title\":\"Gram\"}"}]}
RESULT: undefined
COMMAND: POST /session/3c28004edfbf3c6cdcf5221cd875a4b1/element - {"using":"xpath","value":"//*[@id=\"__item251\"]"}
RESULT: {}
RESULT: {"using":"xpath","value":"//*[@id=\"__item251\"]"}
COMMAND: POST /session/3c28004edfbf3c6cdcf5221cd875a4b1/element/f.B144892EA8D4B745C91A45796582BC5B.d.DA0C1CC36DDD0E1EE25E99DD9D87F3F3.e.6868/click - {}
RESULT: {}
COMMAND: GET /session/3c28004edfbf3c6cdcf5221cd875a4b1/screenshot - {}
RESULT: {}
COMMAND: POST /session/3c28004edfbf3c6cdcf5221cd875a4b1/execute/async - {"script":"<script> [1562 bytes]","args":[{"selector":{"id":"application-manageresources-display-component---newResourceUnit--newRRUPage-OPHeaderContent-collapseBtn-img"},"wdio_ui5_key":"applicationmanageresources-display-component---newResourceUnit--newRRUPage-OPHeaderContent-collapseBtn-img"}]}
RESULT: {"script":"<script> [1562 bytes]","args":[{"selector":{"id":"application-manageresources-display-component---newResourceUnit--newRRUPage-OPHeaderContent-collapseBtn-img"},"wdio_ui5_key":"applicationmanageresources-display-component---newResourceUnit--newRRUPage-OPHeaderContent-collapseBtn-img"}]}
RESULT: undefined
COMMAND: POST /session/3c28004edfbf3c6cdcf5221cd875a4b1/element - {"using":"xpath","value":"//*[@id=\"application-manageresources-display-component---newResourceUnit--newRRUPage-OPHeaderContent-collapseBtn-img\"]"}
RESULT: {"using":"xpath","value":"//*[@id=\"application-manageresources-display-component---newResourceUnit--newRRUPage-OPHeaderContent-collapseBtn-img\"]"}
COMMAND: POST /session/3c28004edfbf3c6cdcf5221cd875a4b1/element/f.B144892EA8D4B745C91A45796582BC5B.d.DA0C1CC36DDD0E1EE25E99DD9D87F3F3.e.6813/click - {}
RESULT: {}
COMMAND: GET /session/3c28004edfbf3c6cdcf5221cd875a4b1/screenshot - {}
RESULT: {}
COMMAND: POST /session/3c28004edfbf3c6cdcf5221cd875a4b1/element - {"using":"xpath","value":"(//span[contains(@id ,\"application-manageresources-display-component---newResourceUnit--DIMENSION_UNIT-arrow\")])[1]"}
RESULT: {"using":"xpath","value":"(//span[contains(@id ,\"application-manageresources-display-component---newResourceUnit--DIMENSION_UNIT-arrow\")])[1]"}
COMMAND: POST /session/3c28004edfbf3c6cdcf5221cd875a4b1/element/f.B144892EA8D4B745C91A45796582BC5B.d.DA0C1CC36DDD0E1EE25E99DD9D87F3F3.e.6874/click - {}
RESULT: {}
COMMAND: GET /session/3c28004edfbf3c6cdcf5221cd875a4b1/screenshot - {}
RESULT: {}
COMMAND: POST /session/3c28004edfbf3c6cdcf5221cd875a4b1/execute/async - {"script":"<script> [1562 bytes]","args":[{"selector":{"controlType":"sap.m.StandardListItem","viewName":"reusables.view.manageresources.NewResourceUnit","viewId":"application-manageresources-display-component---newResourceUnit","properties":{"title":"Centimeter"},"searchOpenDialogs":true,"interaction":{"idSuffix":"titleText"}},"wdio_ui5_key":"reusablesview.manageresources.NewResourceUnitsap.m.StandardListItem{\"title\":\"Centimeter\"}"}]}
RESULT: {"script":"<script> [1562 bytes]","args":[{"selector":{"controlType":"sap.m.StandardListItem","viewName":"reusables.view.manageresources.NewResourceUnit","viewId":"application-manageresources-display-component---newResourceUnit","properties":{"title":"Centimeter"},"searchOpenDialogs":true,"interaction":{"idSuffix":"titleText"}},"wdio_ui5_key":"reusablesview.manageresources.NewResourceUnitsap.m.StandardListItem{\"title\":\"Centimeter\"}"}]}
RESULT: undefined
COMMAND: POST /session/3c28004edfbf3c6cdcf5221cd875a4b1/element - {"using":"xpath","value":"//*[@id=\"__item254\"]"}
RESULT: {"using":"xpath","value":"//*[@id=\"__item254\"]"}
COMMAND: POST /session/3c28004edfbf3c6cdcf5221cd875a4b1/element/f.B144892EA8D4B745C91A45796582BC5B.d.DA0C1CC36DDD0E1EE25E99DD9D87F3F3.e.6876/click - {}
RESULT: {}
COMMAND: GET /session/3c28004edfbf3c6cdcf5221cd875a4b1/screenshot - {}
RESULT: {}
COMMAND: POST /session/3c28004edfbf3c6cdcf5221cd875a4b1/execute/async - {"script":"<script> [1562 bytes]","args":[{"selector":{"id":"application-manageresources-display-component---newResourceUnit--newRRUPage-anchBar-application-manageresources-display-component---newResourceUnit--reference-anchor","interaction":{"idSuffix":"BDI-content"}},"wdio_ui5_key":"applicationmanageresources-display-component---newResourceUnit--newRRUPage-anchBar-application-manageresources-display-component---newResourceUnit--reference-anchor"}]}
RESULT: {"script":"<script> [1562 bytes]","args":[{"selector":{"id":"application-manageresources-display-component---newResourceUnit--newRRUPage-anchBar-application-manageresources-display-component---newResourceUnit--reference-anchor","interaction":{"idSuffix":"BDI-content"}},"wdio_ui5_key":"applicationmanageresources-display-component---newResourceUnit--newRRUPage-anchBar-application-manageresources-display-component---newResourceUnit--reference-anchor"}]}
RESULT: undefined
COMMAND: POST /session/3c28004edfbf3c6cdcf5221cd875a4b1/element - {"using":"xpath","value":"//*[@id=\"application-manageresources-display-component---newResourceUnit--newRRUPage-anchBar-application-manageresources-display-component---newResourceUnit--reference-anchor\"]"}
RESULT: {"using":"xpath","value":"//*[@id=\"application-manageresources-display-component---newResourceUnit--newRRUPage-anchBar-application-manageresources-display-component---newResourceUnit--reference-anchor\"]"}
COMMAND: POST /session/3c28004edfbf3c6cdcf5221cd875a4b1/element/f.B144892EA8D4B745C91A45796582BC5B.d.DA0C1CC36DDD0E1EE25E99DD9D87F3F3.e.6878/click - {}
RESULT: {}
COMMAND: POST /session/3c28004edfbf3c6cdcf5221cd875a4b1/execute/async - {"script":"<script> [1562 bytes]","args":[{"selector":{"id":"application-manageresources-display-component---newResourceUnit--PLANNING_GROUP-arrow"},"wdio_ui5_key":"applicationmanageresources-display-component---newResourceUnit--PLANNING_GROUP-arrow"}]}
COMMAND: GET /session/3c28004edfbf3c6cdcf5221cd875a4b1/screenshot - {}
RESULT: {"script":"<script> [1562 bytes]","args":[{"selector":{"id":"application-manageresources-display-component---newResourceUnit--PLANNING_GROUP-arrow"},"wdio_ui5_key":"applicationmanageresources-display-component---newResourceUnit--PLANNING_GROUP-arrow"}]}
RESULT: undefined
COMMAND: POST /session/3c28004edfbf3c6cdcf5221cd875a4b1/element - {"using":"xpath","value":"//*[@id=\"application-manageresources-display-component---newResourceUnit--PLANNING_GROUP-arrow\"]"}
RESULT: {}
RESULT: {"using":"xpath","value":"//*[@id=\"application-manageresources-display-component---newResourceUnit--PLANNING_GROUP-arrow\"]"}
COMMAND: POST /session/3c28004edfbf3c6cdcf5221cd875a4b1/element/f.B144892EA8D4B745C91A45796582BC5B.d.DA0C1CC36DDD0E1EE25E99DD9D87F3F3.e.6882/click - {}
RESULT: {}
COMMAND: POST /session/3c28004edfbf3c6cdcf5221cd875a4b1/execute/async - {"script":"<script> [1562 bytes]","args":[{"selector":{"controlType":"sap.m.StandardListItem","viewName":"reusables.view.manageresources.NewResourceUnit","viewId":"application-manageresources-display-component---newResourceUnit","properties":{"title":"Heavy Equi"},"searchOpenDialogs":true,"interaction":{"idSuffix":"content"}},"wdio_ui5_key":"reusablesview.manageresources.NewResourceUnitsap.m.StandardListItem{\"title\":\"Heavy Equi\"}"}]}
COMMAND: GET /session/3c28004edfbf3c6cdcf5221cd875a4b1/screenshot - {}
RESULT: {"script":"<script> [1562 bytes]","args":[{"selector":{"controlType":"sap.m.StandardListItem","viewName":"reusables.view.manageresources.NewResourceUnit","viewId":"application-manageresources-display-component---newResourceUnit","properties":{"title":"Heavy Equi"},"searchOpenDialogs":true,"interaction":{"idSuffix":"content"}},"wdio_ui5_key":"reusablesview.manageresources.NewResourceUnitsap.m.StandardListItem{\"title\":\"Heavy Equi\"}"}]}
RESULT: undefined
COMMAND: POST /session/3c28004edfbf3c6cdcf5221cd875a4b1/element - {"using":"xpath","value":"//*[@id=\"__item262\"]"}
RESULT: {}
RESULT: {"using":"xpath","value":"//*[@id=\"__item262\"]"}
COMMAND: POST /session/3c28004edfbf3c6cdcf5221cd875a4b1/element/f.B144892EA8D4B745C91A45796582BC5B.d.DA0C1CC36DDD0E1EE25E99DD9D87F3F3.e.6886/click - {}
RESULT: {}
COMMAND: GET /session/3c28004edfbf3c6cdcf5221cd875a4b1/screenshot - {}
RESULT: {}
COMMAND: POST /session/3c28004edfbf3c6cdcf5221cd875a4b1/execute/async - {"script":"<script> [1562 bytes]","args":[{"selector":{"id":"application-manageresources-display-component---newResourceUnit--PLANNING_INDICATOR-arrow"},"wdio_ui5_key":"applicationmanageresources-display-component---newResourceUnit--PLANNING_INDICATOR-arrow"}]}
RESULT: {"script":"<script> [1562 bytes]","args":[{"selector":{"id":"application-manageresources-display-component---newResourceUnit--PLANNING_INDICATOR-arrow"},"wdio_ui5_key":"applicationmanageresources-display-component---newResourceUnit--PLANNING_INDICATOR-arrow"}]}
RESULT: undefined
COMMAND: POST /session/3c28004edfbf3c6cdcf5221cd875a4b1/element - {"using":"xpath","value":"//*[@id=\"application-manageresources-display-component---newResourceUnit--PLANNING_INDICATOR-arrow\"]"}
RESULT: {"using":"xpath","value":"//*[@id=\"application-manageresources-display-component---newResourceUnit--PLANNING_INDICATOR-arrow\"]"}
COMMAND: POST /session/3c28004edfbf3c6cdcf5221cd875a4b1/element/f.B144892EA8D4B745C91A45796582BC5B.d.DA0C1CC36DDD0E1EE25E99DD9D87F3F3.e.6887/click - {}
RESULT: {}
COMMAND: POST /session/3c28004edfbf3c6cdcf5221cd875a4b1/execute/async - {"script":"<script> [1562 bytes]","args":[{"selector":{"controlType":"sap.m.StandardListItem","viewName":"reusables.view.manageresources.NewResourceUnit","viewId":"application-manageresources-display-component---newResourceUnit","properties":{"title":"10 - infinite"},"searchOpenDialogs":true,"interaction":{"idSuffix":"content"}},"wdio_ui5_key":"reusablesview.manageresources.NewResourceUnitsap.m.StandardListItem{\"title\":\"10 - infinite\"}"}]}
COMMAND: GET /session/3c28004edfbf3c6cdcf5221cd875a4b1/screenshot - {}
RESULT: {"script":"<script> [1562 bytes]","args":[{"selector":{"controlType":"sap.m.StandardListItem","viewName":"reusables.view.manageresources.NewResourceUnit","viewId":"application-manageresources-display-component---newResourceUnit","properties":{"title":"10 - infinite"},"searchOpenDialogs":true,"interaction":{"idSuffix":"content"}},"wdio_ui5_key":"reusablesview.manageresources.NewResourceUnitsap.m.StandardListItem{\"title\":\"10 - infinite\"}"}]}
RESULT: undefined
COMMAND: POST /session/3c28004edfbf3c6cdcf5221cd875a4b1/element - {"using":"xpath","value":"//*[@id=\"__item272\"]"}
RESULT: {}
RESULT: {"using":"xpath","value":"//*[@id=\"__item272\"]"}
COMMAND: POST /session/3c28004edfbf3c6cdcf5221cd875a4b1/element/f.B144892EA8D4B745C91A45796582BC5B.d.DA0C1CC36DDD0E1EE25E99DD9D87F3F3.e.6889/click - {}
RESULT: {}
COMMAND: GET /session/3c28004edfbf3c6cdcf5221cd875a4b1/screenshot - {}
RESULT: {}
COMMAND: POST /session/3c28004edfbf3c6cdcf5221cd875a4b1/element - {"using":"xpath","value":"//bdi[contains(text(), \"Time Segment\")]"}
RESULT: {"using":"xpath","value":"//bdi[contains(text(), \"Time Segment\")]"}
COMMAND: GET /session/3c28004edfbf3c6cdcf5221cd875a4b1/element/f.B144892EA8D4B745C91A45796582BC5B.d.DA0C1CC36DDD0E1EE25E99DD9D87F3F3.e.6890/rect - {}
RESULT: {}
COMMAND: GET /session/3c28004edfbf3c6cdcf5221cd875a4b1/window/rect - {}
RESULT: {}
COMMAND: POST /session/3c28004edfbf3c6cdcf5221cd875a4b1/execute/sync - {"script":"<script> [92 bytes]","args":[]}
RESULT: {"script":"<script> [92 bytes]","args":[]}
COMMAND: POST /session/3c28004edfbf3c6cdcf5221cd875a4b1/actions - {"actions":[{"id":"action17","type":"wheel","parameters":{},"actions":[{"type":"scroll","x":-1820,"y":-21,"deltaX":0,"deltaY":0,"duration":0,"origin":{"element-6066-11e4-a52e-4f735466cecf":"f.B144892EA8D4B745C91A45796582BC5B.d.DA0C1CC36DDD0E1EE25E99DD9D87F3F3.e.6890"}}]}]}
COMMAND: GET /session/3c28004edfbf3c6cdcf5221cd875a4b1/screenshot - {}
RESULT: {}
COMMAND: POST /session/3c28004edfbf3c6cdcf5221cd875a4b1/execute/sync - {"script":"<script> [79 bytes]","args":[{"element-6066-11e4-a52e-4f735466cecf":"f.B144892EA8D4B745C91A45796582BC5B.d.DA0C1CC36DDD0E1EE25E99DD9D87F3F3.e.6890","ELEMENT":"f.B144892EA8D4B745C91A45796582BC5B.d.DA0C1CC36DDD0E1EE25E99DD9D87F3F3.e.6890"},{"block":"start","inline":"nearest"}]}
RESULT: {"script":"<script> [79 bytes]","args":[{"element-6066-11e4-a52e-4f735466cecf":"f.B144892EA8D4B745C91A45796582BC5B.d.DA0C1CC36DDD0E1EE25E99DD9D87F3F3.e.6890","ELEMENT":"f.B144892EA8D4B745C91A45796582BC5B.d.DA0C1CC36DDD0E1EE25E99DD9D87F3F3.e.6890"},{"block":"start","inline":"nearest"}]}
COMMAND: GET /session/3c28004edfbf3c6cdcf5221cd875a4b1/screenshot - {}
RESULT: {}
COMMAND: POST /session/3c28004edfbf3c6cdcf5221cd875a4b1/element - {"using":"xpath","value":"//span[@id=\"application-manageresources-display-component---newResourceUnit--btnAddTimeSegment-img\"]"}
RESULT: {"using":"xpath","value":"//span[@id=\"application-manageresources-display-component---newResourceUnit--btnAddTimeSegment-img\"]"}
COMMAND: POST /session/3c28004edfbf3c6cdcf5221cd875a4b1/execute/sync - {"script":"<script> [8489 bytes]","args":[{"element-6066-11e4-a52e-4f735466cecf":"f.B144892EA8D4B745C91A45796582BC5B.d.DA0C1CC36DDD0E1EE25E99DD9D87F3F3.e.6893","ELEMENT":"f.B144892EA8D4B745C91A45796582BC5B.d.DA0C1CC36DDD0E1EE25E99DD9D87F3F3.e.6893"}]}
RESULT: {"script":"<script> [8489 bytes]","args":[{"element-6066-11e4-a52e-4f735466cecf":"f.B144892EA8D4B745C91A45796582BC5B.d.DA0C1CC36DDD0E1EE25E99DD9D87F3F3.e.6893","ELEMENT":"f.B144892EA8D4B745C91A45796582BC5B.d.DA0C1CC36DDD0E1EE25E99DD9D87F3F3.e.6893"}]}
COMMAND: POST /session/3c28004edfbf3c6cdcf5221cd875a4b1/element/f.B144892EA8D4B745C91A45796582BC5B.d.DA0C1CC36DDD0E1EE25E99DD9D87F3F3.e.6893/click - {}
COMMAND: GET /session/3c28004edfbf3c6cdcf5221cd875a4b1/screenshot - {}
RESULT: {}
COMMAND: GET /session/3c28004edfbf3c6cdcf5221cd875a4b1/screenshot - {}
COMMAND: POST /session/3c28004edfbf3c6cdcf5221cd875a4b1/element - {"using":"xpath","value":"//input[@id=\"application-manageresources-display-component---newResourceUnit--idRuTSAdmin-application-manageresources-display-component---newResourceUnit--RUTimeSegment-0-inner\"]"}
RESULT: {}
RESULT: {}
RESULT: {"using":"xpath","value":"//input[@id=\"application-manageresources-display-component---newResourceUnit--idRuTSAdmin-application-manageresources-display-component---newResourceUnit--RUTimeSegment-0-inner\"]"}
COMMAND: POST /session/3c28004edfbf3c6cdcf5221cd875a4b1/element/f.B144892EA8D4B745C91A45796582BC5B.d.DA0C1CC36DDD0E1EE25E99DD9D87F3F3.e.6896/clear - {}
RESULT: {}
COMMAND: POST /session/3c28004edfbf3c6cdcf5221cd875a4b1/element/f.B144892EA8D4B745C91A45796582BC5B.d.DA0C1CC36DDD0E1EE25E99DD9D87F3F3.e.6896/value - {"text":"429"}
COMMAND: GET /session/3c28004edfbf3c6cdcf5221cd875a4b1/screenshot - {}
RESULT: {"text":"429"}
COMMAND: GET /session/3c28004edfbf3c6cdcf5221cd875a4b1/screenshot - {}
RESULT: {}
RESULT: {}
COMMAND: POST /session/3c28004edfbf3c6cdcf5221cd875a4b1/actions - {"actions":[{"id":"action18","type":"key","parameters":{},"actions":[{"type":"keyDown","value":"î€‡"},{"type":"pause","duration":10},{"type":"keyUp","value":"î€‡"}]}]}
RESULT: {"actions":[{"id":"action18","type":"key","parameters":{},"actions":[{"type":"keyDown","value":"î€‡"},{"type":"pause","duration":10},{"type":"keyUp","value":"î€‡"}]}]}
COMMAND: GET /session/3c28004edfbf3c6cdcf5221cd875a4b1/screenshot - {}
RESULT: {}
COMMAND: POST /session/3c28004edfbf3c6cdcf5221cd875a4b1/execute/async - {"script":"<script> [1562 bytes]","args":[{"selector":{"controlType":"sap.m.Button","viewName":"reusables.view.manageresources.NewResourceUnit","viewId":"application-manageresources-display-component---newResourceUnit","i18NText":{"propertyName":"tooltip","key":"save"},"interaction":{"idSuffix":"BDI-content"}},"wdio_ui5_key":"reusablesview.manageresources.NewResourceUnitsap.m.Button{\"propertyName\":\"tooltip\",\"key\":\"save\"}"}]}
RESULT: {"script":"<script> [1562 bytes]","args":[{"selector":{"controlType":"sap.m.Button","viewName":"reusables.view.manageresources.NewResourceUnit","viewId":"application-manageresources-display-component---newResourceUnit","i18NText":{"propertyName":"tooltip","key":"save"},"interaction":{"idSuffix":"BDI-content"}},"wdio_ui5_key":"reusablesview.manageresources.NewResourceUnitsap.m.Button{\"propertyName\":\"tooltip\",\"key\":\"save\"}"}]}
RESULT: undefined
COMMAND: POST /session/3c28004edfbf3c6cdcf5221cd875a4b1/element - {"using":"xpath","value":"//*[@id=\"application-manageresources-display-component---newResourceUnit--createRuButton\"]"}
RESULT: {"using":"xpath","value":"//*[@id=\"application-manageresources-display-component---newResourceUnit--createRuButton\"]"}
COMMAND: POST /session/3c28004edfbf3c6cdcf5221cd875a4b1/element/f.B144892EA8D4B745C91A45796582BC5B.d.DA0C1CC36DDD0E1EE25E99DD9D87F3F3.e.6819/click - {}
RESULT: {}
COMMAND: GET /session/3c28004edfbf3c6cdcf5221cd875a4b1/screenshot - {}
RESULT: {}
COMMAND: POST /session/3c28004edfbf3c6cdcf5221cd875a4b1/execute/async - {"script":"<script> [1562 bytes]","args":[{"selector":{"controlType":"sap.m.Title","properties":{"text":"Success"},"searchOpenDialogs":true},"wdio_ui5_key":"sapm.Title{\"text\":\"Success\"}"}]}
RESULT: {"script":"<script> [1562 bytes]","args":[{"selector":{"controlType":"sap.m.Title","properties":{"text":"Success"},"searchOpenDialogs":true},"wdio_ui5_key":"sapm.Title{\"text\":\"Success\"}"}]}
RESULT: undefined
COMMAND: POST /session/3c28004edfbf3c6cdcf5221cd875a4b1/execute/async - {"script":"<script> [6424 bytes]","args":[{"element-6066-11e4-a52e-4f735466cecf":"f.B144892EA8D4B745C91A45796582BC5B.d.DA0C1CC36DDD0E1EE25E99DD9D87F3F3.e.6910"},"getText",[]]}
RESULT: {"script":"<script> [6424 bytes]","args":[{"element-6066-11e4-a52e-4f735466cecf":"f.B144892EA8D4B745C91A45796582BC5B.d.DA0C1CC36DDD0E1EE25E99DD9D87F3F3.e.6910"},"getText",[]]}
COMMAND: POST /session/3c28004edfbf3c6cdcf5221cd875a4b1/element - {"using":"xpath","value":"//*[contains(@id, '__text') and (contains(text(), 'successfully created') or contains(., 'successfully created'))]"}
RESULT: {"using":"xpath","value":"//*[contains(@id, '__text') and (contains(text(), 'successfully created') or contains(., 'successfully created'))]"}
COMMAND: GET /session/3c28004edfbf3c6cdcf5221cd875a4b1/element/f.B144892EA8D4B745C91A45796582BC5B.d.DA0C1CC36DDD0E1EE25E99DD9D87F3F3.e.6908/text - {}
RESULT: {}
COMMAND: POST /session/3c28004edfbf3c6cdcf5221cd875a4b1/execute/async - {"script":"<script> [1562 bytes]","args":[{"selector":{"controlType":"sap.m.Button","properties":{"text":"Close"},"searchOpenDialogs":true,"interaction":{"idSuffix":"BDI-content"}},"wdio_ui5_key":"sapm.Button{\"text\":\"Close\"}"}]}
RESULT: {"script":"<script> [1562 bytes]","args":[{"selector":{"controlType":"sap.m.Button","properties":{"text":"Close"},"searchOpenDialogs":true,"interaction":{"idSuffix":"BDI-content"}},"wdio_ui5_key":"sapm.Button{\"text\":\"Close\"}"}]}
RESULT: undefined
COMMAND: POST /session/3c28004edfbf3c6cdcf5221cd875a4b1/element - {"using":"xpath","value":"//*[@id=\"__mbox-btn-0\"]"}
RESULT: {"using":"xpath","value":"//*[@id=\"__mbox-btn-0\"]"}
COMMAND: POST /session/3c28004edfbf3c6cdcf5221cd875a4b1/element/f.B144892EA8D4B745C91A45796582BC5B.d.DA0C1CC36DDD0E1EE25E99DD9D87F3F3.e.6906/click - {}
RESULT: {}
COMMAND: GET /session/3c28004edfbf3c6cdcf5221cd875a4b1/screenshot - {}
RESULT: {}
COMMAND: POST /session/3c28004edfbf3c6cdcf5221cd875a4b1/execute/async - {"script":"<script> [1562 bytes]","args":[{"selector":{"controlType":"sap.ui.core.Icon","viewName":"etm.portal.ui.manageresources.view.Detail","viewId":"application-manageresources-display-component---detailRU","properties":{"src":{"regex":{"source":"overflow"}}}},"wdio_ui5_key":"etmportal.ui.manageresources.view.Detailsap.ui.core.Icon{\"src\":{\"regex\":{\"source\":\"overflow\"}}}"}]}
RESULT: {"script":"<script> [1562 bytes]","args":[{"selector":{"controlType":"sap.ui.core.Icon","viewName":"etm.portal.ui.manageresources.view.Detail","viewId":"application-manageresources-display-component---detailRU","properties":{"src":{"regex":{"source":"overflow"}}}},"wdio_ui5_key":"etmportal.ui.manageresources.view.Detailsap.ui.core.Icon{\"src\":{\"regex\":{\"source\":\"overflow\"}}}"}]}
RESULT: undefined
COMMAND: POST /session/3c28004edfbf3c6cdcf5221cd875a4b1/element - {"using":"xpath","value":"//*[@id=\"__title15-_actionsToolbar-overflowButton-img\"]"}
RESULT: {"using":"xpath","value":"//*[@id=\"__title15-_actionsToolbar-overflowButton-img\"]"}
COMMAND: POST /session/3c28004edfbf3c6cdcf5221cd875a4b1/element/f.B144892EA8D4B745C91A45796582BC5B.d.DA0C1CC36DDD0E1EE25E99DD9D87F3F3.e.6943/click - {}
RESULT: {}
COMMAND: POST /session/3c28004edfbf3c6cdcf5221cd875a4b1/execute/async - {"script":"<script> [1562 bytes]","args":[{"selector":{"controlType":"sap.m.Button","viewName":"etm.portal.ui.manageresources.view.Detail","viewId":"application-manageresources-display-component---detailRU","i18NText":{"propertyName":"tooltip","key":"closeColumn"},"searchOpenDialogs":true,"interaction":{"idSuffix":"inner"}},"wdio_ui5_key":"etmportal.ui.manageresources.view.Detailsap.m.Button{\"propertyName\":\"tooltip\",\"key\":\"closeColumn\"}"}]}
COMMAND: GET /session/3c28004edfbf3c6cdcf5221cd875a4b1/screenshot - {}
RESULT: {"script":"<script> [1562 bytes]","args":[{"selector":{"controlType":"sap.m.Button","viewName":"etm.portal.ui.manageresources.view.Detail","viewId":"application-manageresources-display-component---detailRU","i18NText":{"propertyName":"tooltip","key":"closeColumn"},"searchOpenDialogs":true,"interaction":{"idSuffix":"inner"}},"wdio_ui5_key":"etmportal.ui.manageresources.view.Detailsap.m.Button{\"propertyName\":\"tooltip\",\"key\":\"closeColumn\"}"}]}
RESULT: undefined
COMMAND: POST /session/3c28004edfbf3c6cdcf5221cd875a4b1/element - {"using":"xpath","value":"//*[@id=\"__button43\"]"}
RESULT: {}
RESULT: {"using":"xpath","value":"//*[@id=\"__button43\"]"}
COMMAND: POST /session/3c28004edfbf3c6cdcf5221cd875a4b1/element/f.B144892EA8D4B745C91A45796582BC5B.d.DA0C1CC36DDD0E1EE25E99DD9D87F3F3.e.6945/click - {}
RESULT: {}
COMMAND: GET /session/3c28004edfbf3c6cdcf5221cd875a4b1/screenshot - {}
RESULT: {}
COMMAND: POST /session/3c28004edfbf3c6cdcf5221cd875a4b1/refresh - {}
RESULT: {}
COMMAND: GET /session/3c28004edfbf3c6cdcf5221cd875a4b1/screenshot - {}
RESULT: {}
COMMAND: POST /session/3c28004edfbf3c6cdcf5221cd875a4b1/refresh - {}
RESULT: {}
COMMAND: GET /session/3c28004edfbf3c6cdcf5221cd875a4b1/screenshot - {}
RESULT: {}
COMMAND: POST /session/3c28004edfbf3c6cdcf5221cd875a4b1/window/fullscreen - {}
RESULT: {}
COMMAND: POST /session/3c28004edfbf3c6cdcf5221cd875a4b1/execute/async - {"script":"<script> [189 bytes]","args":[]}
RESULT: {"script":"<script> [189 bytes]","args":[]}
COMMAND: POST /session/3c28004edfbf3c6cdcf5221cd875a4b1/execute/async - {"script":"<script> [123 bytes]","args":[]}
RESULT: {"script":"<script> [123 bytes]","args":[]}
COMMAND: POST /session/3c28004edfbf3c6cdcf5221cd875a4b1/timeouts - {"script":"<number>"}
RESULT: {"script":"<number>"}
COMMAND: GET /session/3c28004edfbf3c6cdcf5221cd875a4b1/timeouts - {}
RESULT: {}
RESULT: undefined
COMMAND: POST /session/3c28004edfbf3c6cdcf5221cd875a4b1/execute/async - {"script":"<script> [2676 bytes]","args":[]}
RESULT: {"script":"<script> [2676 bytes]","args":[]}
COMMAND: POST /session/3c28004edfbf3c6cdcf5221cd875a4b1/execute/async - {"script":"<script> [2342 bytes]","args":[{"protocol":"http","hostname":"0.0.0.0","path":"/","capabilities":{"browserName":"chrome","goog:chromeOptions":{"binary":"C:\\Program Files\\Google\\Chrome\\Application\\chrome.exe","args":["--start-maximized"]}},"logLevel":"warn","connectionRetryTimeout":120000,"connectionRetryCount":3,"logLevels":{},"enableDirectConnect":true,"strictSSL":true,"_":"65 more keys: [\"cacheDir\",\"port\",\"requestedCapabilities\",\"automationProtocol\",\"baseUrl\",\"waitforInterval\",\"waitforTimeout\",\"onReload\",\"beforeCommand\",\"afterCommand\",\"rootDir\",\"specs\",\"suites\",\"exclude\",\"groupLogsByTestSpec\",\"excludeDriverLogs\",\"bail\",\"framework\",\"reporters\",\"services\",\"maxInstances\",\"maxInstancesPerCapability\",\"injectGlobals\",\"filesToWatch\",\"execArgv\",\"runnerEnv\",\"runner\",\"shard\",\"specFileRetries\",\"specFileRetriesDelay\",\"specFileRetriesDeferred\",\"reporterSyncInterval\",\"reporterSyncTimeout\",\"cucumberFeaturesWithLineNumbers\",\"autoCompileOpts\",\"mochaOpts\",\"jasmineOpts\",\"cucumberOpts\",\"onPrepare\",\"onWorkerStart\",\"onWorkerEnd\",\"before\",\"beforeSession\",\"beforeSuite\",\"beforeHook\",\"beforeTest\",\"afterTest\",\"afterHook\",\"afterSuite\",\"afterSession\",\"after\",\"onComplete\",\"beforeAssertion\",\"afterAssertion\",\"beforeFeature\",\"beforeScenario\",\"beforeStep\",\"afterStep\",\"afterScenario\",\"afterFeature\",\"_\",\"suite\",\"$0\",\"ignoredWorkerServices\",\"wdi5\"]"}]}
RESULT: {"script":"<script> [2342 bytes]","args":[{"protocol":"http","hostname":"0.0.0.0","path":"/","capabilities":{"browserName":"chrome","goog:chromeOptions":{"binary":"C:\\Program Files\\Google\\Chrome\\Application\\chrome.exe","args":["--start-maximized"]}},"logLevel":"warn","connectionRetryTimeout":120000,"connectionRetryCount":3,"logLevels":{},"enableDirectConnect":true,"strictSSL":true,"_":"65 more keys: [\"cacheDir\",\"port\",\"requestedCapabilities\",\"automationProtocol\",\"baseUrl\",\"waitforInterval\",\"waitforTimeout\",\"onReload\",\"beforeCommand\",\"afterCommand\",\"rootDir\",\"specs\",\"suites\",\"exclude\",\"groupLogsByTestSpec\",\"excludeDriverLogs\",\"bail\",\"framework\",\"reporters\",\"services\",\"maxInstances\",\"maxInstancesPerCapability\",\"injectGlobals\",\"filesToWatch\",\"execArgv\",\"runnerEnv\",\"runner\",\"shard\",\"specFileRetries\",\"specFileRetriesDelay\",\"specFileRetriesDeferred\",\"reporterSyncInterval\",\"reporterSyncTimeout\",\"cucumberFeaturesWithLineNumbers\",\"autoCompileOpts\",\"mochaOpts\",\"jasmineOpts\",\"cucumberOpts\",\"onPrepare\",\"onWorkerStart\",\"onWorkerEnd\",\"before\",\"beforeSession\",\"beforeSuite\",\"beforeHook\",\"beforeTest\",\"afterTest\",\"afterHook\",\"afterSuite\",\"afterSession\",\"after\",\"onComplete\",\"beforeAssertion\",\"afterAssertion\",\"beforeFeature\",\"beforeScenario\",\"beforeStep\",\"afterStep\",\"afterScenario\",\"afterFeature\",\"_\",\"suite\",\"$0\",\"ignoredWorkerServices\",\"wdi5\"]"}]}
COMMAND: POST /session/3c28004edfbf3c6cdcf5221cd875a4b1/execute/async - {"script":"<script> [21126 bytes]","args":[35000]}
RESULT: {"script":"<script> [21126 bytes]","args":[35000]}
]]></system-out>
    </testcase>
    <testcase classname="chrome.135_0_7049_96.windows.Create_2_RU_material_US118246" name="Create WHM material" time="183.123">
      <system-out><![CDATA[
COMMAND: POST /session/3c28004edfbf3c6cdcf5221cd875a4b1/element - {"using":"xpath","value":"//button[@data-kt=\"addNewRUOverflowToolbarButton\"]"}
RESULT: {"using":"xpath","value":"//button[@data-kt=\"addNewRUOverflowToolbarButton\"]"}
COMMAND: POST /session/3c28004edfbf3c6cdcf5221cd875a4b1/execute/sync - {"script":"<script> [8489 bytes]","args":[{"element-6066-11e4-a52e-4f735466cecf":"f.B144892EA8D4B745C91A45796582BC5B.d.AF6E9F9D218B2F97DF725F87A249D5D7.e.7289","ELEMENT":"f.B144892EA8D4B745C91A45796582BC5B.d.AF6E9F9D218B2F97DF725F87A249D5D7.e.7289"}]}
RESULT: {"script":"<script> [8489 bytes]","args":[{"element-6066-11e4-a52e-4f735466cecf":"f.B144892EA8D4B745C91A45796582BC5B.d.AF6E9F9D218B2F97DF725F87A249D5D7.e.7289","ELEMENT":"f.B144892EA8D4B745C91A45796582BC5B.d.AF6E9F9D218B2F97DF725F87A249D5D7.e.7289"}]}
COMMAND: POST /session/3c28004edfbf3c6cdcf5221cd875a4b1/element/f.B144892EA8D4B745C91A45796582BC5B.d.AF6E9F9D218B2F97DF725F87A249D5D7.e.7289/click - {}
COMMAND: GET /session/3c28004edfbf3c6cdcf5221cd875a4b1/screenshot - {}
RESULT: {}
COMMAND: GET /session/3c28004edfbf3c6cdcf5221cd875a4b1/screenshot - {}
RESULT: {}
RESULT: {}
COMMAND: POST /session/3c28004edfbf3c6cdcf5221cd875a4b1/execute/async - {"script":"<script> [1562 bytes]","args":[{"selector":{"controlType":"sap.m.ComboBox","viewName":"reusables.view.manageresources.NewResourceUnit","viewId":"application-manageresources-display-component---newResourceUnit","bindingPath":{"path":"","propertyPath":"/RuTypes","modelName":"catalogModel"},"searchOpenDialogs":true},"wdio_ui5_key":"reusablesview.manageresources.NewResourceUnitsap.m.ComboBox{\"path\":\"\",\"propertyPath\":\"/RuTypes\",\"modelName\":\"catalogModel\"}"}]}
RESULT: {"script":"<script> [1562 bytes]","args":[{"selector":{"controlType":"sap.m.ComboBox","viewName":"reusables.view.manageresources.NewResourceUnit","viewId":"application-manageresources-display-component---newResourceUnit","bindingPath":{"path":"","propertyPath":"/RuTypes","modelName":"catalogModel"},"searchOpenDialogs":true},"wdio_ui5_key":"reusablesview.manageresources.NewResourceUnitsap.m.ComboBox{\"path\":\"\",\"propertyPath\":\"/RuTypes\",\"modelName\":\"catalogModel\"}"}]}
RESULT: undefined
COMMAND: POST /session/3c28004edfbf3c6cdcf5221cd875a4b1/execute/async - {"script":"<script> [1562 bytes]","args":[{"selector":{"controlType":"sap.m.ComboBox","viewName":"reusables.view.manageresources.NewResourceUnit","viewId":"application-manageresources-display-component---newResourceUnit","bindingPath":{"path":"","propertyPath":"/Yards","modelName":"catalogModel"},"searchOpenDialogs":true},"wdio_ui5_key":"reusablesview.manageresources.NewResourceUnitsap.m.ComboBox{\"path\":\"\",\"propertyPath\":\"/Yards\",\"modelName\":\"catalogModel\"}"}]}
RESULT: {"script":"<script> [1562 bytes]","args":[{"selector":{"controlType":"sap.m.ComboBox","viewName":"reusables.view.manageresources.NewResourceUnit","viewId":"application-manageresources-display-component---newResourceUnit","bindingPath":{"path":"","propertyPath":"/Yards","modelName":"catalogModel"},"searchOpenDialogs":true},"wdio_ui5_key":"reusablesview.manageresources.NewResourceUnitsap.m.ComboBox{\"path\":\"\",\"propertyPath\":\"/Yards\",\"modelName\":\"catalogModel\"}"}]}
RESULT: undefined
COMMAND: POST /session/3c28004edfbf3c6cdcf5221cd875a4b1/execute/async - {"script":"<script> [1562 bytes]","args":[{"selector":{"controlType":"etm.portal.ui.reusables.customControls.LiveSearchComboBox","viewName":"reusables.view.manageresources.NewResourceUnit","viewId":"application-manageresources-display-component---newResourceUnit","bindingPath":{"path":"","propertyPath":"/CatalogItems","modelName":"catalogModel"},"searchOpenDialogs":true},"wdio_ui5_key":"reusablesview.manageresources.NewResourceUnitetm.portal.ui.reusables.customControls.LiveSearchComboBox{\"path\":\"\",\"propertyPath\":\"/CatalogItems\",\"modelName\":\"catalogModel\"}"}]}
RESULT: {"script":"<script> [1562 bytes]","args":[{"selector":{"controlType":"etm.portal.ui.reusables.customControls.LiveSearchComboBox","viewName":"reusables.view.manageresources.NewResourceUnit","viewId":"application-manageresources-display-component---newResourceUnit","bindingPath":{"path":"","propertyPath":"/CatalogItems","modelName":"catalogModel"},"searchOpenDialogs":true},"wdio_ui5_key":"reusablesview.manageresources.NewResourceUnitetm.portal.ui.reusables.customControls.LiveSearchComboBox{\"path\":\"\",\"propertyPath\":\"/CatalogItems\",\"modelName\":\"catalogModel\"}"}]}
RESULT: undefined
COMMAND: POST /session/3c28004edfbf3c6cdcf5221cd875a4b1/element - {"using":"xpath","value":"//bdi[text()=\"OK\"]"}
RESULT: {"using":"xpath","value":"//bdi[text()=\"OK\"]"}
COMMAND: POST /session/3c28004edfbf3c6cdcf5221cd875a4b1/elements - {"using":"xpath","value":"//bdi[text()=\"OK\"]"}
RESULT: {"using":"xpath","value":"//bdi[text()=\"OK\"]"}
COMMAND: POST /session/3c28004edfbf3c6cdcf5221cd875a4b1/elements - {"using":"xpath","value":"//bdi[text()=\"OK\"]"}
RESULT: {"using":"xpath","value":"//bdi[text()=\"OK\"]"}
COMMAND: POST /session/3c28004edfbf3c6cdcf5221cd875a4b1/elements - {"using":"xpath","value":"//bdi[text()=\"OK\"]"}
RESULT: {"using":"xpath","value":"//bdi[text()=\"OK\"]"}
COMMAND: POST /session/3c28004edfbf3c6cdcf5221cd875a4b1/elements - {"using":"xpath","value":"//bdi[text()=\"OK\"]"}
RESULT: {"using":"xpath","value":"//bdi[text()=\"OK\"]"}
COMMAND: POST /session/3c28004edfbf3c6cdcf5221cd875a4b1/elements - {"using":"xpath","value":"//bdi[text()=\"OK\"]"}
RESULT: {"using":"xpath","value":"//bdi[text()=\"OK\"]"}
COMMAND: POST /session/3c28004edfbf3c6cdcf5221cd875a4b1/elements - {"using":"xpath","value":"//bdi[text()=\"OK\"]"}
RESULT: {"using":"xpath","value":"//bdi[text()=\"OK\"]"}
COMMAND: POST /session/3c28004edfbf3c6cdcf5221cd875a4b1/elements - {"using":"xpath","value":"//bdi[text()=\"OK\"]"}
RESULT: {"using":"xpath","value":"//bdi[text()=\"OK\"]"}
COMMAND: POST /session/3c28004edfbf3c6cdcf5221cd875a4b1/elements - {"using":"xpath","value":"//bdi[text()=\"OK\"]"}
RESULT: {"using":"xpath","value":"//bdi[text()=\"OK\"]"}
COMMAND: POST /session/3c28004edfbf3c6cdcf5221cd875a4b1/elements - {"using":"xpath","value":"//bdi[text()=\"OK\"]"}
RESULT: {"using":"xpath","value":"//bdi[text()=\"OK\"]"}
COMMAND: POST /session/3c28004edfbf3c6cdcf5221cd875a4b1/elements - {"using":"xpath","value":"//bdi[text()=\"OK\"]"}
RESULT: {"using":"xpath","value":"//bdi[text()=\"OK\"]"}
COMMAND: POST /session/3c28004edfbf3c6cdcf5221cd875a4b1/elements - {"using":"xpath","value":"//bdi[text()=\"OK\"]"}
RESULT: {"using":"xpath","value":"//bdi[text()=\"OK\"]"}
COMMAND: POST /session/3c28004edfbf3c6cdcf5221cd875a4b1/elements - {"using":"xpath","value":"//bdi[text()=\"OK\"]"}
RESULT: {"using":"xpath","value":"//bdi[text()=\"OK\"]"}
COMMAND: POST /session/3c28004edfbf3c6cdcf5221cd875a4b1/elements - {"using":"xpath","value":"//bdi[text()=\"OK\"]"}
RESULT: {"using":"xpath","value":"//bdi[text()=\"OK\"]"}
COMMAND: POST /session/3c28004edfbf3c6cdcf5221cd875a4b1/elements - {"using":"xpath","value":"//bdi[text()=\"OK\"]"}
RESULT: {"using":"xpath","value":"//bdi[text()=\"OK\"]"}
COMMAND: POST /session/3c28004edfbf3c6cdcf5221cd875a4b1/elements - {"using":"xpath","value":"//bdi[text()=\"OK\"]"}
RESULT: {"using":"xpath","value":"//bdi[text()=\"OK\"]"}
COMMAND: POST /session/3c28004edfbf3c6cdcf5221cd875a4b1/elements - {"using":"xpath","value":"//bdi[text()=\"OK\"]"}
RESULT: {"using":"xpath","value":"//bdi[text()=\"OK\"]"}
COMMAND: POST /session/3c28004edfbf3c6cdcf5221cd875a4b1/elements - {"using":"xpath","value":"//bdi[text()=\"OK\"]"}
RESULT: {"using":"xpath","value":"//bdi[text()=\"OK\"]"}
COMMAND: POST /session/3c28004edfbf3c6cdcf5221cd875a4b1/elements - {"using":"xpath","value":"//bdi[text()=\"OK\"]"}
RESULT: {"using":"xpath","value":"//bdi[text()=\"OK\"]"}
COMMAND: POST /session/3c28004edfbf3c6cdcf5221cd875a4b1/elements - {"using":"xpath","value":"//bdi[text()=\"OK\"]"}
RESULT: {"using":"xpath","value":"//bdi[text()=\"OK\"]"}
COMMAND: POST /session/3c28004edfbf3c6cdcf5221cd875a4b1/elements - {"using":"xpath","value":"//bdi[text()=\"OK\"]"}
RESULT: {"using":"xpath","value":"//bdi[text()=\"OK\"]"}
COMMAND: POST /session/3c28004edfbf3c6cdcf5221cd875a4b1/elements - {"using":"xpath","value":"//bdi[text()=\"OK\"]"}
RESULT: {"using":"xpath","value":"//bdi[text()=\"OK\"]"}
COMMAND: POST /session/3c28004edfbf3c6cdcf5221cd875a4b1/elements - {"using":"xpath","value":"//bdi[text()=\"OK\"]"}
RESULT: {"using":"xpath","value":"//bdi[text()=\"OK\"]"}
COMMAND: POST /session/3c28004edfbf3c6cdcf5221cd875a4b1/elements - {"using":"xpath","value":"//bdi[text()=\"OK\"]"}
RESULT: {"using":"xpath","value":"//bdi[text()=\"OK\"]"}
COMMAND: POST /session/3c28004edfbf3c6cdcf5221cd875a4b1/elements - {"using":"xpath","value":"//bdi[text()=\"OK\"]"}
RESULT: {"using":"xpath","value":"//bdi[text()=\"OK\"]"}
COMMAND: POST /session/3c28004edfbf3c6cdcf5221cd875a4b1/elements - {"using":"xpath","value":"//bdi[text()=\"OK\"]"}
RESULT: {"using":"xpath","value":"//bdi[text()=\"OK\"]"}
COMMAND: POST /session/3c28004edfbf3c6cdcf5221cd875a4b1/elements - {"using":"xpath","value":"//bdi[text()=\"OK\"]"}
RESULT: {"using":"xpath","value":"//bdi[text()=\"OK\"]"}
COMMAND: POST /session/3c28004edfbf3c6cdcf5221cd875a4b1/elements - {"using":"xpath","value":"//bdi[text()=\"OK\"]"}
RESULT: {"using":"xpath","value":"//bdi[text()=\"OK\"]"}
COMMAND: POST /session/3c28004edfbf3c6cdcf5221cd875a4b1/elements - {"using":"xpath","value":"//bdi[text()=\"OK\"]"}
RESULT: {"using":"xpath","value":"//bdi[text()=\"OK\"]"}
COMMAND: POST /session/3c28004edfbf3c6cdcf5221cd875a4b1/elements - {"using":"xpath","value":"//bdi[text()=\"OK\"]"}
RESULT: {"using":"xpath","value":"//bdi[text()=\"OK\"]"}
COMMAND: POST /session/3c28004edfbf3c6cdcf5221cd875a4b1/elements - {"using":"xpath","value":"//bdi[text()=\"OK\"]"}
RESULT: {"using":"xpath","value":"//bdi[text()=\"OK\"]"}
COMMAND: POST /session/3c28004edfbf3c6cdcf5221cd875a4b1/elements - {"using":"xpath","value":"//bdi[text()=\"OK\"]"}
RESULT: {"using":"xpath","value":"//bdi[text()=\"OK\"]"}
COMMAND: POST /session/3c28004edfbf3c6cdcf5221cd875a4b1/elements - {"using":"xpath","value":"//bdi[text()=\"OK\"]"}
RESULT: {"using":"xpath","value":"//bdi[text()=\"OK\"]"}
COMMAND: POST /session/3c28004edfbf3c6cdcf5221cd875a4b1/elements - {"using":"xpath","value":"//bdi[text()=\"OK\"]"}
RESULT: {"using":"xpath","value":"//bdi[text()=\"OK\"]"}
COMMAND: POST /session/3c28004edfbf3c6cdcf5221cd875a4b1/elements - {"using":"xpath","value":"//bdi[text()=\"OK\"]"}
RESULT: {"using":"xpath","value":"//bdi[text()=\"OK\"]"}
COMMAND: POST /session/3c28004edfbf3c6cdcf5221cd875a4b1/elements - {"using":"xpath","value":"//bdi[text()=\"OK\"]"}
RESULT: {"using":"xpath","value":"//bdi[text()=\"OK\"]"}
COMMAND: POST /session/3c28004edfbf3c6cdcf5221cd875a4b1/elements - {"using":"xpath","value":"//bdi[text()=\"OK\"]"}
RESULT: {"using":"xpath","value":"//bdi[text()=\"OK\"]"}
COMMAND: POST /session/3c28004edfbf3c6cdcf5221cd875a4b1/elements - {"using":"xpath","value":"//bdi[text()=\"OK\"]"}
RESULT: {"using":"xpath","value":"//bdi[text()=\"OK\"]"}
COMMAND: POST /session/3c28004edfbf3c6cdcf5221cd875a4b1/elements - {"using":"xpath","value":"//bdi[text()=\"OK\"]"}
RESULT: {"using":"xpath","value":"//bdi[text()=\"OK\"]"}
COMMAND: POST /session/3c28004edfbf3c6cdcf5221cd875a4b1/elements - {"using":"xpath","value":"//bdi[text()=\"OK\"]"}
RESULT: {"using":"xpath","value":"//bdi[text()=\"OK\"]"}
COMMAND: POST /session/3c28004edfbf3c6cdcf5221cd875a4b1/elements - {"using":"xpath","value":"//bdi[text()=\"OK\"]"}
RESULT: {"using":"xpath","value":"//bdi[text()=\"OK\"]"}
COMMAND: POST /session/3c28004edfbf3c6cdcf5221cd875a4b1/elements - {"using":"xpath","value":"//bdi[text()=\"OK\"]"}
RESULT: {"using":"xpath","value":"//bdi[text()=\"OK\"]"}
COMMAND: POST /session/3c28004edfbf3c6cdcf5221cd875a4b1/elements - {"using":"xpath","value":"//bdi[text()=\"OK\"]"}
RESULT: {"using":"xpath","value":"//bdi[text()=\"OK\"]"}
COMMAND: POST /session/3c28004edfbf3c6cdcf5221cd875a4b1/elements - {"using":"xpath","value":"//bdi[text()=\"OK\"]"}
RESULT: {"using":"xpath","value":"//bdi[text()=\"OK\"]"}
COMMAND: POST /session/3c28004edfbf3c6cdcf5221cd875a4b1/elements - {"using":"xpath","value":"//bdi[text()=\"OK\"]"}
RESULT: {"using":"xpath","value":"//bdi[text()=\"OK\"]"}
COMMAND: POST /session/3c28004edfbf3c6cdcf5221cd875a4b1/elements - {"using":"xpath","value":"//bdi[text()=\"OK\"]"}
RESULT: {"using":"xpath","value":"//bdi[text()=\"OK\"]"}
COMMAND: POST /session/3c28004edfbf3c6cdcf5221cd875a4b1/elements - {"using":"xpath","value":"//bdi[text()=\"OK\"]"}
RESULT: {"using":"xpath","value":"//bdi[text()=\"OK\"]"}
COMMAND: POST /session/3c28004edfbf3c6cdcf5221cd875a4b1/elements - {"using":"xpath","value":"//bdi[text()=\"OK\"]"}
RESULT: {"using":"xpath","value":"//bdi[text()=\"OK\"]"}
COMMAND: POST /session/3c28004edfbf3c6cdcf5221cd875a4b1/elements - {"using":"xpath","value":"//bdi[text()=\"OK\"]"}
RESULT: {"using":"xpath","value":"//bdi[text()=\"OK\"]"}
COMMAND: POST /session/3c28004edfbf3c6cdcf5221cd875a4b1/elements - {"using":"xpath","value":"//bdi[text()=\"OK\"]"}
RESULT: {"using":"xpath","value":"//bdi[text()=\"OK\"]"}
COMMAND: POST /session/3c28004edfbf3c6cdcf5221cd875a4b1/elements - {"using":"xpath","value":"//bdi[text()=\"OK\"]"}
RESULT: {"using":"xpath","value":"//bdi[text()=\"OK\"]"}
COMMAND: POST /session/3c28004edfbf3c6cdcf5221cd875a4b1/elements - {"using":"xpath","value":"//bdi[text()=\"OK\"]"}
RESULT: {"using":"xpath","value":"//bdi[text()=\"OK\"]"}
COMMAND: POST /session/3c28004edfbf3c6cdcf5221cd875a4b1/elements - {"using":"xpath","value":"//bdi[text()=\"OK\"]"}
RESULT: {"using":"xpath","value":"//bdi[text()=\"OK\"]"}
COMMAND: POST /session/3c28004edfbf3c6cdcf5221cd875a4b1/elements - {"using":"xpath","value":"//bdi[text()=\"OK\"]"}
RESULT: {"using":"xpath","value":"//bdi[text()=\"OK\"]"}
COMMAND: POST /session/3c28004edfbf3c6cdcf5221cd875a4b1/elements - {"using":"xpath","value":"//bdi[text()=\"OK\"]"}
RESULT: {"using":"xpath","value":"//bdi[text()=\"OK\"]"}
COMMAND: POST /session/3c28004edfbf3c6cdcf5221cd875a4b1/elements - {"using":"xpath","value":"//bdi[text()=\"OK\"]"}
RESULT: {"using":"xpath","value":"//bdi[text()=\"OK\"]"}
COMMAND: POST /session/3c28004edfbf3c6cdcf5221cd875a4b1/elements - {"using":"xpath","value":"//bdi[text()=\"OK\"]"}
RESULT: {"using":"xpath","value":"//bdi[text()=\"OK\"]"}
COMMAND: POST /session/3c28004edfbf3c6cdcf5221cd875a4b1/elements - {"using":"xpath","value":"//bdi[text()=\"OK\"]"}
RESULT: {"using":"xpath","value":"//bdi[text()=\"OK\"]"}
COMMAND: POST /session/3c28004edfbf3c6cdcf5221cd875a4b1/elements - {"using":"xpath","value":"//bdi[text()=\"OK\"]"}
RESULT: {"using":"xpath","value":"//bdi[text()=\"OK\"]"}
COMMAND: POST /session/3c28004edfbf3c6cdcf5221cd875a4b1/elements - {"using":"xpath","value":"//bdi[text()=\"OK\"]"}
RESULT: {"using":"xpath","value":"//bdi[text()=\"OK\"]"}
COMMAND: POST /session/3c28004edfbf3c6cdcf5221cd875a4b1/elements - {"using":"xpath","value":"//bdi[text()=\"OK\"]"}
RESULT: {"using":"xpath","value":"//bdi[text()=\"OK\"]"}
COMMAND: POST /session/3c28004edfbf3c6cdcf5221cd875a4b1/elements - {"using":"xpath","value":"//bdi[text()=\"OK\"]"}
RESULT: {"using":"xpath","value":"//bdi[text()=\"OK\"]"}
COMMAND: POST /session/3c28004edfbf3c6cdcf5221cd875a4b1/elements - {"using":"xpath","value":"//bdi[text()=\"OK\"]"}
RESULT: {"using":"xpath","value":"//bdi[text()=\"OK\"]"}
COMMAND: POST /session/3c28004edfbf3c6cdcf5221cd875a4b1/elements - {"using":"xpath","value":"//bdi[text()=\"OK\"]"}
RESULT: {"using":"xpath","value":"//bdi[text()=\"OK\"]"}
COMMAND: POST /session/3c28004edfbf3c6cdcf5221cd875a4b1/elements - {"using":"xpath","value":"//bdi[text()=\"OK\"]"}
RESULT: {"using":"xpath","value":"//bdi[text()=\"OK\"]"}
COMMAND: POST /session/3c28004edfbf3c6cdcf5221cd875a4b1/elements - {"using":"xpath","value":"//bdi[text()=\"OK\"]"}
RESULT: {"using":"xpath","value":"//bdi[text()=\"OK\"]"}
COMMAND: POST /session/3c28004edfbf3c6cdcf5221cd875a4b1/elements - {"using":"xpath","value":"//bdi[text()=\"OK\"]"}
RESULT: {"using":"xpath","value":"//bdi[text()=\"OK\"]"}
COMMAND: POST /session/3c28004edfbf3c6cdcf5221cd875a4b1/elements - {"using":"xpath","value":"//bdi[text()=\"OK\"]"}
RESULT: {"using":"xpath","value":"//bdi[text()=\"OK\"]"}
COMMAND: POST /session/3c28004edfbf3c6cdcf5221cd875a4b1/elements - {"using":"xpath","value":"//bdi[text()=\"OK\"]"}
RESULT: {"using":"xpath","value":"//bdi[text()=\"OK\"]"}
COMMAND: POST /session/3c28004edfbf3c6cdcf5221cd875a4b1/elements - {"using":"xpath","value":"//bdi[text()=\"OK\"]"}
RESULT: {"using":"xpath","value":"//bdi[text()=\"OK\"]"}
COMMAND: POST /session/3c28004edfbf3c6cdcf5221cd875a4b1/elements - {"using":"xpath","value":"//bdi[text()=\"OK\"]"}
RESULT: {"using":"xpath","value":"//bdi[text()=\"OK\"]"}
COMMAND: POST /session/3c28004edfbf3c6cdcf5221cd875a4b1/elements - {"using":"xpath","value":"//bdi[text()=\"OK\"]"}
RESULT: {"using":"xpath","value":"//bdi[text()=\"OK\"]"}
COMMAND: POST /session/3c28004edfbf3c6cdcf5221cd875a4b1/elements - {"using":"xpath","value":"//bdi[text()=\"OK\"]"}
RESULT: {"using":"xpath","value":"//bdi[text()=\"OK\"]"}
COMMAND: POST /session/3c28004edfbf3c6cdcf5221cd875a4b1/elements - {"using":"xpath","value":"//bdi[text()=\"OK\"]"}
RESULT: {"using":"xpath","value":"//bdi[text()=\"OK\"]"}
COMMAND: POST /session/3c28004edfbf3c6cdcf5221cd875a4b1/elements - {"using":"xpath","value":"//bdi[text()=\"OK\"]"}
RESULT: {"using":"xpath","value":"//bdi[text()=\"OK\"]"}
COMMAND: POST /session/3c28004edfbf3c6cdcf5221cd875a4b1/elements - {"using":"xpath","value":"//bdi[text()=\"OK\"]"}
RESULT: {"using":"xpath","value":"//bdi[text()=\"OK\"]"}
COMMAND: POST /session/3c28004edfbf3c6cdcf5221cd875a4b1/elements - {"using":"xpath","value":"//bdi[text()=\"OK\"]"}
RESULT: {"using":"xpath","value":"//bdi[text()=\"OK\"]"}
COMMAND: POST /session/3c28004edfbf3c6cdcf5221cd875a4b1/elements - {"using":"xpath","value":"//bdi[text()=\"OK\"]"}
RESULT: {"using":"xpath","value":"//bdi[text()=\"OK\"]"}
COMMAND: POST /session/3c28004edfbf3c6cdcf5221cd875a4b1/elements - {"using":"xpath","value":"//bdi[text()=\"OK\"]"}
RESULT: {"using":"xpath","value":"//bdi[text()=\"OK\"]"}
COMMAND: POST /session/3c28004edfbf3c6cdcf5221cd875a4b1/elements - {"using":"xpath","value":"//bdi[text()=\"OK\"]"}
RESULT: {"using":"xpath","value":"//bdi[text()=\"OK\"]"}
COMMAND: POST /session/3c28004edfbf3c6cdcf5221cd875a4b1/elements - {"using":"xpath","value":"//bdi[text()=\"OK\"]"}
RESULT: {"using":"xpath","value":"//bdi[text()=\"OK\"]"}
COMMAND: POST /session/3c28004edfbf3c6cdcf5221cd875a4b1/elements - {"using":"xpath","value":"//bdi[text()=\"OK\"]"}
RESULT: {"using":"xpath","value":"//bdi[text()=\"OK\"]"}
COMMAND: POST /session/3c28004edfbf3c6cdcf5221cd875a4b1/elements - {"using":"xpath","value":"//bdi[text()=\"OK\"]"}
RESULT: {"using":"xpath","value":"//bdi[text()=\"OK\"]"}
COMMAND: POST /session/3c28004edfbf3c6cdcf5221cd875a4b1/elements - {"using":"xpath","value":"//bdi[text()=\"OK\"]"}
RESULT: {"using":"xpath","value":"//bdi[text()=\"OK\"]"}
COMMAND: POST /session/3c28004edfbf3c6cdcf5221cd875a4b1/elements - {"using":"xpath","value":"//bdi[text()=\"OK\"]"}
RESULT: {"using":"xpath","value":"//bdi[text()=\"OK\"]"}
COMMAND: POST /session/3c28004edfbf3c6cdcf5221cd875a4b1/elements - {"using":"xpath","value":"//bdi[text()=\"OK\"]"}
RESULT: {"using":"xpath","value":"//bdi[text()=\"OK\"]"}
COMMAND: POST /session/3c28004edfbf3c6cdcf5221cd875a4b1/elements - {"using":"xpath","value":"//bdi[text()=\"OK\"]"}
RESULT: {"using":"xpath","value":"//bdi[text()=\"OK\"]"}
COMMAND: POST /session/3c28004edfbf3c6cdcf5221cd875a4b1/elements - {"using":"xpath","value":"//bdi[text()=\"OK\"]"}
RESULT: {"using":"xpath","value":"//bdi[text()=\"OK\"]"}
COMMAND: POST /session/3c28004edfbf3c6cdcf5221cd875a4b1/elements - {"using":"xpath","value":"//bdi[text()=\"OK\"]"}
RESULT: {"using":"xpath","value":"//bdi[text()=\"OK\"]"}
COMMAND: POST /session/3c28004edfbf3c6cdcf5221cd875a4b1/elements - {"using":"xpath","value":"//bdi[text()=\"OK\"]"}
RESULT: {"using":"xpath","value":"//bdi[text()=\"OK\"]"}
COMMAND: POST /session/3c28004edfbf3c6cdcf5221cd875a4b1/elements - {"using":"xpath","value":"//bdi[text()=\"OK\"]"}
RESULT: {"using":"xpath","value":"//bdi[text()=\"OK\"]"}
COMMAND: POST /session/3c28004edfbf3c6cdcf5221cd875a4b1/elements - {"using":"xpath","value":"//bdi[text()=\"OK\"]"}
RESULT: {"using":"xpath","value":"//bdi[text()=\"OK\"]"}
COMMAND: POST /session/3c28004edfbf3c6cdcf5221cd875a4b1/elements - {"using":"xpath","value":"//bdi[text()=\"OK\"]"}
RESULT: {"using":"xpath","value":"//bdi[text()=\"OK\"]"}
COMMAND: POST /session/3c28004edfbf3c6cdcf5221cd875a4b1/elements - {"using":"xpath","value":"//bdi[text()=\"OK\"]"}
RESULT: {"using":"xpath","value":"//bdi[text()=\"OK\"]"}
COMMAND: POST /session/3c28004edfbf3c6cdcf5221cd875a4b1/elements - {"using":"xpath","value":"//bdi[text()=\"OK\"]"}
RESULT: {"using":"xpath","value":"//bdi[text()=\"OK\"]"}
COMMAND: POST /session/3c28004edfbf3c6cdcf5221cd875a4b1/elements - {"using":"xpath","value":"//bdi[text()=\"OK\"]"}
RESULT: {"using":"xpath","value":"//bdi[text()=\"OK\"]"}
COMMAND: POST /session/3c28004edfbf3c6cdcf5221cd875a4b1/elements - {"using":"xpath","value":"//bdi[text()=\"OK\"]"}
RESULT: {"using":"xpath","value":"//bdi[text()=\"OK\"]"}
COMMAND: POST /session/3c28004edfbf3c6cdcf5221cd875a4b1/elements - {"using":"xpath","value":"//bdi[text()=\"OK\"]"}
RESULT: {"using":"xpath","value":"//bdi[text()=\"OK\"]"}
COMMAND: POST /session/3c28004edfbf3c6cdcf5221cd875a4b1/elements - {"using":"xpath","value":"//bdi[text()=\"OK\"]"}
RESULT: {"using":"xpath","value":"//bdi[text()=\"OK\"]"}
COMMAND: POST /session/3c28004edfbf3c6cdcf5221cd875a4b1/elements - {"using":"xpath","value":"//bdi[text()=\"OK\"]"}
RESULT: {"using":"xpath","value":"//bdi[text()=\"OK\"]"}
COMMAND: POST /session/3c28004edfbf3c6cdcf5221cd875a4b1/elements - {"using":"xpath","value":"//bdi[text()=\"OK\"]"}
RESULT: {"using":"xpath","value":"//bdi[text()=\"OK\"]"}
COMMAND: POST /session/3c28004edfbf3c6cdcf5221cd875a4b1/elements - {"using":"xpath","value":"//bdi[text()=\"OK\"]"}
RESULT: {"using":"xpath","value":"//bdi[text()=\"OK\"]"}
COMMAND: POST /session/3c28004edfbf3c6cdcf5221cd875a4b1/elements - {"using":"xpath","value":"//bdi[text()=\"OK\"]"}
RESULT: {"using":"xpath","value":"//bdi[text()=\"OK\"]"}
COMMAND: POST /session/3c28004edfbf3c6cdcf5221cd875a4b1/elements - {"using":"xpath","value":"//bdi[text()=\"OK\"]"}
RESULT: {"using":"xpath","value":"//bdi[text()=\"OK\"]"}
COMMAND: POST /session/3c28004edfbf3c6cdcf5221cd875a4b1/elements - {"using":"xpath","value":"//bdi[text()=\"OK\"]"}
RESULT: {"using":"xpath","value":"//bdi[text()=\"OK\"]"}
COMMAND: POST /session/3c28004edfbf3c6cdcf5221cd875a4b1/elements - {"using":"xpath","value":"//bdi[text()=\"OK\"]"}
RESULT: {"using":"xpath","value":"//bdi[text()=\"OK\"]"}
COMMAND: POST /session/3c28004edfbf3c6cdcf5221cd875a4b1/elements - {"using":"xpath","value":"//bdi[text()=\"OK\"]"}
RESULT: {"using":"xpath","value":"//bdi[text()=\"OK\"]"}
COMMAND: POST /session/3c28004edfbf3c6cdcf5221cd875a4b1/elements - {"using":"xpath","value":"//bdi[text()=\"OK\"]"}
RESULT: {"using":"xpath","value":"//bdi[text()=\"OK\"]"}
COMMAND: POST /session/3c28004edfbf3c6cdcf5221cd875a4b1/elements - {"using":"xpath","value":"//bdi[text()=\"OK\"]"}
RESULT: {"using":"xpath","value":"//bdi[text()=\"OK\"]"}
COMMAND: POST /session/3c28004edfbf3c6cdcf5221cd875a4b1/elements - {"using":"xpath","value":"//bdi[text()=\"OK\"]"}
RESULT: {"using":"xpath","value":"//bdi[text()=\"OK\"]"}
COMMAND: POST /session/3c28004edfbf3c6cdcf5221cd875a4b1/elements - {"using":"xpath","value":"//bdi[text()=\"OK\"]"}
RESULT: {"using":"xpath","value":"//bdi[text()=\"OK\"]"}
COMMAND: POST /session/3c28004edfbf3c6cdcf5221cd875a4b1/elements - {"using":"xpath","value":"//bdi[text()=\"OK\"]"}
RESULT: {"using":"xpath","value":"//bdi[text()=\"OK\"]"}
COMMAND: POST /session/3c28004edfbf3c6cdcf5221cd875a4b1/elements - {"using":"xpath","value":"//bdi[text()=\"OK\"]"}
RESULT: {"using":"xpath","value":"//bdi[text()=\"OK\"]"}
COMMAND: POST /session/3c28004edfbf3c6cdcf5221cd875a4b1/elements - {"using":"xpath","value":"//bdi[text()=\"OK\"]"}
RESULT: {"using":"xpath","value":"//bdi[text()=\"OK\"]"}
COMMAND: POST /session/3c28004edfbf3c6cdcf5221cd875a4b1/elements - {"using":"xpath","value":"//bdi[text()=\"OK\"]"}
RESULT: {"using":"xpath","value":"//bdi[text()=\"OK\"]"}
COMMAND: POST /session/3c28004edfbf3c6cdcf5221cd875a4b1/elements - {"using":"xpath","value":"//bdi[text()=\"OK\"]"}
RESULT: {"using":"xpath","value":"//bdi[text()=\"OK\"]"}
COMMAND: POST /session/3c28004edfbf3c6cdcf5221cd875a4b1/elements - {"using":"xpath","value":"//bdi[text()=\"OK\"]"}
RESULT: {"using":"xpath","value":"//bdi[text()=\"OK\"]"}
COMMAND: POST /session/3c28004edfbf3c6cdcf5221cd875a4b1/elements - {"using":"xpath","value":"//bdi[text()=\"OK\"]"}
RESULT: {"using":"xpath","value":"//bdi[text()=\"OK\"]"}
COMMAND: POST /session/3c28004edfbf3c6cdcf5221cd875a4b1/elements - {"using":"xpath","value":"//bdi[text()=\"OK\"]"}
RESULT: {"using":"xpath","value":"//bdi[text()=\"OK\"]"}
COMMAND: POST /session/3c28004edfbf3c6cdcf5221cd875a4b1/elements - {"using":"xpath","value":"//bdi[text()=\"OK\"]"}
RESULT: {"using":"xpath","value":"//bdi[text()=\"OK\"]"}
COMMAND: POST /session/3c28004edfbf3c6cdcf5221cd875a4b1/elements - {"using":"xpath","value":"//bdi[text()=\"OK\"]"}
RESULT: {"using":"xpath","value":"//bdi[text()=\"OK\"]"}
COMMAND: POST /session/3c28004edfbf3c6cdcf5221cd875a4b1/elements - {"using":"xpath","value":"//bdi[text()=\"OK\"]"}
COMMAND: POST /session/3c28004edfbf3c6cdcf5221cd875a4b1/element - {"using":"xpath","value":"//bdi[text()=\"OK\"]"}
RESULT: {"using":"xpath","value":"//bdi[text()=\"OK\"]"}
RESULT: {"using":"xpath","value":"//bdi[text()=\"OK\"]"}
COMMAND: POST /session/3c28004edfbf3c6cdcf5221cd875a4b1/elements - {"using":"xpath","value":"//bdi[text()=\"OK\"]"}
RESULT: {"using":"xpath","value":"//bdi[text()=\"OK\"]"}
COMMAND: POST /session/3c28004edfbf3c6cdcf5221cd875a4b1/elements - {"using":"xpath","value":"//bdi[text()=\"OK\"]"}
RESULT: {"using":"xpath","value":"//bdi[text()=\"OK\"]"}
COMMAND: POST /session/3c28004edfbf3c6cdcf5221cd875a4b1/elements - {"using":"xpath","value":"//bdi[text()=\"OK\"]"}
RESULT: {"using":"xpath","value":"//bdi[text()=\"OK\"]"}
COMMAND: POST /session/3c28004edfbf3c6cdcf5221cd875a4b1/elements - {"using":"xpath","value":"//bdi[text()=\"OK\"]"}
RESULT: {"using":"xpath","value":"//bdi[text()=\"OK\"]"}
COMMAND: POST /session/3c28004edfbf3c6cdcf5221cd875a4b1/elements - {"using":"xpath","value":"//bdi[text()=\"OK\"]"}
RESULT: {"using":"xpath","value":"//bdi[text()=\"OK\"]"}
COMMAND: POST /session/3c28004edfbf3c6cdcf5221cd875a4b1/elements - {"using":"xpath","value":"//bdi[text()=\"OK\"]"}
RESULT: {"using":"xpath","value":"//bdi[text()=\"OK\"]"}
COMMAND: POST /session/3c28004edfbf3c6cdcf5221cd875a4b1/elements - {"using":"xpath","value":"//bdi[text()=\"OK\"]"}
RESULT: {"using":"xpath","value":"//bdi[text()=\"OK\"]"}
COMMAND: POST /session/3c28004edfbf3c6cdcf5221cd875a4b1/elements - {"using":"xpath","value":"//bdi[text()=\"OK\"]"}
RESULT: {"using":"xpath","value":"//bdi[text()=\"OK\"]"}
COMMAND: POST /session/3c28004edfbf3c6cdcf5221cd875a4b1/elements - {"using":"xpath","value":"//bdi[text()=\"OK\"]"}
RESULT: {"using":"xpath","value":"//bdi[text()=\"OK\"]"}
COMMAND: POST /session/3c28004edfbf3c6cdcf5221cd875a4b1/elements - {"using":"xpath","value":"//bdi[text()=\"OK\"]"}
RESULT: {"using":"xpath","value":"//bdi[text()=\"OK\"]"}
COMMAND: POST /session/3c28004edfbf3c6cdcf5221cd875a4b1/elements - {"using":"xpath","value":"//bdi[text()=\"OK\"]"}
RESULT: {"using":"xpath","value":"//bdi[text()=\"OK\"]"}
COMMAND: POST /session/3c28004edfbf3c6cdcf5221cd875a4b1/elements - {"using":"xpath","value":"//bdi[text()=\"OK\"]"}
RESULT: {"using":"xpath","value":"//bdi[text()=\"OK\"]"}
COMMAND: POST /session/3c28004edfbf3c6cdcf5221cd875a4b1/elements - {"using":"xpath","value":"//bdi[text()=\"OK\"]"}
RESULT: {"using":"xpath","value":"//bdi[text()=\"OK\"]"}
COMMAND: POST /session/3c28004edfbf3c6cdcf5221cd875a4b1/elements - {"using":"xpath","value":"//bdi[text()=\"OK\"]"}
RESULT: {"using":"xpath","value":"//bdi[text()=\"OK\"]"}
COMMAND: POST /session/3c28004edfbf3c6cdcf5221cd875a4b1/elements - {"using":"xpath","value":"//bdi[text()=\"OK\"]"}
RESULT: {"using":"xpath","value":"//bdi[text()=\"OK\"]"}
COMMAND: POST /session/3c28004edfbf3c6cdcf5221cd875a4b1/elements - {"using":"xpath","value":"//bdi[text()=\"OK\"]"}
RESULT: {"using":"xpath","value":"//bdi[text()=\"OK\"]"}
COMMAND: POST /session/3c28004edfbf3c6cdcf5221cd875a4b1/elements - {"using":"xpath","value":"//bdi[text()=\"OK\"]"}
RESULT: {"using":"xpath","value":"//bdi[text()=\"OK\"]"}
COMMAND: POST /session/3c28004edfbf3c6cdcf5221cd875a4b1/elements - {"using":"xpath","value":"//bdi[text()=\"OK\"]"}
RESULT: {"using":"xpath","value":"//bdi[text()=\"OK\"]"}
COMMAND: POST /session/3c28004edfbf3c6cdcf5221cd875a4b1/elements - {"using":"xpath","value":"//bdi[text()=\"OK\"]"}
RESULT: {"using":"xpath","value":"//bdi[text()=\"OK\"]"}
COMMAND: POST /session/3c28004edfbf3c6cdcf5221cd875a4b1/elements - {"using":"xpath","value":"//bdi[text()=\"OK\"]"}
RESULT: {"using":"xpath","value":"//bdi[text()=\"OK\"]"}
COMMAND: POST /session/3c28004edfbf3c6cdcf5221cd875a4b1/elements - {"using":"xpath","value":"//bdi[text()=\"OK\"]"}
RESULT: {"using":"xpath","value":"//bdi[text()=\"OK\"]"}
COMMAND: POST /session/3c28004edfbf3c6cdcf5221cd875a4b1/elements - {"using":"xpath","value":"//bdi[text()=\"OK\"]"}
RESULT: {"using":"xpath","value":"//bdi[text()=\"OK\"]"}
COMMAND: POST /session/3c28004edfbf3c6cdcf5221cd875a4b1/elements - {"using":"xpath","value":"//bdi[text()=\"OK\"]"}
RESULT: {"using":"xpath","value":"//bdi[text()=\"OK\"]"}
COMMAND: POST /session/3c28004edfbf3c6cdcf5221cd875a4b1/elements - {"using":"xpath","value":"//bdi[text()=\"OK\"]"}
RESULT: {"using":"xpath","value":"//bdi[text()=\"OK\"]"}
COMMAND: POST /session/3c28004edfbf3c6cdcf5221cd875a4b1/elements - {"using":"xpath","value":"//bdi[text()=\"OK\"]"}
RESULT: {"using":"xpath","value":"//bdi[text()=\"OK\"]"}
COMMAND: POST /session/3c28004edfbf3c6cdcf5221cd875a4b1/elements - {"using":"xpath","value":"//bdi[text()=\"OK\"]"}
RESULT: {"using":"xpath","value":"//bdi[text()=\"OK\"]"}
COMMAND: POST /session/3c28004edfbf3c6cdcf5221cd875a4b1/elements - {"using":"xpath","value":"//bdi[text()=\"OK\"]"}
RESULT: {"using":"xpath","value":"//bdi[text()=\"OK\"]"}
COMMAND: POST /session/3c28004edfbf3c6cdcf5221cd875a4b1/elements - {"using":"xpath","value":"//bdi[text()=\"OK\"]"}
RESULT: {"using":"xpath","value":"//bdi[text()=\"OK\"]"}
COMMAND: POST /session/3c28004edfbf3c6cdcf5221cd875a4b1/elements - {"using":"xpath","value":"//bdi[text()=\"OK\"]"}
RESULT: {"using":"xpath","value":"//bdi[text()=\"OK\"]"}
COMMAND: POST /session/3c28004edfbf3c6cdcf5221cd875a4b1/elements - {"using":"xpath","value":"//bdi[text()=\"OK\"]"}
RESULT: {"using":"xpath","value":"//bdi[text()=\"OK\"]"}
COMMAND: POST /session/3c28004edfbf3c6cdcf5221cd875a4b1/elements - {"using":"xpath","value":"//bdi[text()=\"OK\"]"}
RESULT: {"using":"xpath","value":"//bdi[text()=\"OK\"]"}
COMMAND: POST /session/3c28004edfbf3c6cdcf5221cd875a4b1/elements - {"using":"xpath","value":"//bdi[text()=\"OK\"]"}
RESULT: {"using":"xpath","value":"//bdi[text()=\"OK\"]"}
COMMAND: POST /session/3c28004edfbf3c6cdcf5221cd875a4b1/elements - {"using":"xpath","value":"//bdi[text()=\"OK\"]"}
RESULT: {"using":"xpath","value":"//bdi[text()=\"OK\"]"}
COMMAND: POST /session/3c28004edfbf3c6cdcf5221cd875a4b1/elements - {"using":"xpath","value":"//bdi[text()=\"OK\"]"}
RESULT: {"using":"xpath","value":"//bdi[text()=\"OK\"]"}
COMMAND: POST /session/3c28004edfbf3c6cdcf5221cd875a4b1/elements - {"using":"xpath","value":"//bdi[text()=\"OK\"]"}
RESULT: {"using":"xpath","value":"//bdi[text()=\"OK\"]"}
COMMAND: POST /session/3c28004edfbf3c6cdcf5221cd875a4b1/elements - {"using":"xpath","value":"//bdi[text()=\"OK\"]"}
RESULT: {"using":"xpath","value":"//bdi[text()=\"OK\"]"}
COMMAND: POST /session/3c28004edfbf3c6cdcf5221cd875a4b1/elements - {"using":"xpath","value":"//bdi[text()=\"OK\"]"}
RESULT: {"using":"xpath","value":"//bdi[text()=\"OK\"]"}
COMMAND: POST /session/3c28004edfbf3c6cdcf5221cd875a4b1/elements - {"using":"xpath","value":"//bdi[text()=\"OK\"]"}
RESULT: {"using":"xpath","value":"//bdi[text()=\"OK\"]"}
COMMAND: POST /session/3c28004edfbf3c6cdcf5221cd875a4b1/elements - {"using":"xpath","value":"//bdi[text()=\"OK\"]"}
RESULT: {"using":"xpath","value":"//bdi[text()=\"OK\"]"}
COMMAND: POST /session/3c28004edfbf3c6cdcf5221cd875a4b1/elements - {"using":"xpath","value":"//bdi[text()=\"OK\"]"}
RESULT: {"using":"xpath","value":"//bdi[text()=\"OK\"]"}
COMMAND: POST /session/3c28004edfbf3c6cdcf5221cd875a4b1/elements - {"using":"xpath","value":"//bdi[text()=\"OK\"]"}
RESULT: {"using":"xpath","value":"//bdi[text()=\"OK\"]"}
COMMAND: POST /session/3c28004edfbf3c6cdcf5221cd875a4b1/elements - {"using":"xpath","value":"//bdi[text()=\"OK\"]"}
RESULT: {"using":"xpath","value":"//bdi[text()=\"OK\"]"}
COMMAND: POST /session/3c28004edfbf3c6cdcf5221cd875a4b1/elements - {"using":"xpath","value":"//bdi[text()=\"OK\"]"}
RESULT: {"using":"xpath","value":"//bdi[text()=\"OK\"]"}
COMMAND: POST /session/3c28004edfbf3c6cdcf5221cd875a4b1/elements - {"using":"xpath","value":"//bdi[text()=\"OK\"]"}
RESULT: {"using":"xpath","value":"//bdi[text()=\"OK\"]"}
COMMAND: POST /session/3c28004edfbf3c6cdcf5221cd875a4b1/elements - {"using":"xpath","value":"//bdi[text()=\"OK\"]"}
RESULT: {"using":"xpath","value":"//bdi[text()=\"OK\"]"}
COMMAND: POST /session/3c28004edfbf3c6cdcf5221cd875a4b1/elements - {"using":"xpath","value":"//bdi[text()=\"OK\"]"}
RESULT: {"using":"xpath","value":"//bdi[text()=\"OK\"]"}
COMMAND: POST /session/3c28004edfbf3c6cdcf5221cd875a4b1/elements - {"using":"xpath","value":"//bdi[text()=\"OK\"]"}
RESULT: {"using":"xpath","value":"//bdi[text()=\"OK\"]"}
COMMAND: POST /session/3c28004edfbf3c6cdcf5221cd875a4b1/elements - {"using":"xpath","value":"//bdi[text()=\"OK\"]"}
RESULT: {"using":"xpath","value":"//bdi[text()=\"OK\"]"}
COMMAND: POST /session/3c28004edfbf3c6cdcf5221cd875a4b1/elements - {"using":"xpath","value":"//bdi[text()=\"OK\"]"}
RESULT: {"using":"xpath","value":"//bdi[text()=\"OK\"]"}
COMMAND: POST /session/3c28004edfbf3c6cdcf5221cd875a4b1/elements - {"using":"xpath","value":"//bdi[text()=\"OK\"]"}
RESULT: {"using":"xpath","value":"//bdi[text()=\"OK\"]"}
COMMAND: POST /session/3c28004edfbf3c6cdcf5221cd875a4b1/elements - {"using":"xpath","value":"//bdi[text()=\"OK\"]"}
RESULT: {"using":"xpath","value":"//bdi[text()=\"OK\"]"}
COMMAND: POST /session/3c28004edfbf3c6cdcf5221cd875a4b1/elements - {"using":"xpath","value":"//bdi[text()=\"OK\"]"}
RESULT: {"using":"xpath","value":"//bdi[text()=\"OK\"]"}
COMMAND: POST /session/3c28004edfbf3c6cdcf5221cd875a4b1/elements - {"using":"xpath","value":"//bdi[text()=\"OK\"]"}
RESULT: {"using":"xpath","value":"//bdi[text()=\"OK\"]"}
COMMAND: POST /session/3c28004edfbf3c6cdcf5221cd875a4b1/elements - {"using":"xpath","value":"//bdi[text()=\"OK\"]"}
RESULT: {"using":"xpath","value":"//bdi[text()=\"OK\"]"}
COMMAND: POST /session/3c28004edfbf3c6cdcf5221cd875a4b1/elements - {"using":"xpath","value":"//bdi[text()=\"OK\"]"}
RESULT: {"using":"xpath","value":"//bdi[text()=\"OK\"]"}
COMMAND: POST /session/3c28004edfbf3c6cdcf5221cd875a4b1/elements - {"using":"xpath","value":"//bdi[text()=\"OK\"]"}
RESULT: {"using":"xpath","value":"//bdi[text()=\"OK\"]"}
COMMAND: POST /session/3c28004edfbf3c6cdcf5221cd875a4b1/elements - {"using":"xpath","value":"//bdi[text()=\"OK\"]"}
RESULT: {"using":"xpath","value":"//bdi[text()=\"OK\"]"}
COMMAND: POST /session/3c28004edfbf3c6cdcf5221cd875a4b1/elements - {"using":"xpath","value":"//bdi[text()=\"OK\"]"}
RESULT: {"using":"xpath","value":"//bdi[text()=\"OK\"]"}
COMMAND: POST /session/3c28004edfbf3c6cdcf5221cd875a4b1/elements - {"using":"xpath","value":"//bdi[text()=\"OK\"]"}
RESULT: {"using":"xpath","value":"//bdi[text()=\"OK\"]"}
COMMAND: POST /session/3c28004edfbf3c6cdcf5221cd875a4b1/elements - {"using":"xpath","value":"//bdi[text()=\"OK\"]"}
RESULT: {"using":"xpath","value":"//bdi[text()=\"OK\"]"}
COMMAND: POST /session/3c28004edfbf3c6cdcf5221cd875a4b1/elements - {"using":"xpath","value":"//bdi[text()=\"OK\"]"}
RESULT: {"using":"xpath","value":"//bdi[text()=\"OK\"]"}
COMMAND: POST /session/3c28004edfbf3c6cdcf5221cd875a4b1/elements - {"using":"xpath","value":"//bdi[text()=\"OK\"]"}
RESULT: {"using":"xpath","value":"//bdi[text()=\"OK\"]"}
COMMAND: POST /session/3c28004edfbf3c6cdcf5221cd875a4b1/elements - {"using":"xpath","value":"//bdi[text()=\"OK\"]"}
RESULT: {"using":"xpath","value":"//bdi[text()=\"OK\"]"}
COMMAND: POST /session/3c28004edfbf3c6cdcf5221cd875a4b1/elements - {"using":"xpath","value":"//bdi[text()=\"OK\"]"}
RESULT: {"using":"xpath","value":"//bdi[text()=\"OK\"]"}
COMMAND: POST /session/3c28004edfbf3c6cdcf5221cd875a4b1/elements - {"using":"xpath","value":"//bdi[text()=\"OK\"]"}
RESULT: {"using":"xpath","value":"//bdi[text()=\"OK\"]"}
COMMAND: POST /session/3c28004edfbf3c6cdcf5221cd875a4b1/elements - {"using":"xpath","value":"//bdi[text()=\"OK\"]"}
RESULT: {"using":"xpath","value":"//bdi[text()=\"OK\"]"}
COMMAND: POST /session/3c28004edfbf3c6cdcf5221cd875a4b1/elements - {"using":"xpath","value":"//bdi[text()=\"OK\"]"}
RESULT: {"using":"xpath","value":"//bdi[text()=\"OK\"]"}
COMMAND: POST /session/3c28004edfbf3c6cdcf5221cd875a4b1/elements - {"using":"xpath","value":"//bdi[text()=\"OK\"]"}
RESULT: {"using":"xpath","value":"//bdi[text()=\"OK\"]"}
COMMAND: POST /session/3c28004edfbf3c6cdcf5221cd875a4b1/elements - {"using":"xpath","value":"//bdi[text()=\"OK\"]"}
RESULT: {"using":"xpath","value":"//bdi[text()=\"OK\"]"}
COMMAND: POST /session/3c28004edfbf3c6cdcf5221cd875a4b1/elements - {"using":"xpath","value":"//bdi[text()=\"OK\"]"}
RESULT: {"using":"xpath","value":"//bdi[text()=\"OK\"]"}
COMMAND: POST /session/3c28004edfbf3c6cdcf5221cd875a4b1/elements - {"using":"xpath","value":"//bdi[text()=\"OK\"]"}
RESULT: {"using":"xpath","value":"//bdi[text()=\"OK\"]"}
COMMAND: POST /session/3c28004edfbf3c6cdcf5221cd875a4b1/elements - {"using":"xpath","value":"//bdi[text()=\"OK\"]"}
RESULT: {"using":"xpath","value":"//bdi[text()=\"OK\"]"}
COMMAND: POST /session/3c28004edfbf3c6cdcf5221cd875a4b1/elements - {"using":"xpath","value":"//bdi[text()=\"OK\"]"}
RESULT: {"using":"xpath","value":"//bdi[text()=\"OK\"]"}
COMMAND: POST /session/3c28004edfbf3c6cdcf5221cd875a4b1/elements - {"using":"xpath","value":"//bdi[text()=\"OK\"]"}
RESULT: {"using":"xpath","value":"//bdi[text()=\"OK\"]"}
COMMAND: POST /session/3c28004edfbf3c6cdcf5221cd875a4b1/elements - {"using":"xpath","value":"//bdi[text()=\"OK\"]"}
RESULT: {"using":"xpath","value":"//bdi[text()=\"OK\"]"}
COMMAND: POST /session/3c28004edfbf3c6cdcf5221cd875a4b1/elements - {"using":"xpath","value":"//bdi[text()=\"OK\"]"}
RESULT: {"using":"xpath","value":"//bdi[text()=\"OK\"]"}
COMMAND: POST /session/3c28004edfbf3c6cdcf5221cd875a4b1/elements - {"using":"xpath","value":"//bdi[text()=\"OK\"]"}
RESULT: {"using":"xpath","value":"//bdi[text()=\"OK\"]"}
COMMAND: POST /session/3c28004edfbf3c6cdcf5221cd875a4b1/elements - {"using":"xpath","value":"//bdi[text()=\"OK\"]"}
RESULT: {"using":"xpath","value":"//bdi[text()=\"OK\"]"}
COMMAND: POST /session/3c28004edfbf3c6cdcf5221cd875a4b1/elements - {"using":"xpath","value":"//bdi[text()=\"OK\"]"}
RESULT: {"using":"xpath","value":"//bdi[text()=\"OK\"]"}
COMMAND: POST /session/3c28004edfbf3c6cdcf5221cd875a4b1/elements - {"using":"xpath","value":"//bdi[text()=\"OK\"]"}
RESULT: {"using":"xpath","value":"//bdi[text()=\"OK\"]"}
COMMAND: POST /session/3c28004edfbf3c6cdcf5221cd875a4b1/elements - {"using":"xpath","value":"//bdi[text()=\"OK\"]"}
RESULT: {"using":"xpath","value":"//bdi[text()=\"OK\"]"}
COMMAND: POST /session/3c28004edfbf3c6cdcf5221cd875a4b1/elements - {"using":"xpath","value":"//bdi[text()=\"OK\"]"}
RESULT: {"using":"xpath","value":"//bdi[text()=\"OK\"]"}
COMMAND: POST /session/3c28004edfbf3c6cdcf5221cd875a4b1/elements - {"using":"xpath","value":"//bdi[text()=\"OK\"]"}
RESULT: {"using":"xpath","value":"//bdi[text()=\"OK\"]"}
COMMAND: POST /session/3c28004edfbf3c6cdcf5221cd875a4b1/elements - {"using":"xpath","value":"//bdi[text()=\"OK\"]"}
RESULT: {"using":"xpath","value":"//bdi[text()=\"OK\"]"}
COMMAND: POST /session/3c28004edfbf3c6cdcf5221cd875a4b1/elements - {"using":"xpath","value":"//bdi[text()=\"OK\"]"}
RESULT: {"using":"xpath","value":"//bdi[text()=\"OK\"]"}
COMMAND: POST /session/3c28004edfbf3c6cdcf5221cd875a4b1/elements - {"using":"xpath","value":"//bdi[text()=\"OK\"]"}
RESULT: {"using":"xpath","value":"//bdi[text()=\"OK\"]"}
COMMAND: POST /session/3c28004edfbf3c6cdcf5221cd875a4b1/elements - {"using":"xpath","value":"//bdi[text()=\"OK\"]"}
RESULT: {"using":"xpath","value":"//bdi[text()=\"OK\"]"}
COMMAND: POST /session/3c28004edfbf3c6cdcf5221cd875a4b1/elements - {"using":"xpath","value":"//bdi[text()=\"OK\"]"}
RESULT: {"using":"xpath","value":"//bdi[text()=\"OK\"]"}
COMMAND: POST /session/3c28004edfbf3c6cdcf5221cd875a4b1/elements - {"using":"xpath","value":"//bdi[text()=\"OK\"]"}
RESULT: {"using":"xpath","value":"//bdi[text()=\"OK\"]"}
COMMAND: POST /session/3c28004edfbf3c6cdcf5221cd875a4b1/elements - {"using":"xpath","value":"//bdi[text()=\"OK\"]"}
RESULT: {"using":"xpath","value":"//bdi[text()=\"OK\"]"}
COMMAND: POST /session/3c28004edfbf3c6cdcf5221cd875a4b1/elements - {"using":"xpath","value":"//bdi[text()=\"OK\"]"}
RESULT: {"using":"xpath","value":"//bdi[text()=\"OK\"]"}
COMMAND: POST /session/3c28004edfbf3c6cdcf5221cd875a4b1/elements - {"using":"xpath","value":"//bdi[text()=\"OK\"]"}
RESULT: {"using":"xpath","value":"//bdi[text()=\"OK\"]"}
COMMAND: POST /session/3c28004edfbf3c6cdcf5221cd875a4b1/elements - {"using":"xpath","value":"//bdi[text()=\"OK\"]"}
RESULT: {"using":"xpath","value":"//bdi[text()=\"OK\"]"}
COMMAND: POST /session/3c28004edfbf3c6cdcf5221cd875a4b1/elements - {"using":"xpath","value":"//bdi[text()=\"OK\"]"}
RESULT: {"using":"xpath","value":"//bdi[text()=\"OK\"]"}
COMMAND: POST /session/3c28004edfbf3c6cdcf5221cd875a4b1/elements - {"using":"xpath","value":"//bdi[text()=\"OK\"]"}
RESULT: {"using":"xpath","value":"//bdi[text()=\"OK\"]"}
COMMAND: POST /session/3c28004edfbf3c6cdcf5221cd875a4b1/elements - {"using":"xpath","value":"//bdi[text()=\"OK\"]"}
RESULT: {"using":"xpath","value":"//bdi[text()=\"OK\"]"}
COMMAND: POST /session/3c28004edfbf3c6cdcf5221cd875a4b1/elements - {"using":"xpath","value":"//bdi[text()=\"OK\"]"}
RESULT: {"using":"xpath","value":"//bdi[text()=\"OK\"]"}
COMMAND: POST /session/3c28004edfbf3c6cdcf5221cd875a4b1/elements - {"using":"xpath","value":"//bdi[text()=\"OK\"]"}
RESULT: {"using":"xpath","value":"//bdi[text()=\"OK\"]"}
COMMAND: POST /session/3c28004edfbf3c6cdcf5221cd875a4b1/elements - {"using":"xpath","value":"//bdi[text()=\"OK\"]"}
RESULT: {"using":"xpath","value":"//bdi[text()=\"OK\"]"}
COMMAND: POST /session/3c28004edfbf3c6cdcf5221cd875a4b1/elements - {"using":"xpath","value":"//bdi[text()=\"OK\"]"}
RESULT: {"using":"xpath","value":"//bdi[text()=\"OK\"]"}
COMMAND: POST /session/3c28004edfbf3c6cdcf5221cd875a4b1/elements - {"using":"xpath","value":"//bdi[text()=\"OK\"]"}
RESULT: {"using":"xpath","value":"//bdi[text()=\"OK\"]"}
COMMAND: POST /session/3c28004edfbf3c6cdcf5221cd875a4b1/elements - {"using":"xpath","value":"//bdi[text()=\"OK\"]"}
RESULT: {"using":"xpath","value":"//bdi[text()=\"OK\"]"}
COMMAND: POST /session/3c28004edfbf3c6cdcf5221cd875a4b1/elements - {"using":"xpath","value":"//bdi[text()=\"OK\"]"}
RESULT: {"using":"xpath","value":"//bdi[text()=\"OK\"]"}
COMMAND: POST /session/3c28004edfbf3c6cdcf5221cd875a4b1/elements - {"using":"xpath","value":"//bdi[text()=\"OK\"]"}
RESULT: {"using":"xpath","value":"//bdi[text()=\"OK\"]"}
COMMAND: POST /session/3c28004edfbf3c6cdcf5221cd875a4b1/elements - {"using":"xpath","value":"//bdi[text()=\"OK\"]"}
RESULT: {"using":"xpath","value":"//bdi[text()=\"OK\"]"}
COMMAND: POST /session/3c28004edfbf3c6cdcf5221cd875a4b1/elements - {"using":"xpath","value":"//bdi[text()=\"OK\"]"}
RESULT: {"using":"xpath","value":"//bdi[text()=\"OK\"]"}
COMMAND: POST /session/3c28004edfbf3c6cdcf5221cd875a4b1/elements - {"using":"xpath","value":"//bdi[text()=\"OK\"]"}
RESULT: {"using":"xpath","value":"//bdi[text()=\"OK\"]"}
COMMAND: POST /session/3c28004edfbf3c6cdcf5221cd875a4b1/elements - {"using":"xpath","value":"//bdi[text()=\"OK\"]"}
RESULT: {"using":"xpath","value":"//bdi[text()=\"OK\"]"}
COMMAND: POST /session/3c28004edfbf3c6cdcf5221cd875a4b1/elements - {"using":"xpath","value":"//bdi[text()=\"OK\"]"}
RESULT: {"using":"xpath","value":"//bdi[text()=\"OK\"]"}
COMMAND: POST /session/3c28004edfbf3c6cdcf5221cd875a4b1/elements - {"using":"xpath","value":"//bdi[text()=\"OK\"]"}
RESULT: {"using":"xpath","value":"//bdi[text()=\"OK\"]"}
COMMAND: POST /session/3c28004edfbf3c6cdcf5221cd875a4b1/elements - {"using":"xpath","value":"//bdi[text()=\"OK\"]"}
RESULT: {"using":"xpath","value":"//bdi[text()=\"OK\"]"}
COMMAND: POST /session/3c28004edfbf3c6cdcf5221cd875a4b1/elements - {"using":"xpath","value":"//bdi[text()=\"OK\"]"}
RESULT: {"using":"xpath","value":"//bdi[text()=\"OK\"]"}
COMMAND: POST /session/3c28004edfbf3c6cdcf5221cd875a4b1/elements - {"using":"xpath","value":"//bdi[text()=\"OK\"]"}
RESULT: {"using":"xpath","value":"//bdi[text()=\"OK\"]"}
COMMAND: POST /session/3c28004edfbf3c6cdcf5221cd875a4b1/elements - {"using":"xpath","value":"//bdi[text()=\"OK\"]"}
RESULT: {"using":"xpath","value":"//bdi[text()=\"OK\"]"}
COMMAND: POST /session/3c28004edfbf3c6cdcf5221cd875a4b1/elements - {"using":"xpath","value":"//bdi[text()=\"OK\"]"}
RESULT: {"using":"xpath","value":"//bdi[text()=\"OK\"]"}
COMMAND: POST /session/3c28004edfbf3c6cdcf5221cd875a4b1/elements - {"using":"xpath","value":"//bdi[text()=\"OK\"]"}
RESULT: {"using":"xpath","value":"//bdi[text()=\"OK\"]"}
COMMAND: POST /session/3c28004edfbf3c6cdcf5221cd875a4b1/elements - {"using":"xpath","value":"//bdi[text()=\"OK\"]"}
RESULT: {"using":"xpath","value":"//bdi[text()=\"OK\"]"}
COMMAND: POST /session/3c28004edfbf3c6cdcf5221cd875a4b1/elements - {"using":"xpath","value":"//bdi[text()=\"OK\"]"}
RESULT: {"using":"xpath","value":"//bdi[text()=\"OK\"]"}
COMMAND: POST /session/3c28004edfbf3c6cdcf5221cd875a4b1/elements - {"using":"xpath","value":"//bdi[text()=\"OK\"]"}
RESULT: {"using":"xpath","value":"//bdi[text()=\"OK\"]"}
COMMAND: POST /session/3c28004edfbf3c6cdcf5221cd875a4b1/elements - {"using":"xpath","value":"//bdi[text()=\"OK\"]"}
RESULT: {"using":"xpath","value":"//bdi[text()=\"OK\"]"}
COMMAND: POST /session/3c28004edfbf3c6cdcf5221cd875a4b1/elements - {"using":"xpath","value":"//bdi[text()=\"OK\"]"}
RESULT: {"using":"xpath","value":"//bdi[text()=\"OK\"]"}
COMMAND: POST /session/3c28004edfbf3c6cdcf5221cd875a4b1/execute/async - {"script":"<script> [1562 bytes]","args":[{"selector":{"id":"application-manageresources-display-component---newResourceUnit--TYPE-arrow"},"wdio_ui5_key":"applicationmanageresources-display-component---newResourceUnit--TYPE-arrow"}]}
RESULT: {"script":"<script> [1562 bytes]","args":[{"selector":{"id":"application-manageresources-display-component---newResourceUnit--TYPE-arrow"},"wdio_ui5_key":"applicationmanageresources-display-component---newResourceUnit--TYPE-arrow"}]}
RESULT: undefined
COMMAND: POST /session/3c28004edfbf3c6cdcf5221cd875a4b1/element - {"using":"xpath","value":"//*[@id=\"application-manageresources-display-component---newResourceUnit--TYPE-arrow\"]"}
RESULT: {"using":"xpath","value":"//*[@id=\"application-manageresources-display-component---newResourceUnit--TYPE-arrow\"]"}
COMMAND: POST /session/3c28004edfbf3c6cdcf5221cd875a4b1/element/f.B144892EA8D4B745C91A45796582BC5B.d.AF6E9F9D218B2F97DF725F87A249D5D7.e.7635/click - {}
RESULT: {}
COMMAND: POST /session/3c28004edfbf3c6cdcf5221cd875a4b1/execute/async - {"script":"<script> [1562 bytes]","args":[{"selector":{"controlType":"sap.m.StandardListItem","viewName":"reusables.view.manageresources.NewResourceUnit","viewId":"application-manageresources-display-component---newResourceUnit","properties":{"title":"Material"},"searchOpenDialogs":true,"interaction":{"idSuffix":"titleText"}},"wdio_ui5_key":"reusablesview.manageresources.NewResourceUnitsap.m.StandardListItem{\"title\":\"Material\"}"}]}
COMMAND: GET /session/3c28004edfbf3c6cdcf5221cd875a4b1/screenshot - {}
RESULT: {"script":"<script> [1562 bytes]","args":[{"selector":{"controlType":"sap.m.StandardListItem","viewName":"reusables.view.manageresources.NewResourceUnit","viewId":"application-manageresources-display-component---newResourceUnit","properties":{"title":"Material"},"searchOpenDialogs":true,"interaction":{"idSuffix":"titleText"}},"wdio_ui5_key":"reusablesview.manageresources.NewResourceUnitsap.m.StandardListItem{\"title\":\"Material\"}"}]}
RESULT: undefined
COMMAND: POST /session/3c28004edfbf3c6cdcf5221cd875a4b1/element - {"using":"xpath","value":"//*[@id=\"__item143\"]"}
RESULT: {}
RESULT: {"using":"xpath","value":"//*[@id=\"__item143\"]"}
COMMAND: POST /session/3c28004edfbf3c6cdcf5221cd875a4b1/element/f.B144892EA8D4B745C91A45796582BC5B.d.AF6E9F9D218B2F97DF725F87A249D5D7.e.7638/click - {}
RESULT: {}
COMMAND: POST /session/3c28004edfbf3c6cdcf5221cd875a4b1/execute/async - {"script":"<script> [1562 bytes]","args":[{"selector":{"id":"application-manageresources-display-component---newResourceUnit--SHORT_TEXT","interaction":{"idSuffix":"inner"}},"wdio_ui5_key":"applicationmanageresources-display-component---newResourceUnit--SHORT_TEXT"}]}
COMMAND: GET /session/3c28004edfbf3c6cdcf5221cd875a4b1/screenshot - {}
RESULT: {}
RESULT: {"script":"<script> [1562 bytes]","args":[{"selector":{"id":"application-manageresources-display-component---newResourceUnit--SHORT_TEXT","interaction":{"idSuffix":"inner"}},"wdio_ui5_key":"applicationmanageresources-display-component---newResourceUnit--SHORT_TEXT"}]}
RESULT: undefined
COMMAND: POST /session/3c28004edfbf3c6cdcf5221cd875a4b1/execute/async - {"script":"<script> [776 bytes]","args":[{"enterText":"WebdriverWHM_RU R2Coar2qk","selector":{"id":"application-manageresources-display-component---newResourceUnit--SHORT_TEXT","interaction":{"idSuffix":"inner"}},"clearTextFirst":true,"interactionType":"ENTER_TEXT"}]}
RESULT: {"script":"<script> [776 bytes]","args":[{"enterText":"WebdriverWHM_RU R2Coar2qk","selector":{"id":"application-manageresources-display-component---newResourceUnit--SHORT_TEXT","interaction":{"idSuffix":"inner"}},"clearTextFirst":true,"interactionType":"ENTER_TEXT"}]}
COMMAND: POST /session/3c28004edfbf3c6cdcf5221cd875a4b1/execute/async - {"script":"<script> [1562 bytes]","args":[{"selector":{"id":"application-manageresources-display-component---newResourceUnit--BASE_UNIT_OF_MEASURE-arrow"},"wdio_ui5_key":"applicationmanageresources-display-component---newResourceUnit--BASE_UNIT_OF_MEASURE-arrow"}]}
RESULT: {"script":"<script> [1562 bytes]","args":[{"selector":{"id":"application-manageresources-display-component---newResourceUnit--BASE_UNIT_OF_MEASURE-arrow"},"wdio_ui5_key":"applicationmanageresources-display-component---newResourceUnit--BASE_UNIT_OF_MEASURE-arrow"}]}
RESULT: undefined
COMMAND: POST /session/3c28004edfbf3c6cdcf5221cd875a4b1/element - {"using":"xpath","value":"//*[@id=\"application-manageresources-display-component---newResourceUnit--BASE_UNIT_OF_MEASURE-arrow\"]"}
RESULT: {"using":"xpath","value":"//*[@id=\"application-manageresources-display-component---newResourceUnit--BASE_UNIT_OF_MEASURE-arrow\"]"}
COMMAND: POST /session/3c28004edfbf3c6cdcf5221cd875a4b1/element/f.B144892EA8D4B745C91A45796582BC5B.d.AF6E9F9D218B2F97DF725F87A249D5D7.e.7696/click - {}
RESULT: {}
COMMAND: POST /session/3c28004edfbf3c6cdcf5221cd875a4b1/execute/async - {"script":"<script> [1562 bytes]","args":[{"selector":{"controlType":"sap.m.StandardListItem","viewName":"reusables.view.manageresources.NewResourceUnit","viewId":"application-manageresources-display-component---newResourceUnit","properties":{"title":"Piece"},"searchOpenDialogs":true,"interaction":{"idSuffix":"content"}},"wdio_ui5_key":"reusablesview.manageresources.NewResourceUnitsap.m.StandardListItem{\"title\":\"Piece\"}"}]}
COMMAND: GET /session/3c28004edfbf3c6cdcf5221cd875a4b1/screenshot - {}
RESULT: {"script":"<script> [1562 bytes]","args":[{"selector":{"controlType":"sap.m.StandardListItem","viewName":"reusables.view.manageresources.NewResourceUnit","viewId":"application-manageresources-display-component---newResourceUnit","properties":{"title":"Piece"},"searchOpenDialogs":true,"interaction":{"idSuffix":"content"}},"wdio_ui5_key":"reusablesview.manageresources.NewResourceUnitsap.m.StandardListItem{\"title\":\"Piece\"}"}]}
RESULT: undefined
COMMAND: POST /session/3c28004edfbf3c6cdcf5221cd875a4b1/element - {"using":"xpath","value":"//*[@id=\"__item187\"]"}
RESULT: {}
RESULT: {"using":"xpath","value":"//*[@id=\"__item187\"]"}
COMMAND: POST /session/3c28004edfbf3c6cdcf5221cd875a4b1/element/f.B144892EA8D4B745C91A45796582BC5B.d.AF6E9F9D218B2F97DF725F87A249D5D7.e.7698/click - {}
RESULT: {}
COMMAND: POST /session/3c28004edfbf3c6cdcf5221cd875a4b1/execute/async - {"script":"<script> [1562 bytes]","args":[{"selector":{"id":"application-manageresources-display-component---newResourceUnit--WEIGHT_UNIT-arrow"},"wdio_ui5_key":"applicationmanageresources-display-component---newResourceUnit--WEIGHT_UNIT-arrow"}]}
COMMAND: GET /session/3c28004edfbf3c6cdcf5221cd875a4b1/screenshot - {}
RESULT: {"script":"<script> [1562 bytes]","args":[{"selector":{"id":"application-manageresources-display-component---newResourceUnit--WEIGHT_UNIT-arrow"},"wdio_ui5_key":"applicationmanageresources-display-component---newResourceUnit--WEIGHT_UNIT-arrow"}]}
RESULT: undefined
COMMAND: POST /session/3c28004edfbf3c6cdcf5221cd875a4b1/element - {"using":"xpath","value":"//*[@id=\"application-manageresources-display-component---newResourceUnit--WEIGHT_UNIT-arrow\"]"}
RESULT: {}
RESULT: {"using":"xpath","value":"//*[@id=\"application-manageresources-display-component---newResourceUnit--WEIGHT_UNIT-arrow\"]"}
COMMAND: POST /session/3c28004edfbf3c6cdcf5221cd875a4b1/element/f.B144892EA8D4B745C91A45796582BC5B.d.AF6E9F9D218B2F97DF725F87A249D5D7.e.7699/click - {}
RESULT: {}
COMMAND: POST /session/3c28004edfbf3c6cdcf5221cd875a4b1/execute/async - {"script":"<script> [1562 bytes]","args":[{"selector":{"controlType":"sap.m.StandardListItem","viewName":"reusables.view.manageresources.NewResourceUnit","viewId":"application-manageresources-display-component---newResourceUnit","properties":{"title":"Gram"},"searchOpenDialogs":true,"interaction":{"idSuffix":"content"}},"wdio_ui5_key":"reusablesview.manageresources.NewResourceUnitsap.m.StandardListItem{\"title\":\"Gram\"}"}]}
COMMAND: GET /session/3c28004edfbf3c6cdcf5221cd875a4b1/screenshot - {}
RESULT: {"script":"<script> [1562 bytes]","args":[{"selector":{"controlType":"sap.m.StandardListItem","viewName":"reusables.view.manageresources.NewResourceUnit","viewId":"application-manageresources-display-component---newResourceUnit","properties":{"title":"Gram"},"searchOpenDialogs":true,"interaction":{"idSuffix":"content"}},"wdio_ui5_key":"reusablesview.manageresources.NewResourceUnitsap.m.StandardListItem{\"title\":\"Gram\"}"}]}
RESULT: undefined
COMMAND: POST /session/3c28004edfbf3c6cdcf5221cd875a4b1/element - {"using":"xpath","value":"//*[@id=\"__item252\"]"}
RESULT: {}
RESULT: {"using":"xpath","value":"//*[@id=\"__item252\"]"}
COMMAND: POST /session/3c28004edfbf3c6cdcf5221cd875a4b1/element/f.B144892EA8D4B745C91A45796582BC5B.d.AF6E9F9D218B2F97DF725F87A249D5D7.e.7701/click - {}
RESULT: {}
COMMAND: GET /session/3c28004edfbf3c6cdcf5221cd875a4b1/screenshot - {}
RESULT: {}
COMMAND: POST /session/3c28004edfbf3c6cdcf5221cd875a4b1/execute/async - {"script":"<script> [1562 bytes]","args":[{"selector":{"id":"application-manageresources-display-component---newResourceUnit--newRRUPage-OPHeaderContent-collapseBtn-img"},"wdio_ui5_key":"applicationmanageresources-display-component---newResourceUnit--newRRUPage-OPHeaderContent-collapseBtn-img"}]}
RESULT: {"script":"<script> [1562 bytes]","args":[{"selector":{"id":"application-manageresources-display-component---newResourceUnit--newRRUPage-OPHeaderContent-collapseBtn-img"},"wdio_ui5_key":"applicationmanageresources-display-component---newResourceUnit--newRRUPage-OPHeaderContent-collapseBtn-img"}]}
RESULT: undefined
COMMAND: POST /session/3c28004edfbf3c6cdcf5221cd875a4b1/element - {"using":"xpath","value":"//*[@id=\"application-manageresources-display-component---newResourceUnit--newRRUPage-OPHeaderContent-collapseBtn-img\"]"}
RESULT: {"using":"xpath","value":"//*[@id=\"application-manageresources-display-component---newResourceUnit--newRRUPage-OPHeaderContent-collapseBtn-img\"]"}
COMMAND: POST /session/3c28004edfbf3c6cdcf5221cd875a4b1/element/f.B144892EA8D4B745C91A45796582BC5B.d.AF6E9F9D218B2F97DF725F87A249D5D7.e.7646/click - {}
RESULT: {}
COMMAND: GET /session/3c28004edfbf3c6cdcf5221cd875a4b1/screenshot - {}
RESULT: {}
COMMAND: POST /session/3c28004edfbf3c6cdcf5221cd875a4b1/element - {"using":"xpath","value":"(//span[contains(@id ,\"application-manageresources-display-component---newResourceUnit--DIMENSION_UNIT-arrow\")])[1]"}
RESULT: {"using":"xpath","value":"(//span[contains(@id ,\"application-manageresources-display-component---newResourceUnit--DIMENSION_UNIT-arrow\")])[1]"}
COMMAND: POST /session/3c28004edfbf3c6cdcf5221cd875a4b1/element/f.B144892EA8D4B745C91A45796582BC5B.d.AF6E9F9D218B2F97DF725F87A249D5D7.e.7707/click - {}
RESULT: {}
COMMAND: GET /session/3c28004edfbf3c6cdcf5221cd875a4b1/screenshot - {}
RESULT: {}
COMMAND: POST /session/3c28004edfbf3c6cdcf5221cd875a4b1/execute/async - {"script":"<script> [1562 bytes]","args":[{"selector":{"controlType":"sap.m.StandardListItem","viewName":"reusables.view.manageresources.NewResourceUnit","viewId":"application-manageresources-display-component---newResourceUnit","properties":{"title":"Centimeter"},"searchOpenDialogs":true,"interaction":{"idSuffix":"titleText"}},"wdio_ui5_key":"reusablesview.manageresources.NewResourceUnitsap.m.StandardListItem{\"title\":\"Centimeter\"}"}]}
RESULT: {"script":"<script> [1562 bytes]","args":[{"selector":{"controlType":"sap.m.StandardListItem","viewName":"reusables.view.manageresources.NewResourceUnit","viewId":"application-manageresources-display-component---newResourceUnit","properties":{"title":"Centimeter"},"searchOpenDialogs":true,"interaction":{"idSuffix":"titleText"}},"wdio_ui5_key":"reusablesview.manageresources.NewResourceUnitsap.m.StandardListItem{\"title\":\"Centimeter\"}"}]}
RESULT: undefined
COMMAND: POST /session/3c28004edfbf3c6cdcf5221cd875a4b1/element - {"using":"xpath","value":"//*[@id=\"__item255\"]"}
RESULT: {"using":"xpath","value":"//*[@id=\"__item255\"]"}
COMMAND: POST /session/3c28004edfbf3c6cdcf5221cd875a4b1/element/f.B144892EA8D4B745C91A45796582BC5B.d.AF6E9F9D218B2F97DF725F87A249D5D7.e.7709/click - {}
RESULT: {}
COMMAND: GET /session/3c28004edfbf3c6cdcf5221cd875a4b1/screenshot - {}
RESULT: {}
COMMAND: POST /session/3c28004edfbf3c6cdcf5221cd875a4b1/execute/async - {"script":"<script> [1562 bytes]","args":[{"selector":{"id":"application-manageresources-display-component---newResourceUnit--newRRUPage-anchBar-application-manageresources-display-component---newResourceUnit--reference-anchor","interaction":{"idSuffix":"BDI-content"}},"wdio_ui5_key":"applicationmanageresources-display-component---newResourceUnit--newRRUPage-anchBar-application-manageresources-display-component---newResourceUnit--reference-anchor"}]}
RESULT: {"script":"<script> [1562 bytes]","args":[{"selector":{"id":"application-manageresources-display-component---newResourceUnit--newRRUPage-anchBar-application-manageresources-display-component---newResourceUnit--reference-anchor","interaction":{"idSuffix":"BDI-content"}},"wdio_ui5_key":"applicationmanageresources-display-component---newResourceUnit--newRRUPage-anchBar-application-manageresources-display-component---newResourceUnit--reference-anchor"}]}
RESULT: undefined
COMMAND: POST /session/3c28004edfbf3c6cdcf5221cd875a4b1/element - {"using":"xpath","value":"//*[@id=\"application-manageresources-display-component---newResourceUnit--newRRUPage-anchBar-application-manageresources-display-component---newResourceUnit--reference-anchor\"]"}
RESULT: {"using":"xpath","value":"//*[@id=\"application-manageresources-display-component---newResourceUnit--newRRUPage-anchBar-application-manageresources-display-component---newResourceUnit--reference-anchor\"]"}
COMMAND: POST /session/3c28004edfbf3c6cdcf5221cd875a4b1/element/f.B144892EA8D4B745C91A45796582BC5B.d.AF6E9F9D218B2F97DF725F87A249D5D7.e.7711/click - {}
RESULT: {}
COMMAND: POST /session/3c28004edfbf3c6cdcf5221cd875a4b1/execute/async - {"script":"<script> [1562 bytes]","args":[{"selector":{"id":"application-manageresources-display-component---newResourceUnit--PLANNING_GROUP-arrow"},"wdio_ui5_key":"applicationmanageresources-display-component---newResourceUnit--PLANNING_GROUP-arrow"}]}
COMMAND: GET /session/3c28004edfbf3c6cdcf5221cd875a4b1/screenshot - {}
RESULT: {"script":"<script> [1562 bytes]","args":[{"selector":{"id":"application-manageresources-display-component---newResourceUnit--PLANNING_GROUP-arrow"},"wdio_ui5_key":"applicationmanageresources-display-component---newResourceUnit--PLANNING_GROUP-arrow"}]}
RESULT: undefined
COMMAND: POST /session/3c28004edfbf3c6cdcf5221cd875a4b1/element - {"using":"xpath","value":"//*[@id=\"application-manageresources-display-component---newResourceUnit--PLANNING_GROUP-arrow\"]"}
RESULT: {}
RESULT: {"using":"xpath","value":"//*[@id=\"application-manageresources-display-component---newResourceUnit--PLANNING_GROUP-arrow\"]"}
COMMAND: POST /session/3c28004edfbf3c6cdcf5221cd875a4b1/element/f.B144892EA8D4B745C91A45796582BC5B.d.AF6E9F9D218B2F97DF725F87A249D5D7.e.7715/click - {}
RESULT: {}
COMMAND: POST /session/3c28004edfbf3c6cdcf5221cd875a4b1/execute/async - {"script":"<script> [1562 bytes]","args":[{"selector":{"controlType":"sap.m.StandardListItem","viewName":"reusables.view.manageresources.NewResourceUnit","viewId":"application-manageresources-display-component---newResourceUnit","properties":{"title":"Heavy Equi"},"searchOpenDialogs":true,"interaction":{"idSuffix":"content"}},"wdio_ui5_key":"reusablesview.manageresources.NewResourceUnitsap.m.StandardListItem{\"title\":\"Heavy Equi\"}"}]}
COMMAND: GET /session/3c28004edfbf3c6cdcf5221cd875a4b1/screenshot - {}
RESULT: {"script":"<script> [1562 bytes]","args":[{"selector":{"controlType":"sap.m.StandardListItem","viewName":"reusables.view.manageresources.NewResourceUnit","viewId":"application-manageresources-display-component---newResourceUnit","properties":{"title":"Heavy Equi"},"searchOpenDialogs":true,"interaction":{"idSuffix":"content"}},"wdio_ui5_key":"reusablesview.manageresources.NewResourceUnitsap.m.StandardListItem{\"title\":\"Heavy Equi\"}"}]}
RESULT: undefined
COMMAND: POST /session/3c28004edfbf3c6cdcf5221cd875a4b1/element - {"using":"xpath","value":"//*[@id=\"__item263\"]"}
RESULT: {}
RESULT: {"using":"xpath","value":"//*[@id=\"__item263\"]"}
COMMAND: POST /session/3c28004edfbf3c6cdcf5221cd875a4b1/element/f.B144892EA8D4B745C91A45796582BC5B.d.AF6E9F9D218B2F97DF725F87A249D5D7.e.7717/click - {}
RESULT: {}
COMMAND: GET /session/3c28004edfbf3c6cdcf5221cd875a4b1/screenshot - {}
RESULT: {}
COMMAND: POST /session/3c28004edfbf3c6cdcf5221cd875a4b1/execute/async - {"script":"<script> [1562 bytes]","args":[{"selector":{"id":"application-manageresources-display-component---newResourceUnit--PLANNING_INDICATOR-arrow"},"wdio_ui5_key":"applicationmanageresources-display-component---newResourceUnit--PLANNING_INDICATOR-arrow"}]}
RESULT: {"script":"<script> [1562 bytes]","args":[{"selector":{"id":"application-manageresources-display-component---newResourceUnit--PLANNING_INDICATOR-arrow"},"wdio_ui5_key":"applicationmanageresources-display-component---newResourceUnit--PLANNING_INDICATOR-arrow"}]}
RESULT: undefined
COMMAND: POST /session/3c28004edfbf3c6cdcf5221cd875a4b1/element - {"using":"xpath","value":"//*[@id=\"application-manageresources-display-component---newResourceUnit--PLANNING_INDICATOR-arrow\"]"}
RESULT: {"using":"xpath","value":"//*[@id=\"application-manageresources-display-component---newResourceUnit--PLANNING_INDICATOR-arrow\"]"}
COMMAND: POST /session/3c28004edfbf3c6cdcf5221cd875a4b1/element/f.B144892EA8D4B745C91A45796582BC5B.d.AF6E9F9D218B2F97DF725F87A249D5D7.e.7718/click - {}
RESULT: {}
COMMAND: POST /session/3c28004edfbf3c6cdcf5221cd875a4b1/execute/async - {"script":"<script> [1562 bytes]","args":[{"selector":{"controlType":"sap.m.StandardListItem","viewName":"reusables.view.manageresources.NewResourceUnit","viewId":"application-manageresources-display-component---newResourceUnit","properties":{"title":"10 - infinite"},"searchOpenDialogs":true,"interaction":{"idSuffix":"content"}},"wdio_ui5_key":"reusablesview.manageresources.NewResourceUnitsap.m.StandardListItem{\"title\":\"10 - infinite\"}"}]}
COMMAND: GET /session/3c28004edfbf3c6cdcf5221cd875a4b1/screenshot - {}
RESULT: {"script":"<script> [1562 bytes]","args":[{"selector":{"controlType":"sap.m.StandardListItem","viewName":"reusables.view.manageresources.NewResourceUnit","viewId":"application-manageresources-display-component---newResourceUnit","properties":{"title":"10 - infinite"},"searchOpenDialogs":true,"interaction":{"idSuffix":"content"}},"wdio_ui5_key":"reusablesview.manageresources.NewResourceUnitsap.m.StandardListItem{\"title\":\"10 - infinite\"}"}]}
RESULT: undefined
COMMAND: POST /session/3c28004edfbf3c6cdcf5221cd875a4b1/element - {"using":"xpath","value":"//*[@id=\"__item273\"]"}
RESULT: {}
RESULT: {"using":"xpath","value":"//*[@id=\"__item273\"]"}
COMMAND: POST /session/3c28004edfbf3c6cdcf5221cd875a4b1/element/f.B144892EA8D4B745C91A45796582BC5B.d.AF6E9F9D218B2F97DF725F87A249D5D7.e.7720/click - {}
RESULT: {}
COMMAND: GET /session/3c28004edfbf3c6cdcf5221cd875a4b1/screenshot - {}
RESULT: {}
COMMAND: POST /session/3c28004edfbf3c6cdcf5221cd875a4b1/element - {"using":"xpath","value":"//bdi[contains(text(), \"Time Segment\")]"}
RESULT: {"using":"xpath","value":"//bdi[contains(text(), \"Time Segment\")]"}
COMMAND: GET /session/3c28004edfbf3c6cdcf5221cd875a4b1/element/f.B144892EA8D4B745C91A45796582BC5B.d.AF6E9F9D218B2F97DF725F87A249D5D7.e.7721/rect - {}
RESULT: {}
COMMAND: GET /session/3c28004edfbf3c6cdcf5221cd875a4b1/window/rect - {}
RESULT: {}
COMMAND: POST /session/3c28004edfbf3c6cdcf5221cd875a4b1/execute/sync - {"script":"<script> [92 bytes]","args":[]}
RESULT: {"script":"<script> [92 bytes]","args":[]}
COMMAND: POST /session/3c28004edfbf3c6cdcf5221cd875a4b1/actions - {"actions":[{"id":"action19","type":"wheel","parameters":{},"actions":[{"type":"scroll","x":-1804,"y":-21,"deltaX":0,"deltaY":0,"duration":0,"origin":{"element-6066-11e4-a52e-4f735466cecf":"f.B144892EA8D4B745C91A45796582BC5B.d.AF6E9F9D218B2F97DF725F87A249D5D7.e.7721"}}]}]}
COMMAND: GET /session/3c28004edfbf3c6cdcf5221cd875a4b1/screenshot - {}
RESULT: {}
COMMAND: POST /session/3c28004edfbf3c6cdcf5221cd875a4b1/execute/sync - {"script":"<script> [79 bytes]","args":[{"element-6066-11e4-a52e-4f735466cecf":"f.B144892EA8D4B745C91A45796582BC5B.d.AF6E9F9D218B2F97DF725F87A249D5D7.e.7721","ELEMENT":"f.B144892EA8D4B745C91A45796582BC5B.d.AF6E9F9D218B2F97DF725F87A249D5D7.e.7721"},{"block":"start","inline":"nearest"}]}
RESULT: {"script":"<script> [79 bytes]","args":[{"element-6066-11e4-a52e-4f735466cecf":"f.B144892EA8D4B745C91A45796582BC5B.d.AF6E9F9D218B2F97DF725F87A249D5D7.e.7721","ELEMENT":"f.B144892EA8D4B745C91A45796582BC5B.d.AF6E9F9D218B2F97DF725F87A249D5D7.e.7721"},{"block":"start","inline":"nearest"}]}
COMMAND: GET /session/3c28004edfbf3c6cdcf5221cd875a4b1/screenshot - {}
RESULT: {}
COMMAND: POST /session/3c28004edfbf3c6cdcf5221cd875a4b1/element - {"using":"xpath","value":"//span[@id=\"application-manageresources-display-component---newResourceUnit--btnAddTimeSegment-img\"]"}
RESULT: {"using":"xpath","value":"//span[@id=\"application-manageresources-display-component---newResourceUnit--btnAddTimeSegment-img\"]"}
COMMAND: POST /session/3c28004edfbf3c6cdcf5221cd875a4b1/execute/sync - {"script":"<script> [8489 bytes]","args":[{"element-6066-11e4-a52e-4f735466cecf":"f.B144892EA8D4B745C91A45796582BC5B.d.AF6E9F9D218B2F97DF725F87A249D5D7.e.7724","ELEMENT":"f.B144892EA8D4B745C91A45796582BC5B.d.AF6E9F9D218B2F97DF725F87A249D5D7.e.7724"}]}
RESULT: {"script":"<script> [8489 bytes]","args":[{"element-6066-11e4-a52e-4f735466cecf":"f.B144892EA8D4B745C91A45796582BC5B.d.AF6E9F9D218B2F97DF725F87A249D5D7.e.7724","ELEMENT":"f.B144892EA8D4B745C91A45796582BC5B.d.AF6E9F9D218B2F97DF725F87A249D5D7.e.7724"}]}
COMMAND: POST /session/3c28004edfbf3c6cdcf5221cd875a4b1/element/f.B144892EA8D4B745C91A45796582BC5B.d.AF6E9F9D218B2F97DF725F87A249D5D7.e.7724/click - {}
COMMAND: GET /session/3c28004edfbf3c6cdcf5221cd875a4b1/screenshot - {}
RESULT: {}
COMMAND: GET /session/3c28004edfbf3c6cdcf5221cd875a4b1/screenshot - {}
COMMAND: POST /session/3c28004edfbf3c6cdcf5221cd875a4b1/element - {"using":"xpath","value":"//input[@id=\"application-manageresources-display-component---newResourceUnit--idRuTSAdmin-application-manageresources-display-component---newResourceUnit--RUTimeSegment-0-inner\"]"}
RESULT: {}
RESULT: {}
RESULT: {"using":"xpath","value":"//input[@id=\"application-manageresources-display-component---newResourceUnit--idRuTSAdmin-application-manageresources-display-component---newResourceUnit--RUTimeSegment-0-inner\"]"}
COMMAND: POST /session/3c28004edfbf3c6cdcf5221cd875a4b1/element/f.B144892EA8D4B745C91A45796582BC5B.d.AF6E9F9D218B2F97DF725F87A249D5D7.e.7727/clear - {}
RESULT: {}
COMMAND: POST /session/3c28004edfbf3c6cdcf5221cd875a4b1/element/f.B144892EA8D4B745C91A45796582BC5B.d.AF6E9F9D218B2F97DF725F87A249D5D7.e.7727/value - {"text":"430"}
COMMAND: GET /session/3c28004edfbf3c6cdcf5221cd875a4b1/screenshot - {}
RESULT: {"text":"430"}
COMMAND: GET /session/3c28004edfbf3c6cdcf5221cd875a4b1/screenshot - {}
RESULT: {}
RESULT: {}
COMMAND: POST /session/3c28004edfbf3c6cdcf5221cd875a4b1/actions - {"actions":[{"id":"action20","type":"key","parameters":{},"actions":[{"type":"keyDown","value":"î€‡"},{"type":"pause","duration":10},{"type":"keyUp","value":"î€‡"}]}]}
RESULT: {"actions":[{"id":"action20","type":"key","parameters":{},"actions":[{"type":"keyDown","value":"î€‡"},{"type":"pause","duration":10},{"type":"keyUp","value":"î€‡"}]}]}
COMMAND: POST /session/3c28004edfbf3c6cdcf5221cd875a4b1/execute/async - {"script":"<script> [1562 bytes]","args":[{"selector":{"controlType":"sap.m.Button","viewName":"reusables.view.manageresources.NewResourceUnit","viewId":"application-manageresources-display-component---newResourceUnit","i18NText":{"propertyName":"tooltip","key":"save"},"interaction":{"idSuffix":"BDI-content"}},"wdio_ui5_key":"reusablesview.manageresources.NewResourceUnitsap.m.Button{\"propertyName\":\"tooltip\",\"key\":\"save\"}"}]}
COMMAND: GET /session/3c28004edfbf3c6cdcf5221cd875a4b1/screenshot - {}
RESULT: {"script":"<script> [1562 bytes]","args":[{"selector":{"controlType":"sap.m.Button","viewName":"reusables.view.manageresources.NewResourceUnit","viewId":"application-manageresources-display-component---newResourceUnit","i18NText":{"propertyName":"tooltip","key":"save"},"interaction":{"idSuffix":"BDI-content"}},"wdio_ui5_key":"reusablesview.manageresources.NewResourceUnitsap.m.Button{\"propertyName\":\"tooltip\",\"key\":\"save\"}"}]}
RESULT: undefined
COMMAND: POST /session/3c28004edfbf3c6cdcf5221cd875a4b1/element - {"using":"xpath","value":"//*[@id=\"application-manageresources-display-component---newResourceUnit--createRuButton\"]"}
RESULT: {}
RESULT: {"using":"xpath","value":"//*[@id=\"application-manageresources-display-component---newResourceUnit--createRuButton\"]"}
COMMAND: POST /session/3c28004edfbf3c6cdcf5221cd875a4b1/element/f.B144892EA8D4B745C91A45796582BC5B.d.AF6E9F9D218B2F97DF725F87A249D5D7.e.7652/click - {}
RESULT: {}
COMMAND: GET /session/3c28004edfbf3c6cdcf5221cd875a4b1/screenshot - {}
RESULT: {}
COMMAND: POST /session/3c28004edfbf3c6cdcf5221cd875a4b1/execute/async - {"script":"<script> [1562 bytes]","args":[{"selector":{"controlType":"sap.m.Title","properties":{"text":"Success"},"searchOpenDialogs":true},"wdio_ui5_key":"sapm.Title{\"text\":\"Success\"}"}]}
RESULT: {"script":"<script> [1562 bytes]","args":[{"selector":{"controlType":"sap.m.Title","properties":{"text":"Success"},"searchOpenDialogs":true},"wdio_ui5_key":"sapm.Title{\"text\":\"Success\"}"}]}
RESULT: undefined
COMMAND: POST /session/3c28004edfbf3c6cdcf5221cd875a4b1/execute/async - {"script":"<script> [6424 bytes]","args":[{"element-6066-11e4-a52e-4f735466cecf":"f.B144892EA8D4B745C91A45796582BC5B.d.AF6E9F9D218B2F97DF725F87A249D5D7.e.7743"},"getText",[]]}
RESULT: {"script":"<script> [6424 bytes]","args":[{"element-6066-11e4-a52e-4f735466cecf":"f.B144892EA8D4B745C91A45796582BC5B.d.AF6E9F9D218B2F97DF725F87A249D5D7.e.7743"},"getText",[]]}
COMMAND: POST /session/3c28004edfbf3c6cdcf5221cd875a4b1/element - {"using":"xpath","value":"//*[contains(@id, '__text') and (contains(text(), 'successfully created') or contains(., 'successfully created'))]"}
RESULT: {"using":"xpath","value":"//*[contains(@id, '__text') and (contains(text(), 'successfully created') or contains(., 'successfully created'))]"}
COMMAND: GET /session/3c28004edfbf3c6cdcf5221cd875a4b1/element/f.B144892EA8D4B745C91A45796582BC5B.d.AF6E9F9D218B2F97DF725F87A249D5D7.e.7741/text - {}
RESULT: {}
COMMAND: POST /session/3c28004edfbf3c6cdcf5221cd875a4b1/execute/async - {"script":"<script> [1562 bytes]","args":[{"selector":{"controlType":"sap.m.Button","properties":{"text":"Close"},"searchOpenDialogs":true,"interaction":{"idSuffix":"BDI-content"}},"wdio_ui5_key":"sapm.Button{\"text\":\"Close\"}"}]}
RESULT: {"script":"<script> [1562 bytes]","args":[{"selector":{"controlType":"sap.m.Button","properties":{"text":"Close"},"searchOpenDialogs":true,"interaction":{"idSuffix":"BDI-content"}},"wdio_ui5_key":"sapm.Button{\"text\":\"Close\"}"}]}
RESULT: undefined
COMMAND: POST /session/3c28004edfbf3c6cdcf5221cd875a4b1/element - {"using":"xpath","value":"//*[@id=\"__mbox-btn-0\"]"}
RESULT: {"using":"xpath","value":"//*[@id=\"__mbox-btn-0\"]"}
COMMAND: POST /session/3c28004edfbf3c6cdcf5221cd875a4b1/element/f.B144892EA8D4B745C91A45796582BC5B.d.AF6E9F9D218B2F97DF725F87A249D5D7.e.7739/click - {}
RESULT: {}
COMMAND: GET /session/3c28004edfbf3c6cdcf5221cd875a4b1/screenshot - {}
RESULT: {}
COMMAND: POST /session/3c28004edfbf3c6cdcf5221cd875a4b1/execute/async - {"script":"<script> [1562 bytes]","args":[{"selector":{"controlType":"sap.ui.core.Icon","viewName":"etm.portal.ui.manageresources.view.Detail","viewId":"application-manageresources-display-component---detailRU","properties":{"src":{"regex":{"source":"overflow"}}}},"wdio_ui5_key":"etmportal.ui.manageresources.view.Detailsap.ui.core.Icon{\"src\":{\"regex\":{\"source\":\"overflow\"}}}"}]}
RESULT: {"script":"<script> [1562 bytes]","args":[{"selector":{"controlType":"sap.ui.core.Icon","viewName":"etm.portal.ui.manageresources.view.Detail","viewId":"application-manageresources-display-component---detailRU","properties":{"src":{"regex":{"source":"overflow"}}}},"wdio_ui5_key":"etmportal.ui.manageresources.view.Detailsap.ui.core.Icon{\"src\":{\"regex\":{\"source\":\"overflow\"}}}"}]}
RESULT: undefined
COMMAND: POST /session/3c28004edfbf3c6cdcf5221cd875a4b1/element - {"using":"xpath","value":"//*[@id=\"__title15-_actionsToolbar-overflowButton-img\"]"}
RESULT: {"using":"xpath","value":"//*[@id=\"__title15-_actionsToolbar-overflowButton-img\"]"}
COMMAND: POST /session/3c28004edfbf3c6cdcf5221cd875a4b1/element/f.B144892EA8D4B745C91A45796582BC5B.d.AF6E9F9D218B2F97DF725F87A249D5D7.e.7775/click - {}
RESULT: {}
COMMAND: POST /session/3c28004edfbf3c6cdcf5221cd875a4b1/execute/async - {"script":"<script> [1562 bytes]","args":[{"selector":{"controlType":"sap.m.Button","viewName":"etm.portal.ui.manageresources.view.Detail","viewId":"application-manageresources-display-component---detailRU","i18NText":{"propertyName":"tooltip","key":"closeColumn"},"searchOpenDialogs":true,"interaction":{"idSuffix":"inner"}},"wdio_ui5_key":"etmportal.ui.manageresources.view.Detailsap.m.Button{\"propertyName\":\"tooltip\",\"key\":\"closeColumn\"}"}]}
COMMAND: GET /session/3c28004edfbf3c6cdcf5221cd875a4b1/screenshot - {}
RESULT: {"script":"<script> [1562 bytes]","args":[{"selector":{"controlType":"sap.m.Button","viewName":"etm.portal.ui.manageresources.view.Detail","viewId":"application-manageresources-display-component---detailRU","i18NText":{"propertyName":"tooltip","key":"closeColumn"},"searchOpenDialogs":true,"interaction":{"idSuffix":"inner"}},"wdio_ui5_key":"etmportal.ui.manageresources.view.Detailsap.m.Button{\"propertyName\":\"tooltip\",\"key\":\"closeColumn\"}"}]}
RESULT: undefined
COMMAND: POST /session/3c28004edfbf3c6cdcf5221cd875a4b1/element - {"using":"xpath","value":"//*[@id=\"__button41\"]"}
RESULT: {}
RESULT: {"using":"xpath","value":"//*[@id=\"__button41\"]"}
COMMAND: POST /session/3c28004edfbf3c6cdcf5221cd875a4b1/element/f.B144892EA8D4B745C91A45796582BC5B.d.AF6E9F9D218B2F97DF725F87A249D5D7.e.7779/click - {}
RESULT: {}
COMMAND: POST /session/3c28004edfbf3c6cdcf5221cd875a4b1/element - {"using":"css selector","value":"#j_username"}
COMMAND: POST /session/3c28004edfbf3c6cdcf5221cd875a4b1/url - {"url":"https://qa-testing-00-live-etm-ui.cfapps.eu10-004.hana.ondemand.com/"}
COMMAND: GET /session/3c28004edfbf3c6cdcf5221cd875a4b1/screenshot - {}
RESULT: {"using":"css selector","value":"#j_username"}
COMMAND: POST /session/3c28004edfbf3c6cdcf5221cd875a4b1/element - {"using":"css selector","value":"#j_username"}
RESULT: {"url":"https://qa-testing-00-live-etm-ui.cfapps.eu10-004.hana.ondemand.com/"}
RESULT: undefined
COMMAND: GET /session/3c28004edfbf3c6cdcf5221cd875a4b1/screenshot - {}
RESULT: {}
RESULT: {"using":"css selector","value":"#j_username"}
COMMAND: POST /session/3c28004edfbf3c6cdcf5221cd875a4b1/element - {"using":"css selector","value":"#shell-header-logo"}
RESULT: {}
RESULT: {"using":"css selector","value":"#shell-header-logo"}
COMMAND: POST /session/3c28004edfbf3c6cdcf5221cd875a4b1/execute/sync - {"script":"<script> [8489 bytes]","args":[{"element-6066-11e4-a52e-4f735466cecf":"f.B144892EA8D4B745C91A45796582BC5B.d.06F69337C58C0D43D8EC515E8D444D37.e.7983","ELEMENT":"f.B144892EA8D4B745C91A45796582BC5B.d.06F69337C58C0D43D8EC515E8D444D37.e.7983"}]}
RESULT: {"script":"<script> [8489 bytes]","args":[{"element-6066-11e4-a52e-4f735466cecf":"f.B144892EA8D4B745C91A45796582BC5B.d.06F69337C58C0D43D8EC515E8D444D37.e.7983","ELEMENT":"f.B144892EA8D4B745C91A45796582BC5B.d.06F69337C58C0D43D8EC515E8D444D37.e.7983"}]}
COMMAND: POST /session/3c28004edfbf3c6cdcf5221cd875a4b1/element - {"using":"css selector","value":"#shell-header-logo"}
COMMAND: GET /session/3c28004edfbf3c6cdcf5221cd875a4b1/screenshot - {}
RESULT: {"using":"css selector","value":"#shell-header-logo"}
COMMAND: POST /session/3c28004edfbf3c6cdcf5221cd875a4b1/execute/sync - {"script":"<script> [8489 bytes]","args":[{"element-6066-11e4-a52e-4f735466cecf":"f.B144892EA8D4B745C91A45796582BC5B.d.06F69337C58C0D43D8EC515E8D444D37.e.7983","ELEMENT":"f.B144892EA8D4B745C91A45796582BC5B.d.06F69337C58C0D43D8EC515E8D444D37.e.7983"}]}
RESULT: {}
RESULT: {"script":"<script> [8489 bytes]","args":[{"element-6066-11e4-a52e-4f735466cecf":"f.B144892EA8D4B745C91A45796582BC5B.d.06F69337C58C0D43D8EC515E8D444D37.e.7983","ELEMENT":"f.B144892EA8D4B745C91A45796582BC5B.d.06F69337C58C0D43D8EC515E8D444D37.e.7983"}]}
COMMAND: POST /session/3c28004edfbf3c6cdcf5221cd875a4b1/execute/sync - {"script":"<script> [5351 bytes]","args":[{"element-6066-11e4-a52e-4f735466cecf":"f.B144892EA8D4B745C91A45796582BC5B.d.06F69337C58C0D43D8EC515E8D444D37.e.7983","ELEMENT":"f.B144892EA8D4B745C91A45796582BC5B.d.06F69337C58C0D43D8EC515E8D444D37.e.7983"}]}
COMMAND: GET /session/3c28004edfbf3c6cdcf5221cd875a4b1/screenshot - {}
RESULT: {"script":"<script> [5351 bytes]","args":[{"element-6066-11e4-a52e-4f735466cecf":"f.B144892EA8D4B745C91A45796582BC5B.d.06F69337C58C0D43D8EC515E8D444D37.e.7983","ELEMENT":"f.B144892EA8D4B745C91A45796582BC5B.d.06F69337C58C0D43D8EC515E8D444D37.e.7983"}]}
COMMAND: POST /session/3c28004edfbf3c6cdcf5221cd875a4b1/element - {"using":"css selector","value":"#shell-header-logo"}
COMMAND: GET /session/3c28004edfbf3c6cdcf5221cd875a4b1/screenshot - {}
RESULT: {}
RESULT: {"using":"css selector","value":"#shell-header-logo"}
COMMAND: POST /session/3c28004edfbf3c6cdcf5221cd875a4b1/element/f.B144892EA8D4B745C91A45796582BC5B.d.06F69337C58C0D43D8EC515E8D444D37.e.7983/click - {}
RESULT: {}
RESULT: {}
COMMAND: GET /session/3c28004edfbf3c6cdcf5221cd875a4b1/screenshot - {}
RESULT: {}
COMMAND: POST /session/3c28004edfbf3c6cdcf5221cd875a4b1/execute/async - {"script":"<script> [189 bytes]","args":[]}
RESULT: {"script":"<script> [189 bytes]","args":[]}
COMMAND: POST /session/3c28004edfbf3c6cdcf5221cd875a4b1/execute/async - {"script":"<script> [123 bytes]","args":[]}
RESULT: {"script":"<script> [123 bytes]","args":[]}
COMMAND: POST /session/3c28004edfbf3c6cdcf5221cd875a4b1/timeouts - {"script":"<number>"}
RESULT: {"script":"<number>"}
COMMAND: GET /session/3c28004edfbf3c6cdcf5221cd875a4b1/timeouts - {}
RESULT: {}
RESULT: undefined
COMMAND: POST /session/3c28004edfbf3c6cdcf5221cd875a4b1/execute/async - {"script":"<script> [2676 bytes]","args":[]}
RESULT: {"script":"<script> [2676 bytes]","args":[]}
COMMAND: POST /session/3c28004edfbf3c6cdcf5221cd875a4b1/execute/async - {"script":"<script> [2342 bytes]","args":[{"protocol":"http","hostname":"0.0.0.0","path":"/","capabilities":{"browserName":"chrome","goog:chromeOptions":{"binary":"C:\\Program Files\\Google\\Chrome\\Application\\chrome.exe","args":["--start-maximized"]}},"logLevel":"warn","connectionRetryTimeout":120000,"connectionRetryCount":3,"logLevels":{},"enableDirectConnect":true,"strictSSL":true,"_":"65 more keys: [\"cacheDir\",\"port\",\"requestedCapabilities\",\"automationProtocol\",\"baseUrl\",\"waitforInterval\",\"waitforTimeout\",\"onReload\",\"beforeCommand\",\"afterCommand\",\"rootDir\",\"specs\",\"suites\",\"exclude\",\"groupLogsByTestSpec\",\"excludeDriverLogs\",\"bail\",\"framework\",\"reporters\",\"services\",\"maxInstances\",\"maxInstancesPerCapability\",\"injectGlobals\",\"filesToWatch\",\"execArgv\",\"runnerEnv\",\"runner\",\"shard\",\"specFileRetries\",\"specFileRetriesDelay\",\"specFileRetriesDeferred\",\"reporterSyncInterval\",\"reporterSyncTimeout\",\"cucumberFeaturesWithLineNumbers\",\"autoCompileOpts\",\"mochaOpts\",\"jasmineOpts\",\"cucumberOpts\",\"onPrepare\",\"onWorkerStart\",\"onWorkerEnd\",\"before\",\"beforeSession\",\"beforeSuite\",\"beforeHook\",\"beforeTest\",\"afterTest\",\"afterHook\",\"afterSuite\",\"afterSession\",\"after\",\"onComplete\",\"beforeAssertion\",\"afterAssertion\",\"beforeFeature\",\"beforeScenario\",\"beforeStep\",\"afterStep\",\"afterScenario\",\"afterFeature\",\"_\",\"suite\",\"$0\",\"ignoredWorkerServices\",\"wdi5\"]"}]}
RESULT: {"script":"<script> [2342 bytes]","args":[{"protocol":"http","hostname":"0.0.0.0","path":"/","capabilities":{"browserName":"chrome","goog:chromeOptions":{"binary":"C:\\Program Files\\Google\\Chrome\\Application\\chrome.exe","args":["--start-maximized"]}},"logLevel":"warn","connectionRetryTimeout":120000,"connectionRetryCount":3,"logLevels":{},"enableDirectConnect":true,"strictSSL":true,"_":"65 more keys: [\"cacheDir\",\"port\",\"requestedCapabilities\",\"automationProtocol\",\"baseUrl\",\"waitforInterval\",\"waitforTimeout\",\"onReload\",\"beforeCommand\",\"afterCommand\",\"rootDir\",\"specs\",\"suites\",\"exclude\",\"groupLogsByTestSpec\",\"excludeDriverLogs\",\"bail\",\"framework\",\"reporters\",\"services\",\"maxInstances\",\"maxInstancesPerCapability\",\"injectGlobals\",\"filesToWatch\",\"execArgv\",\"runnerEnv\",\"runner\",\"shard\",\"specFileRetries\",\"specFileRetriesDelay\",\"specFileRetriesDeferred\",\"reporterSyncInterval\",\"reporterSyncTimeout\",\"cucumberFeaturesWithLineNumbers\",\"autoCompileOpts\",\"mochaOpts\",\"jasmineOpts\",\"cucumberOpts\",\"onPrepare\",\"onWorkerStart\",\"onWorkerEnd\",\"before\",\"beforeSession\",\"beforeSuite\",\"beforeHook\",\"beforeTest\",\"afterTest\",\"afterHook\",\"afterSuite\",\"afterSession\",\"after\",\"onComplete\",\"beforeAssertion\",\"afterAssertion\",\"beforeFeature\",\"beforeScenario\",\"beforeStep\",\"afterStep\",\"afterScenario\",\"afterFeature\",\"_\",\"suite\",\"$0\",\"ignoredWorkerServices\",\"wdi5\"]"}]}
COMMAND: POST /session/3c28004edfbf3c6cdcf5221cd875a4b1/execute/async - {"script":"<script> [21126 bytes]","args":[35000]}
RESULT: {"script":"<script> [21126 bytes]","args":[35000]}
COMMAND: POST /session/3c28004edfbf3c6cdcf5221cd875a4b1/window/maximize - {}
RESULT: {}
COMMAND: POST /session/3c28004edfbf3c6cdcf5221cd875a4b1/execute/async - {"script":"<script> [1562 bytes]","args":[{"selector":{"id":"shell-header","interaction":{"idSuffix":"icon"}},"wdio_ui5_key":"shellheader"}]}
COMMAND: GET /session/3c28004edfbf3c6cdcf5221cd875a4b1/screenshot - {}
RESULT: {"script":"<script> [1562 bytes]","args":[{"selector":{"id":"shell-header","interaction":{"idSuffix":"icon"}},"wdio_ui5_key":"shellheader"}]}
RESULT: undefined
]]></system-out>
    </testcase>
  </testsuite>
  <testsuite timestamp="2025-04-30T05:55:02" time="271.003" tests="1" failures="0" errors="0" skipped="0">
    <properties>
      <property name="specId" value="0" />
      <property name="suiteName" value="create-equipment" />
      <property name="capabilities" value="chrome.135_0_7049_96.windows" />
      <property name="file" value="file:///D:/a/1/s/test/specs/R2C/create-equipment.spec.js" />
    </properties>
    <testcase classname="chrome.135_0_7049_96.windows.create-equipment" name="create equipment" time="255.931">
      <system-out><![CDATA[
COMMAND: POST /session/3c28004edfbf3c6cdcf5221cd875a4b1/execute/async - {"script":"<script> [1562 bytes]","args":[{"selector":{"controlType":"sap.m.GenericTile","properties":{"header":"Manage Resources"}},"wdio_ui5_key":"sapm.GenericTile{\"header\":\"Manage Resources\"}"}]}
RESULT: {}
RESULT: {"script":"<script> [1562 bytes]","args":[{"selector":{"controlType":"sap.m.GenericTile","properties":{"header":"Manage Resources"}},"wdio_ui5_key":"sapm.GenericTile{\"header\":\"Manage Resources\"}"}]}
RESULT: undefined
COMMAND: POST /session/3c28004edfbf3c6cdcf5221cd875a4b1/element - {"using":"xpath","value":"//*[@id=\"__tile31\"]"}
RESULT: {"using":"xpath","value":"//*[@id=\"__tile31\"]"}
COMMAND: POST /session/3c28004edfbf3c6cdcf5221cd875a4b1/element/f.B144892EA8D4B745C91A45796582BC5B.d.06F69337C58C0D43D8EC515E8D444D37.e.8006/click - {}
RESULT: {}
COMMAND: GET /session/3c28004edfbf3c6cdcf5221cd875a4b1/screenshot - {}
RESULT: {}
COMMAND: POST /session/3c28004edfbf3c6cdcf5221cd875a4b1/element - {"using":"xpath","value":"//button[@data-kt=\"addNewRUOverflowToolbarButton\"]"}
RESULT: {"using":"xpath","value":"//button[@data-kt=\"addNewRUOverflowToolbarButton\"]"}
COMMAND: POST /session/3c28004edfbf3c6cdcf5221cd875a4b1/element - {"using":"xpath","value":"//button[@data-kt=\"addNewRUOverflowToolbarButton\"]"}
RESULT: {"using":"xpath","value":"//button[@data-kt=\"addNewRUOverflowToolbarButton\"]"}
COMMAND: POST /session/3c28004edfbf3c6cdcf5221cd875a4b1/element - {"using":"xpath","value":"//button[@data-kt=\"addNewRUOverflowToolbarButton\"]"}
COMMAND: POST /session/3c28004edfbf3c6cdcf5221cd875a4b1/execute/async - {"script":"<script> [1562 bytes]","args":[{"selector":{"controlType":"sap.ui.core.Icon","viewName":"etm.portal.ui.manageresources.view.Master","viewId":"application-manageresources-display-component---masterRU","properties":{"src":{"regex":{"source":"add"}}}},"wdio_ui5_key":"etmportal.ui.manageresources.view.Mastersap.ui.core.Icon{\"src\":{\"regex\":{\"source\":\"add\"}}}"}]}
RESULT: {"using":"xpath","value":"//button[@data-kt=\"addNewRUOverflowToolbarButton\"]"}
COMMAND: POST /session/3c28004edfbf3c6cdcf5221cd875a4b1/execute/sync - {"script":"<script> [8489 bytes]","args":[{"element-6066-11e4-a52e-4f735466cecf":"f.B144892EA8D4B745C91A45796582BC5B.d.06F69337C58C0D43D8EC515E8D444D37.e.8131","ELEMENT":"f.B144892EA8D4B745C91A45796582BC5B.d.06F69337C58C0D43D8EC515E8D444D37.e.8131"}]}
RESULT: {"script":"<script> [1562 bytes]","args":[{"selector":{"controlType":"sap.ui.core.Icon","viewName":"etm.portal.ui.manageresources.view.Master","viewId":"application-manageresources-display-component---masterRU","properties":{"src":{"regex":{"source":"add"}}}},"wdio_ui5_key":"etmportal.ui.manageresources.view.Mastersap.ui.core.Icon{\"src\":{\"regex\":{\"source\":\"add\"}}}"}]}
RESULT: undefined
COMMAND: POST /session/3c28004edfbf3c6cdcf5221cd875a4b1/element - {"using":"xpath","value":"//*[@id=\"__button5-img\"]"}
RESULT: {"script":"<script> [8489 bytes]","args":[{"element-6066-11e4-a52e-4f735466cecf":"f.B144892EA8D4B745C91A45796582BC5B.d.06F69337C58C0D43D8EC515E8D444D37.e.8131","ELEMENT":"f.B144892EA8D4B745C91A45796582BC5B.d.06F69337C58C0D43D8EC515E8D444D37.e.8131"}]}
COMMAND: GET /session/3c28004edfbf3c6cdcf5221cd875a4b1/screenshot - {}
RESULT: {"using":"xpath","value":"//*[@id=\"__button5-img\"]"}
COMMAND: POST /session/3c28004edfbf3c6cdcf5221cd875a4b1/element/f.B144892EA8D4B745C91A45796582BC5B.d.06F69337C58C0D43D8EC515E8D444D37.e.8145/click - {}
RESULT: {}
RESULT: {}
COMMAND: GET /session/3c28004edfbf3c6cdcf5221cd875a4b1/screenshot - {}
RESULT: {}
COMMAND: POST /session/3c28004edfbf3c6cdcf5221cd875a4b1/execute/async - {"script":"<script> [1562 bytes]","args":[{"selector":{"controlType":"sap.m.ComboBox","viewName":"reusables.view.manageresources.NewResourceUnit","viewId":"application-manageresources-display-component---newResourceUnit","bindingPath":{"path":"","propertyPath":"/RuTypes","modelName":"catalogModel"},"searchOpenDialogs":true},"wdio_ui5_key":"reusablesview.manageresources.NewResourceUnitsap.m.ComboBox{\"path\":\"\",\"propertyPath\":\"/RuTypes\",\"modelName\":\"catalogModel\"}"}]}
RESULT: {"script":"<script> [1562 bytes]","args":[{"selector":{"controlType":"sap.m.ComboBox","viewName":"reusables.view.manageresources.NewResourceUnit","viewId":"application-manageresources-display-component---newResourceUnit","bindingPath":{"path":"","propertyPath":"/RuTypes","modelName":"catalogModel"},"searchOpenDialogs":true},"wdio_ui5_key":"reusablesview.manageresources.NewResourceUnitsap.m.ComboBox{\"path\":\"\",\"propertyPath\":\"/RuTypes\",\"modelName\":\"catalogModel\"}"}]}
RESULT: undefined
COMMAND: POST /session/3c28004edfbf3c6cdcf5221cd875a4b1/execute/async - {"script":"<script> [1562 bytes]","args":[{"selector":{"controlType":"sap.m.ComboBox","viewName":"reusables.view.manageresources.NewResourceUnit","viewId":"application-manageresources-display-component---newResourceUnit","bindingPath":{"path":"","propertyPath":"/Yards","modelName":"catalogModel"},"searchOpenDialogs":true},"wdio_ui5_key":"reusablesview.manageresources.NewResourceUnitsap.m.ComboBox{\"path\":\"\",\"propertyPath\":\"/Yards\",\"modelName\":\"catalogModel\"}"}]}
RESULT: {"script":"<script> [1562 bytes]","args":[{"selector":{"controlType":"sap.m.ComboBox","viewName":"reusables.view.manageresources.NewResourceUnit","viewId":"application-manageresources-display-component---newResourceUnit","bindingPath":{"path":"","propertyPath":"/Yards","modelName":"catalogModel"},"searchOpenDialogs":true},"wdio_ui5_key":"reusablesview.manageresources.NewResourceUnitsap.m.ComboBox{\"path\":\"\",\"propertyPath\":\"/Yards\",\"modelName\":\"catalogModel\"}"}]}
RESULT: undefined
COMMAND: POST /session/3c28004edfbf3c6cdcf5221cd875a4b1/execute/async - {"script":"<script> [1562 bytes]","args":[{"selector":{"controlType":"etm.portal.ui.reusables.customControls.LiveSearchComboBox","viewName":"reusables.view.manageresources.NewResourceUnit","viewId":"application-manageresources-display-component---newResourceUnit","bindingPath":{"path":"","propertyPath":"/CatalogItems","modelName":"catalogModel"},"searchOpenDialogs":true},"wdio_ui5_key":"reusablesview.manageresources.NewResourceUnitetm.portal.ui.reusables.customControls.LiveSearchComboBox{\"path\":\"\",\"propertyPath\":\"/CatalogItems\",\"modelName\":\"catalogModel\"}"}]}
RESULT: {"script":"<script> [1562 bytes]","args":[{"selector":{"controlType":"etm.portal.ui.reusables.customControls.LiveSearchComboBox","viewName":"reusables.view.manageresources.NewResourceUnit","viewId":"application-manageresources-display-component---newResourceUnit","bindingPath":{"path":"","propertyPath":"/CatalogItems","modelName":"catalogModel"},"searchOpenDialogs":true},"wdio_ui5_key":"reusablesview.manageresources.NewResourceUnitetm.portal.ui.reusables.customControls.LiveSearchComboBox{\"path\":\"\",\"propertyPath\":\"/CatalogItems\",\"modelName\":\"catalogModel\"}"}]}
RESULT: undefined
COMMAND: POST /session/3c28004edfbf3c6cdcf5221cd875a4b1/element - {"using":"xpath","value":"//bdi[text()=\"OK\"]"}
RESULT: {"using":"xpath","value":"//bdi[text()=\"OK\"]"}
COMMAND: POST /session/3c28004edfbf3c6cdcf5221cd875a4b1/elements - {"using":"xpath","value":"//bdi[text()=\"OK\"]"}
RESULT: {"using":"xpath","value":"//bdi[text()=\"OK\"]"}
COMMAND: POST /session/3c28004edfbf3c6cdcf5221cd875a4b1/elements - {"using":"xpath","value":"//bdi[text()=\"OK\"]"}
RESULT: {"using":"xpath","value":"//bdi[text()=\"OK\"]"}
COMMAND: POST /session/3c28004edfbf3c6cdcf5221cd875a4b1/elements - {"using":"xpath","value":"//bdi[text()=\"OK\"]"}
RESULT: {"using":"xpath","value":"//bdi[text()=\"OK\"]"}
COMMAND: POST /session/3c28004edfbf3c6cdcf5221cd875a4b1/elements - {"using":"xpath","value":"//bdi[text()=\"OK\"]"}
RESULT: {"using":"xpath","value":"//bdi[text()=\"OK\"]"}
COMMAND: POST /session/3c28004edfbf3c6cdcf5221cd875a4b1/elements - {"using":"xpath","value":"//bdi[text()=\"OK\"]"}
RESULT: {"using":"xpath","value":"//bdi[text()=\"OK\"]"}
COMMAND: POST /session/3c28004edfbf3c6cdcf5221cd875a4b1/elements - {"using":"xpath","value":"//bdi[text()=\"OK\"]"}
RESULT: {"using":"xpath","value":"//bdi[text()=\"OK\"]"}
COMMAND: POST /session/3c28004edfbf3c6cdcf5221cd875a4b1/elements - {"using":"xpath","value":"//bdi[text()=\"OK\"]"}
RESULT: {"using":"xpath","value":"//bdi[text()=\"OK\"]"}
COMMAND: POST /session/3c28004edfbf3c6cdcf5221cd875a4b1/elements - {"using":"xpath","value":"//bdi[text()=\"OK\"]"}
RESULT: {"using":"xpath","value":"//bdi[text()=\"OK\"]"}
COMMAND: POST /session/3c28004edfbf3c6cdcf5221cd875a4b1/elements - {"using":"xpath","value":"//bdi[text()=\"OK\"]"}
RESULT: {"using":"xpath","value":"//bdi[text()=\"OK\"]"}
COMMAND: POST /session/3c28004edfbf3c6cdcf5221cd875a4b1/elements - {"using":"xpath","value":"//bdi[text()=\"OK\"]"}
RESULT: {"using":"xpath","value":"//bdi[text()=\"OK\"]"}
COMMAND: POST /session/3c28004edfbf3c6cdcf5221cd875a4b1/elements - {"using":"xpath","value":"//bdi[text()=\"OK\"]"}
RESULT: {"using":"xpath","value":"//bdi[text()=\"OK\"]"}
COMMAND: POST /session/3c28004edfbf3c6cdcf5221cd875a4b1/elements - {"using":"xpath","value":"//bdi[text()=\"OK\"]"}
RESULT: {"using":"xpath","value":"//bdi[text()=\"OK\"]"}
COMMAND: POST /session/3c28004edfbf3c6cdcf5221cd875a4b1/elements - {"using":"xpath","value":"//bdi[text()=\"OK\"]"}
RESULT: {"using":"xpath","value":"//bdi[text()=\"OK\"]"}
COMMAND: POST /session/3c28004edfbf3c6cdcf5221cd875a4b1/elements - {"using":"xpath","value":"//bdi[text()=\"OK\"]"}
RESULT: {"using":"xpath","value":"//bdi[text()=\"OK\"]"}
COMMAND: POST /session/3c28004edfbf3c6cdcf5221cd875a4b1/elements - {"using":"xpath","value":"//bdi[text()=\"OK\"]"}
RESULT: {"using":"xpath","value":"//bdi[text()=\"OK\"]"}
COMMAND: POST /session/3c28004edfbf3c6cdcf5221cd875a4b1/elements - {"using":"xpath","value":"//bdi[text()=\"OK\"]"}
RESULT: {"using":"xpath","value":"//bdi[text()=\"OK\"]"}
COMMAND: POST /session/3c28004edfbf3c6cdcf5221cd875a4b1/elements - {"using":"xpath","value":"//bdi[text()=\"OK\"]"}
RESULT: {"using":"xpath","value":"//bdi[text()=\"OK\"]"}
COMMAND: POST /session/3c28004edfbf3c6cdcf5221cd875a4b1/elements - {"using":"xpath","value":"//bdi[text()=\"OK\"]"}
RESULT: {"using":"xpath","value":"//bdi[text()=\"OK\"]"}
COMMAND: POST /session/3c28004edfbf3c6cdcf5221cd875a4b1/elements - {"using":"xpath","value":"//bdi[text()=\"OK\"]"}
RESULT: {"using":"xpath","value":"//bdi[text()=\"OK\"]"}
COMMAND: POST /session/3c28004edfbf3c6cdcf5221cd875a4b1/elements - {"using":"xpath","value":"//bdi[text()=\"OK\"]"}
RESULT: {"using":"xpath","value":"//bdi[text()=\"OK\"]"}
COMMAND: POST /session/3c28004edfbf3c6cdcf5221cd875a4b1/elements - {"using":"xpath","value":"//bdi[text()=\"OK\"]"}
RESULT: {"using":"xpath","value":"//bdi[text()=\"OK\"]"}
COMMAND: POST /session/3c28004edfbf3c6cdcf5221cd875a4b1/elements - {"using":"xpath","value":"//bdi[text()=\"OK\"]"}
RESULT: {"using":"xpath","value":"//bdi[text()=\"OK\"]"}
COMMAND: POST /session/3c28004edfbf3c6cdcf5221cd875a4b1/elements - {"using":"xpath","value":"//bdi[text()=\"OK\"]"}
RESULT: {"using":"xpath","value":"//bdi[text()=\"OK\"]"}
COMMAND: POST /session/3c28004edfbf3c6cdcf5221cd875a4b1/elements - {"using":"xpath","value":"//bdi[text()=\"OK\"]"}
RESULT: {"using":"xpath","value":"//bdi[text()=\"OK\"]"}
COMMAND: POST /session/3c28004edfbf3c6cdcf5221cd875a4b1/elements - {"using":"xpath","value":"//bdi[text()=\"OK\"]"}
RESULT: {"using":"xpath","value":"//bdi[text()=\"OK\"]"}
COMMAND: POST /session/3c28004edfbf3c6cdcf5221cd875a4b1/elements - {"using":"xpath","value":"//bdi[text()=\"OK\"]"}
RESULT: {"using":"xpath","value":"//bdi[text()=\"OK\"]"}
COMMAND: POST /session/3c28004edfbf3c6cdcf5221cd875a4b1/elements - {"using":"xpath","value":"//bdi[text()=\"OK\"]"}
RESULT: {"using":"xpath","value":"//bdi[text()=\"OK\"]"}
COMMAND: POST /session/3c28004edfbf3c6cdcf5221cd875a4b1/elements - {"using":"xpath","value":"//bdi[text()=\"OK\"]"}
RESULT: {"using":"xpath","value":"//bdi[text()=\"OK\"]"}
COMMAND: POST /session/3c28004edfbf3c6cdcf5221cd875a4b1/elements - {"using":"xpath","value":"//bdi[text()=\"OK\"]"}
RESULT: {"using":"xpath","value":"//bdi[text()=\"OK\"]"}
COMMAND: POST /session/3c28004edfbf3c6cdcf5221cd875a4b1/elements - {"using":"xpath","value":"//bdi[text()=\"OK\"]"}
RESULT: {"using":"xpath","value":"//bdi[text()=\"OK\"]"}
COMMAND: POST /session/3c28004edfbf3c6cdcf5221cd875a4b1/elements - {"using":"xpath","value":"//bdi[text()=\"OK\"]"}
RESULT: {"using":"xpath","value":"//bdi[text()=\"OK\"]"}
COMMAND: POST /session/3c28004edfbf3c6cdcf5221cd875a4b1/elements - {"using":"xpath","value":"//bdi[text()=\"OK\"]"}
RESULT: {"using":"xpath","value":"//bdi[text()=\"OK\"]"}
COMMAND: POST /session/3c28004edfbf3c6cdcf5221cd875a4b1/elements - {"using":"xpath","value":"//bdi[text()=\"OK\"]"}
RESULT: {"using":"xpath","value":"//bdi[text()=\"OK\"]"}
COMMAND: POST /session/3c28004edfbf3c6cdcf5221cd875a4b1/elements - {"using":"xpath","value":"//bdi[text()=\"OK\"]"}
RESULT: {"using":"xpath","value":"//bdi[text()=\"OK\"]"}
COMMAND: POST /session/3c28004edfbf3c6cdcf5221cd875a4b1/elements - {"using":"xpath","value":"//bdi[text()=\"OK\"]"}
RESULT: {"using":"xpath","value":"//bdi[text()=\"OK\"]"}
COMMAND: POST /session/3c28004edfbf3c6cdcf5221cd875a4b1/elements - {"using":"xpath","value":"//bdi[text()=\"OK\"]"}
RESULT: {"using":"xpath","value":"//bdi[text()=\"OK\"]"}
COMMAND: POST /session/3c28004edfbf3c6cdcf5221cd875a4b1/elements - {"using":"xpath","value":"//bdi[text()=\"OK\"]"}
RESULT: {"using":"xpath","value":"//bdi[text()=\"OK\"]"}
COMMAND: POST /session/3c28004edfbf3c6cdcf5221cd875a4b1/elements - {"using":"xpath","value":"//bdi[text()=\"OK\"]"}
RESULT: {"using":"xpath","value":"//bdi[text()=\"OK\"]"}
COMMAND: POST /session/3c28004edfbf3c6cdcf5221cd875a4b1/elements - {"using":"xpath","value":"//bdi[text()=\"OK\"]"}
RESULT: {"using":"xpath","value":"//bdi[text()=\"OK\"]"}
COMMAND: POST /session/3c28004edfbf3c6cdcf5221cd875a4b1/elements - {"using":"xpath","value":"//bdi[text()=\"OK\"]"}
RESULT: {"using":"xpath","value":"//bdi[text()=\"OK\"]"}
COMMAND: POST /session/3c28004edfbf3c6cdcf5221cd875a4b1/elements - {"using":"xpath","value":"//bdi[text()=\"OK\"]"}
RESULT: {"using":"xpath","value":"//bdi[text()=\"OK\"]"}
COMMAND: POST /session/3c28004edfbf3c6cdcf5221cd875a4b1/elements - {"using":"xpath","value":"//bdi[text()=\"OK\"]"}
RESULT: {"using":"xpath","value":"//bdi[text()=\"OK\"]"}
COMMAND: POST /session/3c28004edfbf3c6cdcf5221cd875a4b1/elements - {"using":"xpath","value":"//bdi[text()=\"OK\"]"}
RESULT: {"using":"xpath","value":"//bdi[text()=\"OK\"]"}
COMMAND: POST /session/3c28004edfbf3c6cdcf5221cd875a4b1/elements - {"using":"xpath","value":"//bdi[text()=\"OK\"]"}
RESULT: {"using":"xpath","value":"//bdi[text()=\"OK\"]"}
COMMAND: POST /session/3c28004edfbf3c6cdcf5221cd875a4b1/elements - {"using":"xpath","value":"//bdi[text()=\"OK\"]"}
RESULT: {"using":"xpath","value":"//bdi[text()=\"OK\"]"}
COMMAND: POST /session/3c28004edfbf3c6cdcf5221cd875a4b1/elements - {"using":"xpath","value":"//bdi[text()=\"OK\"]"}
RESULT: {"using":"xpath","value":"//bdi[text()=\"OK\"]"}
COMMAND: POST /session/3c28004edfbf3c6cdcf5221cd875a4b1/elements - {"using":"xpath","value":"//bdi[text()=\"OK\"]"}
RESULT: {"using":"xpath","value":"//bdi[text()=\"OK\"]"}
COMMAND: POST /session/3c28004edfbf3c6cdcf5221cd875a4b1/elements - {"using":"xpath","value":"//bdi[text()=\"OK\"]"}
RESULT: {"using":"xpath","value":"//bdi[text()=\"OK\"]"}
COMMAND: POST /session/3c28004edfbf3c6cdcf5221cd875a4b1/elements - {"using":"xpath","value":"//bdi[text()=\"OK\"]"}
RESULT: {"using":"xpath","value":"//bdi[text()=\"OK\"]"}
COMMAND: POST /session/3c28004edfbf3c6cdcf5221cd875a4b1/elements - {"using":"xpath","value":"//bdi[text()=\"OK\"]"}
RESULT: {"using":"xpath","value":"//bdi[text()=\"OK\"]"}
COMMAND: POST /session/3c28004edfbf3c6cdcf5221cd875a4b1/elements - {"using":"xpath","value":"//bdi[text()=\"OK\"]"}
RESULT: {"using":"xpath","value":"//bdi[text()=\"OK\"]"}
COMMAND: POST /session/3c28004edfbf3c6cdcf5221cd875a4b1/elements - {"using":"xpath","value":"//bdi[text()=\"OK\"]"}
RESULT: {"using":"xpath","value":"//bdi[text()=\"OK\"]"}
COMMAND: POST /session/3c28004edfbf3c6cdcf5221cd875a4b1/elements - {"using":"xpath","value":"//bdi[text()=\"OK\"]"}
RESULT: {"using":"xpath","value":"//bdi[text()=\"OK\"]"}
COMMAND: POST /session/3c28004edfbf3c6cdcf5221cd875a4b1/elements - {"using":"xpath","value":"//bdi[text()=\"OK\"]"}
RESULT: {"using":"xpath","value":"//bdi[text()=\"OK\"]"}
COMMAND: POST /session/3c28004edfbf3c6cdcf5221cd875a4b1/elements - {"using":"xpath","value":"//bdi[text()=\"OK\"]"}
RESULT: {"using":"xpath","value":"//bdi[text()=\"OK\"]"}
COMMAND: POST /session/3c28004edfbf3c6cdcf5221cd875a4b1/elements - {"using":"xpath","value":"//bdi[text()=\"OK\"]"}
RESULT: {"using":"xpath","value":"//bdi[text()=\"OK\"]"}
COMMAND: POST /session/3c28004edfbf3c6cdcf5221cd875a4b1/elements - {"using":"xpath","value":"//bdi[text()=\"OK\"]"}
RESULT: {"using":"xpath","value":"//bdi[text()=\"OK\"]"}
COMMAND: POST /session/3c28004edfbf3c6cdcf5221cd875a4b1/elements - {"using":"xpath","value":"//bdi[text()=\"OK\"]"}
RESULT: {"using":"xpath","value":"//bdi[text()=\"OK\"]"}
COMMAND: POST /session/3c28004edfbf3c6cdcf5221cd875a4b1/elements - {"using":"xpath","value":"//bdi[text()=\"OK\"]"}
RESULT: {"using":"xpath","value":"//bdi[text()=\"OK\"]"}
COMMAND: POST /session/3c28004edfbf3c6cdcf5221cd875a4b1/elements - {"using":"xpath","value":"//bdi[text()=\"OK\"]"}
RESULT: {"using":"xpath","value":"//bdi[text()=\"OK\"]"}
COMMAND: POST /session/3c28004edfbf3c6cdcf5221cd875a4b1/elements - {"using":"xpath","value":"//bdi[text()=\"OK\"]"}
RESULT: {"using":"xpath","value":"//bdi[text()=\"OK\"]"}
COMMAND: POST /session/3c28004edfbf3c6cdcf5221cd875a4b1/elements - {"using":"xpath","value":"//bdi[text()=\"OK\"]"}
RESULT: {"using":"xpath","value":"//bdi[text()=\"OK\"]"}
COMMAND: POST /session/3c28004edfbf3c6cdcf5221cd875a4b1/elements - {"using":"xpath","value":"//bdi[text()=\"OK\"]"}
RESULT: {"using":"xpath","value":"//bdi[text()=\"OK\"]"}
COMMAND: POST /session/3c28004edfbf3c6cdcf5221cd875a4b1/elements - {"using":"xpath","value":"//bdi[text()=\"OK\"]"}
RESULT: {"using":"xpath","value":"//bdi[text()=\"OK\"]"}
COMMAND: POST /session/3c28004edfbf3c6cdcf5221cd875a4b1/elements - {"using":"xpath","value":"//bdi[text()=\"OK\"]"}
RESULT: {"using":"xpath","value":"//bdi[text()=\"OK\"]"}
COMMAND: POST /session/3c28004edfbf3c6cdcf5221cd875a4b1/elements - {"using":"xpath","value":"//bdi[text()=\"OK\"]"}
RESULT: {"using":"xpath","value":"//bdi[text()=\"OK\"]"}
COMMAND: POST /session/3c28004edfbf3c6cdcf5221cd875a4b1/elements - {"using":"xpath","value":"//bdi[text()=\"OK\"]"}
RESULT: {"using":"xpath","value":"//bdi[text()=\"OK\"]"}
COMMAND: POST /session/3c28004edfbf3c6cdcf5221cd875a4b1/elements - {"using":"xpath","value":"//bdi[text()=\"OK\"]"}
RESULT: {"using":"xpath","value":"//bdi[text()=\"OK\"]"}
COMMAND: POST /session/3c28004edfbf3c6cdcf5221cd875a4b1/elements - {"using":"xpath","value":"//bdi[text()=\"OK\"]"}
RESULT: {"using":"xpath","value":"//bdi[text()=\"OK\"]"}
COMMAND: POST /session/3c28004edfbf3c6cdcf5221cd875a4b1/elements - {"using":"xpath","value":"//bdi[text()=\"OK\"]"}
RESULT: {"using":"xpath","value":"//bdi[text()=\"OK\"]"}
COMMAND: POST /session/3c28004edfbf3c6cdcf5221cd875a4b1/elements - {"using":"xpath","value":"//bdi[text()=\"OK\"]"}
RESULT: {"using":"xpath","value":"//bdi[text()=\"OK\"]"}
COMMAND: POST /session/3c28004edfbf3c6cdcf5221cd875a4b1/elements - {"using":"xpath","value":"//bdi[text()=\"OK\"]"}
RESULT: {"using":"xpath","value":"//bdi[text()=\"OK\"]"}
COMMAND: POST /session/3c28004edfbf3c6cdcf5221cd875a4b1/elements - {"using":"xpath","value":"//bdi[text()=\"OK\"]"}
RESULT: {"using":"xpath","value":"//bdi[text()=\"OK\"]"}
COMMAND: POST /session/3c28004edfbf3c6cdcf5221cd875a4b1/elements - {"using":"xpath","value":"//bdi[text()=\"OK\"]"}
RESULT: {"using":"xpath","value":"//bdi[text()=\"OK\"]"}
COMMAND: POST /session/3c28004edfbf3c6cdcf5221cd875a4b1/elements - {"using":"xpath","value":"//bdi[text()=\"OK\"]"}
RESULT: {"using":"xpath","value":"//bdi[text()=\"OK\"]"}
COMMAND: POST /session/3c28004edfbf3c6cdcf5221cd875a4b1/elements - {"using":"xpath","value":"//bdi[text()=\"OK\"]"}
RESULT: {"using":"xpath","value":"//bdi[text()=\"OK\"]"}
COMMAND: POST /session/3c28004edfbf3c6cdcf5221cd875a4b1/elements - {"using":"xpath","value":"//bdi[text()=\"OK\"]"}
RESULT: {"using":"xpath","value":"//bdi[text()=\"OK\"]"}
COMMAND: POST /session/3c28004edfbf3c6cdcf5221cd875a4b1/elements - {"using":"xpath","value":"//bdi[text()=\"OK\"]"}
RESULT: {"using":"xpath","value":"//bdi[text()=\"OK\"]"}
COMMAND: POST /session/3c28004edfbf3c6cdcf5221cd875a4b1/elements - {"using":"xpath","value":"//bdi[text()=\"OK\"]"}
RESULT: {"using":"xpath","value":"//bdi[text()=\"OK\"]"}
COMMAND: POST /session/3c28004edfbf3c6cdcf5221cd875a4b1/elements - {"using":"xpath","value":"//bdi[text()=\"OK\"]"}
RESULT: {"using":"xpath","value":"//bdi[text()=\"OK\"]"}
COMMAND: POST /session/3c28004edfbf3c6cdcf5221cd875a4b1/elements - {"using":"xpath","value":"//bdi[text()=\"OK\"]"}
RESULT: {"using":"xpath","value":"//bdi[text()=\"OK\"]"}
COMMAND: POST /session/3c28004edfbf3c6cdcf5221cd875a4b1/elements - {"using":"xpath","value":"//bdi[text()=\"OK\"]"}
RESULT: {"using":"xpath","value":"//bdi[text()=\"OK\"]"}
COMMAND: POST /session/3c28004edfbf3c6cdcf5221cd875a4b1/elements - {"using":"xpath","value":"//bdi[text()=\"OK\"]"}
RESULT: {"using":"xpath","value":"//bdi[text()=\"OK\"]"}
COMMAND: POST /session/3c28004edfbf3c6cdcf5221cd875a4b1/elements - {"using":"xpath","value":"//bdi[text()=\"OK\"]"}
RESULT: {"using":"xpath","value":"//bdi[text()=\"OK\"]"}
COMMAND: POST /session/3c28004edfbf3c6cdcf5221cd875a4b1/elements - {"using":"xpath","value":"//bdi[text()=\"OK\"]"}
RESULT: {"using":"xpath","value":"//bdi[text()=\"OK\"]"}
COMMAND: POST /session/3c28004edfbf3c6cdcf5221cd875a4b1/elements - {"using":"xpath","value":"//bdi[text()=\"OK\"]"}
RESULT: {"using":"xpath","value":"//bdi[text()=\"OK\"]"}
COMMAND: POST /session/3c28004edfbf3c6cdcf5221cd875a4b1/elements - {"using":"xpath","value":"//bdi[text()=\"OK\"]"}
RESULT: {"using":"xpath","value":"//bdi[text()=\"OK\"]"}
COMMAND: POST /session/3c28004edfbf3c6cdcf5221cd875a4b1/elements - {"using":"xpath","value":"//bdi[text()=\"OK\"]"}
RESULT: {"using":"xpath","value":"//bdi[text()=\"OK\"]"}
COMMAND: POST /session/3c28004edfbf3c6cdcf5221cd875a4b1/elements - {"using":"xpath","value":"//bdi[text()=\"OK\"]"}
RESULT: {"using":"xpath","value":"//bdi[text()=\"OK\"]"}
COMMAND: POST /session/3c28004edfbf3c6cdcf5221cd875a4b1/elements - {"using":"xpath","value":"//bdi[text()=\"OK\"]"}
RESULT: {"using":"xpath","value":"//bdi[text()=\"OK\"]"}
COMMAND: POST /session/3c28004edfbf3c6cdcf5221cd875a4b1/elements - {"using":"xpath","value":"//bdi[text()=\"OK\"]"}
RESULT: {"using":"xpath","value":"//bdi[text()=\"OK\"]"}
COMMAND: POST /session/3c28004edfbf3c6cdcf5221cd875a4b1/elements - {"using":"xpath","value":"//bdi[text()=\"OK\"]"}
RESULT: {"using":"xpath","value":"//bdi[text()=\"OK\"]"}
COMMAND: POST /session/3c28004edfbf3c6cdcf5221cd875a4b1/elements - {"using":"xpath","value":"//bdi[text()=\"OK\"]"}
RESULT: {"using":"xpath","value":"//bdi[text()=\"OK\"]"}
COMMAND: POST /session/3c28004edfbf3c6cdcf5221cd875a4b1/elements - {"using":"xpath","value":"//bdi[text()=\"OK\"]"}
RESULT: {"using":"xpath","value":"//bdi[text()=\"OK\"]"}
COMMAND: POST /session/3c28004edfbf3c6cdcf5221cd875a4b1/elements - {"using":"xpath","value":"//bdi[text()=\"OK\"]"}
RESULT: {"using":"xpath","value":"//bdi[text()=\"OK\"]"}
COMMAND: POST /session/3c28004edfbf3c6cdcf5221cd875a4b1/elements - {"using":"xpath","value":"//bdi[text()=\"OK\"]"}
RESULT: {"using":"xpath","value":"//bdi[text()=\"OK\"]"}
COMMAND: POST /session/3c28004edfbf3c6cdcf5221cd875a4b1/elements - {"using":"xpath","value":"//bdi[text()=\"OK\"]"}
RESULT: {"using":"xpath","value":"//bdi[text()=\"OK\"]"}
COMMAND: POST /session/3c28004edfbf3c6cdcf5221cd875a4b1/elements - {"using":"xpath","value":"//bdi[text()=\"OK\"]"}
RESULT: {"using":"xpath","value":"//bdi[text()=\"OK\"]"}
COMMAND: POST /session/3c28004edfbf3c6cdcf5221cd875a4b1/elements - {"using":"xpath","value":"//bdi[text()=\"OK\"]"}
RESULT: {"using":"xpath","value":"//bdi[text()=\"OK\"]"}
COMMAND: POST /session/3c28004edfbf3c6cdcf5221cd875a4b1/elements - {"using":"xpath","value":"//bdi[text()=\"OK\"]"}
RESULT: {"using":"xpath","value":"//bdi[text()=\"OK\"]"}
COMMAND: POST /session/3c28004edfbf3c6cdcf5221cd875a4b1/elements - {"using":"xpath","value":"//bdi[text()=\"OK\"]"}
RESULT: {"using":"xpath","value":"//bdi[text()=\"OK\"]"}
COMMAND: POST /session/3c28004edfbf3c6cdcf5221cd875a4b1/elements - {"using":"xpath","value":"//bdi[text()=\"OK\"]"}
RESULT: {"using":"xpath","value":"//bdi[text()=\"OK\"]"}
COMMAND: POST /session/3c28004edfbf3c6cdcf5221cd875a4b1/elements - {"using":"xpath","value":"//bdi[text()=\"OK\"]"}
RESULT: {"using":"xpath","value":"//bdi[text()=\"OK\"]"}
COMMAND: POST /session/3c28004edfbf3c6cdcf5221cd875a4b1/elements - {"using":"xpath","value":"//bdi[text()=\"OK\"]"}
RESULT: {"using":"xpath","value":"//bdi[text()=\"OK\"]"}
COMMAND: POST /session/3c28004edfbf3c6cdcf5221cd875a4b1/elements - {"using":"xpath","value":"//bdi[text()=\"OK\"]"}
RESULT: {"using":"xpath","value":"//bdi[text()=\"OK\"]"}
COMMAND: POST /session/3c28004edfbf3c6cdcf5221cd875a4b1/elements - {"using":"xpath","value":"//bdi[text()=\"OK\"]"}
RESULT: {"using":"xpath","value":"//bdi[text()=\"OK\"]"}
COMMAND: POST /session/3c28004edfbf3c6cdcf5221cd875a4b1/elements - {"using":"xpath","value":"//bdi[text()=\"OK\"]"}
RESULT: {"using":"xpath","value":"//bdi[text()=\"OK\"]"}
COMMAND: POST /session/3c28004edfbf3c6cdcf5221cd875a4b1/elements - {"using":"xpath","value":"//bdi[text()=\"OK\"]"}
RESULT: {"using":"xpath","value":"//bdi[text()=\"OK\"]"}
COMMAND: POST /session/3c28004edfbf3c6cdcf5221cd875a4b1/elements - {"using":"xpath","value":"//bdi[text()=\"OK\"]"}
RESULT: {"using":"xpath","value":"//bdi[text()=\"OK\"]"}
COMMAND: POST /session/3c28004edfbf3c6cdcf5221cd875a4b1/elements - {"using":"xpath","value":"//bdi[text()=\"OK\"]"}
RESULT: {"using":"xpath","value":"//bdi[text()=\"OK\"]"}
COMMAND: POST /session/3c28004edfbf3c6cdcf5221cd875a4b1/elements - {"using":"xpath","value":"//bdi[text()=\"OK\"]"}
RESULT: {"using":"xpath","value":"//bdi[text()=\"OK\"]"}
COMMAND: POST /session/3c28004edfbf3c6cdcf5221cd875a4b1/elements - {"using":"xpath","value":"//bdi[text()=\"OK\"]"}
RESULT: {"using":"xpath","value":"//bdi[text()=\"OK\"]"}
COMMAND: POST /session/3c28004edfbf3c6cdcf5221cd875a4b1/elements - {"using":"xpath","value":"//bdi[text()=\"OK\"]"}
RESULT: {"using":"xpath","value":"//bdi[text()=\"OK\"]"}
COMMAND: POST /session/3c28004edfbf3c6cdcf5221cd875a4b1/elements - {"using":"xpath","value":"//bdi[text()=\"OK\"]"}
RESULT: {"using":"xpath","value":"//bdi[text()=\"OK\"]"}
COMMAND: POST /session/3c28004edfbf3c6cdcf5221cd875a4b1/elements - {"using":"xpath","value":"//bdi[text()=\"OK\"]"}
RESULT: {"using":"xpath","value":"//bdi[text()=\"OK\"]"}
COMMAND: POST /session/3c28004edfbf3c6cdcf5221cd875a4b1/elements - {"using":"xpath","value":"//bdi[text()=\"OK\"]"}
RESULT: {"using":"xpath","value":"//bdi[text()=\"OK\"]"}
COMMAND: POST /session/3c28004edfbf3c6cdcf5221cd875a4b1/elements - {"using":"xpath","value":"//bdi[text()=\"OK\"]"}
RESULT: {"using":"xpath","value":"//bdi[text()=\"OK\"]"}
COMMAND: POST /session/3c28004edfbf3c6cdcf5221cd875a4b1/elements - {"using":"xpath","value":"//bdi[text()=\"OK\"]"}
RESULT: {"using":"xpath","value":"//bdi[text()=\"OK\"]"}
COMMAND: POST /session/3c28004edfbf3c6cdcf5221cd875a4b1/elements - {"using":"xpath","value":"//bdi[text()=\"OK\"]"}
RESULT: {"using":"xpath","value":"//bdi[text()=\"OK\"]"}
COMMAND: POST /session/3c28004edfbf3c6cdcf5221cd875a4b1/elements - {"using":"xpath","value":"//bdi[text()=\"OK\"]"}
RESULT: {"using":"xpath","value":"//bdi[text()=\"OK\"]"}
COMMAND: POST /session/3c28004edfbf3c6cdcf5221cd875a4b1/elements - {"using":"xpath","value":"//bdi[text()=\"OK\"]"}
COMMAND: POST /session/3c28004edfbf3c6cdcf5221cd875a4b1/element - {"using":"xpath","value":"//bdi[text()=\"OK\"]"}
RESULT: {"using":"xpath","value":"//bdi[text()=\"OK\"]"}
RESULT: {"using":"xpath","value":"//bdi[text()=\"OK\"]"}
COMMAND: POST /session/3c28004edfbf3c6cdcf5221cd875a4b1/elements - {"using":"xpath","value":"//bdi[text()=\"OK\"]"}
RESULT: {"using":"xpath","value":"//bdi[text()=\"OK\"]"}
COMMAND: POST /session/3c28004edfbf3c6cdcf5221cd875a4b1/elements - {"using":"xpath","value":"//bdi[text()=\"OK\"]"}
RESULT: {"using":"xpath","value":"//bdi[text()=\"OK\"]"}
COMMAND: POST /session/3c28004edfbf3c6cdcf5221cd875a4b1/elements - {"using":"xpath","value":"//bdi[text()=\"OK\"]"}
RESULT: {"using":"xpath","value":"//bdi[text()=\"OK\"]"}
COMMAND: POST /session/3c28004edfbf3c6cdcf5221cd875a4b1/elements - {"using":"xpath","value":"//bdi[text()=\"OK\"]"}
RESULT: {"using":"xpath","value":"//bdi[text()=\"OK\"]"}
COMMAND: POST /session/3c28004edfbf3c6cdcf5221cd875a4b1/elements - {"using":"xpath","value":"//bdi[text()=\"OK\"]"}
RESULT: {"using":"xpath","value":"//bdi[text()=\"OK\"]"}
COMMAND: POST /session/3c28004edfbf3c6cdcf5221cd875a4b1/elements - {"using":"xpath","value":"//bdi[text()=\"OK\"]"}
RESULT: {"using":"xpath","value":"//bdi[text()=\"OK\"]"}
COMMAND: POST /session/3c28004edfbf3c6cdcf5221cd875a4b1/elements - {"using":"xpath","value":"//bdi[text()=\"OK\"]"}
RESULT: {"using":"xpath","value":"//bdi[text()=\"OK\"]"}
COMMAND: POST /session/3c28004edfbf3c6cdcf5221cd875a4b1/elements - {"using":"xpath","value":"//bdi[text()=\"OK\"]"}
RESULT: {"using":"xpath","value":"//bdi[text()=\"OK\"]"}
COMMAND: POST /session/3c28004edfbf3c6cdcf5221cd875a4b1/elements - {"using":"xpath","value":"//bdi[text()=\"OK\"]"}
RESULT: {"using":"xpath","value":"//bdi[text()=\"OK\"]"}
COMMAND: POST /session/3c28004edfbf3c6cdcf5221cd875a4b1/elements - {"using":"xpath","value":"//bdi[text()=\"OK\"]"}
RESULT: {"using":"xpath","value":"//bdi[text()=\"OK\"]"}
COMMAND: POST /session/3c28004edfbf3c6cdcf5221cd875a4b1/elements - {"using":"xpath","value":"//bdi[text()=\"OK\"]"}
RESULT: {"using":"xpath","value":"//bdi[text()=\"OK\"]"}
COMMAND: POST /session/3c28004edfbf3c6cdcf5221cd875a4b1/elements - {"using":"xpath","value":"//bdi[text()=\"OK\"]"}
RESULT: {"using":"xpath","value":"//bdi[text()=\"OK\"]"}
COMMAND: POST /session/3c28004edfbf3c6cdcf5221cd875a4b1/elements - {"using":"xpath","value":"//bdi[text()=\"OK\"]"}
RESULT: {"using":"xpath","value":"//bdi[text()=\"OK\"]"}
COMMAND: POST /session/3c28004edfbf3c6cdcf5221cd875a4b1/elements - {"using":"xpath","value":"//bdi[text()=\"OK\"]"}
RESULT: {"using":"xpath","value":"//bdi[text()=\"OK\"]"}
COMMAND: POST /session/3c28004edfbf3c6cdcf5221cd875a4b1/elements - {"using":"xpath","value":"//bdi[text()=\"OK\"]"}
RESULT: {"using":"xpath","value":"//bdi[text()=\"OK\"]"}
COMMAND: POST /session/3c28004edfbf3c6cdcf5221cd875a4b1/elements - {"using":"xpath","value":"//bdi[text()=\"OK\"]"}
RESULT: {"using":"xpath","value":"//bdi[text()=\"OK\"]"}
COMMAND: POST /session/3c28004edfbf3c6cdcf5221cd875a4b1/elements - {"using":"xpath","value":"//bdi[text()=\"OK\"]"}
RESULT: {"using":"xpath","value":"//bdi[text()=\"OK\"]"}
COMMAND: POST /session/3c28004edfbf3c6cdcf5221cd875a4b1/elements - {"using":"xpath","value":"//bdi[text()=\"OK\"]"}
RESULT: {"using":"xpath","value":"//bdi[text()=\"OK\"]"}
COMMAND: POST /session/3c28004edfbf3c6cdcf5221cd875a4b1/elements - {"using":"xpath","value":"//bdi[text()=\"OK\"]"}
RESULT: {"using":"xpath","value":"//bdi[text()=\"OK\"]"}
COMMAND: POST /session/3c28004edfbf3c6cdcf5221cd875a4b1/elements - {"using":"xpath","value":"//bdi[text()=\"OK\"]"}
RESULT: {"using":"xpath","value":"//bdi[text()=\"OK\"]"}
COMMAND: POST /session/3c28004edfbf3c6cdcf5221cd875a4b1/elements - {"using":"xpath","value":"//bdi[text()=\"OK\"]"}
RESULT: {"using":"xpath","value":"//bdi[text()=\"OK\"]"}
COMMAND: POST /session/3c28004edfbf3c6cdcf5221cd875a4b1/elements - {"using":"xpath","value":"//bdi[text()=\"OK\"]"}
RESULT: {"using":"xpath","value":"//bdi[text()=\"OK\"]"}
COMMAND: POST /session/3c28004edfbf3c6cdcf5221cd875a4b1/elements - {"using":"xpath","value":"//bdi[text()=\"OK\"]"}
RESULT: {"using":"xpath","value":"//bdi[text()=\"OK\"]"}
COMMAND: POST /session/3c28004edfbf3c6cdcf5221cd875a4b1/elements - {"using":"xpath","value":"//bdi[text()=\"OK\"]"}
RESULT: {"using":"xpath","value":"//bdi[text()=\"OK\"]"}
COMMAND: POST /session/3c28004edfbf3c6cdcf5221cd875a4b1/elements - {"using":"xpath","value":"//bdi[text()=\"OK\"]"}
RESULT: {"using":"xpath","value":"//bdi[text()=\"OK\"]"}
COMMAND: POST /session/3c28004edfbf3c6cdcf5221cd875a4b1/elements - {"using":"xpath","value":"//bdi[text()=\"OK\"]"}
RESULT: {"using":"xpath","value":"//bdi[text()=\"OK\"]"}
COMMAND: POST /session/3c28004edfbf3c6cdcf5221cd875a4b1/elements - {"using":"xpath","value":"//bdi[text()=\"OK\"]"}
RESULT: {"using":"xpath","value":"//bdi[text()=\"OK\"]"}
COMMAND: POST /session/3c28004edfbf3c6cdcf5221cd875a4b1/elements - {"using":"xpath","value":"//bdi[text()=\"OK\"]"}
RESULT: {"using":"xpath","value":"//bdi[text()=\"OK\"]"}
COMMAND: POST /session/3c28004edfbf3c6cdcf5221cd875a4b1/elements - {"using":"xpath","value":"//bdi[text()=\"OK\"]"}
RESULT: {"using":"xpath","value":"//bdi[text()=\"OK\"]"}
COMMAND: POST /session/3c28004edfbf3c6cdcf5221cd875a4b1/elements - {"using":"xpath","value":"//bdi[text()=\"OK\"]"}
RESULT: {"using":"xpath","value":"//bdi[text()=\"OK\"]"}
COMMAND: POST /session/3c28004edfbf3c6cdcf5221cd875a4b1/elements - {"using":"xpath","value":"//bdi[text()=\"OK\"]"}
RESULT: {"using":"xpath","value":"//bdi[text()=\"OK\"]"}
COMMAND: POST /session/3c28004edfbf3c6cdcf5221cd875a4b1/elements - {"using":"xpath","value":"//bdi[text()=\"OK\"]"}
RESULT: {"using":"xpath","value":"//bdi[text()=\"OK\"]"}
COMMAND: POST /session/3c28004edfbf3c6cdcf5221cd875a4b1/elements - {"using":"xpath","value":"//bdi[text()=\"OK\"]"}
RESULT: {"using":"xpath","value":"//bdi[text()=\"OK\"]"}
COMMAND: POST /session/3c28004edfbf3c6cdcf5221cd875a4b1/elements - {"using":"xpath","value":"//bdi[text()=\"OK\"]"}
RESULT: {"using":"xpath","value":"//bdi[text()=\"OK\"]"}
COMMAND: POST /session/3c28004edfbf3c6cdcf5221cd875a4b1/elements - {"using":"xpath","value":"//bdi[text()=\"OK\"]"}
RESULT: {"using":"xpath","value":"//bdi[text()=\"OK\"]"}
COMMAND: POST /session/3c28004edfbf3c6cdcf5221cd875a4b1/elements - {"using":"xpath","value":"//bdi[text()=\"OK\"]"}
RESULT: {"using":"xpath","value":"//bdi[text()=\"OK\"]"}
COMMAND: POST /session/3c28004edfbf3c6cdcf5221cd875a4b1/elements - {"using":"xpath","value":"//bdi[text()=\"OK\"]"}
RESULT: {"using":"xpath","value":"//bdi[text()=\"OK\"]"}
COMMAND: POST /session/3c28004edfbf3c6cdcf5221cd875a4b1/elements - {"using":"xpath","value":"//bdi[text()=\"OK\"]"}
RESULT: {"using":"xpath","value":"//bdi[text()=\"OK\"]"}
COMMAND: POST /session/3c28004edfbf3c6cdcf5221cd875a4b1/elements - {"using":"xpath","value":"//bdi[text()=\"OK\"]"}
RESULT: {"using":"xpath","value":"//bdi[text()=\"OK\"]"}
COMMAND: POST /session/3c28004edfbf3c6cdcf5221cd875a4b1/elements - {"using":"xpath","value":"//bdi[text()=\"OK\"]"}
RESULT: {"using":"xpath","value":"//bdi[text()=\"OK\"]"}
COMMAND: POST /session/3c28004edfbf3c6cdcf5221cd875a4b1/elements - {"using":"xpath","value":"//bdi[text()=\"OK\"]"}
RESULT: {"using":"xpath","value":"//bdi[text()=\"OK\"]"}
COMMAND: POST /session/3c28004edfbf3c6cdcf5221cd875a4b1/elements - {"using":"xpath","value":"//bdi[text()=\"OK\"]"}
RESULT: {"using":"xpath","value":"//bdi[text()=\"OK\"]"}
COMMAND: POST /session/3c28004edfbf3c6cdcf5221cd875a4b1/elements - {"using":"xpath","value":"//bdi[text()=\"OK\"]"}
RESULT: {"using":"xpath","value":"//bdi[text()=\"OK\"]"}
COMMAND: POST /session/3c28004edfbf3c6cdcf5221cd875a4b1/elements - {"using":"xpath","value":"//bdi[text()=\"OK\"]"}
RESULT: {"using":"xpath","value":"//bdi[text()=\"OK\"]"}
COMMAND: POST /session/3c28004edfbf3c6cdcf5221cd875a4b1/elements - {"using":"xpath","value":"//bdi[text()=\"OK\"]"}
RESULT: {"using":"xpath","value":"//bdi[text()=\"OK\"]"}
COMMAND: POST /session/3c28004edfbf3c6cdcf5221cd875a4b1/elements - {"using":"xpath","value":"//bdi[text()=\"OK\"]"}
RESULT: {"using":"xpath","value":"//bdi[text()=\"OK\"]"}
COMMAND: POST /session/3c28004edfbf3c6cdcf5221cd875a4b1/elements - {"using":"xpath","value":"//bdi[text()=\"OK\"]"}
RESULT: {"using":"xpath","value":"//bdi[text()=\"OK\"]"}
COMMAND: POST /session/3c28004edfbf3c6cdcf5221cd875a4b1/elements - {"using":"xpath","value":"//bdi[text()=\"OK\"]"}
RESULT: {"using":"xpath","value":"//bdi[text()=\"OK\"]"}
COMMAND: POST /session/3c28004edfbf3c6cdcf5221cd875a4b1/elements - {"using":"xpath","value":"//bdi[text()=\"OK\"]"}
RESULT: {"using":"xpath","value":"//bdi[text()=\"OK\"]"}
COMMAND: POST /session/3c28004edfbf3c6cdcf5221cd875a4b1/elements - {"using":"xpath","value":"//bdi[text()=\"OK\"]"}
RESULT: {"using":"xpath","value":"//bdi[text()=\"OK\"]"}
COMMAND: POST /session/3c28004edfbf3c6cdcf5221cd875a4b1/elements - {"using":"xpath","value":"//bdi[text()=\"OK\"]"}
RESULT: {"using":"xpath","value":"//bdi[text()=\"OK\"]"}
COMMAND: POST /session/3c28004edfbf3c6cdcf5221cd875a4b1/elements - {"using":"xpath","value":"//bdi[text()=\"OK\"]"}
RESULT: {"using":"xpath","value":"//bdi[text()=\"OK\"]"}
COMMAND: POST /session/3c28004edfbf3c6cdcf5221cd875a4b1/elements - {"using":"xpath","value":"//bdi[text()=\"OK\"]"}
RESULT: {"using":"xpath","value":"//bdi[text()=\"OK\"]"}
COMMAND: POST /session/3c28004edfbf3c6cdcf5221cd875a4b1/elements - {"using":"xpath","value":"//bdi[text()=\"OK\"]"}
RESULT: {"using":"xpath","value":"//bdi[text()=\"OK\"]"}
COMMAND: POST /session/3c28004edfbf3c6cdcf5221cd875a4b1/elements - {"using":"xpath","value":"//bdi[text()=\"OK\"]"}
RESULT: {"using":"xpath","value":"//bdi[text()=\"OK\"]"}
COMMAND: POST /session/3c28004edfbf3c6cdcf5221cd875a4b1/elements - {"using":"xpath","value":"//bdi[text()=\"OK\"]"}
RESULT: {"using":"xpath","value":"//bdi[text()=\"OK\"]"}
COMMAND: POST /session/3c28004edfbf3c6cdcf5221cd875a4b1/elements - {"using":"xpath","value":"//bdi[text()=\"OK\"]"}
RESULT: {"using":"xpath","value":"//bdi[text()=\"OK\"]"}
COMMAND: POST /session/3c28004edfbf3c6cdcf5221cd875a4b1/elements - {"using":"xpath","value":"//bdi[text()=\"OK\"]"}
RESULT: {"using":"xpath","value":"//bdi[text()=\"OK\"]"}
COMMAND: POST /session/3c28004edfbf3c6cdcf5221cd875a4b1/elements - {"using":"xpath","value":"//bdi[text()=\"OK\"]"}
RESULT: {"using":"xpath","value":"//bdi[text()=\"OK\"]"}
COMMAND: POST /session/3c28004edfbf3c6cdcf5221cd875a4b1/elements - {"using":"xpath","value":"//bdi[text()=\"OK\"]"}
RESULT: {"using":"xpath","value":"//bdi[text()=\"OK\"]"}
COMMAND: POST /session/3c28004edfbf3c6cdcf5221cd875a4b1/elements - {"using":"xpath","value":"//bdi[text()=\"OK\"]"}
RESULT: {"using":"xpath","value":"//bdi[text()=\"OK\"]"}
COMMAND: POST /session/3c28004edfbf3c6cdcf5221cd875a4b1/elements - {"using":"xpath","value":"//bdi[text()=\"OK\"]"}
RESULT: {"using":"xpath","value":"//bdi[text()=\"OK\"]"}
COMMAND: POST /session/3c28004edfbf3c6cdcf5221cd875a4b1/elements - {"using":"xpath","value":"//bdi[text()=\"OK\"]"}
RESULT: {"using":"xpath","value":"//bdi[text()=\"OK\"]"}
COMMAND: POST /session/3c28004edfbf3c6cdcf5221cd875a4b1/elements - {"using":"xpath","value":"//bdi[text()=\"OK\"]"}
RESULT: {"using":"xpath","value":"//bdi[text()=\"OK\"]"}
COMMAND: POST /session/3c28004edfbf3c6cdcf5221cd875a4b1/elements - {"using":"xpath","value":"//bdi[text()=\"OK\"]"}
RESULT: {"using":"xpath","value":"//bdi[text()=\"OK\"]"}
COMMAND: POST /session/3c28004edfbf3c6cdcf5221cd875a4b1/elements - {"using":"xpath","value":"//bdi[text()=\"OK\"]"}
RESULT: {"using":"xpath","value":"//bdi[text()=\"OK\"]"}
COMMAND: POST /session/3c28004edfbf3c6cdcf5221cd875a4b1/elements - {"using":"xpath","value":"//bdi[text()=\"OK\"]"}
RESULT: {"using":"xpath","value":"//bdi[text()=\"OK\"]"}
COMMAND: POST /session/3c28004edfbf3c6cdcf5221cd875a4b1/elements - {"using":"xpath","value":"//bdi[text()=\"OK\"]"}
RESULT: {"using":"xpath","value":"//bdi[text()=\"OK\"]"}
COMMAND: POST /session/3c28004edfbf3c6cdcf5221cd875a4b1/elements - {"using":"xpath","value":"//bdi[text()=\"OK\"]"}
RESULT: {"using":"xpath","value":"//bdi[text()=\"OK\"]"}
COMMAND: POST /session/3c28004edfbf3c6cdcf5221cd875a4b1/elements - {"using":"xpath","value":"//bdi[text()=\"OK\"]"}
RESULT: {"using":"xpath","value":"//bdi[text()=\"OK\"]"}
COMMAND: POST /session/3c28004edfbf3c6cdcf5221cd875a4b1/elements - {"using":"xpath","value":"//bdi[text()=\"OK\"]"}
RESULT: {"using":"xpath","value":"//bdi[text()=\"OK\"]"}
COMMAND: POST /session/3c28004edfbf3c6cdcf5221cd875a4b1/elements - {"using":"xpath","value":"//bdi[text()=\"OK\"]"}
RESULT: {"using":"xpath","value":"//bdi[text()=\"OK\"]"}
COMMAND: POST /session/3c28004edfbf3c6cdcf5221cd875a4b1/elements - {"using":"xpath","value":"//bdi[text()=\"OK\"]"}
RESULT: {"using":"xpath","value":"//bdi[text()=\"OK\"]"}
COMMAND: POST /session/3c28004edfbf3c6cdcf5221cd875a4b1/elements - {"using":"xpath","value":"//bdi[text()=\"OK\"]"}
RESULT: {"using":"xpath","value":"//bdi[text()=\"OK\"]"}
COMMAND: POST /session/3c28004edfbf3c6cdcf5221cd875a4b1/elements - {"using":"xpath","value":"//bdi[text()=\"OK\"]"}
RESULT: {"using":"xpath","value":"//bdi[text()=\"OK\"]"}
COMMAND: POST /session/3c28004edfbf3c6cdcf5221cd875a4b1/elements - {"using":"xpath","value":"//bdi[text()=\"OK\"]"}
RESULT: {"using":"xpath","value":"//bdi[text()=\"OK\"]"}
COMMAND: POST /session/3c28004edfbf3c6cdcf5221cd875a4b1/elements - {"using":"xpath","value":"//bdi[text()=\"OK\"]"}
RESULT: {"using":"xpath","value":"//bdi[text()=\"OK\"]"}
COMMAND: POST /session/3c28004edfbf3c6cdcf5221cd875a4b1/elements - {"using":"xpath","value":"//bdi[text()=\"OK\"]"}
RESULT: {"using":"xpath","value":"//bdi[text()=\"OK\"]"}
COMMAND: POST /session/3c28004edfbf3c6cdcf5221cd875a4b1/elements - {"using":"xpath","value":"//bdi[text()=\"OK\"]"}
RESULT: {"using":"xpath","value":"//bdi[text()=\"OK\"]"}
COMMAND: POST /session/3c28004edfbf3c6cdcf5221cd875a4b1/elements - {"using":"xpath","value":"//bdi[text()=\"OK\"]"}
RESULT: {"using":"xpath","value":"//bdi[text()=\"OK\"]"}
COMMAND: POST /session/3c28004edfbf3c6cdcf5221cd875a4b1/elements - {"using":"xpath","value":"//bdi[text()=\"OK\"]"}
RESULT: {"using":"xpath","value":"//bdi[text()=\"OK\"]"}
COMMAND: POST /session/3c28004edfbf3c6cdcf5221cd875a4b1/elements - {"using":"xpath","value":"//bdi[text()=\"OK\"]"}
RESULT: {"using":"xpath","value":"//bdi[text()=\"OK\"]"}
COMMAND: POST /session/3c28004edfbf3c6cdcf5221cd875a4b1/elements - {"using":"xpath","value":"//bdi[text()=\"OK\"]"}
RESULT: {"using":"xpath","value":"//bdi[text()=\"OK\"]"}
COMMAND: POST /session/3c28004edfbf3c6cdcf5221cd875a4b1/elements - {"using":"xpath","value":"//bdi[text()=\"OK\"]"}
RESULT: {"using":"xpath","value":"//bdi[text()=\"OK\"]"}
COMMAND: POST /session/3c28004edfbf3c6cdcf5221cd875a4b1/elements - {"using":"xpath","value":"//bdi[text()=\"OK\"]"}
RESULT: {"using":"xpath","value":"//bdi[text()=\"OK\"]"}
COMMAND: POST /session/3c28004edfbf3c6cdcf5221cd875a4b1/elements - {"using":"xpath","value":"//bdi[text()=\"OK\"]"}
RESULT: {"using":"xpath","value":"//bdi[text()=\"OK\"]"}
COMMAND: POST /session/3c28004edfbf3c6cdcf5221cd875a4b1/elements - {"using":"xpath","value":"//bdi[text()=\"OK\"]"}
RESULT: {"using":"xpath","value":"//bdi[text()=\"OK\"]"}
COMMAND: POST /session/3c28004edfbf3c6cdcf5221cd875a4b1/elements - {"using":"xpath","value":"//bdi[text()=\"OK\"]"}
RESULT: {"using":"xpath","value":"//bdi[text()=\"OK\"]"}
COMMAND: POST /session/3c28004edfbf3c6cdcf5221cd875a4b1/elements - {"using":"xpath","value":"//bdi[text()=\"OK\"]"}
RESULT: {"using":"xpath","value":"//bdi[text()=\"OK\"]"}
COMMAND: POST /session/3c28004edfbf3c6cdcf5221cd875a4b1/elements - {"using":"xpath","value":"//bdi[text()=\"OK\"]"}
RESULT: {"using":"xpath","value":"//bdi[text()=\"OK\"]"}
COMMAND: POST /session/3c28004edfbf3c6cdcf5221cd875a4b1/elements - {"using":"xpath","value":"//bdi[text()=\"OK\"]"}
RESULT: {"using":"xpath","value":"//bdi[text()=\"OK\"]"}
COMMAND: POST /session/3c28004edfbf3c6cdcf5221cd875a4b1/elements - {"using":"xpath","value":"//bdi[text()=\"OK\"]"}
RESULT: {"using":"xpath","value":"//bdi[text()=\"OK\"]"}
COMMAND: POST /session/3c28004edfbf3c6cdcf5221cd875a4b1/elements - {"using":"xpath","value":"//bdi[text()=\"OK\"]"}
RESULT: {"using":"xpath","value":"//bdi[text()=\"OK\"]"}
COMMAND: POST /session/3c28004edfbf3c6cdcf5221cd875a4b1/elements - {"using":"xpath","value":"//bdi[text()=\"OK\"]"}
RESULT: {"using":"xpath","value":"//bdi[text()=\"OK\"]"}
COMMAND: POST /session/3c28004edfbf3c6cdcf5221cd875a4b1/elements - {"using":"xpath","value":"//bdi[text()=\"OK\"]"}
RESULT: {"using":"xpath","value":"//bdi[text()=\"OK\"]"}
COMMAND: POST /session/3c28004edfbf3c6cdcf5221cd875a4b1/elements - {"using":"xpath","value":"//bdi[text()=\"OK\"]"}
RESULT: {"using":"xpath","value":"//bdi[text()=\"OK\"]"}
COMMAND: POST /session/3c28004edfbf3c6cdcf5221cd875a4b1/elements - {"using":"xpath","value":"//bdi[text()=\"OK\"]"}
RESULT: {"using":"xpath","value":"//bdi[text()=\"OK\"]"}
COMMAND: POST /session/3c28004edfbf3c6cdcf5221cd875a4b1/elements - {"using":"xpath","value":"//bdi[text()=\"OK\"]"}
RESULT: {"using":"xpath","value":"//bdi[text()=\"OK\"]"}
COMMAND: POST /session/3c28004edfbf3c6cdcf5221cd875a4b1/elements - {"using":"xpath","value":"//bdi[text()=\"OK\"]"}
RESULT: {"using":"xpath","value":"//bdi[text()=\"OK\"]"}
COMMAND: POST /session/3c28004edfbf3c6cdcf5221cd875a4b1/elements - {"using":"xpath","value":"//bdi[text()=\"OK\"]"}
RESULT: {"using":"xpath","value":"//bdi[text()=\"OK\"]"}
COMMAND: POST /session/3c28004edfbf3c6cdcf5221cd875a4b1/elements - {"using":"xpath","value":"//bdi[text()=\"OK\"]"}
RESULT: {"using":"xpath","value":"//bdi[text()=\"OK\"]"}
COMMAND: POST /session/3c28004edfbf3c6cdcf5221cd875a4b1/elements - {"using":"xpath","value":"//bdi[text()=\"OK\"]"}
RESULT: {"using":"xpath","value":"//bdi[text()=\"OK\"]"}
COMMAND: POST /session/3c28004edfbf3c6cdcf5221cd875a4b1/elements - {"using":"xpath","value":"//bdi[text()=\"OK\"]"}
RESULT: {"using":"xpath","value":"//bdi[text()=\"OK\"]"}
COMMAND: POST /session/3c28004edfbf3c6cdcf5221cd875a4b1/elements - {"using":"xpath","value":"//bdi[text()=\"OK\"]"}
RESULT: {"using":"xpath","value":"//bdi[text()=\"OK\"]"}
COMMAND: POST /session/3c28004edfbf3c6cdcf5221cd875a4b1/elements - {"using":"xpath","value":"//bdi[text()=\"OK\"]"}
RESULT: {"using":"xpath","value":"//bdi[text()=\"OK\"]"}
COMMAND: POST /session/3c28004edfbf3c6cdcf5221cd875a4b1/elements - {"using":"xpath","value":"//bdi[text()=\"OK\"]"}
RESULT: {"using":"xpath","value":"//bdi[text()=\"OK\"]"}
COMMAND: POST /session/3c28004edfbf3c6cdcf5221cd875a4b1/elements - {"using":"xpath","value":"//bdi[text()=\"OK\"]"}
RESULT: {"using":"xpath","value":"//bdi[text()=\"OK\"]"}
COMMAND: POST /session/3c28004edfbf3c6cdcf5221cd875a4b1/elements - {"using":"xpath","value":"//bdi[text()=\"OK\"]"}
RESULT: {"using":"xpath","value":"//bdi[text()=\"OK\"]"}
COMMAND: POST /session/3c28004edfbf3c6cdcf5221cd875a4b1/elements - {"using":"xpath","value":"//bdi[text()=\"OK\"]"}
RESULT: {"using":"xpath","value":"//bdi[text()=\"OK\"]"}
COMMAND: POST /session/3c28004edfbf3c6cdcf5221cd875a4b1/elements - {"using":"xpath","value":"//bdi[text()=\"OK\"]"}
RESULT: {"using":"xpath","value":"//bdi[text()=\"OK\"]"}
COMMAND: POST /session/3c28004edfbf3c6cdcf5221cd875a4b1/elements - {"using":"xpath","value":"//bdi[text()=\"OK\"]"}
RESULT: {"using":"xpath","value":"//bdi[text()=\"OK\"]"}
COMMAND: POST /session/3c28004edfbf3c6cdcf5221cd875a4b1/elements - {"using":"xpath","value":"//bdi[text()=\"OK\"]"}
RESULT: {"using":"xpath","value":"//bdi[text()=\"OK\"]"}
COMMAND: POST /session/3c28004edfbf3c6cdcf5221cd875a4b1/elements - {"using":"xpath","value":"//bdi[text()=\"OK\"]"}
RESULT: {"using":"xpath","value":"//bdi[text()=\"OK\"]"}
COMMAND: POST /session/3c28004edfbf3c6cdcf5221cd875a4b1/elements - {"using":"xpath","value":"//bdi[text()=\"OK\"]"}
RESULT: {"using":"xpath","value":"//bdi[text()=\"OK\"]"}
COMMAND: POST /session/3c28004edfbf3c6cdcf5221cd875a4b1/elements - {"using":"xpath","value":"//bdi[text()=\"OK\"]"}
RESULT: {"using":"xpath","value":"//bdi[text()=\"OK\"]"}
COMMAND: POST /session/3c28004edfbf3c6cdcf5221cd875a4b1/elements - {"using":"xpath","value":"//bdi[text()=\"OK\"]"}
RESULT: {"using":"xpath","value":"//bdi[text()=\"OK\"]"}
COMMAND: POST /session/3c28004edfbf3c6cdcf5221cd875a4b1/elements - {"using":"xpath","value":"//bdi[text()=\"OK\"]"}
RESULT: {"using":"xpath","value":"//bdi[text()=\"OK\"]"}
COMMAND: POST /session/3c28004edfbf3c6cdcf5221cd875a4b1/elements - {"using":"xpath","value":"//bdi[text()=\"OK\"]"}
RESULT: {"using":"xpath","value":"//bdi[text()=\"OK\"]"}
COMMAND: POST /session/3c28004edfbf3c6cdcf5221cd875a4b1/elements - {"using":"xpath","value":"//bdi[text()=\"OK\"]"}
RESULT: {"using":"xpath","value":"//bdi[text()=\"OK\"]"}
COMMAND: POST /session/3c28004edfbf3c6cdcf5221cd875a4b1/elements - {"using":"xpath","value":"//bdi[text()=\"OK\"]"}
RESULT: {"using":"xpath","value":"//bdi[text()=\"OK\"]"}
COMMAND: POST /session/3c28004edfbf3c6cdcf5221cd875a4b1/elements - {"using":"xpath","value":"//bdi[text()=\"OK\"]"}
RESULT: {"using":"xpath","value":"//bdi[text()=\"OK\"]"}
COMMAND: POST /session/3c28004edfbf3c6cdcf5221cd875a4b1/execute/async - {"script":"<script> [1562 bytes]","args":[{"selector":{"id":"application-manageresources-display-component---newResourceUnit--TYPE-arrow"},"wdio_ui5_key":"applicationmanageresources-display-component---newResourceUnit--TYPE-arrow"}]}
RESULT: {"script":"<script> [1562 bytes]","args":[{"selector":{"id":"application-manageresources-display-component---newResourceUnit--TYPE-arrow"},"wdio_ui5_key":"applicationmanageresources-display-component---newResourceUnit--TYPE-arrow"}]}
RESULT: undefined
COMMAND: POST /session/3c28004edfbf3c6cdcf5221cd875a4b1/element - {"using":"xpath","value":"//*[@id=\"application-manageresources-display-component---newResourceUnit--TYPE-arrow\"]"}
RESULT: {"using":"xpath","value":"//*[@id=\"application-manageresources-display-component---newResourceUnit--TYPE-arrow\"]"}
COMMAND: POST /session/3c28004edfbf3c6cdcf5221cd875a4b1/element/f.B144892EA8D4B745C91A45796582BC5B.d.06F69337C58C0D43D8EC515E8D444D37.e.8469/click - {}
RESULT: {}
COMMAND: POST /session/3c28004edfbf3c6cdcf5221cd875a4b1/execute/async - {"script":"<script> [1562 bytes]","args":[{"selector":{"controlType":"sap.m.StandardListItem","viewName":"reusables.view.manageresources.NewResourceUnit","viewId":"application-manageresources-display-component---newResourceUnit","properties":{"title":"Equipment"},"searchOpenDialogs":true,"interaction":{"idSuffix":"content"}},"wdio_ui5_key":"reusablesview.manageresources.NewResourceUnitsap.m.StandardListItem{\"title\":\"Equipment\"}"}]}
COMMAND: GET /session/3c28004edfbf3c6cdcf5221cd875a4b1/screenshot - {}
RESULT: {"script":"<script> [1562 bytes]","args":[{"selector":{"controlType":"sap.m.StandardListItem","viewName":"reusables.view.manageresources.NewResourceUnit","viewId":"application-manageresources-display-component---newResourceUnit","properties":{"title":"Equipment"},"searchOpenDialogs":true,"interaction":{"idSuffix":"content"}},"wdio_ui5_key":"reusablesview.manageresources.NewResourceUnitsap.m.StandardListItem{\"title\":\"Equipment\"}"}]}
RESULT: undefined
COMMAND: POST /session/3c28004edfbf3c6cdcf5221cd875a4b1/element - {"using":"xpath","value":"//*[@id=\"__item139\"]"}
RESULT: {}
RESULT: {"using":"xpath","value":"//*[@id=\"__item139\"]"}
COMMAND: POST /session/3c28004edfbf3c6cdcf5221cd875a4b1/element/f.B144892EA8D4B745C91A45796582BC5B.d.06F69337C58C0D43D8EC515E8D444D37.e.8472/click - {}
RESULT: {}
COMMAND: POST /session/3c28004edfbf3c6cdcf5221cd875a4b1/execute/async - {"script":"<script> [1562 bytes]","args":[{"selector":{"id":"application-manageresources-display-component---newResourceUnit--resourceId","interaction":{"idSuffix":"inner"}},"wdio_ui5_key":"applicationmanageresources-display-component---newResourceUnit--resourceId"}]}
COMMAND: GET /session/3c28004edfbf3c6cdcf5221cd875a4b1/screenshot - {}
RESULT: {"script":"<script> [1562 bytes]","args":[{"selector":{"id":"application-manageresources-display-component---newResourceUnit--resourceId","interaction":{"idSuffix":"inner"}},"wdio_ui5_key":"applicationmanageresources-display-component---newResourceUnit--resourceId"}]}
RESULT: undefined
COMMAND: POST /session/3c28004edfbf3c6cdcf5221cd875a4b1/execute/async - {"script":"<script> [776 bytes]","args":[{"enterText":"EquipmentCounter 8dpbw","selector":{"id":"application-manageresources-display-component---newResourceUnit--resourceId","interaction":{"idSuffix":"inner"}},"clearTextFirst":true,"interactionType":"ENTER_TEXT"}]}
RESULT: {}
RESULT: {"script":"<script> [776 bytes]","args":[{"enterText":"EquipmentCounter 8dpbw","selector":{"id":"application-manageresources-display-component---newResourceUnit--resourceId","interaction":{"idSuffix":"inner"}},"clearTextFirst":true,"interactionType":"ENTER_TEXT"}]}
COMMAND: POST /session/3c28004edfbf3c6cdcf5221cd875a4b1/execute/async - {"script":"<script> [1562 bytes]","args":[{"selector":{"id":"application-manageresources-display-component---newResourceUnit--SHORT_TEXT","interaction":{"idSuffix":"inner"}},"wdio_ui5_key":"applicationmanageresources-display-component---newResourceUnit--SHORT_TEXT"}]}
RESULT: {"script":"<script> [1562 bytes]","args":[{"selector":{"id":"application-manageresources-display-component---newResourceUnit--SHORT_TEXT","interaction":{"idSuffix":"inner"}},"wdio_ui5_key":"applicationmanageresources-display-component---newResourceUnit--SHORT_TEXT"}]}
RESULT: undefined
COMMAND: POST /session/3c28004edfbf3c6cdcf5221cd875a4b1/execute/async - {"script":"<script> [776 bytes]","args":[{"enterText":"EquipmentCounter 8dpbw","selector":{"id":"application-manageresources-display-component---newResourceUnit--SHORT_TEXT","interaction":{"idSuffix":"inner"}},"clearTextFirst":true,"interactionType":"ENTER_TEXT"}]}
RESULT: {"script":"<script> [776 bytes]","args":[{"enterText":"EquipmentCounter 8dpbw","selector":{"id":"application-manageresources-display-component---newResourceUnit--SHORT_TEXT","interaction":{"idSuffix":"inner"}},"clearTextFirst":true,"interactionType":"ENTER_TEXT"}]}
COMMAND: POST /session/3c28004edfbf3c6cdcf5221cd875a4b1/execute/async - {"script":"<script> [1562 bytes]","args":[{"selector":{"id":"application-manageresources-display-component---newResourceUnit--BASE_UNIT_OF_MEASURE","interaction":{"idSuffix":"inner"}},"wdio_ui5_key":"applicationmanageresources-display-component---newResourceUnit--BASE_UNIT_OF_MEASURE"}]}
RESULT: {"script":"<script> [1562 bytes]","args":[{"selector":{"id":"application-manageresources-display-component---newResourceUnit--BASE_UNIT_OF_MEASURE","interaction":{"idSuffix":"inner"}},"wdio_ui5_key":"applicationmanageresources-display-component---newResourceUnit--BASE_UNIT_OF_MEASURE"}]}
RESULT: undefined
COMMAND: POST /session/3c28004edfbf3c6cdcf5221cd875a4b1/execute/async - {"script":"<script> [776 bytes]","args":[{"enterText":"Piece","selector":{"id":"application-manageresources-display-component---newResourceUnit--BASE_UNIT_OF_MEASURE","interaction":{"idSuffix":"inner"}},"clearTextFirst":true,"interactionType":"ENTER_TEXT"}]}
RESULT: {"script":"<script> [776 bytes]","args":[{"enterText":"Piece","selector":{"id":"application-manageresources-display-component---newResourceUnit--BASE_UNIT_OF_MEASURE","interaction":{"idSuffix":"inner"}},"clearTextFirst":true,"interactionType":"ENTER_TEXT"}]}
COMMAND: POST /session/3c28004edfbf3c6cdcf5221cd875a4b1/execute/async - {"script":"<script> [1562 bytes]","args":[{"selector":{"id":"application-manageresources-display-component---newResourceUnit--WEIGHT_UNIT","interaction":{"idSuffix":"inner"}},"wdio_ui5_key":"applicationmanageresources-display-component---newResourceUnit--WEIGHT_UNIT"}]}
RESULT: {"script":"<script> [1562 bytes]","args":[{"selector":{"id":"application-manageresources-display-component---newResourceUnit--WEIGHT_UNIT","interaction":{"idSuffix":"inner"}},"wdio_ui5_key":"applicationmanageresources-display-component---newResourceUnit--WEIGHT_UNIT"}]}
RESULT: undefined
COMMAND: POST /session/3c28004edfbf3c6cdcf5221cd875a4b1/execute/async - {"script":"<script> [776 bytes]","args":[{"enterText":"Gram","selector":{"id":"application-manageresources-display-component---newResourceUnit--WEIGHT_UNIT","interaction":{"idSuffix":"inner"}},"clearTextFirst":true,"interactionType":"ENTER_TEXT"}]}
RESULT: {"script":"<script> [776 bytes]","args":[{"enterText":"Gram","selector":{"id":"application-manageresources-display-component---newResourceUnit--WEIGHT_UNIT","interaction":{"idSuffix":"inner"}},"clearTextFirst":true,"interactionType":"ENTER_TEXT"}]}
COMMAND: POST /session/3c28004edfbf3c6cdcf5221cd875a4b1/execute/async - {"script":"<script> [1562 bytes]","args":[{"selector":{"id":"application-manageresources-display-component---newResourceUnit--newRRUPage-OPHeaderContent-collapseBtn-img"},"wdio_ui5_key":"applicationmanageresources-display-component---newResourceUnit--newRRUPage-OPHeaderContent-collapseBtn-img"}]}
RESULT: {"script":"<script> [1562 bytes]","args":[{"selector":{"id":"application-manageresources-display-component---newResourceUnit--newRRUPage-OPHeaderContent-collapseBtn-img"},"wdio_ui5_key":"applicationmanageresources-display-component---newResourceUnit--newRRUPage-OPHeaderContent-collapseBtn-img"}]}
RESULT: undefined
COMMAND: POST /session/3c28004edfbf3c6cdcf5221cd875a4b1/element - {"using":"xpath","value":"//*[@id=\"application-manageresources-display-component---newResourceUnit--newRRUPage-OPHeaderContent-collapseBtn-img\"]"}
RESULT: {"using":"xpath","value":"//*[@id=\"application-manageresources-display-component---newResourceUnit--newRRUPage-OPHeaderContent-collapseBtn-img\"]"}
COMMAND: POST /session/3c28004edfbf3c6cdcf5221cd875a4b1/element/f.B144892EA8D4B745C91A45796582BC5B.d.06F69337C58C0D43D8EC515E8D444D37.e.8480/click - {}
RESULT: {}
COMMAND: GET /session/3c28004edfbf3c6cdcf5221cd875a4b1/screenshot - {}
RESULT: {}
COMMAND: POST /session/3c28004edfbf3c6cdcf5221cd875a4b1/element - {"using":"xpath","value":"(//span[contains(@id ,\"application-manageresources-display-component---newResourceUnit--DIMENSION_UNIT-arrow\")])[1]"}
RESULT: {"using":"xpath","value":"(//span[contains(@id ,\"application-manageresources-display-component---newResourceUnit--DIMENSION_UNIT-arrow\")])[1]"}
COMMAND: POST /session/3c28004edfbf3c6cdcf5221cd875a4b1/element/f.B144892EA8D4B745C91A45796582BC5B.d.06F69337C58C0D43D8EC515E8D444D37.e.8605/click - {}
RESULT: {}
COMMAND: GET /session/3c28004edfbf3c6cdcf5221cd875a4b1/screenshot - {}
RESULT: {}
COMMAND: POST /session/3c28004edfbf3c6cdcf5221cd875a4b1/execute/async - {"script":"<script> [1562 bytes]","args":[{"selector":{"controlType":"sap.m.StandardListItem","viewName":"reusables.view.manageresources.NewResourceUnit","viewId":"application-manageresources-display-component---newResourceUnit","properties":{"title":"Centimeter"},"searchOpenDialogs":true,"interaction":{"idSuffix":"titleText"}},"wdio_ui5_key":"reusablesview.manageresources.NewResourceUnitsap.m.StandardListItem{\"title\":\"Centimeter\"}"}]}
RESULT: {"script":"<script> [1562 bytes]","args":[{"selector":{"controlType":"sap.m.StandardListItem","viewName":"reusables.view.manageresources.NewResourceUnit","viewId":"application-manageresources-display-component---newResourceUnit","properties":{"title":"Centimeter"},"searchOpenDialogs":true,"interaction":{"idSuffix":"titleText"}},"wdio_ui5_key":"reusablesview.manageresources.NewResourceUnitsap.m.StandardListItem{\"title\":\"Centimeter\"}"}]}
RESULT: undefined
COMMAND: POST /session/3c28004edfbf3c6cdcf5221cd875a4b1/element - {"using":"xpath","value":"//*[@id=\"__item182\"]"}
RESULT: {"using":"xpath","value":"//*[@id=\"__item182\"]"}
COMMAND: POST /session/3c28004edfbf3c6cdcf5221cd875a4b1/element/f.B144892EA8D4B745C91A45796582BC5B.d.06F69337C58C0D43D8EC515E8D444D37.e.8607/click - {}
RESULT: {}
COMMAND: GET /session/3c28004edfbf3c6cdcf5221cd875a4b1/screenshot - {}
RESULT: {}
COMMAND: POST /session/3c28004edfbf3c6cdcf5221cd875a4b1/execute/async - {"script":"<script> [1562 bytes]","args":[{"selector":{"id":"application-manageresources-display-component---newResourceUnit--newRRUPage-anchBar-application-manageresources-display-component---newResourceUnit--control-anchor","interaction":{"idSuffix":"BDI-content"}},"wdio_ui5_key":"applicationmanageresources-display-component---newResourceUnit--newRRUPage-anchBar-application-manageresources-display-component---newResourceUnit--control-anchor"}]}
RESULT: {"script":"<script> [1562 bytes]","args":[{"selector":{"id":"application-manageresources-display-component---newResourceUnit--newRRUPage-anchBar-application-manageresources-display-component---newResourceUnit--control-anchor","interaction":{"idSuffix":"BDI-content"}},"wdio_ui5_key":"applicationmanageresources-display-component---newResourceUnit--newRRUPage-anchBar-application-manageresources-display-component---newResourceUnit--control-anchor"}]}
RESULT: undefined
COMMAND: POST /session/3c28004edfbf3c6cdcf5221cd875a4b1/element - {"using":"xpath","value":"//*[@id=\"application-manageresources-display-component---newResourceUnit--newRRUPage-anchBar-application-manageresources-display-component---newResourceUnit--control-anchor\"]"}
RESULT: {"using":"xpath","value":"//*[@id=\"application-manageresources-display-component---newResourceUnit--newRRUPage-anchBar-application-manageresources-display-component---newResourceUnit--control-anchor\"]"}
COMMAND: POST /session/3c28004edfbf3c6cdcf5221cd875a4b1/element/f.B144892EA8D4B745C91A45796582BC5B.d.06F69337C58C0D43D8EC515E8D444D37.e.8609/click - {}
RESULT: {}
COMMAND: POST /session/3c28004edfbf3c6cdcf5221cd875a4b1/execute/async - {"script":"<script> [1562 bytes]","args":[{"selector":{"id":"application-manageresources-display-component---newResourceUnit--PLANNING_GROUP","interaction":{"idSuffix":"inner"}},"wdio_ui5_key":"applicationmanageresources-display-component---newResourceUnit--PLANNING_GROUP"}]}
COMMAND: GET /session/3c28004edfbf3c6cdcf5221cd875a4b1/screenshot - {}
RESULT: {"script":"<script> [1562 bytes]","args":[{"selector":{"id":"application-manageresources-display-component---newResourceUnit--PLANNING_GROUP","interaction":{"idSuffix":"inner"}},"wdio_ui5_key":"applicationmanageresources-display-component---newResourceUnit--PLANNING_GROUP"}]}
RESULT: undefined
COMMAND: POST /session/3c28004edfbf3c6cdcf5221cd875a4b1/execute/async - {"script":"<script> [776 bytes]","args":[{"enterText":"Heavy Equi","selector":{"id":"application-manageresources-display-component---newResourceUnit--PLANNING_GROUP","interaction":{"idSuffix":"inner"}},"clearTextFirst":true,"interactionType":"ENTER_TEXT"}]}
RESULT: {}
RESULT: {"script":"<script> [776 bytes]","args":[{"enterText":"Heavy Equi","selector":{"id":"application-manageresources-display-component---newResourceUnit--PLANNING_GROUP","interaction":{"idSuffix":"inner"}},"clearTextFirst":true,"interactionType":"ENTER_TEXT"}]}
COMMAND: POST /session/3c28004edfbf3c6cdcf5221cd875a4b1/execute/async - {"script":"<script> [1562 bytes]","args":[{"selector":{"id":"application-manageresources-display-component---newResourceUnit--ITEM_TYPE-arrow"},"wdio_ui5_key":"applicationmanageresources-display-component---newResourceUnit--ITEM_TYPE-arrow"}]}
RESULT: {"script":"<script> [1562 bytes]","args":[{"selector":{"id":"application-manageresources-display-component---newResourceUnit--ITEM_TYPE-arrow"},"wdio_ui5_key":"applicationmanageresources-display-component---newResourceUnit--ITEM_TYPE-arrow"}]}
RESULT: undefined
COMMAND: POST /session/3c28004edfbf3c6cdcf5221cd875a4b1/element - {"using":"xpath","value":"//*[@id=\"application-manageresources-display-component---newResourceUnit--ITEM_TYPE-arrow\"]"}
RESULT: {"using":"xpath","value":"//*[@id=\"application-manageresources-display-component---newResourceUnit--ITEM_TYPE-arrow\"]"}
COMMAND: POST /session/3c28004edfbf3c6cdcf5221cd875a4b1/element/f.B144892EA8D4B745C91A45796582BC5B.d.06F69337C58C0D43D8EC515E8D444D37.e.8614/click - {}
RESULT: {}
COMMAND: POST /session/3c28004edfbf3c6cdcf5221cd875a4b1/execute/async - {"script":"<script> [1562 bytes]","args":[{"selector":{"controlType":"sap.m.StandardListItem","viewName":"reusables.view.manageresources.NewResourceUnit","viewId":"application-manageresources-display-component---newResourceUnit","properties":{"title":"Resource Unit"},"searchOpenDialogs":true,"interaction":{"idSuffix":"titleText"}},"wdio_ui5_key":"reusablesview.manageresources.NewResourceUnitsap.m.StandardListItem{\"title\":\"Resource Unit\"}"}]}
COMMAND: GET /session/3c28004edfbf3c6cdcf5221cd875a4b1/screenshot - {}
RESULT: {"script":"<script> [1562 bytes]","args":[{"selector":{"controlType":"sap.m.StandardListItem","viewName":"reusables.view.manageresources.NewResourceUnit","viewId":"application-manageresources-display-component---newResourceUnit","properties":{"title":"Resource Unit"},"searchOpenDialogs":true,"interaction":{"idSuffix":"titleText"}},"wdio_ui5_key":"reusablesview.manageresources.NewResourceUnitsap.m.StandardListItem{\"title\":\"Resource Unit\"}"}]}
RESULT: undefined
COMMAND: POST /session/3c28004edfbf3c6cdcf5221cd875a4b1/element - {"using":"xpath","value":"//*[@id=\"__item204\"]"}
RESULT: {}
RESULT: {"using":"xpath","value":"//*[@id=\"__item204\"]"}
COMMAND: POST /session/3c28004edfbf3c6cdcf5221cd875a4b1/element/f.B144892EA8D4B745C91A45796582BC5B.d.06F69337C58C0D43D8EC515E8D444D37.e.8616/click - {}
RESULT: {}
COMMAND: POST /session/3c28004edfbf3c6cdcf5221cd875a4b1/element - {"using":"xpath","value":"//bdi[contains(text(), \"Time Segment\")]"}
COMMAND: GET /session/3c28004edfbf3c6cdcf5221cd875a4b1/screenshot - {}
RESULT: {"using":"xpath","value":"//bdi[contains(text(), \"Time Segment\")]"}
COMMAND: GET /session/3c28004edfbf3c6cdcf5221cd875a4b1/element/f.B144892EA8D4B745C91A45796582BC5B.d.06F69337C58C0D43D8EC515E8D444D37.e.8617/rect - {}
RESULT: {}
RESULT: {}
COMMAND: GET /session/3c28004edfbf3c6cdcf5221cd875a4b1/window/rect - {}
RESULT: {}
COMMAND: POST /session/3c28004edfbf3c6cdcf5221cd875a4b1/execute/sync - {"script":"<script> [92 bytes]","args":[]}
RESULT: {"script":"<script> [92 bytes]","args":[]}
COMMAND: POST /session/3c28004edfbf3c6cdcf5221cd875a4b1/actions - {"actions":[{"id":"action21","type":"wheel","parameters":{},"actions":[{"type":"scroll","x":-1820,"y":-21,"deltaX":0,"deltaY":0,"duration":0,"origin":{"element-6066-11e4-a52e-4f735466cecf":"f.B144892EA8D4B745C91A45796582BC5B.d.06F69337C58C0D43D8EC515E8D444D37.e.8617"}}]}]}
COMMAND: GET /session/3c28004edfbf3c6cdcf5221cd875a4b1/screenshot - {}
RESULT: {}
COMMAND: POST /session/3c28004edfbf3c6cdcf5221cd875a4b1/execute/sync - {"script":"<script> [79 bytes]","args":[{"element-6066-11e4-a52e-4f735466cecf":"f.B144892EA8D4B745C91A45796582BC5B.d.06F69337C58C0D43D8EC515E8D444D37.e.8617","ELEMENT":"f.B144892EA8D4B745C91A45796582BC5B.d.06F69337C58C0D43D8EC515E8D444D37.e.8617"},{"block":"start","inline":"nearest"}]}
RESULT: {"script":"<script> [79 bytes]","args":[{"element-6066-11e4-a52e-4f735466cecf":"f.B144892EA8D4B745C91A45796582BC5B.d.06F69337C58C0D43D8EC515E8D444D37.e.8617","ELEMENT":"f.B144892EA8D4B745C91A45796582BC5B.d.06F69337C58C0D43D8EC515E8D444D37.e.8617"},{"block":"start","inline":"nearest"}]}
COMMAND: POST /session/3c28004edfbf3c6cdcf5221cd875a4b1/execute/async - {"script":"<script> [1562 bytes]","args":[{"selector":{"id":"application-manageresources-display-component---newResourceUnit--btnAddTimeSegment-img"},"wdio_ui5_key":"applicationmanageresources-display-component---newResourceUnit--btnAddTimeSegment-img"}]}
COMMAND: GET /session/3c28004edfbf3c6cdcf5221cd875a4b1/screenshot - {}
RESULT: {"script":"<script> [1562 bytes]","args":[{"selector":{"id":"application-manageresources-display-component---newResourceUnit--btnAddTimeSegment-img"},"wdio_ui5_key":"applicationmanageresources-display-component---newResourceUnit--btnAddTimeSegment-img"}]}
RESULT: undefined
COMMAND: POST /session/3c28004edfbf3c6cdcf5221cd875a4b1/element - {"using":"xpath","value":"//*[@id=\"application-manageresources-display-component---newResourceUnit--btnAddTimeSegment-img\"]"}
RESULT: {}
RESULT: {"using":"xpath","value":"//*[@id=\"application-manageresources-display-component---newResourceUnit--btnAddTimeSegment-img\"]"}
COMMAND: POST /session/3c28004edfbf3c6cdcf5221cd875a4b1/element/f.B144892EA8D4B745C91A45796582BC5B.d.06F69337C58C0D43D8EC515E8D444D37.e.8620/click - {}
RESULT: {}
COMMAND: POST /session/3c28004edfbf3c6cdcf5221cd875a4b1/element - {"using":"xpath","value":"//input[@id=\"application-manageresources-display-component---newResourceUnit--idRuTSAdmin-application-manageresources-display-component---newResourceUnit--RUTimeSegment-0-inner\"]"}
COMMAND: GET /session/3c28004edfbf3c6cdcf5221cd875a4b1/screenshot - {}
RESULT: {"using":"xpath","value":"//input[@id=\"application-manageresources-display-component---newResourceUnit--idRuTSAdmin-application-manageresources-display-component---newResourceUnit--RUTimeSegment-0-inner\"]"}
COMMAND: POST /session/3c28004edfbf3c6cdcf5221cd875a4b1/element/f.B144892EA8D4B745C91A45796582BC5B.d.06F69337C58C0D43D8EC515E8D444D37.e.8624/clear - {}
RESULT: {}
RESULT: {}
COMMAND: POST /session/3c28004edfbf3c6cdcf5221cd875a4b1/element/f.B144892EA8D4B745C91A45796582BC5B.d.06F69337C58C0D43D8EC515E8D444D37.e.8624/value - {"text":"Webdriver Yard"}
COMMAND: GET /session/3c28004edfbf3c6cdcf5221cd875a4b1/screenshot - {}
RESULT: {"text":"Webdriver Yard"}
COMMAND: GET /session/3c28004edfbf3c6cdcf5221cd875a4b1/screenshot - {}
RESULT: {}
RESULT: {}
COMMAND: POST /session/3c28004edfbf3c6cdcf5221cd875a4b1/actions - {"actions":[{"id":"action22","type":"key","parameters":{},"actions":[{"type":"keyDown","value":"î€‡"},{"type":"pause","duration":10},{"type":"keyUp","value":"î€‡"}]}]}
RESULT: {"actions":[{"id":"action22","type":"key","parameters":{},"actions":[{"type":"keyDown","value":"î€‡"},{"type":"pause","duration":10},{"type":"keyUp","value":"î€‡"}]}]}
COMMAND: POST /session/3c28004edfbf3c6cdcf5221cd875a4b1/execute/async - {"script":"<script> [1562 bytes]","args":[{"selector":{"controlType":"sap.ui.core.Icon","viewName":"reusables.view.manageresources.NewResourceUnit","viewId":"application-manageresources-display-component---newResourceUnit","properties":{"src":{"regex":{"source":"slim\\-arrow\\-down"}}},"ancestor":{"controlType":"sap.m.ComboBox","viewName":"reusables.view.manageresources.NewResourceUnit","viewId":"application-manageresources-display-component---newResourceUnit","bindingPath":{"path":"/RESOURCE_UNIT_TIME_SEQUENCES/0","propertyPath":"COST_OBJECT_ADMIN_CST_TYPE","modelName":"oNewRruModel"}}},"wdio_ui5_key":"reusablesview.manageresources.NewResourceUnitsap.ui.core.Icon{\"src\":{\"regex\":{\"source\":\"slim\\\\-arrow\\\\-down\"}}}{\"controlType\":\"sap.m.ComboBox\",\"viewName\":\"reusables.view.manageresources.NewResourceUnit\",\"viewId\":\"application-manageresources-display-component---newResourceUnit\",\"bindingPath\":{\"path\":\"/RESOURCE_UNIT_TIME_SEQUENCES/0\",\"propertyPath\":\"COST_OBJECT_ADMIN_CST_TYPE\",\"modelName\":\"oNewRruModel\"}}"}]}
COMMAND: GET /session/3c28004edfbf3c6cdcf5221cd875a4b1/screenshot - {}
RESULT: {"script":"<script> [1562 bytes]","args":[{"selector":{"controlType":"sap.ui.core.Icon","viewName":"reusables.view.manageresources.NewResourceUnit","viewId":"application-manageresources-display-component---newResourceUnit","properties":{"src":{"regex":{"source":"slim\\-arrow\\-down"}}},"ancestor":{"controlType":"sap.m.ComboBox","viewName":"reusables.view.manageresources.NewResourceUnit","viewId":"application-manageresources-display-component---newResourceUnit","bindingPath":{"path":"/RESOURCE_UNIT_TIME_SEQUENCES/0","propertyPath":"COST_OBJECT_ADMIN_CST_TYPE","modelName":"oNewRruModel"}}},"wdio_ui5_key":"reusablesview.manageresources.NewResourceUnitsap.ui.core.Icon{\"src\":{\"regex\":{\"source\":\"slim\\\\-arrow\\\\-down\"}}}{\"controlType\":\"sap.m.ComboBox\",\"viewName\":\"reusables.view.manageresources.NewResourceUnit\",\"viewId\":\"application-manageresources-display-component---newResourceUnit\",\"bindingPath\":{\"path\":\"/RESOURCE_UNIT_TIME_SEQUENCES/0\",\"propertyPath\":\"COST_OBJECT_ADMIN_CST_TYPE\",\"modelName\":\"oNewRruModel\"}}"}]}
RESULT: undefined
COMMAND: POST /session/3c28004edfbf3c6cdcf5221cd875a4b1/element - {"using":"xpath","value":"//*[@id=\"__box4-application-manageresources-display-component---newResourceUnit--RUTimeSegment-0-arrow\"]"}
RESULT: {}
RESULT: {"using":"xpath","value":"//*[@id=\"__box4-application-manageresources-display-component---newResourceUnit--RUTimeSegment-0-arrow\"]"}
COMMAND: POST /session/3c28004edfbf3c6cdcf5221cd875a4b1/element/f.B144892EA8D4B745C91A45796582BC5B.d.06F69337C58C0D43D8EC515E8D444D37.e.8639/click - {}
RESULT: {}
COMMAND: POST /session/3c28004edfbf3c6cdcf5221cd875a4b1/execute/async - {"script":"<script> [1562 bytes]","args":[{"selector":{"controlType":"sap.m.StandardListItem","viewName":"reusables.view.manageresources.NewResourceUnit","viewId":"application-manageresources-display-component---newResourceUnit","properties":{"title":"PM Order"},"searchOpenDialogs":true,"interaction":{"idSuffix":"titleText"}},"wdio_ui5_key":"reusablesview.manageresources.NewResourceUnitsap.m.StandardListItem{\"title\":\"PM Order\"}"}]}
COMMAND: GET /session/3c28004edfbf3c6cdcf5221cd875a4b1/screenshot - {}
RESULT: {"script":"<script> [1562 bytes]","args":[{"selector":{"controlType":"sap.m.StandardListItem","viewName":"reusables.view.manageresources.NewResourceUnit","viewId":"application-manageresources-display-component---newResourceUnit","properties":{"title":"PM Order"},"searchOpenDialogs":true,"interaction":{"idSuffix":"titleText"}},"wdio_ui5_key":"reusablesview.manageresources.NewResourceUnitsap.m.StandardListItem{\"title\":\"PM Order\"}"}]}
RESULT: undefined
COMMAND: POST /session/3c28004edfbf3c6cdcf5221cd875a4b1/element - {"using":"xpath","value":"//*[@id=\"__item806\"]"}
RESULT: {}
RESULT: {"using":"xpath","value":"//*[@id=\"__item806\"]"}
COMMAND: POST /session/3c28004edfbf3c6cdcf5221cd875a4b1/element/f.B144892EA8D4B745C91A45796582BC5B.d.06F69337C58C0D43D8EC515E8D444D37.e.8643/click - {}
RESULT: {}
COMMAND: GET /session/3c28004edfbf3c6cdcf5221cd875a4b1/screenshot - {}
RESULT: {}
COMMAND: POST /session/3c28004edfbf3c6cdcf5221cd875a4b1/element - {"using":"xpath","value":"(//input[contains(@id ,\"-application-manageresources-display-component---newResourceUnit--RUTimeSegment-0-inner\")])[8]"}
RESULT: {"using":"xpath","value":"(//input[contains(@id ,\"-application-manageresources-display-component---newResourceUnit--RUTimeSegment-0-inner\")])[8]"}
COMMAND: POST /session/3c28004edfbf3c6cdcf5221cd875a4b1/element/f.B144892EA8D4B745C91A45796582BC5B.d.06F69337C58C0D43D8EC515E8D444D37.e.8646/clear - {}
RESULT: {}
COMMAND: POST /session/3c28004edfbf3c6cdcf5221cd875a4b1/element/f.B144892EA8D4B745C91A45796582BC5B.d.06F69337C58C0D43D8EC515E8D444D37.e.8646/value - {"text":"4000360"}
COMMAND: GET /session/3c28004edfbf3c6cdcf5221cd875a4b1/screenshot - {}
RESULT: {"text":"4000360"}
COMMAND: GET /session/3c28004edfbf3c6cdcf5221cd875a4b1/screenshot - {}
RESULT: {}
RESULT: {}
COMMAND: POST /session/3c28004edfbf3c6cdcf5221cd875a4b1/actions - {"actions":[{"id":"action23","type":"key","parameters":{},"actions":[{"type":"keyDown","value":"î€‡"},{"type":"pause","duration":10},{"type":"keyUp","value":"î€‡"}]}]}
RESULT: {"actions":[{"id":"action23","type":"key","parameters":{},"actions":[{"type":"keyDown","value":"î€‡"},{"type":"pause","duration":10},{"type":"keyUp","value":"î€‡"}]}]}
COMMAND: GET /session/3c28004edfbf3c6cdcf5221cd875a4b1/screenshot - {}
RESULT: {}
COMMAND: POST /session/3c28004edfbf3c6cdcf5221cd875a4b1/execute/async - {"script":"<script> [1562 bytes]","args":[{"selector":{"id":"application-manageresources-display-component---newResourceUnit--newTimeSegmentDateRangePicker-application-manageresources-display-component---newResourceUnit--RUTimeSegment-0","interaction":{"idSuffix":"inner"}},"wdio_ui5_key":"applicationmanageresources-display-component---newResourceUnit--newTimeSegmentDateRangePicker-application-manageresources-display-component---newResourceUnit--RUTimeSegment-0"}]}
RESULT: {"script":"<script> [1562 bytes]","args":[{"selector":{"id":"application-manageresources-display-component---newResourceUnit--newTimeSegmentDateRangePicker-application-manageresources-display-component---newResourceUnit--RUTimeSegment-0","interaction":{"idSuffix":"inner"}},"wdio_ui5_key":"applicationmanageresources-display-component---newResourceUnit--newTimeSegmentDateRangePicker-application-manageresources-display-component---newResourceUnit--RUTimeSegment-0"}]}
RESULT: undefined
COMMAND: POST /session/3c28004edfbf3c6cdcf5221cd875a4b1/execute/async - {"script":"<script> [1562 bytes]","args":[{"selector":{"id":"application-manageresources-display-component---newResourceUnit--newRRUPage-anchBar-application-manageresources-display-component---newResourceUnit--resource-anchor","interaction":{"idSuffix":"BDI-content"}},"wdio_ui5_key":"applicationmanageresources-display-component---newResourceUnit--newRRUPage-anchBar-application-manageresources-display-component---newResourceUnit--resource-anchor"}]}
RESULT: {"script":"<script> [1562 bytes]","args":[{"selector":{"id":"application-manageresources-display-component---newResourceUnit--newRRUPage-anchBar-application-manageresources-display-component---newResourceUnit--resource-anchor","interaction":{"idSuffix":"BDI-content"}},"wdio_ui5_key":"applicationmanageresources-display-component---newResourceUnit--newRRUPage-anchBar-application-manageresources-display-component---newResourceUnit--resource-anchor"}]}
RESULT: undefined
COMMAND: POST /session/3c28004edfbf3c6cdcf5221cd875a4b1/element - {"using":"xpath","value":"//*[@id=\"application-manageresources-display-component---newResourceUnit--newRRUPage-anchBar-application-manageresources-display-component---newResourceUnit--resource-anchor\"]"}
RESULT: {"using":"xpath","value":"//*[@id=\"application-manageresources-display-component---newResourceUnit--newRRUPage-anchBar-application-manageresources-display-component---newResourceUnit--resource-anchor\"]"}
COMMAND: POST /session/3c28004edfbf3c6cdcf5221cd875a4b1/element/f.B144892EA8D4B745C91A45796582BC5B.d.06F69337C58C0D43D8EC515E8D444D37.e.8651/click - {}
RESULT: {}
COMMAND: POST /session/3c28004edfbf3c6cdcf5221cd875a4b1/execute/async - {"script":"<script> [1562 bytes]","args":[{"selector":{"id":"application-manageresources-display-component---newResourceUnit--PLANNED_DELIVERY_DATE","interaction":{"idSuffix":"inner"}},"wdio_ui5_key":"applicationmanageresources-display-component---newResourceUnit--PLANNED_DELIVERY_DATE"}]}
COMMAND: GET /session/3c28004edfbf3c6cdcf5221cd875a4b1/screenshot - {}
RESULT: {"script":"<script> [1562 bytes]","args":[{"selector":{"id":"application-manageresources-display-component---newResourceUnit--PLANNED_DELIVERY_DATE","interaction":{"idSuffix":"inner"}},"wdio_ui5_key":"applicationmanageresources-display-component---newResourceUnit--PLANNED_DELIVERY_DATE"}]}
RESULT: undefined
COMMAND: POST /session/3c28004edfbf3c6cdcf5221cd875a4b1/execute/async - {"script":"<script> [6424 bytes]","args":[{"element-6066-11e4-a52e-4f735466cecf":"f.B144892EA8D4B745C91A45796582BC5B.d.06F69337C58C0D43D8EC515E8D444D37.e.8526"},"setValue",["05/30/24"]]}
RESULT: {}
RESULT: {"script":"<script> [6424 bytes]","args":[{"element-6066-11e4-a52e-4f735466cecf":"f.B144892EA8D4B745C91A45796582BC5B.d.06F69337C58C0D43D8EC515E8D444D37.e.8526"},"setValue",["05/30/24"]]}
COMMAND: POST /session/3c28004edfbf3c6cdcf5221cd875a4b1/execute/async - {"script":"<script> [1562 bytes]","args":[{"selector":{"controlType":"sap.m.Button","viewName":"reusables.view.manageresources.NewResourceUnit","viewId":"application-manageresources-display-component---newResourceUnit","i18NText":{"propertyName":"tooltip","key":"save"},"interaction":{"idSuffix":"BDI-content"}},"wdio_ui5_key":"reusablesview.manageresources.NewResourceUnitsap.m.Button{\"propertyName\":\"tooltip\",\"key\":\"save\"}"}]}
RESULT: {"script":"<script> [1562 bytes]","args":[{"selector":{"controlType":"sap.m.Button","viewName":"reusables.view.manageresources.NewResourceUnit","viewId":"application-manageresources-display-component---newResourceUnit","i18NText":{"propertyName":"tooltip","key":"save"},"interaction":{"idSuffix":"BDI-content"}},"wdio_ui5_key":"reusablesview.manageresources.NewResourceUnitsap.m.Button{\"propertyName\":\"tooltip\",\"key\":\"save\"}"}]}
RESULT: undefined
COMMAND: POST /session/3c28004edfbf3c6cdcf5221cd875a4b1/element - {"using":"xpath","value":"//*[@id=\"application-manageresources-display-component---newResourceUnit--createRuButton\"]"}
RESULT: {"using":"xpath","value":"//*[@id=\"application-manageresources-display-component---newResourceUnit--createRuButton\"]"}
COMMAND: POST /session/3c28004edfbf3c6cdcf5221cd875a4b1/element/f.B144892EA8D4B745C91A45796582BC5B.d.06F69337C58C0D43D8EC515E8D444D37.e.8486/click - {}
RESULT: {}
COMMAND: GET /session/3c28004edfbf3c6cdcf5221cd875a4b1/screenshot - {}
RESULT: {}
COMMAND: POST /session/3c28004edfbf3c6cdcf5221cd875a4b1/execute/async - {"script":"<script> [1562 bytes]","args":[{"selector":{"controlType":"sap.m.Button","properties":{"text":"Close"},"searchOpenDialogs":true,"interaction":{"idSuffix":"inner"}},"wdio_ui5_key":"sapm.Button{\"text\":\"Close\"}"}]}
RESULT: {"script":"<script> [1562 bytes]","args":[{"selector":{"controlType":"sap.m.Button","properties":{"text":"Close"},"searchOpenDialogs":true,"interaction":{"idSuffix":"inner"}},"wdio_ui5_key":"sapm.Button{\"text\":\"Close\"}"}]}
RESULT: undefined
COMMAND: POST /session/3c28004edfbf3c6cdcf5221cd875a4b1/element - {"using":"xpath","value":"//*[@id=\"__mbox-btn-0\"]"}
RESULT: {"using":"xpath","value":"//*[@id=\"__mbox-btn-0\"]"}
COMMAND: POST /session/3c28004edfbf3c6cdcf5221cd875a4b1/element/f.B144892EA8D4B745C91A45796582BC5B.d.06F69337C58C0D43D8EC515E8D444D37.e.8657/click - {}
RESULT: {}
COMMAND: GET /session/3c28004edfbf3c6cdcf5221cd875a4b1/screenshot - {}
RESULT: {}
COMMAND: POST /session/3c28004edfbf3c6cdcf5221cd875a4b1/execute/async - {"script":"<script> [1562 bytes]","args":[{"selector":{"controlType":"sap.m.Text","viewName":"etm.portal.ui.manageresources.view.Detail","viewId":"application-manageresources-display-component---detailRU","bindingPath":{"propertyPath":"ID","modelName":"catalogModel"}},"wdio_ui5_key":"etmportal.ui.manageresources.view.Detailsap.m.Text{\"propertyPath\":\"ID\",\"modelName\":\"catalogModel\"}"}]}
RESULT: {"script":"<script> [1562 bytes]","args":[{"selector":{"controlType":"sap.m.Text","viewName":"etm.portal.ui.manageresources.view.Detail","viewId":"application-manageresources-display-component---detailRU","bindingPath":{"propertyPath":"ID","modelName":"catalogModel"}},"wdio_ui5_key":"etmportal.ui.manageresources.view.Detailsap.m.Text{\"propertyPath\":\"ID\",\"modelName\":\"catalogModel\"}"}]}
RESULT: undefined
COMMAND: POST /session/3c28004edfbf3c6cdcf5221cd875a4b1/execute/async - {"script":"<script> [6424 bytes]","args":[{"element-6066-11e4-a52e-4f735466cecf":"f.B144892EA8D4B745C91A45796582BC5B.d.06F69337C58C0D43D8EC515E8D444D37.e.8715"},"getText",[]]}
RESULT: {"script":"<script> [6424 bytes]","args":[{"element-6066-11e4-a52e-4f735466cecf":"f.B144892EA8D4B745C91A45796582BC5B.d.06F69337C58C0D43D8EC515E8D444D37.e.8715"},"getText",[]]}
COMMAND: POST /session/3c28004edfbf3c6cdcf5221cd875a4b1/element - {"using":"xpath","value":"//bdi[text()=\"Edit\"]"}
RESULT: {"using":"xpath","value":"//bdi[text()=\"Edit\"]"}
COMMAND: GET /session/3c28004edfbf3c6cdcf5221cd875a4b1/element/f.B144892EA8D4B745C91A45796582BC5B.d.06F69337C58C0D43D8EC515E8D444D37.e.8716/enabled - {}
RESULT: {}
COMMAND: POST /session/3c28004edfbf3c6cdcf5221cd875a4b1/execute/sync - {"script":"<script> [8489 bytes]","args":[{"element-6066-11e4-a52e-4f735466cecf":"f.B144892EA8D4B745C91A45796582BC5B.d.06F69337C58C0D43D8EC515E8D444D37.e.8716","ELEMENT":"f.B144892EA8D4B745C91A45796582BC5B.d.06F69337C58C0D43D8EC515E8D444D37.e.8716"}]}
COMMAND: GET /session/3c28004edfbf3c6cdcf5221cd875a4b1/screenshot - {}
RESULT: {"script":"<script> [8489 bytes]","args":[{"element-6066-11e4-a52e-4f735466cecf":"f.B144892EA8D4B745C91A45796582BC5B.d.06F69337C58C0D43D8EC515E8D444D37.e.8716","ELEMENT":"f.B144892EA8D4B745C91A45796582BC5B.d.06F69337C58C0D43D8EC515E8D444D37.e.8716"}]}
COMMAND: POST /session/3c28004edfbf3c6cdcf5221cd875a4b1/execute/sync - {"script":"<script> [5351 bytes]","args":[{"element-6066-11e4-a52e-4f735466cecf":"f.B144892EA8D4B745C91A45796582BC5B.d.06F69337C58C0D43D8EC515E8D444D37.e.8716","ELEMENT":"f.B144892EA8D4B745C91A45796582BC5B.d.06F69337C58C0D43D8EC515E8D444D37.e.8716"}]}
COMMAND: GET /session/3c28004edfbf3c6cdcf5221cd875a4b1/screenshot - {}
RESULT: {}
RESULT: {"script":"<script> [5351 bytes]","args":[{"element-6066-11e4-a52e-4f735466cecf":"f.B144892EA8D4B745C91A45796582BC5B.d.06F69337C58C0D43D8EC515E8D444D37.e.8716","ELEMENT":"f.B144892EA8D4B745C91A45796582BC5B.d.06F69337C58C0D43D8EC515E8D444D37.e.8716"}]}
COMMAND: POST /session/3c28004edfbf3c6cdcf5221cd875a4b1/element/f.B144892EA8D4B745C91A45796582BC5B.d.06F69337C58C0D43D8EC515E8D444D37.e.8716/click - {}
COMMAND: GET /session/3c28004edfbf3c6cdcf5221cd875a4b1/screenshot - {}
RESULT: {}
RESULT: {}
COMMAND: GET /session/3c28004edfbf3c6cdcf5221cd875a4b1/screenshot - {}
RESULT: {}
RESULT: {}
COMMAND: POST /session/3c28004edfbf3c6cdcf5221cd875a4b1/element - {"using":"xpath","value":"//bdi[@id=\"application-manageresources-display-component---editResource--editRruPage-anchBar-application-manageresources-display-component---editResource--counters-anchor-BDI-content\"]"}
RESULT: {"using":"xpath","value":"//bdi[@id=\"application-manageresources-display-component---editResource--editRruPage-anchBar-application-manageresources-display-component---editResource--counters-anchor-BDI-content\"]"}
COMMAND: POST /session/3c28004edfbf3c6cdcf5221cd875a4b1/execute/sync - {"script":"<script> [8489 bytes]","args":[{"element-6066-11e4-a52e-4f735466cecf":"f.B144892EA8D4B745C91A45796582BC5B.d.06F69337C58C0D43D8EC515E8D444D37.e.8829","ELEMENT":"f.B144892EA8D4B745C91A45796582BC5B.d.06F69337C58C0D43D8EC515E8D444D37.e.8829"}]}
RESULT: {"script":"<script> [8489 bytes]","args":[{"element-6066-11e4-a52e-4f735466cecf":"f.B144892EA8D4B745C91A45796582BC5B.d.06F69337C58C0D43D8EC515E8D444D37.e.8829","ELEMENT":"f.B144892EA8D4B745C91A45796582BC5B.d.06F69337C58C0D43D8EC515E8D444D37.e.8829"}]}
COMMAND: POST /session/3c28004edfbf3c6cdcf5221cd875a4b1/element/f.B144892EA8D4B745C91A45796582BC5B.d.06F69337C58C0D43D8EC515E8D444D37.e.8829/click - {}
COMMAND: GET /session/3c28004edfbf3c6cdcf5221cd875a4b1/screenshot - {}
RESULT: {}
COMMAND: GET /session/3c28004edfbf3c6cdcf5221cd875a4b1/screenshot - {}
RESULT: {}
RESULT: {}
COMMAND: POST /session/3c28004edfbf3c6cdcf5221cd875a4b1/execute/async - {"script":"<script> [1562 bytes]","args":[{"selector":{"id":"application-manageresources-display-component---editResource--btnAddCounter-img"},"wdio_ui5_key":"applicationmanageresources-display-component---editResource--btnAddCounter-img"}]}
RESULT: {"script":"<script> [1562 bytes]","args":[{"selector":{"id":"application-manageresources-display-component---editResource--btnAddCounter-img"},"wdio_ui5_key":"applicationmanageresources-display-component---editResource--btnAddCounter-img"}]}
RESULT: undefined
COMMAND: POST /session/3c28004edfbf3c6cdcf5221cd875a4b1/element - {"using":"xpath","value":"//*[@id=\"application-manageresources-display-component---editResource--btnAddCounter-img\"]"}
RESULT: {"using":"xpath","value":"//*[@id=\"application-manageresources-display-component---editResource--btnAddCounter-img\"]"}
COMMAND: POST /session/3c28004edfbf3c6cdcf5221cd875a4b1/element/f.B144892EA8D4B745C91A45796582BC5B.d.06F69337C58C0D43D8EC515E8D444D37.e.8864/click - {}
RESULT: {}
COMMAND: GET /session/3c28004edfbf3c6cdcf5221cd875a4b1/screenshot - {}
RESULT: {}
COMMAND: POST /session/3c28004edfbf3c6cdcf5221cd875a4b1/execute/async - {"script":"<script> [1562 bytes]","args":[{"selector":{"id":"application-manageresources-display-component---editResource--HAND_OVER_TYPE-application-manageresources-display-component---editResource--RUCounters-0","interaction":{"idSuffix":"CbBg"}},"wdio_ui5_key":"applicationmanageresources-display-component---editResource--HAND_OVER_TYPE-application-manageresources-display-component---editResource--RUCounters-0"}]}
RESULT: {"script":"<script> [1562 bytes]","args":[{"selector":{"id":"application-manageresources-display-component---editResource--HAND_OVER_TYPE-application-manageresources-display-component---editResource--RUCounters-0","interaction":{"idSuffix":"CbBg"}},"wdio_ui5_key":"applicationmanageresources-display-component---editResource--HAND_OVER_TYPE-application-manageresources-display-component---editResource--RUCounters-0"}]}
RESULT: undefined
COMMAND: POST /session/3c28004edfbf3c6cdcf5221cd875a4b1/element - {"using":"xpath","value":"//*[@id=\"application-manageresources-display-component---editResource--HAND_OVER_TYPE-application-manageresources-display-component---editResource--RUCounters-0\"]"}
RESULT: {"using":"xpath","value":"//*[@id=\"application-manageresources-display-component---editResource--HAND_OVER_TYPE-application-manageresources-display-component---editResource--RUCounters-0\"]"}
COMMAND: POST /session/3c28004edfbf3c6cdcf5221cd875a4b1/element/f.B144892EA8D4B745C91A45796582BC5B.d.06F69337C58C0D43D8EC515E8D444D37.e.8870/click - {}
RESULT: {}
COMMAND: POST /session/3c28004edfbf3c6cdcf5221cd875a4b1/execute/async - {"script":"<script> [1562 bytes]","args":[{"selector":{"controlType":"sap.m.Button","viewName":"etm.portal.ui.manageresources.view.EditResource","viewId":"application-manageresources-display-component---editResource","i18NText":{"propertyName":"text","key":"save"},"interaction":{"idSuffix":"BDI-content"}},"wdio_ui5_key":"etmportal.ui.manageresources.view.EditResourcesap.m.Button{\"propertyName\":\"text\",\"key\":\"save\"}"}]}
COMMAND: GET /session/3c28004edfbf3c6cdcf5221cd875a4b1/screenshot - {}
RESULT: {"script":"<script> [1562 bytes]","args":[{"selector":{"controlType":"sap.m.Button","viewName":"etm.portal.ui.manageresources.view.EditResource","viewId":"application-manageresources-display-component---editResource","i18NText":{"propertyName":"text","key":"save"},"interaction":{"idSuffix":"BDI-content"}},"wdio_ui5_key":"etmportal.ui.manageresources.view.EditResourcesap.m.Button{\"propertyName\":\"text\",\"key\":\"save\"}"}]}
RESULT: undefined
COMMAND: POST /session/3c28004edfbf3c6cdcf5221cd875a4b1/element - {"using":"xpath","value":"//*[@id=\"__button90\"]"}
RESULT: {}
RESULT: {"using":"xpath","value":"//*[@id=\"__button90\"]"}
COMMAND: POST /session/3c28004edfbf3c6cdcf5221cd875a4b1/element/f.B144892EA8D4B745C91A45796582BC5B.d.06F69337C58C0D43D8EC515E8D444D37.e.8872/click - {}
RESULT: {}
COMMAND: GET /session/3c28004edfbf3c6cdcf5221cd875a4b1/screenshot - {}
RESULT: {}
COMMAND: POST /session/3c28004edfbf3c6cdcf5221cd875a4b1/element - {"using":"css selector","value":"#shell-header-logo"}
RESULT: {"using":"css selector","value":"#shell-header-logo"}
COMMAND: POST /session/3c28004edfbf3c6cdcf5221cd875a4b1/elements - {"using":"css selector","value":"#shell-header-logo"}
RESULT: {"using":"css selector","value":"#shell-header-logo"}
COMMAND: POST /session/3c28004edfbf3c6cdcf5221cd875a4b1/execute/sync - {"script":"<script> [8489 bytes]","args":[{"element-6066-11e4-a52e-4f735466cecf":"f.B144892EA8D4B745C91A45796582BC5B.d.06F69337C58C0D43D8EC515E8D444D37.e.7983","ELEMENT":"f.B144892EA8D4B745C91A45796582BC5B.d.06F69337C58C0D43D8EC515E8D444D37.e.7983"}]}
RESULT: {"script":"<script> [8489 bytes]","args":[{"element-6066-11e4-a52e-4f735466cecf":"f.B144892EA8D4B745C91A45796582BC5B.d.06F69337C58C0D43D8EC515E8D444D37.e.7983","ELEMENT":"f.B144892EA8D4B745C91A45796582BC5B.d.06F69337C58C0D43D8EC515E8D444D37.e.7983"}]}
COMMAND: POST /session/3c28004edfbf3c6cdcf5221cd875a4b1/execute/sync - {"script":"<script> [5351 bytes]","args":[{"element-6066-11e4-a52e-4f735466cecf":"f.B144892EA8D4B745C91A45796582BC5B.d.06F69337C58C0D43D8EC515E8D444D37.e.7983","ELEMENT":"f.B144892EA8D4B745C91A45796582BC5B.d.06F69337C58C0D43D8EC515E8D444D37.e.7983"}]}
COMMAND: GET /session/3c28004edfbf3c6cdcf5221cd875a4b1/screenshot - {}
RESULT: {"script":"<script> [5351 bytes]","args":[{"element-6066-11e4-a52e-4f735466cecf":"f.B144892EA8D4B745C91A45796582BC5B.d.06F69337C58C0D43D8EC515E8D444D37.e.7983","ELEMENT":"f.B144892EA8D4B745C91A45796582BC5B.d.06F69337C58C0D43D8EC515E8D444D37.e.7983"}]}
COMMAND: POST /session/3c28004edfbf3c6cdcf5221cd875a4b1/element/f.B144892EA8D4B745C91A45796582BC5B.d.06F69337C58C0D43D8EC515E8D444D37.e.7983/click - {}
COMMAND: GET /session/3c28004edfbf3c6cdcf5221cd875a4b1/screenshot - {}
RESULT: {}
RESULT: {}
COMMAND: GET /session/3c28004edfbf3c6cdcf5221cd875a4b1/screenshot - {}
RESULT: {}
RESULT: {}
COMMAND: POST /session/3c28004edfbf3c6cdcf5221cd875a4b1/element - {"using":"css selector","value":"#shell-header-logo"}
RESULT: {"using":"css selector","value":"#shell-header-logo"}
COMMAND: POST /session/3c28004edfbf3c6cdcf5221cd875a4b1/element/f.B144892EA8D4B745C91A45796582BC5B.d.06F69337C58C0D43D8EC515E8D444D37.e.8885/click - {}
RESULT: {}
COMMAND: GET /session/3c28004edfbf3c6cdcf5221cd875a4b1/screenshot - {}
RESULT: {}
]]></system-out>
    </testcase>
  </testsuite>
  <testsuite timestamp="2025-04-30T05:59:33" time="73.547" tests="2" failures="0" errors="0" skipped="0">
    <properties>
      <property name="specId" value="0" />
      <property name="suiteName" value="Personnel creation and reference material verification  US120163" />
      <property name="capabilities" value="chrome.135_0_7049_96.windows" />
      <property name="file" value="file:///D:/a/1/s/test/specs/R2C/create-personnel-no-material-reference.spec.js" />
    </properties>
    <testcase classname="chrome.135_0_7049_96.windows.Personnel_creation_and_reference_material_verification__US120163" name="Should create a new personnel and verify if the material reference is visible" time="53.929">
      <system-out><![CDATA[
RESULT: undefined
COMMAND: POST /session/3c28004edfbf3c6cdcf5221cd875a4b1/element - {"using":"xpath","value":"//*[@id=\"__tile31\"]"}
RESULT: {"using":"xpath","value":"//*[@id=\"__tile31\"]"}
COMMAND: POST /session/3c28004edfbf3c6cdcf5221cd875a4b1/element/f.B144892EA8D4B745C91A45796582BC5B.d.06F69337C58C0D43D8EC515E8D444D37.e.8006/click - {}
RESULT: {}
COMMAND: GET /session/3c28004edfbf3c6cdcf5221cd875a4b1/screenshot - {}
RESULT: {}
COMMAND: POST /session/3c28004edfbf3c6cdcf5221cd875a4b1/element - {"using":"xpath","value":"//button[@data-kt=\"addNewRUOverflowToolbarButton\"]"}
RESULT: {"using":"xpath","value":"//button[@data-kt=\"addNewRUOverflowToolbarButton\"]"}
COMMAND: POST /session/3c28004edfbf3c6cdcf5221cd875a4b1/execute/sync - {"script":"<script> [8489 bytes]","args":[{"element-6066-11e4-a52e-4f735466cecf":"f.B144892EA8D4B745C91A45796582BC5B.d.06F69337C58C0D43D8EC515E8D444D37.e.8951","ELEMENT":"f.B144892EA8D4B745C91A45796582BC5B.d.06F69337C58C0D43D8EC515E8D444D37.e.8951"}]}
RESULT: {"script":"<script> [8489 bytes]","args":[{"element-6066-11e4-a52e-4f735466cecf":"f.B144892EA8D4B745C91A45796582BC5B.d.06F69337C58C0D43D8EC515E8D444D37.e.8951","ELEMENT":"f.B144892EA8D4B745C91A45796582BC5B.d.06F69337C58C0D43D8EC515E8D444D37.e.8951"}]}
COMMAND: POST /session/3c28004edfbf3c6cdcf5221cd875a4b1/element/f.B144892EA8D4B745C91A45796582BC5B.d.06F69337C58C0D43D8EC515E8D444D37.e.8951/click - {}
COMMAND: GET /session/3c28004edfbf3c6cdcf5221cd875a4b1/screenshot - {}
RESULT: {}
RESULT: undefined
COMMAND: POST /session/3c28004edfbf3c6cdcf5221cd875a4b1/element - {"using":"xpath","value":"//*[@id=\"application-manageresources-display-component---newResourceUnit--TYPE-arrow\"]"}
COMMAND: GET /session/3c28004edfbf3c6cdcf5221cd875a4b1/screenshot - {}
RESULT: {}
RESULT: {"using":"xpath","value":"//*[@id=\"application-manageresources-display-component---newResourceUnit--TYPE-arrow\"]"}
COMMAND: POST /session/3c28004edfbf3c6cdcf5221cd875a4b1/elements - {"using":"xpath","value":"//*[@id=\"application-manageresources-display-component---newResourceUnit--TYPE-arrow\"]"}
RESULT: {}
RESULT: {"using":"xpath","value":"//*[@id=\"application-manageresources-display-component---newResourceUnit--TYPE-arrow\"]"}
COMMAND: POST /session/3c28004edfbf3c6cdcf5221cd875a4b1/elements - {"using":"xpath","value":"//*[@id=\"application-manageresources-display-component---newResourceUnit--TYPE-arrow\"]"}
RESULT: {"using":"xpath","value":"//*[@id=\"application-manageresources-display-component---newResourceUnit--TYPE-arrow\"]"}
COMMAND: POST /session/3c28004edfbf3c6cdcf5221cd875a4b1/element - {"using":"xpath","value":"//*[@id=\"application-manageresources-display-component---newResourceUnit--TYPE-arrow\"]"}
RESULT: {"using":"xpath","value":"//*[@id=\"application-manageresources-display-component---newResourceUnit--TYPE-arrow\"]"}
COMMAND: POST /session/3c28004edfbf3c6cdcf5221cd875a4b1/element/f.B144892EA8D4B745C91A45796582BC5B.d.06F69337C58C0D43D8EC515E8D444D37.e.9259/click - {}
RESULT: {}
COMMAND: POST /session/3c28004edfbf3c6cdcf5221cd875a4b1/execute/async - {"script":"<script> [1562 bytes]","args":[{"selector":{"controlType":"sap.m.StandardListItem","viewName":"reusables.view.manageresources.NewResourceUnit","viewId":"application-manageresources-display-component---newResourceUnit","properties":{"title":"Personnel"},"searchOpenDialogs":true,"interaction":{"idSuffix":"titleText"}},"wdio_ui5_key":"reusablesview.manageresources.NewResourceUnitsap.m.StandardListItem{\"title\":\"Personnel\"}"}]}
COMMAND: GET /session/3c28004edfbf3c6cdcf5221cd875a4b1/screenshot - {}
RESULT: {"script":"<script> [1562 bytes]","args":[{"selector":{"controlType":"sap.m.StandardListItem","viewName":"reusables.view.manageresources.NewResourceUnit","viewId":"application-manageresources-display-component---newResourceUnit","properties":{"title":"Personnel"},"searchOpenDialogs":true,"interaction":{"idSuffix":"titleText"}},"wdio_ui5_key":"reusablesview.manageresources.NewResourceUnitsap.m.StandardListItem{\"title\":\"Personnel\"}"}]}
RESULT: undefined
COMMAND: POST /session/3c28004edfbf3c6cdcf5221cd875a4b1/element - {"using":"xpath","value":"//*[@id=\"__item1384\"]"}
RESULT: {}
RESULT: {"using":"xpath","value":"//*[@id=\"__item1384\"]"}
COMMAND: POST /session/3c28004edfbf3c6cdcf5221cd875a4b1/element/f.B144892EA8D4B745C91A45796582BC5B.d.06F69337C58C0D43D8EC515E8D444D37.e.9265/click - {}
RESULT: {}
RESULT: undefined
COMMAND: POST /session/3c28004edfbf3c6cdcf5221cd875a4b1/execute/async - {"script":"<script> [776 bytes]","args":[{"enterText":"WdIOPersonnela051gi","selector":{"id":"application-manageresources-display-component---newResourceUnit--SHORT_TEXT","interaction":{"idSuffix":"inner"}},"clearTextFirst":true,"interactionType":"ENTER_TEXT"}]}
COMMAND: GET /session/3c28004edfbf3c6cdcf5221cd875a4b1/screenshot - {}
RESULT: {"script":"<script> [776 bytes]","args":[{"enterText":"WdIOPersonnela051gi","selector":{"id":"application-manageresources-display-component---newResourceUnit--SHORT_TEXT","interaction":{"idSuffix":"inner"}},"clearTextFirst":true,"interactionType":"ENTER_TEXT"}]}
COMMAND: POST /session/3c28004edfbf3c6cdcf5221cd875a4b1/element - {"using":"xpath","value":"//bdi[contains(text(), \"Material\")]"}
RESULT: {}
RESULT: {"using":"xpath","value":"//bdi[contains(text(), \"Material\")]"}
COMMAND: POST /session/3c28004edfbf3c6cdcf5221cd875a4b1/element - {"using":"xpath","value":"//bdi[contains(text(), \"Material\")]"}
RESULT: {"using":"xpath","value":"//bdi[contains(text(), \"Material\")]"}
COMMAND: POST /session/3c28004edfbf3c6cdcf5221cd875a4b1/execute/async - {"script":"<script> [1562 bytes]","args":[{"selector":{"id":"application-manageresources-display-component---newResourceUnit--BASE_UNIT_OF_MEASURE-arrow"},"wdio_ui5_key":"applicationmanageresources-display-component---newResourceUnit--BASE_UNIT_OF_MEASURE-arrow"}]}
RESULT: {"script":"<script> [1562 bytes]","args":[{"selector":{"id":"application-manageresources-display-component---newResourceUnit--BASE_UNIT_OF_MEASURE-arrow"},"wdio_ui5_key":"applicationmanageresources-display-component---newResourceUnit--BASE_UNIT_OF_MEASURE-arrow"}]}
RESULT: undefined
COMMAND: POST /session/3c28004edfbf3c6cdcf5221cd875a4b1/element - {"using":"xpath","value":"//*[@id=\"application-manageresources-display-component---newResourceUnit--BASE_UNIT_OF_MEASURE-arrow\"]"}
RESULT: {"using":"xpath","value":"//*[@id=\"application-manageresources-display-component---newResourceUnit--BASE_UNIT_OF_MEASURE-arrow\"]"}
COMMAND: POST /session/3c28004edfbf3c6cdcf5221cd875a4b1/element/f.B144892EA8D4B745C91A45796582BC5B.d.06F69337C58C0D43D8EC515E8D444D37.e.9307/click - {}
RESULT: {}
COMMAND: POST /session/3c28004edfbf3c6cdcf5221cd875a4b1/execute/async - {"script":"<script> [1562 bytes]","args":[{"selector":{"controlType":"sap.m.StandardListItem","viewName":"reusables.view.manageresources.NewResourceUnit","viewId":"application-manageresources-display-component---newResourceUnit","properties":{"title":"Percent"},"searchOpenDialogs":true,"interaction":{"idSuffix":"titleText"}},"wdio_ui5_key":"reusablesview.manageresources.NewResourceUnitsap.m.StandardListItem{\"title\":\"Percent\"}"}]}
COMMAND: GET /session/3c28004edfbf3c6cdcf5221cd875a4b1/screenshot - {}
RESULT: {"script":"<script> [1562 bytes]","args":[{"selector":{"controlType":"sap.m.StandardListItem","viewName":"reusables.view.manageresources.NewResourceUnit","viewId":"application-manageresources-display-component---newResourceUnit","properties":{"title":"Percent"},"searchOpenDialogs":true,"interaction":{"idSuffix":"titleText"}},"wdio_ui5_key":"reusablesview.manageresources.NewResourceUnitsap.m.StandardListItem{\"title\":\"Percent\"}"}]}
RESULT: undefined
COMMAND: POST /session/3c28004edfbf3c6cdcf5221cd875a4b1/element - {"using":"xpath","value":"//*[@id=\"__item1406\"]"}
RESULT: {}
RESULT: {"using":"xpath","value":"//*[@id=\"__item1406\"]"}
COMMAND: POST /session/3c28004edfbf3c6cdcf5221cd875a4b1/element/f.B144892EA8D4B745C91A45796582BC5B.d.06F69337C58C0D43D8EC515E8D444D37.e.9309/click - {}
RESULT: {}
COMMAND: POST /session/3c28004edfbf3c6cdcf5221cd875a4b1/execute/async - {"script":"<script> [1562 bytes]","args":[{"selector":{"id":"application-manageresources-display-component---newResourceUnit--PLANNING_GROUP-arrow"},"wdio_ui5_key":"applicationmanageresources-display-component---newResourceUnit--PLANNING_GROUP-arrow"}]}
COMMAND: GET /session/3c28004edfbf3c6cdcf5221cd875a4b1/screenshot - {}
RESULT: {"script":"<script> [1562 bytes]","args":[{"selector":{"id":"application-manageresources-display-component---newResourceUnit--PLANNING_GROUP-arrow"},"wdio_ui5_key":"applicationmanageresources-display-component---newResourceUnit--PLANNING_GROUP-arrow"}]}
RESULT: undefined
COMMAND: POST /session/3c28004edfbf3c6cdcf5221cd875a4b1/element - {"using":"xpath","value":"//*[@id=\"application-manageresources-display-component---newResourceUnit--PLANNING_GROUP-arrow\"]"}
RESULT: {}
RESULT: {"using":"xpath","value":"//*[@id=\"application-manageresources-display-component---newResourceUnit--PLANNING_GROUP-arrow\"]"}
COMMAND: POST /session/3c28004edfbf3c6cdcf5221cd875a4b1/element/f.B144892EA8D4B745C91A45796582BC5B.d.06F69337C58C0D43D8EC515E8D444D37.e.9310/click - {}
RESULT: {}
COMMAND: GET /session/3c28004edfbf3c6cdcf5221cd875a4b1/screenshot - {}
RESULT: {}
COMMAND: POST /session/3c28004edfbf3c6cdcf5221cd875a4b1/execute/async - {"script":"<script> [1562 bytes]","args":[{"selector":{"controlType":"sap.m.StandardListItem","viewName":"reusables.view.manageresources.NewResourceUnit","viewId":"application-manageresources-display-component---newResourceUnit","properties":{"title":"Operating personnel"},"searchOpenDialogs":true,"interaction":{"idSuffix":"titleText"}},"wdio_ui5_key":"reusablesview.manageresources.NewResourceUnitsap.m.StandardListItem{\"title\":\"Operating personnel\"}"}]}
RESULT: {"script":"<script> [1562 bytes]","args":[{"selector":{"controlType":"sap.m.StandardListItem","viewName":"reusables.view.manageresources.NewResourceUnit","viewId":"application-manageresources-display-component---newResourceUnit","properties":{"title":"Operating personnel"},"searchOpenDialogs":true,"interaction":{"idSuffix":"titleText"}},"wdio_ui5_key":"reusablesview.manageresources.NewResourceUnitsap.m.StandardListItem{\"title\":\"Operating personnel\"}"}]}
RESULT: undefined
COMMAND: POST /session/3c28004edfbf3c6cdcf5221cd875a4b1/element - {"using":"xpath","value":"//*[@id=\"__item1415\"]"}
RESULT: {"using":"xpath","value":"//*[@id=\"__item1415\"]"}
COMMAND: POST /session/3c28004edfbf3c6cdcf5221cd875a4b1/element/f.B144892EA8D4B745C91A45796582BC5B.d.06F69337C58C0D43D8EC515E8D444D37.e.9312/click - {}
RESULT: {}
COMMAND: GET /session/3c28004edfbf3c6cdcf5221cd875a4b1/screenshot - {}
RESULT: {}
COMMAND: POST /session/3c28004edfbf3c6cdcf5221cd875a4b1/element - {"using":"xpath","value":"//bdi[contains(text(), \"Time Segment\")]"}
RESULT: {"using":"xpath","value":"//bdi[contains(text(), \"Time Segment\")]"}
COMMAND: GET /session/3c28004edfbf3c6cdcf5221cd875a4b1/element/f.B144892EA8D4B745C91A45796582BC5B.d.06F69337C58C0D43D8EC515E8D444D37.e.9313/rect - {}
RESULT: {}
COMMAND: GET /session/3c28004edfbf3c6cdcf5221cd875a4b1/window/rect - {}
RESULT: {}
COMMAND: POST /session/3c28004edfbf3c6cdcf5221cd875a4b1/execute/sync - {"script":"<script> [92 bytes]","args":[]}
RESULT: {"script":"<script> [92 bytes]","args":[]}
COMMAND: POST /session/3c28004edfbf3c6cdcf5221cd875a4b1/actions - {"actions":[{"id":"action24","type":"wheel","parameters":{},"actions":[{"type":"scroll","x":-1820,"y":804,"deltaX":0,"deltaY":0,"duration":0,"origin":{"element-6066-11e4-a52e-4f735466cecf":"f.B144892EA8D4B745C91A45796582BC5B.d.06F69337C58C0D43D8EC515E8D444D37.e.9313"}}]}]}
COMMAND: GET /session/3c28004edfbf3c6cdcf5221cd875a4b1/screenshot - {}
RESULT: {}
COMMAND: POST /session/3c28004edfbf3c6cdcf5221cd875a4b1/execute/sync - {"script":"<script> [79 bytes]","args":[{"element-6066-11e4-a52e-4f735466cecf":"f.B144892EA8D4B745C91A45796582BC5B.d.06F69337C58C0D43D8EC515E8D444D37.e.9313","ELEMENT":"f.B144892EA8D4B745C91A45796582BC5B.d.06F69337C58C0D43D8EC515E8D444D37.e.9313"},{"block":"start","inline":"nearest"}]}
RESULT: {"script":"<script> [79 bytes]","args":[{"element-6066-11e4-a52e-4f735466cecf":"f.B144892EA8D4B745C91A45796582BC5B.d.06F69337C58C0D43D8EC515E8D444D37.e.9313","ELEMENT":"f.B144892EA8D4B745C91A45796582BC5B.d.06F69337C58C0D43D8EC515E8D444D37.e.9313"},{"block":"start","inline":"nearest"}]}
COMMAND: GET /session/3c28004edfbf3c6cdcf5221cd875a4b1/screenshot - {}
RESULT: {}
COMMAND: POST /session/3c28004edfbf3c6cdcf5221cd875a4b1/element - {"using":"xpath","value":"//span[@id=\"application-manageresources-display-component---newResourceUnit--btnAddTimeSegment-img\"]"}
RESULT: {"using":"xpath","value":"//span[@id=\"application-manageresources-display-component---newResourceUnit--btnAddTimeSegment-img\"]"}
COMMAND: POST /session/3c28004edfbf3c6cdcf5221cd875a4b1/execute/sync - {"script":"<script> [8489 bytes]","args":[{"element-6066-11e4-a52e-4f735466cecf":"f.B144892EA8D4B745C91A45796582BC5B.d.06F69337C58C0D43D8EC515E8D444D37.e.9320","ELEMENT":"f.B144892EA8D4B745C91A45796582BC5B.d.06F69337C58C0D43D8EC515E8D444D37.e.9320"}]}
RESULT: {"script":"<script> [8489 bytes]","args":[{"element-6066-11e4-a52e-4f735466cecf":"f.B144892EA8D4B745C91A45796582BC5B.d.06F69337C58C0D43D8EC515E8D444D37.e.9320","ELEMENT":"f.B144892EA8D4B745C91A45796582BC5B.d.06F69337C58C0D43D8EC515E8D444D37.e.9320"}]}
COMMAND: POST /session/3c28004edfbf3c6cdcf5221cd875a4b1/element/f.B144892EA8D4B745C91A45796582BC5B.d.06F69337C58C0D43D8EC515E8D444D37.e.9320/click - {}
COMMAND: GET /session/3c28004edfbf3c6cdcf5221cd875a4b1/screenshot - {}
RESULT: {}
COMMAND: GET /session/3c28004edfbf3c6cdcf5221cd875a4b1/screenshot - {}
RESULT: {}
COMMAND: POST /session/3c28004edfbf3c6cdcf5221cd875a4b1/element - {"using":"xpath","value":"//input[@id=\"application-manageresources-display-component---newResourceUnit--idRuTSAdmin-application-manageresources-display-component---newResourceUnit--RUTimeSegment-0-inner\"]"}
RESULT: {}
RESULT: {"using":"xpath","value":"//input[@id=\"application-manageresources-display-component---newResourceUnit--idRuTSAdmin-application-manageresources-display-component---newResourceUnit--RUTimeSegment-0-inner\"]"}
COMMAND: POST /session/3c28004edfbf3c6cdcf5221cd875a4b1/element/f.B144892EA8D4B745C91A45796582BC5B.d.06F69337C58C0D43D8EC515E8D444D37.e.9323/clear - {}
RESULT: {}
COMMAND: POST /session/3c28004edfbf3c6cdcf5221cd875a4b1/element/f.B144892EA8D4B745C91A45796582BC5B.d.06F69337C58C0D43D8EC515E8D444D37.e.9323/value - {"text":"webdriveryard"}
COMMAND: GET /session/3c28004edfbf3c6cdcf5221cd875a4b1/screenshot - {}
RESULT: {"text":"webdriveryard"}
COMMAND: GET /session/3c28004edfbf3c6cdcf5221cd875a4b1/screenshot - {}
RESULT: {}
RESULT: {}
COMMAND: POST /session/3c28004edfbf3c6cdcf5221cd875a4b1/actions - {"actions":[{"id":"action25","type":"key","parameters":{},"actions":[{"type":"keyDown","value":"î€‡"},{"type":"pause","duration":10},{"type":"keyUp","value":"î€‡"}]}]}
RESULT: {"actions":[{"id":"action25","type":"key","parameters":{},"actions":[{"type":"keyDown","value":"î€‡"},{"type":"pause","duration":10},{"type":"keyUp","value":"î€‡"}]}]}
COMMAND: GET /session/3c28004edfbf3c6cdcf5221cd875a4b1/screenshot - {}
RESULT: {}
COMMAND: POST /session/3c28004edfbf3c6cdcf5221cd875a4b1/element - {"using":"xpath","value":"//input[contains(@id, \"application-manageresources-display-component---newResourceUnit--newControlDataDateRangePicker-inner\")]"}
RESULT: {"using":"xpath","value":"//input[contains(@id, \"application-manageresources-display-component---newResourceUnit--newControlDataDateRangePicker-inner\")]"}
COMMAND: POST /session/3c28004edfbf3c6cdcf5221cd875a4b1/element/f.B144892EA8D4B745C91A45796582BC5B.d.06F69337C58C0D43D8EC515E8D444D37.e.9294/clear - {}
RESULT: {}
COMMAND: POST /session/3c28004edfbf3c6cdcf5221cd875a4b1/element/f.B144892EA8D4B745C91A45796582BC5B.d.06F69337C58C0D43D8EC515E8D444D37.e.9294/value - {"text":"12/17/26 - 2/18/27"}
COMMAND: GET /session/3c28004edfbf3c6cdcf5221cd875a4b1/screenshot - {}
RESULT: {"text":"12/17/26 - 2/18/27"}
COMMAND: POST /session/3c28004edfbf3c6cdcf5221cd875a4b1/element - {"using":"xpath","value":"//bdi[contains(@id, \"application-manageresources-display-component---newResourceUnit--createRuButton-BDI-content\")]"}
COMMAND: GET /session/3c28004edfbf3c6cdcf5221cd875a4b1/screenshot - {}
RESULT: {}
RESULT: {"using":"xpath","value":"//bdi[contains(@id, \"application-manageresources-display-component---newResourceUnit--createRuButton-BDI-content\")]"}
COMMAND: POST /session/3c28004edfbf3c6cdcf5221cd875a4b1/element/f.B144892EA8D4B745C91A45796582BC5B.d.06F69337C58C0D43D8EC515E8D444D37.e.9337/click - {}
RESULT: {}
RESULT: {}
COMMAND: GET /session/3c28004edfbf3c6cdcf5221cd875a4b1/screenshot - {}
RESULT: {}
COMMAND: POST /session/3c28004edfbf3c6cdcf5221cd875a4b1/actions - {"actions":[{"id":"action26","type":"key","parameters":{},"actions":[{"type":"keyDown","value":"î€‡"},{"type":"pause","duration":10},{"type":"keyUp","value":"î€‡"}]}]}
RESULT: {"actions":[{"id":"action26","type":"key","parameters":{},"actions":[{"type":"keyDown","value":"î€‡"},{"type":"pause","duration":10},{"type":"keyUp","value":"î€‡"}]}]}
COMMAND: GET /session/3c28004edfbf3c6cdcf5221cd875a4b1/screenshot - {}
RESULT: {}
]]></system-out>
    </testcase>
    <testcase classname="chrome.135_0_7049_96.windows.Personnel_creation_and_reference_material_verification__US120163" name="Should verify if the reference material is visible in edit and detail mode" time="16.435">
      <system-out><![CDATA[
COMMAND: POST /session/3c28004edfbf3c6cdcf5221cd875a4b1/element - {"using":"xpath","value":"//bdi[contains(text(), \"Edit\")]"}
RESULT: {"using":"xpath","value":"//bdi[contains(text(), \"Edit\")]"}
COMMAND: POST /session/3c28004edfbf3c6cdcf5221cd875a4b1/element/f.B144892EA8D4B745C91A45796582BC5B.d.06F69337C58C0D43D8EC515E8D444D37.e.9367/click - {}
RESULT: {}
COMMAND: GET /session/3c28004edfbf3c6cdcf5221cd875a4b1/screenshot - {}
RESULT: {}
COMMAND: POST /session/3c28004edfbf3c6cdcf5221cd875a4b1/element - {"using":"xpath","value":"//bdi[contains(text(), \"Material\")]"}
RESULT: {"using":"xpath","value":"//bdi[contains(text(), \"Material\")]"}
COMMAND: POST /session/3c28004edfbf3c6cdcf5221cd875a4b1/element - {"using":"xpath","value":"//bdi[contains(text(), \"Material\")]"}
RESULT: {"using":"xpath","value":"//bdi[contains(text(), \"Material\")]"}
COMMAND: POST /session/3c28004edfbf3c6cdcf5221cd875a4b1/element - {"using":"xpath","value":"(//bdi[contains(text(), \"Save\")])[2]"}
RESULT: {"using":"xpath","value":"(//bdi[contains(text(), \"Save\")])[2]"}
COMMAND: POST /session/3c28004edfbf3c6cdcf5221cd875a4b1/element/f.B144892EA8D4B745C91A45796582BC5B.d.06F69337C58C0D43D8EC515E8D444D37.e.9419/click - {}
RESULT: {}
COMMAND: GET /session/3c28004edfbf3c6cdcf5221cd875a4b1/screenshot - {}
RESULT: {}
COMMAND: POST /session/3c28004edfbf3c6cdcf5221cd875a4b1/element - {"using":"css selector","value":"#j_username"}
COMMAND: POST /session/3c28004edfbf3c6cdcf5221cd875a4b1/url - {"url":"https://qa-testing-00-live-etm-ui.cfapps.eu10-004.hana.ondemand.com/"}
RESULT: {"using":"css selector","value":"#j_username"}
COMMAND: POST /session/3c28004edfbf3c6cdcf5221cd875a4b1/element - {"using":"css selector","value":"#j_username"}
RESULT: {"url":"https://qa-testing-00-live-etm-ui.cfapps.eu10-004.hana.ondemand.com/"}
RESULT: undefined
COMMAND: GET /session/3c28004edfbf3c6cdcf5221cd875a4b1/screenshot - {}
RESULT: {"using":"css selector","value":"#j_username"}
COMMAND: POST /session/3c28004edfbf3c6cdcf5221cd875a4b1/element - {"using":"css selector","value":"#shell-header-logo"}
RESULT: {}
RESULT: {"using":"css selector","value":"#shell-header-logo"}
COMMAND: POST /session/3c28004edfbf3c6cdcf5221cd875a4b1/execute/sync - {"script":"<script> [8489 bytes]","args":[{"element-6066-11e4-a52e-4f735466cecf":"f.B144892EA8D4B745C91A45796582BC5B.d.C996E827FA75004D3F30043D0B37A372.e.9439","ELEMENT":"f.B144892EA8D4B745C91A45796582BC5B.d.C996E827FA75004D3F30043D0B37A372.e.9439"}]}
RESULT: {"script":"<script> [8489 bytes]","args":[{"element-6066-11e4-a52e-4f735466cecf":"f.B144892EA8D4B745C91A45796582BC5B.d.C996E827FA75004D3F30043D0B37A372.e.9439","ELEMENT":"f.B144892EA8D4B745C91A45796582BC5B.d.C996E827FA75004D3F30043D0B37A372.e.9439"}]}
COMMAND: POST /session/3c28004edfbf3c6cdcf5221cd875a4b1/element - {"using":"css selector","value":"#shell-header-logo"}
COMMAND: GET /session/3c28004edfbf3c6cdcf5221cd875a4b1/screenshot - {}
RESULT: {"using":"css selector","value":"#shell-header-logo"}
COMMAND: POST /session/3c28004edfbf3c6cdcf5221cd875a4b1/execute/sync - {"script":"<script> [8489 bytes]","args":[{"element-6066-11e4-a52e-4f735466cecf":"f.B144892EA8D4B745C91A45796582BC5B.d.C996E827FA75004D3F30043D0B37A372.e.9439","ELEMENT":"f.B144892EA8D4B745C91A45796582BC5B.d.C996E827FA75004D3F30043D0B37A372.e.9439"}]}
RESULT: {}
RESULT: {"script":"<script> [8489 bytes]","args":[{"element-6066-11e4-a52e-4f735466cecf":"f.B144892EA8D4B745C91A45796582BC5B.d.C996E827FA75004D3F30043D0B37A372.e.9439","ELEMENT":"f.B144892EA8D4B745C91A45796582BC5B.d.C996E827FA75004D3F30043D0B37A372.e.9439"}]}
COMMAND: POST /session/3c28004edfbf3c6cdcf5221cd875a4b1/execute/sync - {"script":"<script> [5351 bytes]","args":[{"element-6066-11e4-a52e-4f735466cecf":"f.B144892EA8D4B745C91A45796582BC5B.d.C996E827FA75004D3F30043D0B37A372.e.9439","ELEMENT":"f.B144892EA8D4B745C91A45796582BC5B.d.C996E827FA75004D3F30043D0B37A372.e.9439"}]}
COMMAND: GET /session/3c28004edfbf3c6cdcf5221cd875a4b1/screenshot - {}
RESULT: {"script":"<script> [5351 bytes]","args":[{"element-6066-11e4-a52e-4f735466cecf":"f.B144892EA8D4B745C91A45796582BC5B.d.C996E827FA75004D3F30043D0B37A372.e.9439","ELEMENT":"f.B144892EA8D4B745C91A45796582BC5B.d.C996E827FA75004D3F30043D0B37A372.e.9439"}]}
COMMAND: POST /session/3c28004edfbf3c6cdcf5221cd875a4b1/element - {"using":"css selector","value":"#shell-header-logo"}
COMMAND: GET /session/3c28004edfbf3c6cdcf5221cd875a4b1/screenshot - {}
RESULT: {}
RESULT: {"using":"css selector","value":"#shell-header-logo"}
COMMAND: POST /session/3c28004edfbf3c6cdcf5221cd875a4b1/element/f.B144892EA8D4B745C91A45796582BC5B.d.C996E827FA75004D3F30043D0B37A372.e.9439/click - {}
RESULT: {}
RESULT: {}
COMMAND: GET /session/3c28004edfbf3c6cdcf5221cd875a4b1/screenshot - {}
RESULT: {}
COMMAND: POST /session/3c28004edfbf3c6cdcf5221cd875a4b1/execute/async - {"script":"<script> [189 bytes]","args":[]}
RESULT: {"script":"<script> [189 bytes]","args":[]}
COMMAND: POST /session/3c28004edfbf3c6cdcf5221cd875a4b1/execute/async - {"script":"<script> [123 bytes]","args":[]}
RESULT: {"script":"<script> [123 bytes]","args":[]}
COMMAND: POST /session/3c28004edfbf3c6cdcf5221cd875a4b1/timeouts - {"script":"<number>"}
RESULT: {"script":"<number>"}
COMMAND: GET /session/3c28004edfbf3c6cdcf5221cd875a4b1/timeouts - {}
RESULT: {}
RESULT: undefined
COMMAND: POST /session/3c28004edfbf3c6cdcf5221cd875a4b1/execute/async - {"script":"<script> [2676 bytes]","args":[]}
RESULT: {"script":"<script> [2676 bytes]","args":[]}
COMMAND: POST /session/3c28004edfbf3c6cdcf5221cd875a4b1/execute/async - {"script":"<script> [2342 bytes]","args":[{"protocol":"http","hostname":"0.0.0.0","path":"/","capabilities":{"browserName":"chrome","goog:chromeOptions":{"binary":"C:\\Program Files\\Google\\Chrome\\Application\\chrome.exe","args":["--start-maximized"]}},"logLevel":"warn","connectionRetryTimeout":120000,"connectionRetryCount":3,"logLevels":{},"enableDirectConnect":true,"strictSSL":true,"_":"65 more keys: [\"cacheDir\",\"port\",\"requestedCapabilities\",\"automationProtocol\",\"baseUrl\",\"waitforInterval\",\"waitforTimeout\",\"onReload\",\"beforeCommand\",\"afterCommand\",\"rootDir\",\"specs\",\"suites\",\"exclude\",\"groupLogsByTestSpec\",\"excludeDriverLogs\",\"bail\",\"framework\",\"reporters\",\"services\",\"maxInstances\",\"maxInstancesPerCapability\",\"injectGlobals\",\"filesToWatch\",\"execArgv\",\"runnerEnv\",\"runner\",\"shard\",\"specFileRetries\",\"specFileRetriesDelay\",\"specFileRetriesDeferred\",\"reporterSyncInterval\",\"reporterSyncTimeout\",\"cucumberFeaturesWithLineNumbers\",\"autoCompileOpts\",\"mochaOpts\",\"jasmineOpts\",\"cucumberOpts\",\"onPrepare\",\"onWorkerStart\",\"onWorkerEnd\",\"before\",\"beforeSession\",\"beforeSuite\",\"beforeHook\",\"beforeTest\",\"afterTest\",\"afterHook\",\"afterSuite\",\"afterSession\",\"after\",\"onComplete\",\"beforeAssertion\",\"afterAssertion\",\"beforeFeature\",\"beforeScenario\",\"beforeStep\",\"afterStep\",\"afterScenario\",\"afterFeature\",\"_\",\"suite\",\"$0\",\"ignoredWorkerServices\",\"wdi5\"]"}]}
RESULT: {"script":"<script> [2342 bytes]","args":[{"protocol":"http","hostname":"0.0.0.0","path":"/","capabilities":{"browserName":"chrome","goog:chromeOptions":{"binary":"C:\\Program Files\\Google\\Chrome\\Application\\chrome.exe","args":["--start-maximized"]}},"logLevel":"warn","connectionRetryTimeout":120000,"connectionRetryCount":3,"logLevels":{},"enableDirectConnect":true,"strictSSL":true,"_":"65 more keys: [\"cacheDir\",\"port\",\"requestedCapabilities\",\"automationProtocol\",\"baseUrl\",\"waitforInterval\",\"waitforTimeout\",\"onReload\",\"beforeCommand\",\"afterCommand\",\"rootDir\",\"specs\",\"suites\",\"exclude\",\"groupLogsByTestSpec\",\"excludeDriverLogs\",\"bail\",\"framework\",\"reporters\",\"services\",\"maxInstances\",\"maxInstancesPerCapability\",\"injectGlobals\",\"filesToWatch\",\"execArgv\",\"runnerEnv\",\"runner\",\"shard\",\"specFileRetries\",\"specFileRetriesDelay\",\"specFileRetriesDeferred\",\"reporterSyncInterval\",\"reporterSyncTimeout\",\"cucumberFeaturesWithLineNumbers\",\"autoCompileOpts\",\"mochaOpts\",\"jasmineOpts\",\"cucumberOpts\",\"onPrepare\",\"onWorkerStart\",\"onWorkerEnd\",\"before\",\"beforeSession\",\"beforeSuite\",\"beforeHook\",\"beforeTest\",\"afterTest\",\"afterHook\",\"afterSuite\",\"afterSession\",\"after\",\"onComplete\",\"beforeAssertion\",\"afterAssertion\",\"beforeFeature\",\"beforeScenario\",\"beforeStep\",\"afterStep\",\"afterScenario\",\"afterFeature\",\"_\",\"suite\",\"$0\",\"ignoredWorkerServices\",\"wdi5\"]"}]}
COMMAND: POST /session/3c28004edfbf3c6cdcf5221cd875a4b1/execute/async - {"script":"<script> [21126 bytes]","args":[35000]}
RESULT: {"script":"<script> [21126 bytes]","args":[35000]}
COMMAND: POST /session/3c28004edfbf3c6cdcf5221cd875a4b1/window/maximize - {}
RESULT: {}
COMMAND: POST /session/3c28004edfbf3c6cdcf5221cd875a4b1/execute/async - {"script":"<script> [1562 bytes]","args":[{"selector":{"id":"shell-header","interaction":{"idSuffix":"icon"}},"wdio_ui5_key":"shellheader"}]}
COMMAND: GET /session/3c28004edfbf3c6cdcf5221cd875a4b1/screenshot - {}
RESULT: {"script":"<script> [1562 bytes]","args":[{"selector":{"id":"shell-header","interaction":{"idSuffix":"icon"}},"wdio_ui5_key":"shellheader"}]}
RESULT: undefined
RESULT: {}
]]></system-out>
    </testcase>
  </testsuite>
  <testsuite timestamp="2025-04-30T06:00:47" time="469.022" tests="5" failures="2" errors="2" skipped="0">
    <properties>
      <property name="specId" value="0" />
      <property name="suiteName" value="Warehouse movements inventory test" />
      <property name="capabilities" value="chrome.135_0_7049_96.windows" />
      <property name="file" value="file:///D:/a/1/s/test/specs/R2C/create-resource.spec.js" />
    </properties>
    <testcase classname="chrome.135_0_7049_96.windows.Warehouse_movements_inventory_test" name="Should create a new WHM yard" time="119.628">
      <system-out><![CDATA[
COMMAND: POST /session/3c28004edfbf3c6cdcf5221cd875a4b1/execute/async - {"script":"<script> [1562 bytes]","args":[{"selector":{"controlType":"sap.m.GenericTile","properties":{"header":"Manage Yards"}},"wdio_ui5_key":"sapm.GenericTile{\"header\":\"Manage Yards\"}"}]}
RESULT: {"script":"<script> [1562 bytes]","args":[{"selector":{"controlType":"sap.m.GenericTile","properties":{"header":"Manage Yards"}},"wdio_ui5_key":"sapm.GenericTile{\"header\":\"Manage Yards\"}"}]}
RESULT: undefined
COMMAND: POST /session/3c28004edfbf3c6cdcf5221cd875a4b1/element - {"using":"xpath","value":"//*[@id=\"__tile41\"]"}
RESULT: {"using":"xpath","value":"//*[@id=\"__tile41\"]"}
COMMAND: POST /session/3c28004edfbf3c6cdcf5221cd875a4b1/element/f.B144892EA8D4B745C91A45796582BC5B.d.C996E827FA75004D3F30043D0B37A372.e.9445/click - {}
RESULT: {}
COMMAND: GET /session/3c28004edfbf3c6cdcf5221cd875a4b1/screenshot - {}
RESULT: {}
COMMAND: POST /session/3c28004edfbf3c6cdcf5221cd875a4b1/execute/async - {"script":"<script> [1562 bytes]","args":[{"selector":{"controlType":"sap.ui.core.Icon","viewName":"etm.portal.ui.manageyards.view.Master","viewId":"application-manageyards-display-component---masterYard","properties":{"src":{"regex":{"source":"add"}}}},"wdio_ui5_key":"etmportal.ui.manageyards.view.Mastersap.ui.core.Icon{\"src\":{\"regex\":{\"source\":\"add\"}}}"}]}
RESULT: {"script":"<script> [1562 bytes]","args":[{"selector":{"controlType":"sap.ui.core.Icon","viewName":"etm.portal.ui.manageyards.view.Master","viewId":"application-manageyards-display-component---masterYard","properties":{"src":{"regex":{"source":"add"}}}},"wdio_ui5_key":"etmportal.ui.manageyards.view.Mastersap.ui.core.Icon{\"src\":{\"regex\":{\"source\":\"add\"}}}"}]}
RESULT: undefined
COMMAND: POST /session/3c28004edfbf3c6cdcf5221cd875a4b1/element - {"using":"xpath","value":"//*[@id=\"__button4-img\"]"}
RESULT: {"using":"xpath","value":"//*[@id=\"__button4-img\"]"}
COMMAND: POST /session/3c28004edfbf3c6cdcf5221cd875a4b1/element/f.B144892EA8D4B745C91A45796582BC5B.d.C996E827FA75004D3F30043D0B37A372.e.9489/click - {}
RESULT: {}
COMMAND: GET /session/3c28004edfbf3c6cdcf5221cd875a4b1/screenshot - {}
RESULT: {}
COMMAND: POST /session/3c28004edfbf3c6cdcf5221cd875a4b1/execute/async - {"script":"<script> [1562 bytes]","args":[{"selector":{"id":"application-manageyards-display-component---NewYard--yardId","interaction":{"idSuffix":"inner"}},"wdio_ui5_key":"applicationmanageyards-display-component---NewYard--yardId"}]}
RESULT: {"script":"<script> [1562 bytes]","args":[{"selector":{"id":"application-manageyards-display-component---NewYard--yardId","interaction":{"idSuffix":"inner"}},"wdio_ui5_key":"applicationmanageyards-display-component---NewYard--yardId"}]}
RESULT: undefined
COMMAND: POST /session/3c28004edfbf3c6cdcf5221cd875a4b1/element - {"using":"xpath","value":"//*[@id=\"application-manageyards-display-component---NewYard--addressDetailDetailsName1-inner\"]"}
RESULT: {"using":"xpath","value":"//*[@id=\"application-manageyards-display-component---NewYard--addressDetailDetailsName1-inner\"]"}
COMMAND: POST /session/3c28004edfbf3c6cdcf5221cd875a4b1/element/f.B144892EA8D4B745C91A45796582BC5B.d.C996E827FA75004D3F30043D0B37A372.e.9702/clear - {}
RESULT: {}
COMMAND: POST /session/3c28004edfbf3c6cdcf5221cd875a4b1/element/f.B144892EA8D4B745C91A45796582BC5B.d.C996E827FA75004D3F30043D0B37A372.e.9702/value - {"text":"WebdriverWHMYardf3ify"}
COMMAND: GET /session/3c28004edfbf3c6cdcf5221cd875a4b1/screenshot - {}
RESULT: {"text":"WebdriverWHMYardf3ify"}
COMMAND: POST /session/3c28004edfbf3c6cdcf5221cd875a4b1/element - {"using":"xpath","value":"//*[@id=\"application-manageyards-display-component---NewYard--addressDetailDetailsLanguage-inner\"]"}
COMMAND: GET /session/3c28004edfbf3c6cdcf5221cd875a4b1/screenshot - {}
RESULT: {}
RESULT: {"using":"xpath","value":"//*[@id=\"application-manageyards-display-component---NewYard--addressDetailDetailsLanguage-inner\"]"}
COMMAND: POST /session/3c28004edfbf3c6cdcf5221cd875a4b1/element/f.B144892EA8D4B745C91A45796582BC5B.d.C996E827FA75004D3F30043D0B37A372.e.9703/clear - {}
RESULT: {}
RESULT: {}
COMMAND: POST /session/3c28004edfbf3c6cdcf5221cd875a4b1/element/f.B144892EA8D4B745C91A45796582BC5B.d.C996E827FA75004D3F30043D0B37A372.e.9703/value - {"text":"Romanian"}
COMMAND: GET /session/3c28004edfbf3c6cdcf5221cd875a4b1/screenshot - {}
RESULT: {"text":"Romanian"}
COMMAND: POST /session/3c28004edfbf3c6cdcf5221cd875a4b1/element - {"using":"xpath","value":"//input[contains(@id ,\"application-manageyards-display-component---NewYard--addressDetailDetailsName1-inner\")]"}
COMMAND: GET /session/3c28004edfbf3c6cdcf5221cd875a4b1/screenshot - {}
RESULT: {}
RESULT: {"using":"xpath","value":"//input[contains(@id ,\"application-manageyards-display-component---NewYard--addressDetailDetailsName1-inner\")]"}
COMMAND: GET /session/3c28004edfbf3c6cdcf5221cd875a4b1/element/f.B144892EA8D4B745C91A45796582BC5B.d.C996E827FA75004D3F30043D0B37A372.e.9702/property/value - {}
RESULT: {}
RESULT: {}
COMMAND: GET /session/3c28004edfbf3c6cdcf5221cd875a4b1/screenshot - {}
RESULT: {}
COMMAND: POST /session/3c28004edfbf3c6cdcf5221cd875a4b1/element - {"using":"xpath","value":"//*[@id=\"application-manageyards-display-component---NewYard--addressDetailDetailsCity1-inner\"]"}
RESULT: {"using":"xpath","value":"//*[@id=\"application-manageyards-display-component---NewYard--addressDetailDetailsCity1-inner\"]"}
COMMAND: POST /session/3c28004edfbf3c6cdcf5221cd875a4b1/element/f.B144892EA8D4B745C91A45796582BC5B.d.C996E827FA75004D3F30043D0B37A372.e.9705/clear - {}
RESULT: {}
COMMAND: POST /session/3c28004edfbf3c6cdcf5221cd875a4b1/element/f.B144892EA8D4B745C91A45796582BC5B.d.C996E827FA75004D3F30043D0B37A372.e.9705/value - {"text":"Bucuresti"}
COMMAND: GET /session/3c28004edfbf3c6cdcf5221cd875a4b1/screenshot - {}
RESULT: {"text":"Bucuresti"}
COMMAND: GET /session/3c28004edfbf3c6cdcf5221cd875a4b1/screenshot - {}
RESULT: {}
RESULT: {}
COMMAND: POST /session/3c28004edfbf3c6cdcf5221cd875a4b1/element - {"using":"xpath","value":"//*[@id=\"application-manageyards-display-component---NewYard--addressDetailDetailsCountry-inner\"]"}
RESULT: {"using":"xpath","value":"//*[@id=\"application-manageyards-display-component---NewYard--addressDetailDetailsCountry-inner\"]"}
COMMAND: POST /session/3c28004edfbf3c6cdcf5221cd875a4b1/element/f.B144892EA8D4B745C91A45796582BC5B.d.C996E827FA75004D3F30043D0B37A372.e.9709/clear - {}
RESULT: {}
COMMAND: POST /session/3c28004edfbf3c6cdcf5221cd875a4b1/element/f.B144892EA8D4B745C91A45796582BC5B.d.C996E827FA75004D3F30043D0B37A372.e.9709/value - {"text":"Romania"}
COMMAND: GET /session/3c28004edfbf3c6cdcf5221cd875a4b1/screenshot - {}
RESULT: {"text":"Romania"}
COMMAND: GET /session/3c28004edfbf3c6cdcf5221cd875a4b1/screenshot - {}
RESULT: {}
RESULT: {}
COMMAND: POST /session/3c28004edfbf3c6cdcf5221cd875a4b1/execute/async - {"script":"<script> [1562 bytes]","args":[{"selector":{"controlType":"sap.m.Button","viewName":"etm.portal.ui.manageyards.view.New","viewId":"application-manageyards-display-component---NewYard","properties":{"text":"Commercial"},"interaction":{"idSuffix":"BDI-content"}},"wdio_ui5_key":"etmportal.ui.manageyards.view.Newsap.m.Button{\"text\":\"Commercial\"}"}]}
RESULT: {"script":"<script> [1562 bytes]","args":[{"selector":{"controlType":"sap.m.Button","viewName":"etm.portal.ui.manageyards.view.New","viewId":"application-manageyards-display-component---NewYard","properties":{"text":"Commercial"},"interaction":{"idSuffix":"BDI-content"}},"wdio_ui5_key":"etmportal.ui.manageyards.view.Newsap.m.Button{\"text\":\"Commercial\"}"}]}
RESULT: undefined
COMMAND: POST /session/3c28004edfbf3c6cdcf5221cd875a4b1/element - {"using":"xpath","value":"//*[@id=\"application-manageyards-display-component---NewYard--ObjectPageLayout-anchBar-__section5-anchor\"]"}
RESULT: {"using":"xpath","value":"//*[@id=\"application-manageyards-display-component---NewYard--ObjectPageLayout-anchBar-__section5-anchor\"]"}
COMMAND: POST /session/3c28004edfbf3c6cdcf5221cd875a4b1/element/f.B144892EA8D4B745C91A45796582BC5B.d.C996E827FA75004D3F30043D0B37A372.e.9902/click - {}
RESULT: {}
COMMAND: GET /session/3c28004edfbf3c6cdcf5221cd875a4b1/screenshot - {}
RESULT: {}
COMMAND: POST /session/3c28004edfbf3c6cdcf5221cd875a4b1/element - {"using":"xpath","value":"//div[contains(text(), \"Commercial\")]"}
RESULT: {"using":"xpath","value":"//div[contains(text(), \"Commercial\")]"}
COMMAND: GET /session/3c28004edfbf3c6cdcf5221cd875a4b1/element/f.B144892EA8D4B745C91A45796582BC5B.d.C996E827FA75004D3F30043D0B37A372.e.9911/rect - {}
RESULT: {}
COMMAND: GET /session/3c28004edfbf3c6cdcf5221cd875a4b1/window/rect - {}
RESULT: {}
COMMAND: POST /session/3c28004edfbf3c6cdcf5221cd875a4b1/execute/sync - {"script":"<script> [92 bytes]","args":[]}
RESULT: {"script":"<script> [92 bytes]","args":[]}
COMMAND: POST /session/3c28004edfbf3c6cdcf5221cd875a4b1/actions - {"actions":[{"id":"action27","type":"wheel","parameters":{},"actions":[{"type":"scroll","x":-1841,"y":-44,"deltaX":0,"deltaY":0,"duration":0,"origin":{"element-6066-11e4-a52e-4f735466cecf":"f.B144892EA8D4B745C91A45796582BC5B.d.C996E827FA75004D3F30043D0B37A372.e.9911"}}]}]}
COMMAND: GET /session/3c28004edfbf3c6cdcf5221cd875a4b1/screenshot - {}
RESULT: {}
COMMAND: POST /session/3c28004edfbf3c6cdcf5221cd875a4b1/execute/sync - {"script":"<script> [79 bytes]","args":[{"element-6066-11e4-a52e-4f735466cecf":"f.B144892EA8D4B745C91A45796582BC5B.d.C996E827FA75004D3F30043D0B37A372.e.9911","ELEMENT":"f.B144892EA8D4B745C91A45796582BC5B.d.C996E827FA75004D3F30043D0B37A372.e.9911"},{"block":"start","inline":"nearest"}]}
RESULT: {"script":"<script> [79 bytes]","args":[{"element-6066-11e4-a52e-4f735466cecf":"f.B144892EA8D4B745C91A45796582BC5B.d.C996E827FA75004D3F30043D0B37A372.e.9911","ELEMENT":"f.B144892EA8D4B745C91A45796582BC5B.d.C996E827FA75004D3F30043D0B37A372.e.9911"},{"block":"start","inline":"nearest"}]}
COMMAND: GET /session/3c28004edfbf3c6cdcf5221cd875a4b1/screenshot - {}
RESULT: {}
COMMAND: POST /session/3c28004edfbf3c6cdcf5221cd875a4b1/execute/async - {"script":"<script> [1562 bytes]","args":[{"selector":{"id":"application-manageyards-display-component---NewYard--addressEditDetailsCostObjectCstType-arrow"},"wdio_ui5_key":"applicationmanageyards-display-component---NewYard--addressEditDetailsCostObjectCstType-arrow"}]}
RESULT: {"script":"<script> [1562 bytes]","args":[{"selector":{"id":"application-manageyards-display-component---NewYard--addressEditDetailsCostObjectCstType-arrow"},"wdio_ui5_key":"applicationmanageyards-display-component---NewYard--addressEditDetailsCostObjectCstType-arrow"}]}
RESULT: undefined
COMMAND: POST /session/3c28004edfbf3c6cdcf5221cd875a4b1/element - {"using":"xpath","value":"//*[@id=\"application-manageyards-display-component---NewYard--addressEditDetailsCostObjectCstType-arrow\"]"}
RESULT: {"using":"xpath","value":"//*[@id=\"application-manageyards-display-component---NewYard--addressEditDetailsCostObjectCstType-arrow\"]"}
COMMAND: POST /session/3c28004edfbf3c6cdcf5221cd875a4b1/element/f.B144892EA8D4B745C91A45796582BC5B.d.C996E827FA75004D3F30043D0B37A372.e.9912/click - {}
RESULT: {}
COMMAND: POST /session/3c28004edfbf3c6cdcf5221cd875a4b1/element - {"using":"xpath","value":"//span[contains(text(), \"Cost Center\")]"}
COMMAND: GET /session/3c28004edfbf3c6cdcf5221cd875a4b1/screenshot - {}
RESULT: {"using":"xpath","value":"//span[contains(text(), \"Cost Center\")]"}
COMMAND: POST /session/3c28004edfbf3c6cdcf5221cd875a4b1/element/f.B144892EA8D4B745C91A45796582BC5B.d.C996E827FA75004D3F30043D0B37A372.e.9913/click - {}
RESULT: {}
RESULT: {}
COMMAND: GET /session/3c28004edfbf3c6cdcf5221cd875a4b1/screenshot - {}
RESULT: {}
COMMAND: POST /session/3c28004edfbf3c6cdcf5221cd875a4b1/execute/async - {"script":"<script> [1562 bytes]","args":[{"selector":{"id":"application-manageyards-display-component---NewYard--addressNewCostObjectCstID-vhi"},"wdio_ui5_key":"applicationmanageyards-display-component---NewYard--addressNewCostObjectCstID-vhi"}]}
RESULT: {"script":"<script> [1562 bytes]","args":[{"selector":{"id":"application-manageyards-display-component---NewYard--addressNewCostObjectCstID-vhi"},"wdio_ui5_key":"applicationmanageyards-display-component---NewYard--addressNewCostObjectCstID-vhi"}]}
RESULT: undefined
COMMAND: POST /session/3c28004edfbf3c6cdcf5221cd875a4b1/element - {"using":"xpath","value":"//*[@id=\"application-manageyards-display-component---NewYard--addressNewCostObjectCstID-vhi\"]"}
RESULT: {"using":"xpath","value":"//*[@id=\"application-manageyards-display-component---NewYard--addressNewCostObjectCstID-vhi\"]"}
COMMAND: POST /session/3c28004edfbf3c6cdcf5221cd875a4b1/element/f.B144892EA8D4B745C91A45796582BC5B.d.C996E827FA75004D3F30043D0B37A372.e.9917/click - {}
RESULT: {}
COMMAND: GET /session/3c28004edfbf3c6cdcf5221cd875a4b1/screenshot - {}
RESULT: {}
COMMAND: POST /session/3c28004edfbf3c6cdcf5221cd875a4b1/execute/async - {"script":"<script> [1562 bytes]","args":[{"selector":{"controlType":"sap.m.SearchField","properties":{"placeholder":"Search"},"searchOpenDialogs":true,"interaction":{"idSuffix":"I"}},"wdio_ui5_key":"sapm.SearchField{\"placeholder\":\"Search\"}"}]}
RESULT: {"script":"<script> [1562 bytes]","args":[{"selector":{"controlType":"sap.m.SearchField","properties":{"placeholder":"Search"},"searchOpenDialogs":true,"interaction":{"idSuffix":"I"}},"wdio_ui5_key":"sapm.SearchField{\"placeholder\":\"Search\"}"}]}
RESULT: undefined
COMMAND: POST /session/3c28004edfbf3c6cdcf5221cd875a4b1/execute/async - {"script":"<script> [776 bytes]","args":[{"enterText":"10001013","selector":{"controlType":"sap.m.SearchField","properties":{"placeholder":"Search"},"searchOpenDialogs":true,"interaction":{"idSuffix":"I"}},"clearTextFirst":true,"interactionType":"ENTER_TEXT"}]}
RESULT: {"script":"<script> [776 bytes]","args":[{"enterText":"10001013","selector":{"controlType":"sap.m.SearchField","properties":{"placeholder":"Search"},"searchOpenDialogs":true,"interaction":{"idSuffix":"I"}},"clearTextFirst":true,"interactionType":"ENTER_TEXT"}]}
COMMAND: POST /session/3c28004edfbf3c6cdcf5221cd875a4b1/actions - {"actions":[{"id":"action28","type":"key","parameters":{},"actions":[{"type":"keyDown","value":"î€‡"},{"type":"pause","duration":10},{"type":"keyUp","value":"î€‡"}]}]}
RESULT: {"actions":[{"id":"action28","type":"key","parameters":{},"actions":[{"type":"keyDown","value":"î€‡"},{"type":"pause","duration":10},{"type":"keyUp","value":"î€‡"}]}]}
COMMAND: GET /session/3c28004edfbf3c6cdcf5221cd875a4b1/screenshot - {}
RESULT: {}
COMMAND: POST /session/3c28004edfbf3c6cdcf5221cd875a4b1/element - {"using":"xpath","value":"//span[contains(text(), \"General Management\")]"}
RESULT: {"using":"xpath","value":"//span[contains(text(), \"General Management\")]"}
COMMAND: POST /session/3c28004edfbf3c6cdcf5221cd875a4b1/element/f.B144892EA8D4B745C91A45796582BC5B.d.C996E827FA75004D3F30043D0B37A372.e.9958/click - {}
RESULT: {}
COMMAND: GET /session/3c28004edfbf3c6cdcf5221cd875a4b1/screenshot - {}
RESULT: {}
COMMAND: POST /session/3c28004edfbf3c6cdcf5221cd875a4b1/element - {"using":"xpath","value":"//bdi[contains(text(), \"OK\")]"}
RESULT: {"using":"xpath","value":"//bdi[contains(text(), \"OK\")]"}
COMMAND: POST /session/3c28004edfbf3c6cdcf5221cd875a4b1/element/f.B144892EA8D4B745C91A45796582BC5B.d.C996E827FA75004D3F30043D0B37A372.e.9959/click - {}
RESULT: {}
COMMAND: GET /session/3c28004edfbf3c6cdcf5221cd875a4b1/screenshot - {}
RESULT: {}
COMMAND: POST /session/3c28004edfbf3c6cdcf5221cd875a4b1/execute/async - {"script":"<script> [1562 bytes]","args":[{"selector":{"id":"application-manageyards-display-component---NewYard--addressEditDetailsCurrency","interaction":{"idSuffix":"inner"}},"wdio_ui5_key":"applicationmanageyards-display-component---NewYard--addressEditDetailsCurrency"}]}
RESULT: {"script":"<script> [1562 bytes]","args":[{"selector":{"id":"application-manageyards-display-component---NewYard--addressEditDetailsCurrency","interaction":{"idSuffix":"inner"}},"wdio_ui5_key":"applicationmanageyards-display-component---NewYard--addressEditDetailsCurrency"}]}
RESULT: undefined
COMMAND: POST /session/3c28004edfbf3c6cdcf5221cd875a4b1/execute/async - {"script":"<script> [776 bytes]","args":[{"enterText":"Euro","selector":{"id":"application-manageyards-display-component---NewYard--addressEditDetailsCurrency","interaction":{"idSuffix":"inner"}},"clearTextFirst":true,"interactionType":"ENTER_TEXT"}]}
RESULT: {"script":"<script> [776 bytes]","args":[{"enterText":"Euro","selector":{"id":"application-manageyards-display-component---NewYard--addressEditDetailsCurrency","interaction":{"idSuffix":"inner"}},"clearTextFirst":true,"interactionType":"ENTER_TEXT"}]}
COMMAND: POST /session/3c28004edfbf3c6cdcf5221cd875a4b1/execute/async - {"script":"<script> [1562 bytes]","args":[{"selector":{"controlType":"sap.m.Input","viewName":"etm.portal.ui.manageyards.view.New","viewId":"application-manageyards-display-component---NewYard","bindingPath":{"path":"","propertyPath":"/CONTROLLING_AREA","modelName":"NewYardModel"},"interaction":{"idSuffix":"inner"}},"wdio_ui5_key":"etmportal.ui.manageyards.view.Newsap.m.Input{\"path\":\"\",\"propertyPath\":\"/CONTROLLING_AREA\",\"modelName\":\"NewYardModel\"}"}]}
RESULT: {"script":"<script> [1562 bytes]","args":[{"selector":{"controlType":"sap.m.Input","viewName":"etm.portal.ui.manageyards.view.New","viewId":"application-manageyards-display-component---NewYard","bindingPath":{"path":"","propertyPath":"/CONTROLLING_AREA","modelName":"NewYardModel"},"interaction":{"idSuffix":"inner"}},"wdio_ui5_key":"etmportal.ui.manageyards.view.Newsap.m.Input{\"path\":\"\",\"propertyPath\":\"/CONTROLLING_AREA\",\"modelName\":\"NewYardModel\"}"}]}
RESULT: undefined
COMMAND: POST /session/3c28004edfbf3c6cdcf5221cd875a4b1/execute/async - {"script":"<script> [776 bytes]","args":[{"enterText":"Z001","selector":{"controlType":"sap.m.Input","viewName":"etm.portal.ui.manageyards.view.New","viewId":"application-manageyards-display-component---NewYard","bindingPath":{"path":"","propertyPath":"/CONTROLLING_AREA","modelName":"NewYardModel"},"interaction":{"idSuffix":"inner"}},"clearTextFirst":true,"interactionType":"ENTER_TEXT"}]}
RESULT: {"script":"<script> [776 bytes]","args":[{"enterText":"Z001","selector":{"controlType":"sap.m.Input","viewName":"etm.portal.ui.manageyards.view.New","viewId":"application-manageyards-display-component---NewYard","bindingPath":{"path":"","propertyPath":"/CONTROLLING_AREA","modelName":"NewYardModel"},"interaction":{"idSuffix":"inner"}},"clearTextFirst":true,"interactionType":"ENTER_TEXT"}]}
COMMAND: POST /session/3c28004edfbf3c6cdcf5221cd875a4b1/execute/async - {"script":"<script> [1562 bytes]","args":[{"selector":{"id":"application-manageyards-display-component---NewYard--companyCodeComboBox","interaction":{"idSuffix":"inner"}},"wdio_ui5_key":"applicationmanageyards-display-component---NewYard--companyCodeComboBox"}]}
RESULT: {"script":"<script> [1562 bytes]","args":[{"selector":{"id":"application-manageyards-display-component---NewYard--companyCodeComboBox","interaction":{"idSuffix":"inner"}},"wdio_ui5_key":"applicationmanageyards-display-component---NewYard--companyCodeComboBox"}]}
RESULT: undefined
COMMAND: POST /session/3c28004edfbf3c6cdcf5221cd875a4b1/execute/async - {"script":"<script> [776 bytes]","args":[{"enterText":"1000","selector":{"id":"application-manageyards-display-component---NewYard--companyCodeComboBox","interaction":{"idSuffix":"inner"}},"clearTextFirst":true,"interactionType":"ENTER_TEXT"}]}
RESULT: {"script":"<script> [776 bytes]","args":[{"enterText":"1000","selector":{"id":"application-manageyards-display-component---NewYard--companyCodeComboBox","interaction":{"idSuffix":"inner"}},"clearTextFirst":true,"interactionType":"ENTER_TEXT"}]}
COMMAND: POST /session/3c28004edfbf3c6cdcf5221cd875a4b1/actions - {"actions":[{"id":"action29","type":"key","parameters":{},"actions":[{"type":"keyDown","value":"î€‡"},{"type":"pause","duration":10},{"type":"keyUp","value":"î€‡"}]}]}
RESULT: {"actions":[{"id":"action29","type":"key","parameters":{},"actions":[{"type":"keyDown","value":"î€‡"},{"type":"pause","duration":10},{"type":"keyUp","value":"î€‡"}]}]}
COMMAND: POST /session/3c28004edfbf3c6cdcf5221cd875a4b1/execute/async - {"script":"<script> [1562 bytes]","args":[{"selector":{"controlType":"sap.m.Input","viewName":"etm.portal.ui.manageyards.view.New","viewId":"application-manageyards-display-component---NewYard","bindingPath":{"path":"","propertyPath":"/PLANT","modelName":"NewYardModel"},"interaction":{"idSuffix":"inner"}},"wdio_ui5_key":"etmportal.ui.manageyards.view.Newsap.m.Input{\"path\":\"\",\"propertyPath\":\"/PLANT\",\"modelName\":\"NewYardModel\"}"}]}
COMMAND: GET /session/3c28004edfbf3c6cdcf5221cd875a4b1/screenshot - {}
RESULT: {"script":"<script> [1562 bytes]","args":[{"selector":{"controlType":"sap.m.Input","viewName":"etm.portal.ui.manageyards.view.New","viewId":"application-manageyards-display-component---NewYard","bindingPath":{"path":"","propertyPath":"/PLANT","modelName":"NewYardModel"},"interaction":{"idSuffix":"inner"}},"wdio_ui5_key":"etmportal.ui.manageyards.view.Newsap.m.Input{\"path\":\"\",\"propertyPath\":\"/PLANT\",\"modelName\":\"NewYardModel\"}"}]}
RESULT: undefined
COMMAND: POST /session/3c28004edfbf3c6cdcf5221cd875a4b1/execute/async - {"script":"<script> [776 bytes]","args":[{"enterText":"1001","selector":{"controlType":"sap.m.Input","viewName":"etm.portal.ui.manageyards.view.New","viewId":"application-manageyards-display-component---NewYard","bindingPath":{"path":"","propertyPath":"/PLANT","modelName":"NewYardModel"},"interaction":{"idSuffix":"inner"}},"clearTextFirst":true,"interactionType":"ENTER_TEXT"}]}
RESULT: {}
RESULT: {"script":"<script> [776 bytes]","args":[{"enterText":"1001","selector":{"controlType":"sap.m.Input","viewName":"etm.portal.ui.manageyards.view.New","viewId":"application-manageyards-display-component---NewYard","bindingPath":{"path":"","propertyPath":"/PLANT","modelName":"NewYardModel"},"interaction":{"idSuffix":"inner"}},"clearTextFirst":true,"interactionType":"ENTER_TEXT"}]}
COMMAND: POST /session/3c28004edfbf3c6cdcf5221cd875a4b1/execute/async - {"script":"<script> [1562 bytes]","args":[{"selector":{"controlType":"sap.m.Input","viewName":"etm.portal.ui.manageyards.view.New","viewId":"application-manageyards-display-component---NewYard","bindingPath":{"path":"","propertyPath":"/SALES_AREA_VKORG","modelName":"NewYardModel"},"interaction":{"idSuffix":"inner"}},"wdio_ui5_key":"etmportal.ui.manageyards.view.Newsap.m.Input{\"path\":\"\",\"propertyPath\":\"/SALES_AREA_VKORG\",\"modelName\":\"NewYardModel\"}"}]}
RESULT: {"script":"<script> [1562 bytes]","args":[{"selector":{"controlType":"sap.m.Input","viewName":"etm.portal.ui.manageyards.view.New","viewId":"application-manageyards-display-component---NewYard","bindingPath":{"path":"","propertyPath":"/SALES_AREA_VKORG","modelName":"NewYardModel"},"interaction":{"idSuffix":"inner"}},"wdio_ui5_key":"etmportal.ui.manageyards.view.Newsap.m.Input{\"path\":\"\",\"propertyPath\":\"/SALES_AREA_VKORG\",\"modelName\":\"NewYardModel\"}"}]}
RESULT: undefined
COMMAND: POST /session/3c28004edfbf3c6cdcf5221cd875a4b1/execute/async - {"script":"<script> [776 bytes]","args":[{"enterText":"C002","selector":{"controlType":"sap.m.Input","viewName":"etm.portal.ui.manageyards.view.New","viewId":"application-manageyards-display-component---NewYard","bindingPath":{"path":"","propertyPath":"/SALES_AREA_VKORG","modelName":"NewYardModel"},"interaction":{"idSuffix":"inner"}},"clearTextFirst":true,"interactionType":"ENTER_TEXT"}]}
RESULT: {"script":"<script> [776 bytes]","args":[{"enterText":"C002","selector":{"controlType":"sap.m.Input","viewName":"etm.portal.ui.manageyards.view.New","viewId":"application-manageyards-display-component---NewYard","bindingPath":{"path":"","propertyPath":"/SALES_AREA_VKORG","modelName":"NewYardModel"},"interaction":{"idSuffix":"inner"}},"clearTextFirst":true,"interactionType":"ENTER_TEXT"}]}
COMMAND: POST /session/3c28004edfbf3c6cdcf5221cd875a4b1/execute/async - {"script":"<script> [1562 bytes]","args":[{"selector":{"controlType":"sap.m.Input","viewName":"etm.portal.ui.manageyards.view.New","viewId":"application-manageyards-display-component---NewYard","bindingPath":{"path":"","propertyPath":"/SALES_AREA_VTWEG","modelName":"NewYardModel"},"interaction":{"idSuffix":"inner"}},"wdio_ui5_key":"etmportal.ui.manageyards.view.Newsap.m.Input{\"path\":\"\",\"propertyPath\":\"/SALES_AREA_VTWEG\",\"modelName\":\"NewYardModel\"}"}]}
RESULT: {"script":"<script> [1562 bytes]","args":[{"selector":{"controlType":"sap.m.Input","viewName":"etm.portal.ui.manageyards.view.New","viewId":"application-manageyards-display-component---NewYard","bindingPath":{"path":"","propertyPath":"/SALES_AREA_VTWEG","modelName":"NewYardModel"},"interaction":{"idSuffix":"inner"}},"wdio_ui5_key":"etmportal.ui.manageyards.view.Newsap.m.Input{\"path\":\"\",\"propertyPath\":\"/SALES_AREA_VTWEG\",\"modelName\":\"NewYardModel\"}"}]}
RESULT: undefined
COMMAND: POST /session/3c28004edfbf3c6cdcf5221cd875a4b1/execute/async - {"script":"<script> [776 bytes]","args":[{"enterText":"C2","selector":{"controlType":"sap.m.Input","viewName":"etm.portal.ui.manageyards.view.New","viewId":"application-manageyards-display-component---NewYard","bindingPath":{"path":"","propertyPath":"/SALES_AREA_VTWEG","modelName":"NewYardModel"},"interaction":{"idSuffix":"inner"}},"clearTextFirst":true,"interactionType":"ENTER_TEXT"}]}
RESULT: {"script":"<script> [776 bytes]","args":[{"enterText":"C2","selector":{"controlType":"sap.m.Input","viewName":"etm.portal.ui.manageyards.view.New","viewId":"application-manageyards-display-component---NewYard","bindingPath":{"path":"","propertyPath":"/SALES_AREA_VTWEG","modelName":"NewYardModel"},"interaction":{"idSuffix":"inner"}},"clearTextFirst":true,"interactionType":"ENTER_TEXT"}]}
COMMAND: POST /session/3c28004edfbf3c6cdcf5221cd875a4b1/execute/async - {"script":"<script> [1562 bytes]","args":[{"selector":{"controlType":"sap.m.Input","viewName":"etm.portal.ui.manageyards.view.New","viewId":"application-manageyards-display-component---NewYard","bindingPath":{"path":"","propertyPath":"/SALES_AREA_SPART","modelName":"NewYardModel"},"interaction":{"idSuffix":"inner"}},"wdio_ui5_key":"etmportal.ui.manageyards.view.Newsap.m.Input{\"path\":\"\",\"propertyPath\":\"/SALES_AREA_SPART\",\"modelName\":\"NewYardModel\"}"}]}
RESULT: {"script":"<script> [1562 bytes]","args":[{"selector":{"controlType":"sap.m.Input","viewName":"etm.portal.ui.manageyards.view.New","viewId":"application-manageyards-display-component---NewYard","bindingPath":{"path":"","propertyPath":"/SALES_AREA_SPART","modelName":"NewYardModel"},"interaction":{"idSuffix":"inner"}},"wdio_ui5_key":"etmportal.ui.manageyards.view.Newsap.m.Input{\"path\":\"\",\"propertyPath\":\"/SALES_AREA_SPART\",\"modelName\":\"NewYardModel\"}"}]}
RESULT: undefined
COMMAND: POST /session/3c28004edfbf3c6cdcf5221cd875a4b1/execute/async - {"script":"<script> [776 bytes]","args":[{"enterText":"C2","selector":{"controlType":"sap.m.Input","viewName":"etm.portal.ui.manageyards.view.New","viewId":"application-manageyards-display-component---NewYard","bindingPath":{"path":"","propertyPath":"/SALES_AREA_SPART","modelName":"NewYardModel"},"interaction":{"idSuffix":"inner"}},"clearTextFirst":true,"interactionType":"ENTER_TEXT"}]}
RESULT: {"script":"<script> [776 bytes]","args":[{"enterText":"C2","selector":{"controlType":"sap.m.Input","viewName":"etm.portal.ui.manageyards.view.New","viewId":"application-manageyards-display-component---NewYard","bindingPath":{"path":"","propertyPath":"/SALES_AREA_SPART","modelName":"NewYardModel"},"interaction":{"idSuffix":"inner"}},"clearTextFirst":true,"interactionType":"ENTER_TEXT"}]}
COMMAND: POST /session/3c28004edfbf3c6cdcf5221cd875a4b1/execute/async - {"script":"<script> [1562 bytes]","args":[{"selector":{"id":"application-manageyards-display-component---NewYard--whmCheckBox","interaction":{"idSuffix":"CbBg"}},"wdio_ui5_key":"applicationmanageyards-display-component---NewYard--whmCheckBox"}]}
RESULT: {"script":"<script> [1562 bytes]","args":[{"selector":{"id":"application-manageyards-display-component---NewYard--whmCheckBox","interaction":{"idSuffix":"CbBg"}},"wdio_ui5_key":"applicationmanageyards-display-component---NewYard--whmCheckBox"}]}
RESULT: undefined
COMMAND: POST /session/3c28004edfbf3c6cdcf5221cd875a4b1/element - {"using":"xpath","value":"//*[@id=\"application-manageyards-display-component---NewYard--whmCheckBox\"]"}
RESULT: {"using":"xpath","value":"//*[@id=\"application-manageyards-display-component---NewYard--whmCheckBox\"]"}
COMMAND: POST /session/3c28004edfbf3c6cdcf5221cd875a4b1/element/f.B144892EA8D4B745C91A45796582BC5B.d.C996E827FA75004D3F30043D0B37A372.e.9970/click - {}
RESULT: {}
COMMAND: POST /session/3c28004edfbf3c6cdcf5221cd875a4b1/execute/async - {"script":"<script> [1562 bytes]","args":[{"selector":{"controlType":"sap.m.Button","viewName":"etm.portal.ui.manageyards.view.New","viewId":"application-manageyards-display-component---NewYard","i18NText":{"propertyName":"text","key":"save"},"interaction":{"idSuffix":"inner"}},"wdio_ui5_key":"etmportal.ui.manageyards.view.Newsap.m.Button{\"propertyName\":\"text\",\"key\":\"save\"}"}]}
COMMAND: GET /session/3c28004edfbf3c6cdcf5221cd875a4b1/screenshot - {}
RESULT: {"script":"<script> [1562 bytes]","args":[{"selector":{"controlType":"sap.m.Button","viewName":"etm.portal.ui.manageyards.view.New","viewId":"application-manageyards-display-component---NewYard","i18NText":{"propertyName":"text","key":"save"},"interaction":{"idSuffix":"inner"}},"wdio_ui5_key":"etmportal.ui.manageyards.view.Newsap.m.Button{\"propertyName\":\"text\",\"key\":\"save\"}"}]}
RESULT: undefined
COMMAND: POST /session/3c28004edfbf3c6cdcf5221cd875a4b1/element - {"using":"xpath","value":"//*[@id=\"__button18\"]"}
RESULT: {}
RESULT: {"using":"xpath","value":"//*[@id=\"__button18\"]"}
COMMAND: POST /session/3c28004edfbf3c6cdcf5221cd875a4b1/element/f.B144892EA8D4B745C91A45796582BC5B.d.C996E827FA75004D3F30043D0B37A372.e.9879/click - {}
RESULT: {}
COMMAND: GET /session/3c28004edfbf3c6cdcf5221cd875a4b1/screenshot - {}
RESULT: {}
COMMAND: POST /session/3c28004edfbf3c6cdcf5221cd875a4b1/element - {"using":"css selector","value":"#shell-header-logo"}
RESULT: {"using":"css selector","value":"#shell-header-logo"}
COMMAND: POST /session/3c28004edfbf3c6cdcf5221cd875a4b1/element/f.B144892EA8D4B745C91A45796582BC5B.d.C996E827FA75004D3F30043D0B37A372.e.9439/click - {}
RESULT: {}
COMMAND: GET /session/3c28004edfbf3c6cdcf5221cd875a4b1/screenshot - {}
RESULT: {}
COMMAND: POST /session/3c28004edfbf3c6cdcf5221cd875a4b1/refresh - {}
RESULT: {}
COMMAND: GET /session/3c28004edfbf3c6cdcf5221cd875a4b1/screenshot - {}
RESULT: {}
COMMAND: POST /session/3c28004edfbf3c6cdcf5221cd875a4b1/execute/async - {"script":"<script> [189 bytes]","args":[]}
RESULT: {"script":"<script> [189 bytes]","args":[]}
COMMAND: POST /session/3c28004edfbf3c6cdcf5221cd875a4b1/execute/async - {"script":"<script> [123 bytes]","args":[]}
RESULT: {"script":"<script> [123 bytes]","args":[]}
COMMAND: POST /session/3c28004edfbf3c6cdcf5221cd875a4b1/timeouts - {"script":"<number>"}
RESULT: {"script":"<number>"}
COMMAND: GET /session/3c28004edfbf3c6cdcf5221cd875a4b1/timeouts - {}
RESULT: {}
RESULT: undefined
COMMAND: POST /session/3c28004edfbf3c6cdcf5221cd875a4b1/execute/async - {"script":"<script> [2676 bytes]","args":[]}
RESULT: {"script":"<script> [2676 bytes]","args":[]}
COMMAND: POST /session/3c28004edfbf3c6cdcf5221cd875a4b1/execute/async - {"script":"<script> [2342 bytes]","args":[{"protocol":"http","hostname":"0.0.0.0","path":"/","capabilities":{"browserName":"chrome","goog:chromeOptions":{"binary":"C:\\Program Files\\Google\\Chrome\\Application\\chrome.exe","args":["--start-maximized"]}},"logLevel":"warn","connectionRetryTimeout":120000,"connectionRetryCount":3,"logLevels":{},"enableDirectConnect":true,"strictSSL":true,"_":"65 more keys: [\"cacheDir\",\"port\",\"requestedCapabilities\",\"automationProtocol\",\"baseUrl\",\"waitforInterval\",\"waitforTimeout\",\"onReload\",\"beforeCommand\",\"afterCommand\",\"rootDir\",\"specs\",\"suites\",\"exclude\",\"groupLogsByTestSpec\",\"excludeDriverLogs\",\"bail\",\"framework\",\"reporters\",\"services\",\"maxInstances\",\"maxInstancesPerCapability\",\"injectGlobals\",\"filesToWatch\",\"execArgv\",\"runnerEnv\",\"runner\",\"shard\",\"specFileRetries\",\"specFileRetriesDelay\",\"specFileRetriesDeferred\",\"reporterSyncInterval\",\"reporterSyncTimeout\",\"cucumberFeaturesWithLineNumbers\",\"autoCompileOpts\",\"mochaOpts\",\"jasmineOpts\",\"cucumberOpts\",\"onPrepare\",\"onWorkerStart\",\"onWorkerEnd\",\"before\",\"beforeSession\",\"beforeSuite\",\"beforeHook\",\"beforeTest\",\"afterTest\",\"afterHook\",\"afterSuite\",\"afterSession\",\"after\",\"onComplete\",\"beforeAssertion\",\"afterAssertion\",\"beforeFeature\",\"beforeScenario\",\"beforeStep\",\"afterStep\",\"afterScenario\",\"afterFeature\",\"_\",\"suite\",\"$0\",\"ignoredWorkerServices\",\"wdi5\"]"}]}
RESULT: {"script":"<script> [2342 bytes]","args":[{"protocol":"http","hostname":"0.0.0.0","path":"/","capabilities":{"browserName":"chrome","goog:chromeOptions":{"binary":"C:\\Program Files\\Google\\Chrome\\Application\\chrome.exe","args":["--start-maximized"]}},"logLevel":"warn","connectionRetryTimeout":120000,"connectionRetryCount":3,"logLevels":{},"enableDirectConnect":true,"strictSSL":true,"_":"65 more keys: [\"cacheDir\",\"port\",\"requestedCapabilities\",\"automationProtocol\",\"baseUrl\",\"waitforInterval\",\"waitforTimeout\",\"onReload\",\"beforeCommand\",\"afterCommand\",\"rootDir\",\"specs\",\"suites\",\"exclude\",\"groupLogsByTestSpec\",\"excludeDriverLogs\",\"bail\",\"framework\",\"reporters\",\"services\",\"maxInstances\",\"maxInstancesPerCapability\",\"injectGlobals\",\"filesToWatch\",\"execArgv\",\"runnerEnv\",\"runner\",\"shard\",\"specFileRetries\",\"specFileRetriesDelay\",\"specFileRetriesDeferred\",\"reporterSyncInterval\",\"reporterSyncTimeout\",\"cucumberFeaturesWithLineNumbers\",\"autoCompileOpts\",\"mochaOpts\",\"jasmineOpts\",\"cucumberOpts\",\"onPrepare\",\"onWorkerStart\",\"onWorkerEnd\",\"before\",\"beforeSession\",\"beforeSuite\",\"beforeHook\",\"beforeTest\",\"afterTest\",\"afterHook\",\"afterSuite\",\"afterSession\",\"after\",\"onComplete\",\"beforeAssertion\",\"afterAssertion\",\"beforeFeature\",\"beforeScenario\",\"beforeStep\",\"afterStep\",\"afterScenario\",\"afterFeature\",\"_\",\"suite\",\"$0\",\"ignoredWorkerServices\",\"wdi5\"]"}]}
COMMAND: POST /session/3c28004edfbf3c6cdcf5221cd875a4b1/execute/async - {"script":"<script> [21126 bytes]","args":[35000]}
RESULT: {"script":"<script> [21126 bytes]","args":[35000]}
]]></system-out>
    </testcase>
    <testcase classname="chrome.135_0_7049_96.windows.Warehouse_movements_inventory_test" name="Should create a new warehouse organization" time="51.524">
      <system-out><![CDATA[
COMMAND: POST /session/3c28004edfbf3c6cdcf5221cd875a4b1/execute/async - {"script":"<script> [1562 bytes]","args":[{"selector":{"controlType":"sap.m.GenericTile","properties":{"header":"Bin Status Report"}},"wdio_ui5_key":"sapm.GenericTile{\"header\":\"Bin Status Report\"}"}]}
RESULT: {"script":"<script> [1562 bytes]","args":[{"selector":{"controlType":"sap.m.GenericTile","properties":{"header":"Bin Status Report"}},"wdio_ui5_key":"sapm.GenericTile{\"header\":\"Bin Status Report\"}"}]}
RESULT: undefined
COMMAND: POST /session/3c28004edfbf3c6cdcf5221cd875a4b1/element - {"using":"xpath","value":"//*[@id=\"__tile104\"]"}
RESULT: {"using":"xpath","value":"//*[@id=\"__tile104\"]"}
COMMAND: POST /session/3c28004edfbf3c6cdcf5221cd875a4b1/element/f.B144892EA8D4B745C91A45796582BC5B.d.28BA2893577ECBBAD593CF7693207F40.e.10185/click - {}
RESULT: {}
COMMAND: GET /session/3c28004edfbf3c6cdcf5221cd875a4b1/screenshot - {}
RESULT: {}
COMMAND: POST /session/3c28004edfbf3c6cdcf5221cd875a4b1/execute/async - {"script":"<script> [1562 bytes]","args":[{"selector":{"id":"application-binstatusreport-display-component---warehousing--createOrgBtn","interaction":{"idSuffix":"BDI-content"}},"wdio_ui5_key":"applicationbinstatusreport-display-component---warehousing--createOrgBtn"}]}
RESULT: {"script":"<script> [1562 bytes]","args":[{"selector":{"id":"application-binstatusreport-display-component---warehousing--createOrgBtn","interaction":{"idSuffix":"BDI-content"}},"wdio_ui5_key":"applicationbinstatusreport-display-component---warehousing--createOrgBtn"}]}
RESULT: undefined
COMMAND: POST /session/3c28004edfbf3c6cdcf5221cd875a4b1/element - {"using":"xpath","value":"//*[@id=\"application-binstatusreport-display-component---warehousing--createOrgBtn\"]"}
RESULT: {"using":"xpath","value":"//*[@id=\"application-binstatusreport-display-component---warehousing--createOrgBtn\"]"}
COMMAND: POST /session/3c28004edfbf3c6cdcf5221cd875a4b1/element/f.B144892EA8D4B745C91A45796582BC5B.d.28BA2893577ECBBAD593CF7693207F40.e.10230/click - {}
RESULT: {}
COMMAND: GET /session/3c28004edfbf3c6cdcf5221cd875a4b1/screenshot - {}
RESULT: {}
COMMAND: POST /session/3c28004edfbf3c6cdcf5221cd875a4b1/execute/async - {"script":"<script> [1562 bytes]","args":[{"selector":{"id":"createOrganizationPop--sectionInput","searchOpenDialogs":true,"interaction":{"idSuffix":"inner"}},"wdio_ui5_key":"createOrganizationPopsectionInput"}]}
RESULT: {"script":"<script> [1562 bytes]","args":[{"selector":{"id":"createOrganizationPop--sectionInput","searchOpenDialogs":true,"interaction":{"idSuffix":"inner"}},"wdio_ui5_key":"createOrganizationPopsectionInput"}]}
RESULT: undefined
COMMAND: POST /session/3c28004edfbf3c6cdcf5221cd875a4b1/execute/async - {"script":"<script> [776 bytes]","args":[{"enterText":"Secvix7d","selector":{"id":"createOrganizationPop--sectionInput","searchOpenDialogs":true,"interaction":{"idSuffix":"inner"}},"clearTextFirst":true,"interactionType":"ENTER_TEXT"}]}
RESULT: {"script":"<script> [776 bytes]","args":[{"enterText":"Secvix7d","selector":{"id":"createOrganizationPop--sectionInput","searchOpenDialogs":true,"interaction":{"idSuffix":"inner"}},"clearTextFirst":true,"interactionType":"ENTER_TEXT"}]}
COMMAND: POST /session/3c28004edfbf3c6cdcf5221cd875a4b1/execute/async - {"script":"<script> [1562 bytes]","args":[{"selector":{"id":"createOrganizationPop--descriptionInput","searchOpenDialogs":true,"interaction":{"idSuffix":"inner"}},"wdio_ui5_key":"createOrganizationPopdescriptionInput"}]}
RESULT: {"script":"<script> [1562 bytes]","args":[{"selector":{"id":"createOrganizationPop--descriptionInput","searchOpenDialogs":true,"interaction":{"idSuffix":"inner"}},"wdio_ui5_key":"createOrganizationPopdescriptionInput"}]}
RESULT: undefined
COMMAND: POST /session/3c28004edfbf3c6cdcf5221cd875a4b1/execute/async - {"script":"<script> [776 bytes]","args":[{"enterText":"OrgNamexv6al","selector":{"id":"createOrganizationPop--descriptionInput","searchOpenDialogs":true,"interaction":{"idSuffix":"inner"}},"clearTextFirst":true,"interactionType":"ENTER_TEXT"}]}
RESULT: {"script":"<script> [776 bytes]","args":[{"enterText":"OrgNamexv6al","selector":{"id":"createOrganizationPop--descriptionInput","searchOpenDialogs":true,"interaction":{"idSuffix":"inner"}},"clearTextFirst":true,"interactionType":"ENTER_TEXT"}]}
COMMAND: POST /session/3c28004edfbf3c6cdcf5221cd875a4b1/element - {"using":"xpath","value":"//input[contains(@id ,\"createOrganizationPop--yardOrg-inner\")]"}
RESULT: {"using":"xpath","value":"//input[contains(@id ,\"createOrganizationPop--yardOrg-inner\")]"}
COMMAND: POST /session/3c28004edfbf3c6cdcf5221cd875a4b1/element/f.B144892EA8D4B745C91A45796582BC5B.d.28BA2893577ECBBAD593CF7693207F40.e.10266/clear - {}
RESULT: {}
COMMAND: POST /session/3c28004edfbf3c6cdcf5221cd875a4b1/element/f.B144892EA8D4B745C91A45796582BC5B.d.28BA2893577ECBBAD593CF7693207F40.e.10266/value - {"text":"WebdriverWHMYardf3ify"}
COMMAND: GET /session/3c28004edfbf3c6cdcf5221cd875a4b1/screenshot - {}
RESULT: {"text":"WebdriverWHMYardf3ify"}
COMMAND: GET /session/3c28004edfbf3c6cdcf5221cd875a4b1/screenshot - {}
RESULT: {}
RESULT: {}
COMMAND: POST /session/3c28004edfbf3c6cdcf5221cd875a4b1/actions - {"actions":[{"id":"action30","type":"key","parameters":{},"actions":[{"type":"keyDown","value":"î€‡"},{"type":"pause","duration":10},{"type":"keyUp","value":"î€‡"}]}]}
RESULT: {"actions":[{"id":"action30","type":"key","parameters":{},"actions":[{"type":"keyDown","value":"î€‡"},{"type":"pause","duration":10},{"type":"keyUp","value":"î€‡"}]}]}
COMMAND: GET /session/3c28004edfbf3c6cdcf5221cd875a4b1/screenshot - {}
RESULT: {}
COMMAND: POST /session/3c28004edfbf3c6cdcf5221cd875a4b1/execute/async - {"script":"<script> [1562 bytes]","args":[{"selector":{"id":"createOrganizationPop--grZone","searchOpenDialogs":true,"interaction":{"idSuffix":"CbBg"}},"wdio_ui5_key":"createOrganizationPopgrZone"}]}
RESULT: {"script":"<script> [1562 bytes]","args":[{"selector":{"id":"createOrganizationPop--grZone","searchOpenDialogs":true,"interaction":{"idSuffix":"CbBg"}},"wdio_ui5_key":"createOrganizationPopgrZone"}]}
RESULT: undefined
COMMAND: POST /session/3c28004edfbf3c6cdcf5221cd875a4b1/element - {"using":"xpath","value":"//*[@id=\"createOrganizationPop--grZone\"]"}
RESULT: {"using":"xpath","value":"//*[@id=\"createOrganizationPop--grZone\"]"}
COMMAND: POST /session/3c28004edfbf3c6cdcf5221cd875a4b1/element/f.B144892EA8D4B745C91A45796582BC5B.d.28BA2893577ECBBAD593CF7693207F40.e.10288/click - {}
RESULT: {}
COMMAND: POST /session/3c28004edfbf3c6cdcf5221cd875a4b1/execute/async - {"script":"<script> [1562 bytes]","args":[{"selector":{"id":"createOrganizationPop--giZone","searchOpenDialogs":true,"interaction":{"idSuffix":"CbBg"}},"wdio_ui5_key":"createOrganizationPopgiZone"}]}
COMMAND: GET /session/3c28004edfbf3c6cdcf5221cd875a4b1/screenshot - {}
RESULT: {"script":"<script> [1562 bytes]","args":[{"selector":{"id":"createOrganizationPop--giZone","searchOpenDialogs":true,"interaction":{"idSuffix":"CbBg"}},"wdio_ui5_key":"createOrganizationPopgiZone"}]}
RESULT: undefined
COMMAND: POST /session/3c28004edfbf3c6cdcf5221cd875a4b1/element - {"using":"xpath","value":"//*[@id=\"createOrganizationPop--giZone\"]"}
RESULT: {}
RESULT: {"using":"xpath","value":"//*[@id=\"createOrganizationPop--giZone\"]"}
COMMAND: POST /session/3c28004edfbf3c6cdcf5221cd875a4b1/element/f.B144892EA8D4B745C91A45796582BC5B.d.28BA2893577ECBBAD593CF7693207F40.e.10290/click - {}
RESULT: {}
COMMAND: POST /session/3c28004edfbf3c6cdcf5221cd875a4b1/execute/async - {"script":"<script> [1562 bytes]","args":[{"selector":{"id":"createOrganizationPop--binNoInput","searchOpenDialogs":true,"interaction":{"idSuffix":"inner"}},"wdio_ui5_key":"createOrganizationPopbinNoInput"}]}
COMMAND: GET /session/3c28004edfbf3c6cdcf5221cd875a4b1/screenshot - {}
RESULT: {"script":"<script> [1562 bytes]","args":[{"selector":{"id":"createOrganizationPop--binNoInput","searchOpenDialogs":true,"interaction":{"idSuffix":"inner"}},"wdio_ui5_key":"createOrganizationPopbinNoInput"}]}
RESULT: undefined
COMMAND: POST /session/3c28004edfbf3c6cdcf5221cd875a4b1/execute/async - {"script":"<script> [776 bytes]","args":[{"enterText":"Binbo45mk","selector":{"id":"createOrganizationPop--binNoInput","searchOpenDialogs":true,"interaction":{"idSuffix":"inner"}},"clearTextFirst":true,"interactionType":"ENTER_TEXT"}]}
RESULT: {}
RESULT: {"script":"<script> [776 bytes]","args":[{"enterText":"Binbo45mk","selector":{"id":"createOrganizationPop--binNoInput","searchOpenDialogs":true,"interaction":{"idSuffix":"inner"}},"clearTextFirst":true,"interactionType":"ENTER_TEXT"}]}
COMMAND: POST /session/3c28004edfbf3c6cdcf5221cd875a4b1/execute/async - {"script":"<script> [1562 bytes]","args":[{"selector":{"id":"createOrganizationPop--descriptionId","searchOpenDialogs":true,"interaction":{"idSuffix":"inner"}},"wdio_ui5_key":"createOrganizationPopdescriptionId"}]}
RESULT: {"script":"<script> [1562 bytes]","args":[{"selector":{"id":"createOrganizationPop--descriptionId","searchOpenDialogs":true,"interaction":{"idSuffix":"inner"}},"wdio_ui5_key":"createOrganizationPopdescriptionId"}]}
RESULT: undefined
COMMAND: POST /session/3c28004edfbf3c6cdcf5221cd875a4b1/execute/async - {"script":"<script> [776 bytes]","args":[{"enterText":"Bingf1j","selector":{"id":"createOrganizationPop--descriptionId","searchOpenDialogs":true,"interaction":{"idSuffix":"inner"}},"clearTextFirst":true,"interactionType":"ENTER_TEXT"}]}
RESULT: {"script":"<script> [776 bytes]","args":[{"enterText":"Bingf1j","selector":{"id":"createOrganizationPop--descriptionId","searchOpenDialogs":true,"interaction":{"idSuffix":"inner"}},"clearTextFirst":true,"interactionType":"ENTER_TEXT"}]}
COMMAND: POST /session/3c28004edfbf3c6cdcf5221cd875a4b1/execute/async - {"script":"<script> [1562 bytes]","args":[{"selector":{"controlType":"sap.m.CheckBox","viewName":"etm.portal.ui.binstatusreport.view.MasterWareBins","viewId":"application-binstatusreport-display-component---warehousing","bindingPath":{"path":"","propertyPath":"/ZONE","modelName":"newBin"},"searchOpenDialogs":true,"interaction":{"idSuffix":"CbBg"}},"wdio_ui5_key":"etmportal.ui.binstatusreport.view.MasterWareBinssap.m.CheckBox{\"path\":\"\",\"propertyPath\":\"/ZONE\",\"modelName\":\"newBin\"}"}]}
RESULT: {"script":"<script> [1562 bytes]","args":[{"selector":{"controlType":"sap.m.CheckBox","viewName":"etm.portal.ui.binstatusreport.view.MasterWareBins","viewId":"application-binstatusreport-display-component---warehousing","bindingPath":{"path":"","propertyPath":"/ZONE","modelName":"newBin"},"searchOpenDialogs":true,"interaction":{"idSuffix":"CbBg"}},"wdio_ui5_key":"etmportal.ui.binstatusreport.view.MasterWareBinssap.m.CheckBox{\"path\":\"\",\"propertyPath\":\"/ZONE\",\"modelName\":\"newBin\"}"}]}
RESULT: undefined
COMMAND: POST /session/3c28004edfbf3c6cdcf5221cd875a4b1/element - {"using":"xpath","value":"//*[@id=\"__box12\"]"}
RESULT: {"using":"xpath","value":"//*[@id=\"__box12\"]"}
COMMAND: POST /session/3c28004edfbf3c6cdcf5221cd875a4b1/element/f.B144892EA8D4B745C91A45796582BC5B.d.28BA2893577ECBBAD593CF7693207F40.e.10294/click - {}
RESULT: {}
COMMAND: POST /session/3c28004edfbf3c6cdcf5221cd875a4b1/execute/async - {"script":"<script> [1562 bytes]","args":[{"selector":{"id":"createOrganizationPop--binTypesCB-arrow","searchOpenDialogs":true},"wdio_ui5_key":"createOrganizationPopbinTypesCB-arrow"}]}
COMMAND: GET /session/3c28004edfbf3c6cdcf5221cd875a4b1/screenshot - {}
RESULT: {"script":"<script> [1562 bytes]","args":[{"selector":{"id":"createOrganizationPop--binTypesCB-arrow","searchOpenDialogs":true},"wdio_ui5_key":"createOrganizationPopbinTypesCB-arrow"}]}
RESULT: undefined
COMMAND: POST /session/3c28004edfbf3c6cdcf5221cd875a4b1/element - {"using":"xpath","value":"//*[@id=\"createOrganizationPop--binTypesCB-arrow\"]"}
RESULT: {}
RESULT: {"using":"xpath","value":"//*[@id=\"createOrganizationPop--binTypesCB-arrow\"]"}
COMMAND: POST /session/3c28004edfbf3c6cdcf5221cd875a4b1/element/f.B144892EA8D4B745C91A45796582BC5B.d.28BA2893577ECBBAD593CF7693207F40.e.10295/click - {}
RESULT: {}
COMMAND: POST /session/3c28004edfbf3c6cdcf5221cd875a4b1/execute/async - {"script":"<script> [1562 bytes]","args":[{"selector":{"controlType":"sap.m.StandardListItem","viewName":"etm.portal.ui.binstatusreport.view.MasterWareBins","viewId":"application-binstatusreport-display-component---warehousing","properties":{"title":"1 - General / No capacity check"},"searchOpenDialogs":true,"interaction":{"idSuffix":"content"}},"wdio_ui5_key":"etmportal.ui.binstatusreport.view.MasterWareBinssap.m.StandardListItem{\"title\":\"1 - General / No capacity check\"}"}]}
COMMAND: GET /session/3c28004edfbf3c6cdcf5221cd875a4b1/screenshot - {}
RESULT: {"script":"<script> [1562 bytes]","args":[{"selector":{"controlType":"sap.m.StandardListItem","viewName":"etm.portal.ui.binstatusreport.view.MasterWareBins","viewId":"application-binstatusreport-display-component---warehousing","properties":{"title":"1 - General / No capacity check"},"searchOpenDialogs":true,"interaction":{"idSuffix":"content"}},"wdio_ui5_key":"etmportal.ui.binstatusreport.view.MasterWareBinssap.m.StandardListItem{\"title\":\"1 - General / No capacity check\"}"}]}
RESULT: undefined
COMMAND: POST /session/3c28004edfbf3c6cdcf5221cd875a4b1/element - {"using":"xpath","value":"//*[@id=\"__item102\"]"}
RESULT: {}
RESULT: {"using":"xpath","value":"//*[@id=\"__item102\"]"}
COMMAND: POST /session/3c28004edfbf3c6cdcf5221cd875a4b1/element/f.B144892EA8D4B745C91A45796582BC5B.d.28BA2893577ECBBAD593CF7693207F40.e.10297/click - {}
RESULT: {}
COMMAND: POST /session/3c28004edfbf3c6cdcf5221cd875a4b1/execute/async - {"script":"<script> [1562 bytes]","args":[{"selector":{"id":"createOrganizationPop--finishBtn","searchOpenDialogs":true,"interaction":{"idSuffix":"BDI-content"}},"wdio_ui5_key":"createOrganizationPopfinishBtn"}]}
COMMAND: GET /session/3c28004edfbf3c6cdcf5221cd875a4b1/screenshot - {}
RESULT: {"script":"<script> [1562 bytes]","args":[{"selector":{"id":"createOrganizationPop--finishBtn","searchOpenDialogs":true,"interaction":{"idSuffix":"BDI-content"}},"wdio_ui5_key":"createOrganizationPopfinishBtn"}]}
RESULT: undefined
COMMAND: POST /session/3c28004edfbf3c6cdcf5221cd875a4b1/element - {"using":"xpath","value":"//*[@id=\"createOrganizationPop--finishBtn\"]"}
RESULT: {}
RESULT: {"using":"xpath","value":"//*[@id=\"createOrganizationPop--finishBtn\"]"}
COMMAND: POST /session/3c28004edfbf3c6cdcf5221cd875a4b1/element/f.B144892EA8D4B745C91A45796582BC5B.d.28BA2893577ECBBAD593CF7693207F40.e.10299/click - {}
RESULT: {}
COMMAND: GET /session/3c28004edfbf3c6cdcf5221cd875a4b1/screenshot - {}
RESULT: {}
COMMAND: POST /session/3c28004edfbf3c6cdcf5221cd875a4b1/element - {"using":"css selector","value":"#shell-header-logo"}
RESULT: {"using":"css selector","value":"#shell-header-logo"}
COMMAND: POST /session/3c28004edfbf3c6cdcf5221cd875a4b1/element/f.B144892EA8D4B745C91A45796582BC5B.d.28BA2893577ECBBAD593CF7693207F40.e.10190/click - {}
RESULT: {}
COMMAND: GET /session/3c28004edfbf3c6cdcf5221cd875a4b1/screenshot - {}
RESULT: {}
]]></system-out>
    </testcase>
    <testcase classname="chrome.135_0_7049_96.windows.Warehouse_movements_inventory_test" name="Should Create new material for WHM yard" time="124.41">
      <system-out><![CDATA[
COMMAND: POST /session/3c28004edfbf3c6cdcf5221cd875a4b1/execute/async - {"script":"<script> [1562 bytes]","args":[{"selector":{"controlType":"sap.m.GenericTile","properties":{"header":"Manage Resources"}},"wdio_ui5_key":"sapm.GenericTile{\"header\":\"Manage Resources\"}"}]}
RESULT: {"script":"<script> [1562 bytes]","args":[{"selector":{"controlType":"sap.m.GenericTile","properties":{"header":"Manage Resources"}},"wdio_ui5_key":"sapm.GenericTile{\"header\":\"Manage Resources\"}"}]}
RESULT: undefined
COMMAND: POST /session/3c28004edfbf3c6cdcf5221cd875a4b1/element - {"using":"xpath","value":"//*[@id=\"__tile39\"]"}
RESULT: {"using":"xpath","value":"//*[@id=\"__tile39\"]"}
COMMAND: POST /session/3c28004edfbf3c6cdcf5221cd875a4b1/element/f.B144892EA8D4B745C91A45796582BC5B.d.28BA2893577ECBBAD593CF7693207F40.e.10306/click - {}
RESULT: {}
COMMAND: GET /session/3c28004edfbf3c6cdcf5221cd875a4b1/screenshot - {}
RESULT: {}
COMMAND: POST /session/3c28004edfbf3c6cdcf5221cd875a4b1/element - {"using":"xpath","value":"//button[@data-kt=\"addNewRUOverflowToolbarButton\"]"}
RESULT: {"using":"xpath","value":"//button[@data-kt=\"addNewRUOverflowToolbarButton\"]"}
COMMAND: POST /session/3c28004edfbf3c6cdcf5221cd875a4b1/execute/sync - {"script":"<script> [8489 bytes]","args":[{"element-6066-11e4-a52e-4f735466cecf":"f.B144892EA8D4B745C91A45796582BC5B.d.28BA2893577ECBBAD593CF7693207F40.e.10336","ELEMENT":"f.B144892EA8D4B745C91A45796582BC5B.d.28BA2893577ECBBAD593CF7693207F40.e.10336"}]}
RESULT: {"script":"<script> [8489 bytes]","args":[{"element-6066-11e4-a52e-4f735466cecf":"f.B144892EA8D4B745C91A45796582BC5B.d.28BA2893577ECBBAD593CF7693207F40.e.10336","ELEMENT":"f.B144892EA8D4B745C91A45796582BC5B.d.28BA2893577ECBBAD593CF7693207F40.e.10336"}]}
COMMAND: POST /session/3c28004edfbf3c6cdcf5221cd875a4b1/element/f.B144892EA8D4B745C91A45796582BC5B.d.28BA2893577ECBBAD593CF7693207F40.e.10336/click - {}
COMMAND: GET /session/3c28004edfbf3c6cdcf5221cd875a4b1/screenshot - {}
RESULT: {}
COMMAND: POST /session/3c28004edfbf3c6cdcf5221cd875a4b1/execute/async - {"script":"<script> [1562 bytes]","args":[{"selector":{"id":"application-manageresources-display-component---newResourceUnit--TYPE-arrow"},"wdio_ui5_key":"applicationmanageresources-display-component---newResourceUnit--TYPE-arrow"}]}
COMMAND: GET /session/3c28004edfbf3c6cdcf5221cd875a4b1/screenshot - {}
RESULT: {}
RESULT: {"script":"<script> [1562 bytes]","args":[{"selector":{"id":"application-manageresources-display-component---newResourceUnit--TYPE-arrow"},"wdio_ui5_key":"applicationmanageresources-display-component---newResourceUnit--TYPE-arrow"}]}
RESULT: undefined
COMMAND: POST /session/3c28004edfbf3c6cdcf5221cd875a4b1/element - {"using":"xpath","value":"//*[@id=\"application-manageresources-display-component---newResourceUnit--TYPE-arrow\"]"}
RESULT: {}
RESULT: {"using":"xpath","value":"//*[@id=\"application-manageresources-display-component---newResourceUnit--TYPE-arrow\"]"}
COMMAND: POST /session/3c28004edfbf3c6cdcf5221cd875a4b1/element/f.B144892EA8D4B745C91A45796582BC5B.d.28BA2893577ECBBAD593CF7693207F40.e.10671/click - {}
RESULT: {}
COMMAND: POST /session/3c28004edfbf3c6cdcf5221cd875a4b1/execute/async - {"script":"<script> [1562 bytes]","args":[{"selector":{"controlType":"sap.m.StandardListItem","viewName":"reusables.view.manageresources.NewResourceUnit","viewId":"application-manageresources-display-component---newResourceUnit","properties":{"title":"Material"},"searchOpenDialogs":true,"interaction":{"idSuffix":"titleText"}},"wdio_ui5_key":"reusablesview.manageresources.NewResourceUnitsap.m.StandardListItem{\"title\":\"Material\"}"}]}
COMMAND: GET /session/3c28004edfbf3c6cdcf5221cd875a4b1/screenshot - {}
RESULT: {"script":"<script> [1562 bytes]","args":[{"selector":{"controlType":"sap.m.StandardListItem","viewName":"reusables.view.manageresources.NewResourceUnit","viewId":"application-manageresources-display-component---newResourceUnit","properties":{"title":"Material"},"searchOpenDialogs":true,"interaction":{"idSuffix":"titleText"}},"wdio_ui5_key":"reusablesview.manageresources.NewResourceUnitsap.m.StandardListItem{\"title\":\"Material\"}"}]}
RESULT: undefined
COMMAND: POST /session/3c28004edfbf3c6cdcf5221cd875a4b1/element - {"using":"xpath","value":"//*[@id=\"__item232\"]"}
RESULT: {}
RESULT: {"using":"xpath","value":"//*[@id=\"__item232\"]"}
COMMAND: POST /session/3c28004edfbf3c6cdcf5221cd875a4b1/element/f.B144892EA8D4B745C91A45796582BC5B.d.28BA2893577ECBBAD593CF7693207F40.e.10674/click - {}
RESULT: {}
COMMAND: POST /session/3c28004edfbf3c6cdcf5221cd875a4b1/execute/async - {"script":"<script> [1562 bytes]","args":[{"selector":{"id":"application-manageresources-display-component---newResourceUnit--SHORT_TEXT","interaction":{"idSuffix":"inner"}},"wdio_ui5_key":"applicationmanageresources-display-component---newResourceUnit--SHORT_TEXT"}]}
COMMAND: GET /session/3c28004edfbf3c6cdcf5221cd875a4b1/screenshot - {}
RESULT: {"script":"<script> [1562 bytes]","args":[{"selector":{"id":"application-manageresources-display-component---newResourceUnit--SHORT_TEXT","interaction":{"idSuffix":"inner"}},"wdio_ui5_key":"applicationmanageresources-display-component---newResourceUnit--SHORT_TEXT"}]}
RESULT: undefined
COMMAND: POST /session/3c28004edfbf3c6cdcf5221cd875a4b1/execute/async - {"script":"<script> [776 bytes]","args":[{"enterText":"WebdriverRUR2Cey2a9","selector":{"id":"application-manageresources-display-component---newResourceUnit--SHORT_TEXT","interaction":{"idSuffix":"inner"}},"clearTextFirst":true,"interactionType":"ENTER_TEXT"}]}
RESULT: {}
RESULT: {"script":"<script> [776 bytes]","args":[{"enterText":"WebdriverRUR2Cey2a9","selector":{"id":"application-manageresources-display-component---newResourceUnit--SHORT_TEXT","interaction":{"idSuffix":"inner"}},"clearTextFirst":true,"interactionType":"ENTER_TEXT"}]}
COMMAND: POST /session/3c28004edfbf3c6cdcf5221cd875a4b1/execute/async - {"script":"<script> [1562 bytes]","args":[{"selector":{"id":"application-manageresources-display-component---newResourceUnit--BASE_UNIT_OF_MEASURE-arrow"},"wdio_ui5_key":"applicationmanageresources-display-component---newResourceUnit--BASE_UNIT_OF_MEASURE-arrow"}]}
RESULT: {"script":"<script> [1562 bytes]","args":[{"selector":{"id":"application-manageresources-display-component---newResourceUnit--BASE_UNIT_OF_MEASURE-arrow"},"wdio_ui5_key":"applicationmanageresources-display-component---newResourceUnit--BASE_UNIT_OF_MEASURE-arrow"}]}
RESULT: undefined
COMMAND: POST /session/3c28004edfbf3c6cdcf5221cd875a4b1/element - {"using":"xpath","value":"//*[@id=\"application-manageresources-display-component---newResourceUnit--BASE_UNIT_OF_MEASURE-arrow\"]"}
RESULT: {"using":"xpath","value":"//*[@id=\"application-manageresources-display-component---newResourceUnit--BASE_UNIT_OF_MEASURE-arrow\"]"}
COMMAND: POST /session/3c28004edfbf3c6cdcf5221cd875a4b1/element/f.B144892EA8D4B745C91A45796582BC5B.d.28BA2893577ECBBAD593CF7693207F40.e.10730/click - {}
RESULT: {}
COMMAND: POST /session/3c28004edfbf3c6cdcf5221cd875a4b1/execute/async - {"script":"<script> [1562 bytes]","args":[{"selector":{"controlType":"sap.m.StandardListItem","viewName":"reusables.view.manageresources.NewResourceUnit","viewId":"application-manageresources-display-component---newResourceUnit","properties":{"title":"Piece"},"searchOpenDialogs":true,"interaction":{"idSuffix":"titleText"}},"wdio_ui5_key":"reusablesview.manageresources.NewResourceUnitsap.m.StandardListItem{\"title\":\"Piece\"}"}]}
COMMAND: GET /session/3c28004edfbf3c6cdcf5221cd875a4b1/screenshot - {}
RESULT: {"script":"<script> [1562 bytes]","args":[{"selector":{"controlType":"sap.m.StandardListItem","viewName":"reusables.view.manageresources.NewResourceUnit","viewId":"application-manageresources-display-component---newResourceUnit","properties":{"title":"Piece"},"searchOpenDialogs":true,"interaction":{"idSuffix":"titleText"}},"wdio_ui5_key":"reusablesview.manageresources.NewResourceUnitsap.m.StandardListItem{\"title\":\"Piece\"}"}]}
RESULT: undefined
COMMAND: POST /session/3c28004edfbf3c6cdcf5221cd875a4b1/element - {"using":"xpath","value":"//*[@id=\"__item276\"]"}
RESULT: {}
RESULT: {"using":"xpath","value":"//*[@id=\"__item276\"]"}
COMMAND: POST /session/3c28004edfbf3c6cdcf5221cd875a4b1/element/f.B144892EA8D4B745C91A45796582BC5B.d.28BA2893577ECBBAD593CF7693207F40.e.10732/click - {}
RESULT: {}
COMMAND: POST /session/3c28004edfbf3c6cdcf5221cd875a4b1/element - {"using":"xpath","value":"//input[contains(@id ,\"application-manageresources-display-component---newResourceUnit--SHORT_TEXT-inner\")]"}
COMMAND: GET /session/3c28004edfbf3c6cdcf5221cd875a4b1/screenshot - {}
RESULT: {"using":"xpath","value":"//input[contains(@id ,\"application-manageresources-display-component---newResourceUnit--SHORT_TEXT-inner\")]"}
COMMAND: GET /session/3c28004edfbf3c6cdcf5221cd875a4b1/element/f.B144892EA8D4B745C91A45796582BC5B.d.28BA2893577ECBBAD593CF7693207F40.e.10691/property/value - {}
RESULT: {}
RESULT: {}
COMMAND: POST /session/3c28004edfbf3c6cdcf5221cd875a4b1/execute/async - {"script":"<script> [1562 bytes]","args":[{"selector":{"id":"application-manageresources-display-component---newResourceUnit--WEIGHT_UNIT-arrow"},"wdio_ui5_key":"applicationmanageresources-display-component---newResourceUnit--WEIGHT_UNIT-arrow"}]}
COMMAND: GET /session/3c28004edfbf3c6cdcf5221cd875a4b1/screenshot - {}
RESULT: {"script":"<script> [1562 bytes]","args":[{"selector":{"id":"application-manageresources-display-component---newResourceUnit--WEIGHT_UNIT-arrow"},"wdio_ui5_key":"applicationmanageresources-display-component---newResourceUnit--WEIGHT_UNIT-arrow"}]}
RESULT: undefined
COMMAND: POST /session/3c28004edfbf3c6cdcf5221cd875a4b1/element - {"using":"xpath","value":"//*[@id=\"application-manageresources-display-component---newResourceUnit--WEIGHT_UNIT-arrow\"]"}
RESULT: {}
RESULT: {"using":"xpath","value":"//*[@id=\"application-manageresources-display-component---newResourceUnit--WEIGHT_UNIT-arrow\"]"}
COMMAND: POST /session/3c28004edfbf3c6cdcf5221cd875a4b1/element/f.B144892EA8D4B745C91A45796582BC5B.d.28BA2893577ECBBAD593CF7693207F40.e.10733/click - {}
RESULT: {}
COMMAND: POST /session/3c28004edfbf3c6cdcf5221cd875a4b1/execute/async - {"script":"<script> [1562 bytes]","args":[{"selector":{"controlType":"sap.m.StandardListItem","viewName":"reusables.view.manageresources.NewResourceUnit","viewId":"application-manageresources-display-component---newResourceUnit","properties":{"title":"Gram"},"searchOpenDialogs":true,"interaction":{"idSuffix":"content"}},"wdio_ui5_key":"reusablesview.manageresources.NewResourceUnitsap.m.StandardListItem{\"title\":\"Gram\"}"}]}
COMMAND: GET /session/3c28004edfbf3c6cdcf5221cd875a4b1/screenshot - {}
RESULT: {"script":"<script> [1562 bytes]","args":[{"selector":{"controlType":"sap.m.StandardListItem","viewName":"reusables.view.manageresources.NewResourceUnit","viewId":"application-manageresources-display-component---newResourceUnit","properties":{"title":"Gram"},"searchOpenDialogs":true,"interaction":{"idSuffix":"content"}},"wdio_ui5_key":"reusablesview.manageresources.NewResourceUnitsap.m.StandardListItem{\"title\":\"Gram\"}"}]}
RESULT: undefined
COMMAND: POST /session/3c28004edfbf3c6cdcf5221cd875a4b1/element - {"using":"xpath","value":"//*[@id=\"__item341\"]"}
RESULT: {}
RESULT: {"using":"xpath","value":"//*[@id=\"__item341\"]"}
COMMAND: POST /session/3c28004edfbf3c6cdcf5221cd875a4b1/element/f.B144892EA8D4B745C91A45796582BC5B.d.28BA2893577ECBBAD593CF7693207F40.e.10735/click - {}
RESULT: {}
COMMAND: POST /session/3c28004edfbf3c6cdcf5221cd875a4b1/execute/async - {"script":"<script> [1562 bytes]","args":[{"selector":{"id":"application-manageresources-display-component---newResourceUnit--newRRUPage-OPHeaderContent-collapseBtn-img"},"wdio_ui5_key":"applicationmanageresources-display-component---newResourceUnit--newRRUPage-OPHeaderContent-collapseBtn-img"}]}
COMMAND: GET /session/3c28004edfbf3c6cdcf5221cd875a4b1/screenshot - {}
RESULT: {"script":"<script> [1562 bytes]","args":[{"selector":{"id":"application-manageresources-display-component---newResourceUnit--newRRUPage-OPHeaderContent-collapseBtn-img"},"wdio_ui5_key":"applicationmanageresources-display-component---newResourceUnit--newRRUPage-OPHeaderContent-collapseBtn-img"}]}
RESULT: undefined
COMMAND: POST /session/3c28004edfbf3c6cdcf5221cd875a4b1/element - {"using":"xpath","value":"//*[@id=\"application-manageresources-display-component---newResourceUnit--newRRUPage-OPHeaderContent-collapseBtn-img\"]"}
RESULT: {}
RESULT: {"using":"xpath","value":"//*[@id=\"application-manageresources-display-component---newResourceUnit--newRRUPage-OPHeaderContent-collapseBtn-img\"]"}
COMMAND: POST /session/3c28004edfbf3c6cdcf5221cd875a4b1/element/f.B144892EA8D4B745C91A45796582BC5B.d.28BA2893577ECBBAD593CF7693207F40.e.10681/click - {}
RESULT: {}
COMMAND: GET /session/3c28004edfbf3c6cdcf5221cd875a4b1/screenshot - {}
RESULT: {}
COMMAND: POST /session/3c28004edfbf3c6cdcf5221cd875a4b1/element - {"using":"xpath","value":"(//span[contains(@id ,\"application-manageresources-display-component---newResourceUnit--DIMENSION_UNIT-arrow\")])[1]"}
RESULT: {"using":"xpath","value":"(//span[contains(@id ,\"application-manageresources-display-component---newResourceUnit--DIMENSION_UNIT-arrow\")])[1]"}
COMMAND: POST /session/3c28004edfbf3c6cdcf5221cd875a4b1/element/f.B144892EA8D4B745C91A45796582BC5B.d.28BA2893577ECBBAD593CF7693207F40.e.10741/click - {}
RESULT: {}
COMMAND: GET /session/3c28004edfbf3c6cdcf5221cd875a4b1/screenshot - {}
RESULT: {}
COMMAND: POST /session/3c28004edfbf3c6cdcf5221cd875a4b1/execute/async - {"script":"<script> [1562 bytes]","args":[{"selector":{"controlType":"sap.m.StandardListItem","viewName":"reusables.view.manageresources.NewResourceUnit","viewId":"application-manageresources-display-component---newResourceUnit","properties":{"title":"Centimeter"},"searchOpenDialogs":true,"interaction":{"idSuffix":"titleText"}},"wdio_ui5_key":"reusablesview.manageresources.NewResourceUnitsap.m.StandardListItem{\"title\":\"Centimeter\"}"}]}
RESULT: {"script":"<script> [1562 bytes]","args":[{"selector":{"controlType":"sap.m.StandardListItem","viewName":"reusables.view.manageresources.NewResourceUnit","viewId":"application-manageresources-display-component---newResourceUnit","properties":{"title":"Centimeter"},"searchOpenDialogs":true,"interaction":{"idSuffix":"titleText"}},"wdio_ui5_key":"reusablesview.manageresources.NewResourceUnitsap.m.StandardListItem{\"title\":\"Centimeter\"}"}]}
RESULT: undefined
COMMAND: POST /session/3c28004edfbf3c6cdcf5221cd875a4b1/element - {"using":"xpath","value":"//*[@id=\"__item344\"]"}
RESULT: {"using":"xpath","value":"//*[@id=\"__item344\"]"}
COMMAND: POST /session/3c28004edfbf3c6cdcf5221cd875a4b1/element/f.B144892EA8D4B745C91A45796582BC5B.d.28BA2893577ECBBAD593CF7693207F40.e.10743/click - {}
RESULT: {}
COMMAND: POST /session/3c28004edfbf3c6cdcf5221cd875a4b1/execute/async - {"script":"<script> [1562 bytes]","args":[{"selector":{"id":"application-manageresources-display-component---newResourceUnit--newRRUPage-anchBar-application-manageresources-display-component---newResourceUnit--reference-anchor","interaction":{"idSuffix":"BDI-content"}},"wdio_ui5_key":"applicationmanageresources-display-component---newResourceUnit--newRRUPage-anchBar-application-manageresources-display-component---newResourceUnit--reference-anchor"}]}
COMMAND: GET /session/3c28004edfbf3c6cdcf5221cd875a4b1/screenshot - {}
RESULT: {"script":"<script> [1562 bytes]","args":[{"selector":{"id":"application-manageresources-display-component---newResourceUnit--newRRUPage-anchBar-application-manageresources-display-component---newResourceUnit--reference-anchor","interaction":{"idSuffix":"BDI-content"}},"wdio_ui5_key":"applicationmanageresources-display-component---newResourceUnit--newRRUPage-anchBar-application-manageresources-display-component---newResourceUnit--reference-anchor"}]}
RESULT: undefined
COMMAND: POST /session/3c28004edfbf3c6cdcf5221cd875a4b1/element - {"using":"xpath","value":"//*[@id=\"application-manageresources-display-component---newResourceUnit--newRRUPage-anchBar-application-manageresources-display-component---newResourceUnit--reference-anchor\"]"}
RESULT: {}
RESULT: {"using":"xpath","value":"//*[@id=\"application-manageresources-display-component---newResourceUnit--newRRUPage-anchBar-application-manageresources-display-component---newResourceUnit--reference-anchor\"]"}
COMMAND: POST /session/3c28004edfbf3c6cdcf5221cd875a4b1/element/f.B144892EA8D4B745C91A45796582BC5B.d.28BA2893577ECBBAD593CF7693207F40.e.10745/click - {}
RESULT: {}
COMMAND: POST /session/3c28004edfbf3c6cdcf5221cd875a4b1/execute/async - {"script":"<script> [1562 bytes]","args":[{"selector":{"id":"application-manageresources-display-component---newResourceUnit--PLANNING_GROUP-arrow"},"wdio_ui5_key":"applicationmanageresources-display-component---newResourceUnit--PLANNING_GROUP-arrow"}]}
COMMAND: GET /session/3c28004edfbf3c6cdcf5221cd875a4b1/screenshot - {}
RESULT: {"script":"<script> [1562 bytes]","args":[{"selector":{"id":"application-manageresources-display-component---newResourceUnit--PLANNING_GROUP-arrow"},"wdio_ui5_key":"applicationmanageresources-display-component---newResourceUnit--PLANNING_GROUP-arrow"}]}
RESULT: undefined
COMMAND: POST /session/3c28004edfbf3c6cdcf5221cd875a4b1/element - {"using":"xpath","value":"//*[@id=\"application-manageresources-display-component---newResourceUnit--PLANNING_GROUP-arrow\"]"}
RESULT: {}
RESULT: {"using":"xpath","value":"//*[@id=\"application-manageresources-display-component---newResourceUnit--PLANNING_GROUP-arrow\"]"}
COMMAND: POST /session/3c28004edfbf3c6cdcf5221cd875a4b1/element/f.B144892EA8D4B745C91A45796582BC5B.d.28BA2893577ECBBAD593CF7693207F40.e.10748/click - {}
RESULT: {}
COMMAND: POST /session/3c28004edfbf3c6cdcf5221cd875a4b1/execute/async - {"script":"<script> [1562 bytes]","args":[{"selector":{"controlType":"sap.m.StandardListItem","viewName":"reusables.view.manageresources.NewResourceUnit","viewId":"application-manageresources-display-component---newResourceUnit","properties":{"title":"Heavy Equi"},"searchOpenDialogs":true,"interaction":{"idSuffix":"content"}},"wdio_ui5_key":"reusablesview.manageresources.NewResourceUnitsap.m.StandardListItem{\"title\":\"Heavy Equi\"}"}]}
COMMAND: GET /session/3c28004edfbf3c6cdcf5221cd875a4b1/screenshot - {}
RESULT: {"script":"<script> [1562 bytes]","args":[{"selector":{"controlType":"sap.m.StandardListItem","viewName":"reusables.view.manageresources.NewResourceUnit","viewId":"application-manageresources-display-component---newResourceUnit","properties":{"title":"Heavy Equi"},"searchOpenDialogs":true,"interaction":{"idSuffix":"content"}},"wdio_ui5_key":"reusablesview.manageresources.NewResourceUnitsap.m.StandardListItem{\"title\":\"Heavy Equi\"}"}]}
RESULT: undefined
COMMAND: POST /session/3c28004edfbf3c6cdcf5221cd875a4b1/element - {"using":"xpath","value":"//*[@id=\"__item352\"]"}
RESULT: {}
RESULT: {"using":"xpath","value":"//*[@id=\"__item352\"]"}
COMMAND: POST /session/3c28004edfbf3c6cdcf5221cd875a4b1/element/f.B144892EA8D4B745C91A45796582BC5B.d.28BA2893577ECBBAD593CF7693207F40.e.10752/click - {}
RESULT: {}
COMMAND: GET /session/3c28004edfbf3c6cdcf5221cd875a4b1/screenshot - {}
RESULT: {}
COMMAND: POST /session/3c28004edfbf3c6cdcf5221cd875a4b1/execute/async - {"script":"<script> [1562 bytes]","args":[{"selector":{"id":"application-manageresources-display-component---newResourceUnit--PLANNING_INDICATOR-arrow"},"wdio_ui5_key":"applicationmanageresources-display-component---newResourceUnit--PLANNING_INDICATOR-arrow"}]}
RESULT: {"script":"<script> [1562 bytes]","args":[{"selector":{"id":"application-manageresources-display-component---newResourceUnit--PLANNING_INDICATOR-arrow"},"wdio_ui5_key":"applicationmanageresources-display-component---newResourceUnit--PLANNING_INDICATOR-arrow"}]}
RESULT: undefined
COMMAND: POST /session/3c28004edfbf3c6cdcf5221cd875a4b1/element - {"using":"xpath","value":"//*[@id=\"application-manageresources-display-component---newResourceUnit--PLANNING_INDICATOR-arrow\"]"}
RESULT: {"using":"xpath","value":"//*[@id=\"application-manageresources-display-component---newResourceUnit--PLANNING_INDICATOR-arrow\"]"}
COMMAND: POST /session/3c28004edfbf3c6cdcf5221cd875a4b1/element/f.B144892EA8D4B745C91A45796582BC5B.d.28BA2893577ECBBAD593CF7693207F40.e.10753/click - {}
RESULT: {}
COMMAND: POST /session/3c28004edfbf3c6cdcf5221cd875a4b1/execute/async - {"script":"<script> [1562 bytes]","args":[{"selector":{"controlType":"sap.m.StandardListItem","viewName":"reusables.view.manageresources.NewResourceUnit","viewId":"application-manageresources-display-component---newResourceUnit","properties":{"title":"10 - infinite"},"searchOpenDialogs":true,"interaction":{"idSuffix":"content"}},"wdio_ui5_key":"reusablesview.manageresources.NewResourceUnitsap.m.StandardListItem{\"title\":\"10 - infinite\"}"}]}
COMMAND: GET /session/3c28004edfbf3c6cdcf5221cd875a4b1/screenshot - {}
RESULT: {"script":"<script> [1562 bytes]","args":[{"selector":{"controlType":"sap.m.StandardListItem","viewName":"reusables.view.manageresources.NewResourceUnit","viewId":"application-manageresources-display-component---newResourceUnit","properties":{"title":"10 - infinite"},"searchOpenDialogs":true,"interaction":{"idSuffix":"content"}},"wdio_ui5_key":"reusablesview.manageresources.NewResourceUnitsap.m.StandardListItem{\"title\":\"10 - infinite\"}"}]}
RESULT: undefined
COMMAND: POST /session/3c28004edfbf3c6cdcf5221cd875a4b1/element - {"using":"xpath","value":"//*[@id=\"__item362\"]"}
RESULT: {}
RESULT: {"using":"xpath","value":"//*[@id=\"__item362\"]"}
COMMAND: POST /session/3c28004edfbf3c6cdcf5221cd875a4b1/element/f.B144892EA8D4B745C91A45796582BC5B.d.28BA2893577ECBBAD593CF7693207F40.e.10755/click - {}
RESULT: {}
COMMAND: GET /session/3c28004edfbf3c6cdcf5221cd875a4b1/screenshot - {}
RESULT: {}
COMMAND: POST /session/3c28004edfbf3c6cdcf5221cd875a4b1/element - {"using":"xpath","value":"//bdi[contains(text(), \"Time Segment\")]"}
RESULT: {"using":"xpath","value":"//bdi[contains(text(), \"Time Segment\")]"}
COMMAND: GET /session/3c28004edfbf3c6cdcf5221cd875a4b1/element/f.B144892EA8D4B745C91A45796582BC5B.d.28BA2893577ECBBAD593CF7693207F40.e.10756/rect - {}
RESULT: {}
COMMAND: GET /session/3c28004edfbf3c6cdcf5221cd875a4b1/window/rect - {}
RESULT: {}
COMMAND: POST /session/3c28004edfbf3c6cdcf5221cd875a4b1/execute/sync - {"script":"<script> [92 bytes]","args":[]}
RESULT: {"script":"<script> [92 bytes]","args":[]}
COMMAND: POST /session/3c28004edfbf3c6cdcf5221cd875a4b1/actions - {"actions":[{"id":"action31","type":"wheel","parameters":{},"actions":[{"type":"scroll","x":-1820,"y":-21,"deltaX":0,"deltaY":0,"duration":0,"origin":{"element-6066-11e4-a52e-4f735466cecf":"f.B144892EA8D4B745C91A45796582BC5B.d.28BA2893577ECBBAD593CF7693207F40.e.10756"}}]}]}
COMMAND: GET /session/3c28004edfbf3c6cdcf5221cd875a4b1/screenshot - {}
RESULT: {}
COMMAND: POST /session/3c28004edfbf3c6cdcf5221cd875a4b1/execute/sync - {"script":"<script> [79 bytes]","args":[{"element-6066-11e4-a52e-4f735466cecf":"f.B144892EA8D4B745C91A45796582BC5B.d.28BA2893577ECBBAD593CF7693207F40.e.10756","ELEMENT":"f.B144892EA8D4B745C91A45796582BC5B.d.28BA2893577ECBBAD593CF7693207F40.e.10756"},{"block":"start","inline":"nearest"}]}
RESULT: {"script":"<script> [79 bytes]","args":[{"element-6066-11e4-a52e-4f735466cecf":"f.B144892EA8D4B745C91A45796582BC5B.d.28BA2893577ECBBAD593CF7693207F40.e.10756","ELEMENT":"f.B144892EA8D4B745C91A45796582BC5B.d.28BA2893577ECBBAD593CF7693207F40.e.10756"},{"block":"start","inline":"nearest"}]}
COMMAND: GET /session/3c28004edfbf3c6cdcf5221cd875a4b1/screenshot - {}
RESULT: {}
COMMAND: POST /session/3c28004edfbf3c6cdcf5221cd875a4b1/element - {"using":"xpath","value":"//span[@id=\"application-manageresources-display-component---newResourceUnit--btnAddTimeSegment-img\"]"}
RESULT: {"using":"xpath","value":"//span[@id=\"application-manageresources-display-component---newResourceUnit--btnAddTimeSegment-img\"]"}
COMMAND: POST /session/3c28004edfbf3c6cdcf5221cd875a4b1/execute/sync - {"script":"<script> [8489 bytes]","args":[{"element-6066-11e4-a52e-4f735466cecf":"f.B144892EA8D4B745C91A45796582BC5B.d.28BA2893577ECBBAD593CF7693207F40.e.10759","ELEMENT":"f.B144892EA8D4B745C91A45796582BC5B.d.28BA2893577ECBBAD593CF7693207F40.e.10759"}]}
RESULT: {"script":"<script> [8489 bytes]","args":[{"element-6066-11e4-a52e-4f735466cecf":"f.B144892EA8D4B745C91A45796582BC5B.d.28BA2893577ECBBAD593CF7693207F40.e.10759","ELEMENT":"f.B144892EA8D4B745C91A45796582BC5B.d.28BA2893577ECBBAD593CF7693207F40.e.10759"}]}
COMMAND: POST /session/3c28004edfbf3c6cdcf5221cd875a4b1/element/f.B144892EA8D4B745C91A45796582BC5B.d.28BA2893577ECBBAD593CF7693207F40.e.10759/click - {}
COMMAND: GET /session/3c28004edfbf3c6cdcf5221cd875a4b1/screenshot - {}
RESULT: {}
COMMAND: GET /session/3c28004edfbf3c6cdcf5221cd875a4b1/screenshot - {}
COMMAND: POST /session/3c28004edfbf3c6cdcf5221cd875a4b1/element - {"using":"xpath","value":"//input[@id=\"application-manageresources-display-component---newResourceUnit--idRuTSAdmin-application-manageresources-display-component---newResourceUnit--RUTimeSegment-0-inner\"]"}
RESULT: {}
RESULT: {}
RESULT: {"using":"xpath","value":"//input[@id=\"application-manageresources-display-component---newResourceUnit--idRuTSAdmin-application-manageresources-display-component---newResourceUnit--RUTimeSegment-0-inner\"]"}
COMMAND: POST /session/3c28004edfbf3c6cdcf5221cd875a4b1/element/f.B144892EA8D4B745C91A45796582BC5B.d.28BA2893577ECBBAD593CF7693207F40.e.10762/clear - {}
RESULT: {}
COMMAND: POST /session/3c28004edfbf3c6cdcf5221cd875a4b1/element/f.B144892EA8D4B745C91A45796582BC5B.d.28BA2893577ECBBAD593CF7693207F40.e.10762/value - {"text":"WebdriverWHMYardf3ify"}
COMMAND: GET /session/3c28004edfbf3c6cdcf5221cd875a4b1/screenshot - {}
RESULT: {"text":"WebdriverWHMYardf3ify"}
COMMAND: GET /session/3c28004edfbf3c6cdcf5221cd875a4b1/screenshot - {}
RESULT: {}
RESULT: {}
COMMAND: POST /session/3c28004edfbf3c6cdcf5221cd875a4b1/actions - {"actions":[{"id":"action32","type":"key","parameters":{},"actions":[{"type":"keyDown","value":"î€‡"},{"type":"pause","duration":10},{"type":"keyUp","value":"î€‡"}]}]}
RESULT: {"actions":[{"id":"action32","type":"key","parameters":{},"actions":[{"type":"keyDown","value":"î€‡"},{"type":"pause","duration":10},{"type":"keyUp","value":"î€‡"}]}]}
COMMAND: GET /session/3c28004edfbf3c6cdcf5221cd875a4b1/screenshot - {}
RESULT: {}
COMMAND: POST /session/3c28004edfbf3c6cdcf5221cd875a4b1/execute/async - {"script":"<script> [1562 bytes]","args":[{"selector":{"controlType":"sap.m.Button","viewName":"reusables.view.manageresources.NewResourceUnit","viewId":"application-manageresources-display-component---newResourceUnit","i18NText":{"propertyName":"tooltip","key":"save"},"interaction":{"idSuffix":"BDI-content"}},"wdio_ui5_key":"reusablesview.manageresources.NewResourceUnitsap.m.Button{\"propertyName\":\"tooltip\",\"key\":\"save\"}"}]}
RESULT: {"script":"<script> [1562 bytes]","args":[{"selector":{"controlType":"sap.m.Button","viewName":"reusables.view.manageresources.NewResourceUnit","viewId":"application-manageresources-display-component---newResourceUnit","i18NText":{"propertyName":"tooltip","key":"save"},"interaction":{"idSuffix":"BDI-content"}},"wdio_ui5_key":"reusablesview.manageresources.NewResourceUnitsap.m.Button{\"propertyName\":\"tooltip\",\"key\":\"save\"}"}]}
RESULT: undefined
COMMAND: POST /session/3c28004edfbf3c6cdcf5221cd875a4b1/element - {"using":"xpath","value":"//*[@id=\"application-manageresources-display-component---newResourceUnit--createRuButton\"]"}
RESULT: {"using":"xpath","value":"//*[@id=\"application-manageresources-display-component---newResourceUnit--createRuButton\"]"}
COMMAND: POST /session/3c28004edfbf3c6cdcf5221cd875a4b1/element/f.B144892EA8D4B745C91A45796582BC5B.d.28BA2893577ECBBAD593CF7693207F40.e.10687/click - {}
RESULT: {}
COMMAND: GET /session/3c28004edfbf3c6cdcf5221cd875a4b1/screenshot - {}
RESULT: {}
COMMAND: POST /session/3c28004edfbf3c6cdcf5221cd875a4b1/execute/async - {"script":"<script> [1562 bytes]","args":[{"selector":{"controlType":"sap.m.Title","properties":{"text":"Success"},"searchOpenDialogs":true},"wdio_ui5_key":"sapm.Title{\"text\":\"Success\"}"}]}
RESULT: {"script":"<script> [1562 bytes]","args":[{"selector":{"controlType":"sap.m.Title","properties":{"text":"Success"},"searchOpenDialogs":true},"wdio_ui5_key":"sapm.Title{\"text\":\"Success\"}"}]}
RESULT: undefined
COMMAND: POST /session/3c28004edfbf3c6cdcf5221cd875a4b1/execute/async - {"script":"<script> [6424 bytes]","args":[{"element-6066-11e4-a52e-4f735466cecf":"f.B144892EA8D4B745C91A45796582BC5B.d.28BA2893577ECBBAD593CF7693207F40.e.10778"},"getText",[]]}
RESULT: {"script":"<script> [6424 bytes]","args":[{"element-6066-11e4-a52e-4f735466cecf":"f.B144892EA8D4B745C91A45796582BC5B.d.28BA2893577ECBBAD593CF7693207F40.e.10778"},"getText",[]]}
COMMAND: POST /session/3c28004edfbf3c6cdcf5221cd875a4b1/element - {"using":"xpath","value":"//*[contains(@id, '__text') and (contains(text(), 'successfully created') or contains(., 'successfully created'))]"}
RESULT: {"using":"xpath","value":"//*[contains(@id, '__text') and (contains(text(), 'successfully created') or contains(., 'successfully created'))]"}
COMMAND: GET /session/3c28004edfbf3c6cdcf5221cd875a4b1/element/f.B144892EA8D4B745C91A45796582BC5B.d.28BA2893577ECBBAD593CF7693207F40.e.10777/text - {}
RESULT: {}
COMMAND: POST /session/3c28004edfbf3c6cdcf5221cd875a4b1/execute/async - {"script":"<script> [1562 bytes]","args":[{"selector":{"controlType":"sap.m.Button","properties":{"text":"Close"},"searchOpenDialogs":true,"interaction":{"idSuffix":"BDI-content"}},"wdio_ui5_key":"sapm.Button{\"text\":\"Close\"}"}]}
RESULT: {"script":"<script> [1562 bytes]","args":[{"selector":{"controlType":"sap.m.Button","properties":{"text":"Close"},"searchOpenDialogs":true,"interaction":{"idSuffix":"BDI-content"}},"wdio_ui5_key":"sapm.Button{\"text\":\"Close\"}"}]}
RESULT: undefined
COMMAND: POST /session/3c28004edfbf3c6cdcf5221cd875a4b1/element - {"using":"xpath","value":"//*[@id=\"__mbox-btn-0\"]"}
RESULT: {"using":"xpath","value":"//*[@id=\"__mbox-btn-0\"]"}
COMMAND: POST /session/3c28004edfbf3c6cdcf5221cd875a4b1/element/f.B144892EA8D4B745C91A45796582BC5B.d.28BA2893577ECBBAD593CF7693207F40.e.10774/click - {}
RESULT: {}
COMMAND: GET /session/3c28004edfbf3c6cdcf5221cd875a4b1/screenshot - {}
RESULT: {}
COMMAND: POST /session/3c28004edfbf3c6cdcf5221cd875a4b1/execute/async - {"script":"<script> [1562 bytes]","args":[{"selector":{"controlType":"sap.ui.core.Icon","viewName":"etm.portal.ui.manageresources.view.Detail","viewId":"application-manageresources-display-component---detailRU","properties":{"src":{"regex":{"source":"overflow"}}}},"wdio_ui5_key":"etmportal.ui.manageresources.view.Detailsap.ui.core.Icon{\"src\":{\"regex\":{\"source\":\"overflow\"}}}"}]}
RESULT: {"script":"<script> [1562 bytes]","args":[{"selector":{"controlType":"sap.ui.core.Icon","viewName":"etm.portal.ui.manageresources.view.Detail","viewId":"application-manageresources-display-component---detailRU","properties":{"src":{"regex":{"source":"overflow"}}}},"wdio_ui5_key":"etmportal.ui.manageresources.view.Detailsap.ui.core.Icon{\"src\":{\"regex\":{\"source\":\"overflow\"}}}"}]}
RESULT: undefined
COMMAND: POST /session/3c28004edfbf3c6cdcf5221cd875a4b1/element - {"using":"xpath","value":"//*[@id=\"__title18-_actionsToolbar-overflowButton-img\"]"}
RESULT: {"using":"xpath","value":"//*[@id=\"__title18-_actionsToolbar-overflowButton-img\"]"}
COMMAND: POST /session/3c28004edfbf3c6cdcf5221cd875a4b1/element/f.B144892EA8D4B745C91A45796582BC5B.d.28BA2893577ECBBAD593CF7693207F40.e.10805/click - {}
RESULT: {}
COMMAND: POST /session/3c28004edfbf3c6cdcf5221cd875a4b1/execute/async - {"script":"<script> [1562 bytes]","args":[{"selector":{"controlType":"sap.m.Button","viewName":"etm.portal.ui.manageresources.view.Detail","viewId":"application-manageresources-display-component---detailRU","i18NText":{"propertyName":"tooltip","key":"closeColumn"},"searchOpenDialogs":true,"interaction":{"idSuffix":"inner"}},"wdio_ui5_key":"etmportal.ui.manageresources.view.Detailsap.m.Button{\"propertyName\":\"tooltip\",\"key\":\"closeColumn\"}"}]}
COMMAND: GET /session/3c28004edfbf3c6cdcf5221cd875a4b1/screenshot - {}
RESULT: {"script":"<script> [1562 bytes]","args":[{"selector":{"controlType":"sap.m.Button","viewName":"etm.portal.ui.manageresources.view.Detail","viewId":"application-manageresources-display-component---detailRU","i18NText":{"propertyName":"tooltip","key":"closeColumn"},"searchOpenDialogs":true,"interaction":{"idSuffix":"inner"}},"wdio_ui5_key":"etmportal.ui.manageresources.view.Detailsap.m.Button{\"propertyName\":\"tooltip\",\"key\":\"closeColumn\"}"}]}
RESULT: undefined
COMMAND: POST /session/3c28004edfbf3c6cdcf5221cd875a4b1/element - {"using":"xpath","value":"//*[@id=\"__button47\"]"}
RESULT: {}
RESULT: {"using":"xpath","value":"//*[@id=\"__button47\"]"}
COMMAND: POST /session/3c28004edfbf3c6cdcf5221cd875a4b1/element/f.B144892EA8D4B745C91A45796582BC5B.d.28BA2893577ECBBAD593CF7693207F40.e.10809/click - {}
RESULT: {}
COMMAND: GET /session/3c28004edfbf3c6cdcf5221cd875a4b1/screenshot - {}
RESULT: {}
COMMAND: POST /session/3c28004edfbf3c6cdcf5221cd875a4b1/refresh - {}
RESULT: {}
COMMAND: GET /session/3c28004edfbf3c6cdcf5221cd875a4b1/screenshot - {}
RESULT: {}
COMMAND: POST /session/3c28004edfbf3c6cdcf5221cd875a4b1/execute/async - {"script":"<script> [189 bytes]","args":[]}
RESULT: {"script":"<script> [189 bytes]","args":[]}
COMMAND: POST /session/3c28004edfbf3c6cdcf5221cd875a4b1/execute/async - {"script":"<script> [123 bytes]","args":[]}
RESULT: {"script":"<script> [123 bytes]","args":[]}
COMMAND: POST /session/3c28004edfbf3c6cdcf5221cd875a4b1/timeouts - {"script":"<number>"}
RESULT: {"script":"<number>"}
COMMAND: GET /session/3c28004edfbf3c6cdcf5221cd875a4b1/timeouts - {}
RESULT: {}
RESULT: undefined
COMMAND: POST /session/3c28004edfbf3c6cdcf5221cd875a4b1/execute/async - {"script":"<script> [2676 bytes]","args":[]}
RESULT: {"script":"<script> [2676 bytes]","args":[]}
COMMAND: POST /session/3c28004edfbf3c6cdcf5221cd875a4b1/execute/async - {"script":"<script> [2342 bytes]","args":[{"protocol":"http","hostname":"0.0.0.0","path":"/","capabilities":{"browserName":"chrome","goog:chromeOptions":{"binary":"C:\\Program Files\\Google\\Chrome\\Application\\chrome.exe","args":["--start-maximized"]}},"logLevel":"warn","connectionRetryTimeout":120000,"connectionRetryCount":3,"logLevels":{},"enableDirectConnect":true,"strictSSL":true,"_":"65 more keys: [\"cacheDir\",\"port\",\"requestedCapabilities\",\"automationProtocol\",\"baseUrl\",\"waitforInterval\",\"waitforTimeout\",\"onReload\",\"beforeCommand\",\"afterCommand\",\"rootDir\",\"specs\",\"suites\",\"exclude\",\"groupLogsByTestSpec\",\"excludeDriverLogs\",\"bail\",\"framework\",\"reporters\",\"services\",\"maxInstances\",\"maxInstancesPerCapability\",\"injectGlobals\",\"filesToWatch\",\"execArgv\",\"runnerEnv\",\"runner\",\"shard\",\"specFileRetries\",\"specFileRetriesDelay\",\"specFileRetriesDeferred\",\"reporterSyncInterval\",\"reporterSyncTimeout\",\"cucumberFeaturesWithLineNumbers\",\"autoCompileOpts\",\"mochaOpts\",\"jasmineOpts\",\"cucumberOpts\",\"onPrepare\",\"onWorkerStart\",\"onWorkerEnd\",\"before\",\"beforeSession\",\"beforeSuite\",\"beforeHook\",\"beforeTest\",\"afterTest\",\"afterHook\",\"afterSuite\",\"afterSession\",\"after\",\"onComplete\",\"beforeAssertion\",\"afterAssertion\",\"beforeFeature\",\"beforeScenario\",\"beforeStep\",\"afterStep\",\"afterScenario\",\"afterFeature\",\"_\",\"suite\",\"$0\",\"ignoredWorkerServices\",\"wdi5\"]"}]}
RESULT: {"script":"<script> [2342 bytes]","args":[{"protocol":"http","hostname":"0.0.0.0","path":"/","capabilities":{"browserName":"chrome","goog:chromeOptions":{"binary":"C:\\Program Files\\Google\\Chrome\\Application\\chrome.exe","args":["--start-maximized"]}},"logLevel":"warn","connectionRetryTimeout":120000,"connectionRetryCount":3,"logLevels":{},"enableDirectConnect":true,"strictSSL":true,"_":"65 more keys: [\"cacheDir\",\"port\",\"requestedCapabilities\",\"automationProtocol\",\"baseUrl\",\"waitforInterval\",\"waitforTimeout\",\"onReload\",\"beforeCommand\",\"afterCommand\",\"rootDir\",\"specs\",\"suites\",\"exclude\",\"groupLogsByTestSpec\",\"excludeDriverLogs\",\"bail\",\"framework\",\"reporters\",\"services\",\"maxInstances\",\"maxInstancesPerCapability\",\"injectGlobals\",\"filesToWatch\",\"execArgv\",\"runnerEnv\",\"runner\",\"shard\",\"specFileRetries\",\"specFileRetriesDelay\",\"specFileRetriesDeferred\",\"reporterSyncInterval\",\"reporterSyncTimeout\",\"cucumberFeaturesWithLineNumbers\",\"autoCompileOpts\",\"mochaOpts\",\"jasmineOpts\",\"cucumberOpts\",\"onPrepare\",\"onWorkerStart\",\"onWorkerEnd\",\"before\",\"beforeSession\",\"beforeSuite\",\"beforeHook\",\"beforeTest\",\"afterTest\",\"afterHook\",\"afterSuite\",\"afterSession\",\"after\",\"onComplete\",\"beforeAssertion\",\"afterAssertion\",\"beforeFeature\",\"beforeScenario\",\"beforeStep\",\"afterStep\",\"afterScenario\",\"afterFeature\",\"_\",\"suite\",\"$0\",\"ignoredWorkerServices\",\"wdi5\"]"}]}
COMMAND: POST /session/3c28004edfbf3c6cdcf5221cd875a4b1/execute/async - {"script":"<script> [21126 bytes]","args":[35000]}
RESULT: {"script":"<script> [21126 bytes]","args":[35000]}
COMMAND: POST /session/3c28004edfbf3c6cdcf5221cd875a4b1/element - {"using":"css selector","value":"#shell-header-logo"}
RESULT: {"using":"css selector","value":"#shell-header-logo"}
COMMAND: POST /session/3c28004edfbf3c6cdcf5221cd875a4b1/element/f.B144892EA8D4B745C91A45796582BC5B.d.150A2DF038AEE40E72CB0FE6A8714887.e.10953/click - {}
RESULT: {}
COMMAND: GET /session/3c28004edfbf3c6cdcf5221cd875a4b1/screenshot - {}
RESULT: {}
COMMAND: POST /session/3c28004edfbf3c6cdcf5221cd875a4b1/element - {"using":"css selector","value":"#shell-header-logo"}
RESULT: {"using":"css selector","value":"#shell-header-logo"}
COMMAND: POST /session/3c28004edfbf3c6cdcf5221cd875a4b1/element/f.B144892EA8D4B745C91A45796582BC5B.d.150A2DF038AEE40E72CB0FE6A8714887.e.11140/click - {}
RESULT: {}
COMMAND: GET /session/3c28004edfbf3c6cdcf5221cd875a4b1/screenshot - {}
RESULT: {}
]]></system-out>
    </testcase>
  </testsuite>
</testsuites>