<?xml version="1.0" encoding="UTF-8"?>
<testsuites tests="20" failures="0" errors="0" skipped="0">
  <testsuite timestamp="2025-04-12T15:27:08" time="1206.22" tests="7" failures="0" errors="0" skipped="0">
    <properties>
      <property name="specId" value="0"/>
      <property name="suiteName" value="E2E - Logistical and commercial statuses"/>
      <property name="capabilities" value="chrome.135_0_7049_42.windows"/>
      <property name="file" value="file:///D:/a/1/s/test/specs/R2C/E2E-Logistical-and-commercial-status.spec.js"/>
    </properties>
    <testcase classname="chrome.135_0_7049_42.windows.E2E_-_Logistical_and_commercial_statuses" name="Should create prerequisites yard partner and site" time="282.866">
      <system-out><![CDATA[
COMMAND: POST /session/b650fd7e5e1a135de288473492e14b1e/execute/async - {"script":"<script> [1562 bytes]","args":[{"selector":{"controlType":"sap.m.GenericTile","properties":{"header":"Manage Yards"}},"wdio_ui5_key":"sapm.GenericTile{\"header\":\"Manage Yards\"}"}]}
RESULT: {"script":"<script> [1562 bytes]","args":[{"selector":{"controlType":"sap.m.GenericTile","properties":{"header":"Manage Yards"}},"wdio_ui5_key":"sapm.GenericTile{\"header\":\"Manage Yards\"}"}]}
RESULT: undefined
COMMAND: POST /session/b650fd7e5e1a135de288473492e14b1e/element - {"using":"xpath","value":"//*[@id=\"__tile52\"]"}
RESULT: {"using":"xpath","value":"//*[@id=\"__tile52\"]"}
COMMAND: POST /session/b650fd7e5e1a135de288473492e14b1e/element/f.07281D0795E18F1137881718A79AE278.d.4FFE15AC5BC794690B474ECFEA7735FD.e.145/click - {}
RESULT: {}
COMMAND: GET /session/b650fd7e5e1a135de288473492e14b1e/screenshot - {}
RESULT: {}
COMMAND: POST /session/b650fd7e5e1a135de288473492e14b1e/execute/async - {"script":"<script> [1562 bytes]","args":[{"selector":{"controlType":"sap.ui.core.Icon","viewName":"etm.portal.ui.manageyards.view.Master","viewId":"application-manageyards-display-component---masterYard","properties":{"src":{"regex":{"source":"add"}}}},"wdio_ui5_key":"etmportal.ui.manageyards.view.Mastersap.ui.core.Icon{\"src\":{\"regex\":{\"source\":\"add\"}}}"}]}
RESULT: {"script":"<script> [1562 bytes]","args":[{"selector":{"controlType":"sap.ui.core.Icon","viewName":"etm.portal.ui.manageyards.view.Master","viewId":"application-manageyards-display-component---masterYard","properties":{"src":{"regex":{"source":"add"}}}},"wdio_ui5_key":"etmportal.ui.manageyards.view.Mastersap.ui.core.Icon{\"src\":{\"regex\":{\"source\":\"add\"}}}"}]}
RESULT: undefined
COMMAND: POST /session/b650fd7e5e1a135de288473492e14b1e/element - {"using":"xpath","value":"//*[@id=\"__button4-img\"]"}
RESULT: {"using":"xpath","value":"//*[@id=\"__button4-img\"]"}
COMMAND: POST /session/b650fd7e5e1a135de288473492e14b1e/element/f.07281D0795E18F1137881718A79AE278.d.4FFE15AC5BC794690B474ECFEA7735FD.e.192/click - {}
RESULT: {}
COMMAND: GET /session/b650fd7e5e1a135de288473492e14b1e/screenshot - {}
RESULT: {}
COMMAND: POST /session/b650fd7e5e1a135de288473492e14b1e/execute/async - {"script":"<script> [1562 bytes]","args":[{"selector":{"id":"application-manageyards-display-component---NewYard--yardId","interaction":{"idSuffix":"inner"}},"wdio_ui5_key":"applicationmanageyards-display-component---NewYard--yardId"}]}
RESULT: {"script":"<script> [1562 bytes]","args":[{"selector":{"id":"application-manageyards-display-component---NewYard--yardId","interaction":{"idSuffix":"inner"}},"wdio_ui5_key":"applicationmanageyards-display-component---NewYard--yardId"}]}
RESULT: undefined
COMMAND: POST /session/b650fd7e5e1a135de288473492e14b1e/element - {"using":"xpath","value":"//*[@id=\"application-manageyards-display-component---NewYard--addressDetailDetailsName1-inner\"]"}
RESULT: {"using":"xpath","value":"//*[@id=\"application-manageyards-display-component---NewYard--addressDetailDetailsName1-inner\"]"}
COMMAND: POST /session/b650fd7e5e1a135de288473492e14b1e/element/f.07281D0795E18F1137881718A79AE278.d.4FFE15AC5BC794690B474ECFEA7735FD.e.405/clear - {}
RESULT: {}
COMMAND: POST /session/b650fd7e5e1a135de288473492e14b1e/element/f.07281D0795E18F1137881718A79AE278.d.4FFE15AC5BC794690B474ECFEA7735FD.e.405/value - {"text":"WebdriverYardlqrit"}
COMMAND: GET /session/b650fd7e5e1a135de288473492e14b1e/screenshot - {}
RESULT: {"text":"WebdriverYardlqrit"}
COMMAND: POST /session/b650fd7e5e1a135de288473492e14b1e/element - {"using":"xpath","value":"//*[@id=\"application-manageyards-display-component---NewYard--addressDetailDetailsLanguage-inner\"]"}
COMMAND: GET /session/b650fd7e5e1a135de288473492e14b1e/screenshot - {}
RESULT: {}
RESULT: {"using":"xpath","value":"//*[@id=\"application-manageyards-display-component---NewYard--addressDetailDetailsLanguage-inner\"]"}
COMMAND: POST /session/b650fd7e5e1a135de288473492e14b1e/element/f.07281D0795E18F1137881718A79AE278.d.4FFE15AC5BC794690B474ECFEA7735FD.e.406/clear - {}
RESULT: {}
RESULT: {}
COMMAND: POST /session/b650fd7e5e1a135de288473492e14b1e/element/f.07281D0795E18F1137881718A79AE278.d.4FFE15AC5BC794690B474ECFEA7735FD.e.406/value - {"text":"Romanian"}
COMMAND: GET /session/b650fd7e5e1a135de288473492e14b1e/screenshot - {}
RESULT: {"text":"Romanian"}
COMMAND: POST /session/b650fd7e5e1a135de288473492e14b1e/element - {"using":"xpath","value":"//input[contains(@id ,\"application-manageyards-display-component---NewYard--addressDetailDetailsName1-inner\")]"}
COMMAND: GET /session/b650fd7e5e1a135de288473492e14b1e/screenshot - {}
RESULT: {}
RESULT: {"using":"xpath","value":"//input[contains(@id ,\"application-manageyards-display-component---NewYard--addressDetailDetailsName1-inner\")]"}
COMMAND: GET /session/b650fd7e5e1a135de288473492e14b1e/element/f.07281D0795E18F1137881718A79AE278.d.4FFE15AC5BC794690B474ECFEA7735FD.e.405/property/value - {}
RESULT: {}
RESULT: {}
COMMAND: GET /session/b650fd7e5e1a135de288473492e14b1e/screenshot - {}
RESULT: {}
COMMAND: POST /session/b650fd7e5e1a135de288473492e14b1e/element - {"using":"xpath","value":"//*[@id=\"application-manageyards-display-component---NewYard--addressDetailDetailsCity1-inner\"]"}
RESULT: {"using":"xpath","value":"//*[@id=\"application-manageyards-display-component---NewYard--addressDetailDetailsCity1-inner\"]"}
COMMAND: POST /session/b650fd7e5e1a135de288473492e14b1e/element/f.07281D0795E18F1137881718A79AE278.d.4FFE15AC5BC794690B474ECFEA7735FD.e.408/clear - {}
RESULT: {}
COMMAND: POST /session/b650fd7e5e1a135de288473492e14b1e/element/f.07281D0795E18F1137881718A79AE278.d.4FFE15AC5BC794690B474ECFEA7735FD.e.408/value - {"text":"Bucuresti"}
COMMAND: GET /session/b650fd7e5e1a135de288473492e14b1e/screenshot - {}
RESULT: {"text":"Bucuresti"}
COMMAND: GET /session/b650fd7e5e1a135de288473492e14b1e/screenshot - {}
RESULT: {}
RESULT: {}
COMMAND: POST /session/b650fd7e5e1a135de288473492e14b1e/element - {"using":"xpath","value":"//*[@id=\"application-manageyards-display-component---NewYard--addressDetailDetailsCountry-inner\"]"}
RESULT: {"using":"xpath","value":"//*[@id=\"application-manageyards-display-component---NewYard--addressDetailDetailsCountry-inner\"]"}
COMMAND: POST /session/b650fd7e5e1a135de288473492e14b1e/element/f.07281D0795E18F1137881718A79AE278.d.4FFE15AC5BC794690B474ECFEA7735FD.e.412/clear - {}
RESULT: {}
COMMAND: POST /session/b650fd7e5e1a135de288473492e14b1e/element/f.07281D0795E18F1137881718A79AE278.d.4FFE15AC5BC794690B474ECFEA7735FD.e.412/value - {"text":"Romania"}
COMMAND: GET /session/b650fd7e5e1a135de288473492e14b1e/screenshot - {}
RESULT: {"text":"Romania"}
COMMAND: GET /session/b650fd7e5e1a135de288473492e14b1e/screenshot - {}
RESULT: {}
COMMAND: POST /session/b650fd7e5e1a135de288473492e14b1e/element - {"using":"xpath","value":"//div[contains(text(), \"Commercial\")]"}
RESULT: {}
RESULT: {"using":"xpath","value":"//div[contains(text(), \"Commercial\")]"}
COMMAND: GET /session/b650fd7e5e1a135de288473492e14b1e/element/f.07281D0795E18F1137881718A79AE278.d.4FFE15AC5BC794690B474ECFEA7735FD.e.606/rect - {}
RESULT: {}
COMMAND: GET /session/b650fd7e5e1a135de288473492e14b1e/window/rect - {}
RESULT: {}
COMMAND: POST /session/b650fd7e5e1a135de288473492e14b1e/execute/sync - {"script":"<script> [92 bytes]","args":[]}
RESULT: {"script":"<script> [92 bytes]","args":[]}
COMMAND: POST /session/b650fd7e5e1a135de288473492e14b1e/actions - {"actions":[{"id":"action1","type":"wheel","parameters":{},"actions":[{"type":"scroll","x":-1841,"y":-44,"deltaX":0,"deltaY":0,"duration":0,"origin":{"element-6066-11e4-a52e-4f735466cecf":"f.07281D0795E18F1137881718A79AE278.d.4FFE15AC5BC794690B474ECFEA7735FD.e.606"}}]}]}
COMMAND: GET /session/b650fd7e5e1a135de288473492e14b1e/screenshot - {}
RESULT: {}
COMMAND: POST /session/b650fd7e5e1a135de288473492e14b1e/execute/sync - {"script":"<script> [79 bytes]","args":[{"element-6066-11e4-a52e-4f735466cecf":"f.07281D0795E18F1137881718A79AE278.d.4FFE15AC5BC794690B474ECFEA7735FD.e.606","ELEMENT":"f.07281D0795E18F1137881718A79AE278.d.4FFE15AC5BC794690B474ECFEA7735FD.e.606"},{"block":"start","inline":"nearest"}]}
RESULT: {"script":"<script> [79 bytes]","args":[{"element-6066-11e4-a52e-4f735466cecf":"f.07281D0795E18F1137881718A79AE278.d.4FFE15AC5BC794690B474ECFEA7735FD.e.606","ELEMENT":"f.07281D0795E18F1137881718A79AE278.d.4FFE15AC5BC794690B474ECFEA7735FD.e.606"},{"block":"start","inline":"nearest"}]}
COMMAND: GET /session/b650fd7e5e1a135de288473492e14b1e/screenshot - {}
RESULT: {}
COMMAND: POST /session/b650fd7e5e1a135de288473492e14b1e/execute/async - {"script":"<script> [1562 bytes]","args":[{"selector":{"id":"application-manageyards-display-component---NewYard--addressEditDetailsCostObjectCstType-arrow"},"wdio_ui5_key":"applicationmanageyards-display-component---NewYard--addressEditDetailsCostObjectCstType-arrow"}]}
RESULT: {"script":"<script> [1562 bytes]","args":[{"selector":{"id":"application-manageyards-display-component---NewYard--addressEditDetailsCostObjectCstType-arrow"},"wdio_ui5_key":"applicationmanageyards-display-component---NewYard--addressEditDetailsCostObjectCstType-arrow"}]}
RESULT: undefined
COMMAND: POST /session/b650fd7e5e1a135de288473492e14b1e/element - {"using":"xpath","value":"//*[@id=\"application-manageyards-display-component---NewYard--addressEditDetailsCostObjectCstType-arrow\"]"}
RESULT: {"using":"xpath","value":"//*[@id=\"application-manageyards-display-component---NewYard--addressEditDetailsCostObjectCstType-arrow\"]"}
COMMAND: POST /session/b650fd7e5e1a135de288473492e14b1e/element/f.07281D0795E18F1137881718A79AE278.d.4FFE15AC5BC794690B474ECFEA7735FD.e.614/click - {}
RESULT: {}
COMMAND: POST /session/b650fd7e5e1a135de288473492e14b1e/element - {"using":"xpath","value":"//span[contains(text(), \"Cost Center\")]"}
COMMAND: GET /session/b650fd7e5e1a135de288473492e14b1e/screenshot - {}
RESULT: {"using":"xpath","value":"//span[contains(text(), \"Cost Center\")]"}
COMMAND: POST /session/b650fd7e5e1a135de288473492e14b1e/element/f.07281D0795E18F1137881718A79AE278.d.4FFE15AC5BC794690B474ECFEA7735FD.e.615/click - {}
RESULT: {}
RESULT: {}
COMMAND: GET /session/b650fd7e5e1a135de288473492e14b1e/screenshot - {}
RESULT: {}
COMMAND: POST /session/b650fd7e5e1a135de288473492e14b1e/execute/async - {"script":"<script> [1562 bytes]","args":[{"selector":{"id":"application-manageyards-display-component---NewYard--addressNewCostObjectCstID-vhi"},"wdio_ui5_key":"applicationmanageyards-display-component---NewYard--addressNewCostObjectCstID-vhi"}]}
RESULT: {"script":"<script> [1562 bytes]","args":[{"selector":{"id":"application-manageyards-display-component---NewYard--addressNewCostObjectCstID-vhi"},"wdio_ui5_key":"applicationmanageyards-display-component---NewYard--addressNewCostObjectCstID-vhi"}]}
RESULT: undefined
COMMAND: POST /session/b650fd7e5e1a135de288473492e14b1e/element - {"using":"xpath","value":"//*[@id=\"application-manageyards-display-component---NewYard--addressNewCostObjectCstID-vhi\"]"}
RESULT: {"using":"xpath","value":"//*[@id=\"application-manageyards-display-component---NewYard--addressNewCostObjectCstID-vhi\"]"}
COMMAND: POST /session/b650fd7e5e1a135de288473492e14b1e/element/f.07281D0795E18F1137881718A79AE278.d.4FFE15AC5BC794690B474ECFEA7735FD.e.618/click - {}
RESULT: {}
COMMAND: GET /session/b650fd7e5e1a135de288473492e14b1e/screenshot - {}
RESULT: {}
COMMAND: POST /session/b650fd7e5e1a135de288473492e14b1e/execute/async - {"script":"<script> [1562 bytes]","args":[{"selector":{"controlType":"sap.m.SearchField","properties":{"placeholder":"Search"},"searchOpenDialogs":true,"interaction":{"idSuffix":"I"}},"wdio_ui5_key":"sapm.SearchField{\"placeholder\":\"Search\"}"}]}
RESULT: {"script":"<script> [1562 bytes]","args":[{"selector":{"controlType":"sap.m.SearchField","properties":{"placeholder":"Search"},"searchOpenDialogs":true,"interaction":{"idSuffix":"I"}},"wdio_ui5_key":"sapm.SearchField{\"placeholder\":\"Search\"}"}]}
RESULT: undefined
COMMAND: POST /session/b650fd7e5e1a135de288473492e14b1e/execute/async - {"script":"<script> [776 bytes]","args":[{"enterText":"10001013","selector":{"controlType":"sap.m.SearchField","properties":{"placeholder":"Search"},"searchOpenDialogs":true,"interaction":{"idSuffix":"I"}},"clearTextFirst":true,"interactionType":"ENTER_TEXT"}]}
RESULT: {"script":"<script> [776 bytes]","args":[{"enterText":"10001013","selector":{"controlType":"sap.m.SearchField","properties":{"placeholder":"Search"},"searchOpenDialogs":true,"interaction":{"idSuffix":"I"}},"clearTextFirst":true,"interactionType":"ENTER_TEXT"}]}
COMMAND: POST /session/b650fd7e5e1a135de288473492e14b1e/actions - {"actions":[{"id":"action2","type":"key","parameters":{},"actions":[{"type":"keyDown","value":""},{"type":"pause","duration":10},{"type":"keyUp","value":""}]}]}
RESULT: {"actions":[{"id":"action2","type":"key","parameters":{},"actions":[{"type":"keyDown","value":""},{"type":"pause","duration":10},{"type":"keyUp","value":""}]}]}
COMMAND: GET /session/b650fd7e5e1a135de288473492e14b1e/screenshot - {}
RESULT: {}
COMMAND: POST /session/b650fd7e5e1a135de288473492e14b1e/element - {"using":"xpath","value":"//span[contains(text(), \"General Management\")]"}
RESULT: {"using":"xpath","value":"//span[contains(text(), \"General Management\")]"}
COMMAND: POST /session/b650fd7e5e1a135de288473492e14b1e/element/f.07281D0795E18F1137881718A79AE278.d.4FFE15AC5BC794690B474ECFEA7735FD.e.659/click - {}
RESULT: {}
COMMAND: GET /session/b650fd7e5e1a135de288473492e14b1e/screenshot - {}
RESULT: {}
COMMAND: POST /session/b650fd7e5e1a135de288473492e14b1e/element - {"using":"xpath","value":"//bdi[contains(text(), \"OK\")]"}
RESULT: {"using":"xpath","value":"//bdi[contains(text(), \"OK\")]"}
COMMAND: POST /session/b650fd7e5e1a135de288473492e14b1e/element/f.07281D0795E18F1137881718A79AE278.d.4FFE15AC5BC794690B474ECFEA7735FD.e.660/click - {}
RESULT: {}
COMMAND: GET /session/b650fd7e5e1a135de288473492e14b1e/screenshot - {}
RESULT: {}
COMMAND: POST /session/b650fd7e5e1a135de288473492e14b1e/execute/async - {"script":"<script> [1562 bytes]","args":[{"selector":{"controlType":"sap.m.Button","viewName":"etm.portal.ui.manageyards.view.New","viewId":"application-manageyards-display-component---NewYard","i18NText":{"propertyName":"text","key":"save"},"interaction":{"idSuffix":"inner"}},"wdio_ui5_key":"etmportal.ui.manageyards.view.Newsap.m.Button{\"propertyName\":\"text\",\"key\":\"save\"}"}]}
RESULT: {"script":"<script> [1562 bytes]","args":[{"selector":{"controlType":"sap.m.Button","viewName":"etm.portal.ui.manageyards.view.New","viewId":"application-manageyards-display-component---NewYard","i18NText":{"propertyName":"text","key":"save"},"interaction":{"idSuffix":"inner"}},"wdio_ui5_key":"etmportal.ui.manageyards.view.Newsap.m.Button{\"propertyName\":\"text\",\"key\":\"save\"}"}]}
RESULT: undefined
COMMAND: POST /session/b650fd7e5e1a135de288473492e14b1e/element - {"using":"xpath","value":"//*[@id=\"__button18\"]"}
RESULT: {"using":"xpath","value":"//*[@id=\"__button18\"]"}
COMMAND: POST /session/b650fd7e5e1a135de288473492e14b1e/element/f.07281D0795E18F1137881718A79AE278.d.4FFE15AC5BC794690B474ECFEA7735FD.e.584/click - {}
RESULT: {}
COMMAND: GET /session/b650fd7e5e1a135de288473492e14b1e/screenshot - {}
RESULT: {}
COMMAND: POST /session/b650fd7e5e1a135de288473492e14b1e/element - {"using":"xpath","value":"//header/div/div[2]/div[2]/span"}
RESULT: {"using":"xpath","value":"//header/div/div[2]/div[2]/span"}
COMMAND: GET /session/b650fd7e5e1a135de288473492e14b1e/element/f.07281D0795E18F1137881718A79AE278.d.4FFE15AC5BC794690B474ECFEA7735FD.e.859/text - {}
RESULT: {}
COMMAND: POST /session/b650fd7e5e1a135de288473492e14b1e/execute/async - {"script":"<script> [1562 bytes]","args":[{"selector":{"controlType":"sap.m.OverflowToolbarButton","viewName":"etm.portal.ui.manageyards.view.Detail","viewId":"application-manageyards-display-component---detailYard","i18NText":{"propertyName":"tooltip","key":"closeColumn"},"interaction":{"idSuffix":"inner"}},"wdio_ui5_key":"etmportal.ui.manageyards.view.Detailsap.m.OverflowToolbarButton{\"propertyName\":\"tooltip\",\"key\":\"closeColumn\"}"}]}
RESULT: {"script":"<script> [1562 bytes]","args":[{"selector":{"controlType":"sap.m.OverflowToolbarButton","viewName":"etm.portal.ui.manageyards.view.Detail","viewId":"application-manageyards-display-component---detailYard","i18NText":{"propertyName":"tooltip","key":"closeColumn"},"interaction":{"idSuffix":"inner"}},"wdio_ui5_key":"etmportal.ui.manageyards.view.Detailsap.m.OverflowToolbarButton{\"propertyName\":\"tooltip\",\"key\":\"closeColumn\"}"}]}
RESULT: undefined
COMMAND: POST /session/b650fd7e5e1a135de288473492e14b1e/element - {"using":"xpath","value":"//*[@id=\"__button42\"]"}
RESULT: {"using":"xpath","value":"//*[@id=\"__button42\"]"}
COMMAND: POST /session/b650fd7e5e1a135de288473492e14b1e/element/f.07281D0795E18F1137881718A79AE278.d.4FFE15AC5BC794690B474ECFEA7735FD.e.861/click - {}
RESULT: {}
COMMAND: GET /session/b650fd7e5e1a135de288473492e14b1e/screenshot - {}
RESULT: {}
COMMAND: POST /session/b650fd7e5e1a135de288473492e14b1e/element - {"using":"css selector","value":"#shell-header-logo"}
RESULT: {"using":"css selector","value":"#shell-header-logo"}
COMMAND: POST /session/b650fd7e5e1a135de288473492e14b1e/element/f.07281D0795E18F1137881718A79AE278.d.4FFE15AC5BC794690B474ECFEA7735FD.e.148/click - {}
RESULT: {}
COMMAND: GET /session/b650fd7e5e1a135de288473492e14b1e/screenshot - {}
RESULT: {}
COMMAND: POST /session/b650fd7e5e1a135de288473492e14b1e/refresh - {}
RESULT: {}
COMMAND: GET /session/b650fd7e5e1a135de288473492e14b1e/screenshot - {}
RESULT: {}
COMMAND: POST /session/b650fd7e5e1a135de288473492e14b1e/execute/async - {"script":"<script> [189 bytes]","args":[]}
RESULT: {"script":"<script> [189 bytes]","args":[]}
COMMAND: POST /session/b650fd7e5e1a135de288473492e14b1e/execute/async - {"script":"<script> [123 bytes]","args":[]}
RESULT: {"script":"<script> [123 bytes]","args":[]}
COMMAND: POST /session/b650fd7e5e1a135de288473492e14b1e/timeouts - {"script":"<number>"}
RESULT: {"script":"<number>"}
COMMAND: GET /session/b650fd7e5e1a135de288473492e14b1e/timeouts - {}
RESULT: {}
RESULT: undefined
COMMAND: POST /session/b650fd7e5e1a135de288473492e14b1e/execute/async - {"script":"<script> [2676 bytes]","args":[]}
RESULT: {"script":"<script> [2676 bytes]","args":[]}
COMMAND: POST /session/b650fd7e5e1a135de288473492e14b1e/execute/async - {"script":"<script> [2342 bytes]","args":[{"protocol":"http","hostname":"0.0.0.0","path":"/","capabilities":{"browserName":"chrome","goog:chromeOptions":{"binary":"C:\\Program Files\\Google\\Chrome\\Application\\chrome.exe"}},"logLevel":"warn","connectionRetryTimeout":120000,"connectionRetryCount":3,"logLevels":{},"enableDirectConnect":true,"strictSSL":true,"_":"65 more keys: [\"cacheDir\",\"port\",\"requestedCapabilities\",\"automationProtocol\",\"baseUrl\",\"waitforInterval\",\"waitforTimeout\",\"onReload\",\"beforeCommand\",\"afterCommand\",\"rootDir\",\"specs\",\"suites\",\"exclude\",\"groupLogsByTestSpec\",\"excludeDriverLogs\",\"bail\",\"framework\",\"reporters\",\"services\",\"maxInstances\",\"maxInstancesPerCapability\",\"injectGlobals\",\"filesToWatch\",\"execArgv\",\"runnerEnv\",\"runner\",\"shard\",\"specFileRetries\",\"specFileRetriesDelay\",\"specFileRetriesDeferred\",\"reporterSyncInterval\",\"reporterSyncTimeout\",\"cucumberFeaturesWithLineNumbers\",\"autoCompileOpts\",\"mochaOpts\",\"jasmineOpts\",\"cucumberOpts\",\"onPrepare\",\"onWorkerStart\",\"onWorkerEnd\",\"before\",\"beforeSession\",\"beforeSuite\",\"beforeHook\",\"beforeTest\",\"afterTest\",\"afterHook\",\"afterSuite\",\"afterSession\",\"after\",\"onComplete\",\"beforeAssertion\",\"afterAssertion\",\"beforeFeature\",\"beforeScenario\",\"beforeStep\",\"afterStep\",\"afterScenario\",\"afterFeature\",\"_\",\"suite\",\"$0\",\"ignoredWorkerServices\",\"wdi5\"]"}]}
RESULT: {"script":"<script> [2342 bytes]","args":[{"protocol":"http","hostname":"0.0.0.0","path":"/","capabilities":{"browserName":"chrome","goog:chromeOptions":{"binary":"C:\\Program Files\\Google\\Chrome\\Application\\chrome.exe"}},"logLevel":"warn","connectionRetryTimeout":120000,"connectionRetryCount":3,"logLevels":{},"enableDirectConnect":true,"strictSSL":true,"_":"65 more keys: [\"cacheDir\",\"port\",\"requestedCapabilities\",\"automationProtocol\",\"baseUrl\",\"waitforInterval\",\"waitforTimeout\",\"onReload\",\"beforeCommand\",\"afterCommand\",\"rootDir\",\"specs\",\"suites\",\"exclude\",\"groupLogsByTestSpec\",\"excludeDriverLogs\",\"bail\",\"framework\",\"reporters\",\"services\",\"maxInstances\",\"maxInstancesPerCapability\",\"injectGlobals\",\"filesToWatch\",\"execArgv\",\"runnerEnv\",\"runner\",\"shard\",\"specFileRetries\",\"specFileRetriesDelay\",\"specFileRetriesDeferred\",\"reporterSyncInterval\",\"reporterSyncTimeout\",\"cucumberFeaturesWithLineNumbers\",\"autoCompileOpts\",\"mochaOpts\",\"jasmineOpts\",\"cucumberOpts\",\"onPrepare\",\"onWorkerStart\",\"onWorkerEnd\",\"before\",\"beforeSession\",\"beforeSuite\",\"beforeHook\",\"beforeTest\",\"afterTest\",\"afterHook\",\"afterSuite\",\"afterSession\",\"after\",\"onComplete\",\"beforeAssertion\",\"afterAssertion\",\"beforeFeature\",\"beforeScenario\",\"beforeStep\",\"afterStep\",\"afterScenario\",\"afterFeature\",\"_\",\"suite\",\"$0\",\"ignoredWorkerServices\",\"wdi5\"]"}]}
COMMAND: POST /session/b650fd7e5e1a135de288473492e14b1e/execute/async - {"script":"<script> [21126 bytes]","args":[35000]}
RESULT: {"script":"<script> [21126 bytes]","args":[35000]}
COMMAND: POST /session/b650fd7e5e1a135de288473492e14b1e/execute/async - {"script":"<script> [1562 bytes]","args":[{"selector":{"controlType":"sap.m.GenericTile","properties":{"header":"Manage Partners"}},"wdio_ui5_key":"sapm.GenericTile{\"header\":\"Manage Partners\"}"}]}
RESULT: {"script":"<script> [1562 bytes]","args":[{"selector":{"controlType":"sap.m.GenericTile","properties":{"header":"Manage Partners"}},"wdio_ui5_key":"sapm.GenericTile{\"header\":\"Manage Partners\"}"}]}
RESULT: undefined
COMMAND: POST /session/b650fd7e5e1a135de288473492e14b1e/element - {"using":"xpath","value":"//*[@id=\"__tile38\"]"}
RESULT: {"using":"xpath","value":"//*[@id=\"__tile38\"]"}
COMMAND: POST /session/b650fd7e5e1a135de288473492e14b1e/element/f.07281D0795E18F1137881718A79AE278.d.E20E8E28A2F538A52FBD0BC0862B04B2.e.1213/click - {}
RESULT: {}
COMMAND: GET /session/b650fd7e5e1a135de288473492e14b1e/screenshot - {}
RESULT: {}
COMMAND: POST /session/b650fd7e5e1a135de288473492e14b1e/execute/async - {"script":"<script> [1562 bytes]","args":[{"selector":{"controlType":"sap.ui.core.Icon","viewName":"etm.portal.ui.managepartners.view.Master","viewId":"application-managepartners-display-component---masterPtm","properties":{"src":{"regex":{"source":"add"}}}},"wdio_ui5_key":"etmportal.ui.managepartners.view.Mastersap.ui.core.Icon{\"src\":{\"regex\":{\"source\":\"add\"}}}"}]}
RESULT: {"script":"<script> [1562 bytes]","args":[{"selector":{"controlType":"sap.ui.core.Icon","viewName":"etm.portal.ui.managepartners.view.Master","viewId":"application-managepartners-display-component---masterPtm","properties":{"src":{"regex":{"source":"add"}}}},"wdio_ui5_key":"etmportal.ui.managepartners.view.Mastersap.ui.core.Icon{\"src\":{\"regex\":{\"source\":\"add\"}}}"}]}
RESULT: undefined
COMMAND: POST /session/b650fd7e5e1a135de288473492e14b1e/element - {"using":"xpath","value":"//*[@id=\"__button4-img\"]"}
RESULT: {"using":"xpath","value":"//*[@id=\"__button4-img\"]"}
COMMAND: POST /session/b650fd7e5e1a135de288473492e14b1e/element/f.07281D0795E18F1137881718A79AE278.d.E20E8E28A2F538A52FBD0BC0862B04B2.e.1264/click - {}
RESULT: {}
COMMAND: GET /session/b650fd7e5e1a135de288473492e14b1e/screenshot - {}
RESULT: {}
COMMAND: POST /session/b650fd7e5e1a135de288473492e14b1e/execute/async - {"script":"<script> [1562 bytes]","args":[{"selector":{"id":"application-managepartners-display-component---NewPartner--partnerId","interaction":{"idSuffix":"inner"}},"wdio_ui5_key":"applicationmanagepartners-display-component---NewPartner--partnerId"}]}
RESULT: {"script":"<script> [1562 bytes]","args":[{"selector":{"id":"application-managepartners-display-component---NewPartner--partnerId","interaction":{"idSuffix":"inner"}},"wdio_ui5_key":"applicationmanagepartners-display-component---NewPartner--partnerId"}]}
RESULT: undefined
COMMAND: POST /session/b650fd7e5e1a135de288473492e14b1e/execute/async - {"script":"<script> [1562 bytes]","args":[{"selector":{"id":"application-managepartners-display-component---NewPartner--addressDetailDetailsName1","interaction":{"idSuffix":"inner"}},"wdio_ui5_key":"applicationmanagepartners-display-component---NewPartner--addressDetailDetailsName1"}]}
RESULT: {"script":"<script> [1562 bytes]","args":[{"selector":{"id":"application-managepartners-display-component---NewPartner--addressDetailDetailsName1","interaction":{"idSuffix":"inner"}},"wdio_ui5_key":"applicationmanagepartners-display-component---NewPartner--addressDetailDetailsName1"}]}
RESULT: undefined
COMMAND: POST /session/b650fd7e5e1a135de288473492e14b1e/execute/async - {"script":"<script> [776 bytes]","args":[{"enterText":"WebdriverPartnerj08oal","selector":{"id":"application-managepartners-display-component---NewPartner--addressDetailDetailsName1","interaction":{"idSuffix":"inner"}},"clearTextFirst":true,"interactionType":"ENTER_TEXT"}]}
RESULT: {"script":"<script> [776 bytes]","args":[{"enterText":"WebdriverPartnerj08oal","selector":{"id":"application-managepartners-display-component---NewPartner--addressDetailDetailsName1","interaction":{"idSuffix":"inner"}},"clearTextFirst":true,"interactionType":"ENTER_TEXT"}]}
COMMAND: POST /session/b650fd7e5e1a135de288473492e14b1e/execute/async - {"script":"<script> [1562 bytes]","args":[{"selector":{"id":"application-managepartners-display-component---NewPartner--addressDetailDetailsLanguage","interaction":{"idSuffix":"inner"}},"wdio_ui5_key":"applicationmanagepartners-display-component---NewPartner--addressDetailDetailsLanguage"}]}
RESULT: {"script":"<script> [1562 bytes]","args":[{"selector":{"id":"application-managepartners-display-component---NewPartner--addressDetailDetailsLanguage","interaction":{"idSuffix":"inner"}},"wdio_ui5_key":"applicationmanagepartners-display-component---NewPartner--addressDetailDetailsLanguage"}]}
RESULT: undefined
COMMAND: POST /session/b650fd7e5e1a135de288473492e14b1e/execute/async - {"script":"<script> [776 bytes]","args":[{"enterText":"Romanian","selector":{"id":"application-managepartners-display-component---NewPartner--addressDetailDetailsLanguage","interaction":{"idSuffix":"inner"}},"clearTextFirst":true,"interactionType":"ENTER_TEXT"}]}
RESULT: {"script":"<script> [776 bytes]","args":[{"enterText":"Romanian","selector":{"id":"application-managepartners-display-component---NewPartner--addressDetailDetailsLanguage","interaction":{"idSuffix":"inner"}},"clearTextFirst":true,"interactionType":"ENTER_TEXT"}]}
COMMAND: POST /session/b650fd7e5e1a135de288473492e14b1e/element - {"using":"xpath","value":"//input[contains(@id ,\"application-managepartners-display-component---NewPartner--addressDetailDetailsName1-inner\")]"}
RESULT: {"using":"xpath","value":"//input[contains(@id ,\"application-managepartners-display-component---NewPartner--addressDetailDetailsName1-inner\")]"}
COMMAND: GET /session/b650fd7e5e1a135de288473492e14b1e/element/f.07281D0795E18F1137881718A79AE278.d.E20E8E28A2F538A52FBD0BC0862B04B2.e.1395/property/value - {}
RESULT: {}
COMMAND: POST /session/b650fd7e5e1a135de288473492e14b1e/execute/async - {"script":"<script> [1562 bytes]","args":[{"selector":{"id":"application-managepartners-display-component---NewPartner--addressDetailDetailsCity1","interaction":{"idSuffix":"inner"}},"wdio_ui5_key":"applicationmanagepartners-display-component---NewPartner--addressDetailDetailsCity1"}]}
COMMAND: GET /session/b650fd7e5e1a135de288473492e14b1e/screenshot - {}
RESULT: {"script":"<script> [1562 bytes]","args":[{"selector":{"id":"application-managepartners-display-component---NewPartner--addressDetailDetailsCity1","interaction":{"idSuffix":"inner"}},"wdio_ui5_key":"applicationmanagepartners-display-component---NewPartner--addressDetailDetailsCity1"}]}
RESULT: undefined
COMMAND: POST /session/b650fd7e5e1a135de288473492e14b1e/execute/async - {"script":"<script> [776 bytes]","args":[{"enterText":"Bucharest","selector":{"id":"application-managepartners-display-component---NewPartner--addressDetailDetailsCity1","interaction":{"idSuffix":"inner"}},"clearTextFirst":true,"interactionType":"ENTER_TEXT"}]}
RESULT: {}
RESULT: {"script":"<script> [776 bytes]","args":[{"enterText":"Bucharest","selector":{"id":"application-managepartners-display-component---NewPartner--addressDetailDetailsCity1","interaction":{"idSuffix":"inner"}},"clearTextFirst":true,"interactionType":"ENTER_TEXT"}]}
COMMAND: POST /session/b650fd7e5e1a135de288473492e14b1e/execute/async - {"script":"<script> [1562 bytes]","args":[{"selector":{"id":"application-managepartners-display-component---NewPartner--addressDetailDetailsCountry","interaction":{"idSuffix":"inner"}},"wdio_ui5_key":"applicationmanagepartners-display-component---NewPartner--addressDetailDetailsCountry"}]}
RESULT: {"script":"<script> [1562 bytes]","args":[{"selector":{"id":"application-managepartners-display-component---NewPartner--addressDetailDetailsCountry","interaction":{"idSuffix":"inner"}},"wdio_ui5_key":"applicationmanagepartners-display-component---NewPartner--addressDetailDetailsCountry"}]}
RESULT: undefined
COMMAND: POST /session/b650fd7e5e1a135de288473492e14b1e/execute/async - {"script":"<script> [6424 bytes]","args":[{"element-6066-11e4-a52e-4f735466cecf":"f.07281D0795E18F1137881718A79AE278.d.E20E8E28A2F538A52FBD0BC0862B04B2.e.1402"},"setValue",["Romania"]]}
RESULT: {"script":"<script> [6424 bytes]","args":[{"element-6066-11e4-a52e-4f735466cecf":"f.07281D0795E18F1137881718A79AE278.d.E20E8E28A2F538A52FBD0BC0862B04B2.e.1402"},"setValue",["Romania"]]}
COMMAND: POST /session/b650fd7e5e1a135de288473492e14b1e/execute/async - {"script":"<script> [1562 bytes]","args":[{"selector":{"id":"application-managepartners-display-component---NewPartner--partnerDetailInternal","interaction":{"idSuffix":"inner"}},"wdio_ui5_key":"applicationmanagepartners-display-component---NewPartner--partnerDetailInternal"}]}
RESULT: {"script":"<script> [1562 bytes]","args":[{"selector":{"id":"application-managepartners-display-component---NewPartner--partnerDetailInternal","interaction":{"idSuffix":"inner"}},"wdio_ui5_key":"applicationmanagepartners-display-component---NewPartner--partnerDetailInternal"}]}
RESULT: undefined
COMMAND: POST /session/b650fd7e5e1a135de288473492e14b1e/execute/async - {"script":"<script> [776 bytes]","args":[{"enterText":"External partner","selector":{"id":"application-managepartners-display-component---NewPartner--partnerDetailInternal","interaction":{"idSuffix":"inner"}},"clearTextFirst":true,"interactionType":"ENTER_TEXT"}]}
RESULT: {"script":"<script> [776 bytes]","args":[{"enterText":"External partner","selector":{"id":"application-managepartners-display-component---NewPartner--partnerDetailInternal","interaction":{"idSuffix":"inner"}},"clearTextFirst":true,"interactionType":"ENTER_TEXT"}]}
COMMAND: POST /session/b650fd7e5e1a135de288473492e14b1e/execute/async - {"script":"<script> [1562 bytes]","args":[{"selector":{"id":"application-managepartners-display-component---NewPartner--partnerDetailsCurrency","interaction":{"idSuffix":"inner"}},"wdio_ui5_key":"applicationmanagepartners-display-component---NewPartner--partnerDetailsCurrency"}]}
RESULT: {"script":"<script> [1562 bytes]","args":[{"selector":{"id":"application-managepartners-display-component---NewPartner--partnerDetailsCurrency","interaction":{"idSuffix":"inner"}},"wdio_ui5_key":"applicationmanagepartners-display-component---NewPartner--partnerDetailsCurrency"}]}
RESULT: undefined
COMMAND: POST /session/b650fd7e5e1a135de288473492e14b1e/execute/async - {"script":"<script> [776 bytes]","args":[{"enterText":"Euro","selector":{"id":"application-managepartners-display-component---NewPartner--partnerDetailsCurrency","interaction":{"idSuffix":"inner"}},"clearTextFirst":true,"interactionType":"ENTER_TEXT"}]}
RESULT: {"script":"<script> [776 bytes]","args":[{"enterText":"Euro","selector":{"id":"application-managepartners-display-component---NewPartner--partnerDetailsCurrency","interaction":{"idSuffix":"inner"}},"clearTextFirst":true,"interactionType":"ENTER_TEXT"}]}
COMMAND: POST /session/b650fd7e5e1a135de288473492e14b1e/execute/async - {"script":"<script> [1562 bytes]","args":[{"selector":{"controlType":"sap.m.Button","viewName":"etm.portal.ui.managepartners.view.NewPartner","viewId":"application-managepartners-display-component---NewPartner","properties":{"text":"Commercial"},"interaction":{"idSuffix":"BDI-content"}},"wdio_ui5_key":"etmportal.ui.managepartners.view.NewPartnersap.m.Button{\"text\":\"Commercial\"}"}]}
RESULT: {"script":"<script> [1562 bytes]","args":[{"selector":{"controlType":"sap.m.Button","viewName":"etm.portal.ui.managepartners.view.NewPartner","viewId":"application-managepartners-display-component---NewPartner","properties":{"text":"Commercial"},"interaction":{"idSuffix":"BDI-content"}},"wdio_ui5_key":"etmportal.ui.managepartners.view.NewPartnersap.m.Button{\"text\":\"Commercial\"}"}]}
RESULT: undefined
COMMAND: POST /session/b650fd7e5e1a135de288473492e14b1e/element - {"using":"xpath","value":"//*[@id=\"application-managepartners-display-component---NewPartner--ObjectPageLayout-anchBar-__section5-anchor\"]"}
RESULT: {"using":"xpath","value":"//*[@id=\"application-managepartners-display-component---NewPartner--ObjectPageLayout-anchBar-__section5-anchor\"]"}
COMMAND: POST /session/b650fd7e5e1a135de288473492e14b1e/element/f.07281D0795E18F1137881718A79AE278.d.E20E8E28A2F538A52FBD0BC0862B04B2.e.1608/click - {}
RESULT: {}
COMMAND: GET /session/b650fd7e5e1a135de288473492e14b1e/screenshot - {}
RESULT: {}
COMMAND: POST /session/b650fd7e5e1a135de288473492e14b1e/execute/async - {"script":"<script> [1562 bytes]","args":[{"selector":{"id":"application-managepartners-display-component---NewPartner--btnAddTableRow-img"},"wdio_ui5_key":"applicationmanagepartners-display-component---NewPartner--btnAddTableRow-img"}]}
RESULT: {"script":"<script> [1562 bytes]","args":[{"selector":{"id":"application-managepartners-display-component---NewPartner--btnAddTableRow-img"},"wdio_ui5_key":"applicationmanagepartners-display-component---NewPartner--btnAddTableRow-img"}]}
RESULT: undefined
COMMAND: POST /session/b650fd7e5e1a135de288473492e14b1e/element - {"using":"xpath","value":"//*[@id=\"application-managepartners-display-component---NewPartner--btnAddTableRow-img\"]"}
RESULT: {"using":"xpath","value":"//*[@id=\"application-managepartners-display-component---NewPartner--btnAddTableRow-img\"]"}
COMMAND: POST /session/b650fd7e5e1a135de288473492e14b1e/element/f.07281D0795E18F1137881718A79AE278.d.E20E8E28A2F538A52FBD0BC0862B04B2.e.1614/click - {}
RESULT: {}
COMMAND: POST /session/b650fd7e5e1a135de288473492e14b1e/element - {"using":"xpath","value":"//input[contains(@id ,\"application-managepartners-display-component---NewPartner--assignmentYard-application-managepartners-display-component---NewPartner\")]"}
COMMAND: GET /session/b650fd7e5e1a135de288473492e14b1e/screenshot - {}
RESULT: {"using":"xpath","value":"//input[contains(@id ,\"application-managepartners-display-component---NewPartner--assignmentYard-application-managepartners-display-component---NewPartner\")]"}
COMMAND: POST /session/b650fd7e5e1a135de288473492e14b1e/element/f.07281D0795E18F1137881718A79AE278.d.E20E8E28A2F538A52FBD0BC0862B04B2.e.1617/clear - {}
RESULT: {}
RESULT: {}
COMMAND: POST /session/b650fd7e5e1a135de288473492e14b1e/element/f.07281D0795E18F1137881718A79AE278.d.E20E8E28A2F538A52FBD0BC0862B04B2.e.1617/value - {"text":"202"}
COMMAND: GET /session/b650fd7e5e1a135de288473492e14b1e/screenshot - {}
RESULT: {"text":"202"}
COMMAND: POST /session/b650fd7e5e1a135de288473492e14b1e/execute/async - {"script":"<script> [1562 bytes]","args":[{"selector":{"controlType":"sap.m.Button","viewName":"etm.portal.ui.managepartners.view.NewPartner","viewId":"application-managepartners-display-component---NewPartner","i18NText":{"propertyName":"text","key":"save"},"interaction":{"idSuffix":"BDI-content"}},"wdio_ui5_key":"etmportal.ui.managepartners.view.NewPartnersap.m.Button{\"propertyName\":\"text\",\"key\":\"save\"}"}]}
COMMAND: GET /session/b650fd7e5e1a135de288473492e14b1e/screenshot - {}
RESULT: {}
RESULT: {}
RESULT: {"script":"<script> [1562 bytes]","args":[{"selector":{"controlType":"sap.m.Button","viewName":"etm.portal.ui.managepartners.view.NewPartner","viewId":"application-managepartners-display-component---NewPartner","i18NText":{"propertyName":"text","key":"save"},"interaction":{"idSuffix":"BDI-content"}},"wdio_ui5_key":"etmportal.ui.managepartners.view.NewPartnersap.m.Button{\"propertyName\":\"text\",\"key\":\"save\"}"}]}
RESULT: undefined
COMMAND: POST /session/b650fd7e5e1a135de288473492e14b1e/element - {"using":"xpath","value":"//*[@id=\"__button12\"]"}
RESULT: {"using":"xpath","value":"//*[@id=\"__button12\"]"}
COMMAND: POST /session/b650fd7e5e1a135de288473492e14b1e/element/f.07281D0795E18F1137881718A79AE278.d.E20E8E28A2F538A52FBD0BC0862B04B2.e.1548/click - {}
RESULT: {}
COMMAND: GET /session/b650fd7e5e1a135de288473492e14b1e/screenshot - {}
RESULT: {}
COMMAND: POST /session/b650fd7e5e1a135de288473492e14b1e/element - {"using":"xpath","value":"//header/div/div[2]/div[2]/span"}
RESULT: {"using":"xpath","value":"//header/div/div[2]/div[2]/span"}
COMMAND: GET /session/b650fd7e5e1a135de288473492e14b1e/element/f.07281D0795E18F1137881718A79AE278.d.E20E8E28A2F538A52FBD0BC0862B04B2.e.1747/text - {}
RESULT: {}
COMMAND: POST /session/b650fd7e5e1a135de288473492e14b1e/element - {"using":"xpath","value":"//header/div/div/div/div/div/div[2]/div/span"}
RESULT: {"using":"xpath","value":"//header/div/div/div/div/div/div[2]/div/span"}
COMMAND: GET /session/b650fd7e5e1a135de288473492e14b1e/element/f.07281D0795E18F1137881718A79AE278.d.E20E8E28A2F538A52FBD0BC0862B04B2.e.1748/text - {}
RESULT: {}
COMMAND: POST /session/b650fd7e5e1a135de288473492e14b1e/execute/async - {"script":"<script> [1562 bytes]","args":[{"selector":{"id":"application-managepartners-display-component---detailPtm--partnerType"},"wdio_ui5_key":"applicationmanagepartners-display-component---detailPtm--partnerType"}]}
RESULT: {"script":"<script> [1562 bytes]","args":[{"selector":{"id":"application-managepartners-display-component---detailPtm--partnerType"},"wdio_ui5_key":"applicationmanagepartners-display-component---detailPtm--partnerType"}]}
RESULT: undefined
COMMAND: POST /session/b650fd7e5e1a135de288473492e14b1e/execute/async - {"script":"<script> [6424 bytes]","args":[{"element-6066-11e4-a52e-4f735466cecf":"f.07281D0795E18F1137881718A79AE278.d.E20E8E28A2F538A52FBD0BC0862B04B2.e.1749"},"getText",[]]}
RESULT: {"script":"<script> [6424 bytes]","args":[{"element-6066-11e4-a52e-4f735466cecf":"f.07281D0795E18F1137881718A79AE278.d.E20E8E28A2F538A52FBD0BC0862B04B2.e.1749"},"getText",[]]}
COMMAND: POST /session/b650fd7e5e1a135de288473492e14b1e/element - {"using":"css selector","value":"#shell-header-logo"}
RESULT: {"using":"css selector","value":"#shell-header-logo"}
COMMAND: POST /session/b650fd7e5e1a135de288473492e14b1e/element/f.07281D0795E18F1137881718A79AE278.d.E20E8E28A2F538A52FBD0BC0862B04B2.e.1216/click - {}
RESULT: {}
COMMAND: GET /session/b650fd7e5e1a135de288473492e14b1e/screenshot - {}
RESULT: {}
COMMAND: POST /session/b650fd7e5e1a135de288473492e14b1e/execute/async - {"script":"<script> [1562 bytes]","args":[{"selector":{"controlType":"sap.m.GenericTile","properties":{"header":"Manage Sites"}},"wdio_ui5_key":"sapm.GenericTile{\"header\":\"Manage Sites\"}"}]}
RESULT: {"script":"<script> [1562 bytes]","args":[{"selector":{"controlType":"sap.m.GenericTile","properties":{"header":"Manage Sites"}},"wdio_ui5_key":"sapm.GenericTile{\"header\":\"Manage Sites\"}"}]}
RESULT: undefined
COMMAND: POST /session/b650fd7e5e1a135de288473492e14b1e/element - {"using":"xpath","value":"//*[@id=\"__tile40\"]"}
RESULT: {"using":"xpath","value":"//*[@id=\"__tile40\"]"}
COMMAND: POST /session/b650fd7e5e1a135de288473492e14b1e/element/f.07281D0795E18F1137881718A79AE278.d.E20E8E28A2F538A52FBD0BC0862B04B2.e.1751/click - {}
RESULT: {}
COMMAND: GET /session/b650fd7e5e1a135de288473492e14b1e/screenshot - {}
RESULT: {}
COMMAND: POST /session/b650fd7e5e1a135de288473492e14b1e/execute/async - {"script":"<script> [1562 bytes]","args":[{"selector":{"controlType":"sap.ui.core.Icon","viewName":"etm.portal.ui.managesites.view.Master","viewId":"application-managesites-display-component---masterSite","properties":{"src":{"regex":{"source":"add"}}}},"wdio_ui5_key":"etmportal.ui.managesites.view.Mastersap.ui.core.Icon{\"src\":{\"regex\":{\"source\":\"add\"}}}"}]}
RESULT: {"script":"<script> [1562 bytes]","args":[{"selector":{"controlType":"sap.ui.core.Icon","viewName":"etm.portal.ui.managesites.view.Master","viewId":"application-managesites-display-component---masterSite","properties":{"src":{"regex":{"source":"add"}}}},"wdio_ui5_key":"etmportal.ui.managesites.view.Mastersap.ui.core.Icon{\"src\":{\"regex\":{\"source\":\"add\"}}}"}]}
RESULT: undefined
COMMAND: POST /session/b650fd7e5e1a135de288473492e14b1e/element - {"using":"xpath","value":"//*[@id=\"__button52-img\"]"}
RESULT: {"using":"xpath","value":"//*[@id=\"__button52-img\"]"}
COMMAND: POST /session/b650fd7e5e1a135de288473492e14b1e/element/f.07281D0795E18F1137881718A79AE278.d.E20E8E28A2F538A52FBD0BC0862B04B2.e.1799/click - {}
RESULT: {}
COMMAND: POST /session/b650fd7e5e1a135de288473492e14b1e/execute/async - {"script":"<script> [1562 bytes]","args":[{"selector":{"id":"application-managesites-display-component---NewSite--siteId","interaction":{"idSuffix":"inner"}},"wdio_ui5_key":"applicationmanagesites-display-component---NewSite--siteId"}]}
COMMAND: GET /session/b650fd7e5e1a135de288473492e14b1e/screenshot - {}
RESULT: {"script":"<script> [1562 bytes]","args":[{"selector":{"id":"application-managesites-display-component---NewSite--siteId","interaction":{"idSuffix":"inner"}},"wdio_ui5_key":"applicationmanagesites-display-component---NewSite--siteId"}]}
RESULT: undefined
COMMAND: POST /session/b650fd7e5e1a135de288473492e14b1e/execute/async - {"script":"<script> [1562 bytes]","args":[{"selector":{"id":"application-managesites-display-component---NewSite--addressDetailDetailsName1","interaction":{"idSuffix":"inner"}},"wdio_ui5_key":"applicationmanagesites-display-component---NewSite--addressDetailDetailsName1"}]}
RESULT: {}
RESULT: {"script":"<script> [1562 bytes]","args":[{"selector":{"id":"application-managesites-display-component---NewSite--addressDetailDetailsName1","interaction":{"idSuffix":"inner"}},"wdio_ui5_key":"applicationmanagesites-display-component---NewSite--addressDetailDetailsName1"}]}
RESULT: undefined
COMMAND: POST /session/b650fd7e5e1a135de288473492e14b1e/execute/async - {"script":"<script> [776 bytes]","args":[{"enterText":"WebdriverSiterxmxkf","selector":{"id":"application-managesites-display-component---NewSite--addressDetailDetailsName1","interaction":{"idSuffix":"inner"}},"clearTextFirst":true,"interactionType":"ENTER_TEXT"}]}
RESULT: {"script":"<script> [776 bytes]","args":[{"enterText":"WebdriverSiterxmxkf","selector":{"id":"application-managesites-display-component---NewSite--addressDetailDetailsName1","interaction":{"idSuffix":"inner"}},"clearTextFirst":true,"interactionType":"ENTER_TEXT"}]}
COMMAND: POST /session/b650fd7e5e1a135de288473492e14b1e/execute/async - {"script":"<script> [1562 bytes]","args":[{"selector":{"id":"application-managesites-display-component---NewSite--addressDetailDetailsLanguage","interaction":{"idSuffix":"inner"}},"wdio_ui5_key":"applicationmanagesites-display-component---NewSite--addressDetailDetailsLanguage"}]}
RESULT: {"script":"<script> [1562 bytes]","args":[{"selector":{"id":"application-managesites-display-component---NewSite--addressDetailDetailsLanguage","interaction":{"idSuffix":"inner"}},"wdio_ui5_key":"applicationmanagesites-display-component---NewSite--addressDetailDetailsLanguage"}]}
RESULT: undefined
COMMAND: POST /session/b650fd7e5e1a135de288473492e14b1e/execute/async - {"script":"<script> [776 bytes]","args":[{"enterText":"Romanian","selector":{"id":"application-managesites-display-component---NewSite--addressDetailDetailsLanguage","interaction":{"idSuffix":"inner"}},"clearTextFirst":true,"interactionType":"ENTER_TEXT"}]}
RESULT: {"script":"<script> [776 bytes]","args":[{"enterText":"Romanian","selector":{"id":"application-managesites-display-component---NewSite--addressDetailDetailsLanguage","interaction":{"idSuffix":"inner"}},"clearTextFirst":true,"interactionType":"ENTER_TEXT"}]}
COMMAND: POST /session/b650fd7e5e1a135de288473492e14b1e/execute/async - {"script":"<script> [1562 bytes]","args":[{"selector":{"id":"application-managesites-display-component---NewSite--addressDetailDetailsCity1","interaction":{"idSuffix":"inner"}},"wdio_ui5_key":"applicationmanagesites-display-component---NewSite--addressDetailDetailsCity1"}]}
RESULT: {"script":"<script> [1562 bytes]","args":[{"selector":{"id":"application-managesites-display-component---NewSite--addressDetailDetailsCity1","interaction":{"idSuffix":"inner"}},"wdio_ui5_key":"applicationmanagesites-display-component---NewSite--addressDetailDetailsCity1"}]}
RESULT: undefined
COMMAND: POST /session/b650fd7e5e1a135de288473492e14b1e/execute/async - {"script":"<script> [776 bytes]","args":[{"enterText":"Bucharest","selector":{"id":"application-managesites-display-component---NewSite--addressDetailDetailsCity1","interaction":{"idSuffix":"inner"}},"clearTextFirst":true,"interactionType":"ENTER_TEXT"}]}
RESULT: {"script":"<script> [776 bytes]","args":[{"enterText":"Bucharest","selector":{"id":"application-managesites-display-component---NewSite--addressDetailDetailsCity1","interaction":{"idSuffix":"inner"}},"clearTextFirst":true,"interactionType":"ENTER_TEXT"}]}
COMMAND: POST /session/b650fd7e5e1a135de288473492e14b1e/execute/async - {"script":"<script> [1562 bytes]","args":[{"selector":{"id":"application-managesites-display-component---NewSite--addressDetailDetailsCountry","interaction":{"idSuffix":"inner"}},"wdio_ui5_key":"applicationmanagesites-display-component---NewSite--addressDetailDetailsCountry"}]}
RESULT: {"script":"<script> [1562 bytes]","args":[{"selector":{"id":"application-managesites-display-component---NewSite--addressDetailDetailsCountry","interaction":{"idSuffix":"inner"}},"wdio_ui5_key":"applicationmanagesites-display-component---NewSite--addressDetailDetailsCountry"}]}
RESULT: undefined
COMMAND: POST /session/b650fd7e5e1a135de288473492e14b1e/execute/async - {"script":"<script> [776 bytes]","args":[{"enterText":"Romania","selector":{"id":"application-managesites-display-component---NewSite--addressDetailDetailsCountry","interaction":{"idSuffix":"inner"}},"clearTextFirst":true,"interactionType":"ENTER_TEXT"}]}
RESULT: {"script":"<script> [776 bytes]","args":[{"enterText":"Romania","selector":{"id":"application-managesites-display-component---NewSite--addressDetailDetailsCountry","interaction":{"idSuffix":"inner"}},"clearTextFirst":true,"interactionType":"ENTER_TEXT"}]}
COMMAND: POST /session/b650fd7e5e1a135de288473492e14b1e/element - {"using":"css selector","value":"#application-managesites-display-component---NewSite--addressDetailDetailsCalendar-inner"}
RESULT: {"using":"css selector","value":"#application-managesites-display-component---NewSite--addressDetailDetailsCalendar-inner"}
COMMAND: POST /session/b650fd7e5e1a135de288473492e14b1e/element/f.07281D0795E18F1137881718A79AE278.d.E20E8E28A2F538A52FBD0BC0862B04B2.e.1948/clear - {}
RESULT: {}
COMMAND: POST /session/b650fd7e5e1a135de288473492e14b1e/element/f.07281D0795E18F1137881718A79AE278.d.E20E8E28A2F538A52FBD0BC0862B04B2.e.1948/value - {"text":"Germany"}
COMMAND: GET /session/b650fd7e5e1a135de288473492e14b1e/screenshot - {}
RESULT: {"text":"Germany"}
COMMAND: POST /session/b650fd7e5e1a135de288473492e14b1e/execute/async - {"script":"<script> [1562 bytes]","args":[{"selector":{"id":"application-managesites-display-component---NewSite--addressEditDetailsCostObjectCstType-arrow"},"wdio_ui5_key":"applicationmanagesites-display-component---NewSite--addressEditDetailsCostObjectCstType-arrow"}]}
COMMAND: GET /session/b650fd7e5e1a135de288473492e14b1e/screenshot - {}
RESULT: {}
RESULT: {"script":"<script> [1562 bytes]","args":[{"selector":{"id":"application-managesites-display-component---NewSite--addressEditDetailsCostObjectCstType-arrow"},"wdio_ui5_key":"applicationmanagesites-display-component---NewSite--addressEditDetailsCostObjectCstType-arrow"}]}
RESULT: undefined
COMMAND: POST /session/b650fd7e5e1a135de288473492e14b1e/element - {"using":"xpath","value":"//*[@id=\"application-managesites-display-component---NewSite--addressEditDetailsCostObjectCstType-arrow\"]"}
RESULT: {}
RESULT: {"using":"xpath","value":"//*[@id=\"application-managesites-display-component---NewSite--addressEditDetailsCostObjectCstType-arrow\"]"}
COMMAND: POST /session/b650fd7e5e1a135de288473492e14b1e/element/f.07281D0795E18F1137881718A79AE278.d.E20E8E28A2F538A52FBD0BC0862B04B2.e.2108/click - {}
RESULT: {}
COMMAND: POST /session/b650fd7e5e1a135de288473492e14b1e/element - {"using":"xpath","value":"//span[contains(text(), \"Work Breakdown Structure\")]"}
COMMAND: GET /session/b650fd7e5e1a135de288473492e14b1e/screenshot - {}
RESULT: {"using":"xpath","value":"//span[contains(text(), \"Work Breakdown Structure\")]"}
COMMAND: POST /session/b650fd7e5e1a135de288473492e14b1e/element/f.07281D0795E18F1137881718A79AE278.d.E20E8E28A2F538A52FBD0BC0862B04B2.e.2109/click - {}
RESULT: {}
RESULT: {}
COMMAND: GET /session/b650fd7e5e1a135de288473492e14b1e/screenshot - {}
RESULT: {}
COMMAND: POST /session/b650fd7e5e1a135de288473492e14b1e/execute/async - {"script":"<script> [1562 bytes]","args":[{"selector":{"id":"application-managesites-display-component---NewSite--addressNewCostObjectCstID-vhi"},"wdio_ui5_key":"applicationmanagesites-display-component---NewSite--addressNewCostObjectCstID-vhi"}]}
RESULT: {"script":"<script> [1562 bytes]","args":[{"selector":{"id":"application-managesites-display-component---NewSite--addressNewCostObjectCstID-vhi"},"wdio_ui5_key":"applicationmanagesites-display-component---NewSite--addressNewCostObjectCstID-vhi"}]}
RESULT: undefined
COMMAND: POST /session/b650fd7e5e1a135de288473492e14b1e/element - {"using":"xpath","value":"//*[@id=\"application-managesites-display-component---NewSite--addressNewCostObjectCstID-vhi\"]"}
RESULT: {"using":"xpath","value":"//*[@id=\"application-managesites-display-component---NewSite--addressNewCostObjectCstID-vhi\"]"}
COMMAND: POST /session/b650fd7e5e1a135de288473492e14b1e/element/f.07281D0795E18F1137881718A79AE278.d.E20E8E28A2F538A52FBD0BC0862B04B2.e.2112/click - {}
RESULT: {}
COMMAND: GET /session/b650fd7e5e1a135de288473492e14b1e/screenshot - {}
RESULT: {}
COMMAND: POST /session/b650fd7e5e1a135de288473492e14b1e/execute/async - {"script":"<script> [1562 bytes]","args":[{"selector":{"controlType":"sap.m.SearchField","properties":{"placeholder":"Search"},"searchOpenDialogs":true,"interaction":{"idSuffix":"I"}},"wdio_ui5_key":"sapm.SearchField{\"placeholder\":\"Search\"}"}]}
RESULT: {"script":"<script> [1562 bytes]","args":[{"selector":{"controlType":"sap.m.SearchField","properties":{"placeholder":"Search"},"searchOpenDialogs":true,"interaction":{"idSuffix":"I"}},"wdio_ui5_key":"sapm.SearchField{\"placeholder\":\"Search\"}"}]}
RESULT: undefined
COMMAND: POST /session/b650fd7e5e1a135de288473492e14b1e/execute/async - {"script":"<script> [776 bytes]","args":[{"enterText":"A1-000100-01","selector":{"controlType":"sap.m.SearchField","properties":{"placeholder":"Search"},"searchOpenDialogs":true,"interaction":{"idSuffix":"I"}},"clearTextFirst":true,"interactionType":"ENTER_TEXT"}]}
RESULT: {"script":"<script> [776 bytes]","args":[{"enterText":"A1-000100-01","selector":{"controlType":"sap.m.SearchField","properties":{"placeholder":"Search"},"searchOpenDialogs":true,"interaction":{"idSuffix":"I"}},"clearTextFirst":true,"interactionType":"ENTER_TEXT"}]}
COMMAND: POST /session/b650fd7e5e1a135de288473492e14b1e/actions - {"actions":[{"id":"action3","type":"key","parameters":{},"actions":[{"type":"keyDown","value":""},{"type":"pause","duration":10},{"type":"keyUp","value":""}]}]}
RESULT: {"actions":[{"id":"action3","type":"key","parameters":{},"actions":[{"type":"keyDown","value":""},{"type":"pause","duration":10},{"type":"keyUp","value":""}]}]}
COMMAND: GET /session/b650fd7e5e1a135de288473492e14b1e/screenshot - {}
RESULT: {}
COMMAND: POST /session/b650fd7e5e1a135de288473492e14b1e/element - {"using":"xpath","value":"//span[contains(text(), \"Template for ETO-Process\")]"}
RESULT: {"using":"xpath","value":"//span[contains(text(), \"Template for ETO-Process\")]"}
COMMAND: POST /session/b650fd7e5e1a135de288473492e14b1e/element/f.07281D0795E18F1137881718A79AE278.d.E20E8E28A2F538A52FBD0BC0862B04B2.e.2131/click - {}
RESULT: {}
COMMAND: GET /session/b650fd7e5e1a135de288473492e14b1e/screenshot - {}
RESULT: {}
COMMAND: POST /session/b650fd7e5e1a135de288473492e14b1e/element - {"using":"xpath","value":"//bdi[contains(text(), \"OK\")]"}
RESULT: {"using":"xpath","value":"//bdi[contains(text(), \"OK\")]"}
COMMAND: POST /session/b650fd7e5e1a135de288473492e14b1e/element/f.07281D0795E18F1137881718A79AE278.d.E20E8E28A2F538A52FBD0BC0862B04B2.e.2132/click - {}
RESULT: {}
COMMAND: GET /session/b650fd7e5e1a135de288473492e14b1e/screenshot - {}
RESULT: {}
COMMAND: POST /session/b650fd7e5e1a135de288473492e14b1e/element - {"using":"xpath","value":"//input[@id=\"application-managesites-display-component---NewSite--addressDetailDetailsYard-inner\"]"}
RESULT: {"using":"xpath","value":"//input[@id=\"application-managesites-display-component---NewSite--addressDetailDetailsYard-inner\"]"}
COMMAND: POST /session/b650fd7e5e1a135de288473492e14b1e/element/f.07281D0795E18F1137881718A79AE278.d.E20E8E28A2F538A52FBD0BC0862B04B2.e.1949/value - {"text":"202"}
RESULT: {"text":"202"}
COMMAND: GET /session/b650fd7e5e1a135de288473492e14b1e/screenshot - {}
RESULT: {}
COMMAND: POST /session/b650fd7e5e1a135de288473492e14b1e/actions - {"actions":[{"id":"action4","type":"key","parameters":{},"actions":[{"type":"keyDown","value":""},{"type":"pause","duration":10},{"type":"keyUp","value":""}]}]}
RESULT: {"actions":[{"id":"action4","type":"key","parameters":{},"actions":[{"type":"keyDown","value":""},{"type":"pause","duration":10},{"type":"keyUp","value":""}]}]}
COMMAND: GET /session/b650fd7e5e1a135de288473492e14b1e/screenshot - {}
RESULT: {}
COMMAND: POST /session/b650fd7e5e1a135de288473492e14b1e/element - {"using":"xpath","value":"//input[@id=\"application-managesites-display-component---NewSite--addressDetailDetailsPartner-inner\"]"}
RESULT: {"using":"xpath","value":"//input[@id=\"application-managesites-display-component---NewSite--addressDetailDetailsPartner-inner\"]"}
COMMAND: POST /session/b650fd7e5e1a135de288473492e14b1e/elements - {"using":"xpath","value":"//input[@id=\"application-managesites-display-component---NewSite--addressDetailDetailsPartner-inner\"]"}
RESULT: {"using":"xpath","value":"//input[@id=\"application-managesites-display-component---NewSite--addressDetailDetailsPartner-inner\"]"}
COMMAND: POST /session/b650fd7e5e1a135de288473492e14b1e/execute/async - {"script":"<script> [1562 bytes]","args":[{"selector":{"controlType":"sap.m.Button","viewName":"etm.portal.ui.managesites.view.NewSmartSite","viewId":"application-managesites-display-component---NewSite","properties":{"text":"Commercial"},"interaction":{"idSuffix":"BDI-content"}},"wdio_ui5_key":"etmportal.ui.managesites.view.NewSmartSitesap.m.Button{\"text\":\"Commercial\"}"}]}
RESULT: {"script":"<script> [1562 bytes]","args":[{"selector":{"controlType":"sap.m.Button","viewName":"etm.portal.ui.managesites.view.NewSmartSite","viewId":"application-managesites-display-component---NewSite","properties":{"text":"Commercial"},"interaction":{"idSuffix":"BDI-content"}},"wdio_ui5_key":"etmportal.ui.managesites.view.NewSmartSitesap.m.Button{\"text\":\"Commercial\"}"}]}
RESULT: undefined
COMMAND: POST /session/b650fd7e5e1a135de288473492e14b1e/element - {"using":"xpath","value":"//*[@id=\"application-managesites-display-component---NewSite--ObjectPageLayout-anchBar-__section31-anchor\"]"}
RESULT: {"using":"xpath","value":"//*[@id=\"application-managesites-display-component---NewSite--ObjectPageLayout-anchBar-__section31-anchor\"]"}
COMMAND: POST /session/b650fd7e5e1a135de288473492e14b1e/element/f.07281D0795E18F1137881718A79AE278.d.E20E8E28A2F538A52FBD0BC0862B04B2.e.2139/click - {}
RESULT: {}
COMMAND: POST /session/b650fd7e5e1a135de288473492e14b1e/execute/async - {"script":"<script> [1562 bytes]","args":[{"selector":{"controlType":"sap.m.Button","viewName":"etm.portal.ui.managesites.view.NewSmartSite","viewId":"application-managesites-display-component---NewSite","i18NText":{"propertyName":"text","key":"save"},"interaction":{"idSuffix":"BDI-content"}},"wdio_ui5_key":"etmportal.ui.managesites.view.NewSmartSitesap.m.Button{\"propertyName\":\"text\",\"key\":\"save\"}"}]}
COMMAND: GET /session/b650fd7e5e1a135de288473492e14b1e/screenshot - {}
RESULT: {"script":"<script> [1562 bytes]","args":[{"selector":{"controlType":"sap.m.Button","viewName":"etm.portal.ui.managesites.view.NewSmartSite","viewId":"application-managesites-display-component---NewSite","i18NText":{"propertyName":"text","key":"save"},"interaction":{"idSuffix":"BDI-content"}},"wdio_ui5_key":"etmportal.ui.managesites.view.NewSmartSitesap.m.Button{\"propertyName\":\"text\",\"key\":\"save\"}"}]}
RESULT: undefined
COMMAND: POST /session/b650fd7e5e1a135de288473492e14b1e/element - {"using":"xpath","value":"//*[@id=\"__button64\"]"}
RESULT: {}
RESULT: {"using":"xpath","value":"//*[@id=\"__button64\"]"}
COMMAND: POST /session/b650fd7e5e1a135de288473492e14b1e/element/f.07281D0795E18F1137881718A79AE278.d.E20E8E28A2F538A52FBD0BC0862B04B2.e.2088/click - {}
RESULT: {}
COMMAND: GET /session/b650fd7e5e1a135de288473492e14b1e/screenshot - {}
RESULT: {}
COMMAND: POST /session/b650fd7e5e1a135de288473492e14b1e/execute/async - {"script":"<script> [1562 bytes]","args":[{"selector":{"id":"application-managesites-display-component---detailSite--addressDetailDetailsYardText"},"wdio_ui5_key":"applicationmanagesites-display-component---detailSite--addressDetailDetailsYardText"}]}
RESULT: {"script":"<script> [1562 bytes]","args":[{"selector":{"id":"application-managesites-display-component---detailSite--addressDetailDetailsYardText"},"wdio_ui5_key":"applicationmanagesites-display-component---detailSite--addressDetailDetailsYardText"}]}
RESULT: undefined
COMMAND: POST /session/b650fd7e5e1a135de288473492e14b1e/element - {"using":"xpath","value":"//header/div/div[2]/div[2]/span"}
RESULT: {"using":"xpath","value":"//header/div/div[2]/div[2]/span"}
COMMAND: GET /session/b650fd7e5e1a135de288473492e14b1e/element/f.07281D0795E18F1137881718A79AE278.d.E20E8E28A2F538A52FBD0BC0862B04B2.e.2310/text - {}
RESULT: {}
COMMAND: POST /session/b650fd7e5e1a135de288473492e14b1e/element - {"using":"xpath","value":"//header/div/div/div/div/div/div[2]/div/span"}
RESULT: {"using":"xpath","value":"//header/div/div/div/div/div/div[2]/div/span"}
COMMAND: GET /session/b650fd7e5e1a135de288473492e14b1e/element/f.07281D0795E18F1137881718A79AE278.d.E20E8E28A2F538A52FBD0BC0862B04B2.e.2311/text - {}
RESULT: {}
COMMAND: POST /session/b650fd7e5e1a135de288473492e14b1e/element - {"using":"css selector","value":"#shell-header-logo"}
RESULT: {"using":"css selector","value":"#shell-header-logo"}
COMMAND: POST /session/b650fd7e5e1a135de288473492e14b1e/element/f.07281D0795E18F1137881718A79AE278.d.E20E8E28A2F538A52FBD0BC0862B04B2.e.1754/click - {}
RESULT: {}
COMMAND: GET /session/b650fd7e5e1a135de288473492e14b1e/screenshot - {}
RESULT: {}
]]></system-out>
    </testcase>
    <testcase classname="chrome.135_0_7049_42.windows.E2E_-_Logistical_and_commercial_statuses" name="It should stock increase the resource" time="202.316">
      <system-out><![CDATA[
COMMAND: POST /session/b650fd7e5e1a135de288473492e14b1e/execute/async - {"script":"<script> [1562 bytes]","args":[{"selector":{"controlType":"sap.m.GenericTile","properties":{"header":"Manage Resources"}},"wdio_ui5_key":"sapm.GenericTile{\"header\":\"Manage Resources\"}"}]}
RESULT: {"script":"<script> [1562 bytes]","args":[{"selector":{"controlType":"sap.m.GenericTile","properties":{"header":"Manage Resources"}},"wdio_ui5_key":"sapm.GenericTile{\"header\":\"Manage Resources\"}"}]}
RESULT: undefined
COMMAND: POST /session/b650fd7e5e1a135de288473492e14b1e/element - {"using":"xpath","value":"//*[@id=\"__tile39\"]"}
RESULT: {"using":"xpath","value":"//*[@id=\"__tile39\"]"}
COMMAND: POST /session/b650fd7e5e1a135de288473492e14b1e/element/f.07281D0795E18F1137881718A79AE278.d.E20E8E28A2F538A52FBD0BC0862B04B2.e.2314/click - {}
RESULT: {}
COMMAND: GET /session/b650fd7e5e1a135de288473492e14b1e/screenshot - {}
RESULT: {}
RESULT: undefined
RESULT: undefined
COMMAND: POST /session/b650fd7e5e1a135de288473492e14b1e/element - {"using":"xpath","value":"//button[@data-kt=\"addNewRUOverflowToolbarButton\"]"}
RESULT: {"using":"xpath","value":"//button[@data-kt=\"addNewRUOverflowToolbarButton\"]"}
COMMAND: POST /session/b650fd7e5e1a135de288473492e14b1e/execute/sync - {"script":"<script> [8489 bytes]","args":[{"element-6066-11e4-a52e-4f735466cecf":"f.07281D0795E18F1137881718A79AE278.d.E20E8E28A2F538A52FBD0BC0862B04B2.e.2358","ELEMENT":"f.07281D0795E18F1137881718A79AE278.d.E20E8E28A2F538A52FBD0BC0862B04B2.e.2358"}]}
RESULT: {"script":"<script> [8489 bytes]","args":[{"element-6066-11e4-a52e-4f735466cecf":"f.07281D0795E18F1137881718A79AE278.d.E20E8E28A2F538A52FBD0BC0862B04B2.e.2358","ELEMENT":"f.07281D0795E18F1137881718A79AE278.d.E20E8E28A2F538A52FBD0BC0862B04B2.e.2358"}]}
COMMAND: POST /session/b650fd7e5e1a135de288473492e14b1e/element/f.07281D0795E18F1137881718A79AE278.d.E20E8E28A2F538A52FBD0BC0862B04B2.e.2358/click - {}
COMMAND: GET /session/b650fd7e5e1a135de288473492e14b1e/screenshot - {}
RESULT: {}
COMMAND: POST /session/b650fd7e5e1a135de288473492e14b1e/execute/async - {"script":"<script> [1562 bytes]","args":[{"selector":{"id":"application-manageresources-display-component---newResourceUnit--TYPE-arrow"},"wdio_ui5_key":"applicationmanageresources-display-component---newResourceUnit--TYPE-arrow"}]}
COMMAND: GET /session/b650fd7e5e1a135de288473492e14b1e/screenshot - {}
RESULT: {}
RESULT: {"script":"<script> [1562 bytes]","args":[{"selector":{"id":"application-manageresources-display-component---newResourceUnit--TYPE-arrow"},"wdio_ui5_key":"applicationmanageresources-display-component---newResourceUnit--TYPE-arrow"}]}
RESULT: undefined
COMMAND: POST /session/b650fd7e5e1a135de288473492e14b1e/element - {"using":"xpath","value":"//*[@id=\"application-manageresources-display-component---newResourceUnit--TYPE-arrow\"]"}
RESULT: {}
RESULT: {"using":"xpath","value":"//*[@id=\"application-manageresources-display-component---newResourceUnit--TYPE-arrow\"]"}
COMMAND: POST /session/b650fd7e5e1a135de288473492e14b1e/element/f.07281D0795E18F1137881718A79AE278.d.E20E8E28A2F538A52FBD0BC0862B04B2.e.2681/click - {}
RESULT: {}
COMMAND: POST /session/b650fd7e5e1a135de288473492e14b1e/execute/async - {"script":"<script> [1562 bytes]","args":[{"selector":{"controlType":"sap.m.StandardListItem","viewName":"reusables.view.manageresources.NewResourceUnit","viewId":"application-manageresources-display-component---newResourceUnit","properties":{"title":"Material"},"searchOpenDialogs":true,"interaction":{"idSuffix":"titleText"}},"wdio_ui5_key":"reusablesview.manageresources.NewResourceUnitsap.m.StandardListItem{\"title\":\"Material\"}"}]}
COMMAND: GET /session/b650fd7e5e1a135de288473492e14b1e/screenshot - {}
RESULT: {"script":"<script> [1562 bytes]","args":[{"selector":{"controlType":"sap.m.StandardListItem","viewName":"reusables.view.manageresources.NewResourceUnit","viewId":"application-manageresources-display-component---newResourceUnit","properties":{"title":"Material"},"searchOpenDialogs":true,"interaction":{"idSuffix":"titleText"}},"wdio_ui5_key":"reusablesview.manageresources.NewResourceUnitsap.m.StandardListItem{\"title\":\"Material\"}"}]}
RESULT: undefined
COMMAND: POST /session/b650fd7e5e1a135de288473492e14b1e/element - {"using":"xpath","value":"//*[@id=\"__item802\"]"}
RESULT: {}
RESULT: {"using":"xpath","value":"//*[@id=\"__item802\"]"}
COMMAND: POST /session/b650fd7e5e1a135de288473492e14b1e/element/f.07281D0795E18F1137881718A79AE278.d.E20E8E28A2F538A52FBD0BC0862B04B2.e.2684/click - {}
RESULT: {}
COMMAND: POST /session/b650fd7e5e1a135de288473492e14b1e/execute/async - {"script":"<script> [1562 bytes]","args":[{"selector":{"id":"application-manageresources-display-component---newResourceUnit--SHORT_TEXT","interaction":{"idSuffix":"inner"}},"wdio_ui5_key":"applicationmanageresources-display-component---newResourceUnit--SHORT_TEXT"}]}
COMMAND: GET /session/b650fd7e5e1a135de288473492e14b1e/screenshot - {}
RESULT: {"script":"<script> [1562 bytes]","args":[{"selector":{"id":"application-manageresources-display-component---newResourceUnit--SHORT_TEXT","interaction":{"idSuffix":"inner"}},"wdio_ui5_key":"applicationmanageresources-display-component---newResourceUnit--SHORT_TEXT"}]}
RESULT: undefined
COMMAND: POST /session/b650fd7e5e1a135de288473492e14b1e/execute/async - {"script":"<script> [776 bytes]","args":[{"enterText":"WebdriverRUR2C0n9dx","selector":{"id":"application-manageresources-display-component---newResourceUnit--SHORT_TEXT","interaction":{"idSuffix":"inner"}},"clearTextFirst":true,"interactionType":"ENTER_TEXT"}]}
RESULT: {}
RESULT: {"script":"<script> [776 bytes]","args":[{"enterText":"WebdriverRUR2C0n9dx","selector":{"id":"application-manageresources-display-component---newResourceUnit--SHORT_TEXT","interaction":{"idSuffix":"inner"}},"clearTextFirst":true,"interactionType":"ENTER_TEXT"}]}
COMMAND: POST /session/b650fd7e5e1a135de288473492e14b1e/execute/async - {"script":"<script> [1562 bytes]","args":[{"selector":{"id":"application-manageresources-display-component---newResourceUnit--BASE_UNIT_OF_MEASURE-arrow"},"wdio_ui5_key":"applicationmanageresources-display-component---newResourceUnit--BASE_UNIT_OF_MEASURE-arrow"}]}
RESULT: {"script":"<script> [1562 bytes]","args":[{"selector":{"id":"application-manageresources-display-component---newResourceUnit--BASE_UNIT_OF_MEASURE-arrow"},"wdio_ui5_key":"applicationmanageresources-display-component---newResourceUnit--BASE_UNIT_OF_MEASURE-arrow"}]}
RESULT: undefined
COMMAND: POST /session/b650fd7e5e1a135de288473492e14b1e/element - {"using":"xpath","value":"//*[@id=\"application-manageresources-display-component---newResourceUnit--BASE_UNIT_OF_MEASURE-arrow\"]"}
RESULT: {"using":"xpath","value":"//*[@id=\"application-manageresources-display-component---newResourceUnit--BASE_UNIT_OF_MEASURE-arrow\"]"}
COMMAND: POST /session/b650fd7e5e1a135de288473492e14b1e/element/f.07281D0795E18F1137881718A79AE278.d.E20E8E28A2F538A52FBD0BC0862B04B2.e.2740/click - {}
RESULT: {}
COMMAND: POST /session/b650fd7e5e1a135de288473492e14b1e/execute/async - {"script":"<script> [1562 bytes]","args":[{"selector":{"controlType":"sap.m.StandardListItem","viewName":"reusables.view.manageresources.NewResourceUnit","viewId":"application-manageresources-display-component---newResourceUnit","properties":{"title":"Piece"},"searchOpenDialogs":true,"interaction":{"idSuffix":"titleText"}},"wdio_ui5_key":"reusablesview.manageresources.NewResourceUnitsap.m.StandardListItem{\"title\":\"Piece\"}"}]}
COMMAND: GET /session/b650fd7e5e1a135de288473492e14b1e/screenshot - {}
RESULT: {"script":"<script> [1562 bytes]","args":[{"selector":{"controlType":"sap.m.StandardListItem","viewName":"reusables.view.manageresources.NewResourceUnit","viewId":"application-manageresources-display-component---newResourceUnit","properties":{"title":"Piece"},"searchOpenDialogs":true,"interaction":{"idSuffix":"titleText"}},"wdio_ui5_key":"reusablesview.manageresources.NewResourceUnitsap.m.StandardListItem{\"title\":\"Piece\"}"}]}
RESULT: undefined
COMMAND: POST /session/b650fd7e5e1a135de288473492e14b1e/element - {"using":"xpath","value":"//*[@id=\"__item846\"]"}
RESULT: {}
RESULT: {"using":"xpath","value":"//*[@id=\"__item846\"]"}
COMMAND: POST /session/b650fd7e5e1a135de288473492e14b1e/element/f.07281D0795E18F1137881718A79AE278.d.E20E8E28A2F538A52FBD0BC0862B04B2.e.2742/click - {}
RESULT: {}
COMMAND: POST /session/b650fd7e5e1a135de288473492e14b1e/element - {"using":"xpath","value":"//input[contains(@id ,\"application-manageresources-display-component---newResourceUnit--SHORT_TEXT-inner\")]"}
COMMAND: GET /session/b650fd7e5e1a135de288473492e14b1e/screenshot - {}
RESULT: {"using":"xpath","value":"//input[contains(@id ,\"application-manageresources-display-component---newResourceUnit--SHORT_TEXT-inner\")]"}
COMMAND: GET /session/b650fd7e5e1a135de288473492e14b1e/element/f.07281D0795E18F1137881718A79AE278.d.E20E8E28A2F538A52FBD0BC0862B04B2.e.2701/property/value - {}
RESULT: {}
RESULT: {}
COMMAND: POST /session/b650fd7e5e1a135de288473492e14b1e/execute/async - {"script":"<script> [1562 bytes]","args":[{"selector":{"id":"application-manageresources-display-component---newResourceUnit--WEIGHT_UNIT-arrow"},"wdio_ui5_key":"applicationmanageresources-display-component---newResourceUnit--WEIGHT_UNIT-arrow"}]}
COMMAND: GET /session/b650fd7e5e1a135de288473492e14b1e/screenshot - {}
RESULT: {"script":"<script> [1562 bytes]","args":[{"selector":{"id":"application-manageresources-display-component---newResourceUnit--WEIGHT_UNIT-arrow"},"wdio_ui5_key":"applicationmanageresources-display-component---newResourceUnit--WEIGHT_UNIT-arrow"}]}
RESULT: undefined
COMMAND: POST /session/b650fd7e5e1a135de288473492e14b1e/element - {"using":"xpath","value":"//*[@id=\"application-manageresources-display-component---newResourceUnit--WEIGHT_UNIT-arrow\"]"}
RESULT: {}
RESULT: {"using":"xpath","value":"//*[@id=\"application-manageresources-display-component---newResourceUnit--WEIGHT_UNIT-arrow\"]"}
COMMAND: POST /session/b650fd7e5e1a135de288473492e14b1e/element/f.07281D0795E18F1137881718A79AE278.d.E20E8E28A2F538A52FBD0BC0862B04B2.e.2743/click - {}
RESULT: {}
COMMAND: POST /session/b650fd7e5e1a135de288473492e14b1e/execute/async - {"script":"<script> [1562 bytes]","args":[{"selector":{"controlType":"sap.m.StandardListItem","viewName":"reusables.view.manageresources.NewResourceUnit","viewId":"application-manageresources-display-component---newResourceUnit","properties":{"title":"Gram"},"searchOpenDialogs":true,"interaction":{"idSuffix":"content"}},"wdio_ui5_key":"reusablesview.manageresources.NewResourceUnitsap.m.StandardListItem{\"title\":\"Gram\"}"}]}
COMMAND: GET /session/b650fd7e5e1a135de288473492e14b1e/screenshot - {}
RESULT: {"script":"<script> [1562 bytes]","args":[{"selector":{"controlType":"sap.m.StandardListItem","viewName":"reusables.view.manageresources.NewResourceUnit","viewId":"application-manageresources-display-component---newResourceUnit","properties":{"title":"Gram"},"searchOpenDialogs":true,"interaction":{"idSuffix":"content"}},"wdio_ui5_key":"reusablesview.manageresources.NewResourceUnitsap.m.StandardListItem{\"title\":\"Gram\"}"}]}
RESULT: undefined
COMMAND: POST /session/b650fd7e5e1a135de288473492e14b1e/element - {"using":"xpath","value":"//*[@id=\"__item911\"]"}
RESULT: {}
RESULT: {"using":"xpath","value":"//*[@id=\"__item911\"]"}
COMMAND: POST /session/b650fd7e5e1a135de288473492e14b1e/element/f.07281D0795E18F1137881718A79AE278.d.E20E8E28A2F538A52FBD0BC0862B04B2.e.2745/click - {}
RESULT: {}
COMMAND: POST /session/b650fd7e5e1a135de288473492e14b1e/execute/async - {"script":"<script> [1562 bytes]","args":[{"selector":{"id":"application-manageresources-display-component---newResourceUnit--newRRUPage-OPHeaderContent-collapseBtn-img"},"wdio_ui5_key":"applicationmanageresources-display-component---newResourceUnit--newRRUPage-OPHeaderContent-collapseBtn-img"}]}
COMMAND: GET /session/b650fd7e5e1a135de288473492e14b1e/screenshot - {}
RESULT: {"script":"<script> [1562 bytes]","args":[{"selector":{"id":"application-manageresources-display-component---newResourceUnit--newRRUPage-OPHeaderContent-collapseBtn-img"},"wdio_ui5_key":"applicationmanageresources-display-component---newResourceUnit--newRRUPage-OPHeaderContent-collapseBtn-img"}]}
RESULT: undefined
COMMAND: POST /session/b650fd7e5e1a135de288473492e14b1e/element - {"using":"xpath","value":"//*[@id=\"application-manageresources-display-component---newResourceUnit--newRRUPage-OPHeaderContent-collapseBtn-img\"]"}
RESULT: {}
RESULT: {"using":"xpath","value":"//*[@id=\"application-manageresources-display-component---newResourceUnit--newRRUPage-OPHeaderContent-collapseBtn-img\"]"}
COMMAND: POST /session/b650fd7e5e1a135de288473492e14b1e/element/f.07281D0795E18F1137881718A79AE278.d.E20E8E28A2F538A52FBD0BC0862B04B2.e.2691/click - {}
RESULT: {}
COMMAND: GET /session/b650fd7e5e1a135de288473492e14b1e/screenshot - {}
RESULT: {}
COMMAND: POST /session/b650fd7e5e1a135de288473492e14b1e/element - {"using":"xpath","value":"(//span[contains(@id ,\"application-manageresources-display-component---newResourceUnit--DIMENSION_UNIT-arrow\")])[1]"}
RESULT: {"using":"xpath","value":"(//span[contains(@id ,\"application-manageresources-display-component---newResourceUnit--DIMENSION_UNIT-arrow\")])[1]"}
COMMAND: POST /session/b650fd7e5e1a135de288473492e14b1e/element/f.07281D0795E18F1137881718A79AE278.d.E20E8E28A2F538A52FBD0BC0862B04B2.e.2751/click - {}
RESULT: {}
COMMAND: GET /session/b650fd7e5e1a135de288473492e14b1e/screenshot - {}
RESULT: {}
COMMAND: POST /session/b650fd7e5e1a135de288473492e14b1e/execute/async - {"script":"<script> [1562 bytes]","args":[{"selector":{"controlType":"sap.m.StandardListItem","viewName":"reusables.view.manageresources.NewResourceUnit","viewId":"application-manageresources-display-component---newResourceUnit","properties":{"title":"Centimeter"},"searchOpenDialogs":true,"interaction":{"idSuffix":"titleText"}},"wdio_ui5_key":"reusablesview.manageresources.NewResourceUnitsap.m.StandardListItem{\"title\":\"Centimeter\"}"}]}
RESULT: {"script":"<script> [1562 bytes]","args":[{"selector":{"controlType":"sap.m.StandardListItem","viewName":"reusables.view.manageresources.NewResourceUnit","viewId":"application-manageresources-display-component---newResourceUnit","properties":{"title":"Centimeter"},"searchOpenDialogs":true,"interaction":{"idSuffix":"titleText"}},"wdio_ui5_key":"reusablesview.manageresources.NewResourceUnitsap.m.StandardListItem{\"title\":\"Centimeter\"}"}]}
RESULT: undefined
COMMAND: POST /session/b650fd7e5e1a135de288473492e14b1e/element - {"using":"xpath","value":"//*[@id=\"__item914\"]"}
RESULT: {"using":"xpath","value":"//*[@id=\"__item914\"]"}
COMMAND: POST /session/b650fd7e5e1a135de288473492e14b1e/element/f.07281D0795E18F1137881718A79AE278.d.E20E8E28A2F538A52FBD0BC0862B04B2.e.2753/click - {}
RESULT: {}
COMMAND: POST /session/b650fd7e5e1a135de288473492e14b1e/execute/async - {"script":"<script> [1562 bytes]","args":[{"selector":{"id":"application-manageresources-display-component---newResourceUnit--newRRUPage-anchBar-application-manageresources-display-component---newResourceUnit--reference-anchor","interaction":{"idSuffix":"BDI-content"}},"wdio_ui5_key":"applicationmanageresources-display-component---newResourceUnit--newRRUPage-anchBar-application-manageresources-display-component---newResourceUnit--reference-anchor"}]}
COMMAND: GET /session/b650fd7e5e1a135de288473492e14b1e/screenshot - {}
RESULT: {"script":"<script> [1562 bytes]","args":[{"selector":{"id":"application-manageresources-display-component---newResourceUnit--newRRUPage-anchBar-application-manageresources-display-component---newResourceUnit--reference-anchor","interaction":{"idSuffix":"BDI-content"}},"wdio_ui5_key":"applicationmanageresources-display-component---newResourceUnit--newRRUPage-anchBar-application-manageresources-display-component---newResourceUnit--reference-anchor"}]}
RESULT: undefined
COMMAND: POST /session/b650fd7e5e1a135de288473492e14b1e/element - {"using":"xpath","value":"//*[@id=\"application-manageresources-display-component---newResourceUnit--newRRUPage-anchBar-application-manageresources-display-component---newResourceUnit--reference-anchor\"]"}
RESULT: {}
RESULT: {"using":"xpath","value":"//*[@id=\"application-manageresources-display-component---newResourceUnit--newRRUPage-anchBar-application-manageresources-display-component---newResourceUnit--reference-anchor\"]"}
COMMAND: POST /session/b650fd7e5e1a135de288473492e14b1e/element/f.07281D0795E18F1137881718A79AE278.d.E20E8E28A2F538A52FBD0BC0862B04B2.e.2755/click - {}
RESULT: {}
COMMAND: POST /session/b650fd7e5e1a135de288473492e14b1e/execute/async - {"script":"<script> [1562 bytes]","args":[{"selector":{"id":"application-manageresources-display-component---newResourceUnit--PLANNING_GROUP-arrow"},"wdio_ui5_key":"applicationmanageresources-display-component---newResourceUnit--PLANNING_GROUP-arrow"}]}
COMMAND: GET /session/b650fd7e5e1a135de288473492e14b1e/screenshot - {}
RESULT: {"script":"<script> [1562 bytes]","args":[{"selector":{"id":"application-manageresources-display-component---newResourceUnit--PLANNING_GROUP-arrow"},"wdio_ui5_key":"applicationmanageresources-display-component---newResourceUnit--PLANNING_GROUP-arrow"}]}
RESULT: undefined
COMMAND: POST /session/b650fd7e5e1a135de288473492e14b1e/element - {"using":"xpath","value":"//*[@id=\"application-manageresources-display-component---newResourceUnit--PLANNING_GROUP-arrow\"]"}
RESULT: {}
RESULT: {"using":"xpath","value":"//*[@id=\"application-manageresources-display-component---newResourceUnit--PLANNING_GROUP-arrow\"]"}
COMMAND: POST /session/b650fd7e5e1a135de288473492e14b1e/element/f.07281D0795E18F1137881718A79AE278.d.E20E8E28A2F538A52FBD0BC0862B04B2.e.2759/click - {}
RESULT: {}
COMMAND: POST /session/b650fd7e5e1a135de288473492e14b1e/execute/async - {"script":"<script> [1562 bytes]","args":[{"selector":{"controlType":"sap.m.StandardListItem","viewName":"reusables.view.manageresources.NewResourceUnit","viewId":"application-manageresources-display-component---newResourceUnit","properties":{"title":"Heavy Equi"},"searchOpenDialogs":true,"interaction":{"idSuffix":"content"}},"wdio_ui5_key":"reusablesview.manageresources.NewResourceUnitsap.m.StandardListItem{\"title\":\"Heavy Equi\"}"}]}
COMMAND: GET /session/b650fd7e5e1a135de288473492e14b1e/screenshot - {}
RESULT: {"script":"<script> [1562 bytes]","args":[{"selector":{"controlType":"sap.m.StandardListItem","viewName":"reusables.view.manageresources.NewResourceUnit","viewId":"application-manageresources-display-component---newResourceUnit","properties":{"title":"Heavy Equi"},"searchOpenDialogs":true,"interaction":{"idSuffix":"content"}},"wdio_ui5_key":"reusablesview.manageresources.NewResourceUnitsap.m.StandardListItem{\"title\":\"Heavy Equi\"}"}]}
RESULT: undefined
COMMAND: POST /session/b650fd7e5e1a135de288473492e14b1e/element - {"using":"xpath","value":"//*[@id=\"__item922\"]"}
RESULT: {}
RESULT: {"using":"xpath","value":"//*[@id=\"__item922\"]"}
COMMAND: POST /session/b650fd7e5e1a135de288473492e14b1e/element/f.07281D0795E18F1137881718A79AE278.d.E20E8E28A2F538A52FBD0BC0862B04B2.e.2761/click - {}
RESULT: {}
COMMAND: GET /session/b650fd7e5e1a135de288473492e14b1e/screenshot - {}
RESULT: {}
COMMAND: POST /session/b650fd7e5e1a135de288473492e14b1e/execute/async - {"script":"<script> [1562 bytes]","args":[{"selector":{"id":"application-manageresources-display-component---newResourceUnit--PLANNING_INDICATOR-arrow"},"wdio_ui5_key":"applicationmanageresources-display-component---newResourceUnit--PLANNING_INDICATOR-arrow"}]}
RESULT: {"script":"<script> [1562 bytes]","args":[{"selector":{"id":"application-manageresources-display-component---newResourceUnit--PLANNING_INDICATOR-arrow"},"wdio_ui5_key":"applicationmanageresources-display-component---newResourceUnit--PLANNING_INDICATOR-arrow"}]}
RESULT: undefined
COMMAND: POST /session/b650fd7e5e1a135de288473492e14b1e/element - {"using":"xpath","value":"//*[@id=\"application-manageresources-display-component---newResourceUnit--PLANNING_INDICATOR-arrow\"]"}
RESULT: {"using":"xpath","value":"//*[@id=\"application-manageresources-display-component---newResourceUnit--PLANNING_INDICATOR-arrow\"]"}
COMMAND: POST /session/b650fd7e5e1a135de288473492e14b1e/element/f.07281D0795E18F1137881718A79AE278.d.E20E8E28A2F538A52FBD0BC0862B04B2.e.2762/click - {}
RESULT: {}
COMMAND: POST /session/b650fd7e5e1a135de288473492e14b1e/execute/async - {"script":"<script> [1562 bytes]","args":[{"selector":{"controlType":"sap.m.StandardListItem","viewName":"reusables.view.manageresources.NewResourceUnit","viewId":"application-manageresources-display-component---newResourceUnit","properties":{"title":"10 - infinite"},"searchOpenDialogs":true,"interaction":{"idSuffix":"content"}},"wdio_ui5_key":"reusablesview.manageresources.NewResourceUnitsap.m.StandardListItem{\"title\":\"10 - infinite\"}"}]}
COMMAND: GET /session/b650fd7e5e1a135de288473492e14b1e/screenshot - {}
RESULT: {"script":"<script> [1562 bytes]","args":[{"selector":{"controlType":"sap.m.StandardListItem","viewName":"reusables.view.manageresources.NewResourceUnit","viewId":"application-manageresources-display-component---newResourceUnit","properties":{"title":"10 - infinite"},"searchOpenDialogs":true,"interaction":{"idSuffix":"content"}},"wdio_ui5_key":"reusablesview.manageresources.NewResourceUnitsap.m.StandardListItem{\"title\":\"10 - infinite\"}"}]}
RESULT: undefined
COMMAND: POST /session/b650fd7e5e1a135de288473492e14b1e/element - {"using":"xpath","value":"//*[@id=\"__item932\"]"}
RESULT: {}
RESULT: {"using":"xpath","value":"//*[@id=\"__item932\"]"}
COMMAND: POST /session/b650fd7e5e1a135de288473492e14b1e/element/f.07281D0795E18F1137881718A79AE278.d.E20E8E28A2F538A52FBD0BC0862B04B2.e.2764/click - {}
RESULT: {}
COMMAND: GET /session/b650fd7e5e1a135de288473492e14b1e/screenshot - {}
RESULT: {}
COMMAND: POST /session/b650fd7e5e1a135de288473492e14b1e/element - {"using":"xpath","value":"//bdi[contains(text(), \"Time Segment\")]"}
RESULT: {"using":"xpath","value":"//bdi[contains(text(), \"Time Segment\")]"}
COMMAND: GET /session/b650fd7e5e1a135de288473492e14b1e/element/f.07281D0795E18F1137881718A79AE278.d.E20E8E28A2F538A52FBD0BC0862B04B2.e.2765/rect - {}
RESULT: {}
COMMAND: GET /session/b650fd7e5e1a135de288473492e14b1e/window/rect - {}
RESULT: {}
COMMAND: POST /session/b650fd7e5e1a135de288473492e14b1e/execute/sync - {"script":"<script> [92 bytes]","args":[]}
RESULT: {"script":"<script> [92 bytes]","args":[]}
COMMAND: POST /session/b650fd7e5e1a135de288473492e14b1e/actions - {"actions":[{"id":"action5","type":"wheel","parameters":{},"actions":[{"type":"scroll","x":-1820,"y":-21,"deltaX":0,"deltaY":0,"duration":0,"origin":{"element-6066-11e4-a52e-4f735466cecf":"f.07281D0795E18F1137881718A79AE278.d.E20E8E28A2F538A52FBD0BC0862B04B2.e.2765"}}]}]}
COMMAND: GET /session/b650fd7e5e1a135de288473492e14b1e/screenshot - {}
RESULT: {}
COMMAND: POST /session/b650fd7e5e1a135de288473492e14b1e/execute/sync - {"script":"<script> [79 bytes]","args":[{"element-6066-11e4-a52e-4f735466cecf":"f.07281D0795E18F1137881718A79AE278.d.E20E8E28A2F538A52FBD0BC0862B04B2.e.2765","ELEMENT":"f.07281D0795E18F1137881718A79AE278.d.E20E8E28A2F538A52FBD0BC0862B04B2.e.2765"},{"block":"start","inline":"nearest"}]}
RESULT: {"script":"<script> [79 bytes]","args":[{"element-6066-11e4-a52e-4f735466cecf":"f.07281D0795E18F1137881718A79AE278.d.E20E8E28A2F538A52FBD0BC0862B04B2.e.2765","ELEMENT":"f.07281D0795E18F1137881718A79AE278.d.E20E8E28A2F538A52FBD0BC0862B04B2.e.2765"},{"block":"start","inline":"nearest"}]}
COMMAND: GET /session/b650fd7e5e1a135de288473492e14b1e/screenshot - {}
RESULT: {}
COMMAND: POST /session/b650fd7e5e1a135de288473492e14b1e/element - {"using":"xpath","value":"//span[@id=\"application-manageresources-display-component---newResourceUnit--btnAddTimeSegment-img\"]"}
RESULT: {"using":"xpath","value":"//span[@id=\"application-manageresources-display-component---newResourceUnit--btnAddTimeSegment-img\"]"}
COMMAND: POST /session/b650fd7e5e1a135de288473492e14b1e/execute/sync - {"script":"<script> [8489 bytes]","args":[{"element-6066-11e4-a52e-4f735466cecf":"f.07281D0795E18F1137881718A79AE278.d.E20E8E28A2F538A52FBD0BC0862B04B2.e.2768","ELEMENT":"f.07281D0795E18F1137881718A79AE278.d.E20E8E28A2F538A52FBD0BC0862B04B2.e.2768"}]}
RESULT: {"script":"<script> [8489 bytes]","args":[{"element-6066-11e4-a52e-4f735466cecf":"f.07281D0795E18F1137881718A79AE278.d.E20E8E28A2F538A52FBD0BC0862B04B2.e.2768","ELEMENT":"f.07281D0795E18F1137881718A79AE278.d.E20E8E28A2F538A52FBD0BC0862B04B2.e.2768"}]}
COMMAND: POST /session/b650fd7e5e1a135de288473492e14b1e/element/f.07281D0795E18F1137881718A79AE278.d.E20E8E28A2F538A52FBD0BC0862B04B2.e.2768/click - {}
COMMAND: GET /session/b650fd7e5e1a135de288473492e14b1e/screenshot - {}
RESULT: {}
COMMAND: GET /session/b650fd7e5e1a135de288473492e14b1e/screenshot - {}
RESULT: {}
RESULT: {}
COMMAND: POST /session/b650fd7e5e1a135de288473492e14b1e/element - {"using":"xpath","value":"//input[@id=\"application-manageresources-display-component---newResourceUnit--idRuTSAdmin-application-manageresources-display-component---newResourceUnit--RUTimeSegment-0-inner\"]"}
RESULT: {"using":"xpath","value":"//input[@id=\"application-manageresources-display-component---newResourceUnit--idRuTSAdmin-application-manageresources-display-component---newResourceUnit--RUTimeSegment-0-inner\"]"}
COMMAND: POST /session/b650fd7e5e1a135de288473492e14b1e/element/f.07281D0795E18F1137881718A79AE278.d.E20E8E28A2F538A52FBD0BC0862B04B2.e.2771/clear - {}
RESULT: {}
COMMAND: POST /session/b650fd7e5e1a135de288473492e14b1e/element/f.07281D0795E18F1137881718A79AE278.d.E20E8E28A2F538A52FBD0BC0862B04B2.e.2771/value - {"text":"WebdriverYardlqrit"}
COMMAND: GET /session/b650fd7e5e1a135de288473492e14b1e/screenshot - {}
RESULT: {"text":"WebdriverYardlqrit"}
COMMAND: GET /session/b650fd7e5e1a135de288473492e14b1e/screenshot - {}
RESULT: {}
RESULT: {}
COMMAND: POST /session/b650fd7e5e1a135de288473492e14b1e/actions - {"actions":[{"id":"action6","type":"key","parameters":{},"actions":[{"type":"keyDown","value":""},{"type":"pause","duration":10},{"type":"keyUp","value":""}]}]}
RESULT: {"actions":[{"id":"action6","type":"key","parameters":{},"actions":[{"type":"keyDown","value":""},{"type":"pause","duration":10},{"type":"keyUp","value":""}]}]}
COMMAND: GET /session/b650fd7e5e1a135de288473492e14b1e/screenshot - {}
RESULT: {}
COMMAND: POST /session/b650fd7e5e1a135de288473492e14b1e/execute/async - {"script":"<script> [1562 bytes]","args":[{"selector":{"controlType":"sap.m.Button","viewName":"reusables.view.manageresources.NewResourceUnit","viewId":"application-manageresources-display-component---newResourceUnit","i18NText":{"propertyName":"tooltip","key":"save"},"interaction":{"idSuffix":"BDI-content"}},"wdio_ui5_key":"reusablesview.manageresources.NewResourceUnitsap.m.Button{\"propertyName\":\"tooltip\",\"key\":\"save\"}"}]}
RESULT: {"script":"<script> [1562 bytes]","args":[{"selector":{"controlType":"sap.m.Button","viewName":"reusables.view.manageresources.NewResourceUnit","viewId":"application-manageresources-display-component---newResourceUnit","i18NText":{"propertyName":"tooltip","key":"save"},"interaction":{"idSuffix":"BDI-content"}},"wdio_ui5_key":"reusablesview.manageresources.NewResourceUnitsap.m.Button{\"propertyName\":\"tooltip\",\"key\":\"save\"}"}]}
RESULT: undefined
COMMAND: POST /session/b650fd7e5e1a135de288473492e14b1e/element - {"using":"xpath","value":"//*[@id=\"application-manageresources-display-component---newResourceUnit--createRuButton\"]"}
RESULT: {"using":"xpath","value":"//*[@id=\"application-manageresources-display-component---newResourceUnit--createRuButton\"]"}
COMMAND: POST /session/b650fd7e5e1a135de288473492e14b1e/element/f.07281D0795E18F1137881718A79AE278.d.E20E8E28A2F538A52FBD0BC0862B04B2.e.2697/click - {}
RESULT: {}
COMMAND: GET /session/b650fd7e5e1a135de288473492e14b1e/screenshot - {}
RESULT: {}
COMMAND: POST /session/b650fd7e5e1a135de288473492e14b1e/execute/async - {"script":"<script> [1562 bytes]","args":[{"selector":{"controlType":"sap.m.Title","properties":{"text":"Success"},"searchOpenDialogs":true},"wdio_ui5_key":"sapm.Title{\"text\":\"Success\"}"}]}
RESULT: {"script":"<script> [1562 bytes]","args":[{"selector":{"controlType":"sap.m.Title","properties":{"text":"Success"},"searchOpenDialogs":true},"wdio_ui5_key":"sapm.Title{\"text\":\"Success\"}"}]}
RESULT: undefined
COMMAND: POST /session/b650fd7e5e1a135de288473492e14b1e/execute/async - {"script":"<script> [6424 bytes]","args":[{"element-6066-11e4-a52e-4f735466cecf":"f.07281D0795E18F1137881718A79AE278.d.E20E8E28A2F538A52FBD0BC0862B04B2.e.2784"},"getText",[]]}
RESULT: {"script":"<script> [6424 bytes]","args":[{"element-6066-11e4-a52e-4f735466cecf":"f.07281D0795E18F1137881718A79AE278.d.E20E8E28A2F538A52FBD0BC0862B04B2.e.2784"},"getText",[]]}
COMMAND: POST /session/b650fd7e5e1a135de288473492e14b1e/element - {"using":"xpath","value":"//*[contains(@id, '__text') and (contains(text(), 'successfully created') or contains(., 'successfully created'))]"}
RESULT: {"using":"xpath","value":"//*[contains(@id, '__text') and (contains(text(), 'successfully created') or contains(., 'successfully created'))]"}
COMMAND: GET /session/b650fd7e5e1a135de288473492e14b1e/element/f.07281D0795E18F1137881718A79AE278.d.E20E8E28A2F538A52FBD0BC0862B04B2.e.2782/text - {}
RESULT: {}
COMMAND: POST /session/b650fd7e5e1a135de288473492e14b1e/execute/async - {"script":"<script> [1562 bytes]","args":[{"selector":{"controlType":"sap.m.Button","properties":{"text":"Close"},"searchOpenDialogs":true,"interaction":{"idSuffix":"BDI-content"}},"wdio_ui5_key":"sapm.Button{\"text\":\"Close\"}"}]}
RESULT: {"script":"<script> [1562 bytes]","args":[{"selector":{"controlType":"sap.m.Button","properties":{"text":"Close"},"searchOpenDialogs":true,"interaction":{"idSuffix":"BDI-content"}},"wdio_ui5_key":"sapm.Button{\"text\":\"Close\"}"}]}
RESULT: undefined
COMMAND: POST /session/b650fd7e5e1a135de288473492e14b1e/element - {"using":"xpath","value":"//*[@id=\"__mbox-btn-0\"]"}
RESULT: {"using":"xpath","value":"//*[@id=\"__mbox-btn-0\"]"}
COMMAND: POST /session/b650fd7e5e1a135de288473492e14b1e/element/f.07281D0795E18F1137881718A79AE278.d.E20E8E28A2F538A52FBD0BC0862B04B2.e.2781/click - {}
RESULT: {}
COMMAND: GET /session/b650fd7e5e1a135de288473492e14b1e/screenshot - {}
RESULT: {}
COMMAND: POST /session/b650fd7e5e1a135de288473492e14b1e/execute/async - {"script":"<script> [1562 bytes]","args":[{"selector":{"controlType":"sap.ui.core.Icon","viewName":"etm.portal.ui.manageresources.view.Detail","viewId":"application-manageresources-display-component---detailRU","properties":{"src":{"regex":{"source":"overflow"}}}},"wdio_ui5_key":"etmportal.ui.manageresources.view.Detailsap.ui.core.Icon{\"src\":{\"regex\":{\"source\":\"overflow\"}}}"}]}
RESULT: {"script":"<script> [1562 bytes]","args":[{"selector":{"controlType":"sap.ui.core.Icon","viewName":"etm.portal.ui.manageresources.view.Detail","viewId":"application-manageresources-display-component---detailRU","properties":{"src":{"regex":{"source":"overflow"}}}},"wdio_ui5_key":"etmportal.ui.manageresources.view.Detailsap.ui.core.Icon{\"src\":{\"regex\":{\"source\":\"overflow\"}}}"}]}
RESULT: undefined
COMMAND: POST /session/b650fd7e5e1a135de288473492e14b1e/element - {"using":"xpath","value":"//*[@id=\"__title36-_actionsToolbar-overflowButton-img\"]"}
RESULT: {"using":"xpath","value":"//*[@id=\"__title36-_actionsToolbar-overflowButton-img\"]"}
COMMAND: POST /session/b650fd7e5e1a135de288473492e14b1e/element/f.07281D0795E18F1137881718A79AE278.d.E20E8E28A2F538A52FBD0BC0862B04B2.e.2817/click - {}
RESULT: {}
COMMAND: POST /session/b650fd7e5e1a135de288473492e14b1e/execute/async - {"script":"<script> [1562 bytes]","args":[{"selector":{"controlType":"sap.m.Button","viewName":"etm.portal.ui.manageresources.view.Detail","viewId":"application-manageresources-display-component---detailRU","i18NText":{"propertyName":"tooltip","key":"closeColumn"},"searchOpenDialogs":true,"interaction":{"idSuffix":"inner"}},"wdio_ui5_key":"etmportal.ui.manageresources.view.Detailsap.m.Button{\"propertyName\":\"tooltip\",\"key\":\"closeColumn\"}"}]}
COMMAND: GET /session/b650fd7e5e1a135de288473492e14b1e/screenshot - {}
RESULT: {"script":"<script> [1562 bytes]","args":[{"selector":{"controlType":"sap.m.Button","viewName":"etm.portal.ui.manageresources.view.Detail","viewId":"application-manageresources-display-component---detailRU","i18NText":{"propertyName":"tooltip","key":"closeColumn"},"searchOpenDialogs":true,"interaction":{"idSuffix":"inner"}},"wdio_ui5_key":"etmportal.ui.manageresources.view.Detailsap.m.Button{\"propertyName\":\"tooltip\",\"key\":\"closeColumn\"}"}]}
RESULT: undefined
COMMAND: POST /session/b650fd7e5e1a135de288473492e14b1e/element - {"using":"xpath","value":"//*[@id=\"__button147\"]"}
RESULT: {}
RESULT: {"using":"xpath","value":"//*[@id=\"__button147\"]"}
COMMAND: POST /session/b650fd7e5e1a135de288473492e14b1e/element/f.07281D0795E18F1137881718A79AE278.d.E20E8E28A2F538A52FBD0BC0862B04B2.e.2819/click - {}
RESULT: {}
COMMAND: GET /session/b650fd7e5e1a135de288473492e14b1e/screenshot - {}
RESULT: {}
COMMAND: POST /session/b650fd7e5e1a135de288473492e14b1e/refresh - {}
RESULT: {}
COMMAND: GET /session/b650fd7e5e1a135de288473492e14b1e/screenshot - {}
RESULT: {}
COMMAND: POST /session/b650fd7e5e1a135de288473492e14b1e/execute/async - {"script":"<script> [189 bytes]","args":[]}
RESULT: {"script":"<script> [189 bytes]","args":[]}
COMMAND: POST /session/b650fd7e5e1a135de288473492e14b1e/execute/async - {"script":"<script> [123 bytes]","args":[]}
RESULT: {"script":"<script> [123 bytes]","args":[]}
COMMAND: POST /session/b650fd7e5e1a135de288473492e14b1e/timeouts - {"script":"<number>"}
RESULT: {"script":"<number>"}
COMMAND: GET /session/b650fd7e5e1a135de288473492e14b1e/timeouts - {}
RESULT: {}
RESULT: undefined
COMMAND: POST /session/b650fd7e5e1a135de288473492e14b1e/execute/async - {"script":"<script> [2676 bytes]","args":[]}
RESULT: {"script":"<script> [2676 bytes]","args":[]}
COMMAND: POST /session/b650fd7e5e1a135de288473492e14b1e/execute/async - {"script":"<script> [2342 bytes]","args":[{"protocol":"http","hostname":"0.0.0.0","path":"/","capabilities":{"browserName":"chrome","goog:chromeOptions":{"binary":"C:\\Program Files\\Google\\Chrome\\Application\\chrome.exe"}},"logLevel":"warn","connectionRetryTimeout":120000,"connectionRetryCount":3,"logLevels":{},"enableDirectConnect":true,"strictSSL":true,"_":"65 more keys: [\"cacheDir\",\"port\",\"requestedCapabilities\",\"automationProtocol\",\"baseUrl\",\"waitforInterval\",\"waitforTimeout\",\"onReload\",\"beforeCommand\",\"afterCommand\",\"rootDir\",\"specs\",\"suites\",\"exclude\",\"groupLogsByTestSpec\",\"excludeDriverLogs\",\"bail\",\"framework\",\"reporters\",\"services\",\"maxInstances\",\"maxInstancesPerCapability\",\"injectGlobals\",\"filesToWatch\",\"execArgv\",\"runnerEnv\",\"runner\",\"shard\",\"specFileRetries\",\"specFileRetriesDelay\",\"specFileRetriesDeferred\",\"reporterSyncInterval\",\"reporterSyncTimeout\",\"cucumberFeaturesWithLineNumbers\",\"autoCompileOpts\",\"mochaOpts\",\"jasmineOpts\",\"cucumberOpts\",\"onPrepare\",\"onWorkerStart\",\"onWorkerEnd\",\"before\",\"beforeSession\",\"beforeSuite\",\"beforeHook\",\"beforeTest\",\"afterTest\",\"afterHook\",\"afterSuite\",\"afterSession\",\"after\",\"onComplete\",\"beforeAssertion\",\"afterAssertion\",\"beforeFeature\",\"beforeScenario\",\"beforeStep\",\"afterStep\",\"afterScenario\",\"afterFeature\",\"_\",\"suite\",\"$0\",\"ignoredWorkerServices\",\"wdi5\"]"}]}
RESULT: {"script":"<script> [2342 bytes]","args":[{"protocol":"http","hostname":"0.0.0.0","path":"/","capabilities":{"browserName":"chrome","goog:chromeOptions":{"binary":"C:\\Program Files\\Google\\Chrome\\Application\\chrome.exe"}},"logLevel":"warn","connectionRetryTimeout":120000,"connectionRetryCount":3,"logLevels":{},"enableDirectConnect":true,"strictSSL":true,"_":"65 more keys: [\"cacheDir\",\"port\",\"requestedCapabilities\",\"automationProtocol\",\"baseUrl\",\"waitforInterval\",\"waitforTimeout\",\"onReload\",\"beforeCommand\",\"afterCommand\",\"rootDir\",\"specs\",\"suites\",\"exclude\",\"groupLogsByTestSpec\",\"excludeDriverLogs\",\"bail\",\"framework\",\"reporters\",\"services\",\"maxInstances\",\"maxInstancesPerCapability\",\"injectGlobals\",\"filesToWatch\",\"execArgv\",\"runnerEnv\",\"runner\",\"shard\",\"specFileRetries\",\"specFileRetriesDelay\",\"specFileRetriesDeferred\",\"reporterSyncInterval\",\"reporterSyncTimeout\",\"cucumberFeaturesWithLineNumbers\",\"autoCompileOpts\",\"mochaOpts\",\"jasmineOpts\",\"cucumberOpts\",\"onPrepare\",\"onWorkerStart\",\"onWorkerEnd\",\"before\",\"beforeSession\",\"beforeSuite\",\"beforeHook\",\"beforeTest\",\"afterTest\",\"afterHook\",\"afterSuite\",\"afterSession\",\"after\",\"onComplete\",\"beforeAssertion\",\"afterAssertion\",\"beforeFeature\",\"beforeScenario\",\"beforeStep\",\"afterStep\",\"afterScenario\",\"afterFeature\",\"_\",\"suite\",\"$0\",\"ignoredWorkerServices\",\"wdi5\"]"}]}
COMMAND: POST /session/b650fd7e5e1a135de288473492e14b1e/execute/async - {"script":"<script> [21126 bytes]","args":[35000]}
RESULT: undefined
RESULT: undefined
RESULT: {"script":"<script> [21126 bytes]","args":[35000]}
COMMAND: POST /session/b650fd7e5e1a135de288473492e14b1e/element - {"using":"css selector","value":"#shell-header-logo"}
RESULT: {"using":"css selector","value":"#shell-header-logo"}
COMMAND: POST /session/b650fd7e5e1a135de288473492e14b1e/element/f.07281D0795E18F1137881718A79AE278.d.622181D13E69455F9567E3F826835F82.e.2922/click - {}
RESULT: {}
COMMAND: GET /session/b650fd7e5e1a135de288473492e14b1e/screenshot - {}
COMMAND: POST /session/b650fd7e5e1a135de288473492e14b1e/execute/async - {"script":"<script> [1562 bytes]","args":[{"selector":{"controlType":"sap.m.Text","viewName":"etm.portal.ui.managehandoverstile.view.Master","properties":{"text":"Manage Handovers"},"interaction":{"idSuffix":"inner"}},"wdio_ui5_key":"etmportal.ui.managehandoverstile.view.Mastersap.m.Text{\"text\":\"Manage Handovers\"}"}]}
RESULT: {}
RESULT: {"script":"<script> [1562 bytes]","args":[{"selector":{"controlType":"sap.m.Text","viewName":"etm.portal.ui.managehandoverstile.view.Master","properties":{"text":"Manage Handovers"},"interaction":{"idSuffix":"inner"}},"wdio_ui5_key":"etmportal.ui.managehandoverstile.view.Mastersap.m.Text{\"text\":\"Manage Handovers\"}"}]}
RESULT: undefined
COMMAND: POST /session/b650fd7e5e1a135de288473492e14b1e/element - {"using":"xpath","value":"//*[@id=\"__tile131-title\"]"}
RESULT: {"using":"xpath","value":"//*[@id=\"__tile131-title\"]"}
COMMAND: POST /session/b650fd7e5e1a135de288473492e14b1e/element/f.07281D0795E18F1137881718A79AE278.d.622181D13E69455F9567E3F826835F82.e.3109/click - {}
RESULT: {}
COMMAND: GET /session/b650fd7e5e1a135de288473492e14b1e/screenshot - {}
RESULT: {}
COMMAND: POST /session/b650fd7e5e1a135de288473492e14b1e/element - {"using":"xpath","value":"//button[@data-kt=\"masterHOAddButton\"]"}
RESULT: {"using":"xpath","value":"//button[@data-kt=\"masterHOAddButton\"]"}
COMMAND: POST /session/b650fd7e5e1a135de288473492e14b1e/execute/sync - {"script":"<script> [8489 bytes]","args":[{"element-6066-11e4-a52e-4f735466cecf":"f.07281D0795E18F1137881718A79AE278.d.622181D13E69455F9567E3F826835F82.e.3152","ELEMENT":"f.07281D0795E18F1137881718A79AE278.d.622181D13E69455F9567E3F826835F82.e.3152"}]}
RESULT: {"script":"<script> [8489 bytes]","args":[{"element-6066-11e4-a52e-4f735466cecf":"f.07281D0795E18F1137881718A79AE278.d.622181D13E69455F9567E3F826835F82.e.3152","ELEMENT":"f.07281D0795E18F1137881718A79AE278.d.622181D13E69455F9567E3F826835F82.e.3152"}]}
COMMAND: POST /session/b650fd7e5e1a135de288473492e14b1e/element/f.07281D0795E18F1137881718A79AE278.d.622181D13E69455F9567E3F826835F82.e.3152/click - {}
COMMAND: GET /session/b650fd7e5e1a135de288473492e14b1e/screenshot - {}
RESULT: {}
COMMAND: GET /session/b650fd7e5e1a135de288473492e14b1e/screenshot - {}
COMMAND: POST /session/b650fd7e5e1a135de288473492e14b1e/element - {"using":"xpath","value":"//span[contains(@id ,\"AddNewHO--typeSelect-arrow\")]"}
RESULT: {}
RESULT: {}
RESULT: {"using":"xpath","value":"//span[contains(@id ,\"AddNewHO--typeSelect-arrow\")]"}
COMMAND: POST /session/b650fd7e5e1a135de288473492e14b1e/element/f.07281D0795E18F1137881718A79AE278.d.622181D13E69455F9567E3F826835F82.e.3440/click - {}
RESULT: {}
COMMAND: GET /session/b650fd7e5e1a135de288473492e14b1e/screenshot - {}
RESULT: {}
COMMAND: POST /session/b650fd7e5e1a135de288473492e14b1e/element - {"using":"xpath","value":"(//li[contains(text(), \"stock increase yard\")])[1]"}
RESULT: {"using":"xpath","value":"(//li[contains(text(), \"stock increase yard\")])[1]"}
COMMAND: POST /session/b650fd7e5e1a135de288473492e14b1e/element/f.07281D0795E18F1137881718A79AE278.d.622181D13E69455F9567E3F826835F82.e.3441/click - {}
RESULT: {}
COMMAND: GET /session/b650fd7e5e1a135de288473492e14b1e/screenshot - {}
RESULT: {}
COMMAND: POST /session/b650fd7e5e1a135de288473492e14b1e/execute/async - {"script":"<script> [1562 bytes]","args":[{"selector":{"id":"application-managehandovers-display-component---AddNewHO--dueDate","interaction":{"idSuffix":"inner"}},"wdio_ui5_key":"applicationmanagehandovers-display-component---AddNewHO--dueDate"}]}
RESULT: {"script":"<script> [1562 bytes]","args":[{"selector":{"id":"application-managehandovers-display-component---AddNewHO--dueDate","interaction":{"idSuffix":"inner"}},"wdio_ui5_key":"applicationmanagehandovers-display-component---AddNewHO--dueDate"}]}
RESULT: undefined
COMMAND: POST /session/b650fd7e5e1a135de288473492e14b1e/execute/async - {"script":"<script> [6424 bytes]","args":[{"element-6066-11e4-a52e-4f735466cecf":"f.07281D0795E18F1137881718A79AE278.d.622181D13E69455F9567E3F826835F82.e.3443"},"setValue",["04/12/2025"]]}
RESULT: {"script":"<script> [6424 bytes]","args":[{"element-6066-11e4-a52e-4f735466cecf":"f.07281D0795E18F1137881718A79AE278.d.622181D13E69455F9567E3F826835F82.e.3443"},"setValue",["04/12/2025"]]}
COMMAND: POST /session/b650fd7e5e1a135de288473492e14b1e/element - {"using":"xpath","value":"//input[@id=\"generalSectionFrg--receiveYard-inner\"]"}
RESULT: {"using":"xpath","value":"//input[@id=\"generalSectionFrg--receiveYard-inner\"]"}
COMMAND: POST /session/b650fd7e5e1a135de288473492e14b1e/element/f.07281D0795E18F1137881718A79AE278.d.622181D13E69455F9567E3F826835F82.e.3449/clear - {}
RESULT: {}
COMMAND: POST /session/b650fd7e5e1a135de288473492e14b1e/element/f.07281D0795E18F1137881718A79AE278.d.622181D13E69455F9567E3F826835F82.e.3449/value - {"text":"WebdriverYardlqrit"}
COMMAND: GET /session/b650fd7e5e1a135de288473492e14b1e/screenshot - {}
RESULT: {"text":"WebdriverYardlqrit"}
COMMAND: GET /session/b650fd7e5e1a135de288473492e14b1e/screenshot - {}
RESULT: {}
RESULT: {}
COMMAND: POST /session/b650fd7e5e1a135de288473492e14b1e/execute/async - {"script":"<script> [1562 bytes]","args":[{"selector":{"id":"application-managehandovers-display-component---AddNewHO--ObjectPageLayout-anchBar-application-managehandovers-display-component---AddNewHO--section4-anchor","interaction":{"idSuffix":"BDI-content"}},"wdio_ui5_key":"applicationmanagehandovers-display-component---AddNewHO--ObjectPageLayout-anchBar-application-managehandovers-display-component---AddNewHO--section4-anchor"}]}
RESULT: {"script":"<script> [1562 bytes]","args":[{"selector":{"id":"application-managehandovers-display-component---AddNewHO--ObjectPageLayout-anchBar-application-managehandovers-display-component---AddNewHO--section4-anchor","interaction":{"idSuffix":"BDI-content"}},"wdio_ui5_key":"applicationmanagehandovers-display-component---AddNewHO--ObjectPageLayout-anchBar-application-managehandovers-display-component---AddNewHO--section4-anchor"}]}
RESULT: undefined
COMMAND: POST /session/b650fd7e5e1a135de288473492e14b1e/element - {"using":"xpath","value":"//*[@id=\"application-managehandovers-display-component---AddNewHO--ObjectPageLayout-anchBar-application-managehandovers-display-component---AddNewHO--section4-anchor\"]"}
RESULT: {"using":"xpath","value":"//*[@id=\"application-managehandovers-display-component---AddNewHO--ObjectPageLayout-anchBar-application-managehandovers-display-component---AddNewHO--section4-anchor\"]"}
COMMAND: POST /session/b650fd7e5e1a135de288473492e14b1e/element/f.07281D0795E18F1137881718A79AE278.d.622181D13E69455F9567E3F826835F82.e.3468/click - {}
RESULT: {}
COMMAND: GET /session/b650fd7e5e1a135de288473492e14b1e/screenshot - {}
RESULT: {}
COMMAND: POST /session/b650fd7e5e1a135de288473492e14b1e/element - {"using":"xpath","value":"//button[@aria-label=\"Add\"]"}
RESULT: {"using":"xpath","value":"//button[@aria-label=\"Add\"]"}
COMMAND: POST /session/b650fd7e5e1a135de288473492e14b1e/element/f.07281D0795E18F1137881718A79AE278.d.622181D13E69455F9567E3F826835F82.e.3472/click - {}
RESULT: {}
COMMAND: GET /session/b650fd7e5e1a135de288473492e14b1e/screenshot - {}
RESULT: {}
COMMAND: POST /session/b650fd7e5e1a135de288473492e14b1e/execute/async - {"script":"<script> [1562 bytes]","args":[{"selector":{"id":"application-managehandovers-display-component---AddNewHO--smartFilterBar-btnBasicSearch","searchOpenDialogs":true,"interaction":{"idSuffix":"I"}},"wdio_ui5_key":"applicationmanagehandovers-display-component---AddNewHO--smartFilterBar-btnBasicSearch"}]}
RESULT: {"script":"<script> [1562 bytes]","args":[{"selector":{"id":"application-managehandovers-display-component---AddNewHO--smartFilterBar-btnBasicSearch","searchOpenDialogs":true,"interaction":{"idSuffix":"I"}},"wdio_ui5_key":"applicationmanagehandovers-display-component---AddNewHO--smartFilterBar-btnBasicSearch"}]}
RESULT: undefined
COMMAND: POST /session/b650fd7e5e1a135de288473492e14b1e/execute/async - {"script":"<script> [776 bytes]","args":[{"enterText":"WebdriverRUR2C0n9dx","selector":{"id":"application-managehandovers-display-component---AddNewHO--smartFilterBar-btnBasicSearch","searchOpenDialogs":true,"interaction":{"idSuffix":"I"}},"clearTextFirst":true,"interactionType":"ENTER_TEXT"}]}
RESULT: {"script":"<script> [776 bytes]","args":[{"enterText":"WebdriverRUR2C0n9dx","selector":{"id":"application-managehandovers-display-component---AddNewHO--smartFilterBar-btnBasicSearch","searchOpenDialogs":true,"interaction":{"idSuffix":"I"}},"clearTextFirst":true,"interactionType":"ENTER_TEXT"}]}
COMMAND: POST /session/b650fd7e5e1a135de288473492e14b1e/actions - {"actions":[{"id":"action7","type":"key","parameters":{},"actions":[{"type":"keyDown","value":""},{"type":"pause","duration":10},{"type":"keyUp","value":""}]}]}
RESULT: {"actions":[{"id":"action7","type":"key","parameters":{},"actions":[{"type":"keyDown","value":""},{"type":"pause","duration":10},{"type":"keyUp","value":""}]}]}
COMMAND: POST /session/b650fd7e5e1a135de288473492e14b1e/execute/async - {"script":"<script> [1562 bytes]","args":[{"selector":{"id":"application-managehandovers-display-component---AddNewHO--popup-sa","searchOpenDialogs":true,"interaction":{"idSuffix":"CbBg"}},"wdio_ui5_key":"applicationmanagehandovers-display-component---AddNewHO--popup-sa"}]}
COMMAND: GET /session/b650fd7e5e1a135de288473492e14b1e/screenshot - {}
RESULT: {"script":"<script> [1562 bytes]","args":[{"selector":{"id":"application-managehandovers-display-component---AddNewHO--popup-sa","searchOpenDialogs":true,"interaction":{"idSuffix":"CbBg"}},"wdio_ui5_key":"applicationmanagehandovers-display-component---AddNewHO--popup-sa"}]}
RESULT: undefined
COMMAND: POST /session/b650fd7e5e1a135de288473492e14b1e/element - {"using":"xpath","value":"//*[@id=\"application-managehandovers-display-component---AddNewHO--popup-sa\"]"}
RESULT: {}
RESULT: {"using":"xpath","value":"//*[@id=\"application-managehandovers-display-component---AddNewHO--popup-sa\"]"}
COMMAND: POST /session/b650fd7e5e1a135de288473492e14b1e/element/f.07281D0795E18F1137881718A79AE278.d.622181D13E69455F9567E3F826835F82.e.3525/click - {}
RESULT: {}
COMMAND: GET /session/b650fd7e5e1a135de288473492e14b1e/screenshot - {}
RESULT: {}
COMMAND: POST /session/b650fd7e5e1a135de288473492e14b1e/element - {"using":"xpath","value":"//bdi[contains(text(), \"Select\")]"}
RESULT: {"using":"xpath","value":"//bdi[contains(text(), \"Select\")]"}
COMMAND: POST /session/b650fd7e5e1a135de288473492e14b1e/element/f.07281D0795E18F1137881718A79AE278.d.622181D13E69455F9567E3F826835F82.e.3526/click - {}
RESULT: {}
COMMAND: GET /session/b650fd7e5e1a135de288473492e14b1e/screenshot - {}
RESULT: {}
COMMAND: POST /session/b650fd7e5e1a135de288473492e14b1e/execute/async - {"script":"<script> [1562 bytes]","args":[{"selector":{"controlType":"sap.m.Input","viewName":"etm.portal.ui.managehandovers.view.AddNewHO","viewId":"application-managehandovers-display-component---AddNewHO","bindingPath":{"path":"/items/0","propertyPath":"TYPE","modelName":"hoItemsModel"},"interaction":{"idSuffix":"inner"}},"wdio_ui5_key":"etmportal.ui.managehandovers.view.AddNewHOsap.m.Input{\"path\":\"/items/0\",\"propertyPath\":\"TYPE\",\"modelName\":\"hoItemsModel\"}"}]}
RESULT: {"script":"<script> [1562 bytes]","args":[{"selector":{"controlType":"sap.m.Input","viewName":"etm.portal.ui.managehandovers.view.AddNewHO","viewId":"application-managehandovers-display-component---AddNewHO","bindingPath":{"path":"/items/0","propertyPath":"TYPE","modelName":"hoItemsModel"},"interaction":{"idSuffix":"inner"}},"wdio_ui5_key":"etmportal.ui.managehandovers.view.AddNewHOsap.m.Input{\"path\":\"/items/0\",\"propertyPath\":\"TYPE\",\"modelName\":\"hoItemsModel\"}"}]}
RESULT: undefined
COMMAND: POST /session/b650fd7e5e1a135de288473492e14b1e/execute/async - {"script":"<script> [776 bytes]","args":[{"enterText":"100","selector":{"controlType":"sap.m.Input","viewName":"etm.portal.ui.managehandovers.view.AddNewHO","viewId":"application-managehandovers-display-component---AddNewHO","bindingPath":{"path":"/items/0","propertyPath":"TYPE","modelName":"hoItemsModel"},"interaction":{"idSuffix":"inner"}},"clearTextFirst":true,"interactionType":"ENTER_TEXT"}]}
RESULT: {"script":"<script> [776 bytes]","args":[{"enterText":"100","selector":{"controlType":"sap.m.Input","viewName":"etm.portal.ui.managehandovers.view.AddNewHO","viewId":"application-managehandovers-display-component---AddNewHO","bindingPath":{"path":"/items/0","propertyPath":"TYPE","modelName":"hoItemsModel"},"interaction":{"idSuffix":"inner"}},"clearTextFirst":true,"interactionType":"ENTER_TEXT"}]}
COMMAND: POST /session/b650fd7e5e1a135de288473492e14b1e/element - {"using":"xpath","value":"//button[@data-kt=\"AddNewHOSaveButton\"]"}
RESULT: {"using":"xpath","value":"//button[@data-kt=\"AddNewHOSaveButton\"]"}
COMMAND: POST /session/b650fd7e5e1a135de288473492e14b1e/element/f.07281D0795E18F1137881718A79AE278.d.622181D13E69455F9567E3F826835F82.e.3531/click - {}
RESULT: {}
COMMAND: GET /session/b650fd7e5e1a135de288473492e14b1e/screenshot - {}
RESULT: {}
COMMAND: POST /session/b650fd7e5e1a135de288473492e14b1e/execute/async - {"script":"<script> [1562 bytes]","args":[{"selector":{"id":"receiptDatePicker","viewName":"etm.portal.ui.managehandovers.view.DetailExecuteHO","interaction":{"idSuffix":"inner"}},"wdio_ui5_key":"receiptDatePickeretmportal.ui.managehandovers.view.DetailExecuteHO"}]}
RESULT: {"script":"<script> [1562 bytes]","args":[{"selector":{"id":"receiptDatePicker","viewName":"etm.portal.ui.managehandovers.view.DetailExecuteHO","interaction":{"idSuffix":"inner"}},"wdio_ui5_key":"receiptDatePickeretmportal.ui.managehandovers.view.DetailExecuteHO"}]}
RESULT: undefined
COMMAND: POST /session/b650fd7e5e1a135de288473492e14b1e/execute/async - {"script":"<script> [6424 bytes]","args":[{"element-6066-11e4-a52e-4f735466cecf":"f.07281D0795E18F1137881718A79AE278.d.622181D13E69455F9567E3F826835F82.e.3557"},"setValue",["04/12/2025"]]}
RESULT: {"script":"<script> [6424 bytes]","args":[{"element-6066-11e4-a52e-4f735466cecf":"f.07281D0795E18F1137881718A79AE278.d.622181D13E69455F9567E3F826835F82.e.3557"},"setValue",["04/12/2025"]]}
COMMAND: POST /session/b650fd7e5e1a135de288473492e14b1e/element - {"using":"xpath","value":"//button[@data-kt=\"PickingTableConfirmAllButton\"]"}
RESULT: {"using":"xpath","value":"//button[@data-kt=\"PickingTableConfirmAllButton\"]"}
COMMAND: POST /session/b650fd7e5e1a135de288473492e14b1e/element/f.07281D0795E18F1137881718A79AE278.d.622181D13E69455F9567E3F826835F82.e.3572/click - {}
RESULT: {}
COMMAND: GET /session/b650fd7e5e1a135de288473492e14b1e/screenshot - {}
RESULT: {}
COMMAND: POST /session/b650fd7e5e1a135de288473492e14b1e/element - {"using":"xpath","value":"//bdi[contains(text(), \"OK\")]"}
RESULT: {"using":"xpath","value":"//bdi[contains(text(), \"OK\")]"}
COMMAND: POST /session/b650fd7e5e1a135de288473492e14b1e/element/f.07281D0795E18F1137881718A79AE278.d.622181D13E69455F9567E3F826835F82.e.3575/click - {}
RESULT: {}
COMMAND: GET /session/b650fd7e5e1a135de288473492e14b1e/screenshot - {}
RESULT: {}
COMMAND: POST /session/b650fd7e5e1a135de288473492e14b1e/element - {"using":"xpath","value":"(//bdi[contains(text(), \"Receive\")])[2]"}
RESULT: {"using":"xpath","value":"(//bdi[contains(text(), \"Receive\")])[2]"}
COMMAND: POST /session/b650fd7e5e1a135de288473492e14b1e/element/f.07281D0795E18F1137881718A79AE278.d.622181D13E69455F9567E3F826835F82.e.3576/click - {}
RESULT: {}
COMMAND: GET /session/b650fd7e5e1a135de288473492e14b1e/screenshot - {}
RESULT: {}
COMMAND: POST /session/b650fd7e5e1a135de288473492e14b1e/element - {"using":"css selector","value":"#shell-header-logo"}
RESULT: {"using":"css selector","value":"#shell-header-logo"}
COMMAND: POST /session/b650fd7e5e1a135de288473492e14b1e/element/f.07281D0795E18F1137881718A79AE278.d.622181D13E69455F9567E3F826835F82.e.3112/click - {}
RESULT: {}
]]></system-out>
    </testcase>
    <testcase classname="chrome.135_0_7049_42.windows.E2E_-_Logistical_and_commercial_statuses" name="Should add a pricing rule and a condition to the RU" time="90.702">
      <system-out><![CDATA[
COMMAND: POST /session/b650fd7e5e1a135de288473492e14b1e/execute/async - {"script":"<script> [1562 bytes]","args":[{"selector":{"controlType":"sap.m.GenericTile","properties":{"header":"Manage Pricing Rules"}},"wdio_ui5_key":"sapm.GenericTile{\"header\":\"Manage Pricing Rules\"}"}]}
COMMAND: GET /session/b650fd7e5e1a135de288473492e14b1e/screenshot - {}
RESULT: {"script":"<script> [1562 bytes]","args":[{"selector":{"controlType":"sap.m.GenericTile","properties":{"header":"Manage Pricing Rules"}},"wdio_ui5_key":"sapm.GenericTile{\"header\":\"Manage Pricing Rules\"}"}]}
RESULT: undefined
COMMAND: POST /session/b650fd7e5e1a135de288473492e14b1e/element - {"using":"xpath","value":"//*[@id=\"__tile55\"]"}
RESULT: {}
RESULT: {"using":"xpath","value":"//*[@id=\"__tile55\"]"}
COMMAND: POST /session/b650fd7e5e1a135de288473492e14b1e/element/f.07281D0795E18F1137881718A79AE278.d.622181D13E69455F9567E3F826835F82.e.3726/click - {}
RESULT: {}
COMMAND: GET /session/b650fd7e5e1a135de288473492e14b1e/screenshot - {}
RESULT: {}
COMMAND: POST /session/b650fd7e5e1a135de288473492e14b1e/execute/async - {"script":"<script> [1562 bytes]","args":[{"selector":{"controlType":"sap.ui.core.Icon","viewName":"etm.portal.ui.managepricingrules.view.MasterHeader","viewId":"application-managepricingrules-display-component---priceInfoHeader","properties":{"src":{"regex":{"source":"activity\\-items"}}}},"wdio_ui5_key":"etmportal.ui.managepricingrules.view.MasterHeadersap.ui.core.Icon{\"src\":{\"regex\":{\"source\":\"activity\\\\-items\"}}}"}]}
RESULT: {"script":"<script> [1562 bytes]","args":[{"selector":{"controlType":"sap.ui.core.Icon","viewName":"etm.portal.ui.managepricingrules.view.MasterHeader","viewId":"application-managepricingrules-display-component---priceInfoHeader","properties":{"src":{"regex":{"source":"activity\\-items"}}}},"wdio_ui5_key":"etmportal.ui.managepricingrules.view.MasterHeadersap.ui.core.Icon{\"src\":{\"regex\":{\"source\":\"activity\\\\-items\"}}}"}]}
RESULT: undefined
COMMAND: POST /session/b650fd7e5e1a135de288473492e14b1e/element - {"using":"xpath","value":"//*[@id=\"__filter22-icon\"]"}
RESULT: {"using":"xpath","value":"//*[@id=\"__filter22-icon\"]"}
COMMAND: POST /session/b650fd7e5e1a135de288473492e14b1e/element/f.07281D0795E18F1137881718A79AE278.d.622181D13E69455F9567E3F826835F82.e.3810/click - {}
RESULT: {}
COMMAND: GET /session/b650fd7e5e1a135de288473492e14b1e/screenshot - {}
RESULT: {}
COMMAND: POST /session/b650fd7e5e1a135de288473492e14b1e/execute/async - {"script":"<script> [1562 bytes]","args":[{"selector":{"controlType":"sap.ui.core.Icon","viewName":"etm.portal.ui.managepricingrules.view.MasterItem","viewId":"application-managepricingrules-display-component---priceInfoItem","properties":{"src":{"regex":{"source":"add"}}}},"wdio_ui5_key":"etmportal.ui.managepricingrules.view.MasterItemsap.ui.core.Icon{\"src\":{\"regex\":{\"source\":\"add\"}}}"}]}
RESULT: {"script":"<script> [1562 bytes]","args":[{"selector":{"controlType":"sap.ui.core.Icon","viewName":"etm.portal.ui.managepricingrules.view.MasterItem","viewId":"application-managepricingrules-display-component---priceInfoItem","properties":{"src":{"regex":{"source":"add"}}}},"wdio_ui5_key":"etmportal.ui.managepricingrules.view.MasterItemsap.ui.core.Icon{\"src\":{\"regex\":{\"source\":\"add\"}}}"}]}
RESULT: undefined
COMMAND: POST /session/b650fd7e5e1a135de288473492e14b1e/element - {"using":"xpath","value":"//*[@id=\"__button76-img\"]"}
RESULT: {"using":"xpath","value":"//*[@id=\"__button76-img\"]"}
COMMAND: POST /session/b650fd7e5e1a135de288473492e14b1e/element/f.07281D0795E18F1137881718A79AE278.d.622181D13E69455F9567E3F826835F82.e.3857/click - {}
RESULT: {}
COMMAND: GET /session/b650fd7e5e1a135de288473492e14b1e/screenshot - {}
RESULT: {}
COMMAND: POST /session/b650fd7e5e1a135de288473492e14b1e/element - {"using":"xpath","value":"//input[@id=\"application-managepricingrules-display-component---newInfoPriceItem--condRU-inner\"]"}
RESULT: {"using":"xpath","value":"//input[@id=\"application-managepricingrules-display-component---newInfoPriceItem--condRU-inner\"]"}
COMMAND: POST /session/b650fd7e5e1a135de288473492e14b1e/element/f.07281D0795E18F1137881718A79AE278.d.622181D13E69455F9567E3F826835F82.e.4067/clear - {}
RESULT: {}
COMMAND: POST /session/b650fd7e5e1a135de288473492e14b1e/element/f.07281D0795E18F1137881718A79AE278.d.622181D13E69455F9567E3F826835F82.e.4067/value - {"text":"WebdriverRUR2C0n9dx"}
COMMAND: GET /session/b650fd7e5e1a135de288473492e14b1e/screenshot - {}
RESULT: {"text":"WebdriverRUR2C0n9dx"}
COMMAND: POST /session/b650fd7e5e1a135de288473492e14b1e/execute/async - {"script":"<script> [1562 bytes]","args":[{"selector":{"id":"application-managepricingrules-display-component---newInfoPriceItem--condValidTo","interaction":{"idSuffix":"inner"}},"wdio_ui5_key":"applicationmanagepricingrules-display-component---newInfoPriceItem--condValidTo"}]}
COMMAND: GET /session/b650fd7e5e1a135de288473492e14b1e/screenshot - {}
RESULT: {}
RESULT: {"script":"<script> [1562 bytes]","args":[{"selector":{"id":"application-managepricingrules-display-component---newInfoPriceItem--condValidTo","interaction":{"idSuffix":"inner"}},"wdio_ui5_key":"applicationmanagepricingrules-display-component---newInfoPriceItem--condValidTo"}]}
RESULT: undefined
COMMAND: POST /session/b650fd7e5e1a135de288473492e14b1e/execute/async - {"script":"<script> [776 bytes]","args":[{"enterText":"5/18/33","selector":{"id":"application-managepricingrules-display-component---newInfoPriceItem--condValidTo","interaction":{"idSuffix":"inner"}},"clearTextFirst":true,"interactionType":"ENTER_TEXT"}]}
RESULT: {}
RESULT: {"script":"<script> [776 bytes]","args":[{"enterText":"5/18/33","selector":{"id":"application-managepricingrules-display-component---newInfoPriceItem--condValidTo","interaction":{"idSuffix":"inner"}},"clearTextFirst":true,"interactionType":"ENTER_TEXT"}]}
COMMAND: POST /session/b650fd7e5e1a135de288473492e14b1e/execute/async - {"script":"<script> [1562 bytes]","args":[{"selector":{"id":"application-managepricingrules-display-component---newInfoPriceItem--billType-arrow"},"wdio_ui5_key":"applicationmanagepricingrules-display-component---newInfoPriceItem--billType-arrow"}]}
RESULT: {"script":"<script> [1562 bytes]","args":[{"selector":{"id":"application-managepricingrules-display-component---newInfoPriceItem--billType-arrow"},"wdio_ui5_key":"applicationmanagepricingrules-display-component---newInfoPriceItem--billType-arrow"}]}
RESULT: undefined
COMMAND: POST /session/b650fd7e5e1a135de288473492e14b1e/element - {"using":"xpath","value":"//*[@id=\"application-managepricingrules-display-component---newInfoPriceItem--billType-arrow\"]"}
RESULT: {"using":"xpath","value":"//*[@id=\"application-managepricingrules-display-component---newInfoPriceItem--billType-arrow\"]"}
COMMAND: POST /session/b650fd7e5e1a135de288473492e14b1e/element/f.07281D0795E18F1137881718A79AE278.d.622181D13E69455F9567E3F826835F82.e.4165/click - {}
RESULT: {}
COMMAND: POST /session/b650fd7e5e1a135de288473492e14b1e/element - {"using":"xpath","value":"//span[contains(text(), \"TB - Time based\")]"}
COMMAND: GET /session/b650fd7e5e1a135de288473492e14b1e/screenshot - {}
RESULT: {"using":"xpath","value":"//span[contains(text(), \"TB - Time based\")]"}
COMMAND: POST /session/b650fd7e5e1a135de288473492e14b1e/element/f.07281D0795E18F1137881718A79AE278.d.622181D13E69455F9567E3F826835F82.e.4206/click - {}
RESULT: {}
RESULT: {}
COMMAND: POST /session/b650fd7e5e1a135de288473492e14b1e/execute/async - {"script":"<script> [1562 bytes]","args":[{"selector":{"id":"application-managepricingrules-display-component---newInfoPriceItem--priceProc-arrow"},"wdio_ui5_key":"applicationmanagepricingrules-display-component---newInfoPriceItem--priceProc-arrow"}]}
COMMAND: GET /session/b650fd7e5e1a135de288473492e14b1e/screenshot - {}
RESULT: {"script":"<script> [1562 bytes]","args":[{"selector":{"id":"application-managepricingrules-display-component---newInfoPriceItem--priceProc-arrow"},"wdio_ui5_key":"applicationmanagepricingrules-display-component---newInfoPriceItem--priceProc-arrow"}]}
RESULT: undefined
COMMAND: POST /session/b650fd7e5e1a135de288473492e14b1e/element - {"using":"xpath","value":"//*[@id=\"application-managepricingrules-display-component---newInfoPriceItem--priceProc-arrow\"]"}
RESULT: {}
RESULT: {"using":"xpath","value":"//*[@id=\"application-managepricingrules-display-component---newInfoPriceItem--priceProc-arrow\"]"}
COMMAND: POST /session/b650fd7e5e1a135de288473492e14b1e/element/f.07281D0795E18F1137881718A79AE278.d.622181D13E69455F9567E3F826835F82.e.4172/click - {}
RESULT: {}
COMMAND: POST /session/b650fd7e5e1a135de288473492e14b1e/element - {"using":"xpath","value":"//span[contains(text(), \"TBS - Time based standard\")]"}
COMMAND: GET /session/b650fd7e5e1a135de288473492e14b1e/screenshot - {}
RESULT: {"using":"xpath","value":"//span[contains(text(), \"TBS - Time based standard\")]"}
COMMAND: POST /session/b650fd7e5e1a135de288473492e14b1e/element/f.07281D0795E18F1137881718A79AE278.d.622181D13E69455F9567E3F826835F82.e.4207/click - {}
RESULT: {}
RESULT: {}
COMMAND: POST /session/b650fd7e5e1a135de288473492e14b1e/execute/async - {"script":"<script> [1562 bytes]","args":[{"selector":{"id":"application-managepricingrules-display-component---newInfoPriceItem--calcBase-arrow"},"wdio_ui5_key":"applicationmanagepricingrules-display-component---newInfoPriceItem--calcBase-arrow"}]}
COMMAND: GET /session/b650fd7e5e1a135de288473492e14b1e/screenshot - {}
RESULT: {"script":"<script> [1562 bytes]","args":[{"selector":{"id":"application-managepricingrules-display-component---newInfoPriceItem--calcBase-arrow"},"wdio_ui5_key":"applicationmanagepricingrules-display-component---newInfoPriceItem--calcBase-arrow"}]}
RESULT: undefined
COMMAND: POST /session/b650fd7e5e1a135de288473492e14b1e/element - {"using":"xpath","value":"//*[@id=\"application-managepricingrules-display-component---newInfoPriceItem--calcBase-arrow\"]"}
RESULT: {}
RESULT: {"using":"xpath","value":"//*[@id=\"application-managepricingrules-display-component---newInfoPriceItem--calcBase-arrow\"]"}
COMMAND: POST /session/b650fd7e5e1a135de288473492e14b1e/element/f.07281D0795E18F1137881718A79AE278.d.622181D13E69455F9567E3F826835F82.e.4179/click - {}
RESULT: {}
COMMAND: GET /session/b650fd7e5e1a135de288473492e14b1e/screenshot - {}
RESULT: {}
COMMAND: POST /session/b650fd7e5e1a135de288473492e14b1e/element - {"using":"xpath","value":"//span[contains(text(), \"0006 - TB(calendar days)\")]"}
RESULT: {"using":"xpath","value":"//span[contains(text(), \"0006 - TB(calendar days)\")]"}
COMMAND: POST /session/b650fd7e5e1a135de288473492e14b1e/element/f.07281D0795E18F1137881718A79AE278.d.622181D13E69455F9567E3F826835F82.e.4208/click - {}
RESULT: {}
COMMAND: POST /session/b650fd7e5e1a135de288473492e14b1e/execute/async - {"script":"<script> [1562 bytes]","args":[{"selector":{"id":"application-managepricingrules-display-component---newInfoPriceItem--daysMonth","interaction":{"idSuffix":"inner"}},"wdio_ui5_key":"applicationmanagepricingrules-display-component---newInfoPriceItem--daysMonth"}]}
COMMAND: GET /session/b650fd7e5e1a135de288473492e14b1e/screenshot - {}
RESULT: {}
RESULT: {"script":"<script> [1562 bytes]","args":[{"selector":{"id":"application-managepricingrules-display-component---newInfoPriceItem--daysMonth","interaction":{"idSuffix":"inner"}},"wdio_ui5_key":"applicationmanagepricingrules-display-component---newInfoPriceItem--daysMonth"}]}
RESULT: undefined
COMMAND: POST /session/b650fd7e5e1a135de288473492e14b1e/execute/async - {"script":"<script> [776 bytes]","args":[{"enterText":"30","selector":{"id":"application-managepricingrules-display-component---newInfoPriceItem--daysMonth","interaction":{"idSuffix":"inner"}},"clearTextFirst":true,"interactionType":"ENTER_TEXT"}]}
RESULT: {"script":"<script> [776 bytes]","args":[{"enterText":"30","selector":{"id":"application-managepricingrules-display-component---newInfoPriceItem--daysMonth","interaction":{"idSuffix":"inner"}},"clearTextFirst":true,"interactionType":"ENTER_TEXT"}]}
COMMAND: POST /session/b650fd7e5e1a135de288473492e14b1e/element - {"using":"xpath","value":"//button[@data-kt=\"saveNewRuleButton\"]"}
RESULT: {"using":"xpath","value":"//button[@data-kt=\"saveNewRuleButton\"]"}
COMMAND: POST /session/b650fd7e5e1a135de288473492e14b1e/element/f.07281D0795E18F1137881718A79AE278.d.622181D13E69455F9567E3F826835F82.e.4199/click - {}
RESULT: {}
COMMAND: GET /session/b650fd7e5e1a135de288473492e14b1e/screenshot - {}
RESULT: {}
COMMAND: POST /session/b650fd7e5e1a135de288473492e14b1e/element - {"using":"css selector","value":"#shell-header-logo"}
RESULT: {"using":"css selector","value":"#shell-header-logo"}
COMMAND: POST /session/b650fd7e5e1a135de288473492e14b1e/element/f.07281D0795E18F1137881718A79AE278.d.622181D13E69455F9567E3F826835F82.e.3729/click - {}
RESULT: {}
COMMAND: GET /session/b650fd7e5e1a135de288473492e14b1e/screenshot - {}
RESULT: {}
COMMAND: POST /session/b650fd7e5e1a135de288473492e14b1e/execute/async - {"script":"<script> [1562 bytes]","args":[{"selector":{"controlType":"sap.m.Text","properties":{"text":"Manage Conditions & Prices"},"interaction":{"idSuffix":"inner"}},"wdio_ui5_key":"sapm.Text{\"text\":\"Manage Conditions & Prices\"}"}]}
RESULT: {"script":"<script> [1562 bytes]","args":[{"selector":{"controlType":"sap.m.Text","properties":{"text":"Manage Conditions & Prices"},"interaction":{"idSuffix":"inner"}},"wdio_ui5_key":"sapm.Text{\"text\":\"Manage Conditions & Prices\"}"}]}
RESULT: undefined
COMMAND: POST /session/b650fd7e5e1a135de288473492e14b1e/element - {"using":"xpath","value":"//*[@id=\"__tile53-title\"]"}
RESULT: {"using":"xpath","value":"//*[@id=\"__tile53-title\"]"}
COMMAND: POST /session/b650fd7e5e1a135de288473492e14b1e/element/f.07281D0795E18F1137881718A79AE278.d.622181D13E69455F9567E3F826835F82.e.4216/click - {}
RESULT: {}
COMMAND: GET /session/b650fd7e5e1a135de288473492e14b1e/screenshot - {}
RESULT: {}
COMMAND: POST /session/b650fd7e5e1a135de288473492e14b1e/element - {"using":"xpath","value":"//button[@aria-label=\"Create\"]"}
RESULT: {"using":"xpath","value":"//button[@aria-label=\"Create\"]"}
COMMAND: POST /session/b650fd7e5e1a135de288473492e14b1e/elements - {"using":"xpath","value":"//button[@aria-label=\"Create\"]"}
RESULT: {"using":"xpath","value":"//button[@aria-label=\"Create\"]"}
COMMAND: POST /session/b650fd7e5e1a135de288473492e14b1e/elements - {"using":"xpath","value":"//button[@aria-label=\"Create\"]"}
RESULT: {"using":"xpath","value":"//button[@aria-label=\"Create\"]"}
COMMAND: POST /session/b650fd7e5e1a135de288473492e14b1e/element - {"using":"xpath","value":"//button[@aria-label=\"Create\"]"}
RESULT: {"using":"xpath","value":"//button[@aria-label=\"Create\"]"}
COMMAND: POST /session/b650fd7e5e1a135de288473492e14b1e/element/f.07281D0795E18F1137881718A79AE278.d.622181D13E69455F9567E3F826835F82.e.4248/click - {}
RESULT: {}
COMMAND: POST /session/b650fd7e5e1a135de288473492e14b1e/actions - {"actions":[{"id":"action8","type":"key","parameters":{},"actions":[{"type":"keyDown","value":""},{"type":"pause","duration":10},{"type":"keyUp","value":""}]}]}
COMMAND: GET /session/b650fd7e5e1a135de288473492e14b1e/screenshot - {}
RESULT: {"actions":[{"id":"action8","type":"key","parameters":{},"actions":[{"type":"keyDown","value":""},{"type":"pause","duration":10},{"type":"keyUp","value":""}]}]}
COMMAND: GET /session/b650fd7e5e1a135de288473492e14b1e/screenshot - {}
RESULT: {}
RESULT: {}
COMMAND: POST /session/b650fd7e5e1a135de288473492e14b1e/execute/async - {"script":"<script> [1562 bytes]","args":[{"selector":{"id":"application-manageconditionprice-display-component---newCondition--condBillCond-arrow"},"wdio_ui5_key":"applicationmanageconditionprice-display-component---newCondition--condBillCond-arrow"}]}
RESULT: {"script":"<script> [1562 bytes]","args":[{"selector":{"id":"application-manageconditionprice-display-component---newCondition--condBillCond-arrow"},"wdio_ui5_key":"applicationmanageconditionprice-display-component---newCondition--condBillCond-arrow"}]}
RESULT: undefined
COMMAND: POST /session/b650fd7e5e1a135de288473492e14b1e/element - {"using":"xpath","value":"//*[@id=\"application-manageconditionprice-display-component---newCondition--condBillCond-arrow\"]"}
RESULT: {"using":"xpath","value":"//*[@id=\"application-manageconditionprice-display-component---newCondition--condBillCond-arrow\"]"}
COMMAND: POST /session/b650fd7e5e1a135de288473492e14b1e/element/f.07281D0795E18F1137881718A79AE278.d.622181D13E69455F9567E3F826835F82.e.4545/click - {}
RESULT: {}
COMMAND: POST /session/b650fd7e5e1a135de288473492e14b1e/element - {"using":"xpath","value":"//span[contains(text(), \"DISP - D&I special price\")]"}
COMMAND: GET /session/b650fd7e5e1a135de288473492e14b1e/screenshot - {}
RESULT: {"using":"xpath","value":"//span[contains(text(), \"DISP - D&I special price\")]"}
COMMAND: POST /session/b650fd7e5e1a135de288473492e14b1e/element/f.07281D0795E18F1137881718A79AE278.d.622181D13E69455F9567E3F826835F82.e.4546/click - {}
RESULT: {}
RESULT: {}
COMMAND: POST /session/b650fd7e5e1a135de288473492e14b1e/execute/async - {"script":"<script> [1562 bytes]","args":[{"selector":{"id":"application-manageconditionprice-display-component---newCondition--condValidTo","interaction":{"idSuffix":"inner"}},"wdio_ui5_key":"applicationmanageconditionprice-display-component---newCondition--condValidTo"}]}
COMMAND: GET /session/b650fd7e5e1a135de288473492e14b1e/screenshot - {}
RESULT: {"script":"<script> [1562 bytes]","args":[{"selector":{"id":"application-manageconditionprice-display-component---newCondition--condValidTo","interaction":{"idSuffix":"inner"}},"wdio_ui5_key":"applicationmanageconditionprice-display-component---newCondition--condValidTo"}]}
RESULT: undefined
COMMAND: POST /session/b650fd7e5e1a135de288473492e14b1e/execute/async - {"script":"<script> [776 bytes]","args":[{"enterText":"5/11/33","selector":{"id":"application-manageconditionprice-display-component---newCondition--condValidTo","interaction":{"idSuffix":"inner"}},"clearTextFirst":true,"interactionType":"ENTER_TEXT"}]}
RESULT: {}
RESULT: {"script":"<script> [776 bytes]","args":[{"enterText":"5/11/33","selector":{"id":"application-manageconditionprice-display-component---newCondition--condValidTo","interaction":{"idSuffix":"inner"}},"clearTextFirst":true,"interactionType":"ENTER_TEXT"}]}
COMMAND: POST /session/b650fd7e5e1a135de288473492e14b1e/element - {"using":"xpath","value":"//input[@id=\"application-manageconditionprice-display-component---newCondition--condRU-inner\"]"}
RESULT: {"using":"xpath","value":"//input[@id=\"application-manageconditionprice-display-component---newCondition--condRU-inner\"]"}
COMMAND: POST /session/b650fd7e5e1a135de288473492e14b1e/element/f.07281D0795E18F1137881718A79AE278.d.622181D13E69455F9567E3F826835F82.e.4366/clear - {}
RESULT: {}
COMMAND: POST /session/b650fd7e5e1a135de288473492e14b1e/element/f.07281D0795E18F1137881718A79AE278.d.622181D13E69455F9567E3F826835F82.e.4366/value - {"text":"WebdriverRUR2C0n9dx"}
COMMAND: GET /session/b650fd7e5e1a135de288473492e14b1e/screenshot - {}
RESULT: {"text":"WebdriverRUR2C0n9dx"}
COMMAND: GET /session/b650fd7e5e1a135de288473492e14b1e/screenshot - {}
RESULT: {}
RESULT: {}
COMMAND: POST /session/b650fd7e5e1a135de288473492e14b1e/actions - {"actions":[{"id":"action9","type":"key","parameters":{},"actions":[{"type":"keyDown","value":""},{"type":"pause","duration":10},{"type":"keyUp","value":""}]}]}
RESULT: {"actions":[{"id":"action9","type":"key","parameters":{},"actions":[{"type":"keyDown","value":""},{"type":"pause","duration":10},{"type":"keyUp","value":""}]}]}
COMMAND: POST /session/b650fd7e5e1a135de288473492e14b1e/execute/async - {"script":"<script> [1562 bytes]","args":[{"selector":{"id":"application-manageconditionprice-display-component---newCondition--condBaseQty","interaction":{"idSuffix":"inner"}},"wdio_ui5_key":"applicationmanageconditionprice-display-component---newCondition--condBaseQty"}]}
COMMAND: GET /session/b650fd7e5e1a135de288473492e14b1e/screenshot - {}
RESULT: {"script":"<script> [1562 bytes]","args":[{"selector":{"id":"application-manageconditionprice-display-component---newCondition--condBaseQty","interaction":{"idSuffix":"inner"}},"wdio_ui5_key":"applicationmanageconditionprice-display-component---newCondition--condBaseQty"}]}
RESULT: undefined
COMMAND: POST /session/b650fd7e5e1a135de288473492e14b1e/execute/async - {"script":"<script> [776 bytes]","args":[{"enterText":"1","selector":{"id":"application-manageconditionprice-display-component---newCondition--condBaseQty","interaction":{"idSuffix":"inner"}},"clearTextFirst":true,"interactionType":"ENTER_TEXT"}]}
RESULT: {}
RESULT: {"script":"<script> [776 bytes]","args":[{"enterText":"1","selector":{"id":"application-manageconditionprice-display-component---newCondition--condBaseQty","interaction":{"idSuffix":"inner"}},"clearTextFirst":true,"interactionType":"ENTER_TEXT"}]}
COMMAND: POST /session/b650fd7e5e1a135de288473492e14b1e/execute/async - {"script":"<script> [1562 bytes]","args":[{"selector":{"id":"application-manageconditionprice-display-component---newCondition--condValue","interaction":{"idSuffix":"inner"}},"wdio_ui5_key":"applicationmanageconditionprice-display-component---newCondition--condValue"}]}
RESULT: {"script":"<script> [1562 bytes]","args":[{"selector":{"id":"application-manageconditionprice-display-component---newCondition--condValue","interaction":{"idSuffix":"inner"}},"wdio_ui5_key":"applicationmanageconditionprice-display-component---newCondition--condValue"}]}
RESULT: undefined
COMMAND: POST /session/b650fd7e5e1a135de288473492e14b1e/execute/async - {"script":"<script> [776 bytes]","args":[{"enterText":"100","selector":{"id":"application-manageconditionprice-display-component---newCondition--condValue","interaction":{"idSuffix":"inner"}},"clearTextFirst":true,"interactionType":"ENTER_TEXT"}]}
RESULT: {"script":"<script> [776 bytes]","args":[{"enterText":"100","selector":{"id":"application-manageconditionprice-display-component---newCondition--condValue","interaction":{"idSuffix":"inner"}},"clearTextFirst":true,"interactionType":"ENTER_TEXT"}]}
COMMAND: POST /session/b650fd7e5e1a135de288473492e14b1e/execute/async - {"script":"<script> [1562 bytes]","args":[{"selector":{"id":"application-manageconditionprice-display-component---newCondition--condCurr-arrow"},"wdio_ui5_key":"applicationmanageconditionprice-display-component---newCondition--condCurr-arrow"}]}
RESULT: {"script":"<script> [1562 bytes]","args":[{"selector":{"id":"application-manageconditionprice-display-component---newCondition--condCurr-arrow"},"wdio_ui5_key":"applicationmanageconditionprice-display-component---newCondition--condCurr-arrow"}]}
RESULT: undefined
COMMAND: POST /session/b650fd7e5e1a135de288473492e14b1e/element - {"using":"xpath","value":"//*[@id=\"application-manageconditionprice-display-component---newCondition--condCurr-arrow\"]"}
RESULT: {"using":"xpath","value":"//*[@id=\"application-manageconditionprice-display-component---newCondition--condCurr-arrow\"]"}
COMMAND: POST /session/b650fd7e5e1a135de288473492e14b1e/element/f.07281D0795E18F1137881718A79AE278.d.622181D13E69455F9567E3F826835F82.e.4484/click - {}
RESULT: {}
COMMAND: POST /session/b650fd7e5e1a135de288473492e14b1e/element - {"using":"xpath","value":"//span[contains(text(), \"Euro\")]"}
COMMAND: GET /session/b650fd7e5e1a135de288473492e14b1e/screenshot - {}
RESULT: {}
RESULT: {"using":"xpath","value":"//span[contains(text(), \"Euro\")]"}
COMMAND: POST /session/b650fd7e5e1a135de288473492e14b1e/element/f.07281D0795E18F1137881718A79AE278.d.622181D13E69455F9567E3F826835F82.e.4582/click - {}
RESULT: {}
COMMAND: POST /session/b650fd7e5e1a135de288473492e14b1e/element - {"using":"xpath","value":"//button[@data-kt=\"saveButton\"]"}
COMMAND: GET /session/b650fd7e5e1a135de288473492e14b1e/screenshot - {}
RESULT: {"using":"xpath","value":"//button[@data-kt=\"saveButton\"]"}
COMMAND: POST /session/b650fd7e5e1a135de288473492e14b1e/element/f.07281D0795E18F1137881718A79AE278.d.622181D13E69455F9567E3F826835F82.e.4485/click - {}
RESULT: {}
RESULT: {}
COMMAND: GET /session/b650fd7e5e1a135de288473492e14b1e/screenshot - {}
RESULT: {}
COMMAND: POST /session/b650fd7e5e1a135de288473492e14b1e/element - {"using":"css selector","value":"#shell-header-logo"}
RESULT: {"using":"css selector","value":"#shell-header-logo"}
COMMAND: POST /session/b650fd7e5e1a135de288473492e14b1e/element/f.07281D0795E18F1137881718A79AE278.d.622181D13E69455F9567E3F826835F82.e.4219/click - {}
RESULT: {}
COMMAND: GET /session/b650fd7e5e1a135de288473492e14b1e/screenshot - {}
RESULT: {}
]]></system-out>
    </testcase>
    <testcase classname="chrome.135_0_7049_42.windows.E2E_-_Logistical_and_commercial_statuses" name="Should create a new contract" time="56.544">
      <system-out><![CDATA[
COMMAND: POST /session/b650fd7e5e1a135de288473492e14b1e/execute/async - {"script":"<script> [1562 bytes]","args":[{"selector":{"controlType":"sap.m.GenericTile","viewName":"etm.portal.ui.managecontractstile.view.Master","i18NText":{"propertyName":"header","key":"manageContractsTileTitle"}},"wdio_ui5_key":"etmportal.ui.managecontractstile.view.Mastersap.m.GenericTile{\"propertyName\":\"header\",\"key\":\"manageContractsTileTitle\"}"}]}
RESULT: {"script":"<script> [1562 bytes]","args":[{"selector":{"controlType":"sap.m.GenericTile","viewName":"etm.portal.ui.managecontractstile.view.Master","i18NText":{"propertyName":"header","key":"manageContractsTileTitle"}},"wdio_ui5_key":"etmportal.ui.managecontractstile.view.Mastersap.m.GenericTile{\"propertyName\":\"header\",\"key\":\"manageContractsTileTitle\"}"}]}
RESULT: undefined
COMMAND: POST /session/b650fd7e5e1a135de288473492e14b1e/element - {"using":"xpath","value":"//*[@id=\"__tile130\"]"}
RESULT: {"using":"xpath","value":"//*[@id=\"__tile130\"]"}
COMMAND: POST /session/b650fd7e5e1a135de288473492e14b1e/element/f.07281D0795E18F1137881718A79AE278.d.622181D13E69455F9567E3F826835F82.e.4586/click - {}
RESULT: {}
COMMAND: GET /session/b650fd7e5e1a135de288473492e14b1e/screenshot - {}
RESULT: {}
RESULT: undefined
RESULT: undefined
COMMAND: POST /session/b650fd7e5e1a135de288473492e14b1e/element - {"using":"xpath","value":"//button[@data-kt=\"addButton\"]"}
RESULT: {"using":"xpath","value":"//button[@data-kt=\"addButton\"]"}
COMMAND: POST /session/b650fd7e5e1a135de288473492e14b1e/element/f.07281D0795E18F1137881718A79AE278.d.622181D13E69455F9567E3F826835F82.e.4662/click - {}
RESULT: {}
COMMAND: GET /session/b650fd7e5e1a135de288473492e14b1e/screenshot - {}
COMMAND: POST /session/b650fd7e5e1a135de288473492e14b1e/execute/async - {"script":"<script> [1562 bytes]","args":[{"selector":{"id":"application-managecontracts-display-component---AddNewContract--projectDescription","interaction":{"idSuffix":"inner"}},"wdio_ui5_key":"applicationmanagecontracts-display-component---AddNewContract--projectDescription"}]}
RESULT: {}
RESULT: {"script":"<script> [1562 bytes]","args":[{"selector":{"id":"application-managecontracts-display-component---AddNewContract--projectDescription","interaction":{"idSuffix":"inner"}},"wdio_ui5_key":"applicationmanagecontracts-display-component---AddNewContract--projectDescription"}]}
RESULT: undefined
COMMAND: POST /session/b650fd7e5e1a135de288473492e14b1e/execute/async - {"script":"<script> [776 bytes]","args":[{"enterText":"WdIOR2cddx9a","selector":{"id":"application-managecontracts-display-component---AddNewContract--projectDescription","interaction":{"idSuffix":"inner"}},"clearTextFirst":true,"interactionType":"ENTER_TEXT"}]}
RESULT: {"script":"<script> [776 bytes]","args":[{"enterText":"WdIOR2cddx9a","selector":{"id":"application-managecontracts-display-component---AddNewContract--projectDescription","interaction":{"idSuffix":"inner"}},"clearTextFirst":true,"interactionType":"ENTER_TEXT"}]}
COMMAND: POST /session/b650fd7e5e1a135de288473492e14b1e/element - {"using":"xpath","value":"//input[@id=\"application-managecontracts-display-component---AddNewContract--yardId-inner\"]"}
RESULT: {"using":"xpath","value":"//input[@id=\"application-managecontracts-display-component---AddNewContract--yardId-inner\"]"}
COMMAND: POST /session/b650fd7e5e1a135de288473492e14b1e/element/f.07281D0795E18F1137881718A79AE278.d.622181D13E69455F9567E3F826835F82.e.4911/clear - {}
RESULT: {}
COMMAND: POST /session/b650fd7e5e1a135de288473492e14b1e/element/f.07281D0795E18F1137881718A79AE278.d.622181D13E69455F9567E3F826835F82.e.4911/value - {"text":"WebdriverYardlqrit"}
COMMAND: GET /session/b650fd7e5e1a135de288473492e14b1e/screenshot - {}
RESULT: {"text":"WebdriverYardlqrit"}
COMMAND: GET /session/b650fd7e5e1a135de288473492e14b1e/screenshot - {}
RESULT: {}
RESULT: {}
COMMAND: POST /session/b650fd7e5e1a135de288473492e14b1e/actions - {"actions":[{"id":"action10","type":"key","parameters":{},"actions":[{"type":"keyDown","value":""},{"type":"pause","duration":10},{"type":"keyUp","value":""}]}]}
RESULT: {"actions":[{"id":"action10","type":"key","parameters":{},"actions":[{"type":"keyDown","value":""},{"type":"pause","duration":10},{"type":"keyUp","value":""}]}]}
COMMAND: GET /session/b650fd7e5e1a135de288473492e14b1e/screenshot - {}
RESULT: {}
COMMAND: POST /session/b650fd7e5e1a135de288473492e14b1e/element - {"using":"xpath","value":"//input[@id=\"application-managecontracts-display-component---AddNewContract--customerSelect-inner\"]"}
RESULT: {"using":"xpath","value":"//input[@id=\"application-managecontracts-display-component---AddNewContract--customerSelect-inner\"]"}
COMMAND: POST /session/b650fd7e5e1a135de288473492e14b1e/element/f.07281D0795E18F1137881718A79AE278.d.622181D13E69455F9567E3F826835F82.e.4909/clear - {}
RESULT: {}
COMMAND: POST /session/b650fd7e5e1a135de288473492e14b1e/element/f.07281D0795E18F1137881718A79AE278.d.622181D13E69455F9567E3F826835F82.e.4909/value - {"text":"WebdriverPartnerj08oal"}
COMMAND: GET /session/b650fd7e5e1a135de288473492e14b1e/screenshot - {}
RESULT: {"text":"WebdriverPartnerj08oal"}
COMMAND: GET /session/b650fd7e5e1a135de288473492e14b1e/screenshot - {}
RESULT: {}
RESULT: {}
COMMAND: POST /session/b650fd7e5e1a135de288473492e14b1e/actions - {"actions":[{"id":"action11","type":"key","parameters":{},"actions":[{"type":"keyDown","value":""},{"type":"pause","duration":10},{"type":"keyUp","value":""}]}]}
RESULT: {"actions":[{"id":"action11","type":"key","parameters":{},"actions":[{"type":"keyDown","value":""},{"type":"pause","duration":10},{"type":"keyUp","value":""}]}]}
COMMAND: GET /session/b650fd7e5e1a135de288473492e14b1e/screenshot - {}
RESULT: {}
COMMAND: POST /session/b650fd7e5e1a135de288473492e14b1e/element - {"using":"xpath","value":"//input[@id=\"application-managecontracts-display-component---AddNewContract--site-inner\"]"}
RESULT: {"using":"xpath","value":"//input[@id=\"application-managecontracts-display-component---AddNewContract--site-inner\"]"}
COMMAND: POST /session/b650fd7e5e1a135de288473492e14b1e/element/f.07281D0795E18F1137881718A79AE278.d.622181D13E69455F9567E3F826835F82.e.4910/clear - {}
RESULT: {}
COMMAND: POST /session/b650fd7e5e1a135de288473492e14b1e/element/f.07281D0795E18F1137881718A79AE278.d.622181D13E69455F9567E3F826835F82.e.4910/value - {"text":"WebdriverSiterxmxkf"}
COMMAND: GET /session/b650fd7e5e1a135de288473492e14b1e/screenshot - {}
RESULT: {"text":"WebdriverSiterxmxkf"}
COMMAND: GET /session/b650fd7e5e1a135de288473492e14b1e/screenshot - {}
RESULT: {}
RESULT: {}
COMMAND: POST /session/b650fd7e5e1a135de288473492e14b1e/actions - {"actions":[{"id":"action12","type":"key","parameters":{},"actions":[{"type":"keyDown","value":""},{"type":"pause","duration":10},{"type":"keyUp","value":""}]}]}
RESULT: {"actions":[{"id":"action12","type":"key","parameters":{},"actions":[{"type":"keyDown","value":""},{"type":"pause","duration":10},{"type":"keyUp","value":""}]}]}
COMMAND: POST /session/b650fd7e5e1a135de288473492e14b1e/element - {"using":"xpath","value":"//button[@data-kt=\"saveButton\"]"}
COMMAND: GET /session/b650fd7e5e1a135de288473492e14b1e/screenshot - {}
RESULT: {"using":"xpath","value":"//button[@data-kt=\"saveButton\"]"}
COMMAND: POST /session/b650fd7e5e1a135de288473492e14b1e/element/f.07281D0795E18F1137881718A79AE278.d.622181D13E69455F9567E3F826835F82.e.4927/click - {}
RESULT: {}
RESULT: {}
COMMAND: GET /session/b650fd7e5e1a135de288473492e14b1e/screenshot - {}
RESULT: {}
COMMAND: POST /session/b650fd7e5e1a135de288473492e14b1e/execute/async - {"script":"<script> [1562 bytes]","args":[{"selector":{"id":"contractDetailTitleNoExpanded","viewName":"etm.portal.ui.managecontracts.view.Detail"},"wdio_ui5_key":"contractDetailTitleNoExpandedetmportal.ui.managecontracts.view.Detail"}]}
RESULT: {"script":"<script> [1562 bytes]","args":[{"selector":{"id":"contractDetailTitleNoExpanded","viewName":"etm.portal.ui.managecontracts.view.Detail"},"wdio_ui5_key":"contractDetailTitleNoExpandedetmportal.ui.managecontracts.view.Detail"}]}
RESULT: undefined
COMMAND: POST /session/b650fd7e5e1a135de288473492e14b1e/execute/async - {"script":"<script> [6424 bytes]","args":[{"element-6066-11e4-a52e-4f735466cecf":"f.07281D0795E18F1137881718A79AE278.d.622181D13E69455F9567E3F826835F82.e.5007"},"getText",[]]}
RESULT: {"script":"<script> [6424 bytes]","args":[{"element-6066-11e4-a52e-4f735466cecf":"f.07281D0795E18F1137881718A79AE278.d.622181D13E69455F9567E3F826835F82.e.5007"},"getText",[]]}
]]></system-out>
    </testcase>
    <testcase classname="chrome.135_0_7049_42.windows.E2E_-_Logistical_and_commercial_statuses" name="Should add materialID to the contract" time="44.306">
      <system-out><![CDATA[
COMMAND: POST /session/b650fd7e5e1a135de288473492e14b1e/element - {"using":"xpath","value":"//button[@data-kt=\"contractDetailEditBtnButton\"]"}
RESULT: {"using":"xpath","value":"//button[@data-kt=\"contractDetailEditBtnButton\"]"}
COMMAND: POST /session/b650fd7e5e1a135de288473492e14b1e/element/f.07281D0795E18F1137881718A79AE278.d.622181D13E69455F9567E3F826835F82.e.5008/click - {}
RESULT: {}
COMMAND: GET /session/b650fd7e5e1a135de288473492e14b1e/screenshot - {}
RESULT: {}
COMMAND: POST /session/b650fd7e5e1a135de288473492e14b1e/element - {"using":"xpath","value":"(//span[contains(text(), \"Additional Addresses\")])[2]"}
RESULT: {"using":"xpath","value":"(//span[contains(text(), \"Additional Addresses\")])[2]"}
COMMAND: POST /session/b650fd7e5e1a135de288473492e14b1e/element/f.07281D0795E18F1137881718A79AE278.d.622181D13E69455F9567E3F826835F82.e.5065/click - {}
RESULT: {}
COMMAND: GET /session/b650fd7e5e1a135de288473492e14b1e/screenshot - {}
RESULT: {}
COMMAND: POST /session/b650fd7e5e1a135de288473492e14b1e/element - {"using":"xpath","value":"//button[@data-kt=\"btnAddTableRowOverflowToolbarButton\"]"}
RESULT: {"using":"xpath","value":"//button[@data-kt=\"btnAddTableRowOverflowToolbarButton\"]"}
COMMAND: POST /session/b650fd7e5e1a135de288473492e14b1e/element/f.07281D0795E18F1137881718A79AE278.d.622181D13E69455F9567E3F826835F82.e.5067/click - {}
RESULT: {}
COMMAND: GET /session/b650fd7e5e1a135de288473492e14b1e/screenshot - {}
RESULT: {}
COMMAND: POST /session/b650fd7e5e1a135de288473492e14b1e/element - {"using":"xpath","value":"//div[(text() = 'Standard Entry' or . = 'Standard Entry')]"}
RESULT: {"using":"xpath","value":"//div[(text() = 'Standard Entry' or . = 'Standard Entry')]"}
COMMAND: POST /session/b650fd7e5e1a135de288473492e14b1e/element/f.07281D0795E18F1137881718A79AE278.d.622181D13E69455F9567E3F826835F82.e.5069/click - {}
RESULT: {}
COMMAND: POST /session/b650fd7e5e1a135de288473492e14b1e/element - {"using":"xpath","value":"//td[6]/div/div/input[1]"}
COMMAND: GET /session/b650fd7e5e1a135de288473492e14b1e/screenshot - {}
RESULT: {"using":"xpath","value":"//td[6]/div/div/input[1]"}
COMMAND: POST /session/b650fd7e5e1a135de288473492e14b1e/element/f.07281D0795E18F1137881718A79AE278.d.622181D13E69455F9567E3F826835F82.e.5071/click - {}
RESULT: {}
RESULT: {}
COMMAND: POST /session/b650fd7e5e1a135de288473492e14b1e/actions - {"actions":[{"id":"action13","type":"key","parameters":{},"actions":[{"type":"keyDown","value":""},{"type":"pause","duration":10},{"type":"keyUp","value":""}]}]}
COMMAND: GET /session/b650fd7e5e1a135de288473492e14b1e/screenshot - {}
RESULT: {"actions":[{"id":"action13","type":"key","parameters":{},"actions":[{"type":"keyDown","value":""},{"type":"pause","duration":10},{"type":"keyUp","value":""}]}]}
COMMAND: POST /session/b650fd7e5e1a135de288473492e14b1e/element - {"using":"xpath","value":"//td[6]/div/div/input[1]"}
COMMAND: GET /session/b650fd7e5e1a135de288473492e14b1e/screenshot - {}
RESULT: {}
RESULT: {"using":"xpath","value":"//td[6]/div/div/input[1]"}
COMMAND: POST /session/b650fd7e5e1a135de288473492e14b1e/element/f.07281D0795E18F1137881718A79AE278.d.622181D13E69455F9567E3F826835F82.e.5071/clear - {}
RESULT: {}
RESULT: {}
COMMAND: POST /session/b650fd7e5e1a135de288473492e14b1e/element/f.07281D0795E18F1137881718A79AE278.d.622181D13E69455F9567E3F826835F82.e.5071/value - {"text":"Material"}
COMMAND: GET /session/b650fd7e5e1a135de288473492e14b1e/screenshot - {}
RESULT: {"text":"Material"}
COMMAND: GET /session/b650fd7e5e1a135de288473492e14b1e/screenshot - {}
RESULT: {}
RESULT: {}
COMMAND: POST /session/b650fd7e5e1a135de288473492e14b1e/actions - {"actions":[{"id":"action14","type":"key","parameters":{},"actions":[{"type":"keyDown","value":""},{"type":"pause","duration":10},{"type":"keyUp","value":""}]}]}
RESULT: {"actions":[{"id":"action14","type":"key","parameters":{},"actions":[{"type":"keyDown","value":""},{"type":"pause","duration":10},{"type":"keyUp","value":""}]}]}
COMMAND: GET /session/b650fd7e5e1a135de288473492e14b1e/screenshot - {}
RESULT: {}
COMMAND: POST /session/b650fd7e5e1a135de288473492e14b1e/actions - {"actions":[{"id":"action15","type":"key","parameters":{},"actions":[{"type":"keyDown","value":""},{"type":"pause","duration":10},{"type":"keyUp","value":""}]}]}
RESULT: {"actions":[{"id":"action15","type":"key","parameters":{},"actions":[{"type":"keyDown","value":""},{"type":"pause","duration":10},{"type":"keyUp","value":""}]}]}
COMMAND: POST /session/b650fd7e5e1a135de288473492e14b1e/element - {"using":"xpath","value":"//td[7]/div/div/input"}
COMMAND: GET /session/b650fd7e5e1a135de288473492e14b1e/screenshot - {}
RESULT: {"using":"xpath","value":"//td[7]/div/div/input"}
COMMAND: POST /session/b650fd7e5e1a135de288473492e14b1e/element/f.07281D0795E18F1137881718A79AE278.d.622181D13E69455F9567E3F826835F82.e.5084/clear - {}
RESULT: {}
RESULT: {}
COMMAND: POST /session/b650fd7e5e1a135de288473492e14b1e/element/f.07281D0795E18F1137881718A79AE278.d.622181D13E69455F9567E3F826835F82.e.5084/value - {"text":"WebdriverRUR2C0n9dx"}
COMMAND: GET /session/b650fd7e5e1a135de288473492e14b1e/screenshot - {}
RESULT: {"text":"WebdriverRUR2C0n9dx"}
COMMAND: GET /session/b650fd7e5e1a135de288473492e14b1e/screenshot - {}
RESULT: {}
RESULT: {}
COMMAND: POST /session/b650fd7e5e1a135de288473492e14b1e/actions - {"actions":[{"id":"action16","type":"key","parameters":{},"actions":[{"type":"keyDown","value":""},{"type":"pause","duration":10},{"type":"keyUp","value":""}]}]}
RESULT: {"actions":[{"id":"action16","type":"key","parameters":{},"actions":[{"type":"keyDown","value":""},{"type":"pause","duration":10},{"type":"keyUp","value":""}]}]}
COMMAND: GET /session/b650fd7e5e1a135de288473492e14b1e/screenshot - {}
RESULT: {}
COMMAND: POST /session/b650fd7e5e1a135de288473492e14b1e/actions - {"actions":[{"id":"action17","type":"key","parameters":{},"actions":[{"type":"keyDown","value":""},{"type":"pause","duration":10},{"type":"keyUp","value":""}]}]}
RESULT: {"actions":[{"id":"action17","type":"key","parameters":{},"actions":[{"type":"keyDown","value":""},{"type":"pause","duration":10},{"type":"keyUp","value":""}]}]}
COMMAND: GET /session/b650fd7e5e1a135de288473492e14b1e/screenshot - {}
RESULT: {}
COMMAND: POST /session/b650fd7e5e1a135de288473492e14b1e/element - {"using":"xpath","value":"(//button[@data-kt=\"saveButton\"])[2]"}
RESULT: {"using":"xpath","value":"(//button[@data-kt=\"saveButton\"])[2]"}
COMMAND: POST /session/b650fd7e5e1a135de288473492e14b1e/element/f.07281D0795E18F1137881718A79AE278.d.622181D13E69455F9567E3F826835F82.e.5107/click - {}
RESULT: {}
COMMAND: GET /session/b650fd7e5e1a135de288473492e14b1e/screenshot - {}
RESULT: {}
]]></system-out>
    </testcase>
    <testcase classname="chrome.135_0_7049_42.windows.E2E_-_Logistical_and_commercial_statuses" name="It should follow the handover steps to the status fully provided" time="301.547">
      <system-out><![CDATA[
COMMAND: POST /session/b650fd7e5e1a135de288473492e14b1e/execute/async - {"script":"<script> [1562 bytes]","args":[{"selector":{"id":"contractDetailProvideButton","viewName":"etm.portal.ui.managecontracts.view.Detail","interaction":{"idSuffix":"BDI-content"}},"wdio_ui5_key":"contractDetailProvideButtonetmportal.ui.managecontracts.view.Detail"}]}
RESULT: {"script":"<script> [1562 bytes]","args":[{"selector":{"id":"contractDetailProvideButton","viewName":"etm.portal.ui.managecontracts.view.Detail","interaction":{"idSuffix":"BDI-content"}},"wdio_ui5_key":"contractDetailProvideButtonetmportal.ui.managecontracts.view.Detail"}]}
RESULT: undefined
COMMAND: POST /session/b650fd7e5e1a135de288473492e14b1e/element - {"using":"xpath","value":"//*[@id=\"__xmlview61--contractDetailProvideButton\"]"}
RESULT: {"using":"xpath","value":"//*[@id=\"__xmlview61--contractDetailProvideButton\"]"}
COMMAND: POST /session/b650fd7e5e1a135de288473492e14b1e/element/f.07281D0795E18F1137881718A79AE278.d.622181D13E69455F9567E3F826835F82.e.5112/click - {}
RESULT: {}
COMMAND: GET /session/b650fd7e5e1a135de288473492e14b1e/screenshot - {}
COMMAND: POST /session/b650fd7e5e1a135de288473492e14b1e/execute/async - {"script":"<script> [1562 bytes]","args":[{"selector":{"id":"application-managehandovers-display-component---AddNewHO--oneStep","interaction":{"idSuffix":"CbBg"}},"wdio_ui5_key":"applicationmanagehandovers-display-component---AddNewHO--oneStep"}]}
RESULT: {}
RESULT: {"script":"<script> [1562 bytes]","args":[{"selector":{"id":"application-managehandovers-display-component---AddNewHO--oneStep","interaction":{"idSuffix":"CbBg"}},"wdio_ui5_key":"applicationmanagehandovers-display-component---AddNewHO--oneStep"}]}
RESULT: undefined
COMMAND: POST /session/b650fd7e5e1a135de288473492e14b1e/element - {"using":"xpath","value":"//*[@id=\"application-managehandovers-display-component---AddNewHO--oneStep\"]"}
RESULT: {"using":"xpath","value":"//*[@id=\"application-managehandovers-display-component---AddNewHO--oneStep\"]"}
COMMAND: POST /session/b650fd7e5e1a135de288473492e14b1e/element/f.07281D0795E18F1137881718A79AE278.d.622181D13E69455F9567E3F826835F82.e.5270/click - {}
RESULT: {}
RESULT: undefined
COMMAND: POST /session/b650fd7e5e1a135de288473492e14b1e/execute/async - {"script":"<script> [776 bytes]","args":[{"enterText":"04/12/25","selector":{"id":"application-managehandovers-display-component---AddNewHO--dueDate","interaction":{"idSuffix":"inner"}},"clearTextFirst":true,"interactionType":"ENTER_TEXT"}]}
COMMAND: GET /session/b650fd7e5e1a135de288473492e14b1e/screenshot - {}
RESULT: {"script":"<script> [776 bytes]","args":[{"enterText":"04/12/25","selector":{"id":"application-managehandovers-display-component---AddNewHO--dueDate","interaction":{"idSuffix":"inner"}},"clearTextFirst":true,"interactionType":"ENTER_TEXT"}]}
RESULT: undefined
COMMAND: POST /session/b650fd7e5e1a135de288473492e14b1e/element - {"using":"xpath","value":"//*[@id=\"application-managehandovers-display-component---AddNewHO--ObjectPageLayout-anchBar-application-managehandovers-display-component---AddNewHO--section4-anchor\"]"}
RESULT: {}
RESULT: {"using":"xpath","value":"//*[@id=\"application-managehandovers-display-component---AddNewHO--ObjectPageLayout-anchBar-application-managehandovers-display-component---AddNewHO--section4-anchor\"]"}
COMMAND: POST /session/b650fd7e5e1a135de288473492e14b1e/element/f.07281D0795E18F1137881718A79AE278.d.622181D13E69455F9567E3F826835F82.e.5273/click - {}
RESULT: {}
COMMAND: POST /session/b650fd7e5e1a135de288473492e14b1e/execute/async - {"script":"<script> [1562 bytes]","args":[{"selector":{"controlType":"sap.ui.core.Icon","viewName":"etm.portal.ui.managehandovers.view.AddNewHO","viewId":"application-managehandovers-display-component---AddNewHO","properties":{"src":{"regex":{"source":"add"}}}},"wdio_ui5_key":"etmportal.ui.managehandovers.view.AddNewHOsap.ui.core.Icon{\"src\":{\"regex\":{\"source\":\"add\"}}}"}]}
COMMAND: GET /session/b650fd7e5e1a135de288473492e14b1e/screenshot - {}
RESULT: {"script":"<script> [1562 bytes]","args":[{"selector":{"controlType":"sap.ui.core.Icon","viewName":"etm.portal.ui.managehandovers.view.AddNewHO","viewId":"application-managehandovers-display-component---AddNewHO","properties":{"src":{"regex":{"source":"add"}}}},"wdio_ui5_key":"etmportal.ui.managehandovers.view.AddNewHOsap.ui.core.Icon{\"src\":{\"regex\":{\"source\":\"add\"}}}"}]}
RESULT: undefined
COMMAND: POST /session/b650fd7e5e1a135de288473492e14b1e/element - {"using":"xpath","value":"//*[@id=\"__button152-img\"]"}
RESULT: {}
RESULT: {"using":"xpath","value":"//*[@id=\"__button152-img\"]"}
COMMAND: POST /session/b650fd7e5e1a135de288473492e14b1e/element/f.07281D0795E18F1137881718A79AE278.d.622181D13E69455F9567E3F826835F82.e.5277/click - {}
RESULT: {}
COMMAND: GET /session/b650fd7e5e1a135de288473492e14b1e/screenshot - {}
RESULT: {}
RESULT: undefined
COMMAND: POST /session/b650fd7e5e1a135de288473492e14b1e/element - {"using":"xpath","value":"//*[@id=\"application-managehandovers-display-component---AddNewHO--popup-sa\"]"}
RESULT: {"using":"xpath","value":"//*[@id=\"application-managehandovers-display-component---AddNewHO--popup-sa\"]"}
COMMAND: POST /session/b650fd7e5e1a135de288473492e14b1e/element/f.07281D0795E18F1137881718A79AE278.d.622181D13E69455F9567E3F826835F82.e.5287/click - {}
RESULT: {}
COMMAND: POST /session/b650fd7e5e1a135de288473492e14b1e/execute/async - {"script":"<script> [1562 bytes]","args":[{"selector":{"controlType":"sap.m.Button","viewName":"etm.portal.ui.managehandovers.view.AddNewHO","viewId":"application-managehandovers-display-component---AddNewHO","i18NText":{"propertyName":"text","key":"select"},"searchOpenDialogs":true,"interaction":{"idSuffix":"inner"}},"wdio_ui5_key":"etmportal.ui.managehandovers.view.AddNewHOsap.m.Button{\"propertyName\":\"text\",\"key\":\"select\"}"}]}
COMMAND: GET /session/b650fd7e5e1a135de288473492e14b1e/screenshot - {}
RESULT: {"script":"<script> [1562 bytes]","args":[{"selector":{"controlType":"sap.m.Button","viewName":"etm.portal.ui.managehandovers.view.AddNewHO","viewId":"application-managehandovers-display-component---AddNewHO","i18NText":{"propertyName":"text","key":"select"},"searchOpenDialogs":true,"interaction":{"idSuffix":"inner"}},"wdio_ui5_key":"etmportal.ui.managehandovers.view.AddNewHOsap.m.Button{\"propertyName\":\"text\",\"key\":\"select\"}"}]}
RESULT: undefined
COMMAND: POST /session/b650fd7e5e1a135de288473492e14b1e/element - {"using":"xpath","value":"//*[@id=\"__button156\"]"}
RESULT: {}
RESULT: {"using":"xpath","value":"//*[@id=\"__button156\"]"}
COMMAND: POST /session/b650fd7e5e1a135de288473492e14b1e/element/f.07281D0795E18F1137881718A79AE278.d.622181D13E69455F9567E3F826835F82.e.5290/click - {}
RESULT: {}
COMMAND: POST /session/b650fd7e5e1a135de288473492e14b1e/execute/async - {"script":"<script> [1562 bytes]","args":[{"selector":{"id":"application-managehandovers-display-component---AddNewHO--confirmCreationButton","interaction":{"idSuffix":"BDI-content"}},"wdio_ui5_key":"applicationmanagehandovers-display-component---AddNewHO--confirmCreationButton"}]}
COMMAND: GET /session/b650fd7e5e1a135de288473492e14b1e/screenshot - {}
RESULT: {"script":"<script> [1562 bytes]","args":[{"selector":{"id":"application-managehandovers-display-component---AddNewHO--confirmCreationButton","interaction":{"idSuffix":"BDI-content"}},"wdio_ui5_key":"applicationmanagehandovers-display-component---AddNewHO--confirmCreationButton"}]}
RESULT: undefined
COMMAND: POST /session/b650fd7e5e1a135de288473492e14b1e/element - {"using":"xpath","value":"//*[@id=\"application-managehandovers-display-component---AddNewHO--confirmCreationButton\"]"}
RESULT: {}
RESULT: {"using":"xpath","value":"//*[@id=\"application-managehandovers-display-component---AddNewHO--confirmCreationButton\"]"}
COMMAND: POST /session/b650fd7e5e1a135de288473492e14b1e/element/f.07281D0795E18F1137881718A79AE278.d.622181D13E69455F9567E3F826835F82.e.5230/click - {}
RESULT: {}
COMMAND: GET /session/b650fd7e5e1a135de288473492e14b1e/screenshot - {}
RESULT: {}
COMMAND: POST /session/b650fd7e5e1a135de288473492e14b1e/element - {"using":"xpath","value":"//a[contains(@data-kt ,\"GeneralSectionReceiveContracttLink\")]"}
RESULT: {"using":"xpath","value":"//a[contains(@data-kt ,\"GeneralSectionReceiveContracttLink\")]"}
COMMAND: POST /session/b650fd7e5e1a135de288473492e14b1e/element/f.07281D0795E18F1137881718A79AE278.d.622181D13E69455F9567E3F826835F82.e.5334/click - {}
RESULT: {}
COMMAND: GET /session/b650fd7e5e1a135de288473492e14b1e/screenshot - {}
RESULT: {}
COMMAND: POST /session/b650fd7e5e1a135de288473492e14b1e/element - {"using":"xpath","value":"//a[contains(@data-kt ,\"ContextMenuId2Link\")]"}
RESULT: {"using":"xpath","value":"//a[contains(@data-kt ,\"ContextMenuId2Link\")]"}
COMMAND: POST /session/b650fd7e5e1a135de288473492e14b1e/element/f.07281D0795E18F1137881718A79AE278.d.622181D13E69455F9567E3F826835F82.e.5346/click - {}
RESULT: {}
COMMAND: GET /session/b650fd7e5e1a135de288473492e14b1e/screenshot - {}
RESULT: {}
RESULT: undefined
COMMAND: POST /session/b650fd7e5e1a135de288473492e14b1e/execute/async - {"script":"<script> [1562 bytes]","args":[{"selector":{"controlType":"sap.m.ObjectStatus","viewName":"etm.portal.ui.managecontracts.view.Detail","bindingPath":{"propertyPath":"LINK_TO_LOGISTICAL_STATUS/DESCRIPTION","modelName":"catalogModel"}},"wdio_ui5_key":"etmportal.ui.managecontracts.view.Detailsap.m.ObjectStatus{\"propertyPath\":\"LINK_TO_LOGISTICAL_STATUS/DESCRIPTION\",\"modelName\":\"catalogModel\"}"}]}
RESULT: {"script":"<script> [1562 bytes]","args":[{"selector":{"controlType":"sap.m.ObjectStatus","viewName":"etm.portal.ui.managecontracts.view.Detail","bindingPath":{"propertyPath":"LINK_TO_LOGISTICAL_STATUS/DESCRIPTION","modelName":"catalogModel"}},"wdio_ui5_key":"etmportal.ui.managecontracts.view.Detailsap.m.ObjectStatus{\"propertyPath\":\"LINK_TO_LOGISTICAL_STATUS/DESCRIPTION\",\"modelName\":\"catalogModel\"}"}]}
RESULT: undefined
COMMAND: POST /session/b650fd7e5e1a135de288473492e14b1e/execute/async - {"script":"<script> [6424 bytes]","args":[{"element-6066-11e4-a52e-4f735466cecf":"f.07281D0795E18F1137881718A79AE278.d.622181D13E69455F9567E3F826835F82.e.5566"},"getText",[]]}
RESULT: {"script":"<script> [6424 bytes]","args":[{"element-6066-11e4-a52e-4f735466cecf":"f.07281D0795E18F1137881718A79AE278.d.622181D13E69455F9567E3F826835F82.e.5566"},"getText",[]]}
COMMAND: POST /session/b650fd7e5e1a135de288473492e14b1e/execute/async - {"script":"<script> [1562 bytes]","args":[{"selector":{"controlType":"sap.m.ObjectStatus","viewName":"etm.portal.ui.managecontracts.view.Detail","bindingPath":{"propertyPath":"LINK_TO_COMMERCIAL_STATUS/DESCRIPTION","modelName":"catalogModel"}},"wdio_ui5_key":"etmportal.ui.managecontracts.view.Detailsap.m.ObjectStatus{\"propertyPath\":\"LINK_TO_COMMERCIAL_STATUS/DESCRIPTION\",\"modelName\":\"catalogModel\"}"}]}
RESULT: {"script":"<script> [1562 bytes]","args":[{"selector":{"controlType":"sap.m.ObjectStatus","viewName":"etm.portal.ui.managecontracts.view.Detail","bindingPath":{"propertyPath":"LINK_TO_COMMERCIAL_STATUS/DESCRIPTION","modelName":"catalogModel"}},"wdio_ui5_key":"etmportal.ui.managecontracts.view.Detailsap.m.ObjectStatus{\"propertyPath\":\"LINK_TO_COMMERCIAL_STATUS/DESCRIPTION\",\"modelName\":\"catalogModel\"}"}]}
RESULT: undefined
COMMAND: POST /session/b650fd7e5e1a135de288473492e14b1e/execute/async - {"script":"<script> [6424 bytes]","args":[{"element-6066-11e4-a52e-4f735466cecf":"f.07281D0795E18F1137881718A79AE278.d.622181D13E69455F9567E3F826835F82.e.5567"},"getText",[]]}
RESULT: {"script":"<script> [6424 bytes]","args":[{"element-6066-11e4-a52e-4f735466cecf":"f.07281D0795E18F1137881718A79AE278.d.622181D13E69455F9567E3F826835F82.e.5567"},"getText",[]]}
COMMAND: POST /session/b650fd7e5e1a135de288473492e14b1e/execute/async - {"script":"<script> [1562 bytes]","args":[{"selector":{"id":"backBtn"},"wdio_ui5_key":"backBtn"}]}
RESULT: {"script":"<script> [1562 bytes]","args":[{"selector":{"id":"backBtn"},"wdio_ui5_key":"backBtn"}]}
RESULT: undefined
COMMAND: POST /session/b650fd7e5e1a135de288473492e14b1e/element - {"using":"xpath","value":"//*[@id=\"backBtn\"]"}
RESULT: {"using":"xpath","value":"//*[@id=\"backBtn\"]"}
COMMAND: POST /session/b650fd7e5e1a135de288473492e14b1e/element/f.07281D0795E18F1137881718A79AE278.d.622181D13E69455F9567E3F826835F82.e.5568/click - {}
RESULT: {}
COMMAND: GET /session/b650fd7e5e1a135de288473492e14b1e/screenshot - {}
COMMAND: POST /session/b650fd7e5e1a135de288473492e14b1e/execute/async - {"script":"<script> [1562 bytes]","args":[{"selector":{"controlType":"sap.m.Text","viewName":"etm.portal.ui.managehandovers.view.DetailExecuteHO","bindingPath":{"propertyPath":"NO","modelName":"catalogModel"}},"wdio_ui5_key":"etmportal.ui.managehandovers.view.DetailExecuteHOsap.m.Text{\"propertyPath\":\"NO\",\"modelName\":\"catalogModel\"}"}]}
RESULT: {}
RESULT: {"script":"<script> [1562 bytes]","args":[{"selector":{"controlType":"sap.m.Text","viewName":"etm.portal.ui.managehandovers.view.DetailExecuteHO","bindingPath":{"propertyPath":"NO","modelName":"catalogModel"}},"wdio_ui5_key":"etmportal.ui.managehandovers.view.DetailExecuteHOsap.m.Text{\"propertyPath\":\"NO\",\"modelName\":\"catalogModel\"}"}]}
RESULT: undefined
COMMAND: POST /session/b650fd7e5e1a135de288473492e14b1e/execute/async - {"script":"<script> [6424 bytes]","args":[{"element-6066-11e4-a52e-4f735466cecf":"f.07281D0795E18F1137881718A79AE278.d.622181D13E69455F9567E3F826835F82.e.5717"},"getText",[]]}
RESULT: {"script":"<script> [6424 bytes]","args":[{"element-6066-11e4-a52e-4f735466cecf":"f.07281D0795E18F1137881718A79AE278.d.622181D13E69455F9567E3F826835F82.e.5717"},"getText",[]]}
COMMAND: POST /session/b650fd7e5e1a135de288473492e14b1e/execute/async - {"script":"<script> [1562 bytes]","args":[{"selector":{"controlType":"sap.m.Button","viewName":"etm.portal.ui.managehandovers.view.DetailExecuteHO","i18NText":{"propertyName":"text","key":"confirmAll"},"interaction":{"idSuffix":"inner"}},"wdio_ui5_key":"etmportal.ui.managehandovers.view.DetailExecuteHOsap.m.Button{\"propertyName\":\"text\",\"key\":\"confirmAll\"}"}]}
RESULT: {"script":"<script> [1562 bytes]","args":[{"selector":{"controlType":"sap.m.Button","viewName":"etm.portal.ui.managehandovers.view.DetailExecuteHO","i18NText":{"propertyName":"text","key":"confirmAll"},"interaction":{"idSuffix":"inner"}},"wdio_ui5_key":"etmportal.ui.managehandovers.view.DetailExecuteHOsap.m.Button{\"propertyName\":\"text\",\"key\":\"confirmAll\"}"}]}
RESULT: undefined
COMMAND: POST /session/b650fd7e5e1a135de288473492e14b1e/element - {"using":"xpath","value":"//*[@id=\"__button239\"]"}
RESULT: {"using":"xpath","value":"//*[@id=\"__button239\"]"}
COMMAND: POST /session/b650fd7e5e1a135de288473492e14b1e/element/f.07281D0795E18F1137881718A79AE278.d.622181D13E69455F9567E3F826835F82.e.5719/click - {}
RESULT: {}
COMMAND: GET /session/b650fd7e5e1a135de288473492e14b1e/screenshot - {}
RESULT: {}
COMMAND: POST /session/b650fd7e5e1a135de288473492e14b1e/execute/async - {"script":"<script> [1562 bytes]","args":[{"selector":{"controlType":"sap.m.Button","properties":{"text":"OK"},"searchOpenDialogs":true,"interaction":{"idSuffix":"content"}},"wdio_ui5_key":"sapm.Button{\"text\":\"OK\"}"}]}
RESULT: {"script":"<script> [1562 bytes]","args":[{"selector":{"controlType":"sap.m.Button","properties":{"text":"OK"},"searchOpenDialogs":true,"interaction":{"idSuffix":"content"}},"wdio_ui5_key":"sapm.Button{\"text\":\"OK\"}"}]}
RESULT: undefined
COMMAND: POST /session/b650fd7e5e1a135de288473492e14b1e/element - {"using":"xpath","value":"//*[@id=\"__mbox-btn-2\"]"}
RESULT: {"using":"xpath","value":"//*[@id=\"__mbox-btn-2\"]"}
COMMAND: POST /session/b650fd7e5e1a135de288473492e14b1e/element/f.07281D0795E18F1137881718A79AE278.d.622181D13E69455F9567E3F826835F82.e.5720/click - {}
RESULT: {}
COMMAND: GET /session/b650fd7e5e1a135de288473492e14b1e/screenshot - {}
RESULT: {}
COMMAND: POST /session/b650fd7e5e1a135de288473492e14b1e/element - {"using":"xpath","value":"//button[contains(@data-kt ,\"execHoPickFooterButton\")]"}
RESULT: {"using":"xpath","value":"//button[contains(@data-kt ,\"execHoPickFooterButton\")]"}
COMMAND: POST /session/b650fd7e5e1a135de288473492e14b1e/element/f.07281D0795E18F1137881718A79AE278.d.622181D13E69455F9567E3F826835F82.e.5723/click - {}
RESULT: {}
COMMAND: GET /session/b650fd7e5e1a135de288473492e14b1e/screenshot - {}
RESULT: {}
COMMAND: POST /session/b650fd7e5e1a135de288473492e14b1e/refresh - {}
RESULT: {}
COMMAND: GET /session/b650fd7e5e1a135de288473492e14b1e/screenshot - {}
RESULT: {}
COMMAND: POST /session/b650fd7e5e1a135de288473492e14b1e/execute/async - {"script":"<script> [189 bytes]","args":[]}
RESULT: {"script":"<script> [189 bytes]","args":[]}
COMMAND: POST /session/b650fd7e5e1a135de288473492e14b1e/execute/async - {"script":"<script> [123 bytes]","args":[]}
RESULT: {"script":"<script> [123 bytes]","args":[]}
COMMAND: POST /session/b650fd7e5e1a135de288473492e14b1e/timeouts - {"script":"<number>"}
RESULT: {"script":"<number>"}
COMMAND: GET /session/b650fd7e5e1a135de288473492e14b1e/timeouts - {}
RESULT: {}
RESULT: undefined
COMMAND: POST /session/b650fd7e5e1a135de288473492e14b1e/execute/async - {"script":"<script> [2676 bytes]","args":[]}
RESULT: {"script":"<script> [2676 bytes]","args":[]}
COMMAND: POST /session/b650fd7e5e1a135de288473492e14b1e/execute/async - {"script":"<script> [2342 bytes]","args":[{"protocol":"http","hostname":"0.0.0.0","path":"/","capabilities":{"browserName":"chrome","goog:chromeOptions":{"binary":"C:\\Program Files\\Google\\Chrome\\Application\\chrome.exe"}},"logLevel":"warn","connectionRetryTimeout":120000,"connectionRetryCount":3,"logLevels":{},"enableDirectConnect":true,"strictSSL":true,"_":"65 more keys: [\"cacheDir\",\"port\",\"requestedCapabilities\",\"automationProtocol\",\"baseUrl\",\"waitforInterval\",\"waitforTimeout\",\"onReload\",\"beforeCommand\",\"afterCommand\",\"rootDir\",\"specs\",\"suites\",\"exclude\",\"groupLogsByTestSpec\",\"excludeDriverLogs\",\"bail\",\"framework\",\"reporters\",\"services\",\"maxInstances\",\"maxInstancesPerCapability\",\"injectGlobals\",\"filesToWatch\",\"execArgv\",\"runnerEnv\",\"runner\",\"shard\",\"specFileRetries\",\"specFileRetriesDelay\",\"specFileRetriesDeferred\",\"reporterSyncInterval\",\"reporterSyncTimeout\",\"cucumberFeaturesWithLineNumbers\",\"autoCompileOpts\",\"mochaOpts\",\"jasmineOpts\",\"cucumberOpts\",\"onPrepare\",\"onWorkerStart\",\"onWorkerEnd\",\"before\",\"beforeSession\",\"beforeSuite\",\"beforeHook\",\"beforeTest\",\"afterTest\",\"afterHook\",\"afterSuite\",\"afterSession\",\"after\",\"onComplete\",\"beforeAssertion\",\"afterAssertion\",\"beforeFeature\",\"beforeScenario\",\"beforeStep\",\"afterStep\",\"afterScenario\",\"afterFeature\",\"_\",\"suite\",\"$0\",\"ignoredWorkerServices\",\"wdi5\"]"}]}
RESULT: {"script":"<script> [2342 bytes]","args":[{"protocol":"http","hostname":"0.0.0.0","path":"/","capabilities":{"browserName":"chrome","goog:chromeOptions":{"binary":"C:\\Program Files\\Google\\Chrome\\Application\\chrome.exe"}},"logLevel":"warn","connectionRetryTimeout":120000,"connectionRetryCount":3,"logLevels":{},"enableDirectConnect":true,"strictSSL":true,"_":"65 more keys: [\"cacheDir\",\"port\",\"requestedCapabilities\",\"automationProtocol\",\"baseUrl\",\"waitforInterval\",\"waitforTimeout\",\"onReload\",\"beforeCommand\",\"afterCommand\",\"rootDir\",\"specs\",\"suites\",\"exclude\",\"groupLogsByTestSpec\",\"excludeDriverLogs\",\"bail\",\"framework\",\"reporters\",\"services\",\"maxInstances\",\"maxInstancesPerCapability\",\"injectGlobals\",\"filesToWatch\",\"execArgv\",\"runnerEnv\",\"runner\",\"shard\",\"specFileRetries\",\"specFileRetriesDelay\",\"specFileRetriesDeferred\",\"reporterSyncInterval\",\"reporterSyncTimeout\",\"cucumberFeaturesWithLineNumbers\",\"autoCompileOpts\",\"mochaOpts\",\"jasmineOpts\",\"cucumberOpts\",\"onPrepare\",\"onWorkerStart\",\"onWorkerEnd\",\"before\",\"beforeSession\",\"beforeSuite\",\"beforeHook\",\"beforeTest\",\"afterTest\",\"afterHook\",\"afterSuite\",\"afterSession\",\"after\",\"onComplete\",\"beforeAssertion\",\"afterAssertion\",\"beforeFeature\",\"beforeScenario\",\"beforeStep\",\"afterStep\",\"afterScenario\",\"afterFeature\",\"_\",\"suite\",\"$0\",\"ignoredWorkerServices\",\"wdi5\"]"}]}
COMMAND: POST /session/b650fd7e5e1a135de288473492e14b1e/execute/async - {"script":"<script> [21126 bytes]","args":[35000]}
RESULT: {"script":"<script> [21126 bytes]","args":[35000]}
COMMAND: POST /session/b650fd7e5e1a135de288473492e14b1e/execute/async - {"script":"<script> [1562 bytes]","args":[{"selector":{"controlType":"sap.m.SearchField","viewName":"etm.portal.ui.managehandovers.view.MasterHO","bindingPath":{"path":"","propertyPath":"/_BASIC_SEARCH_FIELD","modelName":"fi1t3rM0d31"},"interaction":{"idSuffix":"I"}},"wdio_ui5_key":"etmportal.ui.managehandovers.view.MasterHOsap.m.SearchField{\"path\":\"\",\"propertyPath\":\"/_BASIC_SEARCH_FIELD\",\"modelName\":\"fi1t3rM0d31\"}"}]}
RESULT: {"script":"<script> [1562 bytes]","args":[{"selector":{"controlType":"sap.m.SearchField","viewName":"etm.portal.ui.managehandovers.view.MasterHO","bindingPath":{"path":"","propertyPath":"/_BASIC_SEARCH_FIELD","modelName":"fi1t3rM0d31"},"interaction":{"idSuffix":"I"}},"wdio_ui5_key":"etmportal.ui.managehandovers.view.MasterHOsap.m.SearchField{\"path\":\"\",\"propertyPath\":\"/_BASIC_SEARCH_FIELD\",\"modelName\":\"fi1t3rM0d31\"}"}]}
RESULT: undefined
COMMAND: POST /session/b650fd7e5e1a135de288473492e14b1e/execute/async - {"script":"<script> [776 bytes]","args":[{"enterText":"30250","selector":{"controlType":"sap.m.SearchField","viewName":"etm.portal.ui.managehandovers.view.MasterHO","bindingPath":{"path":"","propertyPath":"/_BASIC_SEARCH_FIELD","modelName":"fi1t3rM0d31"},"interaction":{"idSuffix":"I"}},"clearTextFirst":true,"interactionType":"ENTER_TEXT"}]}
RESULT: {"script":"<script> [776 bytes]","args":[{"enterText":"30250","selector":{"controlType":"sap.m.SearchField","viewName":"etm.portal.ui.managehandovers.view.MasterHO","bindingPath":{"path":"","propertyPath":"/_BASIC_SEARCH_FIELD","modelName":"fi1t3rM0d31"},"interaction":{"idSuffix":"I"}},"clearTextFirst":true,"interactionType":"ENTER_TEXT"}]}
COMMAND: POST /session/b650fd7e5e1a135de288473492e14b1e/actions - {"actions":[{"id":"action18","type":"key","parameters":{},"actions":[{"type":"keyDown","value":""},{"type":"pause","duration":10},{"type":"keyUp","value":""}]}]}
RESULT: {"actions":[{"id":"action18","type":"key","parameters":{},"actions":[{"type":"keyDown","value":""},{"type":"pause","duration":10},{"type":"keyUp","value":""}]}]}
COMMAND: GET /session/b650fd7e5e1a135de288473492e14b1e/screenshot - {}
RESULT: {}
COMMAND: POST /session/b650fd7e5e1a135de288473492e14b1e/execute/async - {"script":"<script> [1562 bytes]","args":[{"selector":{"controlType":"sap.m.Title","viewName":"etm.portal.ui.managehandovers.view.MasterHO","properties":{"text":"Records (1)"}},"wdio_ui5_key":"etmportal.ui.managehandovers.view.MasterHOsap.m.Title{\"text\":\"Records (1)\"}"}]}
RESULT: {"script":"<script> [1562 bytes]","args":[{"selector":{"controlType":"sap.m.Title","viewName":"etm.portal.ui.managehandovers.view.MasterHO","properties":{"text":"Records (1)"}},"wdio_ui5_key":"etmportal.ui.managehandovers.view.MasterHOsap.m.Title{\"text\":\"Records (1)\"}"}]}
RESULT: undefined
COMMAND: POST /session/b650fd7e5e1a135de288473492e14b1e/execute/async - {"script":"<script> [6424 bytes]","args":[{"element-6066-11e4-a52e-4f735466cecf":"f.07281D0795E18F1137881718A79AE278.d.879EEA2FA1D0D026313463E2652F8C5B.e.5983"},"getText",[]]}
RESULT: {"script":"<script> [6424 bytes]","args":[{"element-6066-11e4-a52e-4f735466cecf":"f.07281D0795E18F1137881718A79AE278.d.879EEA2FA1D0D026313463E2652F8C5B.e.5983"},"getText",[]]}
COMMAND: POST /session/b650fd7e5e1a135de288473492e14b1e/execute/async - {"script":"<script> [1562 bytes]","args":[{"selector":{"controlType":"sap.ui.core.Icon","viewName":"etm.portal.ui.managehandovers.view.MasterHO","properties":{"src":{"regex":{"source":"slim\\-arrow\\-right"}}}},"wdio_ui5_key":"etmportal.ui.managehandovers.view.MasterHOsap.ui.core.Icon{\"src\":{\"regex\":{\"source\":\"slim\\\\-arrow\\\\-right\"}}}"}]}
RESULT: {"script":"<script> [1562 bytes]","args":[{"selector":{"controlType":"sap.ui.core.Icon","viewName":"etm.portal.ui.managehandovers.view.MasterHO","properties":{"src":{"regex":{"source":"slim\\-arrow\\-right"}}}},"wdio_ui5_key":"etmportal.ui.managehandovers.view.MasterHOsap.ui.core.Icon{\"src\":{\"regex\":{\"source\":\"slim\\\\-arrow\\\\-right\"}}}"}]}
RESULT: undefined
COMMAND: POST /session/b650fd7e5e1a135de288473492e14b1e/element - {"using":"xpath","value":"//*[@id=\"__item32-__clone16-imgNav\"]"}
RESULT: {"using":"xpath","value":"//*[@id=\"__item32-__clone16-imgNav\"]"}
COMMAND: POST /session/b650fd7e5e1a135de288473492e14b1e/element/f.07281D0795E18F1137881718A79AE278.d.879EEA2FA1D0D026313463E2652F8C5B.e.5982/click - {}
RESULT: {}
COMMAND: GET /session/b650fd7e5e1a135de288473492e14b1e/screenshot - {}
RESULT: {}
COMMAND: POST /session/b650fd7e5e1a135de288473492e14b1e/element - {"using":"xpath","value":"//a[contains(@data-kt ,\"GeneralSectionReceiveContracttLink\")]"}
RESULT: {"using":"xpath","value":"//a[contains(@data-kt ,\"GeneralSectionReceiveContracttLink\")]"}
COMMAND: POST /session/b650fd7e5e1a135de288473492e14b1e/element/f.07281D0795E18F1137881718A79AE278.d.879EEA2FA1D0D026313463E2652F8C5B.e.6080/click - {}
RESULT: {}
COMMAND: GET /session/b650fd7e5e1a135de288473492e14b1e/screenshot - {}
RESULT: {}
COMMAND: POST /session/b650fd7e5e1a135de288473492e14b1e/element - {"using":"xpath","value":"//a[contains(@data-kt ,\"ContextMenuId2Link\")]"}
RESULT: {"using":"xpath","value":"//a[contains(@data-kt ,\"ContextMenuId2Link\")]"}
COMMAND: POST /session/b650fd7e5e1a135de288473492e14b1e/element/f.07281D0795E18F1137881718A79AE278.d.879EEA2FA1D0D026313463E2652F8C5B.e.6085/click - {}
RESULT: {}
COMMAND: GET /session/b650fd7e5e1a135de288473492e14b1e/screenshot - {}
RESULT: {}
RESULT: undefined
COMMAND: POST /session/b650fd7e5e1a135de288473492e14b1e/execute/async - {"script":"<script> [1562 bytes]","args":[{"selector":{"controlType":"sap.m.ObjectStatus","viewName":"etm.portal.ui.managecontracts.view.Detail","bindingPath":{"propertyPath":"LINK_TO_LOGISTICAL_STATUS/DESCRIPTION","modelName":"catalogModel"}},"wdio_ui5_key":"etmportal.ui.managecontracts.view.Detailsap.m.ObjectStatus{\"propertyPath\":\"LINK_TO_LOGISTICAL_STATUS/DESCRIPTION\",\"modelName\":\"catalogModel\"}"}]}
RESULT: {"script":"<script> [1562 bytes]","args":[{"selector":{"controlType":"sap.m.ObjectStatus","viewName":"etm.portal.ui.managecontracts.view.Detail","bindingPath":{"propertyPath":"LINK_TO_LOGISTICAL_STATUS/DESCRIPTION","modelName":"catalogModel"}},"wdio_ui5_key":"etmportal.ui.managecontracts.view.Detailsap.m.ObjectStatus{\"propertyPath\":\"LINK_TO_LOGISTICAL_STATUS/DESCRIPTION\",\"modelName\":\"catalogModel\"}"}]}
RESULT: undefined
COMMAND: POST /session/b650fd7e5e1a135de288473492e14b1e/execute/async - {"script":"<script> [6424 bytes]","args":[{"element-6066-11e4-a52e-4f735466cecf":"f.07281D0795E18F1137881718A79AE278.d.879EEA2FA1D0D026313463E2652F8C5B.e.6317"},"getText",[]]}
RESULT: {"script":"<script> [6424 bytes]","args":[{"element-6066-11e4-a52e-4f735466cecf":"f.07281D0795E18F1137881718A79AE278.d.879EEA2FA1D0D026313463E2652F8C5B.e.6317"},"getText",[]]}
COMMAND: POST /session/b650fd7e5e1a135de288473492e14b1e/execute/async - {"script":"<script> [1562 bytes]","args":[{"selector":{"controlType":"sap.m.ObjectStatus","viewName":"etm.portal.ui.managecontracts.view.Detail","bindingPath":{"propertyPath":"LINK_TO_COMMERCIAL_STATUS/DESCRIPTION","modelName":"catalogModel"}},"wdio_ui5_key":"etmportal.ui.managecontracts.view.Detailsap.m.ObjectStatus{\"propertyPath\":\"LINK_TO_COMMERCIAL_STATUS/DESCRIPTION\",\"modelName\":\"catalogModel\"}"}]}
RESULT: {"script":"<script> [1562 bytes]","args":[{"selector":{"controlType":"sap.m.ObjectStatus","viewName":"etm.portal.ui.managecontracts.view.Detail","bindingPath":{"propertyPath":"LINK_TO_COMMERCIAL_STATUS/DESCRIPTION","modelName":"catalogModel"}},"wdio_ui5_key":"etmportal.ui.managecontracts.view.Detailsap.m.ObjectStatus{\"propertyPath\":\"LINK_TO_COMMERCIAL_STATUS/DESCRIPTION\",\"modelName\":\"catalogModel\"}"}]}
RESULT: undefined
COMMAND: POST /session/b650fd7e5e1a135de288473492e14b1e/execute/async - {"script":"<script> [6424 bytes]","args":[{"element-6066-11e4-a52e-4f735466cecf":"f.07281D0795E18F1137881718A79AE278.d.879EEA2FA1D0D026313463E2652F8C5B.e.6318"},"getText",[]]}
RESULT: {"script":"<script> [6424 bytes]","args":[{"element-6066-11e4-a52e-4f735466cecf":"f.07281D0795E18F1137881718A79AE278.d.879EEA2FA1D0D026313463E2652F8C5B.e.6318"},"getText",[]]}
COMMAND: POST /session/b650fd7e5e1a135de288473492e14b1e/execute/async - {"script":"<script> [1562 bytes]","args":[{"selector":{"id":"backBtn"},"wdio_ui5_key":"backBtn"}]}
RESULT: {"script":"<script> [1562 bytes]","args":[{"selector":{"id":"backBtn"},"wdio_ui5_key":"backBtn"}]}
RESULT: undefined
COMMAND: POST /session/b650fd7e5e1a135de288473492e14b1e/element - {"using":"xpath","value":"//*[@id=\"backBtn\"]"}
RESULT: {"using":"xpath","value":"//*[@id=\"backBtn\"]"}
COMMAND: POST /session/b650fd7e5e1a135de288473492e14b1e/element/f.07281D0795E18F1137881718A79AE278.d.879EEA2FA1D0D026313463E2652F8C5B.e.6319/click - {}
RESULT: {}
COMMAND: GET /session/b650fd7e5e1a135de288473492e14b1e/screenshot - {}
COMMAND: POST /session/b650fd7e5e1a135de288473492e14b1e/execute/async - {"script":"<script> [1562 bytes]","args":[{"selector":{"controlType":"sap.m.Button","viewName":"etm.portal.ui.managehandovers.view.DetailExecuteHO","i18NText":{"propertyName":"text","key":"confirmAll"},"interaction":{"idSuffix":"BDI-content"}},"wdio_ui5_key":"etmportal.ui.managehandovers.view.DetailExecuteHOsap.m.Button{\"propertyName\":\"text\",\"key\":\"confirmAll\"}"}]}
RESULT: {}
RESULT: {"script":"<script> [1562 bytes]","args":[{"selector":{"controlType":"sap.m.Button","viewName":"etm.portal.ui.managehandovers.view.DetailExecuteHO","i18NText":{"propertyName":"text","key":"confirmAll"},"interaction":{"idSuffix":"BDI-content"}},"wdio_ui5_key":"etmportal.ui.managehandovers.view.DetailExecuteHOsap.m.Button{\"propertyName\":\"text\",\"key\":\"confirmAll\"}"}]}
RESULT: undefined
COMMAND: POST /session/b650fd7e5e1a135de288473492e14b1e/element - {"using":"xpath","value":"//*[@id=\"__button84\"]"}
RESULT: {"using":"xpath","value":"//*[@id=\"__button84\"]"}
COMMAND: POST /session/b650fd7e5e1a135de288473492e14b1e/element/f.07281D0795E18F1137881718A79AE278.d.879EEA2FA1D0D026313463E2652F8C5B.e.6460/click - {}
RESULT: {}
COMMAND: GET /session/b650fd7e5e1a135de288473492e14b1e/screenshot - {}
RESULT: {}
COMMAND: POST /session/b650fd7e5e1a135de288473492e14b1e/execute/async - {"script":"<script> [1562 bytes]","args":[{"selector":{"controlType":"sap.m.Button","properties":{"text":"OK"},"searchOpenDialogs":true,"interaction":{"idSuffix":"inner"}},"wdio_ui5_key":"sapm.Button{\"text\":\"OK\"}"}]}
RESULT: {"script":"<script> [1562 bytes]","args":[{"selector":{"controlType":"sap.m.Button","properties":{"text":"OK"},"searchOpenDialogs":true,"interaction":{"idSuffix":"inner"}},"wdio_ui5_key":"sapm.Button{\"text\":\"OK\"}"}]}
RESULT: undefined
COMMAND: POST /session/b650fd7e5e1a135de288473492e14b1e/element - {"using":"xpath","value":"//*[@id=\"__mbox-btn-0\"]"}
RESULT: {"using":"xpath","value":"//*[@id=\"__mbox-btn-0\"]"}
COMMAND: POST /session/b650fd7e5e1a135de288473492e14b1e/element/f.07281D0795E18F1137881718A79AE278.d.879EEA2FA1D0D026313463E2652F8C5B.e.6466/click - {}
RESULT: {}
COMMAND: GET /session/b650fd7e5e1a135de288473492e14b1e/screenshot - {}
RESULT: {}
COMMAND: POST /session/b650fd7e5e1a135de288473492e14b1e/element - {"using":"xpath","value":"//button[contains(@data-kt ,\"execHoIssueFooterButton\")]"}
RESULT: {"using":"xpath","value":"//button[contains(@data-kt ,\"execHoIssueFooterButton\")]"}
COMMAND: POST /session/b650fd7e5e1a135de288473492e14b1e/element/f.07281D0795E18F1137881718A79AE278.d.879EEA2FA1D0D026313463E2652F8C5B.e.6469/click - {}
RESULT: {}
COMMAND: GET /session/b650fd7e5e1a135de288473492e14b1e/screenshot - {}
RESULT: {}
COMMAND: POST /session/b650fd7e5e1a135de288473492e14b1e/refresh - {}
RESULT: {}
COMMAND: GET /session/b650fd7e5e1a135de288473492e14b1e/screenshot - {}
RESULT: {}
COMMAND: POST /session/b650fd7e5e1a135de288473492e14b1e/execute/async - {"script":"<script> [189 bytes]","args":[]}
RESULT: {"script":"<script> [189 bytes]","args":[]}
COMMAND: POST /session/b650fd7e5e1a135de288473492e14b1e/execute/async - {"script":"<script> [123 bytes]","args":[]}
RESULT: {"script":"<script> [123 bytes]","args":[]}
COMMAND: POST /session/b650fd7e5e1a135de288473492e14b1e/timeouts - {"script":"<number>"}
RESULT: {"script":"<number>"}
COMMAND: GET /session/b650fd7e5e1a135de288473492e14b1e/timeouts - {}
RESULT: {}
RESULT: undefined
COMMAND: POST /session/b650fd7e5e1a135de288473492e14b1e/execute/async - {"script":"<script> [2676 bytes]","args":[]}
RESULT: {"script":"<script> [2676 bytes]","args":[]}
COMMAND: POST /session/b650fd7e5e1a135de288473492e14b1e/execute/async - {"script":"<script> [2342 bytes]","args":[{"protocol":"http","hostname":"0.0.0.0","path":"/","capabilities":{"browserName":"chrome","goog:chromeOptions":{"binary":"C:\\Program Files\\Google\\Chrome\\Application\\chrome.exe"}},"logLevel":"warn","connectionRetryTimeout":120000,"connectionRetryCount":3,"logLevels":{},"enableDirectConnect":true,"strictSSL":true,"_":"65 more keys: [\"cacheDir\",\"port\",\"requestedCapabilities\",\"automationProtocol\",\"baseUrl\",\"waitforInterval\",\"waitforTimeout\",\"onReload\",\"beforeCommand\",\"afterCommand\",\"rootDir\",\"specs\",\"suites\",\"exclude\",\"groupLogsByTestSpec\",\"excludeDriverLogs\",\"bail\",\"framework\",\"reporters\",\"services\",\"maxInstances\",\"maxInstancesPerCapability\",\"injectGlobals\",\"filesToWatch\",\"execArgv\",\"runnerEnv\",\"runner\",\"shard\",\"specFileRetries\",\"specFileRetriesDelay\",\"specFileRetriesDeferred\",\"reporterSyncInterval\",\"reporterSyncTimeout\",\"cucumberFeaturesWithLineNumbers\",\"autoCompileOpts\",\"mochaOpts\",\"jasmineOpts\",\"cucumberOpts\",\"onPrepare\",\"onWorkerStart\",\"onWorkerEnd\",\"before\",\"beforeSession\",\"beforeSuite\",\"beforeHook\",\"beforeTest\",\"afterTest\",\"afterHook\",\"afterSuite\",\"afterSession\",\"after\",\"onComplete\",\"beforeAssertion\",\"afterAssertion\",\"beforeFeature\",\"beforeScenario\",\"beforeStep\",\"afterStep\",\"afterScenario\",\"afterFeature\",\"_\",\"suite\",\"$0\",\"ignoredWorkerServices\",\"wdi5\"]"}]}
RESULT: {"script":"<script> [2342 bytes]","args":[{"protocol":"http","hostname":"0.0.0.0","path":"/","capabilities":{"browserName":"chrome","goog:chromeOptions":{"binary":"C:\\Program Files\\Google\\Chrome\\Application\\chrome.exe"}},"logLevel":"warn","connectionRetryTimeout":120000,"connectionRetryCount":3,"logLevels":{},"enableDirectConnect":true,"strictSSL":true,"_":"65 more keys: [\"cacheDir\",\"port\",\"requestedCapabilities\",\"automationProtocol\",\"baseUrl\",\"waitforInterval\",\"waitforTimeout\",\"onReload\",\"beforeCommand\",\"afterCommand\",\"rootDir\",\"specs\",\"suites\",\"exclude\",\"groupLogsByTestSpec\",\"excludeDriverLogs\",\"bail\",\"framework\",\"reporters\",\"services\",\"maxInstances\",\"maxInstancesPerCapability\",\"injectGlobals\",\"filesToWatch\",\"execArgv\",\"runnerEnv\",\"runner\",\"shard\",\"specFileRetries\",\"specFileRetriesDelay\",\"specFileRetriesDeferred\",\"reporterSyncInterval\",\"reporterSyncTimeout\",\"cucumberFeaturesWithLineNumbers\",\"autoCompileOpts\",\"mochaOpts\",\"jasmineOpts\",\"cucumberOpts\",\"onPrepare\",\"onWorkerStart\",\"onWorkerEnd\",\"before\",\"beforeSession\",\"beforeSuite\",\"beforeHook\",\"beforeTest\",\"afterTest\",\"afterHook\",\"afterSuite\",\"afterSession\",\"after\",\"onComplete\",\"beforeAssertion\",\"afterAssertion\",\"beforeFeature\",\"beforeScenario\",\"beforeStep\",\"afterStep\",\"afterScenario\",\"afterFeature\",\"_\",\"suite\",\"$0\",\"ignoredWorkerServices\",\"wdi5\"]"}]}
COMMAND: POST /session/b650fd7e5e1a135de288473492e14b1e/execute/async - {"script":"<script> [21126 bytes]","args":[35000]}
RESULT: {"script":"<script> [21126 bytes]","args":[35000]}
COMMAND: POST /session/b650fd7e5e1a135de288473492e14b1e/execute/async - {"script":"<script> [1562 bytes]","args":[{"selector":{"controlType":"sap.m.SearchField","viewName":"etm.portal.ui.managehandovers.view.MasterHO","bindingPath":{"path":"","propertyPath":"/_BASIC_SEARCH_FIELD","modelName":"fi1t3rM0d31"},"interaction":{"idSuffix":"I"}},"wdio_ui5_key":"etmportal.ui.managehandovers.view.MasterHOsap.m.SearchField{\"path\":\"\",\"propertyPath\":\"/_BASIC_SEARCH_FIELD\",\"modelName\":\"fi1t3rM0d31\"}"}]}
RESULT: {"script":"<script> [1562 bytes]","args":[{"selector":{"controlType":"sap.m.SearchField","viewName":"etm.portal.ui.managehandovers.view.MasterHO","bindingPath":{"path":"","propertyPath":"/_BASIC_SEARCH_FIELD","modelName":"fi1t3rM0d31"},"interaction":{"idSuffix":"I"}},"wdio_ui5_key":"etmportal.ui.managehandovers.view.MasterHOsap.m.SearchField{\"path\":\"\",\"propertyPath\":\"/_BASIC_SEARCH_FIELD\",\"modelName\":\"fi1t3rM0d31\"}"}]}
RESULT: undefined
COMMAND: POST /session/b650fd7e5e1a135de288473492e14b1e/execute/async - {"script":"<script> [776 bytes]","args":[{"enterText":"30250","selector":{"controlType":"sap.m.SearchField","viewName":"etm.portal.ui.managehandovers.view.MasterHO","bindingPath":{"path":"","propertyPath":"/_BASIC_SEARCH_FIELD","modelName":"fi1t3rM0d31"},"interaction":{"idSuffix":"I"}},"clearTextFirst":true,"interactionType":"ENTER_TEXT"}]}
RESULT: {"script":"<script> [776 bytes]","args":[{"enterText":"30250","selector":{"controlType":"sap.m.SearchField","viewName":"etm.portal.ui.managehandovers.view.MasterHO","bindingPath":{"path":"","propertyPath":"/_BASIC_SEARCH_FIELD","modelName":"fi1t3rM0d31"},"interaction":{"idSuffix":"I"}},"clearTextFirst":true,"interactionType":"ENTER_TEXT"}]}
COMMAND: POST /session/b650fd7e5e1a135de288473492e14b1e/actions - {"actions":[{"id":"action19","type":"key","parameters":{},"actions":[{"type":"keyDown","value":""},{"type":"pause","duration":10},{"type":"keyUp","value":""}]}]}
RESULT: {"actions":[{"id":"action19","type":"key","parameters":{},"actions":[{"type":"keyDown","value":""},{"type":"pause","duration":10},{"type":"keyUp","value":""}]}]}
COMMAND: GET /session/b650fd7e5e1a135de288473492e14b1e/screenshot - {}
RESULT: {}
COMMAND: POST /session/b650fd7e5e1a135de288473492e14b1e/execute/async - {"script":"<script> [1562 bytes]","args":[{"selector":{"controlType":"sap.m.Title","viewName":"etm.portal.ui.managehandovers.view.MasterHO","properties":{"text":"Records (1)"}},"wdio_ui5_key":"etmportal.ui.managehandovers.view.MasterHOsap.m.Title{\"text\":\"Records (1)\"}"}]}
RESULT: {"script":"<script> [1562 bytes]","args":[{"selector":{"controlType":"sap.m.Title","viewName":"etm.portal.ui.managehandovers.view.MasterHO","properties":{"text":"Records (1)"}},"wdio_ui5_key":"etmportal.ui.managehandovers.view.MasterHOsap.m.Title{\"text\":\"Records (1)\"}"}]}
RESULT: undefined
COMMAND: POST /session/b650fd7e5e1a135de288473492e14b1e/execute/async - {"script":"<script> [6424 bytes]","args":[{"element-6066-11e4-a52e-4f735466cecf":"f.07281D0795E18F1137881718A79AE278.d.07B9D23FC03E7A374392E7BEFC7CD6F4.e.6728"},"getText",[]]}
RESULT: {"script":"<script> [6424 bytes]","args":[{"element-6066-11e4-a52e-4f735466cecf":"f.07281D0795E18F1137881718A79AE278.d.07B9D23FC03E7A374392E7BEFC7CD6F4.e.6728"},"getText",[]]}
COMMAND: POST /session/b650fd7e5e1a135de288473492e14b1e/execute/async - {"script":"<script> [1562 bytes]","args":[{"selector":{"controlType":"sap.ui.core.Icon","viewName":"etm.portal.ui.managehandovers.view.MasterHO","properties":{"src":{"regex":{"source":"slim\\-arrow\\-right"}}}},"wdio_ui5_key":"etmportal.ui.managehandovers.view.MasterHOsap.ui.core.Icon{\"src\":{\"regex\":{\"source\":\"slim\\\\-arrow\\\\-right\"}}}"}]}
RESULT: {"script":"<script> [1562 bytes]","args":[{"selector":{"controlType":"sap.ui.core.Icon","viewName":"etm.portal.ui.managehandovers.view.MasterHO","properties":{"src":{"regex":{"source":"slim\\-arrow\\-right"}}}},"wdio_ui5_key":"etmportal.ui.managehandovers.view.MasterHOsap.ui.core.Icon{\"src\":{\"regex\":{\"source\":\"slim\\\\-arrow\\\\-right\"}}}"}]}
RESULT: undefined
COMMAND: POST /session/b650fd7e5e1a135de288473492e14b1e/element - {"using":"xpath","value":"//*[@id=\"__item30-__clone16-imgNav\"]"}
RESULT: {"using":"xpath","value":"//*[@id=\"__item30-__clone16-imgNav\"]"}
COMMAND: POST /session/b650fd7e5e1a135de288473492e14b1e/element/f.07281D0795E18F1137881718A79AE278.d.07B9D23FC03E7A374392E7BEFC7CD6F4.e.6727/click - {}
RESULT: {}
COMMAND: GET /session/b650fd7e5e1a135de288473492e14b1e/screenshot - {}
COMMAND: POST /session/b650fd7e5e1a135de288473492e14b1e/execute/async - {"script":"<script> [1562 bytes]","args":[{"selector":{"controlType":"sap.m.ObjectStatus","viewName":"etm.portal.ui.managehandovers.view.DetailExecuteHO","labelFor":{"text":"Status"}},"wdio_ui5_key":"etmportal.ui.managehandovers.view.DetailExecuteHOsap.m.ObjectStatus{\"text\":\"Status\"}"}]}
RESULT: {}
RESULT: {"script":"<script> [1562 bytes]","args":[{"selector":{"controlType":"sap.m.ObjectStatus","viewName":"etm.portal.ui.managehandovers.view.DetailExecuteHO","labelFor":{"text":"Status"}},"wdio_ui5_key":"etmportal.ui.managehandovers.view.DetailExecuteHOsap.m.ObjectStatus{\"text\":\"Status\"}"}]}
RESULT: undefined
COMMAND: POST /session/b650fd7e5e1a135de288473492e14b1e/execute/async - {"script":"<script> [6424 bytes]","args":[{"element-6066-11e4-a52e-4f735466cecf":"f.07281D0795E18F1137881718A79AE278.d.07B9D23FC03E7A374392E7BEFC7CD6F4.e.6821"},"getText",[]]}
RESULT: {"script":"<script> [6424 bytes]","args":[{"element-6066-11e4-a52e-4f735466cecf":"f.07281D0795E18F1137881718A79AE278.d.07B9D23FC03E7A374392E7BEFC7CD6F4.e.6821"},"getText",[]]}
COMMAND: POST /session/b650fd7e5e1a135de288473492e14b1e/execute/async - {"script":"<script> [1562 bytes]","args":[{"selector":{"controlType":"sap.m.Button","viewName":"etm.portal.ui.managehandovers.view.DetailExecuteHO","i18NText":{"propertyName":"text","key":"confirmAll"},"interaction":{"idSuffix":"BDI-content"}},"wdio_ui5_key":"etmportal.ui.managehandovers.view.DetailExecuteHOsap.m.Button{\"propertyName\":\"text\",\"key\":\"confirmAll\"}"}]}
RESULT: {"script":"<script> [1562 bytes]","args":[{"selector":{"controlType":"sap.m.Button","viewName":"etm.portal.ui.managehandovers.view.DetailExecuteHO","i18NText":{"propertyName":"text","key":"confirmAll"},"interaction":{"idSuffix":"BDI-content"}},"wdio_ui5_key":"etmportal.ui.managehandovers.view.DetailExecuteHOsap.m.Button{\"propertyName\":\"text\",\"key\":\"confirmAll\"}"}]}
RESULT: undefined
COMMAND: POST /session/b650fd7e5e1a135de288473492e14b1e/element - {"using":"xpath","value":"//*[@id=\"__button30\"]"}
RESULT: {"using":"xpath","value":"//*[@id=\"__button30\"]"}
COMMAND: POST /session/b650fd7e5e1a135de288473492e14b1e/element/f.07281D0795E18F1137881718A79AE278.d.07B9D23FC03E7A374392E7BEFC7CD6F4.e.6825/click - {}
RESULT: {}
COMMAND: GET /session/b650fd7e5e1a135de288473492e14b1e/screenshot - {}
RESULT: {}
COMMAND: POST /session/b650fd7e5e1a135de288473492e14b1e/execute/async - {"script":"<script> [1562 bytes]","args":[{"selector":{"controlType":"sap.m.Button","properties":{"text":"OK"},"searchOpenDialogs":true,"interaction":{"idSuffix":"BDI-content"}},"wdio_ui5_key":"sapm.Button{\"text\":\"OK\"}"}]}
RESULT: {"script":"<script> [1562 bytes]","args":[{"selector":{"controlType":"sap.m.Button","properties":{"text":"OK"},"searchOpenDialogs":true,"interaction":{"idSuffix":"BDI-content"}},"wdio_ui5_key":"sapm.Button{\"text\":\"OK\"}"}]}
RESULT: undefined
COMMAND: POST /session/b650fd7e5e1a135de288473492e14b1e/element - {"using":"xpath","value":"//*[@id=\"__mbox-btn-0\"]"}
RESULT: {"using":"xpath","value":"//*[@id=\"__mbox-btn-0\"]"}
COMMAND: POST /session/b650fd7e5e1a135de288473492e14b1e/element/f.07281D0795E18F1137881718A79AE278.d.07B9D23FC03E7A374392E7BEFC7CD6F4.e.6826/click - {}
RESULT: {}
COMMAND: GET /session/b650fd7e5e1a135de288473492e14b1e/screenshot - {}
RESULT: {}
COMMAND: POST /session/b650fd7e5e1a135de288473492e14b1e/element - {"using":"xpath","value":"//button[contains(@data-kt ,\"execHoReceiveFooterButton\")]"}
RESULT: {"using":"xpath","value":"//button[contains(@data-kt ,\"execHoReceiveFooterButton\")]"}
COMMAND: POST /session/b650fd7e5e1a135de288473492e14b1e/element/f.07281D0795E18F1137881718A79AE278.d.07B9D23FC03E7A374392E7BEFC7CD6F4.e.6785/click - {}
RESULT: {}
COMMAND: GET /session/b650fd7e5e1a135de288473492e14b1e/screenshot - {}
RESULT: {}
COMMAND: POST /session/b650fd7e5e1a135de288473492e14b1e/refresh - {}
RESULT: {}
COMMAND: GET /session/b650fd7e5e1a135de288473492e14b1e/screenshot - {}
RESULT: {}
COMMAND: POST /session/b650fd7e5e1a135de288473492e14b1e/execute/async - {"script":"<script> [189 bytes]","args":[]}
RESULT: {"script":"<script> [189 bytes]","args":[]}
COMMAND: POST /session/b650fd7e5e1a135de288473492e14b1e/execute/async - {"script":"<script> [123 bytes]","args":[]}
RESULT: {"script":"<script> [123 bytes]","args":[]}
COMMAND: POST /session/b650fd7e5e1a135de288473492e14b1e/timeouts - {"script":"<number>"}
RESULT: {"script":"<number>"}
COMMAND: GET /session/b650fd7e5e1a135de288473492e14b1e/timeouts - {}
RESULT: {}
RESULT: undefined
COMMAND: POST /session/b650fd7e5e1a135de288473492e14b1e/execute/async - {"script":"<script> [2676 bytes]","args":[]}
RESULT: {"script":"<script> [2676 bytes]","args":[]}
COMMAND: POST /session/b650fd7e5e1a135de288473492e14b1e/execute/async - {"script":"<script> [2342 bytes]","args":[{"protocol":"http","hostname":"0.0.0.0","path":"/","capabilities":{"browserName":"chrome","goog:chromeOptions":{"binary":"C:\\Program Files\\Google\\Chrome\\Application\\chrome.exe"}},"logLevel":"warn","connectionRetryTimeout":120000,"connectionRetryCount":3,"logLevels":{},"enableDirectConnect":true,"strictSSL":true,"_":"65 more keys: [\"cacheDir\",\"port\",\"requestedCapabilities\",\"automationProtocol\",\"baseUrl\",\"waitforInterval\",\"waitforTimeout\",\"onReload\",\"beforeCommand\",\"afterCommand\",\"rootDir\",\"specs\",\"suites\",\"exclude\",\"groupLogsByTestSpec\",\"excludeDriverLogs\",\"bail\",\"framework\",\"reporters\",\"services\",\"maxInstances\",\"maxInstancesPerCapability\",\"injectGlobals\",\"filesToWatch\",\"execArgv\",\"runnerEnv\",\"runner\",\"shard\",\"specFileRetries\",\"specFileRetriesDelay\",\"specFileRetriesDeferred\",\"reporterSyncInterval\",\"reporterSyncTimeout\",\"cucumberFeaturesWithLineNumbers\",\"autoCompileOpts\",\"mochaOpts\",\"jasmineOpts\",\"cucumberOpts\",\"onPrepare\",\"onWorkerStart\",\"onWorkerEnd\",\"before\",\"beforeSession\",\"beforeSuite\",\"beforeHook\",\"beforeTest\",\"afterTest\",\"afterHook\",\"afterSuite\",\"afterSession\",\"after\",\"onComplete\",\"beforeAssertion\",\"afterAssertion\",\"beforeFeature\",\"beforeScenario\",\"beforeStep\",\"afterStep\",\"afterScenario\",\"afterFeature\",\"_\",\"suite\",\"$0\",\"ignoredWorkerServices\",\"wdi5\"]"}]}
RESULT: {"script":"<script> [2342 bytes]","args":[{"protocol":"http","hostname":"0.0.0.0","path":"/","capabilities":{"browserName":"chrome","goog:chromeOptions":{"binary":"C:\\Program Files\\Google\\Chrome\\Application\\chrome.exe"}},"logLevel":"warn","connectionRetryTimeout":120000,"connectionRetryCount":3,"logLevels":{},"enableDirectConnect":true,"strictSSL":true,"_":"65 more keys: [\"cacheDir\",\"port\",\"requestedCapabilities\",\"automationProtocol\",\"baseUrl\",\"waitforInterval\",\"waitforTimeout\",\"onReload\",\"beforeCommand\",\"afterCommand\",\"rootDir\",\"specs\",\"suites\",\"exclude\",\"groupLogsByTestSpec\",\"excludeDriverLogs\",\"bail\",\"framework\",\"reporters\",\"services\",\"maxInstances\",\"maxInstancesPerCapability\",\"injectGlobals\",\"filesToWatch\",\"execArgv\",\"runnerEnv\",\"runner\",\"shard\",\"specFileRetries\",\"specFileRetriesDelay\",\"specFileRetriesDeferred\",\"reporterSyncInterval\",\"reporterSyncTimeout\",\"cucumberFeaturesWithLineNumbers\",\"autoCompileOpts\",\"mochaOpts\",\"jasmineOpts\",\"cucumberOpts\",\"onPrepare\",\"onWorkerStart\",\"onWorkerEnd\",\"before\",\"beforeSession\",\"beforeSuite\",\"beforeHook\",\"beforeTest\",\"afterTest\",\"afterHook\",\"afterSuite\",\"afterSession\",\"after\",\"onComplete\",\"beforeAssertion\",\"afterAssertion\",\"beforeFeature\",\"beforeScenario\",\"beforeStep\",\"afterStep\",\"afterScenario\",\"afterFeature\",\"_\",\"suite\",\"$0\",\"ignoredWorkerServices\",\"wdi5\"]"}]}
COMMAND: POST /session/b650fd7e5e1a135de288473492e14b1e/execute/async - {"script":"<script> [21126 bytes]","args":[35000]}
RESULT: {"script":"<script> [21126 bytes]","args":[35000]}
COMMAND: POST /session/b650fd7e5e1a135de288473492e14b1e/execute/async - {"script":"<script> [1562 bytes]","args":[{"selector":{"controlType":"sap.m.SearchField","viewName":"etm.portal.ui.managehandovers.view.MasterHO","bindingPath":{"path":"","propertyPath":"/_BASIC_SEARCH_FIELD","modelName":"fi1t3rM0d31"},"interaction":{"idSuffix":"I"}},"wdio_ui5_key":"etmportal.ui.managehandovers.view.MasterHOsap.m.SearchField{\"path\":\"\",\"propertyPath\":\"/_BASIC_SEARCH_FIELD\",\"modelName\":\"fi1t3rM0d31\"}"}]}
RESULT: {"script":"<script> [1562 bytes]","args":[{"selector":{"controlType":"sap.m.SearchField","viewName":"etm.portal.ui.managehandovers.view.MasterHO","bindingPath":{"path":"","propertyPath":"/_BASIC_SEARCH_FIELD","modelName":"fi1t3rM0d31"},"interaction":{"idSuffix":"I"}},"wdio_ui5_key":"etmportal.ui.managehandovers.view.MasterHOsap.m.SearchField{\"path\":\"\",\"propertyPath\":\"/_BASIC_SEARCH_FIELD\",\"modelName\":\"fi1t3rM0d31\"}"}]}
RESULT: undefined
COMMAND: POST /session/b650fd7e5e1a135de288473492e14b1e/execute/async - {"script":"<script> [776 bytes]","args":[{"enterText":"30250","selector":{"controlType":"sap.m.SearchField","viewName":"etm.portal.ui.managehandovers.view.MasterHO","bindingPath":{"path":"","propertyPath":"/_BASIC_SEARCH_FIELD","modelName":"fi1t3rM0d31"},"interaction":{"idSuffix":"I"}},"clearTextFirst":true,"interactionType":"ENTER_TEXT"}]}
RESULT: {"script":"<script> [776 bytes]","args":[{"enterText":"30250","selector":{"controlType":"sap.m.SearchField","viewName":"etm.portal.ui.managehandovers.view.MasterHO","bindingPath":{"path":"","propertyPath":"/_BASIC_SEARCH_FIELD","modelName":"fi1t3rM0d31"},"interaction":{"idSuffix":"I"}},"clearTextFirst":true,"interactionType":"ENTER_TEXT"}]}
COMMAND: POST /session/b650fd7e5e1a135de288473492e14b1e/actions - {"actions":[{"id":"action20","type":"key","parameters":{},"actions":[{"type":"keyDown","value":""},{"type":"pause","duration":10},{"type":"keyUp","value":""}]}]}
RESULT: {"actions":[{"id":"action20","type":"key","parameters":{},"actions":[{"type":"keyDown","value":""},{"type":"pause","duration":10},{"type":"keyUp","value":""}]}]}
COMMAND: GET /session/b650fd7e5e1a135de288473492e14b1e/screenshot - {}
RESULT: {}
COMMAND: POST /session/b650fd7e5e1a135de288473492e14b1e/execute/async - {"script":"<script> [1562 bytes]","args":[{"selector":{"controlType":"sap.m.Title","viewName":"etm.portal.ui.managehandovers.view.MasterHO","properties":{"text":"Records (1)"}},"wdio_ui5_key":"etmportal.ui.managehandovers.view.MasterHOsap.m.Title{\"text\":\"Records (1)\"}"}]}
RESULT: {"script":"<script> [1562 bytes]","args":[{"selector":{"controlType":"sap.m.Title","viewName":"etm.portal.ui.managehandovers.view.MasterHO","properties":{"text":"Records (1)"}},"wdio_ui5_key":"etmportal.ui.managehandovers.view.MasterHOsap.m.Title{\"text\":\"Records (1)\"}"}]}
RESULT: undefined
COMMAND: POST /session/b650fd7e5e1a135de288473492e14b1e/execute/async - {"script":"<script> [6424 bytes]","args":[{"element-6066-11e4-a52e-4f735466cecf":"f.07281D0795E18F1137881718A79AE278.d.B181617D5ECBEB1E43032FD5477E0BAE.e.7000"},"getText",[]]}
RESULT: {"script":"<script> [6424 bytes]","args":[{"element-6066-11e4-a52e-4f735466cecf":"f.07281D0795E18F1137881718A79AE278.d.B181617D5ECBEB1E43032FD5477E0BAE.e.7000"},"getText",[]]}
COMMAND: POST /session/b650fd7e5e1a135de288473492e14b1e/execute/async - {"script":"<script> [1562 bytes]","args":[{"selector":{"controlType":"sap.ui.core.Icon","viewName":"etm.portal.ui.managehandovers.view.MasterHO","properties":{"src":{"regex":{"source":"slim\\-arrow\\-right"}}}},"wdio_ui5_key":"etmportal.ui.managehandovers.view.MasterHOsap.ui.core.Icon{\"src\":{\"regex\":{\"source\":\"slim\\\\-arrow\\\\-right\"}}}"}]}
RESULT: {"script":"<script> [1562 bytes]","args":[{"selector":{"controlType":"sap.ui.core.Icon","viewName":"etm.portal.ui.managehandovers.view.MasterHO","properties":{"src":{"regex":{"source":"slim\\-arrow\\-right"}}}},"wdio_ui5_key":"etmportal.ui.managehandovers.view.MasterHOsap.ui.core.Icon{\"src\":{\"regex\":{\"source\":\"slim\\\\-arrow\\\\-right\"}}}"}]}
RESULT: undefined
COMMAND: POST /session/b650fd7e5e1a135de288473492e14b1e/element - {"using":"xpath","value":"//*[@id=\"__item32-__clone16-imgNav\"]"}
RESULT: {"using":"xpath","value":"//*[@id=\"__item32-__clone16-imgNav\"]"}
COMMAND: POST /session/b650fd7e5e1a135de288473492e14b1e/element/f.07281D0795E18F1137881718A79AE278.d.B181617D5ECBEB1E43032FD5477E0BAE.e.6998/click - {}
RESULT: {}
COMMAND: GET /session/b650fd7e5e1a135de288473492e14b1e/screenshot - {}
RESULT: {}
COMMAND: POST /session/b650fd7e5e1a135de288473492e14b1e/execute/async - {"script":"<script> [1562 bytes]","args":[{"selector":{"controlType":"sap.m.ObjectStatus","viewName":"etm.portal.ui.managehandovers.view.DetailManageHO","viewId":"application-managehandovers-display-component---detailManageHO","labelFor":{"text":"Status"}},"wdio_ui5_key":"etmportal.ui.managehandovers.view.DetailManageHOsap.m.ObjectStatus{\"text\":\"Status\"}"}]}
RESULT: {"script":"<script> [1562 bytes]","args":[{"selector":{"controlType":"sap.m.ObjectStatus","viewName":"etm.portal.ui.managehandovers.view.DetailManageHO","viewId":"application-managehandovers-display-component---detailManageHO","labelFor":{"text":"Status"}},"wdio_ui5_key":"etmportal.ui.managehandovers.view.DetailManageHOsap.m.ObjectStatus{\"text\":\"Status\"}"}]}
RESULT: undefined
COMMAND: POST /session/b650fd7e5e1a135de288473492e14b1e/execute/async - {"script":"<script> [6424 bytes]","args":[{"element-6066-11e4-a52e-4f735466cecf":"f.07281D0795E18F1137881718A79AE278.d.B181617D5ECBEB1E43032FD5477E0BAE.e.7086"},"getText",[]]}
RESULT: {"script":"<script> [6424 bytes]","args":[{"element-6066-11e4-a52e-4f735466cecf":"f.07281D0795E18F1137881718A79AE278.d.B181617D5ECBEB1E43032FD5477E0BAE.e.7086"},"getText",[]]}
COMMAND: POST /session/b650fd7e5e1a135de288473492e14b1e/element - {"using":"xpath","value":"//a[contains(@data-kt ,\"GeneralSectionReceiveContracttLink\")]"}
RESULT: {"using":"xpath","value":"//a[contains(@data-kt ,\"GeneralSectionReceiveContracttLink\")]"}
COMMAND: POST /session/b650fd7e5e1a135de288473492e14b1e/element/f.07281D0795E18F1137881718A79AE278.d.B181617D5ECBEB1E43032FD5477E0BAE.e.7088/click - {}
RESULT: {}
COMMAND: GET /session/b650fd7e5e1a135de288473492e14b1e/screenshot - {}
RESULT: {}
COMMAND: POST /session/b650fd7e5e1a135de288473492e14b1e/element - {"using":"xpath","value":"//a[contains(@data-kt ,\"ContextMenuId2Link\")]"}
RESULT: {"using":"xpath","value":"//a[contains(@data-kt ,\"ContextMenuId2Link\")]"}
COMMAND: POST /session/b650fd7e5e1a135de288473492e14b1e/element/f.07281D0795E18F1137881718A79AE278.d.B181617D5ECBEB1E43032FD5477E0BAE.e.7091/click - {}
RESULT: {}
COMMAND: GET /session/b650fd7e5e1a135de288473492e14b1e/screenshot - {}
RESULT: {}
RESULT: undefined
COMMAND: POST /session/b650fd7e5e1a135de288473492e14b1e/execute/async - {"script":"<script> [1562 bytes]","args":[{"selector":{"controlType":"sap.m.ObjectStatus","viewName":"etm.portal.ui.managecontracts.view.Detail","bindingPath":{"propertyPath":"LINK_TO_LOGISTICAL_STATUS/DESCRIPTION","modelName":"catalogModel"}},"wdio_ui5_key":"etmportal.ui.managecontracts.view.Detailsap.m.ObjectStatus{\"propertyPath\":\"LINK_TO_LOGISTICAL_STATUS/DESCRIPTION\",\"modelName\":\"catalogModel\"}"}]}
RESULT: {"script":"<script> [1562 bytes]","args":[{"selector":{"controlType":"sap.m.ObjectStatus","viewName":"etm.portal.ui.managecontracts.view.Detail","bindingPath":{"propertyPath":"LINK_TO_LOGISTICAL_STATUS/DESCRIPTION","modelName":"catalogModel"}},"wdio_ui5_key":"etmportal.ui.managecontracts.view.Detailsap.m.ObjectStatus{\"propertyPath\":\"LINK_TO_LOGISTICAL_STATUS/DESCRIPTION\",\"modelName\":\"catalogModel\"}"}]}
RESULT: undefined
COMMAND: POST /session/b650fd7e5e1a135de288473492e14b1e/execute/async - {"script":"<script> [6424 bytes]","args":[{"element-6066-11e4-a52e-4f735466cecf":"f.07281D0795E18F1137881718A79AE278.d.B181617D5ECBEB1E43032FD5477E0BAE.e.7290"},"getText",[]]}
RESULT: {"script":"<script> [6424 bytes]","args":[{"element-6066-11e4-a52e-4f735466cecf":"f.07281D0795E18F1137881718A79AE278.d.B181617D5ECBEB1E43032FD5477E0BAE.e.7290"},"getText",[]]}
COMMAND: POST /session/b650fd7e5e1a135de288473492e14b1e/execute/async - {"script":"<script> [1562 bytes]","args":[{"selector":{"controlType":"sap.m.ObjectStatus","viewName":"etm.portal.ui.managecontracts.view.Detail","bindingPath":{"propertyPath":"LINK_TO_COMMERCIAL_STATUS/DESCRIPTION","modelName":"catalogModel"}},"wdio_ui5_key":"etmportal.ui.managecontracts.view.Detailsap.m.ObjectStatus{\"propertyPath\":\"LINK_TO_COMMERCIAL_STATUS/DESCRIPTION\",\"modelName\":\"catalogModel\"}"}]}
RESULT: {"script":"<script> [1562 bytes]","args":[{"selector":{"controlType":"sap.m.ObjectStatus","viewName":"etm.portal.ui.managecontracts.view.Detail","bindingPath":{"propertyPath":"LINK_TO_COMMERCIAL_STATUS/DESCRIPTION","modelName":"catalogModel"}},"wdio_ui5_key":"etmportal.ui.managecontracts.view.Detailsap.m.ObjectStatus{\"propertyPath\":\"LINK_TO_COMMERCIAL_STATUS/DESCRIPTION\",\"modelName\":\"catalogModel\"}"}]}
RESULT: undefined
COMMAND: POST /session/b650fd7e5e1a135de288473492e14b1e/execute/async - {"script":"<script> [6424 bytes]","args":[{"element-6066-11e4-a52e-4f735466cecf":"f.07281D0795E18F1137881718A79AE278.d.B181617D5ECBEB1E43032FD5477E0BAE.e.7291"},"getText",[]]}
RESULT: {"script":"<script> [6424 bytes]","args":[{"element-6066-11e4-a52e-4f735466cecf":"f.07281D0795E18F1137881718A79AE278.d.B181617D5ECBEB1E43032FD5477E0BAE.e.7291"},"getText",[]]}
]]></system-out>
    </testcase>
    <testcase classname="chrome.135_0_7049_42.windows.E2E_-_Logistical_and_commercial_statuses" name="It should follow the handover steps to the status fully returned" time="190.451">
      <system-out><![CDATA[
COMMAND: POST /session/b650fd7e5e1a135de288473492e14b1e/execute/async - {"script":"<script> [1562 bytes]","args":[{"selector":{"id":"contractDetailReturnButton","viewName":"etm.portal.ui.managecontracts.view.Detail","interaction":{"idSuffix":"BDI-content"}},"wdio_ui5_key":"contractDetailReturnButtonetmportal.ui.managecontracts.view.Detail"}]}
RESULT: {"script":"<script> [1562 bytes]","args":[{"selector":{"id":"contractDetailReturnButton","viewName":"etm.portal.ui.managecontracts.view.Detail","interaction":{"idSuffix":"BDI-content"}},"wdio_ui5_key":"contractDetailReturnButtonetmportal.ui.managecontracts.view.Detail"}]}
RESULT: undefined
COMMAND: POST /session/b650fd7e5e1a135de288473492e14b1e/element - {"using":"xpath","value":"//*[@id=\"__xmlview2--contractDetailReturnButton\"]"}
RESULT: {"using":"xpath","value":"//*[@id=\"__xmlview2--contractDetailReturnButton\"]"}
COMMAND: POST /session/b650fd7e5e1a135de288473492e14b1e/element/f.07281D0795E18F1137881718A79AE278.d.B181617D5ECBEB1E43032FD5477E0BAE.e.7192/click - {}
RESULT: {}
COMMAND: POST /session/b650fd7e5e1a135de288473492e14b1e/execute/async - {"script":"<script> [1562 bytes]","args":[{"selector":{"id":"application-managehandovers-display-component---AddNewHO--dueDate","interaction":{"idSuffix":"inner"}},"wdio_ui5_key":"applicationmanagehandovers-display-component---AddNewHO--dueDate"}]}
COMMAND: GET /session/b650fd7e5e1a135de288473492e14b1e/screenshot - {}
RESULT: undefined
RESULT: undefined
RESULT: {"script":"<script> [1562 bytes]","args":[{"selector":{"id":"application-managehandovers-display-component---AddNewHO--dueDate","interaction":{"idSuffix":"inner"}},"wdio_ui5_key":"applicationmanagehandovers-display-component---AddNewHO--dueDate"}]}
RESULT: undefined
COMMAND: POST /session/b650fd7e5e1a135de288473492e14b1e/execute/async - {"script":"<script> [776 bytes]","args":[{"enterText":"04/12/25","selector":{"id":"application-managehandovers-display-component---AddNewHO--dueDate","interaction":{"idSuffix":"inner"}},"clearTextFirst":true,"interactionType":"ENTER_TEXT"}]}
RESULT: {}
RESULT: {"script":"<script> [776 bytes]","args":[{"enterText":"04/12/25","selector":{"id":"application-managehandovers-display-component---AddNewHO--dueDate","interaction":{"idSuffix":"inner"}},"clearTextFirst":true,"interactionType":"ENTER_TEXT"}]}
COMMAND: POST /session/b650fd7e5e1a135de288473492e14b1e/element - {"using":"xpath","value":"//bdi[contains(@id ,\"application-managehandovers-display-component---AddNewHO--ObjectPageLayout-anchBar-application-managehandovers-display-component---AddNewHO--section4-anchor-BDI-content\")]"}
RESULT: {"using":"xpath","value":"//bdi[contains(@id ,\"application-managehandovers-display-component---AddNewHO--ObjectPageLayout-anchBar-application-managehandovers-display-component---AddNewHO--section4-anchor-BDI-content\")]"}
COMMAND: POST /session/b650fd7e5e1a135de288473492e14b1e/element/f.07281D0795E18F1137881718A79AE278.d.B181617D5ECBEB1E43032FD5477E0BAE.e.7442/click - {}
RESULT: {}
COMMAND: GET /session/b650fd7e5e1a135de288473492e14b1e/screenshot - {}
RESULT: {}
COMMAND: POST /session/b650fd7e5e1a135de288473492e14b1e/element - {"using":"xpath","value":"//button[contains(@data-kt ,\"AddNewHOProvideAddItemsButton\")]"}
RESULT: {"using":"xpath","value":"//button[contains(@data-kt ,\"AddNewHOProvideAddItemsButton\")]"}
COMMAND: POST /session/b650fd7e5e1a135de288473492e14b1e/element/f.07281D0795E18F1137881718A79AE278.d.B181617D5ECBEB1E43032FD5477E0BAE.e.7447/click - {}
RESULT: {}
COMMAND: GET /session/b650fd7e5e1a135de288473492e14b1e/screenshot - {}
RESULT: {}
COMMAND: POST /session/b650fd7e5e1a135de288473492e14b1e/execute/async - {"script":"<script> [1562 bytes]","args":[{"selector":{"id":"application-managehandovers-display-component---AddNewHO--popup-sa","searchOpenDialogs":true,"interaction":{"idSuffix":"CbBg"}},"wdio_ui5_key":"applicationmanagehandovers-display-component---AddNewHO--popup-sa"}]}
RESULT: {"script":"<script> [1562 bytes]","args":[{"selector":{"id":"application-managehandovers-display-component---AddNewHO--popup-sa","searchOpenDialogs":true,"interaction":{"idSuffix":"CbBg"}},"wdio_ui5_key":"applicationmanagehandovers-display-component---AddNewHO--popup-sa"}]}
RESULT: undefined
COMMAND: POST /session/b650fd7e5e1a135de288473492e14b1e/element - {"using":"xpath","value":"//*[@id=\"application-managehandovers-display-component---AddNewHO--popup-sa\"]"}
RESULT: {"using":"xpath","value":"//*[@id=\"application-managehandovers-display-component---AddNewHO--popup-sa\"]"}
COMMAND: POST /session/b650fd7e5e1a135de288473492e14b1e/element/f.07281D0795E18F1137881718A79AE278.d.B181617D5ECBEB1E43032FD5477E0BAE.e.7463/click - {}
RESULT: {}
COMMAND: POST /session/b650fd7e5e1a135de288473492e14b1e/execute/async - {"script":"<script> [1562 bytes]","args":[{"selector":{"controlType":"sap.m.Button","viewName":"etm.portal.ui.managehandovers.view.AddNewHO","viewId":"application-managehandovers-display-component---AddNewHO","i18NText":{"propertyName":"text","key":"select"},"searchOpenDialogs":true,"interaction":{"idSuffix":"BDI-content"}},"wdio_ui5_key":"etmportal.ui.managehandovers.view.AddNewHOsap.m.Button{\"propertyName\":\"text\",\"key\":\"select\"}"}]}
COMMAND: GET /session/b650fd7e5e1a135de288473492e14b1e/screenshot - {}
RESULT: {"script":"<script> [1562 bytes]","args":[{"selector":{"controlType":"sap.m.Button","viewName":"etm.portal.ui.managehandovers.view.AddNewHO","viewId":"application-managehandovers-display-component---AddNewHO","i18NText":{"propertyName":"text","key":"select"},"searchOpenDialogs":true,"interaction":{"idSuffix":"BDI-content"}},"wdio_ui5_key":"etmportal.ui.managehandovers.view.AddNewHOsap.m.Button{\"propertyName\":\"text\",\"key\":\"select\"}"}]}
RESULT: undefined
COMMAND: POST /session/b650fd7e5e1a135de288473492e14b1e/element - {"using":"xpath","value":"//*[@id=\"__button60\"]"}
RESULT: {}
RESULT: {"using":"xpath","value":"//*[@id=\"__button60\"]"}
COMMAND: POST /session/b650fd7e5e1a135de288473492e14b1e/element/f.07281D0795E18F1137881718A79AE278.d.B181617D5ECBEB1E43032FD5477E0BAE.e.7466/click - {}
RESULT: {}
COMMAND: GET /session/b650fd7e5e1a135de288473492e14b1e/screenshot - {}
RESULT: {}
COMMAND: POST /session/b650fd7e5e1a135de288473492e14b1e/execute/async - {"script":"<script> [1562 bytes]","args":[{"selector":{"id":"application-managehandovers-display-component---AddNewHO--confirmCreationButton","interaction":{"idSuffix":"BDI-content"}},"wdio_ui5_key":"applicationmanagehandovers-display-component---AddNewHO--confirmCreationButton"}]}
RESULT: {"script":"<script> [1562 bytes]","args":[{"selector":{"id":"application-managehandovers-display-component---AddNewHO--confirmCreationButton","interaction":{"idSuffix":"BDI-content"}},"wdio_ui5_key":"applicationmanagehandovers-display-component---AddNewHO--confirmCreationButton"}]}
RESULT: undefined
COMMAND: POST /session/b650fd7e5e1a135de288473492e14b1e/element - {"using":"xpath","value":"//*[@id=\"application-managehandovers-display-component---AddNewHO--confirmCreationButton\"]"}
RESULT: {"using":"xpath","value":"//*[@id=\"application-managehandovers-display-component---AddNewHO--confirmCreationButton\"]"}
COMMAND: POST /session/b650fd7e5e1a135de288473492e14b1e/element/f.07281D0795E18F1137881718A79AE278.d.B181617D5ECBEB1E43032FD5477E0BAE.e.7476/click - {}
RESULT: {}
COMMAND: GET /session/b650fd7e5e1a135de288473492e14b1e/screenshot - {}
RESULT: {}
COMMAND: POST /session/b650fd7e5e1a135de288473492e14b1e/execute/async - {"script":"<script> [1562 bytes]","args":[{"selector":{"controlType":"sap.m.Text","viewName":"etm.portal.ui.managehandovers.view.DetailExecuteHO","bindingPath":{"propertyPath":"NO","modelName":"catalogModel"}},"wdio_ui5_key":"etmportal.ui.managehandovers.view.DetailExecuteHOsap.m.Text{\"propertyPath\":\"NO\",\"modelName\":\"catalogModel\"}"}]}
RESULT: {"script":"<script> [1562 bytes]","args":[{"selector":{"controlType":"sap.m.Text","viewName":"etm.portal.ui.managehandovers.view.DetailExecuteHO","bindingPath":{"propertyPath":"NO","modelName":"catalogModel"}},"wdio_ui5_key":"etmportal.ui.managehandovers.view.DetailExecuteHOsap.m.Text{\"propertyPath\":\"NO\",\"modelName\":\"catalogModel\"}"}]}
RESULT: undefined
COMMAND: POST /session/b650fd7e5e1a135de288473492e14b1e/execute/async - {"script":"<script> [6424 bytes]","args":[{"element-6066-11e4-a52e-4f735466cecf":"f.07281D0795E18F1137881718A79AE278.d.B181617D5ECBEB1E43032FD5477E0BAE.e.7524"},"getText",[]]}
RESULT: {"script":"<script> [6424 bytes]","args":[{"element-6066-11e4-a52e-4f735466cecf":"f.07281D0795E18F1137881718A79AE278.d.B181617D5ECBEB1E43032FD5477E0BAE.e.7524"},"getText",[]]}
COMMAND: POST /session/b650fd7e5e1a135de288473492e14b1e/element - {"using":"xpath","value":"//a[contains(@data-kt ,\"GeneralSectionSendContractLink\")]"}
RESULT: {"using":"xpath","value":"//a[contains(@data-kt ,\"GeneralSectionSendContractLink\")]"}
COMMAND: POST /session/b650fd7e5e1a135de288473492e14b1e/element/f.07281D0795E18F1137881718A79AE278.d.B181617D5ECBEB1E43032FD5477E0BAE.e.7525/click - {}
RESULT: {}
COMMAND: GET /session/b650fd7e5e1a135de288473492e14b1e/screenshot - {}
RESULT: {}
COMMAND: POST /session/b650fd7e5e1a135de288473492e14b1e/element - {"using":"xpath","value":"//a[contains(@data-kt ,\"ContextMenuId2Link\")]"}
RESULT: {"using":"xpath","value":"//a[contains(@data-kt ,\"ContextMenuId2Link\")]"}
COMMAND: POST /session/b650fd7e5e1a135de288473492e14b1e/elements - {"using":"xpath","value":"//a[contains(@data-kt ,\"ContextMenuId2Link\")]"}
RESULT: {"using":"xpath","value":"//a[contains(@data-kt ,\"ContextMenuId2Link\")]"}
COMMAND: POST /session/b650fd7e5e1a135de288473492e14b1e/element/f.07281D0795E18F1137881718A79AE278.d.B181617D5ECBEB1E43032FD5477E0BAE.e.7529/click - {}
RESULT: {}
COMMAND: GET /session/b650fd7e5e1a135de288473492e14b1e/screenshot - {}
RESULT: {}
RESULT: undefined
RESULT: undefined
COMMAND: POST /session/b650fd7e5e1a135de288473492e14b1e/execute/async - {"script":"<script> [1562 bytes]","args":[{"selector":{"controlType":"sap.m.Link","viewName":"etm.portal.ui.managehandovers.view.DetailExecuteHO","properties":{"text":"Contract Overview"},"searchOpenDialogs":true},"wdio_ui5_key":"etmportal.ui.managehandovers.view.DetailExecuteHOsap.m.Link{\"text\":\"Contract Overview\"}"}]}
RESULT: {"script":"<script> [1562 bytes]","args":[{"selector":{"controlType":"sap.m.Link","viewName":"etm.portal.ui.managehandovers.view.DetailExecuteHO","properties":{"text":"Contract Overview"},"searchOpenDialogs":true},"wdio_ui5_key":"etmportal.ui.managehandovers.view.DetailExecuteHOsap.m.Link{\"text\":\"Contract Overview\"}"}]}
RESULT: undefined
RESULT: undefined
COMMAND: POST /session/b650fd7e5e1a135de288473492e14b1e/execute/async - {"script":"<script> [6424 bytes]","args":[{"element-6066-11e4-a52e-4f735466cecf":"f.07281D0795E18F1137881718A79AE278.d.B181617D5ECBEB1E43032FD5477E0BAE.e.7290"},"getText",[]]}
COMMAND: POST /session/b650fd7e5e1a135de288473492e14b1e/execute/async - {"script":"<script> [1562 bytes]","args":[{"selector":{"controlType":"sap.m.ObjectStatus","viewName":"etm.portal.ui.managecontracts.view.Detail","bindingPath":{"propertyPath":"LINK_TO_LOGISTICAL_STATUS/DESCRIPTION","modelName":"catalogModel"}},"wdio_ui5_key":"etmportal.ui.managecontracts.view.Detailsap.m.ObjectStatus{\"propertyPath\":\"LINK_TO_LOGISTICAL_STATUS/DESCRIPTION\",\"modelName\":\"catalogModel\"}"}]}
RESULT: {"script":"<script> [1562 bytes]","args":[{"selector":{"controlType":"sap.m.ObjectStatus","viewName":"etm.portal.ui.managecontracts.view.Detail","bindingPath":{"propertyPath":"LINK_TO_LOGISTICAL_STATUS/DESCRIPTION","modelName":"catalogModel"}},"wdio_ui5_key":"etmportal.ui.managecontracts.view.Detailsap.m.ObjectStatus{\"propertyPath\":\"LINK_TO_LOGISTICAL_STATUS/DESCRIPTION\",\"modelName\":\"catalogModel\"}"}]}
COMMAND: POST /session/b650fd7e5e1a135de288473492e14b1e/execute/async - {"script":"<script> [6424 bytes]","args":[{"element-6066-11e4-a52e-4f735466cecf":"f.07281D0795E18F1137881718A79AE278.d.B181617D5ECBEB1E43032FD5477E0BAE.e.7756"},"getText",[]]}
RESULT: {"script":"<script> [6424 bytes]","args":[{"element-6066-11e4-a52e-4f735466cecf":"f.07281D0795E18F1137881718A79AE278.d.B181617D5ECBEB1E43032FD5477E0BAE.e.7756"},"getText",[]]}
RESULT: undefined
COMMAND: POST /session/b650fd7e5e1a135de288473492e14b1e/execute/async - {"script":"<script> [6424 bytes]","args":[{"element-6066-11e4-a52e-4f735466cecf":"f.07281D0795E18F1137881718A79AE278.d.B181617D5ECBEB1E43032FD5477E0BAE.e.7291"},"getText",[]]}
COMMAND: POST /session/b650fd7e5e1a135de288473492e14b1e/execute/async - {"script":"<script> [1562 bytes]","args":[{"selector":{"controlType":"sap.m.ObjectStatus","viewName":"etm.portal.ui.managecontracts.view.Detail","bindingPath":{"propertyPath":"LINK_TO_COMMERCIAL_STATUS/DESCRIPTION","modelName":"catalogModel"}},"wdio_ui5_key":"etmportal.ui.managecontracts.view.Detailsap.m.ObjectStatus{\"propertyPath\":\"LINK_TO_COMMERCIAL_STATUS/DESCRIPTION\",\"modelName\":\"catalogModel\"}"}]}
RESULT: {"script":"<script> [1562 bytes]","args":[{"selector":{"controlType":"sap.m.ObjectStatus","viewName":"etm.portal.ui.managecontracts.view.Detail","bindingPath":{"propertyPath":"LINK_TO_COMMERCIAL_STATUS/DESCRIPTION","modelName":"catalogModel"}},"wdio_ui5_key":"etmportal.ui.managecontracts.view.Detailsap.m.ObjectStatus{\"propertyPath\":\"LINK_TO_COMMERCIAL_STATUS/DESCRIPTION\",\"modelName\":\"catalogModel\"}"}]}
COMMAND: POST /session/b650fd7e5e1a135de288473492e14b1e/execute/async - {"script":"<script> [6424 bytes]","args":[{"element-6066-11e4-a52e-4f735466cecf":"f.07281D0795E18F1137881718A79AE278.d.B181617D5ECBEB1E43032FD5477E0BAE.e.7757"},"getText",[]]}
RESULT: {"script":"<script> [6424 bytes]","args":[{"element-6066-11e4-a52e-4f735466cecf":"f.07281D0795E18F1137881718A79AE278.d.B181617D5ECBEB1E43032FD5477E0BAE.e.7757"},"getText",[]]}
COMMAND: POST /session/b650fd7e5e1a135de288473492e14b1e/execute/async - {"script":"<script> [1562 bytes]","args":[{"selector":{"id":"backBtn"},"wdio_ui5_key":"backBtn"}]}
RESULT: {"script":"<script> [1562 bytes]","args":[{"selector":{"id":"backBtn"},"wdio_ui5_key":"backBtn"}]}
RESULT: undefined
COMMAND: POST /session/b650fd7e5e1a135de288473492e14b1e/element - {"using":"xpath","value":"//*[@id=\"backBtn\"]"}
RESULT: {"using":"xpath","value":"//*[@id=\"backBtn\"]"}
COMMAND: POST /session/b650fd7e5e1a135de288473492e14b1e/element/f.07281D0795E18F1137881718A79AE278.d.B181617D5ECBEB1E43032FD5477E0BAE.e.7758/click - {}
RESULT: {}
COMMAND: GET /session/b650fd7e5e1a135de288473492e14b1e/screenshot - {}
RESULT: {}
COMMAND: POST /session/b650fd7e5e1a135de288473492e14b1e/execute/async - {"script":"<script> [1562 bytes]","args":[{"selector":{"controlType":"sap.m.Button","viewName":"etm.portal.ui.managehandovers.view.DetailExecuteHO","i18NText":{"propertyName":"text","key":"confirmAll"},"interaction":{"idSuffix":"BDI-content"}},"wdio_ui5_key":"etmportal.ui.managehandovers.view.DetailExecuteHOsap.m.Button{\"propertyName\":\"text\",\"key\":\"confirmAll\"}"}]}
RESULT: {"script":"<script> [1562 bytes]","args":[{"selector":{"controlType":"sap.m.Button","viewName":"etm.portal.ui.managehandovers.view.DetailExecuteHO","i18NText":{"propertyName":"text","key":"confirmAll"},"interaction":{"idSuffix":"BDI-content"}},"wdio_ui5_key":"etmportal.ui.managehandovers.view.DetailExecuteHOsap.m.Button{\"propertyName\":\"text\",\"key\":\"confirmAll\"}"}]}
RESULT: undefined
COMMAND: POST /session/b650fd7e5e1a135de288473492e14b1e/element - {"using":"xpath","value":"//*[@id=\"__button143\"]"}
RESULT: {"using":"xpath","value":"//*[@id=\"__button143\"]"}
COMMAND: POST /session/b650fd7e5e1a135de288473492e14b1e/element/f.07281D0795E18F1137881718A79AE278.d.B181617D5ECBEB1E43032FD5477E0BAE.e.7924/click - {}
RESULT: {}
COMMAND: POST /session/b650fd7e5e1a135de288473492e14b1e/execute/async - {"script":"<script> [1562 bytes]","args":[{"selector":{"controlType":"sap.m.Button","properties":{"text":"OK"},"searchOpenDialogs":true,"interaction":{"idSuffix":"BDI-content"}},"wdio_ui5_key":"sapm.Button{\"text\":\"OK\"}"}]}
COMMAND: GET /session/b650fd7e5e1a135de288473492e14b1e/screenshot - {}
RESULT: {"script":"<script> [1562 bytes]","args":[{"selector":{"controlType":"sap.m.Button","properties":{"text":"OK"},"searchOpenDialogs":true,"interaction":{"idSuffix":"BDI-content"}},"wdio_ui5_key":"sapm.Button{\"text\":\"OK\"}"}]}
RESULT: undefined
COMMAND: POST /session/b650fd7e5e1a135de288473492e14b1e/element - {"using":"xpath","value":"//*[@id=\"__mbox-btn-0\"]"}
RESULT: {}
RESULT: {"using":"xpath","value":"//*[@id=\"__mbox-btn-0\"]"}
COMMAND: POST /session/b650fd7e5e1a135de288473492e14b1e/element/f.07281D0795E18F1137881718A79AE278.d.B181617D5ECBEB1E43032FD5477E0BAE.e.7926/click - {}
RESULT: {}
COMMAND: GET /session/b650fd7e5e1a135de288473492e14b1e/screenshot - {}
RESULT: {}
COMMAND: POST /session/b650fd7e5e1a135de288473492e14b1e/element - {"using":"xpath","value":"//button[contains(@data-kt ,\"execHoIssueFooterButton\")]"}
RESULT: {"using":"xpath","value":"//button[contains(@data-kt ,\"execHoIssueFooterButton\")]"}
COMMAND: POST /session/b650fd7e5e1a135de288473492e14b1e/element/f.07281D0795E18F1137881718A79AE278.d.B181617D5ECBEB1E43032FD5477E0BAE.e.7929/click - {}
RESULT: {}
COMMAND: GET /session/b650fd7e5e1a135de288473492e14b1e/screenshot - {}
RESULT: {}
COMMAND: POST /session/b650fd7e5e1a135de288473492e14b1e/refresh - {}
RESULT: {}
COMMAND: GET /session/b650fd7e5e1a135de288473492e14b1e/screenshot - {}
RESULT: {}
COMMAND: POST /session/b650fd7e5e1a135de288473492e14b1e/execute/async - {"script":"<script> [189 bytes]","args":[]}
RESULT: {"script":"<script> [189 bytes]","args":[]}
COMMAND: POST /session/b650fd7e5e1a135de288473492e14b1e/execute/async - {"script":"<script> [123 bytes]","args":[]}
RESULT: {"script":"<script> [123 bytes]","args":[]}
COMMAND: POST /session/b650fd7e5e1a135de288473492e14b1e/timeouts - {"script":"<number>"}
RESULT: {"script":"<number>"}
COMMAND: GET /session/b650fd7e5e1a135de288473492e14b1e/timeouts - {}
RESULT: {}
RESULT: undefined
COMMAND: POST /session/b650fd7e5e1a135de288473492e14b1e/execute/async - {"script":"<script> [2676 bytes]","args":[]}
RESULT: {"script":"<script> [2676 bytes]","args":[]}
COMMAND: POST /session/b650fd7e5e1a135de288473492e14b1e/execute/async - {"script":"<script> [2342 bytes]","args":[{"protocol":"http","hostname":"0.0.0.0","path":"/","capabilities":{"browserName":"chrome","goog:chromeOptions":{"binary":"C:\\Program Files\\Google\\Chrome\\Application\\chrome.exe"}},"logLevel":"warn","connectionRetryTimeout":120000,"connectionRetryCount":3,"logLevels":{},"enableDirectConnect":true,"strictSSL":true,"_":"65 more keys: [\"cacheDir\",\"port\",\"requestedCapabilities\",\"automationProtocol\",\"baseUrl\",\"waitforInterval\",\"waitforTimeout\",\"onReload\",\"beforeCommand\",\"afterCommand\",\"rootDir\",\"specs\",\"suites\",\"exclude\",\"groupLogsByTestSpec\",\"excludeDriverLogs\",\"bail\",\"framework\",\"reporters\",\"services\",\"maxInstances\",\"maxInstancesPerCapability\",\"injectGlobals\",\"filesToWatch\",\"execArgv\",\"runnerEnv\",\"runner\",\"shard\",\"specFileRetries\",\"specFileRetriesDelay\",\"specFileRetriesDeferred\",\"reporterSyncInterval\",\"reporterSyncTimeout\",\"cucumberFeaturesWithLineNumbers\",\"autoCompileOpts\",\"mochaOpts\",\"jasmineOpts\",\"cucumberOpts\",\"onPrepare\",\"onWorkerStart\",\"onWorkerEnd\",\"before\",\"beforeSession\",\"beforeSuite\",\"beforeHook\",\"beforeTest\",\"afterTest\",\"afterHook\",\"afterSuite\",\"afterSession\",\"after\",\"onComplete\",\"beforeAssertion\",\"afterAssertion\",\"beforeFeature\",\"beforeScenario\",\"beforeStep\",\"afterStep\",\"afterScenario\",\"afterFeature\",\"_\",\"suite\",\"$0\",\"ignoredWorkerServices\",\"wdi5\"]"}]}
RESULT: {"script":"<script> [2342 bytes]","args":[{"protocol":"http","hostname":"0.0.0.0","path":"/","capabilities":{"browserName":"chrome","goog:chromeOptions":{"binary":"C:\\Program Files\\Google\\Chrome\\Application\\chrome.exe"}},"logLevel":"warn","connectionRetryTimeout":120000,"connectionRetryCount":3,"logLevels":{},"enableDirectConnect":true,"strictSSL":true,"_":"65 more keys: [\"cacheDir\",\"port\",\"requestedCapabilities\",\"automationProtocol\",\"baseUrl\",\"waitforInterval\",\"waitforTimeout\",\"onReload\",\"beforeCommand\",\"afterCommand\",\"rootDir\",\"specs\",\"suites\",\"exclude\",\"groupLogsByTestSpec\",\"excludeDriverLogs\",\"bail\",\"framework\",\"reporters\",\"services\",\"maxInstances\",\"maxInstancesPerCapability\",\"injectGlobals\",\"filesToWatch\",\"execArgv\",\"runnerEnv\",\"runner\",\"shard\",\"specFileRetries\",\"specFileRetriesDelay\",\"specFileRetriesDeferred\",\"reporterSyncInterval\",\"reporterSyncTimeout\",\"cucumberFeaturesWithLineNumbers\",\"autoCompileOpts\",\"mochaOpts\",\"jasmineOpts\",\"cucumberOpts\",\"onPrepare\",\"onWorkerStart\",\"onWorkerEnd\",\"before\",\"beforeSession\",\"beforeSuite\",\"beforeHook\",\"beforeTest\",\"afterTest\",\"afterHook\",\"afterSuite\",\"afterSession\",\"after\",\"onComplete\",\"beforeAssertion\",\"afterAssertion\",\"beforeFeature\",\"beforeScenario\",\"beforeStep\",\"afterStep\",\"afterScenario\",\"afterFeature\",\"_\",\"suite\",\"$0\",\"ignoredWorkerServices\",\"wdi5\"]"}]}
COMMAND: POST /session/b650fd7e5e1a135de288473492e14b1e/execute/async - {"script":"<script> [21126 bytes]","args":[35000]}
RESULT: {"script":"<script> [21126 bytes]","args":[35000]}
COMMAND: POST /session/b650fd7e5e1a135de288473492e14b1e/execute/async - {"script":"<script> [1562 bytes]","args":[{"selector":{"controlType":"sap.m.SearchField","viewName":"etm.portal.ui.managehandovers.view.MasterHO","bindingPath":{"path":"","propertyPath":"/_BASIC_SEARCH_FIELD","modelName":"fi1t3rM0d31"},"interaction":{"idSuffix":"I"}},"wdio_ui5_key":"etmportal.ui.managehandovers.view.MasterHOsap.m.SearchField{\"path\":\"\",\"propertyPath\":\"/_BASIC_SEARCH_FIELD\",\"modelName\":\"fi1t3rM0d31\"}"}]}
RESULT: {"script":"<script> [1562 bytes]","args":[{"selector":{"controlType":"sap.m.SearchField","viewName":"etm.portal.ui.managehandovers.view.MasterHO","bindingPath":{"path":"","propertyPath":"/_BASIC_SEARCH_FIELD","modelName":"fi1t3rM0d31"},"interaction":{"idSuffix":"I"}},"wdio_ui5_key":"etmportal.ui.managehandovers.view.MasterHOsap.m.SearchField{\"path\":\"\",\"propertyPath\":\"/_BASIC_SEARCH_FIELD\",\"modelName\":\"fi1t3rM0d31\"}"}]}
RESULT: undefined
COMMAND: POST /session/b650fd7e5e1a135de288473492e14b1e/execute/async - {"script":"<script> [776 bytes]","args":[{"enterText":"30251","selector":{"controlType":"sap.m.SearchField","viewName":"etm.portal.ui.managehandovers.view.MasterHO","bindingPath":{"path":"","propertyPath":"/_BASIC_SEARCH_FIELD","modelName":"fi1t3rM0d31"},"interaction":{"idSuffix":"I"}},"clearTextFirst":true,"interactionType":"ENTER_TEXT"}]}
RESULT: {"script":"<script> [776 bytes]","args":[{"enterText":"30251","selector":{"controlType":"sap.m.SearchField","viewName":"etm.portal.ui.managehandovers.view.MasterHO","bindingPath":{"path":"","propertyPath":"/_BASIC_SEARCH_FIELD","modelName":"fi1t3rM0d31"},"interaction":{"idSuffix":"I"}},"clearTextFirst":true,"interactionType":"ENTER_TEXT"}]}
COMMAND: POST /session/b650fd7e5e1a135de288473492e14b1e/actions - {"actions":[{"id":"action21","type":"key","parameters":{},"actions":[{"type":"keyDown","value":""},{"type":"pause","duration":10},{"type":"keyUp","value":""}]}]}
RESULT: {"actions":[{"id":"action21","type":"key","parameters":{},"actions":[{"type":"keyDown","value":""},{"type":"pause","duration":10},{"type":"keyUp","value":""}]}]}
COMMAND: GET /session/b650fd7e5e1a135de288473492e14b1e/screenshot - {}
RESULT: {}
COMMAND: POST /session/b650fd7e5e1a135de288473492e14b1e/execute/async - {"script":"<script> [1562 bytes]","args":[{"selector":{"controlType":"sap.m.Title","viewName":"etm.portal.ui.managehandovers.view.MasterHO","properties":{"text":"Records (1)"}},"wdio_ui5_key":"etmportal.ui.managehandovers.view.MasterHOsap.m.Title{\"text\":\"Records (1)\"}"}]}
RESULT: {"script":"<script> [1562 bytes]","args":[{"selector":{"controlType":"sap.m.Title","viewName":"etm.portal.ui.managehandovers.view.MasterHO","properties":{"text":"Records (1)"}},"wdio_ui5_key":"etmportal.ui.managehandovers.view.MasterHOsap.m.Title{\"text\":\"Records (1)\"}"}]}
RESULT: undefined
COMMAND: POST /session/b650fd7e5e1a135de288473492e14b1e/execute/async - {"script":"<script> [6424 bytes]","args":[{"element-6066-11e4-a52e-4f735466cecf":"f.07281D0795E18F1137881718A79AE278.d.77B6ACECF281D7D46981BFBE9802E631.e.8184"},"getText",[]]}
RESULT: {"script":"<script> [6424 bytes]","args":[{"element-6066-11e4-a52e-4f735466cecf":"f.07281D0795E18F1137881718A79AE278.d.77B6ACECF281D7D46981BFBE9802E631.e.8184"},"getText",[]]}
COMMAND: POST /session/b650fd7e5e1a135de288473492e14b1e/execute/async - {"script":"<script> [1562 bytes]","args":[{"selector":{"controlType":"sap.ui.core.Icon","viewName":"etm.portal.ui.managehandovers.view.MasterHO","properties":{"src":{"regex":{"source":"slim\\-arrow\\-right"}}}},"wdio_ui5_key":"etmportal.ui.managehandovers.view.MasterHOsap.ui.core.Icon{\"src\":{\"regex\":{\"source\":\"slim\\\\-arrow\\\\-right\"}}}"}]}
RESULT: {"script":"<script> [1562 bytes]","args":[{"selector":{"controlType":"sap.ui.core.Icon","viewName":"etm.portal.ui.managehandovers.view.MasterHO","properties":{"src":{"regex":{"source":"slim\\-arrow\\-right"}}}},"wdio_ui5_key":"etmportal.ui.managehandovers.view.MasterHOsap.ui.core.Icon{\"src\":{\"regex\":{\"source\":\"slim\\\\-arrow\\\\-right\"}}}"}]}
RESULT: undefined
COMMAND: POST /session/b650fd7e5e1a135de288473492e14b1e/element - {"using":"xpath","value":"//*[@id=\"__item30-__clone16-imgNav\"]"}
RESULT: {"using":"xpath","value":"//*[@id=\"__item30-__clone16-imgNav\"]"}
COMMAND: POST /session/b650fd7e5e1a135de288473492e14b1e/element/f.07281D0795E18F1137881718A79AE278.d.77B6ACECF281D7D46981BFBE9802E631.e.8183/click - {}
RESULT: {}
COMMAND: GET /session/b650fd7e5e1a135de288473492e14b1e/screenshot - {}
RESULT: {}
COMMAND: POST /session/b650fd7e5e1a135de288473492e14b1e/execute/async - {"script":"<script> [1562 bytes]","args":[{"selector":{"controlType":"sap.m.ObjectStatus","viewName":"etm.portal.ui.managehandovers.view.DetailManageHO","viewId":"application-managehandovers-display-component---detailManageHO","labelFor":{"text":"Status"}},"wdio_ui5_key":"etmportal.ui.managehandovers.view.DetailManageHOsap.m.ObjectStatus{\"text\":\"Status\"}"}]}
RESULT: {"script":"<script> [1562 bytes]","args":[{"selector":{"controlType":"sap.m.ObjectStatus","viewName":"etm.portal.ui.managehandovers.view.DetailManageHO","viewId":"application-managehandovers-display-component---detailManageHO","labelFor":{"text":"Status"}},"wdio_ui5_key":"etmportal.ui.managehandovers.view.DetailManageHOsap.m.ObjectStatus{\"text\":\"Status\"}"}]}
RESULT: undefined
COMMAND: POST /session/b650fd7e5e1a135de288473492e14b1e/execute/async - {"script":"<script> [6424 bytes]","args":[{"element-6066-11e4-a52e-4f735466cecf":"f.07281D0795E18F1137881718A79AE278.d.77B6ACECF281D7D46981BFBE9802E631.e.8271"},"getText",[]]}
RESULT: {"script":"<script> [6424 bytes]","args":[{"element-6066-11e4-a52e-4f735466cecf":"f.07281D0795E18F1137881718A79AE278.d.77B6ACECF281D7D46981BFBE9802E631.e.8271"},"getText",[]]}
COMMAND: POST /session/b650fd7e5e1a135de288473492e14b1e/element - {"using":"xpath","value":"//a[contains(@data-kt ,\"GeneralSectionSendContractLink\")]"}
RESULT: {"using":"xpath","value":"//a[contains(@data-kt ,\"GeneralSectionSendContractLink\")]"}
COMMAND: POST /session/b650fd7e5e1a135de288473492e14b1e/element/f.07281D0795E18F1137881718A79AE278.d.77B6ACECF281D7D46981BFBE9802E631.e.8272/click - {}
RESULT: {}
COMMAND: GET /session/b650fd7e5e1a135de288473492e14b1e/screenshot - {}
RESULT: {}
COMMAND: POST /session/b650fd7e5e1a135de288473492e14b1e/elements - {"using":"xpath","value":"//a[contains(@data-kt ,\"ContextMenuId2Link\")]"}
RESULT: {"using":"xpath","value":"//a[contains(@data-kt ,\"ContextMenuId2Link\")]"}
COMMAND: POST /session/b650fd7e5e1a135de288473492e14b1e/element/f.07281D0795E18F1137881718A79AE278.d.B181617D5ECBEB1E43032FD5477E0BAE.e.7529/click - {}
COMMAND: POST /session/b650fd7e5e1a135de288473492e14b1e/element - {"using":"xpath","value":"//a[contains(@data-kt ,\"ContextMenuId2Link\")]"}
RESULT: {"using":"xpath","value":"//a[contains(@data-kt ,\"ContextMenuId2Link\")]"}
COMMAND: POST /session/b650fd7e5e1a135de288473492e14b1e/element/f.07281D0795E18F1137881718A79AE278.d.B181617D5ECBEB1E43032FD5477E0BAE.e.7529/click - {}
COMMAND: POST /session/b650fd7e5e1a135de288473492e14b1e/element - {"using":"xpath","value":"//a[contains(@data-kt ,\"ContextMenuId2Link\")]"}
RESULT: {"using":"xpath","value":"//a[contains(@data-kt ,\"ContextMenuId2Link\")]"}
COMMAND: POST /session/b650fd7e5e1a135de288473492e14b1e/element/f.07281D0795E18F1137881718A79AE278.d.77B6ACECF281D7D46981BFBE9802E631.e.8275/click - {}
RESULT: {}
COMMAND: GET /session/b650fd7e5e1a135de288473492e14b1e/screenshot - {}
RESULT: {}
RESULT: undefined
RESULT: undefined
COMMAND: POST /session/b650fd7e5e1a135de288473492e14b1e/execute/async - {"script":"<script> [1562 bytes]","args":[{"selector":{"controlType":"sap.m.ObjectStatus","viewName":"etm.portal.ui.managecontracts.view.Detail","bindingPath":{"propertyPath":"LINK_TO_COMMERCIAL_STATUS/DESCRIPTION","modelName":"catalogModel"}},"wdio_ui5_key":"etmportal.ui.managecontracts.view.Detailsap.m.ObjectStatus{\"propertyPath\":\"LINK_TO_COMMERCIAL_STATUS/DESCRIPTION\",\"modelName\":\"catalogModel\"}"}]}
RESULT: {"script":"<script> [1562 bytes]","args":[{"selector":{"controlType":"sap.m.ObjectStatus","viewName":"etm.portal.ui.managecontracts.view.Detail","bindingPath":{"propertyPath":"LINK_TO_COMMERCIAL_STATUS/DESCRIPTION","modelName":"catalogModel"}},"wdio_ui5_key":"etmportal.ui.managecontracts.view.Detailsap.m.ObjectStatus{\"propertyPath\":\"LINK_TO_COMMERCIAL_STATUS/DESCRIPTION\",\"modelName\":\"catalogModel\"}"}]}
RESULT: undefined
COMMAND: POST /session/b650fd7e5e1a135de288473492e14b1e/execute/async - {"script":"<script> [6424 bytes]","args":[{"element-6066-11e4-a52e-4f735466cecf":"f.07281D0795E18F1137881718A79AE278.d.77B6ACECF281D7D46981BFBE9802E631.e.8499"},"getText",[]]}
RESULT: {"script":"<script> [6424 bytes]","args":[{"element-6066-11e4-a52e-4f735466cecf":"f.07281D0795E18F1137881718A79AE278.d.77B6ACECF281D7D46981BFBE9802E631.e.8499"},"getText",[]]}
COMMAND: POST /session/b650fd7e5e1a135de288473492e14b1e/execute/async - {"script":"<script> [1562 bytes]","args":[{"selector":{"controlType":"sap.m.ObjectStatus","viewName":"etm.portal.ui.managecontracts.view.Detail","bindingPath":{"propertyPath":"LINK_TO_LOGISTICAL_STATUS/DESCRIPTION","modelName":"catalogModel"}},"wdio_ui5_key":"etmportal.ui.managecontracts.view.Detailsap.m.ObjectStatus{\"propertyPath\":\"LINK_TO_LOGISTICAL_STATUS/DESCRIPTION\",\"modelName\":\"catalogModel\"}"}]}
RESULT: {"script":"<script> [1562 bytes]","args":[{"selector":{"controlType":"sap.m.ObjectStatus","viewName":"etm.portal.ui.managecontracts.view.Detail","bindingPath":{"propertyPath":"LINK_TO_LOGISTICAL_STATUS/DESCRIPTION","modelName":"catalogModel"}},"wdio_ui5_key":"etmportal.ui.managecontracts.view.Detailsap.m.ObjectStatus{\"propertyPath\":\"LINK_TO_LOGISTICAL_STATUS/DESCRIPTION\",\"modelName\":\"catalogModel\"}"}]}
RESULT: undefined
COMMAND: POST /session/b650fd7e5e1a135de288473492e14b1e/execute/async - {"script":"<script> [6424 bytes]","args":[{"element-6066-11e4-a52e-4f735466cecf":"f.07281D0795E18F1137881718A79AE278.d.77B6ACECF281D7D46981BFBE9802E631.e.8500"},"getText",[]]}
RESULT: {"script":"<script> [6424 bytes]","args":[{"element-6066-11e4-a52e-4f735466cecf":"f.07281D0795E18F1137881718A79AE278.d.77B6ACECF281D7D46981BFBE9802E631.e.8500"},"getText",[]]}
COMMAND: POST /session/b650fd7e5e1a135de288473492e14b1e/element - {"using":"xpath","value":"//button[@data-kt=\"contractDetailEditBtnButton\"]"}
RESULT: {"using":"xpath","value":"//button[@data-kt=\"contractDetailEditBtnButton\"]"}
COMMAND: POST /session/b650fd7e5e1a135de288473492e14b1e/element/f.07281D0795E18F1137881718A79AE278.d.77B6ACECF281D7D46981BFBE9802E631.e.8340/click - {}
RESULT: {}
COMMAND: GET /session/b650fd7e5e1a135de288473492e14b1e/screenshot - {}
RESULT: {}
COMMAND: POST /session/b650fd7e5e1a135de288473492e14b1e/element - {"using":"xpath","value":"(//span[contains(text(), \"Additional Addresses\")])[2]"}
RESULT: {"using":"xpath","value":"(//span[contains(text(), \"Additional Addresses\")])[2]"}
COMMAND: POST /session/b650fd7e5e1a135de288473492e14b1e/element/f.07281D0795E18F1137881718A79AE278.d.77B6ACECF281D7D46981BFBE9802E631.e.8561/click - {}
RESULT: {}
COMMAND: GET /session/b650fd7e5e1a135de288473492e14b1e/screenshot - {}
RESULT: {}
COMMAND: POST /session/b650fd7e5e1a135de288473492e14b1e/element - {"using":"xpath","value":"//button[@data-kt=\"btnAddTableRowOverflowToolbarButton\"]"}
RESULT: {"using":"xpath","value":"//button[@data-kt=\"btnAddTableRowOverflowToolbarButton\"]"}
COMMAND: POST /session/b650fd7e5e1a135de288473492e14b1e/element/f.07281D0795E18F1137881718A79AE278.d.77B6ACECF281D7D46981BFBE9802E631.e.8563/click - {}
RESULT: {}
COMMAND: GET /session/b650fd7e5e1a135de288473492e14b1e/screenshot - {}
RESULT: {}
COMMAND: POST /session/b650fd7e5e1a135de288473492e14b1e/element - {"using":"xpath","value":"//div[(text() = 'Standard Entry' or . = 'Standard Entry')]"}
RESULT: {"using":"xpath","value":"//div[(text() = 'Standard Entry' or . = 'Standard Entry')]"}
COMMAND: POST /session/b650fd7e5e1a135de288473492e14b1e/element/f.07281D0795E18F1137881718A79AE278.d.77B6ACECF281D7D46981BFBE9802E631.e.8565/click - {}
RESULT: {}
COMMAND: POST /session/b650fd7e5e1a135de288473492e14b1e/execute/async - {"script":"<script> [1562 bytes]","args":[{"selector":{"controlType":"sap.ui.core.Icon","viewName":"etm.portal.ui.managecontracts.view.EditContract","properties":{"src":{"regex":{"source":"slim\\-arrow\\-down"}}},"ancestor":{"controlType":"sap.m.ComboBox","viewName":"etm.portal.ui.managecontracts.view.EditContract","bindingPath":{"propertyPath":"RU_TYPE","modelName":"catalogModel"}}},"wdio_ui5_key":"etmportal.ui.managecontracts.view.EditContractsap.ui.core.Icon{\"src\":{\"regex\":{\"source\":\"slim\\\\-arrow\\\\-down\"}}}{\"controlType\":\"sap.m.ComboBox\",\"viewName\":\"etm.portal.ui.managecontracts.view.EditContract\",\"bindingPath\":{\"propertyPath\":\"RU_TYPE\",\"modelName\":\"catalogModel\"}}"}]}
COMMAND: GET /session/b650fd7e5e1a135de288473492e14b1e/screenshot - {}
RESULT: {"script":"<script> [1562 bytes]","args":[{"selector":{"controlType":"sap.ui.core.Icon","viewName":"etm.portal.ui.managecontracts.view.EditContract","properties":{"src":{"regex":{"source":"slim\\-arrow\\-down"}}},"ancestor":{"controlType":"sap.m.ComboBox","viewName":"etm.portal.ui.managecontracts.view.EditContract","bindingPath":{"propertyPath":"RU_TYPE","modelName":"catalogModel"}}},"wdio_ui5_key":"etmportal.ui.managecontracts.view.EditContractsap.ui.core.Icon{\"src\":{\"regex\":{\"source\":\"slim\\\\-arrow\\\\-down\"}}}{\"controlType\":\"sap.m.ComboBox\",\"viewName\":\"etm.portal.ui.managecontracts.view.EditContract\",\"bindingPath\":{\"propertyPath\":\"RU_TYPE\",\"modelName\":\"catalogModel\"}}"}]}
RESULT: undefined
COMMAND: POST /session/b650fd7e5e1a135de288473492e14b1e/element - {"using":"xpath","value":"//*[@id=\"__box20-arrow\"]"}
RESULT: {}
RESULT: {"using":"xpath","value":"//*[@id=\"__box20-arrow\"]"}
COMMAND: POST /session/b650fd7e5e1a135de288473492e14b1e/element/f.07281D0795E18F1137881718A79AE278.d.77B6ACECF281D7D46981BFBE9802E631.e.8580/click - {}
RESULT: {}
COMMAND: POST /session/b650fd7e5e1a135de288473492e14b1e/execute/async - {"script":"<script> [1562 bytes]","args":[{"selector":{"controlType":"sap.m.StandardListItem","viewName":"etm.portal.ui.managecontracts.view.EditContract","properties":{"title":"Material"},"searchOpenDialogs":true,"interaction":{"idSuffix":"content"}},"wdio_ui5_key":"etmportal.ui.managecontracts.view.EditContractsap.m.StandardListItem{\"title\":\"Material\"}"}]}
COMMAND: GET /session/b650fd7e5e1a135de288473492e14b1e/screenshot - {}
RESULT: {"script":"<script> [1562 bytes]","args":[{"selector":{"controlType":"sap.m.StandardListItem","viewName":"etm.portal.ui.managecontracts.view.EditContract","properties":{"title":"Material"},"searchOpenDialogs":true,"interaction":{"idSuffix":"content"}},"wdio_ui5_key":"etmportal.ui.managecontracts.view.EditContractsap.m.StandardListItem{\"title\":\"Material\"}"}]}
RESULT: undefined
COMMAND: POST /session/b650fd7e5e1a135de288473492e14b1e/element - {"using":"xpath","value":"//*[@id=\"__item96\"]"}
RESULT: {}
RESULT: {"using":"xpath","value":"//*[@id=\"__item96\"]"}
COMMAND: POST /session/b650fd7e5e1a135de288473492e14b1e/element/f.07281D0795E18F1137881718A79AE278.d.77B6ACECF281D7D46981BFBE9802E631.e.8583/click - {}
RESULT: {}
COMMAND: POST /session/b650fd7e5e1a135de288473492e14b1e/element - {"using":"xpath","value":"//td[7]/div/div/input"}
COMMAND: GET /session/b650fd7e5e1a135de288473492e14b1e/screenshot - {}
RESULT: {"using":"xpath","value":"//td[7]/div/div/input"}
COMMAND: POST /session/b650fd7e5e1a135de288473492e14b1e/element/f.07281D0795E18F1137881718A79AE278.d.77B6ACECF281D7D46981BFBE9802E631.e.8586/clear - {}
RESULT: {}
RESULT: {}
COMMAND: POST /session/b650fd7e5e1a135de288473492e14b1e/element/f.07281D0795E18F1137881718A79AE278.d.77B6ACECF281D7D46981BFBE9802E631.e.8586/value - {"text":"WebdriverRUR2C0n9dx"}
COMMAND: GET /session/b650fd7e5e1a135de288473492e14b1e/screenshot - {}
RESULT: {"text":"WebdriverRUR2C0n9dx"}
COMMAND: GET /session/b650fd7e5e1a135de288473492e14b1e/screenshot - {}
RESULT: {}
RESULT: {}
COMMAND: POST /session/b650fd7e5e1a135de288473492e14b1e/actions - {"actions":[{"id":"action22","type":"key","parameters":{},"actions":[{"type":"keyDown","value":""},{"type":"pause","duration":10},{"type":"keyUp","value":""}]}]}
RESULT: {"actions":[{"id":"action22","type":"key","parameters":{},"actions":[{"type":"keyDown","value":""},{"type":"pause","duration":10},{"type":"keyUp","value":""}]}]}
COMMAND: GET /session/b650fd7e5e1a135de288473492e14b1e/screenshot - {}
RESULT: {}
COMMAND: POST /session/b650fd7e5e1a135de288473492e14b1e/element - {"using":"xpath","value":"//button[@data-kt=\"saveButton\"]"}
RESULT: {"using":"xpath","value":"//button[@data-kt=\"saveButton\"]"}
COMMAND: POST /session/b650fd7e5e1a135de288473492e14b1e/element/f.07281D0795E18F1137881718A79AE278.d.77B6ACECF281D7D46981BFBE9802E631.e.8609/click - {}
RESULT: {}
COMMAND: GET /session/b650fd7e5e1a135de288473492e14b1e/screenshot - {}
RESULT: {}
RESULT: undefined
COMMAND: POST /session/b650fd7e5e1a135de288473492e14b1e/execute/async - {"script":"<script> [6424 bytes]","args":[{"element-6066-11e4-a52e-4f735466cecf":"f.07281D0795E18F1137881718A79AE278.d.77B6ACECF281D7D46981BFBE9802E631.e.8500"},"getText",[]]}
RESULT: {"script":"<script> [6424 bytes]","args":[{"element-6066-11e4-a52e-4f735466cecf":"f.07281D0795E18F1137881718A79AE278.d.77B6ACECF281D7D46981BFBE9802E631.e.8500"},"getText",[]]}
COMMAND: POST /session/b650fd7e5e1a135de288473492e14b1e/element - {"using":"css selector","value":"#j_username"}
COMMAND: POST /session/b650fd7e5e1a135de288473492e14b1e/url - {"url":"https://qa-testing-00-live-etm-ui.cfapps.eu10-004.hana.ondemand.com/"}
RESULT: {"url":"https://qa-testing-00-live-etm-ui.cfapps.eu10-004.hana.ondemand.com/"}
RESULT: undefined
COMMAND: GET /session/b650fd7e5e1a135de288473492e14b1e/screenshot - {}
RESULT: {"using":"css selector","value":"#j_username"}
COMMAND: POST /session/b650fd7e5e1a135de288473492e14b1e/element - {"using":"css selector","value":"#j_username"}
RESULT: {}
RESULT: {"using":"css selector","value":"#j_username"}
COMMAND: POST /session/b650fd7e5e1a135de288473492e14b1e/element - {"using":"css selector","value":"#shell-header-logo"}
RESULT: {"using":"css selector","value":"#shell-header-logo"}
COMMAND: POST /session/b650fd7e5e1a135de288473492e14b1e/execute/sync - {"script":"<script> [8489 bytes]","args":[{"element-6066-11e4-a52e-4f735466cecf":"f.07281D0795E18F1137881718A79AE278.d.E71ED952DBE2122477FB8B78B51F1D8C.e.8623","ELEMENT":"f.07281D0795E18F1137881718A79AE278.d.E71ED952DBE2122477FB8B78B51F1D8C.e.8623"}]}
RESULT: {"script":"<script> [8489 bytes]","args":[{"element-6066-11e4-a52e-4f735466cecf":"f.07281D0795E18F1137881718A79AE278.d.E71ED952DBE2122477FB8B78B51F1D8C.e.8623","ELEMENT":"f.07281D0795E18F1137881718A79AE278.d.E71ED952DBE2122477FB8B78B51F1D8C.e.8623"}]}
COMMAND: POST /session/b650fd7e5e1a135de288473492e14b1e/element - {"using":"css selector","value":"#shell-header-logo"}
COMMAND: GET /session/b650fd7e5e1a135de288473492e14b1e/screenshot - {}
RESULT: {"using":"css selector","value":"#shell-header-logo"}
COMMAND: POST /session/b650fd7e5e1a135de288473492e14b1e/execute/sync - {"script":"<script> [8489 bytes]","args":[{"element-6066-11e4-a52e-4f735466cecf":"f.07281D0795E18F1137881718A79AE278.d.E71ED952DBE2122477FB8B78B51F1D8C.e.8623","ELEMENT":"f.07281D0795E18F1137881718A79AE278.d.E71ED952DBE2122477FB8B78B51F1D8C.e.8623"}]}
RESULT: {}
RESULT: {"script":"<script> [8489 bytes]","args":[{"element-6066-11e4-a52e-4f735466cecf":"f.07281D0795E18F1137881718A79AE278.d.E71ED952DBE2122477FB8B78B51F1D8C.e.8623","ELEMENT":"f.07281D0795E18F1137881718A79AE278.d.E71ED952DBE2122477FB8B78B51F1D8C.e.8623"}]}
COMMAND: POST /session/b650fd7e5e1a135de288473492e14b1e/execute/sync - {"script":"<script> [5351 bytes]","args":[{"element-6066-11e4-a52e-4f735466cecf":"f.07281D0795E18F1137881718A79AE278.d.E71ED952DBE2122477FB8B78B51F1D8C.e.8623","ELEMENT":"f.07281D0795E18F1137881718A79AE278.d.E71ED952DBE2122477FB8B78B51F1D8C.e.8623"}]}
COMMAND: GET /session/b650fd7e5e1a135de288473492e14b1e/screenshot - {}
RESULT: {"script":"<script> [5351 bytes]","args":[{"element-6066-11e4-a52e-4f735466cecf":"f.07281D0795E18F1137881718A79AE278.d.E71ED952DBE2122477FB8B78B51F1D8C.e.8623","ELEMENT":"f.07281D0795E18F1137881718A79AE278.d.E71ED952DBE2122477FB8B78B51F1D8C.e.8623"}]}
COMMAND: POST /session/b650fd7e5e1a135de288473492e14b1e/element - {"using":"css selector","value":"#shell-header-logo"}
COMMAND: GET /session/b650fd7e5e1a135de288473492e14b1e/screenshot - {}
RESULT: {}
RESULT: {"using":"css selector","value":"#shell-header-logo"}
COMMAND: POST /session/b650fd7e5e1a135de288473492e14b1e/element/f.07281D0795E18F1137881718A79AE278.d.E71ED952DBE2122477FB8B78B51F1D8C.e.8623/click - {}
RESULT: {}
RESULT: {}
COMMAND: GET /session/b650fd7e5e1a135de288473492e14b1e/screenshot - {}
RESULT: {}
COMMAND: POST /session/b650fd7e5e1a135de288473492e14b1e/execute/async - {"script":"<script> [189 bytes]","args":[]}
RESULT: {"script":"<script> [189 bytes]","args":[]}
COMMAND: POST /session/b650fd7e5e1a135de288473492e14b1e/execute/async - {"script":"<script> [123 bytes]","args":[]}
RESULT: {"script":"<script> [123 bytes]","args":[]}
COMMAND: POST /session/b650fd7e5e1a135de288473492e14b1e/timeouts - {"script":"<number>"}
RESULT: {"script":"<number>"}
COMMAND: GET /session/b650fd7e5e1a135de288473492e14b1e/timeouts - {}
RESULT: {}
RESULT: undefined
COMMAND: POST /session/b650fd7e5e1a135de288473492e14b1e/execute/async - {"script":"<script> [2676 bytes]","args":[]}
RESULT: {"script":"<script> [2676 bytes]","args":[]}
COMMAND: POST /session/b650fd7e5e1a135de288473492e14b1e/execute/async - {"script":"<script> [2342 bytes]","args":[{"protocol":"http","hostname":"0.0.0.0","path":"/","capabilities":{"browserName":"chrome","goog:chromeOptions":{"binary":"C:\\Program Files\\Google\\Chrome\\Application\\chrome.exe"}},"logLevel":"warn","connectionRetryTimeout":120000,"connectionRetryCount":3,"logLevels":{},"enableDirectConnect":true,"strictSSL":true,"_":"65 more keys: [\"cacheDir\",\"port\",\"requestedCapabilities\",\"automationProtocol\",\"baseUrl\",\"waitforInterval\",\"waitforTimeout\",\"onReload\",\"beforeCommand\",\"afterCommand\",\"rootDir\",\"specs\",\"suites\",\"exclude\",\"groupLogsByTestSpec\",\"excludeDriverLogs\",\"bail\",\"framework\",\"reporters\",\"services\",\"maxInstances\",\"maxInstancesPerCapability\",\"injectGlobals\",\"filesToWatch\",\"execArgv\",\"runnerEnv\",\"runner\",\"shard\",\"specFileRetries\",\"specFileRetriesDelay\",\"specFileRetriesDeferred\",\"reporterSyncInterval\",\"reporterSyncTimeout\",\"cucumberFeaturesWithLineNumbers\",\"autoCompileOpts\",\"mochaOpts\",\"jasmineOpts\",\"cucumberOpts\",\"onPrepare\",\"onWorkerStart\",\"onWorkerEnd\",\"before\",\"beforeSession\",\"beforeSuite\",\"beforeHook\",\"beforeTest\",\"afterTest\",\"afterHook\",\"afterSuite\",\"afterSession\",\"after\",\"onComplete\",\"beforeAssertion\",\"afterAssertion\",\"beforeFeature\",\"beforeScenario\",\"beforeStep\",\"afterStep\",\"afterScenario\",\"afterFeature\",\"_\",\"suite\",\"$0\",\"ignoredWorkerServices\",\"wdi5\"]"}]}
RESULT: {"script":"<script> [2342 bytes]","args":[{"protocol":"http","hostname":"0.0.0.0","path":"/","capabilities":{"browserName":"chrome","goog:chromeOptions":{"binary":"C:\\Program Files\\Google\\Chrome\\Application\\chrome.exe"}},"logLevel":"warn","connectionRetryTimeout":120000,"connectionRetryCount":3,"logLevels":{},"enableDirectConnect":true,"strictSSL":true,"_":"65 more keys: [\"cacheDir\",\"port\",\"requestedCapabilities\",\"automationProtocol\",\"baseUrl\",\"waitforInterval\",\"waitforTimeout\",\"onReload\",\"beforeCommand\",\"afterCommand\",\"rootDir\",\"specs\",\"suites\",\"exclude\",\"groupLogsByTestSpec\",\"excludeDriverLogs\",\"bail\",\"framework\",\"reporters\",\"services\",\"maxInstances\",\"maxInstancesPerCapability\",\"injectGlobals\",\"filesToWatch\",\"execArgv\",\"runnerEnv\",\"runner\",\"shard\",\"specFileRetries\",\"specFileRetriesDelay\",\"specFileRetriesDeferred\",\"reporterSyncInterval\",\"reporterSyncTimeout\",\"cucumberFeaturesWithLineNumbers\",\"autoCompileOpts\",\"mochaOpts\",\"jasmineOpts\",\"cucumberOpts\",\"onPrepare\",\"onWorkerStart\",\"onWorkerEnd\",\"before\",\"beforeSession\",\"beforeSuite\",\"beforeHook\",\"beforeTest\",\"afterTest\",\"afterHook\",\"afterSuite\",\"afterSession\",\"after\",\"onComplete\",\"beforeAssertion\",\"afterAssertion\",\"beforeFeature\",\"beforeScenario\",\"beforeStep\",\"afterStep\",\"afterScenario\",\"afterFeature\",\"_\",\"suite\",\"$0\",\"ignoredWorkerServices\",\"wdi5\"]"}]}
COMMAND: POST /session/b650fd7e5e1a135de288473492e14b1e/execute/async - {"script":"<script> [21126 bytes]","args":[35000]}
RESULT: {"script":"<script> [21126 bytes]","args":[35000]}
COMMAND: POST /session/b650fd7e5e1a135de288473492e14b1e/window/maximize - {}
RESULT: {}
COMMAND: POST /session/b650fd7e5e1a135de288473492e14b1e/execute/async - {"script":"<script> [1562 bytes]","args":[{"selector":{"id":"shell-header","interaction":{"idSuffix":"icon"}},"wdio_ui5_key":"shellheader"}]}
COMMAND: GET /session/b650fd7e5e1a135de288473492e14b1e/screenshot - {}
RESULT: {"script":"<script> [1562 bytes]","args":[{"selector":{"id":"shell-header","interaction":{"idSuffix":"icon"}},"wdio_ui5_key":"shellheader"}]}
RESULT: undefined
RESULT: {}
COMMAND: POST /session/b650fd7e5e1a135de288473492e14b1e/execute/async - {"script":"<script> [1562 bytes]","args":[{"selector":{"controlType":"sap.m.GenericTile","properties":{"header":"Manage Sites"}},"wdio_ui5_key":"sapm.GenericTile{\"header\":\"Manage Sites\"}"}]}
RESULT: {"script":"<script> [1562 bytes]","args":[{"selector":{"controlType":"sap.m.GenericTile","properties":{"header":"Manage Sites"}},"wdio_ui5_key":"sapm.GenericTile{\"header\":\"Manage Sites\"}"}]}
RESULT: undefined
COMMAND: POST /session/b650fd7e5e1a135de288473492e14b1e/element - {"using":"xpath","value":"//*[@id=\"__tile40\"]"}
RESULT: {"using":"xpath","value":"//*[@id=\"__tile40\"]"}
COMMAND: POST /session/b650fd7e5e1a135de288473492e14b1e/element/f.07281D0795E18F1137881718A79AE278.d.E71ED952DBE2122477FB8B78B51F1D8C.e.8632/click - {}
RESULT: {}
COMMAND: GET /session/b650fd7e5e1a135de288473492e14b1e/screenshot - {}
RESULT: {}
]]></system-out>
    </testcase>
  </testsuite>
  <testsuite timestamp="2025-04-12T15:47:14" time="112.176" tests="2" failures="0" errors="0" skipped="0">
    <properties>
      <property name="specId" value="0"/>
      <property name="suiteName" value="Dynamic site option US120073"/>
      <property name="capabilities" value="chrome.135_0_7049_42.windows"/>
      <property name="file" value="file:///D:/a/1/s/test/specs/R2C/dynamic-site-option.spec.js"/>
    </properties>
    <testcase classname="chrome.135_0_7049_42.windows.Dynamic_site_option_US120073" name="Should create new site" time="62.683">
      <system-out><![CDATA[
COMMAND: POST /session/b650fd7e5e1a135de288473492e14b1e/execute/async - {"script":"<script> [1562 bytes]","args":[{"selector":{"controlType":"sap.ui.core.Icon","viewName":"etm.portal.ui.managesites.view.Master","viewId":"application-managesites-display-component---masterSite","properties":{"src":{"regex":{"source":"add"}}}},"wdio_ui5_key":"etmportal.ui.managesites.view.Mastersap.ui.core.Icon{\"src\":{\"regex\":{\"source\":\"add\"}}}"}]}
RESULT: {"script":"<script> [1562 bytes]","args":[{"selector":{"controlType":"sap.ui.core.Icon","viewName":"etm.portal.ui.managesites.view.Master","viewId":"application-managesites-display-component---masterSite","properties":{"src":{"regex":{"source":"add"}}}},"wdio_ui5_key":"etmportal.ui.managesites.view.Mastersap.ui.core.Icon{\"src\":{\"regex\":{\"source\":\"add\"}}}"}]}
RESULT: undefined
COMMAND: POST /session/b650fd7e5e1a135de288473492e14b1e/element - {"using":"xpath","value":"//*[@id=\"__button4-img\"]"}
RESULT: {"using":"xpath","value":"//*[@id=\"__button4-img\"]"}
COMMAND: POST /session/b650fd7e5e1a135de288473492e14b1e/element/f.07281D0795E18F1137881718A79AE278.d.E71ED952DBE2122477FB8B78B51F1D8C.e.8679/click - {}
RESULT: {}
COMMAND: POST /session/b650fd7e5e1a135de288473492e14b1e/execute/async - {"script":"<script> [1562 bytes]","args":[{"selector":{"id":"application-managesites-display-component---NewSite--siteId","interaction":{"idSuffix":"inner"}},"wdio_ui5_key":"applicationmanagesites-display-component---NewSite--siteId"}]}
COMMAND: GET /session/b650fd7e5e1a135de288473492e14b1e/screenshot - {}
RESULT: {"script":"<script> [1562 bytes]","args":[{"selector":{"id":"application-managesites-display-component---NewSite--siteId","interaction":{"idSuffix":"inner"}},"wdio_ui5_key":"applicationmanagesites-display-component---NewSite--siteId"}]}
RESULT: undefined
COMMAND: POST /session/b650fd7e5e1a135de288473492e14b1e/execute/async - {"script":"<script> [1562 bytes]","args":[{"selector":{"id":"application-managesites-display-component---NewSite--addressDetailDetailsName1","interaction":{"idSuffix":"inner"}},"wdio_ui5_key":"applicationmanagesites-display-component---NewSite--addressDetailDetailsName1"}]}
RESULT: {}
RESULT: {"script":"<script> [1562 bytes]","args":[{"selector":{"id":"application-managesites-display-component---NewSite--addressDetailDetailsName1","interaction":{"idSuffix":"inner"}},"wdio_ui5_key":"applicationmanagesites-display-component---NewSite--addressDetailDetailsName1"}]}
RESULT: undefined
COMMAND: POST /session/b650fd7e5e1a135de288473492e14b1e/execute/async - {"script":"<script> [776 bytes]","args":[{"enterText":"Webdriver Site 26cml","selector":{"id":"application-managesites-display-component---NewSite--addressDetailDetailsName1","interaction":{"idSuffix":"inner"}},"clearTextFirst":true,"interactionType":"ENTER_TEXT"}]}
RESULT: {"script":"<script> [776 bytes]","args":[{"enterText":"Webdriver Site 26cml","selector":{"id":"application-managesites-display-component---NewSite--addressDetailDetailsName1","interaction":{"idSuffix":"inner"}},"clearTextFirst":true,"interactionType":"ENTER_TEXT"}]}
COMMAND: POST /session/b650fd7e5e1a135de288473492e14b1e/execute/async - {"script":"<script> [1562 bytes]","args":[{"selector":{"id":"application-managesites-display-component---NewSite--addressDetailDetailsLanguage","interaction":{"idSuffix":"inner"}},"wdio_ui5_key":"applicationmanagesites-display-component---NewSite--addressDetailDetailsLanguage"}]}
RESULT: {"script":"<script> [1562 bytes]","args":[{"selector":{"id":"application-managesites-display-component---NewSite--addressDetailDetailsLanguage","interaction":{"idSuffix":"inner"}},"wdio_ui5_key":"applicationmanagesites-display-component---NewSite--addressDetailDetailsLanguage"}]}
RESULT: undefined
COMMAND: POST /session/b650fd7e5e1a135de288473492e14b1e/execute/async - {"script":"<script> [776 bytes]","args":[{"enterText":"Romanian","selector":{"id":"application-managesites-display-component---NewSite--addressDetailDetailsLanguage","interaction":{"idSuffix":"inner"}},"clearTextFirst":true,"interactionType":"ENTER_TEXT"}]}
RESULT: {"script":"<script> [776 bytes]","args":[{"enterText":"Romanian","selector":{"id":"application-managesites-display-component---NewSite--addressDetailDetailsLanguage","interaction":{"idSuffix":"inner"}},"clearTextFirst":true,"interactionType":"ENTER_TEXT"}]}
COMMAND: POST /session/b650fd7e5e1a135de288473492e14b1e/execute/async - {"script":"<script> [1562 bytes]","args":[{"selector":{"id":"application-managesites-display-component---NewSite--addressDetailDetailsCity1","interaction":{"idSuffix":"inner"}},"wdio_ui5_key":"applicationmanagesites-display-component---NewSite--addressDetailDetailsCity1"}]}
RESULT: {"script":"<script> [1562 bytes]","args":[{"selector":{"id":"application-managesites-display-component---NewSite--addressDetailDetailsCity1","interaction":{"idSuffix":"inner"}},"wdio_ui5_key":"applicationmanagesites-display-component---NewSite--addressDetailDetailsCity1"}]}
RESULT: undefined
COMMAND: POST /session/b650fd7e5e1a135de288473492e14b1e/execute/async - {"script":"<script> [776 bytes]","args":[{"enterText":"Bucharest","selector":{"id":"application-managesites-display-component---NewSite--addressDetailDetailsCity1","interaction":{"idSuffix":"inner"}},"clearTextFirst":true,"interactionType":"ENTER_TEXT"}]}
RESULT: {"script":"<script> [776 bytes]","args":[{"enterText":"Bucharest","selector":{"id":"application-managesites-display-component---NewSite--addressDetailDetailsCity1","interaction":{"idSuffix":"inner"}},"clearTextFirst":true,"interactionType":"ENTER_TEXT"}]}
COMMAND: POST /session/b650fd7e5e1a135de288473492e14b1e/execute/async - {"script":"<script> [1562 bytes]","args":[{"selector":{"id":"application-managesites-display-component---NewSite--addressDetailDetailsCountry","interaction":{"idSuffix":"inner"}},"wdio_ui5_key":"applicationmanagesites-display-component---NewSite--addressDetailDetailsCountry"}]}
RESULT: {"script":"<script> [1562 bytes]","args":[{"selector":{"id":"application-managesites-display-component---NewSite--addressDetailDetailsCountry","interaction":{"idSuffix":"inner"}},"wdio_ui5_key":"applicationmanagesites-display-component---NewSite--addressDetailDetailsCountry"}]}
RESULT: undefined
COMMAND: POST /session/b650fd7e5e1a135de288473492e14b1e/execute/async - {"script":"<script> [776 bytes]","args":[{"enterText":"Romania","selector":{"id":"application-managesites-display-component---NewSite--addressDetailDetailsCountry","interaction":{"idSuffix":"inner"}},"clearTextFirst":true,"interactionType":"ENTER_TEXT"}]}
RESULT: {"script":"<script> [776 bytes]","args":[{"enterText":"Romania","selector":{"id":"application-managesites-display-component---NewSite--addressDetailDetailsCountry","interaction":{"idSuffix":"inner"}},"clearTextFirst":true,"interactionType":"ENTER_TEXT"}]}
COMMAND: POST /session/b650fd7e5e1a135de288473492e14b1e/execute/async - {"script":"<script> [1562 bytes]","args":[{"selector":{"id":"application-managesites-display-component---NewSite--addressDetailDetailsCalendar","interaction":{"idSuffix":"inner"}},"wdio_ui5_key":"applicationmanagesites-display-component---NewSite--addressDetailDetailsCalendar"}]}
RESULT: {"script":"<script> [1562 bytes]","args":[{"selector":{"id":"application-managesites-display-component---NewSite--addressDetailDetailsCalendar","interaction":{"idSuffix":"inner"}},"wdio_ui5_key":"applicationmanagesites-display-component---NewSite--addressDetailDetailsCalendar"}]}
RESULT: undefined
COMMAND: POST /session/b650fd7e5e1a135de288473492e14b1e/execute/async - {"script":"<script> [776 bytes]","args":[{"enterText":"Germany","selector":{"id":"application-managesites-display-component---NewSite--addressDetailDetailsCalendar","interaction":{"idSuffix":"inner"}},"clearTextFirst":true,"interactionType":"ENTER_TEXT"}]}
RESULT: {"script":"<script> [776 bytes]","args":[{"enterText":"Germany","selector":{"id":"application-managesites-display-component---NewSite--addressDetailDetailsCalendar","interaction":{"idSuffix":"inner"}},"clearTextFirst":true,"interactionType":"ENTER_TEXT"}]}
COMMAND: POST /session/b650fd7e5e1a135de288473492e14b1e/execute/async - {"script":"<script> [1562 bytes]","args":[{"selector":{"id":"application-managesites-display-component---NewSite--addressEditDetailsCostObjectCstType-arrow"},"wdio_ui5_key":"applicationmanagesites-display-component---NewSite--addressEditDetailsCostObjectCstType-arrow"}]}
RESULT: {"script":"<script> [1562 bytes]","args":[{"selector":{"id":"application-managesites-display-component---NewSite--addressEditDetailsCostObjectCstType-arrow"},"wdio_ui5_key":"applicationmanagesites-display-component---NewSite--addressEditDetailsCostObjectCstType-arrow"}]}
RESULT: undefined
COMMAND: POST /session/b650fd7e5e1a135de288473492e14b1e/element - {"using":"xpath","value":"//*[@id=\"application-managesites-display-component---NewSite--addressEditDetailsCostObjectCstType-arrow\"]"}
RESULT: {"using":"xpath","value":"//*[@id=\"application-managesites-display-component---NewSite--addressEditDetailsCostObjectCstType-arrow\"]"}
COMMAND: POST /session/b650fd7e5e1a135de288473492e14b1e/element/f.07281D0795E18F1137881718A79AE278.d.E71ED952DBE2122477FB8B78B51F1D8C.e.8974/click - {}
RESULT: {}
COMMAND: POST /session/b650fd7e5e1a135de288473492e14b1e/element - {"using":"xpath","value":"//span[contains(text(), \"Work Breakdown Structure\")]"}
COMMAND: GET /session/b650fd7e5e1a135de288473492e14b1e/screenshot - {}
RESULT: {"using":"xpath","value":"//span[contains(text(), \"Work Breakdown Structure\")]"}
COMMAND: POST /session/b650fd7e5e1a135de288473492e14b1e/element/f.07281D0795E18F1137881718A79AE278.d.E71ED952DBE2122477FB8B78B51F1D8C.e.8975/click - {}
RESULT: {}
RESULT: {}
COMMAND: GET /session/b650fd7e5e1a135de288473492e14b1e/screenshot - {}
RESULT: {}
COMMAND: POST /session/b650fd7e5e1a135de288473492e14b1e/execute/async - {"script":"<script> [1562 bytes]","args":[{"selector":{"id":"application-managesites-display-component---NewSite--addressNewCostObjectCstID-vhi"},"wdio_ui5_key":"applicationmanagesites-display-component---NewSite--addressNewCostObjectCstID-vhi"}]}
RESULT: {"script":"<script> [1562 bytes]","args":[{"selector":{"id":"application-managesites-display-component---NewSite--addressNewCostObjectCstID-vhi"},"wdio_ui5_key":"applicationmanagesites-display-component---NewSite--addressNewCostObjectCstID-vhi"}]}
RESULT: undefined
COMMAND: POST /session/b650fd7e5e1a135de288473492e14b1e/element - {"using":"xpath","value":"//*[@id=\"application-managesites-display-component---NewSite--addressNewCostObjectCstID-vhi\"]"}
RESULT: {"using":"xpath","value":"//*[@id=\"application-managesites-display-component---NewSite--addressNewCostObjectCstID-vhi\"]"}
COMMAND: POST /session/b650fd7e5e1a135de288473492e14b1e/element/f.07281D0795E18F1137881718A79AE278.d.E71ED952DBE2122477FB8B78B51F1D8C.e.8978/click - {}
RESULT: {}
COMMAND: GET /session/b650fd7e5e1a135de288473492e14b1e/screenshot - {}
RESULT: {}
COMMAND: POST /session/b650fd7e5e1a135de288473492e14b1e/execute/async - {"script":"<script> [1562 bytes]","args":[{"selector":{"controlType":"sap.m.SearchField","properties":{"placeholder":"Search"},"searchOpenDialogs":true,"interaction":{"idSuffix":"I"}},"wdio_ui5_key":"sapm.SearchField{\"placeholder\":\"Search\"}"}]}
RESULT: {"script":"<script> [1562 bytes]","args":[{"selector":{"controlType":"sap.m.SearchField","properties":{"placeholder":"Search"},"searchOpenDialogs":true,"interaction":{"idSuffix":"I"}},"wdio_ui5_key":"sapm.SearchField{\"placeholder\":\"Search\"}"}]}
RESULT: undefined
COMMAND: POST /session/b650fd7e5e1a135de288473492e14b1e/execute/async - {"script":"<script> [776 bytes]","args":[{"enterText":"A1-000100-01","selector":{"controlType":"sap.m.SearchField","properties":{"placeholder":"Search"},"searchOpenDialogs":true,"interaction":{"idSuffix":"I"}},"clearTextFirst":true,"interactionType":"ENTER_TEXT"}]}
RESULT: {"script":"<script> [776 bytes]","args":[{"enterText":"A1-000100-01","selector":{"controlType":"sap.m.SearchField","properties":{"placeholder":"Search"},"searchOpenDialogs":true,"interaction":{"idSuffix":"I"}},"clearTextFirst":true,"interactionType":"ENTER_TEXT"}]}
COMMAND: POST /session/b650fd7e5e1a135de288473492e14b1e/actions - {"actions":[{"id":"action23","type":"key","parameters":{},"actions":[{"type":"keyDown","value":""},{"type":"pause","duration":10},{"type":"keyUp","value":""}]}]}
RESULT: {"actions":[{"id":"action23","type":"key","parameters":{},"actions":[{"type":"keyDown","value":""},{"type":"pause","duration":10},{"type":"keyUp","value":""}]}]}
COMMAND: GET /session/b650fd7e5e1a135de288473492e14b1e/screenshot - {}
RESULT: {}
COMMAND: POST /session/b650fd7e5e1a135de288473492e14b1e/element - {"using":"xpath","value":"//span[contains(text(), \"Template for ETO-Process\")]"}
RESULT: {"using":"xpath","value":"//span[contains(text(), \"Template for ETO-Process\")]"}
COMMAND: POST /session/b650fd7e5e1a135de288473492e14b1e/element/f.07281D0795E18F1137881718A79AE278.d.E71ED952DBE2122477FB8B78B51F1D8C.e.8998/click - {}
RESULT: {}
COMMAND: GET /session/b650fd7e5e1a135de288473492e14b1e/screenshot - {}
RESULT: {}
COMMAND: POST /session/b650fd7e5e1a135de288473492e14b1e/element - {"using":"xpath","value":"//bdi[contains(text(), \"OK\")]"}
RESULT: {"using":"xpath","value":"//bdi[contains(text(), \"OK\")]"}
COMMAND: POST /session/b650fd7e5e1a135de288473492e14b1e/element/f.07281D0795E18F1137881718A79AE278.d.E71ED952DBE2122477FB8B78B51F1D8C.e.8999/click - {}
RESULT: {}
COMMAND: GET /session/b650fd7e5e1a135de288473492e14b1e/screenshot - {}
RESULT: {}
COMMAND: POST /session/b650fd7e5e1a135de288473492e14b1e/element - {"using":"xpath","value":"//input[@id=\"application-managesites-display-component---NewSite--addressDetailDetailsYard-inner\"]"}
RESULT: {"using":"xpath","value":"//input[@id=\"application-managesites-display-component---NewSite--addressDetailDetailsYard-inner\"]"}
COMMAND: POST /session/b650fd7e5e1a135de288473492e14b1e/element/f.07281D0795E18F1137881718A79AE278.d.E71ED952DBE2122477FB8B78B51F1D8C.e.8816/value - {"text":"webdriver"}
RESULT: {"text":"webdriver"}
COMMAND: GET /session/b650fd7e5e1a135de288473492e14b1e/screenshot - {}
RESULT: {}
COMMAND: POST /session/b650fd7e5e1a135de288473492e14b1e/actions - {"actions":[{"id":"action24","type":"key","parameters":{},"actions":[{"type":"keyDown","value":""},{"type":"pause","duration":10},{"type":"keyUp","value":""}]}]}
RESULT: {"actions":[{"id":"action24","type":"key","parameters":{},"actions":[{"type":"keyDown","value":""},{"type":"pause","duration":10},{"type":"keyUp","value":""}]}]}
COMMAND: GET /session/b650fd7e5e1a135de288473492e14b1e/screenshot - {}
RESULT: {}
COMMAND: POST /session/b650fd7e5e1a135de288473492e14b1e/element - {"using":"xpath","value":"//input[@id=\"application-managesites-display-component---NewSite--addressDetailDetailsPartner-inner\"]"}
RESULT: {"using":"xpath","value":"//input[@id=\"application-managesites-display-component---NewSite--addressDetailDetailsPartner-inner\"]"}
COMMAND: POST /session/b650fd7e5e1a135de288473492e14b1e/elements - {"using":"xpath","value":"//input[@id=\"application-managesites-display-component---NewSite--addressDetailDetailsPartner-inner\"]"}
RESULT: {"using":"xpath","value":"//input[@id=\"application-managesites-display-component---NewSite--addressDetailDetailsPartner-inner\"]"}
COMMAND: POST /session/b650fd7e5e1a135de288473492e14b1e/execute/async - {"script":"<script> [1562 bytes]","args":[{"selector":{"controlType":"sap.m.Button","viewName":"etm.portal.ui.managesites.view.NewSmartSite","viewId":"application-managesites-display-component---NewSite","properties":{"text":"Commercial"},"interaction":{"idSuffix":"BDI-content"}},"wdio_ui5_key":"etmportal.ui.managesites.view.NewSmartSitesap.m.Button{\"text\":\"Commercial\"}"}]}
RESULT: {"script":"<script> [1562 bytes]","args":[{"selector":{"controlType":"sap.m.Button","viewName":"etm.portal.ui.managesites.view.NewSmartSite","viewId":"application-managesites-display-component---NewSite","properties":{"text":"Commercial"},"interaction":{"idSuffix":"BDI-content"}},"wdio_ui5_key":"etmportal.ui.managesites.view.NewSmartSitesap.m.Button{\"text\":\"Commercial\"}"}]}
RESULT: undefined
COMMAND: POST /session/b650fd7e5e1a135de288473492e14b1e/element - {"using":"xpath","value":"//*[@id=\"application-managesites-display-component---NewSite--ObjectPageLayout-anchBar-__section5-anchor\"]"}
RESULT: {"using":"xpath","value":"//*[@id=\"application-managesites-display-component---NewSite--ObjectPageLayout-anchBar-__section5-anchor\"]"}
COMMAND: POST /session/b650fd7e5e1a135de288473492e14b1e/element/f.07281D0795E18F1137881718A79AE278.d.E71ED952DBE2122477FB8B78B51F1D8C.e.9006/click - {}
RESULT: {}
COMMAND: POST /session/b650fd7e5e1a135de288473492e14b1e/execute/async - {"script":"<script> [1562 bytes]","args":[{"selector":{"controlType":"sap.m.Button","viewName":"etm.portal.ui.managesites.view.NewSmartSite","viewId":"application-managesites-display-component---NewSite","i18NText":{"propertyName":"text","key":"save"},"interaction":{"idSuffix":"BDI-content"}},"wdio_ui5_key":"etmportal.ui.managesites.view.NewSmartSitesap.m.Button{\"propertyName\":\"text\",\"key\":\"save\"}"}]}
COMMAND: GET /session/b650fd7e5e1a135de288473492e14b1e/screenshot - {}
RESULT: {"script":"<script> [1562 bytes]","args":[{"selector":{"controlType":"sap.m.Button","viewName":"etm.portal.ui.managesites.view.NewSmartSite","viewId":"application-managesites-display-component---NewSite","i18NText":{"propertyName":"text","key":"save"},"interaction":{"idSuffix":"BDI-content"}},"wdio_ui5_key":"etmportal.ui.managesites.view.NewSmartSitesap.m.Button{\"propertyName\":\"text\",\"key\":\"save\"}"}]}
RESULT: undefined
COMMAND: POST /session/b650fd7e5e1a135de288473492e14b1e/element - {"using":"xpath","value":"//*[@id=\"__button16\"]"}
RESULT: {}
RESULT: {"using":"xpath","value":"//*[@id=\"__button16\"]"}
COMMAND: POST /session/b650fd7e5e1a135de288473492e14b1e/element/f.07281D0795E18F1137881718A79AE278.d.E71ED952DBE2122477FB8B78B51F1D8C.e.8949/click - {}
RESULT: {}
COMMAND: GET /session/b650fd7e5e1a135de288473492e14b1e/screenshot - {}
RESULT: {}
COMMAND: POST /session/b650fd7e5e1a135de288473492e14b1e/execute/async - {"script":"<script> [1562 bytes]","args":[{"selector":{"id":"application-managesites-display-component---detailSite--addressDetailDetailsYardText"},"wdio_ui5_key":"applicationmanagesites-display-component---detailSite--addressDetailDetailsYardText"}]}
RESULT: {"script":"<script> [1562 bytes]","args":[{"selector":{"id":"application-managesites-display-component---detailSite--addressDetailDetailsYardText"},"wdio_ui5_key":"applicationmanagesites-display-component---detailSite--addressDetailDetailsYardText"}]}
RESULT: undefined
COMMAND: POST /session/b650fd7e5e1a135de288473492e14b1e/execute/async - {"script":"<script> [1562 bytes]","args":[{"selector":{"controlType":"sap.m.Label","viewName":"etm.portal.ui.managesites.view.Detail","viewId":"application-managesites-display-component---detailSite","i18NText":{"propertyName":"text","key":"status"}},"wdio_ui5_key":"etmportal.ui.managesites.view.Detailsap.m.Label{\"propertyName\":\"text\",\"key\":\"status\"}"}]}
RESULT: {"script":"<script> [1562 bytes]","args":[{"selector":{"controlType":"sap.m.Label","viewName":"etm.portal.ui.managesites.view.Detail","viewId":"application-managesites-display-component---detailSite","i18NText":{"propertyName":"text","key":"status"}},"wdio_ui5_key":"etmportal.ui.managesites.view.Detailsap.m.Label{\"propertyName\":\"text\",\"key\":\"status\"}"}]}
RESULT: undefined
COMMAND: POST /session/b650fd7e5e1a135de288473492e14b1e/execute/async - {"script":"<script> [6424 bytes]","args":[{"element-6066-11e4-a52e-4f735466cecf":"f.07281D0795E18F1137881718A79AE278.d.E71ED952DBE2122477FB8B78B51F1D8C.e.9158"},"getText",[]]}
RESULT: {"script":"<script> [6424 bytes]","args":[{"element-6066-11e4-a52e-4f735466cecf":"f.07281D0795E18F1137881718A79AE278.d.E71ED952DBE2122477FB8B78B51F1D8C.e.9158"},"getText",[]]}
]]></system-out>
    </testcase>
    <testcase classname="chrome.135_0_7049_42.windows.Dynamic_site_option_US120073" name="Should edit partner field" time="14.378">
      <system-out><![CDATA[
COMMAND: POST /session/b650fd7e5e1a135de288473492e14b1e/execute/async - {"script":"<script> [1562 bytes]","args":[{"selector":{"controlType":"sap.m.Button","viewName":"etm.portal.ui.managesites.view.Detail","viewId":"application-managesites-display-component---detailSite","i18NText":{"propertyName":"text","key":"edit"},"interaction":{"idSuffix":"content"}},"wdio_ui5_key":"etmportal.ui.managesites.view.Detailsap.m.Button{\"propertyName\":\"text\",\"key\":\"edit\"}"}]}
RESULT: {"script":"<script> [1562 bytes]","args":[{"selector":{"controlType":"sap.m.Button","viewName":"etm.portal.ui.managesites.view.Detail","viewId":"application-managesites-display-component---detailSite","i18NText":{"propertyName":"text","key":"edit"},"interaction":{"idSuffix":"content"}},"wdio_ui5_key":"etmportal.ui.managesites.view.Detailsap.m.Button{\"propertyName\":\"text\",\"key\":\"edit\"}"}]}
RESULT: undefined
COMMAND: POST /session/b650fd7e5e1a135de288473492e14b1e/element - {"using":"xpath","value":"//*[@id=\"__button35\"]"}
RESULT: {"using":"xpath","value":"//*[@id=\"__button35\"]"}
COMMAND: POST /session/b650fd7e5e1a135de288473492e14b1e/element/f.07281D0795E18F1137881718A79AE278.d.E71ED952DBE2122477FB8B78B51F1D8C.e.9172/click - {}
RESULT: {}
COMMAND: GET /session/b650fd7e5e1a135de288473492e14b1e/screenshot - {}
RESULT: {}
COMMAND: POST /session/b650fd7e5e1a135de288473492e14b1e/element - {"using":"xpath","value":"//bdi[contains(text(), \"Commercial\")]"}
RESULT: {"using":"xpath","value":"//bdi[contains(text(), \"Commercial\")]"}
COMMAND: POST /session/b650fd7e5e1a135de288473492e14b1e/element/f.07281D0795E18F1137881718A79AE278.d.E71ED952DBE2122477FB8B78B51F1D8C.e.9321/click - {}
RESULT: {}
COMMAND: POST /session/b650fd7e5e1a135de288473492e14b1e/element - {"using":"xpath","value":"//input[@id=\"application-managesites-display-component---NewSite--addressDetailDetailsPartner-inner\"]"}
COMMAND: GET /session/b650fd7e5e1a135de288473492e14b1e/screenshot - {}
RESULT: {}
RESULT: {"using":"xpath","value":"//input[@id=\"application-managesites-display-component---NewSite--addressDetailDetailsPartner-inner\"]"}
COMMAND: POST /session/b650fd7e5e1a135de288473492e14b1e/elements - {"using":"xpath","value":"//input[@id=\"application-managesites-display-component---NewSite--addressDetailDetailsPartner-inner\"]"}
RESULT: {"using":"xpath","value":"//input[@id=\"application-managesites-display-component---NewSite--addressDetailDetailsPartner-inner\"]"}
COMMAND: POST /session/b650fd7e5e1a135de288473492e14b1e/element - {"using":"xpath","value":"//bdi[contains(text(), \"Save\")]"}
RESULT: {"using":"xpath","value":"//bdi[contains(text(), \"Save\")]"}
COMMAND: POST /session/b650fd7e5e1a135de288473492e14b1e/element - {"using":"css selector","value":"#j_username"}
COMMAND: POST /session/b650fd7e5e1a135de288473492e14b1e/url - {"url":"https://qa-testing-00-live-etm-ui.cfapps.eu10-004.hana.ondemand.com/"}
RESULT: {"using":"css selector","value":"#j_username"}
COMMAND: POST /session/b650fd7e5e1a135de288473492e14b1e/element - {"using":"css selector","value":"#j_username"}
RESULT: {"url":"https://qa-testing-00-live-etm-ui.cfapps.eu10-004.hana.ondemand.com/"}
RESULT: undefined
COMMAND: GET /session/b650fd7e5e1a135de288473492e14b1e/screenshot - {}
RESULT: {"using":"css selector","value":"#j_username"}
COMMAND: POST /session/b650fd7e5e1a135de288473492e14b1e/element - {"using":"css selector","value":"#shell-header-logo"}
RESULT: {}
RESULT: {"using":"css selector","value":"#shell-header-logo"}
COMMAND: POST /session/b650fd7e5e1a135de288473492e14b1e/execute/sync - {"script":"<script> [8489 bytes]","args":[{"element-6066-11e4-a52e-4f735466cecf":"f.07281D0795E18F1137881718A79AE278.d.9D4440F659367BA07A3C4CA2F278633B.e.9343","ELEMENT":"f.07281D0795E18F1137881718A79AE278.d.9D4440F659367BA07A3C4CA2F278633B.e.9343"}]}
RESULT: {"script":"<script> [8489 bytes]","args":[{"element-6066-11e4-a52e-4f735466cecf":"f.07281D0795E18F1137881718A79AE278.d.9D4440F659367BA07A3C4CA2F278633B.e.9343","ELEMENT":"f.07281D0795E18F1137881718A79AE278.d.9D4440F659367BA07A3C4CA2F278633B.e.9343"}]}
COMMAND: POST /session/b650fd7e5e1a135de288473492e14b1e/element - {"using":"css selector","value":"#shell-header-logo"}
COMMAND: GET /session/b650fd7e5e1a135de288473492e14b1e/screenshot - {}
RESULT: {"using":"css selector","value":"#shell-header-logo"}
COMMAND: POST /session/b650fd7e5e1a135de288473492e14b1e/execute/sync - {"script":"<script> [8489 bytes]","args":[{"element-6066-11e4-a52e-4f735466cecf":"f.07281D0795E18F1137881718A79AE278.d.9D4440F659367BA07A3C4CA2F278633B.e.9343","ELEMENT":"f.07281D0795E18F1137881718A79AE278.d.9D4440F659367BA07A3C4CA2F278633B.e.9343"}]}
RESULT: {}
RESULT: {"script":"<script> [8489 bytes]","args":[{"element-6066-11e4-a52e-4f735466cecf":"f.07281D0795E18F1137881718A79AE278.d.9D4440F659367BA07A3C4CA2F278633B.e.9343","ELEMENT":"f.07281D0795E18F1137881718A79AE278.d.9D4440F659367BA07A3C4CA2F278633B.e.9343"}]}
COMMAND: POST /session/b650fd7e5e1a135de288473492e14b1e/execute/sync - {"script":"<script> [5351 bytes]","args":[{"element-6066-11e4-a52e-4f735466cecf":"f.07281D0795E18F1137881718A79AE278.d.9D4440F659367BA07A3C4CA2F278633B.e.9343","ELEMENT":"f.07281D0795E18F1137881718A79AE278.d.9D4440F659367BA07A3C4CA2F278633B.e.9343"}]}
COMMAND: GET /session/b650fd7e5e1a135de288473492e14b1e/screenshot - {}
RESULT: {"script":"<script> [5351 bytes]","args":[{"element-6066-11e4-a52e-4f735466cecf":"f.07281D0795E18F1137881718A79AE278.d.9D4440F659367BA07A3C4CA2F278633B.e.9343","ELEMENT":"f.07281D0795E18F1137881718A79AE278.d.9D4440F659367BA07A3C4CA2F278633B.e.9343"}]}
COMMAND: POST /session/b650fd7e5e1a135de288473492e14b1e/element - {"using":"css selector","value":"#shell-header-logo"}
COMMAND: GET /session/b650fd7e5e1a135de288473492e14b1e/screenshot - {}
RESULT: {}
RESULT: {"using":"css selector","value":"#shell-header-logo"}
COMMAND: POST /session/b650fd7e5e1a135de288473492e14b1e/element/f.07281D0795E18F1137881718A79AE278.d.9D4440F659367BA07A3C4CA2F278633B.e.9343/click - {}
RESULT: {}
RESULT: {}
COMMAND: GET /session/b650fd7e5e1a135de288473492e14b1e/screenshot - {}
RESULT: {}
COMMAND: POST /session/b650fd7e5e1a135de288473492e14b1e/execute/async - {"script":"<script> [189 bytes]","args":[]}
RESULT: {"script":"<script> [189 bytes]","args":[]}
COMMAND: POST /session/b650fd7e5e1a135de288473492e14b1e/execute/async - {"script":"<script> [123 bytes]","args":[]}
RESULT: {"script":"<script> [123 bytes]","args":[]}
COMMAND: POST /session/b650fd7e5e1a135de288473492e14b1e/timeouts - {"script":"<number>"}
RESULT: {"script":"<number>"}
COMMAND: GET /session/b650fd7e5e1a135de288473492e14b1e/timeouts - {}
RESULT: {}
RESULT: undefined
COMMAND: POST /session/b650fd7e5e1a135de288473492e14b1e/execute/async - {"script":"<script> [2676 bytes]","args":[]}
RESULT: {"script":"<script> [2676 bytes]","args":[]}
COMMAND: POST /session/b650fd7e5e1a135de288473492e14b1e/execute/async - {"script":"<script> [2342 bytes]","args":[{"protocol":"http","hostname":"0.0.0.0","path":"/","capabilities":{"browserName":"chrome","goog:chromeOptions":{"binary":"C:\\Program Files\\Google\\Chrome\\Application\\chrome.exe"}},"logLevel":"warn","connectionRetryTimeout":120000,"connectionRetryCount":3,"logLevels":{},"enableDirectConnect":true,"strictSSL":true,"_":"65 more keys: [\"cacheDir\",\"port\",\"requestedCapabilities\",\"automationProtocol\",\"baseUrl\",\"waitforInterval\",\"waitforTimeout\",\"onReload\",\"beforeCommand\",\"afterCommand\",\"rootDir\",\"specs\",\"suites\",\"exclude\",\"groupLogsByTestSpec\",\"excludeDriverLogs\",\"bail\",\"framework\",\"reporters\",\"services\",\"maxInstances\",\"maxInstancesPerCapability\",\"injectGlobals\",\"filesToWatch\",\"execArgv\",\"runnerEnv\",\"runner\",\"shard\",\"specFileRetries\",\"specFileRetriesDelay\",\"specFileRetriesDeferred\",\"reporterSyncInterval\",\"reporterSyncTimeout\",\"cucumberFeaturesWithLineNumbers\",\"autoCompileOpts\",\"mochaOpts\",\"jasmineOpts\",\"cucumberOpts\",\"onPrepare\",\"onWorkerStart\",\"onWorkerEnd\",\"before\",\"beforeSession\",\"beforeSuite\",\"beforeHook\",\"beforeTest\",\"afterTest\",\"afterHook\",\"afterSuite\",\"afterSession\",\"after\",\"onComplete\",\"beforeAssertion\",\"afterAssertion\",\"beforeFeature\",\"beforeScenario\",\"beforeStep\",\"afterStep\",\"afterScenario\",\"afterFeature\",\"_\",\"suite\",\"$0\",\"ignoredWorkerServices\",\"wdi5\"]"}]}
RESULT: {"script":"<script> [2342 bytes]","args":[{"protocol":"http","hostname":"0.0.0.0","path":"/","capabilities":{"browserName":"chrome","goog:chromeOptions":{"binary":"C:\\Program Files\\Google\\Chrome\\Application\\chrome.exe"}},"logLevel":"warn","connectionRetryTimeout":120000,"connectionRetryCount":3,"logLevels":{},"enableDirectConnect":true,"strictSSL":true,"_":"65 more keys: [\"cacheDir\",\"port\",\"requestedCapabilities\",\"automationProtocol\",\"baseUrl\",\"waitforInterval\",\"waitforTimeout\",\"onReload\",\"beforeCommand\",\"afterCommand\",\"rootDir\",\"specs\",\"suites\",\"exclude\",\"groupLogsByTestSpec\",\"excludeDriverLogs\",\"bail\",\"framework\",\"reporters\",\"services\",\"maxInstances\",\"maxInstancesPerCapability\",\"injectGlobals\",\"filesToWatch\",\"execArgv\",\"runnerEnv\",\"runner\",\"shard\",\"specFileRetries\",\"specFileRetriesDelay\",\"specFileRetriesDeferred\",\"reporterSyncInterval\",\"reporterSyncTimeout\",\"cucumberFeaturesWithLineNumbers\",\"autoCompileOpts\",\"mochaOpts\",\"jasmineOpts\",\"cucumberOpts\",\"onPrepare\",\"onWorkerStart\",\"onWorkerEnd\",\"before\",\"beforeSession\",\"beforeSuite\",\"beforeHook\",\"beforeTest\",\"afterTest\",\"afterHook\",\"afterSuite\",\"afterSession\",\"after\",\"onComplete\",\"beforeAssertion\",\"afterAssertion\",\"beforeFeature\",\"beforeScenario\",\"beforeStep\",\"afterStep\",\"afterScenario\",\"afterFeature\",\"_\",\"suite\",\"$0\",\"ignoredWorkerServices\",\"wdi5\"]"}]}
COMMAND: POST /session/b650fd7e5e1a135de288473492e14b1e/execute/async - {"script":"<script> [21126 bytes]","args":[35000]}
RESULT: {"script":"<script> [21126 bytes]","args":[35000]}
COMMAND: POST /session/b650fd7e5e1a135de288473492e14b1e/window/maximize - {}
RESULT: {}
COMMAND: POST /session/b650fd7e5e1a135de288473492e14b1e/execute/async - {"script":"<script> [1562 bytes]","args":[{"selector":{"id":"shell-header","interaction":{"idSuffix":"icon"}},"wdio_ui5_key":"shellheader"}]}
COMMAND: GET /session/b650fd7e5e1a135de288473492e14b1e/screenshot - {}
RESULT: {"script":"<script> [1562 bytes]","args":[{"selector":{"id":"shell-header","interaction":{"idSuffix":"icon"}},"wdio_ui5_key":"shellheader"}]}
RESULT: undefined
RESULT: {}
]]></system-out>
    </testcase>
  </testsuite>
  <testsuite timestamp="2025-04-12T15:49:07" time="463.822" tests="5" failures="0" errors="0" skipped="0">
    <properties>
      <property name="specId" value="0"/>
      <property name="suiteName" value="Warehouse movements inventory test"/>
      <property name="capabilities" value="chrome.135_0_7049_42.windows"/>
      <property name="file" value="file:///D:/a/1/s/test/specs/R2C/create-resource.spec.js"/>
    </properties>
    <testcase classname="chrome.135_0_7049_42.windows.Warehouse_movements_inventory_test" name="Should create a new WHM yard" time="134.488">
      <system-out><![CDATA[
COMMAND: POST /session/b650fd7e5e1a135de288473492e14b1e/execute/async - {"script":"<script> [1562 bytes]","args":[{"selector":{"controlType":"sap.m.GenericTile","properties":{"header":"Manage Yards"}},"wdio_ui5_key":"sapm.GenericTile{\"header\":\"Manage Yards\"}"}]}
RESULT: {"script":"<script> [1562 bytes]","args":[{"selector":{"controlType":"sap.m.GenericTile","properties":{"header":"Manage Yards"}},"wdio_ui5_key":"sapm.GenericTile{\"header\":\"Manage Yards\"}"}]}
RESULT: undefined
COMMAND: POST /session/b650fd7e5e1a135de288473492e14b1e/element - {"using":"xpath","value":"//*[@id=\"__tile41\"]"}
RESULT: {"using":"xpath","value":"//*[@id=\"__tile41\"]"}
COMMAND: POST /session/b650fd7e5e1a135de288473492e14b1e/element/f.07281D0795E18F1137881718A79AE278.d.9D4440F659367BA07A3C4CA2F278633B.e.9354/click - {}
RESULT: {}
COMMAND: GET /session/b650fd7e5e1a135de288473492e14b1e/screenshot - {}
RESULT: {}
COMMAND: POST /session/b650fd7e5e1a135de288473492e14b1e/execute/async - {"script":"<script> [1562 bytes]","args":[{"selector":{"controlType":"sap.ui.core.Icon","viewName":"etm.portal.ui.manageyards.view.Master","viewId":"application-manageyards-display-component---masterYard","properties":{"src":{"regex":{"source":"add"}}}},"wdio_ui5_key":"etmportal.ui.manageyards.view.Mastersap.ui.core.Icon{\"src\":{\"regex\":{\"source\":\"add\"}}}"}]}
RESULT: {"script":"<script> [1562 bytes]","args":[{"selector":{"controlType":"sap.ui.core.Icon","viewName":"etm.portal.ui.manageyards.view.Master","viewId":"application-manageyards-display-component---masterYard","properties":{"src":{"regex":{"source":"add"}}}},"wdio_ui5_key":"etmportal.ui.manageyards.view.Mastersap.ui.core.Icon{\"src\":{\"regex\":{\"source\":\"add\"}}}"}]}
RESULT: undefined
COMMAND: POST /session/b650fd7e5e1a135de288473492e14b1e/element - {"using":"xpath","value":"//*[@id=\"__button4-img\"]"}
RESULT: {"using":"xpath","value":"//*[@id=\"__button4-img\"]"}
COMMAND: POST /session/b650fd7e5e1a135de288473492e14b1e/element/f.07281D0795E18F1137881718A79AE278.d.9D4440F659367BA07A3C4CA2F278633B.e.9398/click - {}
RESULT: {}
COMMAND: GET /session/b650fd7e5e1a135de288473492e14b1e/screenshot - {}
RESULT: {}
COMMAND: POST /session/b650fd7e5e1a135de288473492e14b1e/execute/async - {"script":"<script> [1562 bytes]","args":[{"selector":{"id":"application-manageyards-display-component---NewYard--yardId","interaction":{"idSuffix":"inner"}},"wdio_ui5_key":"applicationmanageyards-display-component---NewYard--yardId"}]}
RESULT: {"script":"<script> [1562 bytes]","args":[{"selector":{"id":"application-manageyards-display-component---NewYard--yardId","interaction":{"idSuffix":"inner"}},"wdio_ui5_key":"applicationmanageyards-display-component---NewYard--yardId"}]}
RESULT: undefined
COMMAND: POST /session/b650fd7e5e1a135de288473492e14b1e/element - {"using":"xpath","value":"//*[@id=\"application-manageyards-display-component---NewYard--addressDetailDetailsName1-inner\"]"}
RESULT: {"using":"xpath","value":"//*[@id=\"application-manageyards-display-component---NewYard--addressDetailDetailsName1-inner\"]"}
COMMAND: POST /session/b650fd7e5e1a135de288473492e14b1e/element/f.07281D0795E18F1137881718A79AE278.d.9D4440F659367BA07A3C4CA2F278633B.e.9528/clear - {}
RESULT: {}
COMMAND: POST /session/b650fd7e5e1a135de288473492e14b1e/element/f.07281D0795E18F1137881718A79AE278.d.9D4440F659367BA07A3C4CA2F278633B.e.9528/value - {"text":"WebdriverWHMYardffc33"}
COMMAND: GET /session/b650fd7e5e1a135de288473492e14b1e/screenshot - {}
RESULT: {"text":"WebdriverWHMYardffc33"}
COMMAND: POST /session/b650fd7e5e1a135de288473492e14b1e/element - {"using":"xpath","value":"//*[@id=\"application-manageyards-display-component---NewYard--addressDetailDetailsLanguage-inner\"]"}
COMMAND: GET /session/b650fd7e5e1a135de288473492e14b1e/screenshot - {}
RESULT: {}
RESULT: {"using":"xpath","value":"//*[@id=\"application-manageyards-display-component---NewYard--addressDetailDetailsLanguage-inner\"]"}
COMMAND: POST /session/b650fd7e5e1a135de288473492e14b1e/element/f.07281D0795E18F1137881718A79AE278.d.9D4440F659367BA07A3C4CA2F278633B.e.9529/clear - {}
RESULT: {}
RESULT: {}
COMMAND: POST /session/b650fd7e5e1a135de288473492e14b1e/element/f.07281D0795E18F1137881718A79AE278.d.9D4440F659367BA07A3C4CA2F278633B.e.9529/value - {"text":"Romanian"}
COMMAND: GET /session/b650fd7e5e1a135de288473492e14b1e/screenshot - {}
RESULT: {"text":"Romanian"}
COMMAND: POST /session/b650fd7e5e1a135de288473492e14b1e/element - {"using":"xpath","value":"//input[contains(@id ,\"application-manageyards-display-component---NewYard--addressDetailDetailsName1-inner\")]"}
COMMAND: GET /session/b650fd7e5e1a135de288473492e14b1e/screenshot - {}
RESULT: {}
RESULT: {"using":"xpath","value":"//input[contains(@id ,\"application-manageyards-display-component---NewYard--addressDetailDetailsName1-inner\")]"}
COMMAND: GET /session/b650fd7e5e1a135de288473492e14b1e/element/f.07281D0795E18F1137881718A79AE278.d.9D4440F659367BA07A3C4CA2F278633B.e.9528/property/value - {}
RESULT: {}
RESULT: {}
COMMAND: GET /session/b650fd7e5e1a135de288473492e14b1e/screenshot - {}
RESULT: {}
COMMAND: POST /session/b650fd7e5e1a135de288473492e14b1e/element - {"using":"xpath","value":"//*[@id=\"application-manageyards-display-component---NewYard--addressDetailDetailsCity1-inner\"]"}
RESULT: {"using":"xpath","value":"//*[@id=\"application-manageyards-display-component---NewYard--addressDetailDetailsCity1-inner\"]"}
COMMAND: POST /session/b650fd7e5e1a135de288473492e14b1e/element/f.07281D0795E18F1137881718A79AE278.d.9D4440F659367BA07A3C4CA2F278633B.e.9531/clear - {}
RESULT: {}
COMMAND: POST /session/b650fd7e5e1a135de288473492e14b1e/element/f.07281D0795E18F1137881718A79AE278.d.9D4440F659367BA07A3C4CA2F278633B.e.9531/value - {"text":"Bucuresti"}
COMMAND: GET /session/b650fd7e5e1a135de288473492e14b1e/screenshot - {}
RESULT: {"text":"Bucuresti"}
COMMAND: GET /session/b650fd7e5e1a135de288473492e14b1e/screenshot - {}
RESULT: {}
RESULT: {}
COMMAND: POST /session/b650fd7e5e1a135de288473492e14b1e/element - {"using":"xpath","value":"//*[@id=\"application-manageyards-display-component---NewYard--addressDetailDetailsCountry-inner\"]"}
RESULT: {"using":"xpath","value":"//*[@id=\"application-manageyards-display-component---NewYard--addressDetailDetailsCountry-inner\"]"}
COMMAND: POST /session/b650fd7e5e1a135de288473492e14b1e/element/f.07281D0795E18F1137881718A79AE278.d.9D4440F659367BA07A3C4CA2F278633B.e.9535/clear - {}
RESULT: {}
COMMAND: POST /session/b650fd7e5e1a135de288473492e14b1e/element/f.07281D0795E18F1137881718A79AE278.d.9D4440F659367BA07A3C4CA2F278633B.e.9535/value - {"text":"Romania"}
COMMAND: GET /session/b650fd7e5e1a135de288473492e14b1e/screenshot - {}
RESULT: {"text":"Romania"}
COMMAND: GET /session/b650fd7e5e1a135de288473492e14b1e/screenshot - {}
RESULT: {}
RESULT: {}
COMMAND: POST /session/b650fd7e5e1a135de288473492e14b1e/execute/async - {"script":"<script> [1562 bytes]","args":[{"selector":{"controlType":"sap.m.Button","viewName":"etm.portal.ui.manageyards.view.New","viewId":"application-manageyards-display-component---NewYard","properties":{"text":"Commercial"},"interaction":{"idSuffix":"BDI-content"}},"wdio_ui5_key":"etmportal.ui.manageyards.view.Newsap.m.Button{\"text\":\"Commercial\"}"}]}
RESULT: {"script":"<script> [1562 bytes]","args":[{"selector":{"controlType":"sap.m.Button","viewName":"etm.portal.ui.manageyards.view.New","viewId":"application-manageyards-display-component---NewYard","properties":{"text":"Commercial"},"interaction":{"idSuffix":"BDI-content"}},"wdio_ui5_key":"etmportal.ui.manageyards.view.Newsap.m.Button{\"text\":\"Commercial\"}"}]}
RESULT: undefined
COMMAND: POST /session/b650fd7e5e1a135de288473492e14b1e/element - {"using":"xpath","value":"//*[@id=\"application-manageyards-display-component---NewYard--ObjectPageLayout-anchBar-__section5-anchor\"]"}
RESULT: {"using":"xpath","value":"//*[@id=\"application-manageyards-display-component---NewYard--ObjectPageLayout-anchBar-__section5-anchor\"]"}
COMMAND: POST /session/b650fd7e5e1a135de288473492e14b1e/element/f.07281D0795E18F1137881718A79AE278.d.9D4440F659367BA07A3C4CA2F278633B.e.9801/click - {}
RESULT: {}
COMMAND: GET /session/b650fd7e5e1a135de288473492e14b1e/screenshot - {}
RESULT: {}
COMMAND: POST /session/b650fd7e5e1a135de288473492e14b1e/element - {"using":"xpath","value":"//div[contains(text(), \"Commercial\")]"}
RESULT: {"using":"xpath","value":"//div[contains(text(), \"Commercial\")]"}
COMMAND: GET /session/b650fd7e5e1a135de288473492e14b1e/element/f.07281D0795E18F1137881718A79AE278.d.9D4440F659367BA07A3C4CA2F278633B.e.9818/rect - {}
RESULT: {}
COMMAND: GET /session/b650fd7e5e1a135de288473492e14b1e/window/rect - {}
RESULT: {}
COMMAND: POST /session/b650fd7e5e1a135de288473492e14b1e/execute/sync - {"script":"<script> [92 bytes]","args":[]}
RESULT: {"script":"<script> [92 bytes]","args":[]}
COMMAND: POST /session/b650fd7e5e1a135de288473492e14b1e/actions - {"actions":[{"id":"action25","type":"wheel","parameters":{},"actions":[{"type":"scroll","x":-1841,"y":-44,"deltaX":0,"deltaY":0,"duration":0,"origin":{"element-6066-11e4-a52e-4f735466cecf":"f.07281D0795E18F1137881718A79AE278.d.9D4440F659367BA07A3C4CA2F278633B.e.9818"}}]}]}
COMMAND: GET /session/b650fd7e5e1a135de288473492e14b1e/screenshot - {}
RESULT: {}
COMMAND: POST /session/b650fd7e5e1a135de288473492e14b1e/execute/sync - {"script":"<script> [79 bytes]","args":[{"element-6066-11e4-a52e-4f735466cecf":"f.07281D0795E18F1137881718A79AE278.d.9D4440F659367BA07A3C4CA2F278633B.e.9818","ELEMENT":"f.07281D0795E18F1137881718A79AE278.d.9D4440F659367BA07A3C4CA2F278633B.e.9818"},{"block":"start","inline":"nearest"}]}
RESULT: {"script":"<script> [79 bytes]","args":[{"element-6066-11e4-a52e-4f735466cecf":"f.07281D0795E18F1137881718A79AE278.d.9D4440F659367BA07A3C4CA2F278633B.e.9818","ELEMENT":"f.07281D0795E18F1137881718A79AE278.d.9D4440F659367BA07A3C4CA2F278633B.e.9818"},{"block":"start","inline":"nearest"}]}
COMMAND: GET /session/b650fd7e5e1a135de288473492e14b1e/screenshot - {}
RESULT: {}
COMMAND: POST /session/b650fd7e5e1a135de288473492e14b1e/execute/async - {"script":"<script> [1562 bytes]","args":[{"selector":{"id":"application-manageyards-display-component---NewYard--addressEditDetailsCostObjectCstType-arrow"},"wdio_ui5_key":"applicationmanageyards-display-component---NewYard--addressEditDetailsCostObjectCstType-arrow"}]}
RESULT: {"script":"<script> [1562 bytes]","args":[{"selector":{"id":"application-manageyards-display-component---NewYard--addressEditDetailsCostObjectCstType-arrow"},"wdio_ui5_key":"applicationmanageyards-display-component---NewYard--addressEditDetailsCostObjectCstType-arrow"}]}
RESULT: undefined
COMMAND: POST /session/b650fd7e5e1a135de288473492e14b1e/element - {"using":"xpath","value":"//*[@id=\"application-manageyards-display-component---NewYard--addressEditDetailsCostObjectCstType-arrow\"]"}
RESULT: {"using":"xpath","value":"//*[@id=\"application-manageyards-display-component---NewYard--addressEditDetailsCostObjectCstType-arrow\"]"}
COMMAND: POST /session/b650fd7e5e1a135de288473492e14b1e/element/f.07281D0795E18F1137881718A79AE278.d.9D4440F659367BA07A3C4CA2F278633B.e.9819/click - {}
RESULT: {}
COMMAND: POST /session/b650fd7e5e1a135de288473492e14b1e/element - {"using":"xpath","value":"//span[contains(text(), \"Cost Center\")]"}
COMMAND: GET /session/b650fd7e5e1a135de288473492e14b1e/screenshot - {}
RESULT: {"using":"xpath","value":"//span[contains(text(), \"Cost Center\")]"}
COMMAND: POST /session/b650fd7e5e1a135de288473492e14b1e/element/f.07281D0795E18F1137881718A79AE278.d.9D4440F659367BA07A3C4CA2F278633B.e.9820/click - {}
RESULT: {}
RESULT: {}
COMMAND: GET /session/b650fd7e5e1a135de288473492e14b1e/screenshot - {}
RESULT: {}
COMMAND: POST /session/b650fd7e5e1a135de288473492e14b1e/execute/async - {"script":"<script> [1562 bytes]","args":[{"selector":{"id":"application-manageyards-display-component---NewYard--addressNewCostObjectCstID-vhi"},"wdio_ui5_key":"applicationmanageyards-display-component---NewYard--addressNewCostObjectCstID-vhi"}]}
RESULT: {"script":"<script> [1562 bytes]","args":[{"selector":{"id":"application-manageyards-display-component---NewYard--addressNewCostObjectCstID-vhi"},"wdio_ui5_key":"applicationmanageyards-display-component---NewYard--addressNewCostObjectCstID-vhi"}]}
RESULT: undefined
COMMAND: POST /session/b650fd7e5e1a135de288473492e14b1e/element - {"using":"xpath","value":"//*[@id=\"application-manageyards-display-component---NewYard--addressNewCostObjectCstID-vhi\"]"}
RESULT: {"using":"xpath","value":"//*[@id=\"application-manageyards-display-component---NewYard--addressNewCostObjectCstID-vhi\"]"}
COMMAND: POST /session/b650fd7e5e1a135de288473492e14b1e/element/f.07281D0795E18F1137881718A79AE278.d.9D4440F659367BA07A3C4CA2F278633B.e.9823/click - {}
RESULT: {}
COMMAND: GET /session/b650fd7e5e1a135de288473492e14b1e/screenshot - {}
RESULT: {}
COMMAND: POST /session/b650fd7e5e1a135de288473492e14b1e/execute/async - {"script":"<script> [1562 bytes]","args":[{"selector":{"controlType":"sap.m.SearchField","properties":{"placeholder":"Search"},"searchOpenDialogs":true,"interaction":{"idSuffix":"I"}},"wdio_ui5_key":"sapm.SearchField{\"placeholder\":\"Search\"}"}]}
RESULT: {"script":"<script> [1562 bytes]","args":[{"selector":{"controlType":"sap.m.SearchField","properties":{"placeholder":"Search"},"searchOpenDialogs":true,"interaction":{"idSuffix":"I"}},"wdio_ui5_key":"sapm.SearchField{\"placeholder\":\"Search\"}"}]}
RESULT: undefined
COMMAND: POST /session/b650fd7e5e1a135de288473492e14b1e/execute/async - {"script":"<script> [776 bytes]","args":[{"enterText":"10001013","selector":{"controlType":"sap.m.SearchField","properties":{"placeholder":"Search"},"searchOpenDialogs":true,"interaction":{"idSuffix":"I"}},"clearTextFirst":true,"interactionType":"ENTER_TEXT"}]}
RESULT: {"script":"<script> [776 bytes]","args":[{"enterText":"10001013","selector":{"controlType":"sap.m.SearchField","properties":{"placeholder":"Search"},"searchOpenDialogs":true,"interaction":{"idSuffix":"I"}},"clearTextFirst":true,"interactionType":"ENTER_TEXT"}]}
COMMAND: POST /session/b650fd7e5e1a135de288473492e14b1e/actions - {"actions":[{"id":"action26","type":"key","parameters":{},"actions":[{"type":"keyDown","value":""},{"type":"pause","duration":10},{"type":"keyUp","value":""}]}]}
RESULT: {"actions":[{"id":"action26","type":"key","parameters":{},"actions":[{"type":"keyDown","value":""},{"type":"pause","duration":10},{"type":"keyUp","value":""}]}]}
COMMAND: GET /session/b650fd7e5e1a135de288473492e14b1e/screenshot - {}
RESULT: {}
COMMAND: POST /session/b650fd7e5e1a135de288473492e14b1e/element - {"using":"xpath","value":"//span[contains(text(), \"General Management\")]"}
RESULT: {"using":"xpath","value":"//span[contains(text(), \"General Management\")]"}
COMMAND: POST /session/b650fd7e5e1a135de288473492e14b1e/element/f.07281D0795E18F1137881718A79AE278.d.9D4440F659367BA07A3C4CA2F278633B.e.9864/click - {}
RESULT: {}
COMMAND: GET /session/b650fd7e5e1a135de288473492e14b1e/screenshot - {}
RESULT: {}
COMMAND: POST /session/b650fd7e5e1a135de288473492e14b1e/element - {"using":"xpath","value":"//bdi[contains(text(), \"OK\")]"}
RESULT: {"using":"xpath","value":"//bdi[contains(text(), \"OK\")]"}
COMMAND: POST /session/b650fd7e5e1a135de288473492e14b1e/element/f.07281D0795E18F1137881718A79AE278.d.9D4440F659367BA07A3C4CA2F278633B.e.9865/click - {}
RESULT: {}
COMMAND: GET /session/b650fd7e5e1a135de288473492e14b1e/screenshot - {}
RESULT: {}
COMMAND: POST /session/b650fd7e5e1a135de288473492e14b1e/execute/async - {"script":"<script> [1562 bytes]","args":[{"selector":{"id":"application-manageyards-display-component---NewYard--addressEditDetailsCurrency","interaction":{"idSuffix":"inner"}},"wdio_ui5_key":"applicationmanageyards-display-component---NewYard--addressEditDetailsCurrency"}]}
RESULT: {"script":"<script> [1562 bytes]","args":[{"selector":{"id":"application-manageyards-display-component---NewYard--addressEditDetailsCurrency","interaction":{"idSuffix":"inner"}},"wdio_ui5_key":"applicationmanageyards-display-component---NewYard--addressEditDetailsCurrency"}]}
RESULT: undefined
COMMAND: POST /session/b650fd7e5e1a135de288473492e14b1e/execute/async - {"script":"<script> [776 bytes]","args":[{"enterText":"Euro","selector":{"id":"application-manageyards-display-component---NewYard--addressEditDetailsCurrency","interaction":{"idSuffix":"inner"}},"clearTextFirst":true,"interactionType":"ENTER_TEXT"}]}
RESULT: {"script":"<script> [776 bytes]","args":[{"enterText":"Euro","selector":{"id":"application-manageyards-display-component---NewYard--addressEditDetailsCurrency","interaction":{"idSuffix":"inner"}},"clearTextFirst":true,"interactionType":"ENTER_TEXT"}]}
COMMAND: POST /session/b650fd7e5e1a135de288473492e14b1e/execute/async - {"script":"<script> [1562 bytes]","args":[{"selector":{"controlType":"sap.m.Input","viewName":"etm.portal.ui.manageyards.view.New","viewId":"application-manageyards-display-component---NewYard","bindingPath":{"path":"","propertyPath":"/CONTROLLING_AREA","modelName":"NewYardModel"},"interaction":{"idSuffix":"inner"}},"wdio_ui5_key":"etmportal.ui.manageyards.view.Newsap.m.Input{\"path\":\"\",\"propertyPath\":\"/CONTROLLING_AREA\",\"modelName\":\"NewYardModel\"}"}]}
RESULT: {"script":"<script> [1562 bytes]","args":[{"selector":{"controlType":"sap.m.Input","viewName":"etm.portal.ui.manageyards.view.New","viewId":"application-manageyards-display-component---NewYard","bindingPath":{"path":"","propertyPath":"/CONTROLLING_AREA","modelName":"NewYardModel"},"interaction":{"idSuffix":"inner"}},"wdio_ui5_key":"etmportal.ui.manageyards.view.Newsap.m.Input{\"path\":\"\",\"propertyPath\":\"/CONTROLLING_AREA\",\"modelName\":\"NewYardModel\"}"}]}
RESULT: undefined
COMMAND: POST /session/b650fd7e5e1a135de288473492e14b1e/execute/async - {"script":"<script> [776 bytes]","args":[{"enterText":"Z001","selector":{"controlType":"sap.m.Input","viewName":"etm.portal.ui.manageyards.view.New","viewId":"application-manageyards-display-component---NewYard","bindingPath":{"path":"","propertyPath":"/CONTROLLING_AREA","modelName":"NewYardModel"},"interaction":{"idSuffix":"inner"}},"clearTextFirst":true,"interactionType":"ENTER_TEXT"}]}
RESULT: {"script":"<script> [776 bytes]","args":[{"enterText":"Z001","selector":{"controlType":"sap.m.Input","viewName":"etm.portal.ui.manageyards.view.New","viewId":"application-manageyards-display-component---NewYard","bindingPath":{"path":"","propertyPath":"/CONTROLLING_AREA","modelName":"NewYardModel"},"interaction":{"idSuffix":"inner"}},"clearTextFirst":true,"interactionType":"ENTER_TEXT"}]}
COMMAND: POST /session/b650fd7e5e1a135de288473492e14b1e/execute/async - {"script":"<script> [1562 bytes]","args":[{"selector":{"id":"application-manageyards-display-component---NewYard--companyCodeComboBox","interaction":{"idSuffix":"inner"}},"wdio_ui5_key":"applicationmanageyards-display-component---NewYard--companyCodeComboBox"}]}
RESULT: {"script":"<script> [1562 bytes]","args":[{"selector":{"id":"application-manageyards-display-component---NewYard--companyCodeComboBox","interaction":{"idSuffix":"inner"}},"wdio_ui5_key":"applicationmanageyards-display-component---NewYard--companyCodeComboBox"}]}
RESULT: undefined
COMMAND: POST /session/b650fd7e5e1a135de288473492e14b1e/execute/async - {"script":"<script> [776 bytes]","args":[{"enterText":"1000","selector":{"id":"application-manageyards-display-component---NewYard--companyCodeComboBox","interaction":{"idSuffix":"inner"}},"clearTextFirst":true,"interactionType":"ENTER_TEXT"}]}
RESULT: {"script":"<script> [776 bytes]","args":[{"enterText":"1000","selector":{"id":"application-manageyards-display-component---NewYard--companyCodeComboBox","interaction":{"idSuffix":"inner"}},"clearTextFirst":true,"interactionType":"ENTER_TEXT"}]}
COMMAND: POST /session/b650fd7e5e1a135de288473492e14b1e/actions - {"actions":[{"id":"action27","type":"key","parameters":{},"actions":[{"type":"keyDown","value":""},{"type":"pause","duration":10},{"type":"keyUp","value":""}]}]}
RESULT: {"actions":[{"id":"action27","type":"key","parameters":{},"actions":[{"type":"keyDown","value":""},{"type":"pause","duration":10},{"type":"keyUp","value":""}]}]}
COMMAND: POST /session/b650fd7e5e1a135de288473492e14b1e/execute/async - {"script":"<script> [1562 bytes]","args":[{"selector":{"controlType":"sap.m.Input","viewName":"etm.portal.ui.manageyards.view.New","viewId":"application-manageyards-display-component---NewYard","bindingPath":{"path":"","propertyPath":"/PLANT","modelName":"NewYardModel"},"interaction":{"idSuffix":"inner"}},"wdio_ui5_key":"etmportal.ui.manageyards.view.Newsap.m.Input{\"path\":\"\",\"propertyPath\":\"/PLANT\",\"modelName\":\"NewYardModel\"}"}]}
COMMAND: GET /session/b650fd7e5e1a135de288473492e14b1e/screenshot - {}
RESULT: {"script":"<script> [1562 bytes]","args":[{"selector":{"controlType":"sap.m.Input","viewName":"etm.portal.ui.manageyards.view.New","viewId":"application-manageyards-display-component---NewYard","bindingPath":{"path":"","propertyPath":"/PLANT","modelName":"NewYardModel"},"interaction":{"idSuffix":"inner"}},"wdio_ui5_key":"etmportal.ui.manageyards.view.Newsap.m.Input{\"path\":\"\",\"propertyPath\":\"/PLANT\",\"modelName\":\"NewYardModel\"}"}]}
RESULT: undefined
COMMAND: POST /session/b650fd7e5e1a135de288473492e14b1e/execute/async - {"script":"<script> [776 bytes]","args":[{"enterText":"1001","selector":{"controlType":"sap.m.Input","viewName":"etm.portal.ui.manageyards.view.New","viewId":"application-manageyards-display-component---NewYard","bindingPath":{"path":"","propertyPath":"/PLANT","modelName":"NewYardModel"},"interaction":{"idSuffix":"inner"}},"clearTextFirst":true,"interactionType":"ENTER_TEXT"}]}
RESULT: {}
RESULT: {"script":"<script> [776 bytes]","args":[{"enterText":"1001","selector":{"controlType":"sap.m.Input","viewName":"etm.portal.ui.manageyards.view.New","viewId":"application-manageyards-display-component---NewYard","bindingPath":{"path":"","propertyPath":"/PLANT","modelName":"NewYardModel"},"interaction":{"idSuffix":"inner"}},"clearTextFirst":true,"interactionType":"ENTER_TEXT"}]}
COMMAND: POST /session/b650fd7e5e1a135de288473492e14b1e/execute/async - {"script":"<script> [1562 bytes]","args":[{"selector":{"controlType":"sap.m.Input","viewName":"etm.portal.ui.manageyards.view.New","viewId":"application-manageyards-display-component---NewYard","bindingPath":{"path":"","propertyPath":"/SALES_AREA_VKORG","modelName":"NewYardModel"},"interaction":{"idSuffix":"inner"}},"wdio_ui5_key":"etmportal.ui.manageyards.view.Newsap.m.Input{\"path\":\"\",\"propertyPath\":\"/SALES_AREA_VKORG\",\"modelName\":\"NewYardModel\"}"}]}
RESULT: {"script":"<script> [1562 bytes]","args":[{"selector":{"controlType":"sap.m.Input","viewName":"etm.portal.ui.manageyards.view.New","viewId":"application-manageyards-display-component---NewYard","bindingPath":{"path":"","propertyPath":"/SALES_AREA_VKORG","modelName":"NewYardModel"},"interaction":{"idSuffix":"inner"}},"wdio_ui5_key":"etmportal.ui.manageyards.view.Newsap.m.Input{\"path\":\"\",\"propertyPath\":\"/SALES_AREA_VKORG\",\"modelName\":\"NewYardModel\"}"}]}
RESULT: undefined
COMMAND: POST /session/b650fd7e5e1a135de288473492e14b1e/execute/async - {"script":"<script> [776 bytes]","args":[{"enterText":"C002","selector":{"controlType":"sap.m.Input","viewName":"etm.portal.ui.manageyards.view.New","viewId":"application-manageyards-display-component---NewYard","bindingPath":{"path":"","propertyPath":"/SALES_AREA_VKORG","modelName":"NewYardModel"},"interaction":{"idSuffix":"inner"}},"clearTextFirst":true,"interactionType":"ENTER_TEXT"}]}
RESULT: {"script":"<script> [776 bytes]","args":[{"enterText":"C002","selector":{"controlType":"sap.m.Input","viewName":"etm.portal.ui.manageyards.view.New","viewId":"application-manageyards-display-component---NewYard","bindingPath":{"path":"","propertyPath":"/SALES_AREA_VKORG","modelName":"NewYardModel"},"interaction":{"idSuffix":"inner"}},"clearTextFirst":true,"interactionType":"ENTER_TEXT"}]}
COMMAND: POST /session/b650fd7e5e1a135de288473492e14b1e/execute/async - {"script":"<script> [1562 bytes]","args":[{"selector":{"controlType":"sap.m.Input","viewName":"etm.portal.ui.manageyards.view.New","viewId":"application-manageyards-display-component---NewYard","bindingPath":{"path":"","propertyPath":"/SALES_AREA_VTWEG","modelName":"NewYardModel"},"interaction":{"idSuffix":"inner"}},"wdio_ui5_key":"etmportal.ui.manageyards.view.Newsap.m.Input{\"path\":\"\",\"propertyPath\":\"/SALES_AREA_VTWEG\",\"modelName\":\"NewYardModel\"}"}]}
RESULT: {"script":"<script> [1562 bytes]","args":[{"selector":{"controlType":"sap.m.Input","viewName":"etm.portal.ui.manageyards.view.New","viewId":"application-manageyards-display-component---NewYard","bindingPath":{"path":"","propertyPath":"/SALES_AREA_VTWEG","modelName":"NewYardModel"},"interaction":{"idSuffix":"inner"}},"wdio_ui5_key":"etmportal.ui.manageyards.view.Newsap.m.Input{\"path\":\"\",\"propertyPath\":\"/SALES_AREA_VTWEG\",\"modelName\":\"NewYardModel\"}"}]}
RESULT: undefined
COMMAND: POST /session/b650fd7e5e1a135de288473492e14b1e/execute/async - {"script":"<script> [776 bytes]","args":[{"enterText":"C2","selector":{"controlType":"sap.m.Input","viewName":"etm.portal.ui.manageyards.view.New","viewId":"application-manageyards-display-component---NewYard","bindingPath":{"path":"","propertyPath":"/SALES_AREA_VTWEG","modelName":"NewYardModel"},"interaction":{"idSuffix":"inner"}},"clearTextFirst":true,"interactionType":"ENTER_TEXT"}]}
RESULT: {"script":"<script> [776 bytes]","args":[{"enterText":"C2","selector":{"controlType":"sap.m.Input","viewName":"etm.portal.ui.manageyards.view.New","viewId":"application-manageyards-display-component---NewYard","bindingPath":{"path":"","propertyPath":"/SALES_AREA_VTWEG","modelName":"NewYardModel"},"interaction":{"idSuffix":"inner"}},"clearTextFirst":true,"interactionType":"ENTER_TEXT"}]}
COMMAND: POST /session/b650fd7e5e1a135de288473492e14b1e/execute/async - {"script":"<script> [1562 bytes]","args":[{"selector":{"controlType":"sap.m.Input","viewName":"etm.portal.ui.manageyards.view.New","viewId":"application-manageyards-display-component---NewYard","bindingPath":{"path":"","propertyPath":"/SALES_AREA_SPART","modelName":"NewYardModel"},"interaction":{"idSuffix":"inner"}},"wdio_ui5_key":"etmportal.ui.manageyards.view.Newsap.m.Input{\"path\":\"\",\"propertyPath\":\"/SALES_AREA_SPART\",\"modelName\":\"NewYardModel\"}"}]}
RESULT: {"script":"<script> [1562 bytes]","args":[{"selector":{"controlType":"sap.m.Input","viewName":"etm.portal.ui.manageyards.view.New","viewId":"application-manageyards-display-component---NewYard","bindingPath":{"path":"","propertyPath":"/SALES_AREA_SPART","modelName":"NewYardModel"},"interaction":{"idSuffix":"inner"}},"wdio_ui5_key":"etmportal.ui.manageyards.view.Newsap.m.Input{\"path\":\"\",\"propertyPath\":\"/SALES_AREA_SPART\",\"modelName\":\"NewYardModel\"}"}]}
RESULT: undefined
COMMAND: POST /session/b650fd7e5e1a135de288473492e14b1e/execute/async - {"script":"<script> [776 bytes]","args":[{"enterText":"C2","selector":{"controlType":"sap.m.Input","viewName":"etm.portal.ui.manageyards.view.New","viewId":"application-manageyards-display-component---NewYard","bindingPath":{"path":"","propertyPath":"/SALES_AREA_SPART","modelName":"NewYardModel"},"interaction":{"idSuffix":"inner"}},"clearTextFirst":true,"interactionType":"ENTER_TEXT"}]}
RESULT: {"script":"<script> [776 bytes]","args":[{"enterText":"C2","selector":{"controlType":"sap.m.Input","viewName":"etm.portal.ui.manageyards.view.New","viewId":"application-manageyards-display-component---NewYard","bindingPath":{"path":"","propertyPath":"/SALES_AREA_SPART","modelName":"NewYardModel"},"interaction":{"idSuffix":"inner"}},"clearTextFirst":true,"interactionType":"ENTER_TEXT"}]}
COMMAND: POST /session/b650fd7e5e1a135de288473492e14b1e/execute/async - {"script":"<script> [1562 bytes]","args":[{"selector":{"id":"application-manageyards-display-component---NewYard--whmCheckBox","interaction":{"idSuffix":"CbBg"}},"wdio_ui5_key":"applicationmanageyards-display-component---NewYard--whmCheckBox"}]}
RESULT: {"script":"<script> [1562 bytes]","args":[{"selector":{"id":"application-manageyards-display-component---NewYard--whmCheckBox","interaction":{"idSuffix":"CbBg"}},"wdio_ui5_key":"applicationmanageyards-display-component---NewYard--whmCheckBox"}]}
RESULT: undefined
COMMAND: POST /session/b650fd7e5e1a135de288473492e14b1e/element - {"using":"xpath","value":"//*[@id=\"application-manageyards-display-component---NewYard--whmCheckBox\"]"}
RESULT: {"using":"xpath","value":"//*[@id=\"application-manageyards-display-component---NewYard--whmCheckBox\"]"}
COMMAND: POST /session/b650fd7e5e1a135de288473492e14b1e/element/f.07281D0795E18F1137881718A79AE278.d.9D4440F659367BA07A3C4CA2F278633B.e.9876/click - {}
RESULT: {}
COMMAND: POST /session/b650fd7e5e1a135de288473492e14b1e/execute/async - {"script":"<script> [1562 bytes]","args":[{"selector":{"controlType":"sap.m.Button","viewName":"etm.portal.ui.manageyards.view.New","viewId":"application-manageyards-display-component---NewYard","i18NText":{"propertyName":"text","key":"save"},"interaction":{"idSuffix":"inner"}},"wdio_ui5_key":"etmportal.ui.manageyards.view.Newsap.m.Button{\"propertyName\":\"text\",\"key\":\"save\"}"}]}
COMMAND: GET /session/b650fd7e5e1a135de288473492e14b1e/screenshot - {}
RESULT: {"script":"<script> [1562 bytes]","args":[{"selector":{"controlType":"sap.m.Button","viewName":"etm.portal.ui.manageyards.view.New","viewId":"application-manageyards-display-component---NewYard","i18NText":{"propertyName":"text","key":"save"},"interaction":{"idSuffix":"inner"}},"wdio_ui5_key":"etmportal.ui.manageyards.view.Newsap.m.Button{\"propertyName\":\"text\",\"key\":\"save\"}"}]}
RESULT: undefined
COMMAND: POST /session/b650fd7e5e1a135de288473492e14b1e/element - {"using":"xpath","value":"//*[@id=\"__button18\"]"}
RESULT: {}
RESULT: {"using":"xpath","value":"//*[@id=\"__button18\"]"}
COMMAND: POST /session/b650fd7e5e1a135de288473492e14b1e/element/f.07281D0795E18F1137881718A79AE278.d.9D4440F659367BA07A3C4CA2F278633B.e.9752/click - {}
RESULT: {}
COMMAND: GET /session/b650fd7e5e1a135de288473492e14b1e/screenshot - {}
RESULT: {}
COMMAND: POST /session/b650fd7e5e1a135de288473492e14b1e/element - {"using":"css selector","value":"#shell-header-logo"}
RESULT: {"using":"css selector","value":"#shell-header-logo"}
COMMAND: POST /session/b650fd7e5e1a135de288473492e14b1e/element/f.07281D0795E18F1137881718A79AE278.d.9D4440F659367BA07A3C4CA2F278633B.e.9343/click - {}
RESULT: {}
COMMAND: GET /session/b650fd7e5e1a135de288473492e14b1e/screenshot - {}
RESULT: {}
COMMAND: POST /session/b650fd7e5e1a135de288473492e14b1e/refresh - {}
RESULT: {}
COMMAND: GET /session/b650fd7e5e1a135de288473492e14b1e/screenshot - {}
RESULT: {}
COMMAND: POST /session/b650fd7e5e1a135de288473492e14b1e/execute/async - {"script":"<script> [189 bytes]","args":[]}
RESULT: {"script":"<script> [189 bytes]","args":[]}
COMMAND: POST /session/b650fd7e5e1a135de288473492e14b1e/execute/async - {"script":"<script> [123 bytes]","args":[]}
RESULT: {"script":"<script> [123 bytes]","args":[]}
COMMAND: POST /session/b650fd7e5e1a135de288473492e14b1e/timeouts - {"script":"<number>"}
RESULT: {"script":"<number>"}
COMMAND: GET /session/b650fd7e5e1a135de288473492e14b1e/timeouts - {}
RESULT: {}
RESULT: undefined
COMMAND: POST /session/b650fd7e5e1a135de288473492e14b1e/execute/async - {"script":"<script> [2676 bytes]","args":[]}
RESULT: {"script":"<script> [2676 bytes]","args":[]}
COMMAND: POST /session/b650fd7e5e1a135de288473492e14b1e/execute/async - {"script":"<script> [2342 bytes]","args":[{"protocol":"http","hostname":"0.0.0.0","path":"/","capabilities":{"browserName":"chrome","goog:chromeOptions":{"binary":"C:\\Program Files\\Google\\Chrome\\Application\\chrome.exe"}},"logLevel":"warn","connectionRetryTimeout":120000,"connectionRetryCount":3,"logLevels":{},"enableDirectConnect":true,"strictSSL":true,"_":"65 more keys: [\"cacheDir\",\"port\",\"requestedCapabilities\",\"automationProtocol\",\"baseUrl\",\"waitforInterval\",\"waitforTimeout\",\"onReload\",\"beforeCommand\",\"afterCommand\",\"rootDir\",\"specs\",\"suites\",\"exclude\",\"groupLogsByTestSpec\",\"excludeDriverLogs\",\"bail\",\"framework\",\"reporters\",\"services\",\"maxInstances\",\"maxInstancesPerCapability\",\"injectGlobals\",\"filesToWatch\",\"execArgv\",\"runnerEnv\",\"runner\",\"shard\",\"specFileRetries\",\"specFileRetriesDelay\",\"specFileRetriesDeferred\",\"reporterSyncInterval\",\"reporterSyncTimeout\",\"cucumberFeaturesWithLineNumbers\",\"autoCompileOpts\",\"mochaOpts\",\"jasmineOpts\",\"cucumberOpts\",\"onPrepare\",\"onWorkerStart\",\"onWorkerEnd\",\"before\",\"beforeSession\",\"beforeSuite\",\"beforeHook\",\"beforeTest\",\"afterTest\",\"afterHook\",\"afterSuite\",\"afterSession\",\"after\",\"onComplete\",\"beforeAssertion\",\"afterAssertion\",\"beforeFeature\",\"beforeScenario\",\"beforeStep\",\"afterStep\",\"afterScenario\",\"afterFeature\",\"_\",\"suite\",\"$0\",\"ignoredWorkerServices\",\"wdi5\"]"}]}
RESULT: {"script":"<script> [2342 bytes]","args":[{"protocol":"http","hostname":"0.0.0.0","path":"/","capabilities":{"browserName":"chrome","goog:chromeOptions":{"binary":"C:\\Program Files\\Google\\Chrome\\Application\\chrome.exe"}},"logLevel":"warn","connectionRetryTimeout":120000,"connectionRetryCount":3,"logLevels":{},"enableDirectConnect":true,"strictSSL":true,"_":"65 more keys: [\"cacheDir\",\"port\",\"requestedCapabilities\",\"automationProtocol\",\"baseUrl\",\"waitforInterval\",\"waitforTimeout\",\"onReload\",\"beforeCommand\",\"afterCommand\",\"rootDir\",\"specs\",\"suites\",\"exclude\",\"groupLogsByTestSpec\",\"excludeDriverLogs\",\"bail\",\"framework\",\"reporters\",\"services\",\"maxInstances\",\"maxInstancesPerCapability\",\"injectGlobals\",\"filesToWatch\",\"execArgv\",\"runnerEnv\",\"runner\",\"shard\",\"specFileRetries\",\"specFileRetriesDelay\",\"specFileRetriesDeferred\",\"reporterSyncInterval\",\"reporterSyncTimeout\",\"cucumberFeaturesWithLineNumbers\",\"autoCompileOpts\",\"mochaOpts\",\"jasmineOpts\",\"cucumberOpts\",\"onPrepare\",\"onWorkerStart\",\"onWorkerEnd\",\"before\",\"beforeSession\",\"beforeSuite\",\"beforeHook\",\"beforeTest\",\"afterTest\",\"afterHook\",\"afterSuite\",\"afterSession\",\"after\",\"onComplete\",\"beforeAssertion\",\"afterAssertion\",\"beforeFeature\",\"beforeScenario\",\"beforeStep\",\"afterStep\",\"afterScenario\",\"afterFeature\",\"_\",\"suite\",\"$0\",\"ignoredWorkerServices\",\"wdi5\"]"}]}
COMMAND: POST /session/b650fd7e5e1a135de288473492e14b1e/execute/async - {"script":"<script> [21126 bytes]","args":[35000]}
RESULT: {"script":"<script> [21126 bytes]","args":[35000]}
]]></system-out>
    </testcase>
    <testcase classname="chrome.135_0_7049_42.windows.Warehouse_movements_inventory_test" name="Should create a new warehouse organization" time="61.627">
      <system-out><![CDATA[
COMMAND: POST /session/b650fd7e5e1a135de288473492e14b1e/execute/async - {"script":"<script> [1562 bytes]","args":[{"selector":{"controlType":"sap.m.GenericTile","properties":{"header":"Bin Status Report"}},"wdio_ui5_key":"sapm.GenericTile{\"header\":\"Bin Status Report\"}"}]}
RESULT: {"script":"<script> [1562 bytes]","args":[{"selector":{"controlType":"sap.m.GenericTile","properties":{"header":"Bin Status Report"}},"wdio_ui5_key":"sapm.GenericTile{\"header\":\"Bin Status Report\"}"}]}
RESULT: undefined
COMMAND: POST /session/b650fd7e5e1a135de288473492e14b1e/element - {"using":"xpath","value":"//*[@id=\"__tile104\"]"}
RESULT: {"using":"xpath","value":"//*[@id=\"__tile104\"]"}
COMMAND: POST /session/b650fd7e5e1a135de288473492e14b1e/element/f.07281D0795E18F1137881718A79AE278.d.60DB3B7B6F8710E797536A9804C0C0D9.e.10092/click - {}
RESULT: {}
COMMAND: GET /session/b650fd7e5e1a135de288473492e14b1e/screenshot - {}
RESULT: {}
COMMAND: POST /session/b650fd7e5e1a135de288473492e14b1e/execute/async - {"script":"<script> [1562 bytes]","args":[{"selector":{"id":"application-binstatusreport-display-component---warehousing--createOrgBtn","interaction":{"idSuffix":"BDI-content"}},"wdio_ui5_key":"applicationbinstatusreport-display-component---warehousing--createOrgBtn"}]}
RESULT: {"script":"<script> [1562 bytes]","args":[{"selector":{"id":"application-binstatusreport-display-component---warehousing--createOrgBtn","interaction":{"idSuffix":"BDI-content"}},"wdio_ui5_key":"applicationbinstatusreport-display-component---warehousing--createOrgBtn"}]}
RESULT: undefined
COMMAND: POST /session/b650fd7e5e1a135de288473492e14b1e/element - {"using":"xpath","value":"//*[@id=\"application-binstatusreport-display-component---warehousing--createOrgBtn\"]"}
RESULT: {"using":"xpath","value":"//*[@id=\"application-binstatusreport-display-component---warehousing--createOrgBtn\"]"}
COMMAND: POST /session/b650fd7e5e1a135de288473492e14b1e/element/f.07281D0795E18F1137881718A79AE278.d.60DB3B7B6F8710E797536A9804C0C0D9.e.10137/click - {}
RESULT: {}
COMMAND: GET /session/b650fd7e5e1a135de288473492e14b1e/screenshot - {}
RESULT: {}
COMMAND: POST /session/b650fd7e5e1a135de288473492e14b1e/execute/async - {"script":"<script> [1562 bytes]","args":[{"selector":{"id":"createOrganizationPop--sectionInput","searchOpenDialogs":true,"interaction":{"idSuffix":"inner"}},"wdio_ui5_key":"createOrganizationPopsectionInput"}]}
RESULT: {"script":"<script> [1562 bytes]","args":[{"selector":{"id":"createOrganizationPop--sectionInput","searchOpenDialogs":true,"interaction":{"idSuffix":"inner"}},"wdio_ui5_key":"createOrganizationPopsectionInput"}]}
RESULT: undefined
COMMAND: POST /session/b650fd7e5e1a135de288473492e14b1e/execute/async - {"script":"<script> [776 bytes]","args":[{"enterText":"Sec5t1kh","selector":{"id":"createOrganizationPop--sectionInput","searchOpenDialogs":true,"interaction":{"idSuffix":"inner"}},"clearTextFirst":true,"interactionType":"ENTER_TEXT"}]}
RESULT: {"script":"<script> [776 bytes]","args":[{"enterText":"Sec5t1kh","selector":{"id":"createOrganizationPop--sectionInput","searchOpenDialogs":true,"interaction":{"idSuffix":"inner"}},"clearTextFirst":true,"interactionType":"ENTER_TEXT"}]}
COMMAND: POST /session/b650fd7e5e1a135de288473492e14b1e/execute/async - {"script":"<script> [1562 bytes]","args":[{"selector":{"id":"createOrganizationPop--descriptionInput","searchOpenDialogs":true,"interaction":{"idSuffix":"inner"}},"wdio_ui5_key":"createOrganizationPopdescriptionInput"}]}
RESULT: {"script":"<script> [1562 bytes]","args":[{"selector":{"id":"createOrganizationPop--descriptionInput","searchOpenDialogs":true,"interaction":{"idSuffix":"inner"}},"wdio_ui5_key":"createOrganizationPopdescriptionInput"}]}
RESULT: undefined
COMMAND: POST /session/b650fd7e5e1a135de288473492e14b1e/execute/async - {"script":"<script> [776 bytes]","args":[{"enterText":"OrgNamel0wuz","selector":{"id":"createOrganizationPop--descriptionInput","searchOpenDialogs":true,"interaction":{"idSuffix":"inner"}},"clearTextFirst":true,"interactionType":"ENTER_TEXT"}]}
RESULT: {"script":"<script> [776 bytes]","args":[{"enterText":"OrgNamel0wuz","selector":{"id":"createOrganizationPop--descriptionInput","searchOpenDialogs":true,"interaction":{"idSuffix":"inner"}},"clearTextFirst":true,"interactionType":"ENTER_TEXT"}]}
COMMAND: POST /session/b650fd7e5e1a135de288473492e14b1e/element - {"using":"xpath","value":"//input[contains(@id ,\"createOrganizationPop--yardOrg-inner\")]"}
RESULT: {"using":"xpath","value":"//input[contains(@id ,\"createOrganizationPop--yardOrg-inner\")]"}
COMMAND: POST /session/b650fd7e5e1a135de288473492e14b1e/element/f.07281D0795E18F1137881718A79AE278.d.60DB3B7B6F8710E797536A9804C0C0D9.e.10176/clear - {}
RESULT: {}
COMMAND: POST /session/b650fd7e5e1a135de288473492e14b1e/element/f.07281D0795E18F1137881718A79AE278.d.60DB3B7B6F8710E797536A9804C0C0D9.e.10176/value - {"text":"WebdriverWHMYardffc33"}
COMMAND: GET /session/b650fd7e5e1a135de288473492e14b1e/screenshot - {}
RESULT: {"text":"WebdriverWHMYardffc33"}
COMMAND: GET /session/b650fd7e5e1a135de288473492e14b1e/screenshot - {}
RESULT: {}
RESULT: {}
COMMAND: POST /session/b650fd7e5e1a135de288473492e14b1e/actions - {"actions":[{"id":"action28","type":"key","parameters":{},"actions":[{"type":"keyDown","value":""},{"type":"pause","duration":10},{"type":"keyUp","value":""}]}]}
RESULT: {"actions":[{"id":"action28","type":"key","parameters":{},"actions":[{"type":"keyDown","value":""},{"type":"pause","duration":10},{"type":"keyUp","value":""}]}]}
COMMAND: GET /session/b650fd7e5e1a135de288473492e14b1e/screenshot - {}
RESULT: {}
COMMAND: POST /session/b650fd7e5e1a135de288473492e14b1e/execute/async - {"script":"<script> [1562 bytes]","args":[{"selector":{"id":"createOrganizationPop--grZone","searchOpenDialogs":true,"interaction":{"idSuffix":"CbBg"}},"wdio_ui5_key":"createOrganizationPopgrZone"}]}
RESULT: {"script":"<script> [1562 bytes]","args":[{"selector":{"id":"createOrganizationPop--grZone","searchOpenDialogs":true,"interaction":{"idSuffix":"CbBg"}},"wdio_ui5_key":"createOrganizationPopgrZone"}]}
RESULT: undefined
COMMAND: POST /session/b650fd7e5e1a135de288473492e14b1e/element - {"using":"xpath","value":"//*[@id=\"createOrganizationPop--grZone\"]"}
RESULT: {"using":"xpath","value":"//*[@id=\"createOrganizationPop--grZone\"]"}
COMMAND: POST /session/b650fd7e5e1a135de288473492e14b1e/element/f.07281D0795E18F1137881718A79AE278.d.60DB3B7B6F8710E797536A9804C0C0D9.e.10196/click - {}
RESULT: {}
COMMAND: POST /session/b650fd7e5e1a135de288473492e14b1e/execute/async - {"script":"<script> [1562 bytes]","args":[{"selector":{"id":"createOrganizationPop--giZone","searchOpenDialogs":true,"interaction":{"idSuffix":"CbBg"}},"wdio_ui5_key":"createOrganizationPopgiZone"}]}
COMMAND: GET /session/b650fd7e5e1a135de288473492e14b1e/screenshot - {}
RESULT: {"script":"<script> [1562 bytes]","args":[{"selector":{"id":"createOrganizationPop--giZone","searchOpenDialogs":true,"interaction":{"idSuffix":"CbBg"}},"wdio_ui5_key":"createOrganizationPopgiZone"}]}
RESULT: undefined
COMMAND: POST /session/b650fd7e5e1a135de288473492e14b1e/element - {"using":"xpath","value":"//*[@id=\"createOrganizationPop--giZone\"]"}
RESULT: {}
RESULT: {"using":"xpath","value":"//*[@id=\"createOrganizationPop--giZone\"]"}
COMMAND: POST /session/b650fd7e5e1a135de288473492e14b1e/element/f.07281D0795E18F1137881718A79AE278.d.60DB3B7B6F8710E797536A9804C0C0D9.e.10198/click - {}
RESULT: {}
COMMAND: POST /session/b650fd7e5e1a135de288473492e14b1e/execute/async - {"script":"<script> [1562 bytes]","args":[{"selector":{"id":"createOrganizationPop--binNoInput","searchOpenDialogs":true,"interaction":{"idSuffix":"inner"}},"wdio_ui5_key":"createOrganizationPopbinNoInput"}]}
COMMAND: GET /session/b650fd7e5e1a135de288473492e14b1e/screenshot - {}
RESULT: {"script":"<script> [1562 bytes]","args":[{"selector":{"id":"createOrganizationPop--binNoInput","searchOpenDialogs":true,"interaction":{"idSuffix":"inner"}},"wdio_ui5_key":"createOrganizationPopbinNoInput"}]}
RESULT: undefined
COMMAND: POST /session/b650fd7e5e1a135de288473492e14b1e/execute/async - {"script":"<script> [776 bytes]","args":[{"enterText":"Bin7f7d6k","selector":{"id":"createOrganizationPop--binNoInput","searchOpenDialogs":true,"interaction":{"idSuffix":"inner"}},"clearTextFirst":true,"interactionType":"ENTER_TEXT"}]}
RESULT: {}
RESULT: {"script":"<script> [776 bytes]","args":[{"enterText":"Bin7f7d6k","selector":{"id":"createOrganizationPop--binNoInput","searchOpenDialogs":true,"interaction":{"idSuffix":"inner"}},"clearTextFirst":true,"interactionType":"ENTER_TEXT"}]}
COMMAND: POST /session/b650fd7e5e1a135de288473492e14b1e/execute/async - {"script":"<script> [1562 bytes]","args":[{"selector":{"id":"createOrganizationPop--descriptionId","searchOpenDialogs":true,"interaction":{"idSuffix":"inner"}},"wdio_ui5_key":"createOrganizationPopdescriptionId"}]}
RESULT: {"script":"<script> [1562 bytes]","args":[{"selector":{"id":"createOrganizationPop--descriptionId","searchOpenDialogs":true,"interaction":{"idSuffix":"inner"}},"wdio_ui5_key":"createOrganizationPopdescriptionId"}]}
RESULT: undefined
COMMAND: POST /session/b650fd7e5e1a135de288473492e14b1e/execute/async - {"script":"<script> [776 bytes]","args":[{"enterText":"Binbzlif","selector":{"id":"createOrganizationPop--descriptionId","searchOpenDialogs":true,"interaction":{"idSuffix":"inner"}},"clearTextFirst":true,"interactionType":"ENTER_TEXT"}]}
RESULT: {"script":"<script> [776 bytes]","args":[{"enterText":"Binbzlif","selector":{"id":"createOrganizationPop--descriptionId","searchOpenDialogs":true,"interaction":{"idSuffix":"inner"}},"clearTextFirst":true,"interactionType":"ENTER_TEXT"}]}
COMMAND: POST /session/b650fd7e5e1a135de288473492e14b1e/execute/async - {"script":"<script> [1562 bytes]","args":[{"selector":{"controlType":"sap.m.CheckBox","viewName":"etm.portal.ui.binstatusreport.view.MasterWareBins","viewId":"application-binstatusreport-display-component---warehousing","bindingPath":{"path":"","propertyPath":"/ZONE","modelName":"newBin"},"searchOpenDialogs":true,"interaction":{"idSuffix":"CbBg"}},"wdio_ui5_key":"etmportal.ui.binstatusreport.view.MasterWareBinssap.m.CheckBox{\"path\":\"\",\"propertyPath\":\"/ZONE\",\"modelName\":\"newBin\"}"}]}
RESULT: {"script":"<script> [1562 bytes]","args":[{"selector":{"controlType":"sap.m.CheckBox","viewName":"etm.portal.ui.binstatusreport.view.MasterWareBins","viewId":"application-binstatusreport-display-component---warehousing","bindingPath":{"path":"","propertyPath":"/ZONE","modelName":"newBin"},"searchOpenDialogs":true,"interaction":{"idSuffix":"CbBg"}},"wdio_ui5_key":"etmportal.ui.binstatusreport.view.MasterWareBinssap.m.CheckBox{\"path\":\"\",\"propertyPath\":\"/ZONE\",\"modelName\":\"newBin\"}"}]}
RESULT: undefined
COMMAND: POST /session/b650fd7e5e1a135de288473492e14b1e/element - {"using":"xpath","value":"//*[@id=\"__box12\"]"}
RESULT: {"using":"xpath","value":"//*[@id=\"__box12\"]"}
COMMAND: POST /session/b650fd7e5e1a135de288473492e14b1e/element/f.07281D0795E18F1137881718A79AE278.d.60DB3B7B6F8710E797536A9804C0C0D9.e.10202/click - {}
RESULT: {}
COMMAND: POST /session/b650fd7e5e1a135de288473492e14b1e/execute/async - {"script":"<script> [1562 bytes]","args":[{"selector":{"id":"createOrganizationPop--binTypesCB-arrow","searchOpenDialogs":true},"wdio_ui5_key":"createOrganizationPopbinTypesCB-arrow"}]}
COMMAND: GET /session/b650fd7e5e1a135de288473492e14b1e/screenshot - {}
RESULT: {"script":"<script> [1562 bytes]","args":[{"selector":{"id":"createOrganizationPop--binTypesCB-arrow","searchOpenDialogs":true},"wdio_ui5_key":"createOrganizationPopbinTypesCB-arrow"}]}
RESULT: undefined
COMMAND: POST /session/b650fd7e5e1a135de288473492e14b1e/element - {"using":"xpath","value":"//*[@id=\"createOrganizationPop--binTypesCB-arrow\"]"}
RESULT: {}
RESULT: {"using":"xpath","value":"//*[@id=\"createOrganizationPop--binTypesCB-arrow\"]"}
COMMAND: POST /session/b650fd7e5e1a135de288473492e14b1e/element/f.07281D0795E18F1137881718A79AE278.d.60DB3B7B6F8710E797536A9804C0C0D9.e.10203/click - {}
RESULT: {}
COMMAND: POST /session/b650fd7e5e1a135de288473492e14b1e/execute/async - {"script":"<script> [1562 bytes]","args":[{"selector":{"controlType":"sap.m.StandardListItem","viewName":"etm.portal.ui.binstatusreport.view.MasterWareBins","viewId":"application-binstatusreport-display-component---warehousing","properties":{"title":"1 - General / No capacity check"},"searchOpenDialogs":true,"interaction":{"idSuffix":"content"}},"wdio_ui5_key":"etmportal.ui.binstatusreport.view.MasterWareBinssap.m.StandardListItem{\"title\":\"1 - General / No capacity check\"}"}]}
COMMAND: GET /session/b650fd7e5e1a135de288473492e14b1e/screenshot - {}
RESULT: {"script":"<script> [1562 bytes]","args":[{"selector":{"controlType":"sap.m.StandardListItem","viewName":"etm.portal.ui.binstatusreport.view.MasterWareBins","viewId":"application-binstatusreport-display-component---warehousing","properties":{"title":"1 - General / No capacity check"},"searchOpenDialogs":true,"interaction":{"idSuffix":"content"}},"wdio_ui5_key":"etmportal.ui.binstatusreport.view.MasterWareBinssap.m.StandardListItem{\"title\":\"1 - General / No capacity check\"}"}]}
RESULT: undefined
COMMAND: POST /session/b650fd7e5e1a135de288473492e14b1e/element - {"using":"xpath","value":"//*[@id=\"__item75\"]"}
RESULT: {}
RESULT: {"using":"xpath","value":"//*[@id=\"__item75\"]"}
COMMAND: POST /session/b650fd7e5e1a135de288473492e14b1e/element/f.07281D0795E18F1137881718A79AE278.d.60DB3B7B6F8710E797536A9804C0C0D9.e.10205/click - {}
RESULT: {}
COMMAND: POST /session/b650fd7e5e1a135de288473492e14b1e/execute/async - {"script":"<script> [1562 bytes]","args":[{"selector":{"id":"createOrganizationPop--finishBtn","searchOpenDialogs":true,"interaction":{"idSuffix":"BDI-content"}},"wdio_ui5_key":"createOrganizationPopfinishBtn"}]}
COMMAND: GET /session/b650fd7e5e1a135de288473492e14b1e/screenshot - {}
RESULT: {"script":"<script> [1562 bytes]","args":[{"selector":{"id":"createOrganizationPop--finishBtn","searchOpenDialogs":true,"interaction":{"idSuffix":"BDI-content"}},"wdio_ui5_key":"createOrganizationPopfinishBtn"}]}
RESULT: undefined
COMMAND: POST /session/b650fd7e5e1a135de288473492e14b1e/element - {"using":"xpath","value":"//*[@id=\"createOrganizationPop--finishBtn\"]"}
RESULT: {}
RESULT: {"using":"xpath","value":"//*[@id=\"createOrganizationPop--finishBtn\"]"}
COMMAND: POST /session/b650fd7e5e1a135de288473492e14b1e/element/f.07281D0795E18F1137881718A79AE278.d.60DB3B7B6F8710E797536A9804C0C0D9.e.10207/click - {}
RESULT: {}
COMMAND: GET /session/b650fd7e5e1a135de288473492e14b1e/screenshot - {}
RESULT: {}
COMMAND: POST /session/b650fd7e5e1a135de288473492e14b1e/element - {"using":"css selector","value":"#shell-header-logo"}
RESULT: {"using":"css selector","value":"#shell-header-logo"}
COMMAND: POST /session/b650fd7e5e1a135de288473492e14b1e/element/f.07281D0795E18F1137881718A79AE278.d.60DB3B7B6F8710E797536A9804C0C0D9.e.10097/click - {}
RESULT: {}
COMMAND: GET /session/b650fd7e5e1a135de288473492e14b1e/screenshot - {}
RESULT: {}
]]></system-out>
    </testcase>
    <testcase classname="chrome.135_0_7049_42.windows.Warehouse_movements_inventory_test" name="Should Create new material for WHM yard" time="130.487">
      <system-out><![CDATA[
COMMAND: POST /session/b650fd7e5e1a135de288473492e14b1e/execute/async - {"script":"<script> [1562 bytes]","args":[{"selector":{"controlType":"sap.m.GenericTile","properties":{"header":"Manage Resources"}},"wdio_ui5_key":"sapm.GenericTile{\"header\":\"Manage Resources\"}"}]}
RESULT: {"script":"<script> [1562 bytes]","args":[{"selector":{"controlType":"sap.m.GenericTile","properties":{"header":"Manage Resources"}},"wdio_ui5_key":"sapm.GenericTile{\"header\":\"Manage Resources\"}"}]}
RESULT: undefined
COMMAND: POST /session/b650fd7e5e1a135de288473492e14b1e/element - {"using":"xpath","value":"//*[@id=\"__tile39\"]"}
RESULT: {"using":"xpath","value":"//*[@id=\"__tile39\"]"}
COMMAND: POST /session/b650fd7e5e1a135de288473492e14b1e/element/f.07281D0795E18F1137881718A79AE278.d.60DB3B7B6F8710E797536A9804C0C0D9.e.10214/click - {}
RESULT: {}
COMMAND: GET /session/b650fd7e5e1a135de288473492e14b1e/screenshot - {}
RESULT: {}
RESULT: undefined
RESULT: undefined
COMMAND: POST /session/b650fd7e5e1a135de288473492e14b1e/element - {"using":"xpath","value":"//button[@data-kt=\"addNewRUOverflowToolbarButton\"]"}
RESULT: {"using":"xpath","value":"//button[@data-kt=\"addNewRUOverflowToolbarButton\"]"}
COMMAND: POST /session/b650fd7e5e1a135de288473492e14b1e/execute/sync - {"script":"<script> [8489 bytes]","args":[{"element-6066-11e4-a52e-4f735466cecf":"f.07281D0795E18F1137881718A79AE278.d.60DB3B7B6F8710E797536A9804C0C0D9.e.10244","ELEMENT":"f.07281D0795E18F1137881718A79AE278.d.60DB3B7B6F8710E797536A9804C0C0D9.e.10244"}]}
RESULT: {"script":"<script> [8489 bytes]","args":[{"element-6066-11e4-a52e-4f735466cecf":"f.07281D0795E18F1137881718A79AE278.d.60DB3B7B6F8710E797536A9804C0C0D9.e.10244","ELEMENT":"f.07281D0795E18F1137881718A79AE278.d.60DB3B7B6F8710E797536A9804C0C0D9.e.10244"}]}
COMMAND: POST /session/b650fd7e5e1a135de288473492e14b1e/element/f.07281D0795E18F1137881718A79AE278.d.60DB3B7B6F8710E797536A9804C0C0D9.e.10244/click - {}
COMMAND: GET /session/b650fd7e5e1a135de288473492e14b1e/screenshot - {}
RESULT: {}
COMMAND: POST /session/b650fd7e5e1a135de288473492e14b1e/execute/async - {"script":"<script> [1562 bytes]","args":[{"selector":{"id":"application-manageresources-display-component---newResourceUnit--TYPE-arrow"},"wdio_ui5_key":"applicationmanageresources-display-component---newResourceUnit--TYPE-arrow"}]}
COMMAND: GET /session/b650fd7e5e1a135de288473492e14b1e/screenshot - {}
RESULT: {}
RESULT: {"script":"<script> [1562 bytes]","args":[{"selector":{"id":"application-manageresources-display-component---newResourceUnit--TYPE-arrow"},"wdio_ui5_key":"applicationmanageresources-display-component---newResourceUnit--TYPE-arrow"}]}
RESULT: undefined
COMMAND: POST /session/b650fd7e5e1a135de288473492e14b1e/element - {"using":"xpath","value":"//*[@id=\"application-manageresources-display-component---newResourceUnit--TYPE-arrow\"]"}
RESULT: {}
RESULT: {"using":"xpath","value":"//*[@id=\"application-manageresources-display-component---newResourceUnit--TYPE-arrow\"]"}
COMMAND: POST /session/b650fd7e5e1a135de288473492e14b1e/element/f.07281D0795E18F1137881718A79AE278.d.60DB3B7B6F8710E797536A9804C0C0D9.e.10412/click - {}
RESULT: {}
COMMAND: POST /session/b650fd7e5e1a135de288473492e14b1e/execute/async - {"script":"<script> [1562 bytes]","args":[{"selector":{"controlType":"sap.m.StandardListItem","viewName":"reusables.view.manageresources.NewResourceUnit","viewId":"application-manageresources-display-component---newResourceUnit","properties":{"title":"Material"},"searchOpenDialogs":true,"interaction":{"idSuffix":"titleText"}},"wdio_ui5_key":"reusablesview.manageresources.NewResourceUnitsap.m.StandardListItem{\"title\":\"Material\"}"}]}
COMMAND: GET /session/b650fd7e5e1a135de288473492e14b1e/screenshot - {}
RESULT: {"script":"<script> [1562 bytes]","args":[{"selector":{"controlType":"sap.m.StandardListItem","viewName":"reusables.view.manageresources.NewResourceUnit","viewId":"application-manageresources-display-component---newResourceUnit","properties":{"title":"Material"},"searchOpenDialogs":true,"interaction":{"idSuffix":"titleText"}},"wdio_ui5_key":"reusablesview.manageresources.NewResourceUnitsap.m.StandardListItem{\"title\":\"Material\"}"}]}
RESULT: undefined
COMMAND: POST /session/b650fd7e5e1a135de288473492e14b1e/element - {"using":"xpath","value":"//*[@id=\"__item205\"]"}
RESULT: {}
RESULT: {"using":"xpath","value":"//*[@id=\"__item205\"]"}
COMMAND: POST /session/b650fd7e5e1a135de288473492e14b1e/element/f.07281D0795E18F1137881718A79AE278.d.60DB3B7B6F8710E797536A9804C0C0D9.e.10415/click - {}
RESULT: {}
COMMAND: POST /session/b650fd7e5e1a135de288473492e14b1e/execute/async - {"script":"<script> [1562 bytes]","args":[{"selector":{"id":"application-manageresources-display-component---newResourceUnit--SHORT_TEXT","interaction":{"idSuffix":"inner"}},"wdio_ui5_key":"applicationmanageresources-display-component---newResourceUnit--SHORT_TEXT"}]}
COMMAND: GET /session/b650fd7e5e1a135de288473492e14b1e/screenshot - {}
RESULT: {}
RESULT: {"script":"<script> [1562 bytes]","args":[{"selector":{"id":"application-manageresources-display-component---newResourceUnit--SHORT_TEXT","interaction":{"idSuffix":"inner"}},"wdio_ui5_key":"applicationmanageresources-display-component---newResourceUnit--SHORT_TEXT"}]}
RESULT: undefined
COMMAND: POST /session/b650fd7e5e1a135de288473492e14b1e/execute/async - {"script":"<script> [776 bytes]","args":[{"enterText":"WebdriverRUR2Cc896u","selector":{"id":"application-manageresources-display-component---newResourceUnit--SHORT_TEXT","interaction":{"idSuffix":"inner"}},"clearTextFirst":true,"interactionType":"ENTER_TEXT"}]}
RESULT: {"script":"<script> [776 bytes]","args":[{"enterText":"WebdriverRUR2Cc896u","selector":{"id":"application-manageresources-display-component---newResourceUnit--SHORT_TEXT","interaction":{"idSuffix":"inner"}},"clearTextFirst":true,"interactionType":"ENTER_TEXT"}]}
COMMAND: POST /session/b650fd7e5e1a135de288473492e14b1e/execute/async - {"script":"<script> [1562 bytes]","args":[{"selector":{"id":"application-manageresources-display-component---newResourceUnit--BASE_UNIT_OF_MEASURE-arrow"},"wdio_ui5_key":"applicationmanageresources-display-component---newResourceUnit--BASE_UNIT_OF_MEASURE-arrow"}]}
RESULT: {"script":"<script> [1562 bytes]","args":[{"selector":{"id":"application-manageresources-display-component---newResourceUnit--BASE_UNIT_OF_MEASURE-arrow"},"wdio_ui5_key":"applicationmanageresources-display-component---newResourceUnit--BASE_UNIT_OF_MEASURE-arrow"}]}
RESULT: undefined
COMMAND: POST /session/b650fd7e5e1a135de288473492e14b1e/element - {"using":"xpath","value":"//*[@id=\"application-manageresources-display-component---newResourceUnit--BASE_UNIT_OF_MEASURE-arrow\"]"}
RESULT: {"using":"xpath","value":"//*[@id=\"application-manageresources-display-component---newResourceUnit--BASE_UNIT_OF_MEASURE-arrow\"]"}
COMMAND: POST /session/b650fd7e5e1a135de288473492e14b1e/element/f.07281D0795E18F1137881718A79AE278.d.60DB3B7B6F8710E797536A9804C0C0D9.e.10471/click - {}
RESULT: {}
COMMAND: POST /session/b650fd7e5e1a135de288473492e14b1e/execute/async - {"script":"<script> [1562 bytes]","args":[{"selector":{"controlType":"sap.m.StandardListItem","viewName":"reusables.view.manageresources.NewResourceUnit","viewId":"application-manageresources-display-component---newResourceUnit","properties":{"title":"Piece"},"searchOpenDialogs":true,"interaction":{"idSuffix":"titleText"}},"wdio_ui5_key":"reusablesview.manageresources.NewResourceUnitsap.m.StandardListItem{\"title\":\"Piece\"}"}]}
COMMAND: GET /session/b650fd7e5e1a135de288473492e14b1e/screenshot - {}
RESULT: {"script":"<script> [1562 bytes]","args":[{"selector":{"controlType":"sap.m.StandardListItem","viewName":"reusables.view.manageresources.NewResourceUnit","viewId":"application-manageresources-display-component---newResourceUnit","properties":{"title":"Piece"},"searchOpenDialogs":true,"interaction":{"idSuffix":"titleText"}},"wdio_ui5_key":"reusablesview.manageresources.NewResourceUnitsap.m.StandardListItem{\"title\":\"Piece\"}"}]}
RESULT: undefined
COMMAND: POST /session/b650fd7e5e1a135de288473492e14b1e/element - {"using":"xpath","value":"//*[@id=\"__item249\"]"}
RESULT: {}
RESULT: {"using":"xpath","value":"//*[@id=\"__item249\"]"}
COMMAND: POST /session/b650fd7e5e1a135de288473492e14b1e/element/f.07281D0795E18F1137881718A79AE278.d.60DB3B7B6F8710E797536A9804C0C0D9.e.10473/click - {}
RESULT: {}
COMMAND: POST /session/b650fd7e5e1a135de288473492e14b1e/element - {"using":"xpath","value":"//input[contains(@id ,\"application-manageresources-display-component---newResourceUnit--SHORT_TEXT-inner\")]"}
COMMAND: GET /session/b650fd7e5e1a135de288473492e14b1e/screenshot - {}
RESULT: {"using":"xpath","value":"//input[contains(@id ,\"application-manageresources-display-component---newResourceUnit--SHORT_TEXT-inner\")]"}
COMMAND: GET /session/b650fd7e5e1a135de288473492e14b1e/element/f.07281D0795E18F1137881718A79AE278.d.60DB3B7B6F8710E797536A9804C0C0D9.e.10432/property/value - {}
RESULT: {}
RESULT: {}
COMMAND: POST /session/b650fd7e5e1a135de288473492e14b1e/execute/async - {"script":"<script> [1562 bytes]","args":[{"selector":{"id":"application-manageresources-display-component---newResourceUnit--WEIGHT_UNIT-arrow"},"wdio_ui5_key":"applicationmanageresources-display-component---newResourceUnit--WEIGHT_UNIT-arrow"}]}
COMMAND: GET /session/b650fd7e5e1a135de288473492e14b1e/screenshot - {}
RESULT: {"script":"<script> [1562 bytes]","args":[{"selector":{"id":"application-manageresources-display-component---newResourceUnit--WEIGHT_UNIT-arrow"},"wdio_ui5_key":"applicationmanageresources-display-component---newResourceUnit--WEIGHT_UNIT-arrow"}]}
RESULT: undefined
COMMAND: POST /session/b650fd7e5e1a135de288473492e14b1e/element - {"using":"xpath","value":"//*[@id=\"application-manageresources-display-component---newResourceUnit--WEIGHT_UNIT-arrow\"]"}
RESULT: {}
RESULT: {"using":"xpath","value":"//*[@id=\"application-manageresources-display-component---newResourceUnit--WEIGHT_UNIT-arrow\"]"}
COMMAND: POST /session/b650fd7e5e1a135de288473492e14b1e/element/f.07281D0795E18F1137881718A79AE278.d.60DB3B7B6F8710E797536A9804C0C0D9.e.10474/click - {}
RESULT: {}
COMMAND: POST /session/b650fd7e5e1a135de288473492e14b1e/execute/async - {"script":"<script> [1562 bytes]","args":[{"selector":{"controlType":"sap.m.StandardListItem","viewName":"reusables.view.manageresources.NewResourceUnit","viewId":"application-manageresources-display-component---newResourceUnit","properties":{"title":"Gram"},"searchOpenDialogs":true,"interaction":{"idSuffix":"content"}},"wdio_ui5_key":"reusablesview.manageresources.NewResourceUnitsap.m.StandardListItem{\"title\":\"Gram\"}"}]}
COMMAND: GET /session/b650fd7e5e1a135de288473492e14b1e/screenshot - {}
RESULT: {"script":"<script> [1562 bytes]","args":[{"selector":{"controlType":"sap.m.StandardListItem","viewName":"reusables.view.manageresources.NewResourceUnit","viewId":"application-manageresources-display-component---newResourceUnit","properties":{"title":"Gram"},"searchOpenDialogs":true,"interaction":{"idSuffix":"content"}},"wdio_ui5_key":"reusablesview.manageresources.NewResourceUnitsap.m.StandardListItem{\"title\":\"Gram\"}"}]}
RESULT: undefined
COMMAND: POST /session/b650fd7e5e1a135de288473492e14b1e/element - {"using":"xpath","value":"//*[@id=\"__item314\"]"}
RESULT: {}
RESULT: {"using":"xpath","value":"//*[@id=\"__item314\"]"}
COMMAND: POST /session/b650fd7e5e1a135de288473492e14b1e/element/f.07281D0795E18F1137881718A79AE278.d.60DB3B7B6F8710E797536A9804C0C0D9.e.10476/click - {}
RESULT: {}
COMMAND: POST /session/b650fd7e5e1a135de288473492e14b1e/execute/async - {"script":"<script> [1562 bytes]","args":[{"selector":{"id":"application-manageresources-display-component---newResourceUnit--newRRUPage-OPHeaderContent-collapseBtn-img"},"wdio_ui5_key":"applicationmanageresources-display-component---newResourceUnit--newRRUPage-OPHeaderContent-collapseBtn-img"}]}
COMMAND: GET /session/b650fd7e5e1a135de288473492e14b1e/screenshot - {}
RESULT: {"script":"<script> [1562 bytes]","args":[{"selector":{"id":"application-manageresources-display-component---newResourceUnit--newRRUPage-OPHeaderContent-collapseBtn-img"},"wdio_ui5_key":"applicationmanageresources-display-component---newResourceUnit--newRRUPage-OPHeaderContent-collapseBtn-img"}]}
RESULT: undefined
COMMAND: POST /session/b650fd7e5e1a135de288473492e14b1e/element - {"using":"xpath","value":"//*[@id=\"application-manageresources-display-component---newResourceUnit--newRRUPage-OPHeaderContent-collapseBtn-img\"]"}
RESULT: {}
RESULT: {"using":"xpath","value":"//*[@id=\"application-manageresources-display-component---newResourceUnit--newRRUPage-OPHeaderContent-collapseBtn-img\"]"}
COMMAND: POST /session/b650fd7e5e1a135de288473492e14b1e/element/f.07281D0795E18F1137881718A79AE278.d.60DB3B7B6F8710E797536A9804C0C0D9.e.10422/click - {}
RESULT: {}
COMMAND: GET /session/b650fd7e5e1a135de288473492e14b1e/screenshot - {}
RESULT: {}
COMMAND: POST /session/b650fd7e5e1a135de288473492e14b1e/element - {"using":"xpath","value":"(//span[contains(@id ,\"application-manageresources-display-component---newResourceUnit--DIMENSION_UNIT-arrow\")])[1]"}
RESULT: {"using":"xpath","value":"(//span[contains(@id ,\"application-manageresources-display-component---newResourceUnit--DIMENSION_UNIT-arrow\")])[1]"}
COMMAND: POST /session/b650fd7e5e1a135de288473492e14b1e/element/f.07281D0795E18F1137881718A79AE278.d.60DB3B7B6F8710E797536A9804C0C0D9.e.10480/click - {}
RESULT: {}
COMMAND: GET /session/b650fd7e5e1a135de288473492e14b1e/screenshot - {}
RESULT: {}
COMMAND: POST /session/b650fd7e5e1a135de288473492e14b1e/execute/async - {"script":"<script> [1562 bytes]","args":[{"selector":{"controlType":"sap.m.StandardListItem","viewName":"reusables.view.manageresources.NewResourceUnit","viewId":"application-manageresources-display-component---newResourceUnit","properties":{"title":"Centimeter"},"searchOpenDialogs":true,"interaction":{"idSuffix":"titleText"}},"wdio_ui5_key":"reusablesview.manageresources.NewResourceUnitsap.m.StandardListItem{\"title\":\"Centimeter\"}"}]}
RESULT: {"script":"<script> [1562 bytes]","args":[{"selector":{"controlType":"sap.m.StandardListItem","viewName":"reusables.view.manageresources.NewResourceUnit","viewId":"application-manageresources-display-component---newResourceUnit","properties":{"title":"Centimeter"},"searchOpenDialogs":true,"interaction":{"idSuffix":"titleText"}},"wdio_ui5_key":"reusablesview.manageresources.NewResourceUnitsap.m.StandardListItem{\"title\":\"Centimeter\"}"}]}
RESULT: undefined
COMMAND: POST /session/b650fd7e5e1a135de288473492e14b1e/element - {"using":"xpath","value":"//*[@id=\"__item317\"]"}
RESULT: {"using":"xpath","value":"//*[@id=\"__item317\"]"}
COMMAND: POST /session/b650fd7e5e1a135de288473492e14b1e/element/f.07281D0795E18F1137881718A79AE278.d.60DB3B7B6F8710E797536A9804C0C0D9.e.10484/click - {}
RESULT: {}
COMMAND: POST /session/b650fd7e5e1a135de288473492e14b1e/execute/async - {"script":"<script> [1562 bytes]","args":[{"selector":{"id":"application-manageresources-display-component---newResourceUnit--newRRUPage-anchBar-application-manageresources-display-component---newResourceUnit--reference-anchor","interaction":{"idSuffix":"BDI-content"}},"wdio_ui5_key":"applicationmanageresources-display-component---newResourceUnit--newRRUPage-anchBar-application-manageresources-display-component---newResourceUnit--reference-anchor"}]}
COMMAND: GET /session/b650fd7e5e1a135de288473492e14b1e/screenshot - {}
RESULT: {"script":"<script> [1562 bytes]","args":[{"selector":{"id":"application-manageresources-display-component---newResourceUnit--newRRUPage-anchBar-application-manageresources-display-component---newResourceUnit--reference-anchor","interaction":{"idSuffix":"BDI-content"}},"wdio_ui5_key":"applicationmanageresources-display-component---newResourceUnit--newRRUPage-anchBar-application-manageresources-display-component---newResourceUnit--reference-anchor"}]}
RESULT: undefined
COMMAND: POST /session/b650fd7e5e1a135de288473492e14b1e/element - {"using":"xpath","value":"//*[@id=\"application-manageresources-display-component---newResourceUnit--newRRUPage-anchBar-application-manageresources-display-component---newResourceUnit--reference-anchor\"]"}
RESULT: {}
RESULT: {"using":"xpath","value":"//*[@id=\"application-manageresources-display-component---newResourceUnit--newRRUPage-anchBar-application-manageresources-display-component---newResourceUnit--reference-anchor\"]"}
COMMAND: POST /session/b650fd7e5e1a135de288473492e14b1e/element/f.07281D0795E18F1137881718A79AE278.d.60DB3B7B6F8710E797536A9804C0C0D9.e.10486/click - {}
RESULT: {}
COMMAND: POST /session/b650fd7e5e1a135de288473492e14b1e/execute/async - {"script":"<script> [1562 bytes]","args":[{"selector":{"id":"application-manageresources-display-component---newResourceUnit--PLANNING_GROUP-arrow"},"wdio_ui5_key":"applicationmanageresources-display-component---newResourceUnit--PLANNING_GROUP-arrow"}]}
COMMAND: GET /session/b650fd7e5e1a135de288473492e14b1e/screenshot - {}
RESULT: {"script":"<script> [1562 bytes]","args":[{"selector":{"id":"application-manageresources-display-component---newResourceUnit--PLANNING_GROUP-arrow"},"wdio_ui5_key":"applicationmanageresources-display-component---newResourceUnit--PLANNING_GROUP-arrow"}]}
RESULT: undefined
COMMAND: POST /session/b650fd7e5e1a135de288473492e14b1e/element - {"using":"xpath","value":"//*[@id=\"application-manageresources-display-component---newResourceUnit--PLANNING_GROUP-arrow\"]"}
RESULT: {}
RESULT: {"using":"xpath","value":"//*[@id=\"application-manageresources-display-component---newResourceUnit--PLANNING_GROUP-arrow\"]"}
COMMAND: POST /session/b650fd7e5e1a135de288473492e14b1e/element/f.07281D0795E18F1137881718A79AE278.d.60DB3B7B6F8710E797536A9804C0C0D9.e.10490/click - {}
RESULT: {}
COMMAND: POST /session/b650fd7e5e1a135de288473492e14b1e/execute/async - {"script":"<script> [1562 bytes]","args":[{"selector":{"controlType":"sap.m.StandardListItem","viewName":"reusables.view.manageresources.NewResourceUnit","viewId":"application-manageresources-display-component---newResourceUnit","properties":{"title":"Heavy Equi"},"searchOpenDialogs":true,"interaction":{"idSuffix":"content"}},"wdio_ui5_key":"reusablesview.manageresources.NewResourceUnitsap.m.StandardListItem{\"title\":\"Heavy Equi\"}"}]}
COMMAND: GET /session/b650fd7e5e1a135de288473492e14b1e/screenshot - {}
RESULT: {"script":"<script> [1562 bytes]","args":[{"selector":{"controlType":"sap.m.StandardListItem","viewName":"reusables.view.manageresources.NewResourceUnit","viewId":"application-manageresources-display-component---newResourceUnit","properties":{"title":"Heavy Equi"},"searchOpenDialogs":true,"interaction":{"idSuffix":"content"}},"wdio_ui5_key":"reusablesview.manageresources.NewResourceUnitsap.m.StandardListItem{\"title\":\"Heavy Equi\"}"}]}
RESULT: undefined
COMMAND: POST /session/b650fd7e5e1a135de288473492e14b1e/element - {"using":"xpath","value":"//*[@id=\"__item325\"]"}
RESULT: {}
RESULT: {"using":"xpath","value":"//*[@id=\"__item325\"]"}
COMMAND: POST /session/b650fd7e5e1a135de288473492e14b1e/element/f.07281D0795E18F1137881718A79AE278.d.60DB3B7B6F8710E797536A9804C0C0D9.e.10493/click - {}
RESULT: {}
COMMAND: GET /session/b650fd7e5e1a135de288473492e14b1e/screenshot - {}
RESULT: {}
COMMAND: POST /session/b650fd7e5e1a135de288473492e14b1e/execute/async - {"script":"<script> [1562 bytes]","args":[{"selector":{"id":"application-manageresources-display-component---newResourceUnit--PLANNING_INDICATOR-arrow"},"wdio_ui5_key":"applicationmanageresources-display-component---newResourceUnit--PLANNING_INDICATOR-arrow"}]}
RESULT: {"script":"<script> [1562 bytes]","args":[{"selector":{"id":"application-manageresources-display-component---newResourceUnit--PLANNING_INDICATOR-arrow"},"wdio_ui5_key":"applicationmanageresources-display-component---newResourceUnit--PLANNING_INDICATOR-arrow"}]}
RESULT: undefined
COMMAND: POST /session/b650fd7e5e1a135de288473492e14b1e/element - {"using":"xpath","value":"//*[@id=\"application-manageresources-display-component---newResourceUnit--PLANNING_INDICATOR-arrow\"]"}
RESULT: {"using":"xpath","value":"//*[@id=\"application-manageresources-display-component---newResourceUnit--PLANNING_INDICATOR-arrow\"]"}
COMMAND: POST /session/b650fd7e5e1a135de288473492e14b1e/element/f.07281D0795E18F1137881718A79AE278.d.60DB3B7B6F8710E797536A9804C0C0D9.e.10494/click - {}
RESULT: {}
COMMAND: POST /session/b650fd7e5e1a135de288473492e14b1e/execute/async - {"script":"<script> [1562 bytes]","args":[{"selector":{"controlType":"sap.m.StandardListItem","viewName":"reusables.view.manageresources.NewResourceUnit","viewId":"application-manageresources-display-component---newResourceUnit","properties":{"title":"10 - infinite"},"searchOpenDialogs":true,"interaction":{"idSuffix":"content"}},"wdio_ui5_key":"reusablesview.manageresources.NewResourceUnitsap.m.StandardListItem{\"title\":\"10 - infinite\"}"}]}
COMMAND: GET /session/b650fd7e5e1a135de288473492e14b1e/screenshot - {}
RESULT: {"script":"<script> [1562 bytes]","args":[{"selector":{"controlType":"sap.m.StandardListItem","viewName":"reusables.view.manageresources.NewResourceUnit","viewId":"application-manageresources-display-component---newResourceUnit","properties":{"title":"10 - infinite"},"searchOpenDialogs":true,"interaction":{"idSuffix":"content"}},"wdio_ui5_key":"reusablesview.manageresources.NewResourceUnitsap.m.StandardListItem{\"title\":\"10 - infinite\"}"}]}
RESULT: undefined
COMMAND: POST /session/b650fd7e5e1a135de288473492e14b1e/element - {"using":"xpath","value":"//*[@id=\"__item335\"]"}
RESULT: {}
RESULT: {"using":"xpath","value":"//*[@id=\"__item335\"]"}
COMMAND: POST /session/b650fd7e5e1a135de288473492e14b1e/element/f.07281D0795E18F1137881718A79AE278.d.60DB3B7B6F8710E797536A9804C0C0D9.e.10496/click - {}
RESULT: {}
COMMAND: GET /session/b650fd7e5e1a135de288473492e14b1e/screenshot - {}
RESULT: {}
COMMAND: POST /session/b650fd7e5e1a135de288473492e14b1e/element - {"using":"xpath","value":"//bdi[contains(text(), \"Time Segment\")]"}
RESULT: {"using":"xpath","value":"//bdi[contains(text(), \"Time Segment\")]"}
COMMAND: GET /session/b650fd7e5e1a135de288473492e14b1e/element/f.07281D0795E18F1137881718A79AE278.d.60DB3B7B6F8710E797536A9804C0C0D9.e.10497/rect - {}
RESULT: {}
COMMAND: GET /session/b650fd7e5e1a135de288473492e14b1e/window/rect - {}
RESULT: {}
COMMAND: POST /session/b650fd7e5e1a135de288473492e14b1e/execute/sync - {"script":"<script> [92 bytes]","args":[]}
RESULT: {"script":"<script> [92 bytes]","args":[]}
COMMAND: POST /session/b650fd7e5e1a135de288473492e14b1e/actions - {"actions":[{"id":"action29","type":"wheel","parameters":{},"actions":[{"type":"scroll","x":-1820,"y":-21,"deltaX":0,"deltaY":0,"duration":0,"origin":{"element-6066-11e4-a52e-4f735466cecf":"f.07281D0795E18F1137881718A79AE278.d.60DB3B7B6F8710E797536A9804C0C0D9.e.10497"}}]}]}
COMMAND: GET /session/b650fd7e5e1a135de288473492e14b1e/screenshot - {}
RESULT: {}
COMMAND: POST /session/b650fd7e5e1a135de288473492e14b1e/execute/sync - {"script":"<script> [79 bytes]","args":[{"element-6066-11e4-a52e-4f735466cecf":"f.07281D0795E18F1137881718A79AE278.d.60DB3B7B6F8710E797536A9804C0C0D9.e.10497","ELEMENT":"f.07281D0795E18F1137881718A79AE278.d.60DB3B7B6F8710E797536A9804C0C0D9.e.10497"},{"block":"start","inline":"nearest"}]}
RESULT: {"script":"<script> [79 bytes]","args":[{"element-6066-11e4-a52e-4f735466cecf":"f.07281D0795E18F1137881718A79AE278.d.60DB3B7B6F8710E797536A9804C0C0D9.e.10497","ELEMENT":"f.07281D0795E18F1137881718A79AE278.d.60DB3B7B6F8710E797536A9804C0C0D9.e.10497"},{"block":"start","inline":"nearest"}]}
COMMAND: GET /session/b650fd7e5e1a135de288473492e14b1e/screenshot - {}
RESULT: {}
COMMAND: POST /session/b650fd7e5e1a135de288473492e14b1e/element - {"using":"xpath","value":"//span[@id=\"application-manageresources-display-component---newResourceUnit--btnAddTimeSegment-img\"]"}
RESULT: {"using":"xpath","value":"//span[@id=\"application-manageresources-display-component---newResourceUnit--btnAddTimeSegment-img\"]"}
COMMAND: POST /session/b650fd7e5e1a135de288473492e14b1e/execute/sync - {"script":"<script> [8489 bytes]","args":[{"element-6066-11e4-a52e-4f735466cecf":"f.07281D0795E18F1137881718A79AE278.d.60DB3B7B6F8710E797536A9804C0C0D9.e.10500","ELEMENT":"f.07281D0795E18F1137881718A79AE278.d.60DB3B7B6F8710E797536A9804C0C0D9.e.10500"}]}
RESULT: {"script":"<script> [8489 bytes]","args":[{"element-6066-11e4-a52e-4f735466cecf":"f.07281D0795E18F1137881718A79AE278.d.60DB3B7B6F8710E797536A9804C0C0D9.e.10500","ELEMENT":"f.07281D0795E18F1137881718A79AE278.d.60DB3B7B6F8710E797536A9804C0C0D9.e.10500"}]}
COMMAND: POST /session/b650fd7e5e1a135de288473492e14b1e/element/f.07281D0795E18F1137881718A79AE278.d.60DB3B7B6F8710E797536A9804C0C0D9.e.10500/click - {}
COMMAND: GET /session/b650fd7e5e1a135de288473492e14b1e/screenshot - {}
RESULT: {}
COMMAND: GET /session/b650fd7e5e1a135de288473492e14b1e/screenshot - {}
COMMAND: POST /session/b650fd7e5e1a135de288473492e14b1e/element - {"using":"xpath","value":"//input[@id=\"application-manageresources-display-component---newResourceUnit--idRuTSAdmin-application-manageresources-display-component---newResourceUnit--RUTimeSegment-0-inner\"]"}
RESULT: {}
RESULT: {}
RESULT: {"using":"xpath","value":"//input[@id=\"application-manageresources-display-component---newResourceUnit--idRuTSAdmin-application-manageresources-display-component---newResourceUnit--RUTimeSegment-0-inner\"]"}
COMMAND: POST /session/b650fd7e5e1a135de288473492e14b1e/element/f.07281D0795E18F1137881718A79AE278.d.60DB3B7B6F8710E797536A9804C0C0D9.e.10503/clear - {}
RESULT: {}
COMMAND: POST /session/b650fd7e5e1a135de288473492e14b1e/element/f.07281D0795E18F1137881718A79AE278.d.60DB3B7B6F8710E797536A9804C0C0D9.e.10503/value - {"text":"WebdriverWHMYardffc33"}
COMMAND: GET /session/b650fd7e5e1a135de288473492e14b1e/screenshot - {}
RESULT: {"text":"WebdriverWHMYardffc33"}
COMMAND: GET /session/b650fd7e5e1a135de288473492e14b1e/screenshot - {}
RESULT: {}
RESULT: {}
COMMAND: POST /session/b650fd7e5e1a135de288473492e14b1e/actions - {"actions":[{"id":"action30","type":"key","parameters":{},"actions":[{"type":"keyDown","value":""},{"type":"pause","duration":10},{"type":"keyUp","value":""}]}]}
RESULT: {"actions":[{"id":"action30","type":"key","parameters":{},"actions":[{"type":"keyDown","value":""},{"type":"pause","duration":10},{"type":"keyUp","value":""}]}]}
COMMAND: GET /session/b650fd7e5e1a135de288473492e14b1e/screenshot - {}
RESULT: {}
COMMAND: POST /session/b650fd7e5e1a135de288473492e14b1e/execute/async - {"script":"<script> [1562 bytes]","args":[{"selector":{"controlType":"sap.m.Button","viewName":"reusables.view.manageresources.NewResourceUnit","viewId":"application-manageresources-display-component---newResourceUnit","i18NText":{"propertyName":"tooltip","key":"save"},"interaction":{"idSuffix":"BDI-content"}},"wdio_ui5_key":"reusablesview.manageresources.NewResourceUnitsap.m.Button{\"propertyName\":\"tooltip\",\"key\":\"save\"}"}]}
RESULT: {"script":"<script> [1562 bytes]","args":[{"selector":{"controlType":"sap.m.Button","viewName":"reusables.view.manageresources.NewResourceUnit","viewId":"application-manageresources-display-component---newResourceUnit","i18NText":{"propertyName":"tooltip","key":"save"},"interaction":{"idSuffix":"BDI-content"}},"wdio_ui5_key":"reusablesview.manageresources.NewResourceUnitsap.m.Button{\"propertyName\":\"tooltip\",\"key\":\"save\"}"}]}
RESULT: undefined
COMMAND: POST /session/b650fd7e5e1a135de288473492e14b1e/element - {"using":"xpath","value":"//*[@id=\"application-manageresources-display-component---newResourceUnit--createRuButton\"]"}
RESULT: {"using":"xpath","value":"//*[@id=\"application-manageresources-display-component---newResourceUnit--createRuButton\"]"}
COMMAND: POST /session/b650fd7e5e1a135de288473492e14b1e/element/f.07281D0795E18F1137881718A79AE278.d.60DB3B7B6F8710E797536A9804C0C0D9.e.10428/click - {}
RESULT: {}
COMMAND: GET /session/b650fd7e5e1a135de288473492e14b1e/screenshot - {}
RESULT: {}
COMMAND: POST /session/b650fd7e5e1a135de288473492e14b1e/execute/async - {"script":"<script> [1562 bytes]","args":[{"selector":{"controlType":"sap.m.Title","properties":{"text":"Success"},"searchOpenDialogs":true},"wdio_ui5_key":"sapm.Title{\"text\":\"Success\"}"}]}
RESULT: {"script":"<script> [1562 bytes]","args":[{"selector":{"controlType":"sap.m.Title","properties":{"text":"Success"},"searchOpenDialogs":true},"wdio_ui5_key":"sapm.Title{\"text\":\"Success\"}"}]}
RESULT: undefined
COMMAND: POST /session/b650fd7e5e1a135de288473492e14b1e/execute/async - {"script":"<script> [6424 bytes]","args":[{"element-6066-11e4-a52e-4f735466cecf":"f.07281D0795E18F1137881718A79AE278.d.60DB3B7B6F8710E797536A9804C0C0D9.e.10518"},"getText",[]]}
RESULT: {"script":"<script> [6424 bytes]","args":[{"element-6066-11e4-a52e-4f735466cecf":"f.07281D0795E18F1137881718A79AE278.d.60DB3B7B6F8710E797536A9804C0C0D9.e.10518"},"getText",[]]}
COMMAND: POST /session/b650fd7e5e1a135de288473492e14b1e/element - {"using":"xpath","value":"//*[contains(@id, '__text') and (contains(text(), 'successfully created') or contains(., 'successfully created'))]"}
RESULT: {"using":"xpath","value":"//*[contains(@id, '__text') and (contains(text(), 'successfully created') or contains(., 'successfully created'))]"}
COMMAND: GET /session/b650fd7e5e1a135de288473492e14b1e/element/f.07281D0795E18F1137881718A79AE278.d.60DB3B7B6F8710E797536A9804C0C0D9.e.10517/text - {}
RESULT: {}
COMMAND: POST /session/b650fd7e5e1a135de288473492e14b1e/execute/async - {"script":"<script> [1562 bytes]","args":[{"selector":{"controlType":"sap.m.Button","properties":{"text":"Close"},"searchOpenDialogs":true,"interaction":{"idSuffix":"BDI-content"}},"wdio_ui5_key":"sapm.Button{\"text\":\"Close\"}"}]}
RESULT: {"script":"<script> [1562 bytes]","args":[{"selector":{"controlType":"sap.m.Button","properties":{"text":"Close"},"searchOpenDialogs":true,"interaction":{"idSuffix":"BDI-content"}},"wdio_ui5_key":"sapm.Button{\"text\":\"Close\"}"}]}
RESULT: undefined
COMMAND: POST /session/b650fd7e5e1a135de288473492e14b1e/element - {"using":"xpath","value":"//*[@id=\"__mbox-btn-0\"]"}
RESULT: {"using":"xpath","value":"//*[@id=\"__mbox-btn-0\"]"}
COMMAND: POST /session/b650fd7e5e1a135de288473492e14b1e/element/f.07281D0795E18F1137881718A79AE278.d.60DB3B7B6F8710E797536A9804C0C0D9.e.10514/click - {}
RESULT: {}
COMMAND: GET /session/b650fd7e5e1a135de288473492e14b1e/screenshot - {}
RESULT: {}
COMMAND: POST /session/b650fd7e5e1a135de288473492e14b1e/execute/async - {"script":"<script> [1562 bytes]","args":[{"selector":{"controlType":"sap.ui.core.Icon","viewName":"etm.portal.ui.manageresources.view.Detail","viewId":"application-manageresources-display-component---detailRU","properties":{"src":{"regex":{"source":"overflow"}}}},"wdio_ui5_key":"etmportal.ui.manageresources.view.Detailsap.ui.core.Icon{\"src\":{\"regex\":{\"source\":\"overflow\"}}}"}]}
RESULT: {"script":"<script> [1562 bytes]","args":[{"selector":{"controlType":"sap.ui.core.Icon","viewName":"etm.portal.ui.manageresources.view.Detail","viewId":"application-manageresources-display-component---detailRU","properties":{"src":{"regex":{"source":"overflow"}}}},"wdio_ui5_key":"etmportal.ui.manageresources.view.Detailsap.ui.core.Icon{\"src\":{\"regex\":{\"source\":\"overflow\"}}}"}]}
RESULT: undefined
COMMAND: POST /session/b650fd7e5e1a135de288473492e14b1e/element - {"using":"xpath","value":"//*[@id=\"__title18-_actionsToolbar-overflowButton-img\"]"}
RESULT: {"using":"xpath","value":"//*[@id=\"__title18-_actionsToolbar-overflowButton-img\"]"}
COMMAND: POST /session/b650fd7e5e1a135de288473492e14b1e/element/f.07281D0795E18F1137881718A79AE278.d.60DB3B7B6F8710E797536A9804C0C0D9.e.10548/click - {}
RESULT: {}
COMMAND: POST /session/b650fd7e5e1a135de288473492e14b1e/execute/async - {"script":"<script> [1562 bytes]","args":[{"selector":{"controlType":"sap.m.Button","viewName":"etm.portal.ui.manageresources.view.Detail","viewId":"application-manageresources-display-component---detailRU","i18NText":{"propertyName":"tooltip","key":"closeColumn"},"searchOpenDialogs":true,"interaction":{"idSuffix":"inner"}},"wdio_ui5_key":"etmportal.ui.manageresources.view.Detailsap.m.Button{\"propertyName\":\"tooltip\",\"key\":\"closeColumn\"}"}]}
COMMAND: GET /session/b650fd7e5e1a135de288473492e14b1e/screenshot - {}
RESULT: {"script":"<script> [1562 bytes]","args":[{"selector":{"controlType":"sap.m.Button","viewName":"etm.portal.ui.manageresources.view.Detail","viewId":"application-manageresources-display-component---detailRU","i18NText":{"propertyName":"tooltip","key":"closeColumn"},"searchOpenDialogs":true,"interaction":{"idSuffix":"inner"}},"wdio_ui5_key":"etmportal.ui.manageresources.view.Detailsap.m.Button{\"propertyName\":\"tooltip\",\"key\":\"closeColumn\"}"}]}
RESULT: undefined
COMMAND: POST /session/b650fd7e5e1a135de288473492e14b1e/element - {"using":"xpath","value":"//*[@id=\"__button47\"]"}
RESULT: {}
RESULT: {"using":"xpath","value":"//*[@id=\"__button47\"]"}
COMMAND: POST /session/b650fd7e5e1a135de288473492e14b1e/element/f.07281D0795E18F1137881718A79AE278.d.60DB3B7B6F8710E797536A9804C0C0D9.e.10552/click - {}
RESULT: {}
COMMAND: GET /session/b650fd7e5e1a135de288473492e14b1e/screenshot - {}
RESULT: {}
COMMAND: POST /session/b650fd7e5e1a135de288473492e14b1e/refresh - {}
RESULT: {}
COMMAND: GET /session/b650fd7e5e1a135de288473492e14b1e/screenshot - {}
RESULT: {}
COMMAND: POST /session/b650fd7e5e1a135de288473492e14b1e/execute/async - {"script":"<script> [189 bytes]","args":[]}
RESULT: {"script":"<script> [189 bytes]","args":[]}
COMMAND: POST /session/b650fd7e5e1a135de288473492e14b1e/execute/async - {"script":"<script> [123 bytes]","args":[]}
RESULT: {"script":"<script> [123 bytes]","args":[]}
COMMAND: POST /session/b650fd7e5e1a135de288473492e14b1e/timeouts - {"script":"<number>"}
RESULT: {"script":"<number>"}
COMMAND: GET /session/b650fd7e5e1a135de288473492e14b1e/timeouts - {}
RESULT: {}
RESULT: undefined
COMMAND: POST /session/b650fd7e5e1a135de288473492e14b1e/execute/async - {"script":"<script> [2676 bytes]","args":[]}
RESULT: {"script":"<script> [2676 bytes]","args":[]}
COMMAND: POST /session/b650fd7e5e1a135de288473492e14b1e/execute/async - {"script":"<script> [2342 bytes]","args":[{"protocol":"http","hostname":"0.0.0.0","path":"/","capabilities":{"browserName":"chrome","goog:chromeOptions":{"binary":"C:\\Program Files\\Google\\Chrome\\Application\\chrome.exe"}},"logLevel":"warn","connectionRetryTimeout":120000,"connectionRetryCount":3,"logLevels":{},"enableDirectConnect":true,"strictSSL":true,"_":"65 more keys: [\"cacheDir\",\"port\",\"requestedCapabilities\",\"automationProtocol\",\"baseUrl\",\"waitforInterval\",\"waitforTimeout\",\"onReload\",\"beforeCommand\",\"afterCommand\",\"rootDir\",\"specs\",\"suites\",\"exclude\",\"groupLogsByTestSpec\",\"excludeDriverLogs\",\"bail\",\"framework\",\"reporters\",\"services\",\"maxInstances\",\"maxInstancesPerCapability\",\"injectGlobals\",\"filesToWatch\",\"execArgv\",\"runnerEnv\",\"runner\",\"shard\",\"specFileRetries\",\"specFileRetriesDelay\",\"specFileRetriesDeferred\",\"reporterSyncInterval\",\"reporterSyncTimeout\",\"cucumberFeaturesWithLineNumbers\",\"autoCompileOpts\",\"mochaOpts\",\"jasmineOpts\",\"cucumberOpts\",\"onPrepare\",\"onWorkerStart\",\"onWorkerEnd\",\"before\",\"beforeSession\",\"beforeSuite\",\"beforeHook\",\"beforeTest\",\"afterTest\",\"afterHook\",\"afterSuite\",\"afterSession\",\"after\",\"onComplete\",\"beforeAssertion\",\"afterAssertion\",\"beforeFeature\",\"beforeScenario\",\"beforeStep\",\"afterStep\",\"afterScenario\",\"afterFeature\",\"_\",\"suite\",\"$0\",\"ignoredWorkerServices\",\"wdi5\"]"}]}
RESULT: {"script":"<script> [2342 bytes]","args":[{"protocol":"http","hostname":"0.0.0.0","path":"/","capabilities":{"browserName":"chrome","goog:chromeOptions":{"binary":"C:\\Program Files\\Google\\Chrome\\Application\\chrome.exe"}},"logLevel":"warn","connectionRetryTimeout":120000,"connectionRetryCount":3,"logLevels":{},"enableDirectConnect":true,"strictSSL":true,"_":"65 more keys: [\"cacheDir\",\"port\",\"requestedCapabilities\",\"automationProtocol\",\"baseUrl\",\"waitforInterval\",\"waitforTimeout\",\"onReload\",\"beforeCommand\",\"afterCommand\",\"rootDir\",\"specs\",\"suites\",\"exclude\",\"groupLogsByTestSpec\",\"excludeDriverLogs\",\"bail\",\"framework\",\"reporters\",\"services\",\"maxInstances\",\"maxInstancesPerCapability\",\"injectGlobals\",\"filesToWatch\",\"execArgv\",\"runnerEnv\",\"runner\",\"shard\",\"specFileRetries\",\"specFileRetriesDelay\",\"specFileRetriesDeferred\",\"reporterSyncInterval\",\"reporterSyncTimeout\",\"cucumberFeaturesWithLineNumbers\",\"autoCompileOpts\",\"mochaOpts\",\"jasmineOpts\",\"cucumberOpts\",\"onPrepare\",\"onWorkerStart\",\"onWorkerEnd\",\"before\",\"beforeSession\",\"beforeSuite\",\"beforeHook\",\"beforeTest\",\"afterTest\",\"afterHook\",\"afterSuite\",\"afterSession\",\"after\",\"onComplete\",\"beforeAssertion\",\"afterAssertion\",\"beforeFeature\",\"beforeScenario\",\"beforeStep\",\"afterStep\",\"afterScenario\",\"afterFeature\",\"_\",\"suite\",\"$0\",\"ignoredWorkerServices\",\"wdi5\"]"}]}
COMMAND: POST /session/b650fd7e5e1a135de288473492e14b1e/execute/async - {"script":"<script> [21126 bytes]","args":[35000]}
RESULT: {"script":"<script> [21126 bytes]","args":[35000]}
RESULT: undefined
RESULT: undefined
COMMAND: POST /session/b650fd7e5e1a135de288473492e14b1e/element - {"using":"css selector","value":"#shell-header-logo"}
RESULT: {"using":"css selector","value":"#shell-header-logo"}
COMMAND: POST /session/b650fd7e5e1a135de288473492e14b1e/element/f.07281D0795E18F1137881718A79AE278.d.46A4421161E1A30B81A43FC4E2B646D6.e.10771/click - {}
RESULT: {}
COMMAND: GET /session/b650fd7e5e1a135de288473492e14b1e/screenshot - {}
RESULT: {}
COMMAND: POST /session/b650fd7e5e1a135de288473492e14b1e/element - {"using":"css selector","value":"#shell-header-logo"}
RESULT: {"using":"css selector","value":"#shell-header-logo"}
COMMAND: POST /session/b650fd7e5e1a135de288473492e14b1e/element/f.07281D0795E18F1137881718A79AE278.d.46A4421161E1A30B81A43FC4E2B646D6.e.10959/click - {}
RESULT: {}
COMMAND: GET /session/b650fd7e5e1a135de288473492e14b1e/screenshot - {}
RESULT: {}
]]></system-out>
    </testcase>
    <testcase classname="chrome.135_0_7049_42.windows.Warehouse_movements_inventory_test" name="Should do a stock increase handover" time="70.948">
      <system-out><![CDATA[
COMMAND: POST /session/b650fd7e5e1a135de288473492e14b1e/execute/async - {"script":"<script> [1562 bytes]","args":[{"selector":{"controlType":"sap.m.GenericTile","properties":{"header":"Manage Handovers"}},"wdio_ui5_key":"sapm.GenericTile{\"header\":\"Manage Handovers\"}"}]}
RESULT: {"script":"<script> [1562 bytes]","args":[{"selector":{"controlType":"sap.m.GenericTile","properties":{"header":"Manage Handovers"}},"wdio_ui5_key":"sapm.GenericTile{\"header\":\"Manage Handovers\"}"}]}
RESULT: undefined
COMMAND: POST /session/b650fd7e5e1a135de288473492e14b1e/element - {"using":"xpath","value":"//*[@id=\"__tile131\"]"}
RESULT: {"using":"xpath","value":"//*[@id=\"__tile131\"]"}
COMMAND: POST /session/b650fd7e5e1a135de288473492e14b1e/element/f.07281D0795E18F1137881718A79AE278.d.46A4421161E1A30B81A43FC4E2B646D6.e.10954/click - {}
RESULT: {}
COMMAND: GET /session/b650fd7e5e1a135de288473492e14b1e/screenshot - {}
RESULT: {}
COMMAND: POST /session/b650fd7e5e1a135de288473492e14b1e/element - {"using":"xpath","value":"//button[(@data-kt = 'masterHOAddButton')]"}
RESULT: {"using":"xpath","value":"//button[(@data-kt = 'masterHOAddButton')]"}
COMMAND: POST /session/b650fd7e5e1a135de288473492e14b1e/element/f.07281D0795E18F1137881718A79AE278.d.46A4421161E1A30B81A43FC4E2B646D6.e.11002/click - {}
RESULT: {}
COMMAND: GET /session/b650fd7e5e1a135de288473492e14b1e/screenshot - {}
RESULT: {}
COMMAND: POST /session/b650fd7e5e1a135de288473492e14b1e/element - {"using":"xpath","value":"//span[contains(@id ,\"AddNewHO--typeSelect-arrow\")]"}
RESULT: {"using":"xpath","value":"//span[contains(@id ,\"AddNewHO--typeSelect-arrow\")]"}
COMMAND: POST /session/b650fd7e5e1a135de288473492e14b1e/element/f.07281D0795E18F1137881718A79AE278.d.46A4421161E1A30B81A43FC4E2B646D6.e.11292/click - {}
RESULT: {}
COMMAND: POST /session/b650fd7e5e1a135de288473492e14b1e/element - {"using":"xpath","value":"(//li[contains(text(), \"stock increase yard\")])[1]"}
COMMAND: GET /session/b650fd7e5e1a135de288473492e14b1e/screenshot - {}
RESULT: {"using":"xpath","value":"(//li[contains(text(), \"stock increase yard\")])[1]"}
COMMAND: POST /session/b650fd7e5e1a135de288473492e14b1e/element/f.07281D0795E18F1137881718A79AE278.d.46A4421161E1A30B81A43FC4E2B646D6.e.11293/click - {}
RESULT: {}
RESULT: {}
COMMAND: GET /session/b650fd7e5e1a135de288473492e14b1e/screenshot - {}
RESULT: {}
COMMAND: POST /session/b650fd7e5e1a135de288473492e14b1e/execute/async - {"script":"<script> [1562 bytes]","args":[{"selector":{"id":"application-managehandovers-display-component---AddNewHO--dueDate","interaction":{"idSuffix":"inner"}},"wdio_ui5_key":"applicationmanagehandovers-display-component---AddNewHO--dueDate"}]}
RESULT: {"script":"<script> [1562 bytes]","args":[{"selector":{"id":"application-managehandovers-display-component---AddNewHO--dueDate","interaction":{"idSuffix":"inner"}},"wdio_ui5_key":"applicationmanagehandovers-display-component---AddNewHO--dueDate"}]}
RESULT: undefined
COMMAND: POST /session/b650fd7e5e1a135de288473492e14b1e/execute/async - {"script":"<script> [6424 bytes]","args":[{"element-6066-11e4-a52e-4f735466cecf":"f.07281D0795E18F1137881718A79AE278.d.46A4421161E1A30B81A43FC4E2B646D6.e.11297"},"setValue",["04/12/2025"]]}
RESULT: {"script":"<script> [6424 bytes]","args":[{"element-6066-11e4-a52e-4f735466cecf":"f.07281D0795E18F1137881718A79AE278.d.46A4421161E1A30B81A43FC4E2B646D6.e.11297"},"setValue",["04/12/2025"]]}
COMMAND: POST /session/b650fd7e5e1a135de288473492e14b1e/element - {"using":"xpath","value":"//input[@id=\"generalSectionFrg--receiveYard-inner\"]"}
RESULT: {"using":"xpath","value":"//input[@id=\"generalSectionFrg--receiveYard-inner\"]"}
COMMAND: POST /session/b650fd7e5e1a135de288473492e14b1e/element/f.07281D0795E18F1137881718A79AE278.d.46A4421161E1A30B81A43FC4E2B646D6.e.11303/clear - {}
RESULT: {}
COMMAND: POST /session/b650fd7e5e1a135de288473492e14b1e/element/f.07281D0795E18F1137881718A79AE278.d.46A4421161E1A30B81A43FC4E2B646D6.e.11303/value - {"text":"WebdriverWHMYardffc33"}
COMMAND: GET /session/b650fd7e5e1a135de288473492e14b1e/screenshot - {}
RESULT: {"text":"WebdriverWHMYardffc33"}
COMMAND: GET /session/b650fd7e5e1a135de288473492e14b1e/screenshot - {}
RESULT: {}
RESULT: {}
COMMAND: POST /session/b650fd7e5e1a135de288473492e14b1e/execute/async - {"script":"<script> [1562 bytes]","args":[{"selector":{"id":"application-managehandovers-display-component---AddNewHO--ObjectPageLayout-anchBar-application-managehandovers-display-component---AddNewHO--section4-anchor","interaction":{"idSuffix":"BDI-content"}},"wdio_ui5_key":"applicationmanagehandovers-display-component---AddNewHO--ObjectPageLayout-anchBar-application-managehandovers-display-component---AddNewHO--section4-anchor"}]}
RESULT: {"script":"<script> [1562 bytes]","args":[{"selector":{"id":"application-managehandovers-display-component---AddNewHO--ObjectPageLayout-anchBar-application-managehandovers-display-component---AddNewHO--section4-anchor","interaction":{"idSuffix":"BDI-content"}},"wdio_ui5_key":"applicationmanagehandovers-display-component---AddNewHO--ObjectPageLayout-anchBar-application-managehandovers-display-component---AddNewHO--section4-anchor"}]}
RESULT: undefined
COMMAND: POST /session/b650fd7e5e1a135de288473492e14b1e/element - {"using":"xpath","value":"//*[@id=\"application-managehandovers-display-component---AddNewHO--ObjectPageLayout-anchBar-application-managehandovers-display-component---AddNewHO--section4-anchor\"]"}
RESULT: {"using":"xpath","value":"//*[@id=\"application-managehandovers-display-component---AddNewHO--ObjectPageLayout-anchBar-application-managehandovers-display-component---AddNewHO--section4-anchor\"]"}
COMMAND: POST /session/b650fd7e5e1a135de288473492e14b1e/element/f.07281D0795E18F1137881718A79AE278.d.46A4421161E1A30B81A43FC4E2B646D6.e.11318/click - {}
RESULT: {}
COMMAND: GET /session/b650fd7e5e1a135de288473492e14b1e/screenshot - {}
RESULT: {}
COMMAND: POST /session/b650fd7e5e1a135de288473492e14b1e/element - {"using":"xpath","value":"//button[@aria-label=\"Add\"]"}
RESULT: {"using":"xpath","value":"//button[@aria-label=\"Add\"]"}
COMMAND: POST /session/b650fd7e5e1a135de288473492e14b1e/element/f.07281D0795E18F1137881718A79AE278.d.46A4421161E1A30B81A43FC4E2B646D6.e.11321/click - {}
RESULT: {}
COMMAND: GET /session/b650fd7e5e1a135de288473492e14b1e/screenshot - {}
RESULT: {}
COMMAND: POST /session/b650fd7e5e1a135de288473492e14b1e/execute/async - {"script":"<script> [1562 bytes]","args":[{"selector":{"id":"application-managehandovers-display-component---AddNewHO--smartFilterBar-btnBasicSearch","searchOpenDialogs":true,"interaction":{"idSuffix":"I"}},"wdio_ui5_key":"applicationmanagehandovers-display-component---AddNewHO--smartFilterBar-btnBasicSearch"}]}
RESULT: {"script":"<script> [1562 bytes]","args":[{"selector":{"id":"application-managehandovers-display-component---AddNewHO--smartFilterBar-btnBasicSearch","searchOpenDialogs":true,"interaction":{"idSuffix":"I"}},"wdio_ui5_key":"applicationmanagehandovers-display-component---AddNewHO--smartFilterBar-btnBasicSearch"}]}
RESULT: undefined
COMMAND: POST /session/b650fd7e5e1a135de288473492e14b1e/execute/async - {"script":"<script> [776 bytes]","args":[{"enterText":"WebdriverRUR2Cc896u","selector":{"id":"application-managehandovers-display-component---AddNewHO--smartFilterBar-btnBasicSearch","searchOpenDialogs":true,"interaction":{"idSuffix":"I"}},"clearTextFirst":true,"interactionType":"ENTER_TEXT"}]}
RESULT: {"script":"<script> [776 bytes]","args":[{"enterText":"WebdriverRUR2Cc896u","selector":{"id":"application-managehandovers-display-component---AddNewHO--smartFilterBar-btnBasicSearch","searchOpenDialogs":true,"interaction":{"idSuffix":"I"}},"clearTextFirst":true,"interactionType":"ENTER_TEXT"}]}
COMMAND: POST /session/b650fd7e5e1a135de288473492e14b1e/actions - {"actions":[{"id":"action31","type":"key","parameters":{},"actions":[{"type":"keyDown","value":""},{"type":"pause","duration":10},{"type":"keyUp","value":""}]}]}
RESULT: {"actions":[{"id":"action31","type":"key","parameters":{},"actions":[{"type":"keyDown","value":""},{"type":"pause","duration":10},{"type":"keyUp","value":""}]}]}
COMMAND: POST /session/b650fd7e5e1a135de288473492e14b1e/execute/async - {"script":"<script> [1562 bytes]","args":[{"selector":{"id":"application-managehandovers-display-component---AddNewHO--popup-sa","searchOpenDialogs":true,"interaction":{"idSuffix":"CbBg"}},"wdio_ui5_key":"applicationmanagehandovers-display-component---AddNewHO--popup-sa"}]}
COMMAND: GET /session/b650fd7e5e1a135de288473492e14b1e/screenshot - {}
RESULT: {"script":"<script> [1562 bytes]","args":[{"selector":{"id":"application-managehandovers-display-component---AddNewHO--popup-sa","searchOpenDialogs":true,"interaction":{"idSuffix":"CbBg"}},"wdio_ui5_key":"applicationmanagehandovers-display-component---AddNewHO--popup-sa"}]}
RESULT: undefined
COMMAND: POST /session/b650fd7e5e1a135de288473492e14b1e/element - {"using":"xpath","value":"//*[@id=\"application-managehandovers-display-component---AddNewHO--popup-sa\"]"}
RESULT: {}
RESULT: {"using":"xpath","value":"//*[@id=\"application-managehandovers-display-component---AddNewHO--popup-sa\"]"}
COMMAND: POST /session/b650fd7e5e1a135de288473492e14b1e/element/f.07281D0795E18F1137881718A79AE278.d.46A4421161E1A30B81A43FC4E2B646D6.e.11463/click - {}
RESULT: {}
COMMAND: GET /session/b650fd7e5e1a135de288473492e14b1e/screenshot - {}
RESULT: {}
COMMAND: POST /session/b650fd7e5e1a135de288473492e14b1e/element - {"using":"xpath","value":"//bdi[contains(text(), \"Select\")]"}
RESULT: {"using":"xpath","value":"//bdi[contains(text(), \"Select\")]"}
COMMAND: POST /session/b650fd7e5e1a135de288473492e14b1e/element/f.07281D0795E18F1137881718A79AE278.d.46A4421161E1A30B81A43FC4E2B646D6.e.11464/click - {}
RESULT: {}
COMMAND: GET /session/b650fd7e5e1a135de288473492e14b1e/screenshot - {}
RESULT: {}
COMMAND: POST /session/b650fd7e5e1a135de288473492e14b1e/element - {"using":"xpath","value":"//button[@data-kt=\"AddNewHOSaveButton\"]"}
RESULT: {"using":"xpath","value":"//button[@data-kt=\"AddNewHOSaveButton\"]"}
COMMAND: POST /session/b650fd7e5e1a135de288473492e14b1e/element/f.07281D0795E18F1137881718A79AE278.d.46A4421161E1A30B81A43FC4E2B646D6.e.11468/click - {}
RESULT: {}
COMMAND: GET /session/b650fd7e5e1a135de288473492e14b1e/screenshot - {}
RESULT: {}
COMMAND: POST /session/b650fd7e5e1a135de288473492e14b1e/execute/async - {"script":"<script> [1562 bytes]","args":[{"selector":{"id":"receiptDatePicker","viewName":"etm.portal.ui.managehandovers.view.DetailExecuteHO","interaction":{"idSuffix":"inner"}},"wdio_ui5_key":"receiptDatePickeretmportal.ui.managehandovers.view.DetailExecuteHO"}]}
RESULT: {"script":"<script> [1562 bytes]","args":[{"selector":{"id":"receiptDatePicker","viewName":"etm.portal.ui.managehandovers.view.DetailExecuteHO","interaction":{"idSuffix":"inner"}},"wdio_ui5_key":"receiptDatePickeretmportal.ui.managehandovers.view.DetailExecuteHO"}]}
RESULT: undefined
COMMAND: POST /session/b650fd7e5e1a135de288473492e14b1e/execute/async - {"script":"<script> [6424 bytes]","args":[{"element-6066-11e4-a52e-4f735466cecf":"f.07281D0795E18F1137881718A79AE278.d.46A4421161E1A30B81A43FC4E2B646D6.e.11497"},"setValue",["04/12/2025"]]}
RESULT: {"script":"<script> [6424 bytes]","args":[{"element-6066-11e4-a52e-4f735466cecf":"f.07281D0795E18F1137881718A79AE278.d.46A4421161E1A30B81A43FC4E2B646D6.e.11497"},"setValue",["04/12/2025"]]}
COMMAND: POST /session/b650fd7e5e1a135de288473492e14b1e/element - {"using":"xpath","value":"//button[@data-kt=\"PickingTableConfirmAllButton\"]"}
RESULT: {"using":"xpath","value":"//button[@data-kt=\"PickingTableConfirmAllButton\"]"}
COMMAND: POST /session/b650fd7e5e1a135de288473492e14b1e/element/f.07281D0795E18F1137881718A79AE278.d.46A4421161E1A30B81A43FC4E2B646D6.e.11515/click - {}
RESULT: {}
COMMAND: GET /session/b650fd7e5e1a135de288473492e14b1e/screenshot - {}
RESULT: {}
COMMAND: POST /session/b650fd7e5e1a135de288473492e14b1e/element - {"using":"xpath","value":"//bdi[contains(text(), \"OK\")]"}
RESULT: {"using":"xpath","value":"//bdi[contains(text(), \"OK\")]"}
COMMAND: POST /session/b650fd7e5e1a135de288473492e14b1e/element/f.07281D0795E18F1137881718A79AE278.d.46A4421161E1A30B81A43FC4E2B646D6.e.11517/click - {}
RESULT: {}
COMMAND: GET /session/b650fd7e5e1a135de288473492e14b1e/screenshot - {}
RESULT: {}
COMMAND: POST /session/b650fd7e5e1a135de288473492e14b1e/element - {"using":"xpath","value":"(//bdi[contains(text(), \"Receive\")])[2]"}
RESULT: {"using":"xpath","value":"(//bdi[contains(text(), \"Receive\")])[2]"}
COMMAND: POST /session/b650fd7e5e1a135de288473492e14b1e/element/f.07281D0795E18F1137881718A79AE278.d.46A4421161E1A30B81A43FC4E2B646D6.e.11519/click - {}
RESULT: {}
COMMAND: GET /session/b650fd7e5e1a135de288473492e14b1e/screenshot - {}
RESULT: {}
COMMAND: POST /session/b650fd7e5e1a135de288473492e14b1e/element - {"using":"css selector","value":"#shell-header-logo"}
RESULT: {"using":"css selector","value":"#shell-header-logo"}
COMMAND: POST /session/b650fd7e5e1a135de288473492e14b1e/element/f.07281D0795E18F1137881718A79AE278.d.46A4421161E1A30B81A43FC4E2B646D6.e.10959/click - {}
RESULT: {}
COMMAND: GET /session/b650fd7e5e1a135de288473492e14b1e/screenshot - {}
RESULT: {}
]]></system-out>
    </testcase>
    <testcase classname="chrome.135_0_7049_42.windows.Warehouse_movements_inventory_test" name="Verify the warehouse movement" time="46.203">
      <system-out><![CDATA[
COMMAND: POST /session/b650fd7e5e1a135de288473492e14b1e/execute/async - {"script":"<script> [1562 bytes]","args":[{"selector":{"controlType":"sap.m.GenericTile","properties":{"header":"Manage Warehouse Movements"}},"wdio_ui5_key":"sapm.GenericTile{\"header\":\"Manage Warehouse Movements\"}"}]}
RESULT: {"script":"<script> [1562 bytes]","args":[{"selector":{"controlType":"sap.m.GenericTile","properties":{"header":"Manage Warehouse Movements"}},"wdio_ui5_key":"sapm.GenericTile{\"header\":\"Manage Warehouse Movements\"}"}]}
RESULT: undefined
COMMAND: POST /session/b650fd7e5e1a135de288473492e14b1e/element - {"using":"xpath","value":"//*[@id=\"__tile105\"]"}
RESULT: {"using":"xpath","value":"//*[@id=\"__tile105\"]"}
COMMAND: POST /session/b650fd7e5e1a135de288473492e14b1e/element/f.07281D0795E18F1137881718A79AE278.d.46A4421161E1A30B81A43FC4E2B646D6.e.11670/click - {}
RESULT: {}
COMMAND: GET /session/b650fd7e5e1a135de288473492e14b1e/screenshot - {}
RESULT: {}
COMMAND: POST /session/b650fd7e5e1a135de288473492e14b1e/execute/async - {"script":"<script> [1562 bytes]","args":[{"selector":{"id":"application-warehousemovements-display-component---warehouseMovements--smartFilterBar-filterItemControl_BASIC-YARD-vhi"},"wdio_ui5_key":"applicationwarehousemovements-display-component---warehouseMovements--smartFilterBar-filterItemControl_BASIC-YARD-vhi"}]}
RESULT: {"script":"<script> [1562 bytes]","args":[{"selector":{"id":"application-warehousemovements-display-component---warehouseMovements--smartFilterBar-filterItemControl_BASIC-YARD-vhi"},"wdio_ui5_key":"applicationwarehousemovements-display-component---warehouseMovements--smartFilterBar-filterItemControl_BASIC-YARD-vhi"}]}
RESULT: undefined
COMMAND: POST /session/b650fd7e5e1a135de288473492e14b1e/element - {"using":"xpath","value":"//*[@id=\"application-warehousemovements-display-component---warehouseMovements--smartFilterBar-filterItemControl_BASIC-YARD-vhi\"]"}
RESULT: {"using":"xpath","value":"//*[@id=\"application-warehousemovements-display-component---warehouseMovements--smartFilterBar-filterItemControl_BASIC-YARD-vhi\"]"}
COMMAND: POST /session/b650fd7e5e1a135de288473492e14b1e/element/f.07281D0795E18F1137881718A79AE278.d.46A4421161E1A30B81A43FC4E2B646D6.e.11766/click - {}
RESULT: {}
COMMAND: GET /session/b650fd7e5e1a135de288473492e14b1e/screenshot - {}
RESULT: {}
COMMAND: POST /session/b650fd7e5e1a135de288473492e14b1e/execute/async - {"script":"<script> [1562 bytes]","args":[{"selector":{"id":"application-warehousemovements-display-component---warehouseMovements--smartFilterBar-filterItemControl_BASIC-YARD-valueHelpDialog-smartFilterBar-btnBasicSearch","searchOpenDialogs":true,"interaction":{"idSuffix":"I"}},"wdio_ui5_key":"applicationwarehousemovements-display-component---warehouseMovements--smartFilterBar-filterItemControl_BASIC-YARD-valueHelpDialog-smartFilterBar-btnBasicSearch"}]}
RESULT: {"script":"<script> [1562 bytes]","args":[{"selector":{"id":"application-warehousemovements-display-component---warehouseMovements--smartFilterBar-filterItemControl_BASIC-YARD-valueHelpDialog-smartFilterBar-btnBasicSearch","searchOpenDialogs":true,"interaction":{"idSuffix":"I"}},"wdio_ui5_key":"applicationwarehousemovements-display-component---warehouseMovements--smartFilterBar-filterItemControl_BASIC-YARD-valueHelpDialog-smartFilterBar-btnBasicSearch"}]}
RESULT: undefined
COMMAND: POST /session/b650fd7e5e1a135de288473492e14b1e/execute/async - {"script":"<script> [776 bytes]","args":[{"enterText":"WebdriverWHMYardffc33","selector":{"id":"application-warehousemovements-display-component---warehouseMovements--smartFilterBar-filterItemControl_BASIC-YARD-valueHelpDialog-smartFilterBar-btnBasicSearch","searchOpenDialogs":true,"interaction":{"idSuffix":"I"}},"clearTextFirst":true,"interactionType":"ENTER_TEXT"}]}
RESULT: {"script":"<script> [776 bytes]","args":[{"enterText":"WebdriverWHMYardffc33","selector":{"id":"application-warehousemovements-display-component---warehouseMovements--smartFilterBar-filterItemControl_BASIC-YARD-valueHelpDialog-smartFilterBar-btnBasicSearch","searchOpenDialogs":true,"interaction":{"idSuffix":"I"}},"clearTextFirst":true,"interactionType":"ENTER_TEXT"}]}
COMMAND: POST /session/b650fd7e5e1a135de288473492e14b1e/actions - {"actions":[{"id":"action32","type":"key","parameters":{},"actions":[{"type":"keyDown","value":""},{"type":"pause","duration":10},{"type":"keyUp","value":""}]}]}
RESULT: {"actions":[{"id":"action32","type":"key","parameters":{},"actions":[{"type":"keyDown","value":""},{"type":"pause","duration":10},{"type":"keyUp","value":""}]}]}
COMMAND: GET /session/b650fd7e5e1a135de288473492e14b1e/screenshot - {}
RESULT: {}
COMMAND: POST /session/b650fd7e5e1a135de288473492e14b1e/element - {"using":"xpath","value":"//div[@id='application-warehousemovements-display-component---warehouseMovements--smartFilterBar-filterItemControl_BASIC-YARD-valueHelpDialog-table-rowsel0']"}
RESULT: {"using":"xpath","value":"//div[@id='application-warehousemovements-display-component---warehouseMovements--smartFilterBar-filterItemControl_BASIC-YARD-valueHelpDialog-table-rowsel0']"}
COMMAND: POST /session/b650fd7e5e1a135de288473492e14b1e/element/f.07281D0795E18F1137881718A79AE278.d.46A4421161E1A30B81A43FC4E2B646D6.e.11775/click - {}
RESULT: {}
COMMAND: POST /session/b650fd7e5e1a135de288473492e14b1e/execute/async - {"script":"<script> [1562 bytes]","args":[{"selector":{"id":"application-warehousemovements-display-component---warehouseMovements--smartFilterBar-filterItemControl_BASIC-YARD-valueHelpDialog-ok","searchOpenDialogs":true,"interaction":{"idSuffix":"BDI-content"}},"wdio_ui5_key":"applicationwarehousemovements-display-component---warehouseMovements--smartFilterBar-filterItemControl_BASIC-YARD-valueHelpDialog-ok"}]}
COMMAND: GET /session/b650fd7e5e1a135de288473492e14b1e/screenshot - {}
RESULT: {"script":"<script> [1562 bytes]","args":[{"selector":{"id":"application-warehousemovements-display-component---warehouseMovements--smartFilterBar-filterItemControl_BASIC-YARD-valueHelpDialog-ok","searchOpenDialogs":true,"interaction":{"idSuffix":"BDI-content"}},"wdio_ui5_key":"applicationwarehousemovements-display-component---warehouseMovements--smartFilterBar-filterItemControl_BASIC-YARD-valueHelpDialog-ok"}]}
RESULT: undefined
COMMAND: POST /session/b650fd7e5e1a135de288473492e14b1e/element - {"using":"xpath","value":"//*[@id=\"application-warehousemovements-display-component---warehouseMovements--smartFilterBar-filterItemControl_BASIC-YARD-valueHelpDialog-ok\"]"}
RESULT: {}
RESULT: {"using":"xpath","value":"//*[@id=\"application-warehousemovements-display-component---warehouseMovements--smartFilterBar-filterItemControl_BASIC-YARD-valueHelpDialog-ok\"]"}
COMMAND: POST /session/b650fd7e5e1a135de288473492e14b1e/element/f.07281D0795E18F1137881718A79AE278.d.46A4421161E1A30B81A43FC4E2B646D6.e.11778/click - {}
RESULT: {}
COMMAND: POST /session/b650fd7e5e1a135de288473492e14b1e/execute/async - {"script":"<script> [1562 bytes]","args":[{"selector":{"controlType":"sap.ui.core.Icon","viewName":"etm.portal.ui.warehousemovements.view.MasterMovement","viewId":"application-warehousemovements-display-component---warehouseMovements","properties":{"src":{"regex":{"source":"add"}}}},"wdio_ui5_key":"etmportal.ui.warehousemovements.view.MasterMovementsap.ui.core.Icon{\"src\":{\"regex\":{\"source\":\"add\"}}}"}]}
COMMAND: GET /session/b650fd7e5e1a135de288473492e14b1e/screenshot - {}
RESULT: {"script":"<script> [1562 bytes]","args":[{"selector":{"controlType":"sap.ui.core.Icon","viewName":"etm.portal.ui.warehousemovements.view.MasterMovement","viewId":"application-warehousemovements-display-component---warehouseMovements","properties":{"src":{"regex":{"source":"add"}}}},"wdio_ui5_key":"etmportal.ui.warehousemovements.view.MasterMovementsap.ui.core.Icon{\"src\":{\"regex\":{\"source\":\"add\"}}}"}]}
RESULT: undefined
COMMAND: POST /session/b650fd7e5e1a135de288473492e14b1e/element - {"using":"xpath","value":"//*[@id=\"__button73-img\"]"}
RESULT: {}
RESULT: {"using":"xpath","value":"//*[@id=\"__button73-img\"]"}
COMMAND: POST /session/b650fd7e5e1a135de288473492e14b1e/element/f.07281D0795E18F1137881718A79AE278.d.46A4421161E1A30B81A43FC4E2B646D6.e.11738/click - {}
RESULT: {}
COMMAND: POST /session/b650fd7e5e1a135de288473492e14b1e/element - {"using":"xpath","value":"//input[contains(@id ,\"application-warehousemovements-display-component---addMovement--sectionsList-inner\")]"}
COMMAND: GET /session/b650fd7e5e1a135de288473492e14b1e/screenshot - {}
RESULT: {"using":"xpath","value":"//input[contains(@id ,\"application-warehousemovements-display-component---addMovement--sectionsList-inner\")]"}
COMMAND: POST /session/b650fd7e5e1a135de288473492e14b1e/elements - {"using":"xpath","value":"//input[contains(@id ,\"application-warehousemovements-display-component---addMovement--sectionsList-inner\")]"}
RESULT: {}
RESULT: {"using":"xpath","value":"//input[contains(@id ,\"application-warehousemovements-display-component---addMovement--sectionsList-inner\")]"}
COMMAND: POST /session/b650fd7e5e1a135de288473492e14b1e/element - {"using":"xpath","value":"//input[contains(@id ,\"application-warehousemovements-display-component---addMovement--sectionsList-inner\")]"}
RESULT: {"using":"xpath","value":"//input[contains(@id ,\"application-warehousemovements-display-component---addMovement--sectionsList-inner\")]"}
COMMAND: POST /session/b650fd7e5e1a135de288473492e14b1e/element/f.07281D0795E18F1137881718A79AE278.d.46A4421161E1A30B81A43FC4E2B646D6.e.11840/clear - {}
RESULT: {}
COMMAND: POST /session/b650fd7e5e1a135de288473492e14b1e/element/f.07281D0795E18F1137881718A79AE278.d.46A4421161E1A30B81A43FC4E2B646D6.e.11840/value - {"text":"Sec5t1kh"}
COMMAND: GET /session/b650fd7e5e1a135de288473492e14b1e/screenshot - {}
RESULT: {"text":"Sec5t1kh"}
COMMAND: GET /session/b650fd7e5e1a135de288473492e14b1e/screenshot - {}
RESULT: {}
RESULT: {}
COMMAND: POST /session/b650fd7e5e1a135de288473492e14b1e/actions - {"actions":[{"id":"action33","type":"key","parameters":{},"actions":[{"type":"keyDown","value":""},{"type":"pause","duration":10},{"type":"keyUp","value":""}]}]}
RESULT: {"actions":[{"id":"action33","type":"key","parameters":{},"actions":[{"type":"keyDown","value":""},{"type":"pause","duration":10},{"type":"keyUp","value":""}]}]}
COMMAND: GET /session/b650fd7e5e1a135de288473492e14b1e/screenshot - {}
RESULT: {}
COMMAND: POST /session/b650fd7e5e1a135de288473492e14b1e/execute/async - {"script":"<script> [1562 bytes]","args":[{"selector":{"id":"application-warehousemovements-display-component---addMovement--addItem-img"},"wdio_ui5_key":"applicationwarehousemovements-display-component---addMovement--addItem-img"}]}
RESULT: {"script":"<script> [1562 bytes]","args":[{"selector":{"id":"application-warehousemovements-display-component---addMovement--addItem-img"},"wdio_ui5_key":"applicationwarehousemovements-display-component---addMovement--addItem-img"}]}
RESULT: undefined
COMMAND: POST /session/b650fd7e5e1a135de288473492e14b1e/element - {"using":"xpath","value":"//*[@id=\"application-warehousemovements-display-component---addMovement--addItem-img\"]"}
RESULT: {"using":"xpath","value":"//*[@id=\"application-warehousemovements-display-component---addMovement--addItem-img\"]"}
COMMAND: POST /session/b650fd7e5e1a135de288473492e14b1e/element/f.07281D0795E18F1137881718A79AE278.d.46A4421161E1A30B81A43FC4E2B646D6.e.11824/click - {}
RESULT: {}
COMMAND: POST /session/b650fd7e5e1a135de288473492e14b1e/execute/async - {"script":"<script> [1562 bytes]","args":[{"selector":{"id":"movementItemsPopUp--invSearch","searchOpenDialogs":true,"interaction":{"idSuffix":"I"}},"wdio_ui5_key":"movementItemsPopUpinvSearch"}]}
COMMAND: GET /session/b650fd7e5e1a135de288473492e14b1e/screenshot - {}
RESULT: {"script":"<script> [1562 bytes]","args":[{"selector":{"id":"movementItemsPopUp--invSearch","searchOpenDialogs":true,"interaction":{"idSuffix":"I"}},"wdio_ui5_key":"movementItemsPopUpinvSearch"}]}
RESULT: undefined
COMMAND: POST /session/b650fd7e5e1a135de288473492e14b1e/execute/async - {"script":"<script> [776 bytes]","args":[{"enterText":"WebdriverRUR2Cc896u","selector":{"id":"movementItemsPopUp--invSearch","searchOpenDialogs":true,"interaction":{"idSuffix":"I"}},"clearTextFirst":true,"interactionType":"ENTER_TEXT"}]}
RESULT: {}
RESULT: {"script":"<script> [776 bytes]","args":[{"enterText":"WebdriverRUR2Cc896u","selector":{"id":"movementItemsPopUp--invSearch","searchOpenDialogs":true,"interaction":{"idSuffix":"I"}},"clearTextFirst":true,"interactionType":"ENTER_TEXT"}]}
COMMAND: POST /session/b650fd7e5e1a135de288473492e14b1e/execute/async - {"script":"<script> [1562 bytes]","args":[{"selector":{"id":"movementItemsPopUp--movementItemsTable-sa","searchOpenDialogs":true,"interaction":{"idSuffix":"CbBg"}},"wdio_ui5_key":"movementItemsPopUpmovementItemsTable-sa"}]}
RESULT: {"script":"<script> [1562 bytes]","args":[{"selector":{"id":"movementItemsPopUp--movementItemsTable-sa","searchOpenDialogs":true,"interaction":{"idSuffix":"CbBg"}},"wdio_ui5_key":"movementItemsPopUpmovementItemsTable-sa"}]}
RESULT: undefined
COMMAND: POST /session/b650fd7e5e1a135de288473492e14b1e/element - {"using":"xpath","value":"//*[@id=\"movementItemsPopUp--movementItemsTable-sa\"]"}
RESULT: {"using":"xpath","value":"//*[@id=\"movementItemsPopUp--movementItemsTable-sa\"]"}
COMMAND: POST /session/b650fd7e5e1a135de288473492e14b1e/element/f.07281D0795E18F1137881718A79AE278.d.46A4421161E1A30B81A43FC4E2B646D6.e.11923/click - {}
RESULT: {}
COMMAND: POST /session/b650fd7e5e1a135de288473492e14b1e/execute/async - {"script":"<script> [1562 bytes]","args":[{"selector":{"id":"movementItemsPopUp--createBtn","searchOpenDialogs":true,"interaction":{"idSuffix":"BDI-content"}},"wdio_ui5_key":"movementItemsPopUpcreateBtn"}]}
COMMAND: GET /session/b650fd7e5e1a135de288473492e14b1e/screenshot - {}
RESULT: {"script":"<script> [1562 bytes]","args":[{"selector":{"id":"movementItemsPopUp--createBtn","searchOpenDialogs":true,"interaction":{"idSuffix":"BDI-content"}},"wdio_ui5_key":"movementItemsPopUpcreateBtn"}]}
RESULT: undefined
COMMAND: POST /session/b650fd7e5e1a135de288473492e14b1e/element - {"using":"xpath","value":"//*[@id=\"movementItemsPopUp--createBtn\"]"}
RESULT: {}
RESULT: {"using":"xpath","value":"//*[@id=\"movementItemsPopUp--createBtn\"]"}
COMMAND: POST /session/b650fd7e5e1a135de288473492e14b1e/element/f.07281D0795E18F1137881718A79AE278.d.46A4421161E1A30B81A43FC4E2B646D6.e.11925/click - {}
RESULT: {}
COMMAND: GET /session/b650fd7e5e1a135de288473492e14b1e/screenshot - {}
RESULT: {}
COMMAND: POST /session/b650fd7e5e1a135de288473492e14b1e/element - {"using":"css selector","value":"#j_username"}
COMMAND: POST /session/b650fd7e5e1a135de288473492e14b1e/url - {"url":"https://qa-testing-00-live-etm-ui.cfapps.eu10-004.hana.ondemand.com/"}
RESULT: {"using":"css selector","value":"#j_username"}
COMMAND: POST /session/b650fd7e5e1a135de288473492e14b1e/element - {"using":"css selector","value":"#j_username"}
RESULT: {"url":"https://qa-testing-00-live-etm-ui.cfapps.eu10-004.hana.ondemand.com/"}
RESULT: undefined
COMMAND: GET /session/b650fd7e5e1a135de288473492e14b1e/screenshot - {}
RESULT: {"using":"css selector","value":"#j_username"}
COMMAND: POST /session/b650fd7e5e1a135de288473492e14b1e/element - {"using":"css selector","value":"#shell-header-logo"}
RESULT: {}
RESULT: {"using":"css selector","value":"#shell-header-logo"}
COMMAND: POST /session/b650fd7e5e1a135de288473492e14b1e/execute/sync - {"script":"<script> [8489 bytes]","args":[{"element-6066-11e4-a52e-4f735466cecf":"f.07281D0795E18F1137881718A79AE278.d.03EC994C6741E0D6BE87575A2DAD22BF.e.11941","ELEMENT":"f.07281D0795E18F1137881718A79AE278.d.03EC994C6741E0D6BE87575A2DAD22BF.e.11941"}]}
RESULT: {"script":"<script> [8489 bytes]","args":[{"element-6066-11e4-a52e-4f735466cecf":"f.07281D0795E18F1137881718A79AE278.d.03EC994C6741E0D6BE87575A2DAD22BF.e.11941","ELEMENT":"f.07281D0795E18F1137881718A79AE278.d.03EC994C6741E0D6BE87575A2DAD22BF.e.11941"}]}
COMMAND: POST /session/b650fd7e5e1a135de288473492e14b1e/element - {"using":"css selector","value":"#shell-header-logo"}
COMMAND: GET /session/b650fd7e5e1a135de288473492e14b1e/screenshot - {}
RESULT: {"using":"css selector","value":"#shell-header-logo"}
COMMAND: POST /session/b650fd7e5e1a135de288473492e14b1e/execute/sync - {"script":"<script> [8489 bytes]","args":[{"element-6066-11e4-a52e-4f735466cecf":"f.07281D0795E18F1137881718A79AE278.d.03EC994C6741E0D6BE87575A2DAD22BF.e.11941","ELEMENT":"f.07281D0795E18F1137881718A79AE278.d.03EC994C6741E0D6BE87575A2DAD22BF.e.11941"}]}
RESULT: {}
RESULT: {"script":"<script> [8489 bytes]","args":[{"element-6066-11e4-a52e-4f735466cecf":"f.07281D0795E18F1137881718A79AE278.d.03EC994C6741E0D6BE87575A2DAD22BF.e.11941","ELEMENT":"f.07281D0795E18F1137881718A79AE278.d.03EC994C6741E0D6BE87575A2DAD22BF.e.11941"}]}
COMMAND: POST /session/b650fd7e5e1a135de288473492e14b1e/execute/sync - {"script":"<script> [5351 bytes]","args":[{"element-6066-11e4-a52e-4f735466cecf":"f.07281D0795E18F1137881718A79AE278.d.03EC994C6741E0D6BE87575A2DAD22BF.e.11941","ELEMENT":"f.07281D0795E18F1137881718A79AE278.d.03EC994C6741E0D6BE87575A2DAD22BF.e.11941"}]}
COMMAND: GET /session/b650fd7e5e1a135de288473492e14b1e/screenshot - {}
RESULT: {"script":"<script> [5351 bytes]","args":[{"element-6066-11e4-a52e-4f735466cecf":"f.07281D0795E18F1137881718A79AE278.d.03EC994C6741E0D6BE87575A2DAD22BF.e.11941","ELEMENT":"f.07281D0795E18F1137881718A79AE278.d.03EC994C6741E0D6BE87575A2DAD22BF.e.11941"}]}
COMMAND: POST /session/b650fd7e5e1a135de288473492e14b1e/element - {"using":"css selector","value":"#shell-header-logo"}
COMMAND: GET /session/b650fd7e5e1a135de288473492e14b1e/screenshot - {}
RESULT: {}
RESULT: {"using":"css selector","value":"#shell-header-logo"}
COMMAND: POST /session/b650fd7e5e1a135de288473492e14b1e/element/f.07281D0795E18F1137881718A79AE278.d.03EC994C6741E0D6BE87575A2DAD22BF.e.11941/click - {}
RESULT: {}
RESULT: {}
COMMAND: GET /session/b650fd7e5e1a135de288473492e14b1e/screenshot - {}
RESULT: {}
COMMAND: POST /session/b650fd7e5e1a135de288473492e14b1e/execute/async - {"script":"<script> [189 bytes]","args":[]}
RESULT: {"script":"<script> [189 bytes]","args":[]}
COMMAND: POST /session/b650fd7e5e1a135de288473492e14b1e/execute/async - {"script":"<script> [123 bytes]","args":[]}
RESULT: {"script":"<script> [123 bytes]","args":[]}
COMMAND: POST /session/b650fd7e5e1a135de288473492e14b1e/timeouts - {"script":"<number>"}
RESULT: {"script":"<number>"}
COMMAND: GET /session/b650fd7e5e1a135de288473492e14b1e/timeouts - {}
RESULT: {}
RESULT: undefined
COMMAND: POST /session/b650fd7e5e1a135de288473492e14b1e/execute/async - {"script":"<script> [2676 bytes]","args":[]}
RESULT: {"script":"<script> [2676 bytes]","args":[]}
COMMAND: POST /session/b650fd7e5e1a135de288473492e14b1e/execute/async - {"script":"<script> [2342 bytes]","args":[{"protocol":"http","hostname":"0.0.0.0","path":"/","capabilities":{"browserName":"chrome","goog:chromeOptions":{"binary":"C:\\Program Files\\Google\\Chrome\\Application\\chrome.exe"}},"logLevel":"warn","connectionRetryTimeout":120000,"connectionRetryCount":3,"logLevels":{},"enableDirectConnect":true,"strictSSL":true,"_":"65 more keys: [\"cacheDir\",\"port\",\"requestedCapabilities\",\"automationProtocol\",\"baseUrl\",\"waitforInterval\",\"waitforTimeout\",\"onReload\",\"beforeCommand\",\"afterCommand\",\"rootDir\",\"specs\",\"suites\",\"exclude\",\"groupLogsByTestSpec\",\"excludeDriverLogs\",\"bail\",\"framework\",\"reporters\",\"services\",\"maxInstances\",\"maxInstancesPerCapability\",\"injectGlobals\",\"filesToWatch\",\"execArgv\",\"runnerEnv\",\"runner\",\"shard\",\"specFileRetries\",\"specFileRetriesDelay\",\"specFileRetriesDeferred\",\"reporterSyncInterval\",\"reporterSyncTimeout\",\"cucumberFeaturesWithLineNumbers\",\"autoCompileOpts\",\"mochaOpts\",\"jasmineOpts\",\"cucumberOpts\",\"onPrepare\",\"onWorkerStart\",\"onWorkerEnd\",\"before\",\"beforeSession\",\"beforeSuite\",\"beforeHook\",\"beforeTest\",\"afterTest\",\"afterHook\",\"afterSuite\",\"afterSession\",\"after\",\"onComplete\",\"beforeAssertion\",\"afterAssertion\",\"beforeFeature\",\"beforeScenario\",\"beforeStep\",\"afterStep\",\"afterScenario\",\"afterFeature\",\"_\",\"suite\",\"$0\",\"ignoredWorkerServices\",\"wdi5\"]"}]}
RESULT: {"script":"<script> [2342 bytes]","args":[{"protocol":"http","hostname":"0.0.0.0","path":"/","capabilities":{"browserName":"chrome","goog:chromeOptions":{"binary":"C:\\Program Files\\Google\\Chrome\\Application\\chrome.exe"}},"logLevel":"warn","connectionRetryTimeout":120000,"connectionRetryCount":3,"logLevels":{},"enableDirectConnect":true,"strictSSL":true,"_":"65 more keys: [\"cacheDir\",\"port\",\"requestedCapabilities\",\"automationProtocol\",\"baseUrl\",\"waitforInterval\",\"waitforTimeout\",\"onReload\",\"beforeCommand\",\"afterCommand\",\"rootDir\",\"specs\",\"suites\",\"exclude\",\"groupLogsByTestSpec\",\"excludeDriverLogs\",\"bail\",\"framework\",\"reporters\",\"services\",\"maxInstances\",\"maxInstancesPerCapability\",\"injectGlobals\",\"filesToWatch\",\"execArgv\",\"runnerEnv\",\"runner\",\"shard\",\"specFileRetries\",\"specFileRetriesDelay\",\"specFileRetriesDeferred\",\"reporterSyncInterval\",\"reporterSyncTimeout\",\"cucumberFeaturesWithLineNumbers\",\"autoCompileOpts\",\"mochaOpts\",\"jasmineOpts\",\"cucumberOpts\",\"onPrepare\",\"onWorkerStart\",\"onWorkerEnd\",\"before\",\"beforeSession\",\"beforeSuite\",\"beforeHook\",\"beforeTest\",\"afterTest\",\"afterHook\",\"afterSuite\",\"afterSession\",\"after\",\"onComplete\",\"beforeAssertion\",\"afterAssertion\",\"beforeFeature\",\"beforeScenario\",\"beforeStep\",\"afterStep\",\"afterScenario\",\"afterFeature\",\"_\",\"suite\",\"$0\",\"ignoredWorkerServices\",\"wdi5\"]"}]}
COMMAND: POST /session/b650fd7e5e1a135de288473492e14b1e/execute/async - {"script":"<script> [21126 bytes]","args":[35000]}
RESULT: {"script":"<script> [21126 bytes]","args":[35000]}
COMMAND: POST /session/b650fd7e5e1a135de288473492e14b1e/window/maximize - {}
RESULT: {}
COMMAND: POST /session/b650fd7e5e1a135de288473492e14b1e/execute/async - {"script":"<script> [1562 bytes]","args":[{"selector":{"id":"shell-header","interaction":{"idSuffix":"icon"}},"wdio_ui5_key":"shellheader"}]}
COMMAND: GET /session/b650fd7e5e1a135de288473492e14b1e/screenshot - {}
RESULT: {"script":"<script> [1562 bytes]","args":[{"selector":{"id":"shell-header","interaction":{"idSuffix":"icon"}},"wdio_ui5_key":"shellheader"}]}
RESULT: undefined
RESULT: {}
]]></system-out>
    </testcase>
  </testsuite>
  <testsuite timestamp="2025-04-12T15:56:50" time="713.647" tests="5" failures="0" errors="0" skipped="0">
    <properties>
      <property name="specId" value="0"/>
      <property name="suiteName" value="Create masterdata for Yard Overview - trigger provide US130988"/>
      <property name="capabilities" value="chrome.135_0_7049_42.windows"/>
      <property name="file" value="file:///D:/a/1/s/test/specs/R2C/yard-overview-trigger.spec.js"/>
    </properties>
    <testcase classname="chrome.135_0_7049_42.windows.Create_masterdata_for_Yard_Overview_-_trigger_provide_US130988" name="Should create prerequisites yard partner site material" time="408.513">
      <system-out><![CDATA[
COMMAND: POST /session/b650fd7e5e1a135de288473492e14b1e/execute/async - {"script":"<script> [1562 bytes]","args":[{"selector":{"controlType":"sap.m.GenericTile","properties":{"header":"Manage Yards"}},"wdio_ui5_key":"sapm.GenericTile{\"header\":\"Manage Yards\"}"}]}
RESULT: {"script":"<script> [1562 bytes]","args":[{"selector":{"controlType":"sap.m.GenericTile","properties":{"header":"Manage Yards"}},"wdio_ui5_key":"sapm.GenericTile{\"header\":\"Manage Yards\"}"}]}
RESULT: undefined
COMMAND: POST /session/b650fd7e5e1a135de288473492e14b1e/element - {"using":"xpath","value":"//*[@id=\"__tile41\"]"}
RESULT: {"using":"xpath","value":"//*[@id=\"__tile41\"]"}
COMMAND: POST /session/b650fd7e5e1a135de288473492e14b1e/element/f.07281D0795E18F1137881718A79AE278.d.03EC994C6741E0D6BE87575A2DAD22BF.e.11946/click - {}
RESULT: {}
COMMAND: GET /session/b650fd7e5e1a135de288473492e14b1e/screenshot - {}
RESULT: {}
COMMAND: POST /session/b650fd7e5e1a135de288473492e14b1e/execute/async - {"script":"<script> [1562 bytes]","args":[{"selector":{"controlType":"sap.ui.core.Icon","viewName":"etm.portal.ui.manageyards.view.Master","viewId":"application-manageyards-display-component---masterYard","properties":{"src":{"regex":{"source":"add"}}}},"wdio_ui5_key":"etmportal.ui.manageyards.view.Mastersap.ui.core.Icon{\"src\":{\"regex\":{\"source\":\"add\"}}}"}]}
RESULT: {"script":"<script> [1562 bytes]","args":[{"selector":{"controlType":"sap.ui.core.Icon","viewName":"etm.portal.ui.manageyards.view.Master","viewId":"application-manageyards-display-component---masterYard","properties":{"src":{"regex":{"source":"add"}}}},"wdio_ui5_key":"etmportal.ui.manageyards.view.Mastersap.ui.core.Icon{\"src\":{\"regex\":{\"source\":\"add\"}}}"}]}
RESULT: undefined
COMMAND: POST /session/b650fd7e5e1a135de288473492e14b1e/element - {"using":"xpath","value":"//*[@id=\"__button4-img\"]"}
RESULT: {"using":"xpath","value":"//*[@id=\"__button4-img\"]"}
COMMAND: POST /session/b650fd7e5e1a135de288473492e14b1e/element/f.07281D0795E18F1137881718A79AE278.d.03EC994C6741E0D6BE87575A2DAD22BF.e.11990/click - {}
RESULT: {}
COMMAND: GET /session/b650fd7e5e1a135de288473492e14b1e/screenshot - {}
RESULT: {}
COMMAND: POST /session/b650fd7e5e1a135de288473492e14b1e/execute/async - {"script":"<script> [1562 bytes]","args":[{"selector":{"id":"application-manageyards-display-component---NewYard--yardId","interaction":{"idSuffix":"inner"}},"wdio_ui5_key":"applicationmanageyards-display-component---NewYard--yardId"}]}
RESULT: {"script":"<script> [1562 bytes]","args":[{"selector":{"id":"application-manageyards-display-component---NewYard--yardId","interaction":{"idSuffix":"inner"}},"wdio_ui5_key":"applicationmanageyards-display-component---NewYard--yardId"}]}
RESULT: undefined
COMMAND: POST /session/b650fd7e5e1a135de288473492e14b1e/element - {"using":"xpath","value":"//*[@id=\"application-manageyards-display-component---NewYard--addressDetailDetailsName1-inner\"]"}
RESULT: {"using":"xpath","value":"//*[@id=\"application-manageyards-display-component---NewYard--addressDetailDetailsName1-inner\"]"}
COMMAND: POST /session/b650fd7e5e1a135de288473492e14b1e/element/f.07281D0795E18F1137881718A79AE278.d.03EC994C6741E0D6BE87575A2DAD22BF.e.12202/clear - {}
RESULT: {}
COMMAND: POST /session/b650fd7e5e1a135de288473492e14b1e/element/f.07281D0795E18F1137881718A79AE278.d.03EC994C6741E0D6BE87575A2DAD22BF.e.12202/value - {"text":"WebdriverYardhr70q"}
COMMAND: GET /session/b650fd7e5e1a135de288473492e14b1e/screenshot - {}
RESULT: {"text":"WebdriverYardhr70q"}
COMMAND: POST /session/b650fd7e5e1a135de288473492e14b1e/element - {"using":"xpath","value":"//*[@id=\"application-manageyards-display-component---NewYard--addressDetailDetailsLanguage-inner\"]"}
COMMAND: GET /session/b650fd7e5e1a135de288473492e14b1e/screenshot - {}
RESULT: {}
RESULT: {"using":"xpath","value":"//*[@id=\"application-manageyards-display-component---NewYard--addressDetailDetailsLanguage-inner\"]"}
COMMAND: POST /session/b650fd7e5e1a135de288473492e14b1e/element/f.07281D0795E18F1137881718A79AE278.d.03EC994C6741E0D6BE87575A2DAD22BF.e.12203/clear - {}
RESULT: {}
RESULT: {}
COMMAND: POST /session/b650fd7e5e1a135de288473492e14b1e/element/f.07281D0795E18F1137881718A79AE278.d.03EC994C6741E0D6BE87575A2DAD22BF.e.12203/value - {"text":"Romanian"}
COMMAND: GET /session/b650fd7e5e1a135de288473492e14b1e/screenshot - {}
RESULT: {"text":"Romanian"}
COMMAND: POST /session/b650fd7e5e1a135de288473492e14b1e/element - {"using":"xpath","value":"//input[contains(@id ,\"application-manageyards-display-component---NewYard--addressDetailDetailsName1-inner\")]"}
COMMAND: GET /session/b650fd7e5e1a135de288473492e14b1e/screenshot - {}
RESULT: {}
RESULT: {"using":"xpath","value":"//input[contains(@id ,\"application-manageyards-display-component---NewYard--addressDetailDetailsName1-inner\")]"}
COMMAND: GET /session/b650fd7e5e1a135de288473492e14b1e/element/f.07281D0795E18F1137881718A79AE278.d.03EC994C6741E0D6BE87575A2DAD22BF.e.12202/property/value - {}
RESULT: {}
RESULT: {}
COMMAND: GET /session/b650fd7e5e1a135de288473492e14b1e/screenshot - {}
RESULT: {}
COMMAND: POST /session/b650fd7e5e1a135de288473492e14b1e/element - {"using":"xpath","value":"//*[@id=\"application-manageyards-display-component---NewYard--addressDetailDetailsCity1-inner\"]"}
RESULT: {"using":"xpath","value":"//*[@id=\"application-manageyards-display-component---NewYard--addressDetailDetailsCity1-inner\"]"}
COMMAND: POST /session/b650fd7e5e1a135de288473492e14b1e/element/f.07281D0795E18F1137881718A79AE278.d.03EC994C6741E0D6BE87575A2DAD22BF.e.12205/clear - {}
RESULT: {}
COMMAND: POST /session/b650fd7e5e1a135de288473492e14b1e/element/f.07281D0795E18F1137881718A79AE278.d.03EC994C6741E0D6BE87575A2DAD22BF.e.12205/value - {"text":"Bucuresti"}
COMMAND: GET /session/b650fd7e5e1a135de288473492e14b1e/screenshot - {}
RESULT: {"text":"Bucuresti"}
COMMAND: GET /session/b650fd7e5e1a135de288473492e14b1e/screenshot - {}
RESULT: {}
RESULT: {}
COMMAND: POST /session/b650fd7e5e1a135de288473492e14b1e/element - {"using":"xpath","value":"//*[@id=\"application-manageyards-display-component---NewYard--addressDetailDetailsCountry-inner\"]"}
RESULT: {"using":"xpath","value":"//*[@id=\"application-manageyards-display-component---NewYard--addressDetailDetailsCountry-inner\"]"}
COMMAND: POST /session/b650fd7e5e1a135de288473492e14b1e/element/f.07281D0795E18F1137881718A79AE278.d.03EC994C6741E0D6BE87575A2DAD22BF.e.12209/clear - {}
RESULT: {}
COMMAND: POST /session/b650fd7e5e1a135de288473492e14b1e/element/f.07281D0795E18F1137881718A79AE278.d.03EC994C6741E0D6BE87575A2DAD22BF.e.12209/value - {"text":"Romania"}
COMMAND: GET /session/b650fd7e5e1a135de288473492e14b1e/screenshot - {}
RESULT: {"text":"Romania"}
COMMAND: GET /session/b650fd7e5e1a135de288473492e14b1e/screenshot - {}
RESULT: {}
RESULT: {}
COMMAND: POST /session/b650fd7e5e1a135de288473492e14b1e/element - {"using":"xpath","value":"//div[contains(text(), \"Commercial\")]"}
RESULT: {"using":"xpath","value":"//div[contains(text(), \"Commercial\")]"}
COMMAND: GET /session/b650fd7e5e1a135de288473492e14b1e/element/f.07281D0795E18F1137881718A79AE278.d.03EC994C6741E0D6BE87575A2DAD22BF.e.12398/rect - {}
RESULT: {}
COMMAND: GET /session/b650fd7e5e1a135de288473492e14b1e/window/rect - {}
RESULT: {}
COMMAND: POST /session/b650fd7e5e1a135de288473492e14b1e/execute/sync - {"script":"<script> [92 bytes]","args":[]}
RESULT: {"script":"<script> [92 bytes]","args":[]}
COMMAND: POST /session/b650fd7e5e1a135de288473492e14b1e/actions - {"actions":[{"id":"action34","type":"wheel","parameters":{},"actions":[{"type":"scroll","x":-1841,"y":-44,"deltaX":0,"deltaY":0,"duration":0,"origin":{"element-6066-11e4-a52e-4f735466cecf":"f.07281D0795E18F1137881718A79AE278.d.03EC994C6741E0D6BE87575A2DAD22BF.e.12398"}}]}]}
COMMAND: GET /session/b650fd7e5e1a135de288473492e14b1e/screenshot - {}
RESULT: {}
COMMAND: POST /session/b650fd7e5e1a135de288473492e14b1e/execute/sync - {"script":"<script> [79 bytes]","args":[{"element-6066-11e4-a52e-4f735466cecf":"f.07281D0795E18F1137881718A79AE278.d.03EC994C6741E0D6BE87575A2DAD22BF.e.12398","ELEMENT":"f.07281D0795E18F1137881718A79AE278.d.03EC994C6741E0D6BE87575A2DAD22BF.e.12398"},{"block":"start","inline":"nearest"}]}
RESULT: {"script":"<script> [79 bytes]","args":[{"element-6066-11e4-a52e-4f735466cecf":"f.07281D0795E18F1137881718A79AE278.d.03EC994C6741E0D6BE87575A2DAD22BF.e.12398","ELEMENT":"f.07281D0795E18F1137881718A79AE278.d.03EC994C6741E0D6BE87575A2DAD22BF.e.12398"},{"block":"start","inline":"nearest"}]}
COMMAND: GET /session/b650fd7e5e1a135de288473492e14b1e/screenshot - {}
RESULT: {}
COMMAND: POST /session/b650fd7e5e1a135de288473492e14b1e/execute/async - {"script":"<script> [1562 bytes]","args":[{"selector":{"id":"application-manageyards-display-component---NewYard--addressEditDetailsCostObjectCstType-arrow"},"wdio_ui5_key":"applicationmanageyards-display-component---NewYard--addressEditDetailsCostObjectCstType-arrow"}]}
RESULT: {"script":"<script> [1562 bytes]","args":[{"selector":{"id":"application-manageyards-display-component---NewYard--addressEditDetailsCostObjectCstType-arrow"},"wdio_ui5_key":"applicationmanageyards-display-component---NewYard--addressEditDetailsCostObjectCstType-arrow"}]}
RESULT: undefined
COMMAND: POST /session/b650fd7e5e1a135de288473492e14b1e/element - {"using":"xpath","value":"//*[@id=\"application-manageyards-display-component---NewYard--addressEditDetailsCostObjectCstType-arrow\"]"}
RESULT: {"using":"xpath","value":"//*[@id=\"application-manageyards-display-component---NewYard--addressEditDetailsCostObjectCstType-arrow\"]"}
COMMAND: POST /session/b650fd7e5e1a135de288473492e14b1e/element/f.07281D0795E18F1137881718A79AE278.d.03EC994C6741E0D6BE87575A2DAD22BF.e.12406/click - {}
RESULT: {}
COMMAND: POST /session/b650fd7e5e1a135de288473492e14b1e/element - {"using":"xpath","value":"//span[contains(text(), \"Cost Center\")]"}
COMMAND: GET /session/b650fd7e5e1a135de288473492e14b1e/screenshot - {}
RESULT: {"using":"xpath","value":"//span[contains(text(), \"Cost Center\")]"}
COMMAND: POST /session/b650fd7e5e1a135de288473492e14b1e/element/f.07281D0795E18F1137881718A79AE278.d.03EC994C6741E0D6BE87575A2DAD22BF.e.12407/click - {}
RESULT: {}
RESULT: {}
COMMAND: GET /session/b650fd7e5e1a135de288473492e14b1e/screenshot - {}
RESULT: {}
COMMAND: POST /session/b650fd7e5e1a135de288473492e14b1e/execute/async - {"script":"<script> [1562 bytes]","args":[{"selector":{"id":"application-manageyards-display-component---NewYard--addressNewCostObjectCstID-vhi"},"wdio_ui5_key":"applicationmanageyards-display-component---NewYard--addressNewCostObjectCstID-vhi"}]}
RESULT: {"script":"<script> [1562 bytes]","args":[{"selector":{"id":"application-manageyards-display-component---NewYard--addressNewCostObjectCstID-vhi"},"wdio_ui5_key":"applicationmanageyards-display-component---NewYard--addressNewCostObjectCstID-vhi"}]}
RESULT: undefined
COMMAND: POST /session/b650fd7e5e1a135de288473492e14b1e/element - {"using":"xpath","value":"//*[@id=\"application-manageyards-display-component---NewYard--addressNewCostObjectCstID-vhi\"]"}
RESULT: {"using":"xpath","value":"//*[@id=\"application-manageyards-display-component---NewYard--addressNewCostObjectCstID-vhi\"]"}
COMMAND: POST /session/b650fd7e5e1a135de288473492e14b1e/element/f.07281D0795E18F1137881718A79AE278.d.03EC994C6741E0D6BE87575A2DAD22BF.e.12410/click - {}
RESULT: {}
COMMAND: GET /session/b650fd7e5e1a135de288473492e14b1e/screenshot - {}
RESULT: {}
COMMAND: POST /session/b650fd7e5e1a135de288473492e14b1e/execute/async - {"script":"<script> [1562 bytes]","args":[{"selector":{"controlType":"sap.m.SearchField","properties":{"placeholder":"Search"},"searchOpenDialogs":true,"interaction":{"idSuffix":"I"}},"wdio_ui5_key":"sapm.SearchField{\"placeholder\":\"Search\"}"}]}
RESULT: {"script":"<script> [1562 bytes]","args":[{"selector":{"controlType":"sap.m.SearchField","properties":{"placeholder":"Search"},"searchOpenDialogs":true,"interaction":{"idSuffix":"I"}},"wdio_ui5_key":"sapm.SearchField{\"placeholder\":\"Search\"}"}]}
RESULT: undefined
COMMAND: POST /session/b650fd7e5e1a135de288473492e14b1e/execute/async - {"script":"<script> [776 bytes]","args":[{"enterText":"10001013","selector":{"controlType":"sap.m.SearchField","properties":{"placeholder":"Search"},"searchOpenDialogs":true,"interaction":{"idSuffix":"I"}},"clearTextFirst":true,"interactionType":"ENTER_TEXT"}]}
RESULT: {"script":"<script> [776 bytes]","args":[{"enterText":"10001013","selector":{"controlType":"sap.m.SearchField","properties":{"placeholder":"Search"},"searchOpenDialogs":true,"interaction":{"idSuffix":"I"}},"clearTextFirst":true,"interactionType":"ENTER_TEXT"}]}
COMMAND: POST /session/b650fd7e5e1a135de288473492e14b1e/actions - {"actions":[{"id":"action35","type":"key","parameters":{},"actions":[{"type":"keyDown","value":""},{"type":"pause","duration":10},{"type":"keyUp","value":""}]}]}
RESULT: {"actions":[{"id":"action35","type":"key","parameters":{},"actions":[{"type":"keyDown","value":""},{"type":"pause","duration":10},{"type":"keyUp","value":""}]}]}
COMMAND: GET /session/b650fd7e5e1a135de288473492e14b1e/screenshot - {}
RESULT: {}
COMMAND: POST /session/b650fd7e5e1a135de288473492e14b1e/element - {"using":"xpath","value":"//span[contains(text(), \"General Management\")]"}
RESULT: {"using":"xpath","value":"//span[contains(text(), \"General Management\")]"}
COMMAND: POST /session/b650fd7e5e1a135de288473492e14b1e/element/f.07281D0795E18F1137881718A79AE278.d.03EC994C6741E0D6BE87575A2DAD22BF.e.12450/click - {}
RESULT: {}
COMMAND: GET /session/b650fd7e5e1a135de288473492e14b1e/screenshot - {}
RESULT: {}
COMMAND: POST /session/b650fd7e5e1a135de288473492e14b1e/element - {"using":"xpath","value":"//bdi[contains(text(), \"OK\")]"}
RESULT: {"using":"xpath","value":"//bdi[contains(text(), \"OK\")]"}
COMMAND: POST /session/b650fd7e5e1a135de288473492e14b1e/element/f.07281D0795E18F1137881718A79AE278.d.03EC994C6741E0D6BE87575A2DAD22BF.e.12451/click - {}
RESULT: {}
COMMAND: GET /session/b650fd7e5e1a135de288473492e14b1e/screenshot - {}
RESULT: {}
COMMAND: POST /session/b650fd7e5e1a135de288473492e14b1e/execute/async - {"script":"<script> [1562 bytes]","args":[{"selector":{"controlType":"sap.m.Button","viewName":"etm.portal.ui.manageyards.view.New","viewId":"application-manageyards-display-component---NewYard","i18NText":{"propertyName":"text","key":"save"},"interaction":{"idSuffix":"inner"}},"wdio_ui5_key":"etmportal.ui.manageyards.view.Newsap.m.Button{\"propertyName\":\"text\",\"key\":\"save\"}"}]}
RESULT: {"script":"<script> [1562 bytes]","args":[{"selector":{"controlType":"sap.m.Button","viewName":"etm.portal.ui.manageyards.view.New","viewId":"application-manageyards-display-component---NewYard","i18NText":{"propertyName":"text","key":"save"},"interaction":{"idSuffix":"inner"}},"wdio_ui5_key":"etmportal.ui.manageyards.view.Newsap.m.Button{\"propertyName\":\"text\",\"key\":\"save\"}"}]}
RESULT: undefined
COMMAND: POST /session/b650fd7e5e1a135de288473492e14b1e/element - {"using":"xpath","value":"//*[@id=\"__button18\"]"}
RESULT: {"using":"xpath","value":"//*[@id=\"__button18\"]"}
COMMAND: POST /session/b650fd7e5e1a135de288473492e14b1e/element/f.07281D0795E18F1137881718A79AE278.d.03EC994C6741E0D6BE87575A2DAD22BF.e.12374/click - {}
RESULT: {}
COMMAND: GET /session/b650fd7e5e1a135de288473492e14b1e/screenshot - {}
RESULT: {}
COMMAND: POST /session/b650fd7e5e1a135de288473492e14b1e/element - {"using":"xpath","value":"//header/div/div[2]/div[2]/span"}
RESULT: {"using":"xpath","value":"//header/div/div[2]/div[2]/span"}
COMMAND: GET /session/b650fd7e5e1a135de288473492e14b1e/element/f.07281D0795E18F1137881718A79AE278.d.03EC994C6741E0D6BE87575A2DAD22BF.e.12646/text - {}
RESULT: {}
COMMAND: POST /session/b650fd7e5e1a135de288473492e14b1e/execute/async - {"script":"<script> [1562 bytes]","args":[{"selector":{"controlType":"sap.m.OverflowToolbarButton","viewName":"etm.portal.ui.manageyards.view.Detail","viewId":"application-manageyards-display-component---detailYard","i18NText":{"propertyName":"tooltip","key":"closeColumn"},"interaction":{"idSuffix":"inner"}},"wdio_ui5_key":"etmportal.ui.manageyards.view.Detailsap.m.OverflowToolbarButton{\"propertyName\":\"tooltip\",\"key\":\"closeColumn\"}"}]}
RESULT: {"script":"<script> [1562 bytes]","args":[{"selector":{"controlType":"sap.m.OverflowToolbarButton","viewName":"etm.portal.ui.manageyards.view.Detail","viewId":"application-manageyards-display-component---detailYard","i18NText":{"propertyName":"tooltip","key":"closeColumn"},"interaction":{"idSuffix":"inner"}},"wdio_ui5_key":"etmportal.ui.manageyards.view.Detailsap.m.OverflowToolbarButton{\"propertyName\":\"tooltip\",\"key\":\"closeColumn\"}"}]}
RESULT: undefined
COMMAND: POST /session/b650fd7e5e1a135de288473492e14b1e/element - {"using":"xpath","value":"//*[@id=\"__button42\"]"}
RESULT: {"using":"xpath","value":"//*[@id=\"__button42\"]"}
COMMAND: POST /session/b650fd7e5e1a135de288473492e14b1e/element/f.07281D0795E18F1137881718A79AE278.d.03EC994C6741E0D6BE87575A2DAD22BF.e.12648/click - {}
RESULT: {}
COMMAND: GET /session/b650fd7e5e1a135de288473492e14b1e/screenshot - {}
RESULT: {}
COMMAND: POST /session/b650fd7e5e1a135de288473492e14b1e/element - {"using":"css selector","value":"#shell-header-logo"}
RESULT: {"using":"css selector","value":"#shell-header-logo"}
COMMAND: POST /session/b650fd7e5e1a135de288473492e14b1e/element/f.07281D0795E18F1137881718A79AE278.d.03EC994C6741E0D6BE87575A2DAD22BF.e.11941/click - {}
RESULT: {}
COMMAND: GET /session/b650fd7e5e1a135de288473492e14b1e/screenshot - {}
RESULT: {}
COMMAND: POST /session/b650fd7e5e1a135de288473492e14b1e/refresh - {}
RESULT: {}
COMMAND: GET /session/b650fd7e5e1a135de288473492e14b1e/screenshot - {}
RESULT: {}
COMMAND: POST /session/b650fd7e5e1a135de288473492e14b1e/execute/async - {"script":"<script> [189 bytes]","args":[]}
RESULT: {"script":"<script> [189 bytes]","args":[]}
COMMAND: POST /session/b650fd7e5e1a135de288473492e14b1e/execute/async - {"script":"<script> [123 bytes]","args":[]}
RESULT: {"script":"<script> [123 bytes]","args":[]}
COMMAND: POST /session/b650fd7e5e1a135de288473492e14b1e/timeouts - {"script":"<number>"}
RESULT: {"script":"<number>"}
COMMAND: GET /session/b650fd7e5e1a135de288473492e14b1e/timeouts - {}
RESULT: {}
RESULT: undefined
COMMAND: POST /session/b650fd7e5e1a135de288473492e14b1e/execute/async - {"script":"<script> [2676 bytes]","args":[]}
RESULT: {"script":"<script> [2676 bytes]","args":[]}
COMMAND: POST /session/b650fd7e5e1a135de288473492e14b1e/execute/async - {"script":"<script> [2342 bytes]","args":[{"protocol":"http","hostname":"0.0.0.0","path":"/","capabilities":{"browserName":"chrome","goog:chromeOptions":{"binary":"C:\\Program Files\\Google\\Chrome\\Application\\chrome.exe"}},"logLevel":"warn","connectionRetryTimeout":120000,"connectionRetryCount":3,"logLevels":{},"enableDirectConnect":true,"strictSSL":true,"_":"65 more keys: [\"cacheDir\",\"port\",\"requestedCapabilities\",\"automationProtocol\",\"baseUrl\",\"waitforInterval\",\"waitforTimeout\",\"onReload\",\"beforeCommand\",\"afterCommand\",\"rootDir\",\"specs\",\"suites\",\"exclude\",\"groupLogsByTestSpec\",\"excludeDriverLogs\",\"bail\",\"framework\",\"reporters\",\"services\",\"maxInstances\",\"maxInstancesPerCapability\",\"injectGlobals\",\"filesToWatch\",\"execArgv\",\"runnerEnv\",\"runner\",\"shard\",\"specFileRetries\",\"specFileRetriesDelay\",\"specFileRetriesDeferred\",\"reporterSyncInterval\",\"reporterSyncTimeout\",\"cucumberFeaturesWithLineNumbers\",\"autoCompileOpts\",\"mochaOpts\",\"jasmineOpts\",\"cucumberOpts\",\"onPrepare\",\"onWorkerStart\",\"onWorkerEnd\",\"before\",\"beforeSession\",\"beforeSuite\",\"beforeHook\",\"beforeTest\",\"afterTest\",\"afterHook\",\"afterSuite\",\"afterSession\",\"after\",\"onComplete\",\"beforeAssertion\",\"afterAssertion\",\"beforeFeature\",\"beforeScenario\",\"beforeStep\",\"afterStep\",\"afterScenario\",\"afterFeature\",\"_\",\"suite\",\"$0\",\"ignoredWorkerServices\",\"wdi5\"]"}]}
RESULT: {"script":"<script> [2342 bytes]","args":[{"protocol":"http","hostname":"0.0.0.0","path":"/","capabilities":{"browserName":"chrome","goog:chromeOptions":{"binary":"C:\\Program Files\\Google\\Chrome\\Application\\chrome.exe"}},"logLevel":"warn","connectionRetryTimeout":120000,"connectionRetryCount":3,"logLevels":{},"enableDirectConnect":true,"strictSSL":true,"_":"65 more keys: [\"cacheDir\",\"port\",\"requestedCapabilities\",\"automationProtocol\",\"baseUrl\",\"waitforInterval\",\"waitforTimeout\",\"onReload\",\"beforeCommand\",\"afterCommand\",\"rootDir\",\"specs\",\"suites\",\"exclude\",\"groupLogsByTestSpec\",\"excludeDriverLogs\",\"bail\",\"framework\",\"reporters\",\"services\",\"maxInstances\",\"maxInstancesPerCapability\",\"injectGlobals\",\"filesToWatch\",\"execArgv\",\"runnerEnv\",\"runner\",\"shard\",\"specFileRetries\",\"specFileRetriesDelay\",\"specFileRetriesDeferred\",\"reporterSyncInterval\",\"reporterSyncTimeout\",\"cucumberFeaturesWithLineNumbers\",\"autoCompileOpts\",\"mochaOpts\",\"jasmineOpts\",\"cucumberOpts\",\"onPrepare\",\"onWorkerStart\",\"onWorkerEnd\",\"before\",\"beforeSession\",\"beforeSuite\",\"beforeHook\",\"beforeTest\",\"afterTest\",\"afterHook\",\"afterSuite\",\"afterSession\",\"after\",\"onComplete\",\"beforeAssertion\",\"afterAssertion\",\"beforeFeature\",\"beforeScenario\",\"beforeStep\",\"afterStep\",\"afterScenario\",\"afterFeature\",\"_\",\"suite\",\"$0\",\"ignoredWorkerServices\",\"wdi5\"]"}]}
COMMAND: POST /session/b650fd7e5e1a135de288473492e14b1e/execute/async - {"script":"<script> [21126 bytes]","args":[35000]}
RESULT: {"script":"<script> [21126 bytes]","args":[35000]}
COMMAND: POST /session/b650fd7e5e1a135de288473492e14b1e/execute/async - {"script":"<script> [1562 bytes]","args":[{"selector":{"controlType":"sap.m.GenericTile","properties":{"header":"Manage Partners"}},"wdio_ui5_key":"sapm.GenericTile{\"header\":\"Manage Partners\"}"}]}
RESULT: {"script":"<script> [1562 bytes]","args":[{"selector":{"controlType":"sap.m.GenericTile","properties":{"header":"Manage Partners"}},"wdio_ui5_key":"sapm.GenericTile{\"header\":\"Manage Partners\"}"}]}
RESULT: undefined
COMMAND: POST /session/b650fd7e5e1a135de288473492e14b1e/element - {"using":"xpath","value":"//*[@id=\"__tile38\"]"}
RESULT: {"using":"xpath","value":"//*[@id=\"__tile38\"]"}
COMMAND: POST /session/b650fd7e5e1a135de288473492e14b1e/element/f.07281D0795E18F1137881718A79AE278.d.EBB1AFF7D9E3A679DFDC29C71EF78F66.e.12997/click - {}
RESULT: {}
COMMAND: GET /session/b650fd7e5e1a135de288473492e14b1e/screenshot - {}
RESULT: {}
COMMAND: POST /session/b650fd7e5e1a135de288473492e14b1e/execute/async - {"script":"<script> [1562 bytes]","args":[{"selector":{"controlType":"sap.ui.core.Icon","viewName":"etm.portal.ui.managepartners.view.Master","viewId":"application-managepartners-display-component---masterPtm","properties":{"src":{"regex":{"source":"add"}}}},"wdio_ui5_key":"etmportal.ui.managepartners.view.Mastersap.ui.core.Icon{\"src\":{\"regex\":{\"source\":\"add\"}}}"}]}
RESULT: {"script":"<script> [1562 bytes]","args":[{"selector":{"controlType":"sap.ui.core.Icon","viewName":"etm.portal.ui.managepartners.view.Master","viewId":"application-managepartners-display-component---masterPtm","properties":{"src":{"regex":{"source":"add"}}}},"wdio_ui5_key":"etmportal.ui.managepartners.view.Mastersap.ui.core.Icon{\"src\":{\"regex\":{\"source\":\"add\"}}}"}]}
RESULT: undefined
COMMAND: POST /session/b650fd7e5e1a135de288473492e14b1e/element - {"using":"xpath","value":"//*[@id=\"__button4-img\"]"}
RESULT: {"using":"xpath","value":"//*[@id=\"__button4-img\"]"}
COMMAND: POST /session/b650fd7e5e1a135de288473492e14b1e/element/f.07281D0795E18F1137881718A79AE278.d.EBB1AFF7D9E3A679DFDC29C71EF78F66.e.13046/click - {}
RESULT: {}
COMMAND: GET /session/b650fd7e5e1a135de288473492e14b1e/screenshot - {}
RESULT: {}
COMMAND: POST /session/b650fd7e5e1a135de288473492e14b1e/execute/async - {"script":"<script> [1562 bytes]","args":[{"selector":{"id":"application-managepartners-display-component---NewPartner--partnerId","interaction":{"idSuffix":"inner"}},"wdio_ui5_key":"applicationmanagepartners-display-component---NewPartner--partnerId"}]}
RESULT: {"script":"<script> [1562 bytes]","args":[{"selector":{"id":"application-managepartners-display-component---NewPartner--partnerId","interaction":{"idSuffix":"inner"}},"wdio_ui5_key":"applicationmanagepartners-display-component---NewPartner--partnerId"}]}
RESULT: undefined
COMMAND: POST /session/b650fd7e5e1a135de288473492e14b1e/execute/async - {"script":"<script> [1562 bytes]","args":[{"selector":{"id":"application-managepartners-display-component---NewPartner--addressDetailDetailsName1","interaction":{"idSuffix":"inner"}},"wdio_ui5_key":"applicationmanagepartners-display-component---NewPartner--addressDetailDetailsName1"}]}
RESULT: {"script":"<script> [1562 bytes]","args":[{"selector":{"id":"application-managepartners-display-component---NewPartner--addressDetailDetailsName1","interaction":{"idSuffix":"inner"}},"wdio_ui5_key":"applicationmanagepartners-display-component---NewPartner--addressDetailDetailsName1"}]}
RESULT: undefined
COMMAND: POST /session/b650fd7e5e1a135de288473492e14b1e/execute/async - {"script":"<script> [776 bytes]","args":[{"enterText":"WebdriverPartnerfinvu","selector":{"id":"application-managepartners-display-component---NewPartner--addressDetailDetailsName1","interaction":{"idSuffix":"inner"}},"clearTextFirst":true,"interactionType":"ENTER_TEXT"}]}
RESULT: {"script":"<script> [776 bytes]","args":[{"enterText":"WebdriverPartnerfinvu","selector":{"id":"application-managepartners-display-component---NewPartner--addressDetailDetailsName1","interaction":{"idSuffix":"inner"}},"clearTextFirst":true,"interactionType":"ENTER_TEXT"}]}
COMMAND: POST /session/b650fd7e5e1a135de288473492e14b1e/execute/async - {"script":"<script> [1562 bytes]","args":[{"selector":{"id":"application-managepartners-display-component---NewPartner--addressDetailDetailsLanguage","interaction":{"idSuffix":"inner"}},"wdio_ui5_key":"applicationmanagepartners-display-component---NewPartner--addressDetailDetailsLanguage"}]}
RESULT: {"script":"<script> [1562 bytes]","args":[{"selector":{"id":"application-managepartners-display-component---NewPartner--addressDetailDetailsLanguage","interaction":{"idSuffix":"inner"}},"wdio_ui5_key":"applicationmanagepartners-display-component---NewPartner--addressDetailDetailsLanguage"}]}
RESULT: undefined
COMMAND: POST /session/b650fd7e5e1a135de288473492e14b1e/execute/async - {"script":"<script> [776 bytes]","args":[{"enterText":"Romanian","selector":{"id":"application-managepartners-display-component---NewPartner--addressDetailDetailsLanguage","interaction":{"idSuffix":"inner"}},"clearTextFirst":true,"interactionType":"ENTER_TEXT"}]}
RESULT: {"script":"<script> [776 bytes]","args":[{"enterText":"Romanian","selector":{"id":"application-managepartners-display-component---NewPartner--addressDetailDetailsLanguage","interaction":{"idSuffix":"inner"}},"clearTextFirst":true,"interactionType":"ENTER_TEXT"}]}
COMMAND: POST /session/b650fd7e5e1a135de288473492e14b1e/element - {"using":"xpath","value":"//input[contains(@id ,\"application-managepartners-display-component---NewPartner--addressDetailDetailsName1-inner\")]"}
RESULT: {"using":"xpath","value":"//input[contains(@id ,\"application-managepartners-display-component---NewPartner--addressDetailDetailsName1-inner\")]"}
COMMAND: GET /session/b650fd7e5e1a135de288473492e14b1e/element/f.07281D0795E18F1137881718A79AE278.d.EBB1AFF7D9E3A679DFDC29C71EF78F66.e.13220/property/value - {}
RESULT: {}
COMMAND: POST /session/b650fd7e5e1a135de288473492e14b1e/execute/async - {"script":"<script> [1562 bytes]","args":[{"selector":{"id":"application-managepartners-display-component---NewPartner--addressDetailDetailsCity1","interaction":{"idSuffix":"inner"}},"wdio_ui5_key":"applicationmanagepartners-display-component---NewPartner--addressDetailDetailsCity1"}]}
COMMAND: GET /session/b650fd7e5e1a135de288473492e14b1e/screenshot - {}
RESULT: {"script":"<script> [1562 bytes]","args":[{"selector":{"id":"application-managepartners-display-component---NewPartner--addressDetailDetailsCity1","interaction":{"idSuffix":"inner"}},"wdio_ui5_key":"applicationmanagepartners-display-component---NewPartner--addressDetailDetailsCity1"}]}
RESULT: undefined
COMMAND: POST /session/b650fd7e5e1a135de288473492e14b1e/execute/async - {"script":"<script> [776 bytes]","args":[{"enterText":"Bucharest","selector":{"id":"application-managepartners-display-component---NewPartner--addressDetailDetailsCity1","interaction":{"idSuffix":"inner"}},"clearTextFirst":true,"interactionType":"ENTER_TEXT"}]}
RESULT: {}
RESULT: {"script":"<script> [776 bytes]","args":[{"enterText":"Bucharest","selector":{"id":"application-managepartners-display-component---NewPartner--addressDetailDetailsCity1","interaction":{"idSuffix":"inner"}},"clearTextFirst":true,"interactionType":"ENTER_TEXT"}]}
COMMAND: POST /session/b650fd7e5e1a135de288473492e14b1e/execute/async - {"script":"<script> [1562 bytes]","args":[{"selector":{"id":"application-managepartners-display-component---NewPartner--addressDetailDetailsCountry","interaction":{"idSuffix":"inner"}},"wdio_ui5_key":"applicationmanagepartners-display-component---NewPartner--addressDetailDetailsCountry"}]}
RESULT: {"script":"<script> [1562 bytes]","args":[{"selector":{"id":"application-managepartners-display-component---NewPartner--addressDetailDetailsCountry","interaction":{"idSuffix":"inner"}},"wdio_ui5_key":"applicationmanagepartners-display-component---NewPartner--addressDetailDetailsCountry"}]}
RESULT: undefined
COMMAND: POST /session/b650fd7e5e1a135de288473492e14b1e/execute/async - {"script":"<script> [6424 bytes]","args":[{"element-6066-11e4-a52e-4f735466cecf":"f.07281D0795E18F1137881718A79AE278.d.EBB1AFF7D9E3A679DFDC29C71EF78F66.e.13227"},"setValue",["Romania"]]}
RESULT: {"script":"<script> [6424 bytes]","args":[{"element-6066-11e4-a52e-4f735466cecf":"f.07281D0795E18F1137881718A79AE278.d.EBB1AFF7D9E3A679DFDC29C71EF78F66.e.13227"},"setValue",["Romania"]]}
COMMAND: POST /session/b650fd7e5e1a135de288473492e14b1e/execute/async - {"script":"<script> [1562 bytes]","args":[{"selector":{"id":"application-managepartners-display-component---NewPartner--partnerDetailInternal","interaction":{"idSuffix":"inner"}},"wdio_ui5_key":"applicationmanagepartners-display-component---NewPartner--partnerDetailInternal"}]}
RESULT: {"script":"<script> [1562 bytes]","args":[{"selector":{"id":"application-managepartners-display-component---NewPartner--partnerDetailInternal","interaction":{"idSuffix":"inner"}},"wdio_ui5_key":"applicationmanagepartners-display-component---NewPartner--partnerDetailInternal"}]}
RESULT: undefined
COMMAND: POST /session/b650fd7e5e1a135de288473492e14b1e/execute/async - {"script":"<script> [776 bytes]","args":[{"enterText":"External partner","selector":{"id":"application-managepartners-display-component---NewPartner--partnerDetailInternal","interaction":{"idSuffix":"inner"}},"clearTextFirst":true,"interactionType":"ENTER_TEXT"}]}
RESULT: {"script":"<script> [776 bytes]","args":[{"enterText":"External partner","selector":{"id":"application-managepartners-display-component---NewPartner--partnerDetailInternal","interaction":{"idSuffix":"inner"}},"clearTextFirst":true,"interactionType":"ENTER_TEXT"}]}
COMMAND: POST /session/b650fd7e5e1a135de288473492e14b1e/execute/async - {"script":"<script> [1562 bytes]","args":[{"selector":{"id":"application-managepartners-display-component---NewPartner--partnerDetailsCurrency","interaction":{"idSuffix":"inner"}},"wdio_ui5_key":"applicationmanagepartners-display-component---NewPartner--partnerDetailsCurrency"}]}
RESULT: {"script":"<script> [1562 bytes]","args":[{"selector":{"id":"application-managepartners-display-component---NewPartner--partnerDetailsCurrency","interaction":{"idSuffix":"inner"}},"wdio_ui5_key":"applicationmanagepartners-display-component---NewPartner--partnerDetailsCurrency"}]}
RESULT: undefined
COMMAND: POST /session/b650fd7e5e1a135de288473492e14b1e/execute/async - {"script":"<script> [776 bytes]","args":[{"enterText":"Euro","selector":{"id":"application-managepartners-display-component---NewPartner--partnerDetailsCurrency","interaction":{"idSuffix":"inner"}},"clearTextFirst":true,"interactionType":"ENTER_TEXT"}]}
RESULT: {"script":"<script> [776 bytes]","args":[{"enterText":"Euro","selector":{"id":"application-managepartners-display-component---NewPartner--partnerDetailsCurrency","interaction":{"idSuffix":"inner"}},"clearTextFirst":true,"interactionType":"ENTER_TEXT"}]}
COMMAND: POST /session/b650fd7e5e1a135de288473492e14b1e/execute/async - {"script":"<script> [1562 bytes]","args":[{"selector":{"controlType":"sap.m.Button","viewName":"etm.portal.ui.managepartners.view.NewPartner","viewId":"application-managepartners-display-component---NewPartner","properties":{"text":"Commercial"},"interaction":{"idSuffix":"BDI-content"}},"wdio_ui5_key":"etmportal.ui.managepartners.view.NewPartnersap.m.Button{\"text\":\"Commercial\"}"}]}
RESULT: {"script":"<script> [1562 bytes]","args":[{"selector":{"controlType":"sap.m.Button","viewName":"etm.portal.ui.managepartners.view.NewPartner","viewId":"application-managepartners-display-component---NewPartner","properties":{"text":"Commercial"},"interaction":{"idSuffix":"BDI-content"}},"wdio_ui5_key":"etmportal.ui.managepartners.view.NewPartnersap.m.Button{\"text\":\"Commercial\"}"}]}
RESULT: undefined
COMMAND: POST /session/b650fd7e5e1a135de288473492e14b1e/element - {"using":"xpath","value":"//*[@id=\"application-managepartners-display-component---NewPartner--ObjectPageLayout-anchBar-__section5-anchor\"]"}
RESULT: {"using":"xpath","value":"//*[@id=\"application-managepartners-display-component---NewPartner--ObjectPageLayout-anchBar-__section5-anchor\"]"}
COMMAND: POST /session/b650fd7e5e1a135de288473492e14b1e/element/f.07281D0795E18F1137881718A79AE278.d.EBB1AFF7D9E3A679DFDC29C71EF78F66.e.13395/click - {}
RESULT: {}
COMMAND: GET /session/b650fd7e5e1a135de288473492e14b1e/screenshot - {}
RESULT: {}
COMMAND: POST /session/b650fd7e5e1a135de288473492e14b1e/execute/async - {"script":"<script> [1562 bytes]","args":[{"selector":{"id":"application-managepartners-display-component---NewPartner--btnAddTableRow-img"},"wdio_ui5_key":"applicationmanagepartners-display-component---NewPartner--btnAddTableRow-img"}]}
RESULT: {"script":"<script> [1562 bytes]","args":[{"selector":{"id":"application-managepartners-display-component---NewPartner--btnAddTableRow-img"},"wdio_ui5_key":"applicationmanagepartners-display-component---NewPartner--btnAddTableRow-img"}]}
RESULT: undefined
COMMAND: POST /session/b650fd7e5e1a135de288473492e14b1e/element - {"using":"xpath","value":"//*[@id=\"application-managepartners-display-component---NewPartner--btnAddTableRow-img\"]"}
RESULT: {"using":"xpath","value":"//*[@id=\"application-managepartners-display-component---NewPartner--btnAddTableRow-img\"]"}
COMMAND: POST /session/b650fd7e5e1a135de288473492e14b1e/element/f.07281D0795E18F1137881718A79AE278.d.EBB1AFF7D9E3A679DFDC29C71EF78F66.e.13401/click - {}
RESULT: {}
COMMAND: POST /session/b650fd7e5e1a135de288473492e14b1e/element - {"using":"xpath","value":"//input[contains(@id ,\"application-managepartners-display-component---NewPartner--assignmentYard-application-managepartners-display-component---NewPartner\")]"}
COMMAND: GET /session/b650fd7e5e1a135de288473492e14b1e/screenshot - {}
RESULT: {"using":"xpath","value":"//input[contains(@id ,\"application-managepartners-display-component---NewPartner--assignmentYard-application-managepartners-display-component---NewPartner\")]"}
COMMAND: POST /session/b650fd7e5e1a135de288473492e14b1e/element/f.07281D0795E18F1137881718A79AE278.d.EBB1AFF7D9E3A679DFDC29C71EF78F66.e.13405/clear - {}
RESULT: {}
RESULT: {}
COMMAND: POST /session/b650fd7e5e1a135de288473492e14b1e/element/f.07281D0795E18F1137881718A79AE278.d.EBB1AFF7D9E3A679DFDC29C71EF78F66.e.13405/value - {"text":"206"}
COMMAND: GET /session/b650fd7e5e1a135de288473492e14b1e/screenshot - {}
RESULT: {"text":"206"}
COMMAND: POST /session/b650fd7e5e1a135de288473492e14b1e/execute/async - {"script":"<script> [1562 bytes]","args":[{"selector":{"controlType":"sap.m.Button","viewName":"etm.portal.ui.managepartners.view.NewPartner","viewId":"application-managepartners-display-component---NewPartner","i18NText":{"propertyName":"text","key":"save"},"interaction":{"idSuffix":"BDI-content"}},"wdio_ui5_key":"etmportal.ui.managepartners.view.NewPartnersap.m.Button{\"propertyName\":\"text\",\"key\":\"save\"}"}]}
COMMAND: GET /session/b650fd7e5e1a135de288473492e14b1e/screenshot - {}
RESULT: {}
RESULT: {"script":"<script> [1562 bytes]","args":[{"selector":{"controlType":"sap.m.Button","viewName":"etm.portal.ui.managepartners.view.NewPartner","viewId":"application-managepartners-display-component---NewPartner","i18NText":{"propertyName":"text","key":"save"},"interaction":{"idSuffix":"BDI-content"}},"wdio_ui5_key":"etmportal.ui.managepartners.view.NewPartnersap.m.Button{\"propertyName\":\"text\",\"key\":\"save\"}"}]}
RESULT: undefined
COMMAND: POST /session/b650fd7e5e1a135de288473492e14b1e/element - {"using":"xpath","value":"//*[@id=\"__button12\"]"}
RESULT: {}
RESULT: {"using":"xpath","value":"//*[@id=\"__button12\"]"}
COMMAND: POST /session/b650fd7e5e1a135de288473492e14b1e/element/f.07281D0795E18F1137881718A79AE278.d.EBB1AFF7D9E3A679DFDC29C71EF78F66.e.13373/click - {}
RESULT: {}
COMMAND: GET /session/b650fd7e5e1a135de288473492e14b1e/screenshot - {}
RESULT: {}
COMMAND: POST /session/b650fd7e5e1a135de288473492e14b1e/element - {"using":"xpath","value":"//header/div/div[2]/div[2]/span"}
RESULT: {"using":"xpath","value":"//header/div/div[2]/div[2]/span"}
COMMAND: GET /session/b650fd7e5e1a135de288473492e14b1e/element/f.07281D0795E18F1137881718A79AE278.d.EBB1AFF7D9E3A679DFDC29C71EF78F66.e.13538/text - {}
RESULT: {}
COMMAND: POST /session/b650fd7e5e1a135de288473492e14b1e/element - {"using":"xpath","value":"//header/div/div/div/div/div/div[2]/div/span"}
RESULT: {"using":"xpath","value":"//header/div/div/div/div/div/div[2]/div/span"}
COMMAND: GET /session/b650fd7e5e1a135de288473492e14b1e/element/f.07281D0795E18F1137881718A79AE278.d.EBB1AFF7D9E3A679DFDC29C71EF78F66.e.13539/text - {}
RESULT: {}
COMMAND: POST /session/b650fd7e5e1a135de288473492e14b1e/execute/async - {"script":"<script> [1562 bytes]","args":[{"selector":{"id":"application-managepartners-display-component---detailPtm--partnerType"},"wdio_ui5_key":"applicationmanagepartners-display-component---detailPtm--partnerType"}]}
RESULT: {"script":"<script> [1562 bytes]","args":[{"selector":{"id":"application-managepartners-display-component---detailPtm--partnerType"},"wdio_ui5_key":"applicationmanagepartners-display-component---detailPtm--partnerType"}]}
RESULT: undefined
COMMAND: POST /session/b650fd7e5e1a135de288473492e14b1e/execute/async - {"script":"<script> [6424 bytes]","args":[{"element-6066-11e4-a52e-4f735466cecf":"f.07281D0795E18F1137881718A79AE278.d.EBB1AFF7D9E3A679DFDC29C71EF78F66.e.13540"},"getText",[]]}
RESULT: {"script":"<script> [6424 bytes]","args":[{"element-6066-11e4-a52e-4f735466cecf":"f.07281D0795E18F1137881718A79AE278.d.EBB1AFF7D9E3A679DFDC29C71EF78F66.e.13540"},"getText",[]]}
COMMAND: POST /session/b650fd7e5e1a135de288473492e14b1e/element - {"using":"css selector","value":"#shell-header-logo"}
RESULT: {"using":"css selector","value":"#shell-header-logo"}
COMMAND: POST /session/b650fd7e5e1a135de288473492e14b1e/element/f.07281D0795E18F1137881718A79AE278.d.EBB1AFF7D9E3A679DFDC29C71EF78F66.e.12998/click - {}
RESULT: {}
COMMAND: GET /session/b650fd7e5e1a135de288473492e14b1e/screenshot - {}
RESULT: {}
COMMAND: POST /session/b650fd7e5e1a135de288473492e14b1e/execute/async - {"script":"<script> [1562 bytes]","args":[{"selector":{"controlType":"sap.m.GenericTile","properties":{"header":"Manage Sites"}},"wdio_ui5_key":"sapm.GenericTile{\"header\":\"Manage Sites\"}"}]}
RESULT: {"script":"<script> [1562 bytes]","args":[{"selector":{"controlType":"sap.m.GenericTile","properties":{"header":"Manage Sites"}},"wdio_ui5_key":"sapm.GenericTile{\"header\":\"Manage Sites\"}"}]}
RESULT: undefined
COMMAND: POST /session/b650fd7e5e1a135de288473492e14b1e/element - {"using":"xpath","value":"//*[@id=\"__tile40\"]"}
RESULT: {"using":"xpath","value":"//*[@id=\"__tile40\"]"}
COMMAND: POST /session/b650fd7e5e1a135de288473492e14b1e/element/f.07281D0795E18F1137881718A79AE278.d.EBB1AFF7D9E3A679DFDC29C71EF78F66.e.13542/click - {}
RESULT: {}
COMMAND: GET /session/b650fd7e5e1a135de288473492e14b1e/screenshot - {}
RESULT: {}
COMMAND: POST /session/b650fd7e5e1a135de288473492e14b1e/execute/async - {"script":"<script> [1562 bytes]","args":[{"selector":{"controlType":"sap.ui.core.Icon","viewName":"etm.portal.ui.managesites.view.Master","viewId":"application-managesites-display-component---masterSite","properties":{"src":{"regex":{"source":"add"}}}},"wdio_ui5_key":"etmportal.ui.managesites.view.Mastersap.ui.core.Icon{\"src\":{\"regex\":{\"source\":\"add\"}}}"}]}
RESULT: {"script":"<script> [1562 bytes]","args":[{"selector":{"controlType":"sap.ui.core.Icon","viewName":"etm.portal.ui.managesites.view.Master","viewId":"application-managesites-display-component---masterSite","properties":{"src":{"regex":{"source":"add"}}}},"wdio_ui5_key":"etmportal.ui.managesites.view.Mastersap.ui.core.Icon{\"src\":{\"regex\":{\"source\":\"add\"}}}"}]}
RESULT: undefined
COMMAND: POST /session/b650fd7e5e1a135de288473492e14b1e/element - {"using":"xpath","value":"//*[@id=\"__button52-img\"]"}
RESULT: {"using":"xpath","value":"//*[@id=\"__button52-img\"]"}
COMMAND: POST /session/b650fd7e5e1a135de288473492e14b1e/element/f.07281D0795E18F1137881718A79AE278.d.EBB1AFF7D9E3A679DFDC29C71EF78F66.e.13590/click - {}
RESULT: {}
COMMAND: POST /session/b650fd7e5e1a135de288473492e14b1e/execute/async - {"script":"<script> [1562 bytes]","args":[{"selector":{"id":"application-managesites-display-component---NewSite--siteId","interaction":{"idSuffix":"inner"}},"wdio_ui5_key":"applicationmanagesites-display-component---NewSite--siteId"}]}
COMMAND: GET /session/b650fd7e5e1a135de288473492e14b1e/screenshot - {}
RESULT: {"script":"<script> [1562 bytes]","args":[{"selector":{"id":"application-managesites-display-component---NewSite--siteId","interaction":{"idSuffix":"inner"}},"wdio_ui5_key":"applicationmanagesites-display-component---NewSite--siteId"}]}
RESULT: undefined
COMMAND: POST /session/b650fd7e5e1a135de288473492e14b1e/execute/async - {"script":"<script> [1562 bytes]","args":[{"selector":{"id":"application-managesites-display-component---NewSite--addressDetailDetailsName1","interaction":{"idSuffix":"inner"}},"wdio_ui5_key":"applicationmanagesites-display-component---NewSite--addressDetailDetailsName1"}]}
RESULT: {}
RESULT: {"script":"<script> [1562 bytes]","args":[{"selector":{"id":"application-managesites-display-component---NewSite--addressDetailDetailsName1","interaction":{"idSuffix":"inner"}},"wdio_ui5_key":"applicationmanagesites-display-component---NewSite--addressDetailDetailsName1"}]}
RESULT: undefined
COMMAND: POST /session/b650fd7e5e1a135de288473492e14b1e/execute/async - {"script":"<script> [776 bytes]","args":[{"enterText":"WebdriverSitehx0sl","selector":{"id":"application-managesites-display-component---NewSite--addressDetailDetailsName1","interaction":{"idSuffix":"inner"}},"clearTextFirst":true,"interactionType":"ENTER_TEXT"}]}
RESULT: {"script":"<script> [776 bytes]","args":[{"enterText":"WebdriverSitehx0sl","selector":{"id":"application-managesites-display-component---NewSite--addressDetailDetailsName1","interaction":{"idSuffix":"inner"}},"clearTextFirst":true,"interactionType":"ENTER_TEXT"}]}
COMMAND: POST /session/b650fd7e5e1a135de288473492e14b1e/execute/async - {"script":"<script> [1562 bytes]","args":[{"selector":{"id":"application-managesites-display-component---NewSite--addressDetailDetailsLanguage","interaction":{"idSuffix":"inner"}},"wdio_ui5_key":"applicationmanagesites-display-component---NewSite--addressDetailDetailsLanguage"}]}
RESULT: {"script":"<script> [1562 bytes]","args":[{"selector":{"id":"application-managesites-display-component---NewSite--addressDetailDetailsLanguage","interaction":{"idSuffix":"inner"}},"wdio_ui5_key":"applicationmanagesites-display-component---NewSite--addressDetailDetailsLanguage"}]}
RESULT: undefined
COMMAND: POST /session/b650fd7e5e1a135de288473492e14b1e/execute/async - {"script":"<script> [776 bytes]","args":[{"enterText":"Romanian","selector":{"id":"application-managesites-display-component---NewSite--addressDetailDetailsLanguage","interaction":{"idSuffix":"inner"}},"clearTextFirst":true,"interactionType":"ENTER_TEXT"}]}
RESULT: {"script":"<script> [776 bytes]","args":[{"enterText":"Romanian","selector":{"id":"application-managesites-display-component---NewSite--addressDetailDetailsLanguage","interaction":{"idSuffix":"inner"}},"clearTextFirst":true,"interactionType":"ENTER_TEXT"}]}
COMMAND: POST /session/b650fd7e5e1a135de288473492e14b1e/execute/async - {"script":"<script> [1562 bytes]","args":[{"selector":{"id":"application-managesites-display-component---NewSite--addressDetailDetailsCity1","interaction":{"idSuffix":"inner"}},"wdio_ui5_key":"applicationmanagesites-display-component---NewSite--addressDetailDetailsCity1"}]}
RESULT: {"script":"<script> [1562 bytes]","args":[{"selector":{"id":"application-managesites-display-component---NewSite--addressDetailDetailsCity1","interaction":{"idSuffix":"inner"}},"wdio_ui5_key":"applicationmanagesites-display-component---NewSite--addressDetailDetailsCity1"}]}
RESULT: undefined
COMMAND: POST /session/b650fd7e5e1a135de288473492e14b1e/execute/async - {"script":"<script> [776 bytes]","args":[{"enterText":"Bucharest","selector":{"id":"application-managesites-display-component---NewSite--addressDetailDetailsCity1","interaction":{"idSuffix":"inner"}},"clearTextFirst":true,"interactionType":"ENTER_TEXT"}]}
RESULT: {"script":"<script> [776 bytes]","args":[{"enterText":"Bucharest","selector":{"id":"application-managesites-display-component---NewSite--addressDetailDetailsCity1","interaction":{"idSuffix":"inner"}},"clearTextFirst":true,"interactionType":"ENTER_TEXT"}]}
COMMAND: POST /session/b650fd7e5e1a135de288473492e14b1e/execute/async - {"script":"<script> [1562 bytes]","args":[{"selector":{"id":"application-managesites-display-component---NewSite--addressDetailDetailsCountry","interaction":{"idSuffix":"inner"}},"wdio_ui5_key":"applicationmanagesites-display-component---NewSite--addressDetailDetailsCountry"}]}
RESULT: {"script":"<script> [1562 bytes]","args":[{"selector":{"id":"application-managesites-display-component---NewSite--addressDetailDetailsCountry","interaction":{"idSuffix":"inner"}},"wdio_ui5_key":"applicationmanagesites-display-component---NewSite--addressDetailDetailsCountry"}]}
RESULT: undefined
COMMAND: POST /session/b650fd7e5e1a135de288473492e14b1e/execute/async - {"script":"<script> [776 bytes]","args":[{"enterText":"Romania","selector":{"id":"application-managesites-display-component---NewSite--addressDetailDetailsCountry","interaction":{"idSuffix":"inner"}},"clearTextFirst":true,"interactionType":"ENTER_TEXT"}]}
RESULT: {"script":"<script> [776 bytes]","args":[{"enterText":"Romania","selector":{"id":"application-managesites-display-component---NewSite--addressDetailDetailsCountry","interaction":{"idSuffix":"inner"}},"clearTextFirst":true,"interactionType":"ENTER_TEXT"}]}
COMMAND: POST /session/b650fd7e5e1a135de288473492e14b1e/element - {"using":"css selector","value":"#application-managesites-display-component---NewSite--addressDetailDetailsCalendar-inner"}
RESULT: {"using":"css selector","value":"#application-managesites-display-component---NewSite--addressDetailDetailsCalendar-inner"}
COMMAND: POST /session/b650fd7e5e1a135de288473492e14b1e/element/f.07281D0795E18F1137881718A79AE278.d.EBB1AFF7D9E3A679DFDC29C71EF78F66.e.13743/clear - {}
RESULT: {}
COMMAND: POST /session/b650fd7e5e1a135de288473492e14b1e/element/f.07281D0795E18F1137881718A79AE278.d.EBB1AFF7D9E3A679DFDC29C71EF78F66.e.13743/value - {"text":"Germany"}
COMMAND: GET /session/b650fd7e5e1a135de288473492e14b1e/screenshot - {}
RESULT: {"text":"Germany"}
COMMAND: POST /session/b650fd7e5e1a135de288473492e14b1e/execute/async - {"script":"<script> [1562 bytes]","args":[{"selector":{"id":"application-managesites-display-component---NewSite--addressEditDetailsCostObjectCstType-arrow"},"wdio_ui5_key":"applicationmanagesites-display-component---NewSite--addressEditDetailsCostObjectCstType-arrow"}]}
COMMAND: GET /session/b650fd7e5e1a135de288473492e14b1e/screenshot - {}
RESULT: {}
RESULT: {"script":"<script> [1562 bytes]","args":[{"selector":{"id":"application-managesites-display-component---NewSite--addressEditDetailsCostObjectCstType-arrow"},"wdio_ui5_key":"applicationmanagesites-display-component---NewSite--addressEditDetailsCostObjectCstType-arrow"}]}
RESULT: undefined
COMMAND: POST /session/b650fd7e5e1a135de288473492e14b1e/element - {"using":"xpath","value":"//*[@id=\"application-managesites-display-component---NewSite--addressEditDetailsCostObjectCstType-arrow\"]"}
RESULT: {}
RESULT: {"using":"xpath","value":"//*[@id=\"application-managesites-display-component---NewSite--addressEditDetailsCostObjectCstType-arrow\"]"}
COMMAND: POST /session/b650fd7e5e1a135de288473492e14b1e/element/f.07281D0795E18F1137881718A79AE278.d.EBB1AFF7D9E3A679DFDC29C71EF78F66.e.13899/click - {}
RESULT: {}
COMMAND: POST /session/b650fd7e5e1a135de288473492e14b1e/element - {"using":"xpath","value":"//span[contains(text(), \"Work Breakdown Structure\")]"}
COMMAND: GET /session/b650fd7e5e1a135de288473492e14b1e/screenshot - {}
RESULT: {"using":"xpath","value":"//span[contains(text(), \"Work Breakdown Structure\")]"}
COMMAND: POST /session/b650fd7e5e1a135de288473492e14b1e/element/f.07281D0795E18F1137881718A79AE278.d.EBB1AFF7D9E3A679DFDC29C71EF78F66.e.13900/click - {}
RESULT: {}
RESULT: {}
COMMAND: GET /session/b650fd7e5e1a135de288473492e14b1e/screenshot - {}
RESULT: {}
COMMAND: POST /session/b650fd7e5e1a135de288473492e14b1e/execute/async - {"script":"<script> [1562 bytes]","args":[{"selector":{"id":"application-managesites-display-component---NewSite--addressNewCostObjectCstID-vhi"},"wdio_ui5_key":"applicationmanagesites-display-component---NewSite--addressNewCostObjectCstID-vhi"}]}
RESULT: {"script":"<script> [1562 bytes]","args":[{"selector":{"id":"application-managesites-display-component---NewSite--addressNewCostObjectCstID-vhi"},"wdio_ui5_key":"applicationmanagesites-display-component---NewSite--addressNewCostObjectCstID-vhi"}]}
RESULT: undefined
COMMAND: POST /session/b650fd7e5e1a135de288473492e14b1e/element - {"using":"xpath","value":"//*[@id=\"application-managesites-display-component---NewSite--addressNewCostObjectCstID-vhi\"]"}
RESULT: {"using":"xpath","value":"//*[@id=\"application-managesites-display-component---NewSite--addressNewCostObjectCstID-vhi\"]"}
COMMAND: POST /session/b650fd7e5e1a135de288473492e14b1e/element/f.07281D0795E18F1137881718A79AE278.d.EBB1AFF7D9E3A679DFDC29C71EF78F66.e.13903/click - {}
RESULT: {}
COMMAND: GET /session/b650fd7e5e1a135de288473492e14b1e/screenshot - {}
RESULT: {}
COMMAND: POST /session/b650fd7e5e1a135de288473492e14b1e/execute/async - {"script":"<script> [1562 bytes]","args":[{"selector":{"controlType":"sap.m.SearchField","properties":{"placeholder":"Search"},"searchOpenDialogs":true,"interaction":{"idSuffix":"I"}},"wdio_ui5_key":"sapm.SearchField{\"placeholder\":\"Search\"}"}]}
RESULT: {"script":"<script> [1562 bytes]","args":[{"selector":{"controlType":"sap.m.SearchField","properties":{"placeholder":"Search"},"searchOpenDialogs":true,"interaction":{"idSuffix":"I"}},"wdio_ui5_key":"sapm.SearchField{\"placeholder\":\"Search\"}"}]}
RESULT: undefined
COMMAND: POST /session/b650fd7e5e1a135de288473492e14b1e/execute/async - {"script":"<script> [776 bytes]","args":[{"enterText":"A1-000100-01","selector":{"controlType":"sap.m.SearchField","properties":{"placeholder":"Search"},"searchOpenDialogs":true,"interaction":{"idSuffix":"I"}},"clearTextFirst":true,"interactionType":"ENTER_TEXT"}]}
RESULT: {"script":"<script> [776 bytes]","args":[{"enterText":"A1-000100-01","selector":{"controlType":"sap.m.SearchField","properties":{"placeholder":"Search"},"searchOpenDialogs":true,"interaction":{"idSuffix":"I"}},"clearTextFirst":true,"interactionType":"ENTER_TEXT"}]}
COMMAND: POST /session/b650fd7e5e1a135de288473492e14b1e/actions - {"actions":[{"id":"action36","type":"key","parameters":{},"actions":[{"type":"keyDown","value":""},{"type":"pause","duration":10},{"type":"keyUp","value":""}]}]}
RESULT: {"actions":[{"id":"action36","type":"key","parameters":{},"actions":[{"type":"keyDown","value":""},{"type":"pause","duration":10},{"type":"keyUp","value":""}]}]}
COMMAND: GET /session/b650fd7e5e1a135de288473492e14b1e/screenshot - {}
RESULT: {}
COMMAND: POST /session/b650fd7e5e1a135de288473492e14b1e/element - {"using":"xpath","value":"//span[contains(text(), \"Template for ETO-Process\")]"}
RESULT: {"using":"xpath","value":"//span[contains(text(), \"Template for ETO-Process\")]"}
COMMAND: POST /session/b650fd7e5e1a135de288473492e14b1e/element/f.07281D0795E18F1137881718A79AE278.d.EBB1AFF7D9E3A679DFDC29C71EF78F66.e.13922/click - {}
RESULT: {}
COMMAND: GET /session/b650fd7e5e1a135de288473492e14b1e/screenshot - {}
RESULT: {}
COMMAND: POST /session/b650fd7e5e1a135de288473492e14b1e/element - {"using":"xpath","value":"//bdi[contains(text(), \"OK\")]"}
RESULT: {"using":"xpath","value":"//bdi[contains(text(), \"OK\")]"}
COMMAND: POST /session/b650fd7e5e1a135de288473492e14b1e/element/f.07281D0795E18F1137881718A79AE278.d.EBB1AFF7D9E3A679DFDC29C71EF78F66.e.13923/click - {}
RESULT: {}
COMMAND: GET /session/b650fd7e5e1a135de288473492e14b1e/screenshot - {}
RESULT: {}
COMMAND: POST /session/b650fd7e5e1a135de288473492e14b1e/element - {"using":"xpath","value":"//input[@id=\"application-managesites-display-component---NewSite--addressDetailDetailsYard-inner\"]"}
RESULT: {"using":"xpath","value":"//input[@id=\"application-managesites-display-component---NewSite--addressDetailDetailsYard-inner\"]"}
COMMAND: POST /session/b650fd7e5e1a135de288473492e14b1e/element/f.07281D0795E18F1137881718A79AE278.d.EBB1AFF7D9E3A679DFDC29C71EF78F66.e.13744/value - {"text":"206"}
RESULT: {"text":"206"}
COMMAND: GET /session/b650fd7e5e1a135de288473492e14b1e/screenshot - {}
RESULT: {}
COMMAND: POST /session/b650fd7e5e1a135de288473492e14b1e/actions - {"actions":[{"id":"action37","type":"key","parameters":{},"actions":[{"type":"keyDown","value":""},{"type":"pause","duration":10},{"type":"keyUp","value":""}]}]}
RESULT: {"actions":[{"id":"action37","type":"key","parameters":{},"actions":[{"type":"keyDown","value":""},{"type":"pause","duration":10},{"type":"keyUp","value":""}]}]}
COMMAND: GET /session/b650fd7e5e1a135de288473492e14b1e/screenshot - {}
RESULT: {}
COMMAND: POST /session/b650fd7e5e1a135de288473492e14b1e/element - {"using":"xpath","value":"//input[@id=\"application-managesites-display-component---NewSite--addressDetailDetailsPartner-inner\"]"}
RESULT: {"using":"xpath","value":"//input[@id=\"application-managesites-display-component---NewSite--addressDetailDetailsPartner-inner\"]"}
COMMAND: POST /session/b650fd7e5e1a135de288473492e14b1e/elements - {"using":"xpath","value":"//input[@id=\"application-managesites-display-component---NewSite--addressDetailDetailsPartner-inner\"]"}
RESULT: {"using":"xpath","value":"//input[@id=\"application-managesites-display-component---NewSite--addressDetailDetailsPartner-inner\"]"}
COMMAND: POST /session/b650fd7e5e1a135de288473492e14b1e/execute/async - {"script":"<script> [1562 bytes]","args":[{"selector":{"controlType":"sap.m.Button","viewName":"etm.portal.ui.managesites.view.NewSmartSite","viewId":"application-managesites-display-component---NewSite","properties":{"text":"Commercial"},"interaction":{"idSuffix":"BDI-content"}},"wdio_ui5_key":"etmportal.ui.managesites.view.NewSmartSitesap.m.Button{\"text\":\"Commercial\"}"}]}
RESULT: {"script":"<script> [1562 bytes]","args":[{"selector":{"controlType":"sap.m.Button","viewName":"etm.portal.ui.managesites.view.NewSmartSite","viewId":"application-managesites-display-component---NewSite","properties":{"text":"Commercial"},"interaction":{"idSuffix":"BDI-content"}},"wdio_ui5_key":"etmportal.ui.managesites.view.NewSmartSitesap.m.Button{\"text\":\"Commercial\"}"}]}
RESULT: undefined
COMMAND: POST /session/b650fd7e5e1a135de288473492e14b1e/element - {"using":"xpath","value":"//*[@id=\"application-managesites-display-component---NewSite--ObjectPageLayout-anchBar-__section31-anchor\"]"}
RESULT: {"using":"xpath","value":"//*[@id=\"application-managesites-display-component---NewSite--ObjectPageLayout-anchBar-__section31-anchor\"]"}
COMMAND: POST /session/b650fd7e5e1a135de288473492e14b1e/element/f.07281D0795E18F1137881718A79AE278.d.EBB1AFF7D9E3A679DFDC29C71EF78F66.e.13930/click - {}
RESULT: {}
COMMAND: POST /session/b650fd7e5e1a135de288473492e14b1e/execute/async - {"script":"<script> [1562 bytes]","args":[{"selector":{"controlType":"sap.m.Button","viewName":"etm.portal.ui.managesites.view.NewSmartSite","viewId":"application-managesites-display-component---NewSite","i18NText":{"propertyName":"text","key":"save"},"interaction":{"idSuffix":"BDI-content"}},"wdio_ui5_key":"etmportal.ui.managesites.view.NewSmartSitesap.m.Button{\"propertyName\":\"text\",\"key\":\"save\"}"}]}
COMMAND: GET /session/b650fd7e5e1a135de288473492e14b1e/screenshot - {}
RESULT: {"script":"<script> [1562 bytes]","args":[{"selector":{"controlType":"sap.m.Button","viewName":"etm.portal.ui.managesites.view.NewSmartSite","viewId":"application-managesites-display-component---NewSite","i18NText":{"propertyName":"text","key":"save"},"interaction":{"idSuffix":"BDI-content"}},"wdio_ui5_key":"etmportal.ui.managesites.view.NewSmartSitesap.m.Button{\"propertyName\":\"text\",\"key\":\"save\"}"}]}
RESULT: undefined
COMMAND: POST /session/b650fd7e5e1a135de288473492e14b1e/element - {"using":"xpath","value":"//*[@id=\"__button64\"]"}
RESULT: {}
RESULT: {"using":"xpath","value":"//*[@id=\"__button64\"]"}
COMMAND: POST /session/b650fd7e5e1a135de288473492e14b1e/element/f.07281D0795E18F1137881718A79AE278.d.EBB1AFF7D9E3A679DFDC29C71EF78F66.e.13874/click - {}
RESULT: {}
COMMAND: GET /session/b650fd7e5e1a135de288473492e14b1e/screenshot - {}
RESULT: {}
COMMAND: POST /session/b650fd7e5e1a135de288473492e14b1e/execute/async - {"script":"<script> [1562 bytes]","args":[{"selector":{"id":"application-managesites-display-component---detailSite--addressDetailDetailsYardText"},"wdio_ui5_key":"applicationmanagesites-display-component---detailSite--addressDetailDetailsYardText"}]}
RESULT: {"script":"<script> [1562 bytes]","args":[{"selector":{"id":"application-managesites-display-component---detailSite--addressDetailDetailsYardText"},"wdio_ui5_key":"applicationmanagesites-display-component---detailSite--addressDetailDetailsYardText"}]}
RESULT: undefined
COMMAND: POST /session/b650fd7e5e1a135de288473492e14b1e/element - {"using":"xpath","value":"//header/div/div[2]/div[2]/span"}
RESULT: {"using":"xpath","value":"//header/div/div[2]/div[2]/span"}
COMMAND: GET /session/b650fd7e5e1a135de288473492e14b1e/element/f.07281D0795E18F1137881718A79AE278.d.EBB1AFF7D9E3A679DFDC29C71EF78F66.e.14088/text - {}
RESULT: {}
COMMAND: POST /session/b650fd7e5e1a135de288473492e14b1e/element - {"using":"xpath","value":"//header/div/div/div/div/div/div[2]/div/span"}
RESULT: {"using":"xpath","value":"//header/div/div/div/div/div/div[2]/div/span"}
COMMAND: GET /session/b650fd7e5e1a135de288473492e14b1e/element/f.07281D0795E18F1137881718A79AE278.d.EBB1AFF7D9E3A679DFDC29C71EF78F66.e.14089/text - {}
RESULT: {}
COMMAND: POST /session/b650fd7e5e1a135de288473492e14b1e/element - {"using":"css selector","value":"#shell-header-logo"}
RESULT: {"using":"css selector","value":"#shell-header-logo"}
COMMAND: POST /session/b650fd7e5e1a135de288473492e14b1e/element/f.07281D0795E18F1137881718A79AE278.d.EBB1AFF7D9E3A679DFDC29C71EF78F66.e.13545/click - {}
RESULT: {}
COMMAND: GET /session/b650fd7e5e1a135de288473492e14b1e/screenshot - {}
RESULT: {}
COMMAND: POST /session/b650fd7e5e1a135de288473492e14b1e/execute/async - {"script":"<script> [1562 bytes]","args":[{"selector":{"controlType":"sap.m.GenericTile","properties":{"header":"Manage Resources"}},"wdio_ui5_key":"sapm.GenericTile{\"header\":\"Manage Resources\"}"}]}
RESULT: {"script":"<script> [1562 bytes]","args":[{"selector":{"controlType":"sap.m.GenericTile","properties":{"header":"Manage Resources"}},"wdio_ui5_key":"sapm.GenericTile{\"header\":\"Manage Resources\"}"}]}
RESULT: undefined
COMMAND: POST /session/b650fd7e5e1a135de288473492e14b1e/element - {"using":"xpath","value":"//*[@id=\"__tile39\"]"}
RESULT: {"using":"xpath","value":"//*[@id=\"__tile39\"]"}
COMMAND: POST /session/b650fd7e5e1a135de288473492e14b1e/element/f.07281D0795E18F1137881718A79AE278.d.EBB1AFF7D9E3A679DFDC29C71EF78F66.e.14092/click - {}
RESULT: {}
COMMAND: GET /session/b650fd7e5e1a135de288473492e14b1e/screenshot - {}
RESULT: {}
RESULT: undefined
RESULT: undefined
COMMAND: POST /session/b650fd7e5e1a135de288473492e14b1e/element - {"using":"xpath","value":"//button[@data-kt=\"addNewRUOverflowToolbarButton\"]"}
RESULT: {"using":"xpath","value":"//button[@data-kt=\"addNewRUOverflowToolbarButton\"]"}
COMMAND: POST /session/b650fd7e5e1a135de288473492e14b1e/execute/sync - {"script":"<script> [8489 bytes]","args":[{"element-6066-11e4-a52e-4f735466cecf":"f.07281D0795E18F1137881718A79AE278.d.EBB1AFF7D9E3A679DFDC29C71EF78F66.e.14133","ELEMENT":"f.07281D0795E18F1137881718A79AE278.d.EBB1AFF7D9E3A679DFDC29C71EF78F66.e.14133"}]}
RESULT: {"script":"<script> [8489 bytes]","args":[{"element-6066-11e4-a52e-4f735466cecf":"f.07281D0795E18F1137881718A79AE278.d.EBB1AFF7D9E3A679DFDC29C71EF78F66.e.14133","ELEMENT":"f.07281D0795E18F1137881718A79AE278.d.EBB1AFF7D9E3A679DFDC29C71EF78F66.e.14133"}]}
COMMAND: POST /session/b650fd7e5e1a135de288473492e14b1e/element/f.07281D0795E18F1137881718A79AE278.d.EBB1AFF7D9E3A679DFDC29C71EF78F66.e.14133/click - {}
COMMAND: GET /session/b650fd7e5e1a135de288473492e14b1e/screenshot - {}
RESULT: {}
COMMAND: POST /session/b650fd7e5e1a135de288473492e14b1e/execute/async - {"script":"<script> [1562 bytes]","args":[{"selector":{"id":"application-manageresources-display-component---newResourceUnit--TYPE-arrow"},"wdio_ui5_key":"applicationmanageresources-display-component---newResourceUnit--TYPE-arrow"}]}
COMMAND: GET /session/b650fd7e5e1a135de288473492e14b1e/screenshot - {}
RESULT: {}
RESULT: {"script":"<script> [1562 bytes]","args":[{"selector":{"id":"application-manageresources-display-component---newResourceUnit--TYPE-arrow"},"wdio_ui5_key":"applicationmanageresources-display-component---newResourceUnit--TYPE-arrow"}]}
RESULT: undefined
COMMAND: POST /session/b650fd7e5e1a135de288473492e14b1e/element - {"using":"xpath","value":"//*[@id=\"application-manageresources-display-component---newResourceUnit--TYPE-arrow\"]"}
RESULT: {}
RESULT: {"using":"xpath","value":"//*[@id=\"application-manageresources-display-component---newResourceUnit--TYPE-arrow\"]"}
COMMAND: POST /session/b650fd7e5e1a135de288473492e14b1e/element/f.07281D0795E18F1137881718A79AE278.d.EBB1AFF7D9E3A679DFDC29C71EF78F66.e.14454/click - {}
RESULT: {}
COMMAND: POST /session/b650fd7e5e1a135de288473492e14b1e/execute/async - {"script":"<script> [1562 bytes]","args":[{"selector":{"controlType":"sap.m.StandardListItem","viewName":"reusables.view.manageresources.NewResourceUnit","viewId":"application-manageresources-display-component---newResourceUnit","properties":{"title":"Material"},"searchOpenDialogs":true,"interaction":{"idSuffix":"titleText"}},"wdio_ui5_key":"reusablesview.manageresources.NewResourceUnitsap.m.StandardListItem{\"title\":\"Material\"}"}]}
COMMAND: GET /session/b650fd7e5e1a135de288473492e14b1e/screenshot - {}
RESULT: {"script":"<script> [1562 bytes]","args":[{"selector":{"controlType":"sap.m.StandardListItem","viewName":"reusables.view.manageresources.NewResourceUnit","viewId":"application-manageresources-display-component---newResourceUnit","properties":{"title":"Material"},"searchOpenDialogs":true,"interaction":{"idSuffix":"titleText"}},"wdio_ui5_key":"reusablesview.manageresources.NewResourceUnitsap.m.StandardListItem{\"title\":\"Material\"}"}]}
RESULT: undefined
COMMAND: POST /session/b650fd7e5e1a135de288473492e14b1e/element - {"using":"xpath","value":"//*[@id=\"__item798\"]"}
RESULT: {}
RESULT: {"using":"xpath","value":"//*[@id=\"__item798\"]"}
COMMAND: POST /session/b650fd7e5e1a135de288473492e14b1e/element/f.07281D0795E18F1137881718A79AE278.d.EBB1AFF7D9E3A679DFDC29C71EF78F66.e.14457/click - {}
RESULT: {}
COMMAND: POST /session/b650fd7e5e1a135de288473492e14b1e/execute/async - {"script":"<script> [1562 bytes]","args":[{"selector":{"id":"application-manageresources-display-component---newResourceUnit--SHORT_TEXT","interaction":{"idSuffix":"inner"}},"wdio_ui5_key":"applicationmanageresources-display-component---newResourceUnit--SHORT_TEXT"}]}
COMMAND: GET /session/b650fd7e5e1a135de288473492e14b1e/screenshot - {}
RESULT: {"script":"<script> [1562 bytes]","args":[{"selector":{"id":"application-manageresources-display-component---newResourceUnit--SHORT_TEXT","interaction":{"idSuffix":"inner"}},"wdio_ui5_key":"applicationmanageresources-display-component---newResourceUnit--SHORT_TEXT"}]}
RESULT: undefined
COMMAND: POST /session/b650fd7e5e1a135de288473492e14b1e/execute/async - {"script":"<script> [776 bytes]","args":[{"enterText":"WebdriverRUR2C4d9ae","selector":{"id":"application-manageresources-display-component---newResourceUnit--SHORT_TEXT","interaction":{"idSuffix":"inner"}},"clearTextFirst":true,"interactionType":"ENTER_TEXT"}]}
RESULT: {}
RESULT: {"script":"<script> [776 bytes]","args":[{"enterText":"WebdriverRUR2C4d9ae","selector":{"id":"application-manageresources-display-component---newResourceUnit--SHORT_TEXT","interaction":{"idSuffix":"inner"}},"clearTextFirst":true,"interactionType":"ENTER_TEXT"}]}
COMMAND: POST /session/b650fd7e5e1a135de288473492e14b1e/execute/async - {"script":"<script> [1562 bytes]","args":[{"selector":{"id":"application-manageresources-display-component---newResourceUnit--BASE_UNIT_OF_MEASURE-arrow"},"wdio_ui5_key":"applicationmanageresources-display-component---newResourceUnit--BASE_UNIT_OF_MEASURE-arrow"}]}
RESULT: {"script":"<script> [1562 bytes]","args":[{"selector":{"id":"application-manageresources-display-component---newResourceUnit--BASE_UNIT_OF_MEASURE-arrow"},"wdio_ui5_key":"applicationmanageresources-display-component---newResourceUnit--BASE_UNIT_OF_MEASURE-arrow"}]}
RESULT: undefined
COMMAND: POST /session/b650fd7e5e1a135de288473492e14b1e/element - {"using":"xpath","value":"//*[@id=\"application-manageresources-display-component---newResourceUnit--BASE_UNIT_OF_MEASURE-arrow\"]"}
RESULT: {"using":"xpath","value":"//*[@id=\"application-manageresources-display-component---newResourceUnit--BASE_UNIT_OF_MEASURE-arrow\"]"}
COMMAND: POST /session/b650fd7e5e1a135de288473492e14b1e/element/f.07281D0795E18F1137881718A79AE278.d.EBB1AFF7D9E3A679DFDC29C71EF78F66.e.14513/click - {}
RESULT: {}
COMMAND: POST /session/b650fd7e5e1a135de288473492e14b1e/execute/async - {"script":"<script> [1562 bytes]","args":[{"selector":{"controlType":"sap.m.StandardListItem","viewName":"reusables.view.manageresources.NewResourceUnit","viewId":"application-manageresources-display-component---newResourceUnit","properties":{"title":"Piece"},"searchOpenDialogs":true,"interaction":{"idSuffix":"titleText"}},"wdio_ui5_key":"reusablesview.manageresources.NewResourceUnitsap.m.StandardListItem{\"title\":\"Piece\"}"}]}
COMMAND: GET /session/b650fd7e5e1a135de288473492e14b1e/screenshot - {}
RESULT: {"script":"<script> [1562 bytes]","args":[{"selector":{"controlType":"sap.m.StandardListItem","viewName":"reusables.view.manageresources.NewResourceUnit","viewId":"application-manageresources-display-component---newResourceUnit","properties":{"title":"Piece"},"searchOpenDialogs":true,"interaction":{"idSuffix":"titleText"}},"wdio_ui5_key":"reusablesview.manageresources.NewResourceUnitsap.m.StandardListItem{\"title\":\"Piece\"}"}]}
RESULT: undefined
COMMAND: POST /session/b650fd7e5e1a135de288473492e14b1e/element - {"using":"xpath","value":"//*[@id=\"__item842\"]"}
RESULT: {}
RESULT: {"using":"xpath","value":"//*[@id=\"__item842\"]"}
COMMAND: POST /session/b650fd7e5e1a135de288473492e14b1e/element/f.07281D0795E18F1137881718A79AE278.d.EBB1AFF7D9E3A679DFDC29C71EF78F66.e.14515/click - {}
RESULT: {}
COMMAND: POST /session/b650fd7e5e1a135de288473492e14b1e/element - {"using":"xpath","value":"//input[contains(@id ,\"application-manageresources-display-component---newResourceUnit--SHORT_TEXT-inner\")]"}
COMMAND: GET /session/b650fd7e5e1a135de288473492e14b1e/screenshot - {}
RESULT: {"using":"xpath","value":"//input[contains(@id ,\"application-manageresources-display-component---newResourceUnit--SHORT_TEXT-inner\")]"}
COMMAND: GET /session/b650fd7e5e1a135de288473492e14b1e/element/f.07281D0795E18F1137881718A79AE278.d.EBB1AFF7D9E3A679DFDC29C71EF78F66.e.14474/property/value - {}
RESULT: {}
RESULT: {}
COMMAND: POST /session/b650fd7e5e1a135de288473492e14b1e/execute/async - {"script":"<script> [1562 bytes]","args":[{"selector":{"id":"application-manageresources-display-component---newResourceUnit--WEIGHT_UNIT-arrow"},"wdio_ui5_key":"applicationmanageresources-display-component---newResourceUnit--WEIGHT_UNIT-arrow"}]}
COMMAND: GET /session/b650fd7e5e1a135de288473492e14b1e/screenshot - {}
RESULT: {"script":"<script> [1562 bytes]","args":[{"selector":{"id":"application-manageresources-display-component---newResourceUnit--WEIGHT_UNIT-arrow"},"wdio_ui5_key":"applicationmanageresources-display-component---newResourceUnit--WEIGHT_UNIT-arrow"}]}
RESULT: undefined
COMMAND: POST /session/b650fd7e5e1a135de288473492e14b1e/element - {"using":"xpath","value":"//*[@id=\"application-manageresources-display-component---newResourceUnit--WEIGHT_UNIT-arrow\"]"}
RESULT: {}
RESULT: {"using":"xpath","value":"//*[@id=\"application-manageresources-display-component---newResourceUnit--WEIGHT_UNIT-arrow\"]"}
COMMAND: POST /session/b650fd7e5e1a135de288473492e14b1e/element/f.07281D0795E18F1137881718A79AE278.d.EBB1AFF7D9E3A679DFDC29C71EF78F66.e.14516/click - {}
RESULT: {}
COMMAND: POST /session/b650fd7e5e1a135de288473492e14b1e/execute/async - {"script":"<script> [1562 bytes]","args":[{"selector":{"controlType":"sap.m.StandardListItem","viewName":"reusables.view.manageresources.NewResourceUnit","viewId":"application-manageresources-display-component---newResourceUnit","properties":{"title":"Gram"},"searchOpenDialogs":true,"interaction":{"idSuffix":"content"}},"wdio_ui5_key":"reusablesview.manageresources.NewResourceUnitsap.m.StandardListItem{\"title\":\"Gram\"}"}]}
COMMAND: GET /session/b650fd7e5e1a135de288473492e14b1e/screenshot - {}
RESULT: {"script":"<script> [1562 bytes]","args":[{"selector":{"controlType":"sap.m.StandardListItem","viewName":"reusables.view.manageresources.NewResourceUnit","viewId":"application-manageresources-display-component---newResourceUnit","properties":{"title":"Gram"},"searchOpenDialogs":true,"interaction":{"idSuffix":"content"}},"wdio_ui5_key":"reusablesview.manageresources.NewResourceUnitsap.m.StandardListItem{\"title\":\"Gram\"}"}]}
RESULT: undefined
COMMAND: POST /session/b650fd7e5e1a135de288473492e14b1e/element - {"using":"xpath","value":"//*[@id=\"__item907\"]"}
RESULT: {}
RESULT: {"using":"xpath","value":"//*[@id=\"__item907\"]"}
COMMAND: POST /session/b650fd7e5e1a135de288473492e14b1e/element/f.07281D0795E18F1137881718A79AE278.d.EBB1AFF7D9E3A679DFDC29C71EF78F66.e.14518/click - {}
RESULT: {}
COMMAND: POST /session/b650fd7e5e1a135de288473492e14b1e/execute/async - {"script":"<script> [1562 bytes]","args":[{"selector":{"id":"application-manageresources-display-component---newResourceUnit--newRRUPage-OPHeaderContent-collapseBtn-img"},"wdio_ui5_key":"applicationmanageresources-display-component---newResourceUnit--newRRUPage-OPHeaderContent-collapseBtn-img"}]}
COMMAND: GET /session/b650fd7e5e1a135de288473492e14b1e/screenshot - {}
RESULT: {"script":"<script> [1562 bytes]","args":[{"selector":{"id":"application-manageresources-display-component---newResourceUnit--newRRUPage-OPHeaderContent-collapseBtn-img"},"wdio_ui5_key":"applicationmanageresources-display-component---newResourceUnit--newRRUPage-OPHeaderContent-collapseBtn-img"}]}
RESULT: undefined
COMMAND: POST /session/b650fd7e5e1a135de288473492e14b1e/element - {"using":"xpath","value":"//*[@id=\"application-manageresources-display-component---newResourceUnit--newRRUPage-OPHeaderContent-collapseBtn-img\"]"}
RESULT: {}
RESULT: {"using":"xpath","value":"//*[@id=\"application-manageresources-display-component---newResourceUnit--newRRUPage-OPHeaderContent-collapseBtn-img\"]"}
COMMAND: POST /session/b650fd7e5e1a135de288473492e14b1e/element/f.07281D0795E18F1137881718A79AE278.d.EBB1AFF7D9E3A679DFDC29C71EF78F66.e.14464/click - {}
RESULT: {}
COMMAND: GET /session/b650fd7e5e1a135de288473492e14b1e/screenshot - {}
RESULT: {}
COMMAND: POST /session/b650fd7e5e1a135de288473492e14b1e/element - {"using":"xpath","value":"(//span[contains(@id ,\"application-manageresources-display-component---newResourceUnit--DIMENSION_UNIT-arrow\")])[1]"}
RESULT: {"using":"xpath","value":"(//span[contains(@id ,\"application-manageresources-display-component---newResourceUnit--DIMENSION_UNIT-arrow\")])[1]"}
COMMAND: POST /session/b650fd7e5e1a135de288473492e14b1e/element/f.07281D0795E18F1137881718A79AE278.d.EBB1AFF7D9E3A679DFDC29C71EF78F66.e.14522/click - {}
RESULT: {}
COMMAND: GET /session/b650fd7e5e1a135de288473492e14b1e/screenshot - {}
RESULT: {}
COMMAND: POST /session/b650fd7e5e1a135de288473492e14b1e/execute/async - {"script":"<script> [1562 bytes]","args":[{"selector":{"controlType":"sap.m.StandardListItem","viewName":"reusables.view.manageresources.NewResourceUnit","viewId":"application-manageresources-display-component---newResourceUnit","properties":{"title":"Centimeter"},"searchOpenDialogs":true,"interaction":{"idSuffix":"titleText"}},"wdio_ui5_key":"reusablesview.manageresources.NewResourceUnitsap.m.StandardListItem{\"title\":\"Centimeter\"}"}]}
RESULT: {"script":"<script> [1562 bytes]","args":[{"selector":{"controlType":"sap.m.StandardListItem","viewName":"reusables.view.manageresources.NewResourceUnit","viewId":"application-manageresources-display-component---newResourceUnit","properties":{"title":"Centimeter"},"searchOpenDialogs":true,"interaction":{"idSuffix":"titleText"}},"wdio_ui5_key":"reusablesview.manageresources.NewResourceUnitsap.m.StandardListItem{\"title\":\"Centimeter\"}"}]}
RESULT: undefined
COMMAND: POST /session/b650fd7e5e1a135de288473492e14b1e/element - {"using":"xpath","value":"//*[@id=\"__item910\"]"}
RESULT: {"using":"xpath","value":"//*[@id=\"__item910\"]"}
COMMAND: POST /session/b650fd7e5e1a135de288473492e14b1e/element/f.07281D0795E18F1137881718A79AE278.d.EBB1AFF7D9E3A679DFDC29C71EF78F66.e.14526/click - {}
RESULT: {}
COMMAND: POST /session/b650fd7e5e1a135de288473492e14b1e/execute/async - {"script":"<script> [1562 bytes]","args":[{"selector":{"id":"application-manageresources-display-component---newResourceUnit--newRRUPage-anchBar-application-manageresources-display-component---newResourceUnit--reference-anchor","interaction":{"idSuffix":"BDI-content"}},"wdio_ui5_key":"applicationmanageresources-display-component---newResourceUnit--newRRUPage-anchBar-application-manageresources-display-component---newResourceUnit--reference-anchor"}]}
COMMAND: GET /session/b650fd7e5e1a135de288473492e14b1e/screenshot - {}
RESULT: {"script":"<script> [1562 bytes]","args":[{"selector":{"id":"application-manageresources-display-component---newResourceUnit--newRRUPage-anchBar-application-manageresources-display-component---newResourceUnit--reference-anchor","interaction":{"idSuffix":"BDI-content"}},"wdio_ui5_key":"applicationmanageresources-display-component---newResourceUnit--newRRUPage-anchBar-application-manageresources-display-component---newResourceUnit--reference-anchor"}]}
RESULT: undefined
COMMAND: POST /session/b650fd7e5e1a135de288473492e14b1e/element - {"using":"xpath","value":"//*[@id=\"application-manageresources-display-component---newResourceUnit--newRRUPage-anchBar-application-manageresources-display-component---newResourceUnit--reference-anchor\"]"}
RESULT: {}
RESULT: {"using":"xpath","value":"//*[@id=\"application-manageresources-display-component---newResourceUnit--newRRUPage-anchBar-application-manageresources-display-component---newResourceUnit--reference-anchor\"]"}
COMMAND: POST /session/b650fd7e5e1a135de288473492e14b1e/element/f.07281D0795E18F1137881718A79AE278.d.EBB1AFF7D9E3A679DFDC29C71EF78F66.e.14528/click - {}
RESULT: {}
COMMAND: POST /session/b650fd7e5e1a135de288473492e14b1e/execute/async - {"script":"<script> [1562 bytes]","args":[{"selector":{"id":"application-manageresources-display-component---newResourceUnit--PLANNING_GROUP-arrow"},"wdio_ui5_key":"applicationmanageresources-display-component---newResourceUnit--PLANNING_GROUP-arrow"}]}
COMMAND: GET /session/b650fd7e5e1a135de288473492e14b1e/screenshot - {}
RESULT: {"script":"<script> [1562 bytes]","args":[{"selector":{"id":"application-manageresources-display-component---newResourceUnit--PLANNING_GROUP-arrow"},"wdio_ui5_key":"applicationmanageresources-display-component---newResourceUnit--PLANNING_GROUP-arrow"}]}
RESULT: undefined
COMMAND: POST /session/b650fd7e5e1a135de288473492e14b1e/element - {"using":"xpath","value":"//*[@id=\"application-manageresources-display-component---newResourceUnit--PLANNING_GROUP-arrow\"]"}
RESULT: {}
RESULT: {"using":"xpath","value":"//*[@id=\"application-manageresources-display-component---newResourceUnit--PLANNING_GROUP-arrow\"]"}
COMMAND: POST /session/b650fd7e5e1a135de288473492e14b1e/element/f.07281D0795E18F1137881718A79AE278.d.EBB1AFF7D9E3A679DFDC29C71EF78F66.e.14531/click - {}
RESULT: {}
COMMAND: POST /session/b650fd7e5e1a135de288473492e14b1e/execute/async - {"script":"<script> [1562 bytes]","args":[{"selector":{"controlType":"sap.m.StandardListItem","viewName":"reusables.view.manageresources.NewResourceUnit","viewId":"application-manageresources-display-component---newResourceUnit","properties":{"title":"Heavy Equi"},"searchOpenDialogs":true,"interaction":{"idSuffix":"content"}},"wdio_ui5_key":"reusablesview.manageresources.NewResourceUnitsap.m.StandardListItem{\"title\":\"Heavy Equi\"}"}]}
COMMAND: GET /session/b650fd7e5e1a135de288473492e14b1e/screenshot - {}
RESULT: {"script":"<script> [1562 bytes]","args":[{"selector":{"controlType":"sap.m.StandardListItem","viewName":"reusables.view.manageresources.NewResourceUnit","viewId":"application-manageresources-display-component---newResourceUnit","properties":{"title":"Heavy Equi"},"searchOpenDialogs":true,"interaction":{"idSuffix":"content"}},"wdio_ui5_key":"reusablesview.manageresources.NewResourceUnitsap.m.StandardListItem{\"title\":\"Heavy Equi\"}"}]}
RESULT: undefined
COMMAND: POST /session/b650fd7e5e1a135de288473492e14b1e/element - {"using":"xpath","value":"//*[@id=\"__item918\"]"}
RESULT: {}
RESULT: {"using":"xpath","value":"//*[@id=\"__item918\"]"}
COMMAND: POST /session/b650fd7e5e1a135de288473492e14b1e/element/f.07281D0795E18F1137881718A79AE278.d.EBB1AFF7D9E3A679DFDC29C71EF78F66.e.14535/click - {}
RESULT: {}
COMMAND: GET /session/b650fd7e5e1a135de288473492e14b1e/screenshot - {}
RESULT: {}
COMMAND: POST /session/b650fd7e5e1a135de288473492e14b1e/execute/async - {"script":"<script> [1562 bytes]","args":[{"selector":{"id":"application-manageresources-display-component---newResourceUnit--PLANNING_INDICATOR-arrow"},"wdio_ui5_key":"applicationmanageresources-display-component---newResourceUnit--PLANNING_INDICATOR-arrow"}]}
RESULT: {"script":"<script> [1562 bytes]","args":[{"selector":{"id":"application-manageresources-display-component---newResourceUnit--PLANNING_INDICATOR-arrow"},"wdio_ui5_key":"applicationmanageresources-display-component---newResourceUnit--PLANNING_INDICATOR-arrow"}]}
RESULT: undefined
COMMAND: POST /session/b650fd7e5e1a135de288473492e14b1e/element - {"using":"xpath","value":"//*[@id=\"application-manageresources-display-component---newResourceUnit--PLANNING_INDICATOR-arrow\"]"}
RESULT: {"using":"xpath","value":"//*[@id=\"application-manageresources-display-component---newResourceUnit--PLANNING_INDICATOR-arrow\"]"}
COMMAND: POST /session/b650fd7e5e1a135de288473492e14b1e/element/f.07281D0795E18F1137881718A79AE278.d.EBB1AFF7D9E3A679DFDC29C71EF78F66.e.14536/click - {}
RESULT: {}
COMMAND: POST /session/b650fd7e5e1a135de288473492e14b1e/execute/async - {"script":"<script> [1562 bytes]","args":[{"selector":{"controlType":"sap.m.StandardListItem","viewName":"reusables.view.manageresources.NewResourceUnit","viewId":"application-manageresources-display-component---newResourceUnit","properties":{"title":"10 - infinite"},"searchOpenDialogs":true,"interaction":{"idSuffix":"content"}},"wdio_ui5_key":"reusablesview.manageresources.NewResourceUnitsap.m.StandardListItem{\"title\":\"10 - infinite\"}"}]}
COMMAND: GET /session/b650fd7e5e1a135de288473492e14b1e/screenshot - {}
RESULT: {"script":"<script> [1562 bytes]","args":[{"selector":{"controlType":"sap.m.StandardListItem","viewName":"reusables.view.manageresources.NewResourceUnit","viewId":"application-manageresources-display-component---newResourceUnit","properties":{"title":"10 - infinite"},"searchOpenDialogs":true,"interaction":{"idSuffix":"content"}},"wdio_ui5_key":"reusablesview.manageresources.NewResourceUnitsap.m.StandardListItem{\"title\":\"10 - infinite\"}"}]}
RESULT: undefined
COMMAND: POST /session/b650fd7e5e1a135de288473492e14b1e/element - {"using":"xpath","value":"//*[@id=\"__item928\"]"}
RESULT: {}
RESULT: {"using":"xpath","value":"//*[@id=\"__item928\"]"}
COMMAND: POST /session/b650fd7e5e1a135de288473492e14b1e/element/f.07281D0795E18F1137881718A79AE278.d.EBB1AFF7D9E3A679DFDC29C71EF78F66.e.14538/click - {}
RESULT: {}
COMMAND: GET /session/b650fd7e5e1a135de288473492e14b1e/screenshot - {}
RESULT: {}
COMMAND: POST /session/b650fd7e5e1a135de288473492e14b1e/element - {"using":"xpath","value":"//bdi[contains(text(), \"Time Segment\")]"}
RESULT: {"using":"xpath","value":"//bdi[contains(text(), \"Time Segment\")]"}
COMMAND: GET /session/b650fd7e5e1a135de288473492e14b1e/element/f.07281D0795E18F1137881718A79AE278.d.EBB1AFF7D9E3A679DFDC29C71EF78F66.e.14539/rect - {}
RESULT: {}
COMMAND: GET /session/b650fd7e5e1a135de288473492e14b1e/window/rect - {}
RESULT: {}
COMMAND: POST /session/b650fd7e5e1a135de288473492e14b1e/execute/sync - {"script":"<script> [92 bytes]","args":[]}
RESULT: {"script":"<script> [92 bytes]","args":[]}
COMMAND: POST /session/b650fd7e5e1a135de288473492e14b1e/actions - {"actions":[{"id":"action38","type":"wheel","parameters":{},"actions":[{"type":"scroll","x":-1820,"y":-21,"deltaX":0,"deltaY":0,"duration":0,"origin":{"element-6066-11e4-a52e-4f735466cecf":"f.07281D0795E18F1137881718A79AE278.d.EBB1AFF7D9E3A679DFDC29C71EF78F66.e.14539"}}]}]}
COMMAND: GET /session/b650fd7e5e1a135de288473492e14b1e/screenshot - {}
RESULT: {}
COMMAND: POST /session/b650fd7e5e1a135de288473492e14b1e/execute/sync - {"script":"<script> [79 bytes]","args":[{"element-6066-11e4-a52e-4f735466cecf":"f.07281D0795E18F1137881718A79AE278.d.EBB1AFF7D9E3A679DFDC29C71EF78F66.e.14539","ELEMENT":"f.07281D0795E18F1137881718A79AE278.d.EBB1AFF7D9E3A679DFDC29C71EF78F66.e.14539"},{"block":"start","inline":"nearest"}]}
RESULT: {"script":"<script> [79 bytes]","args":[{"element-6066-11e4-a52e-4f735466cecf":"f.07281D0795E18F1137881718A79AE278.d.EBB1AFF7D9E3A679DFDC29C71EF78F66.e.14539","ELEMENT":"f.07281D0795E18F1137881718A79AE278.d.EBB1AFF7D9E3A679DFDC29C71EF78F66.e.14539"},{"block":"start","inline":"nearest"}]}
COMMAND: GET /session/b650fd7e5e1a135de288473492e14b1e/screenshot - {}
RESULT: {}
COMMAND: POST /session/b650fd7e5e1a135de288473492e14b1e/element - {"using":"xpath","value":"//span[@id=\"application-manageresources-display-component---newResourceUnit--btnAddTimeSegment-img\"]"}
RESULT: {"using":"xpath","value":"//span[@id=\"application-manageresources-display-component---newResourceUnit--btnAddTimeSegment-img\"]"}
COMMAND: POST /session/b650fd7e5e1a135de288473492e14b1e/execute/sync - {"script":"<script> [8489 bytes]","args":[{"element-6066-11e4-a52e-4f735466cecf":"f.07281D0795E18F1137881718A79AE278.d.EBB1AFF7D9E3A679DFDC29C71EF78F66.e.14542","ELEMENT":"f.07281D0795E18F1137881718A79AE278.d.EBB1AFF7D9E3A679DFDC29C71EF78F66.e.14542"}]}
RESULT: {"script":"<script> [8489 bytes]","args":[{"element-6066-11e4-a52e-4f735466cecf":"f.07281D0795E18F1137881718A79AE278.d.EBB1AFF7D9E3A679DFDC29C71EF78F66.e.14542","ELEMENT":"f.07281D0795E18F1137881718A79AE278.d.EBB1AFF7D9E3A679DFDC29C71EF78F66.e.14542"}]}
COMMAND: POST /session/b650fd7e5e1a135de288473492e14b1e/element/f.07281D0795E18F1137881718A79AE278.d.EBB1AFF7D9E3A679DFDC29C71EF78F66.e.14542/click - {}
COMMAND: GET /session/b650fd7e5e1a135de288473492e14b1e/screenshot - {}
RESULT: {}
COMMAND: GET /session/b650fd7e5e1a135de288473492e14b1e/screenshot - {}
RESULT: {}
RESULT: {}
COMMAND: POST /session/b650fd7e5e1a135de288473492e14b1e/element - {"using":"xpath","value":"//input[@id=\"application-manageresources-display-component---newResourceUnit--idRuTSAdmin-application-manageresources-display-component---newResourceUnit--RUTimeSegment-0-inner\"]"}
RESULT: {"using":"xpath","value":"//input[@id=\"application-manageresources-display-component---newResourceUnit--idRuTSAdmin-application-manageresources-display-component---newResourceUnit--RUTimeSegment-0-inner\"]"}
COMMAND: POST /session/b650fd7e5e1a135de288473492e14b1e/element/f.07281D0795E18F1137881718A79AE278.d.EBB1AFF7D9E3A679DFDC29C71EF78F66.e.14545/clear - {}
RESULT: {}
COMMAND: POST /session/b650fd7e5e1a135de288473492e14b1e/element/f.07281D0795E18F1137881718A79AE278.d.EBB1AFF7D9E3A679DFDC29C71EF78F66.e.14545/value - {"text":"WebdriverYardhr70q"}
COMMAND: GET /session/b650fd7e5e1a135de288473492e14b1e/screenshot - {}
RESULT: {"text":"WebdriverYardhr70q"}
COMMAND: GET /session/b650fd7e5e1a135de288473492e14b1e/screenshot - {}
RESULT: {}
RESULT: {}
COMMAND: POST /session/b650fd7e5e1a135de288473492e14b1e/actions - {"actions":[{"id":"action39","type":"key","parameters":{},"actions":[{"type":"keyDown","value":""},{"type":"pause","duration":10},{"type":"keyUp","value":""}]}]}
RESULT: {"actions":[{"id":"action39","type":"key","parameters":{},"actions":[{"type":"keyDown","value":""},{"type":"pause","duration":10},{"type":"keyUp","value":""}]}]}
COMMAND: GET /session/b650fd7e5e1a135de288473492e14b1e/screenshot - {}
RESULT: {}
COMMAND: POST /session/b650fd7e5e1a135de288473492e14b1e/execute/async - {"script":"<script> [1562 bytes]","args":[{"selector":{"controlType":"sap.m.Button","viewName":"reusables.view.manageresources.NewResourceUnit","viewId":"application-manageresources-display-component---newResourceUnit","i18NText":{"propertyName":"tooltip","key":"save"},"interaction":{"idSuffix":"BDI-content"}},"wdio_ui5_key":"reusablesview.manageresources.NewResourceUnitsap.m.Button{\"propertyName\":\"tooltip\",\"key\":\"save\"}"}]}
RESULT: {"script":"<script> [1562 bytes]","args":[{"selector":{"controlType":"sap.m.Button","viewName":"reusables.view.manageresources.NewResourceUnit","viewId":"application-manageresources-display-component---newResourceUnit","i18NText":{"propertyName":"tooltip","key":"save"},"interaction":{"idSuffix":"BDI-content"}},"wdio_ui5_key":"reusablesview.manageresources.NewResourceUnitsap.m.Button{\"propertyName\":\"tooltip\",\"key\":\"save\"}"}]}
RESULT: undefined
COMMAND: POST /session/b650fd7e5e1a135de288473492e14b1e/element - {"using":"xpath","value":"//*[@id=\"application-manageresources-display-component---newResourceUnit--createRuButton\"]"}
RESULT: {"using":"xpath","value":"//*[@id=\"application-manageresources-display-component---newResourceUnit--createRuButton\"]"}
COMMAND: POST /session/b650fd7e5e1a135de288473492e14b1e/element/f.07281D0795E18F1137881718A79AE278.d.EBB1AFF7D9E3A679DFDC29C71EF78F66.e.14470/click - {}
RESULT: {}
COMMAND: GET /session/b650fd7e5e1a135de288473492e14b1e/screenshot - {}
RESULT: {}
COMMAND: POST /session/b650fd7e5e1a135de288473492e14b1e/execute/async - {"script":"<script> [1562 bytes]","args":[{"selector":{"controlType":"sap.m.Title","properties":{"text":"Success"},"searchOpenDialogs":true},"wdio_ui5_key":"sapm.Title{\"text\":\"Success\"}"}]}
RESULT: {"script":"<script> [1562 bytes]","args":[{"selector":{"controlType":"sap.m.Title","properties":{"text":"Success"},"searchOpenDialogs":true},"wdio_ui5_key":"sapm.Title{\"text\":\"Success\"}"}]}
RESULT: undefined
COMMAND: POST /session/b650fd7e5e1a135de288473492e14b1e/execute/async - {"script":"<script> [6424 bytes]","args":[{"element-6066-11e4-a52e-4f735466cecf":"f.07281D0795E18F1137881718A79AE278.d.EBB1AFF7D9E3A679DFDC29C71EF78F66.e.14559"},"getText",[]]}
RESULT: {"script":"<script> [6424 bytes]","args":[{"element-6066-11e4-a52e-4f735466cecf":"f.07281D0795E18F1137881718A79AE278.d.EBB1AFF7D9E3A679DFDC29C71EF78F66.e.14559"},"getText",[]]}
COMMAND: POST /session/b650fd7e5e1a135de288473492e14b1e/element - {"using":"xpath","value":"//*[contains(@id, '__text') and (contains(text(), 'successfully created') or contains(., 'successfully created'))]"}
RESULT: {"using":"xpath","value":"//*[contains(@id, '__text') and (contains(text(), 'successfully created') or contains(., 'successfully created'))]"}
COMMAND: GET /session/b650fd7e5e1a135de288473492e14b1e/element/f.07281D0795E18F1137881718A79AE278.d.EBB1AFF7D9E3A679DFDC29C71EF78F66.e.14558/text - {}
RESULT: {}
COMMAND: POST /session/b650fd7e5e1a135de288473492e14b1e/execute/async - {"script":"<script> [1562 bytes]","args":[{"selector":{"controlType":"sap.m.Button","properties":{"text":"Close"},"searchOpenDialogs":true,"interaction":{"idSuffix":"BDI-content"}},"wdio_ui5_key":"sapm.Button{\"text\":\"Close\"}"}]}
RESULT: {"script":"<script> [1562 bytes]","args":[{"selector":{"controlType":"sap.m.Button","properties":{"text":"Close"},"searchOpenDialogs":true,"interaction":{"idSuffix":"BDI-content"}},"wdio_ui5_key":"sapm.Button{\"text\":\"Close\"}"}]}
RESULT: undefined
COMMAND: POST /session/b650fd7e5e1a135de288473492e14b1e/element - {"using":"xpath","value":"//*[@id=\"__mbox-btn-0\"]"}
RESULT: {"using":"xpath","value":"//*[@id=\"__mbox-btn-0\"]"}
COMMAND: POST /session/b650fd7e5e1a135de288473492e14b1e/element/f.07281D0795E18F1137881718A79AE278.d.EBB1AFF7D9E3A679DFDC29C71EF78F66.e.14556/click - {}
RESULT: {}
COMMAND: GET /session/b650fd7e5e1a135de288473492e14b1e/screenshot - {}
RESULT: {}
COMMAND: POST /session/b650fd7e5e1a135de288473492e14b1e/execute/async - {"script":"<script> [1562 bytes]","args":[{"selector":{"controlType":"sap.ui.core.Icon","viewName":"etm.portal.ui.manageresources.view.Detail","viewId":"application-manageresources-display-component---detailRU","properties":{"src":{"regex":{"source":"overflow"}}}},"wdio_ui5_key":"etmportal.ui.manageresources.view.Detailsap.ui.core.Icon{\"src\":{\"regex\":{\"source\":\"overflow\"}}}"}]}
RESULT: {"script":"<script> [1562 bytes]","args":[{"selector":{"controlType":"sap.ui.core.Icon","viewName":"etm.portal.ui.manageresources.view.Detail","viewId":"application-manageresources-display-component---detailRU","properties":{"src":{"regex":{"source":"overflow"}}}},"wdio_ui5_key":"etmportal.ui.manageresources.view.Detailsap.ui.core.Icon{\"src\":{\"regex\":{\"source\":\"overflow\"}}}"}]}
RESULT: undefined
COMMAND: POST /session/b650fd7e5e1a135de288473492e14b1e/element - {"using":"xpath","value":"//*[@id=\"__title36-_actionsToolbar-overflowButton-img\"]"}
RESULT: {"using":"xpath","value":"//*[@id=\"__title36-_actionsToolbar-overflowButton-img\"]"}
COMMAND: POST /session/b650fd7e5e1a135de288473492e14b1e/element/f.07281D0795E18F1137881718A79AE278.d.EBB1AFF7D9E3A679DFDC29C71EF78F66.e.14591/click - {}
RESULT: {}
COMMAND: POST /session/b650fd7e5e1a135de288473492e14b1e/execute/async - {"script":"<script> [1562 bytes]","args":[{"selector":{"controlType":"sap.m.Button","viewName":"etm.portal.ui.manageresources.view.Detail","viewId":"application-manageresources-display-component---detailRU","i18NText":{"propertyName":"tooltip","key":"closeColumn"},"searchOpenDialogs":true,"interaction":{"idSuffix":"inner"}},"wdio_ui5_key":"etmportal.ui.manageresources.view.Detailsap.m.Button{\"propertyName\":\"tooltip\",\"key\":\"closeColumn\"}"}]}
COMMAND: GET /session/b650fd7e5e1a135de288473492e14b1e/screenshot - {}
RESULT: {"script":"<script> [1562 bytes]","args":[{"selector":{"controlType":"sap.m.Button","viewName":"etm.portal.ui.manageresources.view.Detail","viewId":"application-manageresources-display-component---detailRU","i18NText":{"propertyName":"tooltip","key":"closeColumn"},"searchOpenDialogs":true,"interaction":{"idSuffix":"inner"}},"wdio_ui5_key":"etmportal.ui.manageresources.view.Detailsap.m.Button{\"propertyName\":\"tooltip\",\"key\":\"closeColumn\"}"}]}
RESULT: undefined
COMMAND: POST /session/b650fd7e5e1a135de288473492e14b1e/element - {"using":"xpath","value":"//*[@id=\"__button147\"]"}
RESULT: {}
RESULT: {"using":"xpath","value":"//*[@id=\"__button147\"]"}
COMMAND: POST /session/b650fd7e5e1a135de288473492e14b1e/element/f.07281D0795E18F1137881718A79AE278.d.EBB1AFF7D9E3A679DFDC29C71EF78F66.e.14595/click - {}
RESULT: {}
COMMAND: GET /session/b650fd7e5e1a135de288473492e14b1e/screenshot - {}
RESULT: {}
COMMAND: POST /session/b650fd7e5e1a135de288473492e14b1e/refresh - {}
RESULT: {}
COMMAND: GET /session/b650fd7e5e1a135de288473492e14b1e/screenshot - {}
RESULT: {}
RESULT: undefined
COMMAND: POST /session/b650fd7e5e1a135de288473492e14b1e/execute/async - {"script":"<script> [189 bytes]","args":[]}
RESULT: {"script":"<script> [189 bytes]","args":[]}
COMMAND: POST /session/b650fd7e5e1a135de288473492e14b1e/execute/async - {"script":"<script> [123 bytes]","args":[]}
RESULT: {"script":"<script> [123 bytes]","args":[]}
COMMAND: POST /session/b650fd7e5e1a135de288473492e14b1e/timeouts - {"script":"<number>"}
RESULT: {"script":"<number>"}
COMMAND: GET /session/b650fd7e5e1a135de288473492e14b1e/timeouts - {}
RESULT: {}
RESULT: undefined
COMMAND: POST /session/b650fd7e5e1a135de288473492e14b1e/execute/async - {"script":"<script> [2676 bytes]","args":[]}
RESULT: {"script":"<script> [2676 bytes]","args":[]}
COMMAND: POST /session/b650fd7e5e1a135de288473492e14b1e/execute/async - {"script":"<script> [2342 bytes]","args":[{"protocol":"http","hostname":"0.0.0.0","path":"/","capabilities":{"browserName":"chrome","goog:chromeOptions":{"binary":"C:\\Program Files\\Google\\Chrome\\Application\\chrome.exe"}},"logLevel":"warn","connectionRetryTimeout":120000,"connectionRetryCount":3,"logLevels":{},"enableDirectConnect":true,"strictSSL":true,"_":"65 more keys: [\"cacheDir\",\"port\",\"requestedCapabilities\",\"automationProtocol\",\"baseUrl\",\"waitforInterval\",\"waitforTimeout\",\"onReload\",\"beforeCommand\",\"afterCommand\",\"rootDir\",\"specs\",\"suites\",\"exclude\",\"groupLogsByTestSpec\",\"excludeDriverLogs\",\"bail\",\"framework\",\"reporters\",\"services\",\"maxInstances\",\"maxInstancesPerCapability\",\"injectGlobals\",\"filesToWatch\",\"execArgv\",\"runnerEnv\",\"runner\",\"shard\",\"specFileRetries\",\"specFileRetriesDelay\",\"specFileRetriesDeferred\",\"reporterSyncInterval\",\"reporterSyncTimeout\",\"cucumberFeaturesWithLineNumbers\",\"autoCompileOpts\",\"mochaOpts\",\"jasmineOpts\",\"cucumberOpts\",\"onPrepare\",\"onWorkerStart\",\"onWorkerEnd\",\"before\",\"beforeSession\",\"beforeSuite\",\"beforeHook\",\"beforeTest\",\"afterTest\",\"afterHook\",\"afterSuite\",\"afterSession\",\"after\",\"onComplete\",\"beforeAssertion\",\"afterAssertion\",\"beforeFeature\",\"beforeScenario\",\"beforeStep\",\"afterStep\",\"afterScenario\",\"afterFeature\",\"_\",\"suite\",\"$0\",\"ignoredWorkerServices\",\"wdi5\"]"}]}
RESULT: {"script":"<script> [2342 bytes]","args":[{"protocol":"http","hostname":"0.0.0.0","path":"/","capabilities":{"browserName":"chrome","goog:chromeOptions":{"binary":"C:\\Program Files\\Google\\Chrome\\Application\\chrome.exe"}},"logLevel":"warn","connectionRetryTimeout":120000,"connectionRetryCount":3,"logLevels":{},"enableDirectConnect":true,"strictSSL":true,"_":"65 more keys: [\"cacheDir\",\"port\",\"requestedCapabilities\",\"automationProtocol\",\"baseUrl\",\"waitforInterval\",\"waitforTimeout\",\"onReload\",\"beforeCommand\",\"afterCommand\",\"rootDir\",\"specs\",\"suites\",\"exclude\",\"groupLogsByTestSpec\",\"excludeDriverLogs\",\"bail\",\"framework\",\"reporters\",\"services\",\"maxInstances\",\"maxInstancesPerCapability\",\"injectGlobals\",\"filesToWatch\",\"execArgv\",\"runnerEnv\",\"runner\",\"shard\",\"specFileRetries\",\"specFileRetriesDelay\",\"specFileRetriesDeferred\",\"reporterSyncInterval\",\"reporterSyncTimeout\",\"cucumberFeaturesWithLineNumbers\",\"autoCompileOpts\",\"mochaOpts\",\"jasmineOpts\",\"cucumberOpts\",\"onPrepare\",\"onWorkerStart\",\"onWorkerEnd\",\"before\",\"beforeSession\",\"beforeSuite\",\"beforeHook\",\"beforeTest\",\"afterTest\",\"afterHook\",\"afterSuite\",\"afterSession\",\"after\",\"onComplete\",\"beforeAssertion\",\"afterAssertion\",\"beforeFeature\",\"beforeScenario\",\"beforeStep\",\"afterStep\",\"afterScenario\",\"afterFeature\",\"_\",\"suite\",\"$0\",\"ignoredWorkerServices\",\"wdi5\"]"}]}
COMMAND: POST /session/b650fd7e5e1a135de288473492e14b1e/execute/async - {"script":"<script> [21126 bytes]","args":[35000]}
RESULT: {"script":"<script> [21126 bytes]","args":[35000]}
COMMAND: POST /session/b650fd7e5e1a135de288473492e14b1e/element - {"using":"css selector","value":"#shell-header-logo"}
RESULT: {"using":"css selector","value":"#shell-header-logo"}
COMMAND: POST /session/b650fd7e5e1a135de288473492e14b1e/element/f.07281D0795E18F1137881718A79AE278.d.DC48F4912CDECF78C663AAC36486ABBA.e.14698/click - {}
RESULT: {}
COMMAND: GET /session/b650fd7e5e1a135de288473492e14b1e/screenshot - {}
RESULT: {}
]]></system-out>
    </testcase>
    <testcase classname="chrome.135_0_7049_42.windows.Create_masterdata_for_Yard_Overview_-_trigger_provide_US130988" name="It should stock increase the resource" time="73.167">
      <system-out><![CDATA[
COMMAND: POST /session/b650fd7e5e1a135de288473492e14b1e/execute/async - {"script":"<script> [1562 bytes]","args":[{"selector":{"controlType":"sap.m.Text","viewName":"etm.portal.ui.managehandoverstile.view.Master","properties":{"text":"Manage Handovers"},"interaction":{"idSuffix":"inner"}},"wdio_ui5_key":"etmportal.ui.managehandoverstile.view.Mastersap.m.Text{\"text\":\"Manage Handovers\"}"}]}
RESULT: {"script":"<script> [1562 bytes]","args":[{"selector":{"controlType":"sap.m.Text","viewName":"etm.portal.ui.managehandoverstile.view.Master","properties":{"text":"Manage Handovers"},"interaction":{"idSuffix":"inner"}},"wdio_ui5_key":"etmportal.ui.managehandoverstile.view.Mastersap.m.Text{\"text\":\"Manage Handovers\"}"}]}
RESULT: undefined
COMMAND: POST /session/b650fd7e5e1a135de288473492e14b1e/element - {"using":"xpath","value":"//*[@id=\"__tile133-title\"]"}
RESULT: {"using":"xpath","value":"//*[@id=\"__tile133-title\"]"}
COMMAND: POST /session/b650fd7e5e1a135de288473492e14b1e/element/f.07281D0795E18F1137881718A79AE278.d.DC48F4912CDECF78C663AAC36486ABBA.e.14883/click - {}
RESULT: {}
COMMAND: GET /session/b650fd7e5e1a135de288473492e14b1e/screenshot - {}
RESULT: {}
COMMAND: POST /session/b650fd7e5e1a135de288473492e14b1e/element - {"using":"xpath","value":"//button[@data-kt=\"masterHOAddButton\"]"}
RESULT: {"using":"xpath","value":"//button[@data-kt=\"masterHOAddButton\"]"}
COMMAND: POST /session/b650fd7e5e1a135de288473492e14b1e/execute/sync - {"script":"<script> [8489 bytes]","args":[{"element-6066-11e4-a52e-4f735466cecf":"f.07281D0795E18F1137881718A79AE278.d.DC48F4912CDECF78C663AAC36486ABBA.e.14925","ELEMENT":"f.07281D0795E18F1137881718A79AE278.d.DC48F4912CDECF78C663AAC36486ABBA.e.14925"}]}
RESULT: {"script":"<script> [8489 bytes]","args":[{"element-6066-11e4-a52e-4f735466cecf":"f.07281D0795E18F1137881718A79AE278.d.DC48F4912CDECF78C663AAC36486ABBA.e.14925","ELEMENT":"f.07281D0795E18F1137881718A79AE278.d.DC48F4912CDECF78C663AAC36486ABBA.e.14925"}]}
COMMAND: POST /session/b650fd7e5e1a135de288473492e14b1e/element/f.07281D0795E18F1137881718A79AE278.d.DC48F4912CDECF78C663AAC36486ABBA.e.14925/click - {}
COMMAND: GET /session/b650fd7e5e1a135de288473492e14b1e/screenshot - {}
RESULT: {}
COMMAND: GET /session/b650fd7e5e1a135de288473492e14b1e/screenshot - {}
RESULT: {}
COMMAND: POST /session/b650fd7e5e1a135de288473492e14b1e/element - {"using":"xpath","value":"//span[contains(@id ,\"AddNewHO--typeSelect-arrow\")]"}
RESULT: {}
RESULT: {"using":"xpath","value":"//span[contains(@id ,\"AddNewHO--typeSelect-arrow\")]"}
COMMAND: POST /session/b650fd7e5e1a135de288473492e14b1e/element/f.07281D0795E18F1137881718A79AE278.d.DC48F4912CDECF78C663AAC36486ABBA.e.15214/click - {}
RESULT: {}
COMMAND: GET /session/b650fd7e5e1a135de288473492e14b1e/screenshot - {}
RESULT: {}
COMMAND: POST /session/b650fd7e5e1a135de288473492e14b1e/element - {"using":"xpath","value":"(//li[contains(text(), \"stock increase yard\")])[1]"}
RESULT: {"using":"xpath","value":"(//li[contains(text(), \"stock increase yard\")])[1]"}
COMMAND: POST /session/b650fd7e5e1a135de288473492e14b1e/element/f.07281D0795E18F1137881718A79AE278.d.DC48F4912CDECF78C663AAC36486ABBA.e.15215/click - {}
RESULT: {}
COMMAND: GET /session/b650fd7e5e1a135de288473492e14b1e/screenshot - {}
RESULT: {}
COMMAND: POST /session/b650fd7e5e1a135de288473492e14b1e/execute/async - {"script":"<script> [1562 bytes]","args":[{"selector":{"id":"application-managehandovers-display-component---AddNewHO--dueDate","interaction":{"idSuffix":"inner"}},"wdio_ui5_key":"applicationmanagehandovers-display-component---AddNewHO--dueDate"}]}
RESULT: {"script":"<script> [1562 bytes]","args":[{"selector":{"id":"application-managehandovers-display-component---AddNewHO--dueDate","interaction":{"idSuffix":"inner"}},"wdio_ui5_key":"applicationmanagehandovers-display-component---AddNewHO--dueDate"}]}
RESULT: undefined
COMMAND: POST /session/b650fd7e5e1a135de288473492e14b1e/execute/async - {"script":"<script> [6424 bytes]","args":[{"element-6066-11e4-a52e-4f735466cecf":"f.07281D0795E18F1137881718A79AE278.d.DC48F4912CDECF78C663AAC36486ABBA.e.15217"},"setValue",["04/12/2025"]]}
RESULT: {"script":"<script> [6424 bytes]","args":[{"element-6066-11e4-a52e-4f735466cecf":"f.07281D0795E18F1137881718A79AE278.d.DC48F4912CDECF78C663AAC36486ABBA.e.15217"},"setValue",["04/12/2025"]]}
COMMAND: POST /session/b650fd7e5e1a135de288473492e14b1e/element - {"using":"xpath","value":"//input[@id=\"generalSectionFrg--receiveYard-inner\"]"}
RESULT: {"using":"xpath","value":"//input[@id=\"generalSectionFrg--receiveYard-inner\"]"}
COMMAND: POST /session/b650fd7e5e1a135de288473492e14b1e/element/f.07281D0795E18F1137881718A79AE278.d.DC48F4912CDECF78C663AAC36486ABBA.e.15223/clear - {}
RESULT: {}
COMMAND: POST /session/b650fd7e5e1a135de288473492e14b1e/element/f.07281D0795E18F1137881718A79AE278.d.DC48F4912CDECF78C663AAC36486ABBA.e.15223/value - {"text":"WebdriverYardhr70q"}
COMMAND: GET /session/b650fd7e5e1a135de288473492e14b1e/screenshot - {}
RESULT: {"text":"WebdriverYardhr70q"}
COMMAND: GET /session/b650fd7e5e1a135de288473492e14b1e/screenshot - {}
RESULT: {}
RESULT: {}
COMMAND: POST /session/b650fd7e5e1a135de288473492e14b1e/execute/async - {"script":"<script> [1562 bytes]","args":[{"selector":{"id":"application-managehandovers-display-component---AddNewHO--ObjectPageLayout-anchBar-application-managehandovers-display-component---AddNewHO--section4-anchor","interaction":{"idSuffix":"BDI-content"}},"wdio_ui5_key":"applicationmanagehandovers-display-component---AddNewHO--ObjectPageLayout-anchBar-application-managehandovers-display-component---AddNewHO--section4-anchor"}]}
RESULT: {"script":"<script> [1562 bytes]","args":[{"selector":{"id":"application-managehandovers-display-component---AddNewHO--ObjectPageLayout-anchBar-application-managehandovers-display-component---AddNewHO--section4-anchor","interaction":{"idSuffix":"BDI-content"}},"wdio_ui5_key":"applicationmanagehandovers-display-component---AddNewHO--ObjectPageLayout-anchBar-application-managehandovers-display-component---AddNewHO--section4-anchor"}]}
RESULT: undefined
COMMAND: POST /session/b650fd7e5e1a135de288473492e14b1e/element - {"using":"xpath","value":"//*[@id=\"application-managehandovers-display-component---AddNewHO--ObjectPageLayout-anchBar-application-managehandovers-display-component---AddNewHO--section4-anchor\"]"}
RESULT: {"using":"xpath","value":"//*[@id=\"application-managehandovers-display-component---AddNewHO--ObjectPageLayout-anchBar-application-managehandovers-display-component---AddNewHO--section4-anchor\"]"}
COMMAND: POST /session/b650fd7e5e1a135de288473492e14b1e/element/f.07281D0795E18F1137881718A79AE278.d.DC48F4912CDECF78C663AAC36486ABBA.e.15240/click - {}
RESULT: {}
COMMAND: GET /session/b650fd7e5e1a135de288473492e14b1e/screenshot - {}
RESULT: {}
COMMAND: POST /session/b650fd7e5e1a135de288473492e14b1e/element - {"using":"xpath","value":"//button[@aria-label=\"Add\"]"}
RESULT: {"using":"xpath","value":"//button[@aria-label=\"Add\"]"}
COMMAND: POST /session/b650fd7e5e1a135de288473492e14b1e/element/f.07281D0795E18F1137881718A79AE278.d.DC48F4912CDECF78C663AAC36486ABBA.e.15244/click - {}
RESULT: {}
COMMAND: GET /session/b650fd7e5e1a135de288473492e14b1e/screenshot - {}
RESULT: {}
COMMAND: POST /session/b650fd7e5e1a135de288473492e14b1e/execute/async - {"script":"<script> [1562 bytes]","args":[{"selector":{"id":"application-managehandovers-display-component---AddNewHO--smartFilterBar-btnBasicSearch","searchOpenDialogs":true,"interaction":{"idSuffix":"I"}},"wdio_ui5_key":"applicationmanagehandovers-display-component---AddNewHO--smartFilterBar-btnBasicSearch"}]}
RESULT: {"script":"<script> [1562 bytes]","args":[{"selector":{"id":"application-managehandovers-display-component---AddNewHO--smartFilterBar-btnBasicSearch","searchOpenDialogs":true,"interaction":{"idSuffix":"I"}},"wdio_ui5_key":"applicationmanagehandovers-display-component---AddNewHO--smartFilterBar-btnBasicSearch"}]}
RESULT: undefined
COMMAND: POST /session/b650fd7e5e1a135de288473492e14b1e/execute/async - {"script":"<script> [776 bytes]","args":[{"enterText":"WebdriverRUR2C4d9ae","selector":{"id":"application-managehandovers-display-component---AddNewHO--smartFilterBar-btnBasicSearch","searchOpenDialogs":true,"interaction":{"idSuffix":"I"}},"clearTextFirst":true,"interactionType":"ENTER_TEXT"}]}
RESULT: {"script":"<script> [776 bytes]","args":[{"enterText":"WebdriverRUR2C4d9ae","selector":{"id":"application-managehandovers-display-component---AddNewHO--smartFilterBar-btnBasicSearch","searchOpenDialogs":true,"interaction":{"idSuffix":"I"}},"clearTextFirst":true,"interactionType":"ENTER_TEXT"}]}
COMMAND: POST /session/b650fd7e5e1a135de288473492e14b1e/actions - {"actions":[{"id":"action40","type":"key","parameters":{},"actions":[{"type":"keyDown","value":""},{"type":"pause","duration":10},{"type":"keyUp","value":""}]}]}
RESULT: {"actions":[{"id":"action40","type":"key","parameters":{},"actions":[{"type":"keyDown","value":""},{"type":"pause","duration":10},{"type":"keyUp","value":""}]}]}
COMMAND: POST /session/b650fd7e5e1a135de288473492e14b1e/execute/async - {"script":"<script> [1562 bytes]","args":[{"selector":{"id":"application-managehandovers-display-component---AddNewHO--popup-sa","searchOpenDialogs":true,"interaction":{"idSuffix":"CbBg"}},"wdio_ui5_key":"applicationmanagehandovers-display-component---AddNewHO--popup-sa"}]}
COMMAND: GET /session/b650fd7e5e1a135de288473492e14b1e/screenshot - {}
RESULT: {"script":"<script> [1562 bytes]","args":[{"selector":{"id":"application-managehandovers-display-component---AddNewHO--popup-sa","searchOpenDialogs":true,"interaction":{"idSuffix":"CbBg"}},"wdio_ui5_key":"applicationmanagehandovers-display-component---AddNewHO--popup-sa"}]}
RESULT: undefined
COMMAND: POST /session/b650fd7e5e1a135de288473492e14b1e/element - {"using":"xpath","value":"//*[@id=\"application-managehandovers-display-component---AddNewHO--popup-sa\"]"}
RESULT: {}
RESULT: {"using":"xpath","value":"//*[@id=\"application-managehandovers-display-component---AddNewHO--popup-sa\"]"}
COMMAND: POST /session/b650fd7e5e1a135de288473492e14b1e/element/f.07281D0795E18F1137881718A79AE278.d.DC48F4912CDECF78C663AAC36486ABBA.e.15315/click - {}
RESULT: {}
COMMAND: GET /session/b650fd7e5e1a135de288473492e14b1e/screenshot - {}
RESULT: {}
COMMAND: POST /session/b650fd7e5e1a135de288473492e14b1e/element - {"using":"xpath","value":"//bdi[contains(text(), \"Select\")]"}
RESULT: {"using":"xpath","value":"//bdi[contains(text(), \"Select\")]"}
COMMAND: POST /session/b650fd7e5e1a135de288473492e14b1e/element/f.07281D0795E18F1137881718A79AE278.d.DC48F4912CDECF78C663AAC36486ABBA.e.15316/click - {}
RESULT: {}
COMMAND: GET /session/b650fd7e5e1a135de288473492e14b1e/screenshot - {}
RESULT: {}
COMMAND: POST /session/b650fd7e5e1a135de288473492e14b1e/execute/async - {"script":"<script> [1562 bytes]","args":[{"selector":{"controlType":"sap.m.Input","viewName":"etm.portal.ui.managehandovers.view.AddNewHO","viewId":"application-managehandovers-display-component---AddNewHO","bindingPath":{"path":"/items/0","propertyPath":"TYPE","modelName":"hoItemsModel"},"interaction":{"idSuffix":"inner"}},"wdio_ui5_key":"etmportal.ui.managehandovers.view.AddNewHOsap.m.Input{\"path\":\"/items/0\",\"propertyPath\":\"TYPE\",\"modelName\":\"hoItemsModel\"}"}]}
RESULT: {"script":"<script> [1562 bytes]","args":[{"selector":{"controlType":"sap.m.Input","viewName":"etm.portal.ui.managehandovers.view.AddNewHO","viewId":"application-managehandovers-display-component---AddNewHO","bindingPath":{"path":"/items/0","propertyPath":"TYPE","modelName":"hoItemsModel"},"interaction":{"idSuffix":"inner"}},"wdio_ui5_key":"etmportal.ui.managehandovers.view.AddNewHOsap.m.Input{\"path\":\"/items/0\",\"propertyPath\":\"TYPE\",\"modelName\":\"hoItemsModel\"}"}]}
RESULT: undefined
COMMAND: POST /session/b650fd7e5e1a135de288473492e14b1e/execute/async - {"script":"<script> [776 bytes]","args":[{"enterText":"100","selector":{"controlType":"sap.m.Input","viewName":"etm.portal.ui.managehandovers.view.AddNewHO","viewId":"application-managehandovers-display-component---AddNewHO","bindingPath":{"path":"/items/0","propertyPath":"TYPE","modelName":"hoItemsModel"},"interaction":{"idSuffix":"inner"}},"clearTextFirst":true,"interactionType":"ENTER_TEXT"}]}
RESULT: {"script":"<script> [776 bytes]","args":[{"enterText":"100","selector":{"controlType":"sap.m.Input","viewName":"etm.portal.ui.managehandovers.view.AddNewHO","viewId":"application-managehandovers-display-component---AddNewHO","bindingPath":{"path":"/items/0","propertyPath":"TYPE","modelName":"hoItemsModel"},"interaction":{"idSuffix":"inner"}},"clearTextFirst":true,"interactionType":"ENTER_TEXT"}]}
COMMAND: POST /session/b650fd7e5e1a135de288473492e14b1e/element - {"using":"xpath","value":"//button[@data-kt=\"AddNewHOSaveButton\"]"}
RESULT: {"using":"xpath","value":"//button[@data-kt=\"AddNewHOSaveButton\"]"}
COMMAND: POST /session/b650fd7e5e1a135de288473492e14b1e/element/f.07281D0795E18F1137881718A79AE278.d.DC48F4912CDECF78C663AAC36486ABBA.e.15323/click - {}
RESULT: {}
COMMAND: GET /session/b650fd7e5e1a135de288473492e14b1e/screenshot - {}
RESULT: {}
COMMAND: POST /session/b650fd7e5e1a135de288473492e14b1e/execute/async - {"script":"<script> [1562 bytes]","args":[{"selector":{"id":"receiptDatePicker","viewName":"etm.portal.ui.managehandovers.view.DetailExecuteHO","interaction":{"idSuffix":"inner"}},"wdio_ui5_key":"receiptDatePickeretmportal.ui.managehandovers.view.DetailExecuteHO"}]}
RESULT: {"script":"<script> [1562 bytes]","args":[{"selector":{"id":"receiptDatePicker","viewName":"etm.portal.ui.managehandovers.view.DetailExecuteHO","interaction":{"idSuffix":"inner"}},"wdio_ui5_key":"receiptDatePickeretmportal.ui.managehandovers.view.DetailExecuteHO"}]}
RESULT: undefined
COMMAND: POST /session/b650fd7e5e1a135de288473492e14b1e/execute/async - {"script":"<script> [6424 bytes]","args":[{"element-6066-11e4-a52e-4f735466cecf":"f.07281D0795E18F1137881718A79AE278.d.DC48F4912CDECF78C663AAC36486ABBA.e.15351"},"setValue",["04/12/2025"]]}
RESULT: {"script":"<script> [6424 bytes]","args":[{"element-6066-11e4-a52e-4f735466cecf":"f.07281D0795E18F1137881718A79AE278.d.DC48F4912CDECF78C663AAC36486ABBA.e.15351"},"setValue",["04/12/2025"]]}
COMMAND: POST /session/b650fd7e5e1a135de288473492e14b1e/element - {"using":"xpath","value":"//button[@data-kt=\"PickingTableConfirmAllButton\"]"}
RESULT: {"using":"xpath","value":"//button[@data-kt=\"PickingTableConfirmAllButton\"]"}
COMMAND: POST /session/b650fd7e5e1a135de288473492e14b1e/element/f.07281D0795E18F1137881718A79AE278.d.DC48F4912CDECF78C663AAC36486ABBA.e.15366/click - {}
RESULT: {}
COMMAND: GET /session/b650fd7e5e1a135de288473492e14b1e/screenshot - {}
RESULT: {}
COMMAND: POST /session/b650fd7e5e1a135de288473492e14b1e/element - {"using":"xpath","value":"//bdi[contains(text(), \"OK\")]"}
RESULT: {"using":"xpath","value":"//bdi[contains(text(), \"OK\")]"}
COMMAND: POST /session/b650fd7e5e1a135de288473492e14b1e/element/f.07281D0795E18F1137881718A79AE278.d.DC48F4912CDECF78C663AAC36486ABBA.e.15368/click - {}
RESULT: {}
COMMAND: GET /session/b650fd7e5e1a135de288473492e14b1e/screenshot - {}
RESULT: {}
COMMAND: POST /session/b650fd7e5e1a135de288473492e14b1e/element - {"using":"xpath","value":"(//bdi[contains(text(), \"Receive\")])[2]"}
RESULT: {"using":"xpath","value":"(//bdi[contains(text(), \"Receive\")])[2]"}
COMMAND: POST /session/b650fd7e5e1a135de288473492e14b1e/element/f.07281D0795E18F1137881718A79AE278.d.DC48F4912CDECF78C663AAC36486ABBA.e.15370/click - {}
RESULT: {}
COMMAND: GET /session/b650fd7e5e1a135de288473492e14b1e/screenshot - {}
RESULT: {}
COMMAND: POST /session/b650fd7e5e1a135de288473492e14b1e/element - {"using":"css selector","value":"#shell-header-logo"}
RESULT: {"using":"css selector","value":"#shell-header-logo"}
COMMAND: POST /session/b650fd7e5e1a135de288473492e14b1e/element/f.07281D0795E18F1137881718A79AE278.d.DC48F4912CDECF78C663AAC36486ABBA.e.14885/click - {}
RESULT: {}
]]></system-out>
    </testcase>
    <testcase classname="chrome.135_0_7049_42.windows.Create_masterdata_for_Yard_Overview_-_trigger_provide_US130988" name="Should create a new contract" time="58.846">
      <system-out><![CDATA[
COMMAND: POST /session/b650fd7e5e1a135de288473492e14b1e/execute/async - {"script":"<script> [1562 bytes]","args":[{"selector":{"controlType":"sap.m.GenericTile","viewName":"etm.portal.ui.managecontractstile.view.Master","i18NText":{"propertyName":"header","key":"manageContractsTileTitle"}},"wdio_ui5_key":"etmportal.ui.managecontractstile.view.Mastersap.m.GenericTile{\"propertyName\":\"header\",\"key\":\"manageContractsTileTitle\"}"}]}
COMMAND: GET /session/b650fd7e5e1a135de288473492e14b1e/screenshot - {}
RESULT: {}
RESULT: {"script":"<script> [1562 bytes]","args":[{"selector":{"controlType":"sap.m.GenericTile","viewName":"etm.portal.ui.managecontractstile.view.Master","i18NText":{"propertyName":"header","key":"manageContractsTileTitle"}},"wdio_ui5_key":"etmportal.ui.managecontractstile.view.Mastersap.m.GenericTile{\"propertyName\":\"header\",\"key\":\"manageContractsTileTitle\"}"}]}
RESULT: undefined
COMMAND: POST /session/b650fd7e5e1a135de288473492e14b1e/element - {"using":"xpath","value":"//*[@id=\"__tile130\"]"}
RESULT: {"using":"xpath","value":"//*[@id=\"__tile130\"]"}
COMMAND: POST /session/b650fd7e5e1a135de288473492e14b1e/element/f.07281D0795E18F1137881718A79AE278.d.DC48F4912CDECF78C663AAC36486ABBA.e.15520/click - {}
RESULT: {}
COMMAND: GET /session/b650fd7e5e1a135de288473492e14b1e/screenshot - {}
RESULT: {}
RESULT: undefined
COMMAND: POST /session/b650fd7e5e1a135de288473492e14b1e/element - {"using":"xpath","value":"//button[@data-kt=\"addButton\"]"}
RESULT: {"using":"xpath","value":"//button[@data-kt=\"addButton\"]"}
COMMAND: POST /session/b650fd7e5e1a135de288473492e14b1e/element/f.07281D0795E18F1137881718A79AE278.d.DC48F4912CDECF78C663AAC36486ABBA.e.15569/click - {}
RESULT: {}
COMMAND: GET /session/b650fd7e5e1a135de288473492e14b1e/screenshot - {}
RESULT: {}
COMMAND: POST /session/b650fd7e5e1a135de288473492e14b1e/execute/async - {"script":"<script> [1562 bytes]","args":[{"selector":{"id":"application-managecontracts-display-component---AddNewContract--projectDescription","interaction":{"idSuffix":"inner"}},"wdio_ui5_key":"applicationmanagecontracts-display-component---AddNewContract--projectDescription"}]}
RESULT: {"script":"<script> [1562 bytes]","args":[{"selector":{"id":"application-managecontracts-display-component---AddNewContract--projectDescription","interaction":{"idSuffix":"inner"}},"wdio_ui5_key":"applicationmanagecontracts-display-component---AddNewContract--projectDescription"}]}
RESULT: undefined
COMMAND: POST /session/b650fd7e5e1a135de288473492e14b1e/execute/async - {"script":"<script> [776 bytes]","args":[{"enterText":"WdIOOverviewe8jx4","selector":{"id":"application-managecontracts-display-component---AddNewContract--projectDescription","interaction":{"idSuffix":"inner"}},"clearTextFirst":true,"interactionType":"ENTER_TEXT"}]}
RESULT: {"script":"<script> [776 bytes]","args":[{"enterText":"WdIOOverviewe8jx4","selector":{"id":"application-managecontracts-display-component---AddNewContract--projectDescription","interaction":{"idSuffix":"inner"}},"clearTextFirst":true,"interactionType":"ENTER_TEXT"}]}
COMMAND: POST /session/b650fd7e5e1a135de288473492e14b1e/element - {"using":"xpath","value":"//input[@id=\"application-managecontracts-display-component---AddNewContract--yardId-inner\"]"}
RESULT: {"using":"xpath","value":"//input[@id=\"application-managecontracts-display-component---AddNewContract--yardId-inner\"]"}
COMMAND: POST /session/b650fd7e5e1a135de288473492e14b1e/element/f.07281D0795E18F1137881718A79AE278.d.DC48F4912CDECF78C663AAC36486ABBA.e.15855/clear - {}
RESULT: {}
COMMAND: POST /session/b650fd7e5e1a135de288473492e14b1e/element/f.07281D0795E18F1137881718A79AE278.d.DC48F4912CDECF78C663AAC36486ABBA.e.15855/value - {"text":"WebdriverYardhr70q"}
COMMAND: GET /session/b650fd7e5e1a135de288473492e14b1e/screenshot - {}
RESULT: {"text":"WebdriverYardhr70q"}
COMMAND: GET /session/b650fd7e5e1a135de288473492e14b1e/screenshot - {}
RESULT: {}
RESULT: {}
COMMAND: POST /session/b650fd7e5e1a135de288473492e14b1e/actions - {"actions":[{"id":"action41","type":"key","parameters":{},"actions":[{"type":"keyDown","value":""},{"type":"pause","duration":10},{"type":"keyUp","value":""}]}]}
RESULT: {"actions":[{"id":"action41","type":"key","parameters":{},"actions":[{"type":"keyDown","value":""},{"type":"pause","duration":10},{"type":"keyUp","value":""}]}]}
COMMAND: GET /session/b650fd7e5e1a135de288473492e14b1e/screenshot - {}
RESULT: {}
COMMAND: POST /session/b650fd7e5e1a135de288473492e14b1e/element - {"using":"xpath","value":"//input[@id=\"application-managecontracts-display-component---AddNewContract--customerSelect-inner\"]"}
RESULT: {"using":"xpath","value":"//input[@id=\"application-managecontracts-display-component---AddNewContract--customerSelect-inner\"]"}
COMMAND: POST /session/b650fd7e5e1a135de288473492e14b1e/element/f.07281D0795E18F1137881718A79AE278.d.DC48F4912CDECF78C663AAC36486ABBA.e.15853/clear - {}
RESULT: {}
COMMAND: POST /session/b650fd7e5e1a135de288473492e14b1e/element/f.07281D0795E18F1137881718A79AE278.d.DC48F4912CDECF78C663AAC36486ABBA.e.15853/value - {"text":"WebdriverPartnerfinvu"}
COMMAND: GET /session/b650fd7e5e1a135de288473492e14b1e/screenshot - {}
RESULT: {"text":"WebdriverPartnerfinvu"}
COMMAND: GET /session/b650fd7e5e1a135de288473492e14b1e/screenshot - {}
RESULT: {}
RESULT: {}
COMMAND: POST /session/b650fd7e5e1a135de288473492e14b1e/actions - {"actions":[{"id":"action42","type":"key","parameters":{},"actions":[{"type":"keyDown","value":""},{"type":"pause","duration":10},{"type":"keyUp","value":""}]}]}
RESULT: {"actions":[{"id":"action42","type":"key","parameters":{},"actions":[{"type":"keyDown","value":""},{"type":"pause","duration":10},{"type":"keyUp","value":""}]}]}
COMMAND: GET /session/b650fd7e5e1a135de288473492e14b1e/screenshot - {}
RESULT: {}
COMMAND: POST /session/b650fd7e5e1a135de288473492e14b1e/element - {"using":"xpath","value":"//input[@id=\"application-managecontracts-display-component---AddNewContract--site-inner\"]"}
RESULT: {"using":"xpath","value":"//input[@id=\"application-managecontracts-display-component---AddNewContract--site-inner\"]"}
COMMAND: POST /session/b650fd7e5e1a135de288473492e14b1e/element/f.07281D0795E18F1137881718A79AE278.d.DC48F4912CDECF78C663AAC36486ABBA.e.15854/clear - {}
RESULT: {}
COMMAND: POST /session/b650fd7e5e1a135de288473492e14b1e/element/f.07281D0795E18F1137881718A79AE278.d.DC48F4912CDECF78C663AAC36486ABBA.e.15854/value - {"text":"WebdriverSitehx0sl"}
COMMAND: GET /session/b650fd7e5e1a135de288473492e14b1e/screenshot - {}
RESULT: {"text":"WebdriverSitehx0sl"}
COMMAND: GET /session/b650fd7e5e1a135de288473492e14b1e/screenshot - {}
RESULT: {}
RESULT: {}
COMMAND: POST /session/b650fd7e5e1a135de288473492e14b1e/actions - {"actions":[{"id":"action43","type":"key","parameters":{},"actions":[{"type":"keyDown","value":""},{"type":"pause","duration":10},{"type":"keyUp","value":""}]}]}
RESULT: {"actions":[{"id":"action43","type":"key","parameters":{},"actions":[{"type":"keyDown","value":""},{"type":"pause","duration":10},{"type":"keyUp","value":""}]}]}
COMMAND: GET /session/b650fd7e5e1a135de288473492e14b1e/screenshot - {}
RESULT: {}
COMMAND: POST /session/b650fd7e5e1a135de288473492e14b1e/element - {"using":"xpath","value":"//button[@data-kt=\"saveButton\"]"}
RESULT: {"using":"xpath","value":"//button[@data-kt=\"saveButton\"]"}
COMMAND: POST /session/b650fd7e5e1a135de288473492e14b1e/element/f.07281D0795E18F1137881718A79AE278.d.DC48F4912CDECF78C663AAC36486ABBA.e.15875/click - {}
RESULT: {}
COMMAND: GET /session/b650fd7e5e1a135de288473492e14b1e/screenshot - {}
RESULT: {}
COMMAND: POST /session/b650fd7e5e1a135de288473492e14b1e/execute/async - {"script":"<script> [1562 bytes]","args":[{"selector":{"id":"contractDetailTitleNoExpanded","viewName":"etm.portal.ui.managecontracts.view.Detail"},"wdio_ui5_key":"contractDetailTitleNoExpandedetmportal.ui.managecontracts.view.Detail"}]}
RESULT: {"script":"<script> [1562 bytes]","args":[{"selector":{"id":"contractDetailTitleNoExpanded","viewName":"etm.portal.ui.managecontracts.view.Detail"},"wdio_ui5_key":"contractDetailTitleNoExpandedetmportal.ui.managecontracts.view.Detail"}]}
RESULT: undefined
COMMAND: POST /session/b650fd7e5e1a135de288473492e14b1e/execute/async - {"script":"<script> [6424 bytes]","args":[{"element-6066-11e4-a52e-4f735466cecf":"f.07281D0795E18F1137881718A79AE278.d.DC48F4912CDECF78C663AAC36486ABBA.e.15900"},"getText",[]]}
RESULT: {"script":"<script> [6424 bytes]","args":[{"element-6066-11e4-a52e-4f735466cecf":"f.07281D0795E18F1137881718A79AE278.d.DC48F4912CDECF78C663AAC36486ABBA.e.15900"},"getText",[]]}
]]></system-out>
    </testcase>
    <testcase classname="chrome.135_0_7049_42.windows.Create_masterdata_for_Yard_Overview_-_trigger_provide_US130988" name="Should add material to the contract" time="43.796">
      <system-out><![CDATA[
COMMAND: POST /session/b650fd7e5e1a135de288473492e14b1e/element - {"using":"xpath","value":"//button[@data-kt=\"contractDetailEditBtnButton\"]"}
RESULT: {"using":"xpath","value":"//button[@data-kt=\"contractDetailEditBtnButton\"]"}
COMMAND: POST /session/b650fd7e5e1a135de288473492e14b1e/element/f.07281D0795E18F1137881718A79AE278.d.DC48F4912CDECF78C663AAC36486ABBA.e.15901/click - {}
RESULT: {}
COMMAND: GET /session/b650fd7e5e1a135de288473492e14b1e/screenshot - {}
RESULT: {}
COMMAND: POST /session/b650fd7e5e1a135de288473492e14b1e/element - {"using":"xpath","value":"(//span[contains(text(), \"Additional Addresses\")])[2]"}
RESULT: {"using":"xpath","value":"(//span[contains(text(), \"Additional Addresses\")])[2]"}
COMMAND: POST /session/b650fd7e5e1a135de288473492e14b1e/element/f.07281D0795E18F1137881718A79AE278.d.DC48F4912CDECF78C663AAC36486ABBA.e.15958/click - {}
RESULT: {}
COMMAND: GET /session/b650fd7e5e1a135de288473492e14b1e/screenshot - {}
RESULT: {}
COMMAND: POST /session/b650fd7e5e1a135de288473492e14b1e/element - {"using":"xpath","value":"//button[@data-kt=\"btnAddTableRowOverflowToolbarButton\"]"}
RESULT: {"using":"xpath","value":"//button[@data-kt=\"btnAddTableRowOverflowToolbarButton\"]"}
COMMAND: POST /session/b650fd7e5e1a135de288473492e14b1e/element/f.07281D0795E18F1137881718A79AE278.d.DC48F4912CDECF78C663AAC36486ABBA.e.15960/click - {}
RESULT: {}
COMMAND: GET /session/b650fd7e5e1a135de288473492e14b1e/screenshot - {}
RESULT: {}
COMMAND: POST /session/b650fd7e5e1a135de288473492e14b1e/element - {"using":"xpath","value":"//div[(text() = 'Standard Entry' or . = 'Standard Entry')]"}
RESULT: {"using":"xpath","value":"//div[(text() = 'Standard Entry' or . = 'Standard Entry')]"}
COMMAND: POST /session/b650fd7e5e1a135de288473492e14b1e/element/f.07281D0795E18F1137881718A79AE278.d.DC48F4912CDECF78C663AAC36486ABBA.e.15962/click - {}
RESULT: {}
COMMAND: POST /session/b650fd7e5e1a135de288473492e14b1e/element - {"using":"xpath","value":"//td[6]/div/div/input[1]"}
COMMAND: GET /session/b650fd7e5e1a135de288473492e14b1e/screenshot - {}
RESULT: {"using":"xpath","value":"//td[6]/div/div/input[1]"}
COMMAND: POST /session/b650fd7e5e1a135de288473492e14b1e/element/f.07281D0795E18F1137881718A79AE278.d.DC48F4912CDECF78C663AAC36486ABBA.e.15964/click - {}
RESULT: {}
RESULT: {}
COMMAND: POST /session/b650fd7e5e1a135de288473492e14b1e/actions - {"actions":[{"id":"action44","type":"key","parameters":{},"actions":[{"type":"keyDown","value":""},{"type":"pause","duration":10},{"type":"keyUp","value":""}]}]}
COMMAND: GET /session/b650fd7e5e1a135de288473492e14b1e/screenshot - {}
RESULT: {"actions":[{"id":"action44","type":"key","parameters":{},"actions":[{"type":"keyDown","value":""},{"type":"pause","duration":10},{"type":"keyUp","value":""}]}]}
COMMAND: POST /session/b650fd7e5e1a135de288473492e14b1e/element - {"using":"xpath","value":"//td[6]/div/div/input[1]"}
COMMAND: GET /session/b650fd7e5e1a135de288473492e14b1e/screenshot - {}
RESULT: {}
RESULT: {"using":"xpath","value":"//td[6]/div/div/input[1]"}
COMMAND: POST /session/b650fd7e5e1a135de288473492e14b1e/element/f.07281D0795E18F1137881718A79AE278.d.DC48F4912CDECF78C663AAC36486ABBA.e.15964/clear - {}
RESULT: {}
RESULT: {}
COMMAND: POST /session/b650fd7e5e1a135de288473492e14b1e/element/f.07281D0795E18F1137881718A79AE278.d.DC48F4912CDECF78C663AAC36486ABBA.e.15964/value - {"text":"Material"}
COMMAND: GET /session/b650fd7e5e1a135de288473492e14b1e/screenshot - {}
RESULT: {"text":"Material"}
COMMAND: GET /session/b650fd7e5e1a135de288473492e14b1e/screenshot - {}
RESULT: {}
RESULT: {}
COMMAND: POST /session/b650fd7e5e1a135de288473492e14b1e/actions - {"actions":[{"id":"action45","type":"key","parameters":{},"actions":[{"type":"keyDown","value":""},{"type":"pause","duration":10},{"type":"keyUp","value":""}]}]}
RESULT: {"actions":[{"id":"action45","type":"key","parameters":{},"actions":[{"type":"keyDown","value":""},{"type":"pause","duration":10},{"type":"keyUp","value":""}]}]}
COMMAND: GET /session/b650fd7e5e1a135de288473492e14b1e/screenshot - {}
RESULT: {}
COMMAND: POST /session/b650fd7e5e1a135de288473492e14b1e/actions - {"actions":[{"id":"action46","type":"key","parameters":{},"actions":[{"type":"keyDown","value":""},{"type":"pause","duration":10},{"type":"keyUp","value":""}]}]}
RESULT: {"actions":[{"id":"action46","type":"key","parameters":{},"actions":[{"type":"keyDown","value":""},{"type":"pause","duration":10},{"type":"keyUp","value":""}]}]}
COMMAND: POST /session/b650fd7e5e1a135de288473492e14b1e/element - {"using":"xpath","value":"//td[7]/div/div/input"}
COMMAND: GET /session/b650fd7e5e1a135de288473492e14b1e/screenshot - {}
RESULT: {"using":"xpath","value":"//td[7]/div/div/input"}
COMMAND: POST /session/b650fd7e5e1a135de288473492e14b1e/element/f.07281D0795E18F1137881718A79AE278.d.DC48F4912CDECF78C663AAC36486ABBA.e.15977/clear - {}
RESULT: {}
RESULT: {}
COMMAND: POST /session/b650fd7e5e1a135de288473492e14b1e/element/f.07281D0795E18F1137881718A79AE278.d.DC48F4912CDECF78C663AAC36486ABBA.e.15977/value - {"text":"WebdriverRUR2C4d9ae"}
COMMAND: GET /session/b650fd7e5e1a135de288473492e14b1e/screenshot - {}
RESULT: {"text":"WebdriverRUR2C4d9ae"}
COMMAND: GET /session/b650fd7e5e1a135de288473492e14b1e/screenshot - {}
RESULT: {}
RESULT: {}
COMMAND: POST /session/b650fd7e5e1a135de288473492e14b1e/actions - {"actions":[{"id":"action47","type":"key","parameters":{},"actions":[{"type":"keyDown","value":""},{"type":"pause","duration":10},{"type":"keyUp","value":""}]}]}
RESULT: {"actions":[{"id":"action47","type":"key","parameters":{},"actions":[{"type":"keyDown","value":""},{"type":"pause","duration":10},{"type":"keyUp","value":""}]}]}
COMMAND: GET /session/b650fd7e5e1a135de288473492e14b1e/screenshot - {}
RESULT: {}
COMMAND: POST /session/b650fd7e5e1a135de288473492e14b1e/actions - {"actions":[{"id":"action48","type":"key","parameters":{},"actions":[{"type":"keyDown","value":""},{"type":"pause","duration":10},{"type":"keyUp","value":""}]}]}
RESULT: {"actions":[{"id":"action48","type":"key","parameters":{},"actions":[{"type":"keyDown","value":""},{"type":"pause","duration":10},{"type":"keyUp","value":""}]}]}
COMMAND: GET /session/b650fd7e5e1a135de288473492e14b1e/screenshot - {}
RESULT: {}
COMMAND: POST /session/b650fd7e5e1a135de288473492e14b1e/element - {"using":"xpath","value":"(//button[@data-kt=\"saveButton\"])[2]"}
RESULT: {"using":"xpath","value":"(//button[@data-kt=\"saveButton\"])[2]"}
COMMAND: POST /session/b650fd7e5e1a135de288473492e14b1e/element/f.07281D0795E18F1137881718A79AE278.d.DC48F4912CDECF78C663AAC36486ABBA.e.16003/click - {}
RESULT: {}
COMMAND: GET /session/b650fd7e5e1a135de288473492e14b1e/screenshot - {}
RESULT: {}
]]></system-out>
    </testcase>
    <testcase classname="chrome.135_0_7049_42.windows.Create_masterdata_for_Yard_Overview_-_trigger_provide_US130988" name="Navigate to Yard overview and provide the RU" time="108.774">
      <system-out><![CDATA[
COMMAND: POST /session/b650fd7e5e1a135de288473492e14b1e/element - {"using":"css selector","value":"#shell-header-logo"}
RESULT: {"using":"css selector","value":"#shell-header-logo"}
COMMAND: POST /session/b650fd7e5e1a135de288473492e14b1e/element/f.07281D0795E18F1137881718A79AE278.d.DC48F4912CDECF78C663AAC36486ABBA.e.15522/click - {}
RESULT: {}
COMMAND: GET /session/b650fd7e5e1a135de288473492e14b1e/screenshot - {}
RESULT: {}
COMMAND: POST /session/b650fd7e5e1a135de288473492e14b1e/execute/async - {"script":"<script> [1562 bytes]","args":[{"selector":{"controlType":"sap.m.GenericTile","properties":{"header":"Yard Overview"}},"wdio_ui5_key":"sapm.GenericTile{\"header\":\"Yard Overview\"}"}]}
RESULT: {"script":"<script> [1562 bytes]","args":[{"selector":{"controlType":"sap.m.GenericTile","properties":{"header":"Yard Overview"}},"wdio_ui5_key":"sapm.GenericTile{\"header\":\"Yard Overview\"}"}]}
RESULT: undefined
COMMAND: POST /session/b650fd7e5e1a135de288473492e14b1e/element - {"using":"xpath","value":"//*[@id=\"__tile102\"]"}
RESULT: {"using":"xpath","value":"//*[@id=\"__tile102\"]"}
COMMAND: POST /session/b650fd7e5e1a135de288473492e14b1e/element/f.07281D0795E18F1137881718A79AE278.d.DC48F4912CDECF78C663AAC36486ABBA.e.16007/click - {}
RESULT: {}
COMMAND: GET /session/b650fd7e5e1a135de288473492e14b1e/screenshot - {}
RESULT: {}
COMMAND: POST /session/b650fd7e5e1a135de288473492e14b1e/execute/async - {"script":"<script> [1562 bytes]","args":[{"selector":{"id":"application-yardoverview-display-component---masterYardInventory--smartFilterBar-btnBasicSearch","interaction":{"idSuffix":"I"}},"wdio_ui5_key":"applicationyardoverview-display-component---masterYardInventory--smartFilterBar-btnBasicSearch"}]}
RESULT: {"script":"<script> [1562 bytes]","args":[{"selector":{"id":"application-yardoverview-display-component---masterYardInventory--smartFilterBar-btnBasicSearch","interaction":{"idSuffix":"I"}},"wdio_ui5_key":"applicationyardoverview-display-component---masterYardInventory--smartFilterBar-btnBasicSearch"}]}
RESULT: undefined
COMMAND: POST /session/b650fd7e5e1a135de288473492e14b1e/execute/async - {"script":"<script> [776 bytes]","args":[{"enterText":"WebdriverYardhr70q","selector":{"id":"application-yardoverview-display-component---masterYardInventory--smartFilterBar-btnBasicSearch","interaction":{"idSuffix":"I"}},"clearTextFirst":true,"interactionType":"ENTER_TEXT"}]}
RESULT: {"script":"<script> [776 bytes]","args":[{"enterText":"WebdriverYardhr70q","selector":{"id":"application-yardoverview-display-component---masterYardInventory--smartFilterBar-btnBasicSearch","interaction":{"idSuffix":"I"}},"clearTextFirst":true,"interactionType":"ENTER_TEXT"}]}
COMMAND: POST /session/b650fd7e5e1a135de288473492e14b1e/actions - {"actions":[{"id":"action49","type":"key","parameters":{},"actions":[{"type":"keyDown","value":""},{"type":"pause","duration":10},{"type":"keyUp","value":""}]}]}
RESULT: {"actions":[{"id":"action49","type":"key","parameters":{},"actions":[{"type":"keyDown","value":""},{"type":"pause","duration":10},{"type":"keyUp","value":""}]}]}
COMMAND: GET /session/b650fd7e5e1a135de288473492e14b1e/screenshot - {}
RESULT: {}
COMMAND: POST /session/b650fd7e5e1a135de288473492e14b1e/execute/async - {"script":"<script> [1562 bytes]","args":[{"selector":{"controlType":"sap.m.ColumnListItem","viewName":"etm.portal.ui.yardoverview.view.Master","viewId":"application-yardoverview-display-component---masterYardInventory","properties":{"type":"Navigation"},"interaction":{"idSuffix":"TypeCell"}},"wdio_ui5_key":"etmportal.ui.yardoverview.view.Mastersap.m.ColumnListItem{\"type\":\"Navigation\"}"}]}
RESULT: {"script":"<script> [1562 bytes]","args":[{"selector":{"controlType":"sap.m.ColumnListItem","viewName":"etm.portal.ui.yardoverview.view.Master","viewId":"application-yardoverview-display-component---masterYardInventory","properties":{"type":"Navigation"},"interaction":{"idSuffix":"TypeCell"}},"wdio_ui5_key":"etmportal.ui.yardoverview.view.Mastersap.m.ColumnListItem{\"type\":\"Navigation\"}"}]}
RESULT: undefined
COMMAND: POST /session/b650fd7e5e1a135de288473492e14b1e/element - {"using":"xpath","value":"//*[@id=\"__item717-__clone1882\"]"}
RESULT: {"using":"xpath","value":"//*[@id=\"__item717-__clone1882\"]"}
COMMAND: POST /session/b650fd7e5e1a135de288473492e14b1e/element/f.07281D0795E18F1137881718A79AE278.d.DC48F4912CDECF78C663AAC36486ABBA.e.16085/click - {}
RESULT: {}
COMMAND: GET /session/b650fd7e5e1a135de288473492e14b1e/screenshot - {}
RESULT: {}
COMMAND: POST /session/b650fd7e5e1a135de288473492e14b1e/execute/async - {"script":"<script> [1562 bytes]","args":[{"selector":{"id":"application-yardoverview-display-component---detailYardInventory--openProvides-triggerAction-provideBtn","interaction":{"idSuffix":"BDI-content"}},"wdio_ui5_key":"applicationyardoverview-display-component---detailYardInventory--openProvides-triggerAction-provideBtn"}]}
RESULT: {"script":"<script> [1562 bytes]","args":[{"selector":{"id":"application-yardoverview-display-component---detailYardInventory--openProvides-triggerAction-provideBtn","interaction":{"idSuffix":"BDI-content"}},"wdio_ui5_key":"applicationyardoverview-display-component---detailYardInventory--openProvides-triggerAction-provideBtn"}]}
RESULT: undefined
COMMAND: POST /session/b650fd7e5e1a135de288473492e14b1e/element - {"using":"xpath","value":"//*[@id=\"application-yardoverview-display-component---detailYardInventory--openProvides-triggerAction-provideBtn\"]"}
RESULT: {"using":"xpath","value":"//*[@id=\"application-yardoverview-display-component---detailYardInventory--openProvides-triggerAction-provideBtn\"]"}
COMMAND: POST /session/b650fd7e5e1a135de288473492e14b1e/element/f.07281D0795E18F1137881718A79AE278.d.DC48F4912CDECF78C663AAC36486ABBA.e.16115/click - {}
RESULT: {}
COMMAND: POST /session/b650fd7e5e1a135de288473492e14b1e/execute/async - {"script":"<script> [1562 bytes]","args":[{"selector":{"controlType":"sap.m.CheckBox","viewName":"etm.portal.ui.yardoverview.view.Detail","viewId":"application-yardoverview-display-component---detailYardInventory","properties":{"editable":true},"ancestor":{"controlType":"sap.m.ColumnListItem","viewName":"etm.portal.ui.yardoverview.view.Detail","viewId":"application-yardoverview-display-component---detailYardInventory","bindingPath":{"path":"/SmartOpenRUYardInventory(CONTRACT='10140',ITEM=10m,SUB_ITEM=0m)"},"ancestor":{"id":"application-yardoverview-display-component---detailYardInventory--customProvidesTable"}},"interaction":{"idSuffix":"CbBg"}},"wdio_ui5_key":"etmportal.ui.yardoverview.view.Detailsap.m.CheckBox{\"editable\":true}{\"controlType\":\"sap.m.ColumnListItem\",\"viewName\":\"etm.portal.ui.yardoverview.view.Detail\",\"viewId\":\"application-yardoverview-display-component---detailYardInventory\",\"bindingPath\":{\"path\":\"/SmartOpenRUYardInventory(CONTRACT='10140',ITEM=10m,SUB_ITEM=0m)\"},\"ancestor\":{\"id\":\"application-yardoverview-display-component---detailYardInventory--customProvidesTable\"}}"}]}
COMMAND: GET /session/b650fd7e5e1a135de288473492e14b1e/screenshot - {}
RESULT: {"script":"<script> [1562 bytes]","args":[{"selector":{"controlType":"sap.m.CheckBox","viewName":"etm.portal.ui.yardoverview.view.Detail","viewId":"application-yardoverview-display-component---detailYardInventory","properties":{"editable":true},"ancestor":{"controlType":"sap.m.ColumnListItem","viewName":"etm.portal.ui.yardoverview.view.Detail","viewId":"application-yardoverview-display-component---detailYardInventory","bindingPath":{"path":"/SmartOpenRUYardInventory(CONTRACT='10140',ITEM=10m,SUB_ITEM=0m)"},"ancestor":{"id":"application-yardoverview-display-component---detailYardInventory--customProvidesTable"}},"interaction":{"idSuffix":"CbBg"}},"wdio_ui5_key":"etmportal.ui.yardoverview.view.Detailsap.m.CheckBox{\"editable\":true}{\"controlType\":\"sap.m.ColumnListItem\",\"viewName\":\"etm.portal.ui.yardoverview.view.Detail\",\"viewId\":\"application-yardoverview-display-component---detailYardInventory\",\"bindingPath\":{\"path\":\"/SmartOpenRUYardInventory(CONTRACT='10140',ITEM=10m,SUB_ITEM=0m)\"},\"ancestor\":{\"id\":\"application-yardoverview-display-component---detailYardInventory--customProvidesTable\"}}"}]}
RESULT: undefined
COMMAND: POST /session/b650fd7e5e1a135de288473492e14b1e/element - {"using":"xpath","value":"//*[@id=\"__item747-__clone1982-selectMulti\"]"}
RESULT: {}
RESULT: {"using":"xpath","value":"//*[@id=\"__item747-__clone1982-selectMulti\"]"}
COMMAND: POST /session/b650fd7e5e1a135de288473492e14b1e/element/f.07281D0795E18F1137881718A79AE278.d.DC48F4912CDECF78C663AAC36486ABBA.e.16200/click - {}
RESULT: {}
COMMAND: GET /session/b650fd7e5e1a135de288473492e14b1e/screenshot - {}
RESULT: {}
RESULT: undefined
COMMAND: POST /session/b650fd7e5e1a135de288473492e14b1e/element - {"using":"xpath","value":"//*[@id=\"application-yardoverview-display-component---detailYardInventory--openProvides-triggerAction-provideBtn\"]"}
RESULT: {"using":"xpath","value":"//*[@id=\"application-yardoverview-display-component---detailYardInventory--openProvides-triggerAction-provideBtn\"]"}
COMMAND: POST /session/b650fd7e5e1a135de288473492e14b1e/element/f.07281D0795E18F1137881718A79AE278.d.DC48F4912CDECF78C663AAC36486ABBA.e.16115/click - {}
RESULT: {}
COMMAND: GET /session/b650fd7e5e1a135de288473492e14b1e/screenshot - {}
RESULT: {}
COMMAND: POST /session/b650fd7e5e1a135de288473492e14b1e/actions - {"actions":[{"id":"action50","type":"key","parameters":{},"actions":[{"type":"keyDown","value":""},{"type":"pause","duration":10},{"type":"keyUp","value":""}]}]}
RESULT: {"actions":[{"id":"action50","type":"key","parameters":{},"actions":[{"type":"keyDown","value":""},{"type":"pause","duration":10},{"type":"keyUp","value":""}]}]}
COMMAND: GET /session/b650fd7e5e1a135de288473492e14b1e/screenshot - {}
RESULT: {}
COMMAND: POST /session/b650fd7e5e1a135de288473492e14b1e/execute/async - {"script":"<script> [1562 bytes]","args":[{"selector":{"id":"application-yardoverview-display-component---detailYardInventory--smartTableProvides-btnPersonalisation-img"},"wdio_ui5_key":"applicationyardoverview-display-component---detailYardInventory--smartTableProvides-btnPersonalisation-img"}]}
RESULT: {"script":"<script> [1562 bytes]","args":[{"selector":{"id":"application-yardoverview-display-component---detailYardInventory--smartTableProvides-btnPersonalisation-img"},"wdio_ui5_key":"applicationyardoverview-display-component---detailYardInventory--smartTableProvides-btnPersonalisation-img"}]}
RESULT: undefined
COMMAND: POST /session/b650fd7e5e1a135de288473492e14b1e/element - {"using":"xpath","value":"//*[@id=\"application-yardoverview-display-component---detailYardInventory--smartTableProvides-btnPersonalisation-img\"]"}
RESULT: {"using":"xpath","value":"//*[@id=\"application-yardoverview-display-component---detailYardInventory--smartTableProvides-btnPersonalisation-img\"]"}
COMMAND: POST /session/b650fd7e5e1a135de288473492e14b1e/element/f.07281D0795E18F1137881718A79AE278.d.DC48F4912CDECF78C663AAC36486ABBA.e.16127/click - {}
RESULT: {}
COMMAND: POST /session/b650fd7e5e1a135de288473492e14b1e/element - {"using":"xpath","value":"//input[contains(@id ,\"searchField-I\")]"}
COMMAND: GET /session/b650fd7e5e1a135de288473492e14b1e/screenshot - {}
RESULT: {"using":"xpath","value":"//input[contains(@id ,\"searchField-I\")]"}
COMMAND: POST /session/b650fd7e5e1a135de288473492e14b1e/element/f.07281D0795E18F1137881718A79AE278.d.DC48F4912CDECF78C663AAC36486ABBA.e.16218/clear - {}
RESULT: {}
RESULT: {}
COMMAND: POST /session/b650fd7e5e1a135de288473492e14b1e/element/f.07281D0795E18F1137881718A79AE278.d.DC48F4912CDECF78C663AAC36486ABBA.e.16218/value - {"text":"Handover Provided"}
COMMAND: GET /session/b650fd7e5e1a135de288473492e14b1e/screenshot - {}
RESULT: {"text":"Handover Provided"}
COMMAND: GET /session/b650fd7e5e1a135de288473492e14b1e/screenshot - {}
RESULT: {}
RESULT: {}
COMMAND: POST /session/b650fd7e5e1a135de288473492e14b1e/element - {"using":"xpath","value":"//div[contains(@id ,\"innerSelectionPanelTable-sa-CbBg\")]"}
RESULT: {"using":"xpath","value":"//div[contains(@id ,\"innerSelectionPanelTable-sa-CbBg\")]"}
COMMAND: POST /session/b650fd7e5e1a135de288473492e14b1e/element/f.07281D0795E18F1137881718A79AE278.d.DC48F4912CDECF78C663AAC36486ABBA.e.16254/click - {}
RESULT: {}
COMMAND: POST /session/b650fd7e5e1a135de288473492e14b1e/execute/async - {"script":"<script> [1562 bytes]","args":[{"selector":{"controlType":"sap.m.Button","viewName":"etm.portal.ui.yardoverview.view.Detail","viewId":"application-yardoverview-display-component---detailYardInventory","properties":{"text":"OK"},"searchOpenDialogs":true,"interaction":{"idSuffix":"BDI-content"}},"wdio_ui5_key":"etmportal.ui.yardoverview.view.Detailsap.m.Button{\"text\":\"OK\"}"}]}
COMMAND: GET /session/b650fd7e5e1a135de288473492e14b1e/screenshot - {}
RESULT: {"script":"<script> [1562 bytes]","args":[{"selector":{"controlType":"sap.m.Button","viewName":"etm.portal.ui.yardoverview.view.Detail","viewId":"application-yardoverview-display-component---detailYardInventory","properties":{"text":"OK"},"searchOpenDialogs":true,"interaction":{"idSuffix":"BDI-content"}},"wdio_ui5_key":"etmportal.ui.yardoverview.view.Detailsap.m.Button{\"text\":\"OK\"}"}]}
RESULT: undefined
COMMAND: POST /session/b650fd7e5e1a135de288473492e14b1e/element - {"using":"xpath","value":"//*[@id=\"__popup248-confirmBtn\"]"}
RESULT: {}
RESULT: {"using":"xpath","value":"//*[@id=\"__popup248-confirmBtn\"]"}
COMMAND: POST /session/b650fd7e5e1a135de288473492e14b1e/element/f.07281D0795E18F1137881718A79AE278.d.DC48F4912CDECF78C663AAC36486ABBA.e.16256/click - {}
RESULT: {}
COMMAND: POST /session/b650fd7e5e1a135de288473492e14b1e/element - {"using":"xpath","value":"//a[contains(@data-kt ,\"OpenProvidesHandOverItemLink\")]"}
COMMAND: GET /session/b650fd7e5e1a135de288473492e14b1e/screenshot - {}
RESULT: {"using":"xpath","value":"//a[contains(@data-kt ,\"OpenProvidesHandOverItemLink\")]"}
COMMAND: POST /session/b650fd7e5e1a135de288473492e14b1e/elements - {"using":"xpath","value":"//a[contains(@data-kt ,\"OpenProvidesHandOverItemLink\")]"}
RESULT: {}
RESULT: {"using":"xpath","value":"//a[contains(@data-kt ,\"OpenProvidesHandOverItemLink\")]"}
COMMAND: POST /session/b650fd7e5e1a135de288473492e14b1e/element - {"using":"xpath","value":"//a[contains(@data-kt ,\"OpenProvidesHandOverItemLink\")]"}
RESULT: {"using":"xpath","value":"//a[contains(@data-kt ,\"OpenProvidesHandOverItemLink\")]"}
COMMAND: POST /session/b650fd7e5e1a135de288473492e14b1e/element/f.07281D0795E18F1137881718A79AE278.d.DC48F4912CDECF78C663AAC36486ABBA.e.16261/click - {}
RESULT: {}
COMMAND: GET /session/b650fd7e5e1a135de288473492e14b1e/screenshot - {}
RESULT: {}
COMMAND: POST /session/b650fd7e5e1a135de288473492e14b1e/actions - {"actions":[{"id":"action51","type":"key","parameters":{},"actions":[{"type":"keyDown","value":""},{"type":"pause","duration":10},{"type":"keyUp","value":""}]}]}
RESULT: {"actions":[{"id":"action51","type":"key","parameters":{},"actions":[{"type":"keyDown","value":""},{"type":"pause","duration":10},{"type":"keyUp","value":""}]}]}
COMMAND: GET /session/b650fd7e5e1a135de288473492e14b1e/screenshot - {}
RESULT: {}
COMMAND: POST /session/b650fd7e5e1a135de288473492e14b1e/execute/async - {"script":"<script> [1562 bytes]","args":[{"selector":{"controlType":"sap.m.Button","viewName":"etm.portal.ui.managehandovers.view.DetailExecuteHO","i18NText":{"propertyName":"text","key":"confirmAll"},"interaction":{"idSuffix":"BDI-content"}},"wdio_ui5_key":"etmportal.ui.managehandovers.view.DetailExecuteHOsap.m.Button{\"propertyName\":\"text\",\"key\":\"confirmAll\"}"}]}
RESULT: {"script":"<script> [1562 bytes]","args":[{"selector":{"controlType":"sap.m.Button","viewName":"etm.portal.ui.managehandovers.view.DetailExecuteHO","i18NText":{"propertyName":"text","key":"confirmAll"},"interaction":{"idSuffix":"BDI-content"}},"wdio_ui5_key":"etmportal.ui.managehandovers.view.DetailExecuteHOsap.m.Button{\"propertyName\":\"text\",\"key\":\"confirmAll\"}"}]}
RESULT: undefined
COMMAND: POST /session/b650fd7e5e1a135de288473492e14b1e/element - {"using":"xpath","value":"//*[@id=\"__button150\"]"}
RESULT: {"using":"xpath","value":"//*[@id=\"__button150\"]"}
COMMAND: POST /session/b650fd7e5e1a135de288473492e14b1e/element/f.07281D0795E18F1137881718A79AE278.d.DC48F4912CDECF78C663AAC36486ABBA.e.16418/click - {}
RESULT: {}
COMMAND: GET /session/b650fd7e5e1a135de288473492e14b1e/screenshot - {}
RESULT: {}
COMMAND: POST /session/b650fd7e5e1a135de288473492e14b1e/execute/async - {"script":"<script> [1562 bytes]","args":[{"selector":{"controlType":"sap.m.Button","properties":{"text":"OK"},"searchOpenDialogs":true,"interaction":{"idSuffix":"BDI-content"}},"wdio_ui5_key":"sapm.Button{\"text\":\"OK\"}"}]}
RESULT: {"script":"<script> [1562 bytes]","args":[{"selector":{"controlType":"sap.m.Button","properties":{"text":"OK"},"searchOpenDialogs":true,"interaction":{"idSuffix":"BDI-content"}},"wdio_ui5_key":"sapm.Button{\"text\":\"OK\"}"}]}
RESULT: undefined
COMMAND: POST /session/b650fd7e5e1a135de288473492e14b1e/element - {"using":"xpath","value":"//*[@id=\"__mbox-btn-4\"]"}
RESULT: {"using":"xpath","value":"//*[@id=\"__mbox-btn-4\"]"}
COMMAND: POST /session/b650fd7e5e1a135de288473492e14b1e/element/f.07281D0795E18F1137881718A79AE278.d.DC48F4912CDECF78C663AAC36486ABBA.e.16420/click - {}
RESULT: {}
COMMAND: GET /session/b650fd7e5e1a135de288473492e14b1e/screenshot - {}
RESULT: {}
COMMAND: POST /session/b650fd7e5e1a135de288473492e14b1e/execute/async - {"script":"<script> [1562 bytes]","args":[{"selector":{"controlType":"sap.m.Button","viewName":"etm.portal.ui.managehandovers.view.DetailExecuteHO","i18NText":{"propertyName":"text","key":"issue"},"ancestor":{"controlType":"sap.uxap.ObjectPageDynamicHeaderTitle","viewName":"etm.portal.ui.managehandovers.view.DetailExecuteHO","bindingPath":{"path":"","propertyPath":"/layout","modelName":"frontEndModel"}},"interaction":{"idSuffix":"BDI-content"}},"wdio_ui5_key":"etmportal.ui.managehandovers.view.DetailExecuteHOsap.m.Button{\"propertyName\":\"text\",\"key\":\"issue\"}{\"controlType\":\"sap.uxap.ObjectPageDynamicHeaderTitle\",\"viewName\":\"etm.portal.ui.managehandovers.view.DetailExecuteHO\",\"bindingPath\":{\"path\":\"\",\"propertyPath\":\"/layout\",\"modelName\":\"frontEndModel\"}}"}]}
RESULT: {"script":"<script> [1562 bytes]","args":[{"selector":{"controlType":"sap.m.Button","viewName":"etm.portal.ui.managehandovers.view.DetailExecuteHO","i18NText":{"propertyName":"text","key":"issue"},"ancestor":{"controlType":"sap.uxap.ObjectPageDynamicHeaderTitle","viewName":"etm.portal.ui.managehandovers.view.DetailExecuteHO","bindingPath":{"path":"","propertyPath":"/layout","modelName":"frontEndModel"}},"interaction":{"idSuffix":"BDI-content"}},"wdio_ui5_key":"etmportal.ui.managehandovers.view.DetailExecuteHOsap.m.Button{\"propertyName\":\"text\",\"key\":\"issue\"}{\"controlType\":\"sap.uxap.ObjectPageDynamicHeaderTitle\",\"viewName\":\"etm.portal.ui.managehandovers.view.DetailExecuteHO\",\"bindingPath\":{\"path\":\"\",\"propertyPath\":\"/layout\",\"modelName\":\"frontEndModel\"}}"}]}
RESULT: undefined
COMMAND: POST /session/b650fd7e5e1a135de288473492e14b1e/element - {"using":"xpath","value":"//*[@id=\"__button125\"]"}
RESULT: {"using":"xpath","value":"//*[@id=\"__button125\"]"}
COMMAND: POST /session/b650fd7e5e1a135de288473492e14b1e/element/f.07281D0795E18F1137881718A79AE278.d.DC48F4912CDECF78C663AAC36486ABBA.e.16424/click - {}
RESULT: {}
COMMAND: GET /session/b650fd7e5e1a135de288473492e14b1e/screenshot - {}
RESULT: {}
COMMAND: POST /session/b650fd7e5e1a135de288473492e14b1e/element - {"using":"css selector","value":"#shell-header-logo"}
RESULT: {"using":"css selector","value":"#shell-header-logo"}
COMMAND: POST /session/b650fd7e5e1a135de288473492e14b1e/element/f.07281D0795E18F1137881718A79AE278.d.DC48F4912CDECF78C663AAC36486ABBA.e.16009/click - {}
RESULT: {}
COMMAND: GET /session/b650fd7e5e1a135de288473492e14b1e/screenshot - {}
RESULT: {}
COMMAND: POST /session/b650fd7e5e1a135de288473492e14b1e/execute/async - {"script":"<script> [1562 bytes]","args":[{"selector":{"controlType":"sap.m.GenericTile","properties":{"header":"Manage Contracts"}},"wdio_ui5_key":"sapm.GenericTile{\"header\":\"Manage Contracts\"}"}]}
RESULT: {"script":"<script> [1562 bytes]","args":[{"selector":{"controlType":"sap.m.GenericTile","properties":{"header":"Manage Contracts"}},"wdio_ui5_key":"sapm.GenericTile{\"header\":\"Manage Contracts\"}"}]}
RESULT: undefined
COMMAND: POST /session/b650fd7e5e1a135de288473492e14b1e/element - {"using":"xpath","value":"//*[@id=\"__tile130\"]"}
RESULT: {"using":"xpath","value":"//*[@id=\"__tile130\"]"}
COMMAND: POST /session/b650fd7e5e1a135de288473492e14b1e/element/f.07281D0795E18F1137881718A79AE278.d.DC48F4912CDECF78C663AAC36486ABBA.e.15520/click - {}
RESULT: {}
COMMAND: GET /session/b650fd7e5e1a135de288473492e14b1e/screenshot - {}
RESULT: {}
RESULT: undefined
RESULT: undefined
COMMAND: POST /session/b650fd7e5e1a135de288473492e14b1e/execute/async - {"script":"<script> [1562 bytes]","args":[{"selector":{"controlType":"sap.m.SearchField","viewName":"etm.portal.ui.managecontracts.view.Master","bindingPath":{"path":"","propertyPath":"/_BASIC_SEARCH_FIELD","modelName":"fi1t3rM0d31"},"interaction":{"idSuffix":"I"}},"wdio_ui5_key":"etmportal.ui.managecontracts.view.Mastersap.m.SearchField{\"path\":\"\",\"propertyPath\":\"/_BASIC_SEARCH_FIELD\",\"modelName\":\"fi1t3rM0d31\"}"}]}
RESULT: {"script":"<script> [1562 bytes]","args":[{"selector":{"controlType":"sap.m.SearchField","viewName":"etm.portal.ui.managecontracts.view.Master","bindingPath":{"path":"","propertyPath":"/_BASIC_SEARCH_FIELD","modelName":"fi1t3rM0d31"},"interaction":{"idSuffix":"I"}},"wdio_ui5_key":"etmportal.ui.managecontracts.view.Mastersap.m.SearchField{\"path\":\"\",\"propertyPath\":\"/_BASIC_SEARCH_FIELD\",\"modelName\":\"fi1t3rM0d31\"}"}]}
RESULT: undefined
COMMAND: POST /session/b650fd7e5e1a135de288473492e14b1e/execute/async - {"script":"<script> [776 bytes]","args":[{"enterText":"10140","selector":{"controlType":"sap.m.SearchField","viewName":"etm.portal.ui.managecontracts.view.Master","bindingPath":{"path":"","propertyPath":"/_BASIC_SEARCH_FIELD","modelName":"fi1t3rM0d31"},"interaction":{"idSuffix":"I"}},"clearTextFirst":true,"interactionType":"ENTER_TEXT"}]}
RESULT: {"script":"<script> [776 bytes]","args":[{"enterText":"10140","selector":{"controlType":"sap.m.SearchField","viewName":"etm.portal.ui.managecontracts.view.Master","bindingPath":{"path":"","propertyPath":"/_BASIC_SEARCH_FIELD","modelName":"fi1t3rM0d31"},"interaction":{"idSuffix":"I"}},"clearTextFirst":true,"interactionType":"ENTER_TEXT"}]}
COMMAND: POST /session/b650fd7e5e1a135de288473492e14b1e/actions - {"actions":[{"id":"action52","type":"key","parameters":{},"actions":[{"type":"keyDown","value":""},{"type":"pause","duration":10},{"type":"keyUp","value":""}]}]}
RESULT: {"actions":[{"id":"action52","type":"key","parameters":{},"actions":[{"type":"keyDown","value":""},{"type":"pause","duration":10},{"type":"keyUp","value":""}]}]}
COMMAND: GET /session/b650fd7e5e1a135de288473492e14b1e/screenshot - {}
RESULT: {}
COMMAND: POST /session/b650fd7e5e1a135de288473492e14b1e/execute/async - {"script":"<script> [1562 bytes]","args":[{"selector":{"controlType":"sap.ui.core.Icon","viewName":"etm.portal.ui.managecontracts.view.Master","properties":{"src":{"regex":{"source":"slim\\-arrow\\-right"}}}},"wdio_ui5_key":"etmportal.ui.managecontracts.view.Mastersap.ui.core.Icon{\"src\":{\"regex\":{\"source\":\"slim\\\\-arrow\\\\-right\"}}}"}]}
RESULT: {"script":"<script> [1562 bytes]","args":[{"selector":{"controlType":"sap.ui.core.Icon","viewName":"etm.portal.ui.managecontracts.view.Master","properties":{"src":{"regex":{"source":"slim\\-arrow\\-right"}}}},"wdio_ui5_key":"etmportal.ui.managecontracts.view.Mastersap.ui.core.Icon{\"src\":{\"regex\":{\"source\":\"slim\\\\-arrow\\\\-right\"}}}"}]}
RESULT: undefined
COMMAND: POST /session/b650fd7e5e1a135de288473492e14b1e/element - {"using":"xpath","value":"//*[@id=\"__item887-__clone2160-imgNav\"]"}
RESULT: {"using":"xpath","value":"//*[@id=\"__item887-__clone2160-imgNav\"]"}
COMMAND: POST /session/b650fd7e5e1a135de288473492e14b1e/element/f.07281D0795E18F1137881718A79AE278.d.DC48F4912CDECF78C663AAC36486ABBA.e.16687/click - {}
RESULT: {}
COMMAND: GET /session/b650fd7e5e1a135de288473492e14b1e/screenshot - {}
RESULT: {}
COMMAND: POST /session/b650fd7e5e1a135de288473492e14b1e/execute/async - {"script":"<script> [1562 bytes]","args":[{"selector":{"controlType":"sap.m.ObjectStatus","viewName":"etm.portal.ui.managecontracts.view.Detail","bindingPath":{"path":"/SmartContractItems(CONTRACT='10140',ITEM=10m,SUB_ITEM=0m)","propertyPath":"STATUS"}},"wdio_ui5_key":"etmportal.ui.managecontracts.view.Detailsap.m.ObjectStatus{\"path\":\"/SmartContractItems(CONTRACT='10140',ITEM=10m,SUB_ITEM=0m)\",\"propertyPath\":\"STATUS\"}"}]}
RESULT: {"script":"<script> [1562 bytes]","args":[{"selector":{"controlType":"sap.m.ObjectStatus","viewName":"etm.portal.ui.managecontracts.view.Detail","bindingPath":{"path":"/SmartContractItems(CONTRACT='10140',ITEM=10m,SUB_ITEM=0m)","propertyPath":"STATUS"}},"wdio_ui5_key":"etmportal.ui.managecontracts.view.Detailsap.m.ObjectStatus{\"path\":\"/SmartContractItems(CONTRACT='10140',ITEM=10m,SUB_ITEM=0m)\",\"propertyPath\":\"STATUS\"}"}]}
RESULT: undefined
COMMAND: POST /session/b650fd7e5e1a135de288473492e14b1e/execute/async - {"script":"<script> [6424 bytes]","args":[{"element-6066-11e4-a52e-4f735466cecf":"f.07281D0795E18F1137881718A79AE278.d.DC48F4912CDECF78C663AAC36486ABBA.e.16844"},"getText",[]]}
RESULT: {"script":"<script> [6424 bytes]","args":[{"element-6066-11e4-a52e-4f735466cecf":"f.07281D0795E18F1137881718A79AE278.d.DC48F4912CDECF78C663AAC36486ABBA.e.16844"},"getText",[]]}
COMMAND: POST /session/b650fd7e5e1a135de288473492e14b1e/element - {"using":"css selector","value":"#j_username"}
COMMAND: POST /session/b650fd7e5e1a135de288473492e14b1e/url - {"url":"https://qa-testing-00-live-etm-ui.cfapps.eu10-004.hana.ondemand.com/"}
RESULT: {"using":"css selector","value":"#j_username"}
COMMAND: POST /session/b650fd7e5e1a135de288473492e14b1e/element - {"using":"css selector","value":"#j_username"}
RESULT: {"url":"https://qa-testing-00-live-etm-ui.cfapps.eu10-004.hana.ondemand.com/"}
RESULT: undefined
COMMAND: GET /session/b650fd7e5e1a135de288473492e14b1e/screenshot - {}
RESULT: {"using":"css selector","value":"#j_username"}
COMMAND: POST /session/b650fd7e5e1a135de288473492e14b1e/element - {"using":"css selector","value":"#shell-header-logo"}
RESULT: {}
RESULT: {"using":"css selector","value":"#shell-header-logo"}
COMMAND: POST /session/b650fd7e5e1a135de288473492e14b1e/execute/sync - {"script":"<script> [8489 bytes]","args":[{"element-6066-11e4-a52e-4f735466cecf":"f.07281D0795E18F1137881718A79AE278.d.2E16C83B936D332CAAA04BF4C45E35E8.e.16854","ELEMENT":"f.07281D0795E18F1137881718A79AE278.d.2E16C83B936D332CAAA04BF4C45E35E8.e.16854"}]}
RESULT: {"script":"<script> [8489 bytes]","args":[{"element-6066-11e4-a52e-4f735466cecf":"f.07281D0795E18F1137881718A79AE278.d.2E16C83B936D332CAAA04BF4C45E35E8.e.16854","ELEMENT":"f.07281D0795E18F1137881718A79AE278.d.2E16C83B936D332CAAA04BF4C45E35E8.e.16854"}]}
COMMAND: POST /session/b650fd7e5e1a135de288473492e14b1e/element - {"using":"css selector","value":"#shell-header-logo"}
COMMAND: GET /session/b650fd7e5e1a135de288473492e14b1e/screenshot - {}
RESULT: {"using":"css selector","value":"#shell-header-logo"}
COMMAND: POST /session/b650fd7e5e1a135de288473492e14b1e/execute/sync - {"script":"<script> [8489 bytes]","args":[{"element-6066-11e4-a52e-4f735466cecf":"f.07281D0795E18F1137881718A79AE278.d.2E16C83B936D332CAAA04BF4C45E35E8.e.16854","ELEMENT":"f.07281D0795E18F1137881718A79AE278.d.2E16C83B936D332CAAA04BF4C45E35E8.e.16854"}]}
RESULT: {}
RESULT: {"script":"<script> [8489 bytes]","args":[{"element-6066-11e4-a52e-4f735466cecf":"f.07281D0795E18F1137881718A79AE278.d.2E16C83B936D332CAAA04BF4C45E35E8.e.16854","ELEMENT":"f.07281D0795E18F1137881718A79AE278.d.2E16C83B936D332CAAA04BF4C45E35E8.e.16854"}]}
COMMAND: POST /session/b650fd7e5e1a135de288473492e14b1e/execute/sync - {"script":"<script> [5351 bytes]","args":[{"element-6066-11e4-a52e-4f735466cecf":"f.07281D0795E18F1137881718A79AE278.d.2E16C83B936D332CAAA04BF4C45E35E8.e.16854","ELEMENT":"f.07281D0795E18F1137881718A79AE278.d.2E16C83B936D332CAAA04BF4C45E35E8.e.16854"}]}
COMMAND: GET /session/b650fd7e5e1a135de288473492e14b1e/screenshot - {}
RESULT: {"script":"<script> [5351 bytes]","args":[{"element-6066-11e4-a52e-4f735466cecf":"f.07281D0795E18F1137881718A79AE278.d.2E16C83B936D332CAAA04BF4C45E35E8.e.16854","ELEMENT":"f.07281D0795E18F1137881718A79AE278.d.2E16C83B936D332CAAA04BF4C45E35E8.e.16854"}]}
COMMAND: POST /session/b650fd7e5e1a135de288473492e14b1e/element - {"using":"css selector","value":"#shell-header-logo"}
COMMAND: GET /session/b650fd7e5e1a135de288473492e14b1e/screenshot - {}
RESULT: {}
RESULT: {"using":"css selector","value":"#shell-header-logo"}
COMMAND: POST /session/b650fd7e5e1a135de288473492e14b1e/element/f.07281D0795E18F1137881718A79AE278.d.2E16C83B936D332CAAA04BF4C45E35E8.e.16854/click - {}
RESULT: {}
RESULT: {}
COMMAND: GET /session/b650fd7e5e1a135de288473492e14b1e/screenshot - {}
RESULT: {}
COMMAND: POST /session/b650fd7e5e1a135de288473492e14b1e/execute/async - {"script":"<script> [189 bytes]","args":[]}
RESULT: {"script":"<script> [189 bytes]","args":[]}
COMMAND: POST /session/b650fd7e5e1a135de288473492e14b1e/execute/async - {"script":"<script> [123 bytes]","args":[]}
RESULT: {"script":"<script> [123 bytes]","args":[]}
COMMAND: POST /session/b650fd7e5e1a135de288473492e14b1e/timeouts - {"script":"<number>"}
RESULT: {"script":"<number>"}
COMMAND: GET /session/b650fd7e5e1a135de288473492e14b1e/timeouts - {}
RESULT: {}
RESULT: undefined
COMMAND: POST /session/b650fd7e5e1a135de288473492e14b1e/execute/async - {"script":"<script> [2676 bytes]","args":[]}
RESULT: {"script":"<script> [2676 bytes]","args":[]}
COMMAND: POST /session/b650fd7e5e1a135de288473492e14b1e/execute/async - {"script":"<script> [2342 bytes]","args":[{"protocol":"http","hostname":"0.0.0.0","path":"/","capabilities":{"browserName":"chrome","goog:chromeOptions":{"binary":"C:\\Program Files\\Google\\Chrome\\Application\\chrome.exe"}},"logLevel":"warn","connectionRetryTimeout":120000,"connectionRetryCount":3,"logLevels":{},"enableDirectConnect":true,"strictSSL":true,"_":"65 more keys: [\"cacheDir\",\"port\",\"requestedCapabilities\",\"automationProtocol\",\"baseUrl\",\"waitforInterval\",\"waitforTimeout\",\"onReload\",\"beforeCommand\",\"afterCommand\",\"rootDir\",\"specs\",\"suites\",\"exclude\",\"groupLogsByTestSpec\",\"excludeDriverLogs\",\"bail\",\"framework\",\"reporters\",\"services\",\"maxInstances\",\"maxInstancesPerCapability\",\"injectGlobals\",\"filesToWatch\",\"execArgv\",\"runnerEnv\",\"runner\",\"shard\",\"specFileRetries\",\"specFileRetriesDelay\",\"specFileRetriesDeferred\",\"reporterSyncInterval\",\"reporterSyncTimeout\",\"cucumberFeaturesWithLineNumbers\",\"autoCompileOpts\",\"mochaOpts\",\"jasmineOpts\",\"cucumberOpts\",\"onPrepare\",\"onWorkerStart\",\"onWorkerEnd\",\"before\",\"beforeSession\",\"beforeSuite\",\"beforeHook\",\"beforeTest\",\"afterTest\",\"afterHook\",\"afterSuite\",\"afterSession\",\"after\",\"onComplete\",\"beforeAssertion\",\"afterAssertion\",\"beforeFeature\",\"beforeScenario\",\"beforeStep\",\"afterStep\",\"afterScenario\",\"afterFeature\",\"_\",\"suite\",\"$0\",\"ignoredWorkerServices\",\"wdi5\"]"}]}
RESULT: {"script":"<script> [2342 bytes]","args":[{"protocol":"http","hostname":"0.0.0.0","path":"/","capabilities":{"browserName":"chrome","goog:chromeOptions":{"binary":"C:\\Program Files\\Google\\Chrome\\Application\\chrome.exe"}},"logLevel":"warn","connectionRetryTimeout":120000,"connectionRetryCount":3,"logLevels":{},"enableDirectConnect":true,"strictSSL":true,"_":"65 more keys: [\"cacheDir\",\"port\",\"requestedCapabilities\",\"automationProtocol\",\"baseUrl\",\"waitforInterval\",\"waitforTimeout\",\"onReload\",\"beforeCommand\",\"afterCommand\",\"rootDir\",\"specs\",\"suites\",\"exclude\",\"groupLogsByTestSpec\",\"excludeDriverLogs\",\"bail\",\"framework\",\"reporters\",\"services\",\"maxInstances\",\"maxInstancesPerCapability\",\"injectGlobals\",\"filesToWatch\",\"execArgv\",\"runnerEnv\",\"runner\",\"shard\",\"specFileRetries\",\"specFileRetriesDelay\",\"specFileRetriesDeferred\",\"reporterSyncInterval\",\"reporterSyncTimeout\",\"cucumberFeaturesWithLineNumbers\",\"autoCompileOpts\",\"mochaOpts\",\"jasmineOpts\",\"cucumberOpts\",\"onPrepare\",\"onWorkerStart\",\"onWorkerEnd\",\"before\",\"beforeSession\",\"beforeSuite\",\"beforeHook\",\"beforeTest\",\"afterTest\",\"afterHook\",\"afterSuite\",\"afterSession\",\"after\",\"onComplete\",\"beforeAssertion\",\"afterAssertion\",\"beforeFeature\",\"beforeScenario\",\"beforeStep\",\"afterStep\",\"afterScenario\",\"afterFeature\",\"_\",\"suite\",\"$0\",\"ignoredWorkerServices\",\"wdi5\"]"}]}
COMMAND: POST /session/b650fd7e5e1a135de288473492e14b1e/execute/async - {"script":"<script> [21126 bytes]","args":[35000]}
RESULT: {"script":"<script> [21126 bytes]","args":[35000]}
COMMAND: POST /session/b650fd7e5e1a135de288473492e14b1e/window/maximize - {}
RESULT: {}
COMMAND: POST /session/b650fd7e5e1a135de288473492e14b1e/execute/async - {"script":"<script> [1562 bytes]","args":[{"selector":{"id":"shell-header","interaction":{"idSuffix":"icon"}},"wdio_ui5_key":"shellheader"}]}
COMMAND: GET /session/b650fd7e5e1a135de288473492e14b1e/screenshot - {}
RESULT: {"script":"<script> [1562 bytes]","args":[{"selector":{"id":"shell-header","interaction":{"idSuffix":"icon"}},"wdio_ui5_key":"shellheader"}]}
RESULT: undefined
RESULT: {}
]]></system-out>
    </testcase>
  </testsuite>
  <testsuite timestamp="2025-04-12T16:08:44" time="180.805" tests="1" failures="0" errors="0" skipped="0">
    <properties>
      <property name="specId" value="0"/>
      <property name="suiteName" value="Create masterdata for Yard Overview - trigger provide US130988"/>
      <property name="capabilities" value="chrome.135_0_7049_42.windows"/>
      <property name="file" value="file:///D:/a/1/s/test/specs/R2C/site-overview-return.spec.js"/>
    </properties>
    <testcase classname="chrome.135_0_7049_42.windows.Create_masterdata_for_Yard_Overview_-_trigger_provide_US130988" name="Should navigate to site overview and trigger return" time="161.286">
      <system-out><![CDATA[
COMMAND: POST /session/b650fd7e5e1a135de288473492e14b1e/execute/async - {"script":"<script> [1562 bytes]","args":[{"selector":{"controlType":"sap.m.GenericTile","properties":{"header":"Site Overview"}},"wdio_ui5_key":"sapm.GenericTile{\"header\":\"Site Overview\"}"}]}
RESULT: {"script":"<script> [1562 bytes]","args":[{"selector":{"controlType":"sap.m.GenericTile","properties":{"header":"Site Overview"}},"wdio_ui5_key":"sapm.GenericTile{\"header\":\"Site Overview\"}"}]}
RESULT: undefined
COMMAND: POST /session/b650fd7e5e1a135de288473492e14b1e/element - {"using":"xpath","value":"//*[@id=\"__tile100\"]"}
RESULT: {"using":"xpath","value":"//*[@id=\"__tile100\"]"}
COMMAND: POST /session/b650fd7e5e1a135de288473492e14b1e/element/f.07281D0795E18F1137881718A79AE278.d.2E16C83B936D332CAAA04BF4C45E35E8.e.16865/click - {}
RESULT: {}
COMMAND: GET /session/b650fd7e5e1a135de288473492e14b1e/screenshot - {}
RESULT: {}
COMMAND: POST /session/b650fd7e5e1a135de288473492e14b1e/execute/async - {"script":"<script> [1562 bytes]","args":[{"selector":{"id":"application-siteinventory-display-component---masterSiteInventory--smartFilterBar-btnBasicSearch","interaction":{"idSuffix":"I"}},"wdio_ui5_key":"applicationsiteinventory-display-component---masterSiteInventory--smartFilterBar-btnBasicSearch"}]}
RESULT: {"script":"<script> [1562 bytes]","args":[{"selector":{"id":"application-siteinventory-display-component---masterSiteInventory--smartFilterBar-btnBasicSearch","interaction":{"idSuffix":"I"}},"wdio_ui5_key":"applicationsiteinventory-display-component---masterSiteInventory--smartFilterBar-btnBasicSearch"}]}
RESULT: undefined
COMMAND: POST /session/b650fd7e5e1a135de288473492e14b1e/execute/async - {"script":"<script> [776 bytes]","args":[{"enterText":"WebdriverSitehx0sl","selector":{"id":"application-siteinventory-display-component---masterSiteInventory--smartFilterBar-btnBasicSearch","interaction":{"idSuffix":"I"}},"clearTextFirst":true,"interactionType":"ENTER_TEXT"}]}
RESULT: {"script":"<script> [776 bytes]","args":[{"enterText":"WebdriverSitehx0sl","selector":{"id":"application-siteinventory-display-component---masterSiteInventory--smartFilterBar-btnBasicSearch","interaction":{"idSuffix":"I"}},"clearTextFirst":true,"interactionType":"ENTER_TEXT"}]}
COMMAND: POST /session/b650fd7e5e1a135de288473492e14b1e/execute/async - {"script":"<script> [1562 bytes]","args":[{"selector":{"controlType":"sap.ui.core.Icon","viewName":"etm.portal.ui.siteinventory.view.Master","viewId":"application-siteinventory-display-component---masterSiteInventory","properties":{"src":{"regex":{"source":"slim\\-arrow\\-right"}}}},"wdio_ui5_key":"etmportal.ui.siteinventory.view.Mastersap.ui.core.Icon{\"src\":{\"regex\":{\"source\":\"slim\\\\-arrow\\\\-right\"}}}"}]}
RESULT: {"script":"<script> [1562 bytes]","args":[{"selector":{"controlType":"sap.ui.core.Icon","viewName":"etm.portal.ui.siteinventory.view.Master","viewId":"application-siteinventory-display-component---masterSiteInventory","properties":{"src":{"regex":{"source":"slim\\-arrow\\-right"}}}},"wdio_ui5_key":"etmportal.ui.siteinventory.view.Mastersap.ui.core.Icon{\"src\":{\"regex\":{\"source\":\"slim\\\\-arrow\\\\-right\"}}}"}]}
RESULT: undefined
COMMAND: POST /session/b650fd7e5e1a135de288473492e14b1e/element - {"using":"xpath","value":"//*[@id=\"__item20-__clone60-imgNav\"]"}
RESULT: {"using":"xpath","value":"//*[@id=\"__item20-__clone60-imgNav\"]"}
COMMAND: POST /session/b650fd7e5e1a135de288473492e14b1e/element/f.07281D0795E18F1137881718A79AE278.d.2E16C83B936D332CAAA04BF4C45E35E8.e.16985/click - {}
RESULT: {}
COMMAND: GET /session/b650fd7e5e1a135de288473492e14b1e/screenshot - {}
RESULT: {}
COMMAND: POST /session/b650fd7e5e1a135de288473492e14b1e/execute/async - {"script":"<script> [1562 bytes]","args":[{"selector":{"id":"application-siteinventory-display-component---detailSiteInventory--onSite-triggerAction-returnBtn","interaction":{"idSuffix":"BDI-content"}},"wdio_ui5_key":"applicationsiteinventory-display-component---detailSiteInventory--onSite-triggerAction-returnBtn"}]}
RESULT: {"script":"<script> [1562 bytes]","args":[{"selector":{"id":"application-siteinventory-display-component---detailSiteInventory--onSite-triggerAction-returnBtn","interaction":{"idSuffix":"BDI-content"}},"wdio_ui5_key":"applicationsiteinventory-display-component---detailSiteInventory--onSite-triggerAction-returnBtn"}]}
RESULT: undefined
COMMAND: POST /session/b650fd7e5e1a135de288473492e14b1e/element - {"using":"xpath","value":"//*[@id=\"application-siteinventory-display-component---detailSiteInventory--onSite-triggerAction-returnBtn\"]"}
RESULT: {"using":"xpath","value":"//*[@id=\"application-siteinventory-display-component---detailSiteInventory--onSite-triggerAction-returnBtn\"]"}
COMMAND: POST /session/b650fd7e5e1a135de288473492e14b1e/element/f.07281D0795E18F1137881718A79AE278.d.2E16C83B936D332CAAA04BF4C45E35E8.e.17072/click - {}
RESULT: {}
COMMAND: POST /session/b650fd7e5e1a135de288473492e14b1e/execute/async - {"script":"<script> [1562 bytes]","args":[{"selector":{"id":"application-siteinventory-display-component---detailSiteInventory--smartSiteHoItemsTable-sa","interaction":{"idSuffix":"CbBg"}},"wdio_ui5_key":"applicationsiteinventory-display-component---detailSiteInventory--smartSiteHoItemsTable-sa"}]}
COMMAND: GET /session/b650fd7e5e1a135de288473492e14b1e/screenshot - {}
RESULT: {"script":"<script> [1562 bytes]","args":[{"selector":{"id":"application-siteinventory-display-component---detailSiteInventory--smartSiteHoItemsTable-sa","interaction":{"idSuffix":"CbBg"}},"wdio_ui5_key":"applicationsiteinventory-display-component---detailSiteInventory--smartSiteHoItemsTable-sa"}]}
RESULT: undefined
COMMAND: POST /session/b650fd7e5e1a135de288473492e14b1e/element - {"using":"xpath","value":"//*[@id=\"application-siteinventory-display-component---detailSiteInventory--smartSiteHoItemsTable-sa\"]"}
RESULT: {}
RESULT: {"using":"xpath","value":"//*[@id=\"application-siteinventory-display-component---detailSiteInventory--smartSiteHoItemsTable-sa\"]"}
COMMAND: POST /session/b650fd7e5e1a135de288473492e14b1e/element/f.07281D0795E18F1137881718A79AE278.d.2E16C83B936D332CAAA04BF4C45E35E8.e.17099/click - {}
RESULT: {}
RESULT: undefined
COMMAND: POST /session/b650fd7e5e1a135de288473492e14b1e/element - {"using":"xpath","value":"//*[@id=\"application-siteinventory-display-component---detailSiteInventory--onSite-triggerAction-returnBtn\"]"}
COMMAND: GET /session/b650fd7e5e1a135de288473492e14b1e/screenshot - {}
RESULT: {"using":"xpath","value":"//*[@id=\"application-siteinventory-display-component---detailSiteInventory--onSite-triggerAction-returnBtn\"]"}
COMMAND: POST /session/b650fd7e5e1a135de288473492e14b1e/element/f.07281D0795E18F1137881718A79AE278.d.2E16C83B936D332CAAA04BF4C45E35E8.e.17072/click - {}
RESULT: {}
RESULT: {}
COMMAND: GET /session/b650fd7e5e1a135de288473492e14b1e/screenshot - {}
RESULT: {}
COMMAND: POST /session/b650fd7e5e1a135de288473492e14b1e/actions - {"actions":[{"id":"action53","type":"key","parameters":{},"actions":[{"type":"keyDown","value":""},{"type":"pause","duration":10},{"type":"keyUp","value":""}]}]}
RESULT: {"actions":[{"id":"action53","type":"key","parameters":{},"actions":[{"type":"keyDown","value":""},{"type":"pause","duration":10},{"type":"keyUp","value":""}]}]}
COMMAND: GET /session/b650fd7e5e1a135de288473492e14b1e/screenshot - {}
RESULT: {}
COMMAND: POST /session/b650fd7e5e1a135de288473492e14b1e/execute/async - {"script":"<script> [1562 bytes]","args":[{"selector":{"id":"application-siteinventory-display-component---detailSiteInventory--hoItemsSmartTable-btnPersonalisation-img"},"wdio_ui5_key":"applicationsiteinventory-display-component---detailSiteInventory--hoItemsSmartTable-btnPersonalisation-img"}]}
RESULT: {"script":"<script> [1562 bytes]","args":[{"selector":{"id":"application-siteinventory-display-component---detailSiteInventory--hoItemsSmartTable-btnPersonalisation-img"},"wdio_ui5_key":"applicationsiteinventory-display-component---detailSiteInventory--hoItemsSmartTable-btnPersonalisation-img"}]}
RESULT: undefined
COMMAND: POST /session/b650fd7e5e1a135de288473492e14b1e/element - {"using":"xpath","value":"//*[@id=\"application-siteinventory-display-component---detailSiteInventory--hoItemsSmartTable-btnPersonalisation-img\"]"}
RESULT: {"using":"xpath","value":"//*[@id=\"application-siteinventory-display-component---detailSiteInventory--hoItemsSmartTable-btnPersonalisation-img\"]"}
COMMAND: POST /session/b650fd7e5e1a135de288473492e14b1e/element/f.07281D0795E18F1137881718A79AE278.d.2E16C83B936D332CAAA04BF4C45E35E8.e.17105/click - {}
RESULT: {}
COMMAND: POST /session/b650fd7e5e1a135de288473492e14b1e/element - {"using":"xpath","value":"//input[contains(@id ,\"searchField-I\")]"}
COMMAND: GET /session/b650fd7e5e1a135de288473492e14b1e/screenshot - {}
RESULT: {}
RESULT: {"using":"xpath","value":"//input[contains(@id ,\"searchField-I\")]"}
COMMAND: POST /session/b650fd7e5e1a135de288473492e14b1e/element/f.07281D0795E18F1137881718A79AE278.d.2E16C83B936D332CAAA04BF4C45E35E8.e.17108/clear - {}
RESULT: {}
COMMAND: POST /session/b650fd7e5e1a135de288473492e14b1e/element/f.07281D0795E18F1137881718A79AE278.d.2E16C83B936D332CAAA04BF4C45E35E8.e.17108/value - {"text":"Handover Returned"}
COMMAND: GET /session/b650fd7e5e1a135de288473492e14b1e/screenshot - {}
RESULT: {"text":"Handover Returned"}
COMMAND: GET /session/b650fd7e5e1a135de288473492e14b1e/screenshot - {}
RESULT: {}
RESULT: {}
COMMAND: POST /session/b650fd7e5e1a135de288473492e14b1e/element - {"using":"xpath","value":"//div[contains(@id ,\"innerSelectionPanelTable-sa-CbBg\")]"}
RESULT: {"using":"xpath","value":"//div[contains(@id ,\"innerSelectionPanelTable-sa-CbBg\")]"}
COMMAND: POST /session/b650fd7e5e1a135de288473492e14b1e/element/f.07281D0795E18F1137881718A79AE278.d.2E16C83B936D332CAAA04BF4C45E35E8.e.17143/click - {}
RESULT: {}
COMMAND: POST /session/b650fd7e5e1a135de288473492e14b1e/execute/async - {"script":"<script> [1562 bytes]","args":[{"selector":{"controlType":"sap.m.Button","viewName":"etm.portal.ui.siteinventory.view.Detail","viewId":"application-siteinventory-display-component---detailSiteInventory","properties":{"text":"OK"},"searchOpenDialogs":true,"interaction":{"idSuffix":"BDI-content"}},"wdio_ui5_key":"etmportal.ui.siteinventory.view.Detailsap.m.Button{\"text\":\"OK\"}"}]}
COMMAND: GET /session/b650fd7e5e1a135de288473492e14b1e/screenshot - {}
RESULT: {"script":"<script> [1562 bytes]","args":[{"selector":{"controlType":"sap.m.Button","viewName":"etm.portal.ui.siteinventory.view.Detail","viewId":"application-siteinventory-display-component---detailSiteInventory","properties":{"text":"OK"},"searchOpenDialogs":true,"interaction":{"idSuffix":"BDI-content"}},"wdio_ui5_key":"etmportal.ui.siteinventory.view.Detailsap.m.Button{\"text\":\"OK\"}"}]}
RESULT: undefined
COMMAND: POST /session/b650fd7e5e1a135de288473492e14b1e/element - {"using":"xpath","value":"//*[@id=\"__popup40-confirmBtn\"]"}
RESULT: {}
RESULT: {"using":"xpath","value":"//*[@id=\"__popup40-confirmBtn\"]"}
COMMAND: POST /session/b650fd7e5e1a135de288473492e14b1e/element/f.07281D0795E18F1137881718A79AE278.d.2E16C83B936D332CAAA04BF4C45E35E8.e.17145/click - {}
RESULT: {}
COMMAND: GET /session/b650fd7e5e1a135de288473492e14b1e/screenshot - {}
RESULT: {}
COMMAND: POST /session/b650fd7e5e1a135de288473492e14b1e/element - {"using":"css selector","value":"#shell-header-logo"}
RESULT: {"using":"css selector","value":"#shell-header-logo"}
COMMAND: POST /session/b650fd7e5e1a135de288473492e14b1e/element/f.07281D0795E18F1137881718A79AE278.d.2E16C83B936D332CAAA04BF4C45E35E8.e.16854/click - {}
RESULT: {}
COMMAND: GET /session/b650fd7e5e1a135de288473492e14b1e/screenshot - {}
RESULT: {}
COMMAND: POST /session/b650fd7e5e1a135de288473492e14b1e/execute/async - {"script":"<script> [1562 bytes]","args":[{"selector":{"controlType":"sap.m.GenericTile","properties":{"header":"Manage Handovers"}},"wdio_ui5_key":"sapm.GenericTile{\"header\":\"Manage Handovers\"}"}]}
RESULT: {"script":"<script> [1562 bytes]","args":[{"selector":{"controlType":"sap.m.GenericTile","properties":{"header":"Manage Handovers"}},"wdio_ui5_key":"sapm.GenericTile{\"header\":\"Manage Handovers\"}"}]}
RESULT: undefined
COMMAND: POST /session/b650fd7e5e1a135de288473492e14b1e/element - {"using":"xpath","value":"//*[@id=\"__tile132\"]"}
RESULT: {"using":"xpath","value":"//*[@id=\"__tile132\"]"}
COMMAND: POST /session/b650fd7e5e1a135de288473492e14b1e/element/f.07281D0795E18F1137881718A79AE278.d.2E16C83B936D332CAAA04BF4C45E35E8.e.17161/click - {}
RESULT: {}
COMMAND: GET /session/b650fd7e5e1a135de288473492e14b1e/screenshot - {}
RESULT: {}
COMMAND: POST /session/b650fd7e5e1a135de288473492e14b1e/execute/async - {"script":"<script> [1562 bytes]","args":[{"selector":{"controlType":"sap.ui.core.Icon","viewName":"etm.portal.ui.managehandovers.view.MasterHO","properties":{"src":{"regex":{"source":"value\\-help"}}},"ancestor":{"controlType":"sap.ui.comp.smartfilterbar.SFBMultiInput","viewName":"etm.portal.ui.managehandovers.view.MasterHO","labelFor":{"text":"Sending Contract"}}},"wdio_ui5_key":"etmportal.ui.managehandovers.view.MasterHOsap.ui.core.Icon{\"src\":{\"regex\":{\"source\":\"value\\\\-help\"}}}{\"controlType\":\"sap.ui.comp.smartfilterbar.SFBMultiInput\",\"viewName\":\"etm.portal.ui.managehandovers.view.MasterHO\",\"labelFor\":{\"text\":\"Sending Contract\"}}"}]}
RESULT: {"script":"<script> [1562 bytes]","args":[{"selector":{"controlType":"sap.ui.core.Icon","viewName":"etm.portal.ui.managehandovers.view.MasterHO","properties":{"src":{"regex":{"source":"value\\-help"}}},"ancestor":{"controlType":"sap.ui.comp.smartfilterbar.SFBMultiInput","viewName":"etm.portal.ui.managehandovers.view.MasterHO","labelFor":{"text":"Sending Contract"}}},"wdio_ui5_key":"etmportal.ui.managehandovers.view.MasterHOsap.ui.core.Icon{\"src\":{\"regex\":{\"source\":\"value\\\\-help\"}}}{\"controlType\":\"sap.ui.comp.smartfilterbar.SFBMultiInput\",\"viewName\":\"etm.portal.ui.managehandovers.view.MasterHO\",\"labelFor\":{\"text\":\"Sending Contract\"}}"}]}
RESULT: undefined
COMMAND: POST /session/b650fd7e5e1a135de288473492e14b1e/element - {"using":"xpath","value":"//*[@id=\"__xmlview58--smartFilterBar-filterItemControl_BASIC-SEND_CONTRACT-vhi\"]"}
RESULT: {"using":"xpath","value":"//*[@id=\"__xmlview58--smartFilterBar-filterItemControl_BASIC-SEND_CONTRACT-vhi\"]"}
COMMAND: POST /session/b650fd7e5e1a135de288473492e14b1e/element/f.07281D0795E18F1137881718A79AE278.d.2E16C83B936D332CAAA04BF4C45E35E8.e.17222/click - {}
RESULT: {}
COMMAND: GET /session/b650fd7e5e1a135de288473492e14b1e/screenshot - {}
RESULT: {}
COMMAND: POST /session/b650fd7e5e1a135de288473492e14b1e/execute/async - {"script":"<script> [1562 bytes]","args":[{"selector":{"controlType":"sap.m.SearchField","viewName":"etm.portal.ui.managehandovers.view.MasterHO","bindingPath":{"path":"","propertyPath":"/_BASIC_SEARCH_FIELD","modelName":"fi1t3rM0d31"},"searchOpenDialogs":true,"interaction":{"idSuffix":"I"}},"wdio_ui5_key":"etmportal.ui.managehandovers.view.MasterHOsap.m.SearchField{\"path\":\"\",\"propertyPath\":\"/_BASIC_SEARCH_FIELD\",\"modelName\":\"fi1t3rM0d31\"}"}]}
RESULT: {"script":"<script> [1562 bytes]","args":[{"selector":{"controlType":"sap.m.SearchField","viewName":"etm.portal.ui.managehandovers.view.MasterHO","bindingPath":{"path":"","propertyPath":"/_BASIC_SEARCH_FIELD","modelName":"fi1t3rM0d31"},"searchOpenDialogs":true,"interaction":{"idSuffix":"I"}},"wdio_ui5_key":"etmportal.ui.managehandovers.view.MasterHOsap.m.SearchField{\"path\":\"\",\"propertyPath\":\"/_BASIC_SEARCH_FIELD\",\"modelName\":\"fi1t3rM0d31\"}"}]}
RESULT: undefined
COMMAND: POST /session/b650fd7e5e1a135de288473492e14b1e/execute/async - {"script":"<script> [776 bytes]","args":[{"enterText":"10140","selector":{"controlType":"sap.m.SearchField","viewName":"etm.portal.ui.managehandovers.view.MasterHO","bindingPath":{"path":"","propertyPath":"/_BASIC_SEARCH_FIELD","modelName":"fi1t3rM0d31"},"searchOpenDialogs":true,"interaction":{"idSuffix":"I"}},"clearTextFirst":true,"interactionType":"ENTER_TEXT"}]}
RESULT: {"script":"<script> [776 bytes]","args":[{"enterText":"10140","selector":{"controlType":"sap.m.SearchField","viewName":"etm.portal.ui.managehandovers.view.MasterHO","bindingPath":{"path":"","propertyPath":"/_BASIC_SEARCH_FIELD","modelName":"fi1t3rM0d31"},"searchOpenDialogs":true,"interaction":{"idSuffix":"I"}},"clearTextFirst":true,"interactionType":"ENTER_TEXT"}]}
COMMAND: POST /session/b650fd7e5e1a135de288473492e14b1e/actions - {"actions":[{"id":"action54","type":"key","parameters":{},"actions":[{"type":"keyDown","value":""},{"type":"pause","duration":10},{"type":"keyUp","value":""}]}]}
RESULT: {"actions":[{"id":"action54","type":"key","parameters":{},"actions":[{"type":"keyDown","value":""},{"type":"pause","duration":10},{"type":"keyUp","value":""}]}]}
COMMAND: GET /session/b650fd7e5e1a135de288473492e14b1e/screenshot - {}
RESULT: {}
COMMAND: POST /session/b650fd7e5e1a135de288473492e14b1e/element - {"using":"xpath","value":"//div[contains(@id ,\"smartFilterBar-filterItemControl_BASIC-SEND_CONTRACT-valueHelpDialog-table-rowsel0\")]"}
RESULT: {"using":"xpath","value":"//div[contains(@id ,\"smartFilterBar-filterItemControl_BASIC-SEND_CONTRACT-valueHelpDialog-table-rowsel0\")]"}
COMMAND: POST /session/b650fd7e5e1a135de288473492e14b1e/element/f.07281D0795E18F1137881718A79AE278.d.2E16C83B936D332CAAA04BF4C45E35E8.e.17233/click - {}
RESULT: {}
COMMAND: GET /session/b650fd7e5e1a135de288473492e14b1e/screenshot - {}
RESULT: {}
COMMAND: POST /session/b650fd7e5e1a135de288473492e14b1e/execute/async - {"script":"<script> [1562 bytes]","args":[{"selector":{"controlType":"sap.m.Button","viewName":"etm.portal.ui.managehandovers.view.MasterHO","properties":{"text":"OK"},"searchOpenDialogs":true,"interaction":{"idSuffix":"BDI-content"}},"wdio_ui5_key":"etmportal.ui.managehandovers.view.MasterHOsap.m.Button{\"text\":\"OK\"}"}]}
RESULT: {"script":"<script> [1562 bytes]","args":[{"selector":{"controlType":"sap.m.Button","viewName":"etm.portal.ui.managehandovers.view.MasterHO","properties":{"text":"OK"},"searchOpenDialogs":true,"interaction":{"idSuffix":"BDI-content"}},"wdio_ui5_key":"etmportal.ui.managehandovers.view.MasterHOsap.m.Button{\"text\":\"OK\"}"}]}
RESULT: undefined
COMMAND: POST /session/b650fd7e5e1a135de288473492e14b1e/element - {"using":"xpath","value":"//*[@id=\"__xmlview58--smartFilterBar-filterItemControl_BASIC-SEND_CONTRACT-valueHelpDialog-ok\"]"}
RESULT: {"using":"xpath","value":"//*[@id=\"__xmlview58--smartFilterBar-filterItemControl_BASIC-SEND_CONTRACT-valueHelpDialog-ok\"]"}
COMMAND: POST /session/b650fd7e5e1a135de288473492e14b1e/element/f.07281D0795E18F1137881718A79AE278.d.2E16C83B936D332CAAA04BF4C45E35E8.e.17236/click - {}
RESULT: {}
COMMAND: GET /session/b650fd7e5e1a135de288473492e14b1e/screenshot - {}
RESULT: {}
COMMAND: POST /session/b650fd7e5e1a135de288473492e14b1e/execute/async - {"script":"<script> [1562 bytes]","args":[{"selector":{"controlType":"sap.ui.core.Icon","viewName":"etm.portal.ui.managehandovers.view.MasterHO","properties":{"src":{"regex":{"source":"slim\\-arrow\\-right"}}}},"wdio_ui5_key":"etmportal.ui.managehandovers.view.MasterHOsap.ui.core.Icon{\"src\":{\"regex\":{\"source\":\"slim\\\\-arrow\\\\-right\"}}}"}]}
RESULT: {"script":"<script> [1562 bytes]","args":[{"selector":{"controlType":"sap.ui.core.Icon","viewName":"etm.portal.ui.managehandovers.view.MasterHO","properties":{"src":{"regex":{"source":"slim\\-arrow\\-right"}}}},"wdio_ui5_key":"etmportal.ui.managehandovers.view.MasterHOsap.ui.core.Icon{\"src\":{\"regex\":{\"source\":\"slim\\\\-arrow\\\\-right\"}}}"}]}
RESULT: undefined
COMMAND: POST /session/b650fd7e5e1a135de288473492e14b1e/element - {"using":"xpath","value":"//*[@id=\"__item145-__clone231-imgNav\"]"}
RESULT: {"using":"xpath","value":"//*[@id=\"__item145-__clone231-imgNav\"]"}
COMMAND: POST /session/b650fd7e5e1a135de288473492e14b1e/element/f.07281D0795E18F1137881718A79AE278.d.2E16C83B936D332CAAA04BF4C45E35E8.e.17275/click - {}
RESULT: {}
COMMAND: GET /session/b650fd7e5e1a135de288473492e14b1e/screenshot - {}
RESULT: {}
COMMAND: POST /session/b650fd7e5e1a135de288473492e14b1e/execute/async - {"script":"<script> [1562 bytes]","args":[{"selector":{"controlType":"sap.m.Text","viewName":"etm.portal.ui.managehandovers.view.DetailExecuteHO","bindingPath":{"propertyPath":"NO","modelName":"catalogModel"}},"wdio_ui5_key":"etmportal.ui.managehandovers.view.DetailExecuteHOsap.m.Text{\"propertyPath\":\"NO\",\"modelName\":\"catalogModel\"}"}]}
RESULT: {"script":"<script> [1562 bytes]","args":[{"selector":{"controlType":"sap.m.Text","viewName":"etm.portal.ui.managehandovers.view.DetailExecuteHO","bindingPath":{"propertyPath":"NO","modelName":"catalogModel"}},"wdio_ui5_key":"etmportal.ui.managehandovers.view.DetailExecuteHOsap.m.Text{\"propertyPath\":\"NO\",\"modelName\":\"catalogModel\"}"}]}
RESULT: undefined
COMMAND: POST /session/b650fd7e5e1a135de288473492e14b1e/execute/async - {"script":"<script> [6424 bytes]","args":[{"element-6066-11e4-a52e-4f735466cecf":"f.07281D0795E18F1137881718A79AE278.d.2E16C83B936D332CAAA04BF4C45E35E8.e.17383"},"getText",[]]}
RESULT: {"script":"<script> [6424 bytes]","args":[{"element-6066-11e4-a52e-4f735466cecf":"f.07281D0795E18F1137881718A79AE278.d.2E16C83B936D332CAAA04BF4C45E35E8.e.17383"},"getText",[]]}
COMMAND: POST /session/b650fd7e5e1a135de288473492e14b1e/element - {"using":"xpath","value":"//bdi[contains(text(), \"Confirm All\")]"}
RESULT: {"using":"xpath","value":"//bdi[contains(text(), \"Confirm All\")]"}
COMMAND: POST /session/b650fd7e5e1a135de288473492e14b1e/element/f.07281D0795E18F1137881718A79AE278.d.2E16C83B936D332CAAA04BF4C45E35E8.e.17384/click - {}
RESULT: {}
COMMAND: GET /session/b650fd7e5e1a135de288473492e14b1e/screenshot - {}
RESULT: {}
COMMAND: POST /session/b650fd7e5e1a135de288473492e14b1e/actions - {"actions":[{"id":"action55","type":"key","parameters":{},"actions":[{"type":"keyDown","value":""},{"type":"pause","duration":10},{"type":"keyUp","value":""}]}]}
RESULT: {"actions":[{"id":"action55","type":"key","parameters":{},"actions":[{"type":"keyDown","value":""},{"type":"pause","duration":10},{"type":"keyUp","value":""}]}]}
COMMAND: GET /session/b650fd7e5e1a135de288473492e14b1e/screenshot - {}
RESULT: {}
COMMAND: POST /session/b650fd7e5e1a135de288473492e14b1e/element - {"using":"xpath","value":"(//bdi[contains(@id ,\"BDI-content\")][contains(text(), \"Issue\")])[2]"}
RESULT: {"using":"xpath","value":"(//bdi[contains(@id ,\"BDI-content\")][contains(text(), \"Issue\")])[2]"}
COMMAND: POST /session/b650fd7e5e1a135de288473492e14b1e/element/f.07281D0795E18F1137881718A79AE278.d.2E16C83B936D332CAAA04BF4C45E35E8.e.17389/click - {}
RESULT: {}
COMMAND: GET /session/b650fd7e5e1a135de288473492e14b1e/screenshot - {}
RESULT: {}
COMMAND: POST /session/b650fd7e5e1a135de288473492e14b1e/refresh - {}
RESULT: {}
COMMAND: GET /session/b650fd7e5e1a135de288473492e14b1e/screenshot - {}
RESULT: {}
COMMAND: POST /session/b650fd7e5e1a135de288473492e14b1e/execute/async - {"script":"<script> [189 bytes]","args":[]}
RESULT: {"script":"<script> [189 bytes]","args":[]}
COMMAND: POST /session/b650fd7e5e1a135de288473492e14b1e/execute/async - {"script":"<script> [123 bytes]","args":[]}
RESULT: {"script":"<script> [123 bytes]","args":[]}
COMMAND: POST /session/b650fd7e5e1a135de288473492e14b1e/timeouts - {"script":"<number>"}
RESULT: {"script":"<number>"}
COMMAND: GET /session/b650fd7e5e1a135de288473492e14b1e/timeouts - {}
RESULT: {}
RESULT: undefined
COMMAND: POST /session/b650fd7e5e1a135de288473492e14b1e/execute/async - {"script":"<script> [2676 bytes]","args":[]}
RESULT: {"script":"<script> [2676 bytes]","args":[]}
COMMAND: POST /session/b650fd7e5e1a135de288473492e14b1e/execute/async - {"script":"<script> [2342 bytes]","args":[{"protocol":"http","hostname":"0.0.0.0","path":"/","capabilities":{"browserName":"chrome","goog:chromeOptions":{"binary":"C:\\Program Files\\Google\\Chrome\\Application\\chrome.exe"}},"logLevel":"warn","connectionRetryTimeout":120000,"connectionRetryCount":3,"logLevels":{},"enableDirectConnect":true,"strictSSL":true,"_":"65 more keys: [\"cacheDir\",\"port\",\"requestedCapabilities\",\"automationProtocol\",\"baseUrl\",\"waitforInterval\",\"waitforTimeout\",\"onReload\",\"beforeCommand\",\"afterCommand\",\"rootDir\",\"specs\",\"suites\",\"exclude\",\"groupLogsByTestSpec\",\"excludeDriverLogs\",\"bail\",\"framework\",\"reporters\",\"services\",\"maxInstances\",\"maxInstancesPerCapability\",\"injectGlobals\",\"filesToWatch\",\"execArgv\",\"runnerEnv\",\"runner\",\"shard\",\"specFileRetries\",\"specFileRetriesDelay\",\"specFileRetriesDeferred\",\"reporterSyncInterval\",\"reporterSyncTimeout\",\"cucumberFeaturesWithLineNumbers\",\"autoCompileOpts\",\"mochaOpts\",\"jasmineOpts\",\"cucumberOpts\",\"onPrepare\",\"onWorkerStart\",\"onWorkerEnd\",\"before\",\"beforeSession\",\"beforeSuite\",\"beforeHook\",\"beforeTest\",\"afterTest\",\"afterHook\",\"afterSuite\",\"afterSession\",\"after\",\"onComplete\",\"beforeAssertion\",\"afterAssertion\",\"beforeFeature\",\"beforeScenario\",\"beforeStep\",\"afterStep\",\"afterScenario\",\"afterFeature\",\"_\",\"suite\",\"$0\",\"ignoredWorkerServices\",\"wdi5\"]"}]}
RESULT: {"script":"<script> [2342 bytes]","args":[{"protocol":"http","hostname":"0.0.0.0","path":"/","capabilities":{"browserName":"chrome","goog:chromeOptions":{"binary":"C:\\Program Files\\Google\\Chrome\\Application\\chrome.exe"}},"logLevel":"warn","connectionRetryTimeout":120000,"connectionRetryCount":3,"logLevels":{},"enableDirectConnect":true,"strictSSL":true,"_":"65 more keys: [\"cacheDir\",\"port\",\"requestedCapabilities\",\"automationProtocol\",\"baseUrl\",\"waitforInterval\",\"waitforTimeout\",\"onReload\",\"beforeCommand\",\"afterCommand\",\"rootDir\",\"specs\",\"suites\",\"exclude\",\"groupLogsByTestSpec\",\"excludeDriverLogs\",\"bail\",\"framework\",\"reporters\",\"services\",\"maxInstances\",\"maxInstancesPerCapability\",\"injectGlobals\",\"filesToWatch\",\"execArgv\",\"runnerEnv\",\"runner\",\"shard\",\"specFileRetries\",\"specFileRetriesDelay\",\"specFileRetriesDeferred\",\"reporterSyncInterval\",\"reporterSyncTimeout\",\"cucumberFeaturesWithLineNumbers\",\"autoCompileOpts\",\"mochaOpts\",\"jasmineOpts\",\"cucumberOpts\",\"onPrepare\",\"onWorkerStart\",\"onWorkerEnd\",\"before\",\"beforeSession\",\"beforeSuite\",\"beforeHook\",\"beforeTest\",\"afterTest\",\"afterHook\",\"afterSuite\",\"afterSession\",\"after\",\"onComplete\",\"beforeAssertion\",\"afterAssertion\",\"beforeFeature\",\"beforeScenario\",\"beforeStep\",\"afterStep\",\"afterScenario\",\"afterFeature\",\"_\",\"suite\",\"$0\",\"ignoredWorkerServices\",\"wdi5\"]"}]}
COMMAND: POST /session/b650fd7e5e1a135de288473492e14b1e/execute/async - {"script":"<script> [21126 bytes]","args":[35000]}
RESULT: {"script":"<script> [21126 bytes]","args":[35000]}
COMMAND: POST /session/b650fd7e5e1a135de288473492e14b1e/element - {"using":"xpath","value":"//input[contains(@id ,\"smartFilterBar-btnBasicSearch-I\")]"}
RESULT: {"using":"xpath","value":"//input[contains(@id ,\"smartFilterBar-btnBasicSearch-I\")]"}
COMMAND: POST /session/b650fd7e5e1a135de288473492e14b1e/element/f.07281D0795E18F1137881718A79AE278.d.00A1E21384A63E5EDF98E098DBD7A4BE.e.17459/clear - {}
RESULT: {}
COMMAND: POST /session/b650fd7e5e1a135de288473492e14b1e/element/f.07281D0795E18F1137881718A79AE278.d.00A1E21384A63E5EDF98E098DBD7A4BE.e.17459/value - {"text":"30256"}
COMMAND: GET /session/b650fd7e5e1a135de288473492e14b1e/screenshot - {}
RESULT: {"text":"30256"}
COMMAND: GET /session/b650fd7e5e1a135de288473492e14b1e/screenshot - {}
RESULT: {}
RESULT: {}
COMMAND: POST /session/b650fd7e5e1a135de288473492e14b1e/actions - {"actions":[{"id":"action56","type":"key","parameters":{},"actions":[{"type":"keyDown","value":""},{"type":"pause","duration":10},{"type":"keyUp","value":""}]}]}
RESULT: {"actions":[{"id":"action56","type":"key","parameters":{},"actions":[{"type":"keyDown","value":""},{"type":"pause","duration":10},{"type":"keyUp","value":""}]}]}
COMMAND: GET /session/b650fd7e5e1a135de288473492e14b1e/screenshot - {}
RESULT: {}
COMMAND: POST /session/b650fd7e5e1a135de288473492e14b1e/execute/async - {"script":"<script> [1562 bytes]","args":[{"selector":{"controlType":"sap.ui.core.Icon","viewName":"etm.portal.ui.managehandovers.view.MasterHO","properties":{"src":{"regex":{"source":"slim\\-arrow\\-right"}}}},"wdio_ui5_key":"etmportal.ui.managehandovers.view.MasterHOsap.ui.core.Icon{\"src\":{\"regex\":{\"source\":\"slim\\\\-arrow\\\\-right\"}}}"}]}
RESULT: {"script":"<script> [1562 bytes]","args":[{"selector":{"controlType":"sap.ui.core.Icon","viewName":"etm.portal.ui.managehandovers.view.MasterHO","properties":{"src":{"regex":{"source":"slim\\-arrow\\-right"}}}},"wdio_ui5_key":"etmportal.ui.managehandovers.view.MasterHOsap.ui.core.Icon{\"src\":{\"regex\":{\"source\":\"slim\\\\-arrow\\\\-right\"}}}"}]}
RESULT: undefined
COMMAND: POST /session/b650fd7e5e1a135de288473492e14b1e/element - {"using":"xpath","value":"//*[@id=\"__item32-__clone16-imgNav\"]"}
RESULT: {"using":"xpath","value":"//*[@id=\"__item32-__clone16-imgNav\"]"}
COMMAND: POST /session/b650fd7e5e1a135de288473492e14b1e/element/f.07281D0795E18F1137881718A79AE278.d.00A1E21384A63E5EDF98E098DBD7A4BE.e.17563/click - {}
RESULT: {}
COMMAND: GET /session/b650fd7e5e1a135de288473492e14b1e/screenshot - {}
RESULT: {}
COMMAND: POST /session/b650fd7e5e1a135de288473492e14b1e/execute/async - {"script":"<script> [1562 bytes]","args":[{"selector":{"controlType":"sap.m.ObjectStatus","viewName":"etm.portal.ui.managehandovers.view.DetailManageHO","viewId":"application-managehandovers-display-component---detailManageHO","labelFor":{"text":"Status"}},"wdio_ui5_key":"etmportal.ui.managehandovers.view.DetailManageHOsap.m.ObjectStatus{\"text\":\"Status\"}"}]}
RESULT: {"script":"<script> [1562 bytes]","args":[{"selector":{"controlType":"sap.m.ObjectStatus","viewName":"etm.portal.ui.managehandovers.view.DetailManageHO","viewId":"application-managehandovers-display-component---detailManageHO","labelFor":{"text":"Status"}},"wdio_ui5_key":"etmportal.ui.managehandovers.view.DetailManageHOsap.m.ObjectStatus{\"text\":\"Status\"}"}]}
RESULT: undefined
COMMAND: POST /session/b650fd7e5e1a135de288473492e14b1e/execute/async - {"script":"<script> [6424 bytes]","args":[{"element-6066-11e4-a52e-4f735466cecf":"f.07281D0795E18F1137881718A79AE278.d.00A1E21384A63E5EDF98E098DBD7A4BE.e.17651"},"getText",[]]}
RESULT: {"script":"<script> [6424 bytes]","args":[{"element-6066-11e4-a52e-4f735466cecf":"f.07281D0795E18F1137881718A79AE278.d.00A1E21384A63E5EDF98E098DBD7A4BE.e.17651"},"getText",[]]}
COMMAND: POST /session/b650fd7e5e1a135de288473492e14b1e/element - {"using":"xpath","value":"//a[contains(@data-kt ,\"GeneralSectionSendContractLink\")]"}
RESULT: {"using":"xpath","value":"//a[contains(@data-kt ,\"GeneralSectionSendContractLink\")]"}
COMMAND: POST /session/b650fd7e5e1a135de288473492e14b1e/element/f.07281D0795E18F1137881718A79AE278.d.00A1E21384A63E5EDF98E098DBD7A4BE.e.17652/click - {}
RESULT: {}
COMMAND: GET /session/b650fd7e5e1a135de288473492e14b1e/screenshot - {}
RESULT: {}
COMMAND: POST /session/b650fd7e5e1a135de288473492e14b1e/element - {"using":"xpath","value":"//a[contains(@data-kt ,\"ContextMenuId2Link\")]"}
RESULT: {"using":"xpath","value":"//a[contains(@data-kt ,\"ContextMenuId2Link\")]"}
COMMAND: POST /session/b650fd7e5e1a135de288473492e14b1e/element/f.07281D0795E18F1137881718A79AE278.d.00A1E21384A63E5EDF98E098DBD7A4BE.e.17655/click - {}
RESULT: {}
COMMAND: GET /session/b650fd7e5e1a135de288473492e14b1e/screenshot - {}
RESULT: {}
RESULT: undefined
COMMAND: POST /session/b650fd7e5e1a135de288473492e14b1e/execute/async - {"script":"<script> [1562 bytes]","args":[{"selector":{"id":"headerBillingItemsTabFilter","viewName":"etm.portal.ui.managecontracts.view.Detail","interaction":{"idSuffix":"text"}},"wdio_ui5_key":"headerBillingItemsTabFilteretmportal.ui.managecontracts.view.Detail"}]}
RESULT: {"script":"<script> [1562 bytes]","args":[{"selector":{"id":"headerBillingItemsTabFilter","viewName":"etm.portal.ui.managecontracts.view.Detail","interaction":{"idSuffix":"text"}},"wdio_ui5_key":"headerBillingItemsTabFilteretmportal.ui.managecontracts.view.Detail"}]}
RESULT: undefined
COMMAND: POST /session/b650fd7e5e1a135de288473492e14b1e/element - {"using":"xpath","value":"//*[@id=\"__xmlview2--headerBillingItemsTabFilter\"]"}
RESULT: {"using":"xpath","value":"//*[@id=\"__xmlview2--headerBillingItemsTabFilter\"]"}
COMMAND: POST /session/b650fd7e5e1a135de288473492e14b1e/element/f.07281D0795E18F1137881718A79AE278.d.00A1E21384A63E5EDF98E098DBD7A4BE.e.17877/click - {}
RESULT: {}
COMMAND: GET /session/b650fd7e5e1a135de288473492e14b1e/screenshot - {}
RESULT: {}
COMMAND: POST /session/b650fd7e5e1a135de288473492e14b1e/execute/async - {"script":"<script> [1562 bytes]","args":[{"selector":{"controlType":"sap.m.ObjectStatus","viewName":"etm.portal.ui.managecontracts.view.Detail","bindingPath":{"path":"/SmartContractItems(CONTRACT='10140',ITEM=10m,SUB_ITEM=0m)","propertyPath":"STATUS"}},"wdio_ui5_key":"etmportal.ui.managecontracts.view.Detailsap.m.ObjectStatus{\"path\":\"/SmartContractItems(CONTRACT='10140',ITEM=10m,SUB_ITEM=0m)\",\"propertyPath\":\"STATUS\"}"}]}
RESULT: {"script":"<script> [1562 bytes]","args":[{"selector":{"controlType":"sap.m.ObjectStatus","viewName":"etm.portal.ui.managecontracts.view.Detail","bindingPath":{"path":"/SmartContractItems(CONTRACT='10140',ITEM=10m,SUB_ITEM=0m)","propertyPath":"STATUS"}},"wdio_ui5_key":"etmportal.ui.managecontracts.view.Detailsap.m.ObjectStatus{\"path\":\"/SmartContractItems(CONTRACT='10140',ITEM=10m,SUB_ITEM=0m)\",\"propertyPath\":\"STATUS\"}"}]}
RESULT: undefined
COMMAND: POST /session/b650fd7e5e1a135de288473492e14b1e/execute/async - {"script":"<script> [6424 bytes]","args":[{"element-6066-11e4-a52e-4f735466cecf":"f.07281D0795E18F1137881718A79AE278.d.00A1E21384A63E5EDF98E098DBD7A4BE.e.17881"},"getText",[]]}
RESULT: {"script":"<script> [6424 bytes]","args":[{"element-6066-11e4-a52e-4f735466cecf":"f.07281D0795E18F1137881718A79AE278.d.00A1E21384A63E5EDF98E098DBD7A4BE.e.17881"},"getText",[]]}
COMMAND: DELETE /session/b650fd7e5e1a135de288473492e14b1e - {}
RESULT: {}
]]></system-out>
    </testcase>
  </testsuite>
</testsuites>