<?xml version="1.0" encoding="UTF-8"?>
<testsuites tests="7" failures="3" errors="3" skipped="0">
  <testsuite timestamp="2025-05-23T15:28:44" time="649.502" tests="7" failures="3" errors="3" skipped="0">
    <properties>
      <property name="specId" value="0"/>
      <property name="suiteName" value="Related resources for groups US139107"/>
      <property name="capabilities" value="chrome.136_0_7103_93.windows"/>
      <property name="file" value="file:///D:/a/1/s/test/specs/R2C/related-resources-area-rpg.spec.js"/>
    </properties>
    <testcase classname="chrome.136_0_7103_93.windows.Related_resources_for_groups_US139107" name="Should create a new yard" time="118.571">
      <system-out><![CDATA[
COMMAND: POST /session/36472aa8408142ceab4c0ded5da7d216/execute/async - {"script":"<script> [1562 bytes]","args":[{"selector":{"controlType":"sap.m.GenericTile","properties":{"header":"Manage Yards"}},"wdio_ui5_key":"sapm.GenericTile{\"header\":\"Manage Yards\"}"}]}
RESULT: {"script":"<script> [1562 bytes]","args":[{"selector":{"controlType":"sap.m.GenericTile","properties":{"header":"Manage Yards"}},"wdio_ui5_key":"sapm.GenericTile{\"header\":\"Manage Yards\"}"}]}
RESULT: undefined
COMMAND: POST /session/36472aa8408142ceab4c0ded5da7d216/element - {"using":"xpath","value":"//*[@id=\"__tile41\"]"}
RESULT: {"using":"xpath","value":"//*[@id=\"__tile41\"]"}
COMMAND: POST /session/36472aa8408142ceab4c0ded5da7d216/element/f.CD0A1DC8B4A70FA2CDB1F936D20A42FA.d.54C48CD8B65A1E037C28E5E87E75C971.e.113/click - {}
RESULT: {}
COMMAND: GET /session/36472aa8408142ceab4c0ded5da7d216/screenshot - {}
RESULT: {}
COMMAND: POST /session/36472aa8408142ceab4c0ded5da7d216/elements - {"using":"xpath","value":"//span[text()='Error']"}
RESULT: {"using":"xpath","value":"//span[text()='Error']"}
COMMAND: POST /session/36472aa8408142ceab4c0ded5da7d216/execute/async - {"script":"<script> [1562 bytes]","args":[{"selector":{"controlType":"sap.ui.core.Icon","viewName":"etm.portal.ui.manageyards.view.Master","viewId":"application-manageyards-display-component---masterYard","properties":{"src":{"regex":{"source":"add"}}}},"wdio_ui5_key":"etmportal.ui.manageyards.view.Mastersap.ui.core.Icon{\"src\":{\"regex\":{\"source\":\"add\"}}}"}]}
RESULT: {"script":"<script> [1562 bytes]","args":[{"selector":{"controlType":"sap.ui.core.Icon","viewName":"etm.portal.ui.manageyards.view.Master","viewId":"application-manageyards-display-component---masterYard","properties":{"src":{"regex":{"source":"add"}}}},"wdio_ui5_key":"etmportal.ui.manageyards.view.Mastersap.ui.core.Icon{\"src\":{\"regex\":{\"source\":\"add\"}}}"}]}
RESULT: undefined
COMMAND: POST /session/36472aa8408142ceab4c0ded5da7d216/element - {"using":"xpath","value":"//*[@id=\"__button4-img\"]"}
RESULT: {"using":"xpath","value":"//*[@id=\"__button4-img\"]"}
COMMAND: POST /session/36472aa8408142ceab4c0ded5da7d216/element/f.CD0A1DC8B4A70FA2CDB1F936D20A42FA.d.54C48CD8B65A1E037C28E5E87E75C971.e.163/click - {}
RESULT: {}
COMMAND: GET /session/36472aa8408142ceab4c0ded5da7d216/screenshot - {}
RESULT: {}
COMMAND: POST /session/36472aa8408142ceab4c0ded5da7d216/execute/async - {"script":"<script> [1562 bytes]","args":[{"selector":{"id":"application-manageyards-display-component---NewYard--yardId","interaction":{"idSuffix":"inner"}},"wdio_ui5_key":"applicationmanageyards-display-component---NewYard--yardId"}]}
RESULT: {"script":"<script> [1562 bytes]","args":[{"selector":{"id":"application-manageyards-display-component---NewYard--yardId","interaction":{"idSuffix":"inner"}},"wdio_ui5_key":"applicationmanageyards-display-component---NewYard--yardId"}]}
RESULT: undefined
COMMAND: POST /session/36472aa8408142ceab4c0ded5da7d216/element - {"using":"xpath","value":"//*[@id=\"application-manageyards-display-component---NewYard--addressDetailDetailsName1-inner\"]"}
RESULT: {"using":"xpath","value":"//*[@id=\"application-manageyards-display-component---NewYard--addressDetailDetailsName1-inner\"]"}
COMMAND: POST /session/36472aa8408142ceab4c0ded5da7d216/element/f.CD0A1DC8B4A70FA2CDB1F936D20A42FA.d.54C48CD8B65A1E037C28E5E87E75C971.e.375/clear - {}
RESULT: {}
COMMAND: POST /session/36472aa8408142ceab4c0ded5da7d216/element/f.CD0A1DC8B4A70FA2CDB1F936D20A42FA.d.54C48CD8B65A1E037C28E5E87E75C971.e.375/value - {"text":"WebdriverYardpr5f6"}
COMMAND: GET /session/36472aa8408142ceab4c0ded5da7d216/screenshot - {}
RESULT: {"text":"WebdriverYardpr5f6"}
COMMAND: POST /session/36472aa8408142ceab4c0ded5da7d216/element - {"using":"xpath","value":"//*[@id=\"application-manageyards-display-component---NewYard--addressDetailDetailsLanguage-inner\"]"}
COMMAND: GET /session/36472aa8408142ceab4c0ded5da7d216/screenshot - {}
RESULT: {}
RESULT: {"using":"xpath","value":"//*[@id=\"application-manageyards-display-component---NewYard--addressDetailDetailsLanguage-inner\"]"}
COMMAND: POST /session/36472aa8408142ceab4c0ded5da7d216/element/f.CD0A1DC8B4A70FA2CDB1F936D20A42FA.d.54C48CD8B65A1E037C28E5E87E75C971.e.376/clear - {}
RESULT: {}
RESULT: {}
COMMAND: POST /session/36472aa8408142ceab4c0ded5da7d216/element/f.CD0A1DC8B4A70FA2CDB1F936D20A42FA.d.54C48CD8B65A1E037C28E5E87E75C971.e.376/value - {"text":"Romanian"}
COMMAND: GET /session/36472aa8408142ceab4c0ded5da7d216/screenshot - {}
RESULT: {"text":"Romanian"}
COMMAND: POST /session/36472aa8408142ceab4c0ded5da7d216/element - {"using":"xpath","value":"//input[contains(@id ,\"application-manageyards-display-component---NewYard--addressDetailDetailsName1-inner\")]"}
COMMAND: GET /session/36472aa8408142ceab4c0ded5da7d216/screenshot - {}
RESULT: {}
RESULT: {"using":"xpath","value":"//input[contains(@id ,\"application-manageyards-display-component---NewYard--addressDetailDetailsName1-inner\")]"}
COMMAND: GET /session/36472aa8408142ceab4c0ded5da7d216/element/f.CD0A1DC8B4A70FA2CDB1F936D20A42FA.d.54C48CD8B65A1E037C28E5E87E75C971.e.375/property/value - {}
RESULT: {}
RESULT: {}
COMMAND: GET /session/36472aa8408142ceab4c0ded5da7d216/screenshot - {}
RESULT: {}
COMMAND: POST /session/36472aa8408142ceab4c0ded5da7d216/element - {"using":"xpath","value":"//*[@id=\"application-manageyards-display-component---NewYard--addressDetailDetailsCity1-inner\"]"}
RESULT: {"using":"xpath","value":"//*[@id=\"application-manageyards-display-component---NewYard--addressDetailDetailsCity1-inner\"]"}
COMMAND: POST /session/36472aa8408142ceab4c0ded5da7d216/element/f.CD0A1DC8B4A70FA2CDB1F936D20A42FA.d.54C48CD8B65A1E037C28E5E87E75C971.e.378/clear - {}
RESULT: {}
COMMAND: POST /session/36472aa8408142ceab4c0ded5da7d216/element/f.CD0A1DC8B4A70FA2CDB1F936D20A42FA.d.54C48CD8B65A1E037C28E5E87E75C971.e.378/value - {"text":"Bucuresti"}
COMMAND: GET /session/36472aa8408142ceab4c0ded5da7d216/screenshot - {}
RESULT: {"text":"Bucuresti"}
COMMAND: GET /session/36472aa8408142ceab4c0ded5da7d216/screenshot - {}
RESULT: {}
RESULT: {}
COMMAND: POST /session/36472aa8408142ceab4c0ded5da7d216/element - {"using":"xpath","value":"//*[@id=\"application-manageyards-display-component---NewYard--addressDetailDetailsCountry-inner\"]"}
RESULT: {"using":"xpath","value":"//*[@id=\"application-manageyards-display-component---NewYard--addressDetailDetailsCountry-inner\"]"}
COMMAND: POST /session/36472aa8408142ceab4c0ded5da7d216/element/f.CD0A1DC8B4A70FA2CDB1F936D20A42FA.d.54C48CD8B65A1E037C28E5E87E75C971.e.382/clear - {}
RESULT: {}
COMMAND: POST /session/36472aa8408142ceab4c0ded5da7d216/element/f.CD0A1DC8B4A70FA2CDB1F936D20A42FA.d.54C48CD8B65A1E037C28E5E87E75C971.e.382/value - {"text":"Romania"}
COMMAND: GET /session/36472aa8408142ceab4c0ded5da7d216/screenshot - {}
RESULT: {"text":"Romania"}
COMMAND: GET /session/36472aa8408142ceab4c0ded5da7d216/screenshot - {}
RESULT: {}
RESULT: {}
COMMAND: POST /session/36472aa8408142ceab4c0ded5da7d216/element - {"using":"xpath","value":"//div[contains(text(), \"Commercial\")]"}
RESULT: {"using":"xpath","value":"//div[contains(text(), \"Commercial\")]"}
COMMAND: GET /session/36472aa8408142ceab4c0ded5da7d216/element/f.CD0A1DC8B4A70FA2CDB1F936D20A42FA.d.54C48CD8B65A1E037C28E5E87E75C971.e.571/rect - {}
RESULT: {}
COMMAND: GET /session/36472aa8408142ceab4c0ded5da7d216/window/rect - {}
RESULT: {}
COMMAND: POST /session/36472aa8408142ceab4c0ded5da7d216/execute/sync - {"script":"<script> [92 bytes]","args":[]}
RESULT: {"script":"<script> [92 bytes]","args":[]}
COMMAND: POST /session/36472aa8408142ceab4c0ded5da7d216/actions - {"actions":[{"id":"action1","type":"wheel","parameters":{},"actions":[{"type":"scroll","x":-1841,"y":-44,"deltaX":0,"deltaY":0,"duration":0,"origin":{"element-6066-11e4-a52e-4f735466cecf":"f.CD0A1DC8B4A70FA2CDB1F936D20A42FA.d.54C48CD8B65A1E037C28E5E87E75C971.e.571"}}]}]}
COMMAND: GET /session/36472aa8408142ceab4c0ded5da7d216/screenshot - {}
RESULT: {}
COMMAND: POST /session/36472aa8408142ceab4c0ded5da7d216/execute/sync - {"script":"<script> [79 bytes]","args":[{"element-6066-11e4-a52e-4f735466cecf":"f.CD0A1DC8B4A70FA2CDB1F936D20A42FA.d.54C48CD8B65A1E037C28E5E87E75C971.e.571","ELEMENT":"f.CD0A1DC8B4A70FA2CDB1F936D20A42FA.d.54C48CD8B65A1E037C28E5E87E75C971.e.571"},{"block":"start","inline":"nearest"}]}
RESULT: {"script":"<script> [79 bytes]","args":[{"element-6066-11e4-a52e-4f735466cecf":"f.CD0A1DC8B4A70FA2CDB1F936D20A42FA.d.54C48CD8B65A1E037C28E5E87E75C971.e.571","ELEMENT":"f.CD0A1DC8B4A70FA2CDB1F936D20A42FA.d.54C48CD8B65A1E037C28E5E87E75C971.e.571"},{"block":"start","inline":"nearest"}]}
COMMAND: GET /session/36472aa8408142ceab4c0ded5da7d216/screenshot - {}
RESULT: {}
COMMAND: POST /session/36472aa8408142ceab4c0ded5da7d216/execute/async - {"script":"<script> [1562 bytes]","args":[{"selector":{"id":"application-manageyards-display-component---NewYard--addressEditDetailsCostObjectCstType-arrow"},"wdio_ui5_key":"applicationmanageyards-display-component---NewYard--addressEditDetailsCostObjectCstType-arrow"}]}
RESULT: {"script":"<script> [1562 bytes]","args":[{"selector":{"id":"application-manageyards-display-component---NewYard--addressEditDetailsCostObjectCstType-arrow"},"wdio_ui5_key":"applicationmanageyards-display-component---NewYard--addressEditDetailsCostObjectCstType-arrow"}]}
RESULT: undefined
COMMAND: POST /session/36472aa8408142ceab4c0ded5da7d216/element - {"using":"xpath","value":"//*[@id=\"application-manageyards-display-component---NewYard--addressEditDetailsCostObjectCstType-arrow\"]"}
RESULT: {"using":"xpath","value":"//*[@id=\"application-manageyards-display-component---NewYard--addressEditDetailsCostObjectCstType-arrow\"]"}
COMMAND: POST /session/36472aa8408142ceab4c0ded5da7d216/element/f.CD0A1DC8B4A70FA2CDB1F936D20A42FA.d.54C48CD8B65A1E037C28E5E87E75C971.e.579/click - {}
RESULT: {}
COMMAND: POST /session/36472aa8408142ceab4c0ded5da7d216/element - {"using":"xpath","value":"//span[contains(text(), \"Cost Center\")]"}
COMMAND: GET /session/36472aa8408142ceab4c0ded5da7d216/screenshot - {}
RESULT: {"using":"xpath","value":"//span[contains(text(), \"Cost Center\")]"}
COMMAND: POST /session/36472aa8408142ceab4c0ded5da7d216/element/f.CD0A1DC8B4A70FA2CDB1F936D20A42FA.d.54C48CD8B65A1E037C28E5E87E75C971.e.580/click - {}
RESULT: {}
RESULT: {}
COMMAND: GET /session/36472aa8408142ceab4c0ded5da7d216/screenshot - {}
RESULT: {}
COMMAND: POST /session/36472aa8408142ceab4c0ded5da7d216/execute/async - {"script":"<script> [1562 bytes]","args":[{"selector":{"id":"application-manageyards-display-component---NewYard--addressNewCostObjectCstID-vhi"},"wdio_ui5_key":"applicationmanageyards-display-component---NewYard--addressNewCostObjectCstID-vhi"}]}
RESULT: {"script":"<script> [1562 bytes]","args":[{"selector":{"id":"application-manageyards-display-component---NewYard--addressNewCostObjectCstID-vhi"},"wdio_ui5_key":"applicationmanageyards-display-component---NewYard--addressNewCostObjectCstID-vhi"}]}
RESULT: undefined
COMMAND: POST /session/36472aa8408142ceab4c0ded5da7d216/element - {"using":"xpath","value":"//*[@id=\"application-manageyards-display-component---NewYard--addressNewCostObjectCstID-vhi\"]"}
RESULT: {"using":"xpath","value":"//*[@id=\"application-manageyards-display-component---NewYard--addressNewCostObjectCstID-vhi\"]"}
COMMAND: POST /session/36472aa8408142ceab4c0ded5da7d216/element/f.CD0A1DC8B4A70FA2CDB1F936D20A42FA.d.54C48CD8B65A1E037C28E5E87E75C971.e.595/click - {}
RESULT: {}
COMMAND: GET /session/36472aa8408142ceab4c0ded5da7d216/screenshot - {}
RESULT: {}
COMMAND: POST /session/36472aa8408142ceab4c0ded5da7d216/execute/async - {"script":"<script> [1562 bytes]","args":[{"selector":{"controlType":"sap.m.SearchField","properties":{"placeholder":"Search"},"searchOpenDialogs":true,"interaction":{"idSuffix":"I"}},"wdio_ui5_key":"sapm.SearchField{\"placeholder\":\"Search\"}"}]}
RESULT: {"script":"<script> [1562 bytes]","args":[{"selector":{"controlType":"sap.m.SearchField","properties":{"placeholder":"Search"},"searchOpenDialogs":true,"interaction":{"idSuffix":"I"}},"wdio_ui5_key":"sapm.SearchField{\"placeholder\":\"Search\"}"}]}
RESULT: undefined
COMMAND: POST /session/36472aa8408142ceab4c0ded5da7d216/execute/async - {"script":"<script> [776 bytes]","args":[{"enterText":"10001013","selector":{"controlType":"sap.m.SearchField","properties":{"placeholder":"Search"},"searchOpenDialogs":true,"interaction":{"idSuffix":"I"}},"clearTextFirst":true,"interactionType":"ENTER_TEXT"}]}
RESULT: {"script":"<script> [776 bytes]","args":[{"enterText":"10001013","selector":{"controlType":"sap.m.SearchField","properties":{"placeholder":"Search"},"searchOpenDialogs":true,"interaction":{"idSuffix":"I"}},"clearTextFirst":true,"interactionType":"ENTER_TEXT"}]}
COMMAND: POST /session/36472aa8408142ceab4c0ded5da7d216/actions - {"actions":[{"id":"action2","type":"key","parameters":{},"actions":[{"type":"keyDown","value":""},{"type":"pause","duration":10},{"type":"keyUp","value":""}]}]}
RESULT: {"actions":[{"id":"action2","type":"key","parameters":{},"actions":[{"type":"keyDown","value":""},{"type":"pause","duration":10},{"type":"keyUp","value":""}]}]}
COMMAND: GET /session/36472aa8408142ceab4c0ded5da7d216/screenshot - {}
RESULT: {}
COMMAND: POST /session/36472aa8408142ceab4c0ded5da7d216/element - {"using":"xpath","value":"//span[contains(text(), \"General Management\")]"}
RESULT: {"using":"xpath","value":"//span[contains(text(), \"General Management\")]"}
COMMAND: POST /session/36472aa8408142ceab4c0ded5da7d216/element/f.CD0A1DC8B4A70FA2CDB1F936D20A42FA.d.54C48CD8B65A1E037C28E5E87E75C971.e.636/click - {}
RESULT: {}
COMMAND: GET /session/36472aa8408142ceab4c0ded5da7d216/screenshot - {}
RESULT: {}
COMMAND: POST /session/36472aa8408142ceab4c0ded5da7d216/element - {"using":"xpath","value":"//bdi[contains(text(), \"OK\")]"}
RESULT: {"using":"xpath","value":"//bdi[contains(text(), \"OK\")]"}
COMMAND: POST /session/36472aa8408142ceab4c0ded5da7d216/element/f.CD0A1DC8B4A70FA2CDB1F936D20A42FA.d.54C48CD8B65A1E037C28E5E87E75C971.e.637/click - {}
RESULT: {}
COMMAND: GET /session/36472aa8408142ceab4c0ded5da7d216/screenshot - {}
RESULT: {}
COMMAND: POST /session/36472aa8408142ceab4c0ded5da7d216/execute/async - {"script":"<script> [1562 bytes]","args":[{"selector":{"controlType":"sap.m.Button","viewName":"etm.portal.ui.manageyards.view.New","viewId":"application-manageyards-display-component---NewYard","i18NText":{"propertyName":"text","key":"save"},"interaction":{"idSuffix":"inner"}},"wdio_ui5_key":"etmportal.ui.manageyards.view.Newsap.m.Button{\"propertyName\":\"text\",\"key\":\"save\"}"}]}
RESULT: {"script":"<script> [1562 bytes]","args":[{"selector":{"controlType":"sap.m.Button","viewName":"etm.portal.ui.manageyards.view.New","viewId":"application-manageyards-display-component---NewYard","i18NText":{"propertyName":"text","key":"save"},"interaction":{"idSuffix":"inner"}},"wdio_ui5_key":"etmportal.ui.manageyards.view.Newsap.m.Button{\"propertyName\":\"text\",\"key\":\"save\"}"}]}
RESULT: undefined
COMMAND: POST /session/36472aa8408142ceab4c0ded5da7d216/element - {"using":"xpath","value":"//*[@id=\"__button18\"]"}
RESULT: {"using":"xpath","value":"//*[@id=\"__button18\"]"}
COMMAND: POST /session/36472aa8408142ceab4c0ded5da7d216/element/f.CD0A1DC8B4A70FA2CDB1F936D20A42FA.d.54C48CD8B65A1E037C28E5E87E75C971.e.532/click - {}
RESULT: {}
COMMAND: GET /session/36472aa8408142ceab4c0ded5da7d216/screenshot - {}
RESULT: {}
COMMAND: POST /session/36472aa8408142ceab4c0ded5da7d216/element - {"using":"xpath","value":"//header/div/div[2]/div[2]/span"}
RESULT: {"using":"xpath","value":"//header/div/div[2]/div[2]/span"}
COMMAND: GET /session/36472aa8408142ceab4c0ded5da7d216/element/f.CD0A1DC8B4A70FA2CDB1F936D20A42FA.d.54C48CD8B65A1E037C28E5E87E75C971.e.833/text - {}
RESULT: {}
COMMAND: POST /session/36472aa8408142ceab4c0ded5da7d216/execute/async - {"script":"<script> [1562 bytes]","args":[{"selector":{"controlType":"sap.m.OverflowToolbarButton","viewName":"etm.portal.ui.manageyards.view.Detail","viewId":"application-manageyards-display-component---detailYard","i18NText":{"propertyName":"tooltip","key":"closeColumn"},"interaction":{"idSuffix":"inner"}},"wdio_ui5_key":"etmportal.ui.manageyards.view.Detailsap.m.OverflowToolbarButton{\"propertyName\":\"tooltip\",\"key\":\"closeColumn\"}"}]}
RESULT: {"script":"<script> [1562 bytes]","args":[{"selector":{"controlType":"sap.m.OverflowToolbarButton","viewName":"etm.portal.ui.manageyards.view.Detail","viewId":"application-manageyards-display-component---detailYard","i18NText":{"propertyName":"tooltip","key":"closeColumn"},"interaction":{"idSuffix":"inner"}},"wdio_ui5_key":"etmportal.ui.manageyards.view.Detailsap.m.OverflowToolbarButton{\"propertyName\":\"tooltip\",\"key\":\"closeColumn\"}"}]}
RESULT: undefined
COMMAND: POST /session/36472aa8408142ceab4c0ded5da7d216/element - {"using":"xpath","value":"//*[@id=\"__button42\"]"}
RESULT: {"using":"xpath","value":"//*[@id=\"__button42\"]"}
COMMAND: POST /session/36472aa8408142ceab4c0ded5da7d216/element/f.CD0A1DC8B4A70FA2CDB1F936D20A42FA.d.54C48CD8B65A1E037C28E5E87E75C971.e.835/click - {}
RESULT: {}
COMMAND: GET /session/36472aa8408142ceab4c0ded5da7d216/screenshot - {}
RESULT: {}
COMMAND: POST /session/36472aa8408142ceab4c0ded5da7d216/element - {"using":"css selector","value":"#shell-header-logo"}
RESULT: {"using":"css selector","value":"#shell-header-logo"}
COMMAND: POST /session/36472aa8408142ceab4c0ded5da7d216/element/f.CD0A1DC8B4A70FA2CDB1F936D20A42FA.d.54C48CD8B65A1E037C28E5E87E75C971.e.116/click - {}
RESULT: {}
COMMAND: GET /session/36472aa8408142ceab4c0ded5da7d216/screenshot - {}
RESULT: {}
COMMAND: POST /session/36472aa8408142ceab4c0ded5da7d216/refresh - {}
RESULT: {}
COMMAND: GET /session/36472aa8408142ceab4c0ded5da7d216/screenshot - {}
RESULT: {}
COMMAND: POST /session/36472aa8408142ceab4c0ded5da7d216/execute/async - {"script":"<script> [189 bytes]","args":[]}
RESULT: {"script":"<script> [189 bytes]","args":[]}
COMMAND: POST /session/36472aa8408142ceab4c0ded5da7d216/execute/async - {"script":"<script> [123 bytes]","args":[]}
RESULT: {"script":"<script> [123 bytes]","args":[]}
COMMAND: POST /session/36472aa8408142ceab4c0ded5da7d216/timeouts - {"script":"<number>"}
RESULT: {"script":"<number>"}
COMMAND: GET /session/36472aa8408142ceab4c0ded5da7d216/timeouts - {}
RESULT: {}
RESULT: undefined
COMMAND: POST /session/36472aa8408142ceab4c0ded5da7d216/execute/async - {"script":"<script> [2676 bytes]","args":[]}
RESULT: {"script":"<script> [2676 bytes]","args":[]}
COMMAND: POST /session/36472aa8408142ceab4c0ded5da7d216/execute/async - {"script":"<script> [2342 bytes]","args":[{"protocol":"http","hostname":"0.0.0.0","path":"/","capabilities":{"browserName":"chrome","goog:chromeOptions":{"binary":"C:\\Program Files\\Google\\Chrome\\Application\\chrome.exe","args":["--start-maximized"]}},"logLevel":"warn","connectionRetryTimeout":120000,"connectionRetryCount":3,"logLevels":{},"enableDirectConnect":true,"strictSSL":true,"_":"65 more keys: [\"cacheDir\",\"port\",\"requestedCapabilities\",\"automationProtocol\",\"baseUrl\",\"waitforInterval\",\"waitforTimeout\",\"onReload\",\"beforeCommand\",\"afterCommand\",\"rootDir\",\"specs\",\"suites\",\"exclude\",\"groupLogsByTestSpec\",\"excludeDriverLogs\",\"bail\",\"framework\",\"reporters\",\"services\",\"maxInstances\",\"maxInstancesPerCapability\",\"injectGlobals\",\"filesToWatch\",\"execArgv\",\"runnerEnv\",\"runner\",\"shard\",\"specFileRetries\",\"specFileRetriesDelay\",\"specFileRetriesDeferred\",\"reporterSyncInterval\",\"reporterSyncTimeout\",\"cucumberFeaturesWithLineNumbers\",\"autoCompileOpts\",\"mochaOpts\",\"jasmineOpts\",\"cucumberOpts\",\"onPrepare\",\"onWorkerStart\",\"onWorkerEnd\",\"before\",\"beforeSession\",\"beforeSuite\",\"beforeHook\",\"beforeTest\",\"afterTest\",\"afterHook\",\"afterSuite\",\"afterSession\",\"after\",\"onComplete\",\"beforeAssertion\",\"afterAssertion\",\"beforeFeature\",\"beforeScenario\",\"beforeStep\",\"afterStep\",\"afterScenario\",\"afterFeature\",\"_\",\"suite\",\"$0\",\"ignoredWorkerServices\",\"wdi5\"]"}]}
RESULT: {"script":"<script> [2342 bytes]","args":[{"protocol":"http","hostname":"0.0.0.0","path":"/","capabilities":{"browserName":"chrome","goog:chromeOptions":{"binary":"C:\\Program Files\\Google\\Chrome\\Application\\chrome.exe","args":["--start-maximized"]}},"logLevel":"warn","connectionRetryTimeout":120000,"connectionRetryCount":3,"logLevels":{},"enableDirectConnect":true,"strictSSL":true,"_":"65 more keys: [\"cacheDir\",\"port\",\"requestedCapabilities\",\"automationProtocol\",\"baseUrl\",\"waitforInterval\",\"waitforTimeout\",\"onReload\",\"beforeCommand\",\"afterCommand\",\"rootDir\",\"specs\",\"suites\",\"exclude\",\"groupLogsByTestSpec\",\"excludeDriverLogs\",\"bail\",\"framework\",\"reporters\",\"services\",\"maxInstances\",\"maxInstancesPerCapability\",\"injectGlobals\",\"filesToWatch\",\"execArgv\",\"runnerEnv\",\"runner\",\"shard\",\"specFileRetries\",\"specFileRetriesDelay\",\"specFileRetriesDeferred\",\"reporterSyncInterval\",\"reporterSyncTimeout\",\"cucumberFeaturesWithLineNumbers\",\"autoCompileOpts\",\"mochaOpts\",\"jasmineOpts\",\"cucumberOpts\",\"onPrepare\",\"onWorkerStart\",\"onWorkerEnd\",\"before\",\"beforeSession\",\"beforeSuite\",\"beforeHook\",\"beforeTest\",\"afterTest\",\"afterHook\",\"afterSuite\",\"afterSession\",\"after\",\"onComplete\",\"beforeAssertion\",\"afterAssertion\",\"beforeFeature\",\"beforeScenario\",\"beforeStep\",\"afterStep\",\"afterScenario\",\"afterFeature\",\"_\",\"suite\",\"$0\",\"ignoredWorkerServices\",\"wdi5\"]"}]}
COMMAND: POST /session/36472aa8408142ceab4c0ded5da7d216/execute/async - {"script":"<script> [21126 bytes]","args":[35000]}
RESULT: {"script":"<script> [21126 bytes]","args":[35000]}
]]></system-out>
    </testcase>
    <testcase classname="chrome.136_0_7103_93.windows.Related_resources_for_groups_US139107" name="Should create a resource of type group" time="103.644">
      <system-out><![CDATA[
COMMAND: POST /session/36472aa8408142ceab4c0ded5da7d216/execute/async - {"script":"<script> [1562 bytes]","args":[{"selector":{"controlType":"sap.m.GenericTile","properties":{"header":"Manage Resources"}},"wdio_ui5_key":"sapm.GenericTile{\"header\":\"Manage Resources\"}"}]}
RESULT: {"script":"<script> [1562 bytes]","args":[{"selector":{"controlType":"sap.m.GenericTile","properties":{"header":"Manage Resources"}},"wdio_ui5_key":"sapm.GenericTile{\"header\":\"Manage Resources\"}"}]}
RESULT: undefined
COMMAND: POST /session/36472aa8408142ceab4c0ded5da7d216/element - {"using":"xpath","value":"//*[@id=\"__tile39\"]"}
RESULT: {"using":"xpath","value":"//*[@id=\"__tile39\"]"}
COMMAND: POST /session/36472aa8408142ceab4c0ded5da7d216/element/f.CD0A1DC8B4A70FA2CDB1F936D20A42FA.d.C56014BBA5B717B7FA31A98212CE83F6.e.1185/click - {}
RESULT: {}
COMMAND: GET /session/36472aa8408142ceab4c0ded5da7d216/screenshot - {}
RESULT: {}
COMMAND: POST /session/36472aa8408142ceab4c0ded5da7d216/elements - {"using":"xpath","value":"//span[text()='Error']"}
RESULT: {"using":"xpath","value":"//span[text()='Error']"}
COMMAND: POST /session/36472aa8408142ceab4c0ded5da7d216/element - {"using":"xpath","value":"//button[@data-kt=\"addNewRUOverflowToolbarButton\"]"}
RESULT: {"using":"xpath","value":"//button[@data-kt=\"addNewRUOverflowToolbarButton\"]"}
COMMAND: POST /session/36472aa8408142ceab4c0ded5da7d216/execute/sync - {"script":"<script> [8489 bytes]","args":[{"element-6066-11e4-a52e-4f735466cecf":"f.CD0A1DC8B4A70FA2CDB1F936D20A42FA.d.C56014BBA5B717B7FA31A98212CE83F6.e.1230","ELEMENT":"f.CD0A1DC8B4A70FA2CDB1F936D20A42FA.d.C56014BBA5B717B7FA31A98212CE83F6.e.1230"}]}
RESULT: {"script":"<script> [8489 bytes]","args":[{"element-6066-11e4-a52e-4f735466cecf":"f.CD0A1DC8B4A70FA2CDB1F936D20A42FA.d.C56014BBA5B717B7FA31A98212CE83F6.e.1230","ELEMENT":"f.CD0A1DC8B4A70FA2CDB1F936D20A42FA.d.C56014BBA5B717B7FA31A98212CE83F6.e.1230"}]}
COMMAND: POST /session/36472aa8408142ceab4c0ded5da7d216/element/f.CD0A1DC8B4A70FA2CDB1F936D20A42FA.d.C56014BBA5B717B7FA31A98212CE83F6.e.1230/click - {}
COMMAND: GET /session/36472aa8408142ceab4c0ded5da7d216/screenshot - {}
RESULT: {}
COMMAND: GET /session/36472aa8408142ceab4c0ded5da7d216/screenshot - {}
COMMAND: POST /session/36472aa8408142ceab4c0ded5da7d216/execute/async - {"script":"<script> [1562 bytes]","args":[{"selector":{"id":"application-manageresources-display-component---newResourceUnit--TYPE-arrow"},"wdio_ui5_key":"applicationmanageresources-display-component---newResourceUnit--TYPE-arrow"}]}
RESULT: {}
RESULT: {}
RESULT: {"script":"<script> [1562 bytes]","args":[{"selector":{"id":"application-manageresources-display-component---newResourceUnit--TYPE-arrow"},"wdio_ui5_key":"applicationmanageresources-display-component---newResourceUnit--TYPE-arrow"}]}
RESULT: undefined
COMMAND: POST /session/36472aa8408142ceab4c0ded5da7d216/element - {"using":"xpath","value":"//*[@id=\"application-manageresources-display-component---newResourceUnit--TYPE-arrow\"]"}
RESULT: {"using":"xpath","value":"//*[@id=\"application-manageresources-display-component---newResourceUnit--TYPE-arrow\"]"}
COMMAND: POST /session/36472aa8408142ceab4c0ded5da7d216/element/f.CD0A1DC8B4A70FA2CDB1F936D20A42FA.d.C56014BBA5B717B7FA31A98212CE83F6.e.1553/click - {}
RESULT: {}
COMMAND: POST /session/36472aa8408142ceab4c0ded5da7d216/execute/async - {"script":"<script> [1562 bytes]","args":[{"selector":{"controlType":"sap.m.StandardListItem","viewName":"reusables.view.manageresources.NewResourceUnit","viewId":"application-manageresources-display-component---newResourceUnit","properties":{"title":"Group"},"searchOpenDialogs":true,"interaction":{"idSuffix":"content"}},"wdio_ui5_key":"reusablesview.manageresources.NewResourceUnitsap.m.StandardListItem{\"title\":\"Group\"}"}]}
COMMAND: GET /session/36472aa8408142ceab4c0ded5da7d216/screenshot - {}
RESULT: {"script":"<script> [1562 bytes]","args":[{"selector":{"controlType":"sap.m.StandardListItem","viewName":"reusables.view.manageresources.NewResourceUnit","viewId":"application-manageresources-display-component---newResourceUnit","properties":{"title":"Group"},"searchOpenDialogs":true,"interaction":{"idSuffix":"content"}},"wdio_ui5_key":"reusablesview.manageresources.NewResourceUnitsap.m.StandardListItem{\"title\":\"Group\"}"}]}
RESULT: undefined
COMMAND: POST /session/36472aa8408142ceab4c0ded5da7d216/element - {"using":"xpath","value":"//*[@id=\"__item154\"]"}
RESULT: {}
RESULT: {"using":"xpath","value":"//*[@id=\"__item154\"]"}
COMMAND: POST /session/36472aa8408142ceab4c0ded5da7d216/element/f.CD0A1DC8B4A70FA2CDB1F936D20A42FA.d.C56014BBA5B717B7FA31A98212CE83F6.e.1556/click - {}
RESULT: {}
COMMAND: GET /session/36472aa8408142ceab4c0ded5da7d216/screenshot - {}
RESULT: {}
COMMAND: POST /session/36472aa8408142ceab4c0ded5da7d216/execute/async - {"script":"<script> [1562 bytes]","args":[{"selector":{"id":"application-manageresources-display-component---newResourceUnit--SHORT_TEXT","interaction":{"idSuffix":"inner"}},"wdio_ui5_key":"applicationmanageresources-display-component---newResourceUnit--SHORT_TEXT"}]}
RESULT: {"script":"<script> [1562 bytes]","args":[{"selector":{"id":"application-manageresources-display-component---newResourceUnit--SHORT_TEXT","interaction":{"idSuffix":"inner"}},"wdio_ui5_key":"applicationmanageresources-display-component---newResourceUnit--SHORT_TEXT"}]}
RESULT: undefined
COMMAND: POST /session/36472aa8408142ceab4c0ded5da7d216/execute/async - {"script":"<script> [776 bytes]","args":[{"enterText":"WdIORUGrouppe3c3","selector":{"id":"application-manageresources-display-component---newResourceUnit--SHORT_TEXT","interaction":{"idSuffix":"inner"}},"clearTextFirst":true,"interactionType":"ENTER_TEXT"}]}
RESULT: {"script":"<script> [776 bytes]","args":[{"enterText":"WdIORUGrouppe3c3","selector":{"id":"application-manageresources-display-component---newResourceUnit--SHORT_TEXT","interaction":{"idSuffix":"inner"}},"clearTextFirst":true,"interactionType":"ENTER_TEXT"}]}
COMMAND: POST /session/36472aa8408142ceab4c0ded5da7d216/execute/async - {"script":"<script> [1562 bytes]","args":[{"selector":{"id":"application-manageresources-display-component---newResourceUnit--BASE_UNIT_OF_MEASURE","interaction":{"idSuffix":"inner"}},"wdio_ui5_key":"applicationmanageresources-display-component---newResourceUnit--BASE_UNIT_OF_MEASURE"}]}
RESULT: {"script":"<script> [1562 bytes]","args":[{"selector":{"id":"application-manageresources-display-component---newResourceUnit--BASE_UNIT_OF_MEASURE","interaction":{"idSuffix":"inner"}},"wdio_ui5_key":"applicationmanageresources-display-component---newResourceUnit--BASE_UNIT_OF_MEASURE"}]}
RESULT: undefined
COMMAND: POST /session/36472aa8408142ceab4c0ded5da7d216/execute/async - {"script":"<script> [776 bytes]","args":[{"enterText":"Piece","selector":{"id":"application-manageresources-display-component---newResourceUnit--BASE_UNIT_OF_MEASURE","interaction":{"idSuffix":"inner"}},"clearTextFirst":true,"interactionType":"ENTER_TEXT"}]}
RESULT: {"script":"<script> [776 bytes]","args":[{"enterText":"Piece","selector":{"id":"application-manageresources-display-component---newResourceUnit--BASE_UNIT_OF_MEASURE","interaction":{"idSuffix":"inner"}},"clearTextFirst":true,"interactionType":"ENTER_TEXT"}]}
COMMAND: POST /session/36472aa8408142ceab4c0ded5da7d216/execute/async - {"script":"<script> [1562 bytes]","args":[{"selector":{"id":"application-manageresources-display-component---newResourceUnit--newRRUPage-OPHeaderContent-collapseBtn-img"},"wdio_ui5_key":"applicationmanageresources-display-component---newResourceUnit--newRRUPage-OPHeaderContent-collapseBtn-img"}]}
RESULT: {"script":"<script> [1562 bytes]","args":[{"selector":{"id":"application-manageresources-display-component---newResourceUnit--newRRUPage-OPHeaderContent-collapseBtn-img"},"wdio_ui5_key":"applicationmanageresources-display-component---newResourceUnit--newRRUPage-OPHeaderContent-collapseBtn-img"}]}
RESULT: undefined
COMMAND: POST /session/36472aa8408142ceab4c0ded5da7d216/element - {"using":"xpath","value":"//*[@id=\"application-manageresources-display-component---newResourceUnit--newRRUPage-OPHeaderContent-collapseBtn-img\"]"}
RESULT: {"using":"xpath","value":"//*[@id=\"application-manageresources-display-component---newResourceUnit--newRRUPage-OPHeaderContent-collapseBtn-img\"]"}
COMMAND: POST /session/36472aa8408142ceab4c0ded5da7d216/element/f.CD0A1DC8B4A70FA2CDB1F936D20A42FA.d.C56014BBA5B717B7FA31A98212CE83F6.e.1564/click - {}
RESULT: {}
COMMAND: GET /session/36472aa8408142ceab4c0ded5da7d216/screenshot - {}
RESULT: {}
COMMAND: POST /session/36472aa8408142ceab4c0ded5da7d216/execute/async - {"script":"<script> [1562 bytes]","args":[{"selector":{"id":"application-manageresources-display-component---newResourceUnit--newRRUPage-anchBar-application-manageresources-display-component---newResourceUnit--control-anchor","interaction":{"idSuffix":"BDI-content"}},"wdio_ui5_key":"applicationmanageresources-display-component---newResourceUnit--newRRUPage-anchBar-application-manageresources-display-component---newResourceUnit--control-anchor"}]}
RESULT: {"script":"<script> [1562 bytes]","args":[{"selector":{"id":"application-manageresources-display-component---newResourceUnit--newRRUPage-anchBar-application-manageresources-display-component---newResourceUnit--control-anchor","interaction":{"idSuffix":"BDI-content"}},"wdio_ui5_key":"applicationmanageresources-display-component---newResourceUnit--newRRUPage-anchBar-application-manageresources-display-component---newResourceUnit--control-anchor"}]}
RESULT: undefined
COMMAND: POST /session/36472aa8408142ceab4c0ded5da7d216/element - {"using":"xpath","value":"//*[@id=\"application-manageresources-display-component---newResourceUnit--newRRUPage-anchBar-application-manageresources-display-component---newResourceUnit--control-anchor\"]"}
RESULT: {"using":"xpath","value":"//*[@id=\"application-manageresources-display-component---newResourceUnit--newRRUPage-anchBar-application-manageresources-display-component---newResourceUnit--control-anchor\"]"}
COMMAND: POST /session/36472aa8408142ceab4c0ded5da7d216/element/f.CD0A1DC8B4A70FA2CDB1F936D20A42FA.d.C56014BBA5B717B7FA31A98212CE83F6.e.1675/click - {}
RESULT: {}
COMMAND: POST /session/36472aa8408142ceab4c0ded5da7d216/execute/async - {"script":"<script> [1562 bytes]","args":[{"selector":{"id":"application-manageresources-display-component---newResourceUnit--PLANNING_GROUP","interaction":{"idSuffix":"inner"}},"wdio_ui5_key":"applicationmanageresources-display-component---newResourceUnit--PLANNING_GROUP"}]}
COMMAND: GET /session/36472aa8408142ceab4c0ded5da7d216/screenshot - {}
RESULT: {"script":"<script> [1562 bytes]","args":[{"selector":{"id":"application-manageresources-display-component---newResourceUnit--PLANNING_GROUP","interaction":{"idSuffix":"inner"}},"wdio_ui5_key":"applicationmanageresources-display-component---newResourceUnit--PLANNING_GROUP"}]}
RESULT: undefined
COMMAND: POST /session/36472aa8408142ceab4c0ded5da7d216/execute/async - {"script":"<script> [776 bytes]","args":[{"enterText":"Heavy Equi","selector":{"id":"application-manageresources-display-component---newResourceUnit--PLANNING_GROUP","interaction":{"idSuffix":"inner"}},"clearTextFirst":true,"interactionType":"ENTER_TEXT"}]}
RESULT: {}
RESULT: {"script":"<script> [776 bytes]","args":[{"enterText":"Heavy Equi","selector":{"id":"application-manageresources-display-component---newResourceUnit--PLANNING_GROUP","interaction":{"idSuffix":"inner"}},"clearTextFirst":true,"interactionType":"ENTER_TEXT"}]}
COMMAND: POST /session/36472aa8408142ceab4c0ded5da7d216/element - {"using":"xpath","value":"//bdi[contains(text(), \"Time Segment\")]"}
RESULT: {"using":"xpath","value":"//bdi[contains(text(), \"Time Segment\")]"}
COMMAND: GET /session/36472aa8408142ceab4c0ded5da7d216/element/f.CD0A1DC8B4A70FA2CDB1F936D20A42FA.d.C56014BBA5B717B7FA31A98212CE83F6.e.1682/rect - {}
RESULT: {}
COMMAND: GET /session/36472aa8408142ceab4c0ded5da7d216/window/rect - {}
RESULT: {}
COMMAND: POST /session/36472aa8408142ceab4c0ded5da7d216/execute/sync - {"script":"<script> [92 bytes]","args":[]}
RESULT: {"script":"<script> [92 bytes]","args":[]}
COMMAND: POST /session/36472aa8408142ceab4c0ded5da7d216/actions - {"actions":[{"id":"action3","type":"wheel","parameters":{},"actions":[{"type":"scroll","x":-1820,"y":-21,"deltaX":0,"deltaY":0,"duration":0,"origin":{"element-6066-11e4-a52e-4f735466cecf":"f.CD0A1DC8B4A70FA2CDB1F936D20A42FA.d.C56014BBA5B717B7FA31A98212CE83F6.e.1682"}}]}]}
COMMAND: GET /session/36472aa8408142ceab4c0ded5da7d216/screenshot - {}
RESULT: {}
COMMAND: POST /session/36472aa8408142ceab4c0ded5da7d216/execute/sync - {"script":"<script> [79 bytes]","args":[{"element-6066-11e4-a52e-4f735466cecf":"f.CD0A1DC8B4A70FA2CDB1F936D20A42FA.d.C56014BBA5B717B7FA31A98212CE83F6.e.1682","ELEMENT":"f.CD0A1DC8B4A70FA2CDB1F936D20A42FA.d.C56014BBA5B717B7FA31A98212CE83F6.e.1682"},{"block":"start","inline":"nearest"}]}
RESULT: {"script":"<script> [79 bytes]","args":[{"element-6066-11e4-a52e-4f735466cecf":"f.CD0A1DC8B4A70FA2CDB1F936D20A42FA.d.C56014BBA5B717B7FA31A98212CE83F6.e.1682","ELEMENT":"f.CD0A1DC8B4A70FA2CDB1F936D20A42FA.d.C56014BBA5B717B7FA31A98212CE83F6.e.1682"},{"block":"start","inline":"nearest"}]}
COMMAND: GET /session/36472aa8408142ceab4c0ded5da7d216/screenshot - {}
RESULT: {}
COMMAND: POST /session/36472aa8408142ceab4c0ded5da7d216/execute/async - {"script":"<script> [1562 bytes]","args":[{"selector":{"id":"application-manageresources-display-component---newResourceUnit--btnAddTimeSegment-img"},"wdio_ui5_key":"applicationmanageresources-display-component---newResourceUnit--btnAddTimeSegment-img"}]}
RESULT: {"script":"<script> [1562 bytes]","args":[{"selector":{"id":"application-manageresources-display-component---newResourceUnit--btnAddTimeSegment-img"},"wdio_ui5_key":"applicationmanageresources-display-component---newResourceUnit--btnAddTimeSegment-img"}]}
RESULT: undefined
COMMAND: POST /session/36472aa8408142ceab4c0ded5da7d216/element - {"using":"xpath","value":"//*[@id=\"application-manageresources-display-component---newResourceUnit--btnAddTimeSegment-img\"]"}
RESULT: {"using":"xpath","value":"//*[@id=\"application-manageresources-display-component---newResourceUnit--btnAddTimeSegment-img\"]"}
COMMAND: POST /session/36472aa8408142ceab4c0ded5da7d216/element/f.CD0A1DC8B4A70FA2CDB1F936D20A42FA.d.C56014BBA5B717B7FA31A98212CE83F6.e.1685/click - {}
RESULT: {}
COMMAND: GET /session/36472aa8408142ceab4c0ded5da7d216/screenshot - {}
RESULT: {}
COMMAND: POST /session/36472aa8408142ceab4c0ded5da7d216/element - {"using":"xpath","value":"//input[@id=\"application-manageresources-display-component---newResourceUnit--idRuTSAdmin-application-manageresources-display-component---newResourceUnit--RUTimeSegment-0-inner\"]"}
RESULT: {"using":"xpath","value":"//input[@id=\"application-manageresources-display-component---newResourceUnit--idRuTSAdmin-application-manageresources-display-component---newResourceUnit--RUTimeSegment-0-inner\"]"}
COMMAND: POST /session/36472aa8408142ceab4c0ded5da7d216/element/f.CD0A1DC8B4A70FA2CDB1F936D20A42FA.d.C56014BBA5B717B7FA31A98212CE83F6.e.1688/clear - {}
RESULT: {}
COMMAND: POST /session/36472aa8408142ceab4c0ded5da7d216/element/f.CD0A1DC8B4A70FA2CDB1F936D20A42FA.d.C56014BBA5B717B7FA31A98212CE83F6.e.1688/value - {"text":"WebdriverYardpr5f6"}
COMMAND: GET /session/36472aa8408142ceab4c0ded5da7d216/screenshot - {}
RESULT: {"text":"WebdriverYardpr5f6"}
COMMAND: GET /session/36472aa8408142ceab4c0ded5da7d216/screenshot - {}
RESULT: {}
RESULT: {}
COMMAND: POST /session/36472aa8408142ceab4c0ded5da7d216/actions - {"actions":[{"id":"action4","type":"key","parameters":{},"actions":[{"type":"keyDown","value":""},{"type":"pause","duration":10},{"type":"keyUp","value":""}]}]}
RESULT: {"actions":[{"id":"action4","type":"key","parameters":{},"actions":[{"type":"keyDown","value":""},{"type":"pause","duration":10},{"type":"keyUp","value":""}]}]}
COMMAND: GET /session/36472aa8408142ceab4c0ded5da7d216/screenshot - {}
RESULT: {}
COMMAND: POST /session/36472aa8408142ceab4c0ded5da7d216/execute/async - {"script":"<script> [1562 bytes]","args":[{"selector":{"controlType":"sap.m.Button","viewName":"reusables.view.manageresources.NewResourceUnit","viewId":"application-manageresources-display-component---newResourceUnit","i18NText":{"propertyName":"tooltip","key":"save"},"interaction":{"idSuffix":"BDI-content"}},"wdio_ui5_key":"reusablesview.manageresources.NewResourceUnitsap.m.Button{\"propertyName\":\"tooltip\",\"key\":\"save\"}"}]}
RESULT: {"script":"<script> [1562 bytes]","args":[{"selector":{"controlType":"sap.m.Button","viewName":"reusables.view.manageresources.NewResourceUnit","viewId":"application-manageresources-display-component---newResourceUnit","i18NText":{"propertyName":"tooltip","key":"save"},"interaction":{"idSuffix":"BDI-content"}},"wdio_ui5_key":"reusablesview.manageresources.NewResourceUnitsap.m.Button{\"propertyName\":\"tooltip\",\"key\":\"save\"}"}]}
RESULT: undefined
COMMAND: POST /session/36472aa8408142ceab4c0ded5da7d216/element - {"using":"xpath","value":"//*[@id=\"application-manageresources-display-component---newResourceUnit--createRuButton\"]"}
RESULT: {"using":"xpath","value":"//*[@id=\"application-manageresources-display-component---newResourceUnit--createRuButton\"]"}
COMMAND: POST /session/36472aa8408142ceab4c0ded5da7d216/element/f.CD0A1DC8B4A70FA2CDB1F936D20A42FA.d.C56014BBA5B717B7FA31A98212CE83F6.e.1570/click - {}
RESULT: {}
COMMAND: GET /session/36472aa8408142ceab4c0ded5da7d216/screenshot - {}
RESULT: {}
COMMAND: POST /session/36472aa8408142ceab4c0ded5da7d216/execute/async - {"script":"<script> [1562 bytes]","args":[{"selector":{"controlType":"sap.m.Button","properties":{"text":"Close"},"searchOpenDialogs":true,"interaction":{"idSuffix":"inner"}},"wdio_ui5_key":"sapm.Button{\"text\":\"Close\"}"}]}
RESULT: {"script":"<script> [1562 bytes]","args":[{"selector":{"controlType":"sap.m.Button","properties":{"text":"Close"},"searchOpenDialogs":true,"interaction":{"idSuffix":"inner"}},"wdio_ui5_key":"sapm.Button{\"text\":\"Close\"}"}]}
RESULT: undefined
COMMAND: POST /session/36472aa8408142ceab4c0ded5da7d216/element - {"using":"xpath","value":"//*[@id=\"__mbox-btn-0\"]"}
RESULT: {"using":"xpath","value":"//*[@id=\"__mbox-btn-0\"]"}
COMMAND: POST /session/36472aa8408142ceab4c0ded5da7d216/element/f.CD0A1DC8B4A70FA2CDB1F936D20A42FA.d.C56014BBA5B717B7FA31A98212CE83F6.e.1693/click - {}
RESULT: {}
COMMAND: GET /session/36472aa8408142ceab4c0ded5da7d216/screenshot - {}
RESULT: {}
COMMAND: POST /session/36472aa8408142ceab4c0ded5da7d216/element - {"using":"css selector","value":"#shell-header-logo"}
RESULT: {"using":"css selector","value":"#shell-header-logo"}
COMMAND: POST /session/36472aa8408142ceab4c0ded5da7d216/element/f.CD0A1DC8B4A70FA2CDB1F936D20A42FA.d.C56014BBA5B717B7FA31A98212CE83F6.e.1188/click - {}
RESULT: {}
COMMAND: GET /session/36472aa8408142ceab4c0ded5da7d216/screenshot - {}
RESULT: {}
]]></system-out>
    </testcase>
    <testcase classname="chrome.136_0_7103_93.windows.Related_resources_for_groups_US139107" name="Should create first equipment and add it to the group" time="120.086">
      <system-out><![CDATA[
RESULT: undefined
COMMAND: POST /session/36472aa8408142ceab4c0ded5da7d216/element - {"using":"xpath","value":"//*[@id=\"__tile39\"]"}
RESULT: {"using":"xpath","value":"//*[@id=\"__tile39\"]"}
COMMAND: POST /session/36472aa8408142ceab4c0ded5da7d216/element/f.CD0A1DC8B4A70FA2CDB1F936D20A42FA.d.C56014BBA5B717B7FA31A98212CE83F6.e.1185/click - {}
RESULT: {}
COMMAND: GET /session/36472aa8408142ceab4c0ded5da7d216/screenshot - {}
RESULT: {}
COMMAND: POST /session/36472aa8408142ceab4c0ded5da7d216/elements - {"using":"xpath","value":"//span[text()='Error']"}
RESULT: {"using":"xpath","value":"//span[text()='Error']"}
COMMAND: POST /session/36472aa8408142ceab4c0ded5da7d216/element - {"using":"xpath","value":"//button[@data-kt=\"addNewRUOverflowToolbarButton\"]"}
RESULT: {"using":"xpath","value":"//button[@data-kt=\"addNewRUOverflowToolbarButton\"]"}
COMMAND: POST /session/36472aa8408142ceab4c0ded5da7d216/execute/sync - {"script":"<script> [8489 bytes]","args":[{"element-6066-11e4-a52e-4f735466cecf":"f.CD0A1DC8B4A70FA2CDB1F936D20A42FA.d.C56014BBA5B717B7FA31A98212CE83F6.e.1770","ELEMENT":"f.CD0A1DC8B4A70FA2CDB1F936D20A42FA.d.C56014BBA5B717B7FA31A98212CE83F6.e.1770"}]}
RESULT: {"script":"<script> [8489 bytes]","args":[{"element-6066-11e4-a52e-4f735466cecf":"f.CD0A1DC8B4A70FA2CDB1F936D20A42FA.d.C56014BBA5B717B7FA31A98212CE83F6.e.1770","ELEMENT":"f.CD0A1DC8B4A70FA2CDB1F936D20A42FA.d.C56014BBA5B717B7FA31A98212CE83F6.e.1770"}]}
COMMAND: POST /session/36472aa8408142ceab4c0ded5da7d216/element/f.CD0A1DC8B4A70FA2CDB1F936D20A42FA.d.C56014BBA5B717B7FA31A98212CE83F6.e.1770/click - {}
COMMAND: GET /session/36472aa8408142ceab4c0ded5da7d216/screenshot - {}
RESULT: {}
COMMAND: GET /session/36472aa8408142ceab4c0ded5da7d216/screenshot - {}
RESULT: {}
RESULT: undefined
COMMAND: POST /session/36472aa8408142ceab4c0ded5da7d216/element - {"using":"xpath","value":"//*[@id=\"application-manageresources-display-component---newResourceUnit--TYPE-arrow\"]"}
RESULT: {}
RESULT: {"using":"xpath","value":"//*[@id=\"application-manageresources-display-component---newResourceUnit--TYPE-arrow\"]"}
COMMAND: POST /session/36472aa8408142ceab4c0ded5da7d216/element/f.CD0A1DC8B4A70FA2CDB1F936D20A42FA.d.C56014BBA5B717B7FA31A98212CE83F6.e.2092/click - {}
RESULT: {}
COMMAND: POST /session/36472aa8408142ceab4c0ded5da7d216/execute/async - {"script":"<script> [1562 bytes]","args":[{"selector":{"controlType":"sap.m.StandardListItem","viewName":"reusables.view.manageresources.NewResourceUnit","viewId":"application-manageresources-display-component---newResourceUnit","properties":{"title":"Equipment"},"searchOpenDialogs":true,"interaction":{"idSuffix":"content"}},"wdio_ui5_key":"reusablesview.manageresources.NewResourceUnitsap.m.StandardListItem{\"title\":\"Equipment\"}"}]}
COMMAND: GET /session/36472aa8408142ceab4c0ded5da7d216/screenshot - {}
RESULT: {"script":"<script> [1562 bytes]","args":[{"selector":{"controlType":"sap.m.StandardListItem","viewName":"reusables.view.manageresources.NewResourceUnit","viewId":"application-manageresources-display-component---newResourceUnit","properties":{"title":"Equipment"},"searchOpenDialogs":true,"interaction":{"idSuffix":"content"}},"wdio_ui5_key":"reusablesview.manageresources.NewResourceUnitsap.m.StandardListItem{\"title\":\"Equipment\"}"}]}
RESULT: undefined
COMMAND: POST /session/36472aa8408142ceab4c0ded5da7d216/element - {"using":"xpath","value":"//*[@id=\"__item479\"]"}
RESULT: {}
RESULT: {"using":"xpath","value":"//*[@id=\"__item479\"]"}
COMMAND: POST /session/36472aa8408142ceab4c0ded5da7d216/element/f.CD0A1DC8B4A70FA2CDB1F936D20A42FA.d.C56014BBA5B717B7FA31A98212CE83F6.e.2095/click - {}
RESULT: {}
COMMAND: GET /session/36472aa8408142ceab4c0ded5da7d216/screenshot - {}
RESULT: {}
COMMAND: POST /session/36472aa8408142ceab4c0ded5da7d216/execute/async - {"script":"<script> [1562 bytes]","args":[{"selector":{"id":"application-manageresources-display-component---newResourceUnit--resourceId","interaction":{"idSuffix":"inner"}},"wdio_ui5_key":"applicationmanageresources-display-component---newResourceUnit--resourceId"}]}
RESULT: {"script":"<script> [1562 bytes]","args":[{"selector":{"id":"application-manageresources-display-component---newResourceUnit--resourceId","interaction":{"idSuffix":"inner"}},"wdio_ui5_key":"applicationmanageresources-display-component---newResourceUnit--resourceId"}]}
RESULT: undefined
COMMAND: POST /session/36472aa8408142ceab4c0ded5da7d216/execute/async - {"script":"<script> [776 bytes]","args":[{"enterText":"WdIORUEquip19fn19","selector":{"id":"application-manageresources-display-component---newResourceUnit--resourceId","interaction":{"idSuffix":"inner"}},"clearTextFirst":true,"interactionType":"ENTER_TEXT"}]}
RESULT: {"script":"<script> [776 bytes]","args":[{"enterText":"WdIORUEquip19fn19","selector":{"id":"application-manageresources-display-component---newResourceUnit--resourceId","interaction":{"idSuffix":"inner"}},"clearTextFirst":true,"interactionType":"ENTER_TEXT"}]}
RESULT: undefined
COMMAND: POST /session/36472aa8408142ceab4c0ded5da7d216/execute/async - {"script":"<script> [776 bytes]","args":[{"enterText":"WdIORUEquip19fn19","selector":{"id":"application-manageresources-display-component---newResourceUnit--SHORT_TEXT","interaction":{"idSuffix":"inner"}},"clearTextFirst":true,"interactionType":"ENTER_TEXT"}]}
RESULT: {"script":"<script> [776 bytes]","args":[{"enterText":"WdIORUEquip19fn19","selector":{"id":"application-manageresources-display-component---newResourceUnit--SHORT_TEXT","interaction":{"idSuffix":"inner"}},"clearTextFirst":true,"interactionType":"ENTER_TEXT"}]}
RESULT: undefined
COMMAND: POST /session/36472aa8408142ceab4c0ded5da7d216/execute/async - {"script":"<script> [776 bytes]","args":[{"enterText":"Piece","selector":{"id":"application-manageresources-display-component---newResourceUnit--BASE_UNIT_OF_MEASURE","interaction":{"idSuffix":"inner"}},"clearTextFirst":true,"interactionType":"ENTER_TEXT"}]}
RESULT: {"script":"<script> [776 bytes]","args":[{"enterText":"Piece","selector":{"id":"application-manageresources-display-component---newResourceUnit--BASE_UNIT_OF_MEASURE","interaction":{"idSuffix":"inner"}},"clearTextFirst":true,"interactionType":"ENTER_TEXT"}]}
COMMAND: POST /session/36472aa8408142ceab4c0ded5da7d216/element - {"using":"xpath","value":"//input[contains(@id ,\"application-manageresources-display-component---newResourceUnit--HIGHER_LEVEL_RESOURCE-inner\")]"}
RESULT: {"using":"xpath","value":"//input[contains(@id ,\"application-manageresources-display-component---newResourceUnit--HIGHER_LEVEL_RESOURCE-inner\")]"}
COMMAND: POST /session/36472aa8408142ceab4c0ded5da7d216/element/f.CD0A1DC8B4A70FA2CDB1F936D20A42FA.d.C56014BBA5B717B7FA31A98212CE83F6.e.2117/value - {"text":"WdIORUGrouppe3c3"}
RESULT: {"text":"WdIORUGrouppe3c3"}
COMMAND: GET /session/36472aa8408142ceab4c0ded5da7d216/screenshot - {}
RESULT: {}
COMMAND: POST /session/36472aa8408142ceab4c0ded5da7d216/actions - {"actions":[{"id":"action5","type":"key","parameters":{},"actions":[{"type":"keyDown","value":""},{"type":"pause","duration":10},{"type":"keyUp","value":""}]}]}
RESULT: {"actions":[{"id":"action5","type":"key","parameters":{},"actions":[{"type":"keyDown","value":""},{"type":"pause","duration":10},{"type":"keyUp","value":""}]}]}
COMMAND: POST /session/36472aa8408142ceab4c0ded5da7d216/execute/async - {"script":"<script> [1562 bytes]","args":[{"selector":{"id":"application-manageresources-display-component---newResourceUnit--WEIGHT_UNIT","interaction":{"idSuffix":"inner"}},"wdio_ui5_key":"applicationmanageresources-display-component---newResourceUnit--WEIGHT_UNIT"}]}
COMMAND: GET /session/36472aa8408142ceab4c0ded5da7d216/screenshot - {}
RESULT: {"script":"<script> [1562 bytes]","args":[{"selector":{"id":"application-manageresources-display-component---newResourceUnit--WEIGHT_UNIT","interaction":{"idSuffix":"inner"}},"wdio_ui5_key":"applicationmanageresources-display-component---newResourceUnit--WEIGHT_UNIT"}]}
RESULT: undefined
COMMAND: POST /session/36472aa8408142ceab4c0ded5da7d216/execute/async - {"script":"<script> [776 bytes]","args":[{"enterText":"Gram","selector":{"id":"application-manageresources-display-component---newResourceUnit--WEIGHT_UNIT","interaction":{"idSuffix":"inner"}},"clearTextFirst":true,"interactionType":"ENTER_TEXT"}]}
RESULT: {}
RESULT: {"script":"<script> [776 bytes]","args":[{"enterText":"Gram","selector":{"id":"application-manageresources-display-component---newResourceUnit--WEIGHT_UNIT","interaction":{"idSuffix":"inner"}},"clearTextFirst":true,"interactionType":"ENTER_TEXT"}]}
RESULT: undefined
COMMAND: POST /session/36472aa8408142ceab4c0ded5da7d216/element - {"using":"xpath","value":"//*[@id=\"application-manageresources-display-component---newResourceUnit--newRRUPage-OPHeaderContent-collapseBtn-img\"]"}
RESULT: {"using":"xpath","value":"//*[@id=\"application-manageresources-display-component---newResourceUnit--newRRUPage-OPHeaderContent-collapseBtn-img\"]"}
COMMAND: POST /session/36472aa8408142ceab4c0ded5da7d216/element/f.CD0A1DC8B4A70FA2CDB1F936D20A42FA.d.C56014BBA5B717B7FA31A98212CE83F6.e.2102/click - {}
RESULT: {}
COMMAND: GET /session/36472aa8408142ceab4c0ded5da7d216/screenshot - {}
RESULT: {}
COMMAND: POST /session/36472aa8408142ceab4c0ded5da7d216/element - {"using":"xpath","value":"(//span[contains(@id ,\"application-manageresources-display-component---newResourceUnit--DIMENSION_UNIT-arrow\")])[1]"}
RESULT: {"using":"xpath","value":"(//span[contains(@id ,\"application-manageresources-display-component---newResourceUnit--DIMENSION_UNIT-arrow\")])[1]"}
COMMAND: POST /session/36472aa8408142ceab4c0ded5da7d216/element/f.CD0A1DC8B4A70FA2CDB1F936D20A42FA.d.C56014BBA5B717B7FA31A98212CE83F6.e.2252/click - {}
RESULT: {}
COMMAND: GET /session/36472aa8408142ceab4c0ded5da7d216/screenshot - {}
RESULT: {}
COMMAND: POST /session/36472aa8408142ceab4c0ded5da7d216/execute/async - {"script":"<script> [1562 bytes]","args":[{"selector":{"controlType":"sap.m.StandardListItem","viewName":"reusables.view.manageresources.NewResourceUnit","viewId":"application-manageresources-display-component---newResourceUnit","properties":{"title":"Centimeter"},"searchOpenDialogs":true,"interaction":{"idSuffix":"titleText"}},"wdio_ui5_key":"reusablesview.manageresources.NewResourceUnitsap.m.StandardListItem{\"title\":\"Centimeter\"}"}]}
RESULT: {"script":"<script> [1562 bytes]","args":[{"selector":{"controlType":"sap.m.StandardListItem","viewName":"reusables.view.manageresources.NewResourceUnit","viewId":"application-manageresources-display-component---newResourceUnit","properties":{"title":"Centimeter"},"searchOpenDialogs":true,"interaction":{"idSuffix":"titleText"}},"wdio_ui5_key":"reusablesview.manageresources.NewResourceUnitsap.m.StandardListItem{\"title\":\"Centimeter\"}"}]}
RESULT: undefined
COMMAND: POST /session/36472aa8408142ceab4c0ded5da7d216/element - {"using":"xpath","value":"//*[@id=\"__item561\"]"}
RESULT: {"using":"xpath","value":"//*[@id=\"__item561\"]"}
COMMAND: POST /session/36472aa8408142ceab4c0ded5da7d216/element/f.CD0A1DC8B4A70FA2CDB1F936D20A42FA.d.C56014BBA5B717B7FA31A98212CE83F6.e.2254/click - {}
RESULT: {}
COMMAND: GET /session/36472aa8408142ceab4c0ded5da7d216/screenshot - {}
RESULT: {}
RESULT: undefined
COMMAND: POST /session/36472aa8408142ceab4c0ded5da7d216/element - {"using":"xpath","value":"//*[@id=\"application-manageresources-display-component---newResourceUnit--newRRUPage-anchBar-application-manageresources-display-component---newResourceUnit--control-anchor\"]"}
RESULT: {"using":"xpath","value":"//*[@id=\"application-manageresources-display-component---newResourceUnit--newRRUPage-anchBar-application-manageresources-display-component---newResourceUnit--control-anchor\"]"}
COMMAND: POST /session/36472aa8408142ceab4c0ded5da7d216/element/f.CD0A1DC8B4A70FA2CDB1F936D20A42FA.d.C56014BBA5B717B7FA31A98212CE83F6.e.2255/click - {}
RESULT: {}
RESULT: undefined
COMMAND: POST /session/36472aa8408142ceab4c0ded5da7d216/execute/async - {"script":"<script> [776 bytes]","args":[{"enterText":"Heavy Equi","selector":{"id":"application-manageresources-display-component---newResourceUnit--PLANNING_GROUP","interaction":{"idSuffix":"inner"}},"clearTextFirst":true,"interactionType":"ENTER_TEXT"}]}
COMMAND: GET /session/36472aa8408142ceab4c0ded5da7d216/screenshot - {}
RESULT: {"script":"<script> [776 bytes]","args":[{"enterText":"Heavy Equi","selector":{"id":"application-manageresources-display-component---newResourceUnit--PLANNING_GROUP","interaction":{"idSuffix":"inner"}},"clearTextFirst":true,"interactionType":"ENTER_TEXT"}]}
RESULT: {}
COMMAND: POST /session/36472aa8408142ceab4c0ded5da7d216/execute/async - {"script":"<script> [1562 bytes]","args":[{"selector":{"id":"application-manageresources-display-component---newResourceUnit--ITEM_TYPE-arrow"},"wdio_ui5_key":"applicationmanageresources-display-component---newResourceUnit--ITEM_TYPE-arrow"}]}
RESULT: {"script":"<script> [1562 bytes]","args":[{"selector":{"id":"application-manageresources-display-component---newResourceUnit--ITEM_TYPE-arrow"},"wdio_ui5_key":"applicationmanageresources-display-component---newResourceUnit--ITEM_TYPE-arrow"}]}
RESULT: undefined
COMMAND: POST /session/36472aa8408142ceab4c0ded5da7d216/element - {"using":"xpath","value":"//*[@id=\"application-manageresources-display-component---newResourceUnit--ITEM_TYPE-arrow\"]"}
RESULT: {"using":"xpath","value":"//*[@id=\"application-manageresources-display-component---newResourceUnit--ITEM_TYPE-arrow\"]"}
COMMAND: POST /session/36472aa8408142ceab4c0ded5da7d216/element/f.CD0A1DC8B4A70FA2CDB1F936D20A42FA.d.C56014BBA5B717B7FA31A98212CE83F6.e.2261/click - {}
RESULT: {}
COMMAND: POST /session/36472aa8408142ceab4c0ded5da7d216/execute/async - {"script":"<script> [1562 bytes]","args":[{"selector":{"controlType":"sap.m.StandardListItem","viewName":"reusables.view.manageresources.NewResourceUnit","viewId":"application-manageresources-display-component---newResourceUnit","properties":{"title":"Resource Unit"},"searchOpenDialogs":true,"interaction":{"idSuffix":"titleText"}},"wdio_ui5_key":"reusablesview.manageresources.NewResourceUnitsap.m.StandardListItem{\"title\":\"Resource Unit\"}"}]}
COMMAND: GET /session/36472aa8408142ceab4c0ded5da7d216/screenshot - {}
RESULT: {"script":"<script> [1562 bytes]","args":[{"selector":{"controlType":"sap.m.StandardListItem","viewName":"reusables.view.manageresources.NewResourceUnit","viewId":"application-manageresources-display-component---newResourceUnit","properties":{"title":"Resource Unit"},"searchOpenDialogs":true,"interaction":{"idSuffix":"titleText"}},"wdio_ui5_key":"reusablesview.manageresources.NewResourceUnitsap.m.StandardListItem{\"title\":\"Resource Unit\"}"}]}
RESULT: undefined
COMMAND: POST /session/36472aa8408142ceab4c0ded5da7d216/element - {"using":"xpath","value":"//*[@id=\"__item583\"]"}
RESULT: {}
RESULT: {"using":"xpath","value":"//*[@id=\"__item583\"]"}
COMMAND: POST /session/36472aa8408142ceab4c0ded5da7d216/element/f.CD0A1DC8B4A70FA2CDB1F936D20A42FA.d.C56014BBA5B717B7FA31A98212CE83F6.e.2263/click - {}
RESULT: {}
COMMAND: POST /session/36472aa8408142ceab4c0ded5da7d216/element - {"using":"xpath","value":"//bdi[contains(text(), \"Time Segment\")]"}
COMMAND: GET /session/36472aa8408142ceab4c0ded5da7d216/screenshot - {}
RESULT: {"using":"xpath","value":"//bdi[contains(text(), \"Time Segment\")]"}
COMMAND: GET /session/36472aa8408142ceab4c0ded5da7d216/element/f.CD0A1DC8B4A70FA2CDB1F936D20A42FA.d.C56014BBA5B717B7FA31A98212CE83F6.e.2270/rect - {}
RESULT: {}
RESULT: {}
COMMAND: GET /session/36472aa8408142ceab4c0ded5da7d216/window/rect - {}
RESULT: {}
COMMAND: POST /session/36472aa8408142ceab4c0ded5da7d216/execute/sync - {"script":"<script> [92 bytes]","args":[]}
RESULT: {"script":"<script> [92 bytes]","args":[]}
COMMAND: POST /session/36472aa8408142ceab4c0ded5da7d216/actions - {"actions":[{"id":"action6","type":"wheel","parameters":{},"actions":[{"type":"scroll","x":-1820,"y":-21,"deltaX":0,"deltaY":0,"duration":0,"origin":{"element-6066-11e4-a52e-4f735466cecf":"f.CD0A1DC8B4A70FA2CDB1F936D20A42FA.d.C56014BBA5B717B7FA31A98212CE83F6.e.2270"}}]}]}
COMMAND: GET /session/36472aa8408142ceab4c0ded5da7d216/screenshot - {}
RESULT: {}
COMMAND: POST /session/36472aa8408142ceab4c0ded5da7d216/execute/sync - {"script":"<script> [79 bytes]","args":[{"element-6066-11e4-a52e-4f735466cecf":"f.CD0A1DC8B4A70FA2CDB1F936D20A42FA.d.C56014BBA5B717B7FA31A98212CE83F6.e.2270","ELEMENT":"f.CD0A1DC8B4A70FA2CDB1F936D20A42FA.d.C56014BBA5B717B7FA31A98212CE83F6.e.2270"},{"block":"start","inline":"nearest"}]}
RESULT: {"script":"<script> [79 bytes]","args":[{"element-6066-11e4-a52e-4f735466cecf":"f.CD0A1DC8B4A70FA2CDB1F936D20A42FA.d.C56014BBA5B717B7FA31A98212CE83F6.e.2270","ELEMENT":"f.CD0A1DC8B4A70FA2CDB1F936D20A42FA.d.C56014BBA5B717B7FA31A98212CE83F6.e.2270"},{"block":"start","inline":"nearest"}]}
RESULT: undefined
COMMAND: POST /session/36472aa8408142ceab4c0ded5da7d216/element - {"using":"xpath","value":"//*[@id=\"application-manageresources-display-component---newResourceUnit--btnAddTimeSegment-img\"]"}
COMMAND: GET /session/36472aa8408142ceab4c0ded5da7d216/screenshot - {}
RESULT: {"using":"xpath","value":"//*[@id=\"application-manageresources-display-component---newResourceUnit--btnAddTimeSegment-img\"]"}
COMMAND: POST /session/36472aa8408142ceab4c0ded5da7d216/element/f.CD0A1DC8B4A70FA2CDB1F936D20A42FA.d.C56014BBA5B717B7FA31A98212CE83F6.e.2271/click - {}
RESULT: {}
RESULT: {}
COMMAND: GET /session/36472aa8408142ceab4c0ded5da7d216/screenshot - {}
RESULT: {}
COMMAND: POST /session/36472aa8408142ceab4c0ded5da7d216/element - {"using":"xpath","value":"//input[@id=\"application-manageresources-display-component---newResourceUnit--idRuTSAdmin-application-manageresources-display-component---newResourceUnit--RUTimeSegment-0-inner\"]"}
RESULT: {"using":"xpath","value":"//input[@id=\"application-manageresources-display-component---newResourceUnit--idRuTSAdmin-application-manageresources-display-component---newResourceUnit--RUTimeSegment-0-inner\"]"}
COMMAND: POST /session/36472aa8408142ceab4c0ded5da7d216/element/f.CD0A1DC8B4A70FA2CDB1F936D20A42FA.d.C56014BBA5B717B7FA31A98212CE83F6.e.2277/clear - {}
RESULT: {}
COMMAND: POST /session/36472aa8408142ceab4c0ded5da7d216/element/f.CD0A1DC8B4A70FA2CDB1F936D20A42FA.d.C56014BBA5B717B7FA31A98212CE83F6.e.2277/value - {"text":"WebdriverYardpr5f6"}
COMMAND: GET /session/36472aa8408142ceab4c0ded5da7d216/screenshot - {}
RESULT: {"text":"WebdriverYardpr5f6"}
COMMAND: GET /session/36472aa8408142ceab4c0ded5da7d216/screenshot - {}
RESULT: {}
RESULT: {}
COMMAND: POST /session/36472aa8408142ceab4c0ded5da7d216/actions - {"actions":[{"id":"action7","type":"key","parameters":{},"actions":[{"type":"keyDown","value":""},{"type":"pause","duration":10},{"type":"keyUp","value":""}]}]}
RESULT: {"actions":[{"id":"action7","type":"key","parameters":{},"actions":[{"type":"keyDown","value":""},{"type":"pause","duration":10},{"type":"keyUp","value":""}]}]}
COMMAND: POST /session/36472aa8408142ceab4c0ded5da7d216/execute/async - {"script":"<script> [1562 bytes]","args":[{"selector":{"controlType":"sap.ui.core.Icon","viewName":"reusables.view.manageresources.NewResourceUnit","viewId":"application-manageresources-display-component---newResourceUnit","properties":{"src":{"regex":{"source":"slim\\-arrow\\-down"}}},"ancestor":{"controlType":"sap.m.ComboBox","viewName":"reusables.view.manageresources.NewResourceUnit","viewId":"application-manageresources-display-component---newResourceUnit","bindingPath":{"path":"/RESOURCE_UNIT_TIME_SEQUENCES/0","propertyPath":"COST_OBJECT_ADMIN_CST_TYPE","modelName":"oNewRruModel"}}},"wdio_ui5_key":"reusablesview.manageresources.NewResourceUnitsap.ui.core.Icon{\"src\":{\"regex\":{\"source\":\"slim\\\\-arrow\\\\-down\"}}}{\"controlType\":\"sap.m.ComboBox\",\"viewName\":\"reusables.view.manageresources.NewResourceUnit\",\"viewId\":\"application-manageresources-display-component---newResourceUnit\",\"bindingPath\":{\"path\":\"/RESOURCE_UNIT_TIME_SEQUENCES/0\",\"propertyPath\":\"COST_OBJECT_ADMIN_CST_TYPE\",\"modelName\":\"oNewRruModel\"}}"}]}
COMMAND: GET /session/36472aa8408142ceab4c0ded5da7d216/screenshot - {}
RESULT: {"script":"<script> [1562 bytes]","args":[{"selector":{"controlType":"sap.ui.core.Icon","viewName":"reusables.view.manageresources.NewResourceUnit","viewId":"application-manageresources-display-component---newResourceUnit","properties":{"src":{"regex":{"source":"slim\\-arrow\\-down"}}},"ancestor":{"controlType":"sap.m.ComboBox","viewName":"reusables.view.manageresources.NewResourceUnit","viewId":"application-manageresources-display-component---newResourceUnit","bindingPath":{"path":"/RESOURCE_UNIT_TIME_SEQUENCES/0","propertyPath":"COST_OBJECT_ADMIN_CST_TYPE","modelName":"oNewRruModel"}}},"wdio_ui5_key":"reusablesview.manageresources.NewResourceUnitsap.ui.core.Icon{\"src\":{\"regex\":{\"source\":\"slim\\\\-arrow\\\\-down\"}}}{\"controlType\":\"sap.m.ComboBox\",\"viewName\":\"reusables.view.manageresources.NewResourceUnit\",\"viewId\":\"application-manageresources-display-component---newResourceUnit\",\"bindingPath\":{\"path\":\"/RESOURCE_UNIT_TIME_SEQUENCES/0\",\"propertyPath\":\"COST_OBJECT_ADMIN_CST_TYPE\",\"modelName\":\"oNewRruModel\"}}"}]}
RESULT: undefined
COMMAND: POST /session/36472aa8408142ceab4c0ded5da7d216/element - {"using":"xpath","value":"//*[@id=\"__box10-application-manageresources-display-component---newResourceUnit--RUTimeSegment-0-arrow\"]"}
RESULT: {}
RESULT: {"using":"xpath","value":"//*[@id=\"__box10-application-manageresources-display-component---newResourceUnit--RUTimeSegment-0-arrow\"]"}
COMMAND: POST /session/36472aa8408142ceab4c0ded5da7d216/element/f.CD0A1DC8B4A70FA2CDB1F936D20A42FA.d.C56014BBA5B717B7FA31A98212CE83F6.e.2289/click - {}
RESULT: {}
COMMAND: POST /session/36472aa8408142ceab4c0ded5da7d216/execute/async - {"script":"<script> [1562 bytes]","args":[{"selector":{"controlType":"sap.m.StandardListItem","viewName":"reusables.view.manageresources.NewResourceUnit","viewId":"application-manageresources-display-component---newResourceUnit","properties":{"title":"PM Order"},"searchOpenDialogs":true,"interaction":{"idSuffix":"titleText"}},"wdio_ui5_key":"reusablesview.manageresources.NewResourceUnitsap.m.StandardListItem{\"title\":\"PM Order\"}"}]}
COMMAND: GET /session/36472aa8408142ceab4c0ded5da7d216/screenshot - {}
RESULT: {"script":"<script> [1562 bytes]","args":[{"selector":{"controlType":"sap.m.StandardListItem","viewName":"reusables.view.manageresources.NewResourceUnit","viewId":"application-manageresources-display-component---newResourceUnit","properties":{"title":"PM Order"},"searchOpenDialogs":true,"interaction":{"idSuffix":"titleText"}},"wdio_ui5_key":"reusablesview.manageresources.NewResourceUnitsap.m.StandardListItem{\"title\":\"PM Order\"}"}]}
RESULT: undefined
COMMAND: POST /session/36472aa8408142ceab4c0ded5da7d216/element - {"using":"xpath","value":"//*[@id=\"__item706\"]"}
RESULT: {}
RESULT: {"using":"xpath","value":"//*[@id=\"__item706\"]"}
COMMAND: POST /session/36472aa8408142ceab4c0ded5da7d216/element/f.CD0A1DC8B4A70FA2CDB1F936D20A42FA.d.C56014BBA5B717B7FA31A98212CE83F6.e.2293/click - {}
RESULT: {}
COMMAND: GET /session/36472aa8408142ceab4c0ded5da7d216/screenshot - {}
RESULT: {}
COMMAND: POST /session/36472aa8408142ceab4c0ded5da7d216/element - {"using":"xpath","value":"(//input[contains(@id ,\"-application-manageresources-display-component---newResourceUnit--RUTimeSegment-0-inner\")])[8]"}
RESULT: {"using":"xpath","value":"(//input[contains(@id ,\"-application-manageresources-display-component---newResourceUnit--RUTimeSegment-0-inner\")])[8]"}
COMMAND: POST /session/36472aa8408142ceab4c0ded5da7d216/element/f.CD0A1DC8B4A70FA2CDB1F936D20A42FA.d.C56014BBA5B717B7FA31A98212CE83F6.e.2296/clear - {}
RESULT: {}
COMMAND: POST /session/36472aa8408142ceab4c0ded5da7d216/element/f.CD0A1DC8B4A70FA2CDB1F936D20A42FA.d.C56014BBA5B717B7FA31A98212CE83F6.e.2296/value - {"text":"4000360"}
COMMAND: GET /session/36472aa8408142ceab4c0ded5da7d216/screenshot - {}
RESULT: {"text":"4000360"}
COMMAND: GET /session/36472aa8408142ceab4c0ded5da7d216/screenshot - {}
RESULT: {}
RESULT: {}
COMMAND: POST /session/36472aa8408142ceab4c0ded5da7d216/actions - {"actions":[{"id":"action8","type":"key","parameters":{},"actions":[{"type":"keyDown","value":""},{"type":"pause","duration":10},{"type":"keyUp","value":""}]}]}
RESULT: {"actions":[{"id":"action8","type":"key","parameters":{},"actions":[{"type":"keyDown","value":""},{"type":"pause","duration":10},{"type":"keyUp","value":""}]}]}
COMMAND: GET /session/36472aa8408142ceab4c0ded5da7d216/screenshot - {}
RESULT: {}
COMMAND: POST /session/36472aa8408142ceab4c0ded5da7d216/element - {"using":"xpath","value":"//input[contains(@id ,\"application-manageresources-display-component---newResourceUnit--newTimeSegmentFromDatePicker-application-manageresources-display-component---newResourceUnit--RUTimeSegment-0-inner\")]"}
RESULT: {"using":"xpath","value":"//input[contains(@id ,\"application-manageresources-display-component---newResourceUnit--newTimeSegmentFromDatePicker-application-manageresources-display-component---newResourceUnit--RUTimeSegment-0-inner\")]"}
COMMAND: POST /session/36472aa8408142ceab4c0ded5da7d216/element/f.CD0A1DC8B4A70FA2CDB1F936D20A42FA.d.C56014BBA5B717B7FA31A98212CE83F6.e.2284/clear - {}
RESULT: {}
COMMAND: POST /session/36472aa8408142ceab4c0ded5da7d216/element/f.CD0A1DC8B4A70FA2CDB1F936D20A42FA.d.C56014BBA5B717B7FA31A98212CE83F6.e.2284/clear - {}
COMMAND: GET /session/36472aa8408142ceab4c0ded5da7d216/screenshot - {}
RESULT: {}
COMMAND: POST /session/36472aa8408142ceab4c0ded5da7d216/element/f.CD0A1DC8B4A70FA2CDB1F936D20A42FA.d.C56014BBA5B717B7FA31A98212CE83F6.e.2284/value - {"text":"06/23/24"}
COMMAND: GET /session/36472aa8408142ceab4c0ded5da7d216/screenshot - {}
RESULT: {}
RESULT: {"text":"06/23/24"}
COMMAND: POST /session/36472aa8408142ceab4c0ded5da7d216/execute/async - {"script":"<script> [1562 bytes]","args":[{"selector":{"id":"application-manageresources-display-component---newResourceUnit--newRRUPage-anchBar-application-manageresources-display-component---newResourceUnit--resource-anchor","interaction":{"idSuffix":"BDI-content"}},"wdio_ui5_key":"applicationmanageresources-display-component---newResourceUnit--newRRUPage-anchBar-application-manageresources-display-component---newResourceUnit--resource-anchor"}]}
COMMAND: GET /session/36472aa8408142ceab4c0ded5da7d216/screenshot - {}
RESULT: {}
RESULT: {"script":"<script> [1562 bytes]","args":[{"selector":{"id":"application-manageresources-display-component---newResourceUnit--newRRUPage-anchBar-application-manageresources-display-component---newResourceUnit--resource-anchor","interaction":{"idSuffix":"BDI-content"}},"wdio_ui5_key":"applicationmanageresources-display-component---newResourceUnit--newRRUPage-anchBar-application-manageresources-display-component---newResourceUnit--resource-anchor"}]}
RESULT: undefined
COMMAND: POST /session/36472aa8408142ceab4c0ded5da7d216/element - {"using":"xpath","value":"//*[@id=\"application-manageresources-display-component---newResourceUnit--newRRUPage-anchBar-application-manageresources-display-component---newResourceUnit--resource-anchor\"]"}
RESULT: {}
RESULT: {"using":"xpath","value":"//*[@id=\"application-manageresources-display-component---newResourceUnit--newRRUPage-anchBar-application-manageresources-display-component---newResourceUnit--resource-anchor\"]"}
COMMAND: POST /session/36472aa8408142ceab4c0ded5da7d216/element/f.CD0A1DC8B4A70FA2CDB1F936D20A42FA.d.C56014BBA5B717B7FA31A98212CE83F6.e.2317/click - {}
RESULT: {}
COMMAND: POST /session/36472aa8408142ceab4c0ded5da7d216/execute/async - {"script":"<script> [1562 bytes]","args":[{"selector":{"id":"application-manageresources-display-component---newResourceUnit--PLANNED_DELIVERY_DATE","interaction":{"idSuffix":"inner"}},"wdio_ui5_key":"applicationmanageresources-display-component---newResourceUnit--PLANNED_DELIVERY_DATE"}]}
COMMAND: GET /session/36472aa8408142ceab4c0ded5da7d216/screenshot - {}
RESULT: {"script":"<script> [1562 bytes]","args":[{"selector":{"id":"application-manageresources-display-component---newResourceUnit--PLANNED_DELIVERY_DATE","interaction":{"idSuffix":"inner"}},"wdio_ui5_key":"applicationmanageresources-display-component---newResourceUnit--PLANNED_DELIVERY_DATE"}]}
RESULT: undefined
COMMAND: POST /session/36472aa8408142ceab4c0ded5da7d216/execute/async - {"script":"<script> [6424 bytes]","args":[{"element-6066-11e4-a52e-4f735466cecf":"f.CD0A1DC8B4A70FA2CDB1F936D20A42FA.d.C56014BBA5B717B7FA31A98212CE83F6.e.2148"},"setValue",["06/23/24"]]}
RESULT: {}
RESULT: {"script":"<script> [6424 bytes]","args":[{"element-6066-11e4-a52e-4f735466cecf":"f.CD0A1DC8B4A70FA2CDB1F936D20A42FA.d.C56014BBA5B717B7FA31A98212CE83F6.e.2148"},"setValue",["06/23/24"]]}
COMMAND: POST /session/36472aa8408142ceab4c0ded5da7d216/execute/async - {"script":"<script> [1562 bytes]","args":[{"selector":{"id":"application-manageresources-display-component---newResourceUnit--RETIRE_PLANNED_DATE","interaction":{"idSuffix":"inner"}},"wdio_ui5_key":"applicationmanageresources-display-component---newResourceUnit--RETIRE_PLANNED_DATE"}]}
RESULT: {"script":"<script> [1562 bytes]","args":[{"selector":{"id":"application-manageresources-display-component---newResourceUnit--RETIRE_PLANNED_DATE","interaction":{"idSuffix":"inner"}},"wdio_ui5_key":"applicationmanageresources-display-component---newResourceUnit--RETIRE_PLANNED_DATE"}]}
RESULT: undefined
COMMAND: POST /session/36472aa8408142ceab4c0ded5da7d216/execute/async - {"script":"<script> [776 bytes]","args":[{"enterText":"3/14/29","selector":{"id":"application-manageresources-display-component---newResourceUnit--RETIRE_PLANNED_DATE","interaction":{"idSuffix":"inner"}},"clearTextFirst":true,"interactionType":"ENTER_TEXT"}]}
RESULT: {"script":"<script> [776 bytes]","args":[{"enterText":"3/14/29","selector":{"id":"application-manageresources-display-component---newResourceUnit--RETIRE_PLANNED_DATE","interaction":{"idSuffix":"inner"}},"clearTextFirst":true,"interactionType":"ENTER_TEXT"}]}
RESULT: undefined
COMMAND: POST /session/36472aa8408142ceab4c0ded5da7d216/element - {"using":"xpath","value":"//*[@id=\"application-manageresources-display-component---newResourceUnit--createRuButton\"]"}
RESULT: {"using":"xpath","value":"//*[@id=\"application-manageresources-display-component---newResourceUnit--createRuButton\"]"}
COMMAND: POST /session/36472aa8408142ceab4c0ded5da7d216/element/f.CD0A1DC8B4A70FA2CDB1F936D20A42FA.d.C56014BBA5B717B7FA31A98212CE83F6.e.2108/click - {}
RESULT: {}
COMMAND: GET /session/36472aa8408142ceab4c0ded5da7d216/screenshot - {}
RESULT: {}
COMMAND: POST /session/36472aa8408142ceab4c0ded5da7d216/element - {"using":"xpath","value":"(//bdi[contains(text(), \"Close\")])[1]"}
RESULT: {"using":"xpath","value":"(//bdi[contains(text(), \"Close\")])[1]"}
COMMAND: POST /session/36472aa8408142ceab4c0ded5da7d216/element/f.CD0A1DC8B4A70FA2CDB1F936D20A42FA.d.C56014BBA5B717B7FA31A98212CE83F6.e.2326/click - {}
RESULT: {}
COMMAND: GET /session/36472aa8408142ceab4c0ded5da7d216/screenshot - {}
RESULT: {}
]]></system-out>
    </testcase>
    <testcase classname="chrome.136_0_7103_93.windows.Related_resources_for_groups_US139107" name="Should create one more equipment using copy function and add it to the group" time="22.474">
      <failure/>
      <error message="element not interactable&#xA;  (Session info: chrome=136.0.7103.93)"/>
      <system-out><![CDATA[
COMMAND: POST /session/36472aa8408142ceab4c0ded5da7d216/element - {"using":"xpath","value":"//span[contains(@id ,\"actionsToolbar-overflowButton-img\")]"}
RESULT: {"using":"xpath","value":"//span[contains(@id ,\"actionsToolbar-overflowButton-img\")]"}
COMMAND: POST /session/36472aa8408142ceab4c0ded5da7d216/execute/sync - {"script":"<script> [8489 bytes]","args":[{"element-6066-11e4-a52e-4f735466cecf":"f.CD0A1DC8B4A70FA2CDB1F936D20A42FA.d.C56014BBA5B717B7FA31A98212CE83F6.e.2388","ELEMENT":"f.CD0A1DC8B4A70FA2CDB1F936D20A42FA.d.C56014BBA5B717B7FA31A98212CE83F6.e.2388"}]}
RESULT: {"script":"<script> [8489 bytes]","args":[{"element-6066-11e4-a52e-4f735466cecf":"f.CD0A1DC8B4A70FA2CDB1F936D20A42FA.d.C56014BBA5B717B7FA31A98212CE83F6.e.2388","ELEMENT":"f.CD0A1DC8B4A70FA2CDB1F936D20A42FA.d.C56014BBA5B717B7FA31A98212CE83F6.e.2388"}]}
COMMAND: POST /session/36472aa8408142ceab4c0ded5da7d216/execute/sync - {"script":"<script> [5351 bytes]","args":[{"element-6066-11e4-a52e-4f735466cecf":"f.CD0A1DC8B4A70FA2CDB1F936D20A42FA.d.C56014BBA5B717B7FA31A98212CE83F6.e.2388","ELEMENT":"f.CD0A1DC8B4A70FA2CDB1F936D20A42FA.d.C56014BBA5B717B7FA31A98212CE83F6.e.2388"}]}
COMMAND: GET /session/36472aa8408142ceab4c0ded5da7d216/screenshot - {}
RESULT: {"script":"<script> [5351 bytes]","args":[{"element-6066-11e4-a52e-4f735466cecf":"f.CD0A1DC8B4A70FA2CDB1F936D20A42FA.d.C56014BBA5B717B7FA31A98212CE83F6.e.2388","ELEMENT":"f.CD0A1DC8B4A70FA2CDB1F936D20A42FA.d.C56014BBA5B717B7FA31A98212CE83F6.e.2388"}]}
COMMAND: GET /session/36472aa8408142ceab4c0ded5da7d216/screenshot - {}
COMMAND: POST /session/36472aa8408142ceab4c0ded5da7d216/execute/sync - {"script":"<script> [8489 bytes]","args":[{"element-6066-11e4-a52e-4f735466cecf":"f.CD0A1DC8B4A70FA2CDB1F936D20A42FA.d.C56014BBA5B717B7FA31A98212CE83F6.e.2388","ELEMENT":"f.CD0A1DC8B4A70FA2CDB1F936D20A42FA.d.C56014BBA5B717B7FA31A98212CE83F6.e.2388"}]}
RESULT: {}
RESULT: {}
RESULT: {"script":"<script> [8489 bytes]","args":[{"element-6066-11e4-a52e-4f735466cecf":"f.CD0A1DC8B4A70FA2CDB1F936D20A42FA.d.C56014BBA5B717B7FA31A98212CE83F6.e.2388","ELEMENT":"f.CD0A1DC8B4A70FA2CDB1F936D20A42FA.d.C56014BBA5B717B7FA31A98212CE83F6.e.2388"}]}
COMMAND: POST /session/36472aa8408142ceab4c0ded5da7d216/execute/sync - {"script":"<script> [5351 bytes]","args":[{"element-6066-11e4-a52e-4f735466cecf":"f.CD0A1DC8B4A70FA2CDB1F936D20A42FA.d.C56014BBA5B717B7FA31A98212CE83F6.e.2388","ELEMENT":"f.CD0A1DC8B4A70FA2CDB1F936D20A42FA.d.C56014BBA5B717B7FA31A98212CE83F6.e.2388"}]}
COMMAND: GET /session/36472aa8408142ceab4c0ded5da7d216/screenshot - {}
RESULT: {"script":"<script> [5351 bytes]","args":[{"element-6066-11e4-a52e-4f735466cecf":"f.CD0A1DC8B4A70FA2CDB1F936D20A42FA.d.C56014BBA5B717B7FA31A98212CE83F6.e.2388","ELEMENT":"f.CD0A1DC8B4A70FA2CDB1F936D20A42FA.d.C56014BBA5B717B7FA31A98212CE83F6.e.2388"}]}
COMMAND: POST /session/36472aa8408142ceab4c0ded5da7d216/element/f.CD0A1DC8B4A70FA2CDB1F936D20A42FA.d.C56014BBA5B717B7FA31A98212CE83F6.e.2388/click - {}
COMMAND: GET /session/36472aa8408142ceab4c0ded5da7d216/screenshot - {}
RESULT: {}
RESULT: {}
COMMAND: GET /session/36472aa8408142ceab4c0ded5da7d216/screenshot - {}
RESULT: {}
RESULT: {}
COMMAND: POST /session/36472aa8408142ceab4c0ded5da7d216/execute/async - {"script":"<script> [1562 bytes]","args":[{"selector":{"controlType":"sap.m.Button","viewName":"etm.portal.ui.manageresources.view.Detail","viewId":"application-manageresources-display-component---detailRU","i18NText":{"propertyName":"text","key":"copy"},"interaction":{"idSuffix":"BDI-content"}},"wdio_ui5_key":"etmportal.ui.manageresources.view.Detailsap.m.Button{\"propertyName\":\"text\",\"key\":\"copy\"}"}]}
RESULT: {"script":"<script> [1562 bytes]","args":[{"selector":{"controlType":"sap.m.Button","viewName":"etm.portal.ui.manageresources.view.Detail","viewId":"application-manageresources-display-component---detailRU","i18NText":{"propertyName":"text","key":"copy"},"interaction":{"idSuffix":"BDI-content"}},"wdio_ui5_key":"etmportal.ui.manageresources.view.Detailsap.m.Button{\"propertyName\":\"text\",\"key\":\"copy\"}"}]}
RESULT: undefined
COMMAND: POST /session/36472aa8408142ceab4c0ded5da7d216/element - {"using":"xpath","value":"//*[@id=\"__button117\"]"}
RESULT: {"using":"xpath","value":"//*[@id=\"__button117\"]"}
COMMAND: POST /session/36472aa8408142ceab4c0ded5da7d216/element/f.CD0A1DC8B4A70FA2CDB1F936D20A42FA.d.C56014BBA5B717B7FA31A98212CE83F6.e.2394/click - {}
RESULT: {}
COMMAND: GET /session/36472aa8408142ceab4c0ded5da7d216/screenshot - {}
RESULT: {}
COMMAND: POST /session/36472aa8408142ceab4c0ded5da7d216/execute/async - {"script":"<script> [1562 bytes]","args":[{"selector":{"controlType":"sap.m.Button","viewName":"etm.portal.ui.manageresources.view.Detail","viewId":"application-manageresources-display-component---detailRU","i18NText":{"propertyName":"text","key":"selectAll"},"searchOpenDialogs":true,"interaction":{"idSuffix":"BDI-content"}},"wdio_ui5_key":"etmportal.ui.manageresources.view.Detailsap.m.Button{\"propertyName\":\"text\",\"key\":\"selectAll\"}"}]}
RESULT: {"script":"<script> [1562 bytes]","args":[{"selector":{"controlType":"sap.m.Button","viewName":"etm.portal.ui.manageresources.view.Detail","viewId":"application-manageresources-display-component---detailRU","i18NText":{"propertyName":"text","key":"selectAll"},"searchOpenDialogs":true,"interaction":{"idSuffix":"BDI-content"}},"wdio_ui5_key":"etmportal.ui.manageresources.view.Detailsap.m.Button{\"propertyName\":\"text\",\"key\":\"selectAll\"}"}]}
RESULT: undefined
COMMAND: POST /session/36472aa8408142ceab4c0ded5da7d216/element - {"using":"xpath","value":"//*[@id=\"__button168\"]"}
RESULT: {"using":"xpath","value":"//*[@id=\"__button168\"]"}
COMMAND: POST /session/36472aa8408142ceab4c0ded5da7d216/element/f.CD0A1DC8B4A70FA2CDB1F936D20A42FA.d.C56014BBA5B717B7FA31A98212CE83F6.e.2395/click - {}
RESULT: {}
COMMAND: GET /session/36472aa8408142ceab4c0ded5da7d216/screenshot - {}
RESULT: {}
COMMAND: POST /session/36472aa8408142ceab4c0ded5da7d216/execute/async - {"script":"<script> [1562 bytes]","args":[{"selector":{"controlType":"sap.m.Button","viewName":"etm.portal.ui.manageresources.view.Detail","viewId":"application-manageresources-display-component---detailRU","i18NText":{"propertyName":"text","key":"confirm"},"searchOpenDialogs":true,"interaction":{"idSuffix":"content"}},"wdio_ui5_key":"etmportal.ui.manageresources.view.Detailsap.m.Button{\"propertyName\":\"text\",\"key\":\"confirm\"}"}]}
RESULT: {"script":"<script> [1562 bytes]","args":[{"selector":{"controlType":"sap.m.Button","viewName":"etm.portal.ui.manageresources.view.Detail","viewId":"application-manageresources-display-component---detailRU","i18NText":{"propertyName":"text","key":"confirm"},"searchOpenDialogs":true,"interaction":{"idSuffix":"content"}},"wdio_ui5_key":"etmportal.ui.manageresources.view.Detailsap.m.Button{\"propertyName\":\"text\",\"key\":\"confirm\"}"}]}
RESULT: undefined
COMMAND: POST /session/36472aa8408142ceab4c0ded5da7d216/element - {"using":"xpath","value":"//*[@id=\"__button169\"]"}
RESULT: {"using":"xpath","value":"//*[@id=\"__button169\"]"}
COMMAND: POST /session/36472aa8408142ceab4c0ded5da7d216/element/f.CD0A1DC8B4A70FA2CDB1F936D20A42FA.d.C56014BBA5B717B7FA31A98212CE83F6.e.2419/click - {}
RESULT: {}
COMMAND: GET /session/36472aa8408142ceab4c0ded5da7d216/screenshot - {}
RESULT: {}
COMMAND: POST /session/36472aa8408142ceab4c0ded5da7d216/element - {"using":"xpath","value":"(//span[contains(@id ,\"expandBtn-inner\")])[2]"}
RESULT: {"using":"xpath","value":"(//span[contains(@id ,\"expandBtn-inner\")])[2]"}
COMMAND: POST /session/36472aa8408142ceab4c0ded5da7d216/element/f.CD0A1DC8B4A70FA2CDB1F936D20A42FA.d.C56014BBA5B717B7FA31A98212CE83F6.e.2430/click - {}
COMMAND: GET /session/36472aa8408142ceab4c0ded5da7d216/screenshot - {}
RESULT: {}
]]></system-out>
      <system-err><![CDATA[
element not interactable: element not interactable
  (Session info: chrome=136.0.7103.93)
    at async Context.<anonymous> (D:\a\1\s\test\specs\R2C\related-resources-area-rpg.spec.js:639:9)
]]></system-err>
    </testcase>
    <testcase classname="chrome.136_0_7103_93.windows.Related_resources_for_groups_US139107" name="Should verify the Yard Overview hyperlinks in related resource" time="26.845">
      <failure/>
      <error message="expect(received).toEqual(expected) // deep equality&#xA;&#xA;Expected: &quot;Records (2)&quot;&#xA;Received: &quot;Records (1)&quot;"/>
      <system-out><![CDATA[
COMMAND: POST /session/36472aa8408142ceab4c0ded5da7d216/execute/async - {"script":"<script> [1562 bytes]","args":[{"selector":{"controlType":"sap.ui.core.Icon","viewName":"etm.portal.ui.manageresources.view.Detail","viewId":"application-manageresources-display-component---detailRU","properties":{"src":{"regex":{"source":"decline"}}}},"wdio_ui5_key":"etmportal.ui.manageresources.view.Detailsap.ui.core.Icon{\"src\":{\"regex\":{\"source\":\"decline\"}}}"}]}
COMMAND: GET /session/36472aa8408142ceab4c0ded5da7d216/screenshot - {}
RESULT: {"script":"<script> [1562 bytes]","args":[{"selector":{"controlType":"sap.ui.core.Icon","viewName":"etm.portal.ui.manageresources.view.Detail","viewId":"application-manageresources-display-component---detailRU","properties":{"src":{"regex":{"source":"decline"}}}},"wdio_ui5_key":"etmportal.ui.manageresources.view.Detailsap.ui.core.Icon{\"src\":{\"regex\":{\"source\":\"decline\"}}}"}]}
RESULT: undefined
RESULT: {}
COMMAND: POST /session/36472aa8408142ceab4c0ded5da7d216/element - {"using":"xpath","value":"//input[contains(@id ,\"application-manageresources-display-component---masterRU--smartFilterBar-btnBasicSearch-I\")]"}
RESULT: {"using":"xpath","value":"//input[contains(@id ,\"application-manageresources-display-component---masterRU--smartFilterBar-btnBasicSearch-I\")]"}
COMMAND: POST /session/36472aa8408142ceab4c0ded5da7d216/element/f.CD0A1DC8B4A70FA2CDB1F936D20A42FA.d.C56014BBA5B717B7FA31A98212CE83F6.e.1746/value - {"text":"WdIORUGrouppe3c3"}
RESULT: {"text":"WdIORUGrouppe3c3"}
COMMAND: GET /session/36472aa8408142ceab4c0ded5da7d216/screenshot - {}
RESULT: {}
COMMAND: POST /session/36472aa8408142ceab4c0ded5da7d216/actions - {"actions":[{"id":"action9","type":"key","parameters":{},"actions":[{"type":"keyDown","value":""},{"type":"pause","duration":10},{"type":"keyUp","value":""}]}]}
RESULT: {"actions":[{"id":"action9","type":"key","parameters":{},"actions":[{"type":"keyDown","value":""},{"type":"pause","duration":10},{"type":"keyUp","value":""}]}]}
COMMAND: GET /session/36472aa8408142ceab4c0ded5da7d216/screenshot - {}
RESULT: {}
COMMAND: POST /session/36472aa8408142ceab4c0ded5da7d216/execute/async - {"script":"<script> [1562 bytes]","args":[{"selector":{"controlType":"sap.ui.core.Icon","viewName":"etm.portal.ui.manageresources.view.Master","viewId":"application-manageresources-display-component---masterRU","properties":{"src":{"regex":{"source":"slim\\-arrow\\-right"}}}},"wdio_ui5_key":"etmportal.ui.manageresources.view.Mastersap.ui.core.Icon{\"src\":{\"regex\":{\"source\":\"slim\\\\-arrow\\\\-right\"}}}"}]}
RESULT: {"script":"<script> [1562 bytes]","args":[{"selector":{"controlType":"sap.ui.core.Icon","viewName":"etm.portal.ui.manageresources.view.Master","viewId":"application-manageresources-display-component---masterRU","properties":{"src":{"regex":{"source":"slim\\-arrow\\-right"}}}},"wdio_ui5_key":"etmportal.ui.manageresources.view.Mastersap.ui.core.Icon{\"src\":{\"regex\":{\"source\":\"slim\\\\-arrow\\\\-right\"}}}"}]}
RESULT: undefined
COMMAND: POST /session/36472aa8408142ceab4c0ded5da7d216/element - {"using":"xpath","value":"//*[@id=\"__item369-__clone858-imgNav\"]"}
RESULT: {"using":"xpath","value":"//*[@id=\"__item369-__clone858-imgNav\"]"}
COMMAND: POST /session/36472aa8408142ceab4c0ded5da7d216/element/f.CD0A1DC8B4A70FA2CDB1F936D20A42FA.d.C56014BBA5B717B7FA31A98212CE83F6.e.1917/click - {}
RESULT: {}
COMMAND: GET /session/36472aa8408142ceab4c0ded5da7d216/screenshot - {}
RESULT: {}
COMMAND: POST /session/36472aa8408142ceab4c0ded5da7d216/element - {"using":"xpath","value":"//bdi[contains(@id ,\"application-manageresources-display-component---detailRU--openRelatedRus-BDI-content\")]"}
RESULT: {"using":"xpath","value":"//bdi[contains(@id ,\"application-manageresources-display-component---detailRU--openRelatedRus-BDI-content\")]"}
COMMAND: POST /session/36472aa8408142ceab4c0ded5da7d216/execute/sync - {"script":"<script> [8489 bytes]","args":[{"element-6066-11e4-a52e-4f735466cecf":"f.CD0A1DC8B4A70FA2CDB1F936D20A42FA.d.C56014BBA5B717B7FA31A98212CE83F6.e.2649","ELEMENT":"f.CD0A1DC8B4A70FA2CDB1F936D20A42FA.d.C56014BBA5B717B7FA31A98212CE83F6.e.2649"}]}
RESULT: {"script":"<script> [8489 bytes]","args":[{"element-6066-11e4-a52e-4f735466cecf":"f.CD0A1DC8B4A70FA2CDB1F936D20A42FA.d.C56014BBA5B717B7FA31A98212CE83F6.e.2649","ELEMENT":"f.CD0A1DC8B4A70FA2CDB1F936D20A42FA.d.C56014BBA5B717B7FA31A98212CE83F6.e.2649"}]}
COMMAND: POST /session/36472aa8408142ceab4c0ded5da7d216/execute/sync - {"script":"<script> [5351 bytes]","args":[{"element-6066-11e4-a52e-4f735466cecf":"f.CD0A1DC8B4A70FA2CDB1F936D20A42FA.d.C56014BBA5B717B7FA31A98212CE83F6.e.2649","ELEMENT":"f.CD0A1DC8B4A70FA2CDB1F936D20A42FA.d.C56014BBA5B717B7FA31A98212CE83F6.e.2649"}]}
COMMAND: GET /session/36472aa8408142ceab4c0ded5da7d216/screenshot - {}
RESULT: {"script":"<script> [5351 bytes]","args":[{"element-6066-11e4-a52e-4f735466cecf":"f.CD0A1DC8B4A70FA2CDB1F936D20A42FA.d.C56014BBA5B717B7FA31A98212CE83F6.e.2649","ELEMENT":"f.CD0A1DC8B4A70FA2CDB1F936D20A42FA.d.C56014BBA5B717B7FA31A98212CE83F6.e.2649"}]}
COMMAND: POST /session/36472aa8408142ceab4c0ded5da7d216/element/f.CD0A1DC8B4A70FA2CDB1F936D20A42FA.d.C56014BBA5B717B7FA31A98212CE83F6.e.2649/click - {}
COMMAND: GET /session/36472aa8408142ceab4c0ded5da7d216/screenshot - {}
RESULT: {}
RESULT: {}
COMMAND: GET /session/36472aa8408142ceab4c0ded5da7d216/screenshot - {}
RESULT: {}
RESULT: {}
COMMAND: POST /session/36472aa8408142ceab4c0ded5da7d216/element - {"using":"xpath","value":"//*[contains(@data-kt ,\"openRUIdMenuLink\")]"}
RESULT: {"using":"xpath","value":"//*[contains(@data-kt ,\"openRUIdMenuLink\")]"}
COMMAND: POST /session/36472aa8408142ceab4c0ded5da7d216/execute/sync - {"script":"<script> [8489 bytes]","args":[{"element-6066-11e4-a52e-4f735466cecf":"f.CD0A1DC8B4A70FA2CDB1F936D20A42FA.d.C56014BBA5B717B7FA31A98212CE83F6.e.2655","ELEMENT":"f.CD0A1DC8B4A70FA2CDB1F936D20A42FA.d.C56014BBA5B717B7FA31A98212CE83F6.e.2655"}]}
RESULT: {"script":"<script> [8489 bytes]","args":[{"element-6066-11e4-a52e-4f735466cecf":"f.CD0A1DC8B4A70FA2CDB1F936D20A42FA.d.C56014BBA5B717B7FA31A98212CE83F6.e.2655","ELEMENT":"f.CD0A1DC8B4A70FA2CDB1F936D20A42FA.d.C56014BBA5B717B7FA31A98212CE83F6.e.2655"}]}
COMMAND: POST /session/36472aa8408142ceab4c0ded5da7d216/execute/sync - {"script":"<script> [5351 bytes]","args":[{"element-6066-11e4-a52e-4f735466cecf":"f.CD0A1DC8B4A70FA2CDB1F936D20A42FA.d.C56014BBA5B717B7FA31A98212CE83F6.e.2655","ELEMENT":"f.CD0A1DC8B4A70FA2CDB1F936D20A42FA.d.C56014BBA5B717B7FA31A98212CE83F6.e.2655"}]}
COMMAND: GET /session/36472aa8408142ceab4c0ded5da7d216/screenshot - {}
RESULT: {"script":"<script> [5351 bytes]","args":[{"element-6066-11e4-a52e-4f735466cecf":"f.CD0A1DC8B4A70FA2CDB1F936D20A42FA.d.C56014BBA5B717B7FA31A98212CE83F6.e.2655","ELEMENT":"f.CD0A1DC8B4A70FA2CDB1F936D20A42FA.d.C56014BBA5B717B7FA31A98212CE83F6.e.2655"}]}
COMMAND: POST /session/36472aa8408142ceab4c0ded5da7d216/execute/async - {"script":"<script> [1562 bytes]","args":[{"selector":{"id":"RelatedRUsFragmentID--smartTableRUs-header","searchOpenDialogs":true},"wdio_ui5_key":"RelatedRUsFragmentIDsmartTableRUs-header"}]}
COMMAND: GET /session/36472aa8408142ceab4c0ded5da7d216/screenshot - {}
RESULT: {}
RESULT: {"script":"<script> [1562 bytes]","args":[{"selector":{"id":"RelatedRUsFragmentID--smartTableRUs-header","searchOpenDialogs":true},"wdio_ui5_key":"RelatedRUsFragmentIDsmartTableRUs-header"}]}
RESULT: undefined
COMMAND: POST /session/36472aa8408142ceab4c0ded5da7d216/execute/async - {"script":"<script> [6424 bytes]","args":[{"element-6066-11e4-a52e-4f735466cecf":"f.CD0A1DC8B4A70FA2CDB1F936D20A42FA.d.C56014BBA5B717B7FA31A98212CE83F6.e.2656"},"getText",[]]}
RESULT: {}
RESULT: {"script":"<script> [6424 bytes]","args":[{"element-6066-11e4-a52e-4f735466cecf":"f.CD0A1DC8B4A70FA2CDB1F936D20A42FA.d.C56014BBA5B717B7FA31A98212CE83F6.e.2656"},"getText",[]]}
COMMAND: GET /session/36472aa8408142ceab4c0ded5da7d216/screenshot - {}
RESULT: {}
]]></system-out>
      <system-err><![CDATA[
Error: expect(received).toEqual(expected) // deep equality

Expected: "Records (2)"
Received: "Records (1)"
    at Context.<anonymous> (D:\a\1\s\test\specs\R2C\related-resources-area-rpg.spec.js:808:31)
]]></system-err>
    </testcase>
    <testcase classname="chrome.136_0_7103_93.windows.Related_resources_for_groups_US139107" name="Should verify the current location hyperlinks in related resources" time="171.269">
      <system-out><![CDATA[
COMMAND: POST /session/36472aa8408142ceab4c0ded5da7d216/element - {"using":"xpath","value":"//*[contains(@data-kt ,\"openLocationActionMenuLink\")]"}
COMMAND: GET /session/36472aa8408142ceab4c0ded5da7d216/screenshot - {}
RESULT: {"using":"xpath","value":"//*[contains(@data-kt ,\"openLocationActionMenuLink\")]"}
COMMAND: POST /session/36472aa8408142ceab4c0ded5da7d216/execute/sync - {"script":"<script> [8489 bytes]","args":[{"element-6066-11e4-a52e-4f735466cecf":"f.CD0A1DC8B4A70FA2CDB1F936D20A42FA.d.C56014BBA5B717B7FA31A98212CE83F6.e.2657","ELEMENT":"f.CD0A1DC8B4A70FA2CDB1F936D20A42FA.d.C56014BBA5B717B7FA31A98212CE83F6.e.2657"}]}
RESULT: {}
RESULT: {"script":"<script> [8489 bytes]","args":[{"element-6066-11e4-a52e-4f735466cecf":"f.CD0A1DC8B4A70FA2CDB1F936D20A42FA.d.C56014BBA5B717B7FA31A98212CE83F6.e.2657","ELEMENT":"f.CD0A1DC8B4A70FA2CDB1F936D20A42FA.d.C56014BBA5B717B7FA31A98212CE83F6.e.2657"}]}
COMMAND: POST /session/36472aa8408142ceab4c0ded5da7d216/execute/sync - {"script":"<script> [5351 bytes]","args":[{"element-6066-11e4-a52e-4f735466cecf":"f.CD0A1DC8B4A70FA2CDB1F936D20A42FA.d.C56014BBA5B717B7FA31A98212CE83F6.e.2657","ELEMENT":"f.CD0A1DC8B4A70FA2CDB1F936D20A42FA.d.C56014BBA5B717B7FA31A98212CE83F6.e.2657"}]}
COMMAND: GET /session/36472aa8408142ceab4c0ded5da7d216/screenshot - {}
RESULT: {"script":"<script> [5351 bytes]","args":[{"element-6066-11e4-a52e-4f735466cecf":"f.CD0A1DC8B4A70FA2CDB1F936D20A42FA.d.C56014BBA5B717B7FA31A98212CE83F6.e.2657","ELEMENT":"f.CD0A1DC8B4A70FA2CDB1F936D20A42FA.d.C56014BBA5B717B7FA31A98212CE83F6.e.2657"}]}
COMMAND: POST /session/36472aa8408142ceab4c0ded5da7d216/element/f.CD0A1DC8B4A70FA2CDB1F936D20A42FA.d.C56014BBA5B717B7FA31A98212CE83F6.e.2657/click - {}
COMMAND: GET /session/36472aa8408142ceab4c0ded5da7d216/screenshot - {}
RESULT: {}
RESULT: {}
COMMAND: GET /session/36472aa8408142ceab4c0ded5da7d216/screenshot - {}
RESULT: {}
RESULT: {}
COMMAND: POST /session/36472aa8408142ceab4c0ded5da7d216/element - {"using":"xpath","value":"//a[contains(@class ,\"sapMLnk sapMLnkMaxWidth sapUiTinyMarginTop\")][contains(text(), \"Yard Overview\")]"}
RESULT: {"using":"xpath","value":"//a[contains(@class ,\"sapMLnk sapMLnkMaxWidth sapUiTinyMarginTop\")][contains(text(), \"Yard Overview\")]"}
COMMAND: POST /session/36472aa8408142ceab4c0ded5da7d216/execute/sync - {"script":"<script> [8489 bytes]","args":[{"element-6066-11e4-a52e-4f735466cecf":"f.CD0A1DC8B4A70FA2CDB1F936D20A42FA.d.C56014BBA5B717B7FA31A98212CE83F6.e.2659","ELEMENT":"f.CD0A1DC8B4A70FA2CDB1F936D20A42FA.d.C56014BBA5B717B7FA31A98212CE83F6.e.2659"}]}
COMMAND: POST /session/36472aa8408142ceab4c0ded5da7d216/element - {"using":"xpath","value":"//a[contains(@class ,\"sapMLnk sapMLnkMaxWidth sapUiTinyMarginTop\")][contains(text(), \"Yard Address\")]"}
RESULT: {"script":"<script> [8489 bytes]","args":[{"element-6066-11e4-a52e-4f735466cecf":"f.CD0A1DC8B4A70FA2CDB1F936D20A42FA.d.C56014BBA5B717B7FA31A98212CE83F6.e.2659","ELEMENT":"f.CD0A1DC8B4A70FA2CDB1F936D20A42FA.d.C56014BBA5B717B7FA31A98212CE83F6.e.2659"}]}
COMMAND: GET /session/36472aa8408142ceab4c0ded5da7d216/screenshot - {}
RESULT: {"using":"xpath","value":"//a[contains(@class ,\"sapMLnk sapMLnkMaxWidth sapUiTinyMarginTop\")][contains(text(), \"Yard Address\")]"}
COMMAND: POST /session/36472aa8408142ceab4c0ded5da7d216/execute/sync - {"script":"<script> [8489 bytes]","args":[{"element-6066-11e4-a52e-4f735466cecf":"f.CD0A1DC8B4A70FA2CDB1F936D20A42FA.d.C56014BBA5B717B7FA31A98212CE83F6.e.2660","ELEMENT":"f.CD0A1DC8B4A70FA2CDB1F936D20A42FA.d.C56014BBA5B717B7FA31A98212CE83F6.e.2660"}]}
COMMAND: POST /session/36472aa8408142ceab4c0ded5da7d216/element/f.CD0A1DC8B4A70FA2CDB1F936D20A42FA.d.C56014BBA5B717B7FA31A98212CE83F6.e.2659/click - {}
RESULT: {}
RESULT: {"script":"<script> [8489 bytes]","args":[{"element-6066-11e4-a52e-4f735466cecf":"f.CD0A1DC8B4A70FA2CDB1F936D20A42FA.d.C56014BBA5B717B7FA31A98212CE83F6.e.2660","ELEMENT":"f.CD0A1DC8B4A70FA2CDB1F936D20A42FA.d.C56014BBA5B717B7FA31A98212CE83F6.e.2660"}]}
COMMAND: GET /session/36472aa8408142ceab4c0ded5da7d216/screenshot - {}
RESULT: {}
COMMAND: GET /session/36472aa8408142ceab4c0ded5da7d216/screenshot - {}
RESULT: {}
RESULT: {}
COMMAND: POST /session/36472aa8408142ceab4c0ded5da7d216/execute/async - {"script":"<script> [1562 bytes]","args":[{"selector":{"id":"shellAppTitle"},"wdio_ui5_key":"shellAppTitle"}]}
RESULT: {"script":"<script> [1562 bytes]","args":[{"selector":{"id":"shellAppTitle"},"wdio_ui5_key":"shellAppTitle"}]}
RESULT: undefined
COMMAND: POST /session/36472aa8408142ceab4c0ded5da7d216/execute/async - {"script":"<script> [6424 bytes]","args":[{"element-6066-11e4-a52e-4f735466cecf":"f.CD0A1DC8B4A70FA2CDB1F936D20A42FA.d.C56014BBA5B717B7FA31A98212CE83F6.e.2789"},"getTitle",[]]}
RESULT: {"script":"<script> [6424 bytes]","args":[{"element-6066-11e4-a52e-4f735466cecf":"f.CD0A1DC8B4A70FA2CDB1F936D20A42FA.d.C56014BBA5B717B7FA31A98212CE83F6.e.2789"},"getTitle",[]]}
COMMAND: POST /session/36472aa8408142ceab4c0ded5da7d216/element - {"using":"xpath","value":"(//span[contains(text(), \"WebdriverYardpr5f6\")])[2]"}
RESULT: {"using":"xpath","value":"(//span[contains(text(), \"WebdriverYardpr5f6\")])[2]"}
COMMAND: POST /session/36472aa8408142ceab4c0ded5da7d216/execute/sync - {"script":"<script> [8489 bytes]","args":[{"element-6066-11e4-a52e-4f735466cecf":"f.CD0A1DC8B4A70FA2CDB1F936D20A42FA.d.C56014BBA5B717B7FA31A98212CE83F6.e.2790","ELEMENT":"f.CD0A1DC8B4A70FA2CDB1F936D20A42FA.d.C56014BBA5B717B7FA31A98212CE83F6.e.2790"}]}
COMMAND: POST /session/36472aa8408142ceab4c0ded5da7d216/execute/async - {"script":"<script> [1562 bytes]","args":[{"selector":{"id":"backBtn"},"wdio_ui5_key":"backBtn"}]}
RESULT: {"script":"<script> [8489 bytes]","args":[{"element-6066-11e4-a52e-4f735466cecf":"f.CD0A1DC8B4A70FA2CDB1F936D20A42FA.d.C56014BBA5B717B7FA31A98212CE83F6.e.2790","ELEMENT":"f.CD0A1DC8B4A70FA2CDB1F936D20A42FA.d.C56014BBA5B717B7FA31A98212CE83F6.e.2790"}]}
COMMAND: GET /session/36472aa8408142ceab4c0ded5da7d216/screenshot - {}
RESULT: {"script":"<script> [1562 bytes]","args":[{"selector":{"id":"backBtn"},"wdio_ui5_key":"backBtn"}]}
RESULT: undefined
COMMAND: POST /session/36472aa8408142ceab4c0ded5da7d216/element - {"using":"xpath","value":"//*[@id=\"backBtn\"]"}
COMMAND: POST /session/36472aa8408142ceab4c0ded5da7d216/execute/sync - {"script":"<script> [8489 bytes]","args":[{"element-6066-11e4-a52e-4f735466cecf":"f.CD0A1DC8B4A70FA2CDB1F936D20A42FA.d.C56014BBA5B717B7FA31A98212CE83F6.e.2790","ELEMENT":"f.CD0A1DC8B4A70FA2CDB1F936D20A42FA.d.C56014BBA5B717B7FA31A98212CE83F6.e.2790"}]}
RESULT: {}
RESULT: {"using":"xpath","value":"//*[@id=\"backBtn\"]"}
COMMAND: POST /session/36472aa8408142ceab4c0ded5da7d216/element/f.CD0A1DC8B4A70FA2CDB1F936D20A42FA.d.C56014BBA5B717B7FA31A98212CE83F6.e.2791/click - {}
RESULT: {"script":"<script> [8489 bytes]","args":[{"element-6066-11e4-a52e-4f735466cecf":"f.CD0A1DC8B4A70FA2CDB1F936D20A42FA.d.C56014BBA5B717B7FA31A98212CE83F6.e.2790","ELEMENT":"f.CD0A1DC8B4A70FA2CDB1F936D20A42FA.d.C56014BBA5B717B7FA31A98212CE83F6.e.2790"}]}
COMMAND: GET /session/36472aa8408142ceab4c0ded5da7d216/screenshot - {}
RESULT: {}
COMMAND: GET /session/36472aa8408142ceab4c0ded5da7d216/screenshot - {}
COMMAND: POST /session/36472aa8408142ceab4c0ded5da7d216/execute/sync - {"script":"<script> [8489 bytes]","args":[{"element-6066-11e4-a52e-4f735466cecf":"f.CD0A1DC8B4A70FA2CDB1F936D20A42FA.d.C56014BBA5B717B7FA31A98212CE83F6.e.2790","ELEMENT":"f.CD0A1DC8B4A70FA2CDB1F936D20A42FA.d.C56014BBA5B717B7FA31A98212CE83F6.e.2790"}]}
RESULT: {}
COMMAND: POST /session/36472aa8408142ceab4c0ded5da7d216/element - {"using":"xpath","value":"//bdi[contains(@id ,\"application-manageresources-display-component---detailRU--openRelatedRus-BDI-content\")]"}
RESULT: {}
COMMAND: POST /session/36472aa8408142ceab4c0ded5da7d216/element - {"using":"xpath","value":"(//span[contains(text(), \"WebdriverYardpr5f6\")])[2]"}
RESULT: {"using":"xpath","value":"//bdi[contains(@id ,\"application-manageresources-display-component---detailRU--openRelatedRus-BDI-content\")]"}
COMMAND: POST /session/36472aa8408142ceab4c0ded5da7d216/execute/sync - {"script":"<script> [8489 bytes]","args":[{"element-6066-11e4-a52e-4f735466cecf":"f.CD0A1DC8B4A70FA2CDB1F936D20A42FA.d.C56014BBA5B717B7FA31A98212CE83F6.e.3023","ELEMENT":"f.CD0A1DC8B4A70FA2CDB1F936D20A42FA.d.C56014BBA5B717B7FA31A98212CE83F6.e.3023"}]}
RESULT: {"using":"xpath","value":"(//span[contains(text(), \"WebdriverYardpr5f6\")])[2]"}
COMMAND: POST /session/36472aa8408142ceab4c0ded5da7d216/execute/sync - {"script":"<script> [8489 bytes]","args":[{"element-6066-11e4-a52e-4f735466cecf":"f.CD0A1DC8B4A70FA2CDB1F936D20A42FA.d.C56014BBA5B717B7FA31A98212CE83F6.e.3024","ELEMENT":"f.CD0A1DC8B4A70FA2CDB1F936D20A42FA.d.C56014BBA5B717B7FA31A98212CE83F6.e.3024"}]}
RESULT: {"script":"<script> [8489 bytes]","args":[{"element-6066-11e4-a52e-4f735466cecf":"f.CD0A1DC8B4A70FA2CDB1F936D20A42FA.d.C56014BBA5B717B7FA31A98212CE83F6.e.3023","ELEMENT":"f.CD0A1DC8B4A70FA2CDB1F936D20A42FA.d.C56014BBA5B717B7FA31A98212CE83F6.e.3023"}]}
COMMAND: POST /session/36472aa8408142ceab4c0ded5da7d216/execute/sync - {"script":"<script> [5351 bytes]","args":[{"element-6066-11e4-a52e-4f735466cecf":"f.CD0A1DC8B4A70FA2CDB1F936D20A42FA.d.C56014BBA5B717B7FA31A98212CE83F6.e.3023","ELEMENT":"f.CD0A1DC8B4A70FA2CDB1F936D20A42FA.d.C56014BBA5B717B7FA31A98212CE83F6.e.3023"}]}
COMMAND: GET /session/36472aa8408142ceab4c0ded5da7d216/screenshot - {}
RESULT: {"script":"<script> [8489 bytes]","args":[{"element-6066-11e4-a52e-4f735466cecf":"f.CD0A1DC8B4A70FA2CDB1F936D20A42FA.d.C56014BBA5B717B7FA31A98212CE83F6.e.3024","ELEMENT":"f.CD0A1DC8B4A70FA2CDB1F936D20A42FA.d.C56014BBA5B717B7FA31A98212CE83F6.e.3024"}]}
RESULT: {"script":"<script> [5351 bytes]","args":[{"element-6066-11e4-a52e-4f735466cecf":"f.CD0A1DC8B4A70FA2CDB1F936D20A42FA.d.C56014BBA5B717B7FA31A98212CE83F6.e.3023","ELEMENT":"f.CD0A1DC8B4A70FA2CDB1F936D20A42FA.d.C56014BBA5B717B7FA31A98212CE83F6.e.3023"}]}
COMMAND: POST /session/36472aa8408142ceab4c0ded5da7d216/element/f.CD0A1DC8B4A70FA2CDB1F936D20A42FA.d.C56014BBA5B717B7FA31A98212CE83F6.e.3023/click - {}
COMMAND: GET /session/36472aa8408142ceab4c0ded5da7d216/screenshot - {}
COMMAND: GET /session/36472aa8408142ceab4c0ded5da7d216/screenshot - {}
RESULT: {}
RESULT: {}
COMMAND: GET /session/36472aa8408142ceab4c0ded5da7d216/screenshot - {}
RESULT: {}
RESULT: {}
RESULT: {}
COMMAND: POST /session/36472aa8408142ceab4c0ded5da7d216/element/f.CD0A1DC8B4A70FA2CDB1F936D20A42FA.d.C56014BBA5B717B7FA31A98212CE83F6.e.2657/click - {}
COMMAND: POST /session/36472aa8408142ceab4c0ded5da7d216/element - {"using":"xpath","value":"//*[contains(@data-kt ,\"openLocationActionMenuLink\")]"}
RESULT: {"using":"xpath","value":"//*[contains(@data-kt ,\"openLocationActionMenuLink\")]"}
COMMAND: POST /session/36472aa8408142ceab4c0ded5da7d216/element/f.CD0A1DC8B4A70FA2CDB1F936D20A42FA.d.C56014BBA5B717B7FA31A98212CE83F6.e.2657/click - {}
COMMAND: POST /session/36472aa8408142ceab4c0ded5da7d216/element - {"using":"xpath","value":"//*[contains(@data-kt ,\"openLocationActionMenuLink\")]"}
RESULT: {"using":"xpath","value":"//*[contains(@data-kt ,\"openLocationActionMenuLink\")]"}
COMMAND: POST /session/36472aa8408142ceab4c0ded5da7d216/element/f.CD0A1DC8B4A70FA2CDB1F936D20A42FA.d.C56014BBA5B717B7FA31A98212CE83F6.e.3089/click - {}
RESULT: {}
COMMAND: GET /session/36472aa8408142ceab4c0ded5da7d216/screenshot - {}
RESULT: {}
COMMAND: POST /session/36472aa8408142ceab4c0ded5da7d216/element/f.CD0A1DC8B4A70FA2CDB1F936D20A42FA.d.C56014BBA5B717B7FA31A98212CE83F6.e.2660/click - {}
COMMAND: POST /session/36472aa8408142ceab4c0ded5da7d216/element - {"using":"xpath","value":"//a[contains(@class ,\"sapMLnk sapMLnkMaxWidth sapUiTinyMarginTop\")][contains(text(), \"Yard Address\")]"}
RESULT: {"using":"xpath","value":"//a[contains(@class ,\"sapMLnk sapMLnkMaxWidth sapUiTinyMarginTop\")][contains(text(), \"Yard Address\")]"}
COMMAND: POST /session/36472aa8408142ceab4c0ded5da7d216/element/f.CD0A1DC8B4A70FA2CDB1F936D20A42FA.d.C56014BBA5B717B7FA31A98212CE83F6.e.2660/click - {}
COMMAND: POST /session/36472aa8408142ceab4c0ded5da7d216/element - {"using":"xpath","value":"//a[contains(@class ,\"sapMLnk sapMLnkMaxWidth sapUiTinyMarginTop\")][contains(text(), \"Yard Address\")]"}
RESULT: {"using":"xpath","value":"//a[contains(@class ,\"sapMLnk sapMLnkMaxWidth sapUiTinyMarginTop\")][contains(text(), \"Yard Address\")]"}
COMMAND: POST /session/36472aa8408142ceab4c0ded5da7d216/element/f.CD0A1DC8B4A70FA2CDB1F936D20A42FA.d.C56014BBA5B717B7FA31A98212CE83F6.e.3091/click - {}
RESULT: {}
COMMAND: GET /session/36472aa8408142ceab4c0ded5da7d216/screenshot - {}
RESULT: {}
RESULT: undefined
COMMAND: POST /session/36472aa8408142ceab4c0ded5da7d216/execute/async - {"script":"<script> [6424 bytes]","args":[{"element-6066-11e4-a52e-4f735466cecf":"f.CD0A1DC8B4A70FA2CDB1F936D20A42FA.d.C56014BBA5B717B7FA31A98212CE83F6.e.2789"},"getTitle",[]]}
COMMAND: POST /session/36472aa8408142ceab4c0ded5da7d216/execute/async - {"script":"<script> [1562 bytes]","args":[{"selector":{"id":"shellAppTitle"},"wdio_ui5_key":"shellAppTitle"}]}
RESULT: {"script":"<script> [1562 bytes]","args":[{"selector":{"id":"shellAppTitle"},"wdio_ui5_key":"shellAppTitle"}]}
COMMAND: POST /session/36472aa8408142ceab4c0ded5da7d216/execute/async - {"script":"<script> [6424 bytes]","args":[{"element-6066-11e4-a52e-4f735466cecf":"f.CD0A1DC8B4A70FA2CDB1F936D20A42FA.d.C56014BBA5B717B7FA31A98212CE83F6.e.3293"},"getTitle",[]]}
RESULT: {"script":"<script> [6424 bytes]","args":[{"element-6066-11e4-a52e-4f735466cecf":"f.CD0A1DC8B4A70FA2CDB1F936D20A42FA.d.C56014BBA5B717B7FA31A98212CE83F6.e.3293"},"getTitle",[]]}
COMMAND: POST /session/36472aa8408142ceab4c0ded5da7d216/element - {"using":"xpath","value":"//span[contains(@id ,\"application-addressmanagement-display-component---detailAdm--addressDetailDetailsName1\")][contains(text(), \"WebdriverYardpr5f6\")]"}
RESULT: {"using":"xpath","value":"//span[contains(@id ,\"application-addressmanagement-display-component---detailAdm--addressDetailDetailsName1\")][contains(text(), \"WebdriverYardpr5f6\")]"}
COMMAND: POST /session/36472aa8408142ceab4c0ded5da7d216/execute/sync - {"script":"<script> [8489 bytes]","args":[{"element-6066-11e4-a52e-4f735466cecf":"f.CD0A1DC8B4A70FA2CDB1F936D20A42FA.d.C56014BBA5B717B7FA31A98212CE83F6.e.3294","ELEMENT":"f.CD0A1DC8B4A70FA2CDB1F936D20A42FA.d.C56014BBA5B717B7FA31A98212CE83F6.e.3294"}]}
RESULT: undefined
COMMAND: POST /session/36472aa8408142ceab4c0ded5da7d216/element - {"using":"xpath","value":"//*[@id=\"backBtn\"]"}
RESULT: {"using":"xpath","value":"//*[@id=\"backBtn\"]"}
COMMAND: POST /session/36472aa8408142ceab4c0ded5da7d216/element/f.CD0A1DC8B4A70FA2CDB1F936D20A42FA.d.C56014BBA5B717B7FA31A98212CE83F6.e.2791/click - {}
RESULT: {"script":"<script> [8489 bytes]","args":[{"element-6066-11e4-a52e-4f735466cecf":"f.CD0A1DC8B4A70FA2CDB1F936D20A42FA.d.C56014BBA5B717B7FA31A98212CE83F6.e.3294","ELEMENT":"f.CD0A1DC8B4A70FA2CDB1F936D20A42FA.d.C56014BBA5B717B7FA31A98212CE83F6.e.3294"}]}
COMMAND: GET /session/36472aa8408142ceab4c0ded5da7d216/screenshot - {}
RESULT: {}
COMMAND: GET /session/36472aa8408142ceab4c0ded5da7d216/screenshot - {}
RESULT: {}
RESULT: {}
COMMAND: POST /session/36472aa8408142ceab4c0ded5da7d216/execute/sync - {"script":"<script> [8489 bytes]","args":[{"element-6066-11e4-a52e-4f735466cecf":"f.CD0A1DC8B4A70FA2CDB1F936D20A42FA.d.C56014BBA5B717B7FA31A98212CE83F6.e.3023","ELEMENT":"f.CD0A1DC8B4A70FA2CDB1F936D20A42FA.d.C56014BBA5B717B7FA31A98212CE83F6.e.3023"}]}
COMMAND: POST /session/36472aa8408142ceab4c0ded5da7d216/element - {"using":"xpath","value":"//bdi[contains(@id ,\"application-manageresources-display-component---detailRU--openRelatedRus-BDI-content\")]"}
RESULT: {"using":"xpath","value":"//bdi[contains(@id ,\"application-manageresources-display-component---detailRU--openRelatedRus-BDI-content\")]"}
COMMAND: POST /session/36472aa8408142ceab4c0ded5da7d216/execute/sync - {"script":"<script> [8489 bytes]","args":[{"element-6066-11e4-a52e-4f735466cecf":"f.CD0A1DC8B4A70FA2CDB1F936D20A42FA.d.C56014BBA5B717B7FA31A98212CE83F6.e.3589","ELEMENT":"f.CD0A1DC8B4A70FA2CDB1F936D20A42FA.d.C56014BBA5B717B7FA31A98212CE83F6.e.3589"}]}
RESULT: {"script":"<script> [8489 bytes]","args":[{"element-6066-11e4-a52e-4f735466cecf":"f.CD0A1DC8B4A70FA2CDB1F936D20A42FA.d.C56014BBA5B717B7FA31A98212CE83F6.e.3589","ELEMENT":"f.CD0A1DC8B4A70FA2CDB1F936D20A42FA.d.C56014BBA5B717B7FA31A98212CE83F6.e.3589"}]}
COMMAND: POST /session/36472aa8408142ceab4c0ded5da7d216/execute/sync - {"script":"<script> [5351 bytes]","args":[{"element-6066-11e4-a52e-4f735466cecf":"f.CD0A1DC8B4A70FA2CDB1F936D20A42FA.d.C56014BBA5B717B7FA31A98212CE83F6.e.3589","ELEMENT":"f.CD0A1DC8B4A70FA2CDB1F936D20A42FA.d.C56014BBA5B717B7FA31A98212CE83F6.e.3589"}]}
COMMAND: GET /session/36472aa8408142ceab4c0ded5da7d216/screenshot - {}
RESULT: {"script":"<script> [5351 bytes]","args":[{"element-6066-11e4-a52e-4f735466cecf":"f.CD0A1DC8B4A70FA2CDB1F936D20A42FA.d.C56014BBA5B717B7FA31A98212CE83F6.e.3589","ELEMENT":"f.CD0A1DC8B4A70FA2CDB1F936D20A42FA.d.C56014BBA5B717B7FA31A98212CE83F6.e.3589"}]}
COMMAND: POST /session/36472aa8408142ceab4c0ded5da7d216/element/f.CD0A1DC8B4A70FA2CDB1F936D20A42FA.d.C56014BBA5B717B7FA31A98212CE83F6.e.3589/click - {}
COMMAND: GET /session/36472aa8408142ceab4c0ded5da7d216/screenshot - {}
RESULT: {}
RESULT: {}
COMMAND: GET /session/36472aa8408142ceab4c0ded5da7d216/screenshot - {}
RESULT: {}
RESULT: {}
COMMAND: POST /session/36472aa8408142ceab4c0ded5da7d216/element/f.CD0A1DC8B4A70FA2CDB1F936D20A42FA.d.C56014BBA5B717B7FA31A98212CE83F6.e.3089/click - {}
COMMAND: POST /session/36472aa8408142ceab4c0ded5da7d216/element - {"using":"xpath","value":"//*[contains(@data-kt ,\"openLocationActionMenuLink\")]"}
RESULT: {"using":"xpath","value":"//*[contains(@data-kt ,\"openLocationActionMenuLink\")]"}
COMMAND: POST /session/36472aa8408142ceab4c0ded5da7d216/element/f.CD0A1DC8B4A70FA2CDB1F936D20A42FA.d.C56014BBA5B717B7FA31A98212CE83F6.e.3089/click - {}
COMMAND: POST /session/36472aa8408142ceab4c0ded5da7d216/element - {"using":"xpath","value":"//*[contains(@data-kt ,\"openLocationActionMenuLink\")]"}
RESULT: {"using":"xpath","value":"//*[contains(@data-kt ,\"openLocationActionMenuLink\")]"}
COMMAND: POST /session/36472aa8408142ceab4c0ded5da7d216/element/f.CD0A1DC8B4A70FA2CDB1F936D20A42FA.d.C56014BBA5B717B7FA31A98212CE83F6.e.3593/click - {}
RESULT: {}
COMMAND: GET /session/36472aa8408142ceab4c0ded5da7d216/screenshot - {}
RESULT: {}
COMMAND: POST /session/36472aa8408142ceab4c0ded5da7d216/element - {"using":"xpath","value":"(//button[contains(@title ,\"Open in new tab\")])[1]"}
RESULT: {"using":"xpath","value":"(//button[contains(@title ,\"Open in new tab\")])[1]"}
COMMAND: POST /session/36472aa8408142ceab4c0ded5da7d216/element/f.CD0A1DC8B4A70FA2CDB1F936D20A42FA.d.C56014BBA5B717B7FA31A98212CE83F6.e.3594/click - {}
RESULT: {}
COMMAND: GET /session/36472aa8408142ceab4c0ded5da7d216/screenshot - {}
RESULT: {}
COMMAND: GET /session/36472aa8408142ceab4c0ded5da7d216/window/handles - {}
RESULT: {}
COMMAND: POST /session/36472aa8408142ceab4c0ded5da7d216/window - {"handle":"B8A050599A806BF29BCCAFB5697CD02D"}
RESULT: {"handle":"B8A050599A806BF29BCCAFB5697CD02D"}
COMMAND: GET /session/36472aa8408142ceab4c0ded5da7d216/url - {}
RESULT: {}
COMMAND: GET /session/36472aa8408142ceab4c0ded5da7d216/screenshot - {}
RESULT: {}
COMMAND: POST /session/36472aa8408142ceab4c0ded5da7d216/execute/sync - {"script":"<script> [8489 bytes]","args":[{"element-6066-11e4-a52e-4f735466cecf":"f.CD0A1DC8B4A70FA2CDB1F936D20A42FA.d.C56014BBA5B717B7FA31A98212CE83F6.e.3024","ELEMENT":"f.CD0A1DC8B4A70FA2CDB1F936D20A42FA.d.C56014BBA5B717B7FA31A98212CE83F6.e.3024"}]}
COMMAND: DELETE /session/36472aa8408142ceab4c0ded5da7d216/window - {}
RESULT: {}
COMMAND: POST /session/36472aa8408142ceab4c0ded5da7d216/window - {"handle":"CD0A1DC8B4A70FA2CDB1F936D20A42FA"}
RESULT: {"handle":"CD0A1DC8B4A70FA2CDB1F936D20A42FA"}
COMMAND: GET /session/36472aa8408142ceab4c0ded5da7d216/url - {}
COMMAND: POST /session/36472aa8408142ceab4c0ded5da7d216/element - {"using":"xpath","value":"(//span[contains(text(), \"WebdriverYardpr5f6\")])[2]"}
RESULT: {}
COMMAND: GET /session/36472aa8408142ceab4c0ded5da7d216/screenshot - {}
RESULT: {"using":"xpath","value":"(//span[contains(text(), \"WebdriverYardpr5f6\")])[2]"}
COMMAND: POST /session/36472aa8408142ceab4c0ded5da7d216/execute/sync - {"script":"<script> [8489 bytes]","args":[{"element-6066-11e4-a52e-4f735466cecf":"f.CD0A1DC8B4A70FA2CDB1F936D20A42FA.d.C56014BBA5B717B7FA31A98212CE83F6.e.3624","ELEMENT":"f.CD0A1DC8B4A70FA2CDB1F936D20A42FA.d.C56014BBA5B717B7FA31A98212CE83F6.e.3624"}]}
RESULT: {}
RESULT: {"script":"<script> [8489 bytes]","args":[{"element-6066-11e4-a52e-4f735466cecf":"f.CD0A1DC8B4A70FA2CDB1F936D20A42FA.d.C56014BBA5B717B7FA31A98212CE83F6.e.3624","ELEMENT":"f.CD0A1DC8B4A70FA2CDB1F936D20A42FA.d.C56014BBA5B717B7FA31A98212CE83F6.e.3624"}]}
COMMAND: GET /session/36472aa8408142ceab4c0ded5da7d216/screenshot - {}
RESULT: {}
COMMAND: POST /session/36472aa8408142ceab4c0ded5da7d216/element - {"using":"xpath","value":"(//button[contains(@title ,\"Open in new tab\")])[2]"}
RESULT: {"using":"xpath","value":"(//button[contains(@title ,\"Open in new tab\")])[2]"}
COMMAND: POST /session/36472aa8408142ceab4c0ded5da7d216/element/f.CD0A1DC8B4A70FA2CDB1F936D20A42FA.d.C56014BBA5B717B7FA31A98212CE83F6.e.3625/click - {}
RESULT: {}
COMMAND: GET /session/36472aa8408142ceab4c0ded5da7d216/screenshot - {}
RESULT: {}
COMMAND: GET /session/36472aa8408142ceab4c0ded5da7d216/window/handles - {}
RESULT: {}
COMMAND: POST /session/36472aa8408142ceab4c0ded5da7d216/window - {"handle":"BD79699F8223E82BA08150E6B4D4E96D"}
RESULT: {"handle":"BD79699F8223E82BA08150E6B4D4E96D"}
COMMAND: GET /session/36472aa8408142ceab4c0ded5da7d216/url - {}
RESULT: {}
COMMAND: GET /session/36472aa8408142ceab4c0ded5da7d216/screenshot - {}
RESULT: {}
COMMAND: POST /session/36472aa8408142ceab4c0ded5da7d216/execute/sync - {"script":"<script> [8489 bytes]","args":[{"element-6066-11e4-a52e-4f735466cecf":"f.CD0A1DC8B4A70FA2CDB1F936D20A42FA.d.C56014BBA5B717B7FA31A98212CE83F6.e.3294","ELEMENT":"f.CD0A1DC8B4A70FA2CDB1F936D20A42FA.d.C56014BBA5B717B7FA31A98212CE83F6.e.3294"}]}
COMMAND: DELETE /session/36472aa8408142ceab4c0ded5da7d216/window - {}
RESULT: {}
COMMAND: POST /session/36472aa8408142ceab4c0ded5da7d216/window - {"handle":"CD0A1DC8B4A70FA2CDB1F936D20A42FA"}
RESULT: {"handle":"CD0A1DC8B4A70FA2CDB1F936D20A42FA"}
COMMAND: GET /session/36472aa8408142ceab4c0ded5da7d216/url - {}
COMMAND: POST /session/36472aa8408142ceab4c0ded5da7d216/element - {"using":"xpath","value":"//span[contains(@id ,\"application-addressmanagement-display-component---detailAdm--addressDetailDetailsName1\")][contains(text(), \"WebdriverYardpr5f6\")]"}
RESULT: {}
COMMAND: GET /session/36472aa8408142ceab4c0ded5da7d216/screenshot - {}
RESULT: {"using":"xpath","value":"//span[contains(@id ,\"application-addressmanagement-display-component---detailAdm--addressDetailDetailsName1\")][contains(text(), \"WebdriverYardpr5f6\")]"}
COMMAND: POST /session/36472aa8408142ceab4c0ded5da7d216/element - {"using":"xpath","value":"//span[contains(@id ,\"application-addressmanagement-display-component---detailAdm--addressDetailDetailsName1\")][contains(text(), \"WebdriverYardpr5f6\")]"}
RESULT: {}
RESULT: {"using":"xpath","value":"//span[contains(@id ,\"application-addressmanagement-display-component---detailAdm--addressDetailDetailsName1\")][contains(text(), \"WebdriverYardpr5f6\")]"}
COMMAND: POST /session/36472aa8408142ceab4c0ded5da7d216/element - {"using":"xpath","value":"//span[contains(@id ,\"application-addressmanagement-display-component---detailAdm--addressDetailDetailsName1\")][contains(text(), \"WebdriverYardpr5f6\")]"}
]]></system-out>
    </testcase>
    <testcase classname="chrome.136_0_7103_93.windows.Related_resources_for_groups_US139107" name="Should set one equipment to inactive and verify that it does not show in the releated resources" time="56.44">
      <failure/>
      <error message="expect(received).toEqual(expected) // deep equality&#xA;&#xA;Expected: &quot;Records (1)&quot;&#xA;Received: &quot;Records&quot;"/>
      <system-out><![CDATA[
COMMAND: POST /session/36472aa8408142ceab4c0ded5da7d216/element - {"using":"xpath","value":"//*[contains(@data-kt ,\"openRUIdMenuLink\")]"}
RESULT: {"using":"xpath","value":"//span[contains(@id ,\"application-addressmanagement-display-component---detailAdm--addressDetailDetailsName1\")][contains(text(), \"WebdriverYardpr5f6\")]"}
RESULT: {"using":"xpath","value":"//*[contains(@data-kt ,\"openRUIdMenuLink\")]"}
COMMAND: POST /session/36472aa8408142ceab4c0ded5da7d216/execute/sync - {"script":"<script> [8489 bytes]","args":[{"element-6066-11e4-a52e-4f735466cecf":"f.CD0A1DC8B4A70FA2CDB1F936D20A42FA.d.C56014BBA5B717B7FA31A98212CE83F6.e.3742","ELEMENT":"f.CD0A1DC8B4A70FA2CDB1F936D20A42FA.d.C56014BBA5B717B7FA31A98212CE83F6.e.3742"}]}
RESULT: {"script":"<script> [8489 bytes]","args":[{"element-6066-11e4-a52e-4f735466cecf":"f.CD0A1DC8B4A70FA2CDB1F936D20A42FA.d.C56014BBA5B717B7FA31A98212CE83F6.e.3742","ELEMENT":"f.CD0A1DC8B4A70FA2CDB1F936D20A42FA.d.C56014BBA5B717B7FA31A98212CE83F6.e.3742"}]}
COMMAND: POST /session/36472aa8408142ceab4c0ded5da7d216/execute/sync - {"script":"<script> [5351 bytes]","args":[{"element-6066-11e4-a52e-4f735466cecf":"f.CD0A1DC8B4A70FA2CDB1F936D20A42FA.d.C56014BBA5B717B7FA31A98212CE83F6.e.3742","ELEMENT":"f.CD0A1DC8B4A70FA2CDB1F936D20A42FA.d.C56014BBA5B717B7FA31A98212CE83F6.e.3742"}]}
COMMAND: GET /session/36472aa8408142ceab4c0ded5da7d216/screenshot - {}
RESULT: {"script":"<script> [5351 bytes]","args":[{"element-6066-11e4-a52e-4f735466cecf":"f.CD0A1DC8B4A70FA2CDB1F936D20A42FA.d.C56014BBA5B717B7FA31A98212CE83F6.e.3742","ELEMENT":"f.CD0A1DC8B4A70FA2CDB1F936D20A42FA.d.C56014BBA5B717B7FA31A98212CE83F6.e.3742"}]}
COMMAND: POST /session/36472aa8408142ceab4c0ded5da7d216/element/f.CD0A1DC8B4A70FA2CDB1F936D20A42FA.d.C56014BBA5B717B7FA31A98212CE83F6.e.3742/click - {}
COMMAND: GET /session/36472aa8408142ceab4c0ded5da7d216/screenshot - {}
RESULT: {}
RESULT: {}
COMMAND: GET /session/36472aa8408142ceab4c0ded5da7d216/screenshot - {}
COMMAND: POST /session/36472aa8408142ceab4c0ded5da7d216/element - {"using":"xpath","value":"//span[contains(@id ,\"application-addressmanagement-display-component---detailAdm--addressDetailDetailsName1\")][contains(text(), \"WebdriverYardpr5f6\")]"}
RESULT: {}
RESULT: {}
RESULT: {"using":"xpath","value":"//span[contains(@id ,\"application-addressmanagement-display-component---detailAdm--addressDetailDetailsName1\")][contains(text(), \"WebdriverYardpr5f6\")]"}
COMMAND: POST /session/36472aa8408142ceab4c0ded5da7d216/element - {"using":"xpath","value":"//span[contains(@id ,\"application-addressmanagement-display-component---detailAdm--addressDetailDetailsName1\")][contains(text(), \"WebdriverYardpr5f6\")]"}
RESULT: {"using":"xpath","value":"//span[contains(@id ,\"application-addressmanagement-display-component---detailAdm--addressDetailDetailsName1\")][contains(text(), \"WebdriverYardpr5f6\")]"}
COMMAND: POST /session/36472aa8408142ceab4c0ded5da7d216/element - {"using":"xpath","value":"//span[contains(@id ,\"application-addressmanagement-display-component---detailAdm--addressDetailDetailsName1\")][contains(text(), \"WebdriverYardpr5f6\")]"}
RESULT: {"using":"xpath","value":"//span[contains(@id ,\"application-addressmanagement-display-component---detailAdm--addressDetailDetailsName1\")][contains(text(), \"WebdriverYardpr5f6\")]"}
COMMAND: POST /session/36472aa8408142ceab4c0ded5da7d216/element - {"using":"xpath","value":"//*[contains(@data-kt ,\"ContextMenuId2Link\")][contains(text(), \"RU Overview\")]"}
RESULT: {"using":"xpath","value":"//*[contains(@data-kt ,\"ContextMenuId2Link\")][contains(text(), \"RU Overview\")]"}
COMMAND: POST /session/36472aa8408142ceab4c0ded5da7d216/execute/sync - {"script":"<script> [8489 bytes]","args":[{"element-6066-11e4-a52e-4f735466cecf":"f.CD0A1DC8B4A70FA2CDB1F936D20A42FA.d.C56014BBA5B717B7FA31A98212CE83F6.e.3744","ELEMENT":"f.CD0A1DC8B4A70FA2CDB1F936D20A42FA.d.C56014BBA5B717B7FA31A98212CE83F6.e.3744"}]}
COMMAND: POST /session/36472aa8408142ceab4c0ded5da7d216/element/f.CD0A1DC8B4A70FA2CDB1F936D20A42FA.d.C56014BBA5B717B7FA31A98212CE83F6.e.3744/click - {}
RESULT: {"script":"<script> [8489 bytes]","args":[{"element-6066-11e4-a52e-4f735466cecf":"f.CD0A1DC8B4A70FA2CDB1F936D20A42FA.d.C56014BBA5B717B7FA31A98212CE83F6.e.3744","ELEMENT":"f.CD0A1DC8B4A70FA2CDB1F936D20A42FA.d.C56014BBA5B717B7FA31A98212CE83F6.e.3744"}]}
COMMAND: GET /session/36472aa8408142ceab4c0ded5da7d216/screenshot - {}
RESULT: {}
COMMAND: GET /session/36472aa8408142ceab4c0ded5da7d216/screenshot - {}
COMMAND: POST /session/36472aa8408142ceab4c0ded5da7d216/element - {"using":"xpath","value":"//span[contains(@id ,\"application-addressmanagement-display-component---detailAdm--addressDetailDetailsName1\")][contains(text(), \"WebdriverYardpr5f6\")]"}
RESULT: {}
RESULT: {}
RESULT: {"using":"xpath","value":"//span[contains(@id ,\"application-addressmanagement-display-component---detailAdm--addressDetailDetailsName1\")][contains(text(), \"WebdriverYardpr5f6\")]"}
COMMAND: POST /session/36472aa8408142ceab4c0ded5da7d216/element - {"using":"xpath","value":"//span[contains(@id ,\"application-addressmanagement-display-component---detailAdm--addressDetailDetailsName1\")][contains(text(), \"WebdriverYardpr5f6\")]"}
RESULT: {"using":"xpath","value":"//span[contains(@id ,\"application-addressmanagement-display-component---detailAdm--addressDetailDetailsName1\")][contains(text(), \"WebdriverYardpr5f6\")]"}
COMMAND: POST /session/36472aa8408142ceab4c0ded5da7d216/element - {"using":"xpath","value":"//span[contains(@id ,\"application-addressmanagement-display-component---detailAdm--addressDetailDetailsName1\")][contains(text(), \"WebdriverYardpr5f6\")]"}
RESULT: {"using":"xpath","value":"//span[contains(@id ,\"application-addressmanagement-display-component---detailAdm--addressDetailDetailsName1\")][contains(text(), \"WebdriverYardpr5f6\")]"}
COMMAND: POST /session/36472aa8408142ceab4c0ded5da7d216/element - {"using":"xpath","value":"//span[contains(@id ,\"application-addressmanagement-display-component---detailAdm--addressDetailDetailsName1\")][contains(text(), \"WebdriverYardpr5f6\")]"}
RESULT: {"using":"xpath","value":"//span[contains(@id ,\"application-addressmanagement-display-component---detailAdm--addressDetailDetailsName1\")][contains(text(), \"WebdriverYardpr5f6\")]"}
COMMAND: POST /session/36472aa8408142ceab4c0ded5da7d216/element - {"using":"xpath","value":"//span[contains(@id ,\"application-addressmanagement-display-component---detailAdm--addressDetailDetailsName1\")][contains(text(), \"WebdriverYardpr5f6\")]"}
RESULT: {"using":"xpath","value":"//span[contains(@id ,\"application-addressmanagement-display-component---detailAdm--addressDetailDetailsName1\")][contains(text(), \"WebdriverYardpr5f6\")]"}
COMMAND: POST /session/36472aa8408142ceab4c0ded5da7d216/element - {"using":"xpath","value":"//span[contains(@id ,\"application-addressmanagement-display-component---detailAdm--addressDetailDetailsName1\")][contains(text(), \"WebdriverYardpr5f6\")]"}
RESULT: {"using":"xpath","value":"//span[contains(@id ,\"application-addressmanagement-display-component---detailAdm--addressDetailDetailsName1\")][contains(text(), \"WebdriverYardpr5f6\")]"}
COMMAND: POST /session/36472aa8408142ceab4c0ded5da7d216/element - {"using":"xpath","value":"//span[contains(@id ,\"application-addressmanagement-display-component---detailAdm--addressDetailDetailsName1\")][contains(text(), \"WebdriverYardpr5f6\")]"}
RESULT: {"using":"xpath","value":"//span[contains(@id ,\"application-addressmanagement-display-component---detailAdm--addressDetailDetailsName1\")][contains(text(), \"WebdriverYardpr5f6\")]"}
COMMAND: POST /session/36472aa8408142ceab4c0ded5da7d216/element - {"using":"xpath","value":"//span[contains(@id ,\"application-addressmanagement-display-component---detailAdm--addressDetailDetailsName1\")][contains(text(), \"WebdriverYardpr5f6\")]"}
RESULT: {"using":"xpath","value":"//span[contains(@id ,\"application-addressmanagement-display-component---detailAdm--addressDetailDetailsName1\")][contains(text(), \"WebdriverYardpr5f6\")]"}
COMMAND: POST /session/36472aa8408142ceab4c0ded5da7d216/element - {"using":"xpath","value":"//span[contains(@id ,\"application-addressmanagement-display-component---detailAdm--addressDetailDetailsName1\")][contains(text(), \"WebdriverYardpr5f6\")]"}
RESULT: {"using":"xpath","value":"//span[contains(@id ,\"application-addressmanagement-display-component---detailAdm--addressDetailDetailsName1\")][contains(text(), \"WebdriverYardpr5f6\")]"}
COMMAND: POST /session/36472aa8408142ceab4c0ded5da7d216/element - {"using":"xpath","value":"//span[contains(@id ,\"application-addressmanagement-display-component---detailAdm--addressDetailDetailsName1\")][contains(text(), \"WebdriverYardpr5f6\")]"}
RESULT: {"using":"xpath","value":"//span[contains(@id ,\"application-addressmanagement-display-component---detailAdm--addressDetailDetailsName1\")][contains(text(), \"WebdriverYardpr5f6\")]"}
COMMAND: POST /session/36472aa8408142ceab4c0ded5da7d216/element - {"using":"xpath","value":"//span[contains(@id ,\"actionsToolbar-overflowButton-img\")]"}
RESULT: {"using":"xpath","value":"//span[contains(@id ,\"actionsToolbar-overflowButton-img\")]"}
COMMAND: POST /session/36472aa8408142ceab4c0ded5da7d216/execute/sync - {"script":"<script> [8489 bytes]","args":[{"element-6066-11e4-a52e-4f735466cecf":"f.CD0A1DC8B4A70FA2CDB1F936D20A42FA.d.C56014BBA5B717B7FA31A98212CE83F6.e.4013","ELEMENT":"f.CD0A1DC8B4A70FA2CDB1F936D20A42FA.d.C56014BBA5B717B7FA31A98212CE83F6.e.4013"}]}
RESULT: {"script":"<script> [8489 bytes]","args":[{"element-6066-11e4-a52e-4f735466cecf":"f.CD0A1DC8B4A70FA2CDB1F936D20A42FA.d.C56014BBA5B717B7FA31A98212CE83F6.e.4013","ELEMENT":"f.CD0A1DC8B4A70FA2CDB1F936D20A42FA.d.C56014BBA5B717B7FA31A98212CE83F6.e.4013"}]}
COMMAND: POST /session/36472aa8408142ceab4c0ded5da7d216/execute/sync - {"script":"<script> [5351 bytes]","args":[{"element-6066-11e4-a52e-4f735466cecf":"f.CD0A1DC8B4A70FA2CDB1F936D20A42FA.d.C56014BBA5B717B7FA31A98212CE83F6.e.4013","ELEMENT":"f.CD0A1DC8B4A70FA2CDB1F936D20A42FA.d.C56014BBA5B717B7FA31A98212CE83F6.e.4013"}]}
COMMAND: GET /session/36472aa8408142ceab4c0ded5da7d216/screenshot - {}
RESULT: {"script":"<script> [5351 bytes]","args":[{"element-6066-11e4-a52e-4f735466cecf":"f.CD0A1DC8B4A70FA2CDB1F936D20A42FA.d.C56014BBA5B717B7FA31A98212CE83F6.e.4013","ELEMENT":"f.CD0A1DC8B4A70FA2CDB1F936D20A42FA.d.C56014BBA5B717B7FA31A98212CE83F6.e.4013"}]}
COMMAND: POST /session/36472aa8408142ceab4c0ded5da7d216/element/f.CD0A1DC8B4A70FA2CDB1F936D20A42FA.d.C56014BBA5B717B7FA31A98212CE83F6.e.4013/click - {}
COMMAND: GET /session/36472aa8408142ceab4c0ded5da7d216/screenshot - {}
RESULT: {}
COMMAND: POST /session/36472aa8408142ceab4c0ded5da7d216/element - {"using":"xpath","value":"//span[contains(@id ,\"application-addressmanagement-display-component---detailAdm--addressDetailDetailsName1\")][contains(text(), \"WebdriverYardpr5f6\")]"}
RESULT: {}
COMMAND: GET /session/36472aa8408142ceab4c0ded5da7d216/screenshot - {}
RESULT: {}
RESULT: {"using":"xpath","value":"//span[contains(@id ,\"application-addressmanagement-display-component---detailAdm--addressDetailDetailsName1\")][contains(text(), \"WebdriverYardpr5f6\")]"}
RESULT: {}
COMMAND: POST /session/36472aa8408142ceab4c0ded5da7d216/element - {"using":"xpath","value":"//span[contains(@id ,\"application-addressmanagement-display-component---detailAdm--addressDetailDetailsName1\")][contains(text(), \"WebdriverYardpr5f6\")]"}
RESULT: {"using":"xpath","value":"//span[contains(@id ,\"application-addressmanagement-display-component---detailAdm--addressDetailDetailsName1\")][contains(text(), \"WebdriverYardpr5f6\")]"}
COMMAND: POST /session/36472aa8408142ceab4c0ded5da7d216/element - {"using":"xpath","value":"//span[contains(@id ,\"application-addressmanagement-display-component---detailAdm--addressDetailDetailsName1\")][contains(text(), \"WebdriverYardpr5f6\")]"}
RESULT: {"using":"xpath","value":"//span[contains(@id ,\"application-addressmanagement-display-component---detailAdm--addressDetailDetailsName1\")][contains(text(), \"WebdriverYardpr5f6\")]"}
COMMAND: POST /session/36472aa8408142ceab4c0ded5da7d216/element - {"using":"xpath","value":"//span[contains(@id ,\"application-addressmanagement-display-component---detailAdm--addressDetailDetailsName1\")][contains(text(), \"WebdriverYardpr5f6\")]"}
RESULT: {"using":"xpath","value":"//span[contains(@id ,\"application-addressmanagement-display-component---detailAdm--addressDetailDetailsName1\")][contains(text(), \"WebdriverYardpr5f6\")]"}
COMMAND: POST /session/36472aa8408142ceab4c0ded5da7d216/element - {"using":"xpath","value":"(//bdi[contains(text(), \"Deactivate\")])[1]"}
RESULT: {"using":"xpath","value":"(//bdi[contains(text(), \"Deactivate\")])[1]"}
COMMAND: POST /session/36472aa8408142ceab4c0ded5da7d216/element/f.CD0A1DC8B4A70FA2CDB1F936D20A42FA.d.C56014BBA5B717B7FA31A98212CE83F6.e.4016/click - {}
COMMAND: POST /session/36472aa8408142ceab4c0ded5da7d216/element - {"using":"xpath","value":"//span[contains(@id ,\"application-addressmanagement-display-component---detailAdm--addressDetailDetailsName1\")][contains(text(), \"WebdriverYardpr5f6\")]"}
RESULT: {}
COMMAND: GET /session/36472aa8408142ceab4c0ded5da7d216/screenshot - {}
RESULT: {"using":"xpath","value":"//span[contains(@id ,\"application-addressmanagement-display-component---detailAdm--addressDetailDetailsName1\")][contains(text(), \"WebdriverYardpr5f6\")]"}
RESULT: {}
COMMAND: POST /session/36472aa8408142ceab4c0ded5da7d216/element - {"using":"xpath","value":"//span[contains(@id ,\"application-addressmanagement-display-component---detailAdm--addressDetailDetailsName1\")][contains(text(), \"WebdriverYardpr5f6\")]"}
RESULT: {"using":"xpath","value":"//span[contains(@id ,\"application-addressmanagement-display-component---detailAdm--addressDetailDetailsName1\")][contains(text(), \"WebdriverYardpr5f6\")]"}
COMMAND: POST /session/36472aa8408142ceab4c0ded5da7d216/element - {"using":"xpath","value":"//span[contains(@id ,\"application-addressmanagement-display-component---detailAdm--addressDetailDetailsName1\")][contains(text(), \"WebdriverYardpr5f6\")]"}
RESULT: {"using":"xpath","value":"//span[contains(@id ,\"application-addressmanagement-display-component---detailAdm--addressDetailDetailsName1\")][contains(text(), \"WebdriverYardpr5f6\")]"}
COMMAND: POST /session/36472aa8408142ceab4c0ded5da7d216/element - {"using":"xpath","value":"(//bdi[contains(text(), \"OK\")])[1]"}
RESULT: {"using":"xpath","value":"(//bdi[contains(text(), \"OK\")])[1]"}
COMMAND: POST /session/36472aa8408142ceab4c0ded5da7d216/element/f.CD0A1DC8B4A70FA2CDB1F936D20A42FA.d.C56014BBA5B717B7FA31A98212CE83F6.e.4020/click - {}
RESULT: {}
COMMAND: GET /session/36472aa8408142ceab4c0ded5da7d216/screenshot - {}
COMMAND: POST /session/36472aa8408142ceab4c0ded5da7d216/element - {"using":"xpath","value":"//span[contains(@id ,\"application-addressmanagement-display-component---detailAdm--addressDetailDetailsName1\")][contains(text(), \"WebdriverYardpr5f6\")]"}
RESULT: {}
RESULT: {"using":"xpath","value":"//span[contains(@id ,\"application-addressmanagement-display-component---detailAdm--addressDetailDetailsName1\")][contains(text(), \"WebdriverYardpr5f6\")]"}
COMMAND: POST /session/36472aa8408142ceab4c0ded5da7d216/element - {"using":"xpath","value":"//span[contains(@id ,\"application-addressmanagement-display-component---detailAdm--addressDetailDetailsName1\")][contains(text(), \"WebdriverYardpr5f6\")]"}
RESULT: {"using":"xpath","value":"//span[contains(@id ,\"application-addressmanagement-display-component---detailAdm--addressDetailDetailsName1\")][contains(text(), \"WebdriverYardpr5f6\")]"}
COMMAND: POST /session/36472aa8408142ceab4c0ded5da7d216/element - {"using":"xpath","value":"//span[contains(@id ,\"application-addressmanagement-display-component---detailAdm--addressDetailDetailsName1\")][contains(text(), \"WebdriverYardpr5f6\")]"}
RESULT: {"using":"xpath","value":"//span[contains(@id ,\"application-addressmanagement-display-component---detailAdm--addressDetailDetailsName1\")][contains(text(), \"WebdriverYardpr5f6\")]"}
COMMAND: POST /session/36472aa8408142ceab4c0ded5da7d216/element - {"using":"xpath","value":"//span[contains(@id ,\"application-addressmanagement-display-component---detailAdm--addressDetailDetailsName1\")][contains(text(), \"WebdriverYardpr5f6\")]"}
RESULT: {"using":"xpath","value":"//span[contains(@id ,\"application-addressmanagement-display-component---detailAdm--addressDetailDetailsName1\")][contains(text(), \"WebdriverYardpr5f6\")]"}
COMMAND: POST /session/36472aa8408142ceab4c0ded5da7d216/element - {"using":"xpath","value":"//span[contains(@id ,\"application-addressmanagement-display-component---detailAdm--addressDetailDetailsName1\")][contains(text(), \"WebdriverYardpr5f6\")]"}
RESULT: {"using":"xpath","value":"//span[contains(@id ,\"application-addressmanagement-display-component---detailAdm--addressDetailDetailsName1\")][contains(text(), \"WebdriverYardpr5f6\")]"}
COMMAND: POST /session/36472aa8408142ceab4c0ded5da7d216/element - {"using":"xpath","value":"//span[contains(@id ,\"application-addressmanagement-display-component---detailAdm--addressDetailDetailsName1\")][contains(text(), \"WebdriverYardpr5f6\")]"}
RESULT: {"using":"xpath","value":"//span[contains(@id ,\"application-addressmanagement-display-component---detailAdm--addressDetailDetailsName1\")][contains(text(), \"WebdriverYardpr5f6\")]"}
COMMAND: POST /session/36472aa8408142ceab4c0ded5da7d216/element - {"using":"xpath","value":"//span[contains(@id ,\"application-addressmanagement-display-component---detailAdm--addressDetailDetailsName1\")][contains(text(), \"WebdriverYardpr5f6\")]"}
RESULT: {"using":"xpath","value":"//span[contains(@id ,\"application-addressmanagement-display-component---detailAdm--addressDetailDetailsName1\")][contains(text(), \"WebdriverYardpr5f6\")]"}
COMMAND: POST /session/36472aa8408142ceab4c0ded5da7d216/element - {"using":"xpath","value":"//input[contains(@id ,\"application-manageresources-display-component---masterRU--smartFilterBar-btnBasicSearch-I\")]"}
RESULT: {"using":"xpath","value":"//input[contains(@id ,\"application-manageresources-display-component---masterRU--smartFilterBar-btnBasicSearch-I\")]"}
COMMAND: POST /session/36472aa8408142ceab4c0ded5da7d216/element/f.CD0A1DC8B4A70FA2CDB1F936D20A42FA.d.C56014BBA5B717B7FA31A98212CE83F6.e.3748/value - {"text":"WdIORUGrouppe3c3"}
RESULT: {"text":"WdIORUGrouppe3c3"}
COMMAND: GET /session/36472aa8408142ceab4c0ded5da7d216/screenshot - {}
RESULT: {}
COMMAND: POST /session/36472aa8408142ceab4c0ded5da7d216/element - {"using":"xpath","value":"//span[contains(@id ,\"application-addressmanagement-display-component---detailAdm--addressDetailDetailsName1\")][contains(text(), \"WebdriverYardpr5f6\")]"}
RESULT: {"using":"xpath","value":"//span[contains(@id ,\"application-addressmanagement-display-component---detailAdm--addressDetailDetailsName1\")][contains(text(), \"WebdriverYardpr5f6\")]"}
COMMAND: POST /session/36472aa8408142ceab4c0ded5da7d216/element - {"using":"xpath","value":"//span[contains(@id ,\"application-addressmanagement-display-component---detailAdm--addressDetailDetailsName1\")][contains(text(), \"WebdriverYardpr5f6\")]"}
RESULT: {"using":"xpath","value":"//span[contains(@id ,\"application-addressmanagement-display-component---detailAdm--addressDetailDetailsName1\")][contains(text(), \"WebdriverYardpr5f6\")]"}
COMMAND: POST /session/36472aa8408142ceab4c0ded5da7d216/element - {"using":"xpath","value":"//span[contains(@id ,\"application-addressmanagement-display-component---detailAdm--addressDetailDetailsName1\")][contains(text(), \"WebdriverYardpr5f6\")]"}
RESULT: {"using":"xpath","value":"//span[contains(@id ,\"application-addressmanagement-display-component---detailAdm--addressDetailDetailsName1\")][contains(text(), \"WebdriverYardpr5f6\")]"}
COMMAND: POST /session/36472aa8408142ceab4c0ded5da7d216/element - {"using":"xpath","value":"//span[contains(@id ,\"application-addressmanagement-display-component---detailAdm--addressDetailDetailsName1\")][contains(text(), \"WebdriverYardpr5f6\")]"}
RESULT: {"using":"xpath","value":"//span[contains(@id ,\"application-addressmanagement-display-component---detailAdm--addressDetailDetailsName1\")][contains(text(), \"WebdriverYardpr5f6\")]"}
COMMAND: POST /session/36472aa8408142ceab4c0ded5da7d216/actions - {"actions":[{"id":"action10","type":"key","parameters":{},"actions":[{"type":"keyDown","value":""},{"type":"pause","duration":10},{"type":"keyUp","value":""}]}]}
RESULT: {"actions":[{"id":"action10","type":"key","parameters":{},"actions":[{"type":"keyDown","value":""},{"type":"pause","duration":10},{"type":"keyUp","value":""}]}]}
COMMAND: GET /session/36472aa8408142ceab4c0ded5da7d216/screenshot - {}
COMMAND: POST /session/36472aa8408142ceab4c0ded5da7d216/element - {"using":"xpath","value":"//span[contains(@id ,\"application-addressmanagement-display-component---detailAdm--addressDetailDetailsName1\")][contains(text(), \"WebdriverYardpr5f6\")]"}
RESULT: {}
RESULT: {"using":"xpath","value":"//span[contains(@id ,\"application-addressmanagement-display-component---detailAdm--addressDetailDetailsName1\")][contains(text(), \"WebdriverYardpr5f6\")]"}
COMMAND: POST /session/36472aa8408142ceab4c0ded5da7d216/element - {"using":"xpath","value":"//span[contains(@id ,\"application-addressmanagement-display-component---detailAdm--addressDetailDetailsName1\")][contains(text(), \"WebdriverYardpr5f6\")]"}
RESULT: {"using":"xpath","value":"//span[contains(@id ,\"application-addressmanagement-display-component---detailAdm--addressDetailDetailsName1\")][contains(text(), \"WebdriverYardpr5f6\")]"}
COMMAND: POST /session/36472aa8408142ceab4c0ded5da7d216/element - {"using":"xpath","value":"//span[contains(@id ,\"application-addressmanagement-display-component---detailAdm--addressDetailDetailsName1\")][contains(text(), \"WebdriverYardpr5f6\")]"}
RESULT: {"using":"xpath","value":"//span[contains(@id ,\"application-addressmanagement-display-component---detailAdm--addressDetailDetailsName1\")][contains(text(), \"WebdriverYardpr5f6\")]"}
COMMAND: POST /session/36472aa8408142ceab4c0ded5da7d216/element - {"using":"xpath","value":"//span[contains(@id ,\"application-addressmanagement-display-component---detailAdm--addressDetailDetailsName1\")][contains(text(), \"WebdriverYardpr5f6\")]"}
RESULT: {"using":"xpath","value":"//span[contains(@id ,\"application-addressmanagement-display-component---detailAdm--addressDetailDetailsName1\")][contains(text(), \"WebdriverYardpr5f6\")]"}
COMMAND: POST /session/36472aa8408142ceab4c0ded5da7d216/element - {"using":"xpath","value":"//span[contains(@id ,\"application-addressmanagement-display-component---detailAdm--addressDetailDetailsName1\")][contains(text(), \"WebdriverYardpr5f6\")]"}
RESULT: {"using":"xpath","value":"//span[contains(@id ,\"application-addressmanagement-display-component---detailAdm--addressDetailDetailsName1\")][contains(text(), \"WebdriverYardpr5f6\")]"}
COMMAND: POST /session/36472aa8408142ceab4c0ded5da7d216/element - {"using":"xpath","value":"//span[contains(@id ,\"application-addressmanagement-display-component---detailAdm--addressDetailDetailsName1\")][contains(text(), \"WebdriverYardpr5f6\")]"}
RESULT: {"using":"xpath","value":"//span[contains(@id ,\"application-addressmanagement-display-component---detailAdm--addressDetailDetailsName1\")][contains(text(), \"WebdriverYardpr5f6\")]"}
COMMAND: POST /session/36472aa8408142ceab4c0ded5da7d216/element - {"using":"xpath","value":"//span[contains(@id ,\"application-addressmanagement-display-component---detailAdm--addressDetailDetailsName1\")][contains(text(), \"WebdriverYardpr5f6\")]"}
RESULT: {"using":"xpath","value":"//span[contains(@id ,\"application-addressmanagement-display-component---detailAdm--addressDetailDetailsName1\")][contains(text(), \"WebdriverYardpr5f6\")]"}
COMMAND: POST /session/36472aa8408142ceab4c0ded5da7d216/element - {"using":"xpath","value":"//span[contains(@id ,\"application-addressmanagement-display-component---detailAdm--addressDetailDetailsName1\")][contains(text(), \"WebdriverYardpr5f6\")]"}
RESULT: {"using":"xpath","value":"//span[contains(@id ,\"application-addressmanagement-display-component---detailAdm--addressDetailDetailsName1\")][contains(text(), \"WebdriverYardpr5f6\")]"}
COMMAND: POST /session/36472aa8408142ceab4c0ded5da7d216/element - {"using":"xpath","value":"//span[contains(@id ,\"application-addressmanagement-display-component---detailAdm--addressDetailDetailsName1\")][contains(text(), \"WebdriverYardpr5f6\")]"}
RESULT: {"using":"xpath","value":"//span[contains(@id ,\"application-addressmanagement-display-component---detailAdm--addressDetailDetailsName1\")][contains(text(), \"WebdriverYardpr5f6\")]"}
COMMAND: POST /session/36472aa8408142ceab4c0ded5da7d216/element - {"using":"xpath","value":"//span[contains(@id ,\"application-addressmanagement-display-component---detailAdm--addressDetailDetailsName1\")][contains(text(), \"WebdriverYardpr5f6\")]"}
RESULT: {"using":"xpath","value":"//span[contains(@id ,\"application-addressmanagement-display-component---detailAdm--addressDetailDetailsName1\")][contains(text(), \"WebdriverYardpr5f6\")]"}
COMMAND: POST /session/36472aa8408142ceab4c0ded5da7d216/element - {"using":"xpath","value":"//span[contains(@id ,\"application-addressmanagement-display-component---detailAdm--addressDetailDetailsName1\")][contains(text(), \"WebdriverYardpr5f6\")]"}
RESULT: {"using":"xpath","value":"//span[contains(@id ,\"application-addressmanagement-display-component---detailAdm--addressDetailDetailsName1\")][contains(text(), \"WebdriverYardpr5f6\")]"}
COMMAND: POST /session/36472aa8408142ceab4c0ded5da7d216/element - {"using":"xpath","value":"//span[contains(@id ,\"application-addressmanagement-display-component---detailAdm--addressDetailDetailsName1\")][contains(text(), \"WebdriverYardpr5f6\")]"}
RESULT: {"using":"xpath","value":"//span[contains(@id ,\"application-addressmanagement-display-component---detailAdm--addressDetailDetailsName1\")][contains(text(), \"WebdriverYardpr5f6\")]"}
COMMAND: POST /session/36472aa8408142ceab4c0ded5da7d216/element - {"using":"xpath","value":"//span[contains(text(), \"WdIORUGrouppe3c3\")][contains(@class ,\"sapMText sapUiSelectable sapMTextBreakWord sapMTextMaxWidth\")]"}
RESULT: {"using":"xpath","value":"//span[contains(text(), \"WdIORUGrouppe3c3\")][contains(@class ,\"sapMText sapUiSelectable sapMTextBreakWord sapMTextMaxWidth\")]"}
COMMAND: POST /session/36472aa8408142ceab4c0ded5da7d216/element/f.CD0A1DC8B4A70FA2CDB1F936D20A42FA.d.C56014BBA5B717B7FA31A98212CE83F6.e.4333/click - {}
COMMAND: POST /session/36472aa8408142ceab4c0ded5da7d216/element - {"using":"xpath","value":"//span[contains(@id ,\"application-addressmanagement-display-component---detailAdm--addressDetailDetailsName1\")][contains(text(), \"WebdriverYardpr5f6\")]"}
RESULT: {}
COMMAND: GET /session/36472aa8408142ceab4c0ded5da7d216/screenshot - {}
RESULT: {"using":"xpath","value":"//span[contains(@id ,\"application-addressmanagement-display-component---detailAdm--addressDetailDetailsName1\")][contains(text(), \"WebdriverYardpr5f6\")]"}
COMMAND: POST /session/36472aa8408142ceab4c0ded5da7d216/element - {"using":"xpath","value":"//span[contains(@id ,\"application-addressmanagement-display-component---detailAdm--addressDetailDetailsName1\")][contains(text(), \"WebdriverYardpr5f6\")]"}
RESULT: {}
RESULT: {"using":"xpath","value":"//span[contains(@id ,\"application-addressmanagement-display-component---detailAdm--addressDetailDetailsName1\")][contains(text(), \"WebdriverYardpr5f6\")]"}
COMMAND: POST /session/36472aa8408142ceab4c0ded5da7d216/element - {"using":"xpath","value":"//span[contains(@id ,\"application-addressmanagement-display-component---detailAdm--addressDetailDetailsName1\")][contains(text(), \"WebdriverYardpr5f6\")]"}
RESULT: {"using":"xpath","value":"//span[contains(@id ,\"application-addressmanagement-display-component---detailAdm--addressDetailDetailsName1\")][contains(text(), \"WebdriverYardpr5f6\")]"}
COMMAND: POST /session/36472aa8408142ceab4c0ded5da7d216/element - {"using":"xpath","value":"//span[contains(@id ,\"application-addressmanagement-display-component---detailAdm--addressDetailDetailsName1\")][contains(text(), \"WebdriverYardpr5f6\")]"}
RESULT: {"using":"xpath","value":"//span[contains(@id ,\"application-addressmanagement-display-component---detailAdm--addressDetailDetailsName1\")][contains(text(), \"WebdriverYardpr5f6\")]"}
COMMAND: POST /session/36472aa8408142ceab4c0ded5da7d216/element - {"using":"xpath","value":"//span[contains(@id ,\"application-addressmanagement-display-component---detailAdm--addressDetailDetailsName1\")][contains(text(), \"WebdriverYardpr5f6\")]"}
RESULT: {"using":"xpath","value":"//span[contains(@id ,\"application-addressmanagement-display-component---detailAdm--addressDetailDetailsName1\")][contains(text(), \"WebdriverYardpr5f6\")]"}
COMMAND: POST /session/36472aa8408142ceab4c0ded5da7d216/element - {"using":"xpath","value":"//span[contains(@id ,\"application-addressmanagement-display-component---detailAdm--addressDetailDetailsName1\")][contains(text(), \"WebdriverYardpr5f6\")]"}
RESULT: {"using":"xpath","value":"//span[contains(@id ,\"application-addressmanagement-display-component---detailAdm--addressDetailDetailsName1\")][contains(text(), \"WebdriverYardpr5f6\")]"}
COMMAND: POST /session/36472aa8408142ceab4c0ded5da7d216/element - {"using":"xpath","value":"//span[contains(@id ,\"application-addressmanagement-display-component---detailAdm--addressDetailDetailsName1\")][contains(text(), \"WebdriverYardpr5f6\")]"}
RESULT: {"using":"xpath","value":"//span[contains(@id ,\"application-addressmanagement-display-component---detailAdm--addressDetailDetailsName1\")][contains(text(), \"WebdriverYardpr5f6\")]"}
COMMAND: POST /session/36472aa8408142ceab4c0ded5da7d216/element - {"using":"xpath","value":"//span[contains(@id ,\"application-addressmanagement-display-component---detailAdm--addressDetailDetailsName1\")][contains(text(), \"WebdriverYardpr5f6\")]"}
RESULT: {"using":"xpath","value":"//span[contains(@id ,\"application-addressmanagement-display-component---detailAdm--addressDetailDetailsName1\")][contains(text(), \"WebdriverYardpr5f6\")]"}
COMMAND: POST /session/36472aa8408142ceab4c0ded5da7d216/element - {"using":"xpath","value":"//span[contains(@id ,\"application-addressmanagement-display-component---detailAdm--addressDetailDetailsName1\")][contains(text(), \"WebdriverYardpr5f6\")]"}
RESULT: {"using":"xpath","value":"//span[contains(@id ,\"application-addressmanagement-display-component---detailAdm--addressDetailDetailsName1\")][contains(text(), \"WebdriverYardpr5f6\")]"}
COMMAND: POST /session/36472aa8408142ceab4c0ded5da7d216/element - {"using":"xpath","value":"//span[contains(@id ,\"application-addressmanagement-display-component---detailAdm--addressDetailDetailsName1\")][contains(text(), \"WebdriverYardpr5f6\")]"}
RESULT: {"using":"xpath","value":"//span[contains(@id ,\"application-addressmanagement-display-component---detailAdm--addressDetailDetailsName1\")][contains(text(), \"WebdriverYardpr5f6\")]"}
COMMAND: POST /session/36472aa8408142ceab4c0ded5da7d216/element - {"using":"xpath","value":"//span[contains(@id ,\"application-addressmanagement-display-component---detailAdm--addressDetailDetailsName1\")][contains(text(), \"WebdriverYardpr5f6\")]"}
RESULT: {"using":"xpath","value":"//span[contains(@id ,\"application-addressmanagement-display-component---detailAdm--addressDetailDetailsName1\")][contains(text(), \"WebdriverYardpr5f6\")]"}
COMMAND: POST /session/36472aa8408142ceab4c0ded5da7d216/element - {"using":"xpath","value":"//bdi[contains(@id ,\"application-manageresources-display-component---detailRU--openRelatedRus-BDI-content\")]"}
RESULT: {"using":"xpath","value":"//bdi[contains(@id ,\"application-manageresources-display-component---detailRU--openRelatedRus-BDI-content\")]"}
COMMAND: POST /session/36472aa8408142ceab4c0ded5da7d216/execute/sync - {"script":"<script> [8489 bytes]","args":[{"element-6066-11e4-a52e-4f735466cecf":"f.CD0A1DC8B4A70FA2CDB1F936D20A42FA.d.C56014BBA5B717B7FA31A98212CE83F6.e.4455","ELEMENT":"f.CD0A1DC8B4A70FA2CDB1F936D20A42FA.d.C56014BBA5B717B7FA31A98212CE83F6.e.4455"}]}
RESULT: {"script":"<script> [8489 bytes]","args":[{"element-6066-11e4-a52e-4f735466cecf":"f.CD0A1DC8B4A70FA2CDB1F936D20A42FA.d.C56014BBA5B717B7FA31A98212CE83F6.e.4455","ELEMENT":"f.CD0A1DC8B4A70FA2CDB1F936D20A42FA.d.C56014BBA5B717B7FA31A98212CE83F6.e.4455"}]}
COMMAND: POST /session/36472aa8408142ceab4c0ded5da7d216/execute/sync - {"script":"<script> [5351 bytes]","args":[{"element-6066-11e4-a52e-4f735466cecf":"f.CD0A1DC8B4A70FA2CDB1F936D20A42FA.d.C56014BBA5B717B7FA31A98212CE83F6.e.4455","ELEMENT":"f.CD0A1DC8B4A70FA2CDB1F936D20A42FA.d.C56014BBA5B717B7FA31A98212CE83F6.e.4455"}]}
COMMAND: GET /session/36472aa8408142ceab4c0ded5da7d216/screenshot - {}
RESULT: {"script":"<script> [5351 bytes]","args":[{"element-6066-11e4-a52e-4f735466cecf":"f.CD0A1DC8B4A70FA2CDB1F936D20A42FA.d.C56014BBA5B717B7FA31A98212CE83F6.e.4455","ELEMENT":"f.CD0A1DC8B4A70FA2CDB1F936D20A42FA.d.C56014BBA5B717B7FA31A98212CE83F6.e.4455"}]}
COMMAND: POST /session/36472aa8408142ceab4c0ded5da7d216/element/f.CD0A1DC8B4A70FA2CDB1F936D20A42FA.d.C56014BBA5B717B7FA31A98212CE83F6.e.4455/click - {}
COMMAND: GET /session/36472aa8408142ceab4c0ded5da7d216/screenshot - {}
COMMAND: POST /session/36472aa8408142ceab4c0ded5da7d216/element - {"using":"xpath","value":"//span[contains(@id ,\"application-addressmanagement-display-component---detailAdm--addressDetailDetailsName1\")][contains(text(), \"WebdriverYardpr5f6\")]"}
RESULT: {}
RESULT: {}
COMMAND: GET /session/36472aa8408142ceab4c0ded5da7d216/screenshot - {}
RESULT: {}
RESULT: {"using":"xpath","value":"//span[contains(@id ,\"application-addressmanagement-display-component---detailAdm--addressDetailDetailsName1\")][contains(text(), \"WebdriverYardpr5f6\")]"}
RESULT: {}
COMMAND: POST /session/36472aa8408142ceab4c0ded5da7d216/element - {"using":"xpath","value":"//span[contains(@id ,\"application-addressmanagement-display-component---detailAdm--addressDetailDetailsName1\")][contains(text(), \"WebdriverYardpr5f6\")]"}
RESULT: {"using":"xpath","value":"//span[contains(@id ,\"application-addressmanagement-display-component---detailAdm--addressDetailDetailsName1\")][contains(text(), \"WebdriverYardpr5f6\")]"}
COMMAND: POST /session/36472aa8408142ceab4c0ded5da7d216/element - {"using":"xpath","value":"//span[contains(@id ,\"application-addressmanagement-display-component---detailAdm--addressDetailDetailsName1\")][contains(text(), \"WebdriverYardpr5f6\")]"}
RESULT: {"using":"xpath","value":"//span[contains(@id ,\"application-addressmanagement-display-component---detailAdm--addressDetailDetailsName1\")][contains(text(), \"WebdriverYardpr5f6\")]"}
RESULT: undefined
COMMAND: POST /session/36472aa8408142ceab4c0ded5da7d216/execute/async - {"script":"<script> [6424 bytes]","args":[{"element-6066-11e4-a52e-4f735466cecf":"f.CD0A1DC8B4A70FA2CDB1F936D20A42FA.d.C56014BBA5B717B7FA31A98212CE83F6.e.2656"},"getText",[]]}
COMMAND: POST /session/36472aa8408142ceab4c0ded5da7d216/execute/async - {"script":"<script> [1562 bytes]","args":[{"selector":{"id":"RelatedRUsFragmentID--smartTableRUs-header","searchOpenDialogs":true},"wdio_ui5_key":"RelatedRUsFragmentIDsmartTableRUs-header"}]}
RESULT: {"script":"<script> [1562 bytes]","args":[{"selector":{"id":"RelatedRUsFragmentID--smartTableRUs-header","searchOpenDialogs":true},"wdio_ui5_key":"RelatedRUsFragmentIDsmartTableRUs-header"}]}
COMMAND: POST /session/36472aa8408142ceab4c0ded5da7d216/execute/async - {"script":"<script> [6424 bytes]","args":[{"element-6066-11e4-a52e-4f735466cecf":"f.CD0A1DC8B4A70FA2CDB1F936D20A42FA.d.C56014BBA5B717B7FA31A98212CE83F6.e.4460"},"getText",[]]}
RESULT: {"script":"<script> [6424 bytes]","args":[{"element-6066-11e4-a52e-4f735466cecf":"f.CD0A1DC8B4A70FA2CDB1F936D20A42FA.d.C56014BBA5B717B7FA31A98212CE83F6.e.4460"},"getText",[]]}
COMMAND: GET /session/36472aa8408142ceab4c0ded5da7d216/screenshot - {}
RESULT: {}
COMMAND: GET /session/36472aa8408142ceab4c0ded5da7d216/screenshot - {}
COMMAND: GET /session/36472aa8408142ceab4c0ded5da7d216/screenshot - {}
RESULT: {}
RESULT: {}
COMMAND: DELETE /session/36472aa8408142ceab4c0ded5da7d216 - {}
RESULT: {}
]]></system-out>
      <system-err><![CDATA[
Error: expect(received).toEqual(expected) // deep equality

Expected: "Records (1)"
Received: "Records"
    at Context.<anonymous> (D:\a\1\s\test\specs\R2C\related-resources-area-rpg.spec.js:1038:31)
]]></system-err>
    </testcase>
  </testsuite>
</testsuites>