<?xml version="1.0" encoding="UTF-8"?>
<testsuites tests="3" failures="0" errors="0" skipped="0">
  <testsuite timestamp="2025-04-22T17:58:05" time="197.343" tests="3" failures="0" errors="0" skipped="0">
    <properties>
      <property name="specId" value="0"/>
      <property name="suiteName" value="Address Management Tests US151165 US151160"/>
      <property name="capabilities" value="chrome.135_0_7049_42.windows"/>
      <property name="file" value="file:///D:/a/1/s/test/specs/BTS/address-management.spec.js"/>
    </properties>
    <testcase classname="chrome.135_0_7049_42.windows.Address_Management_Tests_US151165_US151160" name="Step 1 Will check existence of address created with generated name if none then we create" time="59.185">
      <system-out><![CDATA[
COMMAND: POST /session/35e9da1704ca46d88d0a900935973b22/execute/async - {"script":"<script> [1562 bytes]","args":[{"selector":{"controlType":"sap.m.GenericTile","properties":{"header":"Address Management"}},"wdio_ui5_key":"sapm.GenericTile{\"header\":\"Address Management\"}"}]}
RESULT: {"script":"<script> [1562 bytes]","args":[{"selector":{"controlType":"sap.m.GenericTile","properties":{"header":"Address Management"}},"wdio_ui5_key":"sapm.GenericTile{\"header\":\"Address Management\"}"}]}
RESULT: undefined
COMMAND: POST /session/35e9da1704ca46d88d0a900935973b22/element - {"using":"xpath","value":"//*[@id=\"__tile33\"]"}
RESULT: {"using":"xpath","value":"//*[@id=\"__tile33\"]"}
COMMAND: POST /session/35e9da1704ca46d88d0a900935973b22/element/f.EB3B5109A8D459198411FBE6752A73FC.d.86A0A2910AFAA5C869D861BA5C5AB0CC.e.219/click - {}
RESULT: {}
COMMAND: POST /session/35e9da1704ca46d88d0a900935973b22/element - {"using":"xpath","value":"//button[@data-kt=\"addButton\"]"}
COMMAND: GET /session/35e9da1704ca46d88d0a900935973b22/screenshot - {}
RESULT: {"using":"xpath","value":"//button[@data-kt=\"addButton\"]"}
COMMAND: POST /session/35e9da1704ca46d88d0a900935973b22/elements - {"using":"xpath","value":"//button[@data-kt=\"addButton\"]"}
RESULT: {}
RESULT: {"using":"xpath","value":"//button[@data-kt=\"addButton\"]"}
COMMAND: POST /session/35e9da1704ca46d88d0a900935973b22/elements - {"using":"xpath","value":"//button[@data-kt=\"addButton\"]"}
RESULT: {"using":"xpath","value":"//button[@data-kt=\"addButton\"]"}
COMMAND: POST /session/35e9da1704ca46d88d0a900935973b22/elements - {"using":"xpath","value":"//button[@data-kt=\"addButton\"]"}
RESULT: {"using":"xpath","value":"//button[@data-kt=\"addButton\"]"}
COMMAND: POST /session/35e9da1704ca46d88d0a900935973b22/elements - {"using":"xpath","value":"//button[@data-kt=\"addButton\"]"}
RESULT: {"using":"xpath","value":"//button[@data-kt=\"addButton\"]"}
COMMAND: POST /session/35e9da1704ca46d88d0a900935973b22/elements - {"using":"xpath","value":"//button[@data-kt=\"addButton\"]"}
RESULT: {"using":"xpath","value":"//button[@data-kt=\"addButton\"]"}
COMMAND: POST /session/35e9da1704ca46d88d0a900935973b22/elements - {"using":"xpath","value":"//button[@data-kt=\"addButton\"]"}
RESULT: {"using":"xpath","value":"//button[@data-kt=\"addButton\"]"}
COMMAND: POST /session/35e9da1704ca46d88d0a900935973b22/elements - {"using":"xpath","value":"//button[@data-kt=\"addButton\"]"}
RESULT: {"using":"xpath","value":"//button[@data-kt=\"addButton\"]"}
COMMAND: POST /session/35e9da1704ca46d88d0a900935973b22/elements - {"using":"xpath","value":"//button[@data-kt=\"addButton\"]"}
RESULT: {"using":"xpath","value":"//button[@data-kt=\"addButton\"]"}
COMMAND: POST /session/35e9da1704ca46d88d0a900935973b22/elements - {"using":"xpath","value":"//button[@data-kt=\"addButton\"]"}
RESULT: {"using":"xpath","value":"//button[@data-kt=\"addButton\"]"}
COMMAND: POST /session/35e9da1704ca46d88d0a900935973b22/elements - {"using":"xpath","value":"//button[@data-kt=\"addButton\"]"}
RESULT: {"using":"xpath","value":"//button[@data-kt=\"addButton\"]"}
COMMAND: POST /session/35e9da1704ca46d88d0a900935973b22/elements - {"using":"xpath","value":"//button[@data-kt=\"addButton\"]"}
RESULT: {"using":"xpath","value":"//button[@data-kt=\"addButton\"]"}
COMMAND: POST /session/35e9da1704ca46d88d0a900935973b22/elements - {"using":"xpath","value":"//button[@data-kt=\"addButton\"]"}
RESULT: {"using":"xpath","value":"//button[@data-kt=\"addButton\"]"}
COMMAND: POST /session/35e9da1704ca46d88d0a900935973b22/elements - {"using":"xpath","value":"//button[@data-kt=\"addButton\"]"}
RESULT: {"using":"xpath","value":"//button[@data-kt=\"addButton\"]"}
COMMAND: POST /session/35e9da1704ca46d88d0a900935973b22/elements - {"using":"xpath","value":"//button[@data-kt=\"addButton\"]"}
RESULT: {"using":"xpath","value":"//button[@data-kt=\"addButton\"]"}
COMMAND: POST /session/35e9da1704ca46d88d0a900935973b22/elements - {"using":"xpath","value":"//button[@data-kt=\"addButton\"]"}
RESULT: {"using":"xpath","value":"//button[@data-kt=\"addButton\"]"}
COMMAND: POST /session/35e9da1704ca46d88d0a900935973b22/elements - {"using":"xpath","value":"//button[@data-kt=\"addButton\"]"}
RESULT: {"using":"xpath","value":"//button[@data-kt=\"addButton\"]"}
COMMAND: POST /session/35e9da1704ca46d88d0a900935973b22/elements - {"using":"xpath","value":"//button[@data-kt=\"addButton\"]"}
RESULT: {"using":"xpath","value":"//button[@data-kt=\"addButton\"]"}
COMMAND: POST /session/35e9da1704ca46d88d0a900935973b22/elements - {"using":"xpath","value":"//button[@data-kt=\"addButton\"]"}
RESULT: {"using":"xpath","value":"//button[@data-kt=\"addButton\"]"}
COMMAND: POST /session/35e9da1704ca46d88d0a900935973b22/elements - {"using":"xpath","value":"//button[@data-kt=\"addButton\"]"}
RESULT: {"using":"xpath","value":"//button[@data-kt=\"addButton\"]"}
COMMAND: POST /session/35e9da1704ca46d88d0a900935973b22/elements - {"using":"xpath","value":"//button[@data-kt=\"addButton\"]"}
RESULT: {"using":"xpath","value":"//button[@data-kt=\"addButton\"]"}
COMMAND: POST /session/35e9da1704ca46d88d0a900935973b22/elements - {"using":"xpath","value":"//button[@data-kt=\"addButton\"]"}
RESULT: {"using":"xpath","value":"//button[@data-kt=\"addButton\"]"}
COMMAND: POST /session/35e9da1704ca46d88d0a900935973b22/elements - {"using":"xpath","value":"//button[@data-kt=\"addButton\"]"}
RESULT: {"using":"xpath","value":"//button[@data-kt=\"addButton\"]"}
COMMAND: POST /session/35e9da1704ca46d88d0a900935973b22/elements - {"using":"xpath","value":"//button[@data-kt=\"addButton\"]"}
RESULT: {"using":"xpath","value":"//button[@data-kt=\"addButton\"]"}
COMMAND: POST /session/35e9da1704ca46d88d0a900935973b22/element - {"using":"xpath","value":"//button[@data-kt=\"addButton\"]"}
RESULT: {"using":"xpath","value":"//button[@data-kt=\"addButton\"]"}
COMMAND: POST /session/35e9da1704ca46d88d0a900935973b22/execute/sync - {"script":"<script> [8489 bytes]","args":[{"element-6066-11e4-a52e-4f735466cecf":"f.EB3B5109A8D459198411FBE6752A73FC.d.86A0A2910AFAA5C869D861BA5C5AB0CC.e.306","ELEMENT":"f.EB3B5109A8D459198411FBE6752A73FC.d.86A0A2910AFAA5C869D861BA5C5AB0CC.e.306"}]}
RESULT: {"script":"<script> [8489 bytes]","args":[{"element-6066-11e4-a52e-4f735466cecf":"f.EB3B5109A8D459198411FBE6752A73FC.d.86A0A2910AFAA5C869D861BA5C5AB0CC.e.306","ELEMENT":"f.EB3B5109A8D459198411FBE6752A73FC.d.86A0A2910AFAA5C869D861BA5C5AB0CC.e.306"}]}
COMMAND: GET /session/35e9da1704ca46d88d0a900935973b22/element/f.EB3B5109A8D459198411FBE6752A73FC.d.86A0A2910AFAA5C869D861BA5C5AB0CC.e.306/enabled - {}
COMMAND: GET /session/35e9da1704ca46d88d0a900935973b22/screenshot - {}
RESULT: {}
COMMAND: POST /session/35e9da1704ca46d88d0a900935973b22/execute/sync - {"script":"<script> [8489 bytes]","args":[{"element-6066-11e4-a52e-4f735466cecf":"f.EB3B5109A8D459198411FBE6752A73FC.d.86A0A2910AFAA5C869D861BA5C5AB0CC.e.306","ELEMENT":"f.EB3B5109A8D459198411FBE6752A73FC.d.86A0A2910AFAA5C869D861BA5C5AB0CC.e.306"}]}
COMMAND: GET /session/35e9da1704ca46d88d0a900935973b22/screenshot - {}
RESULT: {}
RESULT: {"script":"<script> [8489 bytes]","args":[{"element-6066-11e4-a52e-4f735466cecf":"f.EB3B5109A8D459198411FBE6752A73FC.d.86A0A2910AFAA5C869D861BA5C5AB0CC.e.306","ELEMENT":"f.EB3B5109A8D459198411FBE6752A73FC.d.86A0A2910AFAA5C869D861BA5C5AB0CC.e.306"}]}
COMMAND: POST /session/35e9da1704ca46d88d0a900935973b22/execute/sync - {"script":"<script> [5351 bytes]","args":[{"element-6066-11e4-a52e-4f735466cecf":"f.EB3B5109A8D459198411FBE6752A73FC.d.86A0A2910AFAA5C869D861BA5C5AB0CC.e.306","ELEMENT":"f.EB3B5109A8D459198411FBE6752A73FC.d.86A0A2910AFAA5C869D861BA5C5AB0CC.e.306"}]}
COMMAND: GET /session/35e9da1704ca46d88d0a900935973b22/screenshot - {}
RESULT: {}
RESULT: {"script":"<script> [5351 bytes]","args":[{"element-6066-11e4-a52e-4f735466cecf":"f.EB3B5109A8D459198411FBE6752A73FC.d.86A0A2910AFAA5C869D861BA5C5AB0CC.e.306","ELEMENT":"f.EB3B5109A8D459198411FBE6752A73FC.d.86A0A2910AFAA5C869D861BA5C5AB0CC.e.306"}]}
COMMAND: GET /session/35e9da1704ca46d88d0a900935973b22/screenshot - {}
RESULT: {}
RESULT: {}
COMMAND: POST /session/35e9da1704ca46d88d0a900935973b22/execute/async - {"script":"<script> [1562 bytes]","args":[{"selector":{"id":"application-addressmanagement-display-component---masterAdm--smartFilterBar-btnBasicSearch","interaction":{"idSuffix":"I"}},"wdio_ui5_key":"applicationaddressmanagement-display-component---masterAdm--smartFilterBar-btnBasicSearch"}]}
RESULT: {"script":"<script> [1562 bytes]","args":[{"selector":{"id":"application-addressmanagement-display-component---masterAdm--smartFilterBar-btnBasicSearch","interaction":{"idSuffix":"I"}},"wdio_ui5_key":"applicationaddressmanagement-display-component---masterAdm--smartFilterBar-btnBasicSearch"}]}
RESULT: undefined
COMMAND: POST /session/35e9da1704ca46d88d0a900935973b22/execute/async - {"script":"<script> [776 bytes]","args":[{"enterText":"JWdV8rAq50","selector":{"id":"application-addressmanagement-display-component---masterAdm--smartFilterBar-btnBasicSearch","interaction":{"idSuffix":"I"}},"clearTextFirst":true,"interactionType":"ENTER_TEXT"}]}
RESULT: {"script":"<script> [776 bytes]","args":[{"enterText":"JWdV8rAq50","selector":{"id":"application-addressmanagement-display-component---masterAdm--smartFilterBar-btnBasicSearch","interaction":{"idSuffix":"I"}},"clearTextFirst":true,"interactionType":"ENTER_TEXT"}]}
COMMAND: POST /session/35e9da1704ca46d88d0a900935973b22/actions - {"actions":[{"id":"action1","type":"key","parameters":{},"actions":[{"type":"keyDown","value":""},{"type":"pause","duration":10},{"type":"keyUp","value":""}]}]}
RESULT: {"actions":[{"id":"action1","type":"key","parameters":{},"actions":[{"type":"keyDown","value":""},{"type":"pause","duration":10},{"type":"keyUp","value":""}]}]}
COMMAND: GET /session/35e9da1704ca46d88d0a900935973b22/screenshot - {}
RESULT: {}
COMMAND: POST /session/35e9da1704ca46d88d0a900935973b22/elements - {"using":"xpath","value":"//table[contains(@id, \"customPersonsAddressesTable-listUl\")]/tbody/tr"}
RESULT: {"using":"xpath","value":"//table[contains(@id, \"customPersonsAddressesTable-listUl\")]/tbody/tr"}
COMMAND: POST /session/35e9da1704ca46d88d0a900935973b22/element - {"using":"xpath","value":"//table[contains(@id, \"customPersonsAddressesTable-listUl\")]/tbody/tr[1]/td[5]/span/span"}
RESULT: {"using":"xpath","value":"//table[contains(@id, \"customPersonsAddressesTable-listUl\")]/tbody/tr[1]/td[5]/span/span"}
COMMAND: POST /session/35e9da1704ca46d88d0a900935973b22/element - {"using":"xpath","value":"//table[contains(@id, \"customPersonsAddressesTable-listUl\")]/tbody/tr[1]/td[3]/span"}
RESULT: {"using":"xpath","value":"//table[contains(@id, \"customPersonsAddressesTable-listUl\")]/tbody/tr[1]/td[3]/span"}
COMMAND: POST /session/35e9da1704ca46d88d0a900935973b22/elements - {"using":"xpath","value":"//table[contains(@id, \"customPersonsAddressesTable-listUl\")]/tbody/tr[1]/td[5]/span/span"}
RESULT: {"using":"xpath","value":"//table[contains(@id, \"customPersonsAddressesTable-listUl\")]/tbody/tr[1]/td[5]/span/span"}
COMMAND: POST /session/35e9da1704ca46d88d0a900935973b22/element - {"using":"xpath","value":"//span[@id=\"application-addressmanagement-display-component---masterAdm--smartTable-header-inner\"]"}
RESULT: {"using":"xpath","value":"//span[@id=\"application-addressmanagement-display-component---masterAdm--smartTable-header-inner\"]"}
COMMAND: POST /session/35e9da1704ca46d88d0a900935973b22/elements - {"using":"xpath","value":"//span[@id=\"application-addressmanagement-display-component---masterAdm--smartTable-header-inner\"]"}
RESULT: {"using":"xpath","value":"//span[@id=\"application-addressmanagement-display-component---masterAdm--smartTable-header-inner\"]"}
COMMAND: POST /session/35e9da1704ca46d88d0a900935973b22/execute/sync - {"script":"<script> [56 bytes]","args":[{"element-6066-11e4-a52e-4f735466cecf":"f.EB3B5109A8D459198411FBE6752A73FC.d.86A0A2910AFAA5C869D861BA5C5AB0CC.e.448","ELEMENT":"f.EB3B5109A8D459198411FBE6752A73FC.d.86A0A2910AFAA5C869D861BA5C5AB0CC.e.448"}]}
RESULT: {"script":"<script> [56 bytes]","args":[{"element-6066-11e4-a52e-4f735466cecf":"f.EB3B5109A8D459198411FBE6752A73FC.d.86A0A2910AFAA5C869D861BA5C5AB0CC.e.448","ELEMENT":"f.EB3B5109A8D459198411FBE6752A73FC.d.86A0A2910AFAA5C869D861BA5C5AB0CC.e.448"}]}
COMMAND: POST /session/35e9da1704ca46d88d0a900935973b22/element - {"using":"xpath","value":"//button[@data-kt=\"addButton\"]"}
COMMAND: GET /session/35e9da1704ca46d88d0a900935973b22/screenshot - {}
RESULT: {"using":"xpath","value":"//button[@data-kt=\"addButton\"]"}
COMMAND: POST /session/35e9da1704ca46d88d0a900935973b22/element/f.EB3B5109A8D459198411FBE6752A73FC.d.86A0A2910AFAA5C869D861BA5C5AB0CC.e.306/click - {}
RESULT: {}
RESULT: {}
COMMAND: GET /session/35e9da1704ca46d88d0a900935973b22/screenshot - {}
RESULT: {}
COMMAND: POST /session/35e9da1704ca46d88d0a900935973b22/execute/async - {"script":"<script> [1562 bytes]","args":[{"selector":{"controlType":"sap.ui.core.Icon","viewName":"etm.portal.ui.addressmanagement.view.NewAddress","properties":{"src":{"regex":{"source":"slim\\-arrow\\-down"}}},"ancestor":{"id":"addressTitle","viewName":"etm.portal.ui.addressmanagement.view.NewAddress"}},"wdio_ui5_key":"etmportal.ui.addressmanagement.view.NewAddresssap.ui.core.Icon{\"src\":{\"regex\":{\"source\":\"slim\\\\-arrow\\\\-down\"}}}{\"id\":\"addressTitle\",\"viewName\":\"etm.portal.ui.addressmanagement.view.NewAddress\"}"}]}
RESULT: {"script":"<script> [1562 bytes]","args":[{"selector":{"controlType":"sap.ui.core.Icon","viewName":"etm.portal.ui.addressmanagement.view.NewAddress","properties":{"src":{"regex":{"source":"slim\\-arrow\\-down"}}},"ancestor":{"id":"addressTitle","viewName":"etm.portal.ui.addressmanagement.view.NewAddress"}},"wdio_ui5_key":"etmportal.ui.addressmanagement.view.NewAddresssap.ui.core.Icon{\"src\":{\"regex\":{\"source\":\"slim\\\\-arrow\\\\-down\"}}}{\"id\":\"addressTitle\",\"viewName\":\"etm.portal.ui.addressmanagement.view.NewAddress\"}"}]}
RESULT: undefined
COMMAND: POST /session/35e9da1704ca46d88d0a900935973b22/element - {"using":"xpath","value":"//*[@id=\"__xmlview58--addressTitle-arrow\"]"}
RESULT: {"using":"xpath","value":"//*[@id=\"__xmlview58--addressTitle-arrow\"]"}
COMMAND: POST /session/35e9da1704ca46d88d0a900935973b22/element/f.EB3B5109A8D459198411FBE6752A73FC.d.86A0A2910AFAA5C869D861BA5C5AB0CC.e.478/click - {}
RESULT: {}
COMMAND: GET /session/35e9da1704ca46d88d0a900935973b22/screenshot - {}
RESULT: {}
COMMAND: POST /session/35e9da1704ca46d88d0a900935973b22/element - {"using":"xpath","value":"//li[.//span[text()=\"Dr.\"]]"}
RESULT: {"using":"xpath","value":"//li[.//span[text()=\"Dr.\"]]"}
COMMAND: POST /session/35e9da1704ca46d88d0a900935973b22/element/f.EB3B5109A8D459198411FBE6752A73FC.d.86A0A2910AFAA5C869D861BA5C5AB0CC.e.586/click - {}
RESULT: {}
COMMAND: POST /session/35e9da1704ca46d88d0a900935973b22/execute/async - {"script":"<script> [1562 bytes]","args":[{"selector":{"controlType":"sap.ui.core.Icon","viewName":"etm.portal.ui.addressmanagement.view.NewAddress","properties":{"src":{"regex":{"source":"slim\\-arrow\\-down"}}},"ancestor":{"id":"addressDetailDetailsLanguage","viewName":"etm.portal.ui.addressmanagement.view.NewAddress"}},"wdio_ui5_key":"etmportal.ui.addressmanagement.view.NewAddresssap.ui.core.Icon{\"src\":{\"regex\":{\"source\":\"slim\\\\-arrow\\\\-down\"}}}{\"id\":\"addressDetailDetailsLanguage\",\"viewName\":\"etm.portal.ui.addressmanagement.view.NewAddress\"}"}]}
COMMAND: GET /session/35e9da1704ca46d88d0a900935973b22/screenshot - {}
RESULT: {"script":"<script> [1562 bytes]","args":[{"selector":{"controlType":"sap.ui.core.Icon","viewName":"etm.portal.ui.addressmanagement.view.NewAddress","properties":{"src":{"regex":{"source":"slim\\-arrow\\-down"}}},"ancestor":{"id":"addressDetailDetailsLanguage","viewName":"etm.portal.ui.addressmanagement.view.NewAddress"}},"wdio_ui5_key":"etmportal.ui.addressmanagement.view.NewAddresssap.ui.core.Icon{\"src\":{\"regex\":{\"source\":\"slim\\\\-arrow\\\\-down\"}}}{\"id\":\"addressDetailDetailsLanguage\",\"viewName\":\"etm.portal.ui.addressmanagement.view.NewAddress\"}"}]}
RESULT: undefined
COMMAND: POST /session/35e9da1704ca46d88d0a900935973b22/element - {"using":"xpath","value":"//*[@id=\"__xmlview58--addressDetailDetailsLanguage-arrow\"]"}
RESULT: {}
RESULT: {"using":"xpath","value":"//*[@id=\"__xmlview58--addressDetailDetailsLanguage-arrow\"]"}
COMMAND: POST /session/35e9da1704ca46d88d0a900935973b22/element/f.EB3B5109A8D459198411FBE6752A73FC.d.86A0A2910AFAA5C869D861BA5C5AB0CC.e.491/click - {}
RESULT: {}
COMMAND: GET /session/35e9da1704ca46d88d0a900935973b22/screenshot - {}
RESULT: {}
COMMAND: POST /session/35e9da1704ca46d88d0a900935973b22/element - {"using":"xpath","value":"//span[contains(text(), \"English\")]"}
RESULT: {"using":"xpath","value":"//span[contains(text(), \"English\")]"}
COMMAND: POST /session/35e9da1704ca46d88d0a900935973b22/element/f.EB3B5109A8D459198411FBE6752A73FC.d.86A0A2910AFAA5C869D861BA5C5AB0CC.e.587/click - {}
RESULT: {}
COMMAND: POST /session/35e9da1704ca46d88d0a900935973b22/execute/async - {"script":"<script> [1562 bytes]","args":[{"selector":{"controlType":"sap.m.Input","viewName":"etm.portal.ui.addressmanagement.view.NewAddress","labelFor":{"text":"Name"},"interaction":{"idSuffix":"inner"}},"wdio_ui5_key":"etmportal.ui.addressmanagement.view.NewAddresssap.m.Input{\"text\":\"Name\"}"}]}
COMMAND: GET /session/35e9da1704ca46d88d0a900935973b22/screenshot - {}
RESULT: {"script":"<script> [1562 bytes]","args":[{"selector":{"controlType":"sap.m.Input","viewName":"etm.portal.ui.addressmanagement.view.NewAddress","labelFor":{"text":"Name"},"interaction":{"idSuffix":"inner"}},"wdio_ui5_key":"etmportal.ui.addressmanagement.view.NewAddresssap.m.Input{\"text\":\"Name\"}"}]}
RESULT: undefined
COMMAND: POST /session/35e9da1704ca46d88d0a900935973b22/execute/async - {"script":"<script> [776 bytes]","args":[{"enterText":"JWdV8rAq50","selector":{"controlType":"sap.m.Input","viewName":"etm.portal.ui.addressmanagement.view.NewAddress","labelFor":{"text":"Name"},"interaction":{"idSuffix":"inner"}},"clearTextFirst":true,"interactionType":"ENTER_TEXT"}]}
RESULT: {}
RESULT: {"script":"<script> [776 bytes]","args":[{"enterText":"JWdV8rAq50","selector":{"controlType":"sap.m.Input","viewName":"etm.portal.ui.addressmanagement.view.NewAddress","labelFor":{"text":"Name"},"interaction":{"idSuffix":"inner"}},"clearTextFirst":true,"interactionType":"ENTER_TEXT"}]}
COMMAND: POST /session/35e9da1704ca46d88d0a900935973b22/element - {"using":"xpath","value":"//button[@title=\"Save\"]"}
RESULT: {"using":"xpath","value":"//button[@title=\"Save\"]"}
COMMAND: POST /session/35e9da1704ca46d88d0a900935973b22/element/f.EB3B5109A8D459198411FBE6752A73FC.d.86A0A2910AFAA5C869D861BA5C5AB0CC.e.576/click - {}
RESULT: {}
COMMAND: GET /session/35e9da1704ca46d88d0a900935973b22/screenshot - {}
RESULT: {}
COMMAND: POST /session/35e9da1704ca46d88d0a900935973b22/element - {"using":"xpath","value":"//header[contains(@id, \"application-addressmanagement-display-component---detailAdm--ObjectPageLayout-headerTitle\")]/div[1]/div[3]/div[2]/span"}
RESULT: {"using":"xpath","value":"//header[contains(@id, \"application-addressmanagement-display-component---detailAdm--ObjectPageLayout-headerTitle\")]/div[1]/div[3]/div[2]/span"}
COMMAND: POST /session/35e9da1704ca46d88d0a900935973b22/elements - {"using":"xpath","value":"//header[contains(@id, \"application-addressmanagement-display-component---detailAdm--ObjectPageLayout-headerTitle\")]/div[1]/div[3]/div[2]/span"}
RESULT: {"using":"xpath","value":"//header[contains(@id, \"application-addressmanagement-display-component---detailAdm--ObjectPageLayout-headerTitle\")]/div[1]/div[3]/div[2]/span"}
COMMAND: POST /session/35e9da1704ca46d88d0a900935973b22/execute/sync - {"script":"<script> [56 bytes]","args":[{"element-6066-11e4-a52e-4f735466cecf":"f.EB3B5109A8D459198411FBE6752A73FC.d.86A0A2910AFAA5C869D861BA5C5AB0CC.e.609","ELEMENT":"f.EB3B5109A8D459198411FBE6752A73FC.d.86A0A2910AFAA5C869D861BA5C5AB0CC.e.609"}]}
RESULT: {"script":"<script> [56 bytes]","args":[{"element-6066-11e4-a52e-4f735466cecf":"f.EB3B5109A8D459198411FBE6752A73FC.d.86A0A2910AFAA5C869D861BA5C5AB0CC.e.609","ELEMENT":"f.EB3B5109A8D459198411FBE6752A73FC.d.86A0A2910AFAA5C869D861BA5C5AB0CC.e.609"}]}
COMMAND: GET /session/35e9da1704ca46d88d0a900935973b22/screenshot - {}
RESULT: {}
COMMAND: POST /session/35e9da1704ca46d88d0a900935973b22/element - {"using":"css selector","value":"#shell-header-logo"}
RESULT: {"using":"css selector","value":"#shell-header-logo"}
COMMAND: POST /session/35e9da1704ca46d88d0a900935973b22/element/f.EB3B5109A8D459198411FBE6752A73FC.d.86A0A2910AFAA5C869D861BA5C5AB0CC.e.269/click - {}
RESULT: {}
COMMAND: GET /session/35e9da1704ca46d88d0a900935973b22/screenshot - {}
RESULT: {}
]]></system-out>
    </testcase>
    <testcase classname="chrome.135_0_7049_42.windows.Address_Management_Tests_US151165_US151160" name="Step 2 Should deactivate the created address in earlier step US151165" time="41.757">
      <system-out><![CDATA[
RESULT: undefined
COMMAND: POST /session/35e9da1704ca46d88d0a900935973b22/element - {"using":"xpath","value":"//*[@id=\"__tile33\"]"}
RESULT: {"using":"xpath","value":"//*[@id=\"__tile33\"]"}
COMMAND: POST /session/35e9da1704ca46d88d0a900935973b22/element/f.EB3B5109A8D459198411FBE6752A73FC.d.86A0A2910AFAA5C869D861BA5C5AB0CC.e.219/click - {}
RESULT: {}
COMMAND: POST /session/35e9da1704ca46d88d0a900935973b22/element - {"using":"xpath","value":"//button[@data-kt=\"addButton\"]"}
COMMAND: GET /session/35e9da1704ca46d88d0a900935973b22/screenshot - {}
RESULT: {"using":"xpath","value":"//button[@data-kt=\"addButton\"]"}
COMMAND: POST /session/35e9da1704ca46d88d0a900935973b22/elements - {"using":"xpath","value":"//button[@data-kt=\"addButton\"]"}
RESULT: {}
RESULT: {"using":"xpath","value":"//button[@data-kt=\"addButton\"]"}
COMMAND: POST /session/35e9da1704ca46d88d0a900935973b22/execute/sync - {"script":"<script> [8489 bytes]","args":[{"element-6066-11e4-a52e-4f735466cecf":"f.EB3B5109A8D459198411FBE6752A73FC.d.86A0A2910AFAA5C869D861BA5C5AB0CC.e.658","ELEMENT":"f.EB3B5109A8D459198411FBE6752A73FC.d.86A0A2910AFAA5C869D861BA5C5AB0CC.e.658"}]}
RESULT: {"script":"<script> [8489 bytes]","args":[{"element-6066-11e4-a52e-4f735466cecf":"f.EB3B5109A8D459198411FBE6752A73FC.d.86A0A2910AFAA5C869D861BA5C5AB0CC.e.658","ELEMENT":"f.EB3B5109A8D459198411FBE6752A73FC.d.86A0A2910AFAA5C869D861BA5C5AB0CC.e.658"}]}
COMMAND: GET /session/35e9da1704ca46d88d0a900935973b22/element/f.EB3B5109A8D459198411FBE6752A73FC.d.86A0A2910AFAA5C869D861BA5C5AB0CC.e.658/enabled - {}
COMMAND: GET /session/35e9da1704ca46d88d0a900935973b22/screenshot - {}
RESULT: {}
COMMAND: POST /session/35e9da1704ca46d88d0a900935973b22/execute/sync - {"script":"<script> [8489 bytes]","args":[{"element-6066-11e4-a52e-4f735466cecf":"f.EB3B5109A8D459198411FBE6752A73FC.d.86A0A2910AFAA5C869D861BA5C5AB0CC.e.658","ELEMENT":"f.EB3B5109A8D459198411FBE6752A73FC.d.86A0A2910AFAA5C869D861BA5C5AB0CC.e.658"}]}
COMMAND: GET /session/35e9da1704ca46d88d0a900935973b22/screenshot - {}
RESULT: {}
RESULT: {"script":"<script> [8489 bytes]","args":[{"element-6066-11e4-a52e-4f735466cecf":"f.EB3B5109A8D459198411FBE6752A73FC.d.86A0A2910AFAA5C869D861BA5C5AB0CC.e.658","ELEMENT":"f.EB3B5109A8D459198411FBE6752A73FC.d.86A0A2910AFAA5C869D861BA5C5AB0CC.e.658"}]}
COMMAND: POST /session/35e9da1704ca46d88d0a900935973b22/execute/sync - {"script":"<script> [5351 bytes]","args":[{"element-6066-11e4-a52e-4f735466cecf":"f.EB3B5109A8D459198411FBE6752A73FC.d.86A0A2910AFAA5C869D861BA5C5AB0CC.e.658","ELEMENT":"f.EB3B5109A8D459198411FBE6752A73FC.d.86A0A2910AFAA5C869D861BA5C5AB0CC.e.658"}]}
COMMAND: GET /session/35e9da1704ca46d88d0a900935973b22/screenshot - {}
RESULT: {}
RESULT: {"script":"<script> [5351 bytes]","args":[{"element-6066-11e4-a52e-4f735466cecf":"f.EB3B5109A8D459198411FBE6752A73FC.d.86A0A2910AFAA5C869D861BA5C5AB0CC.e.658","ELEMENT":"f.EB3B5109A8D459198411FBE6752A73FC.d.86A0A2910AFAA5C869D861BA5C5AB0CC.e.658"}]}
COMMAND: GET /session/35e9da1704ca46d88d0a900935973b22/screenshot - {}
RESULT: {}
RESULT: {}
RESULT: undefined
COMMAND: POST /session/35e9da1704ca46d88d0a900935973b22/execute/async - {"script":"<script> [776 bytes]","args":[{"enterText":"JWdV8rAq50","selector":{"id":"application-addressmanagement-display-component---masterAdm--smartFilterBar-btnBasicSearch","interaction":{"idSuffix":"I"}},"clearTextFirst":true,"interactionType":"ENTER_TEXT"}]}
RESULT: {"script":"<script> [776 bytes]","args":[{"enterText":"JWdV8rAq50","selector":{"id":"application-addressmanagement-display-component---masterAdm--smartFilterBar-btnBasicSearch","interaction":{"idSuffix":"I"}},"clearTextFirst":true,"interactionType":"ENTER_TEXT"}]}
COMMAND: POST /session/35e9da1704ca46d88d0a900935973b22/actions - {"actions":[{"id":"action2","type":"key","parameters":{},"actions":[{"type":"keyDown","value":""},{"type":"pause","duration":10},{"type":"keyUp","value":""}]}]}
RESULT: {"actions":[{"id":"action2","type":"key","parameters":{},"actions":[{"type":"keyDown","value":""},{"type":"pause","duration":10},{"type":"keyUp","value":""}]}]}
COMMAND: GET /session/35e9da1704ca46d88d0a900935973b22/screenshot - {}
RESULT: {}
COMMAND: POST /session/35e9da1704ca46d88d0a900935973b22/elements - {"using":"xpath","value":"//table[contains(@id, \"customPersonsAddressesTable-listUl\")]/tbody/tr"}
RESULT: {"using":"xpath","value":"//table[contains(@id, \"customPersonsAddressesTable-listUl\")]/tbody/tr"}
COMMAND: POST /session/35e9da1704ca46d88d0a900935973b22/element - {"using":"xpath","value":"//table[contains(@id, \"customPersonsAddressesTable-listUl\")]/tbody/tr[1]/td[5]/span/span"}
RESULT: {"using":"xpath","value":"//table[contains(@id, \"customPersonsAddressesTable-listUl\")]/tbody/tr[1]/td[5]/span/span"}
COMMAND: POST /session/35e9da1704ca46d88d0a900935973b22/element - {"using":"xpath","value":"//table[contains(@id, \"customPersonsAddressesTable-listUl\")]/tbody/tr[1]/td[3]/span"}
RESULT: {"using":"xpath","value":"//table[contains(@id, \"customPersonsAddressesTable-listUl\")]/tbody/tr[1]/td[3]/span"}
COMMAND: POST /session/35e9da1704ca46d88d0a900935973b22/elements - {"using":"xpath","value":"//table[contains(@id, \"customPersonsAddressesTable-listUl\")]/tbody/tr[1]/td[5]/span/span"}
RESULT: {"using":"xpath","value":"//table[contains(@id, \"customPersonsAddressesTable-listUl\")]/tbody/tr[1]/td[5]/span/span"}
COMMAND: POST /session/35e9da1704ca46d88d0a900935973b22/execute/sync - {"script":"<script> [56 bytes]","args":[{"element-6066-11e4-a52e-4f735466cecf":"f.EB3B5109A8D459198411FBE6752A73FC.d.86A0A2910AFAA5C869D861BA5C5AB0CC.e.805","ELEMENT":"f.EB3B5109A8D459198411FBE6752A73FC.d.86A0A2910AFAA5C869D861BA5C5AB0CC.e.805"}]}
RESULT: {"script":"<script> [56 bytes]","args":[{"element-6066-11e4-a52e-4f735466cecf":"f.EB3B5109A8D459198411FBE6752A73FC.d.86A0A2910AFAA5C869D861BA5C5AB0CC.e.805","ELEMENT":"f.EB3B5109A8D459198411FBE6752A73FC.d.86A0A2910AFAA5C869D861BA5C5AB0CC.e.805"}]}
COMMAND: POST /session/35e9da1704ca46d88d0a900935973b22/execute/sync - {"script":"<script> [56 bytes]","args":[{"element-6066-11e4-a52e-4f735466cecf":"f.EB3B5109A8D459198411FBE6752A73FC.d.86A0A2910AFAA5C869D861BA5C5AB0CC.e.806","ELEMENT":"f.EB3B5109A8D459198411FBE6752A73FC.d.86A0A2910AFAA5C869D861BA5C5AB0CC.e.806"}]}
COMMAND: GET /session/35e9da1704ca46d88d0a900935973b22/screenshot - {}
RESULT: {"script":"<script> [56 bytes]","args":[{"element-6066-11e4-a52e-4f735466cecf":"f.EB3B5109A8D459198411FBE6752A73FC.d.86A0A2910AFAA5C869D861BA5C5AB0CC.e.806","ELEMENT":"f.EB3B5109A8D459198411FBE6752A73FC.d.86A0A2910AFAA5C869D861BA5C5AB0CC.e.806"}]}
COMMAND: POST /session/35e9da1704ca46d88d0a900935973b22/element - {"using":"xpath","value":"//table[contains(@id, \"customPersonsAddressesTable-listUl\")]/tbody/tr[1]/td[10]/div/span"}
COMMAND: GET /session/35e9da1704ca46d88d0a900935973b22/screenshot - {}
RESULT: {}
RESULT: {"using":"xpath","value":"//table[contains(@id, \"customPersonsAddressesTable-listUl\")]/tbody/tr[1]/td[10]/div/span"}
COMMAND: POST /session/35e9da1704ca46d88d0a900935973b22/execute/sync - {"script":"<script> [56 bytes]","args":[{"element-6066-11e4-a52e-4f735466cecf":"f.EB3B5109A8D459198411FBE6752A73FC.d.86A0A2910AFAA5C869D861BA5C5AB0CC.e.807","ELEMENT":"f.EB3B5109A8D459198411FBE6752A73FC.d.86A0A2910AFAA5C869D861BA5C5AB0CC.e.807"}]}
RESULT: {}
RESULT: {"script":"<script> [56 bytes]","args":[{"element-6066-11e4-a52e-4f735466cecf":"f.EB3B5109A8D459198411FBE6752A73FC.d.86A0A2910AFAA5C869D861BA5C5AB0CC.e.807","ELEMENT":"f.EB3B5109A8D459198411FBE6752A73FC.d.86A0A2910AFAA5C869D861BA5C5AB0CC.e.807"}]}
COMMAND: POST /session/35e9da1704ca46d88d0a900935973b22/element - {"using":"xpath","value":"//table[contains(@id, \"customPersonsAddressesTable-listUl\")]/tbody/tr[1]/td[2]/div/div"}
COMMAND: GET /session/35e9da1704ca46d88d0a900935973b22/screenshot - {}
RESULT: {"using":"xpath","value":"//table[contains(@id, \"customPersonsAddressesTable-listUl\")]/tbody/tr[1]/td[2]/div/div"}
COMMAND: POST /session/35e9da1704ca46d88d0a900935973b22/element/f.EB3B5109A8D459198411FBE6752A73FC.d.86A0A2910AFAA5C869D861BA5C5AB0CC.e.808/click - {}
RESULT: {}
RESULT: {}
COMMAND: GET /session/35e9da1704ca46d88d0a900935973b22/screenshot - {}
RESULT: {}
COMMAND: POST /session/35e9da1704ca46d88d0a900935973b22/element - {"using":"xpath","value":"//bdi[contains(text(), \"Deactivate\")]"}
RESULT: {"using":"xpath","value":"//bdi[contains(text(), \"Deactivate\")]"}
COMMAND: POST /session/35e9da1704ca46d88d0a900935973b22/element/f.EB3B5109A8D459198411FBE6752A73FC.d.86A0A2910AFAA5C869D861BA5C5AB0CC.e.809/click - {}
RESULT: {}
COMMAND: GET /session/35e9da1704ca46d88d0a900935973b22/screenshot - {}
RESULT: {}
COMMAND: POST /session/35e9da1704ca46d88d0a900935973b22/element - {"using":"xpath","value":"//bdi[contains(text(), \"Yes\")]"}
RESULT: {"using":"xpath","value":"//bdi[contains(text(), \"Yes\")]"}
COMMAND: POST /session/35e9da1704ca46d88d0a900935973b22/element/f.EB3B5109A8D459198411FBE6752A73FC.d.86A0A2910AFAA5C869D861BA5C5AB0CC.e.811/click - {}
RESULT: {}
COMMAND: GET /session/35e9da1704ca46d88d0a900935973b22/screenshot - {}
RESULT: {}
COMMAND: POST /session/35e9da1704ca46d88d0a900935973b22/element - {"using":"xpath","value":"//table[contains(@id, \"customPersonsAddressesTable-listUl\")]/tbody/tr[1]/td[10]/div/span"}
RESULT: {"using":"xpath","value":"//table[contains(@id, \"customPersonsAddressesTable-listUl\")]/tbody/tr[1]/td[10]/div/span"}
COMMAND: POST /session/35e9da1704ca46d88d0a900935973b22/execute/sync - {"script":"<script> [56 bytes]","args":[{"element-6066-11e4-a52e-4f735466cecf":"f.EB3B5109A8D459198411FBE6752A73FC.d.86A0A2910AFAA5C869D861BA5C5AB0CC.e.807","ELEMENT":"f.EB3B5109A8D459198411FBE6752A73FC.d.86A0A2910AFAA5C869D861BA5C5AB0CC.e.807"}]}
RESULT: {"script":"<script> [56 bytes]","args":[{"element-6066-11e4-a52e-4f735466cecf":"f.EB3B5109A8D459198411FBE6752A73FC.d.86A0A2910AFAA5C869D861BA5C5AB0CC.e.807","ELEMENT":"f.EB3B5109A8D459198411FBE6752A73FC.d.86A0A2910AFAA5C869D861BA5C5AB0CC.e.807"}]}
COMMAND: GET /session/35e9da1704ca46d88d0a900935973b22/screenshot - {}
RESULT: {}
COMMAND: POST /session/35e9da1704ca46d88d0a900935973b22/element - {"using":"css selector","value":"#shell-header-logo"}
RESULT: {"using":"css selector","value":"#shell-header-logo"}
COMMAND: POST /session/35e9da1704ca46d88d0a900935973b22/element/f.EB3B5109A8D459198411FBE6752A73FC.d.86A0A2910AFAA5C869D861BA5C5AB0CC.e.614/click - {}
RESULT: {}
COMMAND: GET /session/35e9da1704ca46d88d0a900935973b22/screenshot - {}
RESULT: {}
]]></system-out>
    </testcase>
    <testcase classname="chrome.135_0_7049_42.windows.Address_Management_Tests_US151165_US151160" name="Step 3 Should activate the created address back again US151160" time="40.274">
      <system-out><![CDATA[
RESULT: undefined
COMMAND: POST /session/35e9da1704ca46d88d0a900935973b22/element - {"using":"xpath","value":"//*[@id=\"__tile33\"]"}
RESULT: {"using":"xpath","value":"//*[@id=\"__tile33\"]"}
COMMAND: POST /session/35e9da1704ca46d88d0a900935973b22/element/f.EB3B5109A8D459198411FBE6752A73FC.d.86A0A2910AFAA5C869D861BA5C5AB0CC.e.219/click - {}
RESULT: {}
COMMAND: POST /session/35e9da1704ca46d88d0a900935973b22/element - {"using":"xpath","value":"//button[@data-kt=\"addButton\"]"}
COMMAND: GET /session/35e9da1704ca46d88d0a900935973b22/screenshot - {}
RESULT: {"using":"xpath","value":"//button[@data-kt=\"addButton\"]"}
COMMAND: POST /session/35e9da1704ca46d88d0a900935973b22/elements - {"using":"xpath","value":"//button[@data-kt=\"addButton\"]"}
RESULT: {}
RESULT: {"using":"xpath","value":"//button[@data-kt=\"addButton\"]"}
COMMAND: POST /session/35e9da1704ca46d88d0a900935973b22/element - {"using":"xpath","value":"//button[@data-kt=\"addButton\"]"}
RESULT: {"using":"xpath","value":"//button[@data-kt=\"addButton\"]"}
COMMAND: POST /session/35e9da1704ca46d88d0a900935973b22/execute/sync - {"script":"<script> [8489 bytes]","args":[{"element-6066-11e4-a52e-4f735466cecf":"f.EB3B5109A8D459198411FBE6752A73FC.d.86A0A2910AFAA5C869D861BA5C5AB0CC.e.875","ELEMENT":"f.EB3B5109A8D459198411FBE6752A73FC.d.86A0A2910AFAA5C869D861BA5C5AB0CC.e.875"}]}
RESULT: {"script":"<script> [8489 bytes]","args":[{"element-6066-11e4-a52e-4f735466cecf":"f.EB3B5109A8D459198411FBE6752A73FC.d.86A0A2910AFAA5C869D861BA5C5AB0CC.e.875","ELEMENT":"f.EB3B5109A8D459198411FBE6752A73FC.d.86A0A2910AFAA5C869D861BA5C5AB0CC.e.875"}]}
COMMAND: GET /session/35e9da1704ca46d88d0a900935973b22/element/f.EB3B5109A8D459198411FBE6752A73FC.d.86A0A2910AFAA5C869D861BA5C5AB0CC.e.875/enabled - {}
COMMAND: GET /session/35e9da1704ca46d88d0a900935973b22/screenshot - {}
RESULT: {}
COMMAND: POST /session/35e9da1704ca46d88d0a900935973b22/execute/sync - {"script":"<script> [8489 bytes]","args":[{"element-6066-11e4-a52e-4f735466cecf":"f.EB3B5109A8D459198411FBE6752A73FC.d.86A0A2910AFAA5C869D861BA5C5AB0CC.e.875","ELEMENT":"f.EB3B5109A8D459198411FBE6752A73FC.d.86A0A2910AFAA5C869D861BA5C5AB0CC.e.875"}]}
COMMAND: GET /session/35e9da1704ca46d88d0a900935973b22/screenshot - {}
RESULT: {}
RESULT: {"script":"<script> [8489 bytes]","args":[{"element-6066-11e4-a52e-4f735466cecf":"f.EB3B5109A8D459198411FBE6752A73FC.d.86A0A2910AFAA5C869D861BA5C5AB0CC.e.875","ELEMENT":"f.EB3B5109A8D459198411FBE6752A73FC.d.86A0A2910AFAA5C869D861BA5C5AB0CC.e.875"}]}
COMMAND: POST /session/35e9da1704ca46d88d0a900935973b22/execute/sync - {"script":"<script> [5351 bytes]","args":[{"element-6066-11e4-a52e-4f735466cecf":"f.EB3B5109A8D459198411FBE6752A73FC.d.86A0A2910AFAA5C869D861BA5C5AB0CC.e.875","ELEMENT":"f.EB3B5109A8D459198411FBE6752A73FC.d.86A0A2910AFAA5C869D861BA5C5AB0CC.e.875"}]}
COMMAND: GET /session/35e9da1704ca46d88d0a900935973b22/screenshot - {}
RESULT: {}
RESULT: {"script":"<script> [5351 bytes]","args":[{"element-6066-11e4-a52e-4f735466cecf":"f.EB3B5109A8D459198411FBE6752A73FC.d.86A0A2910AFAA5C869D861BA5C5AB0CC.e.875","ELEMENT":"f.EB3B5109A8D459198411FBE6752A73FC.d.86A0A2910AFAA5C869D861BA5C5AB0CC.e.875"}]}
COMMAND: GET /session/35e9da1704ca46d88d0a900935973b22/screenshot - {}
RESULT: {}
RESULT: {}
RESULT: undefined
COMMAND: POST /session/35e9da1704ca46d88d0a900935973b22/execute/async - {"script":"<script> [776 bytes]","args":[{"enterText":"JWdV8rAq50","selector":{"id":"application-addressmanagement-display-component---masterAdm--smartFilterBar-btnBasicSearch","interaction":{"idSuffix":"I"}},"clearTextFirst":true,"interactionType":"ENTER_TEXT"}]}
RESULT: {"script":"<script> [776 bytes]","args":[{"enterText":"JWdV8rAq50","selector":{"id":"application-addressmanagement-display-component---masterAdm--smartFilterBar-btnBasicSearch","interaction":{"idSuffix":"I"}},"clearTextFirst":true,"interactionType":"ENTER_TEXT"}]}
COMMAND: POST /session/35e9da1704ca46d88d0a900935973b22/actions - {"actions":[{"id":"action3","type":"key","parameters":{},"actions":[{"type":"keyDown","value":""},{"type":"pause","duration":10},{"type":"keyUp","value":""}]}]}
RESULT: {"actions":[{"id":"action3","type":"key","parameters":{},"actions":[{"type":"keyDown","value":""},{"type":"pause","duration":10},{"type":"keyUp","value":""}]}]}
COMMAND: GET /session/35e9da1704ca46d88d0a900935973b22/screenshot - {}
RESULT: {}
COMMAND: POST /session/35e9da1704ca46d88d0a900935973b22/elements - {"using":"xpath","value":"//table[contains(@id, \"customPersonsAddressesTable-listUl\")]/tbody/tr"}
RESULT: {"using":"xpath","value":"//table[contains(@id, \"customPersonsAddressesTable-listUl\")]/tbody/tr"}
COMMAND: POST /session/35e9da1704ca46d88d0a900935973b22/element - {"using":"xpath","value":"//table[contains(@id, \"customPersonsAddressesTable-listUl\")]/tbody/tr[1]/td[5]/span/span"}
RESULT: {"using":"xpath","value":"//table[contains(@id, \"customPersonsAddressesTable-listUl\")]/tbody/tr[1]/td[5]/span/span"}
COMMAND: POST /session/35e9da1704ca46d88d0a900935973b22/element - {"using":"xpath","value":"//table[contains(@id, \"customPersonsAddressesTable-listUl\")]/tbody/tr[1]/td[3]/span"}
RESULT: {"using":"xpath","value":"//table[contains(@id, \"customPersonsAddressesTable-listUl\")]/tbody/tr[1]/td[3]/span"}
COMMAND: POST /session/35e9da1704ca46d88d0a900935973b22/elements - {"using":"xpath","value":"//table[contains(@id, \"customPersonsAddressesTable-listUl\")]/tbody/tr[1]/td[5]/span/span"}
RESULT: {"using":"xpath","value":"//table[contains(@id, \"customPersonsAddressesTable-listUl\")]/tbody/tr[1]/td[5]/span/span"}
COMMAND: POST /session/35e9da1704ca46d88d0a900935973b22/execute/sync - {"script":"<script> [56 bytes]","args":[{"element-6066-11e4-a52e-4f735466cecf":"f.EB3B5109A8D459198411FBE6752A73FC.d.86A0A2910AFAA5C869D861BA5C5AB0CC.e.1015","ELEMENT":"f.EB3B5109A8D459198411FBE6752A73FC.d.86A0A2910AFAA5C869D861BA5C5AB0CC.e.1015"}]}
RESULT: {"script":"<script> [56 bytes]","args":[{"element-6066-11e4-a52e-4f735466cecf":"f.EB3B5109A8D459198411FBE6752A73FC.d.86A0A2910AFAA5C869D861BA5C5AB0CC.e.1015","ELEMENT":"f.EB3B5109A8D459198411FBE6752A73FC.d.86A0A2910AFAA5C869D861BA5C5AB0CC.e.1015"}]}
COMMAND: POST /session/35e9da1704ca46d88d0a900935973b22/execute/sync - {"script":"<script> [56 bytes]","args":[{"element-6066-11e4-a52e-4f735466cecf":"f.EB3B5109A8D459198411FBE6752A73FC.d.86A0A2910AFAA5C869D861BA5C5AB0CC.e.1016","ELEMENT":"f.EB3B5109A8D459198411FBE6752A73FC.d.86A0A2910AFAA5C869D861BA5C5AB0CC.e.1016"}]}
COMMAND: GET /session/35e9da1704ca46d88d0a900935973b22/screenshot - {}
RESULT: {"script":"<script> [56 bytes]","args":[{"element-6066-11e4-a52e-4f735466cecf":"f.EB3B5109A8D459198411FBE6752A73FC.d.86A0A2910AFAA5C869D861BA5C5AB0CC.e.1016","ELEMENT":"f.EB3B5109A8D459198411FBE6752A73FC.d.86A0A2910AFAA5C869D861BA5C5AB0CC.e.1016"}]}
COMMAND: POST /session/35e9da1704ca46d88d0a900935973b22/element - {"using":"xpath","value":"//table[contains(@id, \"customPersonsAddressesTable-listUl\")]/tbody/tr[1]/td[10]/div/span"}
COMMAND: GET /session/35e9da1704ca46d88d0a900935973b22/screenshot - {}
RESULT: {}
RESULT: {"using":"xpath","value":"//table[contains(@id, \"customPersonsAddressesTable-listUl\")]/tbody/tr[1]/td[10]/div/span"}
COMMAND: POST /session/35e9da1704ca46d88d0a900935973b22/execute/sync - {"script":"<script> [56 bytes]","args":[{"element-6066-11e4-a52e-4f735466cecf":"f.EB3B5109A8D459198411FBE6752A73FC.d.86A0A2910AFAA5C869D861BA5C5AB0CC.e.1017","ELEMENT":"f.EB3B5109A8D459198411FBE6752A73FC.d.86A0A2910AFAA5C869D861BA5C5AB0CC.e.1017"}]}
RESULT: {}
RESULT: {"script":"<script> [56 bytes]","args":[{"element-6066-11e4-a52e-4f735466cecf":"f.EB3B5109A8D459198411FBE6752A73FC.d.86A0A2910AFAA5C869D861BA5C5AB0CC.e.1017","ELEMENT":"f.EB3B5109A8D459198411FBE6752A73FC.d.86A0A2910AFAA5C869D861BA5C5AB0CC.e.1017"}]}
COMMAND: POST /session/35e9da1704ca46d88d0a900935973b22/element - {"using":"xpath","value":"//table[contains(@id, \"customPersonsAddressesTable-listUl\")]/tbody/tr[1]/td[2]/div/div"}
COMMAND: GET /session/35e9da1704ca46d88d0a900935973b22/screenshot - {}
RESULT: {"using":"xpath","value":"//table[contains(@id, \"customPersonsAddressesTable-listUl\")]/tbody/tr[1]/td[2]/div/div"}
COMMAND: POST /session/35e9da1704ca46d88d0a900935973b22/element/f.EB3B5109A8D459198411FBE6752A73FC.d.86A0A2910AFAA5C869D861BA5C5AB0CC.e.1018/click - {}
RESULT: {}
RESULT: {}
COMMAND: GET /session/35e9da1704ca46d88d0a900935973b22/screenshot - {}
RESULT: {}
COMMAND: POST /session/35e9da1704ca46d88d0a900935973b22/element - {"using":"xpath","value":"//bdi[contains(text(), \"Activate\")]"}
RESULT: {"using":"xpath","value":"//bdi[contains(text(), \"Activate\")]"}
COMMAND: POST /session/35e9da1704ca46d88d0a900935973b22/element/f.EB3B5109A8D459198411FBE6752A73FC.d.86A0A2910AFAA5C869D861BA5C5AB0CC.e.1019/click - {}
RESULT: {}
COMMAND: GET /session/35e9da1704ca46d88d0a900935973b22/screenshot - {}
RESULT: {}
COMMAND: POST /session/35e9da1704ca46d88d0a900935973b22/element - {"using":"xpath","value":"//bdi[contains(text(), \"Yes\")]"}
RESULT: {"using":"xpath","value":"//bdi[contains(text(), \"Yes\")]"}
COMMAND: POST /session/35e9da1704ca46d88d0a900935973b22/element/f.EB3B5109A8D459198411FBE6752A73FC.d.86A0A2910AFAA5C869D861BA5C5AB0CC.e.1021/click - {}
RESULT: {}
COMMAND: GET /session/35e9da1704ca46d88d0a900935973b22/screenshot - {}
RESULT: {}
COMMAND: POST /session/35e9da1704ca46d88d0a900935973b22/element - {"using":"xpath","value":"//table[contains(@id, \"customPersonsAddressesTable-listUl\")]/tbody/tr[1]/td[10]/div/span"}
RESULT: {"using":"xpath","value":"//table[contains(@id, \"customPersonsAddressesTable-listUl\")]/tbody/tr[1]/td[10]/div/span"}
COMMAND: POST /session/35e9da1704ca46d88d0a900935973b22/execute/sync - {"script":"<script> [56 bytes]","args":[{"element-6066-11e4-a52e-4f735466cecf":"f.EB3B5109A8D459198411FBE6752A73FC.d.86A0A2910AFAA5C869D861BA5C5AB0CC.e.1017","ELEMENT":"f.EB3B5109A8D459198411FBE6752A73FC.d.86A0A2910AFAA5C869D861BA5C5AB0CC.e.1017"}]}
RESULT: {"script":"<script> [56 bytes]","args":[{"element-6066-11e4-a52e-4f735466cecf":"f.EB3B5109A8D459198411FBE6752A73FC.d.86A0A2910AFAA5C869D861BA5C5AB0CC.e.1017","ELEMENT":"f.EB3B5109A8D459198411FBE6752A73FC.d.86A0A2910AFAA5C869D861BA5C5AB0CC.e.1017"}]}
COMMAND: GET /session/35e9da1704ca46d88d0a900935973b22/screenshot - {}
RESULT: {}
COMMAND: POST /session/35e9da1704ca46d88d0a900935973b22/element - {"using":"css selector","value":"#shell-header-logo"}
RESULT: {"using":"css selector","value":"#shell-header-logo"}
COMMAND: POST /session/35e9da1704ca46d88d0a900935973b22/element/f.EB3B5109A8D459198411FBE6752A73FC.d.86A0A2910AFAA5C869D861BA5C5AB0CC.e.819/click - {}
RESULT: {}
COMMAND: GET /session/35e9da1704ca46d88d0a900935973b22/screenshot - {}
RESULT: {}
COMMAND: DELETE /session/35e9da1704ca46d88d0a900935973b22 - {}
RESULT: {}
]]></system-out>
    </testcase>
  </testsuite>
</testsuites>