<?xml version="1.0" encoding="UTF-8"?>
<testsuites tests="6" failures="5" errors="5" skipped="0">
  <testsuite timestamp="2025-05-13T07:26:07" time="719.139" tests="5" failures="4" errors="4" skipped="0">
    <properties>
      <property name="specId" value="0" />
      <property name="suiteName" value="Create masterdata for Yard Overview - trigger provide US130988" />
      <property name="capabilities" value="chrome.136_0_7103_49.windows" />
      <property name="file" value="file:///D:/a/1/s/test/specs/R2C/yard-overview-trigger.spec.js" />
    </properties>
    <testcase classname="chrome.136_0_7103_49.windows.Create_masterdata_for_Yard_Overview_-_trigger_provide_US130988" name="Should create prerequisites yard partner site material" time="469.148">
      <system-out><![CDATA[
COMMAND: POST /session/8bcca888ba07c07fe3a4de1036236e8d/execute/async - {"script":"<script> [1562 bytes]","args":[{"selector":{"controlType":"sap.m.GenericTile","properties":{"header":"Manage Yards"}},"wdio_ui5_key":"sapm.GenericTile{\"header\":\"Manage Yards\"}"}]}
RESULT: {"script":"<script> [1562 bytes]","args":[{"selector":{"controlType":"sap.m.GenericTile","properties":{"header":"Manage Yards"}},"wdio_ui5_key":"sapm.GenericTile{\"header\":\"Manage Yards\"}"}]}
RESULT: undefined
COMMAND: POST /session/8bcca888ba07c07fe3a4de1036236e8d/element - {"using":"xpath","value":"//*[@id=\"__tile41\"]"}
RESULT: {"using":"xpath","value":"//*[@id=\"__tile41\"]"}
COMMAND: POST /session/8bcca888ba07c07fe3a4de1036236e8d/element/f.FF571C87B0A6145715D6D7C3A95C5F41.d.63E7679509B6535A0FF8EB0D7BB36C94.e.110/click - {}
RESULT: {}
COMMAND: GET /session/8bcca888ba07c07fe3a4de1036236e8d/screenshot - {}
RESULT: {}
COMMAND: POST /session/8bcca888ba07c07fe3a4de1036236e8d/elements - {"using":"xpath","value":"//span[text()='Error']"}
RESULT: {"using":"xpath","value":"//span[text()='Error']"}
COMMAND: POST /session/8bcca888ba07c07fe3a4de1036236e8d/execute/async - {"script":"<script> [1562 bytes]","args":[{"selector":{"controlType":"sap.ui.core.Icon","viewName":"etm.portal.ui.manageyards.view.Master","viewId":"application-manageyards-display-component---masterYard","properties":{"src":{"regex":{"source":"add"}}}},"wdio_ui5_key":"etmportal.ui.manageyards.view.Mastersap.ui.core.Icon{\"src\":{\"regex\":{\"source\":\"add\"}}}"}]}
RESULT: {"script":"<script> [1562 bytes]","args":[{"selector":{"controlType":"sap.ui.core.Icon","viewName":"etm.portal.ui.manageyards.view.Master","viewId":"application-manageyards-display-component---masterYard","properties":{"src":{"regex":{"source":"add"}}}},"wdio_ui5_key":"etmportal.ui.manageyards.view.Mastersap.ui.core.Icon{\"src\":{\"regex\":{\"source\":\"add\"}}}"}]}
RESULT: undefined
COMMAND: POST /session/8bcca888ba07c07fe3a4de1036236e8d/element - {"using":"xpath","value":"//*[@id=\"__button4-img\"]"}
RESULT: {"using":"xpath","value":"//*[@id=\"__button4-img\"]"}
COMMAND: POST /session/8bcca888ba07c07fe3a4de1036236e8d/element/f.FF571C87B0A6145715D6D7C3A95C5F41.d.63E7679509B6535A0FF8EB0D7BB36C94.e.157/click - {}
RESULT: {}
COMMAND: GET /session/8bcca888ba07c07fe3a4de1036236e8d/screenshot - {}
RESULT: {}
COMMAND: POST /session/8bcca888ba07c07fe3a4de1036236e8d/execute/async - {"script":"<script> [1562 bytes]","args":[{"selector":{"id":"application-manageyards-display-component---NewYard--yardId","interaction":{"idSuffix":"inner"}},"wdio_ui5_key":"applicationmanageyards-display-component---NewYard--yardId"}]}
RESULT: {"script":"<script> [1562 bytes]","args":[{"selector":{"id":"application-manageyards-display-component---NewYard--yardId","interaction":{"idSuffix":"inner"}},"wdio_ui5_key":"applicationmanageyards-display-component---NewYard--yardId"}]}
RESULT: undefined
COMMAND: POST /session/8bcca888ba07c07fe3a4de1036236e8d/element - {"using":"xpath","value":"//*[@id=\"application-manageyards-display-component---NewYard--addressDetailDetailsName1-inner\"]"}
RESULT: {"using":"xpath","value":"//*[@id=\"application-manageyards-display-component---NewYard--addressDetailDetailsName1-inner\"]"}
COMMAND: POST /session/8bcca888ba07c07fe3a4de1036236e8d/element/f.FF571C87B0A6145715D6D7C3A95C5F41.d.63E7679509B6535A0FF8EB0D7BB36C94.e.305/clear - {}
RESULT: {}
COMMAND: POST /session/8bcca888ba07c07fe3a4de1036236e8d/element/f.FF571C87B0A6145715D6D7C3A95C5F41.d.63E7679509B6535A0FF8EB0D7BB36C94.e.305/value - {"text":"WebdriverYardbaqkm"}
COMMAND: GET /session/8bcca888ba07c07fe3a4de1036236e8d/screenshot - {}
RESULT: {"text":"WebdriverYardbaqkm"}
COMMAND: POST /session/8bcca888ba07c07fe3a4de1036236e8d/element - {"using":"xpath","value":"//*[@id=\"application-manageyards-display-component---NewYard--addressDetailDetailsLanguage-inner\"]"}
COMMAND: GET /session/8bcca888ba07c07fe3a4de1036236e8d/screenshot - {}
RESULT: {}
RESULT: {"using":"xpath","value":"//*[@id=\"application-manageyards-display-component---NewYard--addressDetailDetailsLanguage-inner\"]"}
COMMAND: POST /session/8bcca888ba07c07fe3a4de1036236e8d/element/f.FF571C87B0A6145715D6D7C3A95C5F41.d.63E7679509B6535A0FF8EB0D7BB36C94.e.306/clear - {}
RESULT: {}
RESULT: {}
COMMAND: POST /session/8bcca888ba07c07fe3a4de1036236e8d/element/f.FF571C87B0A6145715D6D7C3A95C5F41.d.63E7679509B6535A0FF8EB0D7BB36C94.e.306/value - {"text":"Romanian"}
COMMAND: GET /session/8bcca888ba07c07fe3a4de1036236e8d/screenshot - {}
RESULT: {"text":"Romanian"}
COMMAND: POST /session/8bcca888ba07c07fe3a4de1036236e8d/element - {"using":"xpath","value":"//input[contains(@id ,\"application-manageyards-display-component---NewYard--addressDetailDetailsName1-inner\")]"}
RESULT: {"using":"xpath","value":"//input[contains(@id ,\"application-manageyards-display-component---NewYard--addressDetailDetailsName1-inner\")]"}
COMMAND: GET /session/8bcca888ba07c07fe3a4de1036236e8d/element/f.FF571C87B0A6145715D6D7C3A95C5F41.d.63E7679509B6535A0FF8EB0D7BB36C94.e.305/property/value - {}
RESULT: {}
COMMAND: GET /session/8bcca888ba07c07fe3a4de1036236e8d/screenshot - {}
COMMAND: GET /session/8bcca888ba07c07fe3a4de1036236e8d/screenshot - {}
RESULT: {}
RESULT: {}
RESULT: {}
COMMAND: POST /session/8bcca888ba07c07fe3a4de1036236e8d/element - {"using":"xpath","value":"//*[@id=\"application-manageyards-display-component---NewYard--addressDetailDetailsCity1-inner\"]"}
RESULT: {"using":"xpath","value":"//*[@id=\"application-manageyards-display-component---NewYard--addressDetailDetailsCity1-inner\"]"}
COMMAND: POST /session/8bcca888ba07c07fe3a4de1036236e8d/element/f.FF571C87B0A6145715D6D7C3A95C5F41.d.63E7679509B6535A0FF8EB0D7BB36C94.e.308/clear - {}
RESULT: {}
COMMAND: POST /session/8bcca888ba07c07fe3a4de1036236e8d/element/f.FF571C87B0A6145715D6D7C3A95C5F41.d.63E7679509B6535A0FF8EB0D7BB36C94.e.308/value - {"text":"Bucuresti"}
COMMAND: GET /session/8bcca888ba07c07fe3a4de1036236e8d/screenshot - {}
RESULT: {"text":"Bucuresti"}
COMMAND: GET /session/8bcca888ba07c07fe3a4de1036236e8d/screenshot - {}
RESULT: {}
RESULT: {}
COMMAND: POST /session/8bcca888ba07c07fe3a4de1036236e8d/element - {"using":"xpath","value":"//*[@id=\"application-manageyards-display-component---NewYard--addressDetailDetailsCountry-inner\"]"}
RESULT: {"using":"xpath","value":"//*[@id=\"application-manageyards-display-component---NewYard--addressDetailDetailsCountry-inner\"]"}
COMMAND: POST /session/8bcca888ba07c07fe3a4de1036236e8d/element/f.FF571C87B0A6145715D6D7C3A95C5F41.d.63E7679509B6535A0FF8EB0D7BB36C94.e.312/clear - {}
RESULT: {}
COMMAND: POST /session/8bcca888ba07c07fe3a4de1036236e8d/element/f.FF571C87B0A6145715D6D7C3A95C5F41.d.63E7679509B6535A0FF8EB0D7BB36C94.e.312/value - {"text":"Romania"}
COMMAND: GET /session/8bcca888ba07c07fe3a4de1036236e8d/screenshot - {}
RESULT: {"text":"Romania"}
COMMAND: GET /session/8bcca888ba07c07fe3a4de1036236e8d/screenshot - {}
RESULT: {}
RESULT: {}
COMMAND: POST /session/8bcca888ba07c07fe3a4de1036236e8d/element - {"using":"xpath","value":"//div[contains(text(), \"Commercial\")]"}
RESULT: {"using":"xpath","value":"//div[contains(text(), \"Commercial\")]"}
COMMAND: GET /session/8bcca888ba07c07fe3a4de1036236e8d/element/f.FF571C87B0A6145715D6D7C3A95C5F41.d.63E7679509B6535A0FF8EB0D7BB36C94.e.559/rect - {}
RESULT: {}
COMMAND: GET /session/8bcca888ba07c07fe3a4de1036236e8d/window/rect - {}
RESULT: {}
COMMAND: POST /session/8bcca888ba07c07fe3a4de1036236e8d/execute/sync - {"script":"<script> [92 bytes]","args":[]}
RESULT: {"script":"<script> [92 bytes]","args":[]}
COMMAND: POST /session/8bcca888ba07c07fe3a4de1036236e8d/actions - {"actions":[{"id":"action1","type":"wheel","parameters":{},"actions":[{"type":"scroll","x":-1841,"y":-44,"deltaX":0,"deltaY":0,"duration":0,"origin":{"element-6066-11e4-a52e-4f735466cecf":"f.FF571C87B0A6145715D6D7C3A95C5F41.d.63E7679509B6535A0FF8EB0D7BB36C94.e.559"}}]}]}
COMMAND: GET /session/8bcca888ba07c07fe3a4de1036236e8d/screenshot - {}
RESULT: {}
COMMAND: POST /session/8bcca888ba07c07fe3a4de1036236e8d/execute/sync - {"script":"<script> [79 bytes]","args":[{"element-6066-11e4-a52e-4f735466cecf":"f.FF571C87B0A6145715D6D7C3A95C5F41.d.63E7679509B6535A0FF8EB0D7BB36C94.e.559","ELEMENT":"f.FF571C87B0A6145715D6D7C3A95C5F41.d.63E7679509B6535A0FF8EB0D7BB36C94.e.559"},{"block":"start","inline":"nearest"}]}
RESULT: {"script":"<script> [79 bytes]","args":[{"element-6066-11e4-a52e-4f735466cecf":"f.FF571C87B0A6145715D6D7C3A95C5F41.d.63E7679509B6535A0FF8EB0D7BB36C94.e.559","ELEMENT":"f.FF571C87B0A6145715D6D7C3A95C5F41.d.63E7679509B6535A0FF8EB0D7BB36C94.e.559"},{"block":"start","inline":"nearest"}]}
COMMAND: GET /session/8bcca888ba07c07fe3a4de1036236e8d/screenshot - {}
RESULT: {}
COMMAND: POST /session/8bcca888ba07c07fe3a4de1036236e8d/execute/async - {"script":"<script> [1562 bytes]","args":[{"selector":{"id":"application-manageyards-display-component---NewYard--addressEditDetailsCostObjectCstType-arrow"},"wdio_ui5_key":"applicationmanageyards-display-component---NewYard--addressEditDetailsCostObjectCstType-arrow"}]}
RESULT: {"script":"<script> [1562 bytes]","args":[{"selector":{"id":"application-manageyards-display-component---NewYard--addressEditDetailsCostObjectCstType-arrow"},"wdio_ui5_key":"applicationmanageyards-display-component---NewYard--addressEditDetailsCostObjectCstType-arrow"}]}
RESULT: undefined
COMMAND: POST /session/8bcca888ba07c07fe3a4de1036236e8d/element - {"using":"xpath","value":"//*[@id=\"application-manageyards-display-component---NewYard--addressEditDetailsCostObjectCstType-arrow\"]"}
RESULT: {"using":"xpath","value":"//*[@id=\"application-manageyards-display-component---NewYard--addressEditDetailsCostObjectCstType-arrow\"]"}
COMMAND: POST /session/8bcca888ba07c07fe3a4de1036236e8d/element/f.FF571C87B0A6145715D6D7C3A95C5F41.d.63E7679509B6535A0FF8EB0D7BB36C94.e.567/click - {}
RESULT: {}
COMMAND: POST /session/8bcca888ba07c07fe3a4de1036236e8d/element - {"using":"xpath","value":"//span[contains(text(), \"Cost Center\")]"}
COMMAND: GET /session/8bcca888ba07c07fe3a4de1036236e8d/screenshot - {}
RESULT: {"using":"xpath","value":"//span[contains(text(), \"Cost Center\")]"}
COMMAND: POST /session/8bcca888ba07c07fe3a4de1036236e8d/element/f.FF571C87B0A6145715D6D7C3A95C5F41.d.63E7679509B6535A0FF8EB0D7BB36C94.e.568/click - {}
RESULT: {}
RESULT: {}
COMMAND: GET /session/8bcca888ba07c07fe3a4de1036236e8d/screenshot - {}
RESULT: {}
COMMAND: POST /session/8bcca888ba07c07fe3a4de1036236e8d/execute/async - {"script":"<script> [1562 bytes]","args":[{"selector":{"id":"application-manageyards-display-component---NewYard--addressNewCostObjectCstID-vhi"},"wdio_ui5_key":"applicationmanageyards-display-component---NewYard--addressNewCostObjectCstID-vhi"}]}
RESULT: {"script":"<script> [1562 bytes]","args":[{"selector":{"id":"application-manageyards-display-component---NewYard--addressNewCostObjectCstID-vhi"},"wdio_ui5_key":"applicationmanageyards-display-component---NewYard--addressNewCostObjectCstID-vhi"}]}
RESULT: undefined
COMMAND: POST /session/8bcca888ba07c07fe3a4de1036236e8d/element - {"using":"xpath","value":"//*[@id=\"application-manageyards-display-component---NewYard--addressNewCostObjectCstID-vhi\"]"}
RESULT: {"using":"xpath","value":"//*[@id=\"application-manageyards-display-component---NewYard--addressNewCostObjectCstID-vhi\"]"}
COMMAND: POST /session/8bcca888ba07c07fe3a4de1036236e8d/element/f.FF571C87B0A6145715D6D7C3A95C5F41.d.63E7679509B6535A0FF8EB0D7BB36C94.e.572/click - {}
RESULT: {}
COMMAND: GET /session/8bcca888ba07c07fe3a4de1036236e8d/screenshot - {}
RESULT: {}
COMMAND: POST /session/8bcca888ba07c07fe3a4de1036236e8d/execute/async - {"script":"<script> [1562 bytes]","args":[{"selector":{"controlType":"sap.m.SearchField","properties":{"placeholder":"Search"},"searchOpenDialogs":true,"interaction":{"idSuffix":"I"}},"wdio_ui5_key":"sapm.SearchField{\"placeholder\":\"Search\"}"}]}
RESULT: {"script":"<script> [1562 bytes]","args":[{"selector":{"controlType":"sap.m.SearchField","properties":{"placeholder":"Search"},"searchOpenDialogs":true,"interaction":{"idSuffix":"I"}},"wdio_ui5_key":"sapm.SearchField{\"placeholder\":\"Search\"}"}]}
RESULT: undefined
COMMAND: POST /session/8bcca888ba07c07fe3a4de1036236e8d/execute/async - {"script":"<script> [776 bytes]","args":[{"enterText":"10001013","selector":{"controlType":"sap.m.SearchField","properties":{"placeholder":"Search"},"searchOpenDialogs":true,"interaction":{"idSuffix":"I"}},"clearTextFirst":true,"interactionType":"ENTER_TEXT"}]}
RESULT: {"script":"<script> [776 bytes]","args":[{"enterText":"10001013","selector":{"controlType":"sap.m.SearchField","properties":{"placeholder":"Search"},"searchOpenDialogs":true,"interaction":{"idSuffix":"I"}},"clearTextFirst":true,"interactionType":"ENTER_TEXT"}]}
COMMAND: POST /session/8bcca888ba07c07fe3a4de1036236e8d/actions - {"actions":[{"id":"action2","type":"key","parameters":{},"actions":[{"type":"keyDown","value":"î€‡"},{"type":"pause","duration":10},{"type":"keyUp","value":"î€‡"}]}]}
RESULT: {"actions":[{"id":"action2","type":"key","parameters":{},"actions":[{"type":"keyDown","value":"î€‡"},{"type":"pause","duration":10},{"type":"keyUp","value":"î€‡"}]}]}
COMMAND: GET /session/8bcca888ba07c07fe3a4de1036236e8d/screenshot - {}
RESULT: {}
COMMAND: POST /session/8bcca888ba07c07fe3a4de1036236e8d/element - {"using":"xpath","value":"//span[contains(text(), \"General Management\")]"}
RESULT: {"using":"xpath","value":"//span[contains(text(), \"General Management\")]"}
COMMAND: POST /session/8bcca888ba07c07fe3a4de1036236e8d/element/f.FF571C87B0A6145715D6D7C3A95C5F41.d.63E7679509B6535A0FF8EB0D7BB36C94.e.612/click - {}
RESULT: {}
COMMAND: GET /session/8bcca888ba07c07fe3a4de1036236e8d/screenshot - {}
RESULT: {}
COMMAND: POST /session/8bcca888ba07c07fe3a4de1036236e8d/element - {"using":"xpath","value":"//bdi[contains(text(), \"OK\")]"}
RESULT: {"using":"xpath","value":"//bdi[contains(text(), \"OK\")]"}
COMMAND: POST /session/8bcca888ba07c07fe3a4de1036236e8d/element/f.FF571C87B0A6145715D6D7C3A95C5F41.d.63E7679509B6535A0FF8EB0D7BB36C94.e.613/click - {}
RESULT: {}
COMMAND: GET /session/8bcca888ba07c07fe3a4de1036236e8d/screenshot - {}
RESULT: {}
COMMAND: POST /session/8bcca888ba07c07fe3a4de1036236e8d/execute/async - {"script":"<script> [1562 bytes]","args":[{"selector":{"controlType":"sap.m.Button","viewName":"etm.portal.ui.manageyards.view.New","viewId":"application-manageyards-display-component---NewYard","i18NText":{"propertyName":"text","key":"save"},"interaction":{"idSuffix":"inner"}},"wdio_ui5_key":"etmportal.ui.manageyards.view.Newsap.m.Button{\"propertyName\":\"text\",\"key\":\"save\"}"}]}
RESULT: {"script":"<script> [1562 bytes]","args":[{"selector":{"controlType":"sap.m.Button","viewName":"etm.portal.ui.manageyards.view.New","viewId":"application-manageyards-display-component---NewYard","i18NText":{"propertyName":"text","key":"save"},"interaction":{"idSuffix":"inner"}},"wdio_ui5_key":"etmportal.ui.manageyards.view.Newsap.m.Button{\"propertyName\":\"text\",\"key\":\"save\"}"}]}
RESULT: undefined
COMMAND: POST /session/8bcca888ba07c07fe3a4de1036236e8d/element - {"using":"xpath","value":"//*[@id=\"__button18\"]"}
RESULT: {"using":"xpath","value":"//*[@id=\"__button18\"]"}
COMMAND: POST /session/8bcca888ba07c07fe3a4de1036236e8d/element/f.FF571C87B0A6145715D6D7C3A95C5F41.d.63E7679509B6535A0FF8EB0D7BB36C94.e.523/click - {}
RESULT: {}
COMMAND: GET /session/8bcca888ba07c07fe3a4de1036236e8d/screenshot - {}
RESULT: {}
COMMAND: POST /session/8bcca888ba07c07fe3a4de1036236e8d/element - {"using":"xpath","value":"//header/div/div[2]/div[2]/span"}
RESULT: {"using":"xpath","value":"//header/div/div[2]/div[2]/span"}
COMMAND: GET /session/8bcca888ba07c07fe3a4de1036236e8d/element/f.FF571C87B0A6145715D6D7C3A95C5F41.d.63E7679509B6535A0FF8EB0D7BB36C94.e.806/text - {}
RESULT: {}
COMMAND: POST /session/8bcca888ba07c07fe3a4de1036236e8d/execute/async - {"script":"<script> [1562 bytes]","args":[{"selector":{"controlType":"sap.m.OverflowToolbarButton","viewName":"etm.portal.ui.manageyards.view.Detail","viewId":"application-manageyards-display-component---detailYard","i18NText":{"propertyName":"tooltip","key":"closeColumn"},"interaction":{"idSuffix":"inner"}},"wdio_ui5_key":"etmportal.ui.manageyards.view.Detailsap.m.OverflowToolbarButton{\"propertyName\":\"tooltip\",\"key\":\"closeColumn\"}"}]}
RESULT: {"script":"<script> [1562 bytes]","args":[{"selector":{"controlType":"sap.m.OverflowToolbarButton","viewName":"etm.portal.ui.manageyards.view.Detail","viewId":"application-manageyards-display-component---detailYard","i18NText":{"propertyName":"tooltip","key":"closeColumn"},"interaction":{"idSuffix":"inner"}},"wdio_ui5_key":"etmportal.ui.manageyards.view.Detailsap.m.OverflowToolbarButton{\"propertyName\":\"tooltip\",\"key\":\"closeColumn\"}"}]}
RESULT: undefined
COMMAND: POST /session/8bcca888ba07c07fe3a4de1036236e8d/element - {"using":"xpath","value":"//*[@id=\"__button40\"]"}
RESULT: {"using":"xpath","value":"//*[@id=\"__button40\"]"}
COMMAND: POST /session/8bcca888ba07c07fe3a4de1036236e8d/element/f.FF571C87B0A6145715D6D7C3A95C5F41.d.63E7679509B6535A0FF8EB0D7BB36C94.e.808/click - {}
RESULT: {}
COMMAND: GET /session/8bcca888ba07c07fe3a4de1036236e8d/screenshot - {}
RESULT: {}
COMMAND: POST /session/8bcca888ba07c07fe3a4de1036236e8d/element - {"using":"css selector","value":"#shell-header-logo"}
RESULT: {"using":"css selector","value":"#shell-header-logo"}
COMMAND: POST /session/8bcca888ba07c07fe3a4de1036236e8d/element/f.FF571C87B0A6145715D6D7C3A95C5F41.d.63E7679509B6535A0FF8EB0D7BB36C94.e.112/click - {}
RESULT: {}
COMMAND: GET /session/8bcca888ba07c07fe3a4de1036236e8d/screenshot - {}
RESULT: {}
COMMAND: POST /session/8bcca888ba07c07fe3a4de1036236e8d/refresh - {}
RESULT: {}
COMMAND: GET /session/8bcca888ba07c07fe3a4de1036236e8d/screenshot - {}
RESULT: {}
COMMAND: POST /session/8bcca888ba07c07fe3a4de1036236e8d/execute/async - {"script":"<script> [189 bytes]","args":[]}
RESULT: {"script":"<script> [189 bytes]","args":[]}
COMMAND: POST /session/8bcca888ba07c07fe3a4de1036236e8d/execute/async - {"script":"<script> [123 bytes]","args":[]}
RESULT: {"script":"<script> [123 bytes]","args":[]}
COMMAND: POST /session/8bcca888ba07c07fe3a4de1036236e8d/timeouts - {"script":"<number>"}
RESULT: {"script":"<number>"}
COMMAND: GET /session/8bcca888ba07c07fe3a4de1036236e8d/timeouts - {}
RESULT: {}
RESULT: undefined
COMMAND: POST /session/8bcca888ba07c07fe3a4de1036236e8d/execute/async - {"script":"<script> [2676 bytes]","args":[]}
RESULT: {"script":"<script> [2676 bytes]","args":[]}
COMMAND: POST /session/8bcca888ba07c07fe3a4de1036236e8d/execute/async - {"script":"<script> [2342 bytes]","args":[{"protocol":"http","hostname":"0.0.0.0","path":"/","capabilities":{"browserName":"chrome","goog:chromeOptions":{"binary":"C:\\Program Files\\Google\\Chrome\\Application\\chrome.exe","args":["--start-maximized"]}},"logLevel":"warn","connectionRetryTimeout":120000,"connectionRetryCount":3,"logLevels":{},"enableDirectConnect":true,"strictSSL":true,"_":"65 more keys: [\"cacheDir\",\"port\",\"requestedCapabilities\",\"automationProtocol\",\"baseUrl\",\"waitforInterval\",\"waitforTimeout\",\"onReload\",\"beforeCommand\",\"afterCommand\",\"rootDir\",\"specs\",\"suites\",\"exclude\",\"groupLogsByTestSpec\",\"excludeDriverLogs\",\"bail\",\"framework\",\"reporters\",\"services\",\"maxInstances\",\"maxInstancesPerCapability\",\"injectGlobals\",\"filesToWatch\",\"execArgv\",\"runnerEnv\",\"runner\",\"shard\",\"specFileRetries\",\"specFileRetriesDelay\",\"specFileRetriesDeferred\",\"reporterSyncInterval\",\"reporterSyncTimeout\",\"cucumberFeaturesWithLineNumbers\",\"autoCompileOpts\",\"mochaOpts\",\"jasmineOpts\",\"cucumberOpts\",\"onPrepare\",\"onWorkerStart\",\"onWorkerEnd\",\"before\",\"beforeSession\",\"beforeSuite\",\"beforeHook\",\"beforeTest\",\"afterTest\",\"afterHook\",\"afterSuite\",\"afterSession\",\"after\",\"onComplete\",\"beforeAssertion\",\"afterAssertion\",\"beforeFeature\",\"beforeScenario\",\"beforeStep\",\"afterStep\",\"afterScenario\",\"afterFeature\",\"_\",\"suite\",\"$0\",\"ignoredWorkerServices\",\"wdi5\"]"}]}
RESULT: {"script":"<script> [2342 bytes]","args":[{"protocol":"http","hostname":"0.0.0.0","path":"/","capabilities":{"browserName":"chrome","goog:chromeOptions":{"binary":"C:\\Program Files\\Google\\Chrome\\Application\\chrome.exe","args":["--start-maximized"]}},"logLevel":"warn","connectionRetryTimeout":120000,"connectionRetryCount":3,"logLevels":{},"enableDirectConnect":true,"strictSSL":true,"_":"65 more keys: [\"cacheDir\",\"port\",\"requestedCapabilities\",\"automationProtocol\",\"baseUrl\",\"waitforInterval\",\"waitforTimeout\",\"onReload\",\"beforeCommand\",\"afterCommand\",\"rootDir\",\"specs\",\"suites\",\"exclude\",\"groupLogsByTestSpec\",\"excludeDriverLogs\",\"bail\",\"framework\",\"reporters\",\"services\",\"maxInstances\",\"maxInstancesPerCapability\",\"injectGlobals\",\"filesToWatch\",\"execArgv\",\"runnerEnv\",\"runner\",\"shard\",\"specFileRetries\",\"specFileRetriesDelay\",\"specFileRetriesDeferred\",\"reporterSyncInterval\",\"reporterSyncTimeout\",\"cucumberFeaturesWithLineNumbers\",\"autoCompileOpts\",\"mochaOpts\",\"jasmineOpts\",\"cucumberOpts\",\"onPrepare\",\"onWorkerStart\",\"onWorkerEnd\",\"before\",\"beforeSession\",\"beforeSuite\",\"beforeHook\",\"beforeTest\",\"afterTest\",\"afterHook\",\"afterSuite\",\"afterSession\",\"after\",\"onComplete\",\"beforeAssertion\",\"afterAssertion\",\"beforeFeature\",\"beforeScenario\",\"beforeStep\",\"afterStep\",\"afterScenario\",\"afterFeature\",\"_\",\"suite\",\"$0\",\"ignoredWorkerServices\",\"wdi5\"]"}]}
COMMAND: POST /session/8bcca888ba07c07fe3a4de1036236e8d/execute/async - {"script":"<script> [21126 bytes]","args":[35000]}
RESULT: {"script":"<script> [21126 bytes]","args":[35000]}
COMMAND: POST /session/8bcca888ba07c07fe3a4de1036236e8d/execute/async - {"script":"<script> [1562 bytes]","args":[{"selector":{"controlType":"sap.m.GenericTile","properties":{"header":"Manage Partners"}},"wdio_ui5_key":"sapm.GenericTile{\"header\":\"Manage Partners\"}"}]}
RESULT: {"script":"<script> [1562 bytes]","args":[{"selector":{"controlType":"sap.m.GenericTile","properties":{"header":"Manage Partners"}},"wdio_ui5_key":"sapm.GenericTile{\"header\":\"Manage Partners\"}"}]}
RESULT: undefined
COMMAND: POST /session/8bcca888ba07c07fe3a4de1036236e8d/element - {"using":"xpath","value":"//*[@id=\"__tile38\"]"}
RESULT: {"using":"xpath","value":"//*[@id=\"__tile38\"]"}
COMMAND: POST /session/8bcca888ba07c07fe3a4de1036236e8d/element/f.FF571C87B0A6145715D6D7C3A95C5F41.d.444A397E6A46F108C59CCF8E351436CE.e.1153/click - {}
RESULT: {}
COMMAND: GET /session/8bcca888ba07c07fe3a4de1036236e8d/screenshot - {}
RESULT: {}
COMMAND: POST /session/8bcca888ba07c07fe3a4de1036236e8d/elements - {"using":"xpath","value":"//span[text()='Error']"}
RESULT: {"using":"xpath","value":"//span[text()='Error']"}
COMMAND: POST /session/8bcca888ba07c07fe3a4de1036236e8d/execute/async - {"script":"<script> [1562 bytes]","args":[{"selector":{"controlType":"sap.ui.core.Icon","viewName":"etm.portal.ui.managepartners.view.Master","viewId":"application-managepartners-display-component---masterPtm","properties":{"src":{"regex":{"source":"add"}}}},"wdio_ui5_key":"etmportal.ui.managepartners.view.Mastersap.ui.core.Icon{\"src\":{\"regex\":{\"source\":\"add\"}}}"}]}
RESULT: {"script":"<script> [1562 bytes]","args":[{"selector":{"controlType":"sap.ui.core.Icon","viewName":"etm.portal.ui.managepartners.view.Master","viewId":"application-managepartners-display-component---masterPtm","properties":{"src":{"regex":{"source":"add"}}}},"wdio_ui5_key":"etmportal.ui.managepartners.view.Mastersap.ui.core.Icon{\"src\":{\"regex\":{\"source\":\"add\"}}}"}]}
RESULT: undefined
COMMAND: POST /session/8bcca888ba07c07fe3a4de1036236e8d/element - {"using":"xpath","value":"//*[@id=\"__button4-img\"]"}
RESULT: {"using":"xpath","value":"//*[@id=\"__button4-img\"]"}
COMMAND: POST /session/8bcca888ba07c07fe3a4de1036236e8d/element/f.FF571C87B0A6145715D6D7C3A95C5F41.d.444A397E6A46F108C59CCF8E351436CE.e.1203/click - {}
RESULT: {}
COMMAND: GET /session/8bcca888ba07c07fe3a4de1036236e8d/screenshot - {}
RESULT: {}
COMMAND: POST /session/8bcca888ba07c07fe3a4de1036236e8d/execute/async - {"script":"<script> [1562 bytes]","args":[{"selector":{"id":"application-managepartners-display-component---NewPartner--partnerId","interaction":{"idSuffix":"inner"}},"wdio_ui5_key":"applicationmanagepartners-display-component---NewPartner--partnerId"}]}
RESULT: {"script":"<script> [1562 bytes]","args":[{"selector":{"id":"application-managepartners-display-component---NewPartner--partnerId","interaction":{"idSuffix":"inner"}},"wdio_ui5_key":"applicationmanagepartners-display-component---NewPartner--partnerId"}]}
RESULT: undefined
COMMAND: POST /session/8bcca888ba07c07fe3a4de1036236e8d/execute/async - {"script":"<script> [1562 bytes]","args":[{"selector":{"id":"application-managepartners-display-component---NewPartner--addressDetailDetailsName1","interaction":{"idSuffix":"inner"}},"wdio_ui5_key":"applicationmanagepartners-display-component---NewPartner--addressDetailDetailsName1"}]}
RESULT: {"script":"<script> [1562 bytes]","args":[{"selector":{"id":"application-managepartners-display-component---NewPartner--addressDetailDetailsName1","interaction":{"idSuffix":"inner"}},"wdio_ui5_key":"applicationmanagepartners-display-component---NewPartner--addressDetailDetailsName1"}]}
RESULT: undefined
COMMAND: POST /session/8bcca888ba07c07fe3a4de1036236e8d/execute/async - {"script":"<script> [776 bytes]","args":[{"enterText":"WebdriverPartnertjr51i","selector":{"id":"application-managepartners-display-component---NewPartner--addressDetailDetailsName1","interaction":{"idSuffix":"inner"}},"clearTextFirst":true,"interactionType":"ENTER_TEXT"}]}
RESULT: {"script":"<script> [776 bytes]","args":[{"enterText":"WebdriverPartnertjr51i","selector":{"id":"application-managepartners-display-component---NewPartner--addressDetailDetailsName1","interaction":{"idSuffix":"inner"}},"clearTextFirst":true,"interactionType":"ENTER_TEXT"}]}
COMMAND: POST /session/8bcca888ba07c07fe3a4de1036236e8d/execute/async - {"script":"<script> [1562 bytes]","args":[{"selector":{"id":"application-managepartners-display-component---NewPartner--addressDetailDetailsLanguage","interaction":{"idSuffix":"inner"}},"wdio_ui5_key":"applicationmanagepartners-display-component---NewPartner--addressDetailDetailsLanguage"}]}
RESULT: {"script":"<script> [1562 bytes]","args":[{"selector":{"id":"application-managepartners-display-component---NewPartner--addressDetailDetailsLanguage","interaction":{"idSuffix":"inner"}},"wdio_ui5_key":"applicationmanagepartners-display-component---NewPartner--addressDetailDetailsLanguage"}]}
RESULT: undefined
COMMAND: POST /session/8bcca888ba07c07fe3a4de1036236e8d/execute/async - {"script":"<script> [776 bytes]","args":[{"enterText":"Romanian","selector":{"id":"application-managepartners-display-component---NewPartner--addressDetailDetailsLanguage","interaction":{"idSuffix":"inner"}},"clearTextFirst":true,"interactionType":"ENTER_TEXT"}]}
RESULT: {"script":"<script> [776 bytes]","args":[{"enterText":"Romanian","selector":{"id":"application-managepartners-display-component---NewPartner--addressDetailDetailsLanguage","interaction":{"idSuffix":"inner"}},"clearTextFirst":true,"interactionType":"ENTER_TEXT"}]}
COMMAND: POST /session/8bcca888ba07c07fe3a4de1036236e8d/element - {"using":"xpath","value":"//input[contains(@id ,\"application-managepartners-display-component---NewPartner--addressDetailDetailsName1-inner\")]"}
RESULT: {"using":"xpath","value":"//input[contains(@id ,\"application-managepartners-display-component---NewPartner--addressDetailDetailsName1-inner\")]"}
COMMAND: GET /session/8bcca888ba07c07fe3a4de1036236e8d/element/f.FF571C87B0A6145715D6D7C3A95C5F41.d.444A397E6A46F108C59CCF8E351436CE.e.1332/property/value - {}
RESULT: {}
COMMAND: POST /session/8bcca888ba07c07fe3a4de1036236e8d/execute/async - {"script":"<script> [1562 bytes]","args":[{"selector":{"id":"application-managepartners-display-component---NewPartner--addressDetailDetailsCity1","interaction":{"idSuffix":"inner"}},"wdio_ui5_key":"applicationmanagepartners-display-component---NewPartner--addressDetailDetailsCity1"}]}
COMMAND: GET /session/8bcca888ba07c07fe3a4de1036236e8d/screenshot - {}
RESULT: {"script":"<script> [1562 bytes]","args":[{"selector":{"id":"application-managepartners-display-component---NewPartner--addressDetailDetailsCity1","interaction":{"idSuffix":"inner"}},"wdio_ui5_key":"applicationmanagepartners-display-component---NewPartner--addressDetailDetailsCity1"}]}
RESULT: undefined
COMMAND: POST /session/8bcca888ba07c07fe3a4de1036236e8d/execute/async - {"script":"<script> [776 bytes]","args":[{"enterText":"Bucharest","selector":{"id":"application-managepartners-display-component---NewPartner--addressDetailDetailsCity1","interaction":{"idSuffix":"inner"}},"clearTextFirst":true,"interactionType":"ENTER_TEXT"}]}
RESULT: {}
RESULT: {"script":"<script> [776 bytes]","args":[{"enterText":"Bucharest","selector":{"id":"application-managepartners-display-component---NewPartner--addressDetailDetailsCity1","interaction":{"idSuffix":"inner"}},"clearTextFirst":true,"interactionType":"ENTER_TEXT"}]}
COMMAND: POST /session/8bcca888ba07c07fe3a4de1036236e8d/execute/async - {"script":"<script> [1562 bytes]","args":[{"selector":{"id":"application-managepartners-display-component---NewPartner--addressDetailDetailsCountry","interaction":{"idSuffix":"inner"}},"wdio_ui5_key":"applicationmanagepartners-display-component---NewPartner--addressDetailDetailsCountry"}]}
RESULT: {"script":"<script> [1562 bytes]","args":[{"selector":{"id":"application-managepartners-display-component---NewPartner--addressDetailDetailsCountry","interaction":{"idSuffix":"inner"}},"wdio_ui5_key":"applicationmanagepartners-display-component---NewPartner--addressDetailDetailsCountry"}]}
RESULT: undefined
COMMAND: POST /session/8bcca888ba07c07fe3a4de1036236e8d/execute/async - {"script":"<script> [6424 bytes]","args":[{"element-6066-11e4-a52e-4f735466cecf":"f.FF571C87B0A6145715D6D7C3A95C5F41.d.444A397E6A46F108C59CCF8E351436CE.e.1339"},"setValue",["Romania"]]}
RESULT: {"script":"<script> [6424 bytes]","args":[{"element-6066-11e4-a52e-4f735466cecf":"f.FF571C87B0A6145715D6D7C3A95C5F41.d.444A397E6A46F108C59CCF8E351436CE.e.1339"},"setValue",["Romania"]]}
COMMAND: POST /session/8bcca888ba07c07fe3a4de1036236e8d/execute/async - {"script":"<script> [1562 bytes]","args":[{"selector":{"id":"application-managepartners-display-component---NewPartner--partnerDetailInternal","interaction":{"idSuffix":"inner"}},"wdio_ui5_key":"applicationmanagepartners-display-component---NewPartner--partnerDetailInternal"}]}
RESULT: {"script":"<script> [1562 bytes]","args":[{"selector":{"id":"application-managepartners-display-component---NewPartner--partnerDetailInternal","interaction":{"idSuffix":"inner"}},"wdio_ui5_key":"applicationmanagepartners-display-component---NewPartner--partnerDetailInternal"}]}
RESULT: undefined
COMMAND: POST /session/8bcca888ba07c07fe3a4de1036236e8d/execute/async - {"script":"<script> [776 bytes]","args":[{"enterText":"External partner","selector":{"id":"application-managepartners-display-component---NewPartner--partnerDetailInternal","interaction":{"idSuffix":"inner"}},"clearTextFirst":true,"interactionType":"ENTER_TEXT"}]}
RESULT: {"script":"<script> [776 bytes]","args":[{"enterText":"External partner","selector":{"id":"application-managepartners-display-component---NewPartner--partnerDetailInternal","interaction":{"idSuffix":"inner"}},"clearTextFirst":true,"interactionType":"ENTER_TEXT"}]}
COMMAND: POST /session/8bcca888ba07c07fe3a4de1036236e8d/execute/async - {"script":"<script> [1562 bytes]","args":[{"selector":{"id":"application-managepartners-display-component---NewPartner--partnerDetailsCurrency","interaction":{"idSuffix":"inner"}},"wdio_ui5_key":"applicationmanagepartners-display-component---NewPartner--partnerDetailsCurrency"}]}
RESULT: {"script":"<script> [1562 bytes]","args":[{"selector":{"id":"application-managepartners-display-component---NewPartner--partnerDetailsCurrency","interaction":{"idSuffix":"inner"}},"wdio_ui5_key":"applicationmanagepartners-display-component---NewPartner--partnerDetailsCurrency"}]}
RESULT: undefined
COMMAND: POST /session/8bcca888ba07c07fe3a4de1036236e8d/execute/async - {"script":"<script> [776 bytes]","args":[{"enterText":"Euro","selector":{"id":"application-managepartners-display-component---NewPartner--partnerDetailsCurrency","interaction":{"idSuffix":"inner"}},"clearTextFirst":true,"interactionType":"ENTER_TEXT"}]}
RESULT: {"script":"<script> [776 bytes]","args":[{"enterText":"Euro","selector":{"id":"application-managepartners-display-component---NewPartner--partnerDetailsCurrency","interaction":{"idSuffix":"inner"}},"clearTextFirst":true,"interactionType":"ENTER_TEXT"}]}
COMMAND: POST /session/8bcca888ba07c07fe3a4de1036236e8d/execute/async - {"script":"<script> [1562 bytes]","args":[{"selector":{"controlType":"sap.m.Button","viewName":"etm.portal.ui.managepartners.view.NewPartner","viewId":"application-managepartners-display-component---NewPartner","properties":{"text":"Commercial"},"interaction":{"idSuffix":"BDI-content"}},"wdio_ui5_key":"etmportal.ui.managepartners.view.NewPartnersap.m.Button{\"text\":\"Commercial\"}"}]}
RESULT: {"script":"<script> [1562 bytes]","args":[{"selector":{"controlType":"sap.m.Button","viewName":"etm.portal.ui.managepartners.view.NewPartner","viewId":"application-managepartners-display-component---NewPartner","properties":{"text":"Commercial"},"interaction":{"idSuffix":"BDI-content"}},"wdio_ui5_key":"etmportal.ui.managepartners.view.NewPartnersap.m.Button{\"text\":\"Commercial\"}"}]}
RESULT: undefined
COMMAND: POST /session/8bcca888ba07c07fe3a4de1036236e8d/element - {"using":"xpath","value":"//*[@id=\"application-managepartners-display-component---NewPartner--ObjectPageLayout-anchBar-__section5-anchor\"]"}
RESULT: {"using":"xpath","value":"//*[@id=\"application-managepartners-display-component---NewPartner--ObjectPageLayout-anchBar-__section5-anchor\"]"}
COMMAND: POST /session/8bcca888ba07c07fe3a4de1036236e8d/element/f.FF571C87B0A6145715D6D7C3A95C5F41.d.444A397E6A46F108C59CCF8E351436CE.e.1524/click - {}
RESULT: {}
COMMAND: GET /session/8bcca888ba07c07fe3a4de1036236e8d/screenshot - {}
RESULT: {}
COMMAND: POST /session/8bcca888ba07c07fe3a4de1036236e8d/execute/async - {"script":"<script> [1562 bytes]","args":[{"selector":{"id":"application-managepartners-display-component---NewPartner--btnAddTableRow-img"},"wdio_ui5_key":"applicationmanagepartners-display-component---NewPartner--btnAddTableRow-img"}]}
RESULT: {"script":"<script> [1562 bytes]","args":[{"selector":{"id":"application-managepartners-display-component---NewPartner--btnAddTableRow-img"},"wdio_ui5_key":"applicationmanagepartners-display-component---NewPartner--btnAddTableRow-img"}]}
RESULT: undefined
COMMAND: POST /session/8bcca888ba07c07fe3a4de1036236e8d/element - {"using":"xpath","value":"//*[@id=\"application-managepartners-display-component---NewPartner--btnAddTableRow-img\"]"}
RESULT: {"using":"xpath","value":"//*[@id=\"application-managepartners-display-component---NewPartner--btnAddTableRow-img\"]"}
COMMAND: POST /session/8bcca888ba07c07fe3a4de1036236e8d/element/f.FF571C87B0A6145715D6D7C3A95C5F41.d.444A397E6A46F108C59CCF8E351436CE.e.1530/click - {}
RESULT: {}
COMMAND: POST /session/8bcca888ba07c07fe3a4de1036236e8d/element - {"using":"xpath","value":"//input[contains(@id ,\"application-managepartners-display-component---NewPartner--assignmentYard-application-managepartners-display-component---NewPartner\")]"}
COMMAND: GET /session/8bcca888ba07c07fe3a4de1036236e8d/screenshot - {}
RESULT: {"using":"xpath","value":"//input[contains(@id ,\"application-managepartners-display-component---NewPartner--assignmentYard-application-managepartners-display-component---NewPartner\")]"}
COMMAND: POST /session/8bcca888ba07c07fe3a4de1036236e8d/element/f.FF571C87B0A6145715D6D7C3A95C5F41.d.444A397E6A46F108C59CCF8E351436CE.e.1535/clear - {}
RESULT: {}
RESULT: {}
COMMAND: POST /session/8bcca888ba07c07fe3a4de1036236e8d/element/f.FF571C87B0A6145715D6D7C3A95C5F41.d.444A397E6A46F108C59CCF8E351436CE.e.1535/value - {"text":"194"}
COMMAND: GET /session/8bcca888ba07c07fe3a4de1036236e8d/screenshot - {}
RESULT: {"text":"194"}
COMMAND: GET /session/8bcca888ba07c07fe3a4de1036236e8d/screenshot - {}
RESULT: {}
RESULT: {}
COMMAND: POST /session/8bcca888ba07c07fe3a4de1036236e8d/execute/async - {"script":"<script> [1562 bytes]","args":[{"selector":{"controlType":"sap.m.Button","viewName":"etm.portal.ui.managepartners.view.NewPartner","viewId":"application-managepartners-display-component---NewPartner","i18NText":{"propertyName":"text","key":"save"},"interaction":{"idSuffix":"BDI-content"}},"wdio_ui5_key":"etmportal.ui.managepartners.view.NewPartnersap.m.Button{\"propertyName\":\"text\",\"key\":\"save\"}"}]}
RESULT: {"script":"<script> [1562 bytes]","args":[{"selector":{"controlType":"sap.m.Button","viewName":"etm.portal.ui.managepartners.view.NewPartner","viewId":"application-managepartners-display-component---NewPartner","i18NText":{"propertyName":"text","key":"save"},"interaction":{"idSuffix":"BDI-content"}},"wdio_ui5_key":"etmportal.ui.managepartners.view.NewPartnersap.m.Button{\"propertyName\":\"text\",\"key\":\"save\"}"}]}
RESULT: undefined
COMMAND: POST /session/8bcca888ba07c07fe3a4de1036236e8d/element - {"using":"xpath","value":"//*[@id=\"__button12\"]"}
RESULT: {"using":"xpath","value":"//*[@id=\"__button12\"]"}
COMMAND: POST /session/8bcca888ba07c07fe3a4de1036236e8d/element/f.FF571C87B0A6145715D6D7C3A95C5F41.d.444A397E6A46F108C59CCF8E351436CE.e.1431/click - {}
RESULT: {}
COMMAND: GET /session/8bcca888ba07c07fe3a4de1036236e8d/screenshot - {}
RESULT: {}
COMMAND: POST /session/8bcca888ba07c07fe3a4de1036236e8d/element - {"using":"xpath","value":"//header/div/div[2]/div[2]/span"}
RESULT: {"using":"xpath","value":"//header/div/div[2]/div[2]/span"}
COMMAND: GET /session/8bcca888ba07c07fe3a4de1036236e8d/element/f.FF571C87B0A6145715D6D7C3A95C5F41.d.444A397E6A46F108C59CCF8E351436CE.e.1654/text - {}
RESULT: {}
COMMAND: POST /session/8bcca888ba07c07fe3a4de1036236e8d/element - {"using":"xpath","value":"//header/div/div/div/div/div/div[2]/div/span"}
RESULT: {"using":"xpath","value":"//header/div/div/div/div/div/div[2]/div/span"}
COMMAND: GET /session/8bcca888ba07c07fe3a4de1036236e8d/element/f.FF571C87B0A6145715D6D7C3A95C5F41.d.444A397E6A46F108C59CCF8E351436CE.e.1655/text - {}
RESULT: {}
COMMAND: POST /session/8bcca888ba07c07fe3a4de1036236e8d/execute/async - {"script":"<script> [1562 bytes]","args":[{"selector":{"id":"application-managepartners-display-component---detailPtm--partnerType"},"wdio_ui5_key":"applicationmanagepartners-display-component---detailPtm--partnerType"}]}
RESULT: {"script":"<script> [1562 bytes]","args":[{"selector":{"id":"application-managepartners-display-component---detailPtm--partnerType"},"wdio_ui5_key":"applicationmanagepartners-display-component---detailPtm--partnerType"}]}
RESULT: undefined
COMMAND: POST /session/8bcca888ba07c07fe3a4de1036236e8d/execute/async - {"script":"<script> [6424 bytes]","args":[{"element-6066-11e4-a52e-4f735466cecf":"f.FF571C87B0A6145715D6D7C3A95C5F41.d.444A397E6A46F108C59CCF8E351436CE.e.1656"},"getText",[]]}
RESULT: {"script":"<script> [6424 bytes]","args":[{"element-6066-11e4-a52e-4f735466cecf":"f.FF571C87B0A6145715D6D7C3A95C5F41.d.444A397E6A46F108C59CCF8E351436CE.e.1656"},"getText",[]]}
COMMAND: POST /session/8bcca888ba07c07fe3a4de1036236e8d/element - {"using":"css selector","value":"#shell-header-logo"}
RESULT: {"using":"css selector","value":"#shell-header-logo"}
COMMAND: POST /session/8bcca888ba07c07fe3a4de1036236e8d/element/f.FF571C87B0A6145715D6D7C3A95C5F41.d.444A397E6A46F108C59CCF8E351436CE.e.1155/click - {}
RESULT: {}
COMMAND: GET /session/8bcca888ba07c07fe3a4de1036236e8d/screenshot - {}
RESULT: {}
COMMAND: POST /session/8bcca888ba07c07fe3a4de1036236e8d/execute/async - {"script":"<script> [1562 bytes]","args":[{"selector":{"controlType":"sap.m.GenericTile","properties":{"header":"Manage Sites"}},"wdio_ui5_key":"sapm.GenericTile{\"header\":\"Manage Sites\"}"}]}
RESULT: {"script":"<script> [1562 bytes]","args":[{"selector":{"controlType":"sap.m.GenericTile","properties":{"header":"Manage Sites"}},"wdio_ui5_key":"sapm.GenericTile{\"header\":\"Manage Sites\"}"}]}
RESULT: undefined
COMMAND: POST /session/8bcca888ba07c07fe3a4de1036236e8d/element - {"using":"xpath","value":"//*[@id=\"__tile40\"]"}
RESULT: {"using":"xpath","value":"//*[@id=\"__tile40\"]"}
COMMAND: POST /session/8bcca888ba07c07fe3a4de1036236e8d/element/f.FF571C87B0A6145715D6D7C3A95C5F41.d.444A397E6A46F108C59CCF8E351436CE.e.1658/click - {}
RESULT: {}
COMMAND: GET /session/8bcca888ba07c07fe3a4de1036236e8d/screenshot - {}
RESULT: {}
COMMAND: POST /session/8bcca888ba07c07fe3a4de1036236e8d/elements - {"using":"xpath","value":"//span[text()='Error']"}
RESULT: {"using":"xpath","value":"//span[text()='Error']"}
COMMAND: POST /session/8bcca888ba07c07fe3a4de1036236e8d/execute/async - {"script":"<script> [1562 bytes]","args":[{"selector":{"controlType":"sap.ui.core.Icon","viewName":"etm.portal.ui.managesites.view.Master","viewId":"application-managesites-display-component---masterSite","properties":{"src":{"regex":{"source":"add"}}}},"wdio_ui5_key":"etmportal.ui.managesites.view.Mastersap.ui.core.Icon{\"src\":{\"regex\":{\"source\":\"add\"}}}"}]}
RESULT: {"script":"<script> [1562 bytes]","args":[{"selector":{"controlType":"sap.ui.core.Icon","viewName":"etm.portal.ui.managesites.view.Master","viewId":"application-managesites-display-component---masterSite","properties":{"src":{"regex":{"source":"add"}}}},"wdio_ui5_key":"etmportal.ui.managesites.view.Mastersap.ui.core.Icon{\"src\":{\"regex\":{\"source\":\"add\"}}}"}]}
RESULT: undefined
COMMAND: POST /session/8bcca888ba07c07fe3a4de1036236e8d/element - {"using":"xpath","value":"//*[@id=\"__button48-img\"]"}
RESULT: {"using":"xpath","value":"//*[@id=\"__button48-img\"]"}
COMMAND: POST /session/8bcca888ba07c07fe3a4de1036236e8d/element/f.FF571C87B0A6145715D6D7C3A95C5F41.d.444A397E6A46F108C59CCF8E351436CE.e.1707/click - {}
RESULT: {}
COMMAND: POST /session/8bcca888ba07c07fe3a4de1036236e8d/execute/async - {"script":"<script> [1562 bytes]","args":[{"selector":{"id":"application-managesites-display-component---NewSite--siteId","interaction":{"idSuffix":"inner"}},"wdio_ui5_key":"applicationmanagesites-display-component---NewSite--siteId"}]}
COMMAND: GET /session/8bcca888ba07c07fe3a4de1036236e8d/screenshot - {}
RESULT: {"script":"<script> [1562 bytes]","args":[{"selector":{"id":"application-managesites-display-component---NewSite--siteId","interaction":{"idSuffix":"inner"}},"wdio_ui5_key":"applicationmanagesites-display-component---NewSite--siteId"}]}
RESULT: undefined
COMMAND: POST /session/8bcca888ba07c07fe3a4de1036236e8d/execute/async - {"script":"<script> [1562 bytes]","args":[{"selector":{"id":"application-managesites-display-component---NewSite--addressDetailDetailsName1","interaction":{"idSuffix":"inner"}},"wdio_ui5_key":"applicationmanagesites-display-component---NewSite--addressDetailDetailsName1"}]}
RESULT: {}
RESULT: {"script":"<script> [1562 bytes]","args":[{"selector":{"id":"application-managesites-display-component---NewSite--addressDetailDetailsName1","interaction":{"idSuffix":"inner"}},"wdio_ui5_key":"applicationmanagesites-display-component---NewSite--addressDetailDetailsName1"}]}
RESULT: undefined
COMMAND: POST /session/8bcca888ba07c07fe3a4de1036236e8d/execute/async - {"script":"<script> [776 bytes]","args":[{"enterText":"WebdriverSiteq2vgo","selector":{"id":"application-managesites-display-component---NewSite--addressDetailDetailsName1","interaction":{"idSuffix":"inner"}},"clearTextFirst":true,"interactionType":"ENTER_TEXT"}]}
RESULT: {"script":"<script> [776 bytes]","args":[{"enterText":"WebdriverSiteq2vgo","selector":{"id":"application-managesites-display-component---NewSite--addressDetailDetailsName1","interaction":{"idSuffix":"inner"}},"clearTextFirst":true,"interactionType":"ENTER_TEXT"}]}
COMMAND: POST /session/8bcca888ba07c07fe3a4de1036236e8d/execute/async - {"script":"<script> [1562 bytes]","args":[{"selector":{"id":"application-managesites-display-component---NewSite--addressDetailDetailsLanguage","interaction":{"idSuffix":"inner"}},"wdio_ui5_key":"applicationmanagesites-display-component---NewSite--addressDetailDetailsLanguage"}]}
RESULT: {"script":"<script> [1562 bytes]","args":[{"selector":{"id":"application-managesites-display-component---NewSite--addressDetailDetailsLanguage","interaction":{"idSuffix":"inner"}},"wdio_ui5_key":"applicationmanagesites-display-component---NewSite--addressDetailDetailsLanguage"}]}
RESULT: undefined
COMMAND: POST /session/8bcca888ba07c07fe3a4de1036236e8d/execute/async - {"script":"<script> [776 bytes]","args":[{"enterText":"Romanian","selector":{"id":"application-managesites-display-component---NewSite--addressDetailDetailsLanguage","interaction":{"idSuffix":"inner"}},"clearTextFirst":true,"interactionType":"ENTER_TEXT"}]}
RESULT: {"script":"<script> [776 bytes]","args":[{"enterText":"Romanian","selector":{"id":"application-managesites-display-component---NewSite--addressDetailDetailsLanguage","interaction":{"idSuffix":"inner"}},"clearTextFirst":true,"interactionType":"ENTER_TEXT"}]}
COMMAND: POST /session/8bcca888ba07c07fe3a4de1036236e8d/execute/async - {"script":"<script> [1562 bytes]","args":[{"selector":{"id":"application-managesites-display-component---NewSite--addressDetailDetailsCity1","interaction":{"idSuffix":"inner"}},"wdio_ui5_key":"applicationmanagesites-display-component---NewSite--addressDetailDetailsCity1"}]}
RESULT: {"script":"<script> [1562 bytes]","args":[{"selector":{"id":"application-managesites-display-component---NewSite--addressDetailDetailsCity1","interaction":{"idSuffix":"inner"}},"wdio_ui5_key":"applicationmanagesites-display-component---NewSite--addressDetailDetailsCity1"}]}
RESULT: undefined
COMMAND: POST /session/8bcca888ba07c07fe3a4de1036236e8d/execute/async - {"script":"<script> [776 bytes]","args":[{"enterText":"Bucharest","selector":{"id":"application-managesites-display-component---NewSite--addressDetailDetailsCity1","interaction":{"idSuffix":"inner"}},"clearTextFirst":true,"interactionType":"ENTER_TEXT"}]}
RESULT: {"script":"<script> [776 bytes]","args":[{"enterText":"Bucharest","selector":{"id":"application-managesites-display-component---NewSite--addressDetailDetailsCity1","interaction":{"idSuffix":"inner"}},"clearTextFirst":true,"interactionType":"ENTER_TEXT"}]}
COMMAND: POST /session/8bcca888ba07c07fe3a4de1036236e8d/execute/async - {"script":"<script> [1562 bytes]","args":[{"selector":{"id":"application-managesites-display-component---NewSite--addressDetailDetailsCountry","interaction":{"idSuffix":"inner"}},"wdio_ui5_key":"applicationmanagesites-display-component---NewSite--addressDetailDetailsCountry"}]}
RESULT: {"script":"<script> [1562 bytes]","args":[{"selector":{"id":"application-managesites-display-component---NewSite--addressDetailDetailsCountry","interaction":{"idSuffix":"inner"}},"wdio_ui5_key":"applicationmanagesites-display-component---NewSite--addressDetailDetailsCountry"}]}
RESULT: undefined
COMMAND: POST /session/8bcca888ba07c07fe3a4de1036236e8d/execute/async - {"script":"<script> [776 bytes]","args":[{"enterText":"Romania","selector":{"id":"application-managesites-display-component---NewSite--addressDetailDetailsCountry","interaction":{"idSuffix":"inner"}},"clearTextFirst":true,"interactionType":"ENTER_TEXT"}]}
RESULT: {"script":"<script> [776 bytes]","args":[{"enterText":"Romania","selector":{"id":"application-managesites-display-component---NewSite--addressDetailDetailsCountry","interaction":{"idSuffix":"inner"}},"clearTextFirst":true,"interactionType":"ENTER_TEXT"}]}
COMMAND: POST /session/8bcca888ba07c07fe3a4de1036236e8d/element - {"using":"css selector","value":"#application-managesites-display-component---NewSite--addressDetailDetailsCalendar-inner"}
RESULT: {"using":"css selector","value":"#application-managesites-display-component---NewSite--addressDetailDetailsCalendar-inner"}
COMMAND: POST /session/8bcca888ba07c07fe3a4de1036236e8d/element/f.FF571C87B0A6145715D6D7C3A95C5F41.d.444A397E6A46F108C59CCF8E351436CE.e.2045/clear - {}
RESULT: {}
COMMAND: POST /session/8bcca888ba07c07fe3a4de1036236e8d/element/f.FF571C87B0A6145715D6D7C3A95C5F41.d.444A397E6A46F108C59CCF8E351436CE.e.2045/value - {"text":"Germany"}
COMMAND: GET /session/8bcca888ba07c07fe3a4de1036236e8d/screenshot - {}
RESULT: {"text":"Germany"}
COMMAND: POST /session/8bcca888ba07c07fe3a4de1036236e8d/execute/async - {"script":"<script> [1562 bytes]","args":[{"selector":{"id":"application-managesites-display-component---NewSite--addressEditDetailsCostObjectCstType-arrow"},"wdio_ui5_key":"applicationmanagesites-display-component---NewSite--addressEditDetailsCostObjectCstType-arrow"}]}
COMMAND: GET /session/8bcca888ba07c07fe3a4de1036236e8d/screenshot - {}
RESULT: {}
RESULT: {"script":"<script> [1562 bytes]","args":[{"selector":{"id":"application-managesites-display-component---NewSite--addressEditDetailsCostObjectCstType-arrow"},"wdio_ui5_key":"applicationmanagesites-display-component---NewSite--addressEditDetailsCostObjectCstType-arrow"}]}
RESULT: undefined
COMMAND: POST /session/8bcca888ba07c07fe3a4de1036236e8d/element - {"using":"xpath","value":"//*[@id=\"application-managesites-display-component---NewSite--addressEditDetailsCostObjectCstType-arrow\"]"}
RESULT: {}
RESULT: {"using":"xpath","value":"//*[@id=\"application-managesites-display-component---NewSite--addressEditDetailsCostObjectCstType-arrow\"]"}
COMMAND: POST /session/8bcca888ba07c07fe3a4de1036236e8d/element/f.FF571C87B0A6145715D6D7C3A95C5F41.d.444A397E6A46F108C59CCF8E351436CE.e.2192/click - {}
RESULT: {}
COMMAND: POST /session/8bcca888ba07c07fe3a4de1036236e8d/element - {"using":"xpath","value":"//span[contains(text(), \"Work Breakdown Structure\")]"}
COMMAND: GET /session/8bcca888ba07c07fe3a4de1036236e8d/screenshot - {}
RESULT: {"using":"xpath","value":"//span[contains(text(), \"Work Breakdown Structure\")]"}
COMMAND: POST /session/8bcca888ba07c07fe3a4de1036236e8d/element/f.FF571C87B0A6145715D6D7C3A95C5F41.d.444A397E6A46F108C59CCF8E351436CE.e.2193/click - {}
RESULT: {}
RESULT: {}
COMMAND: GET /session/8bcca888ba07c07fe3a4de1036236e8d/screenshot - {}
RESULT: {}
COMMAND: POST /session/8bcca888ba07c07fe3a4de1036236e8d/execute/async - {"script":"<script> [1562 bytes]","args":[{"selector":{"id":"application-managesites-display-component---NewSite--addressNewCostObjectCstID-vhi"},"wdio_ui5_key":"applicationmanagesites-display-component---NewSite--addressNewCostObjectCstID-vhi"}]}
RESULT: {"script":"<script> [1562 bytes]","args":[{"selector":{"id":"application-managesites-display-component---NewSite--addressNewCostObjectCstID-vhi"},"wdio_ui5_key":"applicationmanagesites-display-component---NewSite--addressNewCostObjectCstID-vhi"}]}
RESULT: undefined
COMMAND: POST /session/8bcca888ba07c07fe3a4de1036236e8d/element - {"using":"xpath","value":"//*[@id=\"application-managesites-display-component---NewSite--addressNewCostObjectCstID-vhi\"]"}
RESULT: {"using":"xpath","value":"//*[@id=\"application-managesites-display-component---NewSite--addressNewCostObjectCstID-vhi\"]"}
COMMAND: POST /session/8bcca888ba07c07fe3a4de1036236e8d/element/f.FF571C87B0A6145715D6D7C3A95C5F41.d.444A397E6A46F108C59CCF8E351436CE.e.2198/click - {}
RESULT: {}
COMMAND: GET /session/8bcca888ba07c07fe3a4de1036236e8d/screenshot - {}
RESULT: {}
COMMAND: POST /session/8bcca888ba07c07fe3a4de1036236e8d/execute/async - {"script":"<script> [1562 bytes]","args":[{"selector":{"controlType":"sap.m.SearchField","properties":{"placeholder":"Search"},"searchOpenDialogs":true,"interaction":{"idSuffix":"I"}},"wdio_ui5_key":"sapm.SearchField{\"placeholder\":\"Search\"}"}]}
RESULT: {"script":"<script> [1562 bytes]","args":[{"selector":{"controlType":"sap.m.SearchField","properties":{"placeholder":"Search"},"searchOpenDialogs":true,"interaction":{"idSuffix":"I"}},"wdio_ui5_key":"sapm.SearchField{\"placeholder\":\"Search\"}"}]}
RESULT: undefined
COMMAND: POST /session/8bcca888ba07c07fe3a4de1036236e8d/execute/async - {"script":"<script> [776 bytes]","args":[{"enterText":"A1-000100-01","selector":{"controlType":"sap.m.SearchField","properties":{"placeholder":"Search"},"searchOpenDialogs":true,"interaction":{"idSuffix":"I"}},"clearTextFirst":true,"interactionType":"ENTER_TEXT"}]}
RESULT: {"script":"<script> [776 bytes]","args":[{"enterText":"A1-000100-01","selector":{"controlType":"sap.m.SearchField","properties":{"placeholder":"Search"},"searchOpenDialogs":true,"interaction":{"idSuffix":"I"}},"clearTextFirst":true,"interactionType":"ENTER_TEXT"}]}
COMMAND: POST /session/8bcca888ba07c07fe3a4de1036236e8d/actions - {"actions":[{"id":"action3","type":"key","parameters":{},"actions":[{"type":"keyDown","value":"î€‡"},{"type":"pause","duration":10},{"type":"keyUp","value":"î€‡"}]}]}
RESULT: {"actions":[{"id":"action3","type":"key","parameters":{},"actions":[{"type":"keyDown","value":"î€‡"},{"type":"pause","duration":10},{"type":"keyUp","value":"î€‡"}]}]}
COMMAND: GET /session/8bcca888ba07c07fe3a4de1036236e8d/screenshot - {}
RESULT: {}
COMMAND: POST /session/8bcca888ba07c07fe3a4de1036236e8d/element - {"using":"xpath","value":"//span[contains(text(), \"Template for ETO-Process\")]"}
RESULT: {"using":"xpath","value":"//span[contains(text(), \"Template for ETO-Process\")]"}
COMMAND: POST /session/8bcca888ba07c07fe3a4de1036236e8d/element/f.FF571C87B0A6145715D6D7C3A95C5F41.d.444A397E6A46F108C59CCF8E351436CE.e.2219/click - {}
RESULT: {}
COMMAND: GET /session/8bcca888ba07c07fe3a4de1036236e8d/screenshot - {}
RESULT: {}
COMMAND: POST /session/8bcca888ba07c07fe3a4de1036236e8d/element - {"using":"xpath","value":"//bdi[contains(text(), \"OK\")]"}
RESULT: {"using":"xpath","value":"//bdi[contains(text(), \"OK\")]"}
COMMAND: POST /session/8bcca888ba07c07fe3a4de1036236e8d/element/f.FF571C87B0A6145715D6D7C3A95C5F41.d.444A397E6A46F108C59CCF8E351436CE.e.2220/click - {}
RESULT: {}
COMMAND: GET /session/8bcca888ba07c07fe3a4de1036236e8d/screenshot - {}
RESULT: {}
COMMAND: POST /session/8bcca888ba07c07fe3a4de1036236e8d/element - {"using":"xpath","value":"//input[@id=\"application-managesites-display-component---NewSite--addressDetailDetailsYard-inner\"]"}
RESULT: {"using":"xpath","value":"//input[@id=\"application-managesites-display-component---NewSite--addressDetailDetailsYard-inner\"]"}
COMMAND: POST /session/8bcca888ba07c07fe3a4de1036236e8d/element/f.FF571C87B0A6145715D6D7C3A95C5F41.d.444A397E6A46F108C59CCF8E351436CE.e.2046/value - {"text":"194"}
RESULT: {"text":"194"}
COMMAND: GET /session/8bcca888ba07c07fe3a4de1036236e8d/screenshot - {}
RESULT: {}
COMMAND: POST /session/8bcca888ba07c07fe3a4de1036236e8d/actions - {"actions":[{"id":"action4","type":"key","parameters":{},"actions":[{"type":"keyDown","value":"î€‡"},{"type":"pause","duration":10},{"type":"keyUp","value":"î€‡"}]}]}
RESULT: {"actions":[{"id":"action4","type":"key","parameters":{},"actions":[{"type":"keyDown","value":"î€‡"},{"type":"pause","duration":10},{"type":"keyUp","value":"î€‡"}]}]}
COMMAND: GET /session/8bcca888ba07c07fe3a4de1036236e8d/screenshot - {}
RESULT: {}
COMMAND: POST /session/8bcca888ba07c07fe3a4de1036236e8d/element - {"using":"xpath","value":"//input[@id=\"application-managesites-display-component---NewSite--addressDetailDetailsPartner-inner\"]"}
RESULT: {"using":"xpath","value":"//input[@id=\"application-managesites-display-component---NewSite--addressDetailDetailsPartner-inner\"]"}
COMMAND: POST /session/8bcca888ba07c07fe3a4de1036236e8d/elements - {"using":"xpath","value":"//input[@id=\"application-managesites-display-component---NewSite--addressDetailDetailsPartner-inner\"]"}
RESULT: {"using":"xpath","value":"//input[@id=\"application-managesites-display-component---NewSite--addressDetailDetailsPartner-inner\"]"}
COMMAND: POST /session/8bcca888ba07c07fe3a4de1036236e8d/execute/async - {"script":"<script> [1562 bytes]","args":[{"selector":{"controlType":"sap.m.Button","viewName":"etm.portal.ui.managesites.view.NewSmartSite","viewId":"application-managesites-display-component---NewSite","properties":{"text":"Commercial"},"interaction":{"idSuffix":"BDI-content"}},"wdio_ui5_key":"etmportal.ui.managesites.view.NewSmartSitesap.m.Button{\"text\":\"Commercial\"}"}]}
RESULT: {"script":"<script> [1562 bytes]","args":[{"selector":{"controlType":"sap.m.Button","viewName":"etm.portal.ui.managesites.view.NewSmartSite","viewId":"application-managesites-display-component---NewSite","properties":{"text":"Commercial"},"interaction":{"idSuffix":"BDI-content"}},"wdio_ui5_key":"etmportal.ui.managesites.view.NewSmartSitesap.m.Button{\"text\":\"Commercial\"}"}]}
RESULT: undefined
COMMAND: POST /session/8bcca888ba07c07fe3a4de1036236e8d/element - {"using":"xpath","value":"//*[@id=\"application-managesites-display-component---NewSite--ObjectPageLayout-anchBar-__section29-anchor\"]"}
RESULT: {"using":"xpath","value":"//*[@id=\"application-managesites-display-component---NewSite--ObjectPageLayout-anchBar-__section29-anchor\"]"}
COMMAND: POST /session/8bcca888ba07c07fe3a4de1036236e8d/element/f.FF571C87B0A6145715D6D7C3A95C5F41.d.444A397E6A46F108C59CCF8E351436CE.e.2227/click - {}
RESULT: {}
COMMAND: POST /session/8bcca888ba07c07fe3a4de1036236e8d/execute/async - {"script":"<script> [1562 bytes]","args":[{"selector":{"controlType":"sap.m.Button","viewName":"etm.portal.ui.managesites.view.NewSmartSite","viewId":"application-managesites-display-component---NewSite","i18NText":{"propertyName":"text","key":"save"},"interaction":{"idSuffix":"BDI-content"}},"wdio_ui5_key":"etmportal.ui.managesites.view.NewSmartSitesap.m.Button{\"propertyName\":\"text\",\"key\":\"save\"}"}]}
COMMAND: GET /session/8bcca888ba07c07fe3a4de1036236e8d/screenshot - {}
RESULT: {"script":"<script> [1562 bytes]","args":[{"selector":{"controlType":"sap.m.Button","viewName":"etm.portal.ui.managesites.view.NewSmartSite","viewId":"application-managesites-display-component---NewSite","i18NText":{"propertyName":"text","key":"save"},"interaction":{"idSuffix":"BDI-content"}},"wdio_ui5_key":"etmportal.ui.managesites.view.NewSmartSitesap.m.Button{\"propertyName\":\"text\",\"key\":\"save\"}"}]}
RESULT: undefined
COMMAND: POST /session/8bcca888ba07c07fe3a4de1036236e8d/element - {"using":"xpath","value":"//*[@id=\"__button60\"]"}
RESULT: {}
RESULT: {"using":"xpath","value":"//*[@id=\"__button60\"]"}
COMMAND: POST /session/8bcca888ba07c07fe3a4de1036236e8d/element/f.FF571C87B0A6145715D6D7C3A95C5F41.d.444A397E6A46F108C59CCF8E351436CE.e.2130/click - {}
RESULT: {}
COMMAND: GET /session/8bcca888ba07c07fe3a4de1036236e8d/screenshot - {}
RESULT: {}
COMMAND: POST /session/8bcca888ba07c07fe3a4de1036236e8d/execute/async - {"script":"<script> [1562 bytes]","args":[{"selector":{"id":"application-managesites-display-component---detailSite--addressDetailDetailsYardText"},"wdio_ui5_key":"applicationmanagesites-display-component---detailSite--addressDetailDetailsYardText"}]}
RESULT: {"script":"<script> [1562 bytes]","args":[{"selector":{"id":"application-managesites-display-component---detailSite--addressDetailDetailsYardText"},"wdio_ui5_key":"applicationmanagesites-display-component---detailSite--addressDetailDetailsYardText"}]}
RESULT: undefined
COMMAND: POST /session/8bcca888ba07c07fe3a4de1036236e8d/element - {"using":"xpath","value":"//header/div/div[2]/div[2]/span"}
RESULT: {"using":"xpath","value":"//header/div/div[2]/div[2]/span"}
COMMAND: GET /session/8bcca888ba07c07fe3a4de1036236e8d/element/f.FF571C87B0A6145715D6D7C3A95C5F41.d.444A397E6A46F108C59CCF8E351436CE.e.2380/text - {}
RESULT: {}
COMMAND: POST /session/8bcca888ba07c07fe3a4de1036236e8d/element - {"using":"xpath","value":"//header/div/div/div/div/div/div[2]/div/span"}
RESULT: {"using":"xpath","value":"//header/div/div/div/div/div/div[2]/div/span"}
COMMAND: GET /session/8bcca888ba07c07fe3a4de1036236e8d/element/f.FF571C87B0A6145715D6D7C3A95C5F41.d.444A397E6A46F108C59CCF8E351436CE.e.2381/text - {}
RESULT: {}
COMMAND: POST /session/8bcca888ba07c07fe3a4de1036236e8d/element - {"using":"css selector","value":"#shell-header-logo"}
RESULT: {"using":"css selector","value":"#shell-header-logo"}
COMMAND: POST /session/8bcca888ba07c07fe3a4de1036236e8d/element/f.FF571C87B0A6145715D6D7C3A95C5F41.d.444A397E6A46F108C59CCF8E351436CE.e.1672/click - {}
RESULT: {}
COMMAND: GET /session/8bcca888ba07c07fe3a4de1036236e8d/screenshot - {}
RESULT: {}
COMMAND: POST /session/8bcca888ba07c07fe3a4de1036236e8d/execute/async - {"script":"<script> [1562 bytes]","args":[{"selector":{"controlType":"sap.m.GenericTile","properties":{"header":"Manage Resources"}},"wdio_ui5_key":"sapm.GenericTile{\"header\":\"Manage Resources\"}"}]}
RESULT: {"script":"<script> [1562 bytes]","args":[{"selector":{"controlType":"sap.m.GenericTile","properties":{"header":"Manage Resources"}},"wdio_ui5_key":"sapm.GenericTile{\"header\":\"Manage Resources\"}"}]}
RESULT: undefined
COMMAND: POST /session/8bcca888ba07c07fe3a4de1036236e8d/element - {"using":"xpath","value":"//*[@id=\"__tile39\"]"}
RESULT: {"using":"xpath","value":"//*[@id=\"__tile39\"]"}
COMMAND: POST /session/8bcca888ba07c07fe3a4de1036236e8d/element/f.FF571C87B0A6145715D6D7C3A95C5F41.d.444A397E6A46F108C59CCF8E351436CE.e.2383/click - {}
RESULT: {}
COMMAND: GET /session/8bcca888ba07c07fe3a4de1036236e8d/screenshot - {}
RESULT: {}
COMMAND: POST /session/8bcca888ba07c07fe3a4de1036236e8d/elements - {"using":"xpath","value":"//span[text()='Error']"}
RESULT: {"using":"xpath","value":"//span[text()='Error']"}
COMMAND: POST /session/8bcca888ba07c07fe3a4de1036236e8d/element - {"using":"xpath","value":"//button[@data-kt=\"addNewRUOverflowToolbarButton\"]"}
RESULT: {"using":"xpath","value":"//button[@data-kt=\"addNewRUOverflowToolbarButton\"]"}
COMMAND: POST /session/8bcca888ba07c07fe3a4de1036236e8d/execute/sync - {"script":"<script> [8489 bytes]","args":[{"element-6066-11e4-a52e-4f735466cecf":"f.FF571C87B0A6145715D6D7C3A95C5F41.d.444A397E6A46F108C59CCF8E351436CE.e.2425","ELEMENT":"f.FF571C87B0A6145715D6D7C3A95C5F41.d.444A397E6A46F108C59CCF8E351436CE.e.2425"}]}
RESULT: {"script":"<script> [8489 bytes]","args":[{"element-6066-11e4-a52e-4f735466cecf":"f.FF571C87B0A6145715D6D7C3A95C5F41.d.444A397E6A46F108C59CCF8E351436CE.e.2425","ELEMENT":"f.FF571C87B0A6145715D6D7C3A95C5F41.d.444A397E6A46F108C59CCF8E351436CE.e.2425"}]}
COMMAND: POST /session/8bcca888ba07c07fe3a4de1036236e8d/element/f.FF571C87B0A6145715D6D7C3A95C5F41.d.444A397E6A46F108C59CCF8E351436CE.e.2425/click - {}
COMMAND: GET /session/8bcca888ba07c07fe3a4de1036236e8d/screenshot - {}
RESULT: {}
COMMAND: POST /session/8bcca888ba07c07fe3a4de1036236e8d/execute/async - {"script":"<script> [1562 bytes]","args":[{"selector":{"id":"application-manageresources-display-component---newResourceUnit--TYPE-arrow"},"wdio_ui5_key":"applicationmanageresources-display-component---newResourceUnit--TYPE-arrow"}]}
COMMAND: GET /session/8bcca888ba07c07fe3a4de1036236e8d/screenshot - {}
RESULT: {}
RESULT: {"script":"<script> [1562 bytes]","args":[{"selector":{"id":"application-manageresources-display-component---newResourceUnit--TYPE-arrow"},"wdio_ui5_key":"applicationmanageresources-display-component---newResourceUnit--TYPE-arrow"}]}
RESULT: undefined
COMMAND: POST /session/8bcca888ba07c07fe3a4de1036236e8d/element - {"using":"xpath","value":"//*[@id=\"application-manageresources-display-component---newResourceUnit--TYPE-arrow\"]"}
RESULT: {}
RESULT: {"using":"xpath","value":"//*[@id=\"application-manageresources-display-component---newResourceUnit--TYPE-arrow\"]"}
COMMAND: POST /session/8bcca888ba07c07fe3a4de1036236e8d/element/f.FF571C87B0A6145715D6D7C3A95C5F41.d.444A397E6A46F108C59CCF8E351436CE.e.2742/click - {}
RESULT: {}
COMMAND: POST /session/8bcca888ba07c07fe3a4de1036236e8d/execute/async - {"script":"<script> [1562 bytes]","args":[{"selector":{"controlType":"sap.m.StandardListItem","viewName":"reusables.view.manageresources.NewResourceUnit","viewId":"application-manageresources-display-component---newResourceUnit","properties":{"title":"Material"},"searchOpenDialogs":true,"interaction":{"idSuffix":"titleText"}},"wdio_ui5_key":"reusablesview.manageresources.NewResourceUnitsap.m.StandardListItem{\"title\":\"Material\"}"}]}
COMMAND: GET /session/8bcca888ba07c07fe3a4de1036236e8d/screenshot - {}
RESULT: {"script":"<script> [1562 bytes]","args":[{"selector":{"controlType":"sap.m.StandardListItem","viewName":"reusables.view.manageresources.NewResourceUnit","viewId":"application-manageresources-display-component---newResourceUnit","properties":{"title":"Material"},"searchOpenDialogs":true,"interaction":{"idSuffix":"titleText"}},"wdio_ui5_key":"reusablesview.manageresources.NewResourceUnitsap.m.StandardListItem{\"title\":\"Material\"}"}]}
RESULT: undefined
COMMAND: POST /session/8bcca888ba07c07fe3a4de1036236e8d/element - {"using":"xpath","value":"//*[@id=\"__item741\"]"}
RESULT: {}
RESULT: {"using":"xpath","value":"//*[@id=\"__item741\"]"}
COMMAND: POST /session/8bcca888ba07c07fe3a4de1036236e8d/element/f.FF571C87B0A6145715D6D7C3A95C5F41.d.444A397E6A46F108C59CCF8E351436CE.e.2745/click - {}
RESULT: {}
COMMAND: POST /session/8bcca888ba07c07fe3a4de1036236e8d/execute/async - {"script":"<script> [1562 bytes]","args":[{"selector":{"id":"application-manageresources-display-component---newResourceUnit--SHORT_TEXT","interaction":{"idSuffix":"inner"}},"wdio_ui5_key":"applicationmanageresources-display-component---newResourceUnit--SHORT_TEXT"}]}
COMMAND: GET /session/8bcca888ba07c07fe3a4de1036236e8d/screenshot - {}
RESULT: {"script":"<script> [1562 bytes]","args":[{"selector":{"id":"application-manageresources-display-component---newResourceUnit--SHORT_TEXT","interaction":{"idSuffix":"inner"}},"wdio_ui5_key":"applicationmanageresources-display-component---newResourceUnit--SHORT_TEXT"}]}
RESULT: undefined
COMMAND: POST /session/8bcca888ba07c07fe3a4de1036236e8d/execute/async - {"script":"<script> [776 bytes]","args":[{"enterText":"WebdriverRUR2Ck9jpg","selector":{"id":"application-manageresources-display-component---newResourceUnit--SHORT_TEXT","interaction":{"idSuffix":"inner"}},"clearTextFirst":true,"interactionType":"ENTER_TEXT"}]}
RESULT: {}
RESULT: {"script":"<script> [776 bytes]","args":[{"enterText":"WebdriverRUR2Ck9jpg","selector":{"id":"application-manageresources-display-component---newResourceUnit--SHORT_TEXT","interaction":{"idSuffix":"inner"}},"clearTextFirst":true,"interactionType":"ENTER_TEXT"}]}
COMMAND: POST /session/8bcca888ba07c07fe3a4de1036236e8d/execute/async - {"script":"<script> [1562 bytes]","args":[{"selector":{"id":"application-manageresources-display-component---newResourceUnit--BASE_UNIT_OF_MEASURE-arrow"},"wdio_ui5_key":"applicationmanageresources-display-component---newResourceUnit--BASE_UNIT_OF_MEASURE-arrow"}]}
RESULT: {"script":"<script> [1562 bytes]","args":[{"selector":{"id":"application-manageresources-display-component---newResourceUnit--BASE_UNIT_OF_MEASURE-arrow"},"wdio_ui5_key":"applicationmanageresources-display-component---newResourceUnit--BASE_UNIT_OF_MEASURE-arrow"}]}
RESULT: undefined
COMMAND: POST /session/8bcca888ba07c07fe3a4de1036236e8d/element - {"using":"xpath","value":"//*[@id=\"application-manageresources-display-component---newResourceUnit--BASE_UNIT_OF_MEASURE-arrow\"]"}
RESULT: {"using":"xpath","value":"//*[@id=\"application-manageresources-display-component---newResourceUnit--BASE_UNIT_OF_MEASURE-arrow\"]"}
COMMAND: POST /session/8bcca888ba07c07fe3a4de1036236e8d/element/f.FF571C87B0A6145715D6D7C3A95C5F41.d.444A397E6A46F108C59CCF8E351436CE.e.2799/click - {}
RESULT: {}
COMMAND: POST /session/8bcca888ba07c07fe3a4de1036236e8d/execute/async - {"script":"<script> [1562 bytes]","args":[{"selector":{"controlType":"sap.m.StandardListItem","viewName":"reusables.view.manageresources.NewResourceUnit","viewId":"application-manageresources-display-component---newResourceUnit","properties":{"title":"Piece"},"searchOpenDialogs":true,"interaction":{"idSuffix":"titleText"}},"wdio_ui5_key":"reusablesview.manageresources.NewResourceUnitsap.m.StandardListItem{\"title\":\"Piece\"}"}]}
COMMAND: GET /session/8bcca888ba07c07fe3a4de1036236e8d/screenshot - {}
RESULT: {"script":"<script> [1562 bytes]","args":[{"selector":{"controlType":"sap.m.StandardListItem","viewName":"reusables.view.manageresources.NewResourceUnit","viewId":"application-manageresources-display-component---newResourceUnit","properties":{"title":"Piece"},"searchOpenDialogs":true,"interaction":{"idSuffix":"titleText"}},"wdio_ui5_key":"reusablesview.manageresources.NewResourceUnitsap.m.StandardListItem{\"title\":\"Piece\"}"}]}
RESULT: undefined
COMMAND: POST /session/8bcca888ba07c07fe3a4de1036236e8d/element - {"using":"xpath","value":"//*[@id=\"__item783\"]"}
RESULT: {}
RESULT: {"using":"xpath","value":"//*[@id=\"__item783\"]"}
COMMAND: POST /session/8bcca888ba07c07fe3a4de1036236e8d/element/f.FF571C87B0A6145715D6D7C3A95C5F41.d.444A397E6A46F108C59CCF8E351436CE.e.2801/click - {}
RESULT: {}
COMMAND: POST /session/8bcca888ba07c07fe3a4de1036236e8d/element - {"using":"xpath","value":"//input[contains(@id ,\"application-manageresources-display-component---newResourceUnit--SHORT_TEXT-inner\")]"}
COMMAND: GET /session/8bcca888ba07c07fe3a4de1036236e8d/screenshot - {}
RESULT: {"using":"xpath","value":"//input[contains(@id ,\"application-manageresources-display-component---newResourceUnit--SHORT_TEXT-inner\")]"}
COMMAND: GET /session/8bcca888ba07c07fe3a4de1036236e8d/element/f.FF571C87B0A6145715D6D7C3A95C5F41.d.444A397E6A46F108C59CCF8E351436CE.e.2762/property/value - {}
RESULT: {}
RESULT: {}
COMMAND: POST /session/8bcca888ba07c07fe3a4de1036236e8d/execute/async - {"script":"<script> [1562 bytes]","args":[{"selector":{"id":"application-manageresources-display-component---newResourceUnit--WEIGHT_UNIT-arrow"},"wdio_ui5_key":"applicationmanageresources-display-component---newResourceUnit--WEIGHT_UNIT-arrow"}]}
COMMAND: GET /session/8bcca888ba07c07fe3a4de1036236e8d/screenshot - {}
RESULT: {"script":"<script> [1562 bytes]","args":[{"selector":{"id":"application-manageresources-display-component---newResourceUnit--WEIGHT_UNIT-arrow"},"wdio_ui5_key":"applicationmanageresources-display-component---newResourceUnit--WEIGHT_UNIT-arrow"}]}
RESULT: undefined
COMMAND: POST /session/8bcca888ba07c07fe3a4de1036236e8d/element - {"using":"xpath","value":"//*[@id=\"application-manageresources-display-component---newResourceUnit--WEIGHT_UNIT-arrow\"]"}
RESULT: {}
RESULT: {"using":"xpath","value":"//*[@id=\"application-manageresources-display-component---newResourceUnit--WEIGHT_UNIT-arrow\"]"}
COMMAND: POST /session/8bcca888ba07c07fe3a4de1036236e8d/element/f.FF571C87B0A6145715D6D7C3A95C5F41.d.444A397E6A46F108C59CCF8E351436CE.e.2802/click - {}
RESULT: {}
COMMAND: POST /session/8bcca888ba07c07fe3a4de1036236e8d/execute/async - {"script":"<script> [1562 bytes]","args":[{"selector":{"controlType":"sap.m.StandardListItem","viewName":"reusables.view.manageresources.NewResourceUnit","viewId":"application-manageresources-display-component---newResourceUnit","properties":{"title":"Gram"},"searchOpenDialogs":true,"interaction":{"idSuffix":"content"}},"wdio_ui5_key":"reusablesview.manageresources.NewResourceUnitsap.m.StandardListItem{\"title\":\"Gram\"}"}]}
COMMAND: GET /session/8bcca888ba07c07fe3a4de1036236e8d/screenshot - {}
RESULT: {"script":"<script> [1562 bytes]","args":[{"selector":{"controlType":"sap.m.StandardListItem","viewName":"reusables.view.manageresources.NewResourceUnit","viewId":"application-manageresources-display-component---newResourceUnit","properties":{"title":"Gram"},"searchOpenDialogs":true,"interaction":{"idSuffix":"content"}},"wdio_ui5_key":"reusablesview.manageresources.NewResourceUnitsap.m.StandardListItem{\"title\":\"Gram\"}"}]}
RESULT: undefined
COMMAND: POST /session/8bcca888ba07c07fe3a4de1036236e8d/element - {"using":"xpath","value":"//*[@id=\"__item848\"]"}
RESULT: {}
RESULT: {"using":"xpath","value":"//*[@id=\"__item848\"]"}
COMMAND: POST /session/8bcca888ba07c07fe3a4de1036236e8d/element/f.FF571C87B0A6145715D6D7C3A95C5F41.d.444A397E6A46F108C59CCF8E351436CE.e.2804/click - {}
RESULT: {}
COMMAND: POST /session/8bcca888ba07c07fe3a4de1036236e8d/execute/async - {"script":"<script> [1562 bytes]","args":[{"selector":{"id":"application-manageresources-display-component---newResourceUnit--newRRUPage-OPHeaderContent-collapseBtn-img"},"wdio_ui5_key":"applicationmanageresources-display-component---newResourceUnit--newRRUPage-OPHeaderContent-collapseBtn-img"}]}
COMMAND: GET /session/8bcca888ba07c07fe3a4de1036236e8d/screenshot - {}
RESULT: {"script":"<script> [1562 bytes]","args":[{"selector":{"id":"application-manageresources-display-component---newResourceUnit--newRRUPage-OPHeaderContent-collapseBtn-img"},"wdio_ui5_key":"applicationmanageresources-display-component---newResourceUnit--newRRUPage-OPHeaderContent-collapseBtn-img"}]}
RESULT: undefined
COMMAND: POST /session/8bcca888ba07c07fe3a4de1036236e8d/element - {"using":"xpath","value":"//*[@id=\"application-manageresources-display-component---newResourceUnit--newRRUPage-OPHeaderContent-collapseBtn-img\"]"}
RESULT: {}
RESULT: {"using":"xpath","value":"//*[@id=\"application-manageresources-display-component---newResourceUnit--newRRUPage-OPHeaderContent-collapseBtn-img\"]"}
COMMAND: POST /session/8bcca888ba07c07fe3a4de1036236e8d/element/f.FF571C87B0A6145715D6D7C3A95C5F41.d.444A397E6A46F108C59CCF8E351436CE.e.2752/click - {}
RESULT: {}
COMMAND: GET /session/8bcca888ba07c07fe3a4de1036236e8d/screenshot - {}
RESULT: {}
COMMAND: POST /session/8bcca888ba07c07fe3a4de1036236e8d/element - {"using":"xpath","value":"(//span[contains(@id ,\"application-manageresources-display-component---newResourceUnit--DIMENSION_UNIT-arrow\")])[1]"}
RESULT: {"using":"xpath","value":"(//span[contains(@id ,\"application-manageresources-display-component---newResourceUnit--DIMENSION_UNIT-arrow\")])[1]"}
COMMAND: POST /session/8bcca888ba07c07fe3a4de1036236e8d/element/f.FF571C87B0A6145715D6D7C3A95C5F41.d.444A397E6A46F108C59CCF8E351436CE.e.2810/click - {}
RESULT: {}
COMMAND: GET /session/8bcca888ba07c07fe3a4de1036236e8d/screenshot - {}
RESULT: {}
COMMAND: POST /session/8bcca888ba07c07fe3a4de1036236e8d/execute/async - {"script":"<script> [1562 bytes]","args":[{"selector":{"controlType":"sap.m.StandardListItem","viewName":"reusables.view.manageresources.NewResourceUnit","viewId":"application-manageresources-display-component---newResourceUnit","properties":{"title":"Centimeter"},"searchOpenDialogs":true,"interaction":{"idSuffix":"titleText"}},"wdio_ui5_key":"reusablesview.manageresources.NewResourceUnitsap.m.StandardListItem{\"title\":\"Centimeter\"}"}]}
RESULT: {"script":"<script> [1562 bytes]","args":[{"selector":{"controlType":"sap.m.StandardListItem","viewName":"reusables.view.manageresources.NewResourceUnit","viewId":"application-manageresources-display-component---newResourceUnit","properties":{"title":"Centimeter"},"searchOpenDialogs":true,"interaction":{"idSuffix":"titleText"}},"wdio_ui5_key":"reusablesview.manageresources.NewResourceUnitsap.m.StandardListItem{\"title\":\"Centimeter\"}"}]}
RESULT: undefined
COMMAND: POST /session/8bcca888ba07c07fe3a4de1036236e8d/element - {"using":"xpath","value":"//*[@id=\"__item851\"]"}
RESULT: {"using":"xpath","value":"//*[@id=\"__item851\"]"}
COMMAND: POST /session/8bcca888ba07c07fe3a4de1036236e8d/element/f.FF571C87B0A6145715D6D7C3A95C5F41.d.444A397E6A46F108C59CCF8E351436CE.e.2812/click - {}
RESULT: {}
COMMAND: POST /session/8bcca888ba07c07fe3a4de1036236e8d/execute/async - {"script":"<script> [1562 bytes]","args":[{"selector":{"id":"application-manageresources-display-component---newResourceUnit--newRRUPage-anchBar-application-manageresources-display-component---newResourceUnit--reference-anchor","interaction":{"idSuffix":"BDI-content"}},"wdio_ui5_key":"applicationmanageresources-display-component---newResourceUnit--newRRUPage-anchBar-application-manageresources-display-component---newResourceUnit--reference-anchor"}]}
COMMAND: GET /session/8bcca888ba07c07fe3a4de1036236e8d/screenshot - {}
RESULT: {"script":"<script> [1562 bytes]","args":[{"selector":{"id":"application-manageresources-display-component---newResourceUnit--newRRUPage-anchBar-application-manageresources-display-component---newResourceUnit--reference-anchor","interaction":{"idSuffix":"BDI-content"}},"wdio_ui5_key":"applicationmanageresources-display-component---newResourceUnit--newRRUPage-anchBar-application-manageresources-display-component---newResourceUnit--reference-anchor"}]}
RESULT: undefined
COMMAND: POST /session/8bcca888ba07c07fe3a4de1036236e8d/element - {"using":"xpath","value":"//*[@id=\"application-manageresources-display-component---newResourceUnit--newRRUPage-anchBar-application-manageresources-display-component---newResourceUnit--reference-anchor\"]"}
RESULT: {}
RESULT: {"using":"xpath","value":"//*[@id=\"application-manageresources-display-component---newResourceUnit--newRRUPage-anchBar-application-manageresources-display-component---newResourceUnit--reference-anchor\"]"}
COMMAND: POST /session/8bcca888ba07c07fe3a4de1036236e8d/element/f.FF571C87B0A6145715D6D7C3A95C5F41.d.444A397E6A46F108C59CCF8E351436CE.e.2814/click - {}
RESULT: {}
COMMAND: POST /session/8bcca888ba07c07fe3a4de1036236e8d/execute/async - {"script":"<script> [1562 bytes]","args":[{"selector":{"id":"application-manageresources-display-component---newResourceUnit--PLANNING_GROUP-arrow"},"wdio_ui5_key":"applicationmanageresources-display-component---newResourceUnit--PLANNING_GROUP-arrow"}]}
COMMAND: GET /session/8bcca888ba07c07fe3a4de1036236e8d/screenshot - {}
RESULT: {"script":"<script> [1562 bytes]","args":[{"selector":{"id":"application-manageresources-display-component---newResourceUnit--PLANNING_GROUP-arrow"},"wdio_ui5_key":"applicationmanageresources-display-component---newResourceUnit--PLANNING_GROUP-arrow"}]}
RESULT: undefined
COMMAND: POST /session/8bcca888ba07c07fe3a4de1036236e8d/element - {"using":"xpath","value":"//*[@id=\"application-manageresources-display-component---newResourceUnit--PLANNING_GROUP-arrow\"]"}
RESULT: {}
RESULT: {"using":"xpath","value":"//*[@id=\"application-manageresources-display-component---newResourceUnit--PLANNING_GROUP-arrow\"]"}
COMMAND: POST /session/8bcca888ba07c07fe3a4de1036236e8d/element/f.FF571C87B0A6145715D6D7C3A95C5F41.d.444A397E6A46F108C59CCF8E351436CE.e.2818/click - {}
RESULT: {}
COMMAND: POST /session/8bcca888ba07c07fe3a4de1036236e8d/execute/async - {"script":"<script> [1562 bytes]","args":[{"selector":{"controlType":"sap.m.StandardListItem","viewName":"reusables.view.manageresources.NewResourceUnit","viewId":"application-manageresources-display-component---newResourceUnit","properties":{"title":"Heavy Equi"},"searchOpenDialogs":true,"interaction":{"idSuffix":"content"}},"wdio_ui5_key":"reusablesview.manageresources.NewResourceUnitsap.m.StandardListItem{\"title\":\"Heavy Equi\"}"}]}
COMMAND: GET /session/8bcca888ba07c07fe3a4de1036236e8d/screenshot - {}
RESULT: {"script":"<script> [1562 bytes]","args":[{"selector":{"controlType":"sap.m.StandardListItem","viewName":"reusables.view.manageresources.NewResourceUnit","viewId":"application-manageresources-display-component---newResourceUnit","properties":{"title":"Heavy Equi"},"searchOpenDialogs":true,"interaction":{"idSuffix":"content"}},"wdio_ui5_key":"reusablesview.manageresources.NewResourceUnitsap.m.StandardListItem{\"title\":\"Heavy Equi\"}"}]}
RESULT: undefined
COMMAND: POST /session/8bcca888ba07c07fe3a4de1036236e8d/element - {"using":"xpath","value":"//*[@id=\"__item859\"]"}
RESULT: {}
RESULT: {"using":"xpath","value":"//*[@id=\"__item859\"]"}
COMMAND: POST /session/8bcca888ba07c07fe3a4de1036236e8d/element/f.FF571C87B0A6145715D6D7C3A95C5F41.d.444A397E6A46F108C59CCF8E351436CE.e.2822/click - {}
RESULT: {}
COMMAND: GET /session/8bcca888ba07c07fe3a4de1036236e8d/screenshot - {}
RESULT: {}
COMMAND: POST /session/8bcca888ba07c07fe3a4de1036236e8d/execute/async - {"script":"<script> [1562 bytes]","args":[{"selector":{"id":"application-manageresources-display-component---newResourceUnit--PLANNING_INDICATOR-arrow"},"wdio_ui5_key":"applicationmanageresources-display-component---newResourceUnit--PLANNING_INDICATOR-arrow"}]}
RESULT: {"script":"<script> [1562 bytes]","args":[{"selector":{"id":"application-manageresources-display-component---newResourceUnit--PLANNING_INDICATOR-arrow"},"wdio_ui5_key":"applicationmanageresources-display-component---newResourceUnit--PLANNING_INDICATOR-arrow"}]}
RESULT: undefined
COMMAND: POST /session/8bcca888ba07c07fe3a4de1036236e8d/element - {"using":"xpath","value":"//*[@id=\"application-manageresources-display-component---newResourceUnit--PLANNING_INDICATOR-arrow\"]"}
RESULT: {"using":"xpath","value":"//*[@id=\"application-manageresources-display-component---newResourceUnit--PLANNING_INDICATOR-arrow\"]"}
COMMAND: POST /session/8bcca888ba07c07fe3a4de1036236e8d/element/f.FF571C87B0A6145715D6D7C3A95C5F41.d.444A397E6A46F108C59CCF8E351436CE.e.2823/click - {}
RESULT: {}
COMMAND: POST /session/8bcca888ba07c07fe3a4de1036236e8d/execute/async - {"script":"<script> [1562 bytes]","args":[{"selector":{"controlType":"sap.m.StandardListItem","viewName":"reusables.view.manageresources.NewResourceUnit","viewId":"application-manageresources-display-component---newResourceUnit","properties":{"title":"10 - infinite"},"searchOpenDialogs":true,"interaction":{"idSuffix":"content"}},"wdio_ui5_key":"reusablesview.manageresources.NewResourceUnitsap.m.StandardListItem{\"title\":\"10 - infinite\"}"}]}
COMMAND: GET /session/8bcca888ba07c07fe3a4de1036236e8d/screenshot - {}
RESULT: {"script":"<script> [1562 bytes]","args":[{"selector":{"controlType":"sap.m.StandardListItem","viewName":"reusables.view.manageresources.NewResourceUnit","viewId":"application-manageresources-display-component---newResourceUnit","properties":{"title":"10 - infinite"},"searchOpenDialogs":true,"interaction":{"idSuffix":"content"}},"wdio_ui5_key":"reusablesview.manageresources.NewResourceUnitsap.m.StandardListItem{\"title\":\"10 - infinite\"}"}]}
RESULT: undefined
COMMAND: POST /session/8bcca888ba07c07fe3a4de1036236e8d/element - {"using":"xpath","value":"//*[@id=\"__item869\"]"}
RESULT: {}
RESULT: {"using":"xpath","value":"//*[@id=\"__item869\"]"}
COMMAND: POST /session/8bcca888ba07c07fe3a4de1036236e8d/element/f.FF571C87B0A6145715D6D7C3A95C5F41.d.444A397E6A46F108C59CCF8E351436CE.e.2825/click - {}
RESULT: {}
COMMAND: GET /session/8bcca888ba07c07fe3a4de1036236e8d/screenshot - {}
RESULT: {}
COMMAND: POST /session/8bcca888ba07c07fe3a4de1036236e8d/element - {"using":"xpath","value":"//bdi[contains(text(), \"Time Segment\")]"}
RESULT: {"using":"xpath","value":"//bdi[contains(text(), \"Time Segment\")]"}
COMMAND: GET /session/8bcca888ba07c07fe3a4de1036236e8d/element/f.FF571C87B0A6145715D6D7C3A95C5F41.d.444A397E6A46F108C59CCF8E351436CE.e.2826/rect - {}
RESULT: {}
COMMAND: GET /session/8bcca888ba07c07fe3a4de1036236e8d/window/rect - {}
RESULT: {}
COMMAND: POST /session/8bcca888ba07c07fe3a4de1036236e8d/execute/sync - {"script":"<script> [92 bytes]","args":[]}
RESULT: {"script":"<script> [92 bytes]","args":[]}
COMMAND: POST /session/8bcca888ba07c07fe3a4de1036236e8d/actions - {"actions":[{"id":"action5","type":"wheel","parameters":{},"actions":[{"type":"scroll","x":-1820,"y":-21,"deltaX":0,"deltaY":0,"duration":0,"origin":{"element-6066-11e4-a52e-4f735466cecf":"f.FF571C87B0A6145715D6D7C3A95C5F41.d.444A397E6A46F108C59CCF8E351436CE.e.2826"}}]}]}
COMMAND: GET /session/8bcca888ba07c07fe3a4de1036236e8d/screenshot - {}
RESULT: {}
COMMAND: POST /session/8bcca888ba07c07fe3a4de1036236e8d/execute/sync - {"script":"<script> [79 bytes]","args":[{"element-6066-11e4-a52e-4f735466cecf":"f.FF571C87B0A6145715D6D7C3A95C5F41.d.444A397E6A46F108C59CCF8E351436CE.e.2826","ELEMENT":"f.FF571C87B0A6145715D6D7C3A95C5F41.d.444A397E6A46F108C59CCF8E351436CE.e.2826"},{"block":"start","inline":"nearest"}]}
RESULT: {"script":"<script> [79 bytes]","args":[{"element-6066-11e4-a52e-4f735466cecf":"f.FF571C87B0A6145715D6D7C3A95C5F41.d.444A397E6A46F108C59CCF8E351436CE.e.2826","ELEMENT":"f.FF571C87B0A6145715D6D7C3A95C5F41.d.444A397E6A46F108C59CCF8E351436CE.e.2826"},{"block":"start","inline":"nearest"}]}
COMMAND: GET /session/8bcca888ba07c07fe3a4de1036236e8d/screenshot - {}
RESULT: {}
COMMAND: POST /session/8bcca888ba07c07fe3a4de1036236e8d/element - {"using":"xpath","value":"//span[@id=\"application-manageresources-display-component---newResourceUnit--btnAddTimeSegment-img\"]"}
RESULT: {"using":"xpath","value":"//span[@id=\"application-manageresources-display-component---newResourceUnit--btnAddTimeSegment-img\"]"}
COMMAND: POST /session/8bcca888ba07c07fe3a4de1036236e8d/execute/sync - {"script":"<script> [8489 bytes]","args":[{"element-6066-11e4-a52e-4f735466cecf":"f.FF571C87B0A6145715D6D7C3A95C5F41.d.444A397E6A46F108C59CCF8E351436CE.e.2829","ELEMENT":"f.FF571C87B0A6145715D6D7C3A95C5F41.d.444A397E6A46F108C59CCF8E351436CE.e.2829"}]}
RESULT: {"script":"<script> [8489 bytes]","args":[{"element-6066-11e4-a52e-4f735466cecf":"f.FF571C87B0A6145715D6D7C3A95C5F41.d.444A397E6A46F108C59CCF8E351436CE.e.2829","ELEMENT":"f.FF571C87B0A6145715D6D7C3A95C5F41.d.444A397E6A46F108C59CCF8E351436CE.e.2829"}]}
COMMAND: POST /session/8bcca888ba07c07fe3a4de1036236e8d/element/f.FF571C87B0A6145715D6D7C3A95C5F41.d.444A397E6A46F108C59CCF8E351436CE.e.2829/click - {}
COMMAND: GET /session/8bcca888ba07c07fe3a4de1036236e8d/screenshot - {}
RESULT: {}
COMMAND: GET /session/8bcca888ba07c07fe3a4de1036236e8d/screenshot - {}
RESULT: {}
RESULT: {}
COMMAND: POST /session/8bcca888ba07c07fe3a4de1036236e8d/element - {"using":"xpath","value":"//input[@id=\"application-manageresources-display-component---newResourceUnit--idRuTSAdmin-application-manageresources-display-component---newResourceUnit--RUTimeSegment-0-inner\"]"}
RESULT: {"using":"xpath","value":"//input[@id=\"application-manageresources-display-component---newResourceUnit--idRuTSAdmin-application-manageresources-display-component---newResourceUnit--RUTimeSegment-0-inner\"]"}
COMMAND: POST /session/8bcca888ba07c07fe3a4de1036236e8d/element/f.FF571C87B0A6145715D6D7C3A95C5F41.d.444A397E6A46F108C59CCF8E351436CE.e.2832/clear - {}
RESULT: {}
COMMAND: POST /session/8bcca888ba07c07fe3a4de1036236e8d/element/f.FF571C87B0A6145715D6D7C3A95C5F41.d.444A397E6A46F108C59CCF8E351436CE.e.2832/value - {"text":"WebdriverYardbaqkm"}
COMMAND: GET /session/8bcca888ba07c07fe3a4de1036236e8d/screenshot - {}
RESULT: {"text":"WebdriverYardbaqkm"}
COMMAND: GET /session/8bcca888ba07c07fe3a4de1036236e8d/screenshot - {}
RESULT: {}
RESULT: {}
COMMAND: POST /session/8bcca888ba07c07fe3a4de1036236e8d/actions - {"actions":[{"id":"action6","type":"key","parameters":{},"actions":[{"type":"keyDown","value":"î€‡"},{"type":"pause","duration":10},{"type":"keyUp","value":"î€‡"}]}]}
RESULT: {"actions":[{"id":"action6","type":"key","parameters":{},"actions":[{"type":"keyDown","value":"î€‡"},{"type":"pause","duration":10},{"type":"keyUp","value":"î€‡"}]}]}
COMMAND: GET /session/8bcca888ba07c07fe3a4de1036236e8d/screenshot - {}
RESULT: {}
COMMAND: POST /session/8bcca888ba07c07fe3a4de1036236e8d/execute/async - {"script":"<script> [1562 bytes]","args":[{"selector":{"controlType":"sap.m.Button","viewName":"reusables.view.manageresources.NewResourceUnit","viewId":"application-manageresources-display-component---newResourceUnit","i18NText":{"propertyName":"tooltip","key":"save"},"interaction":{"idSuffix":"BDI-content"}},"wdio_ui5_key":"reusablesview.manageresources.NewResourceUnitsap.m.Button{\"propertyName\":\"tooltip\",\"key\":\"save\"}"}]}
RESULT: {"script":"<script> [1562 bytes]","args":[{"selector":{"controlType":"sap.m.Button","viewName":"reusables.view.manageresources.NewResourceUnit","viewId":"application-manageresources-display-component---newResourceUnit","i18NText":{"propertyName":"tooltip","key":"save"},"interaction":{"idSuffix":"BDI-content"}},"wdio_ui5_key":"reusablesview.manageresources.NewResourceUnitsap.m.Button{\"propertyName\":\"tooltip\",\"key\":\"save\"}"}]}
RESULT: undefined
COMMAND: POST /session/8bcca888ba07c07fe3a4de1036236e8d/element - {"using":"xpath","value":"//*[@id=\"application-manageresources-display-component---newResourceUnit--createRuButton\"]"}
RESULT: {"using":"xpath","value":"//*[@id=\"application-manageresources-display-component---newResourceUnit--createRuButton\"]"}
COMMAND: POST /session/8bcca888ba07c07fe3a4de1036236e8d/element/f.FF571C87B0A6145715D6D7C3A95C5F41.d.444A397E6A46F108C59CCF8E351436CE.e.2758/click - {}
RESULT: {}
COMMAND: GET /session/8bcca888ba07c07fe3a4de1036236e8d/screenshot - {}
RESULT: {}
COMMAND: POST /session/8bcca888ba07c07fe3a4de1036236e8d/execute/async - {"script":"<script> [1562 bytes]","args":[{"selector":{"controlType":"sap.m.Title","properties":{"text":"Success"},"searchOpenDialogs":true},"wdio_ui5_key":"sapm.Title{\"text\":\"Success\"}"}]}
RESULT: {"script":"<script> [1562 bytes]","args":[{"selector":{"controlType":"sap.m.Title","properties":{"text":"Success"},"searchOpenDialogs":true},"wdio_ui5_key":"sapm.Title{\"text\":\"Success\"}"}]}
RESULT: undefined
COMMAND: POST /session/8bcca888ba07c07fe3a4de1036236e8d/execute/async - {"script":"<script> [6424 bytes]","args":[{"element-6066-11e4-a52e-4f735466cecf":"f.FF571C87B0A6145715D6D7C3A95C5F41.d.444A397E6A46F108C59CCF8E351436CE.e.2845"},"getText",[]]}
RESULT: {"script":"<script> [6424 bytes]","args":[{"element-6066-11e4-a52e-4f735466cecf":"f.FF571C87B0A6145715D6D7C3A95C5F41.d.444A397E6A46F108C59CCF8E351436CE.e.2845"},"getText",[]]}
COMMAND: POST /session/8bcca888ba07c07fe3a4de1036236e8d/element - {"using":"xpath","value":"//*[contains(@id, '__text') and (contains(text(), 'successfully created') or contains(., 'successfully created'))]"}
RESULT: {"using":"xpath","value":"//*[contains(@id, '__text') and (contains(text(), 'successfully created') or contains(., 'successfully created'))]"}
COMMAND: GET /session/8bcca888ba07c07fe3a4de1036236e8d/element/f.FF571C87B0A6145715D6D7C3A95C5F41.d.444A397E6A46F108C59CCF8E351436CE.e.2843/text - {}
RESULT: {}
COMMAND: POST /session/8bcca888ba07c07fe3a4de1036236e8d/execute/async - {"script":"<script> [1562 bytes]","args":[{"selector":{"controlType":"sap.m.Button","properties":{"text":"Close"},"searchOpenDialogs":true,"interaction":{"idSuffix":"BDI-content"}},"wdio_ui5_key":"sapm.Button{\"text\":\"Close\"}"}]}
RESULT: {"script":"<script> [1562 bytes]","args":[{"selector":{"controlType":"sap.m.Button","properties":{"text":"Close"},"searchOpenDialogs":true,"interaction":{"idSuffix":"BDI-content"}},"wdio_ui5_key":"sapm.Button{\"text\":\"Close\"}"}]}
RESULT: undefined
COMMAND: POST /session/8bcca888ba07c07fe3a4de1036236e8d/element - {"using":"xpath","value":"//*[@id=\"__mbox-btn-0\"]"}
RESULT: {"using":"xpath","value":"//*[@id=\"__mbox-btn-0\"]"}
COMMAND: POST /session/8bcca888ba07c07fe3a4de1036236e8d/element/f.FF571C87B0A6145715D6D7C3A95C5F41.d.444A397E6A46F108C59CCF8E351436CE.e.2842/click - {}
RESULT: {}
COMMAND: GET /session/8bcca888ba07c07fe3a4de1036236e8d/screenshot - {}
RESULT: {}
COMMAND: POST /session/8bcca888ba07c07fe3a4de1036236e8d/execute/async - {"script":"<script> [1562 bytes]","args":[{"selector":{"controlType":"sap.ui.core.Icon","viewName":"etm.portal.ui.manageresources.view.Detail","viewId":"application-manageresources-display-component---detailRU","properties":{"src":{"regex":{"source":"overflow"}}}},"wdio_ui5_key":"etmportal.ui.manageresources.view.Detailsap.ui.core.Icon{\"src\":{\"regex\":{\"source\":\"overflow\"}}}"}]}
RESULT: {"script":"<script> [1562 bytes]","args":[{"selector":{"controlType":"sap.ui.core.Icon","viewName":"etm.portal.ui.manageresources.view.Detail","viewId":"application-manageresources-display-component---detailRU","properties":{"src":{"regex":{"source":"overflow"}}}},"wdio_ui5_key":"etmportal.ui.manageresources.view.Detailsap.ui.core.Icon{\"src\":{\"regex\":{\"source\":\"overflow\"}}}"}]}
RESULT: undefined
COMMAND: POST /session/8bcca888ba07c07fe3a4de1036236e8d/element - {"using":"xpath","value":"//*[@id=\"__title31-_actionsToolbar-overflowButton-img\"]"}
RESULT: {"using":"xpath","value":"//*[@id=\"__title31-_actionsToolbar-overflowButton-img\"]"}
COMMAND: POST /session/8bcca888ba07c07fe3a4de1036236e8d/element/f.FF571C87B0A6145715D6D7C3A95C5F41.d.444A397E6A46F108C59CCF8E351436CE.e.2874/click - {}
RESULT: {}
COMMAND: POST /session/8bcca888ba07c07fe3a4de1036236e8d/execute/async - {"script":"<script> [1562 bytes]","args":[{"selector":{"controlType":"sap.m.Button","viewName":"etm.portal.ui.manageresources.view.Detail","viewId":"application-manageresources-display-component---detailRU","i18NText":{"propertyName":"tooltip","key":"closeColumn"},"searchOpenDialogs":true,"interaction":{"idSuffix":"inner"}},"wdio_ui5_key":"etmportal.ui.manageresources.view.Detailsap.m.Button{\"propertyName\":\"tooltip\",\"key\":\"closeColumn\"}"}]}
COMMAND: GET /session/8bcca888ba07c07fe3a4de1036236e8d/screenshot - {}
RESULT: {"script":"<script> [1562 bytes]","args":[{"selector":{"controlType":"sap.m.Button","viewName":"etm.portal.ui.manageresources.view.Detail","viewId":"application-manageresources-display-component---detailRU","i18NText":{"propertyName":"tooltip","key":"closeColumn"},"searchOpenDialogs":true,"interaction":{"idSuffix":"inner"}},"wdio_ui5_key":"etmportal.ui.manageresources.view.Detailsap.m.Button{\"propertyName\":\"tooltip\",\"key\":\"closeColumn\"}"}]}
RESULT: undefined
COMMAND: POST /session/8bcca888ba07c07fe3a4de1036236e8d/element - {"using":"xpath","value":"//*[@id=\"__button137\"]"}
RESULT: {}
RESULT: {"using":"xpath","value":"//*[@id=\"__button137\"]"}
COMMAND: POST /session/8bcca888ba07c07fe3a4de1036236e8d/element/f.FF571C87B0A6145715D6D7C3A95C5F41.d.444A397E6A46F108C59CCF8E351436CE.e.2876/click - {}
RESULT: {}
COMMAND: GET /session/8bcca888ba07c07fe3a4de1036236e8d/screenshot - {}
RESULT: {}
COMMAND: POST /session/8bcca888ba07c07fe3a4de1036236e8d/refresh - {}
RESULT: {}
COMMAND: GET /session/8bcca888ba07c07fe3a4de1036236e8d/screenshot - {}
RESULT: {}
COMMAND: POST /session/8bcca888ba07c07fe3a4de1036236e8d/execute/async - {"script":"<script> [189 bytes]","args":[]}
RESULT: {"script":"<script> [189 bytes]","args":[]}
COMMAND: POST /session/8bcca888ba07c07fe3a4de1036236e8d/execute/async - {"script":"<script> [123 bytes]","args":[]}
RESULT: {"script":"<script> [123 bytes]","args":[]}
COMMAND: POST /session/8bcca888ba07c07fe3a4de1036236e8d/timeouts - {"script":"<number>"}
RESULT: {"script":"<number>"}
COMMAND: GET /session/8bcca888ba07c07fe3a4de1036236e8d/timeouts - {}
RESULT: {}
RESULT: undefined
COMMAND: POST /session/8bcca888ba07c07fe3a4de1036236e8d/execute/async - {"script":"<script> [2676 bytes]","args":[]}
RESULT: {"script":"<script> [2676 bytes]","args":[]}
COMMAND: POST /session/8bcca888ba07c07fe3a4de1036236e8d/execute/async - {"script":"<script> [2342 bytes]","args":[{"protocol":"http","hostname":"0.0.0.0","path":"/","capabilities":{"browserName":"chrome","goog:chromeOptions":{"binary":"C:\\Program Files\\Google\\Chrome\\Application\\chrome.exe","args":["--start-maximized"]}},"logLevel":"warn","connectionRetryTimeout":120000,"connectionRetryCount":3,"logLevels":{},"enableDirectConnect":true,"strictSSL":true,"_":"65 more keys: [\"cacheDir\",\"port\",\"requestedCapabilities\",\"automationProtocol\",\"baseUrl\",\"waitforInterval\",\"waitforTimeout\",\"onReload\",\"beforeCommand\",\"afterCommand\",\"rootDir\",\"specs\",\"suites\",\"exclude\",\"groupLogsByTestSpec\",\"excludeDriverLogs\",\"bail\",\"framework\",\"reporters\",\"services\",\"maxInstances\",\"maxInstancesPerCapability\",\"injectGlobals\",\"filesToWatch\",\"execArgv\",\"runnerEnv\",\"runner\",\"shard\",\"specFileRetries\",\"specFileRetriesDelay\",\"specFileRetriesDeferred\",\"reporterSyncInterval\",\"reporterSyncTimeout\",\"cucumberFeaturesWithLineNumbers\",\"autoCompileOpts\",\"mochaOpts\",\"jasmineOpts\",\"cucumberOpts\",\"onPrepare\",\"onWorkerStart\",\"onWorkerEnd\",\"before\",\"beforeSession\",\"beforeSuite\",\"beforeHook\",\"beforeTest\",\"afterTest\",\"afterHook\",\"afterSuite\",\"afterSession\",\"after\",\"onComplete\",\"beforeAssertion\",\"afterAssertion\",\"beforeFeature\",\"beforeScenario\",\"beforeStep\",\"afterStep\",\"afterScenario\",\"afterFeature\",\"_\",\"suite\",\"$0\",\"ignoredWorkerServices\",\"wdi5\"]"}]}
RESULT: {"script":"<script> [2342 bytes]","args":[{"protocol":"http","hostname":"0.0.0.0","path":"/","capabilities":{"browserName":"chrome","goog:chromeOptions":{"binary":"C:\\Program Files\\Google\\Chrome\\Application\\chrome.exe","args":["--start-maximized"]}},"logLevel":"warn","connectionRetryTimeout":120000,"connectionRetryCount":3,"logLevels":{},"enableDirectConnect":true,"strictSSL":true,"_":"65 more keys: [\"cacheDir\",\"port\",\"requestedCapabilities\",\"automationProtocol\",\"baseUrl\",\"waitforInterval\",\"waitforTimeout\",\"onReload\",\"beforeCommand\",\"afterCommand\",\"rootDir\",\"specs\",\"suites\",\"exclude\",\"groupLogsByTestSpec\",\"excludeDriverLogs\",\"bail\",\"framework\",\"reporters\",\"services\",\"maxInstances\",\"maxInstancesPerCapability\",\"injectGlobals\",\"filesToWatch\",\"execArgv\",\"runnerEnv\",\"runner\",\"shard\",\"specFileRetries\",\"specFileRetriesDelay\",\"specFileRetriesDeferred\",\"reporterSyncInterval\",\"reporterSyncTimeout\",\"cucumberFeaturesWithLineNumbers\",\"autoCompileOpts\",\"mochaOpts\",\"jasmineOpts\",\"cucumberOpts\",\"onPrepare\",\"onWorkerStart\",\"onWorkerEnd\",\"before\",\"beforeSession\",\"beforeSuite\",\"beforeHook\",\"beforeTest\",\"afterTest\",\"afterHook\",\"afterSuite\",\"afterSession\",\"after\",\"onComplete\",\"beforeAssertion\",\"afterAssertion\",\"beforeFeature\",\"beforeScenario\",\"beforeStep\",\"afterStep\",\"afterScenario\",\"afterFeature\",\"_\",\"suite\",\"$0\",\"ignoredWorkerServices\",\"wdi5\"]"}]}
COMMAND: POST /session/8bcca888ba07c07fe3a4de1036236e8d/execute/async - {"script":"<script> [21126 bytes]","args":[35000]}
RESULT: {"script":"<script> [21126 bytes]","args":[35000]}
COMMAND: POST /session/8bcca888ba07c07fe3a4de1036236e8d/element - {"using":"css selector","value":"#shell-header-logo"}
RESULT: {"using":"css selector","value":"#shell-header-logo"}
COMMAND: POST /session/8bcca888ba07c07fe3a4de1036236e8d/element/f.FF571C87B0A6145715D6D7C3A95C5F41.d.BF8EED29B184D73586B6EA3E354A93DA.e.2930/click - {}
RESULT: {}
COMMAND: GET /session/8bcca888ba07c07fe3a4de1036236e8d/screenshot - {}
RESULT: {}
]]></system-out>
    </testcase>
  </testsuite>
  <testsuite timestamp="2025-05-13T07:38:06" time="186.556" tests="1" failures="1" errors="1" skipped="0">
    <properties>
      <property name="specId" value="0" />
      <property name="suiteName" value="Create masterdata for Yard Overview - trigger provide US130988" />
      <property name="capabilities" value="chrome.136_0_7103_49.windows" />
      <property name="file" value="file:///D:/a/1/s/test/specs/R2C/site-overview-return.spec.js" />
    </properties>
  </testsuite>
</testsuites>