<?xml version="1.0" encoding="UTF-8"?>
<testsuites tests="48" failures="0" errors="0" skipped="0">
  <testsuite timestamp="2025-05-07T17:17:24" time="1169.223" tests="12" failures="0" errors="0" skipped="0">
    <properties>
      <property name="specId" value="0" />
      <property name="suiteName" value="Billing Transfer - Master data &amp; Intercompany US127250" />
      <property name="capabilities" value="chrome.135_0_7049_115.windows" />
      <property name="file" value="file:///D:/a/1/s/test/specs/BTS/billing-transfer-intercompany.spec.js" />
    </properties>
    <testcase classname="chrome.135_0_7049_115.windows.Billing_Transfer_-_Master_data_&amp;_Intercompany_US127250" name="Should create a new yard" time="130.904">
      <system-out><![CDATA[
COMMAND: POST /session/f2664590fead15ec17982177271525a3/window/fullscreen - {}
RESULT: {}
COMMAND: POST /session/f2664590fead15ec17982177271525a3/execute/async - {"script":"<script> [1562 bytes]","args":[{"selector":{"controlType":"sap.m.GenericTile","properties":{"header":"Manage Yards"}},"wdio_ui5_key":"sapm.GenericTile{\"header\":\"Manage Yards\"}"}]}
RESULT: {"script":"<script> [1562 bytes]","args":[{"selector":{"controlType":"sap.m.GenericTile","properties":{"header":"Manage Yards"}},"wdio_ui5_key":"sapm.GenericTile{\"header\":\"Manage Yards\"}"}]}
RESULT: undefined
COMMAND: POST /session/f2664590fead15ec17982177271525a3/element - {"using":"xpath","value":"//*[@id=\"__tile41\"]"}
RESULT: {"using":"xpath","value":"//*[@id=\"__tile41\"]"}
COMMAND: POST /session/f2664590fead15ec17982177271525a3/element/f.00969020EDAB38E57A85DBAFB8D2C3DD.d.29E347E950BEC787B19F9A40FA68839F.e.167/click - {}
RESULT: {}
COMMAND: POST /session/f2664590fead15ec17982177271525a3/element - {"using":"xpath","value":"//button[@data-kt=\"addNewYardOverflowToolbarButton\"]"}
COMMAND: GET /session/f2664590fead15ec17982177271525a3/screenshot - {}
RESULT: {}
RESULT: {"using":"xpath","value":"//button[@data-kt=\"addNewYardOverflowToolbarButton\"]"}
COMMAND: POST /session/f2664590fead15ec17982177271525a3/elements - {"using":"xpath","value":"//button[@data-kt=\"addNewYardOverflowToolbarButton\"]"}
RESULT: {"using":"xpath","value":"//button[@data-kt=\"addNewYardOverflowToolbarButton\"]"}
COMMAND: POST /session/f2664590fead15ec17982177271525a3/elements - {"using":"xpath","value":"//button[@data-kt=\"addNewYardOverflowToolbarButton\"]"}
RESULT: {"using":"xpath","value":"//button[@data-kt=\"addNewYardOverflowToolbarButton\"]"}
COMMAND: POST /session/f2664590fead15ec17982177271525a3/elements - {"using":"xpath","value":"//button[@data-kt=\"addNewYardOverflowToolbarButton\"]"}
RESULT: {"using":"xpath","value":"//button[@data-kt=\"addNewYardOverflowToolbarButton\"]"}
COMMAND: POST /session/f2664590fead15ec17982177271525a3/elements - {"using":"xpath","value":"//button[@data-kt=\"addNewYardOverflowToolbarButton\"]"}
RESULT: {"using":"xpath","value":"//button[@data-kt=\"addNewYardOverflowToolbarButton\"]"}
COMMAND: POST /session/f2664590fead15ec17982177271525a3/elements - {"using":"xpath","value":"//button[@data-kt=\"addNewYardOverflowToolbarButton\"]"}
RESULT: {"using":"xpath","value":"//button[@data-kt=\"addNewYardOverflowToolbarButton\"]"}
COMMAND: POST /session/f2664590fead15ec17982177271525a3/elements - {"using":"xpath","value":"//button[@data-kt=\"addNewYardOverflowToolbarButton\"]"}
RESULT: {"using":"xpath","value":"//button[@data-kt=\"addNewYardOverflowToolbarButton\"]"}
COMMAND: POST /session/f2664590fead15ec17982177271525a3/elements - {"using":"xpath","value":"//button[@data-kt=\"addNewYardOverflowToolbarButton\"]"}
RESULT: {"using":"xpath","value":"//button[@data-kt=\"addNewYardOverflowToolbarButton\"]"}
COMMAND: POST /session/f2664590fead15ec17982177271525a3/elements - {"using":"xpath","value":"//button[@data-kt=\"addNewYardOverflowToolbarButton\"]"}
RESULT: {"using":"xpath","value":"//button[@data-kt=\"addNewYardOverflowToolbarButton\"]"}
COMMAND: POST /session/f2664590fead15ec17982177271525a3/elements - {"using":"xpath","value":"//button[@data-kt=\"addNewYardOverflowToolbarButton\"]"}
RESULT: {"using":"xpath","value":"//button[@data-kt=\"addNewYardOverflowToolbarButton\"]"}
COMMAND: POST /session/f2664590fead15ec17982177271525a3/elements - {"using":"xpath","value":"//button[@data-kt=\"addNewYardOverflowToolbarButton\"]"}
RESULT: {"using":"xpath","value":"//button[@data-kt=\"addNewYardOverflowToolbarButton\"]"}
COMMAND: POST /session/f2664590fead15ec17982177271525a3/elements - {"using":"xpath","value":"//button[@data-kt=\"addNewYardOverflowToolbarButton\"]"}
RESULT: {"using":"xpath","value":"//button[@data-kt=\"addNewYardOverflowToolbarButton\"]"}
COMMAND: POST /session/f2664590fead15ec17982177271525a3/elements - {"using":"xpath","value":"//button[@data-kt=\"addNewYardOverflowToolbarButton\"]"}
RESULT: {"using":"xpath","value":"//button[@data-kt=\"addNewYardOverflowToolbarButton\"]"}
COMMAND: POST /session/f2664590fead15ec17982177271525a3/elements - {"using":"xpath","value":"//button[@data-kt=\"addNewYardOverflowToolbarButton\"]"}
RESULT: {"using":"xpath","value":"//button[@data-kt=\"addNewYardOverflowToolbarButton\"]"}
COMMAND: POST /session/f2664590fead15ec17982177271525a3/elements - {"using":"xpath","value":"//button[@data-kt=\"addNewYardOverflowToolbarButton\"]"}
RESULT: {"using":"xpath","value":"//button[@data-kt=\"addNewYardOverflowToolbarButton\"]"}
COMMAND: POST /session/f2664590fead15ec17982177271525a3/elements - {"using":"xpath","value":"//button[@data-kt=\"addNewYardOverflowToolbarButton\"]"}
RESULT: {"using":"xpath","value":"//button[@data-kt=\"addNewYardOverflowToolbarButton\"]"}
COMMAND: POST /session/f2664590fead15ec17982177271525a3/elements - {"using":"xpath","value":"//button[@data-kt=\"addNewYardOverflowToolbarButton\"]"}
RESULT: {"using":"xpath","value":"//button[@data-kt=\"addNewYardOverflowToolbarButton\"]"}
COMMAND: POST /session/f2664590fead15ec17982177271525a3/elements - {"using":"xpath","value":"//button[@data-kt=\"addNewYardOverflowToolbarButton\"]"}
RESULT: {"using":"xpath","value":"//button[@data-kt=\"addNewYardOverflowToolbarButton\"]"}
COMMAND: POST /session/f2664590fead15ec17982177271525a3/elements - {"using":"xpath","value":"//button[@data-kt=\"addNewYardOverflowToolbarButton\"]"}
RESULT: {"using":"xpath","value":"//button[@data-kt=\"addNewYardOverflowToolbarButton\"]"}
COMMAND: POST /session/f2664590fead15ec17982177271525a3/elements - {"using":"xpath","value":"//button[@data-kt=\"addNewYardOverflowToolbarButton\"]"}
RESULT: {"using":"xpath","value":"//button[@data-kt=\"addNewYardOverflowToolbarButton\"]"}
COMMAND: POST /session/f2664590fead15ec17982177271525a3/elements - {"using":"xpath","value":"//button[@data-kt=\"addNewYardOverflowToolbarButton\"]"}
RESULT: {"using":"xpath","value":"//button[@data-kt=\"addNewYardOverflowToolbarButton\"]"}
COMMAND: POST /session/f2664590fead15ec17982177271525a3/elements - {"using":"xpath","value":"//button[@data-kt=\"addNewYardOverflowToolbarButton\"]"}
RESULT: {"using":"xpath","value":"//button[@data-kt=\"addNewYardOverflowToolbarButton\"]"}
COMMAND: POST /session/f2664590fead15ec17982177271525a3/element - {"using":"xpath","value":"//button[@data-kt=\"addNewYardOverflowToolbarButton\"]"}
RESULT: {"using":"xpath","value":"//button[@data-kt=\"addNewYardOverflowToolbarButton\"]"}
COMMAND: POST /session/f2664590fead15ec17982177271525a3/execute/sync - {"script":"<script> [8489 bytes]","args":[{"element-6066-11e4-a52e-4f735466cecf":"f.00969020EDAB38E57A85DBAFB8D2C3DD.d.29E347E950BEC787B19F9A40FA68839F.e.312","ELEMENT":"f.00969020EDAB38E57A85DBAFB8D2C3DD.d.29E347E950BEC787B19F9A40FA68839F.e.312"}]}
RESULT: {"script":"<script> [8489 bytes]","args":[{"element-6066-11e4-a52e-4f735466cecf":"f.00969020EDAB38E57A85DBAFB8D2C3DD.d.29E347E950BEC787B19F9A40FA68839F.e.312","ELEMENT":"f.00969020EDAB38E57A85DBAFB8D2C3DD.d.29E347E950BEC787B19F9A40FA68839F.e.312"}]}
COMMAND: GET /session/f2664590fead15ec17982177271525a3/element/f.00969020EDAB38E57A85DBAFB8D2C3DD.d.29E347E950BEC787B19F9A40FA68839F.e.312/enabled - {}
COMMAND: GET /session/f2664590fead15ec17982177271525a3/screenshot - {}
RESULT: {}
COMMAND: POST /session/f2664590fead15ec17982177271525a3/execute/sync - {"script":"<script> [8489 bytes]","args":[{"element-6066-11e4-a52e-4f735466cecf":"f.00969020EDAB38E57A85DBAFB8D2C3DD.d.29E347E950BEC787B19F9A40FA68839F.e.312","ELEMENT":"f.00969020EDAB38E57A85DBAFB8D2C3DD.d.29E347E950BEC787B19F9A40FA68839F.e.312"}]}
COMMAND: GET /session/f2664590fead15ec17982177271525a3/screenshot - {}
RESULT: {}
RESULT: {"script":"<script> [8489 bytes]","args":[{"element-6066-11e4-a52e-4f735466cecf":"f.00969020EDAB38E57A85DBAFB8D2C3DD.d.29E347E950BEC787B19F9A40FA68839F.e.312","ELEMENT":"f.00969020EDAB38E57A85DBAFB8D2C3DD.d.29E347E950BEC787B19F9A40FA68839F.e.312"}]}
COMMAND: POST /session/f2664590fead15ec17982177271525a3/execute/sync - {"script":"<script> [5351 bytes]","args":[{"element-6066-11e4-a52e-4f735466cecf":"f.00969020EDAB38E57A85DBAFB8D2C3DD.d.29E347E950BEC787B19F9A40FA68839F.e.312","ELEMENT":"f.00969020EDAB38E57A85DBAFB8D2C3DD.d.29E347E950BEC787B19F9A40FA68839F.e.312"}]}
COMMAND: GET /session/f2664590fead15ec17982177271525a3/screenshot - {}
RESULT: {}
RESULT: {"script":"<script> [5351 bytes]","args":[{"element-6066-11e4-a52e-4f735466cecf":"f.00969020EDAB38E57A85DBAFB8D2C3DD.d.29E347E950BEC787B19F9A40FA68839F.e.312","ELEMENT":"f.00969020EDAB38E57A85DBAFB8D2C3DD.d.29E347E950BEC787B19F9A40FA68839F.e.312"}]}
COMMAND: POST /session/f2664590fead15ec17982177271525a3/element/f.00969020EDAB38E57A85DBAFB8D2C3DD.d.29E347E950BEC787B19F9A40FA68839F.e.312/click - {}
COMMAND: GET /session/f2664590fead15ec17982177271525a3/screenshot - {}
RESULT: {}
RESULT: {}
COMMAND: GET /session/f2664590fead15ec17982177271525a3/screenshot - {}
COMMAND: POST /session/f2664590fead15ec17982177271525a3/element - {"using":"xpath","value":"//input[@id=\"application-manageyards-display-component---NewYard--yardId-inner\"]"}
RESULT: {}
RESULT: {}
RESULT: {"using":"xpath","value":"//input[@id=\"application-manageyards-display-component---NewYard--yardId-inner\"]"}
COMMAND: POST /session/f2664590fead15ec17982177271525a3/element - {"using":"xpath","value":"//input[@id=\"application-manageyards-display-component---NewYard--yardId-inner\"]"}
RESULT: {"using":"xpath","value":"//input[@id=\"application-manageyards-display-component---NewYard--yardId-inner\"]"}
COMMAND: POST /session/f2664590fead15ec17982177271525a3/execute/async - {"script":"<script> [1562 bytes]","args":[{"selector":{"id":"application-manageyards-display-component---NewYard--addressDetailDetailsName1","interaction":{"idSuffix":"inner"}},"wdio_ui5_key":"applicationmanageyards-display-component---NewYard--addressDetailDetailsName1"}]}
RESULT: {"script":"<script> [1562 bytes]","args":[{"selector":{"id":"application-manageyards-display-component---NewYard--addressDetailDetailsName1","interaction":{"idSuffix":"inner"}},"wdio_ui5_key":"applicationmanageyards-display-component---NewYard--addressDetailDetailsName1"}]}
RESULT: undefined
COMMAND: POST /session/f2664590fead15ec17982177271525a3/execute/async - {"script":"<script> [776 bytes]","args":[{"enterText":"Intercompany Yard wdIO","selector":{"id":"application-manageyards-display-component---NewYard--addressDetailDetailsName1","interaction":{"idSuffix":"inner"}},"clearTextFirst":true,"interactionType":"ENTER_TEXT"}]}
RESULT: {"script":"<script> [776 bytes]","args":[{"enterText":"Intercompany Yard wdIO","selector":{"id":"application-manageyards-display-component---NewYard--addressDetailDetailsName1","interaction":{"idSuffix":"inner"}},"clearTextFirst":true,"interactionType":"ENTER_TEXT"}]}
COMMAND: POST /session/f2664590fead15ec17982177271525a3/execute/async - {"script":"<script> [1562 bytes]","args":[{"selector":{"id":"application-manageyards-display-component---NewYard--addressDetailDetailsLanguage-arrow"},"wdio_ui5_key":"applicationmanageyards-display-component---NewYard--addressDetailDetailsLanguage-arrow"}]}
RESULT: {"script":"<script> [1562 bytes]","args":[{"selector":{"id":"application-manageyards-display-component---NewYard--addressDetailDetailsLanguage-arrow"},"wdio_ui5_key":"applicationmanageyards-display-component---NewYard--addressDetailDetailsLanguage-arrow"}]}
RESULT: undefined
COMMAND: POST /session/f2664590fead15ec17982177271525a3/element - {"using":"xpath","value":"//*[@id=\"application-manageyards-display-component---NewYard--addressDetailDetailsLanguage-arrow\"]"}
RESULT: {"using":"xpath","value":"//*[@id=\"application-manageyards-display-component---NewYard--addressDetailDetailsLanguage-arrow\"]"}
COMMAND: POST /session/f2664590fead15ec17982177271525a3/element/f.00969020EDAB38E57A85DBAFB8D2C3DD.d.29E347E950BEC787B19F9A40FA68839F.e.732/click - {}
RESULT: {}
COMMAND: POST /session/f2664590fead15ec17982177271525a3/element - {"using":"xpath","value":"//span[contains(text(), \"English\")]"}
COMMAND: GET /session/f2664590fead15ec17982177271525a3/screenshot - {}
RESULT: {"using":"xpath","value":"//span[contains(text(), \"English\")]"}
COMMAND: POST /session/f2664590fead15ec17982177271525a3/element/f.00969020EDAB38E57A85DBAFB8D2C3DD.d.29E347E950BEC787B19F9A40FA68839F.e.733/click - {}
RESULT: {}
RESULT: {}
COMMAND: POST /session/f2664590fead15ec17982177271525a3/execute/async - {"script":"<script> [1562 bytes]","args":[{"selector":{"id":"application-manageyards-display-component---NewYard--addressDetailDetailsCity1","interaction":{"idSuffix":"inner"}},"wdio_ui5_key":"applicationmanageyards-display-component---NewYard--addressDetailDetailsCity1"}]}
COMMAND: GET /session/f2664590fead15ec17982177271525a3/screenshot - {}
RESULT: {"script":"<script> [1562 bytes]","args":[{"selector":{"id":"application-manageyards-display-component---NewYard--addressDetailDetailsCity1","interaction":{"idSuffix":"inner"}},"wdio_ui5_key":"applicationmanageyards-display-component---NewYard--addressDetailDetailsCity1"}]}
RESULT: undefined
COMMAND: POST /session/f2664590fead15ec17982177271525a3/execute/async - {"script":"<script> [776 bytes]","args":[{"enterText":"Rosario","selector":{"id":"application-manageyards-display-component---NewYard--addressDetailDetailsCity1","interaction":{"idSuffix":"inner"}},"clearTextFirst":true,"interactionType":"ENTER_TEXT"}]}
RESULT: {}
RESULT: {"script":"<script> [776 bytes]","args":[{"enterText":"Rosario","selector":{"id":"application-manageyards-display-component---NewYard--addressDetailDetailsCity1","interaction":{"idSuffix":"inner"}},"clearTextFirst":true,"interactionType":"ENTER_TEXT"}]}
COMMAND: POST /session/f2664590fead15ec17982177271525a3/execute/async - {"script":"<script> [1562 bytes]","args":[{"selector":{"id":"application-manageyards-display-component---NewYard--addressDetailDetailsCountry-arrow"},"wdio_ui5_key":"applicationmanageyards-display-component---NewYard--addressDetailDetailsCountry-arrow"}]}
RESULT: {"script":"<script> [1562 bytes]","args":[{"selector":{"id":"application-manageyards-display-component---NewYard--addressDetailDetailsCountry-arrow"},"wdio_ui5_key":"applicationmanageyards-display-component---NewYard--addressDetailDetailsCountry-arrow"}]}
RESULT: undefined
COMMAND: POST /session/f2664590fead15ec17982177271525a3/element - {"using":"xpath","value":"//*[@id=\"application-manageyards-display-component---NewYard--addressDetailDetailsCountry-arrow\"]"}
RESULT: {"using":"xpath","value":"//*[@id=\"application-manageyards-display-component---NewYard--addressDetailDetailsCountry-arrow\"]"}
COMMAND: POST /session/f2664590fead15ec17982177271525a3/element/f.00969020EDAB38E57A85DBAFB8D2C3DD.d.29E347E950BEC787B19F9A40FA68839F.e.735/click - {}
RESULT: {}
COMMAND: POST /session/f2664590fead15ec17982177271525a3/element - {"using":"xpath","value":"//span[contains(text(), \"Argentina\")]"}
COMMAND: GET /session/f2664590fead15ec17982177271525a3/screenshot - {}
RESULT: {"using":"xpath","value":"//span[contains(text(), \"Argentina\")]"}
COMMAND: POST /session/f2664590fead15ec17982177271525a3/element/f.00969020EDAB38E57A85DBAFB8D2C3DD.d.29E347E950BEC787B19F9A40FA68839F.e.736/click - {}
RESULT: {}
RESULT: {}
COMMAND: POST /session/f2664590fead15ec17982177271525a3/execute/async - {"script":"<script> [1562 bytes]","args":[{"selector":{"id":"application-manageyards-display-component---NewYard--addressEditDetailsCostObjectCstType-arrow"},"wdio_ui5_key":"applicationmanageyards-display-component---NewYard--addressEditDetailsCostObjectCstType-arrow"}]}
COMMAND: GET /session/f2664590fead15ec17982177271525a3/screenshot - {}
RESULT: {"script":"<script> [1562 bytes]","args":[{"selector":{"id":"application-manageyards-display-component---NewYard--addressEditDetailsCostObjectCstType-arrow"},"wdio_ui5_key":"applicationmanageyards-display-component---NewYard--addressEditDetailsCostObjectCstType-arrow"}]}
RESULT: undefined
COMMAND: POST /session/f2664590fead15ec17982177271525a3/element - {"using":"xpath","value":"//*[@id=\"application-manageyards-display-component---NewYard--addressEditDetailsCostObjectCstType-arrow\"]"}
RESULT: {}
RESULT: {"using":"xpath","value":"//*[@id=\"application-manageyards-display-component---NewYard--addressEditDetailsCostObjectCstType-arrow\"]"}
COMMAND: POST /session/f2664590fead15ec17982177271525a3/element/f.00969020EDAB38E57A85DBAFB8D2C3DD.d.29E347E950BEC787B19F9A40FA68839F.e.738/click - {}
RESULT: {}
COMMAND: POST /session/f2664590fead15ec17982177271525a3/element - {"using":"xpath","value":"//span[contains(text(), \"Cost Center\")]"}
COMMAND: GET /session/f2664590fead15ec17982177271525a3/screenshot - {}
RESULT: {"using":"xpath","value":"//span[contains(text(), \"Cost Center\")]"}
COMMAND: POST /session/f2664590fead15ec17982177271525a3/element/f.00969020EDAB38E57A85DBAFB8D2C3DD.d.29E347E950BEC787B19F9A40FA68839F.e.739/click - {}
RESULT: {}
RESULT: {}
COMMAND: GET /session/f2664590fead15ec17982177271525a3/screenshot - {}
RESULT: {}
COMMAND: POST /session/f2664590fead15ec17982177271525a3/element - {"using":"xpath","value":"//span[@id=\"application-manageyards-display-component---NewYard--addressNewCostObjectCstID-vhi\"]"}
RESULT: {"using":"xpath","value":"//span[@id=\"application-manageyards-display-component---NewYard--addressNewCostObjectCstID-vhi\"]"}
COMMAND: POST /session/f2664590fead15ec17982177271525a3/execute/sync - {"script":"<script> [8489 bytes]","args":[{"element-6066-11e4-a52e-4f735466cecf":"f.00969020EDAB38E57A85DBAFB8D2C3DD.d.29E347E950BEC787B19F9A40FA68839F.e.743","ELEMENT":"f.00969020EDAB38E57A85DBAFB8D2C3DD.d.29E347E950BEC787B19F9A40FA68839F.e.743"}]}
RESULT: {"script":"<script> [8489 bytes]","args":[{"element-6066-11e4-a52e-4f735466cecf":"f.00969020EDAB38E57A85DBAFB8D2C3DD.d.29E347E950BEC787B19F9A40FA68839F.e.743","ELEMENT":"f.00969020EDAB38E57A85DBAFB8D2C3DD.d.29E347E950BEC787B19F9A40FA68839F.e.743"}]}
COMMAND: POST /session/f2664590fead15ec17982177271525a3/execute/async - {"script":"<script> [1562 bytes]","args":[{"selector":{"id":"application-manageyards-display-component---NewYard--addressNewCostObjectCstID-vhi"},"wdio_ui5_key":"applicationmanageyards-display-component---NewYard--addressNewCostObjectCstID-vhi"}]}
COMMAND: GET /session/f2664590fead15ec17982177271525a3/screenshot - {}
RESULT: {"script":"<script> [1562 bytes]","args":[{"selector":{"id":"application-manageyards-display-component---NewYard--addressNewCostObjectCstID-vhi"},"wdio_ui5_key":"applicationmanageyards-display-component---NewYard--addressNewCostObjectCstID-vhi"}]}
RESULT: undefined
COMMAND: POST /session/f2664590fead15ec17982177271525a3/element - {"using":"xpath","value":"//*[@id=\"application-manageyards-display-component---NewYard--addressNewCostObjectCstID-vhi\"]"}
RESULT: {}
RESULT: {"using":"xpath","value":"//*[@id=\"application-manageyards-display-component---NewYard--addressNewCostObjectCstID-vhi\"]"}
COMMAND: POST /session/f2664590fead15ec17982177271525a3/element/f.00969020EDAB38E57A85DBAFB8D2C3DD.d.29E347E950BEC787B19F9A40FA68839F.e.743/click - {}
RESULT: {}
COMMAND: GET /session/f2664590fead15ec17982177271525a3/screenshot - {}
RESULT: {}
COMMAND: POST /session/f2664590fead15ec17982177271525a3/execute/async - {"script":"<script> [1562 bytes]","args":[{"selector":{"controlType":"sap.m.SearchField","properties":{"placeholder":"Search"},"searchOpenDialogs":true,"interaction":{"idSuffix":"I"}},"wdio_ui5_key":"sapm.SearchField{\"placeholder\":\"Search\"}"}]}
RESULT: {"script":"<script> [1562 bytes]","args":[{"selector":{"controlType":"sap.m.SearchField","properties":{"placeholder":"Search"},"searchOpenDialogs":true,"interaction":{"idSuffix":"I"}},"wdio_ui5_key":"sapm.SearchField{\"placeholder\":\"Search\"}"}]}
RESULT: undefined
COMMAND: POST /session/f2664590fead15ec17982177271525a3/execute/async - {"script":"<script> [776 bytes]","args":[{"enterText":"10001013","selector":{"controlType":"sap.m.SearchField","properties":{"placeholder":"Search"},"searchOpenDialogs":true,"interaction":{"idSuffix":"I"}},"clearTextFirst":true,"interactionType":"ENTER_TEXT"}]}
RESULT: {"script":"<script> [776 bytes]","args":[{"enterText":"10001013","selector":{"controlType":"sap.m.SearchField","properties":{"placeholder":"Search"},"searchOpenDialogs":true,"interaction":{"idSuffix":"I"}},"clearTextFirst":true,"interactionType":"ENTER_TEXT"}]}
COMMAND: POST /session/f2664590fead15ec17982177271525a3/actions - {"actions":[{"id":"action1","type":"key","parameters":{},"actions":[{"type":"keyDown","value":"î€‡"},{"type":"pause","duration":10},{"type":"keyUp","value":"î€‡"}]}]}
RESULT: {"actions":[{"id":"action1","type":"key","parameters":{},"actions":[{"type":"keyDown","value":"î€‡"},{"type":"pause","duration":10},{"type":"keyUp","value":"î€‡"}]}]}
COMMAND: GET /session/f2664590fead15ec17982177271525a3/screenshot - {}
RESULT: {}
COMMAND: POST /session/f2664590fead15ec17982177271525a3/element - {"using":"xpath","value":"//span[contains(text(), \"General Management\")]"}
RESULT: {"using":"xpath","value":"//span[contains(text(), \"General Management\")]"}
COMMAND: POST /session/f2664590fead15ec17982177271525a3/element/f.00969020EDAB38E57A85DBAFB8D2C3DD.d.29E347E950BEC787B19F9A40FA68839F.e.784/click - {}
RESULT: {}
COMMAND: GET /session/f2664590fead15ec17982177271525a3/screenshot - {}
RESULT: {}
COMMAND: POST /session/f2664590fead15ec17982177271525a3/element - {"using":"xpath","value":"//bdi[contains(text(), \"OK\")]"}
RESULT: {"using":"xpath","value":"//bdi[contains(text(), \"OK\")]"}
COMMAND: POST /session/f2664590fead15ec17982177271525a3/element/f.00969020EDAB38E57A85DBAFB8D2C3DD.d.29E347E950BEC787B19F9A40FA68839F.e.785/click - {}
RESULT: {}
COMMAND: GET /session/f2664590fead15ec17982177271525a3/screenshot - {}
RESULT: {}
COMMAND: POST /session/f2664590fead15ec17982177271525a3/execute/async - {"script":"<script> [1562 bytes]","args":[{"selector":{"id":"application-manageyards-display-component---NewYard--addressEditDetailsCurrency-arrow"},"wdio_ui5_key":"applicationmanageyards-display-component---NewYard--addressEditDetailsCurrency-arrow"}]}
RESULT: {"script":"<script> [1562 bytes]","args":[{"selector":{"id":"application-manageyards-display-component---NewYard--addressEditDetailsCurrency-arrow"},"wdio_ui5_key":"applicationmanageyards-display-component---NewYard--addressEditDetailsCurrency-arrow"}]}
RESULT: undefined
COMMAND: POST /session/f2664590fead15ec17982177271525a3/element - {"using":"xpath","value":"//*[@id=\"application-manageyards-display-component---NewYard--addressEditDetailsCurrency-arrow\"]"}
RESULT: {"using":"xpath","value":"//*[@id=\"application-manageyards-display-component---NewYard--addressEditDetailsCurrency-arrow\"]"}
COMMAND: POST /session/f2664590fead15ec17982177271525a3/element/f.00969020EDAB38E57A85DBAFB8D2C3DD.d.29E347E950BEC787B19F9A40FA68839F.e.788/click - {}
RESULT: {}
COMMAND: POST /session/f2664590fead15ec17982177271525a3/element - {"using":"xpath","value":"//span[contains(text(), \"Euro\")]"}
COMMAND: GET /session/f2664590fead15ec17982177271525a3/screenshot - {}
RESULT: {"using":"xpath","value":"//span[contains(text(), \"Euro\")]"}
COMMAND: POST /session/f2664590fead15ec17982177271525a3/element/f.00969020EDAB38E57A85DBAFB8D2C3DD.d.29E347E950BEC787B19F9A40FA68839F.e.789/click - {}
RESULT: {}
RESULT: {}
COMMAND: POST /session/f2664590fead15ec17982177271525a3/execute/async - {"script":"<script> [1562 bytes]","args":[{"selector":{"controlType":"sap.m.Input","viewName":"etm.portal.ui.manageyards.view.New","viewId":"application-manageyards-display-component---NewYard","bindingPath":{"path":"","propertyPath":"/CONTROLLING_AREA","modelName":"NewYardModel"},"interaction":{"idSuffix":"inner"}},"wdio_ui5_key":"etmportal.ui.manageyards.view.Newsap.m.Input{\"path\":\"\",\"propertyPath\":\"/CONTROLLING_AREA\",\"modelName\":\"NewYardModel\"}"}]}
COMMAND: GET /session/f2664590fead15ec17982177271525a3/screenshot - {}
RESULT: {"script":"<script> [1562 bytes]","args":[{"selector":{"controlType":"sap.m.Input","viewName":"etm.portal.ui.manageyards.view.New","viewId":"application-manageyards-display-component---NewYard","bindingPath":{"path":"","propertyPath":"/CONTROLLING_AREA","modelName":"NewYardModel"},"interaction":{"idSuffix":"inner"}},"wdio_ui5_key":"etmportal.ui.manageyards.view.Newsap.m.Input{\"path\":\"\",\"propertyPath\":\"/CONTROLLING_AREA\",\"modelName\":\"NewYardModel\"}"}]}
RESULT: undefined
COMMAND: POST /session/f2664590fead15ec17982177271525a3/execute/async - {"script":"<script> [776 bytes]","args":[{"enterText":"Z001","selector":{"controlType":"sap.m.Input","viewName":"etm.portal.ui.manageyards.view.New","viewId":"application-manageyards-display-component---NewYard","bindingPath":{"path":"","propertyPath":"/CONTROLLING_AREA","modelName":"NewYardModel"},"interaction":{"idSuffix":"inner"}},"clearTextFirst":true,"interactionType":"ENTER_TEXT"}]}
RESULT: {}
RESULT: {"script":"<script> [776 bytes]","args":[{"enterText":"Z001","selector":{"controlType":"sap.m.Input","viewName":"etm.portal.ui.manageyards.view.New","viewId":"application-manageyards-display-component---NewYard","bindingPath":{"path":"","propertyPath":"/CONTROLLING_AREA","modelName":"NewYardModel"},"interaction":{"idSuffix":"inner"}},"clearTextFirst":true,"interactionType":"ENTER_TEXT"}]}
COMMAND: POST /session/f2664590fead15ec17982177271525a3/execute/async - {"script":"<script> [1562 bytes]","args":[{"selector":{"id":"application-manageyards-display-component---NewYard--companyCodeComboBox","interaction":{"idSuffix":"inner"}},"wdio_ui5_key":"applicationmanageyards-display-component---NewYard--companyCodeComboBox"}]}
RESULT: {"script":"<script> [1562 bytes]","args":[{"selector":{"id":"application-manageyards-display-component---NewYard--companyCodeComboBox","interaction":{"idSuffix":"inner"}},"wdio_ui5_key":"applicationmanageyards-display-component---NewYard--companyCodeComboBox"}]}
RESULT: undefined
COMMAND: POST /session/f2664590fead15ec17982177271525a3/execute/async - {"script":"<script> [776 bytes]","args":[{"enterText":"1000","selector":{"id":"application-manageyards-display-component---NewYard--companyCodeComboBox","interaction":{"idSuffix":"inner"}},"clearTextFirst":true,"interactionType":"ENTER_TEXT"}]}
RESULT: {"script":"<script> [776 bytes]","args":[{"enterText":"1000","selector":{"id":"application-manageyards-display-component---NewYard--companyCodeComboBox","interaction":{"idSuffix":"inner"}},"clearTextFirst":true,"interactionType":"ENTER_TEXT"}]}
COMMAND: POST /session/f2664590fead15ec17982177271525a3/execute/async - {"script":"<script> [1562 bytes]","args":[{"selector":{"controlType":"sap.m.Input","viewName":"etm.portal.ui.manageyards.view.New","viewId":"application-manageyards-display-component---NewYard","bindingPath":{"path":"","propertyPath":"/PLANT","modelName":"NewYardModel"},"interaction":{"idSuffix":"inner"}},"wdio_ui5_key":"etmportal.ui.manageyards.view.Newsap.m.Input{\"path\":\"\",\"propertyPath\":\"/PLANT\",\"modelName\":\"NewYardModel\"}"}]}
RESULT: {"script":"<script> [1562 bytes]","args":[{"selector":{"controlType":"sap.m.Input","viewName":"etm.portal.ui.manageyards.view.New","viewId":"application-manageyards-display-component---NewYard","bindingPath":{"path":"","propertyPath":"/PLANT","modelName":"NewYardModel"},"interaction":{"idSuffix":"inner"}},"wdio_ui5_key":"etmportal.ui.manageyards.view.Newsap.m.Input{\"path\":\"\",\"propertyPath\":\"/PLANT\",\"modelName\":\"NewYardModel\"}"}]}
RESULT: undefined
COMMAND: POST /session/f2664590fead15ec17982177271525a3/execute/async - {"script":"<script> [776 bytes]","args":[{"enterText":"1001","selector":{"controlType":"sap.m.Input","viewName":"etm.portal.ui.manageyards.view.New","viewId":"application-manageyards-display-component---NewYard","bindingPath":{"path":"","propertyPath":"/PLANT","modelName":"NewYardModel"},"interaction":{"idSuffix":"inner"}},"clearTextFirst":true,"interactionType":"ENTER_TEXT"}]}
RESULT: {"script":"<script> [776 bytes]","args":[{"enterText":"1001","selector":{"controlType":"sap.m.Input","viewName":"etm.portal.ui.manageyards.view.New","viewId":"application-manageyards-display-component---NewYard","bindingPath":{"path":"","propertyPath":"/PLANT","modelName":"NewYardModel"},"interaction":{"idSuffix":"inner"}},"clearTextFirst":true,"interactionType":"ENTER_TEXT"}]}
COMMAND: POST /session/f2664590fead15ec17982177271525a3/execute/async - {"script":"<script> [1562 bytes]","args":[{"selector":{"controlType":"sap.m.Input","viewName":"etm.portal.ui.manageyards.view.New","viewId":"application-manageyards-display-component---NewYard","bindingPath":{"path":"","propertyPath":"/SALES_AREA_VKORG","modelName":"NewYardModel"},"interaction":{"idSuffix":"inner"}},"wdio_ui5_key":"etmportal.ui.manageyards.view.Newsap.m.Input{\"path\":\"\",\"propertyPath\":\"/SALES_AREA_VKORG\",\"modelName\":\"NewYardModel\"}"}]}
RESULT: {"script":"<script> [1562 bytes]","args":[{"selector":{"controlType":"sap.m.Input","viewName":"etm.portal.ui.manageyards.view.New","viewId":"application-manageyards-display-component---NewYard","bindingPath":{"path":"","propertyPath":"/SALES_AREA_VKORG","modelName":"NewYardModel"},"interaction":{"idSuffix":"inner"}},"wdio_ui5_key":"etmportal.ui.manageyards.view.Newsap.m.Input{\"path\":\"\",\"propertyPath\":\"/SALES_AREA_VKORG\",\"modelName\":\"NewYardModel\"}"}]}
RESULT: undefined
COMMAND: POST /session/f2664590fead15ec17982177271525a3/execute/async - {"script":"<script> [776 bytes]","args":[{"enterText":"C002","selector":{"controlType":"sap.m.Input","viewName":"etm.portal.ui.manageyards.view.New","viewId":"application-manageyards-display-component---NewYard","bindingPath":{"path":"","propertyPath":"/SALES_AREA_VKORG","modelName":"NewYardModel"},"interaction":{"idSuffix":"inner"}},"clearTextFirst":true,"interactionType":"ENTER_TEXT"}]}
RESULT: {"script":"<script> [776 bytes]","args":[{"enterText":"C002","selector":{"controlType":"sap.m.Input","viewName":"etm.portal.ui.manageyards.view.New","viewId":"application-manageyards-display-component---NewYard","bindingPath":{"path":"","propertyPath":"/SALES_AREA_VKORG","modelName":"NewYardModel"},"interaction":{"idSuffix":"inner"}},"clearTextFirst":true,"interactionType":"ENTER_TEXT"}]}
COMMAND: POST /session/f2664590fead15ec17982177271525a3/execute/async - {"script":"<script> [1562 bytes]","args":[{"selector":{"controlType":"sap.m.Input","viewName":"etm.portal.ui.manageyards.view.New","viewId":"application-manageyards-display-component---NewYard","bindingPath":{"path":"","propertyPath":"/SALES_AREA_VTWEG","modelName":"NewYardModel"},"interaction":{"idSuffix":"inner"}},"wdio_ui5_key":"etmportal.ui.manageyards.view.Newsap.m.Input{\"path\":\"\",\"propertyPath\":\"/SALES_AREA_VTWEG\",\"modelName\":\"NewYardModel\"}"}]}
RESULT: {"script":"<script> [1562 bytes]","args":[{"selector":{"controlType":"sap.m.Input","viewName":"etm.portal.ui.manageyards.view.New","viewId":"application-manageyards-display-component---NewYard","bindingPath":{"path":"","propertyPath":"/SALES_AREA_VTWEG","modelName":"NewYardModel"},"interaction":{"idSuffix":"inner"}},"wdio_ui5_key":"etmportal.ui.manageyards.view.Newsap.m.Input{\"path\":\"\",\"propertyPath\":\"/SALES_AREA_VTWEG\",\"modelName\":\"NewYardModel\"}"}]}
RESULT: undefined
COMMAND: POST /session/f2664590fead15ec17982177271525a3/execute/async - {"script":"<script> [776 bytes]","args":[{"enterText":"C2","selector":{"controlType":"sap.m.Input","viewName":"etm.portal.ui.manageyards.view.New","viewId":"application-manageyards-display-component---NewYard","bindingPath":{"path":"","propertyPath":"/SALES_AREA_VTWEG","modelName":"NewYardModel"},"interaction":{"idSuffix":"inner"}},"clearTextFirst":true,"interactionType":"ENTER_TEXT"}]}
RESULT: {"script":"<script> [776 bytes]","args":[{"enterText":"C2","selector":{"controlType":"sap.m.Input","viewName":"etm.portal.ui.manageyards.view.New","viewId":"application-manageyards-display-component---NewYard","bindingPath":{"path":"","propertyPath":"/SALES_AREA_VTWEG","modelName":"NewYardModel"},"interaction":{"idSuffix":"inner"}},"clearTextFirst":true,"interactionType":"ENTER_TEXT"}]}
COMMAND: POST /session/f2664590fead15ec17982177271525a3/execute/async - {"script":"<script> [1562 bytes]","args":[{"selector":{"controlType":"sap.m.Input","viewName":"etm.portal.ui.manageyards.view.New","viewId":"application-manageyards-display-component---NewYard","bindingPath":{"path":"","propertyPath":"/SALES_AREA_SPART","modelName":"NewYardModel"},"interaction":{"idSuffix":"inner"}},"wdio_ui5_key":"etmportal.ui.manageyards.view.Newsap.m.Input{\"path\":\"\",\"propertyPath\":\"/SALES_AREA_SPART\",\"modelName\":\"NewYardModel\"}"}]}
RESULT: {"script":"<script> [1562 bytes]","args":[{"selector":{"controlType":"sap.m.Input","viewName":"etm.portal.ui.manageyards.view.New","viewId":"application-manageyards-display-component---NewYard","bindingPath":{"path":"","propertyPath":"/SALES_AREA_SPART","modelName":"NewYardModel"},"interaction":{"idSuffix":"inner"}},"wdio_ui5_key":"etmportal.ui.manageyards.view.Newsap.m.Input{\"path\":\"\",\"propertyPath\":\"/SALES_AREA_SPART\",\"modelName\":\"NewYardModel\"}"}]}
RESULT: undefined
COMMAND: POST /session/f2664590fead15ec17982177271525a3/execute/async - {"script":"<script> [776 bytes]","args":[{"enterText":"C2","selector":{"controlType":"sap.m.Input","viewName":"etm.portal.ui.manageyards.view.New","viewId":"application-manageyards-display-component---NewYard","bindingPath":{"path":"","propertyPath":"/SALES_AREA_SPART","modelName":"NewYardModel"},"interaction":{"idSuffix":"inner"}},"clearTextFirst":true,"interactionType":"ENTER_TEXT"}]}
RESULT: {"script":"<script> [776 bytes]","args":[{"enterText":"C2","selector":{"controlType":"sap.m.Input","viewName":"etm.portal.ui.manageyards.view.New","viewId":"application-manageyards-display-component---NewYard","bindingPath":{"path":"","propertyPath":"/SALES_AREA_SPART","modelName":"NewYardModel"},"interaction":{"idSuffix":"inner"}},"clearTextFirst":true,"interactionType":"ENTER_TEXT"}]}
COMMAND: POST /session/f2664590fead15ec17982177271525a3/execute/async - {"script":"<script> [1562 bytes]","args":[{"selector":{"controlType":"sap.m.Input","viewName":"etm.portal.ui.manageyards.view.New","viewId":"application-manageyards-display-component---NewYard","bindingPath":{"path":"","propertyPath":"/SHIP_POINT","modelName":"NewYardModel"},"interaction":{"idSuffix":"inner"}},"wdio_ui5_key":"etmportal.ui.manageyards.view.Newsap.m.Input{\"path\":\"\",\"propertyPath\":\"/SHIP_POINT\",\"modelName\":\"NewYardModel\"}"}]}
RESULT: {"script":"<script> [1562 bytes]","args":[{"selector":{"controlType":"sap.m.Input","viewName":"etm.portal.ui.manageyards.view.New","viewId":"application-manageyards-display-component---NewYard","bindingPath":{"path":"","propertyPath":"/SHIP_POINT","modelName":"NewYardModel"},"interaction":{"idSuffix":"inner"}},"wdio_ui5_key":"etmportal.ui.manageyards.view.Newsap.m.Input{\"path\":\"\",\"propertyPath\":\"/SHIP_POINT\",\"modelName\":\"NewYardModel\"}"}]}
RESULT: undefined
COMMAND: POST /session/f2664590fead15ec17982177271525a3/execute/async - {"script":"<script> [776 bytes]","args":[{"enterText":"1710","selector":{"controlType":"sap.m.Input","viewName":"etm.portal.ui.manageyards.view.New","viewId":"application-manageyards-display-component---NewYard","bindingPath":{"path":"","propertyPath":"/SHIP_POINT","modelName":"NewYardModel"},"interaction":{"idSuffix":"inner"}},"clearTextFirst":true,"interactionType":"ENTER_TEXT"}]}
RESULT: {"script":"<script> [776 bytes]","args":[{"enterText":"1710","selector":{"controlType":"sap.m.Input","viewName":"etm.portal.ui.manageyards.view.New","viewId":"application-manageyards-display-component---NewYard","bindingPath":{"path":"","propertyPath":"/SHIP_POINT","modelName":"NewYardModel"},"interaction":{"idSuffix":"inner"}},"clearTextFirst":true,"interactionType":"ENTER_TEXT"}]}
COMMAND: POST /session/f2664590fead15ec17982177271525a3/execute/async - {"script":"<script> [1562 bytes]","args":[{"selector":{"controlType":"sap.m.Input","viewName":"etm.portal.ui.manageyards.view.New","viewId":"application-manageyards-display-component---NewYard","bindingPath":{"path":"","propertyPath":"/DELIVERY_TYPE","modelName":"NewYardModel"},"interaction":{"idSuffix":"inner"}},"wdio_ui5_key":"etmportal.ui.manageyards.view.Newsap.m.Input{\"path\":\"\",\"propertyPath\":\"/DELIVERY_TYPE\",\"modelName\":\"NewYardModel\"}"}]}
RESULT: {"script":"<script> [1562 bytes]","args":[{"selector":{"controlType":"sap.m.Input","viewName":"etm.portal.ui.manageyards.view.New","viewId":"application-manageyards-display-component---NewYard","bindingPath":{"path":"","propertyPath":"/DELIVERY_TYPE","modelName":"NewYardModel"},"interaction":{"idSuffix":"inner"}},"wdio_ui5_key":"etmportal.ui.manageyards.view.Newsap.m.Input{\"path\":\"\",\"propertyPath\":\"/DELIVERY_TYPE\",\"modelName\":\"NewYardModel\"}"}]}
RESULT: undefined
COMMAND: POST /session/f2664590fead15ec17982177271525a3/execute/async - {"script":"<script> [776 bytes]","args":[{"enterText":"ZL01","selector":{"controlType":"sap.m.Input","viewName":"etm.portal.ui.manageyards.view.New","viewId":"application-manageyards-display-component---NewYard","bindingPath":{"path":"","propertyPath":"/DELIVERY_TYPE","modelName":"NewYardModel"},"interaction":{"idSuffix":"inner"}},"clearTextFirst":true,"interactionType":"ENTER_TEXT"}]}
RESULT: {"script":"<script> [776 bytes]","args":[{"enterText":"ZL01","selector":{"controlType":"sap.m.Input","viewName":"etm.portal.ui.manageyards.view.New","viewId":"application-manageyards-display-component---NewYard","bindingPath":{"path":"","propertyPath":"/DELIVERY_TYPE","modelName":"NewYardModel"},"interaction":{"idSuffix":"inner"}},"clearTextFirst":true,"interactionType":"ENTER_TEXT"}]}
COMMAND: POST /session/f2664590fead15ec17982177271525a3/execute/async - {"script":"<script> [1562 bytes]","args":[{"selector":{"controlType":"sap.m.Input","viewName":"etm.portal.ui.manageyards.view.New","viewId":"application-manageyards-display-component---NewYard","bindingPath":{"path":"","propertyPath":"/AUART","modelName":"NewYardModel"},"interaction":{"idSuffix":"inner"}},"wdio_ui5_key":"etmportal.ui.manageyards.view.Newsap.m.Input{\"path\":\"\",\"propertyPath\":\"/AUART\",\"modelName\":\"NewYardModel\"}"}]}
RESULT: {"script":"<script> [1562 bytes]","args":[{"selector":{"controlType":"sap.m.Input","viewName":"etm.portal.ui.manageyards.view.New","viewId":"application-manageyards-display-component---NewYard","bindingPath":{"path":"","propertyPath":"/AUART","modelName":"NewYardModel"},"interaction":{"idSuffix":"inner"}},"wdio_ui5_key":"etmportal.ui.manageyards.view.Newsap.m.Input{\"path\":\"\",\"propertyPath\":\"/AUART\",\"modelName\":\"NewYardModel\"}"}]}
RESULT: undefined
COMMAND: POST /session/f2664590fead15ec17982177271525a3/execute/async - {"script":"<script> [776 bytes]","args":[{"enterText":"TA","selector":{"controlType":"sap.m.Input","viewName":"etm.portal.ui.manageyards.view.New","viewId":"application-manageyards-display-component---NewYard","bindingPath":{"path":"","propertyPath":"/AUART","modelName":"NewYardModel"},"interaction":{"idSuffix":"inner"}},"clearTextFirst":true,"interactionType":"ENTER_TEXT"}]}
RESULT: {"script":"<script> [776 bytes]","args":[{"enterText":"TA","selector":{"controlType":"sap.m.Input","viewName":"etm.portal.ui.manageyards.view.New","viewId":"application-manageyards-display-component---NewYard","bindingPath":{"path":"","propertyPath":"/AUART","modelName":"NewYardModel"},"interaction":{"idSuffix":"inner"}},"clearTextFirst":true,"interactionType":"ENTER_TEXT"}]}
COMMAND: POST /session/f2664590fead15ec17982177271525a3/element - {"using":"xpath","value":"//button[@data-kt=\"newYardSaveButton\"]"}
RESULT: {"using":"xpath","value":"//button[@data-kt=\"newYardSaveButton\"]"}
COMMAND: POST /session/f2664590fead15ec17982177271525a3/element/f.00969020EDAB38E57A85DBAFB8D2C3DD.d.29E347E950BEC787B19F9A40FA68839F.e.717/click - {}
RESULT: {}
COMMAND: GET /session/f2664590fead15ec17982177271525a3/screenshot - {}
RESULT: {}
COMMAND: POST /session/f2664590fead15ec17982177271525a3/element - {"using":"xpath","value":"//header[contains(@id, 'ObjectPageLayout-headerTitle')]/div[1]/div[2]/div[1]/span[1]"}
RESULT: {"using":"xpath","value":"//header[contains(@id, 'ObjectPageLayout-headerTitle')]/div[1]/div[2]/div[1]/span[1]"}
COMMAND: POST /session/f2664590fead15ec17982177271525a3/elements - {"using":"xpath","value":"//header[contains(@id, 'ObjectPageLayout-headerTitle')]/div[1]/div[2]/div[1]/span[1]"}
RESULT: {"using":"xpath","value":"//header[contains(@id, 'ObjectPageLayout-headerTitle')]/div[1]/div[2]/div[1]/span[1]"}
COMMAND: POST /session/f2664590fead15ec17982177271525a3/execute/sync - {"script":"<script> [56 bytes]","args":[{"element-6066-11e4-a52e-4f735466cecf":"f.00969020EDAB38E57A85DBAFB8D2C3DD.d.29E347E950BEC787B19F9A40FA68839F.e.1013","ELEMENT":"f.00969020EDAB38E57A85DBAFB8D2C3DD.d.29E347E950BEC787B19F9A40FA68839F.e.1013"}]}
RESULT: {"script":"<script> [56 bytes]","args":[{"element-6066-11e4-a52e-4f735466cecf":"f.00969020EDAB38E57A85DBAFB8D2C3DD.d.29E347E950BEC787B19F9A40FA68839F.e.1013","ELEMENT":"f.00969020EDAB38E57A85DBAFB8D2C3DD.d.29E347E950BEC787B19F9A40FA68839F.e.1013"}]}
COMMAND: GET /session/f2664590fead15ec17982177271525a3/screenshot - {}
RESULT: {}
COMMAND: POST /session/f2664590fead15ec17982177271525a3/element - {"using":"css selector","value":"#shell-header-logo"}
RESULT: {"using":"css selector","value":"#shell-header-logo"}
COMMAND: POST /session/f2664590fead15ec17982177271525a3/element/f.00969020EDAB38E57A85DBAFB8D2C3DD.d.29E347E950BEC787B19F9A40FA68839F.e.270/click - {}
RESULT: {}
COMMAND: GET /session/f2664590fead15ec17982177271525a3/screenshot - {}
RESULT: {}
COMMAND: POST /session/f2664590fead15ec17982177271525a3/execute/sync - {"script":"<script> [299 bytes]","args":[["getModel","getResource"]]}
RESULT: {"script":"<script> [299 bytes]","args":[["getModel","getResource"]]}
COMMAND: GET /session/f2664590fead15ec17982177271525a3/screenshot - {}
]]></system-out>
    </testcase>
    <testcase classname="chrome.135_0_7049_115.windows.Billing_Transfer_-_Master_data_&amp;_Intercompany_US127250" name="Should create a new partner" time="138.556">
      <system-out><![CDATA[
COMMAND: POST /session/f2664590fead15ec17982177271525a3/window/fullscreen - {}
RESULT: {}
COMMAND: POST /session/f2664590fead15ec17982177271525a3/execute/async - {"script":"<script> [1562 bytes]","args":[{"selector":{"controlType":"sap.m.GenericTile","properties":{"header":"Manage Partners"}},"wdio_ui5_key":"sapm.GenericTile{\"header\":\"Manage Partners\"}"}]}
RESULT: {}
RESULT: {"script":"<script> [1562 bytes]","args":[{"selector":{"controlType":"sap.m.GenericTile","properties":{"header":"Manage Partners"}},"wdio_ui5_key":"sapm.GenericTile{\"header\":\"Manage Partners\"}"}]}
RESULT: undefined
COMMAND: POST /session/f2664590fead15ec17982177271525a3/element - {"using":"xpath","value":"//*[@id=\"__tile38\"]"}
RESULT: {"using":"xpath","value":"//*[@id=\"__tile38\"]"}
COMMAND: POST /session/f2664590fead15ec17982177271525a3/element/f.00969020EDAB38E57A85DBAFB8D2C3DD.d.29E347E950BEC787B19F9A40FA68839F.e.158/click - {}
RESULT: {}
COMMAND: POST /session/f2664590fead15ec17982177271525a3/element - {"using":"xpath","value":"//button[@data-kt=\"addButton\"]"}
COMMAND: GET /session/f2664590fead15ec17982177271525a3/screenshot - {}
RESULT: {"using":"xpath","value":"//button[@data-kt=\"addButton\"]"}
COMMAND: POST /session/f2664590fead15ec17982177271525a3/elements - {"using":"xpath","value":"//button[@data-kt=\"addButton\"]"}
RESULT: {}
RESULT: {"using":"xpath","value":"//button[@data-kt=\"addButton\"]"}
COMMAND: POST /session/f2664590fead15ec17982177271525a3/elements - {"using":"xpath","value":"//button[@data-kt=\"addButton\"]"}
RESULT: {"using":"xpath","value":"//button[@data-kt=\"addButton\"]"}
COMMAND: POST /session/f2664590fead15ec17982177271525a3/elements - {"using":"xpath","value":"//button[@data-kt=\"addButton\"]"}
RESULT: {"using":"xpath","value":"//button[@data-kt=\"addButton\"]"}
COMMAND: POST /session/f2664590fead15ec17982177271525a3/elements - {"using":"xpath","value":"//button[@data-kt=\"addButton\"]"}
RESULT: {"using":"xpath","value":"//button[@data-kt=\"addButton\"]"}
COMMAND: POST /session/f2664590fead15ec17982177271525a3/elements - {"using":"xpath","value":"//button[@data-kt=\"addButton\"]"}
RESULT: {"using":"xpath","value":"//button[@data-kt=\"addButton\"]"}
COMMAND: POST /session/f2664590fead15ec17982177271525a3/elements - {"using":"xpath","value":"//button[@data-kt=\"addButton\"]"}
RESULT: {"using":"xpath","value":"//button[@data-kt=\"addButton\"]"}
COMMAND: POST /session/f2664590fead15ec17982177271525a3/elements - {"using":"xpath","value":"//button[@data-kt=\"addButton\"]"}
RESULT: {"using":"xpath","value":"//button[@data-kt=\"addButton\"]"}
COMMAND: POST /session/f2664590fead15ec17982177271525a3/elements - {"using":"xpath","value":"//button[@data-kt=\"addButton\"]"}
RESULT: {"using":"xpath","value":"//button[@data-kt=\"addButton\"]"}
COMMAND: POST /session/f2664590fead15ec17982177271525a3/elements - {"using":"xpath","value":"//button[@data-kt=\"addButton\"]"}
RESULT: {"using":"xpath","value":"//button[@data-kt=\"addButton\"]"}
COMMAND: POST /session/f2664590fead15ec17982177271525a3/elements - {"using":"xpath","value":"//button[@data-kt=\"addButton\"]"}
RESULT: {"using":"xpath","value":"//button[@data-kt=\"addButton\"]"}
COMMAND: POST /session/f2664590fead15ec17982177271525a3/elements - {"using":"xpath","value":"//button[@data-kt=\"addButton\"]"}
RESULT: {"using":"xpath","value":"//button[@data-kt=\"addButton\"]"}
COMMAND: POST /session/f2664590fead15ec17982177271525a3/elements - {"using":"xpath","value":"//button[@data-kt=\"addButton\"]"}
RESULT: {"using":"xpath","value":"//button[@data-kt=\"addButton\"]"}
COMMAND: POST /session/f2664590fead15ec17982177271525a3/elements - {"using":"xpath","value":"//button[@data-kt=\"addButton\"]"}
RESULT: {"using":"xpath","value":"//button[@data-kt=\"addButton\"]"}
COMMAND: POST /session/f2664590fead15ec17982177271525a3/elements - {"using":"xpath","value":"//button[@data-kt=\"addButton\"]"}
RESULT: {"using":"xpath","value":"//button[@data-kt=\"addButton\"]"}
COMMAND: POST /session/f2664590fead15ec17982177271525a3/elements - {"using":"xpath","value":"//button[@data-kt=\"addButton\"]"}
RESULT: {"using":"xpath","value":"//button[@data-kt=\"addButton\"]"}
COMMAND: POST /session/f2664590fead15ec17982177271525a3/elements - {"using":"xpath","value":"//button[@data-kt=\"addButton\"]"}
RESULT: {"using":"xpath","value":"//button[@data-kt=\"addButton\"]"}
COMMAND: POST /session/f2664590fead15ec17982177271525a3/elements - {"using":"xpath","value":"//button[@data-kt=\"addButton\"]"}
RESULT: {"using":"xpath","value":"//button[@data-kt=\"addButton\"]"}
COMMAND: POST /session/f2664590fead15ec17982177271525a3/elements - {"using":"xpath","value":"//button[@data-kt=\"addButton\"]"}
RESULT: {"using":"xpath","value":"//button[@data-kt=\"addButton\"]"}
COMMAND: POST /session/f2664590fead15ec17982177271525a3/element - {"using":"xpath","value":"//button[@data-kt=\"addButton\"]"}
RESULT: {"using":"xpath","value":"//button[@data-kt=\"addButton\"]"}
COMMAND: POST /session/f2664590fead15ec17982177271525a3/execute/sync - {"script":"<script> [8489 bytes]","args":[{"element-6066-11e4-a52e-4f735466cecf":"f.00969020EDAB38E57A85DBAFB8D2C3DD.d.29E347E950BEC787B19F9A40FA68839F.e.1062","ELEMENT":"f.00969020EDAB38E57A85DBAFB8D2C3DD.d.29E347E950BEC787B19F9A40FA68839F.e.1062"}]}
RESULT: {"script":"<script> [8489 bytes]","args":[{"element-6066-11e4-a52e-4f735466cecf":"f.00969020EDAB38E57A85DBAFB8D2C3DD.d.29E347E950BEC787B19F9A40FA68839F.e.1062","ELEMENT":"f.00969020EDAB38E57A85DBAFB8D2C3DD.d.29E347E950BEC787B19F9A40FA68839F.e.1062"}]}
COMMAND: GET /session/f2664590fead15ec17982177271525a3/element/f.00969020EDAB38E57A85DBAFB8D2C3DD.d.29E347E950BEC787B19F9A40FA68839F.e.1062/enabled - {}
COMMAND: GET /session/f2664590fead15ec17982177271525a3/screenshot - {}
RESULT: {}
COMMAND: POST /session/f2664590fead15ec17982177271525a3/execute/sync - {"script":"<script> [8489 bytes]","args":[{"element-6066-11e4-a52e-4f735466cecf":"f.00969020EDAB38E57A85DBAFB8D2C3DD.d.29E347E950BEC787B19F9A40FA68839F.e.1062","ELEMENT":"f.00969020EDAB38E57A85DBAFB8D2C3DD.d.29E347E950BEC787B19F9A40FA68839F.e.1062"}]}
COMMAND: GET /session/f2664590fead15ec17982177271525a3/screenshot - {}
RESULT: {}
RESULT: {"script":"<script> [8489 bytes]","args":[{"element-6066-11e4-a52e-4f735466cecf":"f.00969020EDAB38E57A85DBAFB8D2C3DD.d.29E347E950BEC787B19F9A40FA68839F.e.1062","ELEMENT":"f.00969020EDAB38E57A85DBAFB8D2C3DD.d.29E347E950BEC787B19F9A40FA68839F.e.1062"}]}
COMMAND: POST /session/f2664590fead15ec17982177271525a3/execute/sync - {"script":"<script> [5351 bytes]","args":[{"element-6066-11e4-a52e-4f735466cecf":"f.00969020EDAB38E57A85DBAFB8D2C3DD.d.29E347E950BEC787B19F9A40FA68839F.e.1062","ELEMENT":"f.00969020EDAB38E57A85DBAFB8D2C3DD.d.29E347E950BEC787B19F9A40FA68839F.e.1062"}]}
COMMAND: GET /session/f2664590fead15ec17982177271525a3/screenshot - {}
RESULT: {}
RESULT: {"script":"<script> [5351 bytes]","args":[{"element-6066-11e4-a52e-4f735466cecf":"f.00969020EDAB38E57A85DBAFB8D2C3DD.d.29E347E950BEC787B19F9A40FA68839F.e.1062","ELEMENT":"f.00969020EDAB38E57A85DBAFB8D2C3DD.d.29E347E950BEC787B19F9A40FA68839F.e.1062"}]}
COMMAND: POST /session/f2664590fead15ec17982177271525a3/element/f.00969020EDAB38E57A85DBAFB8D2C3DD.d.29E347E950BEC787B19F9A40FA68839F.e.1062/click - {}
COMMAND: GET /session/f2664590fead15ec17982177271525a3/screenshot - {}
RESULT: {}
RESULT: {}
COMMAND: GET /session/f2664590fead15ec17982177271525a3/screenshot - {}
COMMAND: POST /session/f2664590fead15ec17982177271525a3/execute/async - {"script":"<script> [1562 bytes]","args":[{"selector":{"id":"application-managepartners-display-component---NewPartner--addressDetailDetailsName1","interaction":{"idSuffix":"inner"}},"wdio_ui5_key":"applicationmanagepartners-display-component---NewPartner--addressDetailDetailsName1"}]}
RESULT: {}
RESULT: {}
RESULT: {"script":"<script> [1562 bytes]","args":[{"selector":{"id":"application-managepartners-display-component---NewPartner--addressDetailDetailsName1","interaction":{"idSuffix":"inner"}},"wdio_ui5_key":"applicationmanagepartners-display-component---NewPartner--addressDetailDetailsName1"}]}
RESULT: undefined
COMMAND: POST /session/f2664590fead15ec17982177271525a3/execute/async - {"script":"<script> [776 bytes]","args":[{"enterText":"Intercompany Partner WDIO","selector":{"id":"application-managepartners-display-component---NewPartner--addressDetailDetailsName1","interaction":{"idSuffix":"inner"}},"clearTextFirst":true,"interactionType":"ENTER_TEXT"}]}
RESULT: {"script":"<script> [776 bytes]","args":[{"enterText":"Intercompany Partner WDIO","selector":{"id":"application-managepartners-display-component---NewPartner--addressDetailDetailsName1","interaction":{"idSuffix":"inner"}},"clearTextFirst":true,"interactionType":"ENTER_TEXT"}]}
COMMAND: POST /session/f2664590fead15ec17982177271525a3/execute/async - {"script":"<script> [1562 bytes]","args":[{"selector":{"id":"application-managepartners-display-component---NewPartner--addressDetailDetailsLanguage-arrow"},"wdio_ui5_key":"applicationmanagepartners-display-component---NewPartner--addressDetailDetailsLanguage-arrow"}]}
RESULT: {"script":"<script> [1562 bytes]","args":[{"selector":{"id":"application-managepartners-display-component---NewPartner--addressDetailDetailsLanguage-arrow"},"wdio_ui5_key":"applicationmanagepartners-display-component---NewPartner--addressDetailDetailsLanguage-arrow"}]}
RESULT: undefined
COMMAND: POST /session/f2664590fead15ec17982177271525a3/element - {"using":"xpath","value":"//*[@id=\"application-managepartners-display-component---NewPartner--addressDetailDetailsLanguage-arrow\"]"}
RESULT: {"using":"xpath","value":"//*[@id=\"application-managepartners-display-component---NewPartner--addressDetailDetailsLanguage-arrow\"]"}
COMMAND: POST /session/f2664590fead15ec17982177271525a3/element/f.00969020EDAB38E57A85DBAFB8D2C3DD.d.29E347E950BEC787B19F9A40FA68839F.e.1499/click - {}
RESULT: {}
COMMAND: POST /session/f2664590fead15ec17982177271525a3/element - {"using":"xpath","value":"//span[contains(text(), \"English\")]"}
COMMAND: GET /session/f2664590fead15ec17982177271525a3/screenshot - {}
RESULT: {"using":"xpath","value":"//span[contains(text(), \"English\")]"}
COMMAND: POST /session/f2664590fead15ec17982177271525a3/element/f.00969020EDAB38E57A85DBAFB8D2C3DD.d.29E347E950BEC787B19F9A40FA68839F.e.1500/click - {}
RESULT: {}
RESULT: {}
COMMAND: GET /session/f2664590fead15ec17982177271525a3/screenshot - {}
RESULT: {}
COMMAND: POST /session/f2664590fead15ec17982177271525a3/execute/async - {"script":"<script> [1562 bytes]","args":[{"selector":{"id":"application-managepartners-display-component---NewPartner--addressDetailDetailsCity1","interaction":{"idSuffix":"inner"}},"wdio_ui5_key":"applicationmanagepartners-display-component---NewPartner--addressDetailDetailsCity1"}]}
RESULT: {"script":"<script> [1562 bytes]","args":[{"selector":{"id":"application-managepartners-display-component---NewPartner--addressDetailDetailsCity1","interaction":{"idSuffix":"inner"}},"wdio_ui5_key":"applicationmanagepartners-display-component---NewPartner--addressDetailDetailsCity1"}]}
RESULT: undefined
COMMAND: POST /session/f2664590fead15ec17982177271525a3/execute/async - {"script":"<script> [776 bytes]","args":[{"enterText":"Rosario","selector":{"id":"application-managepartners-display-component---NewPartner--addressDetailDetailsCity1","interaction":{"idSuffix":"inner"}},"clearTextFirst":true,"interactionType":"ENTER_TEXT"}]}
RESULT: {"script":"<script> [776 bytes]","args":[{"enterText":"Rosario","selector":{"id":"application-managepartners-display-component---NewPartner--addressDetailDetailsCity1","interaction":{"idSuffix":"inner"}},"clearTextFirst":true,"interactionType":"ENTER_TEXT"}]}
COMMAND: POST /session/f2664590fead15ec17982177271525a3/execute/async - {"script":"<script> [1562 bytes]","args":[{"selector":{"id":"application-managepartners-display-component---NewPartner--addressDetailDetailsCountry-arrow"},"wdio_ui5_key":"applicationmanagepartners-display-component---NewPartner--addressDetailDetailsCountry-arrow"}]}
RESULT: {"script":"<script> [1562 bytes]","args":[{"selector":{"id":"application-managepartners-display-component---NewPartner--addressDetailDetailsCountry-arrow"},"wdio_ui5_key":"applicationmanagepartners-display-component---NewPartner--addressDetailDetailsCountry-arrow"}]}
RESULT: undefined
COMMAND: POST /session/f2664590fead15ec17982177271525a3/element - {"using":"xpath","value":"//*[@id=\"application-managepartners-display-component---NewPartner--addressDetailDetailsCountry-arrow\"]"}
RESULT: {"using":"xpath","value":"//*[@id=\"application-managepartners-display-component---NewPartner--addressDetailDetailsCountry-arrow\"]"}
COMMAND: POST /session/f2664590fead15ec17982177271525a3/element/f.00969020EDAB38E57A85DBAFB8D2C3DD.d.29E347E950BEC787B19F9A40FA68839F.e.1460/click - {}
RESULT: {}
COMMAND: POST /session/f2664590fead15ec17982177271525a3/element - {"using":"xpath","value":"//span[contains(text(), \"Argentina\")]"}
COMMAND: GET /session/f2664590fead15ec17982177271525a3/screenshot - {}
RESULT: {"using":"xpath","value":"//span[contains(text(), \"Argentina\")]"}
COMMAND: POST /session/f2664590fead15ec17982177271525a3/element/f.00969020EDAB38E57A85DBAFB8D2C3DD.d.29E347E950BEC787B19F9A40FA68839F.e.1502/click - {}
RESULT: {}
RESULT: {}
COMMAND: GET /session/f2664590fead15ec17982177271525a3/screenshot - {}
RESULT: {}
COMMAND: POST /session/f2664590fead15ec17982177271525a3/element - {"using":"xpath","value":"//bdi[contains(text(), \"Commercial\")]"}
RESULT: {"using":"xpath","value":"//bdi[contains(text(), \"Commercial\")]"}
COMMAND: POST /session/f2664590fead15ec17982177271525a3/element/f.00969020EDAB38E57A85DBAFB8D2C3DD.d.29E347E950BEC787B19F9A40FA68839F.e.1503/click - {}
RESULT: {}
COMMAND: GET /session/f2664590fead15ec17982177271525a3/screenshot - {}
RESULT: {}
COMMAND: POST /session/f2664590fead15ec17982177271525a3/execute/async - {"script":"<script> [1562 bytes]","args":[{"selector":{"id":"application-managepartners-display-component---NewPartner--partnerDetailInternal-arrow"},"wdio_ui5_key":"applicationmanagepartners-display-component---NewPartner--partnerDetailInternal-arrow"}]}
RESULT: {"script":"<script> [1562 bytes]","args":[{"selector":{"id":"application-managepartners-display-component---NewPartner--partnerDetailInternal-arrow"},"wdio_ui5_key":"applicationmanagepartners-display-component---NewPartner--partnerDetailInternal-arrow"}]}
RESULT: undefined
COMMAND: POST /session/f2664590fead15ec17982177271525a3/element - {"using":"xpath","value":"//*[@id=\"application-managepartners-display-component---NewPartner--partnerDetailInternal-arrow\"]"}
RESULT: {"using":"xpath","value":"//*[@id=\"application-managepartners-display-component---NewPartner--partnerDetailInternal-arrow\"]"}
COMMAND: POST /session/f2664590fead15ec17982177271525a3/element/f.00969020EDAB38E57A85DBAFB8D2C3DD.d.29E347E950BEC787B19F9A40FA68839F.e.1509/click - {}
RESULT: {}
COMMAND: POST /session/f2664590fead15ec17982177271525a3/element - {"using":"xpath","value":"//span[contains(text(), \"Affiliated company\")]"}
COMMAND: GET /session/f2664590fead15ec17982177271525a3/screenshot - {}
RESULT: {"using":"xpath","value":"//span[contains(text(), \"Affiliated company\")]"}
COMMAND: POST /session/f2664590fead15ec17982177271525a3/element/f.00969020EDAB38E57A85DBAFB8D2C3DD.d.29E347E950BEC787B19F9A40FA68839F.e.1510/click - {}
RESULT: {}
RESULT: {}
COMMAND: POST /session/f2664590fead15ec17982177271525a3/execute/async - {"script":"<script> [1562 bytes]","args":[{"selector":{"id":"application-managepartners-display-component---NewPartner--partnerDetailsCurrency-arrow"},"wdio_ui5_key":"applicationmanagepartners-display-component---NewPartner--partnerDetailsCurrency-arrow"}]}
COMMAND: GET /session/f2664590fead15ec17982177271525a3/screenshot - {}
RESULT: {"script":"<script> [1562 bytes]","args":[{"selector":{"id":"application-managepartners-display-component---NewPartner--partnerDetailsCurrency-arrow"},"wdio_ui5_key":"applicationmanagepartners-display-component---NewPartner--partnerDetailsCurrency-arrow"}]}
RESULT: undefined
COMMAND: POST /session/f2664590fead15ec17982177271525a3/element - {"using":"xpath","value":"//*[@id=\"application-managepartners-display-component---NewPartner--partnerDetailsCurrency-arrow\"]"}
RESULT: {}
RESULT: {"using":"xpath","value":"//*[@id=\"application-managepartners-display-component---NewPartner--partnerDetailsCurrency-arrow\"]"}
COMMAND: POST /session/f2664590fead15ec17982177271525a3/element/f.00969020EDAB38E57A85DBAFB8D2C3DD.d.29E347E950BEC787B19F9A40FA68839F.e.1517/click - {}
RESULT: {}
COMMAND: POST /session/f2664590fead15ec17982177271525a3/element - {"using":"xpath","value":"//span[contains(text(), \"Euro\")]"}
COMMAND: GET /session/f2664590fead15ec17982177271525a3/screenshot - {}
RESULT: {"using":"xpath","value":"//span[contains(text(), \"Euro\")]"}
COMMAND: POST /session/f2664590fead15ec17982177271525a3/element/f.00969020EDAB38E57A85DBAFB8D2C3DD.d.29E347E950BEC787B19F9A40FA68839F.e.1518/click - {}
RESULT: {}
RESULT: {}
COMMAND: POST /session/f2664590fead15ec17982177271525a3/execute/async - {"script":"<script> [1562 bytes]","args":[{"selector":{"id":"application-managepartners-display-component---NewPartner--addressEditDetailsCostObjectCstType-arrow"},"wdio_ui5_key":"applicationmanagepartners-display-component---NewPartner--addressEditDetailsCostObjectCstType-arrow"}]}
COMMAND: GET /session/f2664590fead15ec17982177271525a3/screenshot - {}
RESULT: {"script":"<script> [1562 bytes]","args":[{"selector":{"id":"application-managepartners-display-component---NewPartner--addressEditDetailsCostObjectCstType-arrow"},"wdio_ui5_key":"applicationmanagepartners-display-component---NewPartner--addressEditDetailsCostObjectCstType-arrow"}]}
RESULT: undefined
COMMAND: POST /session/f2664590fead15ec17982177271525a3/element - {"using":"xpath","value":"//*[@id=\"application-managepartners-display-component---NewPartner--addressEditDetailsCostObjectCstType-arrow\"]"}
RESULT: {}
RESULT: {"using":"xpath","value":"//*[@id=\"application-managepartners-display-component---NewPartner--addressEditDetailsCostObjectCstType-arrow\"]"}
COMMAND: POST /session/f2664590fead15ec17982177271525a3/element/f.00969020EDAB38E57A85DBAFB8D2C3DD.d.29E347E950BEC787B19F9A40FA68839F.e.1519/click - {}
RESULT: {}
COMMAND: POST /session/f2664590fead15ec17982177271525a3/element - {"using":"xpath","value":"//span[contains(text(), \"Cost Center\")]"}
COMMAND: GET /session/f2664590fead15ec17982177271525a3/screenshot - {}
RESULT: {"using":"xpath","value":"//span[contains(text(), \"Cost Center\")]"}
COMMAND: POST /session/f2664590fead15ec17982177271525a3/element/f.00969020EDAB38E57A85DBAFB8D2C3DD.d.29E347E950BEC787B19F9A40FA68839F.e.1520/click - {}
RESULT: {}
RESULT: {}
COMMAND: GET /session/f2664590fead15ec17982177271525a3/screenshot - {}
RESULT: {}
COMMAND: POST /session/f2664590fead15ec17982177271525a3/element - {"using":"xpath","value":"//span[@id=\"application-managepartners-display-component---NewPartner--addressNewCostObjectCstID-vhi\"]"}
RESULT: {"using":"xpath","value":"//span[@id=\"application-managepartners-display-component---NewPartner--addressNewCostObjectCstID-vhi\"]"}
COMMAND: POST /session/f2664590fead15ec17982177271525a3/execute/sync - {"script":"<script> [8489 bytes]","args":[{"element-6066-11e4-a52e-4f735466cecf":"f.00969020EDAB38E57A85DBAFB8D2C3DD.d.29E347E950BEC787B19F9A40FA68839F.e.1524","ELEMENT":"f.00969020EDAB38E57A85DBAFB8D2C3DD.d.29E347E950BEC787B19F9A40FA68839F.e.1524"}]}
RESULT: {"script":"<script> [8489 bytes]","args":[{"element-6066-11e4-a52e-4f735466cecf":"f.00969020EDAB38E57A85DBAFB8D2C3DD.d.29E347E950BEC787B19F9A40FA68839F.e.1524","ELEMENT":"f.00969020EDAB38E57A85DBAFB8D2C3DD.d.29E347E950BEC787B19F9A40FA68839F.e.1524"}]}
COMMAND: POST /session/f2664590fead15ec17982177271525a3/execute/async - {"script":"<script> [1562 bytes]","args":[{"selector":{"id":"application-managepartners-display-component---NewPartner--addressNewCostObjectCstID-vhi"},"wdio_ui5_key":"applicationmanagepartners-display-component---NewPartner--addressNewCostObjectCstID-vhi"}]}
COMMAND: GET /session/f2664590fead15ec17982177271525a3/screenshot - {}
RESULT: {"script":"<script> [1562 bytes]","args":[{"selector":{"id":"application-managepartners-display-component---NewPartner--addressNewCostObjectCstID-vhi"},"wdio_ui5_key":"applicationmanagepartners-display-component---NewPartner--addressNewCostObjectCstID-vhi"}]}
RESULT: undefined
COMMAND: POST /session/f2664590fead15ec17982177271525a3/element - {"using":"xpath","value":"//*[@id=\"application-managepartners-display-component---NewPartner--addressNewCostObjectCstID-vhi\"]"}
RESULT: {}
RESULT: {"using":"xpath","value":"//*[@id=\"application-managepartners-display-component---NewPartner--addressNewCostObjectCstID-vhi\"]"}
COMMAND: POST /session/f2664590fead15ec17982177271525a3/element/f.00969020EDAB38E57A85DBAFB8D2C3DD.d.29E347E950BEC787B19F9A40FA68839F.e.1524/click - {}
RESULT: {}
COMMAND: GET /session/f2664590fead15ec17982177271525a3/screenshot - {}
RESULT: {}
RESULT: undefined
COMMAND: POST /session/f2664590fead15ec17982177271525a3/execute/async - {"script":"<script> [776 bytes]","args":[{"enterText":"10001013","selector":{"controlType":"sap.m.SearchField","properties":{"placeholder":"Search"},"searchOpenDialogs":true,"interaction":{"idSuffix":"I"}},"clearTextFirst":true,"interactionType":"ENTER_TEXT"}]}
RESULT: {"script":"<script> [776 bytes]","args":[{"enterText":"10001013","selector":{"controlType":"sap.m.SearchField","properties":{"placeholder":"Search"},"searchOpenDialogs":true,"interaction":{"idSuffix":"I"}},"clearTextFirst":true,"interactionType":"ENTER_TEXT"}]}
COMMAND: POST /session/f2664590fead15ec17982177271525a3/actions - {"actions":[{"id":"action2","type":"key","parameters":{},"actions":[{"type":"keyDown","value":"î€‡"},{"type":"pause","duration":10},{"type":"keyUp","value":"î€‡"}]}]}
RESULT: {"actions":[{"id":"action2","type":"key","parameters":{},"actions":[{"type":"keyDown","value":"î€‡"},{"type":"pause","duration":10},{"type":"keyUp","value":"î€‡"}]}]}
COMMAND: GET /session/f2664590fead15ec17982177271525a3/screenshot - {}
RESULT: {}
COMMAND: POST /session/f2664590fead15ec17982177271525a3/element - {"using":"xpath","value":"//span[contains(text(), \"General Management\")]"}
RESULT: {"using":"xpath","value":"//span[contains(text(), \"General Management\")]"}
COMMAND: POST /session/f2664590fead15ec17982177271525a3/element/f.00969020EDAB38E57A85DBAFB8D2C3DD.d.29E347E950BEC787B19F9A40FA68839F.e.1563/click - {}
RESULT: {}
COMMAND: GET /session/f2664590fead15ec17982177271525a3/screenshot - {}
RESULT: {}
COMMAND: POST /session/f2664590fead15ec17982177271525a3/element - {"using":"xpath","value":"//bdi[contains(text(), \"OK\")]"}
RESULT: {"using":"xpath","value":"//bdi[contains(text(), \"OK\")]"}
COMMAND: POST /session/f2664590fead15ec17982177271525a3/element/f.00969020EDAB38E57A85DBAFB8D2C3DD.d.29E347E950BEC787B19F9A40FA68839F.e.1564/click - {}
RESULT: {}
COMMAND: GET /session/f2664590fead15ec17982177271525a3/screenshot - {}
RESULT: {}
COMMAND: POST /session/f2664590fead15ec17982177271525a3/element - {"using":"xpath","value":"//input[@id=\"application-managepartners-display-component---NewPartner--companyCodeComboBox-inner\"]"}
RESULT: {"using":"xpath","value":"//input[@id=\"application-managepartners-display-component---NewPartner--companyCodeComboBox-inner\"]"}
COMMAND: POST /session/f2664590fead15ec17982177271525a3/element/f.00969020EDAB38E57A85DBAFB8D2C3DD.d.29E347E950BEC787B19F9A40FA68839F.e.1412/clear - {}
RESULT: {}
COMMAND: POST /session/f2664590fead15ec17982177271525a3/element/f.00969020EDAB38E57A85DBAFB8D2C3DD.d.29E347E950BEC787B19F9A40FA68839F.e.1412/value - {"text":"C002"}
COMMAND: GET /session/f2664590fead15ec17982177271525a3/screenshot - {}
RESULT: {"text":"C002"}
COMMAND: GET /session/f2664590fead15ec17982177271525a3/screenshot - {}
RESULT: {}
RESULT: {}
COMMAND: POST /session/f2664590fead15ec17982177271525a3/element - {"using":"xpath","value":"//li[.//span[text()= \"C002\"]]"}
RESULT: {"using":"xpath","value":"//li[.//span[text()= \"C002\"]]"}
COMMAND: POST /session/f2664590fead15ec17982177271525a3/element/f.00969020EDAB38E57A85DBAFB8D2C3DD.d.29E347E950BEC787B19F9A40FA68839F.e.1570/click - {}
RESULT: {}
COMMAND: GET /session/f2664590fead15ec17982177271525a3/screenshot - {}
RESULT: {}
COMMAND: POST /session/f2664590fead15ec17982177271525a3/execute/async - {"script":"<script> [1562 bytes]","args":[{"selector":{"id":"application-managepartners-display-component---NewPartner--btnAddTableRow-img"},"wdio_ui5_key":"applicationmanagepartners-display-component---NewPartner--btnAddTableRow-img"}]}
RESULT: {"script":"<script> [1562 bytes]","args":[{"selector":{"id":"application-managepartners-display-component---NewPartner--btnAddTableRow-img"},"wdio_ui5_key":"applicationmanagepartners-display-component---NewPartner--btnAddTableRow-img"}]}
RESULT: undefined
COMMAND: POST /session/f2664590fead15ec17982177271525a3/element - {"using":"xpath","value":"//*[@id=\"application-managepartners-display-component---NewPartner--btnAddTableRow-img\"]"}
RESULT: {"using":"xpath","value":"//*[@id=\"application-managepartners-display-component---NewPartner--btnAddTableRow-img\"]"}
COMMAND: POST /session/f2664590fead15ec17982177271525a3/element/f.00969020EDAB38E57A85DBAFB8D2C3DD.d.29E347E950BEC787B19F9A40FA68839F.e.1571/click - {}
RESULT: {}
COMMAND: GET /session/f2664590fead15ec17982177271525a3/screenshot - {}
RESULT: {}
COMMAND: POST /session/f2664590fead15ec17982177271525a3/element - {"using":"xpath","value":"//input[@id=\"application-managepartners-display-component---NewPartner--assignmentYard-application-managepartners-display-component---NewPartner--assignmentsTable-0-inner\"]"}
RESULT: {"using":"xpath","value":"//input[@id=\"application-managepartners-display-component---NewPartner--assignmentYard-application-managepartners-display-component---NewPartner--assignmentsTable-0-inner\"]"}
COMMAND: POST /session/f2664590fead15ec17982177271525a3/element/f.00969020EDAB38E57A85DBAFB8D2C3DD.d.29E347E950BEC787B19F9A40FA68839F.e.1574/clear - {}
RESULT: {}
COMMAND: POST /session/f2664590fead15ec17982177271525a3/element/f.00969020EDAB38E57A85DBAFB8D2C3DD.d.29E347E950BEC787B19F9A40FA68839F.e.1574/value - {"text":"668"}
COMMAND: GET /session/f2664590fead15ec17982177271525a3/screenshot - {}
RESULT: {"text":"668"}
COMMAND: GET /session/f2664590fead15ec17982177271525a3/screenshot - {}
RESULT: {}
RESULT: {}
COMMAND: POST /session/f2664590fead15ec17982177271525a3/element - {"using":"xpath","value":"//li[.//span[text()='668']]"}
RESULT: {"using":"xpath","value":"//li[.//span[text()='668']]"}
COMMAND: POST /session/f2664590fead15ec17982177271525a3/element/f.00969020EDAB38E57A85DBAFB8D2C3DD.d.29E347E950BEC787B19F9A40FA68839F.e.1583/click - {}
RESULT: {}
COMMAND: GET /session/f2664590fead15ec17982177271525a3/screenshot - {}
RESULT: {}
COMMAND: POST /session/f2664590fead15ec17982177271525a3/actions - {"actions":[{"id":"action3","type":"key","parameters":{},"actions":[{"type":"keyDown","value":"î€‡"},{"type":"pause","duration":10},{"type":"keyUp","value":"î€‡"}]}]}
RESULT: {"actions":[{"id":"action3","type":"key","parameters":{},"actions":[{"type":"keyDown","value":"î€‡"},{"type":"pause","duration":10},{"type":"keyUp","value":"î€‡"}]}]}
COMMAND: POST /session/f2664590fead15ec17982177271525a3/execute/async - {"script":"<script> [1562 bytes]","args":[{"selector":{"id":"application-managepartners-display-component---NewPartner--externalCustomerComboBox-application-managepartners-display-component---NewPartner--assignmentsTable-0-vhi"},"wdio_ui5_key":"applicationmanagepartners-display-component---NewPartner--externalCustomerComboBox-application-managepartners-display-component---NewPartner--assignmentsTable-0-vhi"}]}
COMMAND: GET /session/f2664590fead15ec17982177271525a3/screenshot - {}
RESULT: {"script":"<script> [1562 bytes]","args":[{"selector":{"id":"application-managepartners-display-component---NewPartner--externalCustomerComboBox-application-managepartners-display-component---NewPartner--assignmentsTable-0-vhi"},"wdio_ui5_key":"applicationmanagepartners-display-component---NewPartner--externalCustomerComboBox-application-managepartners-display-component---NewPartner--assignmentsTable-0-vhi"}]}
RESULT: undefined
COMMAND: POST /session/f2664590fead15ec17982177271525a3/element - {"using":"xpath","value":"//*[@id=\"application-managepartners-display-component---NewPartner--externalCustomerComboBox-application-managepartners-display-component---NewPartner--assignmentsTable-0-vhi\"]"}
RESULT: {}
RESULT: {"using":"xpath","value":"//*[@id=\"application-managepartners-display-component---NewPartner--externalCustomerComboBox-application-managepartners-display-component---NewPartner--assignmentsTable-0-vhi\"]"}
COMMAND: POST /session/f2664590fead15ec17982177271525a3/element/f.00969020EDAB38E57A85DBAFB8D2C3DD.d.29E347E950BEC787B19F9A40FA68839F.e.1587/click - {}
RESULT: {}
RESULT: undefined
COMMAND: POST /session/f2664590fead15ec17982177271525a3/execute/async - {"script":"<script> [776 bytes]","args":[{"enterText":"300003","selector":{"controlType":"sap.m.SearchField","properties":{"placeholder":"Search"},"searchOpenDialogs":true,"interaction":{"idSuffix":"I"}},"clearTextFirst":true,"interactionType":"ENTER_TEXT"}]}
COMMAND: GET /session/f2664590fead15ec17982177271525a3/screenshot - {}
RESULT: {"script":"<script> [776 bytes]","args":[{"enterText":"300003","selector":{"controlType":"sap.m.SearchField","properties":{"placeholder":"Search"},"searchOpenDialogs":true,"interaction":{"idSuffix":"I"}},"clearTextFirst":true,"interactionType":"ENTER_TEXT"}]}
COMMAND: POST /session/f2664590fead15ec17982177271525a3/actions - {"actions":[{"id":"action4","type":"key","parameters":{},"actions":[{"type":"keyDown","value":"î€‡"},{"type":"pause","duration":10},{"type":"keyUp","value":"î€‡"}]}]}
RESULT: {}
RESULT: {"actions":[{"id":"action4","type":"key","parameters":{},"actions":[{"type":"keyDown","value":"î€‡"},{"type":"pause","duration":10},{"type":"keyUp","value":"î€‡"}]}]}
COMMAND: GET /session/f2664590fead15ec17982177271525a3/screenshot - {}
RESULT: {}
COMMAND: POST /session/f2664590fead15ec17982177271525a3/element - {"using":"xpath","value":"//span[contains(text(), \"300003\")]"}
RESULT: {"using":"xpath","value":"//span[contains(text(), \"300003\")]"}
COMMAND: POST /session/f2664590fead15ec17982177271525a3/element/f.00969020EDAB38E57A85DBAFB8D2C3DD.d.29E347E950BEC787B19F9A40FA68839F.e.1606/click - {}
RESULT: {}
COMMAND: GET /session/f2664590fead15ec17982177271525a3/screenshot - {}
RESULT: {}
COMMAND: POST /session/f2664590fead15ec17982177271525a3/element - {"using":"xpath","value":"//bdi[contains(text(), \"OK\")]"}
RESULT: {"using":"xpath","value":"//bdi[contains(text(), \"OK\")]"}
COMMAND: POST /session/f2664590fead15ec17982177271525a3/element/f.00969020EDAB38E57A85DBAFB8D2C3DD.d.29E347E950BEC787B19F9A40FA68839F.e.1608/click - {}
RESULT: {}
COMMAND: GET /session/f2664590fead15ec17982177271525a3/screenshot - {}
RESULT: {}
COMMAND: POST /session/f2664590fead15ec17982177271525a3/execute/async - {"script":"<script> [1562 bytes]","args":[{"selector":{"id":"application-managepartners-display-component---NewPartner--intercompVendorComboBox-application-managepartners-display-component---NewPartner--assignmentsTable-0-vhi"},"wdio_ui5_key":"applicationmanagepartners-display-component---NewPartner--intercompVendorComboBox-application-managepartners-display-component---NewPartner--assignmentsTable-0-vhi"}]}
RESULT: {"script":"<script> [1562 bytes]","args":[{"selector":{"id":"application-managepartners-display-component---NewPartner--intercompVendorComboBox-application-managepartners-display-component---NewPartner--assignmentsTable-0-vhi"},"wdio_ui5_key":"applicationmanagepartners-display-component---NewPartner--intercompVendorComboBox-application-managepartners-display-component---NewPartner--assignmentsTable-0-vhi"}]}
RESULT: undefined
COMMAND: POST /session/f2664590fead15ec17982177271525a3/element - {"using":"xpath","value":"//*[@id=\"application-managepartners-display-component---NewPartner--intercompVendorComboBox-application-managepartners-display-component---NewPartner--assignmentsTable-0-vhi\"]"}
RESULT: {"using":"xpath","value":"//*[@id=\"application-managepartners-display-component---NewPartner--intercompVendorComboBox-application-managepartners-display-component---NewPartner--assignmentsTable-0-vhi\"]"}
COMMAND: POST /session/f2664590fead15ec17982177271525a3/element/f.00969020EDAB38E57A85DBAFB8D2C3DD.d.29E347E950BEC787B19F9A40FA68839F.e.1612/click - {}
RESULT: {}
RESULT: undefined
COMMAND: POST /session/f2664590fead15ec17982177271525a3/execute/async - {"script":"<script> [776 bytes]","args":[{"enterText":"100005","selector":{"controlType":"sap.m.SearchField","properties":{"placeholder":"Search"},"searchOpenDialogs":true,"interaction":{"idSuffix":"I"}},"clearTextFirst":true,"interactionType":"ENTER_TEXT"}]}
COMMAND: GET /session/f2664590fead15ec17982177271525a3/screenshot - {}
RESULT: {"script":"<script> [776 bytes]","args":[{"enterText":"100005","selector":{"controlType":"sap.m.SearchField","properties":{"placeholder":"Search"},"searchOpenDialogs":true,"interaction":{"idSuffix":"I"}},"clearTextFirst":true,"interactionType":"ENTER_TEXT"}]}
COMMAND: POST /session/f2664590fead15ec17982177271525a3/actions - {"actions":[{"id":"action5","type":"key","parameters":{},"actions":[{"type":"keyDown","value":"î€‡"},{"type":"pause","duration":10},{"type":"keyUp","value":"î€‡"}]}]}
RESULT: {}
RESULT: {"actions":[{"id":"action5","type":"key","parameters":{},"actions":[{"type":"keyDown","value":"î€‡"},{"type":"pause","duration":10},{"type":"keyUp","value":"î€‡"}]}]}
COMMAND: GET /session/f2664590fead15ec17982177271525a3/screenshot - {}
RESULT: {}
COMMAND: POST /session/f2664590fead15ec17982177271525a3/element - {"using":"xpath","value":"//span[contains(text(), \"Penguins - Field/12345 Berlin\")]"}
RESULT: {"using":"xpath","value":"//span[contains(text(), \"Penguins - Field/12345 Berlin\")]"}
COMMAND: POST /session/f2664590fead15ec17982177271525a3/element/f.00969020EDAB38E57A85DBAFB8D2C3DD.d.29E347E950BEC787B19F9A40FA68839F.e.1630/click - {}
RESULT: {}
COMMAND: GET /session/f2664590fead15ec17982177271525a3/screenshot - {}
RESULT: {}
COMMAND: POST /session/f2664590fead15ec17982177271525a3/element - {"using":"xpath","value":"//bdi[contains(text(), \"OK\")]"}
RESULT: {"using":"xpath","value":"//bdi[contains(text(), \"OK\")]"}
COMMAND: POST /session/f2664590fead15ec17982177271525a3/element/f.00969020EDAB38E57A85DBAFB8D2C3DD.d.29E347E950BEC787B19F9A40FA68839F.e.1631/click - {}
RESULT: {}
COMMAND: GET /session/f2664590fead15ec17982177271525a3/screenshot - {}
RESULT: {}
COMMAND: POST /session/f2664590fead15ec17982177271525a3/element - {"using":"xpath","value":"//button[@data-kt=\"saveButton\"]"}
RESULT: {"using":"xpath","value":"//button[@data-kt=\"saveButton\"]"}
COMMAND: POST /session/f2664590fead15ec17982177271525a3/element/f.00969020EDAB38E57A85DBAFB8D2C3DD.d.29E347E950BEC787B19F9A40FA68839F.e.1418/click - {}
RESULT: {}
COMMAND: GET /session/f2664590fead15ec17982177271525a3/screenshot - {}
RESULT: {}
COMMAND: POST /session/f2664590fead15ec17982177271525a3/element - {"using":"xpath","value":"//header[contains(@id, 'ObjectPageLayout-headerTitle')]/div[1]/div[2]/div[2]/span[1]"}
RESULT: {"using":"xpath","value":"//header[contains(@id, 'ObjectPageLayout-headerTitle')]/div[1]/div[2]/div[2]/span[1]"}
COMMAND: POST /session/f2664590fead15ec17982177271525a3/elements - {"using":"xpath","value":"//header[contains(@id, 'ObjectPageLayout-headerTitle')]/div[1]/div[2]/div[2]/span[1]"}
RESULT: {"using":"xpath","value":"//header[contains(@id, 'ObjectPageLayout-headerTitle')]/div[1]/div[2]/div[2]/span[1]"}
COMMAND: POST /session/f2664590fead15ec17982177271525a3/execute/sync - {"script":"<script> [56 bytes]","args":[{"element-6066-11e4-a52e-4f735466cecf":"f.00969020EDAB38E57A85DBAFB8D2C3DD.d.29E347E950BEC787B19F9A40FA68839F.e.1795","ELEMENT":"f.00969020EDAB38E57A85DBAFB8D2C3DD.d.29E347E950BEC787B19F9A40FA68839F.e.1795"}]}
RESULT: {"script":"<script> [56 bytes]","args":[{"element-6066-11e4-a52e-4f735466cecf":"f.00969020EDAB38E57A85DBAFB8D2C3DD.d.29E347E950BEC787B19F9A40FA68839F.e.1795","ELEMENT":"f.00969020EDAB38E57A85DBAFB8D2C3DD.d.29E347E950BEC787B19F9A40FA68839F.e.1795"}]}
COMMAND: POST /session/f2664590fead15ec17982177271525a3/element - {"using":"css selector","value":"#shell-header-logo"}
COMMAND: GET /session/f2664590fead15ec17982177271525a3/screenshot - {}
RESULT: {"using":"css selector","value":"#shell-header-logo"}
COMMAND: POST /session/f2664590fead15ec17982177271525a3/element/f.00969020EDAB38E57A85DBAFB8D2C3DD.d.29E347E950BEC787B19F9A40FA68839F.e.1017/click - {}
RESULT: {}
RESULT: {}
COMMAND: GET /session/f2664590fead15ec17982177271525a3/screenshot - {}
RESULT: {}
COMMAND: POST /session/f2664590fead15ec17982177271525a3/execute/sync - {"script":"<script> [299 bytes]","args":[["getModel","getResource"]]}
RESULT: {"script":"<script> [299 bytes]","args":[["getModel","getResource"]]}
]]></system-out>
    </testcase>
    <testcase classname="chrome.135_0_7049_115.windows.Billing_Transfer_-_Master_data_&amp;_Intercompany_US127250" name="Should create a new site" time="111.368">
      <system-out><![CDATA[
COMMAND: GET /session/f2664590fead15ec17982177271525a3/screenshot - {}
COMMAND: POST /session/f2664590fead15ec17982177271525a3/execute/async - {"script":"<script> [1562 bytes]","args":[{"selector":{"controlType":"sap.m.TileContent","bindingPath":{"path":"","propertyPath":"/properties/info"},"ancestor":{"controlType":"sap.m.GenericTile","properties":{"header":"Manage Sites"}}},"wdio_ui5_key":"sapm.TileContent{\"path\":\"\",\"propertyPath\":\"/properties/info\"}{\"controlType\":\"sap.m.GenericTile\",\"properties\":{\"header\":\"Manage Sites\"}}"}]}
RESULT: {}
RESULT: {"script":"<script> [1562 bytes]","args":[{"selector":{"controlType":"sap.m.TileContent","bindingPath":{"path":"","propertyPath":"/properties/info"},"ancestor":{"controlType":"sap.m.GenericTile","properties":{"header":"Manage Sites"}}},"wdio_ui5_key":"sapm.TileContent{\"path\":\"\",\"propertyPath\":\"/properties/info\"}{\"controlType\":\"sap.m.GenericTile\",\"properties\":{\"header\":\"Manage Sites\"}}"}]}
RESULT: undefined
COMMAND: POST /session/f2664590fead15ec17982177271525a3/element - {"using":"xpath","value":"//*[@id=\"__xmlview7--numericTileContent\"]"}
RESULT: {"using":"xpath","value":"//*[@id=\"__xmlview7--numericTileContent\"]"}
COMMAND: POST /session/f2664590fead15ec17982177271525a3/element/f.00969020EDAB38E57A85DBAFB8D2C3DD.d.29E347E950BEC787B19F9A40FA68839F.e.1797/click - {}
RESULT: {}
COMMAND: POST /session/f2664590fead15ec17982177271525a3/element - {"using":"xpath","value":"//button[@data-kt=\"addOverflowToolbarButton\"]"}
COMMAND: GET /session/f2664590fead15ec17982177271525a3/screenshot - {}
RESULT: {"using":"xpath","value":"//button[@data-kt=\"addOverflowToolbarButton\"]"}
COMMAND: POST /session/f2664590fead15ec17982177271525a3/elements - {"using":"xpath","value":"//button[@data-kt=\"addOverflowToolbarButton\"]"}
RESULT: {}
RESULT: {"using":"xpath","value":"//button[@data-kt=\"addOverflowToolbarButton\"]"}
COMMAND: POST /session/f2664590fead15ec17982177271525a3/elements - {"using":"xpath","value":"//button[@data-kt=\"addOverflowToolbarButton\"]"}
RESULT: {"using":"xpath","value":"//button[@data-kt=\"addOverflowToolbarButton\"]"}
COMMAND: POST /session/f2664590fead15ec17982177271525a3/elements - {"using":"xpath","value":"//button[@data-kt=\"addOverflowToolbarButton\"]"}
RESULT: {"using":"xpath","value":"//button[@data-kt=\"addOverflowToolbarButton\"]"}
COMMAND: POST /session/f2664590fead15ec17982177271525a3/element - {"using":"xpath","value":"//button[@data-kt=\"addOverflowToolbarButton\"]"}
RESULT: {"using":"xpath","value":"//button[@data-kt=\"addOverflowToolbarButton\"]"}
COMMAND: POST /session/f2664590fead15ec17982177271525a3/execute/sync - {"script":"<script> [8489 bytes]","args":[{"element-6066-11e4-a52e-4f735466cecf":"f.00969020EDAB38E57A85DBAFB8D2C3DD.d.29E347E950BEC787B19F9A40FA68839F.e.1811","ELEMENT":"f.00969020EDAB38E57A85DBAFB8D2C3DD.d.29E347E950BEC787B19F9A40FA68839F.e.1811"}]}
RESULT: {"script":"<script> [8489 bytes]","args":[{"element-6066-11e4-a52e-4f735466cecf":"f.00969020EDAB38E57A85DBAFB8D2C3DD.d.29E347E950BEC787B19F9A40FA68839F.e.1811","ELEMENT":"f.00969020EDAB38E57A85DBAFB8D2C3DD.d.29E347E950BEC787B19F9A40FA68839F.e.1811"}]}
COMMAND: GET /session/f2664590fead15ec17982177271525a3/element/f.00969020EDAB38E57A85DBAFB8D2C3DD.d.29E347E950BEC787B19F9A40FA68839F.e.1811/enabled - {}
COMMAND: GET /session/f2664590fead15ec17982177271525a3/screenshot - {}
RESULT: {}
COMMAND: POST /session/f2664590fead15ec17982177271525a3/execute/sync - {"script":"<script> [8489 bytes]","args":[{"element-6066-11e4-a52e-4f735466cecf":"f.00969020EDAB38E57A85DBAFB8D2C3DD.d.29E347E950BEC787B19F9A40FA68839F.e.1811","ELEMENT":"f.00969020EDAB38E57A85DBAFB8D2C3DD.d.29E347E950BEC787B19F9A40FA68839F.e.1811"}]}
COMMAND: GET /session/f2664590fead15ec17982177271525a3/screenshot - {}
RESULT: {}
RESULT: {"script":"<script> [8489 bytes]","args":[{"element-6066-11e4-a52e-4f735466cecf":"f.00969020EDAB38E57A85DBAFB8D2C3DD.d.29E347E950BEC787B19F9A40FA68839F.e.1811","ELEMENT":"f.00969020EDAB38E57A85DBAFB8D2C3DD.d.29E347E950BEC787B19F9A40FA68839F.e.1811"}]}
COMMAND: POST /session/f2664590fead15ec17982177271525a3/execute/sync - {"script":"<script> [5351 bytes]","args":[{"element-6066-11e4-a52e-4f735466cecf":"f.00969020EDAB38E57A85DBAFB8D2C3DD.d.29E347E950BEC787B19F9A40FA68839F.e.1811","ELEMENT":"f.00969020EDAB38E57A85DBAFB8D2C3DD.d.29E347E950BEC787B19F9A40FA68839F.e.1811"}]}
COMMAND: GET /session/f2664590fead15ec17982177271525a3/screenshot - {}
RESULT: {}
RESULT: {"script":"<script> [5351 bytes]","args":[{"element-6066-11e4-a52e-4f735466cecf":"f.00969020EDAB38E57A85DBAFB8D2C3DD.d.29E347E950BEC787B19F9A40FA68839F.e.1811","ELEMENT":"f.00969020EDAB38E57A85DBAFB8D2C3DD.d.29E347E950BEC787B19F9A40FA68839F.e.1811"}]}
COMMAND: POST /session/f2664590fead15ec17982177271525a3/element/f.00969020EDAB38E57A85DBAFB8D2C3DD.d.29E347E950BEC787B19F9A40FA68839F.e.1811/click - {}
COMMAND: GET /session/f2664590fead15ec17982177271525a3/screenshot - {}
RESULT: {}
RESULT: {}
COMMAND: GET /session/f2664590fead15ec17982177271525a3/screenshot - {}
COMMAND: POST /session/f2664590fead15ec17982177271525a3/element - {"using":"xpath","value":"//input[@id=\"application-managesites-display-component---NewSite--siteId-inner\"]"}
RESULT: {}
RESULT: {}
RESULT: {"using":"xpath","value":"//input[@id=\"application-managesites-display-component---NewSite--siteId-inner\"]"}
COMMAND: POST /session/f2664590fead15ec17982177271525a3/element - {"using":"xpath","value":"//input[@id=\"application-managesites-display-component---NewSite--siteId-inner\"]"}
RESULT: {"using":"xpath","value":"//input[@id=\"application-managesites-display-component---NewSite--siteId-inner\"]"}
COMMAND: POST /session/f2664590fead15ec17982177271525a3/execute/async - {"script":"<script> [1562 bytes]","args":[{"selector":{"id":"application-managesites-display-component---NewSite--addressDetailDetailsName1","interaction":{"idSuffix":"inner"}},"wdio_ui5_key":"applicationmanagesites-display-component---NewSite--addressDetailDetailsName1"}]}
RESULT: {"script":"<script> [1562 bytes]","args":[{"selector":{"id":"application-managesites-display-component---NewSite--addressDetailDetailsName1","interaction":{"idSuffix":"inner"}},"wdio_ui5_key":"applicationmanagesites-display-component---NewSite--addressDetailDetailsName1"}]}
RESULT: undefined
COMMAND: POST /session/f2664590fead15ec17982177271525a3/execute/async - {"script":"<script> [776 bytes]","args":[{"enterText":"Intercompany Site wdIO","selector":{"id":"application-managesites-display-component---NewSite--addressDetailDetailsName1","interaction":{"idSuffix":"inner"}},"clearTextFirst":true,"interactionType":"ENTER_TEXT"}]}
RESULT: {"script":"<script> [776 bytes]","args":[{"enterText":"Intercompany Site wdIO","selector":{"id":"application-managesites-display-component---NewSite--addressDetailDetailsName1","interaction":{"idSuffix":"inner"}},"clearTextFirst":true,"interactionType":"ENTER_TEXT"}]}
COMMAND: POST /session/f2664590fead15ec17982177271525a3/execute/async - {"script":"<script> [1562 bytes]","args":[{"selector":{"id":"application-managesites-display-component---NewSite--addressDetailDetailsLanguage-arrow"},"wdio_ui5_key":"applicationmanagesites-display-component---NewSite--addressDetailDetailsLanguage-arrow"}]}
RESULT: {"script":"<script> [1562 bytes]","args":[{"selector":{"id":"application-managesites-display-component---NewSite--addressDetailDetailsLanguage-arrow"},"wdio_ui5_key":"applicationmanagesites-display-component---NewSite--addressDetailDetailsLanguage-arrow"}]}
RESULT: undefined
COMMAND: POST /session/f2664590fead15ec17982177271525a3/element - {"using":"xpath","value":"//*[@id=\"application-managesites-display-component---NewSite--addressDetailDetailsLanguage-arrow\"]"}
RESULT: {"using":"xpath","value":"//*[@id=\"application-managesites-display-component---NewSite--addressDetailDetailsLanguage-arrow\"]"}
COMMAND: POST /session/f2664590fead15ec17982177271525a3/element/f.00969020EDAB38E57A85DBAFB8D2C3DD.d.29E347E950BEC787B19F9A40FA68839F.e.2242/click - {}
RESULT: {}
COMMAND: POST /session/f2664590fead15ec17982177271525a3/element - {"using":"xpath","value":"//span[contains(text(), \"English\")]"}
COMMAND: GET /session/f2664590fead15ec17982177271525a3/screenshot - {}
RESULT: {"using":"xpath","value":"//span[contains(text(), \"English\")]"}
COMMAND: POST /session/f2664590fead15ec17982177271525a3/element/f.00969020EDAB38E57A85DBAFB8D2C3DD.d.29E347E950BEC787B19F9A40FA68839F.e.2243/click - {}
RESULT: {}
RESULT: {}
COMMAND: POST /session/f2664590fead15ec17982177271525a3/execute/async - {"script":"<script> [1562 bytes]","args":[{"selector":{"id":"application-managesites-display-component---NewSite--addressDetailDetailsCity1","interaction":{"idSuffix":"inner"}},"wdio_ui5_key":"applicationmanagesites-display-component---NewSite--addressDetailDetailsCity1"}]}
COMMAND: GET /session/f2664590fead15ec17982177271525a3/screenshot - {}
RESULT: {"script":"<script> [1562 bytes]","args":[{"selector":{"id":"application-managesites-display-component---NewSite--addressDetailDetailsCity1","interaction":{"idSuffix":"inner"}},"wdio_ui5_key":"applicationmanagesites-display-component---NewSite--addressDetailDetailsCity1"}]}
RESULT: undefined
COMMAND: POST /session/f2664590fead15ec17982177271525a3/execute/async - {"script":"<script> [776 bytes]","args":[{"enterText":"Rosario","selector":{"id":"application-managesites-display-component---NewSite--addressDetailDetailsCity1","interaction":{"idSuffix":"inner"}},"clearTextFirst":true,"interactionType":"ENTER_TEXT"}]}
RESULT: {}
RESULT: {"script":"<script> [776 bytes]","args":[{"enterText":"Rosario","selector":{"id":"application-managesites-display-component---NewSite--addressDetailDetailsCity1","interaction":{"idSuffix":"inner"}},"clearTextFirst":true,"interactionType":"ENTER_TEXT"}]}
COMMAND: POST /session/f2664590fead15ec17982177271525a3/execute/async - {"script":"<script> [1562 bytes]","args":[{"selector":{"id":"application-managesites-display-component---NewSite--addressDetailDetailsCountry-arrow"},"wdio_ui5_key":"applicationmanagesites-display-component---NewSite--addressDetailDetailsCountry-arrow"}]}
RESULT: {"script":"<script> [1562 bytes]","args":[{"selector":{"id":"application-managesites-display-component---NewSite--addressDetailDetailsCountry-arrow"},"wdio_ui5_key":"applicationmanagesites-display-component---NewSite--addressDetailDetailsCountry-arrow"}]}
RESULT: undefined
COMMAND: POST /session/f2664590fead15ec17982177271525a3/element - {"using":"xpath","value":"//*[@id=\"application-managesites-display-component---NewSite--addressDetailDetailsCountry-arrow\"]"}
RESULT: {"using":"xpath","value":"//*[@id=\"application-managesites-display-component---NewSite--addressDetailDetailsCountry-arrow\"]"}
COMMAND: POST /session/f2664590fead15ec17982177271525a3/element/f.00969020EDAB38E57A85DBAFB8D2C3DD.d.29E347E950BEC787B19F9A40FA68839F.e.2245/click - {}
RESULT: {}
COMMAND: POST /session/f2664590fead15ec17982177271525a3/element - {"using":"xpath","value":"//span[contains(text(), \"Argentina\")]"}
COMMAND: GET /session/f2664590fead15ec17982177271525a3/screenshot - {}
RESULT: {"using":"xpath","value":"//span[contains(text(), \"Argentina\")]"}
COMMAND: POST /session/f2664590fead15ec17982177271525a3/element/f.00969020EDAB38E57A85DBAFB8D2C3DD.d.29E347E950BEC787B19F9A40FA68839F.e.2246/click - {}
RESULT: {}
RESULT: {}
COMMAND: GET /session/f2664590fead15ec17982177271525a3/screenshot - {}
RESULT: {}
COMMAND: POST /session/f2664590fead15ec17982177271525a3/execute/async - {"script":"<script> [1562 bytes]","args":[{"selector":{"id":"application-managesites-display-component---NewSite--addressEditDetailsCostObjectCstType-arrow"},"wdio_ui5_key":"applicationmanagesites-display-component---NewSite--addressEditDetailsCostObjectCstType-arrow"}]}
RESULT: {"script":"<script> [1562 bytes]","args":[{"selector":{"id":"application-managesites-display-component---NewSite--addressEditDetailsCostObjectCstType-arrow"},"wdio_ui5_key":"applicationmanagesites-display-component---NewSite--addressEditDetailsCostObjectCstType-arrow"}]}
RESULT: undefined
COMMAND: POST /session/f2664590fead15ec17982177271525a3/element - {"using":"xpath","value":"//*[@id=\"application-managesites-display-component---NewSite--addressEditDetailsCostObjectCstType-arrow\"]"}
RESULT: {"using":"xpath","value":"//*[@id=\"application-managesites-display-component---NewSite--addressEditDetailsCostObjectCstType-arrow\"]"}
COMMAND: POST /session/f2664590fead15ec17982177271525a3/element/f.00969020EDAB38E57A85DBAFB8D2C3DD.d.29E347E950BEC787B19F9A40FA68839F.e.2248/click - {}
RESULT: {}
COMMAND: POST /session/f2664590fead15ec17982177271525a3/element - {"using":"xpath","value":"//span[contains(text(), \"Cost Center\")]"}
COMMAND: GET /session/f2664590fead15ec17982177271525a3/screenshot - {}
RESULT: {"using":"xpath","value":"//span[contains(text(), \"Cost Center\")]"}
COMMAND: POST /session/f2664590fead15ec17982177271525a3/element/f.00969020EDAB38E57A85DBAFB8D2C3DD.d.29E347E950BEC787B19F9A40FA68839F.e.2249/click - {}
RESULT: {}
RESULT: {}
COMMAND: GET /session/f2664590fead15ec17982177271525a3/screenshot - {}
RESULT: {}
COMMAND: POST /session/f2664590fead15ec17982177271525a3/element - {"using":"xpath","value":"//span[@id=\"application-managesites-display-component---NewSite--addressNewCostObjectCstID-vhi\"]"}
RESULT: {"using":"xpath","value":"//span[@id=\"application-managesites-display-component---NewSite--addressNewCostObjectCstID-vhi\"]"}
COMMAND: POST /session/f2664590fead15ec17982177271525a3/execute/sync - {"script":"<script> [8489 bytes]","args":[{"element-6066-11e4-a52e-4f735466cecf":"f.00969020EDAB38E57A85DBAFB8D2C3DD.d.29E347E950BEC787B19F9A40FA68839F.e.2254","ELEMENT":"f.00969020EDAB38E57A85DBAFB8D2C3DD.d.29E347E950BEC787B19F9A40FA68839F.e.2254"}]}
RESULT: {"script":"<script> [8489 bytes]","args":[{"element-6066-11e4-a52e-4f735466cecf":"f.00969020EDAB38E57A85DBAFB8D2C3DD.d.29E347E950BEC787B19F9A40FA68839F.e.2254","ELEMENT":"f.00969020EDAB38E57A85DBAFB8D2C3DD.d.29E347E950BEC787B19F9A40FA68839F.e.2254"}]}
COMMAND: POST /session/f2664590fead15ec17982177271525a3/execute/async - {"script":"<script> [1562 bytes]","args":[{"selector":{"id":"application-managesites-display-component---NewSite--addressNewCostObjectCstID-vhi"},"wdio_ui5_key":"applicationmanagesites-display-component---NewSite--addressNewCostObjectCstID-vhi"}]}
COMMAND: GET /session/f2664590fead15ec17982177271525a3/screenshot - {}
RESULT: {"script":"<script> [1562 bytes]","args":[{"selector":{"id":"application-managesites-display-component---NewSite--addressNewCostObjectCstID-vhi"},"wdio_ui5_key":"applicationmanagesites-display-component---NewSite--addressNewCostObjectCstID-vhi"}]}
RESULT: undefined
COMMAND: POST /session/f2664590fead15ec17982177271525a3/element - {"using":"xpath","value":"//*[@id=\"application-managesites-display-component---NewSite--addressNewCostObjectCstID-vhi\"]"}
RESULT: {}
RESULT: {"using":"xpath","value":"//*[@id=\"application-managesites-display-component---NewSite--addressNewCostObjectCstID-vhi\"]"}
COMMAND: POST /session/f2664590fead15ec17982177271525a3/element/f.00969020EDAB38E57A85DBAFB8D2C3DD.d.29E347E950BEC787B19F9A40FA68839F.e.2254/click - {}
RESULT: {}
COMMAND: GET /session/f2664590fead15ec17982177271525a3/screenshot - {}
RESULT: {}
RESULT: undefined
COMMAND: POST /session/f2664590fead15ec17982177271525a3/execute/async - {"script":"<script> [776 bytes]","args":[{"enterText":"10001013","selector":{"controlType":"sap.m.SearchField","properties":{"placeholder":"Search"},"searchOpenDialogs":true,"interaction":{"idSuffix":"I"}},"clearTextFirst":true,"interactionType":"ENTER_TEXT"}]}
RESULT: {"script":"<script> [776 bytes]","args":[{"enterText":"10001013","selector":{"controlType":"sap.m.SearchField","properties":{"placeholder":"Search"},"searchOpenDialogs":true,"interaction":{"idSuffix":"I"}},"clearTextFirst":true,"interactionType":"ENTER_TEXT"}]}
COMMAND: POST /session/f2664590fead15ec17982177271525a3/actions - {"actions":[{"id":"action6","type":"key","parameters":{},"actions":[{"type":"keyDown","value":"î€‡"},{"type":"pause","duration":10},{"type":"keyUp","value":"î€‡"}]}]}
RESULT: {"actions":[{"id":"action6","type":"key","parameters":{},"actions":[{"type":"keyDown","value":"î€‡"},{"type":"pause","duration":10},{"type":"keyUp","value":"î€‡"}]}]}
COMMAND: GET /session/f2664590fead15ec17982177271525a3/screenshot - {}
RESULT: {}
COMMAND: POST /session/f2664590fead15ec17982177271525a3/element - {"using":"xpath","value":"//span[contains(text(), \"General Management\")]"}
RESULT: {"using":"xpath","value":"//span[contains(text(), \"General Management\")]"}
COMMAND: POST /session/f2664590fead15ec17982177271525a3/element/f.00969020EDAB38E57A85DBAFB8D2C3DD.d.29E347E950BEC787B19F9A40FA68839F.e.2293/click - {}
RESULT: {}
COMMAND: GET /session/f2664590fead15ec17982177271525a3/screenshot - {}
RESULT: {}
COMMAND: POST /session/f2664590fead15ec17982177271525a3/element - {"using":"xpath","value":"//bdi[contains(text(), \"OK\")]"}
RESULT: {"using":"xpath","value":"//bdi[contains(text(), \"OK\")]"}
COMMAND: POST /session/f2664590fead15ec17982177271525a3/element/f.00969020EDAB38E57A85DBAFB8D2C3DD.d.29E347E950BEC787B19F9A40FA68839F.e.2294/click - {}
RESULT: {}
COMMAND: GET /session/f2664590fead15ec17982177271525a3/screenshot - {}
RESULT: {}
COMMAND: POST /session/f2664590fead15ec17982177271525a3/element - {"using":"xpath","value":"//input[@id=\"application-managesites-display-component---NewSite--addressDetailDetailsCalendar-inner\"]"}
RESULT: {"using":"xpath","value":"//input[@id=\"application-managesites-display-component---NewSite--addressDetailDetailsCalendar-inner\"]"}
COMMAND: POST /session/f2664590fead15ec17982177271525a3/element/f.00969020EDAB38E57A85DBAFB8D2C3DD.d.29E347E950BEC787B19F9A40FA68839F.e.2039/clear - {}
RESULT: {}
COMMAND: POST /session/f2664590fead15ec17982177271525a3/element/f.00969020EDAB38E57A85DBAFB8D2C3DD.d.29E347E950BEC787B19F9A40FA68839F.e.2039/value - {"text":"Unit"}
COMMAND: GET /session/f2664590fead15ec17982177271525a3/screenshot - {}
RESULT: {"text":"Unit"}
COMMAND: GET /session/f2664590fead15ec17982177271525a3/screenshot - {}
RESULT: {}
RESULT: {}
COMMAND: POST /session/f2664590fead15ec17982177271525a3/actions - {"actions":[{"id":"action7","type":"key","parameters":{},"actions":[{"type":"keyDown","value":"î€‡"},{"type":"pause","duration":10},{"type":"keyUp","value":"î€‡"}]}]}
RESULT: {"actions":[{"id":"action7","type":"key","parameters":{},"actions":[{"type":"keyDown","value":"î€‡"},{"type":"pause","duration":10},{"type":"keyUp","value":"î€‡"}]}]}
COMMAND: POST /session/f2664590fead15ec17982177271525a3/element - {"using":"xpath","value":"//input[@id=\"application-managesites-display-component---NewSite--addressDetailDetailsYard-inner\"]"}
COMMAND: GET /session/f2664590fead15ec17982177271525a3/screenshot - {}
RESULT: {"using":"xpath","value":"//input[@id=\"application-managesites-display-component---NewSite--addressDetailDetailsYard-inner\"]"}
COMMAND: POST /session/f2664590fead15ec17982177271525a3/element/f.00969020EDAB38E57A85DBAFB8D2C3DD.d.29E347E950BEC787B19F9A40FA68839F.e.2040/clear - {}
RESULT: {}
RESULT: {}
COMMAND: POST /session/f2664590fead15ec17982177271525a3/element/f.00969020EDAB38E57A85DBAFB8D2C3DD.d.29E347E950BEC787B19F9A40FA68839F.e.2040/value - {"text":"668"}
COMMAND: GET /session/f2664590fead15ec17982177271525a3/screenshot - {}
RESULT: {"text":"668"}
COMMAND: GET /session/f2664590fead15ec17982177271525a3/screenshot - {}
RESULT: {}
RESULT: {}
COMMAND: POST /session/f2664590fead15ec17982177271525a3/element - {"using":"xpath","value":"//li[.//span[text()='668']]"}
RESULT: {"using":"xpath","value":"//li[.//span[text()='668']]"}
COMMAND: POST /session/f2664590fead15ec17982177271525a3/element/f.00969020EDAB38E57A85DBAFB8D2C3DD.d.29E347E950BEC787B19F9A40FA68839F.e.2302/click - {}
RESULT: {}
COMMAND: GET /session/f2664590fead15ec17982177271525a3/screenshot - {}
RESULT: {}
COMMAND: POST /session/f2664590fead15ec17982177271525a3/element - {"using":"xpath","value":"//input[@id=\"application-managesites-display-component---NewSite--addressDetailDetailsPartner-inner\"]"}
RESULT: {"using":"xpath","value":"//input[@id=\"application-managesites-display-component---NewSite--addressDetailDetailsPartner-inner\"]"}
COMMAND: POST /session/f2664590fead15ec17982177271525a3/element - {"using":"xpath","value":"//input[@id=\"application-managesites-display-component---NewSite--addressDetailDetailsPartner-inner\"]"}
RESULT: {"using":"xpath","value":"//input[@id=\"application-managesites-display-component---NewSite--addressDetailDetailsPartner-inner\"]"}
COMMAND: POST /session/f2664590fead15ec17982177271525a3/element - {"using":"xpath","value":"//button[@data-kt=\"saveButton\"]"}
RESULT: {"using":"xpath","value":"//button[@data-kt=\"saveButton\"]"}
COMMAND: POST /session/f2664590fead15ec17982177271525a3/element/f.00969020EDAB38E57A85DBAFB8D2C3DD.d.29E347E950BEC787B19F9A40FA68839F.e.2235/click - {}
RESULT: {}
COMMAND: GET /session/f2664590fead15ec17982177271525a3/screenshot - {}
RESULT: {}
COMMAND: POST /session/f2664590fead15ec17982177271525a3/element - {"using":"xpath","value":"//header[contains(@id, 'ObjectPageLayout-headerTitle')]/div[1]/div[2]/div[2]/span[1]"}
RESULT: {"using":"xpath","value":"//header[contains(@id, 'ObjectPageLayout-headerTitle')]/div[1]/div[2]/div[2]/span[1]"}
COMMAND: POST /session/f2664590fead15ec17982177271525a3/elements - {"using":"xpath","value":"//header[contains(@id, 'ObjectPageLayout-headerTitle')]/div[1]/div[2]/div[2]/span[1]"}
RESULT: {"using":"xpath","value":"//header[contains(@id, 'ObjectPageLayout-headerTitle')]/div[1]/div[2]/div[2]/span[1]"}
COMMAND: POST /session/f2664590fead15ec17982177271525a3/execute/sync - {"script":"<script> [56 bytes]","args":[{"element-6066-11e4-a52e-4f735466cecf":"f.00969020EDAB38E57A85DBAFB8D2C3DD.d.29E347E950BEC787B19F9A40FA68839F.e.2503","ELEMENT":"f.00969020EDAB38E57A85DBAFB8D2C3DD.d.29E347E950BEC787B19F9A40FA68839F.e.2503"}]}
RESULT: {"script":"<script> [56 bytes]","args":[{"element-6066-11e4-a52e-4f735466cecf":"f.00969020EDAB38E57A85DBAFB8D2C3DD.d.29E347E950BEC787B19F9A40FA68839F.e.2503","ELEMENT":"f.00969020EDAB38E57A85DBAFB8D2C3DD.d.29E347E950BEC787B19F9A40FA68839F.e.2503"}]}
COMMAND: GET /session/f2664590fead15ec17982177271525a3/screenshot - {}
COMMAND: POST /session/f2664590fead15ec17982177271525a3/execute/sync - {"script":"<script> [56 bytes]","args":[{"element-6066-11e4-a52e-4f735466cecf":"f.00969020EDAB38E57A85DBAFB8D2C3DD.d.29E347E950BEC787B19F9A40FA68839F.e.2503","ELEMENT":"f.00969020EDAB38E57A85DBAFB8D2C3DD.d.29E347E950BEC787B19F9A40FA68839F.e.2503"}]}
RESULT: {}
RESULT: {"script":"<script> [56 bytes]","args":[{"element-6066-11e4-a52e-4f735466cecf":"f.00969020EDAB38E57A85DBAFB8D2C3DD.d.29E347E950BEC787B19F9A40FA68839F.e.2503","ELEMENT":"f.00969020EDAB38E57A85DBAFB8D2C3DD.d.29E347E950BEC787B19F9A40FA68839F.e.2503"}]}
COMMAND: POST /session/f2664590fead15ec17982177271525a3/element - {"using":"css selector","value":"#shell-header-logo"}
COMMAND: GET /session/f2664590fead15ec17982177271525a3/screenshot - {}
RESULT: {"using":"css selector","value":"#shell-header-logo"}
COMMAND: POST /session/f2664590fead15ec17982177271525a3/element/f.00969020EDAB38E57A85DBAFB8D2C3DD.d.29E347E950BEC787B19F9A40FA68839F.e.1801/click - {}
RESULT: {}
RESULT: {}
COMMAND: GET /session/f2664590fead15ec17982177271525a3/screenshot - {}
RESULT: {}
COMMAND: POST /session/f2664590fead15ec17982177271525a3/execute/sync - {"script":"<script> [299 bytes]","args":[["getModel","getResource"]]}
RESULT: {"script":"<script> [299 bytes]","args":[["getModel","getResource"]]}
]]></system-out>
    </testcase>
    <testcase classname="chrome.135_0_7049_115.windows.Billing_Transfer_-_Master_data_&amp;_Intercompany_US127250" name="Should create a new equipment" time="138.752">
      <system-out><![CDATA[
COMMAND: POST /session/f2664590fead15ec17982177271525a3/execute/async - {"script":"<script> [1562 bytes]","args":[{"selector":{"controlType":"sap.m.GenericTile","properties":{"header":"Manage Resources"}},"wdio_ui5_key":"sapm.GenericTile{\"header\":\"Manage Resources\"}"}]}
COMMAND: GET /session/f2664590fead15ec17982177271525a3/screenshot - {}
RESULT: {"script":"<script> [1562 bytes]","args":[{"selector":{"controlType":"sap.m.GenericTile","properties":{"header":"Manage Resources"}},"wdio_ui5_key":"sapm.GenericTile{\"header\":\"Manage Resources\"}"}]}
RESULT: undefined
COMMAND: POST /session/f2664590fead15ec17982177271525a3/element - {"using":"xpath","value":"//*[@id=\"__tile39\"]"}
RESULT: {}
RESULT: {"using":"xpath","value":"//*[@id=\"__tile39\"]"}
COMMAND: POST /session/f2664590fead15ec17982177271525a3/element/f.00969020EDAB38E57A85DBAFB8D2C3DD.d.29E347E950BEC787B19F9A40FA68839F.e.161/click - {}
RESULT: {}
COMMAND: POST /session/f2664590fead15ec17982177271525a3/element - {"using":"xpath","value":"//button[@data-kt=\"addNewRUOverflowToolbarButton\"]"}
COMMAND: GET /session/f2664590fead15ec17982177271525a3/screenshot - {}
RESULT: {"using":"xpath","value":"//button[@data-kt=\"addNewRUOverflowToolbarButton\"]"}
COMMAND: POST /session/f2664590fead15ec17982177271525a3/elements - {"using":"xpath","value":"//button[@data-kt=\"addNewRUOverflowToolbarButton\"]"}
RESULT: {}
RESULT: {"using":"xpath","value":"//button[@data-kt=\"addNewRUOverflowToolbarButton\"]"}
COMMAND: POST /session/f2664590fead15ec17982177271525a3/elements - {"using":"xpath","value":"//button[@data-kt=\"addNewRUOverflowToolbarButton\"]"}
RESULT: {"using":"xpath","value":"//button[@data-kt=\"addNewRUOverflowToolbarButton\"]"}
COMMAND: POST /session/f2664590fead15ec17982177271525a3/elements - {"using":"xpath","value":"//button[@data-kt=\"addNewRUOverflowToolbarButton\"]"}
RESULT: {"using":"xpath","value":"//button[@data-kt=\"addNewRUOverflowToolbarButton\"]"}
COMMAND: POST /session/f2664590fead15ec17982177271525a3/elements - {"using":"xpath","value":"//button[@data-kt=\"addNewRUOverflowToolbarButton\"]"}
RESULT: {"using":"xpath","value":"//button[@data-kt=\"addNewRUOverflowToolbarButton\"]"}
COMMAND: POST /session/f2664590fead15ec17982177271525a3/elements - {"using":"xpath","value":"//button[@data-kt=\"addNewRUOverflowToolbarButton\"]"}
RESULT: {"using":"xpath","value":"//button[@data-kt=\"addNewRUOverflowToolbarButton\"]"}
COMMAND: POST /session/f2664590fead15ec17982177271525a3/elements - {"using":"xpath","value":"//button[@data-kt=\"addNewRUOverflowToolbarButton\"]"}
RESULT: {"using":"xpath","value":"//button[@data-kt=\"addNewRUOverflowToolbarButton\"]"}
COMMAND: POST /session/f2664590fead15ec17982177271525a3/element - {"using":"xpath","value":"//button[@data-kt=\"addNewRUOverflowToolbarButton\"]"}
RESULT: {"using":"xpath","value":"//button[@data-kt=\"addNewRUOverflowToolbarButton\"]"}
COMMAND: POST /session/f2664590fead15ec17982177271525a3/execute/sync - {"script":"<script> [8489 bytes]","args":[{"element-6066-11e4-a52e-4f735466cecf":"f.00969020EDAB38E57A85DBAFB8D2C3DD.d.29E347E950BEC787B19F9A40FA68839F.e.2538","ELEMENT":"f.00969020EDAB38E57A85DBAFB8D2C3DD.d.29E347E950BEC787B19F9A40FA68839F.e.2538"}]}
RESULT: {"script":"<script> [8489 bytes]","args":[{"element-6066-11e4-a52e-4f735466cecf":"f.00969020EDAB38E57A85DBAFB8D2C3DD.d.29E347E950BEC787B19F9A40FA68839F.e.2538","ELEMENT":"f.00969020EDAB38E57A85DBAFB8D2C3DD.d.29E347E950BEC787B19F9A40FA68839F.e.2538"}]}
COMMAND: GET /session/f2664590fead15ec17982177271525a3/element/f.00969020EDAB38E57A85DBAFB8D2C3DD.d.29E347E950BEC787B19F9A40FA68839F.e.2538/enabled - {}
COMMAND: GET /session/f2664590fead15ec17982177271525a3/screenshot - {}
RESULT: {}
COMMAND: POST /session/f2664590fead15ec17982177271525a3/execute/sync - {"script":"<script> [8489 bytes]","args":[{"element-6066-11e4-a52e-4f735466cecf":"f.00969020EDAB38E57A85DBAFB8D2C3DD.d.29E347E950BEC787B19F9A40FA68839F.e.2538","ELEMENT":"f.00969020EDAB38E57A85DBAFB8D2C3DD.d.29E347E950BEC787B19F9A40FA68839F.e.2538"}]}
COMMAND: GET /session/f2664590fead15ec17982177271525a3/screenshot - {}
RESULT: {}
RESULT: {"script":"<script> [8489 bytes]","args":[{"element-6066-11e4-a52e-4f735466cecf":"f.00969020EDAB38E57A85DBAFB8D2C3DD.d.29E347E950BEC787B19F9A40FA68839F.e.2538","ELEMENT":"f.00969020EDAB38E57A85DBAFB8D2C3DD.d.29E347E950BEC787B19F9A40FA68839F.e.2538"}]}
COMMAND: POST /session/f2664590fead15ec17982177271525a3/execute/sync - {"script":"<script> [5351 bytes]","args":[{"element-6066-11e4-a52e-4f735466cecf":"f.00969020EDAB38E57A85DBAFB8D2C3DD.d.29E347E950BEC787B19F9A40FA68839F.e.2538","ELEMENT":"f.00969020EDAB38E57A85DBAFB8D2C3DD.d.29E347E950BEC787B19F9A40FA68839F.e.2538"}]}
COMMAND: GET /session/f2664590fead15ec17982177271525a3/screenshot - {}
RESULT: {}
RESULT: {"script":"<script> [5351 bytes]","args":[{"element-6066-11e4-a52e-4f735466cecf":"f.00969020EDAB38E57A85DBAFB8D2C3DD.d.29E347E950BEC787B19F9A40FA68839F.e.2538","ELEMENT":"f.00969020EDAB38E57A85DBAFB8D2C3DD.d.29E347E950BEC787B19F9A40FA68839F.e.2538"}]}
COMMAND: POST /session/f2664590fead15ec17982177271525a3/element/f.00969020EDAB38E57A85DBAFB8D2C3DD.d.29E347E950BEC787B19F9A40FA68839F.e.2538/click - {}
COMMAND: GET /session/f2664590fead15ec17982177271525a3/screenshot - {}
RESULT: {}
RESULT: {}
COMMAND: GET /session/f2664590fead15ec17982177271525a3/screenshot - {}
RESULT: {}
COMMAND: POST /session/f2664590fead15ec17982177271525a3/execute/async - {"script":"<script> [1562 bytes]","args":[{"selector":{"id":"application-manageresources-display-component---newResourceUnit--TYPE-arrow"},"wdio_ui5_key":"applicationmanageresources-display-component---newResourceUnit--TYPE-arrow"}]}
RESULT: {}
RESULT: {"script":"<script> [1562 bytes]","args":[{"selector":{"id":"application-manageresources-display-component---newResourceUnit--TYPE-arrow"},"wdio_ui5_key":"applicationmanageresources-display-component---newResourceUnit--TYPE-arrow"}]}
RESULT: undefined
COMMAND: POST /session/f2664590fead15ec17982177271525a3/element - {"using":"xpath","value":"//*[@id=\"application-manageresources-display-component---newResourceUnit--TYPE-arrow\"]"}
RESULT: {"using":"xpath","value":"//*[@id=\"application-manageresources-display-component---newResourceUnit--TYPE-arrow\"]"}
COMMAND: POST /session/f2664590fead15ec17982177271525a3/element/f.00969020EDAB38E57A85DBAFB8D2C3DD.d.29E347E950BEC787B19F9A40FA68839F.e.2896/click - {}
RESULT: {}
COMMAND: POST /session/f2664590fead15ec17982177271525a3/element - {"using":"xpath","value":"//input[@id=\"application-manageresources-display-component---newResourceUnit--TYPE-inner\"]"}
COMMAND: GET /session/f2664590fead15ec17982177271525a3/screenshot - {}
RESULT: {"using":"xpath","value":"//input[@id=\"application-manageresources-display-component---newResourceUnit--TYPE-inner\"]"}
COMMAND: POST /session/f2664590fead15ec17982177271525a3/element/f.00969020EDAB38E57A85DBAFB8D2C3DD.d.29E347E950BEC787B19F9A40FA68839F.e.2892/clear - {}
RESULT: {}
RESULT: {}
COMMAND: POST /session/f2664590fead15ec17982177271525a3/element/f.00969020EDAB38E57A85DBAFB8D2C3DD.d.29E347E950BEC787B19F9A40FA68839F.e.2892/value - {"text":"Equipment"}
COMMAND: GET /session/f2664590fead15ec17982177271525a3/screenshot - {}
RESULT: {"text":"Equipment"}
COMMAND: GET /session/f2664590fead15ec17982177271525a3/screenshot - {}
RESULT: {}
RESULT: {}
COMMAND: POST /session/f2664590fead15ec17982177271525a3/actions - {"actions":[{"id":"action8","type":"key","parameters":{},"actions":[{"type":"keyDown","value":"î€‡"},{"type":"pause","duration":10},{"type":"keyUp","value":"î€‡"}]}]}
RESULT: {"actions":[{"id":"action8","type":"key","parameters":{},"actions":[{"type":"keyDown","value":"î€‡"},{"type":"pause","duration":10},{"type":"keyUp","value":"î€‡"}]}]}
COMMAND: POST /session/f2664590fead15ec17982177271525a3/execute/async - {"script":"<script> [1562 bytes]","args":[{"selector":{"id":"application-manageresources-display-component---newResourceUnit--resourceId","interaction":{"idSuffix":"inner"}},"wdio_ui5_key":"applicationmanageresources-display-component---newResourceUnit--resourceId"}]}
COMMAND: GET /session/f2664590fead15ec17982177271525a3/screenshot - {}
RESULT: {"script":"<script> [1562 bytes]","args":[{"selector":{"id":"application-manageresources-display-component---newResourceUnit--resourceId","interaction":{"idSuffix":"inner"}},"wdio_ui5_key":"applicationmanageresources-display-component---newResourceUnit--resourceId"}]}
RESULT: undefined
COMMAND: POST /session/f2664590fead15ec17982177271525a3/execute/async - {"script":"<script> [776 bytes]","args":[{"enterText":"Ulh4CL9Fal","selector":{"id":"application-manageresources-display-component---newResourceUnit--resourceId","interaction":{"idSuffix":"inner"}},"clearTextFirst":true,"interactionType":"ENTER_TEXT"}]}
RESULT: {}
RESULT: {"script":"<script> [776 bytes]","args":[{"enterText":"Ulh4CL9Fal","selector":{"id":"application-manageresources-display-component---newResourceUnit--resourceId","interaction":{"idSuffix":"inner"}},"clearTextFirst":true,"interactionType":"ENTER_TEXT"}]}
COMMAND: POST /session/f2664590fead15ec17982177271525a3/execute/async - {"script":"<script> [1562 bytes]","args":[{"selector":{"id":"application-manageresources-display-component---newResourceUnit--SHORT_TEXT","interaction":{"idSuffix":"inner"}},"wdio_ui5_key":"applicationmanageresources-display-component---newResourceUnit--SHORT_TEXT"}]}
RESULT: {"script":"<script> [1562 bytes]","args":[{"selector":{"id":"application-manageresources-display-component---newResourceUnit--SHORT_TEXT","interaction":{"idSuffix":"inner"}},"wdio_ui5_key":"applicationmanageresources-display-component---newResourceUnit--SHORT_TEXT"}]}
RESULT: undefined
COMMAND: POST /session/f2664590fead15ec17982177271525a3/execute/async - {"script":"<script> [776 bytes]","args":[{"enterText":"Intercompany Equipment WDIO","selector":{"id":"application-manageresources-display-component---newResourceUnit--SHORT_TEXT","interaction":{"idSuffix":"inner"}},"clearTextFirst":true,"interactionType":"ENTER_TEXT"}]}
RESULT: {"script":"<script> [776 bytes]","args":[{"enterText":"Intercompany Equipment WDIO","selector":{"id":"application-manageresources-display-component---newResourceUnit--SHORT_TEXT","interaction":{"idSuffix":"inner"}},"clearTextFirst":true,"interactionType":"ENTER_TEXT"}]}
COMMAND: POST /session/f2664590fead15ec17982177271525a3/execute/async - {"script":"<script> [1562 bytes]","args":[{"selector":{"id":"application-manageresources-display-component---newResourceUnit--BASE_UNIT_OF_MEASURE","interaction":{"idSuffix":"inner"}},"wdio_ui5_key":"applicationmanageresources-display-component---newResourceUnit--BASE_UNIT_OF_MEASURE"}]}
RESULT: {"script":"<script> [1562 bytes]","args":[{"selector":{"id":"application-manageresources-display-component---newResourceUnit--BASE_UNIT_OF_MEASURE","interaction":{"idSuffix":"inner"}},"wdio_ui5_key":"applicationmanageresources-display-component---newResourceUnit--BASE_UNIT_OF_MEASURE"}]}
RESULT: undefined
COMMAND: POST /session/f2664590fead15ec17982177271525a3/execute/async - {"script":"<script> [776 bytes]","args":[{"enterText":"Piece","selector":{"id":"application-manageresources-display-component---newResourceUnit--BASE_UNIT_OF_MEASURE","interaction":{"idSuffix":"inner"}},"clearTextFirst":true,"interactionType":"ENTER_TEXT"}]}
RESULT: {"script":"<script> [776 bytes]","args":[{"enterText":"Piece","selector":{"id":"application-manageresources-display-component---newResourceUnit--BASE_UNIT_OF_MEASURE","interaction":{"idSuffix":"inner"}},"clearTextFirst":true,"interactionType":"ENTER_TEXT"}]}
COMMAND: POST /session/f2664590fead15ec17982177271525a3/execute/async - {"script":"<script> [1562 bytes]","args":[{"selector":{"id":"application-manageresources-display-component---newResourceUnit--WEIGHT_UNIT","interaction":{"idSuffix":"inner"}},"wdio_ui5_key":"applicationmanageresources-display-component---newResourceUnit--WEIGHT_UNIT"}]}
RESULT: {"script":"<script> [1562 bytes]","args":[{"selector":{"id":"application-manageresources-display-component---newResourceUnit--WEIGHT_UNIT","interaction":{"idSuffix":"inner"}},"wdio_ui5_key":"applicationmanageresources-display-component---newResourceUnit--WEIGHT_UNIT"}]}
RESULT: undefined
COMMAND: POST /session/f2664590fead15ec17982177271525a3/execute/async - {"script":"<script> [776 bytes]","args":[{"enterText":"Gram","selector":{"id":"application-manageresources-display-component---newResourceUnit--WEIGHT_UNIT","interaction":{"idSuffix":"inner"}},"clearTextFirst":true,"interactionType":"ENTER_TEXT"}]}
RESULT: {"script":"<script> [776 bytes]","args":[{"enterText":"Gram","selector":{"id":"application-manageresources-display-component---newResourceUnit--WEIGHT_UNIT","interaction":{"idSuffix":"inner"}},"clearTextFirst":true,"interactionType":"ENTER_TEXT"}]}
COMMAND: POST /session/f2664590fead15ec17982177271525a3/execute/async - {"script":"<script> [1562 bytes]","args":[{"selector":{"id":"application-manageresources-display-component---newResourceUnit--DIMENSION_UNIT","interaction":{"idSuffix":"inner"}},"wdio_ui5_key":"applicationmanageresources-display-component---newResourceUnit--DIMENSION_UNIT"}]}
RESULT: {"script":"<script> [1562 bytes]","args":[{"selector":{"id":"application-manageresources-display-component---newResourceUnit--DIMENSION_UNIT","interaction":{"idSuffix":"inner"}},"wdio_ui5_key":"applicationmanageresources-display-component---newResourceUnit--DIMENSION_UNIT"}]}
RESULT: undefined
COMMAND: POST /session/f2664590fead15ec17982177271525a3/execute/async - {"script":"<script> [776 bytes]","args":[{"enterText":"Meter","selector":{"id":"application-manageresources-display-component---newResourceUnit--DIMENSION_UNIT","interaction":{"idSuffix":"inner"}},"clearTextFirst":true,"interactionType":"ENTER_TEXT"}]}
RESULT: {"script":"<script> [776 bytes]","args":[{"enterText":"Meter","selector":{"id":"application-manageresources-display-component---newResourceUnit--DIMENSION_UNIT","interaction":{"idSuffix":"inner"}},"clearTextFirst":true,"interactionType":"ENTER_TEXT"}]}
COMMAND: POST /session/f2664590fead15ec17982177271525a3/execute/async - {"script":"<script> [1562 bytes]","args":[{"selector":{"id":"application-manageresources-display-component---newResourceUnit--newRRUPage-anchBar-application-manageresources-display-component---newResourceUnit--control-anchor","interaction":{"idSuffix":"BDI-content"}},"wdio_ui5_key":"applicationmanageresources-display-component---newResourceUnit--newRRUPage-anchBar-application-manageresources-display-component---newResourceUnit--control-anchor"}]}
RESULT: {"script":"<script> [1562 bytes]","args":[{"selector":{"id":"application-manageresources-display-component---newResourceUnit--newRRUPage-anchBar-application-manageresources-display-component---newResourceUnit--control-anchor","interaction":{"idSuffix":"BDI-content"}},"wdio_ui5_key":"applicationmanageresources-display-component---newResourceUnit--newRRUPage-anchBar-application-manageresources-display-component---newResourceUnit--control-anchor"}]}
RESULT: undefined
COMMAND: POST /session/f2664590fead15ec17982177271525a3/element - {"using":"xpath","value":"//*[@id=\"application-manageresources-display-component---newResourceUnit--newRRUPage-anchBar-application-manageresources-display-component---newResourceUnit--control-anchor\"]"}
RESULT: {"using":"xpath","value":"//*[@id=\"application-manageresources-display-component---newResourceUnit--newRRUPage-anchBar-application-manageresources-display-component---newResourceUnit--control-anchor\"]"}
COMMAND: POST /session/f2664590fead15ec17982177271525a3/element/f.00969020EDAB38E57A85DBAFB8D2C3DD.d.29E347E950BEC787B19F9A40FA68839F.e.3029/click - {}
RESULT: {}
COMMAND: POST /session/f2664590fead15ec17982177271525a3/execute/async - {"script":"<script> [1562 bytes]","args":[{"selector":{"id":"application-manageresources-display-component---newResourceUnit--PLANNING_GROUP","interaction":{"idSuffix":"inner"}},"wdio_ui5_key":"applicationmanageresources-display-component---newResourceUnit--PLANNING_GROUP"}]}
COMMAND: GET /session/f2664590fead15ec17982177271525a3/screenshot - {}
RESULT: {"script":"<script> [1562 bytes]","args":[{"selector":{"id":"application-manageresources-display-component---newResourceUnit--PLANNING_GROUP","interaction":{"idSuffix":"inner"}},"wdio_ui5_key":"applicationmanageresources-display-component---newResourceUnit--PLANNING_GROUP"}]}
RESULT: undefined
COMMAND: POST /session/f2664590fead15ec17982177271525a3/execute/async - {"script":"<script> [776 bytes]","args":[{"enterText":"Heavy Equi","selector":{"id":"application-manageresources-display-component---newResourceUnit--PLANNING_GROUP","interaction":{"idSuffix":"inner"}},"clearTextFirst":true,"interactionType":"ENTER_TEXT"}]}
RESULT: {}
RESULT: {"script":"<script> [776 bytes]","args":[{"enterText":"Heavy Equi","selector":{"id":"application-manageresources-display-component---newResourceUnit--PLANNING_GROUP","interaction":{"idSuffix":"inner"}},"clearTextFirst":true,"interactionType":"ENTER_TEXT"}]}
COMMAND: POST /session/f2664590fead15ec17982177271525a3/execute/async - {"script":"<script> [1562 bytes]","args":[{"selector":{"id":"application-manageresources-display-component---newResourceUnit--ITEM_TYPE-arrow"},"wdio_ui5_key":"applicationmanageresources-display-component---newResourceUnit--ITEM_TYPE-arrow"}]}
RESULT: {"script":"<script> [1562 bytes]","args":[{"selector":{"id":"application-manageresources-display-component---newResourceUnit--ITEM_TYPE-arrow"},"wdio_ui5_key":"applicationmanageresources-display-component---newResourceUnit--ITEM_TYPE-arrow"}]}
RESULT: undefined
COMMAND: POST /session/f2664590fead15ec17982177271525a3/element - {"using":"xpath","value":"//*[@id=\"application-manageresources-display-component---newResourceUnit--ITEM_TYPE-arrow\"]"}
RESULT: {"using":"xpath","value":"//*[@id=\"application-manageresources-display-component---newResourceUnit--ITEM_TYPE-arrow\"]"}
COMMAND: POST /session/f2664590fead15ec17982177271525a3/element/f.00969020EDAB38E57A85DBAFB8D2C3DD.d.29E347E950BEC787B19F9A40FA68839F.e.3038/click - {}
RESULT: {}
COMMAND: POST /session/f2664590fead15ec17982177271525a3/element - {"using":"xpath","value":"(//span[contains(text(), \"Resource Unit\")])[2]"}
COMMAND: GET /session/f2664590fead15ec17982177271525a3/screenshot - {}
RESULT: {"using":"xpath","value":"(//span[contains(text(), \"Resource Unit\")])[2]"}
COMMAND: POST /session/f2664590fead15ec17982177271525a3/element/f.00969020EDAB38E57A85DBAFB8D2C3DD.d.29E347E950BEC787B19F9A40FA68839F.e.3039/click - {}
RESULT: {}
RESULT: {}
COMMAND: GET /session/f2664590fead15ec17982177271525a3/screenshot - {}
RESULT: {}
COMMAND: POST /session/f2664590fead15ec17982177271525a3/element - {"using":"css selector","value":"#application-manageresources-display-component---newResourceUnit--btnAddTimeSegment"}
RESULT: {"using":"css selector","value":"#application-manageresources-display-component---newResourceUnit--btnAddTimeSegment"}
COMMAND: GET /session/f2664590fead15ec17982177271525a3/element/f.00969020EDAB38E57A85DBAFB8D2C3DD.d.29E347E950BEC787B19F9A40FA68839F.e.3040/rect - {}
RESULT: {}
COMMAND: GET /session/f2664590fead15ec17982177271525a3/window/rect - {}
RESULT: {}
COMMAND: POST /session/f2664590fead15ec17982177271525a3/execute/sync - {"script":"<script> [92 bytes]","args":[]}
RESULT: {"script":"<script> [92 bytes]","args":[]}
COMMAND: POST /session/f2664590fead15ec17982177271525a3/actions - {"actions":[{"id":"action9","type":"wheel","parameters":{},"actions":[{"type":"scroll","x":-1888,"y":-32,"deltaX":0,"deltaY":0,"duration":0,"origin":{"element-6066-11e4-a52e-4f735466cecf":"f.00969020EDAB38E57A85DBAFB8D2C3DD.d.29E347E950BEC787B19F9A40FA68839F.e.3040"}}]}]}
COMMAND: GET /session/f2664590fead15ec17982177271525a3/screenshot - {}
RESULT: {}
COMMAND: POST /session/f2664590fead15ec17982177271525a3/execute/sync - {"script":"<script> [79 bytes]","args":[{"element-6066-11e4-a52e-4f735466cecf":"f.00969020EDAB38E57A85DBAFB8D2C3DD.d.29E347E950BEC787B19F9A40FA68839F.e.3040","ELEMENT":"f.00969020EDAB38E57A85DBAFB8D2C3DD.d.29E347E950BEC787B19F9A40FA68839F.e.3040"},{"block":"start","inline":"nearest"}]}
RESULT: {"script":"<script> [79 bytes]","args":[{"element-6066-11e4-a52e-4f735466cecf":"f.00969020EDAB38E57A85DBAFB8D2C3DD.d.29E347E950BEC787B19F9A40FA68839F.e.3040","ELEMENT":"f.00969020EDAB38E57A85DBAFB8D2C3DD.d.29E347E950BEC787B19F9A40FA68839F.e.3040"},{"block":"start","inline":"nearest"}]}
COMMAND: POST /session/f2664590fead15ec17982177271525a3/execute/async - {"script":"<script> [1562 bytes]","args":[{"selector":{"id":"application-manageresources-display-component---newResourceUnit--btnAddTimeSegment","interaction":{"idSuffix":"inner"}},"wdio_ui5_key":"applicationmanageresources-display-component---newResourceUnit--btnAddTimeSegment"}]}
COMMAND: GET /session/f2664590fead15ec17982177271525a3/screenshot - {}
RESULT: {"script":"<script> [1562 bytes]","args":[{"selector":{"id":"application-manageresources-display-component---newResourceUnit--btnAddTimeSegment","interaction":{"idSuffix":"inner"}},"wdio_ui5_key":"applicationmanageresources-display-component---newResourceUnit--btnAddTimeSegment"}]}
RESULT: undefined
COMMAND: POST /session/f2664590fead15ec17982177271525a3/element - {"using":"xpath","value":"//*[@id=\"application-manageresources-display-component---newResourceUnit--btnAddTimeSegment\"]"}
RESULT: {}
RESULT: {"using":"xpath","value":"//*[@id=\"application-manageresources-display-component---newResourceUnit--btnAddTimeSegment\"]"}
COMMAND: POST /session/f2664590fead15ec17982177271525a3/element/f.00969020EDAB38E57A85DBAFB8D2C3DD.d.29E347E950BEC787B19F9A40FA68839F.e.3040/click - {}
RESULT: {}
COMMAND: GET /session/f2664590fead15ec17982177271525a3/screenshot - {}
RESULT: {}
COMMAND: POST /session/f2664590fead15ec17982177271525a3/element - {"using":"xpath","value":"//input[@id=\"application-manageresources-display-component---newResourceUnit--idRuTSAdmin-application-manageresources-display-component---newResourceUnit--RUTimeSegment-0-inner\"]"}
RESULT: {"using":"xpath","value":"//input[@id=\"application-manageresources-display-component---newResourceUnit--idRuTSAdmin-application-manageresources-display-component---newResourceUnit--RUTimeSegment-0-inner\"]"}
COMMAND: POST /session/f2664590fead15ec17982177271525a3/element/f.00969020EDAB38E57A85DBAFB8D2C3DD.d.29E347E950BEC787B19F9A40FA68839F.e.3046/clear - {}
RESULT: {}
COMMAND: POST /session/f2664590fead15ec17982177271525a3/element/f.00969020EDAB38E57A85DBAFB8D2C3DD.d.29E347E950BEC787B19F9A40FA68839F.e.3046/value - {"text":"668"}
COMMAND: GET /session/f2664590fead15ec17982177271525a3/screenshot - {}
RESULT: {"text":"668"}
COMMAND: GET /session/f2664590fead15ec17982177271525a3/screenshot - {}
RESULT: {}
RESULT: {}
COMMAND: POST /session/f2664590fead15ec17982177271525a3/element - {"using":"xpath","value":"//li[.//span[text()='668']]"}
RESULT: {"using":"xpath","value":"//li[.//span[text()='668']]"}
COMMAND: POST /session/f2664590fead15ec17982177271525a3/element/f.00969020EDAB38E57A85DBAFB8D2C3DD.d.29E347E950BEC787B19F9A40FA68839F.e.3059/click - {}
RESULT: {}
COMMAND: GET /session/f2664590fead15ec17982177271525a3/screenshot - {}
RESULT: {}
COMMAND: POST /session/f2664590fead15ec17982177271525a3/element - {"using":"xpath","value":"(//span[contains(@id, \"-application-manageresources-display-component---newResourceUnit--RUTimeSegment-0-arrow\")])[6]"}
RESULT: {"using":"xpath","value":"(//span[contains(@id, \"-application-manageresources-display-component---newResourceUnit--RUTimeSegment-0-arrow\")])[6]"}
COMMAND: POST /session/f2664590fead15ec17982177271525a3/element/f.00969020EDAB38E57A85DBAFB8D2C3DD.d.29E347E950BEC787B19F9A40FA68839F.e.3060/click - {}
RESULT: {}
COMMAND: GET /session/f2664590fead15ec17982177271525a3/screenshot - {}
RESULT: {}
COMMAND: POST /session/f2664590fead15ec17982177271525a3/element - {"using":"xpath","value":"//span[contains(text(), \"PM Order\")]"}
RESULT: {"using":"xpath","value":"//span[contains(text(), \"PM Order\")]"}
COMMAND: POST /session/f2664590fead15ec17982177271525a3/element/f.00969020EDAB38E57A85DBAFB8D2C3DD.d.29E347E950BEC787B19F9A40FA68839F.e.3063/click - {}
RESULT: {}
COMMAND: GET /session/f2664590fead15ec17982177271525a3/screenshot - {}
RESULT: {}
COMMAND: POST /session/f2664590fead15ec17982177271525a3/element - {"using":"xpath","value":"(//span[contains(@id ,\"manageresources-display-component---newResourceUnit--RUTimeSegment-0-vhi\")])[1]"}
RESULT: {"using":"xpath","value":"(//span[contains(@id ,\"manageresources-display-component---newResourceUnit--RUTimeSegment-0-vhi\")])[1]"}
COMMAND: GET /session/f2664590fead15ec17982177271525a3/element/f.00969020EDAB38E57A85DBAFB8D2C3DD.d.29E347E950BEC787B19F9A40FA68839F.e.3067/rect - {}
RESULT: {}
COMMAND: GET /session/f2664590fead15ec17982177271525a3/window/rect - {}
RESULT: {}
COMMAND: POST /session/f2664590fead15ec17982177271525a3/execute/sync - {"script":"<script> [92 bytes]","args":[]}
RESULT: {"script":"<script> [92 bytes]","args":[]}
COMMAND: POST /session/f2664590fead15ec17982177271525a3/actions - {"actions":[{"id":"action10","type":"wheel","parameters":{},"actions":[{"type":"scroll","x":-869,"y":-24,"deltaX":0,"deltaY":0,"duration":0,"origin":{"element-6066-11e4-a52e-4f735466cecf":"f.00969020EDAB38E57A85DBAFB8D2C3DD.d.29E347E950BEC787B19F9A40FA68839F.e.3067"}}]}]}
COMMAND: GET /session/f2664590fead15ec17982177271525a3/screenshot - {}
RESULT: {"actions":[{"id":"action10","type":"wheel","parameters":{},"actions":[{"type":"scroll","x":-869,"y":-24,"deltaX":0,"deltaY":0,"duration":0,"origin":{"element-6066-11e4-a52e-4f735466cecf":"f.00969020EDAB38E57A85DBAFB8D2C3DD.d.29E347E950BEC787B19F9A40FA68839F.e.3067"}}]}]}
COMMAND: DELETE /session/f2664590fead15ec17982177271525a3/actions - {}
COMMAND: GET /session/f2664590fead15ec17982177271525a3/screenshot - {}
RESULT: {}
RESULT: {}
COMMAND: GET /session/f2664590fead15ec17982177271525a3/screenshot - {}
RESULT: {}
RESULT: {}
COMMAND: POST /session/f2664590fead15ec17982177271525a3/element/f.00969020EDAB38E57A85DBAFB8D2C3DD.d.29E347E950BEC787B19F9A40FA68839F.e.3067/click - {}
RESULT: {}
COMMAND: GET /session/f2664590fead15ec17982177271525a3/screenshot - {}
RESULT: {}
RESULT: undefined
COMMAND: POST /session/f2664590fead15ec17982177271525a3/execute/async - {"script":"<script> [776 bytes]","args":[{"enterText":"4000360","selector":{"controlType":"sap.m.SearchField","properties":{"placeholder":"Search"},"searchOpenDialogs":true,"interaction":{"idSuffix":"I"}},"clearTextFirst":true,"interactionType":"ENTER_TEXT"}]}
RESULT: {"script":"<script> [776 bytes]","args":[{"enterText":"4000360","selector":{"controlType":"sap.m.SearchField","properties":{"placeholder":"Search"},"searchOpenDialogs":true,"interaction":{"idSuffix":"I"}},"clearTextFirst":true,"interactionType":"ENTER_TEXT"}]}
COMMAND: POST /session/f2664590fead15ec17982177271525a3/actions - {"actions":[{"id":"action11","type":"key","parameters":{},"actions":[{"type":"keyDown","value":"î€‡"},{"type":"pause","duration":10},{"type":"keyUp","value":"î€‡"}]}]}
RESULT: {"actions":[{"id":"action11","type":"key","parameters":{},"actions":[{"type":"keyDown","value":"î€‡"},{"type":"pause","duration":10},{"type":"keyUp","value":"î€‡"}]}]}
COMMAND: GET /session/f2664590fead15ec17982177271525a3/screenshot - {}
RESULT: {}
COMMAND: POST /session/f2664590fead15ec17982177271525a3/element - {"using":"xpath","value":"//td/div/span[contains(text(), \"BGL Vehicles\")]"}
RESULT: {"using":"xpath","value":"//td/div/span[contains(text(), \"BGL Vehicles\")]"}
COMMAND: POST /session/f2664590fead15ec17982177271525a3/element/f.00969020EDAB38E57A85DBAFB8D2C3DD.d.29E347E950BEC787B19F9A40FA68839F.e.3088/click - {}
RESULT: {}
COMMAND: GET /session/f2664590fead15ec17982177271525a3/screenshot - {}
RESULT: {}
COMMAND: POST /session/f2664590fead15ec17982177271525a3/element - {"using":"xpath","value":"//bdi[contains(text(), \"OK\")]"}
RESULT: {"using":"xpath","value":"//bdi[contains(text(), \"OK\")]"}
COMMAND: POST /session/f2664590fead15ec17982177271525a3/element/f.00969020EDAB38E57A85DBAFB8D2C3DD.d.29E347E950BEC787B19F9A40FA68839F.e.3089/click - {}
RESULT: {}
COMMAND: GET /session/f2664590fead15ec17982177271525a3/screenshot - {}
RESULT: {}
COMMAND: POST /session/f2664590fead15ec17982177271525a3/execute/async - {"script":"<script> [1562 bytes]","args":[{"selector":{"id":"application-manageresources-display-component---newResourceUnit--newRRUPage-anchBar-application-manageresources-display-component---newResourceUnit--resource-anchor","interaction":{"idSuffix":"BDI-content"}},"wdio_ui5_key":"applicationmanageresources-display-component---newResourceUnit--newRRUPage-anchBar-application-manageresources-display-component---newResourceUnit--resource-anchor"}]}
RESULT: {"script":"<script> [1562 bytes]","args":[{"selector":{"id":"application-manageresources-display-component---newResourceUnit--newRRUPage-anchBar-application-manageresources-display-component---newResourceUnit--resource-anchor","interaction":{"idSuffix":"BDI-content"}},"wdio_ui5_key":"applicationmanageresources-display-component---newResourceUnit--newRRUPage-anchBar-application-manageresources-display-component---newResourceUnit--resource-anchor"}]}
RESULT: undefined
COMMAND: POST /session/f2664590fead15ec17982177271525a3/element - {"using":"xpath","value":"//*[@id=\"application-manageresources-display-component---newResourceUnit--newRRUPage-anchBar-application-manageresources-display-component---newResourceUnit--resource-anchor\"]"}
RESULT: {"using":"xpath","value":"//*[@id=\"application-manageresources-display-component---newResourceUnit--newRRUPage-anchBar-application-manageresources-display-component---newResourceUnit--resource-anchor\"]"}
COMMAND: POST /session/f2664590fead15ec17982177271525a3/element/f.00969020EDAB38E57A85DBAFB8D2C3DD.d.29E347E950BEC787B19F9A40FA68839F.e.3093/click - {}
RESULT: {}
COMMAND: POST /session/f2664590fead15ec17982177271525a3/execute/async - {"script":"<script> [1562 bytes]","args":[{"selector":{"id":"application-manageresources-display-component---newResourceUnit--PLANNED_DELIVERY_DATE","interaction":{"idSuffix":"inner"}},"wdio_ui5_key":"applicationmanageresources-display-component---newResourceUnit--PLANNED_DELIVERY_DATE"}]}
COMMAND: GET /session/f2664590fead15ec17982177271525a3/screenshot - {}
RESULT: {"script":"<script> [1562 bytes]","args":[{"selector":{"id":"application-manageresources-display-component---newResourceUnit--PLANNED_DELIVERY_DATE","interaction":{"idSuffix":"inner"}},"wdio_ui5_key":"applicationmanageresources-display-component---newResourceUnit--PLANNED_DELIVERY_DATE"}]}
RESULT: undefined
COMMAND: POST /session/f2664590fead15ec17982177271525a3/execute/async - {"script":"<script> [6424 bytes]","args":[{"element-6066-11e4-a52e-4f735466cecf":"f.00969020EDAB38E57A85DBAFB8D2C3DD.d.29E347E950BEC787B19F9A40FA68839F.e.2952"},"setValue",["5/7/25"]]}
RESULT: {}
RESULT: {"script":"<script> [6424 bytes]","args":[{"element-6066-11e4-a52e-4f735466cecf":"f.00969020EDAB38E57A85DBAFB8D2C3DD.d.29E347E950BEC787B19F9A40FA68839F.e.2952"},"setValue",["5/7/25"]]}
COMMAND: POST /session/f2664590fead15ec17982177271525a3/element - {"using":"xpath","value":"//label[contains(@class, 'sapMLabelRequired') and .//bdi[contains(text(), 'Planned Retirement')]]"}
RESULT: {"using":"xpath","value":"//label[contains(@class, 'sapMLabelRequired') and .//bdi[contains(text(), 'Planned Retirement')]]"}
COMMAND: POST /session/f2664590fead15ec17982177271525a3/elements - {"using":"xpath","value":"//label[contains(@class, 'sapMLabelRequired') and .//bdi[contains(text(), 'Planned Retirement')]]"}
RESULT: {"using":"xpath","value":"//label[contains(@class, 'sapMLabelRequired') and .//bdi[contains(text(), 'Planned Retirement')]]"}
COMMAND: POST /session/f2664590fead15ec17982177271525a3/element - {"using":"xpath","value":"//button[@data-kt=\"resourceUnitSaveButton\"]"}
RESULT: {"using":"xpath","value":"//button[@data-kt=\"resourceUnitSaveButton\"]"}
COMMAND: POST /session/f2664590fead15ec17982177271525a3/element/f.00969020EDAB38E57A85DBAFB8D2C3DD.d.29E347E950BEC787B19F9A40FA68839F.e.2913/click - {}
RESULT: {}
COMMAND: GET /session/f2664590fead15ec17982177271525a3/screenshot - {}
RESULT: {}
COMMAND: POST /session/f2664590fead15ec17982177271525a3/element - {"using":"xpath","value":"//bdi[contains(text(), \"Close\")]"}
RESULT: {"using":"xpath","value":"//bdi[contains(text(), \"Close\")]"}
COMMAND: POST /session/f2664590fead15ec17982177271525a3/element/f.00969020EDAB38E57A85DBAFB8D2C3DD.d.29E347E950BEC787B19F9A40FA68839F.e.3103/click - {}
RESULT: {}
COMMAND: GET /session/f2664590fead15ec17982177271525a3/screenshot - {}
RESULT: {}
COMMAND: POST /session/f2664590fead15ec17982177271525a3/element - {"using":"xpath","value":"(//button[contains(@id ,\"actionsToolbar-overflowButton\")])[1]"}
RESULT: {"using":"xpath","value":"(//button[contains(@id ,\"actionsToolbar-overflowButton\")])[1]"}
COMMAND: POST /session/f2664590fead15ec17982177271525a3/element/f.00969020EDAB38E57A85DBAFB8D2C3DD.d.29E347E950BEC787B19F9A40FA68839F.e.3133/click - {}
RESULT: {}
COMMAND: GET /session/f2664590fead15ec17982177271525a3/screenshot - {}
RESULT: {}
COMMAND: POST /session/f2664590fead15ec17982177271525a3/element - {"using":"xpath","value":"//button[@data-kt=\"priceInfoButton\"]"}
RESULT: {"using":"xpath","value":"//button[@data-kt=\"priceInfoButton\"]"}
COMMAND: POST /session/f2664590fead15ec17982177271525a3/element/f.00969020EDAB38E57A85DBAFB8D2C3DD.d.29E347E950BEC787B19F9A40FA68839F.e.3135/click - {}
RESULT: {}
COMMAND: GET /session/f2664590fead15ec17982177271525a3/screenshot - {}
RESULT: {}
]]></system-out>
    </testcase>
    <testcase classname="chrome.135_0_7049_115.windows.Billing_Transfer_-_Master_data_&amp;_Intercompany_US127250" name="Should create new pricing rule TB on the equipment TB" time="55.557">
      <system-out><![CDATA[
COMMAND: POST /session/f2664590fead15ec17982177271525a3/element - {"using":"xpath","value":"//button[@data-kt=\"addButton\"]"}
RESULT: {"using":"xpath","value":"//button[@data-kt=\"addButton\"]"}
COMMAND: POST /session/f2664590fead15ec17982177271525a3/elements - {"using":"xpath","value":"//button[@data-kt=\"addButton\"]"}
RESULT: {"using":"xpath","value":"//button[@data-kt=\"addButton\"]"}
COMMAND: POST /session/f2664590fead15ec17982177271525a3/execute/sync - {"script":"<script> [8489 bytes]","args":[{"element-6066-11e4-a52e-4f735466cecf":"f.00969020EDAB38E57A85DBAFB8D2C3DD.d.29E347E950BEC787B19F9A40FA68839F.e.3171","ELEMENT":"f.00969020EDAB38E57A85DBAFB8D2C3DD.d.29E347E950BEC787B19F9A40FA68839F.e.3171"}]}
RESULT: {"script":"<script> [8489 bytes]","args":[{"element-6066-11e4-a52e-4f735466cecf":"f.00969020EDAB38E57A85DBAFB8D2C3DD.d.29E347E950BEC787B19F9A40FA68839F.e.3171","ELEMENT":"f.00969020EDAB38E57A85DBAFB8D2C3DD.d.29E347E950BEC787B19F9A40FA68839F.e.3171"}]}
COMMAND: GET /session/f2664590fead15ec17982177271525a3/element/f.00969020EDAB38E57A85DBAFB8D2C3DD.d.29E347E950BEC787B19F9A40FA68839F.e.3171/enabled - {}
COMMAND: GET /session/f2664590fead15ec17982177271525a3/screenshot - {}
RESULT: {}
COMMAND: POST /session/f2664590fead15ec17982177271525a3/execute/sync - {"script":"<script> [8489 bytes]","args":[{"element-6066-11e4-a52e-4f735466cecf":"f.00969020EDAB38E57A85DBAFB8D2C3DD.d.29E347E950BEC787B19F9A40FA68839F.e.3171","ELEMENT":"f.00969020EDAB38E57A85DBAFB8D2C3DD.d.29E347E950BEC787B19F9A40FA68839F.e.3171"}]}
COMMAND: GET /session/f2664590fead15ec17982177271525a3/screenshot - {}
RESULT: {}
RESULT: {"script":"<script> [8489 bytes]","args":[{"element-6066-11e4-a52e-4f735466cecf":"f.00969020EDAB38E57A85DBAFB8D2C3DD.d.29E347E950BEC787B19F9A40FA68839F.e.3171","ELEMENT":"f.00969020EDAB38E57A85DBAFB8D2C3DD.d.29E347E950BEC787B19F9A40FA68839F.e.3171"}]}
COMMAND: POST /session/f2664590fead15ec17982177271525a3/execute/sync - {"script":"<script> [5351 bytes]","args":[{"element-6066-11e4-a52e-4f735466cecf":"f.00969020EDAB38E57A85DBAFB8D2C3DD.d.29E347E950BEC787B19F9A40FA68839F.e.3171","ELEMENT":"f.00969020EDAB38E57A85DBAFB8D2C3DD.d.29E347E950BEC787B19F9A40FA68839F.e.3171"}]}
COMMAND: GET /session/f2664590fead15ec17982177271525a3/screenshot - {}
RESULT: {}
RESULT: {"script":"<script> [5351 bytes]","args":[{"element-6066-11e4-a52e-4f735466cecf":"f.00969020EDAB38E57A85DBAFB8D2C3DD.d.29E347E950BEC787B19F9A40FA68839F.e.3171","ELEMENT":"f.00969020EDAB38E57A85DBAFB8D2C3DD.d.29E347E950BEC787B19F9A40FA68839F.e.3171"}]}
COMMAND: POST /session/f2664590fead15ec17982177271525a3/element/f.00969020EDAB38E57A85DBAFB8D2C3DD.d.29E347E950BEC787B19F9A40FA68839F.e.3171/click - {}
COMMAND: GET /session/f2664590fead15ec17982177271525a3/screenshot - {}
RESULT: {}
RESULT: {}
COMMAND: GET /session/f2664590fead15ec17982177271525a3/screenshot - {}
RESULT: {}
RESULT: {}
COMMAND: POST /session/f2664590fead15ec17982177271525a3/execute/async - {"script":"<script> [1562 bytes]","args":[{"selector":{"controlType":"sap.m.Title","viewName":"etm.portal.ui.managepricingrules.view.NewItem","viewId":"application-managepricingrules-display-component---newInfoPriceItem","properties":{"text":"New Pricing Rules - Item Level"}},"wdio_ui5_key":"etmportal.ui.managepricingrules.view.NewItemsap.m.Title{\"text\":\"New Pricing Rules - Item Level\"}"}]}
RESULT: {"script":"<script> [1562 bytes]","args":[{"selector":{"controlType":"sap.m.Title","viewName":"etm.portal.ui.managepricingrules.view.NewItem","viewId":"application-managepricingrules-display-component---newInfoPriceItem","properties":{"text":"New Pricing Rules - Item Level"}},"wdio_ui5_key":"etmportal.ui.managepricingrules.view.NewItemsap.m.Title{\"text\":\"New Pricing Rules - Item Level\"}"}]}
RESULT: undefined
COMMAND: POST /session/f2664590fead15ec17982177271525a3/execute/async - {"script":"<script> [6424 bytes]","args":[{"element-6066-11e4-a52e-4f735466cecf":"f.00969020EDAB38E57A85DBAFB8D2C3DD.d.29E347E950BEC787B19F9A40FA68839F.e.3298"},"getText",[]]}
RESULT: {"script":"<script> [6424 bytes]","args":[{"element-6066-11e4-a52e-4f735466cecf":"f.00969020EDAB38E57A85DBAFB8D2C3DD.d.29E347E950BEC787B19F9A40FA68839F.e.3298"},"getText",[]]}
COMMAND: POST /session/f2664590fead15ec17982177271525a3/execute/async - {"script":"<script> [1562 bytes]","args":[{"selector":{"id":"application-managepricingrules-display-component---newInfoPriceItem--condValidTo","interaction":{"idSuffix":"inner"}},"wdio_ui5_key":"applicationmanagepricingrules-display-component---newInfoPriceItem--condValidTo"}]}
RESULT: {"script":"<script> [1562 bytes]","args":[{"selector":{"id":"application-managepricingrules-display-component---newInfoPriceItem--condValidTo","interaction":{"idSuffix":"inner"}},"wdio_ui5_key":"applicationmanagepricingrules-display-component---newInfoPriceItem--condValidTo"}]}
RESULT: undefined
COMMAND: POST /session/f2664590fead15ec17982177271525a3/execute/async - {"script":"<script> [776 bytes]","args":[{"enterText":"01/07/26","selector":{"id":"application-managepricingrules-display-component---newInfoPriceItem--condValidTo","interaction":{"idSuffix":"inner"}},"clearTextFirst":true,"interactionType":"ENTER_TEXT"}]}
RESULT: {"script":"<script> [776 bytes]","args":[{"enterText":"01/07/26","selector":{"id":"application-managepricingrules-display-component---newInfoPriceItem--condValidTo","interaction":{"idSuffix":"inner"}},"clearTextFirst":true,"interactionType":"ENTER_TEXT"}]}
COMMAND: POST /session/f2664590fead15ec17982177271525a3/execute/async - {"script":"<script> [1562 bytes]","args":[{"selector":{"id":"application-managepricingrules-display-component---newInfoPriceItem--billType-arrow"},"wdio_ui5_key":"applicationmanagepricingrules-display-component---newInfoPriceItem--billType-arrow"}]}
RESULT: {"script":"<script> [1562 bytes]","args":[{"selector":{"id":"application-managepricingrules-display-component---newInfoPriceItem--billType-arrow"},"wdio_ui5_key":"applicationmanagepricingrules-display-component---newInfoPriceItem--billType-arrow"}]}
RESULT: undefined
COMMAND: POST /session/f2664590fead15ec17982177271525a3/element - {"using":"xpath","value":"//*[@id=\"application-managepricingrules-display-component---newInfoPriceItem--billType-arrow\"]"}
RESULT: {"using":"xpath","value":"//*[@id=\"application-managepricingrules-display-component---newInfoPriceItem--billType-arrow\"]"}
COMMAND: POST /session/f2664590fead15ec17982177271525a3/element/f.00969020EDAB38E57A85DBAFB8D2C3DD.d.29E347E950BEC787B19F9A40FA68839F.e.3300/click - {}
RESULT: {}
COMMAND: POST /session/f2664590fead15ec17982177271525a3/element - {"using":"xpath","value":"//span[contains(text(), \"TB - Time based\")]"}
COMMAND: GET /session/f2664590fead15ec17982177271525a3/screenshot - {}
RESULT: {"using":"xpath","value":"//span[contains(text(), \"TB - Time based\")]"}
COMMAND: POST /session/f2664590fead15ec17982177271525a3/element/f.00969020EDAB38E57A85DBAFB8D2C3DD.d.29E347E950BEC787B19F9A40FA68839F.e.3301/click - {}
RESULT: {}
RESULT: {}
COMMAND: POST /session/f2664590fead15ec17982177271525a3/execute/async - {"script":"<script> [1562 bytes]","args":[{"selector":{"id":"application-managepricingrules-display-component---newInfoPriceItem--priceProc-arrow"},"wdio_ui5_key":"applicationmanagepricingrules-display-component---newInfoPriceItem--priceProc-arrow"}]}
COMMAND: GET /session/f2664590fead15ec17982177271525a3/screenshot - {}
RESULT: {"script":"<script> [1562 bytes]","args":[{"selector":{"id":"application-managepricingrules-display-component---newInfoPriceItem--priceProc-arrow"},"wdio_ui5_key":"applicationmanagepricingrules-display-component---newInfoPriceItem--priceProc-arrow"}]}
RESULT: undefined
COMMAND: POST /session/f2664590fead15ec17982177271525a3/element - {"using":"xpath","value":"//*[@id=\"application-managepricingrules-display-component---newInfoPriceItem--priceProc-arrow\"]"}
RESULT: {}
RESULT: {"using":"xpath","value":"//*[@id=\"application-managepricingrules-display-component---newInfoPriceItem--priceProc-arrow\"]"}
COMMAND: POST /session/f2664590fead15ec17982177271525a3/element/f.00969020EDAB38E57A85DBAFB8D2C3DD.d.29E347E950BEC787B19F9A40FA68839F.e.3302/click - {}
RESULT: {}
COMMAND: POST /session/f2664590fead15ec17982177271525a3/element - {"using":"xpath","value":"//span[contains(text(), \"TBS - Time based standard\")]"}
COMMAND: GET /session/f2664590fead15ec17982177271525a3/screenshot - {}
RESULT: {"using":"xpath","value":"//span[contains(text(), \"TBS - Time based standard\")]"}
COMMAND: POST /session/f2664590fead15ec17982177271525a3/element/f.00969020EDAB38E57A85DBAFB8D2C3DD.d.29E347E950BEC787B19F9A40FA68839F.e.3303/click - {}
RESULT: {}
RESULT: {}
COMMAND: POST /session/f2664590fead15ec17982177271525a3/execute/async - {"script":"<script> [1562 bytes]","args":[{"selector":{"id":"application-managepricingrules-display-component---newInfoPriceItem--calcBase-arrow"},"wdio_ui5_key":"applicationmanagepricingrules-display-component---newInfoPriceItem--calcBase-arrow"}]}
COMMAND: GET /session/f2664590fead15ec17982177271525a3/screenshot - {}
RESULT: {"script":"<script> [1562 bytes]","args":[{"selector":{"id":"application-managepricingrules-display-component---newInfoPriceItem--calcBase-arrow"},"wdio_ui5_key":"applicationmanagepricingrules-display-component---newInfoPriceItem--calcBase-arrow"}]}
RESULT: undefined
COMMAND: POST /session/f2664590fead15ec17982177271525a3/element - {"using":"xpath","value":"//*[@id=\"application-managepricingrules-display-component---newInfoPriceItem--calcBase-arrow\"]"}
RESULT: {}
RESULT: {"using":"xpath","value":"//*[@id=\"application-managepricingrules-display-component---newInfoPriceItem--calcBase-arrow\"]"}
COMMAND: POST /session/f2664590fead15ec17982177271525a3/element/f.00969020EDAB38E57A85DBAFB8D2C3DD.d.29E347E950BEC787B19F9A40FA68839F.e.3275/click - {}
RESULT: {}
COMMAND: GET /session/f2664590fead15ec17982177271525a3/screenshot - {}
RESULT: {}
COMMAND: POST /session/f2664590fead15ec17982177271525a3/element - {"using":"xpath","value":"//span[contains(text(), \"0006 - TB(calendar days)\")]"}
RESULT: {"using":"xpath","value":"//span[contains(text(), \"0006 - TB(calendar days)\")]"}
COMMAND: POST /session/f2664590fead15ec17982177271525a3/element/f.00969020EDAB38E57A85DBAFB8D2C3DD.d.29E347E950BEC787B19F9A40FA68839F.e.3304/click - {}
RESULT: {}
COMMAND: GET /session/f2664590fead15ec17982177271525a3/screenshot - {}
RESULT: {}
COMMAND: POST /session/f2664590fead15ec17982177271525a3/execute/async - {"script":"<script> [1562 bytes]","args":[{"selector":{"id":"application-managepricingrules-display-component---newInfoPriceItem--daysMonth","interaction":{"idSuffix":"inner"}},"wdio_ui5_key":"applicationmanagepricingrules-display-component---newInfoPriceItem--daysMonth"}]}
RESULT: {"script":"<script> [1562 bytes]","args":[{"selector":{"id":"application-managepricingrules-display-component---newInfoPriceItem--daysMonth","interaction":{"idSuffix":"inner"}},"wdio_ui5_key":"applicationmanagepricingrules-display-component---newInfoPriceItem--daysMonth"}]}
RESULT: undefined
COMMAND: POST /session/f2664590fead15ec17982177271525a3/execute/async - {"script":"<script> [776 bytes]","args":[{"enterText":"30","selector":{"id":"application-managepricingrules-display-component---newInfoPriceItem--daysMonth","interaction":{"idSuffix":"inner"}},"clearTextFirst":true,"interactionType":"ENTER_TEXT"}]}
RESULT: {"script":"<script> [776 bytes]","args":[{"enterText":"30","selector":{"id":"application-managepricingrules-display-component---newInfoPriceItem--daysMonth","interaction":{"idSuffix":"inner"}},"clearTextFirst":true,"interactionType":"ENTER_TEXT"}]}
COMMAND: POST /session/f2664590fead15ec17982177271525a3/element - {"using":"xpath","value":"//button[@data-kt=\"saveNewRuleButton\"]"}
RESULT: {"using":"xpath","value":"//button[@data-kt=\"saveNewRuleButton\"]"}
COMMAND: POST /session/f2664590fead15ec17982177271525a3/element/f.00969020EDAB38E57A85DBAFB8D2C3DD.d.29E347E950BEC787B19F9A40FA68839F.e.3287/click - {}
RESULT: {}
COMMAND: GET /session/f2664590fead15ec17982177271525a3/screenshot - {}
RESULT: {}
COMMAND: POST /session/f2664590fead15ec17982177271525a3/execute/async - {"script":"<script> [1562 bytes]","args":[{"selector":{"id":"application-managepricingrules-display-component---priceInfoItem--smartFilterBar-btnBasicSearch","interaction":{"idSuffix":"I"}},"wdio_ui5_key":"applicationmanagepricingrules-display-component---priceInfoItem--smartFilterBar-btnBasicSearch"}]}
RESULT: {"script":"<script> [1562 bytes]","args":[{"selector":{"id":"application-managepricingrules-display-component---priceInfoItem--smartFilterBar-btnBasicSearch","interaction":{"idSuffix":"I"}},"wdio_ui5_key":"applicationmanagepricingrules-display-component---priceInfoItem--smartFilterBar-btnBasicSearch"}]}
RESULT: undefined
COMMAND: POST /session/f2664590fead15ec17982177271525a3/execute/async - {"script":"<script> [776 bytes]","args":[{"enterText":"Ulh4CL9Fal","selector":{"id":"application-managepricingrules-display-component---priceInfoItem--smartFilterBar-btnBasicSearch","interaction":{"idSuffix":"I"}},"clearTextFirst":true,"interactionType":"ENTER_TEXT"}]}
RESULT: {"script":"<script> [776 bytes]","args":[{"enterText":"Ulh4CL9Fal","selector":{"id":"application-managepricingrules-display-component---priceInfoItem--smartFilterBar-btnBasicSearch","interaction":{"idSuffix":"I"}},"clearTextFirst":true,"interactionType":"ENTER_TEXT"}]}
COMMAND: POST /session/f2664590fead15ec17982177271525a3/actions - {"actions":[{"id":"action12","type":"key","parameters":{},"actions":[{"type":"keyDown","value":"î€‡"},{"type":"pause","duration":10},{"type":"keyUp","value":"î€‡"}]}]}
RESULT: {"actions":[{"id":"action12","type":"key","parameters":{},"actions":[{"type":"keyDown","value":"î€‡"},{"type":"pause","duration":10},{"type":"keyUp","value":"î€‡"}]}]}
COMMAND: GET /session/f2664590fead15ec17982177271525a3/screenshot - {}
RESULT: {}
COMMAND: POST /session/f2664590fead15ec17982177271525a3/element - {"using":"xpath","value":"//span[@id=\"application-managepricingrules-display-component---priceInfoItem--smartTable-header-inner\"]"}
RESULT: {"using":"xpath","value":"//span[@id=\"application-managepricingrules-display-component---priceInfoItem--smartTable-header-inner\"]"}
COMMAND: POST /session/f2664590fead15ec17982177271525a3/elements - {"using":"xpath","value":"//span[@id=\"application-managepricingrules-display-component---priceInfoItem--smartTable-header-inner\"]"}
RESULT: {"using":"xpath","value":"//span[@id=\"application-managepricingrules-display-component---priceInfoItem--smartTable-header-inner\"]"}
COMMAND: POST /session/f2664590fead15ec17982177271525a3/execute/sync - {"script":"<script> [56 bytes]","args":[{"element-6066-11e4-a52e-4f735466cecf":"f.00969020EDAB38E57A85DBAFB8D2C3DD.d.29E347E950BEC787B19F9A40FA68839F.e.3329","ELEMENT":"f.00969020EDAB38E57A85DBAFB8D2C3DD.d.29E347E950BEC787B19F9A40FA68839F.e.3329"}]}
RESULT: {"script":"<script> [56 bytes]","args":[{"element-6066-11e4-a52e-4f735466cecf":"f.00969020EDAB38E57A85DBAFB8D2C3DD.d.29E347E950BEC787B19F9A40FA68839F.e.3329","ELEMENT":"f.00969020EDAB38E57A85DBAFB8D2C3DD.d.29E347E950BEC787B19F9A40FA68839F.e.3329"}]}
COMMAND: POST /session/f2664590fead15ec17982177271525a3/element - {"using":"css selector","value":"#shell-header-logo"}
COMMAND: GET /session/f2664590fead15ec17982177271525a3/screenshot - {}
RESULT: {"using":"css selector","value":"#shell-header-logo"}
COMMAND: POST /session/f2664590fead15ec17982177271525a3/element/f.00969020EDAB38E57A85DBAFB8D2C3DD.d.29E347E950BEC787B19F9A40FA68839F.e.2510/click - {}
RESULT: {}
RESULT: {}
COMMAND: GET /session/f2664590fead15ec17982177271525a3/screenshot - {}
RESULT: {}
]]></system-out>
    </testcase>
    <testcase classname="chrome.135_0_7049_115.windows.Billing_Transfer_-_Master_data_&amp;_Intercompany_US127250" name="Should create new condition for equipment TB" time="74.262">
      <system-out><![CDATA[
COMMAND: POST /session/f2664590fead15ec17982177271525a3/execute/async - {"script":"<script> [1562 bytes]","args":[{"selector":{"controlType":"sap.m.Text","properties":{"text":"Manage Conditions & Prices"},"interaction":{"idSuffix":"inner"}},"wdio_ui5_key":"sapm.Text{\"text\":\"Manage Conditions & Prices\"}"}]}
RESULT: {"script":"<script> [1562 bytes]","args":[{"selector":{"controlType":"sap.m.Text","properties":{"text":"Manage Conditions & Prices"},"interaction":{"idSuffix":"inner"}},"wdio_ui5_key":"sapm.Text{\"text\":\"Manage Conditions & Prices\"}"}]}
RESULT: undefined
COMMAND: POST /session/f2664590fead15ec17982177271525a3/element - {"using":"xpath","value":"//*[@id=\"__tile53-title\"]"}
RESULT: {"using":"xpath","value":"//*[@id=\"__tile53-title\"]"}
COMMAND: POST /session/f2664590fead15ec17982177271525a3/element/f.00969020EDAB38E57A85DBAFB8D2C3DD.d.29E347E950BEC787B19F9A40FA68839F.e.3332/click - {}
RESULT: {}
COMMAND: POST /session/f2664590fead15ec17982177271525a3/element - {"using":"xpath","value":"//button[@aria-label=\"Create\"]"}
COMMAND: GET /session/f2664590fead15ec17982177271525a3/screenshot - {}
RESULT: {"using":"xpath","value":"//button[@aria-label=\"Create\"]"}
COMMAND: POST /session/f2664590fead15ec17982177271525a3/elements - {"using":"xpath","value":"//button[@aria-label=\"Create\"]"}
RESULT: {}
RESULT: {"using":"xpath","value":"//button[@aria-label=\"Create\"]"}
COMMAND: POST /session/f2664590fead15ec17982177271525a3/elements - {"using":"xpath","value":"//button[@aria-label=\"Create\"]"}
RESULT: {"using":"xpath","value":"//button[@aria-label=\"Create\"]"}
COMMAND: POST /session/f2664590fead15ec17982177271525a3/elements - {"using":"xpath","value":"//button[@aria-label=\"Create\"]"}
RESULT: {"using":"xpath","value":"//button[@aria-label=\"Create\"]"}
COMMAND: POST /session/f2664590fead15ec17982177271525a3/elements - {"using":"xpath","value":"//button[@aria-label=\"Create\"]"}
RESULT: {"using":"xpath","value":"//button[@aria-label=\"Create\"]"}
COMMAND: POST /session/f2664590fead15ec17982177271525a3/elements - {"using":"xpath","value":"//button[@aria-label=\"Create\"]"}
RESULT: {"using":"xpath","value":"//button[@aria-label=\"Create\"]"}
COMMAND: POST /session/f2664590fead15ec17982177271525a3/element - {"using":"xpath","value":"//button[@aria-label=\"Create\"]"}
RESULT: {"using":"xpath","value":"//button[@aria-label=\"Create\"]"}
COMMAND: POST /session/f2664590fead15ec17982177271525a3/execute/sync - {"script":"<script> [8489 bytes]","args":[{"element-6066-11e4-a52e-4f735466cecf":"f.00969020EDAB38E57A85DBAFB8D2C3DD.d.29E347E950BEC787B19F9A40FA68839F.e.3366","ELEMENT":"f.00969020EDAB38E57A85DBAFB8D2C3DD.d.29E347E950BEC787B19F9A40FA68839F.e.3366"}]}
RESULT: {"script":"<script> [8489 bytes]","args":[{"element-6066-11e4-a52e-4f735466cecf":"f.00969020EDAB38E57A85DBAFB8D2C3DD.d.29E347E950BEC787B19F9A40FA68839F.e.3366","ELEMENT":"f.00969020EDAB38E57A85DBAFB8D2C3DD.d.29E347E950BEC787B19F9A40FA68839F.e.3366"}]}
COMMAND: GET /session/f2664590fead15ec17982177271525a3/element/f.00969020EDAB38E57A85DBAFB8D2C3DD.d.29E347E950BEC787B19F9A40FA68839F.e.3366/enabled - {}
COMMAND: GET /session/f2664590fead15ec17982177271525a3/screenshot - {}
RESULT: {}
COMMAND: POST /session/f2664590fead15ec17982177271525a3/execute/sync - {"script":"<script> [8489 bytes]","args":[{"element-6066-11e4-a52e-4f735466cecf":"f.00969020EDAB38E57A85DBAFB8D2C3DD.d.29E347E950BEC787B19F9A40FA68839F.e.3366","ELEMENT":"f.00969020EDAB38E57A85DBAFB8D2C3DD.d.29E347E950BEC787B19F9A40FA68839F.e.3366"}]}
COMMAND: GET /session/f2664590fead15ec17982177271525a3/screenshot - {}
RESULT: {}
RESULT: {"script":"<script> [8489 bytes]","args":[{"element-6066-11e4-a52e-4f735466cecf":"f.00969020EDAB38E57A85DBAFB8D2C3DD.d.29E347E950BEC787B19F9A40FA68839F.e.3366","ELEMENT":"f.00969020EDAB38E57A85DBAFB8D2C3DD.d.29E347E950BEC787B19F9A40FA68839F.e.3366"}]}
COMMAND: POST /session/f2664590fead15ec17982177271525a3/execute/sync - {"script":"<script> [5351 bytes]","args":[{"element-6066-11e4-a52e-4f735466cecf":"f.00969020EDAB38E57A85DBAFB8D2C3DD.d.29E347E950BEC787B19F9A40FA68839F.e.3366","ELEMENT":"f.00969020EDAB38E57A85DBAFB8D2C3DD.d.29E347E950BEC787B19F9A40FA68839F.e.3366"}]}
COMMAND: GET /session/f2664590fead15ec17982177271525a3/screenshot - {}
RESULT: {}
RESULT: {"script":"<script> [5351 bytes]","args":[{"element-6066-11e4-a52e-4f735466cecf":"f.00969020EDAB38E57A85DBAFB8D2C3DD.d.29E347E950BEC787B19F9A40FA68839F.e.3366","ELEMENT":"f.00969020EDAB38E57A85DBAFB8D2C3DD.d.29E347E950BEC787B19F9A40FA68839F.e.3366"}]}
COMMAND: POST /session/f2664590fead15ec17982177271525a3/element/f.00969020EDAB38E57A85DBAFB8D2C3DD.d.29E347E950BEC787B19F9A40FA68839F.e.3366/click - {}
COMMAND: GET /session/f2664590fead15ec17982177271525a3/screenshot - {}
RESULT: {}
RESULT: {}
COMMAND: GET /session/f2664590fead15ec17982177271525a3/screenshot - {}
RESULT: {}
RESULT: {}
COMMAND: POST /session/f2664590fead15ec17982177271525a3/actions - {"actions":[{"id":"action13","type":"key","parameters":{},"actions":[{"type":"keyDown","value":"î€‡"},{"type":"pause","duration":10},{"type":"keyUp","value":"î€‡"}]}]}
RESULT: {"actions":[{"id":"action13","type":"key","parameters":{},"actions":[{"type":"keyDown","value":"î€‡"},{"type":"pause","duration":10},{"type":"keyUp","value":"î€‡"}]}]}
COMMAND: GET /session/f2664590fead15ec17982177271525a3/screenshot - {}
RESULT: {}
COMMAND: POST /session/f2664590fead15ec17982177271525a3/execute/async - {"script":"<script> [1562 bytes]","args":[{"selector":{"id":"application-manageconditionprice-display-component---newCondition--condBillCond-arrow"},"wdio_ui5_key":"applicationmanageconditionprice-display-component---newCondition--condBillCond-arrow"}]}
RESULT: {"script":"<script> [1562 bytes]","args":[{"selector":{"id":"application-manageconditionprice-display-component---newCondition--condBillCond-arrow"},"wdio_ui5_key":"applicationmanageconditionprice-display-component---newCondition--condBillCond-arrow"}]}
RESULT: undefined
COMMAND: POST /session/f2664590fead15ec17982177271525a3/element - {"using":"xpath","value":"//*[@id=\"application-manageconditionprice-display-component---newCondition--condBillCond-arrow\"]"}
RESULT: {"using":"xpath","value":"//*[@id=\"application-manageconditionprice-display-component---newCondition--condBillCond-arrow\"]"}
COMMAND: POST /session/f2664590fead15ec17982177271525a3/element/f.00969020EDAB38E57A85DBAFB8D2C3DD.d.29E347E950BEC787B19F9A40FA68839F.e.3546/click - {}
RESULT: {}
COMMAND: GET /session/f2664590fead15ec17982177271525a3/screenshot - {}
RESULT: {}
COMMAND: POST /session/f2664590fead15ec17982177271525a3/element - {"using":"xpath","value":"//li[.//span[contains(text(), \"DISP - D&I special price\")]]"}
RESULT: {"using":"xpath","value":"//li[.//span[contains(text(), \"DISP - D&I special price\")]]"}
COMMAND: POST /session/f2664590fead15ec17982177271525a3/element/f.00969020EDAB38E57A85DBAFB8D2C3DD.d.29E347E950BEC787B19F9A40FA68839F.e.3549/click - {}
RESULT: {}
COMMAND: GET /session/f2664590fead15ec17982177271525a3/screenshot - {}
RESULT: {}
COMMAND: POST /session/f2664590fead15ec17982177271525a3/execute/async - {"script":"<script> [1562 bytes]","args":[{"selector":{"id":"application-manageconditionprice-display-component---newCondition--condValidTo","interaction":{"idSuffix":"inner"}},"wdio_ui5_key":"applicationmanageconditionprice-display-component---newCondition--condValidTo"}]}
RESULT: {"script":"<script> [1562 bytes]","args":[{"selector":{"id":"application-manageconditionprice-display-component---newCondition--condValidTo","interaction":{"idSuffix":"inner"}},"wdio_ui5_key":"applicationmanageconditionprice-display-component---newCondition--condValidTo"}]}
RESULT: undefined
COMMAND: POST /session/f2664590fead15ec17982177271525a3/execute/async - {"script":"<script> [776 bytes]","args":[{"enterText":"01/07/26","selector":{"id":"application-manageconditionprice-display-component---newCondition--condValidTo","interaction":{"idSuffix":"inner"}},"clearTextFirst":true,"interactionType":"ENTER_TEXT"}]}
RESULT: {"script":"<script> [776 bytes]","args":[{"enterText":"01/07/26","selector":{"id":"application-manageconditionprice-display-component---newCondition--condValidTo","interaction":{"idSuffix":"inner"}},"clearTextFirst":true,"interactionType":"ENTER_TEXT"}]}
COMMAND: POST /session/f2664590fead15ec17982177271525a3/element - {"using":"xpath","value":"//input[@id=\"application-manageconditionprice-display-component---newCondition--condRU-inner\"]"}
RESULT: {"using":"xpath","value":"//input[@id=\"application-manageconditionprice-display-component---newCondition--condRU-inner\"]"}
COMMAND: POST /session/f2664590fead15ec17982177271525a3/element/f.00969020EDAB38E57A85DBAFB8D2C3DD.d.29E347E950BEC787B19F9A40FA68839F.e.3411/clear - {}
RESULT: {}
COMMAND: POST /session/f2664590fead15ec17982177271525a3/element/f.00969020EDAB38E57A85DBAFB8D2C3DD.d.29E347E950BEC787B19F9A40FA68839F.e.3411/value - {"text":"Ulh4CL9Fal"}
COMMAND: GET /session/f2664590fead15ec17982177271525a3/screenshot - {}
RESULT: {"text":"Ulh4CL9Fal"}
COMMAND: GET /session/f2664590fead15ec17982177271525a3/screenshot - {}
RESULT: {}
RESULT: {}
COMMAND: POST /session/f2664590fead15ec17982177271525a3/actions - {"actions":[{"id":"action14","type":"key","parameters":{},"actions":[{"type":"keyDown","value":"î€‡"},{"type":"pause","duration":10},{"type":"keyUp","value":"î€‡"}]}]}
RESULT: {"actions":[{"id":"action14","type":"key","parameters":{},"actions":[{"type":"keyDown","value":"î€‡"},{"type":"pause","duration":10},{"type":"keyUp","value":"î€‡"}]}]}
COMMAND: POST /session/f2664590fead15ec17982177271525a3/execute/async - {"script":"<script> [1562 bytes]","args":[{"selector":{"id":"application-manageconditionprice-display-component---newCondition--condBaseQty","interaction":{"idSuffix":"inner"}},"wdio_ui5_key":"applicationmanageconditionprice-display-component---newCondition--condBaseQty"}]}
COMMAND: GET /session/f2664590fead15ec17982177271525a3/screenshot - {}
RESULT: {"script":"<script> [1562 bytes]","args":[{"selector":{"id":"application-manageconditionprice-display-component---newCondition--condBaseQty","interaction":{"idSuffix":"inner"}},"wdio_ui5_key":"applicationmanageconditionprice-display-component---newCondition--condBaseQty"}]}
RESULT: undefined
COMMAND: POST /session/f2664590fead15ec17982177271525a3/execute/async - {"script":"<script> [776 bytes]","args":[{"enterText":"1","selector":{"id":"application-manageconditionprice-display-component---newCondition--condBaseQty","interaction":{"idSuffix":"inner"}},"clearTextFirst":true,"interactionType":"ENTER_TEXT"}]}
RESULT: {}
RESULT: {"script":"<script> [776 bytes]","args":[{"enterText":"1","selector":{"id":"application-manageconditionprice-display-component---newCondition--condBaseQty","interaction":{"idSuffix":"inner"}},"clearTextFirst":true,"interactionType":"ENTER_TEXT"}]}
COMMAND: POST /session/f2664590fead15ec17982177271525a3/execute/async - {"script":"<script> [1562 bytes]","args":[{"selector":{"id":"application-manageconditionprice-display-component---newCondition--condValue","interaction":{"idSuffix":"inner"}},"wdio_ui5_key":"applicationmanageconditionprice-display-component---newCondition--condValue"}]}
RESULT: {"script":"<script> [1562 bytes]","args":[{"selector":{"id":"application-manageconditionprice-display-component---newCondition--condValue","interaction":{"idSuffix":"inner"}},"wdio_ui5_key":"applicationmanageconditionprice-display-component---newCondition--condValue"}]}
RESULT: undefined
COMMAND: POST /session/f2664590fead15ec17982177271525a3/execute/async - {"script":"<script> [776 bytes]","args":[{"enterText":"100","selector":{"id":"application-manageconditionprice-display-component---newCondition--condValue","interaction":{"idSuffix":"inner"}},"clearTextFirst":true,"interactionType":"ENTER_TEXT"}]}
RESULT: {"script":"<script> [776 bytes]","args":[{"enterText":"100","selector":{"id":"application-manageconditionprice-display-component---newCondition--condValue","interaction":{"idSuffix":"inner"}},"clearTextFirst":true,"interactionType":"ENTER_TEXT"}]}
COMMAND: POST /session/f2664590fead15ec17982177271525a3/execute/async - {"script":"<script> [1562 bytes]","args":[{"selector":{"id":"application-manageconditionprice-display-component---newCondition--condCurr-arrow"},"wdio_ui5_key":"applicationmanageconditionprice-display-component---newCondition--condCurr-arrow"}]}
RESULT: {"script":"<script> [1562 bytes]","args":[{"selector":{"id":"application-manageconditionprice-display-component---newCondition--condCurr-arrow"},"wdio_ui5_key":"applicationmanageconditionprice-display-component---newCondition--condCurr-arrow"}]}
RESULT: undefined
COMMAND: POST /session/f2664590fead15ec17982177271525a3/element - {"using":"xpath","value":"//*[@id=\"application-manageconditionprice-display-component---newCondition--condCurr-arrow\"]"}
RESULT: {"using":"xpath","value":"//*[@id=\"application-manageconditionprice-display-component---newCondition--condCurr-arrow\"]"}
COMMAND: POST /session/f2664590fead15ec17982177271525a3/element/f.00969020EDAB38E57A85DBAFB8D2C3DD.d.29E347E950BEC787B19F9A40FA68839F.e.3523/click - {}
RESULT: {}
COMMAND: POST /session/f2664590fead15ec17982177271525a3/element - {"using":"xpath","value":"//span[contains(text(), \"Euro\")]"}
COMMAND: GET /session/f2664590fead15ec17982177271525a3/screenshot - {}
RESULT: {"using":"xpath","value":"//span[contains(text(), \"Euro\")]"}
COMMAND: POST /session/f2664590fead15ec17982177271525a3/element/f.00969020EDAB38E57A85DBAFB8D2C3DD.d.29E347E950BEC787B19F9A40FA68839F.e.3586/click - {}
RESULT: {}
RESULT: {}
COMMAND: POST /session/f2664590fead15ec17982177271525a3/element - {"using":"xpath","value":"//button[@data-kt=\"saveButton\"]"}
COMMAND: GET /session/f2664590fead15ec17982177271525a3/screenshot - {}
RESULT: {"using":"xpath","value":"//button[@data-kt=\"saveButton\"]"}
COMMAND: POST /session/f2664590fead15ec17982177271525a3/element/f.00969020EDAB38E57A85DBAFB8D2C3DD.d.29E347E950BEC787B19F9A40FA68839F.e.3524/click - {}
RESULT: {}
RESULT: {}
COMMAND: GET /session/f2664590fead15ec17982177271525a3/screenshot - {}
RESULT: {}
COMMAND: POST /session/f2664590fead15ec17982177271525a3/execute/async - {"script":"<script> [1562 bytes]","args":[{"selector":{"id":"application-manageconditionprice-display-component---conditions--smartFilterBar-btnBasicSearch","interaction":{"idSuffix":"I"}},"wdio_ui5_key":"applicationmanageconditionprice-display-component---conditions--smartFilterBar-btnBasicSearch"}]}
RESULT: {"script":"<script> [1562 bytes]","args":[{"selector":{"id":"application-manageconditionprice-display-component---conditions--smartFilterBar-btnBasicSearch","interaction":{"idSuffix":"I"}},"wdio_ui5_key":"applicationmanageconditionprice-display-component---conditions--smartFilterBar-btnBasicSearch"}]}
RESULT: undefined
COMMAND: POST /session/f2664590fead15ec17982177271525a3/execute/async - {"script":"<script> [776 bytes]","args":[{"enterText":"Ulh4CL9Fal","selector":{"id":"application-manageconditionprice-display-component---conditions--smartFilterBar-btnBasicSearch","interaction":{"idSuffix":"I"}},"clearTextFirst":true,"interactionType":"ENTER_TEXT"}]}
RESULT: {"script":"<script> [776 bytes]","args":[{"enterText":"Ulh4CL9Fal","selector":{"id":"application-manageconditionprice-display-component---conditions--smartFilterBar-btnBasicSearch","interaction":{"idSuffix":"I"}},"clearTextFirst":true,"interactionType":"ENTER_TEXT"}]}
COMMAND: POST /session/f2664590fead15ec17982177271525a3/actions - {"actions":[{"id":"action15","type":"key","parameters":{},"actions":[{"type":"keyDown","value":"î€‡"},{"type":"pause","duration":10},{"type":"keyUp","value":"î€‡"}]}]}
RESULT: {"actions":[{"id":"action15","type":"key","parameters":{},"actions":[{"type":"keyDown","value":"î€‡"},{"type":"pause","duration":10},{"type":"keyUp","value":"î€‡"}]}]}
COMMAND: GET /session/f2664590fead15ec17982177271525a3/screenshot - {}
RESULT: {}
COMMAND: POST /session/f2664590fead15ec17982177271525a3/execute/async - {"script":"<script> [1562 bytes]","args":[{"selector":{"id":"application-manageconditionprice-display-component---conditions--smartFilterBar-filterItemControl_BASIC-BILL_TYPES-vhi"},"wdio_ui5_key":"applicationmanageconditionprice-display-component---conditions--smartFilterBar-filterItemControl_BASIC-BILL_TYPES-vhi"}]}
RESULT: {"script":"<script> [1562 bytes]","args":[{"selector":{"id":"application-manageconditionprice-display-component---conditions--smartFilterBar-filterItemControl_BASIC-BILL_TYPES-vhi"},"wdio_ui5_key":"applicationmanageconditionprice-display-component---conditions--smartFilterBar-filterItemControl_BASIC-BILL_TYPES-vhi"}]}
RESULT: undefined
COMMAND: POST /session/f2664590fead15ec17982177271525a3/element - {"using":"xpath","value":"//*[@id=\"application-manageconditionprice-display-component---conditions--smartFilterBar-filterItemControl_BASIC-BILL_TYPES-vhi\"]"}
RESULT: {"using":"xpath","value":"//*[@id=\"application-manageconditionprice-display-component---conditions--smartFilterBar-filterItemControl_BASIC-BILL_TYPES-vhi\"]"}
COMMAND: POST /session/f2664590fead15ec17982177271525a3/element/f.00969020EDAB38E57A85DBAFB8D2C3DD.d.29E347E950BEC787B19F9A40FA68839F.e.3693/click - {}
RESULT: {}
COMMAND: POST /session/f2664590fead15ec17982177271525a3/execute/async - {"script":"<script> [1562 bytes]","args":[{"selector":{"id":"application-manageconditionprice-display-component---conditions--smartFilterBar-filterItemControl_BASIC-BILL_TYPES-valueHelpDialog-smartFilterBar-btnBasicSearch","searchOpenDialogs":true,"interaction":{"idSuffix":"I"}},"wdio_ui5_key":"applicationmanageconditionprice-display-component---conditions--smartFilterBar-filterItemControl_BASIC-BILL_TYPES-valueHelpDialog-smartFilterBar-btnBasicSearch"}]}
COMMAND: GET /session/f2664590fead15ec17982177271525a3/screenshot - {}
RESULT: {"script":"<script> [1562 bytes]","args":[{"selector":{"id":"application-manageconditionprice-display-component---conditions--smartFilterBar-filterItemControl_BASIC-BILL_TYPES-valueHelpDialog-smartFilterBar-btnBasicSearch","searchOpenDialogs":true,"interaction":{"idSuffix":"I"}},"wdio_ui5_key":"applicationmanageconditionprice-display-component---conditions--smartFilterBar-filterItemControl_BASIC-BILL_TYPES-valueHelpDialog-smartFilterBar-btnBasicSearch"}]}
RESULT: undefined
COMMAND: POST /session/f2664590fead15ec17982177271525a3/execute/async - {"script":"<script> [776 bytes]","args":[{"enterText":"TB","selector":{"id":"application-manageconditionprice-display-component---conditions--smartFilterBar-filterItemControl_BASIC-BILL_TYPES-valueHelpDialog-smartFilterBar-btnBasicSearch","searchOpenDialogs":true,"interaction":{"idSuffix":"I"}},"clearTextFirst":true,"interactionType":"ENTER_TEXT"}]}
RESULT: {}
RESULT: {"script":"<script> [776 bytes]","args":[{"enterText":"TB","selector":{"id":"application-manageconditionprice-display-component---conditions--smartFilterBar-filterItemControl_BASIC-BILL_TYPES-valueHelpDialog-smartFilterBar-btnBasicSearch","searchOpenDialogs":true,"interaction":{"idSuffix":"I"}},"clearTextFirst":true,"interactionType":"ENTER_TEXT"}]}
COMMAND: POST /session/f2664590fead15ec17982177271525a3/actions - {"actions":[{"id":"action16","type":"key","parameters":{},"actions":[{"type":"keyDown","value":"î€‡"},{"type":"pause","duration":10},{"type":"keyUp","value":"î€‡"}]}]}
RESULT: {"actions":[{"id":"action16","type":"key","parameters":{},"actions":[{"type":"keyDown","value":"î€‡"},{"type":"pause","duration":10},{"type":"keyUp","value":"î€‡"}]}]}
COMMAND: GET /session/f2664590fead15ec17982177271525a3/screenshot - {}
RESULT: {}
COMMAND: POST /session/f2664590fead15ec17982177271525a3/element - {"using":"xpath","value":"//div[contains(@id, 'application-manageconditionprice-display-component---conditions--smartFilterBar-filterItemControl_BASIC-BILL_TYPES-valueHelpDialog-table-rowsel0')]"}
RESULT: {"using":"xpath","value":"//div[contains(@id, 'application-manageconditionprice-display-component---conditions--smartFilterBar-filterItemControl_BASIC-BILL_TYPES-valueHelpDialog-table-rowsel0')]"}
COMMAND: POST /session/f2664590fead15ec17982177271525a3/element/f.00969020EDAB38E57A85DBAFB8D2C3DD.d.29E347E950BEC787B19F9A40FA68839F.e.3702/click - {}
RESULT: {}
COMMAND: GET /session/f2664590fead15ec17982177271525a3/screenshot - {}
RESULT: {}
COMMAND: POST /session/f2664590fead15ec17982177271525a3/element - {"using":"xpath","value":"//bdi[contains(text(), \"OK\")]"}
RESULT: {"using":"xpath","value":"//bdi[contains(text(), \"OK\")]"}
COMMAND: POST /session/f2664590fead15ec17982177271525a3/element/f.00969020EDAB38E57A85DBAFB8D2C3DD.d.29E347E950BEC787B19F9A40FA68839F.e.3704/click - {}
RESULT: {}
COMMAND: GET /session/f2664590fead15ec17982177271525a3/screenshot - {}
RESULT: {}
COMMAND: POST /session/f2664590fead15ec17982177271525a3/element - {"using":"xpath","value":"//span[@id=\"application-manageconditionprice-display-component---conditions--smartTable-header-inner\"]"}
RESULT: {"using":"xpath","value":"//span[@id=\"application-manageconditionprice-display-component---conditions--smartTable-header-inner\"]"}
COMMAND: POST /session/f2664590fead15ec17982177271525a3/elements - {"using":"xpath","value":"//span[@id=\"application-manageconditionprice-display-component---conditions--smartTable-header-inner\"]"}
RESULT: {"using":"xpath","value":"//span[@id=\"application-manageconditionprice-display-component---conditions--smartTable-header-inner\"]"}
COMMAND: POST /session/f2664590fead15ec17982177271525a3/execute/sync - {"script":"<script> [56 bytes]","args":[{"element-6066-11e4-a52e-4f735466cecf":"f.00969020EDAB38E57A85DBAFB8D2C3DD.d.29E347E950BEC787B19F9A40FA68839F.e.3707","ELEMENT":"f.00969020EDAB38E57A85DBAFB8D2C3DD.d.29E347E950BEC787B19F9A40FA68839F.e.3707"}]}
RESULT: {"script":"<script> [56 bytes]","args":[{"element-6066-11e4-a52e-4f735466cecf":"f.00969020EDAB38E57A85DBAFB8D2C3DD.d.29E347E950BEC787B19F9A40FA68839F.e.3707","ELEMENT":"f.00969020EDAB38E57A85DBAFB8D2C3DD.d.29E347E950BEC787B19F9A40FA68839F.e.3707"}]}
COMMAND: POST /session/f2664590fead15ec17982177271525a3/element - {"using":"css selector","value":"#shell-header-logo"}
COMMAND: GET /session/f2664590fead15ec17982177271525a3/screenshot - {}
RESULT: {"using":"css selector","value":"#shell-header-logo"}
COMMAND: POST /session/f2664590fead15ec17982177271525a3/element/f.00969020EDAB38E57A85DBAFB8D2C3DD.d.29E347E950BEC787B19F9A40FA68839F.e.3334/click - {}
RESULT: {}
RESULT: {}
COMMAND: GET /session/f2664590fead15ec17982177271525a3/screenshot - {}
RESULT: {}
]]></system-out>
    </testcase>
    <testcase classname="chrome.135_0_7049_115.windows.Billing_Transfer_-_Master_data_&amp;_Intercompany_US127250" name="Should do a stock increase" time="93.59">
      <system-out><![CDATA[
COMMAND: POST /session/f2664590fead15ec17982177271525a3/execute/async - {"script":"<script> [1562 bytes]","args":[{"selector":{"controlType":"sap.m.Text","viewName":"etm.portal.ui.managehandoverstile.view.Master","properties":{"text":"Manage Handovers"},"interaction":{"idSuffix":"inner"}},"wdio_ui5_key":"etmportal.ui.managehandoverstile.view.Mastersap.m.Text{\"text\":\"Manage Handovers\"}"}]}
RESULT: {"script":"<script> [1562 bytes]","args":[{"selector":{"controlType":"sap.m.Text","viewName":"etm.portal.ui.managehandoverstile.view.Master","properties":{"text":"Manage Handovers"},"interaction":{"idSuffix":"inner"}},"wdio_ui5_key":"etmportal.ui.managehandoverstile.view.Mastersap.m.Text{\"text\":\"Manage Handovers\"}"}]}
RESULT: undefined
COMMAND: POST /session/f2664590fead15ec17982177271525a3/element - {"using":"xpath","value":"//*[@id=\"__tile130-title\"]"}
RESULT: {"using":"xpath","value":"//*[@id=\"__tile130-title\"]"}
COMMAND: POST /session/f2664590fead15ec17982177271525a3/element/f.00969020EDAB38E57A85DBAFB8D2C3DD.d.29E347E950BEC787B19F9A40FA68839F.e.3712/click - {}
RESULT: {}
COMMAND: POST /session/f2664590fead15ec17982177271525a3/element - {"using":"xpath","value":"//button[@data-kt=\"masterHOAddButton\"]"}
COMMAND: GET /session/f2664590fead15ec17982177271525a3/screenshot - {}
RESULT: {"using":"xpath","value":"//button[@data-kt=\"masterHOAddButton\"]"}
COMMAND: POST /session/f2664590fead15ec17982177271525a3/elements - {"using":"xpath","value":"//button[@data-kt=\"masterHOAddButton\"]"}
RESULT: {}
RESULT: {"using":"xpath","value":"//button[@data-kt=\"masterHOAddButton\"]"}
COMMAND: POST /session/f2664590fead15ec17982177271525a3/elements - {"using":"xpath","value":"//button[@data-kt=\"masterHOAddButton\"]"}
RESULT: {"using":"xpath","value":"//button[@data-kt=\"masterHOAddButton\"]"}
COMMAND: POST /session/f2664590fead15ec17982177271525a3/elements - {"using":"xpath","value":"//button[@data-kt=\"masterHOAddButton\"]"}
RESULT: {"using":"xpath","value":"//button[@data-kt=\"masterHOAddButton\"]"}
COMMAND: POST /session/f2664590fead15ec17982177271525a3/elements - {"using":"xpath","value":"//button[@data-kt=\"masterHOAddButton\"]"}
RESULT: {"using":"xpath","value":"//button[@data-kt=\"masterHOAddButton\"]"}
COMMAND: POST /session/f2664590fead15ec17982177271525a3/elements - {"using":"xpath","value":"//button[@data-kt=\"masterHOAddButton\"]"}
RESULT: {"using":"xpath","value":"//button[@data-kt=\"masterHOAddButton\"]"}
COMMAND: POST /session/f2664590fead15ec17982177271525a3/elements - {"using":"xpath","value":"//button[@data-kt=\"masterHOAddButton\"]"}
RESULT: {"using":"xpath","value":"//button[@data-kt=\"masterHOAddButton\"]"}
COMMAND: POST /session/f2664590fead15ec17982177271525a3/elements - {"using":"xpath","value":"//button[@data-kt=\"masterHOAddButton\"]"}
RESULT: {"using":"xpath","value":"//button[@data-kt=\"masterHOAddButton\"]"}
COMMAND: POST /session/f2664590fead15ec17982177271525a3/elements - {"using":"xpath","value":"//button[@data-kt=\"masterHOAddButton\"]"}
RESULT: {"using":"xpath","value":"//button[@data-kt=\"masterHOAddButton\"]"}
COMMAND: POST /session/f2664590fead15ec17982177271525a3/elements - {"using":"xpath","value":"//button[@data-kt=\"masterHOAddButton\"]"}
RESULT: {"using":"xpath","value":"//button[@data-kt=\"masterHOAddButton\"]"}
COMMAND: POST /session/f2664590fead15ec17982177271525a3/elements - {"using":"xpath","value":"//button[@data-kt=\"masterHOAddButton\"]"}
RESULT: {"using":"xpath","value":"//button[@data-kt=\"masterHOAddButton\"]"}
COMMAND: POST /session/f2664590fead15ec17982177271525a3/elements - {"using":"xpath","value":"//button[@data-kt=\"masterHOAddButton\"]"}
RESULT: {"using":"xpath","value":"//button[@data-kt=\"masterHOAddButton\"]"}
COMMAND: POST /session/f2664590fead15ec17982177271525a3/elements - {"using":"xpath","value":"//button[@data-kt=\"masterHOAddButton\"]"}
RESULT: {"using":"xpath","value":"//button[@data-kt=\"masterHOAddButton\"]"}
COMMAND: POST /session/f2664590fead15ec17982177271525a3/elements - {"using":"xpath","value":"//button[@data-kt=\"masterHOAddButton\"]"}
RESULT: {"using":"xpath","value":"//button[@data-kt=\"masterHOAddButton\"]"}
COMMAND: POST /session/f2664590fead15ec17982177271525a3/element - {"using":"xpath","value":"//button[@data-kt=\"masterHOAddButton\"]"}
RESULT: {"using":"xpath","value":"//button[@data-kt=\"masterHOAddButton\"]"}
COMMAND: POST /session/f2664590fead15ec17982177271525a3/execute/sync - {"script":"<script> [8489 bytes]","args":[{"element-6066-11e4-a52e-4f735466cecf":"f.00969020EDAB38E57A85DBAFB8D2C3DD.d.29E347E950BEC787B19F9A40FA68839F.e.3743","ELEMENT":"f.00969020EDAB38E57A85DBAFB8D2C3DD.d.29E347E950BEC787B19F9A40FA68839F.e.3743"}]}
RESULT: {"script":"<script> [8489 bytes]","args":[{"element-6066-11e4-a52e-4f735466cecf":"f.00969020EDAB38E57A85DBAFB8D2C3DD.d.29E347E950BEC787B19F9A40FA68839F.e.3743","ELEMENT":"f.00969020EDAB38E57A85DBAFB8D2C3DD.d.29E347E950BEC787B19F9A40FA68839F.e.3743"}]}
COMMAND: GET /session/f2664590fead15ec17982177271525a3/element/f.00969020EDAB38E57A85DBAFB8D2C3DD.d.29E347E950BEC787B19F9A40FA68839F.e.3743/enabled - {}
COMMAND: GET /session/f2664590fead15ec17982177271525a3/screenshot - {}
RESULT: {}
COMMAND: POST /session/f2664590fead15ec17982177271525a3/execute/sync - {"script":"<script> [8489 bytes]","args":[{"element-6066-11e4-a52e-4f735466cecf":"f.00969020EDAB38E57A85DBAFB8D2C3DD.d.29E347E950BEC787B19F9A40FA68839F.e.3743","ELEMENT":"f.00969020EDAB38E57A85DBAFB8D2C3DD.d.29E347E950BEC787B19F9A40FA68839F.e.3743"}]}
COMMAND: GET /session/f2664590fead15ec17982177271525a3/screenshot - {}
RESULT: {}
RESULT: {"script":"<script> [8489 bytes]","args":[{"element-6066-11e4-a52e-4f735466cecf":"f.00969020EDAB38E57A85DBAFB8D2C3DD.d.29E347E950BEC787B19F9A40FA68839F.e.3743","ELEMENT":"f.00969020EDAB38E57A85DBAFB8D2C3DD.d.29E347E950BEC787B19F9A40FA68839F.e.3743"}]}
COMMAND: POST /session/f2664590fead15ec17982177271525a3/execute/sync - {"script":"<script> [5351 bytes]","args":[{"element-6066-11e4-a52e-4f735466cecf":"f.00969020EDAB38E57A85DBAFB8D2C3DD.d.29E347E950BEC787B19F9A40FA68839F.e.3743","ELEMENT":"f.00969020EDAB38E57A85DBAFB8D2C3DD.d.29E347E950BEC787B19F9A40FA68839F.e.3743"}]}
COMMAND: GET /session/f2664590fead15ec17982177271525a3/screenshot - {}
RESULT: {}
RESULT: {"script":"<script> [5351 bytes]","args":[{"element-6066-11e4-a52e-4f735466cecf":"f.00969020EDAB38E57A85DBAFB8D2C3DD.d.29E347E950BEC787B19F9A40FA68839F.e.3743","ELEMENT":"f.00969020EDAB38E57A85DBAFB8D2C3DD.d.29E347E950BEC787B19F9A40FA68839F.e.3743"}]}
COMMAND: POST /session/f2664590fead15ec17982177271525a3/element/f.00969020EDAB38E57A85DBAFB8D2C3DD.d.29E347E950BEC787B19F9A40FA68839F.e.3743/click - {}
COMMAND: GET /session/f2664590fead15ec17982177271525a3/screenshot - {}
RESULT: {}
RESULT: {}
COMMAND: GET /session/f2664590fead15ec17982177271525a3/screenshot - {}
COMMAND: POST /session/f2664590fead15ec17982177271525a3/element - {"using":"xpath","value":"//span[contains(@id ,\"AddNewHO--typeSelect-arrow\")]"}
RESULT: {}
RESULT: {}
RESULT: {"using":"xpath","value":"//span[contains(@id ,\"AddNewHO--typeSelect-arrow\")]"}
COMMAND: POST /session/f2664590fead15ec17982177271525a3/element/f.00969020EDAB38E57A85DBAFB8D2C3DD.d.29E347E950BEC787B19F9A40FA68839F.e.4093/click - {}
RESULT: {}
COMMAND: GET /session/f2664590fead15ec17982177271525a3/screenshot - {}
RESULT: {}
COMMAND: POST /session/f2664590fead15ec17982177271525a3/element - {"using":"xpath","value":"(//li[contains(text(), \"stock increase yard\")])[1]"}
RESULT: {"using":"xpath","value":"(//li[contains(text(), \"stock increase yard\")])[1]"}
COMMAND: POST /session/f2664590fead15ec17982177271525a3/element/f.00969020EDAB38E57A85DBAFB8D2C3DD.d.29E347E950BEC787B19F9A40FA68839F.e.4094/click - {}
RESULT: {}
COMMAND: GET /session/f2664590fead15ec17982177271525a3/screenshot - {}
RESULT: {}
COMMAND: POST /session/f2664590fead15ec17982177271525a3/execute/async - {"script":"<script> [1562 bytes]","args":[{"selector":{"id":"application-managehandovers-display-component---AddNewHO--dueDate","interaction":{"idSuffix":"inner"}},"wdio_ui5_key":"applicationmanagehandovers-display-component---AddNewHO--dueDate"}]}
RESULT: {"script":"<script> [1562 bytes]","args":[{"selector":{"id":"application-managehandovers-display-component---AddNewHO--dueDate","interaction":{"idSuffix":"inner"}},"wdio_ui5_key":"applicationmanagehandovers-display-component---AddNewHO--dueDate"}]}
RESULT: undefined
COMMAND: POST /session/f2664590fead15ec17982177271525a3/execute/async - {"script":"<script> [6424 bytes]","args":[{"element-6066-11e4-a52e-4f735466cecf":"f.00969020EDAB38E57A85DBAFB8D2C3DD.d.29E347E950BEC787B19F9A40FA68839F.e.4098"},"setValue",["05/07/2025"]]}
RESULT: {"script":"<script> [6424 bytes]","args":[{"element-6066-11e4-a52e-4f735466cecf":"f.00969020EDAB38E57A85DBAFB8D2C3DD.d.29E347E950BEC787B19F9A40FA68839F.e.4098"},"setValue",["05/07/2025"]]}
COMMAND: POST /session/f2664590fead15ec17982177271525a3/element - {"using":"xpath","value":"//input[@id=\"generalSectionFrg--receiveYard-inner\"]"}
RESULT: {"using":"xpath","value":"//input[@id=\"generalSectionFrg--receiveYard-inner\"]"}
COMMAND: POST /session/f2664590fead15ec17982177271525a3/element/f.00969020EDAB38E57A85DBAFB8D2C3DD.d.29E347E950BEC787B19F9A40FA68839F.e.4104/clear - {}
RESULT: {}
COMMAND: POST /session/f2664590fead15ec17982177271525a3/element/f.00969020EDAB38E57A85DBAFB8D2C3DD.d.29E347E950BEC787B19F9A40FA68839F.e.4104/value - {"text":"668"}
COMMAND: GET /session/f2664590fead15ec17982177271525a3/screenshot - {}
RESULT: {"text":"668"}
COMMAND: GET /session/f2664590fead15ec17982177271525a3/screenshot - {}
RESULT: {}
RESULT: {}
COMMAND: POST /session/f2664590fead15ec17982177271525a3/element - {"using":"xpath","value":"//li[.//span[text()='668']]"}
RESULT: {"using":"xpath","value":"//li[.//span[text()='668']]"}
COMMAND: POST /session/f2664590fead15ec17982177271525a3/element/f.00969020EDAB38E57A85DBAFB8D2C3DD.d.29E347E950BEC787B19F9A40FA68839F.e.4120/click - {}
RESULT: {}
COMMAND: GET /session/f2664590fead15ec17982177271525a3/screenshot - {}
RESULT: {}
COMMAND: POST /session/f2664590fead15ec17982177271525a3/execute/async - {"script":"<script> [1562 bytes]","args":[{"selector":{"id":"application-managehandovers-display-component---AddNewHO--ObjectPageLayout-anchBar-application-managehandovers-display-component---AddNewHO--section4-anchor","interaction":{"idSuffix":"BDI-content"}},"wdio_ui5_key":"applicationmanagehandovers-display-component---AddNewHO--ObjectPageLayout-anchBar-application-managehandovers-display-component---AddNewHO--section4-anchor"}]}
RESULT: {"script":"<script> [1562 bytes]","args":[{"selector":{"id":"application-managehandovers-display-component---AddNewHO--ObjectPageLayout-anchBar-application-managehandovers-display-component---AddNewHO--section4-anchor","interaction":{"idSuffix":"BDI-content"}},"wdio_ui5_key":"applicationmanagehandovers-display-component---AddNewHO--ObjectPageLayout-anchBar-application-managehandovers-display-component---AddNewHO--section4-anchor"}]}
RESULT: undefined
COMMAND: POST /session/f2664590fead15ec17982177271525a3/element - {"using":"xpath","value":"//*[@id=\"application-managehandovers-display-component---AddNewHO--ObjectPageLayout-anchBar-application-managehandovers-display-component---AddNewHO--section4-anchor\"]"}
RESULT: {"using":"xpath","value":"//*[@id=\"application-managehandovers-display-component---AddNewHO--ObjectPageLayout-anchBar-application-managehandovers-display-component---AddNewHO--section4-anchor\"]"}
COMMAND: POST /session/f2664590fead15ec17982177271525a3/element/f.00969020EDAB38E57A85DBAFB8D2C3DD.d.29E347E950BEC787B19F9A40FA68839F.e.4122/click - {}
RESULT: {}
COMMAND: POST /session/f2664590fead15ec17982177271525a3/element - {"using":"xpath","value":"//button[@aria-label=\"Add\"]"}
COMMAND: GET /session/f2664590fead15ec17982177271525a3/screenshot - {}
RESULT: {"using":"xpath","value":"//button[@aria-label=\"Add\"]"}
COMMAND: POST /session/f2664590fead15ec17982177271525a3/element/f.00969020EDAB38E57A85DBAFB8D2C3DD.d.29E347E950BEC787B19F9A40FA68839F.e.4124/click - {}
RESULT: {}
RESULT: {}
COMMAND: GET /session/f2664590fead15ec17982177271525a3/screenshot - {}
RESULT: {}
COMMAND: POST /session/f2664590fead15ec17982177271525a3/execute/async - {"script":"<script> [1562 bytes]","args":[{"selector":{"id":"application-managehandovers-display-component---AddNewHO--smartFilterBar-btnBasicSearch","searchOpenDialogs":true,"interaction":{"idSuffix":"I"}},"wdio_ui5_key":"applicationmanagehandovers-display-component---AddNewHO--smartFilterBar-btnBasicSearch"}]}
RESULT: {"script":"<script> [1562 bytes]","args":[{"selector":{"id":"application-managehandovers-display-component---AddNewHO--smartFilterBar-btnBasicSearch","searchOpenDialogs":true,"interaction":{"idSuffix":"I"}},"wdio_ui5_key":"applicationmanagehandovers-display-component---AddNewHO--smartFilterBar-btnBasicSearch"}]}
RESULT: undefined
COMMAND: POST /session/f2664590fead15ec17982177271525a3/execute/async - {"script":"<script> [776 bytes]","args":[{"enterText":"Ulh4CL9Fal","selector":{"id":"application-managehandovers-display-component---AddNewHO--smartFilterBar-btnBasicSearch","searchOpenDialogs":true,"interaction":{"idSuffix":"I"}},"clearTextFirst":true,"interactionType":"ENTER_TEXT"}]}
RESULT: {"script":"<script> [776 bytes]","args":[{"enterText":"Ulh4CL9Fal","selector":{"id":"application-managehandovers-display-component---AddNewHO--smartFilterBar-btnBasicSearch","searchOpenDialogs":true,"interaction":{"idSuffix":"I"}},"clearTextFirst":true,"interactionType":"ENTER_TEXT"}]}
COMMAND: POST /session/f2664590fead15ec17982177271525a3/actions - {"actions":[{"id":"action17","type":"key","parameters":{},"actions":[{"type":"keyDown","value":"î€‡"},{"type":"pause","duration":10},{"type":"keyUp","value":"î€‡"}]}]}
RESULT: {"actions":[{"id":"action17","type":"key","parameters":{},"actions":[{"type":"keyDown","value":"î€‡"},{"type":"pause","duration":10},{"type":"keyUp","value":"î€‡"}]}]}
COMMAND: GET /session/f2664590fead15ec17982177271525a3/screenshot - {}
COMMAND: POST /session/f2664590fead15ec17982177271525a3/execute/async - {"script":"<script> [1562 bytes]","args":[{"selector":{"id":"application-managehandovers-display-component---AddNewHO--popup-sa","searchOpenDialogs":true,"interaction":{"idSuffix":"CbBg"}},"wdio_ui5_key":"applicationmanagehandovers-display-component---AddNewHO--popup-sa"}]}
RESULT: {}
RESULT: {"script":"<script> [1562 bytes]","args":[{"selector":{"id":"application-managehandovers-display-component---AddNewHO--popup-sa","searchOpenDialogs":true,"interaction":{"idSuffix":"CbBg"}},"wdio_ui5_key":"applicationmanagehandovers-display-component---AddNewHO--popup-sa"}]}
RESULT: undefined
COMMAND: POST /session/f2664590fead15ec17982177271525a3/element - {"using":"xpath","value":"//*[@id=\"application-managehandovers-display-component---AddNewHO--popup-sa\"]"}
RESULT: {"using":"xpath","value":"//*[@id=\"application-managehandovers-display-component---AddNewHO--popup-sa\"]"}
COMMAND: POST /session/f2664590fead15ec17982177271525a3/element/f.00969020EDAB38E57A85DBAFB8D2C3DD.d.29E347E950BEC787B19F9A40FA68839F.e.4278/click - {}
RESULT: {}
COMMAND: GET /session/f2664590fead15ec17982177271525a3/screenshot - {}
RESULT: {}
COMMAND: POST /session/f2664590fead15ec17982177271525a3/element - {"using":"xpath","value":"//bdi[contains(text(), \"Select\")]"}
RESULT: {"using":"xpath","value":"//bdi[contains(text(), \"Select\")]"}
COMMAND: POST /session/f2664590fead15ec17982177271525a3/element/f.00969020EDAB38E57A85DBAFB8D2C3DD.d.29E347E950BEC787B19F9A40FA68839F.e.4280/click - {}
RESULT: {}
COMMAND: GET /session/f2664590fead15ec17982177271525a3/screenshot - {}
RESULT: {}
COMMAND: POST /session/f2664590fead15ec17982177271525a3/element - {"using":"xpath","value":"//button[@data-kt=\"AddNewHOSaveButton\"]"}
RESULT: {"using":"xpath","value":"//button[@data-kt=\"AddNewHOSaveButton\"]"}
COMMAND: POST /session/f2664590fead15ec17982177271525a3/element/f.00969020EDAB38E57A85DBAFB8D2C3DD.d.29E347E950BEC787B19F9A40FA68839F.e.4284/click - {}
RESULT: {}
COMMAND: GET /session/f2664590fead15ec17982177271525a3/screenshot - {}
RESULT: {}
COMMAND: POST /session/f2664590fead15ec17982177271525a3/execute/async - {"script":"<script> [1562 bytes]","args":[{"selector":{"id":"receiptDatePicker","viewName":"etm.portal.ui.managehandovers.view.DetailExecuteHO","interaction":{"idSuffix":"inner"}},"wdio_ui5_key":"receiptDatePickeretmportal.ui.managehandovers.view.DetailExecuteHO"}]}
RESULT: {"script":"<script> [1562 bytes]","args":[{"selector":{"id":"receiptDatePicker","viewName":"etm.portal.ui.managehandovers.view.DetailExecuteHO","interaction":{"idSuffix":"inner"}},"wdio_ui5_key":"receiptDatePickeretmportal.ui.managehandovers.view.DetailExecuteHO"}]}
RESULT: undefined
COMMAND: POST /session/f2664590fead15ec17982177271525a3/execute/async - {"script":"<script> [6424 bytes]","args":[{"element-6066-11e4-a52e-4f735466cecf":"f.00969020EDAB38E57A85DBAFB8D2C3DD.d.29E347E950BEC787B19F9A40FA68839F.e.4312"},"setValue",["05/07/2025"]]}
RESULT: {"script":"<script> [6424 bytes]","args":[{"element-6066-11e4-a52e-4f735466cecf":"f.00969020EDAB38E57A85DBAFB8D2C3DD.d.29E347E950BEC787B19F9A40FA68839F.e.4312"},"setValue",["05/07/2025"]]}
COMMAND: POST /session/f2664590fead15ec17982177271525a3/element - {"using":"xpath","value":"//button[@data-kt=\"PickingTableConfirmAllButton\"]"}
RESULT: {"using":"xpath","value":"//button[@data-kt=\"PickingTableConfirmAllButton\"]"}
COMMAND: POST /session/f2664590fead15ec17982177271525a3/element/f.00969020EDAB38E57A85DBAFB8D2C3DD.d.29E347E950BEC787B19F9A40FA68839F.e.4327/click - {}
RESULT: {}
COMMAND: GET /session/f2664590fead15ec17982177271525a3/screenshot - {}
RESULT: {}
COMMAND: POST /session/f2664590fead15ec17982177271525a3/element - {"using":"xpath","value":"//bdi[contains(text(), \"OK\")]"}
RESULT: {"using":"xpath","value":"//bdi[contains(text(), \"OK\")]"}
COMMAND: POST /session/f2664590fead15ec17982177271525a3/element/f.00969020EDAB38E57A85DBAFB8D2C3DD.d.29E347E950BEC787B19F9A40FA68839F.e.4329/click - {}
RESULT: {}
COMMAND: GET /session/f2664590fead15ec17982177271525a3/screenshot - {}
RESULT: {}
COMMAND: POST /session/f2664590fead15ec17982177271525a3/element - {"using":"xpath","value":"(//bdi[contains(text(), \"Receive\")])[2]"}
RESULT: {"using":"xpath","value":"(//bdi[contains(text(), \"Receive\")])[2]"}
COMMAND: POST /session/f2664590fead15ec17982177271525a3/element/f.00969020EDAB38E57A85DBAFB8D2C3DD.d.29E347E950BEC787B19F9A40FA68839F.e.4331/click - {}
RESULT: {}
COMMAND: GET /session/f2664590fead15ec17982177271525a3/screenshot - {}
RESULT: {}
COMMAND: POST /session/f2664590fead15ec17982177271525a3/element - {"using":"css selector","value":"#shell-header-logo"}
RESULT: {"using":"css selector","value":"#shell-header-logo"}
COMMAND: POST /session/f2664590fead15ec17982177271525a3/element/f.00969020EDAB38E57A85DBAFB8D2C3DD.d.29E347E950BEC787B19F9A40FA68839F.e.3715/click - {}
RESULT: {}
COMMAND: GET /session/f2664590fead15ec17982177271525a3/screenshot - {}
RESULT: {}
]]></system-out>
    </testcase>
    <testcase classname="chrome.135_0_7049_115.windows.Billing_Transfer_-_Master_data_&amp;_Intercompany_US127250" name="Should create a new contract" time="90.516">
      <system-out><![CDATA[
COMMAND: POST /session/f2664590fead15ec17982177271525a3/execute/async - {"script":"<script> [1562 bytes]","args":[{"selector":{"controlType":"sap.m.Text","viewName":"etm.portal.ui.managecontractstile.view.Master","properties":{"text":"Manage Contracts"},"interaction":{"idSuffix":"inner"}},"wdio_ui5_key":"etmportal.ui.managecontractstile.view.Mastersap.m.Text{\"text\":\"Manage Contracts\"}"}]}
RESULT: {"script":"<script> [1562 bytes]","args":[{"selector":{"controlType":"sap.m.Text","viewName":"etm.portal.ui.managecontractstile.view.Master","properties":{"text":"Manage Contracts"},"interaction":{"idSuffix":"inner"}},"wdio_ui5_key":"etmportal.ui.managecontractstile.view.Mastersap.m.Text{\"text\":\"Manage Contracts\"}"}]}
RESULT: undefined
COMMAND: POST /session/f2664590fead15ec17982177271525a3/element - {"using":"xpath","value":"//*[@id=\"__tile131-title\"]"}
RESULT: {"using":"xpath","value":"//*[@id=\"__tile131-title\"]"}
COMMAND: POST /session/f2664590fead15ec17982177271525a3/element/f.00969020EDAB38E57A85DBAFB8D2C3DD.d.29E347E950BEC787B19F9A40FA68839F.e.4508/click - {}
RESULT: {}
COMMAND: GET /session/f2664590fead15ec17982177271525a3/screenshot - {}
RESULT: {}
COMMAND: POST /session/f2664590fead15ec17982177271525a3/element - {"using":"xpath","value":"//button[@data-kt=\"addButton\"]"}
RESULT: {"using":"xpath","value":"//button[@data-kt=\"addButton\"]"}
COMMAND: POST /session/f2664590fead15ec17982177271525a3/elements - {"using":"xpath","value":"//button[@data-kt=\"addButton\"]"}
RESULT: {"using":"xpath","value":"//button[@data-kt=\"addButton\"]"}
COMMAND: POST /session/f2664590fead15ec17982177271525a3/elements - {"using":"xpath","value":"//button[@data-kt=\"addButton\"]"}
RESULT: {"using":"xpath","value":"//button[@data-kt=\"addButton\"]"}
COMMAND: POST /session/f2664590fead15ec17982177271525a3/elements - {"using":"xpath","value":"//button[@data-kt=\"addButton\"]"}
RESULT: {"using":"xpath","value":"//button[@data-kt=\"addButton\"]"}
COMMAND: POST /session/f2664590fead15ec17982177271525a3/elements - {"using":"xpath","value":"//button[@data-kt=\"addButton\"]"}
RESULT: {"using":"xpath","value":"//button[@data-kt=\"addButton\"]"}
COMMAND: POST /session/f2664590fead15ec17982177271525a3/elements - {"using":"xpath","value":"//button[@data-kt=\"addButton\"]"}
RESULT: {"using":"xpath","value":"//button[@data-kt=\"addButton\"]"}
COMMAND: POST /session/f2664590fead15ec17982177271525a3/elements - {"using":"xpath","value":"//button[@data-kt=\"addButton\"]"}
RESULT: {"using":"xpath","value":"//button[@data-kt=\"addButton\"]"}
COMMAND: POST /session/f2664590fead15ec17982177271525a3/elements - {"using":"xpath","value":"//button[@data-kt=\"addButton\"]"}
RESULT: {"using":"xpath","value":"//button[@data-kt=\"addButton\"]"}
COMMAND: POST /session/f2664590fead15ec17982177271525a3/elements - {"using":"xpath","value":"//button[@data-kt=\"addButton\"]"}
RESULT: {"using":"xpath","value":"//button[@data-kt=\"addButton\"]"}
COMMAND: POST /session/f2664590fead15ec17982177271525a3/elements - {"using":"xpath","value":"//button[@data-kt=\"addButton\"]"}
RESULT: {"using":"xpath","value":"//button[@data-kt=\"addButton\"]"}
COMMAND: POST /session/f2664590fead15ec17982177271525a3/elements - {"using":"xpath","value":"//button[@data-kt=\"addButton\"]"}
RESULT: {"using":"xpath","value":"//button[@data-kt=\"addButton\"]"}
COMMAND: POST /session/f2664590fead15ec17982177271525a3/elements - {"using":"xpath","value":"//button[@data-kt=\"addButton\"]"}
RESULT: {"using":"xpath","value":"//button[@data-kt=\"addButton\"]"}
COMMAND: POST /session/f2664590fead15ec17982177271525a3/elements - {"using":"xpath","value":"//button[@data-kt=\"addButton\"]"}
RESULT: {"using":"xpath","value":"//button[@data-kt=\"addButton\"]"}
COMMAND: POST /session/f2664590fead15ec17982177271525a3/elements - {"using":"xpath","value":"//button[@data-kt=\"addButton\"]"}
RESULT: {"using":"xpath","value":"//button[@data-kt=\"addButton\"]"}
COMMAND: POST /session/f2664590fead15ec17982177271525a3/elements - {"using":"xpath","value":"//button[@data-kt=\"addButton\"]"}
RESULT: {"using":"xpath","value":"//button[@data-kt=\"addButton\"]"}
COMMAND: POST /session/f2664590fead15ec17982177271525a3/elements - {"using":"xpath","value":"//button[@data-kt=\"addButton\"]"}
RESULT: {"using":"xpath","value":"//button[@data-kt=\"addButton\"]"}
COMMAND: POST /session/f2664590fead15ec17982177271525a3/elements - {"using":"xpath","value":"//button[@data-kt=\"addButton\"]"}
RESULT: {"using":"xpath","value":"//button[@data-kt=\"addButton\"]"}
COMMAND: POST /session/f2664590fead15ec17982177271525a3/element - {"using":"xpath","value":"//button[@data-kt=\"addButton\"]"}
RESULT: {"using":"xpath","value":"//button[@data-kt=\"addButton\"]"}
COMMAND: POST /session/f2664590fead15ec17982177271525a3/execute/sync - {"script":"<script> [8489 bytes]","args":[{"element-6066-11e4-a52e-4f735466cecf":"f.00969020EDAB38E57A85DBAFB8D2C3DD.d.29E347E950BEC787B19F9A40FA68839F.e.4891","ELEMENT":"f.00969020EDAB38E57A85DBAFB8D2C3DD.d.29E347E950BEC787B19F9A40FA68839F.e.4891"}]}
RESULT: {"script":"<script> [8489 bytes]","args":[{"element-6066-11e4-a52e-4f735466cecf":"f.00969020EDAB38E57A85DBAFB8D2C3DD.d.29E347E950BEC787B19F9A40FA68839F.e.4891","ELEMENT":"f.00969020EDAB38E57A85DBAFB8D2C3DD.d.29E347E950BEC787B19F9A40FA68839F.e.4891"}]}
COMMAND: GET /session/f2664590fead15ec17982177271525a3/element/f.00969020EDAB38E57A85DBAFB8D2C3DD.d.29E347E950BEC787B19F9A40FA68839F.e.4891/enabled - {}
COMMAND: GET /session/f2664590fead15ec17982177271525a3/screenshot - {}
RESULT: {}
COMMAND: POST /session/f2664590fead15ec17982177271525a3/execute/sync - {"script":"<script> [8489 bytes]","args":[{"element-6066-11e4-a52e-4f735466cecf":"f.00969020EDAB38E57A85DBAFB8D2C3DD.d.29E347E950BEC787B19F9A40FA68839F.e.4891","ELEMENT":"f.00969020EDAB38E57A85DBAFB8D2C3DD.d.29E347E950BEC787B19F9A40FA68839F.e.4891"}]}
COMMAND: GET /session/f2664590fead15ec17982177271525a3/screenshot - {}
RESULT: {}
RESULT: {"script":"<script> [8489 bytes]","args":[{"element-6066-11e4-a52e-4f735466cecf":"f.00969020EDAB38E57A85DBAFB8D2C3DD.d.29E347E950BEC787B19F9A40FA68839F.e.4891","ELEMENT":"f.00969020EDAB38E57A85DBAFB8D2C3DD.d.29E347E950BEC787B19F9A40FA68839F.e.4891"}]}
COMMAND: POST /session/f2664590fead15ec17982177271525a3/execute/sync - {"script":"<script> [5351 bytes]","args":[{"element-6066-11e4-a52e-4f735466cecf":"f.00969020EDAB38E57A85DBAFB8D2C3DD.d.29E347E950BEC787B19F9A40FA68839F.e.4891","ELEMENT":"f.00969020EDAB38E57A85DBAFB8D2C3DD.d.29E347E950BEC787B19F9A40FA68839F.e.4891"}]}
COMMAND: GET /session/f2664590fead15ec17982177271525a3/screenshot - {}
RESULT: {}
RESULT: {"script":"<script> [5351 bytes]","args":[{"element-6066-11e4-a52e-4f735466cecf":"f.00969020EDAB38E57A85DBAFB8D2C3DD.d.29E347E950BEC787B19F9A40FA68839F.e.4891","ELEMENT":"f.00969020EDAB38E57A85DBAFB8D2C3DD.d.29E347E950BEC787B19F9A40FA68839F.e.4891"}]}
COMMAND: GET /session/f2664590fead15ec17982177271525a3/screenshot - {}
RESULT: {}
RESULT: {}
COMMAND: POST /session/f2664590fead15ec17982177271525a3/element/f.00969020EDAB38E57A85DBAFB8D2C3DD.d.29E347E950BEC787B19F9A40FA68839F.e.4891/click - {}
RESULT: {}
COMMAND: GET /session/f2664590fead15ec17982177271525a3/screenshot - {}
COMMAND: POST /session/f2664590fead15ec17982177271525a3/execute/async - {"script":"<script> [1562 bytes]","args":[{"selector":{"id":"application-managecontracts-display-component---AddNewContract--projectDescription","interaction":{"idSuffix":"inner"}},"wdio_ui5_key":"applicationmanagecontracts-display-component---AddNewContract--projectDescription"}]}
RESULT: {}
RESULT: {"script":"<script> [1562 bytes]","args":[{"selector":{"id":"application-managecontracts-display-component---AddNewContract--projectDescription","interaction":{"idSuffix":"inner"}},"wdio_ui5_key":"applicationmanagecontracts-display-component---AddNewContract--projectDescription"}]}
RESULT: undefined
COMMAND: POST /session/f2664590fead15ec17982177271525a3/execute/async - {"script":"<script> [776 bytes]","args":[{"enterText":"Intercompany Contract WDIO","selector":{"id":"application-managecontracts-display-component---AddNewContract--projectDescription","interaction":{"idSuffix":"inner"}},"clearTextFirst":true,"interactionType":"ENTER_TEXT"}]}
RESULT: {"script":"<script> [776 bytes]","args":[{"enterText":"Intercompany Contract WDIO","selector":{"id":"application-managecontracts-display-component---AddNewContract--projectDescription","interaction":{"idSuffix":"inner"}},"clearTextFirst":true,"interactionType":"ENTER_TEXT"}]}
COMMAND: POST /session/f2664590fead15ec17982177271525a3/element - {"using":"xpath","value":"//input[@id=\"application-managecontracts-display-component---AddNewContract--site-inner\"]"}
RESULT: {"using":"xpath","value":"//input[@id=\"application-managecontracts-display-component---AddNewContract--site-inner\"]"}
COMMAND: POST /session/f2664590fead15ec17982177271525a3/element/f.00969020EDAB38E57A85DBAFB8D2C3DD.d.29E347E950BEC787B19F9A40FA68839F.e.5008/clear - {}
RESULT: {}
COMMAND: POST /session/f2664590fead15ec17982177271525a3/element/f.00969020EDAB38E57A85DBAFB8D2C3DD.d.29E347E950BEC787B19F9A40FA68839F.e.5008/value - {"text":"2497"}
COMMAND: GET /session/f2664590fead15ec17982177271525a3/screenshot - {}
RESULT: {"text":"2497"}
COMMAND: GET /session/f2664590fead15ec17982177271525a3/screenshot - {}
RESULT: {}
RESULT: {}
COMMAND: POST /session/f2664590fead15ec17982177271525a3/element - {"using":"xpath","value":"//li[.//span[text()='2497']]"}
RESULT: {"using":"xpath","value":"//li[.//span[text()='2497']]"}
COMMAND: POST /session/f2664590fead15ec17982177271525a3/element/f.00969020EDAB38E57A85DBAFB8D2C3DD.d.29E347E950BEC787B19F9A40FA68839F.e.5031/click - {}
RESULT: {}
COMMAND: GET /session/f2664590fead15ec17982177271525a3/screenshot - {}
RESULT: {}
COMMAND: POST /session/f2664590fead15ec17982177271525a3/element - {"using":"xpath","value":"//input[@id=\"application-managecontracts-display-component---AddNewContract--yardId-inner\"]"}
RESULT: {"using":"xpath","value":"//input[@id=\"application-managecontracts-display-component---AddNewContract--yardId-inner\"]"}
COMMAND: GET /session/f2664590fead15ec17982177271525a3/element/f.00969020EDAB38E57A85DBAFB8D2C3DD.d.29E347E950BEC787B19F9A40FA68839F.e.5009/property/value - {}
RESULT: {}
COMMAND: POST /session/f2664590fead15ec17982177271525a3/element - {"using":"xpath","value":"//input[@id=\"application-managecontracts-display-component---AddNewContract--customerSelect-inner\"]"}
COMMAND: GET /session/f2664590fead15ec17982177271525a3/screenshot - {}
RESULT: {"using":"xpath","value":"//input[@id=\"application-managecontracts-display-component---AddNewContract--customerSelect-inner\"]"}
COMMAND: POST /session/f2664590fead15ec17982177271525a3/element/f.00969020EDAB38E57A85DBAFB8D2C3DD.d.29E347E950BEC787B19F9A40FA68839F.e.5007/clear - {}
RESULT: {}
RESULT: {}
COMMAND: POST /session/f2664590fead15ec17982177271525a3/element/f.00969020EDAB38E57A85DBAFB8D2C3DD.d.29E347E950BEC787B19F9A40FA68839F.e.5007/value - {"text":"1542"}
COMMAND: GET /session/f2664590fead15ec17982177271525a3/screenshot - {}
RESULT: {"text":"1542"}
COMMAND: GET /session/f2664590fead15ec17982177271525a3/screenshot - {}
RESULT: {}
RESULT: {}
COMMAND: POST /session/f2664590fead15ec17982177271525a3/element - {"using":"xpath","value":"//li[.//span[text()='1542']]"}
RESULT: {"using":"xpath","value":"//li[.//span[text()='1542']]"}
COMMAND: POST /session/f2664590fead15ec17982177271525a3/element/f.00969020EDAB38E57A85DBAFB8D2C3DD.d.29E347E950BEC787B19F9A40FA68839F.e.5034/click - {}
RESULT: {}
COMMAND: GET /session/f2664590fead15ec17982177271525a3/screenshot - {}
RESULT: {}
COMMAND: POST /session/f2664590fead15ec17982177271525a3/element - {"using":"xpath","value":"//button[@data-kt=\"saveButton\"]"}
RESULT: {"using":"xpath","value":"//button[@data-kt=\"saveButton\"]"}
COMMAND: POST /session/f2664590fead15ec17982177271525a3/element/f.00969020EDAB38E57A85DBAFB8D2C3DD.d.29E347E950BEC787B19F9A40FA68839F.e.5024/click - {}
RESULT: {}
COMMAND: GET /session/f2664590fead15ec17982177271525a3/screenshot - {}
RESULT: {}
COMMAND: POST /session/f2664590fead15ec17982177271525a3/element - {"using":"xpath","value":"//span[contains(@id ,\"contractDetailTitleNoExpanded\")]"}
RESULT: {"using":"xpath","value":"//span[contains(@id ,\"contractDetailTitleNoExpanded\")]"}
COMMAND: POST /session/f2664590fead15ec17982177271525a3/elements - {"using":"xpath","value":"//span[contains(@id ,\"contractDetailTitleNoExpanded\")]"}
RESULT: {"using":"xpath","value":"//span[contains(@id ,\"contractDetailTitleNoExpanded\")]"}
COMMAND: POST /session/f2664590fead15ec17982177271525a3/execute/sync - {"script":"<script> [56 bytes]","args":[{"element-6066-11e4-a52e-4f735466cecf":"f.00969020EDAB38E57A85DBAFB8D2C3DD.d.29E347E950BEC787B19F9A40FA68839F.e.5045","ELEMENT":"f.00969020EDAB38E57A85DBAFB8D2C3DD.d.29E347E950BEC787B19F9A40FA68839F.e.5045"}]}
RESULT: {"script":"<script> [56 bytes]","args":[{"element-6066-11e4-a52e-4f735466cecf":"f.00969020EDAB38E57A85DBAFB8D2C3DD.d.29E347E950BEC787B19F9A40FA68839F.e.5045","ELEMENT":"f.00969020EDAB38E57A85DBAFB8D2C3DD.d.29E347E950BEC787B19F9A40FA68839F.e.5045"}]}
COMMAND: GET /session/f2664590fead15ec17982177271525a3/screenshot - {}
RESULT: {}
]]></system-out>
    </testcase>
    <testcase classname="chrome.135_0_7049_115.windows.Billing_Transfer_-_Master_data_&amp;_Intercompany_US127250" name="Should add equipment to the contract" time="51.762">
      <system-out><![CDATA[
COMMAND: POST /session/f2664590fead15ec17982177271525a3/element - {"using":"xpath","value":"//button[@data-kt=\"contractDetailEditBtnButton\"]"}
RESULT: {"using":"xpath","value":"//button[@data-kt=\"contractDetailEditBtnButton\"]"}
COMMAND: POST /session/f2664590fead15ec17982177271525a3/element/f.00969020EDAB38E57A85DBAFB8D2C3DD.d.29E347E950BEC787B19F9A40FA68839F.e.5046/click - {}
RESULT: {}
COMMAND: GET /session/f2664590fead15ec17982177271525a3/screenshot - {}
RESULT: {}
COMMAND: POST /session/f2664590fead15ec17982177271525a3/element - {"using":"xpath","value":"(//span[contains(text(), \"Additional Addresses\")])[2]"}
RESULT: {"using":"xpath","value":"(//span[contains(text(), \"Additional Addresses\")])[2]"}
COMMAND: POST /session/f2664590fead15ec17982177271525a3/element/f.00969020EDAB38E57A85DBAFB8D2C3DD.d.29E347E950BEC787B19F9A40FA68839F.e.5101/click - {}
RESULT: {}
COMMAND: GET /session/f2664590fead15ec17982177271525a3/screenshot - {}
RESULT: {}
COMMAND: POST /session/f2664590fead15ec17982177271525a3/element - {"using":"xpath","value":"//button[@data-kt=\"btnAddTableRowOverflowToolbarButton\"]"}
RESULT: {"using":"xpath","value":"//button[@data-kt=\"btnAddTableRowOverflowToolbarButton\"]"}
COMMAND: POST /session/f2664590fead15ec17982177271525a3/element/f.00969020EDAB38E57A85DBAFB8D2C3DD.d.29E347E950BEC787B19F9A40FA68839F.e.5106/click - {}
RESULT: {}
COMMAND: GET /session/f2664590fead15ec17982177271525a3/screenshot - {}
RESULT: {}
COMMAND: POST /session/f2664590fead15ec17982177271525a3/element - {"using":"xpath","value":"//div[(text() = 'Standard Entry' or . = 'Standard Entry')]"}
RESULT: {"using":"xpath","value":"//div[(text() = 'Standard Entry' or . = 'Standard Entry')]"}
COMMAND: POST /session/f2664590fead15ec17982177271525a3/element/f.00969020EDAB38E57A85DBAFB8D2C3DD.d.29E347E950BEC787B19F9A40FA68839F.e.5107/click - {}
RESULT: {}
COMMAND: GET /session/f2664590fead15ec17982177271525a3/screenshot - {}
RESULT: {}
COMMAND: POST /session/f2664590fead15ec17982177271525a3/element - {"using":"xpath","value":"//td[7]/div/div/input"}
RESULT: {"using":"xpath","value":"//td[7]/div/div/input"}
COMMAND: POST /session/f2664590fead15ec17982177271525a3/element/f.00969020EDAB38E57A85DBAFB8D2C3DD.d.29E347E950BEC787B19F9A40FA68839F.e.5116/clear - {}
RESULT: {}
COMMAND: POST /session/f2664590fead15ec17982177271525a3/element/f.00969020EDAB38E57A85DBAFB8D2C3DD.d.29E347E950BEC787B19F9A40FA68839F.e.5116/value - {"text":"Ulh4CL9Fal"}
COMMAND: GET /session/f2664590fead15ec17982177271525a3/screenshot - {}
RESULT: {"text":"Ulh4CL9Fal"}
COMMAND: GET /session/f2664590fead15ec17982177271525a3/screenshot - {}
RESULT: {}
RESULT: {}
COMMAND: POST /session/f2664590fead15ec17982177271525a3/actions - {"actions":[{"id":"action18","type":"key","parameters":{},"actions":[{"type":"keyDown","value":"î€‡"},{"type":"pause","duration":10},{"type":"keyUp","value":"î€‡"}]}]}
RESULT: {"actions":[{"id":"action18","type":"key","parameters":{},"actions":[{"type":"keyDown","value":"î€‡"},{"type":"pause","duration":10},{"type":"keyUp","value":"î€‡"}]}]}
COMMAND: GET /session/f2664590fead15ec17982177271525a3/screenshot - {}
COMMAND: POST /session/f2664590fead15ec17982177271525a3/execute/sync - {"script":"<script> [276 bytes]","args":["No pricing information was found"]}
RESULT: {}
RESULT: {"script":"<script> [276 bytes]","args":["No pricing information was found"]}
COMMAND: POST /session/f2664590fead15ec17982177271525a3/element - {"using":"xpath","value":"(//button[@data-kt=\"saveButton\"])[2]"}
COMMAND: GET /session/f2664590fead15ec17982177271525a3/screenshot - {}
RESULT: {"using":"xpath","value":"(//button[@data-kt=\"saveButton\"])[2]"}
COMMAND: POST /session/f2664590fead15ec17982177271525a3/element/f.00969020EDAB38E57A85DBAFB8D2C3DD.d.29E347E950BEC787B19F9A40FA68839F.e.5131/click - {}
RESULT: {}
RESULT: {}
COMMAND: GET /session/f2664590fead15ec17982177271525a3/screenshot - {}
RESULT: {}
COMMAND: POST /session/f2664590fead15ec17982177271525a3/execute/sync - {"script":"<script> [276 bytes]","args":["Some contract items are having rental validity exceeding header rental validity"]}
RESULT: {"script":"<script> [276 bytes]","args":["Some contract items are having rental validity exceeding header rental validity"]}
COMMAND: GET /session/f2664590fead15ec17982177271525a3/screenshot - {}
RESULT: {}
COMMAND: POST /session/f2664590fead15ec17982177271525a3/element - {"using":"xpath","value":"//span[contains(@id ,\"contractItemsSmartTable-header-inner\")]"}
RESULT: {"using":"xpath","value":"//span[contains(@id ,\"contractItemsSmartTable-header-inner\")]"}
COMMAND: POST /session/f2664590fead15ec17982177271525a3/elements - {"using":"xpath","value":"//span[contains(@id ,\"contractItemsSmartTable-header-inner\")]"}
RESULT: {"using":"xpath","value":"//span[contains(@id ,\"contractItemsSmartTable-header-inner\")]"}
COMMAND: POST /session/f2664590fead15ec17982177271525a3/execute/sync - {"script":"<script> [56 bytes]","args":[{"element-6066-11e4-a52e-4f735466cecf":"f.00969020EDAB38E57A85DBAFB8D2C3DD.d.29E347E950BEC787B19F9A40FA68839F.e.5141","ELEMENT":"f.00969020EDAB38E57A85DBAFB8D2C3DD.d.29E347E950BEC787B19F9A40FA68839F.e.5141"}]}
RESULT: {"script":"<script> [56 bytes]","args":[{"element-6066-11e4-a52e-4f735466cecf":"f.00969020EDAB38E57A85DBAFB8D2C3DD.d.29E347E950BEC787B19F9A40FA68839F.e.5141","ELEMENT":"f.00969020EDAB38E57A85DBAFB8D2C3DD.d.29E347E950BEC787B19F9A40FA68839F.e.5141"}]}
COMMAND: GET /session/f2664590fead15ec17982177271525a3/screenshot - {}
]]></system-out>
    </testcase>
    <testcase classname="chrome.135_0_7049_115.windows.Billing_Transfer_-_Master_data_&amp;_Intercompany_US127250" name="Should do a provide to site handover" time="64.614">
      <system-out><![CDATA[
COMMAND: POST /session/f2664590fead15ec17982177271525a3/element - {"using":"xpath","value":"//button[@data-kt=\"provideButton\"]"}
RESULT: {}
RESULT: {"using":"xpath","value":"//button[@data-kt=\"provideButton\"]"}
COMMAND: POST /session/f2664590fead15ec17982177271525a3/element/f.00969020EDAB38E57A85DBAFB8D2C3DD.d.29E347E950BEC787B19F9A40FA68839F.e.5142/click - {}
RESULT: {}
COMMAND: GET /session/f2664590fead15ec17982177271525a3/screenshot - {}
RESULT: undefined
COMMAND: POST /session/f2664590fead15ec17982177271525a3/execute/async - {"script":"<script> [6424 bytes]","args":[{"element-6066-11e4-a52e-4f735466cecf":"f.00969020EDAB38E57A85DBAFB8D2C3DD.d.29E347E950BEC787B19F9A40FA68839F.e.4098"},"setValue",["05/07/2025"]]}
RESULT: {}
COMMAND: POST /session/f2664590fead15ec17982177271525a3/execute/async - {"script":"<script> [1562 bytes]","args":[{"selector":{"id":"application-managehandovers-display-component---AddNewHO--dueDate","interaction":{"idSuffix":"inner"}},"wdio_ui5_key":"applicationmanagehandovers-display-component---AddNewHO--dueDate"}]}
RESULT: {"script":"<script> [1562 bytes]","args":[{"selector":{"id":"application-managehandovers-display-component---AddNewHO--dueDate","interaction":{"idSuffix":"inner"}},"wdio_ui5_key":"applicationmanagehandovers-display-component---AddNewHO--dueDate"}]}
COMMAND: POST /session/f2664590fead15ec17982177271525a3/execute/async - {"script":"<script> [6424 bytes]","args":[{"element-6066-11e4-a52e-4f735466cecf":"f.00969020EDAB38E57A85DBAFB8D2C3DD.d.29E347E950BEC787B19F9A40FA68839F.e.5205"},"setValue",["05/07/2025"]]}
RESULT: {"script":"<script> [6424 bytes]","args":[{"element-6066-11e4-a52e-4f735466cecf":"f.00969020EDAB38E57A85DBAFB8D2C3DD.d.29E347E950BEC787B19F9A40FA68839F.e.5205"},"setValue",["05/07/2025"]]}
COMMAND: POST /session/f2664590fead15ec17982177271525a3/element - {"using":"xpath","value":"//bdi[contains(text(), \"Instructions\")]"}
RESULT: {"using":"xpath","value":"//bdi[contains(text(), \"Instructions\")]"}
COMMAND: POST /session/f2664590fead15ec17982177271525a3/element/f.00969020EDAB38E57A85DBAFB8D2C3DD.d.29E347E950BEC787B19F9A40FA68839F.e.5424/click - {}
RESULT: {}
COMMAND: GET /session/f2664590fead15ec17982177271525a3/screenshot - {}
RESULT: {}
COMMAND: POST /session/f2664590fead15ec17982177271525a3/element - {"using":"xpath","value":"//button[@data-kt=\"AddNewHOProvideAddItemsButton\"]"}
RESULT: {"using":"xpath","value":"//button[@data-kt=\"AddNewHOProvideAddItemsButton\"]"}
COMMAND: POST /session/f2664590fead15ec17982177271525a3/element/f.00969020EDAB38E57A85DBAFB8D2C3DD.d.29E347E950BEC787B19F9A40FA68839F.e.5428/click - {}
RESULT: {}
COMMAND: GET /session/f2664590fead15ec17982177271525a3/screenshot - {}
RESULT: {}
RESULT: undefined
COMMAND: POST /session/f2664590fead15ec17982177271525a3/element - {"using":"xpath","value":"//*[@id=\"application-managehandovers-display-component---AddNewHO--popup-sa\"]"}
RESULT: {"using":"xpath","value":"//*[@id=\"application-managehandovers-display-component---AddNewHO--popup-sa\"]"}
COMMAND: POST /session/f2664590fead15ec17982177271525a3/element/f.00969020EDAB38E57A85DBAFB8D2C3DD.d.29E347E950BEC787B19F9A40FA68839F.e.5438/click - {}
RESULT: {}
COMMAND: GET /session/f2664590fead15ec17982177271525a3/screenshot - {}
RESULT: {}
COMMAND: POST /session/f2664590fead15ec17982177271525a3/element - {"using":"xpath","value":"//*[contains(@id ,\"BDI-content\")][contains(text(), \"Select\")]"}
RESULT: {"using":"xpath","value":"//*[contains(@id ,\"BDI-content\")][contains(text(), \"Select\")]"}
COMMAND: POST /session/f2664590fead15ec17982177271525a3/element/f.00969020EDAB38E57A85DBAFB8D2C3DD.d.29E347E950BEC787B19F9A40FA68839F.e.5439/click - {}
RESULT: {}
COMMAND: GET /session/f2664590fead15ec17982177271525a3/screenshot - {}
RESULT: {}
COMMAND: POST /session/f2664590fead15ec17982177271525a3/execute/async - {"script":"<script> [1562 bytes]","args":[{"selector":{"id":"application-managehandovers-display-component---AddNewHO--confirmCreationButton","interaction":{"idSuffix":"BDI-content"}},"wdio_ui5_key":"applicationmanagehandovers-display-component---AddNewHO--confirmCreationButton"}]}
RESULT: {"script":"<script> [1562 bytes]","args":[{"selector":{"id":"application-managehandovers-display-component---AddNewHO--confirmCreationButton","interaction":{"idSuffix":"BDI-content"}},"wdio_ui5_key":"applicationmanagehandovers-display-component---AddNewHO--confirmCreationButton"}]}
RESULT: undefined
COMMAND: POST /session/f2664590fead15ec17982177271525a3/element - {"using":"xpath","value":"//*[@id=\"application-managehandovers-display-component---AddNewHO--confirmCreationButton\"]"}
RESULT: {"using":"xpath","value":"//*[@id=\"application-managehandovers-display-component---AddNewHO--confirmCreationButton\"]"}
COMMAND: POST /session/f2664590fead15ec17982177271525a3/element/f.00969020EDAB38E57A85DBAFB8D2C3DD.d.29E347E950BEC787B19F9A40FA68839F.e.5231/click - {}
RESULT: {}
COMMAND: GET /session/f2664590fead15ec17982177271525a3/screenshot - {}
RESULT: {}
COMMAND: POST /session/f2664590fead15ec17982177271525a3/element - {"using":"xpath","value":"//button[@data-kt=\"PickingTableConfirmAllButton\"]"}
RESULT: {"using":"xpath","value":"//button[@data-kt=\"PickingTableConfirmAllButton\"]"}
COMMAND: POST /session/f2664590fead15ec17982177271525a3/elements - {"using":"xpath","value":"//button[@data-kt=\"PickingTableConfirmAllButton\"]"}
RESULT: {"using":"xpath","value":"//button[@data-kt=\"PickingTableConfirmAllButton\"]"}
COMMAND: POST /session/f2664590fead15ec17982177271525a3/elements - {"using":"xpath","value":"//button[@data-kt=\"PickingTableConfirmAllButton\"]"}
RESULT: {"using":"xpath","value":"//button[@data-kt=\"PickingTableConfirmAllButton\"]"}
COMMAND: POST /session/f2664590fead15ec17982177271525a3/elements - {"using":"xpath","value":"//button[@data-kt=\"PickingTableConfirmAllButton\"]"}
RESULT: {"using":"xpath","value":"//button[@data-kt=\"PickingTableConfirmAllButton\"]"}
COMMAND: POST /session/f2664590fead15ec17982177271525a3/element - {"using":"xpath","value":"//button[@data-kt=\"PickingTableConfirmAllButton\"]"}
RESULT: {"using":"xpath","value":"//button[@data-kt=\"PickingTableConfirmAllButton\"]"}
COMMAND: POST /session/f2664590fead15ec17982177271525a3/element/f.00969020EDAB38E57A85DBAFB8D2C3DD.d.29E347E950BEC787B19F9A40FA68839F.e.5477/click - {}
COMMAND: POST /session/f2664590fead15ec17982177271525a3/element - {"using":"xpath","value":"//button[@data-kt=\"PickingTableConfirmAllButton\"]"}
RESULT: {"using":"xpath","value":"//button[@data-kt=\"PickingTableConfirmAllButton\"]"}
COMMAND: POST /session/f2664590fead15ec17982177271525a3/element/f.00969020EDAB38E57A85DBAFB8D2C3DD.d.29E347E950BEC787B19F9A40FA68839F.e.5477/click - {}
COMMAND: POST /session/f2664590fead15ec17982177271525a3/element - {"using":"xpath","value":"//button[@data-kt=\"PickingTableConfirmAllButton\"]"}
RESULT: {"using":"xpath","value":"//button[@data-kt=\"PickingTableConfirmAllButton\"]"}
COMMAND: POST /session/f2664590fead15ec17982177271525a3/element/f.00969020EDAB38E57A85DBAFB8D2C3DD.d.29E347E950BEC787B19F9A40FA68839F.e.5499/click - {}
RESULT: {}
COMMAND: GET /session/f2664590fead15ec17982177271525a3/screenshot - {}
RESULT: {}
COMMAND: POST /session/f2664590fead15ec17982177271525a3/element - {"using":"xpath","value":"//bdi[contains(text(), \"OK\")]"}
RESULT: {"using":"xpath","value":"//bdi[contains(text(), \"OK\")]"}
COMMAND: POST /session/f2664590fead15ec17982177271525a3/element/f.00969020EDAB38E57A85DBAFB8D2C3DD.d.29E347E950BEC787B19F9A40FA68839F.e.5503/click - {}
RESULT: {}
COMMAND: GET /session/f2664590fead15ec17982177271525a3/screenshot - {}
RESULT: {}
COMMAND: POST /session/f2664590fead15ec17982177271525a3/element - {"using":"xpath","value":"//bdi[contains(text(), \"Issue\")]"}
RESULT: {"using":"xpath","value":"//bdi[contains(text(), \"Issue\")]"}
COMMAND: POST /session/f2664590fead15ec17982177271525a3/element/f.00969020EDAB38E57A85DBAFB8D2C3DD.d.29E347E950BEC787B19F9A40FA68839F.e.5505/click - {}
RESULT: {}
COMMAND: GET /session/f2664590fead15ec17982177271525a3/screenshot - {}
RESULT: {}
COMMAND: POST /session/f2664590fead15ec17982177271525a3/element - {"using":"css selector","value":"#shell-header-logo"}
RESULT: {"using":"css selector","value":"#shell-header-logo"}
COMMAND: POST /session/f2664590fead15ec17982177271525a3/element/f.00969020EDAB38E57A85DBAFB8D2C3DD.d.29E347E950BEC787B19F9A40FA68839F.e.4526/click - {}
RESULT: {}
COMMAND: GET /session/f2664590fead15ec17982177271525a3/screenshot - {}
RESULT: {}
]]></system-out>
    </testcase>
    <testcase classname="chrome.135_0_7049_115.windows.Billing_Transfer_-_Master_data_&amp;_Intercompany_US127250" name="Should go navigate to Manage Billings and trigger contract calculation check result" time="60.527">
      <system-out><![CDATA[
COMMAND: POST /session/f2664590fead15ec17982177271525a3/execute/async - {"script":"<script> [1562 bytes]","args":[{"selector":{"controlType":"sap.m.GenericTile","properties":{"header":"Manage Billings"}},"wdio_ui5_key":"sapm.GenericTile{\"header\":\"Manage Billings\"}"}]}
RESULT: {"script":"<script> [1562 bytes]","args":[{"selector":{"controlType":"sap.m.GenericTile","properties":{"header":"Manage Billings"}},"wdio_ui5_key":"sapm.GenericTile{\"header\":\"Manage Billings\"}"}]}
RESULT: undefined
COMMAND: POST /session/f2664590fead15ec17982177271525a3/element - {"using":"xpath","value":"//*[@id=\"__tile51\"]"}
RESULT: {"using":"xpath","value":"//*[@id=\"__tile51\"]"}
COMMAND: POST /session/f2664590fead15ec17982177271525a3/element/f.00969020EDAB38E57A85DBAFB8D2C3DD.d.29E347E950BEC787B19F9A40FA68839F.e.204/click - {}
RESULT: {}
COMMAND: GET /session/f2664590fead15ec17982177271525a3/screenshot - {}
RESULT: {}
COMMAND: POST /session/f2664590fead15ec17982177271525a3/execute/async - {"script":"<script> [1562 bytes]","args":[{"selector":{"id":"application-managebillings-display-component---billRunCalcResult--smartFilterBar-btnBasicSearch","interaction":{"idSuffix":"I"}},"wdio_ui5_key":"applicationmanagebillings-display-component---billRunCalcResult--smartFilterBar-btnBasicSearch"}]}
RESULT: {"script":"<script> [1562 bytes]","args":[{"selector":{"id":"application-managebillings-display-component---billRunCalcResult--smartFilterBar-btnBasicSearch","interaction":{"idSuffix":"I"}},"wdio_ui5_key":"applicationmanagebillings-display-component---billRunCalcResult--smartFilterBar-btnBasicSearch"}]}
RESULT: undefined
COMMAND: POST /session/f2664590fead15ec17982177271525a3/execute/async - {"script":"<script> [776 bytes]","args":[{"enterText":"10617","selector":{"id":"application-managebillings-display-component---billRunCalcResult--smartFilterBar-btnBasicSearch","interaction":{"idSuffix":"I"}},"clearTextFirst":true,"interactionType":"ENTER_TEXT"}]}
RESULT: {"script":"<script> [776 bytes]","args":[{"enterText":"10617","selector":{"id":"application-managebillings-display-component---billRunCalcResult--smartFilterBar-btnBasicSearch","interaction":{"idSuffix":"I"}},"clearTextFirst":true,"interactionType":"ENTER_TEXT"}]}
COMMAND: POST /session/f2664590fead15ec17982177271525a3/actions - {"actions":[{"id":"action19","type":"key","parameters":{},"actions":[{"type":"keyDown","value":"î€‡"},{"type":"pause","duration":10},{"type":"keyUp","value":"î€‡"}]}]}
RESULT: {"actions":[{"id":"action19","type":"key","parameters":{},"actions":[{"type":"keyDown","value":"î€‡"},{"type":"pause","duration":10},{"type":"keyUp","value":"î€‡"}]}]}
COMMAND: GET /session/f2664590fead15ec17982177271525a3/screenshot - {}
RESULT: {}
COMMAND: POST /session/f2664590fead15ec17982177271525a3/element - {"using":"xpath","value":"//td[@aria-colindex=\"1\"]/div/div[contains(@class, \"sapMCbBg\")]"}
RESULT: {"using":"xpath","value":"//td[@aria-colindex=\"1\"]/div/div[contains(@class, \"sapMCbBg\")]"}
COMMAND: POST /session/f2664590fead15ec17982177271525a3/element/f.00969020EDAB38E57A85DBAFB8D2C3DD.d.29E347E950BEC787B19F9A40FA68839F.e.5904/click - {}
RESULT: {}
COMMAND: GET /session/f2664590fead15ec17982177271525a3/screenshot - {}
RESULT: {}
COMMAND: POST /session/f2664590fead15ec17982177271525a3/execute/async - {"script":"<script> [1562 bytes]","args":[{"selector":{"id":"application-managebillings-display-component---billRunCalcResult--contractBillRunDate","interaction":{"idSuffix":"inner"}},"wdio_ui5_key":"applicationmanagebillings-display-component---billRunCalcResult--contractBillRunDate"}]}
RESULT: {"script":"<script> [1562 bytes]","args":[{"selector":{"id":"application-managebillings-display-component---billRunCalcResult--contractBillRunDate","interaction":{"idSuffix":"inner"}},"wdio_ui5_key":"applicationmanagebillings-display-component---billRunCalcResult--contractBillRunDate"}]}
RESULT: undefined
COMMAND: POST /session/f2664590fead15ec17982177271525a3/execute/async - {"script":"<script> [776 bytes]","args":[{"enterText":"06/07/25","selector":{"id":"application-managebillings-display-component---billRunCalcResult--contractBillRunDate","interaction":{"idSuffix":"inner"}},"clearTextFirst":true,"interactionType":"ENTER_TEXT"}]}
RESULT: {"script":"<script> [776 bytes]","args":[{"enterText":"06/07/25","selector":{"id":"application-managebillings-display-component---billRunCalcResult--contractBillRunDate","interaction":{"idSuffix":"inner"}},"clearTextFirst":true,"interactionType":"ENTER_TEXT"}]}
COMMAND: POST /session/f2664590fead15ec17982177271525a3/element - {"using":"xpath","value":"//bdi[contains(text(), \"Trigger Calculation\")]"}
RESULT: {"using":"xpath","value":"//bdi[contains(text(), \"Trigger Calculation\")]"}
COMMAND: POST /session/f2664590fead15ec17982177271525a3/element/f.00969020EDAB38E57A85DBAFB8D2C3DD.d.29E347E950BEC787B19F9A40FA68839F.e.5955/click - {}
RESULT: {}
COMMAND: GET /session/f2664590fead15ec17982177271525a3/screenshot - {}
RESULT: {}
COMMAND: POST /session/f2664590fead15ec17982177271525a3/element - {"using":"xpath","value":"(//span[contains(@id, \"imgNav\")])[1]"}
RESULT: {"using":"xpath","value":"(//span[contains(@id, \"imgNav\")])[1]"}
COMMAND: POST /session/f2664590fead15ec17982177271525a3/element/f.00969020EDAB38E57A85DBAFB8D2C3DD.d.29E347E950BEC787B19F9A40FA68839F.e.5905/click - {}
RESULT: {}
COMMAND: GET /session/f2664590fead15ec17982177271525a3/screenshot - {}
RESULT: {}
COMMAND: POST /session/f2664590fead15ec17982177271525a3/element - {"using":"xpath","value":"//tr/td[6]/div[1]/span[1]/span[1]"}
RESULT: {"using":"xpath","value":"//tr/td[6]/div[1]/span[1]/span[1]"}
COMMAND: GET /session/f2664590fead15ec17982177271525a3/element/f.00969020EDAB38E57A85DBAFB8D2C3DD.d.29E347E950BEC787B19F9A40FA68839F.e.5961/text - {}
RESULT: {}
COMMAND: POST /session/f2664590fead15ec17982177271525a3/element - {"using":"xpath","value":"(//span[contains(@id, \"imgNav\")])[2]"}
RESULT: {"using":"xpath","value":"(//span[contains(@id, \"imgNav\")])[2]"}
COMMAND: POST /session/f2664590fead15ec17982177271525a3/element/f.00969020EDAB38E57A85DBAFB8D2C3DD.d.29E347E950BEC787B19F9A40FA68839F.e.5962/click - {}
RESULT: {}
COMMAND: POST /session/f2664590fead15ec17982177271525a3/element - {"using":"xpath","value":"//bdi[contains(text(), \"Business Confirm\")]"}
COMMAND: GET /session/f2664590fead15ec17982177271525a3/screenshot - {}
RESULT: {"using":"xpath","value":"//bdi[contains(text(), \"Business Confirm\")]"}
COMMAND: POST /session/f2664590fead15ec17982177271525a3/elements - {"using":"xpath","value":"//bdi[contains(text(), \"Business Confirm\")]"}
RESULT: {}
RESULT: {"using":"xpath","value":"//bdi[contains(text(), \"Business Confirm\")]"}
COMMAND: POST /session/f2664590fead15ec17982177271525a3/element - {"using":"xpath","value":"//bdi[contains(text(), \"Business Confirm\")]"}
RESULT: {"using":"xpath","value":"//bdi[contains(text(), \"Business Confirm\")]"}
COMMAND: POST /session/f2664590fead15ec17982177271525a3/element/f.00969020EDAB38E57A85DBAFB8D2C3DD.d.29E347E950BEC787B19F9A40FA68839F.e.5994/click - {}
RESULT: {}
COMMAND: POST /session/f2664590fead15ec17982177271525a3/element - {"using":"css selector","value":"#shell-header-logo"}
COMMAND: GET /session/f2664590fead15ec17982177271525a3/screenshot - {}
RESULT: {"using":"css selector","value":"#shell-header-logo"}
COMMAND: POST /session/f2664590fead15ec17982177271525a3/element/f.00969020EDAB38E57A85DBAFB8D2C3DD.d.29E347E950BEC787B19F9A40FA68839F.e.5684/click - {}
RESULT: {}
RESULT: {}
COMMAND: GET /session/f2664590fead15ec17982177271525a3/screenshot - {}
RESULT: {}
]]></system-out>
    </testcase>
    <testcase classname="chrome.135_0_7049_115.windows.Billing_Transfer_-_Master_data_&amp;_Intercompany_US127250" name="Should do Billing Transfer all the way into invoice open for intercompany case" time="93.875">
      <system-out><![CDATA[
COMMAND: POST /session/f2664590fead15ec17982177271525a3/execute/async - {"script":"<script> [1562 bytes]","args":[{"selector":{"controlType":"sap.m.GenericTile","properties":{"header":"Billing Transfer"}},"wdio_ui5_key":"sapm.GenericTile{\"header\":\"Billing Transfer\"}"}]}
RESULT: {"script":"<script> [1562 bytes]","args":[{"selector":{"controlType":"sap.m.GenericTile","properties":{"header":"Billing Transfer"}},"wdio_ui5_key":"sapm.GenericTile{\"header\":\"Billing Transfer\"}"}]}
RESULT: undefined
COMMAND: POST /session/f2664590fead15ec17982177271525a3/element - {"using":"xpath","value":"//*[@id=\"__tile50\"]"}
RESULT: {"using":"xpath","value":"//*[@id=\"__tile50\"]"}
COMMAND: POST /session/f2664590fead15ec17982177271525a3/element/f.00969020EDAB38E57A85DBAFB8D2C3DD.d.29E347E950BEC787B19F9A40FA68839F.e.202/click - {}
RESULT: {}
COMMAND: POST /session/f2664590fead15ec17982177271525a3/element - {"using":"xpath","value":"//input[contains(@id ,\"application-billingtransfer-display-component---billingWorkbench--smartFilterBar-btnBasicSearch\")]"}
COMMAND: GET /session/f2664590fead15ec17982177271525a3/screenshot - {}
RESULT: {"using":"xpath","value":"//input[contains(@id ,\"application-billingtransfer-display-component---billingWorkbench--smartFilterBar-btnBasicSearch\")]"}
COMMAND: POST /session/f2664590fead15ec17982177271525a3/elements - {"using":"xpath","value":"//input[contains(@id ,\"application-billingtransfer-display-component---billingWorkbench--smartFilterBar-btnBasicSearch\")]"}
RESULT: {}
RESULT: {"using":"xpath","value":"//input[contains(@id ,\"application-billingtransfer-display-component---billingWorkbench--smartFilterBar-btnBasicSearch\")]"}
COMMAND: POST /session/f2664590fead15ec17982177271525a3/elements - {"using":"xpath","value":"//input[contains(@id ,\"application-billingtransfer-display-component---billingWorkbench--smartFilterBar-btnBasicSearch\")]"}
RESULT: {"using":"xpath","value":"//input[contains(@id ,\"application-billingtransfer-display-component---billingWorkbench--smartFilterBar-btnBasicSearch\")]"}
COMMAND: POST /session/f2664590fead15ec17982177271525a3/elements - {"using":"xpath","value":"//input[contains(@id ,\"application-billingtransfer-display-component---billingWorkbench--smartFilterBar-btnBasicSearch\")]"}
RESULT: {"using":"xpath","value":"//input[contains(@id ,\"application-billingtransfer-display-component---billingWorkbench--smartFilterBar-btnBasicSearch\")]"}
COMMAND: POST /session/f2664590fead15ec17982177271525a3/elements - {"using":"xpath","value":"//input[contains(@id ,\"application-billingtransfer-display-component---billingWorkbench--smartFilterBar-btnBasicSearch\")]"}
RESULT: {"using":"xpath","value":"//input[contains(@id ,\"application-billingtransfer-display-component---billingWorkbench--smartFilterBar-btnBasicSearch\")]"}
COMMAND: POST /session/f2664590fead15ec17982177271525a3/element - {"using":"xpath","value":"//input[contains(@id ,\"application-billingtransfer-display-component---billingWorkbench--smartFilterBar-btnBasicSearch\")]"}
RESULT: {"using":"xpath","value":"//input[contains(@id ,\"application-billingtransfer-display-component---billingWorkbench--smartFilterBar-btnBasicSearch\")]"}
COMMAND: POST /session/f2664590fead15ec17982177271525a3/execute/sync - {"script":"<script> [8489 bytes]","args":[{"element-6066-11e4-a52e-4f735466cecf":"f.00969020EDAB38E57A85DBAFB8D2C3DD.d.29E347E950BEC787B19F9A40FA68839F.e.6042","ELEMENT":"f.00969020EDAB38E57A85DBAFB8D2C3DD.d.29E347E950BEC787B19F9A40FA68839F.e.6042"}]}
RESULT: {"script":"<script> [8489 bytes]","args":[{"element-6066-11e4-a52e-4f735466cecf":"f.00969020EDAB38E57A85DBAFB8D2C3DD.d.29E347E950BEC787B19F9A40FA68839F.e.6042","ELEMENT":"f.00969020EDAB38E57A85DBAFB8D2C3DD.d.29E347E950BEC787B19F9A40FA68839F.e.6042"}]}
COMMAND: GET /session/f2664590fead15ec17982177271525a3/element/f.00969020EDAB38E57A85DBAFB8D2C3DD.d.29E347E950BEC787B19F9A40FA68839F.e.6042/enabled - {}
COMMAND: GET /session/f2664590fead15ec17982177271525a3/screenshot - {}
RESULT: {}
COMMAND: POST /session/f2664590fead15ec17982177271525a3/element/f.00969020EDAB38E57A85DBAFB8D2C3DD.d.29E347E950BEC787B19F9A40FA68839F.e.6042/click - {}
COMMAND: GET /session/f2664590fead15ec17982177271525a3/screenshot - {}
RESULT: {}
RESULT: {}
COMMAND: GET /session/f2664590fead15ec17982177271525a3/screenshot - {}
RESULT: {}
RESULT: {}
COMMAND: POST /session/f2664590fead15ec17982177271525a3/element/f.00969020EDAB38E57A85DBAFB8D2C3DD.d.29E347E950BEC787B19F9A40FA68839F.e.6042/clear - {}
RESULT: {}
COMMAND: POST /session/f2664590fead15ec17982177271525a3/element/f.00969020EDAB38E57A85DBAFB8D2C3DD.d.29E347E950BEC787B19F9A40FA68839F.e.6042/value - {"text":"10617"}
COMMAND: GET /session/f2664590fead15ec17982177271525a3/screenshot - {}
RESULT: {"text":"10617"}
COMMAND: POST /session/f2664590fead15ec17982177271525a3/actions - {"actions":[{"id":"action20","type":"key","parameters":{},"actions":[{"type":"keyDown","value":"î€‡"},{"type":"pause","duration":10},{"type":"keyUp","value":"î€‡"}]}]}
COMMAND: GET /session/f2664590fead15ec17982177271525a3/screenshot - {}
RESULT: {}
RESULT: {"actions":[{"id":"action20","type":"key","parameters":{},"actions":[{"type":"keyDown","value":"î€‡"},{"type":"pause","duration":10},{"type":"keyUp","value":"î€‡"}]}]}
COMMAND: GET /session/f2664590fead15ec17982177271525a3/screenshot - {}
RESULT: {}
RESULT: {}
COMMAND: POST /session/f2664590fead15ec17982177271525a3/element - {"using":"xpath","value":"//span[contains(@id ,\"application-billingtransfer-display-component---billingWorkbench--smartTableBillingRuns-header-inner\")]"}
RESULT: {"using":"xpath","value":"//span[contains(@id ,\"application-billingtransfer-display-component---billingWorkbench--smartTableBillingRuns-header-inner\")]"}
COMMAND: POST /session/f2664590fead15ec17982177271525a3/elements - {"using":"xpath","value":"//span[contains(@id ,\"application-billingtransfer-display-component---billingWorkbench--smartTableBillingRuns-header-inner\")]"}
RESULT: {"using":"xpath","value":"//span[contains(@id ,\"application-billingtransfer-display-component---billingWorkbench--smartTableBillingRuns-header-inner\")]"}
COMMAND: POST /session/f2664590fead15ec17982177271525a3/execute/sync - {"script":"<script> [56 bytes]","args":[{"element-6066-11e4-a52e-4f735466cecf":"f.00969020EDAB38E57A85DBAFB8D2C3DD.d.29E347E950BEC787B19F9A40FA68839F.e.6209","ELEMENT":"f.00969020EDAB38E57A85DBAFB8D2C3DD.d.29E347E950BEC787B19F9A40FA68839F.e.6209"}]}
RESULT: {"script":"<script> [56 bytes]","args":[{"element-6066-11e4-a52e-4f735466cecf":"f.00969020EDAB38E57A85DBAFB8D2C3DD.d.29E347E950BEC787B19F9A40FA68839F.e.6209","ELEMENT":"f.00969020EDAB38E57A85DBAFB8D2C3DD.d.29E347E950BEC787B19F9A40FA68839F.e.6209"}]}
COMMAND: POST /session/f2664590fead15ec17982177271525a3/element - {"using":"xpath","value":"//td[@aria-colindex=\"1\"]/div/div[contains(@class, \"sapMCbBg\")]"}
COMMAND: GET /session/f2664590fead15ec17982177271525a3/screenshot - {}
RESULT: {"using":"xpath","value":"//td[@aria-colindex=\"1\"]/div/div[contains(@class, \"sapMCbBg\")]"}
COMMAND: POST /session/f2664590fead15ec17982177271525a3/element/f.00969020EDAB38E57A85DBAFB8D2C3DD.d.29E347E950BEC787B19F9A40FA68839F.e.6199/click - {}
RESULT: {}
RESULT: {}
COMMAND: GET /session/f2664590fead15ec17982177271525a3/screenshot - {}
RESULT: {}
COMMAND: POST /session/f2664590fead15ec17982177271525a3/element - {"using":"xpath","value":"//bdi[contains(text(), \"Check\")]"}
RESULT: {"using":"xpath","value":"//bdi[contains(text(), \"Check\")]"}
COMMAND: POST /session/f2664590fead15ec17982177271525a3/element/f.00969020EDAB38E57A85DBAFB8D2C3DD.d.29E347E950BEC787B19F9A40FA68839F.e.6210/click - {}
RESULT: {}
COMMAND: GET /session/f2664590fead15ec17982177271525a3/screenshot - {}
RESULT: {}
COMMAND: POST /session/f2664590fead15ec17982177271525a3/element - {"using":"xpath","value":"//bdi[contains(text(), \"OK\")]"}
RESULT: {"using":"xpath","value":"//bdi[contains(text(), \"OK\")]"}
COMMAND: POST /session/f2664590fead15ec17982177271525a3/element/f.00969020EDAB38E57A85DBAFB8D2C3DD.d.29E347E950BEC787B19F9A40FA68839F.e.6214/click - {}
RESULT: {}
COMMAND: GET /session/f2664590fead15ec17982177271525a3/screenshot - {}
RESULT: {}
COMMAND: POST /session/f2664590fead15ec17982177271525a3/element - {"using":"xpath","value":"(//span[contains(text(), \"CO/SD checked\")]/parent::div/preceding-sibling::div/span)[1]"}
RESULT: {"using":"xpath","value":"(//span[contains(text(), \"CO/SD checked\")]/parent::div/preceding-sibling::div/span)[1]"}
COMMAND: POST /session/f2664590fead15ec17982177271525a3/element/f.00969020EDAB38E57A85DBAFB8D2C3DD.d.29E347E950BEC787B19F9A40FA68839F.e.6215/click - {}
RESULT: {}
COMMAND: GET /session/f2664590fead15ec17982177271525a3/screenshot - {}
RESULT: {}
COMMAND: POST /session/f2664590fead15ec17982177271525a3/element - {"using":"xpath","value":"//input[contains(@id ,\"application-billingtransfer-display-component---billingWorkbench--smartFilterBar-btnBasicSearch\")]"}
RESULT: {"using":"xpath","value":"//input[contains(@id ,\"application-billingtransfer-display-component---billingWorkbench--smartFilterBar-btnBasicSearch\")]"}
COMMAND: POST /session/f2664590fead15ec17982177271525a3/elements - {"using":"xpath","value":"//input[contains(@id ,\"application-billingtransfer-display-component---billingWorkbench--smartFilterBar-btnBasicSearch\")]"}
RESULT: {"using":"xpath","value":"//input[contains(@id ,\"application-billingtransfer-display-component---billingWorkbench--smartFilterBar-btnBasicSearch\")]"}
COMMAND: POST /session/f2664590fead15ec17982177271525a3/execute/sync - {"script":"<script> [8489 bytes]","args":[{"element-6066-11e4-a52e-4f735466cecf":"f.00969020EDAB38E57A85DBAFB8D2C3DD.d.29E347E950BEC787B19F9A40FA68839F.e.6042","ELEMENT":"f.00969020EDAB38E57A85DBAFB8D2C3DD.d.29E347E950BEC787B19F9A40FA68839F.e.6042"}]}
RESULT: {"script":"<script> [8489 bytes]","args":[{"element-6066-11e4-a52e-4f735466cecf":"f.00969020EDAB38E57A85DBAFB8D2C3DD.d.29E347E950BEC787B19F9A40FA68839F.e.6042","ELEMENT":"f.00969020EDAB38E57A85DBAFB8D2C3DD.d.29E347E950BEC787B19F9A40FA68839F.e.6042"}]}
COMMAND: GET /session/f2664590fead15ec17982177271525a3/element/f.00969020EDAB38E57A85DBAFB8D2C3DD.d.29E347E950BEC787B19F9A40FA68839F.e.6042/enabled - {}
COMMAND: GET /session/f2664590fead15ec17982177271525a3/screenshot - {}
RESULT: {}
COMMAND: POST /session/f2664590fead15ec17982177271525a3/element/f.00969020EDAB38E57A85DBAFB8D2C3DD.d.29E347E950BEC787B19F9A40FA68839F.e.6042/click - {}
COMMAND: GET /session/f2664590fead15ec17982177271525a3/screenshot - {}
RESULT: {}
RESULT: {}
COMMAND: GET /session/f2664590fead15ec17982177271525a3/screenshot - {}
RESULT: {}
RESULT: {}
COMMAND: POST /session/f2664590fead15ec17982177271525a3/element/f.00969020EDAB38E57A85DBAFB8D2C3DD.d.29E347E950BEC787B19F9A40FA68839F.e.6042/clear - {}
RESULT: {}
COMMAND: POST /session/f2664590fead15ec17982177271525a3/element/f.00969020EDAB38E57A85DBAFB8D2C3DD.d.29E347E950BEC787B19F9A40FA68839F.e.6042/value - {"text":"10617"}
COMMAND: GET /session/f2664590fead15ec17982177271525a3/screenshot - {}
RESULT: {"text":"10617"}
COMMAND: POST /session/f2664590fead15ec17982177271525a3/actions - {"actions":[{"id":"action21","type":"key","parameters":{},"actions":[{"type":"keyDown","value":"î€‡"},{"type":"pause","duration":10},{"type":"keyUp","value":"î€‡"}]}]}
COMMAND: GET /session/f2664590fead15ec17982177271525a3/screenshot - {}
RESULT: {}
RESULT: {"actions":[{"id":"action21","type":"key","parameters":{},"actions":[{"type":"keyDown","value":"î€‡"},{"type":"pause","duration":10},{"type":"keyUp","value":"î€‡"}]}]}
COMMAND: GET /session/f2664590fead15ec17982177271525a3/screenshot - {}
RESULT: {}
RESULT: {}
COMMAND: POST /session/f2664590fead15ec17982177271525a3/element - {"using":"xpath","value":"//span[contains(@id ,\"application-billingtransfer-display-component---billingWorkbench--smartTableBillingRuns-header-inner\")]"}
RESULT: {"using":"xpath","value":"//span[contains(@id ,\"application-billingtransfer-display-component---billingWorkbench--smartTableBillingRuns-header-inner\")]"}
COMMAND: POST /session/f2664590fead15ec17982177271525a3/elements - {"using":"xpath","value":"//span[contains(@id ,\"application-billingtransfer-display-component---billingWorkbench--smartTableBillingRuns-header-inner\")]"}
RESULT: {"using":"xpath","value":"//span[contains(@id ,\"application-billingtransfer-display-component---billingWorkbench--smartTableBillingRuns-header-inner\")]"}
COMMAND: POST /session/f2664590fead15ec17982177271525a3/execute/sync - {"script":"<script> [56 bytes]","args":[{"element-6066-11e4-a52e-4f735466cecf":"f.00969020EDAB38E57A85DBAFB8D2C3DD.d.29E347E950BEC787B19F9A40FA68839F.e.6209","ELEMENT":"f.00969020EDAB38E57A85DBAFB8D2C3DD.d.29E347E950BEC787B19F9A40FA68839F.e.6209"}]}
RESULT: {"script":"<script> [56 bytes]","args":[{"element-6066-11e4-a52e-4f735466cecf":"f.00969020EDAB38E57A85DBAFB8D2C3DD.d.29E347E950BEC787B19F9A40FA68839F.e.6209","ELEMENT":"f.00969020EDAB38E57A85DBAFB8D2C3DD.d.29E347E950BEC787B19F9A40FA68839F.e.6209"}]}
COMMAND: GET /session/f2664590fead15ec17982177271525a3/screenshot - {}
RESULT: {}
COMMAND: POST /session/f2664590fead15ec17982177271525a3/execute/sync - {"script":"<script> [56 bytes]","args":[{"element-6066-11e4-a52e-4f735466cecf":"f.00969020EDAB38E57A85DBAFB8D2C3DD.d.29E347E950BEC787B19F9A40FA68839F.e.6209","ELEMENT":"f.00969020EDAB38E57A85DBAFB8D2C3DD.d.29E347E950BEC787B19F9A40FA68839F.e.6209"}]}
RESULT: {"script":"<script> [56 bytes]","args":[{"element-6066-11e4-a52e-4f735466cecf":"f.00969020EDAB38E57A85DBAFB8D2C3DD.d.29E347E950BEC787B19F9A40FA68839F.e.6209","ELEMENT":"f.00969020EDAB38E57A85DBAFB8D2C3DD.d.29E347E950BEC787B19F9A40FA68839F.e.6209"}]}
COMMAND: GET /session/f2664590fead15ec17982177271525a3/screenshot - {}
RESULT: {}
COMMAND: POST /session/f2664590fead15ec17982177271525a3/execute/sync - {"script":"<script> [56 bytes]","args":[{"element-6066-11e4-a52e-4f735466cecf":"f.00969020EDAB38E57A85DBAFB8D2C3DD.d.29E347E950BEC787B19F9A40FA68839F.e.6209","ELEMENT":"f.00969020EDAB38E57A85DBAFB8D2C3DD.d.29E347E950BEC787B19F9A40FA68839F.e.6209"}]}
RESULT: {"script":"<script> [56 bytes]","args":[{"element-6066-11e4-a52e-4f735466cecf":"f.00969020EDAB38E57A85DBAFB8D2C3DD.d.29E347E950BEC787B19F9A40FA68839F.e.6209","ELEMENT":"f.00969020EDAB38E57A85DBAFB8D2C3DD.d.29E347E950BEC787B19F9A40FA68839F.e.6209"}]}
COMMAND: GET /session/f2664590fead15ec17982177271525a3/screenshot - {}
RESULT: {}
COMMAND: POST /session/f2664590fead15ec17982177271525a3/execute/sync - {"script":"<script> [56 bytes]","args":[{"element-6066-11e4-a52e-4f735466cecf":"f.00969020EDAB38E57A85DBAFB8D2C3DD.d.29E347E950BEC787B19F9A40FA68839F.e.6209","ELEMENT":"f.00969020EDAB38E57A85DBAFB8D2C3DD.d.29E347E950BEC787B19F9A40FA68839F.e.6209"}]}
RESULT: {"script":"<script> [56 bytes]","args":[{"element-6066-11e4-a52e-4f735466cecf":"f.00969020EDAB38E57A85DBAFB8D2C3DD.d.29E347E950BEC787B19F9A40FA68839F.e.6209","ELEMENT":"f.00969020EDAB38E57A85DBAFB8D2C3DD.d.29E347E950BEC787B19F9A40FA68839F.e.6209"}]}
COMMAND: GET /session/f2664590fead15ec17982177271525a3/screenshot - {}
RESULT: {}
COMMAND: POST /session/f2664590fead15ec17982177271525a3/execute/sync - {"script":"<script> [56 bytes]","args":[{"element-6066-11e4-a52e-4f735466cecf":"f.00969020EDAB38E57A85DBAFB8D2C3DD.d.29E347E950BEC787B19F9A40FA68839F.e.6209","ELEMENT":"f.00969020EDAB38E57A85DBAFB8D2C3DD.d.29E347E950BEC787B19F9A40FA68839F.e.6209"}]}
RESULT: {"script":"<script> [56 bytes]","args":[{"element-6066-11e4-a52e-4f735466cecf":"f.00969020EDAB38E57A85DBAFB8D2C3DD.d.29E347E950BEC787B19F9A40FA68839F.e.6209","ELEMENT":"f.00969020EDAB38E57A85DBAFB8D2C3DD.d.29E347E950BEC787B19F9A40FA68839F.e.6209"}]}
COMMAND: GET /session/f2664590fead15ec17982177271525a3/screenshot - {}
RESULT: {}
COMMAND: POST /session/f2664590fead15ec17982177271525a3/execute/sync - {"script":"<script> [56 bytes]","args":[{"element-6066-11e4-a52e-4f735466cecf":"f.00969020EDAB38E57A85DBAFB8D2C3DD.d.29E347E950BEC787B19F9A40FA68839F.e.6209","ELEMENT":"f.00969020EDAB38E57A85DBAFB8D2C3DD.d.29E347E950BEC787B19F9A40FA68839F.e.6209"}]}
RESULT: {"script":"<script> [56 bytes]","args":[{"element-6066-11e4-a52e-4f735466cecf":"f.00969020EDAB38E57A85DBAFB8D2C3DD.d.29E347E950BEC787B19F9A40FA68839F.e.6209","ELEMENT":"f.00969020EDAB38E57A85DBAFB8D2C3DD.d.29E347E950BEC787B19F9A40FA68839F.e.6209"}]}
COMMAND: GET /session/f2664590fead15ec17982177271525a3/screenshot - {}
RESULT: {}
COMMAND: POST /session/f2664590fead15ec17982177271525a3/execute/sync - {"script":"<script> [56 bytes]","args":[{"element-6066-11e4-a52e-4f735466cecf":"f.00969020EDAB38E57A85DBAFB8D2C3DD.d.29E347E950BEC787B19F9A40FA68839F.e.6209","ELEMENT":"f.00969020EDAB38E57A85DBAFB8D2C3DD.d.29E347E950BEC787B19F9A40FA68839F.e.6209"}]}
RESULT: {"script":"<script> [56 bytes]","args":[{"element-6066-11e4-a52e-4f735466cecf":"f.00969020EDAB38E57A85DBAFB8D2C3DD.d.29E347E950BEC787B19F9A40FA68839F.e.6209","ELEMENT":"f.00969020EDAB38E57A85DBAFB8D2C3DD.d.29E347E950BEC787B19F9A40FA68839F.e.6209"}]}
COMMAND: GET /session/f2664590fead15ec17982177271525a3/screenshot - {}
RESULT: {}
COMMAND: POST /session/f2664590fead15ec17982177271525a3/execute/sync - {"script":"<script> [56 bytes]","args":[{"element-6066-11e4-a52e-4f735466cecf":"f.00969020EDAB38E57A85DBAFB8D2C3DD.d.29E347E950BEC787B19F9A40FA68839F.e.6209","ELEMENT":"f.00969020EDAB38E57A85DBAFB8D2C3DD.d.29E347E950BEC787B19F9A40FA68839F.e.6209"}]}
RESULT: {"script":"<script> [56 bytes]","args":[{"element-6066-11e4-a52e-4f735466cecf":"f.00969020EDAB38E57A85DBAFB8D2C3DD.d.29E347E950BEC787B19F9A40FA68839F.e.6209","ELEMENT":"f.00969020EDAB38E57A85DBAFB8D2C3DD.d.29E347E950BEC787B19F9A40FA68839F.e.6209"}]}
COMMAND: GET /session/f2664590fead15ec17982177271525a3/screenshot - {}
RESULT: {}
COMMAND: POST /session/f2664590fead15ec17982177271525a3/execute/sync - {"script":"<script> [56 bytes]","args":[{"element-6066-11e4-a52e-4f735466cecf":"f.00969020EDAB38E57A85DBAFB8D2C3DD.d.29E347E950BEC787B19F9A40FA68839F.e.6209","ELEMENT":"f.00969020EDAB38E57A85DBAFB8D2C3DD.d.29E347E950BEC787B19F9A40FA68839F.e.6209"}]}
RESULT: {"script":"<script> [56 bytes]","args":[{"element-6066-11e4-a52e-4f735466cecf":"f.00969020EDAB38E57A85DBAFB8D2C3DD.d.29E347E950BEC787B19F9A40FA68839F.e.6209","ELEMENT":"f.00969020EDAB38E57A85DBAFB8D2C3DD.d.29E347E950BEC787B19F9A40FA68839F.e.6209"}]}
COMMAND: GET /session/f2664590fead15ec17982177271525a3/screenshot - {}
RESULT: {}
COMMAND: POST /session/f2664590fead15ec17982177271525a3/execute/sync - {"script":"<script> [56 bytes]","args":[{"element-6066-11e4-a52e-4f735466cecf":"f.00969020EDAB38E57A85DBAFB8D2C3DD.d.29E347E950BEC787B19F9A40FA68839F.e.6209","ELEMENT":"f.00969020EDAB38E57A85DBAFB8D2C3DD.d.29E347E950BEC787B19F9A40FA68839F.e.6209"}]}
RESULT: {"script":"<script> [56 bytes]","args":[{"element-6066-11e4-a52e-4f735466cecf":"f.00969020EDAB38E57A85DBAFB8D2C3DD.d.29E347E950BEC787B19F9A40FA68839F.e.6209","ELEMENT":"f.00969020EDAB38E57A85DBAFB8D2C3DD.d.29E347E950BEC787B19F9A40FA68839F.e.6209"}]}
COMMAND: GET /session/f2664590fead15ec17982177271525a3/screenshot - {}
RESULT: {}
COMMAND: POST /session/f2664590fead15ec17982177271525a3/execute/sync - {"script":"<script> [56 bytes]","args":[{"element-6066-11e4-a52e-4f735466cecf":"f.00969020EDAB38E57A85DBAFB8D2C3DD.d.29E347E950BEC787B19F9A40FA68839F.e.6209","ELEMENT":"f.00969020EDAB38E57A85DBAFB8D2C3DD.d.29E347E950BEC787B19F9A40FA68839F.e.6209"}]}
RESULT: {"script":"<script> [56 bytes]","args":[{"element-6066-11e4-a52e-4f735466cecf":"f.00969020EDAB38E57A85DBAFB8D2C3DD.d.29E347E950BEC787B19F9A40FA68839F.e.6209","ELEMENT":"f.00969020EDAB38E57A85DBAFB8D2C3DD.d.29E347E950BEC787B19F9A40FA68839F.e.6209"}]}
COMMAND: GET /session/f2664590fead15ec17982177271525a3/screenshot - {}
RESULT: {}
COMMAND: POST /session/f2664590fead15ec17982177271525a3/execute/sync - {"script":"<script> [56 bytes]","args":[{"element-6066-11e4-a52e-4f735466cecf":"f.00969020EDAB38E57A85DBAFB8D2C3DD.d.29E347E950BEC787B19F9A40FA68839F.e.6209","ELEMENT":"f.00969020EDAB38E57A85DBAFB8D2C3DD.d.29E347E950BEC787B19F9A40FA68839F.e.6209"}]}
RESULT: {"script":"<script> [56 bytes]","args":[{"element-6066-11e4-a52e-4f735466cecf":"f.00969020EDAB38E57A85DBAFB8D2C3DD.d.29E347E950BEC787B19F9A40FA68839F.e.6209","ELEMENT":"f.00969020EDAB38E57A85DBAFB8D2C3DD.d.29E347E950BEC787B19F9A40FA68839F.e.6209"}]}
COMMAND: POST /session/f2664590fead15ec17982177271525a3/element - {"using":"xpath","value":"//td[@aria-colindex=\"1\"]/div/div[contains(@class, \"sapMCbBg\")]"}
COMMAND: GET /session/f2664590fead15ec17982177271525a3/screenshot - {}
RESULT: {"using":"xpath","value":"//td[@aria-colindex=\"1\"]/div/div[contains(@class, \"sapMCbBg\")]"}
COMMAND: POST /session/f2664590fead15ec17982177271525a3/element/f.00969020EDAB38E57A85DBAFB8D2C3DD.d.29E347E950BEC787B19F9A40FA68839F.e.6220/click - {}
RESULT: {}
RESULT: {}
COMMAND: GET /session/f2664590fead15ec17982177271525a3/screenshot - {}
RESULT: {}
COMMAND: POST /session/f2664590fead15ec17982177271525a3/element - {"using":"xpath","value":"//bdi[text()=\"Transfer\"]"}
RESULT: {"using":"xpath","value":"//bdi[text()=\"Transfer\"]"}
COMMAND: POST /session/f2664590fead15ec17982177271525a3/element/f.00969020EDAB38E57A85DBAFB8D2C3DD.d.29E347E950BEC787B19F9A40FA68839F.e.6221/click - {}
RESULT: {}
COMMAND: GET /session/f2664590fead15ec17982177271525a3/screenshot - {}
RESULT: {}
COMMAND: POST /session/f2664590fead15ec17982177271525a3/element - {"using":"xpath","value":"//bdi[contains(text(), \"OK\")]"}
RESULT: {"using":"xpath","value":"//bdi[contains(text(), \"OK\")]"}
COMMAND: POST /session/f2664590fead15ec17982177271525a3/element/f.00969020EDAB38E57A85DBAFB8D2C3DD.d.29E347E950BEC787B19F9A40FA68839F.e.6224/click - {}
RESULT: {}
COMMAND: GET /session/f2664590fead15ec17982177271525a3/screenshot - {}
RESULT: {}
COMMAND: POST /session/f2664590fead15ec17982177271525a3/element - {"using":"xpath","value":"(//span[contains(text(), \"Invoice open\")]/parent::div/preceding-sibling::div/span)[1]"}
RESULT: {"using":"xpath","value":"(//span[contains(text(), \"Invoice open\")]/parent::div/preceding-sibling::div/span)[1]"}
COMMAND: POST /session/f2664590fead15ec17982177271525a3/element/f.00969020EDAB38E57A85DBAFB8D2C3DD.d.29E347E950BEC787B19F9A40FA68839F.e.6232/click - {}
RESULT: {}
COMMAND: GET /session/f2664590fead15ec17982177271525a3/screenshot - {}
RESULT: {}
COMMAND: POST /session/f2664590fead15ec17982177271525a3/element - {"using":"xpath","value":"//input[contains(@id ,\"application-billingtransfer-display-component---billingWorkbench--smartFilterBar-btnBasicSearch\")]"}
RESULT: {"using":"xpath","value":"//input[contains(@id ,\"application-billingtransfer-display-component---billingWorkbench--smartFilterBar-btnBasicSearch\")]"}
COMMAND: POST /session/f2664590fead15ec17982177271525a3/elements - {"using":"xpath","value":"//input[contains(@id ,\"application-billingtransfer-display-component---billingWorkbench--smartFilterBar-btnBasicSearch\")]"}
RESULT: {"using":"xpath","value":"//input[contains(@id ,\"application-billingtransfer-display-component---billingWorkbench--smartFilterBar-btnBasicSearch\")]"}
COMMAND: POST /session/f2664590fead15ec17982177271525a3/execute/sync - {"script":"<script> [8489 bytes]","args":[{"element-6066-11e4-a52e-4f735466cecf":"f.00969020EDAB38E57A85DBAFB8D2C3DD.d.29E347E950BEC787B19F9A40FA68839F.e.6042","ELEMENT":"f.00969020EDAB38E57A85DBAFB8D2C3DD.d.29E347E950BEC787B19F9A40FA68839F.e.6042"}]}
RESULT: {"script":"<script> [8489 bytes]","args":[{"element-6066-11e4-a52e-4f735466cecf":"f.00969020EDAB38E57A85DBAFB8D2C3DD.d.29E347E950BEC787B19F9A40FA68839F.e.6042","ELEMENT":"f.00969020EDAB38E57A85DBAFB8D2C3DD.d.29E347E950BEC787B19F9A40FA68839F.e.6042"}]}
COMMAND: GET /session/f2664590fead15ec17982177271525a3/element/f.00969020EDAB38E57A85DBAFB8D2C3DD.d.29E347E950BEC787B19F9A40FA68839F.e.6042/enabled - {}
COMMAND: GET /session/f2664590fead15ec17982177271525a3/screenshot - {}
RESULT: {}
COMMAND: POST /session/f2664590fead15ec17982177271525a3/element/f.00969020EDAB38E57A85DBAFB8D2C3DD.d.29E347E950BEC787B19F9A40FA68839F.e.6042/click - {}
COMMAND: GET /session/f2664590fead15ec17982177271525a3/screenshot - {}
RESULT: {}
RESULT: {}
COMMAND: GET /session/f2664590fead15ec17982177271525a3/screenshot - {}
RESULT: {}
RESULT: {}
COMMAND: POST /session/f2664590fead15ec17982177271525a3/element/f.00969020EDAB38E57A85DBAFB8D2C3DD.d.29E347E950BEC787B19F9A40FA68839F.e.6042/clear - {}
RESULT: {}
COMMAND: POST /session/f2664590fead15ec17982177271525a3/element/f.00969020EDAB38E57A85DBAFB8D2C3DD.d.29E347E950BEC787B19F9A40FA68839F.e.6042/value - {"text":"10617"}
COMMAND: GET /session/f2664590fead15ec17982177271525a3/screenshot - {}
RESULT: {"text":"10617"}
COMMAND: POST /session/f2664590fead15ec17982177271525a3/actions - {"actions":[{"id":"action22","type":"key","parameters":{},"actions":[{"type":"keyDown","value":"î€‡"},{"type":"pause","duration":10},{"type":"keyUp","value":"î€‡"}]}]}
COMMAND: GET /session/f2664590fead15ec17982177271525a3/screenshot - {}
RESULT: {}
RESULT: {"actions":[{"id":"action22","type":"key","parameters":{},"actions":[{"type":"keyDown","value":"î€‡"},{"type":"pause","duration":10},{"type":"keyUp","value":"î€‡"}]}]}
COMMAND: GET /session/f2664590fead15ec17982177271525a3/screenshot - {}
RESULT: {}
RESULT: {}
COMMAND: POST /session/f2664590fead15ec17982177271525a3/element - {"using":"xpath","value":"//span[contains(@id ,\"application-billingtransfer-display-component---billingWorkbench--smartTableBillingRuns-header-inner\")]"}
RESULT: {"using":"xpath","value":"//span[contains(@id ,\"application-billingtransfer-display-component---billingWorkbench--smartTableBillingRuns-header-inner\")]"}
COMMAND: POST /session/f2664590fead15ec17982177271525a3/elements - {"using":"xpath","value":"//span[contains(@id ,\"application-billingtransfer-display-component---billingWorkbench--smartTableBillingRuns-header-inner\")]"}
RESULT: {"using":"xpath","value":"//span[contains(@id ,\"application-billingtransfer-display-component---billingWorkbench--smartTableBillingRuns-header-inner\")]"}
COMMAND: POST /session/f2664590fead15ec17982177271525a3/execute/sync - {"script":"<script> [56 bytes]","args":[{"element-6066-11e4-a52e-4f735466cecf":"f.00969020EDAB38E57A85DBAFB8D2C3DD.d.29E347E950BEC787B19F9A40FA68839F.e.6209","ELEMENT":"f.00969020EDAB38E57A85DBAFB8D2C3DD.d.29E347E950BEC787B19F9A40FA68839F.e.6209"}]}
RESULT: {"script":"<script> [56 bytes]","args":[{"element-6066-11e4-a52e-4f735466cecf":"f.00969020EDAB38E57A85DBAFB8D2C3DD.d.29E347E950BEC787B19F9A40FA68839F.e.6209","ELEMENT":"f.00969020EDAB38E57A85DBAFB8D2C3DD.d.29E347E950BEC787B19F9A40FA68839F.e.6209"}]}
COMMAND: GET /session/f2664590fead15ec17982177271525a3/screenshot - {}
RESULT: {}
COMMAND: POST /session/f2664590fead15ec17982177271525a3/execute/sync - {"script":"<script> [56 bytes]","args":[{"element-6066-11e4-a52e-4f735466cecf":"f.00969020EDAB38E57A85DBAFB8D2C3DD.d.29E347E950BEC787B19F9A40FA68839F.e.6209","ELEMENT":"f.00969020EDAB38E57A85DBAFB8D2C3DD.d.29E347E950BEC787B19F9A40FA68839F.e.6209"}]}
RESULT: {"script":"<script> [56 bytes]","args":[{"element-6066-11e4-a52e-4f735466cecf":"f.00969020EDAB38E57A85DBAFB8D2C3DD.d.29E347E950BEC787B19F9A40FA68839F.e.6209","ELEMENT":"f.00969020EDAB38E57A85DBAFB8D2C3DD.d.29E347E950BEC787B19F9A40FA68839F.e.6209"}]}
COMMAND: GET /session/f2664590fead15ec17982177271525a3/screenshot - {}
RESULT: {}
COMMAND: POST /session/f2664590fead15ec17982177271525a3/execute/sync - {"script":"<script> [56 bytes]","args":[{"element-6066-11e4-a52e-4f735466cecf":"f.00969020EDAB38E57A85DBAFB8D2C3DD.d.29E347E950BEC787B19F9A40FA68839F.e.6209","ELEMENT":"f.00969020EDAB38E57A85DBAFB8D2C3DD.d.29E347E950BEC787B19F9A40FA68839F.e.6209"}]}
RESULT: {"script":"<script> [56 bytes]","args":[{"element-6066-11e4-a52e-4f735466cecf":"f.00969020EDAB38E57A85DBAFB8D2C3DD.d.29E347E950BEC787B19F9A40FA68839F.e.6209","ELEMENT":"f.00969020EDAB38E57A85DBAFB8D2C3DD.d.29E347E950BEC787B19F9A40FA68839F.e.6209"}]}
COMMAND: GET /session/f2664590fead15ec17982177271525a3/screenshot - {}
RESULT: {}
COMMAND: POST /session/f2664590fead15ec17982177271525a3/execute/sync - {"script":"<script> [56 bytes]","args":[{"element-6066-11e4-a52e-4f735466cecf":"f.00969020EDAB38E57A85DBAFB8D2C3DD.d.29E347E950BEC787B19F9A40FA68839F.e.6209","ELEMENT":"f.00969020EDAB38E57A85DBAFB8D2C3DD.d.29E347E950BEC787B19F9A40FA68839F.e.6209"}]}
RESULT: {"script":"<script> [56 bytes]","args":[{"element-6066-11e4-a52e-4f735466cecf":"f.00969020EDAB38E57A85DBAFB8D2C3DD.d.29E347E950BEC787B19F9A40FA68839F.e.6209","ELEMENT":"f.00969020EDAB38E57A85DBAFB8D2C3DD.d.29E347E950BEC787B19F9A40FA68839F.e.6209"}]}
COMMAND: GET /session/f2664590fead15ec17982177271525a3/screenshot - {}
RESULT: {}
COMMAND: POST /session/f2664590fead15ec17982177271525a3/execute/sync - {"script":"<script> [56 bytes]","args":[{"element-6066-11e4-a52e-4f735466cecf":"f.00969020EDAB38E57A85DBAFB8D2C3DD.d.29E347E950BEC787B19F9A40FA68839F.e.6209","ELEMENT":"f.00969020EDAB38E57A85DBAFB8D2C3DD.d.29E347E950BEC787B19F9A40FA68839F.e.6209"}]}
RESULT: {"script":"<script> [56 bytes]","args":[{"element-6066-11e4-a52e-4f735466cecf":"f.00969020EDAB38E57A85DBAFB8D2C3DD.d.29E347E950BEC787B19F9A40FA68839F.e.6209","ELEMENT":"f.00969020EDAB38E57A85DBAFB8D2C3DD.d.29E347E950BEC787B19F9A40FA68839F.e.6209"}]}
COMMAND: GET /session/f2664590fead15ec17982177271525a3/screenshot - {}
RESULT: {}
COMMAND: POST /session/f2664590fead15ec17982177271525a3/execute/sync - {"script":"<script> [56 bytes]","args":[{"element-6066-11e4-a52e-4f735466cecf":"f.00969020EDAB38E57A85DBAFB8D2C3DD.d.29E347E950BEC787B19F9A40FA68839F.e.6209","ELEMENT":"f.00969020EDAB38E57A85DBAFB8D2C3DD.d.29E347E950BEC787B19F9A40FA68839F.e.6209"}]}
RESULT: {"script":"<script> [56 bytes]","args":[{"element-6066-11e4-a52e-4f735466cecf":"f.00969020EDAB38E57A85DBAFB8D2C3DD.d.29E347E950BEC787B19F9A40FA68839F.e.6209","ELEMENT":"f.00969020EDAB38E57A85DBAFB8D2C3DD.d.29E347E950BEC787B19F9A40FA68839F.e.6209"}]}
COMMAND: GET /session/f2664590fead15ec17982177271525a3/screenshot - {}
RESULT: {}
COMMAND: POST /session/f2664590fead15ec17982177271525a3/execute/sync - {"script":"<script> [56 bytes]","args":[{"element-6066-11e4-a52e-4f735466cecf":"f.00969020EDAB38E57A85DBAFB8D2C3DD.d.29E347E950BEC787B19F9A40FA68839F.e.6209","ELEMENT":"f.00969020EDAB38E57A85DBAFB8D2C3DD.d.29E347E950BEC787B19F9A40FA68839F.e.6209"}]}
RESULT: {"script":"<script> [56 bytes]","args":[{"element-6066-11e4-a52e-4f735466cecf":"f.00969020EDAB38E57A85DBAFB8D2C3DD.d.29E347E950BEC787B19F9A40FA68839F.e.6209","ELEMENT":"f.00969020EDAB38E57A85DBAFB8D2C3DD.d.29E347E950BEC787B19F9A40FA68839F.e.6209"}]}
COMMAND: GET /session/f2664590fead15ec17982177271525a3/screenshot - {}
RESULT: {}
COMMAND: POST /session/f2664590fead15ec17982177271525a3/execute/sync - {"script":"<script> [56 bytes]","args":[{"element-6066-11e4-a52e-4f735466cecf":"f.00969020EDAB38E57A85DBAFB8D2C3DD.d.29E347E950BEC787B19F9A40FA68839F.e.6209","ELEMENT":"f.00969020EDAB38E57A85DBAFB8D2C3DD.d.29E347E950BEC787B19F9A40FA68839F.e.6209"}]}
RESULT: {"script":"<script> [56 bytes]","args":[{"element-6066-11e4-a52e-4f735466cecf":"f.00969020EDAB38E57A85DBAFB8D2C3DD.d.29E347E950BEC787B19F9A40FA68839F.e.6209","ELEMENT":"f.00969020EDAB38E57A85DBAFB8D2C3DD.d.29E347E950BEC787B19F9A40FA68839F.e.6209"}]}
COMMAND: GET /session/f2664590fead15ec17982177271525a3/screenshot - {}
RESULT: {}
COMMAND: POST /session/f2664590fead15ec17982177271525a3/execute/sync - {"script":"<script> [56 bytes]","args":[{"element-6066-11e4-a52e-4f735466cecf":"f.00969020EDAB38E57A85DBAFB8D2C3DD.d.29E347E950BEC787B19F9A40FA68839F.e.6209","ELEMENT":"f.00969020EDAB38E57A85DBAFB8D2C3DD.d.29E347E950BEC787B19F9A40FA68839F.e.6209"}]}
RESULT: {"script":"<script> [56 bytes]","args":[{"element-6066-11e4-a52e-4f735466cecf":"f.00969020EDAB38E57A85DBAFB8D2C3DD.d.29E347E950BEC787B19F9A40FA68839F.e.6209","ELEMENT":"f.00969020EDAB38E57A85DBAFB8D2C3DD.d.29E347E950BEC787B19F9A40FA68839F.e.6209"}]}
COMMAND: GET /session/f2664590fead15ec17982177271525a3/screenshot - {}
RESULT: {}
COMMAND: POST /session/f2664590fead15ec17982177271525a3/execute/sync - {"script":"<script> [56 bytes]","args":[{"element-6066-11e4-a52e-4f735466cecf":"f.00969020EDAB38E57A85DBAFB8D2C3DD.d.29E347E950BEC787B19F9A40FA68839F.e.6209","ELEMENT":"f.00969020EDAB38E57A85DBAFB8D2C3DD.d.29E347E950BEC787B19F9A40FA68839F.e.6209"}]}
RESULT: {"script":"<script> [56 bytes]","args":[{"element-6066-11e4-a52e-4f735466cecf":"f.00969020EDAB38E57A85DBAFB8D2C3DD.d.29E347E950BEC787B19F9A40FA68839F.e.6209","ELEMENT":"f.00969020EDAB38E57A85DBAFB8D2C3DD.d.29E347E950BEC787B19F9A40FA68839F.e.6209"}]}
COMMAND: POST /session/f2664590fead15ec17982177271525a3/element - {"using":"css selector","value":"#shell-header-logo"}
COMMAND: GET /session/f2664590fead15ec17982177271525a3/screenshot - {}
RESULT: {"using":"css selector","value":"#shell-header-logo"}
COMMAND: POST /session/f2664590fead15ec17982177271525a3/element/f.00969020EDAB38E57A85DBAFB8D2C3DD.d.29E347E950BEC787B19F9A40FA68839F.e.6040/click - {}
RESULT: {}
RESULT: {}
COMMAND: GET /session/f2664590fead15ec17982177271525a3/screenshot - {}
RESULT: {}
COMMAND: POST /session/f2664590fead15ec17982177271525a3/element - {"using":"css selector","value":"#j_username"}
COMMAND: POST /session/f2664590fead15ec17982177271525a3/url - {"url":"https://qa-testing-00-live-etm-ui.cfapps.eu10-004.hana.ondemand.com/"}
RESULT: {"using":"css selector","value":"#j_username"}
COMMAND: POST /session/f2664590fead15ec17982177271525a3/element - {"using":"css selector","value":"#j_username"}
RESULT: {"url":"https://qa-testing-00-live-etm-ui.cfapps.eu10-004.hana.ondemand.com/"}
RESULT: undefined
COMMAND: GET /session/f2664590fead15ec17982177271525a3/screenshot - {}
RESULT: {"using":"css selector","value":"#j_username"}
COMMAND: POST /session/f2664590fead15ec17982177271525a3/element - {"using":"css selector","value":"#shell-header-logo"}
RESULT: {}
RESULT: {"using":"css selector","value":"#shell-header-logo"}
COMMAND: POST /session/f2664590fead15ec17982177271525a3/execute/sync - {"script":"<script> [8489 bytes]","args":[{"element-6066-11e4-a52e-4f735466cecf":"f.00969020EDAB38E57A85DBAFB8D2C3DD.d.AB63E10C3A546B23B4BE1EC4CD77C2EF.e.6319","ELEMENT":"f.00969020EDAB38E57A85DBAFB8D2C3DD.d.AB63E10C3A546B23B4BE1EC4CD77C2EF.e.6319"}]}
RESULT: {"script":"<script> [8489 bytes]","args":[{"element-6066-11e4-a52e-4f735466cecf":"f.00969020EDAB38E57A85DBAFB8D2C3DD.d.AB63E10C3A546B23B4BE1EC4CD77C2EF.e.6319","ELEMENT":"f.00969020EDAB38E57A85DBAFB8D2C3DD.d.AB63E10C3A546B23B4BE1EC4CD77C2EF.e.6319"}]}
COMMAND: POST /session/f2664590fead15ec17982177271525a3/element - {"using":"css selector","value":"#shell-header-logo"}
COMMAND: GET /session/f2664590fead15ec17982177271525a3/screenshot - {}
RESULT: {"using":"css selector","value":"#shell-header-logo"}
COMMAND: POST /session/f2664590fead15ec17982177271525a3/execute/sync - {"script":"<script> [8489 bytes]","args":[{"element-6066-11e4-a52e-4f735466cecf":"f.00969020EDAB38E57A85DBAFB8D2C3DD.d.AB63E10C3A546B23B4BE1EC4CD77C2EF.e.6319","ELEMENT":"f.00969020EDAB38E57A85DBAFB8D2C3DD.d.AB63E10C3A546B23B4BE1EC4CD77C2EF.e.6319"}]}
RESULT: {}
RESULT: {"script":"<script> [8489 bytes]","args":[{"element-6066-11e4-a52e-4f735466cecf":"f.00969020EDAB38E57A85DBAFB8D2C3DD.d.AB63E10C3A546B23B4BE1EC4CD77C2EF.e.6319","ELEMENT":"f.00969020EDAB38E57A85DBAFB8D2C3DD.d.AB63E10C3A546B23B4BE1EC4CD77C2EF.e.6319"}]}
COMMAND: POST /session/f2664590fead15ec17982177271525a3/execute/sync - {"script":"<script> [5351 bytes]","args":[{"element-6066-11e4-a52e-4f735466cecf":"f.00969020EDAB38E57A85DBAFB8D2C3DD.d.AB63E10C3A546B23B4BE1EC4CD77C2EF.e.6319","ELEMENT":"f.00969020EDAB38E57A85DBAFB8D2C3DD.d.AB63E10C3A546B23B4BE1EC4CD77C2EF.e.6319"}]}
COMMAND: GET /session/f2664590fead15ec17982177271525a3/screenshot - {}
RESULT: {"script":"<script> [5351 bytes]","args":[{"element-6066-11e4-a52e-4f735466cecf":"f.00969020EDAB38E57A85DBAFB8D2C3DD.d.AB63E10C3A546B23B4BE1EC4CD77C2EF.e.6319","ELEMENT":"f.00969020EDAB38E57A85DBAFB8D2C3DD.d.AB63E10C3A546B23B4BE1EC4CD77C2EF.e.6319"}]}
COMMAND: POST /session/f2664590fead15ec17982177271525a3/element - {"using":"css selector","value":"#shell-header-logo"}
COMMAND: GET /session/f2664590fead15ec17982177271525a3/screenshot - {}
RESULT: {}
RESULT: {"using":"css selector","value":"#shell-header-logo"}
COMMAND: POST /session/f2664590fead15ec17982177271525a3/element/f.00969020EDAB38E57A85DBAFB8D2C3DD.d.AB63E10C3A546B23B4BE1EC4CD77C2EF.e.6319/click - {}
RESULT: {}
RESULT: {}
COMMAND: GET /session/f2664590fead15ec17982177271525a3/screenshot - {}
RESULT: {}
COMMAND: POST /session/f2664590fead15ec17982177271525a3/execute/async - {"script":"<script> [189 bytes]","args":[]}
RESULT: {"script":"<script> [189 bytes]","args":[]}
COMMAND: POST /session/f2664590fead15ec17982177271525a3/execute/async - {"script":"<script> [123 bytes]","args":[]}
RESULT: {"script":"<script> [123 bytes]","args":[]}
COMMAND: POST /session/f2664590fead15ec17982177271525a3/timeouts - {"script":"<number>"}
RESULT: {"script":"<number>"}
COMMAND: GET /session/f2664590fead15ec17982177271525a3/timeouts - {}
RESULT: {}
RESULT: undefined
COMMAND: POST /session/f2664590fead15ec17982177271525a3/execute/async - {"script":"<script> [2676 bytes]","args":[]}
RESULT: {"script":"<script> [2676 bytes]","args":[]}
COMMAND: POST /session/f2664590fead15ec17982177271525a3/execute/async - {"script":"<script> [2342 bytes]","args":[{"protocol":"http","hostname":"0.0.0.0","path":"/","capabilities":{"browserName":"chrome","goog:chromeOptions":{"binary":"C:\\Program Files\\Google\\Chrome\\Application\\chrome.exe","args":["--start-maximized"]}},"logLevel":"warn","connectionRetryTimeout":120000,"connectionRetryCount":3,"logLevels":{},"enableDirectConnect":true,"strictSSL":true,"_":"65 more keys: [\"cacheDir\",\"port\",\"requestedCapabilities\",\"automationProtocol\",\"baseUrl\",\"waitforInterval\",\"waitforTimeout\",\"onReload\",\"beforeCommand\",\"afterCommand\",\"rootDir\",\"specs\",\"suites\",\"exclude\",\"groupLogsByTestSpec\",\"excludeDriverLogs\",\"bail\",\"framework\",\"reporters\",\"services\",\"maxInstances\",\"maxInstancesPerCapability\",\"injectGlobals\",\"filesToWatch\",\"execArgv\",\"runnerEnv\",\"runner\",\"shard\",\"specFileRetries\",\"specFileRetriesDelay\",\"specFileRetriesDeferred\",\"reporterSyncInterval\",\"reporterSyncTimeout\",\"cucumberFeaturesWithLineNumbers\",\"autoCompileOpts\",\"mochaOpts\",\"jasmineOpts\",\"cucumberOpts\",\"onPrepare\",\"onWorkerStart\",\"onWorkerEnd\",\"before\",\"beforeSession\",\"beforeSuite\",\"beforeHook\",\"beforeTest\",\"afterTest\",\"afterHook\",\"afterSuite\",\"afterSession\",\"after\",\"onComplete\",\"beforeAssertion\",\"afterAssertion\",\"beforeFeature\",\"beforeScenario\",\"beforeStep\",\"afterStep\",\"afterScenario\",\"afterFeature\",\"_\",\"suite\",\"$0\",\"ignoredWorkerServices\",\"wdi5\"]"}]}
RESULT: {"script":"<script> [2342 bytes]","args":[{"protocol":"http","hostname":"0.0.0.0","path":"/","capabilities":{"browserName":"chrome","goog:chromeOptions":{"binary":"C:\\Program Files\\Google\\Chrome\\Application\\chrome.exe","args":["--start-maximized"]}},"logLevel":"warn","connectionRetryTimeout":120000,"connectionRetryCount":3,"logLevels":{},"enableDirectConnect":true,"strictSSL":true,"_":"65 more keys: [\"cacheDir\",\"port\",\"requestedCapabilities\",\"automationProtocol\",\"baseUrl\",\"waitforInterval\",\"waitforTimeout\",\"onReload\",\"beforeCommand\",\"afterCommand\",\"rootDir\",\"specs\",\"suites\",\"exclude\",\"groupLogsByTestSpec\",\"excludeDriverLogs\",\"bail\",\"framework\",\"reporters\",\"services\",\"maxInstances\",\"maxInstancesPerCapability\",\"injectGlobals\",\"filesToWatch\",\"execArgv\",\"runnerEnv\",\"runner\",\"shard\",\"specFileRetries\",\"specFileRetriesDelay\",\"specFileRetriesDeferred\",\"reporterSyncInterval\",\"reporterSyncTimeout\",\"cucumberFeaturesWithLineNumbers\",\"autoCompileOpts\",\"mochaOpts\",\"jasmineOpts\",\"cucumberOpts\",\"onPrepare\",\"onWorkerStart\",\"onWorkerEnd\",\"before\",\"beforeSession\",\"beforeSuite\",\"beforeHook\",\"beforeTest\",\"afterTest\",\"afterHook\",\"afterSuite\",\"afterSession\",\"after\",\"onComplete\",\"beforeAssertion\",\"afterAssertion\",\"beforeFeature\",\"beforeScenario\",\"beforeStep\",\"afterStep\",\"afterScenario\",\"afterFeature\",\"_\",\"suite\",\"$0\",\"ignoredWorkerServices\",\"wdi5\"]"}]}
COMMAND: POST /session/f2664590fead15ec17982177271525a3/execute/async - {"script":"<script> [21126 bytes]","args":[35000]}
RESULT: {"script":"<script> [21126 bytes]","args":[35000]}
COMMAND: POST /session/f2664590fead15ec17982177271525a3/window/maximize - {}
RESULT: {}
COMMAND: POST /session/f2664590fead15ec17982177271525a3/execute/async - {"script":"<script> [1562 bytes]","args":[{"selector":{"id":"shell-header","interaction":{"idSuffix":"icon"}},"wdio_ui5_key":"shellheader"}]}
COMMAND: GET /session/f2664590fead15ec17982177271525a3/screenshot - {}
RESULT: {"script":"<script> [1562 bytes]","args":[{"selector":{"id":"shell-header","interaction":{"idSuffix":"icon"}},"wdio_ui5_key":"shellheader"}]}
RESULT: undefined
COMMAND: POST /session/f2664590fead15ec17982177271525a3/refresh - {}
RESULT: {}
RESULT: {}
COMMAND: GET /session/f2664590fead15ec17982177271525a3/screenshot - {}
RESULT: {}
COMMAND: POST /session/f2664590fead15ec17982177271525a3/refresh - {}
RESULT: {}
COMMAND: GET /session/f2664590fead15ec17982177271525a3/screenshot - {}
RESULT: {}
COMMAND: POST /session/f2664590fead15ec17982177271525a3/window/fullscreen - {}
RESULT: {}
COMMAND: POST /session/f2664590fead15ec17982177271525a3/execute/async - {"script":"<script> [189 bytes]","args":[]}
RESULT: {"script":"<script> [189 bytes]","args":[]}
COMMAND: POST /session/f2664590fead15ec17982177271525a3/execute/async - {"script":"<script> [123 bytes]","args":[]}
RESULT: {"script":"<script> [123 bytes]","args":[]}
COMMAND: POST /session/f2664590fead15ec17982177271525a3/timeouts - {"script":"<number>"}
RESULT: {"script":"<number>"}
COMMAND: GET /session/f2664590fead15ec17982177271525a3/timeouts - {}
RESULT: {}
RESULT: undefined
COMMAND: POST /session/f2664590fead15ec17982177271525a3/execute/async - {"script":"<script> [2676 bytes]","args":[]}
RESULT: {"script":"<script> [2676 bytes]","args":[]}
COMMAND: POST /session/f2664590fead15ec17982177271525a3/execute/async - {"script":"<script> [2342 bytes]","args":[{"protocol":"http","hostname":"0.0.0.0","path":"/","capabilities":{"browserName":"chrome","goog:chromeOptions":{"binary":"C:\\Program Files\\Google\\Chrome\\Application\\chrome.exe","args":["--start-maximized"]}},"logLevel":"warn","connectionRetryTimeout":120000,"connectionRetryCount":3,"logLevels":{},"enableDirectConnect":true,"strictSSL":true,"_":"65 more keys: [\"cacheDir\",\"port\",\"requestedCapabilities\",\"automationProtocol\",\"baseUrl\",\"waitforInterval\",\"waitforTimeout\",\"onReload\",\"beforeCommand\",\"afterCommand\",\"rootDir\",\"specs\",\"suites\",\"exclude\",\"groupLogsByTestSpec\",\"excludeDriverLogs\",\"bail\",\"framework\",\"reporters\",\"services\",\"maxInstances\",\"maxInstancesPerCapability\",\"injectGlobals\",\"filesToWatch\",\"execArgv\",\"runnerEnv\",\"runner\",\"shard\",\"specFileRetries\",\"specFileRetriesDelay\",\"specFileRetriesDeferred\",\"reporterSyncInterval\",\"reporterSyncTimeout\",\"cucumberFeaturesWithLineNumbers\",\"autoCompileOpts\",\"mochaOpts\",\"jasmineOpts\",\"cucumberOpts\",\"onPrepare\",\"onWorkerStart\",\"onWorkerEnd\",\"before\",\"beforeSession\",\"beforeSuite\",\"beforeHook\",\"beforeTest\",\"afterTest\",\"afterHook\",\"afterSuite\",\"afterSession\",\"after\",\"onComplete\",\"beforeAssertion\",\"afterAssertion\",\"beforeFeature\",\"beforeScenario\",\"beforeStep\",\"afterStep\",\"afterScenario\",\"afterFeature\",\"_\",\"suite\",\"$0\",\"ignoredWorkerServices\",\"wdi5\"]"}]}
RESULT: {"script":"<script> [2342 bytes]","args":[{"protocol":"http","hostname":"0.0.0.0","path":"/","capabilities":{"browserName":"chrome","goog:chromeOptions":{"binary":"C:\\Program Files\\Google\\Chrome\\Application\\chrome.exe","args":["--start-maximized"]}},"logLevel":"warn","connectionRetryTimeout":120000,"connectionRetryCount":3,"logLevels":{},"enableDirectConnect":true,"strictSSL":true,"_":"65 more keys: [\"cacheDir\",\"port\",\"requestedCapabilities\",\"automationProtocol\",\"baseUrl\",\"waitforInterval\",\"waitforTimeout\",\"onReload\",\"beforeCommand\",\"afterCommand\",\"rootDir\",\"specs\",\"suites\",\"exclude\",\"groupLogsByTestSpec\",\"excludeDriverLogs\",\"bail\",\"framework\",\"reporters\",\"services\",\"maxInstances\",\"maxInstancesPerCapability\",\"injectGlobals\",\"filesToWatch\",\"execArgv\",\"runnerEnv\",\"runner\",\"shard\",\"specFileRetries\",\"specFileRetriesDelay\",\"specFileRetriesDeferred\",\"reporterSyncInterval\",\"reporterSyncTimeout\",\"cucumberFeaturesWithLineNumbers\",\"autoCompileOpts\",\"mochaOpts\",\"jasmineOpts\",\"cucumberOpts\",\"onPrepare\",\"onWorkerStart\",\"onWorkerEnd\",\"before\",\"beforeSession\",\"beforeSuite\",\"beforeHook\",\"beforeTest\",\"afterTest\",\"afterHook\",\"afterSuite\",\"afterSession\",\"after\",\"onComplete\",\"beforeAssertion\",\"afterAssertion\",\"beforeFeature\",\"beforeScenario\",\"beforeStep\",\"afterStep\",\"afterScenario\",\"afterFeature\",\"_\",\"suite\",\"$0\",\"ignoredWorkerServices\",\"wdi5\"]"}]}
COMMAND: POST /session/f2664590fead15ec17982177271525a3/execute/async - {"script":"<script> [21126 bytes]","args":[35000]}
RESULT: {"script":"<script> [21126 bytes]","args":[35000]}
]]></system-out>
    </testcase>
  </testsuite>
  <testsuite timestamp="2025-05-07T17:36:54" time="1107.912" tests="12" failures="0" errors="0" skipped="0">
    <properties>
      <property name="specId" value="0" />
      <property name="suiteName" value="Billing Transfer - Intracompany US127249" />
      <property name="capabilities" value="chrome.135_0_7049_115.windows" />
      <property name="file" value="file:///D:/a/1/s/test/specs/BTS/billing-transfer-intracompany.spec.js" />
    </properties>
    <testcase classname="chrome.135_0_7049_115.windows.Billing_Transfer_-_Intracompany_US127249" name="Should create a new yard" time="127.813">
      <system-out><![CDATA[
COMMAND: POST /session/f2664590fead15ec17982177271525a3/window/fullscreen - {}
RESULT: {}
COMMAND: POST /session/f2664590fead15ec17982177271525a3/execute/async - {"script":"<script> [1562 bytes]","args":[{"selector":{"controlType":"sap.m.GenericTile","properties":{"header":"Manage Yards"}},"wdio_ui5_key":"sapm.GenericTile{\"header\":\"Manage Yards\"}"}]}
RESULT: {"script":"<script> [1562 bytes]","args":[{"selector":{"controlType":"sap.m.GenericTile","properties":{"header":"Manage Yards"}},"wdio_ui5_key":"sapm.GenericTile{\"header\":\"Manage Yards\"}"}]}
RESULT: undefined
COMMAND: POST /session/f2664590fead15ec17982177271525a3/element - {"using":"xpath","value":"//*[@id=\"__tile41\"]"}
RESULT: {"using":"xpath","value":"//*[@id=\"__tile41\"]"}
COMMAND: POST /session/f2664590fead15ec17982177271525a3/element/f.00969020EDAB38E57A85DBAFB8D2C3DD.d.88572768621806C52E845CC0644513CC.e.6415/click - {}
RESULT: {}
COMMAND: POST /session/f2664590fead15ec17982177271525a3/element - {"using":"xpath","value":"//button[@data-kt=\"addNewYardOverflowToolbarButton\"]"}
COMMAND: GET /session/f2664590fead15ec17982177271525a3/screenshot - {}
RESULT: {"using":"xpath","value":"//button[@data-kt=\"addNewYardOverflowToolbarButton\"]"}
COMMAND: POST /session/f2664590fead15ec17982177271525a3/elements - {"using":"xpath","value":"//button[@data-kt=\"addNewYardOverflowToolbarButton\"]"}
RESULT: {}
RESULT: {"using":"xpath","value":"//button[@data-kt=\"addNewYardOverflowToolbarButton\"]"}
COMMAND: POST /session/f2664590fead15ec17982177271525a3/elements - {"using":"xpath","value":"//button[@data-kt=\"addNewYardOverflowToolbarButton\"]"}
RESULT: {"using":"xpath","value":"//button[@data-kt=\"addNewYardOverflowToolbarButton\"]"}
COMMAND: POST /session/f2664590fead15ec17982177271525a3/elements - {"using":"xpath","value":"//button[@data-kt=\"addNewYardOverflowToolbarButton\"]"}
RESULT: {"using":"xpath","value":"//button[@data-kt=\"addNewYardOverflowToolbarButton\"]"}
COMMAND: POST /session/f2664590fead15ec17982177271525a3/elements - {"using":"xpath","value":"//button[@data-kt=\"addNewYardOverflowToolbarButton\"]"}
RESULT: {"using":"xpath","value":"//button[@data-kt=\"addNewYardOverflowToolbarButton\"]"}
COMMAND: POST /session/f2664590fead15ec17982177271525a3/elements - {"using":"xpath","value":"//button[@data-kt=\"addNewYardOverflowToolbarButton\"]"}
RESULT: {"using":"xpath","value":"//button[@data-kt=\"addNewYardOverflowToolbarButton\"]"}
COMMAND: POST /session/f2664590fead15ec17982177271525a3/elements - {"using":"xpath","value":"//button[@data-kt=\"addNewYardOverflowToolbarButton\"]"}
RESULT: {"using":"xpath","value":"//button[@data-kt=\"addNewYardOverflowToolbarButton\"]"}
COMMAND: POST /session/f2664590fead15ec17982177271525a3/elements - {"using":"xpath","value":"//button[@data-kt=\"addNewYardOverflowToolbarButton\"]"}
RESULT: {"using":"xpath","value":"//button[@data-kt=\"addNewYardOverflowToolbarButton\"]"}
COMMAND: POST /session/f2664590fead15ec17982177271525a3/elements - {"using":"xpath","value":"//button[@data-kt=\"addNewYardOverflowToolbarButton\"]"}
RESULT: {"using":"xpath","value":"//button[@data-kt=\"addNewYardOverflowToolbarButton\"]"}
COMMAND: POST /session/f2664590fead15ec17982177271525a3/elements - {"using":"xpath","value":"//button[@data-kt=\"addNewYardOverflowToolbarButton\"]"}
RESULT: {"using":"xpath","value":"//button[@data-kt=\"addNewYardOverflowToolbarButton\"]"}
COMMAND: POST /session/f2664590fead15ec17982177271525a3/elements - {"using":"xpath","value":"//button[@data-kt=\"addNewYardOverflowToolbarButton\"]"}
RESULT: {"using":"xpath","value":"//button[@data-kt=\"addNewYardOverflowToolbarButton\"]"}
COMMAND: POST /session/f2664590fead15ec17982177271525a3/elements - {"using":"xpath","value":"//button[@data-kt=\"addNewYardOverflowToolbarButton\"]"}
RESULT: {"using":"xpath","value":"//button[@data-kt=\"addNewYardOverflowToolbarButton\"]"}
COMMAND: POST /session/f2664590fead15ec17982177271525a3/elements - {"using":"xpath","value":"//button[@data-kt=\"addNewYardOverflowToolbarButton\"]"}
RESULT: {"using":"xpath","value":"//button[@data-kt=\"addNewYardOverflowToolbarButton\"]"}
COMMAND: POST /session/f2664590fead15ec17982177271525a3/elements - {"using":"xpath","value":"//button[@data-kt=\"addNewYardOverflowToolbarButton\"]"}
RESULT: {"using":"xpath","value":"//button[@data-kt=\"addNewYardOverflowToolbarButton\"]"}
COMMAND: POST /session/f2664590fead15ec17982177271525a3/elements - {"using":"xpath","value":"//button[@data-kt=\"addNewYardOverflowToolbarButton\"]"}
RESULT: {"using":"xpath","value":"//button[@data-kt=\"addNewYardOverflowToolbarButton\"]"}
COMMAND: POST /session/f2664590fead15ec17982177271525a3/elements - {"using":"xpath","value":"//button[@data-kt=\"addNewYardOverflowToolbarButton\"]"}
RESULT: {"using":"xpath","value":"//button[@data-kt=\"addNewYardOverflowToolbarButton\"]"}
COMMAND: POST /session/f2664590fead15ec17982177271525a3/elements - {"using":"xpath","value":"//button[@data-kt=\"addNewYardOverflowToolbarButton\"]"}
RESULT: {"using":"xpath","value":"//button[@data-kt=\"addNewYardOverflowToolbarButton\"]"}
COMMAND: POST /session/f2664590fead15ec17982177271525a3/elements - {"using":"xpath","value":"//button[@data-kt=\"addNewYardOverflowToolbarButton\"]"}
RESULT: {"using":"xpath","value":"//button[@data-kt=\"addNewYardOverflowToolbarButton\"]"}
COMMAND: POST /session/f2664590fead15ec17982177271525a3/elements - {"using":"xpath","value":"//button[@data-kt=\"addNewYardOverflowToolbarButton\"]"}
RESULT: {"using":"xpath","value":"//button[@data-kt=\"addNewYardOverflowToolbarButton\"]"}
COMMAND: POST /session/f2664590fead15ec17982177271525a3/elements - {"using":"xpath","value":"//button[@data-kt=\"addNewYardOverflowToolbarButton\"]"}
RESULT: {"using":"xpath","value":"//button[@data-kt=\"addNewYardOverflowToolbarButton\"]"}
COMMAND: POST /session/f2664590fead15ec17982177271525a3/elements - {"using":"xpath","value":"//button[@data-kt=\"addNewYardOverflowToolbarButton\"]"}
RESULT: {"using":"xpath","value":"//button[@data-kt=\"addNewYardOverflowToolbarButton\"]"}
COMMAND: POST /session/f2664590fead15ec17982177271525a3/elements - {"using":"xpath","value":"//button[@data-kt=\"addNewYardOverflowToolbarButton\"]"}
RESULT: {"using":"xpath","value":"//button[@data-kt=\"addNewYardOverflowToolbarButton\"]"}
COMMAND: POST /session/f2664590fead15ec17982177271525a3/elements - {"using":"xpath","value":"//button[@data-kt=\"addNewYardOverflowToolbarButton\"]"}
RESULT: {"using":"xpath","value":"//button[@data-kt=\"addNewYardOverflowToolbarButton\"]"}
COMMAND: POST /session/f2664590fead15ec17982177271525a3/elements - {"using":"xpath","value":"//button[@data-kt=\"addNewYardOverflowToolbarButton\"]"}
RESULT: {"using":"xpath","value":"//button[@data-kt=\"addNewYardOverflowToolbarButton\"]"}
COMMAND: POST /session/f2664590fead15ec17982177271525a3/elements - {"using":"xpath","value":"//button[@data-kt=\"addNewYardOverflowToolbarButton\"]"}
RESULT: {"using":"xpath","value":"//button[@data-kt=\"addNewYardOverflowToolbarButton\"]"}
COMMAND: POST /session/f2664590fead15ec17982177271525a3/elements - {"using":"xpath","value":"//button[@data-kt=\"addNewYardOverflowToolbarButton\"]"}
RESULT: {"using":"xpath","value":"//button[@data-kt=\"addNewYardOverflowToolbarButton\"]"}
COMMAND: POST /session/f2664590fead15ec17982177271525a3/elements - {"using":"xpath","value":"//button[@data-kt=\"addNewYardOverflowToolbarButton\"]"}
RESULT: {"using":"xpath","value":"//button[@data-kt=\"addNewYardOverflowToolbarButton\"]"}
COMMAND: POST /session/f2664590fead15ec17982177271525a3/elements - {"using":"xpath","value":"//button[@data-kt=\"addNewYardOverflowToolbarButton\"]"}
RESULT: {"using":"xpath","value":"//button[@data-kt=\"addNewYardOverflowToolbarButton\"]"}
COMMAND: POST /session/f2664590fead15ec17982177271525a3/elements - {"using":"xpath","value":"//button[@data-kt=\"addNewYardOverflowToolbarButton\"]"}
RESULT: {"using":"xpath","value":"//button[@data-kt=\"addNewYardOverflowToolbarButton\"]"}
COMMAND: POST /session/f2664590fead15ec17982177271525a3/elements - {"using":"xpath","value":"//button[@data-kt=\"addNewYardOverflowToolbarButton\"]"}
RESULT: {"using":"xpath","value":"//button[@data-kt=\"addNewYardOverflowToolbarButton\"]"}
COMMAND: POST /session/f2664590fead15ec17982177271525a3/elements - {"using":"xpath","value":"//button[@data-kt=\"addNewYardOverflowToolbarButton\"]"}
RESULT: {"using":"xpath","value":"//button[@data-kt=\"addNewYardOverflowToolbarButton\"]"}
COMMAND: POST /session/f2664590fead15ec17982177271525a3/elements - {"using":"xpath","value":"//button[@data-kt=\"addNewYardOverflowToolbarButton\"]"}
RESULT: {"using":"xpath","value":"//button[@data-kt=\"addNewYardOverflowToolbarButton\"]"}
COMMAND: POST /session/f2664590fead15ec17982177271525a3/elements - {"using":"xpath","value":"//button[@data-kt=\"addNewYardOverflowToolbarButton\"]"}
RESULT: {"using":"xpath","value":"//button[@data-kt=\"addNewYardOverflowToolbarButton\"]"}
COMMAND: POST /session/f2664590fead15ec17982177271525a3/elements - {"using":"xpath","value":"//button[@data-kt=\"addNewYardOverflowToolbarButton\"]"}
RESULT: {"using":"xpath","value":"//button[@data-kt=\"addNewYardOverflowToolbarButton\"]"}
COMMAND: POST /session/f2664590fead15ec17982177271525a3/elements - {"using":"xpath","value":"//button[@data-kt=\"addNewYardOverflowToolbarButton\"]"}
RESULT: {"using":"xpath","value":"//button[@data-kt=\"addNewYardOverflowToolbarButton\"]"}
COMMAND: POST /session/f2664590fead15ec17982177271525a3/element - {"using":"xpath","value":"//button[@data-kt=\"addNewYardOverflowToolbarButton\"]"}
RESULT: {"using":"xpath","value":"//button[@data-kt=\"addNewYardOverflowToolbarButton\"]"}
COMMAND: POST /session/f2664590fead15ec17982177271525a3/execute/sync - {"script":"<script> [8489 bytes]","args":[{"element-6066-11e4-a52e-4f735466cecf":"f.00969020EDAB38E57A85DBAFB8D2C3DD.d.88572768621806C52E845CC0644513CC.e.6546","ELEMENT":"f.00969020EDAB38E57A85DBAFB8D2C3DD.d.88572768621806C52E845CC0644513CC.e.6546"}]}
RESULT: {"script":"<script> [8489 bytes]","args":[{"element-6066-11e4-a52e-4f735466cecf":"f.00969020EDAB38E57A85DBAFB8D2C3DD.d.88572768621806C52E845CC0644513CC.e.6546","ELEMENT":"f.00969020EDAB38E57A85DBAFB8D2C3DD.d.88572768621806C52E845CC0644513CC.e.6546"}]}
COMMAND: GET /session/f2664590fead15ec17982177271525a3/element/f.00969020EDAB38E57A85DBAFB8D2C3DD.d.88572768621806C52E845CC0644513CC.e.6546/enabled - {}
COMMAND: GET /session/f2664590fead15ec17982177271525a3/screenshot - {}
RESULT: {}
COMMAND: POST /session/f2664590fead15ec17982177271525a3/execute/sync - {"script":"<script> [8489 bytes]","args":[{"element-6066-11e4-a52e-4f735466cecf":"f.00969020EDAB38E57A85DBAFB8D2C3DD.d.88572768621806C52E845CC0644513CC.e.6546","ELEMENT":"f.00969020EDAB38E57A85DBAFB8D2C3DD.d.88572768621806C52E845CC0644513CC.e.6546"}]}
COMMAND: GET /session/f2664590fead15ec17982177271525a3/screenshot - {}
RESULT: {}
RESULT: {"script":"<script> [8489 bytes]","args":[{"element-6066-11e4-a52e-4f735466cecf":"f.00969020EDAB38E57A85DBAFB8D2C3DD.d.88572768621806C52E845CC0644513CC.e.6546","ELEMENT":"f.00969020EDAB38E57A85DBAFB8D2C3DD.d.88572768621806C52E845CC0644513CC.e.6546"}]}
COMMAND: POST /session/f2664590fead15ec17982177271525a3/execute/sync - {"script":"<script> [5351 bytes]","args":[{"element-6066-11e4-a52e-4f735466cecf":"f.00969020EDAB38E57A85DBAFB8D2C3DD.d.88572768621806C52E845CC0644513CC.e.6546","ELEMENT":"f.00969020EDAB38E57A85DBAFB8D2C3DD.d.88572768621806C52E845CC0644513CC.e.6546"}]}
COMMAND: GET /session/f2664590fead15ec17982177271525a3/screenshot - {}
RESULT: {}
RESULT: {"script":"<script> [5351 bytes]","args":[{"element-6066-11e4-a52e-4f735466cecf":"f.00969020EDAB38E57A85DBAFB8D2C3DD.d.88572768621806C52E845CC0644513CC.e.6546","ELEMENT":"f.00969020EDAB38E57A85DBAFB8D2C3DD.d.88572768621806C52E845CC0644513CC.e.6546"}]}
COMMAND: POST /session/f2664590fead15ec17982177271525a3/element/f.00969020EDAB38E57A85DBAFB8D2C3DD.d.88572768621806C52E845CC0644513CC.e.6546/click - {}
COMMAND: GET /session/f2664590fead15ec17982177271525a3/screenshot - {}
RESULT: {}
RESULT: {}
COMMAND: GET /session/f2664590fead15ec17982177271525a3/screenshot - {}
COMMAND: POST /session/f2664590fead15ec17982177271525a3/element - {"using":"xpath","value":"//input[@id=\"application-manageyards-display-component---NewYard--yardId-inner\"]"}
RESULT: {}
RESULT: {}
RESULT: {"using":"xpath","value":"//input[@id=\"application-manageyards-display-component---NewYard--yardId-inner\"]"}
COMMAND: POST /session/f2664590fead15ec17982177271525a3/element - {"using":"xpath","value":"//input[@id=\"application-manageyards-display-component---NewYard--yardId-inner\"]"}
RESULT: {"using":"xpath","value":"//input[@id=\"application-manageyards-display-component---NewYard--yardId-inner\"]"}
COMMAND: POST /session/f2664590fead15ec17982177271525a3/execute/async - {"script":"<script> [1562 bytes]","args":[{"selector":{"id":"application-manageyards-display-component---NewYard--addressDetailDetailsName1","interaction":{"idSuffix":"inner"}},"wdio_ui5_key":"applicationmanageyards-display-component---NewYard--addressDetailDetailsName1"}]}
RESULT: {"script":"<script> [1562 bytes]","args":[{"selector":{"id":"application-manageyards-display-component---NewYard--addressDetailDetailsName1","interaction":{"idSuffix":"inner"}},"wdio_ui5_key":"applicationmanageyards-display-component---NewYard--addressDetailDetailsName1"}]}
RESULT: undefined
COMMAND: POST /session/f2664590fead15ec17982177271525a3/execute/async - {"script":"<script> [776 bytes]","args":[{"enterText":"Intracompany Yard wdIO","selector":{"id":"application-manageyards-display-component---NewYard--addressDetailDetailsName1","interaction":{"idSuffix":"inner"}},"clearTextFirst":true,"interactionType":"ENTER_TEXT"}]}
RESULT: {"script":"<script> [776 bytes]","args":[{"enterText":"Intracompany Yard wdIO","selector":{"id":"application-manageyards-display-component---NewYard--addressDetailDetailsName1","interaction":{"idSuffix":"inner"}},"clearTextFirst":true,"interactionType":"ENTER_TEXT"}]}
COMMAND: POST /session/f2664590fead15ec17982177271525a3/execute/async - {"script":"<script> [1562 bytes]","args":[{"selector":{"id":"application-manageyards-display-component---NewYard--addressDetailDetailsLanguage-arrow"},"wdio_ui5_key":"applicationmanageyards-display-component---NewYard--addressDetailDetailsLanguage-arrow"}]}
RESULT: {"script":"<script> [1562 bytes]","args":[{"selector":{"id":"application-manageyards-display-component---NewYard--addressDetailDetailsLanguage-arrow"},"wdio_ui5_key":"applicationmanageyards-display-component---NewYard--addressDetailDetailsLanguage-arrow"}]}
RESULT: undefined
COMMAND: POST /session/f2664590fead15ec17982177271525a3/element - {"using":"xpath","value":"//*[@id=\"application-manageyards-display-component---NewYard--addressDetailDetailsLanguage-arrow\"]"}
RESULT: {"using":"xpath","value":"//*[@id=\"application-manageyards-display-component---NewYard--addressDetailDetailsLanguage-arrow\"]"}
COMMAND: POST /session/f2664590fead15ec17982177271525a3/element/f.00969020EDAB38E57A85DBAFB8D2C3DD.d.88572768621806C52E845CC0644513CC.e.6981/click - {}
RESULT: {}
COMMAND: POST /session/f2664590fead15ec17982177271525a3/element - {"using":"xpath","value":"//span[contains(text(), \"English\")]"}
COMMAND: GET /session/f2664590fead15ec17982177271525a3/screenshot - {}
RESULT: {"using":"xpath","value":"//span[contains(text(), \"English\")]"}
COMMAND: POST /session/f2664590fead15ec17982177271525a3/element/f.00969020EDAB38E57A85DBAFB8D2C3DD.d.88572768621806C52E845CC0644513CC.e.6982/click - {}
RESULT: {}
RESULT: {}
COMMAND: POST /session/f2664590fead15ec17982177271525a3/execute/async - {"script":"<script> [1562 bytes]","args":[{"selector":{"id":"application-manageyards-display-component---NewYard--addressDetailDetailsCity1","interaction":{"idSuffix":"inner"}},"wdio_ui5_key":"applicationmanageyards-display-component---NewYard--addressDetailDetailsCity1"}]}
COMMAND: GET /session/f2664590fead15ec17982177271525a3/screenshot - {}
RESULT: {"script":"<script> [1562 bytes]","args":[{"selector":{"id":"application-manageyards-display-component---NewYard--addressDetailDetailsCity1","interaction":{"idSuffix":"inner"}},"wdio_ui5_key":"applicationmanageyards-display-component---NewYard--addressDetailDetailsCity1"}]}
RESULT: undefined
COMMAND: POST /session/f2664590fead15ec17982177271525a3/execute/async - {"script":"<script> [776 bytes]","args":[{"enterText":"Rosario","selector":{"id":"application-manageyards-display-component---NewYard--addressDetailDetailsCity1","interaction":{"idSuffix":"inner"}},"clearTextFirst":true,"interactionType":"ENTER_TEXT"}]}
RESULT: {}
RESULT: {"script":"<script> [776 bytes]","args":[{"enterText":"Rosario","selector":{"id":"application-manageyards-display-component---NewYard--addressDetailDetailsCity1","interaction":{"idSuffix":"inner"}},"clearTextFirst":true,"interactionType":"ENTER_TEXT"}]}
COMMAND: POST /session/f2664590fead15ec17982177271525a3/execute/async - {"script":"<script> [1562 bytes]","args":[{"selector":{"id":"application-manageyards-display-component---NewYard--addressDetailDetailsCountry-arrow"},"wdio_ui5_key":"applicationmanageyards-display-component---NewYard--addressDetailDetailsCountry-arrow"}]}
RESULT: {"script":"<script> [1562 bytes]","args":[{"selector":{"id":"application-manageyards-display-component---NewYard--addressDetailDetailsCountry-arrow"},"wdio_ui5_key":"applicationmanageyards-display-component---NewYard--addressDetailDetailsCountry-arrow"}]}
RESULT: undefined
COMMAND: POST /session/f2664590fead15ec17982177271525a3/element - {"using":"xpath","value":"//*[@id=\"application-manageyards-display-component---NewYard--addressDetailDetailsCountry-arrow\"]"}
RESULT: {"using":"xpath","value":"//*[@id=\"application-manageyards-display-component---NewYard--addressDetailDetailsCountry-arrow\"]"}
COMMAND: POST /session/f2664590fead15ec17982177271525a3/element/f.00969020EDAB38E57A85DBAFB8D2C3DD.d.88572768621806C52E845CC0644513CC.e.6984/click - {}
RESULT: {}
COMMAND: POST /session/f2664590fead15ec17982177271525a3/element - {"using":"xpath","value":"//span[contains(text(), \"Argentina\")]"}
COMMAND: GET /session/f2664590fead15ec17982177271525a3/screenshot - {}
RESULT: {"using":"xpath","value":"//span[contains(text(), \"Argentina\")]"}
COMMAND: POST /session/f2664590fead15ec17982177271525a3/element/f.00969020EDAB38E57A85DBAFB8D2C3DD.d.88572768621806C52E845CC0644513CC.e.6986/click - {}
RESULT: {}
RESULT: {}
COMMAND: POST /session/f2664590fead15ec17982177271525a3/execute/async - {"script":"<script> [1562 bytes]","args":[{"selector":{"id":"application-manageyards-display-component---NewYard--addressEditDetailsCostObjectCstType-arrow"},"wdio_ui5_key":"applicationmanageyards-display-component---NewYard--addressEditDetailsCostObjectCstType-arrow"}]}
COMMAND: GET /session/f2664590fead15ec17982177271525a3/screenshot - {}
RESULT: {"script":"<script> [1562 bytes]","args":[{"selector":{"id":"application-manageyards-display-component---NewYard--addressEditDetailsCostObjectCstType-arrow"},"wdio_ui5_key":"applicationmanageyards-display-component---NewYard--addressEditDetailsCostObjectCstType-arrow"}]}
RESULT: undefined
COMMAND: POST /session/f2664590fead15ec17982177271525a3/element - {"using":"xpath","value":"//*[@id=\"application-manageyards-display-component---NewYard--addressEditDetailsCostObjectCstType-arrow\"]"}
RESULT: {}
RESULT: {"using":"xpath","value":"//*[@id=\"application-manageyards-display-component---NewYard--addressEditDetailsCostObjectCstType-arrow\"]"}
COMMAND: POST /session/f2664590fead15ec17982177271525a3/element/f.00969020EDAB38E57A85DBAFB8D2C3DD.d.88572768621806C52E845CC0644513CC.e.6987/click - {}
RESULT: {}
COMMAND: POST /session/f2664590fead15ec17982177271525a3/element - {"using":"xpath","value":"//span[contains(text(), \"Cost Center\")]"}
COMMAND: GET /session/f2664590fead15ec17982177271525a3/screenshot - {}
RESULT: {"using":"xpath","value":"//span[contains(text(), \"Cost Center\")]"}
COMMAND: POST /session/f2664590fead15ec17982177271525a3/element/f.00969020EDAB38E57A85DBAFB8D2C3DD.d.88572768621806C52E845CC0644513CC.e.6988/click - {}
RESULT: {}
RESULT: {}
COMMAND: GET /session/f2664590fead15ec17982177271525a3/screenshot - {}
RESULT: {}
COMMAND: POST /session/f2664590fead15ec17982177271525a3/element - {"using":"xpath","value":"//span[@id=\"application-manageyards-display-component---NewYard--addressNewCostObjectCstID-vhi\"]"}
RESULT: {"using":"xpath","value":"//span[@id=\"application-manageyards-display-component---NewYard--addressNewCostObjectCstID-vhi\"]"}
COMMAND: POST /session/f2664590fead15ec17982177271525a3/execute/sync - {"script":"<script> [8489 bytes]","args":[{"element-6066-11e4-a52e-4f735466cecf":"f.00969020EDAB38E57A85DBAFB8D2C3DD.d.88572768621806C52E845CC0644513CC.e.6992","ELEMENT":"f.00969020EDAB38E57A85DBAFB8D2C3DD.d.88572768621806C52E845CC0644513CC.e.6992"}]}
RESULT: {"script":"<script> [8489 bytes]","args":[{"element-6066-11e4-a52e-4f735466cecf":"f.00969020EDAB38E57A85DBAFB8D2C3DD.d.88572768621806C52E845CC0644513CC.e.6992","ELEMENT":"f.00969020EDAB38E57A85DBAFB8D2C3DD.d.88572768621806C52E845CC0644513CC.e.6992"}]}
COMMAND: POST /session/f2664590fead15ec17982177271525a3/execute/async - {"script":"<script> [1562 bytes]","args":[{"selector":{"id":"application-manageyards-display-component---NewYard--addressNewCostObjectCstID-vhi"},"wdio_ui5_key":"applicationmanageyards-display-component---NewYard--addressNewCostObjectCstID-vhi"}]}
COMMAND: GET /session/f2664590fead15ec17982177271525a3/screenshot - {}
RESULT: {"script":"<script> [1562 bytes]","args":[{"selector":{"id":"application-manageyards-display-component---NewYard--addressNewCostObjectCstID-vhi"},"wdio_ui5_key":"applicationmanageyards-display-component---NewYard--addressNewCostObjectCstID-vhi"}]}
RESULT: undefined
COMMAND: POST /session/f2664590fead15ec17982177271525a3/element - {"using":"xpath","value":"//*[@id=\"application-manageyards-display-component---NewYard--addressNewCostObjectCstID-vhi\"]"}
RESULT: {}
RESULT: {"using":"xpath","value":"//*[@id=\"application-manageyards-display-component---NewYard--addressNewCostObjectCstID-vhi\"]"}
COMMAND: POST /session/f2664590fead15ec17982177271525a3/element/f.00969020EDAB38E57A85DBAFB8D2C3DD.d.88572768621806C52E845CC0644513CC.e.6992/click - {}
RESULT: {}
COMMAND: GET /session/f2664590fead15ec17982177271525a3/screenshot - {}
RESULT: {}
COMMAND: POST /session/f2664590fead15ec17982177271525a3/execute/async - {"script":"<script> [1562 bytes]","args":[{"selector":{"controlType":"sap.m.SearchField","properties":{"placeholder":"Search"},"searchOpenDialogs":true,"interaction":{"idSuffix":"I"}},"wdio_ui5_key":"sapm.SearchField{\"placeholder\":\"Search\"}"}]}
RESULT: {"script":"<script> [1562 bytes]","args":[{"selector":{"controlType":"sap.m.SearchField","properties":{"placeholder":"Search"},"searchOpenDialogs":true,"interaction":{"idSuffix":"I"}},"wdio_ui5_key":"sapm.SearchField{\"placeholder\":\"Search\"}"}]}
RESULT: undefined
COMMAND: POST /session/f2664590fead15ec17982177271525a3/execute/async - {"script":"<script> [776 bytes]","args":[{"enterText":"10001013","selector":{"controlType":"sap.m.SearchField","properties":{"placeholder":"Search"},"searchOpenDialogs":true,"interaction":{"idSuffix":"I"}},"clearTextFirst":true,"interactionType":"ENTER_TEXT"}]}
RESULT: {"script":"<script> [776 bytes]","args":[{"enterText":"10001013","selector":{"controlType":"sap.m.SearchField","properties":{"placeholder":"Search"},"searchOpenDialogs":true,"interaction":{"idSuffix":"I"}},"clearTextFirst":true,"interactionType":"ENTER_TEXT"}]}
COMMAND: POST /session/f2664590fead15ec17982177271525a3/actions - {"actions":[{"id":"action23","type":"key","parameters":{},"actions":[{"type":"keyDown","value":"î€‡"},{"type":"pause","duration":10},{"type":"keyUp","value":"î€‡"}]}]}
RESULT: {"actions":[{"id":"action23","type":"key","parameters":{},"actions":[{"type":"keyDown","value":"î€‡"},{"type":"pause","duration":10},{"type":"keyUp","value":"î€‡"}]}]}
COMMAND: GET /session/f2664590fead15ec17982177271525a3/screenshot - {}
RESULT: {}
COMMAND: POST /session/f2664590fead15ec17982177271525a3/element - {"using":"xpath","value":"//span[contains(text(), \"General Management\")]"}
RESULT: {"using":"xpath","value":"//span[contains(text(), \"General Management\")]"}
COMMAND: POST /session/f2664590fead15ec17982177271525a3/element/f.00969020EDAB38E57A85DBAFB8D2C3DD.d.88572768621806C52E845CC0644513CC.e.7032/click - {}
RESULT: {}
COMMAND: GET /session/f2664590fead15ec17982177271525a3/screenshot - {}
RESULT: {}
COMMAND: POST /session/f2664590fead15ec17982177271525a3/element - {"using":"xpath","value":"//bdi[contains(text(), \"OK\")]"}
RESULT: {"using":"xpath","value":"//bdi[contains(text(), \"OK\")]"}
COMMAND: POST /session/f2664590fead15ec17982177271525a3/element/f.00969020EDAB38E57A85DBAFB8D2C3DD.d.88572768621806C52E845CC0644513CC.e.7033/click - {}
RESULT: {}
COMMAND: GET /session/f2664590fead15ec17982177271525a3/screenshot - {}
RESULT: {}
COMMAND: POST /session/f2664590fead15ec17982177271525a3/execute/async - {"script":"<script> [1562 bytes]","args":[{"selector":{"id":"application-manageyards-display-component---NewYard--addressEditDetailsCurrency-arrow"},"wdio_ui5_key":"applicationmanageyards-display-component---NewYard--addressEditDetailsCurrency-arrow"}]}
RESULT: {"script":"<script> [1562 bytes]","args":[{"selector":{"id":"application-manageyards-display-component---NewYard--addressEditDetailsCurrency-arrow"},"wdio_ui5_key":"applicationmanageyards-display-component---NewYard--addressEditDetailsCurrency-arrow"}]}
RESULT: undefined
COMMAND: POST /session/f2664590fead15ec17982177271525a3/element - {"using":"xpath","value":"//*[@id=\"application-manageyards-display-component---NewYard--addressEditDetailsCurrency-arrow\"]"}
RESULT: {"using":"xpath","value":"//*[@id=\"application-manageyards-display-component---NewYard--addressEditDetailsCurrency-arrow\"]"}
COMMAND: POST /session/f2664590fead15ec17982177271525a3/element/f.00969020EDAB38E57A85DBAFB8D2C3DD.d.88572768621806C52E845CC0644513CC.e.7036/click - {}
RESULT: {}
COMMAND: POST /session/f2664590fead15ec17982177271525a3/element - {"using":"xpath","value":"//span[contains(text(), \"Euro\")]"}
COMMAND: GET /session/f2664590fead15ec17982177271525a3/screenshot - {}
RESULT: {"using":"xpath","value":"//span[contains(text(), \"Euro\")]"}
COMMAND: POST /session/f2664590fead15ec17982177271525a3/element/f.00969020EDAB38E57A85DBAFB8D2C3DD.d.88572768621806C52E845CC0644513CC.e.7037/click - {}
RESULT: {}
RESULT: {}
COMMAND: POST /session/f2664590fead15ec17982177271525a3/execute/async - {"script":"<script> [1562 bytes]","args":[{"selector":{"controlType":"sap.m.Input","viewName":"etm.portal.ui.manageyards.view.New","viewId":"application-manageyards-display-component---NewYard","bindingPath":{"path":"","propertyPath":"/CONTROLLING_AREA","modelName":"NewYardModel"},"interaction":{"idSuffix":"inner"}},"wdio_ui5_key":"etmportal.ui.manageyards.view.Newsap.m.Input{\"path\":\"\",\"propertyPath\":\"/CONTROLLING_AREA\",\"modelName\":\"NewYardModel\"}"}]}
COMMAND: GET /session/f2664590fead15ec17982177271525a3/screenshot - {}
RESULT: {"script":"<script> [1562 bytes]","args":[{"selector":{"controlType":"sap.m.Input","viewName":"etm.portal.ui.manageyards.view.New","viewId":"application-manageyards-display-component---NewYard","bindingPath":{"path":"","propertyPath":"/CONTROLLING_AREA","modelName":"NewYardModel"},"interaction":{"idSuffix":"inner"}},"wdio_ui5_key":"etmportal.ui.manageyards.view.Newsap.m.Input{\"path\":\"\",\"propertyPath\":\"/CONTROLLING_AREA\",\"modelName\":\"NewYardModel\"}"}]}
RESULT: undefined
COMMAND: POST /session/f2664590fead15ec17982177271525a3/execute/async - {"script":"<script> [776 bytes]","args":[{"enterText":"Z001","selector":{"controlType":"sap.m.Input","viewName":"etm.portal.ui.manageyards.view.New","viewId":"application-manageyards-display-component---NewYard","bindingPath":{"path":"","propertyPath":"/CONTROLLING_AREA","modelName":"NewYardModel"},"interaction":{"idSuffix":"inner"}},"clearTextFirst":true,"interactionType":"ENTER_TEXT"}]}
RESULT: {}
RESULT: {"script":"<script> [776 bytes]","args":[{"enterText":"Z001","selector":{"controlType":"sap.m.Input","viewName":"etm.portal.ui.manageyards.view.New","viewId":"application-manageyards-display-component---NewYard","bindingPath":{"path":"","propertyPath":"/CONTROLLING_AREA","modelName":"NewYardModel"},"interaction":{"idSuffix":"inner"}},"clearTextFirst":true,"interactionType":"ENTER_TEXT"}]}
COMMAND: POST /session/f2664590fead15ec17982177271525a3/execute/async - {"script":"<script> [1562 bytes]","args":[{"selector":{"id":"application-manageyards-display-component---NewYard--companyCodeComboBox","interaction":{"idSuffix":"inner"}},"wdio_ui5_key":"applicationmanageyards-display-component---NewYard--companyCodeComboBox"}]}
RESULT: {"script":"<script> [1562 bytes]","args":[{"selector":{"id":"application-manageyards-display-component---NewYard--companyCodeComboBox","interaction":{"idSuffix":"inner"}},"wdio_ui5_key":"applicationmanageyards-display-component---NewYard--companyCodeComboBox"}]}
RESULT: undefined
COMMAND: POST /session/f2664590fead15ec17982177271525a3/execute/async - {"script":"<script> [776 bytes]","args":[{"enterText":"1000","selector":{"id":"application-manageyards-display-component---NewYard--companyCodeComboBox","interaction":{"idSuffix":"inner"}},"clearTextFirst":true,"interactionType":"ENTER_TEXT"}]}
RESULT: {"script":"<script> [776 bytes]","args":[{"enterText":"1000","selector":{"id":"application-manageyards-display-component---NewYard--companyCodeComboBox","interaction":{"idSuffix":"inner"}},"clearTextFirst":true,"interactionType":"ENTER_TEXT"}]}
COMMAND: POST /session/f2664590fead15ec17982177271525a3/execute/async - {"script":"<script> [1562 bytes]","args":[{"selector":{"controlType":"sap.m.Input","viewName":"etm.portal.ui.manageyards.view.New","viewId":"application-manageyards-display-component---NewYard","bindingPath":{"path":"","propertyPath":"/PLANT","modelName":"NewYardModel"},"interaction":{"idSuffix":"inner"}},"wdio_ui5_key":"etmportal.ui.manageyards.view.Newsap.m.Input{\"path\":\"\",\"propertyPath\":\"/PLANT\",\"modelName\":\"NewYardModel\"}"}]}
RESULT: {"script":"<script> [1562 bytes]","args":[{"selector":{"controlType":"sap.m.Input","viewName":"etm.portal.ui.manageyards.view.New","viewId":"application-manageyards-display-component---NewYard","bindingPath":{"path":"","propertyPath":"/PLANT","modelName":"NewYardModel"},"interaction":{"idSuffix":"inner"}},"wdio_ui5_key":"etmportal.ui.manageyards.view.Newsap.m.Input{\"path\":\"\",\"propertyPath\":\"/PLANT\",\"modelName\":\"NewYardModel\"}"}]}
RESULT: undefined
COMMAND: POST /session/f2664590fead15ec17982177271525a3/execute/async - {"script":"<script> [776 bytes]","args":[{"enterText":"1001","selector":{"controlType":"sap.m.Input","viewName":"etm.portal.ui.manageyards.view.New","viewId":"application-manageyards-display-component---NewYard","bindingPath":{"path":"","propertyPath":"/PLANT","modelName":"NewYardModel"},"interaction":{"idSuffix":"inner"}},"clearTextFirst":true,"interactionType":"ENTER_TEXT"}]}
RESULT: {"script":"<script> [776 bytes]","args":[{"enterText":"1001","selector":{"controlType":"sap.m.Input","viewName":"etm.portal.ui.manageyards.view.New","viewId":"application-manageyards-display-component---NewYard","bindingPath":{"path":"","propertyPath":"/PLANT","modelName":"NewYardModel"},"interaction":{"idSuffix":"inner"}},"clearTextFirst":true,"interactionType":"ENTER_TEXT"}]}
COMMAND: POST /session/f2664590fead15ec17982177271525a3/execute/async - {"script":"<script> [1562 bytes]","args":[{"selector":{"controlType":"sap.m.Input","viewName":"etm.portal.ui.manageyards.view.New","viewId":"application-manageyards-display-component---NewYard","bindingPath":{"path":"","propertyPath":"/SALES_AREA_VKORG","modelName":"NewYardModel"},"interaction":{"idSuffix":"inner"}},"wdio_ui5_key":"etmportal.ui.manageyards.view.Newsap.m.Input{\"path\":\"\",\"propertyPath\":\"/SALES_AREA_VKORG\",\"modelName\":\"NewYardModel\"}"}]}
RESULT: {"script":"<script> [1562 bytes]","args":[{"selector":{"controlType":"sap.m.Input","viewName":"etm.portal.ui.manageyards.view.New","viewId":"application-manageyards-display-component---NewYard","bindingPath":{"path":"","propertyPath":"/SALES_AREA_VKORG","modelName":"NewYardModel"},"interaction":{"idSuffix":"inner"}},"wdio_ui5_key":"etmportal.ui.manageyards.view.Newsap.m.Input{\"path\":\"\",\"propertyPath\":\"/SALES_AREA_VKORG\",\"modelName\":\"NewYardModel\"}"}]}
RESULT: undefined
COMMAND: POST /session/f2664590fead15ec17982177271525a3/execute/async - {"script":"<script> [776 bytes]","args":[{"enterText":"C002","selector":{"controlType":"sap.m.Input","viewName":"etm.portal.ui.manageyards.view.New","viewId":"application-manageyards-display-component---NewYard","bindingPath":{"path":"","propertyPath":"/SALES_AREA_VKORG","modelName":"NewYardModel"},"interaction":{"idSuffix":"inner"}},"clearTextFirst":true,"interactionType":"ENTER_TEXT"}]}
RESULT: {"script":"<script> [776 bytes]","args":[{"enterText":"C002","selector":{"controlType":"sap.m.Input","viewName":"etm.portal.ui.manageyards.view.New","viewId":"application-manageyards-display-component---NewYard","bindingPath":{"path":"","propertyPath":"/SALES_AREA_VKORG","modelName":"NewYardModel"},"interaction":{"idSuffix":"inner"}},"clearTextFirst":true,"interactionType":"ENTER_TEXT"}]}
COMMAND: POST /session/f2664590fead15ec17982177271525a3/execute/async - {"script":"<script> [1562 bytes]","args":[{"selector":{"controlType":"sap.m.Input","viewName":"etm.portal.ui.manageyards.view.New","viewId":"application-manageyards-display-component---NewYard","bindingPath":{"path":"","propertyPath":"/SALES_AREA_VTWEG","modelName":"NewYardModel"},"interaction":{"idSuffix":"inner"}},"wdio_ui5_key":"etmportal.ui.manageyards.view.Newsap.m.Input{\"path\":\"\",\"propertyPath\":\"/SALES_AREA_VTWEG\",\"modelName\":\"NewYardModel\"}"}]}
RESULT: {"script":"<script> [1562 bytes]","args":[{"selector":{"controlType":"sap.m.Input","viewName":"etm.portal.ui.manageyards.view.New","viewId":"application-manageyards-display-component---NewYard","bindingPath":{"path":"","propertyPath":"/SALES_AREA_VTWEG","modelName":"NewYardModel"},"interaction":{"idSuffix":"inner"}},"wdio_ui5_key":"etmportal.ui.manageyards.view.Newsap.m.Input{\"path\":\"\",\"propertyPath\":\"/SALES_AREA_VTWEG\",\"modelName\":\"NewYardModel\"}"}]}
RESULT: undefined
COMMAND: POST /session/f2664590fead15ec17982177271525a3/execute/async - {"script":"<script> [776 bytes]","args":[{"enterText":"C2","selector":{"controlType":"sap.m.Input","viewName":"etm.portal.ui.manageyards.view.New","viewId":"application-manageyards-display-component---NewYard","bindingPath":{"path":"","propertyPath":"/SALES_AREA_VTWEG","modelName":"NewYardModel"},"interaction":{"idSuffix":"inner"}},"clearTextFirst":true,"interactionType":"ENTER_TEXT"}]}
RESULT: {"script":"<script> [776 bytes]","args":[{"enterText":"C2","selector":{"controlType":"sap.m.Input","viewName":"etm.portal.ui.manageyards.view.New","viewId":"application-manageyards-display-component---NewYard","bindingPath":{"path":"","propertyPath":"/SALES_AREA_VTWEG","modelName":"NewYardModel"},"interaction":{"idSuffix":"inner"}},"clearTextFirst":true,"interactionType":"ENTER_TEXT"}]}
COMMAND: POST /session/f2664590fead15ec17982177271525a3/execute/async - {"script":"<script> [1562 bytes]","args":[{"selector":{"controlType":"sap.m.Input","viewName":"etm.portal.ui.manageyards.view.New","viewId":"application-manageyards-display-component---NewYard","bindingPath":{"path":"","propertyPath":"/SALES_AREA_SPART","modelName":"NewYardModel"},"interaction":{"idSuffix":"inner"}},"wdio_ui5_key":"etmportal.ui.manageyards.view.Newsap.m.Input{\"path\":\"\",\"propertyPath\":\"/SALES_AREA_SPART\",\"modelName\":\"NewYardModel\"}"}]}
RESULT: {"script":"<script> [1562 bytes]","args":[{"selector":{"controlType":"sap.m.Input","viewName":"etm.portal.ui.manageyards.view.New","viewId":"application-manageyards-display-component---NewYard","bindingPath":{"path":"","propertyPath":"/SALES_AREA_SPART","modelName":"NewYardModel"},"interaction":{"idSuffix":"inner"}},"wdio_ui5_key":"etmportal.ui.manageyards.view.Newsap.m.Input{\"path\":\"\",\"propertyPath\":\"/SALES_AREA_SPART\",\"modelName\":\"NewYardModel\"}"}]}
RESULT: undefined
COMMAND: POST /session/f2664590fead15ec17982177271525a3/execute/async - {"script":"<script> [776 bytes]","args":[{"enterText":"C2","selector":{"controlType":"sap.m.Input","viewName":"etm.portal.ui.manageyards.view.New","viewId":"application-manageyards-display-component---NewYard","bindingPath":{"path":"","propertyPath":"/SALES_AREA_SPART","modelName":"NewYardModel"},"interaction":{"idSuffix":"inner"}},"clearTextFirst":true,"interactionType":"ENTER_TEXT"}]}
RESULT: {"script":"<script> [776 bytes]","args":[{"enterText":"C2","selector":{"controlType":"sap.m.Input","viewName":"etm.portal.ui.manageyards.view.New","viewId":"application-manageyards-display-component---NewYard","bindingPath":{"path":"","propertyPath":"/SALES_AREA_SPART","modelName":"NewYardModel"},"interaction":{"idSuffix":"inner"}},"clearTextFirst":true,"interactionType":"ENTER_TEXT"}]}
COMMAND: POST /session/f2664590fead15ec17982177271525a3/execute/async - {"script":"<script> [1562 bytes]","args":[{"selector":{"controlType":"sap.m.Input","viewName":"etm.portal.ui.manageyards.view.New","viewId":"application-manageyards-display-component---NewYard","bindingPath":{"path":"","propertyPath":"/SHIP_POINT","modelName":"NewYardModel"},"interaction":{"idSuffix":"inner"}},"wdio_ui5_key":"etmportal.ui.manageyards.view.Newsap.m.Input{\"path\":\"\",\"propertyPath\":\"/SHIP_POINT\",\"modelName\":\"NewYardModel\"}"}]}
RESULT: {"script":"<script> [1562 bytes]","args":[{"selector":{"controlType":"sap.m.Input","viewName":"etm.portal.ui.manageyards.view.New","viewId":"application-manageyards-display-component---NewYard","bindingPath":{"path":"","propertyPath":"/SHIP_POINT","modelName":"NewYardModel"},"interaction":{"idSuffix":"inner"}},"wdio_ui5_key":"etmportal.ui.manageyards.view.Newsap.m.Input{\"path\":\"\",\"propertyPath\":\"/SHIP_POINT\",\"modelName\":\"NewYardModel\"}"}]}
RESULT: undefined
COMMAND: POST /session/f2664590fead15ec17982177271525a3/execute/async - {"script":"<script> [776 bytes]","args":[{"enterText":"1710","selector":{"controlType":"sap.m.Input","viewName":"etm.portal.ui.manageyards.view.New","viewId":"application-manageyards-display-component---NewYard","bindingPath":{"path":"","propertyPath":"/SHIP_POINT","modelName":"NewYardModel"},"interaction":{"idSuffix":"inner"}},"clearTextFirst":true,"interactionType":"ENTER_TEXT"}]}
RESULT: {"script":"<script> [776 bytes]","args":[{"enterText":"1710","selector":{"controlType":"sap.m.Input","viewName":"etm.portal.ui.manageyards.view.New","viewId":"application-manageyards-display-component---NewYard","bindingPath":{"path":"","propertyPath":"/SHIP_POINT","modelName":"NewYardModel"},"interaction":{"idSuffix":"inner"}},"clearTextFirst":true,"interactionType":"ENTER_TEXT"}]}
COMMAND: POST /session/f2664590fead15ec17982177271525a3/execute/async - {"script":"<script> [1562 bytes]","args":[{"selector":{"controlType":"sap.m.Input","viewName":"etm.portal.ui.manageyards.view.New","viewId":"application-manageyards-display-component---NewYard","bindingPath":{"path":"","propertyPath":"/DELIVERY_TYPE","modelName":"NewYardModel"},"interaction":{"idSuffix":"inner"}},"wdio_ui5_key":"etmportal.ui.manageyards.view.Newsap.m.Input{\"path\":\"\",\"propertyPath\":\"/DELIVERY_TYPE\",\"modelName\":\"NewYardModel\"}"}]}
RESULT: {"script":"<script> [1562 bytes]","args":[{"selector":{"controlType":"sap.m.Input","viewName":"etm.portal.ui.manageyards.view.New","viewId":"application-manageyards-display-component---NewYard","bindingPath":{"path":"","propertyPath":"/DELIVERY_TYPE","modelName":"NewYardModel"},"interaction":{"idSuffix":"inner"}},"wdio_ui5_key":"etmportal.ui.manageyards.view.Newsap.m.Input{\"path\":\"\",\"propertyPath\":\"/DELIVERY_TYPE\",\"modelName\":\"NewYardModel\"}"}]}
RESULT: undefined
COMMAND: POST /session/f2664590fead15ec17982177271525a3/execute/async - {"script":"<script> [776 bytes]","args":[{"enterText":"ZL01","selector":{"controlType":"sap.m.Input","viewName":"etm.portal.ui.manageyards.view.New","viewId":"application-manageyards-display-component---NewYard","bindingPath":{"path":"","propertyPath":"/DELIVERY_TYPE","modelName":"NewYardModel"},"interaction":{"idSuffix":"inner"}},"clearTextFirst":true,"interactionType":"ENTER_TEXT"}]}
RESULT: {"script":"<script> [776 bytes]","args":[{"enterText":"ZL01","selector":{"controlType":"sap.m.Input","viewName":"etm.portal.ui.manageyards.view.New","viewId":"application-manageyards-display-component---NewYard","bindingPath":{"path":"","propertyPath":"/DELIVERY_TYPE","modelName":"NewYardModel"},"interaction":{"idSuffix":"inner"}},"clearTextFirst":true,"interactionType":"ENTER_TEXT"}]}
COMMAND: POST /session/f2664590fead15ec17982177271525a3/execute/async - {"script":"<script> [1562 bytes]","args":[{"selector":{"controlType":"sap.m.Input","viewName":"etm.portal.ui.manageyards.view.New","viewId":"application-manageyards-display-component---NewYard","bindingPath":{"path":"","propertyPath":"/AUART","modelName":"NewYardModel"},"interaction":{"idSuffix":"inner"}},"wdio_ui5_key":"etmportal.ui.manageyards.view.Newsap.m.Input{\"path\":\"\",\"propertyPath\":\"/AUART\",\"modelName\":\"NewYardModel\"}"}]}
RESULT: {"script":"<script> [1562 bytes]","args":[{"selector":{"controlType":"sap.m.Input","viewName":"etm.portal.ui.manageyards.view.New","viewId":"application-manageyards-display-component---NewYard","bindingPath":{"path":"","propertyPath":"/AUART","modelName":"NewYardModel"},"interaction":{"idSuffix":"inner"}},"wdio_ui5_key":"etmportal.ui.manageyards.view.Newsap.m.Input{\"path\":\"\",\"propertyPath\":\"/AUART\",\"modelName\":\"NewYardModel\"}"}]}
RESULT: undefined
COMMAND: POST /session/f2664590fead15ec17982177271525a3/execute/async - {"script":"<script> [776 bytes]","args":[{"enterText":"TA","selector":{"controlType":"sap.m.Input","viewName":"etm.portal.ui.manageyards.view.New","viewId":"application-manageyards-display-component---NewYard","bindingPath":{"path":"","propertyPath":"/AUART","modelName":"NewYardModel"},"interaction":{"idSuffix":"inner"}},"clearTextFirst":true,"interactionType":"ENTER_TEXT"}]}
RESULT: {"script":"<script> [776 bytes]","args":[{"enterText":"TA","selector":{"controlType":"sap.m.Input","viewName":"etm.portal.ui.manageyards.view.New","viewId":"application-manageyards-display-component---NewYard","bindingPath":{"path":"","propertyPath":"/AUART","modelName":"NewYardModel"},"interaction":{"idSuffix":"inner"}},"clearTextFirst":true,"interactionType":"ENTER_TEXT"}]}
COMMAND: POST /session/f2664590fead15ec17982177271525a3/element - {"using":"xpath","value":"//button[@data-kt=\"newYardSaveButton\"]"}
RESULT: {"using":"xpath","value":"//button[@data-kt=\"newYardSaveButton\"]"}
COMMAND: POST /session/f2664590fead15ec17982177271525a3/element/f.00969020EDAB38E57A85DBAFB8D2C3DD.d.88572768621806C52E845CC0644513CC.e.6966/click - {}
RESULT: {}
COMMAND: GET /session/f2664590fead15ec17982177271525a3/screenshot - {}
RESULT: {}
COMMAND: POST /session/f2664590fead15ec17982177271525a3/element - {"using":"xpath","value":"//header[contains(@id, 'ObjectPageLayout-headerTitle')]/div[1]/div[2]/div[1]/span[1]"}
RESULT: {"using":"xpath","value":"//header[contains(@id, 'ObjectPageLayout-headerTitle')]/div[1]/div[2]/div[1]/span[1]"}
COMMAND: POST /session/f2664590fead15ec17982177271525a3/elements - {"using":"xpath","value":"//header[contains(@id, 'ObjectPageLayout-headerTitle')]/div[1]/div[2]/div[1]/span[1]"}
RESULT: {"using":"xpath","value":"//header[contains(@id, 'ObjectPageLayout-headerTitle')]/div[1]/div[2]/div[1]/span[1]"}
COMMAND: POST /session/f2664590fead15ec17982177271525a3/execute/sync - {"script":"<script> [56 bytes]","args":[{"element-6066-11e4-a52e-4f735466cecf":"f.00969020EDAB38E57A85DBAFB8D2C3DD.d.88572768621806C52E845CC0644513CC.e.7260","ELEMENT":"f.00969020EDAB38E57A85DBAFB8D2C3DD.d.88572768621806C52E845CC0644513CC.e.7260"}]}
RESULT: {"script":"<script> [56 bytes]","args":[{"element-6066-11e4-a52e-4f735466cecf":"f.00969020EDAB38E57A85DBAFB8D2C3DD.d.88572768621806C52E845CC0644513CC.e.7260","ELEMENT":"f.00969020EDAB38E57A85DBAFB8D2C3DD.d.88572768621806C52E845CC0644513CC.e.7260"}]}
COMMAND: GET /session/f2664590fead15ec17982177271525a3/screenshot - {}
RESULT: {}
COMMAND: POST /session/f2664590fead15ec17982177271525a3/element - {"using":"css selector","value":"#shell-header-logo"}
RESULT: {"using":"css selector","value":"#shell-header-logo"}
COMMAND: POST /session/f2664590fead15ec17982177271525a3/element/f.00969020EDAB38E57A85DBAFB8D2C3DD.d.88572768621806C52E845CC0644513CC.e.6518/click - {}
RESULT: {}
COMMAND: GET /session/f2664590fead15ec17982177271525a3/screenshot - {}
RESULT: {}
COMMAND: POST /session/f2664590fead15ec17982177271525a3/execute/sync - {"script":"<script> [299 bytes]","args":[["getModel","getResource"]]}
RESULT: {"script":"<script> [299 bytes]","args":[["getModel","getResource"]]}
COMMAND: GET /session/f2664590fead15ec17982177271525a3/screenshot - {}
]]></system-out>
    </testcase>
    <testcase classname="chrome.135_0_7049_115.windows.Billing_Transfer_-_Intracompany_US127249" name="Should create a new partner" time="131.429">
      <system-out><![CDATA[
COMMAND: POST /session/f2664590fead15ec17982177271525a3/window/fullscreen - {}
RESULT: {}
RESULT: {}
COMMAND: POST /session/f2664590fead15ec17982177271525a3/execute/async - {"script":"<script> [1562 bytes]","args":[{"selector":{"controlType":"sap.m.GenericTile","properties":{"header":"Manage Partners"}},"wdio_ui5_key":"sapm.GenericTile{\"header\":\"Manage Partners\"}"}]}
RESULT: {"script":"<script> [1562 bytes]","args":[{"selector":{"controlType":"sap.m.GenericTile","properties":{"header":"Manage Partners"}},"wdio_ui5_key":"sapm.GenericTile{\"header\":\"Manage Partners\"}"}]}
RESULT: undefined
COMMAND: POST /session/f2664590fead15ec17982177271525a3/element - {"using":"xpath","value":"//*[@id=\"__tile38\"]"}
RESULT: {"using":"xpath","value":"//*[@id=\"__tile38\"]"}
COMMAND: POST /session/f2664590fead15ec17982177271525a3/element/f.00969020EDAB38E57A85DBAFB8D2C3DD.d.88572768621806C52E845CC0644513CC.e.6406/click - {}
RESULT: {}
COMMAND: POST /session/f2664590fead15ec17982177271525a3/element - {"using":"xpath","value":"//button[@data-kt=\"addButton\"]"}
COMMAND: GET /session/f2664590fead15ec17982177271525a3/screenshot - {}
RESULT: {"using":"xpath","value":"//button[@data-kt=\"addButton\"]"}
COMMAND: POST /session/f2664590fead15ec17982177271525a3/elements - {"using":"xpath","value":"//button[@data-kt=\"addButton\"]"}
RESULT: {}
RESULT: {"using":"xpath","value":"//button[@data-kt=\"addButton\"]"}
COMMAND: POST /session/f2664590fead15ec17982177271525a3/elements - {"using":"xpath","value":"//button[@data-kt=\"addButton\"]"}
RESULT: {"using":"xpath","value":"//button[@data-kt=\"addButton\"]"}
COMMAND: POST /session/f2664590fead15ec17982177271525a3/elements - {"using":"xpath","value":"//button[@data-kt=\"addButton\"]"}
RESULT: {"using":"xpath","value":"//button[@data-kt=\"addButton\"]"}
COMMAND: POST /session/f2664590fead15ec17982177271525a3/elements - {"using":"xpath","value":"//button[@data-kt=\"addButton\"]"}
RESULT: {"using":"xpath","value":"//button[@data-kt=\"addButton\"]"}
COMMAND: POST /session/f2664590fead15ec17982177271525a3/elements - {"using":"xpath","value":"//button[@data-kt=\"addButton\"]"}
RESULT: {"using":"xpath","value":"//button[@data-kt=\"addButton\"]"}
COMMAND: POST /session/f2664590fead15ec17982177271525a3/elements - {"using":"xpath","value":"//button[@data-kt=\"addButton\"]"}
RESULT: {"using":"xpath","value":"//button[@data-kt=\"addButton\"]"}
COMMAND: POST /session/f2664590fead15ec17982177271525a3/elements - {"using":"xpath","value":"//button[@data-kt=\"addButton\"]"}
RESULT: {"using":"xpath","value":"//button[@data-kt=\"addButton\"]"}
COMMAND: POST /session/f2664590fead15ec17982177271525a3/elements - {"using":"xpath","value":"//button[@data-kt=\"addButton\"]"}
RESULT: {"using":"xpath","value":"//button[@data-kt=\"addButton\"]"}
COMMAND: POST /session/f2664590fead15ec17982177271525a3/elements - {"using":"xpath","value":"//button[@data-kt=\"addButton\"]"}
RESULT: {"using":"xpath","value":"//button[@data-kt=\"addButton\"]"}
COMMAND: POST /session/f2664590fead15ec17982177271525a3/elements - {"using":"xpath","value":"//button[@data-kt=\"addButton\"]"}
RESULT: {"using":"xpath","value":"//button[@data-kt=\"addButton\"]"}
COMMAND: POST /session/f2664590fead15ec17982177271525a3/elements - {"using":"xpath","value":"//button[@data-kt=\"addButton\"]"}
RESULT: {"using":"xpath","value":"//button[@data-kt=\"addButton\"]"}
COMMAND: POST /session/f2664590fead15ec17982177271525a3/elements - {"using":"xpath","value":"//button[@data-kt=\"addButton\"]"}
RESULT: {"using":"xpath","value":"//button[@data-kt=\"addButton\"]"}
COMMAND: POST /session/f2664590fead15ec17982177271525a3/elements - {"using":"xpath","value":"//button[@data-kt=\"addButton\"]"}
RESULT: {"using":"xpath","value":"//button[@data-kt=\"addButton\"]"}
COMMAND: POST /session/f2664590fead15ec17982177271525a3/elements - {"using":"xpath","value":"//button[@data-kt=\"addButton\"]"}
RESULT: {"using":"xpath","value":"//button[@data-kt=\"addButton\"]"}
COMMAND: POST /session/f2664590fead15ec17982177271525a3/elements - {"using":"xpath","value":"//button[@data-kt=\"addButton\"]"}
RESULT: {"using":"xpath","value":"//button[@data-kt=\"addButton\"]"}
COMMAND: POST /session/f2664590fead15ec17982177271525a3/element - {"using":"xpath","value":"//button[@data-kt=\"addButton\"]"}
RESULT: {"using":"xpath","value":"//button[@data-kt=\"addButton\"]"}
COMMAND: POST /session/f2664590fead15ec17982177271525a3/execute/sync - {"script":"<script> [8489 bytes]","args":[{"element-6066-11e4-a52e-4f735466cecf":"f.00969020EDAB38E57A85DBAFB8D2C3DD.d.88572768621806C52E845CC0644513CC.e.7310","ELEMENT":"f.00969020EDAB38E57A85DBAFB8D2C3DD.d.88572768621806C52E845CC0644513CC.e.7310"}]}
RESULT: {"script":"<script> [8489 bytes]","args":[{"element-6066-11e4-a52e-4f735466cecf":"f.00969020EDAB38E57A85DBAFB8D2C3DD.d.88572768621806C52E845CC0644513CC.e.7310","ELEMENT":"f.00969020EDAB38E57A85DBAFB8D2C3DD.d.88572768621806C52E845CC0644513CC.e.7310"}]}
COMMAND: GET /session/f2664590fead15ec17982177271525a3/element/f.00969020EDAB38E57A85DBAFB8D2C3DD.d.88572768621806C52E845CC0644513CC.e.7310/enabled - {}
COMMAND: GET /session/f2664590fead15ec17982177271525a3/screenshot - {}
RESULT: {}
COMMAND: POST /session/f2664590fead15ec17982177271525a3/execute/sync - {"script":"<script> [8489 bytes]","args":[{"element-6066-11e4-a52e-4f735466cecf":"f.00969020EDAB38E57A85DBAFB8D2C3DD.d.88572768621806C52E845CC0644513CC.e.7310","ELEMENT":"f.00969020EDAB38E57A85DBAFB8D2C3DD.d.88572768621806C52E845CC0644513CC.e.7310"}]}
COMMAND: GET /session/f2664590fead15ec17982177271525a3/screenshot - {}
RESULT: {}
RESULT: {"script":"<script> [8489 bytes]","args":[{"element-6066-11e4-a52e-4f735466cecf":"f.00969020EDAB38E57A85DBAFB8D2C3DD.d.88572768621806C52E845CC0644513CC.e.7310","ELEMENT":"f.00969020EDAB38E57A85DBAFB8D2C3DD.d.88572768621806C52E845CC0644513CC.e.7310"}]}
COMMAND: POST /session/f2664590fead15ec17982177271525a3/execute/sync - {"script":"<script> [5351 bytes]","args":[{"element-6066-11e4-a52e-4f735466cecf":"f.00969020EDAB38E57A85DBAFB8D2C3DD.d.88572768621806C52E845CC0644513CC.e.7310","ELEMENT":"f.00969020EDAB38E57A85DBAFB8D2C3DD.d.88572768621806C52E845CC0644513CC.e.7310"}]}
COMMAND: GET /session/f2664590fead15ec17982177271525a3/screenshot - {}
RESULT: {}
RESULT: {"script":"<script> [5351 bytes]","args":[{"element-6066-11e4-a52e-4f735466cecf":"f.00969020EDAB38E57A85DBAFB8D2C3DD.d.88572768621806C52E845CC0644513CC.e.7310","ELEMENT":"f.00969020EDAB38E57A85DBAFB8D2C3DD.d.88572768621806C52E845CC0644513CC.e.7310"}]}
COMMAND: POST /session/f2664590fead15ec17982177271525a3/element/f.00969020EDAB38E57A85DBAFB8D2C3DD.d.88572768621806C52E845CC0644513CC.e.7310/click - {}
COMMAND: GET /session/f2664590fead15ec17982177271525a3/screenshot - {}
RESULT: {}
RESULT: {}
COMMAND: GET /session/f2664590fead15ec17982177271525a3/screenshot - {}
COMMAND: POST /session/f2664590fead15ec17982177271525a3/execute/async - {"script":"<script> [1562 bytes]","args":[{"selector":{"id":"application-managepartners-display-component---NewPartner--addressDetailDetailsName1","interaction":{"idSuffix":"inner"}},"wdio_ui5_key":"applicationmanagepartners-display-component---NewPartner--addressDetailDetailsName1"}]}
RESULT: {}
RESULT: {}
RESULT: {"script":"<script> [1562 bytes]","args":[{"selector":{"id":"application-managepartners-display-component---NewPartner--addressDetailDetailsName1","interaction":{"idSuffix":"inner"}},"wdio_ui5_key":"applicationmanagepartners-display-component---NewPartner--addressDetailDetailsName1"}]}
RESULT: undefined
COMMAND: POST /session/f2664590fead15ec17982177271525a3/execute/async - {"script":"<script> [776 bytes]","args":[{"enterText":"Intracompany Partner WDIO","selector":{"id":"application-managepartners-display-component---NewPartner--addressDetailDetailsName1","interaction":{"idSuffix":"inner"}},"clearTextFirst":true,"interactionType":"ENTER_TEXT"}]}
RESULT: {"script":"<script> [776 bytes]","args":[{"enterText":"Intracompany Partner WDIO","selector":{"id":"application-managepartners-display-component---NewPartner--addressDetailDetailsName1","interaction":{"idSuffix":"inner"}},"clearTextFirst":true,"interactionType":"ENTER_TEXT"}]}
COMMAND: POST /session/f2664590fead15ec17982177271525a3/execute/async - {"script":"<script> [1562 bytes]","args":[{"selector":{"id":"application-managepartners-display-component---NewPartner--addressDetailDetailsLanguage-arrow"},"wdio_ui5_key":"applicationmanagepartners-display-component---NewPartner--addressDetailDetailsLanguage-arrow"}]}
RESULT: {"script":"<script> [1562 bytes]","args":[{"selector":{"id":"application-managepartners-display-component---NewPartner--addressDetailDetailsLanguage-arrow"},"wdio_ui5_key":"applicationmanagepartners-display-component---NewPartner--addressDetailDetailsLanguage-arrow"}]}
RESULT: undefined
COMMAND: POST /session/f2664590fead15ec17982177271525a3/element - {"using":"xpath","value":"//*[@id=\"application-managepartners-display-component---NewPartner--addressDetailDetailsLanguage-arrow\"]"}
RESULT: {"using":"xpath","value":"//*[@id=\"application-managepartners-display-component---NewPartner--addressDetailDetailsLanguage-arrow\"]"}
COMMAND: POST /session/f2664590fead15ec17982177271525a3/element/f.00969020EDAB38E57A85DBAFB8D2C3DD.d.88572768621806C52E845CC0644513CC.e.7742/click - {}
RESULT: {}
COMMAND: POST /session/f2664590fead15ec17982177271525a3/element - {"using":"xpath","value":"//span[contains(text(), \"English\")]"}
COMMAND: GET /session/f2664590fead15ec17982177271525a3/screenshot - {}
RESULT: {"using":"xpath","value":"//span[contains(text(), \"English\")]"}
COMMAND: POST /session/f2664590fead15ec17982177271525a3/element/f.00969020EDAB38E57A85DBAFB8D2C3DD.d.88572768621806C52E845CC0644513CC.e.7743/click - {}
RESULT: {}
RESULT: {}
COMMAND: GET /session/f2664590fead15ec17982177271525a3/screenshot - {}
RESULT: {}
COMMAND: POST /session/f2664590fead15ec17982177271525a3/execute/async - {"script":"<script> [1562 bytes]","args":[{"selector":{"id":"application-managepartners-display-component---NewPartner--addressDetailDetailsCity1","interaction":{"idSuffix":"inner"}},"wdio_ui5_key":"applicationmanagepartners-display-component---NewPartner--addressDetailDetailsCity1"}]}
RESULT: {"script":"<script> [1562 bytes]","args":[{"selector":{"id":"application-managepartners-display-component---NewPartner--addressDetailDetailsCity1","interaction":{"idSuffix":"inner"}},"wdio_ui5_key":"applicationmanagepartners-display-component---NewPartner--addressDetailDetailsCity1"}]}
RESULT: undefined
COMMAND: POST /session/f2664590fead15ec17982177271525a3/execute/async - {"script":"<script> [776 bytes]","args":[{"enterText":"Rosario","selector":{"id":"application-managepartners-display-component---NewPartner--addressDetailDetailsCity1","interaction":{"idSuffix":"inner"}},"clearTextFirst":true,"interactionType":"ENTER_TEXT"}]}
RESULT: {"script":"<script> [776 bytes]","args":[{"enterText":"Rosario","selector":{"id":"application-managepartners-display-component---NewPartner--addressDetailDetailsCity1","interaction":{"idSuffix":"inner"}},"clearTextFirst":true,"interactionType":"ENTER_TEXT"}]}
COMMAND: POST /session/f2664590fead15ec17982177271525a3/execute/async - {"script":"<script> [1562 bytes]","args":[{"selector":{"id":"application-managepartners-display-component---NewPartner--addressDetailDetailsCountry-arrow"},"wdio_ui5_key":"applicationmanagepartners-display-component---NewPartner--addressDetailDetailsCountry-arrow"}]}
RESULT: {"script":"<script> [1562 bytes]","args":[{"selector":{"id":"application-managepartners-display-component---NewPartner--addressDetailDetailsCountry-arrow"},"wdio_ui5_key":"applicationmanagepartners-display-component---NewPartner--addressDetailDetailsCountry-arrow"}]}
RESULT: undefined
COMMAND: POST /session/f2664590fead15ec17982177271525a3/element - {"using":"xpath","value":"//*[@id=\"application-managepartners-display-component---NewPartner--addressDetailDetailsCountry-arrow\"]"}
RESULT: {"using":"xpath","value":"//*[@id=\"application-managepartners-display-component---NewPartner--addressDetailDetailsCountry-arrow\"]"}
COMMAND: POST /session/f2664590fead15ec17982177271525a3/element/f.00969020EDAB38E57A85DBAFB8D2C3DD.d.88572768621806C52E845CC0644513CC.e.7704/click - {}
RESULT: {}
COMMAND: POST /session/f2664590fead15ec17982177271525a3/element - {"using":"xpath","value":"//span[contains(text(), \"Argentina\")]"}
COMMAND: GET /session/f2664590fead15ec17982177271525a3/screenshot - {}
RESULT: {"using":"xpath","value":"//span[contains(text(), \"Argentina\")]"}
COMMAND: POST /session/f2664590fead15ec17982177271525a3/element/f.00969020EDAB38E57A85DBAFB8D2C3DD.d.88572768621806C52E845CC0644513CC.e.7745/click - {}
RESULT: {}
RESULT: {}
COMMAND: GET /session/f2664590fead15ec17982177271525a3/screenshot - {}
RESULT: {}
COMMAND: POST /session/f2664590fead15ec17982177271525a3/element - {"using":"xpath","value":"//bdi[contains(text(), \"Commercial\")]"}
RESULT: {"using":"xpath","value":"//bdi[contains(text(), \"Commercial\")]"}
COMMAND: POST /session/f2664590fead15ec17982177271525a3/element/f.00969020EDAB38E57A85DBAFB8D2C3DD.d.88572768621806C52E845CC0644513CC.e.7746/click - {}
RESULT: {}
COMMAND: GET /session/f2664590fead15ec17982177271525a3/screenshot - {}
RESULT: {}
COMMAND: POST /session/f2664590fead15ec17982177271525a3/execute/async - {"script":"<script> [1562 bytes]","args":[{"selector":{"id":"application-managepartners-display-component---NewPartner--partnerDetailInternal-arrow"},"wdio_ui5_key":"applicationmanagepartners-display-component---NewPartner--partnerDetailInternal-arrow"}]}
RESULT: {"script":"<script> [1562 bytes]","args":[{"selector":{"id":"application-managepartners-display-component---NewPartner--partnerDetailInternal-arrow"},"wdio_ui5_key":"applicationmanagepartners-display-component---NewPartner--partnerDetailInternal-arrow"}]}
RESULT: undefined
COMMAND: POST /session/f2664590fead15ec17982177271525a3/element - {"using":"xpath","value":"//*[@id=\"application-managepartners-display-component---NewPartner--partnerDetailInternal-arrow\"]"}
RESULT: {"using":"xpath","value":"//*[@id=\"application-managepartners-display-component---NewPartner--partnerDetailInternal-arrow\"]"}
COMMAND: POST /session/f2664590fead15ec17982177271525a3/element/f.00969020EDAB38E57A85DBAFB8D2C3DD.d.88572768621806C52E845CC0644513CC.e.7752/click - {}
RESULT: {}
COMMAND: POST /session/f2664590fead15ec17982177271525a3/element - {"using":"xpath","value":"//span[contains(text(), \"Affiliated company\")]"}
COMMAND: GET /session/f2664590fead15ec17982177271525a3/screenshot - {}
RESULT: {"using":"xpath","value":"//span[contains(text(), \"Affiliated company\")]"}
COMMAND: POST /session/f2664590fead15ec17982177271525a3/element/f.00969020EDAB38E57A85DBAFB8D2C3DD.d.88572768621806C52E845CC0644513CC.e.7753/click - {}
RESULT: {}
RESULT: {}
COMMAND: POST /session/f2664590fead15ec17982177271525a3/execute/async - {"script":"<script> [1562 bytes]","args":[{"selector":{"id":"application-managepartners-display-component---NewPartner--partnerDetailsCurrency-arrow"},"wdio_ui5_key":"applicationmanagepartners-display-component---NewPartner--partnerDetailsCurrency-arrow"}]}
COMMAND: GET /session/f2664590fead15ec17982177271525a3/screenshot - {}
RESULT: {"script":"<script> [1562 bytes]","args":[{"selector":{"id":"application-managepartners-display-component---NewPartner--partnerDetailsCurrency-arrow"},"wdio_ui5_key":"applicationmanagepartners-display-component---NewPartner--partnerDetailsCurrency-arrow"}]}
RESULT: undefined
COMMAND: POST /session/f2664590fead15ec17982177271525a3/element - {"using":"xpath","value":"//*[@id=\"application-managepartners-display-component---NewPartner--partnerDetailsCurrency-arrow\"]"}
RESULT: {}
RESULT: {"using":"xpath","value":"//*[@id=\"application-managepartners-display-component---NewPartner--partnerDetailsCurrency-arrow\"]"}
COMMAND: POST /session/f2664590fead15ec17982177271525a3/element/f.00969020EDAB38E57A85DBAFB8D2C3DD.d.88572768621806C52E845CC0644513CC.e.7760/click - {}
RESULT: {}
COMMAND: POST /session/f2664590fead15ec17982177271525a3/element - {"using":"xpath","value":"//span[contains(text(), \"Euro\")]"}
COMMAND: GET /session/f2664590fead15ec17982177271525a3/screenshot - {}
RESULT: {"using":"xpath","value":"//span[contains(text(), \"Euro\")]"}
COMMAND: POST /session/f2664590fead15ec17982177271525a3/element/f.00969020EDAB38E57A85DBAFB8D2C3DD.d.88572768621806C52E845CC0644513CC.e.7761/click - {}
RESULT: {}
RESULT: {}
COMMAND: POST /session/f2664590fead15ec17982177271525a3/execute/async - {"script":"<script> [1562 bytes]","args":[{"selector":{"id":"application-managepartners-display-component---NewPartner--addressEditDetailsCostObjectCstType-arrow"},"wdio_ui5_key":"applicationmanagepartners-display-component---NewPartner--addressEditDetailsCostObjectCstType-arrow"}]}
COMMAND: GET /session/f2664590fead15ec17982177271525a3/screenshot - {}
RESULT: {"script":"<script> [1562 bytes]","args":[{"selector":{"id":"application-managepartners-display-component---NewPartner--addressEditDetailsCostObjectCstType-arrow"},"wdio_ui5_key":"applicationmanagepartners-display-component---NewPartner--addressEditDetailsCostObjectCstType-arrow"}]}
RESULT: undefined
COMMAND: POST /session/f2664590fead15ec17982177271525a3/element - {"using":"xpath","value":"//*[@id=\"application-managepartners-display-component---NewPartner--addressEditDetailsCostObjectCstType-arrow\"]"}
RESULT: {}
RESULT: {"using":"xpath","value":"//*[@id=\"application-managepartners-display-component---NewPartner--addressEditDetailsCostObjectCstType-arrow\"]"}
COMMAND: POST /session/f2664590fead15ec17982177271525a3/element/f.00969020EDAB38E57A85DBAFB8D2C3DD.d.88572768621806C52E845CC0644513CC.e.7762/click - {}
RESULT: {}
COMMAND: POST /session/f2664590fead15ec17982177271525a3/element - {"using":"xpath","value":"//span[contains(text(), \"Cost Center\")]"}
COMMAND: GET /session/f2664590fead15ec17982177271525a3/screenshot - {}
RESULT: {"using":"xpath","value":"//span[contains(text(), \"Cost Center\")]"}
COMMAND: POST /session/f2664590fead15ec17982177271525a3/element/f.00969020EDAB38E57A85DBAFB8D2C3DD.d.88572768621806C52E845CC0644513CC.e.7763/click - {}
RESULT: {}
RESULT: {}
COMMAND: GET /session/f2664590fead15ec17982177271525a3/screenshot - {}
RESULT: {}
COMMAND: POST /session/f2664590fead15ec17982177271525a3/element - {"using":"xpath","value":"//span[@id=\"application-managepartners-display-component---NewPartner--addressNewCostObjectCstID-vhi\"]"}
RESULT: {"using":"xpath","value":"//span[@id=\"application-managepartners-display-component---NewPartner--addressNewCostObjectCstID-vhi\"]"}
COMMAND: POST /session/f2664590fead15ec17982177271525a3/execute/sync - {"script":"<script> [8489 bytes]","args":[{"element-6066-11e4-a52e-4f735466cecf":"f.00969020EDAB38E57A85DBAFB8D2C3DD.d.88572768621806C52E845CC0644513CC.e.7767","ELEMENT":"f.00969020EDAB38E57A85DBAFB8D2C3DD.d.88572768621806C52E845CC0644513CC.e.7767"}]}
RESULT: {"script":"<script> [8489 bytes]","args":[{"element-6066-11e4-a52e-4f735466cecf":"f.00969020EDAB38E57A85DBAFB8D2C3DD.d.88572768621806C52E845CC0644513CC.e.7767","ELEMENT":"f.00969020EDAB38E57A85DBAFB8D2C3DD.d.88572768621806C52E845CC0644513CC.e.7767"}]}
COMMAND: POST /session/f2664590fead15ec17982177271525a3/execute/async - {"script":"<script> [1562 bytes]","args":[{"selector":{"id":"application-managepartners-display-component---NewPartner--addressNewCostObjectCstID-vhi"},"wdio_ui5_key":"applicationmanagepartners-display-component---NewPartner--addressNewCostObjectCstID-vhi"}]}
COMMAND: GET /session/f2664590fead15ec17982177271525a3/screenshot - {}
RESULT: {"script":"<script> [1562 bytes]","args":[{"selector":{"id":"application-managepartners-display-component---NewPartner--addressNewCostObjectCstID-vhi"},"wdio_ui5_key":"applicationmanagepartners-display-component---NewPartner--addressNewCostObjectCstID-vhi"}]}
RESULT: undefined
COMMAND: POST /session/f2664590fead15ec17982177271525a3/element - {"using":"xpath","value":"//*[@id=\"application-managepartners-display-component---NewPartner--addressNewCostObjectCstID-vhi\"]"}
RESULT: {}
RESULT: {"using":"xpath","value":"//*[@id=\"application-managepartners-display-component---NewPartner--addressNewCostObjectCstID-vhi\"]"}
COMMAND: POST /session/f2664590fead15ec17982177271525a3/element/f.00969020EDAB38E57A85DBAFB8D2C3DD.d.88572768621806C52E845CC0644513CC.e.7767/click - {}
RESULT: {}
COMMAND: GET /session/f2664590fead15ec17982177271525a3/screenshot - {}
RESULT: {}
RESULT: undefined
COMMAND: POST /session/f2664590fead15ec17982177271525a3/execute/async - {"script":"<script> [776 bytes]","args":[{"enterText":"10001013","selector":{"controlType":"sap.m.SearchField","properties":{"placeholder":"Search"},"searchOpenDialogs":true,"interaction":{"idSuffix":"I"}},"clearTextFirst":true,"interactionType":"ENTER_TEXT"}]}
RESULT: {"script":"<script> [776 bytes]","args":[{"enterText":"10001013","selector":{"controlType":"sap.m.SearchField","properties":{"placeholder":"Search"},"searchOpenDialogs":true,"interaction":{"idSuffix":"I"}},"clearTextFirst":true,"interactionType":"ENTER_TEXT"}]}
COMMAND: POST /session/f2664590fead15ec17982177271525a3/actions - {"actions":[{"id":"action24","type":"key","parameters":{},"actions":[{"type":"keyDown","value":"î€‡"},{"type":"pause","duration":10},{"type":"keyUp","value":"î€‡"}]}]}
RESULT: {"actions":[{"id":"action24","type":"key","parameters":{},"actions":[{"type":"keyDown","value":"î€‡"},{"type":"pause","duration":10},{"type":"keyUp","value":"î€‡"}]}]}
COMMAND: GET /session/f2664590fead15ec17982177271525a3/screenshot - {}
RESULT: {}
COMMAND: POST /session/f2664590fead15ec17982177271525a3/element - {"using":"xpath","value":"//span[contains(text(), \"General Management\")]"}
RESULT: {"using":"xpath","value":"//span[contains(text(), \"General Management\")]"}
COMMAND: POST /session/f2664590fead15ec17982177271525a3/element/f.00969020EDAB38E57A85DBAFB8D2C3DD.d.88572768621806C52E845CC0644513CC.e.7806/click - {}
RESULT: {}
COMMAND: GET /session/f2664590fead15ec17982177271525a3/screenshot - {}
RESULT: {}
COMMAND: POST /session/f2664590fead15ec17982177271525a3/element - {"using":"xpath","value":"//bdi[contains(text(), \"OK\")]"}
RESULT: {"using":"xpath","value":"//bdi[contains(text(), \"OK\")]"}
COMMAND: POST /session/f2664590fead15ec17982177271525a3/element/f.00969020EDAB38E57A85DBAFB8D2C3DD.d.88572768621806C52E845CC0644513CC.e.7807/click - {}
RESULT: {}
COMMAND: GET /session/f2664590fead15ec17982177271525a3/screenshot - {}
RESULT: {}
COMMAND: POST /session/f2664590fead15ec17982177271525a3/element - {"using":"xpath","value":"//input[@id=\"application-managepartners-display-component---NewPartner--companyCodeComboBox-inner\"]"}
RESULT: {"using":"xpath","value":"//input[@id=\"application-managepartners-display-component---NewPartner--companyCodeComboBox-inner\"]"}
COMMAND: POST /session/f2664590fead15ec17982177271525a3/element/f.00969020EDAB38E57A85DBAFB8D2C3DD.d.88572768621806C52E845CC0644513CC.e.7656/clear - {}
RESULT: {}
COMMAND: POST /session/f2664590fead15ec17982177271525a3/element/f.00969020EDAB38E57A85DBAFB8D2C3DD.d.88572768621806C52E845CC0644513CC.e.7656/value - {"text":"1000"}
COMMAND: GET /session/f2664590fead15ec17982177271525a3/screenshot - {}
RESULT: {"text":"1000"}
COMMAND: GET /session/f2664590fead15ec17982177271525a3/screenshot - {}
RESULT: {}
RESULT: {}
COMMAND: POST /session/f2664590fead15ec17982177271525a3/element - {"using":"xpath","value":"//li[.//span[text()= \"1000\"]]"}
RESULT: {"using":"xpath","value":"//li[.//span[text()= \"1000\"]]"}
COMMAND: POST /session/f2664590fead15ec17982177271525a3/element/f.00969020EDAB38E57A85DBAFB8D2C3DD.d.88572768621806C52E845CC0644513CC.e.7813/click - {}
RESULT: {}
COMMAND: GET /session/f2664590fead15ec17982177271525a3/screenshot - {}
RESULT: {}
COMMAND: POST /session/f2664590fead15ec17982177271525a3/execute/async - {"script":"<script> [1562 bytes]","args":[{"selector":{"id":"application-managepartners-display-component---NewPartner--btnAddTableRow-img"},"wdio_ui5_key":"applicationmanagepartners-display-component---NewPartner--btnAddTableRow-img"}]}
RESULT: {"script":"<script> [1562 bytes]","args":[{"selector":{"id":"application-managepartners-display-component---NewPartner--btnAddTableRow-img"},"wdio_ui5_key":"applicationmanagepartners-display-component---NewPartner--btnAddTableRow-img"}]}
RESULT: undefined
COMMAND: POST /session/f2664590fead15ec17982177271525a3/element - {"using":"xpath","value":"//*[@id=\"application-managepartners-display-component---NewPartner--btnAddTableRow-img\"]"}
RESULT: {"using":"xpath","value":"//*[@id=\"application-managepartners-display-component---NewPartner--btnAddTableRow-img\"]"}
COMMAND: POST /session/f2664590fead15ec17982177271525a3/element/f.00969020EDAB38E57A85DBAFB8D2C3DD.d.88572768621806C52E845CC0644513CC.e.7814/click - {}
RESULT: {}
COMMAND: GET /session/f2664590fead15ec17982177271525a3/screenshot - {}
RESULT: {}
COMMAND: POST /session/f2664590fead15ec17982177271525a3/element - {"using":"xpath","value":"//input[@id=\"application-managepartners-display-component---NewPartner--assignmentYard-application-managepartners-display-component---NewPartner--assignmentsTable-0-inner\"]"}
RESULT: {"using":"xpath","value":"//input[@id=\"application-managepartners-display-component---NewPartner--assignmentYard-application-managepartners-display-component---NewPartner--assignmentsTable-0-inner\"]"}
COMMAND: POST /session/f2664590fead15ec17982177271525a3/element/f.00969020EDAB38E57A85DBAFB8D2C3DD.d.88572768621806C52E845CC0644513CC.e.7817/clear - {}
RESULT: {}
COMMAND: POST /session/f2664590fead15ec17982177271525a3/element/f.00969020EDAB38E57A85DBAFB8D2C3DD.d.88572768621806C52E845CC0644513CC.e.7817/value - {"text":"671"}
COMMAND: GET /session/f2664590fead15ec17982177271525a3/screenshot - {}
RESULT: {"text":"671"}
COMMAND: GET /session/f2664590fead15ec17982177271525a3/screenshot - {}
RESULT: {}
RESULT: {}
COMMAND: POST /session/f2664590fead15ec17982177271525a3/element - {"using":"xpath","value":"//li[.//span[text()='671']]"}
RESULT: {"using":"xpath","value":"//li[.//span[text()='671']]"}
COMMAND: POST /session/f2664590fead15ec17982177271525a3/element/f.00969020EDAB38E57A85DBAFB8D2C3DD.d.88572768621806C52E845CC0644513CC.e.7826/click - {}
RESULT: {}
COMMAND: GET /session/f2664590fead15ec17982177271525a3/screenshot - {}
RESULT: {}
COMMAND: POST /session/f2664590fead15ec17982177271525a3/actions - {"actions":[{"id":"action25","type":"key","parameters":{},"actions":[{"type":"keyDown","value":"î€‡"},{"type":"pause","duration":10},{"type":"keyUp","value":"î€‡"}]}]}
RESULT: {"actions":[{"id":"action25","type":"key","parameters":{},"actions":[{"type":"keyDown","value":"î€‡"},{"type":"pause","duration":10},{"type":"keyUp","value":"î€‡"}]}]}
COMMAND: POST /session/f2664590fead15ec17982177271525a3/execute/async - {"script":"<script> [1562 bytes]","args":[{"selector":{"id":"application-managepartners-display-component---NewPartner--externalCustomerComboBox-application-managepartners-display-component---NewPartner--assignmentsTable-0-vhi"},"wdio_ui5_key":"applicationmanagepartners-display-component---NewPartner--externalCustomerComboBox-application-managepartners-display-component---NewPartner--assignmentsTable-0-vhi"}]}
COMMAND: GET /session/f2664590fead15ec17982177271525a3/screenshot - {}
RESULT: {"script":"<script> [1562 bytes]","args":[{"selector":{"id":"application-managepartners-display-component---NewPartner--externalCustomerComboBox-application-managepartners-display-component---NewPartner--assignmentsTable-0-vhi"},"wdio_ui5_key":"applicationmanagepartners-display-component---NewPartner--externalCustomerComboBox-application-managepartners-display-component---NewPartner--assignmentsTable-0-vhi"}]}
RESULT: undefined
COMMAND: POST /session/f2664590fead15ec17982177271525a3/element - {"using":"xpath","value":"//*[@id=\"application-managepartners-display-component---NewPartner--externalCustomerComboBox-application-managepartners-display-component---NewPartner--assignmentsTable-0-vhi\"]"}
RESULT: {}
RESULT: {"using":"xpath","value":"//*[@id=\"application-managepartners-display-component---NewPartner--externalCustomerComboBox-application-managepartners-display-component---NewPartner--assignmentsTable-0-vhi\"]"}
COMMAND: POST /session/f2664590fead15ec17982177271525a3/element/f.00969020EDAB38E57A85DBAFB8D2C3DD.d.88572768621806C52E845CC0644513CC.e.7830/click - {}
RESULT: {}
RESULT: undefined
COMMAND: POST /session/f2664590fead15ec17982177271525a3/execute/async - {"script":"<script> [776 bytes]","args":[{"enterText":"300003","selector":{"controlType":"sap.m.SearchField","properties":{"placeholder":"Search"},"searchOpenDialogs":true,"interaction":{"idSuffix":"I"}},"clearTextFirst":true,"interactionType":"ENTER_TEXT"}]}
COMMAND: GET /session/f2664590fead15ec17982177271525a3/screenshot - {}
RESULT: {"script":"<script> [776 bytes]","args":[{"enterText":"300003","selector":{"controlType":"sap.m.SearchField","properties":{"placeholder":"Search"},"searchOpenDialogs":true,"interaction":{"idSuffix":"I"}},"clearTextFirst":true,"interactionType":"ENTER_TEXT"}]}
COMMAND: POST /session/f2664590fead15ec17982177271525a3/actions - {"actions":[{"id":"action26","type":"key","parameters":{},"actions":[{"type":"keyDown","value":"î€‡"},{"type":"pause","duration":10},{"type":"keyUp","value":"î€‡"}]}]}
RESULT: {}
RESULT: {"actions":[{"id":"action26","type":"key","parameters":{},"actions":[{"type":"keyDown","value":"î€‡"},{"type":"pause","duration":10},{"type":"keyUp","value":"î€‡"}]}]}
COMMAND: GET /session/f2664590fead15ec17982177271525a3/screenshot - {}
RESULT: {}
COMMAND: POST /session/f2664590fead15ec17982177271525a3/element - {"using":"xpath","value":"//span[contains(text(), \"300003\")]"}
RESULT: {"using":"xpath","value":"//span[contains(text(), \"300003\")]"}
COMMAND: POST /session/f2664590fead15ec17982177271525a3/element/f.00969020EDAB38E57A85DBAFB8D2C3DD.d.88572768621806C52E845CC0644513CC.e.7847/click - {}
RESULT: {}
COMMAND: GET /session/f2664590fead15ec17982177271525a3/screenshot - {}
RESULT: {}
COMMAND: POST /session/f2664590fead15ec17982177271525a3/element - {"using":"xpath","value":"//bdi[contains(text(), \"OK\")]"}
RESULT: {"using":"xpath","value":"//bdi[contains(text(), \"OK\")]"}
COMMAND: POST /session/f2664590fead15ec17982177271525a3/element/f.00969020EDAB38E57A85DBAFB8D2C3DD.d.88572768621806C52E845CC0644513CC.e.7849/click - {}
RESULT: {}
COMMAND: GET /session/f2664590fead15ec17982177271525a3/screenshot - {}
COMMAND: POST /session/f2664590fead15ec17982177271525a3/execute/async - {"script":"<script> [1562 bytes]","args":[{"selector":{"id":"application-managepartners-display-component---NewPartner--intercompVendorComboBox-application-managepartners-display-component---NewPartner--assignmentsTable-0-vhi"},"wdio_ui5_key":"applicationmanagepartners-display-component---NewPartner--intercompVendorComboBox-application-managepartners-display-component---NewPartner--assignmentsTable-0-vhi"}]}
RESULT: {}
RESULT: {"script":"<script> [1562 bytes]","args":[{"selector":{"id":"application-managepartners-display-component---NewPartner--intercompVendorComboBox-application-managepartners-display-component---NewPartner--assignmentsTable-0-vhi"},"wdio_ui5_key":"applicationmanagepartners-display-component---NewPartner--intercompVendorComboBox-application-managepartners-display-component---NewPartner--assignmentsTable-0-vhi"}]}
RESULT: undefined
COMMAND: POST /session/f2664590fead15ec17982177271525a3/element - {"using":"xpath","value":"//*[@id=\"application-managepartners-display-component---NewPartner--intercompVendorComboBox-application-managepartners-display-component---NewPartner--assignmentsTable-0-vhi\"]"}
RESULT: {"using":"xpath","value":"//*[@id=\"application-managepartners-display-component---NewPartner--intercompVendorComboBox-application-managepartners-display-component---NewPartner--assignmentsTable-0-vhi\"]"}
COMMAND: POST /session/f2664590fead15ec17982177271525a3/element/f.00969020EDAB38E57A85DBAFB8D2C3DD.d.88572768621806C52E845CC0644513CC.e.7853/click - {}
RESULT: {}
RESULT: undefined
COMMAND: POST /session/f2664590fead15ec17982177271525a3/execute/async - {"script":"<script> [776 bytes]","args":[{"enterText":"100005","selector":{"controlType":"sap.m.SearchField","properties":{"placeholder":"Search"},"searchOpenDialogs":true,"interaction":{"idSuffix":"I"}},"clearTextFirst":true,"interactionType":"ENTER_TEXT"}]}
COMMAND: GET /session/f2664590fead15ec17982177271525a3/screenshot - {}
RESULT: {"script":"<script> [776 bytes]","args":[{"enterText":"100005","selector":{"controlType":"sap.m.SearchField","properties":{"placeholder":"Search"},"searchOpenDialogs":true,"interaction":{"idSuffix":"I"}},"clearTextFirst":true,"interactionType":"ENTER_TEXT"}]}
COMMAND: POST /session/f2664590fead15ec17982177271525a3/actions - {"actions":[{"id":"action27","type":"key","parameters":{},"actions":[{"type":"keyDown","value":"î€‡"},{"type":"pause","duration":10},{"type":"keyUp","value":"î€‡"}]}]}
RESULT: {}
RESULT: {"actions":[{"id":"action27","type":"key","parameters":{},"actions":[{"type":"keyDown","value":"î€‡"},{"type":"pause","duration":10},{"type":"keyUp","value":"î€‡"}]}]}
COMMAND: GET /session/f2664590fead15ec17982177271525a3/screenshot - {}
RESULT: {}
COMMAND: POST /session/f2664590fead15ec17982177271525a3/element - {"using":"xpath","value":"//span[contains(text(), \"Penguins - Field/12345 Berlin\")]"}
RESULT: {"using":"xpath","value":"//span[contains(text(), \"Penguins - Field/12345 Berlin\")]"}
COMMAND: POST /session/f2664590fead15ec17982177271525a3/element/f.00969020EDAB38E57A85DBAFB8D2C3DD.d.88572768621806C52E845CC0644513CC.e.7872/click - {}
RESULT: {}
COMMAND: GET /session/f2664590fead15ec17982177271525a3/screenshot - {}
RESULT: {}
COMMAND: POST /session/f2664590fead15ec17982177271525a3/element - {"using":"xpath","value":"//bdi[contains(text(), \"OK\")]"}
RESULT: {"using":"xpath","value":"//bdi[contains(text(), \"OK\")]"}
COMMAND: POST /session/f2664590fead15ec17982177271525a3/element/f.00969020EDAB38E57A85DBAFB8D2C3DD.d.88572768621806C52E845CC0644513CC.e.7873/click - {}
RESULT: {}
COMMAND: GET /session/f2664590fead15ec17982177271525a3/screenshot - {}
RESULT: {}
COMMAND: POST /session/f2664590fead15ec17982177271525a3/element - {"using":"xpath","value":"//button[@data-kt=\"saveButton\"]"}
RESULT: {"using":"xpath","value":"//button[@data-kt=\"saveButton\"]"}
COMMAND: POST /session/f2664590fead15ec17982177271525a3/element/f.00969020EDAB38E57A85DBAFB8D2C3DD.d.88572768621806C52E845CC0644513CC.e.7662/click - {}
RESULT: {}
COMMAND: GET /session/f2664590fead15ec17982177271525a3/screenshot - {}
RESULT: {}
COMMAND: POST /session/f2664590fead15ec17982177271525a3/element - {"using":"xpath","value":"//header[contains(@id, 'ObjectPageLayout-headerTitle')]/div[1]/div[2]/div[2]/span[1]"}
RESULT: {"using":"xpath","value":"//header[contains(@id, 'ObjectPageLayout-headerTitle')]/div[1]/div[2]/div[2]/span[1]"}
COMMAND: POST /session/f2664590fead15ec17982177271525a3/elements - {"using":"xpath","value":"//header[contains(@id, 'ObjectPageLayout-headerTitle')]/div[1]/div[2]/div[2]/span[1]"}
RESULT: {"using":"xpath","value":"//header[contains(@id, 'ObjectPageLayout-headerTitle')]/div[1]/div[2]/div[2]/span[1]"}
COMMAND: POST /session/f2664590fead15ec17982177271525a3/execute/sync - {"script":"<script> [56 bytes]","args":[{"element-6066-11e4-a52e-4f735466cecf":"f.00969020EDAB38E57A85DBAFB8D2C3DD.d.88572768621806C52E845CC0644513CC.e.8042","ELEMENT":"f.00969020EDAB38E57A85DBAFB8D2C3DD.d.88572768621806C52E845CC0644513CC.e.8042"}]}
RESULT: {"script":"<script> [56 bytes]","args":[{"element-6066-11e4-a52e-4f735466cecf":"f.00969020EDAB38E57A85DBAFB8D2C3DD.d.88572768621806C52E845CC0644513CC.e.8042","ELEMENT":"f.00969020EDAB38E57A85DBAFB8D2C3DD.d.88572768621806C52E845CC0644513CC.e.8042"}]}
COMMAND: POST /session/f2664590fead15ec17982177271525a3/element - {"using":"css selector","value":"#shell-header-logo"}
COMMAND: GET /session/f2664590fead15ec17982177271525a3/screenshot - {}
RESULT: {"using":"css selector","value":"#shell-header-logo"}
COMMAND: POST /session/f2664590fead15ec17982177271525a3/element/f.00969020EDAB38E57A85DBAFB8D2C3DD.d.88572768621806C52E845CC0644513CC.e.7265/click - {}
RESULT: {}
RESULT: {}
COMMAND: GET /session/f2664590fead15ec17982177271525a3/screenshot - {}
RESULT: {}
COMMAND: POST /session/f2664590fead15ec17982177271525a3/execute/sync - {"script":"<script> [299 bytes]","args":[["getModel","getResource"]]}
RESULT: {"script":"<script> [299 bytes]","args":[["getModel","getResource"]]}
]]></system-out>
    </testcase>
    <testcase classname="chrome.135_0_7049_115.windows.Billing_Transfer_-_Intracompany_US127249" name="Should create a new site" time="111.741">
      <system-out><![CDATA[
COMMAND: GET /session/f2664590fead15ec17982177271525a3/screenshot - {}
COMMAND: POST /session/f2664590fead15ec17982177271525a3/execute/async - {"script":"<script> [1562 bytes]","args":[{"selector":{"controlType":"sap.m.TileContent","bindingPath":{"path":"","propertyPath":"/properties/info"},"ancestor":{"controlType":"sap.m.GenericTile","properties":{"header":"Manage Sites"}}},"wdio_ui5_key":"sapm.TileContent{\"path\":\"\",\"propertyPath\":\"/properties/info\"}{\"controlType\":\"sap.m.GenericTile\",\"properties\":{\"header\":\"Manage Sites\"}}"}]}
RESULT: {}
RESULT: {"script":"<script> [1562 bytes]","args":[{"selector":{"controlType":"sap.m.TileContent","bindingPath":{"path":"","propertyPath":"/properties/info"},"ancestor":{"controlType":"sap.m.GenericTile","properties":{"header":"Manage Sites"}}},"wdio_ui5_key":"sapm.TileContent{\"path\":\"\",\"propertyPath\":\"/properties/info\"}{\"controlType\":\"sap.m.GenericTile\",\"properties\":{\"header\":\"Manage Sites\"}}"}]}
RESULT: undefined
COMMAND: POST /session/f2664590fead15ec17982177271525a3/element - {"using":"xpath","value":"//*[@id=\"__xmlview7--numericTileContent\"]"}
RESULT: {"using":"xpath","value":"//*[@id=\"__xmlview7--numericTileContent\"]"}
COMMAND: POST /session/f2664590fead15ec17982177271525a3/element/f.00969020EDAB38E57A85DBAFB8D2C3DD.d.88572768621806C52E845CC0644513CC.e.8044/click - {}
RESULT: {}
COMMAND: POST /session/f2664590fead15ec17982177271525a3/element - {"using":"xpath","value":"//button[@data-kt=\"addOverflowToolbarButton\"]"}
COMMAND: GET /session/f2664590fead15ec17982177271525a3/screenshot - {}
RESULT: {"using":"xpath","value":"//button[@data-kt=\"addOverflowToolbarButton\"]"}
COMMAND: POST /session/f2664590fead15ec17982177271525a3/elements - {"using":"xpath","value":"//button[@data-kt=\"addOverflowToolbarButton\"]"}
RESULT: {}
RESULT: {"using":"xpath","value":"//button[@data-kt=\"addOverflowToolbarButton\"]"}
COMMAND: POST /session/f2664590fead15ec17982177271525a3/elements - {"using":"xpath","value":"//button[@data-kt=\"addOverflowToolbarButton\"]"}
RESULT: {"using":"xpath","value":"//button[@data-kt=\"addOverflowToolbarButton\"]"}
COMMAND: POST /session/f2664590fead15ec17982177271525a3/element - {"using":"xpath","value":"//button[@data-kt=\"addOverflowToolbarButton\"]"}
RESULT: {"using":"xpath","value":"//button[@data-kt=\"addOverflowToolbarButton\"]"}
COMMAND: POST /session/f2664590fead15ec17982177271525a3/execute/sync - {"script":"<script> [8489 bytes]","args":[{"element-6066-11e4-a52e-4f735466cecf":"f.00969020EDAB38E57A85DBAFB8D2C3DD.d.88572768621806C52E845CC0644513CC.e.8090","ELEMENT":"f.00969020EDAB38E57A85DBAFB8D2C3DD.d.88572768621806C52E845CC0644513CC.e.8090"}]}
RESULT: {"script":"<script> [8489 bytes]","args":[{"element-6066-11e4-a52e-4f735466cecf":"f.00969020EDAB38E57A85DBAFB8D2C3DD.d.88572768621806C52E845CC0644513CC.e.8090","ELEMENT":"f.00969020EDAB38E57A85DBAFB8D2C3DD.d.88572768621806C52E845CC0644513CC.e.8090"}]}
COMMAND: GET /session/f2664590fead15ec17982177271525a3/element/f.00969020EDAB38E57A85DBAFB8D2C3DD.d.88572768621806C52E845CC0644513CC.e.8090/enabled - {}
COMMAND: GET /session/f2664590fead15ec17982177271525a3/screenshot - {}
RESULT: {}
COMMAND: POST /session/f2664590fead15ec17982177271525a3/execute/sync - {"script":"<script> [8489 bytes]","args":[{"element-6066-11e4-a52e-4f735466cecf":"f.00969020EDAB38E57A85DBAFB8D2C3DD.d.88572768621806C52E845CC0644513CC.e.8090","ELEMENT":"f.00969020EDAB38E57A85DBAFB8D2C3DD.d.88572768621806C52E845CC0644513CC.e.8090"}]}
COMMAND: GET /session/f2664590fead15ec17982177271525a3/screenshot - {}
RESULT: {}
RESULT: {"script":"<script> [8489 bytes]","args":[{"element-6066-11e4-a52e-4f735466cecf":"f.00969020EDAB38E57A85DBAFB8D2C3DD.d.88572768621806C52E845CC0644513CC.e.8090","ELEMENT":"f.00969020EDAB38E57A85DBAFB8D2C3DD.d.88572768621806C52E845CC0644513CC.e.8090"}]}
COMMAND: POST /session/f2664590fead15ec17982177271525a3/execute/sync - {"script":"<script> [5351 bytes]","args":[{"element-6066-11e4-a52e-4f735466cecf":"f.00969020EDAB38E57A85DBAFB8D2C3DD.d.88572768621806C52E845CC0644513CC.e.8090","ELEMENT":"f.00969020EDAB38E57A85DBAFB8D2C3DD.d.88572768621806C52E845CC0644513CC.e.8090"}]}
COMMAND: GET /session/f2664590fead15ec17982177271525a3/screenshot - {}
RESULT: {}
RESULT: {"script":"<script> [5351 bytes]","args":[{"element-6066-11e4-a52e-4f735466cecf":"f.00969020EDAB38E57A85DBAFB8D2C3DD.d.88572768621806C52E845CC0644513CC.e.8090","ELEMENT":"f.00969020EDAB38E57A85DBAFB8D2C3DD.d.88572768621806C52E845CC0644513CC.e.8090"}]}
COMMAND: POST /session/f2664590fead15ec17982177271525a3/element/f.00969020EDAB38E57A85DBAFB8D2C3DD.d.88572768621806C52E845CC0644513CC.e.8090/click - {}
COMMAND: GET /session/f2664590fead15ec17982177271525a3/screenshot - {}
RESULT: {}
RESULT: {}
COMMAND: GET /session/f2664590fead15ec17982177271525a3/screenshot - {}
COMMAND: POST /session/f2664590fead15ec17982177271525a3/element - {"using":"xpath","value":"//input[@id=\"application-managesites-display-component---NewSite--siteId-inner\"]"}
RESULT: {}
RESULT: {}
RESULT: {"using":"xpath","value":"//input[@id=\"application-managesites-display-component---NewSite--siteId-inner\"]"}
COMMAND: POST /session/f2664590fead15ec17982177271525a3/element - {"using":"xpath","value":"//input[@id=\"application-managesites-display-component---NewSite--siteId-inner\"]"}
RESULT: {"using":"xpath","value":"//input[@id=\"application-managesites-display-component---NewSite--siteId-inner\"]"}
COMMAND: POST /session/f2664590fead15ec17982177271525a3/execute/async - {"script":"<script> [1562 bytes]","args":[{"selector":{"id":"application-managesites-display-component---NewSite--addressDetailDetailsName1","interaction":{"idSuffix":"inner"}},"wdio_ui5_key":"applicationmanagesites-display-component---NewSite--addressDetailDetailsName1"}]}
RESULT: {"script":"<script> [1562 bytes]","args":[{"selector":{"id":"application-managesites-display-component---NewSite--addressDetailDetailsName1","interaction":{"idSuffix":"inner"}},"wdio_ui5_key":"applicationmanagesites-display-component---NewSite--addressDetailDetailsName1"}]}
RESULT: undefined
COMMAND: POST /session/f2664590fead15ec17982177271525a3/execute/async - {"script":"<script> [776 bytes]","args":[{"enterText":"Intracompany Site wdIO","selector":{"id":"application-managesites-display-component---NewSite--addressDetailDetailsName1","interaction":{"idSuffix":"inner"}},"clearTextFirst":true,"interactionType":"ENTER_TEXT"}]}
RESULT: {"script":"<script> [776 bytes]","args":[{"enterText":"Intracompany Site wdIO","selector":{"id":"application-managesites-display-component---NewSite--addressDetailDetailsName1","interaction":{"idSuffix":"inner"}},"clearTextFirst":true,"interactionType":"ENTER_TEXT"}]}
COMMAND: POST /session/f2664590fead15ec17982177271525a3/execute/async - {"script":"<script> [1562 bytes]","args":[{"selector":{"id":"application-managesites-display-component---NewSite--addressDetailDetailsLanguage-arrow"},"wdio_ui5_key":"applicationmanagesites-display-component---NewSite--addressDetailDetailsLanguage-arrow"}]}
RESULT: {"script":"<script> [1562 bytes]","args":[{"selector":{"id":"application-managesites-display-component---NewSite--addressDetailDetailsLanguage-arrow"},"wdio_ui5_key":"applicationmanagesites-display-component---NewSite--addressDetailDetailsLanguage-arrow"}]}
RESULT: undefined
COMMAND: POST /session/f2664590fead15ec17982177271525a3/element - {"using":"xpath","value":"//*[@id=\"application-managesites-display-component---NewSite--addressDetailDetailsLanguage-arrow\"]"}
RESULT: {"using":"xpath","value":"//*[@id=\"application-managesites-display-component---NewSite--addressDetailDetailsLanguage-arrow\"]"}
COMMAND: POST /session/f2664590fead15ec17982177271525a3/element/f.00969020EDAB38E57A85DBAFB8D2C3DD.d.88572768621806C52E845CC0644513CC.e.8474/click - {}
RESULT: {}
COMMAND: POST /session/f2664590fead15ec17982177271525a3/element - {"using":"xpath","value":"//span[contains(text(), \"English\")]"}
COMMAND: GET /session/f2664590fead15ec17982177271525a3/screenshot - {}
RESULT: {"using":"xpath","value":"//span[contains(text(), \"English\")]"}
COMMAND: POST /session/f2664590fead15ec17982177271525a3/element/f.00969020EDAB38E57A85DBAFB8D2C3DD.d.88572768621806C52E845CC0644513CC.e.8475/click - {}
RESULT: {}
RESULT: {}
COMMAND: POST /session/f2664590fead15ec17982177271525a3/execute/async - {"script":"<script> [1562 bytes]","args":[{"selector":{"id":"application-managesites-display-component---NewSite--addressDetailDetailsCity1","interaction":{"idSuffix":"inner"}},"wdio_ui5_key":"applicationmanagesites-display-component---NewSite--addressDetailDetailsCity1"}]}
COMMAND: GET /session/f2664590fead15ec17982177271525a3/screenshot - {}
RESULT: {"script":"<script> [1562 bytes]","args":[{"selector":{"id":"application-managesites-display-component---NewSite--addressDetailDetailsCity1","interaction":{"idSuffix":"inner"}},"wdio_ui5_key":"applicationmanagesites-display-component---NewSite--addressDetailDetailsCity1"}]}
RESULT: undefined
COMMAND: POST /session/f2664590fead15ec17982177271525a3/execute/async - {"script":"<script> [776 bytes]","args":[{"enterText":"Rosario","selector":{"id":"application-managesites-display-component---NewSite--addressDetailDetailsCity1","interaction":{"idSuffix":"inner"}},"clearTextFirst":true,"interactionType":"ENTER_TEXT"}]}
RESULT: {}
RESULT: {"script":"<script> [776 bytes]","args":[{"enterText":"Rosario","selector":{"id":"application-managesites-display-component---NewSite--addressDetailDetailsCity1","interaction":{"idSuffix":"inner"}},"clearTextFirst":true,"interactionType":"ENTER_TEXT"}]}
COMMAND: POST /session/f2664590fead15ec17982177271525a3/execute/async - {"script":"<script> [1562 bytes]","args":[{"selector":{"id":"application-managesites-display-component---NewSite--addressDetailDetailsCountry-arrow"},"wdio_ui5_key":"applicationmanagesites-display-component---NewSite--addressDetailDetailsCountry-arrow"}]}
RESULT: {"script":"<script> [1562 bytes]","args":[{"selector":{"id":"application-managesites-display-component---NewSite--addressDetailDetailsCountry-arrow"},"wdio_ui5_key":"applicationmanagesites-display-component---NewSite--addressDetailDetailsCountry-arrow"}]}
RESULT: undefined
COMMAND: POST /session/f2664590fead15ec17982177271525a3/element - {"using":"xpath","value":"//*[@id=\"application-managesites-display-component---NewSite--addressDetailDetailsCountry-arrow\"]"}
RESULT: {"using":"xpath","value":"//*[@id=\"application-managesites-display-component---NewSite--addressDetailDetailsCountry-arrow\"]"}
COMMAND: POST /session/f2664590fead15ec17982177271525a3/element/f.00969020EDAB38E57A85DBAFB8D2C3DD.d.88572768621806C52E845CC0644513CC.e.8477/click - {}
RESULT: {}
COMMAND: POST /session/f2664590fead15ec17982177271525a3/element - {"using":"xpath","value":"//span[contains(text(), \"Argentina\")]"}
COMMAND: GET /session/f2664590fead15ec17982177271525a3/screenshot - {}
RESULT: {"using":"xpath","value":"//span[contains(text(), \"Argentina\")]"}
COMMAND: POST /session/f2664590fead15ec17982177271525a3/element/f.00969020EDAB38E57A85DBAFB8D2C3DD.d.88572768621806C52E845CC0644513CC.e.8479/click - {}
RESULT: {}
RESULT: {}
COMMAND: GET /session/f2664590fead15ec17982177271525a3/screenshot - {}
RESULT: {}
COMMAND: POST /session/f2664590fead15ec17982177271525a3/execute/async - {"script":"<script> [1562 bytes]","args":[{"selector":{"id":"application-managesites-display-component---NewSite--addressEditDetailsCostObjectCstType-arrow"},"wdio_ui5_key":"applicationmanagesites-display-component---NewSite--addressEditDetailsCostObjectCstType-arrow"}]}
RESULT: {"script":"<script> [1562 bytes]","args":[{"selector":{"id":"application-managesites-display-component---NewSite--addressEditDetailsCostObjectCstType-arrow"},"wdio_ui5_key":"applicationmanagesites-display-component---NewSite--addressEditDetailsCostObjectCstType-arrow"}]}
RESULT: undefined
COMMAND: POST /session/f2664590fead15ec17982177271525a3/element - {"using":"xpath","value":"//*[@id=\"application-managesites-display-component---NewSite--addressEditDetailsCostObjectCstType-arrow\"]"}
RESULT: {"using":"xpath","value":"//*[@id=\"application-managesites-display-component---NewSite--addressEditDetailsCostObjectCstType-arrow\"]"}
COMMAND: POST /session/f2664590fead15ec17982177271525a3/element/f.00969020EDAB38E57A85DBAFB8D2C3DD.d.88572768621806C52E845CC0644513CC.e.8480/click - {}
RESULT: {}
COMMAND: POST /session/f2664590fead15ec17982177271525a3/element - {"using":"xpath","value":"//span[contains(text(), \"Cost Center\")]"}
COMMAND: GET /session/f2664590fead15ec17982177271525a3/screenshot - {}
RESULT: {"using":"xpath","value":"//span[contains(text(), \"Cost Center\")]"}
COMMAND: POST /session/f2664590fead15ec17982177271525a3/element/f.00969020EDAB38E57A85DBAFB8D2C3DD.d.88572768621806C52E845CC0644513CC.e.8481/click - {}
RESULT: {}
RESULT: {}
COMMAND: GET /session/f2664590fead15ec17982177271525a3/screenshot - {}
RESULT: {}
COMMAND: POST /session/f2664590fead15ec17982177271525a3/element - {"using":"xpath","value":"//span[@id=\"application-managesites-display-component---NewSite--addressNewCostObjectCstID-vhi\"]"}
RESULT: {"using":"xpath","value":"//span[@id=\"application-managesites-display-component---NewSite--addressNewCostObjectCstID-vhi\"]"}
COMMAND: POST /session/f2664590fead15ec17982177271525a3/execute/sync - {"script":"<script> [8489 bytes]","args":[{"element-6066-11e4-a52e-4f735466cecf":"f.00969020EDAB38E57A85DBAFB8D2C3DD.d.88572768621806C52E845CC0644513CC.e.8486","ELEMENT":"f.00969020EDAB38E57A85DBAFB8D2C3DD.d.88572768621806C52E845CC0644513CC.e.8486"}]}
RESULT: {"script":"<script> [8489 bytes]","args":[{"element-6066-11e4-a52e-4f735466cecf":"f.00969020EDAB38E57A85DBAFB8D2C3DD.d.88572768621806C52E845CC0644513CC.e.8486","ELEMENT":"f.00969020EDAB38E57A85DBAFB8D2C3DD.d.88572768621806C52E845CC0644513CC.e.8486"}]}
COMMAND: POST /session/f2664590fead15ec17982177271525a3/execute/async - {"script":"<script> [1562 bytes]","args":[{"selector":{"id":"application-managesites-display-component---NewSite--addressNewCostObjectCstID-vhi"},"wdio_ui5_key":"applicationmanagesites-display-component---NewSite--addressNewCostObjectCstID-vhi"}]}
COMMAND: GET /session/f2664590fead15ec17982177271525a3/screenshot - {}
RESULT: {"script":"<script> [1562 bytes]","args":[{"selector":{"id":"application-managesites-display-component---NewSite--addressNewCostObjectCstID-vhi"},"wdio_ui5_key":"applicationmanagesites-display-component---NewSite--addressNewCostObjectCstID-vhi"}]}
RESULT: undefined
COMMAND: POST /session/f2664590fead15ec17982177271525a3/element - {"using":"xpath","value":"//*[@id=\"application-managesites-display-component---NewSite--addressNewCostObjectCstID-vhi\"]"}
RESULT: {}
RESULT: {"using":"xpath","value":"//*[@id=\"application-managesites-display-component---NewSite--addressNewCostObjectCstID-vhi\"]"}
COMMAND: POST /session/f2664590fead15ec17982177271525a3/element/f.00969020EDAB38E57A85DBAFB8D2C3DD.d.88572768621806C52E845CC0644513CC.e.8486/click - {}
RESULT: {}
COMMAND: GET /session/f2664590fead15ec17982177271525a3/screenshot - {}
RESULT: {}
RESULT: undefined
COMMAND: POST /session/f2664590fead15ec17982177271525a3/execute/async - {"script":"<script> [776 bytes]","args":[{"enterText":"10001013","selector":{"controlType":"sap.m.SearchField","properties":{"placeholder":"Search"},"searchOpenDialogs":true,"interaction":{"idSuffix":"I"}},"clearTextFirst":true,"interactionType":"ENTER_TEXT"}]}
RESULT: {"script":"<script> [776 bytes]","args":[{"enterText":"10001013","selector":{"controlType":"sap.m.SearchField","properties":{"placeholder":"Search"},"searchOpenDialogs":true,"interaction":{"idSuffix":"I"}},"clearTextFirst":true,"interactionType":"ENTER_TEXT"}]}
COMMAND: POST /session/f2664590fead15ec17982177271525a3/actions - {"actions":[{"id":"action28","type":"key","parameters":{},"actions":[{"type":"keyDown","value":"î€‡"},{"type":"pause","duration":10},{"type":"keyUp","value":"î€‡"}]}]}
RESULT: {"actions":[{"id":"action28","type":"key","parameters":{},"actions":[{"type":"keyDown","value":"î€‡"},{"type":"pause","duration":10},{"type":"keyUp","value":"î€‡"}]}]}
COMMAND: GET /session/f2664590fead15ec17982177271525a3/screenshot - {}
RESULT: {}
COMMAND: POST /session/f2664590fead15ec17982177271525a3/element - {"using":"xpath","value":"//span[contains(text(), \"General Management\")]"}
RESULT: {"using":"xpath","value":"//span[contains(text(), \"General Management\")]"}
COMMAND: POST /session/f2664590fead15ec17982177271525a3/element/f.00969020EDAB38E57A85DBAFB8D2C3DD.d.88572768621806C52E845CC0644513CC.e.8522/click - {}
RESULT: {}
COMMAND: GET /session/f2664590fead15ec17982177271525a3/screenshot - {}
RESULT: {}
COMMAND: POST /session/f2664590fead15ec17982177271525a3/element - {"using":"xpath","value":"//bdi[contains(text(), \"OK\")]"}
RESULT: {"using":"xpath","value":"//bdi[contains(text(), \"OK\")]"}
COMMAND: POST /session/f2664590fead15ec17982177271525a3/element/f.00969020EDAB38E57A85DBAFB8D2C3DD.d.88572768621806C52E845CC0644513CC.e.8523/click - {}
RESULT: {}
COMMAND: GET /session/f2664590fead15ec17982177271525a3/screenshot - {}
RESULT: {}
COMMAND: POST /session/f2664590fead15ec17982177271525a3/element - {"using":"xpath","value":"//input[@id=\"application-managesites-display-component---NewSite--addressDetailDetailsCalendar-inner\"]"}
RESULT: {"using":"xpath","value":"//input[@id=\"application-managesites-display-component---NewSite--addressDetailDetailsCalendar-inner\"]"}
COMMAND: POST /session/f2664590fead15ec17982177271525a3/element/f.00969020EDAB38E57A85DBAFB8D2C3DD.d.88572768621806C52E845CC0644513CC.e.8289/clear - {}
RESULT: {}
COMMAND: POST /session/f2664590fead15ec17982177271525a3/element/f.00969020EDAB38E57A85DBAFB8D2C3DD.d.88572768621806C52E845CC0644513CC.e.8289/value - {"text":"Unit"}
COMMAND: GET /session/f2664590fead15ec17982177271525a3/screenshot - {}
RESULT: {"text":"Unit"}
COMMAND: GET /session/f2664590fead15ec17982177271525a3/screenshot - {}
RESULT: {}
RESULT: {}
COMMAND: POST /session/f2664590fead15ec17982177271525a3/actions - {"actions":[{"id":"action29","type":"key","parameters":{},"actions":[{"type":"keyDown","value":"î€‡"},{"type":"pause","duration":10},{"type":"keyUp","value":"î€‡"}]}]}
RESULT: {"actions":[{"id":"action29","type":"key","parameters":{},"actions":[{"type":"keyDown","value":"î€‡"},{"type":"pause","duration":10},{"type":"keyUp","value":"î€‡"}]}]}
COMMAND: POST /session/f2664590fead15ec17982177271525a3/element - {"using":"xpath","value":"//input[@id=\"application-managesites-display-component---NewSite--addressDetailDetailsYard-inner\"]"}
COMMAND: GET /session/f2664590fead15ec17982177271525a3/screenshot - {}
RESULT: {"using":"xpath","value":"//input[@id=\"application-managesites-display-component---NewSite--addressDetailDetailsYard-inner\"]"}
COMMAND: POST /session/f2664590fead15ec17982177271525a3/element/f.00969020EDAB38E57A85DBAFB8D2C3DD.d.88572768621806C52E845CC0644513CC.e.8290/clear - {}
RESULT: {}
RESULT: {}
COMMAND: POST /session/f2664590fead15ec17982177271525a3/element/f.00969020EDAB38E57A85DBAFB8D2C3DD.d.88572768621806C52E845CC0644513CC.e.8290/value - {"text":"671"}
COMMAND: GET /session/f2664590fead15ec17982177271525a3/screenshot - {}
RESULT: {"text":"671"}
COMMAND: GET /session/f2664590fead15ec17982177271525a3/screenshot - {}
RESULT: {}
RESULT: {}
COMMAND: POST /session/f2664590fead15ec17982177271525a3/element - {"using":"xpath","value":"//li[.//span[text()='671']]"}
RESULT: {"using":"xpath","value":"//li[.//span[text()='671']]"}
COMMAND: POST /session/f2664590fead15ec17982177271525a3/element/f.00969020EDAB38E57A85DBAFB8D2C3DD.d.88572768621806C52E845CC0644513CC.e.8531/click - {}
RESULT: {}
COMMAND: GET /session/f2664590fead15ec17982177271525a3/screenshot - {}
RESULT: {}
COMMAND: POST /session/f2664590fead15ec17982177271525a3/element - {"using":"xpath","value":"//input[@id=\"application-managesites-display-component---NewSite--addressDetailDetailsPartner-inner\"]"}
RESULT: {"using":"xpath","value":"//input[@id=\"application-managesites-display-component---NewSite--addressDetailDetailsPartner-inner\"]"}
COMMAND: POST /session/f2664590fead15ec17982177271525a3/element - {"using":"xpath","value":"//input[@id=\"application-managesites-display-component---NewSite--addressDetailDetailsPartner-inner\"]"}
RESULT: {"using":"xpath","value":"//input[@id=\"application-managesites-display-component---NewSite--addressDetailDetailsPartner-inner\"]"}
COMMAND: POST /session/f2664590fead15ec17982177271525a3/element - {"using":"xpath","value":"//button[@data-kt=\"saveButton\"]"}
RESULT: {"using":"xpath","value":"//button[@data-kt=\"saveButton\"]"}
COMMAND: POST /session/f2664590fead15ec17982177271525a3/element/f.00969020EDAB38E57A85DBAFB8D2C3DD.d.88572768621806C52E845CC0644513CC.e.8467/click - {}
RESULT: {}
COMMAND: GET /session/f2664590fead15ec17982177271525a3/screenshot - {}
RESULT: {}
COMMAND: POST /session/f2664590fead15ec17982177271525a3/element - {"using":"xpath","value":"//header[contains(@id, 'ObjectPageLayout-headerTitle')]/div[1]/div[2]/div[2]/span[1]"}
RESULT: {"using":"xpath","value":"//header[contains(@id, 'ObjectPageLayout-headerTitle')]/div[1]/div[2]/div[2]/span[1]"}
COMMAND: POST /session/f2664590fead15ec17982177271525a3/elements - {"using":"xpath","value":"//header[contains(@id, 'ObjectPageLayout-headerTitle')]/div[1]/div[2]/div[2]/span[1]"}
RESULT: {"using":"xpath","value":"//header[contains(@id, 'ObjectPageLayout-headerTitle')]/div[1]/div[2]/div[2]/span[1]"}
COMMAND: POST /session/f2664590fead15ec17982177271525a3/execute/sync - {"script":"<script> [56 bytes]","args":[{"element-6066-11e4-a52e-4f735466cecf":"f.00969020EDAB38E57A85DBAFB8D2C3DD.d.88572768621806C52E845CC0644513CC.e.8738","ELEMENT":"f.00969020EDAB38E57A85DBAFB8D2C3DD.d.88572768621806C52E845CC0644513CC.e.8738"}]}
RESULT: {"script":"<script> [56 bytes]","args":[{"element-6066-11e4-a52e-4f735466cecf":"f.00969020EDAB38E57A85DBAFB8D2C3DD.d.88572768621806C52E845CC0644513CC.e.8738","ELEMENT":"f.00969020EDAB38E57A85DBAFB8D2C3DD.d.88572768621806C52E845CC0644513CC.e.8738"}]}
COMMAND: POST /session/f2664590fead15ec17982177271525a3/element - {"using":"css selector","value":"#shell-header-logo"}
COMMAND: GET /session/f2664590fead15ec17982177271525a3/screenshot - {}
RESULT: {"using":"css selector","value":"#shell-header-logo"}
COMMAND: POST /session/f2664590fead15ec17982177271525a3/element/f.00969020EDAB38E57A85DBAFB8D2C3DD.d.88572768621806C52E845CC0644513CC.e.8048/click - {}
RESULT: {}
RESULT: {}
COMMAND: GET /session/f2664590fead15ec17982177271525a3/screenshot - {}
RESULT: {}
COMMAND: POST /session/f2664590fead15ec17982177271525a3/execute/sync - {"script":"<script> [299 bytes]","args":[["getModel","getResource"]]}
RESULT: {"script":"<script> [299 bytes]","args":[["getModel","getResource"]]}
]]></system-out>
    </testcase>
    <testcase classname="chrome.135_0_7049_115.windows.Billing_Transfer_-_Intracompany_US127249" name="Should create a new equipment" time="133.02">
      <system-out><![CDATA[
COMMAND: POST /session/f2664590fead15ec17982177271525a3/execute/async - {"script":"<script> [1562 bytes]","args":[{"selector":{"controlType":"sap.m.GenericTile","properties":{"header":"Manage Resources"}},"wdio_ui5_key":"sapm.GenericTile{\"header\":\"Manage Resources\"}"}]}
COMMAND: GET /session/f2664590fead15ec17982177271525a3/screenshot - {}
RESULT: {}
RESULT: {"script":"<script> [1562 bytes]","args":[{"selector":{"controlType":"sap.m.GenericTile","properties":{"header":"Manage Resources"}},"wdio_ui5_key":"sapm.GenericTile{\"header\":\"Manage Resources\"}"}]}
RESULT: undefined
COMMAND: POST /session/f2664590fead15ec17982177271525a3/element - {"using":"xpath","value":"//*[@id=\"__tile39\"]"}
RESULT: {"using":"xpath","value":"//*[@id=\"__tile39\"]"}
COMMAND: POST /session/f2664590fead15ec17982177271525a3/element/f.00969020EDAB38E57A85DBAFB8D2C3DD.d.88572768621806C52E845CC0644513CC.e.6409/click - {}
RESULT: {}
COMMAND: POST /session/f2664590fead15ec17982177271525a3/element - {"using":"xpath","value":"//button[@data-kt=\"addNewRUOverflowToolbarButton\"]"}
COMMAND: GET /session/f2664590fead15ec17982177271525a3/screenshot - {}
RESULT: {"using":"xpath","value":"//button[@data-kt=\"addNewRUOverflowToolbarButton\"]"}
COMMAND: POST /session/f2664590fead15ec17982177271525a3/elements - {"using":"xpath","value":"//button[@data-kt=\"addNewRUOverflowToolbarButton\"]"}
RESULT: {}
RESULT: {"using":"xpath","value":"//button[@data-kt=\"addNewRUOverflowToolbarButton\"]"}
COMMAND: POST /session/f2664590fead15ec17982177271525a3/element - {"using":"xpath","value":"//button[@data-kt=\"addNewRUOverflowToolbarButton\"]"}
RESULT: {"using":"xpath","value":"//button[@data-kt=\"addNewRUOverflowToolbarButton\"]"}
COMMAND: POST /session/f2664590fead15ec17982177271525a3/execute/sync - {"script":"<script> [8489 bytes]","args":[{"element-6066-11e4-a52e-4f735466cecf":"f.00969020EDAB38E57A85DBAFB8D2C3DD.d.88572768621806C52E845CC0644513CC.e.8771","ELEMENT":"f.00969020EDAB38E57A85DBAFB8D2C3DD.d.88572768621806C52E845CC0644513CC.e.8771"}]}
RESULT: {"script":"<script> [8489 bytes]","args":[{"element-6066-11e4-a52e-4f735466cecf":"f.00969020EDAB38E57A85DBAFB8D2C3DD.d.88572768621806C52E845CC0644513CC.e.8771","ELEMENT":"f.00969020EDAB38E57A85DBAFB8D2C3DD.d.88572768621806C52E845CC0644513CC.e.8771"}]}
COMMAND: GET /session/f2664590fead15ec17982177271525a3/element/f.00969020EDAB38E57A85DBAFB8D2C3DD.d.88572768621806C52E845CC0644513CC.e.8771/enabled - {}
RESULT: {}
COMMAND: POST /session/f2664590fead15ec17982177271525a3/execute/sync - {"script":"<script> [8489 bytes]","args":[{"element-6066-11e4-a52e-4f735466cecf":"f.00969020EDAB38E57A85DBAFB8D2C3DD.d.88572768621806C52E845CC0644513CC.e.8771","ELEMENT":"f.00969020EDAB38E57A85DBAFB8D2C3DD.d.88572768621806C52E845CC0644513CC.e.8771"}]}
RESULT: {"script":"<script> [8489 bytes]","args":[{"element-6066-11e4-a52e-4f735466cecf":"f.00969020EDAB38E57A85DBAFB8D2C3DD.d.88572768621806C52E845CC0644513CC.e.8771","ELEMENT":"f.00969020EDAB38E57A85DBAFB8D2C3DD.d.88572768621806C52E845CC0644513CC.e.8771"}]}
COMMAND: POST /session/f2664590fead15ec17982177271525a3/execute/sync - {"script":"<script> [5351 bytes]","args":[{"element-6066-11e4-a52e-4f735466cecf":"f.00969020EDAB38E57A85DBAFB8D2C3DD.d.88572768621806C52E845CC0644513CC.e.8771","ELEMENT":"f.00969020EDAB38E57A85DBAFB8D2C3DD.d.88572768621806C52E845CC0644513CC.e.8771"}]}
RESULT: {"script":"<script> [5351 bytes]","args":[{"element-6066-11e4-a52e-4f735466cecf":"f.00969020EDAB38E57A85DBAFB8D2C3DD.d.88572768621806C52E845CC0644513CC.e.8771","ELEMENT":"f.00969020EDAB38E57A85DBAFB8D2C3DD.d.88572768621806C52E845CC0644513CC.e.8771"}]}
COMMAND: POST /session/f2664590fead15ec17982177271525a3/element/f.00969020EDAB38E57A85DBAFB8D2C3DD.d.88572768621806C52E845CC0644513CC.e.8771/click - {}
RESULT: {}
COMMAND: GET /session/f2664590fead15ec17982177271525a3/screenshot - {}
COMMAND: GET /session/f2664590fead15ec17982177271525a3/screenshot - {}
COMMAND: GET /session/f2664590fead15ec17982177271525a3/screenshot - {}
COMMAND: GET /session/f2664590fead15ec17982177271525a3/screenshot - {}
COMMAND: GET /session/f2664590fead15ec17982177271525a3/screenshot - {}
RESULT: {}
RESULT: {}
RESULT: {}
COMMAND: POST /session/f2664590fead15ec17982177271525a3/execute/async - {"script":"<script> [1562 bytes]","args":[{"selector":{"id":"application-manageresources-display-component---newResourceUnit--TYPE-arrow"},"wdio_ui5_key":"applicationmanageresources-display-component---newResourceUnit--TYPE-arrow"}]}
RESULT: {}
RESULT: {}
RESULT: {"script":"<script> [1562 bytes]","args":[{"selector":{"id":"application-manageresources-display-component---newResourceUnit--TYPE-arrow"},"wdio_ui5_key":"applicationmanageresources-display-component---newResourceUnit--TYPE-arrow"}]}
RESULT: undefined
COMMAND: POST /session/f2664590fead15ec17982177271525a3/element - {"using":"xpath","value":"//*[@id=\"application-manageresources-display-component---newResourceUnit--TYPE-arrow\"]"}
RESULT: {"using":"xpath","value":"//*[@id=\"application-manageresources-display-component---newResourceUnit--TYPE-arrow\"]"}
COMMAND: POST /session/f2664590fead15ec17982177271525a3/element/f.00969020EDAB38E57A85DBAFB8D2C3DD.d.88572768621806C52E845CC0644513CC.e.8940/click - {}
RESULT: {}
COMMAND: POST /session/f2664590fead15ec17982177271525a3/element - {"using":"xpath","value":"//input[@id=\"application-manageresources-display-component---newResourceUnit--TYPE-inner\"]"}
COMMAND: GET /session/f2664590fead15ec17982177271525a3/screenshot - {}
RESULT: {"using":"xpath","value":"//input[@id=\"application-manageresources-display-component---newResourceUnit--TYPE-inner\"]"}
COMMAND: POST /session/f2664590fead15ec17982177271525a3/element/f.00969020EDAB38E57A85DBAFB8D2C3DD.d.88572768621806C52E845CC0644513CC.e.8823/clear - {}
RESULT: {}
RESULT: {}
COMMAND: POST /session/f2664590fead15ec17982177271525a3/element/f.00969020EDAB38E57A85DBAFB8D2C3DD.d.88572768621806C52E845CC0644513CC.e.8823/value - {"text":"Equipment"}
COMMAND: GET /session/f2664590fead15ec17982177271525a3/screenshot - {}
RESULT: {"text":"Equipment"}
COMMAND: GET /session/f2664590fead15ec17982177271525a3/screenshot - {}
RESULT: {}
RESULT: {}
COMMAND: POST /session/f2664590fead15ec17982177271525a3/actions - {"actions":[{"id":"action30","type":"key","parameters":{},"actions":[{"type":"keyDown","value":"î€‡"},{"type":"pause","duration":10},{"type":"keyUp","value":"î€‡"}]}]}
RESULT: {"actions":[{"id":"action30","type":"key","parameters":{},"actions":[{"type":"keyDown","value":"î€‡"},{"type":"pause","duration":10},{"type":"keyUp","value":"î€‡"}]}]}
COMMAND: POST /session/f2664590fead15ec17982177271525a3/execute/async - {"script":"<script> [1562 bytes]","args":[{"selector":{"id":"application-manageresources-display-component---newResourceUnit--resourceId","interaction":{"idSuffix":"inner"}},"wdio_ui5_key":"applicationmanageresources-display-component---newResourceUnit--resourceId"}]}
COMMAND: GET /session/f2664590fead15ec17982177271525a3/screenshot - {}
RESULT: {"script":"<script> [1562 bytes]","args":[{"selector":{"id":"application-manageresources-display-component---newResourceUnit--resourceId","interaction":{"idSuffix":"inner"}},"wdio_ui5_key":"applicationmanageresources-display-component---newResourceUnit--resourceId"}]}
RESULT: undefined
COMMAND: POST /session/f2664590fead15ec17982177271525a3/execute/async - {"script":"<script> [776 bytes]","args":[{"enterText":"seyhTJfstQ","selector":{"id":"application-manageresources-display-component---newResourceUnit--resourceId","interaction":{"idSuffix":"inner"}},"clearTextFirst":true,"interactionType":"ENTER_TEXT"}]}
RESULT: {}
RESULT: {"script":"<script> [776 bytes]","args":[{"enterText":"seyhTJfstQ","selector":{"id":"application-manageresources-display-component---newResourceUnit--resourceId","interaction":{"idSuffix":"inner"}},"clearTextFirst":true,"interactionType":"ENTER_TEXT"}]}
COMMAND: POST /session/f2664590fead15ec17982177271525a3/execute/async - {"script":"<script> [1562 bytes]","args":[{"selector":{"id":"application-manageresources-display-component---newResourceUnit--SHORT_TEXT","interaction":{"idSuffix":"inner"}},"wdio_ui5_key":"applicationmanageresources-display-component---newResourceUnit--SHORT_TEXT"}]}
RESULT: {"script":"<script> [1562 bytes]","args":[{"selector":{"id":"application-manageresources-display-component---newResourceUnit--SHORT_TEXT","interaction":{"idSuffix":"inner"}},"wdio_ui5_key":"applicationmanageresources-display-component---newResourceUnit--SHORT_TEXT"}]}
RESULT: undefined
COMMAND: POST /session/f2664590fead15ec17982177271525a3/execute/async - {"script":"<script> [776 bytes]","args":[{"enterText":"Intercompany Equipment WDIO","selector":{"id":"application-manageresources-display-component---newResourceUnit--SHORT_TEXT","interaction":{"idSuffix":"inner"}},"clearTextFirst":true,"interactionType":"ENTER_TEXT"}]}
RESULT: {"script":"<script> [776 bytes]","args":[{"enterText":"Intercompany Equipment WDIO","selector":{"id":"application-manageresources-display-component---newResourceUnit--SHORT_TEXT","interaction":{"idSuffix":"inner"}},"clearTextFirst":true,"interactionType":"ENTER_TEXT"}]}
COMMAND: POST /session/f2664590fead15ec17982177271525a3/execute/async - {"script":"<script> [1562 bytes]","args":[{"selector":{"id":"application-manageresources-display-component---newResourceUnit--BASE_UNIT_OF_MEASURE","interaction":{"idSuffix":"inner"}},"wdio_ui5_key":"applicationmanageresources-display-component---newResourceUnit--BASE_UNIT_OF_MEASURE"}]}
RESULT: {"script":"<script> [1562 bytes]","args":[{"selector":{"id":"application-manageresources-display-component---newResourceUnit--BASE_UNIT_OF_MEASURE","interaction":{"idSuffix":"inner"}},"wdio_ui5_key":"applicationmanageresources-display-component---newResourceUnit--BASE_UNIT_OF_MEASURE"}]}
RESULT: undefined
COMMAND: POST /session/f2664590fead15ec17982177271525a3/execute/async - {"script":"<script> [776 bytes]","args":[{"enterText":"Piece","selector":{"id":"application-manageresources-display-component---newResourceUnit--BASE_UNIT_OF_MEASURE","interaction":{"idSuffix":"inner"}},"clearTextFirst":true,"interactionType":"ENTER_TEXT"}]}
RESULT: {"script":"<script> [776 bytes]","args":[{"enterText":"Piece","selector":{"id":"application-manageresources-display-component---newResourceUnit--BASE_UNIT_OF_MEASURE","interaction":{"idSuffix":"inner"}},"clearTextFirst":true,"interactionType":"ENTER_TEXT"}]}
COMMAND: POST /session/f2664590fead15ec17982177271525a3/execute/async - {"script":"<script> [1562 bytes]","args":[{"selector":{"id":"application-manageresources-display-component---newResourceUnit--WEIGHT_UNIT","interaction":{"idSuffix":"inner"}},"wdio_ui5_key":"applicationmanageresources-display-component---newResourceUnit--WEIGHT_UNIT"}]}
RESULT: {"script":"<script> [1562 bytes]","args":[{"selector":{"id":"application-manageresources-display-component---newResourceUnit--WEIGHT_UNIT","interaction":{"idSuffix":"inner"}},"wdio_ui5_key":"applicationmanageresources-display-component---newResourceUnit--WEIGHT_UNIT"}]}
RESULT: undefined
COMMAND: POST /session/f2664590fead15ec17982177271525a3/execute/async - {"script":"<script> [776 bytes]","args":[{"enterText":"Gram","selector":{"id":"application-manageresources-display-component---newResourceUnit--WEIGHT_UNIT","interaction":{"idSuffix":"inner"}},"clearTextFirst":true,"interactionType":"ENTER_TEXT"}]}
RESULT: {"script":"<script> [776 bytes]","args":[{"enterText":"Gram","selector":{"id":"application-manageresources-display-component---newResourceUnit--WEIGHT_UNIT","interaction":{"idSuffix":"inner"}},"clearTextFirst":true,"interactionType":"ENTER_TEXT"}]}
COMMAND: POST /session/f2664590fead15ec17982177271525a3/execute/async - {"script":"<script> [1562 bytes]","args":[{"selector":{"id":"application-manageresources-display-component---newResourceUnit--DIMENSION_UNIT","interaction":{"idSuffix":"inner"}},"wdio_ui5_key":"applicationmanageresources-display-component---newResourceUnit--DIMENSION_UNIT"}]}
RESULT: {"script":"<script> [1562 bytes]","args":[{"selector":{"id":"application-manageresources-display-component---newResourceUnit--DIMENSION_UNIT","interaction":{"idSuffix":"inner"}},"wdio_ui5_key":"applicationmanageresources-display-component---newResourceUnit--DIMENSION_UNIT"}]}
RESULT: undefined
COMMAND: POST /session/f2664590fead15ec17982177271525a3/execute/async - {"script":"<script> [776 bytes]","args":[{"enterText":"Meter","selector":{"id":"application-manageresources-display-component---newResourceUnit--DIMENSION_UNIT","interaction":{"idSuffix":"inner"}},"clearTextFirst":true,"interactionType":"ENTER_TEXT"}]}
RESULT: {"script":"<script> [776 bytes]","args":[{"enterText":"Meter","selector":{"id":"application-manageresources-display-component---newResourceUnit--DIMENSION_UNIT","interaction":{"idSuffix":"inner"}},"clearTextFirst":true,"interactionType":"ENTER_TEXT"}]}
COMMAND: POST /session/f2664590fead15ec17982177271525a3/execute/async - {"script":"<script> [1562 bytes]","args":[{"selector":{"id":"application-manageresources-display-component---newResourceUnit--newRRUPage-anchBar-application-manageresources-display-component---newResourceUnit--control-anchor","interaction":{"idSuffix":"BDI-content"}},"wdio_ui5_key":"applicationmanageresources-display-component---newResourceUnit--newRRUPage-anchBar-application-manageresources-display-component---newResourceUnit--control-anchor"}]}
RESULT: {"script":"<script> [1562 bytes]","args":[{"selector":{"id":"application-manageresources-display-component---newResourceUnit--newRRUPage-anchBar-application-manageresources-display-component---newResourceUnit--control-anchor","interaction":{"idSuffix":"BDI-content"}},"wdio_ui5_key":"applicationmanageresources-display-component---newResourceUnit--newRRUPage-anchBar-application-manageresources-display-component---newResourceUnit--control-anchor"}]}
RESULT: undefined
COMMAND: POST /session/f2664590fead15ec17982177271525a3/element - {"using":"xpath","value":"//*[@id=\"application-manageresources-display-component---newResourceUnit--newRRUPage-anchBar-application-manageresources-display-component---newResourceUnit--control-anchor\"]"}
RESULT: {"using":"xpath","value":"//*[@id=\"application-manageresources-display-component---newResourceUnit--newRRUPage-anchBar-application-manageresources-display-component---newResourceUnit--control-anchor\"]"}
COMMAND: POST /session/f2664590fead15ec17982177271525a3/element/f.00969020EDAB38E57A85DBAFB8D2C3DD.d.88572768621806C52E845CC0644513CC.e.9072/click - {}
RESULT: {}
COMMAND: POST /session/f2664590fead15ec17982177271525a3/execute/async - {"script":"<script> [1562 bytes]","args":[{"selector":{"id":"application-manageresources-display-component---newResourceUnit--PLANNING_GROUP","interaction":{"idSuffix":"inner"}},"wdio_ui5_key":"applicationmanageresources-display-component---newResourceUnit--PLANNING_GROUP"}]}
COMMAND: GET /session/f2664590fead15ec17982177271525a3/screenshot - {}
RESULT: {"script":"<script> [1562 bytes]","args":[{"selector":{"id":"application-manageresources-display-component---newResourceUnit--PLANNING_GROUP","interaction":{"idSuffix":"inner"}},"wdio_ui5_key":"applicationmanageresources-display-component---newResourceUnit--PLANNING_GROUP"}]}
RESULT: undefined
COMMAND: POST /session/f2664590fead15ec17982177271525a3/execute/async - {"script":"<script> [776 bytes]","args":[{"enterText":"Heavy Equi","selector":{"id":"application-manageresources-display-component---newResourceUnit--PLANNING_GROUP","interaction":{"idSuffix":"inner"}},"clearTextFirst":true,"interactionType":"ENTER_TEXT"}]}
RESULT: {}
RESULT: {"script":"<script> [776 bytes]","args":[{"enterText":"Heavy Equi","selector":{"id":"application-manageresources-display-component---newResourceUnit--PLANNING_GROUP","interaction":{"idSuffix":"inner"}},"clearTextFirst":true,"interactionType":"ENTER_TEXT"}]}
COMMAND: POST /session/f2664590fead15ec17982177271525a3/execute/async - {"script":"<script> [1562 bytes]","args":[{"selector":{"id":"application-manageresources-display-component---newResourceUnit--ITEM_TYPE-arrow"},"wdio_ui5_key":"applicationmanageresources-display-component---newResourceUnit--ITEM_TYPE-arrow"}]}
RESULT: {"script":"<script> [1562 bytes]","args":[{"selector":{"id":"application-manageresources-display-component---newResourceUnit--ITEM_TYPE-arrow"},"wdio_ui5_key":"applicationmanageresources-display-component---newResourceUnit--ITEM_TYPE-arrow"}]}
RESULT: undefined
COMMAND: POST /session/f2664590fead15ec17982177271525a3/element - {"using":"xpath","value":"//*[@id=\"application-manageresources-display-component---newResourceUnit--ITEM_TYPE-arrow\"]"}
RESULT: {"using":"xpath","value":"//*[@id=\"application-manageresources-display-component---newResourceUnit--ITEM_TYPE-arrow\"]"}
COMMAND: POST /session/f2664590fead15ec17982177271525a3/element/f.00969020EDAB38E57A85DBAFB8D2C3DD.d.88572768621806C52E845CC0644513CC.e.9079/click - {}
RESULT: {}
COMMAND: POST /session/f2664590fead15ec17982177271525a3/element - {"using":"xpath","value":"(//span[contains(text(), \"Resource Unit\")])[2]"}
COMMAND: GET /session/f2664590fead15ec17982177271525a3/screenshot - {}
RESULT: {"using":"xpath","value":"(//span[contains(text(), \"Resource Unit\")])[2]"}
COMMAND: POST /session/f2664590fead15ec17982177271525a3/element/f.00969020EDAB38E57A85DBAFB8D2C3DD.d.88572768621806C52E845CC0644513CC.e.9080/click - {}
RESULT: {}
RESULT: {}
COMMAND: GET /session/f2664590fead15ec17982177271525a3/screenshot - {}
RESULT: {}
COMMAND: POST /session/f2664590fead15ec17982177271525a3/element - {"using":"css selector","value":"#application-manageresources-display-component---newResourceUnit--btnAddTimeSegment"}
RESULT: {"using":"css selector","value":"#application-manageresources-display-component---newResourceUnit--btnAddTimeSegment"}
COMMAND: GET /session/f2664590fead15ec17982177271525a3/element/f.00969020EDAB38E57A85DBAFB8D2C3DD.d.88572768621806C52E845CC0644513CC.e.9081/rect - {}
RESULT: {}
COMMAND: GET /session/f2664590fead15ec17982177271525a3/window/rect - {}
RESULT: {}
COMMAND: POST /session/f2664590fead15ec17982177271525a3/execute/sync - {"script":"<script> [92 bytes]","args":[]}
RESULT: {"script":"<script> [92 bytes]","args":[]}
COMMAND: POST /session/f2664590fead15ec17982177271525a3/actions - {"actions":[{"id":"action31","type":"wheel","parameters":{},"actions":[{"type":"scroll","x":-1888,"y":-32,"deltaX":0,"deltaY":0,"duration":0,"origin":{"element-6066-11e4-a52e-4f735466cecf":"f.00969020EDAB38E57A85DBAFB8D2C3DD.d.88572768621806C52E845CC0644513CC.e.9081"}}]}]}
COMMAND: GET /session/f2664590fead15ec17982177271525a3/screenshot - {}
RESULT: {}
COMMAND: POST /session/f2664590fead15ec17982177271525a3/execute/sync - {"script":"<script> [79 bytes]","args":[{"element-6066-11e4-a52e-4f735466cecf":"f.00969020EDAB38E57A85DBAFB8D2C3DD.d.88572768621806C52E845CC0644513CC.e.9081","ELEMENT":"f.00969020EDAB38E57A85DBAFB8D2C3DD.d.88572768621806C52E845CC0644513CC.e.9081"},{"block":"start","inline":"nearest"}]}
RESULT: {"script":"<script> [79 bytes]","args":[{"element-6066-11e4-a52e-4f735466cecf":"f.00969020EDAB38E57A85DBAFB8D2C3DD.d.88572768621806C52E845CC0644513CC.e.9081","ELEMENT":"f.00969020EDAB38E57A85DBAFB8D2C3DD.d.88572768621806C52E845CC0644513CC.e.9081"},{"block":"start","inline":"nearest"}]}
COMMAND: POST /session/f2664590fead15ec17982177271525a3/execute/async - {"script":"<script> [1562 bytes]","args":[{"selector":{"id":"application-manageresources-display-component---newResourceUnit--btnAddTimeSegment","interaction":{"idSuffix":"inner"}},"wdio_ui5_key":"applicationmanageresources-display-component---newResourceUnit--btnAddTimeSegment"}]}
COMMAND: GET /session/f2664590fead15ec17982177271525a3/screenshot - {}
RESULT: {"script":"<script> [1562 bytes]","args":[{"selector":{"id":"application-manageresources-display-component---newResourceUnit--btnAddTimeSegment","interaction":{"idSuffix":"inner"}},"wdio_ui5_key":"applicationmanageresources-display-component---newResourceUnit--btnAddTimeSegment"}]}
RESULT: undefined
COMMAND: POST /session/f2664590fead15ec17982177271525a3/element - {"using":"xpath","value":"//*[@id=\"application-manageresources-display-component---newResourceUnit--btnAddTimeSegment\"]"}
RESULT: {}
RESULT: {"using":"xpath","value":"//*[@id=\"application-manageresources-display-component---newResourceUnit--btnAddTimeSegment\"]"}
COMMAND: POST /session/f2664590fead15ec17982177271525a3/element/f.00969020EDAB38E57A85DBAFB8D2C3DD.d.88572768621806C52E845CC0644513CC.e.9081/click - {}
RESULT: {}
COMMAND: GET /session/f2664590fead15ec17982177271525a3/screenshot - {}
RESULT: {}
COMMAND: POST /session/f2664590fead15ec17982177271525a3/element - {"using":"xpath","value":"//input[@id=\"application-manageresources-display-component---newResourceUnit--idRuTSAdmin-application-manageresources-display-component---newResourceUnit--RUTimeSegment-0-inner\"]"}
RESULT: {"using":"xpath","value":"//input[@id=\"application-manageresources-display-component---newResourceUnit--idRuTSAdmin-application-manageresources-display-component---newResourceUnit--RUTimeSegment-0-inner\"]"}
COMMAND: POST /session/f2664590fead15ec17982177271525a3/element/f.00969020EDAB38E57A85DBAFB8D2C3DD.d.88572768621806C52E845CC0644513CC.e.9087/clear - {}
RESULT: {}
COMMAND: POST /session/f2664590fead15ec17982177271525a3/element/f.00969020EDAB38E57A85DBAFB8D2C3DD.d.88572768621806C52E845CC0644513CC.e.9087/value - {"text":"671"}
COMMAND: GET /session/f2664590fead15ec17982177271525a3/screenshot - {}
RESULT: {"text":"671"}
COMMAND: GET /session/f2664590fead15ec17982177271525a3/screenshot - {}
RESULT: {}
RESULT: {}
COMMAND: POST /session/f2664590fead15ec17982177271525a3/element - {"using":"xpath","value":"//li[.//span[text()='671']]"}
RESULT: {"using":"xpath","value":"//li[.//span[text()='671']]"}
COMMAND: POST /session/f2664590fead15ec17982177271525a3/element/f.00969020EDAB38E57A85DBAFB8D2C3DD.d.88572768621806C52E845CC0644513CC.e.9100/click - {}
RESULT: {}
COMMAND: GET /session/f2664590fead15ec17982177271525a3/screenshot - {}
RESULT: {}
COMMAND: POST /session/f2664590fead15ec17982177271525a3/element - {"using":"xpath","value":"(//span[contains(@id, \"-application-manageresources-display-component---newResourceUnit--RUTimeSegment-0-arrow\")])[6]"}
RESULT: {"using":"xpath","value":"(//span[contains(@id, \"-application-manageresources-display-component---newResourceUnit--RUTimeSegment-0-arrow\")])[6]"}
COMMAND: POST /session/f2664590fead15ec17982177271525a3/element/f.00969020EDAB38E57A85DBAFB8D2C3DD.d.88572768621806C52E845CC0644513CC.e.9101/click - {}
RESULT: {}
COMMAND: GET /session/f2664590fead15ec17982177271525a3/screenshot - {}
RESULT: {}
COMMAND: POST /session/f2664590fead15ec17982177271525a3/element - {"using":"xpath","value":"//span[contains(text(), \"PM Order\")]"}
RESULT: {"using":"xpath","value":"//span[contains(text(), \"PM Order\")]"}
COMMAND: POST /session/f2664590fead15ec17982177271525a3/element/f.00969020EDAB38E57A85DBAFB8D2C3DD.d.88572768621806C52E845CC0644513CC.e.9104/click - {}
RESULT: {}
COMMAND: GET /session/f2664590fead15ec17982177271525a3/screenshot - {}
RESULT: {}
COMMAND: POST /session/f2664590fead15ec17982177271525a3/element - {"using":"xpath","value":"(//span[contains(@id ,\"manageresources-display-component---newResourceUnit--RUTimeSegment-0-vhi\")])[1]"}
RESULT: {"using":"xpath","value":"(//span[contains(@id ,\"manageresources-display-component---newResourceUnit--RUTimeSegment-0-vhi\")])[1]"}
COMMAND: GET /session/f2664590fead15ec17982177271525a3/element/f.00969020EDAB38E57A85DBAFB8D2C3DD.d.88572768621806C52E845CC0644513CC.e.9108/rect - {}
RESULT: {}
COMMAND: GET /session/f2664590fead15ec17982177271525a3/window/rect - {}
RESULT: {}
COMMAND: POST /session/f2664590fead15ec17982177271525a3/execute/sync - {"script":"<script> [92 bytes]","args":[]}
RESULT: {"script":"<script> [92 bytes]","args":[]}
COMMAND: POST /session/f2664590fead15ec17982177271525a3/actions - {"actions":[{"id":"action32","type":"wheel","parameters":{},"actions":[{"type":"scroll","x":-869,"y":-24,"deltaX":0,"deltaY":0,"duration":0,"origin":{"element-6066-11e4-a52e-4f735466cecf":"f.00969020EDAB38E57A85DBAFB8D2C3DD.d.88572768621806C52E845CC0644513CC.e.9108"}}]}]}
COMMAND: GET /session/f2664590fead15ec17982177271525a3/screenshot - {}
RESULT: {"actions":[{"id":"action32","type":"wheel","parameters":{},"actions":[{"type":"scroll","x":-869,"y":-24,"deltaX":0,"deltaY":0,"duration":0,"origin":{"element-6066-11e4-a52e-4f735466cecf":"f.00969020EDAB38E57A85DBAFB8D2C3DD.d.88572768621806C52E845CC0644513CC.e.9108"}}]}]}
COMMAND: DELETE /session/f2664590fead15ec17982177271525a3/actions - {}
COMMAND: GET /session/f2664590fead15ec17982177271525a3/screenshot - {}
RESULT: {}
RESULT: {}
COMMAND: GET /session/f2664590fead15ec17982177271525a3/screenshot - {}
RESULT: {}
RESULT: {}
COMMAND: POST /session/f2664590fead15ec17982177271525a3/element/f.00969020EDAB38E57A85DBAFB8D2C3DD.d.88572768621806C52E845CC0644513CC.e.9108/click - {}
RESULT: {}
COMMAND: GET /session/f2664590fead15ec17982177271525a3/screenshot - {}
RESULT: {}
RESULT: undefined
COMMAND: POST /session/f2664590fead15ec17982177271525a3/execute/async - {"script":"<script> [776 bytes]","args":[{"enterText":"4000360","selector":{"controlType":"sap.m.SearchField","properties":{"placeholder":"Search"},"searchOpenDialogs":true,"interaction":{"idSuffix":"I"}},"clearTextFirst":true,"interactionType":"ENTER_TEXT"}]}
RESULT: {"script":"<script> [776 bytes]","args":[{"enterText":"4000360","selector":{"controlType":"sap.m.SearchField","properties":{"placeholder":"Search"},"searchOpenDialogs":true,"interaction":{"idSuffix":"I"}},"clearTextFirst":true,"interactionType":"ENTER_TEXT"}]}
COMMAND: POST /session/f2664590fead15ec17982177271525a3/actions - {"actions":[{"id":"action33","type":"key","parameters":{},"actions":[{"type":"keyDown","value":"î€‡"},{"type":"pause","duration":10},{"type":"keyUp","value":"î€‡"}]}]}
RESULT: {"actions":[{"id":"action33","type":"key","parameters":{},"actions":[{"type":"keyDown","value":"î€‡"},{"type":"pause","duration":10},{"type":"keyUp","value":"î€‡"}]}]}
COMMAND: GET /session/f2664590fead15ec17982177271525a3/screenshot - {}
RESULT: {}
COMMAND: POST /session/f2664590fead15ec17982177271525a3/element - {"using":"xpath","value":"//td/div/span[contains(text(), \"BGL Vehicles\")]"}
RESULT: {"using":"xpath","value":"//td/div/span[contains(text(), \"BGL Vehicles\")]"}
COMMAND: POST /session/f2664590fead15ec17982177271525a3/element/f.00969020EDAB38E57A85DBAFB8D2C3DD.d.88572768621806C52E845CC0644513CC.e.9128/click - {}
RESULT: {}
COMMAND: GET /session/f2664590fead15ec17982177271525a3/screenshot - {}
RESULT: {}
COMMAND: POST /session/f2664590fead15ec17982177271525a3/element - {"using":"xpath","value":"//bdi[contains(text(), \"OK\")]"}
RESULT: {"using":"xpath","value":"//bdi[contains(text(), \"OK\")]"}
COMMAND: POST /session/f2664590fead15ec17982177271525a3/element/f.00969020EDAB38E57A85DBAFB8D2C3DD.d.88572768621806C52E845CC0644513CC.e.9129/click - {}
RESULT: {}
COMMAND: GET /session/f2664590fead15ec17982177271525a3/screenshot - {}
RESULT: {}
COMMAND: POST /session/f2664590fead15ec17982177271525a3/execute/async - {"script":"<script> [1562 bytes]","args":[{"selector":{"id":"application-manageresources-display-component---newResourceUnit--newRRUPage-anchBar-application-manageresources-display-component---newResourceUnit--resource-anchor","interaction":{"idSuffix":"BDI-content"}},"wdio_ui5_key":"applicationmanageresources-display-component---newResourceUnit--newRRUPage-anchBar-application-manageresources-display-component---newResourceUnit--resource-anchor"}]}
RESULT: {"script":"<script> [1562 bytes]","args":[{"selector":{"id":"application-manageresources-display-component---newResourceUnit--newRRUPage-anchBar-application-manageresources-display-component---newResourceUnit--resource-anchor","interaction":{"idSuffix":"BDI-content"}},"wdio_ui5_key":"applicationmanageresources-display-component---newResourceUnit--newRRUPage-anchBar-application-manageresources-display-component---newResourceUnit--resource-anchor"}]}
RESULT: undefined
COMMAND: POST /session/f2664590fead15ec17982177271525a3/element - {"using":"xpath","value":"//*[@id=\"application-manageresources-display-component---newResourceUnit--newRRUPage-anchBar-application-manageresources-display-component---newResourceUnit--resource-anchor\"]"}
RESULT: {"using":"xpath","value":"//*[@id=\"application-manageresources-display-component---newResourceUnit--newRRUPage-anchBar-application-manageresources-display-component---newResourceUnit--resource-anchor\"]"}
COMMAND: POST /session/f2664590fead15ec17982177271525a3/element/f.00969020EDAB38E57A85DBAFB8D2C3DD.d.88572768621806C52E845CC0644513CC.e.9133/click - {}
RESULT: {}
COMMAND: POST /session/f2664590fead15ec17982177271525a3/execute/async - {"script":"<script> [1562 bytes]","args":[{"selector":{"id":"application-manageresources-display-component---newResourceUnit--PLANNED_DELIVERY_DATE","interaction":{"idSuffix":"inner"}},"wdio_ui5_key":"applicationmanageresources-display-component---newResourceUnit--PLANNED_DELIVERY_DATE"}]}
COMMAND: GET /session/f2664590fead15ec17982177271525a3/screenshot - {}
RESULT: {"script":"<script> [1562 bytes]","args":[{"selector":{"id":"application-manageresources-display-component---newResourceUnit--PLANNED_DELIVERY_DATE","interaction":{"idSuffix":"inner"}},"wdio_ui5_key":"applicationmanageresources-display-component---newResourceUnit--PLANNED_DELIVERY_DATE"}]}
RESULT: undefined
COMMAND: POST /session/f2664590fead15ec17982177271525a3/execute/async - {"script":"<script> [6424 bytes]","args":[{"element-6066-11e4-a52e-4f735466cecf":"f.00969020EDAB38E57A85DBAFB8D2C3DD.d.88572768621806C52E845CC0644513CC.e.8995"},"setValue",["5/7/25"]]}
RESULT: {}
RESULT: {"script":"<script> [6424 bytes]","args":[{"element-6066-11e4-a52e-4f735466cecf":"f.00969020EDAB38E57A85DBAFB8D2C3DD.d.88572768621806C52E845CC0644513CC.e.8995"},"setValue",["5/7/25"]]}
COMMAND: POST /session/f2664590fead15ec17982177271525a3/element - {"using":"xpath","value":"//label[contains(@class, 'sapMLabelRequired') and .//bdi[contains(text(), 'Planned Retirement')]]"}
RESULT: {"using":"xpath","value":"//label[contains(@class, 'sapMLabelRequired') and .//bdi[contains(text(), 'Planned Retirement')]]"}
COMMAND: POST /session/f2664590fead15ec17982177271525a3/elements - {"using":"xpath","value":"//label[contains(@class, 'sapMLabelRequired') and .//bdi[contains(text(), 'Planned Retirement')]]"}
RESULT: {"using":"xpath","value":"//label[contains(@class, 'sapMLabelRequired') and .//bdi[contains(text(), 'Planned Retirement')]]"}
COMMAND: POST /session/f2664590fead15ec17982177271525a3/element - {"using":"xpath","value":"//button[@data-kt=\"resourceUnitSaveButton\"]"}
RESULT: {"using":"xpath","value":"//button[@data-kt=\"resourceUnitSaveButton\"]"}
COMMAND: POST /session/f2664590fead15ec17982177271525a3/element/f.00969020EDAB38E57A85DBAFB8D2C3DD.d.88572768621806C52E845CC0644513CC.e.8956/click - {}
RESULT: {}
COMMAND: GET /session/f2664590fead15ec17982177271525a3/screenshot - {}
RESULT: {}
COMMAND: POST /session/f2664590fead15ec17982177271525a3/element - {"using":"xpath","value":"//bdi[contains(text(), \"Close\")]"}
RESULT: {"using":"xpath","value":"//bdi[contains(text(), \"Close\")]"}
COMMAND: POST /session/f2664590fead15ec17982177271525a3/element/f.00969020EDAB38E57A85DBAFB8D2C3DD.d.88572768621806C52E845CC0644513CC.e.9141/click - {}
RESULT: {}
COMMAND: GET /session/f2664590fead15ec17982177271525a3/screenshot - {}
RESULT: {}
COMMAND: POST /session/f2664590fead15ec17982177271525a3/element - {"using":"xpath","value":"(//button[contains(@id ,\"actionsToolbar-overflowButton\")])[1]"}
RESULT: {"using":"xpath","value":"(//button[contains(@id ,\"actionsToolbar-overflowButton\")])[1]"}
COMMAND: POST /session/f2664590fead15ec17982177271525a3/element/f.00969020EDAB38E57A85DBAFB8D2C3DD.d.88572768621806C52E845CC0644513CC.e.9172/click - {}
RESULT: {}
COMMAND: GET /session/f2664590fead15ec17982177271525a3/screenshot - {}
RESULT: {}
COMMAND: POST /session/f2664590fead15ec17982177271525a3/element - {"using":"xpath","value":"//button[@data-kt=\"priceInfoButton\"]"}
RESULT: {"using":"xpath","value":"//button[@data-kt=\"priceInfoButton\"]"}
COMMAND: POST /session/f2664590fead15ec17982177271525a3/element/f.00969020EDAB38E57A85DBAFB8D2C3DD.d.88572768621806C52E845CC0644513CC.e.9174/click - {}
RESULT: {}
COMMAND: GET /session/f2664590fead15ec17982177271525a3/screenshot - {}
]]></system-out>
    </testcase>
    <testcase classname="chrome.135_0_7049_115.windows.Billing_Transfer_-_Intracompany_US127249" name="Should create a pricing procedure" time="55.754">
      <system-out><![CDATA[
COMMAND: POST /session/f2664590fead15ec17982177271525a3/element - {"using":"xpath","value":"//button[@data-kt=\"addButton\"]"}
RESULT: {}
RESULT: {"using":"xpath","value":"//button[@data-kt=\"addButton\"]"}
COMMAND: POST /session/f2664590fead15ec17982177271525a3/elements - {"using":"xpath","value":"//button[@data-kt=\"addButton\"]"}
RESULT: {"using":"xpath","value":"//button[@data-kt=\"addButton\"]"}
COMMAND: POST /session/f2664590fead15ec17982177271525a3/execute/sync - {"script":"<script> [8489 bytes]","args":[{"element-6066-11e4-a52e-4f735466cecf":"f.00969020EDAB38E57A85DBAFB8D2C3DD.d.88572768621806C52E845CC0644513CC.e.9233","ELEMENT":"f.00969020EDAB38E57A85DBAFB8D2C3DD.d.88572768621806C52E845CC0644513CC.e.9233"}]}
RESULT: {"script":"<script> [8489 bytes]","args":[{"element-6066-11e4-a52e-4f735466cecf":"f.00969020EDAB38E57A85DBAFB8D2C3DD.d.88572768621806C52E845CC0644513CC.e.9233","ELEMENT":"f.00969020EDAB38E57A85DBAFB8D2C3DD.d.88572768621806C52E845CC0644513CC.e.9233"}]}
COMMAND: GET /session/f2664590fead15ec17982177271525a3/element/f.00969020EDAB38E57A85DBAFB8D2C3DD.d.88572768621806C52E845CC0644513CC.e.9233/enabled - {}
COMMAND: GET /session/f2664590fead15ec17982177271525a3/screenshot - {}
RESULT: {}
COMMAND: POST /session/f2664590fead15ec17982177271525a3/execute/sync - {"script":"<script> [8489 bytes]","args":[{"element-6066-11e4-a52e-4f735466cecf":"f.00969020EDAB38E57A85DBAFB8D2C3DD.d.88572768621806C52E845CC0644513CC.e.9233","ELEMENT":"f.00969020EDAB38E57A85DBAFB8D2C3DD.d.88572768621806C52E845CC0644513CC.e.9233"}]}
COMMAND: GET /session/f2664590fead15ec17982177271525a3/screenshot - {}
RESULT: {}
RESULT: {"script":"<script> [8489 bytes]","args":[{"element-6066-11e4-a52e-4f735466cecf":"f.00969020EDAB38E57A85DBAFB8D2C3DD.d.88572768621806C52E845CC0644513CC.e.9233","ELEMENT":"f.00969020EDAB38E57A85DBAFB8D2C3DD.d.88572768621806C52E845CC0644513CC.e.9233"}]}
COMMAND: POST /session/f2664590fead15ec17982177271525a3/execute/sync - {"script":"<script> [5351 bytes]","args":[{"element-6066-11e4-a52e-4f735466cecf":"f.00969020EDAB38E57A85DBAFB8D2C3DD.d.88572768621806C52E845CC0644513CC.e.9233","ELEMENT":"f.00969020EDAB38E57A85DBAFB8D2C3DD.d.88572768621806C52E845CC0644513CC.e.9233"}]}
COMMAND: GET /session/f2664590fead15ec17982177271525a3/screenshot - {}
RESULT: {}
RESULT: {"script":"<script> [5351 bytes]","args":[{"element-6066-11e4-a52e-4f735466cecf":"f.00969020EDAB38E57A85DBAFB8D2C3DD.d.88572768621806C52E845CC0644513CC.e.9233","ELEMENT":"f.00969020EDAB38E57A85DBAFB8D2C3DD.d.88572768621806C52E845CC0644513CC.e.9233"}]}
COMMAND: POST /session/f2664590fead15ec17982177271525a3/element/f.00969020EDAB38E57A85DBAFB8D2C3DD.d.88572768621806C52E845CC0644513CC.e.9233/click - {}
COMMAND: GET /session/f2664590fead15ec17982177271525a3/screenshot - {}
RESULT: {}
RESULT: {}
COMMAND: GET /session/f2664590fead15ec17982177271525a3/screenshot - {}
RESULT: {}
RESULT: {}
COMMAND: POST /session/f2664590fead15ec17982177271525a3/execute/async - {"script":"<script> [1562 bytes]","args":[{"selector":{"controlType":"sap.m.Title","viewName":"etm.portal.ui.managepricingrules.view.NewItem","viewId":"application-managepricingrules-display-component---newInfoPriceItem","properties":{"text":"New Pricing Rules - Item Level"}},"wdio_ui5_key":"etmportal.ui.managepricingrules.view.NewItemsap.m.Title{\"text\":\"New Pricing Rules - Item Level\"}"}]}
RESULT: {"script":"<script> [1562 bytes]","args":[{"selector":{"controlType":"sap.m.Title","viewName":"etm.portal.ui.managepricingrules.view.NewItem","viewId":"application-managepricingrules-display-component---newInfoPriceItem","properties":{"text":"New Pricing Rules - Item Level"}},"wdio_ui5_key":"etmportal.ui.managepricingrules.view.NewItemsap.m.Title{\"text\":\"New Pricing Rules - Item Level\"}"}]}
RESULT: undefined
COMMAND: POST /session/f2664590fead15ec17982177271525a3/execute/async - {"script":"<script> [6424 bytes]","args":[{"element-6066-11e4-a52e-4f735466cecf":"f.00969020EDAB38E57A85DBAFB8D2C3DD.d.88572768621806C52E845CC0644513CC.e.9403"},"getText",[]]}
RESULT: {"script":"<script> [6424 bytes]","args":[{"element-6066-11e4-a52e-4f735466cecf":"f.00969020EDAB38E57A85DBAFB8D2C3DD.d.88572768621806C52E845CC0644513CC.e.9403"},"getText",[]]}
COMMAND: POST /session/f2664590fead15ec17982177271525a3/execute/async - {"script":"<script> [1562 bytes]","args":[{"selector":{"id":"application-managepricingrules-display-component---newInfoPriceItem--condValidTo","interaction":{"idSuffix":"inner"}},"wdio_ui5_key":"applicationmanagepricingrules-display-component---newInfoPriceItem--condValidTo"}]}
RESULT: {"script":"<script> [1562 bytes]","args":[{"selector":{"id":"application-managepricingrules-display-component---newInfoPriceItem--condValidTo","interaction":{"idSuffix":"inner"}},"wdio_ui5_key":"applicationmanagepricingrules-display-component---newInfoPriceItem--condValidTo"}]}
RESULT: undefined
COMMAND: POST /session/f2664590fead15ec17982177271525a3/execute/async - {"script":"<script> [776 bytes]","args":[{"enterText":"01/07/26","selector":{"id":"application-managepricingrules-display-component---newInfoPriceItem--condValidTo","interaction":{"idSuffix":"inner"}},"clearTextFirst":true,"interactionType":"ENTER_TEXT"}]}
RESULT: {"script":"<script> [776 bytes]","args":[{"enterText":"01/07/26","selector":{"id":"application-managepricingrules-display-component---newInfoPriceItem--condValidTo","interaction":{"idSuffix":"inner"}},"clearTextFirst":true,"interactionType":"ENTER_TEXT"}]}
COMMAND: POST /session/f2664590fead15ec17982177271525a3/execute/async - {"script":"<script> [1562 bytes]","args":[{"selector":{"id":"application-managepricingrules-display-component---newInfoPriceItem--billType-arrow"},"wdio_ui5_key":"applicationmanagepricingrules-display-component---newInfoPriceItem--billType-arrow"}]}
RESULT: {"script":"<script> [1562 bytes]","args":[{"selector":{"id":"application-managepricingrules-display-component---newInfoPriceItem--billType-arrow"},"wdio_ui5_key":"applicationmanagepricingrules-display-component---newInfoPriceItem--billType-arrow"}]}
RESULT: undefined
COMMAND: POST /session/f2664590fead15ec17982177271525a3/element - {"using":"xpath","value":"//*[@id=\"application-managepricingrules-display-component---newInfoPriceItem--billType-arrow\"]"}
RESULT: {"using":"xpath","value":"//*[@id=\"application-managepricingrules-display-component---newInfoPriceItem--billType-arrow\"]"}
COMMAND: POST /session/f2664590fead15ec17982177271525a3/element/f.00969020EDAB38E57A85DBAFB8D2C3DD.d.88572768621806C52E845CC0644513CC.e.9361/click - {}
RESULT: {}
COMMAND: POST /session/f2664590fead15ec17982177271525a3/element - {"using":"xpath","value":"//span[contains(text(), \"TB - Time based\")]"}
COMMAND: GET /session/f2664590fead15ec17982177271525a3/screenshot - {}
RESULT: {"using":"xpath","value":"//span[contains(text(), \"TB - Time based\")]"}
COMMAND: POST /session/f2664590fead15ec17982177271525a3/element/f.00969020EDAB38E57A85DBAFB8D2C3DD.d.88572768621806C52E845CC0644513CC.e.9405/click - {}
RESULT: {}
RESULT: {}
COMMAND: POST /session/f2664590fead15ec17982177271525a3/execute/async - {"script":"<script> [1562 bytes]","args":[{"selector":{"id":"application-managepricingrules-display-component---newInfoPriceItem--priceProc-arrow"},"wdio_ui5_key":"applicationmanagepricingrules-display-component---newInfoPriceItem--priceProc-arrow"}]}
COMMAND: GET /session/f2664590fead15ec17982177271525a3/screenshot - {}
RESULT: {"script":"<script> [1562 bytes]","args":[{"selector":{"id":"application-managepricingrules-display-component---newInfoPriceItem--priceProc-arrow"},"wdio_ui5_key":"applicationmanagepricingrules-display-component---newInfoPriceItem--priceProc-arrow"}]}
RESULT: undefined
COMMAND: POST /session/f2664590fead15ec17982177271525a3/element - {"using":"xpath","value":"//*[@id=\"application-managepricingrules-display-component---newInfoPriceItem--priceProc-arrow\"]"}
RESULT: {}
RESULT: {"using":"xpath","value":"//*[@id=\"application-managepricingrules-display-component---newInfoPriceItem--priceProc-arrow\"]"}
COMMAND: POST /session/f2664590fead15ec17982177271525a3/element/f.00969020EDAB38E57A85DBAFB8D2C3DD.d.88572768621806C52E845CC0644513CC.e.9368/click - {}
RESULT: {}
COMMAND: POST /session/f2664590fead15ec17982177271525a3/element - {"using":"xpath","value":"//span[contains(text(), \"TBS - Time based standard\")]"}
COMMAND: GET /session/f2664590fead15ec17982177271525a3/screenshot - {}
RESULT: {"using":"xpath","value":"//span[contains(text(), \"TBS - Time based standard\")]"}
COMMAND: POST /session/f2664590fead15ec17982177271525a3/element/f.00969020EDAB38E57A85DBAFB8D2C3DD.d.88572768621806C52E845CC0644513CC.e.9406/click - {}
RESULT: {}
RESULT: {}
COMMAND: POST /session/f2664590fead15ec17982177271525a3/execute/async - {"script":"<script> [1562 bytes]","args":[{"selector":{"id":"application-managepricingrules-display-component---newInfoPriceItem--calcBase-arrow"},"wdio_ui5_key":"applicationmanagepricingrules-display-component---newInfoPriceItem--calcBase-arrow"}]}
COMMAND: GET /session/f2664590fead15ec17982177271525a3/screenshot - {}
RESULT: {"script":"<script> [1562 bytes]","args":[{"selector":{"id":"application-managepricingrules-display-component---newInfoPriceItem--calcBase-arrow"},"wdio_ui5_key":"applicationmanagepricingrules-display-component---newInfoPriceItem--calcBase-arrow"}]}
RESULT: undefined
COMMAND: POST /session/f2664590fead15ec17982177271525a3/element - {"using":"xpath","value":"//*[@id=\"application-managepricingrules-display-component---newInfoPriceItem--calcBase-arrow\"]"}
RESULT: {}
RESULT: {"using":"xpath","value":"//*[@id=\"application-managepricingrules-display-component---newInfoPriceItem--calcBase-arrow\"]"}
COMMAND: POST /session/f2664590fead15ec17982177271525a3/element/f.00969020EDAB38E57A85DBAFB8D2C3DD.d.88572768621806C52E845CC0644513CC.e.9375/click - {}
RESULT: {}
COMMAND: GET /session/f2664590fead15ec17982177271525a3/screenshot - {}
RESULT: {}
COMMAND: POST /session/f2664590fead15ec17982177271525a3/element - {"using":"xpath","value":"//span[contains(text(), \"0006 - TB(calendar days)\")]"}
RESULT: {"using":"xpath","value":"//span[contains(text(), \"0006 - TB(calendar days)\")]"}
COMMAND: POST /session/f2664590fead15ec17982177271525a3/element/f.00969020EDAB38E57A85DBAFB8D2C3DD.d.88572768621806C52E845CC0644513CC.e.9407/click - {}
RESULT: {}
COMMAND: GET /session/f2664590fead15ec17982177271525a3/screenshot - {}
RESULT: {}
COMMAND: POST /session/f2664590fead15ec17982177271525a3/execute/async - {"script":"<script> [1562 bytes]","args":[{"selector":{"id":"application-managepricingrules-display-component---newInfoPriceItem--daysMonth","interaction":{"idSuffix":"inner"}},"wdio_ui5_key":"applicationmanagepricingrules-display-component---newInfoPriceItem--daysMonth"}]}
RESULT: {"script":"<script> [1562 bytes]","args":[{"selector":{"id":"application-managepricingrules-display-component---newInfoPriceItem--daysMonth","interaction":{"idSuffix":"inner"}},"wdio_ui5_key":"applicationmanagepricingrules-display-component---newInfoPriceItem--daysMonth"}]}
RESULT: undefined
COMMAND: POST /session/f2664590fead15ec17982177271525a3/execute/async - {"script":"<script> [776 bytes]","args":[{"enterText":"30","selector":{"id":"application-managepricingrules-display-component---newInfoPriceItem--daysMonth","interaction":{"idSuffix":"inner"}},"clearTextFirst":true,"interactionType":"ENTER_TEXT"}]}
RESULT: {"script":"<script> [776 bytes]","args":[{"enterText":"30","selector":{"id":"application-managepricingrules-display-component---newInfoPriceItem--daysMonth","interaction":{"idSuffix":"inner"}},"clearTextFirst":true,"interactionType":"ENTER_TEXT"}]}
COMMAND: POST /session/f2664590fead15ec17982177271525a3/element - {"using":"xpath","value":"//button[@data-kt=\"saveNewRuleButton\"]"}
RESULT: {"using":"xpath","value":"//button[@data-kt=\"saveNewRuleButton\"]"}
COMMAND: POST /session/f2664590fead15ec17982177271525a3/element/f.00969020EDAB38E57A85DBAFB8D2C3DD.d.88572768621806C52E845CC0644513CC.e.9395/click - {}
RESULT: {}
COMMAND: GET /session/f2664590fead15ec17982177271525a3/screenshot - {}
RESULT: {}
COMMAND: POST /session/f2664590fead15ec17982177271525a3/execute/async - {"script":"<script> [1562 bytes]","args":[{"selector":{"id":"application-managepricingrules-display-component---priceInfoItem--smartFilterBar-btnBasicSearch","interaction":{"idSuffix":"I"}},"wdio_ui5_key":"applicationmanagepricingrules-display-component---priceInfoItem--smartFilterBar-btnBasicSearch"}]}
RESULT: {"script":"<script> [1562 bytes]","args":[{"selector":{"id":"application-managepricingrules-display-component---priceInfoItem--smartFilterBar-btnBasicSearch","interaction":{"idSuffix":"I"}},"wdio_ui5_key":"applicationmanagepricingrules-display-component---priceInfoItem--smartFilterBar-btnBasicSearch"}]}
RESULT: undefined
COMMAND: POST /session/f2664590fead15ec17982177271525a3/execute/async - {"script":"<script> [776 bytes]","args":[{"enterText":"seyhTJfstQ","selector":{"id":"application-managepricingrules-display-component---priceInfoItem--smartFilterBar-btnBasicSearch","interaction":{"idSuffix":"I"}},"clearTextFirst":true,"interactionType":"ENTER_TEXT"}]}
RESULT: {"script":"<script> [776 bytes]","args":[{"enterText":"seyhTJfstQ","selector":{"id":"application-managepricingrules-display-component---priceInfoItem--smartFilterBar-btnBasicSearch","interaction":{"idSuffix":"I"}},"clearTextFirst":true,"interactionType":"ENTER_TEXT"}]}
COMMAND: POST /session/f2664590fead15ec17982177271525a3/actions - {"actions":[{"id":"action34","type":"key","parameters":{},"actions":[{"type":"keyDown","value":"î€‡"},{"type":"pause","duration":10},{"type":"keyUp","value":"î€‡"}]}]}
RESULT: {"actions":[{"id":"action34","type":"key","parameters":{},"actions":[{"type":"keyDown","value":"î€‡"},{"type":"pause","duration":10},{"type":"keyUp","value":"î€‡"}]}]}
COMMAND: GET /session/f2664590fead15ec17982177271525a3/screenshot - {}
RESULT: {}
COMMAND: POST /session/f2664590fead15ec17982177271525a3/element - {"using":"xpath","value":"//span[@id=\"application-managepricingrules-display-component---priceInfoItem--smartTable-header-inner\"]"}
RESULT: {"using":"xpath","value":"//span[@id=\"application-managepricingrules-display-component---priceInfoItem--smartTable-header-inner\"]"}
COMMAND: POST /session/f2664590fead15ec17982177271525a3/elements - {"using":"xpath","value":"//span[@id=\"application-managepricingrules-display-component---priceInfoItem--smartTable-header-inner\"]"}
RESULT: {"using":"xpath","value":"//span[@id=\"application-managepricingrules-display-component---priceInfoItem--smartTable-header-inner\"]"}
COMMAND: POST /session/f2664590fead15ec17982177271525a3/execute/sync - {"script":"<script> [56 bytes]","args":[{"element-6066-11e4-a52e-4f735466cecf":"f.00969020EDAB38E57A85DBAFB8D2C3DD.d.88572768621806C52E845CC0644513CC.e.9426","ELEMENT":"f.00969020EDAB38E57A85DBAFB8D2C3DD.d.88572768621806C52E845CC0644513CC.e.9426"}]}
RESULT: {"script":"<script> [56 bytes]","args":[{"element-6066-11e4-a52e-4f735466cecf":"f.00969020EDAB38E57A85DBAFB8D2C3DD.d.88572768621806C52E845CC0644513CC.e.9426","ELEMENT":"f.00969020EDAB38E57A85DBAFB8D2C3DD.d.88572768621806C52E845CC0644513CC.e.9426"}]}
COMMAND: POST /session/f2664590fead15ec17982177271525a3/element - {"using":"css selector","value":"#shell-header-logo"}
COMMAND: GET /session/f2664590fead15ec17982177271525a3/screenshot - {}
RESULT: {"using":"css selector","value":"#shell-header-logo"}
COMMAND: POST /session/f2664590fead15ec17982177271525a3/element/f.00969020EDAB38E57A85DBAFB8D2C3DD.d.88572768621806C52E845CC0644513CC.e.8742/click - {}
RESULT: {}
RESULT: {}
COMMAND: GET /session/f2664590fead15ec17982177271525a3/screenshot - {}
RESULT: {}
]]></system-out>
    </testcase>
    <testcase classname="chrome.135_0_7049_115.windows.Billing_Transfer_-_Intracompany_US127249" name="Should manage conditions" time="69.834">
      <system-out><![CDATA[
COMMAND: POST /session/f2664590fead15ec17982177271525a3/execute/async - {"script":"<script> [1562 bytes]","args":[{"selector":{"controlType":"sap.m.Text","properties":{"text":"Manage Conditions & Prices"},"interaction":{"idSuffix":"inner"}},"wdio_ui5_key":"sapm.Text{\"text\":\"Manage Conditions & Prices\"}"}]}
RESULT: {"script":"<script> [1562 bytes]","args":[{"selector":{"controlType":"sap.m.Text","properties":{"text":"Manage Conditions & Prices"},"interaction":{"idSuffix":"inner"}},"wdio_ui5_key":"sapm.Text{\"text\":\"Manage Conditions & Prices\"}"}]}
RESULT: undefined
COMMAND: POST /session/f2664590fead15ec17982177271525a3/element - {"using":"xpath","value":"//*[@id=\"__tile53-title\"]"}
RESULT: {"using":"xpath","value":"//*[@id=\"__tile53-title\"]"}
COMMAND: POST /session/f2664590fead15ec17982177271525a3/element/f.00969020EDAB38E57A85DBAFB8D2C3DD.d.88572768621806C52E845CC0644513CC.e.9429/click - {}
RESULT: {}
COMMAND: POST /session/f2664590fead15ec17982177271525a3/element - {"using":"xpath","value":"//button[@aria-label=\"Create\"]"}
COMMAND: GET /session/f2664590fead15ec17982177271525a3/screenshot - {}
RESULT: {"using":"xpath","value":"//button[@aria-label=\"Create\"]"}
COMMAND: POST /session/f2664590fead15ec17982177271525a3/elements - {"using":"xpath","value":"//button[@aria-label=\"Create\"]"}
RESULT: {}
RESULT: {"using":"xpath","value":"//button[@aria-label=\"Create\"]"}
COMMAND: POST /session/f2664590fead15ec17982177271525a3/elements - {"using":"xpath","value":"//button[@aria-label=\"Create\"]"}
RESULT: {"using":"xpath","value":"//button[@aria-label=\"Create\"]"}
COMMAND: POST /session/f2664590fead15ec17982177271525a3/element - {"using":"xpath","value":"//button[@aria-label=\"Create\"]"}
RESULT: {"using":"xpath","value":"//button[@aria-label=\"Create\"]"}
COMMAND: POST /session/f2664590fead15ec17982177271525a3/execute/sync - {"script":"<script> [8489 bytes]","args":[{"element-6066-11e4-a52e-4f735466cecf":"f.00969020EDAB38E57A85DBAFB8D2C3DD.d.88572768621806C52E845CC0644513CC.e.9464","ELEMENT":"f.00969020EDAB38E57A85DBAFB8D2C3DD.d.88572768621806C52E845CC0644513CC.e.9464"}]}
RESULT: {"script":"<script> [8489 bytes]","args":[{"element-6066-11e4-a52e-4f735466cecf":"f.00969020EDAB38E57A85DBAFB8D2C3DD.d.88572768621806C52E845CC0644513CC.e.9464","ELEMENT":"f.00969020EDAB38E57A85DBAFB8D2C3DD.d.88572768621806C52E845CC0644513CC.e.9464"}]}
COMMAND: GET /session/f2664590fead15ec17982177271525a3/element/f.00969020EDAB38E57A85DBAFB8D2C3DD.d.88572768621806C52E845CC0644513CC.e.9464/enabled - {}
COMMAND: GET /session/f2664590fead15ec17982177271525a3/screenshot - {}
RESULT: {}
COMMAND: POST /session/f2664590fead15ec17982177271525a3/execute/sync - {"script":"<script> [8489 bytes]","args":[{"element-6066-11e4-a52e-4f735466cecf":"f.00969020EDAB38E57A85DBAFB8D2C3DD.d.88572768621806C52E845CC0644513CC.e.9464","ELEMENT":"f.00969020EDAB38E57A85DBAFB8D2C3DD.d.88572768621806C52E845CC0644513CC.e.9464"}]}
COMMAND: GET /session/f2664590fead15ec17982177271525a3/screenshot - {}
RESULT: {}
RESULT: {"script":"<script> [8489 bytes]","args":[{"element-6066-11e4-a52e-4f735466cecf":"f.00969020EDAB38E57A85DBAFB8D2C3DD.d.88572768621806C52E845CC0644513CC.e.9464","ELEMENT":"f.00969020EDAB38E57A85DBAFB8D2C3DD.d.88572768621806C52E845CC0644513CC.e.9464"}]}
COMMAND: POST /session/f2664590fead15ec17982177271525a3/execute/sync - {"script":"<script> [5351 bytes]","args":[{"element-6066-11e4-a52e-4f735466cecf":"f.00969020EDAB38E57A85DBAFB8D2C3DD.d.88572768621806C52E845CC0644513CC.e.9464","ELEMENT":"f.00969020EDAB38E57A85DBAFB8D2C3DD.d.88572768621806C52E845CC0644513CC.e.9464"}]}
COMMAND: GET /session/f2664590fead15ec17982177271525a3/screenshot - {}
RESULT: {}
RESULT: {"script":"<script> [5351 bytes]","args":[{"element-6066-11e4-a52e-4f735466cecf":"f.00969020EDAB38E57A85DBAFB8D2C3DD.d.88572768621806C52E845CC0644513CC.e.9464","ELEMENT":"f.00969020EDAB38E57A85DBAFB8D2C3DD.d.88572768621806C52E845CC0644513CC.e.9464"}]}
COMMAND: POST /session/f2664590fead15ec17982177271525a3/element/f.00969020EDAB38E57A85DBAFB8D2C3DD.d.88572768621806C52E845CC0644513CC.e.9464/click - {}
COMMAND: GET /session/f2664590fead15ec17982177271525a3/screenshot - {}
RESULT: {}
RESULT: {}
COMMAND: GET /session/f2664590fead15ec17982177271525a3/screenshot - {}
RESULT: {}
RESULT: {}
COMMAND: POST /session/f2664590fead15ec17982177271525a3/actions - {"actions":[{"id":"action35","type":"key","parameters":{},"actions":[{"type":"keyDown","value":"î€‡"},{"type":"pause","duration":10},{"type":"keyUp","value":"î€‡"}]}]}
RESULT: {"actions":[{"id":"action35","type":"key","parameters":{},"actions":[{"type":"keyDown","value":"î€‡"},{"type":"pause","duration":10},{"type":"keyUp","value":"î€‡"}]}]}
COMMAND: GET /session/f2664590fead15ec17982177271525a3/screenshot - {}
RESULT: {}
COMMAND: POST /session/f2664590fead15ec17982177271525a3/execute/async - {"script":"<script> [1562 bytes]","args":[{"selector":{"id":"application-manageconditionprice-display-component---newCondition--condBillCond-arrow"},"wdio_ui5_key":"applicationmanageconditionprice-display-component---newCondition--condBillCond-arrow"}]}
RESULT: {"script":"<script> [1562 bytes]","args":[{"selector":{"id":"application-manageconditionprice-display-component---newCondition--condBillCond-arrow"},"wdio_ui5_key":"applicationmanageconditionprice-display-component---newCondition--condBillCond-arrow"}]}
RESULT: undefined
COMMAND: POST /session/f2664590fead15ec17982177271525a3/element - {"using":"xpath","value":"//*[@id=\"application-manageconditionprice-display-component---newCondition--condBillCond-arrow\"]"}
RESULT: {"using":"xpath","value":"//*[@id=\"application-manageconditionprice-display-component---newCondition--condBillCond-arrow\"]"}
COMMAND: POST /session/f2664590fead15ec17982177271525a3/element/f.00969020EDAB38E57A85DBAFB8D2C3DD.d.88572768621806C52E845CC0644513CC.e.9644/click - {}
RESULT: {}
COMMAND: GET /session/f2664590fead15ec17982177271525a3/screenshot - {}
RESULT: {}
COMMAND: POST /session/f2664590fead15ec17982177271525a3/element - {"using":"xpath","value":"//li[.//span[contains(text(), \"DISP - D&I special price\")]]"}
RESULT: {"using":"xpath","value":"//li[.//span[contains(text(), \"DISP - D&I special price\")]]"}
COMMAND: POST /session/f2664590fead15ec17982177271525a3/element/f.00969020EDAB38E57A85DBAFB8D2C3DD.d.88572768621806C52E845CC0644513CC.e.9647/click - {}
RESULT: {}
COMMAND: GET /session/f2664590fead15ec17982177271525a3/screenshot - {}
RESULT: {}
COMMAND: POST /session/f2664590fead15ec17982177271525a3/execute/async - {"script":"<script> [1562 bytes]","args":[{"selector":{"id":"application-manageconditionprice-display-component---newCondition--condValidTo","interaction":{"idSuffix":"inner"}},"wdio_ui5_key":"applicationmanageconditionprice-display-component---newCondition--condValidTo"}]}
RESULT: {"script":"<script> [1562 bytes]","args":[{"selector":{"id":"application-manageconditionprice-display-component---newCondition--condValidTo","interaction":{"idSuffix":"inner"}},"wdio_ui5_key":"applicationmanageconditionprice-display-component---newCondition--condValidTo"}]}
RESULT: undefined
COMMAND: POST /session/f2664590fead15ec17982177271525a3/execute/async - {"script":"<script> [776 bytes]","args":[{"enterText":"01/07/26","selector":{"id":"application-manageconditionprice-display-component---newCondition--condValidTo","interaction":{"idSuffix":"inner"}},"clearTextFirst":true,"interactionType":"ENTER_TEXT"}]}
RESULT: {"script":"<script> [776 bytes]","args":[{"enterText":"01/07/26","selector":{"id":"application-manageconditionprice-display-component---newCondition--condValidTo","interaction":{"idSuffix":"inner"}},"clearTextFirst":true,"interactionType":"ENTER_TEXT"}]}
COMMAND: POST /session/f2664590fead15ec17982177271525a3/element - {"using":"xpath","value":"//input[@id=\"application-manageconditionprice-display-component---newCondition--condRU-inner\"]"}
RESULT: {"using":"xpath","value":"//input[@id=\"application-manageconditionprice-display-component---newCondition--condRU-inner\"]"}
COMMAND: POST /session/f2664590fead15ec17982177271525a3/element/f.00969020EDAB38E57A85DBAFB8D2C3DD.d.88572768621806C52E845CC0644513CC.e.9509/clear - {}
RESULT: {}
COMMAND: POST /session/f2664590fead15ec17982177271525a3/element/f.00969020EDAB38E57A85DBAFB8D2C3DD.d.88572768621806C52E845CC0644513CC.e.9509/value - {"text":"seyhTJfstQ"}
COMMAND: GET /session/f2664590fead15ec17982177271525a3/screenshot - {}
RESULT: {"text":"seyhTJfstQ"}
COMMAND: GET /session/f2664590fead15ec17982177271525a3/screenshot - {}
RESULT: {}
RESULT: {}
COMMAND: POST /session/f2664590fead15ec17982177271525a3/actions - {"actions":[{"id":"action36","type":"key","parameters":{},"actions":[{"type":"keyDown","value":"î€‡"},{"type":"pause","duration":10},{"type":"keyUp","value":"î€‡"}]}]}
RESULT: {"actions":[{"id":"action36","type":"key","parameters":{},"actions":[{"type":"keyDown","value":"î€‡"},{"type":"pause","duration":10},{"type":"keyUp","value":"î€‡"}]}]}
COMMAND: POST /session/f2664590fead15ec17982177271525a3/execute/async - {"script":"<script> [1562 bytes]","args":[{"selector":{"id":"application-manageconditionprice-display-component---newCondition--condBaseQty","interaction":{"idSuffix":"inner"}},"wdio_ui5_key":"applicationmanageconditionprice-display-component---newCondition--condBaseQty"}]}
COMMAND: GET /session/f2664590fead15ec17982177271525a3/screenshot - {}
RESULT: {"script":"<script> [1562 bytes]","args":[{"selector":{"id":"application-manageconditionprice-display-component---newCondition--condBaseQty","interaction":{"idSuffix":"inner"}},"wdio_ui5_key":"applicationmanageconditionprice-display-component---newCondition--condBaseQty"}]}
RESULT: undefined
COMMAND: POST /session/f2664590fead15ec17982177271525a3/execute/async - {"script":"<script> [776 bytes]","args":[{"enterText":"1","selector":{"id":"application-manageconditionprice-display-component---newCondition--condBaseQty","interaction":{"idSuffix":"inner"}},"clearTextFirst":true,"interactionType":"ENTER_TEXT"}]}
RESULT: {}
RESULT: {"script":"<script> [776 bytes]","args":[{"enterText":"1","selector":{"id":"application-manageconditionprice-display-component---newCondition--condBaseQty","interaction":{"idSuffix":"inner"}},"clearTextFirst":true,"interactionType":"ENTER_TEXT"}]}
COMMAND: POST /session/f2664590fead15ec17982177271525a3/execute/async - {"script":"<script> [1562 bytes]","args":[{"selector":{"id":"application-manageconditionprice-display-component---newCondition--condValue","interaction":{"idSuffix":"inner"}},"wdio_ui5_key":"applicationmanageconditionprice-display-component---newCondition--condValue"}]}
RESULT: {"script":"<script> [1562 bytes]","args":[{"selector":{"id":"application-manageconditionprice-display-component---newCondition--condValue","interaction":{"idSuffix":"inner"}},"wdio_ui5_key":"applicationmanageconditionprice-display-component---newCondition--condValue"}]}
RESULT: undefined
COMMAND: POST /session/f2664590fead15ec17982177271525a3/execute/async - {"script":"<script> [776 bytes]","args":[{"enterText":"200","selector":{"id":"application-manageconditionprice-display-component---newCondition--condValue","interaction":{"idSuffix":"inner"}},"clearTextFirst":true,"interactionType":"ENTER_TEXT"}]}
RESULT: {"script":"<script> [776 bytes]","args":[{"enterText":"200","selector":{"id":"application-manageconditionprice-display-component---newCondition--condValue","interaction":{"idSuffix":"inner"}},"clearTextFirst":true,"interactionType":"ENTER_TEXT"}]}
COMMAND: POST /session/f2664590fead15ec17982177271525a3/execute/async - {"script":"<script> [1562 bytes]","args":[{"selector":{"id":"application-manageconditionprice-display-component---newCondition--condCurr-arrow"},"wdio_ui5_key":"applicationmanageconditionprice-display-component---newCondition--condCurr-arrow"}]}
RESULT: {"script":"<script> [1562 bytes]","args":[{"selector":{"id":"application-manageconditionprice-display-component---newCondition--condCurr-arrow"},"wdio_ui5_key":"applicationmanageconditionprice-display-component---newCondition--condCurr-arrow"}]}
RESULT: undefined
COMMAND: POST /session/f2664590fead15ec17982177271525a3/element - {"using":"xpath","value":"//*[@id=\"application-manageconditionprice-display-component---newCondition--condCurr-arrow\"]"}
RESULT: {"using":"xpath","value":"//*[@id=\"application-manageconditionprice-display-component---newCondition--condCurr-arrow\"]"}
COMMAND: POST /session/f2664590fead15ec17982177271525a3/element/f.00969020EDAB38E57A85DBAFB8D2C3DD.d.88572768621806C52E845CC0644513CC.e.9599/click - {}
RESULT: {}
COMMAND: POST /session/f2664590fead15ec17982177271525a3/element - {"using":"xpath","value":"//span[contains(text(), \"Euro\")]"}
COMMAND: GET /session/f2664590fead15ec17982177271525a3/screenshot - {}
RESULT: {"using":"xpath","value":"//span[contains(text(), \"Euro\")]"}
COMMAND: POST /session/f2664590fead15ec17982177271525a3/element/f.00969020EDAB38E57A85DBAFB8D2C3DD.d.88572768621806C52E845CC0644513CC.e.9680/click - {}
RESULT: {}
RESULT: {}
COMMAND: POST /session/f2664590fead15ec17982177271525a3/element - {"using":"xpath","value":"//button[@data-kt=\"saveButton\"]"}
COMMAND: GET /session/f2664590fead15ec17982177271525a3/screenshot - {}
RESULT: {"using":"xpath","value":"//button[@data-kt=\"saveButton\"]"}
COMMAND: POST /session/f2664590fead15ec17982177271525a3/element/f.00969020EDAB38E57A85DBAFB8D2C3DD.d.88572768621806C52E845CC0644513CC.e.9600/click - {}
RESULT: {}
RESULT: {}
COMMAND: GET /session/f2664590fead15ec17982177271525a3/screenshot - {}
RESULT: {}
COMMAND: POST /session/f2664590fead15ec17982177271525a3/execute/async - {"script":"<script> [1562 bytes]","args":[{"selector":{"id":"application-manageconditionprice-display-component---conditions--smartFilterBar-btnBasicSearch","interaction":{"idSuffix":"I"}},"wdio_ui5_key":"applicationmanageconditionprice-display-component---conditions--smartFilterBar-btnBasicSearch"}]}
RESULT: {"script":"<script> [1562 bytes]","args":[{"selector":{"id":"application-manageconditionprice-display-component---conditions--smartFilterBar-btnBasicSearch","interaction":{"idSuffix":"I"}},"wdio_ui5_key":"applicationmanageconditionprice-display-component---conditions--smartFilterBar-btnBasicSearch"}]}
RESULT: undefined
COMMAND: POST /session/f2664590fead15ec17982177271525a3/execute/async - {"script":"<script> [776 bytes]","args":[{"enterText":"seyhTJfstQ","selector":{"id":"application-manageconditionprice-display-component---conditions--smartFilterBar-btnBasicSearch","interaction":{"idSuffix":"I"}},"clearTextFirst":true,"interactionType":"ENTER_TEXT"}]}
RESULT: {"script":"<script> [776 bytes]","args":[{"enterText":"seyhTJfstQ","selector":{"id":"application-manageconditionprice-display-component---conditions--smartFilterBar-btnBasicSearch","interaction":{"idSuffix":"I"}},"clearTextFirst":true,"interactionType":"ENTER_TEXT"}]}
COMMAND: POST /session/f2664590fead15ec17982177271525a3/actions - {"actions":[{"id":"action37","type":"key","parameters":{},"actions":[{"type":"keyDown","value":"î€‡"},{"type":"pause","duration":10},{"type":"keyUp","value":"î€‡"}]}]}
RESULT: {"actions":[{"id":"action37","type":"key","parameters":{},"actions":[{"type":"keyDown","value":"î€‡"},{"type":"pause","duration":10},{"type":"keyUp","value":"î€‡"}]}]}
COMMAND: GET /session/f2664590fead15ec17982177271525a3/screenshot - {}
RESULT: {}
COMMAND: POST /session/f2664590fead15ec17982177271525a3/execute/async - {"script":"<script> [1562 bytes]","args":[{"selector":{"id":"application-manageconditionprice-display-component---conditions--smartFilterBar-filterItemControl_BASIC-BILL_TYPES-vhi"},"wdio_ui5_key":"applicationmanageconditionprice-display-component---conditions--smartFilterBar-filterItemControl_BASIC-BILL_TYPES-vhi"}]}
RESULT: {"script":"<script> [1562 bytes]","args":[{"selector":{"id":"application-manageconditionprice-display-component---conditions--smartFilterBar-filterItemControl_BASIC-BILL_TYPES-vhi"},"wdio_ui5_key":"applicationmanageconditionprice-display-component---conditions--smartFilterBar-filterItemControl_BASIC-BILL_TYPES-vhi"}]}
RESULT: undefined
COMMAND: POST /session/f2664590fead15ec17982177271525a3/element - {"using":"xpath","value":"//*[@id=\"application-manageconditionprice-display-component---conditions--smartFilterBar-filterItemControl_BASIC-BILL_TYPES-vhi\"]"}
RESULT: {"using":"xpath","value":"//*[@id=\"application-manageconditionprice-display-component---conditions--smartFilterBar-filterItemControl_BASIC-BILL_TYPES-vhi\"]"}
COMMAND: POST /session/f2664590fead15ec17982177271525a3/element/f.00969020EDAB38E57A85DBAFB8D2C3DD.d.88572768621806C52E845CC0644513CC.e.9787/click - {}
RESULT: {}
COMMAND: POST /session/f2664590fead15ec17982177271525a3/execute/async - {"script":"<script> [1562 bytes]","args":[{"selector":{"id":"application-manageconditionprice-display-component---conditions--smartFilterBar-filterItemControl_BASIC-BILL_TYPES-valueHelpDialog-smartFilterBar-btnBasicSearch","searchOpenDialogs":true,"interaction":{"idSuffix":"I"}},"wdio_ui5_key":"applicationmanageconditionprice-display-component---conditions--smartFilterBar-filterItemControl_BASIC-BILL_TYPES-valueHelpDialog-smartFilterBar-btnBasicSearch"}]}
COMMAND: GET /session/f2664590fead15ec17982177271525a3/screenshot - {}
RESULT: {"script":"<script> [1562 bytes]","args":[{"selector":{"id":"application-manageconditionprice-display-component---conditions--smartFilterBar-filterItemControl_BASIC-BILL_TYPES-valueHelpDialog-smartFilterBar-btnBasicSearch","searchOpenDialogs":true,"interaction":{"idSuffix":"I"}},"wdio_ui5_key":"applicationmanageconditionprice-display-component---conditions--smartFilterBar-filterItemControl_BASIC-BILL_TYPES-valueHelpDialog-smartFilterBar-btnBasicSearch"}]}
RESULT: undefined
COMMAND: POST /session/f2664590fead15ec17982177271525a3/execute/async - {"script":"<script> [776 bytes]","args":[{"enterText":"TB","selector":{"id":"application-manageconditionprice-display-component---conditions--smartFilterBar-filterItemControl_BASIC-BILL_TYPES-valueHelpDialog-smartFilterBar-btnBasicSearch","searchOpenDialogs":true,"interaction":{"idSuffix":"I"}},"clearTextFirst":true,"interactionType":"ENTER_TEXT"}]}
RESULT: {}
RESULT: {"script":"<script> [776 bytes]","args":[{"enterText":"TB","selector":{"id":"application-manageconditionprice-display-component---conditions--smartFilterBar-filterItemControl_BASIC-BILL_TYPES-valueHelpDialog-smartFilterBar-btnBasicSearch","searchOpenDialogs":true,"interaction":{"idSuffix":"I"}},"clearTextFirst":true,"interactionType":"ENTER_TEXT"}]}
COMMAND: POST /session/f2664590fead15ec17982177271525a3/actions - {"actions":[{"id":"action38","type":"key","parameters":{},"actions":[{"type":"keyDown","value":"î€‡"},{"type":"pause","duration":10},{"type":"keyUp","value":"î€‡"}]}]}
RESULT: {"actions":[{"id":"action38","type":"key","parameters":{},"actions":[{"type":"keyDown","value":"î€‡"},{"type":"pause","duration":10},{"type":"keyUp","value":"î€‡"}]}]}
COMMAND: GET /session/f2664590fead15ec17982177271525a3/screenshot - {}
RESULT: {}
COMMAND: POST /session/f2664590fead15ec17982177271525a3/element - {"using":"xpath","value":"//div[contains(@id, 'application-manageconditionprice-display-component---conditions--smartFilterBar-filterItemControl_BASIC-BILL_TYPES-valueHelpDialog-table-rowsel0')]"}
RESULT: {"using":"xpath","value":"//div[contains(@id, 'application-manageconditionprice-display-component---conditions--smartFilterBar-filterItemControl_BASIC-BILL_TYPES-valueHelpDialog-table-rowsel0')]"}
COMMAND: POST /session/f2664590fead15ec17982177271525a3/element/f.00969020EDAB38E57A85DBAFB8D2C3DD.d.88572768621806C52E845CC0644513CC.e.9796/click - {}
RESULT: {}
COMMAND: GET /session/f2664590fead15ec17982177271525a3/screenshot - {}
RESULT: {}
COMMAND: POST /session/f2664590fead15ec17982177271525a3/element - {"using":"xpath","value":"//bdi[contains(text(), \"OK\")]"}
RESULT: {"using":"xpath","value":"//bdi[contains(text(), \"OK\")]"}
COMMAND: POST /session/f2664590fead15ec17982177271525a3/element/f.00969020EDAB38E57A85DBAFB8D2C3DD.d.88572768621806C52E845CC0644513CC.e.9798/click - {}
RESULT: {}
COMMAND: GET /session/f2664590fead15ec17982177271525a3/screenshot - {}
RESULT: {}
COMMAND: POST /session/f2664590fead15ec17982177271525a3/element - {"using":"xpath","value":"//span[@id=\"application-manageconditionprice-display-component---conditions--smartTable-header-inner\"]"}
RESULT: {"using":"xpath","value":"//span[@id=\"application-manageconditionprice-display-component---conditions--smartTable-header-inner\"]"}
COMMAND: POST /session/f2664590fead15ec17982177271525a3/elements - {"using":"xpath","value":"//span[@id=\"application-manageconditionprice-display-component---conditions--smartTable-header-inner\"]"}
RESULT: {"using":"xpath","value":"//span[@id=\"application-manageconditionprice-display-component---conditions--smartTable-header-inner\"]"}
COMMAND: POST /session/f2664590fead15ec17982177271525a3/execute/sync - {"script":"<script> [56 bytes]","args":[{"element-6066-11e4-a52e-4f735466cecf":"f.00969020EDAB38E57A85DBAFB8D2C3DD.d.88572768621806C52E845CC0644513CC.e.9801","ELEMENT":"f.00969020EDAB38E57A85DBAFB8D2C3DD.d.88572768621806C52E845CC0644513CC.e.9801"}]}
RESULT: {"script":"<script> [56 bytes]","args":[{"element-6066-11e4-a52e-4f735466cecf":"f.00969020EDAB38E57A85DBAFB8D2C3DD.d.88572768621806C52E845CC0644513CC.e.9801","ELEMENT":"f.00969020EDAB38E57A85DBAFB8D2C3DD.d.88572768621806C52E845CC0644513CC.e.9801"}]}
COMMAND: POST /session/f2664590fead15ec17982177271525a3/element - {"using":"css selector","value":"#shell-header-logo"}
COMMAND: GET /session/f2664590fead15ec17982177271525a3/screenshot - {}
RESULT: {"using":"css selector","value":"#shell-header-logo"}
COMMAND: POST /session/f2664590fead15ec17982177271525a3/element/f.00969020EDAB38E57A85DBAFB8D2C3DD.d.88572768621806C52E845CC0644513CC.e.9431/click - {}
RESULT: {}
RESULT: {}
COMMAND: GET /session/f2664590fead15ec17982177271525a3/screenshot - {}
RESULT: {}
]]></system-out>
    </testcase>
    <testcase classname="chrome.135_0_7049_115.windows.Billing_Transfer_-_Intracompany_US127249" name="Should do a stock increase handover" time="93.075">
      <system-out><![CDATA[
COMMAND: POST /session/f2664590fead15ec17982177271525a3/execute/async - {"script":"<script> [1562 bytes]","args":[{"selector":{"controlType":"sap.m.Text","viewName":"etm.portal.ui.managehandoverstile.view.Master","properties":{"text":"Manage Handovers"},"interaction":{"idSuffix":"inner"}},"wdio_ui5_key":"etmportal.ui.managehandoverstile.view.Mastersap.m.Text{\"text\":\"Manage Handovers\"}"}]}
RESULT: {"script":"<script> [1562 bytes]","args":[{"selector":{"controlType":"sap.m.Text","viewName":"etm.portal.ui.managehandoverstile.view.Master","properties":{"text":"Manage Handovers"},"interaction":{"idSuffix":"inner"}},"wdio_ui5_key":"etmportal.ui.managehandoverstile.view.Mastersap.m.Text{\"text\":\"Manage Handovers\"}"}]}
RESULT: undefined
COMMAND: POST /session/f2664590fead15ec17982177271525a3/element - {"using":"xpath","value":"//*[@id=\"__tile131-title\"]"}
RESULT: {"using":"xpath","value":"//*[@id=\"__tile131-title\"]"}
COMMAND: POST /session/f2664590fead15ec17982177271525a3/element/f.00969020EDAB38E57A85DBAFB8D2C3DD.d.88572768621806C52E845CC0644513CC.e.9806/click - {}
RESULT: {}
COMMAND: POST /session/f2664590fead15ec17982177271525a3/element - {"using":"xpath","value":"//button[@data-kt=\"masterHOAddButton\"]"}
COMMAND: GET /session/f2664590fead15ec17982177271525a3/screenshot - {}
RESULT: {"using":"xpath","value":"//button[@data-kt=\"masterHOAddButton\"]"}
COMMAND: POST /session/f2664590fead15ec17982177271525a3/elements - {"using":"xpath","value":"//button[@data-kt=\"masterHOAddButton\"]"}
RESULT: {}
RESULT: {"using":"xpath","value":"//button[@data-kt=\"masterHOAddButton\"]"}
COMMAND: POST /session/f2664590fead15ec17982177271525a3/elements - {"using":"xpath","value":"//button[@data-kt=\"masterHOAddButton\"]"}
RESULT: {"using":"xpath","value":"//button[@data-kt=\"masterHOAddButton\"]"}
COMMAND: POST /session/f2664590fead15ec17982177271525a3/element - {"using":"xpath","value":"//button[@data-kt=\"masterHOAddButton\"]"}
RESULT: {"using":"xpath","value":"//button[@data-kt=\"masterHOAddButton\"]"}
COMMAND: POST /session/f2664590fead15ec17982177271525a3/execute/sync - {"script":"<script> [8489 bytes]","args":[{"element-6066-11e4-a52e-4f735466cecf":"f.00969020EDAB38E57A85DBAFB8D2C3DD.d.88572768621806C52E845CC0644513CC.e.9836","ELEMENT":"f.00969020EDAB38E57A85DBAFB8D2C3DD.d.88572768621806C52E845CC0644513CC.e.9836"}]}
RESULT: {"script":"<script> [8489 bytes]","args":[{"element-6066-11e4-a52e-4f735466cecf":"f.00969020EDAB38E57A85DBAFB8D2C3DD.d.88572768621806C52E845CC0644513CC.e.9836","ELEMENT":"f.00969020EDAB38E57A85DBAFB8D2C3DD.d.88572768621806C52E845CC0644513CC.e.9836"}]}
COMMAND: GET /session/f2664590fead15ec17982177271525a3/element/f.00969020EDAB38E57A85DBAFB8D2C3DD.d.88572768621806C52E845CC0644513CC.e.9836/enabled - {}
COMMAND: GET /session/f2664590fead15ec17982177271525a3/screenshot - {}
RESULT: {}
COMMAND: POST /session/f2664590fead15ec17982177271525a3/execute/sync - {"script":"<script> [8489 bytes]","args":[{"element-6066-11e4-a52e-4f735466cecf":"f.00969020EDAB38E57A85DBAFB8D2C3DD.d.88572768621806C52E845CC0644513CC.e.9836","ELEMENT":"f.00969020EDAB38E57A85DBAFB8D2C3DD.d.88572768621806C52E845CC0644513CC.e.9836"}]}
COMMAND: GET /session/f2664590fead15ec17982177271525a3/screenshot - {}
RESULT: {}
RESULT: {"script":"<script> [8489 bytes]","args":[{"element-6066-11e4-a52e-4f735466cecf":"f.00969020EDAB38E57A85DBAFB8D2C3DD.d.88572768621806C52E845CC0644513CC.e.9836","ELEMENT":"f.00969020EDAB38E57A85DBAFB8D2C3DD.d.88572768621806C52E845CC0644513CC.e.9836"}]}
COMMAND: POST /session/f2664590fead15ec17982177271525a3/execute/sync - {"script":"<script> [5351 bytes]","args":[{"element-6066-11e4-a52e-4f735466cecf":"f.00969020EDAB38E57A85DBAFB8D2C3DD.d.88572768621806C52E845CC0644513CC.e.9836","ELEMENT":"f.00969020EDAB38E57A85DBAFB8D2C3DD.d.88572768621806C52E845CC0644513CC.e.9836"}]}
RESULT: {}
RESULT: {"script":"<script> [5351 bytes]","args":[{"element-6066-11e4-a52e-4f735466cecf":"f.00969020EDAB38E57A85DBAFB8D2C3DD.d.88572768621806C52E845CC0644513CC.e.9836","ELEMENT":"f.00969020EDAB38E57A85DBAFB8D2C3DD.d.88572768621806C52E845CC0644513CC.e.9836"}]}
COMMAND: POST /session/f2664590fead15ec17982177271525a3/element/f.00969020EDAB38E57A85DBAFB8D2C3DD.d.88572768621806C52E845CC0644513CC.e.9836/click - {}
COMMAND: GET /session/f2664590fead15ec17982177271525a3/screenshot - {}
COMMAND: GET /session/f2664590fead15ec17982177271525a3/screenshot - {}
RESULT: {}
COMMAND: GET /session/f2664590fead15ec17982177271525a3/screenshot - {}
RESULT: {}
RESULT: {}
RESULT: {}
COMMAND: POST /session/f2664590fead15ec17982177271525a3/element - {"using":"xpath","value":"//span[contains(@id ,\"AddNewHO--typeSelect-arrow\")]"}
RESULT: {"using":"xpath","value":"//span[contains(@id ,\"AddNewHO--typeSelect-arrow\")]"}
COMMAND: POST /session/f2664590fead15ec17982177271525a3/element/f.00969020EDAB38E57A85DBAFB8D2C3DD.d.88572768621806C52E845CC0644513CC.e.10189/click - {}
RESULT: {}
COMMAND: GET /session/f2664590fead15ec17982177271525a3/screenshot - {}
RESULT: {}
COMMAND: POST /session/f2664590fead15ec17982177271525a3/element - {"using":"xpath","value":"(//li[contains(text(), \"stock increase yard\")])[1]"}
RESULT: {"using":"xpath","value":"(//li[contains(text(), \"stock increase yard\")])[1]"}
COMMAND: POST /session/f2664590fead15ec17982177271525a3/element/f.00969020EDAB38E57A85DBAFB8D2C3DD.d.88572768621806C52E845CC0644513CC.e.10190/click - {}
RESULT: {}
COMMAND: GET /session/f2664590fead15ec17982177271525a3/screenshot - {}
RESULT: {}
COMMAND: POST /session/f2664590fead15ec17982177271525a3/execute/async - {"script":"<script> [1562 bytes]","args":[{"selector":{"id":"application-managehandovers-display-component---AddNewHO--dueDate","interaction":{"idSuffix":"inner"}},"wdio_ui5_key":"applicationmanagehandovers-display-component---AddNewHO--dueDate"}]}
RESULT: {"script":"<script> [1562 bytes]","args":[{"selector":{"id":"application-managehandovers-display-component---AddNewHO--dueDate","interaction":{"idSuffix":"inner"}},"wdio_ui5_key":"applicationmanagehandovers-display-component---AddNewHO--dueDate"}]}
RESULT: undefined
COMMAND: POST /session/f2664590fead15ec17982177271525a3/execute/async - {"script":"<script> [6424 bytes]","args":[{"element-6066-11e4-a52e-4f735466cecf":"f.00969020EDAB38E57A85DBAFB8D2C3DD.d.88572768621806C52E845CC0644513CC.e.10192"},"setValue",["05/07/2025"]]}
RESULT: {"script":"<script> [6424 bytes]","args":[{"element-6066-11e4-a52e-4f735466cecf":"f.00969020EDAB38E57A85DBAFB8D2C3DD.d.88572768621806C52E845CC0644513CC.e.10192"},"setValue",["05/07/2025"]]}
COMMAND: POST /session/f2664590fead15ec17982177271525a3/element - {"using":"xpath","value":"//input[@id=\"generalSectionFrg--receiveYard-inner\"]"}
RESULT: {"using":"xpath","value":"//input[@id=\"generalSectionFrg--receiveYard-inner\"]"}
COMMAND: POST /session/f2664590fead15ec17982177271525a3/element/f.00969020EDAB38E57A85DBAFB8D2C3DD.d.88572768621806C52E845CC0644513CC.e.10198/clear - {}
RESULT: {}
COMMAND: POST /session/f2664590fead15ec17982177271525a3/element/f.00969020EDAB38E57A85DBAFB8D2C3DD.d.88572768621806C52E845CC0644513CC.e.10198/value - {"text":"671"}
COMMAND: GET /session/f2664590fead15ec17982177271525a3/screenshot - {}
RESULT: {"text":"671"}
COMMAND: GET /session/f2664590fead15ec17982177271525a3/screenshot - {}
RESULT: {}
RESULT: {}
COMMAND: POST /session/f2664590fead15ec17982177271525a3/element - {"using":"xpath","value":"//li[.//span[text()='671']]"}
RESULT: {"using":"xpath","value":"//li[.//span[text()='671']]"}
COMMAND: POST /session/f2664590fead15ec17982177271525a3/element/f.00969020EDAB38E57A85DBAFB8D2C3DD.d.88572768621806C52E845CC0644513CC.e.10214/click - {}
RESULT: {}
COMMAND: GET /session/f2664590fead15ec17982177271525a3/screenshot - {}
RESULT: {}
COMMAND: POST /session/f2664590fead15ec17982177271525a3/execute/async - {"script":"<script> [1562 bytes]","args":[{"selector":{"id":"application-managehandovers-display-component---AddNewHO--ObjectPageLayout-anchBar-application-managehandovers-display-component---AddNewHO--section4-anchor","interaction":{"idSuffix":"BDI-content"}},"wdio_ui5_key":"applicationmanagehandovers-display-component---AddNewHO--ObjectPageLayout-anchBar-application-managehandovers-display-component---AddNewHO--section4-anchor"}]}
RESULT: {"script":"<script> [1562 bytes]","args":[{"selector":{"id":"application-managehandovers-display-component---AddNewHO--ObjectPageLayout-anchBar-application-managehandovers-display-component---AddNewHO--section4-anchor","interaction":{"idSuffix":"BDI-content"}},"wdio_ui5_key":"applicationmanagehandovers-display-component---AddNewHO--ObjectPageLayout-anchBar-application-managehandovers-display-component---AddNewHO--section4-anchor"}]}
RESULT: undefined
COMMAND: POST /session/f2664590fead15ec17982177271525a3/element - {"using":"xpath","value":"//*[@id=\"application-managehandovers-display-component---AddNewHO--ObjectPageLayout-anchBar-application-managehandovers-display-component---AddNewHO--section4-anchor\"]"}
RESULT: {"using":"xpath","value":"//*[@id=\"application-managehandovers-display-component---AddNewHO--ObjectPageLayout-anchBar-application-managehandovers-display-component---AddNewHO--section4-anchor\"]"}
COMMAND: POST /session/f2664590fead15ec17982177271525a3/element/f.00969020EDAB38E57A85DBAFB8D2C3DD.d.88572768621806C52E845CC0644513CC.e.10216/click - {}
RESULT: {}
COMMAND: POST /session/f2664590fead15ec17982177271525a3/element - {"using":"xpath","value":"//button[@aria-label=\"Add\"]"}
COMMAND: GET /session/f2664590fead15ec17982177271525a3/screenshot - {}
RESULT: {"using":"xpath","value":"//button[@aria-label=\"Add\"]"}
COMMAND: POST /session/f2664590fead15ec17982177271525a3/element/f.00969020EDAB38E57A85DBAFB8D2C3DD.d.88572768621806C52E845CC0644513CC.e.10218/click - {}
RESULT: {}
RESULT: {}
COMMAND: GET /session/f2664590fead15ec17982177271525a3/screenshot - {}
RESULT: {}
COMMAND: POST /session/f2664590fead15ec17982177271525a3/execute/async - {"script":"<script> [1562 bytes]","args":[{"selector":{"id":"application-managehandovers-display-component---AddNewHO--smartFilterBar-btnBasicSearch","searchOpenDialogs":true,"interaction":{"idSuffix":"I"}},"wdio_ui5_key":"applicationmanagehandovers-display-component---AddNewHO--smartFilterBar-btnBasicSearch"}]}
RESULT: {"script":"<script> [1562 bytes]","args":[{"selector":{"id":"application-managehandovers-display-component---AddNewHO--smartFilterBar-btnBasicSearch","searchOpenDialogs":true,"interaction":{"idSuffix":"I"}},"wdio_ui5_key":"applicationmanagehandovers-display-component---AddNewHO--smartFilterBar-btnBasicSearch"}]}
RESULT: undefined
COMMAND: POST /session/f2664590fead15ec17982177271525a3/execute/async - {"script":"<script> [776 bytes]","args":[{"enterText":"seyhTJfstQ","selector":{"id":"application-managehandovers-display-component---AddNewHO--smartFilterBar-btnBasicSearch","searchOpenDialogs":true,"interaction":{"idSuffix":"I"}},"clearTextFirst":true,"interactionType":"ENTER_TEXT"}]}
RESULT: {"script":"<script> [776 bytes]","args":[{"enterText":"seyhTJfstQ","selector":{"id":"application-managehandovers-display-component---AddNewHO--smartFilterBar-btnBasicSearch","searchOpenDialogs":true,"interaction":{"idSuffix":"I"}},"clearTextFirst":true,"interactionType":"ENTER_TEXT"}]}
COMMAND: POST /session/f2664590fead15ec17982177271525a3/actions - {"actions":[{"id":"action39","type":"key","parameters":{},"actions":[{"type":"keyDown","value":"î€‡"},{"type":"pause","duration":10},{"type":"keyUp","value":"î€‡"}]}]}
RESULT: {"actions":[{"id":"action39","type":"key","parameters":{},"actions":[{"type":"keyDown","value":"î€‡"},{"type":"pause","duration":10},{"type":"keyUp","value":"î€‡"}]}]}
COMMAND: GET /session/f2664590fead15ec17982177271525a3/screenshot - {}
RESULT: {}
COMMAND: POST /session/f2664590fead15ec17982177271525a3/execute/async - {"script":"<script> [1562 bytes]","args":[{"selector":{"id":"application-managehandovers-display-component---AddNewHO--popup-sa","searchOpenDialogs":true,"interaction":{"idSuffix":"CbBg"}},"wdio_ui5_key":"applicationmanagehandovers-display-component---AddNewHO--popup-sa"}]}
RESULT: {"script":"<script> [1562 bytes]","args":[{"selector":{"id":"application-managehandovers-display-component---AddNewHO--popup-sa","searchOpenDialogs":true,"interaction":{"idSuffix":"CbBg"}},"wdio_ui5_key":"applicationmanagehandovers-display-component---AddNewHO--popup-sa"}]}
RESULT: undefined
COMMAND: POST /session/f2664590fead15ec17982177271525a3/element - {"using":"xpath","value":"//*[@id=\"application-managehandovers-display-component---AddNewHO--popup-sa\"]"}
RESULT: {"using":"xpath","value":"//*[@id=\"application-managehandovers-display-component---AddNewHO--popup-sa\"]"}
COMMAND: POST /session/f2664590fead15ec17982177271525a3/element/f.00969020EDAB38E57A85DBAFB8D2C3DD.d.88572768621806C52E845CC0644513CC.e.10371/click - {}
RESULT: {}
COMMAND: GET /session/f2664590fead15ec17982177271525a3/screenshot - {}
RESULT: {}
COMMAND: POST /session/f2664590fead15ec17982177271525a3/element - {"using":"xpath","value":"//bdi[contains(text(), \"Select\")]"}
RESULT: {"using":"xpath","value":"//bdi[contains(text(), \"Select\")]"}
COMMAND: POST /session/f2664590fead15ec17982177271525a3/element/f.00969020EDAB38E57A85DBAFB8D2C3DD.d.88572768621806C52E845CC0644513CC.e.10372/click - {}
RESULT: {}
COMMAND: GET /session/f2664590fead15ec17982177271525a3/screenshot - {}
RESULT: {}
COMMAND: POST /session/f2664590fead15ec17982177271525a3/element - {"using":"xpath","value":"//button[@data-kt=\"AddNewHOSaveButton\"]"}
RESULT: {"using":"xpath","value":"//button[@data-kt=\"AddNewHOSaveButton\"]"}
COMMAND: POST /session/f2664590fead15ec17982177271525a3/element/f.00969020EDAB38E57A85DBAFB8D2C3DD.d.88572768621806C52E845CC0644513CC.e.10376/click - {}
RESULT: {}
COMMAND: GET /session/f2664590fead15ec17982177271525a3/screenshot - {}
RESULT: {}
COMMAND: POST /session/f2664590fead15ec17982177271525a3/execute/async - {"script":"<script> [1562 bytes]","args":[{"selector":{"id":"receiptDatePicker","viewName":"etm.portal.ui.managehandovers.view.DetailExecuteHO","interaction":{"idSuffix":"inner"}},"wdio_ui5_key":"receiptDatePickeretmportal.ui.managehandovers.view.DetailExecuteHO"}]}
RESULT: {"script":"<script> [1562 bytes]","args":[{"selector":{"id":"receiptDatePicker","viewName":"etm.portal.ui.managehandovers.view.DetailExecuteHO","interaction":{"idSuffix":"inner"}},"wdio_ui5_key":"receiptDatePickeretmportal.ui.managehandovers.view.DetailExecuteHO"}]}
RESULT: undefined
COMMAND: POST /session/f2664590fead15ec17982177271525a3/execute/async - {"script":"<script> [6424 bytes]","args":[{"element-6066-11e4-a52e-4f735466cecf":"f.00969020EDAB38E57A85DBAFB8D2C3DD.d.88572768621806C52E845CC0644513CC.e.10410"},"setValue",["05/07/2025"]]}
RESULT: {"script":"<script> [6424 bytes]","args":[{"element-6066-11e4-a52e-4f735466cecf":"f.00969020EDAB38E57A85DBAFB8D2C3DD.d.88572768621806C52E845CC0644513CC.e.10410"},"setValue",["05/07/2025"]]}
COMMAND: POST /session/f2664590fead15ec17982177271525a3/element - {"using":"xpath","value":"//button[@data-kt=\"PickingTableConfirmAllButton\"]"}
RESULT: {"using":"xpath","value":"//button[@data-kt=\"PickingTableConfirmAllButton\"]"}
COMMAND: POST /session/f2664590fead15ec17982177271525a3/element/f.00969020EDAB38E57A85DBAFB8D2C3DD.d.88572768621806C52E845CC0644513CC.e.10426/click - {}
RESULT: {}
COMMAND: GET /session/f2664590fead15ec17982177271525a3/screenshot - {}
RESULT: {}
COMMAND: POST /session/f2664590fead15ec17982177271525a3/element - {"using":"xpath","value":"//bdi[contains(text(), \"OK\")]"}
RESULT: {"using":"xpath","value":"//bdi[contains(text(), \"OK\")]"}
COMMAND: POST /session/f2664590fead15ec17982177271525a3/element/f.00969020EDAB38E57A85DBAFB8D2C3DD.d.88572768621806C52E845CC0644513CC.e.10428/click - {}
RESULT: {}
COMMAND: GET /session/f2664590fead15ec17982177271525a3/screenshot - {}
RESULT: {}
COMMAND: POST /session/f2664590fead15ec17982177271525a3/element - {"using":"xpath","value":"(//bdi[contains(text(), \"Receive\")])[2]"}
RESULT: {"using":"xpath","value":"(//bdi[contains(text(), \"Receive\")])[2]"}
COMMAND: POST /session/f2664590fead15ec17982177271525a3/element/f.00969020EDAB38E57A85DBAFB8D2C3DD.d.88572768621806C52E845CC0644513CC.e.10430/click - {}
RESULT: {}
COMMAND: GET /session/f2664590fead15ec17982177271525a3/screenshot - {}
RESULT: {}
COMMAND: POST /session/f2664590fead15ec17982177271525a3/element - {"using":"css selector","value":"#shell-header-logo"}
RESULT: {"using":"css selector","value":"#shell-header-logo"}
COMMAND: POST /session/f2664590fead15ec17982177271525a3/element/f.00969020EDAB38E57A85DBAFB8D2C3DD.d.88572768621806C52E845CC0644513CC.e.9808/click - {}
RESULT: {}
COMMAND: GET /session/f2664590fead15ec17982177271525a3/screenshot - {}
RESULT: {}
]]></system-out>
    </testcase>
    <testcase classname="chrome.135_0_7049_115.windows.Billing_Transfer_-_Intracompany_US127249" name="Should create a new contract" time="69">
      <system-out><![CDATA[
COMMAND: POST /session/f2664590fead15ec17982177271525a3/execute/async - {"script":"<script> [1562 bytes]","args":[{"selector":{"controlType":"sap.m.Text","viewName":"etm.portal.ui.managecontractstile.view.Master","properties":{"text":"Manage Contracts"},"interaction":{"idSuffix":"inner"}},"wdio_ui5_key":"etmportal.ui.managecontractstile.view.Mastersap.m.Text{\"text\":\"Manage Contracts\"}"}]}
RESULT: {"script":"<script> [1562 bytes]","args":[{"selector":{"controlType":"sap.m.Text","viewName":"etm.portal.ui.managecontractstile.view.Master","properties":{"text":"Manage Contracts"},"interaction":{"idSuffix":"inner"}},"wdio_ui5_key":"etmportal.ui.managecontractstile.view.Mastersap.m.Text{\"text\":\"Manage Contracts\"}"}]}
RESULT: undefined
COMMAND: POST /session/f2664590fead15ec17982177271525a3/element - {"using":"xpath","value":"//*[@id=\"__tile130-title\"]"}
RESULT: {"using":"xpath","value":"//*[@id=\"__tile130-title\"]"}
COMMAND: POST /session/f2664590fead15ec17982177271525a3/element/f.00969020EDAB38E57A85DBAFB8D2C3DD.d.88572768621806C52E845CC0644513CC.e.10604/click - {}
RESULT: {}
COMMAND: GET /session/f2664590fead15ec17982177271525a3/screenshot - {}
RESULT: {}
COMMAND: POST /session/f2664590fead15ec17982177271525a3/element - {"using":"xpath","value":"//button[@data-kt=\"addButton\"]"}
RESULT: {"using":"xpath","value":"//button[@data-kt=\"addButton\"]"}
COMMAND: POST /session/f2664590fead15ec17982177271525a3/elements - {"using":"xpath","value":"//button[@data-kt=\"addButton\"]"}
RESULT: {"using":"xpath","value":"//button[@data-kt=\"addButton\"]"}
COMMAND: POST /session/f2664590fead15ec17982177271525a3/execute/sync - {"script":"<script> [8489 bytes]","args":[{"element-6066-11e4-a52e-4f735466cecf":"f.00969020EDAB38E57A85DBAFB8D2C3DD.d.88572768621806C52E845CC0644513CC.e.10676","ELEMENT":"f.00969020EDAB38E57A85DBAFB8D2C3DD.d.88572768621806C52E845CC0644513CC.e.10676"}]}
RESULT: {"script":"<script> [8489 bytes]","args":[{"element-6066-11e4-a52e-4f735466cecf":"f.00969020EDAB38E57A85DBAFB8D2C3DD.d.88572768621806C52E845CC0644513CC.e.10676","ELEMENT":"f.00969020EDAB38E57A85DBAFB8D2C3DD.d.88572768621806C52E845CC0644513CC.e.10676"}]}
COMMAND: GET /session/f2664590fead15ec17982177271525a3/element/f.00969020EDAB38E57A85DBAFB8D2C3DD.d.88572768621806C52E845CC0644513CC.e.10676/enabled - {}
COMMAND: GET /session/f2664590fead15ec17982177271525a3/screenshot - {}
RESULT: {}
COMMAND: POST /session/f2664590fead15ec17982177271525a3/execute/sync - {"script":"<script> [8489 bytes]","args":[{"element-6066-11e4-a52e-4f735466cecf":"f.00969020EDAB38E57A85DBAFB8D2C3DD.d.88572768621806C52E845CC0644513CC.e.10676","ELEMENT":"f.00969020EDAB38E57A85DBAFB8D2C3DD.d.88572768621806C52E845CC0644513CC.e.10676"}]}
COMMAND: GET /session/f2664590fead15ec17982177271525a3/screenshot - {}
RESULT: {}
RESULT: {"script":"<script> [8489 bytes]","args":[{"element-6066-11e4-a52e-4f735466cecf":"f.00969020EDAB38E57A85DBAFB8D2C3DD.d.88572768621806C52E845CC0644513CC.e.10676","ELEMENT":"f.00969020EDAB38E57A85DBAFB8D2C3DD.d.88572768621806C52E845CC0644513CC.e.10676"}]}
COMMAND: POST /session/f2664590fead15ec17982177271525a3/execute/sync - {"script":"<script> [5351 bytes]","args":[{"element-6066-11e4-a52e-4f735466cecf":"f.00969020EDAB38E57A85DBAFB8D2C3DD.d.88572768621806C52E845CC0644513CC.e.10676","ELEMENT":"f.00969020EDAB38E57A85DBAFB8D2C3DD.d.88572768621806C52E845CC0644513CC.e.10676"}]}
COMMAND: GET /session/f2664590fead15ec17982177271525a3/screenshot - {}
RESULT: {}
RESULT: {"script":"<script> [5351 bytes]","args":[{"element-6066-11e4-a52e-4f735466cecf":"f.00969020EDAB38E57A85DBAFB8D2C3DD.d.88572768621806C52E845CC0644513CC.e.10676","ELEMENT":"f.00969020EDAB38E57A85DBAFB8D2C3DD.d.88572768621806C52E845CC0644513CC.e.10676"}]}
COMMAND: GET /session/f2664590fead15ec17982177271525a3/screenshot - {}
RESULT: {}
RESULT: {}
COMMAND: POST /session/f2664590fead15ec17982177271525a3/element/f.00969020EDAB38E57A85DBAFB8D2C3DD.d.88572768621806C52E845CC0644513CC.e.10676/click - {}
RESULT: {}
COMMAND: GET /session/f2664590fead15ec17982177271525a3/screenshot - {}
COMMAND: POST /session/f2664590fead15ec17982177271525a3/execute/async - {"script":"<script> [1562 bytes]","args":[{"selector":{"id":"application-managecontracts-display-component---AddNewContract--projectDescription","interaction":{"idSuffix":"inner"}},"wdio_ui5_key":"applicationmanagecontracts-display-component---AddNewContract--projectDescription"}]}
RESULT: {}
RESULT: {"script":"<script> [1562 bytes]","args":[{"selector":{"id":"application-managecontracts-display-component---AddNewContract--projectDescription","interaction":{"idSuffix":"inner"}},"wdio_ui5_key":"applicationmanagecontracts-display-component---AddNewContract--projectDescription"}]}
RESULT: undefined
COMMAND: POST /session/f2664590fead15ec17982177271525a3/execute/async - {"script":"<script> [776 bytes]","args":[{"enterText":"Contract WDIO","selector":{"id":"application-managecontracts-display-component---AddNewContract--projectDescription","interaction":{"idSuffix":"inner"}},"clearTextFirst":true,"interactionType":"ENTER_TEXT"}]}
RESULT: {"script":"<script> [776 bytes]","args":[{"enterText":"Contract WDIO","selector":{"id":"application-managecontracts-display-component---AddNewContract--projectDescription","interaction":{"idSuffix":"inner"}},"clearTextFirst":true,"interactionType":"ENTER_TEXT"}]}
COMMAND: POST /session/f2664590fead15ec17982177271525a3/element - {"using":"xpath","value":"//input[@id=\"application-managecontracts-display-component---AddNewContract--site-inner\"]"}
RESULT: {"using":"xpath","value":"//input[@id=\"application-managecontracts-display-component---AddNewContract--site-inner\"]"}
COMMAND: POST /session/f2664590fead15ec17982177271525a3/element/f.00969020EDAB38E57A85DBAFB8D2C3DD.d.88572768621806C52E845CC0644513CC.e.10969/clear - {}
RESULT: {}
COMMAND: POST /session/f2664590fead15ec17982177271525a3/element/f.00969020EDAB38E57A85DBAFB8D2C3DD.d.88572768621806C52E845CC0644513CC.e.10969/value - {"text":"2499"}
COMMAND: GET /session/f2664590fead15ec17982177271525a3/screenshot - {}
RESULT: {"text":"2499"}
COMMAND: GET /session/f2664590fead15ec17982177271525a3/screenshot - {}
RESULT: {}
RESULT: {}
COMMAND: POST /session/f2664590fead15ec17982177271525a3/element - {"using":"xpath","value":"//li[.//span[text()='2499']]"}
RESULT: {"using":"xpath","value":"//li[.//span[text()='2499']]"}
COMMAND: POST /session/f2664590fead15ec17982177271525a3/element/f.00969020EDAB38E57A85DBAFB8D2C3DD.d.88572768621806C52E845CC0644513CC.e.10992/click - {}
RESULT: {}
COMMAND: GET /session/f2664590fead15ec17982177271525a3/screenshot - {}
RESULT: {}
COMMAND: POST /session/f2664590fead15ec17982177271525a3/element - {"using":"xpath","value":"//input[@id=\"application-managecontracts-display-component---AddNewContract--yardId-inner\"]"}
RESULT: {"using":"xpath","value":"//input[@id=\"application-managecontracts-display-component---AddNewContract--yardId-inner\"]"}
COMMAND: GET /session/f2664590fead15ec17982177271525a3/element/f.00969020EDAB38E57A85DBAFB8D2C3DD.d.88572768621806C52E845CC0644513CC.e.10970/property/value - {}
RESULT: {}
COMMAND: POST /session/f2664590fead15ec17982177271525a3/element - {"using":"xpath","value":"//input[@id=\"application-managecontracts-display-component---AddNewContract--customerSelect-inner\"]"}
COMMAND: GET /session/f2664590fead15ec17982177271525a3/screenshot - {}
RESULT: {"using":"xpath","value":"//input[@id=\"application-managecontracts-display-component---AddNewContract--customerSelect-inner\"]"}
COMMAND: POST /session/f2664590fead15ec17982177271525a3/element/f.00969020EDAB38E57A85DBAFB8D2C3DD.d.88572768621806C52E845CC0644513CC.e.10968/clear - {}
RESULT: {}
RESULT: {}
COMMAND: POST /session/f2664590fead15ec17982177271525a3/element/f.00969020EDAB38E57A85DBAFB8D2C3DD.d.88572768621806C52E845CC0644513CC.e.10968/value - {"text":"1545"}
COMMAND: GET /session/f2664590fead15ec17982177271525a3/screenshot - {}
RESULT: {"text":"1545"}
COMMAND: GET /session/f2664590fead15ec17982177271525a3/screenshot - {}
RESULT: {}
COMMAND: POST /session/f2664590fead15ec17982177271525a3/element - {"using":"xpath","value":"//li[.//span[text()='1545']]"}
RESULT: {}
RESULT: {"using":"xpath","value":"//li[.//span[text()='1545']]"}
COMMAND: POST /session/f2664590fead15ec17982177271525a3/element/f.00969020EDAB38E57A85DBAFB8D2C3DD.d.88572768621806C52E845CC0644513CC.e.10995/click - {}
RESULT: {}
COMMAND: GET /session/f2664590fead15ec17982177271525a3/screenshot - {}
RESULT: {}
COMMAND: POST /session/f2664590fead15ec17982177271525a3/element - {"using":"xpath","value":"//button[@data-kt=\"saveButton\"]"}
RESULT: {"using":"xpath","value":"//button[@data-kt=\"saveButton\"]"}
COMMAND: POST /session/f2664590fead15ec17982177271525a3/element/f.00969020EDAB38E57A85DBAFB8D2C3DD.d.88572768621806C52E845CC0644513CC.e.10983/click - {}
RESULT: {}
COMMAND: GET /session/f2664590fead15ec17982177271525a3/screenshot - {}
RESULT: {}
COMMAND: POST /session/f2664590fead15ec17982177271525a3/element - {"using":"xpath","value":"//span[contains(@id ,\"contractDetailTitleNoExpanded\")]"}
RESULT: {"using":"xpath","value":"//span[contains(@id ,\"contractDetailTitleNoExpanded\")]"}
COMMAND: POST /session/f2664590fead15ec17982177271525a3/elements - {"using":"xpath","value":"//span[contains(@id ,\"contractDetailTitleNoExpanded\")]"}
RESULT: {"using":"xpath","value":"//span[contains(@id ,\"contractDetailTitleNoExpanded\")]"}
COMMAND: POST /session/f2664590fead15ec17982177271525a3/execute/sync - {"script":"<script> [56 bytes]","args":[{"element-6066-11e4-a52e-4f735466cecf":"f.00969020EDAB38E57A85DBAFB8D2C3DD.d.88572768621806C52E845CC0644513CC.e.11068","ELEMENT":"f.00969020EDAB38E57A85DBAFB8D2C3DD.d.88572768621806C52E845CC0644513CC.e.11068"}]}
RESULT: {"script":"<script> [56 bytes]","args":[{"element-6066-11e4-a52e-4f735466cecf":"f.00969020EDAB38E57A85DBAFB8D2C3DD.d.88572768621806C52E845CC0644513CC.e.11068","ELEMENT":"f.00969020EDAB38E57A85DBAFB8D2C3DD.d.88572768621806C52E845CC0644513CC.e.11068"}]}
COMMAND: GET /session/f2664590fead15ec17982177271525a3/screenshot - {}
RESULT: {}
]]></system-out>
    </testcase>
    <testcase classname="chrome.135_0_7049_115.windows.Billing_Transfer_-_Intracompany_US127249" name="Should add equipment to the contract" time="50.606">
      <system-out><![CDATA[
COMMAND: POST /session/f2664590fead15ec17982177271525a3/element - {"using":"xpath","value":"//button[@data-kt=\"contractDetailEditBtnButton\"]"}
RESULT: {"using":"xpath","value":"//button[@data-kt=\"contractDetailEditBtnButton\"]"}
COMMAND: POST /session/f2664590fead15ec17982177271525a3/element/f.00969020EDAB38E57A85DBAFB8D2C3DD.d.88572768621806C52E845CC0644513CC.e.11070/click - {}
RESULT: {}
COMMAND: GET /session/f2664590fead15ec17982177271525a3/screenshot - {}
RESULT: {}
COMMAND: POST /session/f2664590fead15ec17982177271525a3/element - {"using":"xpath","value":"(//span[contains(text(), \"Additional Addresses\")])[2]"}
RESULT: {"using":"xpath","value":"(//span[contains(text(), \"Additional Addresses\")])[2]"}
COMMAND: POST /session/f2664590fead15ec17982177271525a3/element/f.00969020EDAB38E57A85DBAFB8D2C3DD.d.88572768621806C52E845CC0644513CC.e.11126/click - {}
RESULT: {}
COMMAND: GET /session/f2664590fead15ec17982177271525a3/screenshot - {}
RESULT: {}
COMMAND: POST /session/f2664590fead15ec17982177271525a3/element - {"using":"xpath","value":"//button[@data-kt=\"btnAddTableRowOverflowToolbarButton\"]"}
RESULT: {"using":"xpath","value":"//button[@data-kt=\"btnAddTableRowOverflowToolbarButton\"]"}
COMMAND: POST /session/f2664590fead15ec17982177271525a3/element/f.00969020EDAB38E57A85DBAFB8D2C3DD.d.88572768621806C52E845CC0644513CC.e.11128/click - {}
RESULT: {}
COMMAND: GET /session/f2664590fead15ec17982177271525a3/screenshot - {}
RESULT: {}
COMMAND: POST /session/f2664590fead15ec17982177271525a3/element - {"using":"xpath","value":"//div[(text() = 'Standard Entry' or . = 'Standard Entry')]"}
RESULT: {"using":"xpath","value":"//div[(text() = 'Standard Entry' or . = 'Standard Entry')]"}
COMMAND: POST /session/f2664590fead15ec17982177271525a3/element/f.00969020EDAB38E57A85DBAFB8D2C3DD.d.88572768621806C52E845CC0644513CC.e.11130/click - {}
RESULT: {}
COMMAND: GET /session/f2664590fead15ec17982177271525a3/screenshot - {}
RESULT: {}
COMMAND: POST /session/f2664590fead15ec17982177271525a3/element - {"using":"xpath","value":"//td[7]/div/div/input"}
RESULT: {"using":"xpath","value":"//td[7]/div/div/input"}
COMMAND: POST /session/f2664590fead15ec17982177271525a3/element/f.00969020EDAB38E57A85DBAFB8D2C3DD.d.88572768621806C52E845CC0644513CC.e.11139/clear - {}
RESULT: {}
COMMAND: POST /session/f2664590fead15ec17982177271525a3/element/f.00969020EDAB38E57A85DBAFB8D2C3DD.d.88572768621806C52E845CC0644513CC.e.11139/value - {"text":"seyhTJfstQ"}
COMMAND: GET /session/f2664590fead15ec17982177271525a3/screenshot - {}
RESULT: {"text":"seyhTJfstQ"}
COMMAND: GET /session/f2664590fead15ec17982177271525a3/screenshot - {}
RESULT: {}
RESULT: {}
COMMAND: POST /session/f2664590fead15ec17982177271525a3/actions - {"actions":[{"id":"action40","type":"key","parameters":{},"actions":[{"type":"keyDown","value":"î€‡"},{"type":"pause","duration":10},{"type":"keyUp","value":"î€‡"}]}]}
RESULT: {"actions":[{"id":"action40","type":"key","parameters":{},"actions":[{"type":"keyDown","value":"î€‡"},{"type":"pause","duration":10},{"type":"keyUp","value":"î€‡"}]}]}
COMMAND: GET /session/f2664590fead15ec17982177271525a3/screenshot - {}
RESULT: {}
COMMAND: POST /session/f2664590fead15ec17982177271525a3/execute/sync - {"script":"<script> [276 bytes]","args":["No pricing information was found"]}
RESULT: {"script":"<script> [276 bytes]","args":["No pricing information was found"]}
COMMAND: POST /session/f2664590fead15ec17982177271525a3/element - {"using":"xpath","value":"(//button[@data-kt=\"saveButton\"])[2]"}
COMMAND: GET /session/f2664590fead15ec17982177271525a3/screenshot - {}
RESULT: {"using":"xpath","value":"(//button[@data-kt=\"saveButton\"])[2]"}
COMMAND: POST /session/f2664590fead15ec17982177271525a3/element/f.00969020EDAB38E57A85DBAFB8D2C3DD.d.88572768621806C52E845CC0644513CC.e.11154/click - {}
RESULT: {}
RESULT: {}
COMMAND: GET /session/f2664590fead15ec17982177271525a3/screenshot - {}
RESULT: {}
COMMAND: POST /session/f2664590fead15ec17982177271525a3/execute/sync - {"script":"<script> [276 bytes]","args":["Some contract items are having rental validity exceeding header rental validity"]}
RESULT: {"script":"<script> [276 bytes]","args":["Some contract items are having rental validity exceeding header rental validity"]}
COMMAND: GET /session/f2664590fead15ec17982177271525a3/screenshot - {}
RESULT: {}
COMMAND: POST /session/f2664590fead15ec17982177271525a3/element - {"using":"xpath","value":"//span[contains(@id ,\"contractItemsSmartTable-header-inner\")]"}
RESULT: {"using":"xpath","value":"//span[contains(@id ,\"contractItemsSmartTable-header-inner\")]"}
COMMAND: POST /session/f2664590fead15ec17982177271525a3/elements - {"using":"xpath","value":"//span[contains(@id ,\"contractItemsSmartTable-header-inner\")]"}
RESULT: {"using":"xpath","value":"//span[contains(@id ,\"contractItemsSmartTable-header-inner\")]"}
COMMAND: POST /session/f2664590fead15ec17982177271525a3/execute/sync - {"script":"<script> [56 bytes]","args":[{"element-6066-11e4-a52e-4f735466cecf":"f.00969020EDAB38E57A85DBAFB8D2C3DD.d.88572768621806C52E845CC0644513CC.e.11161","ELEMENT":"f.00969020EDAB38E57A85DBAFB8D2C3DD.d.88572768621806C52E845CC0644513CC.e.11161"}]}
RESULT: {"script":"<script> [56 bytes]","args":[{"element-6066-11e4-a52e-4f735466cecf":"f.00969020EDAB38E57A85DBAFB8D2C3DD.d.88572768621806C52E845CC0644513CC.e.11161","ELEMENT":"f.00969020EDAB38E57A85DBAFB8D2C3DD.d.88572768621806C52E845CC0644513CC.e.11161"}]}
]]></system-out>
    </testcase>
    <testcase classname="chrome.135_0_7049_115.windows.Billing_Transfer_-_Intracompany_US127249" name="Should do a provide to site handover" time="63.11">
      <system-out><![CDATA[
COMMAND: POST /session/f2664590fead15ec17982177271525a3/element - {"using":"xpath","value":"//button[@data-kt=\"provideButton\"]"}
COMMAND: GET /session/f2664590fead15ec17982177271525a3/screenshot - {}
RESULT: {"using":"xpath","value":"//button[@data-kt=\"provideButton\"]"}
COMMAND: POST /session/f2664590fead15ec17982177271525a3/element/f.00969020EDAB38E57A85DBAFB8D2C3DD.d.88572768621806C52E845CC0644513CC.e.11162/click - {}
RESULT: {}
RESULT: {}
COMMAND: GET /session/f2664590fead15ec17982177271525a3/screenshot - {}
RESULT: undefined
COMMAND: POST /session/f2664590fead15ec17982177271525a3/execute/async - {"script":"<script> [6424 bytes]","args":[{"element-6066-11e4-a52e-4f735466cecf":"f.00969020EDAB38E57A85DBAFB8D2C3DD.d.88572768621806C52E845CC0644513CC.e.10192"},"setValue",["05/07/2025"]]}
RESULT: {}
COMMAND: POST /session/f2664590fead15ec17982177271525a3/execute/async - {"script":"<script> [1562 bytes]","args":[{"selector":{"id":"application-managehandovers-display-component---AddNewHO--dueDate","interaction":{"idSuffix":"inner"}},"wdio_ui5_key":"applicationmanagehandovers-display-component---AddNewHO--dueDate"}]}
RESULT: {"script":"<script> [1562 bytes]","args":[{"selector":{"id":"application-managehandovers-display-component---AddNewHO--dueDate","interaction":{"idSuffix":"inner"}},"wdio_ui5_key":"applicationmanagehandovers-display-component---AddNewHO--dueDate"}]}
COMMAND: POST /session/f2664590fead15ec17982177271525a3/execute/async - {"script":"<script> [6424 bytes]","args":[{"element-6066-11e4-a52e-4f735466cecf":"f.00969020EDAB38E57A85DBAFB8D2C3DD.d.88572768621806C52E845CC0644513CC.e.11227"},"setValue",["05/07/2025"]]}
RESULT: {"script":"<script> [6424 bytes]","args":[{"element-6066-11e4-a52e-4f735466cecf":"f.00969020EDAB38E57A85DBAFB8D2C3DD.d.88572768621806C52E845CC0644513CC.e.11227"},"setValue",["05/07/2025"]]}
COMMAND: POST /session/f2664590fead15ec17982177271525a3/element - {"using":"xpath","value":"//bdi[contains(text(), \"Instructions\")]"}
RESULT: {"using":"xpath","value":"//bdi[contains(text(), \"Instructions\")]"}
COMMAND: POST /session/f2664590fead15ec17982177271525a3/element/f.00969020EDAB38E57A85DBAFB8D2C3DD.d.88572768621806C52E845CC0644513CC.e.11444/click - {}
RESULT: {}
COMMAND: GET /session/f2664590fead15ec17982177271525a3/screenshot - {}
RESULT: {}
COMMAND: POST /session/f2664590fead15ec17982177271525a3/element - {"using":"xpath","value":"//button[@data-kt=\"AddNewHOProvideAddItemsButton\"]"}
RESULT: {"using":"xpath","value":"//button[@data-kt=\"AddNewHOProvideAddItemsButton\"]"}
COMMAND: POST /session/f2664590fead15ec17982177271525a3/element/f.00969020EDAB38E57A85DBAFB8D2C3DD.d.88572768621806C52E845CC0644513CC.e.11448/click - {}
RESULT: {}
COMMAND: GET /session/f2664590fead15ec17982177271525a3/screenshot - {}
RESULT: {}
RESULT: undefined
COMMAND: POST /session/f2664590fead15ec17982177271525a3/element - {"using":"xpath","value":"//*[@id=\"application-managehandovers-display-component---AddNewHO--popup-sa\"]"}
RESULT: {"using":"xpath","value":"//*[@id=\"application-managehandovers-display-component---AddNewHO--popup-sa\"]"}
COMMAND: POST /session/f2664590fead15ec17982177271525a3/element/f.00969020EDAB38E57A85DBAFB8D2C3DD.d.88572768621806C52E845CC0644513CC.e.11463/click - {}
RESULT: {}
COMMAND: GET /session/f2664590fead15ec17982177271525a3/screenshot - {}
RESULT: {}
COMMAND: POST /session/f2664590fead15ec17982177271525a3/element - {"using":"xpath","value":"//*[contains(@id ,\"BDI-content\")][contains(text(), \"Select\")]"}
RESULT: {"using":"xpath","value":"//*[contains(@id ,\"BDI-content\")][contains(text(), \"Select\")]"}
COMMAND: POST /session/f2664590fead15ec17982177271525a3/element/f.00969020EDAB38E57A85DBAFB8D2C3DD.d.88572768621806C52E845CC0644513CC.e.11465/click - {}
RESULT: {}
COMMAND: GET /session/f2664590fead15ec17982177271525a3/screenshot - {}
RESULT: {}
COMMAND: POST /session/f2664590fead15ec17982177271525a3/execute/async - {"script":"<script> [1562 bytes]","args":[{"selector":{"id":"application-managehandovers-display-component---AddNewHO--confirmCreationButton","interaction":{"idSuffix":"BDI-content"}},"wdio_ui5_key":"applicationmanagehandovers-display-component---AddNewHO--confirmCreationButton"}]}
RESULT: {"script":"<script> [1562 bytes]","args":[{"selector":{"id":"application-managehandovers-display-component---AddNewHO--confirmCreationButton","interaction":{"idSuffix":"BDI-content"}},"wdio_ui5_key":"applicationmanagehandovers-display-component---AddNewHO--confirmCreationButton"}]}
RESULT: undefined
COMMAND: POST /session/f2664590fead15ec17982177271525a3/element - {"using":"xpath","value":"//*[@id=\"application-managehandovers-display-component---AddNewHO--confirmCreationButton\"]"}
RESULT: {"using":"xpath","value":"//*[@id=\"application-managehandovers-display-component---AddNewHO--confirmCreationButton\"]"}
COMMAND: POST /session/f2664590fead15ec17982177271525a3/element/f.00969020EDAB38E57A85DBAFB8D2C3DD.d.88572768621806C52E845CC0644513CC.e.11251/click - {}
RESULT: {}
COMMAND: GET /session/f2664590fead15ec17982177271525a3/screenshot - {}
RESULT: {}
COMMAND: POST /session/f2664590fead15ec17982177271525a3/element - {"using":"xpath","value":"//button[@data-kt=\"PickingTableConfirmAllButton\"]"}
RESULT: {"using":"xpath","value":"//button[@data-kt=\"PickingTableConfirmAllButton\"]"}
COMMAND: POST /session/f2664590fead15ec17982177271525a3/elements - {"using":"xpath","value":"//button[@data-kt=\"PickingTableConfirmAllButton\"]"}
RESULT: {"using":"xpath","value":"//button[@data-kt=\"PickingTableConfirmAllButton\"]"}
COMMAND: POST /session/f2664590fead15ec17982177271525a3/elements - {"using":"xpath","value":"//button[@data-kt=\"PickingTableConfirmAllButton\"]"}
RESULT: {"using":"xpath","value":"//button[@data-kt=\"PickingTableConfirmAllButton\"]"}
COMMAND: POST /session/f2664590fead15ec17982177271525a3/elements - {"using":"xpath","value":"//button[@data-kt=\"PickingTableConfirmAllButton\"]"}
RESULT: {"using":"xpath","value":"//button[@data-kt=\"PickingTableConfirmAllButton\"]"}
COMMAND: POST /session/f2664590fead15ec17982177271525a3/element - {"using":"xpath","value":"//button[@data-kt=\"PickingTableConfirmAllButton\"]"}
RESULT: {"using":"xpath","value":"//button[@data-kt=\"PickingTableConfirmAllButton\"]"}
COMMAND: POST /session/f2664590fead15ec17982177271525a3/element/f.00969020EDAB38E57A85DBAFB8D2C3DD.d.88572768621806C52E845CC0644513CC.e.11503/click - {}
COMMAND: POST /session/f2664590fead15ec17982177271525a3/element - {"using":"xpath","value":"//button[@data-kt=\"PickingTableConfirmAllButton\"]"}
RESULT: {"using":"xpath","value":"//button[@data-kt=\"PickingTableConfirmAllButton\"]"}
COMMAND: POST /session/f2664590fead15ec17982177271525a3/element/f.00969020EDAB38E57A85DBAFB8D2C3DD.d.88572768621806C52E845CC0644513CC.e.11503/click - {}
COMMAND: POST /session/f2664590fead15ec17982177271525a3/element - {"using":"xpath","value":"//button[@data-kt=\"PickingTableConfirmAllButton\"]"}
RESULT: {"using":"xpath","value":"//button[@data-kt=\"PickingTableConfirmAllButton\"]"}
COMMAND: POST /session/f2664590fead15ec17982177271525a3/element/f.00969020EDAB38E57A85DBAFB8D2C3DD.d.88572768621806C52E845CC0644513CC.e.11525/click - {}
RESULT: {}
COMMAND: GET /session/f2664590fead15ec17982177271525a3/screenshot - {}
RESULT: {}
COMMAND: POST /session/f2664590fead15ec17982177271525a3/element - {"using":"xpath","value":"//bdi[contains(text(), \"OK\")]"}
RESULT: {"using":"xpath","value":"//bdi[contains(text(), \"OK\")]"}
COMMAND: POST /session/f2664590fead15ec17982177271525a3/element/f.00969020EDAB38E57A85DBAFB8D2C3DD.d.88572768621806C52E845CC0644513CC.e.11528/click - {}
RESULT: {}
COMMAND: GET /session/f2664590fead15ec17982177271525a3/screenshot - {}
RESULT: {}
COMMAND: POST /session/f2664590fead15ec17982177271525a3/element - {"using":"xpath","value":"//bdi[contains(text(), \"Issue\")]"}
RESULT: {"using":"xpath","value":"//bdi[contains(text(), \"Issue\")]"}
COMMAND: POST /session/f2664590fead15ec17982177271525a3/element/f.00969020EDAB38E57A85DBAFB8D2C3DD.d.88572768621806C52E845CC0644513CC.e.11529/click - {}
RESULT: {}
COMMAND: GET /session/f2664590fead15ec17982177271525a3/screenshot - {}
RESULT: {}
COMMAND: POST /session/f2664590fead15ec17982177271525a3/element - {"using":"css selector","value":"#shell-header-logo"}
RESULT: {"using":"css selector","value":"#shell-header-logo"}
COMMAND: POST /session/f2664590fead15ec17982177271525a3/element/f.00969020EDAB38E57A85DBAFB8D2C3DD.d.88572768621806C52E845CC0644513CC.e.10607/click - {}
RESULT: {}
COMMAND: GET /session/f2664590fead15ec17982177271525a3/screenshot - {}
RESULT: {}
]]></system-out>
    </testcase>
    <testcase classname="chrome.135_0_7049_115.windows.Billing_Transfer_-_Intracompany_US127249" name="Should go navigate to Manage Billings and trigger contract calculation check result" time="64.098">
      <system-out><![CDATA[
COMMAND: POST /session/f2664590fead15ec17982177271525a3/execute/async - {"script":"<script> [1562 bytes]","args":[{"selector":{"controlType":"sap.m.GenericTile","properties":{"header":"Manage Billings"}},"wdio_ui5_key":"sapm.GenericTile{\"header\":\"Manage Billings\"}"}]}
RESULT: {"script":"<script> [1562 bytes]","args":[{"selector":{"controlType":"sap.m.GenericTile","properties":{"header":"Manage Billings"}},"wdio_ui5_key":"sapm.GenericTile{\"header\":\"Manage Billings\"}"}]}
RESULT: undefined
COMMAND: POST /session/f2664590fead15ec17982177271525a3/element - {"using":"xpath","value":"//*[@id=\"__tile51\"]"}
RESULT: {"using":"xpath","value":"//*[@id=\"__tile51\"]"}
COMMAND: POST /session/f2664590fead15ec17982177271525a3/element/f.00969020EDAB38E57A85DBAFB8D2C3DD.d.88572768621806C52E845CC0644513CC.e.6452/click - {}
RESULT: {}
COMMAND: GET /session/f2664590fead15ec17982177271525a3/screenshot - {}
COMMAND: POST /session/f2664590fead15ec17982177271525a3/execute/async - {"script":"<script> [1562 bytes]","args":[{"selector":{"id":"application-managebillings-display-component---billRunCalcResult--smartFilterBar-btnBasicSearch","interaction":{"idSuffix":"I"}},"wdio_ui5_key":"applicationmanagebillings-display-component---billRunCalcResult--smartFilterBar-btnBasicSearch"}]}
RESULT: {}
RESULT: {"script":"<script> [1562 bytes]","args":[{"selector":{"id":"application-managebillings-display-component---billRunCalcResult--smartFilterBar-btnBasicSearch","interaction":{"idSuffix":"I"}},"wdio_ui5_key":"applicationmanagebillings-display-component---billRunCalcResult--smartFilterBar-btnBasicSearch"}]}
RESULT: undefined
COMMAND: POST /session/f2664590fead15ec17982177271525a3/execute/async - {"script":"<script> [776 bytes]","args":[{"enterText":"10619","selector":{"id":"application-managebillings-display-component---billRunCalcResult--smartFilterBar-btnBasicSearch","interaction":{"idSuffix":"I"}},"clearTextFirst":true,"interactionType":"ENTER_TEXT"}]}
RESULT: {"script":"<script> [776 bytes]","args":[{"enterText":"10619","selector":{"id":"application-managebillings-display-component---billRunCalcResult--smartFilterBar-btnBasicSearch","interaction":{"idSuffix":"I"}},"clearTextFirst":true,"interactionType":"ENTER_TEXT"}]}
COMMAND: POST /session/f2664590fead15ec17982177271525a3/actions - {"actions":[{"id":"action41","type":"key","parameters":{},"actions":[{"type":"keyDown","value":"î€‡"},{"type":"pause","duration":10},{"type":"keyUp","value":"î€‡"}]}]}
RESULT: {"actions":[{"id":"action41","type":"key","parameters":{},"actions":[{"type":"keyDown","value":"î€‡"},{"type":"pause","duration":10},{"type":"keyUp","value":"î€‡"}]}]}
COMMAND: GET /session/f2664590fead15ec17982177271525a3/screenshot - {}
RESULT: {}
COMMAND: POST /session/f2664590fead15ec17982177271525a3/element - {"using":"xpath","value":"//td[@aria-colindex=\"1\"]/div/div[contains(@class, \"sapMCbBg\")]"}
RESULT: {"using":"xpath","value":"//td[@aria-colindex=\"1\"]/div/div[contains(@class, \"sapMCbBg\")]"}
COMMAND: POST /session/f2664590fead15ec17982177271525a3/element/f.00969020EDAB38E57A85DBAFB8D2C3DD.d.88572768621806C52E845CC0644513CC.e.11917/click - {}
RESULT: {}
COMMAND: GET /session/f2664590fead15ec17982177271525a3/screenshot - {}
RESULT: {}
COMMAND: POST /session/f2664590fead15ec17982177271525a3/execute/async - {"script":"<script> [1562 bytes]","args":[{"selector":{"id":"application-managebillings-display-component---billRunCalcResult--contractBillRunDate","interaction":{"idSuffix":"inner"}},"wdio_ui5_key":"applicationmanagebillings-display-component---billRunCalcResult--contractBillRunDate"}]}
RESULT: {"script":"<script> [1562 bytes]","args":[{"selector":{"id":"application-managebillings-display-component---billRunCalcResult--contractBillRunDate","interaction":{"idSuffix":"inner"}},"wdio_ui5_key":"applicationmanagebillings-display-component---billRunCalcResult--contractBillRunDate"}]}
RESULT: undefined
COMMAND: POST /session/f2664590fead15ec17982177271525a3/execute/async - {"script":"<script> [776 bytes]","args":[{"enterText":"05/07/25","selector":{"id":"application-managebillings-display-component---billRunCalcResult--contractBillRunDate","interaction":{"idSuffix":"inner"}},"clearTextFirst":true,"interactionType":"ENTER_TEXT"}]}
RESULT: {"script":"<script> [776 bytes]","args":[{"enterText":"05/07/25","selector":{"id":"application-managebillings-display-component---billRunCalcResult--contractBillRunDate","interaction":{"idSuffix":"inner"}},"clearTextFirst":true,"interactionType":"ENTER_TEXT"}]}
COMMAND: POST /session/f2664590fead15ec17982177271525a3/element - {"using":"xpath","value":"//bdi[contains(text(), \"Trigger Calculation\")]"}
RESULT: {"using":"xpath","value":"//bdi[contains(text(), \"Trigger Calculation\")]"}
COMMAND: POST /session/f2664590fead15ec17982177271525a3/element/f.00969020EDAB38E57A85DBAFB8D2C3DD.d.88572768621806C52E845CC0644513CC.e.11970/click - {}
RESULT: {}
COMMAND: GET /session/f2664590fead15ec17982177271525a3/screenshot - {}
RESULT: {}
COMMAND: POST /session/f2664590fead15ec17982177271525a3/element - {"using":"xpath","value":"(//span[contains(@id, \"imgNav\")])[1]"}
RESULT: {"using":"xpath","value":"(//span[contains(@id, \"imgNav\")])[1]"}
COMMAND: POST /session/f2664590fead15ec17982177271525a3/element/f.00969020EDAB38E57A85DBAFB8D2C3DD.d.88572768621806C52E845CC0644513CC.e.11918/click - {}
RESULT: {}
COMMAND: GET /session/f2664590fead15ec17982177271525a3/screenshot - {}
RESULT: {}
COMMAND: POST /session/f2664590fead15ec17982177271525a3/element - {"using":"xpath","value":"//tr/td[6]/div[1]/span[1]/span[1]"}
RESULT: {"using":"xpath","value":"//tr/td[6]/div[1]/span[1]/span[1]"}
COMMAND: GET /session/f2664590fead15ec17982177271525a3/element/f.00969020EDAB38E57A85DBAFB8D2C3DD.d.88572768621806C52E845CC0644513CC.e.11975/text - {}
RESULT: {}
COMMAND: POST /session/f2664590fead15ec17982177271525a3/element - {"using":"xpath","value":"(//span[contains(@id, \"imgNav\")])[2]"}
RESULT: {"using":"xpath","value":"(//span[contains(@id, \"imgNav\")])[2]"}
COMMAND: POST /session/f2664590fead15ec17982177271525a3/element/f.00969020EDAB38E57A85DBAFB8D2C3DD.d.88572768621806C52E845CC0644513CC.e.11976/click - {}
RESULT: {}
COMMAND: POST /session/f2664590fead15ec17982177271525a3/element - {"using":"xpath","value":"//bdi[contains(text(), \"Business Confirm\")]"}
COMMAND: GET /session/f2664590fead15ec17982177271525a3/screenshot - {}
RESULT: {"using":"xpath","value":"//bdi[contains(text(), \"Business Confirm\")]"}
COMMAND: POST /session/f2664590fead15ec17982177271525a3/elements - {"using":"xpath","value":"//bdi[contains(text(), \"Business Confirm\")]"}
RESULT: {}
RESULT: {"using":"xpath","value":"//bdi[contains(text(), \"Business Confirm\")]"}
COMMAND: POST /session/f2664590fead15ec17982177271525a3/element - {"using":"xpath","value":"//bdi[contains(text(), \"Business Confirm\")]"}
RESULT: {"using":"xpath","value":"//bdi[contains(text(), \"Business Confirm\")]"}
COMMAND: POST /session/f2664590fead15ec17982177271525a3/element/f.00969020EDAB38E57A85DBAFB8D2C3DD.d.88572768621806C52E845CC0644513CC.e.11979/click - {}
COMMAND: POST /session/f2664590fead15ec17982177271525a3/element - {"using":"xpath","value":"//bdi[contains(text(), \"Business Confirm\")]"}
RESULT: {"using":"xpath","value":"//bdi[contains(text(), \"Business Confirm\")]"}
COMMAND: POST /session/f2664590fead15ec17982177271525a3/element/f.00969020EDAB38E57A85DBAFB8D2C3DD.d.88572768621806C52E845CC0644513CC.e.11979/click - {}
COMMAND: POST /session/f2664590fead15ec17982177271525a3/element - {"using":"xpath","value":"//bdi[contains(text(), \"Business Confirm\")]"}
RESULT: {"using":"xpath","value":"//bdi[contains(text(), \"Business Confirm\")]"}
COMMAND: POST /session/f2664590fead15ec17982177271525a3/element/f.00969020EDAB38E57A85DBAFB8D2C3DD.d.88572768621806C52E845CC0644513CC.e.12031/click - {}
RESULT: {}
COMMAND: POST /session/f2664590fead15ec17982177271525a3/element - {"using":"css selector","value":"#shell-header-logo"}
COMMAND: GET /session/f2664590fead15ec17982177271525a3/screenshot - {}
RESULT: {"using":"css selector","value":"#shell-header-logo"}
COMMAND: POST /session/f2664590fead15ec17982177271525a3/element/f.00969020EDAB38E57A85DBAFB8D2C3DD.d.88572768621806C52E845CC0644513CC.e.11707/click - {}
RESULT: {}
RESULT: {}
COMMAND: GET /session/f2664590fead15ec17982177271525a3/screenshot - {}
RESULT: {}
]]></system-out>
    </testcase>
    <testcase classname="chrome.135_0_7049_115.windows.Billing_Transfer_-_Intracompany_US127249" name="Should navigate to billing transfer and invoice the contract" time="77.729">
      <system-out><![CDATA[
COMMAND: POST /session/f2664590fead15ec17982177271525a3/execute/async - {"script":"<script> [1562 bytes]","args":[{"selector":{"controlType":"sap.m.GenericTile","properties":{"header":"Billing Transfer"}},"wdio_ui5_key":"sapm.GenericTile{\"header\":\"Billing Transfer\"}"}]}
RESULT: {"script":"<script> [1562 bytes]","args":[{"selector":{"controlType":"sap.m.GenericTile","properties":{"header":"Billing Transfer"}},"wdio_ui5_key":"sapm.GenericTile{\"header\":\"Billing Transfer\"}"}]}
RESULT: undefined
COMMAND: POST /session/f2664590fead15ec17982177271525a3/element - {"using":"xpath","value":"//*[@id=\"__tile50\"]"}
RESULT: {"using":"xpath","value":"//*[@id=\"__tile50\"]"}
COMMAND: POST /session/f2664590fead15ec17982177271525a3/element/f.00969020EDAB38E57A85DBAFB8D2C3DD.d.88572768621806C52E845CC0644513CC.e.6450/click - {}
RESULT: {}
COMMAND: POST /session/f2664590fead15ec17982177271525a3/element - {"using":"xpath","value":"//input[contains(@id ,\"application-billingtransfer-display-component---billingWorkbench--smartFilterBar-btnBasicSearch\")]"}
COMMAND: GET /session/f2664590fead15ec17982177271525a3/screenshot - {}
RESULT: {"using":"xpath","value":"//input[contains(@id ,\"application-billingtransfer-display-component---billingWorkbench--smartFilterBar-btnBasicSearch\")]"}
COMMAND: POST /session/f2664590fead15ec17982177271525a3/elements - {"using":"xpath","value":"//input[contains(@id ,\"application-billingtransfer-display-component---billingWorkbench--smartFilterBar-btnBasicSearch\")]"}
RESULT: {}
RESULT: {"using":"xpath","value":"//input[contains(@id ,\"application-billingtransfer-display-component---billingWorkbench--smartFilterBar-btnBasicSearch\")]"}
COMMAND: POST /session/f2664590fead15ec17982177271525a3/elements - {"using":"xpath","value":"//input[contains(@id ,\"application-billingtransfer-display-component---billingWorkbench--smartFilterBar-btnBasicSearch\")]"}
RESULT: {"using":"xpath","value":"//input[contains(@id ,\"application-billingtransfer-display-component---billingWorkbench--smartFilterBar-btnBasicSearch\")]"}
COMMAND: POST /session/f2664590fead15ec17982177271525a3/element - {"using":"xpath","value":"//input[contains(@id ,\"application-billingtransfer-display-component---billingWorkbench--smartFilterBar-btnBasicSearch\")]"}
RESULT: {"using":"xpath","value":"//input[contains(@id ,\"application-billingtransfer-display-component---billingWorkbench--smartFilterBar-btnBasicSearch\")]"}
COMMAND: POST /session/f2664590fead15ec17982177271525a3/execute/sync - {"script":"<script> [8489 bytes]","args":[{"element-6066-11e4-a52e-4f735466cecf":"f.00969020EDAB38E57A85DBAFB8D2C3DD.d.88572768621806C52E845CC0644513CC.e.12059","ELEMENT":"f.00969020EDAB38E57A85DBAFB8D2C3DD.d.88572768621806C52E845CC0644513CC.e.12059"}]}
RESULT: {"script":"<script> [8489 bytes]","args":[{"element-6066-11e4-a52e-4f735466cecf":"f.00969020EDAB38E57A85DBAFB8D2C3DD.d.88572768621806C52E845CC0644513CC.e.12059","ELEMENT":"f.00969020EDAB38E57A85DBAFB8D2C3DD.d.88572768621806C52E845CC0644513CC.e.12059"}]}
COMMAND: GET /session/f2664590fead15ec17982177271525a3/element/f.00969020EDAB38E57A85DBAFB8D2C3DD.d.88572768621806C52E845CC0644513CC.e.12059/enabled - {}
COMMAND: GET /session/f2664590fead15ec17982177271525a3/screenshot - {}
RESULT: {}
COMMAND: POST /session/f2664590fead15ec17982177271525a3/element/f.00969020EDAB38E57A85DBAFB8D2C3DD.d.88572768621806C52E845CC0644513CC.e.12059/click - {}
COMMAND: GET /session/f2664590fead15ec17982177271525a3/screenshot - {}
RESULT: {}
RESULT: {}
COMMAND: GET /session/f2664590fead15ec17982177271525a3/screenshot - {}
RESULT: {}
RESULT: {}
COMMAND: POST /session/f2664590fead15ec17982177271525a3/element/f.00969020EDAB38E57A85DBAFB8D2C3DD.d.88572768621806C52E845CC0644513CC.e.12059/clear - {}
RESULT: {}
COMMAND: POST /session/f2664590fead15ec17982177271525a3/element/f.00969020EDAB38E57A85DBAFB8D2C3DD.d.88572768621806C52E845CC0644513CC.e.12059/value - {"text":"10619"}
COMMAND: GET /session/f2664590fead15ec17982177271525a3/screenshot - {}
RESULT: {"text":"10619"}
COMMAND: POST /session/f2664590fead15ec17982177271525a3/actions - {"actions":[{"id":"action42","type":"key","parameters":{},"actions":[{"type":"keyDown","value":"î€‡"},{"type":"pause","duration":10},{"type":"keyUp","value":"î€‡"}]}]}
COMMAND: GET /session/f2664590fead15ec17982177271525a3/screenshot - {}
RESULT: {}
RESULT: {"actions":[{"id":"action42","type":"key","parameters":{},"actions":[{"type":"keyDown","value":"î€‡"},{"type":"pause","duration":10},{"type":"keyUp","value":"î€‡"}]}]}
COMMAND: GET /session/f2664590fead15ec17982177271525a3/screenshot - {}
RESULT: {}
RESULT: {}
COMMAND: POST /session/f2664590fead15ec17982177271525a3/element - {"using":"xpath","value":"//span[contains(@id ,\"application-billingtransfer-display-component---billingWorkbench--smartTableBillingRuns-header-inner\")]"}
RESULT: {"using":"xpath","value":"//span[contains(@id ,\"application-billingtransfer-display-component---billingWorkbench--smartTableBillingRuns-header-inner\")]"}
COMMAND: POST /session/f2664590fead15ec17982177271525a3/elements - {"using":"xpath","value":"//span[contains(@id ,\"application-billingtransfer-display-component---billingWorkbench--smartTableBillingRuns-header-inner\")]"}
RESULT: {"using":"xpath","value":"//span[contains(@id ,\"application-billingtransfer-display-component---billingWorkbench--smartTableBillingRuns-header-inner\")]"}
COMMAND: POST /session/f2664590fead15ec17982177271525a3/execute/sync - {"script":"<script> [56 bytes]","args":[{"element-6066-11e4-a52e-4f735466cecf":"f.00969020EDAB38E57A85DBAFB8D2C3DD.d.88572768621806C52E845CC0644513CC.e.12228","ELEMENT":"f.00969020EDAB38E57A85DBAFB8D2C3DD.d.88572768621806C52E845CC0644513CC.e.12228"}]}
RESULT: {"script":"<script> [56 bytes]","args":[{"element-6066-11e4-a52e-4f735466cecf":"f.00969020EDAB38E57A85DBAFB8D2C3DD.d.88572768621806C52E845CC0644513CC.e.12228","ELEMENT":"f.00969020EDAB38E57A85DBAFB8D2C3DD.d.88572768621806C52E845CC0644513CC.e.12228"}]}
COMMAND: POST /session/f2664590fead15ec17982177271525a3/element - {"using":"xpath","value":"//td[@aria-colindex=\"1\"]/div/div[contains(@class, \"sapMCbBg\")]"}
COMMAND: GET /session/f2664590fead15ec17982177271525a3/screenshot - {}
RESULT: {"using":"xpath","value":"//td[@aria-colindex=\"1\"]/div/div[contains(@class, \"sapMCbBg\")]"}
COMMAND: POST /session/f2664590fead15ec17982177271525a3/element/f.00969020EDAB38E57A85DBAFB8D2C3DD.d.88572768621806C52E845CC0644513CC.e.12220/click - {}
RESULT: {}
RESULT: {}
COMMAND: GET /session/f2664590fead15ec17982177271525a3/screenshot - {}
RESULT: {}
COMMAND: POST /session/f2664590fead15ec17982177271525a3/element - {"using":"xpath","value":"//bdi[contains(text(), \"Check\")]"}
RESULT: {"using":"xpath","value":"//bdi[contains(text(), \"Check\")]"}
COMMAND: POST /session/f2664590fead15ec17982177271525a3/element/f.00969020EDAB38E57A85DBAFB8D2C3DD.d.88572768621806C52E845CC0644513CC.e.12229/click - {}
RESULT: {}
COMMAND: GET /session/f2664590fead15ec17982177271525a3/screenshot - {}
RESULT: {}
COMMAND: POST /session/f2664590fead15ec17982177271525a3/element - {"using":"xpath","value":"//bdi[contains(text(), \"OK\")]"}
RESULT: {"using":"xpath","value":"//bdi[contains(text(), \"OK\")]"}
COMMAND: POST /session/f2664590fead15ec17982177271525a3/element/f.00969020EDAB38E57A85DBAFB8D2C3DD.d.88572768621806C52E845CC0644513CC.e.12232/click - {}
RESULT: {}
COMMAND: GET /session/f2664590fead15ec17982177271525a3/screenshot - {}
RESULT: {}
COMMAND: POST /session/f2664590fead15ec17982177271525a3/element - {"using":"xpath","value":"(//span[contains(text(), \"CO/SD checked\")]/parent::div/preceding-sibling::div/span)[1]"}
RESULT: {"using":"xpath","value":"(//span[contains(text(), \"CO/SD checked\")]/parent::div/preceding-sibling::div/span)[1]"}
COMMAND: POST /session/f2664590fead15ec17982177271525a3/element/f.00969020EDAB38E57A85DBAFB8D2C3DD.d.88572768621806C52E845CC0644513CC.e.12233/click - {}
RESULT: {}
COMMAND: GET /session/f2664590fead15ec17982177271525a3/screenshot - {}
RESULT: {}
COMMAND: POST /session/f2664590fead15ec17982177271525a3/element - {"using":"xpath","value":"//input[contains(@id ,\"application-billingtransfer-display-component---billingWorkbench--smartFilterBar-btnBasicSearch\")]"}
RESULT: {"using":"xpath","value":"//input[contains(@id ,\"application-billingtransfer-display-component---billingWorkbench--smartFilterBar-btnBasicSearch\")]"}
COMMAND: POST /session/f2664590fead15ec17982177271525a3/elements - {"using":"xpath","value":"//input[contains(@id ,\"application-billingtransfer-display-component---billingWorkbench--smartFilterBar-btnBasicSearch\")]"}
RESULT: {"using":"xpath","value":"//input[contains(@id ,\"application-billingtransfer-display-component---billingWorkbench--smartFilterBar-btnBasicSearch\")]"}
COMMAND: POST /session/f2664590fead15ec17982177271525a3/execute/sync - {"script":"<script> [8489 bytes]","args":[{"element-6066-11e4-a52e-4f735466cecf":"f.00969020EDAB38E57A85DBAFB8D2C3DD.d.88572768621806C52E845CC0644513CC.e.12059","ELEMENT":"f.00969020EDAB38E57A85DBAFB8D2C3DD.d.88572768621806C52E845CC0644513CC.e.12059"}]}
RESULT: {"script":"<script> [8489 bytes]","args":[{"element-6066-11e4-a52e-4f735466cecf":"f.00969020EDAB38E57A85DBAFB8D2C3DD.d.88572768621806C52E845CC0644513CC.e.12059","ELEMENT":"f.00969020EDAB38E57A85DBAFB8D2C3DD.d.88572768621806C52E845CC0644513CC.e.12059"}]}
COMMAND: GET /session/f2664590fead15ec17982177271525a3/element/f.00969020EDAB38E57A85DBAFB8D2C3DD.d.88572768621806C52E845CC0644513CC.e.12059/enabled - {}
COMMAND: GET /session/f2664590fead15ec17982177271525a3/screenshot - {}
RESULT: {}
COMMAND: POST /session/f2664590fead15ec17982177271525a3/element/f.00969020EDAB38E57A85DBAFB8D2C3DD.d.88572768621806C52E845CC0644513CC.e.12059/click - {}
COMMAND: GET /session/f2664590fead15ec17982177271525a3/screenshot - {}
RESULT: {}
RESULT: {}
COMMAND: GET /session/f2664590fead15ec17982177271525a3/screenshot - {}
RESULT: {}
RESULT: {}
COMMAND: POST /session/f2664590fead15ec17982177271525a3/element/f.00969020EDAB38E57A85DBAFB8D2C3DD.d.88572768621806C52E845CC0644513CC.e.12059/clear - {}
RESULT: {}
COMMAND: POST /session/f2664590fead15ec17982177271525a3/element/f.00969020EDAB38E57A85DBAFB8D2C3DD.d.88572768621806C52E845CC0644513CC.e.12059/value - {"text":"10619"}
COMMAND: GET /session/f2664590fead15ec17982177271525a3/screenshot - {}
RESULT: {"text":"10619"}
COMMAND: POST /session/f2664590fead15ec17982177271525a3/actions - {"actions":[{"id":"action43","type":"key","parameters":{},"actions":[{"type":"keyDown","value":"î€‡"},{"type":"pause","duration":10},{"type":"keyUp","value":"î€‡"}]}]}
COMMAND: GET /session/f2664590fead15ec17982177271525a3/screenshot - {}
RESULT: {}
RESULT: {"actions":[{"id":"action43","type":"key","parameters":{},"actions":[{"type":"keyDown","value":"î€‡"},{"type":"pause","duration":10},{"type":"keyUp","value":"î€‡"}]}]}
COMMAND: GET /session/f2664590fead15ec17982177271525a3/screenshot - {}
RESULT: {}
RESULT: {}
COMMAND: POST /session/f2664590fead15ec17982177271525a3/element - {"using":"xpath","value":"//span[contains(@id ,\"application-billingtransfer-display-component---billingWorkbench--smartTableBillingRuns-header-inner\")]"}
RESULT: {"using":"xpath","value":"//span[contains(@id ,\"application-billingtransfer-display-component---billingWorkbench--smartTableBillingRuns-header-inner\")]"}
COMMAND: POST /session/f2664590fead15ec17982177271525a3/elements - {"using":"xpath","value":"//span[contains(@id ,\"application-billingtransfer-display-component---billingWorkbench--smartTableBillingRuns-header-inner\")]"}
RESULT: {"using":"xpath","value":"//span[contains(@id ,\"application-billingtransfer-display-component---billingWorkbench--smartTableBillingRuns-header-inner\")]"}
COMMAND: POST /session/f2664590fead15ec17982177271525a3/execute/sync - {"script":"<script> [56 bytes]","args":[{"element-6066-11e4-a52e-4f735466cecf":"f.00969020EDAB38E57A85DBAFB8D2C3DD.d.88572768621806C52E845CC0644513CC.e.12228","ELEMENT":"f.00969020EDAB38E57A85DBAFB8D2C3DD.d.88572768621806C52E845CC0644513CC.e.12228"}]}
RESULT: {"script":"<script> [56 bytes]","args":[{"element-6066-11e4-a52e-4f735466cecf":"f.00969020EDAB38E57A85DBAFB8D2C3DD.d.88572768621806C52E845CC0644513CC.e.12228","ELEMENT":"f.00969020EDAB38E57A85DBAFB8D2C3DD.d.88572768621806C52E845CC0644513CC.e.12228"}]}
COMMAND: POST /session/f2664590fead15ec17982177271525a3/element - {"using":"xpath","value":"//td[@aria-colindex=\"1\"]/div/div[contains(@class, \"sapMCbBg\")]"}
COMMAND: GET /session/f2664590fead15ec17982177271525a3/screenshot - {}
RESULT: {"using":"xpath","value":"//td[@aria-colindex=\"1\"]/div/div[contains(@class, \"sapMCbBg\")]"}
COMMAND: POST /session/f2664590fead15ec17982177271525a3/element/f.00969020EDAB38E57A85DBAFB8D2C3DD.d.88572768621806C52E845CC0644513CC.e.12237/click - {}
RESULT: {}
RESULT: {}
COMMAND: GET /session/f2664590fead15ec17982177271525a3/screenshot - {}
RESULT: {}
COMMAND: POST /session/f2664590fead15ec17982177271525a3/element - {"using":"xpath","value":"//bdi[text()=\"Transfer\"]"}
RESULT: {"using":"xpath","value":"//bdi[text()=\"Transfer\"]"}
COMMAND: POST /session/f2664590fead15ec17982177271525a3/element/f.00969020EDAB38E57A85DBAFB8D2C3DD.d.88572768621806C52E845CC0644513CC.e.12238/click - {}
RESULT: {}
COMMAND: GET /session/f2664590fead15ec17982177271525a3/screenshot - {}
RESULT: {}
COMMAND: POST /session/f2664590fead15ec17982177271525a3/element - {"using":"xpath","value":"//bdi[contains(text(), \"OK\")]"}
RESULT: {"using":"xpath","value":"//bdi[contains(text(), \"OK\")]"}
COMMAND: POST /session/f2664590fead15ec17982177271525a3/element/f.00969020EDAB38E57A85DBAFB8D2C3DD.d.88572768621806C52E845CC0644513CC.e.12241/click - {}
RESULT: {}
COMMAND: GET /session/f2664590fead15ec17982177271525a3/screenshot - {}
RESULT: {}
COMMAND: POST /session/f2664590fead15ec17982177271525a3/element - {"using":"xpath","value":"(//span[contains(text(), \"Completed\")]/parent::div/preceding-sibling::div/span)[1]"}
RESULT: {"using":"xpath","value":"(//span[contains(text(), \"Completed\")]/parent::div/preceding-sibling::div/span)[1]"}
COMMAND: POST /session/f2664590fead15ec17982177271525a3/element/f.00969020EDAB38E57A85DBAFB8D2C3DD.d.88572768621806C52E845CC0644513CC.e.12250/click - {}
RESULT: {}
COMMAND: POST /session/f2664590fead15ec17982177271525a3/element - {"using":"xpath","value":"//input[contains(@id ,\"application-billingtransfer-display-component---billingWorkbench--smartFilterBar-btnBasicSearch\")]"}
COMMAND: GET /session/f2664590fead15ec17982177271525a3/screenshot - {}
RESULT: {"using":"xpath","value":"//input[contains(@id ,\"application-billingtransfer-display-component---billingWorkbench--smartFilterBar-btnBasicSearch\")]"}
COMMAND: POST /session/f2664590fead15ec17982177271525a3/elements - {"using":"xpath","value":"//input[contains(@id ,\"application-billingtransfer-display-component---billingWorkbench--smartFilterBar-btnBasicSearch\")]"}
RESULT: {}
RESULT: {"using":"xpath","value":"//input[contains(@id ,\"application-billingtransfer-display-component---billingWorkbench--smartFilterBar-btnBasicSearch\")]"}
COMMAND: POST /session/f2664590fead15ec17982177271525a3/execute/sync - {"script":"<script> [8489 bytes]","args":[{"element-6066-11e4-a52e-4f735466cecf":"f.00969020EDAB38E57A85DBAFB8D2C3DD.d.88572768621806C52E845CC0644513CC.e.12059","ELEMENT":"f.00969020EDAB38E57A85DBAFB8D2C3DD.d.88572768621806C52E845CC0644513CC.e.12059"}]}
RESULT: {"script":"<script> [8489 bytes]","args":[{"element-6066-11e4-a52e-4f735466cecf":"f.00969020EDAB38E57A85DBAFB8D2C3DD.d.88572768621806C52E845CC0644513CC.e.12059","ELEMENT":"f.00969020EDAB38E57A85DBAFB8D2C3DD.d.88572768621806C52E845CC0644513CC.e.12059"}]}
COMMAND: GET /session/f2664590fead15ec17982177271525a3/element/f.00969020EDAB38E57A85DBAFB8D2C3DD.d.88572768621806C52E845CC0644513CC.e.12059/enabled - {}
COMMAND: GET /session/f2664590fead15ec17982177271525a3/screenshot - {}
RESULT: {}
COMMAND: POST /session/f2664590fead15ec17982177271525a3/element/f.00969020EDAB38E57A85DBAFB8D2C3DD.d.88572768621806C52E845CC0644513CC.e.12059/click - {}
COMMAND: GET /session/f2664590fead15ec17982177271525a3/screenshot - {}
RESULT: {}
RESULT: {}
COMMAND: GET /session/f2664590fead15ec17982177271525a3/screenshot - {}
RESULT: {}
RESULT: {}
COMMAND: POST /session/f2664590fead15ec17982177271525a3/element/f.00969020EDAB38E57A85DBAFB8D2C3DD.d.88572768621806C52E845CC0644513CC.e.12059/clear - {}
RESULT: {}
COMMAND: POST /session/f2664590fead15ec17982177271525a3/element/f.00969020EDAB38E57A85DBAFB8D2C3DD.d.88572768621806C52E845CC0644513CC.e.12059/value - {"text":"10619"}
COMMAND: GET /session/f2664590fead15ec17982177271525a3/screenshot - {}
RESULT: {"text":"10619"}
COMMAND: POST /session/f2664590fead15ec17982177271525a3/actions - {"actions":[{"id":"action44","type":"key","parameters":{},"actions":[{"type":"keyDown","value":"î€‡"},{"type":"pause","duration":10},{"type":"keyUp","value":"î€‡"}]}]}
COMMAND: GET /session/f2664590fead15ec17982177271525a3/screenshot - {}
RESULT: {}
RESULT: {"actions":[{"id":"action44","type":"key","parameters":{},"actions":[{"type":"keyDown","value":"î€‡"},{"type":"pause","duration":10},{"type":"keyUp","value":"î€‡"}]}]}
COMMAND: GET /session/f2664590fead15ec17982177271525a3/screenshot - {}
RESULT: {}
RESULT: {}
COMMAND: POST /session/f2664590fead15ec17982177271525a3/element - {"using":"xpath","value":"//span[contains(@id ,\"application-billingtransfer-display-component---billingWorkbench--smartTableBillingRuns-header-inner\")]"}
RESULT: {"using":"xpath","value":"//span[contains(@id ,\"application-billingtransfer-display-component---billingWorkbench--smartTableBillingRuns-header-inner\")]"}
COMMAND: POST /session/f2664590fead15ec17982177271525a3/elements - {"using":"xpath","value":"//span[contains(@id ,\"application-billingtransfer-display-component---billingWorkbench--smartTableBillingRuns-header-inner\")]"}
RESULT: {"using":"xpath","value":"//span[contains(@id ,\"application-billingtransfer-display-component---billingWorkbench--smartTableBillingRuns-header-inner\")]"}
COMMAND: POST /session/f2664590fead15ec17982177271525a3/execute/sync - {"script":"<script> [56 bytes]","args":[{"element-6066-11e4-a52e-4f735466cecf":"f.00969020EDAB38E57A85DBAFB8D2C3DD.d.88572768621806C52E845CC0644513CC.e.12228","ELEMENT":"f.00969020EDAB38E57A85DBAFB8D2C3DD.d.88572768621806C52E845CC0644513CC.e.12228"}]}
RESULT: {"script":"<script> [56 bytes]","args":[{"element-6066-11e4-a52e-4f735466cecf":"f.00969020EDAB38E57A85DBAFB8D2C3DD.d.88572768621806C52E845CC0644513CC.e.12228","ELEMENT":"f.00969020EDAB38E57A85DBAFB8D2C3DD.d.88572768621806C52E845CC0644513CC.e.12228"}]}
COMMAND: POST /session/f2664590fead15ec17982177271525a3/element - {"using":"css selector","value":"#shell-header-logo"}
COMMAND: GET /session/f2664590fead15ec17982177271525a3/screenshot - {}
RESULT: {"using":"css selector","value":"#shell-header-logo"}
COMMAND: POST /session/f2664590fead15ec17982177271525a3/element/f.00969020EDAB38E57A85DBAFB8D2C3DD.d.88572768621806C52E845CC0644513CC.e.12057/click - {}
RESULT: {}
RESULT: {}
COMMAND: GET /session/f2664590fead15ec17982177271525a3/screenshot - {}
RESULT: {}
COMMAND: POST /session/f2664590fead15ec17982177271525a3/element - {"using":"css selector","value":"#j_username"}
COMMAND: POST /session/f2664590fead15ec17982177271525a3/url - {"url":"https://qa-testing-00-live-etm-ui.cfapps.eu10-004.hana.ondemand.com/"}
RESULT: {"using":"css selector","value":"#j_username"}
COMMAND: POST /session/f2664590fead15ec17982177271525a3/element - {"using":"css selector","value":"#j_username"}
RESULT: {"url":"https://qa-testing-00-live-etm-ui.cfapps.eu10-004.hana.ondemand.com/"}
RESULT: undefined
COMMAND: GET /session/f2664590fead15ec17982177271525a3/screenshot - {}
RESULT: {"using":"css selector","value":"#j_username"}
COMMAND: POST /session/f2664590fead15ec17982177271525a3/element - {"using":"css selector","value":"#shell-header-logo"}
RESULT: {}
RESULT: {"using":"css selector","value":"#shell-header-logo"}
COMMAND: POST /session/f2664590fead15ec17982177271525a3/execute/sync - {"script":"<script> [8489 bytes]","args":[{"element-6066-11e4-a52e-4f735466cecf":"f.00969020EDAB38E57A85DBAFB8D2C3DD.d.D64490E3C67244D6AE9A4FD13CD84D47.e.12270","ELEMENT":"f.00969020EDAB38E57A85DBAFB8D2C3DD.d.D64490E3C67244D6AE9A4FD13CD84D47.e.12270"}]}
RESULT: {"script":"<script> [8489 bytes]","args":[{"element-6066-11e4-a52e-4f735466cecf":"f.00969020EDAB38E57A85DBAFB8D2C3DD.d.D64490E3C67244D6AE9A4FD13CD84D47.e.12270","ELEMENT":"f.00969020EDAB38E57A85DBAFB8D2C3DD.d.D64490E3C67244D6AE9A4FD13CD84D47.e.12270"}]}
COMMAND: POST /session/f2664590fead15ec17982177271525a3/element - {"using":"css selector","value":"#shell-header-logo"}
COMMAND: GET /session/f2664590fead15ec17982177271525a3/screenshot - {}
RESULT: {"using":"css selector","value":"#shell-header-logo"}
COMMAND: POST /session/f2664590fead15ec17982177271525a3/execute/sync - {"script":"<script> [8489 bytes]","args":[{"element-6066-11e4-a52e-4f735466cecf":"f.00969020EDAB38E57A85DBAFB8D2C3DD.d.D64490E3C67244D6AE9A4FD13CD84D47.e.12270","ELEMENT":"f.00969020EDAB38E57A85DBAFB8D2C3DD.d.D64490E3C67244D6AE9A4FD13CD84D47.e.12270"}]}
RESULT: {}
RESULT: {"script":"<script> [8489 bytes]","args":[{"element-6066-11e4-a52e-4f735466cecf":"f.00969020EDAB38E57A85DBAFB8D2C3DD.d.D64490E3C67244D6AE9A4FD13CD84D47.e.12270","ELEMENT":"f.00969020EDAB38E57A85DBAFB8D2C3DD.d.D64490E3C67244D6AE9A4FD13CD84D47.e.12270"}]}
COMMAND: POST /session/f2664590fead15ec17982177271525a3/execute/sync - {"script":"<script> [5351 bytes]","args":[{"element-6066-11e4-a52e-4f735466cecf":"f.00969020EDAB38E57A85DBAFB8D2C3DD.d.D64490E3C67244D6AE9A4FD13CD84D47.e.12270","ELEMENT":"f.00969020EDAB38E57A85DBAFB8D2C3DD.d.D64490E3C67244D6AE9A4FD13CD84D47.e.12270"}]}
COMMAND: GET /session/f2664590fead15ec17982177271525a3/screenshot - {}
RESULT: {"script":"<script> [5351 bytes]","args":[{"element-6066-11e4-a52e-4f735466cecf":"f.00969020EDAB38E57A85DBAFB8D2C3DD.d.D64490E3C67244D6AE9A4FD13CD84D47.e.12270","ELEMENT":"f.00969020EDAB38E57A85DBAFB8D2C3DD.d.D64490E3C67244D6AE9A4FD13CD84D47.e.12270"}]}
COMMAND: POST /session/f2664590fead15ec17982177271525a3/element - {"using":"css selector","value":"#shell-header-logo"}
COMMAND: GET /session/f2664590fead15ec17982177271525a3/screenshot - {}
RESULT: {}
RESULT: {"using":"css selector","value":"#shell-header-logo"}
COMMAND: POST /session/f2664590fead15ec17982177271525a3/element/f.00969020EDAB38E57A85DBAFB8D2C3DD.d.D64490E3C67244D6AE9A4FD13CD84D47.e.12270/click - {}
RESULT: {}
RESULT: {}
COMMAND: GET /session/f2664590fead15ec17982177271525a3/screenshot - {}
RESULT: {}
COMMAND: POST /session/f2664590fead15ec17982177271525a3/execute/async - {"script":"<script> [189 bytes]","args":[]}
RESULT: {"script":"<script> [189 bytes]","args":[]}
COMMAND: POST /session/f2664590fead15ec17982177271525a3/execute/async - {"script":"<script> [123 bytes]","args":[]}
RESULT: {"script":"<script> [123 bytes]","args":[]}
COMMAND: POST /session/f2664590fead15ec17982177271525a3/timeouts - {"script":"<number>"}
RESULT: {"script":"<number>"}
COMMAND: GET /session/f2664590fead15ec17982177271525a3/timeouts - {}
RESULT: {}
RESULT: undefined
COMMAND: POST /session/f2664590fead15ec17982177271525a3/execute/async - {"script":"<script> [2676 bytes]","args":[]}
RESULT: {"script":"<script> [2676 bytes]","args":[]}
COMMAND: POST /session/f2664590fead15ec17982177271525a3/execute/async - {"script":"<script> [2342 bytes]","args":[{"protocol":"http","hostname":"0.0.0.0","path":"/","capabilities":{"browserName":"chrome","goog:chromeOptions":{"binary":"C:\\Program Files\\Google\\Chrome\\Application\\chrome.exe","args":["--start-maximized"]}},"logLevel":"warn","connectionRetryTimeout":120000,"connectionRetryCount":3,"logLevels":{},"enableDirectConnect":true,"strictSSL":true,"_":"65 more keys: [\"cacheDir\",\"port\",\"requestedCapabilities\",\"automationProtocol\",\"baseUrl\",\"waitforInterval\",\"waitforTimeout\",\"onReload\",\"beforeCommand\",\"afterCommand\",\"rootDir\",\"specs\",\"suites\",\"exclude\",\"groupLogsByTestSpec\",\"excludeDriverLogs\",\"bail\",\"framework\",\"reporters\",\"services\",\"maxInstances\",\"maxInstancesPerCapability\",\"injectGlobals\",\"filesToWatch\",\"execArgv\",\"runnerEnv\",\"runner\",\"shard\",\"specFileRetries\",\"specFileRetriesDelay\",\"specFileRetriesDeferred\",\"reporterSyncInterval\",\"reporterSyncTimeout\",\"cucumberFeaturesWithLineNumbers\",\"autoCompileOpts\",\"mochaOpts\",\"jasmineOpts\",\"cucumberOpts\",\"onPrepare\",\"onWorkerStart\",\"onWorkerEnd\",\"before\",\"beforeSession\",\"beforeSuite\",\"beforeHook\",\"beforeTest\",\"afterTest\",\"afterHook\",\"afterSuite\",\"afterSession\",\"after\",\"onComplete\",\"beforeAssertion\",\"afterAssertion\",\"beforeFeature\",\"beforeScenario\",\"beforeStep\",\"afterStep\",\"afterScenario\",\"afterFeature\",\"_\",\"suite\",\"$0\",\"ignoredWorkerServices\",\"wdi5\"]"}]}
RESULT: {"script":"<script> [2342 bytes]","args":[{"protocol":"http","hostname":"0.0.0.0","path":"/","capabilities":{"browserName":"chrome","goog:chromeOptions":{"binary":"C:\\Program Files\\Google\\Chrome\\Application\\chrome.exe","args":["--start-maximized"]}},"logLevel":"warn","connectionRetryTimeout":120000,"connectionRetryCount":3,"logLevels":{},"enableDirectConnect":true,"strictSSL":true,"_":"65 more keys: [\"cacheDir\",\"port\",\"requestedCapabilities\",\"automationProtocol\",\"baseUrl\",\"waitforInterval\",\"waitforTimeout\",\"onReload\",\"beforeCommand\",\"afterCommand\",\"rootDir\",\"specs\",\"suites\",\"exclude\",\"groupLogsByTestSpec\",\"excludeDriverLogs\",\"bail\",\"framework\",\"reporters\",\"services\",\"maxInstances\",\"maxInstancesPerCapability\",\"injectGlobals\",\"filesToWatch\",\"execArgv\",\"runnerEnv\",\"runner\",\"shard\",\"specFileRetries\",\"specFileRetriesDelay\",\"specFileRetriesDeferred\",\"reporterSyncInterval\",\"reporterSyncTimeout\",\"cucumberFeaturesWithLineNumbers\",\"autoCompileOpts\",\"mochaOpts\",\"jasmineOpts\",\"cucumberOpts\",\"onPrepare\",\"onWorkerStart\",\"onWorkerEnd\",\"before\",\"beforeSession\",\"beforeSuite\",\"beforeHook\",\"beforeTest\",\"afterTest\",\"afterHook\",\"afterSuite\",\"afterSession\",\"after\",\"onComplete\",\"beforeAssertion\",\"afterAssertion\",\"beforeFeature\",\"beforeScenario\",\"beforeStep\",\"afterStep\",\"afterScenario\",\"afterFeature\",\"_\",\"suite\",\"$0\",\"ignoredWorkerServices\",\"wdi5\"]"}]}
COMMAND: POST /session/f2664590fead15ec17982177271525a3/execute/async - {"script":"<script> [21126 bytes]","args":[35000]}
RESULT: {"script":"<script> [21126 bytes]","args":[35000]}
COMMAND: POST /session/f2664590fead15ec17982177271525a3/window/maximize - {}
RESULT: {}
COMMAND: POST /session/f2664590fead15ec17982177271525a3/execute/async - {"script":"<script> [1562 bytes]","args":[{"selector":{"id":"shell-header","interaction":{"idSuffix":"icon"}},"wdio_ui5_key":"shellheader"}]}
COMMAND: GET /session/f2664590fead15ec17982177271525a3/screenshot - {}
RESULT: {"script":"<script> [1562 bytes]","args":[{"selector":{"id":"shell-header","interaction":{"idSuffix":"icon"}},"wdio_ui5_key":"shellheader"}]}
RESULT: undefined
COMMAND: POST /session/f2664590fead15ec17982177271525a3/refresh - {}
RESULT: {}
RESULT: {}
COMMAND: GET /session/f2664590fead15ec17982177271525a3/screenshot - {}
RESULT: {}
COMMAND: POST /session/f2664590fead15ec17982177271525a3/refresh - {}
RESULT: {}
COMMAND: GET /session/f2664590fead15ec17982177271525a3/screenshot - {}
RESULT: {}
COMMAND: POST /session/f2664590fead15ec17982177271525a3/window/fullscreen - {}
RESULT: {}
COMMAND: POST /session/f2664590fead15ec17982177271525a3/execute/async - {"script":"<script> [189 bytes]","args":[]}
RESULT: {"script":"<script> [189 bytes]","args":[]}
COMMAND: POST /session/f2664590fead15ec17982177271525a3/execute/async - {"script":"<script> [123 bytes]","args":[]}
RESULT: {"script":"<script> [123 bytes]","args":[]}
COMMAND: POST /session/f2664590fead15ec17982177271525a3/timeouts - {"script":"<number>"}
RESULT: {"script":"<number>"}
COMMAND: GET /session/f2664590fead15ec17982177271525a3/timeouts - {}
RESULT: {}
RESULT: undefined
COMMAND: POST /session/f2664590fead15ec17982177271525a3/execute/async - {"script":"<script> [2676 bytes]","args":[]}
RESULT: {"script":"<script> [2676 bytes]","args":[]}
COMMAND: POST /session/f2664590fead15ec17982177271525a3/execute/async - {"script":"<script> [2342 bytes]","args":[{"protocol":"http","hostname":"0.0.0.0","path":"/","capabilities":{"browserName":"chrome","goog:chromeOptions":{"binary":"C:\\Program Files\\Google\\Chrome\\Application\\chrome.exe","args":["--start-maximized"]}},"logLevel":"warn","connectionRetryTimeout":120000,"connectionRetryCount":3,"logLevels":{},"enableDirectConnect":true,"strictSSL":true,"_":"65 more keys: [\"cacheDir\",\"port\",\"requestedCapabilities\",\"automationProtocol\",\"baseUrl\",\"waitforInterval\",\"waitforTimeout\",\"onReload\",\"beforeCommand\",\"afterCommand\",\"rootDir\",\"specs\",\"suites\",\"exclude\",\"groupLogsByTestSpec\",\"excludeDriverLogs\",\"bail\",\"framework\",\"reporters\",\"services\",\"maxInstances\",\"maxInstancesPerCapability\",\"injectGlobals\",\"filesToWatch\",\"execArgv\",\"runnerEnv\",\"runner\",\"shard\",\"specFileRetries\",\"specFileRetriesDelay\",\"specFileRetriesDeferred\",\"reporterSyncInterval\",\"reporterSyncTimeout\",\"cucumberFeaturesWithLineNumbers\",\"autoCompileOpts\",\"mochaOpts\",\"jasmineOpts\",\"cucumberOpts\",\"onPrepare\",\"onWorkerStart\",\"onWorkerEnd\",\"before\",\"beforeSession\",\"beforeSuite\",\"beforeHook\",\"beforeTest\",\"afterTest\",\"afterHook\",\"afterSuite\",\"afterSession\",\"after\",\"onComplete\",\"beforeAssertion\",\"afterAssertion\",\"beforeFeature\",\"beforeScenario\",\"beforeStep\",\"afterStep\",\"afterScenario\",\"afterFeature\",\"_\",\"suite\",\"$0\",\"ignoredWorkerServices\",\"wdi5\"]"}]}
RESULT: {"script":"<script> [2342 bytes]","args":[{"protocol":"http","hostname":"0.0.0.0","path":"/","capabilities":{"browserName":"chrome","goog:chromeOptions":{"binary":"C:\\Program Files\\Google\\Chrome\\Application\\chrome.exe","args":["--start-maximized"]}},"logLevel":"warn","connectionRetryTimeout":120000,"connectionRetryCount":3,"logLevels":{},"enableDirectConnect":true,"strictSSL":true,"_":"65 more keys: [\"cacheDir\",\"port\",\"requestedCapabilities\",\"automationProtocol\",\"baseUrl\",\"waitforInterval\",\"waitforTimeout\",\"onReload\",\"beforeCommand\",\"afterCommand\",\"rootDir\",\"specs\",\"suites\",\"exclude\",\"groupLogsByTestSpec\",\"excludeDriverLogs\",\"bail\",\"framework\",\"reporters\",\"services\",\"maxInstances\",\"maxInstancesPerCapability\",\"injectGlobals\",\"filesToWatch\",\"execArgv\",\"runnerEnv\",\"runner\",\"shard\",\"specFileRetries\",\"specFileRetriesDelay\",\"specFileRetriesDeferred\",\"reporterSyncInterval\",\"reporterSyncTimeout\",\"cucumberFeaturesWithLineNumbers\",\"autoCompileOpts\",\"mochaOpts\",\"jasmineOpts\",\"cucumberOpts\",\"onPrepare\",\"onWorkerStart\",\"onWorkerEnd\",\"before\",\"beforeSession\",\"beforeSuite\",\"beforeHook\",\"beforeTest\",\"afterTest\",\"afterHook\",\"afterSuite\",\"afterSession\",\"after\",\"onComplete\",\"beforeAssertion\",\"afterAssertion\",\"beforeFeature\",\"beforeScenario\",\"beforeStep\",\"afterStep\",\"afterScenario\",\"afterFeature\",\"_\",\"suite\",\"$0\",\"ignoredWorkerServices\",\"wdi5\"]"}]}
COMMAND: POST /session/f2664590fead15ec17982177271525a3/execute/async - {"script":"<script> [21126 bytes]","args":[35000]}
RESULT: {"script":"<script> [21126 bytes]","args":[35000]}
]]></system-out>
    </testcase>
  </testsuite>
  <testsuite timestamp="2025-05-07T17:55:21" time="747.228" tests="12" failures="0" errors="0" skipped="0">
    <properties>
      <property name="specId" value="0" />
      <property name="suiteName" value="Billing transfer US117289" />
      <property name="capabilities" value="chrome.135_0_7049_115.windows" />
      <property name="file" value="file:///D:/a/1/s/test/specs/BTS/billing-transfer.spec.js" />
    </properties>
    <testcase classname="chrome.135_0_7049_115.windows.Billing_transfer_US117289" name="Should create a new yard" time="0.013">
      <system-out><![CDATA[
COMMAND: POST /session/f2664590fead15ec17982177271525a3/window/fullscreen - {}
RESULT: {}
]]></system-out>
    </testcase>
    <testcase classname="chrome.135_0_7049_115.windows.Billing_transfer_US117289" name="Should create a new partner" time="0.003" />
    <testcase classname="chrome.135_0_7049_115.windows.Billing_transfer_US117289" name="Should create a new site" time="0.003" />
    <testcase classname="chrome.135_0_7049_115.windows.Billing_transfer_US117289" name="Should create a new equipment" time="133.91">
      <system-out><![CDATA[
COMMAND: POST /session/f2664590fead15ec17982177271525a3/execute/async - {"script":"<script> [1562 bytes]","args":[{"selector":{"controlType":"sap.m.GenericTile","properties":{"header":"Manage Resources"}},"wdio_ui5_key":"sapm.GenericTile{\"header\":\"Manage Resources\"}"}]}
RESULT: {"script":"<script> [1562 bytes]","args":[{"selector":{"controlType":"sap.m.GenericTile","properties":{"header":"Manage Resources"}},"wdio_ui5_key":"sapm.GenericTile{\"header\":\"Manage Resources\"}"}]}
RESULT: undefined
COMMAND: POST /session/f2664590fead15ec17982177271525a3/element - {"using":"xpath","value":"//*[@id=\"__tile39\"]"}
RESULT: {"using":"xpath","value":"//*[@id=\"__tile39\"]"}
COMMAND: POST /session/f2664590fead15ec17982177271525a3/element/f.00969020EDAB38E57A85DBAFB8D2C3DD.d.8F99D3C8B556DC119BB6835E94B6C37B.e.12424/click - {}
RESULT: {}
COMMAND: POST /session/f2664590fead15ec17982177271525a3/element - {"using":"xpath","value":"//button[@data-kt=\"addNewRUOverflowToolbarButton\"]"}
COMMAND: GET /session/f2664590fead15ec17982177271525a3/screenshot - {}
RESULT: {"using":"xpath","value":"//button[@data-kt=\"addNewRUOverflowToolbarButton\"]"}
COMMAND: POST /session/f2664590fead15ec17982177271525a3/elements - {"using":"xpath","value":"//button[@data-kt=\"addNewRUOverflowToolbarButton\"]"}
RESULT: {}
RESULT: {"using":"xpath","value":"//button[@data-kt=\"addNewRUOverflowToolbarButton\"]"}
COMMAND: POST /session/f2664590fead15ec17982177271525a3/elements - {"using":"xpath","value":"//button[@data-kt=\"addNewRUOverflowToolbarButton\"]"}
RESULT: {"using":"xpath","value":"//button[@data-kt=\"addNewRUOverflowToolbarButton\"]"}
COMMAND: POST /session/f2664590fead15ec17982177271525a3/elements - {"using":"xpath","value":"//button[@data-kt=\"addNewRUOverflowToolbarButton\"]"}
RESULT: {"using":"xpath","value":"//button[@data-kt=\"addNewRUOverflowToolbarButton\"]"}
COMMAND: POST /session/f2664590fead15ec17982177271525a3/elements - {"using":"xpath","value":"//button[@data-kt=\"addNewRUOverflowToolbarButton\"]"}
RESULT: {"using":"xpath","value":"//button[@data-kt=\"addNewRUOverflowToolbarButton\"]"}
COMMAND: POST /session/f2664590fead15ec17982177271525a3/elements - {"using":"xpath","value":"//button[@data-kt=\"addNewRUOverflowToolbarButton\"]"}
RESULT: {"using":"xpath","value":"//button[@data-kt=\"addNewRUOverflowToolbarButton\"]"}
COMMAND: POST /session/f2664590fead15ec17982177271525a3/elements - {"using":"xpath","value":"//button[@data-kt=\"addNewRUOverflowToolbarButton\"]"}
RESULT: {"using":"xpath","value":"//button[@data-kt=\"addNewRUOverflowToolbarButton\"]"}
COMMAND: POST /session/f2664590fead15ec17982177271525a3/elements - {"using":"xpath","value":"//button[@data-kt=\"addNewRUOverflowToolbarButton\"]"}
RESULT: {"using":"xpath","value":"//button[@data-kt=\"addNewRUOverflowToolbarButton\"]"}
COMMAND: POST /session/f2664590fead15ec17982177271525a3/elements - {"using":"xpath","value":"//button[@data-kt=\"addNewRUOverflowToolbarButton\"]"}
RESULT: {"using":"xpath","value":"//button[@data-kt=\"addNewRUOverflowToolbarButton\"]"}
COMMAND: POST /session/f2664590fead15ec17982177271525a3/elements - {"using":"xpath","value":"//button[@data-kt=\"addNewRUOverflowToolbarButton\"]"}
RESULT: {"using":"xpath","value":"//button[@data-kt=\"addNewRUOverflowToolbarButton\"]"}
COMMAND: POST /session/f2664590fead15ec17982177271525a3/elements - {"using":"xpath","value":"//button[@data-kt=\"addNewRUOverflowToolbarButton\"]"}
RESULT: {"using":"xpath","value":"//button[@data-kt=\"addNewRUOverflowToolbarButton\"]"}
COMMAND: POST /session/f2664590fead15ec17982177271525a3/elements - {"using":"xpath","value":"//button[@data-kt=\"addNewRUOverflowToolbarButton\"]"}
RESULT: {"using":"xpath","value":"//button[@data-kt=\"addNewRUOverflowToolbarButton\"]"}
COMMAND: POST /session/f2664590fead15ec17982177271525a3/elements - {"using":"xpath","value":"//button[@data-kt=\"addNewRUOverflowToolbarButton\"]"}
RESULT: {"using":"xpath","value":"//button[@data-kt=\"addNewRUOverflowToolbarButton\"]"}
COMMAND: POST /session/f2664590fead15ec17982177271525a3/elements - {"using":"xpath","value":"//button[@data-kt=\"addNewRUOverflowToolbarButton\"]"}
RESULT: {"using":"xpath","value":"//button[@data-kt=\"addNewRUOverflowToolbarButton\"]"}
COMMAND: POST /session/f2664590fead15ec17982177271525a3/elements - {"using":"xpath","value":"//button[@data-kt=\"addNewRUOverflowToolbarButton\"]"}
RESULT: {"using":"xpath","value":"//button[@data-kt=\"addNewRUOverflowToolbarButton\"]"}
COMMAND: POST /session/f2664590fead15ec17982177271525a3/elements - {"using":"xpath","value":"//button[@data-kt=\"addNewRUOverflowToolbarButton\"]"}
RESULT: {"using":"xpath","value":"//button[@data-kt=\"addNewRUOverflowToolbarButton\"]"}
COMMAND: POST /session/f2664590fead15ec17982177271525a3/elements - {"using":"xpath","value":"//button[@data-kt=\"addNewRUOverflowToolbarButton\"]"}
RESULT: {"using":"xpath","value":"//button[@data-kt=\"addNewRUOverflowToolbarButton\"]"}
COMMAND: POST /session/f2664590fead15ec17982177271525a3/elements - {"using":"xpath","value":"//button[@data-kt=\"addNewRUOverflowToolbarButton\"]"}
RESULT: {"using":"xpath","value":"//button[@data-kt=\"addNewRUOverflowToolbarButton\"]"}
COMMAND: POST /session/f2664590fead15ec17982177271525a3/elements - {"using":"xpath","value":"//button[@data-kt=\"addNewRUOverflowToolbarButton\"]"}
RESULT: {"using":"xpath","value":"//button[@data-kt=\"addNewRUOverflowToolbarButton\"]"}
COMMAND: POST /session/f2664590fead15ec17982177271525a3/elements - {"using":"xpath","value":"//button[@data-kt=\"addNewRUOverflowToolbarButton\"]"}
RESULT: {"using":"xpath","value":"//button[@data-kt=\"addNewRUOverflowToolbarButton\"]"}
COMMAND: POST /session/f2664590fead15ec17982177271525a3/elements - {"using":"xpath","value":"//button[@data-kt=\"addNewRUOverflowToolbarButton\"]"}
RESULT: {"using":"xpath","value":"//button[@data-kt=\"addNewRUOverflowToolbarButton\"]"}
COMMAND: POST /session/f2664590fead15ec17982177271525a3/elements - {"using":"xpath","value":"//button[@data-kt=\"addNewRUOverflowToolbarButton\"]"}
RESULT: {"using":"xpath","value":"//button[@data-kt=\"addNewRUOverflowToolbarButton\"]"}
COMMAND: POST /session/f2664590fead15ec17982177271525a3/elements - {"using":"xpath","value":"//button[@data-kt=\"addNewRUOverflowToolbarButton\"]"}
RESULT: {"using":"xpath","value":"//button[@data-kt=\"addNewRUOverflowToolbarButton\"]"}
COMMAND: POST /session/f2664590fead15ec17982177271525a3/elements - {"using":"xpath","value":"//button[@data-kt=\"addNewRUOverflowToolbarButton\"]"}
RESULT: {"using":"xpath","value":"//button[@data-kt=\"addNewRUOverflowToolbarButton\"]"}
COMMAND: POST /session/f2664590fead15ec17982177271525a3/elements - {"using":"xpath","value":"//button[@data-kt=\"addNewRUOverflowToolbarButton\"]"}
RESULT: {"using":"xpath","value":"//button[@data-kt=\"addNewRUOverflowToolbarButton\"]"}
COMMAND: POST /session/f2664590fead15ec17982177271525a3/element - {"using":"xpath","value":"//button[@data-kt=\"addNewRUOverflowToolbarButton\"]"}
RESULT: {"using":"xpath","value":"//button[@data-kt=\"addNewRUOverflowToolbarButton\"]"}
COMMAND: POST /session/f2664590fead15ec17982177271525a3/execute/sync - {"script":"<script> [8489 bytes]","args":[{"element-6066-11e4-a52e-4f735466cecf":"f.00969020EDAB38E57A85DBAFB8D2C3DD.d.8F99D3C8B556DC119BB6835E94B6C37B.e.12565","ELEMENT":"f.00969020EDAB38E57A85DBAFB8D2C3DD.d.8F99D3C8B556DC119BB6835E94B6C37B.e.12565"}]}
RESULT: {"script":"<script> [8489 bytes]","args":[{"element-6066-11e4-a52e-4f735466cecf":"f.00969020EDAB38E57A85DBAFB8D2C3DD.d.8F99D3C8B556DC119BB6835E94B6C37B.e.12565","ELEMENT":"f.00969020EDAB38E57A85DBAFB8D2C3DD.d.8F99D3C8B556DC119BB6835E94B6C37B.e.12565"}]}
COMMAND: GET /session/f2664590fead15ec17982177271525a3/element/f.00969020EDAB38E57A85DBAFB8D2C3DD.d.8F99D3C8B556DC119BB6835E94B6C37B.e.12565/enabled - {}
COMMAND: GET /session/f2664590fead15ec17982177271525a3/screenshot - {}
RESULT: {}
COMMAND: POST /session/f2664590fead15ec17982177271525a3/execute/sync - {"script":"<script> [8489 bytes]","args":[{"element-6066-11e4-a52e-4f735466cecf":"f.00969020EDAB38E57A85DBAFB8D2C3DD.d.8F99D3C8B556DC119BB6835E94B6C37B.e.12565","ELEMENT":"f.00969020EDAB38E57A85DBAFB8D2C3DD.d.8F99D3C8B556DC119BB6835E94B6C37B.e.12565"}]}
COMMAND: GET /session/f2664590fead15ec17982177271525a3/screenshot - {}
RESULT: {}
RESULT: {"script":"<script> [8489 bytes]","args":[{"element-6066-11e4-a52e-4f735466cecf":"f.00969020EDAB38E57A85DBAFB8D2C3DD.d.8F99D3C8B556DC119BB6835E94B6C37B.e.12565","ELEMENT":"f.00969020EDAB38E57A85DBAFB8D2C3DD.d.8F99D3C8B556DC119BB6835E94B6C37B.e.12565"}]}
COMMAND: POST /session/f2664590fead15ec17982177271525a3/execute/sync - {"script":"<script> [5351 bytes]","args":[{"element-6066-11e4-a52e-4f735466cecf":"f.00969020EDAB38E57A85DBAFB8D2C3DD.d.8F99D3C8B556DC119BB6835E94B6C37B.e.12565","ELEMENT":"f.00969020EDAB38E57A85DBAFB8D2C3DD.d.8F99D3C8B556DC119BB6835E94B6C37B.e.12565"}]}
COMMAND: GET /session/f2664590fead15ec17982177271525a3/screenshot - {}
RESULT: {}
RESULT: {"script":"<script> [5351 bytes]","args":[{"element-6066-11e4-a52e-4f735466cecf":"f.00969020EDAB38E57A85DBAFB8D2C3DD.d.8F99D3C8B556DC119BB6835E94B6C37B.e.12565","ELEMENT":"f.00969020EDAB38E57A85DBAFB8D2C3DD.d.8F99D3C8B556DC119BB6835E94B6C37B.e.12565"}]}
COMMAND: POST /session/f2664590fead15ec17982177271525a3/element/f.00969020EDAB38E57A85DBAFB8D2C3DD.d.8F99D3C8B556DC119BB6835E94B6C37B.e.12565/click - {}
COMMAND: GET /session/f2664590fead15ec17982177271525a3/screenshot - {}
RESULT: {}
RESULT: {}
COMMAND: GET /session/f2664590fead15ec17982177271525a3/screenshot - {}
RESULT: {}
COMMAND: POST /session/f2664590fead15ec17982177271525a3/execute/async - {"script":"<script> [1562 bytes]","args":[{"selector":{"id":"application-manageresources-display-component---newResourceUnit--TYPE-arrow"},"wdio_ui5_key":"applicationmanageresources-display-component---newResourceUnit--TYPE-arrow"}]}
RESULT: {}
RESULT: {"script":"<script> [1562 bytes]","args":[{"selector":{"id":"application-manageresources-display-component---newResourceUnit--TYPE-arrow"},"wdio_ui5_key":"applicationmanageresources-display-component---newResourceUnit--TYPE-arrow"}]}
RESULT: undefined
COMMAND: POST /session/f2664590fead15ec17982177271525a3/element - {"using":"xpath","value":"//*[@id=\"application-manageresources-display-component---newResourceUnit--TYPE-arrow\"]"}
RESULT: {"using":"xpath","value":"//*[@id=\"application-manageresources-display-component---newResourceUnit--TYPE-arrow\"]"}
COMMAND: POST /session/f2664590fead15ec17982177271525a3/element/f.00969020EDAB38E57A85DBAFB8D2C3DD.d.8F99D3C8B556DC119BB6835E94B6C37B.e.12922/click - {}
RESULT: {}
COMMAND: POST /session/f2664590fead15ec17982177271525a3/element - {"using":"xpath","value":"//input[@id=\"application-manageresources-display-component---newResourceUnit--TYPE-inner\"]"}
COMMAND: GET /session/f2664590fead15ec17982177271525a3/screenshot - {}
RESULT: {"using":"xpath","value":"//input[@id=\"application-manageresources-display-component---newResourceUnit--TYPE-inner\"]"}
COMMAND: POST /session/f2664590fead15ec17982177271525a3/element/f.00969020EDAB38E57A85DBAFB8D2C3DD.d.8F99D3C8B556DC119BB6835E94B6C37B.e.12917/clear - {}
RESULT: {}
RESULT: {}
COMMAND: POST /session/f2664590fead15ec17982177271525a3/element/f.00969020EDAB38E57A85DBAFB8D2C3DD.d.8F99D3C8B556DC119BB6835E94B6C37B.e.12917/value - {"text":"Equipment"}
COMMAND: GET /session/f2664590fead15ec17982177271525a3/screenshot - {}
RESULT: {"text":"Equipment"}
COMMAND: GET /session/f2664590fead15ec17982177271525a3/screenshot - {}
RESULT: {}
RESULT: {}
COMMAND: POST /session/f2664590fead15ec17982177271525a3/actions - {"actions":[{"id":"action45","type":"key","parameters":{},"actions":[{"type":"keyDown","value":"î€‡"},{"type":"pause","duration":10},{"type":"keyUp","value":"î€‡"}]}]}
RESULT: {"actions":[{"id":"action45","type":"key","parameters":{},"actions":[{"type":"keyDown","value":"î€‡"},{"type":"pause","duration":10},{"type":"keyUp","value":"î€‡"}]}]}
COMMAND: POST /session/f2664590fead15ec17982177271525a3/execute/async - {"script":"<script> [1562 bytes]","args":[{"selector":{"id":"application-manageresources-display-component---newResourceUnit--resourceId","interaction":{"idSuffix":"inner"}},"wdio_ui5_key":"applicationmanageresources-display-component---newResourceUnit--resourceId"}]}
COMMAND: GET /session/f2664590fead15ec17982177271525a3/screenshot - {}
RESULT: {"script":"<script> [1562 bytes]","args":[{"selector":{"id":"application-manageresources-display-component---newResourceUnit--resourceId","interaction":{"idSuffix":"inner"}},"wdio_ui5_key":"applicationmanageresources-display-component---newResourceUnit--resourceId"}]}
RESULT: undefined
COMMAND: POST /session/f2664590fead15ec17982177271525a3/execute/async - {"script":"<script> [776 bytes]","args":[{"enterText":"kloydhsoAC","selector":{"id":"application-manageresources-display-component---newResourceUnit--resourceId","interaction":{"idSuffix":"inner"}},"clearTextFirst":true,"interactionType":"ENTER_TEXT"}]}
RESULT: {}
RESULT: {"script":"<script> [776 bytes]","args":[{"enterText":"kloydhsoAC","selector":{"id":"application-manageresources-display-component---newResourceUnit--resourceId","interaction":{"idSuffix":"inner"}},"clearTextFirst":true,"interactionType":"ENTER_TEXT"}]}
COMMAND: POST /session/f2664590fead15ec17982177271525a3/execute/async - {"script":"<script> [1562 bytes]","args":[{"selector":{"id":"application-manageresources-display-component---newResourceUnit--SHORT_TEXT","interaction":{"idSuffix":"inner"}},"wdio_ui5_key":"applicationmanageresources-display-component---newResourceUnit--SHORT_TEXT"}]}
RESULT: {"script":"<script> [1562 bytes]","args":[{"selector":{"id":"application-manageresources-display-component---newResourceUnit--SHORT_TEXT","interaction":{"idSuffix":"inner"}},"wdio_ui5_key":"applicationmanageresources-display-component---newResourceUnit--SHORT_TEXT"}]}
RESULT: undefined
COMMAND: POST /session/f2664590fead15ec17982177271525a3/execute/async - {"script":"<script> [776 bytes]","args":[{"enterText":"Intercompany Equipment WDIO","selector":{"id":"application-manageresources-display-component---newResourceUnit--SHORT_TEXT","interaction":{"idSuffix":"inner"}},"clearTextFirst":true,"interactionType":"ENTER_TEXT"}]}
RESULT: {"script":"<script> [776 bytes]","args":[{"enterText":"Intercompany Equipment WDIO","selector":{"id":"application-manageresources-display-component---newResourceUnit--SHORT_TEXT","interaction":{"idSuffix":"inner"}},"clearTextFirst":true,"interactionType":"ENTER_TEXT"}]}
COMMAND: POST /session/f2664590fead15ec17982177271525a3/execute/async - {"script":"<script> [1562 bytes]","args":[{"selector":{"id":"application-manageresources-display-component---newResourceUnit--BASE_UNIT_OF_MEASURE","interaction":{"idSuffix":"inner"}},"wdio_ui5_key":"applicationmanageresources-display-component---newResourceUnit--BASE_UNIT_OF_MEASURE"}]}
RESULT: {"script":"<script> [1562 bytes]","args":[{"selector":{"id":"application-manageresources-display-component---newResourceUnit--BASE_UNIT_OF_MEASURE","interaction":{"idSuffix":"inner"}},"wdio_ui5_key":"applicationmanageresources-display-component---newResourceUnit--BASE_UNIT_OF_MEASURE"}]}
RESULT: undefined
COMMAND: POST /session/f2664590fead15ec17982177271525a3/execute/async - {"script":"<script> [776 bytes]","args":[{"enterText":"Piece","selector":{"id":"application-manageresources-display-component---newResourceUnit--BASE_UNIT_OF_MEASURE","interaction":{"idSuffix":"inner"}},"clearTextFirst":true,"interactionType":"ENTER_TEXT"}]}
RESULT: {"script":"<script> [776 bytes]","args":[{"enterText":"Piece","selector":{"id":"application-manageresources-display-component---newResourceUnit--BASE_UNIT_OF_MEASURE","interaction":{"idSuffix":"inner"}},"clearTextFirst":true,"interactionType":"ENTER_TEXT"}]}
COMMAND: POST /session/f2664590fead15ec17982177271525a3/execute/async - {"script":"<script> [1562 bytes]","args":[{"selector":{"id":"application-manageresources-display-component---newResourceUnit--WEIGHT_UNIT","interaction":{"idSuffix":"inner"}},"wdio_ui5_key":"applicationmanageresources-display-component---newResourceUnit--WEIGHT_UNIT"}]}
RESULT: {"script":"<script> [1562 bytes]","args":[{"selector":{"id":"application-manageresources-display-component---newResourceUnit--WEIGHT_UNIT","interaction":{"idSuffix":"inner"}},"wdio_ui5_key":"applicationmanageresources-display-component---newResourceUnit--WEIGHT_UNIT"}]}
RESULT: undefined
COMMAND: POST /session/f2664590fead15ec17982177271525a3/execute/async - {"script":"<script> [776 bytes]","args":[{"enterText":"Gram","selector":{"id":"application-manageresources-display-component---newResourceUnit--WEIGHT_UNIT","interaction":{"idSuffix":"inner"}},"clearTextFirst":true,"interactionType":"ENTER_TEXT"}]}
RESULT: {"script":"<script> [776 bytes]","args":[{"enterText":"Gram","selector":{"id":"application-manageresources-display-component---newResourceUnit--WEIGHT_UNIT","interaction":{"idSuffix":"inner"}},"clearTextFirst":true,"interactionType":"ENTER_TEXT"}]}
COMMAND: POST /session/f2664590fead15ec17982177271525a3/execute/async - {"script":"<script> [1562 bytes]","args":[{"selector":{"id":"application-manageresources-display-component---newResourceUnit--DIMENSION_UNIT","interaction":{"idSuffix":"inner"}},"wdio_ui5_key":"applicationmanageresources-display-component---newResourceUnit--DIMENSION_UNIT"}]}
RESULT: {"script":"<script> [1562 bytes]","args":[{"selector":{"id":"application-manageresources-display-component---newResourceUnit--DIMENSION_UNIT","interaction":{"idSuffix":"inner"}},"wdio_ui5_key":"applicationmanageresources-display-component---newResourceUnit--DIMENSION_UNIT"}]}
RESULT: undefined
COMMAND: POST /session/f2664590fead15ec17982177271525a3/execute/async - {"script":"<script> [776 bytes]","args":[{"enterText":"Meter","selector":{"id":"application-manageresources-display-component---newResourceUnit--DIMENSION_UNIT","interaction":{"idSuffix":"inner"}},"clearTextFirst":true,"interactionType":"ENTER_TEXT"}]}
RESULT: {"script":"<script> [776 bytes]","args":[{"enterText":"Meter","selector":{"id":"application-manageresources-display-component---newResourceUnit--DIMENSION_UNIT","interaction":{"idSuffix":"inner"}},"clearTextFirst":true,"interactionType":"ENTER_TEXT"}]}
COMMAND: POST /session/f2664590fead15ec17982177271525a3/execute/async - {"script":"<script> [1562 bytes]","args":[{"selector":{"id":"application-manageresources-display-component---newResourceUnit--newRRUPage-anchBar-application-manageresources-display-component---newResourceUnit--control-anchor","interaction":{"idSuffix":"BDI-content"}},"wdio_ui5_key":"applicationmanageresources-display-component---newResourceUnit--newRRUPage-anchBar-application-manageresources-display-component---newResourceUnit--control-anchor"}]}
RESULT: {"script":"<script> [1562 bytes]","args":[{"selector":{"id":"application-manageresources-display-component---newResourceUnit--newRRUPage-anchBar-application-manageresources-display-component---newResourceUnit--control-anchor","interaction":{"idSuffix":"BDI-content"}},"wdio_ui5_key":"applicationmanageresources-display-component---newResourceUnit--newRRUPage-anchBar-application-manageresources-display-component---newResourceUnit--control-anchor"}]}
RESULT: undefined
COMMAND: POST /session/f2664590fead15ec17982177271525a3/element - {"using":"xpath","value":"//*[@id=\"application-manageresources-display-component---newResourceUnit--newRRUPage-anchBar-application-manageresources-display-component---newResourceUnit--control-anchor\"]"}
RESULT: {"using":"xpath","value":"//*[@id=\"application-manageresources-display-component---newResourceUnit--newRRUPage-anchBar-application-manageresources-display-component---newResourceUnit--control-anchor\"]"}
COMMAND: POST /session/f2664590fead15ec17982177271525a3/element/f.00969020EDAB38E57A85DBAFB8D2C3DD.d.8F99D3C8B556DC119BB6835E94B6C37B.e.13056/click - {}
RESULT: {}
COMMAND: POST /session/f2664590fead15ec17982177271525a3/execute/async - {"script":"<script> [1562 bytes]","args":[{"selector":{"id":"application-manageresources-display-component---newResourceUnit--PLANNING_GROUP","interaction":{"idSuffix":"inner"}},"wdio_ui5_key":"applicationmanageresources-display-component---newResourceUnit--PLANNING_GROUP"}]}
COMMAND: GET /session/f2664590fead15ec17982177271525a3/screenshot - {}
RESULT: {"script":"<script> [1562 bytes]","args":[{"selector":{"id":"application-manageresources-display-component---newResourceUnit--PLANNING_GROUP","interaction":{"idSuffix":"inner"}},"wdio_ui5_key":"applicationmanageresources-display-component---newResourceUnit--PLANNING_GROUP"}]}
RESULT: undefined
COMMAND: POST /session/f2664590fead15ec17982177271525a3/execute/async - {"script":"<script> [776 bytes]","args":[{"enterText":"Heavy Equi","selector":{"id":"application-manageresources-display-component---newResourceUnit--PLANNING_GROUP","interaction":{"idSuffix":"inner"}},"clearTextFirst":true,"interactionType":"ENTER_TEXT"}]}
RESULT: {}
RESULT: {"script":"<script> [776 bytes]","args":[{"enterText":"Heavy Equi","selector":{"id":"application-manageresources-display-component---newResourceUnit--PLANNING_GROUP","interaction":{"idSuffix":"inner"}},"clearTextFirst":true,"interactionType":"ENTER_TEXT"}]}
COMMAND: POST /session/f2664590fead15ec17982177271525a3/execute/async - {"script":"<script> [1562 bytes]","args":[{"selector":{"id":"application-manageresources-display-component---newResourceUnit--ITEM_TYPE-arrow"},"wdio_ui5_key":"applicationmanageresources-display-component---newResourceUnit--ITEM_TYPE-arrow"}]}
RESULT: {"script":"<script> [1562 bytes]","args":[{"selector":{"id":"application-manageresources-display-component---newResourceUnit--ITEM_TYPE-arrow"},"wdio_ui5_key":"applicationmanageresources-display-component---newResourceUnit--ITEM_TYPE-arrow"}]}
RESULT: undefined
COMMAND: POST /session/f2664590fead15ec17982177271525a3/element - {"using":"xpath","value":"//*[@id=\"application-manageresources-display-component---newResourceUnit--ITEM_TYPE-arrow\"]"}
RESULT: {"using":"xpath","value":"//*[@id=\"application-manageresources-display-component---newResourceUnit--ITEM_TYPE-arrow\"]"}
COMMAND: POST /session/f2664590fead15ec17982177271525a3/element/f.00969020EDAB38E57A85DBAFB8D2C3DD.d.8F99D3C8B556DC119BB6835E94B6C37B.e.13063/click - {}
RESULT: {}
COMMAND: POST /session/f2664590fead15ec17982177271525a3/element - {"using":"xpath","value":"(//span[contains(text(), \"Resource Unit\")])[2]"}
COMMAND: GET /session/f2664590fead15ec17982177271525a3/screenshot - {}
RESULT: {"using":"xpath","value":"(//span[contains(text(), \"Resource Unit\")])[2]"}
COMMAND: POST /session/f2664590fead15ec17982177271525a3/element/f.00969020EDAB38E57A85DBAFB8D2C3DD.d.8F99D3C8B556DC119BB6835E94B6C37B.e.13064/click - {}
RESULT: {}
RESULT: {}
COMMAND: GET /session/f2664590fead15ec17982177271525a3/screenshot - {}
RESULT: {}
COMMAND: POST /session/f2664590fead15ec17982177271525a3/element - {"using":"css selector","value":"#application-manageresources-display-component---newResourceUnit--btnAddTimeSegment"}
RESULT: {"using":"css selector","value":"#application-manageresources-display-component---newResourceUnit--btnAddTimeSegment"}
COMMAND: GET /session/f2664590fead15ec17982177271525a3/element/f.00969020EDAB38E57A85DBAFB8D2C3DD.d.8F99D3C8B556DC119BB6835E94B6C37B.e.13065/rect - {}
RESULT: {}
COMMAND: GET /session/f2664590fead15ec17982177271525a3/window/rect - {}
RESULT: {}
COMMAND: POST /session/f2664590fead15ec17982177271525a3/execute/sync - {"script":"<script> [92 bytes]","args":[]}
RESULT: {"script":"<script> [92 bytes]","args":[]}
COMMAND: POST /session/f2664590fead15ec17982177271525a3/actions - {"actions":[{"id":"action46","type":"wheel","parameters":{},"actions":[{"type":"scroll","x":-1888,"y":-32,"deltaX":0,"deltaY":0,"duration":0,"origin":{"element-6066-11e4-a52e-4f735466cecf":"f.00969020EDAB38E57A85DBAFB8D2C3DD.d.8F99D3C8B556DC119BB6835E94B6C37B.e.13065"}}]}]}
COMMAND: GET /session/f2664590fead15ec17982177271525a3/screenshot - {}
RESULT: {}
COMMAND: POST /session/f2664590fead15ec17982177271525a3/execute/sync - {"script":"<script> [79 bytes]","args":[{"element-6066-11e4-a52e-4f735466cecf":"f.00969020EDAB38E57A85DBAFB8D2C3DD.d.8F99D3C8B556DC119BB6835E94B6C37B.e.13065","ELEMENT":"f.00969020EDAB38E57A85DBAFB8D2C3DD.d.8F99D3C8B556DC119BB6835E94B6C37B.e.13065"},{"block":"start","inline":"nearest"}]}
RESULT: {"script":"<script> [79 bytes]","args":[{"element-6066-11e4-a52e-4f735466cecf":"f.00969020EDAB38E57A85DBAFB8D2C3DD.d.8F99D3C8B556DC119BB6835E94B6C37B.e.13065","ELEMENT":"f.00969020EDAB38E57A85DBAFB8D2C3DD.d.8F99D3C8B556DC119BB6835E94B6C37B.e.13065"},{"block":"start","inline":"nearest"}]}
COMMAND: POST /session/f2664590fead15ec17982177271525a3/execute/async - {"script":"<script> [1562 bytes]","args":[{"selector":{"id":"application-manageresources-display-component---newResourceUnit--btnAddTimeSegment","interaction":{"idSuffix":"inner"}},"wdio_ui5_key":"applicationmanageresources-display-component---newResourceUnit--btnAddTimeSegment"}]}
COMMAND: GET /session/f2664590fead15ec17982177271525a3/screenshot - {}
RESULT: {"script":"<script> [1562 bytes]","args":[{"selector":{"id":"application-manageresources-display-component---newResourceUnit--btnAddTimeSegment","interaction":{"idSuffix":"inner"}},"wdio_ui5_key":"applicationmanageresources-display-component---newResourceUnit--btnAddTimeSegment"}]}
RESULT: undefined
COMMAND: POST /session/f2664590fead15ec17982177271525a3/element - {"using":"xpath","value":"//*[@id=\"application-manageresources-display-component---newResourceUnit--btnAddTimeSegment\"]"}
RESULT: {}
RESULT: {"using":"xpath","value":"//*[@id=\"application-manageresources-display-component---newResourceUnit--btnAddTimeSegment\"]"}
COMMAND: POST /session/f2664590fead15ec17982177271525a3/element/f.00969020EDAB38E57A85DBAFB8D2C3DD.d.8F99D3C8B556DC119BB6835E94B6C37B.e.13065/click - {}
RESULT: {}
COMMAND: GET /session/f2664590fead15ec17982177271525a3/screenshot - {}
RESULT: {}
COMMAND: POST /session/f2664590fead15ec17982177271525a3/element - {"using":"xpath","value":"//input[@id=\"application-manageresources-display-component---newResourceUnit--idRuTSAdmin-application-manageresources-display-component---newResourceUnit--RUTimeSegment-0-inner\"]"}
RESULT: {"using":"xpath","value":"//input[@id=\"application-manageresources-display-component---newResourceUnit--idRuTSAdmin-application-manageresources-display-component---newResourceUnit--RUTimeSegment-0-inner\"]"}
COMMAND: POST /session/f2664590fead15ec17982177271525a3/element/f.00969020EDAB38E57A85DBAFB8D2C3DD.d.8F99D3C8B556DC119BB6835E94B6C37B.e.13071/clear - {}
RESULT: {}
COMMAND: POST /session/f2664590fead15ec17982177271525a3/element/f.00969020EDAB38E57A85DBAFB8D2C3DD.d.8F99D3C8B556DC119BB6835E94B6C37B.e.13071/value - {"text":"671"}
COMMAND: GET /session/f2664590fead15ec17982177271525a3/screenshot - {}
RESULT: {"text":"671"}
COMMAND: GET /session/f2664590fead15ec17982177271525a3/screenshot - {}
RESULT: {}
RESULT: {}
COMMAND: POST /session/f2664590fead15ec17982177271525a3/element - {"using":"xpath","value":"//li[.//span[text()='671']]"}
RESULT: {"using":"xpath","value":"//li[.//span[text()='671']]"}
COMMAND: POST /session/f2664590fead15ec17982177271525a3/element/f.00969020EDAB38E57A85DBAFB8D2C3DD.d.8F99D3C8B556DC119BB6835E94B6C37B.e.13083/click - {}
RESULT: {}
COMMAND: GET /session/f2664590fead15ec17982177271525a3/screenshot - {}
RESULT: {}
COMMAND: POST /session/f2664590fead15ec17982177271525a3/element - {"using":"xpath","value":"(//span[contains(@id, \"-application-manageresources-display-component---newResourceUnit--RUTimeSegment-0-arrow\")])[6]"}
RESULT: {"using":"xpath","value":"(//span[contains(@id, \"-application-manageresources-display-component---newResourceUnit--RUTimeSegment-0-arrow\")])[6]"}
COMMAND: POST /session/f2664590fead15ec17982177271525a3/element/f.00969020EDAB38E57A85DBAFB8D2C3DD.d.8F99D3C8B556DC119BB6835E94B6C37B.e.13084/click - {}
RESULT: {}
COMMAND: GET /session/f2664590fead15ec17982177271525a3/screenshot - {}
RESULT: {}
COMMAND: POST /session/f2664590fead15ec17982177271525a3/element - {"using":"xpath","value":"//span[contains(text(), \"PM Order\")]"}
RESULT: {"using":"xpath","value":"//span[contains(text(), \"PM Order\")]"}
COMMAND: POST /session/f2664590fead15ec17982177271525a3/element/f.00969020EDAB38E57A85DBAFB8D2C3DD.d.8F99D3C8B556DC119BB6835E94B6C37B.e.13087/click - {}
RESULT: {}
COMMAND: GET /session/f2664590fead15ec17982177271525a3/screenshot - {}
RESULT: {}
COMMAND: POST /session/f2664590fead15ec17982177271525a3/element - {"using":"xpath","value":"(//span[contains(@id ,\"manageresources-display-component---newResourceUnit--RUTimeSegment-0-vhi\")])[1]"}
RESULT: {"using":"xpath","value":"(//span[contains(@id ,\"manageresources-display-component---newResourceUnit--RUTimeSegment-0-vhi\")])[1]"}
COMMAND: GET /session/f2664590fead15ec17982177271525a3/element/f.00969020EDAB38E57A85DBAFB8D2C3DD.d.8F99D3C8B556DC119BB6835E94B6C37B.e.13091/rect - {}
RESULT: {}
COMMAND: GET /session/f2664590fead15ec17982177271525a3/window/rect - {}
RESULT: {}
COMMAND: POST /session/f2664590fead15ec17982177271525a3/execute/sync - {"script":"<script> [92 bytes]","args":[]}
RESULT: {"script":"<script> [92 bytes]","args":[]}
COMMAND: POST /session/f2664590fead15ec17982177271525a3/actions - {"actions":[{"id":"action47","type":"wheel","parameters":{},"actions":[{"type":"scroll","x":-869,"y":-24,"deltaX":0,"deltaY":0,"duration":0,"origin":{"element-6066-11e4-a52e-4f735466cecf":"f.00969020EDAB38E57A85DBAFB8D2C3DD.d.8F99D3C8B556DC119BB6835E94B6C37B.e.13091"}}]}]}
COMMAND: GET /session/f2664590fead15ec17982177271525a3/screenshot - {}
RESULT: {"actions":[{"id":"action47","type":"wheel","parameters":{},"actions":[{"type":"scroll","x":-869,"y":-24,"deltaX":0,"deltaY":0,"duration":0,"origin":{"element-6066-11e4-a52e-4f735466cecf":"f.00969020EDAB38E57A85DBAFB8D2C3DD.d.8F99D3C8B556DC119BB6835E94B6C37B.e.13091"}}]}]}
COMMAND: DELETE /session/f2664590fead15ec17982177271525a3/actions - {}
COMMAND: GET /session/f2664590fead15ec17982177271525a3/screenshot - {}
RESULT: {}
RESULT: {}
COMMAND: GET /session/f2664590fead15ec17982177271525a3/screenshot - {}
RESULT: {}
RESULT: {}
COMMAND: POST /session/f2664590fead15ec17982177271525a3/element/f.00969020EDAB38E57A85DBAFB8D2C3DD.d.8F99D3C8B556DC119BB6835E94B6C37B.e.13091/click - {}
RESULT: {}
COMMAND: GET /session/f2664590fead15ec17982177271525a3/screenshot - {}
RESULT: {}
COMMAND: POST /session/f2664590fead15ec17982177271525a3/execute/async - {"script":"<script> [1562 bytes]","args":[{"selector":{"controlType":"sap.m.SearchField","properties":{"placeholder":"Search"},"searchOpenDialogs":true,"interaction":{"idSuffix":"I"}},"wdio_ui5_key":"sapm.SearchField{\"placeholder\":\"Search\"}"}]}
RESULT: {"script":"<script> [1562 bytes]","args":[{"selector":{"controlType":"sap.m.SearchField","properties":{"placeholder":"Search"},"searchOpenDialogs":true,"interaction":{"idSuffix":"I"}},"wdio_ui5_key":"sapm.SearchField{\"placeholder\":\"Search\"}"}]}
RESULT: undefined
COMMAND: POST /session/f2664590fead15ec17982177271525a3/execute/async - {"script":"<script> [776 bytes]","args":[{"enterText":"4000360","selector":{"controlType":"sap.m.SearchField","properties":{"placeholder":"Search"},"searchOpenDialogs":true,"interaction":{"idSuffix":"I"}},"clearTextFirst":true,"interactionType":"ENTER_TEXT"}]}
RESULT: {"script":"<script> [776 bytes]","args":[{"enterText":"4000360","selector":{"controlType":"sap.m.SearchField","properties":{"placeholder":"Search"},"searchOpenDialogs":true,"interaction":{"idSuffix":"I"}},"clearTextFirst":true,"interactionType":"ENTER_TEXT"}]}
COMMAND: POST /session/f2664590fead15ec17982177271525a3/actions - {"actions":[{"id":"action48","type":"key","parameters":{},"actions":[{"type":"keyDown","value":"î€‡"},{"type":"pause","duration":10},{"type":"keyUp","value":"î€‡"}]}]}
RESULT: {"actions":[{"id":"action48","type":"key","parameters":{},"actions":[{"type":"keyDown","value":"î€‡"},{"type":"pause","duration":10},{"type":"keyUp","value":"î€‡"}]}]}
COMMAND: GET /session/f2664590fead15ec17982177271525a3/screenshot - {}
RESULT: {}
COMMAND: POST /session/f2664590fead15ec17982177271525a3/element - {"using":"xpath","value":"//td/div/span[contains(text(), \"BGL Vehicles\")]"}
RESULT: {"using":"xpath","value":"//td/div/span[contains(text(), \"BGL Vehicles\")]"}
COMMAND: POST /session/f2664590fead15ec17982177271525a3/element/f.00969020EDAB38E57A85DBAFB8D2C3DD.d.8F99D3C8B556DC119BB6835E94B6C37B.e.13114/click - {}
RESULT: {}
COMMAND: GET /session/f2664590fead15ec17982177271525a3/screenshot - {}
RESULT: {}
COMMAND: POST /session/f2664590fead15ec17982177271525a3/element - {"using":"xpath","value":"//bdi[contains(text(), \"OK\")]"}
RESULT: {"using":"xpath","value":"//bdi[contains(text(), \"OK\")]"}
COMMAND: POST /session/f2664590fead15ec17982177271525a3/element/f.00969020EDAB38E57A85DBAFB8D2C3DD.d.8F99D3C8B556DC119BB6835E94B6C37B.e.13115/click - {}
RESULT: {}
COMMAND: GET /session/f2664590fead15ec17982177271525a3/screenshot - {}
RESULT: {}
COMMAND: POST /session/f2664590fead15ec17982177271525a3/execute/async - {"script":"<script> [1562 bytes]","args":[{"selector":{"id":"application-manageresources-display-component---newResourceUnit--newRRUPage-anchBar-application-manageresources-display-component---newResourceUnit--resource-anchor","interaction":{"idSuffix":"BDI-content"}},"wdio_ui5_key":"applicationmanageresources-display-component---newResourceUnit--newRRUPage-anchBar-application-manageresources-display-component---newResourceUnit--resource-anchor"}]}
RESULT: {"script":"<script> [1562 bytes]","args":[{"selector":{"id":"application-manageresources-display-component---newResourceUnit--newRRUPage-anchBar-application-manageresources-display-component---newResourceUnit--resource-anchor","interaction":{"idSuffix":"BDI-content"}},"wdio_ui5_key":"applicationmanageresources-display-component---newResourceUnit--newRRUPage-anchBar-application-manageresources-display-component---newResourceUnit--resource-anchor"}]}
RESULT: undefined
COMMAND: POST /session/f2664590fead15ec17982177271525a3/element - {"using":"xpath","value":"//*[@id=\"application-manageresources-display-component---newResourceUnit--newRRUPage-anchBar-application-manageresources-display-component---newResourceUnit--resource-anchor\"]"}
RESULT: {"using":"xpath","value":"//*[@id=\"application-manageresources-display-component---newResourceUnit--newRRUPage-anchBar-application-manageresources-display-component---newResourceUnit--resource-anchor\"]"}
COMMAND: POST /session/f2664590fead15ec17982177271525a3/element/f.00969020EDAB38E57A85DBAFB8D2C3DD.d.8F99D3C8B556DC119BB6835E94B6C37B.e.13119/click - {}
RESULT: {}
COMMAND: POST /session/f2664590fead15ec17982177271525a3/execute/async - {"script":"<script> [1562 bytes]","args":[{"selector":{"id":"application-manageresources-display-component---newResourceUnit--PLANNED_DELIVERY_DATE","interaction":{"idSuffix":"inner"}},"wdio_ui5_key":"applicationmanageresources-display-component---newResourceUnit--PLANNED_DELIVERY_DATE"}]}
COMMAND: GET /session/f2664590fead15ec17982177271525a3/screenshot - {}
RESULT: {"script":"<script> [1562 bytes]","args":[{"selector":{"id":"application-manageresources-display-component---newResourceUnit--PLANNED_DELIVERY_DATE","interaction":{"idSuffix":"inner"}},"wdio_ui5_key":"applicationmanageresources-display-component---newResourceUnit--PLANNED_DELIVERY_DATE"}]}
RESULT: undefined
COMMAND: POST /session/f2664590fead15ec17982177271525a3/execute/async - {"script":"<script> [6424 bytes]","args":[{"element-6066-11e4-a52e-4f735466cecf":"f.00969020EDAB38E57A85DBAFB8D2C3DD.d.8F99D3C8B556DC119BB6835E94B6C37B.e.12979"},"setValue",["5/7/25"]]}
RESULT: {}
RESULT: {"script":"<script> [6424 bytes]","args":[{"element-6066-11e4-a52e-4f735466cecf":"f.00969020EDAB38E57A85DBAFB8D2C3DD.d.8F99D3C8B556DC119BB6835E94B6C37B.e.12979"},"setValue",["5/7/25"]]}
COMMAND: POST /session/f2664590fead15ec17982177271525a3/element - {"using":"xpath","value":"//label[contains(@class, 'sapMLabelRequired') and .//bdi[contains(text(), 'Planned Retirement')]]"}
RESULT: {"using":"xpath","value":"//label[contains(@class, 'sapMLabelRequired') and .//bdi[contains(text(), 'Planned Retirement')]]"}
COMMAND: POST /session/f2664590fead15ec17982177271525a3/elements - {"using":"xpath","value":"//label[contains(@class, 'sapMLabelRequired') and .//bdi[contains(text(), 'Planned Retirement')]]"}
RESULT: {"using":"xpath","value":"//label[contains(@class, 'sapMLabelRequired') and .//bdi[contains(text(), 'Planned Retirement')]]"}
COMMAND: POST /session/f2664590fead15ec17982177271525a3/element - {"using":"xpath","value":"//button[@data-kt=\"resourceUnitSaveButton\"]"}
RESULT: {"using":"xpath","value":"//button[@data-kt=\"resourceUnitSaveButton\"]"}
COMMAND: POST /session/f2664590fead15ec17982177271525a3/element/f.00969020EDAB38E57A85DBAFB8D2C3DD.d.8F99D3C8B556DC119BB6835E94B6C37B.e.12939/click - {}
RESULT: {}
COMMAND: GET /session/f2664590fead15ec17982177271525a3/screenshot - {}
RESULT: {}
COMMAND: POST /session/f2664590fead15ec17982177271525a3/element - {"using":"xpath","value":"//bdi[contains(text(), \"Close\")]"}
RESULT: {"using":"xpath","value":"//bdi[contains(text(), \"Close\")]"}
COMMAND: POST /session/f2664590fead15ec17982177271525a3/element/f.00969020EDAB38E57A85DBAFB8D2C3DD.d.8F99D3C8B556DC119BB6835E94B6C37B.e.13127/click - {}
RESULT: {}
COMMAND: GET /session/f2664590fead15ec17982177271525a3/screenshot - {}
RESULT: {}
COMMAND: POST /session/f2664590fead15ec17982177271525a3/element - {"using":"xpath","value":"(//button[contains(@id ,\"actionsToolbar-overflowButton\")])[1]"}
RESULT: {"using":"xpath","value":"(//button[contains(@id ,\"actionsToolbar-overflowButton\")])[1]"}
COMMAND: POST /session/f2664590fead15ec17982177271525a3/element/f.00969020EDAB38E57A85DBAFB8D2C3DD.d.8F99D3C8B556DC119BB6835E94B6C37B.e.13160/click - {}
RESULT: {}
COMMAND: GET /session/f2664590fead15ec17982177271525a3/screenshot - {}
RESULT: {}
COMMAND: POST /session/f2664590fead15ec17982177271525a3/element - {"using":"xpath","value":"//button[@data-kt=\"priceInfoButton\"]"}
RESULT: {"using":"xpath","value":"//button[@data-kt=\"priceInfoButton\"]"}
COMMAND: POST /session/f2664590fead15ec17982177271525a3/element/f.00969020EDAB38E57A85DBAFB8D2C3DD.d.8F99D3C8B556DC119BB6835E94B6C37B.e.13162/click - {}
RESULT: {}
COMMAND: GET /session/f2664590fead15ec17982177271525a3/screenshot - {}
RESULT: {}
]]></system-out>
    </testcase>
    <testcase classname="chrome.135_0_7049_115.windows.Billing_transfer_US117289" name="Should create new pricing rule" time="56.556">
      <system-out><![CDATA[
COMMAND: POST /session/f2664590fead15ec17982177271525a3/element - {"using":"xpath","value":"//button[@data-kt=\"addButton\"]"}
RESULT: {"using":"xpath","value":"//button[@data-kt=\"addButton\"]"}
COMMAND: POST /session/f2664590fead15ec17982177271525a3/elements - {"using":"xpath","value":"//button[@data-kt=\"addButton\"]"}
RESULT: {"using":"xpath","value":"//button[@data-kt=\"addButton\"]"}
COMMAND: POST /session/f2664590fead15ec17982177271525a3/execute/sync - {"script":"<script> [8489 bytes]","args":[{"element-6066-11e4-a52e-4f735466cecf":"f.00969020EDAB38E57A85DBAFB8D2C3DD.d.8F99D3C8B556DC119BB6835E94B6C37B.e.13202","ELEMENT":"f.00969020EDAB38E57A85DBAFB8D2C3DD.d.8F99D3C8B556DC119BB6835E94B6C37B.e.13202"}]}
RESULT: {"script":"<script> [8489 bytes]","args":[{"element-6066-11e4-a52e-4f735466cecf":"f.00969020EDAB38E57A85DBAFB8D2C3DD.d.8F99D3C8B556DC119BB6835E94B6C37B.e.13202","ELEMENT":"f.00969020EDAB38E57A85DBAFB8D2C3DD.d.8F99D3C8B556DC119BB6835E94B6C37B.e.13202"}]}
COMMAND: GET /session/f2664590fead15ec17982177271525a3/element/f.00969020EDAB38E57A85DBAFB8D2C3DD.d.8F99D3C8B556DC119BB6835E94B6C37B.e.13202/enabled - {}
COMMAND: GET /session/f2664590fead15ec17982177271525a3/screenshot - {}
RESULT: {}
COMMAND: POST /session/f2664590fead15ec17982177271525a3/execute/sync - {"script":"<script> [8489 bytes]","args":[{"element-6066-11e4-a52e-4f735466cecf":"f.00969020EDAB38E57A85DBAFB8D2C3DD.d.8F99D3C8B556DC119BB6835E94B6C37B.e.13202","ELEMENT":"f.00969020EDAB38E57A85DBAFB8D2C3DD.d.8F99D3C8B556DC119BB6835E94B6C37B.e.13202"}]}
COMMAND: GET /session/f2664590fead15ec17982177271525a3/screenshot - {}
RESULT: {}
RESULT: {"script":"<script> [8489 bytes]","args":[{"element-6066-11e4-a52e-4f735466cecf":"f.00969020EDAB38E57A85DBAFB8D2C3DD.d.8F99D3C8B556DC119BB6835E94B6C37B.e.13202","ELEMENT":"f.00969020EDAB38E57A85DBAFB8D2C3DD.d.8F99D3C8B556DC119BB6835E94B6C37B.e.13202"}]}
COMMAND: POST /session/f2664590fead15ec17982177271525a3/execute/sync - {"script":"<script> [5351 bytes]","args":[{"element-6066-11e4-a52e-4f735466cecf":"f.00969020EDAB38E57A85DBAFB8D2C3DD.d.8F99D3C8B556DC119BB6835E94B6C37B.e.13202","ELEMENT":"f.00969020EDAB38E57A85DBAFB8D2C3DD.d.8F99D3C8B556DC119BB6835E94B6C37B.e.13202"}]}
COMMAND: GET /session/f2664590fead15ec17982177271525a3/screenshot - {}
RESULT: {}
RESULT: {"script":"<script> [5351 bytes]","args":[{"element-6066-11e4-a52e-4f735466cecf":"f.00969020EDAB38E57A85DBAFB8D2C3DD.d.8F99D3C8B556DC119BB6835E94B6C37B.e.13202","ELEMENT":"f.00969020EDAB38E57A85DBAFB8D2C3DD.d.8F99D3C8B556DC119BB6835E94B6C37B.e.13202"}]}
COMMAND: POST /session/f2664590fead15ec17982177271525a3/element/f.00969020EDAB38E57A85DBAFB8D2C3DD.d.8F99D3C8B556DC119BB6835E94B6C37B.e.13202/click - {}
COMMAND: GET /session/f2664590fead15ec17982177271525a3/screenshot - {}
RESULT: {}
RESULT: {}
COMMAND: GET /session/f2664590fead15ec17982177271525a3/screenshot - {}
RESULT: {}
RESULT: {}
COMMAND: POST /session/f2664590fead15ec17982177271525a3/execute/async - {"script":"<script> [1562 bytes]","args":[{"selector":{"controlType":"sap.m.Title","viewName":"etm.portal.ui.managepricingrules.view.NewItem","viewId":"application-managepricingrules-display-component---newInfoPriceItem","properties":{"text":"New Pricing Rules - Item Level"}},"wdio_ui5_key":"etmportal.ui.managepricingrules.view.NewItemsap.m.Title{\"text\":\"New Pricing Rules - Item Level\"}"}]}
RESULT: {"script":"<script> [1562 bytes]","args":[{"selector":{"controlType":"sap.m.Title","viewName":"etm.portal.ui.managepricingrules.view.NewItem","viewId":"application-managepricingrules-display-component---newInfoPriceItem","properties":{"text":"New Pricing Rules - Item Level"}},"wdio_ui5_key":"etmportal.ui.managepricingrules.view.NewItemsap.m.Title{\"text\":\"New Pricing Rules - Item Level\"}"}]}
RESULT: undefined
COMMAND: POST /session/f2664590fead15ec17982177271525a3/execute/async - {"script":"<script> [6424 bytes]","args":[{"element-6066-11e4-a52e-4f735466cecf":"f.00969020EDAB38E57A85DBAFB8D2C3DD.d.8F99D3C8B556DC119BB6835E94B6C37B.e.13370"},"getText",[]]}
RESULT: {"script":"<script> [6424 bytes]","args":[{"element-6066-11e4-a52e-4f735466cecf":"f.00969020EDAB38E57A85DBAFB8D2C3DD.d.8F99D3C8B556DC119BB6835E94B6C37B.e.13370"},"getText",[]]}
COMMAND: POST /session/f2664590fead15ec17982177271525a3/execute/async - {"script":"<script> [1562 bytes]","args":[{"selector":{"id":"application-managepricingrules-display-component---newInfoPriceItem--condValidTo","interaction":{"idSuffix":"inner"}},"wdio_ui5_key":"applicationmanagepricingrules-display-component---newInfoPriceItem--condValidTo"}]}
RESULT: {"script":"<script> [1562 bytes]","args":[{"selector":{"id":"application-managepricingrules-display-component---newInfoPriceItem--condValidTo","interaction":{"idSuffix":"inner"}},"wdio_ui5_key":"applicationmanagepricingrules-display-component---newInfoPriceItem--condValidTo"}]}
RESULT: undefined
COMMAND: POST /session/f2664590fead15ec17982177271525a3/execute/async - {"script":"<script> [776 bytes]","args":[{"enterText":"01/07/26","selector":{"id":"application-managepricingrules-display-component---newInfoPriceItem--condValidTo","interaction":{"idSuffix":"inner"}},"clearTextFirst":true,"interactionType":"ENTER_TEXT"}]}
RESULT: {"script":"<script> [776 bytes]","args":[{"enterText":"01/07/26","selector":{"id":"application-managepricingrules-display-component---newInfoPriceItem--condValidTo","interaction":{"idSuffix":"inner"}},"clearTextFirst":true,"interactionType":"ENTER_TEXT"}]}
COMMAND: POST /session/f2664590fead15ec17982177271525a3/execute/async - {"script":"<script> [1562 bytes]","args":[{"selector":{"id":"application-managepricingrules-display-component---newInfoPriceItem--billType-arrow"},"wdio_ui5_key":"applicationmanagepricingrules-display-component---newInfoPriceItem--billType-arrow"}]}
RESULT: {"script":"<script> [1562 bytes]","args":[{"selector":{"id":"application-managepricingrules-display-component---newInfoPriceItem--billType-arrow"},"wdio_ui5_key":"applicationmanagepricingrules-display-component---newInfoPriceItem--billType-arrow"}]}
RESULT: undefined
COMMAND: POST /session/f2664590fead15ec17982177271525a3/element - {"using":"xpath","value":"//*[@id=\"application-managepricingrules-display-component---newInfoPriceItem--billType-arrow\"]"}
RESULT: {"using":"xpath","value":"//*[@id=\"application-managepricingrules-display-component---newInfoPriceItem--billType-arrow\"]"}
COMMAND: POST /session/f2664590fead15ec17982177271525a3/element/f.00969020EDAB38E57A85DBAFB8D2C3DD.d.8F99D3C8B556DC119BB6835E94B6C37B.e.13330/click - {}
RESULT: {}
COMMAND: POST /session/f2664590fead15ec17982177271525a3/element - {"using":"xpath","value":"//span[contains(text(), \"TB - Time based\")]"}
COMMAND: GET /session/f2664590fead15ec17982177271525a3/screenshot - {}
RESULT: {"using":"xpath","value":"//span[contains(text(), \"TB - Time based\")]"}
COMMAND: POST /session/f2664590fead15ec17982177271525a3/element/f.00969020EDAB38E57A85DBAFB8D2C3DD.d.8F99D3C8B556DC119BB6835E94B6C37B.e.13372/click - {}
RESULT: {}
RESULT: {}
COMMAND: POST /session/f2664590fead15ec17982177271525a3/execute/async - {"script":"<script> [1562 bytes]","args":[{"selector":{"id":"application-managepricingrules-display-component---newInfoPriceItem--priceProc-arrow"},"wdio_ui5_key":"applicationmanagepricingrules-display-component---newInfoPriceItem--priceProc-arrow"}]}
COMMAND: GET /session/f2664590fead15ec17982177271525a3/screenshot - {}
RESULT: {"script":"<script> [1562 bytes]","args":[{"selector":{"id":"application-managepricingrules-display-component---newInfoPriceItem--priceProc-arrow"},"wdio_ui5_key":"applicationmanagepricingrules-display-component---newInfoPriceItem--priceProc-arrow"}]}
RESULT: undefined
COMMAND: POST /session/f2664590fead15ec17982177271525a3/element - {"using":"xpath","value":"//*[@id=\"application-managepricingrules-display-component---newInfoPriceItem--priceProc-arrow\"]"}
RESULT: {}
RESULT: {"using":"xpath","value":"//*[@id=\"application-managepricingrules-display-component---newInfoPriceItem--priceProc-arrow\"]"}
COMMAND: POST /session/f2664590fead15ec17982177271525a3/element/f.00969020EDAB38E57A85DBAFB8D2C3DD.d.8F99D3C8B556DC119BB6835E94B6C37B.e.13337/click - {}
RESULT: {}
COMMAND: POST /session/f2664590fead15ec17982177271525a3/element - {"using":"xpath","value":"//span[contains(text(), \"TBS - Time based standard\")]"}
COMMAND: GET /session/f2664590fead15ec17982177271525a3/screenshot - {}
RESULT: {"using":"xpath","value":"//span[contains(text(), \"TBS - Time based standard\")]"}
COMMAND: POST /session/f2664590fead15ec17982177271525a3/element/f.00969020EDAB38E57A85DBAFB8D2C3DD.d.8F99D3C8B556DC119BB6835E94B6C37B.e.13373/click - {}
RESULT: {}
RESULT: {}
COMMAND: POST /session/f2664590fead15ec17982177271525a3/execute/async - {"script":"<script> [1562 bytes]","args":[{"selector":{"id":"application-managepricingrules-display-component---newInfoPriceItem--calcBase-arrow"},"wdio_ui5_key":"applicationmanagepricingrules-display-component---newInfoPriceItem--calcBase-arrow"}]}
COMMAND: GET /session/f2664590fead15ec17982177271525a3/screenshot - {}
RESULT: {"script":"<script> [1562 bytes]","args":[{"selector":{"id":"application-managepricingrules-display-component---newInfoPriceItem--calcBase-arrow"},"wdio_ui5_key":"applicationmanagepricingrules-display-component---newInfoPriceItem--calcBase-arrow"}]}
RESULT: undefined
COMMAND: POST /session/f2664590fead15ec17982177271525a3/element - {"using":"xpath","value":"//*[@id=\"application-managepricingrules-display-component---newInfoPriceItem--calcBase-arrow\"]"}
RESULT: {}
RESULT: {"using":"xpath","value":"//*[@id=\"application-managepricingrules-display-component---newInfoPriceItem--calcBase-arrow\"]"}
COMMAND: POST /session/f2664590fead15ec17982177271525a3/element/f.00969020EDAB38E57A85DBAFB8D2C3DD.d.8F99D3C8B556DC119BB6835E94B6C37B.e.13344/click - {}
RESULT: {}
COMMAND: GET /session/f2664590fead15ec17982177271525a3/screenshot - {}
RESULT: {}
COMMAND: POST /session/f2664590fead15ec17982177271525a3/element - {"using":"xpath","value":"//span[contains(text(), \"0006 - TB(calendar days)\")]"}
RESULT: {"using":"xpath","value":"//span[contains(text(), \"0006 - TB(calendar days)\")]"}
COMMAND: POST /session/f2664590fead15ec17982177271525a3/element/f.00969020EDAB38E57A85DBAFB8D2C3DD.d.8F99D3C8B556DC119BB6835E94B6C37B.e.13374/click - {}
RESULT: {}
COMMAND: GET /session/f2664590fead15ec17982177271525a3/screenshot - {}
RESULT: {}
COMMAND: POST /session/f2664590fead15ec17982177271525a3/execute/async - {"script":"<script> [1562 bytes]","args":[{"selector":{"id":"application-managepricingrules-display-component---newInfoPriceItem--daysMonth","interaction":{"idSuffix":"inner"}},"wdio_ui5_key":"applicationmanagepricingrules-display-component---newInfoPriceItem--daysMonth"}]}
RESULT: {"script":"<script> [1562 bytes]","args":[{"selector":{"id":"application-managepricingrules-display-component---newInfoPriceItem--daysMonth","interaction":{"idSuffix":"inner"}},"wdio_ui5_key":"applicationmanagepricingrules-display-component---newInfoPriceItem--daysMonth"}]}
RESULT: undefined
COMMAND: POST /session/f2664590fead15ec17982177271525a3/execute/async - {"script":"<script> [776 bytes]","args":[{"enterText":"30","selector":{"id":"application-managepricingrules-display-component---newInfoPriceItem--daysMonth","interaction":{"idSuffix":"inner"}},"clearTextFirst":true,"interactionType":"ENTER_TEXT"}]}
RESULT: {"script":"<script> [776 bytes]","args":[{"enterText":"30","selector":{"id":"application-managepricingrules-display-component---newInfoPriceItem--daysMonth","interaction":{"idSuffix":"inner"}},"clearTextFirst":true,"interactionType":"ENTER_TEXT"}]}
COMMAND: POST /session/f2664590fead15ec17982177271525a3/element - {"using":"xpath","value":"//button[@data-kt=\"saveNewRuleButton\"]"}
RESULT: {"using":"xpath","value":"//button[@data-kt=\"saveNewRuleButton\"]"}
COMMAND: POST /session/f2664590fead15ec17982177271525a3/element/f.00969020EDAB38E57A85DBAFB8D2C3DD.d.8F99D3C8B556DC119BB6835E94B6C37B.e.13364/click - {}
RESULT: {}
COMMAND: GET /session/f2664590fead15ec17982177271525a3/screenshot - {}
RESULT: {}
COMMAND: POST /session/f2664590fead15ec17982177271525a3/execute/async - {"script":"<script> [1562 bytes]","args":[{"selector":{"id":"application-managepricingrules-display-component---priceInfoItem--smartFilterBar-btnBasicSearch","interaction":{"idSuffix":"I"}},"wdio_ui5_key":"applicationmanagepricingrules-display-component---priceInfoItem--smartFilterBar-btnBasicSearch"}]}
RESULT: {"script":"<script> [1562 bytes]","args":[{"selector":{"id":"application-managepricingrules-display-component---priceInfoItem--smartFilterBar-btnBasicSearch","interaction":{"idSuffix":"I"}},"wdio_ui5_key":"applicationmanagepricingrules-display-component---priceInfoItem--smartFilterBar-btnBasicSearch"}]}
RESULT: undefined
COMMAND: POST /session/f2664590fead15ec17982177271525a3/execute/async - {"script":"<script> [776 bytes]","args":[{"enterText":"kloydhsoAC","selector":{"id":"application-managepricingrules-display-component---priceInfoItem--smartFilterBar-btnBasicSearch","interaction":{"idSuffix":"I"}},"clearTextFirst":true,"interactionType":"ENTER_TEXT"}]}
RESULT: {"script":"<script> [776 bytes]","args":[{"enterText":"kloydhsoAC","selector":{"id":"application-managepricingrules-display-component---priceInfoItem--smartFilterBar-btnBasicSearch","interaction":{"idSuffix":"I"}},"clearTextFirst":true,"interactionType":"ENTER_TEXT"}]}
COMMAND: POST /session/f2664590fead15ec17982177271525a3/actions - {"actions":[{"id":"action49","type":"key","parameters":{},"actions":[{"type":"keyDown","value":"î€‡"},{"type":"pause","duration":10},{"type":"keyUp","value":"î€‡"}]}]}
RESULT: {"actions":[{"id":"action49","type":"key","parameters":{},"actions":[{"type":"keyDown","value":"î€‡"},{"type":"pause","duration":10},{"type":"keyUp","value":"î€‡"}]}]}
COMMAND: GET /session/f2664590fead15ec17982177271525a3/screenshot - {}
RESULT: {}
COMMAND: POST /session/f2664590fead15ec17982177271525a3/element - {"using":"xpath","value":"//span[@id=\"application-managepricingrules-display-component---priceInfoItem--smartTable-header-inner\"]"}
RESULT: {"using":"xpath","value":"//span[@id=\"application-managepricingrules-display-component---priceInfoItem--smartTable-header-inner\"]"}
COMMAND: POST /session/f2664590fead15ec17982177271525a3/elements - {"using":"xpath","value":"//span[@id=\"application-managepricingrules-display-component---priceInfoItem--smartTable-header-inner\"]"}
RESULT: {"using":"xpath","value":"//span[@id=\"application-managepricingrules-display-component---priceInfoItem--smartTable-header-inner\"]"}
COMMAND: POST /session/f2664590fead15ec17982177271525a3/execute/sync - {"script":"<script> [56 bytes]","args":[{"element-6066-11e4-a52e-4f735466cecf":"f.00969020EDAB38E57A85DBAFB8D2C3DD.d.8F99D3C8B556DC119BB6835E94B6C37B.e.13399","ELEMENT":"f.00969020EDAB38E57A85DBAFB8D2C3DD.d.8F99D3C8B556DC119BB6835E94B6C37B.e.13399"}]}
RESULT: {"script":"<script> [56 bytes]","args":[{"element-6066-11e4-a52e-4f735466cecf":"f.00969020EDAB38E57A85DBAFB8D2C3DD.d.8F99D3C8B556DC119BB6835E94B6C37B.e.13399","ELEMENT":"f.00969020EDAB38E57A85DBAFB8D2C3DD.d.8F99D3C8B556DC119BB6835E94B6C37B.e.13399"}]}
COMMAND: POST /session/f2664590fead15ec17982177271525a3/element - {"using":"css selector","value":"#shell-header-logo"}
COMMAND: GET /session/f2664590fead15ec17982177271525a3/screenshot - {}
RESULT: {"using":"css selector","value":"#shell-header-logo"}
COMMAND: POST /session/f2664590fead15ec17982177271525a3/element/f.00969020EDAB38E57A85DBAFB8D2C3DD.d.8F99D3C8B556DC119BB6835E94B6C37B.e.12535/click - {}
RESULT: {}
RESULT: {}
COMMAND: GET /session/f2664590fead15ec17982177271525a3/screenshot - {}
RESULT: {}
]]></system-out>
    </testcase>
    <testcase classname="chrome.135_0_7049_115.windows.Billing_transfer_US117289" name="Should create new condition for equipment" time="70.85">
      <system-out><![CDATA[
COMMAND: POST /session/f2664590fead15ec17982177271525a3/execute/async - {"script":"<script> [1562 bytes]","args":[{"selector":{"controlType":"sap.m.Text","properties":{"text":"Manage Conditions & Prices"},"interaction":{"idSuffix":"inner"}},"wdio_ui5_key":"sapm.Text{\"text\":\"Manage Conditions & Prices\"}"}]}
RESULT: {"script":"<script> [1562 bytes]","args":[{"selector":{"controlType":"sap.m.Text","properties":{"text":"Manage Conditions & Prices"},"interaction":{"idSuffix":"inner"}},"wdio_ui5_key":"sapm.Text{\"text\":\"Manage Conditions & Prices\"}"}]}
RESULT: undefined
COMMAND: POST /session/f2664590fead15ec17982177271525a3/element - {"using":"xpath","value":"//*[@id=\"__tile53-title\"]"}
RESULT: {"using":"xpath","value":"//*[@id=\"__tile53-title\"]"}
COMMAND: POST /session/f2664590fead15ec17982177271525a3/element/f.00969020EDAB38E57A85DBAFB8D2C3DD.d.8F99D3C8B556DC119BB6835E94B6C37B.e.13402/click - {}
RESULT: {}
COMMAND: POST /session/f2664590fead15ec17982177271525a3/element - {"using":"xpath","value":"//button[@aria-label=\"Create\"]"}
COMMAND: GET /session/f2664590fead15ec17982177271525a3/screenshot - {}
RESULT: {"using":"xpath","value":"//button[@aria-label=\"Create\"]"}
COMMAND: POST /session/f2664590fead15ec17982177271525a3/elements - {"using":"xpath","value":"//button[@aria-label=\"Create\"]"}
RESULT: {}
RESULT: {"using":"xpath","value":"//button[@aria-label=\"Create\"]"}
COMMAND: POST /session/f2664590fead15ec17982177271525a3/elements - {"using":"xpath","value":"//button[@aria-label=\"Create\"]"}
RESULT: {"using":"xpath","value":"//button[@aria-label=\"Create\"]"}
COMMAND: POST /session/f2664590fead15ec17982177271525a3/element - {"using":"xpath","value":"//button[@aria-label=\"Create\"]"}
RESULT: {"using":"xpath","value":"//button[@aria-label=\"Create\"]"}
COMMAND: POST /session/f2664590fead15ec17982177271525a3/execute/sync - {"script":"<script> [8489 bytes]","args":[{"element-6066-11e4-a52e-4f735466cecf":"f.00969020EDAB38E57A85DBAFB8D2C3DD.d.8F99D3C8B556DC119BB6835E94B6C37B.e.13436","ELEMENT":"f.00969020EDAB38E57A85DBAFB8D2C3DD.d.8F99D3C8B556DC119BB6835E94B6C37B.e.13436"}]}
RESULT: {"script":"<script> [8489 bytes]","args":[{"element-6066-11e4-a52e-4f735466cecf":"f.00969020EDAB38E57A85DBAFB8D2C3DD.d.8F99D3C8B556DC119BB6835E94B6C37B.e.13436","ELEMENT":"f.00969020EDAB38E57A85DBAFB8D2C3DD.d.8F99D3C8B556DC119BB6835E94B6C37B.e.13436"}]}
COMMAND: GET /session/f2664590fead15ec17982177271525a3/element/f.00969020EDAB38E57A85DBAFB8D2C3DD.d.8F99D3C8B556DC119BB6835E94B6C37B.e.13436/enabled - {}
COMMAND: GET /session/f2664590fead15ec17982177271525a3/screenshot - {}
RESULT: {}
COMMAND: POST /session/f2664590fead15ec17982177271525a3/execute/sync - {"script":"<script> [8489 bytes]","args":[{"element-6066-11e4-a52e-4f735466cecf":"f.00969020EDAB38E57A85DBAFB8D2C3DD.d.8F99D3C8B556DC119BB6835E94B6C37B.e.13436","ELEMENT":"f.00969020EDAB38E57A85DBAFB8D2C3DD.d.8F99D3C8B556DC119BB6835E94B6C37B.e.13436"}]}
COMMAND: GET /session/f2664590fead15ec17982177271525a3/screenshot - {}
RESULT: {}
RESULT: {"script":"<script> [8489 bytes]","args":[{"element-6066-11e4-a52e-4f735466cecf":"f.00969020EDAB38E57A85DBAFB8D2C3DD.d.8F99D3C8B556DC119BB6835E94B6C37B.e.13436","ELEMENT":"f.00969020EDAB38E57A85DBAFB8D2C3DD.d.8F99D3C8B556DC119BB6835E94B6C37B.e.13436"}]}
COMMAND: POST /session/f2664590fead15ec17982177271525a3/execute/sync - {"script":"<script> [5351 bytes]","args":[{"element-6066-11e4-a52e-4f735466cecf":"f.00969020EDAB38E57A85DBAFB8D2C3DD.d.8F99D3C8B556DC119BB6835E94B6C37B.e.13436","ELEMENT":"f.00969020EDAB38E57A85DBAFB8D2C3DD.d.8F99D3C8B556DC119BB6835E94B6C37B.e.13436"}]}
COMMAND: GET /session/f2664590fead15ec17982177271525a3/screenshot - {}
RESULT: {}
RESULT: {"script":"<script> [5351 bytes]","args":[{"element-6066-11e4-a52e-4f735466cecf":"f.00969020EDAB38E57A85DBAFB8D2C3DD.d.8F99D3C8B556DC119BB6835E94B6C37B.e.13436","ELEMENT":"f.00969020EDAB38E57A85DBAFB8D2C3DD.d.8F99D3C8B556DC119BB6835E94B6C37B.e.13436"}]}
COMMAND: POST /session/f2664590fead15ec17982177271525a3/element/f.00969020EDAB38E57A85DBAFB8D2C3DD.d.8F99D3C8B556DC119BB6835E94B6C37B.e.13436/click - {}
COMMAND: GET /session/f2664590fead15ec17982177271525a3/screenshot - {}
RESULT: {}
RESULT: {}
COMMAND: GET /session/f2664590fead15ec17982177271525a3/screenshot - {}
RESULT: {}
RESULT: {}
COMMAND: POST /session/f2664590fead15ec17982177271525a3/actions - {"actions":[{"id":"action50","type":"key","parameters":{},"actions":[{"type":"keyDown","value":"î€‡"},{"type":"pause","duration":10},{"type":"keyUp","value":"î€‡"}]}]}
RESULT: {"actions":[{"id":"action50","type":"key","parameters":{},"actions":[{"type":"keyDown","value":"î€‡"},{"type":"pause","duration":10},{"type":"keyUp","value":"î€‡"}]}]}
COMMAND: GET /session/f2664590fead15ec17982177271525a3/screenshot - {}
RESULT: {}
COMMAND: POST /session/f2664590fead15ec17982177271525a3/execute/async - {"script":"<script> [1562 bytes]","args":[{"selector":{"id":"application-manageconditionprice-display-component---newCondition--condBillCond-arrow"},"wdio_ui5_key":"applicationmanageconditionprice-display-component---newCondition--condBillCond-arrow"}]}
RESULT: {"script":"<script> [1562 bytes]","args":[{"selector":{"id":"application-manageconditionprice-display-component---newCondition--condBillCond-arrow"},"wdio_ui5_key":"applicationmanageconditionprice-display-component---newCondition--condBillCond-arrow"}]}
RESULT: undefined
COMMAND: POST /session/f2664590fead15ec17982177271525a3/element - {"using":"xpath","value":"//*[@id=\"application-manageconditionprice-display-component---newCondition--condBillCond-arrow\"]"}
RESULT: {"using":"xpath","value":"//*[@id=\"application-manageconditionprice-display-component---newCondition--condBillCond-arrow\"]"}
COMMAND: POST /session/f2664590fead15ec17982177271525a3/element/f.00969020EDAB38E57A85DBAFB8D2C3DD.d.8F99D3C8B556DC119BB6835E94B6C37B.e.13616/click - {}
RESULT: {}
COMMAND: GET /session/f2664590fead15ec17982177271525a3/screenshot - {}
RESULT: {}
COMMAND: POST /session/f2664590fead15ec17982177271525a3/element - {"using":"xpath","value":"//li[.//span[contains(text(), \"DISP - D&I special price\")]]"}
RESULT: {"using":"xpath","value":"//li[.//span[contains(text(), \"DISP - D&I special price\")]]"}
COMMAND: POST /session/f2664590fead15ec17982177271525a3/element/f.00969020EDAB38E57A85DBAFB8D2C3DD.d.8F99D3C8B556DC119BB6835E94B6C37B.e.13619/click - {}
RESULT: {}
COMMAND: GET /session/f2664590fead15ec17982177271525a3/screenshot - {}
RESULT: {}
COMMAND: POST /session/f2664590fead15ec17982177271525a3/execute/async - {"script":"<script> [1562 bytes]","args":[{"selector":{"id":"application-manageconditionprice-display-component---newCondition--condValidTo","interaction":{"idSuffix":"inner"}},"wdio_ui5_key":"applicationmanageconditionprice-display-component---newCondition--condValidTo"}]}
RESULT: {"script":"<script> [1562 bytes]","args":[{"selector":{"id":"application-manageconditionprice-display-component---newCondition--condValidTo","interaction":{"idSuffix":"inner"}},"wdio_ui5_key":"applicationmanageconditionprice-display-component---newCondition--condValidTo"}]}
RESULT: undefined
COMMAND: POST /session/f2664590fead15ec17982177271525a3/execute/async - {"script":"<script> [776 bytes]","args":[{"enterText":"01/07/26","selector":{"id":"application-manageconditionprice-display-component---newCondition--condValidTo","interaction":{"idSuffix":"inner"}},"clearTextFirst":true,"interactionType":"ENTER_TEXT"}]}
RESULT: {"script":"<script> [776 bytes]","args":[{"enterText":"01/07/26","selector":{"id":"application-manageconditionprice-display-component---newCondition--condValidTo","interaction":{"idSuffix":"inner"}},"clearTextFirst":true,"interactionType":"ENTER_TEXT"}]}
COMMAND: POST /session/f2664590fead15ec17982177271525a3/element - {"using":"xpath","value":"//input[@id=\"application-manageconditionprice-display-component---newCondition--condRU-inner\"]"}
RESULT: {"using":"xpath","value":"//input[@id=\"application-manageconditionprice-display-component---newCondition--condRU-inner\"]"}
COMMAND: POST /session/f2664590fead15ec17982177271525a3/element/f.00969020EDAB38E57A85DBAFB8D2C3DD.d.8F99D3C8B556DC119BB6835E94B6C37B.e.13481/clear - {}
RESULT: {}
COMMAND: POST /session/f2664590fead15ec17982177271525a3/element/f.00969020EDAB38E57A85DBAFB8D2C3DD.d.8F99D3C8B556DC119BB6835E94B6C37B.e.13481/value - {"text":"kloydhsoAC"}
COMMAND: GET /session/f2664590fead15ec17982177271525a3/screenshot - {}
RESULT: {"text":"kloydhsoAC"}
COMMAND: GET /session/f2664590fead15ec17982177271525a3/screenshot - {}
RESULT: {}
RESULT: {}
COMMAND: POST /session/f2664590fead15ec17982177271525a3/actions - {"actions":[{"id":"action51","type":"key","parameters":{},"actions":[{"type":"keyDown","value":"î€‡"},{"type":"pause","duration":10},{"type":"keyUp","value":"î€‡"}]}]}
RESULT: {"actions":[{"id":"action51","type":"key","parameters":{},"actions":[{"type":"keyDown","value":"î€‡"},{"type":"pause","duration":10},{"type":"keyUp","value":"î€‡"}]}]}
COMMAND: POST /session/f2664590fead15ec17982177271525a3/execute/async - {"script":"<script> [1562 bytes]","args":[{"selector":{"id":"application-manageconditionprice-display-component---newCondition--condBaseQty","interaction":{"idSuffix":"inner"}},"wdio_ui5_key":"applicationmanageconditionprice-display-component---newCondition--condBaseQty"}]}
COMMAND: GET /session/f2664590fead15ec17982177271525a3/screenshot - {}
RESULT: {"script":"<script> [1562 bytes]","args":[{"selector":{"id":"application-manageconditionprice-display-component---newCondition--condBaseQty","interaction":{"idSuffix":"inner"}},"wdio_ui5_key":"applicationmanageconditionprice-display-component---newCondition--condBaseQty"}]}
RESULT: undefined
COMMAND: POST /session/f2664590fead15ec17982177271525a3/execute/async - {"script":"<script> [776 bytes]","args":[{"enterText":"1","selector":{"id":"application-manageconditionprice-display-component---newCondition--condBaseQty","interaction":{"idSuffix":"inner"}},"clearTextFirst":true,"interactionType":"ENTER_TEXT"}]}
RESULT: {}
RESULT: {"script":"<script> [776 bytes]","args":[{"enterText":"1","selector":{"id":"application-manageconditionprice-display-component---newCondition--condBaseQty","interaction":{"idSuffix":"inner"}},"clearTextFirst":true,"interactionType":"ENTER_TEXT"}]}
COMMAND: POST /session/f2664590fead15ec17982177271525a3/execute/async - {"script":"<script> [1562 bytes]","args":[{"selector":{"id":"application-manageconditionprice-display-component---newCondition--condValue","interaction":{"idSuffix":"inner"}},"wdio_ui5_key":"applicationmanageconditionprice-display-component---newCondition--condValue"}]}
RESULT: {"script":"<script> [1562 bytes]","args":[{"selector":{"id":"application-manageconditionprice-display-component---newCondition--condValue","interaction":{"idSuffix":"inner"}},"wdio_ui5_key":"applicationmanageconditionprice-display-component---newCondition--condValue"}]}
RESULT: undefined
COMMAND: POST /session/f2664590fead15ec17982177271525a3/execute/async - {"script":"<script> [776 bytes]","args":[{"enterText":"100","selector":{"id":"application-manageconditionprice-display-component---newCondition--condValue","interaction":{"idSuffix":"inner"}},"clearTextFirst":true,"interactionType":"ENTER_TEXT"}]}
RESULT: {"script":"<script> [776 bytes]","args":[{"enterText":"100","selector":{"id":"application-manageconditionprice-display-component---newCondition--condValue","interaction":{"idSuffix":"inner"}},"clearTextFirst":true,"interactionType":"ENTER_TEXT"}]}
COMMAND: POST /session/f2664590fead15ec17982177271525a3/execute/async - {"script":"<script> [1562 bytes]","args":[{"selector":{"id":"application-manageconditionprice-display-component---newCondition--condCurr-arrow"},"wdio_ui5_key":"applicationmanageconditionprice-display-component---newCondition--condCurr-arrow"}]}
RESULT: {"script":"<script> [1562 bytes]","args":[{"selector":{"id":"application-manageconditionprice-display-component---newCondition--condCurr-arrow"},"wdio_ui5_key":"applicationmanageconditionprice-display-component---newCondition--condCurr-arrow"}]}
RESULT: undefined
COMMAND: POST /session/f2664590fead15ec17982177271525a3/element - {"using":"xpath","value":"//*[@id=\"application-manageconditionprice-display-component---newCondition--condCurr-arrow\"]"}
RESULT: {"using":"xpath","value":"//*[@id=\"application-manageconditionprice-display-component---newCondition--condCurr-arrow\"]"}
COMMAND: POST /session/f2664590fead15ec17982177271525a3/element/f.00969020EDAB38E57A85DBAFB8D2C3DD.d.8F99D3C8B556DC119BB6835E94B6C37B.e.13587/click - {}
RESULT: {}
COMMAND: POST /session/f2664590fead15ec17982177271525a3/element - {"using":"xpath","value":"//span[contains(text(), \"Euro\")]"}
COMMAND: GET /session/f2664590fead15ec17982177271525a3/screenshot - {}
RESULT: {"using":"xpath","value":"//span[contains(text(), \"Euro\")]"}
COMMAND: POST /session/f2664590fead15ec17982177271525a3/element/f.00969020EDAB38E57A85DBAFB8D2C3DD.d.8F99D3C8B556DC119BB6835E94B6C37B.e.13655/click - {}
RESULT: {}
RESULT: {}
COMMAND: POST /session/f2664590fead15ec17982177271525a3/element - {"using":"xpath","value":"//button[@data-kt=\"saveButton\"]"}
COMMAND: GET /session/f2664590fead15ec17982177271525a3/screenshot - {}
RESULT: {"using":"xpath","value":"//button[@data-kt=\"saveButton\"]"}
COMMAND: POST /session/f2664590fead15ec17982177271525a3/element/f.00969020EDAB38E57A85DBAFB8D2C3DD.d.8F99D3C8B556DC119BB6835E94B6C37B.e.13588/click - {}
RESULT: {}
RESULT: {}
COMMAND: GET /session/f2664590fead15ec17982177271525a3/screenshot - {}
RESULT: {}
COMMAND: POST /session/f2664590fead15ec17982177271525a3/execute/async - {"script":"<script> [1562 bytes]","args":[{"selector":{"id":"application-manageconditionprice-display-component---conditions--smartFilterBar-btnBasicSearch","interaction":{"idSuffix":"I"}},"wdio_ui5_key":"applicationmanageconditionprice-display-component---conditions--smartFilterBar-btnBasicSearch"}]}
RESULT: {"script":"<script> [1562 bytes]","args":[{"selector":{"id":"application-manageconditionprice-display-component---conditions--smartFilterBar-btnBasicSearch","interaction":{"idSuffix":"I"}},"wdio_ui5_key":"applicationmanageconditionprice-display-component---conditions--smartFilterBar-btnBasicSearch"}]}
RESULT: undefined
COMMAND: POST /session/f2664590fead15ec17982177271525a3/execute/async - {"script":"<script> [776 bytes]","args":[{"enterText":"kloydhsoAC","selector":{"id":"application-manageconditionprice-display-component---conditions--smartFilterBar-btnBasicSearch","interaction":{"idSuffix":"I"}},"clearTextFirst":true,"interactionType":"ENTER_TEXT"}]}
RESULT: {"script":"<script> [776 bytes]","args":[{"enterText":"kloydhsoAC","selector":{"id":"application-manageconditionprice-display-component---conditions--smartFilterBar-btnBasicSearch","interaction":{"idSuffix":"I"}},"clearTextFirst":true,"interactionType":"ENTER_TEXT"}]}
COMMAND: POST /session/f2664590fead15ec17982177271525a3/actions - {"actions":[{"id":"action52","type":"key","parameters":{},"actions":[{"type":"keyDown","value":"î€‡"},{"type":"pause","duration":10},{"type":"keyUp","value":"î€‡"}]}]}
RESULT: {"actions":[{"id":"action52","type":"key","parameters":{},"actions":[{"type":"keyDown","value":"î€‡"},{"type":"pause","duration":10},{"type":"keyUp","value":"î€‡"}]}]}
COMMAND: GET /session/f2664590fead15ec17982177271525a3/screenshot - {}
RESULT: {}
COMMAND: POST /session/f2664590fead15ec17982177271525a3/execute/async - {"script":"<script> [1562 bytes]","args":[{"selector":{"id":"application-manageconditionprice-display-component---conditions--smartFilterBar-filterItemControl_BASIC-BILL_TYPES-vhi"},"wdio_ui5_key":"applicationmanageconditionprice-display-component---conditions--smartFilterBar-filterItemControl_BASIC-BILL_TYPES-vhi"}]}
RESULT: {"script":"<script> [1562 bytes]","args":[{"selector":{"id":"application-manageconditionprice-display-component---conditions--smartFilterBar-filterItemControl_BASIC-BILL_TYPES-vhi"},"wdio_ui5_key":"applicationmanageconditionprice-display-component---conditions--smartFilterBar-filterItemControl_BASIC-BILL_TYPES-vhi"}]}
RESULT: undefined
COMMAND: POST /session/f2664590fead15ec17982177271525a3/element - {"using":"xpath","value":"//*[@id=\"application-manageconditionprice-display-component---conditions--smartFilterBar-filterItemControl_BASIC-BILL_TYPES-vhi\"]"}
RESULT: {"using":"xpath","value":"//*[@id=\"application-manageconditionprice-display-component---conditions--smartFilterBar-filterItemControl_BASIC-BILL_TYPES-vhi\"]"}
COMMAND: POST /session/f2664590fead15ec17982177271525a3/element/f.00969020EDAB38E57A85DBAFB8D2C3DD.d.8F99D3C8B556DC119BB6835E94B6C37B.e.13671/click - {}
RESULT: {}
COMMAND: POST /session/f2664590fead15ec17982177271525a3/execute/async - {"script":"<script> [1562 bytes]","args":[{"selector":{"id":"application-manageconditionprice-display-component---conditions--smartFilterBar-filterItemControl_BASIC-BILL_TYPES-valueHelpDialog-smartFilterBar-btnBasicSearch","searchOpenDialogs":true,"interaction":{"idSuffix":"I"}},"wdio_ui5_key":"applicationmanageconditionprice-display-component---conditions--smartFilterBar-filterItemControl_BASIC-BILL_TYPES-valueHelpDialog-smartFilterBar-btnBasicSearch"}]}
COMMAND: GET /session/f2664590fead15ec17982177271525a3/screenshot - {}
RESULT: {"script":"<script> [1562 bytes]","args":[{"selector":{"id":"application-manageconditionprice-display-component---conditions--smartFilterBar-filterItemControl_BASIC-BILL_TYPES-valueHelpDialog-smartFilterBar-btnBasicSearch","searchOpenDialogs":true,"interaction":{"idSuffix":"I"}},"wdio_ui5_key":"applicationmanageconditionprice-display-component---conditions--smartFilterBar-filterItemControl_BASIC-BILL_TYPES-valueHelpDialog-smartFilterBar-btnBasicSearch"}]}
RESULT: undefined
COMMAND: POST /session/f2664590fead15ec17982177271525a3/execute/async - {"script":"<script> [776 bytes]","args":[{"enterText":"TB","selector":{"id":"application-manageconditionprice-display-component---conditions--smartFilterBar-filterItemControl_BASIC-BILL_TYPES-valueHelpDialog-smartFilterBar-btnBasicSearch","searchOpenDialogs":true,"interaction":{"idSuffix":"I"}},"clearTextFirst":true,"interactionType":"ENTER_TEXT"}]}
RESULT: {}
RESULT: {"script":"<script> [776 bytes]","args":[{"enterText":"TB","selector":{"id":"application-manageconditionprice-display-component---conditions--smartFilterBar-filterItemControl_BASIC-BILL_TYPES-valueHelpDialog-smartFilterBar-btnBasicSearch","searchOpenDialogs":true,"interaction":{"idSuffix":"I"}},"clearTextFirst":true,"interactionType":"ENTER_TEXT"}]}
COMMAND: POST /session/f2664590fead15ec17982177271525a3/actions - {"actions":[{"id":"action53","type":"key","parameters":{},"actions":[{"type":"keyDown","value":"î€‡"},{"type":"pause","duration":10},{"type":"keyUp","value":"î€‡"}]}]}
RESULT: {"actions":[{"id":"action53","type":"key","parameters":{},"actions":[{"type":"keyDown","value":"î€‡"},{"type":"pause","duration":10},{"type":"keyUp","value":"î€‡"}]}]}
COMMAND: GET /session/f2664590fead15ec17982177271525a3/screenshot - {}
RESULT: {}
COMMAND: POST /session/f2664590fead15ec17982177271525a3/element - {"using":"xpath","value":"//div[contains(@id, 'application-manageconditionprice-display-component---conditions--smartFilterBar-filterItemControl_BASIC-BILL_TYPES-valueHelpDialog-table-rowsel0')]"}
RESULT: {"using":"xpath","value":"//div[contains(@id, 'application-manageconditionprice-display-component---conditions--smartFilterBar-filterItemControl_BASIC-BILL_TYPES-valueHelpDialog-table-rowsel0')]"}
COMMAND: POST /session/f2664590fead15ec17982177271525a3/element/f.00969020EDAB38E57A85DBAFB8D2C3DD.d.8F99D3C8B556DC119BB6835E94B6C37B.e.13681/click - {}
RESULT: {}
COMMAND: GET /session/f2664590fead15ec17982177271525a3/screenshot - {}
RESULT: {}
COMMAND: POST /session/f2664590fead15ec17982177271525a3/element - {"using":"xpath","value":"//bdi[contains(text(), \"OK\")]"}
RESULT: {"using":"xpath","value":"//bdi[contains(text(), \"OK\")]"}
COMMAND: POST /session/f2664590fead15ec17982177271525a3/element/f.00969020EDAB38E57A85DBAFB8D2C3DD.d.8F99D3C8B556DC119BB6835E94B6C37B.e.13683/click - {}
RESULT: {}
COMMAND: GET /session/f2664590fead15ec17982177271525a3/screenshot - {}
RESULT: {}
COMMAND: POST /session/f2664590fead15ec17982177271525a3/element - {"using":"xpath","value":"//span[@id=\"application-manageconditionprice-display-component---conditions--smartTable-header-inner\"]"}
RESULT: {"using":"xpath","value":"//span[@id=\"application-manageconditionprice-display-component---conditions--smartTable-header-inner\"]"}
COMMAND: POST /session/f2664590fead15ec17982177271525a3/elements - {"using":"xpath","value":"//span[@id=\"application-manageconditionprice-display-component---conditions--smartTable-header-inner\"]"}
RESULT: {"using":"xpath","value":"//span[@id=\"application-manageconditionprice-display-component---conditions--smartTable-header-inner\"]"}
COMMAND: POST /session/f2664590fead15ec17982177271525a3/execute/sync - {"script":"<script> [56 bytes]","args":[{"element-6066-11e4-a52e-4f735466cecf":"f.00969020EDAB38E57A85DBAFB8D2C3DD.d.8F99D3C8B556DC119BB6835E94B6C37B.e.13686","ELEMENT":"f.00969020EDAB38E57A85DBAFB8D2C3DD.d.8F99D3C8B556DC119BB6835E94B6C37B.e.13686"}]}
RESULT: {"script":"<script> [56 bytes]","args":[{"element-6066-11e4-a52e-4f735466cecf":"f.00969020EDAB38E57A85DBAFB8D2C3DD.d.8F99D3C8B556DC119BB6835E94B6C37B.e.13686","ELEMENT":"f.00969020EDAB38E57A85DBAFB8D2C3DD.d.8F99D3C8B556DC119BB6835E94B6C37B.e.13686"}]}
COMMAND: POST /session/f2664590fead15ec17982177271525a3/element - {"using":"css selector","value":"#shell-header-logo"}
COMMAND: GET /session/f2664590fead15ec17982177271525a3/screenshot - {}
RESULT: {"using":"css selector","value":"#shell-header-logo"}
COMMAND: POST /session/f2664590fead15ec17982177271525a3/element/f.00969020EDAB38E57A85DBAFB8D2C3DD.d.8F99D3C8B556DC119BB6835E94B6C37B.e.13404/click - {}
RESULT: {}
RESULT: {}
COMMAND: GET /session/f2664590fead15ec17982177271525a3/screenshot - {}
RESULT: {}
]]></system-out>
    </testcase>
    <testcase classname="chrome.135_0_7049_115.windows.Billing_transfer_US117289" name="Should do a stock increase" time="93.727">
      <system-out><![CDATA[
COMMAND: POST /session/f2664590fead15ec17982177271525a3/execute/async - {"script":"<script> [1562 bytes]","args":[{"selector":{"controlType":"sap.m.Text","viewName":"etm.portal.ui.managehandoverstile.view.Master","properties":{"text":"Manage Handovers"},"interaction":{"idSuffix":"inner"}},"wdio_ui5_key":"etmportal.ui.managehandoverstile.view.Mastersap.m.Text{\"text\":\"Manage Handovers\"}"}]}
RESULT: {"script":"<script> [1562 bytes]","args":[{"selector":{"controlType":"sap.m.Text","viewName":"etm.portal.ui.managehandoverstile.view.Master","properties":{"text":"Manage Handovers"},"interaction":{"idSuffix":"inner"}},"wdio_ui5_key":"etmportal.ui.managehandoverstile.view.Mastersap.m.Text{\"text\":\"Manage Handovers\"}"}]}
RESULT: undefined
COMMAND: POST /session/f2664590fead15ec17982177271525a3/element - {"using":"xpath","value":"//*[@id=\"__tile132-title\"]"}
RESULT: {"using":"xpath","value":"//*[@id=\"__tile132-title\"]"}
COMMAND: POST /session/f2664590fead15ec17982177271525a3/element/f.00969020EDAB38E57A85DBAFB8D2C3DD.d.8F99D3C8B556DC119BB6835E94B6C37B.e.13691/click - {}
RESULT: {}
COMMAND: POST /session/f2664590fead15ec17982177271525a3/element - {"using":"xpath","value":"//button[@data-kt=\"masterHOAddButton\"]"}
COMMAND: GET /session/f2664590fead15ec17982177271525a3/screenshot - {}
RESULT: {"using":"xpath","value":"//button[@data-kt=\"masterHOAddButton\"]"}
COMMAND: POST /session/f2664590fead15ec17982177271525a3/elements - {"using":"xpath","value":"//button[@data-kt=\"masterHOAddButton\"]"}
RESULT: {}
RESULT: {"using":"xpath","value":"//button[@data-kt=\"masterHOAddButton\"]"}
COMMAND: POST /session/f2664590fead15ec17982177271525a3/elements - {"using":"xpath","value":"//button[@data-kt=\"masterHOAddButton\"]"}
RESULT: {"using":"xpath","value":"//button[@data-kt=\"masterHOAddButton\"]"}
COMMAND: POST /session/f2664590fead15ec17982177271525a3/elements - {"using":"xpath","value":"//button[@data-kt=\"masterHOAddButton\"]"}
RESULT: {"using":"xpath","value":"//button[@data-kt=\"masterHOAddButton\"]"}
COMMAND: POST /session/f2664590fead15ec17982177271525a3/elements - {"using":"xpath","value":"//button[@data-kt=\"masterHOAddButton\"]"}
RESULT: {"using":"xpath","value":"//button[@data-kt=\"masterHOAddButton\"]"}
COMMAND: POST /session/f2664590fead15ec17982177271525a3/elements - {"using":"xpath","value":"//button[@data-kt=\"masterHOAddButton\"]"}
RESULT: {"using":"xpath","value":"//button[@data-kt=\"masterHOAddButton\"]"}
COMMAND: POST /session/f2664590fead15ec17982177271525a3/elements - {"using":"xpath","value":"//button[@data-kt=\"masterHOAddButton\"]"}
RESULT: {"using":"xpath","value":"//button[@data-kt=\"masterHOAddButton\"]"}
COMMAND: POST /session/f2664590fead15ec17982177271525a3/element - {"using":"xpath","value":"//button[@data-kt=\"masterHOAddButton\"]"}
RESULT: {"using":"xpath","value":"//button[@data-kt=\"masterHOAddButton\"]"}
COMMAND: POST /session/f2664590fead15ec17982177271525a3/execute/sync - {"script":"<script> [8489 bytes]","args":[{"element-6066-11e4-a52e-4f735466cecf":"f.00969020EDAB38E57A85DBAFB8D2C3DD.d.8F99D3C8B556DC119BB6835E94B6C37B.e.13722","ELEMENT":"f.00969020EDAB38E57A85DBAFB8D2C3DD.d.8F99D3C8B556DC119BB6835E94B6C37B.e.13722"}]}
RESULT: {"script":"<script> [8489 bytes]","args":[{"element-6066-11e4-a52e-4f735466cecf":"f.00969020EDAB38E57A85DBAFB8D2C3DD.d.8F99D3C8B556DC119BB6835E94B6C37B.e.13722","ELEMENT":"f.00969020EDAB38E57A85DBAFB8D2C3DD.d.8F99D3C8B556DC119BB6835E94B6C37B.e.13722"}]}
COMMAND: GET /session/f2664590fead15ec17982177271525a3/element/f.00969020EDAB38E57A85DBAFB8D2C3DD.d.8F99D3C8B556DC119BB6835E94B6C37B.e.13722/enabled - {}
COMMAND: GET /session/f2664590fead15ec17982177271525a3/screenshot - {}
RESULT: {}
COMMAND: POST /session/f2664590fead15ec17982177271525a3/execute/sync - {"script":"<script> [8489 bytes]","args":[{"element-6066-11e4-a52e-4f735466cecf":"f.00969020EDAB38E57A85DBAFB8D2C3DD.d.8F99D3C8B556DC119BB6835E94B6C37B.e.13722","ELEMENT":"f.00969020EDAB38E57A85DBAFB8D2C3DD.d.8F99D3C8B556DC119BB6835E94B6C37B.e.13722"}]}
COMMAND: GET /session/f2664590fead15ec17982177271525a3/screenshot - {}
RESULT: {}
RESULT: {}
RESULT: {"script":"<script> [8489 bytes]","args":[{"element-6066-11e4-a52e-4f735466cecf":"f.00969020EDAB38E57A85DBAFB8D2C3DD.d.8F99D3C8B556DC119BB6835E94B6C37B.e.13722","ELEMENT":"f.00969020EDAB38E57A85DBAFB8D2C3DD.d.8F99D3C8B556DC119BB6835E94B6C37B.e.13722"}]}
COMMAND: POST /session/f2664590fead15ec17982177271525a3/execute/sync - {"script":"<script> [5351 bytes]","args":[{"element-6066-11e4-a52e-4f735466cecf":"f.00969020EDAB38E57A85DBAFB8D2C3DD.d.8F99D3C8B556DC119BB6835E94B6C37B.e.13722","ELEMENT":"f.00969020EDAB38E57A85DBAFB8D2C3DD.d.8F99D3C8B556DC119BB6835E94B6C37B.e.13722"}]}
COMMAND: GET /session/f2664590fead15ec17982177271525a3/screenshot - {}
RESULT: {"script":"<script> [5351 bytes]","args":[{"element-6066-11e4-a52e-4f735466cecf":"f.00969020EDAB38E57A85DBAFB8D2C3DD.d.8F99D3C8B556DC119BB6835E94B6C37B.e.13722","ELEMENT":"f.00969020EDAB38E57A85DBAFB8D2C3DD.d.8F99D3C8B556DC119BB6835E94B6C37B.e.13722"}]}
COMMAND: POST /session/f2664590fead15ec17982177271525a3/element/f.00969020EDAB38E57A85DBAFB8D2C3DD.d.8F99D3C8B556DC119BB6835E94B6C37B.e.13722/click - {}
COMMAND: GET /session/f2664590fead15ec17982177271525a3/screenshot - {}
RESULT: {}
RESULT: {}
COMMAND: GET /session/f2664590fead15ec17982177271525a3/screenshot - {}
COMMAND: POST /session/f2664590fead15ec17982177271525a3/element - {"using":"xpath","value":"//span[contains(@id ,\"AddNewHO--typeSelect-arrow\")]"}
RESULT: {}
RESULT: {}
RESULT: {"using":"xpath","value":"//span[contains(@id ,\"AddNewHO--typeSelect-arrow\")]"}
COMMAND: POST /session/f2664590fead15ec17982177271525a3/element/f.00969020EDAB38E57A85DBAFB8D2C3DD.d.8F99D3C8B556DC119BB6835E94B6C37B.e.14069/click - {}
RESULT: {}
COMMAND: GET /session/f2664590fead15ec17982177271525a3/screenshot - {}
RESULT: {}
COMMAND: POST /session/f2664590fead15ec17982177271525a3/element - {"using":"xpath","value":"(//li[contains(text(), \"stock increase yard\")])[1]"}
RESULT: {"using":"xpath","value":"(//li[contains(text(), \"stock increase yard\")])[1]"}
COMMAND: POST /session/f2664590fead15ec17982177271525a3/element/f.00969020EDAB38E57A85DBAFB8D2C3DD.d.8F99D3C8B556DC119BB6835E94B6C37B.e.14070/click - {}
RESULT: {}
COMMAND: GET /session/f2664590fead15ec17982177271525a3/screenshot - {}
RESULT: {}
COMMAND: POST /session/f2664590fead15ec17982177271525a3/execute/async - {"script":"<script> [1562 bytes]","args":[{"selector":{"id":"application-managehandovers-display-component---AddNewHO--dueDate","interaction":{"idSuffix":"inner"}},"wdio_ui5_key":"applicationmanagehandovers-display-component---AddNewHO--dueDate"}]}
RESULT: {"script":"<script> [1562 bytes]","args":[{"selector":{"id":"application-managehandovers-display-component---AddNewHO--dueDate","interaction":{"idSuffix":"inner"}},"wdio_ui5_key":"applicationmanagehandovers-display-component---AddNewHO--dueDate"}]}
RESULT: undefined
COMMAND: POST /session/f2664590fead15ec17982177271525a3/execute/async - {"script":"<script> [6424 bytes]","args":[{"element-6066-11e4-a52e-4f735466cecf":"f.00969020EDAB38E57A85DBAFB8D2C3DD.d.8F99D3C8B556DC119BB6835E94B6C37B.e.14074"},"setValue",["05/07/2025"]]}
RESULT: {"script":"<script> [6424 bytes]","args":[{"element-6066-11e4-a52e-4f735466cecf":"f.00969020EDAB38E57A85DBAFB8D2C3DD.d.8F99D3C8B556DC119BB6835E94B6C37B.e.14074"},"setValue",["05/07/2025"]]}
COMMAND: POST /session/f2664590fead15ec17982177271525a3/element - {"using":"xpath","value":"//input[@id=\"generalSectionFrg--receiveYard-inner\"]"}
RESULT: {"using":"xpath","value":"//input[@id=\"generalSectionFrg--receiveYard-inner\"]"}
COMMAND: POST /session/f2664590fead15ec17982177271525a3/element/f.00969020EDAB38E57A85DBAFB8D2C3DD.d.8F99D3C8B556DC119BB6835E94B6C37B.e.14080/clear - {}
RESULT: {}
COMMAND: POST /session/f2664590fead15ec17982177271525a3/element/f.00969020EDAB38E57A85DBAFB8D2C3DD.d.8F99D3C8B556DC119BB6835E94B6C37B.e.14080/value - {"text":"671"}
COMMAND: GET /session/f2664590fead15ec17982177271525a3/screenshot - {}
RESULT: {"text":"671"}
COMMAND: GET /session/f2664590fead15ec17982177271525a3/screenshot - {}
RESULT: {}
RESULT: {}
COMMAND: POST /session/f2664590fead15ec17982177271525a3/element - {"using":"xpath","value":"//li[.//span[text()='671']]"}
RESULT: {"using":"xpath","value":"//li[.//span[text()='671']]"}
COMMAND: POST /session/f2664590fead15ec17982177271525a3/element/f.00969020EDAB38E57A85DBAFB8D2C3DD.d.8F99D3C8B556DC119BB6835E94B6C37B.e.14096/click - {}
RESULT: {}
COMMAND: GET /session/f2664590fead15ec17982177271525a3/screenshot - {}
RESULT: {}
COMMAND: POST /session/f2664590fead15ec17982177271525a3/execute/async - {"script":"<script> [1562 bytes]","args":[{"selector":{"id":"application-managehandovers-display-component---AddNewHO--ObjectPageLayout-anchBar-application-managehandovers-display-component---AddNewHO--section4-anchor","interaction":{"idSuffix":"BDI-content"}},"wdio_ui5_key":"applicationmanagehandovers-display-component---AddNewHO--ObjectPageLayout-anchBar-application-managehandovers-display-component---AddNewHO--section4-anchor"}]}
RESULT: {"script":"<script> [1562 bytes]","args":[{"selector":{"id":"application-managehandovers-display-component---AddNewHO--ObjectPageLayout-anchBar-application-managehandovers-display-component---AddNewHO--section4-anchor","interaction":{"idSuffix":"BDI-content"}},"wdio_ui5_key":"applicationmanagehandovers-display-component---AddNewHO--ObjectPageLayout-anchBar-application-managehandovers-display-component---AddNewHO--section4-anchor"}]}
RESULT: undefined
COMMAND: POST /session/f2664590fead15ec17982177271525a3/element - {"using":"xpath","value":"//*[@id=\"application-managehandovers-display-component---AddNewHO--ObjectPageLayout-anchBar-application-managehandovers-display-component---AddNewHO--section4-anchor\"]"}
RESULT: {"using":"xpath","value":"//*[@id=\"application-managehandovers-display-component---AddNewHO--ObjectPageLayout-anchBar-application-managehandovers-display-component---AddNewHO--section4-anchor\"]"}
COMMAND: POST /session/f2664590fead15ec17982177271525a3/element/f.00969020EDAB38E57A85DBAFB8D2C3DD.d.8F99D3C8B556DC119BB6835E94B6C37B.e.14098/click - {}
RESULT: {}
COMMAND: POST /session/f2664590fead15ec17982177271525a3/element - {"using":"xpath","value":"//button[@aria-label=\"Add\"]"}
COMMAND: GET /session/f2664590fead15ec17982177271525a3/screenshot - {}
RESULT: {"using":"xpath","value":"//button[@aria-label=\"Add\"]"}
COMMAND: POST /session/f2664590fead15ec17982177271525a3/element/f.00969020EDAB38E57A85DBAFB8D2C3DD.d.8F99D3C8B556DC119BB6835E94B6C37B.e.14102/click - {}
RESULT: {}
RESULT: {}
COMMAND: GET /session/f2664590fead15ec17982177271525a3/screenshot - {}
RESULT: {}
COMMAND: POST /session/f2664590fead15ec17982177271525a3/execute/async - {"script":"<script> [1562 bytes]","args":[{"selector":{"id":"application-managehandovers-display-component---AddNewHO--smartFilterBar-btnBasicSearch","searchOpenDialogs":true,"interaction":{"idSuffix":"I"}},"wdio_ui5_key":"applicationmanagehandovers-display-component---AddNewHO--smartFilterBar-btnBasicSearch"}]}
RESULT: {"script":"<script> [1562 bytes]","args":[{"selector":{"id":"application-managehandovers-display-component---AddNewHO--smartFilterBar-btnBasicSearch","searchOpenDialogs":true,"interaction":{"idSuffix":"I"}},"wdio_ui5_key":"applicationmanagehandovers-display-component---AddNewHO--smartFilterBar-btnBasicSearch"}]}
RESULT: undefined
COMMAND: POST /session/f2664590fead15ec17982177271525a3/execute/async - {"script":"<script> [776 bytes]","args":[{"enterText":"kloydhsoAC","selector":{"id":"application-managehandovers-display-component---AddNewHO--smartFilterBar-btnBasicSearch","searchOpenDialogs":true,"interaction":{"idSuffix":"I"}},"clearTextFirst":true,"interactionType":"ENTER_TEXT"}]}
RESULT: {"script":"<script> [776 bytes]","args":[{"enterText":"kloydhsoAC","selector":{"id":"application-managehandovers-display-component---AddNewHO--smartFilterBar-btnBasicSearch","searchOpenDialogs":true,"interaction":{"idSuffix":"I"}},"clearTextFirst":true,"interactionType":"ENTER_TEXT"}]}
COMMAND: POST /session/f2664590fead15ec17982177271525a3/actions - {"actions":[{"id":"action54","type":"key","parameters":{},"actions":[{"type":"keyDown","value":"î€‡"},{"type":"pause","duration":10},{"type":"keyUp","value":"î€‡"}]}]}
RESULT: {"actions":[{"id":"action54","type":"key","parameters":{},"actions":[{"type":"keyDown","value":"î€‡"},{"type":"pause","duration":10},{"type":"keyUp","value":"î€‡"}]}]}
COMMAND: GET /session/f2664590fead15ec17982177271525a3/screenshot - {}
RESULT: {}
COMMAND: POST /session/f2664590fead15ec17982177271525a3/execute/async - {"script":"<script> [1562 bytes]","args":[{"selector":{"id":"application-managehandovers-display-component---AddNewHO--popup-sa","searchOpenDialogs":true,"interaction":{"idSuffix":"CbBg"}},"wdio_ui5_key":"applicationmanagehandovers-display-component---AddNewHO--popup-sa"}]}
RESULT: {"script":"<script> [1562 bytes]","args":[{"selector":{"id":"application-managehandovers-display-component---AddNewHO--popup-sa","searchOpenDialogs":true,"interaction":{"idSuffix":"CbBg"}},"wdio_ui5_key":"applicationmanagehandovers-display-component---AddNewHO--popup-sa"}]}
RESULT: undefined
COMMAND: POST /session/f2664590fead15ec17982177271525a3/element - {"using":"xpath","value":"//*[@id=\"application-managehandovers-display-component---AddNewHO--popup-sa\"]"}
RESULT: {"using":"xpath","value":"//*[@id=\"application-managehandovers-display-component---AddNewHO--popup-sa\"]"}
COMMAND: POST /session/f2664590fead15ec17982177271525a3/element/f.00969020EDAB38E57A85DBAFB8D2C3DD.d.8F99D3C8B556DC119BB6835E94B6C37B.e.14256/click - {}
RESULT: {}
COMMAND: GET /session/f2664590fead15ec17982177271525a3/screenshot - {}
RESULT: {}
COMMAND: POST /session/f2664590fead15ec17982177271525a3/element - {"using":"xpath","value":"//bdi[contains(text(), \"Select\")]"}
RESULT: {"using":"xpath","value":"//bdi[contains(text(), \"Select\")]"}
COMMAND: POST /session/f2664590fead15ec17982177271525a3/element/f.00969020EDAB38E57A85DBAFB8D2C3DD.d.8F99D3C8B556DC119BB6835E94B6C37B.e.14257/click - {}
RESULT: {}
COMMAND: GET /session/f2664590fead15ec17982177271525a3/screenshot - {}
RESULT: {}
COMMAND: POST /session/f2664590fead15ec17982177271525a3/element - {"using":"xpath","value":"//button[@data-kt=\"AddNewHOSaveButton\"]"}
RESULT: {"using":"xpath","value":"//button[@data-kt=\"AddNewHOSaveButton\"]"}
COMMAND: POST /session/f2664590fead15ec17982177271525a3/element/f.00969020EDAB38E57A85DBAFB8D2C3DD.d.8F99D3C8B556DC119BB6835E94B6C37B.e.14261/click - {}
RESULT: {}
COMMAND: GET /session/f2664590fead15ec17982177271525a3/screenshot - {}
RESULT: {}
COMMAND: POST /session/f2664590fead15ec17982177271525a3/execute/async - {"script":"<script> [1562 bytes]","args":[{"selector":{"id":"receiptDatePicker","viewName":"etm.portal.ui.managehandovers.view.DetailExecuteHO","interaction":{"idSuffix":"inner"}},"wdio_ui5_key":"receiptDatePickeretmportal.ui.managehandovers.view.DetailExecuteHO"}]}
RESULT: {"script":"<script> [1562 bytes]","args":[{"selector":{"id":"receiptDatePicker","viewName":"etm.portal.ui.managehandovers.view.DetailExecuteHO","interaction":{"idSuffix":"inner"}},"wdio_ui5_key":"receiptDatePickeretmportal.ui.managehandovers.view.DetailExecuteHO"}]}
RESULT: undefined
COMMAND: POST /session/f2664590fead15ec17982177271525a3/execute/async - {"script":"<script> [6424 bytes]","args":[{"element-6066-11e4-a52e-4f735466cecf":"f.00969020EDAB38E57A85DBAFB8D2C3DD.d.8F99D3C8B556DC119BB6835E94B6C37B.e.14292"},"setValue",["05/07/2025"]]}
RESULT: {"script":"<script> [6424 bytes]","args":[{"element-6066-11e4-a52e-4f735466cecf":"f.00969020EDAB38E57A85DBAFB8D2C3DD.d.8F99D3C8B556DC119BB6835E94B6C37B.e.14292"},"setValue",["05/07/2025"]]}
COMMAND: POST /session/f2664590fead15ec17982177271525a3/element - {"using":"xpath","value":"//button[@data-kt=\"PickingTableConfirmAllButton\"]"}
RESULT: {"using":"xpath","value":"//button[@data-kt=\"PickingTableConfirmAllButton\"]"}
COMMAND: POST /session/f2664590fead15ec17982177271525a3/element/f.00969020EDAB38E57A85DBAFB8D2C3DD.d.8F99D3C8B556DC119BB6835E94B6C37B.e.14307/click - {}
RESULT: {}
COMMAND: GET /session/f2664590fead15ec17982177271525a3/screenshot - {}
RESULT: {}
COMMAND: POST /session/f2664590fead15ec17982177271525a3/element - {"using":"xpath","value":"//bdi[contains(text(), \"OK\")]"}
RESULT: {"using":"xpath","value":"//bdi[contains(text(), \"OK\")]"}
COMMAND: POST /session/f2664590fead15ec17982177271525a3/element/f.00969020EDAB38E57A85DBAFB8D2C3DD.d.8F99D3C8B556DC119BB6835E94B6C37B.e.14310/click - {}
RESULT: {}
COMMAND: GET /session/f2664590fead15ec17982177271525a3/screenshot - {}
RESULT: {}
COMMAND: POST /session/f2664590fead15ec17982177271525a3/element - {"using":"xpath","value":"(//bdi[contains(text(), \"Receive\")])[2]"}
RESULT: {"using":"xpath","value":"(//bdi[contains(text(), \"Receive\")])[2]"}
COMMAND: POST /session/f2664590fead15ec17982177271525a3/element/f.00969020EDAB38E57A85DBAFB8D2C3DD.d.8F99D3C8B556DC119BB6835E94B6C37B.e.14311/click - {}
RESULT: {}
COMMAND: GET /session/f2664590fead15ec17982177271525a3/screenshot - {}
RESULT: {}
COMMAND: POST /session/f2664590fead15ec17982177271525a3/element - {"using":"css selector","value":"#shell-header-logo"}
RESULT: {"using":"css selector","value":"#shell-header-logo"}
COMMAND: POST /session/f2664590fead15ec17982177271525a3/element/f.00969020EDAB38E57A85DBAFB8D2C3DD.d.8F99D3C8B556DC119BB6835E94B6C37B.e.13693/click - {}
RESULT: {}
COMMAND: GET /session/f2664590fead15ec17982177271525a3/screenshot - {}
RESULT: {}
]]></system-out>
    </testcase>
    <testcase classname="chrome.135_0_7049_115.windows.Billing_transfer_US117289" name="Should create a new contract" time="73.426">
      <system-out><![CDATA[
COMMAND: POST /session/f2664590fead15ec17982177271525a3/execute/async - {"script":"<script> [1562 bytes]","args":[{"selector":{"controlType":"sap.m.Text","viewName":"etm.portal.ui.managecontractstile.view.Master","properties":{"text":"Manage Contracts"},"interaction":{"idSuffix":"inner"}},"wdio_ui5_key":"etmportal.ui.managecontractstile.view.Mastersap.m.Text{\"text\":\"Manage Contracts\"}"}]}
RESULT: {"script":"<script> [1562 bytes]","args":[{"selector":{"controlType":"sap.m.Text","viewName":"etm.portal.ui.managecontractstile.view.Master","properties":{"text":"Manage Contracts"},"interaction":{"idSuffix":"inner"}},"wdio_ui5_key":"etmportal.ui.managecontractstile.view.Mastersap.m.Text{\"text\":\"Manage Contracts\"}"}]}
RESULT: undefined
COMMAND: POST /session/f2664590fead15ec17982177271525a3/element - {"using":"xpath","value":"//*[@id=\"__tile131-title\"]"}
RESULT: {"using":"xpath","value":"//*[@id=\"__tile131-title\"]"}
COMMAND: POST /session/f2664590fead15ec17982177271525a3/element/f.00969020EDAB38E57A85DBAFB8D2C3DD.d.8F99D3C8B556DC119BB6835E94B6C37B.e.14486/click - {}
RESULT: {}
COMMAND: GET /session/f2664590fead15ec17982177271525a3/screenshot - {}
COMMAND: POST /session/f2664590fead15ec17982177271525a3/element - {"using":"xpath","value":"//button[@data-kt=\"addButton\"]"}
RESULT: {}
RESULT: {"using":"xpath","value":"//button[@data-kt=\"addButton\"]"}
COMMAND: POST /session/f2664590fead15ec17982177271525a3/elements - {"using":"xpath","value":"//button[@data-kt=\"addButton\"]"}
RESULT: {"using":"xpath","value":"//button[@data-kt=\"addButton\"]"}
COMMAND: POST /session/f2664590fead15ec17982177271525a3/execute/sync - {"script":"<script> [8489 bytes]","args":[{"element-6066-11e4-a52e-4f735466cecf":"f.00969020EDAB38E57A85DBAFB8D2C3DD.d.8F99D3C8B556DC119BB6835E94B6C37B.e.14567","ELEMENT":"f.00969020EDAB38E57A85DBAFB8D2C3DD.d.8F99D3C8B556DC119BB6835E94B6C37B.e.14567"}]}
RESULT: {"script":"<script> [8489 bytes]","args":[{"element-6066-11e4-a52e-4f735466cecf":"f.00969020EDAB38E57A85DBAFB8D2C3DD.d.8F99D3C8B556DC119BB6835E94B6C37B.e.14567","ELEMENT":"f.00969020EDAB38E57A85DBAFB8D2C3DD.d.8F99D3C8B556DC119BB6835E94B6C37B.e.14567"}]}
COMMAND: GET /session/f2664590fead15ec17982177271525a3/element/f.00969020EDAB38E57A85DBAFB8D2C3DD.d.8F99D3C8B556DC119BB6835E94B6C37B.e.14567/enabled - {}
COMMAND: GET /session/f2664590fead15ec17982177271525a3/screenshot - {}
RESULT: {}
COMMAND: POST /session/f2664590fead15ec17982177271525a3/execute/sync - {"script":"<script> [8489 bytes]","args":[{"element-6066-11e4-a52e-4f735466cecf":"f.00969020EDAB38E57A85DBAFB8D2C3DD.d.8F99D3C8B556DC119BB6835E94B6C37B.e.14567","ELEMENT":"f.00969020EDAB38E57A85DBAFB8D2C3DD.d.8F99D3C8B556DC119BB6835E94B6C37B.e.14567"}]}
COMMAND: GET /session/f2664590fead15ec17982177271525a3/screenshot - {}
RESULT: {}
RESULT: {"script":"<script> [8489 bytes]","args":[{"element-6066-11e4-a52e-4f735466cecf":"f.00969020EDAB38E57A85DBAFB8D2C3DD.d.8F99D3C8B556DC119BB6835E94B6C37B.e.14567","ELEMENT":"f.00969020EDAB38E57A85DBAFB8D2C3DD.d.8F99D3C8B556DC119BB6835E94B6C37B.e.14567"}]}
COMMAND: POST /session/f2664590fead15ec17982177271525a3/execute/sync - {"script":"<script> [5351 bytes]","args":[{"element-6066-11e4-a52e-4f735466cecf":"f.00969020EDAB38E57A85DBAFB8D2C3DD.d.8F99D3C8B556DC119BB6835E94B6C37B.e.14567","ELEMENT":"f.00969020EDAB38E57A85DBAFB8D2C3DD.d.8F99D3C8B556DC119BB6835E94B6C37B.e.14567"}]}
COMMAND: GET /session/f2664590fead15ec17982177271525a3/screenshot - {}
RESULT: {}
RESULT: {"script":"<script> [5351 bytes]","args":[{"element-6066-11e4-a52e-4f735466cecf":"f.00969020EDAB38E57A85DBAFB8D2C3DD.d.8F99D3C8B556DC119BB6835E94B6C37B.e.14567","ELEMENT":"f.00969020EDAB38E57A85DBAFB8D2C3DD.d.8F99D3C8B556DC119BB6835E94B6C37B.e.14567"}]}
COMMAND: GET /session/f2664590fead15ec17982177271525a3/screenshot - {}
RESULT: {}
RESULT: {}
COMMAND: POST /session/f2664590fead15ec17982177271525a3/element/f.00969020EDAB38E57A85DBAFB8D2C3DD.d.8F99D3C8B556DC119BB6835E94B6C37B.e.14567/click - {}
RESULT: {}
COMMAND: GET /session/f2664590fead15ec17982177271525a3/screenshot - {}
RESULT: {}
COMMAND: POST /session/f2664590fead15ec17982177271525a3/execute/async - {"script":"<script> [1562 bytes]","args":[{"selector":{"id":"application-managecontracts-display-component---AddNewContract--projectDescription","interaction":{"idSuffix":"inner"}},"wdio_ui5_key":"applicationmanagecontracts-display-component---AddNewContract--projectDescription"}]}
RESULT: {"script":"<script> [1562 bytes]","args":[{"selector":{"id":"application-managecontracts-display-component---AddNewContract--projectDescription","interaction":{"idSuffix":"inner"}},"wdio_ui5_key":"applicationmanagecontracts-display-component---AddNewContract--projectDescription"}]}
RESULT: undefined
COMMAND: POST /session/f2664590fead15ec17982177271525a3/execute/async - {"script":"<script> [776 bytes]","args":[{"enterText":"Contract WDIO","selector":{"id":"application-managecontracts-display-component---AddNewContract--projectDescription","interaction":{"idSuffix":"inner"}},"clearTextFirst":true,"interactionType":"ENTER_TEXT"}]}
RESULT: {"script":"<script> [776 bytes]","args":[{"enterText":"Contract WDIO","selector":{"id":"application-managecontracts-display-component---AddNewContract--projectDescription","interaction":{"idSuffix":"inner"}},"clearTextFirst":true,"interactionType":"ENTER_TEXT"}]}
COMMAND: POST /session/f2664590fead15ec17982177271525a3/element - {"using":"xpath","value":"//input[@id=\"application-managecontracts-display-component---AddNewContract--site-inner\"]"}
RESULT: {"using":"xpath","value":"//input[@id=\"application-managecontracts-display-component---AddNewContract--site-inner\"]"}
COMMAND: POST /session/f2664590fead15ec17982177271525a3/element/f.00969020EDAB38E57A85DBAFB8D2C3DD.d.8F99D3C8B556DC119BB6835E94B6C37B.e.14860/clear - {}
RESULT: {}
COMMAND: POST /session/f2664590fead15ec17982177271525a3/element/f.00969020EDAB38E57A85DBAFB8D2C3DD.d.8F99D3C8B556DC119BB6835E94B6C37B.e.14860/value - {"text":"2499"}
COMMAND: GET /session/f2664590fead15ec17982177271525a3/screenshot - {}
RESULT: {"text":"2499"}
COMMAND: GET /session/f2664590fead15ec17982177271525a3/screenshot - {}
RESULT: {}
RESULT: {}
COMMAND: POST /session/f2664590fead15ec17982177271525a3/element - {"using":"xpath","value":"//li[.//span[text()='2499']]"}
RESULT: {"using":"xpath","value":"//li[.//span[text()='2499']]"}
COMMAND: POST /session/f2664590fead15ec17982177271525a3/element/f.00969020EDAB38E57A85DBAFB8D2C3DD.d.8F99D3C8B556DC119BB6835E94B6C37B.e.14883/click - {}
RESULT: {}
COMMAND: GET /session/f2664590fead15ec17982177271525a3/screenshot - {}
RESULT: {}
COMMAND: POST /session/f2664590fead15ec17982177271525a3/element - {"using":"xpath","value":"//input[@id=\"application-managecontracts-display-component---AddNewContract--yardId-inner\"]"}
RESULT: {"using":"xpath","value":"//input[@id=\"application-managecontracts-display-component---AddNewContract--yardId-inner\"]"}
COMMAND: GET /session/f2664590fead15ec17982177271525a3/element/f.00969020EDAB38E57A85DBAFB8D2C3DD.d.8F99D3C8B556DC119BB6835E94B6C37B.e.14861/property/value - {}
RESULT: {}
COMMAND: POST /session/f2664590fead15ec17982177271525a3/element - {"using":"xpath","value":"//input[@id=\"application-managecontracts-display-component---AddNewContract--customerSelect-inner\"]"}
COMMAND: GET /session/f2664590fead15ec17982177271525a3/screenshot - {}
RESULT: {"using":"xpath","value":"//input[@id=\"application-managecontracts-display-component---AddNewContract--customerSelect-inner\"]"}
COMMAND: POST /session/f2664590fead15ec17982177271525a3/element/f.00969020EDAB38E57A85DBAFB8D2C3DD.d.8F99D3C8B556DC119BB6835E94B6C37B.e.14859/clear - {}
RESULT: {}
RESULT: {}
COMMAND: POST /session/f2664590fead15ec17982177271525a3/element/f.00969020EDAB38E57A85DBAFB8D2C3DD.d.8F99D3C8B556DC119BB6835E94B6C37B.e.14859/value - {"text":"1545"}
COMMAND: GET /session/f2664590fead15ec17982177271525a3/screenshot - {}
RESULT: {"text":"1545"}
COMMAND: GET /session/f2664590fead15ec17982177271525a3/screenshot - {}
RESULT: {}
RESULT: {}
COMMAND: POST /session/f2664590fead15ec17982177271525a3/element - {"using":"xpath","value":"//li[.//span[text()='1545']]"}
RESULT: {"using":"xpath","value":"//li[.//span[text()='1545']]"}
COMMAND: POST /session/f2664590fead15ec17982177271525a3/element/f.00969020EDAB38E57A85DBAFB8D2C3DD.d.8F99D3C8B556DC119BB6835E94B6C37B.e.14886/click - {}
RESULT: {}
COMMAND: GET /session/f2664590fead15ec17982177271525a3/screenshot - {}
RESULT: {}
COMMAND: POST /session/f2664590fead15ec17982177271525a3/element - {"using":"xpath","value":"//button[@data-kt=\"saveButton\"]"}
RESULT: {"using":"xpath","value":"//button[@data-kt=\"saveButton\"]"}
COMMAND: POST /session/f2664590fead15ec17982177271525a3/element/f.00969020EDAB38E57A85DBAFB8D2C3DD.d.8F99D3C8B556DC119BB6835E94B6C37B.e.14874/click - {}
RESULT: {}
COMMAND: GET /session/f2664590fead15ec17982177271525a3/screenshot - {}
RESULT: {}
COMMAND: POST /session/f2664590fead15ec17982177271525a3/element - {"using":"xpath","value":"//span[contains(@id ,\"contractDetailTitleNoExpanded\")]"}
RESULT: {"using":"xpath","value":"//span[contains(@id ,\"contractDetailTitleNoExpanded\")]"}
COMMAND: POST /session/f2664590fead15ec17982177271525a3/elements - {"using":"xpath","value":"//span[contains(@id ,\"contractDetailTitleNoExpanded\")]"}
RESULT: {"using":"xpath","value":"//span[contains(@id ,\"contractDetailTitleNoExpanded\")]"}
COMMAND: POST /session/f2664590fead15ec17982177271525a3/execute/sync - {"script":"<script> [56 bytes]","args":[{"element-6066-11e4-a52e-4f735466cecf":"f.00969020EDAB38E57A85DBAFB8D2C3DD.d.8F99D3C8B556DC119BB6835E94B6C37B.e.14896","ELEMENT":"f.00969020EDAB38E57A85DBAFB8D2C3DD.d.8F99D3C8B556DC119BB6835E94B6C37B.e.14896"}]}
RESULT: {"script":"<script> [56 bytes]","args":[{"element-6066-11e4-a52e-4f735466cecf":"f.00969020EDAB38E57A85DBAFB8D2C3DD.d.8F99D3C8B556DC119BB6835E94B6C37B.e.14896","ELEMENT":"f.00969020EDAB38E57A85DBAFB8D2C3DD.d.8F99D3C8B556DC119BB6835E94B6C37B.e.14896"}]}
COMMAND: GET /session/f2664590fead15ec17982177271525a3/screenshot - {}
RESULT: {}
]]></system-out>
    </testcase>
    <testcase classname="chrome.135_0_7049_115.windows.Billing_transfer_US117289" name="Should add created equipment to contract" time="52.543">
      <system-out><![CDATA[
COMMAND: POST /session/f2664590fead15ec17982177271525a3/element - {"using":"xpath","value":"//button[@data-kt=\"contractDetailEditBtnButton\"]"}
RESULT: {"using":"xpath","value":"//button[@data-kt=\"contractDetailEditBtnButton\"]"}
COMMAND: POST /session/f2664590fead15ec17982177271525a3/element/f.00969020EDAB38E57A85DBAFB8D2C3DD.d.8F99D3C8B556DC119BB6835E94B6C37B.e.14899/click - {}
RESULT: {}
COMMAND: GET /session/f2664590fead15ec17982177271525a3/screenshot - {}
RESULT: {}
COMMAND: POST /session/f2664590fead15ec17982177271525a3/element - {"using":"xpath","value":"(//span[contains(text(), \"Additional Addresses\")])[2]"}
RESULT: {"using":"xpath","value":"(//span[contains(text(), \"Additional Addresses\")])[2]"}
COMMAND: POST /session/f2664590fead15ec17982177271525a3/element/f.00969020EDAB38E57A85DBAFB8D2C3DD.d.8F99D3C8B556DC119BB6835E94B6C37B.e.14955/click - {}
RESULT: {}
COMMAND: GET /session/f2664590fead15ec17982177271525a3/screenshot - {}
RESULT: {}
COMMAND: POST /session/f2664590fead15ec17982177271525a3/element - {"using":"xpath","value":"//button[@data-kt=\"btnAddTableRowOverflowToolbarButton\"]"}
RESULT: {"using":"xpath","value":"//button[@data-kt=\"btnAddTableRowOverflowToolbarButton\"]"}
COMMAND: POST /session/f2664590fead15ec17982177271525a3/element/f.00969020EDAB38E57A85DBAFB8D2C3DD.d.8F99D3C8B556DC119BB6835E94B6C37B.e.14958/click - {}
RESULT: {}
COMMAND: GET /session/f2664590fead15ec17982177271525a3/screenshot - {}
RESULT: {}
COMMAND: POST /session/f2664590fead15ec17982177271525a3/element - {"using":"xpath","value":"//div[(text() = 'Standard Entry' or . = 'Standard Entry')]"}
RESULT: {"using":"xpath","value":"//div[(text() = 'Standard Entry' or . = 'Standard Entry')]"}
COMMAND: POST /session/f2664590fead15ec17982177271525a3/element/f.00969020EDAB38E57A85DBAFB8D2C3DD.d.8F99D3C8B556DC119BB6835E94B6C37B.e.14960/click - {}
RESULT: {}
COMMAND: GET /session/f2664590fead15ec17982177271525a3/screenshot - {}
RESULT: {}
COMMAND: POST /session/f2664590fead15ec17982177271525a3/element - {"using":"xpath","value":"//td[7]/div/div/input"}
RESULT: {"using":"xpath","value":"//td[7]/div/div/input"}
COMMAND: POST /session/f2664590fead15ec17982177271525a3/element/f.00969020EDAB38E57A85DBAFB8D2C3DD.d.8F99D3C8B556DC119BB6835E94B6C37B.e.14969/clear - {}
RESULT: {}
COMMAND: POST /session/f2664590fead15ec17982177271525a3/element/f.00969020EDAB38E57A85DBAFB8D2C3DD.d.8F99D3C8B556DC119BB6835E94B6C37B.e.14969/value - {"text":"kloydhsoAC"}
COMMAND: GET /session/f2664590fead15ec17982177271525a3/screenshot - {}
RESULT: {"text":"kloydhsoAC"}
COMMAND: GET /session/f2664590fead15ec17982177271525a3/screenshot - {}
RESULT: {}
RESULT: {}
COMMAND: POST /session/f2664590fead15ec17982177271525a3/actions - {"actions":[{"id":"action55","type":"key","parameters":{},"actions":[{"type":"keyDown","value":"î€‡"},{"type":"pause","duration":10},{"type":"keyUp","value":"î€‡"}]}]}
RESULT: {"actions":[{"id":"action55","type":"key","parameters":{},"actions":[{"type":"keyDown","value":"î€‡"},{"type":"pause","duration":10},{"type":"keyUp","value":"î€‡"}]}]}
COMMAND: GET /session/f2664590fead15ec17982177271525a3/screenshot - {}
COMMAND: POST /session/f2664590fead15ec17982177271525a3/execute/sync - {"script":"<script> [276 bytes]","args":["No pricing information was found"]}
RESULT: {}
RESULT: {"script":"<script> [276 bytes]","args":["No pricing information was found"]}
COMMAND: POST /session/f2664590fead15ec17982177271525a3/element - {"using":"xpath","value":"(//button[@data-kt=\"saveButton\"])[2]"}
COMMAND: GET /session/f2664590fead15ec17982177271525a3/screenshot - {}
RESULT: {"using":"xpath","value":"(//button[@data-kt=\"saveButton\"])[2]"}
COMMAND: POST /session/f2664590fead15ec17982177271525a3/element/f.00969020EDAB38E57A85DBAFB8D2C3DD.d.8F99D3C8B556DC119BB6835E94B6C37B.e.14984/click - {}
RESULT: {}
RESULT: {}
COMMAND: GET /session/f2664590fead15ec17982177271525a3/screenshot - {}
RESULT: {}
COMMAND: POST /session/f2664590fead15ec17982177271525a3/execute/sync - {"script":"<script> [276 bytes]","args":["Some contract items are having rental validity exceeding header rental validity"]}
RESULT: {"script":"<script> [276 bytes]","args":["Some contract items are having rental validity exceeding header rental validity"]}
COMMAND: GET /session/f2664590fead15ec17982177271525a3/screenshot - {}
RESULT: {}
COMMAND: POST /session/f2664590fead15ec17982177271525a3/element - {"using":"xpath","value":"//span[contains(@id ,\"contractItemsSmartTable-header-inner\")]"}
RESULT: {"using":"xpath","value":"//span[contains(@id ,\"contractItemsSmartTable-header-inner\")]"}
COMMAND: POST /session/f2664590fead15ec17982177271525a3/elements - {"using":"xpath","value":"//span[contains(@id ,\"contractItemsSmartTable-header-inner\")]"}
RESULT: {"using":"xpath","value":"//span[contains(@id ,\"contractItemsSmartTable-header-inner\")]"}
COMMAND: POST /session/f2664590fead15ec17982177271525a3/execute/sync - {"script":"<script> [56 bytes]","args":[{"element-6066-11e4-a52e-4f735466cecf":"f.00969020EDAB38E57A85DBAFB8D2C3DD.d.8F99D3C8B556DC119BB6835E94B6C37B.e.14993","ELEMENT":"f.00969020EDAB38E57A85DBAFB8D2C3DD.d.8F99D3C8B556DC119BB6835E94B6C37B.e.14993"}]}
RESULT: {"script":"<script> [56 bytes]","args":[{"element-6066-11e4-a52e-4f735466cecf":"f.00969020EDAB38E57A85DBAFB8D2C3DD.d.8F99D3C8B556DC119BB6835E94B6C37B.e.14993","ELEMENT":"f.00969020EDAB38E57A85DBAFB8D2C3DD.d.8F99D3C8B556DC119BB6835E94B6C37B.e.14993"}]}
]]></system-out>
    </testcase>
    <testcase classname="chrome.135_0_7049_115.windows.Billing_transfer_US117289" name="Should do a provide to site handover" time="64.065">
      <system-out><![CDATA[
COMMAND: POST /session/f2664590fead15ec17982177271525a3/element - {"using":"xpath","value":"//button[@data-kt=\"provideButton\"]"}
COMMAND: GET /session/f2664590fead15ec17982177271525a3/screenshot - {}
RESULT: {"using":"xpath","value":"//button[@data-kt=\"provideButton\"]"}
COMMAND: POST /session/f2664590fead15ec17982177271525a3/element/f.00969020EDAB38E57A85DBAFB8D2C3DD.d.8F99D3C8B556DC119BB6835E94B6C37B.e.14994/click - {}
RESULT: {}
RESULT: {}
COMMAND: GET /session/f2664590fead15ec17982177271525a3/screenshot - {}
RESULT: {}
RESULT: undefined
COMMAND: POST /session/f2664590fead15ec17982177271525a3/execute/async - {"script":"<script> [6424 bytes]","args":[{"element-6066-11e4-a52e-4f735466cecf":"f.00969020EDAB38E57A85DBAFB8D2C3DD.d.8F99D3C8B556DC119BB6835E94B6C37B.e.14074"},"setValue",["05/07/2025"]]}
COMMAND: POST /session/f2664590fead15ec17982177271525a3/execute/async - {"script":"<script> [1562 bytes]","args":[{"selector":{"id":"application-managehandovers-display-component---AddNewHO--dueDate","interaction":{"idSuffix":"inner"}},"wdio_ui5_key":"applicationmanagehandovers-display-component---AddNewHO--dueDate"}]}
RESULT: {"script":"<script> [1562 bytes]","args":[{"selector":{"id":"application-managehandovers-display-component---AddNewHO--dueDate","interaction":{"idSuffix":"inner"}},"wdio_ui5_key":"applicationmanagehandovers-display-component---AddNewHO--dueDate"}]}
COMMAND: POST /session/f2664590fead15ec17982177271525a3/execute/async - {"script":"<script> [6424 bytes]","args":[{"element-6066-11e4-a52e-4f735466cecf":"f.00969020EDAB38E57A85DBAFB8D2C3DD.d.8F99D3C8B556DC119BB6835E94B6C37B.e.15070"},"setValue",["05/07/2025"]]}
RESULT: {"script":"<script> [6424 bytes]","args":[{"element-6066-11e4-a52e-4f735466cecf":"f.00969020EDAB38E57A85DBAFB8D2C3DD.d.8F99D3C8B556DC119BB6835E94B6C37B.e.15070"},"setValue",["05/07/2025"]]}
COMMAND: POST /session/f2664590fead15ec17982177271525a3/element - {"using":"xpath","value":"//bdi[contains(text(), \"Instructions\")]"}
RESULT: {"using":"xpath","value":"//bdi[contains(text(), \"Instructions\")]"}
COMMAND: POST /session/f2664590fead15ec17982177271525a3/element/f.00969020EDAB38E57A85DBAFB8D2C3DD.d.8F99D3C8B556DC119BB6835E94B6C37B.e.15316/click - {}
RESULT: {}
COMMAND: GET /session/f2664590fead15ec17982177271525a3/screenshot - {}
RESULT: {}
COMMAND: POST /session/f2664590fead15ec17982177271525a3/element - {"using":"xpath","value":"//button[@data-kt=\"AddNewHOProvideAddItemsButton\"]"}
RESULT: {"using":"xpath","value":"//button[@data-kt=\"AddNewHOProvideAddItemsButton\"]"}
COMMAND: POST /session/f2664590fead15ec17982177271525a3/element/f.00969020EDAB38E57A85DBAFB8D2C3DD.d.8F99D3C8B556DC119BB6835E94B6C37B.e.15320/click - {}
RESULT: {}
COMMAND: GET /session/f2664590fead15ec17982177271525a3/screenshot - {}
RESULT: {}
RESULT: undefined
COMMAND: POST /session/f2664590fead15ec17982177271525a3/element - {"using":"xpath","value":"//*[@id=\"application-managehandovers-display-component---AddNewHO--popup-sa\"]"}
RESULT: {"using":"xpath","value":"//*[@id=\"application-managehandovers-display-component---AddNewHO--popup-sa\"]"}
COMMAND: POST /session/f2664590fead15ec17982177271525a3/element/f.00969020EDAB38E57A85DBAFB8D2C3DD.d.8F99D3C8B556DC119BB6835E94B6C37B.e.15330/click - {}
RESULT: {}
COMMAND: GET /session/f2664590fead15ec17982177271525a3/screenshot - {}
RESULT: {}
COMMAND: POST /session/f2664590fead15ec17982177271525a3/element - {"using":"xpath","value":"//*[contains(@id ,\"BDI-content\")][contains(text(), \"Select\")]"}
RESULT: {"using":"xpath","value":"//*[contains(@id ,\"BDI-content\")][contains(text(), \"Select\")]"}
COMMAND: POST /session/f2664590fead15ec17982177271525a3/element/f.00969020EDAB38E57A85DBAFB8D2C3DD.d.8F99D3C8B556DC119BB6835E94B6C37B.e.15331/click - {}
RESULT: {}
COMMAND: GET /session/f2664590fead15ec17982177271525a3/screenshot - {}
RESULT: {}
COMMAND: POST /session/f2664590fead15ec17982177271525a3/execute/async - {"script":"<script> [1562 bytes]","args":[{"selector":{"id":"application-managehandovers-display-component---AddNewHO--confirmCreationButton","interaction":{"idSuffix":"BDI-content"}},"wdio_ui5_key":"applicationmanagehandovers-display-component---AddNewHO--confirmCreationButton"}]}
RESULT: {"script":"<script> [1562 bytes]","args":[{"selector":{"id":"application-managehandovers-display-component---AddNewHO--confirmCreationButton","interaction":{"idSuffix":"BDI-content"}},"wdio_ui5_key":"applicationmanagehandovers-display-component---AddNewHO--confirmCreationButton"}]}
RESULT: undefined
COMMAND: POST /session/f2664590fead15ec17982177271525a3/element - {"using":"xpath","value":"//*[@id=\"application-managehandovers-display-component---AddNewHO--confirmCreationButton\"]"}
RESULT: {"using":"xpath","value":"//*[@id=\"application-managehandovers-display-component---AddNewHO--confirmCreationButton\"]"}
COMMAND: POST /session/f2664590fead15ec17982177271525a3/element/f.00969020EDAB38E57A85DBAFB8D2C3DD.d.8F99D3C8B556DC119BB6835E94B6C37B.e.15117/click - {}
RESULT: {}
COMMAND: GET /session/f2664590fead15ec17982177271525a3/screenshot - {}
COMMAND: POST /session/f2664590fead15ec17982177271525a3/element - {"using":"xpath","value":"//button[@data-kt=\"PickingTableConfirmAllButton\"]"}
RESULT: {}
RESULT: {"using":"xpath","value":"//button[@data-kt=\"PickingTableConfirmAllButton\"]"}
COMMAND: POST /session/f2664590fead15ec17982177271525a3/element/f.00969020EDAB38E57A85DBAFB8D2C3DD.d.8F99D3C8B556DC119BB6835E94B6C37B.e.15376/click - {}
COMMAND: POST /session/f2664590fead15ec17982177271525a3/element - {"using":"xpath","value":"//button[@data-kt=\"PickingTableConfirmAllButton\"]"}
RESULT: {"using":"xpath","value":"//button[@data-kt=\"PickingTableConfirmAllButton\"]"}
COMMAND: POST /session/f2664590fead15ec17982177271525a3/element/f.00969020EDAB38E57A85DBAFB8D2C3DD.d.8F99D3C8B556DC119BB6835E94B6C37B.e.15376/click - {}
COMMAND: POST /session/f2664590fead15ec17982177271525a3/element - {"using":"xpath","value":"//button[@data-kt=\"PickingTableConfirmAllButton\"]"}
RESULT: {"using":"xpath","value":"//button[@data-kt=\"PickingTableConfirmAllButton\"]"}
COMMAND: POST /session/f2664590fead15ec17982177271525a3/element/f.00969020EDAB38E57A85DBAFB8D2C3DD.d.8F99D3C8B556DC119BB6835E94B6C37B.e.15390/click - {}
RESULT: {}
COMMAND: GET /session/f2664590fead15ec17982177271525a3/screenshot - {}
RESULT: {}
COMMAND: POST /session/f2664590fead15ec17982177271525a3/element - {"using":"xpath","value":"//bdi[contains(text(), \"OK\")]"}
RESULT: {"using":"xpath","value":"//bdi[contains(text(), \"OK\")]"}
COMMAND: POST /session/f2664590fead15ec17982177271525a3/element/f.00969020EDAB38E57A85DBAFB8D2C3DD.d.8F99D3C8B556DC119BB6835E94B6C37B.e.15393/click - {}
RESULT: {}
COMMAND: GET /session/f2664590fead15ec17982177271525a3/screenshot - {}
RESULT: {}
COMMAND: POST /session/f2664590fead15ec17982177271525a3/element - {"using":"xpath","value":"//bdi[contains(text(), \"Issue\")]"}
RESULT: {"using":"xpath","value":"//bdi[contains(text(), \"Issue\")]"}
COMMAND: POST /session/f2664590fead15ec17982177271525a3/element/f.00969020EDAB38E57A85DBAFB8D2C3DD.d.8F99D3C8B556DC119BB6835E94B6C37B.e.15394/click - {}
RESULT: {}
COMMAND: GET /session/f2664590fead15ec17982177271525a3/screenshot - {}
RESULT: {}
COMMAND: POST /session/f2664590fead15ec17982177271525a3/element - {"using":"css selector","value":"#shell-header-logo"}
RESULT: {"using":"css selector","value":"#shell-header-logo"}
COMMAND: POST /session/f2664590fead15ec17982177271525a3/element/f.00969020EDAB38E57A85DBAFB8D2C3DD.d.8F99D3C8B556DC119BB6835E94B6C37B.e.14502/click - {}
RESULT: {}
COMMAND: GET /session/f2664590fead15ec17982177271525a3/screenshot - {}
RESULT: {}
]]></system-out>
    </testcase>
    <testcase classname="chrome.135_0_7049_115.windows.Billing_transfer_US117289" name="Should navigate to Manage Billings and trigger contract calculation business confirm it" time="63.949">
      <system-out><![CDATA[
COMMAND: POST /session/f2664590fead15ec17982177271525a3/execute/async - {"script":"<script> [1562 bytes]","args":[{"selector":{"controlType":"sap.m.GenericTile","properties":{"header":"Manage Billings"}},"wdio_ui5_key":"sapm.GenericTile{\"header\":\"Manage Billings\"}"}]}
RESULT: {"script":"<script> [1562 bytes]","args":[{"selector":{"controlType":"sap.m.GenericTile","properties":{"header":"Manage Billings"}},"wdio_ui5_key":"sapm.GenericTile{\"header\":\"Manage Billings\"}"}]}
RESULT: undefined
COMMAND: POST /session/f2664590fead15ec17982177271525a3/element - {"using":"xpath","value":"//*[@id=\"__tile51\"]"}
RESULT: {"using":"xpath","value":"//*[@id=\"__tile51\"]"}
COMMAND: POST /session/f2664590fead15ec17982177271525a3/element/f.00969020EDAB38E57A85DBAFB8D2C3DD.d.8F99D3C8B556DC119BB6835E94B6C37B.e.12467/click - {}
RESULT: {}
COMMAND: GET /session/f2664590fead15ec17982177271525a3/screenshot - {}
COMMAND: POST /session/f2664590fead15ec17982177271525a3/execute/async - {"script":"<script> [1562 bytes]","args":[{"selector":{"id":"application-managebillings-display-component---billRunCalcResult--smartFilterBar-btnBasicSearch","interaction":{"idSuffix":"I"}},"wdio_ui5_key":"applicationmanagebillings-display-component---billRunCalcResult--smartFilterBar-btnBasicSearch"}]}
RESULT: {}
RESULT: {"script":"<script> [1562 bytes]","args":[{"selector":{"id":"application-managebillings-display-component---billRunCalcResult--smartFilterBar-btnBasicSearch","interaction":{"idSuffix":"I"}},"wdio_ui5_key":"applicationmanagebillings-display-component---billRunCalcResult--smartFilterBar-btnBasicSearch"}]}
RESULT: undefined
COMMAND: POST /session/f2664590fead15ec17982177271525a3/execute/async - {"script":"<script> [776 bytes]","args":[{"enterText":"10621","selector":{"id":"application-managebillings-display-component---billRunCalcResult--smartFilterBar-btnBasicSearch","interaction":{"idSuffix":"I"}},"clearTextFirst":true,"interactionType":"ENTER_TEXT"}]}
RESULT: {"script":"<script> [776 bytes]","args":[{"enterText":"10621","selector":{"id":"application-managebillings-display-component---billRunCalcResult--smartFilterBar-btnBasicSearch","interaction":{"idSuffix":"I"}},"clearTextFirst":true,"interactionType":"ENTER_TEXT"}]}
COMMAND: POST /session/f2664590fead15ec17982177271525a3/actions - {"actions":[{"id":"action56","type":"key","parameters":{},"actions":[{"type":"keyDown","value":"î€‡"},{"type":"pause","duration":10},{"type":"keyUp","value":"î€‡"}]}]}
RESULT: {"actions":[{"id":"action56","type":"key","parameters":{},"actions":[{"type":"keyDown","value":"î€‡"},{"type":"pause","duration":10},{"type":"keyUp","value":"î€‡"}]}]}
COMMAND: GET /session/f2664590fead15ec17982177271525a3/screenshot - {}
RESULT: {}
COMMAND: POST /session/f2664590fead15ec17982177271525a3/element - {"using":"xpath","value":"//td[@aria-colindex=\"1\"]/div/div[contains(@class, \"sapMCbBg\")]"}
RESULT: {"using":"xpath","value":"//td[@aria-colindex=\"1\"]/div/div[contains(@class, \"sapMCbBg\")]"}
COMMAND: POST /session/f2664590fead15ec17982177271525a3/element/f.00969020EDAB38E57A85DBAFB8D2C3DD.d.8F99D3C8B556DC119BB6835E94B6C37B.e.15754/click - {}
RESULT: {}
COMMAND: GET /session/f2664590fead15ec17982177271525a3/screenshot - {}
RESULT: {}
COMMAND: POST /session/f2664590fead15ec17982177271525a3/execute/async - {"script":"<script> [1562 bytes]","args":[{"selector":{"id":"application-managebillings-display-component---billRunCalcResult--contractBillRunDate","interaction":{"idSuffix":"inner"}},"wdio_ui5_key":"applicationmanagebillings-display-component---billRunCalcResult--contractBillRunDate"}]}
RESULT: {"script":"<script> [1562 bytes]","args":[{"selector":{"id":"application-managebillings-display-component---billRunCalcResult--contractBillRunDate","interaction":{"idSuffix":"inner"}},"wdio_ui5_key":"applicationmanagebillings-display-component---billRunCalcResult--contractBillRunDate"}]}
RESULT: undefined
COMMAND: POST /session/f2664590fead15ec17982177271525a3/execute/async - {"script":"<script> [776 bytes]","args":[{"enterText":"06/07/25","selector":{"id":"application-managebillings-display-component---billRunCalcResult--contractBillRunDate","interaction":{"idSuffix":"inner"}},"clearTextFirst":true,"interactionType":"ENTER_TEXT"}]}
RESULT: {"script":"<script> [776 bytes]","args":[{"enterText":"06/07/25","selector":{"id":"application-managebillings-display-component---billRunCalcResult--contractBillRunDate","interaction":{"idSuffix":"inner"}},"clearTextFirst":true,"interactionType":"ENTER_TEXT"}]}
COMMAND: POST /session/f2664590fead15ec17982177271525a3/element - {"using":"xpath","value":"//bdi[contains(text(), \"Trigger Calculation\")]"}
RESULT: {"using":"xpath","value":"//bdi[contains(text(), \"Trigger Calculation\")]"}
COMMAND: POST /session/f2664590fead15ec17982177271525a3/element/f.00969020EDAB38E57A85DBAFB8D2C3DD.d.8F99D3C8B556DC119BB6835E94B6C37B.e.15933/click - {}
RESULT: {}
COMMAND: GET /session/f2664590fead15ec17982177271525a3/screenshot - {}
RESULT: {}
COMMAND: POST /session/f2664590fead15ec17982177271525a3/element - {"using":"xpath","value":"(//span[contains(@id, \"imgNav\")])[1]"}
RESULT: {"using":"xpath","value":"(//span[contains(@id, \"imgNav\")])[1]"}
COMMAND: POST /session/f2664590fead15ec17982177271525a3/element/f.00969020EDAB38E57A85DBAFB8D2C3DD.d.8F99D3C8B556DC119BB6835E94B6C37B.e.15765/click - {}
RESULT: {}
COMMAND: GET /session/f2664590fead15ec17982177271525a3/screenshot - {}
RESULT: {}
COMMAND: POST /session/f2664590fead15ec17982177271525a3/execute/async - {"script":"<script> [1562 bytes]","args":[{"selector":{"controlType":"sap.ui.core.Icon","viewName":"etm.portal.ui.managebillings.view.Master","viewId":"application-managebillings-display-component---billRunCalcResult","properties":{"src":{"regex":{"source":"slim\\-arrow\\-right"}}}},"wdio_ui5_key":"etmportal.ui.managebillings.view.Mastersap.ui.core.Icon{\"src\":{\"regex\":{\"source\":\"slim\\\\-arrow\\\\-right\"}}}"}]}
RESULT: {"script":"<script> [1562 bytes]","args":[{"selector":{"controlType":"sap.ui.core.Icon","viewName":"etm.portal.ui.managebillings.view.Master","viewId":"application-managebillings-display-component---billRunCalcResult","properties":{"src":{"regex":{"source":"slim\\-arrow\\-right"}}}},"wdio_ui5_key":"etmportal.ui.managebillings.view.Mastersap.ui.core.Icon{\"src\":{\"regex\":{\"source\":\"slim\\\\-arrow\\\\-right\"}}}"}]}
RESULT: undefined
COMMAND: POST /session/f2664590fead15ec17982177271525a3/element - {"using":"xpath","value":"//*[@id=\"__item2601-application-managebillings-display-component---billRunCalcResult--billingRunsTable-0-imgNav\"]"}
RESULT: {"using":"xpath","value":"//*[@id=\"__item2601-application-managebillings-display-component---billRunCalcResult--billingRunsTable-0-imgNav\"]"}
COMMAND: POST /session/f2664590fead15ec17982177271525a3/element/f.00969020EDAB38E57A85DBAFB8D2C3DD.d.8F99D3C8B556DC119BB6835E94B6C37B.e.15938/click - {}
RESULT: {}
COMMAND: POST /session/f2664590fead15ec17982177271525a3/execute/async - {"script":"<script> [1562 bytes]","args":[{"selector":{"id":"application-managebillings-display-component---billRunCalcResult--btnConf","interaction":{"idSuffix":"BDI-content"}},"wdio_ui5_key":"applicationmanagebillings-display-component---billRunCalcResult--btnConf"}]}
COMMAND: GET /session/f2664590fead15ec17982177271525a3/screenshot - {}
RESULT: {"script":"<script> [1562 bytes]","args":[{"selector":{"id":"application-managebillings-display-component---billRunCalcResult--btnConf","interaction":{"idSuffix":"BDI-content"}},"wdio_ui5_key":"applicationmanagebillings-display-component---billRunCalcResult--btnConf"}]}
RESULT: undefined
COMMAND: POST /session/f2664590fead15ec17982177271525a3/element - {"using":"xpath","value":"//*[@id=\"application-managebillings-display-component---billRunCalcResult--btnConf\"]"}
RESULT: {}
RESULT: {"using":"xpath","value":"//*[@id=\"application-managebillings-display-component---billRunCalcResult--btnConf\"]"}
COMMAND: POST /session/f2664590fead15ec17982177271525a3/element/f.00969020EDAB38E57A85DBAFB8D2C3DD.d.8F99D3C8B556DC119BB6835E94B6C37B.e.15984/click - {}
RESULT: {}
COMMAND: POST /session/f2664590fead15ec17982177271525a3/element - {"using":"css selector","value":"#shell-header-logo"}
COMMAND: GET /session/f2664590fead15ec17982177271525a3/screenshot - {}
RESULT: {"using":"css selector","value":"#shell-header-logo"}
COMMAND: POST /session/f2664590fead15ec17982177271525a3/element/f.00969020EDAB38E57A85DBAFB8D2C3DD.d.8F99D3C8B556DC119BB6835E94B6C37B.e.15589/click - {}
RESULT: {}
RESULT: {}
COMMAND: GET /session/f2664590fead15ec17982177271525a3/screenshot - {}
RESULT: {}
]]></system-out>
    </testcase>
    <testcase classname="chrome.135_0_7049_115.windows.Billing_transfer_US117289" name="Should trigger Billing Transfer process all the way to completion" time="79.185">
      <system-out><![CDATA[
COMMAND: POST /session/f2664590fead15ec17982177271525a3/execute/async - {"script":"<script> [1562 bytes]","args":[{"selector":{"controlType":"sap.m.GenericTile","properties":{"header":"Billing Transfer"}},"wdio_ui5_key":"sapm.GenericTile{\"header\":\"Billing Transfer\"}"}]}
RESULT: {"script":"<script> [1562 bytes]","args":[{"selector":{"controlType":"sap.m.GenericTile","properties":{"header":"Billing Transfer"}},"wdio_ui5_key":"sapm.GenericTile{\"header\":\"Billing Transfer\"}"}]}
RESULT: undefined
COMMAND: POST /session/f2664590fead15ec17982177271525a3/element - {"using":"xpath","value":"//*[@id=\"__tile50\"]"}
RESULT: {"using":"xpath","value":"//*[@id=\"__tile50\"]"}
COMMAND: POST /session/f2664590fead15ec17982177271525a3/element/f.00969020EDAB38E57A85DBAFB8D2C3DD.d.8F99D3C8B556DC119BB6835E94B6C37B.e.12465/click - {}
RESULT: {}
COMMAND: POST /session/f2664590fead15ec17982177271525a3/element - {"using":"xpath","value":"//input[contains(@id ,\"application-billingtransfer-display-component---billingWorkbench--smartFilterBar-btnBasicSearch\")]"}
COMMAND: GET /session/f2664590fead15ec17982177271525a3/screenshot - {}
RESULT: {"using":"xpath","value":"//input[contains(@id ,\"application-billingtransfer-display-component---billingWorkbench--smartFilterBar-btnBasicSearch\")]"}
COMMAND: POST /session/f2664590fead15ec17982177271525a3/elements - {"using":"xpath","value":"//input[contains(@id ,\"application-billingtransfer-display-component---billingWorkbench--smartFilterBar-btnBasicSearch\")]"}
RESULT: {}
RESULT: {"using":"xpath","value":"//input[contains(@id ,\"application-billingtransfer-display-component---billingWorkbench--smartFilterBar-btnBasicSearch\")]"}
COMMAND: POST /session/f2664590fead15ec17982177271525a3/element - {"using":"xpath","value":"//input[contains(@id ,\"application-billingtransfer-display-component---billingWorkbench--smartFilterBar-btnBasicSearch\")]"}
RESULT: {"using":"xpath","value":"//input[contains(@id ,\"application-billingtransfer-display-component---billingWorkbench--smartFilterBar-btnBasicSearch\")]"}
COMMAND: POST /session/f2664590fead15ec17982177271525a3/execute/sync - {"script":"<script> [8489 bytes]","args":[{"element-6066-11e4-a52e-4f735466cecf":"f.00969020EDAB38E57A85DBAFB8D2C3DD.d.8F99D3C8B556DC119BB6835E94B6C37B.e.16019","ELEMENT":"f.00969020EDAB38E57A85DBAFB8D2C3DD.d.8F99D3C8B556DC119BB6835E94B6C37B.e.16019"}]}
RESULT: {"script":"<script> [8489 bytes]","args":[{"element-6066-11e4-a52e-4f735466cecf":"f.00969020EDAB38E57A85DBAFB8D2C3DD.d.8F99D3C8B556DC119BB6835E94B6C37B.e.16019","ELEMENT":"f.00969020EDAB38E57A85DBAFB8D2C3DD.d.8F99D3C8B556DC119BB6835E94B6C37B.e.16019"}]}
COMMAND: GET /session/f2664590fead15ec17982177271525a3/element/f.00969020EDAB38E57A85DBAFB8D2C3DD.d.8F99D3C8B556DC119BB6835E94B6C37B.e.16019/enabled - {}
COMMAND: GET /session/f2664590fead15ec17982177271525a3/screenshot - {}
RESULT: {}
COMMAND: POST /session/f2664590fead15ec17982177271525a3/element/f.00969020EDAB38E57A85DBAFB8D2C3DD.d.8F99D3C8B556DC119BB6835E94B6C37B.e.16019/click - {}
COMMAND: GET /session/f2664590fead15ec17982177271525a3/screenshot - {}
RESULT: {}
RESULT: {}
COMMAND: GET /session/f2664590fead15ec17982177271525a3/screenshot - {}
RESULT: {}
RESULT: {}
COMMAND: POST /session/f2664590fead15ec17982177271525a3/element/f.00969020EDAB38E57A85DBAFB8D2C3DD.d.8F99D3C8B556DC119BB6835E94B6C37B.e.16019/clear - {}
RESULT: {}
COMMAND: POST /session/f2664590fead15ec17982177271525a3/element/f.00969020EDAB38E57A85DBAFB8D2C3DD.d.8F99D3C8B556DC119BB6835E94B6C37B.e.16019/value - {"text":"10621"}
COMMAND: GET /session/f2664590fead15ec17982177271525a3/screenshot - {}
RESULT: {"text":"10621"}
COMMAND: POST /session/f2664590fead15ec17982177271525a3/actions - {"actions":[{"id":"action57","type":"key","parameters":{},"actions":[{"type":"keyDown","value":"î€‡"},{"type":"pause","duration":10},{"type":"keyUp","value":"î€‡"}]}]}
COMMAND: GET /session/f2664590fead15ec17982177271525a3/screenshot - {}
RESULT: {}
RESULT: {"actions":[{"id":"action57","type":"key","parameters":{},"actions":[{"type":"keyDown","value":"î€‡"},{"type":"pause","duration":10},{"type":"keyUp","value":"î€‡"}]}]}
COMMAND: GET /session/f2664590fead15ec17982177271525a3/screenshot - {}
RESULT: {}
RESULT: {}
COMMAND: POST /session/f2664590fead15ec17982177271525a3/element - {"using":"xpath","value":"//span[contains(@id ,\"application-billingtransfer-display-component---billingWorkbench--smartTableBillingRuns-header-inner\")]"}
RESULT: {"using":"xpath","value":"//span[contains(@id ,\"application-billingtransfer-display-component---billingWorkbench--smartTableBillingRuns-header-inner\")]"}
COMMAND: POST /session/f2664590fead15ec17982177271525a3/elements - {"using":"xpath","value":"//span[contains(@id ,\"application-billingtransfer-display-component---billingWorkbench--smartTableBillingRuns-header-inner\")]"}
RESULT: {"using":"xpath","value":"//span[contains(@id ,\"application-billingtransfer-display-component---billingWorkbench--smartTableBillingRuns-header-inner\")]"}
COMMAND: POST /session/f2664590fead15ec17982177271525a3/execute/sync - {"script":"<script> [56 bytes]","args":[{"element-6066-11e4-a52e-4f735466cecf":"f.00969020EDAB38E57A85DBAFB8D2C3DD.d.8F99D3C8B556DC119BB6835E94B6C37B.e.16243","ELEMENT":"f.00969020EDAB38E57A85DBAFB8D2C3DD.d.8F99D3C8B556DC119BB6835E94B6C37B.e.16243"}]}
RESULT: {"script":"<script> [56 bytes]","args":[{"element-6066-11e4-a52e-4f735466cecf":"f.00969020EDAB38E57A85DBAFB8D2C3DD.d.8F99D3C8B556DC119BB6835E94B6C37B.e.16243","ELEMENT":"f.00969020EDAB38E57A85DBAFB8D2C3DD.d.8F99D3C8B556DC119BB6835E94B6C37B.e.16243"}]}
COMMAND: POST /session/f2664590fead15ec17982177271525a3/element - {"using":"xpath","value":"//td[@aria-colindex=\"1\"]/div/div[contains(@class, \"sapMCbBg\")]"}
COMMAND: GET /session/f2664590fead15ec17982177271525a3/screenshot - {}
RESULT: {"using":"xpath","value":"//td[@aria-colindex=\"1\"]/div/div[contains(@class, \"sapMCbBg\")]"}
COMMAND: POST /session/f2664590fead15ec17982177271525a3/element/f.00969020EDAB38E57A85DBAFB8D2C3DD.d.8F99D3C8B556DC119BB6835E94B6C37B.e.16220/click - {}
RESULT: {}
RESULT: {}
COMMAND: GET /session/f2664590fead15ec17982177271525a3/screenshot - {}
RESULT: {}
COMMAND: POST /session/f2664590fead15ec17982177271525a3/element - {"using":"xpath","value":"//bdi[contains(text(), \"Check\")]"}
RESULT: {"using":"xpath","value":"//bdi[contains(text(), \"Check\")]"}
COMMAND: POST /session/f2664590fead15ec17982177271525a3/element/f.00969020EDAB38E57A85DBAFB8D2C3DD.d.8F99D3C8B556DC119BB6835E94B6C37B.e.16244/click - {}
RESULT: {}
COMMAND: GET /session/f2664590fead15ec17982177271525a3/screenshot - {}
RESULT: {}
COMMAND: POST /session/f2664590fead15ec17982177271525a3/element - {"using":"xpath","value":"//bdi[contains(text(), \"OK\")]"}
RESULT: {"using":"xpath","value":"//bdi[contains(text(), \"OK\")]"}
COMMAND: POST /session/f2664590fead15ec17982177271525a3/element/f.00969020EDAB38E57A85DBAFB8D2C3DD.d.8F99D3C8B556DC119BB6835E94B6C37B.e.16247/click - {}
RESULT: {}
COMMAND: GET /session/f2664590fead15ec17982177271525a3/screenshot - {}
RESULT: {}
COMMAND: POST /session/f2664590fead15ec17982177271525a3/element - {"using":"xpath","value":"(//span[contains(text(), \"CO/SD checked\")]/parent::div/preceding-sibling::div/span)[1]"}
RESULT: {"using":"xpath","value":"(//span[contains(text(), \"CO/SD checked\")]/parent::div/preceding-sibling::div/span)[1]"}
COMMAND: POST /session/f2664590fead15ec17982177271525a3/element/f.00969020EDAB38E57A85DBAFB8D2C3DD.d.8F99D3C8B556DC119BB6835E94B6C37B.e.16249/click - {}
RESULT: {}
COMMAND: GET /session/f2664590fead15ec17982177271525a3/screenshot - {}
RESULT: {}
COMMAND: POST /session/f2664590fead15ec17982177271525a3/element - {"using":"xpath","value":"//input[contains(@id ,\"application-billingtransfer-display-component---billingWorkbench--smartFilterBar-btnBasicSearch\")]"}
RESULT: {"using":"xpath","value":"//input[contains(@id ,\"application-billingtransfer-display-component---billingWorkbench--smartFilterBar-btnBasicSearch\")]"}
COMMAND: POST /session/f2664590fead15ec17982177271525a3/elements - {"using":"xpath","value":"//input[contains(@id ,\"application-billingtransfer-display-component---billingWorkbench--smartFilterBar-btnBasicSearch\")]"}
RESULT: {"using":"xpath","value":"//input[contains(@id ,\"application-billingtransfer-display-component---billingWorkbench--smartFilterBar-btnBasicSearch\")]"}
COMMAND: POST /session/f2664590fead15ec17982177271525a3/execute/sync - {"script":"<script> [8489 bytes]","args":[{"element-6066-11e4-a52e-4f735466cecf":"f.00969020EDAB38E57A85DBAFB8D2C3DD.d.8F99D3C8B556DC119BB6835E94B6C37B.e.16019","ELEMENT":"f.00969020EDAB38E57A85DBAFB8D2C3DD.d.8F99D3C8B556DC119BB6835E94B6C37B.e.16019"}]}
RESULT: {"script":"<script> [8489 bytes]","args":[{"element-6066-11e4-a52e-4f735466cecf":"f.00969020EDAB38E57A85DBAFB8D2C3DD.d.8F99D3C8B556DC119BB6835E94B6C37B.e.16019","ELEMENT":"f.00969020EDAB38E57A85DBAFB8D2C3DD.d.8F99D3C8B556DC119BB6835E94B6C37B.e.16019"}]}
COMMAND: GET /session/f2664590fead15ec17982177271525a3/element/f.00969020EDAB38E57A85DBAFB8D2C3DD.d.8F99D3C8B556DC119BB6835E94B6C37B.e.16019/enabled - {}
COMMAND: GET /session/f2664590fead15ec17982177271525a3/screenshot - {}
RESULT: {}
COMMAND: POST /session/f2664590fead15ec17982177271525a3/element/f.00969020EDAB38E57A85DBAFB8D2C3DD.d.8F99D3C8B556DC119BB6835E94B6C37B.e.16019/click - {}
COMMAND: GET /session/f2664590fead15ec17982177271525a3/screenshot - {}
RESULT: {}
RESULT: {}
COMMAND: GET /session/f2664590fead15ec17982177271525a3/screenshot - {}
RESULT: {}
RESULT: {}
COMMAND: POST /session/f2664590fead15ec17982177271525a3/element/f.00969020EDAB38E57A85DBAFB8D2C3DD.d.8F99D3C8B556DC119BB6835E94B6C37B.e.16019/clear - {}
RESULT: {}
COMMAND: POST /session/f2664590fead15ec17982177271525a3/element/f.00969020EDAB38E57A85DBAFB8D2C3DD.d.8F99D3C8B556DC119BB6835E94B6C37B.e.16019/value - {"text":"10621"}
COMMAND: GET /session/f2664590fead15ec17982177271525a3/screenshot - {}
RESULT: {"text":"10621"}
COMMAND: POST /session/f2664590fead15ec17982177271525a3/actions - {"actions":[{"id":"action58","type":"key","parameters":{},"actions":[{"type":"keyDown","value":"î€‡"},{"type":"pause","duration":10},{"type":"keyUp","value":"î€‡"}]}]}
COMMAND: GET /session/f2664590fead15ec17982177271525a3/screenshot - {}
RESULT: {}
RESULT: {"actions":[{"id":"action58","type":"key","parameters":{},"actions":[{"type":"keyDown","value":"î€‡"},{"type":"pause","duration":10},{"type":"keyUp","value":"î€‡"}]}]}
COMMAND: GET /session/f2664590fead15ec17982177271525a3/screenshot - {}
RESULT: {}
RESULT: {}
COMMAND: POST /session/f2664590fead15ec17982177271525a3/element - {"using":"xpath","value":"//span[contains(@id ,\"application-billingtransfer-display-component---billingWorkbench--smartTableBillingRuns-header-inner\")]"}
RESULT: {"using":"xpath","value":"//span[contains(@id ,\"application-billingtransfer-display-component---billingWorkbench--smartTableBillingRuns-header-inner\")]"}
COMMAND: POST /session/f2664590fead15ec17982177271525a3/elements - {"using":"xpath","value":"//span[contains(@id ,\"application-billingtransfer-display-component---billingWorkbench--smartTableBillingRuns-header-inner\")]"}
RESULT: {"using":"xpath","value":"//span[contains(@id ,\"application-billingtransfer-display-component---billingWorkbench--smartTableBillingRuns-header-inner\")]"}
COMMAND: POST /session/f2664590fead15ec17982177271525a3/execute/sync - {"script":"<script> [56 bytes]","args":[{"element-6066-11e4-a52e-4f735466cecf":"f.00969020EDAB38E57A85DBAFB8D2C3DD.d.8F99D3C8B556DC119BB6835E94B6C37B.e.16243","ELEMENT":"f.00969020EDAB38E57A85DBAFB8D2C3DD.d.8F99D3C8B556DC119BB6835E94B6C37B.e.16243"}]}
RESULT: {"script":"<script> [56 bytes]","args":[{"element-6066-11e4-a52e-4f735466cecf":"f.00969020EDAB38E57A85DBAFB8D2C3DD.d.8F99D3C8B556DC119BB6835E94B6C37B.e.16243","ELEMENT":"f.00969020EDAB38E57A85DBAFB8D2C3DD.d.8F99D3C8B556DC119BB6835E94B6C37B.e.16243"}]}
COMMAND: POST /session/f2664590fead15ec17982177271525a3/element - {"using":"xpath","value":"//td[@aria-colindex=\"1\"]/div/div[contains(@class, \"sapMCbBg\")]"}
COMMAND: GET /session/f2664590fead15ec17982177271525a3/screenshot - {}
RESULT: {"using":"xpath","value":"//td[@aria-colindex=\"1\"]/div/div[contains(@class, \"sapMCbBg\")]"}
COMMAND: POST /session/f2664590fead15ec17982177271525a3/element/f.00969020EDAB38E57A85DBAFB8D2C3DD.d.8F99D3C8B556DC119BB6835E94B6C37B.e.16253/click - {}
RESULT: {}
RESULT: {}
COMMAND: GET /session/f2664590fead15ec17982177271525a3/screenshot - {}
RESULT: {}
COMMAND: POST /session/f2664590fead15ec17982177271525a3/element - {"using":"xpath","value":"//bdi[text()=\"Transfer\"]"}
RESULT: {"using":"xpath","value":"//bdi[text()=\"Transfer\"]"}
COMMAND: POST /session/f2664590fead15ec17982177271525a3/element/f.00969020EDAB38E57A85DBAFB8D2C3DD.d.8F99D3C8B556DC119BB6835E94B6C37B.e.16254/click - {}
RESULT: {}
COMMAND: GET /session/f2664590fead15ec17982177271525a3/screenshot - {}
RESULT: {}
COMMAND: POST /session/f2664590fead15ec17982177271525a3/element - {"using":"xpath","value":"//bdi[contains(text(), \"OK\")]"}
RESULT: {"using":"xpath","value":"//bdi[contains(text(), \"OK\")]"}
COMMAND: POST /session/f2664590fead15ec17982177271525a3/element/f.00969020EDAB38E57A85DBAFB8D2C3DD.d.8F99D3C8B556DC119BB6835E94B6C37B.e.16257/click - {}
RESULT: {}
COMMAND: GET /session/f2664590fead15ec17982177271525a3/screenshot - {}
RESULT: {}
COMMAND: POST /session/f2664590fead15ec17982177271525a3/element - {"using":"xpath","value":"(//span[contains(text(), \"Completed\")]/parent::div/preceding-sibling::div/span)[1]"}
RESULT: {"using":"xpath","value":"(//span[contains(text(), \"Completed\")]/parent::div/preceding-sibling::div/span)[1]"}
COMMAND: POST /session/f2664590fead15ec17982177271525a3/element/f.00969020EDAB38E57A85DBAFB8D2C3DD.d.8F99D3C8B556DC119BB6835E94B6C37B.e.16265/click - {}
RESULT: {}
COMMAND: POST /session/f2664590fead15ec17982177271525a3/element - {"using":"xpath","value":"//input[contains(@id ,\"application-billingtransfer-display-component---billingWorkbench--smartFilterBar-btnBasicSearch\")]"}
COMMAND: GET /session/f2664590fead15ec17982177271525a3/screenshot - {}
RESULT: {"using":"xpath","value":"//input[contains(@id ,\"application-billingtransfer-display-component---billingWorkbench--smartFilterBar-btnBasicSearch\")]"}
COMMAND: POST /session/f2664590fead15ec17982177271525a3/elements - {"using":"xpath","value":"//input[contains(@id ,\"application-billingtransfer-display-component---billingWorkbench--smartFilterBar-btnBasicSearch\")]"}
RESULT: {}
RESULT: {"using":"xpath","value":"//input[contains(@id ,\"application-billingtransfer-display-component---billingWorkbench--smartFilterBar-btnBasicSearch\")]"}
COMMAND: POST /session/f2664590fead15ec17982177271525a3/execute/sync - {"script":"<script> [8489 bytes]","args":[{"element-6066-11e4-a52e-4f735466cecf":"f.00969020EDAB38E57A85DBAFB8D2C3DD.d.8F99D3C8B556DC119BB6835E94B6C37B.e.16019","ELEMENT":"f.00969020EDAB38E57A85DBAFB8D2C3DD.d.8F99D3C8B556DC119BB6835E94B6C37B.e.16019"}]}
RESULT: {"script":"<script> [8489 bytes]","args":[{"element-6066-11e4-a52e-4f735466cecf":"f.00969020EDAB38E57A85DBAFB8D2C3DD.d.8F99D3C8B556DC119BB6835E94B6C37B.e.16019","ELEMENT":"f.00969020EDAB38E57A85DBAFB8D2C3DD.d.8F99D3C8B556DC119BB6835E94B6C37B.e.16019"}]}
COMMAND: GET /session/f2664590fead15ec17982177271525a3/element/f.00969020EDAB38E57A85DBAFB8D2C3DD.d.8F99D3C8B556DC119BB6835E94B6C37B.e.16019/enabled - {}
COMMAND: GET /session/f2664590fead15ec17982177271525a3/screenshot - {}
RESULT: {}
COMMAND: POST /session/f2664590fead15ec17982177271525a3/element/f.00969020EDAB38E57A85DBAFB8D2C3DD.d.8F99D3C8B556DC119BB6835E94B6C37B.e.16019/click - {}
COMMAND: GET /session/f2664590fead15ec17982177271525a3/screenshot - {}
RESULT: {}
RESULT: {}
COMMAND: GET /session/f2664590fead15ec17982177271525a3/screenshot - {}
RESULT: {}
RESULT: {}
COMMAND: POST /session/f2664590fead15ec17982177271525a3/element/f.00969020EDAB38E57A85DBAFB8D2C3DD.d.8F99D3C8B556DC119BB6835E94B6C37B.e.16019/clear - {}
RESULT: {}
COMMAND: POST /session/f2664590fead15ec17982177271525a3/element/f.00969020EDAB38E57A85DBAFB8D2C3DD.d.8F99D3C8B556DC119BB6835E94B6C37B.e.16019/value - {"text":"10621"}
COMMAND: GET /session/f2664590fead15ec17982177271525a3/screenshot - {}
RESULT: {"text":"10621"}
COMMAND: POST /session/f2664590fead15ec17982177271525a3/actions - {"actions":[{"id":"action59","type":"key","parameters":{},"actions":[{"type":"keyDown","value":"î€‡"},{"type":"pause","duration":10},{"type":"keyUp","value":"î€‡"}]}]}
COMMAND: GET /session/f2664590fead15ec17982177271525a3/screenshot - {}
RESULT: {}
RESULT: {"actions":[{"id":"action59","type":"key","parameters":{},"actions":[{"type":"keyDown","value":"î€‡"},{"type":"pause","duration":10},{"type":"keyUp","value":"î€‡"}]}]}
COMMAND: GET /session/f2664590fead15ec17982177271525a3/screenshot - {}
RESULT: {}
RESULT: {}
COMMAND: POST /session/f2664590fead15ec17982177271525a3/element - {"using":"xpath","value":"//span[contains(@id ,\"application-billingtransfer-display-component---billingWorkbench--smartTableBillingRuns-header-inner\")]"}
RESULT: {"using":"xpath","value":"//span[contains(@id ,\"application-billingtransfer-display-component---billingWorkbench--smartTableBillingRuns-header-inner\")]"}
COMMAND: POST /session/f2664590fead15ec17982177271525a3/elements - {"using":"xpath","value":"//span[contains(@id ,\"application-billingtransfer-display-component---billingWorkbench--smartTableBillingRuns-header-inner\")]"}
RESULT: {"using":"xpath","value":"//span[contains(@id ,\"application-billingtransfer-display-component---billingWorkbench--smartTableBillingRuns-header-inner\")]"}
COMMAND: POST /session/f2664590fead15ec17982177271525a3/execute/sync - {"script":"<script> [56 bytes]","args":[{"element-6066-11e4-a52e-4f735466cecf":"f.00969020EDAB38E57A85DBAFB8D2C3DD.d.8F99D3C8B556DC119BB6835E94B6C37B.e.16243","ELEMENT":"f.00969020EDAB38E57A85DBAFB8D2C3DD.d.8F99D3C8B556DC119BB6835E94B6C37B.e.16243"}]}
RESULT: {"script":"<script> [56 bytes]","args":[{"element-6066-11e4-a52e-4f735466cecf":"f.00969020EDAB38E57A85DBAFB8D2C3DD.d.8F99D3C8B556DC119BB6835E94B6C37B.e.16243","ELEMENT":"f.00969020EDAB38E57A85DBAFB8D2C3DD.d.8F99D3C8B556DC119BB6835E94B6C37B.e.16243"}]}
COMMAND: GET /session/f2664590fead15ec17982177271525a3/screenshot - {}
RESULT: {}
COMMAND: POST /session/f2664590fead15ec17982177271525a3/execute/sync - {"script":"<script> [56 bytes]","args":[{"element-6066-11e4-a52e-4f735466cecf":"f.00969020EDAB38E57A85DBAFB8D2C3DD.d.8F99D3C8B556DC119BB6835E94B6C37B.e.16243","ELEMENT":"f.00969020EDAB38E57A85DBAFB8D2C3DD.d.8F99D3C8B556DC119BB6835E94B6C37B.e.16243"}]}
RESULT: {"script":"<script> [56 bytes]","args":[{"element-6066-11e4-a52e-4f735466cecf":"f.00969020EDAB38E57A85DBAFB8D2C3DD.d.8F99D3C8B556DC119BB6835E94B6C37B.e.16243","ELEMENT":"f.00969020EDAB38E57A85DBAFB8D2C3DD.d.8F99D3C8B556DC119BB6835E94B6C37B.e.16243"}]}
COMMAND: GET /session/f2664590fead15ec17982177271525a3/screenshot - {}
RESULT: {}
COMMAND: POST /session/f2664590fead15ec17982177271525a3/execute/sync - {"script":"<script> [56 bytes]","args":[{"element-6066-11e4-a52e-4f735466cecf":"f.00969020EDAB38E57A85DBAFB8D2C3DD.d.8F99D3C8B556DC119BB6835E94B6C37B.e.16243","ELEMENT":"f.00969020EDAB38E57A85DBAFB8D2C3DD.d.8F99D3C8B556DC119BB6835E94B6C37B.e.16243"}]}
RESULT: {"script":"<script> [56 bytes]","args":[{"element-6066-11e4-a52e-4f735466cecf":"f.00969020EDAB38E57A85DBAFB8D2C3DD.d.8F99D3C8B556DC119BB6835E94B6C37B.e.16243","ELEMENT":"f.00969020EDAB38E57A85DBAFB8D2C3DD.d.8F99D3C8B556DC119BB6835E94B6C37B.e.16243"}]}
COMMAND: GET /session/f2664590fead15ec17982177271525a3/screenshot - {}
RESULT: {}
COMMAND: POST /session/f2664590fead15ec17982177271525a3/execute/sync - {"script":"<script> [56 bytes]","args":[{"element-6066-11e4-a52e-4f735466cecf":"f.00969020EDAB38E57A85DBAFB8D2C3DD.d.8F99D3C8B556DC119BB6835E94B6C37B.e.16243","ELEMENT":"f.00969020EDAB38E57A85DBAFB8D2C3DD.d.8F99D3C8B556DC119BB6835E94B6C37B.e.16243"}]}
RESULT: {"script":"<script> [56 bytes]","args":[{"element-6066-11e4-a52e-4f735466cecf":"f.00969020EDAB38E57A85DBAFB8D2C3DD.d.8F99D3C8B556DC119BB6835E94B6C37B.e.16243","ELEMENT":"f.00969020EDAB38E57A85DBAFB8D2C3DD.d.8F99D3C8B556DC119BB6835E94B6C37B.e.16243"}]}
COMMAND: GET /session/f2664590fead15ec17982177271525a3/screenshot - {}
RESULT: {}
COMMAND: POST /session/f2664590fead15ec17982177271525a3/execute/sync - {"script":"<script> [56 bytes]","args":[{"element-6066-11e4-a52e-4f735466cecf":"f.00969020EDAB38E57A85DBAFB8D2C3DD.d.8F99D3C8B556DC119BB6835E94B6C37B.e.16243","ELEMENT":"f.00969020EDAB38E57A85DBAFB8D2C3DD.d.8F99D3C8B556DC119BB6835E94B6C37B.e.16243"}]}
RESULT: {"script":"<script> [56 bytes]","args":[{"element-6066-11e4-a52e-4f735466cecf":"f.00969020EDAB38E57A85DBAFB8D2C3DD.d.8F99D3C8B556DC119BB6835E94B6C37B.e.16243","ELEMENT":"f.00969020EDAB38E57A85DBAFB8D2C3DD.d.8F99D3C8B556DC119BB6835E94B6C37B.e.16243"}]}
COMMAND: POST /session/f2664590fead15ec17982177271525a3/element - {"using":"css selector","value":"#shell-header-logo"}
COMMAND: GET /session/f2664590fead15ec17982177271525a3/screenshot - {}
RESULT: {"using":"css selector","value":"#shell-header-logo"}
COMMAND: POST /session/f2664590fead15ec17982177271525a3/element/f.00969020EDAB38E57A85DBAFB8D2C3DD.d.8F99D3C8B556DC119BB6835E94B6C37B.e.16017/click - {}
RESULT: {}
RESULT: {}
COMMAND: GET /session/f2664590fead15ec17982177271525a3/screenshot - {}
RESULT: {}
COMMAND: POST /session/f2664590fead15ec17982177271525a3/element - {"using":"css selector","value":"#j_username"}
COMMAND: POST /session/f2664590fead15ec17982177271525a3/url - {"url":"https://qa-testing-00-live-etm-ui.cfapps.eu10-004.hana.ondemand.com/"}
RESULT: {"using":"css selector","value":"#j_username"}
COMMAND: POST /session/f2664590fead15ec17982177271525a3/element - {"using":"css selector","value":"#j_username"}
RESULT: {"url":"https://qa-testing-00-live-etm-ui.cfapps.eu10-004.hana.ondemand.com/"}
RESULT: undefined
COMMAND: GET /session/f2664590fead15ec17982177271525a3/screenshot - {}
RESULT: {"using":"css selector","value":"#j_username"}
COMMAND: POST /session/f2664590fead15ec17982177271525a3/element - {"using":"css selector","value":"#shell-header-logo"}
RESULT: {}
RESULT: {"using":"css selector","value":"#shell-header-logo"}
COMMAND: POST /session/f2664590fead15ec17982177271525a3/execute/sync - {"script":"<script> [8489 bytes]","args":[{"element-6066-11e4-a52e-4f735466cecf":"f.00969020EDAB38E57A85DBAFB8D2C3DD.d.EBA63DE95C2835448E85FAD164798E05.e.16283","ELEMENT":"f.00969020EDAB38E57A85DBAFB8D2C3DD.d.EBA63DE95C2835448E85FAD164798E05.e.16283"}]}
RESULT: {"script":"<script> [8489 bytes]","args":[{"element-6066-11e4-a52e-4f735466cecf":"f.00969020EDAB38E57A85DBAFB8D2C3DD.d.EBA63DE95C2835448E85FAD164798E05.e.16283","ELEMENT":"f.00969020EDAB38E57A85DBAFB8D2C3DD.d.EBA63DE95C2835448E85FAD164798E05.e.16283"}]}
COMMAND: POST /session/f2664590fead15ec17982177271525a3/element - {"using":"css selector","value":"#shell-header-logo"}
COMMAND: GET /session/f2664590fead15ec17982177271525a3/screenshot - {}
RESULT: {"using":"css selector","value":"#shell-header-logo"}
COMMAND: POST /session/f2664590fead15ec17982177271525a3/execute/sync - {"script":"<script> [8489 bytes]","args":[{"element-6066-11e4-a52e-4f735466cecf":"f.00969020EDAB38E57A85DBAFB8D2C3DD.d.EBA63DE95C2835448E85FAD164798E05.e.16283","ELEMENT":"f.00969020EDAB38E57A85DBAFB8D2C3DD.d.EBA63DE95C2835448E85FAD164798E05.e.16283"}]}
RESULT: {}
RESULT: {"script":"<script> [8489 bytes]","args":[{"element-6066-11e4-a52e-4f735466cecf":"f.00969020EDAB38E57A85DBAFB8D2C3DD.d.EBA63DE95C2835448E85FAD164798E05.e.16283","ELEMENT":"f.00969020EDAB38E57A85DBAFB8D2C3DD.d.EBA63DE95C2835448E85FAD164798E05.e.16283"}]}
COMMAND: POST /session/f2664590fead15ec17982177271525a3/execute/sync - {"script":"<script> [5351 bytes]","args":[{"element-6066-11e4-a52e-4f735466cecf":"f.00969020EDAB38E57A85DBAFB8D2C3DD.d.EBA63DE95C2835448E85FAD164798E05.e.16283","ELEMENT":"f.00969020EDAB38E57A85DBAFB8D2C3DD.d.EBA63DE95C2835448E85FAD164798E05.e.16283"}]}
COMMAND: GET /session/f2664590fead15ec17982177271525a3/screenshot - {}
RESULT: {"script":"<script> [5351 bytes]","args":[{"element-6066-11e4-a52e-4f735466cecf":"f.00969020EDAB38E57A85DBAFB8D2C3DD.d.EBA63DE95C2835448E85FAD164798E05.e.16283","ELEMENT":"f.00969020EDAB38E57A85DBAFB8D2C3DD.d.EBA63DE95C2835448E85FAD164798E05.e.16283"}]}
COMMAND: POST /session/f2664590fead15ec17982177271525a3/element - {"using":"css selector","value":"#shell-header-logo"}
COMMAND: GET /session/f2664590fead15ec17982177271525a3/screenshot - {}
RESULT: {}
RESULT: {"using":"css selector","value":"#shell-header-logo"}
COMMAND: POST /session/f2664590fead15ec17982177271525a3/element/f.00969020EDAB38E57A85DBAFB8D2C3DD.d.EBA63DE95C2835448E85FAD164798E05.e.16283/click - {}
RESULT: {}
RESULT: {}
COMMAND: GET /session/f2664590fead15ec17982177271525a3/screenshot - {}
RESULT: {}
COMMAND: POST /session/f2664590fead15ec17982177271525a3/execute/async - {"script":"<script> [189 bytes]","args":[]}
RESULT: {"script":"<script> [189 bytes]","args":[]}
COMMAND: POST /session/f2664590fead15ec17982177271525a3/execute/async - {"script":"<script> [123 bytes]","args":[]}
RESULT: {"script":"<script> [123 bytes]","args":[]}
COMMAND: POST /session/f2664590fead15ec17982177271525a3/timeouts - {"script":"<number>"}
RESULT: {"script":"<number>"}
COMMAND: GET /session/f2664590fead15ec17982177271525a3/timeouts - {}
RESULT: {}
RESULT: undefined
COMMAND: POST /session/f2664590fead15ec17982177271525a3/execute/async - {"script":"<script> [2676 bytes]","args":[]}
RESULT: {"script":"<script> [2676 bytes]","args":[]}
COMMAND: POST /session/f2664590fead15ec17982177271525a3/execute/async - {"script":"<script> [2342 bytes]","args":[{"protocol":"http","hostname":"0.0.0.0","path":"/","capabilities":{"browserName":"chrome","goog:chromeOptions":{"binary":"C:\\Program Files\\Google\\Chrome\\Application\\chrome.exe","args":["--start-maximized"]}},"logLevel":"warn","connectionRetryTimeout":120000,"connectionRetryCount":3,"logLevels":{},"enableDirectConnect":true,"strictSSL":true,"_":"65 more keys: [\"cacheDir\",\"port\",\"requestedCapabilities\",\"automationProtocol\",\"baseUrl\",\"waitforInterval\",\"waitforTimeout\",\"onReload\",\"beforeCommand\",\"afterCommand\",\"rootDir\",\"specs\",\"suites\",\"exclude\",\"groupLogsByTestSpec\",\"excludeDriverLogs\",\"bail\",\"framework\",\"reporters\",\"services\",\"maxInstances\",\"maxInstancesPerCapability\",\"injectGlobals\",\"filesToWatch\",\"execArgv\",\"runnerEnv\",\"runner\",\"shard\",\"specFileRetries\",\"specFileRetriesDelay\",\"specFileRetriesDeferred\",\"reporterSyncInterval\",\"reporterSyncTimeout\",\"cucumberFeaturesWithLineNumbers\",\"autoCompileOpts\",\"mochaOpts\",\"jasmineOpts\",\"cucumberOpts\",\"onPrepare\",\"onWorkerStart\",\"onWorkerEnd\",\"before\",\"beforeSession\",\"beforeSuite\",\"beforeHook\",\"beforeTest\",\"afterTest\",\"afterHook\",\"afterSuite\",\"afterSession\",\"after\",\"onComplete\",\"beforeAssertion\",\"afterAssertion\",\"beforeFeature\",\"beforeScenario\",\"beforeStep\",\"afterStep\",\"afterScenario\",\"afterFeature\",\"_\",\"suite\",\"$0\",\"ignoredWorkerServices\",\"wdi5\"]"}]}
RESULT: {"script":"<script> [2342 bytes]","args":[{"protocol":"http","hostname":"0.0.0.0","path":"/","capabilities":{"browserName":"chrome","goog:chromeOptions":{"binary":"C:\\Program Files\\Google\\Chrome\\Application\\chrome.exe","args":["--start-maximized"]}},"logLevel":"warn","connectionRetryTimeout":120000,"connectionRetryCount":3,"logLevels":{},"enableDirectConnect":true,"strictSSL":true,"_":"65 more keys: [\"cacheDir\",\"port\",\"requestedCapabilities\",\"automationProtocol\",\"baseUrl\",\"waitforInterval\",\"waitforTimeout\",\"onReload\",\"beforeCommand\",\"afterCommand\",\"rootDir\",\"specs\",\"suites\",\"exclude\",\"groupLogsByTestSpec\",\"excludeDriverLogs\",\"bail\",\"framework\",\"reporters\",\"services\",\"maxInstances\",\"maxInstancesPerCapability\",\"injectGlobals\",\"filesToWatch\",\"execArgv\",\"runnerEnv\",\"runner\",\"shard\",\"specFileRetries\",\"specFileRetriesDelay\",\"specFileRetriesDeferred\",\"reporterSyncInterval\",\"reporterSyncTimeout\",\"cucumberFeaturesWithLineNumbers\",\"autoCompileOpts\",\"mochaOpts\",\"jasmineOpts\",\"cucumberOpts\",\"onPrepare\",\"onWorkerStart\",\"onWorkerEnd\",\"before\",\"beforeSession\",\"beforeSuite\",\"beforeHook\",\"beforeTest\",\"afterTest\",\"afterHook\",\"afterSuite\",\"afterSession\",\"after\",\"onComplete\",\"beforeAssertion\",\"afterAssertion\",\"beforeFeature\",\"beforeScenario\",\"beforeStep\",\"afterStep\",\"afterScenario\",\"afterFeature\",\"_\",\"suite\",\"$0\",\"ignoredWorkerServices\",\"wdi5\"]"}]}
COMMAND: POST /session/f2664590fead15ec17982177271525a3/execute/async - {"script":"<script> [21126 bytes]","args":[35000]}
RESULT: {"script":"<script> [21126 bytes]","args":[35000]}
COMMAND: POST /session/f2664590fead15ec17982177271525a3/window/maximize - {}
RESULT: {}
COMMAND: POST /session/f2664590fead15ec17982177271525a3/execute/async - {"script":"<script> [1562 bytes]","args":[{"selector":{"id":"shell-header","interaction":{"idSuffix":"icon"}},"wdio_ui5_key":"shellheader"}]}
COMMAND: GET /session/f2664590fead15ec17982177271525a3/screenshot - {}
RESULT: {"script":"<script> [1562 bytes]","args":[{"selector":{"id":"shell-header","interaction":{"idSuffix":"icon"}},"wdio_ui5_key":"shellheader"}]}
RESULT: undefined
COMMAND: POST /session/f2664590fead15ec17982177271525a3/refresh - {}
RESULT: {}
RESULT: {}
COMMAND: GET /session/f2664590fead15ec17982177271525a3/screenshot - {}
RESULT: {}
COMMAND: POST /session/f2664590fead15ec17982177271525a3/refresh - {}
RESULT: {}
COMMAND: GET /session/f2664590fead15ec17982177271525a3/screenshot - {}
RESULT: {}
COMMAND: POST /session/f2664590fead15ec17982177271525a3/window/fullscreen - {}
RESULT: {}
COMMAND: POST /session/f2664590fead15ec17982177271525a3/execute/async - {"script":"<script> [189 bytes]","args":[]}
RESULT: {"script":"<script> [189 bytes]","args":[]}
COMMAND: POST /session/f2664590fead15ec17982177271525a3/execute/async - {"script":"<script> [123 bytes]","args":[]}
RESULT: {"script":"<script> [123 bytes]","args":[]}
COMMAND: POST /session/f2664590fead15ec17982177271525a3/timeouts - {"script":"<number>"}
RESULT: {"script":"<number>"}
COMMAND: GET /session/f2664590fead15ec17982177271525a3/timeouts - {}
RESULT: {}
RESULT: undefined
COMMAND: POST /session/f2664590fead15ec17982177271525a3/execute/async - {"script":"<script> [2676 bytes]","args":[]}
RESULT: {"script":"<script> [2676 bytes]","args":[]}
COMMAND: POST /session/f2664590fead15ec17982177271525a3/execute/async - {"script":"<script> [2342 bytes]","args":[{"protocol":"http","hostname":"0.0.0.0","path":"/","capabilities":{"browserName":"chrome","goog:chromeOptions":{"binary":"C:\\Program Files\\Google\\Chrome\\Application\\chrome.exe","args":["--start-maximized"]}},"logLevel":"warn","connectionRetryTimeout":120000,"connectionRetryCount":3,"logLevels":{},"enableDirectConnect":true,"strictSSL":true,"_":"65 more keys: [\"cacheDir\",\"port\",\"requestedCapabilities\",\"automationProtocol\",\"baseUrl\",\"waitforInterval\",\"waitforTimeout\",\"onReload\",\"beforeCommand\",\"afterCommand\",\"rootDir\",\"specs\",\"suites\",\"exclude\",\"groupLogsByTestSpec\",\"excludeDriverLogs\",\"bail\",\"framework\",\"reporters\",\"services\",\"maxInstances\",\"maxInstancesPerCapability\",\"injectGlobals\",\"filesToWatch\",\"execArgv\",\"runnerEnv\",\"runner\",\"shard\",\"specFileRetries\",\"specFileRetriesDelay\",\"specFileRetriesDeferred\",\"reporterSyncInterval\",\"reporterSyncTimeout\",\"cucumberFeaturesWithLineNumbers\",\"autoCompileOpts\",\"mochaOpts\",\"jasmineOpts\",\"cucumberOpts\",\"onPrepare\",\"onWorkerStart\",\"onWorkerEnd\",\"before\",\"beforeSession\",\"beforeSuite\",\"beforeHook\",\"beforeTest\",\"afterTest\",\"afterHook\",\"afterSuite\",\"afterSession\",\"after\",\"onComplete\",\"beforeAssertion\",\"afterAssertion\",\"beforeFeature\",\"beforeScenario\",\"beforeStep\",\"afterStep\",\"afterScenario\",\"afterFeature\",\"_\",\"suite\",\"$0\",\"ignoredWorkerServices\",\"wdi5\"]"}]}
RESULT: {"script":"<script> [2342 bytes]","args":[{"protocol":"http","hostname":"0.0.0.0","path":"/","capabilities":{"browserName":"chrome","goog:chromeOptions":{"binary":"C:\\Program Files\\Google\\Chrome\\Application\\chrome.exe","args":["--start-maximized"]}},"logLevel":"warn","connectionRetryTimeout":120000,"connectionRetryCount":3,"logLevels":{},"enableDirectConnect":true,"strictSSL":true,"_":"65 more keys: [\"cacheDir\",\"port\",\"requestedCapabilities\",\"automationProtocol\",\"baseUrl\",\"waitforInterval\",\"waitforTimeout\",\"onReload\",\"beforeCommand\",\"afterCommand\",\"rootDir\",\"specs\",\"suites\",\"exclude\",\"groupLogsByTestSpec\",\"excludeDriverLogs\",\"bail\",\"framework\",\"reporters\",\"services\",\"maxInstances\",\"maxInstancesPerCapability\",\"injectGlobals\",\"filesToWatch\",\"execArgv\",\"runnerEnv\",\"runner\",\"shard\",\"specFileRetries\",\"specFileRetriesDelay\",\"specFileRetriesDeferred\",\"reporterSyncInterval\",\"reporterSyncTimeout\",\"cucumberFeaturesWithLineNumbers\",\"autoCompileOpts\",\"mochaOpts\",\"jasmineOpts\",\"cucumberOpts\",\"onPrepare\",\"onWorkerStart\",\"onWorkerEnd\",\"before\",\"beforeSession\",\"beforeSuite\",\"beforeHook\",\"beforeTest\",\"afterTest\",\"afterHook\",\"afterSuite\",\"afterSession\",\"after\",\"onComplete\",\"beforeAssertion\",\"afterAssertion\",\"beforeFeature\",\"beforeScenario\",\"beforeStep\",\"afterStep\",\"afterScenario\",\"afterFeature\",\"_\",\"suite\",\"$0\",\"ignoredWorkerServices\",\"wdi5\"]"}]}
COMMAND: POST /session/f2664590fead15ec17982177271525a3/execute/async - {"script":"<script> [21126 bytes]","args":[35000]}
RESULT: {"script":"<script> [21126 bytes]","args":[35000]}
]]></system-out>
    </testcase>
  </testsuite>
  <testsuite timestamp="2025-05-07T18:07:49" time="727.697" tests="12" failures="0" errors="0" skipped="0">
    <properties>
      <property name="specId" value="0" />
      <property name="suiteName" value="Create Reverse Billing US127248" />
      <property name="capabilities" value="chrome.135_0_7049_115.windows" />
      <property name="file" value="file:///D:/a/1/s/test/specs/BTS/reverse-billing.spec.js" />
    </properties>
    <testcase classname="chrome.135_0_7049_115.windows.Create_Reverse_Billing_US127248" name="Should create a new yard" time="0.032">
      <system-out><![CDATA[
COMMAND: POST /session/f2664590fead15ec17982177271525a3/window/fullscreen - {}
RESULT: {}
]]></system-out>
    </testcase>
    <testcase classname="chrome.135_0_7049_115.windows.Create_Reverse_Billing_US127248" name="Should create a new partner" time="0.006" />
    <testcase classname="chrome.135_0_7049_115.windows.Create_Reverse_Billing_US127248" name="Should create a new site" time="0.004" />
    <testcase classname="chrome.135_0_7049_115.windows.Create_Reverse_Billing_US127248" name="Should create a resource" time="144.964">
      <system-out><![CDATA[
COMMAND: POST /session/f2664590fead15ec17982177271525a3/execute/async - {"script":"<script> [1562 bytes]","args":[{"selector":{"controlType":"sap.m.GenericTile","properties":{"header":"Manage Resources"}},"wdio_ui5_key":"sapm.GenericTile{\"header\":\"Manage Resources\"}"}]}
RESULT: {"script":"<script> [1562 bytes]","args":[{"selector":{"controlType":"sap.m.GenericTile","properties":{"header":"Manage Resources"}},"wdio_ui5_key":"sapm.GenericTile{\"header\":\"Manage Resources\"}"}]}
RESULT: undefined
COMMAND: POST /session/f2664590fead15ec17982177271525a3/element - {"using":"xpath","value":"//*[@id=\"__tile39\"]"}
RESULT: {"using":"xpath","value":"//*[@id=\"__tile39\"]"}
COMMAND: POST /session/f2664590fead15ec17982177271525a3/element/f.00969020EDAB38E57A85DBAFB8D2C3DD.d.56673CACC8E29FA34E6540195938EFB2.e.16435/click - {}
RESULT: {}
COMMAND: POST /session/f2664590fead15ec17982177271525a3/element - {"using":"xpath","value":"//button[@data-kt=\"addNewRUOverflowToolbarButton\"]"}
COMMAND: GET /session/f2664590fead15ec17982177271525a3/screenshot - {}
RESULT: {"using":"xpath","value":"//button[@data-kt=\"addNewRUOverflowToolbarButton\"]"}
COMMAND: POST /session/f2664590fead15ec17982177271525a3/elements - {"using":"xpath","value":"//button[@data-kt=\"addNewRUOverflowToolbarButton\"]"}
RESULT: {}
RESULT: {"using":"xpath","value":"//button[@data-kt=\"addNewRUOverflowToolbarButton\"]"}
COMMAND: POST /session/f2664590fead15ec17982177271525a3/elements - {"using":"xpath","value":"//button[@data-kt=\"addNewRUOverflowToolbarButton\"]"}
RESULT: {"using":"xpath","value":"//button[@data-kt=\"addNewRUOverflowToolbarButton\"]"}
COMMAND: POST /session/f2664590fead15ec17982177271525a3/elements - {"using":"xpath","value":"//button[@data-kt=\"addNewRUOverflowToolbarButton\"]"}
RESULT: {"using":"xpath","value":"//button[@data-kt=\"addNewRUOverflowToolbarButton\"]"}
COMMAND: POST /session/f2664590fead15ec17982177271525a3/elements - {"using":"xpath","value":"//button[@data-kt=\"addNewRUOverflowToolbarButton\"]"}
RESULT: {"using":"xpath","value":"//button[@data-kt=\"addNewRUOverflowToolbarButton\"]"}
COMMAND: POST /session/f2664590fead15ec17982177271525a3/elements - {"using":"xpath","value":"//button[@data-kt=\"addNewRUOverflowToolbarButton\"]"}
RESULT: {"using":"xpath","value":"//button[@data-kt=\"addNewRUOverflowToolbarButton\"]"}
COMMAND: POST /session/f2664590fead15ec17982177271525a3/elements - {"using":"xpath","value":"//button[@data-kt=\"addNewRUOverflowToolbarButton\"]"}
RESULT: {"using":"xpath","value":"//button[@data-kt=\"addNewRUOverflowToolbarButton\"]"}
COMMAND: POST /session/f2664590fead15ec17982177271525a3/elements - {"using":"xpath","value":"//button[@data-kt=\"addNewRUOverflowToolbarButton\"]"}
RESULT: {"using":"xpath","value":"//button[@data-kt=\"addNewRUOverflowToolbarButton\"]"}
COMMAND: POST /session/f2664590fead15ec17982177271525a3/elements - {"using":"xpath","value":"//button[@data-kt=\"addNewRUOverflowToolbarButton\"]"}
RESULT: {"using":"xpath","value":"//button[@data-kt=\"addNewRUOverflowToolbarButton\"]"}
COMMAND: POST /session/f2664590fead15ec17982177271525a3/elements - {"using":"xpath","value":"//button[@data-kt=\"addNewRUOverflowToolbarButton\"]"}
RESULT: {"using":"xpath","value":"//button[@data-kt=\"addNewRUOverflowToolbarButton\"]"}
COMMAND: POST /session/f2664590fead15ec17982177271525a3/elements - {"using":"xpath","value":"//button[@data-kt=\"addNewRUOverflowToolbarButton\"]"}
RESULT: {"using":"xpath","value":"//button[@data-kt=\"addNewRUOverflowToolbarButton\"]"}
COMMAND: POST /session/f2664590fead15ec17982177271525a3/elements - {"using":"xpath","value":"//button[@data-kt=\"addNewRUOverflowToolbarButton\"]"}
RESULT: {"using":"xpath","value":"//button[@data-kt=\"addNewRUOverflowToolbarButton\"]"}
COMMAND: POST /session/f2664590fead15ec17982177271525a3/element - {"using":"xpath","value":"//button[@data-kt=\"addNewRUOverflowToolbarButton\"]"}
RESULT: {"using":"xpath","value":"//button[@data-kt=\"addNewRUOverflowToolbarButton\"]"}
COMMAND: POST /session/f2664590fead15ec17982177271525a3/execute/sync - {"script":"<script> [8489 bytes]","args":[{"element-6066-11e4-a52e-4f735466cecf":"f.00969020EDAB38E57A85DBAFB8D2C3DD.d.56673CACC8E29FA34E6540195938EFB2.e.16584","ELEMENT":"f.00969020EDAB38E57A85DBAFB8D2C3DD.d.56673CACC8E29FA34E6540195938EFB2.e.16584"}]}
RESULT: {"script":"<script> [8489 bytes]","args":[{"element-6066-11e4-a52e-4f735466cecf":"f.00969020EDAB38E57A85DBAFB8D2C3DD.d.56673CACC8E29FA34E6540195938EFB2.e.16584","ELEMENT":"f.00969020EDAB38E57A85DBAFB8D2C3DD.d.56673CACC8E29FA34E6540195938EFB2.e.16584"}]}
COMMAND: GET /session/f2664590fead15ec17982177271525a3/element/f.00969020EDAB38E57A85DBAFB8D2C3DD.d.56673CACC8E29FA34E6540195938EFB2.e.16584/enabled - {}
COMMAND: GET /session/f2664590fead15ec17982177271525a3/screenshot - {}
RESULT: {}
COMMAND: POST /session/f2664590fead15ec17982177271525a3/execute/sync - {"script":"<script> [8489 bytes]","args":[{"element-6066-11e4-a52e-4f735466cecf":"f.00969020EDAB38E57A85DBAFB8D2C3DD.d.56673CACC8E29FA34E6540195938EFB2.e.16584","ELEMENT":"f.00969020EDAB38E57A85DBAFB8D2C3DD.d.56673CACC8E29FA34E6540195938EFB2.e.16584"}]}
COMMAND: GET /session/f2664590fead15ec17982177271525a3/screenshot - {}
RESULT: {}
RESULT: {"script":"<script> [8489 bytes]","args":[{"element-6066-11e4-a52e-4f735466cecf":"f.00969020EDAB38E57A85DBAFB8D2C3DD.d.56673CACC8E29FA34E6540195938EFB2.e.16584","ELEMENT":"f.00969020EDAB38E57A85DBAFB8D2C3DD.d.56673CACC8E29FA34E6540195938EFB2.e.16584"}]}
COMMAND: POST /session/f2664590fead15ec17982177271525a3/execute/sync - {"script":"<script> [5351 bytes]","args":[{"element-6066-11e4-a52e-4f735466cecf":"f.00969020EDAB38E57A85DBAFB8D2C3DD.d.56673CACC8E29FA34E6540195938EFB2.e.16584","ELEMENT":"f.00969020EDAB38E57A85DBAFB8D2C3DD.d.56673CACC8E29FA34E6540195938EFB2.e.16584"}]}
COMMAND: GET /session/f2664590fead15ec17982177271525a3/screenshot - {}
RESULT: {}
RESULT: {"script":"<script> [5351 bytes]","args":[{"element-6066-11e4-a52e-4f735466cecf":"f.00969020EDAB38E57A85DBAFB8D2C3DD.d.56673CACC8E29FA34E6540195938EFB2.e.16584","ELEMENT":"f.00969020EDAB38E57A85DBAFB8D2C3DD.d.56673CACC8E29FA34E6540195938EFB2.e.16584"}]}
COMMAND: POST /session/f2664590fead15ec17982177271525a3/element/f.00969020EDAB38E57A85DBAFB8D2C3DD.d.56673CACC8E29FA34E6540195938EFB2.e.16584/click - {}
COMMAND: GET /session/f2664590fead15ec17982177271525a3/screenshot - {}
RESULT: {}
RESULT: {}
COMMAND: GET /session/f2664590fead15ec17982177271525a3/screenshot - {}
COMMAND: POST /session/f2664590fead15ec17982177271525a3/execute/async - {"script":"<script> [1562 bytes]","args":[{"selector":{"id":"application-manageresources-display-component---newResourceUnit--TYPE-arrow"},"wdio_ui5_key":"applicationmanageresources-display-component---newResourceUnit--TYPE-arrow"}]}
RESULT: {}
RESULT: {}
RESULT: {"script":"<script> [1562 bytes]","args":[{"selector":{"id":"application-manageresources-display-component---newResourceUnit--TYPE-arrow"},"wdio_ui5_key":"applicationmanageresources-display-component---newResourceUnit--TYPE-arrow"}]}
RESULT: undefined
COMMAND: POST /session/f2664590fead15ec17982177271525a3/element - {"using":"xpath","value":"//*[@id=\"application-manageresources-display-component---newResourceUnit--TYPE-arrow\"]"}
RESULT: {"using":"xpath","value":"//*[@id=\"application-manageresources-display-component---newResourceUnit--TYPE-arrow\"]"}
COMMAND: POST /session/f2664590fead15ec17982177271525a3/element/f.00969020EDAB38E57A85DBAFB8D2C3DD.d.56673CACC8E29FA34E6540195938EFB2.e.16930/click - {}
RESULT: {}
COMMAND: POST /session/f2664590fead15ec17982177271525a3/element - {"using":"xpath","value":"//input[@id=\"application-manageresources-display-component---newResourceUnit--TYPE-inner\"]"}
COMMAND: GET /session/f2664590fead15ec17982177271525a3/screenshot - {}
RESULT: {"using":"xpath","value":"//input[@id=\"application-manageresources-display-component---newResourceUnit--TYPE-inner\"]"}
COMMAND: POST /session/f2664590fead15ec17982177271525a3/element/f.00969020EDAB38E57A85DBAFB8D2C3DD.d.56673CACC8E29FA34E6540195938EFB2.e.16925/clear - {}
RESULT: {}
RESULT: {}
COMMAND: POST /session/f2664590fead15ec17982177271525a3/element/f.00969020EDAB38E57A85DBAFB8D2C3DD.d.56673CACC8E29FA34E6540195938EFB2.e.16925/value - {"text":"Equipment"}
COMMAND: GET /session/f2664590fead15ec17982177271525a3/screenshot - {}
RESULT: {"text":"Equipment"}
COMMAND: GET /session/f2664590fead15ec17982177271525a3/screenshot - {}
RESULT: {}
RESULT: {}
COMMAND: POST /session/f2664590fead15ec17982177271525a3/actions - {"actions":[{"id":"action60","type":"key","parameters":{},"actions":[{"type":"keyDown","value":"î€‡"},{"type":"pause","duration":10},{"type":"keyUp","value":"î€‡"}]}]}
RESULT: {"actions":[{"id":"action60","type":"key","parameters":{},"actions":[{"type":"keyDown","value":"î€‡"},{"type":"pause","duration":10},{"type":"keyUp","value":"î€‡"}]}]}
COMMAND: POST /session/f2664590fead15ec17982177271525a3/execute/async - {"script":"<script> [1562 bytes]","args":[{"selector":{"id":"application-manageresources-display-component---newResourceUnit--resourceId","interaction":{"idSuffix":"inner"}},"wdio_ui5_key":"applicationmanageresources-display-component---newResourceUnit--resourceId"}]}
COMMAND: GET /session/f2664590fead15ec17982177271525a3/screenshot - {}
RESULT: {"script":"<script> [1562 bytes]","args":[{"selector":{"id":"application-manageresources-display-component---newResourceUnit--resourceId","interaction":{"idSuffix":"inner"}},"wdio_ui5_key":"applicationmanageresources-display-component---newResourceUnit--resourceId"}]}
RESULT: undefined
COMMAND: POST /session/f2664590fead15ec17982177271525a3/execute/async - {"script":"<script> [776 bytes]","args":[{"enterText":"JWPiIB6xD5","selector":{"id":"application-manageresources-display-component---newResourceUnit--resourceId","interaction":{"idSuffix":"inner"}},"clearTextFirst":true,"interactionType":"ENTER_TEXT"}]}
RESULT: {}
RESULT: {"script":"<script> [776 bytes]","args":[{"enterText":"JWPiIB6xD5","selector":{"id":"application-manageresources-display-component---newResourceUnit--resourceId","interaction":{"idSuffix":"inner"}},"clearTextFirst":true,"interactionType":"ENTER_TEXT"}]}
COMMAND: POST /session/f2664590fead15ec17982177271525a3/execute/async - {"script":"<script> [1562 bytes]","args":[{"selector":{"id":"application-manageresources-display-component---newResourceUnit--SHORT_TEXT","interaction":{"idSuffix":"inner"}},"wdio_ui5_key":"applicationmanageresources-display-component---newResourceUnit--SHORT_TEXT"}]}
RESULT: {"script":"<script> [1562 bytes]","args":[{"selector":{"id":"application-manageresources-display-component---newResourceUnit--SHORT_TEXT","interaction":{"idSuffix":"inner"}},"wdio_ui5_key":"applicationmanageresources-display-component---newResourceUnit--SHORT_TEXT"}]}
RESULT: undefined
COMMAND: POST /session/f2664590fead15ec17982177271525a3/execute/async - {"script":"<script> [776 bytes]","args":[{"enterText":"Intercompany Equipment WDIO","selector":{"id":"application-manageresources-display-component---newResourceUnit--SHORT_TEXT","interaction":{"idSuffix":"inner"}},"clearTextFirst":true,"interactionType":"ENTER_TEXT"}]}
RESULT: {"script":"<script> [776 bytes]","args":[{"enterText":"Intercompany Equipment WDIO","selector":{"id":"application-manageresources-display-component---newResourceUnit--SHORT_TEXT","interaction":{"idSuffix":"inner"}},"clearTextFirst":true,"interactionType":"ENTER_TEXT"}]}
COMMAND: POST /session/f2664590fead15ec17982177271525a3/execute/async - {"script":"<script> [1562 bytes]","args":[{"selector":{"id":"application-manageresources-display-component---newResourceUnit--BASE_UNIT_OF_MEASURE","interaction":{"idSuffix":"inner"}},"wdio_ui5_key":"applicationmanageresources-display-component---newResourceUnit--BASE_UNIT_OF_MEASURE"}]}
RESULT: {"script":"<script> [1562 bytes]","args":[{"selector":{"id":"application-manageresources-display-component---newResourceUnit--BASE_UNIT_OF_MEASURE","interaction":{"idSuffix":"inner"}},"wdio_ui5_key":"applicationmanageresources-display-component---newResourceUnit--BASE_UNIT_OF_MEASURE"}]}
RESULT: undefined
COMMAND: POST /session/f2664590fead15ec17982177271525a3/execute/async - {"script":"<script> [776 bytes]","args":[{"enterText":"Piece","selector":{"id":"application-manageresources-display-component---newResourceUnit--BASE_UNIT_OF_MEASURE","interaction":{"idSuffix":"inner"}},"clearTextFirst":true,"interactionType":"ENTER_TEXT"}]}
RESULT: {"script":"<script> [776 bytes]","args":[{"enterText":"Piece","selector":{"id":"application-manageresources-display-component---newResourceUnit--BASE_UNIT_OF_MEASURE","interaction":{"idSuffix":"inner"}},"clearTextFirst":true,"interactionType":"ENTER_TEXT"}]}
COMMAND: POST /session/f2664590fead15ec17982177271525a3/execute/async - {"script":"<script> [1562 bytes]","args":[{"selector":{"id":"application-manageresources-display-component---newResourceUnit--WEIGHT_UNIT","interaction":{"idSuffix":"inner"}},"wdio_ui5_key":"applicationmanageresources-display-component---newResourceUnit--WEIGHT_UNIT"}]}
RESULT: {"script":"<script> [1562 bytes]","args":[{"selector":{"id":"application-manageresources-display-component---newResourceUnit--WEIGHT_UNIT","interaction":{"idSuffix":"inner"}},"wdio_ui5_key":"applicationmanageresources-display-component---newResourceUnit--WEIGHT_UNIT"}]}
RESULT: undefined
COMMAND: POST /session/f2664590fead15ec17982177271525a3/execute/async - {"script":"<script> [776 bytes]","args":[{"enterText":"Gram","selector":{"id":"application-manageresources-display-component---newResourceUnit--WEIGHT_UNIT","interaction":{"idSuffix":"inner"}},"clearTextFirst":true,"interactionType":"ENTER_TEXT"}]}
RESULT: {"script":"<script> [776 bytes]","args":[{"enterText":"Gram","selector":{"id":"application-manageresources-display-component---newResourceUnit--WEIGHT_UNIT","interaction":{"idSuffix":"inner"}},"clearTextFirst":true,"interactionType":"ENTER_TEXT"}]}
COMMAND: POST /session/f2664590fead15ec17982177271525a3/execute/async - {"script":"<script> [1562 bytes]","args":[{"selector":{"id":"application-manageresources-display-component---newResourceUnit--DIMENSION_UNIT","interaction":{"idSuffix":"inner"}},"wdio_ui5_key":"applicationmanageresources-display-component---newResourceUnit--DIMENSION_UNIT"}]}
RESULT: {"script":"<script> [1562 bytes]","args":[{"selector":{"id":"application-manageresources-display-component---newResourceUnit--DIMENSION_UNIT","interaction":{"idSuffix":"inner"}},"wdio_ui5_key":"applicationmanageresources-display-component---newResourceUnit--DIMENSION_UNIT"}]}
RESULT: undefined
COMMAND: POST /session/f2664590fead15ec17982177271525a3/execute/async - {"script":"<script> [776 bytes]","args":[{"enterText":"Meter","selector":{"id":"application-manageresources-display-component---newResourceUnit--DIMENSION_UNIT","interaction":{"idSuffix":"inner"}},"clearTextFirst":true,"interactionType":"ENTER_TEXT"}]}
RESULT: {"script":"<script> [776 bytes]","args":[{"enterText":"Meter","selector":{"id":"application-manageresources-display-component---newResourceUnit--DIMENSION_UNIT","interaction":{"idSuffix":"inner"}},"clearTextFirst":true,"interactionType":"ENTER_TEXT"}]}
COMMAND: POST /session/f2664590fead15ec17982177271525a3/execute/async - {"script":"<script> [1562 bytes]","args":[{"selector":{"id":"application-manageresources-display-component---newResourceUnit--newRRUPage-anchBar-application-manageresources-display-component---newResourceUnit--control-anchor","interaction":{"idSuffix":"BDI-content"}},"wdio_ui5_key":"applicationmanageresources-display-component---newResourceUnit--newRRUPage-anchBar-application-manageresources-display-component---newResourceUnit--control-anchor"}]}
RESULT: {"script":"<script> [1562 bytes]","args":[{"selector":{"id":"application-manageresources-display-component---newResourceUnit--newRRUPage-anchBar-application-manageresources-display-component---newResourceUnit--control-anchor","interaction":{"idSuffix":"BDI-content"}},"wdio_ui5_key":"applicationmanageresources-display-component---newResourceUnit--newRRUPage-anchBar-application-manageresources-display-component---newResourceUnit--control-anchor"}]}
RESULT: undefined
COMMAND: POST /session/f2664590fead15ec17982177271525a3/element - {"using":"xpath","value":"//*[@id=\"application-manageresources-display-component---newResourceUnit--newRRUPage-anchBar-application-manageresources-display-component---newResourceUnit--control-anchor\"]"}
RESULT: {"using":"xpath","value":"//*[@id=\"application-manageresources-display-component---newResourceUnit--newRRUPage-anchBar-application-manageresources-display-component---newResourceUnit--control-anchor\"]"}
COMMAND: POST /session/f2664590fead15ec17982177271525a3/element/f.00969020EDAB38E57A85DBAFB8D2C3DD.d.56673CACC8E29FA34E6540195938EFB2.e.17064/click - {}
RESULT: {}
COMMAND: POST /session/f2664590fead15ec17982177271525a3/execute/async - {"script":"<script> [1562 bytes]","args":[{"selector":{"id":"application-manageresources-display-component---newResourceUnit--PLANNING_GROUP","interaction":{"idSuffix":"inner"}},"wdio_ui5_key":"applicationmanageresources-display-component---newResourceUnit--PLANNING_GROUP"}]}
COMMAND: GET /session/f2664590fead15ec17982177271525a3/screenshot - {}
RESULT: {"script":"<script> [1562 bytes]","args":[{"selector":{"id":"application-manageresources-display-component---newResourceUnit--PLANNING_GROUP","interaction":{"idSuffix":"inner"}},"wdio_ui5_key":"applicationmanageresources-display-component---newResourceUnit--PLANNING_GROUP"}]}
RESULT: undefined
COMMAND: POST /session/f2664590fead15ec17982177271525a3/execute/async - {"script":"<script> [776 bytes]","args":[{"enterText":"Heavy Equi","selector":{"id":"application-manageresources-display-component---newResourceUnit--PLANNING_GROUP","interaction":{"idSuffix":"inner"}},"clearTextFirst":true,"interactionType":"ENTER_TEXT"}]}
RESULT: {}
RESULT: {"script":"<script> [776 bytes]","args":[{"enterText":"Heavy Equi","selector":{"id":"application-manageresources-display-component---newResourceUnit--PLANNING_GROUP","interaction":{"idSuffix":"inner"}},"clearTextFirst":true,"interactionType":"ENTER_TEXT"}]}
COMMAND: POST /session/f2664590fead15ec17982177271525a3/execute/async - {"script":"<script> [1562 bytes]","args":[{"selector":{"id":"application-manageresources-display-component---newResourceUnit--ITEM_TYPE-arrow"},"wdio_ui5_key":"applicationmanageresources-display-component---newResourceUnit--ITEM_TYPE-arrow"}]}
RESULT: {"script":"<script> [1562 bytes]","args":[{"selector":{"id":"application-manageresources-display-component---newResourceUnit--ITEM_TYPE-arrow"},"wdio_ui5_key":"applicationmanageresources-display-component---newResourceUnit--ITEM_TYPE-arrow"}]}
RESULT: undefined
COMMAND: POST /session/f2664590fead15ec17982177271525a3/element - {"using":"xpath","value":"//*[@id=\"application-manageresources-display-component---newResourceUnit--ITEM_TYPE-arrow\"]"}
RESULT: {"using":"xpath","value":"//*[@id=\"application-manageresources-display-component---newResourceUnit--ITEM_TYPE-arrow\"]"}
COMMAND: POST /session/f2664590fead15ec17982177271525a3/element/f.00969020EDAB38E57A85DBAFB8D2C3DD.d.56673CACC8E29FA34E6540195938EFB2.e.17072/click - {}
RESULT: {}
COMMAND: POST /session/f2664590fead15ec17982177271525a3/element - {"using":"xpath","value":"(//span[contains(text(), \"Resource Unit\")])[2]"}
COMMAND: GET /session/f2664590fead15ec17982177271525a3/screenshot - {}
RESULT: {"using":"xpath","value":"(//span[contains(text(), \"Resource Unit\")])[2]"}
COMMAND: POST /session/f2664590fead15ec17982177271525a3/element/f.00969020EDAB38E57A85DBAFB8D2C3DD.d.56673CACC8E29FA34E6540195938EFB2.e.17073/click - {}
RESULT: {}
RESULT: {}
COMMAND: GET /session/f2664590fead15ec17982177271525a3/screenshot - {}
RESULT: {}
COMMAND: POST /session/f2664590fead15ec17982177271525a3/element - {"using":"css selector","value":"#application-manageresources-display-component---newResourceUnit--btnAddTimeSegment"}
RESULT: {"using":"css selector","value":"#application-manageresources-display-component---newResourceUnit--btnAddTimeSegment"}
COMMAND: GET /session/f2664590fead15ec17982177271525a3/element/f.00969020EDAB38E57A85DBAFB8D2C3DD.d.56673CACC8E29FA34E6540195938EFB2.e.17074/rect - {}
RESULT: {}
COMMAND: GET /session/f2664590fead15ec17982177271525a3/window/rect - {}
RESULT: {}
COMMAND: POST /session/f2664590fead15ec17982177271525a3/execute/sync - {"script":"<script> [92 bytes]","args":[]}
RESULT: {"script":"<script> [92 bytes]","args":[]}
COMMAND: POST /session/f2664590fead15ec17982177271525a3/actions - {"actions":[{"id":"action61","type":"wheel","parameters":{},"actions":[{"type":"scroll","x":-1888,"y":-32,"deltaX":0,"deltaY":0,"duration":0,"origin":{"element-6066-11e4-a52e-4f735466cecf":"f.00969020EDAB38E57A85DBAFB8D2C3DD.d.56673CACC8E29FA34E6540195938EFB2.e.17074"}}]}]}
COMMAND: GET /session/f2664590fead15ec17982177271525a3/screenshot - {}
RESULT: {}
COMMAND: POST /session/f2664590fead15ec17982177271525a3/execute/sync - {"script":"<script> [79 bytes]","args":[{"element-6066-11e4-a52e-4f735466cecf":"f.00969020EDAB38E57A85DBAFB8D2C3DD.d.56673CACC8E29FA34E6540195938EFB2.e.17074","ELEMENT":"f.00969020EDAB38E57A85DBAFB8D2C3DD.d.56673CACC8E29FA34E6540195938EFB2.e.17074"},{"block":"start","inline":"nearest"}]}
RESULT: {"script":"<script> [79 bytes]","args":[{"element-6066-11e4-a52e-4f735466cecf":"f.00969020EDAB38E57A85DBAFB8D2C3DD.d.56673CACC8E29FA34E6540195938EFB2.e.17074","ELEMENT":"f.00969020EDAB38E57A85DBAFB8D2C3DD.d.56673CACC8E29FA34E6540195938EFB2.e.17074"},{"block":"start","inline":"nearest"}]}
COMMAND: POST /session/f2664590fead15ec17982177271525a3/execute/async - {"script":"<script> [1562 bytes]","args":[{"selector":{"id":"application-manageresources-display-component---newResourceUnit--btnAddTimeSegment","interaction":{"idSuffix":"inner"}},"wdio_ui5_key":"applicationmanageresources-display-component---newResourceUnit--btnAddTimeSegment"}]}
COMMAND: GET /session/f2664590fead15ec17982177271525a3/screenshot - {}
RESULT: {"script":"<script> [1562 bytes]","args":[{"selector":{"id":"application-manageresources-display-component---newResourceUnit--btnAddTimeSegment","interaction":{"idSuffix":"inner"}},"wdio_ui5_key":"applicationmanageresources-display-component---newResourceUnit--btnAddTimeSegment"}]}
RESULT: undefined
COMMAND: POST /session/f2664590fead15ec17982177271525a3/element - {"using":"xpath","value":"//*[@id=\"application-manageresources-display-component---newResourceUnit--btnAddTimeSegment\"]"}
RESULT: {}
RESULT: {"using":"xpath","value":"//*[@id=\"application-manageresources-display-component---newResourceUnit--btnAddTimeSegment\"]"}
COMMAND: POST /session/f2664590fead15ec17982177271525a3/element/f.00969020EDAB38E57A85DBAFB8D2C3DD.d.56673CACC8E29FA34E6540195938EFB2.e.17074/click - {}
RESULT: {}
COMMAND: GET /session/f2664590fead15ec17982177271525a3/screenshot - {}
RESULT: {}
COMMAND: POST /session/f2664590fead15ec17982177271525a3/element - {"using":"xpath","value":"//input[@id=\"application-manageresources-display-component---newResourceUnit--idRuTSAdmin-application-manageresources-display-component---newResourceUnit--RUTimeSegment-0-inner\"]"}
RESULT: {"using":"xpath","value":"//input[@id=\"application-manageresources-display-component---newResourceUnit--idRuTSAdmin-application-manageresources-display-component---newResourceUnit--RUTimeSegment-0-inner\"]"}
COMMAND: POST /session/f2664590fead15ec17982177271525a3/element/f.00969020EDAB38E57A85DBAFB8D2C3DD.d.56673CACC8E29FA34E6540195938EFB2.e.17080/clear - {}
RESULT: {}
COMMAND: POST /session/f2664590fead15ec17982177271525a3/element/f.00969020EDAB38E57A85DBAFB8D2C3DD.d.56673CACC8E29FA34E6540195938EFB2.e.17080/value - {"text":"671"}
COMMAND: GET /session/f2664590fead15ec17982177271525a3/screenshot - {}
RESULT: {"text":"671"}
COMMAND: GET /session/f2664590fead15ec17982177271525a3/screenshot - {}
RESULT: {}
RESULT: {}
COMMAND: POST /session/f2664590fead15ec17982177271525a3/element - {"using":"xpath","value":"//li[.//span[text()='671']]"}
RESULT: {"using":"xpath","value":"//li[.//span[text()='671']]"}
COMMAND: POST /session/f2664590fead15ec17982177271525a3/element/f.00969020EDAB38E57A85DBAFB8D2C3DD.d.56673CACC8E29FA34E6540195938EFB2.e.17092/click - {}
RESULT: {}
COMMAND: GET /session/f2664590fead15ec17982177271525a3/screenshot - {}
RESULT: {}
COMMAND: POST /session/f2664590fead15ec17982177271525a3/element - {"using":"xpath","value":"(//span[contains(@id, \"-application-manageresources-display-component---newResourceUnit--RUTimeSegment-0-arrow\")])[6]"}
RESULT: {"using":"xpath","value":"(//span[contains(@id, \"-application-manageresources-display-component---newResourceUnit--RUTimeSegment-0-arrow\")])[6]"}
COMMAND: POST /session/f2664590fead15ec17982177271525a3/element/f.00969020EDAB38E57A85DBAFB8D2C3DD.d.56673CACC8E29FA34E6540195938EFB2.e.17093/click - {}
RESULT: {}
COMMAND: GET /session/f2664590fead15ec17982177271525a3/screenshot - {}
RESULT: {}
COMMAND: POST /session/f2664590fead15ec17982177271525a3/element - {"using":"xpath","value":"//span[contains(text(), \"PM Order\")]"}
RESULT: {"using":"xpath","value":"//span[contains(text(), \"PM Order\")]"}
COMMAND: POST /session/f2664590fead15ec17982177271525a3/element/f.00969020EDAB38E57A85DBAFB8D2C3DD.d.56673CACC8E29FA34E6540195938EFB2.e.17096/click - {}
RESULT: {}
COMMAND: GET /session/f2664590fead15ec17982177271525a3/screenshot - {}
RESULT: {}
COMMAND: POST /session/f2664590fead15ec17982177271525a3/element - {"using":"xpath","value":"(//span[contains(@id ,\"manageresources-display-component---newResourceUnit--RUTimeSegment-0-vhi\")])[1]"}
RESULT: {"using":"xpath","value":"(//span[contains(@id ,\"manageresources-display-component---newResourceUnit--RUTimeSegment-0-vhi\")])[1]"}
COMMAND: GET /session/f2664590fead15ec17982177271525a3/element/f.00969020EDAB38E57A85DBAFB8D2C3DD.d.56673CACC8E29FA34E6540195938EFB2.e.17100/rect - {}
RESULT: {}
COMMAND: GET /session/f2664590fead15ec17982177271525a3/window/rect - {}
RESULT: {}
COMMAND: POST /session/f2664590fead15ec17982177271525a3/execute/sync - {"script":"<script> [92 bytes]","args":[]}
RESULT: {"script":"<script> [92 bytes]","args":[]}
COMMAND: POST /session/f2664590fead15ec17982177271525a3/actions - {"actions":[{"id":"action62","type":"wheel","parameters":{},"actions":[{"type":"scroll","x":-869,"y":-24,"deltaX":0,"deltaY":0,"duration":0,"origin":{"element-6066-11e4-a52e-4f735466cecf":"f.00969020EDAB38E57A85DBAFB8D2C3DD.d.56673CACC8E29FA34E6540195938EFB2.e.17100"}}]}]}
COMMAND: GET /session/f2664590fead15ec17982177271525a3/screenshot - {}
RESULT: {"actions":[{"id":"action62","type":"wheel","parameters":{},"actions":[{"type":"scroll","x":-869,"y":-24,"deltaX":0,"deltaY":0,"duration":0,"origin":{"element-6066-11e4-a52e-4f735466cecf":"f.00969020EDAB38E57A85DBAFB8D2C3DD.d.56673CACC8E29FA34E6540195938EFB2.e.17100"}}]}]}
COMMAND: DELETE /session/f2664590fead15ec17982177271525a3/actions - {}
COMMAND: GET /session/f2664590fead15ec17982177271525a3/screenshot - {}
RESULT: {}
RESULT: {}
COMMAND: GET /session/f2664590fead15ec17982177271525a3/screenshot - {}
RESULT: {}
RESULT: {}
COMMAND: POST /session/f2664590fead15ec17982177271525a3/element/f.00969020EDAB38E57A85DBAFB8D2C3DD.d.56673CACC8E29FA34E6540195938EFB2.e.17100/click - {}
RESULT: {}
COMMAND: GET /session/f2664590fead15ec17982177271525a3/screenshot - {}
RESULT: {}
COMMAND: POST /session/f2664590fead15ec17982177271525a3/execute/async - {"script":"<script> [1562 bytes]","args":[{"selector":{"controlType":"sap.m.SearchField","properties":{"placeholder":"Search"},"searchOpenDialogs":true,"interaction":{"idSuffix":"I"}},"wdio_ui5_key":"sapm.SearchField{\"placeholder\":\"Search\"}"}]}
RESULT: {"script":"<script> [1562 bytes]","args":[{"selector":{"controlType":"sap.m.SearchField","properties":{"placeholder":"Search"},"searchOpenDialogs":true,"interaction":{"idSuffix":"I"}},"wdio_ui5_key":"sapm.SearchField{\"placeholder\":\"Search\"}"}]}
RESULT: undefined
COMMAND: POST /session/f2664590fead15ec17982177271525a3/execute/async - {"script":"<script> [776 bytes]","args":[{"enterText":"4000360","selector":{"controlType":"sap.m.SearchField","properties":{"placeholder":"Search"},"searchOpenDialogs":true,"interaction":{"idSuffix":"I"}},"clearTextFirst":true,"interactionType":"ENTER_TEXT"}]}
RESULT: {"script":"<script> [776 bytes]","args":[{"enterText":"4000360","selector":{"controlType":"sap.m.SearchField","properties":{"placeholder":"Search"},"searchOpenDialogs":true,"interaction":{"idSuffix":"I"}},"clearTextFirst":true,"interactionType":"ENTER_TEXT"}]}
COMMAND: POST /session/f2664590fead15ec17982177271525a3/actions - {"actions":[{"id":"action63","type":"key","parameters":{},"actions":[{"type":"keyDown","value":"î€‡"},{"type":"pause","duration":10},{"type":"keyUp","value":"î€‡"}]}]}
RESULT: {"actions":[{"id":"action63","type":"key","parameters":{},"actions":[{"type":"keyDown","value":"î€‡"},{"type":"pause","duration":10},{"type":"keyUp","value":"î€‡"}]}]}
COMMAND: GET /session/f2664590fead15ec17982177271525a3/screenshot - {}
RESULT: {}
COMMAND: POST /session/f2664590fead15ec17982177271525a3/element - {"using":"xpath","value":"//td/div/span[contains(text(), \"BGL Vehicles\")]"}
RESULT: {"using":"xpath","value":"//td/div/span[contains(text(), \"BGL Vehicles\")]"}
COMMAND: POST /session/f2664590fead15ec17982177271525a3/element/f.00969020EDAB38E57A85DBAFB8D2C3DD.d.56673CACC8E29FA34E6540195938EFB2.e.17122/click - {}
RESULT: {}
COMMAND: GET /session/f2664590fead15ec17982177271525a3/screenshot - {}
RESULT: {}
COMMAND: POST /session/f2664590fead15ec17982177271525a3/element - {"using":"xpath","value":"//bdi[contains(text(), \"OK\")]"}
RESULT: {"using":"xpath","value":"//bdi[contains(text(), \"OK\")]"}
COMMAND: POST /session/f2664590fead15ec17982177271525a3/element/f.00969020EDAB38E57A85DBAFB8D2C3DD.d.56673CACC8E29FA34E6540195938EFB2.e.17123/click - {}
RESULT: {}
COMMAND: GET /session/f2664590fead15ec17982177271525a3/screenshot - {}
RESULT: {}
COMMAND: POST /session/f2664590fead15ec17982177271525a3/execute/async - {"script":"<script> [1562 bytes]","args":[{"selector":{"id":"application-manageresources-display-component---newResourceUnit--newRRUPage-anchBar-application-manageresources-display-component---newResourceUnit--resource-anchor","interaction":{"idSuffix":"BDI-content"}},"wdio_ui5_key":"applicationmanageresources-display-component---newResourceUnit--newRRUPage-anchBar-application-manageresources-display-component---newResourceUnit--resource-anchor"}]}
RESULT: {"script":"<script> [1562 bytes]","args":[{"selector":{"id":"application-manageresources-display-component---newResourceUnit--newRRUPage-anchBar-application-manageresources-display-component---newResourceUnit--resource-anchor","interaction":{"idSuffix":"BDI-content"}},"wdio_ui5_key":"applicationmanageresources-display-component---newResourceUnit--newRRUPage-anchBar-application-manageresources-display-component---newResourceUnit--resource-anchor"}]}
RESULT: undefined
COMMAND: POST /session/f2664590fead15ec17982177271525a3/element - {"using":"xpath","value":"//*[@id=\"application-manageresources-display-component---newResourceUnit--newRRUPage-anchBar-application-manageresources-display-component---newResourceUnit--resource-anchor\"]"}
RESULT: {"using":"xpath","value":"//*[@id=\"application-manageresources-display-component---newResourceUnit--newRRUPage-anchBar-application-manageresources-display-component---newResourceUnit--resource-anchor\"]"}
COMMAND: POST /session/f2664590fead15ec17982177271525a3/element/f.00969020EDAB38E57A85DBAFB8D2C3DD.d.56673CACC8E29FA34E6540195938EFB2.e.17127/click - {}
RESULT: {}
COMMAND: POST /session/f2664590fead15ec17982177271525a3/execute/async - {"script":"<script> [1562 bytes]","args":[{"selector":{"id":"application-manageresources-display-component---newResourceUnit--PLANNED_DELIVERY_DATE","interaction":{"idSuffix":"inner"}},"wdio_ui5_key":"applicationmanageresources-display-component---newResourceUnit--PLANNED_DELIVERY_DATE"}]}
COMMAND: GET /session/f2664590fead15ec17982177271525a3/screenshot - {}
RESULT: {"script":"<script> [1562 bytes]","args":[{"selector":{"id":"application-manageresources-display-component---newResourceUnit--PLANNED_DELIVERY_DATE","interaction":{"idSuffix":"inner"}},"wdio_ui5_key":"applicationmanageresources-display-component---newResourceUnit--PLANNED_DELIVERY_DATE"}]}
RESULT: undefined
COMMAND: POST /session/f2664590fead15ec17982177271525a3/execute/async - {"script":"<script> [6424 bytes]","args":[{"element-6066-11e4-a52e-4f735466cecf":"f.00969020EDAB38E57A85DBAFB8D2C3DD.d.56673CACC8E29FA34E6540195938EFB2.e.16987"},"setValue",["5/7/25"]]}
RESULT: {}
RESULT: {"script":"<script> [6424 bytes]","args":[{"element-6066-11e4-a52e-4f735466cecf":"f.00969020EDAB38E57A85DBAFB8D2C3DD.d.56673CACC8E29FA34E6540195938EFB2.e.16987"},"setValue",["5/7/25"]]}
COMMAND: POST /session/f2664590fead15ec17982177271525a3/element - {"using":"xpath","value":"//label[contains(@class, 'sapMLabelRequired') and .//bdi[contains(text(), 'Planned Retirement')]]"}
RESULT: {"using":"xpath","value":"//label[contains(@class, 'sapMLabelRequired') and .//bdi[contains(text(), 'Planned Retirement')]]"}
COMMAND: POST /session/f2664590fead15ec17982177271525a3/elements - {"using":"xpath","value":"//label[contains(@class, 'sapMLabelRequired') and .//bdi[contains(text(), 'Planned Retirement')]]"}
RESULT: {"using":"xpath","value":"//label[contains(@class, 'sapMLabelRequired') and .//bdi[contains(text(), 'Planned Retirement')]]"}
COMMAND: POST /session/f2664590fead15ec17982177271525a3/element - {"using":"xpath","value":"//button[@data-kt=\"resourceUnitSaveButton\"]"}
RESULT: {"using":"xpath","value":"//button[@data-kt=\"resourceUnitSaveButton\"]"}
COMMAND: POST /session/f2664590fead15ec17982177271525a3/element/f.00969020EDAB38E57A85DBAFB8D2C3DD.d.56673CACC8E29FA34E6540195938EFB2.e.16947/click - {}
RESULT: {}
COMMAND: GET /session/f2664590fead15ec17982177271525a3/screenshot - {}
RESULT: {}
COMMAND: POST /session/f2664590fead15ec17982177271525a3/element - {"using":"xpath","value":"//bdi[contains(text(), \"Close\")]"}
RESULT: {"using":"xpath","value":"//bdi[contains(text(), \"Close\")]"}
COMMAND: POST /session/f2664590fead15ec17982177271525a3/element/f.00969020EDAB38E57A85DBAFB8D2C3DD.d.56673CACC8E29FA34E6540195938EFB2.e.17135/click - {}
RESULT: {}
COMMAND: GET /session/f2664590fead15ec17982177271525a3/screenshot - {}
COMMAND: POST /session/f2664590fead15ec17982177271525a3/element - {"using":"xpath","value":"(//button[contains(@id ,\"actionsToolbar-overflowButton\")])[1]"}
RESULT: {}
RESULT: {"using":"xpath","value":"(//button[contains(@id ,\"actionsToolbar-overflowButton\")])[1]"}
COMMAND: POST /session/f2664590fead15ec17982177271525a3/element/f.00969020EDAB38E57A85DBAFB8D2C3DD.d.56673CACC8E29FA34E6540195938EFB2.e.17168/click - {}
RESULT: {}
COMMAND: GET /session/f2664590fead15ec17982177271525a3/screenshot - {}
RESULT: {}
COMMAND: POST /session/f2664590fead15ec17982177271525a3/element - {"using":"xpath","value":"//button[@data-kt=\"priceInfoButton\"]"}
RESULT: {"using":"xpath","value":"//button[@data-kt=\"priceInfoButton\"]"}
COMMAND: POST /session/f2664590fead15ec17982177271525a3/element/f.00969020EDAB38E57A85DBAFB8D2C3DD.d.56673CACC8E29FA34E6540195938EFB2.e.17170/click - {}
RESULT: {}
COMMAND: GET /session/f2664590fead15ec17982177271525a3/screenshot - {}
]]></system-out>
    </testcase>
    <testcase classname="chrome.135_0_7049_115.windows.Create_Reverse_Billing_US127248" name="Should create a pricing procedure" time="56.153">
      <system-out><![CDATA[
COMMAND: POST /session/f2664590fead15ec17982177271525a3/element - {"using":"xpath","value":"//button[@data-kt=\"addButton\"]"}
RESULT: {}
RESULT: {"using":"xpath","value":"//button[@data-kt=\"addButton\"]"}
COMMAND: POST /session/f2664590fead15ec17982177271525a3/elements - {"using":"xpath","value":"//button[@data-kt=\"addButton\"]"}
RESULT: {"using":"xpath","value":"//button[@data-kt=\"addButton\"]"}
COMMAND: POST /session/f2664590fead15ec17982177271525a3/execute/sync - {"script":"<script> [8489 bytes]","args":[{"element-6066-11e4-a52e-4f735466cecf":"f.00969020EDAB38E57A85DBAFB8D2C3DD.d.56673CACC8E29FA34E6540195938EFB2.e.17207","ELEMENT":"f.00969020EDAB38E57A85DBAFB8D2C3DD.d.56673CACC8E29FA34E6540195938EFB2.e.17207"}]}
RESULT: {"script":"<script> [8489 bytes]","args":[{"element-6066-11e4-a52e-4f735466cecf":"f.00969020EDAB38E57A85DBAFB8D2C3DD.d.56673CACC8E29FA34E6540195938EFB2.e.17207","ELEMENT":"f.00969020EDAB38E57A85DBAFB8D2C3DD.d.56673CACC8E29FA34E6540195938EFB2.e.17207"}]}
COMMAND: GET /session/f2664590fead15ec17982177271525a3/element/f.00969020EDAB38E57A85DBAFB8D2C3DD.d.56673CACC8E29FA34E6540195938EFB2.e.17207/enabled - {}
COMMAND: GET /session/f2664590fead15ec17982177271525a3/screenshot - {}
RESULT: {}
COMMAND: POST /session/f2664590fead15ec17982177271525a3/execute/sync - {"script":"<script> [8489 bytes]","args":[{"element-6066-11e4-a52e-4f735466cecf":"f.00969020EDAB38E57A85DBAFB8D2C3DD.d.56673CACC8E29FA34E6540195938EFB2.e.17207","ELEMENT":"f.00969020EDAB38E57A85DBAFB8D2C3DD.d.56673CACC8E29FA34E6540195938EFB2.e.17207"}]}
COMMAND: GET /session/f2664590fead15ec17982177271525a3/screenshot - {}
RESULT: {}
RESULT: {"script":"<script> [8489 bytes]","args":[{"element-6066-11e4-a52e-4f735466cecf":"f.00969020EDAB38E57A85DBAFB8D2C3DD.d.56673CACC8E29FA34E6540195938EFB2.e.17207","ELEMENT":"f.00969020EDAB38E57A85DBAFB8D2C3DD.d.56673CACC8E29FA34E6540195938EFB2.e.17207"}]}
COMMAND: POST /session/f2664590fead15ec17982177271525a3/execute/sync - {"script":"<script> [5351 bytes]","args":[{"element-6066-11e4-a52e-4f735466cecf":"f.00969020EDAB38E57A85DBAFB8D2C3DD.d.56673CACC8E29FA34E6540195938EFB2.e.17207","ELEMENT":"f.00969020EDAB38E57A85DBAFB8D2C3DD.d.56673CACC8E29FA34E6540195938EFB2.e.17207"}]}
COMMAND: GET /session/f2664590fead15ec17982177271525a3/screenshot - {}
RESULT: {}
RESULT: {"script":"<script> [5351 bytes]","args":[{"element-6066-11e4-a52e-4f735466cecf":"f.00969020EDAB38E57A85DBAFB8D2C3DD.d.56673CACC8E29FA34E6540195938EFB2.e.17207","ELEMENT":"f.00969020EDAB38E57A85DBAFB8D2C3DD.d.56673CACC8E29FA34E6540195938EFB2.e.17207"}]}
COMMAND: POST /session/f2664590fead15ec17982177271525a3/element/f.00969020EDAB38E57A85DBAFB8D2C3DD.d.56673CACC8E29FA34E6540195938EFB2.e.17207/click - {}
COMMAND: GET /session/f2664590fead15ec17982177271525a3/screenshot - {}
RESULT: {}
RESULT: {}
COMMAND: GET /session/f2664590fead15ec17982177271525a3/screenshot - {}
RESULT: {}
RESULT: {}
COMMAND: POST /session/f2664590fead15ec17982177271525a3/execute/async - {"script":"<script> [1562 bytes]","args":[{"selector":{"controlType":"sap.m.Title","viewName":"etm.portal.ui.managepricingrules.view.NewItem","viewId":"application-managepricingrules-display-component---newInfoPriceItem","properties":{"text":"New Pricing Rules - Item Level"}},"wdio_ui5_key":"etmportal.ui.managepricingrules.view.NewItemsap.m.Title{\"text\":\"New Pricing Rules - Item Level\"}"}]}
RESULT: {"script":"<script> [1562 bytes]","args":[{"selector":{"controlType":"sap.m.Title","viewName":"etm.portal.ui.managepricingrules.view.NewItem","viewId":"application-managepricingrules-display-component---newInfoPriceItem","properties":{"text":"New Pricing Rules - Item Level"}},"wdio_ui5_key":"etmportal.ui.managepricingrules.view.NewItemsap.m.Title{\"text\":\"New Pricing Rules - Item Level\"}"}]}
RESULT: undefined
COMMAND: POST /session/f2664590fead15ec17982177271525a3/execute/async - {"script":"<script> [6424 bytes]","args":[{"element-6066-11e4-a52e-4f735466cecf":"f.00969020EDAB38E57A85DBAFB8D2C3DD.d.56673CACC8E29FA34E6540195938EFB2.e.17334"},"getText",[]]}
RESULT: {"script":"<script> [6424 bytes]","args":[{"element-6066-11e4-a52e-4f735466cecf":"f.00969020EDAB38E57A85DBAFB8D2C3DD.d.56673CACC8E29FA34E6540195938EFB2.e.17334"},"getText",[]]}
COMMAND: POST /session/f2664590fead15ec17982177271525a3/execute/async - {"script":"<script> [1562 bytes]","args":[{"selector":{"id":"application-managepricingrules-display-component---newInfoPriceItem--condValidTo","interaction":{"idSuffix":"inner"}},"wdio_ui5_key":"applicationmanagepricingrules-display-component---newInfoPriceItem--condValidTo"}]}
RESULT: {"script":"<script> [1562 bytes]","args":[{"selector":{"id":"application-managepricingrules-display-component---newInfoPriceItem--condValidTo","interaction":{"idSuffix":"inner"}},"wdio_ui5_key":"applicationmanagepricingrules-display-component---newInfoPriceItem--condValidTo"}]}
RESULT: undefined
COMMAND: POST /session/f2664590fead15ec17982177271525a3/execute/async - {"script":"<script> [776 bytes]","args":[{"enterText":"01/07/26","selector":{"id":"application-managepricingrules-display-component---newInfoPriceItem--condValidTo","interaction":{"idSuffix":"inner"}},"clearTextFirst":true,"interactionType":"ENTER_TEXT"}]}
RESULT: {"script":"<script> [776 bytes]","args":[{"enterText":"01/07/26","selector":{"id":"application-managepricingrules-display-component---newInfoPriceItem--condValidTo","interaction":{"idSuffix":"inner"}},"clearTextFirst":true,"interactionType":"ENTER_TEXT"}]}
COMMAND: POST /session/f2664590fead15ec17982177271525a3/execute/async - {"script":"<script> [1562 bytes]","args":[{"selector":{"id":"application-managepricingrules-display-component---newInfoPriceItem--billType-arrow"},"wdio_ui5_key":"applicationmanagepricingrules-display-component---newInfoPriceItem--billType-arrow"}]}
RESULT: {"script":"<script> [1562 bytes]","args":[{"selector":{"id":"application-managepricingrules-display-component---newInfoPriceItem--billType-arrow"},"wdio_ui5_key":"applicationmanagepricingrules-display-component---newInfoPriceItem--billType-arrow"}]}
RESULT: undefined
COMMAND: POST /session/f2664590fead15ec17982177271525a3/element - {"using":"xpath","value":"//*[@id=\"application-managepricingrules-display-component---newInfoPriceItem--billType-arrow\"]"}
RESULT: {"using":"xpath","value":"//*[@id=\"application-managepricingrules-display-component---newInfoPriceItem--billType-arrow\"]"}
COMMAND: POST /session/f2664590fead15ec17982177271525a3/element/f.00969020EDAB38E57A85DBAFB8D2C3DD.d.56673CACC8E29FA34E6540195938EFB2.e.17336/click - {}
RESULT: {}
COMMAND: POST /session/f2664590fead15ec17982177271525a3/element - {"using":"xpath","value":"//span[contains(text(), \"TB - Time based\")]"}
COMMAND: GET /session/f2664590fead15ec17982177271525a3/screenshot - {}
RESULT: {"using":"xpath","value":"//span[contains(text(), \"TB - Time based\")]"}
COMMAND: POST /session/f2664590fead15ec17982177271525a3/element/f.00969020EDAB38E57A85DBAFB8D2C3DD.d.56673CACC8E29FA34E6540195938EFB2.e.17337/click - {}
RESULT: {}
RESULT: {}
COMMAND: POST /session/f2664590fead15ec17982177271525a3/execute/async - {"script":"<script> [1562 bytes]","args":[{"selector":{"id":"application-managepricingrules-display-component---newInfoPriceItem--priceProc-arrow"},"wdio_ui5_key":"applicationmanagepricingrules-display-component---newInfoPriceItem--priceProc-arrow"}]}
COMMAND: GET /session/f2664590fead15ec17982177271525a3/screenshot - {}
RESULT: {"script":"<script> [1562 bytes]","args":[{"selector":{"id":"application-managepricingrules-display-component---newInfoPriceItem--priceProc-arrow"},"wdio_ui5_key":"applicationmanagepricingrules-display-component---newInfoPriceItem--priceProc-arrow"}]}
RESULT: undefined
COMMAND: POST /session/f2664590fead15ec17982177271525a3/element - {"using":"xpath","value":"//*[@id=\"application-managepricingrules-display-component---newInfoPriceItem--priceProc-arrow\"]"}
RESULT: {}
RESULT: {"using":"xpath","value":"//*[@id=\"application-managepricingrules-display-component---newInfoPriceItem--priceProc-arrow\"]"}
COMMAND: POST /session/f2664590fead15ec17982177271525a3/element/f.00969020EDAB38E57A85DBAFB8D2C3DD.d.56673CACC8E29FA34E6540195938EFB2.e.17338/click - {}
RESULT: {}
COMMAND: POST /session/f2664590fead15ec17982177271525a3/element - {"using":"xpath","value":"//span[contains(text(), \"TBS - Time based standard\")]"}
COMMAND: GET /session/f2664590fead15ec17982177271525a3/screenshot - {}
RESULT: {"using":"xpath","value":"//span[contains(text(), \"TBS - Time based standard\")]"}
COMMAND: POST /session/f2664590fead15ec17982177271525a3/element/f.00969020EDAB38E57A85DBAFB8D2C3DD.d.56673CACC8E29FA34E6540195938EFB2.e.17339/click - {}
RESULT: {}
RESULT: {}
COMMAND: POST /session/f2664590fead15ec17982177271525a3/execute/async - {"script":"<script> [1562 bytes]","args":[{"selector":{"id":"application-managepricingrules-display-component---newInfoPriceItem--calcBase-arrow"},"wdio_ui5_key":"applicationmanagepricingrules-display-component---newInfoPriceItem--calcBase-arrow"}]}
COMMAND: GET /session/f2664590fead15ec17982177271525a3/screenshot - {}
RESULT: {"script":"<script> [1562 bytes]","args":[{"selector":{"id":"application-managepricingrules-display-component---newInfoPriceItem--calcBase-arrow"},"wdio_ui5_key":"applicationmanagepricingrules-display-component---newInfoPriceItem--calcBase-arrow"}]}
RESULT: undefined
COMMAND: POST /session/f2664590fead15ec17982177271525a3/element - {"using":"xpath","value":"//*[@id=\"application-managepricingrules-display-component---newInfoPriceItem--calcBase-arrow\"]"}
RESULT: {}
RESULT: {"using":"xpath","value":"//*[@id=\"application-managepricingrules-display-component---newInfoPriceItem--calcBase-arrow\"]"}
COMMAND: POST /session/f2664590fead15ec17982177271525a3/element/f.00969020EDAB38E57A85DBAFB8D2C3DD.d.56673CACC8E29FA34E6540195938EFB2.e.17310/click - {}
RESULT: {}
COMMAND: GET /session/f2664590fead15ec17982177271525a3/screenshot - {}
RESULT: {}
COMMAND: POST /session/f2664590fead15ec17982177271525a3/element - {"using":"xpath","value":"//span[contains(text(), \"0006 - TB(calendar days)\")]"}
RESULT: {"using":"xpath","value":"//span[contains(text(), \"0006 - TB(calendar days)\")]"}
COMMAND: POST /session/f2664590fead15ec17982177271525a3/element/f.00969020EDAB38E57A85DBAFB8D2C3DD.d.56673CACC8E29FA34E6540195938EFB2.e.17340/click - {}
RESULT: {}
COMMAND: GET /session/f2664590fead15ec17982177271525a3/screenshot - {}
RESULT: {}
COMMAND: POST /session/f2664590fead15ec17982177271525a3/execute/async - {"script":"<script> [1562 bytes]","args":[{"selector":{"id":"application-managepricingrules-display-component---newInfoPriceItem--daysMonth","interaction":{"idSuffix":"inner"}},"wdio_ui5_key":"applicationmanagepricingrules-display-component---newInfoPriceItem--daysMonth"}]}
RESULT: {"script":"<script> [1562 bytes]","args":[{"selector":{"id":"application-managepricingrules-display-component---newInfoPriceItem--daysMonth","interaction":{"idSuffix":"inner"}},"wdio_ui5_key":"applicationmanagepricingrules-display-component---newInfoPriceItem--daysMonth"}]}
RESULT: undefined
COMMAND: POST /session/f2664590fead15ec17982177271525a3/execute/async - {"script":"<script> [776 bytes]","args":[{"enterText":"30","selector":{"id":"application-managepricingrules-display-component---newInfoPriceItem--daysMonth","interaction":{"idSuffix":"inner"}},"clearTextFirst":true,"interactionType":"ENTER_TEXT"}]}
RESULT: {"script":"<script> [776 bytes]","args":[{"enterText":"30","selector":{"id":"application-managepricingrules-display-component---newInfoPriceItem--daysMonth","interaction":{"idSuffix":"inner"}},"clearTextFirst":true,"interactionType":"ENTER_TEXT"}]}
COMMAND: POST /session/f2664590fead15ec17982177271525a3/element - {"using":"xpath","value":"//button[@data-kt=\"saveNewRuleButton\"]"}
RESULT: {"using":"xpath","value":"//button[@data-kt=\"saveNewRuleButton\"]"}
COMMAND: POST /session/f2664590fead15ec17982177271525a3/element/f.00969020EDAB38E57A85DBAFB8D2C3DD.d.56673CACC8E29FA34E6540195938EFB2.e.17322/click - {}
RESULT: {}
COMMAND: GET /session/f2664590fead15ec17982177271525a3/screenshot - {}
RESULT: {}
COMMAND: POST /session/f2664590fead15ec17982177271525a3/execute/async - {"script":"<script> [1562 bytes]","args":[{"selector":{"id":"application-managepricingrules-display-component---priceInfoItem--smartFilterBar-btnBasicSearch","interaction":{"idSuffix":"I"}},"wdio_ui5_key":"applicationmanagepricingrules-display-component---priceInfoItem--smartFilterBar-btnBasicSearch"}]}
RESULT: {"script":"<script> [1562 bytes]","args":[{"selector":{"id":"application-managepricingrules-display-component---priceInfoItem--smartFilterBar-btnBasicSearch","interaction":{"idSuffix":"I"}},"wdio_ui5_key":"applicationmanagepricingrules-display-component---priceInfoItem--smartFilterBar-btnBasicSearch"}]}
RESULT: undefined
COMMAND: POST /session/f2664590fead15ec17982177271525a3/execute/async - {"script":"<script> [776 bytes]","args":[{"enterText":"JWPiIB6xD5","selector":{"id":"application-managepricingrules-display-component---priceInfoItem--smartFilterBar-btnBasicSearch","interaction":{"idSuffix":"I"}},"clearTextFirst":true,"interactionType":"ENTER_TEXT"}]}
RESULT: {"script":"<script> [776 bytes]","args":[{"enterText":"JWPiIB6xD5","selector":{"id":"application-managepricingrules-display-component---priceInfoItem--smartFilterBar-btnBasicSearch","interaction":{"idSuffix":"I"}},"clearTextFirst":true,"interactionType":"ENTER_TEXT"}]}
COMMAND: POST /session/f2664590fead15ec17982177271525a3/actions - {"actions":[{"id":"action64","type":"key","parameters":{},"actions":[{"type":"keyDown","value":"î€‡"},{"type":"pause","duration":10},{"type":"keyUp","value":"î€‡"}]}]}
RESULT: {"actions":[{"id":"action64","type":"key","parameters":{},"actions":[{"type":"keyDown","value":"î€‡"},{"type":"pause","duration":10},{"type":"keyUp","value":"î€‡"}]}]}
COMMAND: GET /session/f2664590fead15ec17982177271525a3/screenshot - {}
RESULT: {}
COMMAND: POST /session/f2664590fead15ec17982177271525a3/element - {"using":"xpath","value":"//span[@id=\"application-managepricingrules-display-component---priceInfoItem--smartTable-header-inner\"]"}
RESULT: {"using":"xpath","value":"//span[@id=\"application-managepricingrules-display-component---priceInfoItem--smartTable-header-inner\"]"}
COMMAND: POST /session/f2664590fead15ec17982177271525a3/elements - {"using":"xpath","value":"//span[@id=\"application-managepricingrules-display-component---priceInfoItem--smartTable-header-inner\"]"}
RESULT: {"using":"xpath","value":"//span[@id=\"application-managepricingrules-display-component---priceInfoItem--smartTable-header-inner\"]"}
COMMAND: POST /session/f2664590fead15ec17982177271525a3/execute/sync - {"script":"<script> [56 bytes]","args":[{"element-6066-11e4-a52e-4f735466cecf":"f.00969020EDAB38E57A85DBAFB8D2C3DD.d.56673CACC8E29FA34E6540195938EFB2.e.17365","ELEMENT":"f.00969020EDAB38E57A85DBAFB8D2C3DD.d.56673CACC8E29FA34E6540195938EFB2.e.17365"}]}
RESULT: {"script":"<script> [56 bytes]","args":[{"element-6066-11e4-a52e-4f735466cecf":"f.00969020EDAB38E57A85DBAFB8D2C3DD.d.56673CACC8E29FA34E6540195938EFB2.e.17365","ELEMENT":"f.00969020EDAB38E57A85DBAFB8D2C3DD.d.56673CACC8E29FA34E6540195938EFB2.e.17365"}]}
COMMAND: POST /session/f2664590fead15ec17982177271525a3/element - {"using":"css selector","value":"#shell-header-logo"}
COMMAND: GET /session/f2664590fead15ec17982177271525a3/screenshot - {}
RESULT: {"using":"css selector","value":"#shell-header-logo"}
COMMAND: POST /session/f2664590fead15ec17982177271525a3/element/f.00969020EDAB38E57A85DBAFB8D2C3DD.d.56673CACC8E29FA34E6540195938EFB2.e.16541/click - {}
RESULT: {}
RESULT: {}
COMMAND: GET /session/f2664590fead15ec17982177271525a3/screenshot - {}
RESULT: {}
]]></system-out>
    </testcase>
    <testcase classname="chrome.135_0_7049_115.windows.Create_Reverse_Billing_US127248" name="Should manage conditions" time="68.342">
      <system-out><![CDATA[
COMMAND: POST /session/f2664590fead15ec17982177271525a3/execute/async - {"script":"<script> [1562 bytes]","args":[{"selector":{"controlType":"sap.m.Text","properties":{"text":"Manage Conditions & Prices"},"interaction":{"idSuffix":"inner"}},"wdio_ui5_key":"sapm.Text{\"text\":\"Manage Conditions & Prices\"}"}]}
RESULT: {"script":"<script> [1562 bytes]","args":[{"selector":{"controlType":"sap.m.Text","properties":{"text":"Manage Conditions & Prices"},"interaction":{"idSuffix":"inner"}},"wdio_ui5_key":"sapm.Text{\"text\":\"Manage Conditions & Prices\"}"}]}
RESULT: undefined
COMMAND: POST /session/f2664590fead15ec17982177271525a3/element - {"using":"xpath","value":"//*[@id=\"__tile53-title\"]"}
RESULT: {"using":"xpath","value":"//*[@id=\"__tile53-title\"]"}
COMMAND: POST /session/f2664590fead15ec17982177271525a3/element/f.00969020EDAB38E57A85DBAFB8D2C3DD.d.56673CACC8E29FA34E6540195938EFB2.e.17368/click - {}
RESULT: {}
COMMAND: POST /session/f2664590fead15ec17982177271525a3/element - {"using":"xpath","value":"//button[@aria-label=\"Create\"]"}
COMMAND: GET /session/f2664590fead15ec17982177271525a3/screenshot - {}
RESULT: {"using":"xpath","value":"//button[@aria-label=\"Create\"]"}
COMMAND: POST /session/f2664590fead15ec17982177271525a3/elements - {"using":"xpath","value":"//button[@aria-label=\"Create\"]"}
RESULT: {}
RESULT: {"using":"xpath","value":"//button[@aria-label=\"Create\"]"}
COMMAND: POST /session/f2664590fead15ec17982177271525a3/elements - {"using":"xpath","value":"//button[@aria-label=\"Create\"]"}
RESULT: {"using":"xpath","value":"//button[@aria-label=\"Create\"]"}
COMMAND: POST /session/f2664590fead15ec17982177271525a3/element - {"using":"xpath","value":"//button[@aria-label=\"Create\"]"}
RESULT: {"using":"xpath","value":"//button[@aria-label=\"Create\"]"}
COMMAND: POST /session/f2664590fead15ec17982177271525a3/execute/sync - {"script":"<script> [8489 bytes]","args":[{"element-6066-11e4-a52e-4f735466cecf":"f.00969020EDAB38E57A85DBAFB8D2C3DD.d.56673CACC8E29FA34E6540195938EFB2.e.17403","ELEMENT":"f.00969020EDAB38E57A85DBAFB8D2C3DD.d.56673CACC8E29FA34E6540195938EFB2.e.17403"}]}
RESULT: {"script":"<script> [8489 bytes]","args":[{"element-6066-11e4-a52e-4f735466cecf":"f.00969020EDAB38E57A85DBAFB8D2C3DD.d.56673CACC8E29FA34E6540195938EFB2.e.17403","ELEMENT":"f.00969020EDAB38E57A85DBAFB8D2C3DD.d.56673CACC8E29FA34E6540195938EFB2.e.17403"}]}
COMMAND: GET /session/f2664590fead15ec17982177271525a3/element/f.00969020EDAB38E57A85DBAFB8D2C3DD.d.56673CACC8E29FA34E6540195938EFB2.e.17403/enabled - {}
COMMAND: GET /session/f2664590fead15ec17982177271525a3/screenshot - {}
RESULT: {}
COMMAND: POST /session/f2664590fead15ec17982177271525a3/execute/sync - {"script":"<script> [8489 bytes]","args":[{"element-6066-11e4-a52e-4f735466cecf":"f.00969020EDAB38E57A85DBAFB8D2C3DD.d.56673CACC8E29FA34E6540195938EFB2.e.17403","ELEMENT":"f.00969020EDAB38E57A85DBAFB8D2C3DD.d.56673CACC8E29FA34E6540195938EFB2.e.17403"}]}
COMMAND: GET /session/f2664590fead15ec17982177271525a3/screenshot - {}
RESULT: {}
RESULT: {"script":"<script> [8489 bytes]","args":[{"element-6066-11e4-a52e-4f735466cecf":"f.00969020EDAB38E57A85DBAFB8D2C3DD.d.56673CACC8E29FA34E6540195938EFB2.e.17403","ELEMENT":"f.00969020EDAB38E57A85DBAFB8D2C3DD.d.56673CACC8E29FA34E6540195938EFB2.e.17403"}]}
COMMAND: POST /session/f2664590fead15ec17982177271525a3/execute/sync - {"script":"<script> [5351 bytes]","args":[{"element-6066-11e4-a52e-4f735466cecf":"f.00969020EDAB38E57A85DBAFB8D2C3DD.d.56673CACC8E29FA34E6540195938EFB2.e.17403","ELEMENT":"f.00969020EDAB38E57A85DBAFB8D2C3DD.d.56673CACC8E29FA34E6540195938EFB2.e.17403"}]}
COMMAND: GET /session/f2664590fead15ec17982177271525a3/screenshot - {}
RESULT: {}
RESULT: {"script":"<script> [5351 bytes]","args":[{"element-6066-11e4-a52e-4f735466cecf":"f.00969020EDAB38E57A85DBAFB8D2C3DD.d.56673CACC8E29FA34E6540195938EFB2.e.17403","ELEMENT":"f.00969020EDAB38E57A85DBAFB8D2C3DD.d.56673CACC8E29FA34E6540195938EFB2.e.17403"}]}
COMMAND: POST /session/f2664590fead15ec17982177271525a3/element/f.00969020EDAB38E57A85DBAFB8D2C3DD.d.56673CACC8E29FA34E6540195938EFB2.e.17403/click - {}
COMMAND: GET /session/f2664590fead15ec17982177271525a3/screenshot - {}
RESULT: {}
RESULT: {}
COMMAND: GET /session/f2664590fead15ec17982177271525a3/screenshot - {}
RESULT: {}
RESULT: {}
COMMAND: POST /session/f2664590fead15ec17982177271525a3/actions - {"actions":[{"id":"action65","type":"key","parameters":{},"actions":[{"type":"keyDown","value":"î€‡"},{"type":"pause","duration":10},{"type":"keyUp","value":"î€‡"}]}]}
RESULT: {"actions":[{"id":"action65","type":"key","parameters":{},"actions":[{"type":"keyDown","value":"î€‡"},{"type":"pause","duration":10},{"type":"keyUp","value":"î€‡"}]}]}
COMMAND: GET /session/f2664590fead15ec17982177271525a3/screenshot - {}
RESULT: {}
COMMAND: POST /session/f2664590fead15ec17982177271525a3/execute/async - {"script":"<script> [1562 bytes]","args":[{"selector":{"id":"application-manageconditionprice-display-component---newCondition--condBillCond-arrow"},"wdio_ui5_key":"applicationmanageconditionprice-display-component---newCondition--condBillCond-arrow"}]}
RESULT: {"script":"<script> [1562 bytes]","args":[{"selector":{"id":"application-manageconditionprice-display-component---newCondition--condBillCond-arrow"},"wdio_ui5_key":"applicationmanageconditionprice-display-component---newCondition--condBillCond-arrow"}]}
RESULT: undefined
COMMAND: POST /session/f2664590fead15ec17982177271525a3/element - {"using":"xpath","value":"//*[@id=\"application-manageconditionprice-display-component---newCondition--condBillCond-arrow\"]"}
RESULT: {"using":"xpath","value":"//*[@id=\"application-manageconditionprice-display-component---newCondition--condBillCond-arrow\"]"}
COMMAND: POST /session/f2664590fead15ec17982177271525a3/element/f.00969020EDAB38E57A85DBAFB8D2C3DD.d.56673CACC8E29FA34E6540195938EFB2.e.17581/click - {}
RESULT: {}
COMMAND: GET /session/f2664590fead15ec17982177271525a3/screenshot - {}
RESULT: {}
COMMAND: POST /session/f2664590fead15ec17982177271525a3/element - {"using":"xpath","value":"//li[.//span[contains(text(), \"DISP - D&I special price\")]]"}
RESULT: {"using":"xpath","value":"//li[.//span[contains(text(), \"DISP - D&I special price\")]]"}
COMMAND: POST /session/f2664590fead15ec17982177271525a3/element/f.00969020EDAB38E57A85DBAFB8D2C3DD.d.56673CACC8E29FA34E6540195938EFB2.e.17584/click - {}
RESULT: {}
COMMAND: GET /session/f2664590fead15ec17982177271525a3/screenshot - {}
RESULT: {}
COMMAND: POST /session/f2664590fead15ec17982177271525a3/execute/async - {"script":"<script> [1562 bytes]","args":[{"selector":{"id":"application-manageconditionprice-display-component---newCondition--condValidTo","interaction":{"idSuffix":"inner"}},"wdio_ui5_key":"applicationmanageconditionprice-display-component---newCondition--condValidTo"}]}
RESULT: {"script":"<script> [1562 bytes]","args":[{"selector":{"id":"application-manageconditionprice-display-component---newCondition--condValidTo","interaction":{"idSuffix":"inner"}},"wdio_ui5_key":"applicationmanageconditionprice-display-component---newCondition--condValidTo"}]}
RESULT: undefined
COMMAND: POST /session/f2664590fead15ec17982177271525a3/execute/async - {"script":"<script> [776 bytes]","args":[{"enterText":"01/07/26","selector":{"id":"application-manageconditionprice-display-component---newCondition--condValidTo","interaction":{"idSuffix":"inner"}},"clearTextFirst":true,"interactionType":"ENTER_TEXT"}]}
RESULT: {"script":"<script> [776 bytes]","args":[{"enterText":"01/07/26","selector":{"id":"application-manageconditionprice-display-component---newCondition--condValidTo","interaction":{"idSuffix":"inner"}},"clearTextFirst":true,"interactionType":"ENTER_TEXT"}]}
COMMAND: POST /session/f2664590fead15ec17982177271525a3/element - {"using":"xpath","value":"//input[@id=\"application-manageconditionprice-display-component---newCondition--condRU-inner\"]"}
RESULT: {"using":"xpath","value":"//input[@id=\"application-manageconditionprice-display-component---newCondition--condRU-inner\"]"}
COMMAND: POST /session/f2664590fead15ec17982177271525a3/element/f.00969020EDAB38E57A85DBAFB8D2C3DD.d.56673CACC8E29FA34E6540195938EFB2.e.17446/clear - {}
RESULT: {}
COMMAND: POST /session/f2664590fead15ec17982177271525a3/element/f.00969020EDAB38E57A85DBAFB8D2C3DD.d.56673CACC8E29FA34E6540195938EFB2.e.17446/value - {"text":"JWPiIB6xD5"}
COMMAND: GET /session/f2664590fead15ec17982177271525a3/screenshot - {}
RESULT: {}
RESULT: {"text":"JWPiIB6xD5"}
COMMAND: GET /session/f2664590fead15ec17982177271525a3/screenshot - {}
RESULT: {}
COMMAND: POST /session/f2664590fead15ec17982177271525a3/actions - {"actions":[{"id":"action66","type":"key","parameters":{},"actions":[{"type":"keyDown","value":"î€‡"},{"type":"pause","duration":10},{"type":"keyUp","value":"î€‡"}]}]}
RESULT: {"actions":[{"id":"action66","type":"key","parameters":{},"actions":[{"type":"keyDown","value":"î€‡"},{"type":"pause","duration":10},{"type":"keyUp","value":"î€‡"}]}]}
COMMAND: POST /session/f2664590fead15ec17982177271525a3/execute/async - {"script":"<script> [1562 bytes]","args":[{"selector":{"id":"application-manageconditionprice-display-component---newCondition--condBaseQty","interaction":{"idSuffix":"inner"}},"wdio_ui5_key":"applicationmanageconditionprice-display-component---newCondition--condBaseQty"}]}
COMMAND: GET /session/f2664590fead15ec17982177271525a3/screenshot - {}
RESULT: {"script":"<script> [1562 bytes]","args":[{"selector":{"id":"application-manageconditionprice-display-component---newCondition--condBaseQty","interaction":{"idSuffix":"inner"}},"wdio_ui5_key":"applicationmanageconditionprice-display-component---newCondition--condBaseQty"}]}
RESULT: undefined
COMMAND: POST /session/f2664590fead15ec17982177271525a3/execute/async - {"script":"<script> [776 bytes]","args":[{"enterText":"1","selector":{"id":"application-manageconditionprice-display-component---newCondition--condBaseQty","interaction":{"idSuffix":"inner"}},"clearTextFirst":true,"interactionType":"ENTER_TEXT"}]}
RESULT: {}
RESULT: {"script":"<script> [776 bytes]","args":[{"enterText":"1","selector":{"id":"application-manageconditionprice-display-component---newCondition--condBaseQty","interaction":{"idSuffix":"inner"}},"clearTextFirst":true,"interactionType":"ENTER_TEXT"}]}
COMMAND: POST /session/f2664590fead15ec17982177271525a3/execute/async - {"script":"<script> [1562 bytes]","args":[{"selector":{"id":"application-manageconditionprice-display-component---newCondition--condValue","interaction":{"idSuffix":"inner"}},"wdio_ui5_key":"applicationmanageconditionprice-display-component---newCondition--condValue"}]}
RESULT: {"script":"<script> [1562 bytes]","args":[{"selector":{"id":"application-manageconditionprice-display-component---newCondition--condValue","interaction":{"idSuffix":"inner"}},"wdio_ui5_key":"applicationmanageconditionprice-display-component---newCondition--condValue"}]}
RESULT: undefined
COMMAND: POST /session/f2664590fead15ec17982177271525a3/execute/async - {"script":"<script> [776 bytes]","args":[{"enterText":"200","selector":{"id":"application-manageconditionprice-display-component---newCondition--condValue","interaction":{"idSuffix":"inner"}},"clearTextFirst":true,"interactionType":"ENTER_TEXT"}]}
RESULT: {"script":"<script> [776 bytes]","args":[{"enterText":"200","selector":{"id":"application-manageconditionprice-display-component---newCondition--condValue","interaction":{"idSuffix":"inner"}},"clearTextFirst":true,"interactionType":"ENTER_TEXT"}]}
COMMAND: POST /session/f2664590fead15ec17982177271525a3/execute/async - {"script":"<script> [1562 bytes]","args":[{"selector":{"id":"application-manageconditionprice-display-component---newCondition--condCurr-arrow"},"wdio_ui5_key":"applicationmanageconditionprice-display-component---newCondition--condCurr-arrow"}]}
RESULT: {"script":"<script> [1562 bytes]","args":[{"selector":{"id":"application-manageconditionprice-display-component---newCondition--condCurr-arrow"},"wdio_ui5_key":"applicationmanageconditionprice-display-component---newCondition--condCurr-arrow"}]}
RESULT: undefined
COMMAND: POST /session/f2664590fead15ec17982177271525a3/element - {"using":"xpath","value":"//*[@id=\"application-manageconditionprice-display-component---newCondition--condCurr-arrow\"]"}
RESULT: {"using":"xpath","value":"//*[@id=\"application-manageconditionprice-display-component---newCondition--condCurr-arrow\"]"}
COMMAND: POST /session/f2664590fead15ec17982177271525a3/element/f.00969020EDAB38E57A85DBAFB8D2C3DD.d.56673CACC8E29FA34E6540195938EFB2.e.17548/click - {}
RESULT: {}
COMMAND: POST /session/f2664590fead15ec17982177271525a3/element - {"using":"xpath","value":"//span[contains(text(), \"Euro\")]"}
COMMAND: GET /session/f2664590fead15ec17982177271525a3/screenshot - {}
RESULT: {"using":"xpath","value":"//span[contains(text(), \"Euro\")]"}
COMMAND: POST /session/f2664590fead15ec17982177271525a3/element/f.00969020EDAB38E57A85DBAFB8D2C3DD.d.56673CACC8E29FA34E6540195938EFB2.e.17621/click - {}
RESULT: {}
RESULT: {}
COMMAND: POST /session/f2664590fead15ec17982177271525a3/element - {"using":"xpath","value":"//button[@data-kt=\"saveButton\"]"}
COMMAND: GET /session/f2664590fead15ec17982177271525a3/screenshot - {}
RESULT: {"using":"xpath","value":"//button[@data-kt=\"saveButton\"]"}
COMMAND: POST /session/f2664590fead15ec17982177271525a3/element/f.00969020EDAB38E57A85DBAFB8D2C3DD.d.56673CACC8E29FA34E6540195938EFB2.e.17549/click - {}
RESULT: {}
RESULT: {}
COMMAND: GET /session/f2664590fead15ec17982177271525a3/screenshot - {}
RESULT: {}
COMMAND: POST /session/f2664590fead15ec17982177271525a3/execute/async - {"script":"<script> [1562 bytes]","args":[{"selector":{"id":"application-manageconditionprice-display-component---conditions--smartFilterBar-btnBasicSearch","interaction":{"idSuffix":"I"}},"wdio_ui5_key":"applicationmanageconditionprice-display-component---conditions--smartFilterBar-btnBasicSearch"}]}
RESULT: {"script":"<script> [1562 bytes]","args":[{"selector":{"id":"application-manageconditionprice-display-component---conditions--smartFilterBar-btnBasicSearch","interaction":{"idSuffix":"I"}},"wdio_ui5_key":"applicationmanageconditionprice-display-component---conditions--smartFilterBar-btnBasicSearch"}]}
RESULT: undefined
COMMAND: POST /session/f2664590fead15ec17982177271525a3/execute/async - {"script":"<script> [776 bytes]","args":[{"enterText":"JWPiIB6xD5","selector":{"id":"application-manageconditionprice-display-component---conditions--smartFilterBar-btnBasicSearch","interaction":{"idSuffix":"I"}},"clearTextFirst":true,"interactionType":"ENTER_TEXT"}]}
RESULT: {"script":"<script> [776 bytes]","args":[{"enterText":"JWPiIB6xD5","selector":{"id":"application-manageconditionprice-display-component---conditions--smartFilterBar-btnBasicSearch","interaction":{"idSuffix":"I"}},"clearTextFirst":true,"interactionType":"ENTER_TEXT"}]}
COMMAND: POST /session/f2664590fead15ec17982177271525a3/actions - {"actions":[{"id":"action67","type":"key","parameters":{},"actions":[{"type":"keyDown","value":"î€‡"},{"type":"pause","duration":10},{"type":"keyUp","value":"î€‡"}]}]}
RESULT: {"actions":[{"id":"action67","type":"key","parameters":{},"actions":[{"type":"keyDown","value":"î€‡"},{"type":"pause","duration":10},{"type":"keyUp","value":"î€‡"}]}]}
COMMAND: GET /session/f2664590fead15ec17982177271525a3/screenshot - {}
RESULT: {}
COMMAND: POST /session/f2664590fead15ec17982177271525a3/execute/async - {"script":"<script> [1562 bytes]","args":[{"selector":{"id":"application-manageconditionprice-display-component---conditions--smartFilterBar-filterItemControl_BASIC-BILL_TYPES-vhi"},"wdio_ui5_key":"applicationmanageconditionprice-display-component---conditions--smartFilterBar-filterItemControl_BASIC-BILL_TYPES-vhi"}]}
RESULT: {"script":"<script> [1562 bytes]","args":[{"selector":{"id":"application-manageconditionprice-display-component---conditions--smartFilterBar-filterItemControl_BASIC-BILL_TYPES-vhi"},"wdio_ui5_key":"applicationmanageconditionprice-display-component---conditions--smartFilterBar-filterItemControl_BASIC-BILL_TYPES-vhi"}]}
RESULT: undefined
COMMAND: POST /session/f2664590fead15ec17982177271525a3/element - {"using":"xpath","value":"//*[@id=\"application-manageconditionprice-display-component---conditions--smartFilterBar-filterItemControl_BASIC-BILL_TYPES-vhi\"]"}
RESULT: {"using":"xpath","value":"//*[@id=\"application-manageconditionprice-display-component---conditions--smartFilterBar-filterItemControl_BASIC-BILL_TYPES-vhi\"]"}
COMMAND: POST /session/f2664590fead15ec17982177271525a3/element/f.00969020EDAB38E57A85DBAFB8D2C3DD.d.56673CACC8E29FA34E6540195938EFB2.e.17727/click - {}
RESULT: {}
COMMAND: POST /session/f2664590fead15ec17982177271525a3/execute/async - {"script":"<script> [1562 bytes]","args":[{"selector":{"id":"application-manageconditionprice-display-component---conditions--smartFilterBar-filterItemControl_BASIC-BILL_TYPES-valueHelpDialog-smartFilterBar-btnBasicSearch","searchOpenDialogs":true,"interaction":{"idSuffix":"I"}},"wdio_ui5_key":"applicationmanageconditionprice-display-component---conditions--smartFilterBar-filterItemControl_BASIC-BILL_TYPES-valueHelpDialog-smartFilterBar-btnBasicSearch"}]}
COMMAND: GET /session/f2664590fead15ec17982177271525a3/screenshot - {}
RESULT: {"script":"<script> [1562 bytes]","args":[{"selector":{"id":"application-manageconditionprice-display-component---conditions--smartFilterBar-filterItemControl_BASIC-BILL_TYPES-valueHelpDialog-smartFilterBar-btnBasicSearch","searchOpenDialogs":true,"interaction":{"idSuffix":"I"}},"wdio_ui5_key":"applicationmanageconditionprice-display-component---conditions--smartFilterBar-filterItemControl_BASIC-BILL_TYPES-valueHelpDialog-smartFilterBar-btnBasicSearch"}]}
RESULT: undefined
COMMAND: POST /session/f2664590fead15ec17982177271525a3/execute/async - {"script":"<script> [776 bytes]","args":[{"enterText":"TB","selector":{"id":"application-manageconditionprice-display-component---conditions--smartFilterBar-filterItemControl_BASIC-BILL_TYPES-valueHelpDialog-smartFilterBar-btnBasicSearch","searchOpenDialogs":true,"interaction":{"idSuffix":"I"}},"clearTextFirst":true,"interactionType":"ENTER_TEXT"}]}
RESULT: {}
RESULT: {"script":"<script> [776 bytes]","args":[{"enterText":"TB","selector":{"id":"application-manageconditionprice-display-component---conditions--smartFilterBar-filterItemControl_BASIC-BILL_TYPES-valueHelpDialog-smartFilterBar-btnBasicSearch","searchOpenDialogs":true,"interaction":{"idSuffix":"I"}},"clearTextFirst":true,"interactionType":"ENTER_TEXT"}]}
COMMAND: POST /session/f2664590fead15ec17982177271525a3/actions - {"actions":[{"id":"action68","type":"key","parameters":{},"actions":[{"type":"keyDown","value":"î€‡"},{"type":"pause","duration":10},{"type":"keyUp","value":"î€‡"}]}]}
RESULT: {"actions":[{"id":"action68","type":"key","parameters":{},"actions":[{"type":"keyDown","value":"î€‡"},{"type":"pause","duration":10},{"type":"keyUp","value":"î€‡"}]}]}
COMMAND: GET /session/f2664590fead15ec17982177271525a3/screenshot - {}
RESULT: {}
COMMAND: POST /session/f2664590fead15ec17982177271525a3/element - {"using":"xpath","value":"//div[contains(@id, 'application-manageconditionprice-display-component---conditions--smartFilterBar-filterItemControl_BASIC-BILL_TYPES-valueHelpDialog-table-rowsel0')]"}
RESULT: {"using":"xpath","value":"//div[contains(@id, 'application-manageconditionprice-display-component---conditions--smartFilterBar-filterItemControl_BASIC-BILL_TYPES-valueHelpDialog-table-rowsel0')]"}
COMMAND: POST /session/f2664590fead15ec17982177271525a3/element/f.00969020EDAB38E57A85DBAFB8D2C3DD.d.56673CACC8E29FA34E6540195938EFB2.e.17736/click - {}
RESULT: {}
COMMAND: GET /session/f2664590fead15ec17982177271525a3/screenshot - {}
RESULT: {}
COMMAND: POST /session/f2664590fead15ec17982177271525a3/element - {"using":"xpath","value":"//bdi[contains(text(), \"OK\")]"}
RESULT: {"using":"xpath","value":"//bdi[contains(text(), \"OK\")]"}
COMMAND: POST /session/f2664590fead15ec17982177271525a3/element/f.00969020EDAB38E57A85DBAFB8D2C3DD.d.56673CACC8E29FA34E6540195938EFB2.e.17738/click - {}
RESULT: {}
COMMAND: GET /session/f2664590fead15ec17982177271525a3/screenshot - {}
RESULT: {}
COMMAND: POST /session/f2664590fead15ec17982177271525a3/element - {"using":"xpath","value":"//span[@id=\"application-manageconditionprice-display-component---conditions--smartTable-header-inner\"]"}
RESULT: {"using":"xpath","value":"//span[@id=\"application-manageconditionprice-display-component---conditions--smartTable-header-inner\"]"}
COMMAND: POST /session/f2664590fead15ec17982177271525a3/elements - {"using":"xpath","value":"//span[@id=\"application-manageconditionprice-display-component---conditions--smartTable-header-inner\"]"}
RESULT: {"using":"xpath","value":"//span[@id=\"application-manageconditionprice-display-component---conditions--smartTable-header-inner\"]"}
COMMAND: POST /session/f2664590fead15ec17982177271525a3/execute/sync - {"script":"<script> [56 bytes]","args":[{"element-6066-11e4-a52e-4f735466cecf":"f.00969020EDAB38E57A85DBAFB8D2C3DD.d.56673CACC8E29FA34E6540195938EFB2.e.17741","ELEMENT":"f.00969020EDAB38E57A85DBAFB8D2C3DD.d.56673CACC8E29FA34E6540195938EFB2.e.17741"}]}
RESULT: {"script":"<script> [56 bytes]","args":[{"element-6066-11e4-a52e-4f735466cecf":"f.00969020EDAB38E57A85DBAFB8D2C3DD.d.56673CACC8E29FA34E6540195938EFB2.e.17741","ELEMENT":"f.00969020EDAB38E57A85DBAFB8D2C3DD.d.56673CACC8E29FA34E6540195938EFB2.e.17741"}]}
COMMAND: POST /session/f2664590fead15ec17982177271525a3/element - {"using":"css selector","value":"#shell-header-logo"}
COMMAND: GET /session/f2664590fead15ec17982177271525a3/screenshot - {}
RESULT: {"using":"css selector","value":"#shell-header-logo"}
COMMAND: POST /session/f2664590fead15ec17982177271525a3/element/f.00969020EDAB38E57A85DBAFB8D2C3DD.d.56673CACC8E29FA34E6540195938EFB2.e.17370/click - {}
RESULT: {}
RESULT: {}
COMMAND: GET /session/f2664590fead15ec17982177271525a3/screenshot - {}
RESULT: {}
]]></system-out>
    </testcase>
    <testcase classname="chrome.135_0_7049_115.windows.Create_Reverse_Billing_US127248" name="Should do a stock increase handover" time="91.963">
      <system-out><![CDATA[
COMMAND: POST /session/f2664590fead15ec17982177271525a3/execute/async - {"script":"<script> [1562 bytes]","args":[{"selector":{"controlType":"sap.m.Text","viewName":"etm.portal.ui.managehandoverstile.view.Master","properties":{"text":"Manage Handovers"},"interaction":{"idSuffix":"inner"}},"wdio_ui5_key":"etmportal.ui.managehandoverstile.view.Mastersap.m.Text{\"text\":\"Manage Handovers\"}"}]}
RESULT: {"script":"<script> [1562 bytes]","args":[{"selector":{"controlType":"sap.m.Text","viewName":"etm.portal.ui.managehandoverstile.view.Master","properties":{"text":"Manage Handovers"},"interaction":{"idSuffix":"inner"}},"wdio_ui5_key":"etmportal.ui.managehandoverstile.view.Mastersap.m.Text{\"text\":\"Manage Handovers\"}"}]}
RESULT: undefined
COMMAND: POST /session/f2664590fead15ec17982177271525a3/element - {"using":"xpath","value":"//*[@id=\"__tile133-title\"]"}
RESULT: {"using":"xpath","value":"//*[@id=\"__tile133-title\"]"}
COMMAND: POST /session/f2664590fead15ec17982177271525a3/element/f.00969020EDAB38E57A85DBAFB8D2C3DD.d.56673CACC8E29FA34E6540195938EFB2.e.17746/click - {}
RESULT: {}
COMMAND: POST /session/f2664590fead15ec17982177271525a3/element - {"using":"xpath","value":"//button[@data-kt=\"masterHOAddButton\"]"}
COMMAND: GET /session/f2664590fead15ec17982177271525a3/screenshot - {}
RESULT: {"using":"xpath","value":"//button[@data-kt=\"masterHOAddButton\"]"}
COMMAND: POST /session/f2664590fead15ec17982177271525a3/elements - {"using":"xpath","value":"//button[@data-kt=\"masterHOAddButton\"]"}
RESULT: {}
RESULT: {"using":"xpath","value":"//button[@data-kt=\"masterHOAddButton\"]"}
COMMAND: POST /session/f2664590fead15ec17982177271525a3/elements - {"using":"xpath","value":"//button[@data-kt=\"masterHOAddButton\"]"}
RESULT: {"using":"xpath","value":"//button[@data-kt=\"masterHOAddButton\"]"}
COMMAND: POST /session/f2664590fead15ec17982177271525a3/elements - {"using":"xpath","value":"//button[@data-kt=\"masterHOAddButton\"]"}
RESULT: {"using":"xpath","value":"//button[@data-kt=\"masterHOAddButton\"]"}
COMMAND: POST /session/f2664590fead15ec17982177271525a3/elements - {"using":"xpath","value":"//button[@data-kt=\"masterHOAddButton\"]"}
RESULT: {"using":"xpath","value":"//button[@data-kt=\"masterHOAddButton\"]"}
COMMAND: POST /session/f2664590fead15ec17982177271525a3/elements - {"using":"xpath","value":"//button[@data-kt=\"masterHOAddButton\"]"}
RESULT: {"using":"xpath","value":"//button[@data-kt=\"masterHOAddButton\"]"}
COMMAND: POST /session/f2664590fead15ec17982177271525a3/elements - {"using":"xpath","value":"//button[@data-kt=\"masterHOAddButton\"]"}
RESULT: {"using":"xpath","value":"//button[@data-kt=\"masterHOAddButton\"]"}
COMMAND: POST /session/f2664590fead15ec17982177271525a3/elements - {"using":"xpath","value":"//button[@data-kt=\"masterHOAddButton\"]"}
RESULT: {"using":"xpath","value":"//button[@data-kt=\"masterHOAddButton\"]"}
COMMAND: POST /session/f2664590fead15ec17982177271525a3/elements - {"using":"xpath","value":"//button[@data-kt=\"masterHOAddButton\"]"}
RESULT: {"using":"xpath","value":"//button[@data-kt=\"masterHOAddButton\"]"}
COMMAND: POST /session/f2664590fead15ec17982177271525a3/elements - {"using":"xpath","value":"//button[@data-kt=\"masterHOAddButton\"]"}
RESULT: {"using":"xpath","value":"//button[@data-kt=\"masterHOAddButton\"]"}
COMMAND: POST /session/f2664590fead15ec17982177271525a3/elements - {"using":"xpath","value":"//button[@data-kt=\"masterHOAddButton\"]"}
RESULT: {"using":"xpath","value":"//button[@data-kt=\"masterHOAddButton\"]"}
COMMAND: POST /session/f2664590fead15ec17982177271525a3/elements - {"using":"xpath","value":"//button[@data-kt=\"masterHOAddButton\"]"}
RESULT: {"using":"xpath","value":"//button[@data-kt=\"masterHOAddButton\"]"}
COMMAND: POST /session/f2664590fead15ec17982177271525a3/elements - {"using":"xpath","value":"//button[@data-kt=\"masterHOAddButton\"]"}
RESULT: {"using":"xpath","value":"//button[@data-kt=\"masterHOAddButton\"]"}
COMMAND: POST /session/f2664590fead15ec17982177271525a3/elements - {"using":"xpath","value":"//button[@data-kt=\"masterHOAddButton\"]"}
RESULT: {"using":"xpath","value":"//button[@data-kt=\"masterHOAddButton\"]"}
COMMAND: POST /session/f2664590fead15ec17982177271525a3/elements - {"using":"xpath","value":"//button[@data-kt=\"masterHOAddButton\"]"}
RESULT: {"using":"xpath","value":"//button[@data-kt=\"masterHOAddButton\"]"}
COMMAND: POST /session/f2664590fead15ec17982177271525a3/elements - {"using":"xpath","value":"//button[@data-kt=\"masterHOAddButton\"]"}
RESULT: {"using":"xpath","value":"//button[@data-kt=\"masterHOAddButton\"]"}
COMMAND: POST /session/f2664590fead15ec17982177271525a3/elements - {"using":"xpath","value":"//button[@data-kt=\"masterHOAddButton\"]"}
RESULT: {"using":"xpath","value":"//button[@data-kt=\"masterHOAddButton\"]"}
COMMAND: POST /session/f2664590fead15ec17982177271525a3/elements - {"using":"xpath","value":"//button[@data-kt=\"masterHOAddButton\"]"}
RESULT: {"using":"xpath","value":"//button[@data-kt=\"masterHOAddButton\"]"}
COMMAND: POST /session/f2664590fead15ec17982177271525a3/elements - {"using":"xpath","value":"//button[@data-kt=\"masterHOAddButton\"]"}
RESULT: {"using":"xpath","value":"//button[@data-kt=\"masterHOAddButton\"]"}
COMMAND: POST /session/f2664590fead15ec17982177271525a3/elements - {"using":"xpath","value":"//button[@data-kt=\"masterHOAddButton\"]"}
RESULT: {"using":"xpath","value":"//button[@data-kt=\"masterHOAddButton\"]"}
COMMAND: POST /session/f2664590fead15ec17982177271525a3/elements - {"using":"xpath","value":"//button[@data-kt=\"masterHOAddButton\"]"}
RESULT: {"using":"xpath","value":"//button[@data-kt=\"masterHOAddButton\"]"}
COMMAND: POST /session/f2664590fead15ec17982177271525a3/elements - {"using":"xpath","value":"//button[@data-kt=\"masterHOAddButton\"]"}
RESULT: {"using":"xpath","value":"//button[@data-kt=\"masterHOAddButton\"]"}
COMMAND: POST /session/f2664590fead15ec17982177271525a3/elements - {"using":"xpath","value":"//button[@data-kt=\"masterHOAddButton\"]"}
RESULT: {"using":"xpath","value":"//button[@data-kt=\"masterHOAddButton\"]"}
COMMAND: POST /session/f2664590fead15ec17982177271525a3/elements - {"using":"xpath","value":"//button[@data-kt=\"masterHOAddButton\"]"}
RESULT: {"using":"xpath","value":"//button[@data-kt=\"masterHOAddButton\"]"}
COMMAND: POST /session/f2664590fead15ec17982177271525a3/elements - {"using":"xpath","value":"//button[@data-kt=\"masterHOAddButton\"]"}
RESULT: {"using":"xpath","value":"//button[@data-kt=\"masterHOAddButton\"]"}
COMMAND: POST /session/f2664590fead15ec17982177271525a3/elements - {"using":"xpath","value":"//button[@data-kt=\"masterHOAddButton\"]"}
RESULT: {"using":"xpath","value":"//button[@data-kt=\"masterHOAddButton\"]"}
COMMAND: POST /session/f2664590fead15ec17982177271525a3/elements - {"using":"xpath","value":"//button[@data-kt=\"masterHOAddButton\"]"}
RESULT: {"using":"xpath","value":"//button[@data-kt=\"masterHOAddButton\"]"}
COMMAND: POST /session/f2664590fead15ec17982177271525a3/elements - {"using":"xpath","value":"//button[@data-kt=\"masterHOAddButton\"]"}
RESULT: {"using":"xpath","value":"//button[@data-kt=\"masterHOAddButton\"]"}
COMMAND: POST /session/f2664590fead15ec17982177271525a3/elements - {"using":"xpath","value":"//button[@data-kt=\"masterHOAddButton\"]"}
RESULT: {"using":"xpath","value":"//button[@data-kt=\"masterHOAddButton\"]"}
COMMAND: POST /session/f2664590fead15ec17982177271525a3/elements - {"using":"xpath","value":"//button[@data-kt=\"masterHOAddButton\"]"}
RESULT: {"using":"xpath","value":"//button[@data-kt=\"masterHOAddButton\"]"}
COMMAND: POST /session/f2664590fead15ec17982177271525a3/elements - {"using":"xpath","value":"//button[@data-kt=\"masterHOAddButton\"]"}
RESULT: {"using":"xpath","value":"//button[@data-kt=\"masterHOAddButton\"]"}
COMMAND: POST /session/f2664590fead15ec17982177271525a3/elements - {"using":"xpath","value":"//button[@data-kt=\"masterHOAddButton\"]"}
RESULT: {"using":"xpath","value":"//button[@data-kt=\"masterHOAddButton\"]"}
COMMAND: POST /session/f2664590fead15ec17982177271525a3/elements - {"using":"xpath","value":"//button[@data-kt=\"masterHOAddButton\"]"}
RESULT: {"using":"xpath","value":"//button[@data-kt=\"masterHOAddButton\"]"}
COMMAND: POST /session/f2664590fead15ec17982177271525a3/element - {"using":"xpath","value":"//button[@data-kt=\"masterHOAddButton\"]"}
RESULT: {"using":"xpath","value":"//button[@data-kt=\"masterHOAddButton\"]"}
COMMAND: POST /session/f2664590fead15ec17982177271525a3/execute/sync - {"script":"<script> [8489 bytes]","args":[{"element-6066-11e4-a52e-4f735466cecf":"f.00969020EDAB38E57A85DBAFB8D2C3DD.d.56673CACC8E29FA34E6540195938EFB2.e.17785","ELEMENT":"f.00969020EDAB38E57A85DBAFB8D2C3DD.d.56673CACC8E29FA34E6540195938EFB2.e.17785"}]}
RESULT: {"script":"<script> [8489 bytes]","args":[{"element-6066-11e4-a52e-4f735466cecf":"f.00969020EDAB38E57A85DBAFB8D2C3DD.d.56673CACC8E29FA34E6540195938EFB2.e.17785","ELEMENT":"f.00969020EDAB38E57A85DBAFB8D2C3DD.d.56673CACC8E29FA34E6540195938EFB2.e.17785"}]}
COMMAND: GET /session/f2664590fead15ec17982177271525a3/element/f.00969020EDAB38E57A85DBAFB8D2C3DD.d.56673CACC8E29FA34E6540195938EFB2.e.17785/enabled - {}
COMMAND: GET /session/f2664590fead15ec17982177271525a3/screenshot - {}
RESULT: {}
COMMAND: POST /session/f2664590fead15ec17982177271525a3/execute/sync - {"script":"<script> [8489 bytes]","args":[{"element-6066-11e4-a52e-4f735466cecf":"f.00969020EDAB38E57A85DBAFB8D2C3DD.d.56673CACC8E29FA34E6540195938EFB2.e.17785","ELEMENT":"f.00969020EDAB38E57A85DBAFB8D2C3DD.d.56673CACC8E29FA34E6540195938EFB2.e.17785"}]}
COMMAND: GET /session/f2664590fead15ec17982177271525a3/screenshot - {}
RESULT: {}
RESULT: {"script":"<script> [8489 bytes]","args":[{"element-6066-11e4-a52e-4f735466cecf":"f.00969020EDAB38E57A85DBAFB8D2C3DD.d.56673CACC8E29FA34E6540195938EFB2.e.17785","ELEMENT":"f.00969020EDAB38E57A85DBAFB8D2C3DD.d.56673CACC8E29FA34E6540195938EFB2.e.17785"}]}
COMMAND: POST /session/f2664590fead15ec17982177271525a3/execute/sync - {"script":"<script> [5351 bytes]","args":[{"element-6066-11e4-a52e-4f735466cecf":"f.00969020EDAB38E57A85DBAFB8D2C3DD.d.56673CACC8E29FA34E6540195938EFB2.e.17785","ELEMENT":"f.00969020EDAB38E57A85DBAFB8D2C3DD.d.56673CACC8E29FA34E6540195938EFB2.e.17785"}]}
COMMAND: GET /session/f2664590fead15ec17982177271525a3/screenshot - {}
RESULT: {}
RESULT: {"script":"<script> [5351 bytes]","args":[{"element-6066-11e4-a52e-4f735466cecf":"f.00969020EDAB38E57A85DBAFB8D2C3DD.d.56673CACC8E29FA34E6540195938EFB2.e.17785","ELEMENT":"f.00969020EDAB38E57A85DBAFB8D2C3DD.d.56673CACC8E29FA34E6540195938EFB2.e.17785"}]}
COMMAND: POST /session/f2664590fead15ec17982177271525a3/element/f.00969020EDAB38E57A85DBAFB8D2C3DD.d.56673CACC8E29FA34E6540195938EFB2.e.17785/click - {}
COMMAND: GET /session/f2664590fead15ec17982177271525a3/screenshot - {}
RESULT: {}
RESULT: {}
COMMAND: GET /session/f2664590fead15ec17982177271525a3/screenshot - {}
RESULT: {}
COMMAND: POST /session/f2664590fead15ec17982177271525a3/element - {"using":"xpath","value":"//span[contains(@id ,\"AddNewHO--typeSelect-arrow\")]"}
RESULT: {}
RESULT: {"using":"xpath","value":"//span[contains(@id ,\"AddNewHO--typeSelect-arrow\")]"}
COMMAND: POST /session/f2664590fead15ec17982177271525a3/element/f.00969020EDAB38E57A85DBAFB8D2C3DD.d.56673CACC8E29FA34E6540195938EFB2.e.18122/click - {}
RESULT: {}
COMMAND: GET /session/f2664590fead15ec17982177271525a3/screenshot - {}
RESULT: {}
COMMAND: POST /session/f2664590fead15ec17982177271525a3/element - {"using":"xpath","value":"(//li[contains(text(), \"stock increase yard\")])[1]"}
RESULT: {"using":"xpath","value":"(//li[contains(text(), \"stock increase yard\")])[1]"}
COMMAND: POST /session/f2664590fead15ec17982177271525a3/element/f.00969020EDAB38E57A85DBAFB8D2C3DD.d.56673CACC8E29FA34E6540195938EFB2.e.18123/click - {}
RESULT: {}
COMMAND: GET /session/f2664590fead15ec17982177271525a3/screenshot - {}
RESULT: {}
COMMAND: POST /session/f2664590fead15ec17982177271525a3/execute/async - {"script":"<script> [1562 bytes]","args":[{"selector":{"id":"application-managehandovers-display-component---AddNewHO--dueDate","interaction":{"idSuffix":"inner"}},"wdio_ui5_key":"applicationmanagehandovers-display-component---AddNewHO--dueDate"}]}
RESULT: {"script":"<script> [1562 bytes]","args":[{"selector":{"id":"application-managehandovers-display-component---AddNewHO--dueDate","interaction":{"idSuffix":"inner"}},"wdio_ui5_key":"applicationmanagehandovers-display-component---AddNewHO--dueDate"}]}
RESULT: undefined
COMMAND: POST /session/f2664590fead15ec17982177271525a3/execute/async - {"script":"<script> [6424 bytes]","args":[{"element-6066-11e4-a52e-4f735466cecf":"f.00969020EDAB38E57A85DBAFB8D2C3DD.d.56673CACC8E29FA34E6540195938EFB2.e.18125"},"setValue",["05/07/2025"]]}
RESULT: {"script":"<script> [6424 bytes]","args":[{"element-6066-11e4-a52e-4f735466cecf":"f.00969020EDAB38E57A85DBAFB8D2C3DD.d.56673CACC8E29FA34E6540195938EFB2.e.18125"},"setValue",["05/07/2025"]]}
COMMAND: POST /session/f2664590fead15ec17982177271525a3/element - {"using":"xpath","value":"//input[@id=\"generalSectionFrg--receiveYard-inner\"]"}
RESULT: {"using":"xpath","value":"//input[@id=\"generalSectionFrg--receiveYard-inner\"]"}
COMMAND: POST /session/f2664590fead15ec17982177271525a3/element/f.00969020EDAB38E57A85DBAFB8D2C3DD.d.56673CACC8E29FA34E6540195938EFB2.e.18131/clear - {}
RESULT: {}
COMMAND: POST /session/f2664590fead15ec17982177271525a3/element/f.00969020EDAB38E57A85DBAFB8D2C3DD.d.56673CACC8E29FA34E6540195938EFB2.e.18131/value - {"text":"671"}
COMMAND: GET /session/f2664590fead15ec17982177271525a3/screenshot - {}
RESULT: {"text":"671"}
COMMAND: GET /session/f2664590fead15ec17982177271525a3/screenshot - {}
RESULT: {}
RESULT: {}
COMMAND: POST /session/f2664590fead15ec17982177271525a3/element - {"using":"xpath","value":"//li[.//span[text()='671']]"}
RESULT: {"using":"xpath","value":"//li[.//span[text()='671']]"}
COMMAND: POST /session/f2664590fead15ec17982177271525a3/element/f.00969020EDAB38E57A85DBAFB8D2C3DD.d.56673CACC8E29FA34E6540195938EFB2.e.18147/click - {}
RESULT: {}
COMMAND: GET /session/f2664590fead15ec17982177271525a3/screenshot - {}
RESULT: {}
COMMAND: POST /session/f2664590fead15ec17982177271525a3/execute/async - {"script":"<script> [1562 bytes]","args":[{"selector":{"id":"application-managehandovers-display-component---AddNewHO--ObjectPageLayout-anchBar-application-managehandovers-display-component---AddNewHO--section4-anchor","interaction":{"idSuffix":"BDI-content"}},"wdio_ui5_key":"applicationmanagehandovers-display-component---AddNewHO--ObjectPageLayout-anchBar-application-managehandovers-display-component---AddNewHO--section4-anchor"}]}
RESULT: {"script":"<script> [1562 bytes]","args":[{"selector":{"id":"application-managehandovers-display-component---AddNewHO--ObjectPageLayout-anchBar-application-managehandovers-display-component---AddNewHO--section4-anchor","interaction":{"idSuffix":"BDI-content"}},"wdio_ui5_key":"applicationmanagehandovers-display-component---AddNewHO--ObjectPageLayout-anchBar-application-managehandovers-display-component---AddNewHO--section4-anchor"}]}
RESULT: undefined
COMMAND: POST /session/f2664590fead15ec17982177271525a3/element - {"using":"xpath","value":"//*[@id=\"application-managehandovers-display-component---AddNewHO--ObjectPageLayout-anchBar-application-managehandovers-display-component---AddNewHO--section4-anchor\"]"}
RESULT: {"using":"xpath","value":"//*[@id=\"application-managehandovers-display-component---AddNewHO--ObjectPageLayout-anchBar-application-managehandovers-display-component---AddNewHO--section4-anchor\"]"}
COMMAND: POST /session/f2664590fead15ec17982177271525a3/element/f.00969020EDAB38E57A85DBAFB8D2C3DD.d.56673CACC8E29FA34E6540195938EFB2.e.18149/click - {}
RESULT: {}
COMMAND: POST /session/f2664590fead15ec17982177271525a3/element - {"using":"xpath","value":"//button[@aria-label=\"Add\"]"}
COMMAND: GET /session/f2664590fead15ec17982177271525a3/screenshot - {}
RESULT: {"using":"xpath","value":"//button[@aria-label=\"Add\"]"}
COMMAND: POST /session/f2664590fead15ec17982177271525a3/element/f.00969020EDAB38E57A85DBAFB8D2C3DD.d.56673CACC8E29FA34E6540195938EFB2.e.18151/click - {}
RESULT: {}
RESULT: {}
COMMAND: GET /session/f2664590fead15ec17982177271525a3/screenshot - {}
RESULT: {}
COMMAND: POST /session/f2664590fead15ec17982177271525a3/execute/async - {"script":"<script> [1562 bytes]","args":[{"selector":{"id":"application-managehandovers-display-component---AddNewHO--smartFilterBar-btnBasicSearch","searchOpenDialogs":true,"interaction":{"idSuffix":"I"}},"wdio_ui5_key":"applicationmanagehandovers-display-component---AddNewHO--smartFilterBar-btnBasicSearch"}]}
RESULT: {"script":"<script> [1562 bytes]","args":[{"selector":{"id":"application-managehandovers-display-component---AddNewHO--smartFilterBar-btnBasicSearch","searchOpenDialogs":true,"interaction":{"idSuffix":"I"}},"wdio_ui5_key":"applicationmanagehandovers-display-component---AddNewHO--smartFilterBar-btnBasicSearch"}]}
RESULT: undefined
COMMAND: POST /session/f2664590fead15ec17982177271525a3/execute/async - {"script":"<script> [776 bytes]","args":[{"enterText":"JWPiIB6xD5","selector":{"id":"application-managehandovers-display-component---AddNewHO--smartFilterBar-btnBasicSearch","searchOpenDialogs":true,"interaction":{"idSuffix":"I"}},"clearTextFirst":true,"interactionType":"ENTER_TEXT"}]}
RESULT: {"script":"<script> [776 bytes]","args":[{"enterText":"JWPiIB6xD5","selector":{"id":"application-managehandovers-display-component---AddNewHO--smartFilterBar-btnBasicSearch","searchOpenDialogs":true,"interaction":{"idSuffix":"I"}},"clearTextFirst":true,"interactionType":"ENTER_TEXT"}]}
COMMAND: POST /session/f2664590fead15ec17982177271525a3/actions - {"actions":[{"id":"action69","type":"key","parameters":{},"actions":[{"type":"keyDown","value":"î€‡"},{"type":"pause","duration":10},{"type":"keyUp","value":"î€‡"}]}]}
RESULT: {"actions":[{"id":"action69","type":"key","parameters":{},"actions":[{"type":"keyDown","value":"î€‡"},{"type":"pause","duration":10},{"type":"keyUp","value":"î€‡"}]}]}
COMMAND: GET /session/f2664590fead15ec17982177271525a3/screenshot - {}
RESULT: {}
COMMAND: POST /session/f2664590fead15ec17982177271525a3/execute/async - {"script":"<script> [1562 bytes]","args":[{"selector":{"id":"application-managehandovers-display-component---AddNewHO--popup-sa","searchOpenDialogs":true,"interaction":{"idSuffix":"CbBg"}},"wdio_ui5_key":"applicationmanagehandovers-display-component---AddNewHO--popup-sa"}]}
RESULT: {"script":"<script> [1562 bytes]","args":[{"selector":{"id":"application-managehandovers-display-component---AddNewHO--popup-sa","searchOpenDialogs":true,"interaction":{"idSuffix":"CbBg"}},"wdio_ui5_key":"applicationmanagehandovers-display-component---AddNewHO--popup-sa"}]}
RESULT: undefined
COMMAND: POST /session/f2664590fead15ec17982177271525a3/element - {"using":"xpath","value":"//*[@id=\"application-managehandovers-display-component---AddNewHO--popup-sa\"]"}
RESULT: {"using":"xpath","value":"//*[@id=\"application-managehandovers-display-component---AddNewHO--popup-sa\"]"}
COMMAND: POST /session/f2664590fead15ec17982177271525a3/element/f.00969020EDAB38E57A85DBAFB8D2C3DD.d.56673CACC8E29FA34E6540195938EFB2.e.18305/click - {}
RESULT: {}
COMMAND: GET /session/f2664590fead15ec17982177271525a3/screenshot - {}
RESULT: {}
COMMAND: POST /session/f2664590fead15ec17982177271525a3/element - {"using":"xpath","value":"//bdi[contains(text(), \"Select\")]"}
RESULT: {"using":"xpath","value":"//bdi[contains(text(), \"Select\")]"}
COMMAND: POST /session/f2664590fead15ec17982177271525a3/element/f.00969020EDAB38E57A85DBAFB8D2C3DD.d.56673CACC8E29FA34E6540195938EFB2.e.18306/click - {}
RESULT: {}
COMMAND: GET /session/f2664590fead15ec17982177271525a3/screenshot - {}
RESULT: {}
COMMAND: POST /session/f2664590fead15ec17982177271525a3/element - {"using":"xpath","value":"//button[@data-kt=\"AddNewHOSaveButton\"]"}
RESULT: {"using":"xpath","value":"//button[@data-kt=\"AddNewHOSaveButton\"]"}
COMMAND: POST /session/f2664590fead15ec17982177271525a3/element/f.00969020EDAB38E57A85DBAFB8D2C3DD.d.56673CACC8E29FA34E6540195938EFB2.e.18310/click - {}
RESULT: {}
COMMAND: GET /session/f2664590fead15ec17982177271525a3/screenshot - {}
COMMAND: POST /session/f2664590fead15ec17982177271525a3/execute/async - {"script":"<script> [1562 bytes]","args":[{"selector":{"id":"receiptDatePicker","viewName":"etm.portal.ui.managehandovers.view.DetailExecuteHO","interaction":{"idSuffix":"inner"}},"wdio_ui5_key":"receiptDatePickeretmportal.ui.managehandovers.view.DetailExecuteHO"}]}
RESULT: {}
RESULT: {"script":"<script> [1562 bytes]","args":[{"selector":{"id":"receiptDatePicker","viewName":"etm.portal.ui.managehandovers.view.DetailExecuteHO","interaction":{"idSuffix":"inner"}},"wdio_ui5_key":"receiptDatePickeretmportal.ui.managehandovers.view.DetailExecuteHO"}]}
RESULT: undefined
COMMAND: POST /session/f2664590fead15ec17982177271525a3/execute/async - {"script":"<script> [6424 bytes]","args":[{"element-6066-11e4-a52e-4f735466cecf":"f.00969020EDAB38E57A85DBAFB8D2C3DD.d.56673CACC8E29FA34E6540195938EFB2.e.18339"},"setValue",["05/07/2025"]]}
RESULT: {"script":"<script> [6424 bytes]","args":[{"element-6066-11e4-a52e-4f735466cecf":"f.00969020EDAB38E57A85DBAFB8D2C3DD.d.56673CACC8E29FA34E6540195938EFB2.e.18339"},"setValue",["05/07/2025"]]}
COMMAND: POST /session/f2664590fead15ec17982177271525a3/element - {"using":"xpath","value":"//button[@data-kt=\"PickingTableConfirmAllButton\"]"}
RESULT: {"using":"xpath","value":"//button[@data-kt=\"PickingTableConfirmAllButton\"]"}
COMMAND: POST /session/f2664590fead15ec17982177271525a3/element/f.00969020EDAB38E57A85DBAFB8D2C3DD.d.56673CACC8E29FA34E6540195938EFB2.e.18354/click - {}
RESULT: {}
COMMAND: GET /session/f2664590fead15ec17982177271525a3/screenshot - {}
RESULT: {}
COMMAND: POST /session/f2664590fead15ec17982177271525a3/element - {"using":"xpath","value":"//bdi[contains(text(), \"OK\")]"}
RESULT: {"using":"xpath","value":"//bdi[contains(text(), \"OK\")]"}
COMMAND: POST /session/f2664590fead15ec17982177271525a3/element/f.00969020EDAB38E57A85DBAFB8D2C3DD.d.56673CACC8E29FA34E6540195938EFB2.e.18356/click - {}
RESULT: {}
COMMAND: GET /session/f2664590fead15ec17982177271525a3/screenshot - {}
RESULT: {}
COMMAND: POST /session/f2664590fead15ec17982177271525a3/element - {"using":"xpath","value":"(//bdi[contains(text(), \"Receive\")])[2]"}
RESULT: {"using":"xpath","value":"(//bdi[contains(text(), \"Receive\")])[2]"}
COMMAND: POST /session/f2664590fead15ec17982177271525a3/element/f.00969020EDAB38E57A85DBAFB8D2C3DD.d.56673CACC8E29FA34E6540195938EFB2.e.18358/click - {}
RESULT: {}
COMMAND: GET /session/f2664590fead15ec17982177271525a3/screenshot - {}
RESULT: {}
COMMAND: POST /session/f2664590fead15ec17982177271525a3/element - {"using":"css selector","value":"#shell-header-logo"}
RESULT: {"using":"css selector","value":"#shell-header-logo"}
COMMAND: POST /session/f2664590fead15ec17982177271525a3/element/f.00969020EDAB38E57A85DBAFB8D2C3DD.d.56673CACC8E29FA34E6540195938EFB2.e.17748/click - {}
RESULT: {}
COMMAND: GET /session/f2664590fead15ec17982177271525a3/screenshot - {}
RESULT: {}
]]></system-out>
    </testcase>
    <testcase classname="chrome.135_0_7049_115.windows.Create_Reverse_Billing_US127248" name="Should create a new contract" time="79.656">
      <system-out><![CDATA[
COMMAND: POST /session/f2664590fead15ec17982177271525a3/execute/async - {"script":"<script> [1562 bytes]","args":[{"selector":{"controlType":"sap.m.Text","viewName":"etm.portal.ui.managecontractstile.view.Master","properties":{"text":"Manage Contracts"},"interaction":{"idSuffix":"inner"}},"wdio_ui5_key":"etmportal.ui.managecontractstile.view.Mastersap.m.Text{\"text\":\"Manage Contracts\"}"}]}
RESULT: {"script":"<script> [1562 bytes]","args":[{"selector":{"controlType":"sap.m.Text","viewName":"etm.portal.ui.managecontractstile.view.Master","properties":{"text":"Manage Contracts"},"interaction":{"idSuffix":"inner"}},"wdio_ui5_key":"etmportal.ui.managecontractstile.view.Mastersap.m.Text{\"text\":\"Manage Contracts\"}"}]}
RESULT: undefined
COMMAND: POST /session/f2664590fead15ec17982177271525a3/element - {"using":"xpath","value":"//*[@id=\"__tile130-title\"]"}
RESULT: {"using":"xpath","value":"//*[@id=\"__tile130-title\"]"}
COMMAND: POST /session/f2664590fead15ec17982177271525a3/element/f.00969020EDAB38E57A85DBAFB8D2C3DD.d.56673CACC8E29FA34E6540195938EFB2.e.18640/click - {}
RESULT: {}
COMMAND: GET /session/f2664590fead15ec17982177271525a3/screenshot - {}
COMMAND: POST /session/f2664590fead15ec17982177271525a3/element - {"using":"xpath","value":"//button[@data-kt=\"addButton\"]"}
RESULT: {}
RESULT: {"using":"xpath","value":"//button[@data-kt=\"addButton\"]"}
COMMAND: POST /session/f2664590fead15ec17982177271525a3/elements - {"using":"xpath","value":"//button[@data-kt=\"addButton\"]"}
RESULT: {"using":"xpath","value":"//button[@data-kt=\"addButton\"]"}
COMMAND: POST /session/f2664590fead15ec17982177271525a3/execute/sync - {"script":"<script> [8489 bytes]","args":[{"element-6066-11e4-a52e-4f735466cecf":"f.00969020EDAB38E57A85DBAFB8D2C3DD.d.56673CACC8E29FA34E6540195938EFB2.e.18713","ELEMENT":"f.00969020EDAB38E57A85DBAFB8D2C3DD.d.56673CACC8E29FA34E6540195938EFB2.e.18713"}]}
RESULT: {"script":"<script> [8489 bytes]","args":[{"element-6066-11e4-a52e-4f735466cecf":"f.00969020EDAB38E57A85DBAFB8D2C3DD.d.56673CACC8E29FA34E6540195938EFB2.e.18713","ELEMENT":"f.00969020EDAB38E57A85DBAFB8D2C3DD.d.56673CACC8E29FA34E6540195938EFB2.e.18713"}]}
COMMAND: GET /session/f2664590fead15ec17982177271525a3/element/f.00969020EDAB38E57A85DBAFB8D2C3DD.d.56673CACC8E29FA34E6540195938EFB2.e.18713/enabled - {}
COMMAND: GET /session/f2664590fead15ec17982177271525a3/screenshot - {}
RESULT: {}
COMMAND: POST /session/f2664590fead15ec17982177271525a3/execute/sync - {"script":"<script> [8489 bytes]","args":[{"element-6066-11e4-a52e-4f735466cecf":"f.00969020EDAB38E57A85DBAFB8D2C3DD.d.56673CACC8E29FA34E6540195938EFB2.e.18713","ELEMENT":"f.00969020EDAB38E57A85DBAFB8D2C3DD.d.56673CACC8E29FA34E6540195938EFB2.e.18713"}]}
COMMAND: GET /session/f2664590fead15ec17982177271525a3/screenshot - {}
RESULT: {}
RESULT: {"script":"<script> [8489 bytes]","args":[{"element-6066-11e4-a52e-4f735466cecf":"f.00969020EDAB38E57A85DBAFB8D2C3DD.d.56673CACC8E29FA34E6540195938EFB2.e.18713","ELEMENT":"f.00969020EDAB38E57A85DBAFB8D2C3DD.d.56673CACC8E29FA34E6540195938EFB2.e.18713"}]}
COMMAND: POST /session/f2664590fead15ec17982177271525a3/execute/sync - {"script":"<script> [5351 bytes]","args":[{"element-6066-11e4-a52e-4f735466cecf":"f.00969020EDAB38E57A85DBAFB8D2C3DD.d.56673CACC8E29FA34E6540195938EFB2.e.18713","ELEMENT":"f.00969020EDAB38E57A85DBAFB8D2C3DD.d.56673CACC8E29FA34E6540195938EFB2.e.18713"}]}
COMMAND: GET /session/f2664590fead15ec17982177271525a3/screenshot - {}
RESULT: {}
RESULT: {"script":"<script> [5351 bytes]","args":[{"element-6066-11e4-a52e-4f735466cecf":"f.00969020EDAB38E57A85DBAFB8D2C3DD.d.56673CACC8E29FA34E6540195938EFB2.e.18713","ELEMENT":"f.00969020EDAB38E57A85DBAFB8D2C3DD.d.56673CACC8E29FA34E6540195938EFB2.e.18713"}]}
COMMAND: GET /session/f2664590fead15ec17982177271525a3/screenshot - {}
RESULT: {}
RESULT: {}
COMMAND: POST /session/f2664590fead15ec17982177271525a3/element/f.00969020EDAB38E57A85DBAFB8D2C3DD.d.56673CACC8E29FA34E6540195938EFB2.e.18713/click - {}
RESULT: {}
COMMAND: GET /session/f2664590fead15ec17982177271525a3/screenshot - {}
COMMAND: POST /session/f2664590fead15ec17982177271525a3/execute/async - {"script":"<script> [1562 bytes]","args":[{"selector":{"id":"application-managecontracts-display-component---AddNewContract--projectDescription","interaction":{"idSuffix":"inner"}},"wdio_ui5_key":"applicationmanagecontracts-display-component---AddNewContract--projectDescription"}]}
RESULT: {}
RESULT: {"script":"<script> [1562 bytes]","args":[{"selector":{"id":"application-managecontracts-display-component---AddNewContract--projectDescription","interaction":{"idSuffix":"inner"}},"wdio_ui5_key":"applicationmanagecontracts-display-component---AddNewContract--projectDescription"}]}
RESULT: undefined
COMMAND: POST /session/f2664590fead15ec17982177271525a3/execute/async - {"script":"<script> [776 bytes]","args":[{"enterText":"Contract WDIO","selector":{"id":"application-managecontracts-display-component---AddNewContract--projectDescription","interaction":{"idSuffix":"inner"}},"clearTextFirst":true,"interactionType":"ENTER_TEXT"}]}
RESULT: {"script":"<script> [776 bytes]","args":[{"enterText":"Contract WDIO","selector":{"id":"application-managecontracts-display-component---AddNewContract--projectDescription","interaction":{"idSuffix":"inner"}},"clearTextFirst":true,"interactionType":"ENTER_TEXT"}]}
COMMAND: POST /session/f2664590fead15ec17982177271525a3/element - {"using":"xpath","value":"//input[@id=\"application-managecontracts-display-component---AddNewContract--site-inner\"]"}
RESULT: {"using":"xpath","value":"//input[@id=\"application-managecontracts-display-component---AddNewContract--site-inner\"]"}
COMMAND: POST /session/f2664590fead15ec17982177271525a3/element/f.00969020EDAB38E57A85DBAFB8D2C3DD.d.56673CACC8E29FA34E6540195938EFB2.e.19005/clear - {}
RESULT: {}
COMMAND: POST /session/f2664590fead15ec17982177271525a3/element/f.00969020EDAB38E57A85DBAFB8D2C3DD.d.56673CACC8E29FA34E6540195938EFB2.e.19005/value - {"text":"2499"}
COMMAND: GET /session/f2664590fead15ec17982177271525a3/screenshot - {}
RESULT: {"text":"2499"}
COMMAND: GET /session/f2664590fead15ec17982177271525a3/screenshot - {}
RESULT: {}
RESULT: {}
COMMAND: POST /session/f2664590fead15ec17982177271525a3/element - {"using":"xpath","value":"//li[.//span[text()='2499']]"}
RESULT: {"using":"xpath","value":"//li[.//span[text()='2499']]"}
COMMAND: POST /session/f2664590fead15ec17982177271525a3/element/f.00969020EDAB38E57A85DBAFB8D2C3DD.d.56673CACC8E29FA34E6540195938EFB2.e.19028/click - {}
RESULT: {}
COMMAND: GET /session/f2664590fead15ec17982177271525a3/screenshot - {}
RESULT: {}
COMMAND: POST /session/f2664590fead15ec17982177271525a3/element - {"using":"xpath","value":"//input[@id=\"application-managecontracts-display-component---AddNewContract--yardId-inner\"]"}
RESULT: {"using":"xpath","value":"//input[@id=\"application-managecontracts-display-component---AddNewContract--yardId-inner\"]"}
COMMAND: GET /session/f2664590fead15ec17982177271525a3/element/f.00969020EDAB38E57A85DBAFB8D2C3DD.d.56673CACC8E29FA34E6540195938EFB2.e.19006/property/value - {}
RESULT: {}
COMMAND: POST /session/f2664590fead15ec17982177271525a3/element - {"using":"xpath","value":"//input[@id=\"application-managecontracts-display-component---AddNewContract--customerSelect-inner\"]"}
COMMAND: GET /session/f2664590fead15ec17982177271525a3/screenshot - {}
RESULT: {"using":"xpath","value":"//input[@id=\"application-managecontracts-display-component---AddNewContract--customerSelect-inner\"]"}
COMMAND: POST /session/f2664590fead15ec17982177271525a3/element/f.00969020EDAB38E57A85DBAFB8D2C3DD.d.56673CACC8E29FA34E6540195938EFB2.e.19004/clear - {}
RESULT: {}
RESULT: {}
COMMAND: POST /session/f2664590fead15ec17982177271525a3/element/f.00969020EDAB38E57A85DBAFB8D2C3DD.d.56673CACC8E29FA34E6540195938EFB2.e.19004/value - {"text":"1545"}
COMMAND: GET /session/f2664590fead15ec17982177271525a3/screenshot - {}
RESULT: {"text":"1545"}
COMMAND: GET /session/f2664590fead15ec17982177271525a3/screenshot - {}
RESULT: {}
RESULT: {}
COMMAND: POST /session/f2664590fead15ec17982177271525a3/element - {"using":"xpath","value":"//li[.//span[text()='1545']]"}
RESULT: {"using":"xpath","value":"//li[.//span[text()='1545']]"}
COMMAND: POST /session/f2664590fead15ec17982177271525a3/element/f.00969020EDAB38E57A85DBAFB8D2C3DD.d.56673CACC8E29FA34E6540195938EFB2.e.19031/click - {}
RESULT: {}
COMMAND: GET /session/f2664590fead15ec17982177271525a3/screenshot - {}
RESULT: {}
COMMAND: POST /session/f2664590fead15ec17982177271525a3/element - {"using":"xpath","value":"//button[@data-kt=\"saveButton\"]"}
RESULT: {"using":"xpath","value":"//button[@data-kt=\"saveButton\"]"}
COMMAND: POST /session/f2664590fead15ec17982177271525a3/element/f.00969020EDAB38E57A85DBAFB8D2C3DD.d.56673CACC8E29FA34E6540195938EFB2.e.19021/click - {}
RESULT: {}
COMMAND: GET /session/f2664590fead15ec17982177271525a3/screenshot - {}
RESULT: {}
COMMAND: POST /session/f2664590fead15ec17982177271525a3/element - {"using":"xpath","value":"//span[contains(@id ,\"contractDetailTitleNoExpanded\")]"}
RESULT: {"using":"xpath","value":"//span[contains(@id ,\"contractDetailTitleNoExpanded\")]"}
COMMAND: POST /session/f2664590fead15ec17982177271525a3/elements - {"using":"xpath","value":"//span[contains(@id ,\"contractDetailTitleNoExpanded\")]"}
RESULT: {"using":"xpath","value":"//span[contains(@id ,\"contractDetailTitleNoExpanded\")]"}
COMMAND: POST /session/f2664590fead15ec17982177271525a3/execute/sync - {"script":"<script> [56 bytes]","args":[{"element-6066-11e4-a52e-4f735466cecf":"f.00969020EDAB38E57A85DBAFB8D2C3DD.d.56673CACC8E29FA34E6540195938EFB2.e.19041","ELEMENT":"f.00969020EDAB38E57A85DBAFB8D2C3DD.d.56673CACC8E29FA34E6540195938EFB2.e.19041"}]}
RESULT: {"script":"<script> [56 bytes]","args":[{"element-6066-11e4-a52e-4f735466cecf":"f.00969020EDAB38E57A85DBAFB8D2C3DD.d.56673CACC8E29FA34E6540195938EFB2.e.19041","ELEMENT":"f.00969020EDAB38E57A85DBAFB8D2C3DD.d.56673CACC8E29FA34E6540195938EFB2.e.19041"}]}
COMMAND: GET /session/f2664590fead15ec17982177271525a3/screenshot - {}
RESULT: {}
]]></system-out>
    </testcase>
    <testcase classname="chrome.135_0_7049_115.windows.Create_Reverse_Billing_US127248" name="Should add equipment to the contract" time="50.412">
      <system-out><![CDATA[
COMMAND: POST /session/f2664590fead15ec17982177271525a3/element - {"using":"xpath","value":"//button[@data-kt=\"contractDetailEditBtnButton\"]"}
RESULT: {"using":"xpath","value":"//button[@data-kt=\"contractDetailEditBtnButton\"]"}
COMMAND: POST /session/f2664590fead15ec17982177271525a3/element/f.00969020EDAB38E57A85DBAFB8D2C3DD.d.56673CACC8E29FA34E6540195938EFB2.e.19043/click - {}
RESULT: {}
COMMAND: GET /session/f2664590fead15ec17982177271525a3/screenshot - {}
RESULT: {}
COMMAND: POST /session/f2664590fead15ec17982177271525a3/element - {"using":"xpath","value":"(//span[contains(text(), \"Additional Addresses\")])[2]"}
RESULT: {"using":"xpath","value":"(//span[contains(text(), \"Additional Addresses\")])[2]"}
COMMAND: POST /session/f2664590fead15ec17982177271525a3/element/f.00969020EDAB38E57A85DBAFB8D2C3DD.d.56673CACC8E29FA34E6540195938EFB2.e.19099/click - {}
RESULT: {}
COMMAND: GET /session/f2664590fead15ec17982177271525a3/screenshot - {}
RESULT: {}
COMMAND: POST /session/f2664590fead15ec17982177271525a3/element - {"using":"xpath","value":"//button[@data-kt=\"btnAddTableRowOverflowToolbarButton\"]"}
RESULT: {"using":"xpath","value":"//button[@data-kt=\"btnAddTableRowOverflowToolbarButton\"]"}
COMMAND: POST /session/f2664590fead15ec17982177271525a3/element/f.00969020EDAB38E57A85DBAFB8D2C3DD.d.56673CACC8E29FA34E6540195938EFB2.e.19102/click - {}
RESULT: {}
COMMAND: GET /session/f2664590fead15ec17982177271525a3/screenshot - {}
RESULT: {}
COMMAND: POST /session/f2664590fead15ec17982177271525a3/element - {"using":"xpath","value":"//div[(text() = 'Standard Entry' or . = 'Standard Entry')]"}
RESULT: {"using":"xpath","value":"//div[(text() = 'Standard Entry' or . = 'Standard Entry')]"}
COMMAND: POST /session/f2664590fead15ec17982177271525a3/element/f.00969020EDAB38E57A85DBAFB8D2C3DD.d.56673CACC8E29FA34E6540195938EFB2.e.19104/click - {}
RESULT: {}
COMMAND: GET /session/f2664590fead15ec17982177271525a3/screenshot - {}
RESULT: {}
COMMAND: POST /session/f2664590fead15ec17982177271525a3/element - {"using":"xpath","value":"//td[7]/div/div/input"}
RESULT: {"using":"xpath","value":"//td[7]/div/div/input"}
COMMAND: POST /session/f2664590fead15ec17982177271525a3/element/f.00969020EDAB38E57A85DBAFB8D2C3DD.d.56673CACC8E29FA34E6540195938EFB2.e.19113/clear - {}
RESULT: {}
COMMAND: POST /session/f2664590fead15ec17982177271525a3/element/f.00969020EDAB38E57A85DBAFB8D2C3DD.d.56673CACC8E29FA34E6540195938EFB2.e.19113/value - {"text":"JWPiIB6xD5"}
COMMAND: GET /session/f2664590fead15ec17982177271525a3/screenshot - {}
RESULT: {"text":"JWPiIB6xD5"}
COMMAND: GET /session/f2664590fead15ec17982177271525a3/screenshot - {}
RESULT: {}
RESULT: {}
COMMAND: POST /session/f2664590fead15ec17982177271525a3/actions - {"actions":[{"id":"action70","type":"key","parameters":{},"actions":[{"type":"keyDown","value":"î€‡"},{"type":"pause","duration":10},{"type":"keyUp","value":"î€‡"}]}]}
RESULT: {"actions":[{"id":"action70","type":"key","parameters":{},"actions":[{"type":"keyDown","value":"î€‡"},{"type":"pause","duration":10},{"type":"keyUp","value":"î€‡"}]}]}
COMMAND: GET /session/f2664590fead15ec17982177271525a3/screenshot - {}
COMMAND: POST /session/f2664590fead15ec17982177271525a3/execute/sync - {"script":"<script> [276 bytes]","args":["No pricing information was found"]}
RESULT: {}
RESULT: {"script":"<script> [276 bytes]","args":["No pricing information was found"]}
COMMAND: POST /session/f2664590fead15ec17982177271525a3/element - {"using":"xpath","value":"(//button[@data-kt=\"saveButton\"])[2]"}
COMMAND: GET /session/f2664590fead15ec17982177271525a3/screenshot - {}
RESULT: {"using":"xpath","value":"(//button[@data-kt=\"saveButton\"])[2]"}
COMMAND: POST /session/f2664590fead15ec17982177271525a3/element/f.00969020EDAB38E57A85DBAFB8D2C3DD.d.56673CACC8E29FA34E6540195938EFB2.e.19128/click - {}
RESULT: {}
RESULT: {}
COMMAND: GET /session/f2664590fead15ec17982177271525a3/screenshot - {}
RESULT: {}
COMMAND: POST /session/f2664590fead15ec17982177271525a3/execute/sync - {"script":"<script> [276 bytes]","args":["Some contract items are having rental validity exceeding header rental validity"]}
RESULT: {"script":"<script> [276 bytes]","args":["Some contract items are having rental validity exceeding header rental validity"]}
COMMAND: GET /session/f2664590fead15ec17982177271525a3/screenshot - {}
RESULT: {}
COMMAND: POST /session/f2664590fead15ec17982177271525a3/element - {"using":"xpath","value":"//span[contains(@id ,\"contractItemsSmartTable-header-inner\")]"}
RESULT: {"using":"xpath","value":"//span[contains(@id ,\"contractItemsSmartTable-header-inner\")]"}
COMMAND: POST /session/f2664590fead15ec17982177271525a3/elements - {"using":"xpath","value":"//span[contains(@id ,\"contractItemsSmartTable-header-inner\")]"}
RESULT: {"using":"xpath","value":"//span[contains(@id ,\"contractItemsSmartTable-header-inner\")]"}
COMMAND: POST /session/f2664590fead15ec17982177271525a3/execute/sync - {"script":"<script> [56 bytes]","args":[{"element-6066-11e4-a52e-4f735466cecf":"f.00969020EDAB38E57A85DBAFB8D2C3DD.d.56673CACC8E29FA34E6540195938EFB2.e.19134","ELEMENT":"f.00969020EDAB38E57A85DBAFB8D2C3DD.d.56673CACC8E29FA34E6540195938EFB2.e.19134"}]}
RESULT: {"script":"<script> [56 bytes]","args":[{"element-6066-11e4-a52e-4f735466cecf":"f.00969020EDAB38E57A85DBAFB8D2C3DD.d.56673CACC8E29FA34E6540195938EFB2.e.19134","ELEMENT":"f.00969020EDAB38E57A85DBAFB8D2C3DD.d.56673CACC8E29FA34E6540195938EFB2.e.19134"}]}
]]></system-out>
    </testcase>
    <testcase classname="chrome.135_0_7049_115.windows.Create_Reverse_Billing_US127248" name="Should do a provide to site handover" time="73.103">
      <system-out><![CDATA[
COMMAND: POST /session/f2664590fead15ec17982177271525a3/element - {"using":"xpath","value":"//button[@data-kt=\"provideButton\"]"}
COMMAND: GET /session/f2664590fead15ec17982177271525a3/screenshot - {}
RESULT: {"using":"xpath","value":"//button[@data-kt=\"provideButton\"]"}
COMMAND: POST /session/f2664590fead15ec17982177271525a3/element/f.00969020EDAB38E57A85DBAFB8D2C3DD.d.56673CACC8E29FA34E6540195938EFB2.e.19135/click - {}
RESULT: {}
RESULT: {}
COMMAND: GET /session/f2664590fead15ec17982177271525a3/screenshot - {}
RESULT: {}
RESULT: undefined
COMMAND: POST /session/f2664590fead15ec17982177271525a3/execute/async - {"script":"<script> [6424 bytes]","args":[{"element-6066-11e4-a52e-4f735466cecf":"f.00969020EDAB38E57A85DBAFB8D2C3DD.d.56673CACC8E29FA34E6540195938EFB2.e.18125"},"setValue",["05/07/2025"]]}
COMMAND: POST /session/f2664590fead15ec17982177271525a3/execute/async - {"script":"<script> [1562 bytes]","args":[{"selector":{"id":"application-managehandovers-display-component---AddNewHO--dueDate","interaction":{"idSuffix":"inner"}},"wdio_ui5_key":"applicationmanagehandovers-display-component---AddNewHO--dueDate"}]}
RESULT: {"script":"<script> [1562 bytes]","args":[{"selector":{"id":"application-managehandovers-display-component---AddNewHO--dueDate","interaction":{"idSuffix":"inner"}},"wdio_ui5_key":"applicationmanagehandovers-display-component---AddNewHO--dueDate"}]}
COMMAND: POST /session/f2664590fead15ec17982177271525a3/execute/async - {"script":"<script> [6424 bytes]","args":[{"element-6066-11e4-a52e-4f735466cecf":"f.00969020EDAB38E57A85DBAFB8D2C3DD.d.56673CACC8E29FA34E6540195938EFB2.e.19211"},"setValue",["05/07/2025"]]}
RESULT: {"script":"<script> [6424 bytes]","args":[{"element-6066-11e4-a52e-4f735466cecf":"f.00969020EDAB38E57A85DBAFB8D2C3DD.d.56673CACC8E29FA34E6540195938EFB2.e.19211"},"setValue",["05/07/2025"]]}
COMMAND: POST /session/f2664590fead15ec17982177271525a3/element - {"using":"xpath","value":"//bdi[contains(text(), \"Instructions\")]"}
RESULT: {"using":"xpath","value":"//bdi[contains(text(), \"Instructions\")]"}
COMMAND: POST /session/f2664590fead15ec17982177271525a3/element/f.00969020EDAB38E57A85DBAFB8D2C3DD.d.56673CACC8E29FA34E6540195938EFB2.e.19453/click - {}
RESULT: {}
COMMAND: GET /session/f2664590fead15ec17982177271525a3/screenshot - {}
RESULT: {}
COMMAND: POST /session/f2664590fead15ec17982177271525a3/element - {"using":"xpath","value":"//button[@data-kt=\"AddNewHOProvideAddItemsButton\"]"}
RESULT: {"using":"xpath","value":"//button[@data-kt=\"AddNewHOProvideAddItemsButton\"]"}
COMMAND: POST /session/f2664590fead15ec17982177271525a3/element/f.00969020EDAB38E57A85DBAFB8D2C3DD.d.56673CACC8E29FA34E6540195938EFB2.e.19457/click - {}
RESULT: {}
COMMAND: GET /session/f2664590fead15ec17982177271525a3/screenshot - {}
RESULT: {}
RESULT: undefined
COMMAND: POST /session/f2664590fead15ec17982177271525a3/element - {"using":"xpath","value":"//*[@id=\"application-managehandovers-display-component---AddNewHO--popup-sa\"]"}
RESULT: {"using":"xpath","value":"//*[@id=\"application-managehandovers-display-component---AddNewHO--popup-sa\"]"}
COMMAND: POST /session/f2664590fead15ec17982177271525a3/element/f.00969020EDAB38E57A85DBAFB8D2C3DD.d.56673CACC8E29FA34E6540195938EFB2.e.19472/click - {}
RESULT: {}
COMMAND: GET /session/f2664590fead15ec17982177271525a3/screenshot - {}
RESULT: {}
COMMAND: POST /session/f2664590fead15ec17982177271525a3/element - {"using":"xpath","value":"//*[contains(@id ,\"BDI-content\")][contains(text(), \"Select\")]"}
RESULT: {"using":"xpath","value":"//*[contains(@id ,\"BDI-content\")][contains(text(), \"Select\")]"}
COMMAND: POST /session/f2664590fead15ec17982177271525a3/element/f.00969020EDAB38E57A85DBAFB8D2C3DD.d.56673CACC8E29FA34E6540195938EFB2.e.19474/click - {}
RESULT: {}
COMMAND: GET /session/f2664590fead15ec17982177271525a3/screenshot - {}
RESULT: {}
COMMAND: POST /session/f2664590fead15ec17982177271525a3/execute/async - {"script":"<script> [1562 bytes]","args":[{"selector":{"id":"application-managehandovers-display-component---AddNewHO--confirmCreationButton","interaction":{"idSuffix":"BDI-content"}},"wdio_ui5_key":"applicationmanagehandovers-display-component---AddNewHO--confirmCreationButton"}]}
RESULT: {"script":"<script> [1562 bytes]","args":[{"selector":{"id":"application-managehandovers-display-component---AddNewHO--confirmCreationButton","interaction":{"idSuffix":"BDI-content"}},"wdio_ui5_key":"applicationmanagehandovers-display-component---AddNewHO--confirmCreationButton"}]}
RESULT: undefined
COMMAND: POST /session/f2664590fead15ec17982177271525a3/element - {"using":"xpath","value":"//*[@id=\"application-managehandovers-display-component---AddNewHO--confirmCreationButton\"]"}
RESULT: {"using":"xpath","value":"//*[@id=\"application-managehandovers-display-component---AddNewHO--confirmCreationButton\"]"}
COMMAND: POST /session/f2664590fead15ec17982177271525a3/element/f.00969020EDAB38E57A85DBAFB8D2C3DD.d.56673CACC8E29FA34E6540195938EFB2.e.19258/click - {}
RESULT: {}
COMMAND: GET /session/f2664590fead15ec17982177271525a3/screenshot - {}
RESULT: {}
COMMAND: POST /session/f2664590fead15ec17982177271525a3/element - {"using":"xpath","value":"//button[@data-kt=\"PickingTableConfirmAllButton\"]"}
RESULT: {"using":"xpath","value":"//button[@data-kt=\"PickingTableConfirmAllButton\"]"}
COMMAND: POST /session/f2664590fead15ec17982177271525a3/elements - {"using":"xpath","value":"//button[@data-kt=\"PickingTableConfirmAllButton\"]"}
RESULT: {"using":"xpath","value":"//button[@data-kt=\"PickingTableConfirmAllButton\"]"}
COMMAND: POST /session/f2664590fead15ec17982177271525a3/elements - {"using":"xpath","value":"//button[@data-kt=\"PickingTableConfirmAllButton\"]"}
RESULT: {"using":"xpath","value":"//button[@data-kt=\"PickingTableConfirmAllButton\"]"}
COMMAND: POST /session/f2664590fead15ec17982177271525a3/element - {"using":"xpath","value":"//button[@data-kt=\"PickingTableConfirmAllButton\"]"}
RESULT: {"using":"xpath","value":"//button[@data-kt=\"PickingTableConfirmAllButton\"]"}
COMMAND: POST /session/f2664590fead15ec17982177271525a3/element/f.00969020EDAB38E57A85DBAFB8D2C3DD.d.56673CACC8E29FA34E6540195938EFB2.e.19513/click - {}
COMMAND: POST /session/f2664590fead15ec17982177271525a3/element - {"using":"xpath","value":"//button[@data-kt=\"PickingTableConfirmAllButton\"]"}
RESULT: {"using":"xpath","value":"//button[@data-kt=\"PickingTableConfirmAllButton\"]"}
COMMAND: POST /session/f2664590fead15ec17982177271525a3/element/f.00969020EDAB38E57A85DBAFB8D2C3DD.d.56673CACC8E29FA34E6540195938EFB2.e.19513/click - {}
COMMAND: POST /session/f2664590fead15ec17982177271525a3/element - {"using":"xpath","value":"//button[@data-kt=\"PickingTableConfirmAllButton\"]"}
RESULT: {"using":"xpath","value":"//button[@data-kt=\"PickingTableConfirmAllButton\"]"}
COMMAND: POST /session/f2664590fead15ec17982177271525a3/element/f.00969020EDAB38E57A85DBAFB8D2C3DD.d.56673CACC8E29FA34E6540195938EFB2.e.19534/click - {}
RESULT: {}
COMMAND: GET /session/f2664590fead15ec17982177271525a3/screenshot - {}
RESULT: {}
COMMAND: POST /session/f2664590fead15ec17982177271525a3/element - {"using":"xpath","value":"//bdi[contains(text(), \"OK\")]"}
RESULT: {"using":"xpath","value":"//bdi[contains(text(), \"OK\")]"}
COMMAND: POST /session/f2664590fead15ec17982177271525a3/element/f.00969020EDAB38E57A85DBAFB8D2C3DD.d.56673CACC8E29FA34E6540195938EFB2.e.19537/click - {}
RESULT: {}
COMMAND: GET /session/f2664590fead15ec17982177271525a3/screenshot - {}
RESULT: {}
COMMAND: POST /session/f2664590fead15ec17982177271525a3/element - {"using":"xpath","value":"//bdi[contains(text(), \"Issue\")]"}
RESULT: {"using":"xpath","value":"//bdi[contains(text(), \"Issue\")]"}
COMMAND: POST /session/f2664590fead15ec17982177271525a3/element/f.00969020EDAB38E57A85DBAFB8D2C3DD.d.56673CACC8E29FA34E6540195938EFB2.e.19538/click - {}
RESULT: {}
COMMAND: GET /session/f2664590fead15ec17982177271525a3/screenshot - {}
RESULT: {}
COMMAND: POST /session/f2664590fead15ec17982177271525a3/element - {"using":"css selector","value":"#shell-header-logo"}
RESULT: {"using":"css selector","value":"#shell-header-logo"}
COMMAND: POST /session/f2664590fead15ec17982177271525a3/element/f.00969020EDAB38E57A85DBAFB8D2C3DD.d.56673CACC8E29FA34E6540195938EFB2.e.18643/click - {}
RESULT: {}
COMMAND: GET /session/f2664590fead15ec17982177271525a3/screenshot - {}
RESULT: {}
]]></system-out>
    </testcase>
    <testcase classname="chrome.135_0_7049_115.windows.Create_Reverse_Billing_US127248" name="Should go navigate to Manage Billings and trigger contract calculation check result" time="58.761">
      <system-out><![CDATA[
COMMAND: POST /session/f2664590fead15ec17982177271525a3/execute/async - {"script":"<script> [1562 bytes]","args":[{"selector":{"controlType":"sap.m.GenericTile","properties":{"header":"Manage Billings"}},"wdio_ui5_key":"sapm.GenericTile{\"header\":\"Manage Billings\"}"}]}
RESULT: {"script":"<script> [1562 bytes]","args":[{"selector":{"controlType":"sap.m.GenericTile","properties":{"header":"Manage Billings"}},"wdio_ui5_key":"sapm.GenericTile{\"header\":\"Manage Billings\"}"}]}
RESULT: undefined
COMMAND: POST /session/f2664590fead15ec17982177271525a3/element - {"using":"xpath","value":"//*[@id=\"__tile51\"]"}
RESULT: {"using":"xpath","value":"//*[@id=\"__tile51\"]"}
COMMAND: POST /session/f2664590fead15ec17982177271525a3/element/f.00969020EDAB38E57A85DBAFB8D2C3DD.d.56673CACC8E29FA34E6540195938EFB2.e.16425/click - {}
RESULT: {}
COMMAND: GET /session/f2664590fead15ec17982177271525a3/screenshot - {}
COMMAND: POST /session/f2664590fead15ec17982177271525a3/execute/async - {"script":"<script> [1562 bytes]","args":[{"selector":{"id":"application-managebillings-display-component---billRunCalcResult--smartFilterBar-btnBasicSearch","interaction":{"idSuffix":"I"}},"wdio_ui5_key":"applicationmanagebillings-display-component---billRunCalcResult--smartFilterBar-btnBasicSearch"}]}
RESULT: {}
RESULT: {"script":"<script> [1562 bytes]","args":[{"selector":{"id":"application-managebillings-display-component---billRunCalcResult--smartFilterBar-btnBasicSearch","interaction":{"idSuffix":"I"}},"wdio_ui5_key":"applicationmanagebillings-display-component---billRunCalcResult--smartFilterBar-btnBasicSearch"}]}
RESULT: undefined
COMMAND: POST /session/f2664590fead15ec17982177271525a3/execute/async - {"script":"<script> [776 bytes]","args":[{"enterText":"10624","selector":{"id":"application-managebillings-display-component---billRunCalcResult--smartFilterBar-btnBasicSearch","interaction":{"idSuffix":"I"}},"clearTextFirst":true,"interactionType":"ENTER_TEXT"}]}
RESULT: {"script":"<script> [776 bytes]","args":[{"enterText":"10624","selector":{"id":"application-managebillings-display-component---billRunCalcResult--smartFilterBar-btnBasicSearch","interaction":{"idSuffix":"I"}},"clearTextFirst":true,"interactionType":"ENTER_TEXT"}]}
COMMAND: POST /session/f2664590fead15ec17982177271525a3/actions - {"actions":[{"id":"action71","type":"key","parameters":{},"actions":[{"type":"keyDown","value":"î€‡"},{"type":"pause","duration":10},{"type":"keyUp","value":"î€‡"}]}]}
RESULT: {"actions":[{"id":"action71","type":"key","parameters":{},"actions":[{"type":"keyDown","value":"î€‡"},{"type":"pause","duration":10},{"type":"keyUp","value":"î€‡"}]}]}
COMMAND: GET /session/f2664590fead15ec17982177271525a3/screenshot - {}
RESULT: {}
COMMAND: POST /session/f2664590fead15ec17982177271525a3/element - {"using":"xpath","value":"//td[@aria-colindex=\"1\"]/div/div[contains(@class, \"sapMCbBg\")]"}
RESULT: {"using":"xpath","value":"//td[@aria-colindex=\"1\"]/div/div[contains(@class, \"sapMCbBg\")]"}
COMMAND: POST /session/f2664590fead15ec17982177271525a3/element/f.00969020EDAB38E57A85DBAFB8D2C3DD.d.56673CACC8E29FA34E6540195938EFB2.e.20039/click - {}
RESULT: {}
COMMAND: GET /session/f2664590fead15ec17982177271525a3/screenshot - {}
RESULT: {}
COMMAND: POST /session/f2664590fead15ec17982177271525a3/execute/async - {"script":"<script> [1562 bytes]","args":[{"selector":{"id":"application-managebillings-display-component---billRunCalcResult--contractBillRunDate","interaction":{"idSuffix":"inner"}},"wdio_ui5_key":"applicationmanagebillings-display-component---billRunCalcResult--contractBillRunDate"}]}
RESULT: {"script":"<script> [1562 bytes]","args":[{"selector":{"id":"application-managebillings-display-component---billRunCalcResult--contractBillRunDate","interaction":{"idSuffix":"inner"}},"wdio_ui5_key":"applicationmanagebillings-display-component---billRunCalcResult--contractBillRunDate"}]}
RESULT: undefined
COMMAND: POST /session/f2664590fead15ec17982177271525a3/execute/async - {"script":"<script> [776 bytes]","args":[{"enterText":"06/07/25","selector":{"id":"application-managebillings-display-component---billRunCalcResult--contractBillRunDate","interaction":{"idSuffix":"inner"}},"clearTextFirst":true,"interactionType":"ENTER_TEXT"}]}
RESULT: {"script":"<script> [776 bytes]","args":[{"enterText":"06/07/25","selector":{"id":"application-managebillings-display-component---billRunCalcResult--contractBillRunDate","interaction":{"idSuffix":"inner"}},"clearTextFirst":true,"interactionType":"ENTER_TEXT"}]}
COMMAND: POST /session/f2664590fead15ec17982177271525a3/element - {"using":"xpath","value":"//bdi[contains(text(), \"Trigger Calculation\")]"}
RESULT: {"using":"xpath","value":"//bdi[contains(text(), \"Trigger Calculation\")]"}
COMMAND: POST /session/f2664590fead15ec17982177271525a3/element/f.00969020EDAB38E57A85DBAFB8D2C3DD.d.56673CACC8E29FA34E6540195938EFB2.e.20091/click - {}
RESULT: {}
COMMAND: GET /session/f2664590fead15ec17982177271525a3/screenshot - {}
RESULT: {}
COMMAND: POST /session/f2664590fead15ec17982177271525a3/element - {"using":"xpath","value":"(//span[contains(@id, \"imgNav\")])[1]"}
RESULT: {"using":"xpath","value":"(//span[contains(@id, \"imgNav\")])[1]"}
COMMAND: POST /session/f2664590fead15ec17982177271525a3/element/f.00969020EDAB38E57A85DBAFB8D2C3DD.d.56673CACC8E29FA34E6540195938EFB2.e.20040/click - {}
RESULT: {}
COMMAND: GET /session/f2664590fead15ec17982177271525a3/screenshot - {}
RESULT: {}
COMMAND: POST /session/f2664590fead15ec17982177271525a3/element - {"using":"xpath","value":"//tr/td[6]/div[1]/span[1]/span[1]"}
RESULT: {"using":"xpath","value":"//tr/td[6]/div[1]/span[1]/span[1]"}
COMMAND: GET /session/f2664590fead15ec17982177271525a3/element/f.00969020EDAB38E57A85DBAFB8D2C3DD.d.56673CACC8E29FA34E6540195938EFB2.e.20096/text - {}
RESULT: {}
COMMAND: POST /session/f2664590fead15ec17982177271525a3/element - {"using":"xpath","value":"(//span[contains(@id, \"imgNav\")])[2]"}
RESULT: {"using":"xpath","value":"(//span[contains(@id, \"imgNav\")])[2]"}
COMMAND: POST /session/f2664590fead15ec17982177271525a3/element/f.00969020EDAB38E57A85DBAFB8D2C3DD.d.56673CACC8E29FA34E6540195938EFB2.e.20097/click - {}
RESULT: {}
COMMAND: POST /session/f2664590fead15ec17982177271525a3/element - {"using":"xpath","value":"//bdi[contains(text(), \"Business Confirm\")]"}
COMMAND: GET /session/f2664590fead15ec17982177271525a3/screenshot - {}
RESULT: {"using":"xpath","value":"//bdi[contains(text(), \"Business Confirm\")]"}
COMMAND: POST /session/f2664590fead15ec17982177271525a3/elements - {"using":"xpath","value":"//bdi[contains(text(), \"Business Confirm\")]"}
RESULT: {}
RESULT: {"using":"xpath","value":"//bdi[contains(text(), \"Business Confirm\")]"}
COMMAND: POST /session/f2664590fead15ec17982177271525a3/element - {"using":"xpath","value":"//bdi[contains(text(), \"Business Confirm\")]"}
RESULT: {"using":"xpath","value":"//bdi[contains(text(), \"Business Confirm\")]"}
COMMAND: POST /session/f2664590fead15ec17982177271525a3/element/f.00969020EDAB38E57A85DBAFB8D2C3DD.d.56673CACC8E29FA34E6540195938EFB2.e.20146/click - {}
RESULT: {}
COMMAND: POST /session/f2664590fead15ec17982177271525a3/element - {"using":"css selector","value":"#shell-header-logo"}
COMMAND: GET /session/f2664590fead15ec17982177271525a3/screenshot - {}
RESULT: {"using":"css selector","value":"#shell-header-logo"}
COMMAND: POST /session/f2664590fead15ec17982177271525a3/element/f.00969020EDAB38E57A85DBAFB8D2C3DD.d.56673CACC8E29FA34E6540195938EFB2.e.19831/click - {}
RESULT: {}
RESULT: {}
COMMAND: GET /session/f2664590fead15ec17982177271525a3/screenshot - {}
RESULT: {}
]]></system-out>
    </testcase>
    <testcase classname="chrome.135_0_7049_115.windows.Create_Reverse_Billing_US127248" name="Should go into Billing Transfer and reverse the billing" time="40.662">
      <system-out><![CDATA[
COMMAND: POST /session/f2664590fead15ec17982177271525a3/execute/async - {"script":"<script> [1562 bytes]","args":[{"selector":{"controlType":"sap.m.GenericTile","properties":{"header":"Billing Transfer"}},"wdio_ui5_key":"sapm.GenericTile{\"header\":\"Billing Transfer\"}"}]}
RESULT: {"script":"<script> [1562 bytes]","args":[{"selector":{"controlType":"sap.m.GenericTile","properties":{"header":"Billing Transfer"}},"wdio_ui5_key":"sapm.GenericTile{\"header\":\"Billing Transfer\"}"}]}
RESULT: undefined
COMMAND: POST /session/f2664590fead15ec17982177271525a3/element - {"using":"xpath","value":"//*[@id=\"__tile50\"]"}
RESULT: {"using":"xpath","value":"//*[@id=\"__tile50\"]"}
COMMAND: POST /session/f2664590fead15ec17982177271525a3/element/f.00969020EDAB38E57A85DBAFB8D2C3DD.d.56673CACC8E29FA34E6540195938EFB2.e.16476/click - {}
RESULT: {}
COMMAND: POST /session/f2664590fead15ec17982177271525a3/element - {"using":"xpath","value":"//input[contains(@id ,\"application-billingtransfer-display-component---billingWorkbench--smartFilterBar-btnBasicSearch\")]"}
COMMAND: GET /session/f2664590fead15ec17982177271525a3/screenshot - {}
RESULT: {"using":"xpath","value":"//input[contains(@id ,\"application-billingtransfer-display-component---billingWorkbench--smartFilterBar-btnBasicSearch\")]"}
COMMAND: POST /session/f2664590fead15ec17982177271525a3/elements - {"using":"xpath","value":"//input[contains(@id ,\"application-billingtransfer-display-component---billingWorkbench--smartFilterBar-btnBasicSearch\")]"}
RESULT: {}
RESULT: {"using":"xpath","value":"//input[contains(@id ,\"application-billingtransfer-display-component---billingWorkbench--smartFilterBar-btnBasicSearch\")]"}
COMMAND: POST /session/f2664590fead15ec17982177271525a3/elements - {"using":"xpath","value":"//input[contains(@id ,\"application-billingtransfer-display-component---billingWorkbench--smartFilterBar-btnBasicSearch\")]"}
RESULT: {"using":"xpath","value":"//input[contains(@id ,\"application-billingtransfer-display-component---billingWorkbench--smartFilterBar-btnBasicSearch\")]"}
COMMAND: POST /session/f2664590fead15ec17982177271525a3/element - {"using":"xpath","value":"//input[contains(@id ,\"application-billingtransfer-display-component---billingWorkbench--smartFilterBar-btnBasicSearch\")]"}
RESULT: {"using":"xpath","value":"//input[contains(@id ,\"application-billingtransfer-display-component---billingWorkbench--smartFilterBar-btnBasicSearch\")]"}
COMMAND: POST /session/f2664590fead15ec17982177271525a3/execute/sync - {"script":"<script> [8489 bytes]","args":[{"element-6066-11e4-a52e-4f735466cecf":"f.00969020EDAB38E57A85DBAFB8D2C3DD.d.56673CACC8E29FA34E6540195938EFB2.e.20159","ELEMENT":"f.00969020EDAB38E57A85DBAFB8D2C3DD.d.56673CACC8E29FA34E6540195938EFB2.e.20159"}]}
RESULT: {"script":"<script> [8489 bytes]","args":[{"element-6066-11e4-a52e-4f735466cecf":"f.00969020EDAB38E57A85DBAFB8D2C3DD.d.56673CACC8E29FA34E6540195938EFB2.e.20159","ELEMENT":"f.00969020EDAB38E57A85DBAFB8D2C3DD.d.56673CACC8E29FA34E6540195938EFB2.e.20159"}]}
COMMAND: GET /session/f2664590fead15ec17982177271525a3/element/f.00969020EDAB38E57A85DBAFB8D2C3DD.d.56673CACC8E29FA34E6540195938EFB2.e.20159/enabled - {}
COMMAND: GET /session/f2664590fead15ec17982177271525a3/screenshot - {}
RESULT: {}
COMMAND: POST /session/f2664590fead15ec17982177271525a3/element/f.00969020EDAB38E57A85DBAFB8D2C3DD.d.56673CACC8E29FA34E6540195938EFB2.e.20159/click - {}
COMMAND: GET /session/f2664590fead15ec17982177271525a3/screenshot - {}
RESULT: {}
RESULT: {}
COMMAND: GET /session/f2664590fead15ec17982177271525a3/screenshot - {}
RESULT: {}
RESULT: {}
COMMAND: POST /session/f2664590fead15ec17982177271525a3/element/f.00969020EDAB38E57A85DBAFB8D2C3DD.d.56673CACC8E29FA34E6540195938EFB2.e.20159/clear - {}
RESULT: {}
COMMAND: POST /session/f2664590fead15ec17982177271525a3/element/f.00969020EDAB38E57A85DBAFB8D2C3DD.d.56673CACC8E29FA34E6540195938EFB2.e.20159/value - {"text":"10624"}
COMMAND: GET /session/f2664590fead15ec17982177271525a3/screenshot - {}
RESULT: {"text":"10624"}
COMMAND: POST /session/f2664590fead15ec17982177271525a3/actions - {"actions":[{"id":"action72","type":"key","parameters":{},"actions":[{"type":"keyDown","value":"î€‡"},{"type":"pause","duration":10},{"type":"keyUp","value":"î€‡"}]}]}
COMMAND: GET /session/f2664590fead15ec17982177271525a3/screenshot - {}
RESULT: {}
RESULT: {"actions":[{"id":"action72","type":"key","parameters":{},"actions":[{"type":"keyDown","value":"î€‡"},{"type":"pause","duration":10},{"type":"keyUp","value":"î€‡"}]}]}
COMMAND: GET /session/f2664590fead15ec17982177271525a3/screenshot - {}
RESULT: {}
RESULT: {}
COMMAND: POST /session/f2664590fead15ec17982177271525a3/element - {"using":"xpath","value":"//span[contains(@id ,\"application-billingtransfer-display-component---billingWorkbench--smartTableBillingRuns-header-inner\")]"}
RESULT: {"using":"xpath","value":"//span[contains(@id ,\"application-billingtransfer-display-component---billingWorkbench--smartTableBillingRuns-header-inner\")]"}
COMMAND: POST /session/f2664590fead15ec17982177271525a3/elements - {"using":"xpath","value":"//span[contains(@id ,\"application-billingtransfer-display-component---billingWorkbench--smartTableBillingRuns-header-inner\")]"}
RESULT: {"using":"xpath","value":"//span[contains(@id ,\"application-billingtransfer-display-component---billingWorkbench--smartTableBillingRuns-header-inner\")]"}
COMMAND: POST /session/f2664590fead15ec17982177271525a3/execute/sync - {"script":"<script> [56 bytes]","args":[{"element-6066-11e4-a52e-4f735466cecf":"f.00969020EDAB38E57A85DBAFB8D2C3DD.d.56673CACC8E29FA34E6540195938EFB2.e.20329","ELEMENT":"f.00969020EDAB38E57A85DBAFB8D2C3DD.d.56673CACC8E29FA34E6540195938EFB2.e.20329"}]}
RESULT: {"script":"<script> [56 bytes]","args":[{"element-6066-11e4-a52e-4f735466cecf":"f.00969020EDAB38E57A85DBAFB8D2C3DD.d.56673CACC8E29FA34E6540195938EFB2.e.20329","ELEMENT":"f.00969020EDAB38E57A85DBAFB8D2C3DD.d.56673CACC8E29FA34E6540195938EFB2.e.20329"}]}
COMMAND: POST /session/f2664590fead15ec17982177271525a3/element - {"using":"xpath","value":"//td[@aria-colindex=\"1\"]/div/div[contains(@class, \"sapMCbBg\")]"}
COMMAND: GET /session/f2664590fead15ec17982177271525a3/screenshot - {}
RESULT: {"using":"xpath","value":"//td[@aria-colindex=\"1\"]/div/div[contains(@class, \"sapMCbBg\")]"}
COMMAND: POST /session/f2664590fead15ec17982177271525a3/element/f.00969020EDAB38E57A85DBAFB8D2C3DD.d.56673CACC8E29FA34E6540195938EFB2.e.20320/click - {}
RESULT: {}
RESULT: {}
COMMAND: GET /session/f2664590fead15ec17982177271525a3/screenshot - {}
RESULT: {}
COMMAND: POST /session/f2664590fead15ec17982177271525a3/element - {"using":"xpath","value":"//bdi[contains(text(), \"Reverse\")]"}
RESULT: {"using":"xpath","value":"//bdi[contains(text(), \"Reverse\")]"}
COMMAND: POST /session/f2664590fead15ec17982177271525a3/element/f.00969020EDAB38E57A85DBAFB8D2C3DD.d.56673CACC8E29FA34E6540195938EFB2.e.20330/click - {}
RESULT: {}
COMMAND: GET /session/f2664590fead15ec17982177271525a3/screenshot - {}
RESULT: {}
COMMAND: POST /session/f2664590fead15ec17982177271525a3/element - {"using":"xpath","value":"//input[contains(@id ,\"application-billingtransfer-display-component---billingWorkbench--smartFilterBar-btnBasicSearch\")]"}
RESULT: {"using":"xpath","value":"//input[contains(@id ,\"application-billingtransfer-display-component---billingWorkbench--smartFilterBar-btnBasicSearch\")]"}
COMMAND: POST /session/f2664590fead15ec17982177271525a3/elements - {"using":"xpath","value":"//input[contains(@id ,\"application-billingtransfer-display-component---billingWorkbench--smartFilterBar-btnBasicSearch\")]"}
RESULT: {"using":"xpath","value":"//input[contains(@id ,\"application-billingtransfer-display-component---billingWorkbench--smartFilterBar-btnBasicSearch\")]"}
COMMAND: POST /session/f2664590fead15ec17982177271525a3/execute/sync - {"script":"<script> [8489 bytes]","args":[{"element-6066-11e4-a52e-4f735466cecf":"f.00969020EDAB38E57A85DBAFB8D2C3DD.d.56673CACC8E29FA34E6540195938EFB2.e.20159","ELEMENT":"f.00969020EDAB38E57A85DBAFB8D2C3DD.d.56673CACC8E29FA34E6540195938EFB2.e.20159"}]}
RESULT: {"script":"<script> [8489 bytes]","args":[{"element-6066-11e4-a52e-4f735466cecf":"f.00969020EDAB38E57A85DBAFB8D2C3DD.d.56673CACC8E29FA34E6540195938EFB2.e.20159","ELEMENT":"f.00969020EDAB38E57A85DBAFB8D2C3DD.d.56673CACC8E29FA34E6540195938EFB2.e.20159"}]}
COMMAND: GET /session/f2664590fead15ec17982177271525a3/element/f.00969020EDAB38E57A85DBAFB8D2C3DD.d.56673CACC8E29FA34E6540195938EFB2.e.20159/enabled - {}
COMMAND: GET /session/f2664590fead15ec17982177271525a3/screenshot - {}
RESULT: {}
COMMAND: POST /session/f2664590fead15ec17982177271525a3/element/f.00969020EDAB38E57A85DBAFB8D2C3DD.d.56673CACC8E29FA34E6540195938EFB2.e.20159/click - {}
COMMAND: GET /session/f2664590fead15ec17982177271525a3/screenshot - {}
RESULT: {}
RESULT: {}
COMMAND: GET /session/f2664590fead15ec17982177271525a3/screenshot - {}
RESULT: {}
RESULT: {}
COMMAND: POST /session/f2664590fead15ec17982177271525a3/element/f.00969020EDAB38E57A85DBAFB8D2C3DD.d.56673CACC8E29FA34E6540195938EFB2.e.20159/clear - {}
RESULT: {}
COMMAND: POST /session/f2664590fead15ec17982177271525a3/element/f.00969020EDAB38E57A85DBAFB8D2C3DD.d.56673CACC8E29FA34E6540195938EFB2.e.20159/value - {"text":"10624"}
COMMAND: GET /session/f2664590fead15ec17982177271525a3/screenshot - {}
RESULT: {"text":"10624"}
COMMAND: POST /session/f2664590fead15ec17982177271525a3/actions - {"actions":[{"id":"action73","type":"key","parameters":{},"actions":[{"type":"keyDown","value":"î€‡"},{"type":"pause","duration":10},{"type":"keyUp","value":"î€‡"}]}]}
COMMAND: GET /session/f2664590fead15ec17982177271525a3/screenshot - {}
RESULT: {}
RESULT: {"actions":[{"id":"action73","type":"key","parameters":{},"actions":[{"type":"keyDown","value":"î€‡"},{"type":"pause","duration":10},{"type":"keyUp","value":"î€‡"}]}]}
COMMAND: GET /session/f2664590fead15ec17982177271525a3/screenshot - {}
RESULT: {}
RESULT: {}
COMMAND: POST /session/f2664590fead15ec17982177271525a3/element - {"using":"xpath","value":"//span[contains(@id ,\"application-billingtransfer-display-component---billingWorkbench--smartTableBillingRuns-header-inner\")]"}
RESULT: {"using":"xpath","value":"//span[contains(@id ,\"application-billingtransfer-display-component---billingWorkbench--smartTableBillingRuns-header-inner\")]"}
COMMAND: POST /session/f2664590fead15ec17982177271525a3/elements - {"using":"xpath","value":"//span[contains(@id ,\"application-billingtransfer-display-component---billingWorkbench--smartTableBillingRuns-header-inner\")]"}
RESULT: {"using":"xpath","value":"//span[contains(@id ,\"application-billingtransfer-display-component---billingWorkbench--smartTableBillingRuns-header-inner\")]"}
COMMAND: POST /session/f2664590fead15ec17982177271525a3/execute/sync - {"script":"<script> [56 bytes]","args":[{"element-6066-11e4-a52e-4f735466cecf":"f.00969020EDAB38E57A85DBAFB8D2C3DD.d.56673CACC8E29FA34E6540195938EFB2.e.20329","ELEMENT":"f.00969020EDAB38E57A85DBAFB8D2C3DD.d.56673CACC8E29FA34E6540195938EFB2.e.20329"}]}
RESULT: {"script":"<script> [56 bytes]","args":[{"element-6066-11e4-a52e-4f735466cecf":"f.00969020EDAB38E57A85DBAFB8D2C3DD.d.56673CACC8E29FA34E6540195938EFB2.e.20329","ELEMENT":"f.00969020EDAB38E57A85DBAFB8D2C3DD.d.56673CACC8E29FA34E6540195938EFB2.e.20329"}]}
COMMAND: POST /session/f2664590fead15ec17982177271525a3/element - {"using":"css selector","value":"#shell-header-logo"}
COMMAND: GET /session/f2664590fead15ec17982177271525a3/screenshot - {}
RESULT: {"using":"css selector","value":"#shell-header-logo"}
COMMAND: POST /session/f2664590fead15ec17982177271525a3/element/f.00969020EDAB38E57A85DBAFB8D2C3DD.d.56673CACC8E29FA34E6540195938EFB2.e.20156/click - {}
RESULT: {}
RESULT: {}
COMMAND: GET /session/f2664590fead15ec17982177271525a3/screenshot - {}
RESULT: {}
COMMAND: DELETE /session/f2664590fead15ec17982177271525a3 - {}
RESULT: {}
]]></system-out>
    </testcase>
  </testsuite>
</testsuites>