<?xml version="1.0" encoding="UTF-8"?>
<testsuites tests="21" failures="0" errors="0" skipped="0">
  <testsuite timestamp="2025-04-21T15:59:24" time="86.47" tests="16" failures="0" errors="0" skipped="0">
    <properties>
      <property name="specId" value="0"/>
      <property name="suiteName" value="Configure System - Interfaces US132253"/>
      <property name="capabilities" value="chrome.135_0_7049_42.windows"/>
      <property name="file" value="file:///D:/a/1/s/test/specs/TECH/configure-system-endpoints.spec.js"/>
    </properties>
    <testcase classname="chrome.135_0_7049_42.windows.Configure_System_-_Interfaces_US132253" name="System should have default destination system setted to S4HP" time="35.468">
      <system-out><![CDATA[
COMMAND: POST /session/fd053d550c784e9c918a4cba5cdcce89/execute/async - {"script":"<script> [1562 bytes]","args":[{"selector":{"controlType":"sap.m.Text","viewName":"etm.portal.ui.configuresystem.view.Master","properties":{"text":"1 table filter active: Type"}},"wdio_ui5_key":"etmportal.ui.configuresystem.view.Mastersap.m.Text{\"text\":\"1 table filter active: Type\"}"}]}
RESULT: {"script":"<script> [1562 bytes]","args":[{"selector":{"controlType":"sap.m.Text","viewName":"etm.portal.ui.configuresystem.view.Master","properties":{"text":"1 table filter active: Type"}},"wdio_ui5_key":"etmportal.ui.configuresystem.view.Mastersap.m.Text{\"text\":\"1 table filter active: Type\"}"}]}
RESULT: undefined
COMMAND: POST /session/fd053d550c784e9c918a4cba5cdcce89/execute/async - {"script":"<script> [1562 bytes]","args":[{"selector":{"controlType":"sap.m.Text","viewName":"etm.portal.ui.configuresystem.view.Master","properties":{"text":"S12_S4HC"}},"wdio_ui5_key":"etmportal.ui.configuresystem.view.Mastersap.m.Text{\"text\":\"S12_S4HC\"}"}]}
RESULT: {"script":"<script> [1562 bytes]","args":[{"selector":{"controlType":"sap.m.Text","viewName":"etm.portal.ui.configuresystem.view.Master","properties":{"text":"S12_S4HC"}},"wdio_ui5_key":"etmportal.ui.configuresystem.view.Mastersap.m.Text{\"text\":\"S12_S4HC\"}"}]}
RESULT: undefined
COMMAND: POST /session/fd053d550c784e9c918a4cba5cdcce89/execute/async - {"script":"<script> [6424 bytes]","args":[{"element-6066-11e4-a52e-4f735466cecf":"f.F8295049C2BDFA251CF0B02042C68739.d.19D3003F0715BFB5D4CF3D0C157CDD08.e.146"},"getText",[]]}
RESULT: {"script":"<script> [6424 bytes]","args":[{"element-6066-11e4-a52e-4f735466cecf":"f.F8295049C2BDFA251CF0B02042C68739.d.19D3003F0715BFB5D4CF3D0C157CDD08.e.146"},"getText",[]]}
COMMAND: POST /session/fd053d550c784e9c918a4cba5cdcce89/execute/async - {"script":"<script> [1562 bytes]","args":[{"selector":{"controlType":"sap.m.Button","viewName":"etm.portal.ui.configuresystem.view.Master","properties":{"text":"Endpoints"},"interaction":{"idSuffix":"BDI-content"}},"wdio_ui5_key":"etmportal.ui.configuresystem.view.Mastersap.m.Button{\"text\":\"Endpoints\"}"}]}
RESULT: {"script":"<script> [1562 bytes]","args":[{"selector":{"controlType":"sap.m.Button","viewName":"etm.portal.ui.configuresystem.view.Master","properties":{"text":"Endpoints"},"interaction":{"idSuffix":"BDI-content"}},"wdio_ui5_key":"etmportal.ui.configuresystem.view.Mastersap.m.Button{\"text\":\"Endpoints\"}"}]}
RESULT: undefined
COMMAND: POST /session/fd053d550c784e9c918a4cba5cdcce89/element - {"using":"xpath","value":"//*[@id=\"__xmlview58--ObjectPageLayout-anchBar-__xmlview58--endpointsSection-anchor\"]"}
RESULT: {"using":"xpath","value":"//*[@id=\"__xmlview58--ObjectPageLayout-anchBar-__xmlview58--endpointsSection-anchor\"]"}
COMMAND: POST /session/fd053d550c784e9c918a4cba5cdcce89/element/f.F8295049C2BDFA251CF0B02042C68739.d.19D3003F0715BFB5D4CF3D0C157CDD08.e.148/click - {}
RESULT: {}
]]></system-out>
    </testcase>
    <testcase classname="chrome.135_0_7049_42.windows.Configure_System_-_Interfaces_US132253" name="Validate Asset endpoint connection status to Success" time="5.898">
      <system-out><![CDATA[
COMMAND: POST /session/fd053d550c784e9c918a4cba5cdcce89/execute/async - {"script":"<script> [1562 bytes]","args":[{"selector":{"controlType":"sap.m.Button","viewName":"etm.portal.ui.configuresystem.view.Master","bindingPath":{"path":"/EndpointsWithStatus('Asset')","propertyPath":"STATUS_TEXT"},"interaction":{"idSuffix":"BDI-content"}},"wdio_ui5_key":"etmportal.ui.configuresystem.view.Mastersap.m.Button{\"path\":\"/EndpointsWithStatus('Asset')\",\"propertyPath\":\"STATUS_TEXT\"}"}]}
COMMAND: GET /session/fd053d550c784e9c918a4cba5cdcce89/screenshot - {}
RESULT: {"script":"<script> [1562 bytes]","args":[{"selector":{"controlType":"sap.m.Button","viewName":"etm.portal.ui.configuresystem.view.Master","bindingPath":{"path":"/EndpointsWithStatus('Asset')","propertyPath":"STATUS_TEXT"},"interaction":{"idSuffix":"BDI-content"}},"wdio_ui5_key":"etmportal.ui.configuresystem.view.Mastersap.m.Button{\"path\":\"/EndpointsWithStatus('Asset')\",\"propertyPath\":\"STATUS_TEXT\"}"}]}
RESULT: undefined
COMMAND: POST /session/fd053d550c784e9c918a4cba5cdcce89/execute/async - {"script":"<script> [6424 bytes]","args":[{"element-6066-11e4-a52e-4f735466cecf":"f.F8295049C2BDFA251CF0B02042C68739.d.19D3003F0715BFB5D4CF3D0C157CDD08.e.211"},"getText",[]]}
RESULT: {}
RESULT: {"script":"<script> [6424 bytes]","args":[{"element-6066-11e4-a52e-4f735466cecf":"f.F8295049C2BDFA251CF0B02042C68739.d.19D3003F0715BFB5D4CF3D0C157CDD08.e.211"},"getText",[]]}
]]></system-out>
    </testcase>
    <testcase classname="chrome.135_0_7049_42.windows.Configure_System_-_Interfaces_US132253" name="Validate Equipment endpoint connection status to Success" time="1.059">
      <system-out><![CDATA[
COMMAND: POST /session/fd053d550c784e9c918a4cba5cdcce89/execute/async - {"script":"<script> [1562 bytes]","args":[{"selector":{"controlType":"sap.m.Button","viewName":"etm.portal.ui.configuresystem.view.Master","bindingPath":{"path":"/EndpointsWithStatus('Equipment')","propertyPath":"STATUS_TEXT"},"interaction":{"idSuffix":"BDI-content"}},"wdio_ui5_key":"etmportal.ui.configuresystem.view.Mastersap.m.Button{\"path\":\"/EndpointsWithStatus('Equipment')\",\"propertyPath\":\"STATUS_TEXT\"}"}]}
RESULT: {"script":"<script> [1562 bytes]","args":[{"selector":{"controlType":"sap.m.Button","viewName":"etm.portal.ui.configuresystem.view.Master","bindingPath":{"path":"/EndpointsWithStatus('Equipment')","propertyPath":"STATUS_TEXT"},"interaction":{"idSuffix":"BDI-content"}},"wdio_ui5_key":"etmportal.ui.configuresystem.view.Mastersap.m.Button{\"path\":\"/EndpointsWithStatus('Equipment')\",\"propertyPath\":\"STATUS_TEXT\"}"}]}
RESULT: undefined
COMMAND: POST /session/fd053d550c784e9c918a4cba5cdcce89/execute/async - {"script":"<script> [6424 bytes]","args":[{"element-6066-11e4-a52e-4f735466cecf":"f.F8295049C2BDFA251CF0B02042C68739.d.19D3003F0715BFB5D4CF3D0C157CDD08.e.212"},"getText",[]]}
RESULT: {"script":"<script> [6424 bytes]","args":[{"element-6066-11e4-a52e-4f735466cecf":"f.F8295049C2BDFA251CF0B02042C68739.d.19D3003F0715BFB5D4CF3D0C157CDD08.e.212"},"getText",[]]}
]]></system-out>
    </testcase>
    <testcase classname="chrome.135_0_7049_42.windows.Configure_System_-_Interfaces_US132253" name="Validate BillingAndGoodsMvmt endpoint connection status to Success" time="1.208">
      <system-out><![CDATA[
COMMAND: POST /session/fd053d550c784e9c918a4cba5cdcce89/execute/async - {"script":"<script> [1562 bytes]","args":[{"selector":{"controlType":"sap.m.Button","viewName":"etm.portal.ui.configuresystem.view.Master","bindingPath":{"path":"/EndpointsWithStatus('BillingAndGoodsMvmt')","propertyPath":"STATUS_TEXT"},"interaction":{"idSuffix":"BDI-content"}},"wdio_ui5_key":"etmportal.ui.configuresystem.view.Mastersap.m.Button{\"path\":\"/EndpointsWithStatus('BillingAndGoodsMvmt')\",\"propertyPath\":\"STATUS_TEXT\"}"}]}
RESULT: {"script":"<script> [1562 bytes]","args":[{"selector":{"controlType":"sap.m.Button","viewName":"etm.portal.ui.configuresystem.view.Master","bindingPath":{"path":"/EndpointsWithStatus('BillingAndGoodsMvmt')","propertyPath":"STATUS_TEXT"},"interaction":{"idSuffix":"BDI-content"}},"wdio_ui5_key":"etmportal.ui.configuresystem.view.Mastersap.m.Button{\"path\":\"/EndpointsWithStatus('BillingAndGoodsMvmt')\",\"propertyPath\":\"STATUS_TEXT\"}"}]}
RESULT: undefined
COMMAND: POST /session/fd053d550c784e9c918a4cba5cdcce89/execute/async - {"script":"<script> [6424 bytes]","args":[{"element-6066-11e4-a52e-4f735466cecf":"f.F8295049C2BDFA251CF0B02042C68739.d.19D3003F0715BFB5D4CF3D0C157CDD08.e.213"},"getText",[]]}
RESULT: {"script":"<script> [6424 bytes]","args":[{"element-6066-11e4-a52e-4f735466cecf":"f.F8295049C2BDFA251CF0B02042C68739.d.19D3003F0715BFB5D4CF3D0C157CDD08.e.213"},"getText",[]]}
]]></system-out>
    </testcase>
    <testcase classname="chrome.135_0_7049_42.windows.Configure_System_-_Interfaces_US132253" name="Validate CompanyCode endpoint connection status to Success" time="1.088">
      <system-out><![CDATA[
COMMAND: POST /session/fd053d550c784e9c918a4cba5cdcce89/execute/async - {"script":"<script> [1562 bytes]","args":[{"selector":{"controlType":"sap.m.Button","viewName":"etm.portal.ui.configuresystem.view.Master","bindingPath":{"path":"/EndpointsWithStatus('CompanyCode')","propertyPath":"STATUS_TEXT"},"interaction":{"idSuffix":"BDI-content"}},"wdio_ui5_key":"etmportal.ui.configuresystem.view.Mastersap.m.Button{\"path\":\"/EndpointsWithStatus('CompanyCode')\",\"propertyPath\":\"STATUS_TEXT\"}"}]}
RESULT: {"script":"<script> [1562 bytes]","args":[{"selector":{"controlType":"sap.m.Button","viewName":"etm.portal.ui.configuresystem.view.Master","bindingPath":{"path":"/EndpointsWithStatus('CompanyCode')","propertyPath":"STATUS_TEXT"},"interaction":{"idSuffix":"BDI-content"}},"wdio_ui5_key":"etmportal.ui.configuresystem.view.Mastersap.m.Button{\"path\":\"/EndpointsWithStatus('CompanyCode')\",\"propertyPath\":\"STATUS_TEXT\"}"}]}
RESULT: undefined
COMMAND: POST /session/fd053d550c784e9c918a4cba5cdcce89/execute/async - {"script":"<script> [6424 bytes]","args":[{"element-6066-11e4-a52e-4f735466cecf":"f.F8295049C2BDFA251CF0B02042C68739.d.19D3003F0715BFB5D4CF3D0C157CDD08.e.214"},"getText",[]]}
RESULT: {"script":"<script> [6424 bytes]","args":[{"element-6066-11e4-a52e-4f735466cecf":"f.F8295049C2BDFA251CF0B02042C68739.d.19D3003F0715BFB5D4CF3D0C157CDD08.e.214"},"getText",[]]}
]]></system-out>
    </testcase>
    <testcase classname="chrome.135_0_7049_42.windows.Configure_System_-_Interfaces_US132253" name="Validate CostCenter endpoint connection status to Success" time="1.061">
      <system-out><![CDATA[
COMMAND: POST /session/fd053d550c784e9c918a4cba5cdcce89/execute/async - {"script":"<script> [1562 bytes]","args":[{"selector":{"controlType":"sap.m.Button","viewName":"etm.portal.ui.configuresystem.view.Master","bindingPath":{"path":"/EndpointsWithStatus('CostCenter')","propertyPath":"STATUS_TEXT"},"interaction":{"idSuffix":"BDI-content"}},"wdio_ui5_key":"etmportal.ui.configuresystem.view.Mastersap.m.Button{\"path\":\"/EndpointsWithStatus('CostCenter')\",\"propertyPath\":\"STATUS_TEXT\"}"}]}
RESULT: {"script":"<script> [1562 bytes]","args":[{"selector":{"controlType":"sap.m.Button","viewName":"etm.portal.ui.configuresystem.view.Master","bindingPath":{"path":"/EndpointsWithStatus('CostCenter')","propertyPath":"STATUS_TEXT"},"interaction":{"idSuffix":"BDI-content"}},"wdio_ui5_key":"etmportal.ui.configuresystem.view.Mastersap.m.Button{\"path\":\"/EndpointsWithStatus('CostCenter')\",\"propertyPath\":\"STATUS_TEXT\"}"}]}
RESULT: undefined
COMMAND: POST /session/fd053d550c784e9c918a4cba5cdcce89/execute/async - {"script":"<script> [6424 bytes]","args":[{"element-6066-11e4-a52e-4f735466cecf":"f.F8295049C2BDFA251CF0B02042C68739.d.19D3003F0715BFB5D4CF3D0C157CDD08.e.215"},"getText",[]]}
RESULT: {"script":"<script> [6424 bytes]","args":[{"element-6066-11e4-a52e-4f735466cecf":"f.F8295049C2BDFA251CF0B02042C68739.d.19D3003F0715BFB5D4CF3D0C157CDD08.e.215"},"getText",[]]}
]]></system-out>
    </testcase>
    <testcase classname="chrome.135_0_7049_42.windows.Configure_System_-_Interfaces_US132253" name="Validate ExternalCustomer endpoint connection status to Success" time="1.076">
      <system-out><![CDATA[
COMMAND: POST /session/fd053d550c784e9c918a4cba5cdcce89/execute/async - {"script":"<script> [1562 bytes]","args":[{"selector":{"controlType":"sap.m.Button","viewName":"etm.portal.ui.configuresystem.view.Master","bindingPath":{"path":"/EndpointsWithStatus('ExternalCustomer')","propertyPath":"STATUS_TEXT"},"interaction":{"idSuffix":"BDI-content"}},"wdio_ui5_key":"etmportal.ui.configuresystem.view.Mastersap.m.Button{\"path\":\"/EndpointsWithStatus('ExternalCustomer')\",\"propertyPath\":\"STATUS_TEXT\"}"}]}
RESULT: {"script":"<script> [1562 bytes]","args":[{"selector":{"controlType":"sap.m.Button","viewName":"etm.portal.ui.configuresystem.view.Master","bindingPath":{"path":"/EndpointsWithStatus('ExternalCustomer')","propertyPath":"STATUS_TEXT"},"interaction":{"idSuffix":"BDI-content"}},"wdio_ui5_key":"etmportal.ui.configuresystem.view.Mastersap.m.Button{\"path\":\"/EndpointsWithStatus('ExternalCustomer')\",\"propertyPath\":\"STATUS_TEXT\"}"}]}
RESULT: undefined
COMMAND: POST /session/fd053d550c784e9c918a4cba5cdcce89/execute/async - {"script":"<script> [6424 bytes]","args":[{"element-6066-11e4-a52e-4f735466cecf":"f.F8295049C2BDFA251CF0B02042C68739.d.19D3003F0715BFB5D4CF3D0C157CDD08.e.216"},"getText",[]]}
RESULT: {"script":"<script> [6424 bytes]","args":[{"element-6066-11e4-a52e-4f735466cecf":"f.F8295049C2BDFA251CF0B02042C68739.d.19D3003F0715BFB5D4CF3D0C157CDD08.e.216"},"getText",[]]}
]]></system-out>
    </testcase>
    <testcase classname="chrome.135_0_7049_42.windows.Configure_System_-_Interfaces_US132253" name="Validate InternalOrder endpoint connection status to Success" time="1.11">
      <system-out><![CDATA[
COMMAND: POST /session/fd053d550c784e9c918a4cba5cdcce89/execute/async - {"script":"<script> [1562 bytes]","args":[{"selector":{"controlType":"sap.m.Button","viewName":"etm.portal.ui.configuresystem.view.Master","bindingPath":{"path":"/EndpointsWithStatus('InternalOrder')","propertyPath":"STATUS_TEXT"},"interaction":{"idSuffix":"BDI-content"}},"wdio_ui5_key":"etmportal.ui.configuresystem.view.Mastersap.m.Button{\"path\":\"/EndpointsWithStatus('InternalOrder')\",\"propertyPath\":\"STATUS_TEXT\"}"}]}
RESULT: {"script":"<script> [1562 bytes]","args":[{"selector":{"controlType":"sap.m.Button","viewName":"etm.portal.ui.configuresystem.view.Master","bindingPath":{"path":"/EndpointsWithStatus('InternalOrder')","propertyPath":"STATUS_TEXT"},"interaction":{"idSuffix":"BDI-content"}},"wdio_ui5_key":"etmportal.ui.configuresystem.view.Mastersap.m.Button{\"path\":\"/EndpointsWithStatus('InternalOrder')\",\"propertyPath\":\"STATUS_TEXT\"}"}]}
RESULT: undefined
COMMAND: POST /session/fd053d550c784e9c918a4cba5cdcce89/execute/async - {"script":"<script> [6424 bytes]","args":[{"element-6066-11e4-a52e-4f735466cecf":"f.F8295049C2BDFA251CF0B02042C68739.d.19D3003F0715BFB5D4CF3D0C157CDD08.e.217"},"getText",[]]}
RESULT: {"script":"<script> [6424 bytes]","args":[{"element-6066-11e4-a52e-4f735466cecf":"f.F8295049C2BDFA251CF0B02042C68739.d.19D3003F0715BFB5D4CF3D0C157CDD08.e.217"},"getText",[]]}
]]></system-out>
    </testcase>
    <testcase classname="chrome.135_0_7049_42.windows.Configure_System_-_Interfaces_US132253" name="Validate MaintenanceOrder endpoint connection status to Success" time="1.211">
      <system-out><![CDATA[
COMMAND: POST /session/fd053d550c784e9c918a4cba5cdcce89/execute/async - {"script":"<script> [1562 bytes]","args":[{"selector":{"controlType":"sap.m.Button","viewName":"etm.portal.ui.configuresystem.view.Master","bindingPath":{"path":"/EndpointsWithStatus('MaintenanceOrder')","propertyPath":"STATUS_TEXT"},"interaction":{"idSuffix":"BDI-content"}},"wdio_ui5_key":"etmportal.ui.configuresystem.view.Mastersap.m.Button{\"path\":\"/EndpointsWithStatus('MaintenanceOrder')\",\"propertyPath\":\"STATUS_TEXT\"}"}]}
RESULT: {"script":"<script> [1562 bytes]","args":[{"selector":{"controlType":"sap.m.Button","viewName":"etm.portal.ui.configuresystem.view.Master","bindingPath":{"path":"/EndpointsWithStatus('MaintenanceOrder')","propertyPath":"STATUS_TEXT"},"interaction":{"idSuffix":"BDI-content"}},"wdio_ui5_key":"etmportal.ui.configuresystem.view.Mastersap.m.Button{\"path\":\"/EndpointsWithStatus('MaintenanceOrder')\",\"propertyPath\":\"STATUS_TEXT\"}"}]}
RESULT: undefined
COMMAND: POST /session/fd053d550c784e9c918a4cba5cdcce89/execute/async - {"script":"<script> [6424 bytes]","args":[{"element-6066-11e4-a52e-4f735466cecf":"f.F8295049C2BDFA251CF0B02042C68739.d.19D3003F0715BFB5D4CF3D0C157CDD08.e.218"},"getText",[]]}
RESULT: {"script":"<script> [6424 bytes]","args":[{"element-6066-11e4-a52e-4f735466cecf":"f.F8295049C2BDFA251CF0B02042C68739.d.19D3003F0715BFB5D4CF3D0C157CDD08.e.218"},"getText",[]]}
]]></system-out>
    </testcase>
    <testcase classname="chrome.135_0_7049_42.windows.Configure_System_-_Interfaces_US132253" name="Validate Material endpoint connection status to Success" time="1.088">
      <system-out><![CDATA[
COMMAND: POST /session/fd053d550c784e9c918a4cba5cdcce89/execute/async - {"script":"<script> [1562 bytes]","args":[{"selector":{"controlType":"sap.m.Button","viewName":"etm.portal.ui.configuresystem.view.Master","bindingPath":{"path":"/EndpointsWithStatus('Material')","propertyPath":"STATUS_TEXT"},"interaction":{"idSuffix":"BDI-content"}},"wdio_ui5_key":"etmportal.ui.configuresystem.view.Mastersap.m.Button{\"path\":\"/EndpointsWithStatus('Material')\",\"propertyPath\":\"STATUS_TEXT\"}"}]}
RESULT: {"script":"<script> [1562 bytes]","args":[{"selector":{"controlType":"sap.m.Button","viewName":"etm.portal.ui.configuresystem.view.Master","bindingPath":{"path":"/EndpointsWithStatus('Material')","propertyPath":"STATUS_TEXT"},"interaction":{"idSuffix":"BDI-content"}},"wdio_ui5_key":"etmportal.ui.configuresystem.view.Mastersap.m.Button{\"path\":\"/EndpointsWithStatus('Material')\",\"propertyPath\":\"STATUS_TEXT\"}"}]}
RESULT: undefined
COMMAND: POST /session/fd053d550c784e9c918a4cba5cdcce89/execute/async - {"script":"<script> [6424 bytes]","args":[{"element-6066-11e4-a52e-4f735466cecf":"f.F8295049C2BDFA251CF0B02042C68739.d.19D3003F0715BFB5D4CF3D0C157CDD08.e.219"},"getText",[]]}
RESULT: {"script":"<script> [6424 bytes]","args":[{"element-6066-11e4-a52e-4f735466cecf":"f.F8295049C2BDFA251CF0B02042C68739.d.19D3003F0715BFB5D4CF3D0C157CDD08.e.219"},"getText",[]]}
]]></system-out>
    </testcase>
    <testcase classname="chrome.135_0_7049_42.windows.Configure_System_-_Interfaces_US132253" name="Validate MeasuringPoint endpoint connection status to Success" time="1.069">
      <system-out><![CDATA[
COMMAND: POST /session/fd053d550c784e9c918a4cba5cdcce89/execute/async - {"script":"<script> [1562 bytes]","args":[{"selector":{"controlType":"sap.m.Button","viewName":"etm.portal.ui.configuresystem.view.Master","bindingPath":{"path":"/EndpointsWithStatus('MeasuringPoint')","propertyPath":"STATUS_TEXT"},"interaction":{"idSuffix":"BDI-content"}},"wdio_ui5_key":"etmportal.ui.configuresystem.view.Mastersap.m.Button{\"path\":\"/EndpointsWithStatus('MeasuringPoint')\",\"propertyPath\":\"STATUS_TEXT\"}"}]}
RESULT: {"script":"<script> [1562 bytes]","args":[{"selector":{"controlType":"sap.m.Button","viewName":"etm.portal.ui.configuresystem.view.Master","bindingPath":{"path":"/EndpointsWithStatus('MeasuringPoint')","propertyPath":"STATUS_TEXT"},"interaction":{"idSuffix":"BDI-content"}},"wdio_ui5_key":"etmportal.ui.configuresystem.view.Mastersap.m.Button{\"path\":\"/EndpointsWithStatus('MeasuringPoint')\",\"propertyPath\":\"STATUS_TEXT\"}"}]}
RESULT: undefined
COMMAND: POST /session/fd053d550c784e9c918a4cba5cdcce89/execute/async - {"script":"<script> [6424 bytes]","args":[{"element-6066-11e4-a52e-4f735466cecf":"f.F8295049C2BDFA251CF0B02042C68739.d.19D3003F0715BFB5D4CF3D0C157CDD08.e.220"},"getText",[]]}
RESULT: {"script":"<script> [6424 bytes]","args":[{"element-6066-11e4-a52e-4f735466cecf":"f.F8295049C2BDFA251CF0B02042C68739.d.19D3003F0715BFB5D4CF3D0C157CDD08.e.220"},"getText",[]]}
]]></system-out>
    </testcase>
    <testcase classname="chrome.135_0_7049_42.windows.Configure_System_-_Interfaces_US132253" name="Validate OutboundDelivery endpoint connection status to Success" time="1.27">
      <system-out><![CDATA[
COMMAND: POST /session/fd053d550c784e9c918a4cba5cdcce89/execute/async - {"script":"<script> [1562 bytes]","args":[{"selector":{"controlType":"sap.m.Button","viewName":"etm.portal.ui.configuresystem.view.Master","bindingPath":{"path":"/EndpointsWithStatus('OutboundDelivery')","propertyPath":"STATUS_TEXT"},"interaction":{"idSuffix":"BDI-content"}},"wdio_ui5_key":"etmportal.ui.configuresystem.view.Mastersap.m.Button{\"path\":\"/EndpointsWithStatus('OutboundDelivery')\",\"propertyPath\":\"STATUS_TEXT\"}"}]}
RESULT: {"script":"<script> [1562 bytes]","args":[{"selector":{"controlType":"sap.m.Button","viewName":"etm.portal.ui.configuresystem.view.Master","bindingPath":{"path":"/EndpointsWithStatus('OutboundDelivery')","propertyPath":"STATUS_TEXT"},"interaction":{"idSuffix":"BDI-content"}},"wdio_ui5_key":"etmportal.ui.configuresystem.view.Mastersap.m.Button{\"path\":\"/EndpointsWithStatus('OutboundDelivery')\",\"propertyPath\":\"STATUS_TEXT\"}"}]}
RESULT: undefined
COMMAND: POST /session/fd053d550c784e9c918a4cba5cdcce89/execute/async - {"script":"<script> [6424 bytes]","args":[{"element-6066-11e4-a52e-4f735466cecf":"f.F8295049C2BDFA251CF0B02042C68739.d.19D3003F0715BFB5D4CF3D0C157CDD08.e.221"},"getText",[]]}
RESULT: {"script":"<script> [6424 bytes]","args":[{"element-6066-11e4-a52e-4f735466cecf":"f.F8295049C2BDFA251CF0B02042C68739.d.19D3003F0715BFB5D4CF3D0C157CDD08.e.221"},"getText",[]]}
]]></system-out>
    </testcase>
    <testcase classname="chrome.135_0_7049_42.windows.Configure_System_-_Interfaces_US132253" name="Validate PurchaseRequisition endpoint connection status to Success" time="1.406">
      <system-out><![CDATA[
COMMAND: POST /session/fd053d550c784e9c918a4cba5cdcce89/execute/async - {"script":"<script> [1562 bytes]","args":[{"selector":{"controlType":"sap.m.Button","viewName":"etm.portal.ui.configuresystem.view.Master","bindingPath":{"path":"/EndpointsWithStatus('PurchaseRequisition')","propertyPath":"STATUS_TEXT"},"interaction":{"idSuffix":"BDI-content"}},"wdio_ui5_key":"etmportal.ui.configuresystem.view.Mastersap.m.Button{\"path\":\"/EndpointsWithStatus('PurchaseRequisition')\",\"propertyPath\":\"STATUS_TEXT\"}"}]}
RESULT: {"script":"<script> [1562 bytes]","args":[{"selector":{"controlType":"sap.m.Button","viewName":"etm.portal.ui.configuresystem.view.Master","bindingPath":{"path":"/EndpointsWithStatus('PurchaseRequisition')","propertyPath":"STATUS_TEXT"},"interaction":{"idSuffix":"BDI-content"}},"wdio_ui5_key":"etmportal.ui.configuresystem.view.Mastersap.m.Button{\"path\":\"/EndpointsWithStatus('PurchaseRequisition')\",\"propertyPath\":\"STATUS_TEXT\"}"}]}
RESULT: undefined
COMMAND: POST /session/fd053d550c784e9c918a4cba5cdcce89/execute/async - {"script":"<script> [6424 bytes]","args":[{"element-6066-11e4-a52e-4f735466cecf":"f.F8295049C2BDFA251CF0B02042C68739.d.19D3003F0715BFB5D4CF3D0C157CDD08.e.222"},"getText",[]]}
RESULT: {"script":"<script> [6424 bytes]","args":[{"element-6066-11e4-a52e-4f735466cecf":"f.F8295049C2BDFA251CF0B02042C68739.d.19D3003F0715BFB5D4CF3D0C157CDD08.e.222"},"getText",[]]}
]]></system-out>
    </testcase>
    <testcase classname="chrome.135_0_7049_42.windows.Configure_System_-_Interfaces_US132253" name="Validate PurchaseRequisitionProcess endpoint connection status to Success" time="1.104">
      <system-out><![CDATA[
COMMAND: POST /session/fd053d550c784e9c918a4cba5cdcce89/execute/async - {"script":"<script> [1562 bytes]","args":[{"selector":{"controlType":"sap.m.Button","viewName":"etm.portal.ui.configuresystem.view.Master","bindingPath":{"path":"/EndpointsWithStatus('PurchaseRequisitionProcess')","propertyPath":"STATUS_TEXT"},"interaction":{"idSuffix":"BDI-content"}},"wdio_ui5_key":"etmportal.ui.configuresystem.view.Mastersap.m.Button{\"path\":\"/EndpointsWithStatus('PurchaseRequisitionProcess')\",\"propertyPath\":\"STATUS_TEXT\"}"}]}
RESULT: {"script":"<script> [1562 bytes]","args":[{"selector":{"controlType":"sap.m.Button","viewName":"etm.portal.ui.configuresystem.view.Master","bindingPath":{"path":"/EndpointsWithStatus('PurchaseRequisitionProcess')","propertyPath":"STATUS_TEXT"},"interaction":{"idSuffix":"BDI-content"}},"wdio_ui5_key":"etmportal.ui.configuresystem.view.Mastersap.m.Button{\"path\":\"/EndpointsWithStatus('PurchaseRequisitionProcess')\",\"propertyPath\":\"STATUS_TEXT\"}"}]}
RESULT: undefined
COMMAND: POST /session/fd053d550c784e9c918a4cba5cdcce89/execute/async - {"script":"<script> [6424 bytes]","args":[{"element-6066-11e4-a52e-4f735466cecf":"f.F8295049C2BDFA251CF0B02042C68739.d.19D3003F0715BFB5D4CF3D0C157CDD08.e.223"},"getText",[]]}
RESULT: {"script":"<script> [6424 bytes]","args":[{"element-6066-11e4-a52e-4f735466cecf":"f.F8295049C2BDFA251CF0B02042C68739.d.19D3003F0715BFB5D4CF3D0C157CDD08.e.223"},"getText",[]]}
]]></system-out>
    </testcase>
    <testcase classname="chrome.135_0_7049_42.windows.Configure_System_-_Interfaces_US132253" name="Validate Vendor endpoint connection status to Success" time="1.059">
      <system-out><![CDATA[
COMMAND: POST /session/fd053d550c784e9c918a4cba5cdcce89/execute/async - {"script":"<script> [1562 bytes]","args":[{"selector":{"controlType":"sap.m.Button","viewName":"etm.portal.ui.configuresystem.view.Master","bindingPath":{"path":"/EndpointsWithStatus('Vendor')","propertyPath":"STATUS_TEXT"},"interaction":{"idSuffix":"BDI-content"}},"wdio_ui5_key":"etmportal.ui.configuresystem.view.Mastersap.m.Button{\"path\":\"/EndpointsWithStatus('Vendor')\",\"propertyPath\":\"STATUS_TEXT\"}"}]}
RESULT: {"script":"<script> [1562 bytes]","args":[{"selector":{"controlType":"sap.m.Button","viewName":"etm.portal.ui.configuresystem.view.Master","bindingPath":{"path":"/EndpointsWithStatus('Vendor')","propertyPath":"STATUS_TEXT"},"interaction":{"idSuffix":"BDI-content"}},"wdio_ui5_key":"etmportal.ui.configuresystem.view.Mastersap.m.Button{\"path\":\"/EndpointsWithStatus('Vendor')\",\"propertyPath\":\"STATUS_TEXT\"}"}]}
RESULT: undefined
COMMAND: POST /session/fd053d550c784e9c918a4cba5cdcce89/execute/async - {"script":"<script> [6424 bytes]","args":[{"element-6066-11e4-a52e-4f735466cecf":"f.F8295049C2BDFA251CF0B02042C68739.d.19D3003F0715BFB5D4CF3D0C157CDD08.e.224"},"getText",[]]}
RESULT: {"script":"<script> [6424 bytes]","args":[{"element-6066-11e4-a52e-4f735466cecf":"f.F8295049C2BDFA251CF0B02042C68739.d.19D3003F0715BFB5D4CF3D0C157CDD08.e.224"},"getText",[]]}
]]></system-out>
    </testcase>
    <testcase classname="chrome.135_0_7049_42.windows.Configure_System_-_Interfaces_US132253" name="Validate WBSElement endpoint connection status to Success" time="1.075">
      <system-out><![CDATA[
COMMAND: POST /session/fd053d550c784e9c918a4cba5cdcce89/execute/async - {"script":"<script> [1562 bytes]","args":[{"selector":{"controlType":"sap.m.Button","viewName":"etm.portal.ui.configuresystem.view.Master","bindingPath":{"path":"/EndpointsWithStatus('WBSElement')","propertyPath":"STATUS_TEXT"},"interaction":{"idSuffix":"BDI-content"}},"wdio_ui5_key":"etmportal.ui.configuresystem.view.Mastersap.m.Button{\"path\":\"/EndpointsWithStatus('WBSElement')\",\"propertyPath\":\"STATUS_TEXT\"}"}]}
RESULT: {"script":"<script> [1562 bytes]","args":[{"selector":{"controlType":"sap.m.Button","viewName":"etm.portal.ui.configuresystem.view.Master","bindingPath":{"path":"/EndpointsWithStatus('WBSElement')","propertyPath":"STATUS_TEXT"},"interaction":{"idSuffix":"BDI-content"}},"wdio_ui5_key":"etmportal.ui.configuresystem.view.Mastersap.m.Button{\"path\":\"/EndpointsWithStatus('WBSElement')\",\"propertyPath\":\"STATUS_TEXT\"}"}]}
RESULT: undefined
COMMAND: POST /session/fd053d550c784e9c918a4cba5cdcce89/execute/async - {"script":"<script> [6424 bytes]","args":[{"element-6066-11e4-a52e-4f735466cecf":"f.F8295049C2BDFA251CF0B02042C68739.d.19D3003F0715BFB5D4CF3D0C157CDD08.e.225"},"getText",[]]}
RESULT: {"script":"<script> [6424 bytes]","args":[{"element-6066-11e4-a52e-4f735466cecf":"f.F8295049C2BDFA251CF0B02042C68739.d.19D3003F0715BFB5D4CF3D0C157CDD08.e.225"},"getText",[]]}
COMMAND: POST /session/fd053d550c784e9c918a4cba5cdcce89/element - {"using":"css selector","value":"#j_username"}
COMMAND: POST /session/fd053d550c784e9c918a4cba5cdcce89/url - {"url":"https://qa-testing-00-live-etm-ui.cfapps.eu10-004.hana.ondemand.com/"}
RESULT: {"url":"https://qa-testing-00-live-etm-ui.cfapps.eu10-004.hana.ondemand.com/"}
RESULT: undefined
COMMAND: GET /session/fd053d550c784e9c918a4cba5cdcce89/screenshot - {}
RESULT: {"using":"css selector","value":"#j_username"}
COMMAND: POST /session/fd053d550c784e9c918a4cba5cdcce89/element - {"using":"css selector","value":"#j_username"}
RESULT: {}
RESULT: {"using":"css selector","value":"#j_username"}
COMMAND: POST /session/fd053d550c784e9c918a4cba5cdcce89/element - {"using":"css selector","value":"#shell-header-logo"}
RESULT: {"using":"css selector","value":"#shell-header-logo"}
COMMAND: POST /session/fd053d550c784e9c918a4cba5cdcce89/execute/sync - {"script":"<script> [8489 bytes]","args":[{"element-6066-11e4-a52e-4f735466cecf":"f.F8295049C2BDFA251CF0B02042C68739.d.FB0C3F006D9E15E755ACCE7F3F22A2A2.e.234","ELEMENT":"f.F8295049C2BDFA251CF0B02042C68739.d.FB0C3F006D9E15E755ACCE7F3F22A2A2.e.234"}]}
RESULT: {"script":"<script> [8489 bytes]","args":[{"element-6066-11e4-a52e-4f735466cecf":"f.F8295049C2BDFA251CF0B02042C68739.d.FB0C3F006D9E15E755ACCE7F3F22A2A2.e.234","ELEMENT":"f.F8295049C2BDFA251CF0B02042C68739.d.FB0C3F006D9E15E755ACCE7F3F22A2A2.e.234"}]}
COMMAND: POST /session/fd053d550c784e9c918a4cba5cdcce89/element - {"using":"css selector","value":"#shell-header-logo"}
COMMAND: GET /session/fd053d550c784e9c918a4cba5cdcce89/screenshot - {}
RESULT: {"using":"css selector","value":"#shell-header-logo"}
COMMAND: POST /session/fd053d550c784e9c918a4cba5cdcce89/execute/sync - {"script":"<script> [8489 bytes]","args":[{"element-6066-11e4-a52e-4f735466cecf":"f.F8295049C2BDFA251CF0B02042C68739.d.FB0C3F006D9E15E755ACCE7F3F22A2A2.e.234","ELEMENT":"f.F8295049C2BDFA251CF0B02042C68739.d.FB0C3F006D9E15E755ACCE7F3F22A2A2.e.234"}]}
RESULT: {}
RESULT: {"script":"<script> [8489 bytes]","args":[{"element-6066-11e4-a52e-4f735466cecf":"f.F8295049C2BDFA251CF0B02042C68739.d.FB0C3F006D9E15E755ACCE7F3F22A2A2.e.234","ELEMENT":"f.F8295049C2BDFA251CF0B02042C68739.d.FB0C3F006D9E15E755ACCE7F3F22A2A2.e.234"}]}
COMMAND: POST /session/fd053d550c784e9c918a4cba5cdcce89/execute/sync - {"script":"<script> [5351 bytes]","args":[{"element-6066-11e4-a52e-4f735466cecf":"f.F8295049C2BDFA251CF0B02042C68739.d.FB0C3F006D9E15E755ACCE7F3F22A2A2.e.234","ELEMENT":"f.F8295049C2BDFA251CF0B02042C68739.d.FB0C3F006D9E15E755ACCE7F3F22A2A2.e.234"}]}
COMMAND: GET /session/fd053d550c784e9c918a4cba5cdcce89/screenshot - {}
RESULT: {"script":"<script> [5351 bytes]","args":[{"element-6066-11e4-a52e-4f735466cecf":"f.F8295049C2BDFA251CF0B02042C68739.d.FB0C3F006D9E15E755ACCE7F3F22A2A2.e.234","ELEMENT":"f.F8295049C2BDFA251CF0B02042C68739.d.FB0C3F006D9E15E755ACCE7F3F22A2A2.e.234"}]}
COMMAND: POST /session/fd053d550c784e9c918a4cba5cdcce89/element - {"using":"css selector","value":"#shell-header-logo"}
COMMAND: GET /session/fd053d550c784e9c918a4cba5cdcce89/screenshot - {}
RESULT: {}
RESULT: {"using":"css selector","value":"#shell-header-logo"}
COMMAND: POST /session/fd053d550c784e9c918a4cba5cdcce89/element/f.F8295049C2BDFA251CF0B02042C68739.d.FB0C3F006D9E15E755ACCE7F3F22A2A2.e.234/click - {}
RESULT: {}
RESULT: {}
COMMAND: GET /session/fd053d550c784e9c918a4cba5cdcce89/screenshot - {}
RESULT: {}
COMMAND: POST /session/fd053d550c784e9c918a4cba5cdcce89/execute/async - {"script":"<script> [189 bytes]","args":[]}
RESULT: {"script":"<script> [189 bytes]","args":[]}
COMMAND: POST /session/fd053d550c784e9c918a4cba5cdcce89/execute/async - {"script":"<script> [123 bytes]","args":[]}
RESULT: {"script":"<script> [123 bytes]","args":[]}
COMMAND: POST /session/fd053d550c784e9c918a4cba5cdcce89/timeouts - {"script":"<number>"}
RESULT: {"script":"<number>"}
COMMAND: GET /session/fd053d550c784e9c918a4cba5cdcce89/timeouts - {}
RESULT: {}
RESULT: undefined
COMMAND: POST /session/fd053d550c784e9c918a4cba5cdcce89/execute/async - {"script":"<script> [2676 bytes]","args":[]}
RESULT: {"script":"<script> [2676 bytes]","args":[]}
COMMAND: POST /session/fd053d550c784e9c918a4cba5cdcce89/execute/async - {"script":"<script> [2342 bytes]","args":[{"protocol":"http","hostname":"0.0.0.0","path":"/","capabilities":{"browserName":"chrome","goog:chromeOptions":{"binary":"C:\\Program Files\\Google\\Chrome\\Application\\chrome.exe","args":["--start-maximized"]}},"logLevel":"warn","connectionRetryTimeout":120000,"connectionRetryCount":3,"logLevels":{},"enableDirectConnect":true,"strictSSL":true,"_":"65 more keys: [\"cacheDir\",\"port\",\"requestedCapabilities\",\"automationProtocol\",\"baseUrl\",\"waitforInterval\",\"waitforTimeout\",\"onReload\",\"beforeCommand\",\"afterCommand\",\"rootDir\",\"specs\",\"suites\",\"exclude\",\"groupLogsByTestSpec\",\"excludeDriverLogs\",\"bail\",\"framework\",\"reporters\",\"services\",\"maxInstances\",\"maxInstancesPerCapability\",\"injectGlobals\",\"filesToWatch\",\"execArgv\",\"runnerEnv\",\"runner\",\"shard\",\"specFileRetries\",\"specFileRetriesDelay\",\"specFileRetriesDeferred\",\"reporterSyncInterval\",\"reporterSyncTimeout\",\"cucumberFeaturesWithLineNumbers\",\"autoCompileOpts\",\"mochaOpts\",\"jasmineOpts\",\"cucumberOpts\",\"onPrepare\",\"onWorkerStart\",\"onWorkerEnd\",\"before\",\"beforeSession\",\"beforeSuite\",\"beforeHook\",\"beforeTest\",\"afterTest\",\"afterHook\",\"afterSuite\",\"afterSession\",\"after\",\"onComplete\",\"beforeAssertion\",\"afterAssertion\",\"beforeFeature\",\"beforeScenario\",\"beforeStep\",\"afterStep\",\"afterScenario\",\"afterFeature\",\"_\",\"suite\",\"$0\",\"ignoredWorkerServices\",\"wdi5\"]"}]}
RESULT: {"script":"<script> [2342 bytes]","args":[{"protocol":"http","hostname":"0.0.0.0","path":"/","capabilities":{"browserName":"chrome","goog:chromeOptions":{"binary":"C:\\Program Files\\Google\\Chrome\\Application\\chrome.exe","args":["--start-maximized"]}},"logLevel":"warn","connectionRetryTimeout":120000,"connectionRetryCount":3,"logLevels":{},"enableDirectConnect":true,"strictSSL":true,"_":"65 more keys: [\"cacheDir\",\"port\",\"requestedCapabilities\",\"automationProtocol\",\"baseUrl\",\"waitforInterval\",\"waitforTimeout\",\"onReload\",\"beforeCommand\",\"afterCommand\",\"rootDir\",\"specs\",\"suites\",\"exclude\",\"groupLogsByTestSpec\",\"excludeDriverLogs\",\"bail\",\"framework\",\"reporters\",\"services\",\"maxInstances\",\"maxInstancesPerCapability\",\"injectGlobals\",\"filesToWatch\",\"execArgv\",\"runnerEnv\",\"runner\",\"shard\",\"specFileRetries\",\"specFileRetriesDelay\",\"specFileRetriesDeferred\",\"reporterSyncInterval\",\"reporterSyncTimeout\",\"cucumberFeaturesWithLineNumbers\",\"autoCompileOpts\",\"mochaOpts\",\"jasmineOpts\",\"cucumberOpts\",\"onPrepare\",\"onWorkerStart\",\"onWorkerEnd\",\"before\",\"beforeSession\",\"beforeSuite\",\"beforeHook\",\"beforeTest\",\"afterTest\",\"afterHook\",\"afterSuite\",\"afterSession\",\"after\",\"onComplete\",\"beforeAssertion\",\"afterAssertion\",\"beforeFeature\",\"beforeScenario\",\"beforeStep\",\"afterStep\",\"afterScenario\",\"afterFeature\",\"_\",\"suite\",\"$0\",\"ignoredWorkerServices\",\"wdi5\"]"}]}
COMMAND: POST /session/fd053d550c784e9c918a4cba5cdcce89/execute/async - {"script":"<script> [21126 bytes]","args":[35000]}
RESULT: {"script":"<script> [21126 bytes]","args":[35000]}
COMMAND: POST /session/fd053d550c784e9c918a4cba5cdcce89/window/maximize - {}
RESULT: {}
COMMAND: POST /session/fd053d550c784e9c918a4cba5cdcce89/execute/async - {"script":"<script> [1562 bytes]","args":[{"selector":{"id":"shell-header","interaction":{"idSuffix":"icon"}},"wdio_ui5_key":"shellheader"}]}
COMMAND: GET /session/fd053d550c784e9c918a4cba5cdcce89/screenshot - {}
RESULT: {"script":"<script> [1562 bytes]","args":[{"selector":{"id":"shell-header","interaction":{"idSuffix":"icon"}},"wdio_ui5_key":"shellheader"}]}
RESULT: undefined
COMMAND: POST /session/fd053d550c784e9c918a4cba5cdcce89/window/maximize - {}
RESULT: {}
RESULT: {}
]]></system-out>
    </testcase>
  </testsuite>
  <testsuite timestamp="2025-04-21T16:00:50" time="234.389" tests="4" failures="0" errors="0" skipped="0">
    <properties>
      <property name="specId" value="0"/>
      <property name="suiteName" value="Manage RU: Interfaces Data Check for UI fields US132253"/>
      <property name="capabilities" value="chrome.135_0_7049_42.windows"/>
      <property name="file" value="file:///D:/a/1/s/test/specs/TECH/ru-interface-data-check.spec.js"/>
    </properties>
    <testcase classname="chrome.135_0_7049_42.windows.Manage_RU:_Interfaces_Data_Check_for_UI_fields_US132253" name="Should see data from Equipment interface for Equipment Value Help Field" time="71.382">
      <system-out><![CDATA[
COMMAND: GET /session/fd053d550c784e9c918a4cba5cdcce89/screenshot - {}
COMMAND: POST /session/fd053d550c784e9c918a4cba5cdcce89/execute/async - {"script":"<script> [1562 bytes]","args":[{"selector":{"controlType":"sap.m.GenericTile","properties":{"header":"Manage Resources"}},"wdio_ui5_key":"sapm.GenericTile{\"header\":\"Manage Resources\"}"}]}
RESULT: {"script":"<script> [1562 bytes]","args":[{"selector":{"controlType":"sap.m.GenericTile","properties":{"header":"Manage Resources"}},"wdio_ui5_key":"sapm.GenericTile{\"header\":\"Manage Resources\"}"}]}
RESULT: undefined
COMMAND: POST /session/fd053d550c784e9c918a4cba5cdcce89/element - {"using":"xpath","value":"//*[@id=\"__tile39\"]"}
RESULT: {}
RESULT: {"using":"xpath","value":"//*[@id=\"__tile39\"]"}
COMMAND: POST /session/fd053d550c784e9c918a4cba5cdcce89/element/f.F8295049C2BDFA251CF0B02042C68739.d.FB0C3F006D9E15E755ACCE7F3F22A2A2.e.244/click - {}
RESULT: {}
COMMAND: GET /session/fd053d550c784e9c918a4cba5cdcce89/screenshot - {}
RESULT: {}
RESULT: undefined
RESULT: undefined
COMMAND: POST /session/fd053d550c784e9c918a4cba5cdcce89/execute/async - {"script":"<script> [1562 bytes]","args":[{"selector":{"controlType":"sap.ui.core.Icon","viewName":"etm.portal.ui.manageresources.view.Master","viewId":"application-manageresources-display-component---masterRU","properties":{"src":{"regex":{"source":"add"}}}},"wdio_ui5_key":"etmportal.ui.manageresources.view.Mastersap.ui.core.Icon{\"src\":{\"regex\":{\"source\":\"add\"}}}"}]}
RESULT: {"script":"<script> [1562 bytes]","args":[{"selector":{"controlType":"sap.ui.core.Icon","viewName":"etm.portal.ui.manageresources.view.Master","viewId":"application-manageresources-display-component---masterRU","properties":{"src":{"regex":{"source":"add"}}}},"wdio_ui5_key":"etmportal.ui.manageresources.view.Mastersap.ui.core.Icon{\"src\":{\"regex\":{\"source\":\"add\"}}}"}]}
RESULT: undefined
COMMAND: POST /session/fd053d550c784e9c918a4cba5cdcce89/element - {"using":"xpath","value":"//*[@id=\"__button5-img\"]"}
RESULT: {"using":"xpath","value":"//*[@id=\"__button5-img\"]"}
COMMAND: POST /session/fd053d550c784e9c918a4cba5cdcce89/element/f.F8295049C2BDFA251CF0B02042C68739.d.FB0C3F006D9E15E755ACCE7F3F22A2A2.e.289/click - {}
RESULT: {}
COMMAND: GET /session/fd053d550c784e9c918a4cba5cdcce89/screenshot - {}
RESULT: {}
COMMAND: POST /session/fd053d550c784e9c918a4cba5cdcce89/execute/async - {"script":"<script> [1562 bytes]","args":[{"selector":{"id":"application-manageresources-display-component---newResourceUnit--TYPE","interaction":{"idSuffix":"inner"}},"wdio_ui5_key":"applicationmanageresources-display-component---newResourceUnit--TYPE"}]}
RESULT: {"script":"<script> [1562 bytes]","args":[{"selector":{"id":"application-manageresources-display-component---newResourceUnit--TYPE","interaction":{"idSuffix":"inner"}},"wdio_ui5_key":"applicationmanageresources-display-component---newResourceUnit--TYPE"}]}
RESULT: undefined
COMMAND: POST /session/fd053d550c784e9c918a4cba5cdcce89/execute/async - {"script":"<script> [776 bytes]","args":[{"enterText":"Equipment","selector":{"id":"application-manageresources-display-component---newResourceUnit--TYPE","interaction":{"idSuffix":"inner"}},"clearTextFirst":true,"interactionType":"ENTER_TEXT"}]}
RESULT: {"script":"<script> [776 bytes]","args":[{"enterText":"Equipment","selector":{"id":"application-manageresources-display-component---newResourceUnit--TYPE","interaction":{"idSuffix":"inner"}},"clearTextFirst":true,"interactionType":"ENTER_TEXT"}]}
COMMAND: POST /session/fd053d550c784e9c918a4cba5cdcce89/actions - {"actions":[{"id":"action1","type":"key","parameters":{},"actions":[{"type":"keyDown","value":""},{"type":"pause","duration":10},{"type":"keyUp","value":""}]}]}
RESULT: {"actions":[{"id":"action1","type":"key","parameters":{},"actions":[{"type":"keyDown","value":""},{"type":"pause","duration":10},{"type":"keyUp","value":""}]}]}
COMMAND: POST /session/fd053d550c784e9c918a4cba5cdcce89/actions - {"actions":[{"id":"action2","type":"key","parameters":{},"actions":[{"type":"keyDown","value":""},{"type":"pause","duration":10},{"type":"keyUp","value":""}]}]}
COMMAND: GET /session/fd053d550c784e9c918a4cba5cdcce89/screenshot - {}
RESULT: {"actions":[{"id":"action2","type":"key","parameters":{},"actions":[{"type":"keyDown","value":""},{"type":"pause","duration":10},{"type":"keyUp","value":""}]}]}
COMMAND: GET /session/fd053d550c784e9c918a4cba5cdcce89/screenshot - {}
RESULT: {}
RESULT: {}
COMMAND: POST /session/fd053d550c784e9c918a4cba5cdcce89/execute/async - {"script":"<script> [1562 bytes]","args":[{"selector":{"id":"application-manageresources-display-component---newResourceUnit--rruEquipmentNo","interaction":{"idSuffix":"inner"}},"wdio_ui5_key":"applicationmanageresources-display-component---newResourceUnit--rruEquipmentNo"}]}
RESULT: {"script":"<script> [1562 bytes]","args":[{"selector":{"id":"application-manageresources-display-component---newResourceUnit--rruEquipmentNo","interaction":{"idSuffix":"inner"}},"wdio_ui5_key":"applicationmanageresources-display-component---newResourceUnit--rruEquipmentNo"}]}
RESULT: undefined
COMMAND: POST /session/fd053d550c784e9c918a4cba5cdcce89/execute/async - {"script":"<script> [776 bytes]","args":[{"enterText":"","selector":{"id":"application-manageresources-display-component---newResourceUnit--rruEquipmentNo","interaction":{"idSuffix":"inner"}},"clearTextFirst":true,"interactionType":"ENTER_TEXT"}]}
RESULT: {"script":"<script> [776 bytes]","args":[{"enterText":"","selector":{"id":"application-manageresources-display-component---newResourceUnit--rruEquipmentNo","interaction":{"idSuffix":"inner"}},"clearTextFirst":true,"interactionType":"ENTER_TEXT"}]}
COMMAND: POST /session/fd053d550c784e9c918a4cba5cdcce89/execute/async - {"script":"<script> [1562 bytes]","args":[{"selector":{"id":"application-manageresources-display-component---newResourceUnit--rruEquipmentNo-vhi"},"wdio_ui5_key":"applicationmanageresources-display-component---newResourceUnit--rruEquipmentNo-vhi"}]}
RESULT: {"script":"<script> [1562 bytes]","args":[{"selector":{"id":"application-manageresources-display-component---newResourceUnit--rruEquipmentNo-vhi"},"wdio_ui5_key":"applicationmanageresources-display-component---newResourceUnit--rruEquipmentNo-vhi"}]}
RESULT: undefined
COMMAND: POST /session/fd053d550c784e9c918a4cba5cdcce89/element - {"using":"xpath","value":"//*[@id=\"application-manageresources-display-component---newResourceUnit--rruEquipmentNo-vhi\"]"}
RESULT: {"using":"xpath","value":"//*[@id=\"application-manageresources-display-component---newResourceUnit--rruEquipmentNo-vhi\"]"}
COMMAND: POST /session/fd053d550c784e9c918a4cba5cdcce89/element/f.F8295049C2BDFA251CF0B02042C68739.d.FB0C3F006D9E15E755ACCE7F3F22A2A2.e.730/click - {}
RESULT: {}
COMMAND: GET /session/fd053d550c784e9c918a4cba5cdcce89/screenshot - {}
RESULT: {}
COMMAND: POST /session/fd053d550c784e9c918a4cba5cdcce89/execute/async - {"script":"<script> [1562 bytes]","args":[{"selector":{"controlType":"sap.m.Text","bindingPath":{"path":"/EquipmentValueHelpSet('10000007')","propertyPath":"EQUIPMENT","modelName":"EquipmentValueHelpModel"},"searchOpenDialogs":true},"wdio_ui5_key":"sapm.Text{\"path\":\"/EquipmentValueHelpSet('10000007')\",\"propertyPath\":\"EQUIPMENT\",\"modelName\":\"EquipmentValueHelpModel\"}"}]}
RESULT: {"script":"<script> [1562 bytes]","args":[{"selector":{"controlType":"sap.m.Text","bindingPath":{"path":"/EquipmentValueHelpSet('10000007')","propertyPath":"EQUIPMENT","modelName":"EquipmentValueHelpModel"},"searchOpenDialogs":true},"wdio_ui5_key":"sapm.Text{\"path\":\"/EquipmentValueHelpSet('10000007')\",\"propertyPath\":\"EQUIPMENT\",\"modelName\":\"EquipmentValueHelpModel\"}"}]}
RESULT: undefined
COMMAND: POST /session/fd053d550c784e9c918a4cba5cdcce89/element - {"using":"xpath","value":"//*[@id=\"__text358-__clone238\"]"}
RESULT: {"using":"xpath","value":"//*[@id=\"__text358-__clone238\"]"}
COMMAND: POST /session/fd053d550c784e9c918a4cba5cdcce89/element/f.F8295049C2BDFA251CF0B02042C68739.d.FB0C3F006D9E15E755ACCE7F3F22A2A2.e.738/click - {}
RESULT: {}
COMMAND: POST /session/fd053d550c784e9c918a4cba5cdcce89/execute/async - {"script":"<script> [1562 bytes]","args":[{"selector":{"controlType":"sap.m.Button","properties":{"text":"OK"},"searchOpenDialogs":true,"interaction":{"idSuffix":"content"}},"wdio_ui5_key":"sapm.Button{\"text\":\"OK\"}"}]}
COMMAND: GET /session/fd053d550c784e9c918a4cba5cdcce89/screenshot - {}
RESULT: {"script":"<script> [1562 bytes]","args":[{"selector":{"controlType":"sap.m.Button","properties":{"text":"OK"},"searchOpenDialogs":true,"interaction":{"idSuffix":"content"}},"wdio_ui5_key":"sapm.Button{\"text\":\"OK\"}"}]}
RESULT: undefined
COMMAND: POST /session/fd053d550c784e9c918a4cba5cdcce89/element - {"using":"xpath","value":"//*[@id=\"__dialog1-ok\"]"}
RESULT: {}
RESULT: {"using":"xpath","value":"//*[@id=\"__dialog1-ok\"]"}
COMMAND: POST /session/fd053d550c784e9c918a4cba5cdcce89/element/f.F8295049C2BDFA251CF0B02042C68739.d.FB0C3F006D9E15E755ACCE7F3F22A2A2.e.741/click - {}
RESULT: {}
COMMAND: GET /session/fd053d550c784e9c918a4cba5cdcce89/screenshot - {}
RESULT: {}
RESULT: undefined
COMMAND: POST /session/fd053d550c784e9c918a4cba5cdcce89/execute/async - {"script":"<script> [6424 bytes]","args":[{"element-6066-11e4-a52e-4f735466cecf":"f.F8295049C2BDFA251CF0B02042C68739.d.FB0C3F006D9E15E755ACCE7F3F22A2A2.e.719"},"getValue",[]]}
COMMAND: POST /session/fd053d550c784e9c918a4cba5cdcce89/execute/async - {"script":"<script> [1562 bytes]","args":[{"selector":{"id":"application-manageresources-display-component---newResourceUnit--rruEquipmentNo","interaction":{"idSuffix":"inner"}},"wdio_ui5_key":"applicationmanageresources-display-component---newResourceUnit--rruEquipmentNo"}]}
RESULT: {"script":"<script> [1562 bytes]","args":[{"selector":{"id":"application-manageresources-display-component---newResourceUnit--rruEquipmentNo","interaction":{"idSuffix":"inner"}},"wdio_ui5_key":"applicationmanageresources-display-component---newResourceUnit--rruEquipmentNo"}]}
COMMAND: POST /session/fd053d550c784e9c918a4cba5cdcce89/execute/async - {"script":"<script> [6424 bytes]","args":[{"element-6066-11e4-a52e-4f735466cecf":"f.F8295049C2BDFA251CF0B02042C68739.d.FB0C3F006D9E15E755ACCE7F3F22A2A2.e.745"},"getValue",[]]}
RESULT: {"script":"<script> [6424 bytes]","args":[{"element-6066-11e4-a52e-4f735466cecf":"f.F8295049C2BDFA251CF0B02042C68739.d.FB0C3F006D9E15E755ACCE7F3F22A2A2.e.745"},"getValue",[]]}
COMMAND: POST /session/fd053d550c784e9c918a4cba5cdcce89/execute/async - {"script":"<script> [1562 bytes]","args":[{"selector":{"id":"application-manageresources-display-component---newResourceUnit--SHORT_TEXT"},"wdio_ui5_key":"applicationmanageresources-display-component---newResourceUnit--SHORT_TEXT"}]}
RESULT: {"script":"<script> [1562 bytes]","args":[{"selector":{"id":"application-manageresources-display-component---newResourceUnit--SHORT_TEXT"},"wdio_ui5_key":"applicationmanageresources-display-component---newResourceUnit--SHORT_TEXT"}]}
RESULT: undefined
COMMAND: POST /session/fd053d550c784e9c918a4cba5cdcce89/execute/async - {"script":"<script> [6424 bytes]","args":[{"element-6066-11e4-a52e-4f735466cecf":"f.F8295049C2BDFA251CF0B02042C68739.d.FB0C3F006D9E15E755ACCE7F3F22A2A2.e.621"},"getValue",[]]}
RESULT: {"script":"<script> [6424 bytes]","args":[{"element-6066-11e4-a52e-4f735466cecf":"f.F8295049C2BDFA251CF0B02042C68739.d.FB0C3F006D9E15E755ACCE7F3F22A2A2.e.621"},"getValue",[]]}
]]></system-out>
    </testcase>
    <testcase classname="chrome.135_0_7049_42.windows.Manage_RU:_Interfaces_Data_Check_for_UI_fields_US132253" name="Should see data from Asset interface for Asset Value Help Field" time="76.631">
      <system-out><![CDATA[
COMMAND: POST /session/fd053d550c784e9c918a4cba5cdcce89/execute/async - {"script":"<script> [1562 bytes]","args":[{"selector":{"id":"application-manageresources-display-component---newResourceUnit--rruAssetNo-vhi"},"wdio_ui5_key":"applicationmanageresources-display-component---newResourceUnit--rruAssetNo-vhi"}]}
RESULT: {"script":"<script> [1562 bytes]","args":[{"selector":{"id":"application-manageresources-display-component---newResourceUnit--rruAssetNo-vhi"},"wdio_ui5_key":"applicationmanageresources-display-component---newResourceUnit--rruAssetNo-vhi"}]}
RESULT: undefined
COMMAND: POST /session/fd053d550c784e9c918a4cba5cdcce89/element - {"using":"xpath","value":"//*[@id=\"application-manageresources-display-component---newResourceUnit--rruAssetNo-vhi\"]"}
RESULT: {"using":"xpath","value":"//*[@id=\"application-manageresources-display-component---newResourceUnit--rruAssetNo-vhi\"]"}
COMMAND: POST /session/fd053d550c784e9c918a4cba5cdcce89/element/f.F8295049C2BDFA251CF0B02042C68739.d.FB0C3F006D9E15E755ACCE7F3F22A2A2.e.748/click - {}
RESULT: {}
COMMAND: GET /session/fd053d550c784e9c918a4cba5cdcce89/screenshot - {}
RESULT: {}
COMMAND: POST /session/fd053d550c784e9c918a4cba5cdcce89/execute/async - {"script":"<script> [1562 bytes]","args":[{"selector":{"controlType":"sap.m.Text","bindingPath":{"path":"/I_FixedAssetValueHelp(CompanyCode='1000',MasterFixedAsset='400009',FixedAsset='0')","propertyPath":"MasterFixedAsset","modelName":"AssetValueHelpModel"},"searchOpenDialogs":true},"wdio_ui5_key":"sapm.Text{\"path\":\"/I_FixedAssetValueHelp(CompanyCode='1000',MasterFixedAsset='400009',FixedAsset='0')\",\"propertyPath\":\"MasterFixedAsset\",\"modelName\":\"AssetValueHelpModel\"}"}]}
RESULT: {"script":"<script> [1562 bytes]","args":[{"selector":{"controlType":"sap.m.Text","bindingPath":{"path":"/I_FixedAssetValueHelp(CompanyCode='1000',MasterFixedAsset='400009',FixedAsset='0')","propertyPath":"MasterFixedAsset","modelName":"AssetValueHelpModel"},"searchOpenDialogs":true},"wdio_ui5_key":"sapm.Text{\"path\":\"/I_FixedAssetValueHelp(CompanyCode='1000',MasterFixedAsset='400009',FixedAsset='0')\",\"propertyPath\":\"MasterFixedAsset\",\"modelName\":\"AssetValueHelpModel\"}"}]}
RESULT: undefined
COMMAND: POST /session/fd053d550c784e9c918a4cba5cdcce89/element - {"using":"xpath","value":"//*[@id=\"__text366-__clone262\"]"}
RESULT: {"using":"xpath","value":"//*[@id=\"__text366-__clone262\"]"}
COMMAND: POST /session/fd053d550c784e9c918a4cba5cdcce89/element/f.F8295049C2BDFA251CF0B02042C68739.d.FB0C3F006D9E15E755ACCE7F3F22A2A2.e.753/click - {}
RESULT: {}
RESULT: undefined
COMMAND: POST /session/fd053d550c784e9c918a4cba5cdcce89/element - {"using":"xpath","value":"//*[@id=\"__dialog1-ok\"]"}
COMMAND: GET /session/fd053d550c784e9c918a4cba5cdcce89/screenshot - {}
RESULT: {"using":"xpath","value":"//*[@id=\"__dialog1-ok\"]"}
COMMAND: POST /session/fd053d550c784e9c918a4cba5cdcce89/elements - {"using":"xpath","value":"//*[@id=\"__dialog1-ok\"]"}
RESULT: {}
RESULT: {"using":"xpath","value":"//*[@id=\"__dialog1-ok\"]"}
COMMAND: POST /session/fd053d550c784e9c918a4cba5cdcce89/elements - {"using":"xpath","value":"//*[@id=\"__dialog1-ok\"]"}
RESULT: {"using":"xpath","value":"//*[@id=\"__dialog1-ok\"]"}
COMMAND: POST /session/fd053d550c784e9c918a4cba5cdcce89/elements - {"using":"xpath","value":"//*[@id=\"__dialog1-ok\"]"}
RESULT: {"using":"xpath","value":"//*[@id=\"__dialog1-ok\"]"}
COMMAND: POST /session/fd053d550c784e9c918a4cba5cdcce89/elements - {"using":"xpath","value":"//*[@id=\"__dialog1-ok\"]"}
RESULT: {"using":"xpath","value":"//*[@id=\"__dialog1-ok\"]"}
COMMAND: POST /session/fd053d550c784e9c918a4cba5cdcce89/elements - {"using":"xpath","value":"//*[@id=\"__dialog1-ok\"]"}
RESULT: {"using":"xpath","value":"//*[@id=\"__dialog1-ok\"]"}
COMMAND: POST /session/fd053d550c784e9c918a4cba5cdcce89/elements - {"using":"xpath","value":"//*[@id=\"__dialog1-ok\"]"}
RESULT: {"using":"xpath","value":"//*[@id=\"__dialog1-ok\"]"}
COMMAND: POST /session/fd053d550c784e9c918a4cba5cdcce89/elements - {"using":"xpath","value":"//*[@id=\"__dialog1-ok\"]"}
RESULT: {"using":"xpath","value":"//*[@id=\"__dialog1-ok\"]"}
COMMAND: POST /session/fd053d550c784e9c918a4cba5cdcce89/elements - {"using":"xpath","value":"//*[@id=\"__dialog1-ok\"]"}
RESULT: {"using":"xpath","value":"//*[@id=\"__dialog1-ok\"]"}
COMMAND: POST /session/fd053d550c784e9c918a4cba5cdcce89/elements - {"using":"xpath","value":"//*[@id=\"__dialog1-ok\"]"}
RESULT: {"using":"xpath","value":"//*[@id=\"__dialog1-ok\"]"}
COMMAND: POST /session/fd053d550c784e9c918a4cba5cdcce89/elements - {"using":"xpath","value":"//*[@id=\"__dialog1-ok\"]"}
RESULT: {"using":"xpath","value":"//*[@id=\"__dialog1-ok\"]"}
COMMAND: POST /session/fd053d550c784e9c918a4cba5cdcce89/elements - {"using":"xpath","value":"//*[@id=\"__dialog1-ok\"]"}
RESULT: {"using":"xpath","value":"//*[@id=\"__dialog1-ok\"]"}
COMMAND: POST /session/fd053d550c784e9c918a4cba5cdcce89/elements - {"using":"xpath","value":"//*[@id=\"__dialog1-ok\"]"}
RESULT: {"using":"xpath","value":"//*[@id=\"__dialog1-ok\"]"}
COMMAND: POST /session/fd053d550c784e9c918a4cba5cdcce89/elements - {"using":"xpath","value":"//*[@id=\"__dialog1-ok\"]"}
RESULT: {"using":"xpath","value":"//*[@id=\"__dialog1-ok\"]"}
COMMAND: POST /session/fd053d550c784e9c918a4cba5cdcce89/elements - {"using":"xpath","value":"//*[@id=\"__dialog1-ok\"]"}
RESULT: {"using":"xpath","value":"//*[@id=\"__dialog1-ok\"]"}
COMMAND: POST /session/fd053d550c784e9c918a4cba5cdcce89/elements - {"using":"xpath","value":"//*[@id=\"__dialog1-ok\"]"}
RESULT: {"using":"xpath","value":"//*[@id=\"__dialog1-ok\"]"}
COMMAND: POST /session/fd053d550c784e9c918a4cba5cdcce89/elements - {"using":"xpath","value":"//*[@id=\"__dialog1-ok\"]"}
RESULT: {"using":"xpath","value":"//*[@id=\"__dialog1-ok\"]"}
COMMAND: POST /session/fd053d550c784e9c918a4cba5cdcce89/elements - {"using":"xpath","value":"//*[@id=\"__dialog1-ok\"]"}
RESULT: {"using":"xpath","value":"//*[@id=\"__dialog1-ok\"]"}
COMMAND: POST /session/fd053d550c784e9c918a4cba5cdcce89/elements - {"using":"xpath","value":"//*[@id=\"__dialog1-ok\"]"}
RESULT: {"using":"xpath","value":"//*[@id=\"__dialog1-ok\"]"}
COMMAND: POST /session/fd053d550c784e9c918a4cba5cdcce89/elements - {"using":"xpath","value":"//*[@id=\"__dialog1-ok\"]"}
RESULT: {"using":"xpath","value":"//*[@id=\"__dialog1-ok\"]"}
COMMAND: POST /session/fd053d550c784e9c918a4cba5cdcce89/elements - {"using":"xpath","value":"//*[@id=\"__dialog1-ok\"]"}
RESULT: {"using":"xpath","value":"//*[@id=\"__dialog1-ok\"]"}
COMMAND: POST /session/fd053d550c784e9c918a4cba5cdcce89/elements - {"using":"xpath","value":"//*[@id=\"__dialog1-ok\"]"}
RESULT: {"using":"xpath","value":"//*[@id=\"__dialog1-ok\"]"}
COMMAND: POST /session/fd053d550c784e9c918a4cba5cdcce89/elements - {"using":"xpath","value":"//*[@id=\"__dialog1-ok\"]"}
RESULT: {"using":"xpath","value":"//*[@id=\"__dialog1-ok\"]"}
COMMAND: POST /session/fd053d550c784e9c918a4cba5cdcce89/elements - {"using":"xpath","value":"//*[@id=\"__dialog1-ok\"]"}
RESULT: {"using":"xpath","value":"//*[@id=\"__dialog1-ok\"]"}
COMMAND: POST /session/fd053d550c784e9c918a4cba5cdcce89/elements - {"using":"xpath","value":"//*[@id=\"__dialog1-ok\"]"}
RESULT: {"using":"xpath","value":"//*[@id=\"__dialog1-ok\"]"}
COMMAND: POST /session/fd053d550c784e9c918a4cba5cdcce89/elements - {"using":"xpath","value":"//*[@id=\"__dialog1-ok\"]"}
RESULT: {"using":"xpath","value":"//*[@id=\"__dialog1-ok\"]"}
COMMAND: POST /session/fd053d550c784e9c918a4cba5cdcce89/elements - {"using":"xpath","value":"//*[@id=\"__dialog1-ok\"]"}
RESULT: {"using":"xpath","value":"//*[@id=\"__dialog1-ok\"]"}
COMMAND: POST /session/fd053d550c784e9c918a4cba5cdcce89/elements - {"using":"xpath","value":"//*[@id=\"__dialog1-ok\"]"}
RESULT: {"using":"xpath","value":"//*[@id=\"__dialog1-ok\"]"}
COMMAND: POST /session/fd053d550c784e9c918a4cba5cdcce89/elements - {"using":"xpath","value":"//*[@id=\"__dialog1-ok\"]"}
RESULT: {"using":"xpath","value":"//*[@id=\"__dialog1-ok\"]"}
COMMAND: POST /session/fd053d550c784e9c918a4cba5cdcce89/elements - {"using":"xpath","value":"//*[@id=\"__dialog1-ok\"]"}
RESULT: {"using":"xpath","value":"//*[@id=\"__dialog1-ok\"]"}
COMMAND: POST /session/fd053d550c784e9c918a4cba5cdcce89/elements - {"using":"xpath","value":"//*[@id=\"__dialog1-ok\"]"}
RESULT: {"using":"xpath","value":"//*[@id=\"__dialog1-ok\"]"}
COMMAND: POST /session/fd053d550c784e9c918a4cba5cdcce89/elements - {"using":"xpath","value":"//*[@id=\"__dialog1-ok\"]"}
RESULT: {"using":"xpath","value":"//*[@id=\"__dialog1-ok\"]"}
COMMAND: POST /session/fd053d550c784e9c918a4cba5cdcce89/elements - {"using":"xpath","value":"//*[@id=\"__dialog1-ok\"]"}
RESULT: {"using":"xpath","value":"//*[@id=\"__dialog1-ok\"]"}
COMMAND: POST /session/fd053d550c784e9c918a4cba5cdcce89/elements - {"using":"xpath","value":"//*[@id=\"__dialog1-ok\"]"}
RESULT: {"using":"xpath","value":"//*[@id=\"__dialog1-ok\"]"}
COMMAND: POST /session/fd053d550c784e9c918a4cba5cdcce89/elements - {"using":"xpath","value":"//*[@id=\"__dialog1-ok\"]"}
RESULT: {"using":"xpath","value":"//*[@id=\"__dialog1-ok\"]"}
COMMAND: POST /session/fd053d550c784e9c918a4cba5cdcce89/elements - {"using":"xpath","value":"//*[@id=\"__dialog1-ok\"]"}
RESULT: {"using":"xpath","value":"//*[@id=\"__dialog1-ok\"]"}
COMMAND: POST /session/fd053d550c784e9c918a4cba5cdcce89/elements - {"using":"xpath","value":"//*[@id=\"__dialog1-ok\"]"}
RESULT: {"using":"xpath","value":"//*[@id=\"__dialog1-ok\"]"}
COMMAND: POST /session/fd053d550c784e9c918a4cba5cdcce89/elements - {"using":"xpath","value":"//*[@id=\"__dialog1-ok\"]"}
RESULT: {"using":"xpath","value":"//*[@id=\"__dialog1-ok\"]"}
COMMAND: POST /session/fd053d550c784e9c918a4cba5cdcce89/elements - {"using":"xpath","value":"//*[@id=\"__dialog1-ok\"]"}
RESULT: {"using":"xpath","value":"//*[@id=\"__dialog1-ok\"]"}
COMMAND: POST /session/fd053d550c784e9c918a4cba5cdcce89/elements - {"using":"xpath","value":"//*[@id=\"__dialog1-ok\"]"}
RESULT: {"using":"xpath","value":"//*[@id=\"__dialog1-ok\"]"}
COMMAND: POST /session/fd053d550c784e9c918a4cba5cdcce89/elements - {"using":"xpath","value":"//*[@id=\"__dialog1-ok\"]"}
RESULT: {"using":"xpath","value":"//*[@id=\"__dialog1-ok\"]"}
COMMAND: POST /session/fd053d550c784e9c918a4cba5cdcce89/elements - {"using":"xpath","value":"//*[@id=\"__dialog1-ok\"]"}
RESULT: {"using":"xpath","value":"//*[@id=\"__dialog1-ok\"]"}
COMMAND: POST /session/fd053d550c784e9c918a4cba5cdcce89/elements - {"using":"xpath","value":"//*[@id=\"__dialog1-ok\"]"}
RESULT: {"using":"xpath","value":"//*[@id=\"__dialog1-ok\"]"}
COMMAND: POST /session/fd053d550c784e9c918a4cba5cdcce89/elements - {"using":"xpath","value":"//*[@id=\"__dialog1-ok\"]"}
RESULT: {"using":"xpath","value":"//*[@id=\"__dialog1-ok\"]"}
COMMAND: POST /session/fd053d550c784e9c918a4cba5cdcce89/elements - {"using":"xpath","value":"//*[@id=\"__dialog1-ok\"]"}
RESULT: {"using":"xpath","value":"//*[@id=\"__dialog1-ok\"]"}
COMMAND: POST /session/fd053d550c784e9c918a4cba5cdcce89/elements - {"using":"xpath","value":"//*[@id=\"__dialog1-ok\"]"}
RESULT: {"using":"xpath","value":"//*[@id=\"__dialog1-ok\"]"}
COMMAND: POST /session/fd053d550c784e9c918a4cba5cdcce89/elements - {"using":"xpath","value":"//*[@id=\"__dialog1-ok\"]"}
RESULT: {"using":"xpath","value":"//*[@id=\"__dialog1-ok\"]"}
COMMAND: POST /session/fd053d550c784e9c918a4cba5cdcce89/elements - {"using":"xpath","value":"//*[@id=\"__dialog1-ok\"]"}
RESULT: {"using":"xpath","value":"//*[@id=\"__dialog1-ok\"]"}
COMMAND: POST /session/fd053d550c784e9c918a4cba5cdcce89/elements - {"using":"xpath","value":"//*[@id=\"__dialog1-ok\"]"}
RESULT: {"using":"xpath","value":"//*[@id=\"__dialog1-ok\"]"}
COMMAND: POST /session/fd053d550c784e9c918a4cba5cdcce89/elements - {"using":"xpath","value":"//*[@id=\"__dialog1-ok\"]"}
RESULT: {"using":"xpath","value":"//*[@id=\"__dialog1-ok\"]"}
COMMAND: POST /session/fd053d550c784e9c918a4cba5cdcce89/elements - {"using":"xpath","value":"//*[@id=\"__dialog1-ok\"]"}
RESULT: {"using":"xpath","value":"//*[@id=\"__dialog1-ok\"]"}
COMMAND: POST /session/fd053d550c784e9c918a4cba5cdcce89/elements - {"using":"xpath","value":"//*[@id=\"__dialog1-ok\"]"}
RESULT: {"using":"xpath","value":"//*[@id=\"__dialog1-ok\"]"}
COMMAND: POST /session/fd053d550c784e9c918a4cba5cdcce89/elements - {"using":"xpath","value":"//*[@id=\"__dialog1-ok\"]"}
RESULT: {"using":"xpath","value":"//*[@id=\"__dialog1-ok\"]"}
COMMAND: POST /session/fd053d550c784e9c918a4cba5cdcce89/elements - {"using":"xpath","value":"//*[@id=\"__dialog1-ok\"]"}
RESULT: {"using":"xpath","value":"//*[@id=\"__dialog1-ok\"]"}
COMMAND: POST /session/fd053d550c784e9c918a4cba5cdcce89/elements - {"using":"xpath","value":"//*[@id=\"__dialog1-ok\"]"}
RESULT: {"using":"xpath","value":"//*[@id=\"__dialog1-ok\"]"}
COMMAND: POST /session/fd053d550c784e9c918a4cba5cdcce89/elements - {"using":"xpath","value":"//*[@id=\"__dialog1-ok\"]"}
RESULT: {"using":"xpath","value":"//*[@id=\"__dialog1-ok\"]"}
COMMAND: POST /session/fd053d550c784e9c918a4cba5cdcce89/elements - {"using":"xpath","value":"//*[@id=\"__dialog1-ok\"]"}
RESULT: {"using":"xpath","value":"//*[@id=\"__dialog1-ok\"]"}
COMMAND: POST /session/fd053d550c784e9c918a4cba5cdcce89/elements - {"using":"xpath","value":"//*[@id=\"__dialog1-ok\"]"}
RESULT: {"using":"xpath","value":"//*[@id=\"__dialog1-ok\"]"}
COMMAND: POST /session/fd053d550c784e9c918a4cba5cdcce89/elements - {"using":"xpath","value":"//*[@id=\"__dialog1-ok\"]"}
RESULT: {"using":"xpath","value":"//*[@id=\"__dialog1-ok\"]"}
COMMAND: POST /session/fd053d550c784e9c918a4cba5cdcce89/elements - {"using":"xpath","value":"//*[@id=\"__dialog1-ok\"]"}
RESULT: {"using":"xpath","value":"//*[@id=\"__dialog1-ok\"]"}
COMMAND: POST /session/fd053d550c784e9c918a4cba5cdcce89/elements - {"using":"xpath","value":"//*[@id=\"__dialog1-ok\"]"}
RESULT: {"using":"xpath","value":"//*[@id=\"__dialog1-ok\"]"}
COMMAND: POST /session/fd053d550c784e9c918a4cba5cdcce89/elements - {"using":"xpath","value":"//*[@id=\"__dialog1-ok\"]"}
RESULT: {"using":"xpath","value":"//*[@id=\"__dialog1-ok\"]"}
COMMAND: POST /session/fd053d550c784e9c918a4cba5cdcce89/elements - {"using":"xpath","value":"//*[@id=\"__dialog1-ok\"]"}
RESULT: {"using":"xpath","value":"//*[@id=\"__dialog1-ok\"]"}
COMMAND: POST /session/fd053d550c784e9c918a4cba5cdcce89/elements - {"using":"xpath","value":"//*[@id=\"__dialog1-ok\"]"}
RESULT: {"using":"xpath","value":"//*[@id=\"__dialog1-ok\"]"}
COMMAND: POST /session/fd053d550c784e9c918a4cba5cdcce89/elements - {"using":"xpath","value":"//*[@id=\"__dialog1-ok\"]"}
RESULT: {"using":"xpath","value":"//*[@id=\"__dialog1-ok\"]"}
COMMAND: POST /session/fd053d550c784e9c918a4cba5cdcce89/elements - {"using":"xpath","value":"//*[@id=\"__dialog1-ok\"]"}
RESULT: {"using":"xpath","value":"//*[@id=\"__dialog1-ok\"]"}
COMMAND: POST /session/fd053d550c784e9c918a4cba5cdcce89/elements - {"using":"xpath","value":"//*[@id=\"__dialog1-ok\"]"}
RESULT: {"using":"xpath","value":"//*[@id=\"__dialog1-ok\"]"}
COMMAND: POST /session/fd053d550c784e9c918a4cba5cdcce89/elements - {"using":"xpath","value":"//*[@id=\"__dialog1-ok\"]"}
RESULT: {"using":"xpath","value":"//*[@id=\"__dialog1-ok\"]"}
COMMAND: POST /session/fd053d550c784e9c918a4cba5cdcce89/elements - {"using":"xpath","value":"//*[@id=\"__dialog1-ok\"]"}
RESULT: {"using":"xpath","value":"//*[@id=\"__dialog1-ok\"]"}
COMMAND: POST /session/fd053d550c784e9c918a4cba5cdcce89/elements - {"using":"xpath","value":"//*[@id=\"__dialog1-ok\"]"}
RESULT: {"using":"xpath","value":"//*[@id=\"__dialog1-ok\"]"}
COMMAND: POST /session/fd053d550c784e9c918a4cba5cdcce89/elements - {"using":"xpath","value":"//*[@id=\"__dialog1-ok\"]"}
RESULT: {"using":"xpath","value":"//*[@id=\"__dialog1-ok\"]"}
COMMAND: POST /session/fd053d550c784e9c918a4cba5cdcce89/elements - {"using":"xpath","value":"//*[@id=\"__dialog1-ok\"]"}
RESULT: {"using":"xpath","value":"//*[@id=\"__dialog1-ok\"]"}
COMMAND: POST /session/fd053d550c784e9c918a4cba5cdcce89/elements - {"using":"xpath","value":"//*[@id=\"__dialog1-ok\"]"}
RESULT: {"using":"xpath","value":"//*[@id=\"__dialog1-ok\"]"}
COMMAND: POST /session/fd053d550c784e9c918a4cba5cdcce89/elements - {"using":"xpath","value":"//*[@id=\"__dialog1-ok\"]"}
RESULT: {"using":"xpath","value":"//*[@id=\"__dialog1-ok\"]"}
COMMAND: POST /session/fd053d550c784e9c918a4cba5cdcce89/elements - {"using":"xpath","value":"//*[@id=\"__dialog1-ok\"]"}
RESULT: {"using":"xpath","value":"//*[@id=\"__dialog1-ok\"]"}
COMMAND: POST /session/fd053d550c784e9c918a4cba5cdcce89/elements - {"using":"xpath","value":"//*[@id=\"__dialog1-ok\"]"}
RESULT: {"using":"xpath","value":"//*[@id=\"__dialog1-ok\"]"}
COMMAND: POST /session/fd053d550c784e9c918a4cba5cdcce89/elements - {"using":"xpath","value":"//*[@id=\"__dialog1-ok\"]"}
RESULT: {"using":"xpath","value":"//*[@id=\"__dialog1-ok\"]"}
COMMAND: POST /session/fd053d550c784e9c918a4cba5cdcce89/elements - {"using":"xpath","value":"//*[@id=\"__dialog1-ok\"]"}
RESULT: {"using":"xpath","value":"//*[@id=\"__dialog1-ok\"]"}
COMMAND: POST /session/fd053d550c784e9c918a4cba5cdcce89/elements - {"using":"xpath","value":"//*[@id=\"__dialog1-ok\"]"}
RESULT: {"using":"xpath","value":"//*[@id=\"__dialog1-ok\"]"}
COMMAND: POST /session/fd053d550c784e9c918a4cba5cdcce89/elements - {"using":"xpath","value":"//*[@id=\"__dialog1-ok\"]"}
RESULT: {"using":"xpath","value":"//*[@id=\"__dialog1-ok\"]"}
COMMAND: POST /session/fd053d550c784e9c918a4cba5cdcce89/elements - {"using":"xpath","value":"//*[@id=\"__dialog1-ok\"]"}
RESULT: {"using":"xpath","value":"//*[@id=\"__dialog1-ok\"]"}
COMMAND: POST /session/fd053d550c784e9c918a4cba5cdcce89/elements - {"using":"xpath","value":"//*[@id=\"__dialog1-ok\"]"}
RESULT: {"using":"xpath","value":"//*[@id=\"__dialog1-ok\"]"}
COMMAND: POST /session/fd053d550c784e9c918a4cba5cdcce89/elements - {"using":"xpath","value":"//*[@id=\"__dialog1-ok\"]"}
RESULT: {"using":"xpath","value":"//*[@id=\"__dialog1-ok\"]"}
COMMAND: POST /session/fd053d550c784e9c918a4cba5cdcce89/elements - {"using":"xpath","value":"//*[@id=\"__dialog1-ok\"]"}
RESULT: {"using":"xpath","value":"//*[@id=\"__dialog1-ok\"]"}
COMMAND: POST /session/fd053d550c784e9c918a4cba5cdcce89/elements - {"using":"xpath","value":"//*[@id=\"__dialog1-ok\"]"}
RESULT: {"using":"xpath","value":"//*[@id=\"__dialog1-ok\"]"}
COMMAND: POST /session/fd053d550c784e9c918a4cba5cdcce89/elements - {"using":"xpath","value":"//*[@id=\"__dialog1-ok\"]"}
RESULT: {"using":"xpath","value":"//*[@id=\"__dialog1-ok\"]"}
COMMAND: POST /session/fd053d550c784e9c918a4cba5cdcce89/elements - {"using":"xpath","value":"//*[@id=\"__dialog1-ok\"]"}
RESULT: {"using":"xpath","value":"//*[@id=\"__dialog1-ok\"]"}
COMMAND: POST /session/fd053d550c784e9c918a4cba5cdcce89/elements - {"using":"xpath","value":"//*[@id=\"__dialog1-ok\"]"}
RESULT: {"using":"xpath","value":"//*[@id=\"__dialog1-ok\"]"}
COMMAND: POST /session/fd053d550c784e9c918a4cba5cdcce89/elements - {"using":"xpath","value":"//*[@id=\"__dialog1-ok\"]"}
RESULT: {"using":"xpath","value":"//*[@id=\"__dialog1-ok\"]"}
COMMAND: POST /session/fd053d550c784e9c918a4cba5cdcce89/elements - {"using":"xpath","value":"//*[@id=\"__dialog1-ok\"]"}
RESULT: {"using":"xpath","value":"//*[@id=\"__dialog1-ok\"]"}
COMMAND: POST /session/fd053d550c784e9c918a4cba5cdcce89/elements - {"using":"xpath","value":"//*[@id=\"__dialog1-ok\"]"}
RESULT: {"using":"xpath","value":"//*[@id=\"__dialog1-ok\"]"}
COMMAND: POST /session/fd053d550c784e9c918a4cba5cdcce89/elements - {"using":"xpath","value":"//*[@id=\"__dialog1-ok\"]"}
RESULT: {"using":"xpath","value":"//*[@id=\"__dialog1-ok\"]"}
COMMAND: POST /session/fd053d550c784e9c918a4cba5cdcce89/elements - {"using":"xpath","value":"//*[@id=\"__dialog1-ok\"]"}
RESULT: {"using":"xpath","value":"//*[@id=\"__dialog1-ok\"]"}
COMMAND: POST /session/fd053d550c784e9c918a4cba5cdcce89/elements - {"using":"xpath","value":"//*[@id=\"__dialog1-ok\"]"}
RESULT: {"using":"xpath","value":"//*[@id=\"__dialog1-ok\"]"}
COMMAND: POST /session/fd053d550c784e9c918a4cba5cdcce89/elements - {"using":"xpath","value":"//*[@id=\"__dialog1-ok\"]"}
RESULT: {"using":"xpath","value":"//*[@id=\"__dialog1-ok\"]"}
COMMAND: POST /session/fd053d550c784e9c918a4cba5cdcce89/elements - {"using":"xpath","value":"//*[@id=\"__dialog1-ok\"]"}
RESULT: {"using":"xpath","value":"//*[@id=\"__dialog1-ok\"]"}
COMMAND: POST /session/fd053d550c784e9c918a4cba5cdcce89/elements - {"using":"xpath","value":"//*[@id=\"__dialog1-ok\"]"}
RESULT: {"using":"xpath","value":"//*[@id=\"__dialog1-ok\"]"}
COMMAND: POST /session/fd053d550c784e9c918a4cba5cdcce89/elements - {"using":"xpath","value":"//*[@id=\"__dialog1-ok\"]"}
RESULT: {"using":"xpath","value":"//*[@id=\"__dialog1-ok\"]"}
COMMAND: POST /session/fd053d550c784e9c918a4cba5cdcce89/elements - {"using":"xpath","value":"//*[@id=\"__dialog1-ok\"]"}
RESULT: {"using":"xpath","value":"//*[@id=\"__dialog1-ok\"]"}
COMMAND: POST /session/fd053d550c784e9c918a4cba5cdcce89/elements - {"using":"xpath","value":"//*[@id=\"__dialog1-ok\"]"}
RESULT: {"using":"xpath","value":"//*[@id=\"__dialog1-ok\"]"}
COMMAND: POST /session/fd053d550c784e9c918a4cba5cdcce89/elements - {"using":"xpath","value":"//*[@id=\"__dialog1-ok\"]"}
RESULT: {"using":"xpath","value":"//*[@id=\"__dialog1-ok\"]"}
COMMAND: POST /session/fd053d550c784e9c918a4cba5cdcce89/elements - {"using":"xpath","value":"//*[@id=\"__dialog1-ok\"]"}
RESULT: {"using":"xpath","value":"//*[@id=\"__dialog1-ok\"]"}
COMMAND: POST /session/fd053d550c784e9c918a4cba5cdcce89/elements - {"using":"xpath","value":"//*[@id=\"__dialog1-ok\"]"}
RESULT: {"using":"xpath","value":"//*[@id=\"__dialog1-ok\"]"}
COMMAND: POST /session/fd053d550c784e9c918a4cba5cdcce89/elements - {"using":"xpath","value":"//*[@id=\"__dialog1-ok\"]"}
RESULT: {"using":"xpath","value":"//*[@id=\"__dialog1-ok\"]"}
COMMAND: POST /session/fd053d550c784e9c918a4cba5cdcce89/elements - {"using":"xpath","value":"//*[@id=\"__dialog1-ok\"]"}
RESULT: {"using":"xpath","value":"//*[@id=\"__dialog1-ok\"]"}
COMMAND: POST /session/fd053d550c784e9c918a4cba5cdcce89/elements - {"using":"xpath","value":"//*[@id=\"__dialog1-ok\"]"}
RESULT: {"using":"xpath","value":"//*[@id=\"__dialog1-ok\"]"}
COMMAND: POST /session/fd053d550c784e9c918a4cba5cdcce89/elements - {"using":"xpath","value":"//*[@id=\"__dialog1-ok\"]"}
RESULT: {"using":"xpath","value":"//*[@id=\"__dialog1-ok\"]"}
COMMAND: POST /session/fd053d550c784e9c918a4cba5cdcce89/elements - {"using":"xpath","value":"//*[@id=\"__dialog1-ok\"]"}
RESULT: {"using":"xpath","value":"//*[@id=\"__dialog1-ok\"]"}
COMMAND: POST /session/fd053d550c784e9c918a4cba5cdcce89/elements - {"using":"xpath","value":"//*[@id=\"__dialog1-ok\"]"}
RESULT: {"using":"xpath","value":"//*[@id=\"__dialog1-ok\"]"}
COMMAND: POST /session/fd053d550c784e9c918a4cba5cdcce89/elements - {"using":"xpath","value":"//*[@id=\"__dialog1-ok\"]"}
RESULT: {"using":"xpath","value":"//*[@id=\"__dialog1-ok\"]"}
COMMAND: POST /session/fd053d550c784e9c918a4cba5cdcce89/elements - {"using":"xpath","value":"//*[@id=\"__dialog1-ok\"]"}
RESULT: {"using":"xpath","value":"//*[@id=\"__dialog1-ok\"]"}
COMMAND: POST /session/fd053d550c784e9c918a4cba5cdcce89/elements - {"using":"xpath","value":"//*[@id=\"__dialog1-ok\"]"}
RESULT: {"using":"xpath","value":"//*[@id=\"__dialog1-ok\"]"}
COMMAND: POST /session/fd053d550c784e9c918a4cba5cdcce89/elements - {"using":"xpath","value":"//*[@id=\"__dialog1-ok\"]"}
RESULT: {"using":"xpath","value":"//*[@id=\"__dialog1-ok\"]"}
COMMAND: POST /session/fd053d550c784e9c918a4cba5cdcce89/elements - {"using":"xpath","value":"//*[@id=\"__dialog1-ok\"]"}
RESULT: {"using":"xpath","value":"//*[@id=\"__dialog1-ok\"]"}
COMMAND: POST /session/fd053d550c784e9c918a4cba5cdcce89/elements - {"using":"xpath","value":"//*[@id=\"__dialog1-ok\"]"}
RESULT: {"using":"xpath","value":"//*[@id=\"__dialog1-ok\"]"}
COMMAND: POST /session/fd053d550c784e9c918a4cba5cdcce89/elements - {"using":"xpath","value":"//*[@id=\"__dialog1-ok\"]"}
RESULT: {"using":"xpath","value":"//*[@id=\"__dialog1-ok\"]"}
COMMAND: POST /session/fd053d550c784e9c918a4cba5cdcce89/elements - {"using":"xpath","value":"//*[@id=\"__dialog1-ok\"]"}
RESULT: {"using":"xpath","value":"//*[@id=\"__dialog1-ok\"]"}
COMMAND: POST /session/fd053d550c784e9c918a4cba5cdcce89/elements - {"using":"xpath","value":"//*[@id=\"__dialog1-ok\"]"}
RESULT: {"using":"xpath","value":"//*[@id=\"__dialog1-ok\"]"}
COMMAND: POST /session/fd053d550c784e9c918a4cba5cdcce89/elements - {"using":"xpath","value":"//*[@id=\"__dialog1-ok\"]"}
RESULT: {"using":"xpath","value":"//*[@id=\"__dialog1-ok\"]"}
COMMAND: POST /session/fd053d550c784e9c918a4cba5cdcce89/elements - {"using":"xpath","value":"//*[@id=\"__dialog1-ok\"]"}
RESULT: {"using":"xpath","value":"//*[@id=\"__dialog1-ok\"]"}
COMMAND: POST /session/fd053d550c784e9c918a4cba5cdcce89/elements - {"using":"xpath","value":"//*[@id=\"__dialog1-ok\"]"}
RESULT: {"using":"xpath","value":"//*[@id=\"__dialog1-ok\"]"}
COMMAND: POST /session/fd053d550c784e9c918a4cba5cdcce89/elements - {"using":"xpath","value":"//*[@id=\"__dialog1-ok\"]"}
COMMAND: POST /session/fd053d550c784e9c918a4cba5cdcce89/element - {"using":"xpath","value":"//*[contains(text(), \"OK\")]"}
RESULT: {"using":"xpath","value":"//*[@id=\"__dialog1-ok\"]"}
RESULT: {"using":"xpath","value":"//*[contains(text(), \"OK\")]"}
COMMAND: POST /session/fd053d550c784e9c918a4cba5cdcce89/execute/sync - {"script":"<script> [8489 bytes]","args":[{"element-6066-11e4-a52e-4f735466cecf":"f.F8295049C2BDFA251CF0B02042C68739.d.FB0C3F006D9E15E755ACCE7F3F22A2A2.e.755","ELEMENT":"f.F8295049C2BDFA251CF0B02042C68739.d.FB0C3F006D9E15E755ACCE7F3F22A2A2.e.755"}]}
RESULT: {"script":"<script> [8489 bytes]","args":[{"element-6066-11e4-a52e-4f735466cecf":"f.F8295049C2BDFA251CF0B02042C68739.d.FB0C3F006D9E15E755ACCE7F3F22A2A2.e.755","ELEMENT":"f.F8295049C2BDFA251CF0B02042C68739.d.FB0C3F006D9E15E755ACCE7F3F22A2A2.e.755"}]}
COMMAND: POST /session/fd053d550c784e9c918a4cba5cdcce89/execute/sync - {"script":"<script> [5351 bytes]","args":[{"element-6066-11e4-a52e-4f735466cecf":"f.F8295049C2BDFA251CF0B02042C68739.d.FB0C3F006D9E15E755ACCE7F3F22A2A2.e.755","ELEMENT":"f.F8295049C2BDFA251CF0B02042C68739.d.FB0C3F006D9E15E755ACCE7F3F22A2A2.e.755"}]}
COMMAND: GET /session/fd053d550c784e9c918a4cba5cdcce89/screenshot - {}
RESULT: {"script":"<script> [5351 bytes]","args":[{"element-6066-11e4-a52e-4f735466cecf":"f.F8295049C2BDFA251CF0B02042C68739.d.FB0C3F006D9E15E755ACCE7F3F22A2A2.e.755","ELEMENT":"f.F8295049C2BDFA251CF0B02042C68739.d.FB0C3F006D9E15E755ACCE7F3F22A2A2.e.755"}]}
COMMAND: POST /session/fd053d550c784e9c918a4cba5cdcce89/element/f.F8295049C2BDFA251CF0B02042C68739.d.FB0C3F006D9E15E755ACCE7F3F22A2A2.e.755/click - {}
COMMAND: GET /session/fd053d550c784e9c918a4cba5cdcce89/screenshot - {}
RESULT: {}
RESULT: {}
COMMAND: GET /session/fd053d550c784e9c918a4cba5cdcce89/screenshot - {}
RESULT: {}
RESULT: {}
COMMAND: POST /session/fd053d550c784e9c918a4cba5cdcce89/execute/async - {"script":"<script> [1562 bytes]","args":[{"selector":{"id":"application-manageresources-display-component---newResourceUnit--rruAssetNo","interaction":{"idSuffix":"inner"}},"wdio_ui5_key":"applicationmanageresources-display-component---newResourceUnit--rruAssetNo"}]}
RESULT: {"script":"<script> [1562 bytes]","args":[{"selector":{"id":"application-manageresources-display-component---newResourceUnit--rruAssetNo","interaction":{"idSuffix":"inner"}},"wdio_ui5_key":"applicationmanageresources-display-component---newResourceUnit--rruAssetNo"}]}
RESULT: undefined
COMMAND: POST /session/fd053d550c784e9c918a4cba5cdcce89/execute/async - {"script":"<script> [6424 bytes]","args":[{"element-6066-11e4-a52e-4f735466cecf":"f.F8295049C2BDFA251CF0B02042C68739.d.FB0C3F006D9E15E755ACCE7F3F22A2A2.e.758"},"getValue",[]]}
RESULT: {"script":"<script> [6424 bytes]","args":[{"element-6066-11e4-a52e-4f735466cecf":"f.F8295049C2BDFA251CF0B02042C68739.d.FB0C3F006D9E15E755ACCE7F3F22A2A2.e.758"},"getValue",[]]}
]]></system-out>
    </testcase>
    <testcase classname="chrome.135_0_7049_42.windows.Manage_RU:_Interfaces_Data_Check_for_UI_fields_US132253" name="Should see correct data from the Cost Object interface" time="15.021">
      <system-out><![CDATA[
COMMAND: POST /session/fd053d550c784e9c918a4cba5cdcce89/execute/async - {"script":"<script> [1562 bytes]","args":[{"selector":{"id":"application-manageresources-display-component---newResourceUnit--newRRUPage-anchBar-application-manageresources-display-component---newResourceUnit--control-anchor","interaction":{"idSuffix":"BDI-content"}},"wdio_ui5_key":"applicationmanageresources-display-component---newResourceUnit--newRRUPage-anchBar-application-manageresources-display-component---newResourceUnit--control-anchor"}]}
RESULT: {"script":"<script> [1562 bytes]","args":[{"selector":{"id":"application-manageresources-display-component---newResourceUnit--newRRUPage-anchBar-application-manageresources-display-component---newResourceUnit--control-anchor","interaction":{"idSuffix":"BDI-content"}},"wdio_ui5_key":"applicationmanageresources-display-component---newResourceUnit--newRRUPage-anchBar-application-manageresources-display-component---newResourceUnit--control-anchor"}]}
RESULT: undefined
COMMAND: POST /session/fd053d550c784e9c918a4cba5cdcce89/element - {"using":"xpath","value":"//*[@id=\"application-manageresources-display-component---newResourceUnit--newRRUPage-anchBar-application-manageresources-display-component---newResourceUnit--control-anchor\"]"}
RESULT: {"using":"xpath","value":"//*[@id=\"application-manageresources-display-component---newResourceUnit--newRRUPage-anchBar-application-manageresources-display-component---newResourceUnit--control-anchor\"]"}
COMMAND: POST /session/fd053d550c784e9c918a4cba5cdcce89/element/f.F8295049C2BDFA251CF0B02042C68739.d.FB0C3F006D9E15E755ACCE7F3F22A2A2.e.761/click - {}
RESULT: {}
COMMAND: POST /session/fd053d550c784e9c918a4cba5cdcce89/execute/async - {"script":"<script> [1562 bytes]","args":[{"selector":{"id":"application-manageresources-display-component---newResourceUnit--DECOMMISSIONING","interaction":{"idSuffix":"inner"}},"wdio_ui5_key":"applicationmanageresources-display-component---newResourceUnit--DECOMMISSIONING"}]}
COMMAND: GET /session/fd053d550c784e9c918a4cba5cdcce89/screenshot - {}
RESULT: {"script":"<script> [1562 bytes]","args":[{"selector":{"id":"application-manageresources-display-component---newResourceUnit--DECOMMISSIONING","interaction":{"idSuffix":"inner"}},"wdio_ui5_key":"applicationmanageresources-display-component---newResourceUnit--DECOMMISSIONING"}]}
RESULT: undefined
COMMAND: POST /session/fd053d550c784e9c918a4cba5cdcce89/execute/async - {"script":"<script> [776 bytes]","args":[{"enterText":0,"selector":{"id":"application-manageresources-display-component---newResourceUnit--DECOMMISSIONING","interaction":{"idSuffix":"inner"}},"clearTextFirst":true,"interactionType":"ENTER_TEXT"}]}
RESULT: {}
RESULT: {"script":"<script> [776 bytes]","args":[{"enterText":0,"selector":{"id":"application-manageresources-display-component---newResourceUnit--DECOMMISSIONING","interaction":{"idSuffix":"inner"}},"clearTextFirst":true,"interactionType":"ENTER_TEXT"}]}
COMMAND: POST /session/fd053d550c784e9c918a4cba5cdcce89/execute/async - {"script":"<script> [1562 bytes]","args":[{"selector":{"id":"application-manageresources-display-component---newResourceUnit--btnAddTimeSegment-img"},"wdio_ui5_key":"applicationmanageresources-display-component---newResourceUnit--btnAddTimeSegment-img"}]}
RESULT: {"script":"<script> [1562 bytes]","args":[{"selector":{"id":"application-manageresources-display-component---newResourceUnit--btnAddTimeSegment-img"},"wdio_ui5_key":"applicationmanageresources-display-component---newResourceUnit--btnAddTimeSegment-img"}]}
RESULT: undefined
COMMAND: POST /session/fd053d550c784e9c918a4cba5cdcce89/element - {"using":"xpath","value":"//*[@id=\"application-manageresources-display-component---newResourceUnit--btnAddTimeSegment-img\"]"}
COMMAND: POST /session/fd053d550c784e9c918a4cba5cdcce89/execute/async - {"script":"<script> [6424 bytes]","args":[{"element-6066-11e4-a52e-4f735466cecf":"f.F8295049C2BDFA251CF0B02042C68739.d.FB0C3F006D9E15E755ACCE7F3F22A2A2.e.766"},"getVisible",[]]}
RESULT: {"script":"<script> [6424 bytes]","args":[{"element-6066-11e4-a52e-4f735466cecf":"f.F8295049C2BDFA251CF0B02042C68739.d.FB0C3F006D9E15E755ACCE7F3F22A2A2.e.766"},"getVisible",[]]}
RESULT: {"using":"xpath","value":"//*[@id=\"application-manageresources-display-component---newResourceUnit--btnAddTimeSegment-img\"]"}
COMMAND: POST /session/fd053d550c784e9c918a4cba5cdcce89/element/f.F8295049C2BDFA251CF0B02042C68739.d.FB0C3F006D9E15E755ACCE7F3F22A2A2.e.766/click - {}
RESULT: {}
COMMAND: POST /session/fd053d550c784e9c918a4cba5cdcce89/actions - {"actions":[{"id":"action3","type":"key","parameters":{},"actions":[{"type":"keyDown","value":""},{"type":"keyDown","value":""},{"type":"pause","duration":10},{"type":"keyUp","value":""},{"type":"keyUp","value":""}]}]}
COMMAND: GET /session/fd053d550c784e9c918a4cba5cdcce89/screenshot - {}
RESULT: {"actions":[{"id":"action3","type":"key","parameters":{},"actions":[{"type":"keyDown","value":""},{"type":"keyDown","value":""},{"type":"pause","duration":10},{"type":"keyUp","value":""},{"type":"keyUp","value":""}]}]}
COMMAND: GET /session/fd053d550c784e9c918a4cba5cdcce89/screenshot - {}
RESULT: {}
RESULT: {}
COMMAND: POST /session/fd053d550c784e9c918a4cba5cdcce89/execute/async - {"script":"<script> [1562 bytes]","args":[{"selector":{"controlType":"sap.ui.core.Icon","viewName":"reusables.view.manageresources.NewResourceUnit","viewId":"application-manageresources-display-component---newResourceUnit","properties":{"src":{"regex":{"source":"slim\\-arrow\\-down"}}},"ancestor":{"controlType":"sap.m.ComboBox","viewName":"reusables.view.manageresources.NewResourceUnit","viewId":"application-manageresources-display-component---newResourceUnit","bindingPath":{"path":"/RESOURCE_UNIT_TIME_SEQUENCES/0","propertyPath":"COST_OBJECT_OWNER_CST_TYPE","modelName":"oNewRruModel"}}},"wdio_ui5_key":"reusablesview.manageresources.NewResourceUnitsap.ui.core.Icon{\"src\":{\"regex\":{\"source\":\"slim\\\\-arrow\\\\-down\"}}}{\"controlType\":\"sap.m.ComboBox\",\"viewName\":\"reusables.view.manageresources.NewResourceUnit\",\"viewId\":\"application-manageresources-display-component---newResourceUnit\",\"bindingPath\":{\"path\":\"/RESOURCE_UNIT_TIME_SEQUENCES/0\",\"propertyPath\":\"COST_OBJECT_OWNER_CST_TYPE\",\"modelName\":\"oNewRruModel\"}}"}]}
RESULT: {"script":"<script> [1562 bytes]","args":[{"selector":{"controlType":"sap.ui.core.Icon","viewName":"reusables.view.manageresources.NewResourceUnit","viewId":"application-manageresources-display-component---newResourceUnit","properties":{"src":{"regex":{"source":"slim\\-arrow\\-down"}}},"ancestor":{"controlType":"sap.m.ComboBox","viewName":"reusables.view.manageresources.NewResourceUnit","viewId":"application-manageresources-display-component---newResourceUnit","bindingPath":{"path":"/RESOURCE_UNIT_TIME_SEQUENCES/0","propertyPath":"COST_OBJECT_OWNER_CST_TYPE","modelName":"oNewRruModel"}}},"wdio_ui5_key":"reusablesview.manageresources.NewResourceUnitsap.ui.core.Icon{\"src\":{\"regex\":{\"source\":\"slim\\\\-arrow\\\\-down\"}}}{\"controlType\":\"sap.m.ComboBox\",\"viewName\":\"reusables.view.manageresources.NewResourceUnit\",\"viewId\":\"application-manageresources-display-component---newResourceUnit\",\"bindingPath\":{\"path\":\"/RESOURCE_UNIT_TIME_SEQUENCES/0\",\"propertyPath\":\"COST_OBJECT_OWNER_CST_TYPE\",\"modelName\":\"oNewRruModel\"}}"}]}
RESULT: undefined
COMMAND: POST /session/fd053d550c784e9c918a4cba5cdcce89/element - {"using":"xpath","value":"//*[@id=\"__box4-application-manageresources-display-component---newResourceUnit--RUTimeSegment-0-arrow\"]"}
RESULT: {"using":"xpath","value":"//*[@id=\"__box4-application-manageresources-display-component---newResourceUnit--RUTimeSegment-0-arrow\"]"}
COMMAND: POST /session/fd053d550c784e9c918a4cba5cdcce89/element/f.F8295049C2BDFA251CF0B02042C68739.d.FB0C3F006D9E15E755ACCE7F3F22A2A2.e.784/click - {}
RESULT: {}
COMMAND: POST /session/fd053d550c784e9c918a4cba5cdcce89/element - {"using":"xpath","value":"//span[@aria-live=\"polite\" and text()=\"Cost Center\"]"}
COMMAND: GET /session/fd053d550c784e9c918a4cba5cdcce89/screenshot - {}
RESULT: {"using":"xpath","value":"//span[@aria-live=\"polite\" and text()=\"Cost Center\"]"}
COMMAND: POST /session/fd053d550c784e9c918a4cba5cdcce89/execute/sync - {"script":"<script> [8489 bytes]","args":[{"element-6066-11e4-a52e-4f735466cecf":"f.F8295049C2BDFA251CF0B02042C68739.d.FB0C3F006D9E15E755ACCE7F3F22A2A2.e.785","ELEMENT":"f.F8295049C2BDFA251CF0B02042C68739.d.FB0C3F006D9E15E755ACCE7F3F22A2A2.e.785"}]}
RESULT: {}
RESULT: {"script":"<script> [8489 bytes]","args":[{"element-6066-11e4-a52e-4f735466cecf":"f.F8295049C2BDFA251CF0B02042C68739.d.FB0C3F006D9E15E755ACCE7F3F22A2A2.e.785","ELEMENT":"f.F8295049C2BDFA251CF0B02042C68739.d.FB0C3F006D9E15E755ACCE7F3F22A2A2.e.785"}]}
COMMAND: POST /session/fd053d550c784e9c918a4cba5cdcce89/element - {"using":"xpath","value":"//span[@aria-live=\"polite\" and text()=\"Internal Order\"]"}
COMMAND: GET /session/fd053d550c784e9c918a4cba5cdcce89/screenshot - {}
RESULT: {"using":"xpath","value":"//span[@aria-live=\"polite\" and text()=\"Internal Order\"]"}
COMMAND: POST /session/fd053d550c784e9c918a4cba5cdcce89/execute/sync - {"script":"<script> [8489 bytes]","args":[{"element-6066-11e4-a52e-4f735466cecf":"f.F8295049C2BDFA251CF0B02042C68739.d.FB0C3F006D9E15E755ACCE7F3F22A2A2.e.786","ELEMENT":"f.F8295049C2BDFA251CF0B02042C68739.d.FB0C3F006D9E15E755ACCE7F3F22A2A2.e.786"}]}
RESULT: {}
RESULT: {"script":"<script> [8489 bytes]","args":[{"element-6066-11e4-a52e-4f735466cecf":"f.F8295049C2BDFA251CF0B02042C68739.d.FB0C3F006D9E15E755ACCE7F3F22A2A2.e.786","ELEMENT":"f.F8295049C2BDFA251CF0B02042C68739.d.FB0C3F006D9E15E755ACCE7F3F22A2A2.e.786"}]}
COMMAND: POST /session/fd053d550c784e9c918a4cba5cdcce89/element - {"using":"xpath","value":"//span[@aria-live=\"polite\" and text()=\"PM Order\"]"}
COMMAND: GET /session/fd053d550c784e9c918a4cba5cdcce89/screenshot - {}
RESULT: {"using":"xpath","value":"//span[@aria-live=\"polite\" and text()=\"PM Order\"]"}
COMMAND: POST /session/fd053d550c784e9c918a4cba5cdcce89/execute/sync - {"script":"<script> [8489 bytes]","args":[{"element-6066-11e4-a52e-4f735466cecf":"f.F8295049C2BDFA251CF0B02042C68739.d.FB0C3F006D9E15E755ACCE7F3F22A2A2.e.787","ELEMENT":"f.F8295049C2BDFA251CF0B02042C68739.d.FB0C3F006D9E15E755ACCE7F3F22A2A2.e.787"}]}
RESULT: {}
RESULT: {"script":"<script> [8489 bytes]","args":[{"element-6066-11e4-a52e-4f735466cecf":"f.F8295049C2BDFA251CF0B02042C68739.d.FB0C3F006D9E15E755ACCE7F3F22A2A2.e.787","ELEMENT":"f.F8295049C2BDFA251CF0B02042C68739.d.FB0C3F006D9E15E755ACCE7F3F22A2A2.e.787"}]}
COMMAND: POST /session/fd053d550c784e9c918a4cba5cdcce89/element - {"using":"xpath","value":"//span[@aria-live=\"polite\" and text()=\"Work Breakdown Structure\"]"}
COMMAND: GET /session/fd053d550c784e9c918a4cba5cdcce89/screenshot - {}
RESULT: {"using":"xpath","value":"//span[@aria-live=\"polite\" and text()=\"Work Breakdown Structure\"]"}
COMMAND: POST /session/fd053d550c784e9c918a4cba5cdcce89/execute/sync - {"script":"<script> [8489 bytes]","args":[{"element-6066-11e4-a52e-4f735466cecf":"f.F8295049C2BDFA251CF0B02042C68739.d.FB0C3F006D9E15E755ACCE7F3F22A2A2.e.788","ELEMENT":"f.F8295049C2BDFA251CF0B02042C68739.d.FB0C3F006D9E15E755ACCE7F3F22A2A2.e.788"}]}
RESULT: {}
RESULT: {"script":"<script> [8489 bytes]","args":[{"element-6066-11e4-a52e-4f735466cecf":"f.F8295049C2BDFA251CF0B02042C68739.d.FB0C3F006D9E15E755ACCE7F3F22A2A2.e.788","ELEMENT":"f.F8295049C2BDFA251CF0B02042C68739.d.FB0C3F006D9E15E755ACCE7F3F22A2A2.e.788"}]}
COMMAND: GET /session/fd053d550c784e9c918a4cba5cdcce89/screenshot - {}
]]></system-out>
    </testcase>
    <testcase classname="chrome.135_0_7049_42.windows.Manage_RU:_Interfaces_Data_Check_for_UI_fields_US132253" name="Should see data from Material interface for Material Value Help Field" time="46.275">
      <system-out><![CDATA[
COMMAND: POST /session/fd053d550c784e9c918a4cba5cdcce89/execute/async - {"script":"<script> [1562 bytes]","args":[{"selector":{"id":"application-manageresources-display-component---newResourceUnit--closeButton","interaction":{"idSuffix":"BDI-content"}},"wdio_ui5_key":"applicationmanageresources-display-component---newResourceUnit--closeButton"}]}
RESULT: {"script":"<script> [1562 bytes]","args":[{"selector":{"id":"application-manageresources-display-component---newResourceUnit--closeButton","interaction":{"idSuffix":"BDI-content"}},"wdio_ui5_key":"applicationmanageresources-display-component---newResourceUnit--closeButton"}]}
RESULT: undefined
COMMAND: POST /session/fd053d550c784e9c918a4cba5cdcce89/element - {"using":"xpath","value":"//*[@id=\"application-manageresources-display-component---newResourceUnit--closeButton\"]"}
RESULT: {}
RESULT: {"using":"xpath","value":"//*[@id=\"application-manageresources-display-component---newResourceUnit--closeButton\"]"}
COMMAND: POST /session/fd053d550c784e9c918a4cba5cdcce89/element/f.F8295049C2BDFA251CF0B02042C68739.d.FB0C3F006D9E15E755ACCE7F3F22A2A2.e.617/click - {}
RESULT: {}
COMMAND: GET /session/fd053d550c784e9c918a4cba5cdcce89/screenshot - {}
RESULT: {}
RESULT: undefined
COMMAND: POST /session/fd053d550c784e9c918a4cba5cdcce89/element - {"using":"xpath","value":"//*[@id=\"__button5-img\"]"}
RESULT: {"using":"xpath","value":"//*[@id=\"__button5-img\"]"}
COMMAND: POST /session/fd053d550c784e9c918a4cba5cdcce89/element/f.F8295049C2BDFA251CF0B02042C68739.d.FB0C3F006D9E15E755ACCE7F3F22A2A2.e.289/click - {}
RESULT: {}
COMMAND: GET /session/fd053d550c784e9c918a4cba5cdcce89/screenshot - {}
RESULT: {}
RESULT: undefined
COMMAND: POST /session/fd053d550c784e9c918a4cba5cdcce89/execute/async - {"script":"<script> [776 bytes]","args":[{"enterText":"Material","selector":{"id":"application-manageresources-display-component---newResourceUnit--TYPE","interaction":{"idSuffix":"inner"}},"clearTextFirst":true,"interactionType":"ENTER_TEXT"}]}
RESULT: {"script":"<script> [776 bytes]","args":[{"enterText":"Material","selector":{"id":"application-manageresources-display-component---newResourceUnit--TYPE","interaction":{"idSuffix":"inner"}},"clearTextFirst":true,"interactionType":"ENTER_TEXT"}]}
COMMAND: POST /session/fd053d550c784e9c918a4cba5cdcce89/actions - {"actions":[{"id":"action4","type":"key","parameters":{},"actions":[{"type":"keyDown","value":""},{"type":"pause","duration":10},{"type":"keyUp","value":""}]}]}
RESULT: {"actions":[{"id":"action4","type":"key","parameters":{},"actions":[{"type":"keyDown","value":""},{"type":"pause","duration":10},{"type":"keyUp","value":""}]}]}
COMMAND: GET /session/fd053d550c784e9c918a4cba5cdcce89/screenshot - {}
RESULT: {}
COMMAND: POST /session/fd053d550c784e9c918a4cba5cdcce89/execute/async - {"script":"<script> [1562 bytes]","args":[{"selector":{"id":"application-manageresources-display-component---newResourceUnit--MATERIAL_NO","interaction":{"idSuffix":"inner"}},"wdio_ui5_key":"applicationmanageresources-display-component---newResourceUnit--MATERIAL_NO"}]}
RESULT: {"script":"<script> [1562 bytes]","args":[{"selector":{"id":"application-manageresources-display-component---newResourceUnit--MATERIAL_NO","interaction":{"idSuffix":"inner"}},"wdio_ui5_key":"applicationmanageresources-display-component---newResourceUnit--MATERIAL_NO"}]}
RESULT: undefined
COMMAND: POST /session/fd053d550c784e9c918a4cba5cdcce89/execute/async - {"script":"<script> [776 bytes]","args":[{"enterText":"","selector":{"id":"application-manageresources-display-component---newResourceUnit--MATERIAL_NO","interaction":{"idSuffix":"inner"}},"clearTextFirst":true,"interactionType":"ENTER_TEXT"}]}
RESULT: {"script":"<script> [776 bytes]","args":[{"enterText":"","selector":{"id":"application-manageresources-display-component---newResourceUnit--MATERIAL_NO","interaction":{"idSuffix":"inner"}},"clearTextFirst":true,"interactionType":"ENTER_TEXT"}]}
COMMAND: POST /session/fd053d550c784e9c918a4cba5cdcce89/execute/async - {"script":"<script> [1562 bytes]","args":[{"selector":{"id":"application-manageresources-display-component---newResourceUnit--MATERIAL_NO-vhi"},"wdio_ui5_key":"applicationmanageresources-display-component---newResourceUnit--MATERIAL_NO-vhi"}]}
RESULT: {"script":"<script> [1562 bytes]","args":[{"selector":{"id":"application-manageresources-display-component---newResourceUnit--MATERIAL_NO-vhi"},"wdio_ui5_key":"applicationmanageresources-display-component---newResourceUnit--MATERIAL_NO-vhi"}]}
RESULT: undefined
COMMAND: POST /session/fd053d550c784e9c918a4cba5cdcce89/element - {"using":"xpath","value":"//*[@id=\"application-manageresources-display-component---newResourceUnit--MATERIAL_NO-vhi\"]"}
RESULT: {"using":"xpath","value":"//*[@id=\"application-manageresources-display-component---newResourceUnit--MATERIAL_NO-vhi\"]"}
COMMAND: POST /session/fd053d550c784e9c918a4cba5cdcce89/element/f.F8295049C2BDFA251CF0B02042C68739.d.FB0C3F006D9E15E755ACCE7F3F22A2A2.e.1078/click - {}
RESULT: {}
COMMAND: POST /session/fd053d550c784e9c918a4cba5cdcce89/execute/async - {"script":"<script> [1562 bytes]","args":[{"selector":{"controlType":"sap.m.SearchField","properties":{"placeholder":"Search"},"searchOpenDialogs":true,"interaction":{"idSuffix":"I"}},"wdio_ui5_key":"sapm.SearchField{\"placeholder\":\"Search\"}"}]}
COMMAND: GET /session/fd053d550c784e9c918a4cba5cdcce89/screenshot - {}
RESULT: {"script":"<script> [1562 bytes]","args":[{"selector":{"controlType":"sap.m.SearchField","properties":{"placeholder":"Search"},"searchOpenDialogs":true,"interaction":{"idSuffix":"I"}},"wdio_ui5_key":"sapm.SearchField{\"placeholder\":\"Search\"}"}]}
RESULT: undefined
COMMAND: POST /session/fd053d550c784e9c918a4cba5cdcce89/execute/async - {"script":"<script> [776 bytes]","args":[{"enterText":"SAP ME TEST","selector":{"controlType":"sap.m.SearchField","properties":{"placeholder":"Search"},"searchOpenDialogs":true,"interaction":{"idSuffix":"I"}},"clearTextFirst":true,"interactionType":"ENTER_TEXT"}]}
RESULT: {}
RESULT: {"script":"<script> [776 bytes]","args":[{"enterText":"SAP ME TEST","selector":{"controlType":"sap.m.SearchField","properties":{"placeholder":"Search"},"searchOpenDialogs":true,"interaction":{"idSuffix":"I"}},"clearTextFirst":true,"interactionType":"ENTER_TEXT"}]}
COMMAND: POST /session/fd053d550c784e9c918a4cba5cdcce89/actions - {"actions":[{"id":"action5","type":"key","parameters":{},"actions":[{"type":"keyDown","value":""},{"type":"pause","duration":10},{"type":"keyUp","value":""}]}]}
RESULT: {"actions":[{"id":"action5","type":"key","parameters":{},"actions":[{"type":"keyDown","value":""},{"type":"pause","duration":10},{"type":"keyUp","value":""}]}]}
COMMAND: GET /session/fd053d550c784e9c918a4cba5cdcce89/screenshot - {}
RESULT: {}
COMMAND: POST /session/fd053d550c784e9c918a4cba5cdcce89/element - {"using":"xpath","value":"//span[text()=\"41\"]"}
RESULT: {"using":"xpath","value":"//span[text()=\"41\"]"}
COMMAND: POST /session/fd053d550c784e9c918a4cba5cdcce89/elements - {"using":"xpath","value":"//span[text()=\"41\"]"}
RESULT: {"using":"xpath","value":"//span[text()=\"41\"]"}
COMMAND: POST /session/fd053d550c784e9c918a4cba5cdcce89/execute/sync - {"script":"<script> [8489 bytes]","args":[{"element-6066-11e4-a52e-4f735466cecf":"f.F8295049C2BDFA251CF0B02042C68739.d.FB0C3F006D9E15E755ACCE7F3F22A2A2.e.1096","ELEMENT":"f.F8295049C2BDFA251CF0B02042C68739.d.FB0C3F006D9E15E755ACCE7F3F22A2A2.e.1096"}]}
RESULT: {"script":"<script> [8489 bytes]","args":[{"element-6066-11e4-a52e-4f735466cecf":"f.F8295049C2BDFA251CF0B02042C68739.d.FB0C3F006D9E15E755ACCE7F3F22A2A2.e.1096","ELEMENT":"f.F8295049C2BDFA251CF0B02042C68739.d.FB0C3F006D9E15E755ACCE7F3F22A2A2.e.1096"}]}
COMMAND: GET /session/fd053d550c784e9c918a4cba5cdcce89/element/f.F8295049C2BDFA251CF0B02042C68739.d.FB0C3F006D9E15E755ACCE7F3F22A2A2.e.1096/enabled - {}
COMMAND: GET /session/fd053d550c784e9c918a4cba5cdcce89/screenshot - {}
RESULT: {}
COMMAND: POST /session/fd053d550c784e9c918a4cba5cdcce89/execute/sync - {"script":"<script> [8489 bytes]","args":[{"element-6066-11e4-a52e-4f735466cecf":"f.F8295049C2BDFA251CF0B02042C68739.d.FB0C3F006D9E15E755ACCE7F3F22A2A2.e.1096","ELEMENT":"f.F8295049C2BDFA251CF0B02042C68739.d.FB0C3F006D9E15E755ACCE7F3F22A2A2.e.1096"}]}
COMMAND: GET /session/fd053d550c784e9c918a4cba5cdcce89/screenshot - {}
RESULT: {}
RESULT: {"script":"<script> [8489 bytes]","args":[{"element-6066-11e4-a52e-4f735466cecf":"f.F8295049C2BDFA251CF0B02042C68739.d.FB0C3F006D9E15E755ACCE7F3F22A2A2.e.1096","ELEMENT":"f.F8295049C2BDFA251CF0B02042C68739.d.FB0C3F006D9E15E755ACCE7F3F22A2A2.e.1096"}]}
COMMAND: POST /session/fd053d550c784e9c918a4cba5cdcce89/execute/sync - {"script":"<script> [5351 bytes]","args":[{"element-6066-11e4-a52e-4f735466cecf":"f.F8295049C2BDFA251CF0B02042C68739.d.FB0C3F006D9E15E755ACCE7F3F22A2A2.e.1096","ELEMENT":"f.F8295049C2BDFA251CF0B02042C68739.d.FB0C3F006D9E15E755ACCE7F3F22A2A2.e.1096"}]}
COMMAND: GET /session/fd053d550c784e9c918a4cba5cdcce89/screenshot - {}
RESULT: {}
RESULT: {"script":"<script> [5351 bytes]","args":[{"element-6066-11e4-a52e-4f735466cecf":"f.F8295049C2BDFA251CF0B02042C68739.d.FB0C3F006D9E15E755ACCE7F3F22A2A2.e.1096","ELEMENT":"f.F8295049C2BDFA251CF0B02042C68739.d.FB0C3F006D9E15E755ACCE7F3F22A2A2.e.1096"}]}
COMMAND: POST /session/fd053d550c784e9c918a4cba5cdcce89/element/f.F8295049C2BDFA251CF0B02042C68739.d.FB0C3F006D9E15E755ACCE7F3F22A2A2.e.1096/click - {}
COMMAND: GET /session/fd053d550c784e9c918a4cba5cdcce89/screenshot - {}
RESULT: {}
RESULT: {}
COMMAND: POST /session/fd053d550c784e9c918a4cba5cdcce89/execute/async - {"script":"<script> [1562 bytes]","args":[{"selector":{"controlType":"sap.m.Token","properties":{"key":"MaterialValueHelpSet('41')"},"searchOpenDialogs":true},"wdio_ui5_key":"sapm.Token{\"key\":\"MaterialValueHelpSet('41')\"}"}]}
COMMAND: GET /session/fd053d550c784e9c918a4cba5cdcce89/screenshot - {}
RESULT: {}
RESULT: {"script":"<script> [1562 bytes]","args":[{"selector":{"controlType":"sap.m.Token","properties":{"key":"MaterialValueHelpSet('41')"},"searchOpenDialogs":true},"wdio_ui5_key":"sapm.Token{\"key\":\"MaterialValueHelpSet('41')\"}"}]}
RESULT: undefined
COMMAND: POST /session/fd053d550c784e9c918a4cba5cdcce89/execute/async - {"script":"<script> [6424 bytes]","args":[{"element-6066-11e4-a52e-4f735466cecf":"f.F8295049C2BDFA251CF0B02042C68739.d.FB0C3F006D9E15E755ACCE7F3F22A2A2.e.1098"},"getText",[]]}
RESULT: {}
RESULT: {"script":"<script> [6424 bytes]","args":[{"element-6066-11e4-a52e-4f735466cecf":"f.F8295049C2BDFA251CF0B02042C68739.d.FB0C3F006D9E15E755ACCE7F3F22A2A2.e.1098"},"getText",[]]}
COMMAND: POST /session/fd053d550c784e9c918a4cba5cdcce89/execute/async - {"script":"<script> [1562 bytes]","args":[{"selector":{"controlType":"sap.m.Button","id":"__button41","properties":{"text":"OK"},"searchOpenDialogs":true,"interaction":{"idSuffix":"BDI-content"}},"wdio_ui5_key":"button41sap.m.Button{\"text\":\"OK\"}"}]}
RESULT: {"script":"<script> [1562 bytes]","args":[{"selector":{"controlType":"sap.m.Button","id":"__button41","properties":{"text":"OK"},"searchOpenDialogs":true,"interaction":{"idSuffix":"BDI-content"}},"wdio_ui5_key":"button41sap.m.Button{\"text\":\"OK\"}"}]}
RESULT: undefined
COMMAND: POST /session/fd053d550c784e9c918a4cba5cdcce89/element - {"using":"xpath","value":"//*[contains(text(), \"OK\")]"}
RESULT: {"using":"xpath","value":"//*[contains(text(), \"OK\")]"}
COMMAND: POST /session/fd053d550c784e9c918a4cba5cdcce89/execute/sync - {"script":"<script> [8489 bytes]","args":[{"element-6066-11e4-a52e-4f735466cecf":"f.F8295049C2BDFA251CF0B02042C68739.d.FB0C3F006D9E15E755ACCE7F3F22A2A2.e.1099","ELEMENT":"f.F8295049C2BDFA251CF0B02042C68739.d.FB0C3F006D9E15E755ACCE7F3F22A2A2.e.1099"}]}
RESULT: {"script":"<script> [8489 bytes]","args":[{"element-6066-11e4-a52e-4f735466cecf":"f.F8295049C2BDFA251CF0B02042C68739.d.FB0C3F006D9E15E755ACCE7F3F22A2A2.e.1099","ELEMENT":"f.F8295049C2BDFA251CF0B02042C68739.d.FB0C3F006D9E15E755ACCE7F3F22A2A2.e.1099"}]}
COMMAND: POST /session/fd053d550c784e9c918a4cba5cdcce89/execute/sync - {"script":"<script> [5351 bytes]","args":[{"element-6066-11e4-a52e-4f735466cecf":"f.F8295049C2BDFA251CF0B02042C68739.d.FB0C3F006D9E15E755ACCE7F3F22A2A2.e.1099","ELEMENT":"f.F8295049C2BDFA251CF0B02042C68739.d.FB0C3F006D9E15E755ACCE7F3F22A2A2.e.1099"}]}
COMMAND: GET /session/fd053d550c784e9c918a4cba5cdcce89/screenshot - {}
RESULT: {"script":"<script> [5351 bytes]","args":[{"element-6066-11e4-a52e-4f735466cecf":"f.F8295049C2BDFA251CF0B02042C68739.d.FB0C3F006D9E15E755ACCE7F3F22A2A2.e.1099","ELEMENT":"f.F8295049C2BDFA251CF0B02042C68739.d.FB0C3F006D9E15E755ACCE7F3F22A2A2.e.1099"}]}
COMMAND: POST /session/fd053d550c784e9c918a4cba5cdcce89/element/f.F8295049C2BDFA251CF0B02042C68739.d.FB0C3F006D9E15E755ACCE7F3F22A2A2.e.1099/click - {}
COMMAND: GET /session/fd053d550c784e9c918a4cba5cdcce89/screenshot - {}
RESULT: {}
RESULT: {}
COMMAND: GET /session/fd053d550c784e9c918a4cba5cdcce89/screenshot - {}
RESULT: {}
RESULT: {}
COMMAND: POST /session/fd053d550c784e9c918a4cba5cdcce89/element - {"using":"css selector","value":"#j_username"}
COMMAND: POST /session/fd053d550c784e9c918a4cba5cdcce89/url - {"url":"https://qa-testing-00-live-etm-ui.cfapps.eu10-004.hana.ondemand.com/"}
RESULT: {"using":"css selector","value":"#j_username"}
COMMAND: POST /session/fd053d550c784e9c918a4cba5cdcce89/element - {"using":"css selector","value":"#j_username"}
RESULT: {"url":"https://qa-testing-00-live-etm-ui.cfapps.eu10-004.hana.ondemand.com/"}
RESULT: undefined
COMMAND: GET /session/fd053d550c784e9c918a4cba5cdcce89/screenshot - {}
RESULT: {"using":"css selector","value":"#j_username"}
COMMAND: POST /session/fd053d550c784e9c918a4cba5cdcce89/element - {"using":"css selector","value":"#shell-header-logo"}
RESULT: {}
RESULT: {"using":"css selector","value":"#shell-header-logo"}
COMMAND: POST /session/fd053d550c784e9c918a4cba5cdcce89/execute/sync - {"script":"<script> [8489 bytes]","args":[{"element-6066-11e4-a52e-4f735466cecf":"f.F8295049C2BDFA251CF0B02042C68739.d.FF090AECC4822FF9F64DE2D8B6E148A1.e.1111","ELEMENT":"f.F8295049C2BDFA251CF0B02042C68739.d.FF090AECC4822FF9F64DE2D8B6E148A1.e.1111"}]}
RESULT: {"script":"<script> [8489 bytes]","args":[{"element-6066-11e4-a52e-4f735466cecf":"f.F8295049C2BDFA251CF0B02042C68739.d.FF090AECC4822FF9F64DE2D8B6E148A1.e.1111","ELEMENT":"f.F8295049C2BDFA251CF0B02042C68739.d.FF090AECC4822FF9F64DE2D8B6E148A1.e.1111"}]}
COMMAND: POST /session/fd053d550c784e9c918a4cba5cdcce89/element - {"using":"css selector","value":"#shell-header-logo"}
COMMAND: GET /session/fd053d550c784e9c918a4cba5cdcce89/screenshot - {}
RESULT: {"using":"css selector","value":"#shell-header-logo"}
COMMAND: POST /session/fd053d550c784e9c918a4cba5cdcce89/execute/sync - {"script":"<script> [8489 bytes]","args":[{"element-6066-11e4-a52e-4f735466cecf":"f.F8295049C2BDFA251CF0B02042C68739.d.FF090AECC4822FF9F64DE2D8B6E148A1.e.1111","ELEMENT":"f.F8295049C2BDFA251CF0B02042C68739.d.FF090AECC4822FF9F64DE2D8B6E148A1.e.1111"}]}
RESULT: {}
RESULT: {"script":"<script> [8489 bytes]","args":[{"element-6066-11e4-a52e-4f735466cecf":"f.F8295049C2BDFA251CF0B02042C68739.d.FF090AECC4822FF9F64DE2D8B6E148A1.e.1111","ELEMENT":"f.F8295049C2BDFA251CF0B02042C68739.d.FF090AECC4822FF9F64DE2D8B6E148A1.e.1111"}]}
COMMAND: POST /session/fd053d550c784e9c918a4cba5cdcce89/execute/sync - {"script":"<script> [5351 bytes]","args":[{"element-6066-11e4-a52e-4f735466cecf":"f.F8295049C2BDFA251CF0B02042C68739.d.FF090AECC4822FF9F64DE2D8B6E148A1.e.1111","ELEMENT":"f.F8295049C2BDFA251CF0B02042C68739.d.FF090AECC4822FF9F64DE2D8B6E148A1.e.1111"}]}
COMMAND: GET /session/fd053d550c784e9c918a4cba5cdcce89/screenshot - {}
RESULT: {"script":"<script> [5351 bytes]","args":[{"element-6066-11e4-a52e-4f735466cecf":"f.F8295049C2BDFA251CF0B02042C68739.d.FF090AECC4822FF9F64DE2D8B6E148A1.e.1111","ELEMENT":"f.F8295049C2BDFA251CF0B02042C68739.d.FF090AECC4822FF9F64DE2D8B6E148A1.e.1111"}]}
COMMAND: POST /session/fd053d550c784e9c918a4cba5cdcce89/element - {"using":"css selector","value":"#shell-header-logo"}
COMMAND: GET /session/fd053d550c784e9c918a4cba5cdcce89/screenshot - {}
RESULT: {}
RESULT: {"using":"css selector","value":"#shell-header-logo"}
COMMAND: POST /session/fd053d550c784e9c918a4cba5cdcce89/element/f.F8295049C2BDFA251CF0B02042C68739.d.FF090AECC4822FF9F64DE2D8B6E148A1.e.1111/click - {}
RESULT: {}
RESULT: {}
COMMAND: GET /session/fd053d550c784e9c918a4cba5cdcce89/screenshot - {}
RESULT: {}
COMMAND: POST /session/fd053d550c784e9c918a4cba5cdcce89/execute/async - {"script":"<script> [189 bytes]","args":[]}
RESULT: {"script":"<script> [189 bytes]","args":[]}
COMMAND: POST /session/fd053d550c784e9c918a4cba5cdcce89/execute/async - {"script":"<script> [123 bytes]","args":[]}
RESULT: {"script":"<script> [123 bytes]","args":[]}
COMMAND: POST /session/fd053d550c784e9c918a4cba5cdcce89/timeouts - {"script":"<number>"}
RESULT: {"script":"<number>"}
COMMAND: GET /session/fd053d550c784e9c918a4cba5cdcce89/timeouts - {}
RESULT: {}
RESULT: undefined
COMMAND: POST /session/fd053d550c784e9c918a4cba5cdcce89/execute/async - {"script":"<script> [2676 bytes]","args":[]}
RESULT: {"script":"<script> [2676 bytes]","args":[]}
COMMAND: POST /session/fd053d550c784e9c918a4cba5cdcce89/execute/async - {"script":"<script> [2342 bytes]","args":[{"protocol":"http","hostname":"0.0.0.0","path":"/","capabilities":{"browserName":"chrome","goog:chromeOptions":{"binary":"C:\\Program Files\\Google\\Chrome\\Application\\chrome.exe","args":["--start-maximized"]}},"logLevel":"warn","connectionRetryTimeout":120000,"connectionRetryCount":3,"logLevels":{},"enableDirectConnect":true,"strictSSL":true,"_":"65 more keys: [\"cacheDir\",\"port\",\"requestedCapabilities\",\"automationProtocol\",\"baseUrl\",\"waitforInterval\",\"waitforTimeout\",\"onReload\",\"beforeCommand\",\"afterCommand\",\"rootDir\",\"specs\",\"suites\",\"exclude\",\"groupLogsByTestSpec\",\"excludeDriverLogs\",\"bail\",\"framework\",\"reporters\",\"services\",\"maxInstances\",\"maxInstancesPerCapability\",\"injectGlobals\",\"filesToWatch\",\"execArgv\",\"runnerEnv\",\"runner\",\"shard\",\"specFileRetries\",\"specFileRetriesDelay\",\"specFileRetriesDeferred\",\"reporterSyncInterval\",\"reporterSyncTimeout\",\"cucumberFeaturesWithLineNumbers\",\"autoCompileOpts\",\"mochaOpts\",\"jasmineOpts\",\"cucumberOpts\",\"onPrepare\",\"onWorkerStart\",\"onWorkerEnd\",\"before\",\"beforeSession\",\"beforeSuite\",\"beforeHook\",\"beforeTest\",\"afterTest\",\"afterHook\",\"afterSuite\",\"afterSession\",\"after\",\"onComplete\",\"beforeAssertion\",\"afterAssertion\",\"beforeFeature\",\"beforeScenario\",\"beforeStep\",\"afterStep\",\"afterScenario\",\"afterFeature\",\"_\",\"suite\",\"$0\",\"ignoredWorkerServices\",\"wdi5\"]"}]}
RESULT: {"script":"<script> [2342 bytes]","args":[{"protocol":"http","hostname":"0.0.0.0","path":"/","capabilities":{"browserName":"chrome","goog:chromeOptions":{"binary":"C:\\Program Files\\Google\\Chrome\\Application\\chrome.exe","args":["--start-maximized"]}},"logLevel":"warn","connectionRetryTimeout":120000,"connectionRetryCount":3,"logLevels":{},"enableDirectConnect":true,"strictSSL":true,"_":"65 more keys: [\"cacheDir\",\"port\",\"requestedCapabilities\",\"automationProtocol\",\"baseUrl\",\"waitforInterval\",\"waitforTimeout\",\"onReload\",\"beforeCommand\",\"afterCommand\",\"rootDir\",\"specs\",\"suites\",\"exclude\",\"groupLogsByTestSpec\",\"excludeDriverLogs\",\"bail\",\"framework\",\"reporters\",\"services\",\"maxInstances\",\"maxInstancesPerCapability\",\"injectGlobals\",\"filesToWatch\",\"execArgv\",\"runnerEnv\",\"runner\",\"shard\",\"specFileRetries\",\"specFileRetriesDelay\",\"specFileRetriesDeferred\",\"reporterSyncInterval\",\"reporterSyncTimeout\",\"cucumberFeaturesWithLineNumbers\",\"autoCompileOpts\",\"mochaOpts\",\"jasmineOpts\",\"cucumberOpts\",\"onPrepare\",\"onWorkerStart\",\"onWorkerEnd\",\"before\",\"beforeSession\",\"beforeSuite\",\"beforeHook\",\"beforeTest\",\"afterTest\",\"afterHook\",\"afterSuite\",\"afterSession\",\"after\",\"onComplete\",\"beforeAssertion\",\"afterAssertion\",\"beforeFeature\",\"beforeScenario\",\"beforeStep\",\"afterStep\",\"afterScenario\",\"afterFeature\",\"_\",\"suite\",\"$0\",\"ignoredWorkerServices\",\"wdi5\"]"}]}
COMMAND: POST /session/fd053d550c784e9c918a4cba5cdcce89/execute/async - {"script":"<script> [21126 bytes]","args":[35000]}
RESULT: {"script":"<script> [21126 bytes]","args":[35000]}
COMMAND: POST /session/fd053d550c784e9c918a4cba5cdcce89/window/maximize - {}
RESULT: {}
COMMAND: POST /session/fd053d550c784e9c918a4cba5cdcce89/execute/async - {"script":"<script> [1562 bytes]","args":[{"selector":{"id":"shell-header","interaction":{"idSuffix":"icon"}},"wdio_ui5_key":"shellheader"}]}
COMMAND: GET /session/fd053d550c784e9c918a4cba5cdcce89/screenshot - {}
RESULT: {"script":"<script> [1562 bytes]","args":[{"selector":{"id":"shell-header","interaction":{"idSuffix":"icon"}},"wdio_ui5_key":"shellheader"}]}
RESULT: undefined
COMMAND: POST /session/fd053d550c784e9c918a4cba5cdcce89/execute/async - {"script":"<script> [1562 bytes]","args":[{"selector":{"controlType":"sap.m.GenericTile","properties":{"header":"Manage Partners"}},"wdio_ui5_key":"sapm.GenericTile{\"header\":\"Manage Partners\"}"}]}
RESULT: {}
RESULT: {"script":"<script> [1562 bytes]","args":[{"selector":{"controlType":"sap.m.GenericTile","properties":{"header":"Manage Partners"}},"wdio_ui5_key":"sapm.GenericTile{\"header\":\"Manage Partners\"}"}]}
RESULT: undefined
COMMAND: POST /session/fd053d550c784e9c918a4cba5cdcce89/element - {"using":"xpath","value":"//*[@id=\"__tile38\"]"}
RESULT: {"using":"xpath","value":"//*[@id=\"__tile38\"]"}
COMMAND: POST /session/fd053d550c784e9c918a4cba5cdcce89/element/f.F8295049C2BDFA251CF0B02042C68739.d.FF090AECC4822FF9F64DE2D8B6E148A1.e.1120/click - {}
RESULT: {}
]]></system-out>
    </testcase>
  </testsuite>
  <testsuite timestamp="2025-04-21T16:04:45" time="95.178" tests="1" failures="0" errors="0" skipped="0">
    <properties>
      <property name="specId" value="0"/>
      <property name="suiteName" value="Manage Partners: Interfaces Data Check for UI fields US132253"/>
      <property name="capabilities" value="chrome.135_0_7049_42.windows"/>
      <property name="file" value="file:///D:/a/1/s/test/specs/TECH/partner-interface-data-check.spec.js"/>
    </properties>
    <testcase classname="chrome.135_0_7049_42.windows.Manage_Partners:_Interfaces_Data_Check_for_UI_fields_US132253" name="Should see data from Company Code interface for Company Code Field" time="64.834">
      <system-out><![CDATA[
COMMAND: POST /session/fd053d550c784e9c918a4cba5cdcce89/execute/async - {"script":"<script> [1562 bytes]","args":[{"selector":{"controlType":"sap.m.Button","viewName":"etm.portal.ui.managepartners.view.Master","viewId":"application-managepartners-display-component---masterPtm","i18NText":{"propertyName":"tooltip","key":"add"}},"wdio_ui5_key":"etmportal.ui.managepartners.view.Mastersap.m.Button{\"propertyName\":\"tooltip\",\"key\":\"add\"}"}]}
COMMAND: GET /session/fd053d550c784e9c918a4cba5cdcce89/screenshot - {}
RESULT: {"script":"<script> [1562 bytes]","args":[{"selector":{"controlType":"sap.m.Button","viewName":"etm.portal.ui.managepartners.view.Master","viewId":"application-managepartners-display-component---masterPtm","i18NText":{"propertyName":"tooltip","key":"add"}},"wdio_ui5_key":"etmportal.ui.managepartners.view.Mastersap.m.Button{\"propertyName\":\"tooltip\",\"key\":\"add\"}"}]}
RESULT: undefined
COMMAND: POST /session/fd053d550c784e9c918a4cba5cdcce89/element - {"using":"xpath","value":"//*[@id=\"__button4\"]"}
RESULT: {}
RESULT: {"using":"xpath","value":"//*[@id=\"__button4\"]"}
COMMAND: POST /session/fd053d550c784e9c918a4cba5cdcce89/element/f.F8295049C2BDFA251CF0B02042C68739.d.FF090AECC4822FF9F64DE2D8B6E148A1.e.1168/click - {}
RESULT: {}
COMMAND: GET /session/fd053d550c784e9c918a4cba5cdcce89/screenshot - {}
COMMAND: POST /session/fd053d550c784e9c918a4cba5cdcce89/execute/async - {"script":"<script> [1562 bytes]","args":[{"selector":{"id":"application-managepartners-display-component---NewPartner--partnerDetailInternal","interaction":{"idSuffix":"inner"}},"wdio_ui5_key":"applicationmanagepartners-display-component---NewPartner--partnerDetailInternal"}]}
RESULT: {}
RESULT: {"script":"<script> [1562 bytes]","args":[{"selector":{"id":"application-managepartners-display-component---NewPartner--partnerDetailInternal","interaction":{"idSuffix":"inner"}},"wdio_ui5_key":"applicationmanagepartners-display-component---NewPartner--partnerDetailInternal"}]}
RESULT: undefined
COMMAND: POST /session/fd053d550c784e9c918a4cba5cdcce89/execute/async - {"script":"<script> [776 bytes]","args":[{"enterText":"","selector":{"id":"application-managepartners-display-component---NewPartner--partnerDetailInternal","interaction":{"idSuffix":"inner"}},"clearTextFirst":true,"interactionType":"ENTER_TEXT"}]}
RESULT: {"script":"<script> [776 bytes]","args":[{"enterText":"","selector":{"id":"application-managepartners-display-component---NewPartner--partnerDetailInternal","interaction":{"idSuffix":"inner"}},"clearTextFirst":true,"interactionType":"ENTER_TEXT"}]}
COMMAND: POST /session/fd053d550c784e9c918a4cba5cdcce89/execute/async - {"script":"<script> [1562 bytes]","args":[{"selector":{"id":"application-managepartners-display-component---NewPartner--partnerDetailInternal-arrow"},"wdio_ui5_key":"applicationmanagepartners-display-component---NewPartner--partnerDetailInternal-arrow"}]}
RESULT: {"script":"<script> [1562 bytes]","args":[{"selector":{"id":"application-managepartners-display-component---NewPartner--partnerDetailInternal-arrow"},"wdio_ui5_key":"applicationmanagepartners-display-component---NewPartner--partnerDetailInternal-arrow"}]}
RESULT: undefined
COMMAND: POST /session/fd053d550c784e9c918a4cba5cdcce89/element - {"using":"xpath","value":"//*[@id=\"application-managepartners-display-component---NewPartner--partnerDetailInternal-arrow\"]"}
RESULT: {"using":"xpath","value":"//*[@id=\"application-managepartners-display-component---NewPartner--partnerDetailInternal-arrow\"]"}
COMMAND: POST /session/fd053d550c784e9c918a4cba5cdcce89/element/f.F8295049C2BDFA251CF0B02042C68739.d.FF090AECC4822FF9F64DE2D8B6E148A1.e.1593/click - {}
RESULT: {}
COMMAND: POST /session/fd053d550c784e9c918a4cba5cdcce89/execute/async - {"script":"<script> [1562 bytes]","args":[{"selector":{"controlType":"sap.m.StandardListItem","viewName":"etm.portal.ui.managepartners.view.NewPartner","viewId":"application-managepartners-display-component---NewPartner","properties":{"title":"External partner"},"searchOpenDialogs":true},"wdio_ui5_key":"etmportal.ui.managepartners.view.NewPartnersap.m.StandardListItem{\"title\":\"External partner\"}"}]}
COMMAND: GET /session/fd053d550c784e9c918a4cba5cdcce89/screenshot - {}
RESULT: {"script":"<script> [1562 bytes]","args":[{"selector":{"controlType":"sap.m.StandardListItem","viewName":"etm.portal.ui.managepartners.view.NewPartner","viewId":"application-managepartners-display-component---NewPartner","properties":{"title":"External partner"},"searchOpenDialogs":true},"wdio_ui5_key":"etmportal.ui.managepartners.view.NewPartnersap.m.StandardListItem{\"title\":\"External partner\"}"}]}
RESULT: undefined
COMMAND: POST /session/fd053d550c784e9c918a4cba5cdcce89/element - {"using":"xpath","value":"//*[@id=\"__item89\"]"}
RESULT: {}
RESULT: {"using":"xpath","value":"//*[@id=\"__item89\"]"}
COMMAND: POST /session/fd053d550c784e9c918a4cba5cdcce89/element/f.F8295049C2BDFA251CF0B02042C68739.d.FF090AECC4822FF9F64DE2D8B6E148A1.e.1595/click - {}
RESULT: {}
COMMAND: POST /session/fd053d550c784e9c918a4cba5cdcce89/execute/async - {"script":"<script> [1562 bytes]","args":[{"selector":{"controlType":"sap.m.Button","viewName":"etm.portal.ui.managepartners.view.NewPartner","viewId":"application-managepartners-display-component---NewPartner","properties":{"text":"Reference"},"interaction":{"idSuffix":"BDI-content"}},"wdio_ui5_key":"etmportal.ui.managepartners.view.NewPartnersap.m.Button{\"text\":\"Reference\"}"}]}
COMMAND: GET /session/fd053d550c784e9c918a4cba5cdcce89/screenshot - {}
RESULT: {"script":"<script> [1562 bytes]","args":[{"selector":{"controlType":"sap.m.Button","viewName":"etm.portal.ui.managepartners.view.NewPartner","viewId":"application-managepartners-display-component---NewPartner","properties":{"text":"Reference"},"interaction":{"idSuffix":"BDI-content"}},"wdio_ui5_key":"etmportal.ui.managepartners.view.NewPartnersap.m.Button{\"text\":\"Reference\"}"}]}
RESULT: undefined
COMMAND: POST /session/fd053d550c784e9c918a4cba5cdcce89/element - {"using":"xpath","value":"//*[@id=\"application-managepartners-display-component---NewPartner--ObjectPageLayout-anchBar-__section7-anchor\"]"}
RESULT: {}
RESULT: {"using":"xpath","value":"//*[@id=\"application-managepartners-display-component---NewPartner--ObjectPageLayout-anchBar-__section7-anchor\"]"}
COMMAND: POST /session/fd053d550c784e9c918a4cba5cdcce89/element/f.F8295049C2BDFA251CF0B02042C68739.d.FF090AECC4822FF9F64DE2D8B6E148A1.e.1597/click - {}
RESULT: {}
COMMAND: POST /session/fd053d550c784e9c918a4cba5cdcce89/execute/async - {"script":"<script> [1562 bytes]","args":[{"selector":{"id":"application-managepartners-display-component---NewPartner--companyCodeComboBox","interaction":{"idSuffix":"inner"}},"wdio_ui5_key":"applicationmanagepartners-display-component---NewPartner--companyCodeComboBox"}]}
COMMAND: GET /session/fd053d550c784e9c918a4cba5cdcce89/screenshot - {}
RESULT: {"script":"<script> [1562 bytes]","args":[{"selector":{"id":"application-managepartners-display-component---NewPartner--companyCodeComboBox","interaction":{"idSuffix":"inner"}},"wdio_ui5_key":"applicationmanagepartners-display-component---NewPartner--companyCodeComboBox"}]}
RESULT: undefined
COMMAND: POST /session/fd053d550c784e9c918a4cba5cdcce89/execute/async - {"script":"<script> [776 bytes]","args":[{"enterText":"1010","selector":{"id":"application-managepartners-display-component---NewPartner--companyCodeComboBox","interaction":{"idSuffix":"inner"}},"clearTextFirst":true,"interactionType":"ENTER_TEXT"}]}
RESULT: {}
RESULT: {"script":"<script> [776 bytes]","args":[{"enterText":"1010","selector":{"id":"application-managepartners-display-component---NewPartner--companyCodeComboBox","interaction":{"idSuffix":"inner"}},"clearTextFirst":true,"interactionType":"ENTER_TEXT"}]}
COMMAND: POST /session/fd053d550c784e9c918a4cba5cdcce89/actions - {"actions":[{"id":"action6","type":"key","parameters":{},"actions":[{"type":"keyDown","value":""},{"type":"pause","duration":10},{"type":"keyUp","value":""}]}]}
RESULT: {"actions":[{"id":"action6","type":"key","parameters":{},"actions":[{"type":"keyDown","value":""},{"type":"pause","duration":10},{"type":"keyUp","value":""}]}]}
COMMAND: POST /session/fd053d550c784e9c918a4cba5cdcce89/actions - {"actions":[{"id":"action7","type":"key","parameters":{},"actions":[{"type":"keyDown","value":""},{"type":"pause","duration":10},{"type":"keyUp","value":""}]}]}
COMMAND: GET /session/fd053d550c784e9c918a4cba5cdcce89/screenshot - {}
RESULT: {"actions":[{"id":"action7","type":"key","parameters":{},"actions":[{"type":"keyDown","value":""},{"type":"pause","duration":10},{"type":"keyUp","value":""}]}]}
RESULT: undefined
COMMAND: POST /session/fd053d550c784e9c918a4cba5cdcce89/execute/async - {"script":"<script> [6424 bytes]","args":[{"element-6066-11e4-a52e-4f735466cecf":"f.F8295049C2BDFA251CF0B02042C68739.d.FF090AECC4822FF9F64DE2D8B6E148A1.e.1557"},"getValue",[]]}
COMMAND: GET /session/fd053d550c784e9c918a4cba5cdcce89/screenshot - {}
RESULT: {}
RESULT: {"script":"<script> [6424 bytes]","args":[{"element-6066-11e4-a52e-4f735466cecf":"f.F8295049C2BDFA251CF0B02042C68739.d.FF090AECC4822FF9F64DE2D8B6E148A1.e.1557"},"getValue",[]]}
COMMAND: POST /session/fd053d550c784e9c918a4cba5cdcce89/execute/async - {"script":"<script> [1562 bytes]","args":[{"selector":{"id":"application-managepartners-display-component---NewPartner--btnAddTableRow-img"},"wdio_ui5_key":"applicationmanagepartners-display-component---NewPartner--btnAddTableRow-img"}]}
RESULT: {}
RESULT: {"script":"<script> [1562 bytes]","args":[{"selector":{"id":"application-managepartners-display-component---NewPartner--btnAddTableRow-img"},"wdio_ui5_key":"applicationmanagepartners-display-component---NewPartner--btnAddTableRow-img"}]}
RESULT: undefined
COMMAND: POST /session/fd053d550c784e9c918a4cba5cdcce89/element - {"using":"xpath","value":"//*[@id=\"application-managepartners-display-component---NewPartner--btnAddTableRow-img\"]"}
RESULT: {"using":"xpath","value":"//*[@id=\"application-managepartners-display-component---NewPartner--btnAddTableRow-img\"]"}
COMMAND: POST /session/fd053d550c784e9c918a4cba5cdcce89/element/f.F8295049C2BDFA251CF0B02042C68739.d.FF090AECC4822FF9F64DE2D8B6E148A1.e.1606/click - {}
RESULT: {}
COMMAND: POST /session/fd053d550c784e9c918a4cba5cdcce89/execute/async - {"script":"<script> [1562 bytes]","args":[{"selector":{"id":"application-managepartners-display-component---NewPartner--assignmentYard-application-managepartners-display-component---NewPartner--assignmentsTable-0-arrow"},"wdio_ui5_key":"applicationmanagepartners-display-component---NewPartner--assignmentYard-application-managepartners-display-component---NewPartner--assignmentsTable-0-arrow"}]}
COMMAND: GET /session/fd053d550c784e9c918a4cba5cdcce89/screenshot - {}
RESULT: {"script":"<script> [1562 bytes]","args":[{"selector":{"id":"application-managepartners-display-component---NewPartner--assignmentYard-application-managepartners-display-component---NewPartner--assignmentsTable-0-arrow"},"wdio_ui5_key":"applicationmanagepartners-display-component---NewPartner--assignmentYard-application-managepartners-display-component---NewPartner--assignmentsTable-0-arrow"}]}
RESULT: undefined
COMMAND: POST /session/fd053d550c784e9c918a4cba5cdcce89/element - {"using":"xpath","value":"//*[@id=\"application-managepartners-display-component---NewPartner--assignmentYard-application-managepartners-display-component---NewPartner--assignmentsTable-0-arrow\"]"}
RESULT: {}
RESULT: {"using":"xpath","value":"//*[@id=\"application-managepartners-display-component---NewPartner--assignmentYard-application-managepartners-display-component---NewPartner--assignmentsTable-0-arrow\"]"}
COMMAND: POST /session/fd053d550c784e9c918a4cba5cdcce89/element/f.F8295049C2BDFA251CF0B02042C68739.d.FF090AECC4822FF9F64DE2D8B6E148A1.e.1615/click - {}
RESULT: {}
COMMAND: POST /session/fd053d550c784e9c918a4cba5cdcce89/element - {"using":"xpath","value":"//input[@id=\"application-managepartners-display-component---NewPartner--assignmentYard-application-managepartners-display-component---NewPartner--assignmentsTable-0-inner\"]"}
COMMAND: GET /session/fd053d550c784e9c918a4cba5cdcce89/screenshot - {}
RESULT: {"using":"xpath","value":"//input[@id=\"application-managepartners-display-component---NewPartner--assignmentYard-application-managepartners-display-component---NewPartner--assignmentsTable-0-inner\"]"}
COMMAND: POST /session/fd053d550c784e9c918a4cba5cdcce89/elements - {"using":"xpath","value":"//input[@id=\"application-managepartners-display-component---NewPartner--assignmentYard-application-managepartners-display-component---NewPartner--assignmentsTable-0-inner\"]"}
RESULT: {}
RESULT: {"using":"xpath","value":"//input[@id=\"application-managepartners-display-component---NewPartner--assignmentYard-application-managepartners-display-component---NewPartner--assignmentsTable-0-inner\"]"}
COMMAND: POST /session/fd053d550c784e9c918a4cba5cdcce89/execute/sync - {"script":"<script> [8489 bytes]","args":[{"element-6066-11e4-a52e-4f735466cecf":"f.F8295049C2BDFA251CF0B02042C68739.d.FF090AECC4822FF9F64DE2D8B6E148A1.e.1609","ELEMENT":"f.F8295049C2BDFA251CF0B02042C68739.d.FF090AECC4822FF9F64DE2D8B6E148A1.e.1609"}]}
RESULT: {"script":"<script> [8489 bytes]","args":[{"element-6066-11e4-a52e-4f735466cecf":"f.F8295049C2BDFA251CF0B02042C68739.d.FF090AECC4822FF9F64DE2D8B6E148A1.e.1609","ELEMENT":"f.F8295049C2BDFA251CF0B02042C68739.d.FF090AECC4822FF9F64DE2D8B6E148A1.e.1609"}]}
COMMAND: POST /session/fd053d550c784e9c918a4cba5cdcce89/element/f.F8295049C2BDFA251CF0B02042C68739.d.FF090AECC4822FF9F64DE2D8B6E148A1.e.1609/clear - {}
COMMAND: GET /session/fd053d550c784e9c918a4cba5cdcce89/screenshot - {}
RESULT: {}
COMMAND: POST /session/fd053d550c784e9c918a4cba5cdcce89/element/f.F8295049C2BDFA251CF0B02042C68739.d.FF090AECC4822FF9F64DE2D8B6E148A1.e.1609/value - {"text":"176"}
COMMAND: GET /session/fd053d550c784e9c918a4cba5cdcce89/screenshot - {}
RESULT: {}
RESULT: {"text":"176"}
COMMAND: GET /session/fd053d550c784e9c918a4cba5cdcce89/screenshot - {}
RESULT: {}
RESULT: {}
COMMAND: POST /session/fd053d550c784e9c918a4cba5cdcce89/actions - {"actions":[{"id":"action8","type":"key","parameters":{},"actions":[{"type":"keyDown","value":""},{"type":"pause","duration":10},{"type":"keyUp","value":""}]}]}
RESULT: {"actions":[{"id":"action8","type":"key","parameters":{},"actions":[{"type":"keyDown","value":""},{"type":"pause","duration":10},{"type":"keyUp","value":""}]}]}
COMMAND: POST /session/fd053d550c784e9c918a4cba5cdcce89/actions - {"actions":[{"id":"action9","type":"key","parameters":{},"actions":[{"type":"keyDown","value":""},{"type":"pause","duration":10},{"type":"keyUp","value":""}]}]}
COMMAND: GET /session/fd053d550c784e9c918a4cba5cdcce89/screenshot - {}
RESULT: {"actions":[{"id":"action9","type":"key","parameters":{},"actions":[{"type":"keyDown","value":""},{"type":"pause","duration":10},{"type":"keyUp","value":""}]}]}
COMMAND: POST /session/fd053d550c784e9c918a4cba5cdcce89/execute/async - {"script":"<script> [1562 bytes]","args":[{"selector":{"id":"application-managepartners-display-component---NewPartner--externalCustomerComboBox-application-managepartners-display-component---NewPartner--assignmentsTable-0-vhi"},"wdio_ui5_key":"applicationmanagepartners-display-component---NewPartner--externalCustomerComboBox-application-managepartners-display-component---NewPartner--assignmentsTable-0-vhi"}]}
COMMAND: GET /session/fd053d550c784e9c918a4cba5cdcce89/screenshot - {}
RESULT: {}
RESULT: {"script":"<script> [1562 bytes]","args":[{"selector":{"id":"application-managepartners-display-component---NewPartner--externalCustomerComboBox-application-managepartners-display-component---NewPartner--assignmentsTable-0-vhi"},"wdio_ui5_key":"applicationmanagepartners-display-component---NewPartner--externalCustomerComboBox-application-managepartners-display-component---NewPartner--assignmentsTable-0-vhi"}]}
RESULT: undefined
RESULT: {}
COMMAND: DELETE /session/fd053d550c784e9c918a4cba5cdcce89 - {}
RESULT: {}
]]></system-out>
    </testcase>
  </testsuite>
</testsuites>