<?xml version="1.0" encoding="UTF-8"?>
<testsuites tests="9" failures="0" errors="0" skipped="0">
  <testsuite timestamp="2025-05-06T18:00:34" time="996.745" tests="9" failures="0" errors="0" skipped="0">
    <properties>
      <property name="specId" value="0" />
      <property name="suiteName" value="Tests for Mass State Change on Manage States &amp; Performances US104416 US" />
      <property name="capabilities" value="chrome.135_0_7049_115.windows" />
      <property name="file" value="file:///D:/a/1/s/test/specs/HTR/create-mass-state-change.spec.js" />
    </properties>
    <testcase classname="chrome.135_0_7049_115.windows.Tests_for_Mass_State_Change_on_Manage_States_&amp;_Performances_US104416_US" name="Prereq Should create a new yard used for all following tests" time="153.102">
      <system-out><![CDATA[
COMMAND: POST /session/0a21173b3be6d373b06b4981c33974fb/window/fullscreen - {}
RESULT: {}
COMMAND: POST /session/0a21173b3be6d373b06b4981c33974fb/execute/async - {"script":"<script> [1562 bytes]","args":[{"selector":{"controlType":"sap.m.GenericTile","properties":{"header":"Manage Yards"}},"wdio_ui5_key":"sapm.GenericTile{\"header\":\"Manage Yards\"}"}]}
RESULT: {"script":"<script> [1562 bytes]","args":[{"selector":{"controlType":"sap.m.GenericTile","properties":{"header":"Manage Yards"}},"wdio_ui5_key":"sapm.GenericTile{\"header\":\"Manage Yards\"}"}]}
RESULT: undefined
COMMAND: POST /session/0a21173b3be6d373b06b4981c33974fb/element - {"using":"xpath","value":"//*[@id=\"__tile41\"]"}
RESULT: {"using":"xpath","value":"//*[@id=\"__tile41\"]"}
COMMAND: POST /session/0a21173b3be6d373b06b4981c33974fb/element/f.287C3A1B972D9005034ACA046358B519.d.995FCA81C7010203EDC945AEE636B5F5.e.166/click - {}
RESULT: {}
COMMAND: POST /session/0a21173b3be6d373b06b4981c33974fb/element - {"using":"xpath","value":"//button[@data-kt=\"addNewYardOverflowToolbarButton\"]"}
COMMAND: GET /session/0a21173b3be6d373b06b4981c33974fb/screenshot - {}
RESULT: {"using":"xpath","value":"//button[@data-kt=\"addNewYardOverflowToolbarButton\"]"}
COMMAND: POST /session/0a21173b3be6d373b06b4981c33974fb/elements - {"using":"xpath","value":"//button[@data-kt=\"addNewYardOverflowToolbarButton\"]"}
RESULT: {}
RESULT: {"using":"xpath","value":"//button[@data-kt=\"addNewYardOverflowToolbarButton\"]"}
COMMAND: POST /session/0a21173b3be6d373b06b4981c33974fb/elements - {"using":"xpath","value":"//button[@data-kt=\"addNewYardOverflowToolbarButton\"]"}
RESULT: {"using":"xpath","value":"//button[@data-kt=\"addNewYardOverflowToolbarButton\"]"}
COMMAND: POST /session/0a21173b3be6d373b06b4981c33974fb/elements - {"using":"xpath","value":"//button[@data-kt=\"addNewYardOverflowToolbarButton\"]"}
RESULT: {"using":"xpath","value":"//button[@data-kt=\"addNewYardOverflowToolbarButton\"]"}
COMMAND: POST /session/0a21173b3be6d373b06b4981c33974fb/elements - {"using":"xpath","value":"//button[@data-kt=\"addNewYardOverflowToolbarButton\"]"}
RESULT: {"using":"xpath","value":"//button[@data-kt=\"addNewYardOverflowToolbarButton\"]"}
COMMAND: POST /session/0a21173b3be6d373b06b4981c33974fb/elements - {"using":"xpath","value":"//button[@data-kt=\"addNewYardOverflowToolbarButton\"]"}
RESULT: {"using":"xpath","value":"//button[@data-kt=\"addNewYardOverflowToolbarButton\"]"}
COMMAND: POST /session/0a21173b3be6d373b06b4981c33974fb/elements - {"using":"xpath","value":"//button[@data-kt=\"addNewYardOverflowToolbarButton\"]"}
RESULT: {"using":"xpath","value":"//button[@data-kt=\"addNewYardOverflowToolbarButton\"]"}
COMMAND: POST /session/0a21173b3be6d373b06b4981c33974fb/elements - {"using":"xpath","value":"//button[@data-kt=\"addNewYardOverflowToolbarButton\"]"}
RESULT: {"using":"xpath","value":"//button[@data-kt=\"addNewYardOverflowToolbarButton\"]"}
COMMAND: POST /session/0a21173b3be6d373b06b4981c33974fb/elements - {"using":"xpath","value":"//button[@data-kt=\"addNewYardOverflowToolbarButton\"]"}
RESULT: {"using":"xpath","value":"//button[@data-kt=\"addNewYardOverflowToolbarButton\"]"}
COMMAND: POST /session/0a21173b3be6d373b06b4981c33974fb/elements - {"using":"xpath","value":"//button[@data-kt=\"addNewYardOverflowToolbarButton\"]"}
RESULT: {"using":"xpath","value":"//button[@data-kt=\"addNewYardOverflowToolbarButton\"]"}
COMMAND: POST /session/0a21173b3be6d373b06b4981c33974fb/elements - {"using":"xpath","value":"//button[@data-kt=\"addNewYardOverflowToolbarButton\"]"}
RESULT: {"using":"xpath","value":"//button[@data-kt=\"addNewYardOverflowToolbarButton\"]"}
COMMAND: POST /session/0a21173b3be6d373b06b4981c33974fb/elements - {"using":"xpath","value":"//button[@data-kt=\"addNewYardOverflowToolbarButton\"]"}
RESULT: {"using":"xpath","value":"//button[@data-kt=\"addNewYardOverflowToolbarButton\"]"}
COMMAND: POST /session/0a21173b3be6d373b06b4981c33974fb/elements - {"using":"xpath","value":"//button[@data-kt=\"addNewYardOverflowToolbarButton\"]"}
RESULT: {"using":"xpath","value":"//button[@data-kt=\"addNewYardOverflowToolbarButton\"]"}
COMMAND: POST /session/0a21173b3be6d373b06b4981c33974fb/elements - {"using":"xpath","value":"//button[@data-kt=\"addNewYardOverflowToolbarButton\"]"}
RESULT: {"using":"xpath","value":"//button[@data-kt=\"addNewYardOverflowToolbarButton\"]"}
COMMAND: POST /session/0a21173b3be6d373b06b4981c33974fb/elements - {"using":"xpath","value":"//button[@data-kt=\"addNewYardOverflowToolbarButton\"]"}
RESULT: {"using":"xpath","value":"//button[@data-kt=\"addNewYardOverflowToolbarButton\"]"}
COMMAND: POST /session/0a21173b3be6d373b06b4981c33974fb/elements - {"using":"xpath","value":"//button[@data-kt=\"addNewYardOverflowToolbarButton\"]"}
RESULT: {"using":"xpath","value":"//button[@data-kt=\"addNewYardOverflowToolbarButton\"]"}
COMMAND: POST /session/0a21173b3be6d373b06b4981c33974fb/elements - {"using":"xpath","value":"//button[@data-kt=\"addNewYardOverflowToolbarButton\"]"}
RESULT: {"using":"xpath","value":"//button[@data-kt=\"addNewYardOverflowToolbarButton\"]"}
COMMAND: POST /session/0a21173b3be6d373b06b4981c33974fb/elements - {"using":"xpath","value":"//button[@data-kt=\"addNewYardOverflowToolbarButton\"]"}
RESULT: {"using":"xpath","value":"//button[@data-kt=\"addNewYardOverflowToolbarButton\"]"}
COMMAND: POST /session/0a21173b3be6d373b06b4981c33974fb/elements - {"using":"xpath","value":"//button[@data-kt=\"addNewYardOverflowToolbarButton\"]"}
RESULT: {"using":"xpath","value":"//button[@data-kt=\"addNewYardOverflowToolbarButton\"]"}
COMMAND: POST /session/0a21173b3be6d373b06b4981c33974fb/elements - {"using":"xpath","value":"//button[@data-kt=\"addNewYardOverflowToolbarButton\"]"}
RESULT: {"using":"xpath","value":"//button[@data-kt=\"addNewYardOverflowToolbarButton\"]"}
COMMAND: POST /session/0a21173b3be6d373b06b4981c33974fb/element - {"using":"xpath","value":"//button[@data-kt=\"addNewYardOverflowToolbarButton\"]"}
RESULT: {"using":"xpath","value":"//button[@data-kt=\"addNewYardOverflowToolbarButton\"]"}
COMMAND: POST /session/0a21173b3be6d373b06b4981c33974fb/execute/sync - {"script":"<script> [8489 bytes]","args":[{"element-6066-11e4-a52e-4f735466cecf":"f.287C3A1B972D9005034ACA046358B519.d.995FCA81C7010203EDC945AEE636B5F5.e.316","ELEMENT":"f.287C3A1B972D9005034ACA046358B519.d.995FCA81C7010203EDC945AEE636B5F5.e.316"}]}
RESULT: {"script":"<script> [8489 bytes]","args":[{"element-6066-11e4-a52e-4f735466cecf":"f.287C3A1B972D9005034ACA046358B519.d.995FCA81C7010203EDC945AEE636B5F5.e.316","ELEMENT":"f.287C3A1B972D9005034ACA046358B519.d.995FCA81C7010203EDC945AEE636B5F5.e.316"}]}
COMMAND: GET /session/0a21173b3be6d373b06b4981c33974fb/element/f.287C3A1B972D9005034ACA046358B519.d.995FCA81C7010203EDC945AEE636B5F5.e.316/enabled - {}
COMMAND: GET /session/0a21173b3be6d373b06b4981c33974fb/screenshot - {}
RESULT: {}
COMMAND: POST /session/0a21173b3be6d373b06b4981c33974fb/execute/sync - {"script":"<script> [8489 bytes]","args":[{"element-6066-11e4-a52e-4f735466cecf":"f.287C3A1B972D9005034ACA046358B519.d.995FCA81C7010203EDC945AEE636B5F5.e.316","ELEMENT":"f.287C3A1B972D9005034ACA046358B519.d.995FCA81C7010203EDC945AEE636B5F5.e.316"}]}
COMMAND: GET /session/0a21173b3be6d373b06b4981c33974fb/screenshot - {}
RESULT: {}
RESULT: {"script":"<script> [8489 bytes]","args":[{"element-6066-11e4-a52e-4f735466cecf":"f.287C3A1B972D9005034ACA046358B519.d.995FCA81C7010203EDC945AEE636B5F5.e.316","ELEMENT":"f.287C3A1B972D9005034ACA046358B519.d.995FCA81C7010203EDC945AEE636B5F5.e.316"}]}
COMMAND: POST /session/0a21173b3be6d373b06b4981c33974fb/execute/sync - {"script":"<script> [5351 bytes]","args":[{"element-6066-11e4-a52e-4f735466cecf":"f.287C3A1B972D9005034ACA046358B519.d.995FCA81C7010203EDC945AEE636B5F5.e.316","ELEMENT":"f.287C3A1B972D9005034ACA046358B519.d.995FCA81C7010203EDC945AEE636B5F5.e.316"}]}
COMMAND: GET /session/0a21173b3be6d373b06b4981c33974fb/screenshot - {}
RESULT: {}
RESULT: {"script":"<script> [5351 bytes]","args":[{"element-6066-11e4-a52e-4f735466cecf":"f.287C3A1B972D9005034ACA046358B519.d.995FCA81C7010203EDC945AEE636B5F5.e.316","ELEMENT":"f.287C3A1B972D9005034ACA046358B519.d.995FCA81C7010203EDC945AEE636B5F5.e.316"}]}
COMMAND: POST /session/0a21173b3be6d373b06b4981c33974fb/element/f.287C3A1B972D9005034ACA046358B519.d.995FCA81C7010203EDC945AEE636B5F5.e.316/click - {}
COMMAND: GET /session/0a21173b3be6d373b06b4981c33974fb/screenshot - {}
RESULT: {}
RESULT: {}
COMMAND: GET /session/0a21173b3be6d373b06b4981c33974fb/screenshot - {}
COMMAND: POST /session/0a21173b3be6d373b06b4981c33974fb/element - {"using":"xpath","value":"//input[@id=\"application-manageyards-display-component---NewYard--yardId-inner\"]"}
RESULT: {}
RESULT: {}
RESULT: {"using":"xpath","value":"//input[@id=\"application-manageyards-display-component---NewYard--yardId-inner\"]"}
COMMAND: POST /session/0a21173b3be6d373b06b4981c33974fb/element - {"using":"xpath","value":"//input[@id=\"application-manageyards-display-component---NewYard--yardId-inner\"]"}
RESULT: {"using":"xpath","value":"//input[@id=\"application-manageyards-display-component---NewYard--yardId-inner\"]"}
COMMAND: POST /session/0a21173b3be6d373b06b4981c33974fb/execute/async - {"script":"<script> [1562 bytes]","args":[{"selector":{"id":"application-manageyards-display-component---NewYard--addressDetailDetailsName1","interaction":{"idSuffix":"inner"}},"wdio_ui5_key":"applicationmanageyards-display-component---NewYard--addressDetailDetailsName1"}]}
RESULT: {"script":"<script> [1562 bytes]","args":[{"selector":{"id":"application-manageyards-display-component---NewYard--addressDetailDetailsName1","interaction":{"idSuffix":"inner"}},"wdio_ui5_key":"applicationmanageyards-display-component---NewYard--addressDetailDetailsName1"}]}
RESULT: undefined
COMMAND: POST /session/0a21173b3be6d373b06b4981c33974fb/execute/async - {"script":"<script> [776 bytes]","args":[{"enterText":"Other Yard WDIO","selector":{"id":"application-manageyards-display-component---NewYard--addressDetailDetailsName1","interaction":{"idSuffix":"inner"}},"clearTextFirst":true,"interactionType":"ENTER_TEXT"}]}
RESULT: {"script":"<script> [776 bytes]","args":[{"enterText":"Other Yard WDIO","selector":{"id":"application-manageyards-display-component---NewYard--addressDetailDetailsName1","interaction":{"idSuffix":"inner"}},"clearTextFirst":true,"interactionType":"ENTER_TEXT"}]}
COMMAND: POST /session/0a21173b3be6d373b06b4981c33974fb/execute/async - {"script":"<script> [1562 bytes]","args":[{"selector":{"id":"application-manageyards-display-component---NewYard--addressDetailDetailsLanguage-arrow"},"wdio_ui5_key":"applicationmanageyards-display-component---NewYard--addressDetailDetailsLanguage-arrow"}]}
RESULT: {"script":"<script> [1562 bytes]","args":[{"selector":{"id":"application-manageyards-display-component---NewYard--addressDetailDetailsLanguage-arrow"},"wdio_ui5_key":"applicationmanageyards-display-component---NewYard--addressDetailDetailsLanguage-arrow"}]}
RESULT: undefined
COMMAND: POST /session/0a21173b3be6d373b06b4981c33974fb/element - {"using":"xpath","value":"//*[@id=\"application-manageyards-display-component---NewYard--addressDetailDetailsLanguage-arrow\"]"}
RESULT: {"using":"xpath","value":"//*[@id=\"application-manageyards-display-component---NewYard--addressDetailDetailsLanguage-arrow\"]"}
COMMAND: POST /session/0a21173b3be6d373b06b4981c33974fb/element/f.287C3A1B972D9005034ACA046358B519.d.995FCA81C7010203EDC945AEE636B5F5.e.726/click - {}
RESULT: {}
COMMAND: POST /session/0a21173b3be6d373b06b4981c33974fb/element - {"using":"xpath","value":"//span[contains(text(), \"English\")]"}
COMMAND: GET /session/0a21173b3be6d373b06b4981c33974fb/screenshot - {}
RESULT: {"using":"xpath","value":"//span[contains(text(), \"English\")]"}
COMMAND: POST /session/0a21173b3be6d373b06b4981c33974fb/element/f.287C3A1B972D9005034ACA046358B519.d.995FCA81C7010203EDC945AEE636B5F5.e.727/click - {}
RESULT: {}
RESULT: {}
COMMAND: POST /session/0a21173b3be6d373b06b4981c33974fb/execute/async - {"script":"<script> [1562 bytes]","args":[{"selector":{"id":"application-manageyards-display-component---NewYard--addressDetailDetailsCity1","interaction":{"idSuffix":"inner"}},"wdio_ui5_key":"applicationmanageyards-display-component---NewYard--addressDetailDetailsCity1"}]}
COMMAND: GET /session/0a21173b3be6d373b06b4981c33974fb/screenshot - {}
RESULT: {"script":"<script> [1562 bytes]","args":[{"selector":{"id":"application-manageyards-display-component---NewYard--addressDetailDetailsCity1","interaction":{"idSuffix":"inner"}},"wdio_ui5_key":"applicationmanageyards-display-component---NewYard--addressDetailDetailsCity1"}]}
RESULT: undefined
COMMAND: POST /session/0a21173b3be6d373b06b4981c33974fb/execute/async - {"script":"<script> [776 bytes]","args":[{"enterText":"Rosario","selector":{"id":"application-manageyards-display-component---NewYard--addressDetailDetailsCity1","interaction":{"idSuffix":"inner"}},"clearTextFirst":true,"interactionType":"ENTER_TEXT"}]}
RESULT: {}
RESULT: {"script":"<script> [776 bytes]","args":[{"enterText":"Rosario","selector":{"id":"application-manageyards-display-component---NewYard--addressDetailDetailsCity1","interaction":{"idSuffix":"inner"}},"clearTextFirst":true,"interactionType":"ENTER_TEXT"}]}
COMMAND: POST /session/0a21173b3be6d373b06b4981c33974fb/execute/async - {"script":"<script> [1562 bytes]","args":[{"selector":{"id":"application-manageyards-display-component---NewYard--addressDetailDetailsCountry-arrow"},"wdio_ui5_key":"applicationmanageyards-display-component---NewYard--addressDetailDetailsCountry-arrow"}]}
RESULT: {"script":"<script> [1562 bytes]","args":[{"selector":{"id":"application-manageyards-display-component---NewYard--addressDetailDetailsCountry-arrow"},"wdio_ui5_key":"applicationmanageyards-display-component---NewYard--addressDetailDetailsCountry-arrow"}]}
RESULT: undefined
COMMAND: POST /session/0a21173b3be6d373b06b4981c33974fb/element - {"using":"xpath","value":"//*[@id=\"application-manageyards-display-component---NewYard--addressDetailDetailsCountry-arrow\"]"}
RESULT: {"using":"xpath","value":"//*[@id=\"application-manageyards-display-component---NewYard--addressDetailDetailsCountry-arrow\"]"}
COMMAND: POST /session/0a21173b3be6d373b06b4981c33974fb/element/f.287C3A1B972D9005034ACA046358B519.d.995FCA81C7010203EDC945AEE636B5F5.e.729/click - {}
RESULT: {}
COMMAND: POST /session/0a21173b3be6d373b06b4981c33974fb/element - {"using":"xpath","value":"//span[contains(text(), \"Argentina\")]"}
COMMAND: GET /session/0a21173b3be6d373b06b4981c33974fb/screenshot - {}
RESULT: {"using":"xpath","value":"//span[contains(text(), \"Argentina\")]"}
COMMAND: POST /session/0a21173b3be6d373b06b4981c33974fb/element/f.287C3A1B972D9005034ACA046358B519.d.995FCA81C7010203EDC945AEE636B5F5.e.730/click - {}
RESULT: {}
RESULT: {}
COMMAND: POST /session/0a21173b3be6d373b06b4981c33974fb/execute/async - {"script":"<script> [1562 bytes]","args":[{"selector":{"id":"application-manageyards-display-component---NewYard--addressEditDetailsCostObjectCstType-arrow"},"wdio_ui5_key":"applicationmanageyards-display-component---NewYard--addressEditDetailsCostObjectCstType-arrow"}]}
COMMAND: GET /session/0a21173b3be6d373b06b4981c33974fb/screenshot - {}
RESULT: {"script":"<script> [1562 bytes]","args":[{"selector":{"id":"application-manageyards-display-component---NewYard--addressEditDetailsCostObjectCstType-arrow"},"wdio_ui5_key":"applicationmanageyards-display-component---NewYard--addressEditDetailsCostObjectCstType-arrow"}]}
RESULT: undefined
COMMAND: POST /session/0a21173b3be6d373b06b4981c33974fb/element - {"using":"xpath","value":"//*[@id=\"application-manageyards-display-component---NewYard--addressEditDetailsCostObjectCstType-arrow\"]"}
RESULT: {}
RESULT: {"using":"xpath","value":"//*[@id=\"application-manageyards-display-component---NewYard--addressEditDetailsCostObjectCstType-arrow\"]"}
COMMAND: POST /session/0a21173b3be6d373b06b4981c33974fb/element/f.287C3A1B972D9005034ACA046358B519.d.995FCA81C7010203EDC945AEE636B5F5.e.732/click - {}
RESULT: {}
COMMAND: POST /session/0a21173b3be6d373b06b4981c33974fb/element - {"using":"xpath","value":"//span[contains(text(), \"Cost Center\")]"}
COMMAND: GET /session/0a21173b3be6d373b06b4981c33974fb/screenshot - {}
RESULT: {"using":"xpath","value":"//span[contains(text(), \"Cost Center\")]"}
COMMAND: POST /session/0a21173b3be6d373b06b4981c33974fb/element/f.287C3A1B972D9005034ACA046358B519.d.995FCA81C7010203EDC945AEE636B5F5.e.733/click - {}
RESULT: {}
RESULT: {}
COMMAND: GET /session/0a21173b3be6d373b06b4981c33974fb/screenshot - {}
RESULT: {}
COMMAND: POST /session/0a21173b3be6d373b06b4981c33974fb/element - {"using":"xpath","value":"//span[@id=\"application-manageyards-display-component---NewYard--addressNewCostObjectCstID-vhi\"]"}
RESULT: {"using":"xpath","value":"//span[@id=\"application-manageyards-display-component---NewYard--addressNewCostObjectCstID-vhi\"]"}
COMMAND: POST /session/0a21173b3be6d373b06b4981c33974fb/execute/sync - {"script":"<script> [8489 bytes]","args":[{"element-6066-11e4-a52e-4f735466cecf":"f.287C3A1B972D9005034ACA046358B519.d.995FCA81C7010203EDC945AEE636B5F5.e.737","ELEMENT":"f.287C3A1B972D9005034ACA046358B519.d.995FCA81C7010203EDC945AEE636B5F5.e.737"}]}
RESULT: {"script":"<script> [8489 bytes]","args":[{"element-6066-11e4-a52e-4f735466cecf":"f.287C3A1B972D9005034ACA046358B519.d.995FCA81C7010203EDC945AEE636B5F5.e.737","ELEMENT":"f.287C3A1B972D9005034ACA046358B519.d.995FCA81C7010203EDC945AEE636B5F5.e.737"}]}
COMMAND: POST /session/0a21173b3be6d373b06b4981c33974fb/execute/async - {"script":"<script> [1562 bytes]","args":[{"selector":{"id":"application-manageyards-display-component---NewYard--addressNewCostObjectCstID-vhi"},"wdio_ui5_key":"applicationmanageyards-display-component---NewYard--addressNewCostObjectCstID-vhi"}]}
COMMAND: GET /session/0a21173b3be6d373b06b4981c33974fb/screenshot - {}
RESULT: {"script":"<script> [1562 bytes]","args":[{"selector":{"id":"application-manageyards-display-component---NewYard--addressNewCostObjectCstID-vhi"},"wdio_ui5_key":"applicationmanageyards-display-component---NewYard--addressNewCostObjectCstID-vhi"}]}
RESULT: undefined
COMMAND: POST /session/0a21173b3be6d373b06b4981c33974fb/element - {"using":"xpath","value":"//*[@id=\"application-manageyards-display-component---NewYard--addressNewCostObjectCstID-vhi\"]"}
RESULT: {}
RESULT: {"using":"xpath","value":"//*[@id=\"application-manageyards-display-component---NewYard--addressNewCostObjectCstID-vhi\"]"}
COMMAND: POST /session/0a21173b3be6d373b06b4981c33974fb/element/f.287C3A1B972D9005034ACA046358B519.d.995FCA81C7010203EDC945AEE636B5F5.e.737/click - {}
RESULT: {}
COMMAND: GET /session/0a21173b3be6d373b06b4981c33974fb/screenshot - {}
RESULT: {}
COMMAND: POST /session/0a21173b3be6d373b06b4981c33974fb/execute/async - {"script":"<script> [1562 bytes]","args":[{"selector":{"controlType":"sap.m.SearchField","properties":{"placeholder":"Search"},"searchOpenDialogs":true,"interaction":{"idSuffix":"I"}},"wdio_ui5_key":"sapm.SearchField{\"placeholder\":\"Search\"}"}]}
RESULT: {"script":"<script> [1562 bytes]","args":[{"selector":{"controlType":"sap.m.SearchField","properties":{"placeholder":"Search"},"searchOpenDialogs":true,"interaction":{"idSuffix":"I"}},"wdio_ui5_key":"sapm.SearchField{\"placeholder\":\"Search\"}"}]}
RESULT: undefined
COMMAND: POST /session/0a21173b3be6d373b06b4981c33974fb/execute/async - {"script":"<script> [776 bytes]","args":[{"enterText":"10001013","selector":{"controlType":"sap.m.SearchField","properties":{"placeholder":"Search"},"searchOpenDialogs":true,"interaction":{"idSuffix":"I"}},"clearTextFirst":true,"interactionType":"ENTER_TEXT"}]}
RESULT: {"script":"<script> [776 bytes]","args":[{"enterText":"10001013","selector":{"controlType":"sap.m.SearchField","properties":{"placeholder":"Search"},"searchOpenDialogs":true,"interaction":{"idSuffix":"I"}},"clearTextFirst":true,"interactionType":"ENTER_TEXT"}]}
COMMAND: POST /session/0a21173b3be6d373b06b4981c33974fb/actions - {"actions":[{"id":"action1","type":"key","parameters":{},"actions":[{"type":"keyDown","value":"î€‡"},{"type":"pause","duration":10},{"type":"keyUp","value":"î€‡"}]}]}
RESULT: {"actions":[{"id":"action1","type":"key","parameters":{},"actions":[{"type":"keyDown","value":"î€‡"},{"type":"pause","duration":10},{"type":"keyUp","value":"î€‡"}]}]}
COMMAND: GET /session/0a21173b3be6d373b06b4981c33974fb/screenshot - {}
RESULT: {}
COMMAND: POST /session/0a21173b3be6d373b06b4981c33974fb/element - {"using":"xpath","value":"//span[contains(text(), \"General Management\")]"}
RESULT: {"using":"xpath","value":"//span[contains(text(), \"General Management\")]"}
COMMAND: POST /session/0a21173b3be6d373b06b4981c33974fb/element/f.287C3A1B972D9005034ACA046358B519.d.995FCA81C7010203EDC945AEE636B5F5.e.778/click - {}
RESULT: {}
COMMAND: GET /session/0a21173b3be6d373b06b4981c33974fb/screenshot - {}
RESULT: {}
COMMAND: POST /session/0a21173b3be6d373b06b4981c33974fb/element - {"using":"xpath","value":"//bdi[contains(text(), \"OK\")]"}
RESULT: {"using":"xpath","value":"//bdi[contains(text(), \"OK\")]"}
COMMAND: POST /session/0a21173b3be6d373b06b4981c33974fb/element/f.287C3A1B972D9005034ACA046358B519.d.995FCA81C7010203EDC945AEE636B5F5.e.779/click - {}
RESULT: {}
COMMAND: GET /session/0a21173b3be6d373b06b4981c33974fb/screenshot - {}
RESULT: {}
COMMAND: POST /session/0a21173b3be6d373b06b4981c33974fb/execute/async - {"script":"<script> [1562 bytes]","args":[{"selector":{"id":"application-manageyards-display-component---NewYard--addressEditDetailsCurrency-arrow"},"wdio_ui5_key":"applicationmanageyards-display-component---NewYard--addressEditDetailsCurrency-arrow"}]}
RESULT: {"script":"<script> [1562 bytes]","args":[{"selector":{"id":"application-manageyards-display-component---NewYard--addressEditDetailsCurrency-arrow"},"wdio_ui5_key":"applicationmanageyards-display-component---NewYard--addressEditDetailsCurrency-arrow"}]}
RESULT: undefined
COMMAND: POST /session/0a21173b3be6d373b06b4981c33974fb/element - {"using":"xpath","value":"//*[@id=\"application-manageyards-display-component---NewYard--addressEditDetailsCurrency-arrow\"]"}
RESULT: {"using":"xpath","value":"//*[@id=\"application-manageyards-display-component---NewYard--addressEditDetailsCurrency-arrow\"]"}
COMMAND: POST /session/0a21173b3be6d373b06b4981c33974fb/element/f.287C3A1B972D9005034ACA046358B519.d.995FCA81C7010203EDC945AEE636B5F5.e.782/click - {}
RESULT: {}
COMMAND: POST /session/0a21173b3be6d373b06b4981c33974fb/element - {"using":"xpath","value":"//span[contains(text(), \"Euro\")]"}
COMMAND: GET /session/0a21173b3be6d373b06b4981c33974fb/screenshot - {}
RESULT: {"using":"xpath","value":"//span[contains(text(), \"Euro\")]"}
COMMAND: POST /session/0a21173b3be6d373b06b4981c33974fb/element/f.287C3A1B972D9005034ACA046358B519.d.995FCA81C7010203EDC945AEE636B5F5.e.783/click - {}
RESULT: {}
RESULT: {}
COMMAND: POST /session/0a21173b3be6d373b06b4981c33974fb/execute/async - {"script":"<script> [1562 bytes]","args":[{"selector":{"controlType":"sap.m.Input","viewName":"etm.portal.ui.manageyards.view.New","viewId":"application-manageyards-display-component---NewYard","bindingPath":{"path":"","propertyPath":"/CONTROLLING_AREA","modelName":"NewYardModel"},"interaction":{"idSuffix":"inner"}},"wdio_ui5_key":"etmportal.ui.manageyards.view.Newsap.m.Input{\"path\":\"\",\"propertyPath\":\"/CONTROLLING_AREA\",\"modelName\":\"NewYardModel\"}"}]}
COMMAND: GET /session/0a21173b3be6d373b06b4981c33974fb/screenshot - {}
RESULT: {"script":"<script> [1562 bytes]","args":[{"selector":{"controlType":"sap.m.Input","viewName":"etm.portal.ui.manageyards.view.New","viewId":"application-manageyards-display-component---NewYard","bindingPath":{"path":"","propertyPath":"/CONTROLLING_AREA","modelName":"NewYardModel"},"interaction":{"idSuffix":"inner"}},"wdio_ui5_key":"etmportal.ui.manageyards.view.Newsap.m.Input{\"path\":\"\",\"propertyPath\":\"/CONTROLLING_AREA\",\"modelName\":\"NewYardModel\"}"}]}
RESULT: undefined
COMMAND: POST /session/0a21173b3be6d373b06b4981c33974fb/execute/async - {"script":"<script> [776 bytes]","args":[{"enterText":"Z001","selector":{"controlType":"sap.m.Input","viewName":"etm.portal.ui.manageyards.view.New","viewId":"application-manageyards-display-component---NewYard","bindingPath":{"path":"","propertyPath":"/CONTROLLING_AREA","modelName":"NewYardModel"},"interaction":{"idSuffix":"inner"}},"clearTextFirst":true,"interactionType":"ENTER_TEXT"}]}
RESULT: {}
RESULT: {"script":"<script> [776 bytes]","args":[{"enterText":"Z001","selector":{"controlType":"sap.m.Input","viewName":"etm.portal.ui.manageyards.view.New","viewId":"application-manageyards-display-component---NewYard","bindingPath":{"path":"","propertyPath":"/CONTROLLING_AREA","modelName":"NewYardModel"},"interaction":{"idSuffix":"inner"}},"clearTextFirst":true,"interactionType":"ENTER_TEXT"}]}
COMMAND: POST /session/0a21173b3be6d373b06b4981c33974fb/execute/async - {"script":"<script> [1562 bytes]","args":[{"selector":{"id":"application-manageyards-display-component---NewYard--companyCodeComboBox","interaction":{"idSuffix":"inner"}},"wdio_ui5_key":"applicationmanageyards-display-component---NewYard--companyCodeComboBox"}]}
RESULT: {"script":"<script> [1562 bytes]","args":[{"selector":{"id":"application-manageyards-display-component---NewYard--companyCodeComboBox","interaction":{"idSuffix":"inner"}},"wdio_ui5_key":"applicationmanageyards-display-component---NewYard--companyCodeComboBox"}]}
RESULT: undefined
COMMAND: POST /session/0a21173b3be6d373b06b4981c33974fb/execute/async - {"script":"<script> [776 bytes]","args":[{"enterText":"1000","selector":{"id":"application-manageyards-display-component---NewYard--companyCodeComboBox","interaction":{"idSuffix":"inner"}},"clearTextFirst":true,"interactionType":"ENTER_TEXT"}]}
RESULT: {"script":"<script> [776 bytes]","args":[{"enterText":"1000","selector":{"id":"application-manageyards-display-component---NewYard--companyCodeComboBox","interaction":{"idSuffix":"inner"}},"clearTextFirst":true,"interactionType":"ENTER_TEXT"}]}
COMMAND: POST /session/0a21173b3be6d373b06b4981c33974fb/execute/async - {"script":"<script> [1562 bytes]","args":[{"selector":{"controlType":"sap.m.Input","viewName":"etm.portal.ui.manageyards.view.New","viewId":"application-manageyards-display-component---NewYard","bindingPath":{"path":"","propertyPath":"/PLANT","modelName":"NewYardModel"},"interaction":{"idSuffix":"inner"}},"wdio_ui5_key":"etmportal.ui.manageyards.view.Newsap.m.Input{\"path\":\"\",\"propertyPath\":\"/PLANT\",\"modelName\":\"NewYardModel\"}"}]}
RESULT: {"script":"<script> [1562 bytes]","args":[{"selector":{"controlType":"sap.m.Input","viewName":"etm.portal.ui.manageyards.view.New","viewId":"application-manageyards-display-component---NewYard","bindingPath":{"path":"","propertyPath":"/PLANT","modelName":"NewYardModel"},"interaction":{"idSuffix":"inner"}},"wdio_ui5_key":"etmportal.ui.manageyards.view.Newsap.m.Input{\"path\":\"\",\"propertyPath\":\"/PLANT\",\"modelName\":\"NewYardModel\"}"}]}
RESULT: undefined
COMMAND: POST /session/0a21173b3be6d373b06b4981c33974fb/execute/async - {"script":"<script> [776 bytes]","args":[{"enterText":"1001","selector":{"controlType":"sap.m.Input","viewName":"etm.portal.ui.manageyards.view.New","viewId":"application-manageyards-display-component---NewYard","bindingPath":{"path":"","propertyPath":"/PLANT","modelName":"NewYardModel"},"interaction":{"idSuffix":"inner"}},"clearTextFirst":true,"interactionType":"ENTER_TEXT"}]}
RESULT: {"script":"<script> [776 bytes]","args":[{"enterText":"1001","selector":{"controlType":"sap.m.Input","viewName":"etm.portal.ui.manageyards.view.New","viewId":"application-manageyards-display-component---NewYard","bindingPath":{"path":"","propertyPath":"/PLANT","modelName":"NewYardModel"},"interaction":{"idSuffix":"inner"}},"clearTextFirst":true,"interactionType":"ENTER_TEXT"}]}
COMMAND: POST /session/0a21173b3be6d373b06b4981c33974fb/execute/async - {"script":"<script> [1562 bytes]","args":[{"selector":{"controlType":"sap.m.Input","viewName":"etm.portal.ui.manageyards.view.New","viewId":"application-manageyards-display-component---NewYard","bindingPath":{"path":"","propertyPath":"/SALES_AREA_VKORG","modelName":"NewYardModel"},"interaction":{"idSuffix":"inner"}},"wdio_ui5_key":"etmportal.ui.manageyards.view.Newsap.m.Input{\"path\":\"\",\"propertyPath\":\"/SALES_AREA_VKORG\",\"modelName\":\"NewYardModel\"}"}]}
RESULT: {"script":"<script> [1562 bytes]","args":[{"selector":{"controlType":"sap.m.Input","viewName":"etm.portal.ui.manageyards.view.New","viewId":"application-manageyards-display-component---NewYard","bindingPath":{"path":"","propertyPath":"/SALES_AREA_VKORG","modelName":"NewYardModel"},"interaction":{"idSuffix":"inner"}},"wdio_ui5_key":"etmportal.ui.manageyards.view.Newsap.m.Input{\"path\":\"\",\"propertyPath\":\"/SALES_AREA_VKORG\",\"modelName\":\"NewYardModel\"}"}]}
RESULT: undefined
COMMAND: POST /session/0a21173b3be6d373b06b4981c33974fb/execute/async - {"script":"<script> [776 bytes]","args":[{"enterText":"C002","selector":{"controlType":"sap.m.Input","viewName":"etm.portal.ui.manageyards.view.New","viewId":"application-manageyards-display-component---NewYard","bindingPath":{"path":"","propertyPath":"/SALES_AREA_VKORG","modelName":"NewYardModel"},"interaction":{"idSuffix":"inner"}},"clearTextFirst":true,"interactionType":"ENTER_TEXT"}]}
RESULT: {"script":"<script> [776 bytes]","args":[{"enterText":"C002","selector":{"controlType":"sap.m.Input","viewName":"etm.portal.ui.manageyards.view.New","viewId":"application-manageyards-display-component---NewYard","bindingPath":{"path":"","propertyPath":"/SALES_AREA_VKORG","modelName":"NewYardModel"},"interaction":{"idSuffix":"inner"}},"clearTextFirst":true,"interactionType":"ENTER_TEXT"}]}
COMMAND: POST /session/0a21173b3be6d373b06b4981c33974fb/execute/async - {"script":"<script> [1562 bytes]","args":[{"selector":{"controlType":"sap.m.Input","viewName":"etm.portal.ui.manageyards.view.New","viewId":"application-manageyards-display-component---NewYard","bindingPath":{"path":"","propertyPath":"/SALES_AREA_VTWEG","modelName":"NewYardModel"},"interaction":{"idSuffix":"inner"}},"wdio_ui5_key":"etmportal.ui.manageyards.view.Newsap.m.Input{\"path\":\"\",\"propertyPath\":\"/SALES_AREA_VTWEG\",\"modelName\":\"NewYardModel\"}"}]}
RESULT: {"script":"<script> [1562 bytes]","args":[{"selector":{"controlType":"sap.m.Input","viewName":"etm.portal.ui.manageyards.view.New","viewId":"application-manageyards-display-component---NewYard","bindingPath":{"path":"","propertyPath":"/SALES_AREA_VTWEG","modelName":"NewYardModel"},"interaction":{"idSuffix":"inner"}},"wdio_ui5_key":"etmportal.ui.manageyards.view.Newsap.m.Input{\"path\":\"\",\"propertyPath\":\"/SALES_AREA_VTWEG\",\"modelName\":\"NewYardModel\"}"}]}
RESULT: undefined
COMMAND: POST /session/0a21173b3be6d373b06b4981c33974fb/execute/async - {"script":"<script> [776 bytes]","args":[{"enterText":"C2","selector":{"controlType":"sap.m.Input","viewName":"etm.portal.ui.manageyards.view.New","viewId":"application-manageyards-display-component---NewYard","bindingPath":{"path":"","propertyPath":"/SALES_AREA_VTWEG","modelName":"NewYardModel"},"interaction":{"idSuffix":"inner"}},"clearTextFirst":true,"interactionType":"ENTER_TEXT"}]}
RESULT: {"script":"<script> [776 bytes]","args":[{"enterText":"C2","selector":{"controlType":"sap.m.Input","viewName":"etm.portal.ui.manageyards.view.New","viewId":"application-manageyards-display-component---NewYard","bindingPath":{"path":"","propertyPath":"/SALES_AREA_VTWEG","modelName":"NewYardModel"},"interaction":{"idSuffix":"inner"}},"clearTextFirst":true,"interactionType":"ENTER_TEXT"}]}
COMMAND: POST /session/0a21173b3be6d373b06b4981c33974fb/execute/async - {"script":"<script> [1562 bytes]","args":[{"selector":{"controlType":"sap.m.Input","viewName":"etm.portal.ui.manageyards.view.New","viewId":"application-manageyards-display-component---NewYard","bindingPath":{"path":"","propertyPath":"/SALES_AREA_SPART","modelName":"NewYardModel"},"interaction":{"idSuffix":"inner"}},"wdio_ui5_key":"etmportal.ui.manageyards.view.Newsap.m.Input{\"path\":\"\",\"propertyPath\":\"/SALES_AREA_SPART\",\"modelName\":\"NewYardModel\"}"}]}
RESULT: {"script":"<script> [1562 bytes]","args":[{"selector":{"controlType":"sap.m.Input","viewName":"etm.portal.ui.manageyards.view.New","viewId":"application-manageyards-display-component---NewYard","bindingPath":{"path":"","propertyPath":"/SALES_AREA_SPART","modelName":"NewYardModel"},"interaction":{"idSuffix":"inner"}},"wdio_ui5_key":"etmportal.ui.manageyards.view.Newsap.m.Input{\"path\":\"\",\"propertyPath\":\"/SALES_AREA_SPART\",\"modelName\":\"NewYardModel\"}"}]}
RESULT: undefined
COMMAND: POST /session/0a21173b3be6d373b06b4981c33974fb/execute/async - {"script":"<script> [776 bytes]","args":[{"enterText":"C2","selector":{"controlType":"sap.m.Input","viewName":"etm.portal.ui.manageyards.view.New","viewId":"application-manageyards-display-component---NewYard","bindingPath":{"path":"","propertyPath":"/SALES_AREA_SPART","modelName":"NewYardModel"},"interaction":{"idSuffix":"inner"}},"clearTextFirst":true,"interactionType":"ENTER_TEXT"}]}
RESULT: {"script":"<script> [776 bytes]","args":[{"enterText":"C2","selector":{"controlType":"sap.m.Input","viewName":"etm.portal.ui.manageyards.view.New","viewId":"application-manageyards-display-component---NewYard","bindingPath":{"path":"","propertyPath":"/SALES_AREA_SPART","modelName":"NewYardModel"},"interaction":{"idSuffix":"inner"}},"clearTextFirst":true,"interactionType":"ENTER_TEXT"}]}
COMMAND: POST /session/0a21173b3be6d373b06b4981c33974fb/execute/async - {"script":"<script> [1562 bytes]","args":[{"selector":{"controlType":"sap.m.Input","viewName":"etm.portal.ui.manageyards.view.New","viewId":"application-manageyards-display-component---NewYard","bindingPath":{"path":"","propertyPath":"/SHIP_POINT","modelName":"NewYardModel"},"interaction":{"idSuffix":"inner"}},"wdio_ui5_key":"etmportal.ui.manageyards.view.Newsap.m.Input{\"path\":\"\",\"propertyPath\":\"/SHIP_POINT\",\"modelName\":\"NewYardModel\"}"}]}
RESULT: {"script":"<script> [1562 bytes]","args":[{"selector":{"controlType":"sap.m.Input","viewName":"etm.portal.ui.manageyards.view.New","viewId":"application-manageyards-display-component---NewYard","bindingPath":{"path":"","propertyPath":"/SHIP_POINT","modelName":"NewYardModel"},"interaction":{"idSuffix":"inner"}},"wdio_ui5_key":"etmportal.ui.manageyards.view.Newsap.m.Input{\"path\":\"\",\"propertyPath\":\"/SHIP_POINT\",\"modelName\":\"NewYardModel\"}"}]}
RESULT: undefined
COMMAND: POST /session/0a21173b3be6d373b06b4981c33974fb/execute/async - {"script":"<script> [776 bytes]","args":[{"enterText":"1710","selector":{"controlType":"sap.m.Input","viewName":"etm.portal.ui.manageyards.view.New","viewId":"application-manageyards-display-component---NewYard","bindingPath":{"path":"","propertyPath":"/SHIP_POINT","modelName":"NewYardModel"},"interaction":{"idSuffix":"inner"}},"clearTextFirst":true,"interactionType":"ENTER_TEXT"}]}
RESULT: {"script":"<script> [776 bytes]","args":[{"enterText":"1710","selector":{"controlType":"sap.m.Input","viewName":"etm.portal.ui.manageyards.view.New","viewId":"application-manageyards-display-component---NewYard","bindingPath":{"path":"","propertyPath":"/SHIP_POINT","modelName":"NewYardModel"},"interaction":{"idSuffix":"inner"}},"clearTextFirst":true,"interactionType":"ENTER_TEXT"}]}
COMMAND: POST /session/0a21173b3be6d373b06b4981c33974fb/execute/async - {"script":"<script> [1562 bytes]","args":[{"selector":{"controlType":"sap.m.Input","viewName":"etm.portal.ui.manageyards.view.New","viewId":"application-manageyards-display-component---NewYard","bindingPath":{"path":"","propertyPath":"/DELIVERY_TYPE","modelName":"NewYardModel"},"interaction":{"idSuffix":"inner"}},"wdio_ui5_key":"etmportal.ui.manageyards.view.Newsap.m.Input{\"path\":\"\",\"propertyPath\":\"/DELIVERY_TYPE\",\"modelName\":\"NewYardModel\"}"}]}
RESULT: {"script":"<script> [1562 bytes]","args":[{"selector":{"controlType":"sap.m.Input","viewName":"etm.portal.ui.manageyards.view.New","viewId":"application-manageyards-display-component---NewYard","bindingPath":{"path":"","propertyPath":"/DELIVERY_TYPE","modelName":"NewYardModel"},"interaction":{"idSuffix":"inner"}},"wdio_ui5_key":"etmportal.ui.manageyards.view.Newsap.m.Input{\"path\":\"\",\"propertyPath\":\"/DELIVERY_TYPE\",\"modelName\":\"NewYardModel\"}"}]}
RESULT: undefined
COMMAND: POST /session/0a21173b3be6d373b06b4981c33974fb/execute/async - {"script":"<script> [776 bytes]","args":[{"enterText":"ZL01","selector":{"controlType":"sap.m.Input","viewName":"etm.portal.ui.manageyards.view.New","viewId":"application-manageyards-display-component---NewYard","bindingPath":{"path":"","propertyPath":"/DELIVERY_TYPE","modelName":"NewYardModel"},"interaction":{"idSuffix":"inner"}},"clearTextFirst":true,"interactionType":"ENTER_TEXT"}]}
RESULT: {"script":"<script> [776 bytes]","args":[{"enterText":"ZL01","selector":{"controlType":"sap.m.Input","viewName":"etm.portal.ui.manageyards.view.New","viewId":"application-manageyards-display-component---NewYard","bindingPath":{"path":"","propertyPath":"/DELIVERY_TYPE","modelName":"NewYardModel"},"interaction":{"idSuffix":"inner"}},"clearTextFirst":true,"interactionType":"ENTER_TEXT"}]}
COMMAND: POST /session/0a21173b3be6d373b06b4981c33974fb/execute/async - {"script":"<script> [1562 bytes]","args":[{"selector":{"controlType":"sap.m.Input","viewName":"etm.portal.ui.manageyards.view.New","viewId":"application-manageyards-display-component---NewYard","bindingPath":{"path":"","propertyPath":"/AUART","modelName":"NewYardModel"},"interaction":{"idSuffix":"inner"}},"wdio_ui5_key":"etmportal.ui.manageyards.view.Newsap.m.Input{\"path\":\"\",\"propertyPath\":\"/AUART\",\"modelName\":\"NewYardModel\"}"}]}
RESULT: {"script":"<script> [1562 bytes]","args":[{"selector":{"controlType":"sap.m.Input","viewName":"etm.portal.ui.manageyards.view.New","viewId":"application-manageyards-display-component---NewYard","bindingPath":{"path":"","propertyPath":"/AUART","modelName":"NewYardModel"},"interaction":{"idSuffix":"inner"}},"wdio_ui5_key":"etmportal.ui.manageyards.view.Newsap.m.Input{\"path\":\"\",\"propertyPath\":\"/AUART\",\"modelName\":\"NewYardModel\"}"}]}
RESULT: undefined
COMMAND: POST /session/0a21173b3be6d373b06b4981c33974fb/execute/async - {"script":"<script> [776 bytes]","args":[{"enterText":"TA","selector":{"controlType":"sap.m.Input","viewName":"etm.portal.ui.manageyards.view.New","viewId":"application-manageyards-display-component---NewYard","bindingPath":{"path":"","propertyPath":"/AUART","modelName":"NewYardModel"},"interaction":{"idSuffix":"inner"}},"clearTextFirst":true,"interactionType":"ENTER_TEXT"}]}
RESULT: {"script":"<script> [776 bytes]","args":[{"enterText":"TA","selector":{"controlType":"sap.m.Input","viewName":"etm.portal.ui.manageyards.view.New","viewId":"application-manageyards-display-component---NewYard","bindingPath":{"path":"","propertyPath":"/AUART","modelName":"NewYardModel"},"interaction":{"idSuffix":"inner"}},"clearTextFirst":true,"interactionType":"ENTER_TEXT"}]}
COMMAND: POST /session/0a21173b3be6d373b06b4981c33974fb/element - {"using":"xpath","value":"//button[@data-kt=\"newYardSaveButton\"]"}
RESULT: {"using":"xpath","value":"//button[@data-kt=\"newYardSaveButton\"]"}
COMMAND: POST /session/0a21173b3be6d373b06b4981c33974fb/element/f.287C3A1B972D9005034ACA046358B519.d.995FCA81C7010203EDC945AEE636B5F5.e.710/click - {}
RESULT: {}
COMMAND: GET /session/0a21173b3be6d373b06b4981c33974fb/screenshot - {}
RESULT: {}
COMMAND: POST /session/0a21173b3be6d373b06b4981c33974fb/element - {"using":"xpath","value":"//header[contains(@id, 'ObjectPageLayout-headerTitle')]/div[1]/div[2]/div[1]/span[1]"}
RESULT: {"using":"xpath","value":"//header[contains(@id, 'ObjectPageLayout-headerTitle')]/div[1]/div[2]/div[1]/span[1]"}
COMMAND: POST /session/0a21173b3be6d373b06b4981c33974fb/elements - {"using":"xpath","value":"//header[contains(@id, 'ObjectPageLayout-headerTitle')]/div[1]/div[2]/div[1]/span[1]"}
RESULT: {"using":"xpath","value":"//header[contains(@id, 'ObjectPageLayout-headerTitle')]/div[1]/div[2]/div[1]/span[1]"}
COMMAND: POST /session/0a21173b3be6d373b06b4981c33974fb/execute/sync - {"script":"<script> [56 bytes]","args":[{"element-6066-11e4-a52e-4f735466cecf":"f.287C3A1B972D9005034ACA046358B519.d.995FCA81C7010203EDC945AEE636B5F5.e.1009","ELEMENT":"f.287C3A1B972D9005034ACA046358B519.d.995FCA81C7010203EDC945AEE636B5F5.e.1009"}]}
RESULT: {"script":"<script> [56 bytes]","args":[{"element-6066-11e4-a52e-4f735466cecf":"f.287C3A1B972D9005034ACA046358B519.d.995FCA81C7010203EDC945AEE636B5F5.e.1009","ELEMENT":"f.287C3A1B972D9005034ACA046358B519.d.995FCA81C7010203EDC945AEE636B5F5.e.1009"}]}
COMMAND: GET /session/0a21173b3be6d373b06b4981c33974fb/screenshot - {}
RESULT: {}
COMMAND: POST /session/0a21173b3be6d373b06b4981c33974fb/element - {"using":"css selector","value":"#shell-header-logo"}
RESULT: {"using":"css selector","value":"#shell-header-logo"}
COMMAND: POST /session/0a21173b3be6d373b06b4981c33974fb/element/f.287C3A1B972D9005034ACA046358B519.d.995FCA81C7010203EDC945AEE636B5F5.e.273/click - {}
RESULT: {}
COMMAND: GET /session/0a21173b3be6d373b06b4981c33974fb/screenshot - {}
RESULT: {}
COMMAND: POST /session/0a21173b3be6d373b06b4981c33974fb/execute/sync - {"script":"<script> [299 bytes]","args":[["getModel","getResource"]]}
RESULT: {"script":"<script> [299 bytes]","args":[["getModel","getResource"]]}
]]></system-out>
    </testcase>
    <testcase classname="chrome.135_0_7049_115.windows.Tests_for_Mass_State_Change_on_Manage_States_&amp;_Performances_US104416_US" name="Prereq Should create a new partner" time="145.138">
      <system-out><![CDATA[
COMMAND: POST /session/0a21173b3be6d373b06b4981c33974fb/window/fullscreen - {}
COMMAND: GET /session/0a21173b3be6d373b06b4981c33974fb/screenshot - {}
RESULT: {}
COMMAND: POST /session/0a21173b3be6d373b06b4981c33974fb/execute/async - {"script":"<script> [1562 bytes]","args":[{"selector":{"controlType":"sap.m.GenericTile","properties":{"header":"Manage Partners"}},"wdio_ui5_key":"sapm.GenericTile{\"header\":\"Manage Partners\"}"}]}
RESULT: {}
RESULT: {"script":"<script> [1562 bytes]","args":[{"selector":{"controlType":"sap.m.GenericTile","properties":{"header":"Manage Partners"}},"wdio_ui5_key":"sapm.GenericTile{\"header\":\"Manage Partners\"}"}]}
RESULT: undefined
COMMAND: POST /session/0a21173b3be6d373b06b4981c33974fb/element - {"using":"xpath","value":"//*[@id=\"__tile38\"]"}
RESULT: {"using":"xpath","value":"//*[@id=\"__tile38\"]"}
COMMAND: POST /session/0a21173b3be6d373b06b4981c33974fb/element/f.287C3A1B972D9005034ACA046358B519.d.995FCA81C7010203EDC945AEE636B5F5.e.157/click - {}
RESULT: {}
COMMAND: POST /session/0a21173b3be6d373b06b4981c33974fb/element - {"using":"xpath","value":"//button[@data-kt=\"addButton\"]"}
COMMAND: GET /session/0a21173b3be6d373b06b4981c33974fb/screenshot - {}
RESULT: {"using":"xpath","value":"//button[@data-kt=\"addButton\"]"}
COMMAND: POST /session/0a21173b3be6d373b06b4981c33974fb/elements - {"using":"xpath","value":"//button[@data-kt=\"addButton\"]"}
RESULT: {}
RESULT: {"using":"xpath","value":"//button[@data-kt=\"addButton\"]"}
COMMAND: POST /session/0a21173b3be6d373b06b4981c33974fb/elements - {"using":"xpath","value":"//button[@data-kt=\"addButton\"]"}
RESULT: {"using":"xpath","value":"//button[@data-kt=\"addButton\"]"}
COMMAND: POST /session/0a21173b3be6d373b06b4981c33974fb/elements - {"using":"xpath","value":"//button[@data-kt=\"addButton\"]"}
RESULT: {"using":"xpath","value":"//button[@data-kt=\"addButton\"]"}
COMMAND: POST /session/0a21173b3be6d373b06b4981c33974fb/elements - {"using":"xpath","value":"//button[@data-kt=\"addButton\"]"}
RESULT: {"using":"xpath","value":"//button[@data-kt=\"addButton\"]"}
COMMAND: POST /session/0a21173b3be6d373b06b4981c33974fb/elements - {"using":"xpath","value":"//button[@data-kt=\"addButton\"]"}
RESULT: {"using":"xpath","value":"//button[@data-kt=\"addButton\"]"}
COMMAND: POST /session/0a21173b3be6d373b06b4981c33974fb/elements - {"using":"xpath","value":"//button[@data-kt=\"addButton\"]"}
RESULT: {"using":"xpath","value":"//button[@data-kt=\"addButton\"]"}
COMMAND: POST /session/0a21173b3be6d373b06b4981c33974fb/elements - {"using":"xpath","value":"//button[@data-kt=\"addButton\"]"}
RESULT: {"using":"xpath","value":"//button[@data-kt=\"addButton\"]"}
COMMAND: POST /session/0a21173b3be6d373b06b4981c33974fb/elements - {"using":"xpath","value":"//button[@data-kt=\"addButton\"]"}
RESULT: {"using":"xpath","value":"//button[@data-kt=\"addButton\"]"}
COMMAND: POST /session/0a21173b3be6d373b06b4981c33974fb/elements - {"using":"xpath","value":"//button[@data-kt=\"addButton\"]"}
RESULT: {"using":"xpath","value":"//button[@data-kt=\"addButton\"]"}
COMMAND: POST /session/0a21173b3be6d373b06b4981c33974fb/elements - {"using":"xpath","value":"//button[@data-kt=\"addButton\"]"}
RESULT: {"using":"xpath","value":"//button[@data-kt=\"addButton\"]"}
COMMAND: POST /session/0a21173b3be6d373b06b4981c33974fb/elements - {"using":"xpath","value":"//button[@data-kt=\"addButton\"]"}
RESULT: {"using":"xpath","value":"//button[@data-kt=\"addButton\"]"}
COMMAND: POST /session/0a21173b3be6d373b06b4981c33974fb/elements - {"using":"xpath","value":"//button[@data-kt=\"addButton\"]"}
RESULT: {"using":"xpath","value":"//button[@data-kt=\"addButton\"]"}
COMMAND: POST /session/0a21173b3be6d373b06b4981c33974fb/elements - {"using":"xpath","value":"//button[@data-kt=\"addButton\"]"}
RESULT: {"using":"xpath","value":"//button[@data-kt=\"addButton\"]"}
COMMAND: POST /session/0a21173b3be6d373b06b4981c33974fb/elements - {"using":"xpath","value":"//button[@data-kt=\"addButton\"]"}
RESULT: {"using":"xpath","value":"//button[@data-kt=\"addButton\"]"}
COMMAND: POST /session/0a21173b3be6d373b06b4981c33974fb/elements - {"using":"xpath","value":"//button[@data-kt=\"addButton\"]"}
RESULT: {"using":"xpath","value":"//button[@data-kt=\"addButton\"]"}
COMMAND: POST /session/0a21173b3be6d373b06b4981c33974fb/elements - {"using":"xpath","value":"//button[@data-kt=\"addButton\"]"}
RESULT: {"using":"xpath","value":"//button[@data-kt=\"addButton\"]"}
COMMAND: POST /session/0a21173b3be6d373b06b4981c33974fb/elements - {"using":"xpath","value":"//button[@data-kt=\"addButton\"]"}
RESULT: {"using":"xpath","value":"//button[@data-kt=\"addButton\"]"}
COMMAND: POST /session/0a21173b3be6d373b06b4981c33974fb/elements - {"using":"xpath","value":"//button[@data-kt=\"addButton\"]"}
RESULT: {"using":"xpath","value":"//button[@data-kt=\"addButton\"]"}
COMMAND: POST /session/0a21173b3be6d373b06b4981c33974fb/elements - {"using":"xpath","value":"//button[@data-kt=\"addButton\"]"}
RESULT: {"using":"xpath","value":"//button[@data-kt=\"addButton\"]"}
COMMAND: POST /session/0a21173b3be6d373b06b4981c33974fb/elements - {"using":"xpath","value":"//button[@data-kt=\"addButton\"]"}
RESULT: {"using":"xpath","value":"//button[@data-kt=\"addButton\"]"}
COMMAND: POST /session/0a21173b3be6d373b06b4981c33974fb/elements - {"using":"xpath","value":"//button[@data-kt=\"addButton\"]"}
RESULT: {"using":"xpath","value":"//button[@data-kt=\"addButton\"]"}
COMMAND: POST /session/0a21173b3be6d373b06b4981c33974fb/elements - {"using":"xpath","value":"//button[@data-kt=\"addButton\"]"}
RESULT: {"using":"xpath","value":"//button[@data-kt=\"addButton\"]"}
COMMAND: POST /session/0a21173b3be6d373b06b4981c33974fb/elements - {"using":"xpath","value":"//button[@data-kt=\"addButton\"]"}
RESULT: {"using":"xpath","value":"//button[@data-kt=\"addButton\"]"}
COMMAND: POST /session/0a21173b3be6d373b06b4981c33974fb/elements - {"using":"xpath","value":"//button[@data-kt=\"addButton\"]"}
RESULT: {"using":"xpath","value":"//button[@data-kt=\"addButton\"]"}
COMMAND: POST /session/0a21173b3be6d373b06b4981c33974fb/elements - {"using":"xpath","value":"//button[@data-kt=\"addButton\"]"}
RESULT: {"using":"xpath","value":"//button[@data-kt=\"addButton\"]"}
COMMAND: POST /session/0a21173b3be6d373b06b4981c33974fb/elements - {"using":"xpath","value":"//button[@data-kt=\"addButton\"]"}
RESULT: {"using":"xpath","value":"//button[@data-kt=\"addButton\"]"}
COMMAND: POST /session/0a21173b3be6d373b06b4981c33974fb/elements - {"using":"xpath","value":"//button[@data-kt=\"addButton\"]"}
RESULT: {"using":"xpath","value":"//button[@data-kt=\"addButton\"]"}
COMMAND: POST /session/0a21173b3be6d373b06b4981c33974fb/elements - {"using":"xpath","value":"//button[@data-kt=\"addButton\"]"}
RESULT: {"using":"xpath","value":"//button[@data-kt=\"addButton\"]"}
COMMAND: POST /session/0a21173b3be6d373b06b4981c33974fb/element - {"using":"xpath","value":"//button[@data-kt=\"addButton\"]"}
RESULT: {"using":"xpath","value":"//button[@data-kt=\"addButton\"]"}
COMMAND: POST /session/0a21173b3be6d373b06b4981c33974fb/execute/sync - {"script":"<script> [8489 bytes]","args":[{"element-6066-11e4-a52e-4f735466cecf":"f.287C3A1B972D9005034ACA046358B519.d.995FCA81C7010203EDC945AEE636B5F5.e.1047","ELEMENT":"f.287C3A1B972D9005034ACA046358B519.d.995FCA81C7010203EDC945AEE636B5F5.e.1047"}]}
RESULT: {"script":"<script> [8489 bytes]","args":[{"element-6066-11e4-a52e-4f735466cecf":"f.287C3A1B972D9005034ACA046358B519.d.995FCA81C7010203EDC945AEE636B5F5.e.1047","ELEMENT":"f.287C3A1B972D9005034ACA046358B519.d.995FCA81C7010203EDC945AEE636B5F5.e.1047"}]}
COMMAND: GET /session/0a21173b3be6d373b06b4981c33974fb/element/f.287C3A1B972D9005034ACA046358B519.d.995FCA81C7010203EDC945AEE636B5F5.e.1047/enabled - {}
COMMAND: GET /session/0a21173b3be6d373b06b4981c33974fb/screenshot - {}
RESULT: {}
COMMAND: POST /session/0a21173b3be6d373b06b4981c33974fb/execute/sync - {"script":"<script> [8489 bytes]","args":[{"element-6066-11e4-a52e-4f735466cecf":"f.287C3A1B972D9005034ACA046358B519.d.995FCA81C7010203EDC945AEE636B5F5.e.1047","ELEMENT":"f.287C3A1B972D9005034ACA046358B519.d.995FCA81C7010203EDC945AEE636B5F5.e.1047"}]}
COMMAND: GET /session/0a21173b3be6d373b06b4981c33974fb/screenshot - {}
RESULT: {}
RESULT: {"script":"<script> [8489 bytes]","args":[{"element-6066-11e4-a52e-4f735466cecf":"f.287C3A1B972D9005034ACA046358B519.d.995FCA81C7010203EDC945AEE636B5F5.e.1047","ELEMENT":"f.287C3A1B972D9005034ACA046358B519.d.995FCA81C7010203EDC945AEE636B5F5.e.1047"}]}
COMMAND: POST /session/0a21173b3be6d373b06b4981c33974fb/execute/sync - {"script":"<script> [5351 bytes]","args":[{"element-6066-11e4-a52e-4f735466cecf":"f.287C3A1B972D9005034ACA046358B519.d.995FCA81C7010203EDC945AEE636B5F5.e.1047","ELEMENT":"f.287C3A1B972D9005034ACA046358B519.d.995FCA81C7010203EDC945AEE636B5F5.e.1047"}]}
COMMAND: GET /session/0a21173b3be6d373b06b4981c33974fb/screenshot - {}
RESULT: {}
RESULT: {"script":"<script> [5351 bytes]","args":[{"element-6066-11e4-a52e-4f735466cecf":"f.287C3A1B972D9005034ACA046358B519.d.995FCA81C7010203EDC945AEE636B5F5.e.1047","ELEMENT":"f.287C3A1B972D9005034ACA046358B519.d.995FCA81C7010203EDC945AEE636B5F5.e.1047"}]}
COMMAND: POST /session/0a21173b3be6d373b06b4981c33974fb/element/f.287C3A1B972D9005034ACA046358B519.d.995FCA81C7010203EDC945AEE636B5F5.e.1047/click - {}
COMMAND: GET /session/0a21173b3be6d373b06b4981c33974fb/screenshot - {}
RESULT: {}
RESULT: {}
COMMAND: GET /session/0a21173b3be6d373b06b4981c33974fb/screenshot - {}
COMMAND: POST /session/0a21173b3be6d373b06b4981c33974fb/execute/async - {"script":"<script> [1562 bytes]","args":[{"selector":{"id":"application-managepartners-display-component---NewPartner--addressDetailDetailsName1","interaction":{"idSuffix":"inner"}},"wdio_ui5_key":"applicationmanagepartners-display-component---NewPartner--addressDetailDetailsName1"}]}
RESULT: {}
RESULT: {}
RESULT: {"script":"<script> [1562 bytes]","args":[{"selector":{"id":"application-managepartners-display-component---NewPartner--addressDetailDetailsName1","interaction":{"idSuffix":"inner"}},"wdio_ui5_key":"applicationmanagepartners-display-component---NewPartner--addressDetailDetailsName1"}]}
RESULT: undefined
COMMAND: POST /session/0a21173b3be6d373b06b4981c33974fb/execute/async - {"script":"<script> [776 bytes]","args":[{"enterText":"Intracompany Partner WDIO","selector":{"id":"application-managepartners-display-component---NewPartner--addressDetailDetailsName1","interaction":{"idSuffix":"inner"}},"clearTextFirst":true,"interactionType":"ENTER_TEXT"}]}
RESULT: {"script":"<script> [776 bytes]","args":[{"enterText":"Intracompany Partner WDIO","selector":{"id":"application-managepartners-display-component---NewPartner--addressDetailDetailsName1","interaction":{"idSuffix":"inner"}},"clearTextFirst":true,"interactionType":"ENTER_TEXT"}]}
COMMAND: POST /session/0a21173b3be6d373b06b4981c33974fb/execute/async - {"script":"<script> [1562 bytes]","args":[{"selector":{"id":"application-managepartners-display-component---NewPartner--addressDetailDetailsLanguage-arrow"},"wdio_ui5_key":"applicationmanagepartners-display-component---NewPartner--addressDetailDetailsLanguage-arrow"}]}
RESULT: {"script":"<script> [1562 bytes]","args":[{"selector":{"id":"application-managepartners-display-component---NewPartner--addressDetailDetailsLanguage-arrow"},"wdio_ui5_key":"applicationmanagepartners-display-component---NewPartner--addressDetailDetailsLanguage-arrow"}]}
RESULT: undefined
COMMAND: POST /session/0a21173b3be6d373b06b4981c33974fb/element - {"using":"xpath","value":"//*[@id=\"application-managepartners-display-component---NewPartner--addressDetailDetailsLanguage-arrow\"]"}
RESULT: {"using":"xpath","value":"//*[@id=\"application-managepartners-display-component---NewPartner--addressDetailDetailsLanguage-arrow\"]"}
COMMAND: POST /session/0a21173b3be6d373b06b4981c33974fb/element/f.287C3A1B972D9005034ACA046358B519.d.995FCA81C7010203EDC945AEE636B5F5.e.1490/click - {}
RESULT: {}
COMMAND: POST /session/0a21173b3be6d373b06b4981c33974fb/element - {"using":"xpath","value":"//span[contains(text(), \"English\")]"}
COMMAND: GET /session/0a21173b3be6d373b06b4981c33974fb/screenshot - {}
RESULT: {"using":"xpath","value":"//span[contains(text(), \"English\")]"}
COMMAND: POST /session/0a21173b3be6d373b06b4981c33974fb/element/f.287C3A1B972D9005034ACA046358B519.d.995FCA81C7010203EDC945AEE636B5F5.e.1491/click - {}
RESULT: {}
RESULT: {}
COMMAND: GET /session/0a21173b3be6d373b06b4981c33974fb/screenshot - {}
RESULT: {}
COMMAND: POST /session/0a21173b3be6d373b06b4981c33974fb/execute/async - {"script":"<script> [1562 bytes]","args":[{"selector":{"id":"application-managepartners-display-component---NewPartner--addressDetailDetailsCity1","interaction":{"idSuffix":"inner"}},"wdio_ui5_key":"applicationmanagepartners-display-component---NewPartner--addressDetailDetailsCity1"}]}
RESULT: {"script":"<script> [1562 bytes]","args":[{"selector":{"id":"application-managepartners-display-component---NewPartner--addressDetailDetailsCity1","interaction":{"idSuffix":"inner"}},"wdio_ui5_key":"applicationmanagepartners-display-component---NewPartner--addressDetailDetailsCity1"}]}
RESULT: undefined
COMMAND: POST /session/0a21173b3be6d373b06b4981c33974fb/execute/async - {"script":"<script> [776 bytes]","args":[{"enterText":"Rosario","selector":{"id":"application-managepartners-display-component---NewPartner--addressDetailDetailsCity1","interaction":{"idSuffix":"inner"}},"clearTextFirst":true,"interactionType":"ENTER_TEXT"}]}
RESULT: {"script":"<script> [776 bytes]","args":[{"enterText":"Rosario","selector":{"id":"application-managepartners-display-component---NewPartner--addressDetailDetailsCity1","interaction":{"idSuffix":"inner"}},"clearTextFirst":true,"interactionType":"ENTER_TEXT"}]}
COMMAND: POST /session/0a21173b3be6d373b06b4981c33974fb/execute/async - {"script":"<script> [1562 bytes]","args":[{"selector":{"id":"application-managepartners-display-component---NewPartner--addressDetailDetailsCountry-arrow"},"wdio_ui5_key":"applicationmanagepartners-display-component---NewPartner--addressDetailDetailsCountry-arrow"}]}
RESULT: {"script":"<script> [1562 bytes]","args":[{"selector":{"id":"application-managepartners-display-component---NewPartner--addressDetailDetailsCountry-arrow"},"wdio_ui5_key":"applicationmanagepartners-display-component---NewPartner--addressDetailDetailsCountry-arrow"}]}
RESULT: undefined
COMMAND: POST /session/0a21173b3be6d373b06b4981c33974fb/element - {"using":"xpath","value":"//*[@id=\"application-managepartners-display-component---NewPartner--addressDetailDetailsCountry-arrow\"]"}
RESULT: {"using":"xpath","value":"//*[@id=\"application-managepartners-display-component---NewPartner--addressDetailDetailsCountry-arrow\"]"}
COMMAND: POST /session/0a21173b3be6d373b06b4981c33974fb/element/f.287C3A1B972D9005034ACA046358B519.d.995FCA81C7010203EDC945AEE636B5F5.e.1469/click - {}
RESULT: {}
COMMAND: POST /session/0a21173b3be6d373b06b4981c33974fb/element - {"using":"xpath","value":"//span[contains(text(), \"Argentina\")]"}
COMMAND: GET /session/0a21173b3be6d373b06b4981c33974fb/screenshot - {}
RESULT: {"using":"xpath","value":"//span[contains(text(), \"Argentina\")]"}
COMMAND: POST /session/0a21173b3be6d373b06b4981c33974fb/element/f.287C3A1B972D9005034ACA046358B519.d.995FCA81C7010203EDC945AEE636B5F5.e.1493/click - {}
RESULT: {}
RESULT: {}
COMMAND: GET /session/0a21173b3be6d373b06b4981c33974fb/screenshot - {}
RESULT: {}
COMMAND: POST /session/0a21173b3be6d373b06b4981c33974fb/element - {"using":"xpath","value":"//bdi[contains(text(), \"Commercial\")]"}
RESULT: {"using":"xpath","value":"//bdi[contains(text(), \"Commercial\")]"}
COMMAND: POST /session/0a21173b3be6d373b06b4981c33974fb/element/f.287C3A1B972D9005034ACA046358B519.d.995FCA81C7010203EDC945AEE636B5F5.e.1494/click - {}
RESULT: {}
COMMAND: GET /session/0a21173b3be6d373b06b4981c33974fb/screenshot - {}
RESULT: {}
COMMAND: POST /session/0a21173b3be6d373b06b4981c33974fb/execute/async - {"script":"<script> [1562 bytes]","args":[{"selector":{"id":"application-managepartners-display-component---NewPartner--partnerDetailInternal-arrow"},"wdio_ui5_key":"applicationmanagepartners-display-component---NewPartner--partnerDetailInternal-arrow"}]}
RESULT: {"script":"<script> [1562 bytes]","args":[{"selector":{"id":"application-managepartners-display-component---NewPartner--partnerDetailInternal-arrow"},"wdio_ui5_key":"applicationmanagepartners-display-component---NewPartner--partnerDetailInternal-arrow"}]}
RESULT: undefined
COMMAND: POST /session/0a21173b3be6d373b06b4981c33974fb/element - {"using":"xpath","value":"//*[@id=\"application-managepartners-display-component---NewPartner--partnerDetailInternal-arrow\"]"}
RESULT: {"using":"xpath","value":"//*[@id=\"application-managepartners-display-component---NewPartner--partnerDetailInternal-arrow\"]"}
COMMAND: POST /session/0a21173b3be6d373b06b4981c33974fb/element/f.287C3A1B972D9005034ACA046358B519.d.995FCA81C7010203EDC945AEE636B5F5.e.1500/click - {}
RESULT: {}
COMMAND: POST /session/0a21173b3be6d373b06b4981c33974fb/element - {"using":"xpath","value":"//span[contains(text(), \"Affiliated company\")]"}
COMMAND: GET /session/0a21173b3be6d373b06b4981c33974fb/screenshot - {}
RESULT: {"using":"xpath","value":"//span[contains(text(), \"Affiliated company\")]"}
COMMAND: POST /session/0a21173b3be6d373b06b4981c33974fb/element/f.287C3A1B972D9005034ACA046358B519.d.995FCA81C7010203EDC945AEE636B5F5.e.1501/click - {}
RESULT: {}
RESULT: {}
COMMAND: POST /session/0a21173b3be6d373b06b4981c33974fb/execute/async - {"script":"<script> [1562 bytes]","args":[{"selector":{"id":"application-managepartners-display-component---NewPartner--partnerDetailsCurrency-arrow"},"wdio_ui5_key":"applicationmanagepartners-display-component---NewPartner--partnerDetailsCurrency-arrow"}]}
COMMAND: GET /session/0a21173b3be6d373b06b4981c33974fb/screenshot - {}
RESULT: {"script":"<script> [1562 bytes]","args":[{"selector":{"id":"application-managepartners-display-component---NewPartner--partnerDetailsCurrency-arrow"},"wdio_ui5_key":"applicationmanagepartners-display-component---NewPartner--partnerDetailsCurrency-arrow"}]}
RESULT: undefined
COMMAND: POST /session/0a21173b3be6d373b06b4981c33974fb/element - {"using":"xpath","value":"//*[@id=\"application-managepartners-display-component---NewPartner--partnerDetailsCurrency-arrow\"]"}
RESULT: {}
RESULT: {"using":"xpath","value":"//*[@id=\"application-managepartners-display-component---NewPartner--partnerDetailsCurrency-arrow\"]"}
COMMAND: POST /session/0a21173b3be6d373b06b4981c33974fb/element/f.287C3A1B972D9005034ACA046358B519.d.995FCA81C7010203EDC945AEE636B5F5.e.1508/click - {}
RESULT: {}
COMMAND: POST /session/0a21173b3be6d373b06b4981c33974fb/element - {"using":"xpath","value":"//span[contains(text(), \"Euro\")]"}
COMMAND: GET /session/0a21173b3be6d373b06b4981c33974fb/screenshot - {}
RESULT: {"using":"xpath","value":"//span[contains(text(), \"Euro\")]"}
COMMAND: POST /session/0a21173b3be6d373b06b4981c33974fb/element/f.287C3A1B972D9005034ACA046358B519.d.995FCA81C7010203EDC945AEE636B5F5.e.1509/click - {}
RESULT: {}
RESULT: {}
COMMAND: POST /session/0a21173b3be6d373b06b4981c33974fb/execute/async - {"script":"<script> [1562 bytes]","args":[{"selector":{"id":"application-managepartners-display-component---NewPartner--addressEditDetailsCostObjectCstType-arrow"},"wdio_ui5_key":"applicationmanagepartners-display-component---NewPartner--addressEditDetailsCostObjectCstType-arrow"}]}
COMMAND: GET /session/0a21173b3be6d373b06b4981c33974fb/screenshot - {}
RESULT: {"script":"<script> [1562 bytes]","args":[{"selector":{"id":"application-managepartners-display-component---NewPartner--addressEditDetailsCostObjectCstType-arrow"},"wdio_ui5_key":"applicationmanagepartners-display-component---NewPartner--addressEditDetailsCostObjectCstType-arrow"}]}
RESULT: undefined
COMMAND: POST /session/0a21173b3be6d373b06b4981c33974fb/element - {"using":"xpath","value":"//*[@id=\"application-managepartners-display-component---NewPartner--addressEditDetailsCostObjectCstType-arrow\"]"}
RESULT: {}
RESULT: {"using":"xpath","value":"//*[@id=\"application-managepartners-display-component---NewPartner--addressEditDetailsCostObjectCstType-arrow\"]"}
COMMAND: POST /session/0a21173b3be6d373b06b4981c33974fb/element/f.287C3A1B972D9005034ACA046358B519.d.995FCA81C7010203EDC945AEE636B5F5.e.1510/click - {}
RESULT: {}
COMMAND: POST /session/0a21173b3be6d373b06b4981c33974fb/element - {"using":"xpath","value":"//span[contains(text(), \"Cost Center\")]"}
COMMAND: GET /session/0a21173b3be6d373b06b4981c33974fb/screenshot - {}
RESULT: {"using":"xpath","value":"//span[contains(text(), \"Cost Center\")]"}
COMMAND: POST /session/0a21173b3be6d373b06b4981c33974fb/element/f.287C3A1B972D9005034ACA046358B519.d.995FCA81C7010203EDC945AEE636B5F5.e.1511/click - {}
RESULT: {}
RESULT: {}
COMMAND: GET /session/0a21173b3be6d373b06b4981c33974fb/screenshot - {}
RESULT: {}
COMMAND: POST /session/0a21173b3be6d373b06b4981c33974fb/element - {"using":"xpath","value":"//span[@id=\"application-managepartners-display-component---NewPartner--addressNewCostObjectCstID-vhi\"]"}
RESULT: {"using":"xpath","value":"//span[@id=\"application-managepartners-display-component---NewPartner--addressNewCostObjectCstID-vhi\"]"}
COMMAND: POST /session/0a21173b3be6d373b06b4981c33974fb/execute/sync - {"script":"<script> [8489 bytes]","args":[{"element-6066-11e4-a52e-4f735466cecf":"f.287C3A1B972D9005034ACA046358B519.d.995FCA81C7010203EDC945AEE636B5F5.e.1515","ELEMENT":"f.287C3A1B972D9005034ACA046358B519.d.995FCA81C7010203EDC945AEE636B5F5.e.1515"}]}
RESULT: {"script":"<script> [8489 bytes]","args":[{"element-6066-11e4-a52e-4f735466cecf":"f.287C3A1B972D9005034ACA046358B519.d.995FCA81C7010203EDC945AEE636B5F5.e.1515","ELEMENT":"f.287C3A1B972D9005034ACA046358B519.d.995FCA81C7010203EDC945AEE636B5F5.e.1515"}]}
COMMAND: POST /session/0a21173b3be6d373b06b4981c33974fb/execute/async - {"script":"<script> [1562 bytes]","args":[{"selector":{"id":"application-managepartners-display-component---NewPartner--addressNewCostObjectCstID-vhi"},"wdio_ui5_key":"applicationmanagepartners-display-component---NewPartner--addressNewCostObjectCstID-vhi"}]}
COMMAND: GET /session/0a21173b3be6d373b06b4981c33974fb/screenshot - {}
RESULT: {"script":"<script> [1562 bytes]","args":[{"selector":{"id":"application-managepartners-display-component---NewPartner--addressNewCostObjectCstID-vhi"},"wdio_ui5_key":"applicationmanagepartners-display-component---NewPartner--addressNewCostObjectCstID-vhi"}]}
RESULT: undefined
COMMAND: POST /session/0a21173b3be6d373b06b4981c33974fb/element - {"using":"xpath","value":"//*[@id=\"application-managepartners-display-component---NewPartner--addressNewCostObjectCstID-vhi\"]"}
RESULT: {}
RESULT: {"using":"xpath","value":"//*[@id=\"application-managepartners-display-component---NewPartner--addressNewCostObjectCstID-vhi\"]"}
COMMAND: POST /session/0a21173b3be6d373b06b4981c33974fb/element/f.287C3A1B972D9005034ACA046358B519.d.995FCA81C7010203EDC945AEE636B5F5.e.1515/click - {}
RESULT: {}
COMMAND: GET /session/0a21173b3be6d373b06b4981c33974fb/screenshot - {}
RESULT: undefined
COMMAND: POST /session/0a21173b3be6d373b06b4981c33974fb/execute/async - {"script":"<script> [776 bytes]","args":[{"enterText":"10001013","selector":{"controlType":"sap.m.SearchField","properties":{"placeholder":"Search"},"searchOpenDialogs":true,"interaction":{"idSuffix":"I"}},"clearTextFirst":true,"interactionType":"ENTER_TEXT"}]}
RESULT: {}
RESULT: {"script":"<script> [776 bytes]","args":[{"enterText":"10001013","selector":{"controlType":"sap.m.SearchField","properties":{"placeholder":"Search"},"searchOpenDialogs":true,"interaction":{"idSuffix":"I"}},"clearTextFirst":true,"interactionType":"ENTER_TEXT"}]}
COMMAND: POST /session/0a21173b3be6d373b06b4981c33974fb/actions - {"actions":[{"id":"action2","type":"key","parameters":{},"actions":[{"type":"keyDown","value":"î€‡"},{"type":"pause","duration":10},{"type":"keyUp","value":"î€‡"}]}]}
RESULT: {"actions":[{"id":"action2","type":"key","parameters":{},"actions":[{"type":"keyDown","value":"î€‡"},{"type":"pause","duration":10},{"type":"keyUp","value":"î€‡"}]}]}
COMMAND: GET /session/0a21173b3be6d373b06b4981c33974fb/screenshot - {}
RESULT: {}
COMMAND: POST /session/0a21173b3be6d373b06b4981c33974fb/element - {"using":"xpath","value":"//span[contains(text(), \"General Management\")]"}
RESULT: {"using":"xpath","value":"//span[contains(text(), \"General Management\")]"}
COMMAND: POST /session/0a21173b3be6d373b06b4981c33974fb/element/f.287C3A1B972D9005034ACA046358B519.d.995FCA81C7010203EDC945AEE636B5F5.e.1555/click - {}
RESULT: {}
COMMAND: GET /session/0a21173b3be6d373b06b4981c33974fb/screenshot - {}
RESULT: {}
COMMAND: POST /session/0a21173b3be6d373b06b4981c33974fb/element - {"using":"xpath","value":"//bdi[contains(text(), \"OK\")]"}
RESULT: {"using":"xpath","value":"//bdi[contains(text(), \"OK\")]"}
COMMAND: POST /session/0a21173b3be6d373b06b4981c33974fb/element/f.287C3A1B972D9005034ACA046358B519.d.995FCA81C7010203EDC945AEE636B5F5.e.1556/click - {}
RESULT: {}
COMMAND: GET /session/0a21173b3be6d373b06b4981c33974fb/screenshot - {}
RESULT: {}
COMMAND: POST /session/0a21173b3be6d373b06b4981c33974fb/element - {"using":"xpath","value":"//input[@id=\"application-managepartners-display-component---NewPartner--companyCodeComboBox-inner\"]"}
RESULT: {"using":"xpath","value":"//input[@id=\"application-managepartners-display-component---NewPartner--companyCodeComboBox-inner\"]"}
COMMAND: POST /session/0a21173b3be6d373b06b4981c33974fb/element/f.287C3A1B972D9005034ACA046358B519.d.995FCA81C7010203EDC945AEE636B5F5.e.1403/clear - {}
RESULT: {}
COMMAND: POST /session/0a21173b3be6d373b06b4981c33974fb/element/f.287C3A1B972D9005034ACA046358B519.d.995FCA81C7010203EDC945AEE636B5F5.e.1403/value - {"text":"1000"}
COMMAND: GET /session/0a21173b3be6d373b06b4981c33974fb/screenshot - {}
RESULT: {"text":"1000"}
COMMAND: GET /session/0a21173b3be6d373b06b4981c33974fb/screenshot - {}
RESULT: {}
RESULT: {}
COMMAND: POST /session/0a21173b3be6d373b06b4981c33974fb/element - {"using":"xpath","value":"//li[.//span[text()= \"1000\"]]"}
RESULT: {"using":"xpath","value":"//li[.//span[text()= \"1000\"]]"}
COMMAND: POST /session/0a21173b3be6d373b06b4981c33974fb/element/f.287C3A1B972D9005034ACA046358B519.d.995FCA81C7010203EDC945AEE636B5F5.e.1562/click - {}
RESULT: {}
COMMAND: GET /session/0a21173b3be6d373b06b4981c33974fb/screenshot - {}
RESULT: {}
COMMAND: POST /session/0a21173b3be6d373b06b4981c33974fb/execute/async - {"script":"<script> [1562 bytes]","args":[{"selector":{"id":"application-managepartners-display-component---NewPartner--btnAddTableRow-img"},"wdio_ui5_key":"applicationmanagepartners-display-component---NewPartner--btnAddTableRow-img"}]}
RESULT: {"script":"<script> [1562 bytes]","args":[{"selector":{"id":"application-managepartners-display-component---NewPartner--btnAddTableRow-img"},"wdio_ui5_key":"applicationmanagepartners-display-component---NewPartner--btnAddTableRow-img"}]}
RESULT: undefined
COMMAND: POST /session/0a21173b3be6d373b06b4981c33974fb/element - {"using":"xpath","value":"//*[@id=\"application-managepartners-display-component---NewPartner--btnAddTableRow-img\"]"}
RESULT: {"using":"xpath","value":"//*[@id=\"application-managepartners-display-component---NewPartner--btnAddTableRow-img\"]"}
COMMAND: POST /session/0a21173b3be6d373b06b4981c33974fb/element/f.287C3A1B972D9005034ACA046358B519.d.995FCA81C7010203EDC945AEE636B5F5.e.1563/click - {}
RESULT: {}
COMMAND: GET /session/0a21173b3be6d373b06b4981c33974fb/screenshot - {}
RESULT: {}
COMMAND: POST /session/0a21173b3be6d373b06b4981c33974fb/element - {"using":"xpath","value":"//input[@id=\"application-managepartners-display-component---NewPartner--assignmentYard-application-managepartners-display-component---NewPartner--assignmentsTable-0-inner\"]"}
RESULT: {"using":"xpath","value":"//input[@id=\"application-managepartners-display-component---NewPartner--assignmentYard-application-managepartners-display-component---NewPartner--assignmentsTable-0-inner\"]"}
COMMAND: POST /session/0a21173b3be6d373b06b4981c33974fb/element/f.287C3A1B972D9005034ACA046358B519.d.995FCA81C7010203EDC945AEE636B5F5.e.1566/clear - {}
RESULT: {}
COMMAND: POST /session/0a21173b3be6d373b06b4981c33974fb/element/f.287C3A1B972D9005034ACA046358B519.d.995FCA81C7010203EDC945AEE636B5F5.e.1566/value - {"text":"646"}
COMMAND: GET /session/0a21173b3be6d373b06b4981c33974fb/screenshot - {}
RESULT: {"text":"646"}
COMMAND: GET /session/0a21173b3be6d373b06b4981c33974fb/screenshot - {}
RESULT: {}
RESULT: {}
COMMAND: POST /session/0a21173b3be6d373b06b4981c33974fb/element - {"using":"xpath","value":"//li[.//span[text()='646']]"}
RESULT: {"using":"xpath","value":"//li[.//span[text()='646']]"}
COMMAND: POST /session/0a21173b3be6d373b06b4981c33974fb/element/f.287C3A1B972D9005034ACA046358B519.d.995FCA81C7010203EDC945AEE636B5F5.e.1575/click - {}
RESULT: {}
COMMAND: GET /session/0a21173b3be6d373b06b4981c33974fb/screenshot - {}
RESULT: {}
COMMAND: POST /session/0a21173b3be6d373b06b4981c33974fb/actions - {"actions":[{"id":"action3","type":"key","parameters":{},"actions":[{"type":"keyDown","value":"î€‡"},{"type":"pause","duration":10},{"type":"keyUp","value":"î€‡"}]}]}
RESULT: {"actions":[{"id":"action3","type":"key","parameters":{},"actions":[{"type":"keyDown","value":"î€‡"},{"type":"pause","duration":10},{"type":"keyUp","value":"î€‡"}]}]}
COMMAND: POST /session/0a21173b3be6d373b06b4981c33974fb/execute/async - {"script":"<script> [1562 bytes]","args":[{"selector":{"id":"application-managepartners-display-component---NewPartner--externalCustomerComboBox-application-managepartners-display-component---NewPartner--assignmentsTable-0-vhi"},"wdio_ui5_key":"applicationmanagepartners-display-component---NewPartner--externalCustomerComboBox-application-managepartners-display-component---NewPartner--assignmentsTable-0-vhi"}]}
COMMAND: GET /session/0a21173b3be6d373b06b4981c33974fb/screenshot - {}
RESULT: {"script":"<script> [1562 bytes]","args":[{"selector":{"id":"application-managepartners-display-component---NewPartner--externalCustomerComboBox-application-managepartners-display-component---NewPartner--assignmentsTable-0-vhi"},"wdio_ui5_key":"applicationmanagepartners-display-component---NewPartner--externalCustomerComboBox-application-managepartners-display-component---NewPartner--assignmentsTable-0-vhi"}]}
RESULT: undefined
COMMAND: POST /session/0a21173b3be6d373b06b4981c33974fb/element - {"using":"xpath","value":"//*[@id=\"application-managepartners-display-component---NewPartner--externalCustomerComboBox-application-managepartners-display-component---NewPartner--assignmentsTable-0-vhi\"]"}
RESULT: {}
RESULT: {"using":"xpath","value":"//*[@id=\"application-managepartners-display-component---NewPartner--externalCustomerComboBox-application-managepartners-display-component---NewPartner--assignmentsTable-0-vhi\"]"}
COMMAND: POST /session/0a21173b3be6d373b06b4981c33974fb/element/f.287C3A1B972D9005034ACA046358B519.d.995FCA81C7010203EDC945AEE636B5F5.e.1579/click - {}
RESULT: {}
RESULT: undefined
COMMAND: POST /session/0a21173b3be6d373b06b4981c33974fb/execute/async - {"script":"<script> [776 bytes]","args":[{"enterText":"300003","selector":{"controlType":"sap.m.SearchField","properties":{"placeholder":"Search"},"searchOpenDialogs":true,"interaction":{"idSuffix":"I"}},"clearTextFirst":true,"interactionType":"ENTER_TEXT"}]}
COMMAND: GET /session/0a21173b3be6d373b06b4981c33974fb/screenshot - {}
RESULT: {"script":"<script> [776 bytes]","args":[{"enterText":"300003","selector":{"controlType":"sap.m.SearchField","properties":{"placeholder":"Search"},"searchOpenDialogs":true,"interaction":{"idSuffix":"I"}},"clearTextFirst":true,"interactionType":"ENTER_TEXT"}]}
COMMAND: POST /session/0a21173b3be6d373b06b4981c33974fb/actions - {"actions":[{"id":"action4","type":"key","parameters":{},"actions":[{"type":"keyDown","value":"î€‡"},{"type":"pause","duration":10},{"type":"keyUp","value":"î€‡"}]}]}
RESULT: {}
RESULT: {"actions":[{"id":"action4","type":"key","parameters":{},"actions":[{"type":"keyDown","value":"î€‡"},{"type":"pause","duration":10},{"type":"keyUp","value":"î€‡"}]}]}
COMMAND: GET /session/0a21173b3be6d373b06b4981c33974fb/screenshot - {}
RESULT: {}
COMMAND: POST /session/0a21173b3be6d373b06b4981c33974fb/element - {"using":"xpath","value":"//span[contains(text(), \"300003\")]"}
RESULT: {"using":"xpath","value":"//span[contains(text(), \"300003\")]"}
COMMAND: POST /session/0a21173b3be6d373b06b4981c33974fb/element/f.287C3A1B972D9005034ACA046358B519.d.995FCA81C7010203EDC945AEE636B5F5.e.1597/click - {}
RESULT: {}
COMMAND: GET /session/0a21173b3be6d373b06b4981c33974fb/screenshot - {}
RESULT: {}
COMMAND: POST /session/0a21173b3be6d373b06b4981c33974fb/element - {"using":"xpath","value":"//bdi[contains(text(), \"OK\")]"}
RESULT: {"using":"xpath","value":"//bdi[contains(text(), \"OK\")]"}
COMMAND: POST /session/0a21173b3be6d373b06b4981c33974fb/element/f.287C3A1B972D9005034ACA046358B519.d.995FCA81C7010203EDC945AEE636B5F5.e.1599/click - {}
RESULT: {}
COMMAND: GET /session/0a21173b3be6d373b06b4981c33974fb/screenshot - {}
RESULT: {}
COMMAND: POST /session/0a21173b3be6d373b06b4981c33974fb/execute/async - {"script":"<script> [1562 bytes]","args":[{"selector":{"id":"application-managepartners-display-component---NewPartner--intercompVendorComboBox-application-managepartners-display-component---NewPartner--assignmentsTable-0-vhi"},"wdio_ui5_key":"applicationmanagepartners-display-component---NewPartner--intercompVendorComboBox-application-managepartners-display-component---NewPartner--assignmentsTable-0-vhi"}]}
RESULT: {"script":"<script> [1562 bytes]","args":[{"selector":{"id":"application-managepartners-display-component---NewPartner--intercompVendorComboBox-application-managepartners-display-component---NewPartner--assignmentsTable-0-vhi"},"wdio_ui5_key":"applicationmanagepartners-display-component---NewPartner--intercompVendorComboBox-application-managepartners-display-component---NewPartner--assignmentsTable-0-vhi"}]}
RESULT: undefined
COMMAND: POST /session/0a21173b3be6d373b06b4981c33974fb/element - {"using":"xpath","value":"//*[@id=\"application-managepartners-display-component---NewPartner--intercompVendorComboBox-application-managepartners-display-component---NewPartner--assignmentsTable-0-vhi\"]"}
RESULT: {"using":"xpath","value":"//*[@id=\"application-managepartners-display-component---NewPartner--intercompVendorComboBox-application-managepartners-display-component---NewPartner--assignmentsTable-0-vhi\"]"}
COMMAND: POST /session/0a21173b3be6d373b06b4981c33974fb/element/f.287C3A1B972D9005034ACA046358B519.d.995FCA81C7010203EDC945AEE636B5F5.e.1602/click - {}
RESULT: {}
RESULT: undefined
COMMAND: POST /session/0a21173b3be6d373b06b4981c33974fb/execute/async - {"script":"<script> [776 bytes]","args":[{"enterText":"100005","selector":{"controlType":"sap.m.SearchField","properties":{"placeholder":"Search"},"searchOpenDialogs":true,"interaction":{"idSuffix":"I"}},"clearTextFirst":true,"interactionType":"ENTER_TEXT"}]}
COMMAND: GET /session/0a21173b3be6d373b06b4981c33974fb/screenshot - {}
RESULT: {"script":"<script> [776 bytes]","args":[{"enterText":"100005","selector":{"controlType":"sap.m.SearchField","properties":{"placeholder":"Search"},"searchOpenDialogs":true,"interaction":{"idSuffix":"I"}},"clearTextFirst":true,"interactionType":"ENTER_TEXT"}]}
COMMAND: POST /session/0a21173b3be6d373b06b4981c33974fb/actions - {"actions":[{"id":"action5","type":"key","parameters":{},"actions":[{"type":"keyDown","value":"î€‡"},{"type":"pause","duration":10},{"type":"keyUp","value":"î€‡"}]}]}
RESULT: {}
RESULT: {"actions":[{"id":"action5","type":"key","parameters":{},"actions":[{"type":"keyDown","value":"î€‡"},{"type":"pause","duration":10},{"type":"keyUp","value":"î€‡"}]}]}
COMMAND: GET /session/0a21173b3be6d373b06b4981c33974fb/screenshot - {}
RESULT: {}
COMMAND: POST /session/0a21173b3be6d373b06b4981c33974fb/element - {"using":"xpath","value":"//span[contains(text(), \"Penguins - Field/12345 Berlin\")]"}
RESULT: {"using":"xpath","value":"//span[contains(text(), \"Penguins - Field/12345 Berlin\")]"}
COMMAND: POST /session/0a21173b3be6d373b06b4981c33974fb/element/f.287C3A1B972D9005034ACA046358B519.d.995FCA81C7010203EDC945AEE636B5F5.e.1621/click - {}
RESULT: {}
COMMAND: GET /session/0a21173b3be6d373b06b4981c33974fb/screenshot - {}
RESULT: {}
COMMAND: POST /session/0a21173b3be6d373b06b4981c33974fb/element - {"using":"xpath","value":"//bdi[contains(text(), \"OK\")]"}
RESULT: {"using":"xpath","value":"//bdi[contains(text(), \"OK\")]"}
COMMAND: POST /session/0a21173b3be6d373b06b4981c33974fb/element/f.287C3A1B972D9005034ACA046358B519.d.995FCA81C7010203EDC945AEE636B5F5.e.1622/click - {}
RESULT: {}
COMMAND: GET /session/0a21173b3be6d373b06b4981c33974fb/screenshot - {}
RESULT: {}
COMMAND: POST /session/0a21173b3be6d373b06b4981c33974fb/element - {"using":"xpath","value":"//button[@data-kt=\"saveButton\"]"}
RESULT: {"using":"xpath","value":"//button[@data-kt=\"saveButton\"]"}
COMMAND: POST /session/0a21173b3be6d373b06b4981c33974fb/element/f.287C3A1B972D9005034ACA046358B519.d.995FCA81C7010203EDC945AEE636B5F5.e.1465/click - {}
RESULT: {}
COMMAND: GET /session/0a21173b3be6d373b06b4981c33974fb/screenshot - {}
RESULT: {}
COMMAND: POST /session/0a21173b3be6d373b06b4981c33974fb/element - {"using":"xpath","value":"//header[contains(@id, 'ObjectPageLayout-headerTitle')]/div[1]/div[2]/div[2]/span[1]"}
RESULT: {"using":"xpath","value":"//header[contains(@id, 'ObjectPageLayout-headerTitle')]/div[1]/div[2]/div[2]/span[1]"}
COMMAND: POST /session/0a21173b3be6d373b06b4981c33974fb/elements - {"using":"xpath","value":"//header[contains(@id, 'ObjectPageLayout-headerTitle')]/div[1]/div[2]/div[2]/span[1]"}
RESULT: {"using":"xpath","value":"//header[contains(@id, 'ObjectPageLayout-headerTitle')]/div[1]/div[2]/div[2]/span[1]"}
COMMAND: POST /session/0a21173b3be6d373b06b4981c33974fb/execute/sync - {"script":"<script> [56 bytes]","args":[{"element-6066-11e4-a52e-4f735466cecf":"f.287C3A1B972D9005034ACA046358B519.d.995FCA81C7010203EDC945AEE636B5F5.e.1787","ELEMENT":"f.287C3A1B972D9005034ACA046358B519.d.995FCA81C7010203EDC945AEE636B5F5.e.1787"}]}
RESULT: {"script":"<script> [56 bytes]","args":[{"element-6066-11e4-a52e-4f735466cecf":"f.287C3A1B972D9005034ACA046358B519.d.995FCA81C7010203EDC945AEE636B5F5.e.1787","ELEMENT":"f.287C3A1B972D9005034ACA046358B519.d.995FCA81C7010203EDC945AEE636B5F5.e.1787"}]}
COMMAND: POST /session/0a21173b3be6d373b06b4981c33974fb/element - {"using":"css selector","value":"#shell-header-logo"}
COMMAND: GET /session/0a21173b3be6d373b06b4981c33974fb/screenshot - {}
RESULT: {"using":"css selector","value":"#shell-header-logo"}
COMMAND: POST /session/0a21173b3be6d373b06b4981c33974fb/element/f.287C3A1B972D9005034ACA046358B519.d.995FCA81C7010203EDC945AEE636B5F5.e.1014/click - {}
RESULT: {}
RESULT: {}
COMMAND: GET /session/0a21173b3be6d373b06b4981c33974fb/screenshot - {}
RESULT: {}
COMMAND: POST /session/0a21173b3be6d373b06b4981c33974fb/execute/sync - {"script":"<script> [299 bytes]","args":[["getModel","getResource"]]}
RESULT: {"script":"<script> [299 bytes]","args":[["getModel","getResource"]]}
COMMAND: GET /session/0a21173b3be6d373b06b4981c33974fb/screenshot - {}
]]></system-out>
    </testcase>
    <testcase classname="chrome.135_0_7049_115.windows.Tests_for_Mass_State_Change_on_Manage_States_&amp;_Performances_US104416_US" name="Prereq Should create a new site" time="110.3">
      <system-out><![CDATA[
COMMAND: POST /session/0a21173b3be6d373b06b4981c33974fb/execute/async - {"script":"<script> [1562 bytes]","args":[{"selector":{"controlType":"sap.m.TileContent","bindingPath":{"path":"","propertyPath":"/properties/info"},"ancestor":{"controlType":"sap.m.GenericTile","properties":{"header":"Manage Sites"}}},"wdio_ui5_key":"sapm.TileContent{\"path\":\"\",\"propertyPath\":\"/properties/info\"}{\"controlType\":\"sap.m.GenericTile\",\"properties\":{\"header\":\"Manage Sites\"}}"}]}
RESULT: {}
RESULT: {"script":"<script> [1562 bytes]","args":[{"selector":{"controlType":"sap.m.TileContent","bindingPath":{"path":"","propertyPath":"/properties/info"},"ancestor":{"controlType":"sap.m.GenericTile","properties":{"header":"Manage Sites"}}},"wdio_ui5_key":"sapm.TileContent{\"path\":\"\",\"propertyPath\":\"/properties/info\"}{\"controlType\":\"sap.m.GenericTile\",\"properties\":{\"header\":\"Manage Sites\"}}"}]}
RESULT: undefined
COMMAND: POST /session/0a21173b3be6d373b06b4981c33974fb/element - {"using":"xpath","value":"//*[@id=\"__xmlview7--numericTileContent\"]"}
RESULT: {"using":"xpath","value":"//*[@id=\"__xmlview7--numericTileContent\"]"}
COMMAND: POST /session/0a21173b3be6d373b06b4981c33974fb/element/f.287C3A1B972D9005034ACA046358B519.d.995FCA81C7010203EDC945AEE636B5F5.e.1789/click - {}
RESULT: {}
COMMAND: POST /session/0a21173b3be6d373b06b4981c33974fb/element - {"using":"xpath","value":"//button[@data-kt=\"addOverflowToolbarButton\"]"}
COMMAND: GET /session/0a21173b3be6d373b06b4981c33974fb/screenshot - {}
RESULT: {"using":"xpath","value":"//button[@data-kt=\"addOverflowToolbarButton\"]"}
COMMAND: POST /session/0a21173b3be6d373b06b4981c33974fb/elements - {"using":"xpath","value":"//button[@data-kt=\"addOverflowToolbarButton\"]"}
RESULT: {}
RESULT: {"using":"xpath","value":"//button[@data-kt=\"addOverflowToolbarButton\"]"}
COMMAND: POST /session/0a21173b3be6d373b06b4981c33974fb/elements - {"using":"xpath","value":"//button[@data-kt=\"addOverflowToolbarButton\"]"}
RESULT: {"using":"xpath","value":"//button[@data-kt=\"addOverflowToolbarButton\"]"}
COMMAND: POST /session/0a21173b3be6d373b06b4981c33974fb/elements - {"using":"xpath","value":"//button[@data-kt=\"addOverflowToolbarButton\"]"}
RESULT: {"using":"xpath","value":"//button[@data-kt=\"addOverflowToolbarButton\"]"}
COMMAND: POST /session/0a21173b3be6d373b06b4981c33974fb/elements - {"using":"xpath","value":"//button[@data-kt=\"addOverflowToolbarButton\"]"}
RESULT: {"using":"xpath","value":"//button[@data-kt=\"addOverflowToolbarButton\"]"}
COMMAND: POST /session/0a21173b3be6d373b06b4981c33974fb/elements - {"using":"xpath","value":"//button[@data-kt=\"addOverflowToolbarButton\"]"}
RESULT: {"using":"xpath","value":"//button[@data-kt=\"addOverflowToolbarButton\"]"}
COMMAND: POST /session/0a21173b3be6d373b06b4981c33974fb/element - {"using":"xpath","value":"//button[@data-kt=\"addOverflowToolbarButton\"]"}
RESULT: {"using":"xpath","value":"//button[@data-kt=\"addOverflowToolbarButton\"]"}
COMMAND: POST /session/0a21173b3be6d373b06b4981c33974fb/execute/sync - {"script":"<script> [8489 bytes]","args":[{"element-6066-11e4-a52e-4f735466cecf":"f.287C3A1B972D9005034ACA046358B519.d.995FCA81C7010203EDC945AEE636B5F5.e.1835","ELEMENT":"f.287C3A1B972D9005034ACA046358B519.d.995FCA81C7010203EDC945AEE636B5F5.e.1835"}]}
RESULT: {"script":"<script> [8489 bytes]","args":[{"element-6066-11e4-a52e-4f735466cecf":"f.287C3A1B972D9005034ACA046358B519.d.995FCA81C7010203EDC945AEE636B5F5.e.1835","ELEMENT":"f.287C3A1B972D9005034ACA046358B519.d.995FCA81C7010203EDC945AEE636B5F5.e.1835"}]}
COMMAND: GET /session/0a21173b3be6d373b06b4981c33974fb/element/f.287C3A1B972D9005034ACA046358B519.d.995FCA81C7010203EDC945AEE636B5F5.e.1835/enabled - {}
COMMAND: GET /session/0a21173b3be6d373b06b4981c33974fb/screenshot - {}
RESULT: {}
COMMAND: POST /session/0a21173b3be6d373b06b4981c33974fb/execute/sync - {"script":"<script> [8489 bytes]","args":[{"element-6066-11e4-a52e-4f735466cecf":"f.287C3A1B972D9005034ACA046358B519.d.995FCA81C7010203EDC945AEE636B5F5.e.1835","ELEMENT":"f.287C3A1B972D9005034ACA046358B519.d.995FCA81C7010203EDC945AEE636B5F5.e.1835"}]}
COMMAND: GET /session/0a21173b3be6d373b06b4981c33974fb/screenshot - {}
RESULT: {}
RESULT: {"script":"<script> [8489 bytes]","args":[{"element-6066-11e4-a52e-4f735466cecf":"f.287C3A1B972D9005034ACA046358B519.d.995FCA81C7010203EDC945AEE636B5F5.e.1835","ELEMENT":"f.287C3A1B972D9005034ACA046358B519.d.995FCA81C7010203EDC945AEE636B5F5.e.1835"}]}
COMMAND: POST /session/0a21173b3be6d373b06b4981c33974fb/execute/sync - {"script":"<script> [5351 bytes]","args":[{"element-6066-11e4-a52e-4f735466cecf":"f.287C3A1B972D9005034ACA046358B519.d.995FCA81C7010203EDC945AEE636B5F5.e.1835","ELEMENT":"f.287C3A1B972D9005034ACA046358B519.d.995FCA81C7010203EDC945AEE636B5F5.e.1835"}]}
COMMAND: GET /session/0a21173b3be6d373b06b4981c33974fb/screenshot - {}
RESULT: {}
RESULT: {"script":"<script> [5351 bytes]","args":[{"element-6066-11e4-a52e-4f735466cecf":"f.287C3A1B972D9005034ACA046358B519.d.995FCA81C7010203EDC945AEE636B5F5.e.1835","ELEMENT":"f.287C3A1B972D9005034ACA046358B519.d.995FCA81C7010203EDC945AEE636B5F5.e.1835"}]}
COMMAND: POST /session/0a21173b3be6d373b06b4981c33974fb/element/f.287C3A1B972D9005034ACA046358B519.d.995FCA81C7010203EDC945AEE636B5F5.e.1835/click - {}
COMMAND: GET /session/0a21173b3be6d373b06b4981c33974fb/screenshot - {}
RESULT: {}
RESULT: {}
COMMAND: GET /session/0a21173b3be6d373b06b4981c33974fb/screenshot - {}
COMMAND: POST /session/0a21173b3be6d373b06b4981c33974fb/element - {"using":"xpath","value":"//input[@id=\"application-managesites-display-component---NewSite--siteId-inner\"]"}
RESULT: {}
RESULT: {}
RESULT: {"using":"xpath","value":"//input[@id=\"application-managesites-display-component---NewSite--siteId-inner\"]"}
COMMAND: POST /session/0a21173b3be6d373b06b4981c33974fb/element - {"using":"xpath","value":"//input[@id=\"application-managesites-display-component---NewSite--siteId-inner\"]"}
RESULT: {"using":"xpath","value":"//input[@id=\"application-managesites-display-component---NewSite--siteId-inner\"]"}
COMMAND: POST /session/0a21173b3be6d373b06b4981c33974fb/execute/async - {"script":"<script> [1562 bytes]","args":[{"selector":{"id":"application-managesites-display-component---NewSite--addressDetailDetailsName1","interaction":{"idSuffix":"inner"}},"wdio_ui5_key":"applicationmanagesites-display-component---NewSite--addressDetailDetailsName1"}]}
RESULT: {"script":"<script> [1562 bytes]","args":[{"selector":{"id":"application-managesites-display-component---NewSite--addressDetailDetailsName1","interaction":{"idSuffix":"inner"}},"wdio_ui5_key":"applicationmanagesites-display-component---NewSite--addressDetailDetailsName1"}]}
RESULT: undefined
COMMAND: POST /session/0a21173b3be6d373b06b4981c33974fb/execute/async - {"script":"<script> [776 bytes]","args":[{"enterText":"Intracompany Site wdIO","selector":{"id":"application-managesites-display-component---NewSite--addressDetailDetailsName1","interaction":{"idSuffix":"inner"}},"clearTextFirst":true,"interactionType":"ENTER_TEXT"}]}
RESULT: {"script":"<script> [776 bytes]","args":[{"enterText":"Intracompany Site wdIO","selector":{"id":"application-managesites-display-component---NewSite--addressDetailDetailsName1","interaction":{"idSuffix":"inner"}},"clearTextFirst":true,"interactionType":"ENTER_TEXT"}]}
COMMAND: POST /session/0a21173b3be6d373b06b4981c33974fb/execute/async - {"script":"<script> [1562 bytes]","args":[{"selector":{"id":"application-managesites-display-component---NewSite--addressDetailDetailsLanguage-arrow"},"wdio_ui5_key":"applicationmanagesites-display-component---NewSite--addressDetailDetailsLanguage-arrow"}]}
RESULT: {"script":"<script> [1562 bytes]","args":[{"selector":{"id":"application-managesites-display-component---NewSite--addressDetailDetailsLanguage-arrow"},"wdio_ui5_key":"applicationmanagesites-display-component---NewSite--addressDetailDetailsLanguage-arrow"}]}
RESULT: undefined
COMMAND: POST /session/0a21173b3be6d373b06b4981c33974fb/element - {"using":"xpath","value":"//*[@id=\"application-managesites-display-component---NewSite--addressDetailDetailsLanguage-arrow\"]"}
RESULT: {"using":"xpath","value":"//*[@id=\"application-managesites-display-component---NewSite--addressDetailDetailsLanguage-arrow\"]"}
COMMAND: POST /session/0a21173b3be6d373b06b4981c33974fb/element/f.287C3A1B972D9005034ACA046358B519.d.995FCA81C7010203EDC945AEE636B5F5.e.2464/click - {}
RESULT: {}
COMMAND: POST /session/0a21173b3be6d373b06b4981c33974fb/element - {"using":"xpath","value":"//span[contains(text(), \"English\")]"}
COMMAND: GET /session/0a21173b3be6d373b06b4981c33974fb/screenshot - {}
RESULT: {"using":"xpath","value":"//span[contains(text(), \"English\")]"}
COMMAND: POST /session/0a21173b3be6d373b06b4981c33974fb/element/f.287C3A1B972D9005034ACA046358B519.d.995FCA81C7010203EDC945AEE636B5F5.e.2465/click - {}
RESULT: {}
RESULT: {}
COMMAND: POST /session/0a21173b3be6d373b06b4981c33974fb/execute/async - {"script":"<script> [1562 bytes]","args":[{"selector":{"id":"application-managesites-display-component---NewSite--addressDetailDetailsCity1","interaction":{"idSuffix":"inner"}},"wdio_ui5_key":"applicationmanagesites-display-component---NewSite--addressDetailDetailsCity1"}]}
COMMAND: GET /session/0a21173b3be6d373b06b4981c33974fb/screenshot - {}
RESULT: {"script":"<script> [1562 bytes]","args":[{"selector":{"id":"application-managesites-display-component---NewSite--addressDetailDetailsCity1","interaction":{"idSuffix":"inner"}},"wdio_ui5_key":"applicationmanagesites-display-component---NewSite--addressDetailDetailsCity1"}]}
RESULT: undefined
COMMAND: POST /session/0a21173b3be6d373b06b4981c33974fb/execute/async - {"script":"<script> [776 bytes]","args":[{"enterText":"Rosario","selector":{"id":"application-managesites-display-component---NewSite--addressDetailDetailsCity1","interaction":{"idSuffix":"inner"}},"clearTextFirst":true,"interactionType":"ENTER_TEXT"}]}
RESULT: {}
RESULT: {"script":"<script> [776 bytes]","args":[{"enterText":"Rosario","selector":{"id":"application-managesites-display-component---NewSite--addressDetailDetailsCity1","interaction":{"idSuffix":"inner"}},"clearTextFirst":true,"interactionType":"ENTER_TEXT"}]}
COMMAND: POST /session/0a21173b3be6d373b06b4981c33974fb/execute/async - {"script":"<script> [1562 bytes]","args":[{"selector":{"id":"application-managesites-display-component---NewSite--addressDetailDetailsCountry-arrow"},"wdio_ui5_key":"applicationmanagesites-display-component---NewSite--addressDetailDetailsCountry-arrow"}]}
RESULT: {"script":"<script> [1562 bytes]","args":[{"selector":{"id":"application-managesites-display-component---NewSite--addressDetailDetailsCountry-arrow"},"wdio_ui5_key":"applicationmanagesites-display-component---NewSite--addressDetailDetailsCountry-arrow"}]}
RESULT: undefined
COMMAND: POST /session/0a21173b3be6d373b06b4981c33974fb/element - {"using":"xpath","value":"//*[@id=\"application-managesites-display-component---NewSite--addressDetailDetailsCountry-arrow\"]"}
RESULT: {"using":"xpath","value":"//*[@id=\"application-managesites-display-component---NewSite--addressDetailDetailsCountry-arrow\"]"}
COMMAND: POST /session/0a21173b3be6d373b06b4981c33974fb/element/f.287C3A1B972D9005034ACA046358B519.d.995FCA81C7010203EDC945AEE636B5F5.e.2467/click - {}
RESULT: {}
COMMAND: POST /session/0a21173b3be6d373b06b4981c33974fb/element - {"using":"xpath","value":"//span[contains(text(), \"Argentina\")]"}
COMMAND: GET /session/0a21173b3be6d373b06b4981c33974fb/screenshot - {}
RESULT: {"using":"xpath","value":"//span[contains(text(), \"Argentina\")]"}
COMMAND: POST /session/0a21173b3be6d373b06b4981c33974fb/element/f.287C3A1B972D9005034ACA046358B519.d.995FCA81C7010203EDC945AEE636B5F5.e.2468/click - {}
RESULT: {}
RESULT: {}
COMMAND: GET /session/0a21173b3be6d373b06b4981c33974fb/screenshot - {}
RESULT: {}
COMMAND: POST /session/0a21173b3be6d373b06b4981c33974fb/execute/async - {"script":"<script> [1562 bytes]","args":[{"selector":{"id":"application-managesites-display-component---NewSite--addressEditDetailsCostObjectCstType-arrow"},"wdio_ui5_key":"applicationmanagesites-display-component---NewSite--addressEditDetailsCostObjectCstType-arrow"}]}
RESULT: {"script":"<script> [1562 bytes]","args":[{"selector":{"id":"application-managesites-display-component---NewSite--addressEditDetailsCostObjectCstType-arrow"},"wdio_ui5_key":"applicationmanagesites-display-component---NewSite--addressEditDetailsCostObjectCstType-arrow"}]}
RESULT: undefined
COMMAND: POST /session/0a21173b3be6d373b06b4981c33974fb/element - {"using":"xpath","value":"//*[@id=\"application-managesites-display-component---NewSite--addressEditDetailsCostObjectCstType-arrow\"]"}
RESULT: {"using":"xpath","value":"//*[@id=\"application-managesites-display-component---NewSite--addressEditDetailsCostObjectCstType-arrow\"]"}
COMMAND: POST /session/0a21173b3be6d373b06b4981c33974fb/element/f.287C3A1B972D9005034ACA046358B519.d.995FCA81C7010203EDC945AEE636B5F5.e.2470/click - {}
RESULT: {}
COMMAND: POST /session/0a21173b3be6d373b06b4981c33974fb/element - {"using":"xpath","value":"//span[contains(text(), \"Cost Center\")]"}
COMMAND: GET /session/0a21173b3be6d373b06b4981c33974fb/screenshot - {}
RESULT: {"using":"xpath","value":"//span[contains(text(), \"Cost Center\")]"}
COMMAND: POST /session/0a21173b3be6d373b06b4981c33974fb/element/f.287C3A1B972D9005034ACA046358B519.d.995FCA81C7010203EDC945AEE636B5F5.e.2471/click - {}
RESULT: {}
RESULT: {}
COMMAND: GET /session/0a21173b3be6d373b06b4981c33974fb/screenshot - {}
RESULT: {}
COMMAND: POST /session/0a21173b3be6d373b06b4981c33974fb/element - {"using":"xpath","value":"//span[@id=\"application-managesites-display-component---NewSite--addressNewCostObjectCstID-vhi\"]"}
RESULT: {"using":"xpath","value":"//span[@id=\"application-managesites-display-component---NewSite--addressNewCostObjectCstID-vhi\"]"}
COMMAND: POST /session/0a21173b3be6d373b06b4981c33974fb/execute/sync - {"script":"<script> [8489 bytes]","args":[{"element-6066-11e4-a52e-4f735466cecf":"f.287C3A1B972D9005034ACA046358B519.d.995FCA81C7010203EDC945AEE636B5F5.e.2475","ELEMENT":"f.287C3A1B972D9005034ACA046358B519.d.995FCA81C7010203EDC945AEE636B5F5.e.2475"}]}
RESULT: {"script":"<script> [8489 bytes]","args":[{"element-6066-11e4-a52e-4f735466cecf":"f.287C3A1B972D9005034ACA046358B519.d.995FCA81C7010203EDC945AEE636B5F5.e.2475","ELEMENT":"f.287C3A1B972D9005034ACA046358B519.d.995FCA81C7010203EDC945AEE636B5F5.e.2475"}]}
COMMAND: POST /session/0a21173b3be6d373b06b4981c33974fb/execute/async - {"script":"<script> [1562 bytes]","args":[{"selector":{"id":"application-managesites-display-component---NewSite--addressNewCostObjectCstID-vhi"},"wdio_ui5_key":"applicationmanagesites-display-component---NewSite--addressNewCostObjectCstID-vhi"}]}
COMMAND: GET /session/0a21173b3be6d373b06b4981c33974fb/screenshot - {}
RESULT: {"script":"<script> [1562 bytes]","args":[{"selector":{"id":"application-managesites-display-component---NewSite--addressNewCostObjectCstID-vhi"},"wdio_ui5_key":"applicationmanagesites-display-component---NewSite--addressNewCostObjectCstID-vhi"}]}
RESULT: undefined
COMMAND: POST /session/0a21173b3be6d373b06b4981c33974fb/element - {"using":"xpath","value":"//*[@id=\"application-managesites-display-component---NewSite--addressNewCostObjectCstID-vhi\"]"}
RESULT: {}
RESULT: {"using":"xpath","value":"//*[@id=\"application-managesites-display-component---NewSite--addressNewCostObjectCstID-vhi\"]"}
COMMAND: POST /session/0a21173b3be6d373b06b4981c33974fb/element/f.287C3A1B972D9005034ACA046358B519.d.995FCA81C7010203EDC945AEE636B5F5.e.2475/click - {}
RESULT: {}
COMMAND: GET /session/0a21173b3be6d373b06b4981c33974fb/screenshot - {}
RESULT: {}
RESULT: undefined
COMMAND: POST /session/0a21173b3be6d373b06b4981c33974fb/execute/async - {"script":"<script> [776 bytes]","args":[{"enterText":"10001013","selector":{"controlType":"sap.m.SearchField","properties":{"placeholder":"Search"},"searchOpenDialogs":true,"interaction":{"idSuffix":"I"}},"clearTextFirst":true,"interactionType":"ENTER_TEXT"}]}
RESULT: {"script":"<script> [776 bytes]","args":[{"enterText":"10001013","selector":{"controlType":"sap.m.SearchField","properties":{"placeholder":"Search"},"searchOpenDialogs":true,"interaction":{"idSuffix":"I"}},"clearTextFirst":true,"interactionType":"ENTER_TEXT"}]}
COMMAND: POST /session/0a21173b3be6d373b06b4981c33974fb/actions - {"actions":[{"id":"action6","type":"key","parameters":{},"actions":[{"type":"keyDown","value":"î€‡"},{"type":"pause","duration":10},{"type":"keyUp","value":"î€‡"}]}]}
RESULT: {"actions":[{"id":"action6","type":"key","parameters":{},"actions":[{"type":"keyDown","value":"î€‡"},{"type":"pause","duration":10},{"type":"keyUp","value":"î€‡"}]}]}
COMMAND: GET /session/0a21173b3be6d373b06b4981c33974fb/screenshot - {}
RESULT: {}
COMMAND: POST /session/0a21173b3be6d373b06b4981c33974fb/element - {"using":"xpath","value":"//span[contains(text(), \"General Management\")]"}
RESULT: {"using":"xpath","value":"//span[contains(text(), \"General Management\")]"}
COMMAND: POST /session/0a21173b3be6d373b06b4981c33974fb/element/f.287C3A1B972D9005034ACA046358B519.d.995FCA81C7010203EDC945AEE636B5F5.e.2514/click - {}
RESULT: {}
COMMAND: GET /session/0a21173b3be6d373b06b4981c33974fb/screenshot - {}
RESULT: {}
COMMAND: POST /session/0a21173b3be6d373b06b4981c33974fb/element - {"using":"xpath","value":"//bdi[contains(text(), \"OK\")]"}
RESULT: {"using":"xpath","value":"//bdi[contains(text(), \"OK\")]"}
COMMAND: POST /session/0a21173b3be6d373b06b4981c33974fb/element/f.287C3A1B972D9005034ACA046358B519.d.995FCA81C7010203EDC945AEE636B5F5.e.2515/click - {}
RESULT: {}
COMMAND: GET /session/0a21173b3be6d373b06b4981c33974fb/screenshot - {}
RESULT: {}
COMMAND: POST /session/0a21173b3be6d373b06b4981c33974fb/element - {"using":"xpath","value":"//input[@id=\"application-managesites-display-component---NewSite--addressDetailDetailsCalendar-inner\"]"}
RESULT: {"using":"xpath","value":"//input[@id=\"application-managesites-display-component---NewSite--addressDetailDetailsCalendar-inner\"]"}
COMMAND: POST /session/0a21173b3be6d373b06b4981c33974fb/element/f.287C3A1B972D9005034ACA046358B519.d.995FCA81C7010203EDC945AEE636B5F5.e.2264/clear - {}
RESULT: {}
COMMAND: POST /session/0a21173b3be6d373b06b4981c33974fb/element/f.287C3A1B972D9005034ACA046358B519.d.995FCA81C7010203EDC945AEE636B5F5.e.2264/value - {"text":"Unit"}
COMMAND: GET /session/0a21173b3be6d373b06b4981c33974fb/screenshot - {}
RESULT: {"text":"Unit"}
COMMAND: GET /session/0a21173b3be6d373b06b4981c33974fb/screenshot - {}
RESULT: {}
RESULT: {}
COMMAND: POST /session/0a21173b3be6d373b06b4981c33974fb/actions - {"actions":[{"id":"action7","type":"key","parameters":{},"actions":[{"type":"keyDown","value":"î€‡"},{"type":"pause","duration":10},{"type":"keyUp","value":"î€‡"}]}]}
RESULT: {"actions":[{"id":"action7","type":"key","parameters":{},"actions":[{"type":"keyDown","value":"î€‡"},{"type":"pause","duration":10},{"type":"keyUp","value":"î€‡"}]}]}
COMMAND: POST /session/0a21173b3be6d373b06b4981c33974fb/element - {"using":"xpath","value":"//input[@id=\"application-managesites-display-component---NewSite--addressDetailDetailsYard-inner\"]"}
COMMAND: GET /session/0a21173b3be6d373b06b4981c33974fb/screenshot - {}
RESULT: {"using":"xpath","value":"//input[@id=\"application-managesites-display-component---NewSite--addressDetailDetailsYard-inner\"]"}
COMMAND: POST /session/0a21173b3be6d373b06b4981c33974fb/element/f.287C3A1B972D9005034ACA046358B519.d.995FCA81C7010203EDC945AEE636B5F5.e.2265/clear - {}
RESULT: {}
RESULT: {}
COMMAND: POST /session/0a21173b3be6d373b06b4981c33974fb/element/f.287C3A1B972D9005034ACA046358B519.d.995FCA81C7010203EDC945AEE636B5F5.e.2265/value - {"text":"646"}
COMMAND: GET /session/0a21173b3be6d373b06b4981c33974fb/screenshot - {}
RESULT: {"text":"646"}
COMMAND: GET /session/0a21173b3be6d373b06b4981c33974fb/screenshot - {}
RESULT: {}
RESULT: {}
COMMAND: POST /session/0a21173b3be6d373b06b4981c33974fb/element - {"using":"xpath","value":"//li[.//span[text()='646']]"}
RESULT: {"using":"xpath","value":"//li[.//span[text()='646']]"}
COMMAND: POST /session/0a21173b3be6d373b06b4981c33974fb/element/f.287C3A1B972D9005034ACA046358B519.d.995FCA81C7010203EDC945AEE636B5F5.e.2523/click - {}
RESULT: {}
COMMAND: GET /session/0a21173b3be6d373b06b4981c33974fb/screenshot - {}
RESULT: {}
COMMAND: POST /session/0a21173b3be6d373b06b4981c33974fb/element - {"using":"xpath","value":"//input[@id=\"application-managesites-display-component---NewSite--addressDetailDetailsPartner-inner\"]"}
RESULT: {"using":"xpath","value":"//input[@id=\"application-managesites-display-component---NewSite--addressDetailDetailsPartner-inner\"]"}
COMMAND: POST /session/0a21173b3be6d373b06b4981c33974fb/element - {"using":"xpath","value":"//input[@id=\"application-managesites-display-component---NewSite--addressDetailDetailsPartner-inner\"]"}
RESULT: {"using":"xpath","value":"//input[@id=\"application-managesites-display-component---NewSite--addressDetailDetailsPartner-inner\"]"}
COMMAND: POST /session/0a21173b3be6d373b06b4981c33974fb/element - {"using":"xpath","value":"//button[@data-kt=\"saveButton\"]"}
RESULT: {"using":"xpath","value":"//button[@data-kt=\"saveButton\"]"}
COMMAND: POST /session/0a21173b3be6d373b06b4981c33974fb/element/f.287C3A1B972D9005034ACA046358B519.d.995FCA81C7010203EDC945AEE636B5F5.e.2449/click - {}
RESULT: {}
COMMAND: GET /session/0a21173b3be6d373b06b4981c33974fb/screenshot - {}
RESULT: {}
COMMAND: POST /session/0a21173b3be6d373b06b4981c33974fb/element - {"using":"xpath","value":"//header[contains(@id, 'ObjectPageLayout-headerTitle')]/div[1]/div[2]/div[2]/span[1]"}
RESULT: {"using":"xpath","value":"//header[contains(@id, 'ObjectPageLayout-headerTitle')]/div[1]/div[2]/div[2]/span[1]"}
COMMAND: POST /session/0a21173b3be6d373b06b4981c33974fb/elements - {"using":"xpath","value":"//header[contains(@id, 'ObjectPageLayout-headerTitle')]/div[1]/div[2]/div[2]/span[1]"}
RESULT: {"using":"xpath","value":"//header[contains(@id, 'ObjectPageLayout-headerTitle')]/div[1]/div[2]/div[2]/span[1]"}
COMMAND: POST /session/0a21173b3be6d373b06b4981c33974fb/execute/sync - {"script":"<script> [56 bytes]","args":[{"element-6066-11e4-a52e-4f735466cecf":"f.287C3A1B972D9005034ACA046358B519.d.995FCA81C7010203EDC945AEE636B5F5.e.2724","ELEMENT":"f.287C3A1B972D9005034ACA046358B519.d.995FCA81C7010203EDC945AEE636B5F5.e.2724"}]}
RESULT: {"script":"<script> [56 bytes]","args":[{"element-6066-11e4-a52e-4f735466cecf":"f.287C3A1B972D9005034ACA046358B519.d.995FCA81C7010203EDC945AEE636B5F5.e.2724","ELEMENT":"f.287C3A1B972D9005034ACA046358B519.d.995FCA81C7010203EDC945AEE636B5F5.e.2724"}]}
COMMAND: POST /session/0a21173b3be6d373b06b4981c33974fb/element - {"using":"css selector","value":"#shell-header-logo"}
COMMAND: GET /session/0a21173b3be6d373b06b4981c33974fb/screenshot - {}
RESULT: {"using":"css selector","value":"#shell-header-logo"}
COMMAND: POST /session/0a21173b3be6d373b06b4981c33974fb/element/f.287C3A1B972D9005034ACA046358B519.d.995FCA81C7010203EDC945AEE636B5F5.e.1793/click - {}
RESULT: {}
RESULT: {}
COMMAND: GET /session/0a21173b3be6d373b06b4981c33974fb/screenshot - {}
RESULT: {}
COMMAND: POST /session/0a21173b3be6d373b06b4981c33974fb/execute/sync - {"script":"<script> [299 bytes]","args":[["getModel","getResource"]]}
RESULT: {"script":"<script> [299 bytes]","args":[["getModel","getResource"]]}
]]></system-out>
    </testcase>
    <testcase classname="chrome.135_0_7049_115.windows.Tests_for_Mass_State_Change_on_Manage_States_&amp;_Performances_US104416_US" name="Prereq Should create a new equipment multipart" time="129.417">
      <system-out><![CDATA[
COMMAND: POST /session/0a21173b3be6d373b06b4981c33974fb/execute/async - {"script":"<script> [1562 bytes]","args":[{"selector":{"controlType":"sap.m.GenericTile","properties":{"header":"Manage Resources"}},"wdio_ui5_key":"sapm.GenericTile{\"header\":\"Manage Resources\"}"}]}
COMMAND: GET /session/0a21173b3be6d373b06b4981c33974fb/screenshot - {}
RESULT: {}
RESULT: {"script":"<script> [1562 bytes]","args":[{"selector":{"controlType":"sap.m.GenericTile","properties":{"header":"Manage Resources"}},"wdio_ui5_key":"sapm.GenericTile{\"header\":\"Manage Resources\"}"}]}
RESULT: undefined
COMMAND: POST /session/0a21173b3be6d373b06b4981c33974fb/element - {"using":"xpath","value":"//*[@id=\"__tile39\"]"}
RESULT: {"using":"xpath","value":"//*[@id=\"__tile39\"]"}
COMMAND: POST /session/0a21173b3be6d373b06b4981c33974fb/element/f.287C3A1B972D9005034ACA046358B519.d.995FCA81C7010203EDC945AEE636B5F5.e.160/click - {}
RESULT: {}
COMMAND: POST /session/0a21173b3be6d373b06b4981c33974fb/element - {"using":"xpath","value":"//button[@data-kt=\"addNewRUOverflowToolbarButton\"]"}
COMMAND: GET /session/0a21173b3be6d373b06b4981c33974fb/screenshot - {}
RESULT: {"using":"xpath","value":"//button[@data-kt=\"addNewRUOverflowToolbarButton\"]"}
COMMAND: POST /session/0a21173b3be6d373b06b4981c33974fb/elements - {"using":"xpath","value":"//button[@data-kt=\"addNewRUOverflowToolbarButton\"]"}
RESULT: {}
RESULT: {"using":"xpath","value":"//button[@data-kt=\"addNewRUOverflowToolbarButton\"]"}
COMMAND: POST /session/0a21173b3be6d373b06b4981c33974fb/elements - {"using":"xpath","value":"//button[@data-kt=\"addNewRUOverflowToolbarButton\"]"}
RESULT: {"using":"xpath","value":"//button[@data-kt=\"addNewRUOverflowToolbarButton\"]"}
COMMAND: POST /session/0a21173b3be6d373b06b4981c33974fb/elements - {"using":"xpath","value":"//button[@data-kt=\"addNewRUOverflowToolbarButton\"]"}
RESULT: {"using":"xpath","value":"//button[@data-kt=\"addNewRUOverflowToolbarButton\"]"}
COMMAND: POST /session/0a21173b3be6d373b06b4981c33974fb/elements - {"using":"xpath","value":"//button[@data-kt=\"addNewRUOverflowToolbarButton\"]"}
RESULT: {"using":"xpath","value":"//button[@data-kt=\"addNewRUOverflowToolbarButton\"]"}
COMMAND: POST /session/0a21173b3be6d373b06b4981c33974fb/elements - {"using":"xpath","value":"//button[@data-kt=\"addNewRUOverflowToolbarButton\"]"}
RESULT: {"using":"xpath","value":"//button[@data-kt=\"addNewRUOverflowToolbarButton\"]"}
COMMAND: POST /session/0a21173b3be6d373b06b4981c33974fb/elements - {"using":"xpath","value":"//button[@data-kt=\"addNewRUOverflowToolbarButton\"]"}
RESULT: {"using":"xpath","value":"//button[@data-kt=\"addNewRUOverflowToolbarButton\"]"}
COMMAND: POST /session/0a21173b3be6d373b06b4981c33974fb/elements - {"using":"xpath","value":"//button[@data-kt=\"addNewRUOverflowToolbarButton\"]"}
RESULT: {"using":"xpath","value":"//button[@data-kt=\"addNewRUOverflowToolbarButton\"]"}
COMMAND: POST /session/0a21173b3be6d373b06b4981c33974fb/elements - {"using":"xpath","value":"//button[@data-kt=\"addNewRUOverflowToolbarButton\"]"}
RESULT: {"using":"xpath","value":"//button[@data-kt=\"addNewRUOverflowToolbarButton\"]"}
COMMAND: POST /session/0a21173b3be6d373b06b4981c33974fb/elements - {"using":"xpath","value":"//button[@data-kt=\"addNewRUOverflowToolbarButton\"]"}
RESULT: {"using":"xpath","value":"//button[@data-kt=\"addNewRUOverflowToolbarButton\"]"}
COMMAND: POST /session/0a21173b3be6d373b06b4981c33974fb/elements - {"using":"xpath","value":"//button[@data-kt=\"addNewRUOverflowToolbarButton\"]"}
RESULT: {"using":"xpath","value":"//button[@data-kt=\"addNewRUOverflowToolbarButton\"]"}
COMMAND: POST /session/0a21173b3be6d373b06b4981c33974fb/elements - {"using":"xpath","value":"//button[@data-kt=\"addNewRUOverflowToolbarButton\"]"}
RESULT: {"using":"xpath","value":"//button[@data-kt=\"addNewRUOverflowToolbarButton\"]"}
COMMAND: POST /session/0a21173b3be6d373b06b4981c33974fb/elements - {"using":"xpath","value":"//button[@data-kt=\"addNewRUOverflowToolbarButton\"]"}
RESULT: {"using":"xpath","value":"//button[@data-kt=\"addNewRUOverflowToolbarButton\"]"}
COMMAND: POST /session/0a21173b3be6d373b06b4981c33974fb/elements - {"using":"xpath","value":"//button[@data-kt=\"addNewRUOverflowToolbarButton\"]"}
RESULT: {"using":"xpath","value":"//button[@data-kt=\"addNewRUOverflowToolbarButton\"]"}
COMMAND: POST /session/0a21173b3be6d373b06b4981c33974fb/elements - {"using":"xpath","value":"//button[@data-kt=\"addNewRUOverflowToolbarButton\"]"}
RESULT: {"using":"xpath","value":"//button[@data-kt=\"addNewRUOverflowToolbarButton\"]"}
COMMAND: POST /session/0a21173b3be6d373b06b4981c33974fb/elements - {"using":"xpath","value":"//button[@data-kt=\"addNewRUOverflowToolbarButton\"]"}
RESULT: {"using":"xpath","value":"//button[@data-kt=\"addNewRUOverflowToolbarButton\"]"}
COMMAND: POST /session/0a21173b3be6d373b06b4981c33974fb/element - {"using":"xpath","value":"//button[@data-kt=\"addNewRUOverflowToolbarButton\"]"}
RESULT: {"using":"xpath","value":"//button[@data-kt=\"addNewRUOverflowToolbarButton\"]"}
COMMAND: POST /session/0a21173b3be6d373b06b4981c33974fb/execute/sync - {"script":"<script> [8489 bytes]","args":[{"element-6066-11e4-a52e-4f735466cecf":"f.287C3A1B972D9005034ACA046358B519.d.995FCA81C7010203EDC945AEE636B5F5.e.2768","ELEMENT":"f.287C3A1B972D9005034ACA046358B519.d.995FCA81C7010203EDC945AEE636B5F5.e.2768"}]}
RESULT: {"script":"<script> [8489 bytes]","args":[{"element-6066-11e4-a52e-4f735466cecf":"f.287C3A1B972D9005034ACA046358B519.d.995FCA81C7010203EDC945AEE636B5F5.e.2768","ELEMENT":"f.287C3A1B972D9005034ACA046358B519.d.995FCA81C7010203EDC945AEE636B5F5.e.2768"}]}
COMMAND: GET /session/0a21173b3be6d373b06b4981c33974fb/element/f.287C3A1B972D9005034ACA046358B519.d.995FCA81C7010203EDC945AEE636B5F5.e.2768/enabled - {}
COMMAND: GET /session/0a21173b3be6d373b06b4981c33974fb/screenshot - {}
RESULT: {}
COMMAND: POST /session/0a21173b3be6d373b06b4981c33974fb/execute/sync - {"script":"<script> [8489 bytes]","args":[{"element-6066-11e4-a52e-4f735466cecf":"f.287C3A1B972D9005034ACA046358B519.d.995FCA81C7010203EDC945AEE636B5F5.e.2768","ELEMENT":"f.287C3A1B972D9005034ACA046358B519.d.995FCA81C7010203EDC945AEE636B5F5.e.2768"}]}
COMMAND: GET /session/0a21173b3be6d373b06b4981c33974fb/screenshot - {}
RESULT: {}
RESULT: {"script":"<script> [8489 bytes]","args":[{"element-6066-11e4-a52e-4f735466cecf":"f.287C3A1B972D9005034ACA046358B519.d.995FCA81C7010203EDC945AEE636B5F5.e.2768","ELEMENT":"f.287C3A1B972D9005034ACA046358B519.d.995FCA81C7010203EDC945AEE636B5F5.e.2768"}]}
COMMAND: POST /session/0a21173b3be6d373b06b4981c33974fb/execute/sync - {"script":"<script> [5351 bytes]","args":[{"element-6066-11e4-a52e-4f735466cecf":"f.287C3A1B972D9005034ACA046358B519.d.995FCA81C7010203EDC945AEE636B5F5.e.2768","ELEMENT":"f.287C3A1B972D9005034ACA046358B519.d.995FCA81C7010203EDC945AEE636B5F5.e.2768"}]}
COMMAND: GET /session/0a21173b3be6d373b06b4981c33974fb/screenshot - {}
RESULT: {}
RESULT: {"script":"<script> [5351 bytes]","args":[{"element-6066-11e4-a52e-4f735466cecf":"f.287C3A1B972D9005034ACA046358B519.d.995FCA81C7010203EDC945AEE636B5F5.e.2768","ELEMENT":"f.287C3A1B972D9005034ACA046358B519.d.995FCA81C7010203EDC945AEE636B5F5.e.2768"}]}
COMMAND: POST /session/0a21173b3be6d373b06b4981c33974fb/element/f.287C3A1B972D9005034ACA046358B519.d.995FCA81C7010203EDC945AEE636B5F5.e.2768/click - {}
COMMAND: GET /session/0a21173b3be6d373b06b4981c33974fb/screenshot - {}
RESULT: {}
RESULT: {}
COMMAND: GET /session/0a21173b3be6d373b06b4981c33974fb/screenshot - {}
RESULT: {}
COMMAND: POST /session/0a21173b3be6d373b06b4981c33974fb/execute/async - {"script":"<script> [1562 bytes]","args":[{"selector":{"id":"application-manageresources-display-component---newResourceUnit--TYPE-arrow"},"wdio_ui5_key":"applicationmanageresources-display-component---newResourceUnit--TYPE-arrow"}]}
RESULT: {}
RESULT: {"script":"<script> [1562 bytes]","args":[{"selector":{"id":"application-manageresources-display-component---newResourceUnit--TYPE-arrow"},"wdio_ui5_key":"applicationmanageresources-display-component---newResourceUnit--TYPE-arrow"}]}
RESULT: undefined
COMMAND: POST /session/0a21173b3be6d373b06b4981c33974fb/element - {"using":"xpath","value":"//*[@id=\"application-manageresources-display-component---newResourceUnit--TYPE-arrow\"]"}
RESULT: {"using":"xpath","value":"//*[@id=\"application-manageresources-display-component---newResourceUnit--TYPE-arrow\"]"}
COMMAND: POST /session/0a21173b3be6d373b06b4981c33974fb/element/f.287C3A1B972D9005034ACA046358B519.d.995FCA81C7010203EDC945AEE636B5F5.e.3113/click - {}
RESULT: {}
COMMAND: POST /session/0a21173b3be6d373b06b4981c33974fb/element - {"using":"xpath","value":"//input[@id=\"application-manageresources-display-component---newResourceUnit--TYPE-inner\"]"}
COMMAND: GET /session/0a21173b3be6d373b06b4981c33974fb/screenshot - {}
RESULT: {"using":"xpath","value":"//input[@id=\"application-manageresources-display-component---newResourceUnit--TYPE-inner\"]"}
COMMAND: POST /session/0a21173b3be6d373b06b4981c33974fb/element/f.287C3A1B972D9005034ACA046358B519.d.995FCA81C7010203EDC945AEE636B5F5.e.3109/clear - {}
RESULT: {}
RESULT: {}
COMMAND: POST /session/0a21173b3be6d373b06b4981c33974fb/element/f.287C3A1B972D9005034ACA046358B519.d.995FCA81C7010203EDC945AEE636B5F5.e.3109/value - {"text":"Equi Multipart"}
COMMAND: GET /session/0a21173b3be6d373b06b4981c33974fb/screenshot - {}
RESULT: {"text":"Equi Multipart"}
COMMAND: GET /session/0a21173b3be6d373b06b4981c33974fb/screenshot - {}
RESULT: {}
RESULT: {}
COMMAND: POST /session/0a21173b3be6d373b06b4981c33974fb/actions - {"actions":[{"id":"action8","type":"key","parameters":{},"actions":[{"type":"keyDown","value":"î€‡"},{"type":"pause","duration":10},{"type":"keyUp","value":"î€‡"}]}]}
RESULT: {"actions":[{"id":"action8","type":"key","parameters":{},"actions":[{"type":"keyDown","value":"î€‡"},{"type":"pause","duration":10},{"type":"keyUp","value":"î€‡"}]}]}
COMMAND: POST /session/0a21173b3be6d373b06b4981c33974fb/execute/async - {"script":"<script> [1562 bytes]","args":[{"selector":{"id":"application-manageresources-display-component---newResourceUnit--SHORT_TEXT","interaction":{"idSuffix":"inner"}},"wdio_ui5_key":"applicationmanageresources-display-component---newResourceUnit--SHORT_TEXT"}]}
COMMAND: GET /session/0a21173b3be6d373b06b4981c33974fb/screenshot - {}
RESULT: {"script":"<script> [1562 bytes]","args":[{"selector":{"id":"application-manageresources-display-component---newResourceUnit--SHORT_TEXT","interaction":{"idSuffix":"inner"}},"wdio_ui5_key":"applicationmanageresources-display-component---newResourceUnit--SHORT_TEXT"}]}
RESULT: undefined
COMMAND: POST /session/0a21173b3be6d373b06b4981c33974fb/execute/async - {"script":"<script> [776 bytes]","args":[{"enterText":"Equipment Multipart WDIO","selector":{"id":"application-manageresources-display-component---newResourceUnit--SHORT_TEXT","interaction":{"idSuffix":"inner"}},"clearTextFirst":true,"interactionType":"ENTER_TEXT"}]}
RESULT: {}
RESULT: {"script":"<script> [776 bytes]","args":[{"enterText":"Equipment Multipart WDIO","selector":{"id":"application-manageresources-display-component---newResourceUnit--SHORT_TEXT","interaction":{"idSuffix":"inner"}},"clearTextFirst":true,"interactionType":"ENTER_TEXT"}]}
COMMAND: POST /session/0a21173b3be6d373b06b4981c33974fb/execute/async - {"script":"<script> [1562 bytes]","args":[{"selector":{"id":"application-manageresources-display-component---newResourceUnit--BASE_UNIT_OF_MEASURE","interaction":{"idSuffix":"inner"}},"wdio_ui5_key":"applicationmanageresources-display-component---newResourceUnit--BASE_UNIT_OF_MEASURE"}]}
RESULT: {"script":"<script> [1562 bytes]","args":[{"selector":{"id":"application-manageresources-display-component---newResourceUnit--BASE_UNIT_OF_MEASURE","interaction":{"idSuffix":"inner"}},"wdio_ui5_key":"applicationmanageresources-display-component---newResourceUnit--BASE_UNIT_OF_MEASURE"}]}
RESULT: undefined
COMMAND: POST /session/0a21173b3be6d373b06b4981c33974fb/execute/async - {"script":"<script> [776 bytes]","args":[{"enterText":"Piece","selector":{"id":"application-manageresources-display-component---newResourceUnit--BASE_UNIT_OF_MEASURE","interaction":{"idSuffix":"inner"}},"clearTextFirst":true,"interactionType":"ENTER_TEXT"}]}
RESULT: {"script":"<script> [776 bytes]","args":[{"enterText":"Piece","selector":{"id":"application-manageresources-display-component---newResourceUnit--BASE_UNIT_OF_MEASURE","interaction":{"idSuffix":"inner"}},"clearTextFirst":true,"interactionType":"ENTER_TEXT"}]}
COMMAND: POST /session/0a21173b3be6d373b06b4981c33974fb/execute/async - {"script":"<script> [1562 bytes]","args":[{"selector":{"id":"application-manageresources-display-component---newResourceUnit--WEIGHT_UNIT","interaction":{"idSuffix":"inner"}},"wdio_ui5_key":"applicationmanageresources-display-component---newResourceUnit--WEIGHT_UNIT"}]}
RESULT: {"script":"<script> [1562 bytes]","args":[{"selector":{"id":"application-manageresources-display-component---newResourceUnit--WEIGHT_UNIT","interaction":{"idSuffix":"inner"}},"wdio_ui5_key":"applicationmanageresources-display-component---newResourceUnit--WEIGHT_UNIT"}]}
RESULT: undefined
COMMAND: POST /session/0a21173b3be6d373b06b4981c33974fb/execute/async - {"script":"<script> [776 bytes]","args":[{"enterText":"Gram","selector":{"id":"application-manageresources-display-component---newResourceUnit--WEIGHT_UNIT","interaction":{"idSuffix":"inner"}},"clearTextFirst":true,"interactionType":"ENTER_TEXT"}]}
RESULT: {"script":"<script> [776 bytes]","args":[{"enterText":"Gram","selector":{"id":"application-manageresources-display-component---newResourceUnit--WEIGHT_UNIT","interaction":{"idSuffix":"inner"}},"clearTextFirst":true,"interactionType":"ENTER_TEXT"}]}
COMMAND: POST /session/0a21173b3be6d373b06b4981c33974fb/execute/async - {"script":"<script> [1562 bytes]","args":[{"selector":{"id":"application-manageresources-display-component---newResourceUnit--DIMENSION_UNIT","interaction":{"idSuffix":"inner"}},"wdio_ui5_key":"applicationmanageresources-display-component---newResourceUnit--DIMENSION_UNIT"}]}
RESULT: {"script":"<script> [1562 bytes]","args":[{"selector":{"id":"application-manageresources-display-component---newResourceUnit--DIMENSION_UNIT","interaction":{"idSuffix":"inner"}},"wdio_ui5_key":"applicationmanageresources-display-component---newResourceUnit--DIMENSION_UNIT"}]}
RESULT: undefined
COMMAND: POST /session/0a21173b3be6d373b06b4981c33974fb/execute/async - {"script":"<script> [776 bytes]","args":[{"enterText":"Meter","selector":{"id":"application-manageresources-display-component---newResourceUnit--DIMENSION_UNIT","interaction":{"idSuffix":"inner"}},"clearTextFirst":true,"interactionType":"ENTER_TEXT"}]}
RESULT: {"script":"<script> [776 bytes]","args":[{"enterText":"Meter","selector":{"id":"application-manageresources-display-component---newResourceUnit--DIMENSION_UNIT","interaction":{"idSuffix":"inner"}},"clearTextFirst":true,"interactionType":"ENTER_TEXT"}]}
COMMAND: POST /session/0a21173b3be6d373b06b4981c33974fb/execute/async - {"script":"<script> [1562 bytes]","args":[{"selector":{"id":"application-manageresources-display-component---newResourceUnit--newRRUPage-anchBar-application-manageresources-display-component---newResourceUnit--control-anchor","interaction":{"idSuffix":"BDI-content"}},"wdio_ui5_key":"applicationmanageresources-display-component---newResourceUnit--newRRUPage-anchBar-application-manageresources-display-component---newResourceUnit--control-anchor"}]}
RESULT: {"script":"<script> [1562 bytes]","args":[{"selector":{"id":"application-manageresources-display-component---newResourceUnit--newRRUPage-anchBar-application-manageresources-display-component---newResourceUnit--control-anchor","interaction":{"idSuffix":"BDI-content"}},"wdio_ui5_key":"applicationmanageresources-display-component---newResourceUnit--newRRUPage-anchBar-application-manageresources-display-component---newResourceUnit--control-anchor"}]}
RESULT: undefined
COMMAND: POST /session/0a21173b3be6d373b06b4981c33974fb/element - {"using":"xpath","value":"//*[@id=\"application-manageresources-display-component---newResourceUnit--newRRUPage-anchBar-application-manageresources-display-component---newResourceUnit--control-anchor\"]"}
RESULT: {"using":"xpath","value":"//*[@id=\"application-manageresources-display-component---newResourceUnit--newRRUPage-anchBar-application-manageresources-display-component---newResourceUnit--control-anchor\"]"}
COMMAND: POST /session/0a21173b3be6d373b06b4981c33974fb/element/f.287C3A1B972D9005034ACA046358B519.d.995FCA81C7010203EDC945AEE636B5F5.e.3183/click - {}
RESULT: {}
COMMAND: POST /session/0a21173b3be6d373b06b4981c33974fb/execute/async - {"script":"<script> [1562 bytes]","args":[{"selector":{"id":"application-manageresources-display-component---newResourceUnit--PLANNING_GROUP","interaction":{"idSuffix":"inner"}},"wdio_ui5_key":"applicationmanageresources-display-component---newResourceUnit--PLANNING_GROUP"}]}
COMMAND: GET /session/0a21173b3be6d373b06b4981c33974fb/screenshot - {}
RESULT: {"script":"<script> [1562 bytes]","args":[{"selector":{"id":"application-manageresources-display-component---newResourceUnit--PLANNING_GROUP","interaction":{"idSuffix":"inner"}},"wdio_ui5_key":"applicationmanageresources-display-component---newResourceUnit--PLANNING_GROUP"}]}
RESULT: undefined
COMMAND: POST /session/0a21173b3be6d373b06b4981c33974fb/execute/async - {"script":"<script> [776 bytes]","args":[{"enterText":"Heavy Equi","selector":{"id":"application-manageresources-display-component---newResourceUnit--PLANNING_GROUP","interaction":{"idSuffix":"inner"}},"clearTextFirst":true,"interactionType":"ENTER_TEXT"}]}
RESULT: {}
RESULT: {"script":"<script> [776 bytes]","args":[{"enterText":"Heavy Equi","selector":{"id":"application-manageresources-display-component---newResourceUnit--PLANNING_GROUP","interaction":{"idSuffix":"inner"}},"clearTextFirst":true,"interactionType":"ENTER_TEXT"}]}
COMMAND: POST /session/0a21173b3be6d373b06b4981c33974fb/execute/async - {"script":"<script> [1562 bytes]","args":[{"selector":{"id":"application-manageresources-display-component---newResourceUnit--PLANNING_INDICATOR","interaction":{"idSuffix":"inner"}},"wdio_ui5_key":"applicationmanageresources-display-component---newResourceUnit--PLANNING_INDICATOR"}]}
RESULT: {"script":"<script> [1562 bytes]","args":[{"selector":{"id":"application-manageresources-display-component---newResourceUnit--PLANNING_INDICATOR","interaction":{"idSuffix":"inner"}},"wdio_ui5_key":"applicationmanageresources-display-component---newResourceUnit--PLANNING_INDICATOR"}]}
RESULT: undefined
COMMAND: POST /session/0a21173b3be6d373b06b4981c33974fb/execute/async - {"script":"<script> [776 bytes]","args":[{"enterText":"10 - infinite","selector":{"id":"application-manageresources-display-component---newResourceUnit--PLANNING_INDICATOR","interaction":{"idSuffix":"inner"}},"clearTextFirst":true,"interactionType":"ENTER_TEXT"}]}
RESULT: {"script":"<script> [776 bytes]","args":[{"enterText":"10 - infinite","selector":{"id":"application-manageresources-display-component---newResourceUnit--PLANNING_INDICATOR","interaction":{"idSuffix":"inner"}},"clearTextFirst":true,"interactionType":"ENTER_TEXT"}]}
COMMAND: POST /session/0a21173b3be6d373b06b4981c33974fb/execute/async - {"script":"<script> [1562 bytes]","args":[{"selector":{"id":"application-manageresources-display-component---newResourceUnit--ITEM_TYPE-arrow"},"wdio_ui5_key":"applicationmanageresources-display-component---newResourceUnit--ITEM_TYPE-arrow"}]}
RESULT: {"script":"<script> [1562 bytes]","args":[{"selector":{"id":"application-manageresources-display-component---newResourceUnit--ITEM_TYPE-arrow"},"wdio_ui5_key":"applicationmanageresources-display-component---newResourceUnit--ITEM_TYPE-arrow"}]}
RESULT: undefined
COMMAND: POST /session/0a21173b3be6d373b06b4981c33974fb/element - {"using":"xpath","value":"//*[@id=\"application-manageresources-display-component---newResourceUnit--ITEM_TYPE-arrow\"]"}
RESULT: {"using":"xpath","value":"//*[@id=\"application-manageresources-display-component---newResourceUnit--ITEM_TYPE-arrow\"]"}
COMMAND: POST /session/0a21173b3be6d373b06b4981c33974fb/element/f.287C3A1B972D9005034ACA046358B519.d.995FCA81C7010203EDC945AEE636B5F5.e.3193/click - {}
RESULT: {}
COMMAND: GET /session/0a21173b3be6d373b06b4981c33974fb/screenshot - {}
RESULT: {}
COMMAND: POST /session/0a21173b3be6d373b06b4981c33974fb/execute/async - {"script":"<script> [1562 bytes]","args":[{"selector":{"controlType":"sap.m.StandardListItem","viewName":"reusables.view.manageresources.NewResourceUnit","viewId":"application-manageresources-display-component---newResourceUnit","properties":{"title":"Pool Equipment"},"searchOpenDialogs":true,"interaction":{"idSuffix":"content"}},"wdio_ui5_key":"reusablesview.manageresources.NewResourceUnitsap.m.StandardListItem{\"title\":\"Pool Equipment\"}"}]}
RESULT: {"script":"<script> [1562 bytes]","args":[{"selector":{"controlType":"sap.m.StandardListItem","viewName":"reusables.view.manageresources.NewResourceUnit","viewId":"application-manageresources-display-component---newResourceUnit","properties":{"title":"Pool Equipment"},"searchOpenDialogs":true,"interaction":{"idSuffix":"content"}},"wdio_ui5_key":"reusablesview.manageresources.NewResourceUnitsap.m.StandardListItem{\"title\":\"Pool Equipment\"}"}]}
RESULT: undefined
COMMAND: POST /session/0a21173b3be6d373b06b4981c33974fb/element - {"using":"xpath","value":"//*[@id=\"__item1872\"]"}
RESULT: {"using":"xpath","value":"//*[@id=\"__item1872\"]"}
COMMAND: POST /session/0a21173b3be6d373b06b4981c33974fb/element/f.287C3A1B972D9005034ACA046358B519.d.995FCA81C7010203EDC945AEE636B5F5.e.3195/click - {}
RESULT: {}
COMMAND: GET /session/0a21173b3be6d373b06b4981c33974fb/screenshot - {}
RESULT: {}
COMMAND: POST /session/0a21173b3be6d373b06b4981c33974fb/element - {"using":"css selector","value":"#application-manageresources-display-component---newResourceUnit--btnAddTimeSegment"}
RESULT: {"using":"css selector","value":"#application-manageresources-display-component---newResourceUnit--btnAddTimeSegment"}
COMMAND: GET /session/0a21173b3be6d373b06b4981c33974fb/element/f.287C3A1B972D9005034ACA046358B519.d.995FCA81C7010203EDC945AEE636B5F5.e.3196/rect - {}
RESULT: {}
COMMAND: GET /session/0a21173b3be6d373b06b4981c33974fb/window/rect - {}
RESULT: {}
COMMAND: POST /session/0a21173b3be6d373b06b4981c33974fb/execute/sync - {"script":"<script> [92 bytes]","args":[]}
RESULT: {"script":"<script> [92 bytes]","args":[]}
COMMAND: POST /session/0a21173b3be6d373b06b4981c33974fb/actions - {"actions":[{"id":"action9","type":"wheel","parameters":{},"actions":[{"type":"scroll","x":-1888,"y":-32,"deltaX":0,"deltaY":0,"duration":0,"origin":{"element-6066-11e4-a52e-4f735466cecf":"f.287C3A1B972D9005034ACA046358B519.d.995FCA81C7010203EDC945AEE636B5F5.e.3196"}}]}]}
COMMAND: GET /session/0a21173b3be6d373b06b4981c33974fb/screenshot - {}
RESULT: {}
COMMAND: POST /session/0a21173b3be6d373b06b4981c33974fb/execute/sync - {"script":"<script> [79 bytes]","args":[{"element-6066-11e4-a52e-4f735466cecf":"f.287C3A1B972D9005034ACA046358B519.d.995FCA81C7010203EDC945AEE636B5F5.e.3196","ELEMENT":"f.287C3A1B972D9005034ACA046358B519.d.995FCA81C7010203EDC945AEE636B5F5.e.3196"},{"block":"start","inline":"nearest"}]}
RESULT: {"script":"<script> [79 bytes]","args":[{"element-6066-11e4-a52e-4f735466cecf":"f.287C3A1B972D9005034ACA046358B519.d.995FCA81C7010203EDC945AEE636B5F5.e.3196","ELEMENT":"f.287C3A1B972D9005034ACA046358B519.d.995FCA81C7010203EDC945AEE636B5F5.e.3196"},{"block":"start","inline":"nearest"}]}
COMMAND: POST /session/0a21173b3be6d373b06b4981c33974fb/execute/async - {"script":"<script> [1562 bytes]","args":[{"selector":{"id":"application-manageresources-display-component---newResourceUnit--btnAddTimeSegment","interaction":{"idSuffix":"inner"}},"wdio_ui5_key":"applicationmanageresources-display-component---newResourceUnit--btnAddTimeSegment"}]}
COMMAND: GET /session/0a21173b3be6d373b06b4981c33974fb/screenshot - {}
RESULT: {"script":"<script> [1562 bytes]","args":[{"selector":{"id":"application-manageresources-display-component---newResourceUnit--btnAddTimeSegment","interaction":{"idSuffix":"inner"}},"wdio_ui5_key":"applicationmanageresources-display-component---newResourceUnit--btnAddTimeSegment"}]}
RESULT: undefined
COMMAND: POST /session/0a21173b3be6d373b06b4981c33974fb/element - {"using":"xpath","value":"//*[@id=\"application-manageresources-display-component---newResourceUnit--btnAddTimeSegment\"]"}
RESULT: {}
RESULT: {"using":"xpath","value":"//*[@id=\"application-manageresources-display-component---newResourceUnit--btnAddTimeSegment\"]"}
COMMAND: POST /session/0a21173b3be6d373b06b4981c33974fb/element/f.287C3A1B972D9005034ACA046358B519.d.995FCA81C7010203EDC945AEE636B5F5.e.3196/click - {}
RESULT: {}
COMMAND: GET /session/0a21173b3be6d373b06b4981c33974fb/screenshot - {}
RESULT: {}
COMMAND: POST /session/0a21173b3be6d373b06b4981c33974fb/element - {"using":"xpath","value":"//input[@id=\"application-manageresources-display-component---newResourceUnit--idRuTSAdmin-application-manageresources-display-component---newResourceUnit--RUTimeSegment-0-inner\"]"}
RESULT: {"using":"xpath","value":"//input[@id=\"application-manageresources-display-component---newResourceUnit--idRuTSAdmin-application-manageresources-display-component---newResourceUnit--RUTimeSegment-0-inner\"]"}
COMMAND: POST /session/0a21173b3be6d373b06b4981c33974fb/element/f.287C3A1B972D9005034ACA046358B519.d.995FCA81C7010203EDC945AEE636B5F5.e.3202/clear - {}
RESULT: {}
COMMAND: POST /session/0a21173b3be6d373b06b4981c33974fb/element/f.287C3A1B972D9005034ACA046358B519.d.995FCA81C7010203EDC945AEE636B5F5.e.3202/value - {"text":"646"}
COMMAND: GET /session/0a21173b3be6d373b06b4981c33974fb/screenshot - {}
RESULT: {"text":"646"}
COMMAND: GET /session/0a21173b3be6d373b06b4981c33974fb/screenshot - {}
RESULT: {}
RESULT: {}
COMMAND: POST /session/0a21173b3be6d373b06b4981c33974fb/element - {"using":"xpath","value":"//li[.//span[text()='646']]"}
RESULT: {"using":"xpath","value":"//li[.//span[text()='646']]"}
COMMAND: POST /session/0a21173b3be6d373b06b4981c33974fb/element/f.287C3A1B972D9005034ACA046358B519.d.995FCA81C7010203EDC945AEE636B5F5.e.3217/click - {}
RESULT: {}
COMMAND: GET /session/0a21173b3be6d373b06b4981c33974fb/screenshot - {}
RESULT: {}
COMMAND: POST /session/0a21173b3be6d373b06b4981c33974fb/element - {"using":"xpath","value":"(//span[contains(@id, \"-application-manageresources-display-component---newResourceUnit--RUTimeSegment-0-arrow\")])[5]"}
RESULT: {"using":"xpath","value":"(//span[contains(@id, \"-application-manageresources-display-component---newResourceUnit--RUTimeSegment-0-arrow\")])[5]"}
COMMAND: POST /session/0a21173b3be6d373b06b4981c33974fb/element/f.287C3A1B972D9005034ACA046358B519.d.995FCA81C7010203EDC945AEE636B5F5.e.3218/click - {}
RESULT: {}
COMMAND: GET /session/0a21173b3be6d373b06b4981c33974fb/screenshot - {}
RESULT: {}
COMMAND: POST /session/0a21173b3be6d373b06b4981c33974fb/element - {"using":"xpath","value":"//span[contains(text(), \"PM Order\")]"}
RESULT: {"using":"xpath","value":"//span[contains(text(), \"PM Order\")]"}
COMMAND: POST /session/0a21173b3be6d373b06b4981c33974fb/element/f.287C3A1B972D9005034ACA046358B519.d.995FCA81C7010203EDC945AEE636B5F5.e.3219/click - {}
RESULT: {}
COMMAND: GET /session/0a21173b3be6d373b06b4981c33974fb/screenshot - {}
RESULT: {}
COMMAND: POST /session/0a21173b3be6d373b06b4981c33974fb/element - {"using":"xpath","value":"(//span[contains(@id ,\"manageresources-display-component---newResourceUnit--RUTimeSegment-0-vhi\")])[1]"}
RESULT: {"using":"xpath","value":"(//span[contains(@id ,\"manageresources-display-component---newResourceUnit--RUTimeSegment-0-vhi\")])[1]"}
COMMAND: GET /session/0a21173b3be6d373b06b4981c33974fb/element/f.287C3A1B972D9005034ACA046358B519.d.995FCA81C7010203EDC945AEE636B5F5.e.3223/rect - {}
RESULT: {}
COMMAND: GET /session/0a21173b3be6d373b06b4981c33974fb/window/rect - {}
RESULT: {}
COMMAND: POST /session/0a21173b3be6d373b06b4981c33974fb/execute/sync - {"script":"<script> [92 bytes]","args":[]}
RESULT: {"script":"<script> [92 bytes]","args":[]}
COMMAND: POST /session/0a21173b3be6d373b06b4981c33974fb/actions - {"actions":[{"id":"action10","type":"wheel","parameters":{},"actions":[{"type":"scroll","x":-1888,"y":-24,"deltaX":0,"deltaY":0,"duration":0,"origin":{"element-6066-11e4-a52e-4f735466cecf":"f.287C3A1B972D9005034ACA046358B519.d.995FCA81C7010203EDC945AEE636B5F5.e.3223"}}]}]}
COMMAND: GET /session/0a21173b3be6d373b06b4981c33974fb/screenshot - {}
RESULT: {}
COMMAND: POST /session/0a21173b3be6d373b06b4981c33974fb/execute/sync - {"script":"<script> [79 bytes]","args":[{"element-6066-11e4-a52e-4f735466cecf":"f.287C3A1B972D9005034ACA046358B519.d.995FCA81C7010203EDC945AEE636B5F5.e.3223","ELEMENT":"f.287C3A1B972D9005034ACA046358B519.d.995FCA81C7010203EDC945AEE636B5F5.e.3223"},{"block":"start","inline":"nearest"}]}
RESULT: {"script":"<script> [79 bytes]","args":[{"element-6066-11e4-a52e-4f735466cecf":"f.287C3A1B972D9005034ACA046358B519.d.995FCA81C7010203EDC945AEE636B5F5.e.3223","ELEMENT":"f.287C3A1B972D9005034ACA046358B519.d.995FCA81C7010203EDC945AEE636B5F5.e.3223"},{"block":"start","inline":"nearest"}]}
COMMAND: GET /session/0a21173b3be6d373b06b4981c33974fb/screenshot - {}
RESULT: {}
COMMAND: POST /session/0a21173b3be6d373b06b4981c33974fb/element/f.287C3A1B972D9005034ACA046358B519.d.995FCA81C7010203EDC945AEE636B5F5.e.3223/click - {}
RESULT: {}
COMMAND: GET /session/0a21173b3be6d373b06b4981c33974fb/screenshot - {}
RESULT: {}
RESULT: undefined
COMMAND: POST /session/0a21173b3be6d373b06b4981c33974fb/execute/async - {"script":"<script> [776 bytes]","args":[{"enterText":"4000360","selector":{"controlType":"sap.m.SearchField","properties":{"placeholder":"Search"},"searchOpenDialogs":true,"interaction":{"idSuffix":"I"}},"clearTextFirst":true,"interactionType":"ENTER_TEXT"}]}
RESULT: {"script":"<script> [776 bytes]","args":[{"enterText":"4000360","selector":{"controlType":"sap.m.SearchField","properties":{"placeholder":"Search"},"searchOpenDialogs":true,"interaction":{"idSuffix":"I"}},"clearTextFirst":true,"interactionType":"ENTER_TEXT"}]}
COMMAND: POST /session/0a21173b3be6d373b06b4981c33974fb/actions - {"actions":[{"id":"action11","type":"key","parameters":{},"actions":[{"type":"keyDown","value":"î€‡"},{"type":"pause","duration":10},{"type":"keyUp","value":"î€‡"}]}]}
RESULT: {"actions":[{"id":"action11","type":"key","parameters":{},"actions":[{"type":"keyDown","value":"î€‡"},{"type":"pause","duration":10},{"type":"keyUp","value":"î€‡"}]}]}
COMMAND: GET /session/0a21173b3be6d373b06b4981c33974fb/screenshot - {}
RESULT: {}
COMMAND: POST /session/0a21173b3be6d373b06b4981c33974fb/element - {"using":"xpath","value":"//td/div/span[contains(text(), \"BGL Vehicles\")]"}
RESULT: {"using":"xpath","value":"//td/div/span[contains(text(), \"BGL Vehicles\")]"}
COMMAND: POST /session/0a21173b3be6d373b06b4981c33974fb/element/f.287C3A1B972D9005034ACA046358B519.d.995FCA81C7010203EDC945AEE636B5F5.e.3243/click - {}
RESULT: {}
COMMAND: GET /session/0a21173b3be6d373b06b4981c33974fb/screenshot - {}
RESULT: {}
COMMAND: POST /session/0a21173b3be6d373b06b4981c33974fb/element - {"using":"xpath","value":"//bdi[contains(text(), \"OK\")]"}
RESULT: {"using":"xpath","value":"//bdi[contains(text(), \"OK\")]"}
COMMAND: POST /session/0a21173b3be6d373b06b4981c33974fb/element/f.287C3A1B972D9005034ACA046358B519.d.995FCA81C7010203EDC945AEE636B5F5.e.3244/click - {}
RESULT: {}
COMMAND: GET /session/0a21173b3be6d373b06b4981c33974fb/screenshot - {}
RESULT: {}
COMMAND: POST /session/0a21173b3be6d373b06b4981c33974fb/element - {"using":"xpath","value":"//label[contains(@class, 'sapMLabelRequired') and .//bdi[contains(text(), 'Planned Retirement')]]"}
RESULT: {"using":"xpath","value":"//label[contains(@class, 'sapMLabelRequired') and .//bdi[contains(text(), 'Planned Retirement')]]"}
COMMAND: POST /session/0a21173b3be6d373b06b4981c33974fb/elements - {"using":"xpath","value":"//label[contains(@class, 'sapMLabelRequired') and .//bdi[contains(text(), 'Planned Retirement')]]"}
RESULT: {"using":"xpath","value":"//label[contains(@class, 'sapMLabelRequired') and .//bdi[contains(text(), 'Planned Retirement')]]"}
COMMAND: POST /session/0a21173b3be6d373b06b4981c33974fb/element - {"using":"xpath","value":"//button[@data-kt=\"resourceUnitSaveButton\"]"}
RESULT: {"using":"xpath","value":"//button[@data-kt=\"resourceUnitSaveButton\"]"}
COMMAND: POST /session/0a21173b3be6d373b06b4981c33974fb/element/f.287C3A1B972D9005034ACA046358B519.d.995FCA81C7010203EDC945AEE636B5F5.e.3130/click - {}
RESULT: {}
COMMAND: GET /session/0a21173b3be6d373b06b4981c33974fb/screenshot - {}
RESULT: {}
COMMAND: POST /session/0a21173b3be6d373b06b4981c33974fb/element - {"using":"xpath","value":"//bdi[contains(text(), \"Close\")]"}
RESULT: {"using":"xpath","value":"//bdi[contains(text(), \"Close\")]"}
COMMAND: POST /session/0a21173b3be6d373b06b4981c33974fb/element/f.287C3A1B972D9005034ACA046358B519.d.995FCA81C7010203EDC945AEE636B5F5.e.3251/click - {}
RESULT: {}
COMMAND: GET /session/0a21173b3be6d373b06b4981c33974fb/screenshot - {}
RESULT: {}
COMMAND: POST /session/0a21173b3be6d373b06b4981c33974fb/element - {"using":"xpath","value":"//header[contains(@id, 'detailRruPage-headerTitle')]/div[1]/div[2]/div[2]/span[1]"}
RESULT: {"using":"xpath","value":"//header[contains(@id, 'detailRruPage-headerTitle')]/div[1]/div[2]/div[2]/span[1]"}
COMMAND: POST /session/0a21173b3be6d373b06b4981c33974fb/elements - {"using":"xpath","value":"//header[contains(@id, 'detailRruPage-headerTitle')]/div[1]/div[2]/div[2]/span[1]"}
RESULT: {"using":"xpath","value":"//header[contains(@id, 'detailRruPage-headerTitle')]/div[1]/div[2]/div[2]/span[1]"}
COMMAND: POST /session/0a21173b3be6d373b06b4981c33974fb/execute/sync - {"script":"<script> [56 bytes]","args":[{"element-6066-11e4-a52e-4f735466cecf":"f.287C3A1B972D9005034ACA046358B519.d.995FCA81C7010203EDC945AEE636B5F5.e.3280","ELEMENT":"f.287C3A1B972D9005034ACA046358B519.d.995FCA81C7010203EDC945AEE636B5F5.e.3280"}]}
RESULT: {"script":"<script> [56 bytes]","args":[{"element-6066-11e4-a52e-4f735466cecf":"f.287C3A1B972D9005034ACA046358B519.d.995FCA81C7010203EDC945AEE636B5F5.e.3280","ELEMENT":"f.287C3A1B972D9005034ACA046358B519.d.995FCA81C7010203EDC945AEE636B5F5.e.3280"}]}
COMMAND: POST /session/0a21173b3be6d373b06b4981c33974fb/element - {"using":"css selector","value":"#shell-header-logo"}
COMMAND: GET /session/0a21173b3be6d373b06b4981c33974fb/screenshot - {}
RESULT: {"using":"css selector","value":"#shell-header-logo"}
COMMAND: POST /session/0a21173b3be6d373b06b4981c33974fb/element/f.287C3A1B972D9005034ACA046358B519.d.995FCA81C7010203EDC945AEE636B5F5.e.2729/click - {}
RESULT: {}
RESULT: {}
COMMAND: GET /session/0a21173b3be6d373b06b4981c33974fb/screenshot - {}
RESULT: {}
]]></system-out>
    </testcase>
    <testcase classname="chrome.135_0_7049_115.windows.Tests_for_Mass_State_Change_on_Manage_States_&amp;_Performances_US104416_US" name="Prereq Should do stock increase" time="99.304">
      <system-out><![CDATA[
COMMAND: POST /session/0a21173b3be6d373b06b4981c33974fb/execute/async - {"script":"<script> [1562 bytes]","args":[{"selector":{"controlType":"sap.m.Text","viewName":"etm.portal.ui.managehandoverstile.view.Master","properties":{"text":"Manage Handovers"},"interaction":{"idSuffix":"inner"}},"wdio_ui5_key":"etmportal.ui.managehandoverstile.view.Mastersap.m.Text{\"text\":\"Manage Handovers\"}"}]}
RESULT: {"script":"<script> [1562 bytes]","args":[{"selector":{"controlType":"sap.m.Text","viewName":"etm.portal.ui.managehandoverstile.view.Master","properties":{"text":"Manage Handovers"},"interaction":{"idSuffix":"inner"}},"wdio_ui5_key":"etmportal.ui.managehandoverstile.view.Mastersap.m.Text{\"text\":\"Manage Handovers\"}"}]}
RESULT: undefined
COMMAND: POST /session/0a21173b3be6d373b06b4981c33974fb/element - {"using":"xpath","value":"//*[@id=\"__tile133-title\"]"}
RESULT: {"using":"xpath","value":"//*[@id=\"__tile133-title\"]"}
COMMAND: POST /session/0a21173b3be6d373b06b4981c33974fb/element/f.287C3A1B972D9005034ACA046358B519.d.995FCA81C7010203EDC945AEE636B5F5.e.3283/click - {}
RESULT: {}
COMMAND: POST /session/0a21173b3be6d373b06b4981c33974fb/element - {"using":"xpath","value":"//button[@data-kt=\"masterHOAddButton\"]"}
COMMAND: GET /session/0a21173b3be6d373b06b4981c33974fb/screenshot - {}
RESULT: {"using":"xpath","value":"//button[@data-kt=\"masterHOAddButton\"]"}
COMMAND: POST /session/0a21173b3be6d373b06b4981c33974fb/elements - {"using":"xpath","value":"//button[@data-kt=\"masterHOAddButton\"]"}
RESULT: {}
RESULT: {"using":"xpath","value":"//button[@data-kt=\"masterHOAddButton\"]"}
COMMAND: POST /session/0a21173b3be6d373b06b4981c33974fb/elements - {"using":"xpath","value":"//button[@data-kt=\"masterHOAddButton\"]"}
RESULT: {"using":"xpath","value":"//button[@data-kt=\"masterHOAddButton\"]"}
COMMAND: POST /session/0a21173b3be6d373b06b4981c33974fb/elements - {"using":"xpath","value":"//button[@data-kt=\"masterHOAddButton\"]"}
RESULT: {"using":"xpath","value":"//button[@data-kt=\"masterHOAddButton\"]"}
COMMAND: POST /session/0a21173b3be6d373b06b4981c33974fb/elements - {"using":"xpath","value":"//button[@data-kt=\"masterHOAddButton\"]"}
RESULT: {"using":"xpath","value":"//button[@data-kt=\"masterHOAddButton\"]"}
COMMAND: POST /session/0a21173b3be6d373b06b4981c33974fb/elements - {"using":"xpath","value":"//button[@data-kt=\"masterHOAddButton\"]"}
RESULT: {"using":"xpath","value":"//button[@data-kt=\"masterHOAddButton\"]"}
COMMAND: POST /session/0a21173b3be6d373b06b4981c33974fb/elements - {"using":"xpath","value":"//button[@data-kt=\"masterHOAddButton\"]"}
RESULT: {"using":"xpath","value":"//button[@data-kt=\"masterHOAddButton\"]"}
COMMAND: POST /session/0a21173b3be6d373b06b4981c33974fb/elements - {"using":"xpath","value":"//button[@data-kt=\"masterHOAddButton\"]"}
RESULT: {"using":"xpath","value":"//button[@data-kt=\"masterHOAddButton\"]"}
COMMAND: POST /session/0a21173b3be6d373b06b4981c33974fb/elements - {"using":"xpath","value":"//button[@data-kt=\"masterHOAddButton\"]"}
RESULT: {"using":"xpath","value":"//button[@data-kt=\"masterHOAddButton\"]"}
COMMAND: POST /session/0a21173b3be6d373b06b4981c33974fb/element - {"using":"xpath","value":"//button[@data-kt=\"masterHOAddButton\"]"}
RESULT: {"using":"xpath","value":"//button[@data-kt=\"masterHOAddButton\"]"}
COMMAND: POST /session/0a21173b3be6d373b06b4981c33974fb/execute/sync - {"script":"<script> [8489 bytes]","args":[{"element-6066-11e4-a52e-4f735466cecf":"f.287C3A1B972D9005034ACA046358B519.d.995FCA81C7010203EDC945AEE636B5F5.e.3315","ELEMENT":"f.287C3A1B972D9005034ACA046358B519.d.995FCA81C7010203EDC945AEE636B5F5.e.3315"}]}
RESULT: {"script":"<script> [8489 bytes]","args":[{"element-6066-11e4-a52e-4f735466cecf":"f.287C3A1B972D9005034ACA046358B519.d.995FCA81C7010203EDC945AEE636B5F5.e.3315","ELEMENT":"f.287C3A1B972D9005034ACA046358B519.d.995FCA81C7010203EDC945AEE636B5F5.e.3315"}]}
COMMAND: GET /session/0a21173b3be6d373b06b4981c33974fb/element/f.287C3A1B972D9005034ACA046358B519.d.995FCA81C7010203EDC945AEE636B5F5.e.3315/enabled - {}
COMMAND: GET /session/0a21173b3be6d373b06b4981c33974fb/screenshot - {}
RESULT: {}
COMMAND: POST /session/0a21173b3be6d373b06b4981c33974fb/execute/sync - {"script":"<script> [8489 bytes]","args":[{"element-6066-11e4-a52e-4f735466cecf":"f.287C3A1B972D9005034ACA046358B519.d.995FCA81C7010203EDC945AEE636B5F5.e.3315","ELEMENT":"f.287C3A1B972D9005034ACA046358B519.d.995FCA81C7010203EDC945AEE636B5F5.e.3315"}]}
COMMAND: GET /session/0a21173b3be6d373b06b4981c33974fb/screenshot - {}
RESULT: {}
RESULT: {"script":"<script> [8489 bytes]","args":[{"element-6066-11e4-a52e-4f735466cecf":"f.287C3A1B972D9005034ACA046358B519.d.995FCA81C7010203EDC945AEE636B5F5.e.3315","ELEMENT":"f.287C3A1B972D9005034ACA046358B519.d.995FCA81C7010203EDC945AEE636B5F5.e.3315"}]}
COMMAND: POST /session/0a21173b3be6d373b06b4981c33974fb/execute/sync - {"script":"<script> [5351 bytes]","args":[{"element-6066-11e4-a52e-4f735466cecf":"f.287C3A1B972D9005034ACA046358B519.d.995FCA81C7010203EDC945AEE636B5F5.e.3315","ELEMENT":"f.287C3A1B972D9005034ACA046358B519.d.995FCA81C7010203EDC945AEE636B5F5.e.3315"}]}
COMMAND: GET /session/0a21173b3be6d373b06b4981c33974fb/screenshot - {}
RESULT: {}
RESULT: {"script":"<script> [5351 bytes]","args":[{"element-6066-11e4-a52e-4f735466cecf":"f.287C3A1B972D9005034ACA046358B519.d.995FCA81C7010203EDC945AEE636B5F5.e.3315","ELEMENT":"f.287C3A1B972D9005034ACA046358B519.d.995FCA81C7010203EDC945AEE636B5F5.e.3315"}]}
COMMAND: POST /session/0a21173b3be6d373b06b4981c33974fb/element/f.287C3A1B972D9005034ACA046358B519.d.995FCA81C7010203EDC945AEE636B5F5.e.3315/click - {}
COMMAND: GET /session/0a21173b3be6d373b06b4981c33974fb/screenshot - {}
RESULT: {}
RESULT: {}
COMMAND: GET /session/0a21173b3be6d373b06b4981c33974fb/screenshot - {}
RESULT: {}
RESULT: {}
COMMAND: POST /session/0a21173b3be6d373b06b4981c33974fb/element - {"using":"xpath","value":"//span[contains(@id ,\"AddNewHO--typeSelect-arrow\")]"}
RESULT: {"using":"xpath","value":"//span[contains(@id ,\"AddNewHO--typeSelect-arrow\")]"}
COMMAND: POST /session/0a21173b3be6d373b06b4981c33974fb/element/f.287C3A1B972D9005034ACA046358B519.d.995FCA81C7010203EDC945AEE636B5F5.e.3661/click - {}
RESULT: {}
COMMAND: GET /session/0a21173b3be6d373b06b4981c33974fb/screenshot - {}
RESULT: {}
COMMAND: POST /session/0a21173b3be6d373b06b4981c33974fb/element - {"using":"xpath","value":"(//li[contains(text(), \"stock increase yard\")])[1]"}
RESULT: {"using":"xpath","value":"(//li[contains(text(), \"stock increase yard\")])[1]"}
COMMAND: POST /session/0a21173b3be6d373b06b4981c33974fb/element/f.287C3A1B972D9005034ACA046358B519.d.995FCA81C7010203EDC945AEE636B5F5.e.3662/click - {}
RESULT: {}
COMMAND: GET /session/0a21173b3be6d373b06b4981c33974fb/screenshot - {}
RESULT: {}
COMMAND: POST /session/0a21173b3be6d373b06b4981c33974fb/execute/async - {"script":"<script> [1562 bytes]","args":[{"selector":{"id":"application-managehandovers-display-component---AddNewHO--dueDate","interaction":{"idSuffix":"inner"}},"wdio_ui5_key":"applicationmanagehandovers-display-component---AddNewHO--dueDate"}]}
RESULT: {"script":"<script> [1562 bytes]","args":[{"selector":{"id":"application-managehandovers-display-component---AddNewHO--dueDate","interaction":{"idSuffix":"inner"}},"wdio_ui5_key":"applicationmanagehandovers-display-component---AddNewHO--dueDate"}]}
RESULT: undefined
COMMAND: POST /session/0a21173b3be6d373b06b4981c33974fb/execute/async - {"script":"<script> [6424 bytes]","args":[{"element-6066-11e4-a52e-4f735466cecf":"f.287C3A1B972D9005034ACA046358B519.d.995FCA81C7010203EDC945AEE636B5F5.e.3664"},"setValue",["05/06/2025"]]}
RESULT: {"script":"<script> [6424 bytes]","args":[{"element-6066-11e4-a52e-4f735466cecf":"f.287C3A1B972D9005034ACA046358B519.d.995FCA81C7010203EDC945AEE636B5F5.e.3664"},"setValue",["05/06/2025"]]}
COMMAND: POST /session/0a21173b3be6d373b06b4981c33974fb/element - {"using":"xpath","value":"//input[@id=\"generalSectionFrg--receiveYard-inner\"]"}
RESULT: {"using":"xpath","value":"//input[@id=\"generalSectionFrg--receiveYard-inner\"]"}
COMMAND: POST /session/0a21173b3be6d373b06b4981c33974fb/element/f.287C3A1B972D9005034ACA046358B519.d.995FCA81C7010203EDC945AEE636B5F5.e.3670/clear - {}
RESULT: {}
COMMAND: POST /session/0a21173b3be6d373b06b4981c33974fb/element/f.287C3A1B972D9005034ACA046358B519.d.995FCA81C7010203EDC945AEE636B5F5.e.3670/value - {"text":"646"}
COMMAND: GET /session/0a21173b3be6d373b06b4981c33974fb/screenshot - {}
RESULT: {"text":"646"}
COMMAND: GET /session/0a21173b3be6d373b06b4981c33974fb/screenshot - {}
RESULT: {}
RESULT: {}
COMMAND: POST /session/0a21173b3be6d373b06b4981c33974fb/element - {"using":"xpath","value":"//li[.//span[text()='646']]"}
RESULT: {"using":"xpath","value":"//li[.//span[text()='646']]"}
COMMAND: POST /session/0a21173b3be6d373b06b4981c33974fb/element/f.287C3A1B972D9005034ACA046358B519.d.995FCA81C7010203EDC945AEE636B5F5.e.3688/click - {}
RESULT: {}
COMMAND: GET /session/0a21173b3be6d373b06b4981c33974fb/screenshot - {}
RESULT: {}
COMMAND: POST /session/0a21173b3be6d373b06b4981c33974fb/execute/async - {"script":"<script> [1562 bytes]","args":[{"selector":{"id":"application-managehandovers-display-component---AddNewHO--ObjectPageLayout-anchBar-application-managehandovers-display-component---AddNewHO--section4-anchor","interaction":{"idSuffix":"BDI-content"}},"wdio_ui5_key":"applicationmanagehandovers-display-component---AddNewHO--ObjectPageLayout-anchBar-application-managehandovers-display-component---AddNewHO--section4-anchor"}]}
RESULT: {"script":"<script> [1562 bytes]","args":[{"selector":{"id":"application-managehandovers-display-component---AddNewHO--ObjectPageLayout-anchBar-application-managehandovers-display-component---AddNewHO--section4-anchor","interaction":{"idSuffix":"BDI-content"}},"wdio_ui5_key":"applicationmanagehandovers-display-component---AddNewHO--ObjectPageLayout-anchBar-application-managehandovers-display-component---AddNewHO--section4-anchor"}]}
RESULT: undefined
COMMAND: POST /session/0a21173b3be6d373b06b4981c33974fb/element - {"using":"xpath","value":"//*[@id=\"application-managehandovers-display-component---AddNewHO--ObjectPageLayout-anchBar-application-managehandovers-display-component---AddNewHO--section4-anchor\"]"}
RESULT: {"using":"xpath","value":"//*[@id=\"application-managehandovers-display-component---AddNewHO--ObjectPageLayout-anchBar-application-managehandovers-display-component---AddNewHO--section4-anchor\"]"}
COMMAND: POST /session/0a21173b3be6d373b06b4981c33974fb/element/f.287C3A1B972D9005034ACA046358B519.d.995FCA81C7010203EDC945AEE636B5F5.e.3690/click - {}
RESULT: {}
COMMAND: POST /session/0a21173b3be6d373b06b4981c33974fb/element - {"using":"xpath","value":"//button[@aria-label=\"Add\"]"}
COMMAND: GET /session/0a21173b3be6d373b06b4981c33974fb/screenshot - {}
RESULT: {"using":"xpath","value":"//button[@aria-label=\"Add\"]"}
COMMAND: POST /session/0a21173b3be6d373b06b4981c33974fb/element/f.287C3A1B972D9005034ACA046358B519.d.995FCA81C7010203EDC945AEE636B5F5.e.3692/click - {}
RESULT: {}
RESULT: {}
COMMAND: GET /session/0a21173b3be6d373b06b4981c33974fb/screenshot - {}
RESULT: {}
COMMAND: POST /session/0a21173b3be6d373b06b4981c33974fb/execute/async - {"script":"<script> [1562 bytes]","args":[{"selector":{"id":"application-managehandovers-display-component---AddNewHO--smartFilterBar-btnBasicSearch","searchOpenDialogs":true,"interaction":{"idSuffix":"I"}},"wdio_ui5_key":"applicationmanagehandovers-display-component---AddNewHO--smartFilterBar-btnBasicSearch"}]}
RESULT: {"script":"<script> [1562 bytes]","args":[{"selector":{"id":"application-managehandovers-display-component---AddNewHO--smartFilterBar-btnBasicSearch","searchOpenDialogs":true,"interaction":{"idSuffix":"I"}},"wdio_ui5_key":"applicationmanagehandovers-display-component---AddNewHO--smartFilterBar-btnBasicSearch"}]}
RESULT: undefined
COMMAND: POST /session/0a21173b3be6d373b06b4981c33974fb/execute/async - {"script":"<script> [776 bytes]","args":[{"enterText":"400042","selector":{"id":"application-managehandovers-display-component---AddNewHO--smartFilterBar-btnBasicSearch","searchOpenDialogs":true,"interaction":{"idSuffix":"I"}},"clearTextFirst":true,"interactionType":"ENTER_TEXT"}]}
RESULT: {"script":"<script> [776 bytes]","args":[{"enterText":"400042","selector":{"id":"application-managehandovers-display-component---AddNewHO--smartFilterBar-btnBasicSearch","searchOpenDialogs":true,"interaction":{"idSuffix":"I"}},"clearTextFirst":true,"interactionType":"ENTER_TEXT"}]}
COMMAND: POST /session/0a21173b3be6d373b06b4981c33974fb/actions - {"actions":[{"id":"action12","type":"key","parameters":{},"actions":[{"type":"keyDown","value":"î€‡"},{"type":"pause","duration":10},{"type":"keyUp","value":"î€‡"}]}]}
RESULT: {"actions":[{"id":"action12","type":"key","parameters":{},"actions":[{"type":"keyDown","value":"î€‡"},{"type":"pause","duration":10},{"type":"keyUp","value":"î€‡"}]}]}
COMMAND: GET /session/0a21173b3be6d373b06b4981c33974fb/screenshot - {}
RESULT: {}
COMMAND: POST /session/0a21173b3be6d373b06b4981c33974fb/execute/async - {"script":"<script> [1562 bytes]","args":[{"selector":{"id":"application-managehandovers-display-component---AddNewHO--popup-sa","searchOpenDialogs":true,"interaction":{"idSuffix":"CbBg"}},"wdio_ui5_key":"applicationmanagehandovers-display-component---AddNewHO--popup-sa"}]}
RESULT: {"script":"<script> [1562 bytes]","args":[{"selector":{"id":"application-managehandovers-display-component---AddNewHO--popup-sa","searchOpenDialogs":true,"interaction":{"idSuffix":"CbBg"}},"wdio_ui5_key":"applicationmanagehandovers-display-component---AddNewHO--popup-sa"}]}
RESULT: undefined
COMMAND: POST /session/0a21173b3be6d373b06b4981c33974fb/element - {"using":"xpath","value":"//*[@id=\"application-managehandovers-display-component---AddNewHO--popup-sa\"]"}
RESULT: {"using":"xpath","value":"//*[@id=\"application-managehandovers-display-component---AddNewHO--popup-sa\"]"}
COMMAND: POST /session/0a21173b3be6d373b06b4981c33974fb/element/f.287C3A1B972D9005034ACA046358B519.d.995FCA81C7010203EDC945AEE636B5F5.e.3847/click - {}
RESULT: {}
COMMAND: GET /session/0a21173b3be6d373b06b4981c33974fb/screenshot - {}
RESULT: {}
COMMAND: POST /session/0a21173b3be6d373b06b4981c33974fb/element - {"using":"xpath","value":"//bdi[contains(text(), \"Select\")]"}
RESULT: {"using":"xpath","value":"//bdi[contains(text(), \"Select\")]"}
COMMAND: POST /session/0a21173b3be6d373b06b4981c33974fb/element/f.287C3A1B972D9005034ACA046358B519.d.995FCA81C7010203EDC945AEE636B5F5.e.3848/click - {}
RESULT: {}
COMMAND: GET /session/0a21173b3be6d373b06b4981c33974fb/screenshot - {}
RESULT: {}
COMMAND: POST /session/0a21173b3be6d373b06b4981c33974fb/element - {"using":"xpath","value":"//button[@data-kt=\"AddNewHOSaveButton\"]"}
RESULT: {"using":"xpath","value":"//button[@data-kt=\"AddNewHOSaveButton\"]"}
COMMAND: POST /session/0a21173b3be6d373b06b4981c33974fb/element/f.287C3A1B972D9005034ACA046358B519.d.995FCA81C7010203EDC945AEE636B5F5.e.3852/click - {}
RESULT: {}
COMMAND: GET /session/0a21173b3be6d373b06b4981c33974fb/screenshot - {}
RESULT: {}
COMMAND: POST /session/0a21173b3be6d373b06b4981c33974fb/execute/async - {"script":"<script> [1562 bytes]","args":[{"selector":{"id":"receiptDatePicker","viewName":"etm.portal.ui.managehandovers.view.DetailExecuteHO","interaction":{"idSuffix":"inner"}},"wdio_ui5_key":"receiptDatePickeretmportal.ui.managehandovers.view.DetailExecuteHO"}]}
RESULT: {"script":"<script> [1562 bytes]","args":[{"selector":{"id":"receiptDatePicker","viewName":"etm.portal.ui.managehandovers.view.DetailExecuteHO","interaction":{"idSuffix":"inner"}},"wdio_ui5_key":"receiptDatePickeretmportal.ui.managehandovers.view.DetailExecuteHO"}]}
RESULT: undefined
COMMAND: POST /session/0a21173b3be6d373b06b4981c33974fb/execute/async - {"script":"<script> [6424 bytes]","args":[{"element-6066-11e4-a52e-4f735466cecf":"f.287C3A1B972D9005034ACA046358B519.d.995FCA81C7010203EDC945AEE636B5F5.e.3881"},"setValue",["05/06/2025"]]}
RESULT: {"script":"<script> [6424 bytes]","args":[{"element-6066-11e4-a52e-4f735466cecf":"f.287C3A1B972D9005034ACA046358B519.d.995FCA81C7010203EDC945AEE636B5F5.e.3881"},"setValue",["05/06/2025"]]}
COMMAND: POST /session/0a21173b3be6d373b06b4981c33974fb/element - {"using":"xpath","value":"//button[@data-kt=\"PickingTableConfirmAllButton\"]"}
RESULT: {"using":"xpath","value":"//button[@data-kt=\"PickingTableConfirmAllButton\"]"}
COMMAND: POST /session/0a21173b3be6d373b06b4981c33974fb/element/f.287C3A1B972D9005034ACA046358B519.d.995FCA81C7010203EDC945AEE636B5F5.e.3895/click - {}
RESULT: {}
COMMAND: GET /session/0a21173b3be6d373b06b4981c33974fb/screenshot - {}
RESULT: {}
COMMAND: POST /session/0a21173b3be6d373b06b4981c33974fb/element - {"using":"xpath","value":"//bdi[contains(text(), \"OK\")]"}
RESULT: {"using":"xpath","value":"//bdi[contains(text(), \"OK\")]"}
COMMAND: POST /session/0a21173b3be6d373b06b4981c33974fb/element/f.287C3A1B972D9005034ACA046358B519.d.995FCA81C7010203EDC945AEE636B5F5.e.3897/click - {}
RESULT: {}
COMMAND: GET /session/0a21173b3be6d373b06b4981c33974fb/screenshot - {}
RESULT: {}
COMMAND: POST /session/0a21173b3be6d373b06b4981c33974fb/element - {"using":"xpath","value":"(//bdi[contains(text(), \"Receive\")])[2]"}
RESULT: {"using":"xpath","value":"(//bdi[contains(text(), \"Receive\")])[2]"}
COMMAND: POST /session/0a21173b3be6d373b06b4981c33974fb/element/f.287C3A1B972D9005034ACA046358B519.d.995FCA81C7010203EDC945AEE636B5F5.e.3899/click - {}
RESULT: {}
COMMAND: GET /session/0a21173b3be6d373b06b4981c33974fb/screenshot - {}
RESULT: {}
COMMAND: POST /session/0a21173b3be6d373b06b4981c33974fb/element - {"using":"css selector","value":"#shell-header-logo"}
RESULT: {"using":"css selector","value":"#shell-header-logo"}
COMMAND: POST /session/0a21173b3be6d373b06b4981c33974fb/element/f.287C3A1B972D9005034ACA046358B519.d.995FCA81C7010203EDC945AEE636B5F5.e.3286/click - {}
RESULT: {}
COMMAND: GET /session/0a21173b3be6d373b06b4981c33974fb/screenshot - {}
RESULT: {}
]]></system-out>
    </testcase>
    <testcase classname="chrome.135_0_7049_115.windows.Tests_for_Mass_State_Change_on_Manage_States_&amp;_Performances_US104416_US" name="Prereq Should create a new contract" time="78.409">
      <system-out><![CDATA[
COMMAND: POST /session/0a21173b3be6d373b06b4981c33974fb/execute/async - {"script":"<script> [1562 bytes]","args":[{"selector":{"controlType":"sap.m.Text","viewName":"etm.portal.ui.managecontractstile.view.Master","properties":{"text":"Manage Contracts"},"interaction":{"idSuffix":"inner"}},"wdio_ui5_key":"etmportal.ui.managecontractstile.view.Mastersap.m.Text{\"text\":\"Manage Contracts\"}"}]}
RESULT: {"script":"<script> [1562 bytes]","args":[{"selector":{"controlType":"sap.m.Text","viewName":"etm.portal.ui.managecontractstile.view.Master","properties":{"text":"Manage Contracts"},"interaction":{"idSuffix":"inner"}},"wdio_ui5_key":"etmportal.ui.managecontractstile.view.Mastersap.m.Text{\"text\":\"Manage Contracts\"}"}]}
RESULT: undefined
COMMAND: POST /session/0a21173b3be6d373b06b4981c33974fb/element - {"using":"xpath","value":"//*[@id=\"__tile130-title\"]"}
RESULT: {"using":"xpath","value":"//*[@id=\"__tile130-title\"]"}
COMMAND: POST /session/0a21173b3be6d373b06b4981c33974fb/element/f.287C3A1B972D9005034ACA046358B519.d.995FCA81C7010203EDC945AEE636B5F5.e.4074/click - {}
RESULT: {}
COMMAND: GET /session/0a21173b3be6d373b06b4981c33974fb/screenshot - {}
RESULT: {}
COMMAND: POST /session/0a21173b3be6d373b06b4981c33974fb/element - {"using":"xpath","value":"//button[@data-kt=\"addButton\"]"}
RESULT: {"using":"xpath","value":"//button[@data-kt=\"addButton\"]"}
COMMAND: POST /session/0a21173b3be6d373b06b4981c33974fb/elements - {"using":"xpath","value":"//button[@data-kt=\"addButton\"]"}
RESULT: {"using":"xpath","value":"//button[@data-kt=\"addButton\"]"}
COMMAND: POST /session/0a21173b3be6d373b06b4981c33974fb/elements - {"using":"xpath","value":"//button[@data-kt=\"addButton\"]"}
RESULT: {"using":"xpath","value":"//button[@data-kt=\"addButton\"]"}
COMMAND: POST /session/0a21173b3be6d373b06b4981c33974fb/element - {"using":"xpath","value":"//button[@data-kt=\"addButton\"]"}
RESULT: {"using":"xpath","value":"//button[@data-kt=\"addButton\"]"}
COMMAND: POST /session/0a21173b3be6d373b06b4981c33974fb/execute/sync - {"script":"<script> [8489 bytes]","args":[{"element-6066-11e4-a52e-4f735466cecf":"f.287C3A1B972D9005034ACA046358B519.d.995FCA81C7010203EDC945AEE636B5F5.e.4146","ELEMENT":"f.287C3A1B972D9005034ACA046358B519.d.995FCA81C7010203EDC945AEE636B5F5.e.4146"}]}
RESULT: {"script":"<script> [8489 bytes]","args":[{"element-6066-11e4-a52e-4f735466cecf":"f.287C3A1B972D9005034ACA046358B519.d.995FCA81C7010203EDC945AEE636B5F5.e.4146","ELEMENT":"f.287C3A1B972D9005034ACA046358B519.d.995FCA81C7010203EDC945AEE636B5F5.e.4146"}]}
COMMAND: GET /session/0a21173b3be6d373b06b4981c33974fb/element/f.287C3A1B972D9005034ACA046358B519.d.995FCA81C7010203EDC945AEE636B5F5.e.4146/enabled - {}
COMMAND: GET /session/0a21173b3be6d373b06b4981c33974fb/screenshot - {}
RESULT: {}
COMMAND: POST /session/0a21173b3be6d373b06b4981c33974fb/execute/sync - {"script":"<script> [8489 bytes]","args":[{"element-6066-11e4-a52e-4f735466cecf":"f.287C3A1B972D9005034ACA046358B519.d.995FCA81C7010203EDC945AEE636B5F5.e.4146","ELEMENT":"f.287C3A1B972D9005034ACA046358B519.d.995FCA81C7010203EDC945AEE636B5F5.e.4146"}]}
COMMAND: GET /session/0a21173b3be6d373b06b4981c33974fb/screenshot - {}
RESULT: {}
RESULT: {"script":"<script> [8489 bytes]","args":[{"element-6066-11e4-a52e-4f735466cecf":"f.287C3A1B972D9005034ACA046358B519.d.995FCA81C7010203EDC945AEE636B5F5.e.4146","ELEMENT":"f.287C3A1B972D9005034ACA046358B519.d.995FCA81C7010203EDC945AEE636B5F5.e.4146"}]}
COMMAND: POST /session/0a21173b3be6d373b06b4981c33974fb/execute/sync - {"script":"<script> [5351 bytes]","args":[{"element-6066-11e4-a52e-4f735466cecf":"f.287C3A1B972D9005034ACA046358B519.d.995FCA81C7010203EDC945AEE636B5F5.e.4146","ELEMENT":"f.287C3A1B972D9005034ACA046358B519.d.995FCA81C7010203EDC945AEE636B5F5.e.4146"}]}
COMMAND: GET /session/0a21173b3be6d373b06b4981c33974fb/screenshot - {}
RESULT: {}
RESULT: {"script":"<script> [5351 bytes]","args":[{"element-6066-11e4-a52e-4f735466cecf":"f.287C3A1B972D9005034ACA046358B519.d.995FCA81C7010203EDC945AEE636B5F5.e.4146","ELEMENT":"f.287C3A1B972D9005034ACA046358B519.d.995FCA81C7010203EDC945AEE636B5F5.e.4146"}]}
COMMAND: GET /session/0a21173b3be6d373b06b4981c33974fb/screenshot - {}
RESULT: {}
RESULT: {}
COMMAND: POST /session/0a21173b3be6d373b06b4981c33974fb/element/f.287C3A1B972D9005034ACA046358B519.d.995FCA81C7010203EDC945AEE636B5F5.e.4146/click - {}
RESULT: {}
COMMAND: GET /session/0a21173b3be6d373b06b4981c33974fb/screenshot - {}
COMMAND: POST /session/0a21173b3be6d373b06b4981c33974fb/execute/async - {"script":"<script> [1562 bytes]","args":[{"selector":{"id":"application-managecontracts-display-component---AddNewContract--projectDescription","interaction":{"idSuffix":"inner"}},"wdio_ui5_key":"applicationmanagecontracts-display-component---AddNewContract--projectDescription"}]}
RESULT: {}
RESULT: {"script":"<script> [1562 bytes]","args":[{"selector":{"id":"application-managecontracts-display-component---AddNewContract--projectDescription","interaction":{"idSuffix":"inner"}},"wdio_ui5_key":"applicationmanagecontracts-display-component---AddNewContract--projectDescription"}]}
RESULT: undefined
COMMAND: POST /session/0a21173b3be6d373b06b4981c33974fb/execute/async - {"script":"<script> [776 bytes]","args":[{"enterText":"Contract WDIO","selector":{"id":"application-managecontracts-display-component---AddNewContract--projectDescription","interaction":{"idSuffix":"inner"}},"clearTextFirst":true,"interactionType":"ENTER_TEXT"}]}
RESULT: {"script":"<script> [776 bytes]","args":[{"enterText":"Contract WDIO","selector":{"id":"application-managecontracts-display-component---AddNewContract--projectDescription","interaction":{"idSuffix":"inner"}},"clearTextFirst":true,"interactionType":"ENTER_TEXT"}]}
COMMAND: POST /session/0a21173b3be6d373b06b4981c33974fb/element - {"using":"xpath","value":"//input[@id=\"application-managecontracts-display-component---AddNewContract--site-inner\"]"}
RESULT: {"using":"xpath","value":"//input[@id=\"application-managecontracts-display-component---AddNewContract--site-inner\"]"}
COMMAND: POST /session/0a21173b3be6d373b06b4981c33974fb/element/f.287C3A1B972D9005034ACA046358B519.d.995FCA81C7010203EDC945AEE636B5F5.e.4555/clear - {}
RESULT: {}
COMMAND: POST /session/0a21173b3be6d373b06b4981c33974fb/element/f.287C3A1B972D9005034ACA046358B519.d.995FCA81C7010203EDC945AEE636B5F5.e.4555/value - {"text":"2476"}
COMMAND: GET /session/0a21173b3be6d373b06b4981c33974fb/screenshot - {}
RESULT: {"text":"2476"}
COMMAND: GET /session/0a21173b3be6d373b06b4981c33974fb/screenshot - {}
RESULT: {}
RESULT: {}
COMMAND: POST /session/0a21173b3be6d373b06b4981c33974fb/element - {"using":"xpath","value":"//li[.//span[text()='2476']]"}
RESULT: {"using":"xpath","value":"//li[.//span[text()='2476']]"}
COMMAND: POST /session/0a21173b3be6d373b06b4981c33974fb/element/f.287C3A1B972D9005034ACA046358B519.d.995FCA81C7010203EDC945AEE636B5F5.e.4578/click - {}
RESULT: {}
COMMAND: GET /session/0a21173b3be6d373b06b4981c33974fb/screenshot - {}
RESULT: {}
COMMAND: POST /session/0a21173b3be6d373b06b4981c33974fb/element - {"using":"xpath","value":"//input[@id=\"application-managecontracts-display-component---AddNewContract--yardId-inner\"]"}
RESULT: {"using":"xpath","value":"//input[@id=\"application-managecontracts-display-component---AddNewContract--yardId-inner\"]"}
COMMAND: GET /session/0a21173b3be6d373b06b4981c33974fb/element/f.287C3A1B972D9005034ACA046358B519.d.995FCA81C7010203EDC945AEE636B5F5.e.4556/property/value - {}
RESULT: {}
COMMAND: POST /session/0a21173b3be6d373b06b4981c33974fb/element - {"using":"xpath","value":"//input[@id=\"application-managecontracts-display-component---AddNewContract--customerSelect-inner\"]"}
COMMAND: GET /session/0a21173b3be6d373b06b4981c33974fb/screenshot - {}
RESULT: {"using":"xpath","value":"//input[@id=\"application-managecontracts-display-component---AddNewContract--customerSelect-inner\"]"}
COMMAND: POST /session/0a21173b3be6d373b06b4981c33974fb/element/f.287C3A1B972D9005034ACA046358B519.d.995FCA81C7010203EDC945AEE636B5F5.e.4554/clear - {}
RESULT: {}
RESULT: {}
COMMAND: POST /session/0a21173b3be6d373b06b4981c33974fb/element/f.287C3A1B972D9005034ACA046358B519.d.995FCA81C7010203EDC945AEE636B5F5.e.4554/value - {"text":"1522"}
COMMAND: GET /session/0a21173b3be6d373b06b4981c33974fb/screenshot - {}
RESULT: {"text":"1522"}
COMMAND: GET /session/0a21173b3be6d373b06b4981c33974fb/screenshot - {}
RESULT: {}
RESULT: {}
COMMAND: POST /session/0a21173b3be6d373b06b4981c33974fb/element - {"using":"xpath","value":"//li[.//span[text()='1522']]"}
RESULT: {"using":"xpath","value":"//li[.//span[text()='1522']]"}
COMMAND: POST /session/0a21173b3be6d373b06b4981c33974fb/element/f.287C3A1B972D9005034ACA046358B519.d.995FCA81C7010203EDC945AEE636B5F5.e.4581/click - {}
RESULT: {}
COMMAND: GET /session/0a21173b3be6d373b06b4981c33974fb/screenshot - {}
RESULT: {}
COMMAND: POST /session/0a21173b3be6d373b06b4981c33974fb/element - {"using":"xpath","value":"//button[@data-kt=\"saveButton\"]"}
RESULT: {"using":"xpath","value":"//button[@data-kt=\"saveButton\"]"}
COMMAND: POST /session/0a21173b3be6d373b06b4981c33974fb/element/f.287C3A1B972D9005034ACA046358B519.d.995FCA81C7010203EDC945AEE636B5F5.e.4570/click - {}
RESULT: {}
COMMAND: GET /session/0a21173b3be6d373b06b4981c33974fb/screenshot - {}
RESULT: {}
COMMAND: POST /session/0a21173b3be6d373b06b4981c33974fb/element - {"using":"xpath","value":"//span[contains(@id ,\"contractDetailTitleNoExpanded\")]"}
RESULT: {"using":"xpath","value":"//span[contains(@id ,\"contractDetailTitleNoExpanded\")]"}
COMMAND: POST /session/0a21173b3be6d373b06b4981c33974fb/elements - {"using":"xpath","value":"//span[contains(@id ,\"contractDetailTitleNoExpanded\")]"}
RESULT: {"using":"xpath","value":"//span[contains(@id ,\"contractDetailTitleNoExpanded\")]"}
COMMAND: POST /session/0a21173b3be6d373b06b4981c33974fb/execute/sync - {"script":"<script> [56 bytes]","args":[{"element-6066-11e4-a52e-4f735466cecf":"f.287C3A1B972D9005034ACA046358B519.d.995FCA81C7010203EDC945AEE636B5F5.e.4654","ELEMENT":"f.287C3A1B972D9005034ACA046358B519.d.995FCA81C7010203EDC945AEE636B5F5.e.4654"}]}
RESULT: {"script":"<script> [56 bytes]","args":[{"element-6066-11e4-a52e-4f735466cecf":"f.287C3A1B972D9005034ACA046358B519.d.995FCA81C7010203EDC945AEE636B5F5.e.4654","ELEMENT":"f.287C3A1B972D9005034ACA046358B519.d.995FCA81C7010203EDC945AEE636B5F5.e.4654"}]}
COMMAND: GET /session/0a21173b3be6d373b06b4981c33974fb/screenshot - {}
RESULT: {}
]]></system-out>
    </testcase>
    <testcase classname="chrome.135_0_7049_115.windows.Tests_for_Mass_State_Change_on_Manage_States_&amp;_Performances_US104416_US" name="Prereq Should add created equipment to contract but to have the item 2 days earlier" time="67.082">
      <system-out><![CDATA[
COMMAND: POST /session/0a21173b3be6d373b06b4981c33974fb/element - {"using":"xpath","value":"//button[@data-kt=\"contractDetailEditBtnButton\"]"}
RESULT: {"using":"xpath","value":"//button[@data-kt=\"contractDetailEditBtnButton\"]"}
COMMAND: POST /session/0a21173b3be6d373b06b4981c33974fb/element/f.287C3A1B972D9005034ACA046358B519.d.995FCA81C7010203EDC945AEE636B5F5.e.4655/click - {}
RESULT: {}
COMMAND: GET /session/0a21173b3be6d373b06b4981c33974fb/screenshot - {}
RESULT: {}
COMMAND: POST /session/0a21173b3be6d373b06b4981c33974fb/element - {"using":"xpath","value":"(//span[contains(text(), \"Additional Addresses\")])[2]"}
RESULT: {"using":"xpath","value":"(//span[contains(text(), \"Additional Addresses\")])[2]"}
COMMAND: POST /session/0a21173b3be6d373b06b4981c33974fb/element/f.287C3A1B972D9005034ACA046358B519.d.995FCA81C7010203EDC945AEE636B5F5.e.4711/click - {}
RESULT: {}
COMMAND: GET /session/0a21173b3be6d373b06b4981c33974fb/screenshot - {}
RESULT: {}
COMMAND: POST /session/0a21173b3be6d373b06b4981c33974fb/element - {"using":"xpath","value":"//button[@data-kt=\"btnAddTableRowOverflowToolbarButton\"]"}
RESULT: {"using":"xpath","value":"//button[@data-kt=\"btnAddTableRowOverflowToolbarButton\"]"}
COMMAND: POST /session/0a21173b3be6d373b06b4981c33974fb/element/f.287C3A1B972D9005034ACA046358B519.d.995FCA81C7010203EDC945AEE636B5F5.e.4714/click - {}
RESULT: {}
COMMAND: GET /session/0a21173b3be6d373b06b4981c33974fb/screenshot - {}
RESULT: {}
COMMAND: POST /session/0a21173b3be6d373b06b4981c33974fb/element - {"using":"xpath","value":"//div[(text() = 'Standard Entry' or . = 'Standard Entry')]"}
RESULT: {"using":"xpath","value":"//div[(text() = 'Standard Entry' or . = 'Standard Entry')]"}
COMMAND: POST /session/0a21173b3be6d373b06b4981c33974fb/element/f.287C3A1B972D9005034ACA046358B519.d.995FCA81C7010203EDC945AEE636B5F5.e.4716/click - {}
RESULT: {}
COMMAND: GET /session/0a21173b3be6d373b06b4981c33974fb/screenshot - {}
RESULT: {}
COMMAND: POST /session/0a21173b3be6d373b06b4981c33974fb/element - {"using":"xpath","value":"//td[6]/div/div/div/span"}
RESULT: {"using":"xpath","value":"//td[6]/div/div/div/span"}
COMMAND: POST /session/0a21173b3be6d373b06b4981c33974fb/element/f.287C3A1B972D9005034ACA046358B519.d.995FCA81C7010203EDC945AEE636B5F5.e.4728/click - {}
RESULT: {}
COMMAND: GET /session/0a21173b3be6d373b06b4981c33974fb/screenshot - {}
RESULT: {}
COMMAND: POST /session/0a21173b3be6d373b06b4981c33974fb/element - {"using":"xpath","value":"(//span[contains(text(), \"Equi Multipart\")])"}
RESULT: {"using":"xpath","value":"(//span[contains(text(), \"Equi Multipart\")])"}
COMMAND: POST /session/0a21173b3be6d373b06b4981c33974fb/element/f.287C3A1B972D9005034ACA046358B519.d.995FCA81C7010203EDC945AEE636B5F5.e.4729/click - {}
RESULT: {}
COMMAND: GET /session/0a21173b3be6d373b06b4981c33974fb/screenshot - {}
RESULT: {}
COMMAND: POST /session/0a21173b3be6d373b06b4981c33974fb/element - {"using":"xpath","value":"//td[7]/div/div/input"}
RESULT: {"using":"xpath","value":"//td[7]/div/div/input"}
COMMAND: POST /session/0a21173b3be6d373b06b4981c33974fb/element/f.287C3A1B972D9005034ACA046358B519.d.995FCA81C7010203EDC945AEE636B5F5.e.4733/clear - {}
RESULT: {}
COMMAND: POST /session/0a21173b3be6d373b06b4981c33974fb/element/f.287C3A1B972D9005034ACA046358B519.d.995FCA81C7010203EDC945AEE636B5F5.e.4733/value - {"text":"400042"}
COMMAND: GET /session/0a21173b3be6d373b06b4981c33974fb/screenshot - {}
RESULT: {"text":"400042"}
COMMAND: GET /session/0a21173b3be6d373b06b4981c33974fb/screenshot - {}
RESULT: {}
RESULT: {}
COMMAND: POST /session/0a21173b3be6d373b06b4981c33974fb/actions - {"actions":[{"id":"action13","type":"key","parameters":{},"actions":[{"type":"keyDown","value":"î€‡"},{"type":"pause","duration":10},{"type":"keyUp","value":"î€‡"}]}]}
RESULT: {"actions":[{"id":"action13","type":"key","parameters":{},"actions":[{"type":"keyDown","value":"î€‡"},{"type":"pause","duration":10},{"type":"keyUp","value":"î€‡"}]}]}
COMMAND: GET /session/0a21173b3be6d373b06b4981c33974fb/screenshot - {}
RESULT: {}
COMMAND: POST /session/0a21173b3be6d373b06b4981c33974fb/execute/sync - {"script":"<script> [276 bytes]","args":["No pricing information was found"]}
RESULT: {"script":"<script> [276 bytes]","args":["No pricing information was found"]}
COMMAND: POST /session/0a21173b3be6d373b06b4981c33974fb/element - {"using":"xpath","value":"//bdi[contains(text(), \"OK\")]"}
COMMAND: GET /session/0a21173b3be6d373b06b4981c33974fb/screenshot - {}
RESULT: {"using":"xpath","value":"//bdi[contains(text(), \"OK\")]"}
COMMAND: POST /session/0a21173b3be6d373b06b4981c33974fb/element/f.287C3A1B972D9005034ACA046358B519.d.995FCA81C7010203EDC945AEE636B5F5.e.4759/click - {}
RESULT: {}
RESULT: {}
COMMAND: GET /session/0a21173b3be6d373b06b4981c33974fb/screenshot - {}
RESULT: {}
COMMAND: POST /session/0a21173b3be6d373b06b4981c33974fb/element - {"using":"xpath","value":"//td[19]/div/div/input"}
RESULT: {"using":"xpath","value":"//td[19]/div/div/input"}
COMMAND: POST /session/0a21173b3be6d373b06b4981c33974fb/element/f.287C3A1B972D9005034ACA046358B519.d.995FCA81C7010203EDC945AEE636B5F5.e.4756/clear - {}
RESULT: {}
COMMAND: POST /session/0a21173b3be6d373b06b4981c33974fb/element/f.287C3A1B972D9005034ACA046358B519.d.995FCA81C7010203EDC945AEE636B5F5.e.4756/value - {"text":"05/04/25"}
COMMAND: GET /session/0a21173b3be6d373b06b4981c33974fb/screenshot - {}
RESULT: {"text":"05/04/25"}
COMMAND: GET /session/0a21173b3be6d373b06b4981c33974fb/screenshot - {}
RESULT: {}
RESULT: {}
COMMAND: POST /session/0a21173b3be6d373b06b4981c33974fb/element - {"using":"xpath","value":"(//button[@data-kt=\"saveButton\"])[2]"}
RESULT: {"using":"xpath","value":"(//button[@data-kt=\"saveButton\"])[2]"}
COMMAND: POST /session/0a21173b3be6d373b06b4981c33974fb/element/f.287C3A1B972D9005034ACA046358B519.d.995FCA81C7010203EDC945AEE636B5F5.e.4761/click - {}
RESULT: {}
COMMAND: GET /session/0a21173b3be6d373b06b4981c33974fb/screenshot - {}
RESULT: {}
COMMAND: POST /session/0a21173b3be6d373b06b4981c33974fb/execute/sync - {"script":"<script> [276 bytes]","args":["Some contract items are having rental validity exceeding header rental validity"]}
RESULT: {"script":"<script> [276 bytes]","args":["Some contract items are having rental validity exceeding header rental validity"]}
COMMAND: POST /session/0a21173b3be6d373b06b4981c33974fb/element - {"using":"xpath","value":"//bdi[contains(text(), \"OK\")]"}
COMMAND: GET /session/0a21173b3be6d373b06b4981c33974fb/screenshot - {}
RESULT: {"using":"xpath","value":"//bdi[contains(text(), \"OK\")]"}
COMMAND: POST /session/0a21173b3be6d373b06b4981c33974fb/element/f.287C3A1B972D9005034ACA046358B519.d.995FCA81C7010203EDC945AEE636B5F5.e.4764/click - {}
RESULT: {}
RESULT: {}
COMMAND: GET /session/0a21173b3be6d373b06b4981c33974fb/screenshot - {}
RESULT: {}
COMMAND: POST /session/0a21173b3be6d373b06b4981c33974fb/element - {"using":"xpath","value":"//span[contains(@id ,\"contractItemsSmartTable-header-inner\")]"}
RESULT: {"using":"xpath","value":"//span[contains(@id ,\"contractItemsSmartTable-header-inner\")]"}
COMMAND: POST /session/0a21173b3be6d373b06b4981c33974fb/elements - {"using":"xpath","value":"//span[contains(@id ,\"contractItemsSmartTable-header-inner\")]"}
RESULT: {"using":"xpath","value":"//span[contains(@id ,\"contractItemsSmartTable-header-inner\")]"}
COMMAND: POST /session/0a21173b3be6d373b06b4981c33974fb/execute/sync - {"script":"<script> [56 bytes]","args":[{"element-6066-11e4-a52e-4f735466cecf":"f.287C3A1B972D9005034ACA046358B519.d.995FCA81C7010203EDC945AEE636B5F5.e.4771","ELEMENT":"f.287C3A1B972D9005034ACA046358B519.d.995FCA81C7010203EDC945AEE636B5F5.e.4771"}]}
RESULT: {"script":"<script> [56 bytes]","args":[{"element-6066-11e4-a52e-4f735466cecf":"f.287C3A1B972D9005034ACA046358B519.d.995FCA81C7010203EDC945AEE636B5F5.e.4771","ELEMENT":"f.287C3A1B972D9005034ACA046358B519.d.995FCA81C7010203EDC945AEE636B5F5.e.4771"}]}
COMMAND: GET /session/0a21173b3be6d373b06b4981c33974fb/screenshot - {}
]]></system-out>
    </testcase>
    <testcase classname="chrome.135_0_7049_115.windows.Tests_for_Mass_State_Change_on_Manage_States_&amp;_Performances_US104416_US" name="Prereq Should do a provide to site handover for today" time="66.265">
      <system-out><![CDATA[
COMMAND: POST /session/0a21173b3be6d373b06b4981c33974fb/element - {"using":"xpath","value":"//button[@data-kt=\"provideButton\"]"}
RESULT: {"using":"xpath","value":"//button[@data-kt=\"provideButton\"]"}
COMMAND: POST /session/0a21173b3be6d373b06b4981c33974fb/element/f.287C3A1B972D9005034ACA046358B519.d.995FCA81C7010203EDC945AEE636B5F5.e.4772/click - {}
RESULT: {}
RESULT: {}
COMMAND: GET /session/0a21173b3be6d373b06b4981c33974fb/screenshot - {}
RESULT: undefined
COMMAND: POST /session/0a21173b3be6d373b06b4981c33974fb/execute/async - {"script":"<script> [6424 bytes]","args":[{"element-6066-11e4-a52e-4f735466cecf":"f.287C3A1B972D9005034ACA046358B519.d.995FCA81C7010203EDC945AEE636B5F5.e.3664"},"setValue",["05/06/2025"]]}
RESULT: {}
COMMAND: POST /session/0a21173b3be6d373b06b4981c33974fb/execute/async - {"script":"<script> [1562 bytes]","args":[{"selector":{"id":"application-managehandovers-display-component---AddNewHO--dueDate","interaction":{"idSuffix":"inner"}},"wdio_ui5_key":"applicationmanagehandovers-display-component---AddNewHO--dueDate"}]}
RESULT: {"script":"<script> [1562 bytes]","args":[{"selector":{"id":"application-managehandovers-display-component---AddNewHO--dueDate","interaction":{"idSuffix":"inner"}},"wdio_ui5_key":"applicationmanagehandovers-display-component---AddNewHO--dueDate"}]}
COMMAND: POST /session/0a21173b3be6d373b06b4981c33974fb/execute/async - {"script":"<script> [6424 bytes]","args":[{"element-6066-11e4-a52e-4f735466cecf":"f.287C3A1B972D9005034ACA046358B519.d.995FCA81C7010203EDC945AEE636B5F5.e.4849"},"setValue",["05/06/2025"]]}
RESULT: {"script":"<script> [6424 bytes]","args":[{"element-6066-11e4-a52e-4f735466cecf":"f.287C3A1B972D9005034ACA046358B519.d.995FCA81C7010203EDC945AEE636B5F5.e.4849"},"setValue",["05/06/2025"]]}
COMMAND: POST /session/0a21173b3be6d373b06b4981c33974fb/element - {"using":"xpath","value":"//bdi[contains(text(), \"Instructions\")]"}
RESULT: {"using":"xpath","value":"//bdi[contains(text(), \"Instructions\")]"}
COMMAND: POST /session/0a21173b3be6d373b06b4981c33974fb/element/f.287C3A1B972D9005034ACA046358B519.d.995FCA81C7010203EDC945AEE636B5F5.e.5094/click - {}
RESULT: {}
COMMAND: GET /session/0a21173b3be6d373b06b4981c33974fb/screenshot - {}
RESULT: {}
COMMAND: POST /session/0a21173b3be6d373b06b4981c33974fb/element - {"using":"xpath","value":"//button[@data-kt=\"AddNewHOProvideAddItemsButton\"]"}
RESULT: {"using":"xpath","value":"//button[@data-kt=\"AddNewHOProvideAddItemsButton\"]"}
COMMAND: POST /session/0a21173b3be6d373b06b4981c33974fb/element/f.287C3A1B972D9005034ACA046358B519.d.995FCA81C7010203EDC945AEE636B5F5.e.5098/click - {}
RESULT: {}
COMMAND: GET /session/0a21173b3be6d373b06b4981c33974fb/screenshot - {}
RESULT: {}
RESULT: undefined
COMMAND: POST /session/0a21173b3be6d373b06b4981c33974fb/element - {"using":"xpath","value":"//*[@id=\"application-managehandovers-display-component---AddNewHO--popup-sa\"]"}
RESULT: {"using":"xpath","value":"//*[@id=\"application-managehandovers-display-component---AddNewHO--popup-sa\"]"}
COMMAND: POST /session/0a21173b3be6d373b06b4981c33974fb/element/f.287C3A1B972D9005034ACA046358B519.d.995FCA81C7010203EDC945AEE636B5F5.e.5114/click - {}
RESULT: {}
COMMAND: GET /session/0a21173b3be6d373b06b4981c33974fb/screenshot - {}
RESULT: {}
COMMAND: POST /session/0a21173b3be6d373b06b4981c33974fb/element - {"using":"xpath","value":"//*[contains(@id ,\"BDI-content\")][contains(text(), \"Select\")]"}
RESULT: {"using":"xpath","value":"//*[contains(@id ,\"BDI-content\")][contains(text(), \"Select\")]"}
COMMAND: POST /session/0a21173b3be6d373b06b4981c33974fb/element/f.287C3A1B972D9005034ACA046358B519.d.995FCA81C7010203EDC945AEE636B5F5.e.5115/click - {}
RESULT: {}
COMMAND: GET /session/0a21173b3be6d373b06b4981c33974fb/screenshot - {}
RESULT: {}
COMMAND: POST /session/0a21173b3be6d373b06b4981c33974fb/execute/async - {"script":"<script> [1562 bytes]","args":[{"selector":{"id":"application-managehandovers-display-component---AddNewHO--confirmCreationButton","interaction":{"idSuffix":"BDI-content"}},"wdio_ui5_key":"applicationmanagehandovers-display-component---AddNewHO--confirmCreationButton"}]}
RESULT: {"script":"<script> [1562 bytes]","args":[{"selector":{"id":"application-managehandovers-display-component---AddNewHO--confirmCreationButton","interaction":{"idSuffix":"BDI-content"}},"wdio_ui5_key":"applicationmanagehandovers-display-component---AddNewHO--confirmCreationButton"}]}
RESULT: undefined
COMMAND: POST /session/0a21173b3be6d373b06b4981c33974fb/element - {"using":"xpath","value":"//*[@id=\"application-managehandovers-display-component---AddNewHO--confirmCreationButton\"]"}
RESULT: {"using":"xpath","value":"//*[@id=\"application-managehandovers-display-component---AddNewHO--confirmCreationButton\"]"}
COMMAND: POST /session/0a21173b3be6d373b06b4981c33974fb/element/f.287C3A1B972D9005034ACA046358B519.d.995FCA81C7010203EDC945AEE636B5F5.e.4896/click - {}
RESULT: {}
COMMAND: GET /session/0a21173b3be6d373b06b4981c33974fb/screenshot - {}
RESULT: {}
COMMAND: POST /session/0a21173b3be6d373b06b4981c33974fb/element - {"using":"xpath","value":"//button[@data-kt=\"PickingTableConfirmAllButton\"]"}
RESULT: {"using":"xpath","value":"//button[@data-kt=\"PickingTableConfirmAllButton\"]"}
COMMAND: POST /session/0a21173b3be6d373b06b4981c33974fb/elements - {"using":"xpath","value":"//button[@data-kt=\"PickingTableConfirmAllButton\"]"}
RESULT: {"using":"xpath","value":"//button[@data-kt=\"PickingTableConfirmAllButton\"]"}
COMMAND: POST /session/0a21173b3be6d373b06b4981c33974fb/elements - {"using":"xpath","value":"//button[@data-kt=\"PickingTableConfirmAllButton\"]"}
RESULT: {"using":"xpath","value":"//button[@data-kt=\"PickingTableConfirmAllButton\"]"}
COMMAND: POST /session/0a21173b3be6d373b06b4981c33974fb/element - {"using":"xpath","value":"//button[@data-kt=\"PickingTableConfirmAllButton\"]"}
RESULT: {"using":"xpath","value":"//button[@data-kt=\"PickingTableConfirmAllButton\"]"}
COMMAND: POST /session/0a21173b3be6d373b06b4981c33974fb/element/f.287C3A1B972D9005034ACA046358B519.d.995FCA81C7010203EDC945AEE636B5F5.e.5154/click - {}
COMMAND: POST /session/0a21173b3be6d373b06b4981c33974fb/element - {"using":"xpath","value":"//button[@data-kt=\"PickingTableConfirmAllButton\"]"}
RESULT: {"using":"xpath","value":"//button[@data-kt=\"PickingTableConfirmAllButton\"]"}
COMMAND: POST /session/0a21173b3be6d373b06b4981c33974fb/element/f.287C3A1B972D9005034ACA046358B519.d.995FCA81C7010203EDC945AEE636B5F5.e.5154/click - {}
COMMAND: POST /session/0a21173b3be6d373b06b4981c33974fb/element - {"using":"xpath","value":"//button[@data-kt=\"PickingTableConfirmAllButton\"]"}
RESULT: {"using":"xpath","value":"//button[@data-kt=\"PickingTableConfirmAllButton\"]"}
COMMAND: POST /session/0a21173b3be6d373b06b4981c33974fb/element/f.287C3A1B972D9005034ACA046358B519.d.995FCA81C7010203EDC945AEE636B5F5.e.5174/click - {}
RESULT: {}
COMMAND: GET /session/0a21173b3be6d373b06b4981c33974fb/screenshot - {}
RESULT: {}
COMMAND: POST /session/0a21173b3be6d373b06b4981c33974fb/element - {"using":"xpath","value":"//bdi[contains(text(), \"OK\")]"}
RESULT: {"using":"xpath","value":"//bdi[contains(text(), \"OK\")]"}
COMMAND: POST /session/0a21173b3be6d373b06b4981c33974fb/element/f.287C3A1B972D9005034ACA046358B519.d.995FCA81C7010203EDC945AEE636B5F5.e.5176/click - {}
RESULT: {}
COMMAND: GET /session/0a21173b3be6d373b06b4981c33974fb/screenshot - {}
RESULT: {}
COMMAND: POST /session/0a21173b3be6d373b06b4981c33974fb/element - {"using":"xpath","value":"//bdi[contains(text(), \"Issue\")]"}
RESULT: {"using":"xpath","value":"//bdi[contains(text(), \"Issue\")]"}
COMMAND: POST /session/0a21173b3be6d373b06b4981c33974fb/element/f.287C3A1B972D9005034ACA046358B519.d.995FCA81C7010203EDC945AEE636B5F5.e.5179/click - {}
RESULT: {}
COMMAND: GET /session/0a21173b3be6d373b06b4981c33974fb/screenshot - {}
RESULT: {}
COMMAND: POST /session/0a21173b3be6d373b06b4981c33974fb/element - {"using":"css selector","value":"#shell-header-logo"}
RESULT: {"using":"css selector","value":"#shell-header-logo"}
COMMAND: POST /session/0a21173b3be6d373b06b4981c33974fb/element/f.287C3A1B972D9005034ACA046358B519.d.995FCA81C7010203EDC945AEE636B5F5.e.4078/click - {}
RESULT: {}
COMMAND: GET /session/0a21173b3be6d373b06b4981c33974fb/screenshot - {}
RESULT: {}
]]></system-out>
    </testcase>
    <testcase classname="chrome.135_0_7049_115.windows.Tests_for_Mass_State_Change_on_Manage_States_&amp;_Performances_US104416_US" name="Should do mass state change on the RU equip multipart 2 days in the future US104416" time="72.228">
      <system-out><![CDATA[
COMMAND: POST /session/0a21173b3be6d373b06b4981c33974fb/execute/async - {"script":"<script> [1562 bytes]","args":[{"selector":{"controlType":"sap.m.GenericTile","properties":{"header":"Manage States & Performance"}},"wdio_ui5_key":"sapm.GenericTile{\"header\":\"Manage States & Performance\"}"}]}
RESULT: {"script":"<script> [1562 bytes]","args":[{"selector":{"controlType":"sap.m.GenericTile","properties":{"header":"Manage States & Performance"}},"wdio_ui5_key":"sapm.GenericTile{\"header\":\"Manage States & Performance\"}"}]}
RESULT: undefined
COMMAND: POST /session/0a21173b3be6d373b06b4981c33974fb/element - {"using":"xpath","value":"//*[@id=\"__tile56\"]"}
RESULT: {"using":"xpath","value":"//*[@id=\"__tile56\"]"}
COMMAND: POST /session/0a21173b3be6d373b06b4981c33974fb/element/f.287C3A1B972D9005034ACA046358B519.d.995FCA81C7010203EDC945AEE636B5F5.e.265/click - {}
RESULT: {}
COMMAND: POST /session/0a21173b3be6d373b06b4981c33974fb/element - {"using":"xpath","value":"//button[contains(@id, \"btnMassStateChange\")]"}
COMMAND: GET /session/0a21173b3be6d373b06b4981c33974fb/screenshot - {}
RESULT: {"using":"xpath","value":"//button[contains(@id, \"btnMassStateChange\")]"}
COMMAND: POST /session/0a21173b3be6d373b06b4981c33974fb/elements - {"using":"xpath","value":"//button[contains(@id, \"btnMassStateChange\")]"}
RESULT: {}
RESULT: {"using":"xpath","value":"//button[contains(@id, \"btnMassStateChange\")]"}
COMMAND: POST /session/0a21173b3be6d373b06b4981c33974fb/elements - {"using":"xpath","value":"//button[contains(@id, \"btnMassStateChange\")]"}
RESULT: {"using":"xpath","value":"//button[contains(@id, \"btnMassStateChange\")]"}
COMMAND: POST /session/0a21173b3be6d373b06b4981c33974fb/elements - {"using":"xpath","value":"//button[contains(@id, \"btnMassStateChange\")]"}
RESULT: {"using":"xpath","value":"//button[contains(@id, \"btnMassStateChange\")]"}
COMMAND: POST /session/0a21173b3be6d373b06b4981c33974fb/elements - {"using":"xpath","value":"//button[contains(@id, \"btnMassStateChange\")]"}
RESULT: {"using":"xpath","value":"//button[contains(@id, \"btnMassStateChange\")]"}
COMMAND: POST /session/0a21173b3be6d373b06b4981c33974fb/elements - {"using":"xpath","value":"//button[contains(@id, \"btnMassStateChange\")]"}
RESULT: {"using":"xpath","value":"//button[contains(@id, \"btnMassStateChange\")]"}
COMMAND: POST /session/0a21173b3be6d373b06b4981c33974fb/element - {"using":"xpath","value":"//button[contains(@id, \"btnMassStateChange\")]"}
RESULT: {"using":"xpath","value":"//button[contains(@id, \"btnMassStateChange\")]"}
COMMAND: POST /session/0a21173b3be6d373b06b4981c33974fb/execute/sync - {"script":"<script> [8489 bytes]","args":[{"element-6066-11e4-a52e-4f735466cecf":"f.287C3A1B972D9005034ACA046358B519.d.995FCA81C7010203EDC945AEE636B5F5.e.5403","ELEMENT":"f.287C3A1B972D9005034ACA046358B519.d.995FCA81C7010203EDC945AEE636B5F5.e.5403"}]}
RESULT: {"script":"<script> [8489 bytes]","args":[{"element-6066-11e4-a52e-4f735466cecf":"f.287C3A1B972D9005034ACA046358B519.d.995FCA81C7010203EDC945AEE636B5F5.e.5403","ELEMENT":"f.287C3A1B972D9005034ACA046358B519.d.995FCA81C7010203EDC945AEE636B5F5.e.5403"}]}
COMMAND: GET /session/0a21173b3be6d373b06b4981c33974fb/element/f.287C3A1B972D9005034ACA046358B519.d.995FCA81C7010203EDC945AEE636B5F5.e.5403/enabled - {}
COMMAND: GET /session/0a21173b3be6d373b06b4981c33974fb/screenshot - {}
RESULT: {}
COMMAND: POST /session/0a21173b3be6d373b06b4981c33974fb/execute/sync - {"script":"<script> [8489 bytes]","args":[{"element-6066-11e4-a52e-4f735466cecf":"f.287C3A1B972D9005034ACA046358B519.d.995FCA81C7010203EDC945AEE636B5F5.e.5403","ELEMENT":"f.287C3A1B972D9005034ACA046358B519.d.995FCA81C7010203EDC945AEE636B5F5.e.5403"}]}
COMMAND: GET /session/0a21173b3be6d373b06b4981c33974fb/screenshot - {}
RESULT: {}
RESULT: {"script":"<script> [8489 bytes]","args":[{"element-6066-11e4-a52e-4f735466cecf":"f.287C3A1B972D9005034ACA046358B519.d.995FCA81C7010203EDC945AEE636B5F5.e.5403","ELEMENT":"f.287C3A1B972D9005034ACA046358B519.d.995FCA81C7010203EDC945AEE636B5F5.e.5403"}]}
COMMAND: POST /session/0a21173b3be6d373b06b4981c33974fb/execute/sync - {"script":"<script> [5351 bytes]","args":[{"element-6066-11e4-a52e-4f735466cecf":"f.287C3A1B972D9005034ACA046358B519.d.995FCA81C7010203EDC945AEE636B5F5.e.5403","ELEMENT":"f.287C3A1B972D9005034ACA046358B519.d.995FCA81C7010203EDC945AEE636B5F5.e.5403"}]}
COMMAND: GET /session/0a21173b3be6d373b06b4981c33974fb/screenshot - {}
RESULT: {}
RESULT: {"script":"<script> [5351 bytes]","args":[{"element-6066-11e4-a52e-4f735466cecf":"f.287C3A1B972D9005034ACA046358B519.d.995FCA81C7010203EDC945AEE636B5F5.e.5403","ELEMENT":"f.287C3A1B972D9005034ACA046358B519.d.995FCA81C7010203EDC945AEE636B5F5.e.5403"}]}
COMMAND: GET /session/0a21173b3be6d373b06b4981c33974fb/screenshot - {}
RESULT: {}
RESULT: {}
COMMAND: POST /session/0a21173b3be6d373b06b4981c33974fb/execute/async - {"script":"<script> [1562 bytes]","args":[{"selector":{"controlType":"sap.ui.core.Icon","viewName":"etm.portal.ui.managestatesandperformance.view.Master","viewId":"application-managestatesandperformance-display-component---stateAndPerform","properties":{"src":{"regex":{"source":"chart\\-table\\-view"}}}},"wdio_ui5_key":"etmportal.ui.managestatesandperformance.view.Mastersap.ui.core.Icon{\"src\":{\"regex\":{\"source\":\"chart\\\\-table\\\\-view\"}}}"}]}
RESULT: {"script":"<script> [1562 bytes]","args":[{"selector":{"controlType":"sap.ui.core.Icon","viewName":"etm.portal.ui.managestatesandperformance.view.Master","viewId":"application-managestatesandperformance-display-component---stateAndPerform","properties":{"src":{"regex":{"source":"chart\\-table\\-view"}}}},"wdio_ui5_key":"etmportal.ui.managestatesandperformance.view.Mastersap.ui.core.Icon{\"src\":{\"regex\":{\"source\":\"chart\\\\-table\\\\-view\"}}}"}]}
RESULT: undefined
COMMAND: POST /session/0a21173b3be6d373b06b4981c33974fb/element - {"using":"xpath","value":"//*[@id=\"__filter61-icon\"]"}
RESULT: {"using":"xpath","value":"//*[@id=\"__filter61-icon\"]"}
COMMAND: POST /session/0a21173b3be6d373b06b4981c33974fb/element/f.287C3A1B972D9005034ACA046358B519.d.995FCA81C7010203EDC945AEE636B5F5.e.5579/click - {}
RESULT: {}
COMMAND: POST /session/0a21173b3be6d373b06b4981c33974fb/element/f.287C3A1B972D9005034ACA046358B519.d.995FCA81C7010203EDC945AEE636B5F5.e.5403/click - {}
COMMAND: GET /session/0a21173b3be6d373b06b4981c33974fb/screenshot - {}
COMMAND: POST /session/0a21173b3be6d373b06b4981c33974fb/element - {"using":"xpath","value":"//button[contains(@id, \"btnMassStateChange\")]"}
RESULT: {}
RESULT: {"using":"xpath","value":"//button[contains(@id, \"btnMassStateChange\")]"}
COMMAND: POST /session/0a21173b3be6d373b06b4981c33974fb/element/f.287C3A1B972D9005034ACA046358B519.d.995FCA81C7010203EDC945AEE636B5F5.e.5403/click - {}
COMMAND: POST /session/0a21173b3be6d373b06b4981c33974fb/element - {"using":"xpath","value":"//button[contains(@id, \"btnMassStateChange\")]"}
RESULT: {"using":"xpath","value":"//button[contains(@id, \"btnMassStateChange\")]"}
COMMAND: POST /session/0a21173b3be6d373b06b4981c33974fb/element/f.287C3A1B972D9005034ACA046358B519.d.995FCA81C7010203EDC945AEE636B5F5.e.5596/click - {}
RESULT: {}
COMMAND: GET /session/0a21173b3be6d373b06b4981c33974fb/screenshot - {}
RESULT: {}
COMMAND: POST /session/0a21173b3be6d373b06b4981c33974fb/execute/async - {"script":"<script> [1562 bytes]","args":[{"selector":{"id":"application-managestatesandperformance-display-component---stateAndPerform--smartFilterBarContracts-btnBasicSearch","interaction":{"idSuffix":"I"}},"wdio_ui5_key":"applicationmanagestatesandperformance-display-component---stateAndPerform--smartFilterBarContracts-btnBasicSearch"}]}
RESULT: {"script":"<script> [1562 bytes]","args":[{"selector":{"id":"application-managestatesandperformance-display-component---stateAndPerform--smartFilterBarContracts-btnBasicSearch","interaction":{"idSuffix":"I"}},"wdio_ui5_key":"applicationmanagestatesandperformance-display-component---stateAndPerform--smartFilterBarContracts-btnBasicSearch"}]}
RESULT: undefined
COMMAND: POST /session/0a21173b3be6d373b06b4981c33974fb/execute/async - {"script":"<script> [776 bytes]","args":[{"enterText":"400042","selector":{"id":"application-managestatesandperformance-display-component---stateAndPerform--smartFilterBarContracts-btnBasicSearch","interaction":{"idSuffix":"I"}},"clearTextFirst":true,"interactionType":"ENTER_TEXT"}]}
RESULT: {"script":"<script> [776 bytes]","args":[{"enterText":"400042","selector":{"id":"application-managestatesandperformance-display-component---stateAndPerform--smartFilterBarContracts-btnBasicSearch","interaction":{"idSuffix":"I"}},"clearTextFirst":true,"interactionType":"ENTER_TEXT"}]}
COMMAND: POST /session/0a21173b3be6d373b06b4981c33974fb/actions - {"actions":[{"id":"action14","type":"key","parameters":{},"actions":[{"type":"keyDown","value":"î€‡"},{"type":"pause","duration":10},{"type":"keyUp","value":"î€‡"}]}]}
RESULT: {"actions":[{"id":"action14","type":"key","parameters":{},"actions":[{"type":"keyDown","value":"î€‡"},{"type":"pause","duration":10},{"type":"keyUp","value":"î€‡"}]}]}
COMMAND: GET /session/0a21173b3be6d373b06b4981c33974fb/screenshot - {}
RESULT: {}
COMMAND: POST /session/0a21173b3be6d373b06b4981c33974fb/element - {"using":"xpath","value":"//span[@id=\"application-managestatesandperformance-display-component---stateAndPerform--stateAndPerformContractItemsSmartTable-header-inner\"]"}
RESULT: {"using":"xpath","value":"//span[@id=\"application-managestatesandperformance-display-component---stateAndPerform--stateAndPerformContractItemsSmartTable-header-inner\"]"}
COMMAND: POST /session/0a21173b3be6d373b06b4981c33974fb/elements - {"using":"xpath","value":"//span[@id=\"application-managestatesandperformance-display-component---stateAndPerform--stateAndPerformContractItemsSmartTable-header-inner\"]"}
RESULT: {"using":"xpath","value":"//span[@id=\"application-managestatesandperformance-display-component---stateAndPerform--stateAndPerformContractItemsSmartTable-header-inner\"]"}
COMMAND: POST /session/0a21173b3be6d373b06b4981c33974fb/execute/sync - {"script":"<script> [56 bytes]","args":[{"element-6066-11e4-a52e-4f735466cecf":"f.287C3A1B972D9005034ACA046358B519.d.995FCA81C7010203EDC945AEE636B5F5.e.5765","ELEMENT":"f.287C3A1B972D9005034ACA046358B519.d.995FCA81C7010203EDC945AEE636B5F5.e.5765"}]}
RESULT: {"script":"<script> [56 bytes]","args":[{"element-6066-11e4-a52e-4f735466cecf":"f.287C3A1B972D9005034ACA046358B519.d.995FCA81C7010203EDC945AEE636B5F5.e.5765","ELEMENT":"f.287C3A1B972D9005034ACA046358B519.d.995FCA81C7010203EDC945AEE636B5F5.e.5765"}]}
COMMAND: POST /session/0a21173b3be6d373b06b4981c33974fb/element - {"using":"xpath","value":"//table[contains(@id, \"stateAndPerform--stateAndPerformContractItemsTable-listUl\")]/tbody/tr[1]/td[2]/div/div"}
COMMAND: GET /session/0a21173b3be6d373b06b4981c33974fb/screenshot - {}
RESULT: {"using":"xpath","value":"//table[contains(@id, \"stateAndPerform--stateAndPerformContractItemsTable-listUl\")]/tbody/tr[1]/td[2]/div/div"}
COMMAND: POST /session/0a21173b3be6d373b06b4981c33974fb/element/f.287C3A1B972D9005034ACA046358B519.d.995FCA81C7010203EDC945AEE636B5F5.e.5766/click - {}
RESULT: {}
RESULT: {}
COMMAND: GET /session/0a21173b3be6d373b06b4981c33974fb/screenshot - {}
RESULT: {}
COMMAND: POST /session/0a21173b3be6d373b06b4981c33974fb/element/f.287C3A1B972D9005034ACA046358B519.d.995FCA81C7010203EDC945AEE636B5F5.e.5596/click - {}
RESULT: {}
COMMAND: GET /session/0a21173b3be6d373b06b4981c33974fb/screenshot - {}
RESULT: {}
COMMAND: POST /session/0a21173b3be6d373b06b4981c33974fb/execute/async - {"script":"<script> [1562 bytes]","args":[{"selector":{"id":"application-managestatesandperformance-display-component---stateAndPerform--ruStateTypes-arrow","searchOpenDialogs":true},"wdio_ui5_key":"applicationmanagestatesandperformance-display-component---stateAndPerform--ruStateTypes-arrow"}]}
RESULT: {"script":"<script> [1562 bytes]","args":[{"selector":{"id":"application-managestatesandperformance-display-component---stateAndPerform--ruStateTypes-arrow","searchOpenDialogs":true},"wdio_ui5_key":"applicationmanagestatesandperformance-display-component---stateAndPerform--ruStateTypes-arrow"}]}
RESULT: undefined
COMMAND: POST /session/0a21173b3be6d373b06b4981c33974fb/element - {"using":"xpath","value":"//*[@id=\"application-managestatesandperformance-display-component---stateAndPerform--ruStateTypes-arrow\"]"}
RESULT: {"using":"xpath","value":"//*[@id=\"application-managestatesandperformance-display-component---stateAndPerform--ruStateTypes-arrow\"]"}
COMMAND: POST /session/0a21173b3be6d373b06b4981c33974fb/element/f.287C3A1B972D9005034ACA046358B519.d.995FCA81C7010203EDC945AEE636B5F5.e.5775/click - {}
RESULT: {}
COMMAND: GET /session/0a21173b3be6d373b06b4981c33974fb/screenshot - {}
RESULT: {}
COMMAND: POST /session/0a21173b3be6d373b06b4981c33974fb/element - {"using":"xpath","value":"//li[.//span[text()=\"defect\"]]"}
RESULT: {"using":"xpath","value":"//li[.//span[text()=\"defect\"]]"}
COMMAND: POST /session/0a21173b3be6d373b06b4981c33974fb/element/f.287C3A1B972D9005034ACA046358B519.d.995FCA81C7010203EDC945AEE636B5F5.e.5776/click - {}
RESULT: {}
COMMAND: GET /session/0a21173b3be6d373b06b4981c33974fb/screenshot - {}
RESULT: {}
COMMAND: POST /session/0a21173b3be6d373b06b4981c33974fb/execute/async - {"script":"<script> [1562 bytes]","args":[{"selector":{"id":"application-managestatesandperformance-display-component---stateAndPerform--effectiveDate","searchOpenDialogs":true,"interaction":{"idSuffix":"inner"}},"wdio_ui5_key":"applicationmanagestatesandperformance-display-component---stateAndPerform--effectiveDate"}]}
RESULT: {"script":"<script> [1562 bytes]","args":[{"selector":{"id":"application-managestatesandperformance-display-component---stateAndPerform--effectiveDate","searchOpenDialogs":true,"interaction":{"idSuffix":"inner"}},"wdio_ui5_key":"applicationmanagestatesandperformance-display-component---stateAndPerform--effectiveDate"}]}
RESULT: undefined
COMMAND: POST /session/0a21173b3be6d373b06b4981c33974fb/execute/async - {"script":"<script> [776 bytes]","args":[{"enterText":"05/09/25","selector":{"id":"application-managestatesandperformance-display-component---stateAndPerform--effectiveDate","searchOpenDialogs":true,"interaction":{"idSuffix":"inner"}},"clearTextFirst":true,"interactionType":"ENTER_TEXT"}]}
RESULT: {"script":"<script> [776 bytes]","args":[{"enterText":"05/09/25","selector":{"id":"application-managestatesandperformance-display-component---stateAndPerform--effectiveDate","searchOpenDialogs":true,"interaction":{"idSuffix":"inner"}},"clearTextFirst":true,"interactionType":"ENTER_TEXT"}]}
COMMAND: POST /session/0a21173b3be6d373b06b4981c33974fb/element - {"using":"xpath","value":"(//bdi[contains(text(), \"OK\")])[1]"}
RESULT: {"using":"xpath","value":"(//bdi[contains(text(), \"OK\")])[1]"}
COMMAND: POST /session/0a21173b3be6d373b06b4981c33974fb/element/f.287C3A1B972D9005034ACA046358B519.d.995FCA81C7010203EDC945AEE636B5F5.e.5779/click - {}
RESULT: {}
COMMAND: GET /session/0a21173b3be6d373b06b4981c33974fb/screenshot - {}
RESULT: {}
COMMAND: POST /session/0a21173b3be6d373b06b4981c33974fb/element - {"using":"xpath","value":"(//bdi[contains(text(), \"OK\")])[2]"}
RESULT: {"using":"xpath","value":"(//bdi[contains(text(), \"OK\")])[2]"}
COMMAND: POST /session/0a21173b3be6d373b06b4981c33974fb/element/f.287C3A1B972D9005034ACA046358B519.d.995FCA81C7010203EDC945AEE636B5F5.e.5784/click - {}
RESULT: {}
COMMAND: GET /session/0a21173b3be6d373b06b4981c33974fb/screenshot - {}
RESULT: {}
COMMAND: POST /session/0a21173b3be6d373b06b4981c33974fb/element - {"using":"css selector","value":"#shell-header-logo"}
RESULT: {"using":"css selector","value":"#shell-header-logo"}
COMMAND: POST /session/0a21173b3be6d373b06b4981c33974fb/element/f.287C3A1B972D9005034ACA046358B519.d.995FCA81C7010203EDC945AEE636B5F5.e.5356/click - {}
RESULT: {}
COMMAND: GET /session/0a21173b3be6d373b06b4981c33974fb/screenshot - {}
RESULT: {}
COMMAND: DELETE /session/0a21173b3be6d373b06b4981c33974fb - {}
RESULT: {}
]]></system-out>
    </testcase>
  </testsuite>
</testsuites>