<?xml version="1.0" encoding="UTF-8"?>
<testsuites tests="9" failures="1" errors="1" skipped="0">
  <testsuite timestamp="2025-05-29T17:56:13" time="650.85" tests="9" failures="1" errors="1" skipped="0">
    <properties>
      <property name="specId" value="0"/>
      <property name="suiteName" value="Address Management Tests US156181 US151165 US151160 US156180 US156178 US151157 US151172 US151170 US151166 US151168"/>
      <property name="capabilities" value="chrome.136_0_7103_93.windows"/>
      <property name="file" value="file:///D:/a/1/s/test/specs/BTS/address-management.spec.js"/>
    </properties>
    <testcase classname="chrome.136_0_7103_93.windows.Address_Management_Tests_US156181_US151165_US151160_US156180_US156178_US151157_US151172_US151170_US151166_US151168" name="Step 1 Will check existence of address created with generated name if none then we create US156181" time="59.729">
      <system-out><![CDATA[
COMMAND: POST /session/560a99258fce64537c5c695db0125fa5/execute/async - {"script":"<script> [1562 bytes]","args":[{"selector":{"controlType":"sap.m.GenericTile","properties":{"header":"Address Management"}},"wdio_ui5_key":"sapm.GenericTile{\"header\":\"Address Management\"}"}]}
RESULT: {"script":"<script> [1562 bytes]","args":[{"selector":{"controlType":"sap.m.GenericTile","properties":{"header":"Address Management"}},"wdio_ui5_key":"sapm.GenericTile{\"header\":\"Address Management\"}"}]}
RESULT: undefined
COMMAND: POST /session/560a99258fce64537c5c695db0125fa5/element - {"using":"xpath","value":"//*[@id=\"__tile33\"]"}
RESULT: {"using":"xpath","value":"//*[@id=\"__tile33\"]"}
COMMAND: POST /session/560a99258fce64537c5c695db0125fa5/element/f.7282C013035C06D49FAEB8971D6FBA80.d.E1D2B53D70A96F1949C2F21804327876.e.206/click - {}
RESULT: {}
COMMAND: GET /session/560a99258fce64537c5c695db0125fa5/screenshot - {}
RESULT: {}
COMMAND: POST /session/560a99258fce64537c5c695db0125fa5/elements - {"using":"xpath","value":"//span[text()='Error']"}
RESULT: {"using":"xpath","value":"//span[text()='Error']"}
COMMAND: POST /session/560a99258fce64537c5c695db0125fa5/element - {"using":"xpath","value":"//button[@data-kt=\"addButton\"]"}
RESULT: {"using":"xpath","value":"//button[@data-kt=\"addButton\"]"}
COMMAND: POST /session/560a99258fce64537c5c695db0125fa5/elements - {"using":"xpath","value":"//button[@data-kt=\"addButton\"]"}
RESULT: {"using":"xpath","value":"//button[@data-kt=\"addButton\"]"}
COMMAND: POST /session/560a99258fce64537c5c695db0125fa5/execute/sync - {"script":"<script> [8489 bytes]","args":[{"element-6066-11e4-a52e-4f735466cecf":"f.7282C013035C06D49FAEB8971D6FBA80.d.E1D2B53D70A96F1949C2F21804327876.e.283","ELEMENT":"f.7282C013035C06D49FAEB8971D6FBA80.d.E1D2B53D70A96F1949C2F21804327876.e.283"}]}
RESULT: {"script":"<script> [8489 bytes]","args":[{"element-6066-11e4-a52e-4f735466cecf":"f.7282C013035C06D49FAEB8971D6FBA80.d.E1D2B53D70A96F1949C2F21804327876.e.283","ELEMENT":"f.7282C013035C06D49FAEB8971D6FBA80.d.E1D2B53D70A96F1949C2F21804327876.e.283"}]}
COMMAND: GET /session/560a99258fce64537c5c695db0125fa5/element/f.7282C013035C06D49FAEB8971D6FBA80.d.E1D2B53D70A96F1949C2F21804327876.e.283/enabled - {}
COMMAND: GET /session/560a99258fce64537c5c695db0125fa5/screenshot - {}
RESULT: {}
COMMAND: POST /session/560a99258fce64537c5c695db0125fa5/execute/sync - {"script":"<script> [8489 bytes]","args":[{"element-6066-11e4-a52e-4f735466cecf":"f.7282C013035C06D49FAEB8971D6FBA80.d.E1D2B53D70A96F1949C2F21804327876.e.283","ELEMENT":"f.7282C013035C06D49FAEB8971D6FBA80.d.E1D2B53D70A96F1949C2F21804327876.e.283"}]}
COMMAND: GET /session/560a99258fce64537c5c695db0125fa5/screenshot - {}
RESULT: {}
RESULT: {}
RESULT: {"script":"<script> [8489 bytes]","args":[{"element-6066-11e4-a52e-4f735466cecf":"f.7282C013035C06D49FAEB8971D6FBA80.d.E1D2B53D70A96F1949C2F21804327876.e.283","ELEMENT":"f.7282C013035C06D49FAEB8971D6FBA80.d.E1D2B53D70A96F1949C2F21804327876.e.283"}]}
COMMAND: POST /session/560a99258fce64537c5c695db0125fa5/execute/sync - {"script":"<script> [5351 bytes]","args":[{"element-6066-11e4-a52e-4f735466cecf":"f.7282C013035C06D49FAEB8971D6FBA80.d.E1D2B53D70A96F1949C2F21804327876.e.283","ELEMENT":"f.7282C013035C06D49FAEB8971D6FBA80.d.E1D2B53D70A96F1949C2F21804327876.e.283"}]}
COMMAND: GET /session/560a99258fce64537c5c695db0125fa5/screenshot - {}
RESULT: {"script":"<script> [5351 bytes]","args":[{"element-6066-11e4-a52e-4f735466cecf":"f.7282C013035C06D49FAEB8971D6FBA80.d.E1D2B53D70A96F1949C2F21804327876.e.283","ELEMENT":"f.7282C013035C06D49FAEB8971D6FBA80.d.E1D2B53D70A96F1949C2F21804327876.e.283"}]}
COMMAND: GET /session/560a99258fce64537c5c695db0125fa5/screenshot - {}
RESULT: {}
RESULT: {}
COMMAND: POST /session/560a99258fce64537c5c695db0125fa5/execute/async - {"script":"<script> [1562 bytes]","args":[{"selector":{"id":"application-addressmanagement-display-component---masterAdm--smartFilterBar-btnBasicSearch","interaction":{"idSuffix":"I"}},"wdio_ui5_key":"applicationaddressmanagement-display-component---masterAdm--smartFilterBar-btnBasicSearch"}]}
RESULT: {"script":"<script> [1562 bytes]","args":[{"selector":{"id":"application-addressmanagement-display-component---masterAdm--smartFilterBar-btnBasicSearch","interaction":{"idSuffix":"I"}},"wdio_ui5_key":"applicationaddressmanagement-display-component---masterAdm--smartFilterBar-btnBasicSearch"}]}
RESULT: undefined
COMMAND: POST /session/560a99258fce64537c5c695db0125fa5/execute/async - {"script":"<script> [776 bytes]","args":[{"enterText":"5o8BxAkdfj","selector":{"id":"application-addressmanagement-display-component---masterAdm--smartFilterBar-btnBasicSearch","interaction":{"idSuffix":"I"}},"clearTextFirst":true,"interactionType":"ENTER_TEXT"}]}
RESULT: {"script":"<script> [776 bytes]","args":[{"enterText":"5o8BxAkdfj","selector":{"id":"application-addressmanagement-display-component---masterAdm--smartFilterBar-btnBasicSearch","interaction":{"idSuffix":"I"}},"clearTextFirst":true,"interactionType":"ENTER_TEXT"}]}
COMMAND: POST /session/560a99258fce64537c5c695db0125fa5/actions - {"actions":[{"id":"action1","type":"key","parameters":{},"actions":[{"type":"keyDown","value":""},{"type":"pause","duration":10},{"type":"keyUp","value":""}]}]}
RESULT: {"actions":[{"id":"action1","type":"key","parameters":{},"actions":[{"type":"keyDown","value":""},{"type":"pause","duration":10},{"type":"keyUp","value":""}]}]}
COMMAND: GET /session/560a99258fce64537c5c695db0125fa5/screenshot - {}
RESULT: {}
COMMAND: POST /session/560a99258fce64537c5c695db0125fa5/elements - {"using":"xpath","value":"//table[contains(@id, \"customPersonsAddressesTable-listUl\")]/tbody/tr"}
RESULT: {"using":"xpath","value":"//table[contains(@id, \"customPersonsAddressesTable-listUl\")]/tbody/tr"}
COMMAND: POST /session/560a99258fce64537c5c695db0125fa5/element - {"using":"xpath","value":"//table[contains(@id, \"customPersonsAddressesTable-listUl\")]/tbody/tr[1]/td[5]/span/span"}
RESULT: {"using":"xpath","value":"//table[contains(@id, \"customPersonsAddressesTable-listUl\")]/tbody/tr[1]/td[5]/span/span"}
COMMAND: POST /session/560a99258fce64537c5c695db0125fa5/element - {"using":"xpath","value":"//table[contains(@id, \"customPersonsAddressesTable-listUl\")]/tbody/tr[1]/td[3]/span"}
RESULT: {"using":"xpath","value":"//table[contains(@id, \"customPersonsAddressesTable-listUl\")]/tbody/tr[1]/td[3]/span"}
COMMAND: POST /session/560a99258fce64537c5c695db0125fa5/elements - {"using":"xpath","value":"//table[contains(@id, \"customPersonsAddressesTable-listUl\")]/tbody/tr[1]/td[5]/span/span"}
RESULT: {"using":"xpath","value":"//table[contains(@id, \"customPersonsAddressesTable-listUl\")]/tbody/tr[1]/td[5]/span/span"}
COMMAND: POST /session/560a99258fce64537c5c695db0125fa5/element - {"using":"xpath","value":"//span[@id=\"application-addressmanagement-display-component---masterAdm--smartTable-header-inner\"]"}
RESULT: {"using":"xpath","value":"//span[@id=\"application-addressmanagement-display-component---masterAdm--smartTable-header-inner\"]"}
COMMAND: POST /session/560a99258fce64537c5c695db0125fa5/elements - {"using":"xpath","value":"//span[@id=\"application-addressmanagement-display-component---masterAdm--smartTable-header-inner\"]"}
RESULT: {"using":"xpath","value":"//span[@id=\"application-addressmanagement-display-component---masterAdm--smartTable-header-inner\"]"}
COMMAND: POST /session/560a99258fce64537c5c695db0125fa5/execute/sync - {"script":"<script> [56 bytes]","args":[{"element-6066-11e4-a52e-4f735466cecf":"f.7282C013035C06D49FAEB8971D6FBA80.d.E1D2B53D70A96F1949C2F21804327876.e.425","ELEMENT":"f.7282C013035C06D49FAEB8971D6FBA80.d.E1D2B53D70A96F1949C2F21804327876.e.425"}]}
RESULT: {"script":"<script> [56 bytes]","args":[{"element-6066-11e4-a52e-4f735466cecf":"f.7282C013035C06D49FAEB8971D6FBA80.d.E1D2B53D70A96F1949C2F21804327876.e.425","ELEMENT":"f.7282C013035C06D49FAEB8971D6FBA80.d.E1D2B53D70A96F1949C2F21804327876.e.425"}]}
COMMAND: POST /session/560a99258fce64537c5c695db0125fa5/element - {"using":"xpath","value":"//button[@data-kt=\"addButton\"]"}
COMMAND: GET /session/560a99258fce64537c5c695db0125fa5/screenshot - {}
RESULT: {"using":"xpath","value":"//button[@data-kt=\"addButton\"]"}
COMMAND: POST /session/560a99258fce64537c5c695db0125fa5/element/f.7282C013035C06D49FAEB8971D6FBA80.d.E1D2B53D70A96F1949C2F21804327876.e.283/click - {}
RESULT: {}
RESULT: {}
COMMAND: GET /session/560a99258fce64537c5c695db0125fa5/screenshot - {}
RESULT: {}
COMMAND: POST /session/560a99258fce64537c5c695db0125fa5/execute/async - {"script":"<script> [1562 bytes]","args":[{"selector":{"controlType":"sap.ui.core.Icon","viewName":"etm.portal.ui.addressmanagement.view.NewAddress","properties":{"src":{"regex":{"source":"slim\\-arrow\\-down"}}},"ancestor":{"id":"addressTitle","viewName":"etm.portal.ui.addressmanagement.view.NewAddress"}},"wdio_ui5_key":"etmportal.ui.addressmanagement.view.NewAddresssap.ui.core.Icon{\"src\":{\"regex\":{\"source\":\"slim\\\\-arrow\\\\-down\"}}}{\"id\":\"addressTitle\",\"viewName\":\"etm.portal.ui.addressmanagement.view.NewAddress\"}"}]}
RESULT: {"script":"<script> [1562 bytes]","args":[{"selector":{"controlType":"sap.ui.core.Icon","viewName":"etm.portal.ui.addressmanagement.view.NewAddress","properties":{"src":{"regex":{"source":"slim\\-arrow\\-down"}}},"ancestor":{"id":"addressTitle","viewName":"etm.portal.ui.addressmanagement.view.NewAddress"}},"wdio_ui5_key":"etmportal.ui.addressmanagement.view.NewAddresssap.ui.core.Icon{\"src\":{\"regex\":{\"source\":\"slim\\\\-arrow\\\\-down\"}}}{\"id\":\"addressTitle\",\"viewName\":\"etm.portal.ui.addressmanagement.view.NewAddress\"}"}]}
RESULT: undefined
COMMAND: POST /session/560a99258fce64537c5c695db0125fa5/element - {"using":"xpath","value":"//*[@id=\"__xmlview58--addressTitle-arrow\"]"}
RESULT: {"using":"xpath","value":"//*[@id=\"__xmlview58--addressTitle-arrow\"]"}
COMMAND: POST /session/560a99258fce64537c5c695db0125fa5/element/f.7282C013035C06D49FAEB8971D6FBA80.d.E1D2B53D70A96F1949C2F21804327876.e.561/click - {}
RESULT: {}
COMMAND: GET /session/560a99258fce64537c5c695db0125fa5/screenshot - {}
RESULT: {}
COMMAND: POST /session/560a99258fce64537c5c695db0125fa5/element - {"using":"xpath","value":"//li[.//span[text()=\"Dr.\"]]"}
RESULT: {"using":"xpath","value":"//li[.//span[text()=\"Dr.\"]]"}
COMMAND: POST /session/560a99258fce64537c5c695db0125fa5/element/f.7282C013035C06D49FAEB8971D6FBA80.d.E1D2B53D70A96F1949C2F21804327876.e.562/click - {}
RESULT: {}
COMMAND: POST /session/560a99258fce64537c5c695db0125fa5/execute/async - {"script":"<script> [1562 bytes]","args":[{"selector":{"controlType":"sap.ui.core.Icon","viewName":"etm.portal.ui.addressmanagement.view.NewAddress","properties":{"src":{"regex":{"source":"slim\\-arrow\\-down"}}},"ancestor":{"id":"addressDetailDetailsLanguage","viewName":"etm.portal.ui.addressmanagement.view.NewAddress"}},"wdio_ui5_key":"etmportal.ui.addressmanagement.view.NewAddresssap.ui.core.Icon{\"src\":{\"regex\":{\"source\":\"slim\\\\-arrow\\\\-down\"}}}{\"id\":\"addressDetailDetailsLanguage\",\"viewName\":\"etm.portal.ui.addressmanagement.view.NewAddress\"}"}]}
COMMAND: GET /session/560a99258fce64537c5c695db0125fa5/screenshot - {}
RESULT: {"script":"<script> [1562 bytes]","args":[{"selector":{"controlType":"sap.ui.core.Icon","viewName":"etm.portal.ui.addressmanagement.view.NewAddress","properties":{"src":{"regex":{"source":"slim\\-arrow\\-down"}}},"ancestor":{"id":"addressDetailDetailsLanguage","viewName":"etm.portal.ui.addressmanagement.view.NewAddress"}},"wdio_ui5_key":"etmportal.ui.addressmanagement.view.NewAddresssap.ui.core.Icon{\"src\":{\"regex\":{\"source\":\"slim\\\\-arrow\\\\-down\"}}}{\"id\":\"addressDetailDetailsLanguage\",\"viewName\":\"etm.portal.ui.addressmanagement.view.NewAddress\"}"}]}
RESULT: undefined
COMMAND: POST /session/560a99258fce64537c5c695db0125fa5/element - {"using":"xpath","value":"//*[@id=\"__xmlview58--addressDetailDetailsLanguage-arrow\"]"}
RESULT: {}
RESULT: {"using":"xpath","value":"//*[@id=\"__xmlview58--addressDetailDetailsLanguage-arrow\"]"}
COMMAND: POST /session/560a99258fce64537c5c695db0125fa5/element/f.7282C013035C06D49FAEB8971D6FBA80.d.E1D2B53D70A96F1949C2F21804327876.e.464/click - {}
RESULT: {}
COMMAND: GET /session/560a99258fce64537c5c695db0125fa5/screenshot - {}
RESULT: {}
COMMAND: POST /session/560a99258fce64537c5c695db0125fa5/element - {"using":"xpath","value":"//span[contains(text(), \"English\")]"}
RESULT: {"using":"xpath","value":"//span[contains(text(), \"English\")]"}
COMMAND: POST /session/560a99258fce64537c5c695db0125fa5/element/f.7282C013035C06D49FAEB8971D6FBA80.d.E1D2B53D70A96F1949C2F21804327876.e.563/click - {}
RESULT: {}
COMMAND: POST /session/560a99258fce64537c5c695db0125fa5/execute/async - {"script":"<script> [1562 bytes]","args":[{"selector":{"controlType":"sap.m.Input","viewName":"etm.portal.ui.addressmanagement.view.NewAddress","labelFor":{"text":"Name"},"interaction":{"idSuffix":"inner"}},"wdio_ui5_key":"etmportal.ui.addressmanagement.view.NewAddresssap.m.Input{\"text\":\"Name\"}"}]}
COMMAND: GET /session/560a99258fce64537c5c695db0125fa5/screenshot - {}
RESULT: {"script":"<script> [1562 bytes]","args":[{"selector":{"controlType":"sap.m.Input","viewName":"etm.portal.ui.addressmanagement.view.NewAddress","labelFor":{"text":"Name"},"interaction":{"idSuffix":"inner"}},"wdio_ui5_key":"etmportal.ui.addressmanagement.view.NewAddresssap.m.Input{\"text\":\"Name\"}"}]}
RESULT: undefined
COMMAND: POST /session/560a99258fce64537c5c695db0125fa5/execute/async - {"script":"<script> [776 bytes]","args":[{"enterText":"5o8BxAkdfj","selector":{"controlType":"sap.m.Input","viewName":"etm.portal.ui.addressmanagement.view.NewAddress","labelFor":{"text":"Name"},"interaction":{"idSuffix":"inner"}},"clearTextFirst":true,"interactionType":"ENTER_TEXT"}]}
RESULT: {}
RESULT: {"script":"<script> [776 bytes]","args":[{"enterText":"5o8BxAkdfj","selector":{"controlType":"sap.m.Input","viewName":"etm.portal.ui.addressmanagement.view.NewAddress","labelFor":{"text":"Name"},"interaction":{"idSuffix":"inner"}},"clearTextFirst":true,"interactionType":"ENTER_TEXT"}]}
COMMAND: POST /session/560a99258fce64537c5c695db0125fa5/element - {"using":"xpath","value":"//button[@title=\"Save\"]"}
RESULT: {"using":"xpath","value":"//button[@title=\"Save\"]"}
COMMAND: POST /session/560a99258fce64537c5c695db0125fa5/element/f.7282C013035C06D49FAEB8971D6FBA80.d.E1D2B53D70A96F1949C2F21804327876.e.550/click - {}
RESULT: {}
COMMAND: GET /session/560a99258fce64537c5c695db0125fa5/screenshot - {}
RESULT: {}
COMMAND: POST /session/560a99258fce64537c5c695db0125fa5/element - {"using":"xpath","value":"//header[contains(@id, \"application-addressmanagement-display-component---detailAdm--ObjectPageLayout-headerTitle\")]/div[1]/div[3]/div[2]/span"}
RESULT: {"using":"xpath","value":"//header[contains(@id, \"application-addressmanagement-display-component---detailAdm--ObjectPageLayout-headerTitle\")]/div[1]/div[3]/div[2]/span"}
COMMAND: POST /session/560a99258fce64537c5c695db0125fa5/elements - {"using":"xpath","value":"//header[contains(@id, \"application-addressmanagement-display-component---detailAdm--ObjectPageLayout-headerTitle\")]/div[1]/div[3]/div[2]/span"}
RESULT: {"using":"xpath","value":"//header[contains(@id, \"application-addressmanagement-display-component---detailAdm--ObjectPageLayout-headerTitle\")]/div[1]/div[3]/div[2]/span"}
COMMAND: POST /session/560a99258fce64537c5c695db0125fa5/execute/sync - {"script":"<script> [56 bytes]","args":[{"element-6066-11e4-a52e-4f735466cecf":"f.7282C013035C06D49FAEB8971D6FBA80.d.E1D2B53D70A96F1949C2F21804327876.e.585","ELEMENT":"f.7282C013035C06D49FAEB8971D6FBA80.d.E1D2B53D70A96F1949C2F21804327876.e.585"}]}
RESULT: {"script":"<script> [56 bytes]","args":[{"element-6066-11e4-a52e-4f735466cecf":"f.7282C013035C06D49FAEB8971D6FBA80.d.E1D2B53D70A96F1949C2F21804327876.e.585","ELEMENT":"f.7282C013035C06D49FAEB8971D6FBA80.d.E1D2B53D70A96F1949C2F21804327876.e.585"}]}
COMMAND: GET /session/560a99258fce64537c5c695db0125fa5/screenshot - {}
RESULT: {}
COMMAND: POST /session/560a99258fce64537c5c695db0125fa5/element - {"using":"css selector","value":"#shell-header-logo"}
RESULT: {"using":"css selector","value":"#shell-header-logo"}
COMMAND: POST /session/560a99258fce64537c5c695db0125fa5/element/f.7282C013035C06D49FAEB8971D6FBA80.d.E1D2B53D70A96F1949C2F21804327876.e.246/click - {}
RESULT: {}
COMMAND: GET /session/560a99258fce64537c5c695db0125fa5/screenshot - {}
RESULT: {}
]]></system-out>
    </testcase>
    <testcase classname="chrome.136_0_7103_93.windows.Address_Management_Tests_US156181_US151165_US151160_US156180_US156178_US151157_US151172_US151170_US151166_US151168" name="Step 2 Should deactivate the created address in earlier step US151165" time="39.858">
      <system-out><![CDATA[
RESULT: undefined
COMMAND: POST /session/560a99258fce64537c5c695db0125fa5/element - {"using":"xpath","value":"//*[@id=\"__tile33\"]"}
RESULT: {"using":"xpath","value":"//*[@id=\"__tile33\"]"}
COMMAND: POST /session/560a99258fce64537c5c695db0125fa5/element/f.7282C013035C06D49FAEB8971D6FBA80.d.E1D2B53D70A96F1949C2F21804327876.e.206/click - {}
RESULT: {}
COMMAND: GET /session/560a99258fce64537c5c695db0125fa5/screenshot - {}
RESULT: {}
COMMAND: POST /session/560a99258fce64537c5c695db0125fa5/elements - {"using":"xpath","value":"//span[text()='Error']"}
RESULT: {"using":"xpath","value":"//span[text()='Error']"}
COMMAND: POST /session/560a99258fce64537c5c695db0125fa5/element - {"using":"xpath","value":"//button[@data-kt=\"addButton\"]"}
RESULT: {"using":"xpath","value":"//button[@data-kt=\"addButton\"]"}
COMMAND: POST /session/560a99258fce64537c5c695db0125fa5/elements - {"using":"xpath","value":"//button[@data-kt=\"addButton\"]"}
RESULT: {"using":"xpath","value":"//button[@data-kt=\"addButton\"]"}
COMMAND: POST /session/560a99258fce64537c5c695db0125fa5/execute/sync - {"script":"<script> [8489 bytes]","args":[{"element-6066-11e4-a52e-4f735466cecf":"f.7282C013035C06D49FAEB8971D6FBA80.d.E1D2B53D70A96F1949C2F21804327876.e.644","ELEMENT":"f.7282C013035C06D49FAEB8971D6FBA80.d.E1D2B53D70A96F1949C2F21804327876.e.644"}]}
RESULT: {"script":"<script> [8489 bytes]","args":[{"element-6066-11e4-a52e-4f735466cecf":"f.7282C013035C06D49FAEB8971D6FBA80.d.E1D2B53D70A96F1949C2F21804327876.e.644","ELEMENT":"f.7282C013035C06D49FAEB8971D6FBA80.d.E1D2B53D70A96F1949C2F21804327876.e.644"}]}
COMMAND: GET /session/560a99258fce64537c5c695db0125fa5/element/f.7282C013035C06D49FAEB8971D6FBA80.d.E1D2B53D70A96F1949C2F21804327876.e.644/enabled - {}
COMMAND: GET /session/560a99258fce64537c5c695db0125fa5/screenshot - {}
RESULT: {}
COMMAND: POST /session/560a99258fce64537c5c695db0125fa5/execute/sync - {"script":"<script> [8489 bytes]","args":[{"element-6066-11e4-a52e-4f735466cecf":"f.7282C013035C06D49FAEB8971D6FBA80.d.E1D2B53D70A96F1949C2F21804327876.e.644","ELEMENT":"f.7282C013035C06D49FAEB8971D6FBA80.d.E1D2B53D70A96F1949C2F21804327876.e.644"}]}
COMMAND: GET /session/560a99258fce64537c5c695db0125fa5/screenshot - {}
RESULT: {}
RESULT: {"script":"<script> [8489 bytes]","args":[{"element-6066-11e4-a52e-4f735466cecf":"f.7282C013035C06D49FAEB8971D6FBA80.d.E1D2B53D70A96F1949C2F21804327876.e.644","ELEMENT":"f.7282C013035C06D49FAEB8971D6FBA80.d.E1D2B53D70A96F1949C2F21804327876.e.644"}]}
COMMAND: POST /session/560a99258fce64537c5c695db0125fa5/execute/sync - {"script":"<script> [5351 bytes]","args":[{"element-6066-11e4-a52e-4f735466cecf":"f.7282C013035C06D49FAEB8971D6FBA80.d.E1D2B53D70A96F1949C2F21804327876.e.644","ELEMENT":"f.7282C013035C06D49FAEB8971D6FBA80.d.E1D2B53D70A96F1949C2F21804327876.e.644"}]}
COMMAND: GET /session/560a99258fce64537c5c695db0125fa5/screenshot - {}
RESULT: {}
RESULT: {"script":"<script> [5351 bytes]","args":[{"element-6066-11e4-a52e-4f735466cecf":"f.7282C013035C06D49FAEB8971D6FBA80.d.E1D2B53D70A96F1949C2F21804327876.e.644","ELEMENT":"f.7282C013035C06D49FAEB8971D6FBA80.d.E1D2B53D70A96F1949C2F21804327876.e.644"}]}
COMMAND: GET /session/560a99258fce64537c5c695db0125fa5/screenshot - {}
RESULT: {}
RESULT: {}
RESULT: undefined
COMMAND: POST /session/560a99258fce64537c5c695db0125fa5/execute/async - {"script":"<script> [776 bytes]","args":[{"enterText":"5o8BxAkdfj","selector":{"id":"application-addressmanagement-display-component---masterAdm--smartFilterBar-btnBasicSearch","interaction":{"idSuffix":"I"}},"clearTextFirst":true,"interactionType":"ENTER_TEXT"}]}
RESULT: {"script":"<script> [776 bytes]","args":[{"enterText":"5o8BxAkdfj","selector":{"id":"application-addressmanagement-display-component---masterAdm--smartFilterBar-btnBasicSearch","interaction":{"idSuffix":"I"}},"clearTextFirst":true,"interactionType":"ENTER_TEXT"}]}
COMMAND: POST /session/560a99258fce64537c5c695db0125fa5/actions - {"actions":[{"id":"action2","type":"key","parameters":{},"actions":[{"type":"keyDown","value":""},{"type":"pause","duration":10},{"type":"keyUp","value":""}]}]}
RESULT: {"actions":[{"id":"action2","type":"key","parameters":{},"actions":[{"type":"keyDown","value":""},{"type":"pause","duration":10},{"type":"keyUp","value":""}]}]}
COMMAND: GET /session/560a99258fce64537c5c695db0125fa5/screenshot - {}
RESULT: {}
COMMAND: POST /session/560a99258fce64537c5c695db0125fa5/elements - {"using":"xpath","value":"//table[contains(@id, \"customPersonsAddressesTable-listUl\")]/tbody/tr"}
RESULT: {"using":"xpath","value":"//table[contains(@id, \"customPersonsAddressesTable-listUl\")]/tbody/tr"}
COMMAND: POST /session/560a99258fce64537c5c695db0125fa5/element - {"using":"xpath","value":"//table[contains(@id, \"customPersonsAddressesTable-listUl\")]/tbody/tr[1]/td[5]/span/span"}
RESULT: {"using":"xpath","value":"//table[contains(@id, \"customPersonsAddressesTable-listUl\")]/tbody/tr[1]/td[5]/span/span"}
COMMAND: POST /session/560a99258fce64537c5c695db0125fa5/element - {"using":"xpath","value":"//table[contains(@id, \"customPersonsAddressesTable-listUl\")]/tbody/tr[1]/td[3]/span"}
RESULT: {"using":"xpath","value":"//table[contains(@id, \"customPersonsAddressesTable-listUl\")]/tbody/tr[1]/td[3]/span"}
COMMAND: POST /session/560a99258fce64537c5c695db0125fa5/elements - {"using":"xpath","value":"//table[contains(@id, \"customPersonsAddressesTable-listUl\")]/tbody/tr[1]/td[5]/span/span"}
RESULT: {"using":"xpath","value":"//table[contains(@id, \"customPersonsAddressesTable-listUl\")]/tbody/tr[1]/td[5]/span/span"}
COMMAND: POST /session/560a99258fce64537c5c695db0125fa5/execute/sync - {"script":"<script> [56 bytes]","args":[{"element-6066-11e4-a52e-4f735466cecf":"f.7282C013035C06D49FAEB8971D6FBA80.d.E1D2B53D70A96F1949C2F21804327876.e.786","ELEMENT":"f.7282C013035C06D49FAEB8971D6FBA80.d.E1D2B53D70A96F1949C2F21804327876.e.786"}]}
RESULT: {"script":"<script> [56 bytes]","args":[{"element-6066-11e4-a52e-4f735466cecf":"f.7282C013035C06D49FAEB8971D6FBA80.d.E1D2B53D70A96F1949C2F21804327876.e.786","ELEMENT":"f.7282C013035C06D49FAEB8971D6FBA80.d.E1D2B53D70A96F1949C2F21804327876.e.786"}]}
COMMAND: POST /session/560a99258fce64537c5c695db0125fa5/execute/sync - {"script":"<script> [56 bytes]","args":[{"element-6066-11e4-a52e-4f735466cecf":"f.7282C013035C06D49FAEB8971D6FBA80.d.E1D2B53D70A96F1949C2F21804327876.e.787","ELEMENT":"f.7282C013035C06D49FAEB8971D6FBA80.d.E1D2B53D70A96F1949C2F21804327876.e.787"}]}
COMMAND: GET /session/560a99258fce64537c5c695db0125fa5/screenshot - {}
RESULT: {"script":"<script> [56 bytes]","args":[{"element-6066-11e4-a52e-4f735466cecf":"f.7282C013035C06D49FAEB8971D6FBA80.d.E1D2B53D70A96F1949C2F21804327876.e.787","ELEMENT":"f.7282C013035C06D49FAEB8971D6FBA80.d.E1D2B53D70A96F1949C2F21804327876.e.787"}]}
COMMAND: POST /session/560a99258fce64537c5c695db0125fa5/element - {"using":"xpath","value":"//table[contains(@id, \"customPersonsAddressesTable-listUl\")]/tbody/tr[1]/td[10]/div/span"}
COMMAND: GET /session/560a99258fce64537c5c695db0125fa5/screenshot - {}
RESULT: {}
RESULT: {"using":"xpath","value":"//table[contains(@id, \"customPersonsAddressesTable-listUl\")]/tbody/tr[1]/td[10]/div/span"}
COMMAND: POST /session/560a99258fce64537c5c695db0125fa5/execute/sync - {"script":"<script> [56 bytes]","args":[{"element-6066-11e4-a52e-4f735466cecf":"f.7282C013035C06D49FAEB8971D6FBA80.d.E1D2B53D70A96F1949C2F21804327876.e.788","ELEMENT":"f.7282C013035C06D49FAEB8971D6FBA80.d.E1D2B53D70A96F1949C2F21804327876.e.788"}]}
RESULT: {}
RESULT: {"script":"<script> [56 bytes]","args":[{"element-6066-11e4-a52e-4f735466cecf":"f.7282C013035C06D49FAEB8971D6FBA80.d.E1D2B53D70A96F1949C2F21804327876.e.788","ELEMENT":"f.7282C013035C06D49FAEB8971D6FBA80.d.E1D2B53D70A96F1949C2F21804327876.e.788"}]}
COMMAND: POST /session/560a99258fce64537c5c695db0125fa5/element - {"using":"xpath","value":"//table[contains(@id, \"customPersonsAddressesTable-listUl\")]/tbody/tr[1]/td[2]/div/div"}
COMMAND: GET /session/560a99258fce64537c5c695db0125fa5/screenshot - {}
RESULT: {}
RESULT: {"using":"xpath","value":"//table[contains(@id, \"customPersonsAddressesTable-listUl\")]/tbody/tr[1]/td[2]/div/div"}
COMMAND: POST /session/560a99258fce64537c5c695db0125fa5/element/f.7282C013035C06D49FAEB8971D6FBA80.d.E1D2B53D70A96F1949C2F21804327876.e.789/click - {}
RESULT: {}
COMMAND: GET /session/560a99258fce64537c5c695db0125fa5/screenshot - {}
RESULT: {}
COMMAND: POST /session/560a99258fce64537c5c695db0125fa5/element - {"using":"xpath","value":"//bdi[contains(text(), \"Deactivate\")]"}
RESULT: {"using":"xpath","value":"//bdi[contains(text(), \"Deactivate\")]"}
COMMAND: POST /session/560a99258fce64537c5c695db0125fa5/element/f.7282C013035C06D49FAEB8971D6FBA80.d.E1D2B53D70A96F1949C2F21804327876.e.790/click - {}
RESULT: {}
COMMAND: GET /session/560a99258fce64537c5c695db0125fa5/screenshot - {}
RESULT: {}
COMMAND: POST /session/560a99258fce64537c5c695db0125fa5/element - {"using":"xpath","value":"//bdi[contains(text(), \"Yes\")]"}
RESULT: {"using":"xpath","value":"//bdi[contains(text(), \"Yes\")]"}
COMMAND: POST /session/560a99258fce64537c5c695db0125fa5/element/f.7282C013035C06D49FAEB8971D6FBA80.d.E1D2B53D70A96F1949C2F21804327876.e.792/click - {}
RESULT: {}
COMMAND: GET /session/560a99258fce64537c5c695db0125fa5/screenshot - {}
RESULT: {}
COMMAND: POST /session/560a99258fce64537c5c695db0125fa5/element - {"using":"xpath","value":"//table[contains(@id, \"customPersonsAddressesTable-listUl\")]/tbody/tr[1]/td[10]/div/span"}
RESULT: {"using":"xpath","value":"//table[contains(@id, \"customPersonsAddressesTable-listUl\")]/tbody/tr[1]/td[10]/div/span"}
COMMAND: POST /session/560a99258fce64537c5c695db0125fa5/execute/sync - {"script":"<script> [56 bytes]","args":[{"element-6066-11e4-a52e-4f735466cecf":"f.7282C013035C06D49FAEB8971D6FBA80.d.E1D2B53D70A96F1949C2F21804327876.e.788","ELEMENT":"f.7282C013035C06D49FAEB8971D6FBA80.d.E1D2B53D70A96F1949C2F21804327876.e.788"}]}
RESULT: {"script":"<script> [56 bytes]","args":[{"element-6066-11e4-a52e-4f735466cecf":"f.7282C013035C06D49FAEB8971D6FBA80.d.E1D2B53D70A96F1949C2F21804327876.e.788","ELEMENT":"f.7282C013035C06D49FAEB8971D6FBA80.d.E1D2B53D70A96F1949C2F21804327876.e.788"}]}
COMMAND: GET /session/560a99258fce64537c5c695db0125fa5/screenshot - {}
RESULT: {}
COMMAND: POST /session/560a99258fce64537c5c695db0125fa5/element - {"using":"css selector","value":"#shell-header-logo"}
RESULT: {"using":"css selector","value":"#shell-header-logo"}
COMMAND: POST /session/560a99258fce64537c5c695db0125fa5/element/f.7282C013035C06D49FAEB8971D6FBA80.d.E1D2B53D70A96F1949C2F21804327876.e.590/click - {}
RESULT: {}
COMMAND: GET /session/560a99258fce64537c5c695db0125fa5/screenshot - {}
RESULT: {}
]]></system-out>
    </testcase>
    <testcase classname="chrome.136_0_7103_93.windows.Address_Management_Tests_US156181_US151165_US151160_US156180_US156178_US151157_US151172_US151170_US151166_US151168" name="Step 3 Should activate the created address back again US151160" time="40.453">
      <system-out><![CDATA[
RESULT: undefined
COMMAND: POST /session/560a99258fce64537c5c695db0125fa5/element - {"using":"xpath","value":"//*[@id=\"__tile33\"]"}
RESULT: {"using":"xpath","value":"//*[@id=\"__tile33\"]"}
COMMAND: POST /session/560a99258fce64537c5c695db0125fa5/element/f.7282C013035C06D49FAEB8971D6FBA80.d.E1D2B53D70A96F1949C2F21804327876.e.206/click - {}
RESULT: {}
COMMAND: GET /session/560a99258fce64537c5c695db0125fa5/screenshot - {}
RESULT: {}
COMMAND: POST /session/560a99258fce64537c5c695db0125fa5/elements - {"using":"xpath","value":"//span[text()='Error']"}
RESULT: {"using":"xpath","value":"//span[text()='Error']"}
COMMAND: POST /session/560a99258fce64537c5c695db0125fa5/element - {"using":"xpath","value":"//button[@data-kt=\"addButton\"]"}
RESULT: {"using":"xpath","value":"//button[@data-kt=\"addButton\"]"}
COMMAND: POST /session/560a99258fce64537c5c695db0125fa5/elements - {"using":"xpath","value":"//button[@data-kt=\"addButton\"]"}
RESULT: {"using":"xpath","value":"//button[@data-kt=\"addButton\"]"}
COMMAND: POST /session/560a99258fce64537c5c695db0125fa5/execute/sync - {"script":"<script> [8489 bytes]","args":[{"element-6066-11e4-a52e-4f735466cecf":"f.7282C013035C06D49FAEB8971D6FBA80.d.E1D2B53D70A96F1949C2F21804327876.e.870","ELEMENT":"f.7282C013035C06D49FAEB8971D6FBA80.d.E1D2B53D70A96F1949C2F21804327876.e.870"}]}
RESULT: {"script":"<script> [8489 bytes]","args":[{"element-6066-11e4-a52e-4f735466cecf":"f.7282C013035C06D49FAEB8971D6FBA80.d.E1D2B53D70A96F1949C2F21804327876.e.870","ELEMENT":"f.7282C013035C06D49FAEB8971D6FBA80.d.E1D2B53D70A96F1949C2F21804327876.e.870"}]}
COMMAND: GET /session/560a99258fce64537c5c695db0125fa5/element/f.7282C013035C06D49FAEB8971D6FBA80.d.E1D2B53D70A96F1949C2F21804327876.e.870/enabled - {}
COMMAND: GET /session/560a99258fce64537c5c695db0125fa5/screenshot - {}
RESULT: {}
COMMAND: POST /session/560a99258fce64537c5c695db0125fa5/execute/sync - {"script":"<script> [8489 bytes]","args":[{"element-6066-11e4-a52e-4f735466cecf":"f.7282C013035C06D49FAEB8971D6FBA80.d.E1D2B53D70A96F1949C2F21804327876.e.870","ELEMENT":"f.7282C013035C06D49FAEB8971D6FBA80.d.E1D2B53D70A96F1949C2F21804327876.e.870"}]}
COMMAND: GET /session/560a99258fce64537c5c695db0125fa5/screenshot - {}
RESULT: {}
RESULT: {"script":"<script> [8489 bytes]","args":[{"element-6066-11e4-a52e-4f735466cecf":"f.7282C013035C06D49FAEB8971D6FBA80.d.E1D2B53D70A96F1949C2F21804327876.e.870","ELEMENT":"f.7282C013035C06D49FAEB8971D6FBA80.d.E1D2B53D70A96F1949C2F21804327876.e.870"}]}
COMMAND: POST /session/560a99258fce64537c5c695db0125fa5/execute/sync - {"script":"<script> [5351 bytes]","args":[{"element-6066-11e4-a52e-4f735466cecf":"f.7282C013035C06D49FAEB8971D6FBA80.d.E1D2B53D70A96F1949C2F21804327876.e.870","ELEMENT":"f.7282C013035C06D49FAEB8971D6FBA80.d.E1D2B53D70A96F1949C2F21804327876.e.870"}]}
COMMAND: GET /session/560a99258fce64537c5c695db0125fa5/screenshot - {}
RESULT: {}
RESULT: {"script":"<script> [5351 bytes]","args":[{"element-6066-11e4-a52e-4f735466cecf":"f.7282C013035C06D49FAEB8971D6FBA80.d.E1D2B53D70A96F1949C2F21804327876.e.870","ELEMENT":"f.7282C013035C06D49FAEB8971D6FBA80.d.E1D2B53D70A96F1949C2F21804327876.e.870"}]}
COMMAND: GET /session/560a99258fce64537c5c695db0125fa5/screenshot - {}
RESULT: {}
RESULT: {}
RESULT: undefined
COMMAND: POST /session/560a99258fce64537c5c695db0125fa5/execute/async - {"script":"<script> [776 bytes]","args":[{"enterText":"5o8BxAkdfj","selector":{"id":"application-addressmanagement-display-component---masterAdm--smartFilterBar-btnBasicSearch","interaction":{"idSuffix":"I"}},"clearTextFirst":true,"interactionType":"ENTER_TEXT"}]}
RESULT: {"script":"<script> [776 bytes]","args":[{"enterText":"5o8BxAkdfj","selector":{"id":"application-addressmanagement-display-component---masterAdm--smartFilterBar-btnBasicSearch","interaction":{"idSuffix":"I"}},"clearTextFirst":true,"interactionType":"ENTER_TEXT"}]}
COMMAND: POST /session/560a99258fce64537c5c695db0125fa5/actions - {"actions":[{"id":"action3","type":"key","parameters":{},"actions":[{"type":"keyDown","value":""},{"type":"pause","duration":10},{"type":"keyUp","value":""}]}]}
RESULT: {"actions":[{"id":"action3","type":"key","parameters":{},"actions":[{"type":"keyDown","value":""},{"type":"pause","duration":10},{"type":"keyUp","value":""}]}]}
COMMAND: GET /session/560a99258fce64537c5c695db0125fa5/screenshot - {}
RESULT: {}
COMMAND: POST /session/560a99258fce64537c5c695db0125fa5/elements - {"using":"xpath","value":"//table[contains(@id, \"customPersonsAddressesTable-listUl\")]/tbody/tr"}
RESULT: {"using":"xpath","value":"//table[contains(@id, \"customPersonsAddressesTable-listUl\")]/tbody/tr"}
COMMAND: POST /session/560a99258fce64537c5c695db0125fa5/element - {"using":"xpath","value":"//table[contains(@id, \"customPersonsAddressesTable-listUl\")]/tbody/tr[1]/td[5]/span/span"}
RESULT: {"using":"xpath","value":"//table[contains(@id, \"customPersonsAddressesTable-listUl\")]/tbody/tr[1]/td[5]/span/span"}
COMMAND: POST /session/560a99258fce64537c5c695db0125fa5/element - {"using":"xpath","value":"//table[contains(@id, \"customPersonsAddressesTable-listUl\")]/tbody/tr[1]/td[3]/span"}
RESULT: {"using":"xpath","value":"//table[contains(@id, \"customPersonsAddressesTable-listUl\")]/tbody/tr[1]/td[3]/span"}
COMMAND: POST /session/560a99258fce64537c5c695db0125fa5/elements - {"using":"xpath","value":"//table[contains(@id, \"customPersonsAddressesTable-listUl\")]/tbody/tr[1]/td[5]/span/span"}
RESULT: {"using":"xpath","value":"//table[contains(@id, \"customPersonsAddressesTable-listUl\")]/tbody/tr[1]/td[5]/span/span"}
COMMAND: POST /session/560a99258fce64537c5c695db0125fa5/execute/sync - {"script":"<script> [56 bytes]","args":[{"element-6066-11e4-a52e-4f735466cecf":"f.7282C013035C06D49FAEB8971D6FBA80.d.E1D2B53D70A96F1949C2F21804327876.e.1003","ELEMENT":"f.7282C013035C06D49FAEB8971D6FBA80.d.E1D2B53D70A96F1949C2F21804327876.e.1003"}]}
RESULT: {"script":"<script> [56 bytes]","args":[{"element-6066-11e4-a52e-4f735466cecf":"f.7282C013035C06D49FAEB8971D6FBA80.d.E1D2B53D70A96F1949C2F21804327876.e.1003","ELEMENT":"f.7282C013035C06D49FAEB8971D6FBA80.d.E1D2B53D70A96F1949C2F21804327876.e.1003"}]}
COMMAND: POST /session/560a99258fce64537c5c695db0125fa5/execute/sync - {"script":"<script> [56 bytes]","args":[{"element-6066-11e4-a52e-4f735466cecf":"f.7282C013035C06D49FAEB8971D6FBA80.d.E1D2B53D70A96F1949C2F21804327876.e.1004","ELEMENT":"f.7282C013035C06D49FAEB8971D6FBA80.d.E1D2B53D70A96F1949C2F21804327876.e.1004"}]}
COMMAND: GET /session/560a99258fce64537c5c695db0125fa5/screenshot - {}
RESULT: {"script":"<script> [56 bytes]","args":[{"element-6066-11e4-a52e-4f735466cecf":"f.7282C013035C06D49FAEB8971D6FBA80.d.E1D2B53D70A96F1949C2F21804327876.e.1004","ELEMENT":"f.7282C013035C06D49FAEB8971D6FBA80.d.E1D2B53D70A96F1949C2F21804327876.e.1004"}]}
COMMAND: POST /session/560a99258fce64537c5c695db0125fa5/element - {"using":"xpath","value":"//table[contains(@id, \"customPersonsAddressesTable-listUl\")]/tbody/tr[1]/td[10]/div/span"}
COMMAND: GET /session/560a99258fce64537c5c695db0125fa5/screenshot - {}
RESULT: {}
RESULT: {"using":"xpath","value":"//table[contains(@id, \"customPersonsAddressesTable-listUl\")]/tbody/tr[1]/td[10]/div/span"}
COMMAND: POST /session/560a99258fce64537c5c695db0125fa5/execute/sync - {"script":"<script> [56 bytes]","args":[{"element-6066-11e4-a52e-4f735466cecf":"f.7282C013035C06D49FAEB8971D6FBA80.d.E1D2B53D70A96F1949C2F21804327876.e.1005","ELEMENT":"f.7282C013035C06D49FAEB8971D6FBA80.d.E1D2B53D70A96F1949C2F21804327876.e.1005"}]}
RESULT: {}
RESULT: {"script":"<script> [56 bytes]","args":[{"element-6066-11e4-a52e-4f735466cecf":"f.7282C013035C06D49FAEB8971D6FBA80.d.E1D2B53D70A96F1949C2F21804327876.e.1005","ELEMENT":"f.7282C013035C06D49FAEB8971D6FBA80.d.E1D2B53D70A96F1949C2F21804327876.e.1005"}]}
COMMAND: POST /session/560a99258fce64537c5c695db0125fa5/element - {"using":"xpath","value":"//table[contains(@id, \"customPersonsAddressesTable-listUl\")]/tbody/tr[1]/td[2]/div/div"}
COMMAND: GET /session/560a99258fce64537c5c695db0125fa5/screenshot - {}
RESULT: {"using":"xpath","value":"//table[contains(@id, \"customPersonsAddressesTable-listUl\")]/tbody/tr[1]/td[2]/div/div"}
COMMAND: POST /session/560a99258fce64537c5c695db0125fa5/element/f.7282C013035C06D49FAEB8971D6FBA80.d.E1D2B53D70A96F1949C2F21804327876.e.1006/click - {}
RESULT: {}
RESULT: {}
COMMAND: GET /session/560a99258fce64537c5c695db0125fa5/screenshot - {}
RESULT: {}
COMMAND: POST /session/560a99258fce64537c5c695db0125fa5/element - {"using":"xpath","value":"//bdi[contains(text(), \"Activate\")]"}
RESULT: {"using":"xpath","value":"//bdi[contains(text(), \"Activate\")]"}
COMMAND: POST /session/560a99258fce64537c5c695db0125fa5/element/f.7282C013035C06D49FAEB8971D6FBA80.d.E1D2B53D70A96F1949C2F21804327876.e.1007/click - {}
RESULT: {}
COMMAND: GET /session/560a99258fce64537c5c695db0125fa5/screenshot - {}
RESULT: {}
COMMAND: POST /session/560a99258fce64537c5c695db0125fa5/element - {"using":"xpath","value":"//bdi[contains(text(), \"Yes\")]"}
RESULT: {"using":"xpath","value":"//bdi[contains(text(), \"Yes\")]"}
COMMAND: POST /session/560a99258fce64537c5c695db0125fa5/element/f.7282C013035C06D49FAEB8971D6FBA80.d.E1D2B53D70A96F1949C2F21804327876.e.1009/click - {}
RESULT: {}
COMMAND: GET /session/560a99258fce64537c5c695db0125fa5/screenshot - {}
RESULT: {}
COMMAND: POST /session/560a99258fce64537c5c695db0125fa5/element - {"using":"xpath","value":"//table[contains(@id, \"customPersonsAddressesTable-listUl\")]/tbody/tr[1]/td[10]/div/span"}
RESULT: {"using":"xpath","value":"//table[contains(@id, \"customPersonsAddressesTable-listUl\")]/tbody/tr[1]/td[10]/div/span"}
COMMAND: POST /session/560a99258fce64537c5c695db0125fa5/execute/sync - {"script":"<script> [56 bytes]","args":[{"element-6066-11e4-a52e-4f735466cecf":"f.7282C013035C06D49FAEB8971D6FBA80.d.E1D2B53D70A96F1949C2F21804327876.e.1005","ELEMENT":"f.7282C013035C06D49FAEB8971D6FBA80.d.E1D2B53D70A96F1949C2F21804327876.e.1005"}]}
RESULT: {"script":"<script> [56 bytes]","args":[{"element-6066-11e4-a52e-4f735466cecf":"f.7282C013035C06D49FAEB8971D6FBA80.d.E1D2B53D70A96F1949C2F21804327876.e.1005","ELEMENT":"f.7282C013035C06D49FAEB8971D6FBA80.d.E1D2B53D70A96F1949C2F21804327876.e.1005"}]}
COMMAND: GET /session/560a99258fce64537c5c695db0125fa5/screenshot - {}
RESULT: {}
COMMAND: POST /session/560a99258fce64537c5c695db0125fa5/element - {"using":"css selector","value":"#shell-header-logo"}
RESULT: {"using":"css selector","value":"#shell-header-logo"}
COMMAND: POST /session/560a99258fce64537c5c695db0125fa5/element/f.7282C013035C06D49FAEB8971D6FBA80.d.E1D2B53D70A96F1949C2F21804327876.e.800/click - {}
RESULT: {}
COMMAND: GET /session/560a99258fce64537c5c695db0125fa5/screenshot - {}
RESULT: {}
]]></system-out>
    </testcase>
    <testcase classname="chrome.136_0_7103_93.windows.Address_Management_Tests_US156181_US151165_US151160_US156180_US156178_US151157_US151172_US151170_US151166_US151168" name="Step 4 Should verify searches US156180 edit person and address US156178" time="77.165">
      <system-out><![CDATA[
RESULT: undefined
COMMAND: POST /session/560a99258fce64537c5c695db0125fa5/element - {"using":"xpath","value":"//*[@id=\"__tile33\"]"}
RESULT: {"using":"xpath","value":"//*[@id=\"__tile33\"]"}
COMMAND: POST /session/560a99258fce64537c5c695db0125fa5/element/f.7282C013035C06D49FAEB8971D6FBA80.d.E1D2B53D70A96F1949C2F21804327876.e.206/click - {}
RESULT: {}
COMMAND: GET /session/560a99258fce64537c5c695db0125fa5/screenshot - {}
RESULT: {}
COMMAND: POST /session/560a99258fce64537c5c695db0125fa5/elements - {"using":"xpath","value":"//span[text()='Error']"}
RESULT: {"using":"xpath","value":"//span[text()='Error']"}
COMMAND: POST /session/560a99258fce64537c5c695db0125fa5/element - {"using":"xpath","value":"//button[@data-kt=\"addButton\"]"}
RESULT: {"using":"xpath","value":"//button[@data-kt=\"addButton\"]"}
COMMAND: POST /session/560a99258fce64537c5c695db0125fa5/elements - {"using":"xpath","value":"//button[@data-kt=\"addButton\"]"}
RESULT: {"using":"xpath","value":"//button[@data-kt=\"addButton\"]"}
COMMAND: POST /session/560a99258fce64537c5c695db0125fa5/execute/sync - {"script":"<script> [8489 bytes]","args":[{"element-6066-11e4-a52e-4f735466cecf":"f.7282C013035C06D49FAEB8971D6FBA80.d.E1D2B53D70A96F1949C2F21804327876.e.1071","ELEMENT":"f.7282C013035C06D49FAEB8971D6FBA80.d.E1D2B53D70A96F1949C2F21804327876.e.1071"}]}
RESULT: {"script":"<script> [8489 bytes]","args":[{"element-6066-11e4-a52e-4f735466cecf":"f.7282C013035C06D49FAEB8971D6FBA80.d.E1D2B53D70A96F1949C2F21804327876.e.1071","ELEMENT":"f.7282C013035C06D49FAEB8971D6FBA80.d.E1D2B53D70A96F1949C2F21804327876.e.1071"}]}
COMMAND: GET /session/560a99258fce64537c5c695db0125fa5/element/f.7282C013035C06D49FAEB8971D6FBA80.d.E1D2B53D70A96F1949C2F21804327876.e.1071/enabled - {}
COMMAND: GET /session/560a99258fce64537c5c695db0125fa5/screenshot - {}
RESULT: {}
COMMAND: POST /session/560a99258fce64537c5c695db0125fa5/execute/sync - {"script":"<script> [8489 bytes]","args":[{"element-6066-11e4-a52e-4f735466cecf":"f.7282C013035C06D49FAEB8971D6FBA80.d.E1D2B53D70A96F1949C2F21804327876.e.1071","ELEMENT":"f.7282C013035C06D49FAEB8971D6FBA80.d.E1D2B53D70A96F1949C2F21804327876.e.1071"}]}
COMMAND: GET /session/560a99258fce64537c5c695db0125fa5/screenshot - {}
RESULT: {}
RESULT: {"script":"<script> [8489 bytes]","args":[{"element-6066-11e4-a52e-4f735466cecf":"f.7282C013035C06D49FAEB8971D6FBA80.d.E1D2B53D70A96F1949C2F21804327876.e.1071","ELEMENT":"f.7282C013035C06D49FAEB8971D6FBA80.d.E1D2B53D70A96F1949C2F21804327876.e.1071"}]}
COMMAND: POST /session/560a99258fce64537c5c695db0125fa5/execute/sync - {"script":"<script> [5351 bytes]","args":[{"element-6066-11e4-a52e-4f735466cecf":"f.7282C013035C06D49FAEB8971D6FBA80.d.E1D2B53D70A96F1949C2F21804327876.e.1071","ELEMENT":"f.7282C013035C06D49FAEB8971D6FBA80.d.E1D2B53D70A96F1949C2F21804327876.e.1071"}]}
COMMAND: GET /session/560a99258fce64537c5c695db0125fa5/screenshot - {}
RESULT: {}
RESULT: {"script":"<script> [5351 bytes]","args":[{"element-6066-11e4-a52e-4f735466cecf":"f.7282C013035C06D49FAEB8971D6FBA80.d.E1D2B53D70A96F1949C2F21804327876.e.1071","ELEMENT":"f.7282C013035C06D49FAEB8971D6FBA80.d.E1D2B53D70A96F1949C2F21804327876.e.1071"}]}
COMMAND: GET /session/560a99258fce64537c5c695db0125fa5/screenshot - {}
RESULT: {}
RESULT: {}
RESULT: undefined
COMMAND: POST /session/560a99258fce64537c5c695db0125fa5/execute/async - {"script":"<script> [776 bytes]","args":[{"enterText":"5o8BxAkdfj","selector":{"id":"application-addressmanagement-display-component---masterAdm--smartFilterBar-btnBasicSearch","interaction":{"idSuffix":"I"}},"clearTextFirst":true,"interactionType":"ENTER_TEXT"}]}
RESULT: {"script":"<script> [776 bytes]","args":[{"enterText":"5o8BxAkdfj","selector":{"id":"application-addressmanagement-display-component---masterAdm--smartFilterBar-btnBasicSearch","interaction":{"idSuffix":"I"}},"clearTextFirst":true,"interactionType":"ENTER_TEXT"}]}
COMMAND: POST /session/560a99258fce64537c5c695db0125fa5/actions - {"actions":[{"id":"action4","type":"key","parameters":{},"actions":[{"type":"keyDown","value":""},{"type":"pause","duration":10},{"type":"keyUp","value":""}]}]}
RESULT: {"actions":[{"id":"action4","type":"key","parameters":{},"actions":[{"type":"keyDown","value":""},{"type":"pause","duration":10},{"type":"keyUp","value":""}]}]}
COMMAND: GET /session/560a99258fce64537c5c695db0125fa5/screenshot - {}
RESULT: {}
COMMAND: POST /session/560a99258fce64537c5c695db0125fa5/elements - {"using":"xpath","value":"//table[contains(@id, \"customPersonsAddressesTable-listUl\")]/tbody/tr"}
RESULT: {"using":"xpath","value":"//table[contains(@id, \"customPersonsAddressesTable-listUl\")]/tbody/tr"}
COMMAND: POST /session/560a99258fce64537c5c695db0125fa5/element - {"using":"xpath","value":"//table[contains(@id, \"customPersonsAddressesTable-listUl\")]/tbody/tr[1]/td[5]/span/span"}
RESULT: {"using":"xpath","value":"//table[contains(@id, \"customPersonsAddressesTable-listUl\")]/tbody/tr[1]/td[5]/span/span"}
COMMAND: POST /session/560a99258fce64537c5c695db0125fa5/element - {"using":"xpath","value":"//table[contains(@id, \"customPersonsAddressesTable-listUl\")]/tbody/tr[1]/td[3]/span"}
RESULT: {"using":"xpath","value":"//table[contains(@id, \"customPersonsAddressesTable-listUl\")]/tbody/tr[1]/td[3]/span"}
COMMAND: POST /session/560a99258fce64537c5c695db0125fa5/elements - {"using":"xpath","value":"//table[contains(@id, \"customPersonsAddressesTable-listUl\")]/tbody/tr[1]/td[5]/span/span"}
RESULT: {"using":"xpath","value":"//table[contains(@id, \"customPersonsAddressesTable-listUl\")]/tbody/tr[1]/td[5]/span/span"}
COMMAND: POST /session/560a99258fce64537c5c695db0125fa5/execute/sync - {"script":"<script> [56 bytes]","args":[{"element-6066-11e4-a52e-4f735466cecf":"f.7282C013035C06D49FAEB8971D6FBA80.d.E1D2B53D70A96F1949C2F21804327876.e.1213","ELEMENT":"f.7282C013035C06D49FAEB8971D6FBA80.d.E1D2B53D70A96F1949C2F21804327876.e.1213"}]}
RESULT: {"script":"<script> [56 bytes]","args":[{"element-6066-11e4-a52e-4f735466cecf":"f.7282C013035C06D49FAEB8971D6FBA80.d.E1D2B53D70A96F1949C2F21804327876.e.1213","ELEMENT":"f.7282C013035C06D49FAEB8971D6FBA80.d.E1D2B53D70A96F1949C2F21804327876.e.1213"}]}
COMMAND: POST /session/560a99258fce64537c5c695db0125fa5/execute/sync - {"script":"<script> [56 bytes]","args":[{"element-6066-11e4-a52e-4f735466cecf":"f.7282C013035C06D49FAEB8971D6FBA80.d.E1D2B53D70A96F1949C2F21804327876.e.1214","ELEMENT":"f.7282C013035C06D49FAEB8971D6FBA80.d.E1D2B53D70A96F1949C2F21804327876.e.1214"}]}
COMMAND: GET /session/560a99258fce64537c5c695db0125fa5/screenshot - {}
RESULT: {"script":"<script> [56 bytes]","args":[{"element-6066-11e4-a52e-4f735466cecf":"f.7282C013035C06D49FAEB8971D6FBA80.d.E1D2B53D70A96F1949C2F21804327876.e.1214","ELEMENT":"f.7282C013035C06D49FAEB8971D6FBA80.d.E1D2B53D70A96F1949C2F21804327876.e.1214"}]}
COMMAND: POST /session/560a99258fce64537c5c695db0125fa5/element - {"using":"xpath","value":"(//span[contains(@id, \"imgNav\")])[1]"}
COMMAND: GET /session/560a99258fce64537c5c695db0125fa5/screenshot - {}
RESULT: {}
RESULT: {"using":"xpath","value":"(//span[contains(@id, \"imgNav\")])[1]"}
COMMAND: POST /session/560a99258fce64537c5c695db0125fa5/element/f.7282C013035C06D49FAEB8971D6FBA80.d.E1D2B53D70A96F1949C2F21804327876.e.1211/click - {}
RESULT: {}
RESULT: {}
COMMAND: GET /session/560a99258fce64537c5c695db0125fa5/screenshot - {}
RESULT: {}
COMMAND: POST /session/560a99258fce64537c5c695db0125fa5/element - {"using":"xpath","value":"//bdi[contains(text(), \"Edit\")]"}
RESULT: {"using":"xpath","value":"//bdi[contains(text(), \"Edit\")]"}
COMMAND: POST /session/560a99258fce64537c5c695db0125fa5/element/f.7282C013035C06D49FAEB8971D6FBA80.d.E1D2B53D70A96F1949C2F21804327876.e.1326/click - {}
RESULT: {}
COMMAND: GET /session/560a99258fce64537c5c695db0125fa5/screenshot - {}
RESULT: {}
COMMAND: POST /session/560a99258fce64537c5c695db0125fa5/execute/async - {"script":"<script> [1562 bytes]","args":[{"selector":{"controlType":"sap.ui.core.Icon","viewName":"etm.portal.ui.addressmanagement.view.EditDetail","properties":{"src":{"regex":{"source":"slim\\-arrow\\-down"}}},"ancestor":{"id":"addressTitle","viewName":"etm.portal.ui.addressmanagement.view.EditDetail"}},"wdio_ui5_key":"etmportal.ui.addressmanagement.view.EditDetailsap.ui.core.Icon{\"src\":{\"regex\":{\"source\":\"slim\\\\-arrow\\\\-down\"}}}{\"id\":\"addressTitle\",\"viewName\":\"etm.portal.ui.addressmanagement.view.EditDetail\"}"}]}
RESULT: {"script":"<script> [1562 bytes]","args":[{"selector":{"controlType":"sap.ui.core.Icon","viewName":"etm.portal.ui.addressmanagement.view.EditDetail","properties":{"src":{"regex":{"source":"slim\\-arrow\\-down"}}},"ancestor":{"id":"addressTitle","viewName":"etm.portal.ui.addressmanagement.view.EditDetail"}},"wdio_ui5_key":"etmportal.ui.addressmanagement.view.EditDetailsap.ui.core.Icon{\"src\":{\"regex\":{\"source\":\"slim\\\\-arrow\\\\-down\"}}}{\"id\":\"addressTitle\",\"viewName\":\"etm.portal.ui.addressmanagement.view.EditDetail\"}"}]}
RESULT: undefined
COMMAND: POST /session/560a99258fce64537c5c695db0125fa5/element - {"using":"xpath","value":"//*[@id=\"__xmlview59--addressTitle-arrow\"]"}
RESULT: {"using":"xpath","value":"//*[@id=\"__xmlview59--addressTitle-arrow\"]"}
COMMAND: POST /session/560a99258fce64537c5c695db0125fa5/element/f.7282C013035C06D49FAEB8971D6FBA80.d.E1D2B53D70A96F1949C2F21804327876.e.1380/click - {}
RESULT: {}
COMMAND: GET /session/560a99258fce64537c5c695db0125fa5/screenshot - {}
RESULT: {}
COMMAND: POST /session/560a99258fce64537c5c695db0125fa5/element - {"using":"xpath","value":"//li[.//span[text()=\"Mr.\"]]"}
RESULT: {"using":"xpath","value":"//li[.//span[text()=\"Mr.\"]]"}
COMMAND: POST /session/560a99258fce64537c5c695db0125fa5/element/f.7282C013035C06D49FAEB8971D6FBA80.d.E1D2B53D70A96F1949C2F21804327876.e.1382/click - {}
RESULT: {}
COMMAND: GET /session/560a99258fce64537c5c695db0125fa5/screenshot - {}
RESULT: {}
COMMAND: POST /session/560a99258fce64537c5c695db0125fa5/execute/async - {"script":"<script> [1562 bytes]","args":[{"selector":{"controlType":"sap.m.Input","viewName":"etm.portal.ui.addressmanagement.view.EditDetail","labelFor":{"text":"Last Name"},"interaction":{"idSuffix":"inner"}},"wdio_ui5_key":"etmportal.ui.addressmanagement.view.EditDetailsap.m.Input{\"text\":\"Last Name\"}"}]}
RESULT: {"script":"<script> [1562 bytes]","args":[{"selector":{"controlType":"sap.m.Input","viewName":"etm.portal.ui.addressmanagement.view.EditDetail","labelFor":{"text":"Last Name"},"interaction":{"idSuffix":"inner"}},"wdio_ui5_key":"etmportal.ui.addressmanagement.view.EditDetailsap.m.Input{\"text\":\"Last Name\"}"}]}
RESULT: undefined
COMMAND: POST /session/560a99258fce64537c5c695db0125fa5/execute/async - {"script":"<script> [776 bytes]","args":[{"enterText":"EDIT John Cena","selector":{"controlType":"sap.m.Input","viewName":"etm.portal.ui.addressmanagement.view.EditDetail","labelFor":{"text":"Last Name"},"interaction":{"idSuffix":"inner"}},"clearTextFirst":true,"interactionType":"ENTER_TEXT"}]}
RESULT: {"script":"<script> [776 bytes]","args":[{"enterText":"EDIT John Cena","selector":{"controlType":"sap.m.Input","viewName":"etm.portal.ui.addressmanagement.view.EditDetail","labelFor":{"text":"Last Name"},"interaction":{"idSuffix":"inner"}},"clearTextFirst":true,"interactionType":"ENTER_TEXT"}]}
COMMAND: POST /session/560a99258fce64537c5c695db0125fa5/execute/async - {"script":"<script> [1562 bytes]","args":[{"selector":{"controlType":"sap.ui.core.Icon","viewName":"etm.portal.ui.addressmanagement.view.EditDetail","properties":{"src":{"regex":{"source":"slim\\-arrow\\-down"}}},"ancestor":{"id":"addressDetailDetailsLanguage","viewName":"etm.portal.ui.addressmanagement.view.EditDetail"}},"wdio_ui5_key":"etmportal.ui.addressmanagement.view.EditDetailsap.ui.core.Icon{\"src\":{\"regex\":{\"source\":\"slim\\\\-arrow\\\\-down\"}}}{\"id\":\"addressDetailDetailsLanguage\",\"viewName\":\"etm.portal.ui.addressmanagement.view.EditDetail\"}"}]}
RESULT: {"script":"<script> [1562 bytes]","args":[{"selector":{"controlType":"sap.ui.core.Icon","viewName":"etm.portal.ui.addressmanagement.view.EditDetail","properties":{"src":{"regex":{"source":"slim\\-arrow\\-down"}}},"ancestor":{"id":"addressDetailDetailsLanguage","viewName":"etm.portal.ui.addressmanagement.view.EditDetail"}},"wdio_ui5_key":"etmportal.ui.addressmanagement.view.EditDetailsap.ui.core.Icon{\"src\":{\"regex\":{\"source\":\"slim\\\\-arrow\\\\-down\"}}}{\"id\":\"addressDetailDetailsLanguage\",\"viewName\":\"etm.portal.ui.addressmanagement.view.EditDetail\"}"}]}
RESULT: undefined
COMMAND: POST /session/560a99258fce64537c5c695db0125fa5/element - {"using":"xpath","value":"//*[@id=\"__xmlview59--addressDetailDetailsLanguage-arrow\"]"}
RESULT: {"using":"xpath","value":"//*[@id=\"__xmlview59--addressDetailDetailsLanguage-arrow\"]"}
COMMAND: POST /session/560a99258fce64537c5c695db0125fa5/element/f.7282C013035C06D49FAEB8971D6FBA80.d.E1D2B53D70A96F1949C2F21804327876.e.1385/click - {}
RESULT: {}
COMMAND: GET /session/560a99258fce64537c5c695db0125fa5/screenshot - {}
RESULT: {}
COMMAND: POST /session/560a99258fce64537c5c695db0125fa5/element - {"using":"xpath","value":"//span[contains(text(), \"Bulgarian\")]"}
RESULT: {"using":"xpath","value":"//span[contains(text(), \"Bulgarian\")]"}
COMMAND: POST /session/560a99258fce64537c5c695db0125fa5/element/f.7282C013035C06D49FAEB8971D6FBA80.d.E1D2B53D70A96F1949C2F21804327876.e.1386/click - {}
RESULT: {}
COMMAND: GET /session/560a99258fce64537c5c695db0125fa5/screenshot - {}
RESULT: {}
COMMAND: POST /session/560a99258fce64537c5c695db0125fa5/execute/async - {"script":"<script> [1562 bytes]","args":[{"selector":{"controlType":"sap.m.Input","viewName":"etm.portal.ui.addressmanagement.view.EditDetail","labelFor":{"text":"ZIP/Postal code"},"interaction":{"idSuffix":"inner"}},"wdio_ui5_key":"etmportal.ui.addressmanagement.view.EditDetailsap.m.Input{\"text\":\"ZIP/Postal code\"}"}]}
RESULT: {"script":"<script> [1562 bytes]","args":[{"selector":{"controlType":"sap.m.Input","viewName":"etm.portal.ui.addressmanagement.view.EditDetail","labelFor":{"text":"ZIP/Postal code"},"interaction":{"idSuffix":"inner"}},"wdio_ui5_key":"etmportal.ui.addressmanagement.view.EditDetailsap.m.Input{\"text\":\"ZIP/Postal code\"}"}]}
RESULT: undefined
COMMAND: POST /session/560a99258fce64537c5c695db0125fa5/execute/async - {"script":"<script> [776 bytes]","args":[{"enterText":"500292","selector":{"controlType":"sap.m.Input","viewName":"etm.portal.ui.addressmanagement.view.EditDetail","labelFor":{"text":"ZIP/Postal code"},"interaction":{"idSuffix":"inner"}},"clearTextFirst":true,"interactionType":"ENTER_TEXT"}]}
RESULT: {"script":"<script> [776 bytes]","args":[{"enterText":"500292","selector":{"controlType":"sap.m.Input","viewName":"etm.portal.ui.addressmanagement.view.EditDetail","labelFor":{"text":"ZIP/Postal code"},"interaction":{"idSuffix":"inner"}},"clearTextFirst":true,"interactionType":"ENTER_TEXT"}]}
COMMAND: POST /session/560a99258fce64537c5c695db0125fa5/execute/async - {"script":"<script> [1562 bytes]","args":[{"selector":{"id":"addressDetailContactsEmail","viewName":"etm.portal.ui.addressmanagement.view.EditDetail","interaction":{"idSuffix":"inner"}},"wdio_ui5_key":"addressDetailContactsEmailetmportal.ui.addressmanagement.view.EditDetail"}]}
RESULT: {"script":"<script> [1562 bytes]","args":[{"selector":{"id":"addressDetailContactsEmail","viewName":"etm.portal.ui.addressmanagement.view.EditDetail","interaction":{"idSuffix":"inner"}},"wdio_ui5_key":"addressDetailContactsEmailetmportal.ui.addressmanagement.view.EditDetail"}]}
RESULT: undefined
COMMAND: POST /session/560a99258fce64537c5c695db0125fa5/execute/async - {"script":"<script> [776 bytes]","args":[{"enterText":"webdriverrules@emailfake.com","selector":{"id":"addressDetailContactsEmail","viewName":"etm.portal.ui.addressmanagement.view.EditDetail","interaction":{"idSuffix":"inner"}},"clearTextFirst":true,"interactionType":"ENTER_TEXT"}]}
RESULT: {"script":"<script> [776 bytes]","args":[{"enterText":"webdriverrules@emailfake.com","selector":{"id":"addressDetailContactsEmail","viewName":"etm.portal.ui.addressmanagement.view.EditDetail","interaction":{"idSuffix":"inner"}},"clearTextFirst":true,"interactionType":"ENTER_TEXT"}]}
COMMAND: POST /session/560a99258fce64537c5c695db0125fa5/execute/async - {"script":"<script> [1562 bytes]","args":[{"selector":{"id":"addressUserJobTitle","viewName":"etm.portal.ui.addressmanagement.view.EditDetail","interaction":{"idSuffix":"inner"}},"wdio_ui5_key":"addressUserJobTitleetmportal.ui.addressmanagement.view.EditDetail"}]}
RESULT: {"script":"<script> [1562 bytes]","args":[{"selector":{"id":"addressUserJobTitle","viewName":"etm.portal.ui.addressmanagement.view.EditDetail","interaction":{"idSuffix":"inner"}},"wdio_ui5_key":"addressUserJobTitleetmportal.ui.addressmanagement.view.EditDetail"}]}
RESULT: undefined
COMMAND: POST /session/560a99258fce64537c5c695db0125fa5/execute/async - {"script":"<script> [776 bytes]","args":[{"enterText":"director","selector":{"id":"addressUserJobTitle","viewName":"etm.portal.ui.addressmanagement.view.EditDetail","interaction":{"idSuffix":"inner"}},"clearTextFirst":true,"interactionType":"ENTER_TEXT"}]}
RESULT: {"script":"<script> [776 bytes]","args":[{"enterText":"director","selector":{"id":"addressUserJobTitle","viewName":"etm.portal.ui.addressmanagement.view.EditDetail","interaction":{"idSuffix":"inner"}},"clearTextFirst":true,"interactionType":"ENTER_TEXT"}]}
COMMAND: POST /session/560a99258fce64537c5c695db0125fa5/execute/async - {"script":"<script> [1562 bytes]","args":[{"selector":{"id":"tagMultiInput","viewName":"etm.portal.ui.addressmanagement.view.EditDetail","interaction":{"idSuffix":"inner"}},"wdio_ui5_key":"tagMultiInputetmportal.ui.addressmanagement.view.EditDetail"}]}
RESULT: {"script":"<script> [1562 bytes]","args":[{"selector":{"id":"tagMultiInput","viewName":"etm.portal.ui.addressmanagement.view.EditDetail","interaction":{"idSuffix":"inner"}},"wdio_ui5_key":"tagMultiInputetmportal.ui.addressmanagement.view.EditDetail"}]}
RESULT: undefined
COMMAND: POST /session/560a99258fce64537c5c695db0125fa5/execute/async - {"script":"<script> [776 bytes]","args":[{"enterText":"testyTag1","selector":{"id":"tagMultiInput","viewName":"etm.portal.ui.addressmanagement.view.EditDetail","interaction":{"idSuffix":"inner"}},"clearTextFirst":true,"interactionType":"ENTER_TEXT"}]}
RESULT: {"script":"<script> [776 bytes]","args":[{"enterText":"testyTag1","selector":{"id":"tagMultiInput","viewName":"etm.portal.ui.addressmanagement.view.EditDetail","interaction":{"idSuffix":"inner"}},"clearTextFirst":true,"interactionType":"ENTER_TEXT"}]}
COMMAND: POST /session/560a99258fce64537c5c695db0125fa5/actions - {"actions":[{"id":"action5","type":"key","parameters":{},"actions":[{"type":"keyDown","value":""},{"type":"pause","duration":10},{"type":"keyUp","value":""}]}]}
RESULT: {"actions":[{"id":"action5","type":"key","parameters":{},"actions":[{"type":"keyDown","value":""},{"type":"pause","duration":10},{"type":"keyUp","value":""}]}]}
COMMAND: GET /session/560a99258fce64537c5c695db0125fa5/screenshot - {}
RESULT: {}
RESULT: undefined
COMMAND: POST /session/560a99258fce64537c5c695db0125fa5/execute/async - {"script":"<script> [776 bytes]","args":[{"enterText":"taggyTag2","selector":{"id":"tagMultiInput","viewName":"etm.portal.ui.addressmanagement.view.EditDetail","interaction":{"idSuffix":"inner"}},"clearTextFirst":true,"interactionType":"ENTER_TEXT"}]}
RESULT: {"script":"<script> [776 bytes]","args":[{"enterText":"taggyTag2","selector":{"id":"tagMultiInput","viewName":"etm.portal.ui.addressmanagement.view.EditDetail","interaction":{"idSuffix":"inner"}},"clearTextFirst":true,"interactionType":"ENTER_TEXT"}]}
COMMAND: POST /session/560a99258fce64537c5c695db0125fa5/actions - {"actions":[{"id":"action6","type":"key","parameters":{},"actions":[{"type":"keyDown","value":""},{"type":"pause","duration":10},{"type":"keyUp","value":""}]}]}
RESULT: {"actions":[{"id":"action6","type":"key","parameters":{},"actions":[{"type":"keyDown","value":""},{"type":"pause","duration":10},{"type":"keyUp","value":""}]}]}
COMMAND: GET /session/560a99258fce64537c5c695db0125fa5/screenshot - {}
RESULT: {}
COMMAND: POST /session/560a99258fce64537c5c695db0125fa5/element - {"using":"xpath","value":"//button[@data-kt=\"saveButton\"]"}
RESULT: {"using":"xpath","value":"//button[@data-kt=\"saveButton\"]"}
COMMAND: POST /session/560a99258fce64537c5c695db0125fa5/element/f.7282C013035C06D49FAEB8971D6FBA80.d.E1D2B53D70A96F1949C2F21804327876.e.1392/click - {}
RESULT: {}
COMMAND: GET /session/560a99258fce64537c5c695db0125fa5/screenshot - {}
RESULT: {}
COMMAND: POST /session/560a99258fce64537c5c695db0125fa5/element - {"using":"xpath","value":"//span[@id=\"application-addressmanagement-display-component---detailAdm--addressTitle\"]"}
RESULT: {"using":"xpath","value":"//span[@id=\"application-addressmanagement-display-component---detailAdm--addressTitle\"]"}
COMMAND: POST /session/560a99258fce64537c5c695db0125fa5/elements - {"using":"xpath","value":"//span[@id=\"application-addressmanagement-display-component---detailAdm--addressTitle\"]"}
RESULT: {"using":"xpath","value":"//span[@id=\"application-addressmanagement-display-component---detailAdm--addressTitle\"]"}
COMMAND: POST /session/560a99258fce64537c5c695db0125fa5/execute/sync - {"script":"<script> [56 bytes]","args":[{"element-6066-11e4-a52e-4f735466cecf":"f.7282C013035C06D49FAEB8971D6FBA80.d.E1D2B53D70A96F1949C2F21804327876.e.1411","ELEMENT":"f.7282C013035C06D49FAEB8971D6FBA80.d.E1D2B53D70A96F1949C2F21804327876.e.1411"}]}
RESULT: {"script":"<script> [56 bytes]","args":[{"element-6066-11e4-a52e-4f735466cecf":"f.7282C013035C06D49FAEB8971D6FBA80.d.E1D2B53D70A96F1949C2F21804327876.e.1411","ELEMENT":"f.7282C013035C06D49FAEB8971D6FBA80.d.E1D2B53D70A96F1949C2F21804327876.e.1411"}]}
COMMAND: POST /session/560a99258fce64537c5c695db0125fa5/element - {"using":"xpath","value":"//span[@id=\"application-addressmanagement-display-component---detailAdm--addressDetailDetailsName2\"]"}
COMMAND: GET /session/560a99258fce64537c5c695db0125fa5/screenshot - {}
RESULT: {"using":"xpath","value":"//span[@id=\"application-addressmanagement-display-component---detailAdm--addressDetailDetailsName2\"]"}
COMMAND: POST /session/560a99258fce64537c5c695db0125fa5/elements - {"using":"xpath","value":"//span[@id=\"application-addressmanagement-display-component---detailAdm--addressDetailDetailsName2\"]"}
RESULT: {}
RESULT: {"using":"xpath","value":"//span[@id=\"application-addressmanagement-display-component---detailAdm--addressDetailDetailsName2\"]"}
COMMAND: POST /session/560a99258fce64537c5c695db0125fa5/execute/sync - {"script":"<script> [56 bytes]","args":[{"element-6066-11e4-a52e-4f735466cecf":"f.7282C013035C06D49FAEB8971D6FBA80.d.E1D2B53D70A96F1949C2F21804327876.e.1412","ELEMENT":"f.7282C013035C06D49FAEB8971D6FBA80.d.E1D2B53D70A96F1949C2F21804327876.e.1412"}]}
RESULT: {"script":"<script> [56 bytes]","args":[{"element-6066-11e4-a52e-4f735466cecf":"f.7282C013035C06D49FAEB8971D6FBA80.d.E1D2B53D70A96F1949C2F21804327876.e.1412","ELEMENT":"f.7282C013035C06D49FAEB8971D6FBA80.d.E1D2B53D70A96F1949C2F21804327876.e.1412"}]}
COMMAND: POST /session/560a99258fce64537c5c695db0125fa5/element - {"using":"xpath","value":"//span[@id=\"application-addressmanagement-display-component---detailAdm--addressDetailDetailsLanguage\"]"}
COMMAND: GET /session/560a99258fce64537c5c695db0125fa5/screenshot - {}
RESULT: {"using":"xpath","value":"//span[@id=\"application-addressmanagement-display-component---detailAdm--addressDetailDetailsLanguage\"]"}
COMMAND: POST /session/560a99258fce64537c5c695db0125fa5/elements - {"using":"xpath","value":"//span[@id=\"application-addressmanagement-display-component---detailAdm--addressDetailDetailsLanguage\"]"}
RESULT: {}
RESULT: {"using":"xpath","value":"//span[@id=\"application-addressmanagement-display-component---detailAdm--addressDetailDetailsLanguage\"]"}
COMMAND: POST /session/560a99258fce64537c5c695db0125fa5/execute/sync - {"script":"<script> [56 bytes]","args":[{"element-6066-11e4-a52e-4f735466cecf":"f.7282C013035C06D49FAEB8971D6FBA80.d.E1D2B53D70A96F1949C2F21804327876.e.1413","ELEMENT":"f.7282C013035C06D49FAEB8971D6FBA80.d.E1D2B53D70A96F1949C2F21804327876.e.1413"}]}
RESULT: {"script":"<script> [56 bytes]","args":[{"element-6066-11e4-a52e-4f735466cecf":"f.7282C013035C06D49FAEB8971D6FBA80.d.E1D2B53D70A96F1949C2F21804327876.e.1413","ELEMENT":"f.7282C013035C06D49FAEB8971D6FBA80.d.E1D2B53D70A96F1949C2F21804327876.e.1413"}]}
COMMAND: POST /session/560a99258fce64537c5c695db0125fa5/element - {"using":"xpath","value":"//span[@id=\"application-addressmanagement-display-component---detailAdm--addressDetailDetailsZip1\"]"}
COMMAND: GET /session/560a99258fce64537c5c695db0125fa5/screenshot - {}
RESULT: {"using":"xpath","value":"//span[@id=\"application-addressmanagement-display-component---detailAdm--addressDetailDetailsZip1\"]"}
COMMAND: POST /session/560a99258fce64537c5c695db0125fa5/elements - {"using":"xpath","value":"//span[@id=\"application-addressmanagement-display-component---detailAdm--addressDetailDetailsZip1\"]"}
RESULT: {}
RESULT: {"using":"xpath","value":"//span[@id=\"application-addressmanagement-display-component---detailAdm--addressDetailDetailsZip1\"]"}
COMMAND: POST /session/560a99258fce64537c5c695db0125fa5/execute/sync - {"script":"<script> [56 bytes]","args":[{"element-6066-11e4-a52e-4f735466cecf":"f.7282C013035C06D49FAEB8971D6FBA80.d.E1D2B53D70A96F1949C2F21804327876.e.1414","ELEMENT":"f.7282C013035C06D49FAEB8971D6FBA80.d.E1D2B53D70A96F1949C2F21804327876.e.1414"}]}
RESULT: {"script":"<script> [56 bytes]","args":[{"element-6066-11e4-a52e-4f735466cecf":"f.7282C013035C06D49FAEB8971D6FBA80.d.E1D2B53D70A96F1949C2F21804327876.e.1414","ELEMENT":"f.7282C013035C06D49FAEB8971D6FBA80.d.E1D2B53D70A96F1949C2F21804327876.e.1414"}]}
COMMAND: POST /session/560a99258fce64537c5c695db0125fa5/element - {"using":"xpath","value":"//span[@id=\"application-addressmanagement-display-component---detailAdm--addressDetailContactsEmail\"]"}
COMMAND: GET /session/560a99258fce64537c5c695db0125fa5/screenshot - {}
RESULT: {"using":"xpath","value":"//span[@id=\"application-addressmanagement-display-component---detailAdm--addressDetailContactsEmail\"]"}
COMMAND: POST /session/560a99258fce64537c5c695db0125fa5/elements - {"using":"xpath","value":"//span[@id=\"application-addressmanagement-display-component---detailAdm--addressDetailContactsEmail\"]"}
RESULT: {}
RESULT: {"using":"xpath","value":"//span[@id=\"application-addressmanagement-display-component---detailAdm--addressDetailContactsEmail\"]"}
COMMAND: POST /session/560a99258fce64537c5c695db0125fa5/execute/sync - {"script":"<script> [56 bytes]","args":[{"element-6066-11e4-a52e-4f735466cecf":"f.7282C013035C06D49FAEB8971D6FBA80.d.E1D2B53D70A96F1949C2F21804327876.e.1415","ELEMENT":"f.7282C013035C06D49FAEB8971D6FBA80.d.E1D2B53D70A96F1949C2F21804327876.e.1415"}]}
RESULT: {"script":"<script> [56 bytes]","args":[{"element-6066-11e4-a52e-4f735466cecf":"f.7282C013035C06D49FAEB8971D6FBA80.d.E1D2B53D70A96F1949C2F21804327876.e.1415","ELEMENT":"f.7282C013035C06D49FAEB8971D6FBA80.d.E1D2B53D70A96F1949C2F21804327876.e.1415"}]}
COMMAND: POST /session/560a99258fce64537c5c695db0125fa5/element - {"using":"xpath","value":"//span[@id=\"application-addressmanagement-display-component---detailAdm--addressUserJobTitle\"]"}
COMMAND: GET /session/560a99258fce64537c5c695db0125fa5/screenshot - {}
RESULT: {"using":"xpath","value":"//span[@id=\"application-addressmanagement-display-component---detailAdm--addressUserJobTitle\"]"}
COMMAND: POST /session/560a99258fce64537c5c695db0125fa5/elements - {"using":"xpath","value":"//span[@id=\"application-addressmanagement-display-component---detailAdm--addressUserJobTitle\"]"}
RESULT: {}
RESULT: {"using":"xpath","value":"//span[@id=\"application-addressmanagement-display-component---detailAdm--addressUserJobTitle\"]"}
COMMAND: POST /session/560a99258fce64537c5c695db0125fa5/execute/sync - {"script":"<script> [56 bytes]","args":[{"element-6066-11e4-a52e-4f735466cecf":"f.7282C013035C06D49FAEB8971D6FBA80.d.E1D2B53D70A96F1949C2F21804327876.e.1416","ELEMENT":"f.7282C013035C06D49FAEB8971D6FBA80.d.E1D2B53D70A96F1949C2F21804327876.e.1416"}]}
RESULT: {"script":"<script> [56 bytes]","args":[{"element-6066-11e4-a52e-4f735466cecf":"f.7282C013035C06D49FAEB8971D6FBA80.d.E1D2B53D70A96F1949C2F21804327876.e.1416","ELEMENT":"f.7282C013035C06D49FAEB8971D6FBA80.d.E1D2B53D70A96F1949C2F21804327876.e.1416"}]}
COMMAND: POST /session/560a99258fce64537c5c695db0125fa5/element - {"using":"xpath","value":"//span[contains(@class, \"sapMTokenText\") and text()=\"testyTag1\"]"}
COMMAND: GET /session/560a99258fce64537c5c695db0125fa5/screenshot - {}
RESULT: {"using":"xpath","value":"//span[contains(@class, \"sapMTokenText\") and text()=\"testyTag1\"]"}
COMMAND: POST /session/560a99258fce64537c5c695db0125fa5/element - {"using":"xpath","value":"//span[contains(@class, \"sapMTokenText\") and text()=\"taggyTag2\"]"}
RESULT: {}
RESULT: {"using":"xpath","value":"//span[contains(@class, \"sapMTokenText\") and text()=\"taggyTag2\"]"}
COMMAND: POST /session/560a99258fce64537c5c695db0125fa5/elements - {"using":"xpath","value":"//span[contains(@class, \"sapMTokenText\") and text()=\"testyTag1\"]"}
RESULT: {"using":"xpath","value":"//span[contains(@class, \"sapMTokenText\") and text()=\"testyTag1\"]"}
COMMAND: POST /session/560a99258fce64537c5c695db0125fa5/elements - {"using":"xpath","value":"//span[contains(@class, \"sapMTokenText\") and text()=\"taggyTag2\"]"}
RESULT: {"using":"xpath","value":"//span[contains(@class, \"sapMTokenText\") and text()=\"taggyTag2\"]"}
COMMAND: POST /session/560a99258fce64537c5c695db0125fa5/element - {"using":"css selector","value":"#shell-header-logo"}
RESULT: {"using":"css selector","value":"#shell-header-logo"}
COMMAND: POST /session/560a99258fce64537c5c695db0125fa5/element/f.7282C013035C06D49FAEB8971D6FBA80.d.E1D2B53D70A96F1949C2F21804327876.e.1016/click - {}
RESULT: {}
COMMAND: GET /session/560a99258fce64537c5c695db0125fa5/screenshot - {}
RESULT: {}
]]></system-out>
    </testcase>
    <testcase classname="chrome.136_0_7103_93.windows.Address_Management_Tests_US156181_US151165_US151160_US156180_US156178_US151157_US151172_US151170_US151166_US151168" name="Step 5 Should verify searches US156180 verify filters US151157" time="93.494">
      <system-out><![CDATA[
RESULT: undefined
COMMAND: POST /session/560a99258fce64537c5c695db0125fa5/element - {"using":"xpath","value":"//*[@id=\"__tile33\"]"}
RESULT: {"using":"xpath","value":"//*[@id=\"__tile33\"]"}
COMMAND: POST /session/560a99258fce64537c5c695db0125fa5/element/f.7282C013035C06D49FAEB8971D6FBA80.d.E1D2B53D70A96F1949C2F21804327876.e.206/click - {}
RESULT: {}
COMMAND: GET /session/560a99258fce64537c5c695db0125fa5/screenshot - {}
RESULT: {}
COMMAND: POST /session/560a99258fce64537c5c695db0125fa5/elements - {"using":"xpath","value":"//span[text()='Error']"}
RESULT: {"using":"xpath","value":"//span[text()='Error']"}
COMMAND: POST /session/560a99258fce64537c5c695db0125fa5/element - {"using":"xpath","value":"//button[@data-kt=\"addButton\"]"}
RESULT: {"using":"xpath","value":"//button[@data-kt=\"addButton\"]"}
COMMAND: POST /session/560a99258fce64537c5c695db0125fa5/elements - {"using":"xpath","value":"//button[@data-kt=\"addButton\"]"}
RESULT: {"using":"xpath","value":"//button[@data-kt=\"addButton\"]"}
COMMAND: POST /session/560a99258fce64537c5c695db0125fa5/execute/sync - {"script":"<script> [8489 bytes]","args":[{"element-6066-11e4-a52e-4f735466cecf":"f.7282C013035C06D49FAEB8971D6FBA80.d.E1D2B53D70A96F1949C2F21804327876.e.1478","ELEMENT":"f.7282C013035C06D49FAEB8971D6FBA80.d.E1D2B53D70A96F1949C2F21804327876.e.1478"}]}
RESULT: {"script":"<script> [8489 bytes]","args":[{"element-6066-11e4-a52e-4f735466cecf":"f.7282C013035C06D49FAEB8971D6FBA80.d.E1D2B53D70A96F1949C2F21804327876.e.1478","ELEMENT":"f.7282C013035C06D49FAEB8971D6FBA80.d.E1D2B53D70A96F1949C2F21804327876.e.1478"}]}
COMMAND: GET /session/560a99258fce64537c5c695db0125fa5/element/f.7282C013035C06D49FAEB8971D6FBA80.d.E1D2B53D70A96F1949C2F21804327876.e.1478/enabled - {}
COMMAND: GET /session/560a99258fce64537c5c695db0125fa5/screenshot - {}
RESULT: {}
COMMAND: POST /session/560a99258fce64537c5c695db0125fa5/execute/sync - {"script":"<script> [8489 bytes]","args":[{"element-6066-11e4-a52e-4f735466cecf":"f.7282C013035C06D49FAEB8971D6FBA80.d.E1D2B53D70A96F1949C2F21804327876.e.1478","ELEMENT":"f.7282C013035C06D49FAEB8971D6FBA80.d.E1D2B53D70A96F1949C2F21804327876.e.1478"}]}
COMMAND: GET /session/560a99258fce64537c5c695db0125fa5/screenshot - {}
RESULT: {}
RESULT: {"script":"<script> [8489 bytes]","args":[{"element-6066-11e4-a52e-4f735466cecf":"f.7282C013035C06D49FAEB8971D6FBA80.d.E1D2B53D70A96F1949C2F21804327876.e.1478","ELEMENT":"f.7282C013035C06D49FAEB8971D6FBA80.d.E1D2B53D70A96F1949C2F21804327876.e.1478"}]}
COMMAND: POST /session/560a99258fce64537c5c695db0125fa5/execute/sync - {"script":"<script> [5351 bytes]","args":[{"element-6066-11e4-a52e-4f735466cecf":"f.7282C013035C06D49FAEB8971D6FBA80.d.E1D2B53D70A96F1949C2F21804327876.e.1478","ELEMENT":"f.7282C013035C06D49FAEB8971D6FBA80.d.E1D2B53D70A96F1949C2F21804327876.e.1478"}]}
COMMAND: GET /session/560a99258fce64537c5c695db0125fa5/screenshot - {}
RESULT: {}
RESULT: {"script":"<script> [5351 bytes]","args":[{"element-6066-11e4-a52e-4f735466cecf":"f.7282C013035C06D49FAEB8971D6FBA80.d.E1D2B53D70A96F1949C2F21804327876.e.1478","ELEMENT":"f.7282C013035C06D49FAEB8971D6FBA80.d.E1D2B53D70A96F1949C2F21804327876.e.1478"}]}
COMMAND: GET /session/560a99258fce64537c5c695db0125fa5/screenshot - {}
RESULT: {}
RESULT: {}
COMMAND: POST /session/560a99258fce64537c5c695db0125fa5/element - {"using":"xpath","value":"//span[@id=\"application-addressmanagement-display-component---masterAdm--smartTable-header-inner\"]"}
RESULT: {"using":"xpath","value":"//span[@id=\"application-addressmanagement-display-component---masterAdm--smartTable-header-inner\"]"}
COMMAND: POST /session/560a99258fce64537c5c695db0125fa5/elements - {"using":"xpath","value":"//span[@id=\"application-addressmanagement-display-component---masterAdm--smartTable-header-inner\"]"}
RESULT: {"using":"xpath","value":"//span[@id=\"application-addressmanagement-display-component---masterAdm--smartTable-header-inner\"]"}
COMMAND: POST /session/560a99258fce64537c5c695db0125fa5/execute/sync - {"script":"<script> [56 bytes]","args":[{"element-6066-11e4-a52e-4f735466cecf":"f.7282C013035C06D49FAEB8971D6FBA80.d.E1D2B53D70A96F1949C2F21804327876.e.1608","ELEMENT":"f.7282C013035C06D49FAEB8971D6FBA80.d.E1D2B53D70A96F1949C2F21804327876.e.1608"}]}
RESULT: {"script":"<script> [56 bytes]","args":[{"element-6066-11e4-a52e-4f735466cecf":"f.7282C013035C06D49FAEB8971D6FBA80.d.E1D2B53D70A96F1949C2F21804327876.e.1608","ELEMENT":"f.7282C013035C06D49FAEB8971D6FBA80.d.E1D2B53D70A96F1949C2F21804327876.e.1608"}]}
COMMAND: POST /session/560a99258fce64537c5c695db0125fa5/execute/async - {"script":"<script> [1562 bytes]","args":[{"selector":{"id":"application-addressmanagement-display-component---masterAdm--smartFilterBar-filterItemControl_BASIC-COUNTRY-vhi"},"wdio_ui5_key":"applicationaddressmanagement-display-component---masterAdm--smartFilterBar-filterItemControl_BASIC-COUNTRY-vhi"}]}
COMMAND: GET /session/560a99258fce64537c5c695db0125fa5/screenshot - {}
RESULT: {"script":"<script> [1562 bytes]","args":[{"selector":{"id":"application-addressmanagement-display-component---masterAdm--smartFilterBar-filterItemControl_BASIC-COUNTRY-vhi"},"wdio_ui5_key":"applicationaddressmanagement-display-component---masterAdm--smartFilterBar-filterItemControl_BASIC-COUNTRY-vhi"}]}
RESULT: undefined
COMMAND: POST /session/560a99258fce64537c5c695db0125fa5/element - {"using":"xpath","value":"//*[@id=\"application-addressmanagement-display-component---masterAdm--smartFilterBar-filterItemControl_BASIC-COUNTRY-vhi\"]"}
RESULT: {}
RESULT: {"using":"xpath","value":"//*[@id=\"application-addressmanagement-display-component---masterAdm--smartFilterBar-filterItemControl_BASIC-COUNTRY-vhi\"]"}
COMMAND: POST /session/560a99258fce64537c5c695db0125fa5/element/f.7282C013035C06D49FAEB8971D6FBA80.d.E1D2B53D70A96F1949C2F21804327876.e.1609/click - {}
RESULT: {}
COMMAND: GET /session/560a99258fce64537c5c695db0125fa5/screenshot - {}
RESULT: {}
COMMAND: POST /session/560a99258fce64537c5c695db0125fa5/execute/async - {"script":"<script> [1562 bytes]","args":[{"selector":{"id":"application-addressmanagement-display-component---masterAdm--smartFilterBar-filterItemControl_BASIC-COUNTRY-valueHelpDialog-smartFilterBar-btnBasicSearch","searchOpenDialogs":true,"interaction":{"idSuffix":"I"}},"wdio_ui5_key":"applicationaddressmanagement-display-component---masterAdm--smartFilterBar-filterItemControl_BASIC-COUNTRY-valueHelpDialog-smartFilterBar-btnBasicSearch"}]}
RESULT: {"script":"<script> [1562 bytes]","args":[{"selector":{"id":"application-addressmanagement-display-component---masterAdm--smartFilterBar-filterItemControl_BASIC-COUNTRY-valueHelpDialog-smartFilterBar-btnBasicSearch","searchOpenDialogs":true,"interaction":{"idSuffix":"I"}},"wdio_ui5_key":"applicationaddressmanagement-display-component---masterAdm--smartFilterBar-filterItemControl_BASIC-COUNTRY-valueHelpDialog-smartFilterBar-btnBasicSearch"}]}
RESULT: undefined
COMMAND: POST /session/560a99258fce64537c5c695db0125fa5/execute/async - {"script":"<script> [776 bytes]","args":[{"enterText":"Romania","selector":{"id":"application-addressmanagement-display-component---masterAdm--smartFilterBar-filterItemControl_BASIC-COUNTRY-valueHelpDialog-smartFilterBar-btnBasicSearch","searchOpenDialogs":true,"interaction":{"idSuffix":"I"}},"clearTextFirst":true,"interactionType":"ENTER_TEXT"}]}
RESULT: {"script":"<script> [776 bytes]","args":[{"enterText":"Romania","selector":{"id":"application-addressmanagement-display-component---masterAdm--smartFilterBar-filterItemControl_BASIC-COUNTRY-valueHelpDialog-smartFilterBar-btnBasicSearch","searchOpenDialogs":true,"interaction":{"idSuffix":"I"}},"clearTextFirst":true,"interactionType":"ENTER_TEXT"}]}
COMMAND: POST /session/560a99258fce64537c5c695db0125fa5/actions - {"actions":[{"id":"action7","type":"key","parameters":{},"actions":[{"type":"keyDown","value":""},{"type":"pause","duration":10},{"type":"keyUp","value":""}]}]}
RESULT: {"actions":[{"id":"action7","type":"key","parameters":{},"actions":[{"type":"keyDown","value":""},{"type":"pause","duration":10},{"type":"keyUp","value":""}]}]}
COMMAND: POST /session/560a99258fce64537c5c695db0125fa5/elements - {"using":"xpath","value":"//table[contains(@id, \"smartFilterBar-filterItemControl_BASIC-COUNTRY-valueHelpDialog-table-table\")]/tbody/tr"}
COMMAND: GET /session/560a99258fce64537c5c695db0125fa5/screenshot - {}
RESULT: {"using":"xpath","value":"//table[contains(@id, \"smartFilterBar-filterItemControl_BASIC-COUNTRY-valueHelpDialog-table-table\")]/tbody/tr"}
COMMAND: POST /session/560a99258fce64537c5c695db0125fa5/element - {"using":"xpath","value":"//table[contains(@id, \"smartFilterBar-filterItemControl_BASIC-COUNTRY-valueHelpDialog-table-table\")]/tbody/tr[1]/td[1]/div/span"}
RESULT: {}
RESULT: {"using":"xpath","value":"//table[contains(@id, \"smartFilterBar-filterItemControl_BASIC-COUNTRY-valueHelpDialog-table-table\")]/tbody/tr[1]/td[1]/div/span"}
COMMAND: POST /session/560a99258fce64537c5c695db0125fa5/elements - {"using":"xpath","value":"//table[contains(@id, \"smartFilterBar-filterItemControl_BASIC-COUNTRY-valueHelpDialog-table-table\")]/tbody/tr[1]/td[1]/div/span"}
RESULT: {"using":"xpath","value":"//table[contains(@id, \"smartFilterBar-filterItemControl_BASIC-COUNTRY-valueHelpDialog-table-table\")]/tbody/tr[1]/td[1]/div/span"}
COMMAND: POST /session/560a99258fce64537c5c695db0125fa5/execute/sync - {"script":"<script> [56 bytes]","args":[{"element-6066-11e4-a52e-4f735466cecf":"f.7282C013035C06D49FAEB8971D6FBA80.d.E1D2B53D70A96F1949C2F21804327876.e.1629","ELEMENT":"f.7282C013035C06D49FAEB8971D6FBA80.d.E1D2B53D70A96F1949C2F21804327876.e.1629"}]}
RESULT: {"script":"<script> [56 bytes]","args":[{"element-6066-11e4-a52e-4f735466cecf":"f.7282C013035C06D49FAEB8971D6FBA80.d.E1D2B53D70A96F1949C2F21804327876.e.1629","ELEMENT":"f.7282C013035C06D49FAEB8971D6FBA80.d.E1D2B53D70A96F1949C2F21804327876.e.1629"}]}
COMMAND: POST /session/560a99258fce64537c5c695db0125fa5/element - {"using":"xpath","value":"//div[contains(@id, \"filterItemControl_BASIC-COUNTRY-valueHelpDialog-table-rowsel0\")]"}
COMMAND: GET /session/560a99258fce64537c5c695db0125fa5/screenshot - {}
RESULT: {"using":"xpath","value":"//div[contains(@id, \"filterItemControl_BASIC-COUNTRY-valueHelpDialog-table-rowsel0\")]"}
COMMAND: POST /session/560a99258fce64537c5c695db0125fa5/element/f.7282C013035C06D49FAEB8971D6FBA80.d.E1D2B53D70A96F1949C2F21804327876.e.1630/click - {}
RESULT: {}
RESULT: {}
COMMAND: GET /session/560a99258fce64537c5c695db0125fa5/screenshot - {}
RESULT: {}
COMMAND: POST /session/560a99258fce64537c5c695db0125fa5/element - {"using":"xpath","value":"(//bdi[contains(text(), \"OK\")])[1]"}
RESULT: {"using":"xpath","value":"(//bdi[contains(text(), \"OK\")])[1]"}
COMMAND: POST /session/560a99258fce64537c5c695db0125fa5/element/f.7282C013035C06D49FAEB8971D6FBA80.d.E1D2B53D70A96F1949C2F21804327876.e.1632/click - {}
RESULT: {}
COMMAND: GET /session/560a99258fce64537c5c695db0125fa5/screenshot - {}
RESULT: {}
COMMAND: POST /session/560a99258fce64537c5c695db0125fa5/element - {"using":"xpath","value":"//span[@id=\"application-addressmanagement-display-component---masterAdm--smartTable-header-inner\"]"}
RESULT: {"using":"xpath","value":"//span[@id=\"application-addressmanagement-display-component---masterAdm--smartTable-header-inner\"]"}
COMMAND: POST /session/560a99258fce64537c5c695db0125fa5/elements - {"using":"xpath","value":"//span[@id=\"application-addressmanagement-display-component---masterAdm--smartTable-header-inner\"]"}
RESULT: {"using":"xpath","value":"//span[@id=\"application-addressmanagement-display-component---masterAdm--smartTable-header-inner\"]"}
COMMAND: POST /session/560a99258fce64537c5c695db0125fa5/execute/sync - {"script":"<script> [56 bytes]","args":[{"element-6066-11e4-a52e-4f735466cecf":"f.7282C013035C06D49FAEB8971D6FBA80.d.E1D2B53D70A96F1949C2F21804327876.e.1608","ELEMENT":"f.7282C013035C06D49FAEB8971D6FBA80.d.E1D2B53D70A96F1949C2F21804327876.e.1608"}]}
RESULT: {"script":"<script> [56 bytes]","args":[{"element-6066-11e4-a52e-4f735466cecf":"f.7282C013035C06D49FAEB8971D6FBA80.d.E1D2B53D70A96F1949C2F21804327876.e.1608","ELEMENT":"f.7282C013035C06D49FAEB8971D6FBA80.d.E1D2B53D70A96F1949C2F21804327876.e.1608"}]}
COMMAND: POST /session/560a99258fce64537c5c695db0125fa5/element - {"using":"xpath","value":"//span[contains(@title, \"Remove\")]"}
COMMAND: GET /session/560a99258fce64537c5c695db0125fa5/screenshot - {}
RESULT: {"using":"xpath","value":"//span[contains(@title, \"Remove\")]"}
COMMAND: POST /session/560a99258fce64537c5c695db0125fa5/element/f.7282C013035C06D49FAEB8971D6FBA80.d.E1D2B53D70A96F1949C2F21804327876.e.1758/click - {}
RESULT: {}
RESULT: {}
COMMAND: GET /session/560a99258fce64537c5c695db0125fa5/screenshot - {}
RESULT: {}
COMMAND: POST /session/560a99258fce64537c5c695db0125fa5/element - {"using":"xpath","value":"//span[@id=\"application-addressmanagement-display-component---masterAdm--smartTable-header-inner\"]"}
RESULT: {"using":"xpath","value":"//span[@id=\"application-addressmanagement-display-component---masterAdm--smartTable-header-inner\"]"}
COMMAND: POST /session/560a99258fce64537c5c695db0125fa5/elements - {"using":"xpath","value":"//span[@id=\"application-addressmanagement-display-component---masterAdm--smartTable-header-inner\"]"}
RESULT: {"using":"xpath","value":"//span[@id=\"application-addressmanagement-display-component---masterAdm--smartTable-header-inner\"]"}
COMMAND: POST /session/560a99258fce64537c5c695db0125fa5/execute/sync - {"script":"<script> [56 bytes]","args":[{"element-6066-11e4-a52e-4f735466cecf":"f.7282C013035C06D49FAEB8971D6FBA80.d.E1D2B53D70A96F1949C2F21804327876.e.1608","ELEMENT":"f.7282C013035C06D49FAEB8971D6FBA80.d.E1D2B53D70A96F1949C2F21804327876.e.1608"}]}
RESULT: {"script":"<script> [56 bytes]","args":[{"element-6066-11e4-a52e-4f735466cecf":"f.7282C013035C06D49FAEB8971D6FBA80.d.E1D2B53D70A96F1949C2F21804327876.e.1608","ELEMENT":"f.7282C013035C06D49FAEB8971D6FBA80.d.E1D2B53D70A96F1949C2F21804327876.e.1608"}]}
RESULT: undefined
COMMAND: POST /session/560a99258fce64537c5c695db0125fa5/element - {"using":"xpath","value":"//*[@id=\"application-addressmanagement-display-component---masterAdm--smartFilterBar-filterItemControl_BASIC-COUNTRY-vhi\"]"}
COMMAND: GET /session/560a99258fce64537c5c695db0125fa5/screenshot - {}
RESULT: {"using":"xpath","value":"//*[@id=\"application-addressmanagement-display-component---masterAdm--smartFilterBar-filterItemControl_BASIC-COUNTRY-vhi\"]"}
COMMAND: POST /session/560a99258fce64537c5c695db0125fa5/element/f.7282C013035C06D49FAEB8971D6FBA80.d.E1D2B53D70A96F1949C2F21804327876.e.1609/click - {}
RESULT: {}
RESULT: {}
COMMAND: GET /session/560a99258fce64537c5c695db0125fa5/screenshot - {}
RESULT: {}
RESULT: undefined
COMMAND: POST /session/560a99258fce64537c5c695db0125fa5/execute/async - {"script":"<script> [776 bytes]","args":[{"enterText":"Romania","selector":{"id":"application-addressmanagement-display-component---masterAdm--smartFilterBar-filterItemControl_BASIC-COUNTRY-valueHelpDialog-smartFilterBar-btnBasicSearch","searchOpenDialogs":true,"interaction":{"idSuffix":"I"}},"clearTextFirst":true,"interactionType":"ENTER_TEXT"}]}
RESULT: {"script":"<script> [776 bytes]","args":[{"enterText":"Romania","selector":{"id":"application-addressmanagement-display-component---masterAdm--smartFilterBar-filterItemControl_BASIC-COUNTRY-valueHelpDialog-smartFilterBar-btnBasicSearch","searchOpenDialogs":true,"interaction":{"idSuffix":"I"}},"clearTextFirst":true,"interactionType":"ENTER_TEXT"}]}
COMMAND: POST /session/560a99258fce64537c5c695db0125fa5/actions - {"actions":[{"id":"action8","type":"key","parameters":{},"actions":[{"type":"keyDown","value":""},{"type":"pause","duration":10},{"type":"keyUp","value":""}]}]}
RESULT: {"actions":[{"id":"action8","type":"key","parameters":{},"actions":[{"type":"keyDown","value":""},{"type":"pause","duration":10},{"type":"keyUp","value":""}]}]}
COMMAND: GET /session/560a99258fce64537c5c695db0125fa5/screenshot - {}
RESULT: {}
COMMAND: POST /session/560a99258fce64537c5c695db0125fa5/elements - {"using":"xpath","value":"//table[contains(@id, \"smartFilterBar-filterItemControl_BASIC-COUNTRY-valueHelpDialog-table-table\")]/tbody/tr"}
RESULT: {"using":"xpath","value":"//table[contains(@id, \"smartFilterBar-filterItemControl_BASIC-COUNTRY-valueHelpDialog-table-table\")]/tbody/tr"}
COMMAND: POST /session/560a99258fce64537c5c695db0125fa5/element - {"using":"xpath","value":"//table[contains(@id, \"smartFilterBar-filterItemControl_BASIC-COUNTRY-valueHelpDialog-table-table\")]/tbody/tr[1]/td[1]/div/span"}
RESULT: {"using":"xpath","value":"//table[contains(@id, \"smartFilterBar-filterItemControl_BASIC-COUNTRY-valueHelpDialog-table-table\")]/tbody/tr[1]/td[1]/div/span"}
COMMAND: POST /session/560a99258fce64537c5c695db0125fa5/elements - {"using":"xpath","value":"//table[contains(@id, \"smartFilterBar-filterItemControl_BASIC-COUNTRY-valueHelpDialog-table-table\")]/tbody/tr[1]/td[1]/div/span"}
RESULT: {"using":"xpath","value":"//table[contains(@id, \"smartFilterBar-filterItemControl_BASIC-COUNTRY-valueHelpDialog-table-table\")]/tbody/tr[1]/td[1]/div/span"}
COMMAND: POST /session/560a99258fce64537c5c695db0125fa5/execute/sync - {"script":"<script> [56 bytes]","args":[{"element-6066-11e4-a52e-4f735466cecf":"f.7282C013035C06D49FAEB8971D6FBA80.d.E1D2B53D70A96F1949C2F21804327876.e.1840","ELEMENT":"f.7282C013035C06D49FAEB8971D6FBA80.d.E1D2B53D70A96F1949C2F21804327876.e.1840"}]}
RESULT: {"script":"<script> [56 bytes]","args":[{"element-6066-11e4-a52e-4f735466cecf":"f.7282C013035C06D49FAEB8971D6FBA80.d.E1D2B53D70A96F1949C2F21804327876.e.1840","ELEMENT":"f.7282C013035C06D49FAEB8971D6FBA80.d.E1D2B53D70A96F1949C2F21804327876.e.1840"}]}
COMMAND: POST /session/560a99258fce64537c5c695db0125fa5/element - {"using":"xpath","value":"//div[contains(@id, \"filterItemControl_BASIC-COUNTRY-valueHelpDialog-table-rowsel0\")]"}
COMMAND: GET /session/560a99258fce64537c5c695db0125fa5/screenshot - {}
RESULT: {"using":"xpath","value":"//div[contains(@id, \"filterItemControl_BASIC-COUNTRY-valueHelpDialog-table-rowsel0\")]"}
COMMAND: POST /session/560a99258fce64537c5c695db0125fa5/element/f.7282C013035C06D49FAEB8971D6FBA80.d.E1D2B53D70A96F1949C2F21804327876.e.1841/click - {}
RESULT: {}
RESULT: {}
COMMAND: GET /session/560a99258fce64537c5c695db0125fa5/screenshot - {}
RESULT: {}
RESULT: undefined
COMMAND: POST /session/560a99258fce64537c5c695db0125fa5/element - {"using":"xpath","value":"//*[@id=\"application-addressmanagement-display-component---masterAdm--smartFilterBar-filterItemControl_BASIC-COUNTRY-vhi\"]"}
RESULT: {"using":"xpath","value":"//*[@id=\"application-addressmanagement-display-component---masterAdm--smartFilterBar-filterItemControl_BASIC-COUNTRY-vhi\"]"}
COMMAND: POST /session/560a99258fce64537c5c695db0125fa5/element/f.7282C013035C06D49FAEB8971D6FBA80.d.E1D2B53D70A96F1949C2F21804327876.e.1609/click - {}
RESULT: undefined
COMMAND: POST /session/560a99258fce64537c5c695db0125fa5/execute/async - {"script":"<script> [776 bytes]","args":[{"enterText":"Argentina","selector":{"id":"application-addressmanagement-display-component---masterAdm--smartFilterBar-filterItemControl_BASIC-COUNTRY-valueHelpDialog-smartFilterBar-btnBasicSearch","searchOpenDialogs":true,"interaction":{"idSuffix":"I"}},"clearTextFirst":true,"interactionType":"ENTER_TEXT"}]}
RESULT: {"script":"<script> [776 bytes]","args":[{"enterText":"Argentina","selector":{"id":"application-addressmanagement-display-component---masterAdm--smartFilterBar-filterItemControl_BASIC-COUNTRY-valueHelpDialog-smartFilterBar-btnBasicSearch","searchOpenDialogs":true,"interaction":{"idSuffix":"I"}},"clearTextFirst":true,"interactionType":"ENTER_TEXT"}]}
COMMAND: POST /session/560a99258fce64537c5c695db0125fa5/actions - {"actions":[{"id":"action9","type":"key","parameters":{},"actions":[{"type":"keyDown","value":""},{"type":"pause","duration":10},{"type":"keyUp","value":""}]}]}
RESULT: {"actions":[{"id":"action9","type":"key","parameters":{},"actions":[{"type":"keyDown","value":""},{"type":"pause","duration":10},{"type":"keyUp","value":""}]}]}
COMMAND: GET /session/560a99258fce64537c5c695db0125fa5/screenshot - {}
RESULT: {}
COMMAND: POST /session/560a99258fce64537c5c695db0125fa5/elements - {"using":"xpath","value":"//table[contains(@id, \"smartFilterBar-filterItemControl_BASIC-COUNTRY-valueHelpDialog-table-table\")]/tbody/tr"}
RESULT: {"using":"xpath","value":"//table[contains(@id, \"smartFilterBar-filterItemControl_BASIC-COUNTRY-valueHelpDialog-table-table\")]/tbody/tr"}
COMMAND: POST /session/560a99258fce64537c5c695db0125fa5/element - {"using":"xpath","value":"//table[contains(@id, \"smartFilterBar-filterItemControl_BASIC-COUNTRY-valueHelpDialog-table-table\")]/tbody/tr[1]/td[1]/div/span"}
RESULT: {"using":"xpath","value":"//table[contains(@id, \"smartFilterBar-filterItemControl_BASIC-COUNTRY-valueHelpDialog-table-table\")]/tbody/tr[1]/td[1]/div/span"}
COMMAND: POST /session/560a99258fce64537c5c695db0125fa5/elements - {"using":"xpath","value":"//table[contains(@id, \"smartFilterBar-filterItemControl_BASIC-COUNTRY-valueHelpDialog-table-table\")]/tbody/tr[1]/td[1]/div/span"}
RESULT: {"using":"xpath","value":"//table[contains(@id, \"smartFilterBar-filterItemControl_BASIC-COUNTRY-valueHelpDialog-table-table\")]/tbody/tr[1]/td[1]/div/span"}
COMMAND: POST /session/560a99258fce64537c5c695db0125fa5/execute/sync - {"script":"<script> [56 bytes]","args":[{"element-6066-11e4-a52e-4f735466cecf":"f.7282C013035C06D49FAEB8971D6FBA80.d.E1D2B53D70A96F1949C2F21804327876.e.1840","ELEMENT":"f.7282C013035C06D49FAEB8971D6FBA80.d.E1D2B53D70A96F1949C2F21804327876.e.1840"}]}
RESULT: {"script":"<script> [56 bytes]","args":[{"element-6066-11e4-a52e-4f735466cecf":"f.7282C013035C06D49FAEB8971D6FBA80.d.E1D2B53D70A96F1949C2F21804327876.e.1840","ELEMENT":"f.7282C013035C06D49FAEB8971D6FBA80.d.E1D2B53D70A96F1949C2F21804327876.e.1840"}]}
COMMAND: POST /session/560a99258fce64537c5c695db0125fa5/element - {"using":"xpath","value":"//div[contains(@id, \"filterItemControl_BASIC-COUNTRY-valueHelpDialog-table-rowsel0\")]"}
COMMAND: GET /session/560a99258fce64537c5c695db0125fa5/screenshot - {}
RESULT: {"using":"xpath","value":"//div[contains(@id, \"filterItemControl_BASIC-COUNTRY-valueHelpDialog-table-rowsel0\")]"}
COMMAND: POST /session/560a99258fce64537c5c695db0125fa5/element/f.7282C013035C06D49FAEB8971D6FBA80.d.E1D2B53D70A96F1949C2F21804327876.e.1841/click - {}
RESULT: {}
RESULT: {}
COMMAND: GET /session/560a99258fce64537c5c695db0125fa5/screenshot - {}
RESULT: {}
COMMAND: POST /session/560a99258fce64537c5c695db0125fa5/element - {"using":"xpath","value":"(//bdi[contains(text(), \"OK\")])[1]"}
RESULT: {"using":"xpath","value":"(//bdi[contains(text(), \"OK\")])[1]"}
COMMAND: POST /session/560a99258fce64537c5c695db0125fa5/element/f.7282C013035C06D49FAEB8971D6FBA80.d.E1D2B53D70A96F1949C2F21804327876.e.1843/click - {}
RESULT: {}
COMMAND: GET /session/560a99258fce64537c5c695db0125fa5/screenshot - {}
RESULT: {}
COMMAND: POST /session/560a99258fce64537c5c695db0125fa5/element - {"using":"xpath","value":"//span[@id=\"application-addressmanagement-display-component---masterAdm--smartTable-header-inner\"]"}
RESULT: {"using":"xpath","value":"//span[@id=\"application-addressmanagement-display-component---masterAdm--smartTable-header-inner\"]"}
COMMAND: POST /session/560a99258fce64537c5c695db0125fa5/elements - {"using":"xpath","value":"//span[@id=\"application-addressmanagement-display-component---masterAdm--smartTable-header-inner\"]"}
RESULT: {"using":"xpath","value":"//span[@id=\"application-addressmanagement-display-component---masterAdm--smartTable-header-inner\"]"}
COMMAND: POST /session/560a99258fce64537c5c695db0125fa5/execute/sync - {"script":"<script> [56 bytes]","args":[{"element-6066-11e4-a52e-4f735466cecf":"f.7282C013035C06D49FAEB8971D6FBA80.d.E1D2B53D70A96F1949C2F21804327876.e.1608","ELEMENT":"f.7282C013035C06D49FAEB8971D6FBA80.d.E1D2B53D70A96F1949C2F21804327876.e.1608"}]}
RESULT: {"script":"<script> [56 bytes]","args":[{"element-6066-11e4-a52e-4f735466cecf":"f.7282C013035C06D49FAEB8971D6FBA80.d.E1D2B53D70A96F1949C2F21804327876.e.1608","ELEMENT":"f.7282C013035C06D49FAEB8971D6FBA80.d.E1D2B53D70A96F1949C2F21804327876.e.1608"}]}
COMMAND: POST /session/560a99258fce64537c5c695db0125fa5/execute/async - {"script":"<script> [1562 bytes]","args":[{"selector":{"id":"application-addressmanagement-display-component---masterAdm--smartFilterBar-filterItemControl_BASIC-NAME-vhi"},"wdio_ui5_key":"applicationaddressmanagement-display-component---masterAdm--smartFilterBar-filterItemControl_BASIC-NAME-vhi"}]}
COMMAND: GET /session/560a99258fce64537c5c695db0125fa5/screenshot - {}
RESULT: {"script":"<script> [1562 bytes]","args":[{"selector":{"id":"application-addressmanagement-display-component---masterAdm--smartFilterBar-filterItemControl_BASIC-NAME-vhi"},"wdio_ui5_key":"applicationaddressmanagement-display-component---masterAdm--smartFilterBar-filterItemControl_BASIC-NAME-vhi"}]}
RESULT: undefined
COMMAND: POST /session/560a99258fce64537c5c695db0125fa5/element - {"using":"xpath","value":"//*[@id=\"application-addressmanagement-display-component---masterAdm--smartFilterBar-filterItemControl_BASIC-NAME-vhi\"]"}
RESULT: {}
RESULT: {"using":"xpath","value":"//*[@id=\"application-addressmanagement-display-component---masterAdm--smartFilterBar-filterItemControl_BASIC-NAME-vhi\"]"}
COMMAND: POST /session/560a99258fce64537c5c695db0125fa5/element/f.7282C013035C06D49FAEB8971D6FBA80.d.E1D2B53D70A96F1949C2F21804327876.e.1873/click - {}
RESULT: {}
COMMAND: GET /session/560a99258fce64537c5c695db0125fa5/screenshot - {}
RESULT: {}
COMMAND: POST /session/560a99258fce64537c5c695db0125fa5/execute/async - {"script":"<script> [1562 bytes]","args":[{"selector":{"controlType":"sap.m.Input","viewName":"etm.portal.ui.addressmanagement.view.Master","viewId":"application-addressmanagement-display-component---masterAdm","properties":{"valueState":"None"},"searchOpenDialogs":true,"interaction":{"idSuffix":"inner"}},"wdio_ui5_key":"etmportal.ui.addressmanagement.view.Mastersap.m.Input{\"valueState\":\"None\"}"}]}
RESULT: {"script":"<script> [1562 bytes]","args":[{"selector":{"controlType":"sap.m.Input","viewName":"etm.portal.ui.addressmanagement.view.Master","viewId":"application-addressmanagement-display-component---masterAdm","properties":{"valueState":"None"},"searchOpenDialogs":true,"interaction":{"idSuffix":"inner"}},"wdio_ui5_key":"etmportal.ui.addressmanagement.view.Mastersap.m.Input{\"valueState\":\"None\"}"}]}
RESULT: undefined
COMMAND: POST /session/560a99258fce64537c5c695db0125fa5/execute/async - {"script":"<script> [776 bytes]","args":[{"enterText":"Test","selector":{"controlType":"sap.m.Input","viewName":"etm.portal.ui.addressmanagement.view.Master","viewId":"application-addressmanagement-display-component---masterAdm","properties":{"valueState":"None"},"searchOpenDialogs":true,"interaction":{"idSuffix":"inner"}},"clearTextFirst":true,"interactionType":"ENTER_TEXT"}]}
RESULT: {"script":"<script> [776 bytes]","args":[{"enterText":"Test","selector":{"controlType":"sap.m.Input","viewName":"etm.portal.ui.addressmanagement.view.Master","viewId":"application-addressmanagement-display-component---masterAdm","properties":{"valueState":"None"},"searchOpenDialogs":true,"interaction":{"idSuffix":"inner"}},"clearTextFirst":true,"interactionType":"ENTER_TEXT"}]}
COMMAND: POST /session/560a99258fce64537c5c695db0125fa5/actions - {"actions":[{"id":"action10","type":"key","parameters":{},"actions":[{"type":"keyDown","value":""},{"type":"pause","duration":10},{"type":"keyUp","value":""}]}]}
RESULT: {"actions":[{"id":"action10","type":"key","parameters":{},"actions":[{"type":"keyDown","value":""},{"type":"pause","duration":10},{"type":"keyUp","value":""}]}]}
COMMAND: GET /session/560a99258fce64537c5c695db0125fa5/screenshot - {}
RESULT: {}
COMMAND: POST /session/560a99258fce64537c5c695db0125fa5/element - {"using":"xpath","value":"(//bdi[contains(text(), \"OK\")])[1]"}
RESULT: {"using":"xpath","value":"(//bdi[contains(text(), \"OK\")])[1]"}
COMMAND: POST /session/560a99258fce64537c5c695db0125fa5/element/f.7282C013035C06D49FAEB8971D6FBA80.d.E1D2B53D70A96F1949C2F21804327876.e.1879/click - {}
RESULT: {}
COMMAND: GET /session/560a99258fce64537c5c695db0125fa5/screenshot - {}
RESULT: {}
COMMAND: POST /session/560a99258fce64537c5c695db0125fa5/element - {"using":"xpath","value":"//span[@id=\"application-addressmanagement-display-component---masterAdm--smartTable-header-inner\"]"}
RESULT: {"using":"xpath","value":"//span[@id=\"application-addressmanagement-display-component---masterAdm--smartTable-header-inner\"]"}
COMMAND: POST /session/560a99258fce64537c5c695db0125fa5/elements - {"using":"xpath","value":"//span[@id=\"application-addressmanagement-display-component---masterAdm--smartTable-header-inner\"]"}
RESULT: {"using":"xpath","value":"//span[@id=\"application-addressmanagement-display-component---masterAdm--smartTable-header-inner\"]"}
COMMAND: POST /session/560a99258fce64537c5c695db0125fa5/execute/sync - {"script":"<script> [56 bytes]","args":[{"element-6066-11e4-a52e-4f735466cecf":"f.7282C013035C06D49FAEB8971D6FBA80.d.E1D2B53D70A96F1949C2F21804327876.e.1608","ELEMENT":"f.7282C013035C06D49FAEB8971D6FBA80.d.E1D2B53D70A96F1949C2F21804327876.e.1608"}]}
RESULT: {"script":"<script> [56 bytes]","args":[{"element-6066-11e4-a52e-4f735466cecf":"f.7282C013035C06D49FAEB8971D6FBA80.d.E1D2B53D70A96F1949C2F21804327876.e.1608","ELEMENT":"f.7282C013035C06D49FAEB8971D6FBA80.d.E1D2B53D70A96F1949C2F21804327876.e.1608"}]}
COMMAND: POST /session/560a99258fce64537c5c695db0125fa5/element - {"using":"xpath","value":"//span[contains(@title, \"Remove\")]"}
COMMAND: GET /session/560a99258fce64537c5c695db0125fa5/screenshot - {}
RESULT: {"using":"xpath","value":"//span[contains(@title, \"Remove\")]"}
COMMAND: POST /session/560a99258fce64537c5c695db0125fa5/element/f.7282C013035C06D49FAEB8971D6FBA80.d.E1D2B53D70A96F1949C2F21804327876.e.1957/click - {}
RESULT: {}
RESULT: {}
COMMAND: GET /session/560a99258fce64537c5c695db0125fa5/screenshot - {}
COMMAND: POST /session/560a99258fce64537c5c695db0125fa5/element - {"using":"xpath","value":"//span[contains(@title, \"Remove\")]"}
RESULT: {}
RESULT: {"using":"xpath","value":"//span[contains(@title, \"Remove\")]"}
COMMAND: POST /session/560a99258fce64537c5c695db0125fa5/element/f.7282C013035C06D49FAEB8971D6FBA80.d.E1D2B53D70A96F1949C2F21804327876.e.2032/click - {}
RESULT: {}
COMMAND: GET /session/560a99258fce64537c5c695db0125fa5/screenshot - {}
COMMAND: POST /session/560a99258fce64537c5c695db0125fa5/element - {"using":"xpath","value":"//span[contains(@title, \"Remove\")]"}
RESULT: {}
RESULT: {"using":"xpath","value":"//span[contains(@title, \"Remove\")]"}
COMMAND: POST /session/560a99258fce64537c5c695db0125fa5/element/f.7282C013035C06D49FAEB8971D6FBA80.d.E1D2B53D70A96F1949C2F21804327876.e.2149/click - {}
RESULT: {}
COMMAND: GET /session/560a99258fce64537c5c695db0125fa5/screenshot - {}
RESULT: {}
COMMAND: POST /session/560a99258fce64537c5c695db0125fa5/element - {"using":"css selector","value":"#shell-header-logo"}
RESULT: {"using":"css selector","value":"#shell-header-logo"}
COMMAND: POST /session/560a99258fce64537c5c695db0125fa5/element/f.7282C013035C06D49FAEB8971D6FBA80.d.E1D2B53D70A96F1949C2F21804327876.e.1425/click - {}
RESULT: {}
COMMAND: GET /session/560a99258fce64537c5c695db0125fa5/screenshot - {}
RESULT: {}
]]></system-out>
    </testcase>
    <testcase classname="chrome.136_0_7103_93.windows.Address_Management_Tests_US156181_US151165_US151160_US156180_US156178_US151157_US151172_US151170_US151166_US151168" name="Step 6 Should assign user ID to an user assign them to site US151172" time="74.228">
      <system-out><![CDATA[
RESULT: undefined
COMMAND: POST /session/560a99258fce64537c5c695db0125fa5/element - {"using":"xpath","value":"//*[@id=\"__tile33\"]"}
RESULT: {"using":"xpath","value":"//*[@id=\"__tile33\"]"}
COMMAND: POST /session/560a99258fce64537c5c695db0125fa5/element/f.7282C013035C06D49FAEB8971D6FBA80.d.E1D2B53D70A96F1949C2F21804327876.e.206/click - {}
RESULT: {}
COMMAND: GET /session/560a99258fce64537c5c695db0125fa5/screenshot - {}
RESULT: {}
COMMAND: POST /session/560a99258fce64537c5c695db0125fa5/elements - {"using":"xpath","value":"//span[text()='Error']"}
RESULT: {"using":"xpath","value":"//span[text()='Error']"}
COMMAND: POST /session/560a99258fce64537c5c695db0125fa5/element - {"using":"xpath","value":"//button[@data-kt=\"addButton\"]"}
RESULT: {"using":"xpath","value":"//button[@data-kt=\"addButton\"]"}
COMMAND: POST /session/560a99258fce64537c5c695db0125fa5/elements - {"using":"xpath","value":"//button[@data-kt=\"addButton\"]"}
RESULT: {"using":"xpath","value":"//button[@data-kt=\"addButton\"]"}
COMMAND: POST /session/560a99258fce64537c5c695db0125fa5/execute/sync - {"script":"<script> [8489 bytes]","args":[{"element-6066-11e4-a52e-4f735466cecf":"f.7282C013035C06D49FAEB8971D6FBA80.d.E1D2B53D70A96F1949C2F21804327876.e.2274","ELEMENT":"f.7282C013035C06D49FAEB8971D6FBA80.d.E1D2B53D70A96F1949C2F21804327876.e.2274"}]}
RESULT: {"script":"<script> [8489 bytes]","args":[{"element-6066-11e4-a52e-4f735466cecf":"f.7282C013035C06D49FAEB8971D6FBA80.d.E1D2B53D70A96F1949C2F21804327876.e.2274","ELEMENT":"f.7282C013035C06D49FAEB8971D6FBA80.d.E1D2B53D70A96F1949C2F21804327876.e.2274"}]}
COMMAND: GET /session/560a99258fce64537c5c695db0125fa5/element/f.7282C013035C06D49FAEB8971D6FBA80.d.E1D2B53D70A96F1949C2F21804327876.e.2274/enabled - {}
COMMAND: GET /session/560a99258fce64537c5c695db0125fa5/screenshot - {}
RESULT: {}
COMMAND: POST /session/560a99258fce64537c5c695db0125fa5/execute/sync - {"script":"<script> [8489 bytes]","args":[{"element-6066-11e4-a52e-4f735466cecf":"f.7282C013035C06D49FAEB8971D6FBA80.d.E1D2B53D70A96F1949C2F21804327876.e.2274","ELEMENT":"f.7282C013035C06D49FAEB8971D6FBA80.d.E1D2B53D70A96F1949C2F21804327876.e.2274"}]}
COMMAND: GET /session/560a99258fce64537c5c695db0125fa5/screenshot - {}
RESULT: {}
RESULT: {"script":"<script> [8489 bytes]","args":[{"element-6066-11e4-a52e-4f735466cecf":"f.7282C013035C06D49FAEB8971D6FBA80.d.E1D2B53D70A96F1949C2F21804327876.e.2274","ELEMENT":"f.7282C013035C06D49FAEB8971D6FBA80.d.E1D2B53D70A96F1949C2F21804327876.e.2274"}]}
COMMAND: POST /session/560a99258fce64537c5c695db0125fa5/execute/sync - {"script":"<script> [5351 bytes]","args":[{"element-6066-11e4-a52e-4f735466cecf":"f.7282C013035C06D49FAEB8971D6FBA80.d.E1D2B53D70A96F1949C2F21804327876.e.2274","ELEMENT":"f.7282C013035C06D49FAEB8971D6FBA80.d.E1D2B53D70A96F1949C2F21804327876.e.2274"}]}
COMMAND: GET /session/560a99258fce64537c5c695db0125fa5/screenshot - {}
RESULT: {}
RESULT: {"script":"<script> [5351 bytes]","args":[{"element-6066-11e4-a52e-4f735466cecf":"f.7282C013035C06D49FAEB8971D6FBA80.d.E1D2B53D70A96F1949C2F21804327876.e.2274","ELEMENT":"f.7282C013035C06D49FAEB8971D6FBA80.d.E1D2B53D70A96F1949C2F21804327876.e.2274"}]}
COMMAND: GET /session/560a99258fce64537c5c695db0125fa5/screenshot - {}
RESULT: {}
RESULT: {}
RESULT: undefined
COMMAND: POST /session/560a99258fce64537c5c695db0125fa5/execute/async - {"script":"<script> [776 bytes]","args":[{"enterText":"Test1ETM","selector":{"id":"application-addressmanagement-display-component---masterAdm--smartFilterBar-btnBasicSearch","interaction":{"idSuffix":"I"}},"clearTextFirst":true,"interactionType":"ENTER_TEXT"}]}
RESULT: {"script":"<script> [776 bytes]","args":[{"enterText":"Test1ETM","selector":{"id":"application-addressmanagement-display-component---masterAdm--smartFilterBar-btnBasicSearch","interaction":{"idSuffix":"I"}},"clearTextFirst":true,"interactionType":"ENTER_TEXT"}]}
COMMAND: POST /session/560a99258fce64537c5c695db0125fa5/actions - {"actions":[{"id":"action11","type":"key","parameters":{},"actions":[{"type":"keyDown","value":""},{"type":"pause","duration":10},{"type":"keyUp","value":""}]}]}
RESULT: {"actions":[{"id":"action11","type":"key","parameters":{},"actions":[{"type":"keyDown","value":""},{"type":"pause","duration":10},{"type":"keyUp","value":""}]}]}
COMMAND: GET /session/560a99258fce64537c5c695db0125fa5/screenshot - {}
RESULT: {}
COMMAND: POST /session/560a99258fce64537c5c695db0125fa5/elements - {"using":"xpath","value":"//table[contains(@id, \"customPersonsAddressesTable-listUl\")]/tbody/tr"}
RESULT: {"using":"xpath","value":"//table[contains(@id, \"customPersonsAddressesTable-listUl\")]/tbody/tr"}
COMMAND: POST /session/560a99258fce64537c5c695db0125fa5/element - {"using":"xpath","value":"//table[contains(@id, \"customPersonsAddressesTable-listUl\")]/tbody/tr[1]/td[5]/span/span"}
RESULT: {"using":"xpath","value":"//table[contains(@id, \"customPersonsAddressesTable-listUl\")]/tbody/tr[1]/td[5]/span/span"}
COMMAND: POST /session/560a99258fce64537c5c695db0125fa5/element - {"using":"xpath","value":"//table[contains(@id, \"customPersonsAddressesTable-listUl\")]/tbody/tr[1]/td[3]/span"}
RESULT: {"using":"xpath","value":"//table[contains(@id, \"customPersonsAddressesTable-listUl\")]/tbody/tr[1]/td[3]/span"}
COMMAND: POST /session/560a99258fce64537c5c695db0125fa5/elements - {"using":"xpath","value":"//table[contains(@id, \"customPersonsAddressesTable-listUl\")]/tbody/tr[1]/td[5]/span/span"}
RESULT: {"using":"xpath","value":"//table[contains(@id, \"customPersonsAddressesTable-listUl\")]/tbody/tr[1]/td[5]/span/span"}
COMMAND: POST /session/560a99258fce64537c5c695db0125fa5/execute/sync - {"script":"<script> [56 bytes]","args":[{"element-6066-11e4-a52e-4f735466cecf":"f.7282C013035C06D49FAEB8971D6FBA80.d.E1D2B53D70A96F1949C2F21804327876.e.2419","ELEMENT":"f.7282C013035C06D49FAEB8971D6FBA80.d.E1D2B53D70A96F1949C2F21804327876.e.2419"}]}
RESULT: {"script":"<script> [56 bytes]","args":[{"element-6066-11e4-a52e-4f735466cecf":"f.7282C013035C06D49FAEB8971D6FBA80.d.E1D2B53D70A96F1949C2F21804327876.e.2419","ELEMENT":"f.7282C013035C06D49FAEB8971D6FBA80.d.E1D2B53D70A96F1949C2F21804327876.e.2419"}]}
COMMAND: POST /session/560a99258fce64537c5c695db0125fa5/element - {"using":"xpath","value":"//span[@id=\"application-addressmanagement-display-component---masterAdm--smartTable-header-inner\"]"}
COMMAND: GET /session/560a99258fce64537c5c695db0125fa5/screenshot - {}
RESULT: {"using":"xpath","value":"//span[@id=\"application-addressmanagement-display-component---masterAdm--smartTable-header-inner\"]"}
COMMAND: POST /session/560a99258fce64537c5c695db0125fa5/elements - {"using":"xpath","value":"//span[@id=\"application-addressmanagement-display-component---masterAdm--smartTable-header-inner\"]"}
RESULT: {}
RESULT: {"using":"xpath","value":"//span[@id=\"application-addressmanagement-display-component---masterAdm--smartTable-header-inner\"]"}
COMMAND: POST /session/560a99258fce64537c5c695db0125fa5/execute/sync - {"script":"<script> [56 bytes]","args":[{"element-6066-11e4-a52e-4f735466cecf":"f.7282C013035C06D49FAEB8971D6FBA80.d.E1D2B53D70A96F1949C2F21804327876.e.2421","ELEMENT":"f.7282C013035C06D49FAEB8971D6FBA80.d.E1D2B53D70A96F1949C2F21804327876.e.2421"}]}
RESULT: {"script":"<script> [56 bytes]","args":[{"element-6066-11e4-a52e-4f735466cecf":"f.7282C013035C06D49FAEB8971D6FBA80.d.E1D2B53D70A96F1949C2F21804327876.e.2421","ELEMENT":"f.7282C013035C06D49FAEB8971D6FBA80.d.E1D2B53D70A96F1949C2F21804327876.e.2421"}]}
COMMAND: POST /session/560a99258fce64537c5c695db0125fa5/element - {"using":"css selector","value":"#shell-header-logo"}
COMMAND: GET /session/560a99258fce64537c5c695db0125fa5/screenshot - {}
RESULT: {"using":"css selector","value":"#shell-header-logo"}
COMMAND: POST /session/560a99258fce64537c5c695db0125fa5/element/f.7282C013035C06D49FAEB8971D6FBA80.d.E1D2B53D70A96F1949C2F21804327876.e.2221/click - {}
RESULT: {}
RESULT: {}
COMMAND: GET /session/560a99258fce64537c5c695db0125fa5/screenshot - {}
RESULT: {}
COMMAND: POST /session/560a99258fce64537c5c695db0125fa5/execute/async - {"script":"<script> [1562 bytes]","args":[{"selector":{"controlType":"sap.m.GenericTile","properties":{"header":"Manage Sites"}},"wdio_ui5_key":"sapm.GenericTile{\"header\":\"Manage Sites\"}"}]}
RESULT: {"script":"<script> [1562 bytes]","args":[{"selector":{"controlType":"sap.m.GenericTile","properties":{"header":"Manage Sites"}},"wdio_ui5_key":"sapm.GenericTile{\"header\":\"Manage Sites\"}"}]}
RESULT: undefined
COMMAND: POST /session/560a99258fce64537c5c695db0125fa5/element - {"using":"xpath","value":"//*[@id=\"__tile40\"]"}
RESULT: {"using":"xpath","value":"//*[@id=\"__tile40\"]"}
COMMAND: POST /session/560a99258fce64537c5c695db0125fa5/element/f.7282C013035C06D49FAEB8971D6FBA80.d.E1D2B53D70A96F1949C2F21804327876.e.148/click - {}
RESULT: {}
COMMAND: GET /session/560a99258fce64537c5c695db0125fa5/screenshot - {}
RESULT: {}
COMMAND: POST /session/560a99258fce64537c5c695db0125fa5/elements - {"using":"xpath","value":"//span[text()='Error']"}
RESULT: {"using":"xpath","value":"//span[text()='Error']"}
COMMAND: POST /session/560a99258fce64537c5c695db0125fa5/element - {"using":"xpath","value":"//button[@data-kt=\"addOverflowToolbarButton\"]"}
RESULT: {"using":"xpath","value":"//button[@data-kt=\"addOverflowToolbarButton\"]"}
COMMAND: POST /session/560a99258fce64537c5c695db0125fa5/elements - {"using":"xpath","value":"//button[@data-kt=\"addOverflowToolbarButton\"]"}
RESULT: {"using":"xpath","value":"//button[@data-kt=\"addOverflowToolbarButton\"]"}
COMMAND: POST /session/560a99258fce64537c5c695db0125fa5/execute/sync - {"script":"<script> [8489 bytes]","args":[{"element-6066-11e4-a52e-4f735466cecf":"f.7282C013035C06D49FAEB8971D6FBA80.d.E1D2B53D70A96F1949C2F21804327876.e.2468","ELEMENT":"f.7282C013035C06D49FAEB8971D6FBA80.d.E1D2B53D70A96F1949C2F21804327876.e.2468"}]}
RESULT: {"script":"<script> [8489 bytes]","args":[{"element-6066-11e4-a52e-4f735466cecf":"f.7282C013035C06D49FAEB8971D6FBA80.d.E1D2B53D70A96F1949C2F21804327876.e.2468","ELEMENT":"f.7282C013035C06D49FAEB8971D6FBA80.d.E1D2B53D70A96F1949C2F21804327876.e.2468"}]}
COMMAND: GET /session/560a99258fce64537c5c695db0125fa5/element/f.7282C013035C06D49FAEB8971D6FBA80.d.E1D2B53D70A96F1949C2F21804327876.e.2468/enabled - {}
COMMAND: GET /session/560a99258fce64537c5c695db0125fa5/screenshot - {}
RESULT: {}
COMMAND: POST /session/560a99258fce64537c5c695db0125fa5/execute/sync - {"script":"<script> [8489 bytes]","args":[{"element-6066-11e4-a52e-4f735466cecf":"f.7282C013035C06D49FAEB8971D6FBA80.d.E1D2B53D70A96F1949C2F21804327876.e.2468","ELEMENT":"f.7282C013035C06D49FAEB8971D6FBA80.d.E1D2B53D70A96F1949C2F21804327876.e.2468"}]}
COMMAND: GET /session/560a99258fce64537c5c695db0125fa5/screenshot - {}
RESULT: {}
RESULT: {"script":"<script> [8489 bytes]","args":[{"element-6066-11e4-a52e-4f735466cecf":"f.7282C013035C06D49FAEB8971D6FBA80.d.E1D2B53D70A96F1949C2F21804327876.e.2468","ELEMENT":"f.7282C013035C06D49FAEB8971D6FBA80.d.E1D2B53D70A96F1949C2F21804327876.e.2468"}]}
COMMAND: POST /session/560a99258fce64537c5c695db0125fa5/execute/sync - {"script":"<script> [5351 bytes]","args":[{"element-6066-11e4-a52e-4f735466cecf":"f.7282C013035C06D49FAEB8971D6FBA80.d.E1D2B53D70A96F1949C2F21804327876.e.2468","ELEMENT":"f.7282C013035C06D49FAEB8971D6FBA80.d.E1D2B53D70A96F1949C2F21804327876.e.2468"}]}
COMMAND: GET /session/560a99258fce64537c5c695db0125fa5/screenshot - {}
RESULT: {}
RESULT: {"script":"<script> [5351 bytes]","args":[{"element-6066-11e4-a52e-4f735466cecf":"f.7282C013035C06D49FAEB8971D6FBA80.d.E1D2B53D70A96F1949C2F21804327876.e.2468","ELEMENT":"f.7282C013035C06D49FAEB8971D6FBA80.d.E1D2B53D70A96F1949C2F21804327876.e.2468"}]}
COMMAND: GET /session/560a99258fce64537c5c695db0125fa5/screenshot - {}
RESULT: {}
RESULT: {}
COMMAND: POST /session/560a99258fce64537c5c695db0125fa5/element/f.7282C013035C06D49FAEB8971D6FBA80.d.E1D2B53D70A96F1949C2F21804327876.e.2468/click - {}
RESULT: {}
COMMAND: GET /session/560a99258fce64537c5c695db0125fa5/screenshot - {}
RESULT: {}
COMMAND: POST /session/560a99258fce64537c5c695db0125fa5/execute/async - {"script":"<script> [1562 bytes]","args":[{"selector":{"controlType":"sap.m.Button","viewName":"etm.portal.ui.managesites.view.NewSmartSite","viewId":"application-managesites-display-component---NewSite","properties":{"text":"Contacts (Users)"},"interaction":{"idSuffix":"BDI-content"}},"wdio_ui5_key":"etmportal.ui.managesites.view.NewSmartSitesap.m.Button{\"text\":\"Contacts (Users)\"}"}]}
RESULT: {"script":"<script> [1562 bytes]","args":[{"selector":{"controlType":"sap.m.Button","viewName":"etm.portal.ui.managesites.view.NewSmartSite","viewId":"application-managesites-display-component---NewSite","properties":{"text":"Contacts (Users)"},"interaction":{"idSuffix":"BDI-content"}},"wdio_ui5_key":"etmportal.ui.managesites.view.NewSmartSitesap.m.Button{\"text\":\"Contacts (Users)\"}"}]}
RESULT: undefined
COMMAND: POST /session/560a99258fce64537c5c695db0125fa5/element - {"using":"xpath","value":"//*[@id=\"application-managesites-display-component---NewSite--ObjectPageLayout-anchBar-__section50-anchor\"]"}
RESULT: {"using":"xpath","value":"//*[@id=\"application-managesites-display-component---NewSite--ObjectPageLayout-anchBar-__section50-anchor\"]"}
COMMAND: POST /session/560a99258fce64537c5c695db0125fa5/element/f.7282C013035C06D49FAEB8971D6FBA80.d.E1D2B53D70A96F1949C2F21804327876.e.2863/click - {}
RESULT: {}
COMMAND: GET /session/560a99258fce64537c5c695db0125fa5/screenshot - {}
RESULT: {}
COMMAND: POST /session/560a99258fce64537c5c695db0125fa5/element - {"using":"xpath","value":"//button[@data-kt=\"onAddUserOverflowToolbarButton\"]"}
RESULT: {"using":"xpath","value":"//button[@data-kt=\"onAddUserOverflowToolbarButton\"]"}
COMMAND: POST /session/560a99258fce64537c5c695db0125fa5/element/f.7282C013035C06D49FAEB8971D6FBA80.d.E1D2B53D70A96F1949C2F21804327876.e.2869/click - {}
RESULT: {}
COMMAND: GET /session/560a99258fce64537c5c695db0125fa5/screenshot - {}
RESULT: {}
COMMAND: POST /session/560a99258fce64537c5c695db0125fa5/execute/async - {"script":"<script> [1562 bytes]","args":[{"selector":{"controlType":"sap.m.SearchField","viewName":"etm.portal.ui.managesites.view.NewSmartSite","viewId":"application-managesites-display-component---NewSite","searchOpenDialogs":true,"interaction":{"idSuffix":"I"}},"wdio_ui5_key":"etmportal.ui.managesites.view.NewSmartSitesap.m.SearchField"}]}
RESULT: {"script":"<script> [1562 bytes]","args":[{"selector":{"controlType":"sap.m.SearchField","viewName":"etm.portal.ui.managesites.view.NewSmartSite","viewId":"application-managesites-display-component---NewSite","searchOpenDialogs":true,"interaction":{"idSuffix":"I"}},"wdio_ui5_key":"etmportal.ui.managesites.view.NewSmartSitesap.m.SearchField"}]}
RESULT: undefined
COMMAND: POST /session/560a99258fce64537c5c695db0125fa5/execute/async - {"script":"<script> [776 bytes]","args":[{"enterText":"Test1ETM","selector":{"controlType":"sap.m.SearchField","viewName":"etm.portal.ui.managesites.view.NewSmartSite","viewId":"application-managesites-display-component---NewSite","searchOpenDialogs":true,"interaction":{"idSuffix":"I"}},"clearTextFirst":true,"interactionType":"ENTER_TEXT"}]}
RESULT: {"script":"<script> [776 bytes]","args":[{"enterText":"Test1ETM","selector":{"controlType":"sap.m.SearchField","viewName":"etm.portal.ui.managesites.view.NewSmartSite","viewId":"application-managesites-display-component---NewSite","searchOpenDialogs":true,"interaction":{"idSuffix":"I"}},"clearTextFirst":true,"interactionType":"ENTER_TEXT"}]}
COMMAND: POST /session/560a99258fce64537c5c695db0125fa5/actions - {"actions":[{"id":"action12","type":"key","parameters":{},"actions":[{"type":"keyDown","value":""},{"type":"pause","duration":10},{"type":"keyUp","value":""}]}]}
RESULT: {"actions":[{"id":"action12","type":"key","parameters":{},"actions":[{"type":"keyDown","value":""},{"type":"pause","duration":10},{"type":"keyUp","value":""}]}]}
COMMAND: GET /session/560a99258fce64537c5c695db0125fa5/screenshot - {}
RESULT: {}
COMMAND: POST /session/560a99258fce64537c5c695db0125fa5/element - {"using":"xpath","value":"//li[.//*[contains(text(), \"Test1ETM\")] or contains(text(), \"Test1ETM\")]"}
RESULT: {"using":"xpath","value":"//li[.//*[contains(text(), \"Test1ETM\")] or contains(text(), \"Test1ETM\")]"}
COMMAND: POST /session/560a99258fce64537c5c695db0125fa5/elements - {"using":"xpath","value":"//li[.//*[contains(text(), \"Test1ETM\")] or contains(text(), \"Test1ETM\")]"}
RESULT: {"using":"xpath","value":"//li[.//*[contains(text(), \"Test1ETM\")] or contains(text(), \"Test1ETM\")]"}
COMMAND: POST /session/560a99258fce64537c5c695db0125fa5/element - {"using":"xpath","value":"//button[.//bdi[contains(text(), \"Cancel\")]][1]"}
RESULT: {"using":"xpath","value":"//button[.//bdi[contains(text(), \"Cancel\")]][1]"}
COMMAND: POST /session/560a99258fce64537c5c695db0125fa5/element/f.7282C013035C06D49FAEB8971D6FBA80.d.E1D2B53D70A96F1949C2F21804327876.e.2875/click - {}
RESULT: {}
COMMAND: GET /session/560a99258fce64537c5c695db0125fa5/screenshot - {}
RESULT: {}
COMMAND: POST /session/560a99258fce64537c5c695db0125fa5/element - {"using":"css selector","value":"#shell-header-logo"}
RESULT: {"using":"css selector","value":"#shell-header-logo"}
COMMAND: POST /session/560a99258fce64537c5c695db0125fa5/element/f.7282C013035C06D49FAEB8971D6FBA80.d.E1D2B53D70A96F1949C2F21804327876.e.2426/click - {}
RESULT: {}
COMMAND: GET /session/560a99258fce64537c5c695db0125fa5/screenshot - {}
RESULT: {}
]]></system-out>
    </testcase>
    <testcase classname="chrome.136_0_7103_93.windows.Address_Management_Tests_US156181_US151165_US151160_US156180_US156178_US151157_US151172_US151170_US151166_US151168" name="Step 7 Should try to save empty address US151170 BUGGED FOR NOW" time="102.922">
      <failure/>
      <error message="Expect $(`//span[contains(@class, &quot;sapMMsgBoxText&quot;)]`) to be existing&#xA;&#xA;Expected: &quot;existing&quot;&#xA;Received: &quot;not existing&quot;"/>
      <system-out><![CDATA[
RESULT: undefined
COMMAND: POST /session/560a99258fce64537c5c695db0125fa5/element - {"using":"xpath","value":"//*[@id=\"__tile33\"]"}
RESULT: {"using":"xpath","value":"//*[@id=\"__tile33\"]"}
COMMAND: POST /session/560a99258fce64537c5c695db0125fa5/element/f.7282C013035C06D49FAEB8971D6FBA80.d.E1D2B53D70A96F1949C2F21804327876.e.206/click - {}
RESULT: {}
COMMAND: GET /session/560a99258fce64537c5c695db0125fa5/screenshot - {}
RESULT: {}
COMMAND: POST /session/560a99258fce64537c5c695db0125fa5/elements - {"using":"xpath","value":"//span[text()='Error']"}
RESULT: {"using":"xpath","value":"//span[text()='Error']"}
COMMAND: POST /session/560a99258fce64537c5c695db0125fa5/element - {"using":"xpath","value":"//button[@data-kt=\"addButton\"]"}
RESULT: {"using":"xpath","value":"//button[@data-kt=\"addButton\"]"}
COMMAND: POST /session/560a99258fce64537c5c695db0125fa5/elements - {"using":"xpath","value":"//button[@data-kt=\"addButton\"]"}
RESULT: {"using":"xpath","value":"//button[@data-kt=\"addButton\"]"}
COMMAND: POST /session/560a99258fce64537c5c695db0125fa5/execute/sync - {"script":"<script> [8489 bytes]","args":[{"element-6066-11e4-a52e-4f735466cecf":"f.7282C013035C06D49FAEB8971D6FBA80.d.E1D2B53D70A96F1949C2F21804327876.e.2935","ELEMENT":"f.7282C013035C06D49FAEB8971D6FBA80.d.E1D2B53D70A96F1949C2F21804327876.e.2935"}]}
RESULT: {"script":"<script> [8489 bytes]","args":[{"element-6066-11e4-a52e-4f735466cecf":"f.7282C013035C06D49FAEB8971D6FBA80.d.E1D2B53D70A96F1949C2F21804327876.e.2935","ELEMENT":"f.7282C013035C06D49FAEB8971D6FBA80.d.E1D2B53D70A96F1949C2F21804327876.e.2935"}]}
COMMAND: GET /session/560a99258fce64537c5c695db0125fa5/element/f.7282C013035C06D49FAEB8971D6FBA80.d.E1D2B53D70A96F1949C2F21804327876.e.2935/enabled - {}
COMMAND: GET /session/560a99258fce64537c5c695db0125fa5/screenshot - {}
RESULT: {}
COMMAND: POST /session/560a99258fce64537c5c695db0125fa5/execute/sync - {"script":"<script> [8489 bytes]","args":[{"element-6066-11e4-a52e-4f735466cecf":"f.7282C013035C06D49FAEB8971D6FBA80.d.E1D2B53D70A96F1949C2F21804327876.e.2935","ELEMENT":"f.7282C013035C06D49FAEB8971D6FBA80.d.E1D2B53D70A96F1949C2F21804327876.e.2935"}]}
COMMAND: GET /session/560a99258fce64537c5c695db0125fa5/screenshot - {}
RESULT: {}
RESULT: {"script":"<script> [8489 bytes]","args":[{"element-6066-11e4-a52e-4f735466cecf":"f.7282C013035C06D49FAEB8971D6FBA80.d.E1D2B53D70A96F1949C2F21804327876.e.2935","ELEMENT":"f.7282C013035C06D49FAEB8971D6FBA80.d.E1D2B53D70A96F1949C2F21804327876.e.2935"}]}
COMMAND: POST /session/560a99258fce64537c5c695db0125fa5/execute/sync - {"script":"<script> [5351 bytes]","args":[{"element-6066-11e4-a52e-4f735466cecf":"f.7282C013035C06D49FAEB8971D6FBA80.d.E1D2B53D70A96F1949C2F21804327876.e.2935","ELEMENT":"f.7282C013035C06D49FAEB8971D6FBA80.d.E1D2B53D70A96F1949C2F21804327876.e.2935"}]}
COMMAND: GET /session/560a99258fce64537c5c695db0125fa5/screenshot - {}
RESULT: {}
RESULT: {"script":"<script> [5351 bytes]","args":[{"element-6066-11e4-a52e-4f735466cecf":"f.7282C013035C06D49FAEB8971D6FBA80.d.E1D2B53D70A96F1949C2F21804327876.e.2935","ELEMENT":"f.7282C013035C06D49FAEB8971D6FBA80.d.E1D2B53D70A96F1949C2F21804327876.e.2935"}]}
COMMAND: GET /session/560a99258fce64537c5c695db0125fa5/screenshot - {}
RESULT: {}
RESULT: {}
RESULT: undefined
COMMAND: POST /session/560a99258fce64537c5c695db0125fa5/execute/async - {"script":"<script> [776 bytes]","args":[{"enterText":"5o8BxAkdfj","selector":{"id":"application-addressmanagement-display-component---masterAdm--smartFilterBar-btnBasicSearch","interaction":{"idSuffix":"I"}},"clearTextFirst":true,"interactionType":"ENTER_TEXT"}]}
RESULT: {"script":"<script> [776 bytes]","args":[{"enterText":"5o8BxAkdfj","selector":{"id":"application-addressmanagement-display-component---masterAdm--smartFilterBar-btnBasicSearch","interaction":{"idSuffix":"I"}},"clearTextFirst":true,"interactionType":"ENTER_TEXT"}]}
COMMAND: POST /session/560a99258fce64537c5c695db0125fa5/actions - {"actions":[{"id":"action13","type":"key","parameters":{},"actions":[{"type":"keyDown","value":""},{"type":"pause","duration":10},{"type":"keyUp","value":""}]}]}
RESULT: {"actions":[{"id":"action13","type":"key","parameters":{},"actions":[{"type":"keyDown","value":""},{"type":"pause","duration":10},{"type":"keyUp","value":""}]}]}
COMMAND: GET /session/560a99258fce64537c5c695db0125fa5/screenshot - {}
RESULT: {}
COMMAND: POST /session/560a99258fce64537c5c695db0125fa5/elements - {"using":"xpath","value":"//table[contains(@id, \"customPersonsAddressesTable-listUl\")]/tbody/tr"}
RESULT: {"using":"xpath","value":"//table[contains(@id, \"customPersonsAddressesTable-listUl\")]/tbody/tr"}
COMMAND: POST /session/560a99258fce64537c5c695db0125fa5/element - {"using":"xpath","value":"//table[contains(@id, \"customPersonsAddressesTable-listUl\")]/tbody/tr[1]/td[5]/span/span"}
RESULT: {"using":"xpath","value":"//table[contains(@id, \"customPersonsAddressesTable-listUl\")]/tbody/tr[1]/td[5]/span/span"}
COMMAND: POST /session/560a99258fce64537c5c695db0125fa5/element - {"using":"xpath","value":"//table[contains(@id, \"customPersonsAddressesTable-listUl\")]/tbody/tr[1]/td[3]/span"}
RESULT: {"using":"xpath","value":"//table[contains(@id, \"customPersonsAddressesTable-listUl\")]/tbody/tr[1]/td[3]/span"}
COMMAND: POST /session/560a99258fce64537c5c695db0125fa5/elements - {"using":"xpath","value":"//table[contains(@id, \"customPersonsAddressesTable-listUl\")]/tbody/tr[1]/td[5]/span/span"}
RESULT: {"using":"xpath","value":"//table[contains(@id, \"customPersonsAddressesTable-listUl\")]/tbody/tr[1]/td[5]/span/span"}
COMMAND: POST /session/560a99258fce64537c5c695db0125fa5/execute/sync - {"script":"<script> [56 bytes]","args":[{"element-6066-11e4-a52e-4f735466cecf":"f.7282C013035C06D49FAEB8971D6FBA80.d.E1D2B53D70A96F1949C2F21804327876.e.3076","ELEMENT":"f.7282C013035C06D49FAEB8971D6FBA80.d.E1D2B53D70A96F1949C2F21804327876.e.3076"}]}
RESULT: {"script":"<script> [56 bytes]","args":[{"element-6066-11e4-a52e-4f735466cecf":"f.7282C013035C06D49FAEB8971D6FBA80.d.E1D2B53D70A96F1949C2F21804327876.e.3076","ELEMENT":"f.7282C013035C06D49FAEB8971D6FBA80.d.E1D2B53D70A96F1949C2F21804327876.e.3076"}]}
COMMAND: POST /session/560a99258fce64537c5c695db0125fa5/element - {"using":"xpath","value":"(//span[contains(@id, \"imgNav\")])[1]"}
COMMAND: GET /session/560a99258fce64537c5c695db0125fa5/screenshot - {}
RESULT: {"using":"xpath","value":"(//span[contains(@id, \"imgNav\")])[1]"}
COMMAND: POST /session/560a99258fce64537c5c695db0125fa5/element/f.7282C013035C06D49FAEB8971D6FBA80.d.E1D2B53D70A96F1949C2F21804327876.e.3071/click - {}
RESULT: {}
RESULT: {}
COMMAND: GET /session/560a99258fce64537c5c695db0125fa5/screenshot - {}
RESULT: {}
COMMAND: POST /session/560a99258fce64537c5c695db0125fa5/element - {"using":"xpath","value":"//bdi[contains(text(), \"Edit\")]"}
RESULT: {"using":"xpath","value":"//bdi[contains(text(), \"Edit\")]"}
COMMAND: POST /session/560a99258fce64537c5c695db0125fa5/element/f.7282C013035C06D49FAEB8971D6FBA80.d.E1D2B53D70A96F1949C2F21804327876.e.3203/click - {}
RESULT: {}
COMMAND: GET /session/560a99258fce64537c5c695db0125fa5/screenshot - {}
RESULT: {}
COMMAND: POST /session/560a99258fce64537c5c695db0125fa5/execute/async - {"script":"<script> [1562 bytes]","args":[{"selector":{"controlType":"sap.m.Input","viewName":"etm.portal.ui.addressmanagement.view.EditDetail","labelFor":{"text":"Name"},"interaction":{"idSuffix":"inner"}},"wdio_ui5_key":"etmportal.ui.addressmanagement.view.EditDetailsap.m.Input{\"text\":\"Name\"}"}]}
RESULT: {"script":"<script> [1562 bytes]","args":[{"selector":{"controlType":"sap.m.Input","viewName":"etm.portal.ui.addressmanagement.view.EditDetail","labelFor":{"text":"Name"},"interaction":{"idSuffix":"inner"}},"wdio_ui5_key":"etmportal.ui.addressmanagement.view.EditDetailsap.m.Input{\"text\":\"Name\"}"}]}
RESULT: undefined
COMMAND: POST /session/560a99258fce64537c5c695db0125fa5/element - {"using":"css selector","value":"#shell-header-logo"}
RESULT: {"using":"css selector","value":"#shell-header-logo"}
COMMAND: POST /session/560a99258fce64537c5c695db0125fa5/element/f.7282C013035C06D49FAEB8971D6FBA80.d.E1D2B53D70A96F1949C2F21804327876.e.2880/click - {}
RESULT: {}
COMMAND: GET /session/560a99258fce64537c5c695db0125fa5/screenshot - {}
RESULT: {}
COMMAND: POST /session/560a99258fce64537c5c695db0125fa5/element - {"using":"xpath","value":"//span[contains(@class, \"sapMMsgBoxText\")]"}
RESULT: {"using":"xpath","value":"//span[contains(@class, \"sapMMsgBoxText\")]"}
COMMAND: POST /session/560a99258fce64537c5c695db0125fa5/elements - {"using":"xpath","value":"//span[contains(@class, \"sapMMsgBoxText\")]"}
RESULT: {"using":"xpath","value":"//span[contains(@class, \"sapMMsgBoxText\")]"}
COMMAND: POST /session/560a99258fce64537c5c695db0125fa5/elements - {"using":"xpath","value":"//span[contains(@class, \"sapMMsgBoxText\")]"}
RESULT: {"using":"xpath","value":"//span[contains(@class, \"sapMMsgBoxText\")]"}
COMMAND: POST /session/560a99258fce64537c5c695db0125fa5/elements - {"using":"xpath","value":"//span[contains(@class, \"sapMMsgBoxText\")]"}
RESULT: {"using":"xpath","value":"//span[contains(@class, \"sapMMsgBoxText\")]"}
COMMAND: POST /session/560a99258fce64537c5c695db0125fa5/elements - {"using":"xpath","value":"//span[contains(@class, \"sapMMsgBoxText\")]"}
RESULT: {"using":"xpath","value":"//span[contains(@class, \"sapMMsgBoxText\")]"}
COMMAND: POST /session/560a99258fce64537c5c695db0125fa5/elements - {"using":"xpath","value":"//span[contains(@class, \"sapMMsgBoxText\")]"}
RESULT: {"using":"xpath","value":"//span[contains(@class, \"sapMMsgBoxText\")]"}
COMMAND: POST /session/560a99258fce64537c5c695db0125fa5/elements - {"using":"xpath","value":"//span[contains(@class, \"sapMMsgBoxText\")]"}
RESULT: {"using":"xpath","value":"//span[contains(@class, \"sapMMsgBoxText\")]"}
COMMAND: POST /session/560a99258fce64537c5c695db0125fa5/elements - {"using":"xpath","value":"//span[contains(@class, \"sapMMsgBoxText\")]"}
RESULT: {"using":"xpath","value":"//span[contains(@class, \"sapMMsgBoxText\")]"}
COMMAND: POST /session/560a99258fce64537c5c695db0125fa5/elements - {"using":"xpath","value":"//span[contains(@class, \"sapMMsgBoxText\")]"}
RESULT: {"using":"xpath","value":"//span[contains(@class, \"sapMMsgBoxText\")]"}
COMMAND: POST /session/560a99258fce64537c5c695db0125fa5/elements - {"using":"xpath","value":"//span[contains(@class, \"sapMMsgBoxText\")]"}
RESULT: {"using":"xpath","value":"//span[contains(@class, \"sapMMsgBoxText\")]"}
COMMAND: POST /session/560a99258fce64537c5c695db0125fa5/elements - {"using":"xpath","value":"//span[contains(@class, \"sapMMsgBoxText\")]"}
RESULT: {"using":"xpath","value":"//span[contains(@class, \"sapMMsgBoxText\")]"}
COMMAND: POST /session/560a99258fce64537c5c695db0125fa5/elements - {"using":"xpath","value":"//span[contains(@class, \"sapMMsgBoxText\")]"}
RESULT: {"using":"xpath","value":"//span[contains(@class, \"sapMMsgBoxText\")]"}
COMMAND: POST /session/560a99258fce64537c5c695db0125fa5/elements - {"using":"xpath","value":"//span[contains(@class, \"sapMMsgBoxText\")]"}
RESULT: {"using":"xpath","value":"//span[contains(@class, \"sapMMsgBoxText\")]"}
COMMAND: POST /session/560a99258fce64537c5c695db0125fa5/elements - {"using":"xpath","value":"//span[contains(@class, \"sapMMsgBoxText\")]"}
RESULT: {"using":"xpath","value":"//span[contains(@class, \"sapMMsgBoxText\")]"}
COMMAND: POST /session/560a99258fce64537c5c695db0125fa5/elements - {"using":"xpath","value":"//span[contains(@class, \"sapMMsgBoxText\")]"}
RESULT: {"using":"xpath","value":"//span[contains(@class, \"sapMMsgBoxText\")]"}
COMMAND: POST /session/560a99258fce64537c5c695db0125fa5/elements - {"using":"xpath","value":"//span[contains(@class, \"sapMMsgBoxText\")]"}
RESULT: {"using":"xpath","value":"//span[contains(@class, \"sapMMsgBoxText\")]"}
COMMAND: POST /session/560a99258fce64537c5c695db0125fa5/elements - {"using":"xpath","value":"//span[contains(@class, \"sapMMsgBoxText\")]"}
RESULT: {"using":"xpath","value":"//span[contains(@class, \"sapMMsgBoxText\")]"}
COMMAND: POST /session/560a99258fce64537c5c695db0125fa5/elements - {"using":"xpath","value":"//span[contains(@class, \"sapMMsgBoxText\")]"}
RESULT: {"using":"xpath","value":"//span[contains(@class, \"sapMMsgBoxText\")]"}
COMMAND: POST /session/560a99258fce64537c5c695db0125fa5/elements - {"using":"xpath","value":"//span[contains(@class, \"sapMMsgBoxText\")]"}
RESULT: {"using":"xpath","value":"//span[contains(@class, \"sapMMsgBoxText\")]"}
COMMAND: POST /session/560a99258fce64537c5c695db0125fa5/elements - {"using":"xpath","value":"//span[contains(@class, \"sapMMsgBoxText\")]"}
RESULT: {"using":"xpath","value":"//span[contains(@class, \"sapMMsgBoxText\")]"}
COMMAND: POST /session/560a99258fce64537c5c695db0125fa5/elements - {"using":"xpath","value":"//span[contains(@class, \"sapMMsgBoxText\")]"}
RESULT: {"using":"xpath","value":"//span[contains(@class, \"sapMMsgBoxText\")]"}
COMMAND: POST /session/560a99258fce64537c5c695db0125fa5/elements - {"using":"xpath","value":"//span[contains(@class, \"sapMMsgBoxText\")]"}
RESULT: {"using":"xpath","value":"//span[contains(@class, \"sapMMsgBoxText\")]"}
COMMAND: POST /session/560a99258fce64537c5c695db0125fa5/elements - {"using":"xpath","value":"//span[contains(@class, \"sapMMsgBoxText\")]"}
RESULT: {"using":"xpath","value":"//span[contains(@class, \"sapMMsgBoxText\")]"}
COMMAND: POST /session/560a99258fce64537c5c695db0125fa5/elements - {"using":"xpath","value":"//span[contains(@class, \"sapMMsgBoxText\")]"}
RESULT: {"using":"xpath","value":"//span[contains(@class, \"sapMMsgBoxText\")]"}
COMMAND: POST /session/560a99258fce64537c5c695db0125fa5/elements - {"using":"xpath","value":"//span[contains(@class, \"sapMMsgBoxText\")]"}
RESULT: {"using":"xpath","value":"//span[contains(@class, \"sapMMsgBoxText\")]"}
COMMAND: POST /session/560a99258fce64537c5c695db0125fa5/elements - {"using":"xpath","value":"//span[contains(@class, \"sapMMsgBoxText\")]"}
RESULT: {"using":"xpath","value":"//span[contains(@class, \"sapMMsgBoxText\")]"}
COMMAND: POST /session/560a99258fce64537c5c695db0125fa5/elements - {"using":"xpath","value":"//span[contains(@class, \"sapMMsgBoxText\")]"}
RESULT: {"using":"xpath","value":"//span[contains(@class, \"sapMMsgBoxText\")]"}
COMMAND: POST /session/560a99258fce64537c5c695db0125fa5/elements - {"using":"xpath","value":"//span[contains(@class, \"sapMMsgBoxText\")]"}
RESULT: {"using":"xpath","value":"//span[contains(@class, \"sapMMsgBoxText\")]"}
COMMAND: POST /session/560a99258fce64537c5c695db0125fa5/elements - {"using":"xpath","value":"//span[contains(@class, \"sapMMsgBoxText\")]"}
RESULT: {"using":"xpath","value":"//span[contains(@class, \"sapMMsgBoxText\")]"}
COMMAND: POST /session/560a99258fce64537c5c695db0125fa5/elements - {"using":"xpath","value":"//span[contains(@class, \"sapMMsgBoxText\")]"}
RESULT: {"using":"xpath","value":"//span[contains(@class, \"sapMMsgBoxText\")]"}
COMMAND: POST /session/560a99258fce64537c5c695db0125fa5/elements - {"using":"xpath","value":"//span[contains(@class, \"sapMMsgBoxText\")]"}
RESULT: {"using":"xpath","value":"//span[contains(@class, \"sapMMsgBoxText\")]"}
COMMAND: POST /session/560a99258fce64537c5c695db0125fa5/elements - {"using":"xpath","value":"//span[contains(@class, \"sapMMsgBoxText\")]"}
RESULT: {"using":"xpath","value":"//span[contains(@class, \"sapMMsgBoxText\")]"}
COMMAND: POST /session/560a99258fce64537c5c695db0125fa5/elements - {"using":"xpath","value":"//span[contains(@class, \"sapMMsgBoxText\")]"}
RESULT: {"using":"xpath","value":"//span[contains(@class, \"sapMMsgBoxText\")]"}
COMMAND: POST /session/560a99258fce64537c5c695db0125fa5/elements - {"using":"xpath","value":"//span[contains(@class, \"sapMMsgBoxText\")]"}
RESULT: {"using":"xpath","value":"//span[contains(@class, \"sapMMsgBoxText\")]"}
COMMAND: POST /session/560a99258fce64537c5c695db0125fa5/elements - {"using":"xpath","value":"//span[contains(@class, \"sapMMsgBoxText\")]"}
RESULT: {"using":"xpath","value":"//span[contains(@class, \"sapMMsgBoxText\")]"}
COMMAND: POST /session/560a99258fce64537c5c695db0125fa5/elements - {"using":"xpath","value":"//span[contains(@class, \"sapMMsgBoxText\")]"}
RESULT: {"using":"xpath","value":"//span[contains(@class, \"sapMMsgBoxText\")]"}
COMMAND: POST /session/560a99258fce64537c5c695db0125fa5/elements - {"using":"xpath","value":"//span[contains(@class, \"sapMMsgBoxText\")]"}
RESULT: {"using":"xpath","value":"//span[contains(@class, \"sapMMsgBoxText\")]"}
COMMAND: POST /session/560a99258fce64537c5c695db0125fa5/elements - {"using":"xpath","value":"//span[contains(@class, \"sapMMsgBoxText\")]"}
RESULT: {"using":"xpath","value":"//span[contains(@class, \"sapMMsgBoxText\")]"}
COMMAND: POST /session/560a99258fce64537c5c695db0125fa5/elements - {"using":"xpath","value":"//span[contains(@class, \"sapMMsgBoxText\")]"}
RESULT: {"using":"xpath","value":"//span[contains(@class, \"sapMMsgBoxText\")]"}
COMMAND: POST /session/560a99258fce64537c5c695db0125fa5/elements - {"using":"xpath","value":"//span[contains(@class, \"sapMMsgBoxText\")]"}
RESULT: {"using":"xpath","value":"//span[contains(@class, \"sapMMsgBoxText\")]"}
COMMAND: POST /session/560a99258fce64537c5c695db0125fa5/elements - {"using":"xpath","value":"//span[contains(@class, \"sapMMsgBoxText\")]"}
RESULT: {"using":"xpath","value":"//span[contains(@class, \"sapMMsgBoxText\")]"}
COMMAND: POST /session/560a99258fce64537c5c695db0125fa5/elements - {"using":"xpath","value":"//span[contains(@class, \"sapMMsgBoxText\")]"}
RESULT: {"using":"xpath","value":"//span[contains(@class, \"sapMMsgBoxText\")]"}
COMMAND: POST /session/560a99258fce64537c5c695db0125fa5/elements - {"using":"xpath","value":"//span[contains(@class, \"sapMMsgBoxText\")]"}
RESULT: {"using":"xpath","value":"//span[contains(@class, \"sapMMsgBoxText\")]"}
COMMAND: POST /session/560a99258fce64537c5c695db0125fa5/elements - {"using":"xpath","value":"//span[contains(@class, \"sapMMsgBoxText\")]"}
RESULT: {"using":"xpath","value":"//span[contains(@class, \"sapMMsgBoxText\")]"}
COMMAND: POST /session/560a99258fce64537c5c695db0125fa5/elements - {"using":"xpath","value":"//span[contains(@class, \"sapMMsgBoxText\")]"}
RESULT: {"using":"xpath","value":"//span[contains(@class, \"sapMMsgBoxText\")]"}
COMMAND: POST /session/560a99258fce64537c5c695db0125fa5/elements - {"using":"xpath","value":"//span[contains(@class, \"sapMMsgBoxText\")]"}
RESULT: {"using":"xpath","value":"//span[contains(@class, \"sapMMsgBoxText\")]"}
COMMAND: POST /session/560a99258fce64537c5c695db0125fa5/elements - {"using":"xpath","value":"//span[contains(@class, \"sapMMsgBoxText\")]"}
RESULT: {"using":"xpath","value":"//span[contains(@class, \"sapMMsgBoxText\")]"}
COMMAND: POST /session/560a99258fce64537c5c695db0125fa5/elements - {"using":"xpath","value":"//span[contains(@class, \"sapMMsgBoxText\")]"}
RESULT: {"using":"xpath","value":"//span[contains(@class, \"sapMMsgBoxText\")]"}
COMMAND: POST /session/560a99258fce64537c5c695db0125fa5/elements - {"using":"xpath","value":"//span[contains(@class, \"sapMMsgBoxText\")]"}
RESULT: {"using":"xpath","value":"//span[contains(@class, \"sapMMsgBoxText\")]"}
COMMAND: POST /session/560a99258fce64537c5c695db0125fa5/elements - {"using":"xpath","value":"//span[contains(@class, \"sapMMsgBoxText\")]"}
RESULT: {"using":"xpath","value":"//span[contains(@class, \"sapMMsgBoxText\")]"}
COMMAND: POST /session/560a99258fce64537c5c695db0125fa5/elements - {"using":"xpath","value":"//span[contains(@class, \"sapMMsgBoxText\")]"}
RESULT: {"using":"xpath","value":"//span[contains(@class, \"sapMMsgBoxText\")]"}
COMMAND: POST /session/560a99258fce64537c5c695db0125fa5/elements - {"using":"xpath","value":"//span[contains(@class, \"sapMMsgBoxText\")]"}
RESULT: {"using":"xpath","value":"//span[contains(@class, \"sapMMsgBoxText\")]"}
COMMAND: POST /session/560a99258fce64537c5c695db0125fa5/elements - {"using":"xpath","value":"//span[contains(@class, \"sapMMsgBoxText\")]"}
RESULT: {"using":"xpath","value":"//span[contains(@class, \"sapMMsgBoxText\")]"}
COMMAND: POST /session/560a99258fce64537c5c695db0125fa5/elements - {"using":"xpath","value":"//span[contains(@class, \"sapMMsgBoxText\")]"}
RESULT: {"using":"xpath","value":"//span[contains(@class, \"sapMMsgBoxText\")]"}
COMMAND: POST /session/560a99258fce64537c5c695db0125fa5/elements - {"using":"xpath","value":"//span[contains(@class, \"sapMMsgBoxText\")]"}
RESULT: {"using":"xpath","value":"//span[contains(@class, \"sapMMsgBoxText\")]"}
COMMAND: POST /session/560a99258fce64537c5c695db0125fa5/elements - {"using":"xpath","value":"//span[contains(@class, \"sapMMsgBoxText\")]"}
RESULT: {"using":"xpath","value":"//span[contains(@class, \"sapMMsgBoxText\")]"}
COMMAND: POST /session/560a99258fce64537c5c695db0125fa5/elements - {"using":"xpath","value":"//span[contains(@class, \"sapMMsgBoxText\")]"}
RESULT: {"using":"xpath","value":"//span[contains(@class, \"sapMMsgBoxText\")]"}
COMMAND: POST /session/560a99258fce64537c5c695db0125fa5/elements - {"using":"xpath","value":"//span[contains(@class, \"sapMMsgBoxText\")]"}
RESULT: {"using":"xpath","value":"//span[contains(@class, \"sapMMsgBoxText\")]"}
COMMAND: POST /session/560a99258fce64537c5c695db0125fa5/elements - {"using":"xpath","value":"//span[contains(@class, \"sapMMsgBoxText\")]"}
RESULT: {"using":"xpath","value":"//span[contains(@class, \"sapMMsgBoxText\")]"}
COMMAND: POST /session/560a99258fce64537c5c695db0125fa5/elements - {"using":"xpath","value":"//span[contains(@class, \"sapMMsgBoxText\")]"}
RESULT: {"using":"xpath","value":"//span[contains(@class, \"sapMMsgBoxText\")]"}
COMMAND: POST /session/560a99258fce64537c5c695db0125fa5/elements - {"using":"xpath","value":"//span[contains(@class, \"sapMMsgBoxText\")]"}
RESULT: {"using":"xpath","value":"//span[contains(@class, \"sapMMsgBoxText\")]"}
COMMAND: POST /session/560a99258fce64537c5c695db0125fa5/elements - {"using":"xpath","value":"//span[contains(@class, \"sapMMsgBoxText\")]"}
RESULT: {"using":"xpath","value":"//span[contains(@class, \"sapMMsgBoxText\")]"}
COMMAND: POST /session/560a99258fce64537c5c695db0125fa5/elements - {"using":"xpath","value":"//span[contains(@class, \"sapMMsgBoxText\")]"}
RESULT: {"using":"xpath","value":"//span[contains(@class, \"sapMMsgBoxText\")]"}
COMMAND: POST /session/560a99258fce64537c5c695db0125fa5/elements - {"using":"xpath","value":"//span[contains(@class, \"sapMMsgBoxText\")]"}
RESULT: {"using":"xpath","value":"//span[contains(@class, \"sapMMsgBoxText\")]"}
COMMAND: POST /session/560a99258fce64537c5c695db0125fa5/elements - {"using":"xpath","value":"//span[contains(@class, \"sapMMsgBoxText\")]"}
RESULT: {"using":"xpath","value":"//span[contains(@class, \"sapMMsgBoxText\")]"}
COMMAND: POST /session/560a99258fce64537c5c695db0125fa5/elements - {"using":"xpath","value":"//span[contains(@class, \"sapMMsgBoxText\")]"}
RESULT: {"using":"xpath","value":"//span[contains(@class, \"sapMMsgBoxText\")]"}
COMMAND: POST /session/560a99258fce64537c5c695db0125fa5/elements - {"using":"xpath","value":"//span[contains(@class, \"sapMMsgBoxText\")]"}
RESULT: {"using":"xpath","value":"//span[contains(@class, \"sapMMsgBoxText\")]"}
COMMAND: POST /session/560a99258fce64537c5c695db0125fa5/elements - {"using":"xpath","value":"//span[contains(@class, \"sapMMsgBoxText\")]"}
RESULT: {"using":"xpath","value":"//span[contains(@class, \"sapMMsgBoxText\")]"}
COMMAND: POST /session/560a99258fce64537c5c695db0125fa5/elements - {"using":"xpath","value":"//span[contains(@class, \"sapMMsgBoxText\")]"}
RESULT: {"using":"xpath","value":"//span[contains(@class, \"sapMMsgBoxText\")]"}
COMMAND: POST /session/560a99258fce64537c5c695db0125fa5/elements - {"using":"xpath","value":"//span[contains(@class, \"sapMMsgBoxText\")]"}
RESULT: {"using":"xpath","value":"//span[contains(@class, \"sapMMsgBoxText\")]"}
COMMAND: POST /session/560a99258fce64537c5c695db0125fa5/elements - {"using":"xpath","value":"//span[contains(@class, \"sapMMsgBoxText\")]"}
RESULT: {"using":"xpath","value":"//span[contains(@class, \"sapMMsgBoxText\")]"}
COMMAND: POST /session/560a99258fce64537c5c695db0125fa5/elements - {"using":"xpath","value":"//span[contains(@class, \"sapMMsgBoxText\")]"}
RESULT: {"using":"xpath","value":"//span[contains(@class, \"sapMMsgBoxText\")]"}
COMMAND: POST /session/560a99258fce64537c5c695db0125fa5/elements - {"using":"xpath","value":"//span[contains(@class, \"sapMMsgBoxText\")]"}
RESULT: {"using":"xpath","value":"//span[contains(@class, \"sapMMsgBoxText\")]"}
COMMAND: POST /session/560a99258fce64537c5c695db0125fa5/elements - {"using":"xpath","value":"//span[contains(@class, \"sapMMsgBoxText\")]"}
RESULT: {"using":"xpath","value":"//span[contains(@class, \"sapMMsgBoxText\")]"}
COMMAND: POST /session/560a99258fce64537c5c695db0125fa5/elements - {"using":"xpath","value":"//span[contains(@class, \"sapMMsgBoxText\")]"}
RESULT: {"using":"xpath","value":"//span[contains(@class, \"sapMMsgBoxText\")]"}
COMMAND: POST /session/560a99258fce64537c5c695db0125fa5/elements - {"using":"xpath","value":"//span[contains(@class, \"sapMMsgBoxText\")]"}
RESULT: {"using":"xpath","value":"//span[contains(@class, \"sapMMsgBoxText\")]"}
COMMAND: POST /session/560a99258fce64537c5c695db0125fa5/elements - {"using":"xpath","value":"//span[contains(@class, \"sapMMsgBoxText\")]"}
RESULT: {"using":"xpath","value":"//span[contains(@class, \"sapMMsgBoxText\")]"}
COMMAND: POST /session/560a99258fce64537c5c695db0125fa5/elements - {"using":"xpath","value":"//span[contains(@class, \"sapMMsgBoxText\")]"}
RESULT: {"using":"xpath","value":"//span[contains(@class, \"sapMMsgBoxText\")]"}
COMMAND: POST /session/560a99258fce64537c5c695db0125fa5/elements - {"using":"xpath","value":"//span[contains(@class, \"sapMMsgBoxText\")]"}
RESULT: {"using":"xpath","value":"//span[contains(@class, \"sapMMsgBoxText\")]"}
COMMAND: POST /session/560a99258fce64537c5c695db0125fa5/elements - {"using":"xpath","value":"//span[contains(@class, \"sapMMsgBoxText\")]"}
RESULT: {"using":"xpath","value":"//span[contains(@class, \"sapMMsgBoxText\")]"}
COMMAND: POST /session/560a99258fce64537c5c695db0125fa5/elements - {"using":"xpath","value":"//span[contains(@class, \"sapMMsgBoxText\")]"}
RESULT: {"using":"xpath","value":"//span[contains(@class, \"sapMMsgBoxText\")]"}
COMMAND: POST /session/560a99258fce64537c5c695db0125fa5/elements - {"using":"xpath","value":"//span[contains(@class, \"sapMMsgBoxText\")]"}
RESULT: {"using":"xpath","value":"//span[contains(@class, \"sapMMsgBoxText\")]"}
COMMAND: POST /session/560a99258fce64537c5c695db0125fa5/elements - {"using":"xpath","value":"//span[contains(@class, \"sapMMsgBoxText\")]"}
RESULT: {"using":"xpath","value":"//span[contains(@class, \"sapMMsgBoxText\")]"}
COMMAND: POST /session/560a99258fce64537c5c695db0125fa5/elements - {"using":"xpath","value":"//span[contains(@class, \"sapMMsgBoxText\")]"}
RESULT: {"using":"xpath","value":"//span[contains(@class, \"sapMMsgBoxText\")]"}
COMMAND: POST /session/560a99258fce64537c5c695db0125fa5/elements - {"using":"xpath","value":"//span[contains(@class, \"sapMMsgBoxText\")]"}
RESULT: {"using":"xpath","value":"//span[contains(@class, \"sapMMsgBoxText\")]"}
COMMAND: POST /session/560a99258fce64537c5c695db0125fa5/elements - {"using":"xpath","value":"//span[contains(@class, \"sapMMsgBoxText\")]"}
RESULT: {"using":"xpath","value":"//span[contains(@class, \"sapMMsgBoxText\")]"}
COMMAND: POST /session/560a99258fce64537c5c695db0125fa5/elements - {"using":"xpath","value":"//span[contains(@class, \"sapMMsgBoxText\")]"}
RESULT: {"using":"xpath","value":"//span[contains(@class, \"sapMMsgBoxText\")]"}
COMMAND: POST /session/560a99258fce64537c5c695db0125fa5/elements - {"using":"xpath","value":"//span[contains(@class, \"sapMMsgBoxText\")]"}
RESULT: {"using":"xpath","value":"//span[contains(@class, \"sapMMsgBoxText\")]"}
COMMAND: POST /session/560a99258fce64537c5c695db0125fa5/elements - {"using":"xpath","value":"//span[contains(@class, \"sapMMsgBoxText\")]"}
RESULT: {"using":"xpath","value":"//span[contains(@class, \"sapMMsgBoxText\")]"}
COMMAND: POST /session/560a99258fce64537c5c695db0125fa5/elements - {"using":"xpath","value":"//span[contains(@class, \"sapMMsgBoxText\")]"}
RESULT: {"using":"xpath","value":"//span[contains(@class, \"sapMMsgBoxText\")]"}
COMMAND: POST /session/560a99258fce64537c5c695db0125fa5/elements - {"using":"xpath","value":"//span[contains(@class, \"sapMMsgBoxText\")]"}
RESULT: {"using":"xpath","value":"//span[contains(@class, \"sapMMsgBoxText\")]"}
COMMAND: POST /session/560a99258fce64537c5c695db0125fa5/elements - {"using":"xpath","value":"//span[contains(@class, \"sapMMsgBoxText\")]"}
RESULT: {"using":"xpath","value":"//span[contains(@class, \"sapMMsgBoxText\")]"}
COMMAND: POST /session/560a99258fce64537c5c695db0125fa5/elements - {"using":"xpath","value":"//span[contains(@class, \"sapMMsgBoxText\")]"}
RESULT: {"using":"xpath","value":"//span[contains(@class, \"sapMMsgBoxText\")]"}
COMMAND: POST /session/560a99258fce64537c5c695db0125fa5/elements - {"using":"xpath","value":"//span[contains(@class, \"sapMMsgBoxText\")]"}
RESULT: {"using":"xpath","value":"//span[contains(@class, \"sapMMsgBoxText\")]"}
COMMAND: POST /session/560a99258fce64537c5c695db0125fa5/elements - {"using":"xpath","value":"//span[contains(@class, \"sapMMsgBoxText\")]"}
RESULT: {"using":"xpath","value":"//span[contains(@class, \"sapMMsgBoxText\")]"}
COMMAND: POST /session/560a99258fce64537c5c695db0125fa5/elements - {"using":"xpath","value":"//span[contains(@class, \"sapMMsgBoxText\")]"}
RESULT: {"using":"xpath","value":"//span[contains(@class, \"sapMMsgBoxText\")]"}
COMMAND: POST /session/560a99258fce64537c5c695db0125fa5/elements - {"using":"xpath","value":"//span[contains(@class, \"sapMMsgBoxText\")]"}
RESULT: {"using":"xpath","value":"//span[contains(@class, \"sapMMsgBoxText\")]"}
COMMAND: POST /session/560a99258fce64537c5c695db0125fa5/elements - {"using":"xpath","value":"//span[contains(@class, \"sapMMsgBoxText\")]"}
RESULT: {"using":"xpath","value":"//span[contains(@class, \"sapMMsgBoxText\")]"}
COMMAND: POST /session/560a99258fce64537c5c695db0125fa5/elements - {"using":"xpath","value":"//span[contains(@class, \"sapMMsgBoxText\")]"}
RESULT: {"using":"xpath","value":"//span[contains(@class, \"sapMMsgBoxText\")]"}
COMMAND: POST /session/560a99258fce64537c5c695db0125fa5/elements - {"using":"xpath","value":"//span[contains(@class, \"sapMMsgBoxText\")]"}
RESULT: {"using":"xpath","value":"//span[contains(@class, \"sapMMsgBoxText\")]"}
COMMAND: POST /session/560a99258fce64537c5c695db0125fa5/elements - {"using":"xpath","value":"//span[contains(@class, \"sapMMsgBoxText\")]"}
RESULT: {"using":"xpath","value":"//span[contains(@class, \"sapMMsgBoxText\")]"}
COMMAND: POST /session/560a99258fce64537c5c695db0125fa5/elements - {"using":"xpath","value":"//span[contains(@class, \"sapMMsgBoxText\")]"}
RESULT: {"using":"xpath","value":"//span[contains(@class, \"sapMMsgBoxText\")]"}
COMMAND: POST /session/560a99258fce64537c5c695db0125fa5/elements - {"using":"xpath","value":"//span[contains(@class, \"sapMMsgBoxText\")]"}
RESULT: {"using":"xpath","value":"//span[contains(@class, \"sapMMsgBoxText\")]"}
COMMAND: POST /session/560a99258fce64537c5c695db0125fa5/elements - {"using":"xpath","value":"//span[contains(@class, \"sapMMsgBoxText\")]"}
RESULT: {"using":"xpath","value":"//span[contains(@class, \"sapMMsgBoxText\")]"}
COMMAND: POST /session/560a99258fce64537c5c695db0125fa5/elements - {"using":"xpath","value":"//span[contains(@class, \"sapMMsgBoxText\")]"}
RESULT: {"using":"xpath","value":"//span[contains(@class, \"sapMMsgBoxText\")]"}
COMMAND: POST /session/560a99258fce64537c5c695db0125fa5/elements - {"using":"xpath","value":"//span[contains(@class, \"sapMMsgBoxText\")]"}
RESULT: {"using":"xpath","value":"//span[contains(@class, \"sapMMsgBoxText\")]"}
COMMAND: POST /session/560a99258fce64537c5c695db0125fa5/elements - {"using":"xpath","value":"//span[contains(@class, \"sapMMsgBoxText\")]"}
RESULT: {"using":"xpath","value":"//span[contains(@class, \"sapMMsgBoxText\")]"}
COMMAND: POST /session/560a99258fce64537c5c695db0125fa5/elements - {"using":"xpath","value":"//span[contains(@class, \"sapMMsgBoxText\")]"}
RESULT: {"using":"xpath","value":"//span[contains(@class, \"sapMMsgBoxText\")]"}
COMMAND: POST /session/560a99258fce64537c5c695db0125fa5/elements - {"using":"xpath","value":"//span[contains(@class, \"sapMMsgBoxText\")]"}
RESULT: {"using":"xpath","value":"//span[contains(@class, \"sapMMsgBoxText\")]"}
COMMAND: POST /session/560a99258fce64537c5c695db0125fa5/elements - {"using":"xpath","value":"//span[contains(@class, \"sapMMsgBoxText\")]"}
RESULT: {"using":"xpath","value":"//span[contains(@class, \"sapMMsgBoxText\")]"}
COMMAND: POST /session/560a99258fce64537c5c695db0125fa5/elements - {"using":"xpath","value":"//span[contains(@class, \"sapMMsgBoxText\")]"}
RESULT: {"using":"xpath","value":"//span[contains(@class, \"sapMMsgBoxText\")]"}
COMMAND: POST /session/560a99258fce64537c5c695db0125fa5/elements - {"using":"xpath","value":"//span[contains(@class, \"sapMMsgBoxText\")]"}
RESULT: {"using":"xpath","value":"//span[contains(@class, \"sapMMsgBoxText\")]"}
COMMAND: POST /session/560a99258fce64537c5c695db0125fa5/elements - {"using":"xpath","value":"//span[contains(@class, \"sapMMsgBoxText\")]"}
RESULT: {"using":"xpath","value":"//span[contains(@class, \"sapMMsgBoxText\")]"}
COMMAND: POST /session/560a99258fce64537c5c695db0125fa5/elements - {"using":"xpath","value":"//span[contains(@class, \"sapMMsgBoxText\")]"}
RESULT: {"using":"xpath","value":"//span[contains(@class, \"sapMMsgBoxText\")]"}
COMMAND: POST /session/560a99258fce64537c5c695db0125fa5/elements - {"using":"xpath","value":"//span[contains(@class, \"sapMMsgBoxText\")]"}
RESULT: {"using":"xpath","value":"//span[contains(@class, \"sapMMsgBoxText\")]"}
COMMAND: POST /session/560a99258fce64537c5c695db0125fa5/element - {"using":"css selector","value":"#shell-header-logo"}
RESULT: {"using":"css selector","value":"#shell-header-logo"}
COMMAND: POST /session/560a99258fce64537c5c695db0125fa5/element/f.7282C013035C06D49FAEB8971D6FBA80.d.E1D2B53D70A96F1949C2F21804327876.e.3241/click - {}
RESULT: {}
COMMAND: GET /session/560a99258fce64537c5c695db0125fa5/screenshot - {}
RESULT: {}
COMMAND: GET /session/560a99258fce64537c5c695db0125fa5/screenshot - {}
RESULT: {}
]]></system-out>
      <system-err><![CDATA[
Error: Expect $(`//span[contains(@class, "sapMMsgBoxText")]`) to be existing

Expected: "existing"
Received: "not existing"
    at Context.<anonymous> (D:\a\1\s\test\specs\BTS\address-management.spec.js:1014:38)
]]></system-err>
    </testcase>
    <testcase classname="chrome.136_0_7103_93.windows.Address_Management_Tests_US156181_US151165_US151160_US156180_US156178_US151157_US151172_US151170_US151166_US151168" name="Step 8 Should add an attachment to the created address US151166 BUGGED FOR NOW" time="56.336">
      <system-out><![CDATA[
RESULT: undefined
COMMAND: POST /session/560a99258fce64537c5c695db0125fa5/element - {"using":"xpath","value":"//*[@id=\"__tile33\"]"}
COMMAND: GET /session/560a99258fce64537c5c695db0125fa5/screenshot - {}
RESULT: {"using":"xpath","value":"//*[@id=\"__tile33\"]"}
COMMAND: POST /session/560a99258fce64537c5c695db0125fa5/element/f.7282C013035C06D49FAEB8971D6FBA80.d.E1D2B53D70A96F1949C2F21804327876.e.206/click - {}
RESULT: {}
RESULT: {}
COMMAND: GET /session/560a99258fce64537c5c695db0125fa5/screenshot - {}
RESULT: {}
COMMAND: POST /session/560a99258fce64537c5c695db0125fa5/elements - {"using":"xpath","value":"//span[text()='Error']"}
RESULT: {"using":"xpath","value":"//span[text()='Error']"}
COMMAND: POST /session/560a99258fce64537c5c695db0125fa5/element - {"using":"xpath","value":"//button[@data-kt=\"addButton\"]"}
RESULT: {"using":"xpath","value":"//button[@data-kt=\"addButton\"]"}
COMMAND: POST /session/560a99258fce64537c5c695db0125fa5/elements - {"using":"xpath","value":"//button[@data-kt=\"addButton\"]"}
RESULT: {"using":"xpath","value":"//button[@data-kt=\"addButton\"]"}
COMMAND: POST /session/560a99258fce64537c5c695db0125fa5/execute/sync - {"script":"<script> [8489 bytes]","args":[{"element-6066-11e4-a52e-4f735466cecf":"f.7282C013035C06D49FAEB8971D6FBA80.d.E1D2B53D70A96F1949C2F21804327876.e.3417","ELEMENT":"f.7282C013035C06D49FAEB8971D6FBA80.d.E1D2B53D70A96F1949C2F21804327876.e.3417"}]}
RESULT: {"script":"<script> [8489 bytes]","args":[{"element-6066-11e4-a52e-4f735466cecf":"f.7282C013035C06D49FAEB8971D6FBA80.d.E1D2B53D70A96F1949C2F21804327876.e.3417","ELEMENT":"f.7282C013035C06D49FAEB8971D6FBA80.d.E1D2B53D70A96F1949C2F21804327876.e.3417"}]}
COMMAND: GET /session/560a99258fce64537c5c695db0125fa5/element/f.7282C013035C06D49FAEB8971D6FBA80.d.E1D2B53D70A96F1949C2F21804327876.e.3417/enabled - {}
COMMAND: GET /session/560a99258fce64537c5c695db0125fa5/screenshot - {}
RESULT: {}
COMMAND: POST /session/560a99258fce64537c5c695db0125fa5/execute/sync - {"script":"<script> [8489 bytes]","args":[{"element-6066-11e4-a52e-4f735466cecf":"f.7282C013035C06D49FAEB8971D6FBA80.d.E1D2B53D70A96F1949C2F21804327876.e.3417","ELEMENT":"f.7282C013035C06D49FAEB8971D6FBA80.d.E1D2B53D70A96F1949C2F21804327876.e.3417"}]}
COMMAND: GET /session/560a99258fce64537c5c695db0125fa5/screenshot - {}
RESULT: {}
RESULT: {"script":"<script> [8489 bytes]","args":[{"element-6066-11e4-a52e-4f735466cecf":"f.7282C013035C06D49FAEB8971D6FBA80.d.E1D2B53D70A96F1949C2F21804327876.e.3417","ELEMENT":"f.7282C013035C06D49FAEB8971D6FBA80.d.E1D2B53D70A96F1949C2F21804327876.e.3417"}]}
COMMAND: POST /session/560a99258fce64537c5c695db0125fa5/execute/sync - {"script":"<script> [5351 bytes]","args":[{"element-6066-11e4-a52e-4f735466cecf":"f.7282C013035C06D49FAEB8971D6FBA80.d.E1D2B53D70A96F1949C2F21804327876.e.3417","ELEMENT":"f.7282C013035C06D49FAEB8971D6FBA80.d.E1D2B53D70A96F1949C2F21804327876.e.3417"}]}
COMMAND: GET /session/560a99258fce64537c5c695db0125fa5/screenshot - {}
RESULT: {}
RESULT: {"script":"<script> [5351 bytes]","args":[{"element-6066-11e4-a52e-4f735466cecf":"f.7282C013035C06D49FAEB8971D6FBA80.d.E1D2B53D70A96F1949C2F21804327876.e.3417","ELEMENT":"f.7282C013035C06D49FAEB8971D6FBA80.d.E1D2B53D70A96F1949C2F21804327876.e.3417"}]}
COMMAND: GET /session/560a99258fce64537c5c695db0125fa5/screenshot - {}
RESULT: {}
RESULT: {}
RESULT: undefined
COMMAND: POST /session/560a99258fce64537c5c695db0125fa5/execute/async - {"script":"<script> [776 bytes]","args":[{"enterText":"5o8BxAkdfj","selector":{"id":"application-addressmanagement-display-component---masterAdm--smartFilterBar-btnBasicSearch","interaction":{"idSuffix":"I"}},"clearTextFirst":true,"interactionType":"ENTER_TEXT"}]}
RESULT: {"script":"<script> [776 bytes]","args":[{"enterText":"5o8BxAkdfj","selector":{"id":"application-addressmanagement-display-component---masterAdm--smartFilterBar-btnBasicSearch","interaction":{"idSuffix":"I"}},"clearTextFirst":true,"interactionType":"ENTER_TEXT"}]}
COMMAND: POST /session/560a99258fce64537c5c695db0125fa5/actions - {"actions":[{"id":"action14","type":"key","parameters":{},"actions":[{"type":"keyDown","value":""},{"type":"pause","duration":10},{"type":"keyUp","value":""}]}]}
RESULT: {"actions":[{"id":"action14","type":"key","parameters":{},"actions":[{"type":"keyDown","value":""},{"type":"pause","duration":10},{"type":"keyUp","value":""}]}]}
COMMAND: GET /session/560a99258fce64537c5c695db0125fa5/screenshot - {}
RESULT: {}
COMMAND: POST /session/560a99258fce64537c5c695db0125fa5/elements - {"using":"xpath","value":"//table[contains(@id, \"customPersonsAddressesTable-listUl\")]/tbody/tr"}
RESULT: {"using":"xpath","value":"//table[contains(@id, \"customPersonsAddressesTable-listUl\")]/tbody/tr"}
COMMAND: POST /session/560a99258fce64537c5c695db0125fa5/element - {"using":"xpath","value":"//table[contains(@id, \"customPersonsAddressesTable-listUl\")]/tbody/tr[1]/td[5]/span/span"}
RESULT: {"using":"xpath","value":"//table[contains(@id, \"customPersonsAddressesTable-listUl\")]/tbody/tr[1]/td[5]/span/span"}
COMMAND: POST /session/560a99258fce64537c5c695db0125fa5/element - {"using":"xpath","value":"//table[contains(@id, \"customPersonsAddressesTable-listUl\")]/tbody/tr[1]/td[3]/span"}
RESULT: {"using":"xpath","value":"//table[contains(@id, \"customPersonsAddressesTable-listUl\")]/tbody/tr[1]/td[3]/span"}
COMMAND: POST /session/560a99258fce64537c5c695db0125fa5/elements - {"using":"xpath","value":"//table[contains(@id, \"customPersonsAddressesTable-listUl\")]/tbody/tr[1]/td[5]/span/span"}
RESULT: {"using":"xpath","value":"//table[contains(@id, \"customPersonsAddressesTable-listUl\")]/tbody/tr[1]/td[5]/span/span"}
COMMAND: POST /session/560a99258fce64537c5c695db0125fa5/execute/sync - {"script":"<script> [56 bytes]","args":[{"element-6066-11e4-a52e-4f735466cecf":"f.7282C013035C06D49FAEB8971D6FBA80.d.E1D2B53D70A96F1949C2F21804327876.e.3611","ELEMENT":"f.7282C013035C06D49FAEB8971D6FBA80.d.E1D2B53D70A96F1949C2F21804327876.e.3611"}]}
RESULT: {"script":"<script> [56 bytes]","args":[{"element-6066-11e4-a52e-4f735466cecf":"f.7282C013035C06D49FAEB8971D6FBA80.d.E1D2B53D70A96F1949C2F21804327876.e.3611","ELEMENT":"f.7282C013035C06D49FAEB8971D6FBA80.d.E1D2B53D70A96F1949C2F21804327876.e.3611"}]}
COMMAND: POST /session/560a99258fce64537c5c695db0125fa5/execute/sync - {"script":"<script> [56 bytes]","args":[{"element-6066-11e4-a52e-4f735466cecf":"f.7282C013035C06D49FAEB8971D6FBA80.d.E1D2B53D70A96F1949C2F21804327876.e.3612","ELEMENT":"f.7282C013035C06D49FAEB8971D6FBA80.d.E1D2B53D70A96F1949C2F21804327876.e.3612"}]}
COMMAND: GET /session/560a99258fce64537c5c695db0125fa5/screenshot - {}
RESULT: {"script":"<script> [56 bytes]","args":[{"element-6066-11e4-a52e-4f735466cecf":"f.7282C013035C06D49FAEB8971D6FBA80.d.E1D2B53D70A96F1949C2F21804327876.e.3612","ELEMENT":"f.7282C013035C06D49FAEB8971D6FBA80.d.E1D2B53D70A96F1949C2F21804327876.e.3612"}]}
COMMAND: POST /session/560a99258fce64537c5c695db0125fa5/element - {"using":"xpath","value":"(//span[contains(@id, \"imgNav\")])[1]"}
COMMAND: GET /session/560a99258fce64537c5c695db0125fa5/screenshot - {}
RESULT: {}
RESULT: {"using":"xpath","value":"(//span[contains(@id, \"imgNav\")])[1]"}
COMMAND: POST /session/560a99258fce64537c5c695db0125fa5/element/f.7282C013035C06D49FAEB8971D6FBA80.d.E1D2B53D70A96F1949C2F21804327876.e.3443/click - {}
RESULT: {}
RESULT: {}
COMMAND: GET /session/560a99258fce64537c5c695db0125fa5/screenshot - {}
RESULT: {}
COMMAND: POST /session/560a99258fce64537c5c695db0125fa5/element - {"using":"xpath","value":"//bdi[contains(text(), \"Edit\")]"}
RESULT: {"using":"xpath","value":"//bdi[contains(text(), \"Edit\")]"}
COMMAND: POST /session/560a99258fce64537c5c695db0125fa5/element/f.7282C013035C06D49FAEB8971D6FBA80.d.E1D2B53D70A96F1949C2F21804327876.e.3719/click - {}
RESULT: {}
COMMAND: GET /session/560a99258fce64537c5c695db0125fa5/screenshot - {}
RESULT: {}
COMMAND: POST /session/560a99258fce64537c5c695db0125fa5/execute/async - {"script":"<script> [1562 bytes]","args":[{"selector":{"controlType":"sap.m.Button","viewName":"etm.portal.ui.addressmanagement.view.EditDetail","properties":{"text":"Attachments (0)"},"interaction":{"idSuffix":"BDI-content"}},"wdio_ui5_key":"etmportal.ui.addressmanagement.view.EditDetailsap.m.Button{\"text\":\"Attachments (0)\"}"}]}
RESULT: {"script":"<script> [1562 bytes]","args":[{"selector":{"controlType":"sap.m.Button","viewName":"etm.portal.ui.addressmanagement.view.EditDetail","properties":{"text":"Attachments (0)"},"interaction":{"idSuffix":"BDI-content"}},"wdio_ui5_key":"etmportal.ui.addressmanagement.view.EditDetailsap.m.Button{\"text\":\"Attachments (0)\"}"}]}
RESULT: undefined
COMMAND: POST /session/560a99258fce64537c5c695db0125fa5/element - {"using":"xpath","value":"//*[@id=\"__xmlview61--ObjectPageLayout-anchBar-__xmlview61--attachments-anchor\"]"}
RESULT: {"using":"xpath","value":"//*[@id=\"__xmlview61--ObjectPageLayout-anchBar-__xmlview61--attachments-anchor\"]"}
COMMAND: POST /session/560a99258fce64537c5c695db0125fa5/element/f.7282C013035C06D49FAEB8971D6FBA80.d.E1D2B53D70A96F1949C2F21804327876.e.3763/click - {}
RESULT: {}
COMMAND: GET /session/560a99258fce64537c5c695db0125fa5/screenshot - {}
RESULT: {}
COMMAND: POST /session/560a99258fce64537c5c695db0125fa5/file - {"file":"[base64] 459776 bytes"}
RESULT: {"file":"[base64] 459776 bytes"}
COMMAND: POST /session/560a99258fce64537c5c695db0125fa5/element - {"using":"css selector","value":"input[type=\"file\"]"}
RESULT: {"using":"css selector","value":"input[type=\"file\"]"}
COMMAND: POST /session/560a99258fce64537c5c695db0125fa5/element/f.7282C013035C06D49FAEB8971D6FBA80.d.E1D2B53D70A96F1949C2F21804327876.e.3750/clear - {}
RESULT: {}
COMMAND: POST /session/560a99258fce64537c5c695db0125fa5/element/f.7282C013035C06D49FAEB8971D6FBA80.d.E1D2B53D70A96F1949C2F21804327876.e.3750/value - {"text":"C:\\Windows\\SystemTemp\\scoped_dir6040_1956403808\\upload6040_2082834222\\address-mng-pic.png"}
COMMAND: GET /session/560a99258fce64537c5c695db0125fa5/screenshot - {}
RESULT: {"text":"C:\\Windows\\SystemTemp\\scoped_dir6040_1956403808\\upload6040_2082834222\\address-mng-pic.png"}
COMMAND: GET /session/560a99258fce64537c5c695db0125fa5/screenshot - {}
RESULT: {}
RESULT: {}
COMMAND: POST /session/560a99258fce64537c5c695db0125fa5/element - {"using":"xpath","value":"//button[@data-kt=\"saveButton\"]"}
RESULT: {"using":"xpath","value":"//button[@data-kt=\"saveButton\"]"}
COMMAND: POST /session/560a99258fce64537c5c695db0125fa5/element/f.7282C013035C06D49FAEB8971D6FBA80.d.E1D2B53D70A96F1949C2F21804327876.e.3786/click - {}
RESULT: {}
COMMAND: GET /session/560a99258fce64537c5c695db0125fa5/screenshot - {}
RESULT: {}
COMMAND: POST /session/560a99258fce64537c5c695db0125fa5/execute/async - {"script":"<script> [1562 bytes]","args":[{"selector":{"id":"application-addressmanagement-display-component---detailAdm--ObjectPageLayout-anchBar-application-addressmanagement-display-component---detailAdm--attachments-anchor","interaction":{"idSuffix":"content"}},"wdio_ui5_key":"applicationaddressmanagement-display-component---detailAdm--ObjectPageLayout-anchBar-application-addressmanagement-display-component---detailAdm--attachments-anchor"}]}
RESULT: {"script":"<script> [1562 bytes]","args":[{"selector":{"id":"application-addressmanagement-display-component---detailAdm--ObjectPageLayout-anchBar-application-addressmanagement-display-component---detailAdm--attachments-anchor","interaction":{"idSuffix":"content"}},"wdio_ui5_key":"applicationaddressmanagement-display-component---detailAdm--ObjectPageLayout-anchBar-application-addressmanagement-display-component---detailAdm--attachments-anchor"}]}
RESULT: undefined
COMMAND: POST /session/560a99258fce64537c5c695db0125fa5/element - {"using":"xpath","value":"//*[@id=\"application-addressmanagement-display-component---detailAdm--ObjectPageLayout-anchBar-application-addressmanagement-display-component---detailAdm--attachments-anchor\"]"}
RESULT: {"using":"xpath","value":"//*[@id=\"application-addressmanagement-display-component---detailAdm--ObjectPageLayout-anchBar-application-addressmanagement-display-component---detailAdm--attachments-anchor\"]"}
COMMAND: POST /session/560a99258fce64537c5c695db0125fa5/element/f.7282C013035C06D49FAEB8971D6FBA80.d.E1D2B53D70A96F1949C2F21804327876.e.3795/click - {}
RESULT: {}
COMMAND: GET /session/560a99258fce64537c5c695db0125fa5/screenshot - {}
RESULT: {}
COMMAND: POST /session/560a99258fce64537c5c695db0125fa5/execute/async - {"script":"<script> [1562 bytes]","args":[{"selector":{"id":"application-addressmanagement-display-component---detailAdm--attachments"},"wdio_ui5_key":"applicationaddressmanagement-display-component---detailAdm--attachments"}]}
RESULT: {"script":"<script> [1562 bytes]","args":[{"selector":{"id":"application-addressmanagement-display-component---detailAdm--attachments"},"wdio_ui5_key":"applicationaddressmanagement-display-component---detailAdm--attachments"}]}
RESULT: undefined
COMMAND: POST /session/560a99258fce64537c5c695db0125fa5/execute/async - {"script":"<script> [6424 bytes]","args":[{"element-6066-11e4-a52e-4f735466cecf":"f.7282C013035C06D49FAEB8971D6FBA80.d.E1D2B53D70A96F1949C2F21804327876.e.3702"},"getTitle",[]]}
RESULT: {"script":"<script> [6424 bytes]","args":[{"element-6066-11e4-a52e-4f735466cecf":"f.7282C013035C06D49FAEB8971D6FBA80.d.E1D2B53D70A96F1949C2F21804327876.e.3702"},"getTitle",[]]}
COMMAND: POST /session/560a99258fce64537c5c695db0125fa5/element - {"using":"css selector","value":"#shell-header-logo"}
RESULT: {"using":"css selector","value":"#shell-header-logo"}
COMMAND: POST /session/560a99258fce64537c5c695db0125fa5/element/f.7282C013035C06D49FAEB8971D6FBA80.d.E1D2B53D70A96F1949C2F21804327876.e.3241/click - {}
RESULT: {}
COMMAND: GET /session/560a99258fce64537c5c695db0125fa5/screenshot - {}
RESULT: {}
]]></system-out>
    </testcase>
    <testcase classname="chrome.136_0_7103_93.windows.Address_Management_Tests_US156181_US151165_US151160_US156180_US156178_US151157_US151172_US151170_US151166_US151168" name="Step 9 Should remove the added attachment on the created address US151168 BUGGED FOR NOW" time="58.153">
      <system-out><![CDATA[
RESULT: undefined
COMMAND: POST /session/560a99258fce64537c5c695db0125fa5/element - {"using":"xpath","value":"//*[@id=\"__tile33\"]"}
RESULT: {"using":"xpath","value":"//*[@id=\"__tile33\"]"}
COMMAND: POST /session/560a99258fce64537c5c695db0125fa5/element/f.7282C013035C06D49FAEB8971D6FBA80.d.E1D2B53D70A96F1949C2F21804327876.e.206/click - {}
RESULT: {}
COMMAND: GET /session/560a99258fce64537c5c695db0125fa5/screenshot - {}
COMMAND: POST /session/560a99258fce64537c5c695db0125fa5/elements - {"using":"xpath","value":"//span[text()='Error']"}
RESULT: {}
RESULT: {"using":"xpath","value":"//span[text()='Error']"}
COMMAND: POST /session/560a99258fce64537c5c695db0125fa5/element - {"using":"xpath","value":"//button[@data-kt=\"addButton\"]"}
RESULT: {"using":"xpath","value":"//button[@data-kt=\"addButton\"]"}
COMMAND: POST /session/560a99258fce64537c5c695db0125fa5/elements - {"using":"xpath","value":"//button[@data-kt=\"addButton\"]"}
RESULT: {"using":"xpath","value":"//button[@data-kt=\"addButton\"]"}
COMMAND: POST /session/560a99258fce64537c5c695db0125fa5/execute/sync - {"script":"<script> [8489 bytes]","args":[{"element-6066-11e4-a52e-4f735466cecf":"f.7282C013035C06D49FAEB8971D6FBA80.d.E1D2B53D70A96F1949C2F21804327876.e.3870","ELEMENT":"f.7282C013035C06D49FAEB8971D6FBA80.d.E1D2B53D70A96F1949C2F21804327876.e.3870"}]}
RESULT: {"script":"<script> [8489 bytes]","args":[{"element-6066-11e4-a52e-4f735466cecf":"f.7282C013035C06D49FAEB8971D6FBA80.d.E1D2B53D70A96F1949C2F21804327876.e.3870","ELEMENT":"f.7282C013035C06D49FAEB8971D6FBA80.d.E1D2B53D70A96F1949C2F21804327876.e.3870"}]}
COMMAND: GET /session/560a99258fce64537c5c695db0125fa5/element/f.7282C013035C06D49FAEB8971D6FBA80.d.E1D2B53D70A96F1949C2F21804327876.e.3870/enabled - {}
COMMAND: GET /session/560a99258fce64537c5c695db0125fa5/screenshot - {}
RESULT: {}
COMMAND: POST /session/560a99258fce64537c5c695db0125fa5/execute/sync - {"script":"<script> [8489 bytes]","args":[{"element-6066-11e4-a52e-4f735466cecf":"f.7282C013035C06D49FAEB8971D6FBA80.d.E1D2B53D70A96F1949C2F21804327876.e.3870","ELEMENT":"f.7282C013035C06D49FAEB8971D6FBA80.d.E1D2B53D70A96F1949C2F21804327876.e.3870"}]}
COMMAND: GET /session/560a99258fce64537c5c695db0125fa5/screenshot - {}
RESULT: {}
RESULT: {"script":"<script> [8489 bytes]","args":[{"element-6066-11e4-a52e-4f735466cecf":"f.7282C013035C06D49FAEB8971D6FBA80.d.E1D2B53D70A96F1949C2F21804327876.e.3870","ELEMENT":"f.7282C013035C06D49FAEB8971D6FBA80.d.E1D2B53D70A96F1949C2F21804327876.e.3870"}]}
COMMAND: POST /session/560a99258fce64537c5c695db0125fa5/execute/sync - {"script":"<script> [5351 bytes]","args":[{"element-6066-11e4-a52e-4f735466cecf":"f.7282C013035C06D49FAEB8971D6FBA80.d.E1D2B53D70A96F1949C2F21804327876.e.3870","ELEMENT":"f.7282C013035C06D49FAEB8971D6FBA80.d.E1D2B53D70A96F1949C2F21804327876.e.3870"}]}
COMMAND: GET /session/560a99258fce64537c5c695db0125fa5/screenshot - {}
RESULT: {}
RESULT: {"script":"<script> [5351 bytes]","args":[{"element-6066-11e4-a52e-4f735466cecf":"f.7282C013035C06D49FAEB8971D6FBA80.d.E1D2B53D70A96F1949C2F21804327876.e.3870","ELEMENT":"f.7282C013035C06D49FAEB8971D6FBA80.d.E1D2B53D70A96F1949C2F21804327876.e.3870"}]}
COMMAND: GET /session/560a99258fce64537c5c695db0125fa5/screenshot - {}
RESULT: {}
RESULT: {}
RESULT: undefined
COMMAND: POST /session/560a99258fce64537c5c695db0125fa5/execute/async - {"script":"<script> [776 bytes]","args":[{"enterText":"5o8BxAkdfj","selector":{"id":"application-addressmanagement-display-component---masterAdm--smartFilterBar-btnBasicSearch","interaction":{"idSuffix":"I"}},"clearTextFirst":true,"interactionType":"ENTER_TEXT"}]}
RESULT: {"script":"<script> [776 bytes]","args":[{"enterText":"5o8BxAkdfj","selector":{"id":"application-addressmanagement-display-component---masterAdm--smartFilterBar-btnBasicSearch","interaction":{"idSuffix":"I"}},"clearTextFirst":true,"interactionType":"ENTER_TEXT"}]}
COMMAND: POST /session/560a99258fce64537c5c695db0125fa5/actions - {"actions":[{"id":"action15","type":"key","parameters":{},"actions":[{"type":"keyDown","value":""},{"type":"pause","duration":10},{"type":"keyUp","value":""}]}]}
RESULT: {"actions":[{"id":"action15","type":"key","parameters":{},"actions":[{"type":"keyDown","value":""},{"type":"pause","duration":10},{"type":"keyUp","value":""}]}]}
COMMAND: GET /session/560a99258fce64537c5c695db0125fa5/screenshot - {}
RESULT: {}
COMMAND: POST /session/560a99258fce64537c5c695db0125fa5/elements - {"using":"xpath","value":"//table[contains(@id, \"customPersonsAddressesTable-listUl\")]/tbody/tr"}
RESULT: {"using":"xpath","value":"//table[contains(@id, \"customPersonsAddressesTable-listUl\")]/tbody/tr"}
COMMAND: POST /session/560a99258fce64537c5c695db0125fa5/element - {"using":"xpath","value":"//table[contains(@id, \"customPersonsAddressesTable-listUl\")]/tbody/tr[1]/td[5]/span/span"}
RESULT: {"using":"xpath","value":"//table[contains(@id, \"customPersonsAddressesTable-listUl\")]/tbody/tr[1]/td[5]/span/span"}
COMMAND: POST /session/560a99258fce64537c5c695db0125fa5/element - {"using":"xpath","value":"//table[contains(@id, \"customPersonsAddressesTable-listUl\")]/tbody/tr[1]/td[3]/span"}
RESULT: {"using":"xpath","value":"//table[contains(@id, \"customPersonsAddressesTable-listUl\")]/tbody/tr[1]/td[3]/span"}
COMMAND: POST /session/560a99258fce64537c5c695db0125fa5/elements - {"using":"xpath","value":"//table[contains(@id, \"customPersonsAddressesTable-listUl\")]/tbody/tr[1]/td[5]/span/span"}
RESULT: {"using":"xpath","value":"//table[contains(@id, \"customPersonsAddressesTable-listUl\")]/tbody/tr[1]/td[5]/span/span"}
COMMAND: POST /session/560a99258fce64537c5c695db0125fa5/execute/sync - {"script":"<script> [56 bytes]","args":[{"element-6066-11e4-a52e-4f735466cecf":"f.7282C013035C06D49FAEB8971D6FBA80.d.E1D2B53D70A96F1949C2F21804327876.e.4170","ELEMENT":"f.7282C013035C06D49FAEB8971D6FBA80.d.E1D2B53D70A96F1949C2F21804327876.e.4170"}]}
RESULT: {"script":"<script> [56 bytes]","args":[{"element-6066-11e4-a52e-4f735466cecf":"f.7282C013035C06D49FAEB8971D6FBA80.d.E1D2B53D70A96F1949C2F21804327876.e.4170","ELEMENT":"f.7282C013035C06D49FAEB8971D6FBA80.d.E1D2B53D70A96F1949C2F21804327876.e.4170"}]}
COMMAND: POST /session/560a99258fce64537c5c695db0125fa5/execute/sync - {"script":"<script> [56 bytes]","args":[{"element-6066-11e4-a52e-4f735466cecf":"f.7282C013035C06D49FAEB8971D6FBA80.d.E1D2B53D70A96F1949C2F21804327876.e.4171","ELEMENT":"f.7282C013035C06D49FAEB8971D6FBA80.d.E1D2B53D70A96F1949C2F21804327876.e.4171"}]}
COMMAND: GET /session/560a99258fce64537c5c695db0125fa5/screenshot - {}
RESULT: {"script":"<script> [56 bytes]","args":[{"element-6066-11e4-a52e-4f735466cecf":"f.7282C013035C06D49FAEB8971D6FBA80.d.E1D2B53D70A96F1949C2F21804327876.e.4171","ELEMENT":"f.7282C013035C06D49FAEB8971D6FBA80.d.E1D2B53D70A96F1949C2F21804327876.e.4171"}]}
COMMAND: POST /session/560a99258fce64537c5c695db0125fa5/element - {"using":"xpath","value":"(//span[contains(@id, \"imgNav\")])[1]"}
COMMAND: GET /session/560a99258fce64537c5c695db0125fa5/screenshot - {}
RESULT: {}
RESULT: {"using":"xpath","value":"(//span[contains(@id, \"imgNav\")])[1]"}
COMMAND: POST /session/560a99258fce64537c5c695db0125fa5/element/f.7282C013035C06D49FAEB8971D6FBA80.d.E1D2B53D70A96F1949C2F21804327876.e.4002/click - {}
RESULT: {}
RESULT: {}
COMMAND: GET /session/560a99258fce64537c5c695db0125fa5/screenshot - {}
RESULT: {}
COMMAND: POST /session/560a99258fce64537c5c695db0125fa5/element - {"using":"xpath","value":"//bdi[contains(text(), \"Edit\")]"}
RESULT: {"using":"xpath","value":"//bdi[contains(text(), \"Edit\")]"}
COMMAND: POST /session/560a99258fce64537c5c695db0125fa5/element/f.7282C013035C06D49FAEB8971D6FBA80.d.E1D2B53D70A96F1949C2F21804327876.e.4287/click - {}
RESULT: {}
COMMAND: GET /session/560a99258fce64537c5c695db0125fa5/screenshot - {}
RESULT: {}
COMMAND: POST /session/560a99258fce64537c5c695db0125fa5/execute/async - {"script":"<script> [1562 bytes]","args":[{"selector":{"controlType":"sap.m.Button","viewName":"etm.portal.ui.addressmanagement.view.EditDetail","properties":{"text":"Attachments (1)"},"interaction":{"idSuffix":"BDI-content"}},"wdio_ui5_key":"etmportal.ui.addressmanagement.view.EditDetailsap.m.Button{\"text\":\"Attachments (1)\"}"}]}
RESULT: {"script":"<script> [1562 bytes]","args":[{"selector":{"controlType":"sap.m.Button","viewName":"etm.portal.ui.addressmanagement.view.EditDetail","properties":{"text":"Attachments (1)"},"interaction":{"idSuffix":"BDI-content"}},"wdio_ui5_key":"etmportal.ui.addressmanagement.view.EditDetailsap.m.Button{\"text\":\"Attachments (1)\"}"}]}
RESULT: undefined
COMMAND: POST /session/560a99258fce64537c5c695db0125fa5/element - {"using":"xpath","value":"//*[@id=\"__xmlview62--ObjectPageLayout-anchBar-__xmlview62--attachments-anchor\"]"}
RESULT: {"using":"xpath","value":"//*[@id=\"__xmlview62--ObjectPageLayout-anchBar-__xmlview62--attachments-anchor\"]"}
COMMAND: POST /session/560a99258fce64537c5c695db0125fa5/element/f.7282C013035C06D49FAEB8971D6FBA80.d.E1D2B53D70A96F1949C2F21804327876.e.4325/click - {}
RESULT: {}
COMMAND: GET /session/560a99258fce64537c5c695db0125fa5/screenshot - {}
RESULT: {}
COMMAND: POST /session/560a99258fce64537c5c695db0125fa5/execute/async - {"script":"<script> [1562 bytes]","args":[{"selector":{"controlType":"sap.ui.core.Icon","viewName":"etm.portal.ui.addressmanagement.view.EditDetail","properties":{"src":{"regex":{"source":"decline"}}}},"wdio_ui5_key":"etmportal.ui.addressmanagement.view.EditDetailsap.ui.core.Icon{\"src\":{\"regex\":{\"source\":\"decline\"}}}"}]}
RESULT: {"script":"<script> [1562 bytes]","args":[{"selector":{"controlType":"sap.ui.core.Icon","viewName":"etm.portal.ui.addressmanagement.view.EditDetail","properties":{"src":{"regex":{"source":"decline"}}}},"wdio_ui5_key":"etmportal.ui.addressmanagement.view.EditDetailsap.ui.core.Icon{\"src\":{\"regex\":{\"source\":\"decline\"}}}"}]}
RESULT: undefined
COMMAND: POST /session/560a99258fce64537c5c695db0125fa5/element - {"using":"xpath","value":"//*[@id=\"__item862-__set10-0-deleteButton-img\"]"}
RESULT: {"using":"xpath","value":"//*[@id=\"__item862-__set10-0-deleteButton-img\"]"}
COMMAND: POST /session/560a99258fce64537c5c695db0125fa5/element/f.7282C013035C06D49FAEB8971D6FBA80.d.E1D2B53D70A96F1949C2F21804327876.e.4331/click - {}
RESULT: {}
COMMAND: GET /session/560a99258fce64537c5c695db0125fa5/screenshot - {}
RESULT: {}
COMMAND: POST /session/560a99258fce64537c5c695db0125fa5/element - {"using":"xpath","value":"//bdi[contains(text(), \"OK\")]"}
RESULT: {"using":"xpath","value":"//bdi[contains(text(), \"OK\")]"}
COMMAND: POST /session/560a99258fce64537c5c695db0125fa5/element/f.7282C013035C06D49FAEB8971D6FBA80.d.E1D2B53D70A96F1949C2F21804327876.e.4334/click - {}
RESULT: {}
COMMAND: GET /session/560a99258fce64537c5c695db0125fa5/screenshot - {}
RESULT: {}
COMMAND: POST /session/560a99258fce64537c5c695db0125fa5/element - {"using":"xpath","value":"//button[@data-kt=\"saveButton\"]"}
RESULT: {"using":"xpath","value":"//button[@data-kt=\"saveButton\"]"}
COMMAND: POST /session/560a99258fce64537c5c695db0125fa5/element/f.7282C013035C06D49FAEB8971D6FBA80.d.E1D2B53D70A96F1949C2F21804327876.e.4356/click - {}
RESULT: {}
COMMAND: GET /session/560a99258fce64537c5c695db0125fa5/screenshot - {}
RESULT: {}
RESULT: undefined
COMMAND: POST /session/560a99258fce64537c5c695db0125fa5/element - {"using":"xpath","value":"//*[@id=\"application-addressmanagement-display-component---detailAdm--ObjectPageLayout-anchBar-application-addressmanagement-display-component---detailAdm--attachments-anchor\"]"}
RESULT: {"using":"xpath","value":"//*[@id=\"application-addressmanagement-display-component---detailAdm--ObjectPageLayout-anchBar-application-addressmanagement-display-component---detailAdm--attachments-anchor\"]"}
COMMAND: POST /session/560a99258fce64537c5c695db0125fa5/element/f.7282C013035C06D49FAEB8971D6FBA80.d.E1D2B53D70A96F1949C2F21804327876.e.4363/click - {}
RESULT: {}
COMMAND: GET /session/560a99258fce64537c5c695db0125fa5/screenshot - {}
RESULT: {}
RESULT: undefined
COMMAND: POST /session/560a99258fce64537c5c695db0125fa5/execute/async - {"script":"<script> [6424 bytes]","args":[{"element-6066-11e4-a52e-4f735466cecf":"f.7282C013035C06D49FAEB8971D6FBA80.d.E1D2B53D70A96F1949C2F21804327876.e.3702"},"getTitle",[]]}
COMMAND: POST /session/560a99258fce64537c5c695db0125fa5/execute/async - {"script":"<script> [1562 bytes]","args":[{"selector":{"id":"application-addressmanagement-display-component---detailAdm--attachments"},"wdio_ui5_key":"applicationaddressmanagement-display-component---detailAdm--attachments"}]}
RESULT: {"script":"<script> [1562 bytes]","args":[{"selector":{"id":"application-addressmanagement-display-component---detailAdm--attachments"},"wdio_ui5_key":"applicationaddressmanagement-display-component---detailAdm--attachments"}]}
COMMAND: POST /session/560a99258fce64537c5c695db0125fa5/execute/async - {"script":"<script> [6424 bytes]","args":[{"element-6066-11e4-a52e-4f735466cecf":"f.7282C013035C06D49FAEB8971D6FBA80.d.E1D2B53D70A96F1949C2F21804327876.e.4276"},"getTitle",[]]}
RESULT: {"script":"<script> [6424 bytes]","args":[{"element-6066-11e4-a52e-4f735466cecf":"f.7282C013035C06D49FAEB8971D6FBA80.d.E1D2B53D70A96F1949C2F21804327876.e.4276"},"getTitle",[]]}
COMMAND: POST /session/560a99258fce64537c5c695db0125fa5/element - {"using":"css selector","value":"#shell-header-logo"}
RESULT: {"using":"css selector","value":"#shell-header-logo"}
COMMAND: POST /session/560a99258fce64537c5c695db0125fa5/element/f.7282C013035C06D49FAEB8971D6FBA80.d.E1D2B53D70A96F1949C2F21804327876.e.3805/click - {}
RESULT: {}
COMMAND: GET /session/560a99258fce64537c5c695db0125fa5/screenshot - {}
RESULT: {}
COMMAND: GET /session/560a99258fce64537c5c695db0125fa5/screenshot - {}
RESULT: {}
COMMAND: DELETE /session/560a99258fce64537c5c695db0125fa5 - {}
RESULT: {}
]]></system-out>
    </testcase>
  </testsuite>
</testsuites>